<?xml version="1.0" encoding="UTF-8"?>
<testsuites name="collect payments cash" time="34.826" tests="1" failures="0" errors="0">
   <testsuite name="collect payments cash" tests="1" failures="0" errors="0" time="34.826" skipped="0" timestamp="23-01-2025T11:17:30" hostname="marco - marco-SATELLITE-PRO-C50-K" id="Test Suites/FD/Account profile/collect payments cash">
      <properties>
         <property name="deviceName" value=""/>
         <property name="devicePlatform"/>
         <property name="logFolder" value="/home/marco/git/AUTOMATION_LS/Reports/20250123_111725/FD/Account profile/collect payments cash/20250123_111725"/>
         <property name="logFiles" value="/home/marco/git/AUTOMATION_LS/Reports/20250123_111725/FD/Account profile/collect payments cash/20250123_111725/execution0.log"/>
         <property name="attachments" value=""/>
         <property name="hostName" value="marco - marco-SATELLITE-PRO-C50-K"/>
         <property name="os" value="Linux 64bit"/>
         <property name="katalonVersion" value="10.0.0.223"/>
         <property name="browser" value="Chrome 132.0.0.0"/>
         <property name="hostAddress" value="127.0.1.1"/>
         <property name="sessionId" value="4f8dec9af14ecc446341d9d0b800db9e"/>
         <property name="seleniumVersion" value="4.22.0"/>
         <property name="proxyInformation" value="ProxyInformation { proxyOption=NO_PROXY, proxyServerType=HTTP, username=, password=********, proxyServerAddress=, proxyServerPort=0, executionList=&quot;&quot;, isApplyToDesiredCapabilities=true }"/>
         <property name="platform" value="Linux"/>
      </properties>
      <testcase name="Test Cases/Specific Cases/FD/ACCOUNT PROFILE/COLLECT_PAYMENTS/Account profile - collect payment cash" time="34.592" classname="Test Cases/Specific Cases/FD/ACCOUNT PROFILE/COLLECT_PAYMENTS/Account profile - collect payment cash" status="PASSED">
         <system-out><![CDATA[23-01-2025T11:17:31 - [TEST_CASE][PASSED] - Test Cases/Specific Cases/FD/ACCOUNT PROFILE/COLLECT_PAYMENTS/Account profile - collect payment cash: Test Cases/Specific Cases/FD/ACCOUNT PROFILE/COLLECT_PAYMENTS/Account profile - collect payment cash

23-01-2025T11:17:31 - [TEST_STEP][PASSED] - callTestCase(findTestCase("Common Cases/Login"), [:], STOP_ON_FAILURE): Call Test Case 'Test Cases/Common Cases/Login' successfully

23-01-2025T11:17:31 - [TEST_CASE][PASSED] - Test Cases/Common Cases/Login: Test Cases/Common Cases/Login

23-01-2025T11:17:31 - [TEST_STEP][PASSED] - openBrowser(""): Browser is opened with url: ''

23-01-2025T11:17:31 - [MESSAGE][INFO] - Starting 'Chrome' driver

23-01-2025T11:17:31 - [MESSAGE][INFO] - Action delay is set to 0 milliseconds

23-01-2025T11:17:34 - [MESSAGE][PASSED] - Browser is opened with url: ''

23-01-2025T11:17:34 - [TEST_STEP][PASSED] - maximizeWindow(): Current window maximized

23-01-2025T11:17:34 - [MESSAGE][PASSED] - Current window maximized

23-01-2025T11:17:34 - [TEST_STEP][PASSED] - navigateToUrl("https://site17.lsapp.cloud/auth/login"): Navigate to 'https://site17.lsapp.cloud/auth/login' successfully

23-01-2025T11:17:37 - [MESSAGE][PASSED] - Navigate to 'https://site17.lsapp.cloud/auth/login' successfully

23-01-2025T11:17:37 - [TEST_STEP][PASSED] - setText(findTestObject("Object Repository/Common Cases Repository/Login/Page_Lightning Step/input_Email_email"), "automation@lightningstep.com"): Text 'automation@lightningstep.com' is set on object 'Object Repository/Common Cases Repository/Login/Page_Lightning Step/input_Email_email'

23-01-2025T11:17:38 - [MESSAGE][PASSED] - Text 'automation@lightningstep.com' is set on object 'Object Repository/Common Cases Repository/Login/Page_Lightning Step/input_Email_email'

23-01-2025T11:17:38 - [TEST_STEP][PASSED] - setEncryptedText(findTestObject("Object Repository/Common Cases Repository/Login/Page_Lightning Step/input_Password_password"), "e5N8VHmnhJDITtQaQhDQDw=="): Text ****** has been set on object 'Object Repository/Common Cases Repository/Login/Page_Lightning Step/input_Password_password'

23-01-2025T11:17:38 - [MESSAGE][PASSED] - Text ****** has been set on object 'Object Repository/Common Cases Repository/Login/Page_Lightning Step/input_Password_password'

23-01-2025T11:17:38 - [TEST_STEP][PASSED] - click(findTestObject("Object Repository/Common Cases Repository/Login/Page_Lightning Step/button_Sign in")): Object: 'Object Repository/Common Cases Repository/Login/Page_Lightning Step/button_Sign in' is clicked on

23-01-2025T11:17:43 - [MESSAGE][PASSED] - Object: 'Object Repository/Common Cases Repository/Login/Page_Lightning Step/button_Sign in' is clicked on

23-01-2025T11:17:43 - [MESSAGE][PASSED] - Call Test Case 'Test Cases/Common Cases/Login' successfully

23-01-2025T11:17:44 - [TEST_STEP][PASSED] - maximizeWindow(): Current window maximized

23-01-2025T11:17:44 - [MESSAGE][PASSED] - Current window maximized

23-01-2025T11:17:44 - [TEST_STEP][PASSED] - click(findTestObject("Object Repository/Specific Cases Repository/LS/Home/Census/Advance_Census/Filter/Page_Home/a_Census")): Object: 'Object Repository/Specific Cases Repository/LS/Home/Census/Advance_Census/Filter/Page_Home/a_Census' is clicked on

23-01-2025T11:17:44 - [MESSAGE][PASSED] - Object: 'Object Repository/Specific Cases Repository/LS/Home/Census/Advance_Census/Filter/Page_Home/a_Census' is clicked on

23-01-2025T11:17:44 - [TEST_STEP][PASSED] - click(findTestObject("Object Repository/Specific Cases Repository/FD/ACCOUNT PROFILE/COLLECT_PAYMENTS/Page_Home/a_A Automation, A Client")): Object: 'Object Repository/Specific Cases Repository/FD/ACCOUNT PROFILE/COLLECT_PAYMENTS/Page_Home/a_A Automation, A Client' is clicked on

23-01-2025T11:17:53 - [MESSAGE][PASSED] - Object: 'Object Repository/Specific Cases Repository/FD/ACCOUNT PROFILE/COLLECT_PAYMENTS/Page_Home/a_A Automation, A Client' is clicked on

23-01-2025T11:17:53 - [TEST_STEP][PASSED] - navigateToUrl("https://site17.lsapp.cloud/account/1672"): Navigate to 'https://site17.lsapp.cloud/account/1672' successfully

23-01-2025T11:17:57 - [MESSAGE][PASSED] - Navigate to 'https://site17.lsapp.cloud/account/1672' successfully

23-01-2025T11:17:57 - [TEST_STEP][PASSED] - click(findTestObject("Specific Cases Repository/FD/ACCOUNT PROFILE/COLLECT_PAYMENTS/CollectPaymentBttn")): Object: 'Object Repository/Specific Cases Repository/FD/ACCOUNT PROFILE/COLLECT_PAYMENTS/CollectPaymentBttn' is clicked on

23-01-2025T11:17:57 - [MESSAGE][PASSED] - Object: 'Object Repository/Specific Cases Repository/FD/ACCOUNT PROFILE/COLLECT_PAYMENTS/CollectPaymentBttn' is clicked on

23-01-2025T11:17:57 - [TEST_STEP][PASSED] - click(findTestObject("Object Repository/Specific Cases Repository/FD/ACCOUNT PROFILE/COLLECT_PAYMENTS/Page_Account Profile/input_Payor_payorname")): Object: 'Object Repository/Specific Cases Repository/FD/ACCOUNT PROFILE/COLLECT_PAYMENTS/Page_Account Profile/input_Payor_payorname' is clicked on

23-01-2025T11:17:58 - [MESSAGE][PASSED] - Object: 'Object Repository/Specific Cases Repository/FD/ACCOUNT PROFILE/COLLECT_PAYMENTS/Page_Account Profile/input_Payor_payorname' is clicked on

23-01-2025T11:17:58 - [TEST_STEP][PASSED] - click(findTestObject("Object Repository/Specific Cases Repository/FD/ACCOUNT PROFILE/COLLECT_PAYMENTS/Page_Account Profile/div_A Client A Automation")): Object: 'Object Repository/Specific Cases Repository/FD/ACCOUNT PROFILE/COLLECT_PAYMENTS/Page_Account Profile/div_A Client A Automation' is clicked on

23-01-2025T11:17:59 - [MESSAGE][PASSED] - Object: 'Object Repository/Specific Cases Repository/FD/ACCOUNT PROFILE/COLLECT_PAYMENTS/Page_Account Profile/div_A Client A Automation' is clicked on

23-01-2025T11:17:59 - [TEST_STEP][PASSED] - setText(findTestObject("Object Repository/Specific Cases Repository/FD/ACCOUNT PROFILE/COLLECT_PAYMENTS/Page_Account Profile/input_Amount_lineamount"), "100"): Text '100' is set on object 'Object Repository/Specific Cases Repository/FD/ACCOUNT PROFILE/COLLECT_PAYMENTS/Page_Account Profile/input_Amount_lineamount'

23-01-2025T11:18:00 - [MESSAGE][PASSED] - Text '100' is set on object 'Object Repository/Specific Cases Repository/FD/ACCOUNT PROFILE/COLLECT_PAYMENTS/Page_Account Profile/input_Amount_lineamount'

23-01-2025T11:18:00 - [TEST_STEP][PASSED] - scrollToPosition(0, 120): Browser is scrolled to position x = 0, y = 120

23-01-2025T11:18:00 - [MESSAGE][PASSED] - Browser is scrolled to position x = 0, y = 120

23-01-2025T11:18:00 - [TEST_STEP][PASSED] - click(findTestObject("Object Repository/Specific Cases Repository/FD/ACCOUNT PROFILE/COLLECT_PAYMENTS/Page_Account Profile/button_Save")): Object: 'Object Repository/Specific Cases Repository/FD/ACCOUNT PROFILE/COLLECT_PAYMENTS/Page_Account Profile/button_Save' is clicked on

23-01-2025T11:18:05 - [MESSAGE][PASSED] - Object: 'Object Repository/Specific Cases Repository/FD/ACCOUNT PROFILE/COLLECT_PAYMENTS/Page_Account Profile/button_Save' is clicked on

23-01-2025T11:18:05 - [TEST_STEP][PASSED] - closeBrowser(): Browser is closed

23-01-2025T11:18:05 - [MESSAGE][PASSED] - Browser is closed]]></system-out>
         <system-err><![CDATA[]]></system-err>
      </testcase>
      <system-out><![CDATA[23-01-2025T11:17:30 - [TEST_SUITE][PASSED] - collect payments cash: Test Cases/Specific Cases/FD/ACCOUNT PROFILE/COLLECT_PAYMENTS/Account profile - collect payment cash]]></system-out>
      <system-err><![CDATA[]]></system-err>
   </testsuite>
</testsuites>
