<?xml version="1.0" encoding="UTF-8"?>
<testsuites name="Client Profile" time="1293.719" tests="29" failures="9" errors="0">
   <testsuite name="Client Profile" tests="29" failures="9" errors="0" time="1293.719" skipped="0" timestamp="04-12-2024T17:58:16" hostname="Enrique - Enrique" id="Test Suites/LS/Client Profile/Client Profile">
      <properties>
         <property name="deviceName" value=""/>
         <property name="devicePlatform"/>
         <property name="logFolder" value="C:\\Users\\Enrique\\git\\AUTOMATION_LS\\Reports\\20241204_175739\\LS\\Client Profile\\Client Profile\\20241204_175748"/>
         <property name="logFiles" value="C:\\Users\\Enrique\\git\\AUTOMATION_LS\\Reports\\20241204_175739\\LS\\Client Profile\\Client Profile\\20241204_175748\\execution0.log"/>
         <property name="attachments" value="C:\\Users\\Enrique\\git\\AUTOMATION_LS\\Reports\\20241204_175739\\LS\\Client Profile\\Client Profile\\20241204_175748\\1733353162319.png, C:\\Users\\Enrique\\git\\AUTOMATION_LS\\Reports\\20241204_175739\\LS\\Client Profile\\Client Profile\\20241204_175748\\1733353309414.png, C:\\Users\\Enrique\\git\\AUTOMATION_LS\\Reports\\20241204_175739\\LS\\Client Profile\\Client Profile\\20241204_175748\\1733353388614.png, C:\\Users\\Enrique\\git\\AUTOMATION_LS\\Reports\\20241204_175739\\LS\\Client Profile\\Client Profile\\20241204_175748\\1733353388767.png, C:\\Users\\Enrique\\git\\AUTOMATION_LS\\Reports\\20241204_175739\\LS\\Client Profile\\Client Profile\\20241204_175748\\1733353666789.png, C:\\Users\\Enrique\\git\\AUTOMATION_LS\\Reports\\20241204_175739\\LS\\Client Profile\\Client Profile\\20241204_175748\\1733353716578.png, C:\\Users\\Enrique\\git\\AUTOMATION_LS\\Reports\\20241204_175739\\LS\\Client Profile\\Client Profile\\20241204_175748\\1733353819823.png, C:\\Users\\Enrique\\git\\AUTOMATION_LS\\Reports\\20241204_175739\\LS\\Client Profile\\Client Profile\\20241204_175748\\1733353819985.png, C:\\Users\\Enrique\\git\\AUTOMATION_LS\\Reports\\20241204_175739\\LS\\Client Profile\\Client Profile\\20241204_175748\\1733354339949.png, C:\\Users\\Enrique\\git\\AUTOMATION_LS\\Reports\\20241204_175739\\LS\\Client Profile\\Client Profile\\20241204_175748\\1733354340111.png, C:\\Users\\Enrique\\git\\AUTOMATION_LS\\Reports\\20241204_175739\\LS\\Client Profile\\Client Profile\\20241204_175748\\1733354389834.png, C:\\Users\\Enrique\\git\\AUTOMATION_LS\\Reports\\20241204_175739\\LS\\Client Profile\\Client Profile\\20241204_175748\\1733354389971.png"/>
         <property name="hostName" value="Enrique - Enrique"/>
         <property name="os" value="Windows 11 64bit"/>
         <property name="katalonVersion" value="9.7.3.223"/>
         <property name="browser" value="Chrome 131.0.0.0"/>
         <property name="hostAddress" value="192.168.100.147"/>
         <property name="sessionId" value="c573dc36f107a0c5d2e38b88eff87e3f"/>
         <property name="seleniumVersion" value="3.141.59"/>
         <property name="proxyInformation" value="ProxyInformation { proxyOption=NO_PROXY, proxyServerType=HTTP, username=, password=********, proxyServerAddress=, proxyServerPort=0, executionList=&quot;&quot;, isApplyToDesiredCapabilities=true }"/>
         <property name="platform" value="Windows 11"/>
      </properties>
      <testcase name="Test Cases/Specific Cases/LS/Client Profile/Allergies-Vitals-Labs/Allergies" time="66.035" classname="Test Cases/Specific Cases/LS/Client Profile/Allergies-Vitals-Labs/Allergies" status="FAILED">
         <failure type="FAILED" message="Test Cases/Specific Cases/LS/Client Profile/Allergies-Vitals-Labs/Allergies FAILED.&#xa;Reason:&#xa;com.kms.katalon.core.exception.StepFailedException: Unable to click on object 'Object Repository/Specific Cases Repository/LS/Client Profile/Allergies-Vitals-Labs/Allergies/Page_Client Profile/b'&#xa;	at com.kms.katalon.core.webui.keyword.internal.WebUIKeywordMain.stepFailed(WebUIKeywordMain.groovy:117)&#xa;	at com.kms.katalon.core.webui.keyword.internal.WebUIKeywordMain.runKeyword(WebUIKeywordMain.groovy:43)&#xa;	at com.kms.katalon.core.webui.keyword.builtin.ClickKeyword.click(ClickKeyword.groovy:74)&#xa;	at com.kms.katalon.core.webui.keyword.builtin.ClickKeyword.execute(ClickKeyword.groovy:40)&#xa;	at com.kms.katalon.core.keyword.internal.KeywordExecutor.executeKeywordForPlatform(KeywordExecutor.groovy:74)&#xa;	at com.kms.katalon.core.webui.keyword.WebUiBuiltInKeywords.click(WebUiBuiltInKeywords.groovy:659)&#xa;	at Allergies.run(Allergies:35)&#xa;	at com.kms.katalon.core.main.ScriptEngine.run(ScriptEngine.java:194)&#xa;	at com.kms.katalon.core.main.ScriptEngine.runScriptAsRawText(ScriptEngine.java:119)&#xa;	at com.kms.katalon.core.main.TestCaseExecutor.runScript(TestCaseExecutor.java:448)&#xa;	at com.kms.katalon.core.main.TestCaseExecutor.doExecute(TestCaseExecutor.java:439)&#xa;	at com.kms.katalon.core.main.TestCaseExecutor.processExecutionPhase(TestCaseExecutor.java:418)&#xa;	at com.kms.katalon.core.main.TestCaseExecutor.accessMainPhase(TestCaseExecutor.java:410)&#xa;	at com.kms.katalon.core.main.TestCaseExecutor.execute(TestCaseExecutor.java:285)&#xa;	at com.kms.katalon.core.common.CommonExecutor.accessTestCaseMainPhase(CommonExecutor.java:65)&#xa;	at com.kms.katalon.core.main.TestSuiteExecutor.accessTestSuiteMainPhase(TestSuiteExecutor.java:150)&#xa;	at com.kms.katalon.core.main.TestSuiteExecutor.execute(TestSuiteExecutor.java:106)&#xa;	at com.kms.katalon.core.main.TestCaseMain.startTestSuite(TestCaseMain.java:180)&#xa;	at TempTestSuite1733353068935.run(TempTestSuite1733353068935.groovy:35)&#xa;	at java.base/jdk.internal.reflect.NativeMethodAccessorImpl.invoke0(Native Method)&#xa;	at java.base/jdk.internal.reflect.NativeMethodAccessorImpl.invoke(NativeMethodAccessorImpl.java:77)&#xa;	at java.base/jdk.internal.reflect.DelegatingMethodAccessorImpl.invoke(DelegatingMethodAccessorImpl.java:43)&#xa;Caused by: com.kms.katalon.core.webui.exception.WebElementNotFoundException: Web element with id: 'Object Repository/Specific Cases Repository/LS/Client Profile/Allergies-Vitals-Labs/Allergies/Page_Client Profile/b' located by '//div[@id='mdl_allergy_add']/div/div/div[2]/div/div[2]/div/span/span/span/span[2]/b' not found&#xa;	at com.kms.katalon.core.webui.common.WebUiCommonHelper.findWebElement(WebUiCommonHelper.java:1423)&#xa;	at com.kms.katalon.core.webui.keyword.internal.WebUIAbstractKeyword.findWebElement(WebUIAbstractKeyword.groovy:27)&#xa;	at com.kms.katalon.core.webui.keyword.builtin.ClickKeyword$_click_closure1.doCall(ClickKeyword.groovy:65)&#xa;	at com.kms.katalon.core.webui.keyword.builtin.ClickKeyword$_click_closure1.call(ClickKeyword.groovy)&#xa;	at com.kms.katalon.core.webui.keyword.internal.WebUIKeywordMain.runKeyword(WebUIKeywordMain.groovy:35)&#xa;	... 20 more&#xa;"/>
         <system-out><![CDATA[04-12-2024T17:58:16 - [TEST_CASE][FAILED] - Test Cases/Specific Cases/LS/Client Profile/Allergies-Vitals-Labs/Allergies: Test Cases/Specific Cases/LS/Client Profile/Allergies-Vitals-Labs/Allergies FAILED.
Reason:
com.kms.katalon.core.exception.StepFailedException: Unable to click on object 'Object Repository/Specific Cases Repository/LS/Client Profile/Allergies-Vitals-Labs/Allergies/Page_Client Profile/b'
	at com.kms.katalon.core.webui.keyword.internal.WebUIKeywordMain.stepFailed(WebUIKeywordMain.groovy:117)
	at com.kms.katalon.core.webui.keyword.internal.WebUIKeywordMain.runKeyword(WebUIKeywordMain.groovy:43)
	at com.kms.katalon.core.webui.keyword.builtin.ClickKeyword.click(ClickKeyword.groovy:74)
	at com.kms.katalon.core.webui.keyword.builtin.ClickKeyword.execute(ClickKeyword.groovy:40)
	at com.kms.katalon.core.keyword.internal.KeywordExecutor.executeKeywordForPlatform(KeywordExecutor.groovy:74)
	at com.kms.katalon.core.webui.keyword.WebUiBuiltInKeywords.click(WebUiBuiltInKeywords.groovy:659)
	at Allergies.run(Allergies:35)
	at com.kms.katalon.core.main.ScriptEngine.run(ScriptEngine.java:194)
	at com.kms.katalon.core.main.ScriptEngine.runScriptAsRawText(ScriptEngine.java:119)
	at com.kms.katalon.core.main.TestCaseExecutor.runScript(TestCaseExecutor.java:448)
	at com.kms.katalon.core.main.TestCaseExecutor.doExecute(TestCaseExecutor.java:439)
	at com.kms.katalon.core.main.TestCaseExecutor.processExecutionPhase(TestCaseExecutor.java:418)
	at com.kms.katalon.core.main.TestCaseExecutor.accessMainPhase(TestCaseExecutor.java:410)
	at com.kms.katalon.core.main.TestCaseExecutor.execute(TestCaseExecutor.java:285)
	at com.kms.katalon.core.common.CommonExecutor.accessTestCaseMainPhase(CommonExecutor.java:65)
	at com.kms.katalon.core.main.TestSuiteExecutor.accessTestSuiteMainPhase(TestSuiteExecutor.java:150)
	at com.kms.katalon.core.main.TestSuiteExecutor.execute(TestSuiteExecutor.java:106)
	at com.kms.katalon.core.main.TestCaseMain.startTestSuite(TestCaseMain.java:180)
	at TempTestSuite1733353068935.run(TempTestSuite1733353068935.groovy:35)
	at java.base/jdk.internal.reflect.NativeMethodAccessorImpl.invoke0(Native Method)
	at java.base/jdk.internal.reflect.NativeMethodAccessorImpl.invoke(NativeMethodAccessorImpl.java:77)
	at java.base/jdk.internal.reflect.DelegatingMethodAccessorImpl.invoke(DelegatingMethodAccessorImpl.java:43)
Caused by: com.kms.katalon.core.webui.exception.WebElementNotFoundException: Web element with id: 'Object Repository/Specific Cases Repository/LS/Client Profile/Allergies-Vitals-Labs/Allergies/Page_Client Profile/b' located by '//div[@id='mdl_allergy_add']/div/div/div[2]/div/div[2]/div/span/span/span/span[2]/b' not found
	at com.kms.katalon.core.webui.common.WebUiCommonHelper.findWebElement(WebUiCommonHelper.java:1423)
	at com.kms.katalon.core.webui.keyword.internal.WebUIAbstractKeyword.findWebElement(WebUIAbstractKeyword.groovy:27)
	at com.kms.katalon.core.webui.keyword.builtin.ClickKeyword$_click_closure1.doCall(ClickKeyword.groovy:65)
	at com.kms.katalon.core.webui.keyword.builtin.ClickKeyword$_click_closure1.call(ClickKeyword.groovy)
	at com.kms.katalon.core.webui.keyword.internal.WebUIKeywordMain.runKeyword(WebUIKeywordMain.groovy:35)
	... 20 more


04-12-2024T17:58:17 - [TEST_STEP][PASSED] - callTestCase(findTestCase("Common Cases/Login"), [:], STOP_ON_FAILURE): Call Test Case 'Test Cases/Common Cases/Login' successfully

04-12-2024T17:58:17 - [TEST_CASE][PASSED] - Test Cases/Common Cases/Login: Test Cases/Common Cases/Login

04-12-2024T17:58:17 - [TEST_STEP][PASSED] - openBrowser(""): Browser is opened with url: ''

04-12-2024T17:58:18 - [MESSAGE][INFO] - Starting 'Chrome' driver

04-12-2024T17:58:19 - [MESSAGE][INFO] - Action delay is set to 0 milliseconds

04-12-2024T17:58:22 - [MESSAGE][PASSED] - Browser is opened with url: ''

04-12-2024T17:58:22 - [TEST_STEP][PASSED] - maximizeWindow(): Current window maximized

04-12-2024T17:58:22 - [MESSAGE][PASSED] - Current window maximized

04-12-2024T17:58:22 - [TEST_STEP][PASSED] - navigateToUrl("https://site17.lsapp.cloud/auth/login"): Navigate to 'https://site17.lsapp.cloud/auth/login' successfully

04-12-2024T17:58:26 - [MESSAGE][PASSED] - Navigate to 'https://site17.lsapp.cloud/auth/login' successfully

04-12-2024T17:58:26 - [TEST_STEP][PASSED] - setText(findTestObject("Object Repository/Common Cases Repository/Login/Page_Lightning Step/input_Email_email"), "automation@lightningstep.com"): Text 'automation@lightningstep.com' is set on object 'Object Repository/Common Cases Repository/Login/Page_Lightning Step/input_Email_email'

04-12-2024T17:58:27 - [MESSAGE][PASSED] - Text 'automation@lightningstep.com' is set on object 'Object Repository/Common Cases Repository/Login/Page_Lightning Step/input_Email_email'

04-12-2024T17:58:27 - [TEST_STEP][PASSED] - setEncryptedText(findTestObject("Object Repository/Common Cases Repository/Login/Page_Lightning Step/input_Password_password"), "e5N8VHmnhJDITtQaQhDQDw=="): Text ****** has been set on object 'Object Repository/Common Cases Repository/Login/Page_Lightning Step/input_Password_password'

04-12-2024T17:58:27 - [MESSAGE][PASSED] - Text ****** has been set on object 'Object Repository/Common Cases Repository/Login/Page_Lightning Step/input_Password_password'

04-12-2024T17:58:27 - [TEST_STEP][PASSED] - click(findTestObject("Object Repository/Common Cases Repository/Login/Page_Lightning Step/button_Sign in")): Object: 'Object Repository/Common Cases Repository/Login/Page_Lightning Step/button_Sign in' is clicked on

04-12-2024T17:58:32 - [MESSAGE][PASSED] - Object: 'Object Repository/Common Cases Repository/Login/Page_Lightning Step/button_Sign in' is clicked on

04-12-2024T17:58:32 - [MESSAGE][PASSED] - Call Test Case 'Test Cases/Common Cases/Login' successfully

04-12-2024T17:58:32 - [TEST_STEP][PASSED] - click(findTestObject("Object Repository/Specific Cases Repository/LS/Client Profile/Allergies-Vitals-Labs/Allergies/Page_Home/a_Census")): Object: 'Object Repository/Specific Cases Repository/LS/Client Profile/Allergies-Vitals-Labs/Allergies/Page_Home/a_Census' is clicked on

04-12-2024T17:58:34 - [MESSAGE][PASSED] - Object: 'Object Repository/Specific Cases Repository/LS/Client Profile/Allergies-Vitals-Labs/Allergies/Page_Home/a_Census' is clicked on

04-12-2024T17:58:34 - [TEST_STEP][PASSED] - click(findTestObject("Object Repository/Specific Cases Repository/LS/Client Profile/Allergies-Vitals-Labs/Allergies/Page_Home/a_A Automation, A Client")): Object: 'Object Repository/Specific Cases Repository/LS/Client Profile/Allergies-Vitals-Labs/Allergies/Page_Home/a_A Automation, A Client' is clicked on

04-12-2024T17:58:42 - [MESSAGE][PASSED] - Object: 'Object Repository/Specific Cases Repository/LS/Client Profile/Allergies-Vitals-Labs/Allergies/Page_Home/a_A Automation, A Client' is clicked on

04-12-2024T17:58:42 - [TEST_STEP][PASSED] - click(findTestObject("Object Repository/Specific Cases Repository/LS/Client Profile/Allergies-Vitals-Labs/Allergies/Page_Client Profile/a_Allergies  Vitals  Labs")): Object: 'Object Repository/Specific Cases Repository/LS/Client Profile/Allergies-Vitals-Labs/Allergies/Page_Client Profile/a_Allergies  Vitals  Labs' is clicked on

04-12-2024T17:58:43 - [MESSAGE][PASSED] - Object: 'Object Repository/Specific Cases Repository/LS/Client Profile/Allergies-Vitals-Labs/Allergies/Page_Client Profile/a_Allergies  Vitals  Labs' is clicked on

04-12-2024T17:58:43 - [TEST_STEP][PASSED] - click(findTestObject("Object Repository/Specific Cases Repository/LS/Client Profile/Allergies-Vitals-Labs/Allergies/Page_Client Profile/h4_Allergies")): Object: 'Object Repository/Specific Cases Repository/LS/Client Profile/Allergies-Vitals-Labs/Allergies/Page_Client Profile/h4_Allergies' is clicked on

04-12-2024T17:58:44 - [MESSAGE][PASSED] - Object: 'Object Repository/Specific Cases Repository/LS/Client Profile/Allergies-Vitals-Labs/Allergies/Page_Client Profile/h4_Allergies' is clicked on

04-12-2024T17:58:44 - [TEST_STEP][PASSED] - click(findTestObject("Object Repository/Specific Cases Repository/LS/Client Profile/Allergies-Vitals-Labs/Allergies/Page_Client Profile/i_add")): Object: 'Object Repository/Specific Cases Repository/LS/Client Profile/Allergies-Vitals-Labs/Allergies/Page_Client Profile/i_add' is clicked on

04-12-2024T17:58:45 - [MESSAGE][PASSED] - Object: 'Object Repository/Specific Cases Repository/LS/Client Profile/Allergies-Vitals-Labs/Allergies/Page_Client Profile/i_add' is clicked on

04-12-2024T17:58:45 - [TEST_STEP][PASSED] - selectOptionByValue(findTestObject("Object Repository/Specific Cases Repository/LS/Client Profile/Allergies-Vitals-Labs/Allergies/Page_Client Profile/select_-- Please Select --                 _809191"), "Food", true): All options with value 'Food' are selected in object 'Object Repository/Specific Cases Repository/LS/Client Profile/Allergies-Vitals-Labs/Allergies/Page_Client Profile/select_-- Please Select --                 _809191'  using regular expression

04-12-2024T17:58:46 - [MESSAGE][PASSED] - All options with value 'Food' are selected in object 'Object Repository/Specific Cases Repository/LS/Client Profile/Allergies-Vitals-Labs/Allergies/Page_Client Profile/select_-- Please Select --                 _809191'  using regular expression

04-12-2024T17:58:46 - [TEST_STEP][FAILED] - click(findTestObject("Object Repository/Specific Cases Repository/LS/Client Profile/Allergies-Vitals-Labs/Allergies/Page_Client Profile/b")): Unable to click on object 'Object Repository/Specific Cases Repository/LS/Client Profile/Allergies-Vitals-Labs/Allergies/Page_Client Profile/b' (Root cause: com.kms.katalon.core.exception.StepFailedException: Unable to click on object 'Object Repository/Specific Cases Repository/LS/Client Profile/Allergies-Vitals-Labs/Allergies/Page_Client Profile/b'
	at com.kms.katalon.core.webui.keyword.internal.WebUIKeywordMain.stepFailed(WebUIKeywordMain.groovy:117)
	at com.kms.katalon.core.webui.keyword.internal.WebUIKeywordMain.runKeyword(WebUIKeywordMain.groovy:43)
	at com.kms.katalon.core.webui.keyword.builtin.ClickKeyword.click(ClickKeyword.groovy:74)
	at com.kms.katalon.core.webui.keyword.builtin.ClickKeyword.execute(ClickKeyword.groovy:40)
	at com.kms.katalon.core.keyword.internal.KeywordExecutor.executeKeywordForPlatform(KeywordExecutor.groovy:74)
	at com.kms.katalon.core.webui.keyword.WebUiBuiltInKeywords.click(WebUiBuiltInKeywords.groovy:659)
	at Allergies.run(Allergies:35)
	at com.kms.katalon.core.main.ScriptEngine.run(ScriptEngine.java:194)
	at com.kms.katalon.core.main.ScriptEngine.runScriptAsRawText(ScriptEngine.java:119)
	at com.kms.katalon.core.main.TestCaseExecutor.runScript(TestCaseExecutor.java:448)
	at com.kms.katalon.core.main.TestCaseExecutor.doExecute(TestCaseExecutor.java:439)
	at com.kms.katalon.core.main.TestCaseExecutor.processExecutionPhase(TestCaseExecutor.java:418)
	at com.kms.katalon.core.main.TestCaseExecutor.accessMainPhase(TestCaseExecutor.java:410)
	at com.kms.katalon.core.main.TestCaseExecutor.execute(TestCaseExecutor.java:285)
	at com.kms.katalon.core.common.CommonExecutor.accessTestCaseMainPhase(CommonExecutor.java:65)
	at com.kms.katalon.core.main.TestSuiteExecutor.accessTestSuiteMainPhase(TestSuiteExecutor.java:150)
	at com.kms.katalon.core.main.TestSuiteExecutor.execute(TestSuiteExecutor.java:106)
	at com.kms.katalon.core.main.TestCaseMain.startTestSuite(TestCaseMain.java:180)
	at TempTestSuite1733353068935.run(TempTestSuite1733353068935.groovy:35)
	at java.base/jdk.internal.reflect.NativeMethodAccessorImpl.invoke0(Native Method)
	at java.base/jdk.internal.reflect.NativeMethodAccessorImpl.invoke(NativeMethodAccessorImpl.java:77)
	at java.base/jdk.internal.reflect.DelegatingMethodAccessorImpl.invoke(DelegatingMethodAccessorImpl.java:43)
Caused by: com.kms.katalon.core.webui.exception.WebElementNotFoundException: Web element with id: 'Object Repository/Specific Cases Repository/LS/Client Profile/Allergies-Vitals-Labs/Allergies/Page_Client Profile/b' located by '//div[@id='mdl_allergy_add']/div/div/div[2]/div/div[2]/div/span/span/span/span[2]/b' not found
	at com.kms.katalon.core.webui.common.WebUiCommonHelper.findWebElement(WebUiCommonHelper.java:1423)
	at com.kms.katalon.core.webui.keyword.internal.WebUIAbstractKeyword.findWebElement(WebUIAbstractKeyword.groovy:27)
	at com.kms.katalon.core.webui.keyword.builtin.ClickKeyword$_click_closure1.doCall(ClickKeyword.groovy:65)
	at com.kms.katalon.core.webui.keyword.builtin.ClickKeyword$_click_closure1.call(ClickKeyword.groovy)
	at com.kms.katalon.core.webui.keyword.internal.WebUIKeywordMain.runKeyword(WebUIKeywordMain.groovy:35)
	at com.kms.katalon.core.webui.keyword.builtin.ClickKeyword.click(ClickKeyword.groovy:74)
	at com.kms.katalon.core.webui.keyword.builtin.ClickKeyword.execute(ClickKeyword.groovy:40)
	at com.kms.katalon.core.keyword.internal.KeywordExecutor.executeKeywordForPlatform(KeywordExecutor.groovy:74)
	at com.kms.katalon.core.webui.keyword.WebUiBuiltInKeywords.click(WebUiBuiltInKeywords.groovy:659)
	at Script1732050705775.run(Script1732050705775.groovy:35)
	... 15 more
)

04-12-2024T17:59:17 - [MESSAGE][INFO] - Unable to find the element located by 'By.xpath: //div[@id='mdl_allergy_add']/div/div/div[2]/div/div[2]/div/span/span/span/span[2]/b'. Please recheck the objects properties to make sure the desired element is located. 

04-12-2024T17:59:17 - [MESSAGE][WARNING] - [SELF-HEALING] Failed to find element with id 'Object Repository/Specific Cases Repository/LS/Client Profile/Allergies-Vitals-Labs/Allergies/Page_Client Profile/b'. Try using Self-healing.

04-12-2024T17:59:17 - [MESSAGE][INFO] - [SELF-HEALING] Failed Locator: '//div[@id='mdl_allergy_add']/div/div/div[2]/div/div[2]/div/span/span/span/span[2]/b'.

04-12-2024T17:59:18 - [MESSAGE][INFO] - [SELF-HEALING] Failed Locator: '//div[2]/div/div[2]/div/span/span/span/span[2]/b'.

04-12-2024T17:59:18 - [MESSAGE][INFO] - [SELF-HEALING] Failed Locator: '//div[@id='mdl_allergy_add']/div/div/div[2]/div/div[2]/div/span/span/span/span[2]/b'.

04-12-2024T17:59:18 - [MESSAGE][INFO] - [SELF-HEALING] Failed Locator: '//div[2]/div/div[2]/div/span/span/span/span[2]/b'.

04-12-2024T17:59:20 - [MESSAGE][INFO] - Unable to find the element located by 'By.xpath: id("mdl_allergy_add")/div[@class="modal-dialog"]/div[@class="modal-content"]/div[@class="modal-body"]/div[@class="row"]/div[@class="col-md-6"]/div[@class="form-group is-empty"]/span[@class="select2 select2-container select2-container--default select2-container--below select2-container--open"]/span[@class="selection"]/span[@class="select2-selection select2-selection--single"]/span[@class="select2-selection__arrow"]/b[1]'. Please recheck the objects properties to make sure the desired element is located. 

04-12-2024T17:59:22 - [MESSAGE][INFO] - Unable to find the element located by 'By.cssSelector: span.select2.select2-container.select2-container--default.select2-container--below.select2-container--open > span.selection > span.select2-selection.select2-selection--single > span.select2-selection__arrow > b'. Please recheck the objects properties to make sure the desired element is located. 

04-12-2024T17:59:22 - [MESSAGE][FAILED] - Unable to click on object 'Object Repository/Specific Cases Repository/LS/Client Profile/Allergies-Vitals-Labs/Allergies/Page_Client Profile/b' (Root cause: com.kms.katalon.core.exception.StepFailedException: Unable to click on object 'Object Repository/Specific Cases Repository/LS/Client Profile/Allergies-Vitals-Labs/Allergies/Page_Client Profile/b'
	at com.kms.katalon.core.webui.keyword.internal.WebUIKeywordMain.stepFailed(WebUIKeywordMain.groovy:117)
	at com.kms.katalon.core.webui.keyword.internal.WebUIKeywordMain.runKeyword(WebUIKeywordMain.groovy:43)
	at com.kms.katalon.core.webui.keyword.builtin.ClickKeyword.click(ClickKeyword.groovy:74)
	at com.kms.katalon.core.webui.keyword.builtin.ClickKeyword.execute(ClickKeyword.groovy:40)
	at com.kms.katalon.core.keyword.internal.KeywordExecutor.executeKeywordForPlatform(KeywordExecutor.groovy:74)
	at com.kms.katalon.core.webui.keyword.WebUiBuiltInKeywords.click(WebUiBuiltInKeywords.groovy:659)
	at Allergies.run(Allergies:35)
	at com.kms.katalon.core.main.ScriptEngine.run(ScriptEngine.java:194)
	at com.kms.katalon.core.main.ScriptEngine.runScriptAsRawText(ScriptEngine.java:119)
	at com.kms.katalon.core.main.TestCaseExecutor.runScript(TestCaseExecutor.java:448)
	at com.kms.katalon.core.main.TestCaseExecutor.doExecute(TestCaseExecutor.java:439)
	at com.kms.katalon.core.main.TestCaseExecutor.processExecutionPhase(TestCaseExecutor.java:418)
	at com.kms.katalon.core.main.TestCaseExecutor.accessMainPhase(TestCaseExecutor.java:410)
	at com.kms.katalon.core.main.TestCaseExecutor.execute(TestCaseExecutor.java:285)
	at com.kms.katalon.core.common.CommonExecutor.accessTestCaseMainPhase(CommonExecutor.java:65)
	at com.kms.katalon.core.main.TestSuiteExecutor.accessTestSuiteMainPhase(TestSuiteExecutor.java:150)
	at com.kms.katalon.core.main.TestSuiteExecutor.execute(TestSuiteExecutor.java:106)
	at com.kms.katalon.core.main.TestCaseMain.startTestSuite(TestCaseMain.java:180)
	at TempTestSuite1733353068935.run(TempTestSuite1733353068935.groovy:35)
	at java.base/jdk.internal.reflect.NativeMethodAccessorImpl.invoke0(Native Method)
	at java.base/jdk.internal.reflect.NativeMethodAccessorImpl.invoke(NativeMethodAccessorImpl.java:77)
	at java.base/jdk.internal.reflect.DelegatingMethodAccessorImpl.invoke(DelegatingMethodAccessorImpl.java:43)
Caused by: com.kms.katalon.core.webui.exception.WebElementNotFoundException: Web element with id: 'Object Repository/Specific Cases Repository/LS/Client Profile/Allergies-Vitals-Labs/Allergies/Page_Client Profile/b' located by '//div[@id='mdl_allergy_add']/div/div/div[2]/div/div[2]/div/span/span/span/span[2]/b' not found
	at com.kms.katalon.core.webui.common.WebUiCommonHelper.findWebElement(WebUiCommonHelper.java:1423)
	at com.kms.katalon.core.webui.keyword.internal.WebUIAbstractKeyword.findWebElement(WebUIAbstractKeyword.groovy:27)
	at com.kms.katalon.core.webui.keyword.builtin.ClickKeyword$_click_closure1.doCall(ClickKeyword.groovy:65)
	at com.kms.katalon.core.webui.keyword.builtin.ClickKeyword$_click_closure1.call(ClickKeyword.groovy)
	at com.kms.katalon.core.webui.keyword.internal.WebUIKeywordMain.runKeyword(WebUIKeywordMain.groovy:35)
	at com.kms.katalon.core.webui.keyword.builtin.ClickKeyword.click(ClickKeyword.groovy:74)
	at com.kms.katalon.core.webui.keyword.builtin.ClickKeyword.execute(ClickKeyword.groovy:40)
	at com.kms.katalon.core.keyword.internal.KeywordExecutor.executeKeywordForPlatform(KeywordExecutor.groovy:74)
	at com.kms.katalon.core.webui.keyword.WebUiBuiltInKeywords.click(WebUiBuiltInKeywords.groovy:659)
	at Script1732050705775.run(Script1732050705775.groovy:35)
	... 15 more
)
[[ATTACHMENT|C:\\Users\\Enrique\\git\\AUTOMATION_LS\\Reports\\20241204_175739\\LS\\Client Profile\\Client Profile\\20241204_175748\\1733353162319.png]]]]></system-out>
         <system-err><![CDATA[04-12-2024T17:58:16 - [TEST_CASE][FAILED] - Test Cases/Specific Cases/LS/Client Profile/Allergies-Vitals-Labs/Allergies: Test Cases/Specific Cases/LS/Client Profile/Allergies-Vitals-Labs/Allergies FAILED.
Reason:
com.kms.katalon.core.exception.StepFailedException: Unable to click on object 'Object Repository/Specific Cases Repository/LS/Client Profile/Allergies-Vitals-Labs/Allergies/Page_Client Profile/b'
	at com.kms.katalon.core.webui.keyword.internal.WebUIKeywordMain.stepFailed(WebUIKeywordMain.groovy:117)
	at com.kms.katalon.core.webui.keyword.internal.WebUIKeywordMain.runKeyword(WebUIKeywordMain.groovy:43)
	at com.kms.katalon.core.webui.keyword.builtin.ClickKeyword.click(ClickKeyword.groovy:74)
	at com.kms.katalon.core.webui.keyword.builtin.ClickKeyword.execute(ClickKeyword.groovy:40)
	at com.kms.katalon.core.keyword.internal.KeywordExecutor.executeKeywordForPlatform(KeywordExecutor.groovy:74)
	at com.kms.katalon.core.webui.keyword.WebUiBuiltInKeywords.click(WebUiBuiltInKeywords.groovy:659)
	at Allergies.run(Allergies:35)
	at com.kms.katalon.core.main.ScriptEngine.run(ScriptEngine.java:194)
	at com.kms.katalon.core.main.ScriptEngine.runScriptAsRawText(ScriptEngine.java:119)
	at com.kms.katalon.core.main.TestCaseExecutor.runScript(TestCaseExecutor.java:448)
	at com.kms.katalon.core.main.TestCaseExecutor.doExecute(TestCaseExecutor.java:439)
	at com.kms.katalon.core.main.TestCaseExecutor.processExecutionPhase(TestCaseExecutor.java:418)
	at com.kms.katalon.core.main.TestCaseExecutor.accessMainPhase(TestCaseExecutor.java:410)
	at com.kms.katalon.core.main.TestCaseExecutor.execute(TestCaseExecutor.java:285)
	at com.kms.katalon.core.common.CommonExecutor.accessTestCaseMainPhase(CommonExecutor.java:65)
	at com.kms.katalon.core.main.TestSuiteExecutor.accessTestSuiteMainPhase(TestSuiteExecutor.java:150)
	at com.kms.katalon.core.main.TestSuiteExecutor.execute(TestSuiteExecutor.java:106)
	at com.kms.katalon.core.main.TestCaseMain.startTestSuite(TestCaseMain.java:180)
	at TempTestSuite1733353068935.run(TempTestSuite1733353068935.groovy:35)
	at java.base/jdk.internal.reflect.NativeMethodAccessorImpl.invoke0(Native Method)
	at java.base/jdk.internal.reflect.NativeMethodAccessorImpl.invoke(NativeMethodAccessorImpl.java:77)
	at java.base/jdk.internal.reflect.DelegatingMethodAccessorImpl.invoke(DelegatingMethodAccessorImpl.java:43)
Caused by: com.kms.katalon.core.webui.exception.WebElementNotFoundException: Web element with id: 'Object Repository/Specific Cases Repository/LS/Client Profile/Allergies-Vitals-Labs/Allergies/Page_Client Profile/b' located by '//div[@id='mdl_allergy_add']/div/div/div[2]/div/div[2]/div/span/span/span/span[2]/b' not found
	at com.kms.katalon.core.webui.common.WebUiCommonHelper.findWebElement(WebUiCommonHelper.java:1423)
	at com.kms.katalon.core.webui.keyword.internal.WebUIAbstractKeyword.findWebElement(WebUIAbstractKeyword.groovy:27)
	at com.kms.katalon.core.webui.keyword.builtin.ClickKeyword$_click_closure1.doCall(ClickKeyword.groovy:65)
	at com.kms.katalon.core.webui.keyword.builtin.ClickKeyword$_click_closure1.call(ClickKeyword.groovy)
	at com.kms.katalon.core.webui.keyword.internal.WebUIKeywordMain.runKeyword(WebUIKeywordMain.groovy:35)
	... 20 more]]></system-err>
      </testcase>
      <testcase name="Test Cases/Specific Cases/LS/Client Profile/Allergies-Vitals-Labs/BAL" time="45.562" classname="Test Cases/Specific Cases/LS/Client Profile/Allergies-Vitals-Labs/BAL" status="PASSED">
         <system-out><![CDATA[04-12-2024T17:59:22 - [TEST_CASE][PASSED] - Test Cases/Specific Cases/LS/Client Profile/Allergies-Vitals-Labs/BAL: Test Cases/Specific Cases/LS/Client Profile/Allergies-Vitals-Labs/BAL

04-12-2024T17:59:23 - [TEST_STEP][PASSED] - callTestCase(findTestCase("Common Cases/Login"), [:], STOP_ON_FAILURE): Call Test Case 'Test Cases/Common Cases/Login' successfully

04-12-2024T17:59:23 - [TEST_CASE][PASSED] - Test Cases/Common Cases/Login: Test Cases/Common Cases/Login

04-12-2024T17:59:23 - [TEST_STEP][PASSED] - openBrowser(""): Browser is opened with url: ''

04-12-2024T17:59:23 - [MESSAGE][WARNING] - A browser is already opened. Closing browser and opening a new one

04-12-2024T17:59:23 - [MESSAGE][INFO] - Starting 'Chrome' driver

04-12-2024T17:59:23 - [MESSAGE][INFO] - Action delay is set to 0 milliseconds

04-12-2024T17:59:25 - [MESSAGE][PASSED] - Browser is opened with url: ''

04-12-2024T17:59:25 - [TEST_STEP][PASSED] - maximizeWindow(): Current window maximized

04-12-2024T17:59:25 - [MESSAGE][PASSED] - Current window maximized

04-12-2024T17:59:25 - [TEST_STEP][PASSED] - navigateToUrl("https://site17.lsapp.cloud/auth/login"): Navigate to 'https://site17.lsapp.cloud/auth/login' successfully

04-12-2024T17:59:26 - [MESSAGE][PASSED] - Navigate to 'https://site17.lsapp.cloud/auth/login' successfully

04-12-2024T17:59:26 - [TEST_STEP][PASSED] - setText(findTestObject("Object Repository/Common Cases Repository/Login/Page_Lightning Step/input_Email_email"), "automation@lightningstep.com"): Text 'automation@lightningstep.com' is set on object 'Object Repository/Common Cases Repository/Login/Page_Lightning Step/input_Email_email'

04-12-2024T17:59:30 - [MESSAGE][PASSED] - Text 'automation@lightningstep.com' is set on object 'Object Repository/Common Cases Repository/Login/Page_Lightning Step/input_Email_email'

04-12-2024T17:59:30 - [TEST_STEP][PASSED] - setEncryptedText(findTestObject("Object Repository/Common Cases Repository/Login/Page_Lightning Step/input_Password_password"), "e5N8VHmnhJDITtQaQhDQDw=="): Text ****** has been set on object 'Object Repository/Common Cases Repository/Login/Page_Lightning Step/input_Password_password'

04-12-2024T17:59:30 - [MESSAGE][PASSED] - Text ****** has been set on object 'Object Repository/Common Cases Repository/Login/Page_Lightning Step/input_Password_password'

04-12-2024T17:59:30 - [TEST_STEP][PASSED] - click(findTestObject("Object Repository/Common Cases Repository/Login/Page_Lightning Step/button_Sign in")): Object: 'Object Repository/Common Cases Repository/Login/Page_Lightning Step/button_Sign in' is clicked on

04-12-2024T17:59:36 - [MESSAGE][PASSED] - Object: 'Object Repository/Common Cases Repository/Login/Page_Lightning Step/button_Sign in' is clicked on

04-12-2024T17:59:36 - [MESSAGE][PASSED] - Call Test Case 'Test Cases/Common Cases/Login' successfully

04-12-2024T17:59:36 - [TEST_STEP][PASSED] - click(findTestObject("Object Repository/Specific Cases Repository/LS/Client Profile/Allergies-Vitals-Labs/BAL/Page_Home/a_Census")): Object: 'Object Repository/Specific Cases Repository/LS/Client Profile/Allergies-Vitals-Labs/BAL/Page_Home/a_Census' is clicked on

04-12-2024T17:59:37 - [MESSAGE][PASSED] - Object: 'Object Repository/Specific Cases Repository/LS/Client Profile/Allergies-Vitals-Labs/BAL/Page_Home/a_Census' is clicked on

04-12-2024T17:59:37 - [TEST_STEP][PASSED] - click(findTestObject("Object Repository/Specific Cases Repository/LS/Client Profile/Allergies-Vitals-Labs/BAL/Page_Home/a_A Automation, A Client")): Object: 'Object Repository/Specific Cases Repository/LS/Client Profile/Allergies-Vitals-Labs/BAL/Page_Home/a_A Automation, A Client' is clicked on

04-12-2024T17:59:45 - [MESSAGE][PASSED] - Object: 'Object Repository/Specific Cases Repository/LS/Client Profile/Allergies-Vitals-Labs/BAL/Page_Home/a_A Automation, A Client' is clicked on

04-12-2024T17:59:45 - [TEST_STEP][PASSED] - click(findTestObject("Object Repository/Specific Cases Repository/LS/Client Profile/Allergies-Vitals-Labs/BAL/Page_Client Profile/a_Allergies  Vitals  Labs")): Object: 'Object Repository/Specific Cases Repository/LS/Client Profile/Allergies-Vitals-Labs/BAL/Page_Client Profile/a_Allergies  Vitals  Labs' is clicked on

04-12-2024T17:59:46 - [MESSAGE][PASSED] - Object: 'Object Repository/Specific Cases Repository/LS/Client Profile/Allergies-Vitals-Labs/BAL/Page_Client Profile/a_Allergies  Vitals  Labs' is clicked on

04-12-2024T17:59:46 - [TEST_STEP][PASSED] - click(findTestObject("Object Repository/Specific Cases Repository/LS/Client Profile/Allergies-Vitals-Labs/BAL/Page_Client Profile/h4_BAL")): Object: 'Object Repository/Specific Cases Repository/LS/Client Profile/Allergies-Vitals-Labs/BAL/Page_Client Profile/h4_BAL' is clicked on

04-12-2024T17:59:47 - [MESSAGE][PASSED] - Object: 'Object Repository/Specific Cases Repository/LS/Client Profile/Allergies-Vitals-Labs/BAL/Page_Client Profile/h4_BAL' is clicked on

04-12-2024T17:59:47 - [TEST_STEP][PASSED] - click(findTestObject("Object Repository/Specific Cases Repository/LS/Client Profile/Allergies-Vitals-Labs/BAL/Page_Client Profile/i_add")): Object: 'Object Repository/Specific Cases Repository/LS/Client Profile/Allergies-Vitals-Labs/BAL/Page_Client Profile/i_add' is clicked on

04-12-2024T17:59:51 - [MESSAGE][PASSED] - Object: 'Object Repository/Specific Cases Repository/LS/Client Profile/Allergies-Vitals-Labs/BAL/Page_Client Profile/i_add' is clicked on

04-12-2024T17:59:51 - [TEST_STEP][PASSED] - setText(findTestObject("Object Repository/Specific Cases Repository/LS/Client Profile/Allergies-Vitals-Labs/BAL/Page_Blood Alcohol Level/input_BAL Reading_balreading"), "Automation Reading"): Text 'Automation Reading' is set on object 'Object Repository/Specific Cases Repository/LS/Client Profile/Allergies-Vitals-Labs/BAL/Page_Blood Alcohol Level/input_BAL Reading_balreading'

04-12-2024T17:59:51 - [MESSAGE][PASSED] - Text 'Automation Reading' is set on object 'Object Repository/Specific Cases Repository/LS/Client Profile/Allergies-Vitals-Labs/BAL/Page_Blood Alcohol Level/input_BAL Reading_balreading'

04-12-2024T17:59:51 - [TEST_STEP][PASSED] - selectOptionByValue(findTestObject("Object Repository/Specific Cases Repository/LS/Client Profile/Allergies-Vitals-Labs/BAL/Page_Blood Alcohol Level/select_UndeterminedNegativePositive"), "Positive", true): All options with value 'Positive' are selected in object 'Object Repository/Specific Cases Repository/LS/Client Profile/Allergies-Vitals-Labs/BAL/Page_Blood Alcohol Level/select_UndeterminedNegativePositive'  using regular expression

04-12-2024T17:59:52 - [MESSAGE][PASSED] - All options with value 'Positive' are selected in object 'Object Repository/Specific Cases Repository/LS/Client Profile/Allergies-Vitals-Labs/BAL/Page_Blood Alcohol Level/select_UndeterminedNegativePositive'  using regular expression

04-12-2024T17:59:52 - [TEST_STEP][PASSED] - setText(findTestObject("Object Repository/Specific Cases Repository/LS/Client Profile/Allergies-Vitals-Labs/BAL/Page_Blood Alcohol Level/textarea_Additional Information_note"), "automation additional information"): Text 'automation additional information' is set on object 'Object Repository/Specific Cases Repository/LS/Client Profile/Allergies-Vitals-Labs/BAL/Page_Blood Alcohol Level/textarea_Additional Information_note'

04-12-2024T17:59:53 - [MESSAGE][PASSED] - Text 'automation additional information' is set on object 'Object Repository/Specific Cases Repository/LS/Client Profile/Allergies-Vitals-Labs/BAL/Page_Blood Alcohol Level/textarea_Additional Information_note'

04-12-2024T17:59:53 - [TEST_STEP][PASSED] - click(findTestObject("Object Repository/Specific Cases Repository/LS/Client Profile/Allergies-Vitals-Labs/BAL/Page_Blood Alcohol Level/button_Staff Signatures")): Object: 'Object Repository/Specific Cases Repository/LS/Client Profile/Allergies-Vitals-Labs/BAL/Page_Blood Alcohol Level/button_Staff Signatures' is clicked on

04-12-2024T17:59:53 - [MESSAGE][PASSED] - Object: 'Object Repository/Specific Cases Repository/LS/Client Profile/Allergies-Vitals-Labs/BAL/Page_Blood Alcohol Level/button_Staff Signatures' is clicked on

04-12-2024T17:59:53 - [TEST_STEP][PASSED] - click(findTestObject("Object Repository/Specific Cases Repository/LS/Client Profile/Allergies-Vitals-Labs/BAL/Page_Blood Alcohol Level/b")): Object: 'Object Repository/Specific Cases Repository/LS/Client Profile/Allergies-Vitals-Labs/BAL/Page_Blood Alcohol Level/b' is clicked on

04-12-2024T17:59:54 - [MESSAGE][PASSED] - Object: 'Object Repository/Specific Cases Repository/LS/Client Profile/Allergies-Vitals-Labs/BAL/Page_Blood Alcohol Level/b' is clicked on

04-12-2024T17:59:54 - [TEST_STEP][PASSED] - setText(findTestObject("Object Repository/Specific Cases Repository/LS/Client Profile/Allergies-Vitals-Labs/BAL/Page_Blood Alcohol Level/input_-- Select Staff --_select2-search__field"), "enrique"): Text 'enrique' is set on object 'Object Repository/Specific Cases Repository/LS/Client Profile/Allergies-Vitals-Labs/BAL/Page_Blood Alcohol Level/input_-- Select Staff --_select2-search__field'

04-12-2024T17:59:55 - [MESSAGE][PASSED] - Text 'enrique' is set on object 'Object Repository/Specific Cases Repository/LS/Client Profile/Allergies-Vitals-Labs/BAL/Page_Blood Alcohol Level/input_-- Select Staff --_select2-search__field'

04-12-2024T17:59:55 - [TEST_STEP][PASSED] - waitForPageLoad(0): Wait for page load successfully

04-12-2024T17:59:55 - [MESSAGE][WARNING] - Timeout '0' is invalid. Using default page load timeout: '30'

04-12-2024T17:59:55 - [MESSAGE][PASSED] - Wait for page load successfully

04-12-2024T17:59:55 - [TEST_STEP][PASSED] - sendKeys(findTestObject("Object Repository/Specific Cases Repository/LS/Client Profile/Allergies-Vitals-Labs/BAL/Page_Blood Alcohol Level/input_-- Select Staff --_select2-search__field"), Keys.chord(ENTER)): Keys 'ENTER + ' sent to object: 'Object Repository/Specific Cases Repository/LS/Client Profile/Allergies-Vitals-Labs/BAL/Page_Blood Alcohol Level/input_-- Select Staff --_select2-search__field'

04-12-2024T17:59:56 - [MESSAGE][PASSED] - Keys 'ENTER + ' sent to object: 'Object Repository/Specific Cases Repository/LS/Client Profile/Allergies-Vitals-Labs/BAL/Page_Blood Alcohol Level/input_-- Select Staff --_select2-search__field'

04-12-2024T17:59:56 - [TEST_STEP][PASSED] - click(findTestObject("Object Repository/Specific Cases Repository/LS/Client Profile/Allergies-Vitals-Labs/BAL/Page_Blood Alcohol Level/input_Sign and Lock_dss")): Object: 'Object Repository/Specific Cases Repository/LS/Client Profile/Allergies-Vitals-Labs/BAL/Page_Blood Alcohol Level/input_Sign and Lock_dss' is clicked on

04-12-2024T17:59:56 - [MESSAGE][PASSED] - Object: 'Object Repository/Specific Cases Repository/LS/Client Profile/Allergies-Vitals-Labs/BAL/Page_Blood Alcohol Level/input_Sign and Lock_dss' is clicked on

04-12-2024T17:59:56 - [TEST_STEP][PASSED] - click(findTestObject("Object Repository/Specific Cases Repository/LS/Client Profile/Allergies-Vitals-Labs/BAL/Page_Blood Alcohol Level/button_Save")): Object: 'Object Repository/Specific Cases Repository/LS/Client Profile/Allergies-Vitals-Labs/BAL/Page_Blood Alcohol Level/button_Save' is clicked on

04-12-2024T18:00:03 - [MESSAGE][PASSED] - Object: 'Object Repository/Specific Cases Repository/LS/Client Profile/Allergies-Vitals-Labs/BAL/Page_Blood Alcohol Level/button_Save' is clicked on

04-12-2024T18:00:03 - [TEST_STEP][PASSED] - verifyElementText(findTestObject("Object Repository/Specific Cases Repository/LS/Client Profile/Allergies-Vitals-Labs/BAL/Page_Client Profile/span_Automation Reading"), "Automation Reading"): Actual text and expected text of test object 'Object Repository/Specific Cases Repository/LS/Client Profile/Allergies-Vitals-Labs/BAL/Page_Client Profile/span_Automation Reading' are matched.

04-12-2024T18:00:04 - [MESSAGE][PASSED] - Actual text and expected text of test object 'Object Repository/Specific Cases Repository/LS/Client Profile/Allergies-Vitals-Labs/BAL/Page_Client Profile/span_Automation Reading' are matched.

04-12-2024T18:00:04 - [TEST_STEP][PASSED] - verifyElementText(findTestObject("Object Repository/Specific Cases Repository/LS/Client Profile/Allergies-Vitals-Labs/BAL/Page_Client Profile/span_Positive"), "Positive"): Actual text and expected text of test object 'Object Repository/Specific Cases Repository/LS/Client Profile/Allergies-Vitals-Labs/BAL/Page_Client Profile/span_Positive' are matched.

04-12-2024T18:00:05 - [MESSAGE][PASSED] - Actual text and expected text of test object 'Object Repository/Specific Cases Repository/LS/Client Profile/Allergies-Vitals-Labs/BAL/Page_Client Profile/span_Positive' are matched.

04-12-2024T18:00:05 - [TEST_STEP][PASSED] - click(findTestObject("Object Repository/Specific Cases Repository/LS/Client Profile/Allergies-Vitals-Labs/BAL/Page_Client Profile/a_Started_btn btn-primary btn-raised btn-sm_564fc3")): Object: 'Object Repository/Specific Cases Repository/LS/Client Profile/Allergies-Vitals-Labs/BAL/Page_Client Profile/a_Started_btn btn-primary btn-raised btn-sm_564fc3' is clicked on

04-12-2024T18:00:07 - [MESSAGE][PASSED] - Object: 'Object Repository/Specific Cases Repository/LS/Client Profile/Allergies-Vitals-Labs/BAL/Page_Client Profile/a_Started_btn btn-primary btn-raised btn-sm_564fc3' is clicked on

04-12-2024T18:00:07 - [TEST_STEP][PASSED] - verifyElementText(findTestObject("Object Repository/Specific Cases Repository/LS/Client Profile/Allergies-Vitals-Labs/BAL/Page_Blood Alcohol Level/span_Document is signed and may not be changed"), "Document is signed and may not be changed."): Actual text and expected text of test object 'Object Repository/Specific Cases Repository/LS/Client Profile/Allergies-Vitals-Labs/BAL/Page_Blood Alcohol Level/span_Document is signed and may not be changed' are matched.

04-12-2024T18:00:08 - [MESSAGE][PASSED] - Actual text and expected text of test object 'Object Repository/Specific Cases Repository/LS/Client Profile/Allergies-Vitals-Labs/BAL/Page_Blood Alcohol Level/span_Document is signed and may not be changed' are matched.

04-12-2024T18:00:08 - [TEST_STEP][PASSED] - closeBrowser(): Browser is closed

04-12-2024T18:00:08 - [MESSAGE][PASSED] - Browser is closed]]></system-out>
         <system-err><![CDATA[]]></system-err>
      </testcase>
      <testcase name="Test Cases/Specific Cases/LS/Client Profile/Allergies-Vitals-Labs/CBG Level" time="43.493" classname="Test Cases/Specific Cases/LS/Client Profile/Allergies-Vitals-Labs/CBG Level" status="PASSED">
         <system-out><![CDATA[04-12-2024T18:00:08 - [TEST_CASE][PASSED] - Test Cases/Specific Cases/LS/Client Profile/Allergies-Vitals-Labs/CBG Level: Test Cases/Specific Cases/LS/Client Profile/Allergies-Vitals-Labs/CBG Level

04-12-2024T18:00:08 - [TEST_STEP][PASSED] - callTestCase(findTestCase("Common Cases/Login"), [:], STOP_ON_FAILURE): Call Test Case 'Test Cases/Common Cases/Login' successfully

04-12-2024T18:00:08 - [TEST_CASE][PASSED] - Test Cases/Common Cases/Login: Test Cases/Common Cases/Login

04-12-2024T18:00:08 - [TEST_STEP][PASSED] - openBrowser(""): Browser is opened with url: ''

04-12-2024T18:00:08 - [MESSAGE][INFO] - Starting 'Chrome' driver

04-12-2024T18:00:08 - [MESSAGE][INFO] - Action delay is set to 0 milliseconds

04-12-2024T18:00:09 - [MESSAGE][PASSED] - Browser is opened with url: ''

04-12-2024T18:00:09 - [TEST_STEP][PASSED] - maximizeWindow(): Current window maximized

04-12-2024T18:00:09 - [MESSAGE][PASSED] - Current window maximized

04-12-2024T18:00:09 - [TEST_STEP][PASSED] - navigateToUrl("https://site17.lsapp.cloud/auth/login"): Navigate to 'https://site17.lsapp.cloud/auth/login' successfully

04-12-2024T18:00:11 - [MESSAGE][PASSED] - Navigate to 'https://site17.lsapp.cloud/auth/login' successfully

04-12-2024T18:00:11 - [TEST_STEP][PASSED] - setText(findTestObject("Object Repository/Common Cases Repository/Login/Page_Lightning Step/input_Email_email"), "automation@lightningstep.com"): Text 'automation@lightningstep.com' is set on object 'Object Repository/Common Cases Repository/Login/Page_Lightning Step/input_Email_email'

04-12-2024T18:00:12 - [MESSAGE][PASSED] - Text 'automation@lightningstep.com' is set on object 'Object Repository/Common Cases Repository/Login/Page_Lightning Step/input_Email_email'

04-12-2024T18:00:12 - [TEST_STEP][PASSED] - setEncryptedText(findTestObject("Object Repository/Common Cases Repository/Login/Page_Lightning Step/input_Password_password"), "e5N8VHmnhJDITtQaQhDQDw=="): Text ****** has been set on object 'Object Repository/Common Cases Repository/Login/Page_Lightning Step/input_Password_password'

04-12-2024T18:00:13 - [MESSAGE][PASSED] - Text ****** has been set on object 'Object Repository/Common Cases Repository/Login/Page_Lightning Step/input_Password_password'

04-12-2024T18:00:13 - [TEST_STEP][PASSED] - click(findTestObject("Object Repository/Common Cases Repository/Login/Page_Lightning Step/button_Sign in")): Object: 'Object Repository/Common Cases Repository/Login/Page_Lightning Step/button_Sign in' is clicked on

04-12-2024T18:00:18 - [MESSAGE][PASSED] - Object: 'Object Repository/Common Cases Repository/Login/Page_Lightning Step/button_Sign in' is clicked on

04-12-2024T18:00:18 - [MESSAGE][PASSED] - Call Test Case 'Test Cases/Common Cases/Login' successfully

04-12-2024T18:00:18 - [TEST_STEP][PASSED] - navigateToUrl("https://site17.lsapp.cloud/client/index/1556?section=medicalassess"): Navigate to 'https://site17.lsapp.cloud/client/index/1556?section=medicalassess' successfully

04-12-2024T18:00:27 - [MESSAGE][PASSED] - Navigate to 'https://site17.lsapp.cloud/client/index/1556?section=medicalassess' successfully

04-12-2024T18:00:27 - [TEST_STEP][PASSED] - click(findTestObject("Object Repository/Specific Cases Repository/LS/Client Profile/Allergies-Vitals-Labs/CBG Level/Page_Client Profile/h4_CBG                                     _f9629b")): Object: 'Object Repository/Specific Cases Repository/LS/Client Profile/Allergies-Vitals-Labs/CBG Level/Page_Client Profile/h4_CBG                                     _f9629b' is clicked on

04-12-2024T18:00:28 - [MESSAGE][PASSED] - Object: 'Object Repository/Specific Cases Repository/LS/Client Profile/Allergies-Vitals-Labs/CBG Level/Page_Client Profile/h4_CBG                                     _f9629b' is clicked on

04-12-2024T18:00:28 - [TEST_STEP][PASSED] - click(findTestObject("Object Repository/Specific Cases Repository/LS/Client Profile/Allergies-Vitals-Labs/CBG Level/Page_Client Profile/i_add")): Object: 'Object Repository/Specific Cases Repository/LS/Client Profile/Allergies-Vitals-Labs/CBG Level/Page_Client Profile/i_add' is clicked on

04-12-2024T18:00:33 - [MESSAGE][PASSED] - Object: 'Object Repository/Specific Cases Repository/LS/Client Profile/Allergies-Vitals-Labs/CBG Level/Page_Client Profile/i_add' is clicked on

04-12-2024T18:00:33 - [TEST_STEP][PASSED] - setText(findTestObject("Object Repository/Specific Cases Repository/LS/Client Profile/Allergies-Vitals-Labs/CBG Level/Page_Glucose Reading/input_Glucose Reading_reading"), "11"): Text '11' is set on object 'Object Repository/Specific Cases Repository/LS/Client Profile/Allergies-Vitals-Labs/CBG Level/Page_Glucose Reading/input_Glucose Reading_reading'

04-12-2024T18:00:34 - [MESSAGE][PASSED] - Text '11' is set on object 'Object Repository/Specific Cases Repository/LS/Client Profile/Allergies-Vitals-Labs/CBG Level/Page_Glucose Reading/input_Glucose Reading_reading'

04-12-2024T18:00:34 - [TEST_STEP][PASSED] - setText(findTestObject("Object Repository/Specific Cases Repository/LS/Client Profile/Allergies-Vitals-Labs/CBG Level/Page_Glucose Reading/input_Units_units"), "12"): Text '12' is set on object 'Object Repository/Specific Cases Repository/LS/Client Profile/Allergies-Vitals-Labs/CBG Level/Page_Glucose Reading/input_Units_units'

04-12-2024T18:00:34 - [MESSAGE][PASSED] - Text '12' is set on object 'Object Repository/Specific Cases Repository/LS/Client Profile/Allergies-Vitals-Labs/CBG Level/Page_Glucose Reading/input_Units_units'

04-12-2024T18:00:34 - [TEST_STEP][PASSED] - setText(findTestObject("Object Repository/Specific Cases Repository/LS/Client Profile/Allergies-Vitals-Labs/CBG Level/Page_Glucose Reading/textarea_Additional Information_note"), "Automation Additional Information"): Text 'Automation Additional Information' is set on object 'Object Repository/Specific Cases Repository/LS/Client Profile/Allergies-Vitals-Labs/CBG Level/Page_Glucose Reading/textarea_Additional Information_note'

04-12-2024T18:00:35 - [MESSAGE][PASSED] - Text 'Automation Additional Information' is set on object 'Object Repository/Specific Cases Repository/LS/Client Profile/Allergies-Vitals-Labs/CBG Level/Page_Glucose Reading/textarea_Additional Information_note'

04-12-2024T18:00:35 - [TEST_STEP][PASSED] - click(findTestObject("Object Repository/Specific Cases Repository/LS/Client Profile/Allergies-Vitals-Labs/CBG Level/Page_Glucose Reading/button_Save")): Object: 'Object Repository/Specific Cases Repository/LS/Client Profile/Allergies-Vitals-Labs/CBG Level/Page_Glucose Reading/button_Save' is clicked on

04-12-2024T18:00:49 - [MESSAGE][PASSED] - Object: 'Object Repository/Specific Cases Repository/LS/Client Profile/Allergies-Vitals-Labs/CBG Level/Page_Glucose Reading/button_Save' is clicked on

04-12-2024T18:00:49 - [TEST_STEP][PASSED] - click(findTestObject("Object Repository/Specific Cases Repository/LS/Client Profile/Allergies-Vitals-Labs/CBG Level/Page_Client Profile/a_Allergies  Vitals  Labs")): Object: 'Object Repository/Specific Cases Repository/LS/Client Profile/Allergies-Vitals-Labs/CBG Level/Page_Client Profile/a_Allergies  Vitals  Labs' is clicked on

04-12-2024T18:00:51 - [MESSAGE][PASSED] - Object: 'Object Repository/Specific Cases Repository/LS/Client Profile/Allergies-Vitals-Labs/CBG Level/Page_Client Profile/a_Allergies  Vitals  Labs' is clicked on

04-12-2024T18:00:51 - [TEST_STEP][PASSED] - verifyElementText(findTestObject("Object Repository/Specific Cases Repository/LS/Client Profile/Allergies-Vitals-Labs/CBG Level/Page_Client Profile/td_11"), "11"): Actual text and expected text of test object 'Object Repository/Specific Cases Repository/LS/Client Profile/Allergies-Vitals-Labs/CBG Level/Page_Client Profile/td_11' are matched.

04-12-2024T18:00:51 - [MESSAGE][PASSED] - Actual text and expected text of test object 'Object Repository/Specific Cases Repository/LS/Client Profile/Allergies-Vitals-Labs/CBG Level/Page_Client Profile/td_11' are matched.

04-12-2024T18:00:51 - [TEST_STEP][PASSED] - closeBrowser(): Browser is closed

04-12-2024T18:00:51 - [MESSAGE][PASSED] - Browser is closed]]></system-out>
         <system-err><![CDATA[]]></system-err>
      </testcase>
      <testcase name="Test Cases/Specific Cases/LS/Client Profile/Allergies-Vitals-Labs/Imaging Order" time="57.709" classname="Test Cases/Specific Cases/LS/Client Profile/Allergies-Vitals-Labs/Imaging Order" status="FAILED">
         <failure type="FAILED" message="Test Cases/Specific Cases/LS/Client Profile/Allergies-Vitals-Labs/Imaging Order FAILED.&#xa;Reason:&#xa;com.kms.katalon.core.exception.StepFailedException: Unable to click on object 'Object Repository/Specific Cases Repository/LS/Client Profile/Allergies-Vitals-Labs/Imaging Order/Page_Client Profile/h4_Imaging Order'&#xa;	at com.kms.katalon.core.webui.keyword.internal.WebUIKeywordMain.stepFailed(WebUIKeywordMain.groovy:117)&#xa;	at com.kms.katalon.core.webui.keyword.internal.WebUIKeywordMain.runKeyword(WebUIKeywordMain.groovy:43)&#xa;	at com.kms.katalon.core.webui.keyword.builtin.ClickKeyword.click(ClickKeyword.groovy:74)&#xa;	at com.kms.katalon.core.webui.keyword.builtin.ClickKeyword.execute(ClickKeyword.groovy:40)&#xa;	at com.kms.katalon.core.keyword.internal.KeywordExecutor.executeKeywordForPlatform(KeywordExecutor.groovy:74)&#xa;	at com.kms.katalon.core.webui.keyword.WebUiBuiltInKeywords.click(WebUiBuiltInKeywords.groovy:659)&#xa;	at Imaging Order.run(Imaging Order:24)&#xa;	at com.kms.katalon.core.main.ScriptEngine.run(ScriptEngine.java:194)&#xa;	at com.kms.katalon.core.main.ScriptEngine.runScriptAsRawText(ScriptEngine.java:119)&#xa;	at com.kms.katalon.core.main.TestCaseExecutor.runScript(TestCaseExecutor.java:448)&#xa;	at com.kms.katalon.core.main.TestCaseExecutor.doExecute(TestCaseExecutor.java:439)&#xa;	at com.kms.katalon.core.main.TestCaseExecutor.processExecutionPhase(TestCaseExecutor.java:418)&#xa;	at com.kms.katalon.core.main.TestCaseExecutor.accessMainPhase(TestCaseExecutor.java:410)&#xa;	at com.kms.katalon.core.main.TestCaseExecutor.execute(TestCaseExecutor.java:285)&#xa;	at com.kms.katalon.core.common.CommonExecutor.accessTestCaseMainPhase(CommonExecutor.java:65)&#xa;	at com.kms.katalon.core.main.TestSuiteExecutor.accessTestSuiteMainPhase(TestSuiteExecutor.java:150)&#xa;	at com.kms.katalon.core.main.TestSuiteExecutor.execute(TestSuiteExecutor.java:106)&#xa;	at com.kms.katalon.core.main.TestCaseMain.startTestSuite(TestCaseMain.java:180)&#xa;	at TempTestSuite1733353068935.run(TempTestSuite1733353068935.groovy:35)&#xa;	at java.base/jdk.internal.reflect.NativeMethodAccessorImpl.invoke0(Native Method)&#xa;	at java.base/jdk.internal.reflect.NativeMethodAccessorImpl.invoke(NativeMethodAccessorImpl.java:77)&#xa;	at java.base/jdk.internal.reflect.DelegatingMethodAccessorImpl.invoke(DelegatingMethodAccessorImpl.java:43)&#xa;Caused by: org.openqa.selenium.ElementNotInteractableException: element not interactable&#xa;  (Session info: chrome=131.0.6778.86)&#xa;Build info: version: '3.141.59', revision: 'unknown', time: 'unknown'&#xa;System info: host: 'ENRIQUE', ip: '192.168.100.147', os.name: 'Windows 11', os.arch: 'amd64', os.version: '10.0', java.version: '17.0.7'&#xa;Driver info: com.kms.katalon.selenium.driver.CChromeDriver&#xa;Capabilities {acceptInsecureCerts: false, browserName: chrome, browserVersion: 131.0.6778.86, chrome: {chromedriverVersion: 130.0.6723.58 (3a50e012e4c9..., userDataDir: C:\Users\Enrique\AppData\Lo...}, fedcm:accounts: true, goog:chromeOptions: {debuggerAddress: localhost:57707}, javascriptEnabled: true, networkConnectionEnabled: false, pageLoadStrategy: normal, platform: WINDOWS, platformName: WINDOWS, proxy: Proxy(), setWindowRect: true, strictFileInteractability: false, timeouts: {implicit: 0, pageLoad: 300000, script: 30000}, unhandledPromptBehavior: dismiss and notify, webauthn:extension:credBlob: true, webauthn:extension:largeBlob: true, webauthn:extension:minPinLength: true, webauthn:extension:prf: true, webauthn:virtualAuthenticators: true}&#xa;Session ID: e5894b7ce8cb9b6555aa19d698c2f967&#xa;	at java.base/jdk.internal.reflect.NativeConstructorAccessorImpl.newInstance0(Native Method)&#xa;	at java.base/jdk.internal.reflect.NativeConstructorAccessorImpl.newInstance(NativeConstructorAccessorImpl.java:77)&#xa;	at java.base/jdk.internal.reflect.DelegatingConstructorAccessorImpl.newInstance(DelegatingConstructorAccessorImpl.java:45)&#xa;	at org.openqa.selenium.remote.http.W3CHttpResponseCodec.createException(W3CHttpResponseCodec.java:187)&#xa;	at org.openqa.selenium.remote.http.W3CHttpResponseCodec.decode(W3CHttpResponseCodec.java:122)&#xa;	at org.openqa.selenium.remote.http.W3CHttpResponseCodec.decode(W3CHttpResponseCodec.java:49)&#xa;	at org.openqa.selenium.remote.HttpCommandExecutor.execute(HttpCommandExecutor.java:158)&#xa;	at org.openqa.selenium.remote.service.DriverCommandExecutor.execute(DriverCommandExecutor.java:83)&#xa;	at org.openqa.selenium.remote.RemoteWebDriver.execute(RemoteWebDriver.java:552)&#xa;	at com.kms.katalon.selenium.driver.CChromeDriver.execute(CChromeDriver.java:19)&#xa;	at org.openqa.selenium.remote.RemoteWebElement.execute(RemoteWebElement.java:285)&#xa;	at org.openqa.selenium.remote.RemoteWebElement.click(RemoteWebElement.java:84)&#xa;	at jdk.internal.reflect.GeneratedMethodAccessor14.invoke(Unknown Source)&#xa;	at java.base/jdk.internal.reflect.DelegatingMethodAccessorImpl.invoke(DelegatingMethodAccessorImpl.java:43)&#xa;	at org.openqa.selenium.support.events.EventFiringWebDriver$EventFiringWebElement.lambda$new$0(EventFiringWebDriver.java:404)&#xa;	at jdk.proxy2/jdk.proxy2.$Proxy24.click(Unknown Source)&#xa;	at org.openqa.selenium.support.events.EventFiringWebDriver$EventFiringWebElement.click(EventFiringWebDriver.java:417)&#xa;	at org.openqa.selenium.WebElement$click.call(Unknown Source)&#xa;	at com.kms.katalon.core.webui.keyword.builtin.ClickKeyword.clickUntilSuccessWithTimeout(ClickKeyword.groovy:81)&#xa;	at com.kms.katalon.core.webui.keyword.builtin.ClickKeyword.clickUntilSuccessWithTimeout(ClickKeyword.groovy)&#xa;	at jdk.internal.reflect.GeneratedMethodAccessor16.invoke(Unknown Source)&#xa;	at java.base/jdk.internal.reflect.DelegatingMethodAccessorImpl.invoke(DelegatingMethodAccessorImpl.java:43)&#xa;	at com.kms.katalon.core.webui.keyword.builtin.ClickKeyword$_click_closure1.doCall(ClickKeyword.groovy:67)&#xa;	at com.kms.katalon.core.webui.keyword.builtin.ClickKeyword$_click_closure1.call(ClickKeyword.groovy)&#xa;	at com.kms.katalon.core.webui.keyword.internal.WebUIKeywordMain.runKeyword(WebUIKeywordMain.groovy:35)&#xa;	... 20 more&#xa;"/>
         <system-out><![CDATA[04-12-2024T18:00:51 - [TEST_CASE][FAILED] - Test Cases/Specific Cases/LS/Client Profile/Allergies-Vitals-Labs/Imaging Order: Test Cases/Specific Cases/LS/Client Profile/Allergies-Vitals-Labs/Imaging Order FAILED.
Reason:
com.kms.katalon.core.exception.StepFailedException: Unable to click on object 'Object Repository/Specific Cases Repository/LS/Client Profile/Allergies-Vitals-Labs/Imaging Order/Page_Client Profile/h4_Imaging Order'
	at com.kms.katalon.core.webui.keyword.internal.WebUIKeywordMain.stepFailed(WebUIKeywordMain.groovy:117)
	at com.kms.katalon.core.webui.keyword.internal.WebUIKeywordMain.runKeyword(WebUIKeywordMain.groovy:43)
	at com.kms.katalon.core.webui.keyword.builtin.ClickKeyword.click(ClickKeyword.groovy:74)
	at com.kms.katalon.core.webui.keyword.builtin.ClickKeyword.execute(ClickKeyword.groovy:40)
	at com.kms.katalon.core.keyword.internal.KeywordExecutor.executeKeywordForPlatform(KeywordExecutor.groovy:74)
	at com.kms.katalon.core.webui.keyword.WebUiBuiltInKeywords.click(WebUiBuiltInKeywords.groovy:659)
	at Imaging Order.run(Imaging Order:24)
	at com.kms.katalon.core.main.ScriptEngine.run(ScriptEngine.java:194)
	at com.kms.katalon.core.main.ScriptEngine.runScriptAsRawText(ScriptEngine.java:119)
	at com.kms.katalon.core.main.TestCaseExecutor.runScript(TestCaseExecutor.java:448)
	at com.kms.katalon.core.main.TestCaseExecutor.doExecute(TestCaseExecutor.java:439)
	at com.kms.katalon.core.main.TestCaseExecutor.processExecutionPhase(TestCaseExecutor.java:418)
	at com.kms.katalon.core.main.TestCaseExecutor.accessMainPhase(TestCaseExecutor.java:410)
	at com.kms.katalon.core.main.TestCaseExecutor.execute(TestCaseExecutor.java:285)
	at com.kms.katalon.core.common.CommonExecutor.accessTestCaseMainPhase(CommonExecutor.java:65)
	at com.kms.katalon.core.main.TestSuiteExecutor.accessTestSuiteMainPhase(TestSuiteExecutor.java:150)
	at com.kms.katalon.core.main.TestSuiteExecutor.execute(TestSuiteExecutor.java:106)
	at com.kms.katalon.core.main.TestCaseMain.startTestSuite(TestCaseMain.java:180)
	at TempTestSuite1733353068935.run(TempTestSuite1733353068935.groovy:35)
	at java.base/jdk.internal.reflect.NativeMethodAccessorImpl.invoke0(Native Method)
	at java.base/jdk.internal.reflect.NativeMethodAccessorImpl.invoke(NativeMethodAccessorImpl.java:77)
	at java.base/jdk.internal.reflect.DelegatingMethodAccessorImpl.invoke(DelegatingMethodAccessorImpl.java:43)
Caused by: org.openqa.selenium.ElementNotInteractableException: element not interactable
  (Session info: chrome=131.0.6778.86)
Build info: version: '3.141.59', revision: 'unknown', time: 'unknown'
System info: host: 'ENRIQUE', ip: '192.168.100.147', os.name: 'Windows 11', os.arch: 'amd64', os.version: '10.0', java.version: '17.0.7'
Driver info: com.kms.katalon.selenium.driver.CChromeDriver
Capabilities {acceptInsecureCerts: false, browserName: chrome, browserVersion: 131.0.6778.86, chrome: {chromedriverVersion: 130.0.6723.58 (3a50e012e4c9..., userDataDir: C:\Users\Enrique\AppData\Lo...}, fedcm:accounts: true, goog:chromeOptions: {debuggerAddress: localhost:57707}, javascriptEnabled: true, networkConnectionEnabled: false, pageLoadStrategy: normal, platform: WINDOWS, platformName: WINDOWS, proxy: Proxy(), setWindowRect: true, strictFileInteractability: false, timeouts: {implicit: 0, pageLoad: 300000, script: 30000}, unhandledPromptBehavior: dismiss and notify, webauthn:extension:credBlob: true, webauthn:extension:largeBlob: true, webauthn:extension:minPinLength: true, webauthn:extension:prf: true, webauthn:virtualAuthenticators: true}
Session ID: e5894b7ce8cb9b6555aa19d698c2f967
	at java.base/jdk.internal.reflect.NativeConstructorAccessorImpl.newInstance0(Native Method)
	at java.base/jdk.internal.reflect.NativeConstructorAccessorImpl.newInstance(NativeConstructorAccessorImpl.java:77)
	at java.base/jdk.internal.reflect.DelegatingConstructorAccessorImpl.newInstance(DelegatingConstructorAccessorImpl.java:45)
	at org.openqa.selenium.remote.http.W3CHttpResponseCodec.createException(W3CHttpResponseCodec.java:187)
	at org.openqa.selenium.remote.http.W3CHttpResponseCodec.decode(W3CHttpResponseCodec.java:122)
	at org.openqa.selenium.remote.http.W3CHttpResponseCodec.decode(W3CHttpResponseCodec.java:49)
	at org.openqa.selenium.remote.HttpCommandExecutor.execute(HttpCommandExecutor.java:158)
	at org.openqa.selenium.remote.service.DriverCommandExecutor.execute(DriverCommandExecutor.java:83)
	at org.openqa.selenium.remote.RemoteWebDriver.execute(RemoteWebDriver.java:552)
	at com.kms.katalon.selenium.driver.CChromeDriver.execute(CChromeDriver.java:19)
	at org.openqa.selenium.remote.RemoteWebElement.execute(RemoteWebElement.java:285)
	at org.openqa.selenium.remote.RemoteWebElement.click(RemoteWebElement.java:84)
	at jdk.internal.reflect.GeneratedMethodAccessor14.invoke(Unknown Source)
	at java.base/jdk.internal.reflect.DelegatingMethodAccessorImpl.invoke(DelegatingMethodAccessorImpl.java:43)
	at org.openqa.selenium.support.events.EventFiringWebDriver$EventFiringWebElement.lambda$new$0(EventFiringWebDriver.java:404)
	at jdk.proxy2/jdk.proxy2.$Proxy24.click(Unknown Source)
	at org.openqa.selenium.support.events.EventFiringWebDriver$EventFiringWebElement.click(EventFiringWebDriver.java:417)
	at org.openqa.selenium.WebElement$click.call(Unknown Source)
	at com.kms.katalon.core.webui.keyword.builtin.ClickKeyword.clickUntilSuccessWithTimeout(ClickKeyword.groovy:81)
	at com.kms.katalon.core.webui.keyword.builtin.ClickKeyword.clickUntilSuccessWithTimeout(ClickKeyword.groovy)
	at jdk.internal.reflect.GeneratedMethodAccessor16.invoke(Unknown Source)
	at java.base/jdk.internal.reflect.DelegatingMethodAccessorImpl.invoke(DelegatingMethodAccessorImpl.java:43)
	at com.kms.katalon.core.webui.keyword.builtin.ClickKeyword$_click_closure1.doCall(ClickKeyword.groovy:67)
	at com.kms.katalon.core.webui.keyword.builtin.ClickKeyword$_click_closure1.call(ClickKeyword.groovy)
	at com.kms.katalon.core.webui.keyword.internal.WebUIKeywordMain.runKeyword(WebUIKeywordMain.groovy:35)
	... 20 more


04-12-2024T18:00:51 - [TEST_STEP][PASSED] - callTestCase(findTestCase("Common Cases/Login"), [:], STOP_ON_FAILURE): Call Test Case 'Test Cases/Common Cases/Login' successfully

04-12-2024T18:00:52 - [TEST_CASE][PASSED] - Test Cases/Common Cases/Login: Test Cases/Common Cases/Login

04-12-2024T18:00:52 - [TEST_STEP][PASSED] - openBrowser(""): Browser is opened with url: ''

04-12-2024T18:00:52 - [MESSAGE][INFO] - Starting 'Chrome' driver

04-12-2024T18:00:52 - [MESSAGE][INFO] - Action delay is set to 0 milliseconds

04-12-2024T18:00:52 - [MESSAGE][PASSED] - Browser is opened with url: ''

04-12-2024T18:00:52 - [TEST_STEP][PASSED] - maximizeWindow(): Current window maximized

04-12-2024T18:00:52 - [MESSAGE][PASSED] - Current window maximized

04-12-2024T18:00:52 - [TEST_STEP][PASSED] - navigateToUrl("https://site17.lsapp.cloud/auth/login"): Navigate to 'https://site17.lsapp.cloud/auth/login' successfully

04-12-2024T18:00:55 - [MESSAGE][PASSED] - Navigate to 'https://site17.lsapp.cloud/auth/login' successfully

04-12-2024T18:00:55 - [TEST_STEP][PASSED] - setText(findTestObject("Object Repository/Common Cases Repository/Login/Page_Lightning Step/input_Email_email"), "automation@lightningstep.com"): Text 'automation@lightningstep.com' is set on object 'Object Repository/Common Cases Repository/Login/Page_Lightning Step/input_Email_email'

04-12-2024T18:00:56 - [MESSAGE][PASSED] - Text 'automation@lightningstep.com' is set on object 'Object Repository/Common Cases Repository/Login/Page_Lightning Step/input_Email_email'

04-12-2024T18:00:56 - [TEST_STEP][PASSED] - setEncryptedText(findTestObject("Object Repository/Common Cases Repository/Login/Page_Lightning Step/input_Password_password"), "e5N8VHmnhJDITtQaQhDQDw=="): Text ****** has been set on object 'Object Repository/Common Cases Repository/Login/Page_Lightning Step/input_Password_password'

04-12-2024T18:00:56 - [MESSAGE][PASSED] - Text ****** has been set on object 'Object Repository/Common Cases Repository/Login/Page_Lightning Step/input_Password_password'

04-12-2024T18:00:56 - [TEST_STEP][PASSED] - click(findTestObject("Object Repository/Common Cases Repository/Login/Page_Lightning Step/button_Sign in")): Object: 'Object Repository/Common Cases Repository/Login/Page_Lightning Step/button_Sign in' is clicked on

04-12-2024T18:01:03 - [MESSAGE][PASSED] - Object: 'Object Repository/Common Cases Repository/Login/Page_Lightning Step/button_Sign in' is clicked on

04-12-2024T18:01:03 - [MESSAGE][PASSED] - Call Test Case 'Test Cases/Common Cases/Login' successfully

04-12-2024T18:01:03 - [TEST_STEP][PASSED] - navigateToUrl("https://site17.lsapp.cloud/client/index/1556?section=medicalassess"): Navigate to 'https://site17.lsapp.cloud/client/index/1556?section=medicalassess' successfully

04-12-2024T18:01:17 - [MESSAGE][PASSED] - Navigate to 'https://site17.lsapp.cloud/client/index/1556?section=medicalassess' successfully

04-12-2024T18:01:17 - [TEST_STEP][FAILED] - click(findTestObject("Object Repository/Specific Cases Repository/LS/Client Profile/Allergies-Vitals-Labs/Imaging Order/Page_Client Profile/h4_Imaging Order")): Unable to click on object 'Object Repository/Specific Cases Repository/LS/Client Profile/Allergies-Vitals-Labs/Imaging Order/Page_Client Profile/h4_Imaging Order' (Root cause: com.kms.katalon.core.exception.StepFailedException: Unable to click on object 'Object Repository/Specific Cases Repository/LS/Client Profile/Allergies-Vitals-Labs/Imaging Order/Page_Client Profile/h4_Imaging Order'
	at com.kms.katalon.core.webui.keyword.internal.WebUIKeywordMain.stepFailed(WebUIKeywordMain.groovy:117)
	at com.kms.katalon.core.webui.keyword.internal.WebUIKeywordMain.runKeyword(WebUIKeywordMain.groovy:43)
	at com.kms.katalon.core.webui.keyword.builtin.ClickKeyword.click(ClickKeyword.groovy:74)
	at com.kms.katalon.core.webui.keyword.builtin.ClickKeyword.execute(ClickKeyword.groovy:40)
	at com.kms.katalon.core.keyword.internal.KeywordExecutor.executeKeywordForPlatform(KeywordExecutor.groovy:74)
	at com.kms.katalon.core.webui.keyword.WebUiBuiltInKeywords.click(WebUiBuiltInKeywords.groovy:659)
	at Imaging Order.run(Imaging Order:24)
	at com.kms.katalon.core.main.ScriptEngine.run(ScriptEngine.java:194)
	at com.kms.katalon.core.main.ScriptEngine.runScriptAsRawText(ScriptEngine.java:119)
	at com.kms.katalon.core.main.TestCaseExecutor.runScript(TestCaseExecutor.java:448)
	at com.kms.katalon.core.main.TestCaseExecutor.doExecute(TestCaseExecutor.java:439)
	at com.kms.katalon.core.main.TestCaseExecutor.processExecutionPhase(TestCaseExecutor.java:418)
	at com.kms.katalon.core.main.TestCaseExecutor.accessMainPhase(TestCaseExecutor.java:410)
	at com.kms.katalon.core.main.TestCaseExecutor.execute(TestCaseExecutor.java:285)
	at com.kms.katalon.core.common.CommonExecutor.accessTestCaseMainPhase(CommonExecutor.java:65)
	at com.kms.katalon.core.main.TestSuiteExecutor.accessTestSuiteMainPhase(TestSuiteExecutor.java:150)
	at com.kms.katalon.core.main.TestSuiteExecutor.execute(TestSuiteExecutor.java:106)
	at com.kms.katalon.core.main.TestCaseMain.startTestSuite(TestCaseMain.java:180)
	at TempTestSuite1733353068935.run(TempTestSuite1733353068935.groovy:35)
	at java.base/jdk.internal.reflect.NativeMethodAccessorImpl.invoke0(Native Method)
	at java.base/jdk.internal.reflect.NativeMethodAccessorImpl.invoke(NativeMethodAccessorImpl.java:77)
	at java.base/jdk.internal.reflect.DelegatingMethodAccessorImpl.invoke(DelegatingMethodAccessorImpl.java:43)
Caused by: org.openqa.selenium.ElementNotInteractableException: element not interactable
  (Session info: chrome=131.0.6778.86)
Build info: version: '3.141.59', revision: 'unknown', time: 'unknown'
System info: host: 'ENRIQUE', ip: '192.168.100.147', os.name: 'Windows 11', os.arch: 'amd64', os.version: '10.0', java.version: '17.0.7'
Driver info: com.kms.katalon.selenium.driver.CChromeDriver
Capabilities {acceptInsecureCerts: false, browserName: chrome, browserVersion: 131.0.6778.86, chrome: {chromedriverVersion: 130.0.6723.58 (3a50e012e4c9..., userDataDir: C:\Users\Enrique\AppData\Lo...}, fedcm:accounts: true, goog:chromeOptions: {debuggerAddress: localhost:57707}, javascriptEnabled: true, networkConnectionEnabled: false, pageLoadStrategy: normal, platform: WINDOWS, platformName: WINDOWS, proxy: Proxy(), setWindowRect: true, strictFileInteractability: false, timeouts: {implicit: 0, pageLoad: 300000, script: 30000}, unhandledPromptBehavior: dismiss and notify, webauthn:extension:credBlob: true, webauthn:extension:largeBlob: true, webauthn:extension:minPinLength: true, webauthn:extension:prf: true, webauthn:virtualAuthenticators: true}
Session ID: e5894b7ce8cb9b6555aa19d698c2f967
	at java.base/jdk.internal.reflect.NativeConstructorAccessorImpl.newInstance0(Native Method)
	at java.base/jdk.internal.reflect.NativeConstructorAccessorImpl.newInstance(NativeConstructorAccessorImpl.java:77)
	at java.base/jdk.internal.reflect.DelegatingConstructorAccessorImpl.newInstance(DelegatingConstructorAccessorImpl.java:45)
	at org.openqa.selenium.remote.http.W3CHttpResponseCodec.createException(W3CHttpResponseCodec.java:187)
	at org.openqa.selenium.remote.http.W3CHttpResponseCodec.decode(W3CHttpResponseCodec.java:122)
	at org.openqa.selenium.remote.http.W3CHttpResponseCodec.decode(W3CHttpResponseCodec.java:49)
	at org.openqa.selenium.remote.HttpCommandExecutor.execute(HttpCommandExecutor.java:158)
	at org.openqa.selenium.remote.service.DriverCommandExecutor.execute(DriverCommandExecutor.java:83)
	at org.openqa.selenium.remote.RemoteWebDriver.execute(RemoteWebDriver.java:552)
	at com.kms.katalon.selenium.driver.CChromeDriver.execute(CChromeDriver.java:19)
	at org.openqa.selenium.remote.RemoteWebElement.execute(RemoteWebElement.java:285)
	at org.openqa.selenium.remote.RemoteWebElement.click(RemoteWebElement.java:84)
	at jdk.internal.reflect.GeneratedMethodAccessor14.invoke(Unknown Source)
	at java.base/jdk.internal.reflect.DelegatingMethodAccessorImpl.invoke(DelegatingMethodAccessorImpl.java:43)
	at org.openqa.selenium.support.events.EventFiringWebDriver$EventFiringWebElement.lambda$new$0(EventFiringWebDriver.java:404)
	at jdk.proxy2/jdk.proxy2.$Proxy24.click(Unknown Source)
	at org.openqa.selenium.support.events.EventFiringWebDriver$EventFiringWebElement.click(EventFiringWebDriver.java:417)
	at org.openqa.selenium.WebElement$click.call(Unknown Source)
	at com.kms.katalon.core.webui.keyword.builtin.ClickKeyword.clickUntilSuccessWithTimeout(ClickKeyword.groovy:81)
	at com.kms.katalon.core.webui.keyword.builtin.ClickKeyword.clickUntilSuccessWithTimeout(ClickKeyword.groovy)
	at jdk.internal.reflect.GeneratedMethodAccessor16.invoke(Unknown Source)
	at java.base/jdk.internal.reflect.DelegatingMethodAccessorImpl.invoke(DelegatingMethodAccessorImpl.java:43)
	at com.kms.katalon.core.webui.keyword.builtin.ClickKeyword$_click_closure1.doCall(ClickKeyword.groovy:67)
	at com.kms.katalon.core.webui.keyword.builtin.ClickKeyword$_click_closure1.call(ClickKeyword.groovy)
	at com.kms.katalon.core.webui.keyword.internal.WebUIKeywordMain.runKeyword(WebUIKeywordMain.groovy:35)
	at com.kms.katalon.core.webui.keyword.builtin.ClickKeyword.click(ClickKeyword.groovy:74)
	at com.kms.katalon.core.webui.keyword.builtin.ClickKeyword.execute(ClickKeyword.groovy:40)
	at com.kms.katalon.core.keyword.internal.KeywordExecutor.executeKeywordForPlatform(KeywordExecutor.groovy:74)
	at com.kms.katalon.core.webui.keyword.WebUiBuiltInKeywords.click(WebUiBuiltInKeywords.groovy:659)
	at Script1732206487451.run(Script1732206487451.groovy:24)
	... 15 more
)

04-12-2024T18:01:48 - [MESSAGE][INFO] - Unable to find the element located by 'By.xpath: //td[@id='medevalimaging_order']/h4'. Please recheck the objects properties to make sure the desired element is located. 

04-12-2024T18:01:48 - [MESSAGE][WARNING] - [SELF-HEALING] Failed to find element with id 'Object Repository/Specific Cases Repository/LS/Client Profile/Allergies-Vitals-Labs/Imaging Order/Page_Client Profile/h4_Imaging Order'. Try using Self-healing.

04-12-2024T18:01:48 - [MESSAGE][INFO] - [SELF-HEALING] Failed Locator: '//td[@id='medevalimaging_order']/h4'.

04-12-2024T18:01:49 - [MESSAGE][INFO] - [SELF-HEALING] Working Locator: '(.//*[normalize-space(text()) and normalize-space(.)='Pregnancy Test'])[1]/following::h4[2]'.

04-12-2024T18:01:49 - [MESSAGE][ERROR] - [SELF-HEALING] Cannot save screenshot to: C:\Users\Enrique\git\AUTOMATION_LS\Reports\Self-healing, reason: unknown error: unhandled inspector error: {"code":-32000,"message":"Cannot take screenshot with 0 width."}
  (Session info: chrome=131.0.6778.86)
Build info: version: '3.141.59', revision: 'unknown', time: 'unknown'
System info: host: 'ENRIQUE', ip: '192.168.100.147', os.name: 'Windows 11', os.arch: 'amd64', os.version: '10.0', java.version: '17.0.7'
Driver info: com.kms.katalon.selenium.driver.CChromeDriver
Capabilities {acceptInsecureCerts: false, browserName: chrome, browserVersion: 131.0.6778.86, chrome: {chromedriverVersion: 130.0.6723.58 (3a50e012e4c9..., userDataDir: C:\Users\Enrique\AppData\Lo...}, fedcm:accounts: true, goog:chromeOptions: {debuggerAddress: localhost:57707}, javascriptEnabled: true, networkConnectionEnabled: false, pageLoadStrategy: normal, platform: WINDOWS, platformName: WINDOWS, proxy: Proxy(), setWindowRect: true, strictFileInteractability: false, timeouts: {implicit: 0, pageLoad: 300000, script: 30000}, unhandledPromptBehavior: dismiss and notify, webauthn:extension:credBlob: true, webauthn:extension:largeBlob: true, webauthn:extension:minPinLength: true, webauthn:extension:prf: true, webauthn:virtualAuthenticators: true}
Session ID: e5894b7ce8cb9b6555aa19d698c2f967.

04-12-2024T18:01:49 - [MESSAGE][ERROR] - [SELF-HEALING] Cannot save screenshot to: C:\Users\Enrique\git\AUTOMATION_LS\Reports\Self-healing, reason: unknown error: unhandled inspector error: {"code":-32000,"message":"Cannot take screenshot with 0 width."}
  (Session info: chrome=131.0.6778.86)
Build info: version: '3.141.59', revision: 'unknown', time: 'unknown'
System info: host: 'ENRIQUE', ip: '192.168.100.147', os.name: 'Windows 11', os.arch: 'amd64', os.version: '10.0', java.version: '17.0.7'
Driver info: com.kms.katalon.selenium.driver.CChromeDriver
Capabilities {acceptInsecureCerts: false, browserName: chrome, browserVersion: 131.0.6778.86, chrome: {chromedriverVersion: 130.0.6723.58 (3a50e012e4c9..., userDataDir: C:\Users\Enrique\AppData\Lo...}, fedcm:accounts: true, goog:chromeOptions: {debuggerAddress: localhost:57707}, javascriptEnabled: true, networkConnectionEnabled: false, pageLoadStrategy: normal, platform: WINDOWS, platformName: WINDOWS, proxy: Proxy(), setWindowRect: true, strictFileInteractability: false, timeouts: {implicit: 0, pageLoad: 300000, script: 30000}, unhandledPromptBehavior: dismiss and notify, webauthn:extension:credBlob: true, webauthn:extension:largeBlob: true, webauthn:extension:minPinLength: true, webauthn:extension:prf: true, webauthn:virtualAuthenticators: true}
Session ID: e5894b7ce8cb9b6555aa19d698c2f967.

04-12-2024T18:01:49 - [MESSAGE][ERROR] - [SELF-HEALING] Cannot save screenshot to: C:\Users\Enrique\git\AUTOMATION_LS\Reports\Self-healing, reason: unknown error: unhandled inspector error: {"code":-32000,"message":"Cannot take screenshot with 0 width."}
  (Session info: chrome=131.0.6778.86)
Build info: version: '3.141.59', revision: 'unknown', time: 'unknown'
System info: host: 'ENRIQUE', ip: '192.168.100.147', os.name: 'Windows 11', os.arch: 'amd64', os.version: '10.0', java.version: '17.0.7'
Driver info: com.kms.katalon.selenium.driver.CChromeDriver
Capabilities {acceptInsecureCerts: false, browserName: chrome, browserVersion: 131.0.6778.86, chrome: {chromedriverVersion: 130.0.6723.58 (3a50e012e4c9..., userDataDir: C:\Users\Enrique\AppData\Lo...}, fedcm:accounts: true, goog:chromeOptions: {debuggerAddress: localhost:57707}, javascriptEnabled: true, networkConnectionEnabled: false, pageLoadStrategy: normal, platform: WINDOWS, platformName: WINDOWS, proxy: Proxy(), setWindowRect: true, strictFileInteractability: false, timeouts: {implicit: 0, pageLoad: 300000, script: 30000}, unhandledPromptBehavior: dismiss and notify, webauthn:extension:credBlob: true, webauthn:extension:largeBlob: true, webauthn:extension:minPinLength: true, webauthn:extension:prf: true, webauthn:virtualAuthenticators: true}
Session ID: e5894b7ce8cb9b6555aa19d698c2f967.

04-12-2024T18:01:49 - [MESSAGE][WARNING] - [SELF-HEALING] The current locator of test object 'Object Repository/Specific Cases Repository/LS/Client Profile/Allergies-Vitals-Labs/Imaging Order/Page_Client Profile/h4_Imaging Order' was broken. Propose an alternative one: '(.//*[normalize-space(text()) and normalize-space(.)='Pregnancy Test'])[1]/following::h4[2]'.

04-12-2024T18:01:49 - [MESSAGE][FAILED] - Unable to click on object 'Object Repository/Specific Cases Repository/LS/Client Profile/Allergies-Vitals-Labs/Imaging Order/Page_Client Profile/h4_Imaging Order' (Root cause: com.kms.katalon.core.exception.StepFailedException: Unable to click on object 'Object Repository/Specific Cases Repository/LS/Client Profile/Allergies-Vitals-Labs/Imaging Order/Page_Client Profile/h4_Imaging Order'
	at com.kms.katalon.core.webui.keyword.internal.WebUIKeywordMain.stepFailed(WebUIKeywordMain.groovy:117)
	at com.kms.katalon.core.webui.keyword.internal.WebUIKeywordMain.runKeyword(WebUIKeywordMain.groovy:43)
	at com.kms.katalon.core.webui.keyword.builtin.ClickKeyword.click(ClickKeyword.groovy:74)
	at com.kms.katalon.core.webui.keyword.builtin.ClickKeyword.execute(ClickKeyword.groovy:40)
	at com.kms.katalon.core.keyword.internal.KeywordExecutor.executeKeywordForPlatform(KeywordExecutor.groovy:74)
	at com.kms.katalon.core.webui.keyword.WebUiBuiltInKeywords.click(WebUiBuiltInKeywords.groovy:659)
	at Imaging Order.run(Imaging Order:24)
	at com.kms.katalon.core.main.ScriptEngine.run(ScriptEngine.java:194)
	at com.kms.katalon.core.main.ScriptEngine.runScriptAsRawText(ScriptEngine.java:119)
	at com.kms.katalon.core.main.TestCaseExecutor.runScript(TestCaseExecutor.java:448)
	at com.kms.katalon.core.main.TestCaseExecutor.doExecute(TestCaseExecutor.java:439)
	at com.kms.katalon.core.main.TestCaseExecutor.processExecutionPhase(TestCaseExecutor.java:418)
	at com.kms.katalon.core.main.TestCaseExecutor.accessMainPhase(TestCaseExecutor.java:410)
	at com.kms.katalon.core.main.TestCaseExecutor.execute(TestCaseExecutor.java:285)
	at com.kms.katalon.core.common.CommonExecutor.accessTestCaseMainPhase(CommonExecutor.java:65)
	at com.kms.katalon.core.main.TestSuiteExecutor.accessTestSuiteMainPhase(TestSuiteExecutor.java:150)
	at com.kms.katalon.core.main.TestSuiteExecutor.execute(TestSuiteExecutor.java:106)
	at com.kms.katalon.core.main.TestCaseMain.startTestSuite(TestCaseMain.java:180)
	at TempTestSuite1733353068935.run(TempTestSuite1733353068935.groovy:35)
	at java.base/jdk.internal.reflect.NativeMethodAccessorImpl.invoke0(Native Method)
	at java.base/jdk.internal.reflect.NativeMethodAccessorImpl.invoke(NativeMethodAccessorImpl.java:77)
	at java.base/jdk.internal.reflect.DelegatingMethodAccessorImpl.invoke(DelegatingMethodAccessorImpl.java:43)
Caused by: org.openqa.selenium.ElementNotInteractableException: element not interactable
  (Session info: chrome=131.0.6778.86)
Build info: version: '3.141.59', revision: 'unknown', time: 'unknown'
System info: host: 'ENRIQUE', ip: '192.168.100.147', os.name: 'Windows 11', os.arch: 'amd64', os.version: '10.0', java.version: '17.0.7'
Driver info: com.kms.katalon.selenium.driver.CChromeDriver
Capabilities {acceptInsecureCerts: false, browserName: chrome, browserVersion: 131.0.6778.86, chrome: {chromedriverVersion: 130.0.6723.58 (3a50e012e4c9..., userDataDir: C:\Users\Enrique\AppData\Lo...}, fedcm:accounts: true, goog:chromeOptions: {debuggerAddress: localhost:57707}, javascriptEnabled: true, networkConnectionEnabled: false, pageLoadStrategy: normal, platform: WINDOWS, platformName: WINDOWS, proxy: Proxy(), setWindowRect: true, strictFileInteractability: false, timeouts: {implicit: 0, pageLoad: 300000, script: 30000}, unhandledPromptBehavior: dismiss and notify, webauthn:extension:credBlob: true, webauthn:extension:largeBlob: true, webauthn:extension:minPinLength: true, webauthn:extension:prf: true, webauthn:virtualAuthenticators: true}
Session ID: e5894b7ce8cb9b6555aa19d698c2f967
	at java.base/jdk.internal.reflect.NativeConstructorAccessorImpl.newInstance0(Native Method)
	at java.base/jdk.internal.reflect.NativeConstructorAccessorImpl.newInstance(NativeConstructorAccessorImpl.java:77)
	at java.base/jdk.internal.reflect.DelegatingConstructorAccessorImpl.newInstance(DelegatingConstructorAccessorImpl.java:45)
	at org.openqa.selenium.remote.http.W3CHttpResponseCodec.createException(W3CHttpResponseCodec.java:187)
	at org.openqa.selenium.remote.http.W3CHttpResponseCodec.decode(W3CHttpResponseCodec.java:122)
	at org.openqa.selenium.remote.http.W3CHttpResponseCodec.decode(W3CHttpResponseCodec.java:49)
	at org.openqa.selenium.remote.HttpCommandExecutor.execute(HttpCommandExecutor.java:158)
	at org.openqa.selenium.remote.service.DriverCommandExecutor.execute(DriverCommandExecutor.java:83)
	at org.openqa.selenium.remote.RemoteWebDriver.execute(RemoteWebDriver.java:552)
	at com.kms.katalon.selenium.driver.CChromeDriver.execute(CChromeDriver.java:19)
	at org.openqa.selenium.remote.RemoteWebElement.execute(RemoteWebElement.java:285)
	at org.openqa.selenium.remote.RemoteWebElement.click(RemoteWebElement.java:84)
	at jdk.internal.reflect.GeneratedMethodAccessor14.invoke(Unknown Source)
	at java.base/jdk.internal.reflect.DelegatingMethodAccessorImpl.invoke(DelegatingMethodAccessorImpl.java:43)
	at org.openqa.selenium.support.events.EventFiringWebDriver$EventFiringWebElement.lambda$new$0(EventFiringWebDriver.java:404)
	at jdk.proxy2/jdk.proxy2.$Proxy24.click(Unknown Source)
	at org.openqa.selenium.support.events.EventFiringWebDriver$EventFiringWebElement.click(EventFiringWebDriver.java:417)
	at org.openqa.selenium.WebElement$click.call(Unknown Source)
	at com.kms.katalon.core.webui.keyword.builtin.ClickKeyword.clickUntilSuccessWithTimeout(ClickKeyword.groovy:81)
	at com.kms.katalon.core.webui.keyword.builtin.ClickKeyword.clickUntilSuccessWithTimeout(ClickKeyword.groovy)
	at jdk.internal.reflect.GeneratedMethodAccessor16.invoke(Unknown Source)
	at java.base/jdk.internal.reflect.DelegatingMethodAccessorImpl.invoke(DelegatingMethodAccessorImpl.java:43)
	at com.kms.katalon.core.webui.keyword.builtin.ClickKeyword$_click_closure1.doCall(ClickKeyword.groovy:67)
	at com.kms.katalon.core.webui.keyword.builtin.ClickKeyword$_click_closure1.call(ClickKeyword.groovy)
	at com.kms.katalon.core.webui.keyword.internal.WebUIKeywordMain.runKeyword(WebUIKeywordMain.groovy:35)
	at com.kms.katalon.core.webui.keyword.builtin.ClickKeyword.click(ClickKeyword.groovy:74)
	at com.kms.katalon.core.webui.keyword.builtin.ClickKeyword.execute(ClickKeyword.groovy:40)
	at com.kms.katalon.core.keyword.internal.KeywordExecutor.executeKeywordForPlatform(KeywordExecutor.groovy:74)
	at com.kms.katalon.core.webui.keyword.WebUiBuiltInKeywords.click(WebUiBuiltInKeywords.groovy:659)
	at Script1732206487451.run(Script1732206487451.groovy:24)
	... 15 more
)
[[ATTACHMENT|C:\\Users\\Enrique\\git\\AUTOMATION_LS\\Reports\\20241204_175739\\LS\\Client Profile\\Client Profile\\20241204_175748\\1733353309414.png]]]]></system-out>
         <system-err><![CDATA[04-12-2024T18:00:51 - [TEST_CASE][FAILED] - Test Cases/Specific Cases/LS/Client Profile/Allergies-Vitals-Labs/Imaging Order: Test Cases/Specific Cases/LS/Client Profile/Allergies-Vitals-Labs/Imaging Order FAILED.
Reason:
com.kms.katalon.core.exception.StepFailedException: Unable to click on object 'Object Repository/Specific Cases Repository/LS/Client Profile/Allergies-Vitals-Labs/Imaging Order/Page_Client Profile/h4_Imaging Order'
	at com.kms.katalon.core.webui.keyword.internal.WebUIKeywordMain.stepFailed(WebUIKeywordMain.groovy:117)
	at com.kms.katalon.core.webui.keyword.internal.WebUIKeywordMain.runKeyword(WebUIKeywordMain.groovy:43)
	at com.kms.katalon.core.webui.keyword.builtin.ClickKeyword.click(ClickKeyword.groovy:74)
	at com.kms.katalon.core.webui.keyword.builtin.ClickKeyword.execute(ClickKeyword.groovy:40)
	at com.kms.katalon.core.keyword.internal.KeywordExecutor.executeKeywordForPlatform(KeywordExecutor.groovy:74)
	at com.kms.katalon.core.webui.keyword.WebUiBuiltInKeywords.click(WebUiBuiltInKeywords.groovy:659)
	at Imaging Order.run(Imaging Order:24)
	at com.kms.katalon.core.main.ScriptEngine.run(ScriptEngine.java:194)
	at com.kms.katalon.core.main.ScriptEngine.runScriptAsRawText(ScriptEngine.java:119)
	at com.kms.katalon.core.main.TestCaseExecutor.runScript(TestCaseExecutor.java:448)
	at com.kms.katalon.core.main.TestCaseExecutor.doExecute(TestCaseExecutor.java:439)
	at com.kms.katalon.core.main.TestCaseExecutor.processExecutionPhase(TestCaseExecutor.java:418)
	at com.kms.katalon.core.main.TestCaseExecutor.accessMainPhase(TestCaseExecutor.java:410)
	at com.kms.katalon.core.main.TestCaseExecutor.execute(TestCaseExecutor.java:285)
	at com.kms.katalon.core.common.CommonExecutor.accessTestCaseMainPhase(CommonExecutor.java:65)
	at com.kms.katalon.core.main.TestSuiteExecutor.accessTestSuiteMainPhase(TestSuiteExecutor.java:150)
	at com.kms.katalon.core.main.TestSuiteExecutor.execute(TestSuiteExecutor.java:106)
	at com.kms.katalon.core.main.TestCaseMain.startTestSuite(TestCaseMain.java:180)
	at TempTestSuite1733353068935.run(TempTestSuite1733353068935.groovy:35)
	at java.base/jdk.internal.reflect.NativeMethodAccessorImpl.invoke0(Native Method)
	at java.base/jdk.internal.reflect.NativeMethodAccessorImpl.invoke(NativeMethodAccessorImpl.java:77)
	at java.base/jdk.internal.reflect.DelegatingMethodAccessorImpl.invoke(DelegatingMethodAccessorImpl.java:43)
Caused by: org.openqa.selenium.ElementNotInteractableException: element not interactable
  (Session info: chrome=131.0.6778.86)
Build info: version: '3.141.59', revision: 'unknown', time: 'unknown'
System info: host: 'ENRIQUE', ip: '192.168.100.147', os.name: 'Windows 11', os.arch: 'amd64', os.version: '10.0', java.version: '17.0.7'
Driver info: com.kms.katalon.selenium.driver.CChromeDriver
Capabilities {acceptInsecureCerts: false, browserName: chrome, browserVersion: 131.0.6778.86, chrome: {chromedriverVersion: 130.0.6723.58 (3a50e012e4c9..., userDataDir: C:\Users\Enrique\AppData\Lo...}, fedcm:accounts: true, goog:chromeOptions: {debuggerAddress: localhost:57707}, javascriptEnabled: true, networkConnectionEnabled: false, pageLoadStrategy: normal, platform: WINDOWS, platformName: WINDOWS, proxy: Proxy(), setWindowRect: true, strictFileInteractability: false, timeouts: {implicit: 0, pageLoad: 300000, script: 30000}, unhandledPromptBehavior: dismiss and notify, webauthn:extension:credBlob: true, webauthn:extension:largeBlob: true, webauthn:extension:minPinLength: true, webauthn:extension:prf: true, webauthn:virtualAuthenticators: true}
Session ID: e5894b7ce8cb9b6555aa19d698c2f967
	at java.base/jdk.internal.reflect.NativeConstructorAccessorImpl.newInstance0(Native Method)
	at java.base/jdk.internal.reflect.NativeConstructorAccessorImpl.newInstance(NativeConstructorAccessorImpl.java:77)
	at java.base/jdk.internal.reflect.DelegatingConstructorAccessorImpl.newInstance(DelegatingConstructorAccessorImpl.java:45)
	at org.openqa.selenium.remote.http.W3CHttpResponseCodec.createException(W3CHttpResponseCodec.java:187)
	at org.openqa.selenium.remote.http.W3CHttpResponseCodec.decode(W3CHttpResponseCodec.java:122)
	at org.openqa.selenium.remote.http.W3CHttpResponseCodec.decode(W3CHttpResponseCodec.java:49)
	at org.openqa.selenium.remote.HttpCommandExecutor.execute(HttpCommandExecutor.java:158)
	at org.openqa.selenium.remote.service.DriverCommandExecutor.execute(DriverCommandExecutor.java:83)
	at org.openqa.selenium.remote.RemoteWebDriver.execute(RemoteWebDriver.java:552)
	at com.kms.katalon.selenium.driver.CChromeDriver.execute(CChromeDriver.java:19)
	at org.openqa.selenium.remote.RemoteWebElement.execute(RemoteWebElement.java:285)
	at org.openqa.selenium.remote.RemoteWebElement.click(RemoteWebElement.java:84)
	at jdk.internal.reflect.GeneratedMethodAccessor14.invoke(Unknown Source)
	at java.base/jdk.internal.reflect.DelegatingMethodAccessorImpl.invoke(DelegatingMethodAccessorImpl.java:43)
	at org.openqa.selenium.support.events.EventFiringWebDriver$EventFiringWebElement.lambda$new$0(EventFiringWebDriver.java:404)
	at jdk.proxy2/jdk.proxy2.$Proxy24.click(Unknown Source)
	at org.openqa.selenium.support.events.EventFiringWebDriver$EventFiringWebElement.click(EventFiringWebDriver.java:417)
	at org.openqa.selenium.WebElement$click.call(Unknown Source)
	at com.kms.katalon.core.webui.keyword.builtin.ClickKeyword.clickUntilSuccessWithTimeout(ClickKeyword.groovy:81)
	at com.kms.katalon.core.webui.keyword.builtin.ClickKeyword.clickUntilSuccessWithTimeout(ClickKeyword.groovy)
	at jdk.internal.reflect.GeneratedMethodAccessor16.invoke(Unknown Source)
	at java.base/jdk.internal.reflect.DelegatingMethodAccessorImpl.invoke(DelegatingMethodAccessorImpl.java:43)
	at com.kms.katalon.core.webui.keyword.builtin.ClickKeyword$_click_closure1.doCall(ClickKeyword.groovy:67)
	at com.kms.katalon.core.webui.keyword.builtin.ClickKeyword$_click_closure1.call(ClickKeyword.groovy)
	at com.kms.katalon.core.webui.keyword.internal.WebUIKeywordMain.runKeyword(WebUIKeywordMain.groovy:35)
	... 20 more]]></system-err>
      </testcase>
      <testcase name="Test Cases/Specific Cases/LS/Client Profile/Allergies-Vitals-Labs/Immunization" time="79.305" classname="Test Cases/Specific Cases/LS/Client Profile/Allergies-Vitals-Labs/Immunization" status="FAILED">
         <failure type="FAILED" message="Test Cases/Specific Cases/LS/Client Profile/Allergies-Vitals-Labs/Immunization FAILED.&#xa;Reason:&#xa;com.kms.katalon.core.exception.StepFailedException: Verify element text of test object 'Object Repository/Specific Cases Repository/LS/Client Profile/Allergies-Vitals-Labs/Immunization/Page_Client Profile/td_Anthrax-adenovirus vaccine, type 4, live, oral' FAILED.&#xa;	at com.kms.katalon.core.webui.keyword.internal.WebUIKeywordMain.stepFailed(WebUIKeywordMain.groovy:117)&#xa;	at com.kms.katalon.core.webui.keyword.internal.WebUIKeywordMain.runKeyword(WebUIKeywordMain.groovy:43)&#xa;	at com.kms.katalon.core.webui.keyword.builtin.VerifyElementTextKeyword.verifyElementText(VerifyElementTextKeyword.groovy:72)&#xa;	at com.kms.katalon.core.webui.keyword.builtin.VerifyElementTextKeyword.execute(VerifyElementTextKeyword.groovy:40)&#xa;	at com.kms.katalon.core.keyword.internal.KeywordExecutor.executeKeywordForPlatform(KeywordExecutor.groovy:74)&#xa;	at com.kms.katalon.core.webui.keyword.WebUiBuiltInKeywords.verifyElementText(WebUiBuiltInKeywords.groovy:4835)&#xa;	at Immunization.run(Immunization:82)&#xa;	at com.kms.katalon.core.main.ScriptEngine.run(ScriptEngine.java:194)&#xa;	at com.kms.katalon.core.main.ScriptEngine.runScriptAsRawText(ScriptEngine.java:119)&#xa;	at com.kms.katalon.core.main.TestCaseExecutor.runScript(TestCaseExecutor.java:448)&#xa;	at com.kms.katalon.core.main.TestCaseExecutor.doExecute(TestCaseExecutor.java:439)&#xa;	at com.kms.katalon.core.main.TestCaseExecutor.processExecutionPhase(TestCaseExecutor.java:418)&#xa;	at com.kms.katalon.core.main.TestCaseExecutor.accessMainPhase(TestCaseExecutor.java:410)&#xa;	at com.kms.katalon.core.main.TestCaseExecutor.execute(TestCaseExecutor.java:285)&#xa;	at com.kms.katalon.core.common.CommonExecutor.accessTestCaseMainPhase(CommonExecutor.java:65)&#xa;	at com.kms.katalon.core.main.TestSuiteExecutor.accessTestSuiteMainPhase(TestSuiteExecutor.java:150)&#xa;	at com.kms.katalon.core.main.TestSuiteExecutor.execute(TestSuiteExecutor.java:106)&#xa;	at com.kms.katalon.core.main.TestCaseMain.startTestSuite(TestCaseMain.java:180)&#xa;	at TempTestSuite1733353068935.run(TempTestSuite1733353068935.groovy:35)&#xa;	at java.base/jdk.internal.reflect.NativeMethodAccessorImpl.invoke0(Native Method)&#xa;	at java.base/jdk.internal.reflect.NativeMethodAccessorImpl.invoke(NativeMethodAccessorImpl.java:77)&#xa;	at java.base/jdk.internal.reflect.DelegatingMethodAccessorImpl.invoke(DelegatingMethodAccessorImpl.java:43)&#xa;Caused by: com.kms.katalon.core.exception.StepFailedException: Actual text 'Anthrax-anthrax vaccine' and expected text 'Anthrax-adenovirus vaccine, type 4, live, oral' of test object 'Object Repository/Specific Cases Repository/LS/Client Profile/Allergies-Vitals-Labs/Immunization/Page_Client Profile/td_Anthrax-adenovirus vaccine, type 4, live, oral' are NOT matched.&#xa;	at com.kms.katalon.core.webui.keyword.internal.WebUIKeywordMain.stepFailed(WebUIKeywordMain.groovy:117)&#xa;	at com.kms.katalon.core.webui.keyword.builtin.VerifyElementTextKeyword$_verifyElementText_closure1.doCall(VerifyElementTextKeyword.groovy:57)&#xa;	at com.kms.katalon.core.webui.keyword.builtin.VerifyElementTextKeyword$_verifyElementText_closure1.call(VerifyElementTextKeyword.groovy)&#xa;	at com.kms.katalon.core.webui.keyword.internal.WebUIKeywordMain.runKeyword(WebUIKeywordMain.groovy:35)&#xa;	... 20 more&#xa;"/>
         <system-out><![CDATA[04-12-2024T18:01:49 - [TEST_CASE][FAILED] - Test Cases/Specific Cases/LS/Client Profile/Allergies-Vitals-Labs/Immunization: Test Cases/Specific Cases/LS/Client Profile/Allergies-Vitals-Labs/Immunization FAILED.
Reason:
com.kms.katalon.core.exception.StepFailedException: Verify element text of test object 'Object Repository/Specific Cases Repository/LS/Client Profile/Allergies-Vitals-Labs/Immunization/Page_Client Profile/td_Anthrax-adenovirus vaccine, type 4, live, oral' FAILED.
	at com.kms.katalon.core.webui.keyword.internal.WebUIKeywordMain.stepFailed(WebUIKeywordMain.groovy:117)
	at com.kms.katalon.core.webui.keyword.internal.WebUIKeywordMain.runKeyword(WebUIKeywordMain.groovy:43)
	at com.kms.katalon.core.webui.keyword.builtin.VerifyElementTextKeyword.verifyElementText(VerifyElementTextKeyword.groovy:72)
	at com.kms.katalon.core.webui.keyword.builtin.VerifyElementTextKeyword.execute(VerifyElementTextKeyword.groovy:40)
	at com.kms.katalon.core.keyword.internal.KeywordExecutor.executeKeywordForPlatform(KeywordExecutor.groovy:74)
	at com.kms.katalon.core.webui.keyword.WebUiBuiltInKeywords.verifyElementText(WebUiBuiltInKeywords.groovy:4835)
	at Immunization.run(Immunization:82)
	at com.kms.katalon.core.main.ScriptEngine.run(ScriptEngine.java:194)
	at com.kms.katalon.core.main.ScriptEngine.runScriptAsRawText(ScriptEngine.java:119)
	at com.kms.katalon.core.main.TestCaseExecutor.runScript(TestCaseExecutor.java:448)
	at com.kms.katalon.core.main.TestCaseExecutor.doExecute(TestCaseExecutor.java:439)
	at com.kms.katalon.core.main.TestCaseExecutor.processExecutionPhase(TestCaseExecutor.java:418)
	at com.kms.katalon.core.main.TestCaseExecutor.accessMainPhase(TestCaseExecutor.java:410)
	at com.kms.katalon.core.main.TestCaseExecutor.execute(TestCaseExecutor.java:285)
	at com.kms.katalon.core.common.CommonExecutor.accessTestCaseMainPhase(CommonExecutor.java:65)
	at com.kms.katalon.core.main.TestSuiteExecutor.accessTestSuiteMainPhase(TestSuiteExecutor.java:150)
	at com.kms.katalon.core.main.TestSuiteExecutor.execute(TestSuiteExecutor.java:106)
	at com.kms.katalon.core.main.TestCaseMain.startTestSuite(TestCaseMain.java:180)
	at TempTestSuite1733353068935.run(TempTestSuite1733353068935.groovy:35)
	at java.base/jdk.internal.reflect.NativeMethodAccessorImpl.invoke0(Native Method)
	at java.base/jdk.internal.reflect.NativeMethodAccessorImpl.invoke(NativeMethodAccessorImpl.java:77)
	at java.base/jdk.internal.reflect.DelegatingMethodAccessorImpl.invoke(DelegatingMethodAccessorImpl.java:43)
Caused by: com.kms.katalon.core.exception.StepFailedException: Actual text 'Anthrax-anthrax vaccine' and expected text 'Anthrax-adenovirus vaccine, type 4, live, oral' of test object 'Object Repository/Specific Cases Repository/LS/Client Profile/Allergies-Vitals-Labs/Immunization/Page_Client Profile/td_Anthrax-adenovirus vaccine, type 4, live, oral' are NOT matched.
	at com.kms.katalon.core.webui.keyword.internal.WebUIKeywordMain.stepFailed(WebUIKeywordMain.groovy:117)
	at com.kms.katalon.core.webui.keyword.builtin.VerifyElementTextKeyword$_verifyElementText_closure1.doCall(VerifyElementTextKeyword.groovy:57)
	at com.kms.katalon.core.webui.keyword.builtin.VerifyElementTextKeyword$_verifyElementText_closure1.call(VerifyElementTextKeyword.groovy)
	at com.kms.katalon.core.webui.keyword.internal.WebUIKeywordMain.runKeyword(WebUIKeywordMain.groovy:35)
	... 20 more


04-12-2024T18:01:49 - [TEST_STEP][PASSED] - callTestCase(findTestCase("Common Cases/Login"), [:], STOP_ON_FAILURE): Call Test Case 'Test Cases/Common Cases/Login' successfully

04-12-2024T18:01:49 - [TEST_CASE][PASSED] - Test Cases/Common Cases/Login: Test Cases/Common Cases/Login

04-12-2024T18:01:49 - [TEST_STEP][PASSED] - openBrowser(""): Browser is opened with url: ''

04-12-2024T18:01:49 - [MESSAGE][WARNING] - A browser is already opened. Closing browser and opening a new one

04-12-2024T18:01:50 - [MESSAGE][INFO] - Starting 'Chrome' driver

04-12-2024T18:01:50 - [MESSAGE][INFO] - Action delay is set to 0 milliseconds

04-12-2024T18:01:51 - [MESSAGE][PASSED] - Browser is opened with url: ''

04-12-2024T18:01:51 - [TEST_STEP][PASSED] - maximizeWindow(): Current window maximized

04-12-2024T18:01:51 - [MESSAGE][PASSED] - Current window maximized

04-12-2024T18:01:51 - [TEST_STEP][PASSED] - navigateToUrl("https://site17.lsapp.cloud/auth/login"): Navigate to 'https://site17.lsapp.cloud/auth/login' successfully

04-12-2024T18:01:53 - [MESSAGE][PASSED] - Navigate to 'https://site17.lsapp.cloud/auth/login' successfully

04-12-2024T18:01:53 - [TEST_STEP][PASSED] - setText(findTestObject("Object Repository/Common Cases Repository/Login/Page_Lightning Step/input_Email_email"), "automation@lightningstep.com"): Text 'automation@lightningstep.com' is set on object 'Object Repository/Common Cases Repository/Login/Page_Lightning Step/input_Email_email'

04-12-2024T18:01:54 - [MESSAGE][PASSED] - Text 'automation@lightningstep.com' is set on object 'Object Repository/Common Cases Repository/Login/Page_Lightning Step/input_Email_email'

04-12-2024T18:01:54 - [TEST_STEP][PASSED] - setEncryptedText(findTestObject("Object Repository/Common Cases Repository/Login/Page_Lightning Step/input_Password_password"), "e5N8VHmnhJDITtQaQhDQDw=="): Text ****** has been set on object 'Object Repository/Common Cases Repository/Login/Page_Lightning Step/input_Password_password'

04-12-2024T18:01:55 - [MESSAGE][PASSED] - Text ****** has been set on object 'Object Repository/Common Cases Repository/Login/Page_Lightning Step/input_Password_password'

04-12-2024T18:01:55 - [TEST_STEP][PASSED] - click(findTestObject("Object Repository/Common Cases Repository/Login/Page_Lightning Step/button_Sign in")): Object: 'Object Repository/Common Cases Repository/Login/Page_Lightning Step/button_Sign in' is clicked on

04-12-2024T18:01:59 - [MESSAGE][PASSED] - Object: 'Object Repository/Common Cases Repository/Login/Page_Lightning Step/button_Sign in' is clicked on

04-12-2024T18:01:59 - [MESSAGE][PASSED] - Call Test Case 'Test Cases/Common Cases/Login' successfully

04-12-2024T18:01:59 - [TEST_STEP][PASSED] - navigateToUrl("https://site17.lsapp.cloud/client/index/1556?section=medicalassess"): Navigate to 'https://site17.lsapp.cloud/client/index/1556?section=medicalassess' successfully

04-12-2024T18:02:07 - [MESSAGE][PASSED] - Navigate to 'https://site17.lsapp.cloud/client/index/1556?section=medicalassess' successfully

04-12-2024T18:02:07 - [TEST_STEP][PASSED] - click(findTestObject("Object Repository/Specific Cases Repository/LS/Client Profile/Allergies-Vitals-Labs/Immunization/Page_Client Profile/h4_Immunization")): Object: 'Object Repository/Specific Cases Repository/LS/Client Profile/Allergies-Vitals-Labs/Immunization/Page_Client Profile/h4_Immunization' is clicked on

04-12-2024T18:02:09 - [MESSAGE][PASSED] - Object: 'Object Repository/Specific Cases Repository/LS/Client Profile/Allergies-Vitals-Labs/Immunization/Page_Client Profile/h4_Immunization' is clicked on

04-12-2024T18:02:09 - [TEST_STEP][PASSED] - click(findTestObject("Object Repository/Specific Cases Repository/LS/Client Profile/Allergies-Vitals-Labs/Immunization/Page_Client Profile/i_add")): Object: 'Object Repository/Specific Cases Repository/LS/Client Profile/Allergies-Vitals-Labs/Immunization/Page_Client Profile/i_add' is clicked on

04-12-2024T18:02:14 - [MESSAGE][PASSED] - Object: 'Object Repository/Specific Cases Repository/LS/Client Profile/Allergies-Vitals-Labs/Immunization/Page_Client Profile/i_add' is clicked on

04-12-2024T18:02:14 - [TEST_STEP][PASSED] - click(findTestObject("Object Repository/Specific Cases Repository/LS/Client Profile/Allergies-Vitals-Labs/Immunization/Page_Immunization/span_-Select-")): Object: 'Object Repository/Specific Cases Repository/LS/Client Profile/Allergies-Vitals-Labs/Immunization/Page_Immunization/span_-Select-' is clicked on

04-12-2024T18:02:14 - [MESSAGE][PASSED] - Object: 'Object Repository/Specific Cases Repository/LS/Client Profile/Allergies-Vitals-Labs/Immunization/Page_Immunization/span_-Select-' is clicked on

04-12-2024T18:02:14 - [TEST_STEP][PASSED] - setText(findTestObject("Specific Cases Repository/LS/Client Profile/Allergies-Vitals-Labs/Immunization/Page_Immunization/span_-Select- TextArea"), "Anthrax"): Text 'Anthrax' is set on object 'Object Repository/Specific Cases Repository/LS/Client Profile/Allergies-Vitals-Labs/Immunization/Page_Immunization/span_-Select- TextArea'

04-12-2024T18:02:15 - [MESSAGE][PASSED] - Text 'Anthrax' is set on object 'Object Repository/Specific Cases Repository/LS/Client Profile/Allergies-Vitals-Labs/Immunization/Page_Immunization/span_-Select- TextArea'

04-12-2024T18:02:15 - [TEST_STEP][PASSED] - sendKeys(findTestObject("Specific Cases Repository/LS/Client Profile/Allergies-Vitals-Labs/Immunization/Page_Immunization/span_-Select- TextArea"), Keys.chord(ENTER)): Keys 'ENTER + ' sent to object: 'Object Repository/Specific Cases Repository/LS/Client Profile/Allergies-Vitals-Labs/Immunization/Page_Immunization/span_-Select- TextArea'

04-12-2024T18:02:16 - [MESSAGE][PASSED] - Keys 'ENTER + ' sent to object: 'Object Repository/Specific Cases Repository/LS/Client Profile/Allergies-Vitals-Labs/Immunization/Page_Immunization/span_-Select- TextArea'

04-12-2024T18:02:16 - [TEST_STEP][PASSED] - click(findTestObject("Object Repository/Specific Cases Repository/LS/Client Profile/Allergies-Vitals-Labs/Immunization/Page_Immunization/span_-Select-_1")): Object: 'Object Repository/Specific Cases Repository/LS/Client Profile/Allergies-Vitals-Labs/Immunization/Page_Immunization/span_-Select-_1' is clicked on

04-12-2024T18:02:16 - [MESSAGE][PASSED] - Object: 'Object Repository/Specific Cases Repository/LS/Client Profile/Allergies-Vitals-Labs/Immunization/Page_Immunization/span_-Select-_1' is clicked on

04-12-2024T18:02:16 - [TEST_STEP][PASSED] - setText(findTestObject("Specific Cases Repository/LS/Client Profile/Allergies-Vitals-Labs/Immunization/Page_Immunization/span_-Select-_1 - TextArea"), "Dynavax"): Text 'Dynavax' is set on object 'Object Repository/Specific Cases Repository/LS/Client Profile/Allergies-Vitals-Labs/Immunization/Page_Immunization/span_-Select-_1 - TextArea'

04-12-2024T18:02:17 - [MESSAGE][PASSED] - Text 'Dynavax' is set on object 'Object Repository/Specific Cases Repository/LS/Client Profile/Allergies-Vitals-Labs/Immunization/Page_Immunization/span_-Select-_1 - TextArea'

04-12-2024T18:02:17 - [TEST_STEP][PASSED] - sendKeys(findTestObject("Specific Cases Repository/LS/Client Profile/Allergies-Vitals-Labs/Immunization/Page_Immunization/span_-Select-_1 - TextArea"), Keys.chord(ENTER)): Keys 'ENTER + ' sent to object: 'Object Repository/Specific Cases Repository/LS/Client Profile/Allergies-Vitals-Labs/Immunization/Page_Immunization/span_-Select-_1 - TextArea'

04-12-2024T18:02:18 - [MESSAGE][PASSED] - Keys 'ENTER + ' sent to object: 'Object Repository/Specific Cases Repository/LS/Client Profile/Allergies-Vitals-Labs/Immunization/Page_Immunization/span_-Select-_1 - TextArea'

04-12-2024T18:02:18 - [TEST_STEP][PASSED] - setText(findTestObject("Object Repository/Specific Cases Repository/LS/Client Profile/Allergies-Vitals-Labs/Immunization/Page_Immunization/input_Dose_dosenumber"), "10"): Text '10' is set on object 'Object Repository/Specific Cases Repository/LS/Client Profile/Allergies-Vitals-Labs/Immunization/Page_Immunization/input_Dose_dosenumber'

04-12-2024T18:02:19 - [MESSAGE][PASSED] - Text '10' is set on object 'Object Repository/Specific Cases Repository/LS/Client Profile/Allergies-Vitals-Labs/Immunization/Page_Immunization/input_Dose_dosenumber'

04-12-2024T18:02:19 - [TEST_STEP][PASSED] - click(findTestObject("Object Repository/Specific Cases Repository/LS/Client Profile/Allergies-Vitals-Labs/Immunization/Page_Immunization/span_Vaccine_select2-selection select2-sele_9bf1b9")): Object: 'Object Repository/Specific Cases Repository/LS/Client Profile/Allergies-Vitals-Labs/Immunization/Page_Immunization/span_Vaccine_select2-selection select2-sele_9bf1b9' is clicked on

04-12-2024T18:02:50 - [MESSAGE][INFO] - Unable to find the element located by 'By.xpath: //div[@id='_vaccine_select_div_holder_']/div/span/span/span'. Please recheck the objects properties to make sure the desired element is located. 

04-12-2024T18:02:50 - [MESSAGE][WARNING] - [SELF-HEALING] Failed to find element with id 'Object Repository/Specific Cases Repository/LS/Client Profile/Allergies-Vitals-Labs/Immunization/Page_Immunization/span_Vaccine_select2-selection select2-sele_9bf1b9'. Try using Self-healing.

04-12-2024T18:02:50 - [MESSAGE][INFO] - [SELF-HEALING] Failed Locator: '//div[@id='_vaccine_select_div_holder_']/div/span/span/span'.

04-12-2024T18:02:50 - [MESSAGE][INFO] - [SELF-HEALING] Failed Locator: '(.//*[normalize-space(text()) and normalize-space(.)='Vaccine:'])[1]/following::span[4]'.

04-12-2024T18:02:50 - [MESSAGE][INFO] - [SELF-HEALING] Working Locator: '(.//*[normalize-space(text()) and normalize-space(.)='Dose #'])[1]/following::span[6]'.

04-12-2024T18:02:51 - [MESSAGE][INFO] - [SELF-HEALING] Screenshot: C:/Users/Enrique/git/AUTOMATION_LS/Reports/Self-healing/Object Repository/Specific Cases Repository/LS/Client Profile/Allergies-Vitals-Labs/Immunization/Page_Immunization/span_Vaccine_select2-selection select2-sele_9bf1b9_neighbor.png

04-12-2024T18:02:51 - [MESSAGE][WARNING] - [SELF-HEALING] The current locator of test object 'Object Repository/Specific Cases Repository/LS/Client Profile/Allergies-Vitals-Labs/Immunization/Page_Immunization/span_Vaccine_select2-selection select2-sele_9bf1b9' was broken. Propose an alternative one: '(.//*[normalize-space(text()) and normalize-space(.)='Dose #'])[1]/following::span[6]'.

04-12-2024T18:02:51 - [MESSAGE][PASSED] - Object: 'Object Repository/Specific Cases Repository/LS/Client Profile/Allergies-Vitals-Labs/Immunization/Page_Immunization/span_Vaccine_select2-selection select2-sele_9bf1b9' is clicked on

04-12-2024T18:02:51 - [TEST_STEP][PASSED] - setText(findTestObject("Object Repository/Specific Cases Repository/LS/Client Profile/Allergies-Vitals-Labs/Immunization/Page_Immunization/input_Leave Document_select2-search__field"), "va"): Text 'va' is set on object 'Object Repository/Specific Cases Repository/LS/Client Profile/Allergies-Vitals-Labs/Immunization/Page_Immunization/input_Leave Document_select2-search__field'

04-12-2024T18:02:52 - [MESSAGE][PASSED] - Text 'va' is set on object 'Object Repository/Specific Cases Repository/LS/Client Profile/Allergies-Vitals-Labs/Immunization/Page_Immunization/input_Leave Document_select2-search__field'

04-12-2024T18:02:52 - [TEST_STEP][PASSED] - waitForPageLoad(30): Wait for page load successfully

04-12-2024T18:02:52 - [MESSAGE][PASSED] - Wait for page load successfully

04-12-2024T18:02:52 - [TEST_STEP][PASSED] - sendKeys(findTestObject("Object Repository/Specific Cases Repository/LS/Client Profile/Allergies-Vitals-Labs/Immunization/Page_Immunization/input_Leave Document_select2-search__field"), Keys.chord(ENTER)): Keys 'ENTER + ' sent to object: 'Object Repository/Specific Cases Repository/LS/Client Profile/Allergies-Vitals-Labs/Immunization/Page_Immunization/input_Leave Document_select2-search__field'

04-12-2024T18:02:52 - [MESSAGE][PASSED] - Keys 'ENTER + ' sent to object: 'Object Repository/Specific Cases Repository/LS/Client Profile/Allergies-Vitals-Labs/Immunization/Page_Immunization/input_Leave Document_select2-search__field'

04-12-2024T18:02:52 - [TEST_STEP][PASSED] - setText(findTestObject("Object Repository/Specific Cases Repository/LS/Client Profile/Allergies-Vitals-Labs/Immunization/Page_Immunization/input_Date of Administration_dateadministration"), Todays_Date): Text '12/04/2024' is set on object 'Object Repository/Specific Cases Repository/LS/Client Profile/Allergies-Vitals-Labs/Immunization/Page_Immunization/input_Date of Administration_dateadministration'

04-12-2024T18:02:53 - [MESSAGE][PASSED] - Text '12/04/2024' is set on object 'Object Repository/Specific Cases Repository/LS/Client Profile/Allergies-Vitals-Labs/Immunization/Page_Immunization/input_Date of Administration_dateadministration'

04-12-2024T18:02:53 - [TEST_STEP][PASSED] - setText(findTestObject("Specific Cases Repository/LS/Client Profile/Allergies-Vitals-Labs/Immunization/Page_Immunization/input_Date of Batch_dateofbatch"), Next_Week_Date): Text '12/11/2024' is set on object 'Object Repository/Specific Cases Repository/LS/Client Profile/Allergies-Vitals-Labs/Immunization/Page_Immunization/input_Date of Batch_dateofbatch'

04-12-2024T18:02:54 - [MESSAGE][PASSED] - Text '12/11/2024' is set on object 'Object Repository/Specific Cases Repository/LS/Client Profile/Allergies-Vitals-Labs/Immunization/Page_Immunization/input_Date of Batch_dateofbatch'

04-12-2024T18:02:54 - [TEST_STEP][PASSED] - setText(findTestObject("Object Repository/Specific Cases Repository/LS/Client Profile/Allergies-Vitals-Labs/Immunization/Page_Immunization/input_Batch_batchnumber"), "11"): Text '11' is set on object 'Object Repository/Specific Cases Repository/LS/Client Profile/Allergies-Vitals-Labs/Immunization/Page_Immunization/input_Batch_batchnumber'

04-12-2024T18:02:54 - [MESSAGE][PASSED] - Text '11' is set on object 'Object Repository/Specific Cases Repository/LS/Client Profile/Allergies-Vitals-Labs/Immunization/Page_Immunization/input_Batch_batchnumber'

04-12-2024T18:02:54 - [TEST_STEP][PASSED] - setText(findTestObject("Object Repository/Specific Cases Repository/LS/Client Profile/Allergies-Vitals-Labs/Immunization/Page_Immunization/textarea_Vaccination-emergent adverse react_de4e53"), "Automation ESAVIS"): Text 'Automation ESAVIS' is set on object 'Object Repository/Specific Cases Repository/LS/Client Profile/Allergies-Vitals-Labs/Immunization/Page_Immunization/textarea_Vaccination-emergent adverse react_de4e53'

04-12-2024T18:02:55 - [MESSAGE][PASSED] - Text 'Automation ESAVIS' is set on object 'Object Repository/Specific Cases Repository/LS/Client Profile/Allergies-Vitals-Labs/Immunization/Page_Immunization/textarea_Vaccination-emergent adverse react_de4e53'

04-12-2024T18:02:55 - [TEST_STEP][PASSED] - setText(findTestObject("Object Repository/Specific Cases Repository/LS/Client Profile/Allergies-Vitals-Labs/Immunization/Page_Immunization/textarea_Reason for not vaccinating (includ_79de9a"), "Automation Reason"): Text 'Automation Reason' is set on object 'Object Repository/Specific Cases Repository/LS/Client Profile/Allergies-Vitals-Labs/Immunization/Page_Immunization/textarea_Reason for not vaccinating (includ_79de9a'

04-12-2024T18:02:56 - [MESSAGE][PASSED] - Text 'Automation Reason' is set on object 'Object Repository/Specific Cases Repository/LS/Client Profile/Allergies-Vitals-Labs/Immunization/Page_Immunization/textarea_Reason for not vaccinating (includ_79de9a'

04-12-2024T18:02:56 - [TEST_STEP][PASSED] - setText(findTestObject("Object Repository/Specific Cases Repository/LS/Client Profile/Allergies-Vitals-Labs/Immunization/Page_Immunization/textarea_Note_note"), "Automation Note"): Text 'Automation Note' is set on object 'Object Repository/Specific Cases Repository/LS/Client Profile/Allergies-Vitals-Labs/Immunization/Page_Immunization/textarea_Note_note'

04-12-2024T18:02:56 - [MESSAGE][PASSED] - Text 'Automation Note' is set on object 'Object Repository/Specific Cases Repository/LS/Client Profile/Allergies-Vitals-Labs/Immunization/Page_Immunization/textarea_Note_note'

04-12-2024T18:02:56 - [TEST_STEP][PASSED] - click(findTestObject("Object Repository/Specific Cases Repository/LS/Client Profile/Allergies-Vitals-Labs/Immunization/Page_Immunization/input_Sign and Lock_dss")): Object: 'Object Repository/Specific Cases Repository/LS/Client Profile/Allergies-Vitals-Labs/Immunization/Page_Immunization/input_Sign and Lock_dss' is clicked on

04-12-2024T18:02:57 - [MESSAGE][PASSED] - Object: 'Object Repository/Specific Cases Repository/LS/Client Profile/Allergies-Vitals-Labs/Immunization/Page_Immunization/input_Sign and Lock_dss' is clicked on

04-12-2024T18:02:57 - [TEST_STEP][PASSED] - click(findTestObject("Object Repository/Specific Cases Repository/LS/Client Profile/Allergies-Vitals-Labs/Immunization/Page_Immunization/button_Save")): Object: 'Object Repository/Specific Cases Repository/LS/Client Profile/Allergies-Vitals-Labs/Immunization/Page_Immunization/button_Save' is clicked on

04-12-2024T18:03:06 - [MESSAGE][PASSED] - Object: 'Object Repository/Specific Cases Repository/LS/Client Profile/Allergies-Vitals-Labs/Immunization/Page_Immunization/button_Save' is clicked on

04-12-2024T18:03:06 - [TEST_STEP][PASSED] - verifyElementText(findTestObject("Object Repository/Specific Cases Repository/LS/Client Profile/Allergies-Vitals-Labs/Immunization/Page_Client Profile/p_Immunization Added"), "Immunization Added"): Actual text and expected text of test object 'Object Repository/Specific Cases Repository/LS/Client Profile/Allergies-Vitals-Labs/Immunization/Page_Client Profile/p_Immunization Added' are matched.

04-12-2024T18:03:08 - [MESSAGE][PASSED] - Actual text and expected text of test object 'Object Repository/Specific Cases Repository/LS/Client Profile/Allergies-Vitals-Labs/Immunization/Page_Client Profile/p_Immunization Added' are matched.

04-12-2024T18:03:08 - [TEST_STEP][FAILED] - verifyElementText(findTestObject("Object Repository/Specific Cases Repository/LS/Client Profile/Allergies-Vitals-Labs/Immunization/Page_Client Profile/td_Anthrax-adenovirus vaccine, type 4, live, oral"), "Anthrax-adenovirus vaccine, type 4, live, oral"): Verify element text of test object 'Object Repository/Specific Cases Repository/LS/Client Profile/Allergies-Vitals-Labs/Immunization/Page_Client Profile/td_Anthrax-adenovirus vaccine, type 4, live, oral' FAILED. (Root cause: com.kms.katalon.core.exception.StepFailedException: Verify element text of test object 'Object Repository/Specific Cases Repository/LS/Client Profile/Allergies-Vitals-Labs/Immunization/Page_Client Profile/td_Anthrax-adenovirus vaccine, type 4, live, oral' FAILED.
	at com.kms.katalon.core.webui.keyword.internal.WebUIKeywordMain.stepFailed(WebUIKeywordMain.groovy:117)
	at com.kms.katalon.core.webui.keyword.internal.WebUIKeywordMain.runKeyword(WebUIKeywordMain.groovy:43)
	at com.kms.katalon.core.webui.keyword.builtin.VerifyElementTextKeyword.verifyElementText(VerifyElementTextKeyword.groovy:72)
	at com.kms.katalon.core.webui.keyword.builtin.VerifyElementTextKeyword.execute(VerifyElementTextKeyword.groovy:40)
	at com.kms.katalon.core.keyword.internal.KeywordExecutor.executeKeywordForPlatform(KeywordExecutor.groovy:74)
	at com.kms.katalon.core.webui.keyword.WebUiBuiltInKeywords.verifyElementText(WebUiBuiltInKeywords.groovy:4835)
	at Immunization.run(Immunization:82)
	at com.kms.katalon.core.main.ScriptEngine.run(ScriptEngine.java:194)
	at com.kms.katalon.core.main.ScriptEngine.runScriptAsRawText(ScriptEngine.java:119)
	at com.kms.katalon.core.main.TestCaseExecutor.runScript(TestCaseExecutor.java:448)
	at com.kms.katalon.core.main.TestCaseExecutor.doExecute(TestCaseExecutor.java:439)
	at com.kms.katalon.core.main.TestCaseExecutor.processExecutionPhase(TestCaseExecutor.java:418)
	at com.kms.katalon.core.main.TestCaseExecutor.accessMainPhase(TestCaseExecutor.java:410)
	at com.kms.katalon.core.main.TestCaseExecutor.execute(TestCaseExecutor.java:285)
	at com.kms.katalon.core.common.CommonExecutor.accessTestCaseMainPhase(CommonExecutor.java:65)
	at com.kms.katalon.core.main.TestSuiteExecutor.accessTestSuiteMainPhase(TestSuiteExecutor.java:150)
	at com.kms.katalon.core.main.TestSuiteExecutor.execute(TestSuiteExecutor.java:106)
	at com.kms.katalon.core.main.TestCaseMain.startTestSuite(TestCaseMain.java:180)
	at TempTestSuite1733353068935.run(TempTestSuite1733353068935.groovy:35)
	at java.base/jdk.internal.reflect.NativeMethodAccessorImpl.invoke0(Native Method)
	at java.base/jdk.internal.reflect.NativeMethodAccessorImpl.invoke(NativeMethodAccessorImpl.java:77)
	at java.base/jdk.internal.reflect.DelegatingMethodAccessorImpl.invoke(DelegatingMethodAccessorImpl.java:43)
Caused by: com.kms.katalon.core.exception.StepFailedException: Actual text 'Anthrax-anthrax vaccine' and expected text 'Anthrax-adenovirus vaccine, type 4, live, oral' of test object 'Object Repository/Specific Cases Repository/LS/Client Profile/Allergies-Vitals-Labs/Immunization/Page_Client Profile/td_Anthrax-adenovirus vaccine, type 4, live, oral' are NOT matched.
	at com.kms.katalon.core.webui.keyword.internal.WebUIKeywordMain.stepFailed(WebUIKeywordMain.groovy:117)
	at com.kms.katalon.core.webui.keyword.builtin.VerifyElementTextKeyword$_verifyElementText_closure1.doCall(VerifyElementTextKeyword.groovy:57)
	at com.kms.katalon.core.webui.keyword.builtin.VerifyElementTextKeyword$_verifyElementText_closure1.call(VerifyElementTextKeyword.groovy)
	at com.kms.katalon.core.webui.keyword.internal.WebUIKeywordMain.runKeyword(WebUIKeywordMain.groovy:35)
	... 20 more
)

04-12-2024T18:03:08 - [MESSAGE][FAILED] - Actual text 'Anthrax-anthrax vaccine' and expected text 'Anthrax-adenovirus vaccine, type 4, live, oral' of test object 'Object Repository/Specific Cases Repository/LS/Client Profile/Allergies-Vitals-Labs/Immunization/Page_Client Profile/td_Anthrax-adenovirus vaccine, type 4, live, oral' are NOT matched. (Root cause: com.kms.katalon.core.exception.StepFailedException: Actual text 'Anthrax-anthrax vaccine' and expected text 'Anthrax-adenovirus vaccine, type 4, live, oral' of test object 'Object Repository/Specific Cases Repository/LS/Client Profile/Allergies-Vitals-Labs/Immunization/Page_Client Profile/td_Anthrax-adenovirus vaccine, type 4, live, oral' are NOT matched.
	at com.kms.katalon.core.webui.keyword.internal.WebUIKeywordMain.stepFailed(WebUIKeywordMain.groovy:117)
	at com.kms.katalon.core.webui.keyword.builtin.VerifyElementTextKeyword$_verifyElementText_closure1.doCall(VerifyElementTextKeyword.groovy:57)
	at com.kms.katalon.core.webui.keyword.builtin.VerifyElementTextKeyword$_verifyElementText_closure1.call(VerifyElementTextKeyword.groovy)
	at com.kms.katalon.core.webui.keyword.internal.WebUIKeywordMain.runKeyword(WebUIKeywordMain.groovy:35)
	at com.kms.katalon.core.webui.keyword.builtin.VerifyElementTextKeyword.verifyElementText(VerifyElementTextKeyword.groovy:72)
	at com.kms.katalon.core.webui.keyword.builtin.VerifyElementTextKeyword.execute(VerifyElementTextKeyword.groovy:40)
	at com.kms.katalon.core.keyword.internal.KeywordExecutor.executeKeywordForPlatform(KeywordExecutor.groovy:74)
	at com.kms.katalon.core.webui.keyword.WebUiBuiltInKeywords.verifyElementText(WebUiBuiltInKeywords.groovy:4835)
	at Immunization.run(Immunization:82)
	at com.kms.katalon.core.main.ScriptEngine.run(ScriptEngine.java:194)
	at com.kms.katalon.core.main.ScriptEngine.runScriptAsRawText(ScriptEngine.java:119)
	at com.kms.katalon.core.main.TestCaseExecutor.runScript(TestCaseExecutor.java:448)
	at com.kms.katalon.core.main.TestCaseExecutor.doExecute(TestCaseExecutor.java:439)
	at com.kms.katalon.core.main.TestCaseExecutor.processExecutionPhase(TestCaseExecutor.java:418)
	at com.kms.katalon.core.main.TestCaseExecutor.accessMainPhase(TestCaseExecutor.java:410)
	at com.kms.katalon.core.main.TestCaseExecutor.execute(TestCaseExecutor.java:285)
	at com.kms.katalon.core.common.CommonExecutor.accessTestCaseMainPhase(CommonExecutor.java:65)
	at com.kms.katalon.core.main.TestSuiteExecutor.accessTestSuiteMainPhase(TestSuiteExecutor.java:150)
	at com.kms.katalon.core.main.TestSuiteExecutor.execute(TestSuiteExecutor.java:106)
	at com.kms.katalon.core.main.TestCaseMain.startTestSuite(TestCaseMain.java:180)
	at TempTestSuite1733353068935.run(TempTestSuite1733353068935.groovy:35)
	at java.base/jdk.internal.reflect.NativeMethodAccessorImpl.invoke0(Native Method)
	at java.base/jdk.internal.reflect.NativeMethodAccessorImpl.invoke(NativeMethodAccessorImpl.java:77)
	at java.base/jdk.internal.reflect.DelegatingMethodAccessorImpl.invoke(DelegatingMethodAccessorImpl.java:43)
)
[[ATTACHMENT|C:\\Users\\Enrique\\git\\AUTOMATION_LS\\Reports\\20241204_175739\\LS\\Client Profile\\Client Profile\\20241204_175748\\1733353388614.png]]

04-12-2024T18:03:08 - [MESSAGE][FAILED] - Verify element text of test object 'Object Repository/Specific Cases Repository/LS/Client Profile/Allergies-Vitals-Labs/Immunization/Page_Client Profile/td_Anthrax-adenovirus vaccine, type 4, live, oral' FAILED. (Root cause: com.kms.katalon.core.exception.StepFailedException: Verify element text of test object 'Object Repository/Specific Cases Repository/LS/Client Profile/Allergies-Vitals-Labs/Immunization/Page_Client Profile/td_Anthrax-adenovirus vaccine, type 4, live, oral' FAILED.
	at com.kms.katalon.core.webui.keyword.internal.WebUIKeywordMain.stepFailed(WebUIKeywordMain.groovy:117)
	at com.kms.katalon.core.webui.keyword.internal.WebUIKeywordMain.runKeyword(WebUIKeywordMain.groovy:43)
	at com.kms.katalon.core.webui.keyword.builtin.VerifyElementTextKeyword.verifyElementText(VerifyElementTextKeyword.groovy:72)
	at com.kms.katalon.core.webui.keyword.builtin.VerifyElementTextKeyword.execute(VerifyElementTextKeyword.groovy:40)
	at com.kms.katalon.core.keyword.internal.KeywordExecutor.executeKeywordForPlatform(KeywordExecutor.groovy:74)
	at com.kms.katalon.core.webui.keyword.WebUiBuiltInKeywords.verifyElementText(WebUiBuiltInKeywords.groovy:4835)
	at Immunization.run(Immunization:82)
	at com.kms.katalon.core.main.ScriptEngine.run(ScriptEngine.java:194)
	at com.kms.katalon.core.main.ScriptEngine.runScriptAsRawText(ScriptEngine.java:119)
	at com.kms.katalon.core.main.TestCaseExecutor.runScript(TestCaseExecutor.java:448)
	at com.kms.katalon.core.main.TestCaseExecutor.doExecute(TestCaseExecutor.java:439)
	at com.kms.katalon.core.main.TestCaseExecutor.processExecutionPhase(TestCaseExecutor.java:418)
	at com.kms.katalon.core.main.TestCaseExecutor.accessMainPhase(TestCaseExecutor.java:410)
	at com.kms.katalon.core.main.TestCaseExecutor.execute(TestCaseExecutor.java:285)
	at com.kms.katalon.core.common.CommonExecutor.accessTestCaseMainPhase(CommonExecutor.java:65)
	at com.kms.katalon.core.main.TestSuiteExecutor.accessTestSuiteMainPhase(TestSuiteExecutor.java:150)
	at com.kms.katalon.core.main.TestSuiteExecutor.execute(TestSuiteExecutor.java:106)
	at com.kms.katalon.core.main.TestCaseMain.startTestSuite(TestCaseMain.java:180)
	at TempTestSuite1733353068935.run(TempTestSuite1733353068935.groovy:35)
	at java.base/jdk.internal.reflect.NativeMethodAccessorImpl.invoke0(Native Method)
	at java.base/jdk.internal.reflect.NativeMethodAccessorImpl.invoke(NativeMethodAccessorImpl.java:77)
	at java.base/jdk.internal.reflect.DelegatingMethodAccessorImpl.invoke(DelegatingMethodAccessorImpl.java:43)
Caused by: com.kms.katalon.core.exception.StepFailedException: Actual text 'Anthrax-anthrax vaccine' and expected text 'Anthrax-adenovirus vaccine, type 4, live, oral' of test object 'Object Repository/Specific Cases Repository/LS/Client Profile/Allergies-Vitals-Labs/Immunization/Page_Client Profile/td_Anthrax-adenovirus vaccine, type 4, live, oral' are NOT matched.
	at com.kms.katalon.core.webui.keyword.internal.WebUIKeywordMain.stepFailed(WebUIKeywordMain.groovy:117)
	at com.kms.katalon.core.webui.keyword.builtin.VerifyElementTextKeyword$_verifyElementText_closure1.doCall(VerifyElementTextKeyword.groovy:57)
	at com.kms.katalon.core.webui.keyword.builtin.VerifyElementTextKeyword$_verifyElementText_closure1.call(VerifyElementTextKeyword.groovy)
	at com.kms.katalon.core.webui.keyword.internal.WebUIKeywordMain.runKeyword(WebUIKeywordMain.groovy:35)
	... 20 more
)
[[ATTACHMENT|C:\\Users\\Enrique\\git\\AUTOMATION_LS\\Reports\\20241204_175739\\LS\\Client Profile\\Client Profile\\20241204_175748\\1733353388767.png]]]]></system-out>
         <system-err><![CDATA[04-12-2024T18:01:49 - [TEST_CASE][FAILED] - Test Cases/Specific Cases/LS/Client Profile/Allergies-Vitals-Labs/Immunization: Test Cases/Specific Cases/LS/Client Profile/Allergies-Vitals-Labs/Immunization FAILED.
Reason:
com.kms.katalon.core.exception.StepFailedException: Verify element text of test object 'Object Repository/Specific Cases Repository/LS/Client Profile/Allergies-Vitals-Labs/Immunization/Page_Client Profile/td_Anthrax-adenovirus vaccine, type 4, live, oral' FAILED.
	at com.kms.katalon.core.webui.keyword.internal.WebUIKeywordMain.stepFailed(WebUIKeywordMain.groovy:117)
	at com.kms.katalon.core.webui.keyword.internal.WebUIKeywordMain.runKeyword(WebUIKeywordMain.groovy:43)
	at com.kms.katalon.core.webui.keyword.builtin.VerifyElementTextKeyword.verifyElementText(VerifyElementTextKeyword.groovy:72)
	at com.kms.katalon.core.webui.keyword.builtin.VerifyElementTextKeyword.execute(VerifyElementTextKeyword.groovy:40)
	at com.kms.katalon.core.keyword.internal.KeywordExecutor.executeKeywordForPlatform(KeywordExecutor.groovy:74)
	at com.kms.katalon.core.webui.keyword.WebUiBuiltInKeywords.verifyElementText(WebUiBuiltInKeywords.groovy:4835)
	at Immunization.run(Immunization:82)
	at com.kms.katalon.core.main.ScriptEngine.run(ScriptEngine.java:194)
	at com.kms.katalon.core.main.ScriptEngine.runScriptAsRawText(ScriptEngine.java:119)
	at com.kms.katalon.core.main.TestCaseExecutor.runScript(TestCaseExecutor.java:448)
	at com.kms.katalon.core.main.TestCaseExecutor.doExecute(TestCaseExecutor.java:439)
	at com.kms.katalon.core.main.TestCaseExecutor.processExecutionPhase(TestCaseExecutor.java:418)
	at com.kms.katalon.core.main.TestCaseExecutor.accessMainPhase(TestCaseExecutor.java:410)
	at com.kms.katalon.core.main.TestCaseExecutor.execute(TestCaseExecutor.java:285)
	at com.kms.katalon.core.common.CommonExecutor.accessTestCaseMainPhase(CommonExecutor.java:65)
	at com.kms.katalon.core.main.TestSuiteExecutor.accessTestSuiteMainPhase(TestSuiteExecutor.java:150)
	at com.kms.katalon.core.main.TestSuiteExecutor.execute(TestSuiteExecutor.java:106)
	at com.kms.katalon.core.main.TestCaseMain.startTestSuite(TestCaseMain.java:180)
	at TempTestSuite1733353068935.run(TempTestSuite1733353068935.groovy:35)
	at java.base/jdk.internal.reflect.NativeMethodAccessorImpl.invoke0(Native Method)
	at java.base/jdk.internal.reflect.NativeMethodAccessorImpl.invoke(NativeMethodAccessorImpl.java:77)
	at java.base/jdk.internal.reflect.DelegatingMethodAccessorImpl.invoke(DelegatingMethodAccessorImpl.java:43)
Caused by: com.kms.katalon.core.exception.StepFailedException: Actual text 'Anthrax-anthrax vaccine' and expected text 'Anthrax-adenovirus vaccine, type 4, live, oral' of test object 'Object Repository/Specific Cases Repository/LS/Client Profile/Allergies-Vitals-Labs/Immunization/Page_Client Profile/td_Anthrax-adenovirus vaccine, type 4, live, oral' are NOT matched.
	at com.kms.katalon.core.webui.keyword.internal.WebUIKeywordMain.stepFailed(WebUIKeywordMain.groovy:117)
	at com.kms.katalon.core.webui.keyword.builtin.VerifyElementTextKeyword$_verifyElementText_closure1.doCall(VerifyElementTextKeyword.groovy:57)
	at com.kms.katalon.core.webui.keyword.builtin.VerifyElementTextKeyword$_verifyElementText_closure1.call(VerifyElementTextKeyword.groovy)
	at com.kms.katalon.core.webui.keyword.internal.WebUIKeywordMain.runKeyword(WebUIKeywordMain.groovy:35)
	... 20 more]]></system-err>
      </testcase>
      <testcase name="Test Cases/Specific Cases/LS/Client Profile/Allergies-Vitals-Labs/Lab Results" time="35.915" classname="Test Cases/Specific Cases/LS/Client Profile/Allergies-Vitals-Labs/Lab Results" status="PASSED">
         <system-out><![CDATA[04-12-2024T18:03:08 - [TEST_CASE][PASSED] - Test Cases/Specific Cases/LS/Client Profile/Allergies-Vitals-Labs/Lab Results: Test Cases/Specific Cases/LS/Client Profile/Allergies-Vitals-Labs/Lab Results

04-12-2024T18:03:09 - [TEST_STEP][PASSED] - callTestCase(findTestCase("Common Cases/Login"), [:], STOP_ON_FAILURE): Call Test Case 'Test Cases/Common Cases/Login' successfully

04-12-2024T18:03:09 - [TEST_CASE][PASSED] - Test Cases/Common Cases/Login: Test Cases/Common Cases/Login

04-12-2024T18:03:09 - [TEST_STEP][PASSED] - openBrowser(""): Browser is opened with url: ''

04-12-2024T18:03:09 - [MESSAGE][WARNING] - A browser is already opened. Closing browser and opening a new one

04-12-2024T18:03:09 - [MESSAGE][INFO] - Starting 'Chrome' driver

04-12-2024T18:03:09 - [MESSAGE][INFO] - Action delay is set to 0 milliseconds

04-12-2024T18:03:09 - [MESSAGE][PASSED] - Browser is opened with url: ''

04-12-2024T18:03:09 - [TEST_STEP][PASSED] - maximizeWindow(): Current window maximized

04-12-2024T18:03:10 - [MESSAGE][PASSED] - Current window maximized

04-12-2024T18:03:10 - [TEST_STEP][PASSED] - navigateToUrl("https://site17.lsapp.cloud/auth/login"): Navigate to 'https://site17.lsapp.cloud/auth/login' successfully

04-12-2024T18:03:12 - [MESSAGE][PASSED] - Navigate to 'https://site17.lsapp.cloud/auth/login' successfully

04-12-2024T18:03:12 - [TEST_STEP][PASSED] - setText(findTestObject("Object Repository/Common Cases Repository/Login/Page_Lightning Step/input_Email_email"), "automation@lightningstep.com"): Text 'automation@lightningstep.com' is set on object 'Object Repository/Common Cases Repository/Login/Page_Lightning Step/input_Email_email'

04-12-2024T18:03:13 - [MESSAGE][PASSED] - Text 'automation@lightningstep.com' is set on object 'Object Repository/Common Cases Repository/Login/Page_Lightning Step/input_Email_email'

04-12-2024T18:03:13 - [TEST_STEP][PASSED] - setEncryptedText(findTestObject("Object Repository/Common Cases Repository/Login/Page_Lightning Step/input_Password_password"), "e5N8VHmnhJDITtQaQhDQDw=="): Text ****** has been set on object 'Object Repository/Common Cases Repository/Login/Page_Lightning Step/input_Password_password'

04-12-2024T18:03:14 - [MESSAGE][PASSED] - Text ****** has been set on object 'Object Repository/Common Cases Repository/Login/Page_Lightning Step/input_Password_password'

04-12-2024T18:03:14 - [TEST_STEP][PASSED] - click(findTestObject("Object Repository/Common Cases Repository/Login/Page_Lightning Step/button_Sign in")): Object: 'Object Repository/Common Cases Repository/Login/Page_Lightning Step/button_Sign in' is clicked on

04-12-2024T18:03:18 - [MESSAGE][PASSED] - Object: 'Object Repository/Common Cases Repository/Login/Page_Lightning Step/button_Sign in' is clicked on

04-12-2024T18:03:18 - [MESSAGE][PASSED] - Call Test Case 'Test Cases/Common Cases/Login' successfully

04-12-2024T18:03:18 - [TEST_STEP][PASSED] - navigateToUrl("https://site17.lsapp.cloud/client/index/1556?section=medicalassess"): Navigate to 'https://site17.lsapp.cloud/client/index/1556?section=medicalassess' successfully

04-12-2024T18:03:27 - [MESSAGE][PASSED] - Navigate to 'https://site17.lsapp.cloud/client/index/1556?section=medicalassess' successfully

04-12-2024T18:03:27 - [TEST_STEP][PASSED] - click(findTestObject("Object Repository/Specific Cases Repository/LS/Client Profile/Allergies-Vitals-Labs/Lab Results/Page_Client Profile/h4_Lab Results")): Object: 'Object Repository/Specific Cases Repository/LS/Client Profile/Allergies-Vitals-Labs/Lab Results/Page_Client Profile/h4_Lab Results' is clicked on

04-12-2024T18:03:29 - [MESSAGE][PASSED] - Object: 'Object Repository/Specific Cases Repository/LS/Client Profile/Allergies-Vitals-Labs/Lab Results/Page_Client Profile/h4_Lab Results' is clicked on

04-12-2024T18:03:29 - [TEST_STEP][PASSED] - selectOptionByValue(findTestObject("Object Repository/Specific Cases Repository/LS/Client Profile/Allergies-Vitals-Labs/Lab Results/Page_Client Profile/select_Upload Lab ResultNew Lab Result"), "upload_no", true): All options with value 'upload_no' are selected in object 'Object Repository/Specific Cases Repository/LS/Client Profile/Allergies-Vitals-Labs/Lab Results/Page_Client Profile/select_Upload Lab ResultNew Lab Result'  using regular expression

04-12-2024T18:03:30 - [MESSAGE][PASSED] - All options with value 'upload_no' are selected in object 'Object Repository/Specific Cases Repository/LS/Client Profile/Allergies-Vitals-Labs/Lab Results/Page_Client Profile/select_Upload Lab ResultNew Lab Result'  using regular expression

04-12-2024T18:03:30 - [TEST_STEP][PASSED] - selectOptionByValue(findTestObject("Object Repository/Specific Cases Repository/LS/Client Profile/Allergies-Vitals-Labs/Lab Results/Page_Client Profile/select_-- Please Select --COVID-19 RapidCOV_75c690"), "COVID-19 PCR", true): All options with value 'COVID-19 PCR' are selected in object 'Object Repository/Specific Cases Repository/LS/Client Profile/Allergies-Vitals-Labs/Lab Results/Page_Client Profile/select_-- Please Select --COVID-19 RapidCOV_75c690'  using regular expression

04-12-2024T18:03:31 - [MESSAGE][PASSED] - All options with value 'COVID-19 PCR' are selected in object 'Object Repository/Specific Cases Repository/LS/Client Profile/Allergies-Vitals-Labs/Lab Results/Page_Client Profile/select_-- Please Select --COVID-19 RapidCOV_75c690'  using regular expression

04-12-2024T18:03:31 - [TEST_STEP][PASSED] - selectOptionByValue(findTestObject("Object Repository/Specific Cases Repository/LS/Client Profile/Allergies-Vitals-Labs/Lab Results/Page_Client Profile/select_-- Please Select --NegativePositiveU_b19f9e"), "Positive", true): All options with value 'Positive' are selected in object 'Object Repository/Specific Cases Repository/LS/Client Profile/Allergies-Vitals-Labs/Lab Results/Page_Client Profile/select_-- Please Select --NegativePositiveU_b19f9e'  using regular expression

04-12-2024T18:03:32 - [MESSAGE][PASSED] - All options with value 'Positive' are selected in object 'Object Repository/Specific Cases Repository/LS/Client Profile/Allergies-Vitals-Labs/Lab Results/Page_Client Profile/select_-- Please Select --NegativePositiveU_b19f9e'  using regular expression

04-12-2024T18:03:32 - [TEST_STEP][PASSED] - setText(findTestObject("Object Repository/Specific Cases Repository/LS/Client Profile/Allergies-Vitals-Labs/Lab Results/Page_Client Profile/textarea_Note_labresult_notes"), "Automation Note"): Text 'Automation Note' is set on object 'Object Repository/Specific Cases Repository/LS/Client Profile/Allergies-Vitals-Labs/Lab Results/Page_Client Profile/textarea_Note_labresult_notes'

04-12-2024T18:03:33 - [MESSAGE][PASSED] - Text 'Automation Note' is set on object 'Object Repository/Specific Cases Repository/LS/Client Profile/Allergies-Vitals-Labs/Lab Results/Page_Client Profile/textarea_Note_labresult_notes'

04-12-2024T18:03:33 - [TEST_STEP][PASSED] - click(findTestObject("Object Repository/Specific Cases Repository/LS/Client Profile/Allergies-Vitals-Labs/Lab Results/Page_Client Profile/span_Sign and Lock_check")): Object: 'Object Repository/Specific Cases Repository/LS/Client Profile/Allergies-Vitals-Labs/Lab Results/Page_Client Profile/span_Sign and Lock_check' is clicked on

04-12-2024T18:03:33 - [MESSAGE][PASSED] - Object: 'Object Repository/Specific Cases Repository/LS/Client Profile/Allergies-Vitals-Labs/Lab Results/Page_Client Profile/span_Sign and Lock_check' is clicked on

04-12-2024T18:03:33 - [TEST_STEP][PASSED] - click(findTestObject("Object Repository/Specific Cases Repository/LS/Client Profile/Allergies-Vitals-Labs/Lab Results/Page_Client Profile/button_Save")): Object: 'Object Repository/Specific Cases Repository/LS/Client Profile/Allergies-Vitals-Labs/Lab Results/Page_Client Profile/button_Save' is clicked on

04-12-2024T18:03:42 - [MESSAGE][PASSED] - Object: 'Object Repository/Specific Cases Repository/LS/Client Profile/Allergies-Vitals-Labs/Lab Results/Page_Client Profile/button_Save' is clicked on

04-12-2024T18:03:42 - [TEST_STEP][PASSED] - verifyElementText(findTestObject("Object Repository/Specific Cases Repository/LS/Client Profile/Allergies-Vitals-Labs/Lab Results/Page_Client Profile/p_Lab Result Successfully Saved"), "Lab Result Successfully Saved!"): Actual text and expected text of test object 'Object Repository/Specific Cases Repository/LS/Client Profile/Allergies-Vitals-Labs/Lab Results/Page_Client Profile/p_Lab Result Successfully Saved' are matched.

04-12-2024T18:03:43 - [MESSAGE][PASSED] - Actual text and expected text of test object 'Object Repository/Specific Cases Repository/LS/Client Profile/Allergies-Vitals-Labs/Lab Results/Page_Client Profile/p_Lab Result Successfully Saved' are matched.

04-12-2024T18:03:43 - [TEST_STEP][PASSED] - verifyElementText(findTestObject("Object Repository/Specific Cases Repository/LS/Client Profile/Allergies-Vitals-Labs/Lab Results/Page_Client Profile/td_COVID-19 PCR"), "COVID-19 PCR"): Actual text and expected text of test object 'Object Repository/Specific Cases Repository/LS/Client Profile/Allergies-Vitals-Labs/Lab Results/Page_Client Profile/td_COVID-19 PCR' are matched.

04-12-2024T18:03:44 - [MESSAGE][PASSED] - Actual text and expected text of test object 'Object Repository/Specific Cases Repository/LS/Client Profile/Allergies-Vitals-Labs/Lab Results/Page_Client Profile/td_COVID-19 PCR' are matched.

04-12-2024T18:03:44 - [TEST_STEP][PASSED] - verifyElementText(findTestObject("Object Repository/Specific Cases Repository/LS/Client Profile/Allergies-Vitals-Labs/Lab Results/Page_Client Profile/td_Positive"), "Positive"): Actual text and expected text of test object 'Object Repository/Specific Cases Repository/LS/Client Profile/Allergies-Vitals-Labs/Lab Results/Page_Client Profile/td_Positive' are matched.

04-12-2024T18:03:44 - [MESSAGE][PASSED] - Actual text and expected text of test object 'Object Repository/Specific Cases Repository/LS/Client Profile/Allergies-Vitals-Labs/Lab Results/Page_Client Profile/td_Positive' are matched.

04-12-2024T18:03:44 - [TEST_STEP][PASSED] - verifyElementText(findTestObject("Object Repository/Specific Cases Repository/LS/Client Profile/Allergies-Vitals-Labs/Lab Results/Page_Client Profile/td_Staff Signed"), "Staff Signed"): Actual text and expected text of test object 'Object Repository/Specific Cases Repository/LS/Client Profile/Allergies-Vitals-Labs/Lab Results/Page_Client Profile/td_Staff Signed' are matched.

04-12-2024T18:03:44 - [MESSAGE][PASSED] - Actual text and expected text of test object 'Object Repository/Specific Cases Repository/LS/Client Profile/Allergies-Vitals-Labs/Lab Results/Page_Client Profile/td_Staff Signed' are matched.

04-12-2024T18:03:44 - [TEST_STEP][PASSED] - closeBrowser(): Browser is closed

04-12-2024T18:03:44 - [MESSAGE][PASSED] - Browser is closed]]></system-out>
         <system-err><![CDATA[]]></system-err>
      </testcase>
      <testcase name="Test Cases/Specific Cases/LS/Client Profile/Allergies-Vitals-Labs/Pain Rating" time="37.031" classname="Test Cases/Specific Cases/LS/Client Profile/Allergies-Vitals-Labs/Pain Rating" status="PASSED">
         <system-out><![CDATA[04-12-2024T18:03:44 - [TEST_CASE][PASSED] - Test Cases/Specific Cases/LS/Client Profile/Allergies-Vitals-Labs/Pain Rating: Test Cases/Specific Cases/LS/Client Profile/Allergies-Vitals-Labs/Pain Rating

04-12-2024T18:03:44 - [TEST_STEP][PASSED] - callTestCase(findTestCase("Common Cases/Login"), [:], STOP_ON_FAILURE): Call Test Case 'Test Cases/Common Cases/Login' successfully

04-12-2024T18:03:45 - [TEST_CASE][PASSED] - Test Cases/Common Cases/Login: Test Cases/Common Cases/Login

04-12-2024T18:03:45 - [TEST_STEP][PASSED] - openBrowser(""): Browser is opened with url: ''

04-12-2024T18:03:45 - [MESSAGE][INFO] - Starting 'Chrome' driver

04-12-2024T18:03:45 - [MESSAGE][INFO] - Action delay is set to 0 milliseconds

04-12-2024T18:03:45 - [MESSAGE][PASSED] - Browser is opened with url: ''

04-12-2024T18:03:45 - [TEST_STEP][PASSED] - maximizeWindow(): Current window maximized

04-12-2024T18:03:45 - [MESSAGE][PASSED] - Current window maximized

04-12-2024T18:03:45 - [TEST_STEP][PASSED] - navigateToUrl("https://site17.lsapp.cloud/auth/login"): Navigate to 'https://site17.lsapp.cloud/auth/login' successfully

04-12-2024T18:03:49 - [MESSAGE][PASSED] - Navigate to 'https://site17.lsapp.cloud/auth/login' successfully

04-12-2024T18:03:49 - [TEST_STEP][PASSED] - setText(findTestObject("Object Repository/Common Cases Repository/Login/Page_Lightning Step/input_Email_email"), "automation@lightningstep.com"): Text 'automation@lightningstep.com' is set on object 'Object Repository/Common Cases Repository/Login/Page_Lightning Step/input_Email_email'

04-12-2024T18:03:49 - [MESSAGE][PASSED] - Text 'automation@lightningstep.com' is set on object 'Object Repository/Common Cases Repository/Login/Page_Lightning Step/input_Email_email'

04-12-2024T18:03:49 - [TEST_STEP][PASSED] - setEncryptedText(findTestObject("Object Repository/Common Cases Repository/Login/Page_Lightning Step/input_Password_password"), "e5N8VHmnhJDITtQaQhDQDw=="): Text ****** has been set on object 'Object Repository/Common Cases Repository/Login/Page_Lightning Step/input_Password_password'

04-12-2024T18:03:50 - [MESSAGE][PASSED] - Text ****** has been set on object 'Object Repository/Common Cases Repository/Login/Page_Lightning Step/input_Password_password'

04-12-2024T18:03:50 - [TEST_STEP][PASSED] - click(findTestObject("Object Repository/Common Cases Repository/Login/Page_Lightning Step/button_Sign in")): Object: 'Object Repository/Common Cases Repository/Login/Page_Lightning Step/button_Sign in' is clicked on

04-12-2024T18:03:54 - [MESSAGE][PASSED] - Object: 'Object Repository/Common Cases Repository/Login/Page_Lightning Step/button_Sign in' is clicked on

04-12-2024T18:03:54 - [MESSAGE][PASSED] - Call Test Case 'Test Cases/Common Cases/Login' successfully

04-12-2024T18:03:54 - [TEST_STEP][PASSED] - navigateToUrl("https://site17.lsapp.cloud/client/index/1556?section=medicalassess"): Navigate to 'https://site17.lsapp.cloud/client/index/1556?section=medicalassess' successfully

04-12-2024T18:04:00 - [MESSAGE][PASSED] - Navigate to 'https://site17.lsapp.cloud/client/index/1556?section=medicalassess' successfully

04-12-2024T18:04:00 - [TEST_STEP][PASSED] - click(findTestObject("Object Repository/Specific Cases Repository/LS/Client Profile/Allergies-Vitals-Labs/Pain Rating/Page_Client Profile/h4_Pain Rating")): Object: 'Object Repository/Specific Cases Repository/LS/Client Profile/Allergies-Vitals-Labs/Pain Rating/Page_Client Profile/h4_Pain Rating' is clicked on

04-12-2024T18:04:01 - [MESSAGE][PASSED] - Object: 'Object Repository/Specific Cases Repository/LS/Client Profile/Allergies-Vitals-Labs/Pain Rating/Page_Client Profile/h4_Pain Rating' is clicked on

04-12-2024T18:04:01 - [TEST_STEP][PASSED] - click(findTestObject("Object Repository/Specific Cases Repository/LS/Client Profile/Allergies-Vitals-Labs/Pain Rating/Page_Client Profile/i_add")): Object: 'Object Repository/Specific Cases Repository/LS/Client Profile/Allergies-Vitals-Labs/Pain Rating/Page_Client Profile/i_add' is clicked on

04-12-2024T18:04:05 - [MESSAGE][PASSED] - Object: 'Object Repository/Specific Cases Repository/LS/Client Profile/Allergies-Vitals-Labs/Pain Rating/Page_Client Profile/i_add' is clicked on

04-12-2024T18:04:05 - [TEST_STEP][PASSED] - selectOptionByValue(findTestObject("Object Repository/Specific Cases Repository/LS/Client Profile/Allergies-Vitals-Labs/Pain Rating/Page_Pain Rating/select_--not-selected--YesNo"), "Yes", true): All options with value 'Yes' are selected in object 'Object Repository/Specific Cases Repository/LS/Client Profile/Allergies-Vitals-Labs/Pain Rating/Page_Pain Rating/select_--not-selected--YesNo'  using regular expression

04-12-2024T18:04:06 - [MESSAGE][PASSED] - All options with value 'Yes' are selected in object 'Object Repository/Specific Cases Repository/LS/Client Profile/Allergies-Vitals-Labs/Pain Rating/Page_Pain Rating/select_--not-selected--YesNo'  using regular expression

04-12-2024T18:04:06 - [TEST_STEP][PASSED] - setText(findTestObject("Object Repository/Specific Cases Repository/LS/Client Profile/Allergies-Vitals-Labs/Pain Rating/Page_Pain Rating/textarea_Character Please describe your pai_b961e8"), "Automation Character"): Text 'Automation Character' is set on object 'Object Repository/Specific Cases Repository/LS/Client Profile/Allergies-Vitals-Labs/Pain Rating/Page_Pain Rating/textarea_Character Please describe your pai_b961e8'

04-12-2024T18:04:07 - [MESSAGE][PASSED] - Text 'Automation Character' is set on object 'Object Repository/Specific Cases Repository/LS/Client Profile/Allergies-Vitals-Labs/Pain Rating/Page_Pain Rating/textarea_Character Please describe your pai_b961e8'

04-12-2024T18:04:07 - [TEST_STEP][PASSED] - setText(findTestObject("Object Repository/Specific Cases Repository/LS/Client Profile/Allergies-Vitals-Labs/Pain Rating/Page_Pain Rating/textarea_Onset When did your pain begin How_1fcb8f"), "Automation Onset"): Text 'Automation Onset' is set on object 'Object Repository/Specific Cases Repository/LS/Client Profile/Allergies-Vitals-Labs/Pain Rating/Page_Pain Rating/textarea_Onset When did your pain begin How_1fcb8f'

04-12-2024T18:04:07 - [MESSAGE][PASSED] - Text 'Automation Onset' is set on object 'Object Repository/Specific Cases Repository/LS/Client Profile/Allergies-Vitals-Labs/Pain Rating/Page_Pain Rating/textarea_Onset When did your pain begin How_1fcb8f'

04-12-2024T18:04:07 - [TEST_STEP][PASSED] - setText(findTestObject("Object Repository/Specific Cases Repository/LS/Client Profile/Allergies-Vitals-Labs/Pain Rating/Page_Pain Rating/textarea_Location Where is it Does it radia_4aae7b"), "Autoamtion Location"): Text 'Autoamtion Location' is set on object 'Object Repository/Specific Cases Repository/LS/Client Profile/Allergies-Vitals-Labs/Pain Rating/Page_Pain Rating/textarea_Location Where is it Does it radia_4aae7b'

04-12-2024T18:04:08 - [MESSAGE][PASSED] - Text 'Autoamtion Location' is set on object 'Object Repository/Specific Cases Repository/LS/Client Profile/Allergies-Vitals-Labs/Pain Rating/Page_Pain Rating/textarea_Location Where is it Does it radia_4aae7b'

04-12-2024T18:04:08 - [TEST_STEP][PASSED] - setText(findTestObject("Object Repository/Specific Cases Repository/LS/Client Profile/Allergies-Vitals-Labs/Pain Rating/Page_Pain Rating/textarea_Duration How long does it last Doe_a24179"), "Automation Duration"): Text 'Automation Duration' is set on object 'Object Repository/Specific Cases Repository/LS/Client Profile/Allergies-Vitals-Labs/Pain Rating/Page_Pain Rating/textarea_Duration How long does it last Doe_a24179'

04-12-2024T18:04:09 - [MESSAGE][PASSED] - Text 'Automation Duration' is set on object 'Object Repository/Specific Cases Repository/LS/Client Profile/Allergies-Vitals-Labs/Pain Rating/Page_Pain Rating/textarea_Duration How long does it last Doe_a24179'

04-12-2024T18:04:09 - [TEST_STEP][PASSED] - setText(findTestObject("Object Repository/Specific Cases Repository/LS/Client Profile/Allergies-Vitals-Labs/Pain Rating/Page_Pain Rating/textarea_Severity How bad is it_txtseverity"), "Automation Severity"): Text 'Automation Severity' is set on object 'Object Repository/Specific Cases Repository/LS/Client Profile/Allergies-Vitals-Labs/Pain Rating/Page_Pain Rating/textarea_Severity How bad is it_txtseverity'

04-12-2024T18:04:09 - [MESSAGE][PASSED] - Text 'Automation Severity' is set on object 'Object Repository/Specific Cases Repository/LS/Client Profile/Allergies-Vitals-Labs/Pain Rating/Page_Pain Rating/textarea_Severity How bad is it_txtseverity'

04-12-2024T18:04:09 - [TEST_STEP][PASSED] - setText(findTestObject("Object Repository/Specific Cases Repository/LS/Client Profile/Allergies-Vitals-Labs/Pain Rating/Page_Pain Rating/textarea_Pattern What makes it better_txtpattern"), "Automation Pattern"): Text 'Automation Pattern' is set on object 'Object Repository/Specific Cases Repository/LS/Client Profile/Allergies-Vitals-Labs/Pain Rating/Page_Pain Rating/textarea_Pattern What makes it better_txtpattern'

04-12-2024T18:04:10 - [MESSAGE][PASSED] - Text 'Automation Pattern' is set on object 'Object Repository/Specific Cases Repository/LS/Client Profile/Allergies-Vitals-Labs/Pain Rating/Page_Pain Rating/textarea_Pattern What makes it better_txtpattern'

04-12-2024T18:04:10 - [TEST_STEP][PASSED] - setText(findTestObject("Object Repository/Specific Cases Repository/LS/Client Profile/Allergies-Vitals-Labs/Pain Rating/Page_Pain Rating/textarea_Associated Factors What other symp_d4f16d"), "Automation Associated"): Text 'Automation Associated' is set on object 'Object Repository/Specific Cases Repository/LS/Client Profile/Allergies-Vitals-Labs/Pain Rating/Page_Pain Rating/textarea_Associated Factors What other symp_d4f16d'

04-12-2024T18:04:11 - [MESSAGE][PASSED] - Text 'Automation Associated' is set on object 'Object Repository/Specific Cases Repository/LS/Client Profile/Allergies-Vitals-Labs/Pain Rating/Page_Pain Rating/textarea_Associated Factors What other symp_d4f16d'

04-12-2024T18:04:11 - [TEST_STEP][PASSED] - click(findTestObject("Object Repository/Specific Cases Repository/LS/Client Profile/Allergies-Vitals-Labs/Pain Rating/Page_Pain Rating/input_Associated Factors What other symptom_d4156a")): Object: 'Object Repository/Specific Cases Repository/LS/Client Profile/Allergies-Vitals-Labs/Pain Rating/Page_Pain Rating/input_Associated Factors What other symptom_d4156a' is clicked on

04-12-2024T18:04:11 - [MESSAGE][PASSED] - Object: 'Object Repository/Specific Cases Repository/LS/Client Profile/Allergies-Vitals-Labs/Pain Rating/Page_Pain Rating/input_Associated Factors What other symptom_d4156a' is clicked on

04-12-2024T18:04:11 - [TEST_STEP][PASSED] - click(findTestObject("Object Repository/Specific Cases Repository/LS/Client Profile/Allergies-Vitals-Labs/Pain Rating/Page_Pain Rating/span_Sign and Lock_check")): Object: 'Object Repository/Specific Cases Repository/LS/Client Profile/Allergies-Vitals-Labs/Pain Rating/Page_Pain Rating/span_Sign and Lock_check' is clicked on

04-12-2024T18:04:11 - [MESSAGE][PASSED] - Object: 'Object Repository/Specific Cases Repository/LS/Client Profile/Allergies-Vitals-Labs/Pain Rating/Page_Pain Rating/span_Sign and Lock_check' is clicked on

04-12-2024T18:04:11 - [TEST_STEP][PASSED] - click(findTestObject("Object Repository/Specific Cases Repository/LS/Client Profile/Allergies-Vitals-Labs/Pain Rating/Page_Pain Rating/button_Save")): Object: 'Object Repository/Specific Cases Repository/LS/Client Profile/Allergies-Vitals-Labs/Pain Rating/Page_Pain Rating/button_Save' is clicked on

04-12-2024T18:04:19 - [MESSAGE][PASSED] - Object: 'Object Repository/Specific Cases Repository/LS/Client Profile/Allergies-Vitals-Labs/Pain Rating/Page_Pain Rating/button_Save' is clicked on

04-12-2024T18:04:19 - [TEST_STEP][PASSED] - verifyElementText(findTestObject("Object Repository/Specific Cases Repository/LS/Client Profile/Allergies-Vitals-Labs/Pain Rating/Page_Client Profile/td_5"), "5"): Actual text and expected text of test object 'Object Repository/Specific Cases Repository/LS/Client Profile/Allergies-Vitals-Labs/Pain Rating/Page_Client Profile/td_5' are matched.

04-12-2024T18:04:21 - [MESSAGE][PASSED] - Actual text and expected text of test object 'Object Repository/Specific Cases Repository/LS/Client Profile/Allergies-Vitals-Labs/Pain Rating/Page_Client Profile/td_5' are matched.

04-12-2024T18:04:21 - [TEST_STEP][PASSED] - verifyElementText(findTestObject("Object Repository/Specific Cases Repository/LS/Client Profile/Allergies-Vitals-Labs/Pain Rating/Page_Client Profile/td_Automation Character"), "Automation Character"): Actual text and expected text of test object 'Object Repository/Specific Cases Repository/LS/Client Profile/Allergies-Vitals-Labs/Pain Rating/Page_Client Profile/td_Automation Character' are matched.

04-12-2024T18:04:21 - [MESSAGE][PASSED] - Actual text and expected text of test object 'Object Repository/Specific Cases Repository/LS/Client Profile/Allergies-Vitals-Labs/Pain Rating/Page_Client Profile/td_Automation Character' are matched.

04-12-2024T18:04:21 - [TEST_STEP][PASSED] - verifyElementText(findTestObject("Object Repository/Specific Cases Repository/LS/Client Profile/Allergies-Vitals-Labs/Pain Rating/Page_Client Profile/td_Automation Test"), "Automation Test"): Actual text and expected text of test object 'Object Repository/Specific Cases Repository/LS/Client Profile/Allergies-Vitals-Labs/Pain Rating/Page_Client Profile/td_Automation Test' are matched.

04-12-2024T18:04:21 - [MESSAGE][PASSED] - Actual text and expected text of test object 'Object Repository/Specific Cases Repository/LS/Client Profile/Allergies-Vitals-Labs/Pain Rating/Page_Client Profile/td_Automation Test' are matched.

04-12-2024T18:04:21 - [TEST_STEP][PASSED] - closeBrowser(): Browser is closed

04-12-2024T18:04:21 - [MESSAGE][PASSED] - Browser is closed]]></system-out>
         <system-err><![CDATA[]]></system-err>
      </testcase>
      <testcase name="Test Cases/Specific Cases/LS/Client Profile/Allergies-Vitals-Labs/PENDING TB Testing" time="9.247" classname="Test Cases/Specific Cases/LS/Client Profile/Allergies-Vitals-Labs/PENDING TB Testing" status="PASSED">
         <system-out><![CDATA[04-12-2024T18:04:21 - [TEST_CASE][PASSED] - Test Cases/Specific Cases/LS/Client Profile/Allergies-Vitals-Labs/PENDING TB Testing: Test Cases/Specific Cases/LS/Client Profile/Allergies-Vitals-Labs/PENDING TB Testing

04-12-2024T18:04:21 - [TEST_STEP][PASSED] - callTestCase(findTestCase("Common Cases/Login"), [:], STOP_ON_FAILURE): Call Test Case 'Test Cases/Common Cases/Login' successfully

04-12-2024T18:04:22 - [TEST_CASE][PASSED] - Test Cases/Common Cases/Login: Test Cases/Common Cases/Login

04-12-2024T18:04:22 - [TEST_STEP][PASSED] - openBrowser(""): Browser is opened with url: ''

04-12-2024T18:04:22 - [MESSAGE][INFO] - Starting 'Chrome' driver

04-12-2024T18:04:22 - [MESSAGE][INFO] - Action delay is set to 0 milliseconds

04-12-2024T18:04:22 - [MESSAGE][PASSED] - Browser is opened with url: ''

04-12-2024T18:04:22 - [TEST_STEP][PASSED] - maximizeWindow(): Current window maximized

04-12-2024T18:04:22 - [MESSAGE][PASSED] - Current window maximized

04-12-2024T18:04:22 - [TEST_STEP][PASSED] - navigateToUrl("https://site17.lsapp.cloud/auth/login"): Navigate to 'https://site17.lsapp.cloud/auth/login' successfully

04-12-2024T18:04:25 - [MESSAGE][PASSED] - Navigate to 'https://site17.lsapp.cloud/auth/login' successfully

04-12-2024T18:04:25 - [TEST_STEP][PASSED] - setText(findTestObject("Object Repository/Common Cases Repository/Login/Page_Lightning Step/input_Email_email"), "automation@lightningstep.com"): Text 'automation@lightningstep.com' is set on object 'Object Repository/Common Cases Repository/Login/Page_Lightning Step/input_Email_email'

04-12-2024T18:04:26 - [MESSAGE][PASSED] - Text 'automation@lightningstep.com' is set on object 'Object Repository/Common Cases Repository/Login/Page_Lightning Step/input_Email_email'

04-12-2024T18:04:26 - [TEST_STEP][PASSED] - setEncryptedText(findTestObject("Object Repository/Common Cases Repository/Login/Page_Lightning Step/input_Password_password"), "e5N8VHmnhJDITtQaQhDQDw=="): Text ****** has been set on object 'Object Repository/Common Cases Repository/Login/Page_Lightning Step/input_Password_password'

04-12-2024T18:04:26 - [MESSAGE][PASSED] - Text ****** has been set on object 'Object Repository/Common Cases Repository/Login/Page_Lightning Step/input_Password_password'

04-12-2024T18:04:26 - [TEST_STEP][PASSED] - click(findTestObject("Object Repository/Common Cases Repository/Login/Page_Lightning Step/button_Sign in")): Object: 'Object Repository/Common Cases Repository/Login/Page_Lightning Step/button_Sign in' is clicked on

04-12-2024T18:04:31 - [MESSAGE][PASSED] - Object: 'Object Repository/Common Cases Repository/Login/Page_Lightning Step/button_Sign in' is clicked on

04-12-2024T18:04:31 - [MESSAGE][PASSED] - Call Test Case 'Test Cases/Common Cases/Login' successfully]]></system-out>
         <system-err><![CDATA[]]></system-err>
      </testcase>
      <testcase name="Test Cases/Specific Cases/LS/Client Profile/Allergies-Vitals-Labs/Pregnancy Test" time="42.196" classname="Test Cases/Specific Cases/LS/Client Profile/Allergies-Vitals-Labs/Pregnancy Test" status="PASSED">
         <system-out><![CDATA[04-12-2024T18:04:31 - [TEST_CASE][PASSED] - Test Cases/Specific Cases/LS/Client Profile/Allergies-Vitals-Labs/Pregnancy Test: Test Cases/Specific Cases/LS/Client Profile/Allergies-Vitals-Labs/Pregnancy Test

04-12-2024T18:04:31 - [TEST_STEP][PASSED] - callTestCase(findTestCase("Common Cases/Login"), [:], STOP_ON_FAILURE): Call Test Case 'Test Cases/Common Cases/Login' successfully

04-12-2024T18:04:31 - [TEST_CASE][PASSED] - Test Cases/Common Cases/Login: Test Cases/Common Cases/Login

04-12-2024T18:04:31 - [TEST_STEP][PASSED] - openBrowser(""): Browser is opened with url: ''

04-12-2024T18:04:31 - [MESSAGE][WARNING] - A browser is already opened. Closing browser and opening a new one

04-12-2024T18:04:31 - [MESSAGE][INFO] - Starting 'Chrome' driver

04-12-2024T18:04:31 - [MESSAGE][INFO] - Action delay is set to 0 milliseconds

04-12-2024T18:04:32 - [MESSAGE][PASSED] - Browser is opened with url: ''

04-12-2024T18:04:32 - [TEST_STEP][PASSED] - maximizeWindow(): Current window maximized

04-12-2024T18:04:32 - [MESSAGE][PASSED] - Current window maximized

04-12-2024T18:04:32 - [TEST_STEP][PASSED] - navigateToUrl("https://site17.lsapp.cloud/auth/login"): Navigate to 'https://site17.lsapp.cloud/auth/login' successfully

04-12-2024T18:04:35 - [MESSAGE][PASSED] - Navigate to 'https://site17.lsapp.cloud/auth/login' successfully

04-12-2024T18:04:35 - [TEST_STEP][PASSED] - setText(findTestObject("Object Repository/Common Cases Repository/Login/Page_Lightning Step/input_Email_email"), "automation@lightningstep.com"): Text 'automation@lightningstep.com' is set on object 'Object Repository/Common Cases Repository/Login/Page_Lightning Step/input_Email_email'

04-12-2024T18:04:36 - [MESSAGE][PASSED] - Text 'automation@lightningstep.com' is set on object 'Object Repository/Common Cases Repository/Login/Page_Lightning Step/input_Email_email'

04-12-2024T18:04:36 - [TEST_STEP][PASSED] - setEncryptedText(findTestObject("Object Repository/Common Cases Repository/Login/Page_Lightning Step/input_Password_password"), "e5N8VHmnhJDITtQaQhDQDw=="): Text ****** has been set on object 'Object Repository/Common Cases Repository/Login/Page_Lightning Step/input_Password_password'

04-12-2024T18:04:37 - [MESSAGE][PASSED] - Text ****** has been set on object 'Object Repository/Common Cases Repository/Login/Page_Lightning Step/input_Password_password'

04-12-2024T18:04:37 - [TEST_STEP][PASSED] - click(findTestObject("Object Repository/Common Cases Repository/Login/Page_Lightning Step/button_Sign in")): Object: 'Object Repository/Common Cases Repository/Login/Page_Lightning Step/button_Sign in' is clicked on

04-12-2024T18:04:41 - [MESSAGE][PASSED] - Object: 'Object Repository/Common Cases Repository/Login/Page_Lightning Step/button_Sign in' is clicked on

04-12-2024T18:04:41 - [MESSAGE][PASSED] - Call Test Case 'Test Cases/Common Cases/Login' successfully

04-12-2024T18:04:41 - [TEST_STEP][PASSED] - navigateToUrl("https://site17.lsapp.cloud/client/index/1556?section=medicalassess"): Navigate to 'https://site17.lsapp.cloud/client/index/1556?section=medicalassess' successfully

04-12-2024T18:04:48 - [MESSAGE][PASSED] - Navigate to 'https://site17.lsapp.cloud/client/index/1556?section=medicalassess' successfully

04-12-2024T18:04:48 - [TEST_STEP][PASSED] - click(findTestObject("Object Repository/Specific Cases Repository/LS/Client Profile/Allergies-Vitals-Labs/Pregnancy Test/Page_Client Profile/h4_Pregnancy Test")): Object: 'Object Repository/Specific Cases Repository/LS/Client Profile/Allergies-Vitals-Labs/Pregnancy Test/Page_Client Profile/h4_Pregnancy Test' is clicked on

04-12-2024T18:04:49 - [MESSAGE][PASSED] - Object: 'Object Repository/Specific Cases Repository/LS/Client Profile/Allergies-Vitals-Labs/Pregnancy Test/Page_Client Profile/h4_Pregnancy Test' is clicked on

04-12-2024T18:04:49 - [TEST_STEP][PASSED] - click(findTestObject("Object Repository/Specific Cases Repository/LS/Client Profile/Allergies-Vitals-Labs/Pregnancy Test/Page_Client Profile/i_add")): Object: 'Object Repository/Specific Cases Repository/LS/Client Profile/Allergies-Vitals-Labs/Pregnancy Test/Page_Client Profile/i_add' is clicked on

04-12-2024T18:04:53 - [MESSAGE][PASSED] - Object: 'Object Repository/Specific Cases Repository/LS/Client Profile/Allergies-Vitals-Labs/Pregnancy Test/Page_Client Profile/i_add' is clicked on

04-12-2024T18:04:53 - [TEST_STEP][PASSED] - setText(findTestObject("Object Repository/Specific Cases Repository/LS/Client Profile/Allergies-Vitals-Labs/Pregnancy Test/Page_Pregnancy Test/textarea_Additional Information_note"), "Automation Additional Information"): Text 'Automation Additional Information' is set on object 'Object Repository/Specific Cases Repository/LS/Client Profile/Allergies-Vitals-Labs/Pregnancy Test/Page_Pregnancy Test/textarea_Additional Information_note'

04-12-2024T18:04:54 - [MESSAGE][PASSED] - Text 'Automation Additional Information' is set on object 'Object Repository/Specific Cases Repository/LS/Client Profile/Allergies-Vitals-Labs/Pregnancy Test/Page_Pregnancy Test/textarea_Additional Information_note'

04-12-2024T18:04:54 - [TEST_STEP][PASSED] - selectOptionByValue(findTestObject("Object Repository/Specific Cases Repository/LS/Client Profile/Allergies-Vitals-Labs/Pregnancy Test/Page_Pregnancy Test/select_PositiveNegative"), "Positive", true): All options with value 'Positive' are selected in object 'Object Repository/Specific Cases Repository/LS/Client Profile/Allergies-Vitals-Labs/Pregnancy Test/Page_Pregnancy Test/select_PositiveNegative'  using regular expression

04-12-2024T18:04:55 - [MESSAGE][PASSED] - All options with value 'Positive' are selected in object 'Object Repository/Specific Cases Repository/LS/Client Profile/Allergies-Vitals-Labs/Pregnancy Test/Page_Pregnancy Test/select_PositiveNegative'  using regular expression

04-12-2024T18:04:55 - [TEST_STEP][PASSED] - click(findTestObject("Object Repository/Specific Cases Repository/LS/Client Profile/Allergies-Vitals-Labs/Pregnancy Test/Page_Pregnancy Test/input_Sign and Lock_dss")): Object: 'Object Repository/Specific Cases Repository/LS/Client Profile/Allergies-Vitals-Labs/Pregnancy Test/Page_Pregnancy Test/input_Sign and Lock_dss' is clicked on

04-12-2024T18:04:55 - [MESSAGE][PASSED] - Object: 'Object Repository/Specific Cases Repository/LS/Client Profile/Allergies-Vitals-Labs/Pregnancy Test/Page_Pregnancy Test/input_Sign and Lock_dss' is clicked on

04-12-2024T18:04:55 - [TEST_STEP][PASSED] - click(findTestObject("Object Repository/Specific Cases Repository/LS/Client Profile/Allergies-Vitals-Labs/Pregnancy Test/Page_Pregnancy Test/button_Save")): Object: 'Object Repository/Specific Cases Repository/LS/Client Profile/Allergies-Vitals-Labs/Pregnancy Test/Page_Pregnancy Test/button_Save' is clicked on

04-12-2024T18:05:04 - [MESSAGE][PASSED] - Object: 'Object Repository/Specific Cases Repository/LS/Client Profile/Allergies-Vitals-Labs/Pregnancy Test/Page_Pregnancy Test/button_Save' is clicked on

04-12-2024T18:05:04 - [TEST_STEP][PASSED] - navigateToUrl("https://site17.lsapp.cloud/client/index/1556?section=medicalassess"): Navigate to 'https://site17.lsapp.cloud/client/index/1556?section=medicalassess' successfully

04-12-2024T18:05:11 - [MESSAGE][PASSED] - Navigate to 'https://site17.lsapp.cloud/client/index/1556?section=medicalassess' successfully

04-12-2024T18:05:11 - [TEST_STEP][PASSED] - click(findTestObject("Object Repository/Specific Cases Repository/LS/Client Profile/Allergies-Vitals-Labs/Pregnancy Test/Page_Client Profile/h4_Pregnancy Test")): Object: 'Object Repository/Specific Cases Repository/LS/Client Profile/Allergies-Vitals-Labs/Pregnancy Test/Page_Client Profile/h4_Pregnancy Test' is clicked on

04-12-2024T18:05:12 - [MESSAGE][PASSED] - Object: 'Object Repository/Specific Cases Repository/LS/Client Profile/Allergies-Vitals-Labs/Pregnancy Test/Page_Client Profile/h4_Pregnancy Test' is clicked on

04-12-2024T18:05:12 - [TEST_STEP][PASSED] - verifyElementText(findTestObject("Object Repository/Specific Cases Repository/LS/Client Profile/Allergies-Vitals-Labs/Pregnancy Test/Page_Client Profile/td_Positive"), "Positive"): Actual text and expected text of test object 'Object Repository/Specific Cases Repository/LS/Client Profile/Allergies-Vitals-Labs/Pregnancy Test/Page_Client Profile/td_Positive' are matched.

04-12-2024T18:05:12 - [MESSAGE][PASSED] - Actual text and expected text of test object 'Object Repository/Specific Cases Repository/LS/Client Profile/Allergies-Vitals-Labs/Pregnancy Test/Page_Client Profile/td_Positive' are matched.

04-12-2024T18:05:12 - [TEST_STEP][PASSED] - verifyElementPresent(findTestObject("Object Repository/Specific Cases Repository/LS/Client Profile/Allergies-Vitals-Labs/Pregnancy Test/Page_Client Profile/i_Positive_fa fa-exclamation-triangle text-danger"), 0): Object 'Object Repository/Specific Cases Repository/LS/Client Profile/Allergies-Vitals-Labs/Pregnancy Test/Page_Client Profile/i_Positive_fa fa-exclamation-triangle text-danger' is present

04-12-2024T18:05:12 - [MESSAGE][WARNING] - Timeout '0' is invalid. Using default page load timeout: '30'

04-12-2024T18:05:13 - [MESSAGE][PASSED] - Object 'Object Repository/Specific Cases Repository/LS/Client Profile/Allergies-Vitals-Labs/Pregnancy Test/Page_Client Profile/i_Positive_fa fa-exclamation-triangle text-danger' is present

04-12-2024T18:05:13 - [TEST_STEP][PASSED] - closeBrowser(): Browser is closed

04-12-2024T18:05:13 - [MESSAGE][PASSED] - Browser is closed]]></system-out>
         <system-err><![CDATA[]]></system-err>
      </testcase>
      <testcase name="Test Cases/Specific Cases/LS/Client Profile/Allergies-Vitals-Labs/UDS" time="58.54" classname="Test Cases/Specific Cases/LS/Client Profile/Allergies-Vitals-Labs/UDS" status="PASSED">
         <system-out><![CDATA[04-12-2024T18:05:13 - [TEST_CASE][PASSED] - Test Cases/Specific Cases/LS/Client Profile/Allergies-Vitals-Labs/UDS: Test Cases/Specific Cases/LS/Client Profile/Allergies-Vitals-Labs/UDS

04-12-2024T18:05:13 - [TEST_STEP][PASSED] - callTestCase(findTestCase("Common Cases/Login"), [:], STOP_ON_FAILURE): Call Test Case 'Test Cases/Common Cases/Login' successfully

04-12-2024T18:05:13 - [TEST_CASE][PASSED] - Test Cases/Common Cases/Login: Test Cases/Common Cases/Login

04-12-2024T18:05:13 - [TEST_STEP][PASSED] - openBrowser(""): Browser is opened with url: ''

04-12-2024T18:05:13 - [MESSAGE][INFO] - Starting 'Chrome' driver

04-12-2024T18:05:13 - [MESSAGE][INFO] - Action delay is set to 0 milliseconds

04-12-2024T18:05:14 - [MESSAGE][PASSED] - Browser is opened with url: ''

04-12-2024T18:05:14 - [TEST_STEP][PASSED] - maximizeWindow(): Current window maximized

04-12-2024T18:05:14 - [MESSAGE][PASSED] - Current window maximized

04-12-2024T18:05:14 - [TEST_STEP][PASSED] - navigateToUrl("https://site17.lsapp.cloud/auth/login"): Navigate to 'https://site17.lsapp.cloud/auth/login' successfully

04-12-2024T18:05:16 - [MESSAGE][PASSED] - Navigate to 'https://site17.lsapp.cloud/auth/login' successfully

04-12-2024T18:05:16 - [TEST_STEP][PASSED] - setText(findTestObject("Object Repository/Common Cases Repository/Login/Page_Lightning Step/input_Email_email"), "automation@lightningstep.com"): Text 'automation@lightningstep.com' is set on object 'Object Repository/Common Cases Repository/Login/Page_Lightning Step/input_Email_email'

04-12-2024T18:05:17 - [MESSAGE][PASSED] - Text 'automation@lightningstep.com' is set on object 'Object Repository/Common Cases Repository/Login/Page_Lightning Step/input_Email_email'

04-12-2024T18:05:17 - [TEST_STEP][PASSED] - setEncryptedText(findTestObject("Object Repository/Common Cases Repository/Login/Page_Lightning Step/input_Password_password"), "e5N8VHmnhJDITtQaQhDQDw=="): Text ****** has been set on object 'Object Repository/Common Cases Repository/Login/Page_Lightning Step/input_Password_password'

04-12-2024T18:05:17 - [MESSAGE][PASSED] - Text ****** has been set on object 'Object Repository/Common Cases Repository/Login/Page_Lightning Step/input_Password_password'

04-12-2024T18:05:17 - [TEST_STEP][PASSED] - click(findTestObject("Object Repository/Common Cases Repository/Login/Page_Lightning Step/button_Sign in")): Object: 'Object Repository/Common Cases Repository/Login/Page_Lightning Step/button_Sign in' is clicked on

04-12-2024T18:05:22 - [MESSAGE][PASSED] - Object: 'Object Repository/Common Cases Repository/Login/Page_Lightning Step/button_Sign in' is clicked on

04-12-2024T18:05:22 - [MESSAGE][PASSED] - Call Test Case 'Test Cases/Common Cases/Login' successfully

04-12-2024T18:05:22 - [TEST_STEP][PASSED] - click(findTestObject("Object Repository/Specific Cases Repository/LS/Client Profile/Allergies-Vitals-Labs/UDS/Page_Home/a_Census")): Object: 'Object Repository/Specific Cases Repository/LS/Client Profile/Allergies-Vitals-Labs/UDS/Page_Home/a_Census' is clicked on

04-12-2024T18:05:24 - [MESSAGE][PASSED] - Object: 'Object Repository/Specific Cases Repository/LS/Client Profile/Allergies-Vitals-Labs/UDS/Page_Home/a_Census' is clicked on

04-12-2024T18:05:24 - [TEST_STEP][PASSED] - click(findTestObject("Object Repository/Specific Cases Repository/LS/Client Profile/Allergies-Vitals-Labs/UDS/Page_Home/a_A Automation, A Client")): Object: 'Object Repository/Specific Cases Repository/LS/Client Profile/Allergies-Vitals-Labs/UDS/Page_Home/a_A Automation, A Client' is clicked on

04-12-2024T18:05:32 - [MESSAGE][PASSED] - Object: 'Object Repository/Specific Cases Repository/LS/Client Profile/Allergies-Vitals-Labs/UDS/Page_Home/a_A Automation, A Client' is clicked on

04-12-2024T18:05:32 - [TEST_STEP][PASSED] - click(findTestObject("Object Repository/Specific Cases Repository/LS/Client Profile/Allergies-Vitals-Labs/UDS/Page_Client Profile/a_Allergies  Vitals  Labs")): Object: 'Object Repository/Specific Cases Repository/LS/Client Profile/Allergies-Vitals-Labs/UDS/Page_Client Profile/a_Allergies  Vitals  Labs' is clicked on

04-12-2024T18:05:34 - [MESSAGE][PASSED] - Object: 'Object Repository/Specific Cases Repository/LS/Client Profile/Allergies-Vitals-Labs/UDS/Page_Client Profile/a_Allergies  Vitals  Labs' is clicked on

04-12-2024T18:05:34 - [TEST_STEP][PASSED] - click(findTestObject("Object Repository/Specific Cases Repository/LS/Client Profile/Allergies-Vitals-Labs/UDS/Page_Client Profile/h4_UDS")): Object: 'Object Repository/Specific Cases Repository/LS/Client Profile/Allergies-Vitals-Labs/UDS/Page_Client Profile/h4_UDS' is clicked on

04-12-2024T18:05:35 - [MESSAGE][PASSED] - Object: 'Object Repository/Specific Cases Repository/LS/Client Profile/Allergies-Vitals-Labs/UDS/Page_Client Profile/h4_UDS' is clicked on

04-12-2024T18:05:35 - [TEST_STEP][PASSED] - click(findTestObject("Object Repository/Specific Cases Repository/LS/Client Profile/Allergies-Vitals-Labs/UDS/Page_Client Profile/i_add")): Object: 'Object Repository/Specific Cases Repository/LS/Client Profile/Allergies-Vitals-Labs/UDS/Page_Client Profile/i_add' is clicked on

04-12-2024T18:05:38 - [MESSAGE][PASSED] - Object: 'Object Repository/Specific Cases Repository/LS/Client Profile/Allergies-Vitals-Labs/UDS/Page_Client Profile/i_add' is clicked on

04-12-2024T18:05:38 - [TEST_STEP][PASSED] - setText(findTestObject("Object Repository/Specific Cases Repository/LS/Client Profile/Allergies-Vitals-Labs/UDS/Page_Urine Drug Screen/input_Sample ID_idnumber"), "Automation sample"): Text 'Automation sample' is set on object 'Object Repository/Specific Cases Repository/LS/Client Profile/Allergies-Vitals-Labs/UDS/Page_Urine Drug Screen/input_Sample ID_idnumber'

04-12-2024T18:05:39 - [MESSAGE][PASSED] - Text 'Automation sample' is set on object 'Object Repository/Specific Cases Repository/LS/Client Profile/Allergies-Vitals-Labs/UDS/Page_Urine Drug Screen/input_Sample ID_idnumber'

04-12-2024T18:05:39 - [TEST_STEP][PASSED] - setText(findTestObject("Object Repository/Specific Cases Repository/LS/Client Profile/Allergies-Vitals-Labs/UDS/Page_Urine Drug Screen/textarea_Note_note"), "automation note"): Text 'automation note' is set on object 'Object Repository/Specific Cases Repository/LS/Client Profile/Allergies-Vitals-Labs/UDS/Page_Urine Drug Screen/textarea_Note_note'

04-12-2024T18:05:39 - [MESSAGE][PASSED] - Text 'automation note' is set on object 'Object Repository/Specific Cases Repository/LS/Client Profile/Allergies-Vitals-Labs/UDS/Page_Urine Drug Screen/textarea_Note_note'

04-12-2024T18:05:39 - [TEST_STEP][PASSED] - click(findTestObject("Object Repository/Specific Cases Repository/LS/Client Profile/Allergies-Vitals-Labs/UDS/Page_Urine Drug Screen/button_Save")): Object: 'Object Repository/Specific Cases Repository/LS/Client Profile/Allergies-Vitals-Labs/UDS/Page_Urine Drug Screen/button_Save' is clicked on

04-12-2024T18:05:48 - [MESSAGE][PASSED] - Object: 'Object Repository/Specific Cases Repository/LS/Client Profile/Allergies-Vitals-Labs/UDS/Page_Urine Drug Screen/button_Save' is clicked on

04-12-2024T18:05:48 - [TEST_STEP][PASSED] - verifyElementText(findTestObject("Object Repository/Specific Cases Repository/LS/Client Profile/Allergies-Vitals-Labs/UDS/Page_Client Profile/td_Undetermined"), "Undetermined"): Actual text and expected text of test object 'Object Repository/Specific Cases Repository/LS/Client Profile/Allergies-Vitals-Labs/UDS/Page_Client Profile/td_Undetermined' are matched.

04-12-2024T18:05:49 - [MESSAGE][PASSED] - Actual text and expected text of test object 'Object Repository/Specific Cases Repository/LS/Client Profile/Allergies-Vitals-Labs/UDS/Page_Client Profile/td_Undetermined' are matched.

04-12-2024T18:05:49 - [TEST_STEP][PASSED] - click(findTestObject("Object Repository/Specific Cases Repository/LS/Client Profile/Allergies-Vitals-Labs/UDS/Page_Client Profile/a_Undetermined_btn btn-primary btn-raised b_a6024d")): Object: 'Object Repository/Specific Cases Repository/LS/Client Profile/Allergies-Vitals-Labs/UDS/Page_Client Profile/a_Undetermined_btn btn-primary btn-raised b_a6024d' is clicked on

04-12-2024T18:05:54 - [MESSAGE][PASSED] - Object: 'Object Repository/Specific Cases Repository/LS/Client Profile/Allergies-Vitals-Labs/UDS/Page_Client Profile/a_Undetermined_btn btn-primary btn-raised b_a6024d' is clicked on

04-12-2024T18:05:54 - [TEST_STEP][PASSED] - setText(findTestObject("Object Repository/Specific Cases Repository/LS/Client Profile/Allergies-Vitals-Labs/UDS/Page_Urine Drug Screen/textarea_Result Information_udsreading"), "Automation result information"): Text 'Automation result information' is set on object 'Object Repository/Specific Cases Repository/LS/Client Profile/Allergies-Vitals-Labs/UDS/Page_Urine Drug Screen/textarea_Result Information_udsreading'

04-12-2024T18:05:56 - [MESSAGE][PASSED] - Text 'Automation result information' is set on object 'Object Repository/Specific Cases Repository/LS/Client Profile/Allergies-Vitals-Labs/UDS/Page_Urine Drug Screen/textarea_Result Information_udsreading'

04-12-2024T18:05:56 - [TEST_STEP][PASSED] - click(findTestObject("Object Repository/Specific Cases Repository/LS/Client Profile/Allergies-Vitals-Labs/UDS/Page_Urine Drug Screen/input_Positive_result_code65")): Object: 'Object Repository/Specific Cases Repository/LS/Client Profile/Allergies-Vitals-Labs/UDS/Page_Urine Drug Screen/input_Positive_result_code65' is clicked on

04-12-2024T18:05:56 - [MESSAGE][PASSED] - Object: 'Object Repository/Specific Cases Repository/LS/Client Profile/Allergies-Vitals-Labs/UDS/Page_Urine Drug Screen/input_Positive_result_code65' is clicked on

04-12-2024T18:05:56 - [TEST_STEP][PASSED] - click(findTestObject("Object Repository/Specific Cases Repository/LS/Client Profile/Allergies-Vitals-Labs/UDS/Page_Urine Drug Screen/input_Positive_result_code67")): Object: 'Object Repository/Specific Cases Repository/LS/Client Profile/Allergies-Vitals-Labs/UDS/Page_Urine Drug Screen/input_Positive_result_code67' is clicked on

04-12-2024T18:05:57 - [MESSAGE][PASSED] - Object: 'Object Repository/Specific Cases Repository/LS/Client Profile/Allergies-Vitals-Labs/UDS/Page_Urine Drug Screen/input_Positive_result_code67' is clicked on

04-12-2024T18:05:57 - [TEST_STEP][PASSED] - click(findTestObject("Object Repository/Specific Cases Repository/LS/Client Profile/Allergies-Vitals-Labs/UDS/Page_Urine Drug Screen/input_Not Tested_result_code68")): Object: 'Object Repository/Specific Cases Repository/LS/Client Profile/Allergies-Vitals-Labs/UDS/Page_Urine Drug Screen/input_Not Tested_result_code68' is clicked on

04-12-2024T18:05:58 - [MESSAGE][PASSED] - Object: 'Object Repository/Specific Cases Repository/LS/Client Profile/Allergies-Vitals-Labs/UDS/Page_Urine Drug Screen/input_Not Tested_result_code68' is clicked on

04-12-2024T18:05:58 - [TEST_STEP][PASSED] - click(findTestObject("Object Repository/Specific Cases Repository/LS/Client Profile/Allergies-Vitals-Labs/UDS/Page_Urine Drug Screen/span_Sign and Lock_check")): Object: 'Object Repository/Specific Cases Repository/LS/Client Profile/Allergies-Vitals-Labs/UDS/Page_Urine Drug Screen/span_Sign and Lock_check' is clicked on

04-12-2024T18:05:59 - [MESSAGE][PASSED] - Object: 'Object Repository/Specific Cases Repository/LS/Client Profile/Allergies-Vitals-Labs/UDS/Page_Urine Drug Screen/span_Sign and Lock_check' is clicked on

04-12-2024T18:05:59 - [TEST_STEP][PASSED] - click(findTestObject("Object Repository/Specific Cases Repository/LS/Client Profile/Allergies-Vitals-Labs/UDS/Page_Urine Drug Screen/button_Save_1")): Object: 'Object Repository/Specific Cases Repository/LS/Client Profile/Allergies-Vitals-Labs/UDS/Page_Urine Drug Screen/button_Save_1' is clicked on

04-12-2024T18:06:06 - [MESSAGE][PASSED] - Object: 'Object Repository/Specific Cases Repository/LS/Client Profile/Allergies-Vitals-Labs/UDS/Page_Urine Drug Screen/button_Save_1' is clicked on

04-12-2024T18:06:06 - [TEST_STEP][PASSED] - click(findTestObject("Object Repository/Specific Cases Repository/LS/Client Profile/Allergies-Vitals-Labs/UDS/Page_Client Profile/a_Undetermined_btn btn-primary btn-raised b_a6024d")): Object: 'Object Repository/Specific Cases Repository/LS/Client Profile/Allergies-Vitals-Labs/UDS/Page_Client Profile/a_Undetermined_btn btn-primary btn-raised b_a6024d' is clicked on

04-12-2024T18:06:11 - [MESSAGE][PASSED] - Object: 'Object Repository/Specific Cases Repository/LS/Client Profile/Allergies-Vitals-Labs/UDS/Page_Client Profile/a_Undetermined_btn btn-primary btn-raised b_a6024d' is clicked on

04-12-2024T18:06:11 - [TEST_STEP][PASSED] - closeBrowser(): Browser is closed

04-12-2024T18:06:11 - [MESSAGE][PASSED] - Browser is closed]]></system-out>
         <system-err><![CDATA[]]></system-err>
      </testcase>
      <testcase name="Test Cases/Specific Cases/LS/Client Profile/Allergies-Vitals-Labs/Vital Signs" time="38.311" classname="Test Cases/Specific Cases/LS/Client Profile/Allergies-Vitals-Labs/Vital Signs" status="PASSED">
         <system-out><![CDATA[04-12-2024T18:06:11 - [TEST_CASE][PASSED] - Test Cases/Specific Cases/LS/Client Profile/Allergies-Vitals-Labs/Vital Signs: Test Cases/Specific Cases/LS/Client Profile/Allergies-Vitals-Labs/Vital Signs

04-12-2024T18:06:12 - [TEST_STEP][PASSED] - callTestCase(findTestCase("Common Cases/Login"), [:], STOP_ON_FAILURE): Call Test Case 'Test Cases/Common Cases/Login' successfully

04-12-2024T18:06:12 - [TEST_CASE][PASSED] - Test Cases/Common Cases/Login: Test Cases/Common Cases/Login

04-12-2024T18:06:12 - [TEST_STEP][PASSED] - openBrowser(""): Browser is opened with url: ''

04-12-2024T18:06:12 - [MESSAGE][INFO] - Starting 'Chrome' driver

04-12-2024T18:06:12 - [MESSAGE][INFO] - Action delay is set to 0 milliseconds

04-12-2024T18:06:13 - [MESSAGE][PASSED] - Browser is opened with url: ''

04-12-2024T18:06:13 - [TEST_STEP][PASSED] - maximizeWindow(): Current window maximized

04-12-2024T18:06:13 - [MESSAGE][PASSED] - Current window maximized

04-12-2024T18:06:13 - [TEST_STEP][PASSED] - navigateToUrl("https://site17.lsapp.cloud/auth/login"): Navigate to 'https://site17.lsapp.cloud/auth/login' successfully

04-12-2024T18:06:16 - [MESSAGE][PASSED] - Navigate to 'https://site17.lsapp.cloud/auth/login' successfully

04-12-2024T18:06:16 - [TEST_STEP][PASSED] - setText(findTestObject("Object Repository/Common Cases Repository/Login/Page_Lightning Step/input_Email_email"), "automation@lightningstep.com"): Text 'automation@lightningstep.com' is set on object 'Object Repository/Common Cases Repository/Login/Page_Lightning Step/input_Email_email'

04-12-2024T18:06:17 - [MESSAGE][PASSED] - Text 'automation@lightningstep.com' is set on object 'Object Repository/Common Cases Repository/Login/Page_Lightning Step/input_Email_email'

04-12-2024T18:06:17 - [TEST_STEP][PASSED] - setEncryptedText(findTestObject("Object Repository/Common Cases Repository/Login/Page_Lightning Step/input_Password_password"), "e5N8VHmnhJDITtQaQhDQDw=="): Text ****** has been set on object 'Object Repository/Common Cases Repository/Login/Page_Lightning Step/input_Password_password'

04-12-2024T18:06:17 - [MESSAGE][PASSED] - Text ****** has been set on object 'Object Repository/Common Cases Repository/Login/Page_Lightning Step/input_Password_password'

04-12-2024T18:06:17 - [TEST_STEP][PASSED] - click(findTestObject("Object Repository/Common Cases Repository/Login/Page_Lightning Step/button_Sign in")): Object: 'Object Repository/Common Cases Repository/Login/Page_Lightning Step/button_Sign in' is clicked on

04-12-2024T18:06:21 - [MESSAGE][PASSED] - Object: 'Object Repository/Common Cases Repository/Login/Page_Lightning Step/button_Sign in' is clicked on

04-12-2024T18:06:21 - [MESSAGE][PASSED] - Call Test Case 'Test Cases/Common Cases/Login' successfully

04-12-2024T18:06:21 - [TEST_STEP][PASSED] - navigateToUrl("https://site17.lsapp.cloud/client/index/1556?section=medicalassess"): Navigate to 'https://site17.lsapp.cloud/client/index/1556?section=medicalassess' successfully

04-12-2024T18:06:29 - [MESSAGE][PASSED] - Navigate to 'https://site17.lsapp.cloud/client/index/1556?section=medicalassess' successfully

04-12-2024T18:06:29 - [TEST_STEP][PASSED] - click(findTestObject("Object Repository/Specific Cases Repository/LS/Client Profile/Allergies-Vitals-Labs/Vital Signs/Page_Client Profile/h4_Vital Signs")): Object: 'Object Repository/Specific Cases Repository/LS/Client Profile/Allergies-Vitals-Labs/Vital Signs/Page_Client Profile/h4_Vital Signs' is clicked on

04-12-2024T18:06:30 - [MESSAGE][PASSED] - Object: 'Object Repository/Specific Cases Repository/LS/Client Profile/Allergies-Vitals-Labs/Vital Signs/Page_Client Profile/h4_Vital Signs' is clicked on

04-12-2024T18:06:30 - [TEST_STEP][PASSED] - click(findTestObject("Object Repository/Specific Cases Repository/LS/Client Profile/Allergies-Vitals-Labs/Vital Signs/Page_Client Profile/i_add")): Object: 'Object Repository/Specific Cases Repository/LS/Client Profile/Allergies-Vitals-Labs/Vital Signs/Page_Client Profile/i_add' is clicked on

04-12-2024T18:06:35 - [MESSAGE][PASSED] - Object: 'Object Repository/Specific Cases Repository/LS/Client Profile/Allergies-Vitals-Labs/Vital Signs/Page_Client Profile/i_add' is clicked on

04-12-2024T18:06:35 - [TEST_STEP][PASSED] - setText(findTestObject("Object Repository/Specific Cases Repository/LS/Client Profile/Allergies-Vitals-Labs/Vital Signs/Page_Vital Signs/input_Temperature_temp"), "10"): Text '10' is set on object 'Object Repository/Specific Cases Repository/LS/Client Profile/Allergies-Vitals-Labs/Vital Signs/Page_Vital Signs/input_Temperature_temp'

04-12-2024T18:06:36 - [MESSAGE][PASSED] - Text '10' is set on object 'Object Repository/Specific Cases Repository/LS/Client Profile/Allergies-Vitals-Labs/Vital Signs/Page_Vital Signs/input_Temperature_temp'

04-12-2024T18:06:36 - [TEST_STEP][PASSED] - setText(findTestObject("Object Repository/Specific Cases Repository/LS/Client Profile/Allergies-Vitals-Labs/Vital Signs/Page_Vital Signs/input_Pulse_pulse"), "11"): Text '11' is set on object 'Object Repository/Specific Cases Repository/LS/Client Profile/Allergies-Vitals-Labs/Vital Signs/Page_Vital Signs/input_Pulse_pulse'

04-12-2024T18:06:36 - [MESSAGE][PASSED] - Text '11' is set on object 'Object Repository/Specific Cases Repository/LS/Client Profile/Allergies-Vitals-Labs/Vital Signs/Page_Vital Signs/input_Pulse_pulse'

04-12-2024T18:06:36 - [TEST_STEP][PASSED] - setText(findTestObject("Object Repository/Specific Cases Repository/LS/Client Profile/Allergies-Vitals-Labs/Vital Signs/Page_Vital Signs/input_Blood Pressure_bp"), "12 13"): Text '12 13' is set on object 'Object Repository/Specific Cases Repository/LS/Client Profile/Allergies-Vitals-Labs/Vital Signs/Page_Vital Signs/input_Blood Pressure_bp'

04-12-2024T18:06:37 - [MESSAGE][PASSED] - Text '12 13' is set on object 'Object Repository/Specific Cases Repository/LS/Client Profile/Allergies-Vitals-Labs/Vital Signs/Page_Vital Signs/input_Blood Pressure_bp'

04-12-2024T18:06:37 - [TEST_STEP][PASSED] - setText(findTestObject("Object Repository/Specific Cases Repository/LS/Client Profile/Allergies-Vitals-Labs/Vital Signs/Page_Vital Signs/input_Respiration_resp"), "14"): Text '14' is set on object 'Object Repository/Specific Cases Repository/LS/Client Profile/Allergies-Vitals-Labs/Vital Signs/Page_Vital Signs/input_Respiration_resp'

04-12-2024T18:06:38 - [MESSAGE][PASSED] - Text '14' is set on object 'Object Repository/Specific Cases Repository/LS/Client Profile/Allergies-Vitals-Labs/Vital Signs/Page_Vital Signs/input_Respiration_resp'

04-12-2024T18:06:38 - [TEST_STEP][PASSED] - setText(findTestObject("Object Repository/Specific Cases Repository/LS/Client Profile/Allergies-Vitals-Labs/Vital Signs/Page_Vital Signs/input_O 2 Saturation_o2"), "15"): Text '15' is set on object 'Object Repository/Specific Cases Repository/LS/Client Profile/Allergies-Vitals-Labs/Vital Signs/Page_Vital Signs/input_O 2 Saturation_o2'

04-12-2024T18:06:38 - [MESSAGE][PASSED] - Text '15' is set on object 'Object Repository/Specific Cases Repository/LS/Client Profile/Allergies-Vitals-Labs/Vital Signs/Page_Vital Signs/input_O 2 Saturation_o2'

04-12-2024T18:06:38 - [TEST_STEP][PASSED] - setText(findTestObject("Object Repository/Specific Cases Repository/LS/Client Profile/Allergies-Vitals-Labs/Vital Signs/Page_Vital Signs/input_Inhaled Oxygen Concentration_inhaled__06efa9"), "16"): Text '16' is set on object 'Object Repository/Specific Cases Repository/LS/Client Profile/Allergies-Vitals-Labs/Vital Signs/Page_Vital Signs/input_Inhaled Oxygen Concentration_inhaled__06efa9'

04-12-2024T18:06:39 - [MESSAGE][PASSED] - Text '16' is set on object 'Object Repository/Specific Cases Repository/LS/Client Profile/Allergies-Vitals-Labs/Vital Signs/Page_Vital Signs/input_Inhaled Oxygen Concentration_inhaled__06efa9'

04-12-2024T18:06:39 - [TEST_STEP][PASSED] - setText(findTestObject("Object Repository/Specific Cases Repository/LS/Client Profile/Allergies-Vitals-Labs/Vital Signs/Page_Vital Signs/input_Additional Information_additional"), "Automation Additional Information"): Text 'Automation Additional Information' is set on object 'Object Repository/Specific Cases Repository/LS/Client Profile/Allergies-Vitals-Labs/Vital Signs/Page_Vital Signs/input_Additional Information_additional'

04-12-2024T18:06:39 - [MESSAGE][PASSED] - Text 'Automation Additional Information' is set on object 'Object Repository/Specific Cases Repository/LS/Client Profile/Allergies-Vitals-Labs/Vital Signs/Page_Vital Signs/input_Additional Information_additional'

04-12-2024T18:06:39 - [TEST_STEP][PASSED] - click(findTestObject("Object Repository/Specific Cases Repository/LS/Client Profile/Allergies-Vitals-Labs/Vital Signs/Page_Vital Signs/button_Save")): Object: 'Object Repository/Specific Cases Repository/LS/Client Profile/Allergies-Vitals-Labs/Vital Signs/Page_Vital Signs/button_Save' is clicked on

04-12-2024T18:06:46 - [MESSAGE][PASSED] - Object: 'Object Repository/Specific Cases Repository/LS/Client Profile/Allergies-Vitals-Labs/Vital Signs/Page_Vital Signs/button_Save' is clicked on

04-12-2024T18:06:46 - [TEST_STEP][PASSED] - verifyElementText(findTestObject("Object Repository/Specific Cases Repository/LS/Client Profile/Allergies-Vitals-Labs/Vital Signs/Page_Client Profile/td_Automation Test"), "Automation Test"): Actual text and expected text of test object 'Object Repository/Specific Cases Repository/LS/Client Profile/Allergies-Vitals-Labs/Vital Signs/Page_Client Profile/td_Automation Test' are matched.

04-12-2024T18:06:48 - [MESSAGE][PASSED] - Actual text and expected text of test object 'Object Repository/Specific Cases Repository/LS/Client Profile/Allergies-Vitals-Labs/Vital Signs/Page_Client Profile/td_Automation Test' are matched.

04-12-2024T18:06:48 - [TEST_STEP][PASSED] - verifyElementText(findTestObject("Object Repository/Specific Cases Repository/LS/Client Profile/Allergies-Vitals-Labs/Vital Signs/Page_Client Profile/td_10"), "10"): Actual text and expected text of test object 'Object Repository/Specific Cases Repository/LS/Client Profile/Allergies-Vitals-Labs/Vital Signs/Page_Client Profile/td_10' are matched.

04-12-2024T18:06:48 - [MESSAGE][PASSED] - Actual text and expected text of test object 'Object Repository/Specific Cases Repository/LS/Client Profile/Allergies-Vitals-Labs/Vital Signs/Page_Client Profile/td_10' are matched.

04-12-2024T18:06:48 - [TEST_STEP][PASSED] - verifyElementText(findTestObject("Object Repository/Specific Cases Repository/LS/Client Profile/Allergies-Vitals-Labs/Vital Signs/Page_Client Profile/td_11"), "11"): Actual text and expected text of test object 'Object Repository/Specific Cases Repository/LS/Client Profile/Allergies-Vitals-Labs/Vital Signs/Page_Client Profile/td_11' are matched.

04-12-2024T18:06:49 - [MESSAGE][PASSED] - Actual text and expected text of test object 'Object Repository/Specific Cases Repository/LS/Client Profile/Allergies-Vitals-Labs/Vital Signs/Page_Client Profile/td_11' are matched.

04-12-2024T18:06:49 - [TEST_STEP][PASSED] - verifyElementText(findTestObject("Object Repository/Specific Cases Repository/LS/Client Profile/Allergies-Vitals-Labs/Vital Signs/Page_Client Profile/td_14"), "14"): Actual text and expected text of test object 'Object Repository/Specific Cases Repository/LS/Client Profile/Allergies-Vitals-Labs/Vital Signs/Page_Client Profile/td_14' are matched.

04-12-2024T18:06:49 - [MESSAGE][PASSED] - Actual text and expected text of test object 'Object Repository/Specific Cases Repository/LS/Client Profile/Allergies-Vitals-Labs/Vital Signs/Page_Client Profile/td_14' are matched.

04-12-2024T18:06:49 - [TEST_STEP][PASSED] - verifyElementText(findTestObject("Object Repository/Specific Cases Repository/LS/Client Profile/Allergies-Vitals-Labs/Vital Signs/Page_Client Profile/td_15"), "15"): Actual text and expected text of test object 'Object Repository/Specific Cases Repository/LS/Client Profile/Allergies-Vitals-Labs/Vital Signs/Page_Client Profile/td_15' are matched.

04-12-2024T18:06:49 - [MESSAGE][PASSED] - Actual text and expected text of test object 'Object Repository/Specific Cases Repository/LS/Client Profile/Allergies-Vitals-Labs/Vital Signs/Page_Client Profile/td_15' are matched.

04-12-2024T18:06:49 - [TEST_STEP][PASSED] - verifyElementText(findTestObject("Object Repository/Specific Cases Repository/LS/Client Profile/Allergies-Vitals-Labs/Vital Signs/Page_Client Profile/td_Automation Additional Information"), "Automation Additional Information"): Actual text and expected text of test object 'Object Repository/Specific Cases Repository/LS/Client Profile/Allergies-Vitals-Labs/Vital Signs/Page_Client Profile/td_Automation Additional Information' are matched.

04-12-2024T18:06:50 - [MESSAGE][PASSED] - Actual text and expected text of test object 'Object Repository/Specific Cases Repository/LS/Client Profile/Allergies-Vitals-Labs/Vital Signs/Page_Client Profile/td_Automation Additional Information' are matched.

04-12-2024T18:06:50 - [TEST_STEP][PASSED] - closeBrowser(): Browser is closed

04-12-2024T18:06:50 - [MESSAGE][PASSED] - Browser is closed]]></system-out>
         <system-err><![CDATA[]]></system-err>
      </testcase>
      <testcase name="Test Cases/Specific Cases/LS/Client Profile/Allergies-Vitals-Labs/Weight and Height" time="56.625" classname="Test Cases/Specific Cases/LS/Client Profile/Allergies-Vitals-Labs/Weight and Height" status="FAILED">
         <failure type="FAILED" message="Test Cases/Specific Cases/LS/Client Profile/Allergies-Vitals-Labs/Weight and Height FAILED.&#xa;Reason:&#xa;com.kms.katalon.core.exception.StepFailedException: Unable to set text '13' of object 'Object Repository/Specific Cases Repository/LS/Client Profile/Allergies-Vitals-Labs/Weight and Height/Page_Weight and Height/input_Weight for Length Percentile_weight_f_b1f33b'&#xa;	at com.kms.katalon.core.webui.keyword.internal.WebUIKeywordMain.stepFailed(WebUIKeywordMain.groovy:117)&#xa;	at com.kms.katalon.core.webui.keyword.internal.WebUIKeywordMain.runKeyword(WebUIKeywordMain.groovy:43)&#xa;	at com.kms.katalon.core.webui.keyword.builtin.SetTextKeyword.setText(SetTextKeyword.groovy:85)&#xa;	at com.kms.katalon.core.webui.keyword.builtin.SetTextKeyword.execute(SetTextKeyword.groovy:39)&#xa;	at com.kms.katalon.core.keyword.internal.KeywordExecutor.executeKeywordForPlatform(KeywordExecutor.groovy:74)&#xa;	at com.kms.katalon.core.webui.keyword.WebUiBuiltInKeywords.setText(WebUiBuiltInKeywords.groovy:1019)&#xa;	at Weight and Height.run(Weight and Height:37)&#xa;	at com.kms.katalon.core.main.ScriptEngine.run(ScriptEngine.java:194)&#xa;	at com.kms.katalon.core.main.ScriptEngine.runScriptAsRawText(ScriptEngine.java:119)&#xa;	at com.kms.katalon.core.main.TestCaseExecutor.runScript(TestCaseExecutor.java:448)&#xa;	at com.kms.katalon.core.main.TestCaseExecutor.doExecute(TestCaseExecutor.java:439)&#xa;	at com.kms.katalon.core.main.TestCaseExecutor.processExecutionPhase(TestCaseExecutor.java:418)&#xa;	at com.kms.katalon.core.main.TestCaseExecutor.accessMainPhase(TestCaseExecutor.java:410)&#xa;	at com.kms.katalon.core.main.TestCaseExecutor.execute(TestCaseExecutor.java:285)&#xa;	at com.kms.katalon.core.common.CommonExecutor.accessTestCaseMainPhase(CommonExecutor.java:65)&#xa;	at com.kms.katalon.core.main.TestSuiteExecutor.accessTestSuiteMainPhase(TestSuiteExecutor.java:150)&#xa;	at com.kms.katalon.core.main.TestSuiteExecutor.execute(TestSuiteExecutor.java:106)&#xa;	at com.kms.katalon.core.main.TestCaseMain.startTestSuite(TestCaseMain.java:180)&#xa;	at TempTestSuite1733353068935.run(TempTestSuite1733353068935.groovy:35)&#xa;	at java.base/jdk.internal.reflect.NativeMethodAccessorImpl.invoke0(Native Method)&#xa;	at java.base/jdk.internal.reflect.NativeMethodAccessorImpl.invoke(NativeMethodAccessorImpl.java:77)&#xa;	at java.base/jdk.internal.reflect.DelegatingMethodAccessorImpl.invoke(DelegatingMethodAccessorImpl.java:43)&#xa;Caused by: com.kms.katalon.core.webui.exception.WebElementNotFoundException: Web element with id: 'Object Repository/Specific Cases Repository/LS/Client Profile/Allergies-Vitals-Labs/Weight and Height/Page_Weight and Height/input_Weight for Length Percentile_weight_f_b1f33b' located by '//input[@id='weight_for_length_percentile']' not found&#xa;	at com.kms.katalon.core.webui.common.WebUiCommonHelper.findWebElement(WebUiCommonHelper.java:1423)&#xa;	at com.kms.katalon.core.webui.keyword.internal.WebUIAbstractKeyword.findWebElement(WebUIAbstractKeyword.groovy:27)&#xa;	at com.kms.katalon.core.webui.keyword.internal.WebUIAbstractKeyword.findWebElement(WebUIAbstractKeyword.groovy:26)&#xa;	at com.kms.katalon.core.webui.keyword.builtin.SetTextKeyword$_setText_closure1.doCall(SetTextKeyword.groovy:53)&#xa;	at com.kms.katalon.core.webui.keyword.builtin.SetTextKeyword$_setText_closure1.call(SetTextKeyword.groovy)&#xa;	at com.kms.katalon.core.webui.keyword.internal.WebUIKeywordMain.runKeyword(WebUIKeywordMain.groovy:35)&#xa;	... 20 more&#xa;"/>
         <system-out><![CDATA[04-12-2024T18:06:50 - [TEST_CASE][FAILED] - Test Cases/Specific Cases/LS/Client Profile/Allergies-Vitals-Labs/Weight and Height: Test Cases/Specific Cases/LS/Client Profile/Allergies-Vitals-Labs/Weight and Height FAILED.
Reason:
com.kms.katalon.core.exception.StepFailedException: Unable to set text '13' of object 'Object Repository/Specific Cases Repository/LS/Client Profile/Allergies-Vitals-Labs/Weight and Height/Page_Weight and Height/input_Weight for Length Percentile_weight_f_b1f33b'
	at com.kms.katalon.core.webui.keyword.internal.WebUIKeywordMain.stepFailed(WebUIKeywordMain.groovy:117)
	at com.kms.katalon.core.webui.keyword.internal.WebUIKeywordMain.runKeyword(WebUIKeywordMain.groovy:43)
	at com.kms.katalon.core.webui.keyword.builtin.SetTextKeyword.setText(SetTextKeyword.groovy:85)
	at com.kms.katalon.core.webui.keyword.builtin.SetTextKeyword.execute(SetTextKeyword.groovy:39)
	at com.kms.katalon.core.keyword.internal.KeywordExecutor.executeKeywordForPlatform(KeywordExecutor.groovy:74)
	at com.kms.katalon.core.webui.keyword.WebUiBuiltInKeywords.setText(WebUiBuiltInKeywords.groovy:1019)
	at Weight and Height.run(Weight and Height:37)
	at com.kms.katalon.core.main.ScriptEngine.run(ScriptEngine.java:194)
	at com.kms.katalon.core.main.ScriptEngine.runScriptAsRawText(ScriptEngine.java:119)
	at com.kms.katalon.core.main.TestCaseExecutor.runScript(TestCaseExecutor.java:448)
	at com.kms.katalon.core.main.TestCaseExecutor.doExecute(TestCaseExecutor.java:439)
	at com.kms.katalon.core.main.TestCaseExecutor.processExecutionPhase(TestCaseExecutor.java:418)
	at com.kms.katalon.core.main.TestCaseExecutor.accessMainPhase(TestCaseExecutor.java:410)
	at com.kms.katalon.core.main.TestCaseExecutor.execute(TestCaseExecutor.java:285)
	at com.kms.katalon.core.common.CommonExecutor.accessTestCaseMainPhase(CommonExecutor.java:65)
	at com.kms.katalon.core.main.TestSuiteExecutor.accessTestSuiteMainPhase(TestSuiteExecutor.java:150)
	at com.kms.katalon.core.main.TestSuiteExecutor.execute(TestSuiteExecutor.java:106)
	at com.kms.katalon.core.main.TestCaseMain.startTestSuite(TestCaseMain.java:180)
	at TempTestSuite1733353068935.run(TempTestSuite1733353068935.groovy:35)
	at java.base/jdk.internal.reflect.NativeMethodAccessorImpl.invoke0(Native Method)
	at java.base/jdk.internal.reflect.NativeMethodAccessorImpl.invoke(NativeMethodAccessorImpl.java:77)
	at java.base/jdk.internal.reflect.DelegatingMethodAccessorImpl.invoke(DelegatingMethodAccessorImpl.java:43)
Caused by: com.kms.katalon.core.webui.exception.WebElementNotFoundException: Web element with id: 'Object Repository/Specific Cases Repository/LS/Client Profile/Allergies-Vitals-Labs/Weight and Height/Page_Weight and Height/input_Weight for Length Percentile_weight_f_b1f33b' located by '//input[@id='weight_for_length_percentile']' not found
	at com.kms.katalon.core.webui.common.WebUiCommonHelper.findWebElement(WebUiCommonHelper.java:1423)
	at com.kms.katalon.core.webui.keyword.internal.WebUIAbstractKeyword.findWebElement(WebUIAbstractKeyword.groovy:27)
	at com.kms.katalon.core.webui.keyword.internal.WebUIAbstractKeyword.findWebElement(WebUIAbstractKeyword.groovy:26)
	at com.kms.katalon.core.webui.keyword.builtin.SetTextKeyword$_setText_closure1.doCall(SetTextKeyword.groovy:53)
	at com.kms.katalon.core.webui.keyword.builtin.SetTextKeyword$_setText_closure1.call(SetTextKeyword.groovy)
	at com.kms.katalon.core.webui.keyword.internal.WebUIKeywordMain.runKeyword(WebUIKeywordMain.groovy:35)
	... 20 more


04-12-2024T18:06:50 - [TEST_STEP][PASSED] - callTestCase(findTestCase("Common Cases/Login"), [:], STOP_ON_FAILURE): Call Test Case 'Test Cases/Common Cases/Login' successfully

04-12-2024T18:06:50 - [TEST_CASE][PASSED] - Test Cases/Common Cases/Login: Test Cases/Common Cases/Login

04-12-2024T18:06:50 - [TEST_STEP][PASSED] - openBrowser(""): Browser is opened with url: ''

04-12-2024T18:06:50 - [MESSAGE][INFO] - Starting 'Chrome' driver

04-12-2024T18:06:50 - [MESSAGE][INFO] - Action delay is set to 0 milliseconds

04-12-2024T18:06:51 - [MESSAGE][PASSED] - Browser is opened with url: ''

04-12-2024T18:06:51 - [TEST_STEP][PASSED] - maximizeWindow(): Current window maximized

04-12-2024T18:06:51 - [MESSAGE][PASSED] - Current window maximized

04-12-2024T18:06:51 - [TEST_STEP][PASSED] - navigateToUrl("https://site17.lsapp.cloud/auth/login"): Navigate to 'https://site17.lsapp.cloud/auth/login' successfully

04-12-2024T18:06:53 - [MESSAGE][PASSED] - Navigate to 'https://site17.lsapp.cloud/auth/login' successfully

04-12-2024T18:06:53 - [TEST_STEP][PASSED] - setText(findTestObject("Object Repository/Common Cases Repository/Login/Page_Lightning Step/input_Email_email"), "automation@lightningstep.com"): Text 'automation@lightningstep.com' is set on object 'Object Repository/Common Cases Repository/Login/Page_Lightning Step/input_Email_email'

04-12-2024T18:06:54 - [MESSAGE][PASSED] - Text 'automation@lightningstep.com' is set on object 'Object Repository/Common Cases Repository/Login/Page_Lightning Step/input_Email_email'

04-12-2024T18:06:54 - [TEST_STEP][PASSED] - setEncryptedText(findTestObject("Object Repository/Common Cases Repository/Login/Page_Lightning Step/input_Password_password"), "e5N8VHmnhJDITtQaQhDQDw=="): Text ****** has been set on object 'Object Repository/Common Cases Repository/Login/Page_Lightning Step/input_Password_password'

04-12-2024T18:06:54 - [MESSAGE][PASSED] - Text ****** has been set on object 'Object Repository/Common Cases Repository/Login/Page_Lightning Step/input_Password_password'

04-12-2024T18:06:54 - [TEST_STEP][PASSED] - click(findTestObject("Object Repository/Common Cases Repository/Login/Page_Lightning Step/button_Sign in")): Object: 'Object Repository/Common Cases Repository/Login/Page_Lightning Step/button_Sign in' is clicked on

04-12-2024T18:06:58 - [MESSAGE][PASSED] - Object: 'Object Repository/Common Cases Repository/Login/Page_Lightning Step/button_Sign in' is clicked on

04-12-2024T18:06:58 - [MESSAGE][PASSED] - Call Test Case 'Test Cases/Common Cases/Login' successfully

04-12-2024T18:06:58 - [TEST_STEP][PASSED] - navigateToUrl("https://site17.lsapp.cloud/client/index/1556?section=medicalassess"): Navigate to 'https://site17.lsapp.cloud/client/index/1556?section=medicalassess' successfully

04-12-2024T18:07:04 - [MESSAGE][PASSED] - Navigate to 'https://site17.lsapp.cloud/client/index/1556?section=medicalassess' successfully

04-12-2024T18:07:04 - [TEST_STEP][PASSED] - click(findTestObject("Object Repository/Specific Cases Repository/LS/Client Profile/Allergies-Vitals-Labs/Weight and Height/Page_Client Profile/h4_Weight and Height")): Object: 'Object Repository/Specific Cases Repository/LS/Client Profile/Allergies-Vitals-Labs/Weight and Height/Page_Client Profile/h4_Weight and Height' is clicked on

04-12-2024T18:07:05 - [MESSAGE][PASSED] - Object: 'Object Repository/Specific Cases Repository/LS/Client Profile/Allergies-Vitals-Labs/Weight and Height/Page_Client Profile/h4_Weight and Height' is clicked on

04-12-2024T18:07:05 - [TEST_STEP][PASSED] - click(findTestObject("Object Repository/Specific Cases Repository/LS/Client Profile/Allergies-Vitals-Labs/Weight and Height/Page_Client Profile/i_add")): Object: 'Object Repository/Specific Cases Repository/LS/Client Profile/Allergies-Vitals-Labs/Weight and Height/Page_Client Profile/i_add' is clicked on

04-12-2024T18:07:07 - [MESSAGE][PASSED] - Object: 'Object Repository/Specific Cases Repository/LS/Client Profile/Allergies-Vitals-Labs/Weight and Height/Page_Client Profile/i_add' is clicked on

04-12-2024T18:07:07 - [TEST_STEP][PASSED] - setText(findTestObject("Object Repository/Specific Cases Repository/LS/Client Profile/Allergies-Vitals-Labs/Weight and Height/Page_Weight and Height/input_Weight_reading"), "11"): Text '11' is set on object 'Object Repository/Specific Cases Repository/LS/Client Profile/Allergies-Vitals-Labs/Weight and Height/Page_Weight and Height/input_Weight_reading'

04-12-2024T18:07:08 - [MESSAGE][PASSED] - Text '11' is set on object 'Object Repository/Specific Cases Repository/LS/Client Profile/Allergies-Vitals-Labs/Weight and Height/Page_Weight and Height/input_Weight_reading'

04-12-2024T18:07:08 - [TEST_STEP][PASSED] - selectOptionByValue(findTestObject("Object Repository/Specific Cases Repository/LS/Client Profile/Allergies-Vitals-Labs/Weight and Height/Page_Weight and Height/select_909192939495969798991001011021031041_746e22"), "186", true): All options with value '186' are selected in object 'Object Repository/Specific Cases Repository/LS/Client Profile/Allergies-Vitals-Labs/Weight and Height/Page_Weight and Height/select_909192939495969798991001011021031041_746e22'  using regular expression

04-12-2024T18:07:10 - [MESSAGE][PASSED] - All options with value '186' are selected in object 'Object Repository/Specific Cases Repository/LS/Client Profile/Allergies-Vitals-Labs/Weight and Height/Page_Weight and Height/select_909192939495969798991001011021031041_746e22'  using regular expression

04-12-2024T18:07:10 - [TEST_STEP][PASSED] - setText(findTestObject("Object Repository/Specific Cases Repository/LS/Client Profile/Allergies-Vitals-Labs/Weight and Height/Page_Weight and Height/input_Estimated Weight_goal_weight"), "12"): Text '12' is set on object 'Object Repository/Specific Cases Repository/LS/Client Profile/Allergies-Vitals-Labs/Weight and Height/Page_Weight and Height/input_Estimated Weight_goal_weight'

04-12-2024T18:07:11 - [MESSAGE][PASSED] - Text '12' is set on object 'Object Repository/Specific Cases Repository/LS/Client Profile/Allergies-Vitals-Labs/Weight and Height/Page_Weight and Height/input_Estimated Weight_goal_weight'

04-12-2024T18:07:11 - [TEST_STEP][FAILED] - setText(findTestObject("Object Repository/Specific Cases Repository/LS/Client Profile/Allergies-Vitals-Labs/Weight and Height/Page_Weight and Height/input_Weight for Length Percentile_weight_f_b1f33b"), "13"): Unable to set text '13' of object 'Object Repository/Specific Cases Repository/LS/Client Profile/Allergies-Vitals-Labs/Weight and Height/Page_Weight and Height/input_Weight for Length Percentile_weight_f_b1f33b' (Root cause: com.kms.katalon.core.exception.StepFailedException: Unable to set text '13' of object 'Object Repository/Specific Cases Repository/LS/Client Profile/Allergies-Vitals-Labs/Weight and Height/Page_Weight and Height/input_Weight for Length Percentile_weight_f_b1f33b'
	at com.kms.katalon.core.webui.keyword.internal.WebUIKeywordMain.stepFailed(WebUIKeywordMain.groovy:117)
	at com.kms.katalon.core.webui.keyword.internal.WebUIKeywordMain.runKeyword(WebUIKeywordMain.groovy:43)
	at com.kms.katalon.core.webui.keyword.builtin.SetTextKeyword.setText(SetTextKeyword.groovy:85)
	at com.kms.katalon.core.webui.keyword.builtin.SetTextKeyword.execute(SetTextKeyword.groovy:39)
	at com.kms.katalon.core.keyword.internal.KeywordExecutor.executeKeywordForPlatform(KeywordExecutor.groovy:74)
	at com.kms.katalon.core.webui.keyword.WebUiBuiltInKeywords.setText(WebUiBuiltInKeywords.groovy:1019)
	at Weight and Height.run(Weight and Height:37)
	at com.kms.katalon.core.main.ScriptEngine.run(ScriptEngine.java:194)
	at com.kms.katalon.core.main.ScriptEngine.runScriptAsRawText(ScriptEngine.java:119)
	at com.kms.katalon.core.main.TestCaseExecutor.runScript(TestCaseExecutor.java:448)
	at com.kms.katalon.core.main.TestCaseExecutor.doExecute(TestCaseExecutor.java:439)
	at com.kms.katalon.core.main.TestCaseExecutor.processExecutionPhase(TestCaseExecutor.java:418)
	at com.kms.katalon.core.main.TestCaseExecutor.accessMainPhase(TestCaseExecutor.java:410)
	at com.kms.katalon.core.main.TestCaseExecutor.execute(TestCaseExecutor.java:285)
	at com.kms.katalon.core.common.CommonExecutor.accessTestCaseMainPhase(CommonExecutor.java:65)
	at com.kms.katalon.core.main.TestSuiteExecutor.accessTestSuiteMainPhase(TestSuiteExecutor.java:150)
	at com.kms.katalon.core.main.TestSuiteExecutor.execute(TestSuiteExecutor.java:106)
	at com.kms.katalon.core.main.TestCaseMain.startTestSuite(TestCaseMain.java:180)
	at TempTestSuite1733353068935.run(TempTestSuite1733353068935.groovy:35)
	at java.base/jdk.internal.reflect.NativeMethodAccessorImpl.invoke0(Native Method)
	at java.base/jdk.internal.reflect.NativeMethodAccessorImpl.invoke(NativeMethodAccessorImpl.java:77)
	at java.base/jdk.internal.reflect.DelegatingMethodAccessorImpl.invoke(DelegatingMethodAccessorImpl.java:43)
Caused by: com.kms.katalon.core.webui.exception.WebElementNotFoundException: Web element with id: 'Object Repository/Specific Cases Repository/LS/Client Profile/Allergies-Vitals-Labs/Weight and Height/Page_Weight and Height/input_Weight for Length Percentile_weight_f_b1f33b' located by '//input[@id='weight_for_length_percentile']' not found
	at com.kms.katalon.core.webui.common.WebUiCommonHelper.findWebElement(WebUiCommonHelper.java:1423)
	at com.kms.katalon.core.webui.keyword.internal.WebUIAbstractKeyword.findWebElement(WebUIAbstractKeyword.groovy:27)
	at com.kms.katalon.core.webui.keyword.internal.WebUIAbstractKeyword.findWebElement(WebUIAbstractKeyword.groovy:26)
	at com.kms.katalon.core.webui.keyword.builtin.SetTextKeyword$_setText_closure1.doCall(SetTextKeyword.groovy:53)
	at com.kms.katalon.core.webui.keyword.builtin.SetTextKeyword$_setText_closure1.call(SetTextKeyword.groovy)
	at com.kms.katalon.core.webui.keyword.internal.WebUIKeywordMain.runKeyword(WebUIKeywordMain.groovy:35)
	at com.kms.katalon.core.webui.keyword.builtin.SetTextKeyword.setText(SetTextKeyword.groovy:85)
	at com.kms.katalon.core.webui.keyword.builtin.SetTextKeyword.execute(SetTextKeyword.groovy:39)
	at com.kms.katalon.core.keyword.internal.KeywordExecutor.executeKeywordForPlatform(KeywordExecutor.groovy:74)
	at com.kms.katalon.core.webui.keyword.WebUiBuiltInKeywords.setText(WebUiBuiltInKeywords.groovy:1019)
	at Script1732132867302.run(Script1732132867302.groovy:37)
	... 15 more
)

04-12-2024T18:07:42 - [MESSAGE][INFO] - Unable to find the element located by 'By.xpath: //input[@id='weight_for_length_percentile']'. Please recheck the objects properties to make sure the desired element is located. 

04-12-2024T18:07:42 - [MESSAGE][WARNING] - [SELF-HEALING] Failed to find element with id 'Object Repository/Specific Cases Repository/LS/Client Profile/Allergies-Vitals-Labs/Weight and Height/Page_Weight and Height/input_Weight for Length Percentile_weight_f_b1f33b'. Try using Self-healing.

04-12-2024T18:07:42 - [MESSAGE][INFO] - [SELF-HEALING] Failed Locator: '//input[@id='weight_for_length_percentile']'.

04-12-2024T18:07:43 - [MESSAGE][INFO] - [SELF-HEALING] Failed Locator: '//div[@id='generated::OPVdlrfllrlC5u4i']/div[2]/div/form/div/div/div[4]/div/div/input'.

04-12-2024T18:07:43 - [MESSAGE][INFO] - [SELF-HEALING] Failed Locator: '//div[4]/div/div/input'.

04-12-2024T18:07:43 - [MESSAGE][INFO] - [SELF-HEALING] Failed Locator: '//input[@type = 'number' and @name = 'weight_for_length_percentile' and @id = 'weight_for_length_percentile']'.

04-12-2024T18:07:45 - [MESSAGE][INFO] - Unable to find the element located by 'By.xpath: //*[@type = 'number' and @name = 'weight_for_length_percentile' and @id = 'weight_for_length_percentile']'. Please recheck the objects properties to make sure the desired element is located. 

04-12-2024T18:07:46 - [MESSAGE][INFO] - Unable to find the element located by 'By.cssSelector: #weight_for_length_percentile'. Please recheck the objects properties to make sure the desired element is located. 

04-12-2024T18:07:46 - [MESSAGE][FAILED] - Unable to set text '13' of object 'Object Repository/Specific Cases Repository/LS/Client Profile/Allergies-Vitals-Labs/Weight and Height/Page_Weight and Height/input_Weight for Length Percentile_weight_f_b1f33b' (Root cause: com.kms.katalon.core.exception.StepFailedException: Unable to set text '13' of object 'Object Repository/Specific Cases Repository/LS/Client Profile/Allergies-Vitals-Labs/Weight and Height/Page_Weight and Height/input_Weight for Length Percentile_weight_f_b1f33b'
	at com.kms.katalon.core.webui.keyword.internal.WebUIKeywordMain.stepFailed(WebUIKeywordMain.groovy:117)
	at com.kms.katalon.core.webui.keyword.internal.WebUIKeywordMain.runKeyword(WebUIKeywordMain.groovy:43)
	at com.kms.katalon.core.webui.keyword.builtin.SetTextKeyword.setText(SetTextKeyword.groovy:85)
	at com.kms.katalon.core.webui.keyword.builtin.SetTextKeyword.execute(SetTextKeyword.groovy:39)
	at com.kms.katalon.core.keyword.internal.KeywordExecutor.executeKeywordForPlatform(KeywordExecutor.groovy:74)
	at com.kms.katalon.core.webui.keyword.WebUiBuiltInKeywords.setText(WebUiBuiltInKeywords.groovy:1019)
	at Weight and Height.run(Weight and Height:37)
	at com.kms.katalon.core.main.ScriptEngine.run(ScriptEngine.java:194)
	at com.kms.katalon.core.main.ScriptEngine.runScriptAsRawText(ScriptEngine.java:119)
	at com.kms.katalon.core.main.TestCaseExecutor.runScript(TestCaseExecutor.java:448)
	at com.kms.katalon.core.main.TestCaseExecutor.doExecute(TestCaseExecutor.java:439)
	at com.kms.katalon.core.main.TestCaseExecutor.processExecutionPhase(TestCaseExecutor.java:418)
	at com.kms.katalon.core.main.TestCaseExecutor.accessMainPhase(TestCaseExecutor.java:410)
	at com.kms.katalon.core.main.TestCaseExecutor.execute(TestCaseExecutor.java:285)
	at com.kms.katalon.core.common.CommonExecutor.accessTestCaseMainPhase(CommonExecutor.java:65)
	at com.kms.katalon.core.main.TestSuiteExecutor.accessTestSuiteMainPhase(TestSuiteExecutor.java:150)
	at com.kms.katalon.core.main.TestSuiteExecutor.execute(TestSuiteExecutor.java:106)
	at com.kms.katalon.core.main.TestCaseMain.startTestSuite(TestCaseMain.java:180)
	at TempTestSuite1733353068935.run(TempTestSuite1733353068935.groovy:35)
	at java.base/jdk.internal.reflect.NativeMethodAccessorImpl.invoke0(Native Method)
	at java.base/jdk.internal.reflect.NativeMethodAccessorImpl.invoke(NativeMethodAccessorImpl.java:77)
	at java.base/jdk.internal.reflect.DelegatingMethodAccessorImpl.invoke(DelegatingMethodAccessorImpl.java:43)
Caused by: com.kms.katalon.core.webui.exception.WebElementNotFoundException: Web element with id: 'Object Repository/Specific Cases Repository/LS/Client Profile/Allergies-Vitals-Labs/Weight and Height/Page_Weight and Height/input_Weight for Length Percentile_weight_f_b1f33b' located by '//input[@id='weight_for_length_percentile']' not found
	at com.kms.katalon.core.webui.common.WebUiCommonHelper.findWebElement(WebUiCommonHelper.java:1423)
	at com.kms.katalon.core.webui.keyword.internal.WebUIAbstractKeyword.findWebElement(WebUIAbstractKeyword.groovy:27)
	at com.kms.katalon.core.webui.keyword.internal.WebUIAbstractKeyword.findWebElement(WebUIAbstractKeyword.groovy:26)
	at com.kms.katalon.core.webui.keyword.builtin.SetTextKeyword$_setText_closure1.doCall(SetTextKeyword.groovy:53)
	at com.kms.katalon.core.webui.keyword.builtin.SetTextKeyword$_setText_closure1.call(SetTextKeyword.groovy)
	at com.kms.katalon.core.webui.keyword.internal.WebUIKeywordMain.runKeyword(WebUIKeywordMain.groovy:35)
	at com.kms.katalon.core.webui.keyword.builtin.SetTextKeyword.setText(SetTextKeyword.groovy:85)
	at com.kms.katalon.core.webui.keyword.builtin.SetTextKeyword.execute(SetTextKeyword.groovy:39)
	at com.kms.katalon.core.keyword.internal.KeywordExecutor.executeKeywordForPlatform(KeywordExecutor.groovy:74)
	at com.kms.katalon.core.webui.keyword.WebUiBuiltInKeywords.setText(WebUiBuiltInKeywords.groovy:1019)
	at Script1732132867302.run(Script1732132867302.groovy:37)
	... 15 more
)
[[ATTACHMENT|C:\\Users\\Enrique\\git\\AUTOMATION_LS\\Reports\\20241204_175739\\LS\\Client Profile\\Client Profile\\20241204_175748\\1733353666789.png]]]]></system-out>
         <system-err><![CDATA[04-12-2024T18:06:50 - [TEST_CASE][FAILED] - Test Cases/Specific Cases/LS/Client Profile/Allergies-Vitals-Labs/Weight and Height: Test Cases/Specific Cases/LS/Client Profile/Allergies-Vitals-Labs/Weight and Height FAILED.
Reason:
com.kms.katalon.core.exception.StepFailedException: Unable to set text '13' of object 'Object Repository/Specific Cases Repository/LS/Client Profile/Allergies-Vitals-Labs/Weight and Height/Page_Weight and Height/input_Weight for Length Percentile_weight_f_b1f33b'
	at com.kms.katalon.core.webui.keyword.internal.WebUIKeywordMain.stepFailed(WebUIKeywordMain.groovy:117)
	at com.kms.katalon.core.webui.keyword.internal.WebUIKeywordMain.runKeyword(WebUIKeywordMain.groovy:43)
	at com.kms.katalon.core.webui.keyword.builtin.SetTextKeyword.setText(SetTextKeyword.groovy:85)
	at com.kms.katalon.core.webui.keyword.builtin.SetTextKeyword.execute(SetTextKeyword.groovy:39)
	at com.kms.katalon.core.keyword.internal.KeywordExecutor.executeKeywordForPlatform(KeywordExecutor.groovy:74)
	at com.kms.katalon.core.webui.keyword.WebUiBuiltInKeywords.setText(WebUiBuiltInKeywords.groovy:1019)
	at Weight and Height.run(Weight and Height:37)
	at com.kms.katalon.core.main.ScriptEngine.run(ScriptEngine.java:194)
	at com.kms.katalon.core.main.ScriptEngine.runScriptAsRawText(ScriptEngine.java:119)
	at com.kms.katalon.core.main.TestCaseExecutor.runScript(TestCaseExecutor.java:448)
	at com.kms.katalon.core.main.TestCaseExecutor.doExecute(TestCaseExecutor.java:439)
	at com.kms.katalon.core.main.TestCaseExecutor.processExecutionPhase(TestCaseExecutor.java:418)
	at com.kms.katalon.core.main.TestCaseExecutor.accessMainPhase(TestCaseExecutor.java:410)
	at com.kms.katalon.core.main.TestCaseExecutor.execute(TestCaseExecutor.java:285)
	at com.kms.katalon.core.common.CommonExecutor.accessTestCaseMainPhase(CommonExecutor.java:65)
	at com.kms.katalon.core.main.TestSuiteExecutor.accessTestSuiteMainPhase(TestSuiteExecutor.java:150)
	at com.kms.katalon.core.main.TestSuiteExecutor.execute(TestSuiteExecutor.java:106)
	at com.kms.katalon.core.main.TestCaseMain.startTestSuite(TestCaseMain.java:180)
	at TempTestSuite1733353068935.run(TempTestSuite1733353068935.groovy:35)
	at java.base/jdk.internal.reflect.NativeMethodAccessorImpl.invoke0(Native Method)
	at java.base/jdk.internal.reflect.NativeMethodAccessorImpl.invoke(NativeMethodAccessorImpl.java:77)
	at java.base/jdk.internal.reflect.DelegatingMethodAccessorImpl.invoke(DelegatingMethodAccessorImpl.java:43)
Caused by: com.kms.katalon.core.webui.exception.WebElementNotFoundException: Web element with id: 'Object Repository/Specific Cases Repository/LS/Client Profile/Allergies-Vitals-Labs/Weight and Height/Page_Weight and Height/input_Weight for Length Percentile_weight_f_b1f33b' located by '//input[@id='weight_for_length_percentile']' not found
	at com.kms.katalon.core.webui.common.WebUiCommonHelper.findWebElement(WebUiCommonHelper.java:1423)
	at com.kms.katalon.core.webui.keyword.internal.WebUIAbstractKeyword.findWebElement(WebUIAbstractKeyword.groovy:27)
	at com.kms.katalon.core.webui.keyword.internal.WebUIAbstractKeyword.findWebElement(WebUIAbstractKeyword.groovy:26)
	at com.kms.katalon.core.webui.keyword.builtin.SetTextKeyword$_setText_closure1.doCall(SetTextKeyword.groovy:53)
	at com.kms.katalon.core.webui.keyword.builtin.SetTextKeyword$_setText_closure1.call(SetTextKeyword.groovy)
	at com.kms.katalon.core.webui.keyword.internal.WebUIKeywordMain.runKeyword(WebUIKeywordMain.groovy:35)
	... 20 more]]></system-err>
      </testcase>
      <testcase name="Test Cases/Specific Cases/LS/Client Profile/Client Medications" time="49.807" classname="Test Cases/Specific Cases/LS/Client Profile/Client Medications" status="FAILED">
         <failure type="FAILED" message="Test Cases/Specific Cases/LS/Client Profile/Client Medications FAILED.&#xa;Reason:&#xa;com.kms.katalon.core.exception.StepFailedException: Unable to click on object 'Object Repository/Specific Cases Repository/LS/Client Profile/Client Medications/Page_Client Reported Medication/span_Medication_select2-selection select2-s_4864e1'&#xa;	at com.kms.katalon.core.webui.keyword.internal.WebUIKeywordMain.stepFailed(WebUIKeywordMain.groovy:117)&#xa;	at com.kms.katalon.core.webui.keyword.internal.WebUIKeywordMain.runKeyword(WebUIKeywordMain.groovy:43)&#xa;	at com.kms.katalon.core.webui.keyword.builtin.ClickKeyword.click(ClickKeyword.groovy:74)&#xa;	at com.kms.katalon.core.webui.keyword.builtin.ClickKeyword.execute(ClickKeyword.groovy:40)&#xa;	at com.kms.katalon.core.keyword.internal.KeywordExecutor.executeKeywordForPlatform(KeywordExecutor.groovy:74)&#xa;	at com.kms.katalon.core.webui.keyword.WebUiBuiltInKeywords.click(WebUiBuiltInKeywords.groovy:659)&#xa;	at Client Medications.run(Client Medications:26)&#xa;	at com.kms.katalon.core.main.ScriptEngine.run(ScriptEngine.java:194)&#xa;	at com.kms.katalon.core.main.ScriptEngine.runScriptAsRawText(ScriptEngine.java:119)&#xa;	at com.kms.katalon.core.main.TestCaseExecutor.runScript(TestCaseExecutor.java:448)&#xa;	at com.kms.katalon.core.main.TestCaseExecutor.doExecute(TestCaseExecutor.java:439)&#xa;	at com.kms.katalon.core.main.TestCaseExecutor.processExecutionPhase(TestCaseExecutor.java:418)&#xa;	at com.kms.katalon.core.main.TestCaseExecutor.accessMainPhase(TestCaseExecutor.java:410)&#xa;	at com.kms.katalon.core.main.TestCaseExecutor.execute(TestCaseExecutor.java:285)&#xa;	at com.kms.katalon.core.common.CommonExecutor.accessTestCaseMainPhase(CommonExecutor.java:65)&#xa;	at com.kms.katalon.core.main.TestSuiteExecutor.accessTestSuiteMainPhase(TestSuiteExecutor.java:150)&#xa;	at com.kms.katalon.core.main.TestSuiteExecutor.execute(TestSuiteExecutor.java:106)&#xa;	at com.kms.katalon.core.main.TestCaseMain.startTestSuite(TestCaseMain.java:180)&#xa;	at TempTestSuite1733353068935.run(TempTestSuite1733353068935.groovy:35)&#xa;	at java.base/jdk.internal.reflect.NativeMethodAccessorImpl.invoke0(Native Method)&#xa;	at java.base/jdk.internal.reflect.NativeMethodAccessorImpl.invoke(NativeMethodAccessorImpl.java:77)&#xa;	at java.base/jdk.internal.reflect.DelegatingMethodAccessorImpl.invoke(DelegatingMethodAccessorImpl.java:43)&#xa;Caused by: org.openqa.selenium.ElementNotInteractableException: element not interactable&#xa;  (Session info: chrome=131.0.6778.86)&#xa;Build info: version: '3.141.59', revision: 'unknown', time: 'unknown'&#xa;System info: host: 'ENRIQUE', ip: '192.168.100.147', os.name: 'Windows 11', os.arch: 'amd64', os.version: '10.0', java.version: '17.0.7'&#xa;Driver info: com.kms.katalon.selenium.driver.CChromeDriver&#xa;Capabilities {acceptInsecureCerts: false, browserName: chrome, browserVersion: 131.0.6778.86, chrome: {chromedriverVersion: 130.0.6723.58 (3a50e012e4c9..., userDataDir: C:\Users\Enrique\AppData\Lo...}, fedcm:accounts: true, goog:chromeOptions: {debuggerAddress: localhost:60432}, javascriptEnabled: true, networkConnectionEnabled: false, pageLoadStrategy: normal, platform: WINDOWS, platformName: WINDOWS, proxy: Proxy(), setWindowRect: true, strictFileInteractability: false, timeouts: {implicit: 0, pageLoad: 300000, script: 30000}, unhandledPromptBehavior: dismiss and notify, webauthn:extension:credBlob: true, webauthn:extension:largeBlob: true, webauthn:extension:minPinLength: true, webauthn:extension:prf: true, webauthn:virtualAuthenticators: true}&#xa;Session ID: 061657b699f259f54c35314d0b929250&#xa;	at java.base/jdk.internal.reflect.NativeConstructorAccessorImpl.newInstance0(Native Method)&#xa;	at java.base/jdk.internal.reflect.NativeConstructorAccessorImpl.newInstance(NativeConstructorAccessorImpl.java:77)&#xa;	at java.base/jdk.internal.reflect.DelegatingConstructorAccessorImpl.newInstance(DelegatingConstructorAccessorImpl.java:45)&#xa;	at org.openqa.selenium.remote.http.W3CHttpResponseCodec.createException(W3CHttpResponseCodec.java:187)&#xa;	at org.openqa.selenium.remote.http.W3CHttpResponseCodec.decode(W3CHttpResponseCodec.java:122)&#xa;	at org.openqa.selenium.remote.http.W3CHttpResponseCodec.decode(W3CHttpResponseCodec.java:49)&#xa;	at org.openqa.selenium.remote.HttpCommandExecutor.execute(HttpCommandExecutor.java:158)&#xa;	at org.openqa.selenium.remote.service.DriverCommandExecutor.execute(DriverCommandExecutor.java:83)&#xa;	at org.openqa.selenium.remote.RemoteWebDriver.execute(RemoteWebDriver.java:552)&#xa;	at com.kms.katalon.selenium.driver.CChromeDriver.execute(CChromeDriver.java:19)&#xa;	at org.openqa.selenium.remote.RemoteWebElement.execute(RemoteWebElement.java:285)&#xa;	at org.openqa.selenium.remote.RemoteWebElement.click(RemoteWebElement.java:84)&#xa;	at jdk.internal.reflect.GeneratedMethodAccessor14.invoke(Unknown Source)&#xa;	at java.base/jdk.internal.reflect.DelegatingMethodAccessorImpl.invoke(DelegatingMethodAccessorImpl.java:43)&#xa;	at org.openqa.selenium.support.events.EventFiringWebDriver$EventFiringWebElement.lambda$new$0(EventFiringWebDriver.java:404)&#xa;	at jdk.proxy2/jdk.proxy2.$Proxy24.click(Unknown Source)&#xa;	at org.openqa.selenium.support.events.EventFiringWebDriver$EventFiringWebElement.click(EventFiringWebDriver.java:417)&#xa;	at org.openqa.selenium.WebElement$click.call(Unknown Source)&#xa;	at com.kms.katalon.core.webui.keyword.builtin.ClickKeyword.clickUntilSuccessWithTimeout(ClickKeyword.groovy:81)&#xa;	at com.kms.katalon.core.webui.keyword.builtin.ClickKeyword.clickUntilSuccessWithTimeout(ClickKeyword.groovy)&#xa;	at jdk.internal.reflect.GeneratedMethodAccessor16.invoke(Unknown Source)&#xa;	at java.base/jdk.internal.reflect.DelegatingMethodAccessorImpl.invoke(DelegatingMethodAccessorImpl.java:43)&#xa;	at com.kms.katalon.core.webui.keyword.builtin.ClickKeyword$_click_closure1.doCall(ClickKeyword.groovy:67)&#xa;	at com.kms.katalon.core.webui.keyword.builtin.ClickKeyword$_click_closure1.call(ClickKeyword.groovy)&#xa;	at com.kms.katalon.core.webui.keyword.internal.WebUIKeywordMain.runKeyword(WebUIKeywordMain.groovy:35)&#xa;	... 20 more&#xa;"/>
         <system-out><![CDATA[04-12-2024T18:07:46 - [TEST_CASE][FAILED] - Test Cases/Specific Cases/LS/Client Profile/Client Medications: Test Cases/Specific Cases/LS/Client Profile/Client Medications FAILED.
Reason:
com.kms.katalon.core.exception.StepFailedException: Unable to click on object 'Object Repository/Specific Cases Repository/LS/Client Profile/Client Medications/Page_Client Reported Medication/span_Medication_select2-selection select2-s_4864e1'
	at com.kms.katalon.core.webui.keyword.internal.WebUIKeywordMain.stepFailed(WebUIKeywordMain.groovy:117)
	at com.kms.katalon.core.webui.keyword.internal.WebUIKeywordMain.runKeyword(WebUIKeywordMain.groovy:43)
	at com.kms.katalon.core.webui.keyword.builtin.ClickKeyword.click(ClickKeyword.groovy:74)
	at com.kms.katalon.core.webui.keyword.builtin.ClickKeyword.execute(ClickKeyword.groovy:40)
	at com.kms.katalon.core.keyword.internal.KeywordExecutor.executeKeywordForPlatform(KeywordExecutor.groovy:74)
	at com.kms.katalon.core.webui.keyword.WebUiBuiltInKeywords.click(WebUiBuiltInKeywords.groovy:659)
	at Client Medications.run(Client Medications:26)
	at com.kms.katalon.core.main.ScriptEngine.run(ScriptEngine.java:194)
	at com.kms.katalon.core.main.ScriptEngine.runScriptAsRawText(ScriptEngine.java:119)
	at com.kms.katalon.core.main.TestCaseExecutor.runScript(TestCaseExecutor.java:448)
	at com.kms.katalon.core.main.TestCaseExecutor.doExecute(TestCaseExecutor.java:439)
	at com.kms.katalon.core.main.TestCaseExecutor.processExecutionPhase(TestCaseExecutor.java:418)
	at com.kms.katalon.core.main.TestCaseExecutor.accessMainPhase(TestCaseExecutor.java:410)
	at com.kms.katalon.core.main.TestCaseExecutor.execute(TestCaseExecutor.java:285)
	at com.kms.katalon.core.common.CommonExecutor.accessTestCaseMainPhase(CommonExecutor.java:65)
	at com.kms.katalon.core.main.TestSuiteExecutor.accessTestSuiteMainPhase(TestSuiteExecutor.java:150)
	at com.kms.katalon.core.main.TestSuiteExecutor.execute(TestSuiteExecutor.java:106)
	at com.kms.katalon.core.main.TestCaseMain.startTestSuite(TestCaseMain.java:180)
	at TempTestSuite1733353068935.run(TempTestSuite1733353068935.groovy:35)
	at java.base/jdk.internal.reflect.NativeMethodAccessorImpl.invoke0(Native Method)
	at java.base/jdk.internal.reflect.NativeMethodAccessorImpl.invoke(NativeMethodAccessorImpl.java:77)
	at java.base/jdk.internal.reflect.DelegatingMethodAccessorImpl.invoke(DelegatingMethodAccessorImpl.java:43)
Caused by: org.openqa.selenium.ElementNotInteractableException: element not interactable
  (Session info: chrome=131.0.6778.86)
Build info: version: '3.141.59', revision: 'unknown', time: 'unknown'
System info: host: 'ENRIQUE', ip: '192.168.100.147', os.name: 'Windows 11', os.arch: 'amd64', os.version: '10.0', java.version: '17.0.7'
Driver info: com.kms.katalon.selenium.driver.CChromeDriver
Capabilities {acceptInsecureCerts: false, browserName: chrome, browserVersion: 131.0.6778.86, chrome: {chromedriverVersion: 130.0.6723.58 (3a50e012e4c9..., userDataDir: C:\Users\Enrique\AppData\Lo...}, fedcm:accounts: true, goog:chromeOptions: {debuggerAddress: localhost:60432}, javascriptEnabled: true, networkConnectionEnabled: false, pageLoadStrategy: normal, platform: WINDOWS, platformName: WINDOWS, proxy: Proxy(), setWindowRect: true, strictFileInteractability: false, timeouts: {implicit: 0, pageLoad: 300000, script: 30000}, unhandledPromptBehavior: dismiss and notify, webauthn:extension:credBlob: true, webauthn:extension:largeBlob: true, webauthn:extension:minPinLength: true, webauthn:extension:prf: true, webauthn:virtualAuthenticators: true}
Session ID: 061657b699f259f54c35314d0b929250
	at java.base/jdk.internal.reflect.NativeConstructorAccessorImpl.newInstance0(Native Method)
	at java.base/jdk.internal.reflect.NativeConstructorAccessorImpl.newInstance(NativeConstructorAccessorImpl.java:77)
	at java.base/jdk.internal.reflect.DelegatingConstructorAccessorImpl.newInstance(DelegatingConstructorAccessorImpl.java:45)
	at org.openqa.selenium.remote.http.W3CHttpResponseCodec.createException(W3CHttpResponseCodec.java:187)
	at org.openqa.selenium.remote.http.W3CHttpResponseCodec.decode(W3CHttpResponseCodec.java:122)
	at org.openqa.selenium.remote.http.W3CHttpResponseCodec.decode(W3CHttpResponseCodec.java:49)
	at org.openqa.selenium.remote.HttpCommandExecutor.execute(HttpCommandExecutor.java:158)
	at org.openqa.selenium.remote.service.DriverCommandExecutor.execute(DriverCommandExecutor.java:83)
	at org.openqa.selenium.remote.RemoteWebDriver.execute(RemoteWebDriver.java:552)
	at com.kms.katalon.selenium.driver.CChromeDriver.execute(CChromeDriver.java:19)
	at org.openqa.selenium.remote.RemoteWebElement.execute(RemoteWebElement.java:285)
	at org.openqa.selenium.remote.RemoteWebElement.click(RemoteWebElement.java:84)
	at jdk.internal.reflect.GeneratedMethodAccessor14.invoke(Unknown Source)
	at java.base/jdk.internal.reflect.DelegatingMethodAccessorImpl.invoke(DelegatingMethodAccessorImpl.java:43)
	at org.openqa.selenium.support.events.EventFiringWebDriver$EventFiringWebElement.lambda$new$0(EventFiringWebDriver.java:404)
	at jdk.proxy2/jdk.proxy2.$Proxy24.click(Unknown Source)
	at org.openqa.selenium.support.events.EventFiringWebDriver$EventFiringWebElement.click(EventFiringWebDriver.java:417)
	at org.openqa.selenium.WebElement$click.call(Unknown Source)
	at com.kms.katalon.core.webui.keyword.builtin.ClickKeyword.clickUntilSuccessWithTimeout(ClickKeyword.groovy:81)
	at com.kms.katalon.core.webui.keyword.builtin.ClickKeyword.clickUntilSuccessWithTimeout(ClickKeyword.groovy)
	at jdk.internal.reflect.GeneratedMethodAccessor16.invoke(Unknown Source)
	at java.base/jdk.internal.reflect.DelegatingMethodAccessorImpl.invoke(DelegatingMethodAccessorImpl.java:43)
	at com.kms.katalon.core.webui.keyword.builtin.ClickKeyword$_click_closure1.doCall(ClickKeyword.groovy:67)
	at com.kms.katalon.core.webui.keyword.builtin.ClickKeyword$_click_closure1.call(ClickKeyword.groovy)
	at com.kms.katalon.core.webui.keyword.internal.WebUIKeywordMain.runKeyword(WebUIKeywordMain.groovy:35)
	... 20 more


04-12-2024T18:07:46 - [TEST_STEP][PASSED] - callTestCase(findTestCase("Common Cases/Login"), [:], STOP_ON_FAILURE): Call Test Case 'Test Cases/Common Cases/Login' successfully

04-12-2024T18:07:47 - [TEST_CASE][PASSED] - Test Cases/Common Cases/Login: Test Cases/Common Cases/Login

04-12-2024T18:07:47 - [TEST_STEP][PASSED] - openBrowser(""): Browser is opened with url: ''

04-12-2024T18:07:47 - [MESSAGE][WARNING] - A browser is already opened. Closing browser and opening a new one

04-12-2024T18:07:47 - [MESSAGE][INFO] - Starting 'Chrome' driver

04-12-2024T18:07:47 - [MESSAGE][INFO] - Action delay is set to 0 milliseconds

04-12-2024T18:07:47 - [MESSAGE][PASSED] - Browser is opened with url: ''

04-12-2024T18:07:47 - [TEST_STEP][PASSED] - maximizeWindow(): Current window maximized

04-12-2024T18:07:47 - [MESSAGE][PASSED] - Current window maximized

04-12-2024T18:07:47 - [TEST_STEP][PASSED] - navigateToUrl("https://site17.lsapp.cloud/auth/login"): Navigate to 'https://site17.lsapp.cloud/auth/login' successfully

04-12-2024T18:07:50 - [MESSAGE][PASSED] - Navigate to 'https://site17.lsapp.cloud/auth/login' successfully

04-12-2024T18:07:50 - [TEST_STEP][PASSED] - setText(findTestObject("Object Repository/Common Cases Repository/Login/Page_Lightning Step/input_Email_email"), "automation@lightningstep.com"): Text 'automation@lightningstep.com' is set on object 'Object Repository/Common Cases Repository/Login/Page_Lightning Step/input_Email_email'

04-12-2024T18:07:51 - [MESSAGE][PASSED] - Text 'automation@lightningstep.com' is set on object 'Object Repository/Common Cases Repository/Login/Page_Lightning Step/input_Email_email'

04-12-2024T18:07:51 - [TEST_STEP][PASSED] - setEncryptedText(findTestObject("Object Repository/Common Cases Repository/Login/Page_Lightning Step/input_Password_password"), "e5N8VHmnhJDITtQaQhDQDw=="): Text ****** has been set on object 'Object Repository/Common Cases Repository/Login/Page_Lightning Step/input_Password_password'

04-12-2024T18:07:51 - [MESSAGE][PASSED] - Text ****** has been set on object 'Object Repository/Common Cases Repository/Login/Page_Lightning Step/input_Password_password'

04-12-2024T18:07:51 - [TEST_STEP][PASSED] - click(findTestObject("Object Repository/Common Cases Repository/Login/Page_Lightning Step/button_Sign in")): Object: 'Object Repository/Common Cases Repository/Login/Page_Lightning Step/button_Sign in' is clicked on

04-12-2024T18:07:55 - [MESSAGE][PASSED] - Object: 'Object Repository/Common Cases Repository/Login/Page_Lightning Step/button_Sign in' is clicked on

04-12-2024T18:07:55 - [MESSAGE][PASSED] - Call Test Case 'Test Cases/Common Cases/Login' successfully

04-12-2024T18:07:55 - [TEST_STEP][PASSED] - navigateToUrl("https://site17.lsapp.cloud/client/index/1558?section=clientmeds"): Navigate to 'https://site17.lsapp.cloud/client/index/1558?section=clientmeds' successfully

04-12-2024T18:08:01 - [MESSAGE][PASSED] - Navigate to 'https://site17.lsapp.cloud/client/index/1558?section=clientmeds' successfully

04-12-2024T18:08:01 - [TEST_STEP][PASSED] - click(findTestObject("Object Repository/Specific Cases Repository/LS/Client Profile/Client Medications/Page_Client Profile/i_add")): Object: 'Object Repository/Specific Cases Repository/LS/Client Profile/Client Medications/Page_Client Profile/i_add' is clicked on

04-12-2024T18:08:04 - [MESSAGE][PASSED] - Object: 'Object Repository/Specific Cases Repository/LS/Client Profile/Client Medications/Page_Client Profile/i_add' is clicked on

04-12-2024T18:08:04 - [TEST_STEP][FAILED] - click(findTestObject("Object Repository/Specific Cases Repository/LS/Client Profile/Client Medications/Page_Client Reported Medication/span_Medication_select2-selection select2-s_4864e1")): Unable to click on object 'Object Repository/Specific Cases Repository/LS/Client Profile/Client Medications/Page_Client Reported Medication/span_Medication_select2-selection select2-s_4864e1' (Root cause: com.kms.katalon.core.exception.StepFailedException: Unable to click on object 'Object Repository/Specific Cases Repository/LS/Client Profile/Client Medications/Page_Client Reported Medication/span_Medication_select2-selection select2-s_4864e1'
	at com.kms.katalon.core.webui.keyword.internal.WebUIKeywordMain.stepFailed(WebUIKeywordMain.groovy:117)
	at com.kms.katalon.core.webui.keyword.internal.WebUIKeywordMain.runKeyword(WebUIKeywordMain.groovy:43)
	at com.kms.katalon.core.webui.keyword.builtin.ClickKeyword.click(ClickKeyword.groovy:74)
	at com.kms.katalon.core.webui.keyword.builtin.ClickKeyword.execute(ClickKeyword.groovy:40)
	at com.kms.katalon.core.keyword.internal.KeywordExecutor.executeKeywordForPlatform(KeywordExecutor.groovy:74)
	at com.kms.katalon.core.webui.keyword.WebUiBuiltInKeywords.click(WebUiBuiltInKeywords.groovy:659)
	at Client Medications.run(Client Medications:26)
	at com.kms.katalon.core.main.ScriptEngine.run(ScriptEngine.java:194)
	at com.kms.katalon.core.main.ScriptEngine.runScriptAsRawText(ScriptEngine.java:119)
	at com.kms.katalon.core.main.TestCaseExecutor.runScript(TestCaseExecutor.java:448)
	at com.kms.katalon.core.main.TestCaseExecutor.doExecute(TestCaseExecutor.java:439)
	at com.kms.katalon.core.main.TestCaseExecutor.processExecutionPhase(TestCaseExecutor.java:418)
	at com.kms.katalon.core.main.TestCaseExecutor.accessMainPhase(TestCaseExecutor.java:410)
	at com.kms.katalon.core.main.TestCaseExecutor.execute(TestCaseExecutor.java:285)
	at com.kms.katalon.core.common.CommonExecutor.accessTestCaseMainPhase(CommonExecutor.java:65)
	at com.kms.katalon.core.main.TestSuiteExecutor.accessTestSuiteMainPhase(TestSuiteExecutor.java:150)
	at com.kms.katalon.core.main.TestSuiteExecutor.execute(TestSuiteExecutor.java:106)
	at com.kms.katalon.core.main.TestCaseMain.startTestSuite(TestCaseMain.java:180)
	at TempTestSuite1733353068935.run(TempTestSuite1733353068935.groovy:35)
	at java.base/jdk.internal.reflect.NativeMethodAccessorImpl.invoke0(Native Method)
	at java.base/jdk.internal.reflect.NativeMethodAccessorImpl.invoke(NativeMethodAccessorImpl.java:77)
	at java.base/jdk.internal.reflect.DelegatingMethodAccessorImpl.invoke(DelegatingMethodAccessorImpl.java:43)
Caused by: org.openqa.selenium.ElementNotInteractableException: element not interactable
  (Session info: chrome=131.0.6778.86)
Build info: version: '3.141.59', revision: 'unknown', time: 'unknown'
System info: host: 'ENRIQUE', ip: '192.168.100.147', os.name: 'Windows 11', os.arch: 'amd64', os.version: '10.0', java.version: '17.0.7'
Driver info: com.kms.katalon.selenium.driver.CChromeDriver
Capabilities {acceptInsecureCerts: false, browserName: chrome, browserVersion: 131.0.6778.86, chrome: {chromedriverVersion: 130.0.6723.58 (3a50e012e4c9..., userDataDir: C:\Users\Enrique\AppData\Lo...}, fedcm:accounts: true, goog:chromeOptions: {debuggerAddress: localhost:60432}, javascriptEnabled: true, networkConnectionEnabled: false, pageLoadStrategy: normal, platform: WINDOWS, platformName: WINDOWS, proxy: Proxy(), setWindowRect: true, strictFileInteractability: false, timeouts: {implicit: 0, pageLoad: 300000, script: 30000}, unhandledPromptBehavior: dismiss and notify, webauthn:extension:credBlob: true, webauthn:extension:largeBlob: true, webauthn:extension:minPinLength: true, webauthn:extension:prf: true, webauthn:virtualAuthenticators: true}
Session ID: 061657b699f259f54c35314d0b929250
	at java.base/jdk.internal.reflect.NativeConstructorAccessorImpl.newInstance0(Native Method)
	at java.base/jdk.internal.reflect.NativeConstructorAccessorImpl.newInstance(NativeConstructorAccessorImpl.java:77)
	at java.base/jdk.internal.reflect.DelegatingConstructorAccessorImpl.newInstance(DelegatingConstructorAccessorImpl.java:45)
	at org.openqa.selenium.remote.http.W3CHttpResponseCodec.createException(W3CHttpResponseCodec.java:187)
	at org.openqa.selenium.remote.http.W3CHttpResponseCodec.decode(W3CHttpResponseCodec.java:122)
	at org.openqa.selenium.remote.http.W3CHttpResponseCodec.decode(W3CHttpResponseCodec.java:49)
	at org.openqa.selenium.remote.HttpCommandExecutor.execute(HttpCommandExecutor.java:158)
	at org.openqa.selenium.remote.service.DriverCommandExecutor.execute(DriverCommandExecutor.java:83)
	at org.openqa.selenium.remote.RemoteWebDriver.execute(RemoteWebDriver.java:552)
	at com.kms.katalon.selenium.driver.CChromeDriver.execute(CChromeDriver.java:19)
	at org.openqa.selenium.remote.RemoteWebElement.execute(RemoteWebElement.java:285)
	at org.openqa.selenium.remote.RemoteWebElement.click(RemoteWebElement.java:84)
	at jdk.internal.reflect.GeneratedMethodAccessor14.invoke(Unknown Source)
	at java.base/jdk.internal.reflect.DelegatingMethodAccessorImpl.invoke(DelegatingMethodAccessorImpl.java:43)
	at org.openqa.selenium.support.events.EventFiringWebDriver$EventFiringWebElement.lambda$new$0(EventFiringWebDriver.java:404)
	at jdk.proxy2/jdk.proxy2.$Proxy24.click(Unknown Source)
	at org.openqa.selenium.support.events.EventFiringWebDriver$EventFiringWebElement.click(EventFiringWebDriver.java:417)
	at org.openqa.selenium.WebElement$click.call(Unknown Source)
	at com.kms.katalon.core.webui.keyword.builtin.ClickKeyword.clickUntilSuccessWithTimeout(ClickKeyword.groovy:81)
	at com.kms.katalon.core.webui.keyword.builtin.ClickKeyword.clickUntilSuccessWithTimeout(ClickKeyword.groovy)
	at jdk.internal.reflect.GeneratedMethodAccessor16.invoke(Unknown Source)
	at java.base/jdk.internal.reflect.DelegatingMethodAccessorImpl.invoke(DelegatingMethodAccessorImpl.java:43)
	at com.kms.katalon.core.webui.keyword.builtin.ClickKeyword$_click_closure1.doCall(ClickKeyword.groovy:67)
	at com.kms.katalon.core.webui.keyword.builtin.ClickKeyword$_click_closure1.call(ClickKeyword.groovy)
	at com.kms.katalon.core.webui.keyword.internal.WebUIKeywordMain.runKeyword(WebUIKeywordMain.groovy:35)
	at com.kms.katalon.core.webui.keyword.builtin.ClickKeyword.click(ClickKeyword.groovy:74)
	at com.kms.katalon.core.webui.keyword.builtin.ClickKeyword.execute(ClickKeyword.groovy:40)
	at com.kms.katalon.core.keyword.internal.KeywordExecutor.executeKeywordForPlatform(KeywordExecutor.groovy:74)
	at com.kms.katalon.core.webui.keyword.WebUiBuiltInKeywords.click(WebUiBuiltInKeywords.groovy:659)
	at Script1732216864561.run(Script1732216864561.groovy:26)
	... 15 more
)

04-12-2024T18:08:35 - [MESSAGE][INFO] - Unable to find the element located by 'By.xpath: //div[@id='_medication_select_div_holder_']/div/span/span/span'. Please recheck the objects properties to make sure the desired element is located. 

04-12-2024T18:08:35 - [MESSAGE][WARNING] - [SELF-HEALING] Failed to find element with id 'Object Repository/Specific Cases Repository/LS/Client Profile/Client Medications/Page_Client Reported Medication/span_Medication_select2-selection select2-s_4864e1'. Try using Self-healing.

04-12-2024T18:08:36 - [MESSAGE][INFO] - [SELF-HEALING] Failed Locator: '//div[@id='_medication_select_div_holder_']/div/span/span/span'.

04-12-2024T18:08:36 - [MESSAGE][INFO] - [SELF-HEALING] Working Locator: '(.//*[normalize-space(text()) and normalize-space(.)='Medication:'])[1]/following::span[4]'.

04-12-2024T18:08:36 - [MESSAGE][ERROR] - [SELF-HEALING] Cannot save screenshot to: C:\Users\Enrique\git\AUTOMATION_LS\Reports\Self-healing, reason: unknown error: unhandled inspector error: {"code":-32000,"message":"Cannot take screenshot with 0 width."}
  (Session info: chrome=131.0.6778.86)
Build info: version: '3.141.59', revision: 'unknown', time: 'unknown'
System info: host: 'ENRIQUE', ip: '192.168.100.147', os.name: 'Windows 11', os.arch: 'amd64', os.version: '10.0', java.version: '17.0.7'
Driver info: com.kms.katalon.selenium.driver.CChromeDriver
Capabilities {acceptInsecureCerts: false, browserName: chrome, browserVersion: 131.0.6778.86, chrome: {chromedriverVersion: 130.0.6723.58 (3a50e012e4c9..., userDataDir: C:\Users\Enrique\AppData\Lo...}, fedcm:accounts: true, goog:chromeOptions: {debuggerAddress: localhost:60432}, javascriptEnabled: true, networkConnectionEnabled: false, pageLoadStrategy: normal, platform: WINDOWS, platformName: WINDOWS, proxy: Proxy(), setWindowRect: true, strictFileInteractability: false, timeouts: {implicit: 0, pageLoad: 300000, script: 30000}, unhandledPromptBehavior: dismiss and notify, webauthn:extension:credBlob: true, webauthn:extension:largeBlob: true, webauthn:extension:minPinLength: true, webauthn:extension:prf: true, webauthn:virtualAuthenticators: true}
Session ID: 061657b699f259f54c35314d0b929250.

04-12-2024T18:08:36 - [MESSAGE][ERROR] - [SELF-HEALING] Cannot save screenshot to: C:\Users\Enrique\git\AUTOMATION_LS\Reports\Self-healing, reason: unknown error: unhandled inspector error: {"code":-32000,"message":"Cannot take screenshot with 0 width."}
  (Session info: chrome=131.0.6778.86)
Build info: version: '3.141.59', revision: 'unknown', time: 'unknown'
System info: host: 'ENRIQUE', ip: '192.168.100.147', os.name: 'Windows 11', os.arch: 'amd64', os.version: '10.0', java.version: '17.0.7'
Driver info: com.kms.katalon.selenium.driver.CChromeDriver
Capabilities {acceptInsecureCerts: false, browserName: chrome, browserVersion: 131.0.6778.86, chrome: {chromedriverVersion: 130.0.6723.58 (3a50e012e4c9..., userDataDir: C:\Users\Enrique\AppData\Lo...}, fedcm:accounts: true, goog:chromeOptions: {debuggerAddress: localhost:60432}, javascriptEnabled: true, networkConnectionEnabled: false, pageLoadStrategy: normal, platform: WINDOWS, platformName: WINDOWS, proxy: Proxy(), setWindowRect: true, strictFileInteractability: false, timeouts: {implicit: 0, pageLoad: 300000, script: 30000}, unhandledPromptBehavior: dismiss and notify, webauthn:extension:credBlob: true, webauthn:extension:largeBlob: true, webauthn:extension:minPinLength: true, webauthn:extension:prf: true, webauthn:virtualAuthenticators: true}
Session ID: 061657b699f259f54c35314d0b929250.

04-12-2024T18:08:36 - [MESSAGE][ERROR] - [SELF-HEALING] Cannot save screenshot to: C:\Users\Enrique\git\AUTOMATION_LS\Reports\Self-healing, reason: unknown error: unhandled inspector error: {"code":-32000,"message":"Cannot take screenshot with 0 width."}
  (Session info: chrome=131.0.6778.86)
Build info: version: '3.141.59', revision: 'unknown', time: 'unknown'
System info: host: 'ENRIQUE', ip: '192.168.100.147', os.name: 'Windows 11', os.arch: 'amd64', os.version: '10.0', java.version: '17.0.7'
Driver info: com.kms.katalon.selenium.driver.CChromeDriver
Capabilities {acceptInsecureCerts: false, browserName: chrome, browserVersion: 131.0.6778.86, chrome: {chromedriverVersion: 130.0.6723.58 (3a50e012e4c9..., userDataDir: C:\Users\Enrique\AppData\Lo...}, fedcm:accounts: true, goog:chromeOptions: {debuggerAddress: localhost:60432}, javascriptEnabled: true, networkConnectionEnabled: false, pageLoadStrategy: normal, platform: WINDOWS, platformName: WINDOWS, proxy: Proxy(), setWindowRect: true, strictFileInteractability: false, timeouts: {implicit: 0, pageLoad: 300000, script: 30000}, unhandledPromptBehavior: dismiss and notify, webauthn:extension:credBlob: true, webauthn:extension:largeBlob: true, webauthn:extension:minPinLength: true, webauthn:extension:prf: true, webauthn:virtualAuthenticators: true}
Session ID: 061657b699f259f54c35314d0b929250.

04-12-2024T18:08:36 - [MESSAGE][WARNING] - [SELF-HEALING] The current locator of test object 'Object Repository/Specific Cases Repository/LS/Client Profile/Client Medications/Page_Client Reported Medication/span_Medication_select2-selection select2-s_4864e1' was broken. Propose an alternative one: '(.//*[normalize-space(text()) and normalize-space(.)='Medication:'])[1]/following::span[4]'.

04-12-2024T18:08:36 - [MESSAGE][FAILED] - Unable to click on object 'Object Repository/Specific Cases Repository/LS/Client Profile/Client Medications/Page_Client Reported Medication/span_Medication_select2-selection select2-s_4864e1' (Root cause: com.kms.katalon.core.exception.StepFailedException: Unable to click on object 'Object Repository/Specific Cases Repository/LS/Client Profile/Client Medications/Page_Client Reported Medication/span_Medication_select2-selection select2-s_4864e1'
	at com.kms.katalon.core.webui.keyword.internal.WebUIKeywordMain.stepFailed(WebUIKeywordMain.groovy:117)
	at com.kms.katalon.core.webui.keyword.internal.WebUIKeywordMain.runKeyword(WebUIKeywordMain.groovy:43)
	at com.kms.katalon.core.webui.keyword.builtin.ClickKeyword.click(ClickKeyword.groovy:74)
	at com.kms.katalon.core.webui.keyword.builtin.ClickKeyword.execute(ClickKeyword.groovy:40)
	at com.kms.katalon.core.keyword.internal.KeywordExecutor.executeKeywordForPlatform(KeywordExecutor.groovy:74)
	at com.kms.katalon.core.webui.keyword.WebUiBuiltInKeywords.click(WebUiBuiltInKeywords.groovy:659)
	at Client Medications.run(Client Medications:26)
	at com.kms.katalon.core.main.ScriptEngine.run(ScriptEngine.java:194)
	at com.kms.katalon.core.main.ScriptEngine.runScriptAsRawText(ScriptEngine.java:119)
	at com.kms.katalon.core.main.TestCaseExecutor.runScript(TestCaseExecutor.java:448)
	at com.kms.katalon.core.main.TestCaseExecutor.doExecute(TestCaseExecutor.java:439)
	at com.kms.katalon.core.main.TestCaseExecutor.processExecutionPhase(TestCaseExecutor.java:418)
	at com.kms.katalon.core.main.TestCaseExecutor.accessMainPhase(TestCaseExecutor.java:410)
	at com.kms.katalon.core.main.TestCaseExecutor.execute(TestCaseExecutor.java:285)
	at com.kms.katalon.core.common.CommonExecutor.accessTestCaseMainPhase(CommonExecutor.java:65)
	at com.kms.katalon.core.main.TestSuiteExecutor.accessTestSuiteMainPhase(TestSuiteExecutor.java:150)
	at com.kms.katalon.core.main.TestSuiteExecutor.execute(TestSuiteExecutor.java:106)
	at com.kms.katalon.core.main.TestCaseMain.startTestSuite(TestCaseMain.java:180)
	at TempTestSuite1733353068935.run(TempTestSuite1733353068935.groovy:35)
	at java.base/jdk.internal.reflect.NativeMethodAccessorImpl.invoke0(Native Method)
	at java.base/jdk.internal.reflect.NativeMethodAccessorImpl.invoke(NativeMethodAccessorImpl.java:77)
	at java.base/jdk.internal.reflect.DelegatingMethodAccessorImpl.invoke(DelegatingMethodAccessorImpl.java:43)
Caused by: org.openqa.selenium.ElementNotInteractableException: element not interactable
  (Session info: chrome=131.0.6778.86)
Build info: version: '3.141.59', revision: 'unknown', time: 'unknown'
System info: host: 'ENRIQUE', ip: '192.168.100.147', os.name: 'Windows 11', os.arch: 'amd64', os.version: '10.0', java.version: '17.0.7'
Driver info: com.kms.katalon.selenium.driver.CChromeDriver
Capabilities {acceptInsecureCerts: false, browserName: chrome, browserVersion: 131.0.6778.86, chrome: {chromedriverVersion: 130.0.6723.58 (3a50e012e4c9..., userDataDir: C:\Users\Enrique\AppData\Lo...}, fedcm:accounts: true, goog:chromeOptions: {debuggerAddress: localhost:60432}, javascriptEnabled: true, networkConnectionEnabled: false, pageLoadStrategy: normal, platform: WINDOWS, platformName: WINDOWS, proxy: Proxy(), setWindowRect: true, strictFileInteractability: false, timeouts: {implicit: 0, pageLoad: 300000, script: 30000}, unhandledPromptBehavior: dismiss and notify, webauthn:extension:credBlob: true, webauthn:extension:largeBlob: true, webauthn:extension:minPinLength: true, webauthn:extension:prf: true, webauthn:virtualAuthenticators: true}
Session ID: 061657b699f259f54c35314d0b929250
	at java.base/jdk.internal.reflect.NativeConstructorAccessorImpl.newInstance0(Native Method)
	at java.base/jdk.internal.reflect.NativeConstructorAccessorImpl.newInstance(NativeConstructorAccessorImpl.java:77)
	at java.base/jdk.internal.reflect.DelegatingConstructorAccessorImpl.newInstance(DelegatingConstructorAccessorImpl.java:45)
	at org.openqa.selenium.remote.http.W3CHttpResponseCodec.createException(W3CHttpResponseCodec.java:187)
	at org.openqa.selenium.remote.http.W3CHttpResponseCodec.decode(W3CHttpResponseCodec.java:122)
	at org.openqa.selenium.remote.http.W3CHttpResponseCodec.decode(W3CHttpResponseCodec.java:49)
	at org.openqa.selenium.remote.HttpCommandExecutor.execute(HttpCommandExecutor.java:158)
	at org.openqa.selenium.remote.service.DriverCommandExecutor.execute(DriverCommandExecutor.java:83)
	at org.openqa.selenium.remote.RemoteWebDriver.execute(RemoteWebDriver.java:552)
	at com.kms.katalon.selenium.driver.CChromeDriver.execute(CChromeDriver.java:19)
	at org.openqa.selenium.remote.RemoteWebElement.execute(RemoteWebElement.java:285)
	at org.openqa.selenium.remote.RemoteWebElement.click(RemoteWebElement.java:84)
	at jdk.internal.reflect.GeneratedMethodAccessor14.invoke(Unknown Source)
	at java.base/jdk.internal.reflect.DelegatingMethodAccessorImpl.invoke(DelegatingMethodAccessorImpl.java:43)
	at org.openqa.selenium.support.events.EventFiringWebDriver$EventFiringWebElement.lambda$new$0(EventFiringWebDriver.java:404)
	at jdk.proxy2/jdk.proxy2.$Proxy24.click(Unknown Source)
	at org.openqa.selenium.support.events.EventFiringWebDriver$EventFiringWebElement.click(EventFiringWebDriver.java:417)
	at org.openqa.selenium.WebElement$click.call(Unknown Source)
	at com.kms.katalon.core.webui.keyword.builtin.ClickKeyword.clickUntilSuccessWithTimeout(ClickKeyword.groovy:81)
	at com.kms.katalon.core.webui.keyword.builtin.ClickKeyword.clickUntilSuccessWithTimeout(ClickKeyword.groovy)
	at jdk.internal.reflect.GeneratedMethodAccessor16.invoke(Unknown Source)
	at java.base/jdk.internal.reflect.DelegatingMethodAccessorImpl.invoke(DelegatingMethodAccessorImpl.java:43)
	at com.kms.katalon.core.webui.keyword.builtin.ClickKeyword$_click_closure1.doCall(ClickKeyword.groovy:67)
	at com.kms.katalon.core.webui.keyword.builtin.ClickKeyword$_click_closure1.call(ClickKeyword.groovy)
	at com.kms.katalon.core.webui.keyword.internal.WebUIKeywordMain.runKeyword(WebUIKeywordMain.groovy:35)
	at com.kms.katalon.core.webui.keyword.builtin.ClickKeyword.click(ClickKeyword.groovy:74)
	at com.kms.katalon.core.webui.keyword.builtin.ClickKeyword.execute(ClickKeyword.groovy:40)
	at com.kms.katalon.core.keyword.internal.KeywordExecutor.executeKeywordForPlatform(KeywordExecutor.groovy:74)
	at com.kms.katalon.core.webui.keyword.WebUiBuiltInKeywords.click(WebUiBuiltInKeywords.groovy:659)
	at Script1732216864561.run(Script1732216864561.groovy:26)
	... 15 more
)
[[ATTACHMENT|C:\\Users\\Enrique\\git\\AUTOMATION_LS\\Reports\\20241204_175739\\LS\\Client Profile\\Client Profile\\20241204_175748\\1733353716578.png]]]]></system-out>
         <system-err><![CDATA[04-12-2024T18:07:46 - [TEST_CASE][FAILED] - Test Cases/Specific Cases/LS/Client Profile/Client Medications: Test Cases/Specific Cases/LS/Client Profile/Client Medications FAILED.
Reason:
com.kms.katalon.core.exception.StepFailedException: Unable to click on object 'Object Repository/Specific Cases Repository/LS/Client Profile/Client Medications/Page_Client Reported Medication/span_Medication_select2-selection select2-s_4864e1'
	at com.kms.katalon.core.webui.keyword.internal.WebUIKeywordMain.stepFailed(WebUIKeywordMain.groovy:117)
	at com.kms.katalon.core.webui.keyword.internal.WebUIKeywordMain.runKeyword(WebUIKeywordMain.groovy:43)
	at com.kms.katalon.core.webui.keyword.builtin.ClickKeyword.click(ClickKeyword.groovy:74)
	at com.kms.katalon.core.webui.keyword.builtin.ClickKeyword.execute(ClickKeyword.groovy:40)
	at com.kms.katalon.core.keyword.internal.KeywordExecutor.executeKeywordForPlatform(KeywordExecutor.groovy:74)
	at com.kms.katalon.core.webui.keyword.WebUiBuiltInKeywords.click(WebUiBuiltInKeywords.groovy:659)
	at Client Medications.run(Client Medications:26)
	at com.kms.katalon.core.main.ScriptEngine.run(ScriptEngine.java:194)
	at com.kms.katalon.core.main.ScriptEngine.runScriptAsRawText(ScriptEngine.java:119)
	at com.kms.katalon.core.main.TestCaseExecutor.runScript(TestCaseExecutor.java:448)
	at com.kms.katalon.core.main.TestCaseExecutor.doExecute(TestCaseExecutor.java:439)
	at com.kms.katalon.core.main.TestCaseExecutor.processExecutionPhase(TestCaseExecutor.java:418)
	at com.kms.katalon.core.main.TestCaseExecutor.accessMainPhase(TestCaseExecutor.java:410)
	at com.kms.katalon.core.main.TestCaseExecutor.execute(TestCaseExecutor.java:285)
	at com.kms.katalon.core.common.CommonExecutor.accessTestCaseMainPhase(CommonExecutor.java:65)
	at com.kms.katalon.core.main.TestSuiteExecutor.accessTestSuiteMainPhase(TestSuiteExecutor.java:150)
	at com.kms.katalon.core.main.TestSuiteExecutor.execute(TestSuiteExecutor.java:106)
	at com.kms.katalon.core.main.TestCaseMain.startTestSuite(TestCaseMain.java:180)
	at TempTestSuite1733353068935.run(TempTestSuite1733353068935.groovy:35)
	at java.base/jdk.internal.reflect.NativeMethodAccessorImpl.invoke0(Native Method)
	at java.base/jdk.internal.reflect.NativeMethodAccessorImpl.invoke(NativeMethodAccessorImpl.java:77)
	at java.base/jdk.internal.reflect.DelegatingMethodAccessorImpl.invoke(DelegatingMethodAccessorImpl.java:43)
Caused by: org.openqa.selenium.ElementNotInteractableException: element not interactable
  (Session info: chrome=131.0.6778.86)
Build info: version: '3.141.59', revision: 'unknown', time: 'unknown'
System info: host: 'ENRIQUE', ip: '192.168.100.147', os.name: 'Windows 11', os.arch: 'amd64', os.version: '10.0', java.version: '17.0.7'
Driver info: com.kms.katalon.selenium.driver.CChromeDriver
Capabilities {acceptInsecureCerts: false, browserName: chrome, browserVersion: 131.0.6778.86, chrome: {chromedriverVersion: 130.0.6723.58 (3a50e012e4c9..., userDataDir: C:\Users\Enrique\AppData\Lo...}, fedcm:accounts: true, goog:chromeOptions: {debuggerAddress: localhost:60432}, javascriptEnabled: true, networkConnectionEnabled: false, pageLoadStrategy: normal, platform: WINDOWS, platformName: WINDOWS, proxy: Proxy(), setWindowRect: true, strictFileInteractability: false, timeouts: {implicit: 0, pageLoad: 300000, script: 30000}, unhandledPromptBehavior: dismiss and notify, webauthn:extension:credBlob: true, webauthn:extension:largeBlob: true, webauthn:extension:minPinLength: true, webauthn:extension:prf: true, webauthn:virtualAuthenticators: true}
Session ID: 061657b699f259f54c35314d0b929250
	at java.base/jdk.internal.reflect.NativeConstructorAccessorImpl.newInstance0(Native Method)
	at java.base/jdk.internal.reflect.NativeConstructorAccessorImpl.newInstance(NativeConstructorAccessorImpl.java:77)
	at java.base/jdk.internal.reflect.DelegatingConstructorAccessorImpl.newInstance(DelegatingConstructorAccessorImpl.java:45)
	at org.openqa.selenium.remote.http.W3CHttpResponseCodec.createException(W3CHttpResponseCodec.java:187)
	at org.openqa.selenium.remote.http.W3CHttpResponseCodec.decode(W3CHttpResponseCodec.java:122)
	at org.openqa.selenium.remote.http.W3CHttpResponseCodec.decode(W3CHttpResponseCodec.java:49)
	at org.openqa.selenium.remote.HttpCommandExecutor.execute(HttpCommandExecutor.java:158)
	at org.openqa.selenium.remote.service.DriverCommandExecutor.execute(DriverCommandExecutor.java:83)
	at org.openqa.selenium.remote.RemoteWebDriver.execute(RemoteWebDriver.java:552)
	at com.kms.katalon.selenium.driver.CChromeDriver.execute(CChromeDriver.java:19)
	at org.openqa.selenium.remote.RemoteWebElement.execute(RemoteWebElement.java:285)
	at org.openqa.selenium.remote.RemoteWebElement.click(RemoteWebElement.java:84)
	at jdk.internal.reflect.GeneratedMethodAccessor14.invoke(Unknown Source)
	at java.base/jdk.internal.reflect.DelegatingMethodAccessorImpl.invoke(DelegatingMethodAccessorImpl.java:43)
	at org.openqa.selenium.support.events.EventFiringWebDriver$EventFiringWebElement.lambda$new$0(EventFiringWebDriver.java:404)
	at jdk.proxy2/jdk.proxy2.$Proxy24.click(Unknown Source)
	at org.openqa.selenium.support.events.EventFiringWebDriver$EventFiringWebElement.click(EventFiringWebDriver.java:417)
	at org.openqa.selenium.WebElement$click.call(Unknown Source)
	at com.kms.katalon.core.webui.keyword.builtin.ClickKeyword.clickUntilSuccessWithTimeout(ClickKeyword.groovy:81)
	at com.kms.katalon.core.webui.keyword.builtin.ClickKeyword.clickUntilSuccessWithTimeout(ClickKeyword.groovy)
	at jdk.internal.reflect.GeneratedMethodAccessor16.invoke(Unknown Source)
	at java.base/jdk.internal.reflect.DelegatingMethodAccessorImpl.invoke(DelegatingMethodAccessorImpl.java:43)
	at com.kms.katalon.core.webui.keyword.builtin.ClickKeyword$_click_closure1.doCall(ClickKeyword.groovy:67)
	at com.kms.katalon.core.webui.keyword.builtin.ClickKeyword$_click_closure1.call(ClickKeyword.groovy)
	at com.kms.katalon.core.webui.keyword.internal.WebUIKeywordMain.runKeyword(WebUIKeywordMain.groovy:35)
	... 20 more]]></system-err>
      </testcase>
      <testcase name="Test Cases/Specific Cases/LS/Client Profile/Progress Notes" time="39.825" classname="Test Cases/Specific Cases/LS/Client Profile/Progress Notes" status="FAILED">
         <failure type="FAILED" message="Test Cases/Specific Cases/LS/Client Profile/Progress Notes FAILED.&#xa;Reason:&#xa;com.kms.katalon.core.exception.StepFailedException: Unable to set text 'Automation Clinical Note B Client' of object 'Object Repository/Specific Cases Repository/LS/Client Profile/Progress Notes/Page_Clinical Note/input__subject'&#xa;	at com.kms.katalon.core.webui.keyword.internal.WebUIKeywordMain.stepFailed(WebUIKeywordMain.groovy:117)&#xa;	at com.kms.katalon.core.webui.keyword.internal.WebUIKeywordMain.runKeyword(WebUIKeywordMain.groovy:43)&#xa;	at com.kms.katalon.core.webui.keyword.builtin.SetTextKeyword.setText(SetTextKeyword.groovy:85)&#xa;	at com.kms.katalon.core.webui.keyword.builtin.SetTextKeyword.execute(SetTextKeyword.groovy:39)&#xa;	at com.kms.katalon.core.keyword.internal.KeywordExecutor.executeKeywordForPlatform(KeywordExecutor.groovy:74)&#xa;	at com.kms.katalon.core.webui.keyword.WebUiBuiltInKeywords.setText(WebUiBuiltInKeywords.groovy:1019)&#xa;	at Progress Notes.run(Progress Notes:48)&#xa;	at com.kms.katalon.core.main.ScriptEngine.run(ScriptEngine.java:194)&#xa;	at com.kms.katalon.core.main.ScriptEngine.runScriptAsRawText(ScriptEngine.java:119)&#xa;	at com.kms.katalon.core.main.TestCaseExecutor.runScript(TestCaseExecutor.java:448)&#xa;	at com.kms.katalon.core.main.TestCaseExecutor.doExecute(TestCaseExecutor.java:439)&#xa;	at com.kms.katalon.core.main.TestCaseExecutor.processExecutionPhase(TestCaseExecutor.java:418)&#xa;	at com.kms.katalon.core.main.TestCaseExecutor.accessMainPhase(TestCaseExecutor.java:410)&#xa;	at com.kms.katalon.core.main.TestCaseExecutor.execute(TestCaseExecutor.java:285)&#xa;	at com.kms.katalon.core.common.CommonExecutor.accessTestCaseMainPhase(CommonExecutor.java:65)&#xa;	at com.kms.katalon.core.main.TestSuiteExecutor.accessTestSuiteMainPhase(TestSuiteExecutor.java:150)&#xa;	at com.kms.katalon.core.main.TestSuiteExecutor.execute(TestSuiteExecutor.java:106)&#xa;	at com.kms.katalon.core.main.TestCaseMain.startTestSuite(TestCaseMain.java:180)&#xa;	at TempTestSuite1733353068935.run(TempTestSuite1733353068935.groovy:35)&#xa;	at java.base/jdk.internal.reflect.NativeMethodAccessorImpl.invoke0(Native Method)&#xa;	at java.base/jdk.internal.reflect.NativeMethodAccessorImpl.invoke(NativeMethodAccessorImpl.java:77)&#xa;	at java.base/jdk.internal.reflect.DelegatingMethodAccessorImpl.invoke(DelegatingMethodAccessorImpl.java:43)&#xa;Caused by: org.openqa.selenium.NoSuchWindowException: no such window: target window already closed&#xa;from unknown error: web view not found&#xa;  (Session info: chrome=131.0.6778.86)&#xa;Build info: version: '3.141.59', revision: 'unknown', time: 'unknown'&#xa;System info: host: 'ENRIQUE', ip: '192.168.100.147', os.name: 'Windows 11', os.arch: 'amd64', os.version: '10.0', java.version: '17.0.7'&#xa;Driver info: com.kms.katalon.selenium.driver.CChromeDriver&#xa;Capabilities {acceptInsecureCerts: false, browserName: chrome, browserVersion: 131.0.6778.86, chrome: {chromedriverVersion: 130.0.6723.58 (3a50e012e4c9..., userDataDir: C:\Users\Enrique\AppData\Lo...}, fedcm:accounts: true, goog:chromeOptions: {debuggerAddress: localhost:60504}, javascriptEnabled: true, networkConnectionEnabled: false, pageLoadStrategy: normal, platform: WINDOWS, platformName: WINDOWS, proxy: Proxy(), setWindowRect: true, strictFileInteractability: false, timeouts: {implicit: 0, pageLoad: 300000, script: 30000}, unhandledPromptBehavior: dismiss and notify, webauthn:extension:credBlob: true, webauthn:extension:largeBlob: true, webauthn:extension:minPinLength: true, webauthn:extension:prf: true, webauthn:virtualAuthenticators: true}&#xa;Session ID: 7c9141902b2e891df63cfd13a7e108a9&#xa;*** Element info: {Using=xpath, value=//input[@id='subject']}&#xa;	at java.base/jdk.internal.reflect.NativeConstructorAccessorImpl.newInstance0(Native Method)&#xa;	at java.base/jdk.internal.reflect.NativeConstructorAccessorImpl.newInstance(NativeConstructorAccessorImpl.java:77)&#xa;	at java.base/jdk.internal.reflect.DelegatingConstructorAccessorImpl.newInstance(DelegatingConstructorAccessorImpl.java:45)&#xa;	at org.openqa.selenium.remote.http.W3CHttpResponseCodec.createException(W3CHttpResponseCodec.java:187)&#xa;	at org.openqa.selenium.remote.http.W3CHttpResponseCodec.decode(W3CHttpResponseCodec.java:122)&#xa;	at org.openqa.selenium.remote.http.W3CHttpResponseCodec.decode(W3CHttpResponseCodec.java:49)&#xa;	at org.openqa.selenium.remote.HttpCommandExecutor.execute(HttpCommandExecutor.java:158)&#xa;	at org.openqa.selenium.remote.service.DriverCommandExecutor.execute(DriverCommandExecutor.java:83)&#xa;	at org.openqa.selenium.remote.RemoteWebDriver.execute(RemoteWebDriver.java:552)&#xa;	at com.kms.katalon.selenium.driver.CChromeDriver.execute(CChromeDriver.java:19)&#xa;	at org.openqa.selenium.remote.RemoteWebDriver.findElements(RemoteWebDriver.java:353)&#xa;	at org.openqa.selenium.remote.RemoteWebDriver.findElementsByXPath(RemoteWebDriver.java:432)&#xa;	at org.openqa.selenium.By$ByXPath.findElements(By.java:348)&#xa;	at org.openqa.selenium.remote.RemoteWebDriver.findElements(RemoteWebDriver.java:311)&#xa;	at jdk.internal.reflect.GeneratedMethodAccessor9.invoke(Unknown Source)&#xa;	at java.base/jdk.internal.reflect.DelegatingMethodAccessorImpl.invoke(DelegatingMethodAccessorImpl.java:43)&#xa;	at org.openqa.selenium.support.events.EventFiringWebDriver.lambda$new$1(EventFiringWebDriver.java:105)&#xa;	at jdk.proxy2/jdk.proxy2.$Proxy23.findElements(Unknown Source)&#xa;	at org.openqa.selenium.support.events.EventFiringWebDriver.findElements(EventFiringWebDriver.java:182)&#xa;	at com.kms.katalon.core.webui.common.WebUiCommonHelper.findElementByNormalMethods(WebUiCommonHelper.java:1033)&#xa;	at com.kms.katalon.core.webui.common.WebUiCommonHelper.findElementsBySelectedMethod(WebUiCommonHelper.java:924)&#xa;	at com.kms.katalon.core.webui.common.WebUiCommonHelper.findElementsBySelectedMethod(WebUiCommonHelper.java:906)&#xa;	at com.kms.katalon.core.webui.common.WebUiCommonHelper.findElementsBySelectedMethod(WebUiCommonHelper.java:901)&#xa;	at com.kms.katalon.core.webui.common.WebUiCommonHelper.findElementsByDefault(WebUiCommonHelper.java:897)&#xa;	at com.kms.katalon.core.webui.common.WebUiCommonHelper.findElementsWithSelfHealing(WebUiCommonHelper.java:743)&#xa;	at com.kms.katalon.core.webui.common.WebUiCommonHelper.findWebElements(WebUiCommonHelper.java:727)&#xa;	at com.kms.katalon.core.webui.common.WebUiCommonHelper.findWebElement(WebUiCommonHelper.java:1413)&#xa;	at com.kms.katalon.core.webui.keyword.internal.WebUIAbstractKeyword.findWebElement(WebUIAbstractKeyword.groovy:27)&#xa;	at com.kms.katalon.core.webui.keyword.internal.WebUIAbstractKeyword.findWebElement(WebUIAbstractKeyword.groovy:26)&#xa;	at com.kms.katalon.core.webui.keyword.builtin.SetTextKeyword$_setText_closure1.doCall(SetTextKeyword.groovy:53)&#xa;	at com.kms.katalon.core.webui.keyword.builtin.SetTextKeyword$_setText_closure1.call(SetTextKeyword.groovy)&#xa;	at com.kms.katalon.core.webui.keyword.internal.WebUIKeywordMain.runKeyword(WebUIKeywordMain.groovy:35)&#xa;	... 20 more&#xa;"/>
         <system-out><![CDATA[04-12-2024T18:08:36 - [TEST_CASE][FAILED] - Test Cases/Specific Cases/LS/Client Profile/Progress Notes: Test Cases/Specific Cases/LS/Client Profile/Progress Notes FAILED.
Reason:
com.kms.katalon.core.exception.StepFailedException: Unable to set text 'Automation Clinical Note B Client' of object 'Object Repository/Specific Cases Repository/LS/Client Profile/Progress Notes/Page_Clinical Note/input__subject'
	at com.kms.katalon.core.webui.keyword.internal.WebUIKeywordMain.stepFailed(WebUIKeywordMain.groovy:117)
	at com.kms.katalon.core.webui.keyword.internal.WebUIKeywordMain.runKeyword(WebUIKeywordMain.groovy:43)
	at com.kms.katalon.core.webui.keyword.builtin.SetTextKeyword.setText(SetTextKeyword.groovy:85)
	at com.kms.katalon.core.webui.keyword.builtin.SetTextKeyword.execute(SetTextKeyword.groovy:39)
	at com.kms.katalon.core.keyword.internal.KeywordExecutor.executeKeywordForPlatform(KeywordExecutor.groovy:74)
	at com.kms.katalon.core.webui.keyword.WebUiBuiltInKeywords.setText(WebUiBuiltInKeywords.groovy:1019)
	at Progress Notes.run(Progress Notes:48)
	at com.kms.katalon.core.main.ScriptEngine.run(ScriptEngine.java:194)
	at com.kms.katalon.core.main.ScriptEngine.runScriptAsRawText(ScriptEngine.java:119)
	at com.kms.katalon.core.main.TestCaseExecutor.runScript(TestCaseExecutor.java:448)
	at com.kms.katalon.core.main.TestCaseExecutor.doExecute(TestCaseExecutor.java:439)
	at com.kms.katalon.core.main.TestCaseExecutor.processExecutionPhase(TestCaseExecutor.java:418)
	at com.kms.katalon.core.main.TestCaseExecutor.accessMainPhase(TestCaseExecutor.java:410)
	at com.kms.katalon.core.main.TestCaseExecutor.execute(TestCaseExecutor.java:285)
	at com.kms.katalon.core.common.CommonExecutor.accessTestCaseMainPhase(CommonExecutor.java:65)
	at com.kms.katalon.core.main.TestSuiteExecutor.accessTestSuiteMainPhase(TestSuiteExecutor.java:150)
	at com.kms.katalon.core.main.TestSuiteExecutor.execute(TestSuiteExecutor.java:106)
	at com.kms.katalon.core.main.TestCaseMain.startTestSuite(TestCaseMain.java:180)
	at TempTestSuite1733353068935.run(TempTestSuite1733353068935.groovy:35)
	at java.base/jdk.internal.reflect.NativeMethodAccessorImpl.invoke0(Native Method)
	at java.base/jdk.internal.reflect.NativeMethodAccessorImpl.invoke(NativeMethodAccessorImpl.java:77)
	at java.base/jdk.internal.reflect.DelegatingMethodAccessorImpl.invoke(DelegatingMethodAccessorImpl.java:43)
Caused by: org.openqa.selenium.NoSuchWindowException: no such window: target window already closed
from unknown error: web view not found
  (Session info: chrome=131.0.6778.86)
Build info: version: '3.141.59', revision: 'unknown', time: 'unknown'
System info: host: 'ENRIQUE', ip: '192.168.100.147', os.name: 'Windows 11', os.arch: 'amd64', os.version: '10.0', java.version: '17.0.7'
Driver info: com.kms.katalon.selenium.driver.CChromeDriver
Capabilities {acceptInsecureCerts: false, browserName: chrome, browserVersion: 131.0.6778.86, chrome: {chromedriverVersion: 130.0.6723.58 (3a50e012e4c9..., userDataDir: C:\Users\Enrique\AppData\Lo...}, fedcm:accounts: true, goog:chromeOptions: {debuggerAddress: localhost:60504}, javascriptEnabled: true, networkConnectionEnabled: false, pageLoadStrategy: normal, platform: WINDOWS, platformName: WINDOWS, proxy: Proxy(), setWindowRect: true, strictFileInteractability: false, timeouts: {implicit: 0, pageLoad: 300000, script: 30000}, unhandledPromptBehavior: dismiss and notify, webauthn:extension:credBlob: true, webauthn:extension:largeBlob: true, webauthn:extension:minPinLength: true, webauthn:extension:prf: true, webauthn:virtualAuthenticators: true}
Session ID: 7c9141902b2e891df63cfd13a7e108a9
*** Element info: {Using=xpath, value=//input[@id='subject']}
	at java.base/jdk.internal.reflect.NativeConstructorAccessorImpl.newInstance0(Native Method)
	at java.base/jdk.internal.reflect.NativeConstructorAccessorImpl.newInstance(NativeConstructorAccessorImpl.java:77)
	at java.base/jdk.internal.reflect.DelegatingConstructorAccessorImpl.newInstance(DelegatingConstructorAccessorImpl.java:45)
	at org.openqa.selenium.remote.http.W3CHttpResponseCodec.createException(W3CHttpResponseCodec.java:187)
	at org.openqa.selenium.remote.http.W3CHttpResponseCodec.decode(W3CHttpResponseCodec.java:122)
	at org.openqa.selenium.remote.http.W3CHttpResponseCodec.decode(W3CHttpResponseCodec.java:49)
	at org.openqa.selenium.remote.HttpCommandExecutor.execute(HttpCommandExecutor.java:158)
	at org.openqa.selenium.remote.service.DriverCommandExecutor.execute(DriverCommandExecutor.java:83)
	at org.openqa.selenium.remote.RemoteWebDriver.execute(RemoteWebDriver.java:552)
	at com.kms.katalon.selenium.driver.CChromeDriver.execute(CChromeDriver.java:19)
	at org.openqa.selenium.remote.RemoteWebDriver.findElements(RemoteWebDriver.java:353)
	at org.openqa.selenium.remote.RemoteWebDriver.findElementsByXPath(RemoteWebDriver.java:432)
	at org.openqa.selenium.By$ByXPath.findElements(By.java:348)
	at org.openqa.selenium.remote.RemoteWebDriver.findElements(RemoteWebDriver.java:311)
	at jdk.internal.reflect.GeneratedMethodAccessor9.invoke(Unknown Source)
	at java.base/jdk.internal.reflect.DelegatingMethodAccessorImpl.invoke(DelegatingMethodAccessorImpl.java:43)
	at org.openqa.selenium.support.events.EventFiringWebDriver.lambda$new$1(EventFiringWebDriver.java:105)
	at jdk.proxy2/jdk.proxy2.$Proxy23.findElements(Unknown Source)
	at org.openqa.selenium.support.events.EventFiringWebDriver.findElements(EventFiringWebDriver.java:182)
	at com.kms.katalon.core.webui.common.WebUiCommonHelper.findElementByNormalMethods(WebUiCommonHelper.java:1033)
	at com.kms.katalon.core.webui.common.WebUiCommonHelper.findElementsBySelectedMethod(WebUiCommonHelper.java:924)
	at com.kms.katalon.core.webui.common.WebUiCommonHelper.findElementsBySelectedMethod(WebUiCommonHelper.java:906)
	at com.kms.katalon.core.webui.common.WebUiCommonHelper.findElementsBySelectedMethod(WebUiCommonHelper.java:901)
	at com.kms.katalon.core.webui.common.WebUiCommonHelper.findElementsByDefault(WebUiCommonHelper.java:897)
	at com.kms.katalon.core.webui.common.WebUiCommonHelper.findElementsWithSelfHealing(WebUiCommonHelper.java:743)
	at com.kms.katalon.core.webui.common.WebUiCommonHelper.findWebElements(WebUiCommonHelper.java:727)
	at com.kms.katalon.core.webui.common.WebUiCommonHelper.findWebElement(WebUiCommonHelper.java:1413)
	at com.kms.katalon.core.webui.keyword.internal.WebUIAbstractKeyword.findWebElement(WebUIAbstractKeyword.groovy:27)
	at com.kms.katalon.core.webui.keyword.internal.WebUIAbstractKeyword.findWebElement(WebUIAbstractKeyword.groovy:26)
	at com.kms.katalon.core.webui.keyword.builtin.SetTextKeyword$_setText_closure1.doCall(SetTextKeyword.groovy:53)
	at com.kms.katalon.core.webui.keyword.builtin.SetTextKeyword$_setText_closure1.call(SetTextKeyword.groovy)
	at com.kms.katalon.core.webui.keyword.internal.WebUIKeywordMain.runKeyword(WebUIKeywordMain.groovy:35)
	... 20 more


04-12-2024T18:08:36 - [TEST_STEP][PASSED] - callTestCase(findTestCase("Common Cases/Login"), [:], STOP_ON_FAILURE): Call Test Case 'Test Cases/Common Cases/Login' successfully

04-12-2024T18:08:36 - [TEST_CASE][PASSED] - Test Cases/Common Cases/Login: Test Cases/Common Cases/Login

04-12-2024T18:08:36 - [TEST_STEP][PASSED] - openBrowser(""): Browser is opened with url: ''

04-12-2024T18:08:36 - [MESSAGE][WARNING] - A browser is already opened. Closing browser and opening a new one

04-12-2024T18:08:37 - [MESSAGE][INFO] - Starting 'Chrome' driver

04-12-2024T18:08:37 - [MESSAGE][INFO] - Action delay is set to 0 milliseconds

04-12-2024T18:08:37 - [MESSAGE][PASSED] - Browser is opened with url: ''

04-12-2024T18:08:37 - [TEST_STEP][PASSED] - maximizeWindow(): Current window maximized

04-12-2024T18:08:37 - [MESSAGE][PASSED] - Current window maximized

04-12-2024T18:08:37 - [TEST_STEP][PASSED] - navigateToUrl("https://site17.lsapp.cloud/auth/login"): Navigate to 'https://site17.lsapp.cloud/auth/login' successfully

04-12-2024T18:08:39 - [MESSAGE][PASSED] - Navigate to 'https://site17.lsapp.cloud/auth/login' successfully

04-12-2024T18:08:39 - [TEST_STEP][PASSED] - setText(findTestObject("Object Repository/Common Cases Repository/Login/Page_Lightning Step/input_Email_email"), "automation@lightningstep.com"): Text 'automation@lightningstep.com' is set on object 'Object Repository/Common Cases Repository/Login/Page_Lightning Step/input_Email_email'

04-12-2024T18:08:40 - [MESSAGE][PASSED] - Text 'automation@lightningstep.com' is set on object 'Object Repository/Common Cases Repository/Login/Page_Lightning Step/input_Email_email'

04-12-2024T18:08:40 - [TEST_STEP][PASSED] - setEncryptedText(findTestObject("Object Repository/Common Cases Repository/Login/Page_Lightning Step/input_Password_password"), "e5N8VHmnhJDITtQaQhDQDw=="): Text ****** has been set on object 'Object Repository/Common Cases Repository/Login/Page_Lightning Step/input_Password_password'

04-12-2024T18:08:41 - [MESSAGE][PASSED] - Text ****** has been set on object 'Object Repository/Common Cases Repository/Login/Page_Lightning Step/input_Password_password'

04-12-2024T18:08:41 - [TEST_STEP][PASSED] - click(findTestObject("Object Repository/Common Cases Repository/Login/Page_Lightning Step/button_Sign in")): Object: 'Object Repository/Common Cases Repository/Login/Page_Lightning Step/button_Sign in' is clicked on

04-12-2024T18:08:45 - [MESSAGE][PASSED] - Object: 'Object Repository/Common Cases Repository/Login/Page_Lightning Step/button_Sign in' is clicked on

04-12-2024T18:08:45 - [MESSAGE][PASSED] - Call Test Case 'Test Cases/Common Cases/Login' successfully

04-12-2024T18:08:45 - [TEST_STEP][PASSED] - navigateToUrl("https://site17.lsapp.cloud/client/index/1557?section=notes"): Navigate to 'https://site17.lsapp.cloud/client/index/1557?section=notes' successfully

04-12-2024T18:08:51 - [MESSAGE][PASSED] - Navigate to 'https://site17.lsapp.cloud/client/index/1557?section=notes' successfully

04-12-2024T18:08:51 - [TEST_STEP][PASSED] - click(findTestObject("Object Repository/Specific Cases Repository/LS/Client Profile/Progress Notes/Page_Client Profile/button_New note")): Object: 'Object Repository/Specific Cases Repository/LS/Client Profile/Progress Notes/Page_Client Profile/button_New note' is clicked on

04-12-2024T18:08:52 - [MESSAGE][PASSED] - Object: 'Object Repository/Specific Cases Repository/LS/Client Profile/Progress Notes/Page_Client Profile/button_New note' is clicked on

04-12-2024T18:08:52 - [TEST_STEP][PASSED] - click(findTestObject("Object Repository/Specific Cases Repository/LS/Client Profile/Progress Notes/Page_Client Profile/span_south_west")): Object: 'Object Repository/Specific Cases Repository/LS/Client Profile/Progress Notes/Page_Client Profile/span_south_west' is clicked on

04-12-2024T18:08:52 - [MESSAGE][PASSED] - Object: 'Object Repository/Specific Cases Repository/LS/Client Profile/Progress Notes/Page_Client Profile/span_south_west' is clicked on

04-12-2024T18:08:52 - [TEST_STEP][PASSED] - verifyElementText(findTestObject("Object Repository/Specific Cases Repository/LS/Client Profile/Progress Notes/Page_Client Profile/a_Expand viewarrow_outward"), "Expand viewarrow_outward"): Actual text and expected text of test object 'Object Repository/Specific Cases Repository/LS/Client Profile/Progress Notes/Page_Client Profile/a_Expand viewarrow_outward' are matched.

04-12-2024T18:08:53 - [MESSAGE][PASSED] - Actual text and expected text of test object 'Object Repository/Specific Cases Repository/LS/Client Profile/Progress Notes/Page_Client Profile/a_Expand viewarrow_outward' are matched.

04-12-2024T18:08:53 - [TEST_STEP][PASSED] - click(findTestObject("Object Repository/Specific Cases Repository/LS/Client Profile/Progress Notes/Page_Client Profile/span_arrow_outward")): Object: 'Object Repository/Specific Cases Repository/LS/Client Profile/Progress Notes/Page_Client Profile/span_arrow_outward' is clicked on

04-12-2024T18:08:53 - [MESSAGE][PASSED] - Object: 'Object Repository/Specific Cases Repository/LS/Client Profile/Progress Notes/Page_Client Profile/span_arrow_outward' is clicked on

04-12-2024T18:08:53 - [TEST_STEP][PASSED] - verifyElementText(findTestObject("Object Repository/Specific Cases Repository/LS/Client Profile/Progress Notes/Page_Client Profile/a_Collapse viewsouth_west"), "Collapse viewsouth_west"): Actual text and expected text of test object 'Object Repository/Specific Cases Repository/LS/Client Profile/Progress Notes/Page_Client Profile/a_Collapse viewsouth_west' are matched.

04-12-2024T18:08:53 - [MESSAGE][PASSED] - Actual text and expected text of test object 'Object Repository/Specific Cases Repository/LS/Client Profile/Progress Notes/Page_Client Profile/a_Collapse viewsouth_west' are matched.

04-12-2024T18:08:53 - [TEST_STEP][PASSED] - click(findTestObject("Object Repository/Specific Cases Repository/LS/Client Profile/Progress Notes/Page_Client Profile/a_Cancel")): Object: 'Object Repository/Specific Cases Repository/LS/Client Profile/Progress Notes/Page_Client Profile/a_Cancel' is clicked on

04-12-2024T18:08:54 - [MESSAGE][PASSED] - Object: 'Object Repository/Specific Cases Repository/LS/Client Profile/Progress Notes/Page_Client Profile/a_Cancel' is clicked on

04-12-2024T18:08:54 - [TEST_STEP][PASSED] - click(findTestObject("Object Repository/Specific Cases Repository/LS/Client Profile/Progress Notes/Page_Client Profile/button_New note")): Object: 'Object Repository/Specific Cases Repository/LS/Client Profile/Progress Notes/Page_Client Profile/button_New note' is clicked on

04-12-2024T18:08:54 - [MESSAGE][PASSED] - Object: 'Object Repository/Specific Cases Repository/LS/Client Profile/Progress Notes/Page_Client Profile/button_New note' is clicked on

04-12-2024T18:08:54 - [TEST_STEP][PASSED] - click(findTestObject("Object Repository/Specific Cases Repository/LS/Client Profile/Progress Notes/Page_Client Profile/li_Clinical Note")): Object: 'Object Repository/Specific Cases Repository/LS/Client Profile/Progress Notes/Page_Client Profile/li_Clinical Note' is clicked on

04-12-2024T18:08:54 - [MESSAGE][PASSED] - Object: 'Object Repository/Specific Cases Repository/LS/Client Profile/Progress Notes/Page_Client Profile/li_Clinical Note' is clicked on

04-12-2024T18:08:54 - [TEST_STEP][PASSED] - click(findTestObject("Object Repository/Specific Cases Repository/LS/Client Profile/Progress Notes/Page_Client Profile/li_Individual Progress Note")): Object: 'Object Repository/Specific Cases Repository/LS/Client Profile/Progress Notes/Page_Client Profile/li_Individual Progress Note' is clicked on

04-12-2024T18:08:55 - [MESSAGE][PASSED] - Object: 'Object Repository/Specific Cases Repository/LS/Client Profile/Progress Notes/Page_Client Profile/li_Individual Progress Note' is clicked on

04-12-2024T18:08:55 - [TEST_STEP][PASSED] - click(findTestObject("Object Repository/Specific Cases Repository/LS/Client Profile/Progress Notes/Page_Client Profile/li_Clinical Note")): Object: 'Object Repository/Specific Cases Repository/LS/Client Profile/Progress Notes/Page_Client Profile/li_Clinical Note' is clicked on

04-12-2024T18:08:55 - [MESSAGE][PASSED] - Object: 'Object Repository/Specific Cases Repository/LS/Client Profile/Progress Notes/Page_Client Profile/li_Clinical Note' is clicked on

04-12-2024T18:08:55 - [TEST_STEP][PASSED] - click(findTestObject("Object Repository/Specific Cases Repository/LS/Client Profile/Progress Notes/Page_Client Profile/a_Create            arrow_right_alt")): Object: 'Object Repository/Specific Cases Repository/LS/Client Profile/Progress Notes/Page_Client Profile/a_Create            arrow_right_alt' is clicked on

04-12-2024T18:08:56 - [MESSAGE][PASSED] - Object: 'Object Repository/Specific Cases Repository/LS/Client Profile/Progress Notes/Page_Client Profile/a_Create            arrow_right_alt' is clicked on

04-12-2024T18:08:56 - [TEST_STEP][FAILED] - setText(findTestObject("Object Repository/Specific Cases Repository/LS/Client Profile/Progress Notes/Page_Clinical Note/input__subject"), "Automation Clinical Note B Client"): Unable to set text 'Automation Clinical Note B Client' of object 'Object Repository/Specific Cases Repository/LS/Client Profile/Progress Notes/Page_Clinical Note/input__subject' (Root cause: com.kms.katalon.core.exception.StepFailedException: Unable to set text 'Automation Clinical Note B Client' of object 'Object Repository/Specific Cases Repository/LS/Client Profile/Progress Notes/Page_Clinical Note/input__subject'
	at com.kms.katalon.core.webui.keyword.internal.WebUIKeywordMain.stepFailed(WebUIKeywordMain.groovy:117)
	at com.kms.katalon.core.webui.keyword.internal.WebUIKeywordMain.runKeyword(WebUIKeywordMain.groovy:43)
	at com.kms.katalon.core.webui.keyword.builtin.SetTextKeyword.setText(SetTextKeyword.groovy:85)
	at com.kms.katalon.core.webui.keyword.builtin.SetTextKeyword.execute(SetTextKeyword.groovy:39)
	at com.kms.katalon.core.keyword.internal.KeywordExecutor.executeKeywordForPlatform(KeywordExecutor.groovy:74)
	at com.kms.katalon.core.webui.keyword.WebUiBuiltInKeywords.setText(WebUiBuiltInKeywords.groovy:1019)
	at Progress Notes.run(Progress Notes:48)
	at com.kms.katalon.core.main.ScriptEngine.run(ScriptEngine.java:194)
	at com.kms.katalon.core.main.ScriptEngine.runScriptAsRawText(ScriptEngine.java:119)
	at com.kms.katalon.core.main.TestCaseExecutor.runScript(TestCaseExecutor.java:448)
	at com.kms.katalon.core.main.TestCaseExecutor.doExecute(TestCaseExecutor.java:439)
	at com.kms.katalon.core.main.TestCaseExecutor.processExecutionPhase(TestCaseExecutor.java:418)
	at com.kms.katalon.core.main.TestCaseExecutor.accessMainPhase(TestCaseExecutor.java:410)
	at com.kms.katalon.core.main.TestCaseExecutor.execute(TestCaseExecutor.java:285)
	at com.kms.katalon.core.common.CommonExecutor.accessTestCaseMainPhase(CommonExecutor.java:65)
	at com.kms.katalon.core.main.TestSuiteExecutor.accessTestSuiteMainPhase(TestSuiteExecutor.java:150)
	at com.kms.katalon.core.main.TestSuiteExecutor.execute(TestSuiteExecutor.java:106)
	at com.kms.katalon.core.main.TestCaseMain.startTestSuite(TestCaseMain.java:180)
	at TempTestSuite1733353068935.run(TempTestSuite1733353068935.groovy:35)
	at java.base/jdk.internal.reflect.NativeMethodAccessorImpl.invoke0(Native Method)
	at java.base/jdk.internal.reflect.NativeMethodAccessorImpl.invoke(NativeMethodAccessorImpl.java:77)
	at java.base/jdk.internal.reflect.DelegatingMethodAccessorImpl.invoke(DelegatingMethodAccessorImpl.java:43)
Caused by: org.openqa.selenium.NoSuchWindowException: no such window: target window already closed
from unknown error: web view not found
  (Session info: chrome=131.0.6778.86)
Build info: version: '3.141.59', revision: 'unknown', time: 'unknown'
System info: host: 'ENRIQUE', ip: '192.168.100.147', os.name: 'Windows 11', os.arch: 'amd64', os.version: '10.0', java.version: '17.0.7'
Driver info: com.kms.katalon.selenium.driver.CChromeDriver
Capabilities {acceptInsecureCerts: false, browserName: chrome, browserVersion: 131.0.6778.86, chrome: {chromedriverVersion: 130.0.6723.58 (3a50e012e4c9..., userDataDir: C:\Users\Enrique\AppData\Lo...}, fedcm:accounts: true, goog:chromeOptions: {debuggerAddress: localhost:60504}, javascriptEnabled: true, networkConnectionEnabled: false, pageLoadStrategy: normal, platform: WINDOWS, platformName: WINDOWS, proxy: Proxy(), setWindowRect: true, strictFileInteractability: false, timeouts: {implicit: 0, pageLoad: 300000, script: 30000}, unhandledPromptBehavior: dismiss and notify, webauthn:extension:credBlob: true, webauthn:extension:largeBlob: true, webauthn:extension:minPinLength: true, webauthn:extension:prf: true, webauthn:virtualAuthenticators: true}
Session ID: 7c9141902b2e891df63cfd13a7e108a9
*** Element info: {Using=xpath, value=//input[@id='subject']}
	at java.base/jdk.internal.reflect.NativeConstructorAccessorImpl.newInstance0(Native Method)
	at java.base/jdk.internal.reflect.NativeConstructorAccessorImpl.newInstance(NativeConstructorAccessorImpl.java:77)
	at java.base/jdk.internal.reflect.DelegatingConstructorAccessorImpl.newInstance(DelegatingConstructorAccessorImpl.java:45)
	at org.openqa.selenium.remote.http.W3CHttpResponseCodec.createException(W3CHttpResponseCodec.java:187)
	at org.openqa.selenium.remote.http.W3CHttpResponseCodec.decode(W3CHttpResponseCodec.java:122)
	at org.openqa.selenium.remote.http.W3CHttpResponseCodec.decode(W3CHttpResponseCodec.java:49)
	at org.openqa.selenium.remote.HttpCommandExecutor.execute(HttpCommandExecutor.java:158)
	at org.openqa.selenium.remote.service.DriverCommandExecutor.execute(DriverCommandExecutor.java:83)
	at org.openqa.selenium.remote.RemoteWebDriver.execute(RemoteWebDriver.java:552)
	at com.kms.katalon.selenium.driver.CChromeDriver.execute(CChromeDriver.java:19)
	at org.openqa.selenium.remote.RemoteWebDriver.findElements(RemoteWebDriver.java:353)
	at org.openqa.selenium.remote.RemoteWebDriver.findElementsByXPath(RemoteWebDriver.java:432)
	at org.openqa.selenium.By$ByXPath.findElements(By.java:348)
	at org.openqa.selenium.remote.RemoteWebDriver.findElements(RemoteWebDriver.java:311)
	at jdk.internal.reflect.GeneratedMethodAccessor9.invoke(Unknown Source)
	at java.base/jdk.internal.reflect.DelegatingMethodAccessorImpl.invoke(DelegatingMethodAccessorImpl.java:43)
	at org.openqa.selenium.support.events.EventFiringWebDriver.lambda$new$1(EventFiringWebDriver.java:105)
	at jdk.proxy2/jdk.proxy2.$Proxy23.findElements(Unknown Source)
	at org.openqa.selenium.support.events.EventFiringWebDriver.findElements(EventFiringWebDriver.java:182)
	at com.kms.katalon.core.webui.common.WebUiCommonHelper.findElementByNormalMethods(WebUiCommonHelper.java:1033)
	at com.kms.katalon.core.webui.common.WebUiCommonHelper.findElementsBySelectedMethod(WebUiCommonHelper.java:924)
	at com.kms.katalon.core.webui.common.WebUiCommonHelper.findElementsBySelectedMethod(WebUiCommonHelper.java:906)
	at com.kms.katalon.core.webui.common.WebUiCommonHelper.findElementsBySelectedMethod(WebUiCommonHelper.java:901)
	at com.kms.katalon.core.webui.common.WebUiCommonHelper.findElementsByDefault(WebUiCommonHelper.java:897)
	at com.kms.katalon.core.webui.common.WebUiCommonHelper.findElementsWithSelfHealing(WebUiCommonHelper.java:743)
	at com.kms.katalon.core.webui.common.WebUiCommonHelper.findWebElements(WebUiCommonHelper.java:727)
	at com.kms.katalon.core.webui.common.WebUiCommonHelper.findWebElement(WebUiCommonHelper.java:1413)
	at com.kms.katalon.core.webui.keyword.internal.WebUIAbstractKeyword.findWebElement(WebUIAbstractKeyword.groovy:27)
	at com.kms.katalon.core.webui.keyword.internal.WebUIAbstractKeyword.findWebElement(WebUIAbstractKeyword.groovy:26)
	at com.kms.katalon.core.webui.keyword.builtin.SetTextKeyword$_setText_closure1.doCall(SetTextKeyword.groovy:53)
	at com.kms.katalon.core.webui.keyword.builtin.SetTextKeyword$_setText_closure1.call(SetTextKeyword.groovy)
	at com.kms.katalon.core.webui.keyword.internal.WebUIKeywordMain.runKeyword(WebUIKeywordMain.groovy:35)
	at com.kms.katalon.core.webui.keyword.builtin.SetTextKeyword.setText(SetTextKeyword.groovy:85)
	at com.kms.katalon.core.webui.keyword.builtin.SetTextKeyword.execute(SetTextKeyword.groovy:39)
	at com.kms.katalon.core.keyword.internal.KeywordExecutor.executeKeywordForPlatform(KeywordExecutor.groovy:74)
	at com.kms.katalon.core.webui.keyword.WebUiBuiltInKeywords.setText(WebUiBuiltInKeywords.groovy:1019)
	at Script1731532837012.run(Script1731532837012.groovy:48)
	... 15 more
)

04-12-2024T18:09:15 - [MESSAGE][WARNING] - [SELF-HEALING] Failed to find element with id 'Object Repository/Specific Cases Repository/LS/Client Profile/Progress Notes/Page_Clinical Note/input__subject'. Try using Self-healing.

04-12-2024T18:09:15 - [MESSAGE][WARNING] - [SELF-HEALING] no such window: target window already closed
from unknown error: web view not found
  (Session info: chrome=131.0.6778.86)
Build info: version: '3.141.59', revision: 'unknown', time: 'unknown'
System info: host: 'ENRIQUE', ip: '192.168.100.147', os.name: 'Windows 11', os.arch: 'amd64', os.version: '10.0', java.version: '17.0.7'
Driver info: com.kms.katalon.selenium.driver.CChromeDriver
Capabilities {acceptInsecureCerts: false, browserName: chrome, browserVersion: 131.0.6778.86, chrome: {chromedriverVersion: 130.0.6723.58 (3a50e012e4c9..., userDataDir: C:\Users\Enrique\AppData\Lo...}, fedcm:accounts: true, goog:chromeOptions: {debuggerAddress: localhost:60504}, javascriptEnabled: true, networkConnectionEnabled: false, pageLoadStrategy: normal, platform: WINDOWS, platformName: WINDOWS, proxy: Proxy(), setWindowRect: true, strictFileInteractability: false, timeouts: {implicit: 0, pageLoad: 300000, script: 30000}, unhandledPromptBehavior: dismiss and notify, webauthn:extension:credBlob: true, webauthn:extension:largeBlob: true, webauthn:extension:minPinLength: true, webauthn:extension:prf: true, webauthn:virtualAuthenticators: true}
Session ID: 7c9141902b2e891df63cfd13a7e108a9
*** Element info: {Using=xpath, value=//input[@id='subject']}

04-12-2024T18:09:16 - [MESSAGE][WARNING] - [SELF-HEALING] no such window: target window already closed
from unknown error: web view not found
  (Session info: chrome=131.0.6778.86)
Build info: version: '3.141.59', revision: 'unknown', time: 'unknown'
System info: host: 'ENRIQUE', ip: '192.168.100.147', os.name: 'Windows 11', os.arch: 'amd64', os.version: '10.0', java.version: '17.0.7'
Driver info: com.kms.katalon.selenium.driver.CChromeDriver
Capabilities {acceptInsecureCerts: false, browserName: chrome, browserVersion: 131.0.6778.86, chrome: {chromedriverVersion: 130.0.6723.58 (3a50e012e4c9..., userDataDir: C:\Users\Enrique\AppData\Lo...}, fedcm:accounts: true, goog:chromeOptions: {debuggerAddress: localhost:60504}, javascriptEnabled: true, networkConnectionEnabled: false, pageLoadStrategy: normal, platform: WINDOWS, platformName: WINDOWS, proxy: Proxy(), setWindowRect: true, strictFileInteractability: false, timeouts: {implicit: 0, pageLoad: 300000, script: 30000}, unhandledPromptBehavior: dismiss and notify, webauthn:extension:credBlob: true, webauthn:extension:largeBlob: true, webauthn:extension:minPinLength: true, webauthn:extension:prf: true, webauthn:virtualAuthenticators: true}
Session ID: 7c9141902b2e891df63cfd13a7e108a9
*** Element info: {Using=xpath, value=//*[@type = 'text' and @name = 'subject' and @id = 'subject']}

04-12-2024T18:09:16 - [MESSAGE][WARNING] - [SELF-HEALING] no such window: target window already closed
from unknown error: web view not found
  (Session info: chrome=131.0.6778.86)
Build info: version: '3.141.59', revision: 'unknown', time: 'unknown'
System info: host: 'ENRIQUE', ip: '192.168.100.147', os.name: 'Windows 11', os.arch: 'amd64', os.version: '10.0', java.version: '17.0.7'
Driver info: com.kms.katalon.selenium.driver.CChromeDriver
Capabilities {acceptInsecureCerts: false, browserName: chrome, browserVersion: 131.0.6778.86, chrome: {chromedriverVersion: 130.0.6723.58 (3a50e012e4c9..., userDataDir: C:\Users\Enrique\AppData\Lo...}, fedcm:accounts: true, goog:chromeOptions: {debuggerAddress: localhost:60504}, javascriptEnabled: true, networkConnectionEnabled: false, pageLoadStrategy: normal, platform: WINDOWS, platformName: WINDOWS, proxy: Proxy(), setWindowRect: true, strictFileInteractability: false, timeouts: {implicit: 0, pageLoad: 300000, script: 30000}, unhandledPromptBehavior: dismiss and notify, webauthn:extension:credBlob: true, webauthn:extension:largeBlob: true, webauthn:extension:minPinLength: true, webauthn:extension:prf: true, webauthn:virtualAuthenticators: true}
Session ID: 7c9141902b2e891df63cfd13a7e108a9
*** Element info: {Using=css selector, value=#subject}

04-12-2024T18:09:16 - [MESSAGE][WARNING] - Cannot take screenshot

04-12-2024T18:09:16 - [MESSAGE][FAILED] - Unable to set text 'Automation Clinical Note B Client' of object 'Object Repository/Specific Cases Repository/LS/Client Profile/Progress Notes/Page_Clinical Note/input__subject' (Root cause: com.kms.katalon.core.exception.StepFailedException: Unable to set text 'Automation Clinical Note B Client' of object 'Object Repository/Specific Cases Repository/LS/Client Profile/Progress Notes/Page_Clinical Note/input__subject'
	at com.kms.katalon.core.webui.keyword.internal.WebUIKeywordMain.stepFailed(WebUIKeywordMain.groovy:117)
	at com.kms.katalon.core.webui.keyword.internal.WebUIKeywordMain.runKeyword(WebUIKeywordMain.groovy:43)
	at com.kms.katalon.core.webui.keyword.builtin.SetTextKeyword.setText(SetTextKeyword.groovy:85)
	at com.kms.katalon.core.webui.keyword.builtin.SetTextKeyword.execute(SetTextKeyword.groovy:39)
	at com.kms.katalon.core.keyword.internal.KeywordExecutor.executeKeywordForPlatform(KeywordExecutor.groovy:74)
	at com.kms.katalon.core.webui.keyword.WebUiBuiltInKeywords.setText(WebUiBuiltInKeywords.groovy:1019)
	at Progress Notes.run(Progress Notes:48)
	at com.kms.katalon.core.main.ScriptEngine.run(ScriptEngine.java:194)
	at com.kms.katalon.core.main.ScriptEngine.runScriptAsRawText(ScriptEngine.java:119)
	at com.kms.katalon.core.main.TestCaseExecutor.runScript(TestCaseExecutor.java:448)
	at com.kms.katalon.core.main.TestCaseExecutor.doExecute(TestCaseExecutor.java:439)
	at com.kms.katalon.core.main.TestCaseExecutor.processExecutionPhase(TestCaseExecutor.java:418)
	at com.kms.katalon.core.main.TestCaseExecutor.accessMainPhase(TestCaseExecutor.java:410)
	at com.kms.katalon.core.main.TestCaseExecutor.execute(TestCaseExecutor.java:285)
	at com.kms.katalon.core.common.CommonExecutor.accessTestCaseMainPhase(CommonExecutor.java:65)
	at com.kms.katalon.core.main.TestSuiteExecutor.accessTestSuiteMainPhase(TestSuiteExecutor.java:150)
	at com.kms.katalon.core.main.TestSuiteExecutor.execute(TestSuiteExecutor.java:106)
	at com.kms.katalon.core.main.TestCaseMain.startTestSuite(TestCaseMain.java:180)
	at TempTestSuite1733353068935.run(TempTestSuite1733353068935.groovy:35)
	at java.base/jdk.internal.reflect.NativeMethodAccessorImpl.invoke0(Native Method)
	at java.base/jdk.internal.reflect.NativeMethodAccessorImpl.invoke(NativeMethodAccessorImpl.java:77)
	at java.base/jdk.internal.reflect.DelegatingMethodAccessorImpl.invoke(DelegatingMethodAccessorImpl.java:43)
Caused by: org.openqa.selenium.NoSuchWindowException: no such window: target window already closed
from unknown error: web view not found
  (Session info: chrome=131.0.6778.86)
Build info: version: '3.141.59', revision: 'unknown', time: 'unknown'
System info: host: 'ENRIQUE', ip: '192.168.100.147', os.name: 'Windows 11', os.arch: 'amd64', os.version: '10.0', java.version: '17.0.7'
Driver info: com.kms.katalon.selenium.driver.CChromeDriver
Capabilities {acceptInsecureCerts: false, browserName: chrome, browserVersion: 131.0.6778.86, chrome: {chromedriverVersion: 130.0.6723.58 (3a50e012e4c9..., userDataDir: C:\Users\Enrique\AppData\Lo...}, fedcm:accounts: true, goog:chromeOptions: {debuggerAddress: localhost:60504}, javascriptEnabled: true, networkConnectionEnabled: false, pageLoadStrategy: normal, platform: WINDOWS, platformName: WINDOWS, proxy: Proxy(), setWindowRect: true, strictFileInteractability: false, timeouts: {implicit: 0, pageLoad: 300000, script: 30000}, unhandledPromptBehavior: dismiss and notify, webauthn:extension:credBlob: true, webauthn:extension:largeBlob: true, webauthn:extension:minPinLength: true, webauthn:extension:prf: true, webauthn:virtualAuthenticators: true}
Session ID: 7c9141902b2e891df63cfd13a7e108a9
*** Element info: {Using=xpath, value=//input[@id='subject']}
	at java.base/jdk.internal.reflect.NativeConstructorAccessorImpl.newInstance0(Native Method)
	at java.base/jdk.internal.reflect.NativeConstructorAccessorImpl.newInstance(NativeConstructorAccessorImpl.java:77)
	at java.base/jdk.internal.reflect.DelegatingConstructorAccessorImpl.newInstance(DelegatingConstructorAccessorImpl.java:45)
	at org.openqa.selenium.remote.http.W3CHttpResponseCodec.createException(W3CHttpResponseCodec.java:187)
	at org.openqa.selenium.remote.http.W3CHttpResponseCodec.decode(W3CHttpResponseCodec.java:122)
	at org.openqa.selenium.remote.http.W3CHttpResponseCodec.decode(W3CHttpResponseCodec.java:49)
	at org.openqa.selenium.remote.HttpCommandExecutor.execute(HttpCommandExecutor.java:158)
	at org.openqa.selenium.remote.service.DriverCommandExecutor.execute(DriverCommandExecutor.java:83)
	at org.openqa.selenium.remote.RemoteWebDriver.execute(RemoteWebDriver.java:552)
	at com.kms.katalon.selenium.driver.CChromeDriver.execute(CChromeDriver.java:19)
	at org.openqa.selenium.remote.RemoteWebDriver.findElements(RemoteWebDriver.java:353)
	at org.openqa.selenium.remote.RemoteWebDriver.findElementsByXPath(RemoteWebDriver.java:432)
	at org.openqa.selenium.By$ByXPath.findElements(By.java:348)
	at org.openqa.selenium.remote.RemoteWebDriver.findElements(RemoteWebDriver.java:311)
	at jdk.internal.reflect.GeneratedMethodAccessor9.invoke(Unknown Source)
	at java.base/jdk.internal.reflect.DelegatingMethodAccessorImpl.invoke(DelegatingMethodAccessorImpl.java:43)
	at org.openqa.selenium.support.events.EventFiringWebDriver.lambda$new$1(EventFiringWebDriver.java:105)
	at jdk.proxy2/jdk.proxy2.$Proxy23.findElements(Unknown Source)
	at org.openqa.selenium.support.events.EventFiringWebDriver.findElements(EventFiringWebDriver.java:182)
	at com.kms.katalon.core.webui.common.WebUiCommonHelper.findElementByNormalMethods(WebUiCommonHelper.java:1033)
	at com.kms.katalon.core.webui.common.WebUiCommonHelper.findElementsBySelectedMethod(WebUiCommonHelper.java:924)
	at com.kms.katalon.core.webui.common.WebUiCommonHelper.findElementsBySelectedMethod(WebUiCommonHelper.java:906)
	at com.kms.katalon.core.webui.common.WebUiCommonHelper.findElementsBySelectedMethod(WebUiCommonHelper.java:901)
	at com.kms.katalon.core.webui.common.WebUiCommonHelper.findElementsByDefault(WebUiCommonHelper.java:897)
	at com.kms.katalon.core.webui.common.WebUiCommonHelper.findElementsWithSelfHealing(WebUiCommonHelper.java:743)
	at com.kms.katalon.core.webui.common.WebUiCommonHelper.findWebElements(WebUiCommonHelper.java:727)
	at com.kms.katalon.core.webui.common.WebUiCommonHelper.findWebElement(WebUiCommonHelper.java:1413)
	at com.kms.katalon.core.webui.keyword.internal.WebUIAbstractKeyword.findWebElement(WebUIAbstractKeyword.groovy:27)
	at com.kms.katalon.core.webui.keyword.internal.WebUIAbstractKeyword.findWebElement(WebUIAbstractKeyword.groovy:26)
	at com.kms.katalon.core.webui.keyword.builtin.SetTextKeyword$_setText_closure1.doCall(SetTextKeyword.groovy:53)
	at com.kms.katalon.core.webui.keyword.builtin.SetTextKeyword$_setText_closure1.call(SetTextKeyword.groovy)
	at com.kms.katalon.core.webui.keyword.internal.WebUIKeywordMain.runKeyword(WebUIKeywordMain.groovy:35)
	at com.kms.katalon.core.webui.keyword.builtin.SetTextKeyword.setText(SetTextKeyword.groovy:85)
	at com.kms.katalon.core.webui.keyword.builtin.SetTextKeyword.execute(SetTextKeyword.groovy:39)
	at com.kms.katalon.core.keyword.internal.KeywordExecutor.executeKeywordForPlatform(KeywordExecutor.groovy:74)
	at com.kms.katalon.core.webui.keyword.WebUiBuiltInKeywords.setText(WebUiBuiltInKeywords.groovy:1019)
	at Script1731532837012.run(Script1731532837012.groovy:48)
	... 15 more
)]]></system-out>
         <system-err><![CDATA[04-12-2024T18:08:36 - [TEST_CASE][FAILED] - Test Cases/Specific Cases/LS/Client Profile/Progress Notes: Test Cases/Specific Cases/LS/Client Profile/Progress Notes FAILED.
Reason:
com.kms.katalon.core.exception.StepFailedException: Unable to set text 'Automation Clinical Note B Client' of object 'Object Repository/Specific Cases Repository/LS/Client Profile/Progress Notes/Page_Clinical Note/input__subject'
	at com.kms.katalon.core.webui.keyword.internal.WebUIKeywordMain.stepFailed(WebUIKeywordMain.groovy:117)
	at com.kms.katalon.core.webui.keyword.internal.WebUIKeywordMain.runKeyword(WebUIKeywordMain.groovy:43)
	at com.kms.katalon.core.webui.keyword.builtin.SetTextKeyword.setText(SetTextKeyword.groovy:85)
	at com.kms.katalon.core.webui.keyword.builtin.SetTextKeyword.execute(SetTextKeyword.groovy:39)
	at com.kms.katalon.core.keyword.internal.KeywordExecutor.executeKeywordForPlatform(KeywordExecutor.groovy:74)
	at com.kms.katalon.core.webui.keyword.WebUiBuiltInKeywords.setText(WebUiBuiltInKeywords.groovy:1019)
	at Progress Notes.run(Progress Notes:48)
	at com.kms.katalon.core.main.ScriptEngine.run(ScriptEngine.java:194)
	at com.kms.katalon.core.main.ScriptEngine.runScriptAsRawText(ScriptEngine.java:119)
	at com.kms.katalon.core.main.TestCaseExecutor.runScript(TestCaseExecutor.java:448)
	at com.kms.katalon.core.main.TestCaseExecutor.doExecute(TestCaseExecutor.java:439)
	at com.kms.katalon.core.main.TestCaseExecutor.processExecutionPhase(TestCaseExecutor.java:418)
	at com.kms.katalon.core.main.TestCaseExecutor.accessMainPhase(TestCaseExecutor.java:410)
	at com.kms.katalon.core.main.TestCaseExecutor.execute(TestCaseExecutor.java:285)
	at com.kms.katalon.core.common.CommonExecutor.accessTestCaseMainPhase(CommonExecutor.java:65)
	at com.kms.katalon.core.main.TestSuiteExecutor.accessTestSuiteMainPhase(TestSuiteExecutor.java:150)
	at com.kms.katalon.core.main.TestSuiteExecutor.execute(TestSuiteExecutor.java:106)
	at com.kms.katalon.core.main.TestCaseMain.startTestSuite(TestCaseMain.java:180)
	at TempTestSuite1733353068935.run(TempTestSuite1733353068935.groovy:35)
	at java.base/jdk.internal.reflect.NativeMethodAccessorImpl.invoke0(Native Method)
	at java.base/jdk.internal.reflect.NativeMethodAccessorImpl.invoke(NativeMethodAccessorImpl.java:77)
	at java.base/jdk.internal.reflect.DelegatingMethodAccessorImpl.invoke(DelegatingMethodAccessorImpl.java:43)
Caused by: org.openqa.selenium.NoSuchWindowException: no such window: target window already closed
from unknown error: web view not found
  (Session info: chrome=131.0.6778.86)
Build info: version: '3.141.59', revision: 'unknown', time: 'unknown'
System info: host: 'ENRIQUE', ip: '192.168.100.147', os.name: 'Windows 11', os.arch: 'amd64', os.version: '10.0', java.version: '17.0.7'
Driver info: com.kms.katalon.selenium.driver.CChromeDriver
Capabilities {acceptInsecureCerts: false, browserName: chrome, browserVersion: 131.0.6778.86, chrome: {chromedriverVersion: 130.0.6723.58 (3a50e012e4c9..., userDataDir: C:\Users\Enrique\AppData\Lo...}, fedcm:accounts: true, goog:chromeOptions: {debuggerAddress: localhost:60504}, javascriptEnabled: true, networkConnectionEnabled: false, pageLoadStrategy: normal, platform: WINDOWS, platformName: WINDOWS, proxy: Proxy(), setWindowRect: true, strictFileInteractability: false, timeouts: {implicit: 0, pageLoad: 300000, script: 30000}, unhandledPromptBehavior: dismiss and notify, webauthn:extension:credBlob: true, webauthn:extension:largeBlob: true, webauthn:extension:minPinLength: true, webauthn:extension:prf: true, webauthn:virtualAuthenticators: true}
Session ID: 7c9141902b2e891df63cfd13a7e108a9
*** Element info: {Using=xpath, value=//input[@id='subject']}
	at java.base/jdk.internal.reflect.NativeConstructorAccessorImpl.newInstance0(Native Method)
	at java.base/jdk.internal.reflect.NativeConstructorAccessorImpl.newInstance(NativeConstructorAccessorImpl.java:77)
	at java.base/jdk.internal.reflect.DelegatingConstructorAccessorImpl.newInstance(DelegatingConstructorAccessorImpl.java:45)
	at org.openqa.selenium.remote.http.W3CHttpResponseCodec.createException(W3CHttpResponseCodec.java:187)
	at org.openqa.selenium.remote.http.W3CHttpResponseCodec.decode(W3CHttpResponseCodec.java:122)
	at org.openqa.selenium.remote.http.W3CHttpResponseCodec.decode(W3CHttpResponseCodec.java:49)
	at org.openqa.selenium.remote.HttpCommandExecutor.execute(HttpCommandExecutor.java:158)
	at org.openqa.selenium.remote.service.DriverCommandExecutor.execute(DriverCommandExecutor.java:83)
	at org.openqa.selenium.remote.RemoteWebDriver.execute(RemoteWebDriver.java:552)
	at com.kms.katalon.selenium.driver.CChromeDriver.execute(CChromeDriver.java:19)
	at org.openqa.selenium.remote.RemoteWebDriver.findElements(RemoteWebDriver.java:353)
	at org.openqa.selenium.remote.RemoteWebDriver.findElementsByXPath(RemoteWebDriver.java:432)
	at org.openqa.selenium.By$ByXPath.findElements(By.java:348)
	at org.openqa.selenium.remote.RemoteWebDriver.findElements(RemoteWebDriver.java:311)
	at jdk.internal.reflect.GeneratedMethodAccessor9.invoke(Unknown Source)
	at java.base/jdk.internal.reflect.DelegatingMethodAccessorImpl.invoke(DelegatingMethodAccessorImpl.java:43)
	at org.openqa.selenium.support.events.EventFiringWebDriver.lambda$new$1(EventFiringWebDriver.java:105)
	at jdk.proxy2/jdk.proxy2.$Proxy23.findElements(Unknown Source)
	at org.openqa.selenium.support.events.EventFiringWebDriver.findElements(EventFiringWebDriver.java:182)
	at com.kms.katalon.core.webui.common.WebUiCommonHelper.findElementByNormalMethods(WebUiCommonHelper.java:1033)
	at com.kms.katalon.core.webui.common.WebUiCommonHelper.findElementsBySelectedMethod(WebUiCommonHelper.java:924)
	at com.kms.katalon.core.webui.common.WebUiCommonHelper.findElementsBySelectedMethod(WebUiCommonHelper.java:906)
	at com.kms.katalon.core.webui.common.WebUiCommonHelper.findElementsBySelectedMethod(WebUiCommonHelper.java:901)
	at com.kms.katalon.core.webui.common.WebUiCommonHelper.findElementsByDefault(WebUiCommonHelper.java:897)
	at com.kms.katalon.core.webui.common.WebUiCommonHelper.findElementsWithSelfHealing(WebUiCommonHelper.java:743)
	at com.kms.katalon.core.webui.common.WebUiCommonHelper.findWebElements(WebUiCommonHelper.java:727)
	at com.kms.katalon.core.webui.common.WebUiCommonHelper.findWebElement(WebUiCommonHelper.java:1413)
	at com.kms.katalon.core.webui.keyword.internal.WebUIAbstractKeyword.findWebElement(WebUIAbstractKeyword.groovy:27)
	at com.kms.katalon.core.webui.keyword.internal.WebUIAbstractKeyword.findWebElement(WebUIAbstractKeyword.groovy:26)
	at com.kms.katalon.core.webui.keyword.builtin.SetTextKeyword$_setText_closure1.doCall(SetTextKeyword.groovy:53)
	at com.kms.katalon.core.webui.keyword.builtin.SetTextKeyword$_setText_closure1.call(SetTextKeyword.groovy)
	at com.kms.katalon.core.webui.keyword.internal.WebUIKeywordMain.runKeyword(WebUIKeywordMain.groovy:35)
	... 20 more]]></system-err>
      </testcase>
      <testcase name="Test Cases/Specific Cases/LS/Client Profile/Lab Orders" time="63.553" classname="Test Cases/Specific Cases/LS/Client Profile/Lab Orders" status="FAILED">
         <failure type="FAILED" message="Test Cases/Specific Cases/LS/Client Profile/Lab Orders FAILED.&#xa;Reason:&#xa;com.kms.katalon.core.exception.StepFailedException: Verify element text of test object 'Object Repository/Specific Cases Repository/LS/Client Profile/Lab Orders/Page_Lab Order/p_Successfully submitted Lab Order' FAILED.&#xa;	at com.kms.katalon.core.webui.keyword.internal.WebUIKeywordMain.stepFailed(WebUIKeywordMain.groovy:117)&#xa;	at com.kms.katalon.core.webui.keyword.internal.WebUIKeywordMain.runKeyword(WebUIKeywordMain.groovy:43)&#xa;	at com.kms.katalon.core.webui.keyword.builtin.VerifyElementTextKeyword.verifyElementText(VerifyElementTextKeyword.groovy:72)&#xa;	at com.kms.katalon.core.webui.keyword.builtin.VerifyElementTextKeyword.execute(VerifyElementTextKeyword.groovy:40)&#xa;	at com.kms.katalon.core.keyword.internal.KeywordExecutor.executeKeywordForPlatform(KeywordExecutor.groovy:74)&#xa;	at com.kms.katalon.core.webui.keyword.WebUiBuiltInKeywords.verifyElementText(WebUiBuiltInKeywords.groovy:4835)&#xa;	at Lab Orders.run(Lab Orders:70)&#xa;	at com.kms.katalon.core.main.ScriptEngine.run(ScriptEngine.java:194)&#xa;	at com.kms.katalon.core.main.ScriptEngine.runScriptAsRawText(ScriptEngine.java:119)&#xa;	at com.kms.katalon.core.main.TestCaseExecutor.runScript(TestCaseExecutor.java:448)&#xa;	at com.kms.katalon.core.main.TestCaseExecutor.doExecute(TestCaseExecutor.java:439)&#xa;	at com.kms.katalon.core.main.TestCaseExecutor.processExecutionPhase(TestCaseExecutor.java:418)&#xa;	at com.kms.katalon.core.main.TestCaseExecutor.accessMainPhase(TestCaseExecutor.java:410)&#xa;	at com.kms.katalon.core.main.TestCaseExecutor.execute(TestCaseExecutor.java:285)&#xa;	at com.kms.katalon.core.common.CommonExecutor.accessTestCaseMainPhase(CommonExecutor.java:65)&#xa;	at com.kms.katalon.core.main.TestSuiteExecutor.accessTestSuiteMainPhase(TestSuiteExecutor.java:150)&#xa;	at com.kms.katalon.core.main.TestSuiteExecutor.execute(TestSuiteExecutor.java:106)&#xa;	at com.kms.katalon.core.main.TestCaseMain.startTestSuite(TestCaseMain.java:180)&#xa;	at TempTestSuite1733353068935.run(TempTestSuite1733353068935.groovy:35)&#xa;	at java.base/jdk.internal.reflect.NativeMethodAccessorImpl.invoke0(Native Method)&#xa;	at java.base/jdk.internal.reflect.NativeMethodAccessorImpl.invoke(NativeMethodAccessorImpl.java:77)&#xa;	at java.base/jdk.internal.reflect.DelegatingMethodAccessorImpl.invoke(DelegatingMethodAccessorImpl.java:43)&#xa;Caused by: com.kms.katalon.core.exception.StepFailedException: Actual text 'Lab Order will be marked in Error. This is not Reversible!' and expected text 'Successfully submitted Lab Order.' of test object 'Object Repository/Specific Cases Repository/LS/Client Profile/Lab Orders/Page_Lab Order/p_Successfully submitted Lab Order' are NOT matched.&#xa;	at com.kms.katalon.core.webui.keyword.internal.WebUIKeywordMain.stepFailed(WebUIKeywordMain.groovy:117)&#xa;	at com.kms.katalon.core.webui.keyword.builtin.VerifyElementTextKeyword$_verifyElementText_closure1.doCall(VerifyElementTextKeyword.groovy:57)&#xa;	at com.kms.katalon.core.webui.keyword.builtin.VerifyElementTextKeyword$_verifyElementText_closure1.call(VerifyElementTextKeyword.groovy)&#xa;	at com.kms.katalon.core.webui.keyword.internal.WebUIKeywordMain.runKeyword(WebUIKeywordMain.groovy:35)&#xa;	... 20 more&#xa;"/>
         <system-out><![CDATA[04-12-2024T18:09:16 - [TEST_CASE][FAILED] - Test Cases/Specific Cases/LS/Client Profile/Lab Orders: Test Cases/Specific Cases/LS/Client Profile/Lab Orders FAILED.
Reason:
com.kms.katalon.core.exception.StepFailedException: Verify element text of test object 'Object Repository/Specific Cases Repository/LS/Client Profile/Lab Orders/Page_Lab Order/p_Successfully submitted Lab Order' FAILED.
	at com.kms.katalon.core.webui.keyword.internal.WebUIKeywordMain.stepFailed(WebUIKeywordMain.groovy:117)
	at com.kms.katalon.core.webui.keyword.internal.WebUIKeywordMain.runKeyword(WebUIKeywordMain.groovy:43)
	at com.kms.katalon.core.webui.keyword.builtin.VerifyElementTextKeyword.verifyElementText(VerifyElementTextKeyword.groovy:72)
	at com.kms.katalon.core.webui.keyword.builtin.VerifyElementTextKeyword.execute(VerifyElementTextKeyword.groovy:40)
	at com.kms.katalon.core.keyword.internal.KeywordExecutor.executeKeywordForPlatform(KeywordExecutor.groovy:74)
	at com.kms.katalon.core.webui.keyword.WebUiBuiltInKeywords.verifyElementText(WebUiBuiltInKeywords.groovy:4835)
	at Lab Orders.run(Lab Orders:70)
	at com.kms.katalon.core.main.ScriptEngine.run(ScriptEngine.java:194)
	at com.kms.katalon.core.main.ScriptEngine.runScriptAsRawText(ScriptEngine.java:119)
	at com.kms.katalon.core.main.TestCaseExecutor.runScript(TestCaseExecutor.java:448)
	at com.kms.katalon.core.main.TestCaseExecutor.doExecute(TestCaseExecutor.java:439)
	at com.kms.katalon.core.main.TestCaseExecutor.processExecutionPhase(TestCaseExecutor.java:418)
	at com.kms.katalon.core.main.TestCaseExecutor.accessMainPhase(TestCaseExecutor.java:410)
	at com.kms.katalon.core.main.TestCaseExecutor.execute(TestCaseExecutor.java:285)
	at com.kms.katalon.core.common.CommonExecutor.accessTestCaseMainPhase(CommonExecutor.java:65)
	at com.kms.katalon.core.main.TestSuiteExecutor.accessTestSuiteMainPhase(TestSuiteExecutor.java:150)
	at com.kms.katalon.core.main.TestSuiteExecutor.execute(TestSuiteExecutor.java:106)
	at com.kms.katalon.core.main.TestCaseMain.startTestSuite(TestCaseMain.java:180)
	at TempTestSuite1733353068935.run(TempTestSuite1733353068935.groovy:35)
	at java.base/jdk.internal.reflect.NativeMethodAccessorImpl.invoke0(Native Method)
	at java.base/jdk.internal.reflect.NativeMethodAccessorImpl.invoke(NativeMethodAccessorImpl.java:77)
	at java.base/jdk.internal.reflect.DelegatingMethodAccessorImpl.invoke(DelegatingMethodAccessorImpl.java:43)
Caused by: com.kms.katalon.core.exception.StepFailedException: Actual text 'Lab Order will be marked in Error. This is not Reversible!' and expected text 'Successfully submitted Lab Order.' of test object 'Object Repository/Specific Cases Repository/LS/Client Profile/Lab Orders/Page_Lab Order/p_Successfully submitted Lab Order' are NOT matched.
	at com.kms.katalon.core.webui.keyword.internal.WebUIKeywordMain.stepFailed(WebUIKeywordMain.groovy:117)
	at com.kms.katalon.core.webui.keyword.builtin.VerifyElementTextKeyword$_verifyElementText_closure1.doCall(VerifyElementTextKeyword.groovy:57)
	at com.kms.katalon.core.webui.keyword.builtin.VerifyElementTextKeyword$_verifyElementText_closure1.call(VerifyElementTextKeyword.groovy)
	at com.kms.katalon.core.webui.keyword.internal.WebUIKeywordMain.runKeyword(WebUIKeywordMain.groovy:35)
	... 20 more


04-12-2024T18:09:16 - [TEST_STEP][PASSED] - callTestCase(findTestCase("Common Cases/Login"), [:], STOP_ON_FAILURE): Call Test Case 'Test Cases/Common Cases/Login' successfully

04-12-2024T18:09:16 - [TEST_CASE][PASSED] - Test Cases/Common Cases/Login: Test Cases/Common Cases/Login

04-12-2024T18:09:16 - [TEST_STEP][PASSED] - openBrowser(""): Browser is opened with url: ''

04-12-2024T18:09:16 - [MESSAGE][WARNING] - A browser is already opened. Closing browser and opening a new one

04-12-2024T18:09:16 - [MESSAGE][INFO] - Starting 'Chrome' driver

04-12-2024T18:09:16 - [MESSAGE][INFO] - Action delay is set to 0 milliseconds

04-12-2024T18:09:17 - [MESSAGE][PASSED] - Browser is opened with url: ''

04-12-2024T18:09:17 - [TEST_STEP][PASSED] - maximizeWindow(): Current window maximized

04-12-2024T18:09:17 - [MESSAGE][PASSED] - Current window maximized

04-12-2024T18:09:17 - [TEST_STEP][PASSED] - navigateToUrl("https://site17.lsapp.cloud/auth/login"): Navigate to 'https://site17.lsapp.cloud/auth/login' successfully

04-12-2024T18:09:20 - [MESSAGE][PASSED] - Navigate to 'https://site17.lsapp.cloud/auth/login' successfully

04-12-2024T18:09:20 - [TEST_STEP][PASSED] - setText(findTestObject("Object Repository/Common Cases Repository/Login/Page_Lightning Step/input_Email_email"), "automation@lightningstep.com"): Text 'automation@lightningstep.com' is set on object 'Object Repository/Common Cases Repository/Login/Page_Lightning Step/input_Email_email'

04-12-2024T18:09:20 - [MESSAGE][PASSED] - Text 'automation@lightningstep.com' is set on object 'Object Repository/Common Cases Repository/Login/Page_Lightning Step/input_Email_email'

04-12-2024T18:09:20 - [TEST_STEP][PASSED] - setEncryptedText(findTestObject("Object Repository/Common Cases Repository/Login/Page_Lightning Step/input_Password_password"), "e5N8VHmnhJDITtQaQhDQDw=="): Text ****** has been set on object 'Object Repository/Common Cases Repository/Login/Page_Lightning Step/input_Password_password'

04-12-2024T18:09:21 - [MESSAGE][PASSED] - Text ****** has been set on object 'Object Repository/Common Cases Repository/Login/Page_Lightning Step/input_Password_password'

04-12-2024T18:09:21 - [TEST_STEP][PASSED] - click(findTestObject("Object Repository/Common Cases Repository/Login/Page_Lightning Step/button_Sign in")): Object: 'Object Repository/Common Cases Repository/Login/Page_Lightning Step/button_Sign in' is clicked on

04-12-2024T18:09:25 - [MESSAGE][PASSED] - Object: 'Object Repository/Common Cases Repository/Login/Page_Lightning Step/button_Sign in' is clicked on

04-12-2024T18:09:25 - [MESSAGE][PASSED] - Call Test Case 'Test Cases/Common Cases/Login' successfully

04-12-2024T18:09:25 - [TEST_STEP][PASSED] - navigateToUrl("https://site17.lsapp.cloud/client/index/1557?section=laborders"): Navigate to 'https://site17.lsapp.cloud/client/index/1557?section=laborders' successfully

04-12-2024T18:09:31 - [MESSAGE][PASSED] - Navigate to 'https://site17.lsapp.cloud/client/index/1557?section=laborders' successfully

04-12-2024T18:09:31 - [TEST_STEP][PASSED] - click(findTestObject("Object Repository/Specific Cases Repository/LS/Client Profile/Lab Orders/Page_Client Profile/i_add")): Object: 'Object Repository/Specific Cases Repository/LS/Client Profile/Lab Orders/Page_Client Profile/i_add' is clicked on

04-12-2024T18:09:36 - [MESSAGE][PASSED] - Object: 'Object Repository/Specific Cases Repository/LS/Client Profile/Lab Orders/Page_Client Profile/i_add' is clicked on

04-12-2024T18:09:36 - [TEST_STEP][PASSED] - selectOptionByValue(findTestObject("Object Repository/Specific Cases Repository/LS/Client Profile/Lab Orders/Page_Lab Order/select_-- Please select --Carreno, Enrique NPI"), "1302", true): All options with value '1302' are selected in object 'Object Repository/Specific Cases Repository/LS/Client Profile/Lab Orders/Page_Lab Order/select_-- Please select --Carreno, Enrique NPI'  using regular expression

04-12-2024T18:09:37 - [MESSAGE][PASSED] - All options with value '1302' are selected in object 'Object Repository/Specific Cases Repository/LS/Client Profile/Lab Orders/Page_Lab Order/select_-- Please select --Carreno, Enrique NPI'  using regular expression

04-12-2024T18:09:37 - [TEST_STEP][PASSED] - selectOptionByValue(findTestObject("Object Repository/Specific Cases Repository/LS/Client Profile/Lab Orders/Page_Lab Order/select_Urine Specimen Container            _9d61b4"), "OFC", true): All options with value 'OFC' are selected in object 'Object Repository/Specific Cases Repository/LS/Client Profile/Lab Orders/Page_Lab Order/select_Urine Specimen Container            _9d61b4'  using regular expression

04-12-2024T18:09:38 - [MESSAGE][PASSED] - All options with value 'OFC' are selected in object 'Object Repository/Specific Cases Repository/LS/Client Profile/Lab Orders/Page_Lab Order/select_Urine Specimen Container            _9d61b4'  using regular expression

04-12-2024T18:09:38 - [TEST_STEP][PASSED] - selectOptionByValue(findTestObject("Object Repository/Specific Cases Repository/LS/Client Profile/Lab Orders/Page_Lab Order/select_Frozen                              _7e1fe1"), "F", true): All options with value 'F' are selected in object 'Object Repository/Specific Cases Repository/LS/Client Profile/Lab Orders/Page_Lab Order/select_Frozen                              _7e1fe1'  using regular expression

04-12-2024T18:09:39 - [MESSAGE][PASSED] - All options with value 'F' are selected in object 'Object Repository/Specific Cases Repository/LS/Client Profile/Lab Orders/Page_Lab Order/select_Frozen                              _7e1fe1'  using regular expression

04-12-2024T18:09:39 - [TEST_STEP][PASSED] - selectOptionByValue(findTestObject("Object Repository/Specific Cases Repository/LS/Client Profile/Lab Orders/Page_Lab Order/select_Urine                               _a20f86"), "OF", true): All options with value 'OF' are selected in object 'Object Repository/Specific Cases Repository/LS/Client Profile/Lab Orders/Page_Lab Order/select_Urine                               _a20f86'  using regular expression

04-12-2024T18:09:40 - [MESSAGE][PASSED] - All options with value 'OF' are selected in object 'Object Repository/Specific Cases Repository/LS/Client Profile/Lab Orders/Page_Lab Order/select_Urine                               _a20f86'  using regular expression

04-12-2024T18:09:40 - [TEST_STEP][PASSED] - setText(findTestObject("Object Repository/Specific Cases Repository/LS/Client Profile/Lab Orders/Page_Lab Order/textarea_Rationale_rationale_text1"), "10"): Text '10' is set on object 'Object Repository/Specific Cases Repository/LS/Client Profile/Lab Orders/Page_Lab Order/textarea_Rationale_rationale_text1'

04-12-2024T18:09:41 - [MESSAGE][PASSED] - Text '10' is set on object 'Object Repository/Specific Cases Repository/LS/Client Profile/Lab Orders/Page_Lab Order/textarea_Rationale_rationale_text1'

04-12-2024T18:09:41 - [TEST_STEP][PASSED] - click(findTestObject("Object Repository/Specific Cases Repository/LS/Client Profile/Lab Orders/Page_Lab Order/a_Lab Tests")): Object: 'Object Repository/Specific Cases Repository/LS/Client Profile/Lab Orders/Page_Lab Order/a_Lab Tests' is clicked on

04-12-2024T18:09:41 - [MESSAGE][PASSED] - Object: 'Object Repository/Specific Cases Repository/LS/Client Profile/Lab Orders/Page_Lab Order/a_Lab Tests' is clicked on

04-12-2024T18:09:41 - [TEST_STEP][PASSED] - click(findTestObject("Object Repository/Specific Cases Repository/LS/Client Profile/Lab Orders/Page_Lab Order/span_Select Test(s)")): Object: 'Object Repository/Specific Cases Repository/LS/Client Profile/Lab Orders/Page_Lab Order/span_Select Test(s)' is clicked on

04-12-2024T18:09:41 - [MESSAGE][PASSED] - Object: 'Object Repository/Specific Cases Repository/LS/Client Profile/Lab Orders/Page_Lab Order/span_Select Test(s)' is clicked on

04-12-2024T18:09:41 - [TEST_STEP][PASSED] - click(findTestObject("Object Repository/Specific Cases Repository/LS/Client Profile/Lab Orders/Page_Lab Order/input_checkbox")): Object: 'Object Repository/Specific Cases Repository/LS/Client Profile/Lab Orders/Page_Lab Order/input_checkbox' is clicked on

04-12-2024T18:09:42 - [MESSAGE][PASSED] - Object: 'Object Repository/Specific Cases Repository/LS/Client Profile/Lab Orders/Page_Lab Order/input_checkbox' is clicked on

04-12-2024T18:09:42 - [TEST_STEP][PASSED] - click(findTestObject("Object Repository/Specific Cases Repository/LS/Client Profile/Lab Orders/Page_Lab Order/input_checkbox_1")): Object: 'Object Repository/Specific Cases Repository/LS/Client Profile/Lab Orders/Page_Lab Order/input_checkbox_1' is clicked on

04-12-2024T18:09:44 - [MESSAGE][PASSED] - Object: 'Object Repository/Specific Cases Repository/LS/Client Profile/Lab Orders/Page_Lab Order/input_checkbox_1' is clicked on

04-12-2024T18:09:44 - [TEST_STEP][PASSED] - click(findTestObject("Object Repository/Specific Cases Repository/LS/Client Profile/Lab Orders/Page_Lab Order/a_Requisition")): Object: 'Object Repository/Specific Cases Repository/LS/Client Profile/Lab Orders/Page_Lab Order/a_Requisition' is clicked on

04-12-2024T18:09:45 - [MESSAGE][PASSED] - Object: 'Object Repository/Specific Cases Repository/LS/Client Profile/Lab Orders/Page_Lab Order/a_Requisition' is clicked on

04-12-2024T18:09:45 - [TEST_STEP][PASSED] - verifyElementText(findTestObject("Object Repository/Specific Cases Repository/LS/Client Profile/Lab Orders/Page_Lab Order/h5_Patient Name B Client B Automation"), "Patient Name: B Client B Automation"): Actual text and expected text of test object 'Object Repository/Specific Cases Repository/LS/Client Profile/Lab Orders/Page_Lab Order/h5_Patient Name B Client B Automation' are matched.

04-12-2024T18:09:46 - [MESSAGE][PASSED] - Actual text and expected text of test object 'Object Repository/Specific Cases Repository/LS/Client Profile/Lab Orders/Page_Lab Order/h5_Patient Name B Client B Automation' are matched.

04-12-2024T18:09:46 - [TEST_STEP][PASSED] - verifyElementText(findTestObject("Object Repository/Specific Cases Repository/LS/Client Profile/Lab Orders/Page_Lab Order/h5_MRN 24-11007"), "MRN: 24-11007"): Actual text and expected text of test object 'Object Repository/Specific Cases Repository/LS/Client Profile/Lab Orders/Page_Lab Order/h5_MRN 24-11007' are matched.

04-12-2024T18:09:46 - [MESSAGE][PASSED] - Actual text and expected text of test object 'Object Repository/Specific Cases Repository/LS/Client Profile/Lab Orders/Page_Lab Order/h5_MRN 24-11007' are matched.

04-12-2024T18:09:46 - [TEST_STEP][PASSED] - verifyElementText(findTestObject("Object Repository/Specific Cases Repository/LS/Client Profile/Lab Orders/Page_Lab Order/h5_Date of Birth 01022001"), "Date of Birth: 01/02/2001"): Actual text and expected text of test object 'Object Repository/Specific Cases Repository/LS/Client Profile/Lab Orders/Page_Lab Order/h5_Date of Birth 01022001' are matched.

04-12-2024T18:09:46 - [MESSAGE][PASSED] - Actual text and expected text of test object 'Object Repository/Specific Cases Repository/LS/Client Profile/Lab Orders/Page_Lab Order/h5_Date of Birth 01022001' are matched.

04-12-2024T18:09:46 - [TEST_STEP][PASSED] - verifyElementText(findTestObject("Object Repository/Specific Cases Repository/LS/Client Profile/Lab Orders/Page_Lab Order/h5_Facility Name Dog Treatment Center"), "Facility Name: Dog Treatment Center"): Actual text and expected text of test object 'Object Repository/Specific Cases Repository/LS/Client Profile/Lab Orders/Page_Lab Order/h5_Facility Name Dog Treatment Center' are matched.

04-12-2024T18:09:47 - [MESSAGE][PASSED] - Actual text and expected text of test object 'Object Repository/Specific Cases Repository/LS/Client Profile/Lab Orders/Page_Lab Order/h5_Facility Name Dog Treatment Center' are matched.

04-12-2024T18:09:47 - [TEST_STEP][PASSED] - verifyElementText(findTestObject("Object Repository/Specific Cases Repository/LS/Client Profile/Lab Orders/Page_Lab Order/h5_Performing Lab Dominion"), "Performing Lab: Dominion"): Actual text and expected text of test object 'Object Repository/Specific Cases Repository/LS/Client Profile/Lab Orders/Page_Lab Order/h5_Performing Lab Dominion' are matched.

04-12-2024T18:09:47 - [MESSAGE][PASSED] - Actual text and expected text of test object 'Object Repository/Specific Cases Repository/LS/Client Profile/Lab Orders/Page_Lab Order/h5_Performing Lab Dominion' are matched.

04-12-2024T18:09:47 - [TEST_STEP][PASSED] - click(findTestObject("Object Repository/Specific Cases Repository/LS/Client Profile/Lab Orders/Page_Lab Order/b_Results")): Object: 'Object Repository/Specific Cases Repository/LS/Client Profile/Lab Orders/Page_Lab Order/b_Results' is clicked on

04-12-2024T18:09:47 - [MESSAGE][PASSED] - Object: 'Object Repository/Specific Cases Repository/LS/Client Profile/Lab Orders/Page_Lab Order/b_Results' is clicked on

04-12-2024T18:09:47 - [TEST_STEP][PASSED] - click(findTestObject("Object Repository/Specific Cases Repository/LS/Client Profile/Lab Orders/Page_Lab Order/button_Submit Ordersend")): Object: 'Object Repository/Specific Cases Repository/LS/Client Profile/Lab Orders/Page_Lab Order/button_Submit Ordersend' is clicked on

04-12-2024T18:09:47 - [MESSAGE][PASSED] - Object: 'Object Repository/Specific Cases Repository/LS/Client Profile/Lab Orders/Page_Lab Order/button_Submit Ordersend' is clicked on

04-12-2024T18:09:48 - [TEST_STEP][FAILED] - verifyElementText(findTestObject("Object Repository/Specific Cases Repository/LS/Client Profile/Lab Orders/Page_Lab Order/p_Successfully submitted Lab Order"), "Successfully submitted Lab Order."): Verify element text of test object 'Object Repository/Specific Cases Repository/LS/Client Profile/Lab Orders/Page_Lab Order/p_Successfully submitted Lab Order' FAILED. (Root cause: com.kms.katalon.core.exception.StepFailedException: Verify element text of test object 'Object Repository/Specific Cases Repository/LS/Client Profile/Lab Orders/Page_Lab Order/p_Successfully submitted Lab Order' FAILED.
	at com.kms.katalon.core.webui.keyword.internal.WebUIKeywordMain.stepFailed(WebUIKeywordMain.groovy:117)
	at com.kms.katalon.core.webui.keyword.internal.WebUIKeywordMain.runKeyword(WebUIKeywordMain.groovy:43)
	at com.kms.katalon.core.webui.keyword.builtin.VerifyElementTextKeyword.verifyElementText(VerifyElementTextKeyword.groovy:72)
	at com.kms.katalon.core.webui.keyword.builtin.VerifyElementTextKeyword.execute(VerifyElementTextKeyword.groovy:40)
	at com.kms.katalon.core.keyword.internal.KeywordExecutor.executeKeywordForPlatform(KeywordExecutor.groovy:74)
	at com.kms.katalon.core.webui.keyword.WebUiBuiltInKeywords.verifyElementText(WebUiBuiltInKeywords.groovy:4835)
	at Lab Orders.run(Lab Orders:70)
	at com.kms.katalon.core.main.ScriptEngine.run(ScriptEngine.java:194)
	at com.kms.katalon.core.main.ScriptEngine.runScriptAsRawText(ScriptEngine.java:119)
	at com.kms.katalon.core.main.TestCaseExecutor.runScript(TestCaseExecutor.java:448)
	at com.kms.katalon.core.main.TestCaseExecutor.doExecute(TestCaseExecutor.java:439)
	at com.kms.katalon.core.main.TestCaseExecutor.processExecutionPhase(TestCaseExecutor.java:418)
	at com.kms.katalon.core.main.TestCaseExecutor.accessMainPhase(TestCaseExecutor.java:410)
	at com.kms.katalon.core.main.TestCaseExecutor.execute(TestCaseExecutor.java:285)
	at com.kms.katalon.core.common.CommonExecutor.accessTestCaseMainPhase(CommonExecutor.java:65)
	at com.kms.katalon.core.main.TestSuiteExecutor.accessTestSuiteMainPhase(TestSuiteExecutor.java:150)
	at com.kms.katalon.core.main.TestSuiteExecutor.execute(TestSuiteExecutor.java:106)
	at com.kms.katalon.core.main.TestCaseMain.startTestSuite(TestCaseMain.java:180)
	at TempTestSuite1733353068935.run(TempTestSuite1733353068935.groovy:35)
	at java.base/jdk.internal.reflect.NativeMethodAccessorImpl.invoke0(Native Method)
	at java.base/jdk.internal.reflect.NativeMethodAccessorImpl.invoke(NativeMethodAccessorImpl.java:77)
	at java.base/jdk.internal.reflect.DelegatingMethodAccessorImpl.invoke(DelegatingMethodAccessorImpl.java:43)
Caused by: com.kms.katalon.core.exception.StepFailedException: Actual text 'Lab Order will be marked in Error. This is not Reversible!' and expected text 'Successfully submitted Lab Order.' of test object 'Object Repository/Specific Cases Repository/LS/Client Profile/Lab Orders/Page_Lab Order/p_Successfully submitted Lab Order' are NOT matched.
	at com.kms.katalon.core.webui.keyword.internal.WebUIKeywordMain.stepFailed(WebUIKeywordMain.groovy:117)
	at com.kms.katalon.core.webui.keyword.builtin.VerifyElementTextKeyword$_verifyElementText_closure1.doCall(VerifyElementTextKeyword.groovy:57)
	at com.kms.katalon.core.webui.keyword.builtin.VerifyElementTextKeyword$_verifyElementText_closure1.call(VerifyElementTextKeyword.groovy)
	at com.kms.katalon.core.webui.keyword.internal.WebUIKeywordMain.runKeyword(WebUIKeywordMain.groovy:35)
	... 20 more
)

04-12-2024T18:10:19 - [MESSAGE][INFO] - Unable to find the element located by 'By.xpath: (.//*[normalize-space(text()) and normalize-space(.)='Success:'])[1]/following::p[1]'. Please recheck the objects properties to make sure the desired element is located. 

04-12-2024T18:10:19 - [MESSAGE][WARNING] - [SELF-HEALING] Failed to find element with id 'Object Repository/Specific Cases Repository/LS/Client Profile/Lab Orders/Page_Lab Order/p_Successfully submitted Lab Order'. Try using Self-healing.

04-12-2024T18:10:19 - [MESSAGE][INFO] - [SELF-HEALING] Failed Locator: '(.//*[normalize-space(text()) and normalize-space(.)='Success:'])[1]/following::p[1]'.

04-12-2024T18:10:19 - [MESSAGE][INFO] - [SELF-HEALING] Working Locator: '(.//*[normalize-space(text()) and normalize-space(.)='×'])[6]/following::p[1]'.

04-12-2024T18:10:19 - [MESSAGE][INFO] - [SELF-HEALING] Screenshot: C:/Users/Enrique/git/AUTOMATION_LS/Reports/Self-healing/Object Repository/Specific Cases Repository/LS/Client Profile/Lab Orders/Page_Lab Order/p_Successfully submitted Lab Order_neighbor.png

04-12-2024T18:10:19 - [MESSAGE][WARNING] - [SELF-HEALING] The current locator of test object 'Object Repository/Specific Cases Repository/LS/Client Profile/Lab Orders/Page_Lab Order/p_Successfully submitted Lab Order' was broken. Propose an alternative one: '(.//*[normalize-space(text()) and normalize-space(.)='×'])[6]/following::p[1]'.

04-12-2024T18:10:19 - [MESSAGE][FAILED] - Actual text 'Lab Order will be marked in Error. This is not Reversible!' and expected text 'Successfully submitted Lab Order.' of test object 'Object Repository/Specific Cases Repository/LS/Client Profile/Lab Orders/Page_Lab Order/p_Successfully submitted Lab Order' are NOT matched. (Root cause: com.kms.katalon.core.exception.StepFailedException: Actual text 'Lab Order will be marked in Error. This is not Reversible!' and expected text 'Successfully submitted Lab Order.' of test object 'Object Repository/Specific Cases Repository/LS/Client Profile/Lab Orders/Page_Lab Order/p_Successfully submitted Lab Order' are NOT matched.
	at com.kms.katalon.core.webui.keyword.internal.WebUIKeywordMain.stepFailed(WebUIKeywordMain.groovy:117)
	at com.kms.katalon.core.webui.keyword.builtin.VerifyElementTextKeyword$_verifyElementText_closure1.doCall(VerifyElementTextKeyword.groovy:57)
	at com.kms.katalon.core.webui.keyword.builtin.VerifyElementTextKeyword$_verifyElementText_closure1.call(VerifyElementTextKeyword.groovy)
	at com.kms.katalon.core.webui.keyword.internal.WebUIKeywordMain.runKeyword(WebUIKeywordMain.groovy:35)
	at com.kms.katalon.core.webui.keyword.builtin.VerifyElementTextKeyword.verifyElementText(VerifyElementTextKeyword.groovy:72)
	at com.kms.katalon.core.webui.keyword.builtin.VerifyElementTextKeyword.execute(VerifyElementTextKeyword.groovy:40)
	at com.kms.katalon.core.keyword.internal.KeywordExecutor.executeKeywordForPlatform(KeywordExecutor.groovy:74)
	at com.kms.katalon.core.webui.keyword.WebUiBuiltInKeywords.verifyElementText(WebUiBuiltInKeywords.groovy:4835)
	at Lab Orders.run(Lab Orders:70)
	at com.kms.katalon.core.main.ScriptEngine.run(ScriptEngine.java:194)
	at com.kms.katalon.core.main.ScriptEngine.runScriptAsRawText(ScriptEngine.java:119)
	at com.kms.katalon.core.main.TestCaseExecutor.runScript(TestCaseExecutor.java:448)
	at com.kms.katalon.core.main.TestCaseExecutor.doExecute(TestCaseExecutor.java:439)
	at com.kms.katalon.core.main.TestCaseExecutor.processExecutionPhase(TestCaseExecutor.java:418)
	at com.kms.katalon.core.main.TestCaseExecutor.accessMainPhase(TestCaseExecutor.java:410)
	at com.kms.katalon.core.main.TestCaseExecutor.execute(TestCaseExecutor.java:285)
	at com.kms.katalon.core.common.CommonExecutor.accessTestCaseMainPhase(CommonExecutor.java:65)
	at com.kms.katalon.core.main.TestSuiteExecutor.accessTestSuiteMainPhase(TestSuiteExecutor.java:150)
	at com.kms.katalon.core.main.TestSuiteExecutor.execute(TestSuiteExecutor.java:106)
	at com.kms.katalon.core.main.TestCaseMain.startTestSuite(TestCaseMain.java:180)
	at TempTestSuite1733353068935.run(TempTestSuite1733353068935.groovy:35)
	at java.base/jdk.internal.reflect.NativeMethodAccessorImpl.invoke0(Native Method)
	at java.base/jdk.internal.reflect.NativeMethodAccessorImpl.invoke(NativeMethodAccessorImpl.java:77)
	at java.base/jdk.internal.reflect.DelegatingMethodAccessorImpl.invoke(DelegatingMethodAccessorImpl.java:43)
)
[[ATTACHMENT|C:\\Users\\Enrique\\git\\AUTOMATION_LS\\Reports\\20241204_175739\\LS\\Client Profile\\Client Profile\\20241204_175748\\1733353819823.png]]

04-12-2024T18:10:20 - [MESSAGE][FAILED] - Verify element text of test object 'Object Repository/Specific Cases Repository/LS/Client Profile/Lab Orders/Page_Lab Order/p_Successfully submitted Lab Order' FAILED. (Root cause: com.kms.katalon.core.exception.StepFailedException: Verify element text of test object 'Object Repository/Specific Cases Repository/LS/Client Profile/Lab Orders/Page_Lab Order/p_Successfully submitted Lab Order' FAILED.
	at com.kms.katalon.core.webui.keyword.internal.WebUIKeywordMain.stepFailed(WebUIKeywordMain.groovy:117)
	at com.kms.katalon.core.webui.keyword.internal.WebUIKeywordMain.runKeyword(WebUIKeywordMain.groovy:43)
	at com.kms.katalon.core.webui.keyword.builtin.VerifyElementTextKeyword.verifyElementText(VerifyElementTextKeyword.groovy:72)
	at com.kms.katalon.core.webui.keyword.builtin.VerifyElementTextKeyword.execute(VerifyElementTextKeyword.groovy:40)
	at com.kms.katalon.core.keyword.internal.KeywordExecutor.executeKeywordForPlatform(KeywordExecutor.groovy:74)
	at com.kms.katalon.core.webui.keyword.WebUiBuiltInKeywords.verifyElementText(WebUiBuiltInKeywords.groovy:4835)
	at Lab Orders.run(Lab Orders:70)
	at com.kms.katalon.core.main.ScriptEngine.run(ScriptEngine.java:194)
	at com.kms.katalon.core.main.ScriptEngine.runScriptAsRawText(ScriptEngine.java:119)
	at com.kms.katalon.core.main.TestCaseExecutor.runScript(TestCaseExecutor.java:448)
	at com.kms.katalon.core.main.TestCaseExecutor.doExecute(TestCaseExecutor.java:439)
	at com.kms.katalon.core.main.TestCaseExecutor.processExecutionPhase(TestCaseExecutor.java:418)
	at com.kms.katalon.core.main.TestCaseExecutor.accessMainPhase(TestCaseExecutor.java:410)
	at com.kms.katalon.core.main.TestCaseExecutor.execute(TestCaseExecutor.java:285)
	at com.kms.katalon.core.common.CommonExecutor.accessTestCaseMainPhase(CommonExecutor.java:65)
	at com.kms.katalon.core.main.TestSuiteExecutor.accessTestSuiteMainPhase(TestSuiteExecutor.java:150)
	at com.kms.katalon.core.main.TestSuiteExecutor.execute(TestSuiteExecutor.java:106)
	at com.kms.katalon.core.main.TestCaseMain.startTestSuite(TestCaseMain.java:180)
	at TempTestSuite1733353068935.run(TempTestSuite1733353068935.groovy:35)
	at java.base/jdk.internal.reflect.NativeMethodAccessorImpl.invoke0(Native Method)
	at java.base/jdk.internal.reflect.NativeMethodAccessorImpl.invoke(NativeMethodAccessorImpl.java:77)
	at java.base/jdk.internal.reflect.DelegatingMethodAccessorImpl.invoke(DelegatingMethodAccessorImpl.java:43)
Caused by: com.kms.katalon.core.exception.StepFailedException: Actual text 'Lab Order will be marked in Error. This is not Reversible!' and expected text 'Successfully submitted Lab Order.' of test object 'Object Repository/Specific Cases Repository/LS/Client Profile/Lab Orders/Page_Lab Order/p_Successfully submitted Lab Order' are NOT matched.
	at com.kms.katalon.core.webui.keyword.internal.WebUIKeywordMain.stepFailed(WebUIKeywordMain.groovy:117)
	at com.kms.katalon.core.webui.keyword.builtin.VerifyElementTextKeyword$_verifyElementText_closure1.doCall(VerifyElementTextKeyword.groovy:57)
	at com.kms.katalon.core.webui.keyword.builtin.VerifyElementTextKeyword$_verifyElementText_closure1.call(VerifyElementTextKeyword.groovy)
	at com.kms.katalon.core.webui.keyword.internal.WebUIKeywordMain.runKeyword(WebUIKeywordMain.groovy:35)
	... 20 more
)
[[ATTACHMENT|C:\\Users\\Enrique\\git\\AUTOMATION_LS\\Reports\\20241204_175739\\LS\\Client Profile\\Client Profile\\20241204_175748\\1733353819985.png]]]]></system-out>
         <system-err><![CDATA[04-12-2024T18:09:16 - [TEST_CASE][FAILED] - Test Cases/Specific Cases/LS/Client Profile/Lab Orders: Test Cases/Specific Cases/LS/Client Profile/Lab Orders FAILED.
Reason:
com.kms.katalon.core.exception.StepFailedException: Verify element text of test object 'Object Repository/Specific Cases Repository/LS/Client Profile/Lab Orders/Page_Lab Order/p_Successfully submitted Lab Order' FAILED.
	at com.kms.katalon.core.webui.keyword.internal.WebUIKeywordMain.stepFailed(WebUIKeywordMain.groovy:117)
	at com.kms.katalon.core.webui.keyword.internal.WebUIKeywordMain.runKeyword(WebUIKeywordMain.groovy:43)
	at com.kms.katalon.core.webui.keyword.builtin.VerifyElementTextKeyword.verifyElementText(VerifyElementTextKeyword.groovy:72)
	at com.kms.katalon.core.webui.keyword.builtin.VerifyElementTextKeyword.execute(VerifyElementTextKeyword.groovy:40)
	at com.kms.katalon.core.keyword.internal.KeywordExecutor.executeKeywordForPlatform(KeywordExecutor.groovy:74)
	at com.kms.katalon.core.webui.keyword.WebUiBuiltInKeywords.verifyElementText(WebUiBuiltInKeywords.groovy:4835)
	at Lab Orders.run(Lab Orders:70)
	at com.kms.katalon.core.main.ScriptEngine.run(ScriptEngine.java:194)
	at com.kms.katalon.core.main.ScriptEngine.runScriptAsRawText(ScriptEngine.java:119)
	at com.kms.katalon.core.main.TestCaseExecutor.runScript(TestCaseExecutor.java:448)
	at com.kms.katalon.core.main.TestCaseExecutor.doExecute(TestCaseExecutor.java:439)
	at com.kms.katalon.core.main.TestCaseExecutor.processExecutionPhase(TestCaseExecutor.java:418)
	at com.kms.katalon.core.main.TestCaseExecutor.accessMainPhase(TestCaseExecutor.java:410)
	at com.kms.katalon.core.main.TestCaseExecutor.execute(TestCaseExecutor.java:285)
	at com.kms.katalon.core.common.CommonExecutor.accessTestCaseMainPhase(CommonExecutor.java:65)
	at com.kms.katalon.core.main.TestSuiteExecutor.accessTestSuiteMainPhase(TestSuiteExecutor.java:150)
	at com.kms.katalon.core.main.TestSuiteExecutor.execute(TestSuiteExecutor.java:106)
	at com.kms.katalon.core.main.TestCaseMain.startTestSuite(TestCaseMain.java:180)
	at TempTestSuite1733353068935.run(TempTestSuite1733353068935.groovy:35)
	at java.base/jdk.internal.reflect.NativeMethodAccessorImpl.invoke0(Native Method)
	at java.base/jdk.internal.reflect.NativeMethodAccessorImpl.invoke(NativeMethodAccessorImpl.java:77)
	at java.base/jdk.internal.reflect.DelegatingMethodAccessorImpl.invoke(DelegatingMethodAccessorImpl.java:43)
Caused by: com.kms.katalon.core.exception.StepFailedException: Actual text 'Lab Order will be marked in Error. This is not Reversible!' and expected text 'Successfully submitted Lab Order.' of test object 'Object Repository/Specific Cases Repository/LS/Client Profile/Lab Orders/Page_Lab Order/p_Successfully submitted Lab Order' are NOT matched.
	at com.kms.katalon.core.webui.keyword.internal.WebUIKeywordMain.stepFailed(WebUIKeywordMain.groovy:117)
	at com.kms.katalon.core.webui.keyword.builtin.VerifyElementTextKeyword$_verifyElementText_closure1.doCall(VerifyElementTextKeyword.groovy:57)
	at com.kms.katalon.core.webui.keyword.builtin.VerifyElementTextKeyword$_verifyElementText_closure1.call(VerifyElementTextKeyword.groovy)
	at com.kms.katalon.core.webui.keyword.internal.WebUIKeywordMain.runKeyword(WebUIKeywordMain.groovy:35)
	... 20 more]]></system-err>
      </testcase>
      <testcase name="Test Cases/Specific Cases/LS/Client Profile/Assessments" time="128.598" classname="Test Cases/Specific Cases/LS/Client Profile/Assessments" status="PASSED">
         <system-out><![CDATA[04-12-2024T18:10:20 - [TEST_CASE][PASSED] - Test Cases/Specific Cases/LS/Client Profile/Assessments: Test Cases/Specific Cases/LS/Client Profile/Assessments

04-12-2024T18:10:20 - [TEST_STEP][PASSED] - callTestCase(findTestCase("Common Cases/Login"), [:], STOP_ON_FAILURE): Call Test Case 'Test Cases/Common Cases/Login' successfully

04-12-2024T18:10:20 - [TEST_CASE][PASSED] - Test Cases/Common Cases/Login: Test Cases/Common Cases/Login

04-12-2024T18:10:20 - [TEST_STEP][PASSED] - openBrowser(""): Browser is opened with url: ''

04-12-2024T18:10:20 - [MESSAGE][WARNING] - A browser is already opened. Closing browser and opening a new one

04-12-2024T18:10:20 - [MESSAGE][INFO] - Starting 'Chrome' driver

04-12-2024T18:10:20 - [MESSAGE][INFO] - Action delay is set to 0 milliseconds

04-12-2024T18:10:21 - [MESSAGE][PASSED] - Browser is opened with url: ''

04-12-2024T18:10:21 - [TEST_STEP][PASSED] - maximizeWindow(): Current window maximized

04-12-2024T18:10:21 - [MESSAGE][PASSED] - Current window maximized

04-12-2024T18:10:21 - [TEST_STEP][PASSED] - navigateToUrl("https://site17.lsapp.cloud/auth/login"): Navigate to 'https://site17.lsapp.cloud/auth/login' successfully

04-12-2024T18:10:23 - [MESSAGE][PASSED] - Navigate to 'https://site17.lsapp.cloud/auth/login' successfully

04-12-2024T18:10:23 - [TEST_STEP][PASSED] - setText(findTestObject("Object Repository/Common Cases Repository/Login/Page_Lightning Step/input_Email_email"), "automation@lightningstep.com"): Text 'automation@lightningstep.com' is set on object 'Object Repository/Common Cases Repository/Login/Page_Lightning Step/input_Email_email'

04-12-2024T18:10:24 - [MESSAGE][PASSED] - Text 'automation@lightningstep.com' is set on object 'Object Repository/Common Cases Repository/Login/Page_Lightning Step/input_Email_email'

04-12-2024T18:10:24 - [TEST_STEP][PASSED] - setEncryptedText(findTestObject("Object Repository/Common Cases Repository/Login/Page_Lightning Step/input_Password_password"), "e5N8VHmnhJDITtQaQhDQDw=="): Text ****** has been set on object 'Object Repository/Common Cases Repository/Login/Page_Lightning Step/input_Password_password'

04-12-2024T18:10:24 - [MESSAGE][PASSED] - Text ****** has been set on object 'Object Repository/Common Cases Repository/Login/Page_Lightning Step/input_Password_password'

04-12-2024T18:10:24 - [TEST_STEP][PASSED] - click(findTestObject("Object Repository/Common Cases Repository/Login/Page_Lightning Step/button_Sign in")): Object: 'Object Repository/Common Cases Repository/Login/Page_Lightning Step/button_Sign in' is clicked on

04-12-2024T18:10:29 - [MESSAGE][PASSED] - Object: 'Object Repository/Common Cases Repository/Login/Page_Lightning Step/button_Sign in' is clicked on

04-12-2024T18:10:29 - [MESSAGE][PASSED] - Call Test Case 'Test Cases/Common Cases/Login' successfully

04-12-2024T18:10:29 - [TEST_STEP][PASSED] - navigateToUrl("https://site17.lsapp.cloud/client/index/1557?section=assessments"): Navigate to 'https://site17.lsapp.cloud/client/index/1557?section=assessments' successfully

04-12-2024T18:10:35 - [MESSAGE][PASSED] - Navigate to 'https://site17.lsapp.cloud/client/index/1557?section=assessments' successfully

04-12-2024T18:10:35 - [TEST_STEP][PASSED] - click(findTestObject("Object Repository/Specific Cases Repository/LS/Client Profile/Assessments/Page_Client Profile/li_Scored Assessments")): Object: 'Object Repository/Specific Cases Repository/LS/Client Profile/Assessments/Page_Client Profile/li_Scored Assessments' is clicked on

04-12-2024T18:10:36 - [MESSAGE][PASSED] - Object: 'Object Repository/Specific Cases Repository/LS/Client Profile/Assessments/Page_Client Profile/li_Scored Assessments' is clicked on

04-12-2024T18:10:36 - [TEST_STEP][PASSED] - click(findTestObject("Object Repository/Specific Cases Repository/LS/Client Profile/Assessments/Page_Client Profile/button_New assessment")): Object: 'Object Repository/Specific Cases Repository/LS/Client Profile/Assessments/Page_Client Profile/button_New assessment' is clicked on

04-12-2024T18:10:37 - [MESSAGE][PASSED] - Object: 'Object Repository/Specific Cases Repository/LS/Client Profile/Assessments/Page_Client Profile/button_New assessment' is clicked on

04-12-2024T18:10:37 - [TEST_STEP][PASSED] - click(findTestObject("Object Repository/Specific Cases Repository/LS/Client Profile/Assessments/Page_Client Profile/li_COWS Assessment")): Object: 'Object Repository/Specific Cases Repository/LS/Client Profile/Assessments/Page_Client Profile/li_COWS Assessment' is clicked on

04-12-2024T18:10:37 - [MESSAGE][PASSED] - Object: 'Object Repository/Specific Cases Repository/LS/Client Profile/Assessments/Page_Client Profile/li_COWS Assessment' is clicked on

04-12-2024T18:10:37 - [TEST_STEP][PASSED] - click(findTestObject("Object Repository/Specific Cases Repository/LS/Client Profile/Assessments/Page_Client Profile/a_Create                arrow_right_alt")): Object: 'Object Repository/Specific Cases Repository/LS/Client Profile/Assessments/Page_Client Profile/a_Create                arrow_right_alt' is clicked on

04-12-2024T18:10:42 - [MESSAGE][PASSED] - Object: 'Object Repository/Specific Cases Repository/LS/Client Profile/Assessments/Page_Client Profile/a_Create                arrow_right_alt' is clicked on

04-12-2024T18:10:42 - [TEST_STEP][PASSED] - verifyElementText(findTestObject("Object Repository/Specific Cases Repository/LS/Client Profile/Assessments/Page_COWS Assessment/h3_COWS Assessment"), "COWS Assessment"): Actual text and expected text of test object 'Object Repository/Specific Cases Repository/LS/Client Profile/Assessments/Page_COWS Assessment/h3_COWS Assessment' are matched.

04-12-2024T18:10:43 - [MESSAGE][PASSED] - Actual text and expected text of test object 'Object Repository/Specific Cases Repository/LS/Client Profile/Assessments/Page_COWS Assessment/h3_COWS Assessment' are matched.

04-12-2024T18:10:43 - [TEST_STEP][PASSED] - click(findTestObject("Object Repository/Specific Cases Repository/LS/Client Profile/Assessments/Page_COWS Assessment/input__radio-group-1639583873364_117")): Object: 'Object Repository/Specific Cases Repository/LS/Client Profile/Assessments/Page_COWS Assessment/input__radio-group-1639583873364_117' is clicked on

04-12-2024T18:10:44 - [MESSAGE][PASSED] - Object: 'Object Repository/Specific Cases Repository/LS/Client Profile/Assessments/Page_COWS Assessment/input__radio-group-1639583873364_117' is clicked on

04-12-2024T18:10:44 - [TEST_STEP][PASSED] - click(findTestObject("Object Repository/Specific Cases Repository/LS/Client Profile/Assessments/Page_COWS Assessment/input__radio-group-1639584030473_117")): Object: 'Object Repository/Specific Cases Repository/LS/Client Profile/Assessments/Page_COWS Assessment/input__radio-group-1639584030473_117' is clicked on

04-12-2024T18:10:44 - [MESSAGE][PASSED] - Object: 'Object Repository/Specific Cases Repository/LS/Client Profile/Assessments/Page_COWS Assessment/input__radio-group-1639584030473_117' is clicked on

04-12-2024T18:10:44 - [TEST_STEP][PASSED] - click(findTestObject("Object Repository/Specific Cases Repository/LS/Client Profile/Assessments/Page_COWS Assessment/input__radio-group-1639584415541_117")): Object: 'Object Repository/Specific Cases Repository/LS/Client Profile/Assessments/Page_COWS Assessment/input__radio-group-1639584415541_117' is clicked on

04-12-2024T18:10:45 - [MESSAGE][PASSED] - Object: 'Object Repository/Specific Cases Repository/LS/Client Profile/Assessments/Page_COWS Assessment/input__radio-group-1639584415541_117' is clicked on

04-12-2024T18:10:45 - [TEST_STEP][PASSED] - click(findTestObject("Object Repository/Specific Cases Repository/LS/Client Profile/Assessments/Page_COWS Assessment/input__radio-group-1639584533406_117")): Object: 'Object Repository/Specific Cases Repository/LS/Client Profile/Assessments/Page_COWS Assessment/input__radio-group-1639584533406_117' is clicked on

04-12-2024T18:10:46 - [MESSAGE][PASSED] - Object: 'Object Repository/Specific Cases Repository/LS/Client Profile/Assessments/Page_COWS Assessment/input__radio-group-1639584533406_117' is clicked on

04-12-2024T18:10:46 - [TEST_STEP][PASSED] - click(findTestObject("Object Repository/Specific Cases Repository/LS/Client Profile/Assessments/Page_COWS Assessment/input__radio-group-1639584833260_117")): Object: 'Object Repository/Specific Cases Repository/LS/Client Profile/Assessments/Page_COWS Assessment/input__radio-group-1639584833260_117' is clicked on

04-12-2024T18:10:47 - [MESSAGE][PASSED] - Object: 'Object Repository/Specific Cases Repository/LS/Client Profile/Assessments/Page_COWS Assessment/input__radio-group-1639584833260_117' is clicked on

04-12-2024T18:10:47 - [TEST_STEP][PASSED] - click(findTestObject("Object Repository/Specific Cases Repository/LS/Client Profile/Assessments/Page_COWS Assessment/input__radio-group-1639584964855_117")): Object: 'Object Repository/Specific Cases Repository/LS/Client Profile/Assessments/Page_COWS Assessment/input__radio-group-1639584964855_117' is clicked on

04-12-2024T18:10:48 - [MESSAGE][PASSED] - Object: 'Object Repository/Specific Cases Repository/LS/Client Profile/Assessments/Page_COWS Assessment/input__radio-group-1639584964855_117' is clicked on

04-12-2024T18:10:48 - [TEST_STEP][PASSED] - click(findTestObject("Object Repository/Specific Cases Repository/LS/Client Profile/Assessments/Page_COWS Assessment/input__radio-group-1639585133881_117")): Object: 'Object Repository/Specific Cases Repository/LS/Client Profile/Assessments/Page_COWS Assessment/input__radio-group-1639585133881_117' is clicked on

04-12-2024T18:10:49 - [MESSAGE][PASSED] - Object: 'Object Repository/Specific Cases Repository/LS/Client Profile/Assessments/Page_COWS Assessment/input__radio-group-1639585133881_117' is clicked on

04-12-2024T18:10:49 - [TEST_STEP][PASSED] - click(findTestObject("Object Repository/Specific Cases Repository/LS/Client Profile/Assessments/Page_COWS Assessment/input__radio-group-1639586467169_117")): Object: 'Object Repository/Specific Cases Repository/LS/Client Profile/Assessments/Page_COWS Assessment/input__radio-group-1639586467169_117' is clicked on

04-12-2024T18:10:50 - [MESSAGE][PASSED] - Object: 'Object Repository/Specific Cases Repository/LS/Client Profile/Assessments/Page_COWS Assessment/input__radio-group-1639586467169_117' is clicked on

04-12-2024T18:10:50 - [TEST_STEP][PASSED] - click(findTestObject("Object Repository/Specific Cases Repository/LS/Client Profile/Assessments/Page_COWS Assessment/input__radio-group-1639586565854_117")): Object: 'Object Repository/Specific Cases Repository/LS/Client Profile/Assessments/Page_COWS Assessment/input__radio-group-1639586565854_117' is clicked on

04-12-2024T18:10:51 - [MESSAGE][PASSED] - Object: 'Object Repository/Specific Cases Repository/LS/Client Profile/Assessments/Page_COWS Assessment/input__radio-group-1639586565854_117' is clicked on

04-12-2024T18:10:51 - [TEST_STEP][PASSED] - click(findTestObject("Object Repository/Specific Cases Repository/LS/Client Profile/Assessments/Page_COWS Assessment/input__radio-group-1639586621062_117")): Object: 'Object Repository/Specific Cases Repository/LS/Client Profile/Assessments/Page_COWS Assessment/input__radio-group-1639586621062_117' is clicked on

04-12-2024T18:10:52 - [MESSAGE][PASSED] - Object: 'Object Repository/Specific Cases Repository/LS/Client Profile/Assessments/Page_COWS Assessment/input__radio-group-1639586621062_117' is clicked on

04-12-2024T18:10:52 - [TEST_STEP][PASSED] - click(findTestObject("Object Repository/Specific Cases Repository/LS/Client Profile/Assessments/Page_COWS Assessment/input__radio-group-1639586686870_117")): Object: 'Object Repository/Specific Cases Repository/LS/Client Profile/Assessments/Page_COWS Assessment/input__radio-group-1639586686870_117' is clicked on

04-12-2024T18:10:53 - [MESSAGE][PASSED] - Object: 'Object Repository/Specific Cases Repository/LS/Client Profile/Assessments/Page_COWS Assessment/input__radio-group-1639586686870_117' is clicked on

04-12-2024T18:10:53 - [TEST_STEP][PASSED] - setText(findTestObject("Object Repository/Specific Cases Repository/LS/Client Profile/Assessments/Page_COWS Assessment/textarea_Additional Information_textarea-16_3128df"), "autmation test"): Text 'autmation test' is set on object 'Object Repository/Specific Cases Repository/LS/Client Profile/Assessments/Page_COWS Assessment/textarea_Additional Information_textarea-16_3128df'

04-12-2024T18:10:54 - [MESSAGE][PASSED] - Text 'autmation test' is set on object 'Object Repository/Specific Cases Repository/LS/Client Profile/Assessments/Page_COWS Assessment/textarea_Additional Information_textarea-16_3128df'

04-12-2024T18:10:54 - [TEST_STEP][PASSED] - verifyElementText(findTestObject("Object Repository/Specific Cases Repository/LS/Client Profile/Assessments/Page_COWS Assessment/td_27 Moderately Severe"), "27 Moderately Severe"): Actual text and expected text of test object 'Object Repository/Specific Cases Repository/LS/Client Profile/Assessments/Page_COWS Assessment/td_27 Moderately Severe' are matched.

04-12-2024T18:10:54 - [MESSAGE][PASSED] - Actual text and expected text of test object 'Object Repository/Specific Cases Repository/LS/Client Profile/Assessments/Page_COWS Assessment/td_27 Moderately Severe' are matched.

04-12-2024T18:10:54 - [TEST_STEP][PASSED] - click(findTestObject("Object Repository/Specific Cases Repository/LS/Client Profile/Assessments/Page_COWS Assessment/i_add")): Object: 'Object Repository/Specific Cases Repository/LS/Client Profile/Assessments/Page_COWS Assessment/i_add' is clicked on

04-12-2024T18:10:55 - [MESSAGE][PASSED] - Object: 'Object Repository/Specific Cases Repository/LS/Client Profile/Assessments/Page_COWS Assessment/i_add' is clicked on

04-12-2024T18:10:55 - [TEST_STEP][PASSED] - setText(findTestObject("Object Repository/Specific Cases Repository/LS/Client Profile/Assessments/Page_COWS Assessment/input_Temp_vstemp"), "13"): Text '13' is set on object 'Object Repository/Specific Cases Repository/LS/Client Profile/Assessments/Page_COWS Assessment/input_Temp_vstemp'

04-12-2024T18:10:56 - [MESSAGE][PASSED] - Text '13' is set on object 'Object Repository/Specific Cases Repository/LS/Client Profile/Assessments/Page_COWS Assessment/input_Temp_vstemp'

04-12-2024T18:10:56 - [TEST_STEP][PASSED] - setText(findTestObject("Object Repository/Specific Cases Repository/LS/Client Profile/Assessments/Page_COWS Assessment/input_Pulse_vspulse"), "13"): Text '13' is set on object 'Object Repository/Specific Cases Repository/LS/Client Profile/Assessments/Page_COWS Assessment/input_Pulse_vspulse'

04-12-2024T18:10:57 - [MESSAGE][PASSED] - Text '13' is set on object 'Object Repository/Specific Cases Repository/LS/Client Profile/Assessments/Page_COWS Assessment/input_Pulse_vspulse'

04-12-2024T18:10:57 - [TEST_STEP][PASSED] - setText(findTestObject("Object Repository/Specific Cases Repository/LS/Client Profile/Assessments/Page_COWS Assessment/input_BP_vsbp"), ""): Text '' is set on object 'Object Repository/Specific Cases Repository/LS/Client Profile/Assessments/Page_COWS Assessment/input_BP_vsbp'

04-12-2024T18:10:57 - [MESSAGE][PASSED] - Text '' is set on object 'Object Repository/Specific Cases Repository/LS/Client Profile/Assessments/Page_COWS Assessment/input_BP_vsbp'

04-12-2024T18:10:57 - [TEST_STEP][PASSED] - click(findTestObject("Object Repository/Specific Cases Repository/LS/Client Profile/Assessments/Page_COWS Assessment/input_BP_vsbp")): Object: 'Object Repository/Specific Cases Repository/LS/Client Profile/Assessments/Page_COWS Assessment/input_BP_vsbp' is clicked on

04-12-2024T18:10:57 - [MESSAGE][PASSED] - Object: 'Object Repository/Specific Cases Repository/LS/Client Profile/Assessments/Page_COWS Assessment/input_BP_vsbp' is clicked on

04-12-2024T18:10:57 - [TEST_STEP][PASSED] - setText(findTestObject("Object Repository/Specific Cases Repository/LS/Client Profile/Assessments/Page_COWS Assessment/input_Respiration_vsresp"), "13"): Text '13' is set on object 'Object Repository/Specific Cases Repository/LS/Client Profile/Assessments/Page_COWS Assessment/input_Respiration_vsresp'

04-12-2024T18:10:58 - [MESSAGE][PASSED] - Text '13' is set on object 'Object Repository/Specific Cases Repository/LS/Client Profile/Assessments/Page_COWS Assessment/input_Respiration_vsresp'

04-12-2024T18:10:58 - [TEST_STEP][PASSED] - setText(findTestObject("Object Repository/Specific Cases Repository/LS/Client Profile/Assessments/Page_COWS Assessment/input_BP_vsbp"), ""): Text '' is set on object 'Object Repository/Specific Cases Repository/LS/Client Profile/Assessments/Page_COWS Assessment/input_BP_vsbp'

04-12-2024T18:10:59 - [MESSAGE][PASSED] - Text '' is set on object 'Object Repository/Specific Cases Repository/LS/Client Profile/Assessments/Page_COWS Assessment/input_BP_vsbp'

04-12-2024T18:10:59 - [TEST_STEP][PASSED] - click(findTestObject("Object Repository/Specific Cases Repository/LS/Client Profile/Assessments/Page_COWS Assessment/input_BP_vsbp")): Object: 'Object Repository/Specific Cases Repository/LS/Client Profile/Assessments/Page_COWS Assessment/input_BP_vsbp' is clicked on

04-12-2024T18:10:59 - [MESSAGE][PASSED] - Object: 'Object Repository/Specific Cases Repository/LS/Client Profile/Assessments/Page_COWS Assessment/input_BP_vsbp' is clicked on

04-12-2024T18:10:59 - [TEST_STEP][PASSED] - click(findTestObject("Object Repository/Specific Cases Repository/LS/Client Profile/Assessments/Page_COWS Assessment/input_O2 Saturation_vso2")): Object: 'Object Repository/Specific Cases Repository/LS/Client Profile/Assessments/Page_COWS Assessment/input_O2 Saturation_vso2' is clicked on

04-12-2024T18:10:59 - [MESSAGE][PASSED] - Object: 'Object Repository/Specific Cases Repository/LS/Client Profile/Assessments/Page_COWS Assessment/input_O2 Saturation_vso2' is clicked on

04-12-2024T18:10:59 - [TEST_STEP][PASSED] - setText(findTestObject("Object Repository/Specific Cases Repository/LS/Client Profile/Assessments/Page_COWS Assessment/input_O2 Saturation_vso2"), "14"): Text '14' is set on object 'Object Repository/Specific Cases Repository/LS/Client Profile/Assessments/Page_COWS Assessment/input_O2 Saturation_vso2'

04-12-2024T18:11:00 - [MESSAGE][PASSED] - Text '14' is set on object 'Object Repository/Specific Cases Repository/LS/Client Profile/Assessments/Page_COWS Assessment/input_O2 Saturation_vso2'

04-12-2024T18:11:00 - [TEST_STEP][PASSED] - setText(findTestObject("Object Repository/Specific Cases Repository/LS/Client Profile/Assessments/Page_COWS Assessment/input_Inhaled Oxygen Concentration_inhaled__06efa9"), "15"): Text '15' is set on object 'Object Repository/Specific Cases Repository/LS/Client Profile/Assessments/Page_COWS Assessment/input_Inhaled Oxygen Concentration_inhaled__06efa9'

04-12-2024T18:11:01 - [MESSAGE][PASSED] - Text '15' is set on object 'Object Repository/Specific Cases Repository/LS/Client Profile/Assessments/Page_COWS Assessment/input_Inhaled Oxygen Concentration_inhaled__06efa9'

04-12-2024T18:11:01 - [TEST_STEP][PASSED] - setText(findTestObject("Object Repository/Specific Cases Repository/LS/Client Profile/Assessments/Page_COWS Assessment/input_Additional Information_vsadditional"), "automation vital signs"): Text 'automation vital signs' is set on object 'Object Repository/Specific Cases Repository/LS/Client Profile/Assessments/Page_COWS Assessment/input_Additional Information_vsadditional'

04-12-2024T18:11:01 - [MESSAGE][PASSED] - Text 'automation vital signs' is set on object 'Object Repository/Specific Cases Repository/LS/Client Profile/Assessments/Page_COWS Assessment/input_Additional Information_vsadditional'

04-12-2024T18:11:01 - [TEST_STEP][PASSED] - click(findTestObject("Object Repository/Specific Cases Repository/LS/Client Profile/Assessments/Page_COWS Assessment/button_Save")): Object: 'Object Repository/Specific Cases Repository/LS/Client Profile/Assessments/Page_COWS Assessment/button_Save' is clicked on

04-12-2024T18:11:02 - [MESSAGE][PASSED] - Object: 'Object Repository/Specific Cases Repository/LS/Client Profile/Assessments/Page_COWS Assessment/button_Save' is clicked on

04-12-2024T18:11:02 - [TEST_STEP][PASSED] - verifyElementText(findTestObject("Object Repository/Specific Cases Repository/LS/Client Profile/Assessments/Page_COWS Assessment/b_Client Vitals"), "Client Vitals"): Actual text and expected text of test object 'Object Repository/Specific Cases Repository/LS/Client Profile/Assessments/Page_COWS Assessment/b_Client Vitals' are matched.

04-12-2024T18:11:03 - [MESSAGE][PASSED] - Actual text and expected text of test object 'Object Repository/Specific Cases Repository/LS/Client Profile/Assessments/Page_COWS Assessment/b_Client Vitals' are matched.

04-12-2024T18:11:03 - [TEST_STEP][PASSED] - verifyElementText(findTestObject("Object Repository/Specific Cases Repository/LS/Client Profile/Assessments/Page_COWS Assessment/td_14"), "14"): Actual text and expected text of test object 'Object Repository/Specific Cases Repository/LS/Client Profile/Assessments/Page_COWS Assessment/td_14' are matched.

04-12-2024T18:11:03 - [MESSAGE][PASSED] - Actual text and expected text of test object 'Object Repository/Specific Cases Repository/LS/Client Profile/Assessments/Page_COWS Assessment/td_14' are matched.

04-12-2024T18:11:03 - [TEST_STEP][PASSED] - verifyElementText(findTestObject("Object Repository/Specific Cases Repository/LS/Client Profile/Assessments/Page_COWS Assessment/td_13"), "13"): Actual text and expected text of test object 'Object Repository/Specific Cases Repository/LS/Client Profile/Assessments/Page_COWS Assessment/td_13' are matched.

04-12-2024T18:11:03 - [MESSAGE][PASSED] - Actual text and expected text of test object 'Object Repository/Specific Cases Repository/LS/Client Profile/Assessments/Page_COWS Assessment/td_13' are matched.

04-12-2024T18:11:03 - [TEST_STEP][PASSED] - click(findTestObject("Object Repository/Specific Cases Repository/LS/Client Profile/Assessments/Page_COWS Assessment/input_Sign and Lock_dss")): Object: 'Object Repository/Specific Cases Repository/LS/Client Profile/Assessments/Page_COWS Assessment/input_Sign and Lock_dss' is clicked on

04-12-2024T18:11:04 - [MESSAGE][PASSED] - Object: 'Object Repository/Specific Cases Repository/LS/Client Profile/Assessments/Page_COWS Assessment/input_Sign and Lock_dss' is clicked on

04-12-2024T18:11:04 - [TEST_STEP][PASSED] - click(findTestObject("Object Repository/Specific Cases Repository/LS/Client Profile/Assessments/Page_COWS Assessment/button_Save_1")): Object: 'Object Repository/Specific Cases Repository/LS/Client Profile/Assessments/Page_COWS Assessment/button_Save_1' is clicked on

04-12-2024T18:11:12 - [MESSAGE][PASSED] - Object: 'Object Repository/Specific Cases Repository/LS/Client Profile/Assessments/Page_COWS Assessment/button_Save_1' is clicked on

04-12-2024T18:11:12 - [TEST_STEP][PASSED] - navigateToUrl("https://site17.lsapp.cloud/client/index/1557?section=assessments"): Navigate to 'https://site17.lsapp.cloud/client/index/1557?section=assessments' successfully

04-12-2024T18:11:18 - [MESSAGE][PASSED] - Navigate to 'https://site17.lsapp.cloud/client/index/1557?section=assessments' successfully

04-12-2024T18:11:18 - [TEST_STEP][PASSED] - verifyElementText(findTestObject("Object Repository/Specific Cases Repository/LS/Client Profile/Assessments/Page_Client Profile/div_COWS Assessment"), "COWS Assessment"): Actual text and expected text of test object 'Object Repository/Specific Cases Repository/LS/Client Profile/Assessments/Page_Client Profile/div_COWS Assessment' are matched.

04-12-2024T18:11:19 - [MESSAGE][PASSED] - Actual text and expected text of test object 'Object Repository/Specific Cases Repository/LS/Client Profile/Assessments/Page_Client Profile/div_COWS Assessment' are matched.

04-12-2024T18:11:19 - [TEST_STEP][PASSED] - click(findTestObject("Object Repository/Specific Cases Repository/LS/Client Profile/Assessments/Page_Client Profile/button_New assessment_1")): Object: 'Object Repository/Specific Cases Repository/LS/Client Profile/Assessments/Page_Client Profile/button_New assessment_1' is clicked on

04-12-2024T18:11:20 - [MESSAGE][PASSED] - Object: 'Object Repository/Specific Cases Repository/LS/Client Profile/Assessments/Page_Client Profile/button_New assessment_1' is clicked on

04-12-2024T18:11:20 - [TEST_STEP][PASSED] - click(findTestObject("Object Repository/Specific Cases Repository/LS/Client Profile/Assessments/Page_Client Profile/li_CIWA B Assessment")): Object: 'Object Repository/Specific Cases Repository/LS/Client Profile/Assessments/Page_Client Profile/li_CIWA B Assessment' is clicked on

04-12-2024T18:11:20 - [MESSAGE][PASSED] - Object: 'Object Repository/Specific Cases Repository/LS/Client Profile/Assessments/Page_Client Profile/li_CIWA B Assessment' is clicked on

04-12-2024T18:11:20 - [TEST_STEP][PASSED] - click(findTestObject("Object Repository/Specific Cases Repository/LS/Client Profile/Assessments/Page_Client Profile/a_Create                arrow_right_alt_1")): Object: 'Object Repository/Specific Cases Repository/LS/Client Profile/Assessments/Page_Client Profile/a_Create                arrow_right_alt_1' is clicked on

04-12-2024T18:11:24 - [MESSAGE][PASSED] - Object: 'Object Repository/Specific Cases Repository/LS/Client Profile/Assessments/Page_Client Profile/a_Create                arrow_right_alt_1' is clicked on

04-12-2024T18:11:24 - [TEST_STEP][PASSED] - setText(findTestObject("Object Repository/Specific Cases Repository/LS/Client Profile/Assessments/Page_CIWA B Assessment/input_Heart Rate_text-1639631610170"), "13"): Text '13' is set on object 'Object Repository/Specific Cases Repository/LS/Client Profile/Assessments/Page_CIWA B Assessment/input_Heart Rate_text-1639631610170'

04-12-2024T18:11:25 - [MESSAGE][PASSED] - Text '13' is set on object 'Object Repository/Specific Cases Repository/LS/Client Profile/Assessments/Page_CIWA B Assessment/input_Heart Rate_text-1639631610170'

04-12-2024T18:11:25 - [TEST_STEP][PASSED] - setText(findTestObject("Object Repository/Specific Cases Repository/LS/Client Profile/Assessments/Page_CIWA B Assessment/input_Blood Pressure_text-1639631614126"), "14"): Text '14' is set on object 'Object Repository/Specific Cases Repository/LS/Client Profile/Assessments/Page_CIWA B Assessment/input_Blood Pressure_text-1639631614126'

04-12-2024T18:11:26 - [MESSAGE][PASSED] - Text '14' is set on object 'Object Repository/Specific Cases Repository/LS/Client Profile/Assessments/Page_CIWA B Assessment/input_Blood Pressure_text-1639631614126'

04-12-2024T18:11:26 - [TEST_STEP][PASSED] - click(findTestObject("Object Repository/Specific Cases Repository/LS/Client Profile/Assessments/Page_CIWA B Assessment/input__radio-group-1639631583021_119")): Object: 'Object Repository/Specific Cases Repository/LS/Client Profile/Assessments/Page_CIWA B Assessment/input__radio-group-1639631583021_119' is clicked on

04-12-2024T18:11:27 - [MESSAGE][PASSED] - Object: 'Object Repository/Specific Cases Repository/LS/Client Profile/Assessments/Page_CIWA B Assessment/input__radio-group-1639631583021_119' is clicked on

04-12-2024T18:11:27 - [TEST_STEP][PASSED] - click(findTestObject("Object Repository/Specific Cases Repository/LS/Client Profile/Assessments/Page_CIWA B Assessment/input__radio-group-1639631617772_119")): Object: 'Object Repository/Specific Cases Repository/LS/Client Profile/Assessments/Page_CIWA B Assessment/input__radio-group-1639631617772_119' is clicked on

04-12-2024T18:11:28 - [MESSAGE][PASSED] - Object: 'Object Repository/Specific Cases Repository/LS/Client Profile/Assessments/Page_CIWA B Assessment/input__radio-group-1639631617772_119' is clicked on

04-12-2024T18:11:28 - [TEST_STEP][PASSED] - click(findTestObject("Object Repository/Specific Cases Repository/LS/Client Profile/Assessments/Page_CIWA B Assessment/input__radio-group-1639631811028_119")): Object: 'Object Repository/Specific Cases Repository/LS/Client Profile/Assessments/Page_CIWA B Assessment/input__radio-group-1639631811028_119' is clicked on

04-12-2024T18:11:28 - [MESSAGE][PASSED] - Object: 'Object Repository/Specific Cases Repository/LS/Client Profile/Assessments/Page_CIWA B Assessment/input__radio-group-1639631811028_119' is clicked on

04-12-2024T18:11:28 - [TEST_STEP][PASSED] - click(findTestObject("Object Repository/Specific Cases Repository/LS/Client Profile/Assessments/Page_CIWA B Assessment/input__radio-group-1639631808123_119")): Object: 'Object Repository/Specific Cases Repository/LS/Client Profile/Assessments/Page_CIWA B Assessment/input__radio-group-1639631808123_119' is clicked on

04-12-2024T18:11:29 - [MESSAGE][PASSED] - Object: 'Object Repository/Specific Cases Repository/LS/Client Profile/Assessments/Page_CIWA B Assessment/input__radio-group-1639631808123_119' is clicked on

04-12-2024T18:11:29 - [TEST_STEP][PASSED] - click(findTestObject("Object Repository/Specific Cases Repository/LS/Client Profile/Assessments/Page_CIWA B Assessment/input__radio-group-1639631706819_119")): Object: 'Object Repository/Specific Cases Repository/LS/Client Profile/Assessments/Page_CIWA B Assessment/input__radio-group-1639631706819_119' is clicked on

04-12-2024T18:11:30 - [MESSAGE][PASSED] - Object: 'Object Repository/Specific Cases Repository/LS/Client Profile/Assessments/Page_CIWA B Assessment/input__radio-group-1639631706819_119' is clicked on

04-12-2024T18:11:30 - [TEST_STEP][PASSED] - click(findTestObject("Object Repository/Specific Cases Repository/LS/Client Profile/Assessments/Page_CIWA B Assessment/input__radio-group-1639631711045_119")): Object: 'Object Repository/Specific Cases Repository/LS/Client Profile/Assessments/Page_CIWA B Assessment/input__radio-group-1639631711045_119' is clicked on

04-12-2024T18:11:31 - [MESSAGE][PASSED] - Object: 'Object Repository/Specific Cases Repository/LS/Client Profile/Assessments/Page_CIWA B Assessment/input__radio-group-1639631711045_119' is clicked on

04-12-2024T18:11:31 - [TEST_STEP][PASSED] - click(findTestObject("Object Repository/Specific Cases Repository/LS/Client Profile/Assessments/Page_CIWA B Assessment/input__radio-group-1639631686224_119")): Object: 'Object Repository/Specific Cases Repository/LS/Client Profile/Assessments/Page_CIWA B Assessment/input__radio-group-1639631686224_119' is clicked on

04-12-2024T18:11:32 - [MESSAGE][PASSED] - Object: 'Object Repository/Specific Cases Repository/LS/Client Profile/Assessments/Page_CIWA B Assessment/input__radio-group-1639631686224_119' is clicked on

04-12-2024T18:11:32 - [TEST_STEP][PASSED] - click(findTestObject("Object Repository/Specific Cases Repository/LS/Client Profile/Assessments/Page_CIWA B Assessment/input_Do you think you did not get enough s_69b9b6")): Object: 'Object Repository/Specific Cases Repository/LS/Client Profile/Assessments/Page_CIWA B Assessment/input_Do you think you did not get enough s_69b9b6' is clicked on

04-12-2024T18:11:33 - [MESSAGE][PASSED] - Object: 'Object Repository/Specific Cases Repository/LS/Client Profile/Assessments/Page_CIWA B Assessment/input_Do you think you did not get enough s_69b9b6' is clicked on

04-12-2024T18:11:33 - [TEST_STEP][PASSED] - click(findTestObject("Object Repository/Specific Cases Repository/LS/Client Profile/Assessments/Page_CIWA B Assessment/input__radio-group-1639631722497_119")): Object: 'Object Repository/Specific Cases Repository/LS/Client Profile/Assessments/Page_CIWA B Assessment/input__radio-group-1639631722497_119' is clicked on

04-12-2024T18:11:34 - [MESSAGE][PASSED] - Object: 'Object Repository/Specific Cases Repository/LS/Client Profile/Assessments/Page_CIWA B Assessment/input__radio-group-1639631722497_119' is clicked on

04-12-2024T18:11:34 - [TEST_STEP][PASSED] - click(findTestObject("Object Repository/Specific Cases Repository/LS/Client Profile/Assessments/Page_CIWA B Assessment/input__radio-group-1639631732923_119")): Object: 'Object Repository/Specific Cases Repository/LS/Client Profile/Assessments/Page_CIWA B Assessment/input__radio-group-1639631732923_119' is clicked on

04-12-2024T18:11:34 - [MESSAGE][PASSED] - Object: 'Object Repository/Specific Cases Repository/LS/Client Profile/Assessments/Page_CIWA B Assessment/input__radio-group-1639631732923_119' is clicked on

04-12-2024T18:11:34 - [TEST_STEP][PASSED] - click(findTestObject("Object Repository/Specific Cases Repository/LS/Client Profile/Assessments/Page_CIWA B Assessment/input__radio-group-1639631750283_119")): Object: 'Object Repository/Specific Cases Repository/LS/Client Profile/Assessments/Page_CIWA B Assessment/input__radio-group-1639631750283_119' is clicked on

04-12-2024T18:11:35 - [MESSAGE][PASSED] - Object: 'Object Repository/Specific Cases Repository/LS/Client Profile/Assessments/Page_CIWA B Assessment/input__radio-group-1639631750283_119' is clicked on

04-12-2024T18:11:35 - [TEST_STEP][PASSED] - click(findTestObject("Object Repository/Specific Cases Repository/LS/Client Profile/Assessments/Page_CIWA B Assessment/input__radio-group-1639631744615_119")): Object: 'Object Repository/Specific Cases Repository/LS/Client Profile/Assessments/Page_CIWA B Assessment/input__radio-group-1639631744615_119' is clicked on

04-12-2024T18:11:36 - [MESSAGE][PASSED] - Object: 'Object Repository/Specific Cases Repository/LS/Client Profile/Assessments/Page_CIWA B Assessment/input__radio-group-1639631744615_119' is clicked on

04-12-2024T18:11:36 - [TEST_STEP][PASSED] - click(findTestObject("Object Repository/Specific Cases Repository/LS/Client Profile/Assessments/Page_CIWA B Assessment/input__radio-group-1639631648138_119")): Object: 'Object Repository/Specific Cases Repository/LS/Client Profile/Assessments/Page_CIWA B Assessment/input__radio-group-1639631648138_119' is clicked on

04-12-2024T18:11:37 - [MESSAGE][PASSED] - Object: 'Object Repository/Specific Cases Repository/LS/Client Profile/Assessments/Page_CIWA B Assessment/input__radio-group-1639631648138_119' is clicked on

04-12-2024T18:11:37 - [TEST_STEP][PASSED] - click(findTestObject("Object Repository/Specific Cases Repository/LS/Client Profile/Assessments/Page_CIWA B Assessment/input__radio-group-1639631651299_119")): Object: 'Object Repository/Specific Cases Repository/LS/Client Profile/Assessments/Page_CIWA B Assessment/input__radio-group-1639631651299_119' is clicked on

04-12-2024T18:11:38 - [MESSAGE][PASSED] - Object: 'Object Repository/Specific Cases Repository/LS/Client Profile/Assessments/Page_CIWA B Assessment/input__radio-group-1639631651299_119' is clicked on

04-12-2024T18:11:38 - [TEST_STEP][PASSED] - click(findTestObject("Object Repository/Specific Cases Repository/LS/Client Profile/Assessments/Page_CIWA B Assessment/input__radio-group-1639631778137_119")): Object: 'Object Repository/Specific Cases Repository/LS/Client Profile/Assessments/Page_CIWA B Assessment/input__radio-group-1639631778137_119' is clicked on

04-12-2024T18:11:39 - [MESSAGE][PASSED] - Object: 'Object Repository/Specific Cases Repository/LS/Client Profile/Assessments/Page_CIWA B Assessment/input__radio-group-1639631778137_119' is clicked on

04-12-2024T18:11:39 - [TEST_STEP][PASSED] - click(findTestObject("Object Repository/Specific Cases Repository/LS/Client Profile/Assessments/Page_CIWA B Assessment/input__radio-group-1639631758534_119")): Object: 'Object Repository/Specific Cases Repository/LS/Client Profile/Assessments/Page_CIWA B Assessment/input__radio-group-1639631758534_119' is clicked on

04-12-2024T18:11:40 - [MESSAGE][PASSED] - Object: 'Object Repository/Specific Cases Repository/LS/Client Profile/Assessments/Page_CIWA B Assessment/input__radio-group-1639631758534_119' is clicked on

04-12-2024T18:11:40 - [TEST_STEP][PASSED] - click(findTestObject("Object Repository/Specific Cases Repository/LS/Client Profile/Assessments/Page_CIWA B Assessment/input__radio-group-1639631762390_119")): Object: 'Object Repository/Specific Cases Repository/LS/Client Profile/Assessments/Page_CIWA B Assessment/input__radio-group-1639631762390_119' is clicked on

04-12-2024T18:11:41 - [MESSAGE][PASSED] - Object: 'Object Repository/Specific Cases Repository/LS/Client Profile/Assessments/Page_CIWA B Assessment/input__radio-group-1639631762390_119' is clicked on

04-12-2024T18:11:41 - [TEST_STEP][PASSED] - click(findTestObject("Object Repository/Specific Cases Repository/LS/Client Profile/Assessments/Page_CIWA B Assessment/input__radio-group-1639631660024_119")): Object: 'Object Repository/Specific Cases Repository/LS/Client Profile/Assessments/Page_CIWA B Assessment/input__radio-group-1639631660024_119' is clicked on

04-12-2024T18:11:41 - [MESSAGE][PASSED] - Object: 'Object Repository/Specific Cases Repository/LS/Client Profile/Assessments/Page_CIWA B Assessment/input__radio-group-1639631660024_119' is clicked on

04-12-2024T18:11:41 - [TEST_STEP][PASSED] - click(findTestObject("Object Repository/Specific Cases Repository/LS/Client Profile/Assessments/Page_CIWA B Assessment/input__radio-group-1639631669718_119")): Object: 'Object Repository/Specific Cases Repository/LS/Client Profile/Assessments/Page_CIWA B Assessment/input__radio-group-1639631669718_119' is clicked on

04-12-2024T18:11:42 - [MESSAGE][PASSED] - Object: 'Object Repository/Specific Cases Repository/LS/Client Profile/Assessments/Page_CIWA B Assessment/input__radio-group-1639631669718_119' is clicked on

04-12-2024T18:11:42 - [TEST_STEP][PASSED] - setText(findTestObject("Object Repository/Specific Cases Repository/LS/Client Profile/Assessments/Page_CIWA B Assessment/textarea_Additional Information_textarea-16_acaf1e"), "automation formdata test"): Text 'automation formdata test' is set on object 'Object Repository/Specific Cases Repository/LS/Client Profile/Assessments/Page_CIWA B Assessment/textarea_Additional Information_textarea-16_acaf1e'

04-12-2024T18:11:44 - [MESSAGE][PASSED] - Text 'automation formdata test' is set on object 'Object Repository/Specific Cases Repository/LS/Client Profile/Assessments/Page_CIWA B Assessment/textarea_Additional Information_textarea-16_acaf1e'

04-12-2024T18:11:44 - [TEST_STEP][PASSED] - verifyElementText(findTestObject("Object Repository/Specific Cases Repository/LS/Client Profile/Assessments/Page_CIWA B Assessment/td_36 Moderate Withdrawal"), "36 Moderate Withdrawal"): Actual text and expected text of test object 'Object Repository/Specific Cases Repository/LS/Client Profile/Assessments/Page_CIWA B Assessment/td_36 Moderate Withdrawal' are matched.

04-12-2024T18:11:44 - [MESSAGE][PASSED] - Actual text and expected text of test object 'Object Repository/Specific Cases Repository/LS/Client Profile/Assessments/Page_CIWA B Assessment/td_36 Moderate Withdrawal' are matched.

04-12-2024T18:11:44 - [TEST_STEP][PASSED] - verifyElementText(findTestObject("Object Repository/Specific Cases Repository/LS/Client Profile/Assessments/Page_CIWA B Assessment/div_The following required fields do not ha_73f9ba"), "The following required fields do not have responses"): Actual text and expected text of test object 'Object Repository/Specific Cases Repository/LS/Client Profile/Assessments/Page_CIWA B Assessment/div_The following required fields do not ha_73f9ba' are matched.

04-12-2024T18:11:44 - [MESSAGE][PASSED] - Actual text and expected text of test object 'Object Repository/Specific Cases Repository/LS/Client Profile/Assessments/Page_CIWA B Assessment/div_The following required fields do not ha_73f9ba' are matched.

04-12-2024T18:11:44 - [TEST_STEP][PASSED] - verifyElementText(findTestObject("Object Repository/Specific Cases Repository/LS/Client Profile/Assessments/Page_CIWA B Assessment/span_Clinician Observations RestlessnessObs_1dce3a"), "Clinician Observations: RestlessnessObserve behavior for restlessness and agitation *"): Actual text and expected text of test object 'Object Repository/Specific Cases Repository/LS/Client Profile/Assessments/Page_CIWA B Assessment/span_Clinician Observations RestlessnessObs_1dce3a' are matched.

04-12-2024T18:11:45 - [MESSAGE][PASSED] - Actual text and expected text of test object 'Object Repository/Specific Cases Repository/LS/Client Profile/Assessments/Page_CIWA B Assessment/span_Clinician Observations RestlessnessObs_1dce3a' are matched.

04-12-2024T18:11:45 - [TEST_STEP][PASSED] - click(findTestObject("Object Repository/Specific Cases Repository/LS/Client Profile/Assessments/Page_CIWA B Assessment/input__radio-group-1639631774054_119")): Object: 'Object Repository/Specific Cases Repository/LS/Client Profile/Assessments/Page_CIWA B Assessment/input__radio-group-1639631774054_119' is clicked on

04-12-2024T18:11:45 - [MESSAGE][PASSED] - Object: 'Object Repository/Specific Cases Repository/LS/Client Profile/Assessments/Page_CIWA B Assessment/input__radio-group-1639631774054_119' is clicked on

04-12-2024T18:11:45 - [TEST_STEP][PASSED] - verifyElementText(findTestObject("Object Repository/Specific Cases Repository/LS/Client Profile/Assessments/Page_CIWA B Assessment/td_40 Severe Withdrawal"), "40 Severe Withdrawal"): Actual text and expected text of test object 'Object Repository/Specific Cases Repository/LS/Client Profile/Assessments/Page_CIWA B Assessment/td_40 Severe Withdrawal' are matched.

04-12-2024T18:11:46 - [MESSAGE][PASSED] - Actual text and expected text of test object 'Object Repository/Specific Cases Repository/LS/Client Profile/Assessments/Page_CIWA B Assessment/td_40 Severe Withdrawal' are matched.

04-12-2024T18:11:46 - [TEST_STEP][PASSED] - click(findTestObject("Object Repository/Specific Cases Repository/LS/Client Profile/Assessments/Page_CIWA B Assessment/input_Sign and Lock_dss")): Object: 'Object Repository/Specific Cases Repository/LS/Client Profile/Assessments/Page_CIWA B Assessment/input_Sign and Lock_dss' is clicked on

04-12-2024T18:11:46 - [MESSAGE][PASSED] - Object: 'Object Repository/Specific Cases Repository/LS/Client Profile/Assessments/Page_CIWA B Assessment/input_Sign and Lock_dss' is clicked on

04-12-2024T18:11:46 - [TEST_STEP][PASSED] - click(findTestObject("Object Repository/Specific Cases Repository/LS/Client Profile/Assessments/Page_CIWA B Assessment/button_Save")): Object: 'Object Repository/Specific Cases Repository/LS/Client Profile/Assessments/Page_CIWA B Assessment/button_Save' is clicked on

04-12-2024T18:11:53 - [MESSAGE][PASSED] - Object: 'Object Repository/Specific Cases Repository/LS/Client Profile/Assessments/Page_CIWA B Assessment/button_Save' is clicked on

04-12-2024T18:11:53 - [TEST_STEP][PASSED] - navigateToUrl("https://site17.lsapp.cloud/client/index/1557?section=assessments"): Navigate to 'https://site17.lsapp.cloud/client/index/1557?section=assessments' successfully

04-12-2024T18:11:58 - [MESSAGE][PASSED] - Navigate to 'https://site17.lsapp.cloud/client/index/1557?section=assessments' successfully

04-12-2024T18:11:58 - [TEST_STEP][PASSED] - verifyElementText(findTestObject("Object Repository/Specific Cases Repository/LS/Client Profile/Assessments/Page_Client Profile/div_CIWA B Assessment"), "CIWA B Assessment"): Actual text and expected text of test object 'Object Repository/Specific Cases Repository/LS/Client Profile/Assessments/Page_Client Profile/div_CIWA B Assessment' are matched.

04-12-2024T18:11:59 - [MESSAGE][PASSED] - Actual text and expected text of test object 'Object Repository/Specific Cases Repository/LS/Client Profile/Assessments/Page_Client Profile/div_CIWA B Assessment' are matched.

04-12-2024T18:11:59 - [TEST_STEP][PASSED] - click(findTestObject("Object Repository/Specific Cases Repository/LS/Client Profile/Assessments/Page_Client Profile/button_New assessment_1")): Object: 'Object Repository/Specific Cases Repository/LS/Client Profile/Assessments/Page_Client Profile/button_New assessment_1' is clicked on

04-12-2024T18:12:00 - [MESSAGE][PASSED] - Object: 'Object Repository/Specific Cases Repository/LS/Client Profile/Assessments/Page_Client Profile/button_New assessment_1' is clicked on

04-12-2024T18:12:00 - [TEST_STEP][PASSED] - click(findTestObject("Object Repository/Specific Cases Repository/LS/Client Profile/Assessments/Page_Client Profile/li_AM Assessment")): Object: 'Object Repository/Specific Cases Repository/LS/Client Profile/Assessments/Page_Client Profile/li_AM Assessment' is clicked on

04-12-2024T18:12:00 - [MESSAGE][PASSED] - Object: 'Object Repository/Specific Cases Repository/LS/Client Profile/Assessments/Page_Client Profile/li_AM Assessment' is clicked on

04-12-2024T18:12:00 - [TEST_STEP][PASSED] - click(findTestObject("Object Repository/Specific Cases Repository/LS/Client Profile/Assessments/Page_Client Profile/a_Create                arrow_right_alt_1")): Object: 'Object Repository/Specific Cases Repository/LS/Client Profile/Assessments/Page_Client Profile/a_Create                arrow_right_alt_1' is clicked on

04-12-2024T18:12:04 - [MESSAGE][PASSED] - Object: 'Object Repository/Specific Cases Repository/LS/Client Profile/Assessments/Page_Client Profile/a_Create                arrow_right_alt_1' is clicked on

04-12-2024T18:12:04 - [TEST_STEP][PASSED] - setText(findTestObject("Object Repository/Specific Cases Repository/LS/Client Profile/Assessments/Page_AM Assessment/input_How many hours of restful sleep did y_a36804"), "Automation test"): Text 'Automation test' is set on object 'Object Repository/Specific Cases Repository/LS/Client Profile/Assessments/Page_AM Assessment/input_How many hours of restful sleep did y_a36804'

04-12-2024T18:12:04 - [MESSAGE][PASSED] - Text 'Automation test' is set on object 'Object Repository/Specific Cases Repository/LS/Client Profile/Assessments/Page_AM Assessment/input_How many hours of restful sleep did y_a36804'

04-12-2024T18:12:04 - [TEST_STEP][PASSED] - selectOptionByValue(findTestObject("Object Repository/Specific Cases Repository/LS/Client Profile/Assessments/Page_AM Assessment/select_YesNo"), "No", true): All options with value 'No' are selected in object 'Object Repository/Specific Cases Repository/LS/Client Profile/Assessments/Page_AM Assessment/select_YesNo'  using regular expression

04-12-2024T18:12:05 - [MESSAGE][PASSED] - All options with value 'No' are selected in object 'Object Repository/Specific Cases Repository/LS/Client Profile/Assessments/Page_AM Assessment/select_YesNo'  using regular expression

04-12-2024T18:12:05 - [TEST_STEP][PASSED] - selectOptionByValue(findTestObject("Object Repository/Specific Cases Repository/LS/Client Profile/Assessments/Page_AM Assessment/select_YesNo_1"), "Yes", true): All options with value 'Yes' are selected in object 'Object Repository/Specific Cases Repository/LS/Client Profile/Assessments/Page_AM Assessment/select_YesNo_1'  using regular expression

04-12-2024T18:12:07 - [MESSAGE][PASSED] - All options with value 'Yes' are selected in object 'Object Repository/Specific Cases Repository/LS/Client Profile/Assessments/Page_AM Assessment/select_YesNo_1'  using regular expression

04-12-2024T18:12:07 - [TEST_STEP][PASSED] - setText(findTestObject("Object Repository/Specific Cases Repository/LS/Client Profile/Assessments/Page_AM Assessment/textarea_If yes, please describe_txtnightmares"), "automation test description"): Text 'automation test description' is set on object 'Object Repository/Specific Cases Repository/LS/Client Profile/Assessments/Page_AM Assessment/textarea_If yes, please describe_txtnightmares'

04-12-2024T18:12:08 - [MESSAGE][PASSED] - Text 'automation test description' is set on object 'Object Repository/Specific Cases Repository/LS/Client Profile/Assessments/Page_AM Assessment/textarea_If yes, please describe_txtnightmares'

04-12-2024T18:12:08 - [TEST_STEP][PASSED] - selectOptionByValue(findTestObject("Object Repository/Specific Cases Repository/LS/Client Profile/Assessments/Page_AM Assessment/select_YesNo_1_2"), "No", true): All options with value 'No' are selected in object 'Object Repository/Specific Cases Repository/LS/Client Profile/Assessments/Page_AM Assessment/select_YesNo_1_2'  using regular expression

04-12-2024T18:12:09 - [MESSAGE][PASSED] - All options with value 'No' are selected in object 'Object Repository/Specific Cases Repository/LS/Client Profile/Assessments/Page_AM Assessment/select_YesNo_1_2'  using regular expression

04-12-2024T18:12:09 - [TEST_STEP][PASSED] - setText(findTestObject("Object Repository/Specific Cases Repository/LS/Client Profile/Assessments/Page_AM Assessment/textarea_Please describe your appetite. Is _ec8639"), "automation desciption 2"): Text 'automation desciption 2' is set on object 'Object Repository/Specific Cases Repository/LS/Client Profile/Assessments/Page_AM Assessment/textarea_Please describe your appetite. Is _ec8639'

04-12-2024T18:12:10 - [MESSAGE][PASSED] - Text 'automation desciption 2' is set on object 'Object Repository/Specific Cases Repository/LS/Client Profile/Assessments/Page_AM Assessment/textarea_Please describe your appetite. Is _ec8639'

04-12-2024T18:12:10 - [TEST_STEP][PASSED] - click(findTestObject("Object Repository/Specific Cases Repository/LS/Client Profile/Assessments/Page_AM Assessment/input_Severity of Depression_depressionrating")): Object: 'Object Repository/Specific Cases Repository/LS/Client Profile/Assessments/Page_AM Assessment/input_Severity of Depression_depressionrating' is clicked on

04-12-2024T18:12:10 - [MESSAGE][PASSED] - Object: 'Object Repository/Specific Cases Repository/LS/Client Profile/Assessments/Page_AM Assessment/input_Severity of Depression_depressionrating' is clicked on

04-12-2024T18:12:10 - [TEST_STEP][PASSED] - click(findTestObject("Object Repository/Specific Cases Repository/LS/Client Profile/Assessments/Page_AM Assessment/input_Severity of Anxiety_anxietyrating")): Object: 'Object Repository/Specific Cases Repository/LS/Client Profile/Assessments/Page_AM Assessment/input_Severity of Anxiety_anxietyrating' is clicked on

04-12-2024T18:12:11 - [MESSAGE][PASSED] - Object: 'Object Repository/Specific Cases Repository/LS/Client Profile/Assessments/Page_AM Assessment/input_Severity of Anxiety_anxietyrating' is clicked on

04-12-2024T18:12:11 - [TEST_STEP][PASSED] - selectOptionByValue(findTestObject("Object Repository/Specific Cases Repository/LS/Client Profile/Assessments/Page_AM Assessment/select_YesNo_1_2_3"), "No", true): All options with value 'No' are selected in object 'Object Repository/Specific Cases Repository/LS/Client Profile/Assessments/Page_AM Assessment/select_YesNo_1_2_3'  using regular expression

04-12-2024T18:12:12 - [MESSAGE][PASSED] - All options with value 'No' are selected in object 'Object Repository/Specific Cases Repository/LS/Client Profile/Assessments/Page_AM Assessment/select_YesNo_1_2_3'  using regular expression

04-12-2024T18:12:12 - [TEST_STEP][PASSED] - setText(findTestObject("Object Repository/Specific Cases Repository/LS/Client Profile/Assessments/Page_AM Assessment/input_When was your last bowel movement_lastbm"), "automation response"): Text 'automation response' is set on object 'Object Repository/Specific Cases Repository/LS/Client Profile/Assessments/Page_AM Assessment/input_When was your last bowel movement_lastbm'

04-12-2024T18:12:13 - [MESSAGE][PASSED] - Text 'automation response' is set on object 'Object Repository/Specific Cases Repository/LS/Client Profile/Assessments/Page_AM Assessment/input_When was your last bowel movement_lastbm'

04-12-2024T18:12:13 - [TEST_STEP][PASSED] - setText(findTestObject("Object Repository/Specific Cases Repository/LS/Client Profile/Assessments/Page_AM Assessment/textarea_Additional Information_note"), "autoamtion rsponse 2"): Text 'autoamtion rsponse 2' is set on object 'Object Repository/Specific Cases Repository/LS/Client Profile/Assessments/Page_AM Assessment/textarea_Additional Information_note'

04-12-2024T18:12:14 - [MESSAGE][PASSED] - Text 'autoamtion rsponse 2' is set on object 'Object Repository/Specific Cases Repository/LS/Client Profile/Assessments/Page_AM Assessment/textarea_Additional Information_note'

04-12-2024T18:12:14 - [TEST_STEP][PASSED] - verifyElementText(findTestObject("Object Repository/Specific Cases Repository/LS/Client Profile/Assessments/Page_AM Assessment/b_Vital Signs"), "Vital Signs"): Actual text and expected text of test object 'Object Repository/Specific Cases Repository/LS/Client Profile/Assessments/Page_AM Assessment/b_Vital Signs' are matched.

04-12-2024T18:12:14 - [MESSAGE][PASSED] - Actual text and expected text of test object 'Object Repository/Specific Cases Repository/LS/Client Profile/Assessments/Page_AM Assessment/b_Vital Signs' are matched.

04-12-2024T18:12:14 - [TEST_STEP][PASSED] - click(findTestObject("Object Repository/Specific Cases Repository/LS/Client Profile/Assessments/Page_AM Assessment/button_Save")): Object: 'Object Repository/Specific Cases Repository/LS/Client Profile/Assessments/Page_AM Assessment/button_Save' is clicked on

04-12-2024T18:12:22 - [MESSAGE][PASSED] - Object: 'Object Repository/Specific Cases Repository/LS/Client Profile/Assessments/Page_AM Assessment/button_Save' is clicked on

04-12-2024T18:12:22 - [TEST_STEP][PASSED] - navigateToUrl("https://site17.lsapp.cloud/client/index/1557?section=assessments"): Navigate to 'https://site17.lsapp.cloud/client/index/1557?section=assessments' successfully

04-12-2024T18:12:27 - [MESSAGE][PASSED] - Navigate to 'https://site17.lsapp.cloud/client/index/1557?section=assessments' successfully

04-12-2024T18:12:27 - [TEST_STEP][PASSED] - verifyElementText(findTestObject("Object Repository/Specific Cases Repository/LS/Client Profile/Assessments/Page_Client Profile/div_AM Assessment"), "AM Assessment"): Actual text and expected text of test object 'Object Repository/Specific Cases Repository/LS/Client Profile/Assessments/Page_Client Profile/div_AM Assessment' are matched.

04-12-2024T18:12:28 - [MESSAGE][PASSED] - Actual text and expected text of test object 'Object Repository/Specific Cases Repository/LS/Client Profile/Assessments/Page_Client Profile/div_AM Assessment' are matched.

04-12-2024T18:12:28 - [TEST_STEP][PASSED] - verifyElementText(findTestObject("Object Repository/Specific Cases Repository/LS/Client Profile/Assessments/Page_Client Profile/div_Not signed"), "Not signed"): Actual text and expected text of test object 'Object Repository/Specific Cases Repository/LS/Client Profile/Assessments/Page_Client Profile/div_Not signed' are matched.

04-12-2024T18:12:28 - [MESSAGE][PASSED] - Actual text and expected text of test object 'Object Repository/Specific Cases Repository/LS/Client Profile/Assessments/Page_Client Profile/div_Not signed' are matched.

04-12-2024T18:12:28 - [TEST_STEP][PASSED] - closeBrowser(): Browser is closed

04-12-2024T18:12:28 - [MESSAGE][PASSED] - Browser is closed]]></system-out>
         <system-err><![CDATA[]]></system-err>
      </testcase>
      <testcase name="Test Cases/Specific Cases/LS/Client Profile/Diagnosis" time="67.943" classname="Test Cases/Specific Cases/LS/Client Profile/Diagnosis" status="PASSED">
         <system-out><![CDATA[04-12-2024T18:12:28 - [TEST_CASE][PASSED] - Test Cases/Specific Cases/LS/Client Profile/Diagnosis: Test Cases/Specific Cases/LS/Client Profile/Diagnosis

04-12-2024T18:12:28 - [TEST_STEP][PASSED] - callTestCase(findTestCase("Common Cases/Login"), [:], STOP_ON_FAILURE): Call Test Case 'Test Cases/Common Cases/Login' successfully

04-12-2024T18:12:28 - [TEST_CASE][PASSED] - Test Cases/Common Cases/Login: Test Cases/Common Cases/Login

04-12-2024T18:12:28 - [TEST_STEP][PASSED] - openBrowser(""): Browser is opened with url: ''

04-12-2024T18:12:28 - [MESSAGE][INFO] - Starting 'Chrome' driver

04-12-2024T18:12:28 - [MESSAGE][INFO] - Action delay is set to 0 milliseconds

04-12-2024T18:12:29 - [MESSAGE][PASSED] - Browser is opened with url: ''

04-12-2024T18:12:29 - [TEST_STEP][PASSED] - maximizeWindow(): Current window maximized

04-12-2024T18:12:29 - [MESSAGE][PASSED] - Current window maximized

04-12-2024T18:12:29 - [TEST_STEP][PASSED] - navigateToUrl("https://site17.lsapp.cloud/auth/login"): Navigate to 'https://site17.lsapp.cloud/auth/login' successfully

04-12-2024T18:12:32 - [MESSAGE][PASSED] - Navigate to 'https://site17.lsapp.cloud/auth/login' successfully

04-12-2024T18:12:32 - [TEST_STEP][PASSED] - setText(findTestObject("Object Repository/Common Cases Repository/Login/Page_Lightning Step/input_Email_email"), "automation@lightningstep.com"): Text 'automation@lightningstep.com' is set on object 'Object Repository/Common Cases Repository/Login/Page_Lightning Step/input_Email_email'

04-12-2024T18:12:32 - [MESSAGE][PASSED] - Text 'automation@lightningstep.com' is set on object 'Object Repository/Common Cases Repository/Login/Page_Lightning Step/input_Email_email'

04-12-2024T18:12:32 - [TEST_STEP][PASSED] - setEncryptedText(findTestObject("Object Repository/Common Cases Repository/Login/Page_Lightning Step/input_Password_password"), "e5N8VHmnhJDITtQaQhDQDw=="): Text ****** has been set on object 'Object Repository/Common Cases Repository/Login/Page_Lightning Step/input_Password_password'

04-12-2024T18:12:33 - [MESSAGE][PASSED] - Text ****** has been set on object 'Object Repository/Common Cases Repository/Login/Page_Lightning Step/input_Password_password'

04-12-2024T18:12:33 - [TEST_STEP][PASSED] - click(findTestObject("Object Repository/Common Cases Repository/Login/Page_Lightning Step/button_Sign in")): Object: 'Object Repository/Common Cases Repository/Login/Page_Lightning Step/button_Sign in' is clicked on

04-12-2024T18:12:37 - [MESSAGE][PASSED] - Object: 'Object Repository/Common Cases Repository/Login/Page_Lightning Step/button_Sign in' is clicked on

04-12-2024T18:12:37 - [MESSAGE][PASSED] - Call Test Case 'Test Cases/Common Cases/Login' successfully

04-12-2024T18:12:37 - [TEST_STEP][PASSED] - navigateToUrl("https://site17.lsapp.cloud/client/index/1557"): Navigate to 'https://site17.lsapp.cloud/client/index/1557' successfully

04-12-2024T18:12:42 - [MESSAGE][PASSED] - Navigate to 'https://site17.lsapp.cloud/client/index/1557' successfully

04-12-2024T18:12:42 - [TEST_STEP][PASSED] - click(findTestObject("Object Repository/Specific Cases Repository/LS/Client Profile/Diagnosis/Page_Client Profile/a_Diagnosis")): Object: 'Object Repository/Specific Cases Repository/LS/Client Profile/Diagnosis/Page_Client Profile/a_Diagnosis' is clicked on

04-12-2024T18:12:43 - [MESSAGE][PASSED] - Object: 'Object Repository/Specific Cases Repository/LS/Client Profile/Diagnosis/Page_Client Profile/a_Diagnosis' is clicked on

04-12-2024T18:12:43 - [TEST_STEP][PASSED] - click(findTestObject("Object Repository/Specific Cases Repository/LS/Client Profile/Diagnosis/Page_Client Profile/i_add")): Object: 'Object Repository/Specific Cases Repository/LS/Client Profile/Diagnosis/Page_Client Profile/i_add' is clicked on

04-12-2024T18:12:46 - [MESSAGE][PASSED] - Object: 'Object Repository/Specific Cases Repository/LS/Client Profile/Diagnosis/Page_Client Profile/i_add' is clicked on

04-12-2024T18:12:46 - [TEST_STEP][PASSED] - selectOptionByValue(findTestObject("Object Repository/Specific Cases Repository/LS/Client Profile/Diagnosis/Page_Client Diagnosis/select_--not-selected--PrimarySecondaryThir_30d0a6"), "1", true): All options with value '1' are selected in object 'Object Repository/Specific Cases Repository/LS/Client Profile/Diagnosis/Page_Client Diagnosis/select_--not-selected--PrimarySecondaryThir_30d0a6'  using regular expression

04-12-2024T18:12:48 - [MESSAGE][PASSED] - All options with value '1' are selected in object 'Object Repository/Specific Cases Repository/LS/Client Profile/Diagnosis/Page_Client Diagnosis/select_--not-selected--PrimarySecondaryThir_30d0a6'  using regular expression

04-12-2024T18:12:48 - [TEST_STEP][PASSED] - selectOptionByValue(findTestObject("Object Repository/Specific Cases Repository/LS/Client Profile/Diagnosis/Page_Client Diagnosis/select_-- Please Select --Chemical Dependen_f373e3"), "Chemical Dependency", true): All options with value 'Chemical Dependency' are selected in object 'Object Repository/Specific Cases Repository/LS/Client Profile/Diagnosis/Page_Client Diagnosis/select_-- Please Select --Chemical Dependen_f373e3'  using regular expression

04-12-2024T18:12:49 - [MESSAGE][PASSED] - All options with value 'Chemical Dependency' are selected in object 'Object Repository/Specific Cases Repository/LS/Client Profile/Diagnosis/Page_Client Diagnosis/select_-- Please Select --Chemical Dependen_f373e3'  using regular expression

04-12-2024T18:12:49 - [TEST_STEP][PASSED] - selectOptionByValue(findTestObject("Object Repository/Specific Cases Repository/LS/Client Profile/Diagnosis/Page_Client Diagnosis/select_--Select-Diagnosis--Alcohol Abuse (F_cf7803"), "670", true): All options with value '670' are selected in object 'Object Repository/Specific Cases Repository/LS/Client Profile/Diagnosis/Page_Client Diagnosis/select_--Select-Diagnosis--Alcohol Abuse (F_cf7803'  using regular expression

04-12-2024T18:12:52 - [MESSAGE][PASSED] - All options with value '670' are selected in object 'Object Repository/Specific Cases Repository/LS/Client Profile/Diagnosis/Page_Client Diagnosis/select_--Select-Diagnosis--Alcohol Abuse (F_cf7803'  using regular expression

04-12-2024T18:12:52 - [TEST_STEP][PASSED] - click(findTestObject("Object Repository/Specific Cases Repository/LS/Client Profile/Diagnosis/Page_Client Diagnosis/button_Save")): Object: 'Object Repository/Specific Cases Repository/LS/Client Profile/Diagnosis/Page_Client Diagnosis/button_Save' is clicked on

04-12-2024T18:12:52 - [MESSAGE][PASSED] - Object: 'Object Repository/Specific Cases Repository/LS/Client Profile/Diagnosis/Page_Client Diagnosis/button_Save' is clicked on

04-12-2024T18:12:52 - [TEST_STEP][PASSED] - verifyElementText(findTestObject("Object Repository/Specific Cases Repository/LS/Client Profile/Diagnosis/Page_Client Profile/p_First diagnosis start date changed to the_f6720d"), "First diagnosis start date changed to the date of first admission."): Actual text and expected text of test object 'Object Repository/Specific Cases Repository/LS/Client Profile/Diagnosis/Page_Client Profile/p_First diagnosis start date changed to the_f6720d' are matched.

04-12-2024T18:13:01 - [MESSAGE][PASSED] - Actual text and expected text of test object 'Object Repository/Specific Cases Repository/LS/Client Profile/Diagnosis/Page_Client Profile/p_First diagnosis start date changed to the_f6720d' are matched.

04-12-2024T18:13:01 - [TEST_STEP][PASSED] - verifyElementText(findTestObject("Object Repository/Specific Cases Repository/LS/Client Profile/Diagnosis/Page_Client Profile/td_Alcohol use disorder, severe (F10.20)"), "Alcohol use disorder, severe (F10.20)"): Actual text and expected text of test object 'Object Repository/Specific Cases Repository/LS/Client Profile/Diagnosis/Page_Client Profile/td_Alcohol use disorder, severe (F10.20)' are matched.

04-12-2024T18:13:01 - [MESSAGE][PASSED] - Actual text and expected text of test object 'Object Repository/Specific Cases Repository/LS/Client Profile/Diagnosis/Page_Client Profile/td_Alcohol use disorder, severe (F10.20)' are matched.

04-12-2024T18:13:01 - [TEST_STEP][PASSED] - verifyElementText(findTestObject("Object Repository/Specific Cases Repository/LS/Client Profile/Diagnosis/Page_Client Profile/td_Primary"), "Primary"): Actual text and expected text of test object 'Object Repository/Specific Cases Repository/LS/Client Profile/Diagnosis/Page_Client Profile/td_Primary' are matched.

04-12-2024T18:13:01 - [MESSAGE][PASSED] - Actual text and expected text of test object 'Object Repository/Specific Cases Repository/LS/Client Profile/Diagnosis/Page_Client Profile/td_Primary' are matched.

04-12-2024T18:13:01 - [TEST_STEP][PASSED] - verifyElementText(findTestObject("Object Repository/Specific Cases Repository/LS/Client Profile/Diagnosis/Page_Client Profile/td_Chemical Dependency"), "Chemical Dependency"): Actual text and expected text of test object 'Object Repository/Specific Cases Repository/LS/Client Profile/Diagnosis/Page_Client Profile/td_Chemical Dependency' are matched.

04-12-2024T18:13:01 - [MESSAGE][PASSED] - Actual text and expected text of test object 'Object Repository/Specific Cases Repository/LS/Client Profile/Diagnosis/Page_Client Profile/td_Chemical Dependency' are matched.

04-12-2024T18:13:01 - [TEST_STEP][PASSED] - click(findTestObject("Object Repository/Specific Cases Repository/LS/Client Profile/Diagnosis/Page_Client Profile/i_add")): Object: 'Object Repository/Specific Cases Repository/LS/Client Profile/Diagnosis/Page_Client Profile/i_add' is clicked on

04-12-2024T18:13:04 - [MESSAGE][PASSED] - Object: 'Object Repository/Specific Cases Repository/LS/Client Profile/Diagnosis/Page_Client Profile/i_add' is clicked on

04-12-2024T18:13:04 - [TEST_STEP][PASSED] - selectOptionByValue(findTestObject("Object Repository/Specific Cases Repository/LS/Client Profile/Diagnosis/Page_Client Diagnosis/select_--not-selected--PrimarySecondaryThir_30d0a6"), "1", true): All options with value '1' are selected in object 'Object Repository/Specific Cases Repository/LS/Client Profile/Diagnosis/Page_Client Diagnosis/select_--not-selected--PrimarySecondaryThir_30d0a6'  using regular expression

04-12-2024T18:13:05 - [MESSAGE][PASSED] - All options with value '1' are selected in object 'Object Repository/Specific Cases Repository/LS/Client Profile/Diagnosis/Page_Client Diagnosis/select_--not-selected--PrimarySecondaryThir_30d0a6'  using regular expression

04-12-2024T18:13:05 - [TEST_STEP][PASSED] - selectOptionByValue(findTestObject("Object Repository/Specific Cases Repository/LS/Client Profile/Diagnosis/Page_Client Diagnosis/select_-- Please Select --Chemical Dependen_f373e3"), "Chemical Dependency", true): All options with value 'Chemical Dependency' are selected in object 'Object Repository/Specific Cases Repository/LS/Client Profile/Diagnosis/Page_Client Diagnosis/select_-- Please Select --Chemical Dependen_f373e3'  using regular expression

04-12-2024T18:13:07 - [MESSAGE][PASSED] - All options with value 'Chemical Dependency' are selected in object 'Object Repository/Specific Cases Repository/LS/Client Profile/Diagnosis/Page_Client Diagnosis/select_-- Please Select --Chemical Dependen_f373e3'  using regular expression

04-12-2024T18:13:07 - [TEST_STEP][PASSED] - selectOptionByValue(findTestObject("Object Repository/Specific Cases Repository/LS/Client Profile/Diagnosis/Page_Client Diagnosis/select_--Select-Diagnosis--Alcohol Abuse (F_cf7803"), "336", true): All options with value '336' are selected in object 'Object Repository/Specific Cases Repository/LS/Client Profile/Diagnosis/Page_Client Diagnosis/select_--Select-Diagnosis--Alcohol Abuse (F_cf7803'  using regular expression

04-12-2024T18:13:10 - [MESSAGE][PASSED] - All options with value '336' are selected in object 'Object Repository/Specific Cases Repository/LS/Client Profile/Diagnosis/Page_Client Diagnosis/select_--Select-Diagnosis--Alcohol Abuse (F_cf7803'  using regular expression

04-12-2024T18:13:10 - [TEST_STEP][PASSED] - click(findTestObject("Object Repository/Specific Cases Repository/LS/Client Profile/Diagnosis/Page_Client Diagnosis/button_Save")): Object: 'Object Repository/Specific Cases Repository/LS/Client Profile/Diagnosis/Page_Client Diagnosis/button_Save' is clicked on

04-12-2024T18:13:10 - [MESSAGE][PASSED] - Object: 'Object Repository/Specific Cases Repository/LS/Client Profile/Diagnosis/Page_Client Diagnosis/button_Save' is clicked on

04-12-2024T18:13:10 - [TEST_STEP][PASSED] - verifyElementText(findTestObject("Object Repository/Specific Cases Repository/LS/Client Profile/Diagnosis/Page_Client Diagnosis/p_Conflict of priorities. There are already_911d33"), "Conflict of priorities. There are already diagnoses with the same priority."): Actual text and expected text of test object 'Object Repository/Specific Cases Repository/LS/Client Profile/Diagnosis/Page_Client Diagnosis/p_Conflict of priorities. There are already_911d33' are matched.

04-12-2024T18:13:12 - [MESSAGE][PASSED] - Actual text and expected text of test object 'Object Repository/Specific Cases Repository/LS/Client Profile/Diagnosis/Page_Client Diagnosis/p_Conflict of priorities. There are already_911d33' are matched.

04-12-2024T18:13:12 - [TEST_STEP][PASSED] - click(findTestObject("Object Repository/Specific Cases Repository/LS/Client Profile/Diagnosis/Page_Client Diagnosis/button_Save Anyway")): Object: 'Object Repository/Specific Cases Repository/LS/Client Profile/Diagnosis/Page_Client Diagnosis/button_Save Anyway' is clicked on

04-12-2024T18:13:19 - [MESSAGE][PASSED] - Object: 'Object Repository/Specific Cases Repository/LS/Client Profile/Diagnosis/Page_Client Diagnosis/button_Save Anyway' is clicked on

04-12-2024T18:13:19 - [TEST_STEP][PASSED] - verifyElementText(findTestObject("Object Repository/Specific Cases Repository/LS/Client Profile/Diagnosis/Page_Client Profile/td_11212024"), Todays_Date): Actual text and expected text of test object 'Object Repository/Specific Cases Repository/LS/Client Profile/Diagnosis/Page_Client Profile/td_11212024' are matched.

04-12-2024T18:13:21 - [MESSAGE][PASSED] - Actual text and expected text of test object 'Object Repository/Specific Cases Repository/LS/Client Profile/Diagnosis/Page_Client Profile/td_11212024' are matched.

04-12-2024T18:13:21 - [TEST_STEP][PASSED] - click(findTestObject("Object Repository/Specific Cases Repository/LS/Client Profile/Diagnosis/Page_Client Profile/a_Automation Test_btn btn-primary btn-raise_969243")): Object: 'Object Repository/Specific Cases Repository/LS/Client Profile/Diagnosis/Page_Client Profile/a_Automation Test_btn btn-primary btn-raise_969243' is clicked on

04-12-2024T18:13:24 - [MESSAGE][PASSED] - Object: 'Object Repository/Specific Cases Repository/LS/Client Profile/Diagnosis/Page_Client Profile/a_Automation Test_btn btn-primary btn-raise_969243' is clicked on

04-12-2024T18:13:24 - [TEST_STEP][PASSED] - click(findTestObject("Object Repository/Specific Cases Repository/LS/Client Profile/Diagnosis/Page_Client Diagnosis/input_Entered in Error_iseie")): Object: 'Object Repository/Specific Cases Repository/LS/Client Profile/Diagnosis/Page_Client Diagnosis/input_Entered in Error_iseie' is clicked on

04-12-2024T18:13:24 - [MESSAGE][PASSED] - Object: 'Object Repository/Specific Cases Repository/LS/Client Profile/Diagnosis/Page_Client Diagnosis/input_Entered in Error_iseie' is clicked on

04-12-2024T18:13:24 - [TEST_STEP][PASSED] - setText(findTestObject("Object Repository/Specific Cases Repository/LS/Client Profile/Diagnosis/Page_Client Diagnosis/input_Reason_eiereason"), "automation test"): Text 'automation test' is set on object 'Object Repository/Specific Cases Repository/LS/Client Profile/Diagnosis/Page_Client Diagnosis/input_Reason_eiereason'

04-12-2024T18:13:25 - [MESSAGE][PASSED] - Text 'automation test' is set on object 'Object Repository/Specific Cases Repository/LS/Client Profile/Diagnosis/Page_Client Diagnosis/input_Reason_eiereason'

04-12-2024T18:13:25 - [TEST_STEP][PASSED] - click(findTestObject("Object Repository/Specific Cases Repository/LS/Client Profile/Diagnosis/Page_Client Diagnosis/button_Mark as Error")): Object: 'Object Repository/Specific Cases Repository/LS/Client Profile/Diagnosis/Page_Client Diagnosis/button_Mark as Error' is clicked on

04-12-2024T18:13:25 - [MESSAGE][PASSED] - Object: 'Object Repository/Specific Cases Repository/LS/Client Profile/Diagnosis/Page_Client Diagnosis/button_Mark as Error' is clicked on

04-12-2024T18:13:25 - [TEST_STEP][PASSED] - click(findTestObject("Object Repository/Specific Cases Repository/LS/Client Profile/Diagnosis/Page_Client Profile/a_Automation Test_btn btn-primary btn-raise_969243_1")): Object: 'Object Repository/Specific Cases Repository/LS/Client Profile/Diagnosis/Page_Client Profile/a_Automation Test_btn btn-primary btn-raise_969243_1' is clicked on

04-12-2024T18:13:34 - [MESSAGE][PASSED] - Object: 'Object Repository/Specific Cases Repository/LS/Client Profile/Diagnosis/Page_Client Profile/a_Automation Test_btn btn-primary btn-raise_969243_1' is clicked on

04-12-2024T18:13:34 - [TEST_STEP][PASSED] - click(findTestObject("Object Repository/Specific Cases Repository/LS/Client Profile/Diagnosis/Page_Client Diagnosis/input_Entered in Error_iseie")): Object: 'Object Repository/Specific Cases Repository/LS/Client Profile/Diagnosis/Page_Client Diagnosis/input_Entered in Error_iseie' is clicked on

04-12-2024T18:13:35 - [MESSAGE][PASSED] - Object: 'Object Repository/Specific Cases Repository/LS/Client Profile/Diagnosis/Page_Client Diagnosis/input_Entered in Error_iseie' is clicked on

04-12-2024T18:13:35 - [TEST_STEP][PASSED] - setText(findTestObject("Object Repository/Specific Cases Repository/LS/Client Profile/Diagnosis/Page_Client Diagnosis/input_Reason_eiereason"), "automation test"): Text 'automation test' is set on object 'Object Repository/Specific Cases Repository/LS/Client Profile/Diagnosis/Page_Client Diagnosis/input_Reason_eiereason'

04-12-2024T18:13:36 - [MESSAGE][PASSED] - Text 'automation test' is set on object 'Object Repository/Specific Cases Repository/LS/Client Profile/Diagnosis/Page_Client Diagnosis/input_Reason_eiereason'

04-12-2024T18:13:36 - [TEST_STEP][PASSED] - click(findTestObject("Object Repository/Specific Cases Repository/LS/Client Profile/Diagnosis/Page_Client Diagnosis/button_Mark as Error")): Object: 'Object Repository/Specific Cases Repository/LS/Client Profile/Diagnosis/Page_Client Diagnosis/button_Mark as Error' is clicked on

04-12-2024T18:13:36 - [MESSAGE][PASSED] - Object: 'Object Repository/Specific Cases Repository/LS/Client Profile/Diagnosis/Page_Client Diagnosis/button_Mark as Error' is clicked on

04-12-2024T18:13:36 - [TEST_STEP][PASSED] - closeBrowser(): Browser is closed

04-12-2024T18:13:36 - [MESSAGE][PASSED] - Browser is closed]]></system-out>
         <system-err><![CDATA[]]></system-err>
      </testcase>
      <testcase name="Test Cases/Specific Cases/LS/Client Profile/Discharge Planning/Discharge Plan" time="39.448" classname="Test Cases/Specific Cases/LS/Client Profile/Discharge Planning/Discharge Plan" status="PASSED">
         <system-out><![CDATA[04-12-2024T18:13:36 - [TEST_CASE][PASSED] - Test Cases/Specific Cases/LS/Client Profile/Discharge Planning/Discharge Plan: Test Cases/Specific Cases/LS/Client Profile/Discharge Planning/Discharge Plan

04-12-2024T18:13:36 - [TEST_STEP][PASSED] - callTestCase(findTestCase("Common Cases/Login"), [:], STOP_ON_FAILURE): Call Test Case 'Test Cases/Common Cases/Login' successfully

04-12-2024T18:13:36 - [TEST_CASE][PASSED] - Test Cases/Common Cases/Login: Test Cases/Common Cases/Login

04-12-2024T18:13:36 - [TEST_STEP][PASSED] - openBrowser(""): Browser is opened with url: ''

04-12-2024T18:13:36 - [MESSAGE][INFO] - Starting 'Chrome' driver

04-12-2024T18:13:36 - [MESSAGE][INFO] - Action delay is set to 0 milliseconds

04-12-2024T18:13:37 - [MESSAGE][PASSED] - Browser is opened with url: ''

04-12-2024T18:13:37 - [TEST_STEP][PASSED] - maximizeWindow(): Current window maximized

04-12-2024T18:13:37 - [MESSAGE][PASSED] - Current window maximized

04-12-2024T18:13:37 - [TEST_STEP][PASSED] - navigateToUrl("https://site17.lsapp.cloud/auth/login"): Navigate to 'https://site17.lsapp.cloud/auth/login' successfully

04-12-2024T18:13:40 - [MESSAGE][PASSED] - Navigate to 'https://site17.lsapp.cloud/auth/login' successfully

04-12-2024T18:13:40 - [TEST_STEP][PASSED] - setText(findTestObject("Object Repository/Common Cases Repository/Login/Page_Lightning Step/input_Email_email"), "automation@lightningstep.com"): Text 'automation@lightningstep.com' is set on object 'Object Repository/Common Cases Repository/Login/Page_Lightning Step/input_Email_email'

04-12-2024T18:13:40 - [MESSAGE][PASSED] - Text 'automation@lightningstep.com' is set on object 'Object Repository/Common Cases Repository/Login/Page_Lightning Step/input_Email_email'

04-12-2024T18:13:40 - [TEST_STEP][PASSED] - setEncryptedText(findTestObject("Object Repository/Common Cases Repository/Login/Page_Lightning Step/input_Password_password"), "e5N8VHmnhJDITtQaQhDQDw=="): Text ****** has been set on object 'Object Repository/Common Cases Repository/Login/Page_Lightning Step/input_Password_password'

04-12-2024T18:13:41 - [MESSAGE][PASSED] - Text ****** has been set on object 'Object Repository/Common Cases Repository/Login/Page_Lightning Step/input_Password_password'

04-12-2024T18:13:41 - [TEST_STEP][PASSED] - click(findTestObject("Object Repository/Common Cases Repository/Login/Page_Lightning Step/button_Sign in")): Object: 'Object Repository/Common Cases Repository/Login/Page_Lightning Step/button_Sign in' is clicked on

04-12-2024T18:13:45 - [MESSAGE][PASSED] - Object: 'Object Repository/Common Cases Repository/Login/Page_Lightning Step/button_Sign in' is clicked on

04-12-2024T18:13:45 - [MESSAGE][PASSED] - Call Test Case 'Test Cases/Common Cases/Login' successfully

04-12-2024T18:13:45 - [TEST_STEP][PASSED] - navigateToUrl("https://site17.lsapp.cloud/client/index/1556?section=dcplan"): Navigate to 'https://site17.lsapp.cloud/client/index/1556?section=dcplan' successfully

04-12-2024T18:13:50 - [MESSAGE][PASSED] - Navigate to 'https://site17.lsapp.cloud/client/index/1556?section=dcplan' successfully

04-12-2024T18:13:50 - [TEST_STEP][PASSED] - click(findTestObject("Object Repository/Specific Cases Repository/LS/Client Profile/Discharge Planning/Discharge Plan/Page_Client Profile/i_add")): Object: 'Object Repository/Specific Cases Repository/LS/Client Profile/Discharge Planning/Discharge Plan/Page_Client Profile/i_add' is clicked on

04-12-2024T18:13:54 - [MESSAGE][PASSED] - Object: 'Object Repository/Specific Cases Repository/LS/Client Profile/Discharge Planning/Discharge Plan/Page_Client Profile/i_add' is clicked on

04-12-2024T18:13:54 - [TEST_STEP][PASSED] - setText(findTestObject("Object Repository/Specific Cases Repository/LS/Client Profile/Discharge Planning/Discharge Plan/Page_Discharge Plan/input_Condition at Discharge_dccondition"), "Automation Condition at Discharge"): Text 'Automation Condition at Discharge' is set on object 'Object Repository/Specific Cases Repository/LS/Client Profile/Discharge Planning/Discharge Plan/Page_Discharge Plan/input_Condition at Discharge_dccondition'

04-12-2024T18:13:55 - [MESSAGE][PASSED] - Text 'Automation Condition at Discharge' is set on object 'Object Repository/Specific Cases Repository/LS/Client Profile/Discharge Planning/Discharge Plan/Page_Discharge Plan/input_Condition at Discharge_dccondition'

04-12-2024T18:13:55 - [TEST_STEP][PASSED] - click(findTestObject("Object Repository/Specific Cases Repository/LS/Client Profile/Discharge Planning/Discharge Plan/Page_Discharge Plan/i_Discharge Planning Content from Treatment Plan")): Object: 'Object Repository/Specific Cases Repository/LS/Client Profile/Discharge Planning/Discharge Plan/Page_Discharge Plan/i_Discharge Planning Content from Treatment Plan' is clicked on

04-12-2024T18:13:55 - [MESSAGE][PASSED] - Object: 'Object Repository/Specific Cases Repository/LS/Client Profile/Discharge Planning/Discharge Plan/Page_Discharge Plan/i_Discharge Planning Content from Treatment Plan' is clicked on

04-12-2024T18:13:55 - [TEST_STEP][PASSED] - selectOptionByValue(findTestObject("Object Repository/Specific Cases Repository/LS/Client Profile/Discharge Planning/Discharge Plan/Page_Discharge Plan/select_--Select-Type---- Select One --Disch_c276a7"), "1", true): All options with value '1' are selected in object 'Object Repository/Specific Cases Repository/LS/Client Profile/Discharge Planning/Discharge Plan/Page_Discharge Plan/select_--Select-Type---- Select One --Disch_c276a7'  using regular expression

04-12-2024T18:13:56 - [MESSAGE][PASSED] - All options with value '1' are selected in object 'Object Repository/Specific Cases Repository/LS/Client Profile/Discharge Planning/Discharge Plan/Page_Discharge Plan/select_--Select-Type---- Select One --Disch_c276a7'  using regular expression

04-12-2024T18:13:56 - [TEST_STEP][PASSED] - setText(findTestObject("Object Repository/Specific Cases Repository/LS/Client Profile/Discharge Planning/Discharge Plan/Page_Discharge Plan/textarea_Anticipated Plan Post-Discharge_tx_dafd1a"), "Automation Anticipated Plan Post-Discharge"): Text 'Automation Anticipated Plan Post-Discharge' is set on object 'Object Repository/Specific Cases Repository/LS/Client Profile/Discharge Planning/Discharge Plan/Page_Discharge Plan/textarea_Anticipated Plan Post-Discharge_tx_dafd1a'

04-12-2024T18:13:57 - [MESSAGE][PASSED] - Text 'Automation Anticipated Plan Post-Discharge' is set on object 'Object Repository/Specific Cases Repository/LS/Client Profile/Discharge Planning/Discharge Plan/Page_Discharge Plan/textarea_Anticipated Plan Post-Discharge_tx_dafd1a'

04-12-2024T18:13:57 - [TEST_STEP][PASSED] - setText(findTestObject("Object Repository/Specific Cases Repository/LS/Client Profile/Discharge Planning/Discharge Plan/Page_Discharge Plan/textarea_Client Involvement in Discharge Pl_548c36"), "Automation Client Involvement"): Text 'Automation Client Involvement' is set on object 'Object Repository/Specific Cases Repository/LS/Client Profile/Discharge Planning/Discharge Plan/Page_Discharge Plan/textarea_Client Involvement in Discharge Pl_548c36'

04-12-2024T18:13:57 - [MESSAGE][PASSED] - Text 'Automation Client Involvement' is set on object 'Object Repository/Specific Cases Repository/LS/Client Profile/Discharge Planning/Discharge Plan/Page_Discharge Plan/textarea_Client Involvement in Discharge Pl_548c36'

04-12-2024T18:13:57 - [TEST_STEP][PASSED] - setText(findTestObject("Object Repository/Specific Cases Repository/LS/Client Profile/Discharge Planning/Discharge Plan/Page_Discharge Plan/textarea_Family Involvement in Discharge Pl_020026"), "Automation Family Involvement"): Text 'Automation Family Involvement' is set on object 'Object Repository/Specific Cases Repository/LS/Client Profile/Discharge Planning/Discharge Plan/Page_Discharge Plan/textarea_Family Involvement in Discharge Pl_020026'

04-12-2024T18:13:58 - [MESSAGE][PASSED] - Text 'Automation Family Involvement' is set on object 'Object Repository/Specific Cases Repository/LS/Client Profile/Discharge Planning/Discharge Plan/Page_Discharge Plan/textarea_Family Involvement in Discharge Pl_020026'

04-12-2024T18:13:58 - [TEST_STEP][PASSED] - setText(findTestObject("Object Repository/Specific Cases Repository/LS/Client Profile/Discharge Planning/Discharge Plan/Page_Discharge Plan/textarea_Individual Goals Necessary to Sust_8c1980"), "Automation Individual Goals"): Text 'Automation Individual Goals' is set on object 'Object Repository/Specific Cases Repository/LS/Client Profile/Discharge Planning/Discharge Plan/Page_Discharge Plan/textarea_Individual Goals Necessary to Sust_8c1980'

04-12-2024T18:13:59 - [MESSAGE][PASSED] - Text 'Automation Individual Goals' is set on object 'Object Repository/Specific Cases Repository/LS/Client Profile/Discharge Planning/Discharge Plan/Page_Discharge Plan/textarea_Individual Goals Necessary to Sust_8c1980'

04-12-2024T18:13:59 - [TEST_STEP][PASSED] - setText(findTestObject("Object Repository/Specific Cases Repository/LS/Client Profile/Discharge Planning/Discharge Plan/Page_Discharge Plan/textarea_Medical Issues_txtmedical"), "Automation Medical"): Text 'Automation Medical' is set on object 'Object Repository/Specific Cases Repository/LS/Client Profile/Discharge Planning/Discharge Plan/Page_Discharge Plan/textarea_Medical Issues_txtmedical'

04-12-2024T18:13:59 - [MESSAGE][PASSED] - Text 'Automation Medical' is set on object 'Object Repository/Specific Cases Repository/LS/Client Profile/Discharge Planning/Discharge Plan/Page_Discharge Plan/textarea_Medical Issues_txtmedical'

04-12-2024T18:13:59 - [TEST_STEP][PASSED] - setText(findTestObject("Object Repository/Specific Cases Repository/LS/Client Profile/Discharge Planning/Discharge Plan/Page_Discharge Plan/textarea_Psychiatric Issues_txtpsychiatric"), "Automation Psychiatric"): Text 'Automation Psychiatric' is set on object 'Object Repository/Specific Cases Repository/LS/Client Profile/Discharge Planning/Discharge Plan/Page_Discharge Plan/textarea_Psychiatric Issues_txtpsychiatric'

04-12-2024T18:14:00 - [MESSAGE][PASSED] - Text 'Automation Psychiatric' is set on object 'Object Repository/Specific Cases Repository/LS/Client Profile/Discharge Planning/Discharge Plan/Page_Discharge Plan/textarea_Psychiatric Issues_txtpsychiatric'

04-12-2024T18:14:00 - [TEST_STEP][PASSED] - setText(findTestObject("Object Repository/Specific Cases Repository/LS/Client Profile/Discharge Planning/Discharge Plan/Page_Discharge Plan/textarea_Discharge Criteria_dccriteria"), "Automation Discharge"): Text 'Automation Discharge' is set on object 'Object Repository/Specific Cases Repository/LS/Client Profile/Discharge Planning/Discharge Plan/Page_Discharge Plan/textarea_Discharge Criteria_dccriteria'

04-12-2024T18:14:00 - [MESSAGE][PASSED] - Text 'Automation Discharge' is set on object 'Object Repository/Specific Cases Repository/LS/Client Profile/Discharge Planning/Discharge Plan/Page_Discharge Plan/textarea_Discharge Criteria_dccriteria'

04-12-2024T18:14:00 - [TEST_STEP][PASSED] - setText(findTestObject("Object Repository/Specific Cases Repository/LS/Client Profile/Discharge Planning/Discharge Plan/Page_Discharge Plan/textarea_Client Strengths_strengths"), "Automation Client Strengths"): Text 'Automation Client Strengths' is set on object 'Object Repository/Specific Cases Repository/LS/Client Profile/Discharge Planning/Discharge Plan/Page_Discharge Plan/textarea_Client Strengths_strengths'

04-12-2024T18:14:01 - [MESSAGE][PASSED] - Text 'Automation Client Strengths' is set on object 'Object Repository/Specific Cases Repository/LS/Client Profile/Discharge Planning/Discharge Plan/Page_Discharge Plan/textarea_Client Strengths_strengths'

04-12-2024T18:14:01 - [TEST_STEP][PASSED] - setText(findTestObject("Object Repository/Specific Cases Repository/LS/Client Profile/Discharge Planning/Discharge Plan/Page_Discharge Plan/textarea_Client Needs_needs"), "Automation Client Needs"): Text 'Automation Client Needs' is set on object 'Object Repository/Specific Cases Repository/LS/Client Profile/Discharge Planning/Discharge Plan/Page_Discharge Plan/textarea_Client Needs_needs'

04-12-2024T18:14:01 - [MESSAGE][PASSED] - Text 'Automation Client Needs' is set on object 'Object Repository/Specific Cases Repository/LS/Client Profile/Discharge Planning/Discharge Plan/Page_Discharge Plan/textarea_Client Needs_needs'

04-12-2024T18:14:01 - [TEST_STEP][PASSED] - setText(findTestObject("Object Repository/Specific Cases Repository/LS/Client Profile/Discharge Planning/Discharge Plan/Page_Discharge Plan/textarea_Client Abilities_abilities"), "Automation Client Abilities"): Text 'Automation Client Abilities' is set on object 'Object Repository/Specific Cases Repository/LS/Client Profile/Discharge Planning/Discharge Plan/Page_Discharge Plan/textarea_Client Abilities_abilities'

04-12-2024T18:14:02 - [MESSAGE][PASSED] - Text 'Automation Client Abilities' is set on object 'Object Repository/Specific Cases Repository/LS/Client Profile/Discharge Planning/Discharge Plan/Page_Discharge Plan/textarea_Client Abilities_abilities'

04-12-2024T18:14:02 - [TEST_STEP][PASSED] - setText(findTestObject("Object Repository/Specific Cases Repository/LS/Client Profile/Discharge Planning/Discharge Plan/Page_Discharge Plan/textarea_Client Preferences_preferences"), "Automation Client"): Text 'Automation Client' is set on object 'Object Repository/Specific Cases Repository/LS/Client Profile/Discharge Planning/Discharge Plan/Page_Discharge Plan/textarea_Client Preferences_preferences'

04-12-2024T18:14:03 - [MESSAGE][PASSED] - Text 'Automation Client' is set on object 'Object Repository/Specific Cases Repository/LS/Client Profile/Discharge Planning/Discharge Plan/Page_Discharge Plan/textarea_Client Preferences_preferences'

04-12-2024T18:14:03 - [TEST_STEP][PASSED] - setText(findTestObject("Object Repository/Specific Cases Repository/LS/Client Profile/Discharge Planning/Discharge Plan/Page_Discharge Plan/textarea_Response  to treatment_txtresponse"), "Automation Response"): Text 'Automation Response' is set on object 'Object Repository/Specific Cases Repository/LS/Client Profile/Discharge Planning/Discharge Plan/Page_Discharge Plan/textarea_Response  to treatment_txtresponse'

04-12-2024T18:14:03 - [MESSAGE][PASSED] - Text 'Automation Response' is set on object 'Object Repository/Specific Cases Repository/LS/Client Profile/Discharge Planning/Discharge Plan/Page_Discharge Plan/textarea_Response  to treatment_txtresponse'

04-12-2024T18:14:03 - [TEST_STEP][PASSED] - setText(findTestObject("Object Repository/Specific Cases Repository/LS/Client Profile/Discharge Planning/Discharge Plan/Page_Discharge Plan/textarea_Anticipated Effect of Family Dynam_bbb4c4"), "Automation Anticipated"): Text 'Automation Anticipated' is set on object 'Object Repository/Specific Cases Repository/LS/Client Profile/Discharge Planning/Discharge Plan/Page_Discharge Plan/textarea_Anticipated Effect of Family Dynam_bbb4c4'

04-12-2024T18:14:04 - [MESSAGE][PASSED] - Text 'Automation Anticipated' is set on object 'Object Repository/Specific Cases Repository/LS/Client Profile/Discharge Planning/Discharge Plan/Page_Discharge Plan/textarea_Anticipated Effect of Family Dynam_bbb4c4'

04-12-2024T18:14:04 - [TEST_STEP][PASSED] - setText(findTestObject("Object Repository/Specific Cases Repository/LS/Client Profile/Discharge Planning/Discharge Plan/Page_Discharge Plan/textarea_Other Referrals (Include PCP)_txtreferral"), "Automation Other"): Text 'Automation Other' is set on object 'Object Repository/Specific Cases Repository/LS/Client Profile/Discharge Planning/Discharge Plan/Page_Discharge Plan/textarea_Other Referrals (Include PCP)_txtreferral'

04-12-2024T18:14:05 - [MESSAGE][PASSED] - Text 'Automation Other' is set on object 'Object Repository/Specific Cases Repository/LS/Client Profile/Discharge Planning/Discharge Plan/Page_Discharge Plan/textarea_Other Referrals (Include PCP)_txtreferral'

04-12-2024T18:14:05 - [TEST_STEP][PASSED] - click(findTestObject("Object Repository/Specific Cases Repository/LS/Client Profile/Discharge Planning/Discharge Plan/Page_Discharge Plan/span_Client I participated in the developme_a916cf")): Object: 'Object Repository/Specific Cases Repository/LS/Client Profile/Discharge Planning/Discharge Plan/Page_Discharge Plan/span_Client I participated in the developme_a916cf' is clicked on

04-12-2024T18:14:05 - [MESSAGE][PASSED] - Object: 'Object Repository/Specific Cases Repository/LS/Client Profile/Discharge Planning/Discharge Plan/Page_Discharge Plan/span_Client I participated in the developme_a916cf' is clicked on

04-12-2024T18:14:05 - [TEST_STEP][PASSED] - click(findTestObject("Object Repository/Specific Cases Repository/LS/Client Profile/Discharge Planning/Discharge Plan/Page_Discharge Plan/canvas_Client I participated in the develop_94b7aa")): Object: 'Object Repository/Specific Cases Repository/LS/Client Profile/Discharge Planning/Discharge Plan/Page_Discharge Plan/canvas_Client I participated in the develop_94b7aa' is clicked on

04-12-2024T18:14:05 - [MESSAGE][PASSED] - Object: 'Object Repository/Specific Cases Repository/LS/Client Profile/Discharge Planning/Discharge Plan/Page_Discharge Plan/canvas_Client I participated in the develop_94b7aa' is clicked on

04-12-2024T18:14:05 - [TEST_STEP][PASSED] - click(findTestObject("Object Repository/Specific Cases Repository/LS/Client Profile/Discharge Planning/Discharge Plan/Page_Discharge Plan/canvas_Client I participated in the develop_94b7aa")): Object: 'Object Repository/Specific Cases Repository/LS/Client Profile/Discharge Planning/Discharge Plan/Page_Discharge Plan/canvas_Client I participated in the develop_94b7aa' is clicked on

04-12-2024T18:14:06 - [MESSAGE][PASSED] - Object: 'Object Repository/Specific Cases Repository/LS/Client Profile/Discharge Planning/Discharge Plan/Page_Discharge Plan/canvas_Client I participated in the develop_94b7aa' is clicked on

04-12-2024T18:14:06 - [TEST_STEP][PASSED] - click(findTestObject("Object Repository/Specific Cases Repository/LS/Client Profile/Discharge Planning/Discharge Plan/Page_Discharge Plan/span_Sign and Lock_check")): Object: 'Object Repository/Specific Cases Repository/LS/Client Profile/Discharge Planning/Discharge Plan/Page_Discharge Plan/span_Sign and Lock_check' is clicked on

04-12-2024T18:14:06 - [MESSAGE][PASSED] - Object: 'Object Repository/Specific Cases Repository/LS/Client Profile/Discharge Planning/Discharge Plan/Page_Discharge Plan/span_Sign and Lock_check' is clicked on

04-12-2024T18:14:06 - [TEST_STEP][PASSED] - click(findTestObject("Object Repository/Specific Cases Repository/LS/Client Profile/Discharge Planning/Discharge Plan/Page_Discharge Plan/button_Save")): Object: 'Object Repository/Specific Cases Repository/LS/Client Profile/Discharge Planning/Discharge Plan/Page_Discharge Plan/button_Save' is clicked on

04-12-2024T18:14:14 - [MESSAGE][PASSED] - Object: 'Object Repository/Specific Cases Repository/LS/Client Profile/Discharge Planning/Discharge Plan/Page_Discharge Plan/button_Save' is clicked on

04-12-2024T18:14:14 - [TEST_STEP][PASSED] - rightClick(findTestObject("Object Repository/Specific Cases Repository/LS/Client Profile/Discharge Planning/Discharge Plan/Page_Client Profile/td_Detoxification")): Object: 'Object Repository/Specific Cases Repository/LS/Client Profile/Discharge Planning/Discharge Plan/Page_Client Profile/td_Detoxification' is right clicked on

04-12-2024T18:14:15 - [MESSAGE][PASSED] - Object: 'Object Repository/Specific Cases Repository/LS/Client Profile/Discharge Planning/Discharge Plan/Page_Client Profile/td_Detoxification' is right clicked on

04-12-2024T18:14:15 - [TEST_STEP][PASSED] - closeBrowser(): Browser is closed

04-12-2024T18:14:16 - [MESSAGE][PASSED] - Browser is closed]]></system-out>
         <system-err><![CDATA[]]></system-err>
      </testcase>
      <testcase name="Test Cases/Specific Cases/LS/Client Profile/Discharge Planning/Discharge Summary" time="43.416" classname="Test Cases/Specific Cases/LS/Client Profile/Discharge Planning/Discharge Summary" status="PASSED">
         <system-out><![CDATA[04-12-2024T18:14:16 - [TEST_CASE][PASSED] - Test Cases/Specific Cases/LS/Client Profile/Discharge Planning/Discharge Summary: Test Cases/Specific Cases/LS/Client Profile/Discharge Planning/Discharge Summary

04-12-2024T18:14:16 - [TEST_STEP][PASSED] - callTestCase(findTestCase("Common Cases/Login"), [:], STOP_ON_FAILURE): Call Test Case 'Test Cases/Common Cases/Login' successfully

04-12-2024T18:14:16 - [TEST_CASE][PASSED] - Test Cases/Common Cases/Login: Test Cases/Common Cases/Login

04-12-2024T18:14:16 - [TEST_STEP][PASSED] - openBrowser(""): Browser is opened with url: ''

04-12-2024T18:14:16 - [MESSAGE][INFO] - Starting 'Chrome' driver

04-12-2024T18:14:16 - [MESSAGE][INFO] - Action delay is set to 0 milliseconds

04-12-2024T18:14:16 - [MESSAGE][PASSED] - Browser is opened with url: ''

04-12-2024T18:14:16 - [TEST_STEP][PASSED] - maximizeWindow(): Current window maximized

04-12-2024T18:14:16 - [MESSAGE][PASSED] - Current window maximized

04-12-2024T18:14:16 - [TEST_STEP][PASSED] - navigateToUrl("https://site17.lsapp.cloud/auth/login"): Navigate to 'https://site17.lsapp.cloud/auth/login' successfully

04-12-2024T18:14:19 - [MESSAGE][PASSED] - Navigate to 'https://site17.lsapp.cloud/auth/login' successfully

04-12-2024T18:14:19 - [TEST_STEP][PASSED] - setText(findTestObject("Object Repository/Common Cases Repository/Login/Page_Lightning Step/input_Email_email"), "automation@lightningstep.com"): Text 'automation@lightningstep.com' is set on object 'Object Repository/Common Cases Repository/Login/Page_Lightning Step/input_Email_email'

04-12-2024T18:14:20 - [MESSAGE][PASSED] - Text 'automation@lightningstep.com' is set on object 'Object Repository/Common Cases Repository/Login/Page_Lightning Step/input_Email_email'

04-12-2024T18:14:20 - [TEST_STEP][PASSED] - setEncryptedText(findTestObject("Object Repository/Common Cases Repository/Login/Page_Lightning Step/input_Password_password"), "e5N8VHmnhJDITtQaQhDQDw=="): Text ****** has been set on object 'Object Repository/Common Cases Repository/Login/Page_Lightning Step/input_Password_password'

04-12-2024T18:14:20 - [MESSAGE][PASSED] - Text ****** has been set on object 'Object Repository/Common Cases Repository/Login/Page_Lightning Step/input_Password_password'

04-12-2024T18:14:20 - [TEST_STEP][PASSED] - click(findTestObject("Object Repository/Common Cases Repository/Login/Page_Lightning Step/button_Sign in")): Object: 'Object Repository/Common Cases Repository/Login/Page_Lightning Step/button_Sign in' is clicked on

04-12-2024T18:14:24 - [MESSAGE][PASSED] - Object: 'Object Repository/Common Cases Repository/Login/Page_Lightning Step/button_Sign in' is clicked on

04-12-2024T18:14:24 - [MESSAGE][PASSED] - Call Test Case 'Test Cases/Common Cases/Login' successfully

04-12-2024T18:14:24 - [TEST_STEP][PASSED] - navigateToUrl("https://site17.lsapp.cloud/client/index/1560?section=dcplan"): Navigate to 'https://site17.lsapp.cloud/client/index/1560?section=dcplan' successfully

04-12-2024T18:14:29 - [MESSAGE][PASSED] - Navigate to 'https://site17.lsapp.cloud/client/index/1560?section=dcplan' successfully

04-12-2024T18:14:29 - [TEST_STEP][PASSED] - click(findTestObject("Object Repository/Specific Cases Repository/LS/Client Profile/Discharge Planning/Discharge Summary/Page_Client Profile/i_add")): Object: 'Object Repository/Specific Cases Repository/LS/Client Profile/Discharge Planning/Discharge Summary/Page_Client Profile/i_add' is clicked on

04-12-2024T18:14:34 - [MESSAGE][PASSED] - Object: 'Object Repository/Specific Cases Repository/LS/Client Profile/Discharge Planning/Discharge Summary/Page_Client Profile/i_add' is clicked on

04-12-2024T18:14:34 - [TEST_STEP][PASSED] - setText(findTestObject("Object Repository/Specific Cases Repository/LS/Client Profile/Discharge Planning/Discharge Summary/Page_Discharge Summary/input_Multiple Programs_admprogram"), "Automation Multiple Programs"): Text 'Automation Multiple Programs' is set on object 'Object Repository/Specific Cases Repository/LS/Client Profile/Discharge Planning/Discharge Summary/Page_Discharge Summary/input_Multiple Programs_admprogram'

04-12-2024T18:14:35 - [MESSAGE][PASSED] - Text 'Automation Multiple Programs' is set on object 'Object Repository/Specific Cases Repository/LS/Client Profile/Discharge Planning/Discharge Summary/Page_Discharge Summary/input_Multiple Programs_admprogram'

04-12-2024T18:14:35 - [TEST_STEP][PASSED] - setText(findTestObject("Object Repository/Specific Cases Repository/LS/Client Profile/Discharge Planning/Discharge Summary/Page_Discharge Summary/input_Primary Counselor_pricouns"), "Enrique Carreño"): Text 'Enrique Carreño' is set on object 'Object Repository/Specific Cases Repository/LS/Client Profile/Discharge Planning/Discharge Summary/Page_Discharge Summary/input_Primary Counselor_pricouns'

04-12-2024T18:14:35 - [MESSAGE][PASSED] - Text 'Enrique Carreño' is set on object 'Object Repository/Specific Cases Repository/LS/Client Profile/Discharge Planning/Discharge Summary/Page_Discharge Summary/input_Primary Counselor_pricouns'

04-12-2024T18:14:35 - [TEST_STEP][PASSED] - setText(findTestObject("Object Repository/Specific Cases Repository/LS/Client Profile/Discharge Planning/Discharge Summary/Page_Discharge Summary/input_Funding Source_payorname"), "Scholarship"): Text 'Scholarship' is set on object 'Object Repository/Specific Cases Repository/LS/Client Profile/Discharge Planning/Discharge Summary/Page_Discharge Summary/input_Funding Source_payorname'

04-12-2024T18:14:36 - [MESSAGE][PASSED] - Text 'Scholarship' is set on object 'Object Repository/Specific Cases Repository/LS/Client Profile/Discharge Planning/Discharge Summary/Page_Discharge Summary/input_Funding Source_payorname'

04-12-2024T18:14:36 - [TEST_STEP][PASSED] - verifyElementText(findTestObject("Object Repository/Specific Cases Repository/LS/Client Profile/Discharge Planning/Discharge Summary/Page_Discharge Summary/input_Funding Source_payorname"), ""): Actual text and expected text of test object 'Object Repository/Specific Cases Repository/LS/Client Profile/Discharge Planning/Discharge Summary/Page_Discharge Summary/input_Funding Source_payorname' are matched.

04-12-2024T18:14:36 - [MESSAGE][PASSED] - Actual text and expected text of test object 'Object Repository/Specific Cases Repository/LS/Client Profile/Discharge Planning/Discharge Summary/Page_Discharge Summary/input_Funding Source_payorname' are matched.

04-12-2024T18:14:36 - [TEST_STEP][PASSED] - setText(findTestObject("Object Repository/Specific Cases Repository/LS/Client Profile/Discharge Planning/Discharge Summary/Page_Discharge Summary/textarea_Precipitating EventReason for Care_ec3c9d"), "Automation Precipitating Event/Reason for Care"): Text 'Automation Precipitating Event/Reason for Care' is set on object 'Object Repository/Specific Cases Repository/LS/Client Profile/Discharge Planning/Discharge Summary/Page_Discharge Summary/textarea_Precipitating EventReason for Care_ec3c9d'

04-12-2024T18:14:37 - [MESSAGE][PASSED] - Text 'Automation Precipitating Event/Reason for Care' is set on object 'Object Repository/Specific Cases Repository/LS/Client Profile/Discharge Planning/Discharge Summary/Page_Discharge Summary/textarea_Precipitating EventReason for Care_ec3c9d'

04-12-2024T18:14:37 - [TEST_STEP][PASSED] - selectOptionByValue(findTestObject("Object Repository/Specific Cases Repository/LS/Client Profile/Discharge Planning/Discharge Summary/Page_Discharge Summary/select_Discharge Against Staff Advice    Di_d15691"), "Pending Review", true): All options with value 'Pending Review' are selected in object 'Object Repository/Specific Cases Repository/LS/Client Profile/Discharge Planning/Discharge Summary/Page_Discharge Summary/select_Discharge Against Staff Advice    Di_d15691'  using regular expression

04-12-2024T18:14:38 - [MESSAGE][PASSED] - All options with value 'Pending Review' are selected in object 'Object Repository/Specific Cases Repository/LS/Client Profile/Discharge Planning/Discharge Summary/Page_Discharge Summary/select_Discharge Against Staff Advice    Di_d15691'  using regular expression

04-12-2024T18:14:38 - [TEST_STEP][PASSED] - setText(findTestObject("Object Repository/Specific Cases Repository/LS/Client Profile/Discharge Planning/Discharge Summary/Page_Discharge Summary/textarea_Reason for Discharge Type_dctypereason"), "Automation Reason for Discharge Type"): Text 'Automation Reason for Discharge Type' is set on object 'Object Repository/Specific Cases Repository/LS/Client Profile/Discharge Planning/Discharge Summary/Page_Discharge Summary/textarea_Reason for Discharge Type_dctypereason'

04-12-2024T18:14:38 - [MESSAGE][PASSED] - Text 'Automation Reason for Discharge Type' is set on object 'Object Repository/Specific Cases Repository/LS/Client Profile/Discharge Planning/Discharge Summary/Page_Discharge Summary/textarea_Reason for Discharge Type_dctypereason'

04-12-2024T18:14:38 - [TEST_STEP][PASSED] - verifyElementText(findTestObject("Object Repository/Specific Cases Repository/LS/Client Profile/Discharge Planning/Discharge Summary/Page_Discharge Summary/td_Alcohol Use Disorder, Mild (F10.10)"), "Alcohol Use Disorder, Mild (F10.10)"): Actual text and expected text of test object 'Object Repository/Specific Cases Repository/LS/Client Profile/Discharge Planning/Discharge Summary/Page_Discharge Summary/td_Alcohol Use Disorder, Mild (F10.10)' are matched.

04-12-2024T18:14:38 - [MESSAGE][PASSED] - Actual text and expected text of test object 'Object Repository/Specific Cases Repository/LS/Client Profile/Discharge Planning/Discharge Summary/Page_Discharge Summary/td_Alcohol Use Disorder, Mild (F10.10)' are matched.

04-12-2024T18:14:38 - [TEST_STEP][PASSED] - setText(findTestObject("Object Repository/Specific Cases Repository/LS/Client Profile/Discharge Planning/Discharge Summary/Page_Discharge Summary/textarea_Outcome of Treatment_txtoutcome"), "Automation Outcome of Treatment"): Text 'Automation Outcome of Treatment' is set on object 'Object Repository/Specific Cases Repository/LS/Client Profile/Discharge Planning/Discharge Summary/Page_Discharge Summary/textarea_Outcome of Treatment_txtoutcome'

04-12-2024T18:14:39 - [MESSAGE][PASSED] - Text 'Automation Outcome of Treatment' is set on object 'Object Repository/Specific Cases Repository/LS/Client Profile/Discharge Planning/Discharge Summary/Page_Discharge Summary/textarea_Outcome of Treatment_txtoutcome'

04-12-2024T18:14:39 - [TEST_STEP][PASSED] - click(findTestObject("Object Repository/Specific Cases Repository/LS/Client Profile/Discharge Planning/Discharge Summary/Page_Discharge Summary/span_Service_check")): Object: 'Object Repository/Specific Cases Repository/LS/Client Profile/Discharge Planning/Discharge Summary/Page_Discharge Summary/span_Service_check' is clicked on

04-12-2024T18:14:39 - [MESSAGE][PASSED] - Object: 'Object Repository/Specific Cases Repository/LS/Client Profile/Discharge Planning/Discharge Summary/Page_Discharge Summary/span_Service_check' is clicked on

04-12-2024T18:14:39 - [TEST_STEP][PASSED] - click(findTestObject("Object Repository/Specific Cases Repository/LS/Client Profile/Discharge Planning/Discharge Summary/Page_Discharge Summary/span_Education_check")): Object: 'Object Repository/Specific Cases Repository/LS/Client Profile/Discharge Planning/Discharge Summary/Page_Discharge Summary/span_Education_check' is clicked on

04-12-2024T18:14:40 - [MESSAGE][PASSED] - Object: 'Object Repository/Specific Cases Repository/LS/Client Profile/Discharge Planning/Discharge Summary/Page_Discharge Summary/span_Education_check' is clicked on

04-12-2024T18:14:40 - [TEST_STEP][PASSED] - click(findTestObject("Object Repository/Specific Cases Repository/LS/Client Profile/Discharge Planning/Discharge Summary/Page_Discharge Summary/span_Family Education_check")): Object: 'Object Repository/Specific Cases Repository/LS/Client Profile/Discharge Planning/Discharge Summary/Page_Discharge Summary/span_Family Education_check' is clicked on

04-12-2024T18:14:41 - [MESSAGE][PASSED] - Object: 'Object Repository/Specific Cases Repository/LS/Client Profile/Discharge Planning/Discharge Summary/Page_Discharge Summary/span_Family Education_check' is clicked on

04-12-2024T18:14:41 - [TEST_STEP][PASSED] - click(findTestObject("Object Repository/Specific Cases Repository/LS/Client Profile/Discharge Planning/Discharge Summary/Page_Discharge Summary/span_Individual Counseling_check")): Object: 'Object Repository/Specific Cases Repository/LS/Client Profile/Discharge Planning/Discharge Summary/Page_Discharge Summary/span_Individual Counseling_check' is clicked on

04-12-2024T18:14:41 - [MESSAGE][PASSED] - Object: 'Object Repository/Specific Cases Repository/LS/Client Profile/Discharge Planning/Discharge Summary/Page_Discharge Summary/span_Individual Counseling_check' is clicked on

04-12-2024T18:14:41 - [TEST_STEP][PASSED] - click(findTestObject("Object Repository/Specific Cases Repository/LS/Client Profile/Discharge Planning/Discharge Summary/Page_Discharge Summary/span_Orientation to Community Resources_check")): Object: 'Object Repository/Specific Cases Repository/LS/Client Profile/Discharge Planning/Discharge Summary/Page_Discharge Summary/span_Orientation to Community Resources_check' is clicked on

04-12-2024T18:14:42 - [MESSAGE][PASSED] - Object: 'Object Repository/Specific Cases Repository/LS/Client Profile/Discharge Planning/Discharge Summary/Page_Discharge Summary/span_Orientation to Community Resources_check' is clicked on

04-12-2024T18:14:42 - [TEST_STEP][PASSED] - verifyElementText(findTestObject("Object Repository/Specific Cases Repository/LS/Client Profile/Discharge Planning/Discharge Summary/Page_Discharge Summary/td_Atrovent, 15 mg, 39 Capsule, Injectable,_fb55b0"), "Atrovent, 15 mg, 39 Capsule, Injectable, Five Times a Day"): Actual text and expected text of test object 'Object Repository/Specific Cases Repository/LS/Client Profile/Discharge Planning/Discharge Summary/Page_Discharge Summary/td_Atrovent, 15 mg, 39 Capsule, Injectable,_fb55b0' are matched.

04-12-2024T18:14:43 - [MESSAGE][PASSED] - Actual text and expected text of test object 'Object Repository/Specific Cases Repository/LS/Client Profile/Discharge Planning/Discharge Summary/Page_Discharge Summary/td_Atrovent, 15 mg, 39 Capsule, Injectable,_fb55b0' are matched.

04-12-2024T18:14:43 - [TEST_STEP][PASSED] - setText(findTestObject("Object Repository/Specific Cases Repository/LS/Client Profile/Discharge Planning/Discharge Summary/Page_Discharge Summary/textarea_Plan for Continuing Care_ccplan"), "Automation Plan for Continuing Care"): Text 'Automation Plan for Continuing Care' is set on object 'Object Repository/Specific Cases Repository/LS/Client Profile/Discharge Planning/Discharge Summary/Page_Discharge Summary/textarea_Plan for Continuing Care_ccplan'

04-12-2024T18:14:43 - [MESSAGE][PASSED] - Text 'Automation Plan for Continuing Care' is set on object 'Object Repository/Specific Cases Repository/LS/Client Profile/Discharge Planning/Discharge Summary/Page_Discharge Summary/textarea_Plan for Continuing Care_ccplan'

04-12-2024T18:14:43 - [TEST_STEP][PASSED] - setText(findTestObject("Object Repository/Specific Cases Repository/LS/Client Profile/Discharge Planning/Discharge Summary/Page_Discharge Summary/textarea_Living Environment at Discharge_txtliving"), "Automation Environment at Discharge"): Text 'Automation Environment at Discharge' is set on object 'Object Repository/Specific Cases Repository/LS/Client Profile/Discharge Planning/Discharge Summary/Page_Discharge Summary/textarea_Living Environment at Discharge_txtliving'

04-12-2024T18:14:44 - [MESSAGE][PASSED] - Text 'Automation Environment at Discharge' is set on object 'Object Repository/Specific Cases Repository/LS/Client Profile/Discharge Planning/Discharge Summary/Page_Discharge Summary/textarea_Living Environment at Discharge_txtliving'

04-12-2024T18:14:44 - [TEST_STEP][PASSED] - setText(findTestObject("Object Repository/Specific Cases Repository/LS/Client Profile/Discharge Planning/Discharge Summary/Page_Discharge Summary/textarea_Additional Recommendations_txtadditional"), "Automation Recommendations"): Text 'Automation Recommendations' is set on object 'Object Repository/Specific Cases Repository/LS/Client Profile/Discharge Planning/Discharge Summary/Page_Discharge Summary/textarea_Additional Recommendations_txtadditional'

04-12-2024T18:14:44 - [MESSAGE][PASSED] - Text 'Automation Recommendations' is set on object 'Object Repository/Specific Cases Repository/LS/Client Profile/Discharge Planning/Discharge Summary/Page_Discharge Summary/textarea_Additional Recommendations_txtadditional'

04-12-2024T18:14:44 - [TEST_STEP][PASSED] - setText(findTestObject("Object Repository/Specific Cases Repository/LS/Client Profile/Discharge Planning/Discharge Summary/Page_Discharge Summary/textarea_Summary of Treatment_txsummary"), "Automation Summary of Treatment"): Text 'Automation Summary of Treatment' is set on object 'Object Repository/Specific Cases Repository/LS/Client Profile/Discharge Planning/Discharge Summary/Page_Discharge Summary/textarea_Summary of Treatment_txsummary'

04-12-2024T18:14:45 - [MESSAGE][PASSED] - Text 'Automation Summary of Treatment' is set on object 'Object Repository/Specific Cases Repository/LS/Client Profile/Discharge Planning/Discharge Summary/Page_Discharge Summary/textarea_Summary of Treatment_txsummary'

04-12-2024T18:14:45 - [TEST_STEP][PASSED] - setText(findTestObject("Object Repository/Specific Cases Repository/LS/Client Profile/Discharge Planning/Discharge Summary/Page_Discharge Summary/textarea_Condition at Discharge_txtcondition"), "Automation Condition at Discharge"): Text 'Automation Condition at Discharge' is set on object 'Object Repository/Specific Cases Repository/LS/Client Profile/Discharge Planning/Discharge Summary/Page_Discharge Summary/textarea_Condition at Discharge_txtcondition'

04-12-2024T18:14:46 - [MESSAGE][PASSED] - Text 'Automation Condition at Discharge' is set on object 'Object Repository/Specific Cases Repository/LS/Client Profile/Discharge Planning/Discharge Summary/Page_Discharge Summary/textarea_Condition at Discharge_txtcondition'

04-12-2024T18:14:46 - [TEST_STEP][PASSED] - setText(findTestObject("Object Repository/Specific Cases Repository/LS/Client Profile/Discharge Planning/Discharge Summary/Page_Discharge Summary/textarea_Additional Information_note"), "Automation Additional Information"): Text 'Automation Additional Information' is set on object 'Object Repository/Specific Cases Repository/LS/Client Profile/Discharge Planning/Discharge Summary/Page_Discharge Summary/textarea_Additional Information_note'

04-12-2024T18:14:46 - [MESSAGE][PASSED] - Text 'Automation Additional Information' is set on object 'Object Repository/Specific Cases Repository/LS/Client Profile/Discharge Planning/Discharge Summary/Page_Discharge Summary/textarea_Additional Information_note'

04-12-2024T18:14:46 - [TEST_STEP][PASSED] - click(findTestObject("Object Repository/Specific Cases Repository/LS/Client Profile/Discharge Planning/Discharge Summary/Page_Discharge Summary/span_Sign and Lock_check")): Object: 'Object Repository/Specific Cases Repository/LS/Client Profile/Discharge Planning/Discharge Summary/Page_Discharge Summary/span_Sign and Lock_check' is clicked on

04-12-2024T18:14:47 - [MESSAGE][PASSED] - Object: 'Object Repository/Specific Cases Repository/LS/Client Profile/Discharge Planning/Discharge Summary/Page_Discharge Summary/span_Sign and Lock_check' is clicked on

04-12-2024T18:14:47 - [TEST_STEP][PASSED] - click(findTestObject("Object Repository/Specific Cases Repository/LS/Client Profile/Discharge Planning/Discharge Summary/Page_Discharge Summary/button_Save")): Object: 'Object Repository/Specific Cases Repository/LS/Client Profile/Discharge Planning/Discharge Summary/Page_Discharge Summary/button_Save' is clicked on

04-12-2024T18:14:53 - [MESSAGE][PASSED] - Object: 'Object Repository/Specific Cases Repository/LS/Client Profile/Discharge Planning/Discharge Summary/Page_Discharge Summary/button_Save' is clicked on

04-12-2024T18:14:53 - [TEST_STEP][PASSED] - verifyElementText(findTestObject("Object Repository/Specific Cases Repository/LS/Client Profile/Discharge Planning/Discharge Summary/Page_Client Profile/td_Automation Multiple Programs"), "Automation Multiple Programs"): Actual text and expected text of test object 'Object Repository/Specific Cases Repository/LS/Client Profile/Discharge Planning/Discharge Summary/Page_Client Profile/td_Automation Multiple Programs' are matched.

04-12-2024T18:14:54 - [MESSAGE][PASSED] - Actual text and expected text of test object 'Object Repository/Specific Cases Repository/LS/Client Profile/Discharge Planning/Discharge Summary/Page_Client Profile/td_Automation Multiple Programs' are matched.

04-12-2024T18:14:54 - [TEST_STEP][PASSED] - verifyElementText(findTestObject("Object Repository/Specific Cases Repository/LS/Client Profile/Discharge Planning/Discharge Summary/Page_Client Profile/td_Completed"), "Completed"): Actual text and expected text of test object 'Object Repository/Specific Cases Repository/LS/Client Profile/Discharge Planning/Discharge Summary/Page_Client Profile/td_Completed' are matched.

04-12-2024T18:14:54 - [MESSAGE][PASSED] - Actual text and expected text of test object 'Object Repository/Specific Cases Repository/LS/Client Profile/Discharge Planning/Discharge Summary/Page_Client Profile/td_Completed' are matched.

04-12-2024T18:14:54 - [TEST_STEP][PASSED] - click(findTestObject("Object Repository/Specific Cases Repository/LS/Client Profile/Discharge Planning/Discharge Summary/Page_Client Profile/a_Completed_btn btn-primary btn-raised btn-sm")): Object: 'Object Repository/Specific Cases Repository/LS/Client Profile/Discharge Planning/Discharge Summary/Page_Client Profile/a_Completed_btn btn-primary btn-raised btn-sm' is clicked on

04-12-2024T18:14:57 - [MESSAGE][PASSED] - Object: 'Object Repository/Specific Cases Repository/LS/Client Profile/Discharge Planning/Discharge Summary/Page_Client Profile/a_Completed_btn btn-primary btn-raised btn-sm' is clicked on

04-12-2024T18:14:57 - [TEST_STEP][PASSED] - click(findTestObject("Object Repository/Specific Cases Repository/LS/Client Profile/Discharge Planning/Discharge Summary/Page_Discharge Summary/input_Entered in Error_iseie")): Object: 'Object Repository/Specific Cases Repository/LS/Client Profile/Discharge Planning/Discharge Summary/Page_Discharge Summary/input_Entered in Error_iseie' is clicked on

04-12-2024T18:14:58 - [MESSAGE][PASSED] - Object: 'Object Repository/Specific Cases Repository/LS/Client Profile/Discharge Planning/Discharge Summary/Page_Discharge Summary/input_Entered in Error_iseie' is clicked on

04-12-2024T18:14:58 - [TEST_STEP][PASSED] - setText(findTestObject("Object Repository/Specific Cases Repository/LS/Client Profile/Discharge Planning/Discharge Summary/Page_Discharge Summary/input_Reason_eiereason"), "Automation Test"): Text 'Automation Test' is set on object 'Object Repository/Specific Cases Repository/LS/Client Profile/Discharge Planning/Discharge Summary/Page_Discharge Summary/input_Reason_eiereason'

04-12-2024T18:14:59 - [MESSAGE][PASSED] - Text 'Automation Test' is set on object 'Object Repository/Specific Cases Repository/LS/Client Profile/Discharge Planning/Discharge Summary/Page_Discharge Summary/input_Reason_eiereason'

04-12-2024T18:14:59 - [TEST_STEP][PASSED] - click(findTestObject("Object Repository/Specific Cases Repository/LS/Client Profile/Discharge Planning/Discharge Summary/Page_Discharge Summary/button_Mark as Error")): Object: 'Object Repository/Specific Cases Repository/LS/Client Profile/Discharge Planning/Discharge Summary/Page_Discharge Summary/button_Mark as Error' is clicked on

04-12-2024T18:14:59 - [MESSAGE][PASSED] - Object: 'Object Repository/Specific Cases Repository/LS/Client Profile/Discharge Planning/Discharge Summary/Page_Discharge Summary/button_Mark as Error' is clicked on

04-12-2024T18:14:59 - [TEST_STEP][PASSED] - closeBrowser(): Browser is closed

04-12-2024T18:14:59 - [MESSAGE][PASSED] - Browser is closed]]></system-out>
         <system-err><![CDATA[]]></system-err>
      </testcase>
      <testcase name="Test Cases/Specific Cases/LS/Client Profile/Discharge Planning/Initial Discharge Plan" time="34.73" classname="Test Cases/Specific Cases/LS/Client Profile/Discharge Planning/Initial Discharge Plan" status="PASSED">
         <system-out><![CDATA[04-12-2024T18:14:59 - [TEST_CASE][PASSED] - Test Cases/Specific Cases/LS/Client Profile/Discharge Planning/Initial Discharge Plan: Test Cases/Specific Cases/LS/Client Profile/Discharge Planning/Initial Discharge Plan

04-12-2024T18:14:59 - [TEST_STEP][PASSED] - callTestCase(findTestCase("Common Cases/Login"), [:], STOP_ON_FAILURE): Call Test Case 'Test Cases/Common Cases/Login' successfully

04-12-2024T18:14:59 - [TEST_CASE][PASSED] - Test Cases/Common Cases/Login: Test Cases/Common Cases/Login

04-12-2024T18:14:59 - [TEST_STEP][PASSED] - openBrowser(""): Browser is opened with url: ''

04-12-2024T18:14:59 - [MESSAGE][INFO] - Starting 'Chrome' driver

04-12-2024T18:14:59 - [MESSAGE][INFO] - Action delay is set to 0 milliseconds

04-12-2024T18:15:00 - [MESSAGE][PASSED] - Browser is opened with url: ''

04-12-2024T18:15:00 - [TEST_STEP][PASSED] - maximizeWindow(): Current window maximized

04-12-2024T18:15:00 - [MESSAGE][PASSED] - Current window maximized

04-12-2024T18:15:00 - [TEST_STEP][PASSED] - navigateToUrl("https://site17.lsapp.cloud/auth/login"): Navigate to 'https://site17.lsapp.cloud/auth/login' successfully

04-12-2024T18:15:02 - [MESSAGE][PASSED] - Navigate to 'https://site17.lsapp.cloud/auth/login' successfully

04-12-2024T18:15:02 - [TEST_STEP][PASSED] - setText(findTestObject("Object Repository/Common Cases Repository/Login/Page_Lightning Step/input_Email_email"), "automation@lightningstep.com"): Text 'automation@lightningstep.com' is set on object 'Object Repository/Common Cases Repository/Login/Page_Lightning Step/input_Email_email'

04-12-2024T18:15:03 - [MESSAGE][PASSED] - Text 'automation@lightningstep.com' is set on object 'Object Repository/Common Cases Repository/Login/Page_Lightning Step/input_Email_email'

04-12-2024T18:15:03 - [TEST_STEP][PASSED] - setEncryptedText(findTestObject("Object Repository/Common Cases Repository/Login/Page_Lightning Step/input_Password_password"), "e5N8VHmnhJDITtQaQhDQDw=="): Text ****** has been set on object 'Object Repository/Common Cases Repository/Login/Page_Lightning Step/input_Password_password'

04-12-2024T18:15:03 - [MESSAGE][PASSED] - Text ****** has been set on object 'Object Repository/Common Cases Repository/Login/Page_Lightning Step/input_Password_password'

04-12-2024T18:15:03 - [TEST_STEP][PASSED] - click(findTestObject("Object Repository/Common Cases Repository/Login/Page_Lightning Step/button_Sign in")): Object: 'Object Repository/Common Cases Repository/Login/Page_Lightning Step/button_Sign in' is clicked on

04-12-2024T18:15:08 - [MESSAGE][PASSED] - Object: 'Object Repository/Common Cases Repository/Login/Page_Lightning Step/button_Sign in' is clicked on

04-12-2024T18:15:08 - [MESSAGE][PASSED] - Call Test Case 'Test Cases/Common Cases/Login' successfully

04-12-2024T18:15:08 - [TEST_STEP][PASSED] - navigateToUrl("https://site17.lsapp.cloud/client/index/1556?section=dcplan"): Navigate to 'https://site17.lsapp.cloud/client/index/1556?section=dcplan' successfully

04-12-2024T18:15:13 - [MESSAGE][PASSED] - Navigate to 'https://site17.lsapp.cloud/client/index/1556?section=dcplan' successfully

04-12-2024T18:15:13 - [TEST_STEP][PASSED] - click(findTestObject("Object Repository/Specific Cases Repository/LS/Client Profile/Discharge Planning/Initial Discharge Plan/Page_Client Profile/i_add")): Object: 'Object Repository/Specific Cases Repository/LS/Client Profile/Discharge Planning/Initial Discharge Plan/Page_Client Profile/i_add' is clicked on

04-12-2024T18:15:17 - [MESSAGE][PASSED] - Object: 'Object Repository/Specific Cases Repository/LS/Client Profile/Discharge Planning/Initial Discharge Plan/Page_Client Profile/i_add' is clicked on

04-12-2024T18:15:17 - [TEST_STEP][PASSED] - setText(findTestObject("Object Repository/Specific Cases Repository/LS/Client Profile/Discharge Planning/Initial Discharge Plan/Page_Initial Discharge Plan/textarea_Individualized Objectives for Cont_2a421a"), "Automation Individualized Objectives"): Text 'Automation Individualized Objectives' is set on object 'Object Repository/Specific Cases Repository/LS/Client Profile/Discharge Planning/Initial Discharge Plan/Page_Initial Discharge Plan/textarea_Individualized Objectives for Cont_2a421a'

04-12-2024T18:15:18 - [MESSAGE][PASSED] - Text 'Automation Individualized Objectives' is set on object 'Object Repository/Specific Cases Repository/LS/Client Profile/Discharge Planning/Initial Discharge Plan/Page_Initial Discharge Plan/textarea_Individualized Objectives for Cont_2a421a'

04-12-2024T18:15:18 - [TEST_STEP][PASSED] - setText(findTestObject("Object Repository/Specific Cases Repository/LS/Client Profile/Discharge Planning/Initial Discharge Plan/Page_Initial Discharge Plan/textarea_Issues identified upon admission t_185eab"), "Automation Issues identified"): Text 'Automation Issues identified' is set on object 'Object Repository/Specific Cases Repository/LS/Client Profile/Discharge Planning/Initial Discharge Plan/Page_Initial Discharge Plan/textarea_Issues identified upon admission t_185eab'

04-12-2024T18:15:19 - [MESSAGE][PASSED] - Text 'Automation Issues identified' is set on object 'Object Repository/Specific Cases Repository/LS/Client Profile/Discharge Planning/Initial Discharge Plan/Page_Initial Discharge Plan/textarea_Issues identified upon admission t_185eab'

04-12-2024T18:15:19 - [TEST_STEP][PASSED] - setText(findTestObject("Object Repository/Specific Cases Repository/LS/Client Profile/Discharge Planning/Initial Discharge Plan/Page_Initial Discharge Plan/textarea_Clinical Recommendation Upon Disch_4f87c6"), "Automation Clinical Recommendation"): Text 'Automation Clinical Recommendation' is set on object 'Object Repository/Specific Cases Repository/LS/Client Profile/Discharge Planning/Initial Discharge Plan/Page_Initial Discharge Plan/textarea_Clinical Recommendation Upon Disch_4f87c6'

04-12-2024T18:15:19 - [MESSAGE][PASSED] - Text 'Automation Clinical Recommendation' is set on object 'Object Repository/Specific Cases Repository/LS/Client Profile/Discharge Planning/Initial Discharge Plan/Page_Initial Discharge Plan/textarea_Clinical Recommendation Upon Disch_4f87c6'

04-12-2024T18:15:19 - [TEST_STEP][PASSED] - selectOptionByValue(findTestObject("Object Repository/Specific Cases Repository/LS/Client Profile/Discharge Planning/Initial Discharge Plan/Page_Initial Discharge Plan/select_MotivatedWillingAmbivalentResistant"), "Motivated", true): All options with value 'Motivated' are selected in object 'Object Repository/Specific Cases Repository/LS/Client Profile/Discharge Planning/Initial Discharge Plan/Page_Initial Discharge Plan/select_MotivatedWillingAmbivalentResistant'  using regular expression

04-12-2024T18:15:20 - [MESSAGE][PASSED] - All options with value 'Motivated' are selected in object 'Object Repository/Specific Cases Repository/LS/Client Profile/Discharge Planning/Initial Discharge Plan/Page_Initial Discharge Plan/select_MotivatedWillingAmbivalentResistant'  using regular expression

04-12-2024T18:15:20 - [TEST_STEP][PASSED] - selectOptionByValue(findTestObject("Object Repository/Specific Cases Repository/LS/Client Profile/Discharge Planning/Initial Discharge Plan/Page_Initial Discharge Plan/select_MotivatedWillingAmbivalentResistantU_a7458e"), "Willing", true): All options with value 'Willing' are selected in object 'Object Repository/Specific Cases Repository/LS/Client Profile/Discharge Planning/Initial Discharge Plan/Page_Initial Discharge Plan/select_MotivatedWillingAmbivalentResistantU_a7458e'  using regular expression

04-12-2024T18:15:21 - [MESSAGE][PASSED] - All options with value 'Willing' are selected in object 'Object Repository/Specific Cases Repository/LS/Client Profile/Discharge Planning/Initial Discharge Plan/Page_Initial Discharge Plan/select_MotivatedWillingAmbivalentResistantU_a7458e'  using regular expression

04-12-2024T18:15:21 - [TEST_STEP][PASSED] - click(findTestObject("Object Repository/Specific Cases Repository/LS/Client Profile/Discharge Planning/Initial Discharge Plan/Page_Initial Discharge Plan/span_Sign and Lock_check")): Object: 'Object Repository/Specific Cases Repository/LS/Client Profile/Discharge Planning/Initial Discharge Plan/Page_Initial Discharge Plan/span_Sign and Lock_check' is clicked on

04-12-2024T18:15:21 - [MESSAGE][PASSED] - Object: 'Object Repository/Specific Cases Repository/LS/Client Profile/Discharge Planning/Initial Discharge Plan/Page_Initial Discharge Plan/span_Sign and Lock_check' is clicked on

04-12-2024T18:15:21 - [TEST_STEP][PASSED] - click(findTestObject("Object Repository/Specific Cases Repository/LS/Client Profile/Discharge Planning/Initial Discharge Plan/Page_Initial Discharge Plan/button_Save")): Object: 'Object Repository/Specific Cases Repository/LS/Client Profile/Discharge Planning/Initial Discharge Plan/Page_Initial Discharge Plan/button_Save' is clicked on

04-12-2024T18:15:28 - [MESSAGE][PASSED] - Object: 'Object Repository/Specific Cases Repository/LS/Client Profile/Discharge Planning/Initial Discharge Plan/Page_Initial Discharge Plan/button_Save' is clicked on

04-12-2024T18:15:28 - [TEST_STEP][PASSED] - verifyElementText(findTestObject("Object Repository/Specific Cases Repository/LS/Client Profile/Discharge Planning/Initial Discharge Plan/Page_Client Profile/td_12032024"), Todays_Date): Actual text and expected text of test object 'Object Repository/Specific Cases Repository/LS/Client Profile/Discharge Planning/Initial Discharge Plan/Page_Client Profile/td_12032024' are matched.

04-12-2024T18:15:29 - [MESSAGE][PASSED] - Actual text and expected text of test object 'Object Repository/Specific Cases Repository/LS/Client Profile/Discharge Planning/Initial Discharge Plan/Page_Client Profile/td_12032024' are matched.

04-12-2024T18:15:29 - [TEST_STEP][PASSED] - verifyElementText(findTestObject("Object Repository/Specific Cases Repository/LS/Client Profile/Discharge Planning/Initial Discharge Plan/Page_Client Profile/td_Detoxification"), "Detoxification"): Actual text and expected text of test object 'Object Repository/Specific Cases Repository/LS/Client Profile/Discharge Planning/Initial Discharge Plan/Page_Client Profile/td_Detoxification' are matched.

04-12-2024T18:15:30 - [MESSAGE][PASSED] - Actual text and expected text of test object 'Object Repository/Specific Cases Repository/LS/Client Profile/Discharge Planning/Initial Discharge Plan/Page_Client Profile/td_Detoxification' are matched.

04-12-2024T18:15:30 - [TEST_STEP][PASSED] - verifyElementText(findTestObject("Object Repository/Specific Cases Repository/LS/Client Profile/Discharge Planning/Initial Discharge Plan/Page_Client Profile/td_Signed"), "Signed"): Actual text and expected text of test object 'Object Repository/Specific Cases Repository/LS/Client Profile/Discharge Planning/Initial Discharge Plan/Page_Client Profile/td_Signed' are matched.

04-12-2024T18:15:30 - [MESSAGE][PASSED] - Actual text and expected text of test object 'Object Repository/Specific Cases Repository/LS/Client Profile/Discharge Planning/Initial Discharge Plan/Page_Client Profile/td_Signed' are matched.

04-12-2024T18:15:30 - [TEST_STEP][PASSED] - click(findTestObject("Object Repository/Specific Cases Repository/LS/Client Profile/Discharge Planning/Initial Discharge Plan/Page_Client Profile/i_Signed_fa fa-pencil")): Object: 'Object Repository/Specific Cases Repository/LS/Client Profile/Discharge Planning/Initial Discharge Plan/Page_Client Profile/i_Signed_fa fa-pencil' is clicked on

04-12-2024T18:15:32 - [MESSAGE][PASSED] - Object: 'Object Repository/Specific Cases Repository/LS/Client Profile/Discharge Planning/Initial Discharge Plan/Page_Client Profile/i_Signed_fa fa-pencil' is clicked on

04-12-2024T18:15:32 - [TEST_STEP][PASSED] - click(findTestObject("Object Repository/Specific Cases Repository/LS/Client Profile/Discharge Planning/Initial Discharge Plan/Page_Initial Discharge Plan/input_Entered in Error_iseie")): Object: 'Object Repository/Specific Cases Repository/LS/Client Profile/Discharge Planning/Initial Discharge Plan/Page_Initial Discharge Plan/input_Entered in Error_iseie' is clicked on

04-12-2024T18:15:33 - [MESSAGE][PASSED] - Object: 'Object Repository/Specific Cases Repository/LS/Client Profile/Discharge Planning/Initial Discharge Plan/Page_Initial Discharge Plan/input_Entered in Error_iseie' is clicked on

04-12-2024T18:15:33 - [TEST_STEP][PASSED] - setText(findTestObject("Object Repository/Specific Cases Repository/LS/Client Profile/Discharge Planning/Initial Discharge Plan/Page_Initial Discharge Plan/input_Reason_eiereason"), "Automation Test"): Text 'Automation Test' is set on object 'Object Repository/Specific Cases Repository/LS/Client Profile/Discharge Planning/Initial Discharge Plan/Page_Initial Discharge Plan/input_Reason_eiereason'

04-12-2024T18:15:33 - [MESSAGE][PASSED] - Text 'Automation Test' is set on object 'Object Repository/Specific Cases Repository/LS/Client Profile/Discharge Planning/Initial Discharge Plan/Page_Initial Discharge Plan/input_Reason_eiereason'

04-12-2024T18:15:33 - [TEST_STEP][PASSED] - click(findTestObject("Object Repository/Specific Cases Repository/LS/Client Profile/Discharge Planning/Initial Discharge Plan/Page_Initial Discharge Plan/button_Mark as Error")): Object: 'Object Repository/Specific Cases Repository/LS/Client Profile/Discharge Planning/Initial Discharge Plan/Page_Initial Discharge Plan/button_Mark as Error' is clicked on

04-12-2024T18:15:34 - [MESSAGE][PASSED] - Object: 'Object Repository/Specific Cases Repository/LS/Client Profile/Discharge Planning/Initial Discharge Plan/Page_Initial Discharge Plan/button_Mark as Error' is clicked on

04-12-2024T18:15:34 - [TEST_STEP][PASSED] - closeBrowser(): Browser is closed

04-12-2024T18:15:34 - [MESSAGE][PASSED] - Browser is closed]]></system-out>
         <system-err><![CDATA[]]></system-err>
      </testcase>
      <testcase name="Test Cases/Specific Cases/LS/Client Profile/Discharge Planning/Treatment Summary" time="56.271" classname="Test Cases/Specific Cases/LS/Client Profile/Discharge Planning/Treatment Summary" status="PASSED">
         <system-out><![CDATA[04-12-2024T18:15:34 - [TEST_CASE][PASSED] - Test Cases/Specific Cases/LS/Client Profile/Discharge Planning/Treatment Summary: Test Cases/Specific Cases/LS/Client Profile/Discharge Planning/Treatment Summary

04-12-2024T18:15:34 - [TEST_STEP][PASSED] - callTestCase(findTestCase("Common Cases/Login"), [:], STOP_ON_FAILURE): Call Test Case 'Test Cases/Common Cases/Login' successfully

04-12-2024T18:15:34 - [TEST_CASE][PASSED] - Test Cases/Common Cases/Login: Test Cases/Common Cases/Login

04-12-2024T18:15:34 - [TEST_STEP][PASSED] - openBrowser(""): Browser is opened with url: ''

04-12-2024T18:15:34 - [MESSAGE][INFO] - Starting 'Chrome' driver

04-12-2024T18:15:34 - [MESSAGE][INFO] - Action delay is set to 0 milliseconds

04-12-2024T18:15:35 - [MESSAGE][PASSED] - Browser is opened with url: ''

04-12-2024T18:15:35 - [TEST_STEP][PASSED] - maximizeWindow(): Current window maximized

04-12-2024T18:15:35 - [MESSAGE][PASSED] - Current window maximized

04-12-2024T18:15:35 - [TEST_STEP][PASSED] - navigateToUrl("https://site17.lsapp.cloud/auth/login"): Navigate to 'https://site17.lsapp.cloud/auth/login' successfully

04-12-2024T18:15:37 - [MESSAGE][PASSED] - Navigate to 'https://site17.lsapp.cloud/auth/login' successfully

04-12-2024T18:15:37 - [TEST_STEP][PASSED] - setText(findTestObject("Object Repository/Common Cases Repository/Login/Page_Lightning Step/input_Email_email"), "automation@lightningstep.com"): Text 'automation@lightningstep.com' is set on object 'Object Repository/Common Cases Repository/Login/Page_Lightning Step/input_Email_email'

04-12-2024T18:15:38 - [MESSAGE][PASSED] - Text 'automation@lightningstep.com' is set on object 'Object Repository/Common Cases Repository/Login/Page_Lightning Step/input_Email_email'

04-12-2024T18:15:38 - [TEST_STEP][PASSED] - setEncryptedText(findTestObject("Object Repository/Common Cases Repository/Login/Page_Lightning Step/input_Password_password"), "e5N8VHmnhJDITtQaQhDQDw=="): Text ****** has been set on object 'Object Repository/Common Cases Repository/Login/Page_Lightning Step/input_Password_password'

04-12-2024T18:15:38 - [MESSAGE][PASSED] - Text ****** has been set on object 'Object Repository/Common Cases Repository/Login/Page_Lightning Step/input_Password_password'

04-12-2024T18:15:38 - [TEST_STEP][PASSED] - click(findTestObject("Object Repository/Common Cases Repository/Login/Page_Lightning Step/button_Sign in")): Object: 'Object Repository/Common Cases Repository/Login/Page_Lightning Step/button_Sign in' is clicked on

04-12-2024T18:15:43 - [MESSAGE][PASSED] - Object: 'Object Repository/Common Cases Repository/Login/Page_Lightning Step/button_Sign in' is clicked on

04-12-2024T18:15:43 - [MESSAGE][PASSED] - Call Test Case 'Test Cases/Common Cases/Login' successfully

04-12-2024T18:15:43 - [TEST_STEP][PASSED] - navigateToUrl("https://site17.lsapp.cloud/client/index/1560?section=dcplan"): Navigate to 'https://site17.lsapp.cloud/client/index/1560?section=dcplan' successfully

04-12-2024T18:15:50 - [MESSAGE][PASSED] - Navigate to 'https://site17.lsapp.cloud/client/index/1560?section=dcplan' successfully

04-12-2024T18:15:50 - [TEST_STEP][PASSED] - click(findTestObject("Object Repository/Specific Cases Repository/LS/Client Profile/Discharge Planning/Treatment Summary/Page_Client Profile/i_add")): Object: 'Object Repository/Specific Cases Repository/LS/Client Profile/Discharge Planning/Treatment Summary/Page_Client Profile/i_add' is clicked on

04-12-2024T18:15:54 - [MESSAGE][PASSED] - Object: 'Object Repository/Specific Cases Repository/LS/Client Profile/Discharge Planning/Treatment Summary/Page_Client Profile/i_add' is clicked on

04-12-2024T18:15:54 - [TEST_STEP][PASSED] - verifyElementText(findTestObject("Object Repository/Specific Cases Repository/LS/Client Profile/Discharge Planning/Treatment Summary/Page_Discharge Summary/input_Primary Diagnosis_pridx"), ""): Actual text and expected text of test object 'Object Repository/Specific Cases Repository/LS/Client Profile/Discharge Planning/Treatment Summary/Page_Discharge Summary/input_Primary Diagnosis_pridx' are matched.

04-12-2024T18:15:54 - [MESSAGE][PASSED] - Actual text and expected text of test object 'Object Repository/Specific Cases Repository/LS/Client Profile/Discharge Planning/Treatment Summary/Page_Discharge Summary/input_Primary Diagnosis_pridx' are matched.

04-12-2024T18:15:54 - [TEST_STEP][PASSED] - verifyElementText(findTestObject("Object Repository/Specific Cases Repository/LS/Client Profile/Discharge Planning/Treatment Summary/Page_Discharge Summary/input_Program Level at Admission_program"), ""): Actual text and expected text of test object 'Object Repository/Specific Cases Repository/LS/Client Profile/Discharge Planning/Treatment Summary/Page_Discharge Summary/input_Program Level at Admission_program' are matched.

04-12-2024T18:15:55 - [MESSAGE][PASSED] - Actual text and expected text of test object 'Object Repository/Specific Cases Repository/LS/Client Profile/Discharge Planning/Treatment Summary/Page_Discharge Summary/input_Program Level at Admission_program' are matched.

04-12-2024T18:15:55 - [TEST_STEP][PASSED] - verifyElementText(findTestObject("Object Repository/Specific Cases Repository/LS/Client Profile/Discharge Planning/Treatment Summary/Page_Discharge Summary/input_Admission Date_dateadmission"), ""): Actual text and expected text of test object 'Object Repository/Specific Cases Repository/LS/Client Profile/Discharge Planning/Treatment Summary/Page_Discharge Summary/input_Admission Date_dateadmission' are matched.

04-12-2024T18:15:55 - [MESSAGE][PASSED] - Actual text and expected text of test object 'Object Repository/Specific Cases Repository/LS/Client Profile/Discharge Planning/Treatment Summary/Page_Discharge Summary/input_Admission Date_dateadmission' are matched.

04-12-2024T18:15:55 - [TEST_STEP][PASSED] - setText(findTestObject("Object Repository/Specific Cases Repository/LS/Client Profile/Discharge Planning/Treatment Summary/Page_Discharge Summary/textarea_Course of Treatment_cotreatment"), "Automation Course of Treatment"): Text 'Automation Course of Treatment' is set on object 'Object Repository/Specific Cases Repository/LS/Client Profile/Discharge Planning/Treatment Summary/Page_Discharge Summary/textarea_Course of Treatment_cotreatment'

04-12-2024T18:15:56 - [MESSAGE][PASSED] - Text 'Automation Course of Treatment' is set on object 'Object Repository/Specific Cases Repository/LS/Client Profile/Discharge Planning/Treatment Summary/Page_Discharge Summary/textarea_Course of Treatment_cotreatment'

04-12-2024T18:15:56 - [TEST_STEP][PASSED] - setText(findTestObject("Object Repository/Specific Cases Repository/LS/Client Profile/Discharge Planning/Treatment Summary/Page_Discharge Summary/textarea_Individual Therapy Highlights and _d21720"), "Automation Individual Therapy Highlights and Goals"): Text 'Automation Individual Therapy Highlights and Goals' is set on object 'Object Repository/Specific Cases Repository/LS/Client Profile/Discharge Planning/Treatment Summary/Page_Discharge Summary/textarea_Individual Therapy Highlights and _d21720'

04-12-2024T18:15:56 - [MESSAGE][PASSED] - Text 'Automation Individual Therapy Highlights and Goals' is set on object 'Object Repository/Specific Cases Repository/LS/Client Profile/Discharge Planning/Treatment Summary/Page_Discharge Summary/textarea_Individual Therapy Highlights and _d21720'

04-12-2024T18:15:56 - [TEST_STEP][PASSED] - setText(findTestObject("Object Repository/Specific Cases Repository/LS/Client Profile/Discharge Planning/Treatment Summary/Page_Discharge Summary/textarea_Counselor Highlights and Goals_cou_c6fc14"), "Automation Counselor Highlights and Goals"): Text 'Automation Counselor Highlights and Goals' is set on object 'Object Repository/Specific Cases Repository/LS/Client Profile/Discharge Planning/Treatment Summary/Page_Discharge Summary/textarea_Counselor Highlights and Goals_cou_c6fc14'

04-12-2024T18:15:57 - [MESSAGE][PASSED] - Text 'Automation Counselor Highlights and Goals' is set on object 'Object Repository/Specific Cases Repository/LS/Client Profile/Discharge Planning/Treatment Summary/Page_Discharge Summary/textarea_Counselor Highlights and Goals_cou_c6fc14'

04-12-2024T18:15:57 - [TEST_STEP][PASSED] - setText(findTestObject("Object Repository/Specific Cases Repository/LS/Client Profile/Discharge Planning/Treatment Summary/Page_Discharge Summary/textarea_FamilyGuardian Participation in Tr_88b102"), "Automation Family/Guardian Participation in Treatment"): Text 'Automation Family/Guardian Participation in Treatment' is set on object 'Object Repository/Specific Cases Repository/LS/Client Profile/Discharge Planning/Treatment Summary/Page_Discharge Summary/textarea_FamilyGuardian Participation in Tr_88b102'

04-12-2024T18:15:58 - [MESSAGE][PASSED] - Text 'Automation Family/Guardian Participation in Treatment' is set on object 'Object Repository/Specific Cases Repository/LS/Client Profile/Discharge Planning/Treatment Summary/Page_Discharge Summary/textarea_FamilyGuardian Participation in Tr_88b102'

04-12-2024T18:15:58 - [TEST_STEP][PASSED] - setText(findTestObject("Object Repository/Specific Cases Repository/LS/Client Profile/Discharge Planning/Treatment Summary/Page_Discharge Summary/textarea_Self Discovery and Resources_selfd_81c42a"), "Automation Self Discovery and Resources"): Text 'Automation Self Discovery and Resources' is set on object 'Object Repository/Specific Cases Repository/LS/Client Profile/Discharge Planning/Treatment Summary/Page_Discharge Summary/textarea_Self Discovery and Resources_selfd_81c42a'

04-12-2024T18:15:59 - [MESSAGE][PASSED] - Text 'Automation Self Discovery and Resources' is set on object 'Object Repository/Specific Cases Repository/LS/Client Profile/Discharge Planning/Treatment Summary/Page_Discharge Summary/textarea_Self Discovery and Resources_selfd_81c42a'

04-12-2024T18:15:59 - [TEST_STEP][PASSED] - setText(findTestObject("Object Repository/Specific Cases Repository/LS/Client Profile/Discharge Planning/Treatment Summary/Page_Discharge Summary/textarea_Psychiatry_psychiatry"), "Automation Psychiatry"): Text 'Automation Psychiatry' is set on object 'Object Repository/Specific Cases Repository/LS/Client Profile/Discharge Planning/Treatment Summary/Page_Discharge Summary/textarea_Psychiatry_psychiatry'

04-12-2024T18:16:00 - [MESSAGE][PASSED] - Text 'Automation Psychiatry' is set on object 'Object Repository/Specific Cases Repository/LS/Client Profile/Discharge Planning/Treatment Summary/Page_Discharge Summary/textarea_Psychiatry_psychiatry'

04-12-2024T18:16:00 - [TEST_STEP][PASSED] - setText(findTestObject("Object Repository/Specific Cases Repository/LS/Client Profile/Discharge Planning/Treatment Summary/Page_Discharge Summary/textarea_Discharge Plan_dcplan"), "Automation Discharge Plan"): Text 'Automation Discharge Plan' is set on object 'Object Repository/Specific Cases Repository/LS/Client Profile/Discharge Planning/Treatment Summary/Page_Discharge Summary/textarea_Discharge Plan_dcplan'

04-12-2024T18:16:01 - [MESSAGE][PASSED] - Text 'Automation Discharge Plan' is set on object 'Object Repository/Specific Cases Repository/LS/Client Profile/Discharge Planning/Treatment Summary/Page_Discharge Summary/textarea_Discharge Plan_dcplan'

04-12-2024T18:16:01 - [TEST_STEP][PASSED] - verifyElementText(findTestObject("Object Repository/Specific Cases Repository/LS/Client Profile/Discharge Planning/Treatment Summary/Page_Discharge Summary/td_Alcohol Use Disorder, Mild (F10.10)"), "Alcohol Use Disorder, Mild (F10.10)"): Actual text and expected text of test object 'Object Repository/Specific Cases Repository/LS/Client Profile/Discharge Planning/Treatment Summary/Page_Discharge Summary/td_Alcohol Use Disorder, Mild (F10.10)' are matched.

04-12-2024T18:16:02 - [MESSAGE][PASSED] - Actual text and expected text of test object 'Object Repository/Specific Cases Repository/LS/Client Profile/Discharge Planning/Treatment Summary/Page_Discharge Summary/td_Alcohol Use Disorder, Mild (F10.10)' are matched.

04-12-2024T18:16:02 - [TEST_STEP][PASSED] - verifyElementText(findTestObject("Object Repository/Specific Cases Repository/LS/Client Profile/Discharge Planning/Treatment Summary/Page_Discharge Summary/td_Primary"), "Primary"): Actual text and expected text of test object 'Object Repository/Specific Cases Repository/LS/Client Profile/Discharge Planning/Treatment Summary/Page_Discharge Summary/td_Primary' are matched.

04-12-2024T18:16:02 - [MESSAGE][PASSED] - Actual text and expected text of test object 'Object Repository/Specific Cases Repository/LS/Client Profile/Discharge Planning/Treatment Summary/Page_Discharge Summary/td_Primary' are matched.

04-12-2024T18:16:02 - [TEST_STEP][PASSED] - setText(findTestObject("Object Repository/Specific Cases Repository/LS/Client Profile/Discharge Planning/Treatment Summary/Page_Discharge Summary/textarea_Explanation of Diagnostic Impressi_5c480f"), "Automation Explanation of Diagnostic Impression"): Text 'Automation Explanation of Diagnostic Impression' is set on object 'Object Repository/Specific Cases Repository/LS/Client Profile/Discharge Planning/Treatment Summary/Page_Discharge Summary/textarea_Explanation of Diagnostic Impressi_5c480f'

04-12-2024T18:16:03 - [MESSAGE][PASSED] - Text 'Automation Explanation of Diagnostic Impression' is set on object 'Object Repository/Specific Cases Repository/LS/Client Profile/Discharge Planning/Treatment Summary/Page_Discharge Summary/textarea_Explanation of Diagnostic Impressi_5c480f'

04-12-2024T18:16:03 - [TEST_STEP][PASSED] - setText(findTestObject("Object Repository/Specific Cases Repository/LS/Client Profile/Discharge Planning/Treatment Summary/Page_Discharge Summary/textarea_Outcome Data for Individuals with _21aa50"), "Automation Outcome Data for Individuals with Similar Diagnosis"): Text 'Automation Outcome Data for Individuals with Similar Diagnosis' is set on object 'Object Repository/Specific Cases Repository/LS/Client Profile/Discharge Planning/Treatment Summary/Page_Discharge Summary/textarea_Outcome Data for Individuals with _21aa50'

04-12-2024T18:16:04 - [MESSAGE][PASSED] - Text 'Automation Outcome Data for Individuals with Similar Diagnosis' is set on object 'Object Repository/Specific Cases Repository/LS/Client Profile/Discharge Planning/Treatment Summary/Page_Discharge Summary/textarea_Outcome Data for Individuals with _21aa50'

04-12-2024T18:16:04 - [TEST_STEP][PASSED] - setText(findTestObject("Object Repository/Specific Cases Repository/LS/Client Profile/Discharge Planning/Treatment Summary/Page_Discharge Summary/textarea_Areas for Ongoing Support_ongoingsupport"), "Automation for Ongoing Support"): Text 'Automation for Ongoing Support' is set on object 'Object Repository/Specific Cases Repository/LS/Client Profile/Discharge Planning/Treatment Summary/Page_Discharge Summary/textarea_Areas for Ongoing Support_ongoingsupport'

04-12-2024T18:16:05 - [MESSAGE][PASSED] - Text 'Automation for Ongoing Support' is set on object 'Object Repository/Specific Cases Repository/LS/Client Profile/Discharge Planning/Treatment Summary/Page_Discharge Summary/textarea_Areas for Ongoing Support_ongoingsupport'

04-12-2024T18:16:05 - [TEST_STEP][PASSED] - setText(findTestObject("Object Repository/Specific Cases Repository/LS/Client Profile/Discharge Planning/Treatment Summary/Page_Discharge Summary/textarea_Additional Information_note"), "Automation Additional Information"): Text 'Automation Additional Information' is set on object 'Object Repository/Specific Cases Repository/LS/Client Profile/Discharge Planning/Treatment Summary/Page_Discharge Summary/textarea_Additional Information_note'

04-12-2024T18:16:06 - [MESSAGE][PASSED] - Text 'Automation Additional Information' is set on object 'Object Repository/Specific Cases Repository/LS/Client Profile/Discharge Planning/Treatment Summary/Page_Discharge Summary/textarea_Additional Information_note'

04-12-2024T18:16:06 - [TEST_STEP][PASSED] - click(findTestObject("Object Repository/Specific Cases Repository/LS/Client Profile/Discharge Planning/Treatment Summary/Page_Discharge Summary/span_Sign and Lock_check")): Object: 'Object Repository/Specific Cases Repository/LS/Client Profile/Discharge Planning/Treatment Summary/Page_Discharge Summary/span_Sign and Lock_check' is clicked on

04-12-2024T18:16:07 - [MESSAGE][PASSED] - Object: 'Object Repository/Specific Cases Repository/LS/Client Profile/Discharge Planning/Treatment Summary/Page_Discharge Summary/span_Sign and Lock_check' is clicked on

04-12-2024T18:16:07 - [TEST_STEP][PASSED] - click(findTestObject("Object Repository/Specific Cases Repository/LS/Client Profile/Discharge Planning/Treatment Summary/Page_Discharge Summary/button_Save")): Object: 'Object Repository/Specific Cases Repository/LS/Client Profile/Discharge Planning/Treatment Summary/Page_Discharge Summary/button_Save' is clicked on

04-12-2024T18:16:15 - [MESSAGE][PASSED] - Object: 'Object Repository/Specific Cases Repository/LS/Client Profile/Discharge Planning/Treatment Summary/Page_Discharge Summary/button_Save' is clicked on

04-12-2024T18:16:15 - [TEST_STEP][PASSED] - verifyElementText(findTestObject("Object Repository/Specific Cases Repository/LS/Client Profile/Discharge Planning/Treatment Summary/Page_Client Profile/td_12042024"), Todays_Date): Actual text and expected text of test object 'Object Repository/Specific Cases Repository/LS/Client Profile/Discharge Planning/Treatment Summary/Page_Client Profile/td_12042024' are matched.

04-12-2024T18:16:16 - [MESSAGE][PASSED] - Actual text and expected text of test object 'Object Repository/Specific Cases Repository/LS/Client Profile/Discharge Planning/Treatment Summary/Page_Client Profile/td_12042024' are matched.

04-12-2024T18:16:16 - [TEST_STEP][PASSED] - verifyElementText(findTestObject("Object Repository/Specific Cases Repository/LS/Client Profile/Discharge Planning/Treatment Summary/Page_Client Profile/td_Detoxification"), "Detoxification"): Actual text and expected text of test object 'Object Repository/Specific Cases Repository/LS/Client Profile/Discharge Planning/Treatment Summary/Page_Client Profile/td_Detoxification' are matched.

04-12-2024T18:16:16 - [MESSAGE][PASSED] - Actual text and expected text of test object 'Object Repository/Specific Cases Repository/LS/Client Profile/Discharge Planning/Treatment Summary/Page_Client Profile/td_Detoxification' are matched.

04-12-2024T18:16:16 - [TEST_STEP][PASSED] - verifyElementText(findTestObject("Object Repository/Specific Cases Repository/LS/Client Profile/Discharge Planning/Treatment Summary/Page_Client Profile/td_Automation Test"), "Automation Test"): Actual text and expected text of test object 'Object Repository/Specific Cases Repository/LS/Client Profile/Discharge Planning/Treatment Summary/Page_Client Profile/td_Automation Test' are matched.

04-12-2024T18:16:17 - [MESSAGE][PASSED] - Actual text and expected text of test object 'Object Repository/Specific Cases Repository/LS/Client Profile/Discharge Planning/Treatment Summary/Page_Client Profile/td_Automation Test' are matched.

04-12-2024T18:16:17 - [TEST_STEP][PASSED] - verifyElementText(findTestObject("Object Repository/Specific Cases Repository/LS/Client Profile/Discharge Planning/Treatment Summary/Page_Client Profile/td_Signed"), "Signed"): Actual text and expected text of test object 'Object Repository/Specific Cases Repository/LS/Client Profile/Discharge Planning/Treatment Summary/Page_Client Profile/td_Signed' are matched.

04-12-2024T18:16:17 - [MESSAGE][PASSED] - Actual text and expected text of test object 'Object Repository/Specific Cases Repository/LS/Client Profile/Discharge Planning/Treatment Summary/Page_Client Profile/td_Signed' are matched.

04-12-2024T18:16:17 - [TEST_STEP][PASSED] - click(findTestObject("Object Repository/Specific Cases Repository/LS/Client Profile/Discharge Planning/Treatment Summary/Page_Client Profile/i_Signed_fa fa-pencil")): Object: 'Object Repository/Specific Cases Repository/LS/Client Profile/Discharge Planning/Treatment Summary/Page_Client Profile/i_Signed_fa fa-pencil' is clicked on

04-12-2024T18:16:20 - [MESSAGE][PASSED] - Object: 'Object Repository/Specific Cases Repository/LS/Client Profile/Discharge Planning/Treatment Summary/Page_Client Profile/i_Signed_fa fa-pencil' is clicked on

04-12-2024T18:16:20 - [TEST_STEP][PASSED] - verifyElementText(findTestObject("Object Repository/Specific Cases Repository/LS/Client Profile/Discharge Planning/Treatment Summary/Page_Discharge Summary/span_Document is signed and locked and may _4031e1"), "Document is signed and locked and may not be changed."): Actual text and expected text of test object 'Object Repository/Specific Cases Repository/LS/Client Profile/Discharge Planning/Treatment Summary/Page_Discharge Summary/span_Document is signed and locked and may _4031e1' are matched.

04-12-2024T18:16:20 - [MESSAGE][PASSED] - Actual text and expected text of test object 'Object Repository/Specific Cases Repository/LS/Client Profile/Discharge Planning/Treatment Summary/Page_Discharge Summary/span_Document is signed and locked and may _4031e1' are matched.

04-12-2024T18:16:20 - [TEST_STEP][PASSED] - verifyElementPresent(findTestObject("Object Repository/Specific Cases Repository/LS/Client Profile/Discharge Planning/Treatment Summary/Page_Discharge Summary/img"), 0): Object 'Object Repository/Specific Cases Repository/LS/Client Profile/Discharge Planning/Treatment Summary/Page_Discharge Summary/img' is present

04-12-2024T18:16:20 - [MESSAGE][WARNING] - Timeout '0' is invalid. Using default page load timeout: '30'

04-12-2024T18:16:21 - [MESSAGE][PASSED] - Object 'Object Repository/Specific Cases Repository/LS/Client Profile/Discharge Planning/Treatment Summary/Page_Discharge Summary/img' is present

04-12-2024T18:16:21 - [TEST_STEP][PASSED] - click(findTestObject("Object Repository/Specific Cases Repository/LS/Client Profile/Discharge Planning/Treatment Summary/Page_Discharge Summary/input_Entered in Error_iseie")): Object: 'Object Repository/Specific Cases Repository/LS/Client Profile/Discharge Planning/Treatment Summary/Page_Discharge Summary/input_Entered in Error_iseie' is clicked on

04-12-2024T18:16:21 - [MESSAGE][PASSED] - Object: 'Object Repository/Specific Cases Repository/LS/Client Profile/Discharge Planning/Treatment Summary/Page_Discharge Summary/input_Entered in Error_iseie' is clicked on

04-12-2024T18:16:21 - [TEST_STEP][PASSED] - setText(findTestObject("Object Repository/Specific Cases Repository/LS/Client Profile/Discharge Planning/Treatment Summary/Page_Discharge Summary/input_Reason_eiereason"), "Automation Test"): Text 'Automation Test' is set on object 'Object Repository/Specific Cases Repository/LS/Client Profile/Discharge Planning/Treatment Summary/Page_Discharge Summary/input_Reason_eiereason'

04-12-2024T18:16:22 - [MESSAGE][PASSED] - Text 'Automation Test' is set on object 'Object Repository/Specific Cases Repository/LS/Client Profile/Discharge Planning/Treatment Summary/Page_Discharge Summary/input_Reason_eiereason'

04-12-2024T18:16:22 - [TEST_STEP][PASSED] - click(findTestObject("Object Repository/Specific Cases Repository/LS/Client Profile/Discharge Planning/Treatment Summary/Page_Discharge Summary/button_Mark as Error")): Object: 'Object Repository/Specific Cases Repository/LS/Client Profile/Discharge Planning/Treatment Summary/Page_Discharge Summary/button_Mark as Error' is clicked on

04-12-2024T18:16:22 - [MESSAGE][PASSED] - Object: 'Object Repository/Specific Cases Repository/LS/Client Profile/Discharge Planning/Treatment Summary/Page_Discharge Summary/button_Mark as Error' is clicked on

04-12-2024T18:16:22 - [TEST_STEP][PASSED] - verifyElementText(findTestObject("Object Repository/Specific Cases Repository/LS/Client Profile/Discharge Planning/Treatment Summary/Page_Client Profile/td_No Treatment Summaries"), "No Treatment Summaries"): Actual text and expected text of test object 'Object Repository/Specific Cases Repository/LS/Client Profile/Discharge Planning/Treatment Summary/Page_Client Profile/td_No Treatment Summaries' are matched.

04-12-2024T18:16:30 - [MESSAGE][PASSED] - Actual text and expected text of test object 'Object Repository/Specific Cases Repository/LS/Client Profile/Discharge Planning/Treatment Summary/Page_Client Profile/td_No Treatment Summaries' are matched.

04-12-2024T18:16:30 - [TEST_STEP][PASSED] - closeBrowser(): Browser is closed

04-12-2024T18:16:30 - [MESSAGE][PASSED] - Browser is closed]]></system-out>
         <system-err><![CDATA[]]></system-err>
      </testcase>
      <testcase name="Test Cases/Specific Cases/LS/Client Profile/Treatment Planning/Treatment Plans" time="70.195" classname="Test Cases/Specific Cases/LS/Client Profile/Treatment Planning/Treatment Plans" status="PASSED">
         <system-out><![CDATA[04-12-2024T18:16:30 - [TEST_CASE][PASSED] - Test Cases/Specific Cases/LS/Client Profile/Treatment Planning/Treatment Plans: Test Cases/Specific Cases/LS/Client Profile/Treatment Planning/Treatment Plans

04-12-2024T18:16:30 - [TEST_STEP][PASSED] - callTestCase(findTestCase("Common Cases/Login"), [:], STOP_ON_FAILURE): Call Test Case 'Test Cases/Common Cases/Login' successfully

04-12-2024T18:16:30 - [TEST_CASE][PASSED] - Test Cases/Common Cases/Login: Test Cases/Common Cases/Login

04-12-2024T18:16:30 - [TEST_STEP][PASSED] - openBrowser(""): Browser is opened with url: ''

04-12-2024T18:16:30 - [MESSAGE][INFO] - Starting 'Chrome' driver

04-12-2024T18:16:30 - [MESSAGE][INFO] - Action delay is set to 0 milliseconds

04-12-2024T18:16:31 - [MESSAGE][PASSED] - Browser is opened with url: ''

04-12-2024T18:16:31 - [TEST_STEP][PASSED] - maximizeWindow(): Current window maximized

04-12-2024T18:16:31 - [MESSAGE][PASSED] - Current window maximized

04-12-2024T18:16:31 - [TEST_STEP][PASSED] - navigateToUrl("https://site17.lsapp.cloud/auth/login"): Navigate to 'https://site17.lsapp.cloud/auth/login' successfully

04-12-2024T18:16:34 - [MESSAGE][PASSED] - Navigate to 'https://site17.lsapp.cloud/auth/login' successfully

04-12-2024T18:16:34 - [TEST_STEP][PASSED] - setText(findTestObject("Object Repository/Common Cases Repository/Login/Page_Lightning Step/input_Email_email"), "automation@lightningstep.com"): Text 'automation@lightningstep.com' is set on object 'Object Repository/Common Cases Repository/Login/Page_Lightning Step/input_Email_email'

04-12-2024T18:16:34 - [MESSAGE][PASSED] - Text 'automation@lightningstep.com' is set on object 'Object Repository/Common Cases Repository/Login/Page_Lightning Step/input_Email_email'

04-12-2024T18:16:34 - [TEST_STEP][PASSED] - setEncryptedText(findTestObject("Object Repository/Common Cases Repository/Login/Page_Lightning Step/input_Password_password"), "e5N8VHmnhJDITtQaQhDQDw=="): Text ****** has been set on object 'Object Repository/Common Cases Repository/Login/Page_Lightning Step/input_Password_password'

04-12-2024T18:16:35 - [MESSAGE][PASSED] - Text ****** has been set on object 'Object Repository/Common Cases Repository/Login/Page_Lightning Step/input_Password_password'

04-12-2024T18:16:35 - [TEST_STEP][PASSED] - click(findTestObject("Object Repository/Common Cases Repository/Login/Page_Lightning Step/button_Sign in")): Object: 'Object Repository/Common Cases Repository/Login/Page_Lightning Step/button_Sign in' is clicked on

04-12-2024T18:16:39 - [MESSAGE][PASSED] - Object: 'Object Repository/Common Cases Repository/Login/Page_Lightning Step/button_Sign in' is clicked on

04-12-2024T18:16:39 - [MESSAGE][PASSED] - Call Test Case 'Test Cases/Common Cases/Login' successfully

04-12-2024T18:16:39 - [TEST_STEP][PASSED] - navigateToUrl("https://site17.lsapp.cloud/client/index/1556?section=txplan"): Navigate to 'https://site17.lsapp.cloud/client/index/1556?section=txplan' successfully

04-12-2024T18:16:45 - [MESSAGE][PASSED] - Navigate to 'https://site17.lsapp.cloud/client/index/1556?section=txplan' successfully

04-12-2024T18:16:45 - [TEST_STEP][PASSED] - click(findTestObject("Object Repository/Specific Cases Repository/LS/Client Profile/Treatment Planning/Treatment Plans/Page_Client Profile/i_add")): Object: 'Object Repository/Specific Cases Repository/LS/Client Profile/Treatment Planning/Treatment Plans/Page_Client Profile/i_add' is clicked on

04-12-2024T18:16:49 - [MESSAGE][PASSED] - Object: 'Object Repository/Specific Cases Repository/LS/Client Profile/Treatment Planning/Treatment Plans/Page_Client Profile/i_add' is clicked on

04-12-2024T18:16:49 - [TEST_STEP][PASSED] - click(findTestObject("Object Repository/Specific Cases Repository/LS/Client Profile/Treatment Planning/Treatment Plans/Page_Treatment Plan/button_ProblemGoal")): Object: 'Object Repository/Specific Cases Repository/LS/Client Profile/Treatment Planning/Treatment Plans/Page_Treatment Plan/button_ProblemGoal' is clicked on

04-12-2024T18:16:50 - [MESSAGE][PASSED] - Object: 'Object Repository/Specific Cases Repository/LS/Client Profile/Treatment Planning/Treatment Plans/Page_Treatment Plan/button_ProblemGoal' is clicked on

04-12-2024T18:16:50 - [TEST_STEP][PASSED] - selectOptionByValue(findTestObject("Object Repository/Specific Cases Repository/LS/Client Profile/Treatment Planning/Treatment Plans/Page_Treatment Plan/select_-- Select Category --               _86aaf1"), "4", true): All options with value '4' are selected in object 'Object Repository/Specific Cases Repository/LS/Client Profile/Treatment Planning/Treatment Plans/Page_Treatment Plan/select_-- Select Category --               _86aaf1'  using regular expression

04-12-2024T18:16:52 - [MESSAGE][PASSED] - All options with value '4' are selected in object 'Object Repository/Specific Cases Repository/LS/Client Profile/Treatment Planning/Treatment Plans/Page_Treatment Plan/select_-- Select Category --               _86aaf1'  using regular expression

04-12-2024T18:16:52 - [TEST_STEP][PASSED] - setText(findTestObject("Object Repository/Specific Cases Repository/LS/Client Profile/Treatment Planning/Treatment Plans/Page_Treatment Plan/input_Problem_problem_add"), "Suicide Ideation"): Text 'Suicide Ideation' is set on object 'Object Repository/Specific Cases Repository/LS/Client Profile/Treatment Planning/Treatment Plans/Page_Treatment Plan/input_Problem_problem_add'

04-12-2024T18:16:53 - [MESSAGE][PASSED] - Text 'Suicide Ideation' is set on object 'Object Repository/Specific Cases Repository/LS/Client Profile/Treatment Planning/Treatment Plans/Page_Treatment Plan/input_Problem_problem_add'

04-12-2024T18:16:53 - [TEST_STEP][PASSED] - setText(findTestObject("Object Repository/Specific Cases Repository/LS/Client Profile/Treatment Planning/Treatment Plans/Page_Treatment Plan/textarea_Goal_goal"), "Automation Goal"): Text 'Automation Goal' is set on object 'Object Repository/Specific Cases Repository/LS/Client Profile/Treatment Planning/Treatment Plans/Page_Treatment Plan/textarea_Goal_goal'

04-12-2024T18:16:54 - [MESSAGE][PASSED] - Text 'Automation Goal' is set on object 'Object Repository/Specific Cases Repository/LS/Client Profile/Treatment Planning/Treatment Plans/Page_Treatment Plan/textarea_Goal_goal'

04-12-2024T18:16:54 - [TEST_STEP][PASSED] - click(findTestObject("Object Repository/Specific Cases Repository/LS/Client Profile/Treatment Planning/Treatment Plans/Page_Treatment Plan/button_Save")): Object: 'Object Repository/Specific Cases Repository/LS/Client Profile/Treatment Planning/Treatment Plans/Page_Treatment Plan/button_Save' is clicked on

04-12-2024T18:16:54 - [MESSAGE][PASSED] - Object: 'Object Repository/Specific Cases Repository/LS/Client Profile/Treatment Planning/Treatment Plans/Page_Treatment Plan/button_Save' is clicked on

04-12-2024T18:16:54 - [TEST_STEP][PASSED] - verifyElementText(findTestObject("Object Repository/Specific Cases Repository/LS/Client Profile/Treatment Planning/Treatment Plans/Page_Treatment Plan/td_Suicide Ideation"), "Suicide Ideation"): Actual text and expected text of test object 'Object Repository/Specific Cases Repository/LS/Client Profile/Treatment Planning/Treatment Plans/Page_Treatment Plan/td_Suicide Ideation' are matched.

04-12-2024T18:16:56 - [MESSAGE][PASSED] - Actual text and expected text of test object 'Object Repository/Specific Cases Repository/LS/Client Profile/Treatment Planning/Treatment Plans/Page_Treatment Plan/td_Suicide Ideation' are matched.

04-12-2024T18:16:56 - [TEST_STEP][PASSED] - click(findTestObject("Object Repository/Specific Cases Repository/LS/Client Profile/Treatment Planning/Treatment Plans/Page_Treatment Plan/i_ProblemGoal_fa fa-plus")): Object: 'Object Repository/Specific Cases Repository/LS/Client Profile/Treatment Planning/Treatment Plans/Page_Treatment Plan/i_ProblemGoal_fa fa-plus' is clicked on

04-12-2024T18:16:56 - [MESSAGE][PASSED] - Object: 'Object Repository/Specific Cases Repository/LS/Client Profile/Treatment Planning/Treatment Plans/Page_Treatment Plan/i_ProblemGoal_fa fa-plus' is clicked on

04-12-2024T18:16:56 - [TEST_STEP][PASSED] - selectOptionByValue(findTestObject("Object Repository/Specific Cases Repository/LS/Client Profile/Treatment Planning/Treatment Plans/Page_Treatment Plan/select_--Select-Category--                 _bb00be"), "4", true): All options with value '4' are selected in object 'Object Repository/Specific Cases Repository/LS/Client Profile/Treatment Planning/Treatment Plans/Page_Treatment Plan/select_--Select-Category--                 _bb00be'  using regular expression

04-12-2024T18:16:57 - [MESSAGE][PASSED] - All options with value '4' are selected in object 'Object Repository/Specific Cases Repository/LS/Client Profile/Treatment Planning/Treatment Plans/Page_Treatment Plan/select_--Select-Category--                 _bb00be'  using regular expression

04-12-2024T18:16:57 - [TEST_STEP][PASSED] - click(findTestObject("Object Repository/Specific Cases Repository/LS/Client Profile/Treatment Planning/Treatment Plans/Page_Treatment Plan/p_Client will complete an SI risk assessmen_bacf5f")): Object: 'Object Repository/Specific Cases Repository/LS/Client Profile/Treatment Planning/Treatment Plans/Page_Treatment Plan/p_Client will complete an SI risk assessmen_bacf5f' is clicked on

04-12-2024T18:16:58 - [MESSAGE][PASSED] - Object: 'Object Repository/Specific Cases Repository/LS/Client Profile/Treatment Planning/Treatment Plans/Page_Treatment Plan/p_Client will complete an SI risk assessmen_bacf5f' is clicked on

04-12-2024T18:16:58 - [TEST_STEP][PASSED] - click(findTestObject("Object Repository/Specific Cases Repository/LS/Client Profile/Treatment Planning/Treatment Plans/Page_Treatment Plan/button_Save_1")): Object: 'Object Repository/Specific Cases Repository/LS/Client Profile/Treatment Planning/Treatment Plans/Page_Treatment Plan/button_Save_1' is clicked on

04-12-2024T18:16:59 - [MESSAGE][PASSED] - Object: 'Object Repository/Specific Cases Repository/LS/Client Profile/Treatment Planning/Treatment Plans/Page_Treatment Plan/button_Save_1' is clicked on

04-12-2024T18:16:59 - [TEST_STEP][PASSED] - verifyElementText(findTestObject("Object Repository/Specific Cases Repository/LS/Client Profile/Treatment Planning/Treatment Plans/Page_Treatment Plan/td_Client will complete an SI risk assessme_38b1cb"), "Client will complete an SI risk assessment half way through treatment and discuss any SI as it comes up"): Actual text and expected text of test object 'Object Repository/Specific Cases Repository/LS/Client Profile/Treatment Planning/Treatment Plans/Page_Treatment Plan/td_Client will complete an SI risk assessme_38b1cb' are matched.

04-12-2024T18:17:00 - [MESSAGE][PASSED] - Actual text and expected text of test object 'Object Repository/Specific Cases Repository/LS/Client Profile/Treatment Planning/Treatment Plans/Page_Treatment Plan/td_Client will complete an SI risk assessme_38b1cb' are matched.

04-12-2024T18:17:00 - [TEST_STEP][PASSED] - click(findTestObject("Object Repository/Specific Cases Repository/LS/Client Profile/Treatment Planning/Treatment Plans/Page_Treatment Plan/a_Individualized Assessment")): Object: 'Object Repository/Specific Cases Repository/LS/Client Profile/Treatment Planning/Treatment Plans/Page_Treatment Plan/a_Individualized Assessment' is clicked on

04-12-2024T18:17:00 - [MESSAGE][PASSED] - Object: 'Object Repository/Specific Cases Repository/LS/Client Profile/Treatment Planning/Treatment Plans/Page_Treatment Plan/a_Individualized Assessment' is clicked on

04-12-2024T18:17:00 - [TEST_STEP][PASSED] - setText(findTestObject("Object Repository/Specific Cases Repository/LS/Client Profile/Treatment Planning/Treatment Plans/Page_Treatment Plan/textarea_Client Strengths_strengths"), "Automation Client Strengths"): Text 'Automation Client Strengths' is set on object 'Object Repository/Specific Cases Repository/LS/Client Profile/Treatment Planning/Treatment Plans/Page_Treatment Plan/textarea_Client Strengths_strengths'

04-12-2024T18:17:01 - [MESSAGE][PASSED] - Text 'Automation Client Strengths' is set on object 'Object Repository/Specific Cases Repository/LS/Client Profile/Treatment Planning/Treatment Plans/Page_Treatment Plan/textarea_Client Strengths_strengths'

04-12-2024T18:17:01 - [TEST_STEP][PASSED] - setText(findTestObject("Object Repository/Specific Cases Repository/LS/Client Profile/Treatment Planning/Treatment Plans/Page_Treatment Plan/textarea_Client NeedsLimitations_needs"), "Automation Client Needs"): Text 'Automation Client Needs' is set on object 'Object Repository/Specific Cases Repository/LS/Client Profile/Treatment Planning/Treatment Plans/Page_Treatment Plan/textarea_Client NeedsLimitations_needs'

04-12-2024T18:17:02 - [MESSAGE][PASSED] - Text 'Automation Client Needs' is set on object 'Object Repository/Specific Cases Repository/LS/Client Profile/Treatment Planning/Treatment Plans/Page_Treatment Plan/textarea_Client NeedsLimitations_needs'

04-12-2024T18:17:02 - [TEST_STEP][PASSED] - setText(findTestObject("Object Repository/Specific Cases Repository/LS/Client Profile/Treatment Planning/Treatment Plans/Page_Treatment Plan/textarea_Client Abilities_abilities"), "Automation Client Abilities"): Text 'Automation Client Abilities' is set on object 'Object Repository/Specific Cases Repository/LS/Client Profile/Treatment Planning/Treatment Plans/Page_Treatment Plan/textarea_Client Abilities_abilities'

04-12-2024T18:17:03 - [MESSAGE][PASSED] - Text 'Automation Client Abilities' is set on object 'Object Repository/Specific Cases Repository/LS/Client Profile/Treatment Planning/Treatment Plans/Page_Treatment Plan/textarea_Client Abilities_abilities'

04-12-2024T18:17:03 - [TEST_STEP][PASSED] - setText(findTestObject("Object Repository/Specific Cases Repository/LS/Client Profile/Treatment Planning/Treatment Plans/Page_Treatment Plan/textarea_Client Preferences_preferences"), "Automation Preferences"): Text 'Automation Preferences' is set on object 'Object Repository/Specific Cases Repository/LS/Client Profile/Treatment Planning/Treatment Plans/Page_Treatment Plan/textarea_Client Preferences_preferences'

04-12-2024T18:17:04 - [MESSAGE][PASSED] - Text 'Automation Preferences' is set on object 'Object Repository/Specific Cases Repository/LS/Client Profile/Treatment Planning/Treatment Plans/Page_Treatment Plan/textarea_Client Preferences_preferences'

04-12-2024T18:17:04 - [TEST_STEP][PASSED] - click(findTestObject("Object Repository/Specific Cases Repository/LS/Client Profile/Treatment Planning/Treatment Plans/Page_Treatment Plan/a_Discharge Planning")): Object: 'Object Repository/Specific Cases Repository/LS/Client Profile/Treatment Planning/Treatment Plans/Page_Treatment Plan/a_Discharge Planning' is clicked on

04-12-2024T18:17:05 - [MESSAGE][PASSED] - Object: 'Object Repository/Specific Cases Repository/LS/Client Profile/Treatment Planning/Treatment Plans/Page_Treatment Plan/a_Discharge Planning' is clicked on

04-12-2024T18:17:05 - [TEST_STEP][PASSED] - click(findTestObject("Object Repository/Specific Cases Repository/LS/Client Profile/Treatment Planning/Treatment Plans/Page_Treatment Plan/a_Involvement in Discharge Planning")): Object: 'Object Repository/Specific Cases Repository/LS/Client Profile/Treatment Planning/Treatment Plans/Page_Treatment Plan/a_Involvement in Discharge Planning' is clicked on

04-12-2024T18:17:05 - [MESSAGE][PASSED] - Object: 'Object Repository/Specific Cases Repository/LS/Client Profile/Treatment Planning/Treatment Plans/Page_Treatment Plan/a_Involvement in Discharge Planning' is clicked on

04-12-2024T18:17:05 - [TEST_STEP][PASSED] - setText(findTestObject("Object Repository/Specific Cases Repository/LS/Client Profile/Treatment Planning/Treatment Plans/Page_Treatment Plan/textarea_Anticipated Plan Post-Discharge_tx_dafd1a"), "Automation Anticipated Plan"): Text 'Automation Anticipated Plan' is set on object 'Object Repository/Specific Cases Repository/LS/Client Profile/Treatment Planning/Treatment Plans/Page_Treatment Plan/textarea_Anticipated Plan Post-Discharge_tx_dafd1a'

04-12-2024T18:17:06 - [MESSAGE][PASSED] - Text 'Automation Anticipated Plan' is set on object 'Object Repository/Specific Cases Repository/LS/Client Profile/Treatment Planning/Treatment Plans/Page_Treatment Plan/textarea_Anticipated Plan Post-Discharge_tx_dafd1a'

04-12-2024T18:17:06 - [TEST_STEP][PASSED] - setText(findTestObject("Object Repository/Specific Cases Repository/LS/Client Profile/Treatment Planning/Treatment Plans/Page_Treatment Plan/textarea_Client Involvement in Discharge Pl_548c36"), "Automation Client Involvement"): Text 'Automation Client Involvement' is set on object 'Object Repository/Specific Cases Repository/LS/Client Profile/Treatment Planning/Treatment Plans/Page_Treatment Plan/textarea_Client Involvement in Discharge Pl_548c36'

04-12-2024T18:17:07 - [MESSAGE][PASSED] - Text 'Automation Client Involvement' is set on object 'Object Repository/Specific Cases Repository/LS/Client Profile/Treatment Planning/Treatment Plans/Page_Treatment Plan/textarea_Client Involvement in Discharge Pl_548c36'

04-12-2024T18:17:07 - [TEST_STEP][PASSED] - setText(findTestObject("Object Repository/Specific Cases Repository/LS/Client Profile/Treatment Planning/Treatment Plans/Page_Treatment Plan/textarea_Family Involvement in Discharge Pl_020026"), "Automation Family"): Text 'Automation Family' is set on object 'Object Repository/Specific Cases Repository/LS/Client Profile/Treatment Planning/Treatment Plans/Page_Treatment Plan/textarea_Family Involvement in Discharge Pl_020026'

04-12-2024T18:17:08 - [MESSAGE][PASSED] - Text 'Automation Family' is set on object 'Object Repository/Specific Cases Repository/LS/Client Profile/Treatment Planning/Treatment Plans/Page_Treatment Plan/textarea_Family Involvement in Discharge Pl_020026'

04-12-2024T18:17:08 - [TEST_STEP][PASSED] - click(findTestObject("Object Repository/Specific Cases Repository/LS/Client Profile/Treatment Planning/Treatment Plans/Page_Treatment Plan/a_Issues Requiring Attention in Aftercare")): Object: 'Object Repository/Specific Cases Repository/LS/Client Profile/Treatment Planning/Treatment Plans/Page_Treatment Plan/a_Issues Requiring Attention in Aftercare' is clicked on

04-12-2024T18:17:09 - [MESSAGE][PASSED] - Object: 'Object Repository/Specific Cases Repository/LS/Client Profile/Treatment Planning/Treatment Plans/Page_Treatment Plan/a_Issues Requiring Attention in Aftercare' is clicked on

04-12-2024T18:17:09 - [TEST_STEP][PASSED] - setText(findTestObject("Object Repository/Specific Cases Repository/LS/Client Profile/Treatment Planning/Treatment Plans/Page_Treatment Plan/textarea_Clinical Issues_txtaftercare"), "Automation Client Issues"): Text 'Automation Client Issues' is set on object 'Object Repository/Specific Cases Repository/LS/Client Profile/Treatment Planning/Treatment Plans/Page_Treatment Plan/textarea_Clinical Issues_txtaftercare'

04-12-2024T18:17:10 - [MESSAGE][PASSED] - Text 'Automation Client Issues' is set on object 'Object Repository/Specific Cases Repository/LS/Client Profile/Treatment Planning/Treatment Plans/Page_Treatment Plan/textarea_Clinical Issues_txtaftercare'

04-12-2024T18:17:10 - [TEST_STEP][PASSED] - setText(findTestObject("Object Repository/Specific Cases Repository/LS/Client Profile/Treatment Planning/Treatment Plans/Page_Treatment Plan/textarea_Medical Issues_txtmedical"), "Automation Medical Issues"): Text 'Automation Medical Issues' is set on object 'Object Repository/Specific Cases Repository/LS/Client Profile/Treatment Planning/Treatment Plans/Page_Treatment Plan/textarea_Medical Issues_txtmedical'

04-12-2024T18:17:10 - [MESSAGE][PASSED] - Text 'Automation Medical Issues' is set on object 'Object Repository/Specific Cases Repository/LS/Client Profile/Treatment Planning/Treatment Plans/Page_Treatment Plan/textarea_Medical Issues_txtmedical'

04-12-2024T18:17:10 - [TEST_STEP][PASSED] - setText(findTestObject("Object Repository/Specific Cases Repository/LS/Client Profile/Treatment Planning/Treatment Plans/Page_Treatment Plan/textarea_Psychiatric Issues_txtpsychiatric"), "Automation Psychiatric"): Text 'Automation Psychiatric' is set on object 'Object Repository/Specific Cases Repository/LS/Client Profile/Treatment Planning/Treatment Plans/Page_Treatment Plan/textarea_Psychiatric Issues_txtpsychiatric'

04-12-2024T18:17:11 - [MESSAGE][PASSED] - Text 'Automation Psychiatric' is set on object 'Object Repository/Specific Cases Repository/LS/Client Profile/Treatment Planning/Treatment Plans/Page_Treatment Plan/textarea_Psychiatric Issues_txtpsychiatric'

04-12-2024T18:17:11 - [TEST_STEP][PASSED] - click(findTestObject("Object Repository/Specific Cases Repository/LS/Client Profile/Treatment Planning/Treatment Plans/Page_Treatment Plan/a_Discharge Criteria")): Object: 'Object Repository/Specific Cases Repository/LS/Client Profile/Treatment Planning/Treatment Plans/Page_Treatment Plan/a_Discharge Criteria' is clicked on

04-12-2024T18:17:12 - [MESSAGE][PASSED] - Object: 'Object Repository/Specific Cases Repository/LS/Client Profile/Treatment Planning/Treatment Plans/Page_Treatment Plan/a_Discharge Criteria' is clicked on

04-12-2024T18:17:12 - [TEST_STEP][PASSED] - setText(findTestObject("Object Repository/Specific Cases Repository/LS/Client Profile/Treatment Planning/Treatment Plans/Page_Treatment Plan/textarea_Discharge Criteria_txtdccriteria"), "Automation Discharge"): Text 'Automation Discharge' is set on object 'Object Repository/Specific Cases Repository/LS/Client Profile/Treatment Planning/Treatment Plans/Page_Treatment Plan/textarea_Discharge Criteria_txtdccriteria'

04-12-2024T18:17:13 - [MESSAGE][PASSED] - Text 'Automation Discharge' is set on object 'Object Repository/Specific Cases Repository/LS/Client Profile/Treatment Planning/Treatment Plans/Page_Treatment Plan/textarea_Discharge Criteria_txtdccriteria'

04-12-2024T18:17:13 - [TEST_STEP][PASSED] - click(findTestObject("Object Repository/Specific Cases Repository/LS/Client Profile/Treatment Planning/Treatment Plans/Page_Treatment Plan/a_Plan Signatures")): Object: 'Object Repository/Specific Cases Repository/LS/Client Profile/Treatment Planning/Treatment Plans/Page_Treatment Plan/a_Plan Signatures' is clicked on

04-12-2024T18:17:14 - [MESSAGE][PASSED] - Object: 'Object Repository/Specific Cases Repository/LS/Client Profile/Treatment Planning/Treatment Plans/Page_Treatment Plan/a_Plan Signatures' is clicked on

04-12-2024T18:17:14 - [TEST_STEP][PASSED] - click(findTestObject("Object Repository/Specific Cases Repository/LS/Client Profile/Treatment Planning/Treatment Plans/Page_Treatment Plan/span_Client I have participated in the deve_369a9b")): Object: 'Object Repository/Specific Cases Repository/LS/Client Profile/Treatment Planning/Treatment Plans/Page_Treatment Plan/span_Client I have participated in the deve_369a9b' is clicked on

04-12-2024T18:17:15 - [MESSAGE][PASSED] - Object: 'Object Repository/Specific Cases Repository/LS/Client Profile/Treatment Planning/Treatment Plans/Page_Treatment Plan/span_Client I have participated in the deve_369a9b' is clicked on

04-12-2024T18:17:15 - [TEST_STEP][PASSED] - click(findTestObject("Object Repository/Specific Cases Repository/LS/Client Profile/Treatment Planning/Treatment Plans/Page_Treatment Plan/canvas_Sign with TopazReset_jSignature")): Object: 'Object Repository/Specific Cases Repository/LS/Client Profile/Treatment Planning/Treatment Plans/Page_Treatment Plan/canvas_Sign with TopazReset_jSignature' is clicked on

04-12-2024T18:17:15 - [MESSAGE][PASSED] - Object: 'Object Repository/Specific Cases Repository/LS/Client Profile/Treatment Planning/Treatment Plans/Page_Treatment Plan/canvas_Sign with TopazReset_jSignature' is clicked on

04-12-2024T18:17:15 - [TEST_STEP][PASSED] - click(findTestObject("Object Repository/Specific Cases Repository/LS/Client Profile/Treatment Planning/Treatment Plans/Page_Treatment Plan/i_Save Client Signature")): Object: 'Object Repository/Specific Cases Repository/LS/Client Profile/Treatment Planning/Treatment Plans/Page_Treatment Plan/i_Save Client Signature' is clicked on

04-12-2024T18:17:16 - [MESSAGE][PASSED] - Object: 'Object Repository/Specific Cases Repository/LS/Client Profile/Treatment Planning/Treatment Plans/Page_Treatment Plan/i_Save Client Signature' is clicked on

04-12-2024T18:17:16 - [TEST_STEP][PASSED] - click(findTestObject("Object Repository/Specific Cases Repository/LS/Client Profile/Treatment Planning/Treatment Plans/Page_Treatment Plan/i_Save Staff Signature")): Object: 'Object Repository/Specific Cases Repository/LS/Client Profile/Treatment Planning/Treatment Plans/Page_Treatment Plan/i_Save Staff Signature' is clicked on

04-12-2024T18:17:17 - [MESSAGE][PASSED] - Object: 'Object Repository/Specific Cases Repository/LS/Client Profile/Treatment Planning/Treatment Plans/Page_Treatment Plan/i_Save Staff Signature' is clicked on

04-12-2024T18:17:17 - [TEST_STEP][PASSED] - click(findTestObject("Object Repository/Specific Cases Repository/LS/Client Profile/Treatment Planning/Treatment Plans/Page_Treatment Plan/i_Save MD Signature")): Object: 'Object Repository/Specific Cases Repository/LS/Client Profile/Treatment Planning/Treatment Plans/Page_Treatment Plan/i_Save MD Signature' is clicked on

04-12-2024T18:17:18 - [MESSAGE][PASSED] - Object: 'Object Repository/Specific Cases Repository/LS/Client Profile/Treatment Planning/Treatment Plans/Page_Treatment Plan/i_Save MD Signature' is clicked on

04-12-2024T18:17:18 - [TEST_STEP][PASSED] - navigateToUrl("https://site17.lsapp.cloud/client/index/1556?section=txplan"): Navigate to 'https://site17.lsapp.cloud/client/index/1556?section=txplan' successfully

04-12-2024T18:17:25 - [MESSAGE][PASSED] - Navigate to 'https://site17.lsapp.cloud/client/index/1556?section=txplan' successfully

04-12-2024T18:17:25 - [TEST_STEP][PASSED] - verifyElementText(findTestObject("Object Repository/Specific Cases Repository/LS/Client Profile/Treatment Planning/Treatment Plans/Page_Client Profile/td_12032024"), Todays_Date): Actual text and expected text of test object 'Object Repository/Specific Cases Repository/LS/Client Profile/Treatment Planning/Treatment Plans/Page_Client Profile/td_12032024' are matched.

04-12-2024T18:17:26 - [MESSAGE][PASSED] - Actual text and expected text of test object 'Object Repository/Specific Cases Repository/LS/Client Profile/Treatment Planning/Treatment Plans/Page_Client Profile/td_12032024' are matched.

04-12-2024T18:17:26 - [TEST_STEP][PASSED] - click(findTestObject("Object Repository/Specific Cases Repository/LS/Client Profile/Treatment Planning/Treatment Plans/Page_Client Profile/i_Read Only_fa fa-pencil")): Object: 'Object Repository/Specific Cases Repository/LS/Client Profile/Treatment Planning/Treatment Plans/Page_Client Profile/i_Read Only_fa fa-pencil' is clicked on

04-12-2024T18:17:29 - [MESSAGE][PASSED] - Object: 'Object Repository/Specific Cases Repository/LS/Client Profile/Treatment Planning/Treatment Plans/Page_Client Profile/i_Read Only_fa fa-pencil' is clicked on

04-12-2024T18:17:29 - [TEST_STEP][PASSED] - click(findTestObject("Object Repository/Specific Cases Repository/LS/Client Profile/Treatment Planning/Treatment Plans/Page_Treatment Plan/a_Plan Signatures")): Object: 'Object Repository/Specific Cases Repository/LS/Client Profile/Treatment Planning/Treatment Plans/Page_Treatment Plan/a_Plan Signatures' is clicked on

04-12-2024T18:17:30 - [MESSAGE][PASSED] - Object: 'Object Repository/Specific Cases Repository/LS/Client Profile/Treatment Planning/Treatment Plans/Page_Treatment Plan/a_Plan Signatures' is clicked on

04-12-2024T18:17:30 - [TEST_STEP][PASSED] - click(findTestObject("Object Repository/Specific Cases Repository/LS/Client Profile/Treatment Planning/Treatment Plans/Page_Treatment Plan/input_Entered in Error_iseie")): Object: 'Object Repository/Specific Cases Repository/LS/Client Profile/Treatment Planning/Treatment Plans/Page_Treatment Plan/input_Entered in Error_iseie' is clicked on

04-12-2024T18:17:31 - [MESSAGE][PASSED] - Object: 'Object Repository/Specific Cases Repository/LS/Client Profile/Treatment Planning/Treatment Plans/Page_Treatment Plan/input_Entered in Error_iseie' is clicked on

04-12-2024T18:17:31 - [TEST_STEP][PASSED] - setText(findTestObject("Object Repository/Specific Cases Repository/LS/Client Profile/Treatment Planning/Treatment Plans/Page_Treatment Plan/input_Reason_eiereason"), "Automation Test"): Text 'Automation Test' is set on object 'Object Repository/Specific Cases Repository/LS/Client Profile/Treatment Planning/Treatment Plans/Page_Treatment Plan/input_Reason_eiereason'

04-12-2024T18:17:31 - [MESSAGE][PASSED] - Text 'Automation Test' is set on object 'Object Repository/Specific Cases Repository/LS/Client Profile/Treatment Planning/Treatment Plans/Page_Treatment Plan/input_Reason_eiereason'

04-12-2024T18:17:31 - [TEST_STEP][PASSED] - click(findTestObject("Object Repository/Specific Cases Repository/LS/Client Profile/Treatment Planning/Treatment Plans/Page_Treatment Plan/button_Mark as Error")): Object: 'Object Repository/Specific Cases Repository/LS/Client Profile/Treatment Planning/Treatment Plans/Page_Treatment Plan/button_Mark as Error' is clicked on

04-12-2024T18:17:32 - [MESSAGE][PASSED] - Object: 'Object Repository/Specific Cases Repository/LS/Client Profile/Treatment Planning/Treatment Plans/Page_Treatment Plan/button_Mark as Error' is clicked on

04-12-2024T18:17:32 - [TEST_STEP][PASSED] - click(findTestObject("Object Repository/Specific Cases Repository/LS/Client Profile/Treatment Planning/Treatment Plans/Page_Client Profile/a_Treatment Planning")): Object: 'Object Repository/Specific Cases Repository/LS/Client Profile/Treatment Planning/Treatment Plans/Page_Client Profile/a_Treatment Planning' is clicked on

04-12-2024T18:17:40 - [MESSAGE][PASSED] - Object: 'Object Repository/Specific Cases Repository/LS/Client Profile/Treatment Planning/Treatment Plans/Page_Client Profile/a_Treatment Planning' is clicked on

04-12-2024T18:17:40 - [TEST_STEP][PASSED] - closeBrowser(): Browser is closed

04-12-2024T18:17:40 - [MESSAGE][PASSED] - Browser is closed]]></system-out>
         <system-err><![CDATA[]]></system-err>
      </testcase>
      <testcase name="Test Cases/Specific Cases/LS/Client Profile/PENDING - Orders" time="8.004" classname="Test Cases/Specific Cases/LS/Client Profile/PENDING - Orders" status="PASSED">
         <system-out><![CDATA[04-12-2024T18:17:40 - [TEST_CASE][PASSED] - Test Cases/Specific Cases/LS/Client Profile/PENDING - Orders: Test Cases/Specific Cases/LS/Client Profile/PENDING - Orders

04-12-2024T18:17:40 - [TEST_STEP][PASSED] - callTestCase(findTestCase("Common Cases/Login"), [:], STOP_ON_FAILURE): Call Test Case 'Test Cases/Common Cases/Login' successfully

04-12-2024T18:17:40 - [TEST_CASE][PASSED] - Test Cases/Common Cases/Login: Test Cases/Common Cases/Login

04-12-2024T18:17:40 - [TEST_STEP][PASSED] - openBrowser(""): Browser is opened with url: ''

04-12-2024T18:17:40 - [MESSAGE][INFO] - Starting 'Chrome' driver

04-12-2024T18:17:40 - [MESSAGE][INFO] - Action delay is set to 0 milliseconds

04-12-2024T18:17:41 - [MESSAGE][PASSED] - Browser is opened with url: ''

04-12-2024T18:17:41 - [TEST_STEP][PASSED] - maximizeWindow(): Current window maximized

04-12-2024T18:17:41 - [MESSAGE][PASSED] - Current window maximized

04-12-2024T18:17:41 - [TEST_STEP][PASSED] - navigateToUrl("https://site17.lsapp.cloud/auth/login"): Navigate to 'https://site17.lsapp.cloud/auth/login' successfully

04-12-2024T18:17:43 - [MESSAGE][PASSED] - Navigate to 'https://site17.lsapp.cloud/auth/login' successfully

04-12-2024T18:17:43 - [TEST_STEP][PASSED] - setText(findTestObject("Object Repository/Common Cases Repository/Login/Page_Lightning Step/input_Email_email"), "automation@lightningstep.com"): Text 'automation@lightningstep.com' is set on object 'Object Repository/Common Cases Repository/Login/Page_Lightning Step/input_Email_email'

04-12-2024T18:17:44 - [MESSAGE][PASSED] - Text 'automation@lightningstep.com' is set on object 'Object Repository/Common Cases Repository/Login/Page_Lightning Step/input_Email_email'

04-12-2024T18:17:44 - [TEST_STEP][PASSED] - setEncryptedText(findTestObject("Object Repository/Common Cases Repository/Login/Page_Lightning Step/input_Password_password"), "e5N8VHmnhJDITtQaQhDQDw=="): Text ****** has been set on object 'Object Repository/Common Cases Repository/Login/Page_Lightning Step/input_Password_password'

04-12-2024T18:17:45 - [MESSAGE][PASSED] - Text ****** has been set on object 'Object Repository/Common Cases Repository/Login/Page_Lightning Step/input_Password_password'

04-12-2024T18:17:45 - [TEST_STEP][PASSED] - click(findTestObject("Object Repository/Common Cases Repository/Login/Page_Lightning Step/button_Sign in")): Object: 'Object Repository/Common Cases Repository/Login/Page_Lightning Step/button_Sign in' is clicked on

04-12-2024T18:17:48 - [MESSAGE][PASSED] - Object: 'Object Repository/Common Cases Repository/Login/Page_Lightning Step/button_Sign in' is clicked on

04-12-2024T18:17:48 - [MESSAGE][PASSED] - Call Test Case 'Test Cases/Common Cases/Login' successfully]]></system-out>
         <system-err><![CDATA[]]></system-err>
      </testcase>
      <testcase name="Test Cases/Specific Cases/LS/Client Profile/Prescriptions/PENDING-Injection Logs" time="0.023" classname="Test Cases/Specific Cases/LS/Client Profile/Prescriptions/PENDING-Injection Logs" status="PASSED">
         <system-out><![CDATA[04-12-2024T18:17:48 - [TEST_CASE][PASSED] - Test Cases/Specific Cases/LS/Client Profile/Prescriptions/PENDING-Injection Logs: Test Cases/Specific Cases/LS/Client Profile/Prescriptions/PENDING-Injection Logs

04-12-2024T18:17:48 - [TEST_STEP][PASSED] - return null: null]]></system-out>
         <system-err><![CDATA[]]></system-err>
      </testcase>
      <testcase name="Test Cases/Specific Cases/LS/Client Profile/Prescriptions/PENDING-Medication Logs" time="8.682" classname="Test Cases/Specific Cases/LS/Client Profile/Prescriptions/PENDING-Medication Logs" status="PASSED">
         <system-out><![CDATA[04-12-2024T18:17:48 - [TEST_CASE][PASSED] - Test Cases/Specific Cases/LS/Client Profile/Prescriptions/PENDING-Medication Logs: Test Cases/Specific Cases/LS/Client Profile/Prescriptions/PENDING-Medication Logs

04-12-2024T18:17:48 - [TEST_STEP][PASSED] - callTestCase(findTestCase("Common Cases/Login"), [:], STOP_ON_FAILURE): Call Test Case 'Test Cases/Common Cases/Login' successfully

04-12-2024T18:17:48 - [TEST_CASE][PASSED] - Test Cases/Common Cases/Login: Test Cases/Common Cases/Login

04-12-2024T18:17:48 - [TEST_STEP][PASSED] - openBrowser(""): Browser is opened with url: ''

04-12-2024T18:17:48 - [MESSAGE][WARNING] - A browser is already opened. Closing browser and opening a new one

04-12-2024T18:17:49 - [MESSAGE][INFO] - Starting 'Chrome' driver

04-12-2024T18:17:49 - [MESSAGE][INFO] - Action delay is set to 0 milliseconds

04-12-2024T18:17:49 - [MESSAGE][PASSED] - Browser is opened with url: ''

04-12-2024T18:17:49 - [TEST_STEP][PASSED] - maximizeWindow(): Current window maximized

04-12-2024T18:17:49 - [MESSAGE][PASSED] - Current window maximized

04-12-2024T18:17:49 - [TEST_STEP][PASSED] - navigateToUrl("https://site17.lsapp.cloud/auth/login"): Navigate to 'https://site17.lsapp.cloud/auth/login' successfully

04-12-2024T18:17:51 - [MESSAGE][PASSED] - Navigate to 'https://site17.lsapp.cloud/auth/login' successfully

04-12-2024T18:17:51 - [TEST_STEP][PASSED] - setText(findTestObject("Object Repository/Common Cases Repository/Login/Page_Lightning Step/input_Email_email"), "automation@lightningstep.com"): Text 'automation@lightningstep.com' is set on object 'Object Repository/Common Cases Repository/Login/Page_Lightning Step/input_Email_email'

04-12-2024T18:17:52 - [MESSAGE][PASSED] - Text 'automation@lightningstep.com' is set on object 'Object Repository/Common Cases Repository/Login/Page_Lightning Step/input_Email_email'

04-12-2024T18:17:52 - [TEST_STEP][PASSED] - setEncryptedText(findTestObject("Object Repository/Common Cases Repository/Login/Page_Lightning Step/input_Password_password"), "e5N8VHmnhJDITtQaQhDQDw=="): Text ****** has been set on object 'Object Repository/Common Cases Repository/Login/Page_Lightning Step/input_Password_password'

04-12-2024T18:17:53 - [MESSAGE][PASSED] - Text ****** has been set on object 'Object Repository/Common Cases Repository/Login/Page_Lightning Step/input_Password_password'

04-12-2024T18:17:53 - [TEST_STEP][PASSED] - click(findTestObject("Object Repository/Common Cases Repository/Login/Page_Lightning Step/button_Sign in")): Object: 'Object Repository/Common Cases Repository/Login/Page_Lightning Step/button_Sign in' is clicked on

04-12-2024T18:17:57 - [MESSAGE][PASSED] - Object: 'Object Repository/Common Cases Repository/Login/Page_Lightning Step/button_Sign in' is clicked on

04-12-2024T18:17:57 - [MESSAGE][PASSED] - Call Test Case 'Test Cases/Common Cases/Login' successfully]]></system-out>
         <system-err><![CDATA[]]></system-err>
      </testcase>
      <testcase name="Test Cases/Specific Cases/LS/Client Profile/Prescriptions/Prescription Dispositions" time="21.734" classname="Test Cases/Specific Cases/LS/Client Profile/Prescriptions/Prescription Dispositions" status="PASSED">
         <system-out><![CDATA[04-12-2024T18:17:57 - [TEST_CASE][PASSED] - Test Cases/Specific Cases/LS/Client Profile/Prescriptions/Prescription Dispositions: Test Cases/Specific Cases/LS/Client Profile/Prescriptions/Prescription Dispositions

04-12-2024T18:17:57 - [TEST_STEP][PASSED] - callTestCase(findTestCase("Common Cases/Login"), [:], STOP_ON_FAILURE): Call Test Case 'Test Cases/Common Cases/Login' successfully

04-12-2024T18:17:57 - [TEST_CASE][PASSED] - Test Cases/Common Cases/Login: Test Cases/Common Cases/Login

04-12-2024T18:17:57 - [TEST_STEP][PASSED] - openBrowser(""): Browser is opened with url: ''

04-12-2024T18:17:57 - [MESSAGE][WARNING] - A browser is already opened. Closing browser and opening a new one

04-12-2024T18:17:57 - [MESSAGE][INFO] - Starting 'Chrome' driver

04-12-2024T18:17:57 - [MESSAGE][INFO] - Action delay is set to 0 milliseconds

04-12-2024T18:17:58 - [MESSAGE][PASSED] - Browser is opened with url: ''

04-12-2024T18:17:58 - [TEST_STEP][PASSED] - maximizeWindow(): Current window maximized

04-12-2024T18:17:58 - [MESSAGE][PASSED] - Current window maximized

04-12-2024T18:17:58 - [TEST_STEP][PASSED] - navigateToUrl("https://site17.lsapp.cloud/auth/login"): Navigate to 'https://site17.lsapp.cloud/auth/login' successfully

04-12-2024T18:18:01 - [MESSAGE][PASSED] - Navigate to 'https://site17.lsapp.cloud/auth/login' successfully

04-12-2024T18:18:01 - [TEST_STEP][PASSED] - setText(findTestObject("Object Repository/Common Cases Repository/Login/Page_Lightning Step/input_Email_email"), "automation@lightningstep.com"): Text 'automation@lightningstep.com' is set on object 'Object Repository/Common Cases Repository/Login/Page_Lightning Step/input_Email_email'

04-12-2024T18:18:02 - [MESSAGE][PASSED] - Text 'automation@lightningstep.com' is set on object 'Object Repository/Common Cases Repository/Login/Page_Lightning Step/input_Email_email'

04-12-2024T18:18:02 - [TEST_STEP][PASSED] - setEncryptedText(findTestObject("Object Repository/Common Cases Repository/Login/Page_Lightning Step/input_Password_password"), "e5N8VHmnhJDITtQaQhDQDw=="): Text ****** has been set on object 'Object Repository/Common Cases Repository/Login/Page_Lightning Step/input_Password_password'

04-12-2024T18:18:02 - [MESSAGE][PASSED] - Text ****** has been set on object 'Object Repository/Common Cases Repository/Login/Page_Lightning Step/input_Password_password'

04-12-2024T18:18:02 - [TEST_STEP][PASSED] - click(findTestObject("Object Repository/Common Cases Repository/Login/Page_Lightning Step/button_Sign in")): Object: 'Object Repository/Common Cases Repository/Login/Page_Lightning Step/button_Sign in' is clicked on

04-12-2024T18:18:08 - [MESSAGE][PASSED] - Object: 'Object Repository/Common Cases Repository/Login/Page_Lightning Step/button_Sign in' is clicked on

04-12-2024T18:18:08 - [MESSAGE][PASSED] - Call Test Case 'Test Cases/Common Cases/Login' successfully

04-12-2024T18:18:08 - [TEST_STEP][PASSED] - navigateToUrl("https://site17.lsapp.cloud/client/index/1558?section=prescriptions"): Navigate to 'https://site17.lsapp.cloud/client/index/1558?section=prescriptions' successfully

04-12-2024T18:18:14 - [MESSAGE][PASSED] - Navigate to 'https://site17.lsapp.cloud/client/index/1558?section=prescriptions' successfully

04-12-2024T18:18:14 - [TEST_STEP][PASSED] - click(findTestObject("Object Repository/Specific Cases Repository/LS/Client Profile/Prescriptions/Prescription Dispositions/Page_Client Profile/i_add")): Object: 'Object Repository/Specific Cases Repository/LS/Client Profile/Prescriptions/Prescription Dispositions/Page_Client Profile/i_add' is clicked on

04-12-2024T18:18:18 - [MESSAGE][PASSED] - Object: 'Object Repository/Specific Cases Repository/LS/Client Profile/Prescriptions/Prescription Dispositions/Page_Client Profile/i_add' is clicked on

04-12-2024T18:18:18 - [TEST_STEP][PASSED] - verifyElementText(findTestObject("Object Repository/Specific Cases Repository/LS/Client Profile/Prescriptions/Prescription Dispositions/Page_Prescriptions/h4_Prescriptions for C Client C Automation"), "Prescriptions for C Client C Automation"): Actual text and expected text of test object 'Object Repository/Specific Cases Repository/LS/Client Profile/Prescriptions/Prescription Dispositions/Page_Prescriptions/h4_Prescriptions for C Client C Automation' are matched.

04-12-2024T18:18:18 - [MESSAGE][PASSED] - Actual text and expected text of test object 'Object Repository/Specific Cases Repository/LS/Client Profile/Prescriptions/Prescription Dispositions/Page_Prescriptions/h4_Prescriptions for C Client C Automation' are matched.

04-12-2024T18:18:18 - [TEST_STEP][PASSED] - verifyElementText(findTestObject("Object Repository/Specific Cases Repository/LS/Client Profile/Prescriptions/Prescription Dispositions/Page_Prescriptions/td_100 (acetaminophen 250 MG  aspirin 250 M_8937bb"), "{100 (acetaminophen 250 MG / aspirin 250 MG / caffeine 65 MG Oral Tablet [Excedrin]) / 24 (acetaminophen 250 MG / aspirin 250 MG / diphenhydramine cit"): Actual text and expected text of test object 'Object Repository/Specific Cases Repository/LS/Client Profile/Prescriptions/Prescription Dispositions/Page_Prescriptions/td_100 (acetaminophen 250 MG  aspirin 250 M_8937bb' are matched.

04-12-2024T18:18:19 - [MESSAGE][PASSED] - Actual text and expected text of test object 'Object Repository/Specific Cases Repository/LS/Client Profile/Prescriptions/Prescription Dispositions/Page_Prescriptions/td_100 (acetaminophen 250 MG  aspirin 250 M_8937bb' are matched.

04-12-2024T18:18:19 - [TEST_STEP][PASSED] - closeBrowser(): Browser is closed

04-12-2024T18:18:19 - [MESSAGE][PASSED] - Browser is closed]]></system-out>
         <system-err><![CDATA[]]></system-err>
      </testcase>
      <testcase name="Test Cases/Specific Cases/LS/Client Profile/Prescriptions/Prescriptions" time="40.958" classname="Test Cases/Specific Cases/LS/Client Profile/Prescriptions/Prescriptions" status="FAILED">
         <failure type="FAILED" message="Test Cases/Specific Cases/LS/Client Profile/Prescriptions/Prescriptions FAILED.&#xa;Reason:&#xa;com.kms.katalon.core.exception.StepFailedException: Verify element text of test object 'Object Repository/Specific Cases Repository/LS/Client Profile/Prescriptions/Prescriptions/Page_Client Profile/td_12032024' FAILED.&#xa;	at com.kms.katalon.core.webui.keyword.internal.WebUIKeywordMain.stepFailed(WebUIKeywordMain.groovy:117)&#xa;	at com.kms.katalon.core.webui.keyword.internal.WebUIKeywordMain.runKeyword(WebUIKeywordMain.groovy:43)&#xa;	at com.kms.katalon.core.webui.keyword.builtin.VerifyElementTextKeyword.verifyElementText(VerifyElementTextKeyword.groovy:72)&#xa;	at com.kms.katalon.core.webui.keyword.builtin.VerifyElementTextKeyword.execute(VerifyElementTextKeyword.groovy:40)&#xa;	at com.kms.katalon.core.keyword.internal.KeywordExecutor.executeKeywordForPlatform(KeywordExecutor.groovy:74)&#xa;	at com.kms.katalon.core.webui.keyword.WebUiBuiltInKeywords.verifyElementText(WebUiBuiltInKeywords.groovy:4835)&#xa;	at Prescriptions.run(Prescriptions:88)&#xa;	at com.kms.katalon.core.main.ScriptEngine.run(ScriptEngine.java:194)&#xa;	at com.kms.katalon.core.main.ScriptEngine.runScriptAsRawText(ScriptEngine.java:119)&#xa;	at com.kms.katalon.core.main.TestCaseExecutor.runScript(TestCaseExecutor.java:448)&#xa;	at com.kms.katalon.core.main.TestCaseExecutor.doExecute(TestCaseExecutor.java:439)&#xa;	at com.kms.katalon.core.main.TestCaseExecutor.processExecutionPhase(TestCaseExecutor.java:418)&#xa;	at com.kms.katalon.core.main.TestCaseExecutor.accessMainPhase(TestCaseExecutor.java:410)&#xa;	at com.kms.katalon.core.main.TestCaseExecutor.execute(TestCaseExecutor.java:285)&#xa;	at com.kms.katalon.core.common.CommonExecutor.accessTestCaseMainPhase(CommonExecutor.java:65)&#xa;	at com.kms.katalon.core.main.TestSuiteExecutor.accessTestSuiteMainPhase(TestSuiteExecutor.java:150)&#xa;	at com.kms.katalon.core.main.TestSuiteExecutor.execute(TestSuiteExecutor.java:106)&#xa;	at com.kms.katalon.core.main.TestCaseMain.startTestSuite(TestCaseMain.java:180)&#xa;	at TempTestSuite1733353068935.run(TempTestSuite1733353068935.groovy:35)&#xa;	at java.base/jdk.internal.reflect.NativeMethodAccessorImpl.invoke0(Native Method)&#xa;	at java.base/jdk.internal.reflect.NativeMethodAccessorImpl.invoke(NativeMethodAccessorImpl.java:77)&#xa;	at java.base/jdk.internal.reflect.DelegatingMethodAccessorImpl.invoke(DelegatingMethodAccessorImpl.java:43)&#xa;Caused by: com.kms.katalon.core.exception.StepFailedException: Actual text '' and expected text '12/04/2024' of test object 'Object Repository/Specific Cases Repository/LS/Client Profile/Prescriptions/Prescriptions/Page_Client Profile/td_12032024' are NOT matched.&#xa;	at com.kms.katalon.core.webui.keyword.internal.WebUIKeywordMain.stepFailed(WebUIKeywordMain.groovy:117)&#xa;	at com.kms.katalon.core.webui.keyword.builtin.VerifyElementTextKeyword$_verifyElementText_closure1.doCall(VerifyElementTextKeyword.groovy:57)&#xa;	at com.kms.katalon.core.webui.keyword.builtin.VerifyElementTextKeyword$_verifyElementText_closure1.call(VerifyElementTextKeyword.groovy)&#xa;	at com.kms.katalon.core.webui.keyword.internal.WebUIKeywordMain.runKeyword(WebUIKeywordMain.groovy:35)&#xa;	... 20 more&#xa;"/>
         <system-out><![CDATA[04-12-2024T18:18:19 - [TEST_CASE][FAILED] - Test Cases/Specific Cases/LS/Client Profile/Prescriptions/Prescriptions: Test Cases/Specific Cases/LS/Client Profile/Prescriptions/Prescriptions FAILED.
Reason:
com.kms.katalon.core.exception.StepFailedException: Verify element text of test object 'Object Repository/Specific Cases Repository/LS/Client Profile/Prescriptions/Prescriptions/Page_Client Profile/td_12032024' FAILED.
	at com.kms.katalon.core.webui.keyword.internal.WebUIKeywordMain.stepFailed(WebUIKeywordMain.groovy:117)
	at com.kms.katalon.core.webui.keyword.internal.WebUIKeywordMain.runKeyword(WebUIKeywordMain.groovy:43)
	at com.kms.katalon.core.webui.keyword.builtin.VerifyElementTextKeyword.verifyElementText(VerifyElementTextKeyword.groovy:72)
	at com.kms.katalon.core.webui.keyword.builtin.VerifyElementTextKeyword.execute(VerifyElementTextKeyword.groovy:40)
	at com.kms.katalon.core.keyword.internal.KeywordExecutor.executeKeywordForPlatform(KeywordExecutor.groovy:74)
	at com.kms.katalon.core.webui.keyword.WebUiBuiltInKeywords.verifyElementText(WebUiBuiltInKeywords.groovy:4835)
	at Prescriptions.run(Prescriptions:88)
	at com.kms.katalon.core.main.ScriptEngine.run(ScriptEngine.java:194)
	at com.kms.katalon.core.main.ScriptEngine.runScriptAsRawText(ScriptEngine.java:119)
	at com.kms.katalon.core.main.TestCaseExecutor.runScript(TestCaseExecutor.java:448)
	at com.kms.katalon.core.main.TestCaseExecutor.doExecute(TestCaseExecutor.java:439)
	at com.kms.katalon.core.main.TestCaseExecutor.processExecutionPhase(TestCaseExecutor.java:418)
	at com.kms.katalon.core.main.TestCaseExecutor.accessMainPhase(TestCaseExecutor.java:410)
	at com.kms.katalon.core.main.TestCaseExecutor.execute(TestCaseExecutor.java:285)
	at com.kms.katalon.core.common.CommonExecutor.accessTestCaseMainPhase(CommonExecutor.java:65)
	at com.kms.katalon.core.main.TestSuiteExecutor.accessTestSuiteMainPhase(TestSuiteExecutor.java:150)
	at com.kms.katalon.core.main.TestSuiteExecutor.execute(TestSuiteExecutor.java:106)
	at com.kms.katalon.core.main.TestCaseMain.startTestSuite(TestCaseMain.java:180)
	at TempTestSuite1733353068935.run(TempTestSuite1733353068935.groovy:35)
	at java.base/jdk.internal.reflect.NativeMethodAccessorImpl.invoke0(Native Method)
	at java.base/jdk.internal.reflect.NativeMethodAccessorImpl.invoke(NativeMethodAccessorImpl.java:77)
	at java.base/jdk.internal.reflect.DelegatingMethodAccessorImpl.invoke(DelegatingMethodAccessorImpl.java:43)
Caused by: com.kms.katalon.core.exception.StepFailedException: Actual text '' and expected text '12/04/2024' of test object 'Object Repository/Specific Cases Repository/LS/Client Profile/Prescriptions/Prescriptions/Page_Client Profile/td_12032024' are NOT matched.
	at com.kms.katalon.core.webui.keyword.internal.WebUIKeywordMain.stepFailed(WebUIKeywordMain.groovy:117)
	at com.kms.katalon.core.webui.keyword.builtin.VerifyElementTextKeyword$_verifyElementText_closure1.doCall(VerifyElementTextKeyword.groovy:57)
	at com.kms.katalon.core.webui.keyword.builtin.VerifyElementTextKeyword$_verifyElementText_closure1.call(VerifyElementTextKeyword.groovy)
	at com.kms.katalon.core.webui.keyword.internal.WebUIKeywordMain.runKeyword(WebUIKeywordMain.groovy:35)
	... 20 more


04-12-2024T18:18:19 - [TEST_STEP][PASSED] - callTestCase(findTestCase("Common Cases/Login"), [:], STOP_ON_FAILURE): Call Test Case 'Test Cases/Common Cases/Login' successfully

04-12-2024T18:18:19 - [TEST_CASE][PASSED] - Test Cases/Common Cases/Login: Test Cases/Common Cases/Login

04-12-2024T18:18:19 - [TEST_STEP][PASSED] - openBrowser(""): Browser is opened with url: ''

04-12-2024T18:18:19 - [MESSAGE][INFO] - Starting 'Chrome' driver

04-12-2024T18:18:19 - [MESSAGE][INFO] - Action delay is set to 0 milliseconds

04-12-2024T18:18:20 - [MESSAGE][PASSED] - Browser is opened with url: ''

04-12-2024T18:18:20 - [TEST_STEP][PASSED] - maximizeWindow(): Current window maximized

04-12-2024T18:18:20 - [MESSAGE][PASSED] - Current window maximized

04-12-2024T18:18:20 - [TEST_STEP][PASSED] - navigateToUrl("https://site17.lsapp.cloud/auth/login"): Navigate to 'https://site17.lsapp.cloud/auth/login' successfully

04-12-2024T18:18:20 - [MESSAGE][PASSED] - Navigate to 'https://site17.lsapp.cloud/auth/login' successfully

04-12-2024T18:18:20 - [TEST_STEP][PASSED] - setText(findTestObject("Object Repository/Common Cases Repository/Login/Page_Lightning Step/input_Email_email"), "automation@lightningstep.com"): Text 'automation@lightningstep.com' is set on object 'Object Repository/Common Cases Repository/Login/Page_Lightning Step/input_Email_email'

04-12-2024T18:18:23 - [MESSAGE][PASSED] - Text 'automation@lightningstep.com' is set on object 'Object Repository/Common Cases Repository/Login/Page_Lightning Step/input_Email_email'

04-12-2024T18:18:23 - [TEST_STEP][PASSED] - setEncryptedText(findTestObject("Object Repository/Common Cases Repository/Login/Page_Lightning Step/input_Password_password"), "e5N8VHmnhJDITtQaQhDQDw=="): Text ****** has been set on object 'Object Repository/Common Cases Repository/Login/Page_Lightning Step/input_Password_password'

04-12-2024T18:18:24 - [MESSAGE][PASSED] - Text ****** has been set on object 'Object Repository/Common Cases Repository/Login/Page_Lightning Step/input_Password_password'

04-12-2024T18:18:24 - [TEST_STEP][PASSED] - click(findTestObject("Object Repository/Common Cases Repository/Login/Page_Lightning Step/button_Sign in")): Object: 'Object Repository/Common Cases Repository/Login/Page_Lightning Step/button_Sign in' is clicked on

04-12-2024T18:18:28 - [MESSAGE][PASSED] - Object: 'Object Repository/Common Cases Repository/Login/Page_Lightning Step/button_Sign in' is clicked on

04-12-2024T18:18:28 - [MESSAGE][PASSED] - Call Test Case 'Test Cases/Common Cases/Login' successfully

04-12-2024T18:18:28 - [TEST_STEP][PASSED] - navigateToUrl("https://site17.lsapp.cloud/client/index/1558?section=prescriptions"): Navigate to 'https://site17.lsapp.cloud/client/index/1558?section=prescriptions' successfully

04-12-2024T18:18:34 - [MESSAGE][PASSED] - Navigate to 'https://site17.lsapp.cloud/client/index/1558?section=prescriptions' successfully

04-12-2024T18:18:34 - [TEST_STEP][PASSED] - click(findTestObject("Object Repository/Specific Cases Repository/LS/Client Profile/Prescriptions/Prescriptions/Page_Client Profile/i_add")): Object: 'Object Repository/Specific Cases Repository/LS/Client Profile/Prescriptions/Prescriptions/Page_Client Profile/i_add' is clicked on

04-12-2024T18:18:37 - [MESSAGE][PASSED] - Object: 'Object Repository/Specific Cases Repository/LS/Client Profile/Prescriptions/Prescriptions/Page_Client Profile/i_add' is clicked on

04-12-2024T18:18:37 - [TEST_STEP][PASSED] - selectOptionByValue(findTestObject("Object Repository/Specific Cases Repository/LS/Client Profile/Prescriptions/Prescriptions/Page_New Prescription/select_--Select Medication--               _4550eb"), "Amoxil", true): All options with value 'Amoxil' are selected in object 'Object Repository/Specific Cases Repository/LS/Client Profile/Prescriptions/Prescriptions/Page_New Prescription/select_--Select Medication--               _4550eb'  using regular expression

04-12-2024T18:18:39 - [MESSAGE][PASSED] - All options with value 'Amoxil' are selected in object 'Object Repository/Specific Cases Repository/LS/Client Profile/Prescriptions/Prescriptions/Page_New Prescription/select_--Select Medication--               _4550eb'  using regular expression

04-12-2024T18:18:39 - [TEST_STEP][PASSED] - setText(findTestObject("Object Repository/Specific Cases Repository/LS/Client Profile/Prescriptions/Prescriptions/Page_New Prescription/input_Strength_Strength"), "10"): Text '10' is set on object 'Object Repository/Specific Cases Repository/LS/Client Profile/Prescriptions/Prescriptions/Page_New Prescription/input_Strength_Strength'

04-12-2024T18:18:39 - [MESSAGE][PASSED] - Text '10' is set on object 'Object Repository/Specific Cases Repository/LS/Client Profile/Prescriptions/Prescriptions/Page_New Prescription/input_Strength_Strength'

04-12-2024T18:18:39 - [TEST_STEP][PASSED] - selectOptionByValue(findTestObject("Object Repository/Specific Cases Repository/LS/Client Profile/Prescriptions/Prescriptions/Page_New Prescription/select_-- Not Selected --InhalerInjectionLo_92d90e"), "Injection", true): All options with value 'Injection' are selected in object 'Object Repository/Specific Cases Repository/LS/Client Profile/Prescriptions/Prescriptions/Page_New Prescription/select_-- Not Selected --InhalerInjectionLo_92d90e'  using regular expression

04-12-2024T18:18:40 - [MESSAGE][PASSED] - All options with value 'Injection' are selected in object 'Object Repository/Specific Cases Repository/LS/Client Profile/Prescriptions/Prescriptions/Page_New Prescription/select_-- Not Selected --InhalerInjectionLo_92d90e'  using regular expression

04-12-2024T18:18:40 - [TEST_STEP][PASSED] - selectOptionByValue(findTestObject("Object Repository/Specific Cases Repository/LS/Client Profile/Prescriptions/Prescriptions/Page_New Prescription/select_-- Not Selected --At MealsDailyEvery_c99cb7"), "Daily", true): All options with value 'Daily' are selected in object 'Object Repository/Specific Cases Repository/LS/Client Profile/Prescriptions/Prescriptions/Page_New Prescription/select_-- Not Selected --At MealsDailyEvery_c99cb7'  using regular expression

04-12-2024T18:18:41 - [MESSAGE][PASSED] - All options with value 'Daily' are selected in object 'Object Repository/Specific Cases Repository/LS/Client Profile/Prescriptions/Prescriptions/Page_New Prescription/select_-- Not Selected --At MealsDailyEvery_c99cb7'  using regular expression

04-12-2024T18:18:41 - [TEST_STEP][PASSED] - setText(findTestObject("Object Repository/Specific Cases Repository/LS/Client Profile/Prescriptions/Prescriptions/Page_New Prescription/input_Quantity_qtyavail"), "11"): Text '11' is set on object 'Object Repository/Specific Cases Repository/LS/Client Profile/Prescriptions/Prescriptions/Page_New Prescription/input_Quantity_qtyavail'

04-12-2024T18:18:42 - [MESSAGE][PASSED] - Text '11' is set on object 'Object Repository/Specific Cases Repository/LS/Client Profile/Prescriptions/Prescriptions/Page_New Prescription/input_Quantity_qtyavail'

04-12-2024T18:18:42 - [TEST_STEP][PASSED] - selectOptionByValue(findTestObject("Object Repository/Specific Cases Repository/LS/Client Profile/Prescriptions/Prescriptions/Page_New Prescription/select_01234"), "2", true): All options with value '2' are selected in object 'Object Repository/Specific Cases Repository/LS/Client Profile/Prescriptions/Prescriptions/Page_New Prescription/select_01234'  using regular expression

04-12-2024T18:18:42 - [MESSAGE][PASSED] - All options with value '2' are selected in object 'Object Repository/Specific Cases Repository/LS/Client Profile/Prescriptions/Prescriptions/Page_New Prescription/select_01234'  using regular expression

04-12-2024T18:18:42 - [TEST_STEP][PASSED] - setText(findTestObject("Object Repository/Specific Cases Repository/LS/Client Profile/Prescriptions/Prescriptions/Page_New Prescription/textarea_Purpose_purpose"), "Automation Purpose"): Text 'Automation Purpose' is set on object 'Object Repository/Specific Cases Repository/LS/Client Profile/Prescriptions/Prescriptions/Page_New Prescription/textarea_Purpose_purpose'

04-12-2024T18:18:43 - [MESSAGE][PASSED] - Text 'Automation Purpose' is set on object 'Object Repository/Specific Cases Repository/LS/Client Profile/Prescriptions/Prescriptions/Page_New Prescription/textarea_Purpose_purpose'

04-12-2024T18:18:43 - [TEST_STEP][PASSED] - setText(findTestObject("Object Repository/Specific Cases Repository/LS/Client Profile/Prescriptions/Prescriptions/Page_New Prescription/textarea_Instructions_Directions"), "Automation Instructions"): Text 'Automation Instructions' is set on object 'Object Repository/Specific Cases Repository/LS/Client Profile/Prescriptions/Prescriptions/Page_New Prescription/textarea_Instructions_Directions'

04-12-2024T18:18:43 - [MESSAGE][PASSED] - Text 'Automation Instructions' is set on object 'Object Repository/Specific Cases Repository/LS/Client Profile/Prescriptions/Prescriptions/Page_New Prescription/textarea_Instructions_Directions'

04-12-2024T18:18:43 - [TEST_STEP][PASSED] - selectOptionByValue(findTestObject("Object Repository/Specific Cases Repository/LS/Client Profile/Prescriptions/Prescriptions/Page_New Prescription/select_Enrique Carreno            Albert Da_40526a"), "1278", true): All options with value '1278' are selected in object 'Object Repository/Specific Cases Repository/LS/Client Profile/Prescriptions/Prescriptions/Page_New Prescription/select_Enrique Carreno            Albert Da_40526a'  using regular expression

04-12-2024T18:18:44 - [MESSAGE][PASSED] - All options with value '1278' are selected in object 'Object Repository/Specific Cases Repository/LS/Client Profile/Prescriptions/Prescriptions/Page_New Prescription/select_Enrique Carreno            Albert Da_40526a'  using regular expression

04-12-2024T18:18:44 - [TEST_STEP][PASSED] - selectOptionByValue(findTestObject("Object Repository/Specific Cases Repository/LS/Client Profile/Prescriptions/Prescriptions/Page_New Prescription/select_Enrique Carreno            Albert Da_40526a"), "1302", true): All options with value '1302' are selected in object 'Object Repository/Specific Cases Repository/LS/Client Profile/Prescriptions/Prescriptions/Page_New Prescription/select_Enrique Carreno            Albert Da_40526a'  using regular expression

04-12-2024T18:18:45 - [MESSAGE][PASSED] - All options with value '1302' are selected in object 'Object Repository/Specific Cases Repository/LS/Client Profile/Prescriptions/Prescriptions/Page_New Prescription/select_Enrique Carreno            Albert Da_40526a'  using regular expression

04-12-2024T18:18:45 - [TEST_STEP][PASSED] - setText(findTestObject("Object Repository/Specific Cases Repository/LS/Client Profile/Prescriptions/Prescriptions/Page_New Prescription/input_Prescriber_prescriber"), "Automation Prescriber"): Text 'Automation Prescriber' is set on object 'Object Repository/Specific Cases Repository/LS/Client Profile/Prescriptions/Prescriptions/Page_New Prescription/input_Prescriber_prescriber'

04-12-2024T18:18:46 - [MESSAGE][PASSED] - Text 'Automation Prescriber' is set on object 'Object Repository/Specific Cases Repository/LS/Client Profile/Prescriptions/Prescriptions/Page_New Prescription/input_Prescriber_prescriber'

04-12-2024T18:18:46 - [TEST_STEP][PASSED] - setText(findTestObject("Object Repository/Specific Cases Repository/LS/Client Profile/Prescriptions/Prescriptions/Page_New Prescription/input_Pharmacy_PharmacyStoreName"), "Automation Pharmacy"): Text 'Automation Pharmacy' is set on object 'Object Repository/Specific Cases Repository/LS/Client Profile/Prescriptions/Prescriptions/Page_New Prescription/input_Pharmacy_PharmacyStoreName'

04-12-2024T18:18:46 - [MESSAGE][PASSED] - Text 'Automation Pharmacy' is set on object 'Object Repository/Specific Cases Repository/LS/Client Profile/Prescriptions/Prescriptions/Page_New Prescription/input_Pharmacy_PharmacyStoreName'

04-12-2024T18:18:46 - [TEST_STEP][PASSED] - setText(findTestObject("Object Repository/Specific Cases Repository/LS/Client Profile/Prescriptions/Prescriptions/Page_New Prescription/input_When Started_whenstart"), "13"): Text '13' is set on object 'Object Repository/Specific Cases Repository/LS/Client Profile/Prescriptions/Prescriptions/Page_New Prescription/input_When Started_whenstart'

04-12-2024T18:18:47 - [MESSAGE][PASSED] - Text '13' is set on object 'Object Repository/Specific Cases Repository/LS/Client Profile/Prescriptions/Prescriptions/Page_New Prescription/input_When Started_whenstart'

04-12-2024T18:18:47 - [TEST_STEP][PASSED] - setText(findTestObject("Object Repository/Specific Cases Repository/LS/Client Profile/Prescriptions/Prescriptions/Page_New Prescription/input_Last Taken_lasttaken"), "14"): Text '14' is set on object 'Object Repository/Specific Cases Repository/LS/Client Profile/Prescriptions/Prescriptions/Page_New Prescription/input_Last Taken_lasttaken'

04-12-2024T18:18:48 - [MESSAGE][PASSED] - Text '14' is set on object 'Object Repository/Specific Cases Repository/LS/Client Profile/Prescriptions/Prescriptions/Page_New Prescription/input_Last Taken_lasttaken'

04-12-2024T18:18:48 - [TEST_STEP][PASSED] - selectOptionByValue(findTestObject("Object Repository/Specific Cases Repository/LS/Client Profile/Prescriptions/Prescriptions/Page_New Prescription/select_----        Yes        No"), "1", true): All options with value '1' are selected in object 'Object Repository/Specific Cases Repository/LS/Client Profile/Prescriptions/Prescriptions/Page_New Prescription/select_----        Yes        No'  using regular expression

04-12-2024T18:18:49 - [MESSAGE][PASSED] - All options with value '1' are selected in object 'Object Repository/Specific Cases Repository/LS/Client Profile/Prescriptions/Prescriptions/Page_New Prescription/select_----        Yes        No'  using regular expression

04-12-2024T18:18:49 - [TEST_STEP][PASSED] - selectOptionByValue(findTestObject("Object Repository/Specific Cases Repository/LS/Client Profile/Prescriptions/Prescriptions/Page_New Prescription/select_----    Yes    No"), "No", true): All options with value 'No' are selected in object 'Object Repository/Specific Cases Repository/LS/Client Profile/Prescriptions/Prescriptions/Page_New Prescription/select_----    Yes    No'  using regular expression

04-12-2024T18:18:50 - [MESSAGE][PASSED] - All options with value 'No' are selected in object 'Object Repository/Specific Cases Repository/LS/Client Profile/Prescriptions/Prescriptions/Page_New Prescription/select_----    Yes    No'  using regular expression

04-12-2024T18:18:50 - [TEST_STEP][PASSED] - selectOptionByValue(findTestObject("Object Repository/Specific Cases Repository/LS/Client Profile/Prescriptions/Prescriptions/Page_New Prescription/select_----    Yes    No_1"), "Yes", true): All options with value 'Yes' are selected in object 'Object Repository/Specific Cases Repository/LS/Client Profile/Prescriptions/Prescriptions/Page_New Prescription/select_----    Yes    No_1'  using regular expression

04-12-2024T18:18:50 - [MESSAGE][PASSED] - All options with value 'Yes' are selected in object 'Object Repository/Specific Cases Repository/LS/Client Profile/Prescriptions/Prescriptions/Page_New Prescription/select_----    Yes    No_1'  using regular expression

04-12-2024T18:18:50 - [TEST_STEP][PASSED] - setText(findTestObject("Object Repository/Specific Cases Repository/LS/Client Profile/Prescriptions/Prescriptions/Page_New Prescription/input_Total Quantity_qtyavail"), "Automation Total Quantity"): Text 'Automation Total Quantity' is set on object 'Object Repository/Specific Cases Repository/LS/Client Profile/Prescriptions/Prescriptions/Page_New Prescription/input_Total Quantity_qtyavail'

04-12-2024T18:18:51 - [MESSAGE][PASSED] - Text 'Automation Total Quantity' is set on object 'Object Repository/Specific Cases Repository/LS/Client Profile/Prescriptions/Prescriptions/Page_New Prescription/input_Total Quantity_qtyavail'

04-12-2024T18:18:51 - [TEST_STEP][PASSED] - setText(findTestObject("Object Repository/Specific Cases Repository/LS/Client Profile/Prescriptions/Prescriptions/Page_New Prescription/input_Quantity for Each Dose_qtydose"), "Automation Quantity for Each Dose"): Text 'Automation Quantity for Each Dose' is set on object 'Object Repository/Specific Cases Repository/LS/Client Profile/Prescriptions/Prescriptions/Page_New Prescription/input_Quantity for Each Dose_qtydose'

04-12-2024T18:18:52 - [MESSAGE][PASSED] - Text 'Automation Quantity for Each Dose' is set on object 'Object Repository/Specific Cases Repository/LS/Client Profile/Prescriptions/Prescriptions/Page_New Prescription/input_Quantity for Each Dose_qtydose'

04-12-2024T18:18:52 - [TEST_STEP][PASSED] - setText(findTestObject("Object Repository/Specific Cases Repository/LS/Client Profile/Prescriptions/Prescriptions/Page_New Prescription/input_RX_rxnumber"), "081088"): Text '081088' is set on object 'Object Repository/Specific Cases Repository/LS/Client Profile/Prescriptions/Prescriptions/Page_New Prescription/input_RX_rxnumber'

04-12-2024T18:18:52 - [MESSAGE][PASSED] - Text '081088' is set on object 'Object Repository/Specific Cases Repository/LS/Client Profile/Prescriptions/Prescriptions/Page_New Prescription/input_RX_rxnumber'

04-12-2024T18:18:52 - [TEST_STEP][PASSED] - click(findTestObject("Object Repository/Specific Cases Repository/LS/Client Profile/Prescriptions/Prescriptions/Page_New Prescription/button_Save")): Object: 'Object Repository/Specific Cases Repository/LS/Client Profile/Prescriptions/Prescriptions/Page_New Prescription/button_Save' is clicked on

04-12-2024T18:18:59 - [MESSAGE][PASSED] - Object: 'Object Repository/Specific Cases Repository/LS/Client Profile/Prescriptions/Prescriptions/Page_New Prescription/button_Save' is clicked on

04-12-2024T18:18:59 - [TEST_STEP][FAILED] - verifyElementText(findTestObject("Object Repository/Specific Cases Repository/LS/Client Profile/Prescriptions/Prescriptions/Page_Client Profile/td_12032024"), Todays_Date): Verify element text of test object 'Object Repository/Specific Cases Repository/LS/Client Profile/Prescriptions/Prescriptions/Page_Client Profile/td_12032024' FAILED. (Root cause: com.kms.katalon.core.exception.StepFailedException: Verify element text of test object 'Object Repository/Specific Cases Repository/LS/Client Profile/Prescriptions/Prescriptions/Page_Client Profile/td_12032024' FAILED.
	at com.kms.katalon.core.webui.keyword.internal.WebUIKeywordMain.stepFailed(WebUIKeywordMain.groovy:117)
	at com.kms.katalon.core.webui.keyword.internal.WebUIKeywordMain.runKeyword(WebUIKeywordMain.groovy:43)
	at com.kms.katalon.core.webui.keyword.builtin.VerifyElementTextKeyword.verifyElementText(VerifyElementTextKeyword.groovy:72)
	at com.kms.katalon.core.webui.keyword.builtin.VerifyElementTextKeyword.execute(VerifyElementTextKeyword.groovy:40)
	at com.kms.katalon.core.keyword.internal.KeywordExecutor.executeKeywordForPlatform(KeywordExecutor.groovy:74)
	at com.kms.katalon.core.webui.keyword.WebUiBuiltInKeywords.verifyElementText(WebUiBuiltInKeywords.groovy:4835)
	at Prescriptions.run(Prescriptions:88)
	at com.kms.katalon.core.main.ScriptEngine.run(ScriptEngine.java:194)
	at com.kms.katalon.core.main.ScriptEngine.runScriptAsRawText(ScriptEngine.java:119)
	at com.kms.katalon.core.main.TestCaseExecutor.runScript(TestCaseExecutor.java:448)
	at com.kms.katalon.core.main.TestCaseExecutor.doExecute(TestCaseExecutor.java:439)
	at com.kms.katalon.core.main.TestCaseExecutor.processExecutionPhase(TestCaseExecutor.java:418)
	at com.kms.katalon.core.main.TestCaseExecutor.accessMainPhase(TestCaseExecutor.java:410)
	at com.kms.katalon.core.main.TestCaseExecutor.execute(TestCaseExecutor.java:285)
	at com.kms.katalon.core.common.CommonExecutor.accessTestCaseMainPhase(CommonExecutor.java:65)
	at com.kms.katalon.core.main.TestSuiteExecutor.accessTestSuiteMainPhase(TestSuiteExecutor.java:150)
	at com.kms.katalon.core.main.TestSuiteExecutor.execute(TestSuiteExecutor.java:106)
	at com.kms.katalon.core.main.TestCaseMain.startTestSuite(TestCaseMain.java:180)
	at TempTestSuite1733353068935.run(TempTestSuite1733353068935.groovy:35)
	at java.base/jdk.internal.reflect.NativeMethodAccessorImpl.invoke0(Native Method)
	at java.base/jdk.internal.reflect.NativeMethodAccessorImpl.invoke(NativeMethodAccessorImpl.java:77)
	at java.base/jdk.internal.reflect.DelegatingMethodAccessorImpl.invoke(DelegatingMethodAccessorImpl.java:43)
Caused by: com.kms.katalon.core.exception.StepFailedException: Actual text '' and expected text '12/04/2024' of test object 'Object Repository/Specific Cases Repository/LS/Client Profile/Prescriptions/Prescriptions/Page_Client Profile/td_12032024' are NOT matched.
	at com.kms.katalon.core.webui.keyword.internal.WebUIKeywordMain.stepFailed(WebUIKeywordMain.groovy:117)
	at com.kms.katalon.core.webui.keyword.builtin.VerifyElementTextKeyword$_verifyElementText_closure1.doCall(VerifyElementTextKeyword.groovy:57)
	at com.kms.katalon.core.webui.keyword.builtin.VerifyElementTextKeyword$_verifyElementText_closure1.call(VerifyElementTextKeyword.groovy)
	at com.kms.katalon.core.webui.keyword.internal.WebUIKeywordMain.runKeyword(WebUIKeywordMain.groovy:35)
	... 20 more
)

04-12-2024T18:19:00 - [MESSAGE][FAILED] - Actual text '' and expected text '12/04/2024' of test object 'Object Repository/Specific Cases Repository/LS/Client Profile/Prescriptions/Prescriptions/Page_Client Profile/td_12032024' are NOT matched. (Root cause: com.kms.katalon.core.exception.StepFailedException: Actual text '' and expected text '12/04/2024' of test object 'Object Repository/Specific Cases Repository/LS/Client Profile/Prescriptions/Prescriptions/Page_Client Profile/td_12032024' are NOT matched.
	at com.kms.katalon.core.webui.keyword.internal.WebUIKeywordMain.stepFailed(WebUIKeywordMain.groovy:117)
	at com.kms.katalon.core.webui.keyword.builtin.VerifyElementTextKeyword$_verifyElementText_closure1.doCall(VerifyElementTextKeyword.groovy:57)
	at com.kms.katalon.core.webui.keyword.builtin.VerifyElementTextKeyword$_verifyElementText_closure1.call(VerifyElementTextKeyword.groovy)
	at com.kms.katalon.core.webui.keyword.internal.WebUIKeywordMain.runKeyword(WebUIKeywordMain.groovy:35)
	at com.kms.katalon.core.webui.keyword.builtin.VerifyElementTextKeyword.verifyElementText(VerifyElementTextKeyword.groovy:72)
	at com.kms.katalon.core.webui.keyword.builtin.VerifyElementTextKeyword.execute(VerifyElementTextKeyword.groovy:40)
	at com.kms.katalon.core.keyword.internal.KeywordExecutor.executeKeywordForPlatform(KeywordExecutor.groovy:74)
	at com.kms.katalon.core.webui.keyword.WebUiBuiltInKeywords.verifyElementText(WebUiBuiltInKeywords.groovy:4835)
	at Prescriptions.run(Prescriptions:88)
	at com.kms.katalon.core.main.ScriptEngine.run(ScriptEngine.java:194)
	at com.kms.katalon.core.main.ScriptEngine.runScriptAsRawText(ScriptEngine.java:119)
	at com.kms.katalon.core.main.TestCaseExecutor.runScript(TestCaseExecutor.java:448)
	at com.kms.katalon.core.main.TestCaseExecutor.doExecute(TestCaseExecutor.java:439)
	at com.kms.katalon.core.main.TestCaseExecutor.processExecutionPhase(TestCaseExecutor.java:418)
	at com.kms.katalon.core.main.TestCaseExecutor.accessMainPhase(TestCaseExecutor.java:410)
	at com.kms.katalon.core.main.TestCaseExecutor.execute(TestCaseExecutor.java:285)
	at com.kms.katalon.core.common.CommonExecutor.accessTestCaseMainPhase(CommonExecutor.java:65)
	at com.kms.katalon.core.main.TestSuiteExecutor.accessTestSuiteMainPhase(TestSuiteExecutor.java:150)
	at com.kms.katalon.core.main.TestSuiteExecutor.execute(TestSuiteExecutor.java:106)
	at com.kms.katalon.core.main.TestCaseMain.startTestSuite(TestCaseMain.java:180)
	at TempTestSuite1733353068935.run(TempTestSuite1733353068935.groovy:35)
	at java.base/jdk.internal.reflect.NativeMethodAccessorImpl.invoke0(Native Method)
	at java.base/jdk.internal.reflect.NativeMethodAccessorImpl.invoke(NativeMethodAccessorImpl.java:77)
	at java.base/jdk.internal.reflect.DelegatingMethodAccessorImpl.invoke(DelegatingMethodAccessorImpl.java:43)
)
[[ATTACHMENT|C:\\Users\\Enrique\\git\\AUTOMATION_LS\\Reports\\20241204_175739\\LS\\Client Profile\\Client Profile\\20241204_175748\\1733354339949.png]]

04-12-2024T18:19:00 - [MESSAGE][FAILED] - Verify element text of test object 'Object Repository/Specific Cases Repository/LS/Client Profile/Prescriptions/Prescriptions/Page_Client Profile/td_12032024' FAILED. (Root cause: com.kms.katalon.core.exception.StepFailedException: Verify element text of test object 'Object Repository/Specific Cases Repository/LS/Client Profile/Prescriptions/Prescriptions/Page_Client Profile/td_12032024' FAILED.
	at com.kms.katalon.core.webui.keyword.internal.WebUIKeywordMain.stepFailed(WebUIKeywordMain.groovy:117)
	at com.kms.katalon.core.webui.keyword.internal.WebUIKeywordMain.runKeyword(WebUIKeywordMain.groovy:43)
	at com.kms.katalon.core.webui.keyword.builtin.VerifyElementTextKeyword.verifyElementText(VerifyElementTextKeyword.groovy:72)
	at com.kms.katalon.core.webui.keyword.builtin.VerifyElementTextKeyword.execute(VerifyElementTextKeyword.groovy:40)
	at com.kms.katalon.core.keyword.internal.KeywordExecutor.executeKeywordForPlatform(KeywordExecutor.groovy:74)
	at com.kms.katalon.core.webui.keyword.WebUiBuiltInKeywords.verifyElementText(WebUiBuiltInKeywords.groovy:4835)
	at Prescriptions.run(Prescriptions:88)
	at com.kms.katalon.core.main.ScriptEngine.run(ScriptEngine.java:194)
	at com.kms.katalon.core.main.ScriptEngine.runScriptAsRawText(ScriptEngine.java:119)
	at com.kms.katalon.core.main.TestCaseExecutor.runScript(TestCaseExecutor.java:448)
	at com.kms.katalon.core.main.TestCaseExecutor.doExecute(TestCaseExecutor.java:439)
	at com.kms.katalon.core.main.TestCaseExecutor.processExecutionPhase(TestCaseExecutor.java:418)
	at com.kms.katalon.core.main.TestCaseExecutor.accessMainPhase(TestCaseExecutor.java:410)
	at com.kms.katalon.core.main.TestCaseExecutor.execute(TestCaseExecutor.java:285)
	at com.kms.katalon.core.common.CommonExecutor.accessTestCaseMainPhase(CommonExecutor.java:65)
	at com.kms.katalon.core.main.TestSuiteExecutor.accessTestSuiteMainPhase(TestSuiteExecutor.java:150)
	at com.kms.katalon.core.main.TestSuiteExecutor.execute(TestSuiteExecutor.java:106)
	at com.kms.katalon.core.main.TestCaseMain.startTestSuite(TestCaseMain.java:180)
	at TempTestSuite1733353068935.run(TempTestSuite1733353068935.groovy:35)
	at java.base/jdk.internal.reflect.NativeMethodAccessorImpl.invoke0(Native Method)
	at java.base/jdk.internal.reflect.NativeMethodAccessorImpl.invoke(NativeMethodAccessorImpl.java:77)
	at java.base/jdk.internal.reflect.DelegatingMethodAccessorImpl.invoke(DelegatingMethodAccessorImpl.java:43)
Caused by: com.kms.katalon.core.exception.StepFailedException: Actual text '' and expected text '12/04/2024' of test object 'Object Repository/Specific Cases Repository/LS/Client Profile/Prescriptions/Prescriptions/Page_Client Profile/td_12032024' are NOT matched.
	at com.kms.katalon.core.webui.keyword.internal.WebUIKeywordMain.stepFailed(WebUIKeywordMain.groovy:117)
	at com.kms.katalon.core.webui.keyword.builtin.VerifyElementTextKeyword$_verifyElementText_closure1.doCall(VerifyElementTextKeyword.groovy:57)
	at com.kms.katalon.core.webui.keyword.builtin.VerifyElementTextKeyword$_verifyElementText_closure1.call(VerifyElementTextKeyword.groovy)
	at com.kms.katalon.core.webui.keyword.internal.WebUIKeywordMain.runKeyword(WebUIKeywordMain.groovy:35)
	... 20 more
)
[[ATTACHMENT|C:\\Users\\Enrique\\git\\AUTOMATION_LS\\Reports\\20241204_175739\\LS\\Client Profile\\Client Profile\\20241204_175748\\1733354340111.png]]]]></system-out>
         <system-err><![CDATA[04-12-2024T18:18:19 - [TEST_CASE][FAILED] - Test Cases/Specific Cases/LS/Client Profile/Prescriptions/Prescriptions: Test Cases/Specific Cases/LS/Client Profile/Prescriptions/Prescriptions FAILED.
Reason:
com.kms.katalon.core.exception.StepFailedException: Verify element text of test object 'Object Repository/Specific Cases Repository/LS/Client Profile/Prescriptions/Prescriptions/Page_Client Profile/td_12032024' FAILED.
	at com.kms.katalon.core.webui.keyword.internal.WebUIKeywordMain.stepFailed(WebUIKeywordMain.groovy:117)
	at com.kms.katalon.core.webui.keyword.internal.WebUIKeywordMain.runKeyword(WebUIKeywordMain.groovy:43)
	at com.kms.katalon.core.webui.keyword.builtin.VerifyElementTextKeyword.verifyElementText(VerifyElementTextKeyword.groovy:72)
	at com.kms.katalon.core.webui.keyword.builtin.VerifyElementTextKeyword.execute(VerifyElementTextKeyword.groovy:40)
	at com.kms.katalon.core.keyword.internal.KeywordExecutor.executeKeywordForPlatform(KeywordExecutor.groovy:74)
	at com.kms.katalon.core.webui.keyword.WebUiBuiltInKeywords.verifyElementText(WebUiBuiltInKeywords.groovy:4835)
	at Prescriptions.run(Prescriptions:88)
	at com.kms.katalon.core.main.ScriptEngine.run(ScriptEngine.java:194)
	at com.kms.katalon.core.main.ScriptEngine.runScriptAsRawText(ScriptEngine.java:119)
	at com.kms.katalon.core.main.TestCaseExecutor.runScript(TestCaseExecutor.java:448)
	at com.kms.katalon.core.main.TestCaseExecutor.doExecute(TestCaseExecutor.java:439)
	at com.kms.katalon.core.main.TestCaseExecutor.processExecutionPhase(TestCaseExecutor.java:418)
	at com.kms.katalon.core.main.TestCaseExecutor.accessMainPhase(TestCaseExecutor.java:410)
	at com.kms.katalon.core.main.TestCaseExecutor.execute(TestCaseExecutor.java:285)
	at com.kms.katalon.core.common.CommonExecutor.accessTestCaseMainPhase(CommonExecutor.java:65)
	at com.kms.katalon.core.main.TestSuiteExecutor.accessTestSuiteMainPhase(TestSuiteExecutor.java:150)
	at com.kms.katalon.core.main.TestSuiteExecutor.execute(TestSuiteExecutor.java:106)
	at com.kms.katalon.core.main.TestCaseMain.startTestSuite(TestCaseMain.java:180)
	at TempTestSuite1733353068935.run(TempTestSuite1733353068935.groovy:35)
	at java.base/jdk.internal.reflect.NativeMethodAccessorImpl.invoke0(Native Method)
	at java.base/jdk.internal.reflect.NativeMethodAccessorImpl.invoke(NativeMethodAccessorImpl.java:77)
	at java.base/jdk.internal.reflect.DelegatingMethodAccessorImpl.invoke(DelegatingMethodAccessorImpl.java:43)
Caused by: com.kms.katalon.core.exception.StepFailedException: Actual text '' and expected text '12/04/2024' of test object 'Object Repository/Specific Cases Repository/LS/Client Profile/Prescriptions/Prescriptions/Page_Client Profile/td_12032024' are NOT matched.
	at com.kms.katalon.core.webui.keyword.internal.WebUIKeywordMain.stepFailed(WebUIKeywordMain.groovy:117)
	at com.kms.katalon.core.webui.keyword.builtin.VerifyElementTextKeyword$_verifyElementText_closure1.doCall(VerifyElementTextKeyword.groovy:57)
	at com.kms.katalon.core.webui.keyword.builtin.VerifyElementTextKeyword$_verifyElementText_closure1.call(VerifyElementTextKeyword.groovy)
	at com.kms.katalon.core.webui.keyword.internal.WebUIKeywordMain.runKeyword(WebUIKeywordMain.groovy:35)
	... 20 more]]></system-err>
      </testcase>
      <testcase name="Test Cases/Specific Cases/LS/Client Profile/Discharge Planning/Discharge Medications List" time="31.884" classname="Test Cases/Specific Cases/LS/Client Profile/Discharge Planning/Discharge Medications List" status="PASSED">
         <system-out><![CDATA[04-12-2024T18:19:00 - [TEST_CASE][PASSED] - Test Cases/Specific Cases/LS/Client Profile/Discharge Planning/Discharge Medications List: Test Cases/Specific Cases/LS/Client Profile/Discharge Planning/Discharge Medications List

04-12-2024T18:19:00 - [TEST_STEP][PASSED] - callTestCase(findTestCase("Common Cases/Login"), [:], STOP_ON_FAILURE): Call Test Case 'Test Cases/Common Cases/Login' successfully

04-12-2024T18:19:00 - [TEST_CASE][PASSED] - Test Cases/Common Cases/Login: Test Cases/Common Cases/Login

04-12-2024T18:19:00 - [TEST_STEP][PASSED] - openBrowser(""): Browser is opened with url: ''

04-12-2024T18:19:00 - [MESSAGE][WARNING] - A browser is already opened. Closing browser and opening a new one

04-12-2024T18:19:00 - [MESSAGE][INFO] - Starting 'Chrome' driver

04-12-2024T18:19:00 - [MESSAGE][INFO] - Action delay is set to 0 milliseconds

04-12-2024T18:19:01 - [MESSAGE][PASSED] - Browser is opened with url: ''

04-12-2024T18:19:01 - [TEST_STEP][PASSED] - maximizeWindow(): Current window maximized

04-12-2024T18:19:01 - [MESSAGE][PASSED] - Current window maximized

04-12-2024T18:19:01 - [TEST_STEP][PASSED] - navigateToUrl("https://site17.lsapp.cloud/auth/login"): Navigate to 'https://site17.lsapp.cloud/auth/login' successfully

04-12-2024T18:19:03 - [MESSAGE][PASSED] - Navigate to 'https://site17.lsapp.cloud/auth/login' successfully

04-12-2024T18:19:03 - [TEST_STEP][PASSED] - setText(findTestObject("Object Repository/Common Cases Repository/Login/Page_Lightning Step/input_Email_email"), "automation@lightningstep.com"): Text 'automation@lightningstep.com' is set on object 'Object Repository/Common Cases Repository/Login/Page_Lightning Step/input_Email_email'

04-12-2024T18:19:04 - [MESSAGE][PASSED] - Text 'automation@lightningstep.com' is set on object 'Object Repository/Common Cases Repository/Login/Page_Lightning Step/input_Email_email'

04-12-2024T18:19:04 - [TEST_STEP][PASSED] - setEncryptedText(findTestObject("Object Repository/Common Cases Repository/Login/Page_Lightning Step/input_Password_password"), "e5N8VHmnhJDITtQaQhDQDw=="): Text ****** has been set on object 'Object Repository/Common Cases Repository/Login/Page_Lightning Step/input_Password_password'

04-12-2024T18:19:04 - [MESSAGE][PASSED] - Text ****** has been set on object 'Object Repository/Common Cases Repository/Login/Page_Lightning Step/input_Password_password'

04-12-2024T18:19:04 - [TEST_STEP][PASSED] - click(findTestObject("Object Repository/Common Cases Repository/Login/Page_Lightning Step/button_Sign in")): Object: 'Object Repository/Common Cases Repository/Login/Page_Lightning Step/button_Sign in' is clicked on

04-12-2024T18:19:09 - [MESSAGE][PASSED] - Object: 'Object Repository/Common Cases Repository/Login/Page_Lightning Step/button_Sign in' is clicked on

04-12-2024T18:19:09 - [MESSAGE][PASSED] - Call Test Case 'Test Cases/Common Cases/Login' successfully

04-12-2024T18:19:09 - [TEST_STEP][PASSED] - navigateToUrl("https://site17.lsapp.cloud/client/index/1560?section=dcplan"): Navigate to 'https://site17.lsapp.cloud/client/index/1560?section=dcplan' successfully

04-12-2024T18:19:15 - [MESSAGE][PASSED] - Navigate to 'https://site17.lsapp.cloud/client/index/1560?section=dcplan' successfully

04-12-2024T18:19:15 - [TEST_STEP][PASSED] - click(findTestObject("Object Repository/Specific Cases Repository/LS/Client Profile/Discharge Planning/Discharge Medications List/Page_Client Profile/i_add")): Object: 'Object Repository/Specific Cases Repository/LS/Client Profile/Discharge Planning/Discharge Medications List/Page_Client Profile/i_add' is clicked on

04-12-2024T18:19:18 - [MESSAGE][PASSED] - Object: 'Object Repository/Specific Cases Repository/LS/Client Profile/Discharge Planning/Discharge Medications List/Page_Client Profile/i_add' is clicked on

04-12-2024T18:19:18 - [TEST_STEP][PASSED] - verifyElementText(findTestObject("Object Repository/Specific Cases Repository/LS/Client Profile/Discharge Planning/Discharge Medications List/Page_Medication List at Discharge/td_Atrovent, 15 mg, 39 Capsule, Injectable,_fb55b0"), "Atrovent, 15 mg, 39 Capsule, Injectable, Five Times a Day"): Actual text and expected text of test object 'Object Repository/Specific Cases Repository/LS/Client Profile/Discharge Planning/Discharge Medications List/Page_Medication List at Discharge/td_Atrovent, 15 mg, 39 Capsule, Injectable,_fb55b0' are matched.

04-12-2024T18:19:18 - [MESSAGE][PASSED] - Actual text and expected text of test object 'Object Repository/Specific Cases Repository/LS/Client Profile/Discharge Planning/Discharge Medications List/Page_Medication List at Discharge/td_Atrovent, 15 mg, 39 Capsule, Injectable,_fb55b0' are matched.

04-12-2024T18:19:18 - [TEST_STEP][PASSED] - verifyElementText(findTestObject("Object Repository/Specific Cases Repository/LS/Client Profile/Discharge Planning/Discharge Medications List/Page_Medication List at Discharge/td_Duricef"), "Duricef"): Actual text and expected text of test object 'Object Repository/Specific Cases Repository/LS/Client Profile/Discharge Planning/Discharge Medications List/Page_Medication List at Discharge/td_Duricef' are matched.

04-12-2024T18:19:19 - [MESSAGE][PASSED] - Actual text and expected text of test object 'Object Repository/Specific Cases Repository/LS/Client Profile/Discharge Planning/Discharge Medications List/Page_Medication List at Discharge/td_Duricef' are matched.

04-12-2024T18:19:19 - [TEST_STEP][PASSED] - setText(findTestObject("Object Repository/Specific Cases Repository/LS/Client Profile/Discharge Planning/Discharge Medications List/Page_Medication List at Discharge/textarea_Special InstructionsAdditional Inf_441e23"), "Automation Special Instruccions"): Text 'Automation Special Instruccions' is set on object 'Object Repository/Specific Cases Repository/LS/Client Profile/Discharge Planning/Discharge Medications List/Page_Medication List at Discharge/textarea_Special InstructionsAdditional Inf_441e23'

04-12-2024T18:19:19 - [MESSAGE][PASSED] - Text 'Automation Special Instruccions' is set on object 'Object Repository/Specific Cases Repository/LS/Client Profile/Discharge Planning/Discharge Medications List/Page_Medication List at Discharge/textarea_Special InstructionsAdditional Inf_441e23'

04-12-2024T18:19:19 - [TEST_STEP][PASSED] - click(findTestObject("Object Repository/Specific Cases Repository/LS/Client Profile/Discharge Planning/Discharge Medications List/Page_Medication List at Discharge/span_List Given to Client_check")): Object: 'Object Repository/Specific Cases Repository/LS/Client Profile/Discharge Planning/Discharge Medications List/Page_Medication List at Discharge/span_List Given to Client_check' is clicked on

04-12-2024T18:19:20 - [MESSAGE][PASSED] - Object: 'Object Repository/Specific Cases Repository/LS/Client Profile/Discharge Planning/Discharge Medications List/Page_Medication List at Discharge/span_List Given to Client_check' is clicked on

04-12-2024T18:19:20 - [TEST_STEP][PASSED] - click(findTestObject("Object Repository/Specific Cases Repository/LS/Client Profile/Discharge Planning/Discharge Medications List/Page_Medication List at Discharge/input_Sign and Lock_dss")): Object: 'Object Repository/Specific Cases Repository/LS/Client Profile/Discharge Planning/Discharge Medications List/Page_Medication List at Discharge/input_Sign and Lock_dss' is clicked on

04-12-2024T18:19:20 - [MESSAGE][PASSED] - Object: 'Object Repository/Specific Cases Repository/LS/Client Profile/Discharge Planning/Discharge Medications List/Page_Medication List at Discharge/input_Sign and Lock_dss' is clicked on

04-12-2024T18:19:20 - [TEST_STEP][PASSED] - click(findTestObject("Object Repository/Specific Cases Repository/LS/Client Profile/Discharge Planning/Discharge Medications List/Page_Medication List at Discharge/button_Save")): Object: 'Object Repository/Specific Cases Repository/LS/Client Profile/Discharge Planning/Discharge Medications List/Page_Medication List at Discharge/button_Save' is clicked on

04-12-2024T18:19:26 - [MESSAGE][PASSED] - Object: 'Object Repository/Specific Cases Repository/LS/Client Profile/Discharge Planning/Discharge Medications List/Page_Medication List at Discharge/button_Save' is clicked on

04-12-2024T18:19:26 - [TEST_STEP][PASSED] - click(findTestObject("Object Repository/Specific Cases Repository/LS/Client Profile/Discharge Planning/Discharge Medications List/Page_Client Profile/a_Discharge Planning")): Object: 'Object Repository/Specific Cases Repository/LS/Client Profile/Discharge Planning/Discharge Medications List/Page_Client Profile/a_Discharge Planning' is clicked on

04-12-2024T18:19:26 - [MESSAGE][PASSED] - Object: 'Object Repository/Specific Cases Repository/LS/Client Profile/Discharge Planning/Discharge Medications List/Page_Client Profile/a_Discharge Planning' is clicked on

04-12-2024T18:19:26 - [TEST_STEP][PASSED] - verifyElementText(findTestObject("Object Repository/Specific Cases Repository/LS/Client Profile/Discharge Planning/Discharge Medications List/Page_Client Profile/td_12042024"), Todays_Date): Actual text and expected text of test object 'Object Repository/Specific Cases Repository/LS/Client Profile/Discharge Planning/Discharge Medications List/Page_Client Profile/td_12042024' are matched.

04-12-2024T18:19:27 - [MESSAGE][PASSED] - Actual text and expected text of test object 'Object Repository/Specific Cases Repository/LS/Client Profile/Discharge Planning/Discharge Medications List/Page_Client Profile/td_12042024' are matched.

04-12-2024T18:19:27 - [TEST_STEP][PASSED] - verifyElementText(findTestObject("Object Repository/Specific Cases Repository/LS/Client Profile/Discharge Planning/Discharge Medications List/Page_Client Profile/td_Automation Test"), "Automation Test"): Actual text and expected text of test object 'Object Repository/Specific Cases Repository/LS/Client Profile/Discharge Planning/Discharge Medications List/Page_Client Profile/td_Automation Test' are matched.

04-12-2024T18:19:27 - [MESSAGE][PASSED] - Actual text and expected text of test object 'Object Repository/Specific Cases Repository/LS/Client Profile/Discharge Planning/Discharge Medications List/Page_Client Profile/td_Automation Test' are matched.

04-12-2024T18:19:27 - [TEST_STEP][PASSED] - click(findTestObject("Object Repository/Specific Cases Repository/LS/Client Profile/Discharge Planning/Discharge Medications List/Page_Client Profile/a_Signed_btn btn-primary btn-raised btn-sm")): Object: 'Object Repository/Specific Cases Repository/LS/Client Profile/Discharge Planning/Discharge Medications List/Page_Client Profile/a_Signed_btn btn-primary btn-raised btn-sm' is clicked on

04-12-2024T18:19:29 - [MESSAGE][PASSED] - Object: 'Object Repository/Specific Cases Repository/LS/Client Profile/Discharge Planning/Discharge Medications List/Page_Client Profile/a_Signed_btn btn-primary btn-raised btn-sm' is clicked on

04-12-2024T18:19:29 - [TEST_STEP][PASSED] - verifyElementPresent(findTestObject("Object Repository/Specific Cases Repository/LS/Client Profile/Discharge Planning/Discharge Medications List/Page_Medication List at Discharge/img"), 0): Object 'Object Repository/Specific Cases Repository/LS/Client Profile/Discharge Planning/Discharge Medications List/Page_Medication List at Discharge/img' is present

04-12-2024T18:19:29 - [MESSAGE][WARNING] - Timeout '0' is invalid. Using default page load timeout: '30'

04-12-2024T18:19:30 - [MESSAGE][PASSED] - Object 'Object Repository/Specific Cases Repository/LS/Client Profile/Discharge Planning/Discharge Medications List/Page_Medication List at Discharge/img' is present

04-12-2024T18:19:30 - [TEST_STEP][PASSED] - click(findTestObject("Object Repository/Specific Cases Repository/LS/Client Profile/Discharge Planning/Discharge Medications List/Page_Medication List at Discharge/input_Entered in Error_iseie")): Object: 'Object Repository/Specific Cases Repository/LS/Client Profile/Discharge Planning/Discharge Medications List/Page_Medication List at Discharge/input_Entered in Error_iseie' is clicked on

04-12-2024T18:19:30 - [MESSAGE][PASSED] - Object: 'Object Repository/Specific Cases Repository/LS/Client Profile/Discharge Planning/Discharge Medications List/Page_Medication List at Discharge/input_Entered in Error_iseie' is clicked on

04-12-2024T18:19:30 - [TEST_STEP][PASSED] - setText(findTestObject("Object Repository/Specific Cases Repository/LS/Client Profile/Discharge Planning/Discharge Medications List/Page_Medication List at Discharge/input_Reason_eiereason"), "Automation Test"): Text 'Automation Test' is set on object 'Object Repository/Specific Cases Repository/LS/Client Profile/Discharge Planning/Discharge Medications List/Page_Medication List at Discharge/input_Reason_eiereason'

04-12-2024T18:19:31 - [MESSAGE][PASSED] - Text 'Automation Test' is set on object 'Object Repository/Specific Cases Repository/LS/Client Profile/Discharge Planning/Discharge Medications List/Page_Medication List at Discharge/input_Reason_eiereason'

04-12-2024T18:19:31 - [TEST_STEP][PASSED] - click(findTestObject("Object Repository/Specific Cases Repository/LS/Client Profile/Discharge Planning/Discharge Medications List/Page_Medication List at Discharge/button_Mark as Error")): Object: 'Object Repository/Specific Cases Repository/LS/Client Profile/Discharge Planning/Discharge Medications List/Page_Medication List at Discharge/button_Mark as Error' is clicked on

04-12-2024T18:19:31 - [MESSAGE][PASSED] - Object: 'Object Repository/Specific Cases Repository/LS/Client Profile/Discharge Planning/Discharge Medications List/Page_Medication List at Discharge/button_Mark as Error' is clicked on

04-12-2024T18:19:31 - [TEST_STEP][PASSED] - closeBrowser(): Browser is closed

04-12-2024T18:19:32 - [MESSAGE][PASSED] - Browser is closed]]></system-out>
         <system-err><![CDATA[]]></system-err>
      </testcase>
      <testcase name="Test Cases/Specific Cases/LS/Client Profile/Client Profile" time="17.966" classname="Test Cases/Specific Cases/LS/Client Profile/Client Profile" status="FAILED">
         <failure type="FAILED" message="Test Cases/Specific Cases/LS/Client Profile/Client Profile FAILED.&#xa;Reason:&#xa;com.kms.katalon.core.exception.StepFailedException: Verify element text of test object 'Object Repository/Specific Cases Repository/LS/Client Profile/Client Profile/Page_Client Profile/div_Future Automation Test 1.2 Automaticall_19fd63' FAILED.&#xa;	at com.kms.katalon.core.webui.keyword.internal.WebUIKeywordMain.stepFailed(WebUIKeywordMain.groovy:117)&#xa;	at com.kms.katalon.core.webui.keyword.internal.WebUIKeywordMain.runKeyword(WebUIKeywordMain.groovy:43)&#xa;	at com.kms.katalon.core.webui.keyword.builtin.VerifyElementTextKeyword.verifyElementText(VerifyElementTextKeyword.groovy:72)&#xa;	at com.kms.katalon.core.webui.keyword.builtin.VerifyElementTextKeyword.execute(VerifyElementTextKeyword.groovy:40)&#xa;	at com.kms.katalon.core.keyword.internal.KeywordExecutor.executeKeywordForPlatform(KeywordExecutor.groovy:74)&#xa;	at com.kms.katalon.core.webui.keyword.WebUiBuiltInKeywords.verifyElementText(WebUiBuiltInKeywords.groovy:4835)&#xa;	at Client Profile.run(Client Profile:63)&#xa;	at com.kms.katalon.core.main.ScriptEngine.run(ScriptEngine.java:194)&#xa;	at com.kms.katalon.core.main.ScriptEngine.runScriptAsRawText(ScriptEngine.java:119)&#xa;	at com.kms.katalon.core.main.TestCaseExecutor.runScript(TestCaseExecutor.java:448)&#xa;	at com.kms.katalon.core.main.TestCaseExecutor.doExecute(TestCaseExecutor.java:439)&#xa;	at com.kms.katalon.core.main.TestCaseExecutor.processExecutionPhase(TestCaseExecutor.java:418)&#xa;	at com.kms.katalon.core.main.TestCaseExecutor.accessMainPhase(TestCaseExecutor.java:410)&#xa;	at com.kms.katalon.core.main.TestCaseExecutor.execute(TestCaseExecutor.java:285)&#xa;	at com.kms.katalon.core.common.CommonExecutor.accessTestCaseMainPhase(CommonExecutor.java:65)&#xa;	at com.kms.katalon.core.main.TestSuiteExecutor.accessTestSuiteMainPhase(TestSuiteExecutor.java:150)&#xa;	at com.kms.katalon.core.main.TestSuiteExecutor.execute(TestSuiteExecutor.java:106)&#xa;	at com.kms.katalon.core.main.TestCaseMain.startTestSuite(TestCaseMain.java:180)&#xa;	at TempTestSuite1733353068935.run(TempTestSuite1733353068935.groovy:35)&#xa;	at java.base/jdk.internal.reflect.NativeMethodAccessorImpl.invoke0(Native Method)&#xa;	at java.base/jdk.internal.reflect.NativeMethodAccessorImpl.invoke(NativeMethodAccessorImpl.java:77)&#xa;	at java.base/jdk.internal.reflect.DelegatingMethodAccessorImpl.invoke(DelegatingMethodAccessorImpl.java:43)&#xa;Caused by: com.kms.katalon.core.exception.StepFailedException: Actual text 'AM Assessment' and expected text 'Future Automation Test 1.2 Automatically Enroll Clients in Selected Location/Program(s)' of test object 'Object Repository/Specific Cases Repository/LS/Client Profile/Client Profile/Page_Client Profile/div_Future Automation Test 1.2 Automaticall_19fd63' are NOT matched.&#xa;	at com.kms.katalon.core.webui.keyword.internal.WebUIKeywordMain.stepFailed(WebUIKeywordMain.groovy:117)&#xa;	at com.kms.katalon.core.webui.keyword.builtin.VerifyElementTextKeyword$_verifyElementText_closure1.doCall(VerifyElementTextKeyword.groovy:57)&#xa;	at com.kms.katalon.core.webui.keyword.builtin.VerifyElementTextKeyword$_verifyElementText_closure1.call(VerifyElementTextKeyword.groovy)&#xa;	at com.kms.katalon.core.webui.keyword.internal.WebUIKeywordMain.runKeyword(WebUIKeywordMain.groovy:35)&#xa;	... 20 more&#xa;"/>
         <system-out><![CDATA[04-12-2024T18:19:32 - [TEST_CASE][FAILED] - Test Cases/Specific Cases/LS/Client Profile/Client Profile: Test Cases/Specific Cases/LS/Client Profile/Client Profile FAILED.
Reason:
com.kms.katalon.core.exception.StepFailedException: Verify element text of test object 'Object Repository/Specific Cases Repository/LS/Client Profile/Client Profile/Page_Client Profile/div_Future Automation Test 1.2 Automaticall_19fd63' FAILED.
	at com.kms.katalon.core.webui.keyword.internal.WebUIKeywordMain.stepFailed(WebUIKeywordMain.groovy:117)
	at com.kms.katalon.core.webui.keyword.internal.WebUIKeywordMain.runKeyword(WebUIKeywordMain.groovy:43)
	at com.kms.katalon.core.webui.keyword.builtin.VerifyElementTextKeyword.verifyElementText(VerifyElementTextKeyword.groovy:72)
	at com.kms.katalon.core.webui.keyword.builtin.VerifyElementTextKeyword.execute(VerifyElementTextKeyword.groovy:40)
	at com.kms.katalon.core.keyword.internal.KeywordExecutor.executeKeywordForPlatform(KeywordExecutor.groovy:74)
	at com.kms.katalon.core.webui.keyword.WebUiBuiltInKeywords.verifyElementText(WebUiBuiltInKeywords.groovy:4835)
	at Client Profile.run(Client Profile:63)
	at com.kms.katalon.core.main.ScriptEngine.run(ScriptEngine.java:194)
	at com.kms.katalon.core.main.ScriptEngine.runScriptAsRawText(ScriptEngine.java:119)
	at com.kms.katalon.core.main.TestCaseExecutor.runScript(TestCaseExecutor.java:448)
	at com.kms.katalon.core.main.TestCaseExecutor.doExecute(TestCaseExecutor.java:439)
	at com.kms.katalon.core.main.TestCaseExecutor.processExecutionPhase(TestCaseExecutor.java:418)
	at com.kms.katalon.core.main.TestCaseExecutor.accessMainPhase(TestCaseExecutor.java:410)
	at com.kms.katalon.core.main.TestCaseExecutor.execute(TestCaseExecutor.java:285)
	at com.kms.katalon.core.common.CommonExecutor.accessTestCaseMainPhase(CommonExecutor.java:65)
	at com.kms.katalon.core.main.TestSuiteExecutor.accessTestSuiteMainPhase(TestSuiteExecutor.java:150)
	at com.kms.katalon.core.main.TestSuiteExecutor.execute(TestSuiteExecutor.java:106)
	at com.kms.katalon.core.main.TestCaseMain.startTestSuite(TestCaseMain.java:180)
	at TempTestSuite1733353068935.run(TempTestSuite1733353068935.groovy:35)
	at java.base/jdk.internal.reflect.NativeMethodAccessorImpl.invoke0(Native Method)
	at java.base/jdk.internal.reflect.NativeMethodAccessorImpl.invoke(NativeMethodAccessorImpl.java:77)
	at java.base/jdk.internal.reflect.DelegatingMethodAccessorImpl.invoke(DelegatingMethodAccessorImpl.java:43)
Caused by: com.kms.katalon.core.exception.StepFailedException: Actual text 'AM Assessment' and expected text 'Future Automation Test 1.2 Automatically Enroll Clients in Selected Location/Program(s)' of test object 'Object Repository/Specific Cases Repository/LS/Client Profile/Client Profile/Page_Client Profile/div_Future Automation Test 1.2 Automaticall_19fd63' are NOT matched.
	at com.kms.katalon.core.webui.keyword.internal.WebUIKeywordMain.stepFailed(WebUIKeywordMain.groovy:117)
	at com.kms.katalon.core.webui.keyword.builtin.VerifyElementTextKeyword$_verifyElementText_closure1.doCall(VerifyElementTextKeyword.groovy:57)
	at com.kms.katalon.core.webui.keyword.builtin.VerifyElementTextKeyword$_verifyElementText_closure1.call(VerifyElementTextKeyword.groovy)
	at com.kms.katalon.core.webui.keyword.internal.WebUIKeywordMain.runKeyword(WebUIKeywordMain.groovy:35)
	... 20 more


04-12-2024T18:19:32 - [TEST_STEP][PASSED] - callTestCase(findTestCase("Common Cases/Login"), [:], STOP_ON_FAILURE): Call Test Case 'Test Cases/Common Cases/Login' successfully

04-12-2024T18:19:32 - [TEST_CASE][PASSED] - Test Cases/Common Cases/Login: Test Cases/Common Cases/Login

04-12-2024T18:19:32 - [TEST_STEP][PASSED] - openBrowser(""): Browser is opened with url: ''

04-12-2024T18:19:32 - [MESSAGE][INFO] - Starting 'Chrome' driver

04-12-2024T18:19:32 - [MESSAGE][INFO] - Action delay is set to 0 milliseconds

04-12-2024T18:19:32 - [MESSAGE][PASSED] - Browser is opened with url: ''

04-12-2024T18:19:32 - [TEST_STEP][PASSED] - maximizeWindow(): Current window maximized

04-12-2024T18:19:32 - [MESSAGE][PASSED] - Current window maximized

04-12-2024T18:19:32 - [TEST_STEP][PASSED] - navigateToUrl("https://site17.lsapp.cloud/auth/login"): Navigate to 'https://site17.lsapp.cloud/auth/login' successfully

04-12-2024T18:19:35 - [MESSAGE][PASSED] - Navigate to 'https://site17.lsapp.cloud/auth/login' successfully

04-12-2024T18:19:35 - [TEST_STEP][PASSED] - setText(findTestObject("Object Repository/Common Cases Repository/Login/Page_Lightning Step/input_Email_email"), "automation@lightningstep.com"): Text 'automation@lightningstep.com' is set on object 'Object Repository/Common Cases Repository/Login/Page_Lightning Step/input_Email_email'

04-12-2024T18:19:35 - [MESSAGE][PASSED] - Text 'automation@lightningstep.com' is set on object 'Object Repository/Common Cases Repository/Login/Page_Lightning Step/input_Email_email'

04-12-2024T18:19:35 - [TEST_STEP][PASSED] - setEncryptedText(findTestObject("Object Repository/Common Cases Repository/Login/Page_Lightning Step/input_Password_password"), "e5N8VHmnhJDITtQaQhDQDw=="): Text ****** has been set on object 'Object Repository/Common Cases Repository/Login/Page_Lightning Step/input_Password_password'

04-12-2024T18:19:36 - [MESSAGE][PASSED] - Text ****** has been set on object 'Object Repository/Common Cases Repository/Login/Page_Lightning Step/input_Password_password'

04-12-2024T18:19:36 - [TEST_STEP][PASSED] - click(findTestObject("Object Repository/Common Cases Repository/Login/Page_Lightning Step/button_Sign in")): Object: 'Object Repository/Common Cases Repository/Login/Page_Lightning Step/button_Sign in' is clicked on

04-12-2024T18:19:40 - [MESSAGE][PASSED] - Object: 'Object Repository/Common Cases Repository/Login/Page_Lightning Step/button_Sign in' is clicked on

04-12-2024T18:19:40 - [MESSAGE][PASSED] - Call Test Case 'Test Cases/Common Cases/Login' successfully

04-12-2024T18:19:40 - [TEST_STEP][PASSED] - navigateToUrl("https://site17.lsapp.cloud/client/index/1557?section=clientprofile"): Navigate to 'https://site17.lsapp.cloud/client/index/1557?section=clientprofile' successfully

04-12-2024T18:19:45 - [MESSAGE][PASSED] - Navigate to 'https://site17.lsapp.cloud/client/index/1557?section=clientprofile' successfully

04-12-2024T18:19:45 - [TEST_STEP][PASSED] - verifyElementText(findTestObject("Object Repository/Specific Cases Repository/LS/Client Profile/Client Profile/Page_Client Profile/div_01022001"), "01/02/2001"): Actual text and expected text of test object 'Object Repository/Specific Cases Repository/LS/Client Profile/Client Profile/Page_Client Profile/div_01022001' are matched.

04-12-2024T18:19:45 - [MESSAGE][PASSED] - Actual text and expected text of test object 'Object Repository/Specific Cases Repository/LS/Client Profile/Client Profile/Page_Client Profile/div_01022001' are matched.

04-12-2024T18:19:45 - [TEST_STEP][PASSED] - verifyElementText(findTestObject("Object Repository/Specific Cases Repository/LS/Client Profile/Client Profile/Page_Client Profile/div_24-11007"), "24-11007"): Actual text and expected text of test object 'Object Repository/Specific Cases Repository/LS/Client Profile/Client Profile/Page_Client Profile/div_24-11007' are matched.

04-12-2024T18:19:46 - [MESSAGE][PASSED] - Actual text and expected text of test object 'Object Repository/Specific Cases Repository/LS/Client Profile/Client Profile/Page_Client Profile/div_24-11007' are matched.

04-12-2024T18:19:46 - [TEST_STEP][PASSED] - verifyElementText(findTestObject("Object Repository/Specific Cases Repository/LS/Client Profile/Client Profile/Page_Client Profile/div_Dog Treatment Center"), "Dog Treatment Center"): Actual text and expected text of test object 'Object Repository/Specific Cases Repository/LS/Client Profile/Client Profile/Page_Client Profile/div_Dog Treatment Center' are matched.

04-12-2024T18:19:46 - [MESSAGE][PASSED] - Actual text and expected text of test object 'Object Repository/Specific Cases Repository/LS/Client Profile/Client Profile/Page_Client Profile/div_Dog Treatment Center' are matched.

04-12-2024T18:19:46 - [TEST_STEP][PASSED] - verifyElementText(findTestObject("Object Repository/Specific Cases Repository/LS/Client Profile/Client Profile/Page_Client Profile/div_Detoxification"), "Detoxification"): Actual text and expected text of test object 'Object Repository/Specific Cases Repository/LS/Client Profile/Client Profile/Page_Client Profile/div_Detoxification' are matched.

04-12-2024T18:19:46 - [MESSAGE][PASSED] - Actual text and expected text of test object 'Object Repository/Specific Cases Repository/LS/Client Profile/Client Profile/Page_Client Profile/div_Detoxification' are matched.

04-12-2024T18:19:46 - [TEST_STEP][PASSED] - verifyElementText(findTestObject("Object Repository/Specific Cases Repository/LS/Client Profile/Client Profile/Page_Client Profile/div_08282024"), "08/28/2024"): Actual text and expected text of test object 'Object Repository/Specific Cases Repository/LS/Client Profile/Client Profile/Page_Client Profile/div_08282024' are matched.

04-12-2024T18:19:47 - [MESSAGE][PASSED] - Actual text and expected text of test object 'Object Repository/Specific Cases Repository/LS/Client Profile/Client Profile/Page_Client Profile/div_08282024' are matched.

04-12-2024T18:19:47 - [TEST_STEP][PASSED] - verifyElementText(findTestObject("Object Repository/Specific Cases Repository/LS/Client Profile/Client Profile/Page_Client Profile/div_23"), "23"): Actual text and expected text of test object 'Object Repository/Specific Cases Repository/LS/Client Profile/Client Profile/Page_Client Profile/div_23' are matched.

04-12-2024T18:19:47 - [MESSAGE][PASSED] - Actual text and expected text of test object 'Object Repository/Specific Cases Repository/LS/Client Profile/Client Profile/Page_Client Profile/div_23' are matched.

04-12-2024T18:19:47 - [TEST_STEP][PASSED] - verifyElementText(findTestObject("Object Repository/Specific Cases Repository/LS/Client Profile/Client Profile/Page_Client Profile/div_Female"), "Female"): Actual text and expected text of test object 'Object Repository/Specific Cases Repository/LS/Client Profile/Client Profile/Page_Client Profile/div_Female' are matched.

04-12-2024T18:19:47 - [MESSAGE][PASSED] - Actual text and expected text of test object 'Object Repository/Specific Cases Repository/LS/Client Profile/Client Profile/Page_Client Profile/div_Female' are matched.

04-12-2024T18:19:47 - [TEST_STEP][PASSED] - verifyElementText(findTestObject("Object Repository/Specific Cases Repository/LS/Client Profile/Client Profile/Page_Client Profile/div_Automation Test"), "Automation Test"): Actual text and expected text of test object 'Object Repository/Specific Cases Repository/LS/Client Profile/Client Profile/Page_Client Profile/div_Automation Test' are matched.

04-12-2024T18:19:47 - [MESSAGE][PASSED] - Actual text and expected text of test object 'Object Repository/Specific Cases Repository/LS/Client Profile/Client Profile/Page_Client Profile/div_Automation Test' are matched.

04-12-2024T18:19:47 - [TEST_STEP][PASSED] - verifyElementText(findTestObject("Object Repository/Specific Cases Repository/LS/Client Profile/Client Profile/Page_Client Profile/div_(833) 957-2888"), "(833) 957-2888"): Actual text and expected text of test object 'Object Repository/Specific Cases Repository/LS/Client Profile/Client Profile/Page_Client Profile/div_(833) 957-2888' are matched.

04-12-2024T18:19:48 - [MESSAGE][PASSED] - Actual text and expected text of test object 'Object Repository/Specific Cases Repository/LS/Client Profile/Client Profile/Page_Client Profile/div_(833) 957-2888' are matched.

04-12-2024T18:19:48 - [TEST_STEP][PASSED] - verifyElementText(findTestObject("Object Repository/Specific Cases Repository/LS/Client Profile/Client Profile/Page_Client Profile/div_B2automation.com"), "B2@automation.com"): Actual text and expected text of test object 'Object Repository/Specific Cases Repository/LS/Client Profile/Client Profile/Page_Client Profile/div_B2automation.com' are matched.

04-12-2024T18:19:48 - [MESSAGE][PASSED] - Actual text and expected text of test object 'Object Repository/Specific Cases Repository/LS/Client Profile/Client Profile/Page_Client Profile/div_B2automation.com' are matched.

04-12-2024T18:19:48 - [TEST_STEP][PASSED] - verifyElementText(findTestObject("Object Repository/Specific Cases Repository/LS/Client Profile/Client Profile/Page_Client Profile/div_B Parent B Client"), "B Parent B Client"): Actual text and expected text of test object 'Object Repository/Specific Cases Repository/LS/Client Profile/Client Profile/Page_Client Profile/div_B Parent B Client' are matched.

04-12-2024T18:19:48 - [MESSAGE][PASSED] - Actual text and expected text of test object 'Object Repository/Specific Cases Repository/LS/Client Profile/Client Profile/Page_Client Profile/div_B Parent B Client' are matched.

04-12-2024T18:19:48 - [TEST_STEP][PASSED] - verifyElementText(findTestObject("Object Repository/Specific Cases Repository/LS/Client Profile/Client Profile/Page_Client Profile/div_Parent or Guardian"), "Parent or Guardian"): Actual text and expected text of test object 'Object Repository/Specific Cases Repository/LS/Client Profile/Client Profile/Page_Client Profile/div_Parent or Guardian' are matched.

04-12-2024T18:19:49 - [MESSAGE][PASSED] - Actual text and expected text of test object 'Object Repository/Specific Cases Repository/LS/Client Profile/Client Profile/Page_Client Profile/div_Parent or Guardian' are matched.

04-12-2024T18:19:49 - [TEST_STEP][PASSED] - verifyElementText(findTestObject("Object Repository/Specific Cases Repository/LS/Client Profile/Client Profile/Page_Client Profile/div_Future Automation Test with B Automatio_ed8b34"), "Future Automation Test with B Automation, B Client MR# 24-11007: 5 Panel Drug Screen"): Actual text and expected text of test object 'Object Repository/Specific Cases Repository/LS/Client Profile/Client Profile/Page_Client Profile/div_Future Automation Test with B Automatio_ed8b34' are matched.

04-12-2024T18:19:49 - [MESSAGE][PASSED] - Actual text and expected text of test object 'Object Repository/Specific Cases Repository/LS/Client Profile/Client Profile/Page_Client Profile/div_Future Automation Test with B Automatio_ed8b34' are matched.

04-12-2024T18:19:49 - [TEST_STEP][FAILED] - verifyElementText(findTestObject("Object Repository/Specific Cases Repository/LS/Client Profile/Client Profile/Page_Client Profile/div_Future Automation Test 1.2 Automaticall_19fd63"), "Future Automation Test 1.2 Automatically Enroll Clients in Selected Location/Program(s)"): Verify element text of test object 'Object Repository/Specific Cases Repository/LS/Client Profile/Client Profile/Page_Client Profile/div_Future Automation Test 1.2 Automaticall_19fd63' FAILED. (Root cause: com.kms.katalon.core.exception.StepFailedException: Verify element text of test object 'Object Repository/Specific Cases Repository/LS/Client Profile/Client Profile/Page_Client Profile/div_Future Automation Test 1.2 Automaticall_19fd63' FAILED.
	at com.kms.katalon.core.webui.keyword.internal.WebUIKeywordMain.stepFailed(WebUIKeywordMain.groovy:117)
	at com.kms.katalon.core.webui.keyword.internal.WebUIKeywordMain.runKeyword(WebUIKeywordMain.groovy:43)
	at com.kms.katalon.core.webui.keyword.builtin.VerifyElementTextKeyword.verifyElementText(VerifyElementTextKeyword.groovy:72)
	at com.kms.katalon.core.webui.keyword.builtin.VerifyElementTextKeyword.execute(VerifyElementTextKeyword.groovy:40)
	at com.kms.katalon.core.keyword.internal.KeywordExecutor.executeKeywordForPlatform(KeywordExecutor.groovy:74)
	at com.kms.katalon.core.webui.keyword.WebUiBuiltInKeywords.verifyElementText(WebUiBuiltInKeywords.groovy:4835)
	at Client Profile.run(Client Profile:63)
	at com.kms.katalon.core.main.ScriptEngine.run(ScriptEngine.java:194)
	at com.kms.katalon.core.main.ScriptEngine.runScriptAsRawText(ScriptEngine.java:119)
	at com.kms.katalon.core.main.TestCaseExecutor.runScript(TestCaseExecutor.java:448)
	at com.kms.katalon.core.main.TestCaseExecutor.doExecute(TestCaseExecutor.java:439)
	at com.kms.katalon.core.main.TestCaseExecutor.processExecutionPhase(TestCaseExecutor.java:418)
	at com.kms.katalon.core.main.TestCaseExecutor.accessMainPhase(TestCaseExecutor.java:410)
	at com.kms.katalon.core.main.TestCaseExecutor.execute(TestCaseExecutor.java:285)
	at com.kms.katalon.core.common.CommonExecutor.accessTestCaseMainPhase(CommonExecutor.java:65)
	at com.kms.katalon.core.main.TestSuiteExecutor.accessTestSuiteMainPhase(TestSuiteExecutor.java:150)
	at com.kms.katalon.core.main.TestSuiteExecutor.execute(TestSuiteExecutor.java:106)
	at com.kms.katalon.core.main.TestCaseMain.startTestSuite(TestCaseMain.java:180)
	at TempTestSuite1733353068935.run(TempTestSuite1733353068935.groovy:35)
	at java.base/jdk.internal.reflect.NativeMethodAccessorImpl.invoke0(Native Method)
	at java.base/jdk.internal.reflect.NativeMethodAccessorImpl.invoke(NativeMethodAccessorImpl.java:77)
	at java.base/jdk.internal.reflect.DelegatingMethodAccessorImpl.invoke(DelegatingMethodAccessorImpl.java:43)
Caused by: com.kms.katalon.core.exception.StepFailedException: Actual text 'AM Assessment' and expected text 'Future Automation Test 1.2 Automatically Enroll Clients in Selected Location/Program(s)' of test object 'Object Repository/Specific Cases Repository/LS/Client Profile/Client Profile/Page_Client Profile/div_Future Automation Test 1.2 Automaticall_19fd63' are NOT matched.
	at com.kms.katalon.core.webui.keyword.internal.WebUIKeywordMain.stepFailed(WebUIKeywordMain.groovy:117)
	at com.kms.katalon.core.webui.keyword.builtin.VerifyElementTextKeyword$_verifyElementText_closure1.doCall(VerifyElementTextKeyword.groovy:57)
	at com.kms.katalon.core.webui.keyword.builtin.VerifyElementTextKeyword$_verifyElementText_closure1.call(VerifyElementTextKeyword.groovy)
	at com.kms.katalon.core.webui.keyword.internal.WebUIKeywordMain.runKeyword(WebUIKeywordMain.groovy:35)
	... 20 more
)

04-12-2024T18:19:49 - [MESSAGE][FAILED] - Actual text 'AM Assessment' and expected text 'Future Automation Test 1.2 Automatically Enroll Clients in Selected Location/Program(s)' of test object 'Object Repository/Specific Cases Repository/LS/Client Profile/Client Profile/Page_Client Profile/div_Future Automation Test 1.2 Automaticall_19fd63' are NOT matched. (Root cause: com.kms.katalon.core.exception.StepFailedException: Actual text 'AM Assessment' and expected text 'Future Automation Test 1.2 Automatically Enroll Clients in Selected Location/Program(s)' of test object 'Object Repository/Specific Cases Repository/LS/Client Profile/Client Profile/Page_Client Profile/div_Future Automation Test 1.2 Automaticall_19fd63' are NOT matched.
	at com.kms.katalon.core.webui.keyword.internal.WebUIKeywordMain.stepFailed(WebUIKeywordMain.groovy:117)
	at com.kms.katalon.core.webui.keyword.builtin.VerifyElementTextKeyword$_verifyElementText_closure1.doCall(VerifyElementTextKeyword.groovy:57)
	at com.kms.katalon.core.webui.keyword.builtin.VerifyElementTextKeyword$_verifyElementText_closure1.call(VerifyElementTextKeyword.groovy)
	at com.kms.katalon.core.webui.keyword.internal.WebUIKeywordMain.runKeyword(WebUIKeywordMain.groovy:35)
	at com.kms.katalon.core.webui.keyword.builtin.VerifyElementTextKeyword.verifyElementText(VerifyElementTextKeyword.groovy:72)
	at com.kms.katalon.core.webui.keyword.builtin.VerifyElementTextKeyword.execute(VerifyElementTextKeyword.groovy:40)
	at com.kms.katalon.core.keyword.internal.KeywordExecutor.executeKeywordForPlatform(KeywordExecutor.groovy:74)
	at com.kms.katalon.core.webui.keyword.WebUiBuiltInKeywords.verifyElementText(WebUiBuiltInKeywords.groovy:4835)
	at Client Profile.run(Client Profile:63)
	at com.kms.katalon.core.main.ScriptEngine.run(ScriptEngine.java:194)
	at com.kms.katalon.core.main.ScriptEngine.runScriptAsRawText(ScriptEngine.java:119)
	at com.kms.katalon.core.main.TestCaseExecutor.runScript(TestCaseExecutor.java:448)
	at com.kms.katalon.core.main.TestCaseExecutor.doExecute(TestCaseExecutor.java:439)
	at com.kms.katalon.core.main.TestCaseExecutor.processExecutionPhase(TestCaseExecutor.java:418)
	at com.kms.katalon.core.main.TestCaseExecutor.accessMainPhase(TestCaseExecutor.java:410)
	at com.kms.katalon.core.main.TestCaseExecutor.execute(TestCaseExecutor.java:285)
	at com.kms.katalon.core.common.CommonExecutor.accessTestCaseMainPhase(CommonExecutor.java:65)
	at com.kms.katalon.core.main.TestSuiteExecutor.accessTestSuiteMainPhase(TestSuiteExecutor.java:150)
	at com.kms.katalon.core.main.TestSuiteExecutor.execute(TestSuiteExecutor.java:106)
	at com.kms.katalon.core.main.TestCaseMain.startTestSuite(TestCaseMain.java:180)
	at TempTestSuite1733353068935.run(TempTestSuite1733353068935.groovy:35)
	at java.base/jdk.internal.reflect.NativeMethodAccessorImpl.invoke0(Native Method)
	at java.base/jdk.internal.reflect.NativeMethodAccessorImpl.invoke(NativeMethodAccessorImpl.java:77)
	at java.base/jdk.internal.reflect.DelegatingMethodAccessorImpl.invoke(DelegatingMethodAccessorImpl.java:43)
)
[[ATTACHMENT|C:\\Users\\Enrique\\git\\AUTOMATION_LS\\Reports\\20241204_175739\\LS\\Client Profile\\Client Profile\\20241204_175748\\1733354389834.png]]

04-12-2024T18:19:50 - [MESSAGE][FAILED] - Verify element text of test object 'Object Repository/Specific Cases Repository/LS/Client Profile/Client Profile/Page_Client Profile/div_Future Automation Test 1.2 Automaticall_19fd63' FAILED. (Root cause: com.kms.katalon.core.exception.StepFailedException: Verify element text of test object 'Object Repository/Specific Cases Repository/LS/Client Profile/Client Profile/Page_Client Profile/div_Future Automation Test 1.2 Automaticall_19fd63' FAILED.
	at com.kms.katalon.core.webui.keyword.internal.WebUIKeywordMain.stepFailed(WebUIKeywordMain.groovy:117)
	at com.kms.katalon.core.webui.keyword.internal.WebUIKeywordMain.runKeyword(WebUIKeywordMain.groovy:43)
	at com.kms.katalon.core.webui.keyword.builtin.VerifyElementTextKeyword.verifyElementText(VerifyElementTextKeyword.groovy:72)
	at com.kms.katalon.core.webui.keyword.builtin.VerifyElementTextKeyword.execute(VerifyElementTextKeyword.groovy:40)
	at com.kms.katalon.core.keyword.internal.KeywordExecutor.executeKeywordForPlatform(KeywordExecutor.groovy:74)
	at com.kms.katalon.core.webui.keyword.WebUiBuiltInKeywords.verifyElementText(WebUiBuiltInKeywords.groovy:4835)
	at Client Profile.run(Client Profile:63)
	at com.kms.katalon.core.main.ScriptEngine.run(ScriptEngine.java:194)
	at com.kms.katalon.core.main.ScriptEngine.runScriptAsRawText(ScriptEngine.java:119)
	at com.kms.katalon.core.main.TestCaseExecutor.runScript(TestCaseExecutor.java:448)
	at com.kms.katalon.core.main.TestCaseExecutor.doExecute(TestCaseExecutor.java:439)
	at com.kms.katalon.core.main.TestCaseExecutor.processExecutionPhase(TestCaseExecutor.java:418)
	at com.kms.katalon.core.main.TestCaseExecutor.accessMainPhase(TestCaseExecutor.java:410)
	at com.kms.katalon.core.main.TestCaseExecutor.execute(TestCaseExecutor.java:285)
	at com.kms.katalon.core.common.CommonExecutor.accessTestCaseMainPhase(CommonExecutor.java:65)
	at com.kms.katalon.core.main.TestSuiteExecutor.accessTestSuiteMainPhase(TestSuiteExecutor.java:150)
	at com.kms.katalon.core.main.TestSuiteExecutor.execute(TestSuiteExecutor.java:106)
	at com.kms.katalon.core.main.TestCaseMain.startTestSuite(TestCaseMain.java:180)
	at TempTestSuite1733353068935.run(TempTestSuite1733353068935.groovy:35)
	at java.base/jdk.internal.reflect.NativeMethodAccessorImpl.invoke0(Native Method)
	at java.base/jdk.internal.reflect.NativeMethodAccessorImpl.invoke(NativeMethodAccessorImpl.java:77)
	at java.base/jdk.internal.reflect.DelegatingMethodAccessorImpl.invoke(DelegatingMethodAccessorImpl.java:43)
Caused by: com.kms.katalon.core.exception.StepFailedException: Actual text 'AM Assessment' and expected text 'Future Automation Test 1.2 Automatically Enroll Clients in Selected Location/Program(s)' of test object 'Object Repository/Specific Cases Repository/LS/Client Profile/Client Profile/Page_Client Profile/div_Future Automation Test 1.2 Automaticall_19fd63' are NOT matched.
	at com.kms.katalon.core.webui.keyword.internal.WebUIKeywordMain.stepFailed(WebUIKeywordMain.groovy:117)
	at com.kms.katalon.core.webui.keyword.builtin.VerifyElementTextKeyword$_verifyElementText_closure1.doCall(VerifyElementTextKeyword.groovy:57)
	at com.kms.katalon.core.webui.keyword.builtin.VerifyElementTextKeyword$_verifyElementText_closure1.call(VerifyElementTextKeyword.groovy)
	at com.kms.katalon.core.webui.keyword.internal.WebUIKeywordMain.runKeyword(WebUIKeywordMain.groovy:35)
	... 20 more
)
[[ATTACHMENT|C:\\Users\\Enrique\\git\\AUTOMATION_LS\\Reports\\20241204_175739\\LS\\Client Profile\\Client Profile\\20241204_175748\\1733354389971.png]]]]></system-out>
         <system-err><![CDATA[04-12-2024T18:19:32 - [TEST_CASE][FAILED] - Test Cases/Specific Cases/LS/Client Profile/Client Profile: Test Cases/Specific Cases/LS/Client Profile/Client Profile FAILED.
Reason:
com.kms.katalon.core.exception.StepFailedException: Verify element text of test object 'Object Repository/Specific Cases Repository/LS/Client Profile/Client Profile/Page_Client Profile/div_Future Automation Test 1.2 Automaticall_19fd63' FAILED.
	at com.kms.katalon.core.webui.keyword.internal.WebUIKeywordMain.stepFailed(WebUIKeywordMain.groovy:117)
	at com.kms.katalon.core.webui.keyword.internal.WebUIKeywordMain.runKeyword(WebUIKeywordMain.groovy:43)
	at com.kms.katalon.core.webui.keyword.builtin.VerifyElementTextKeyword.verifyElementText(VerifyElementTextKeyword.groovy:72)
	at com.kms.katalon.core.webui.keyword.builtin.VerifyElementTextKeyword.execute(VerifyElementTextKeyword.groovy:40)
	at com.kms.katalon.core.keyword.internal.KeywordExecutor.executeKeywordForPlatform(KeywordExecutor.groovy:74)
	at com.kms.katalon.core.webui.keyword.WebUiBuiltInKeywords.verifyElementText(WebUiBuiltInKeywords.groovy:4835)
	at Client Profile.run(Client Profile:63)
	at com.kms.katalon.core.main.ScriptEngine.run(ScriptEngine.java:194)
	at com.kms.katalon.core.main.ScriptEngine.runScriptAsRawText(ScriptEngine.java:119)
	at com.kms.katalon.core.main.TestCaseExecutor.runScript(TestCaseExecutor.java:448)
	at com.kms.katalon.core.main.TestCaseExecutor.doExecute(TestCaseExecutor.java:439)
	at com.kms.katalon.core.main.TestCaseExecutor.processExecutionPhase(TestCaseExecutor.java:418)
	at com.kms.katalon.core.main.TestCaseExecutor.accessMainPhase(TestCaseExecutor.java:410)
	at com.kms.katalon.core.main.TestCaseExecutor.execute(TestCaseExecutor.java:285)
	at com.kms.katalon.core.common.CommonExecutor.accessTestCaseMainPhase(CommonExecutor.java:65)
	at com.kms.katalon.core.main.TestSuiteExecutor.accessTestSuiteMainPhase(TestSuiteExecutor.java:150)
	at com.kms.katalon.core.main.TestSuiteExecutor.execute(TestSuiteExecutor.java:106)
	at com.kms.katalon.core.main.TestCaseMain.startTestSuite(TestCaseMain.java:180)
	at TempTestSuite1733353068935.run(TempTestSuite1733353068935.groovy:35)
	at java.base/jdk.internal.reflect.NativeMethodAccessorImpl.invoke0(Native Method)
	at java.base/jdk.internal.reflect.NativeMethodAccessorImpl.invoke(NativeMethodAccessorImpl.java:77)
	at java.base/jdk.internal.reflect.DelegatingMethodAccessorImpl.invoke(DelegatingMethodAccessorImpl.java:43)
Caused by: com.kms.katalon.core.exception.StepFailedException: Actual text 'AM Assessment' and expected text 'Future Automation Test 1.2 Automatically Enroll Clients in Selected Location/Program(s)' of test object 'Object Repository/Specific Cases Repository/LS/Client Profile/Client Profile/Page_Client Profile/div_Future Automation Test 1.2 Automaticall_19fd63' are NOT matched.
	at com.kms.katalon.core.webui.keyword.internal.WebUIKeywordMain.stepFailed(WebUIKeywordMain.groovy:117)
	at com.kms.katalon.core.webui.keyword.builtin.VerifyElementTextKeyword$_verifyElementText_closure1.doCall(VerifyElementTextKeyword.groovy:57)
	at com.kms.katalon.core.webui.keyword.builtin.VerifyElementTextKeyword$_verifyElementText_closure1.call(VerifyElementTextKeyword.groovy)
	at com.kms.katalon.core.webui.keyword.internal.WebUIKeywordMain.runKeyword(WebUIKeywordMain.groovy:35)
	... 20 more]]></system-err>
      </testcase>
      <system-out><![CDATA[04-12-2024T17:58:16 - [TEST_SUITE][FAILED] - Client Profile: Test Cases/Specific Cases/LS/Client Profile/Allergies-Vitals-Labs/Allergies FAILED.
Reason:
com.kms.katalon.core.exception.StepFailedException: Unable to click on object 'Object Repository/Specific Cases Repository/LS/Client Profile/Allergies-Vitals-Labs/Allergies/Page_Client Profile/b'
	at com.kms.katalon.core.webui.keyword.internal.WebUIKeywordMain.stepFailed(WebUIKeywordMain.groovy:117)
	at com.kms.katalon.core.webui.keyword.internal.WebUIKeywordMain.runKeyword(WebUIKeywordMain.groovy:43)
	at com.kms.katalon.core.webui.keyword.builtin.ClickKeyword.click(ClickKeyword.groovy:74)
	at com.kms.katalon.core.webui.keyword.builtin.ClickKeyword.execute(ClickKeyword.groovy:40)
	at com.kms.katalon.core.keyword.internal.KeywordExecutor.executeKeywordForPlatform(KeywordExecutor.groovy:74)
	at com.kms.katalon.core.webui.keyword.WebUiBuiltInKeywords.click(WebUiBuiltInKeywords.groovy:659)
	at Allergies.run(Allergies:35)
	at com.kms.katalon.core.main.ScriptEngine.run(ScriptEngine.java:194)
	at com.kms.katalon.core.main.ScriptEngine.runScriptAsRawText(ScriptEngine.java:119)
	at com.kms.katalon.core.main.TestCaseExecutor.runScript(TestCaseExecutor.java:448)
	at com.kms.katalon.core.main.TestCaseExecutor.doExecute(TestCaseExecutor.java:439)
	at com.kms.katalon.core.main.TestCaseExecutor.processExecutionPhase(TestCaseExecutor.java:418)
	at com.kms.katalon.core.main.TestCaseExecutor.accessMainPhase(TestCaseExecutor.java:410)
	at com.kms.katalon.core.main.TestCaseExecutor.execute(TestCaseExecutor.java:285)
	at com.kms.katalon.core.common.CommonExecutor.accessTestCaseMainPhase(CommonExecutor.java:65)
	at com.kms.katalon.core.main.TestSuiteExecutor.accessTestSuiteMainPhase(TestSuiteExecutor.java:150)
	at com.kms.katalon.core.main.TestSuiteExecutor.execute(TestSuiteExecutor.java:106)
	at com.kms.katalon.core.main.TestCaseMain.startTestSuite(TestCaseMain.java:180)
	at TempTestSuite1733353068935.run(TempTestSuite1733353068935.groovy:35)
	at java.base/jdk.internal.reflect.NativeMethodAccessorImpl.invoke0(Native Method)
	at java.base/jdk.internal.reflect.NativeMethodAccessorImpl.invoke(NativeMethodAccessorImpl.java:77)
	at java.base/jdk.internal.reflect.DelegatingMethodAccessorImpl.invoke(DelegatingMethodAccessorImpl.java:43)
Caused by: com.kms.katalon.core.webui.exception.WebElementNotFoundException: Web element with id: 'Object Repository/Specific Cases Repository/LS/Client Profile/Allergies-Vitals-Labs/Allergies/Page_Client Profile/b' located by '//div[@id='mdl_allergy_add']/div/div/div[2]/div/div[2]/div/span/span/span/span[2]/b' not found
	at com.kms.katalon.core.webui.common.WebUiCommonHelper.findWebElement(WebUiCommonHelper.java:1423)
	at com.kms.katalon.core.webui.keyword.internal.WebUIAbstractKeyword.findWebElement(WebUIAbstractKeyword.groovy:27)
	at com.kms.katalon.core.webui.keyword.builtin.ClickKeyword$_click_closure1.doCall(ClickKeyword.groovy:65)
	at com.kms.katalon.core.webui.keyword.builtin.ClickKeyword$_click_closure1.call(ClickKeyword.groovy)
	at com.kms.katalon.core.webui.keyword.internal.WebUIKeywordMain.runKeyword(WebUIKeywordMain.groovy:35)
	... 20 more]]></system-out>
      <system-err><![CDATA[04-12-2024T17:58:16 - [TEST_SUITE][FAILED] - Client Profile: Test Cases/Specific Cases/LS/Client Profile/Allergies-Vitals-Labs/Allergies FAILED.
Reason:
com.kms.katalon.core.exception.StepFailedException: Unable to click on object 'Object Repository/Specific Cases Repository/LS/Client Profile/Allergies-Vitals-Labs/Allergies/Page_Client Profile/b'
	at com.kms.katalon.core.webui.keyword.internal.WebUIKeywordMain.stepFailed(WebUIKeywordMain.groovy:117)
	at com.kms.katalon.core.webui.keyword.internal.WebUIKeywordMain.runKeyword(WebUIKeywordMain.groovy:43)
	at com.kms.katalon.core.webui.keyword.builtin.ClickKeyword.click(ClickKeyword.groovy:74)
	at com.kms.katalon.core.webui.keyword.builtin.ClickKeyword.execute(ClickKeyword.groovy:40)
	at com.kms.katalon.core.keyword.internal.KeywordExecutor.executeKeywordForPlatform(KeywordExecutor.groovy:74)
	at com.kms.katalon.core.webui.keyword.WebUiBuiltInKeywords.click(WebUiBuiltInKeywords.groovy:659)
	at Allergies.run(Allergies:35)
	at com.kms.katalon.core.main.ScriptEngine.run(ScriptEngine.java:194)
	at com.kms.katalon.core.main.ScriptEngine.runScriptAsRawText(ScriptEngine.java:119)
	at com.kms.katalon.core.main.TestCaseExecutor.runScript(TestCaseExecutor.java:448)
	at com.kms.katalon.core.main.TestCaseExecutor.doExecute(TestCaseExecutor.java:439)
	at com.kms.katalon.core.main.TestCaseExecutor.processExecutionPhase(TestCaseExecutor.java:418)
	at com.kms.katalon.core.main.TestCaseExecutor.accessMainPhase(TestCaseExecutor.java:410)
	at com.kms.katalon.core.main.TestCaseExecutor.execute(TestCaseExecutor.java:285)
	at com.kms.katalon.core.common.CommonExecutor.accessTestCaseMainPhase(CommonExecutor.java:65)
	at com.kms.katalon.core.main.TestSuiteExecutor.accessTestSuiteMainPhase(TestSuiteExecutor.java:150)
	at com.kms.katalon.core.main.TestSuiteExecutor.execute(TestSuiteExecutor.java:106)
	at com.kms.katalon.core.main.TestCaseMain.startTestSuite(TestCaseMain.java:180)
	at TempTestSuite1733353068935.run(TempTestSuite1733353068935.groovy:35)
	at java.base/jdk.internal.reflect.NativeMethodAccessorImpl.invoke0(Native Method)
	at java.base/jdk.internal.reflect.NativeMethodAccessorImpl.invoke(NativeMethodAccessorImpl.java:77)
	at java.base/jdk.internal.reflect.DelegatingMethodAccessorImpl.invoke(DelegatingMethodAccessorImpl.java:43)
Caused by: com.kms.katalon.core.webui.exception.WebElementNotFoundException: Web element with id: 'Object Repository/Specific Cases Repository/LS/Client Profile/Allergies-Vitals-Labs/Allergies/Page_Client Profile/b' located by '//div[@id='mdl_allergy_add']/div/div/div[2]/div/div[2]/div/span/span/span/span[2]/b' not found
	at com.kms.katalon.core.webui.common.WebUiCommonHelper.findWebElement(WebUiCommonHelper.java:1423)
	at com.kms.katalon.core.webui.keyword.internal.WebUIAbstractKeyword.findWebElement(WebUIAbstractKeyword.groovy:27)
	at com.kms.katalon.core.webui.keyword.builtin.ClickKeyword$_click_closure1.doCall(ClickKeyword.groovy:65)
	at com.kms.katalon.core.webui.keyword.builtin.ClickKeyword$_click_closure1.call(ClickKeyword.groovy)
	at com.kms.katalon.core.webui.keyword.internal.WebUIKeywordMain.runKeyword(WebUIKeywordMain.groovy:35)
	... 20 more]]></system-err>
   </testsuite>
</testsuites>
