<?xml version="1.0" encoding="UTF-8"?>
<testsuites name="Calendar" time="561.157" tests="15" failures="0" errors="0">
   <testsuite name="Calendar" tests="15" failures="0" errors="0" time="561.157" skipped="0" timestamp="21-11-2024T11:48:55" hostname="Enrique - Enrique" id="Test Suites/LS/Home/General/Calendar">
      <properties>
         <property name="deviceName" value=""/>
         <property name="devicePlatform"/>
         <property name="logFolder" value="C:\\Users\\Enrique\\git\\AUTOMATION_LS\\Reports\\20241121_114839\\LS\\Home\\General\\Calendar\\20241121_114840"/>
         <property name="logFiles" value="C:\\Users\\Enrique\\git\\AUTOMATION_LS\\Reports\\20241121_114839\\LS\\Home\\General\\Calendar\\20241121_114840\\execution0.log"/>
         <property name="attachments" value=""/>
         <property name="hostName" value="Enrique - Enrique"/>
         <property name="os" value="Windows 11 64bit"/>
         <property name="katalonVersion" value="9.7.3.223"/>
         <property name="browser" value="Chrome 131.0.0.0"/>
         <property name="hostAddress" value="192.168.100.147"/>
         <property name="sessionId" value="52cbba2f93ad1920c1f193fc6a7f560d"/>
         <property name="seleniumVersion" value="3.141.59"/>
         <property name="proxyInformation" value="ProxyInformation { proxyOption=NO_PROXY, proxyServerType=HTTP, username=, password=********, proxyServerAddress=, proxyServerPort=0, executionList=&quot;&quot;, isApplyToDesiredCapabilities=true }"/>
         <property name="platform" value="Windows 11"/>
      </properties>
      <testcase name="Test Cases/Specific Cases/LS/General/Calendar/Events_Creation/Future Events Creation/Future_Calendar_Appointment" time="56.415" classname="Test Cases/Specific Cases/LS/General/Calendar/Events_Creation/Future Events Creation/Future_Calendar_Appointment" status="PASSED">
         <system-out><![CDATA[21-11-2024T11:48:55 - [TEST_CASE][PASSED] - Test Cases/Specific Cases/LS/General/Calendar/Events_Creation/Future Events Creation/Future_Calendar_Appointment: Test Cases/Specific Cases/LS/General/Calendar/Events_Creation/Future Events Creation/Future_Calendar_Appointment

21-11-2024T11:48:55 - [TEST_STEP][PASSED] - callTestCase(findTestCase("Common Cases/Login"), [:], STOP_ON_FAILURE): Call Test Case 'Test Cases/Common Cases/Login' successfully

21-11-2024T11:48:56 - [TEST_CASE][PASSED] - Test Cases/Common Cases/Login: Test Cases/Common Cases/Login

21-11-2024T11:48:56 - [TEST_STEP][PASSED] - openBrowser(""): Browser is opened with url: ''

21-11-2024T11:48:56 - [MESSAGE][INFO] - Starting 'Chrome' driver

21-11-2024T11:48:56 - [MESSAGE][INFO] - Action delay is set to 0 milliseconds

21-11-2024T11:48:58 - [MESSAGE][PASSED] - Browser is opened with url: ''

21-11-2024T11:48:58 - [TEST_STEP][PASSED] - maximizeWindow(): Current window maximized

21-11-2024T11:48:58 - [MESSAGE][PASSED] - Current window maximized

21-11-2024T11:48:58 - [TEST_STEP][PASSED] - navigateToUrl("https://site17.lsapp.cloud/auth/login"): Navigate to 'https://site17.lsapp.cloud/auth/login' successfully

21-11-2024T11:49:00 - [MESSAGE][PASSED] - Navigate to 'https://site17.lsapp.cloud/auth/login' successfully

21-11-2024T11:49:00 - [TEST_STEP][PASSED] - setText(findTestObject("Object Repository/Common Cases Repository/Login/Page_Lightning Step/input_Email_email"), "automation@lightningstep.com"): Text 'automation@lightningstep.com' is set on object 'Object Repository/Common Cases Repository/Login/Page_Lightning Step/input_Email_email'

21-11-2024T11:49:02 - [MESSAGE][PASSED] - Text 'automation@lightningstep.com' is set on object 'Object Repository/Common Cases Repository/Login/Page_Lightning Step/input_Email_email'

21-11-2024T11:49:02 - [TEST_STEP][PASSED] - setEncryptedText(findTestObject("Object Repository/Common Cases Repository/Login/Page_Lightning Step/input_Password_password"), "e5N8VHmnhJDITtQaQhDQDw=="): Text ****** has been set on object 'Object Repository/Common Cases Repository/Login/Page_Lightning Step/input_Password_password'

21-11-2024T11:49:04 - [MESSAGE][PASSED] - Text ****** has been set on object 'Object Repository/Common Cases Repository/Login/Page_Lightning Step/input_Password_password'

21-11-2024T11:49:04 - [TEST_STEP][PASSED] - click(findTestObject("Object Repository/Common Cases Repository/Login/Page_Lightning Step/button_Sign in")): Object: 'Object Repository/Common Cases Repository/Login/Page_Lightning Step/button_Sign in' is clicked on

21-11-2024T11:49:23 - [MESSAGE][PASSED] - Object: 'Object Repository/Common Cases Repository/Login/Page_Lightning Step/button_Sign in' is clicked on

21-11-2024T11:49:23 - [MESSAGE][PASSED] - Call Test Case 'Test Cases/Common Cases/Login' successfully

21-11-2024T11:49:23 - [TEST_STEP][PASSED] - click(findTestObject("Object Repository/Specific Cases Repository/LS/Home/Calendar/Calendar_Events/Calendar_Events_Creation/Page_Home/a_Calendar")): Object: 'Object Repository/Specific Cases Repository/LS/Home/Calendar/Calendar_Events/Calendar_Events_Creation/Page_Home/a_Calendar' is clicked on

21-11-2024T11:49:29 - [MESSAGE][PASSED] - Object: 'Object Repository/Specific Cases Repository/LS/Home/Calendar/Calendar_Events/Calendar_Events_Creation/Page_Home/a_Calendar' is clicked on

21-11-2024T11:49:29 - [TEST_STEP][PASSED] - click(findTestObject("Object Repository/Specific Cases Repository/LS/Home/Calendar/Calendar_Events/Calendar_Events_Creation/Appointment/Page_Calendar/div_Week")): Object: 'Object Repository/Specific Cases Repository/LS/Home/Calendar/Calendar_Events/Calendar_Events_Creation/Appointment/Page_Calendar/div_Week' is clicked on

21-11-2024T11:49:30 - [MESSAGE][PASSED] - Object: 'Object Repository/Specific Cases Repository/LS/Home/Calendar/Calendar_Events/Calendar_Events_Creation/Appointment/Page_Calendar/div_Week' is clicked on

21-11-2024T11:49:30 - [TEST_STEP][PASSED] - click(findTestObject("Object Repository/Specific Cases Repository/LS/Home/Calendar/Calendar_Events/Calendar_Events_Creation/Appointment/Page_Calendar/button_Create new")): Object: 'Object Repository/Specific Cases Repository/LS/Home/Calendar/Calendar_Events/Calendar_Events_Creation/Appointment/Page_Calendar/button_Create new' is clicked on

21-11-2024T11:49:31 - [MESSAGE][PASSED] - Object: 'Object Repository/Specific Cases Repository/LS/Home/Calendar/Calendar_Events/Calendar_Events_Creation/Appointment/Page_Calendar/button_Create new' is clicked on

21-11-2024T11:49:31 - [TEST_STEP][PASSED] - click(findTestObject("Object Repository/Specific Cases Repository/LS/Home/Calendar/Calendar_Events/Calendar_Events_Creation/Appointment/Page_Calendar/label_Appointment")): Object: 'Object Repository/Specific Cases Repository/LS/Home/Calendar/Calendar_Events/Calendar_Events_Creation/Appointment/Page_Calendar/label_Appointment' is clicked on

21-11-2024T11:49:32 - [MESSAGE][PASSED] - Object: 'Object Repository/Specific Cases Repository/LS/Home/Calendar/Calendar_Events/Calendar_Events_Creation/Appointment/Page_Calendar/label_Appointment' is clicked on

21-11-2024T11:49:32 - [TEST_STEP][PASSED] - click(findTestObject("Specific Cases Repository/LS/Home/Calendar/Calendar_Events/Calendar_Events_Creation/Appointment/Page_Calendar/span_Select Client")): Object: 'Object Repository/Specific Cases Repository/LS/Home/Calendar/Calendar_Events/Calendar_Events_Creation/Appointment/Page_Calendar/span_Select Client' is clicked on

21-11-2024T11:49:32 - [MESSAGE][PASSED] - Object: 'Object Repository/Specific Cases Repository/LS/Home/Calendar/Calendar_Events/Calendar_Events_Creation/Appointment/Page_Calendar/span_Select Client' is clicked on

21-11-2024T11:49:32 - [TEST_STEP][PASSED] - click(findTestObject("Object Repository/Specific Cases Repository/LS/Home/Calendar/Calendar_Events/Calendar_Events_Creation/Page_Calendar/a_Cancel")): Object: 'Object Repository/Specific Cases Repository/LS/Home/Calendar/Calendar_Events/Calendar_Events_Creation/Page_Calendar/a_Cancel' is clicked on

21-11-2024T11:49:33 - [MESSAGE][PASSED] - Object: 'Object Repository/Specific Cases Repository/LS/Home/Calendar/Calendar_Events/Calendar_Events_Creation/Page_Calendar/a_Cancel' is clicked on

21-11-2024T11:49:33 - [TEST_STEP][PASSED] - click(findTestObject("Object Repository/Specific Cases Repository/LS/Home/Calendar/Calendar_Events/Calendar_Events_Creation/Appointment/Page_Calendar/button_Create new")): Object: 'Object Repository/Specific Cases Repository/LS/Home/Calendar/Calendar_Events/Calendar_Events_Creation/Appointment/Page_Calendar/button_Create new' is clicked on

21-11-2024T11:49:33 - [MESSAGE][PASSED] - Object: 'Object Repository/Specific Cases Repository/LS/Home/Calendar/Calendar_Events/Calendar_Events_Creation/Appointment/Page_Calendar/button_Create new' is clicked on

21-11-2024T11:49:33 - [TEST_STEP][PASSED] - click(findTestObject("Object Repository/Specific Cases Repository/LS/Home/Calendar/Calendar_Events/Calendar_Events_Creation/Appointment/Page_Calendar/label_Appointment")): Object: 'Object Repository/Specific Cases Repository/LS/Home/Calendar/Calendar_Events/Calendar_Events_Creation/Appointment/Page_Calendar/label_Appointment' is clicked on

21-11-2024T11:49:34 - [MESSAGE][PASSED] - Object: 'Object Repository/Specific Cases Repository/LS/Home/Calendar/Calendar_Events/Calendar_Events_Creation/Appointment/Page_Calendar/label_Appointment' is clicked on

21-11-2024T11:49:34 - [TEST_STEP][PASSED] - click(findTestObject("Object Repository/Specific Cases Repository/LS/Home/Calendar/Calendar_Events/Calendar_Events_Creation/Appointment/Page_Calendar/label_Appointment")): Object: 'Object Repository/Specific Cases Repository/LS/Home/Calendar/Calendar_Events/Calendar_Events_Creation/Appointment/Page_Calendar/label_Appointment' is clicked on

21-11-2024T11:49:35 - [MESSAGE][PASSED] - Object: 'Object Repository/Specific Cases Repository/LS/Home/Calendar/Calendar_Events/Calendar_Events_Creation/Appointment/Page_Calendar/label_Appointment' is clicked on

21-11-2024T11:49:35 - [TEST_STEP][PASSED] - click(findTestObject("Specific Cases Repository/LS/Home/Calendar/Calendar_Events/Calendar_Events_Creation/Appointment/Page_Calendar/span_Select Client")): Object: 'Object Repository/Specific Cases Repository/LS/Home/Calendar/Calendar_Events/Calendar_Events_Creation/Appointment/Page_Calendar/span_Select Client' is clicked on

21-11-2024T11:49:35 - [MESSAGE][PASSED] - Object: 'Object Repository/Specific Cases Repository/LS/Home/Calendar/Calendar_Events/Calendar_Events_Creation/Appointment/Page_Calendar/span_Select Client' is clicked on

21-11-2024T11:49:35 - [TEST_STEP][PASSED] - setText(findTestObject("Specific Cases Repository/LS/Home/Calendar/Calendar_Events/Calendar_Events_Creation/Appointment/Page_Calendar/Patien Name"), "B"): Text 'B' is set on object 'Object Repository/Specific Cases Repository/LS/Home/Calendar/Calendar_Events/Calendar_Events_Creation/Appointment/Page_Calendar/Patien Name'

21-11-2024T11:49:36 - [MESSAGE][PASSED] - Text 'B' is set on object 'Object Repository/Specific Cases Repository/LS/Home/Calendar/Calendar_Events/Calendar_Events_Creation/Appointment/Page_Calendar/Patien Name'

21-11-2024T11:49:36 - [TEST_STEP][PASSED] - sendKeys(findTestObject("Specific Cases Repository/LS/Home/Calendar/Calendar_Events/Calendar_Events_Creation/Appointment/Page_Calendar/Patien Name"), Keys.chord(ENTER)): Keys 'ENTER + ' sent to object: 'Object Repository/Specific Cases Repository/LS/Home/Calendar/Calendar_Events/Calendar_Events_Creation/Appointment/Page_Calendar/Patien Name'

21-11-2024T11:49:37 - [MESSAGE][PASSED] - Keys 'ENTER + ' sent to object: 'Object Repository/Specific Cases Repository/LS/Home/Calendar/Calendar_Events/Calendar_Events_Creation/Appointment/Page_Calendar/Patien Name'

21-11-2024T11:49:37 - [TEST_STEP][PASSED] - click(findTestObject("Object Repository/Specific Cases Repository/LS/Home/Calendar/Calendar_Events/Calendar_Events_Creation/Appointment/Page_Calendar/span_Select Service")): Object: 'Object Repository/Specific Cases Repository/LS/Home/Calendar/Calendar_Events/Calendar_Events_Creation/Appointment/Page_Calendar/span_Select Service' is clicked on

21-11-2024T11:49:38 - [MESSAGE][PASSED] - Object: 'Object Repository/Specific Cases Repository/LS/Home/Calendar/Calendar_Events/Calendar_Events_Creation/Appointment/Page_Calendar/span_Select Service' is clicked on

21-11-2024T11:49:38 - [TEST_STEP][PASSED] - setText(findTestObject("Object Repository/Specific Cases Repository/LS/Home/Calendar/Calendar_Events/Calendar_Events_Creation/Appointment/Page_Calendar/Patien Name"), "5 "): Text '5 ' is set on object 'Object Repository/Specific Cases Repository/LS/Home/Calendar/Calendar_Events/Calendar_Events_Creation/Appointment/Page_Calendar/Patien Name'

21-11-2024T11:49:39 - [MESSAGE][PASSED] - Text '5 ' is set on object 'Object Repository/Specific Cases Repository/LS/Home/Calendar/Calendar_Events/Calendar_Events_Creation/Appointment/Page_Calendar/Patien Name'

21-11-2024T11:49:39 - [TEST_STEP][PASSED] - sendKeys(findTestObject("Object Repository/Specific Cases Repository/LS/Home/Calendar/Calendar_Events/Calendar_Events_Creation/Appointment/Page_Calendar/Patien Name"), Keys.chord(ENTER)): Keys 'ENTER + ' sent to object: 'Object Repository/Specific Cases Repository/LS/Home/Calendar/Calendar_Events/Calendar_Events_Creation/Appointment/Page_Calendar/Patien Name'

21-11-2024T11:49:39 - [MESSAGE][PASSED] - Keys 'ENTER + ' sent to object: 'Object Repository/Specific Cases Repository/LS/Home/Calendar/Calendar_Events/Calendar_Events_Creation/Appointment/Page_Calendar/Patien Name'

21-11-2024T11:49:39 - [TEST_STEP][PASSED] - sendKeys(findTestObject("Object Repository/Specific Cases Repository/LS/Calendar/Calendar_Events/Calendar_Events_Creation/Appointment/Page_Calendar/input_Reminder_select2-search__field"), Keys.chord(ENTER)): Keys 'ENTER + ' sent to object: 'tempBody'

21-11-2024T11:49:39 - [MESSAGE][WARNING] - Test object with id 'Object Repository/Specific Cases Repository/LS/Calendar/Calendar_Events/Calendar_Events_Creation/Appointment/Page_Calendar/input_Reminder_select2-search__field' does not exist

21-11-2024T11:49:39 - [MESSAGE][WARNING] - Test object with id 'Object Repository/' does not exist

21-11-2024T11:49:40 - [MESSAGE][PASSED] - Keys 'ENTER + ' sent to object: 'tempBody'

21-11-2024T11:49:40 - [TEST_STEP][PASSED] - click(findTestObject("Object Repository/Specific Cases Repository/LS/Home/Calendar/Calendar_Events/Calendar_Events_Creation/Appointment/Page_Calendar/input_Title_title_")): Object: 'Object Repository/Specific Cases Repository/LS/Home/Calendar/Calendar_Events/Calendar_Events_Creation/Appointment/Page_Calendar/input_Title_title_' is clicked on

21-11-2024T11:49:40 - [MESSAGE][PASSED] - Object: 'Object Repository/Specific Cases Repository/LS/Home/Calendar/Calendar_Events/Calendar_Events_Creation/Appointment/Page_Calendar/input_Title_title_' is clicked on

21-11-2024T11:49:40 - [TEST_STEP][PASSED] - setText(findTestObject("Object Repository/Specific Cases Repository/LS/Home/Calendar/Calendar_Events/Calendar_Events_Creation/Appointment/Page_Calendar/input_Title_title_"), "Future Automation Test with B Automation, B Client MR# 24-11007: 5 Panel Drug Screen"): Text 'Future Automation Test with B Automation, B Client MR# 24-11007: 5 Panel Drug Screen' is set on object 'Object Repository/Specific Cases Repository/LS/Home/Calendar/Calendar_Events/Calendar_Events_Creation/Appointment/Page_Calendar/input_Title_title_'

21-11-2024T11:49:41 - [MESSAGE][PASSED] - Text 'Future Automation Test with B Automation, B Client MR# 24-11007: 5 Panel Drug Screen' is set on object 'Object Repository/Specific Cases Repository/LS/Home/Calendar/Calendar_Events/Calendar_Events_Creation/Appointment/Page_Calendar/input_Title_title_'

21-11-2024T11:49:41 - [TEST_STEP][PASSED] - click(findTestObject("Object Repository/Specific Cases Repository/LS/Home/Calendar/Calendar_Events/Calendar_Events_Creation/Appointment/Page_Calendar/Date")): Object: 'Object Repository/Specific Cases Repository/LS/Home/Calendar/Calendar_Events/Calendar_Events_Creation/Appointment/Page_Calendar/Date' is clicked on

21-11-2024T11:49:41 - [MESSAGE][PASSED] - Object: 'Object Repository/Specific Cases Repository/LS/Home/Calendar/Calendar_Events/Calendar_Events_Creation/Appointment/Page_Calendar/Date' is clicked on

21-11-2024T11:49:41 - [TEST_STEP][PASSED] - setText(findTestObject("Object Repository/Specific Cases Repository/LS/Home/Calendar/Calendar_Events/Calendar_Events_Creation/Appointment/Page_Calendar/Date"), Next_Week_Date): Text '11/28/2024' is set on object 'Object Repository/Specific Cases Repository/LS/Home/Calendar/Calendar_Events/Calendar_Events_Creation/Appointment/Page_Calendar/Date'

21-11-2024T11:49:42 - [MESSAGE][PASSED] - Text '11/28/2024' is set on object 'Object Repository/Specific Cases Repository/LS/Home/Calendar/Calendar_Events/Calendar_Events_Creation/Appointment/Page_Calendar/Date'

21-11-2024T11:49:42 - [TEST_STEP][PASSED] - click(findTestObject("Object Repository/Specific Cases Repository/LS/Home/Calendar/Calendar_Events/Calendar_Events_Creation/Appointment/Page_Calendar/Start Time Clock")): Object: 'Object Repository/Specific Cases Repository/LS/Home/Calendar/Calendar_Events/Calendar_Events_Creation/Appointment/Page_Calendar/Start Time Clock' is clicked on

21-11-2024T11:49:43 - [MESSAGE][PASSED] - Object: 'Object Repository/Specific Cases Repository/LS/Home/Calendar/Calendar_Events/Calendar_Events_Creation/Appointment/Page_Calendar/Start Time Clock' is clicked on

21-11-2024T11:49:43 - [TEST_STEP][PASSED] - setText(findTestObject("Object Repository/Specific Cases Repository/LS/Home/Calendar/Calendar_Events/Calendar_Events_Creation/Appointment/Page_Calendar/Start Time Clock"), "1500"): Text '1500' is set on object 'Object Repository/Specific Cases Repository/LS/Home/Calendar/Calendar_Events/Calendar_Events_Creation/Appointment/Page_Calendar/Start Time Clock'

21-11-2024T11:49:44 - [MESSAGE][PASSED] - Text '1500' is set on object 'Object Repository/Specific Cases Repository/LS/Home/Calendar/Calendar_Events/Calendar_Events_Creation/Appointment/Page_Calendar/Start Time Clock'

21-11-2024T11:49:44 - [TEST_STEP][PASSED] - click(findTestObject("Object Repository/Specific Cases Repository/LS/Home/Calendar/Calendar_Events/Calendar_Events_Creation/Appointment/Page_Calendar/End Time Clock")): Object: 'Object Repository/Specific Cases Repository/LS/Home/Calendar/Calendar_Events/Calendar_Events_Creation/Appointment/Page_Calendar/End Time Clock' is clicked on

21-11-2024T11:49:45 - [MESSAGE][PASSED] - Object: 'Object Repository/Specific Cases Repository/LS/Home/Calendar/Calendar_Events/Calendar_Events_Creation/Appointment/Page_Calendar/End Time Clock' is clicked on

21-11-2024T11:49:45 - [TEST_STEP][PASSED] - setText(findTestObject("Object Repository/Specific Cases Repository/LS/Home/Calendar/Calendar_Events/Calendar_Events_Creation/Appointment/Page_Calendar/End Time Clock"), "1600"): Text '1600' is set on object 'Object Repository/Specific Cases Repository/LS/Home/Calendar/Calendar_Events/Calendar_Events_Creation/Appointment/Page_Calendar/End Time Clock'

21-11-2024T11:49:46 - [MESSAGE][PASSED] - Text '1600' is set on object 'Object Repository/Specific Cases Repository/LS/Home/Calendar/Calendar_Events/Calendar_Events_Creation/Appointment/Page_Calendar/End Time Clock'

21-11-2024T11:49:46 - [TEST_STEP][PASSED] - setText(findTestObject("Object Repository/Specific Cases Repository/LS/Home/Calendar/Calendar_Events/Calendar_Events_Creation/Appointment/Page_Calendar/input_Notes_notes"), "Automation Future Test Note"): Text 'Automation Future Test Note' is set on object 'Object Repository/Specific Cases Repository/LS/Home/Calendar/Calendar_Events/Calendar_Events_Creation/Appointment/Page_Calendar/input_Notes_notes'

21-11-2024T11:49:47 - [MESSAGE][PASSED] - Text 'Automation Future Test Note' is set on object 'Object Repository/Specific Cases Repository/LS/Home/Calendar/Calendar_Events/Calendar_Events_Creation/Appointment/Page_Calendar/input_Notes_notes'

21-11-2024T11:49:47 - [TEST_STEP][PASSED] - scrollToElement(findTestObject("Object Repository/Specific Cases Repository/LS/Home/Calendar/Calendar_Events/Calendar_Events_Creation/Appointment/Page_Calendar/a_Save"), 0): Scroll to object 'Object Repository/Specific Cases Repository/LS/Home/Calendar/Calendar_Events/Calendar_Events_Creation/Appointment/Page_Calendar/a_Save' successfully

21-11-2024T11:49:47 - [MESSAGE][WARNING] - Timeout '0' is invalid. Using default page load timeout: '30'

21-11-2024T11:49:47 - [MESSAGE][PASSED] - Scroll to object 'Object Repository/Specific Cases Repository/LS/Home/Calendar/Calendar_Events/Calendar_Events_Creation/Appointment/Page_Calendar/a_Save' successfully

21-11-2024T11:49:47 - [TEST_STEP][PASSED] - click(findTestObject("Object Repository/Specific Cases Repository/LS/Home/Calendar/Calendar_Events/Calendar_Events_Creation/Appointment/Page_Calendar/a_Save")): Object: 'Object Repository/Specific Cases Repository/LS/Home/Calendar/Calendar_Events/Calendar_Events_Creation/Appointment/Page_Calendar/a_Save' is clicked on

21-11-2024T11:49:47 - [MESSAGE][PASSED] - Object: 'Object Repository/Specific Cases Repository/LS/Home/Calendar/Calendar_Events/Calendar_Events_Creation/Appointment/Page_Calendar/a_Save' is clicked on

21-11-2024T11:49:47 - [TEST_STEP][PASSED] - click(findTestObject("Object Repository/Specific Cases Repository/LS/Home/Calendar/Calendar_Events/Calendar_Events_Creation/Appointment/Page_Calendar/Next Week Arrow")): Object: 'Object Repository/Specific Cases Repository/LS/Home/Calendar/Calendar_Events/Calendar_Events_Creation/Appointment/Page_Calendar/Next Week Arrow' is clicked on

21-11-2024T11:49:49 - [MESSAGE][PASSED] - Object: 'Object Repository/Specific Cases Repository/LS/Home/Calendar/Calendar_Events/Calendar_Events_Creation/Appointment/Page_Calendar/Next Week Arrow' is clicked on

21-11-2024T11:49:49 - [TEST_STEP][PASSED] - scrollToElement(findTestObject("Object Repository/Specific Cases Repository/LS/Home/Calendar/Calendar_Events/Calendar_Events_Creation/Appointment/Page_Calendar/a_Automation Test with A Automation, A Clie_8f5a4c - Future"), 0): Scroll to object 'Object Repository/Specific Cases Repository/LS/Home/Calendar/Calendar_Events/Calendar_Events_Creation/Appointment/Page_Calendar/a_Automation Test with A Automation, A Clie_8f5a4c - Future' successfully

21-11-2024T11:49:49 - [MESSAGE][WARNING] - Timeout '0' is invalid. Using default page load timeout: '30'

21-11-2024T11:49:50 - [MESSAGE][PASSED] - Scroll to object 'Object Repository/Specific Cases Repository/LS/Home/Calendar/Calendar_Events/Calendar_Events_Creation/Appointment/Page_Calendar/a_Automation Test with A Automation, A Clie_8f5a4c - Future' successfully

21-11-2024T11:49:50 - [TEST_STEP][PASSED] - mouseOver(findTestObject("Object Repository/Specific Cases Repository/LS/Home/Calendar/Calendar_Events/Calendar_Events_Creation/Appointment/Page_Calendar/a_Automation Test with A Automation, A Clie_8f5a4c - Future")): Object: 'Object Repository/Specific Cases Repository/LS/Home/Calendar/Calendar_Events/Calendar_Events_Creation/Appointment/Page_Calendar/a_Automation Test with A Automation, A Clie_8f5a4c - Future' is hovered

21-11-2024T11:49:51 - [MESSAGE][PASSED] - Object: 'Object Repository/Specific Cases Repository/LS/Home/Calendar/Calendar_Events/Calendar_Events_Creation/Appointment/Page_Calendar/a_Automation Test with A Automation, A Clie_8f5a4c - Future' is hovered

21-11-2024T11:49:51 - [TEST_STEP][PASSED] - click(findTestObject("Object Repository/Specific Cases Repository/LS/Home/Calendar/Calendar_Events/Calendar_Events_Creation/Appointment/Page_Calendar/a_Automation Test with A Automation, A Clie_8f5a4c - Future")): Object: 'Object Repository/Specific Cases Repository/LS/Home/Calendar/Calendar_Events/Calendar_Events_Creation/Appointment/Page_Calendar/a_Automation Test with A Automation, A Clie_8f5a4c - Future' is clicked on

21-11-2024T11:49:51 - [MESSAGE][PASSED] - Object: 'Object Repository/Specific Cases Repository/LS/Home/Calendar/Calendar_Events/Calendar_Events_Creation/Appointment/Page_Calendar/a_Automation Test with A Automation, A Clie_8f5a4c - Future' is clicked on

21-11-2024T11:49:51 - [TEST_STEP][PASSED] - closeBrowser(): Browser is closed

21-11-2024T11:49:52 - [MESSAGE][PASSED] - Browser is closed]]></system-out>
         <system-err><![CDATA[]]></system-err>
      </testcase>
      <testcase name="Test Cases/Specific Cases/LS/General/Calendar/Events_Creation/Future Events Creation/Future_Calendar_Block" time="31.219" classname="Test Cases/Specific Cases/LS/General/Calendar/Events_Creation/Future Events Creation/Future_Calendar_Block" status="PASSED">
         <system-out><![CDATA[21-11-2024T11:49:52 - [TEST_CASE][PASSED] - Test Cases/Specific Cases/LS/General/Calendar/Events_Creation/Future Events Creation/Future_Calendar_Block: Test Cases/Specific Cases/LS/General/Calendar/Events_Creation/Future Events Creation/Future_Calendar_Block

21-11-2024T11:49:52 - [TEST_STEP][PASSED] - callTestCase(findTestCase("Common Cases/Login"), [:], STOP_ON_FAILURE): Call Test Case 'Test Cases/Common Cases/Login' successfully

21-11-2024T11:49:52 - [TEST_CASE][PASSED] - Test Cases/Common Cases/Login: Test Cases/Common Cases/Login

21-11-2024T11:49:52 - [TEST_STEP][PASSED] - openBrowser(""): Browser is opened with url: ''

21-11-2024T11:49:52 - [MESSAGE][INFO] - Starting 'Chrome' driver

21-11-2024T11:49:52 - [MESSAGE][INFO] - Action delay is set to 0 milliseconds

21-11-2024T11:49:53 - [MESSAGE][PASSED] - Browser is opened with url: ''

21-11-2024T11:49:53 - [TEST_STEP][PASSED] - maximizeWindow(): Current window maximized

21-11-2024T11:49:53 - [MESSAGE][PASSED] - Current window maximized

21-11-2024T11:49:53 - [TEST_STEP][PASSED] - navigateToUrl("https://site17.lsapp.cloud/auth/login"): Navigate to 'https://site17.lsapp.cloud/auth/login' successfully

21-11-2024T11:49:54 - [MESSAGE][PASSED] - Navigate to 'https://site17.lsapp.cloud/auth/login' successfully

21-11-2024T11:49:54 - [TEST_STEP][PASSED] - setText(findTestObject("Object Repository/Common Cases Repository/Login/Page_Lightning Step/input_Email_email"), "automation@lightningstep.com"): Text 'automation@lightningstep.com' is set on object 'Object Repository/Common Cases Repository/Login/Page_Lightning Step/input_Email_email'

21-11-2024T11:49:57 - [MESSAGE][PASSED] - Text 'automation@lightningstep.com' is set on object 'Object Repository/Common Cases Repository/Login/Page_Lightning Step/input_Email_email'

21-11-2024T11:49:57 - [TEST_STEP][PASSED] - setEncryptedText(findTestObject("Object Repository/Common Cases Repository/Login/Page_Lightning Step/input_Password_password"), "e5N8VHmnhJDITtQaQhDQDw=="): Text ****** has been set on object 'Object Repository/Common Cases Repository/Login/Page_Lightning Step/input_Password_password'

21-11-2024T11:49:57 - [MESSAGE][PASSED] - Text ****** has been set on object 'Object Repository/Common Cases Repository/Login/Page_Lightning Step/input_Password_password'

21-11-2024T11:49:57 - [TEST_STEP][PASSED] - click(findTestObject("Object Repository/Common Cases Repository/Login/Page_Lightning Step/button_Sign in")): Object: 'Object Repository/Common Cases Repository/Login/Page_Lightning Step/button_Sign in' is clicked on

21-11-2024T11:50:06 - [MESSAGE][PASSED] - Object: 'Object Repository/Common Cases Repository/Login/Page_Lightning Step/button_Sign in' is clicked on

21-11-2024T11:50:06 - [MESSAGE][PASSED] - Call Test Case 'Test Cases/Common Cases/Login' successfully

21-11-2024T11:50:06 - [TEST_STEP][PASSED] - click(findTestObject("Object Repository/Specific Cases Repository/LS/Home/Calendar/Calendar_Events/Calendar_Events_Creation/Block/Page_Home/a_Calendar")): Object: 'Object Repository/Specific Cases Repository/LS/Home/Calendar/Calendar_Events/Calendar_Events_Creation/Block/Page_Home/a_Calendar' is clicked on

21-11-2024T11:50:11 - [MESSAGE][PASSED] - Object: 'Object Repository/Specific Cases Repository/LS/Home/Calendar/Calendar_Events/Calendar_Events_Creation/Block/Page_Home/a_Calendar' is clicked on

21-11-2024T11:50:11 - [TEST_STEP][PASSED] - click(findTestObject("Object Repository/Specific Cases Repository/LS/Home/Calendar/Calendar_Events/Calendar_Events_Creation/Appointment/Page_Calendar/div_Week")): Object: 'Object Repository/Specific Cases Repository/LS/Home/Calendar/Calendar_Events/Calendar_Events_Creation/Appointment/Page_Calendar/div_Week' is clicked on

21-11-2024T11:50:12 - [MESSAGE][PASSED] - Object: 'Object Repository/Specific Cases Repository/LS/Home/Calendar/Calendar_Events/Calendar_Events_Creation/Appointment/Page_Calendar/div_Week' is clicked on

21-11-2024T11:50:12 - [TEST_STEP][PASSED] - click(findTestObject("Object Repository/Specific Cases Repository/LS/Home/Calendar/Calendar_Events/Calendar_Events_Creation/Block/Page_Calendar/button_Create new")): Object: 'Object Repository/Specific Cases Repository/LS/Home/Calendar/Calendar_Events/Calendar_Events_Creation/Block/Page_Calendar/button_Create new' is clicked on

21-11-2024T11:50:12 - [MESSAGE][PASSED] - Object: 'Object Repository/Specific Cases Repository/LS/Home/Calendar/Calendar_Events/Calendar_Events_Creation/Block/Page_Calendar/button_Create new' is clicked on

21-11-2024T11:50:12 - [TEST_STEP][PASSED] - click(findTestObject("Object Repository/Specific Cases Repository/LS/Home/Calendar/Calendar_Events/Calendar_Events_Creation/Block/Page_Calendar/label_Block")): Object: 'Object Repository/Specific Cases Repository/LS/Home/Calendar/Calendar_Events/Calendar_Events_Creation/Block/Page_Calendar/label_Block' is clicked on

21-11-2024T11:50:14 - [MESSAGE][PASSED] - Object: 'Object Repository/Specific Cases Repository/LS/Home/Calendar/Calendar_Events/Calendar_Events_Creation/Block/Page_Calendar/label_Block' is clicked on

21-11-2024T11:50:14 - [TEST_STEP][PASSED] - setText(findTestObject("Object Repository/Specific Cases Repository/LS/Home/Calendar/Calendar_Events/Calendar_Events_Creation/Block/Page_Calendar/input_Title_title_"), "Future Automation Block"): Text 'Future Automation Block' is set on object 'Object Repository/Specific Cases Repository/LS/Home/Calendar/Calendar_Events/Calendar_Events_Creation/Block/Page_Calendar/input_Title_title_'

21-11-2024T11:50:15 - [MESSAGE][PASSED] - Text 'Future Automation Block' is set on object 'Object Repository/Specific Cases Repository/LS/Home/Calendar/Calendar_Events/Calendar_Events_Creation/Block/Page_Calendar/input_Title_title_'

21-11-2024T11:50:15 - [TEST_STEP][PASSED] - click(findTestObject("Object Repository/Specific Cases Repository/LS/Home/Calendar/Calendar_Events/Calendar_Events_Creation/Appointment/Page_Calendar/Date")): Object: 'Object Repository/Specific Cases Repository/LS/Home/Calendar/Calendar_Events/Calendar_Events_Creation/Appointment/Page_Calendar/Date' is clicked on

21-11-2024T11:50:15 - [MESSAGE][PASSED] - Object: 'Object Repository/Specific Cases Repository/LS/Home/Calendar/Calendar_Events/Calendar_Events_Creation/Appointment/Page_Calendar/Date' is clicked on

21-11-2024T11:50:15 - [TEST_STEP][PASSED] - setText(findTestObject("Object Repository/Specific Cases Repository/LS/Home/Calendar/Calendar_Events/Calendar_Events_Creation/Appointment/Page_Calendar/Date"), Next_Week_Date): Text '11/28/2024' is set on object 'Object Repository/Specific Cases Repository/LS/Home/Calendar/Calendar_Events/Calendar_Events_Creation/Appointment/Page_Calendar/Date'

21-11-2024T11:50:16 - [MESSAGE][PASSED] - Text '11/28/2024' is set on object 'Object Repository/Specific Cases Repository/LS/Home/Calendar/Calendar_Events/Calendar_Events_Creation/Appointment/Page_Calendar/Date'

21-11-2024T11:50:16 - [TEST_STEP][PASSED] - click(findTestObject("Object Repository/Specific Cases Repository/LS/Home/Calendar/Calendar_Events/Calendar_Events_Creation/Appointment/Page_Calendar/Start Time Clock")): Object: 'Object Repository/Specific Cases Repository/LS/Home/Calendar/Calendar_Events/Calendar_Events_Creation/Appointment/Page_Calendar/Start Time Clock' is clicked on

21-11-2024T11:50:17 - [MESSAGE][PASSED] - Object: 'Object Repository/Specific Cases Repository/LS/Home/Calendar/Calendar_Events/Calendar_Events_Creation/Appointment/Page_Calendar/Start Time Clock' is clicked on

21-11-2024T11:50:17 - [TEST_STEP][PASSED] - setText(findTestObject("Object Repository/Specific Cases Repository/LS/Home/Calendar/Calendar_Events/Calendar_Events_Creation/Appointment/Page_Calendar/Start Time Clock"), "1600"): Text '1600' is set on object 'Object Repository/Specific Cases Repository/LS/Home/Calendar/Calendar_Events/Calendar_Events_Creation/Appointment/Page_Calendar/Start Time Clock'

21-11-2024T11:50:18 - [MESSAGE][PASSED] - Text '1600' is set on object 'Object Repository/Specific Cases Repository/LS/Home/Calendar/Calendar_Events/Calendar_Events_Creation/Appointment/Page_Calendar/Start Time Clock'

21-11-2024T11:50:18 - [TEST_STEP][PASSED] - click(findTestObject("Object Repository/Specific Cases Repository/LS/Home/Calendar/Calendar_Events/Calendar_Events_Creation/Block/Page_Calendar/div_Schedule                               _3f20bf")): Object: 'Object Repository/Specific Cases Repository/LS/Home/Calendar/Calendar_Events/Calendar_Events_Creation/Block/Page_Calendar/div_Schedule                               _3f20bf' is clicked on

21-11-2024T11:50:18 - [MESSAGE][PASSED] - Object: 'Object Repository/Specific Cases Repository/LS/Home/Calendar/Calendar_Events/Calendar_Events_Creation/Block/Page_Calendar/div_Schedule                               _3f20bf' is clicked on

21-11-2024T11:50:18 - [TEST_STEP][PASSED] - setText(findTestObject("Object Repository/Specific Cases Repository/LS/Home/Calendar/Calendar_Events/Calendar_Events_Creation/Block/Page_Calendar/input_Notes_notes"), "Future Automation Block Note"): Text 'Future Automation Block Note' is set on object 'Object Repository/Specific Cases Repository/LS/Home/Calendar/Calendar_Events/Calendar_Events_Creation/Block/Page_Calendar/input_Notes_notes'

21-11-2024T11:50:19 - [MESSAGE][PASSED] - Text 'Future Automation Block Note' is set on object 'Object Repository/Specific Cases Repository/LS/Home/Calendar/Calendar_Events/Calendar_Events_Creation/Block/Page_Calendar/input_Notes_notes'

21-11-2024T11:50:19 - [TEST_STEP][PASSED] - click(findTestObject("Object Repository/Specific Cases Repository/LS/Home/Calendar/Calendar_Events/Calendar_Events_Creation/Block/Page_Calendar/a_Save")): Object: 'Object Repository/Specific Cases Repository/LS/Home/Calendar/Calendar_Events/Calendar_Events_Creation/Block/Page_Calendar/a_Save' is clicked on

21-11-2024T11:50:19 - [MESSAGE][PASSED] - Object: 'Object Repository/Specific Cases Repository/LS/Home/Calendar/Calendar_Events/Calendar_Events_Creation/Block/Page_Calendar/a_Save' is clicked on

21-11-2024T11:50:19 - [TEST_STEP][PASSED] - click(findTestObject("Specific Cases Repository/LS/Home/Calendar/Calendar_Events/Calendar_Events_Creation/Appointment/Page_Calendar/Next Week Arrow")): Object: 'Object Repository/Specific Cases Repository/LS/Home/Calendar/Calendar_Events/Calendar_Events_Creation/Appointment/Page_Calendar/Next Week Arrow' is clicked on

21-11-2024T11:50:21 - [MESSAGE][PASSED] - Object: 'Object Repository/Specific Cases Repository/LS/Home/Calendar/Calendar_Events/Calendar_Events_Creation/Appointment/Page_Calendar/Next Week Arrow' is clicked on

21-11-2024T11:50:21 - [TEST_STEP][PASSED] - mouseOver(findTestObject("Specific Cases Repository/LS/Home/Calendar/Calendar_Events/Calendar_Events_Creation/Block/Page_Calendar/a_Blocked for Automation Block - Future")): Object: 'Object Repository/Specific Cases Repository/LS/Home/Calendar/Calendar_Events/Calendar_Events_Creation/Block/Page_Calendar/a_Blocked for Automation Block - Future' is hovered

21-11-2024T11:50:22 - [MESSAGE][PASSED] - Object: 'Object Repository/Specific Cases Repository/LS/Home/Calendar/Calendar_Events/Calendar_Events_Creation/Block/Page_Calendar/a_Blocked for Automation Block - Future' is hovered

21-11-2024T11:50:22 - [TEST_STEP][PASSED] - verifyElementText(findTestObject("Specific Cases Repository/LS/Home/Calendar/Calendar_Events/Calendar_Events_Creation/Block/Page_Calendar/span_Blocked for Future Automation Block"), "Blocked for: Future Automation Block"): Actual text and expected text of test object 'Object Repository/Specific Cases Repository/LS/Home/Calendar/Calendar_Events/Calendar_Events_Creation/Block/Page_Calendar/span_Blocked for Future Automation Block' are matched.

21-11-2024T11:50:22 - [MESSAGE][PASSED] - Actual text and expected text of test object 'Object Repository/Specific Cases Repository/LS/Home/Calendar/Calendar_Events/Calendar_Events_Creation/Block/Page_Calendar/span_Blocked for Future Automation Block' are matched.

21-11-2024T11:50:22 - [TEST_STEP][PASSED] - closeBrowser(): Browser is closed

21-11-2024T11:50:23 - [MESSAGE][PASSED] - Browser is closed]]></system-out>
         <system-err><![CDATA[]]></system-err>
      </testcase>
      <testcase name="Test Cases/Specific Cases/LS/General/Calendar/Events_Creation/Future Events Creation/Future_Calendar_Event" time="32.697" classname="Test Cases/Specific Cases/LS/General/Calendar/Events_Creation/Future Events Creation/Future_Calendar_Event" status="PASSED">
         <system-out><![CDATA[21-11-2024T11:50:23 - [TEST_CASE][PASSED] - Test Cases/Specific Cases/LS/General/Calendar/Events_Creation/Future Events Creation/Future_Calendar_Event: Test Cases/Specific Cases/LS/General/Calendar/Events_Creation/Future Events Creation/Future_Calendar_Event

21-11-2024T11:50:23 - [TEST_STEP][PASSED] - callTestCase(findTestCase("Common Cases/Login"), [:], STOP_ON_FAILURE): Call Test Case 'Test Cases/Common Cases/Login' successfully

21-11-2024T11:50:23 - [TEST_CASE][PASSED] - Test Cases/Common Cases/Login: Test Cases/Common Cases/Login

21-11-2024T11:50:23 - [TEST_STEP][PASSED] - openBrowser(""): Browser is opened with url: ''

21-11-2024T11:50:23 - [MESSAGE][INFO] - Starting 'Chrome' driver

21-11-2024T11:50:23 - [MESSAGE][INFO] - Action delay is set to 0 milliseconds

21-11-2024T11:50:24 - [MESSAGE][PASSED] - Browser is opened with url: ''

21-11-2024T11:50:24 - [TEST_STEP][PASSED] - maximizeWindow(): Current window maximized

21-11-2024T11:50:24 - [MESSAGE][PASSED] - Current window maximized

21-11-2024T11:50:24 - [TEST_STEP][PASSED] - navigateToUrl("https://site17.lsapp.cloud/auth/login"): Navigate to 'https://site17.lsapp.cloud/auth/login' successfully

21-11-2024T11:50:27 - [MESSAGE][PASSED] - Navigate to 'https://site17.lsapp.cloud/auth/login' successfully

21-11-2024T11:50:27 - [TEST_STEP][PASSED] - setText(findTestObject("Object Repository/Common Cases Repository/Login/Page_Lightning Step/input_Email_email"), "automation@lightningstep.com"): Text 'automation@lightningstep.com' is set on object 'Object Repository/Common Cases Repository/Login/Page_Lightning Step/input_Email_email'

21-11-2024T11:50:27 - [MESSAGE][PASSED] - Text 'automation@lightningstep.com' is set on object 'Object Repository/Common Cases Repository/Login/Page_Lightning Step/input_Email_email'

21-11-2024T11:50:27 - [TEST_STEP][PASSED] - setEncryptedText(findTestObject("Object Repository/Common Cases Repository/Login/Page_Lightning Step/input_Password_password"), "e5N8VHmnhJDITtQaQhDQDw=="): Text ****** has been set on object 'Object Repository/Common Cases Repository/Login/Page_Lightning Step/input_Password_password'

21-11-2024T11:50:28 - [MESSAGE][PASSED] - Text ****** has been set on object 'Object Repository/Common Cases Repository/Login/Page_Lightning Step/input_Password_password'

21-11-2024T11:50:28 - [TEST_STEP][PASSED] - click(findTestObject("Object Repository/Common Cases Repository/Login/Page_Lightning Step/button_Sign in")): Object: 'Object Repository/Common Cases Repository/Login/Page_Lightning Step/button_Sign in' is clicked on

21-11-2024T11:50:37 - [MESSAGE][PASSED] - Object: 'Object Repository/Common Cases Repository/Login/Page_Lightning Step/button_Sign in' is clicked on

21-11-2024T11:50:37 - [MESSAGE][PASSED] - Call Test Case 'Test Cases/Common Cases/Login' successfully

21-11-2024T11:50:37 - [TEST_STEP][PASSED] - click(findTestObject("Object Repository/Specific Cases Repository/LS/Home/Calendar/Calendar_Events/Calendar_Events_Creation/Event/Page_Home/a_Calendar")): Object: 'Object Repository/Specific Cases Repository/LS/Home/Calendar/Calendar_Events/Calendar_Events_Creation/Event/Page_Home/a_Calendar' is clicked on

21-11-2024T11:50:43 - [MESSAGE][PASSED] - Object: 'Object Repository/Specific Cases Repository/LS/Home/Calendar/Calendar_Events/Calendar_Events_Creation/Event/Page_Home/a_Calendar' is clicked on

21-11-2024T11:50:43 - [TEST_STEP][PASSED] - click(findTestObject("Object Repository/Specific Cases Repository/LS/Home/Calendar/Calendar_Events/Calendar_Events_Creation/Appointment/Page_Calendar/div_Week")): Object: 'Object Repository/Specific Cases Repository/LS/Home/Calendar/Calendar_Events/Calendar_Events_Creation/Appointment/Page_Calendar/div_Week' is clicked on

21-11-2024T11:50:44 - [MESSAGE][PASSED] - Object: 'Object Repository/Specific Cases Repository/LS/Home/Calendar/Calendar_Events/Calendar_Events_Creation/Appointment/Page_Calendar/div_Week' is clicked on

21-11-2024T11:50:44 - [TEST_STEP][PASSED] - click(findTestObject("Object Repository/Specific Cases Repository/LS/Home/Calendar/Calendar_Events/Calendar_Events_Creation/Event/Page_Calendar/button_Create new")): Object: 'Object Repository/Specific Cases Repository/LS/Home/Calendar/Calendar_Events/Calendar_Events_Creation/Event/Page_Calendar/button_Create new' is clicked on

21-11-2024T11:50:44 - [MESSAGE][PASSED] - Object: 'Object Repository/Specific Cases Repository/LS/Home/Calendar/Calendar_Events/Calendar_Events_Creation/Event/Page_Calendar/button_Create new' is clicked on

21-11-2024T11:50:44 - [TEST_STEP][PASSED] - click(findTestObject("Object Repository/Specific Cases Repository/LS/Home/Calendar/Calendar_Events/Calendar_Events_Creation/Event/Page_Calendar/label_Event")): Object: 'Object Repository/Specific Cases Repository/LS/Home/Calendar/Calendar_Events/Calendar_Events_Creation/Event/Page_Calendar/label_Event' is clicked on

21-11-2024T11:50:45 - [MESSAGE][PASSED] - Object: 'Object Repository/Specific Cases Repository/LS/Home/Calendar/Calendar_Events/Calendar_Events_Creation/Event/Page_Calendar/label_Event' is clicked on

21-11-2024T11:50:45 - [TEST_STEP][PASSED] - setText(findTestObject("Object Repository/Specific Cases Repository/LS/Home/Calendar/Calendar_Events/Calendar_Events_Creation/Event/Page_Calendar/input_Title_title_"), "Future Automation Event"): Text 'Future Automation Event' is set on object 'Object Repository/Specific Cases Repository/LS/Home/Calendar/Calendar_Events/Calendar_Events_Creation/Event/Page_Calendar/input_Title_title_'

21-11-2024T11:50:47 - [MESSAGE][PASSED] - Text 'Future Automation Event' is set on object 'Object Repository/Specific Cases Repository/LS/Home/Calendar/Calendar_Events/Calendar_Events_Creation/Event/Page_Calendar/input_Title_title_'

21-11-2024T11:50:47 - [TEST_STEP][PASSED] - click(findTestObject("Object Repository/Specific Cases Repository/LS/Home/Calendar/Calendar_Events/Calendar_Events_Creation/Appointment/Page_Calendar/Date")): Object: 'Object Repository/Specific Cases Repository/LS/Home/Calendar/Calendar_Events/Calendar_Events_Creation/Appointment/Page_Calendar/Date' is clicked on

21-11-2024T11:50:47 - [MESSAGE][PASSED] - Object: 'Object Repository/Specific Cases Repository/LS/Home/Calendar/Calendar_Events/Calendar_Events_Creation/Appointment/Page_Calendar/Date' is clicked on

21-11-2024T11:50:47 - [TEST_STEP][PASSED] - setText(findTestObject("Object Repository/Specific Cases Repository/LS/Home/Calendar/Calendar_Events/Calendar_Events_Creation/Appointment/Page_Calendar/Date"), Next_Week_Date): Text '11/28/2024' is set on object 'Object Repository/Specific Cases Repository/LS/Home/Calendar/Calendar_Events/Calendar_Events_Creation/Appointment/Page_Calendar/Date'

21-11-2024T11:50:48 - [MESSAGE][PASSED] - Text '11/28/2024' is set on object 'Object Repository/Specific Cases Repository/LS/Home/Calendar/Calendar_Events/Calendar_Events_Creation/Appointment/Page_Calendar/Date'

21-11-2024T11:50:48 - [TEST_STEP][PASSED] - click(findTestObject("Object Repository/Specific Cases Repository/LS/Home/Calendar/Calendar_Events/Calendar_Events_Creation/Appointment/Page_Calendar/Start Time Clock")): Object: 'Object Repository/Specific Cases Repository/LS/Home/Calendar/Calendar_Events/Calendar_Events_Creation/Appointment/Page_Calendar/Start Time Clock' is clicked on

21-11-2024T11:50:49 - [MESSAGE][PASSED] - Object: 'Object Repository/Specific Cases Repository/LS/Home/Calendar/Calendar_Events/Calendar_Events_Creation/Appointment/Page_Calendar/Start Time Clock' is clicked on

21-11-2024T11:50:49 - [TEST_STEP][PASSED] - setText(findTestObject("Object Repository/Specific Cases Repository/LS/Home/Calendar/Calendar_Events/Calendar_Events_Creation/Appointment/Page_Calendar/Start Time Clock"), "1400"): Text '1400' is set on object 'Object Repository/Specific Cases Repository/LS/Home/Calendar/Calendar_Events/Calendar_Events_Creation/Appointment/Page_Calendar/Start Time Clock'

21-11-2024T11:50:50 - [MESSAGE][PASSED] - Text '1400' is set on object 'Object Repository/Specific Cases Repository/LS/Home/Calendar/Calendar_Events/Calendar_Events_Creation/Appointment/Page_Calendar/Start Time Clock'

21-11-2024T11:50:50 - [TEST_STEP][PASSED] - click(findTestObject("Object Repository/Specific Cases Repository/LS/Home/Calendar/Calendar_Events/Calendar_Events_Creation/Event/Page_Calendar/div_Schedule                               _3f20bf")): Object: 'Object Repository/Specific Cases Repository/LS/Home/Calendar/Calendar_Events/Calendar_Events_Creation/Event/Page_Calendar/div_Schedule                               _3f20bf' is clicked on

21-11-2024T11:50:51 - [MESSAGE][PASSED] - Object: 'Object Repository/Specific Cases Repository/LS/Home/Calendar/Calendar_Events/Calendar_Events_Creation/Event/Page_Calendar/div_Schedule                               _3f20bf' is clicked on

21-11-2024T11:50:51 - [TEST_STEP][PASSED] - setText(findTestObject("Object Repository/Specific Cases Repository/LS/Home/Calendar/Calendar_Events/Calendar_Events_Creation/Event/Page_Calendar/input_Notes_notes"), "Future Automation Event Note"): Text 'Future Automation Event Note' is set on object 'Object Repository/Specific Cases Repository/LS/Home/Calendar/Calendar_Events/Calendar_Events_Creation/Event/Page_Calendar/input_Notes_notes'

21-11-2024T11:50:51 - [MESSAGE][PASSED] - Text 'Future Automation Event Note' is set on object 'Object Repository/Specific Cases Repository/LS/Home/Calendar/Calendar_Events/Calendar_Events_Creation/Event/Page_Calendar/input_Notes_notes'

21-11-2024T11:50:51 - [TEST_STEP][PASSED] - click(findTestObject("Object Repository/Specific Cases Repository/LS/Home/Calendar/Calendar_Events/Calendar_Events_Creation/Event/Page_Calendar/a_Save")): Object: 'Object Repository/Specific Cases Repository/LS/Home/Calendar/Calendar_Events/Calendar_Events_Creation/Event/Page_Calendar/a_Save' is clicked on

21-11-2024T11:50:52 - [MESSAGE][PASSED] - Object: 'Object Repository/Specific Cases Repository/LS/Home/Calendar/Calendar_Events/Calendar_Events_Creation/Event/Page_Calendar/a_Save' is clicked on

21-11-2024T11:50:52 - [TEST_STEP][PASSED] - click(findTestObject("Specific Cases Repository/LS/Home/Calendar/Calendar_Events/Calendar_Events_Creation/Appointment/Page_Calendar/Next Week Arrow")): Object: 'Object Repository/Specific Cases Repository/LS/Home/Calendar/Calendar_Events/Calendar_Events_Creation/Appointment/Page_Calendar/Next Week Arrow' is clicked on

21-11-2024T11:50:53 - [MESSAGE][PASSED] - Object: 'Object Repository/Specific Cases Repository/LS/Home/Calendar/Calendar_Events/Calendar_Events_Creation/Appointment/Page_Calendar/Next Week Arrow' is clicked on

21-11-2024T11:50:53 - [TEST_STEP][PASSED] - scrollToElement(findTestObject("Specific Cases Repository/LS/Home/Calendar/Calendar_Events/Calendar_Events_Creation/Event/Page_Calendar/a_Automation Event - Future"), 0): Scroll to object 'Object Repository/Specific Cases Repository/LS/Home/Calendar/Calendar_Events/Calendar_Events_Creation/Event/Page_Calendar/a_Automation Event - Future' successfully

21-11-2024T11:50:53 - [MESSAGE][WARNING] - Timeout '0' is invalid. Using default page load timeout: '30'

21-11-2024T11:50:54 - [MESSAGE][PASSED] - Scroll to object 'Object Repository/Specific Cases Repository/LS/Home/Calendar/Calendar_Events/Calendar_Events_Creation/Event/Page_Calendar/a_Automation Event - Future' successfully

21-11-2024T11:50:54 - [TEST_STEP][PASSED] - mouseOver(findTestObject("Specific Cases Repository/LS/Home/Calendar/Calendar_Events/Calendar_Events_Creation/Event/Page_Calendar/a_Automation Event - Future")): Object: 'Object Repository/Specific Cases Repository/LS/Home/Calendar/Calendar_Events/Calendar_Events_Creation/Event/Page_Calendar/a_Automation Event - Future' is hovered

21-11-2024T11:50:55 - [MESSAGE][PASSED] - Object: 'Object Repository/Specific Cases Repository/LS/Home/Calendar/Calendar_Events/Calendar_Events_Creation/Event/Page_Calendar/a_Automation Event - Future' is hovered

21-11-2024T11:50:55 - [TEST_STEP][PASSED] - verifyElementText(findTestObject("Specific Cases Repository/LS/Home/Calendar/Calendar_Events/Calendar_Events_Creation/Event/Page_Calendar/span_Automation Event - Future"), "Future Automation Event"): Actual text and expected text of test object 'Object Repository/Specific Cases Repository/LS/Home/Calendar/Calendar_Events/Calendar_Events_Creation/Event/Page_Calendar/span_Automation Event - Future' are matched.

21-11-2024T11:50:55 - [MESSAGE][PASSED] - Actual text and expected text of test object 'Object Repository/Specific Cases Repository/LS/Home/Calendar/Calendar_Events/Calendar_Events_Creation/Event/Page_Calendar/span_Automation Event - Future' are matched.

21-11-2024T11:50:55 - [TEST_STEP][PASSED] - closeBrowser(): Browser is closed

21-11-2024T11:50:55 - [MESSAGE][PASSED] - Browser is closed]]></system-out>
         <system-err><![CDATA[]]></system-err>
      </testcase>
      <testcase name="Test Cases/Specific Cases/LS/General/Calendar/Events_Creation/Future Events Creation/Future_Calendar_Groups" time="51.149" classname="Test Cases/Specific Cases/LS/General/Calendar/Events_Creation/Future Events Creation/Future_Calendar_Groups" status="PASSED">
         <system-out><![CDATA[21-11-2024T11:50:56 - [TEST_CASE][PASSED] - Test Cases/Specific Cases/LS/General/Calendar/Events_Creation/Future Events Creation/Future_Calendar_Groups: Test Cases/Specific Cases/LS/General/Calendar/Events_Creation/Future Events Creation/Future_Calendar_Groups

21-11-2024T11:50:56 - [TEST_STEP][PASSED] - callTestCase(findTestCase("Common Cases/Login"), [:], STOP_ON_FAILURE): Call Test Case 'Test Cases/Common Cases/Login' successfully

21-11-2024T11:50:56 - [TEST_CASE][PASSED] - Test Cases/Common Cases/Login: Test Cases/Common Cases/Login

21-11-2024T11:50:56 - [TEST_STEP][PASSED] - openBrowser(""): Browser is opened with url: ''

21-11-2024T11:50:56 - [MESSAGE][INFO] - Starting 'Chrome' driver

21-11-2024T11:50:56 - [MESSAGE][INFO] - Action delay is set to 0 milliseconds

21-11-2024T11:50:57 - [MESSAGE][PASSED] - Browser is opened with url: ''

21-11-2024T11:50:57 - [TEST_STEP][PASSED] - maximizeWindow(): Current window maximized

21-11-2024T11:50:57 - [MESSAGE][PASSED] - Current window maximized

21-11-2024T11:50:57 - [TEST_STEP][PASSED] - navigateToUrl("https://site17.lsapp.cloud/auth/login"): Navigate to 'https://site17.lsapp.cloud/auth/login' successfully

21-11-2024T11:50:58 - [MESSAGE][PASSED] - Navigate to 'https://site17.lsapp.cloud/auth/login' successfully

21-11-2024T11:50:58 - [TEST_STEP][PASSED] - setText(findTestObject("Object Repository/Common Cases Repository/Login/Page_Lightning Step/input_Email_email"), "automation@lightningstep.com"): Text 'automation@lightningstep.com' is set on object 'Object Repository/Common Cases Repository/Login/Page_Lightning Step/input_Email_email'

21-11-2024T11:50:59 - [MESSAGE][PASSED] - Text 'automation@lightningstep.com' is set on object 'Object Repository/Common Cases Repository/Login/Page_Lightning Step/input_Email_email'

21-11-2024T11:50:59 - [TEST_STEP][PASSED] - setEncryptedText(findTestObject("Object Repository/Common Cases Repository/Login/Page_Lightning Step/input_Password_password"), "e5N8VHmnhJDITtQaQhDQDw=="): Text ****** has been set on object 'Object Repository/Common Cases Repository/Login/Page_Lightning Step/input_Password_password'

21-11-2024T11:51:00 - [MESSAGE][PASSED] - Text ****** has been set on object 'Object Repository/Common Cases Repository/Login/Page_Lightning Step/input_Password_password'

21-11-2024T11:51:00 - [TEST_STEP][PASSED] - click(findTestObject("Object Repository/Common Cases Repository/Login/Page_Lightning Step/button_Sign in")): Object: 'Object Repository/Common Cases Repository/Login/Page_Lightning Step/button_Sign in' is clicked on

21-11-2024T11:51:07 - [MESSAGE][PASSED] - Object: 'Object Repository/Common Cases Repository/Login/Page_Lightning Step/button_Sign in' is clicked on

21-11-2024T11:51:07 - [MESSAGE][PASSED] - Call Test Case 'Test Cases/Common Cases/Login' successfully

21-11-2024T11:51:07 - [TEST_STEP][PASSED] - click(findTestObject("Object Repository/Specific Cases Repository/LS/Home/Calendar/Calendar_Events/Calendar_Events_Creation/Group/Page_Home/a_Calendar")): Object: 'Object Repository/Specific Cases Repository/LS/Home/Calendar/Calendar_Events/Calendar_Events_Creation/Group/Page_Home/a_Calendar' is clicked on

21-11-2024T11:51:15 - [MESSAGE][PASSED] - Object: 'Object Repository/Specific Cases Repository/LS/Home/Calendar/Calendar_Events/Calendar_Events_Creation/Group/Page_Home/a_Calendar' is clicked on

21-11-2024T11:51:15 - [TEST_STEP][PASSED] - click(findTestObject("Object Repository/Specific Cases Repository/LS/Home/Calendar/Calendar_Events/Calendar_Events_Creation/Appointment/Page_Calendar/div_Week")): Object: 'Object Repository/Specific Cases Repository/LS/Home/Calendar/Calendar_Events/Calendar_Events_Creation/Appointment/Page_Calendar/div_Week' is clicked on

21-11-2024T11:51:16 - [MESSAGE][PASSED] - Object: 'Object Repository/Specific Cases Repository/LS/Home/Calendar/Calendar_Events/Calendar_Events_Creation/Appointment/Page_Calendar/div_Week' is clicked on

21-11-2024T11:51:16 - [TEST_STEP][PASSED] - click(findTestObject("Object Repository/Specific Cases Repository/LS/Home/Calendar/Calendar_Events/Calendar_Events_Creation/Page_Calendar/button_Create new")): Object: 'Object Repository/Specific Cases Repository/LS/Home/Calendar/Calendar_Events/Calendar_Events_Creation/Page_Calendar/button_Create new' is clicked on

21-11-2024T11:51:16 - [MESSAGE][PASSED] - Object: 'Object Repository/Specific Cases Repository/LS/Home/Calendar/Calendar_Events/Calendar_Events_Creation/Page_Calendar/button_Create new' is clicked on

21-11-2024T11:51:16 - [TEST_STEP][PASSED] - click(findTestObject("Object Repository/Specific Cases Repository/LS/Home/Calendar/Calendar_Events/Calendar_Events_Creation/Page_Calendar/label_Group")): Object: 'Object Repository/Specific Cases Repository/LS/Home/Calendar/Calendar_Events/Calendar_Events_Creation/Page_Calendar/label_Group' is clicked on

21-11-2024T11:51:17 - [MESSAGE][PASSED] - Object: 'Object Repository/Specific Cases Repository/LS/Home/Calendar/Calendar_Events/Calendar_Events_Creation/Page_Calendar/label_Group' is clicked on

21-11-2024T11:51:17 - [TEST_STEP][PASSED] - click(findTestObject("Object Repository/Specific Cases Repository/LS/Home/Calendar/Calendar_Events/Calendar_Events_Creation/Page_Calendar/Groups Selector")): Object: 'Object Repository/Specific Cases Repository/LS/Home/Calendar/Calendar_Events/Calendar_Events_Creation/Page_Calendar/Groups Selector' is clicked on

21-11-2024T11:51:18 - [MESSAGE][PASSED] - Object: 'Object Repository/Specific Cases Repository/LS/Home/Calendar/Calendar_Events/Calendar_Events_Creation/Page_Calendar/Groups Selector' is clicked on

21-11-2024T11:51:18 - [TEST_STEP][PASSED] - click(findTestObject("Object Repository/Specific Cases Repository/LS/Home/Calendar/Calendar_Events/Calendar_Events_Creation/Page_Calendar/a_Cancel")): Object: 'Object Repository/Specific Cases Repository/LS/Home/Calendar/Calendar_Events/Calendar_Events_Creation/Page_Calendar/a_Cancel' is clicked on

21-11-2024T11:51:19 - [MESSAGE][PASSED] - Object: 'Object Repository/Specific Cases Repository/LS/Home/Calendar/Calendar_Events/Calendar_Events_Creation/Page_Calendar/a_Cancel' is clicked on

21-11-2024T11:51:19 - [TEST_STEP][PASSED] - click(findTestObject("Object Repository/Specific Cases Repository/LS/Home/Calendar/Calendar_Events/Calendar_Events_Creation/Page_Calendar/button_Create new")): Object: 'Object Repository/Specific Cases Repository/LS/Home/Calendar/Calendar_Events/Calendar_Events_Creation/Page_Calendar/button_Create new' is clicked on

21-11-2024T11:51:19 - [MESSAGE][PASSED] - Object: 'Object Repository/Specific Cases Repository/LS/Home/Calendar/Calendar_Events/Calendar_Events_Creation/Page_Calendar/button_Create new' is clicked on

21-11-2024T11:51:19 - [TEST_STEP][PASSED] - click(findTestObject("Object Repository/Specific Cases Repository/LS/Home/Calendar/Calendar_Events/Calendar_Events_Creation/Page_Calendar/label_Group")): Object: 'Object Repository/Specific Cases Repository/LS/Home/Calendar/Calendar_Events/Calendar_Events_Creation/Page_Calendar/label_Group' is clicked on

21-11-2024T11:51:21 - [MESSAGE][PASSED] - Object: 'Object Repository/Specific Cases Repository/LS/Home/Calendar/Calendar_Events/Calendar_Events_Creation/Page_Calendar/label_Group' is clicked on

21-11-2024T11:51:21 - [TEST_STEP][PASSED] - click(findTestObject("Object Repository/Specific Cases Repository/LS/Home/Calendar/Calendar_Events/Calendar_Events_Creation/Page_Calendar/label_Group")): Object: 'Object Repository/Specific Cases Repository/LS/Home/Calendar/Calendar_Events/Calendar_Events_Creation/Page_Calendar/label_Group' is clicked on

21-11-2024T11:51:21 - [MESSAGE][PASSED] - Object: 'Object Repository/Specific Cases Repository/LS/Home/Calendar/Calendar_Events/Calendar_Events_Creation/Page_Calendar/label_Group' is clicked on

21-11-2024T11:51:21 - [TEST_STEP][PASSED] - click(findTestObject("Object Repository/Specific Cases Repository/LS/Home/Calendar/Calendar_Events/Calendar_Events_Creation/Page_Calendar/Groups Selector")): Object: 'Object Repository/Specific Cases Repository/LS/Home/Calendar/Calendar_Events/Calendar_Events_Creation/Page_Calendar/Groups Selector' is clicked on

21-11-2024T11:51:23 - [MESSAGE][PASSED] - Object: 'Object Repository/Specific Cases Repository/LS/Home/Calendar/Calendar_Events/Calendar_Events_Creation/Page_Calendar/Groups Selector' is clicked on

21-11-2024T11:51:23 - [TEST_STEP][PASSED] - setText(findTestObject("Object Repository/Specific Cases Repository/LS/Home/Calendar/Calendar_Events/Calendar_Events_Creation/Page_Calendar/input_Loading_select2-search__field"), "1.2"): Text '1.2' is set on object 'Object Repository/Specific Cases Repository/LS/Home/Calendar/Calendar_Events/Calendar_Events_Creation/Page_Calendar/input_Loading_select2-search__field'

21-11-2024T11:51:24 - [MESSAGE][PASSED] - Text '1.2' is set on object 'Object Repository/Specific Cases Repository/LS/Home/Calendar/Calendar_Events/Calendar_Events_Creation/Page_Calendar/input_Loading_select2-search__field'

21-11-2024T11:51:24 - [TEST_STEP][PASSED] - sendKeys(findTestObject("Object Repository/Specific Cases Repository/LS/Home/Calendar/Calendar_Events/Calendar_Events_Creation/Page_Calendar/input_Loading_select2-search__field"), Keys.chord(ENTER)): Keys 'ENTER + ' sent to object: 'Object Repository/Specific Cases Repository/LS/Home/Calendar/Calendar_Events/Calendar_Events_Creation/Page_Calendar/input_Loading_select2-search__field'

21-11-2024T11:51:25 - [MESSAGE][PASSED] - Keys 'ENTER + ' sent to object: 'Object Repository/Specific Cases Repository/LS/Home/Calendar/Calendar_Events/Calendar_Events_Creation/Page_Calendar/input_Loading_select2-search__field'

21-11-2024T11:51:25 - [TEST_STEP][PASSED] - click(findTestObject("Object Repository/Specific Cases Repository/LS/Home/Calendar/Calendar_Events/Calendar_Events_Creation/Page_Calendar/Date Warning")): Object: 'Object Repository/Specific Cases Repository/LS/Home/Calendar/Calendar_Events/Calendar_Events_Creation/Page_Calendar/Date Warning' is clicked on

21-11-2024T11:51:26 - [MESSAGE][PASSED] - Object: 'Object Repository/Specific Cases Repository/LS/Home/Calendar/Calendar_Events/Calendar_Events_Creation/Page_Calendar/Date Warning' is clicked on

21-11-2024T11:51:26 - [TEST_STEP][PASSED] - setText(findTestObject("Object Repository/Specific Cases Repository/LS/Home/Calendar/Calendar_Events/Calendar_Events_Creation/Page_Calendar/input_Title_title_"), "1.2 Automatically Enroll Clients in Selected Location/Program(s) : Select Content"): Text '1.2 Automatically Enroll Clients in Selected Location/Program(s) : Select Content' is set on object 'Object Repository/Specific Cases Repository/LS/Home/Calendar/Calendar_Events/Calendar_Events_Creation/Page_Calendar/input_Title_title_'

21-11-2024T11:51:27 - [MESSAGE][PASSED] - Text '1.2 Automatically Enroll Clients in Selected Location/Program(s) : Select Content' is set on object 'Object Repository/Specific Cases Repository/LS/Home/Calendar/Calendar_Events/Calendar_Events_Creation/Page_Calendar/input_Title_title_'

21-11-2024T11:51:27 - [TEST_STEP][PASSED] - click(findTestObject("Object Repository/Specific Cases Repository/LS/Home/Calendar/Calendar_Events/Calendar_Events_Creation/Page_Calendar/Date")): Object: 'Object Repository/Specific Cases Repository/LS/Home/Calendar/Calendar_Events/Calendar_Events_Creation/Page_Calendar/Date' is clicked on

21-11-2024T11:51:27 - [MESSAGE][PASSED] - Object: 'Object Repository/Specific Cases Repository/LS/Home/Calendar/Calendar_Events/Calendar_Events_Creation/Page_Calendar/Date' is clicked on

21-11-2024T11:51:27 - [TEST_STEP][PASSED] - setText(findTestObject("Object Repository/Specific Cases Repository/LS/Home/Calendar/Calendar_Events/Calendar_Events_Creation/Page_Calendar/Date"), Next_Week_Date): Text '11/28/2024' is set on object 'Object Repository/Specific Cases Repository/LS/Home/Calendar/Calendar_Events/Calendar_Events_Creation/Page_Calendar/Date'

21-11-2024T11:51:28 - [MESSAGE][PASSED] - Text '11/28/2024' is set on object 'Object Repository/Specific Cases Repository/LS/Home/Calendar/Calendar_Events/Calendar_Events_Creation/Page_Calendar/Date'

21-11-2024T11:51:28 - [TEST_STEP][PASSED] - click(findTestObject("Object Repository/Specific Cases Repository/LS/Home/Calendar/Calendar_Events/Calendar_Events_Creation/Page_Calendar/Start Time")): Object: 'Object Repository/Specific Cases Repository/LS/Home/Calendar/Calendar_Events/Calendar_Events_Creation/Page_Calendar/Start Time' is clicked on

21-11-2024T11:51:30 - [MESSAGE][PASSED] - Object: 'Object Repository/Specific Cases Repository/LS/Home/Calendar/Calendar_Events/Calendar_Events_Creation/Page_Calendar/Start Time' is clicked on

21-11-2024T11:51:30 - [TEST_STEP][PASSED] - setText(findTestObject("Object Repository/Specific Cases Repository/LS/Home/Calendar/Calendar_Events/Calendar_Events_Creation/Page_Calendar/Start Time"), "1300"): Text '1300' is set on object 'Object Repository/Specific Cases Repository/LS/Home/Calendar/Calendar_Events/Calendar_Events_Creation/Page_Calendar/Start Time'

21-11-2024T11:51:30 - [MESSAGE][PASSED] - Text '1300' is set on object 'Object Repository/Specific Cases Repository/LS/Home/Calendar/Calendar_Events/Calendar_Events_Creation/Page_Calendar/Start Time'

21-11-2024T11:51:30 - [TEST_STEP][PASSED] - click(findTestObject("Object Repository/Specific Cases Repository/LS/Home/Calendar/Calendar_Events/Calendar_Events_Creation/Page_Calendar/End Time")): Object: 'Object Repository/Specific Cases Repository/LS/Home/Calendar/Calendar_Events/Calendar_Events_Creation/Page_Calendar/End Time' is clicked on

21-11-2024T11:51:31 - [MESSAGE][PASSED] - Object: 'Object Repository/Specific Cases Repository/LS/Home/Calendar/Calendar_Events/Calendar_Events_Creation/Page_Calendar/End Time' is clicked on

21-11-2024T11:51:31 - [TEST_STEP][PASSED] - setText(findTestObject("Object Repository/Specific Cases Repository/LS/Home/Calendar/Calendar_Events/Calendar_Events_Creation/Page_Calendar/End Time"), "1400"): Text '1400' is set on object 'Object Repository/Specific Cases Repository/LS/Home/Calendar/Calendar_Events/Calendar_Events_Creation/Page_Calendar/End Time'

21-11-2024T11:51:32 - [MESSAGE][PASSED] - Text '1400' is set on object 'Object Repository/Specific Cases Repository/LS/Home/Calendar/Calendar_Events/Calendar_Events_Creation/Page_Calendar/End Time'

21-11-2024T11:51:32 - [TEST_STEP][PASSED] - click(findTestObject("Object Repository/Specific Cases Repository/LS/Home/Calendar/Calendar_Events/Calendar_Events_Creation/Page_Calendar/Groups Selector")): Object: 'Object Repository/Specific Cases Repository/LS/Home/Calendar/Calendar_Events/Calendar_Events_Creation/Page_Calendar/Groups Selector' is clicked on

21-11-2024T11:51:33 - [MESSAGE][PASSED] - Object: 'Object Repository/Specific Cases Repository/LS/Home/Calendar/Calendar_Events/Calendar_Events_Creation/Page_Calendar/Groups Selector' is clicked on

21-11-2024T11:51:33 - [TEST_STEP][PASSED] - setText(findTestObject("Object Repository/Specific Cases Repository/LS/Home/Calendar/Calendar_Events/Calendar_Events_Creation/Page_Calendar/input_Loading_select2-search__field"), "1.2"): Text '1.2' is set on object 'Object Repository/Specific Cases Repository/LS/Home/Calendar/Calendar_Events/Calendar_Events_Creation/Page_Calendar/input_Loading_select2-search__field'

21-11-2024T11:51:34 - [MESSAGE][PASSED] - Text '1.2' is set on object 'Object Repository/Specific Cases Repository/LS/Home/Calendar/Calendar_Events/Calendar_Events_Creation/Page_Calendar/input_Loading_select2-search__field'

21-11-2024T11:51:34 - [TEST_STEP][PASSED] - sendKeys(findTestObject("Object Repository/Specific Cases Repository/LS/Home/Calendar/Calendar_Events/Calendar_Events_Creation/Page_Calendar/input_Loading_select2-search__field"), Keys.chord(ENTER)): Keys 'ENTER + ' sent to object: 'Object Repository/Specific Cases Repository/LS/Home/Calendar/Calendar_Events/Calendar_Events_Creation/Page_Calendar/input_Loading_select2-search__field'

21-11-2024T11:51:35 - [MESSAGE][PASSED] - Keys 'ENTER + ' sent to object: 'Object Repository/Specific Cases Repository/LS/Home/Calendar/Calendar_Events/Calendar_Events_Creation/Page_Calendar/input_Loading_select2-search__field'

21-11-2024T11:51:35 - [TEST_STEP][PASSED] - click(findTestObject("Object Repository/Specific Cases Repository/LS/Home/Calendar/Calendar_Events/Calendar_Events_Creation/Page_Calendar/span_Select Clients")): Object: 'Object Repository/Specific Cases Repository/LS/Home/Calendar/Calendar_Events/Calendar_Events_Creation/Page_Calendar/span_Select Clients' is clicked on

21-11-2024T11:51:35 - [MESSAGE][PASSED] - Object: 'Object Repository/Specific Cases Repository/LS/Home/Calendar/Calendar_Events/Calendar_Events_Creation/Page_Calendar/span_Select Clients' is clicked on

21-11-2024T11:51:35 - [TEST_STEP][PASSED] - click(findTestObject("Object Repository/Specific Cases Repository/LS/Home/Calendar/Calendar_Events/Calendar_Events_Creation/Page_Calendar/label_C Automation, C Client MR 24-11008")): Object: 'Object Repository/Specific Cases Repository/LS/Home/Calendar/Calendar_Events/Calendar_Events_Creation/Page_Calendar/label_C Automation, C Client MR 24-11008' is clicked on

21-11-2024T11:51:35 - [MESSAGE][PASSED] - Object: 'Object Repository/Specific Cases Repository/LS/Home/Calendar/Calendar_Events/Calendar_Events_Creation/Page_Calendar/label_C Automation, C Client MR 24-11008' is clicked on

21-11-2024T11:51:35 - [TEST_STEP][PASSED] - click(findTestObject("Object Repository/Specific Cases Repository/LS/Home/Calendar/Calendar_Events/Calendar_Events_Creation/Page_Calendar/label_B Automation, B Client MR 24-11007")): Object: 'Object Repository/Specific Cases Repository/LS/Home/Calendar/Calendar_Events/Calendar_Events_Creation/Page_Calendar/label_B Automation, B Client MR 24-11007' is clicked on

21-11-2024T11:51:36 - [MESSAGE][PASSED] - Object: 'Object Repository/Specific Cases Repository/LS/Home/Calendar/Calendar_Events/Calendar_Events_Creation/Page_Calendar/label_B Automation, B Client MR 24-11007' is clicked on

21-11-2024T11:51:36 - [TEST_STEP][PASSED] - click(findTestObject("Object Repository/Specific Cases Repository/LS/Home/Calendar/Calendar_Events/Calendar_Events_Creation/Page_Calendar/View Enrolled Patients")): Object: 'Object Repository/Specific Cases Repository/LS/Home/Calendar/Calendar_Events/Calendar_Events_Creation/Page_Calendar/View Enrolled Patients' is clicked on

21-11-2024T11:51:37 - [MESSAGE][PASSED] - Object: 'Object Repository/Specific Cases Repository/LS/Home/Calendar/Calendar_Events/Calendar_Events_Creation/Page_Calendar/View Enrolled Patients' is clicked on

21-11-2024T11:51:37 - [TEST_STEP][PASSED] - verifyElementText(findTestObject("Object Repository/Specific Cases Repository/LS/Home/Calendar/Calendar_Events/Calendar_Events_Creation/Page_Calendar/td_C Automation, C Client MR 24-11008"), "C Automation, C Client MR# 24-11008"): Actual text and expected text of test object 'Object Repository/Specific Cases Repository/LS/Home/Calendar/Calendar_Events/Calendar_Events_Creation/Page_Calendar/td_C Automation, C Client MR 24-11008' are matched.

21-11-2024T11:51:37 - [MESSAGE][PASSED] - Actual text and expected text of test object 'Object Repository/Specific Cases Repository/LS/Home/Calendar/Calendar_Events/Calendar_Events_Creation/Page_Calendar/td_C Automation, C Client MR 24-11008' are matched.

21-11-2024T11:51:37 - [TEST_STEP][PASSED] - verifyElementText(findTestObject("Object Repository/Specific Cases Repository/LS/Home/Calendar/Calendar_Events/Calendar_Events_Creation/Page_Calendar/td_B Automation, B Client MR 24-11007"), "B Automation, B Client MR# 24-11007"): Actual text and expected text of test object 'Object Repository/Specific Cases Repository/LS/Home/Calendar/Calendar_Events/Calendar_Events_Creation/Page_Calendar/td_B Automation, B Client MR 24-11007' are matched.

21-11-2024T11:51:37 - [MESSAGE][PASSED] - Actual text and expected text of test object 'Object Repository/Specific Cases Repository/LS/Home/Calendar/Calendar_Events/Calendar_Events_Creation/Page_Calendar/td_B Automation, B Client MR 24-11007' are matched.

21-11-2024T11:51:37 - [TEST_STEP][PASSED] - click(findTestObject("Object Repository/Specific Cases Repository/LS/Home/Calendar/Calendar_Events/Calendar_Events_Creation/Page_Calendar/View Enrolled Patients")): Object: 'Object Repository/Specific Cases Repository/LS/Home/Calendar/Calendar_Events/Calendar_Events_Creation/Page_Calendar/View Enrolled Patients' is clicked on

21-11-2024T11:51:38 - [MESSAGE][PASSED] - Object: 'Object Repository/Specific Cases Repository/LS/Home/Calendar/Calendar_Events/Calendar_Events_Creation/Page_Calendar/View Enrolled Patients' is clicked on

21-11-2024T11:51:38 - [TEST_STEP][PASSED] - scrollToElement(findTestObject("Object Repository/Specific Cases Repository/LS/Home/Calendar/Calendar_Events/Calendar_Events_Creation/Page_Calendar/a_Save"), 0): Scroll to object 'Object Repository/Specific Cases Repository/LS/Home/Calendar/Calendar_Events/Calendar_Events_Creation/Page_Calendar/a_Save' successfully

21-11-2024T11:51:38 - [MESSAGE][WARNING] - Timeout '0' is invalid. Using default page load timeout: '30'

21-11-2024T11:51:38 - [MESSAGE][PASSED] - Scroll to object 'Object Repository/Specific Cases Repository/LS/Home/Calendar/Calendar_Events/Calendar_Events_Creation/Page_Calendar/a_Save' successfully

21-11-2024T11:51:38 - [TEST_STEP][PASSED] - click(findTestObject("Object Repository/Specific Cases Repository/LS/Home/Calendar/Calendar_Events/Calendar_Events_Creation/Page_Calendar/a_Save")): Object: 'Object Repository/Specific Cases Repository/LS/Home/Calendar/Calendar_Events/Calendar_Events_Creation/Page_Calendar/a_Save' is clicked on

21-11-2024T11:51:38 - [MESSAGE][PASSED] - Object: 'Object Repository/Specific Cases Repository/LS/Home/Calendar/Calendar_Events/Calendar_Events_Creation/Page_Calendar/a_Save' is clicked on

21-11-2024T11:51:38 - [TEST_STEP][PASSED] - click(findTestObject("Object Repository/Specific Cases Repository/LS/Home/Calendar/Calendar_Events/Calendar_Events_Creation/Appointment/Page_Calendar/Next Week Arrow")): Object: 'Object Repository/Specific Cases Repository/LS/Home/Calendar/Calendar_Events/Calendar_Events_Creation/Appointment/Page_Calendar/Next Week Arrow' is clicked on

21-11-2024T11:51:40 - [MESSAGE][PASSED] - Object: 'Object Repository/Specific Cases Repository/LS/Home/Calendar/Calendar_Events/Calendar_Events_Creation/Appointment/Page_Calendar/Next Week Arrow' is clicked on

21-11-2024T11:51:40 - [TEST_STEP][PASSED] - waitForPageLoad(30): Wait for page load successfully

21-11-2024T11:51:40 - [MESSAGE][PASSED] - Wait for page load successfully

21-11-2024T11:51:40 - [TEST_STEP][PASSED] - click(findTestObject("Object Repository/Specific Cases Repository/LS/Home/Calendar/Calendar_Events/Calendar_Events_Creation/Page_Calendar/Calendar Event - Future")): Object: 'Object Repository/Specific Cases Repository/LS/Home/Calendar/Calendar_Events/Calendar_Events_Creation/Page_Calendar/Calendar Event - Future' is clicked on

21-11-2024T11:51:41 - [MESSAGE][PASSED] - Object: 'Object Repository/Specific Cases Repository/LS/Home/Calendar/Calendar_Events/Calendar_Events_Creation/Page_Calendar/Calendar Event - Future' is clicked on

21-11-2024T11:51:41 - [TEST_STEP][PASSED] - setText(findTestObject("Object Repository/Specific Cases Repository/LS/Home/Calendar/Calendar_Events/Calendar_Events_Creation/Page_Calendar/input_Title_title_edit"), "Future Automation Test 1.2 Automatically Enroll Clients in Selected Location/Program(s)"): Text 'Future Automation Test 1.2 Automatically Enroll Clients in Selected Location/Program(s)' is set on object 'Object Repository/Specific Cases Repository/LS/Home/Calendar/Calendar_Events/Calendar_Events_Creation/Page_Calendar/input_Title_title_edit'

21-11-2024T11:51:43 - [MESSAGE][PASSED] - Text 'Future Automation Test 1.2 Automatically Enroll Clients in Selected Location/Program(s)' is set on object 'Object Repository/Specific Cases Repository/LS/Home/Calendar/Calendar_Events/Calendar_Events_Creation/Page_Calendar/input_Title_title_edit'

21-11-2024T11:51:43 - [TEST_STEP][PASSED] - verifyElementText(findTestObject("Object Repository/Specific Cases Repository/LS/Home/Calendar/Calendar_Events/Calendar_Events_Creation/Page_Calendar/label_Start Group Session"), "Start Group Session"): Actual text and expected text of test object 'Object Repository/Specific Cases Repository/LS/Home/Calendar/Calendar_Events/Calendar_Events_Creation/Page_Calendar/label_Start Group Session' are matched.

21-11-2024T11:51:44 - [MESSAGE][PASSED] - Actual text and expected text of test object 'Object Repository/Specific Cases Repository/LS/Home/Calendar/Calendar_Events/Calendar_Events_Creation/Page_Calendar/label_Start Group Session' are matched.

21-11-2024T11:51:44 - [TEST_STEP][PASSED] - verifyElementPresent(findTestObject("Object Repository/Specific Cases Repository/LS/Home/Calendar/Calendar_Events/Calendar_Events_Creation/Page_Calendar/input_Start Group Session_isdocumentedgroup"), 0): Object 'Object Repository/Specific Cases Repository/LS/Home/Calendar/Calendar_Events/Calendar_Events_Creation/Page_Calendar/input_Start Group Session_isdocumentedgroup' is present

21-11-2024T11:51:44 - [MESSAGE][WARNING] - Timeout '0' is invalid. Using default page load timeout: '30'

21-11-2024T11:51:44 - [MESSAGE][PASSED] - Object 'Object Repository/Specific Cases Repository/LS/Home/Calendar/Calendar_Events/Calendar_Events_Creation/Page_Calendar/input_Start Group Session_isdocumentedgroup' is present

21-11-2024T11:51:44 - [TEST_STEP][PASSED] - click(findTestObject("Object Repository/Specific Cases Repository/LS/Home/Calendar/Calendar_Events/Calendar_Events_Creation/Page_Calendar/a_Save Revision")): Object: 'Object Repository/Specific Cases Repository/LS/Home/Calendar/Calendar_Events/Calendar_Events_Creation/Page_Calendar/a_Save Revision' is clicked on

21-11-2024T11:51:44 - [MESSAGE][PASSED] - Object: 'Object Repository/Specific Cases Repository/LS/Home/Calendar/Calendar_Events/Calendar_Events_Creation/Page_Calendar/a_Save Revision' is clicked on

21-11-2024T11:51:44 - [TEST_STEP][PASSED] - mouseOver(findTestObject("Object Repository/Specific Cases Repository/LS/Home/Calendar/Calendar_Events/Calendar_Events_Creation/Page_Calendar/Calendar Event - Future")): Object: 'Object Repository/Specific Cases Repository/LS/Home/Calendar/Calendar_Events/Calendar_Events_Creation/Page_Calendar/Calendar Event - Future' is hovered

21-11-2024T11:51:46 - [MESSAGE][PASSED] - Object: 'Object Repository/Specific Cases Repository/LS/Home/Calendar/Calendar_Events/Calendar_Events_Creation/Page_Calendar/Calendar Event - Future' is hovered

21-11-2024T11:51:46 - [TEST_STEP][PASSED] - verifyElementText(findTestObject("Object Repository/Specific Cases Repository/LS/Home/Calendar/Calendar_Events/Calendar_Events_Creation/Page_Calendar/span_Automation Test 1.2 Automatically Enro_f39ad6 - Future"), "Future Automation Test 1.2 Automatically Enroll Clients in Selected Location/Program(s)"): Actual text and expected text of test object 'Object Repository/Specific Cases Repository/LS/Home/Calendar/Calendar_Events/Calendar_Events_Creation/Page_Calendar/span_Automation Test 1.2 Automatically Enro_f39ad6 - Future' are matched.

21-11-2024T11:51:46 - [MESSAGE][PASSED] - Actual text and expected text of test object 'Object Repository/Specific Cases Repository/LS/Home/Calendar/Calendar_Events/Calendar_Events_Creation/Page_Calendar/span_Automation Test 1.2 Automatically Enro_f39ad6 - Future' are matched.

21-11-2024T11:51:46 - [TEST_STEP][PASSED] - closeBrowser(): Browser is closed

21-11-2024T11:51:47 - [MESSAGE][PASSED] - Browser is closed]]></system-out>
         <system-err><![CDATA[]]></system-err>
      </testcase>
      <testcase name="Test Cases/Specific Cases/LS/General/Calendar/Events_Creation/Past Events Creation/Past_Calendar_Appointment" time="41.603" classname="Test Cases/Specific Cases/LS/General/Calendar/Events_Creation/Past Events Creation/Past_Calendar_Appointment" status="PASSED">
         <system-out><![CDATA[21-11-2024T11:51:47 - [TEST_CASE][PASSED] - Test Cases/Specific Cases/LS/General/Calendar/Events_Creation/Past Events Creation/Past_Calendar_Appointment: Test Cases/Specific Cases/LS/General/Calendar/Events_Creation/Past Events Creation/Past_Calendar_Appointment

21-11-2024T11:51:47 - [TEST_STEP][PASSED] - callTestCase(findTestCase("Common Cases/Login"), [:], STOP_ON_FAILURE): Call Test Case 'Test Cases/Common Cases/Login' successfully

21-11-2024T11:51:47 - [TEST_CASE][PASSED] - Test Cases/Common Cases/Login: Test Cases/Common Cases/Login

21-11-2024T11:51:47 - [TEST_STEP][PASSED] - openBrowser(""): Browser is opened with url: ''

21-11-2024T11:51:47 - [MESSAGE][INFO] - Starting 'Chrome' driver

21-11-2024T11:51:47 - [MESSAGE][INFO] - Action delay is set to 0 milliseconds

21-11-2024T11:51:48 - [MESSAGE][PASSED] - Browser is opened with url: ''

21-11-2024T11:51:48 - [TEST_STEP][PASSED] - maximizeWindow(): Current window maximized

21-11-2024T11:51:48 - [MESSAGE][PASSED] - Current window maximized

21-11-2024T11:51:48 - [TEST_STEP][PASSED] - navigateToUrl("https://site17.lsapp.cloud/auth/login"): Navigate to 'https://site17.lsapp.cloud/auth/login' successfully

21-11-2024T11:51:50 - [MESSAGE][PASSED] - Navigate to 'https://site17.lsapp.cloud/auth/login' successfully

21-11-2024T11:51:50 - [TEST_STEP][PASSED] - setText(findTestObject("Object Repository/Common Cases Repository/Login/Page_Lightning Step/input_Email_email"), "automation@lightningstep.com"): Text 'automation@lightningstep.com' is set on object 'Object Repository/Common Cases Repository/Login/Page_Lightning Step/input_Email_email'

21-11-2024T11:51:51 - [MESSAGE][PASSED] - Text 'automation@lightningstep.com' is set on object 'Object Repository/Common Cases Repository/Login/Page_Lightning Step/input_Email_email'

21-11-2024T11:51:51 - [TEST_STEP][PASSED] - setEncryptedText(findTestObject("Object Repository/Common Cases Repository/Login/Page_Lightning Step/input_Password_password"), "e5N8VHmnhJDITtQaQhDQDw=="): Text ****** has been set on object 'Object Repository/Common Cases Repository/Login/Page_Lightning Step/input_Password_password'

21-11-2024T11:51:51 - [MESSAGE][PASSED] - Text ****** has been set on object 'Object Repository/Common Cases Repository/Login/Page_Lightning Step/input_Password_password'

21-11-2024T11:51:51 - [TEST_STEP][PASSED] - click(findTestObject("Object Repository/Common Cases Repository/Login/Page_Lightning Step/button_Sign in")): Object: 'Object Repository/Common Cases Repository/Login/Page_Lightning Step/button_Sign in' is clicked on

21-11-2024T11:52:00 - [MESSAGE][PASSED] - Object: 'Object Repository/Common Cases Repository/Login/Page_Lightning Step/button_Sign in' is clicked on

21-11-2024T11:52:00 - [MESSAGE][PASSED] - Call Test Case 'Test Cases/Common Cases/Login' successfully

21-11-2024T11:52:00 - [TEST_STEP][PASSED] - click(findTestObject("Object Repository/Specific Cases Repository/LS/Home/Calendar/Calendar_Events/Calendar_Events_Creation/Page_Home/a_Calendar")): Object: 'Object Repository/Specific Cases Repository/LS/Home/Calendar/Calendar_Events/Calendar_Events_Creation/Page_Home/a_Calendar' is clicked on

21-11-2024T11:52:06 - [MESSAGE][PASSED] - Object: 'Object Repository/Specific Cases Repository/LS/Home/Calendar/Calendar_Events/Calendar_Events_Creation/Page_Home/a_Calendar' is clicked on

21-11-2024T11:52:06 - [TEST_STEP][PASSED] - click(findTestObject("Object Repository/Specific Cases Repository/LS/Home/Calendar/Calendar_Events/Calendar_Events_Creation/Appointment/Page_Calendar/div_Week")): Object: 'Object Repository/Specific Cases Repository/LS/Home/Calendar/Calendar_Events/Calendar_Events_Creation/Appointment/Page_Calendar/div_Week' is clicked on

21-11-2024T11:52:07 - [MESSAGE][PASSED] - Object: 'Object Repository/Specific Cases Repository/LS/Home/Calendar/Calendar_Events/Calendar_Events_Creation/Appointment/Page_Calendar/div_Week' is clicked on

21-11-2024T11:52:07 - [TEST_STEP][PASSED] - click(findTestObject("Object Repository/Specific Cases Repository/LS/Home/Calendar/Calendar_Events/Calendar_Events_Creation/Appointment/Page_Calendar/button_Create new")): Object: 'Object Repository/Specific Cases Repository/LS/Home/Calendar/Calendar_Events/Calendar_Events_Creation/Appointment/Page_Calendar/button_Create new' is clicked on

21-11-2024T11:52:08 - [MESSAGE][PASSED] - Object: 'Object Repository/Specific Cases Repository/LS/Home/Calendar/Calendar_Events/Calendar_Events_Creation/Appointment/Page_Calendar/button_Create new' is clicked on

21-11-2024T11:52:08 - [TEST_STEP][PASSED] - click(findTestObject("Object Repository/Specific Cases Repository/LS/Home/Calendar/Calendar_Events/Calendar_Events_Creation/Appointment/Page_Calendar/label_Appointment")): Object: 'Object Repository/Specific Cases Repository/LS/Home/Calendar/Calendar_Events/Calendar_Events_Creation/Appointment/Page_Calendar/label_Appointment' is clicked on

21-11-2024T11:52:09 - [MESSAGE][PASSED] - Object: 'Object Repository/Specific Cases Repository/LS/Home/Calendar/Calendar_Events/Calendar_Events_Creation/Appointment/Page_Calendar/label_Appointment' is clicked on

21-11-2024T11:52:09 - [TEST_STEP][PASSED] - click(findTestObject("Object Repository/Specific Cases Repository/LS/Home/Calendar/Calendar_Events/Calendar_Events_Creation/Appointment/Page_Calendar/span_Select Client")): Object: 'Object Repository/Specific Cases Repository/LS/Home/Calendar/Calendar_Events/Calendar_Events_Creation/Appointment/Page_Calendar/span_Select Client' is clicked on

21-11-2024T11:52:09 - [MESSAGE][PASSED] - Object: 'Object Repository/Specific Cases Repository/LS/Home/Calendar/Calendar_Events/Calendar_Events_Creation/Appointment/Page_Calendar/span_Select Client' is clicked on

21-11-2024T11:52:09 - [TEST_STEP][PASSED] - click(findTestObject("Object Repository/Specific Cases Repository/LS/Home/Calendar/Calendar_Events/Calendar_Events_Creation/Page_Calendar/a_Cancel")): Object: 'Object Repository/Specific Cases Repository/LS/Home/Calendar/Calendar_Events/Calendar_Events_Creation/Page_Calendar/a_Cancel' is clicked on

21-11-2024T11:52:10 - [MESSAGE][PASSED] - Object: 'Object Repository/Specific Cases Repository/LS/Home/Calendar/Calendar_Events/Calendar_Events_Creation/Page_Calendar/a_Cancel' is clicked on

21-11-2024T11:52:10 - [TEST_STEP][PASSED] - click(findTestObject("Object Repository/Specific Cases Repository/LS/Home/Calendar/Calendar_Events/Calendar_Events_Creation/Appointment/Page_Calendar/button_Create new")): Object: 'Object Repository/Specific Cases Repository/LS/Home/Calendar/Calendar_Events/Calendar_Events_Creation/Appointment/Page_Calendar/button_Create new' is clicked on

21-11-2024T11:52:10 - [MESSAGE][PASSED] - Object: 'Object Repository/Specific Cases Repository/LS/Home/Calendar/Calendar_Events/Calendar_Events_Creation/Appointment/Page_Calendar/button_Create new' is clicked on

21-11-2024T11:52:10 - [TEST_STEP][PASSED] - click(findTestObject("Object Repository/Specific Cases Repository/LS/Home/Calendar/Calendar_Events/Calendar_Events_Creation/Appointment/Page_Calendar/label_Appointment")): Object: 'Object Repository/Specific Cases Repository/LS/Home/Calendar/Calendar_Events/Calendar_Events_Creation/Appointment/Page_Calendar/label_Appointment' is clicked on

21-11-2024T11:52:11 - [MESSAGE][PASSED] - Object: 'Object Repository/Specific Cases Repository/LS/Home/Calendar/Calendar_Events/Calendar_Events_Creation/Appointment/Page_Calendar/label_Appointment' is clicked on

21-11-2024T11:52:11 - [TEST_STEP][PASSED] - click(findTestObject("Object Repository/Specific Cases Repository/LS/Home/Calendar/Calendar_Events/Calendar_Events_Creation/Appointment/Page_Calendar/label_Appointment")): Object: 'Object Repository/Specific Cases Repository/LS/Home/Calendar/Calendar_Events/Calendar_Events_Creation/Appointment/Page_Calendar/label_Appointment' is clicked on

21-11-2024T11:52:11 - [MESSAGE][PASSED] - Object: 'Object Repository/Specific Cases Repository/LS/Home/Calendar/Calendar_Events/Calendar_Events_Creation/Appointment/Page_Calendar/label_Appointment' is clicked on

21-11-2024T11:52:11 - [TEST_STEP][PASSED] - click(findTestObject("Object Repository/Specific Cases Repository/LS/Home/Calendar/Calendar_Events/Calendar_Events_Creation/Appointment/Page_Calendar/span_Select Client")): Object: 'Object Repository/Specific Cases Repository/LS/Home/Calendar/Calendar_Events/Calendar_Events_Creation/Appointment/Page_Calendar/span_Select Client' is clicked on

21-11-2024T11:52:12 - [MESSAGE][PASSED] - Object: 'Object Repository/Specific Cases Repository/LS/Home/Calendar/Calendar_Events/Calendar_Events_Creation/Appointment/Page_Calendar/span_Select Client' is clicked on

21-11-2024T11:52:12 - [TEST_STEP][PASSED] - setText(findTestObject("Specific Cases Repository/LS/Home/Calendar/Calendar_Events/Calendar_Events_Creation/Appointment/Page_Calendar/Patien Name"), "B Auto"): Text 'B Auto' is set on object 'Object Repository/Specific Cases Repository/LS/Home/Calendar/Calendar_Events/Calendar_Events_Creation/Appointment/Page_Calendar/Patien Name'

21-11-2024T11:52:13 - [MESSAGE][PASSED] - Text 'B Auto' is set on object 'Object Repository/Specific Cases Repository/LS/Home/Calendar/Calendar_Events/Calendar_Events_Creation/Appointment/Page_Calendar/Patien Name'

21-11-2024T11:52:13 - [TEST_STEP][PASSED] - sendKeys(findTestObject("Object Repository/Specific Cases Repository/LS/Home/Calendar/Calendar_Events/Calendar_Events_Creation/Appointment/Page_Calendar/Patien Name"), Keys.chord(ENTER)): Keys 'ENTER + ' sent to object: 'Object Repository/Specific Cases Repository/LS/Home/Calendar/Calendar_Events/Calendar_Events_Creation/Appointment/Page_Calendar/Patien Name'

21-11-2024T11:52:14 - [MESSAGE][PASSED] - Keys 'ENTER + ' sent to object: 'Object Repository/Specific Cases Repository/LS/Home/Calendar/Calendar_Events/Calendar_Events_Creation/Appointment/Page_Calendar/Patien Name'

21-11-2024T11:52:14 - [TEST_STEP][PASSED] - click(findTestObject("Object Repository/Specific Cases Repository/LS/Home/Calendar/Calendar_Events/Calendar_Events_Creation/Appointment/Page_Calendar/span_Select Service")): Object: 'Object Repository/Specific Cases Repository/LS/Home/Calendar/Calendar_Events/Calendar_Events_Creation/Appointment/Page_Calendar/span_Select Service' is clicked on

21-11-2024T11:52:15 - [MESSAGE][PASSED] - Object: 'Object Repository/Specific Cases Repository/LS/Home/Calendar/Calendar_Events/Calendar_Events_Creation/Appointment/Page_Calendar/span_Select Service' is clicked on

21-11-2024T11:52:15 - [TEST_STEP][PASSED] - setText(findTestObject("Object Repository/Specific Cases Repository/LS/Home/Calendar/Calendar_Events/Calendar_Events_Creation/Appointment/Page_Calendar/Patien Name"), "5 "): Text '5 ' is set on object 'Object Repository/Specific Cases Repository/LS/Home/Calendar/Calendar_Events/Calendar_Events_Creation/Appointment/Page_Calendar/Patien Name'

21-11-2024T11:52:16 - [MESSAGE][PASSED] - Text '5 ' is set on object 'Object Repository/Specific Cases Repository/LS/Home/Calendar/Calendar_Events/Calendar_Events_Creation/Appointment/Page_Calendar/Patien Name'

21-11-2024T11:52:16 - [TEST_STEP][PASSED] - sendKeys(findTestObject("Object Repository/Specific Cases Repository/LS/Home/Calendar/Calendar_Events/Calendar_Events_Creation/Appointment/Page_Calendar/Patien Name"), Keys.chord(ENTER)): Keys 'ENTER + ' sent to object: 'Object Repository/Specific Cases Repository/LS/Home/Calendar/Calendar_Events/Calendar_Events_Creation/Appointment/Page_Calendar/Patien Name'

21-11-2024T11:52:16 - [MESSAGE][PASSED] - Keys 'ENTER + ' sent to object: 'Object Repository/Specific Cases Repository/LS/Home/Calendar/Calendar_Events/Calendar_Events_Creation/Appointment/Page_Calendar/Patien Name'

21-11-2024T11:52:16 - [TEST_STEP][PASSED] - click(findTestObject("Object Repository/Specific Cases Repository/LS/Home/Calendar/Calendar_Events/Calendar_Events_Creation/Appointment/Page_Calendar/input_Title_title_")): Object: 'Object Repository/Specific Cases Repository/LS/Home/Calendar/Calendar_Events/Calendar_Events_Creation/Appointment/Page_Calendar/input_Title_title_' is clicked on

21-11-2024T11:52:17 - [MESSAGE][PASSED] - Object: 'Object Repository/Specific Cases Repository/LS/Home/Calendar/Calendar_Events/Calendar_Events_Creation/Appointment/Page_Calendar/input_Title_title_' is clicked on

21-11-2024T11:52:17 - [TEST_STEP][PASSED] - setText(findTestObject("Object Repository/Specific Cases Repository/LS/Home/Calendar/Calendar_Events/Calendar_Events_Creation/Appointment/Page_Calendar/input_Title_title_"), "Past Automation Test with B Automation, B Client MR# 24-11007: 5 Panel Drug Screen"): Text 'Past Automation Test with B Automation, B Client MR# 24-11007: 5 Panel Drug Screen' is set on object 'Object Repository/Specific Cases Repository/LS/Home/Calendar/Calendar_Events/Calendar_Events_Creation/Appointment/Page_Calendar/input_Title_title_'

21-11-2024T11:52:18 - [MESSAGE][PASSED] - Text 'Past Automation Test with B Automation, B Client MR# 24-11007: 5 Panel Drug Screen' is set on object 'Object Repository/Specific Cases Repository/LS/Home/Calendar/Calendar_Events/Calendar_Events_Creation/Appointment/Page_Calendar/input_Title_title_'

21-11-2024T11:52:18 - [TEST_STEP][PASSED] - click(findTestObject("Object Repository/Specific Cases Repository/LS/Home/Calendar/Calendar_Events/Calendar_Events_Creation/Appointment/Page_Calendar/Date")): Object: 'Object Repository/Specific Cases Repository/LS/Home/Calendar/Calendar_Events/Calendar_Events_Creation/Appointment/Page_Calendar/Date' is clicked on

21-11-2024T11:52:18 - [MESSAGE][PASSED] - Object: 'Object Repository/Specific Cases Repository/LS/Home/Calendar/Calendar_Events/Calendar_Events_Creation/Appointment/Page_Calendar/Date' is clicked on

21-11-2024T11:52:18 - [TEST_STEP][PASSED] - setText(findTestObject("Object Repository/Specific Cases Repository/LS/Home/Calendar/Calendar_Events/Calendar_Events_Creation/Appointment/Page_Calendar/Date"), Last_Week_Date): Text '11/14/2024' is set on object 'Object Repository/Specific Cases Repository/LS/Home/Calendar/Calendar_Events/Calendar_Events_Creation/Appointment/Page_Calendar/Date'

21-11-2024T11:52:19 - [MESSAGE][PASSED] - Text '11/14/2024' is set on object 'Object Repository/Specific Cases Repository/LS/Home/Calendar/Calendar_Events/Calendar_Events_Creation/Appointment/Page_Calendar/Date'

21-11-2024T11:52:19 - [TEST_STEP][PASSED] - click(findTestObject("Object Repository/Specific Cases Repository/LS/Home/Calendar/Calendar_Events/Calendar_Events_Creation/Appointment/Page_Calendar/Start Time Clock")): Object: 'Object Repository/Specific Cases Repository/LS/Home/Calendar/Calendar_Events/Calendar_Events_Creation/Appointment/Page_Calendar/Start Time Clock' is clicked on

21-11-2024T11:52:20 - [MESSAGE][PASSED] - Object: 'Object Repository/Specific Cases Repository/LS/Home/Calendar/Calendar_Events/Calendar_Events_Creation/Appointment/Page_Calendar/Start Time Clock' is clicked on

21-11-2024T11:52:20 - [TEST_STEP][PASSED] - setText(findTestObject("Object Repository/Specific Cases Repository/LS/Home/Calendar/Calendar_Events/Calendar_Events_Creation/Appointment/Page_Calendar/Start Time Clock"), "1500"): Text '1500' is set on object 'Object Repository/Specific Cases Repository/LS/Home/Calendar/Calendar_Events/Calendar_Events_Creation/Appointment/Page_Calendar/Start Time Clock'

21-11-2024T11:52:21 - [MESSAGE][PASSED] - Text '1500' is set on object 'Object Repository/Specific Cases Repository/LS/Home/Calendar/Calendar_Events/Calendar_Events_Creation/Appointment/Page_Calendar/Start Time Clock'

21-11-2024T11:52:21 - [TEST_STEP][PASSED] - click(findTestObject("Object Repository/Specific Cases Repository/LS/Home/Calendar/Calendar_Events/Calendar_Events_Creation/Appointment/Page_Calendar/End Time Clock")): Object: 'Object Repository/Specific Cases Repository/LS/Home/Calendar/Calendar_Events/Calendar_Events_Creation/Appointment/Page_Calendar/End Time Clock' is clicked on

21-11-2024T11:52:22 - [MESSAGE][PASSED] - Object: 'Object Repository/Specific Cases Repository/LS/Home/Calendar/Calendar_Events/Calendar_Events_Creation/Appointment/Page_Calendar/End Time Clock' is clicked on

21-11-2024T11:52:22 - [TEST_STEP][PASSED] - setText(findTestObject("Object Repository/Specific Cases Repository/LS/Home/Calendar/Calendar_Events/Calendar_Events_Creation/Appointment/Page_Calendar/End Time Clock"), "1600"): Text '1600' is set on object 'Object Repository/Specific Cases Repository/LS/Home/Calendar/Calendar_Events/Calendar_Events_Creation/Appointment/Page_Calendar/End Time Clock'

21-11-2024T11:52:23 - [MESSAGE][PASSED] - Text '1600' is set on object 'Object Repository/Specific Cases Repository/LS/Home/Calendar/Calendar_Events/Calendar_Events_Creation/Appointment/Page_Calendar/End Time Clock'

21-11-2024T11:52:23 - [TEST_STEP][PASSED] - setText(findTestObject("Object Repository/Specific Cases Repository/LS/Home/Calendar/Calendar_Events/Calendar_Events_Creation/Appointment/Page_Calendar/input_Notes_notes"), "Automation Test Note"): Text 'Automation Test Note' is set on object 'Object Repository/Specific Cases Repository/LS/Home/Calendar/Calendar_Events/Calendar_Events_Creation/Appointment/Page_Calendar/input_Notes_notes'

21-11-2024T11:52:24 - [MESSAGE][PASSED] - Text 'Automation Test Note' is set on object 'Object Repository/Specific Cases Repository/LS/Home/Calendar/Calendar_Events/Calendar_Events_Creation/Appointment/Page_Calendar/input_Notes_notes'

21-11-2024T11:52:24 - [TEST_STEP][PASSED] - scrollToElement(findTestObject("Specific Cases Repository/LS/Home/Calendar/Calendar_Events/Calendar_Events_Creation/Appointment/Page_Calendar/a_Save"), 0): Scroll to object 'Object Repository/Specific Cases Repository/LS/Home/Calendar/Calendar_Events/Calendar_Events_Creation/Appointment/Page_Calendar/a_Save' successfully

21-11-2024T11:52:24 - [MESSAGE][WARNING] - Timeout '0' is invalid. Using default page load timeout: '30'

21-11-2024T11:52:24 - [MESSAGE][PASSED] - Scroll to object 'Object Repository/Specific Cases Repository/LS/Home/Calendar/Calendar_Events/Calendar_Events_Creation/Appointment/Page_Calendar/a_Save' successfully

21-11-2024T11:52:24 - [TEST_STEP][PASSED] - click(findTestObject("Specific Cases Repository/LS/Home/Calendar/Calendar_Events/Calendar_Events_Creation/Appointment/Page_Calendar/a_Save")): Object: 'Object Repository/Specific Cases Repository/LS/Home/Calendar/Calendar_Events/Calendar_Events_Creation/Appointment/Page_Calendar/a_Save' is clicked on

21-11-2024T11:52:24 - [MESSAGE][PASSED] - Object: 'Object Repository/Specific Cases Repository/LS/Home/Calendar/Calendar_Events/Calendar_Events_Creation/Appointment/Page_Calendar/a_Save' is clicked on

21-11-2024T11:52:24 - [TEST_STEP][PASSED] - click(findTestObject("Specific Cases Repository/LS/Home/Calendar/Calendar_Events/Calendar_Events_Creation/Appointment/Page_Calendar/Previus Week Arrow")): Object: 'Object Repository/Specific Cases Repository/LS/Home/Calendar/Calendar_Events/Calendar_Events_Creation/Appointment/Page_Calendar/Previus Week Arrow' is clicked on

21-11-2024T11:52:26 - [MESSAGE][PASSED] - Object: 'Object Repository/Specific Cases Repository/LS/Home/Calendar/Calendar_Events/Calendar_Events_Creation/Appointment/Page_Calendar/Previus Week Arrow' is clicked on

21-11-2024T11:52:26 - [TEST_STEP][PASSED] - scrollToElement(findTestObject("Specific Cases Repository/LS/Home/Calendar/Calendar_Events/Calendar_Events_Creation/Appointment/Page_Calendar/a_Automation Test with A Automation, A Clie_8f5a4c - Past"), 0): Scroll to object 'Object Repository/Specific Cases Repository/LS/Home/Calendar/Calendar_Events/Calendar_Events_Creation/Appointment/Page_Calendar/a_Automation Test with A Automation, A Clie_8f5a4c - Past' successfully

21-11-2024T11:52:26 - [MESSAGE][WARNING] - Timeout '0' is invalid. Using default page load timeout: '30'

21-11-2024T11:52:27 - [MESSAGE][PASSED] - Scroll to object 'Object Repository/Specific Cases Repository/LS/Home/Calendar/Calendar_Events/Calendar_Events_Creation/Appointment/Page_Calendar/a_Automation Test with A Automation, A Clie_8f5a4c - Past' successfully

21-11-2024T11:52:27 - [TEST_STEP][PASSED] - mouseOver(findTestObject("Specific Cases Repository/LS/Home/Calendar/Calendar_Events/Calendar_Events_Creation/Appointment/Page_Calendar/a_Automation Test with A Automation, A Clie_8f5a4c - Past")): Object: 'Object Repository/Specific Cases Repository/LS/Home/Calendar/Calendar_Events/Calendar_Events_Creation/Appointment/Page_Calendar/a_Automation Test with A Automation, A Clie_8f5a4c - Past' is hovered

21-11-2024T11:52:27 - [MESSAGE][PASSED] - Object: 'Object Repository/Specific Cases Repository/LS/Home/Calendar/Calendar_Events/Calendar_Events_Creation/Appointment/Page_Calendar/a_Automation Test with A Automation, A Clie_8f5a4c - Past' is hovered

21-11-2024T11:52:27 - [TEST_STEP][PASSED] - click(findTestObject("Specific Cases Repository/LS/Home/Calendar/Calendar_Events/Calendar_Events_Creation/Appointment/Page_Calendar/a_Automation Test with A Automation, A Clie_8f5a4c - Past")): Object: 'Object Repository/Specific Cases Repository/LS/Home/Calendar/Calendar_Events/Calendar_Events_Creation/Appointment/Page_Calendar/a_Automation Test with A Automation, A Clie_8f5a4c - Past' is clicked on

21-11-2024T11:52:28 - [MESSAGE][PASSED] - Object: 'Object Repository/Specific Cases Repository/LS/Home/Calendar/Calendar_Events/Calendar_Events_Creation/Appointment/Page_Calendar/a_Automation Test with A Automation, A Clie_8f5a4c - Past' is clicked on

21-11-2024T11:52:28 - [TEST_STEP][PASSED] - closeBrowser(): Browser is closed

21-11-2024T11:52:28 - [MESSAGE][PASSED] - Browser is closed]]></system-out>
         <system-err><![CDATA[]]></system-err>
      </testcase>
      <testcase name="Test Cases/Specific Cases/LS/General/Calendar/Events_Creation/Past Events Creation/Past_Calendar_Block" time="30.774" classname="Test Cases/Specific Cases/LS/General/Calendar/Events_Creation/Past Events Creation/Past_Calendar_Block" status="PASSED">
         <system-out><![CDATA[21-11-2024T11:52:28 - [TEST_CASE][PASSED] - Test Cases/Specific Cases/LS/General/Calendar/Events_Creation/Past Events Creation/Past_Calendar_Block: Test Cases/Specific Cases/LS/General/Calendar/Events_Creation/Past Events Creation/Past_Calendar_Block

21-11-2024T11:52:28 - [TEST_STEP][PASSED] - callTestCase(findTestCase("Common Cases/Login"), [:], STOP_ON_FAILURE): Call Test Case 'Test Cases/Common Cases/Login' successfully

21-11-2024T11:52:28 - [TEST_CASE][PASSED] - Test Cases/Common Cases/Login: Test Cases/Common Cases/Login

21-11-2024T11:52:28 - [TEST_STEP][PASSED] - openBrowser(""): Browser is opened with url: ''

21-11-2024T11:52:28 - [MESSAGE][INFO] - Starting 'Chrome' driver

21-11-2024T11:52:28 - [MESSAGE][INFO] - Action delay is set to 0 milliseconds

21-11-2024T11:52:30 - [MESSAGE][PASSED] - Browser is opened with url: ''

21-11-2024T11:52:30 - [TEST_STEP][PASSED] - maximizeWindow(): Current window maximized

21-11-2024T11:52:30 - [MESSAGE][PASSED] - Current window maximized

21-11-2024T11:52:30 - [TEST_STEP][PASSED] - navigateToUrl("https://site17.lsapp.cloud/auth/login"): Navigate to 'https://site17.lsapp.cloud/auth/login' successfully

21-11-2024T11:52:30 - [MESSAGE][PASSED] - Navigate to 'https://site17.lsapp.cloud/auth/login' successfully

21-11-2024T11:52:30 - [TEST_STEP][PASSED] - setText(findTestObject("Object Repository/Common Cases Repository/Login/Page_Lightning Step/input_Email_email"), "automation@lightningstep.com"): Text 'automation@lightningstep.com' is set on object 'Object Repository/Common Cases Repository/Login/Page_Lightning Step/input_Email_email'

21-11-2024T11:52:32 - [MESSAGE][PASSED] - Text 'automation@lightningstep.com' is set on object 'Object Repository/Common Cases Repository/Login/Page_Lightning Step/input_Email_email'

21-11-2024T11:52:32 - [TEST_STEP][PASSED] - setEncryptedText(findTestObject("Object Repository/Common Cases Repository/Login/Page_Lightning Step/input_Password_password"), "e5N8VHmnhJDITtQaQhDQDw=="): Text ****** has been set on object 'Object Repository/Common Cases Repository/Login/Page_Lightning Step/input_Password_password'

21-11-2024T11:52:33 - [MESSAGE][PASSED] - Text ****** has been set on object 'Object Repository/Common Cases Repository/Login/Page_Lightning Step/input_Password_password'

21-11-2024T11:52:33 - [TEST_STEP][PASSED] - click(findTestObject("Object Repository/Common Cases Repository/Login/Page_Lightning Step/button_Sign in")): Object: 'Object Repository/Common Cases Repository/Login/Page_Lightning Step/button_Sign in' is clicked on

21-11-2024T11:52:41 - [MESSAGE][PASSED] - Object: 'Object Repository/Common Cases Repository/Login/Page_Lightning Step/button_Sign in' is clicked on

21-11-2024T11:52:41 - [MESSAGE][PASSED] - Call Test Case 'Test Cases/Common Cases/Login' successfully

21-11-2024T11:52:41 - [TEST_STEP][PASSED] - click(findTestObject("Object Repository/Specific Cases Repository/LS/Home/Calendar/Calendar_Events/Calendar_Events_Creation/Block/Page_Home/a_Calendar")): Object: 'Object Repository/Specific Cases Repository/LS/Home/Calendar/Calendar_Events/Calendar_Events_Creation/Block/Page_Home/a_Calendar' is clicked on

21-11-2024T11:52:47 - [MESSAGE][PASSED] - Object: 'Object Repository/Specific Cases Repository/LS/Home/Calendar/Calendar_Events/Calendar_Events_Creation/Block/Page_Home/a_Calendar' is clicked on

21-11-2024T11:52:47 - [TEST_STEP][PASSED] - click(findTestObject("Object Repository/Specific Cases Repository/LS/Home/Calendar/Calendar_Events/Calendar_Events_Creation/Appointment/Page_Calendar/div_Week")): Object: 'Object Repository/Specific Cases Repository/LS/Home/Calendar/Calendar_Events/Calendar_Events_Creation/Appointment/Page_Calendar/div_Week' is clicked on

21-11-2024T11:52:47 - [MESSAGE][PASSED] - Object: 'Object Repository/Specific Cases Repository/LS/Home/Calendar/Calendar_Events/Calendar_Events_Creation/Appointment/Page_Calendar/div_Week' is clicked on

21-11-2024T11:52:47 - [TEST_STEP][PASSED] - click(findTestObject("Object Repository/Specific Cases Repository/LS/Home/Calendar/Calendar_Events/Calendar_Events_Creation/Block/Page_Calendar/button_Create new")): Object: 'Object Repository/Specific Cases Repository/LS/Home/Calendar/Calendar_Events/Calendar_Events_Creation/Block/Page_Calendar/button_Create new' is clicked on

21-11-2024T11:52:48 - [MESSAGE][PASSED] - Object: 'Object Repository/Specific Cases Repository/LS/Home/Calendar/Calendar_Events/Calendar_Events_Creation/Block/Page_Calendar/button_Create new' is clicked on

21-11-2024T11:52:48 - [TEST_STEP][PASSED] - click(findTestObject("Object Repository/Specific Cases Repository/LS/Home/Calendar/Calendar_Events/Calendar_Events_Creation/Block/Page_Calendar/label_Block")): Object: 'Object Repository/Specific Cases Repository/LS/Home/Calendar/Calendar_Events/Calendar_Events_Creation/Block/Page_Calendar/label_Block' is clicked on

21-11-2024T11:52:50 - [MESSAGE][PASSED] - Object: 'Object Repository/Specific Cases Repository/LS/Home/Calendar/Calendar_Events/Calendar_Events_Creation/Block/Page_Calendar/label_Block' is clicked on

21-11-2024T11:52:50 - [TEST_STEP][PASSED] - setText(findTestObject("Object Repository/Specific Cases Repository/LS/Home/Calendar/Calendar_Events/Calendar_Events_Creation/Block/Page_Calendar/input_Title_title_"), "Past Automation Block"): Text 'Past Automation Block' is set on object 'Object Repository/Specific Cases Repository/LS/Home/Calendar/Calendar_Events/Calendar_Events_Creation/Block/Page_Calendar/input_Title_title_'

21-11-2024T11:52:51 - [MESSAGE][PASSED] - Text 'Past Automation Block' is set on object 'Object Repository/Specific Cases Repository/LS/Home/Calendar/Calendar_Events/Calendar_Events_Creation/Block/Page_Calendar/input_Title_title_'

21-11-2024T11:52:51 - [TEST_STEP][PASSED] - click(findTestObject("Object Repository/Specific Cases Repository/LS/Home/Calendar/Calendar_Events/Calendar_Events_Creation/Appointment/Page_Calendar/Date")): Object: 'Object Repository/Specific Cases Repository/LS/Home/Calendar/Calendar_Events/Calendar_Events_Creation/Appointment/Page_Calendar/Date' is clicked on

21-11-2024T11:52:51 - [MESSAGE][PASSED] - Object: 'Object Repository/Specific Cases Repository/LS/Home/Calendar/Calendar_Events/Calendar_Events_Creation/Appointment/Page_Calendar/Date' is clicked on

21-11-2024T11:52:51 - [TEST_STEP][PASSED] - setText(findTestObject("Object Repository/Specific Cases Repository/LS/Home/Calendar/Calendar_Events/Calendar_Events_Creation/Appointment/Page_Calendar/Date"), Last_Week_Date): Text '11/14/2024' is set on object 'Object Repository/Specific Cases Repository/LS/Home/Calendar/Calendar_Events/Calendar_Events_Creation/Appointment/Page_Calendar/Date'

21-11-2024T11:52:52 - [MESSAGE][PASSED] - Text '11/14/2024' is set on object 'Object Repository/Specific Cases Repository/LS/Home/Calendar/Calendar_Events/Calendar_Events_Creation/Appointment/Page_Calendar/Date'

21-11-2024T11:52:52 - [TEST_STEP][PASSED] - click(findTestObject("Object Repository/Specific Cases Repository/LS/Home/Calendar/Calendar_Events/Calendar_Events_Creation/Appointment/Page_Calendar/Start Time Clock")): Object: 'Object Repository/Specific Cases Repository/LS/Home/Calendar/Calendar_Events/Calendar_Events_Creation/Appointment/Page_Calendar/Start Time Clock' is clicked on

21-11-2024T11:52:53 - [MESSAGE][PASSED] - Object: 'Object Repository/Specific Cases Repository/LS/Home/Calendar/Calendar_Events/Calendar_Events_Creation/Appointment/Page_Calendar/Start Time Clock' is clicked on

21-11-2024T11:52:53 - [TEST_STEP][PASSED] - setText(findTestObject("Object Repository/Specific Cases Repository/LS/Home/Calendar/Calendar_Events/Calendar_Events_Creation/Appointment/Page_Calendar/Start Time Clock"), "1600"): Text '1600' is set on object 'Object Repository/Specific Cases Repository/LS/Home/Calendar/Calendar_Events/Calendar_Events_Creation/Appointment/Page_Calendar/Start Time Clock'

21-11-2024T11:52:54 - [MESSAGE][PASSED] - Text '1600' is set on object 'Object Repository/Specific Cases Repository/LS/Home/Calendar/Calendar_Events/Calendar_Events_Creation/Appointment/Page_Calendar/Start Time Clock'

21-11-2024T11:52:54 - [TEST_STEP][PASSED] - click(findTestObject("Object Repository/Specific Cases Repository/LS/Home/Calendar/Calendar_Events/Calendar_Events_Creation/Block/Page_Calendar/div_Schedule                               _3f20bf")): Object: 'Object Repository/Specific Cases Repository/LS/Home/Calendar/Calendar_Events/Calendar_Events_Creation/Block/Page_Calendar/div_Schedule                               _3f20bf' is clicked on

21-11-2024T11:52:54 - [MESSAGE][PASSED] - Object: 'Object Repository/Specific Cases Repository/LS/Home/Calendar/Calendar_Events/Calendar_Events_Creation/Block/Page_Calendar/div_Schedule                               _3f20bf' is clicked on

21-11-2024T11:52:54 - [TEST_STEP][PASSED] - setText(findTestObject("Object Repository/Specific Cases Repository/LS/Home/Calendar/Calendar_Events/Calendar_Events_Creation/Block/Page_Calendar/input_Notes_notes"), "Automation Block Note"): Text 'Automation Block Note' is set on object 'Object Repository/Specific Cases Repository/LS/Home/Calendar/Calendar_Events/Calendar_Events_Creation/Block/Page_Calendar/input_Notes_notes'

21-11-2024T11:52:55 - [MESSAGE][PASSED] - Text 'Automation Block Note' is set on object 'Object Repository/Specific Cases Repository/LS/Home/Calendar/Calendar_Events/Calendar_Events_Creation/Block/Page_Calendar/input_Notes_notes'

21-11-2024T11:52:55 - [TEST_STEP][PASSED] - click(findTestObject("Object Repository/Specific Cases Repository/LS/Home/Calendar/Calendar_Events/Calendar_Events_Creation/Block/Page_Calendar/a_Save")): Object: 'Object Repository/Specific Cases Repository/LS/Home/Calendar/Calendar_Events/Calendar_Events_Creation/Block/Page_Calendar/a_Save' is clicked on

21-11-2024T11:52:55 - [MESSAGE][PASSED] - Object: 'Object Repository/Specific Cases Repository/LS/Home/Calendar/Calendar_Events/Calendar_Events_Creation/Block/Page_Calendar/a_Save' is clicked on

21-11-2024T11:52:55 - [TEST_STEP][PASSED] - click(findTestObject("Specific Cases Repository/LS/Home/Calendar/Calendar_Events/Calendar_Events_Creation/Appointment/Page_Calendar/Previus Week Arrow")): Object: 'Object Repository/Specific Cases Repository/LS/Home/Calendar/Calendar_Events/Calendar_Events_Creation/Appointment/Page_Calendar/Previus Week Arrow' is clicked on

21-11-2024T11:52:57 - [MESSAGE][PASSED] - Object: 'Object Repository/Specific Cases Repository/LS/Home/Calendar/Calendar_Events/Calendar_Events_Creation/Appointment/Page_Calendar/Previus Week Arrow' is clicked on

21-11-2024T11:52:57 - [TEST_STEP][PASSED] - mouseOver(findTestObject("Specific Cases Repository/LS/Home/Calendar/Calendar_Events/Calendar_Events_Creation/Block/Page_Calendar/a_Blocked for Automation Block - Past")): Object: 'Object Repository/Specific Cases Repository/LS/Home/Calendar/Calendar_Events/Calendar_Events_Creation/Block/Page_Calendar/a_Blocked for Automation Block - Past' is hovered

21-11-2024T11:52:58 - [MESSAGE][PASSED] - Object: 'Object Repository/Specific Cases Repository/LS/Home/Calendar/Calendar_Events/Calendar_Events_Creation/Block/Page_Calendar/a_Blocked for Automation Block - Past' is hovered

21-11-2024T11:52:58 - [TEST_STEP][PASSED] - verifyElementText(findTestObject("Specific Cases Repository/LS/Home/Calendar/Calendar_Events/Calendar_Events_Creation/Block/Page_Calendar/span_Blocked for Past Automation Block"), "Blocked for: Past Automation Block"): Actual text and expected text of test object 'Object Repository/Specific Cases Repository/LS/Home/Calendar/Calendar_Events/Calendar_Events_Creation/Block/Page_Calendar/span_Blocked for Past Automation Block' are matched.

21-11-2024T11:52:59 - [MESSAGE][PASSED] - Actual text and expected text of test object 'Object Repository/Specific Cases Repository/LS/Home/Calendar/Calendar_Events/Calendar_Events_Creation/Block/Page_Calendar/span_Blocked for Past Automation Block' are matched.

21-11-2024T11:52:59 - [TEST_STEP][PASSED] - closeBrowser(): Browser is closed

21-11-2024T11:52:59 - [MESSAGE][PASSED] - Browser is closed]]></system-out>
         <system-err><![CDATA[]]></system-err>
      </testcase>
      <testcase name="Test Cases/Specific Cases/LS/General/Calendar/Events_Creation/Past Events Creation/Past_Calendar_Event" time="37.062" classname="Test Cases/Specific Cases/LS/General/Calendar/Events_Creation/Past Events Creation/Past_Calendar_Event" status="PASSED">
         <system-out><![CDATA[21-11-2024T11:52:59 - [TEST_CASE][PASSED] - Test Cases/Specific Cases/LS/General/Calendar/Events_Creation/Past Events Creation/Past_Calendar_Event: Test Cases/Specific Cases/LS/General/Calendar/Events_Creation/Past Events Creation/Past_Calendar_Event

21-11-2024T11:52:59 - [TEST_STEP][PASSED] - callTestCase(findTestCase("Common Cases/Login"), [:], STOP_ON_FAILURE): Call Test Case 'Test Cases/Common Cases/Login' successfully

21-11-2024T11:52:59 - [TEST_CASE][PASSED] - Test Cases/Common Cases/Login: Test Cases/Common Cases/Login

21-11-2024T11:52:59 - [TEST_STEP][PASSED] - openBrowser(""): Browser is opened with url: ''

21-11-2024T11:52:59 - [MESSAGE][INFO] - Starting 'Chrome' driver

21-11-2024T11:52:59 - [MESSAGE][INFO] - Action delay is set to 0 milliseconds

21-11-2024T11:53:00 - [MESSAGE][PASSED] - Browser is opened with url: ''

21-11-2024T11:53:00 - [TEST_STEP][PASSED] - maximizeWindow(): Current window maximized

21-11-2024T11:53:00 - [MESSAGE][PASSED] - Current window maximized

21-11-2024T11:53:00 - [TEST_STEP][PASSED] - navigateToUrl("https://site17.lsapp.cloud/auth/login"): Navigate to 'https://site17.lsapp.cloud/auth/login' successfully

21-11-2024T11:53:03 - [MESSAGE][PASSED] - Navigate to 'https://site17.lsapp.cloud/auth/login' successfully

21-11-2024T11:53:03 - [TEST_STEP][PASSED] - setText(findTestObject("Object Repository/Common Cases Repository/Login/Page_Lightning Step/input_Email_email"), "automation@lightningstep.com"): Text 'automation@lightningstep.com' is set on object 'Object Repository/Common Cases Repository/Login/Page_Lightning Step/input_Email_email'

21-11-2024T11:53:04 - [MESSAGE][PASSED] - Text 'automation@lightningstep.com' is set on object 'Object Repository/Common Cases Repository/Login/Page_Lightning Step/input_Email_email'

21-11-2024T11:53:04 - [TEST_STEP][PASSED] - setEncryptedText(findTestObject("Object Repository/Common Cases Repository/Login/Page_Lightning Step/input_Password_password"), "e5N8VHmnhJDITtQaQhDQDw=="): Text ****** has been set on object 'Object Repository/Common Cases Repository/Login/Page_Lightning Step/input_Password_password'

21-11-2024T11:53:04 - [MESSAGE][PASSED] - Text ****** has been set on object 'Object Repository/Common Cases Repository/Login/Page_Lightning Step/input_Password_password'

21-11-2024T11:53:04 - [TEST_STEP][PASSED] - click(findTestObject("Object Repository/Common Cases Repository/Login/Page_Lightning Step/button_Sign in")): Object: 'Object Repository/Common Cases Repository/Login/Page_Lightning Step/button_Sign in' is clicked on

21-11-2024T11:53:17 - [MESSAGE][PASSED] - Object: 'Object Repository/Common Cases Repository/Login/Page_Lightning Step/button_Sign in' is clicked on

21-11-2024T11:53:17 - [MESSAGE][PASSED] - Call Test Case 'Test Cases/Common Cases/Login' successfully

21-11-2024T11:53:17 - [TEST_STEP][PASSED] - click(findTestObject("Object Repository/Specific Cases Repository/LS/Home/Calendar/Calendar_Events/Calendar_Events_Creation/Event/Page_Home/a_Calendar")): Object: 'Object Repository/Specific Cases Repository/LS/Home/Calendar/Calendar_Events/Calendar_Events_Creation/Event/Page_Home/a_Calendar' is clicked on

21-11-2024T11:53:24 - [MESSAGE][PASSED] - Object: 'Object Repository/Specific Cases Repository/LS/Home/Calendar/Calendar_Events/Calendar_Events_Creation/Event/Page_Home/a_Calendar' is clicked on

21-11-2024T11:53:24 - [TEST_STEP][PASSED] - click(findTestObject("Object Repository/Specific Cases Repository/LS/Home/Calendar/Calendar_Events/Calendar_Events_Creation/Appointment/Page_Calendar/div_Week")): Object: 'Object Repository/Specific Cases Repository/LS/Home/Calendar/Calendar_Events/Calendar_Events_Creation/Appointment/Page_Calendar/div_Week' is clicked on

21-11-2024T11:53:25 - [MESSAGE][PASSED] - Object: 'Object Repository/Specific Cases Repository/LS/Home/Calendar/Calendar_Events/Calendar_Events_Creation/Appointment/Page_Calendar/div_Week' is clicked on

21-11-2024T11:53:25 - [TEST_STEP][PASSED] - click(findTestObject("Object Repository/Specific Cases Repository/LS/Home/Calendar/Calendar_Events/Calendar_Events_Creation/Event/Page_Calendar/button_Create new")): Object: 'Object Repository/Specific Cases Repository/LS/Home/Calendar/Calendar_Events/Calendar_Events_Creation/Event/Page_Calendar/button_Create new' is clicked on

21-11-2024T11:53:26 - [MESSAGE][PASSED] - Object: 'Object Repository/Specific Cases Repository/LS/Home/Calendar/Calendar_Events/Calendar_Events_Creation/Event/Page_Calendar/button_Create new' is clicked on

21-11-2024T11:53:26 - [TEST_STEP][PASSED] - click(findTestObject("Object Repository/Specific Cases Repository/LS/Home/Calendar/Calendar_Events/Calendar_Events_Creation/Event/Page_Calendar/label_Event")): Object: 'Object Repository/Specific Cases Repository/LS/Home/Calendar/Calendar_Events/Calendar_Events_Creation/Event/Page_Calendar/label_Event' is clicked on

21-11-2024T11:53:27 - [MESSAGE][PASSED] - Object: 'Object Repository/Specific Cases Repository/LS/Home/Calendar/Calendar_Events/Calendar_Events_Creation/Event/Page_Calendar/label_Event' is clicked on

21-11-2024T11:53:27 - [TEST_STEP][PASSED] - setText(findTestObject("Object Repository/Specific Cases Repository/LS/Home/Calendar/Calendar_Events/Calendar_Events_Creation/Event/Page_Calendar/input_Title_title_"), "Past Automation Event"): Text 'Past Automation Event' is set on object 'Object Repository/Specific Cases Repository/LS/Home/Calendar/Calendar_Events/Calendar_Events_Creation/Event/Page_Calendar/input_Title_title_'

21-11-2024T11:53:28 - [MESSAGE][PASSED] - Text 'Past Automation Event' is set on object 'Object Repository/Specific Cases Repository/LS/Home/Calendar/Calendar_Events/Calendar_Events_Creation/Event/Page_Calendar/input_Title_title_'

21-11-2024T11:53:28 - [TEST_STEP][PASSED] - click(findTestObject("Object Repository/Specific Cases Repository/LS/Home/Calendar/Calendar_Events/Calendar_Events_Creation/Appointment/Page_Calendar/Date")): Object: 'Object Repository/Specific Cases Repository/LS/Home/Calendar/Calendar_Events/Calendar_Events_Creation/Appointment/Page_Calendar/Date' is clicked on

21-11-2024T11:53:28 - [MESSAGE][PASSED] - Object: 'Object Repository/Specific Cases Repository/LS/Home/Calendar/Calendar_Events/Calendar_Events_Creation/Appointment/Page_Calendar/Date' is clicked on

21-11-2024T11:53:28 - [TEST_STEP][PASSED] - setText(findTestObject("Object Repository/Specific Cases Repository/LS/Home/Calendar/Calendar_Events/Calendar_Events_Creation/Appointment/Page_Calendar/Date"), Last_Week_Date): Text '11/14/2024' is set on object 'Object Repository/Specific Cases Repository/LS/Home/Calendar/Calendar_Events/Calendar_Events_Creation/Appointment/Page_Calendar/Date'

21-11-2024T11:53:29 - [MESSAGE][PASSED] - Text '11/14/2024' is set on object 'Object Repository/Specific Cases Repository/LS/Home/Calendar/Calendar_Events/Calendar_Events_Creation/Appointment/Page_Calendar/Date'

21-11-2024T11:53:29 - [TEST_STEP][PASSED] - click(findTestObject("Object Repository/Specific Cases Repository/LS/Home/Calendar/Calendar_Events/Calendar_Events_Creation/Appointment/Page_Calendar/Start Time Clock")): Object: 'Object Repository/Specific Cases Repository/LS/Home/Calendar/Calendar_Events/Calendar_Events_Creation/Appointment/Page_Calendar/Start Time Clock' is clicked on

21-11-2024T11:53:30 - [MESSAGE][PASSED] - Object: 'Object Repository/Specific Cases Repository/LS/Home/Calendar/Calendar_Events/Calendar_Events_Creation/Appointment/Page_Calendar/Start Time Clock' is clicked on

21-11-2024T11:53:30 - [TEST_STEP][PASSED] - setText(findTestObject("Object Repository/Specific Cases Repository/LS/Home/Calendar/Calendar_Events/Calendar_Events_Creation/Appointment/Page_Calendar/Start Time Clock"), "1400"): Text '1400' is set on object 'Object Repository/Specific Cases Repository/LS/Home/Calendar/Calendar_Events/Calendar_Events_Creation/Appointment/Page_Calendar/Start Time Clock'

21-11-2024T11:53:31 - [MESSAGE][PASSED] - Text '1400' is set on object 'Object Repository/Specific Cases Repository/LS/Home/Calendar/Calendar_Events/Calendar_Events_Creation/Appointment/Page_Calendar/Start Time Clock'

21-11-2024T11:53:31 - [TEST_STEP][PASSED] - click(findTestObject("Object Repository/Specific Cases Repository/LS/Home/Calendar/Calendar_Events/Calendar_Events_Creation/Event/Page_Calendar/div_Schedule                               _3f20bf")): Object: 'Object Repository/Specific Cases Repository/LS/Home/Calendar/Calendar_Events/Calendar_Events_Creation/Event/Page_Calendar/div_Schedule                               _3f20bf' is clicked on

21-11-2024T11:53:31 - [MESSAGE][PASSED] - Object: 'Object Repository/Specific Cases Repository/LS/Home/Calendar/Calendar_Events/Calendar_Events_Creation/Event/Page_Calendar/div_Schedule                               _3f20bf' is clicked on

21-11-2024T11:53:31 - [TEST_STEP][PASSED] - setText(findTestObject("Object Repository/Specific Cases Repository/LS/Home/Calendar/Calendar_Events/Calendar_Events_Creation/Event/Page_Calendar/input_Notes_notes"), "Past Automation Event Note"): Text 'Past Automation Event Note' is set on object 'Object Repository/Specific Cases Repository/LS/Home/Calendar/Calendar_Events/Calendar_Events_Creation/Event/Page_Calendar/input_Notes_notes'

21-11-2024T11:53:32 - [MESSAGE][PASSED] - Text 'Past Automation Event Note' is set on object 'Object Repository/Specific Cases Repository/LS/Home/Calendar/Calendar_Events/Calendar_Events_Creation/Event/Page_Calendar/input_Notes_notes'

21-11-2024T11:53:32 - [TEST_STEP][PASSED] - click(findTestObject("Object Repository/Specific Cases Repository/LS/Home/Calendar/Calendar_Events/Calendar_Events_Creation/Event/Page_Calendar/a_Save")): Object: 'Object Repository/Specific Cases Repository/LS/Home/Calendar/Calendar_Events/Calendar_Events_Creation/Event/Page_Calendar/a_Save' is clicked on

21-11-2024T11:53:32 - [MESSAGE][PASSED] - Object: 'Object Repository/Specific Cases Repository/LS/Home/Calendar/Calendar_Events/Calendar_Events_Creation/Event/Page_Calendar/a_Save' is clicked on

21-11-2024T11:53:32 - [TEST_STEP][PASSED] - click(findTestObject("Specific Cases Repository/LS/Home/Calendar/Calendar_Events/Calendar_Events_Creation/Appointment/Page_Calendar/Previus Week Arrow")): Object: 'Object Repository/Specific Cases Repository/LS/Home/Calendar/Calendar_Events/Calendar_Events_Creation/Appointment/Page_Calendar/Previus Week Arrow' is clicked on

21-11-2024T11:53:34 - [MESSAGE][PASSED] - Object: 'Object Repository/Specific Cases Repository/LS/Home/Calendar/Calendar_Events/Calendar_Events_Creation/Appointment/Page_Calendar/Previus Week Arrow' is clicked on

21-11-2024T11:53:34 - [TEST_STEP][PASSED] - scrollToElement(findTestObject("Specific Cases Repository/LS/Home/Calendar/Calendar_Events/Calendar_Events_Creation/Event/Page_Calendar/a_Automation Event - Past"), 0): Scroll to object 'Object Repository/Specific Cases Repository/LS/Home/Calendar/Calendar_Events/Calendar_Events_Creation/Event/Page_Calendar/a_Automation Event - Past' successfully

21-11-2024T11:53:34 - [MESSAGE][WARNING] - Timeout '0' is invalid. Using default page load timeout: '30'

21-11-2024T11:53:35 - [MESSAGE][PASSED] - Scroll to object 'Object Repository/Specific Cases Repository/LS/Home/Calendar/Calendar_Events/Calendar_Events_Creation/Event/Page_Calendar/a_Automation Event - Past' successfully

21-11-2024T11:53:35 - [TEST_STEP][PASSED] - mouseOver(findTestObject("Specific Cases Repository/LS/Home/Calendar/Calendar_Events/Calendar_Events_Creation/Event/Page_Calendar/a_Automation Event - Past")): Object: 'Object Repository/Specific Cases Repository/LS/Home/Calendar/Calendar_Events/Calendar_Events_Creation/Event/Page_Calendar/a_Automation Event - Past' is hovered

21-11-2024T11:53:36 - [MESSAGE][PASSED] - Object: 'Object Repository/Specific Cases Repository/LS/Home/Calendar/Calendar_Events/Calendar_Events_Creation/Event/Page_Calendar/a_Automation Event - Past' is hovered

21-11-2024T11:53:36 - [TEST_STEP][PASSED] - verifyElementText(findTestObject("Specific Cases Repository/LS/Home/Calendar/Calendar_Events/Calendar_Events_Creation/Event/Page_Calendar/span_Automation Event - Past"), "Past Automation Event"): Actual text and expected text of test object 'Object Repository/Specific Cases Repository/LS/Home/Calendar/Calendar_Events/Calendar_Events_Creation/Event/Page_Calendar/span_Automation Event - Past' are matched.

21-11-2024T11:53:36 - [MESSAGE][PASSED] - Actual text and expected text of test object 'Object Repository/Specific Cases Repository/LS/Home/Calendar/Calendar_Events/Calendar_Events_Creation/Event/Page_Calendar/span_Automation Event - Past' are matched.

21-11-2024T11:53:36 - [TEST_STEP][PASSED] - closeBrowser(): Browser is closed

21-11-2024T11:53:36 - [MESSAGE][PASSED] - Browser is closed]]></system-out>
         <system-err><![CDATA[]]></system-err>
      </testcase>
      <testcase name="Test Cases/Specific Cases/LS/General/Calendar/Events_Creation/Past Events Creation/Past_Calendar_Groups" time="47.448" classname="Test Cases/Specific Cases/LS/General/Calendar/Events_Creation/Past Events Creation/Past_Calendar_Groups" status="PASSED">
         <system-out><![CDATA[21-11-2024T11:53:36 - [TEST_CASE][PASSED] - Test Cases/Specific Cases/LS/General/Calendar/Events_Creation/Past Events Creation/Past_Calendar_Groups: Test Cases/Specific Cases/LS/General/Calendar/Events_Creation/Past Events Creation/Past_Calendar_Groups

21-11-2024T11:53:36 - [TEST_STEP][PASSED] - callTestCase(findTestCase("Common Cases/Login"), [:], STOP_ON_FAILURE): Call Test Case 'Test Cases/Common Cases/Login' successfully

21-11-2024T11:53:36 - [TEST_CASE][PASSED] - Test Cases/Common Cases/Login: Test Cases/Common Cases/Login

21-11-2024T11:53:36 - [TEST_STEP][PASSED] - openBrowser(""): Browser is opened with url: ''

21-11-2024T11:53:36 - [MESSAGE][INFO] - Starting 'Chrome' driver

21-11-2024T11:53:36 - [MESSAGE][INFO] - Action delay is set to 0 milliseconds

21-11-2024T11:53:37 - [MESSAGE][PASSED] - Browser is opened with url: ''

21-11-2024T11:53:37 - [TEST_STEP][PASSED] - maximizeWindow(): Current window maximized

21-11-2024T11:53:37 - [MESSAGE][PASSED] - Current window maximized

21-11-2024T11:53:37 - [TEST_STEP][PASSED] - navigateToUrl("https://site17.lsapp.cloud/auth/login"): Navigate to 'https://site17.lsapp.cloud/auth/login' successfully

21-11-2024T11:53:39 - [MESSAGE][PASSED] - Navigate to 'https://site17.lsapp.cloud/auth/login' successfully

21-11-2024T11:53:39 - [TEST_STEP][PASSED] - setText(findTestObject("Object Repository/Common Cases Repository/Login/Page_Lightning Step/input_Email_email"), "automation@lightningstep.com"): Text 'automation@lightningstep.com' is set on object 'Object Repository/Common Cases Repository/Login/Page_Lightning Step/input_Email_email'

21-11-2024T11:53:40 - [MESSAGE][PASSED] - Text 'automation@lightningstep.com' is set on object 'Object Repository/Common Cases Repository/Login/Page_Lightning Step/input_Email_email'

21-11-2024T11:53:40 - [TEST_STEP][PASSED] - setEncryptedText(findTestObject("Object Repository/Common Cases Repository/Login/Page_Lightning Step/input_Password_password"), "e5N8VHmnhJDITtQaQhDQDw=="): Text ****** has been set on object 'Object Repository/Common Cases Repository/Login/Page_Lightning Step/input_Password_password'

21-11-2024T11:53:40 - [MESSAGE][PASSED] - Text ****** has been set on object 'Object Repository/Common Cases Repository/Login/Page_Lightning Step/input_Password_password'

21-11-2024T11:53:40 - [TEST_STEP][PASSED] - click(findTestObject("Object Repository/Common Cases Repository/Login/Page_Lightning Step/button_Sign in")): Object: 'Object Repository/Common Cases Repository/Login/Page_Lightning Step/button_Sign in' is clicked on

21-11-2024T11:53:49 - [MESSAGE][PASSED] - Object: 'Object Repository/Common Cases Repository/Login/Page_Lightning Step/button_Sign in' is clicked on

21-11-2024T11:53:49 - [MESSAGE][PASSED] - Call Test Case 'Test Cases/Common Cases/Login' successfully

21-11-2024T11:53:49 - [TEST_STEP][PASSED] - click(findTestObject("Object Repository/Specific Cases Repository/LS/Home/Calendar/Calendar_Events/Calendar_Events_Creation/Group/Page_Home/a_Calendar")): Object: 'Object Repository/Specific Cases Repository/LS/Home/Calendar/Calendar_Events/Calendar_Events_Creation/Group/Page_Home/a_Calendar' is clicked on

21-11-2024T11:53:54 - [MESSAGE][PASSED] - Object: 'Object Repository/Specific Cases Repository/LS/Home/Calendar/Calendar_Events/Calendar_Events_Creation/Group/Page_Home/a_Calendar' is clicked on

21-11-2024T11:53:54 - [TEST_STEP][PASSED] - click(findTestObject("Object Repository/Specific Cases Repository/LS/Home/Calendar/Calendar_Events/Calendar_Events_Creation/Appointment/Page_Calendar/div_Week")): Object: 'Object Repository/Specific Cases Repository/LS/Home/Calendar/Calendar_Events/Calendar_Events_Creation/Appointment/Page_Calendar/div_Week' is clicked on

21-11-2024T11:53:54 - [MESSAGE][PASSED] - Object: 'Object Repository/Specific Cases Repository/LS/Home/Calendar/Calendar_Events/Calendar_Events_Creation/Appointment/Page_Calendar/div_Week' is clicked on

21-11-2024T11:53:54 - [TEST_STEP][PASSED] - click(findTestObject("Object Repository/Specific Cases Repository/LS/Home/Calendar/Calendar_Events/Calendar_Events_Creation/Group/Page_Calendar/button_Create new")): Object: 'Object Repository/Specific Cases Repository/LS/Home/Calendar/Calendar_Events/Calendar_Events_Creation/Group/Page_Calendar/button_Create new' is clicked on

21-11-2024T11:53:55 - [MESSAGE][PASSED] - Object: 'Object Repository/Specific Cases Repository/LS/Home/Calendar/Calendar_Events/Calendar_Events_Creation/Group/Page_Calendar/button_Create new' is clicked on

21-11-2024T11:53:55 - [TEST_STEP][PASSED] - click(findTestObject("Object Repository/Specific Cases Repository/LS/Home/Calendar/Calendar_Events/Calendar_Events_Creation/Group/Page_Calendar/label_Group")): Object: 'Object Repository/Specific Cases Repository/LS/Home/Calendar/Calendar_Events/Calendar_Events_Creation/Group/Page_Calendar/label_Group' is clicked on

21-11-2024T11:53:56 - [MESSAGE][PASSED] - Object: 'Object Repository/Specific Cases Repository/LS/Home/Calendar/Calendar_Events/Calendar_Events_Creation/Group/Page_Calendar/label_Group' is clicked on

21-11-2024T11:53:56 - [TEST_STEP][PASSED] - click(findTestObject("Object Repository/Specific Cases Repository/LS/Home/Calendar/Calendar_Events/Calendar_Events_Creation/Group/Page_Calendar/Groups Selector")): Object: 'Object Repository/Specific Cases Repository/LS/Home/Calendar/Calendar_Events/Calendar_Events_Creation/Group/Page_Calendar/Groups Selector' is clicked on

21-11-2024T11:53:57 - [MESSAGE][PASSED] - Object: 'Object Repository/Specific Cases Repository/LS/Home/Calendar/Calendar_Events/Calendar_Events_Creation/Group/Page_Calendar/Groups Selector' is clicked on

21-11-2024T11:53:57 - [TEST_STEP][PASSED] - click(findTestObject("Object Repository/Specific Cases Repository/LS/Home/Calendar/Calendar_Events/Calendar_Events_Creation/Page_Calendar/a_Cancel")): Object: 'Object Repository/Specific Cases Repository/LS/Home/Calendar/Calendar_Events/Calendar_Events_Creation/Page_Calendar/a_Cancel' is clicked on

21-11-2024T11:53:58 - [MESSAGE][PASSED] - Object: 'Object Repository/Specific Cases Repository/LS/Home/Calendar/Calendar_Events/Calendar_Events_Creation/Page_Calendar/a_Cancel' is clicked on

21-11-2024T11:53:58 - [TEST_STEP][PASSED] - click(findTestObject("Object Repository/Specific Cases Repository/LS/Home/Calendar/Calendar_Events/Calendar_Events_Creation/Group/Page_Calendar/button_Create new")): Object: 'Object Repository/Specific Cases Repository/LS/Home/Calendar/Calendar_Events/Calendar_Events_Creation/Group/Page_Calendar/button_Create new' is clicked on

21-11-2024T11:53:58 - [MESSAGE][PASSED] - Object: 'Object Repository/Specific Cases Repository/LS/Home/Calendar/Calendar_Events/Calendar_Events_Creation/Group/Page_Calendar/button_Create new' is clicked on

21-11-2024T11:53:58 - [TEST_STEP][PASSED] - click(findTestObject("Object Repository/Specific Cases Repository/LS/Home/Calendar/Calendar_Events/Calendar_Events_Creation/Group/Page_Calendar/label_Group")): Object: 'Object Repository/Specific Cases Repository/LS/Home/Calendar/Calendar_Events/Calendar_Events_Creation/Group/Page_Calendar/label_Group' is clicked on

21-11-2024T11:53:59 - [MESSAGE][PASSED] - Object: 'Object Repository/Specific Cases Repository/LS/Home/Calendar/Calendar_Events/Calendar_Events_Creation/Group/Page_Calendar/label_Group' is clicked on

21-11-2024T11:53:59 - [TEST_STEP][PASSED] - click(findTestObject("Object Repository/Specific Cases Repository/LS/Home/Calendar/Calendar_Events/Calendar_Events_Creation/Group/Page_Calendar/label_Group")): Object: 'Object Repository/Specific Cases Repository/LS/Home/Calendar/Calendar_Events/Calendar_Events_Creation/Group/Page_Calendar/label_Group' is clicked on

21-11-2024T11:53:59 - [MESSAGE][PASSED] - Object: 'Object Repository/Specific Cases Repository/LS/Home/Calendar/Calendar_Events/Calendar_Events_Creation/Group/Page_Calendar/label_Group' is clicked on

21-11-2024T11:53:59 - [TEST_STEP][PASSED] - click(findTestObject("Object Repository/Specific Cases Repository/LS/Home/Calendar/Calendar_Events/Calendar_Events_Creation/Group/Page_Calendar/Groups Selector")): Object: 'Object Repository/Specific Cases Repository/LS/Home/Calendar/Calendar_Events/Calendar_Events_Creation/Group/Page_Calendar/Groups Selector' is clicked on

21-11-2024T11:54:00 - [MESSAGE][PASSED] - Object: 'Object Repository/Specific Cases Repository/LS/Home/Calendar/Calendar_Events/Calendar_Events_Creation/Group/Page_Calendar/Groups Selector' is clicked on

21-11-2024T11:54:00 - [TEST_STEP][PASSED] - setText(findTestObject("Object Repository/Specific Cases Repository/LS/Home/Calendar/Calendar_Events/Calendar_Events_Creation/Group/Page_Calendar/input_Loading_select2-search__field"), "1.2"): Text '1.2' is set on object 'Object Repository/Specific Cases Repository/LS/Home/Calendar/Calendar_Events/Calendar_Events_Creation/Group/Page_Calendar/input_Loading_select2-search__field'

21-11-2024T11:54:01 - [MESSAGE][PASSED] - Text '1.2' is set on object 'Object Repository/Specific Cases Repository/LS/Home/Calendar/Calendar_Events/Calendar_Events_Creation/Group/Page_Calendar/input_Loading_select2-search__field'

21-11-2024T11:54:01 - [TEST_STEP][PASSED] - sendKeys(findTestObject("Object Repository/Specific Cases Repository/LS/Home/Calendar/Calendar_Events/Calendar_Events_Creation/Group/Page_Calendar/input_Loading_select2-search__field"), Keys.chord(ENTER)): Keys 'ENTER + ' sent to object: 'Object Repository/Specific Cases Repository/LS/Home/Calendar/Calendar_Events/Calendar_Events_Creation/Group/Page_Calendar/input_Loading_select2-search__field'

21-11-2024T11:54:02 - [MESSAGE][PASSED] - Keys 'ENTER + ' sent to object: 'Object Repository/Specific Cases Repository/LS/Home/Calendar/Calendar_Events/Calendar_Events_Creation/Group/Page_Calendar/input_Loading_select2-search__field'

21-11-2024T11:54:02 - [TEST_STEP][PASSED] - click(findTestObject("Specific Cases Repository/LS/Home/Calendar/Calendar_Events/Calendar_Events_Creation/Group/Page_Calendar/Date Warning")): Object: 'Object Repository/Specific Cases Repository/LS/Home/Calendar/Calendar_Events/Calendar_Events_Creation/Group/Page_Calendar/Date Warning' is clicked on

21-11-2024T11:54:03 - [MESSAGE][PASSED] - Object: 'Object Repository/Specific Cases Repository/LS/Home/Calendar/Calendar_Events/Calendar_Events_Creation/Group/Page_Calendar/Date Warning' is clicked on

21-11-2024T11:54:03 - [TEST_STEP][PASSED] - setText(findTestObject("Object Repository/Specific Cases Repository/LS/Home/Calendar/Calendar_Events/Calendar_Events_Creation/Group/Page_Calendar/input_Title_title_"), "1.2 Automatically Enroll Clients in Selected Location/Program(s) : Select Content"): Text '1.2 Automatically Enroll Clients in Selected Location/Program(s) : Select Content' is set on object 'Object Repository/Specific Cases Repository/LS/Home/Calendar/Calendar_Events/Calendar_Events_Creation/Group/Page_Calendar/input_Title_title_'

21-11-2024T11:54:03 - [MESSAGE][PASSED] - Text '1.2 Automatically Enroll Clients in Selected Location/Program(s) : Select Content' is set on object 'Object Repository/Specific Cases Repository/LS/Home/Calendar/Calendar_Events/Calendar_Events_Creation/Group/Page_Calendar/input_Title_title_'

21-11-2024T11:54:03 - [TEST_STEP][PASSED] - click(findTestObject("Object Repository/Specific Cases Repository/LS/Home/Calendar/Calendar_Events/Calendar_Events_Creation/Group/Page_Calendar/Date")): Object: 'Object Repository/Specific Cases Repository/LS/Home/Calendar/Calendar_Events/Calendar_Events_Creation/Group/Page_Calendar/Date' is clicked on

21-11-2024T11:54:04 - [MESSAGE][PASSED] - Object: 'Object Repository/Specific Cases Repository/LS/Home/Calendar/Calendar_Events/Calendar_Events_Creation/Group/Page_Calendar/Date' is clicked on

21-11-2024T11:54:04 - [TEST_STEP][PASSED] - setText(findTestObject("Object Repository/Specific Cases Repository/LS/Home/Calendar/Calendar_Events/Calendar_Events_Creation/Group/Page_Calendar/Date"), Last_Week_Date): Text '11/14/2024' is set on object 'Object Repository/Specific Cases Repository/LS/Home/Calendar/Calendar_Events/Calendar_Events_Creation/Group/Page_Calendar/Date'

21-11-2024T11:54:04 - [MESSAGE][PASSED] - Text '11/14/2024' is set on object 'Object Repository/Specific Cases Repository/LS/Home/Calendar/Calendar_Events/Calendar_Events_Creation/Group/Page_Calendar/Date'

21-11-2024T11:54:04 - [TEST_STEP][PASSED] - click(findTestObject("Object Repository/Specific Cases Repository/LS/Home/Calendar/Calendar_Events/Calendar_Events_Creation/Group/Page_Calendar/Start Time")): Object: 'Object Repository/Specific Cases Repository/LS/Home/Calendar/Calendar_Events/Calendar_Events_Creation/Group/Page_Calendar/Start Time' is clicked on

21-11-2024T11:54:07 - [MESSAGE][PASSED] - Object: 'Object Repository/Specific Cases Repository/LS/Home/Calendar/Calendar_Events/Calendar_Events_Creation/Group/Page_Calendar/Start Time' is clicked on

21-11-2024T11:54:07 - [TEST_STEP][PASSED] - setText(findTestObject("Object Repository/Specific Cases Repository/LS/Home/Calendar/Calendar_Events/Calendar_Events_Creation/Group/Page_Calendar/Start Time"), "1300"): Text '1300' is set on object 'Object Repository/Specific Cases Repository/LS/Home/Calendar/Calendar_Events/Calendar_Events_Creation/Group/Page_Calendar/Start Time'

21-11-2024T11:54:07 - [MESSAGE][PASSED] - Text '1300' is set on object 'Object Repository/Specific Cases Repository/LS/Home/Calendar/Calendar_Events/Calendar_Events_Creation/Group/Page_Calendar/Start Time'

21-11-2024T11:54:07 - [TEST_STEP][PASSED] - click(findTestObject("Object Repository/Specific Cases Repository/LS/Home/Calendar/Calendar_Events/Calendar_Events_Creation/Group/Page_Calendar/End Time")): Object: 'Object Repository/Specific Cases Repository/LS/Home/Calendar/Calendar_Events/Calendar_Events_Creation/Group/Page_Calendar/End Time' is clicked on

21-11-2024T11:54:08 - [MESSAGE][PASSED] - Object: 'Object Repository/Specific Cases Repository/LS/Home/Calendar/Calendar_Events/Calendar_Events_Creation/Group/Page_Calendar/End Time' is clicked on

21-11-2024T11:54:08 - [TEST_STEP][PASSED] - setText(findTestObject("Object Repository/Specific Cases Repository/LS/Home/Calendar/Calendar_Events/Calendar_Events_Creation/Group/Page_Calendar/End Time"), "1400"): Text '1400' is set on object 'Object Repository/Specific Cases Repository/LS/Home/Calendar/Calendar_Events/Calendar_Events_Creation/Group/Page_Calendar/End Time'

21-11-2024T11:54:09 - [MESSAGE][PASSED] - Text '1400' is set on object 'Object Repository/Specific Cases Repository/LS/Home/Calendar/Calendar_Events/Calendar_Events_Creation/Group/Page_Calendar/End Time'

21-11-2024T11:54:09 - [TEST_STEP][PASSED] - click(findTestObject("Object Repository/Specific Cases Repository/LS/Home/Calendar/Calendar_Events/Calendar_Events_Creation/Group/Page_Calendar/Groups Selector")): Object: 'Object Repository/Specific Cases Repository/LS/Home/Calendar/Calendar_Events/Calendar_Events_Creation/Group/Page_Calendar/Groups Selector' is clicked on

21-11-2024T11:54:10 - [MESSAGE][PASSED] - Object: 'Object Repository/Specific Cases Repository/LS/Home/Calendar/Calendar_Events/Calendar_Events_Creation/Group/Page_Calendar/Groups Selector' is clicked on

21-11-2024T11:54:10 - [TEST_STEP][PASSED] - setText(findTestObject("Object Repository/Specific Cases Repository/LS/Home/Calendar/Calendar_Events/Calendar_Events_Creation/Group/Page_Calendar/input_Loading_select2-search__field"), "1.2"): Text '1.2' is set on object 'Object Repository/Specific Cases Repository/LS/Home/Calendar/Calendar_Events/Calendar_Events_Creation/Group/Page_Calendar/input_Loading_select2-search__field'

21-11-2024T11:54:11 - [MESSAGE][PASSED] - Text '1.2' is set on object 'Object Repository/Specific Cases Repository/LS/Home/Calendar/Calendar_Events/Calendar_Events_Creation/Group/Page_Calendar/input_Loading_select2-search__field'

21-11-2024T11:54:11 - [TEST_STEP][PASSED] - sendKeys(findTestObject("Object Repository/Specific Cases Repository/LS/Home/Calendar/Calendar_Events/Calendar_Events_Creation/Group/Page_Calendar/input_Loading_select2-search__field"), Keys.chord(ENTER)): Keys 'ENTER + ' sent to object: 'Object Repository/Specific Cases Repository/LS/Home/Calendar/Calendar_Events/Calendar_Events_Creation/Group/Page_Calendar/input_Loading_select2-search__field'

21-11-2024T11:54:12 - [MESSAGE][PASSED] - Keys 'ENTER + ' sent to object: 'Object Repository/Specific Cases Repository/LS/Home/Calendar/Calendar_Events/Calendar_Events_Creation/Group/Page_Calendar/input_Loading_select2-search__field'

21-11-2024T11:54:12 - [TEST_STEP][PASSED] - click(findTestObject("Object Repository/Specific Cases Repository/LS/Home/Calendar/Calendar_Events/Calendar_Events_Creation/Group/Page_Calendar/span_Select Clients")): Object: 'Object Repository/Specific Cases Repository/LS/Home/Calendar/Calendar_Events/Calendar_Events_Creation/Group/Page_Calendar/span_Select Clients' is clicked on

21-11-2024T11:54:12 - [MESSAGE][PASSED] - Object: 'Object Repository/Specific Cases Repository/LS/Home/Calendar/Calendar_Events/Calendar_Events_Creation/Group/Page_Calendar/span_Select Clients' is clicked on

21-11-2024T11:54:12 - [TEST_STEP][PASSED] - click(findTestObject("Object Repository/Specific Cases Repository/LS/Home/Calendar/Calendar_Events/Calendar_Events_Creation/Group/Page_Calendar/label_C Automation, C Client MR 24-11008")): Object: 'Object Repository/Specific Cases Repository/LS/Home/Calendar/Calendar_Events/Calendar_Events_Creation/Group/Page_Calendar/label_C Automation, C Client MR 24-11008' is clicked on

21-11-2024T11:54:12 - [MESSAGE][PASSED] - Object: 'Object Repository/Specific Cases Repository/LS/Home/Calendar/Calendar_Events/Calendar_Events_Creation/Group/Page_Calendar/label_C Automation, C Client MR 24-11008' is clicked on

21-11-2024T11:54:12 - [TEST_STEP][PASSED] - click(findTestObject("Object Repository/Specific Cases Repository/LS/Home/Calendar/Calendar_Events/Calendar_Events_Creation/Group/Page_Calendar/label_B Automation, B Client MR 24-11007")): Object: 'Object Repository/Specific Cases Repository/LS/Home/Calendar/Calendar_Events/Calendar_Events_Creation/Group/Page_Calendar/label_B Automation, B Client MR 24-11007' is clicked on

21-11-2024T11:54:13 - [MESSAGE][PASSED] - Object: 'Object Repository/Specific Cases Repository/LS/Home/Calendar/Calendar_Events/Calendar_Events_Creation/Group/Page_Calendar/label_B Automation, B Client MR 24-11007' is clicked on

21-11-2024T11:54:13 - [TEST_STEP][PASSED] - click(findTestObject("Object Repository/Specific Cases Repository/LS/Home/Calendar/Calendar_Events/Calendar_Events_Creation/Group/Page_Calendar/View Enrolled Patients")): Object: 'Object Repository/Specific Cases Repository/LS/Home/Calendar/Calendar_Events/Calendar_Events_Creation/Group/Page_Calendar/View Enrolled Patients' is clicked on

21-11-2024T11:54:14 - [MESSAGE][PASSED] - Object: 'Object Repository/Specific Cases Repository/LS/Home/Calendar/Calendar_Events/Calendar_Events_Creation/Group/Page_Calendar/View Enrolled Patients' is clicked on

21-11-2024T11:54:14 - [TEST_STEP][PASSED] - verifyElementText(findTestObject("Object Repository/Specific Cases Repository/LS/Home/Calendar/Calendar_Events/Calendar_Events_Creation/Group/Page_Calendar/td_C Automation, C Client MR 24-11008"), "C Automation, C Client MR# 24-11008"): Actual text and expected text of test object 'Object Repository/Specific Cases Repository/LS/Home/Calendar/Calendar_Events/Calendar_Events_Creation/Group/Page_Calendar/td_C Automation, C Client MR 24-11008' are matched.

21-11-2024T11:54:14 - [MESSAGE][PASSED] - Actual text and expected text of test object 'Object Repository/Specific Cases Repository/LS/Home/Calendar/Calendar_Events/Calendar_Events_Creation/Group/Page_Calendar/td_C Automation, C Client MR 24-11008' are matched.

21-11-2024T11:54:14 - [TEST_STEP][PASSED] - verifyElementText(findTestObject("Object Repository/Specific Cases Repository/LS/Home/Calendar/Calendar_Events/Calendar_Events_Creation/Group/Page_Calendar/td_B Automation, B Client MR 24-11007"), "B Automation, B Client MR# 24-11007"): Actual text and expected text of test object 'Object Repository/Specific Cases Repository/LS/Home/Calendar/Calendar_Events/Calendar_Events_Creation/Group/Page_Calendar/td_B Automation, B Client MR 24-11007' are matched.

21-11-2024T11:54:14 - [MESSAGE][PASSED] - Actual text and expected text of test object 'Object Repository/Specific Cases Repository/LS/Home/Calendar/Calendar_Events/Calendar_Events_Creation/Group/Page_Calendar/td_B Automation, B Client MR 24-11007' are matched.

21-11-2024T11:54:14 - [TEST_STEP][PASSED] - click(findTestObject("Object Repository/Specific Cases Repository/LS/Home/Calendar/Calendar_Events/Calendar_Events_Creation/Group/Page_Calendar/View Enrolled Patients")): Object: 'Object Repository/Specific Cases Repository/LS/Home/Calendar/Calendar_Events/Calendar_Events_Creation/Group/Page_Calendar/View Enrolled Patients' is clicked on

21-11-2024T11:54:14 - [MESSAGE][PASSED] - Object: 'Object Repository/Specific Cases Repository/LS/Home/Calendar/Calendar_Events/Calendar_Events_Creation/Group/Page_Calendar/View Enrolled Patients' is clicked on

21-11-2024T11:54:14 - [TEST_STEP][PASSED] - scrollToElement(findTestObject("Object Repository/Specific Cases Repository/LS/Home/Calendar/Calendar_Events/Calendar_Events_Creation/Group/Page_Calendar/a_Save"), 0): Scroll to object 'Object Repository/Specific Cases Repository/LS/Home/Calendar/Calendar_Events/Calendar_Events_Creation/Group/Page_Calendar/a_Save' successfully

21-11-2024T11:54:14 - [MESSAGE][WARNING] - Timeout '0' is invalid. Using default page load timeout: '30'

21-11-2024T11:54:15 - [MESSAGE][PASSED] - Scroll to object 'Object Repository/Specific Cases Repository/LS/Home/Calendar/Calendar_Events/Calendar_Events_Creation/Group/Page_Calendar/a_Save' successfully

21-11-2024T11:54:15 - [TEST_STEP][PASSED] - click(findTestObject("Object Repository/Specific Cases Repository/LS/Home/Calendar/Calendar_Events/Calendar_Events_Creation/Group/Page_Calendar/a_Save")): Object: 'Object Repository/Specific Cases Repository/LS/Home/Calendar/Calendar_Events/Calendar_Events_Creation/Group/Page_Calendar/a_Save' is clicked on

21-11-2024T11:54:15 - [MESSAGE][PASSED] - Object: 'Object Repository/Specific Cases Repository/LS/Home/Calendar/Calendar_Events/Calendar_Events_Creation/Group/Page_Calendar/a_Save' is clicked on

21-11-2024T11:54:15 - [TEST_STEP][PASSED] - click(findTestObject("Specific Cases Repository/LS/Home/Calendar/Calendar_Events/Calendar_Events_Creation/Appointment/Page_Calendar/Previus Week Arrow")): Object: 'Object Repository/Specific Cases Repository/LS/Home/Calendar/Calendar_Events/Calendar_Events_Creation/Appointment/Page_Calendar/Previus Week Arrow' is clicked on

21-11-2024T11:54:17 - [MESSAGE][PASSED] - Object: 'Object Repository/Specific Cases Repository/LS/Home/Calendar/Calendar_Events/Calendar_Events_Creation/Appointment/Page_Calendar/Previus Week Arrow' is clicked on

21-11-2024T11:54:17 - [TEST_STEP][PASSED] - waitForPageLoad(30): Wait for page load successfully

21-11-2024T11:54:17 - [MESSAGE][PASSED] - Wait for page load successfully

21-11-2024T11:54:17 - [TEST_STEP][PASSED] - click(findTestObject("Specific Cases Repository/LS/Home/Calendar/Calendar_Events/Calendar_Events_Creation/Group/Page_Calendar/Calendar Event - Past")): Object: 'Object Repository/Specific Cases Repository/LS/Home/Calendar/Calendar_Events/Calendar_Events_Creation/Group/Page_Calendar/Calendar Event - Past' is clicked on

21-11-2024T11:54:18 - [MESSAGE][PASSED] - Object: 'Object Repository/Specific Cases Repository/LS/Home/Calendar/Calendar_Events/Calendar_Events_Creation/Group/Page_Calendar/Calendar Event - Past' is clicked on

21-11-2024T11:54:18 - [TEST_STEP][PASSED] - setText(findTestObject("Object Repository/Specific Cases Repository/LS/Home/Calendar/Calendar_Events/Calendar_Events_Creation/Group/Page_Calendar/input_Title_title_edit"), "Past Automation Test 1.2 Automatically Enroll Clients in Selected Location/Program(s)"): Text 'Past Automation Test 1.2 Automatically Enroll Clients in Selected Location/Program(s)' is set on object 'Object Repository/Specific Cases Repository/LS/Home/Calendar/Calendar_Events/Calendar_Events_Creation/Group/Page_Calendar/input_Title_title_edit'

21-11-2024T11:54:20 - [MESSAGE][PASSED] - Text 'Past Automation Test 1.2 Automatically Enroll Clients in Selected Location/Program(s)' is set on object 'Object Repository/Specific Cases Repository/LS/Home/Calendar/Calendar_Events/Calendar_Events_Creation/Group/Page_Calendar/input_Title_title_edit'

21-11-2024T11:54:20 - [TEST_STEP][PASSED] - verifyElementText(findTestObject("Object Repository/Specific Cases Repository/LS/Home/Calendar/Calendar_Events/Calendar_Events_Creation/Group/Page_Calendar/label_Start Group Session"), "Start Group Session"): Actual text and expected text of test object 'Object Repository/Specific Cases Repository/LS/Home/Calendar/Calendar_Events/Calendar_Events_Creation/Group/Page_Calendar/label_Start Group Session' are matched.

21-11-2024T11:54:20 - [MESSAGE][PASSED] - Actual text and expected text of test object 'Object Repository/Specific Cases Repository/LS/Home/Calendar/Calendar_Events/Calendar_Events_Creation/Group/Page_Calendar/label_Start Group Session' are matched.

21-11-2024T11:54:20 - [TEST_STEP][PASSED] - verifyElementPresent(findTestObject("Object Repository/Specific Cases Repository/LS/Home/Calendar/Calendar_Events/Calendar_Events_Creation/Group/Page_Calendar/input_Start Group Session_isdocumentedgroup"), 0): Object 'Object Repository/Specific Cases Repository/LS/Home/Calendar/Calendar_Events/Calendar_Events_Creation/Group/Page_Calendar/input_Start Group Session_isdocumentedgroup' is present

21-11-2024T11:54:21 - [MESSAGE][WARNING] - Timeout '0' is invalid. Using default page load timeout: '30'

21-11-2024T11:54:21 - [MESSAGE][PASSED] - Object 'Object Repository/Specific Cases Repository/LS/Home/Calendar/Calendar_Events/Calendar_Events_Creation/Group/Page_Calendar/input_Start Group Session_isdocumentedgroup' is present

21-11-2024T11:54:21 - [TEST_STEP][PASSED] - click(findTestObject("Object Repository/Specific Cases Repository/LS/Home/Calendar/Calendar_Events/Calendar_Events_Creation/Group/Page_Calendar/a_Save Revision")): Object: 'Object Repository/Specific Cases Repository/LS/Home/Calendar/Calendar_Events/Calendar_Events_Creation/Group/Page_Calendar/a_Save Revision' is clicked on

21-11-2024T11:54:21 - [MESSAGE][PASSED] - Object: 'Object Repository/Specific Cases Repository/LS/Home/Calendar/Calendar_Events/Calendar_Events_Creation/Group/Page_Calendar/a_Save Revision' is clicked on

21-11-2024T11:54:21 - [TEST_STEP][PASSED] - mouseOver(findTestObject("Specific Cases Repository/LS/Home/Calendar/Calendar_Events/Calendar_Events_Creation/Group/Page_Calendar/Calendar Event - Past")): Object: 'Object Repository/Specific Cases Repository/LS/Home/Calendar/Calendar_Events/Calendar_Events_Creation/Group/Page_Calendar/Calendar Event - Past' is hovered

21-11-2024T11:54:23 - [MESSAGE][PASSED] - Object: 'Object Repository/Specific Cases Repository/LS/Home/Calendar/Calendar_Events/Calendar_Events_Creation/Group/Page_Calendar/Calendar Event - Past' is hovered

21-11-2024T11:54:23 - [TEST_STEP][PASSED] - verifyElementText(findTestObject("Specific Cases Repository/LS/Home/Calendar/Calendar_Events/Calendar_Events_Creation/Group/Page_Calendar/span_Automation Test 1.2 Automatically Enro_f39ad6 - Past"), "Past Automation Test 1.2 Automatically Enroll Clients in Selected Location/Program(s)"): Actual text and expected text of test object 'Object Repository/Specific Cases Repository/LS/Home/Calendar/Calendar_Events/Calendar_Events_Creation/Group/Page_Calendar/span_Automation Test 1.2 Automatically Enro_f39ad6 - Past' are matched.

21-11-2024T11:54:23 - [MESSAGE][PASSED] - Actual text and expected text of test object 'Object Repository/Specific Cases Repository/LS/Home/Calendar/Calendar_Events/Calendar_Events_Creation/Group/Page_Calendar/span_Automation Test 1.2 Automatically Enro_f39ad6 - Past' are matched.

21-11-2024T11:54:23 - [TEST_STEP][PASSED] - closeBrowser(): Browser is closed

21-11-2024T11:54:24 - [MESSAGE][PASSED] - Browser is closed]]></system-out>
         <system-err><![CDATA[]]></system-err>
      </testcase>
      <testcase name="Test Cases/Specific Cases/LS/General/Calendar/Events_Creation/Present Events Creation/Calendar_Appointment" time="52.186" classname="Test Cases/Specific Cases/LS/General/Calendar/Events_Creation/Present Events Creation/Calendar_Appointment" status="PASSED">
         <system-out><![CDATA[21-11-2024T11:54:24 - [TEST_CASE][PASSED] - Test Cases/Specific Cases/LS/General/Calendar/Events_Creation/Present Events Creation/Calendar_Appointment: Test Cases/Specific Cases/LS/General/Calendar/Events_Creation/Present Events Creation/Calendar_Appointment

21-11-2024T11:54:24 - [TEST_STEP][PASSED] - callTestCase(findTestCase("Common Cases/Login"), [:], STOP_ON_FAILURE): Call Test Case 'Test Cases/Common Cases/Login' successfully

21-11-2024T11:54:24 - [TEST_CASE][PASSED] - Test Cases/Common Cases/Login: Test Cases/Common Cases/Login

21-11-2024T11:54:24 - [TEST_STEP][PASSED] - openBrowser(""): Browser is opened with url: ''

21-11-2024T11:54:24 - [MESSAGE][INFO] - Starting 'Chrome' driver

21-11-2024T11:54:24 - [MESSAGE][INFO] - Action delay is set to 0 milliseconds

21-11-2024T11:54:25 - [MESSAGE][PASSED] - Browser is opened with url: ''

21-11-2024T11:54:25 - [TEST_STEP][PASSED] - maximizeWindow(): Current window maximized

21-11-2024T11:54:25 - [MESSAGE][PASSED] - Current window maximized

21-11-2024T11:54:25 - [TEST_STEP][PASSED] - navigateToUrl("https://site17.lsapp.cloud/auth/login"): Navigate to 'https://site17.lsapp.cloud/auth/login' successfully

21-11-2024T11:54:26 - [MESSAGE][PASSED] - Navigate to 'https://site17.lsapp.cloud/auth/login' successfully

21-11-2024T11:54:26 - [TEST_STEP][PASSED] - setText(findTestObject("Object Repository/Common Cases Repository/Login/Page_Lightning Step/input_Email_email"), "automation@lightningstep.com"): Text 'automation@lightningstep.com' is set on object 'Object Repository/Common Cases Repository/Login/Page_Lightning Step/input_Email_email'

21-11-2024T11:54:27 - [MESSAGE][PASSED] - Text 'automation@lightningstep.com' is set on object 'Object Repository/Common Cases Repository/Login/Page_Lightning Step/input_Email_email'

21-11-2024T11:54:27 - [TEST_STEP][PASSED] - setEncryptedText(findTestObject("Object Repository/Common Cases Repository/Login/Page_Lightning Step/input_Password_password"), "e5N8VHmnhJDITtQaQhDQDw=="): Text ****** has been set on object 'Object Repository/Common Cases Repository/Login/Page_Lightning Step/input_Password_password'

21-11-2024T11:54:28 - [MESSAGE][PASSED] - Text ****** has been set on object 'Object Repository/Common Cases Repository/Login/Page_Lightning Step/input_Password_password'

21-11-2024T11:54:28 - [TEST_STEP][PASSED] - click(findTestObject("Object Repository/Common Cases Repository/Login/Page_Lightning Step/button_Sign in")): Object: 'Object Repository/Common Cases Repository/Login/Page_Lightning Step/button_Sign in' is clicked on

21-11-2024T11:54:34 - [MESSAGE][PASSED] - Object: 'Object Repository/Common Cases Repository/Login/Page_Lightning Step/button_Sign in' is clicked on

21-11-2024T11:54:34 - [MESSAGE][PASSED] - Call Test Case 'Test Cases/Common Cases/Login' successfully

21-11-2024T11:54:34 - [TEST_STEP][PASSED] - click(findTestObject("Object Repository/Specific Cases Repository/LS/Home/Calendar/Calendar_Events/Calendar_Events_Creation/Page_Home/a_Calendar")): Object: 'Object Repository/Specific Cases Repository/LS/Home/Calendar/Calendar_Events/Calendar_Events_Creation/Page_Home/a_Calendar' is clicked on

21-11-2024T11:54:40 - [MESSAGE][PASSED] - Object: 'Object Repository/Specific Cases Repository/LS/Home/Calendar/Calendar_Events/Calendar_Events_Creation/Page_Home/a_Calendar' is clicked on

21-11-2024T11:54:40 - [TEST_STEP][PASSED] - click(findTestObject("Object Repository/Specific Cases Repository/LS/Home/Calendar/Calendar_Events/Calendar_Events_Creation/Appointment/Page_Calendar/div_Week")): Object: 'Object Repository/Specific Cases Repository/LS/Home/Calendar/Calendar_Events/Calendar_Events_Creation/Appointment/Page_Calendar/div_Week' is clicked on

21-11-2024T11:54:41 - [MESSAGE][PASSED] - Object: 'Object Repository/Specific Cases Repository/LS/Home/Calendar/Calendar_Events/Calendar_Events_Creation/Appointment/Page_Calendar/div_Week' is clicked on

21-11-2024T11:54:41 - [TEST_STEP][PASSED] - click(findTestObject("Object Repository/Specific Cases Repository/LS/Home/Calendar/Calendar_Events/Calendar_Events_Creation/Appointment/Page_Calendar/button_Create new")): Object: 'Object Repository/Specific Cases Repository/LS/Home/Calendar/Calendar_Events/Calendar_Events_Creation/Appointment/Page_Calendar/button_Create new' is clicked on

21-11-2024T11:54:42 - [MESSAGE][PASSED] - Object: 'Object Repository/Specific Cases Repository/LS/Home/Calendar/Calendar_Events/Calendar_Events_Creation/Appointment/Page_Calendar/button_Create new' is clicked on

21-11-2024T11:54:42 - [TEST_STEP][PASSED] - click(findTestObject("Object Repository/Specific Cases Repository/LS/Home/Calendar/Calendar_Events/Calendar_Events_Creation/Appointment/Page_Calendar/label_Appointment")): Object: 'Object Repository/Specific Cases Repository/LS/Home/Calendar/Calendar_Events/Calendar_Events_Creation/Appointment/Page_Calendar/label_Appointment' is clicked on

21-11-2024T11:54:43 - [MESSAGE][PASSED] - Object: 'Object Repository/Specific Cases Repository/LS/Home/Calendar/Calendar_Events/Calendar_Events_Creation/Appointment/Page_Calendar/label_Appointment' is clicked on

21-11-2024T11:54:43 - [TEST_STEP][PASSED] - click(findTestObject("Object Repository/Specific Cases Repository/LS/Home/Calendar/Calendar_Events/Calendar_Events_Creation/Appointment/Page_Calendar/span_Select Client")): Object: 'Object Repository/Specific Cases Repository/LS/Home/Calendar/Calendar_Events/Calendar_Events_Creation/Appointment/Page_Calendar/span_Select Client' is clicked on

21-11-2024T11:54:43 - [MESSAGE][PASSED] - Object: 'Object Repository/Specific Cases Repository/LS/Home/Calendar/Calendar_Events/Calendar_Events_Creation/Appointment/Page_Calendar/span_Select Client' is clicked on

21-11-2024T11:54:43 - [TEST_STEP][PASSED] - click(findTestObject("Object Repository/Specific Cases Repository/LS/Home/Calendar/Calendar_Events/Calendar_Events_Creation/Page_Calendar/a_Cancel")): Object: 'Object Repository/Specific Cases Repository/LS/Home/Calendar/Calendar_Events/Calendar_Events_Creation/Page_Calendar/a_Cancel' is clicked on

21-11-2024T11:54:44 - [MESSAGE][PASSED] - Object: 'Object Repository/Specific Cases Repository/LS/Home/Calendar/Calendar_Events/Calendar_Events_Creation/Page_Calendar/a_Cancel' is clicked on

21-11-2024T11:54:44 - [TEST_STEP][PASSED] - click(findTestObject("Object Repository/Specific Cases Repository/LS/Home/Calendar/Calendar_Events/Calendar_Events_Creation/Appointment/Page_Calendar/button_Create new")): Object: 'Object Repository/Specific Cases Repository/LS/Home/Calendar/Calendar_Events/Calendar_Events_Creation/Appointment/Page_Calendar/button_Create new' is clicked on

21-11-2024T11:54:44 - [MESSAGE][PASSED] - Object: 'Object Repository/Specific Cases Repository/LS/Home/Calendar/Calendar_Events/Calendar_Events_Creation/Appointment/Page_Calendar/button_Create new' is clicked on

21-11-2024T11:54:44 - [TEST_STEP][PASSED] - click(findTestObject("Object Repository/Specific Cases Repository/LS/Home/Calendar/Calendar_Events/Calendar_Events_Creation/Appointment/Page_Calendar/label_Appointment")): Object: 'Object Repository/Specific Cases Repository/LS/Home/Calendar/Calendar_Events/Calendar_Events_Creation/Appointment/Page_Calendar/label_Appointment' is clicked on

21-11-2024T11:54:45 - [MESSAGE][PASSED] - Object: 'Object Repository/Specific Cases Repository/LS/Home/Calendar/Calendar_Events/Calendar_Events_Creation/Appointment/Page_Calendar/label_Appointment' is clicked on

21-11-2024T11:54:45 - [TEST_STEP][PASSED] - click(findTestObject("Object Repository/Specific Cases Repository/LS/Home/Calendar/Calendar_Events/Calendar_Events_Creation/Appointment/Page_Calendar/label_Appointment")): Object: 'Object Repository/Specific Cases Repository/LS/Home/Calendar/Calendar_Events/Calendar_Events_Creation/Appointment/Page_Calendar/label_Appointment' is clicked on

21-11-2024T11:54:45 - [MESSAGE][PASSED] - Object: 'Object Repository/Specific Cases Repository/LS/Home/Calendar/Calendar_Events/Calendar_Events_Creation/Appointment/Page_Calendar/label_Appointment' is clicked on

21-11-2024T11:54:45 - [TEST_STEP][PASSED] - click(findTestObject("Object Repository/Specific Cases Repository/LS/Home/Calendar/Calendar_Events/Calendar_Events_Creation/Appointment/Page_Calendar/span_Select Client")): Object: 'Object Repository/Specific Cases Repository/LS/Home/Calendar/Calendar_Events/Calendar_Events_Creation/Appointment/Page_Calendar/span_Select Client' is clicked on

21-11-2024T11:54:46 - [MESSAGE][PASSED] - Object: 'Object Repository/Specific Cases Repository/LS/Home/Calendar/Calendar_Events/Calendar_Events_Creation/Appointment/Page_Calendar/span_Select Client' is clicked on

21-11-2024T11:54:46 - [TEST_STEP][PASSED] - setText(findTestObject("Object Repository/Specific Cases Repository/LS/Home/Calendar/Calendar_Events/Calendar_Events_Creation/Appointment/Page_Calendar/Patien Name"), "A Auto"): Text 'A Auto' is set on object 'Object Repository/Specific Cases Repository/LS/Home/Calendar/Calendar_Events/Calendar_Events_Creation/Appointment/Page_Calendar/Patien Name'

21-11-2024T11:54:47 - [MESSAGE][PASSED] - Text 'A Auto' is set on object 'Object Repository/Specific Cases Repository/LS/Home/Calendar/Calendar_Events/Calendar_Events_Creation/Appointment/Page_Calendar/Patien Name'

21-11-2024T11:54:47 - [TEST_STEP][PASSED] - sendKeys(findTestObject("Object Repository/Specific Cases Repository/LS/Home/Calendar/Calendar_Events/Calendar_Events_Creation/Appointment/Page_Calendar/Patien Name"), Keys.chord(ENTER)): Keys 'ENTER + ' sent to object: 'Object Repository/Specific Cases Repository/LS/Home/Calendar/Calendar_Events/Calendar_Events_Creation/Appointment/Page_Calendar/Patien Name'

21-11-2024T11:54:47 - [MESSAGE][PASSED] - Keys 'ENTER + ' sent to object: 'Object Repository/Specific Cases Repository/LS/Home/Calendar/Calendar_Events/Calendar_Events_Creation/Appointment/Page_Calendar/Patien Name'

21-11-2024T11:54:47 - [TEST_STEP][PASSED] - click(findTestObject("Object Repository/Specific Cases Repository/LS/Home/Calendar/Calendar_Events/Calendar_Events_Creation/Appointment/Page_Calendar/span_Select Service")): Object: 'Object Repository/Specific Cases Repository/LS/Home/Calendar/Calendar_Events/Calendar_Events_Creation/Appointment/Page_Calendar/span_Select Service' is clicked on

21-11-2024T11:54:48 - [MESSAGE][PASSED] - Object: 'Object Repository/Specific Cases Repository/LS/Home/Calendar/Calendar_Events/Calendar_Events_Creation/Appointment/Page_Calendar/span_Select Service' is clicked on

21-11-2024T11:54:48 - [TEST_STEP][PASSED] - setText(findTestObject("Object Repository/Specific Cases Repository/LS/Home/Calendar/Calendar_Events/Calendar_Events_Creation/Appointment/Page_Calendar/Patien Name"), "5 "): Text '5 ' is set on object 'Object Repository/Specific Cases Repository/LS/Home/Calendar/Calendar_Events/Calendar_Events_Creation/Appointment/Page_Calendar/Patien Name'

21-11-2024T11:54:49 - [MESSAGE][PASSED] - Text '5 ' is set on object 'Object Repository/Specific Cases Repository/LS/Home/Calendar/Calendar_Events/Calendar_Events_Creation/Appointment/Page_Calendar/Patien Name'

21-11-2024T11:54:49 - [TEST_STEP][PASSED] - sendKeys(findTestObject("Object Repository/Specific Cases Repository/LS/Home/Calendar/Calendar_Events/Calendar_Events_Creation/Appointment/Page_Calendar/Patien Name"), Keys.chord(ENTER)): Keys 'ENTER + ' sent to object: 'Object Repository/Specific Cases Repository/LS/Home/Calendar/Calendar_Events/Calendar_Events_Creation/Appointment/Page_Calendar/Patien Name'

21-11-2024T11:54:50 - [MESSAGE][PASSED] - Keys 'ENTER + ' sent to object: 'Object Repository/Specific Cases Repository/LS/Home/Calendar/Calendar_Events/Calendar_Events_Creation/Appointment/Page_Calendar/Patien Name'

21-11-2024T11:54:50 - [TEST_STEP][PASSED] - click(findTestObject("Object Repository/Specific Cases Repository/LS/Home/Calendar/Calendar_Events/Calendar_Events_Creation/Appointment/Page_Calendar/input_Title_title_")): Object: 'Object Repository/Specific Cases Repository/LS/Home/Calendar/Calendar_Events/Calendar_Events_Creation/Appointment/Page_Calendar/input_Title_title_' is clicked on

21-11-2024T11:54:51 - [MESSAGE][PASSED] - Object: 'Object Repository/Specific Cases Repository/LS/Home/Calendar/Calendar_Events/Calendar_Events_Creation/Appointment/Page_Calendar/input_Title_title_' is clicked on

21-11-2024T11:54:51 - [TEST_STEP][PASSED] - setText(findTestObject("Object Repository/Specific Cases Repository/LS/Home/Calendar/Calendar_Events/Calendar_Events_Creation/Appointment/Page_Calendar/input_Title_title_"), "Automation Test with A Automation, A Client MR# 24-11006: 5 Panel Drug Screen"): Text 'Automation Test with A Automation, A Client MR# 24-11006: 5 Panel Drug Screen' is set on object 'Object Repository/Specific Cases Repository/LS/Home/Calendar/Calendar_Events/Calendar_Events_Creation/Appointment/Page_Calendar/input_Title_title_'

21-11-2024T11:54:52 - [MESSAGE][PASSED] - Text 'Automation Test with A Automation, A Client MR# 24-11006: 5 Panel Drug Screen' is set on object 'Object Repository/Specific Cases Repository/LS/Home/Calendar/Calendar_Events/Calendar_Events_Creation/Appointment/Page_Calendar/input_Title_title_'

21-11-2024T11:54:52 - [TEST_STEP][PASSED] - click(findTestObject("Object Repository/Specific Cases Repository/LS/Home/Calendar/Calendar_Events/Calendar_Events_Creation/Appointment/Page_Calendar/Date")): Object: 'Object Repository/Specific Cases Repository/LS/Home/Calendar/Calendar_Events/Calendar_Events_Creation/Appointment/Page_Calendar/Date' is clicked on

21-11-2024T11:54:52 - [MESSAGE][PASSED] - Object: 'Object Repository/Specific Cases Repository/LS/Home/Calendar/Calendar_Events/Calendar_Events_Creation/Appointment/Page_Calendar/Date' is clicked on

21-11-2024T11:54:52 - [TEST_STEP][PASSED] - setText(findTestObject("Object Repository/Specific Cases Repository/LS/Home/Calendar/Calendar_Events/Calendar_Events_Creation/Appointment/Page_Calendar/Date"), Todays_Date): Text '11/21/2024' is set on object 'Object Repository/Specific Cases Repository/LS/Home/Calendar/Calendar_Events/Calendar_Events_Creation/Appointment/Page_Calendar/Date'

21-11-2024T11:54:53 - [MESSAGE][PASSED] - Text '11/21/2024' is set on object 'Object Repository/Specific Cases Repository/LS/Home/Calendar/Calendar_Events/Calendar_Events_Creation/Appointment/Page_Calendar/Date'

21-11-2024T11:54:53 - [TEST_STEP][PASSED] - click(findTestObject("Object Repository/Specific Cases Repository/LS/Home/Calendar/Calendar_Events/Calendar_Events_Creation/Appointment/Page_Calendar/Start Time Clock")): Object: 'Object Repository/Specific Cases Repository/LS/Home/Calendar/Calendar_Events/Calendar_Events_Creation/Appointment/Page_Calendar/Start Time Clock' is clicked on

21-11-2024T11:54:54 - [MESSAGE][PASSED] - Object: 'Object Repository/Specific Cases Repository/LS/Home/Calendar/Calendar_Events/Calendar_Events_Creation/Appointment/Page_Calendar/Start Time Clock' is clicked on

21-11-2024T11:54:54 - [TEST_STEP][PASSED] - setText(findTestObject("Object Repository/Specific Cases Repository/LS/Home/Calendar/Calendar_Events/Calendar_Events_Creation/Appointment/Page_Calendar/Start Time Clock"), "1500"): Text '1500' is set on object 'Object Repository/Specific Cases Repository/LS/Home/Calendar/Calendar_Events/Calendar_Events_Creation/Appointment/Page_Calendar/Start Time Clock'

21-11-2024T11:54:54 - [MESSAGE][PASSED] - Text '1500' is set on object 'Object Repository/Specific Cases Repository/LS/Home/Calendar/Calendar_Events/Calendar_Events_Creation/Appointment/Page_Calendar/Start Time Clock'

21-11-2024T11:54:54 - [TEST_STEP][PASSED] - click(findTestObject("Object Repository/Specific Cases Repository/LS/Home/Calendar/Calendar_Events/Calendar_Events_Creation/Appointment/Page_Calendar/End Time Clock")): Object: 'Object Repository/Specific Cases Repository/LS/Home/Calendar/Calendar_Events/Calendar_Events_Creation/Appointment/Page_Calendar/End Time Clock' is clicked on

21-11-2024T11:54:55 - [MESSAGE][PASSED] - Object: 'Object Repository/Specific Cases Repository/LS/Home/Calendar/Calendar_Events/Calendar_Events_Creation/Appointment/Page_Calendar/End Time Clock' is clicked on

21-11-2024T11:54:55 - [TEST_STEP][PASSED] - setText(findTestObject("Object Repository/Specific Cases Repository/LS/Home/Calendar/Calendar_Events/Calendar_Events_Creation/Appointment/Page_Calendar/End Time Clock"), "1600"): Text '1600' is set on object 'Object Repository/Specific Cases Repository/LS/Home/Calendar/Calendar_Events/Calendar_Events_Creation/Appointment/Page_Calendar/End Time Clock'

21-11-2024T11:54:56 - [MESSAGE][PASSED] - Text '1600' is set on object 'Object Repository/Specific Cases Repository/LS/Home/Calendar/Calendar_Events/Calendar_Events_Creation/Appointment/Page_Calendar/End Time Clock'

21-11-2024T11:54:56 - [TEST_STEP][PASSED] - setText(findTestObject("Object Repository/Specific Cases Repository/LS/Home/Calendar/Calendar_Events/Calendar_Events_Creation/Appointment/Page_Calendar/input_Notes_notes"), "Automation Test Note"): Text 'Automation Test Note' is set on object 'Object Repository/Specific Cases Repository/LS/Home/Calendar/Calendar_Events/Calendar_Events_Creation/Appointment/Page_Calendar/input_Notes_notes'

21-11-2024T11:54:57 - [MESSAGE][PASSED] - Text 'Automation Test Note' is set on object 'Object Repository/Specific Cases Repository/LS/Home/Calendar/Calendar_Events/Calendar_Events_Creation/Appointment/Page_Calendar/input_Notes_notes'

21-11-2024T11:54:57 - [TEST_STEP][PASSED] - waitForPageLoad(0): Wait for page load successfully

21-11-2024T11:54:57 - [MESSAGE][WARNING] - Timeout '0' is invalid. Using default page load timeout: '30'

21-11-2024T11:54:57 - [MESSAGE][PASSED] - Wait for page load successfully

21-11-2024T11:54:57 - [TEST_STEP][PASSED] - scrollToElement(findTestObject("Specific Cases Repository/LS/Home/Calendar/Calendar_Events/Calendar_Events_Creation/Appointment/Page_Calendar/a_Save"), 0): Scroll to object 'Object Repository/Specific Cases Repository/LS/Home/Calendar/Calendar_Events/Calendar_Events_Creation/Appointment/Page_Calendar/a_Save' successfully

21-11-2024T11:54:57 - [MESSAGE][WARNING] - Timeout '0' is invalid. Using default page load timeout: '30'

21-11-2024T11:54:57 - [MESSAGE][PASSED] - Scroll to object 'Object Repository/Specific Cases Repository/LS/Home/Calendar/Calendar_Events/Calendar_Events_Creation/Appointment/Page_Calendar/a_Save' successfully

21-11-2024T11:54:57 - [TEST_STEP][PASSED] - click(findTestObject("Specific Cases Repository/LS/Home/Calendar/Calendar_Events/Calendar_Events_Creation/Appointment/Page_Calendar/a_Save")): Object: 'Object Repository/Specific Cases Repository/LS/Home/Calendar/Calendar_Events/Calendar_Events_Creation/Appointment/Page_Calendar/a_Save' is clicked on

21-11-2024T11:54:58 - [MESSAGE][PASSED] - Object: 'Object Repository/Specific Cases Repository/LS/Home/Calendar/Calendar_Events/Calendar_Events_Creation/Appointment/Page_Calendar/a_Save' is clicked on

21-11-2024T11:54:58 - [TEST_STEP][PASSED] - scrollToElement(findTestObject("Object Repository/Specific Cases Repository/LS/Home/Calendar/Calendar_Events/Calendar_Events_Creation/Appointment/Page_Calendar/a_Automation Test with A Automation, A Clie_8f5a4c"), 0): Scroll to object 'Object Repository/Specific Cases Repository/LS/Home/Calendar/Calendar_Events/Calendar_Events_Creation/Appointment/Page_Calendar/a_Automation Test with A Automation, A Clie_8f5a4c' successfully

21-11-2024T11:54:58 - [MESSAGE][WARNING] - Timeout '0' is invalid. Using default page load timeout: '30'

21-11-2024T11:54:59 - [MESSAGE][PASSED] - Scroll to object 'Object Repository/Specific Cases Repository/LS/Home/Calendar/Calendar_Events/Calendar_Events_Creation/Appointment/Page_Calendar/a_Automation Test with A Automation, A Clie_8f5a4c' successfully

21-11-2024T11:54:59 - [TEST_STEP][PASSED] - mouseOver(findTestObject("Object Repository/Specific Cases Repository/LS/Home/Calendar/Calendar_Events/Calendar_Events_Creation/Appointment/Page_Calendar/a_Automation Test with A Automation, A Clie_8f5a4c")): Object: 'Object Repository/Specific Cases Repository/LS/Home/Calendar/Calendar_Events/Calendar_Events_Creation/Appointment/Page_Calendar/a_Automation Test with A Automation, A Clie_8f5a4c' is hovered

21-11-2024T11:54:59 - [MESSAGE][PASSED] - Object: 'Object Repository/Specific Cases Repository/LS/Home/Calendar/Calendar_Events/Calendar_Events_Creation/Appointment/Page_Calendar/a_Automation Test with A Automation, A Clie_8f5a4c' is hovered

21-11-2024T11:54:59 - [TEST_STEP][PASSED] - verifyElementText(findTestObject("Object Repository/Specific Cases Repository/LS/Home/Calendar/Calendar_Events/Calendar_Events_Creation/Appointment/Page_Calendar/span_Automation Test with A Automation, A C_2ccd87"), "Automation Test with A Automation, A Client MR# 24-11006: 5 Panel Drug Screen"): Actual text and expected text of test object 'Object Repository/Specific Cases Repository/LS/Home/Calendar/Calendar_Events/Calendar_Events_Creation/Appointment/Page_Calendar/span_Automation Test with A Automation, A C_2ccd87' are matched.

21-11-2024T11:55:00 - [MESSAGE][PASSED] - Actual text and expected text of test object 'Object Repository/Specific Cases Repository/LS/Home/Calendar/Calendar_Events/Calendar_Events_Creation/Appointment/Page_Calendar/span_Automation Test with A Automation, A C_2ccd87' are matched.

21-11-2024T11:55:00 - [TEST_STEP][PASSED] - click(findTestObject("Object Repository/Specific Cases Repository/LS/Home/Calendar/Calendar_Events/Calendar_Events_Creation/Appointment/Page_Calendar/button_Create new")): Object: 'Object Repository/Specific Cases Repository/LS/Home/Calendar/Calendar_Events/Calendar_Events_Creation/Appointment/Page_Calendar/button_Create new' is clicked on

21-11-2024T11:55:00 - [MESSAGE][PASSED] - Object: 'Object Repository/Specific Cases Repository/LS/Home/Calendar/Calendar_Events/Calendar_Events_Creation/Appointment/Page_Calendar/button_Create new' is clicked on

21-11-2024T11:55:00 - [TEST_STEP][PASSED] - click(findTestObject("Object Repository/Specific Cases Repository/LS/Home/Calendar/Calendar_Events/Calendar_Events_Creation/Appointment/Page_Calendar/label_Appointment")): Object: 'Object Repository/Specific Cases Repository/LS/Home/Calendar/Calendar_Events/Calendar_Events_Creation/Appointment/Page_Calendar/label_Appointment' is clicked on

21-11-2024T11:55:01 - [MESSAGE][PASSED] - Object: 'Object Repository/Specific Cases Repository/LS/Home/Calendar/Calendar_Events/Calendar_Events_Creation/Appointment/Page_Calendar/label_Appointment' is clicked on

21-11-2024T11:55:01 - [TEST_STEP][PASSED] - click(findTestObject("Object Repository/Specific Cases Repository/LS/Home/Calendar/Calendar_Events/Calendar_Events_Creation/Appointment/Page_Calendar/label_Appointment")): Object: 'Object Repository/Specific Cases Repository/LS/Home/Calendar/Calendar_Events/Calendar_Events_Creation/Appointment/Page_Calendar/label_Appointment' is clicked on

21-11-2024T11:55:01 - [MESSAGE][PASSED] - Object: 'Object Repository/Specific Cases Repository/LS/Home/Calendar/Calendar_Events/Calendar_Events_Creation/Appointment/Page_Calendar/label_Appointment' is clicked on

21-11-2024T11:55:01 - [TEST_STEP][PASSED] - click(findTestObject("Object Repository/Specific Cases Repository/LS/Home/Calendar/Calendar_Events/Calendar_Events_Creation/Appointment/Page_Calendar/span_Select Client")): Object: 'Object Repository/Specific Cases Repository/LS/Home/Calendar/Calendar_Events/Calendar_Events_Creation/Appointment/Page_Calendar/span_Select Client' is clicked on

21-11-2024T11:55:02 - [MESSAGE][PASSED] - Object: 'Object Repository/Specific Cases Repository/LS/Home/Calendar/Calendar_Events/Calendar_Events_Creation/Appointment/Page_Calendar/span_Select Client' is clicked on

21-11-2024T11:55:02 - [TEST_STEP][PASSED] - setText(findTestObject("Object Repository/Specific Cases Repository/LS/Home/Calendar/Calendar_Events/Calendar_Events_Creation/Appointment/Page_Calendar/Patien Name"), "A Auto"): Text 'A Auto' is set on object 'Object Repository/Specific Cases Repository/LS/Home/Calendar/Calendar_Events/Calendar_Events_Creation/Appointment/Page_Calendar/Patien Name'

21-11-2024T11:55:03 - [MESSAGE][PASSED] - Text 'A Auto' is set on object 'Object Repository/Specific Cases Repository/LS/Home/Calendar/Calendar_Events/Calendar_Events_Creation/Appointment/Page_Calendar/Patien Name'

21-11-2024T11:55:03 - [TEST_STEP][PASSED] - sendKeys(findTestObject("Object Repository/Specific Cases Repository/LS/Home/Calendar/Calendar_Events/Calendar_Events_Creation/Appointment/Page_Calendar/Patien Name"), Keys.chord(ENTER)): Keys 'ENTER + ' sent to object: 'Object Repository/Specific Cases Repository/LS/Home/Calendar/Calendar_Events/Calendar_Events_Creation/Appointment/Page_Calendar/Patien Name'

21-11-2024T11:55:03 - [MESSAGE][PASSED] - Keys 'ENTER + ' sent to object: 'Object Repository/Specific Cases Repository/LS/Home/Calendar/Calendar_Events/Calendar_Events_Creation/Appointment/Page_Calendar/Patien Name'

21-11-2024T11:55:03 - [TEST_STEP][PASSED] - click(findTestObject("Object Repository/Specific Cases Repository/LS/Home/Calendar/Calendar_Events/Calendar_Events_Creation/Appointment/Page_Calendar/span_Select Service")): Object: 'Object Repository/Specific Cases Repository/LS/Home/Calendar/Calendar_Events/Calendar_Events_Creation/Appointment/Page_Calendar/span_Select Service' is clicked on

21-11-2024T11:55:05 - [MESSAGE][PASSED] - Object: 'Object Repository/Specific Cases Repository/LS/Home/Calendar/Calendar_Events/Calendar_Events_Creation/Appointment/Page_Calendar/span_Select Service' is clicked on

21-11-2024T11:55:05 - [TEST_STEP][PASSED] - setText(findTestObject("Object Repository/Specific Cases Repository/LS/Home/Calendar/Calendar_Events/Calendar_Events_Creation/Appointment/Page_Calendar/Patien Name"), "5 "): Text '5 ' is set on object 'Object Repository/Specific Cases Repository/LS/Home/Calendar/Calendar_Events/Calendar_Events_Creation/Appointment/Page_Calendar/Patien Name'

21-11-2024T11:55:06 - [MESSAGE][PASSED] - Text '5 ' is set on object 'Object Repository/Specific Cases Repository/LS/Home/Calendar/Calendar_Events/Calendar_Events_Creation/Appointment/Page_Calendar/Patien Name'

21-11-2024T11:55:06 - [TEST_STEP][PASSED] - sendKeys(findTestObject("Object Repository/Specific Cases Repository/LS/Home/Calendar/Calendar_Events/Calendar_Events_Creation/Appointment/Page_Calendar/Patien Name"), Keys.chord(ENTER)): Keys 'ENTER + ' sent to object: 'Object Repository/Specific Cases Repository/LS/Home/Calendar/Calendar_Events/Calendar_Events_Creation/Appointment/Page_Calendar/Patien Name'

21-11-2024T11:55:06 - [MESSAGE][PASSED] - Keys 'ENTER + ' sent to object: 'Object Repository/Specific Cases Repository/LS/Home/Calendar/Calendar_Events/Calendar_Events_Creation/Appointment/Page_Calendar/Patien Name'

21-11-2024T11:55:06 - [TEST_STEP][PASSED] - click(findTestObject("Object Repository/Specific Cases Repository/LS/Home/Calendar/Calendar_Events/Calendar_Events_Creation/Appointment/Page_Calendar/input_Title_title_")): Object: 'Object Repository/Specific Cases Repository/LS/Home/Calendar/Calendar_Events/Calendar_Events_Creation/Appointment/Page_Calendar/input_Title_title_' is clicked on

21-11-2024T11:55:07 - [MESSAGE][PASSED] - Object: 'Object Repository/Specific Cases Repository/LS/Home/Calendar/Calendar_Events/Calendar_Events_Creation/Appointment/Page_Calendar/input_Title_title_' is clicked on

21-11-2024T11:55:07 - [TEST_STEP][PASSED] - setText(findTestObject("Object Repository/Specific Cases Repository/LS/Home/Calendar/Calendar_Events/Calendar_Events_Creation/Appointment/Page_Calendar/input_Title_title_"), "Automation Test with A Automation, A Client MR# 24-11006: 5 Panel Drug Screen"): Text 'Automation Test with A Automation, A Client MR# 24-11006: 5 Panel Drug Screen' is set on object 'Object Repository/Specific Cases Repository/LS/Home/Calendar/Calendar_Events/Calendar_Events_Creation/Appointment/Page_Calendar/input_Title_title_'

21-11-2024T11:55:08 - [MESSAGE][PASSED] - Text 'Automation Test with A Automation, A Client MR# 24-11006: 5 Panel Drug Screen' is set on object 'Object Repository/Specific Cases Repository/LS/Home/Calendar/Calendar_Events/Calendar_Events_Creation/Appointment/Page_Calendar/input_Title_title_'

21-11-2024T11:55:08 - [TEST_STEP][PASSED] - click(findTestObject("Object Repository/Specific Cases Repository/LS/Home/Calendar/Calendar_Events/Calendar_Events_Creation/Appointment/Page_Calendar/Date")): Object: 'Object Repository/Specific Cases Repository/LS/Home/Calendar/Calendar_Events/Calendar_Events_Creation/Appointment/Page_Calendar/Date' is clicked on

21-11-2024T11:55:08 - [MESSAGE][PASSED] - Object: 'Object Repository/Specific Cases Repository/LS/Home/Calendar/Calendar_Events/Calendar_Events_Creation/Appointment/Page_Calendar/Date' is clicked on

21-11-2024T11:55:08 - [TEST_STEP][PASSED] - setText(findTestObject("Object Repository/Specific Cases Repository/LS/Home/Calendar/Calendar_Events/Calendar_Events_Creation/Appointment/Page_Calendar/Date"), Todays_Date): Text '11/21/2024' is set on object 'Object Repository/Specific Cases Repository/LS/Home/Calendar/Calendar_Events/Calendar_Events_Creation/Appointment/Page_Calendar/Date'

21-11-2024T11:55:09 - [MESSAGE][PASSED] - Text '11/21/2024' is set on object 'Object Repository/Specific Cases Repository/LS/Home/Calendar/Calendar_Events/Calendar_Events_Creation/Appointment/Page_Calendar/Date'

21-11-2024T11:55:09 - [TEST_STEP][PASSED] - click(findTestObject("Object Repository/Specific Cases Repository/LS/Home/Calendar/Calendar_Events/Calendar_Events_Creation/Appointment/Page_Calendar/Start Time Clock")): Object: 'Object Repository/Specific Cases Repository/LS/Home/Calendar/Calendar_Events/Calendar_Events_Creation/Appointment/Page_Calendar/Start Time Clock' is clicked on

21-11-2024T11:55:10 - [MESSAGE][PASSED] - Object: 'Object Repository/Specific Cases Repository/LS/Home/Calendar/Calendar_Events/Calendar_Events_Creation/Appointment/Page_Calendar/Start Time Clock' is clicked on

21-11-2024T11:55:10 - [TEST_STEP][PASSED] - setText(findTestObject("Object Repository/Specific Cases Repository/LS/Home/Calendar/Calendar_Events/Calendar_Events_Creation/Appointment/Page_Calendar/Start Time Clock"), "1500"): Text '1500' is set on object 'Object Repository/Specific Cases Repository/LS/Home/Calendar/Calendar_Events/Calendar_Events_Creation/Appointment/Page_Calendar/Start Time Clock'

21-11-2024T11:55:11 - [MESSAGE][PASSED] - Text '1500' is set on object 'Object Repository/Specific Cases Repository/LS/Home/Calendar/Calendar_Events/Calendar_Events_Creation/Appointment/Page_Calendar/Start Time Clock'

21-11-2024T11:55:11 - [TEST_STEP][PASSED] - click(findTestObject("Object Repository/Specific Cases Repository/LS/Home/Calendar/Calendar_Events/Calendar_Events_Creation/Appointment/Page_Calendar/End Time Clock")): Object: 'Object Repository/Specific Cases Repository/LS/Home/Calendar/Calendar_Events/Calendar_Events_Creation/Appointment/Page_Calendar/End Time Clock' is clicked on

21-11-2024T11:55:11 - [MESSAGE][PASSED] - Object: 'Object Repository/Specific Cases Repository/LS/Home/Calendar/Calendar_Events/Calendar_Events_Creation/Appointment/Page_Calendar/End Time Clock' is clicked on

21-11-2024T11:55:11 - [TEST_STEP][PASSED] - setText(findTestObject("Object Repository/Specific Cases Repository/LS/Home/Calendar/Calendar_Events/Calendar_Events_Creation/Appointment/Page_Calendar/End Time Clock"), "1600"): Text '1600' is set on object 'Object Repository/Specific Cases Repository/LS/Home/Calendar/Calendar_Events/Calendar_Events_Creation/Appointment/Page_Calendar/End Time Clock'

21-11-2024T11:55:12 - [MESSAGE][PASSED] - Text '1600' is set on object 'Object Repository/Specific Cases Repository/LS/Home/Calendar/Calendar_Events/Calendar_Events_Creation/Appointment/Page_Calendar/End Time Clock'

21-11-2024T11:55:12 - [TEST_STEP][PASSED] - verifyElementPresent(findTestObject("Object Repository/Specific Cases Repository/LS/Home/Calendar/Calendar_Events/Calendar_Events_Creation/Appointment/Page_Calendar/Duplicated appointment message"), 0): Object 'Object Repository/Specific Cases Repository/LS/Home/Calendar/Calendar_Events/Calendar_Events_Creation/Appointment/Page_Calendar/Duplicated appointment message' is present

21-11-2024T11:55:12 - [MESSAGE][WARNING] - Timeout '0' is invalid. Using default page load timeout: '30'

21-11-2024T11:55:13 - [MESSAGE][PASSED] - Object 'Object Repository/Specific Cases Repository/LS/Home/Calendar/Calendar_Events/Calendar_Events_Creation/Appointment/Page_Calendar/Duplicated appointment message' is present

21-11-2024T11:55:13 - [TEST_STEP][PASSED] - verifyElementText(findTestObject("Object Repository/Specific Cases Repository/LS/Home/Calendar/Calendar_Events/Calendar_Events_Creation/Appointment/Page_Calendar/div_This client has another appointment dur_a294bd"), "This client has another appointment during this time range."): Actual text and expected text of test object 'Object Repository/Specific Cases Repository/LS/Home/Calendar/Calendar_Events/Calendar_Events_Creation/Appointment/Page_Calendar/div_This client has another appointment dur_a294bd' are matched.

21-11-2024T11:55:13 - [MESSAGE][PASSED] - Actual text and expected text of test object 'Object Repository/Specific Cases Repository/LS/Home/Calendar/Calendar_Events/Calendar_Events_Creation/Appointment/Page_Calendar/div_This client has another appointment dur_a294bd' are matched.

21-11-2024T11:55:13 - [TEST_STEP][PASSED] - click(findTestObject("Object Repository/Specific Cases Repository/LS/Home/Calendar/Calendar_Events/Calendar_Events_Creation/Appointment/Page_Calendar/Cancel Appointment")): Object: 'Object Repository/Specific Cases Repository/LS/Home/Calendar/Calendar_Events/Calendar_Events_Creation/Appointment/Page_Calendar/Cancel Appointment' is clicked on

21-11-2024T11:55:13 - [MESSAGE][PASSED] - Object: 'Object Repository/Specific Cases Repository/LS/Home/Calendar/Calendar_Events/Calendar_Events_Creation/Appointment/Page_Calendar/Cancel Appointment' is clicked on

21-11-2024T11:55:13 - [TEST_STEP][PASSED] - click(findTestObject("Specific Cases Repository/LS/Home/Calendar/Calendar_Events/Calendar_Events_Creation/Appointment/Page_Calendar/a_Automation Test with A Automation, A Clie_8f5a4c")): Object: 'Object Repository/Specific Cases Repository/LS/Home/Calendar/Calendar_Events/Calendar_Events_Creation/Appointment/Page_Calendar/a_Automation Test with A Automation, A Clie_8f5a4c' is clicked on

21-11-2024T11:55:14 - [MESSAGE][PASSED] - Object: 'Object Repository/Specific Cases Repository/LS/Home/Calendar/Calendar_Events/Calendar_Events_Creation/Appointment/Page_Calendar/a_Automation Test with A Automation, A Clie_8f5a4c' is clicked on

21-11-2024T11:55:14 - [TEST_STEP][PASSED] - verifyElementText(findTestObject("Object Repository/Specific Cases Repository/LS/Home/Calendar/Calendar_Events/Calendar_Events_Creation/Appointment/Page_Calendar/b_Revise Schedule for"), "Revise Schedule for"): Actual text and expected text of test object 'Object Repository/Specific Cases Repository/LS/Home/Calendar/Calendar_Events/Calendar_Events_Creation/Appointment/Page_Calendar/b_Revise Schedule for' are matched.

21-11-2024T11:55:15 - [MESSAGE][PASSED] - Actual text and expected text of test object 'Object Repository/Specific Cases Repository/LS/Home/Calendar/Calendar_Events/Calendar_Events_Creation/Appointment/Page_Calendar/b_Revise Schedule for' are matched.

21-11-2024T11:55:15 - [TEST_STEP][PASSED] - verifyElementText(findTestObject("Object Repository/Specific Cases Repository/LS/Home/Calendar/Calendar_Events/Calendar_Events_Creation/Appointment/Page_Calendar/a_A Client A Automation"), "A Client A Automation"): Actual text and expected text of test object 'Object Repository/Specific Cases Repository/LS/Home/Calendar/Calendar_Events/Calendar_Events_Creation/Appointment/Page_Calendar/a_A Client A Automation' are matched.

21-11-2024T11:55:16 - [MESSAGE][PASSED] - Actual text and expected text of test object 'Object Repository/Specific Cases Repository/LS/Home/Calendar/Calendar_Events/Calendar_Events_Creation/Appointment/Page_Calendar/a_A Client A Automation' are matched.

21-11-2024T11:55:16 - [TEST_STEP][PASSED] - waitForPageLoad(30): Wait for page load successfully

21-11-2024T11:55:16 - [MESSAGE][PASSED] - Wait for page load successfully

21-11-2024T11:55:16 - [TEST_STEP][PASSED] - closeBrowser(): Browser is closed

21-11-2024T11:55:16 - [MESSAGE][PASSED] - Browser is closed]]></system-out>
         <system-err><![CDATA[]]></system-err>
      </testcase>
      <testcase name="Test Cases/Specific Cases/LS/General/Calendar/Events_Creation/Present Events Creation/Calendar_Block" time="26.999" classname="Test Cases/Specific Cases/LS/General/Calendar/Events_Creation/Present Events Creation/Calendar_Block" status="PASSED">
         <system-out><![CDATA[21-11-2024T11:55:16 - [TEST_CASE][PASSED] - Test Cases/Specific Cases/LS/General/Calendar/Events_Creation/Present Events Creation/Calendar_Block: Test Cases/Specific Cases/LS/General/Calendar/Events_Creation/Present Events Creation/Calendar_Block

21-11-2024T11:55:16 - [TEST_STEP][PASSED] - callTestCase(findTestCase("Common Cases/Login"), [:], STOP_ON_FAILURE): Call Test Case 'Test Cases/Common Cases/Login' successfully

21-11-2024T11:55:16 - [TEST_CASE][PASSED] - Test Cases/Common Cases/Login: Test Cases/Common Cases/Login

21-11-2024T11:55:16 - [TEST_STEP][PASSED] - openBrowser(""): Browser is opened with url: ''

21-11-2024T11:55:16 - [MESSAGE][INFO] - Starting 'Chrome' driver

21-11-2024T11:55:16 - [MESSAGE][INFO] - Action delay is set to 0 milliseconds

21-11-2024T11:55:17 - [MESSAGE][PASSED] - Browser is opened with url: ''

21-11-2024T11:55:17 - [TEST_STEP][PASSED] - maximizeWindow(): Current window maximized

21-11-2024T11:55:17 - [MESSAGE][PASSED] - Current window maximized

21-11-2024T11:55:17 - [TEST_STEP][PASSED] - navigateToUrl("https://site17.lsapp.cloud/auth/login"): Navigate to 'https://site17.lsapp.cloud/auth/login' successfully

21-11-2024T11:55:18 - [MESSAGE][PASSED] - Navigate to 'https://site17.lsapp.cloud/auth/login' successfully

21-11-2024T11:55:18 - [TEST_STEP][PASSED] - setText(findTestObject("Object Repository/Common Cases Repository/Login/Page_Lightning Step/input_Email_email"), "automation@lightningstep.com"): Text 'automation@lightningstep.com' is set on object 'Object Repository/Common Cases Repository/Login/Page_Lightning Step/input_Email_email'

21-11-2024T11:55:19 - [MESSAGE][PASSED] - Text 'automation@lightningstep.com' is set on object 'Object Repository/Common Cases Repository/Login/Page_Lightning Step/input_Email_email'

21-11-2024T11:55:19 - [TEST_STEP][PASSED] - setEncryptedText(findTestObject("Object Repository/Common Cases Repository/Login/Page_Lightning Step/input_Password_password"), "e5N8VHmnhJDITtQaQhDQDw=="): Text ****** has been set on object 'Object Repository/Common Cases Repository/Login/Page_Lightning Step/input_Password_password'

21-11-2024T11:55:19 - [MESSAGE][PASSED] - Text ****** has been set on object 'Object Repository/Common Cases Repository/Login/Page_Lightning Step/input_Password_password'

21-11-2024T11:55:19 - [TEST_STEP][PASSED] - click(findTestObject("Object Repository/Common Cases Repository/Login/Page_Lightning Step/button_Sign in")): Object: 'Object Repository/Common Cases Repository/Login/Page_Lightning Step/button_Sign in' is clicked on

21-11-2024T11:55:27 - [MESSAGE][PASSED] - Object: 'Object Repository/Common Cases Repository/Login/Page_Lightning Step/button_Sign in' is clicked on

21-11-2024T11:55:27 - [MESSAGE][PASSED] - Call Test Case 'Test Cases/Common Cases/Login' successfully

21-11-2024T11:55:27 - [TEST_STEP][PASSED] - click(findTestObject("Object Repository/Specific Cases Repository/LS/Home/Calendar/Calendar_Events/Calendar_Events_Creation/Block/Page_Home/a_Calendar")): Object: 'Object Repository/Specific Cases Repository/LS/Home/Calendar/Calendar_Events/Calendar_Events_Creation/Block/Page_Home/a_Calendar' is clicked on

21-11-2024T11:55:32 - [MESSAGE][PASSED] - Object: 'Object Repository/Specific Cases Repository/LS/Home/Calendar/Calendar_Events/Calendar_Events_Creation/Block/Page_Home/a_Calendar' is clicked on

21-11-2024T11:55:32 - [TEST_STEP][PASSED] - click(findTestObject("Object Repository/Specific Cases Repository/LS/Home/Calendar/Calendar_Events/Calendar_Events_Creation/Appointment/Page_Calendar/div_Week")): Object: 'Object Repository/Specific Cases Repository/LS/Home/Calendar/Calendar_Events/Calendar_Events_Creation/Appointment/Page_Calendar/div_Week' is clicked on

21-11-2024T11:55:33 - [MESSAGE][PASSED] - Object: 'Object Repository/Specific Cases Repository/LS/Home/Calendar/Calendar_Events/Calendar_Events_Creation/Appointment/Page_Calendar/div_Week' is clicked on

21-11-2024T11:55:33 - [TEST_STEP][PASSED] - click(findTestObject("Object Repository/Specific Cases Repository/LS/Home/Calendar/Calendar_Events/Calendar_Events_Creation/Block/Page_Calendar/button_Create new")): Object: 'Object Repository/Specific Cases Repository/LS/Home/Calendar/Calendar_Events/Calendar_Events_Creation/Block/Page_Calendar/button_Create new' is clicked on

21-11-2024T11:55:33 - [MESSAGE][PASSED] - Object: 'Object Repository/Specific Cases Repository/LS/Home/Calendar/Calendar_Events/Calendar_Events_Creation/Block/Page_Calendar/button_Create new' is clicked on

21-11-2024T11:55:33 - [TEST_STEP][PASSED] - click(findTestObject("Object Repository/Specific Cases Repository/LS/Home/Calendar/Calendar_Events/Calendar_Events_Creation/Block/Page_Calendar/label_Block")): Object: 'Object Repository/Specific Cases Repository/LS/Home/Calendar/Calendar_Events/Calendar_Events_Creation/Block/Page_Calendar/label_Block' is clicked on

21-11-2024T11:55:34 - [MESSAGE][PASSED] - Object: 'Object Repository/Specific Cases Repository/LS/Home/Calendar/Calendar_Events/Calendar_Events_Creation/Block/Page_Calendar/label_Block' is clicked on

21-11-2024T11:55:34 - [TEST_STEP][PASSED] - setText(findTestObject("Object Repository/Specific Cases Repository/LS/Home/Calendar/Calendar_Events/Calendar_Events_Creation/Block/Page_Calendar/input_Title_title_"), "Automation Block"): Text 'Automation Block' is set on object 'Object Repository/Specific Cases Repository/LS/Home/Calendar/Calendar_Events/Calendar_Events_Creation/Block/Page_Calendar/input_Title_title_'

21-11-2024T11:55:36 - [MESSAGE][PASSED] - Text 'Automation Block' is set on object 'Object Repository/Specific Cases Repository/LS/Home/Calendar/Calendar_Events/Calendar_Events_Creation/Block/Page_Calendar/input_Title_title_'

21-11-2024T11:55:36 - [TEST_STEP][PASSED] - click(findTestObject("Object Repository/Specific Cases Repository/LS/Home/Calendar/Calendar_Events/Calendar_Events_Creation/Appointment/Page_Calendar/Date")): Object: 'Object Repository/Specific Cases Repository/LS/Home/Calendar/Calendar_Events/Calendar_Events_Creation/Appointment/Page_Calendar/Date' is clicked on

21-11-2024T11:55:36 - [MESSAGE][PASSED] - Object: 'Object Repository/Specific Cases Repository/LS/Home/Calendar/Calendar_Events/Calendar_Events_Creation/Appointment/Page_Calendar/Date' is clicked on

21-11-2024T11:55:36 - [TEST_STEP][PASSED] - setText(findTestObject("Object Repository/Specific Cases Repository/LS/Home/Calendar/Calendar_Events/Calendar_Events_Creation/Appointment/Page_Calendar/Date"), Todays_Date): Text '11/21/2024' is set on object 'Object Repository/Specific Cases Repository/LS/Home/Calendar/Calendar_Events/Calendar_Events_Creation/Appointment/Page_Calendar/Date'

21-11-2024T11:55:37 - [MESSAGE][PASSED] - Text '11/21/2024' is set on object 'Object Repository/Specific Cases Repository/LS/Home/Calendar/Calendar_Events/Calendar_Events_Creation/Appointment/Page_Calendar/Date'

21-11-2024T11:55:37 - [TEST_STEP][PASSED] - click(findTestObject("Object Repository/Specific Cases Repository/LS/Home/Calendar/Calendar_Events/Calendar_Events_Creation/Appointment/Page_Calendar/Start Time Clock")): Object: 'Object Repository/Specific Cases Repository/LS/Home/Calendar/Calendar_Events/Calendar_Events_Creation/Appointment/Page_Calendar/Start Time Clock' is clicked on

21-11-2024T11:55:38 - [MESSAGE][PASSED] - Object: 'Object Repository/Specific Cases Repository/LS/Home/Calendar/Calendar_Events/Calendar_Events_Creation/Appointment/Page_Calendar/Start Time Clock' is clicked on

21-11-2024T11:55:38 - [TEST_STEP][PASSED] - setText(findTestObject("Object Repository/Specific Cases Repository/LS/Home/Calendar/Calendar_Events/Calendar_Events_Creation/Appointment/Page_Calendar/Start Time Clock"), "1600"): Text '1600' is set on object 'Object Repository/Specific Cases Repository/LS/Home/Calendar/Calendar_Events/Calendar_Events_Creation/Appointment/Page_Calendar/Start Time Clock'

21-11-2024T11:55:39 - [MESSAGE][PASSED] - Text '1600' is set on object 'Object Repository/Specific Cases Repository/LS/Home/Calendar/Calendar_Events/Calendar_Events_Creation/Appointment/Page_Calendar/Start Time Clock'

21-11-2024T11:55:39 - [TEST_STEP][PASSED] - click(findTestObject("Object Repository/Specific Cases Repository/LS/Home/Calendar/Calendar_Events/Calendar_Events_Creation/Block/Page_Calendar/div_Schedule                               _3f20bf")): Object: 'Object Repository/Specific Cases Repository/LS/Home/Calendar/Calendar_Events/Calendar_Events_Creation/Block/Page_Calendar/div_Schedule                               _3f20bf' is clicked on

21-11-2024T11:55:39 - [MESSAGE][PASSED] - Object: 'Object Repository/Specific Cases Repository/LS/Home/Calendar/Calendar_Events/Calendar_Events_Creation/Block/Page_Calendar/div_Schedule                               _3f20bf' is clicked on

21-11-2024T11:55:39 - [TEST_STEP][PASSED] - setText(findTestObject("Object Repository/Specific Cases Repository/LS/Home/Calendar/Calendar_Events/Calendar_Events_Creation/Block/Page_Calendar/input_Notes_notes"), "Automation Block Note"): Text 'Automation Block Note' is set on object 'Object Repository/Specific Cases Repository/LS/Home/Calendar/Calendar_Events/Calendar_Events_Creation/Block/Page_Calendar/input_Notes_notes'

21-11-2024T11:55:40 - [MESSAGE][PASSED] - Text 'Automation Block Note' is set on object 'Object Repository/Specific Cases Repository/LS/Home/Calendar/Calendar_Events/Calendar_Events_Creation/Block/Page_Calendar/input_Notes_notes'

21-11-2024T11:55:40 - [TEST_STEP][PASSED] - click(findTestObject("Object Repository/Specific Cases Repository/LS/Home/Calendar/Calendar_Events/Calendar_Events_Creation/Block/Page_Calendar/a_Save")): Object: 'Object Repository/Specific Cases Repository/LS/Home/Calendar/Calendar_Events/Calendar_Events_Creation/Block/Page_Calendar/a_Save' is clicked on

21-11-2024T11:55:40 - [MESSAGE][PASSED] - Object: 'Object Repository/Specific Cases Repository/LS/Home/Calendar/Calendar_Events/Calendar_Events_Creation/Block/Page_Calendar/a_Save' is clicked on

21-11-2024T11:55:40 - [TEST_STEP][PASSED] - mouseOver(findTestObject("Object Repository/Specific Cases Repository/LS/Home/Calendar/Calendar_Events/Calendar_Events_Creation/Block/Page_Calendar/a_Blocked for Automation Block")): Object: 'Object Repository/Specific Cases Repository/LS/Home/Calendar/Calendar_Events/Calendar_Events_Creation/Block/Page_Calendar/a_Blocked for Automation Block' is hovered

21-11-2024T11:55:42 - [MESSAGE][PASSED] - Object: 'Object Repository/Specific Cases Repository/LS/Home/Calendar/Calendar_Events/Calendar_Events_Creation/Block/Page_Calendar/a_Blocked for Automation Block' is hovered

21-11-2024T11:55:42 - [TEST_STEP][PASSED] - verifyElementText(findTestObject("Object Repository/Specific Cases Repository/LS/Home/Calendar/Calendar_Events/Calendar_Events_Creation/Block/Page_Calendar/span_Blocked for Automation Block"), "Blocked for: Automation Block"): Actual text and expected text of test object 'Object Repository/Specific Cases Repository/LS/Home/Calendar/Calendar_Events/Calendar_Events_Creation/Block/Page_Calendar/span_Blocked for Automation Block' are matched.

21-11-2024T11:55:42 - [MESSAGE][PASSED] - Actual text and expected text of test object 'Object Repository/Specific Cases Repository/LS/Home/Calendar/Calendar_Events/Calendar_Events_Creation/Block/Page_Calendar/span_Blocked for Automation Block' are matched.

21-11-2024T11:55:42 - [TEST_STEP][PASSED] - closeBrowser(): Browser is closed

21-11-2024T11:55:43 - [MESSAGE][PASSED] - Browser is closed]]></system-out>
         <system-err><![CDATA[]]></system-err>
      </testcase>
      <testcase name="Test Cases/Specific Cases/LS/General/Calendar/Events_Creation/Present Events Creation/Calendar_Event" time="30.266" classname="Test Cases/Specific Cases/LS/General/Calendar/Events_Creation/Present Events Creation/Calendar_Event" status="PASSED">
         <system-out><![CDATA[21-11-2024T11:55:43 - [TEST_CASE][PASSED] - Test Cases/Specific Cases/LS/General/Calendar/Events_Creation/Present Events Creation/Calendar_Event: Test Cases/Specific Cases/LS/General/Calendar/Events_Creation/Present Events Creation/Calendar_Event

21-11-2024T11:55:43 - [TEST_STEP][PASSED] - callTestCase(findTestCase("Common Cases/Login"), [:], STOP_ON_FAILURE): Call Test Case 'Test Cases/Common Cases/Login' successfully

21-11-2024T11:55:43 - [TEST_CASE][PASSED] - Test Cases/Common Cases/Login: Test Cases/Common Cases/Login

21-11-2024T11:55:43 - [TEST_STEP][PASSED] - openBrowser(""): Browser is opened with url: ''

21-11-2024T11:55:43 - [MESSAGE][INFO] - Starting 'Chrome' driver

21-11-2024T11:55:43 - [MESSAGE][INFO] - Action delay is set to 0 milliseconds

21-11-2024T11:55:44 - [MESSAGE][PASSED] - Browser is opened with url: ''

21-11-2024T11:55:44 - [TEST_STEP][PASSED] - maximizeWindow(): Current window maximized

21-11-2024T11:55:44 - [MESSAGE][PASSED] - Current window maximized

21-11-2024T11:55:44 - [TEST_STEP][PASSED] - navigateToUrl("https://site17.lsapp.cloud/auth/login"): Navigate to 'https://site17.lsapp.cloud/auth/login' successfully

21-11-2024T11:55:46 - [MESSAGE][PASSED] - Navigate to 'https://site17.lsapp.cloud/auth/login' successfully

21-11-2024T11:55:46 - [TEST_STEP][PASSED] - setText(findTestObject("Object Repository/Common Cases Repository/Login/Page_Lightning Step/input_Email_email"), "automation@lightningstep.com"): Text 'automation@lightningstep.com' is set on object 'Object Repository/Common Cases Repository/Login/Page_Lightning Step/input_Email_email'

21-11-2024T11:55:47 - [MESSAGE][PASSED] - Text 'automation@lightningstep.com' is set on object 'Object Repository/Common Cases Repository/Login/Page_Lightning Step/input_Email_email'

21-11-2024T11:55:47 - [TEST_STEP][PASSED] - setEncryptedText(findTestObject("Object Repository/Common Cases Repository/Login/Page_Lightning Step/input_Password_password"), "e5N8VHmnhJDITtQaQhDQDw=="): Text ****** has been set on object 'Object Repository/Common Cases Repository/Login/Page_Lightning Step/input_Password_password'

21-11-2024T11:55:48 - [MESSAGE][PASSED] - Text ****** has been set on object 'Object Repository/Common Cases Repository/Login/Page_Lightning Step/input_Password_password'

21-11-2024T11:55:48 - [TEST_STEP][PASSED] - click(findTestObject("Object Repository/Common Cases Repository/Login/Page_Lightning Step/button_Sign in")): Object: 'Object Repository/Common Cases Repository/Login/Page_Lightning Step/button_Sign in' is clicked on

21-11-2024T11:55:57 - [MESSAGE][PASSED] - Object: 'Object Repository/Common Cases Repository/Login/Page_Lightning Step/button_Sign in' is clicked on

21-11-2024T11:55:57 - [MESSAGE][PASSED] - Call Test Case 'Test Cases/Common Cases/Login' successfully

21-11-2024T11:55:57 - [TEST_STEP][PASSED] - click(findTestObject("Object Repository/Specific Cases Repository/LS/Home/Calendar/Calendar_Events/Calendar_Events_Creation/Event/Page_Home/a_Calendar")): Object: 'Object Repository/Specific Cases Repository/LS/Home/Calendar/Calendar_Events/Calendar_Events_Creation/Event/Page_Home/a_Calendar' is clicked on

21-11-2024T11:56:03 - [MESSAGE][PASSED] - Object: 'Object Repository/Specific Cases Repository/LS/Home/Calendar/Calendar_Events/Calendar_Events_Creation/Event/Page_Home/a_Calendar' is clicked on

21-11-2024T11:56:03 - [TEST_STEP][PASSED] - click(findTestObject("Object Repository/Specific Cases Repository/LS/Home/Calendar/Calendar_Events/Calendar_Events_Creation/Appointment/Page_Calendar/div_Week")): Object: 'Object Repository/Specific Cases Repository/LS/Home/Calendar/Calendar_Events/Calendar_Events_Creation/Appointment/Page_Calendar/div_Week' is clicked on

21-11-2024T11:56:04 - [MESSAGE][PASSED] - Object: 'Object Repository/Specific Cases Repository/LS/Home/Calendar/Calendar_Events/Calendar_Events_Creation/Appointment/Page_Calendar/div_Week' is clicked on

21-11-2024T11:56:04 - [TEST_STEP][PASSED] - click(findTestObject("Object Repository/Specific Cases Repository/LS/Home/Calendar/Calendar_Events/Calendar_Events_Creation/Event/Page_Calendar/button_Create new")): Object: 'Object Repository/Specific Cases Repository/LS/Home/Calendar/Calendar_Events/Calendar_Events_Creation/Event/Page_Calendar/button_Create new' is clicked on

21-11-2024T11:56:05 - [MESSAGE][PASSED] - Object: 'Object Repository/Specific Cases Repository/LS/Home/Calendar/Calendar_Events/Calendar_Events_Creation/Event/Page_Calendar/button_Create new' is clicked on

21-11-2024T11:56:05 - [TEST_STEP][PASSED] - click(findTestObject("Object Repository/Specific Cases Repository/LS/Home/Calendar/Calendar_Events/Calendar_Events_Creation/Event/Page_Calendar/label_Event")): Object: 'Object Repository/Specific Cases Repository/LS/Home/Calendar/Calendar_Events/Calendar_Events_Creation/Event/Page_Calendar/label_Event' is clicked on

21-11-2024T11:56:05 - [MESSAGE][PASSED] - Object: 'Object Repository/Specific Cases Repository/LS/Home/Calendar/Calendar_Events/Calendar_Events_Creation/Event/Page_Calendar/label_Event' is clicked on

21-11-2024T11:56:05 - [TEST_STEP][PASSED] - setText(findTestObject("Object Repository/Specific Cases Repository/LS/Home/Calendar/Calendar_Events/Calendar_Events_Creation/Event/Page_Calendar/input_Title_title_"), "Automation Event"): Text 'Automation Event' is set on object 'Object Repository/Specific Cases Repository/LS/Home/Calendar/Calendar_Events/Calendar_Events_Creation/Event/Page_Calendar/input_Title_title_'

21-11-2024T11:56:07 - [MESSAGE][PASSED] - Text 'Automation Event' is set on object 'Object Repository/Specific Cases Repository/LS/Home/Calendar/Calendar_Events/Calendar_Events_Creation/Event/Page_Calendar/input_Title_title_'

21-11-2024T11:56:07 - [TEST_STEP][PASSED] - click(findTestObject("Object Repository/Specific Cases Repository/LS/Home/Calendar/Calendar_Events/Calendar_Events_Creation/Appointment/Page_Calendar/Date")): Object: 'Object Repository/Specific Cases Repository/LS/Home/Calendar/Calendar_Events/Calendar_Events_Creation/Appointment/Page_Calendar/Date' is clicked on

21-11-2024T11:56:07 - [MESSAGE][PASSED] - Object: 'Object Repository/Specific Cases Repository/LS/Home/Calendar/Calendar_Events/Calendar_Events_Creation/Appointment/Page_Calendar/Date' is clicked on

21-11-2024T11:56:07 - [TEST_STEP][PASSED] - setText(findTestObject("Object Repository/Specific Cases Repository/LS/Home/Calendar/Calendar_Events/Calendar_Events_Creation/Appointment/Page_Calendar/Date"), Todays_Date): Text '11/21/2024' is set on object 'Object Repository/Specific Cases Repository/LS/Home/Calendar/Calendar_Events/Calendar_Events_Creation/Appointment/Page_Calendar/Date'

21-11-2024T11:56:08 - [MESSAGE][PASSED] - Text '11/21/2024' is set on object 'Object Repository/Specific Cases Repository/LS/Home/Calendar/Calendar_Events/Calendar_Events_Creation/Appointment/Page_Calendar/Date'

21-11-2024T11:56:08 - [TEST_STEP][PASSED] - click(findTestObject("Object Repository/Specific Cases Repository/LS/Home/Calendar/Calendar_Events/Calendar_Events_Creation/Appointment/Page_Calendar/Start Time Clock")): Object: 'Object Repository/Specific Cases Repository/LS/Home/Calendar/Calendar_Events/Calendar_Events_Creation/Appointment/Page_Calendar/Start Time Clock' is clicked on

21-11-2024T11:56:09 - [MESSAGE][PASSED] - Object: 'Object Repository/Specific Cases Repository/LS/Home/Calendar/Calendar_Events/Calendar_Events_Creation/Appointment/Page_Calendar/Start Time Clock' is clicked on

21-11-2024T11:56:09 - [TEST_STEP][PASSED] - setText(findTestObject("Object Repository/Specific Cases Repository/LS/Home/Calendar/Calendar_Events/Calendar_Events_Creation/Appointment/Page_Calendar/Start Time Clock"), "1400"): Text '1400' is set on object 'Object Repository/Specific Cases Repository/LS/Home/Calendar/Calendar_Events/Calendar_Events_Creation/Appointment/Page_Calendar/Start Time Clock'

21-11-2024T11:56:09 - [MESSAGE][PASSED] - Text '1400' is set on object 'Object Repository/Specific Cases Repository/LS/Home/Calendar/Calendar_Events/Calendar_Events_Creation/Appointment/Page_Calendar/Start Time Clock'

21-11-2024T11:56:09 - [TEST_STEP][PASSED] - click(findTestObject("Object Repository/Specific Cases Repository/LS/Home/Calendar/Calendar_Events/Calendar_Events_Creation/Event/Page_Calendar/div_Schedule                               _3f20bf")): Object: 'Object Repository/Specific Cases Repository/LS/Home/Calendar/Calendar_Events/Calendar_Events_Creation/Event/Page_Calendar/div_Schedule                               _3f20bf' is clicked on

21-11-2024T11:56:10 - [MESSAGE][PASSED] - Object: 'Object Repository/Specific Cases Repository/LS/Home/Calendar/Calendar_Events/Calendar_Events_Creation/Event/Page_Calendar/div_Schedule                               _3f20bf' is clicked on

21-11-2024T11:56:10 - [TEST_STEP][PASSED] - setText(findTestObject("Object Repository/Specific Cases Repository/LS/Home/Calendar/Calendar_Events/Calendar_Events_Creation/Event/Page_Calendar/input_Notes_notes"), "Automation Event Note"): Text 'Automation Event Note' is set on object 'Object Repository/Specific Cases Repository/LS/Home/Calendar/Calendar_Events/Calendar_Events_Creation/Event/Page_Calendar/input_Notes_notes'

21-11-2024T11:56:11 - [MESSAGE][PASSED] - Text 'Automation Event Note' is set on object 'Object Repository/Specific Cases Repository/LS/Home/Calendar/Calendar_Events/Calendar_Events_Creation/Event/Page_Calendar/input_Notes_notes'

21-11-2024T11:56:11 - [TEST_STEP][PASSED] - click(findTestObject("Object Repository/Specific Cases Repository/LS/Home/Calendar/Calendar_Events/Calendar_Events_Creation/Event/Page_Calendar/a_Save")): Object: 'Object Repository/Specific Cases Repository/LS/Home/Calendar/Calendar_Events/Calendar_Events_Creation/Event/Page_Calendar/a_Save' is clicked on

21-11-2024T11:56:11 - [MESSAGE][PASSED] - Object: 'Object Repository/Specific Cases Repository/LS/Home/Calendar/Calendar_Events/Calendar_Events_Creation/Event/Page_Calendar/a_Save' is clicked on

21-11-2024T11:56:11 - [TEST_STEP][PASSED] - scrollToElement(findTestObject("Object Repository/Specific Cases Repository/LS/Home/Calendar/Calendar_Events/Calendar_Events_Creation/Event/Page_Calendar/a_Automation Event"), 0): Scroll to object 'Object Repository/Specific Cases Repository/LS/Home/Calendar/Calendar_Events/Calendar_Events_Creation/Event/Page_Calendar/a_Automation Event' successfully

21-11-2024T11:56:11 - [MESSAGE][WARNING] - Timeout '0' is invalid. Using default page load timeout: '30'

21-11-2024T11:56:12 - [MESSAGE][PASSED] - Scroll to object 'Object Repository/Specific Cases Repository/LS/Home/Calendar/Calendar_Events/Calendar_Events_Creation/Event/Page_Calendar/a_Automation Event' successfully

21-11-2024T11:56:12 - [TEST_STEP][PASSED] - mouseOver(findTestObject("Object Repository/Specific Cases Repository/LS/Home/Calendar/Calendar_Events/Calendar_Events_Creation/Event/Page_Calendar/a_Automation Event")): Object: 'Object Repository/Specific Cases Repository/LS/Home/Calendar/Calendar_Events/Calendar_Events_Creation/Event/Page_Calendar/a_Automation Event' is hovered

21-11-2024T11:56:12 - [MESSAGE][PASSED] - Object: 'Object Repository/Specific Cases Repository/LS/Home/Calendar/Calendar_Events/Calendar_Events_Creation/Event/Page_Calendar/a_Automation Event' is hovered

21-11-2024T11:56:12 - [TEST_STEP][PASSED] - verifyElementText(findTestObject("Object Repository/Specific Cases Repository/LS/Home/Calendar/Calendar_Events/Calendar_Events_Creation/Event/Page_Calendar/span_Automation Event"), "Automation Event"): Actual text and expected text of test object 'Object Repository/Specific Cases Repository/LS/Home/Calendar/Calendar_Events/Calendar_Events_Creation/Event/Page_Calendar/span_Automation Event' are matched.

21-11-2024T11:56:13 - [MESSAGE][PASSED] - Actual text and expected text of test object 'Object Repository/Specific Cases Repository/LS/Home/Calendar/Calendar_Events/Calendar_Events_Creation/Event/Page_Calendar/span_Automation Event' are matched.

21-11-2024T11:56:13 - [TEST_STEP][PASSED] - closeBrowser(): Browser is closed

21-11-2024T11:56:13 - [MESSAGE][PASSED] - Browser is closed]]></system-out>
         <system-err><![CDATA[]]></system-err>
      </testcase>
      <testcase name="Test Cases/Specific Cases/LS/General/Calendar/Events_Creation/Present Events Creation/Calendar_Groups" time="50.812" classname="Test Cases/Specific Cases/LS/General/Calendar/Events_Creation/Present Events Creation/Calendar_Groups" status="PASSED">
         <system-out><![CDATA[21-11-2024T11:56:13 - [TEST_CASE][PASSED] - Test Cases/Specific Cases/LS/General/Calendar/Events_Creation/Present Events Creation/Calendar_Groups: Test Cases/Specific Cases/LS/General/Calendar/Events_Creation/Present Events Creation/Calendar_Groups

21-11-2024T11:56:13 - [TEST_STEP][PASSED] - callTestCase(findTestCase("Common Cases/Login"), [:], STOP_ON_FAILURE): Call Test Case 'Test Cases/Common Cases/Login' successfully

21-11-2024T11:56:13 - [TEST_CASE][PASSED] - Test Cases/Common Cases/Login: Test Cases/Common Cases/Login

21-11-2024T11:56:13 - [TEST_STEP][PASSED] - openBrowser(""): Browser is opened with url: ''

21-11-2024T11:56:13 - [MESSAGE][INFO] - Starting 'Chrome' driver

21-11-2024T11:56:13 - [MESSAGE][INFO] - Action delay is set to 0 milliseconds

21-11-2024T11:56:14 - [MESSAGE][PASSED] - Browser is opened with url: ''

21-11-2024T11:56:14 - [TEST_STEP][PASSED] - maximizeWindow(): Current window maximized

21-11-2024T11:56:14 - [MESSAGE][PASSED] - Current window maximized

21-11-2024T11:56:14 - [TEST_STEP][PASSED] - navigateToUrl("https://site17.lsapp.cloud/auth/login"): Navigate to 'https://site17.lsapp.cloud/auth/login' successfully

21-11-2024T11:56:17 - [MESSAGE][PASSED] - Navigate to 'https://site17.lsapp.cloud/auth/login' successfully

21-11-2024T11:56:17 - [TEST_STEP][PASSED] - setText(findTestObject("Object Repository/Common Cases Repository/Login/Page_Lightning Step/input_Email_email"), "automation@lightningstep.com"): Text 'automation@lightningstep.com' is set on object 'Object Repository/Common Cases Repository/Login/Page_Lightning Step/input_Email_email'

21-11-2024T11:56:17 - [MESSAGE][PASSED] - Text 'automation@lightningstep.com' is set on object 'Object Repository/Common Cases Repository/Login/Page_Lightning Step/input_Email_email'

21-11-2024T11:56:17 - [TEST_STEP][PASSED] - setEncryptedText(findTestObject("Object Repository/Common Cases Repository/Login/Page_Lightning Step/input_Password_password"), "e5N8VHmnhJDITtQaQhDQDw=="): Text ****** has been set on object 'Object Repository/Common Cases Repository/Login/Page_Lightning Step/input_Password_password'

21-11-2024T11:56:18 - [MESSAGE][PASSED] - Text ****** has been set on object 'Object Repository/Common Cases Repository/Login/Page_Lightning Step/input_Password_password'

21-11-2024T11:56:18 - [TEST_STEP][PASSED] - click(findTestObject("Object Repository/Common Cases Repository/Login/Page_Lightning Step/button_Sign in")): Object: 'Object Repository/Common Cases Repository/Login/Page_Lightning Step/button_Sign in' is clicked on

21-11-2024T11:56:35 - [MESSAGE][PASSED] - Object: 'Object Repository/Common Cases Repository/Login/Page_Lightning Step/button_Sign in' is clicked on

21-11-2024T11:56:35 - [MESSAGE][PASSED] - Call Test Case 'Test Cases/Common Cases/Login' successfully

21-11-2024T11:56:35 - [TEST_STEP][PASSED] - click(findTestObject("Object Repository/Specific Cases Repository/LS/Home/Calendar/Calendar_Events/Calendar_Events_Creation/Group/Page_Home/a_Calendar")): Object: 'Object Repository/Specific Cases Repository/LS/Home/Calendar/Calendar_Events/Calendar_Events_Creation/Group/Page_Home/a_Calendar' is clicked on

21-11-2024T11:56:40 - [MESSAGE][PASSED] - Object: 'Object Repository/Specific Cases Repository/LS/Home/Calendar/Calendar_Events/Calendar_Events_Creation/Group/Page_Home/a_Calendar' is clicked on

21-11-2024T11:56:40 - [TEST_STEP][PASSED] - click(findTestObject("Object Repository/Specific Cases Repository/LS/Home/Calendar/Calendar_Events/Calendar_Events_Creation/Appointment/Page_Calendar/div_Week")): Object: 'Object Repository/Specific Cases Repository/LS/Home/Calendar/Calendar_Events/Calendar_Events_Creation/Appointment/Page_Calendar/div_Week' is clicked on

21-11-2024T11:56:40 - [MESSAGE][PASSED] - Object: 'Object Repository/Specific Cases Repository/LS/Home/Calendar/Calendar_Events/Calendar_Events_Creation/Appointment/Page_Calendar/div_Week' is clicked on

21-11-2024T11:56:40 - [TEST_STEP][PASSED] - click(findTestObject("Object Repository/Specific Cases Repository/LS/Home/Calendar/Calendar_Events/Calendar_Events_Creation/Group/Page_Calendar/button_Create new")): Object: 'Object Repository/Specific Cases Repository/LS/Home/Calendar/Calendar_Events/Calendar_Events_Creation/Group/Page_Calendar/button_Create new' is clicked on

21-11-2024T11:56:41 - [MESSAGE][PASSED] - Object: 'Object Repository/Specific Cases Repository/LS/Home/Calendar/Calendar_Events/Calendar_Events_Creation/Group/Page_Calendar/button_Create new' is clicked on

21-11-2024T11:56:41 - [TEST_STEP][PASSED] - click(findTestObject("Object Repository/Specific Cases Repository/LS/Home/Calendar/Calendar_Events/Calendar_Events_Creation/Group/Page_Calendar/label_Group")): Object: 'Object Repository/Specific Cases Repository/LS/Home/Calendar/Calendar_Events/Calendar_Events_Creation/Group/Page_Calendar/label_Group' is clicked on

21-11-2024T11:56:42 - [MESSAGE][PASSED] - Object: 'Object Repository/Specific Cases Repository/LS/Home/Calendar/Calendar_Events/Calendar_Events_Creation/Group/Page_Calendar/label_Group' is clicked on

21-11-2024T11:56:42 - [TEST_STEP][PASSED] - click(findTestObject("Object Repository/Specific Cases Repository/LS/Home/Calendar/Calendar_Events/Calendar_Events_Creation/Group/Page_Calendar/Groups Selector")): Object: 'Object Repository/Specific Cases Repository/LS/Home/Calendar/Calendar_Events/Calendar_Events_Creation/Group/Page_Calendar/Groups Selector' is clicked on

21-11-2024T11:56:43 - [MESSAGE][PASSED] - Object: 'Object Repository/Specific Cases Repository/LS/Home/Calendar/Calendar_Events/Calendar_Events_Creation/Group/Page_Calendar/Groups Selector' is clicked on

21-11-2024T11:56:43 - [TEST_STEP][PASSED] - click(findTestObject("Object Repository/Specific Cases Repository/LS/Home/Calendar/Calendar_Events/Calendar_Events_Creation/Page_Calendar/a_Cancel")): Object: 'Object Repository/Specific Cases Repository/LS/Home/Calendar/Calendar_Events/Calendar_Events_Creation/Page_Calendar/a_Cancel' is clicked on

21-11-2024T11:56:43 - [MESSAGE][PASSED] - Object: 'Object Repository/Specific Cases Repository/LS/Home/Calendar/Calendar_Events/Calendar_Events_Creation/Page_Calendar/a_Cancel' is clicked on

21-11-2024T11:56:43 - [TEST_STEP][PASSED] - click(findTestObject("Object Repository/Specific Cases Repository/LS/Home/Calendar/Calendar_Events/Calendar_Events_Creation/Group/Page_Calendar/button_Create new")): Object: 'Object Repository/Specific Cases Repository/LS/Home/Calendar/Calendar_Events/Calendar_Events_Creation/Group/Page_Calendar/button_Create new' is clicked on

21-11-2024T11:56:44 - [MESSAGE][PASSED] - Object: 'Object Repository/Specific Cases Repository/LS/Home/Calendar/Calendar_Events/Calendar_Events_Creation/Group/Page_Calendar/button_Create new' is clicked on

21-11-2024T11:56:44 - [TEST_STEP][PASSED] - click(findTestObject("Object Repository/Specific Cases Repository/LS/Home/Calendar/Calendar_Events/Calendar_Events_Creation/Group/Page_Calendar/label_Group")): Object: 'Object Repository/Specific Cases Repository/LS/Home/Calendar/Calendar_Events/Calendar_Events_Creation/Group/Page_Calendar/label_Group' is clicked on

21-11-2024T11:56:45 - [MESSAGE][PASSED] - Object: 'Object Repository/Specific Cases Repository/LS/Home/Calendar/Calendar_Events/Calendar_Events_Creation/Group/Page_Calendar/label_Group' is clicked on

21-11-2024T11:56:45 - [TEST_STEP][PASSED] - click(findTestObject("Object Repository/Specific Cases Repository/LS/Home/Calendar/Calendar_Events/Calendar_Events_Creation/Group/Page_Calendar/label_Group")): Object: 'Object Repository/Specific Cases Repository/LS/Home/Calendar/Calendar_Events/Calendar_Events_Creation/Group/Page_Calendar/label_Group' is clicked on

21-11-2024T11:56:45 - [MESSAGE][PASSED] - Object: 'Object Repository/Specific Cases Repository/LS/Home/Calendar/Calendar_Events/Calendar_Events_Creation/Group/Page_Calendar/label_Group' is clicked on

21-11-2024T11:56:45 - [TEST_STEP][PASSED] - click(findTestObject("Object Repository/Specific Cases Repository/LS/Home/Calendar/Calendar_Events/Calendar_Events_Creation/Group/Page_Calendar/Groups Selector")): Object: 'Object Repository/Specific Cases Repository/LS/Home/Calendar/Calendar_Events/Calendar_Events_Creation/Group/Page_Calendar/Groups Selector' is clicked on

21-11-2024T11:56:46 - [MESSAGE][PASSED] - Object: 'Object Repository/Specific Cases Repository/LS/Home/Calendar/Calendar_Events/Calendar_Events_Creation/Group/Page_Calendar/Groups Selector' is clicked on

21-11-2024T11:56:46 - [TEST_STEP][PASSED] - setText(findTestObject("Object Repository/Specific Cases Repository/LS/Home/Calendar/Calendar_Events/Calendar_Events_Creation/Group/Page_Calendar/input_Loading_select2-search__field"), "1.2"): Text '1.2' is set on object 'Object Repository/Specific Cases Repository/LS/Home/Calendar/Calendar_Events/Calendar_Events_Creation/Group/Page_Calendar/input_Loading_select2-search__field'

21-11-2024T11:56:47 - [MESSAGE][PASSED] - Text '1.2' is set on object 'Object Repository/Specific Cases Repository/LS/Home/Calendar/Calendar_Events/Calendar_Events_Creation/Group/Page_Calendar/input_Loading_select2-search__field'

21-11-2024T11:56:47 - [TEST_STEP][PASSED] - sendKeys(findTestObject("Object Repository/Specific Cases Repository/LS/Home/Calendar/Calendar_Events/Calendar_Events_Creation/Group/Page_Calendar/input_Loading_select2-search__field"), Keys.chord(ENTER)): Keys 'ENTER + ' sent to object: 'Object Repository/Specific Cases Repository/LS/Home/Calendar/Calendar_Events/Calendar_Events_Creation/Group/Page_Calendar/input_Loading_select2-search__field'

21-11-2024T11:56:47 - [MESSAGE][PASSED] - Keys 'ENTER + ' sent to object: 'Object Repository/Specific Cases Repository/LS/Home/Calendar/Calendar_Events/Calendar_Events_Creation/Group/Page_Calendar/input_Loading_select2-search__field'

21-11-2024T11:56:47 - [TEST_STEP][PASSED] - click(findTestObject("Specific Cases Repository/LS/Home/Calendar/Calendar_Events/Calendar_Events_Creation/Group/Page_Calendar/Date Warning")): Object: 'Object Repository/Specific Cases Repository/LS/Home/Calendar/Calendar_Events/Calendar_Events_Creation/Group/Page_Calendar/Date Warning' is clicked on

21-11-2024T11:56:48 - [MESSAGE][PASSED] - Object: 'Object Repository/Specific Cases Repository/LS/Home/Calendar/Calendar_Events/Calendar_Events_Creation/Group/Page_Calendar/Date Warning' is clicked on

21-11-2024T11:56:48 - [TEST_STEP][PASSED] - setText(findTestObject("Object Repository/Specific Cases Repository/LS/Home/Calendar/Calendar_Events/Calendar_Events_Creation/Group/Page_Calendar/input_Title_title_"), "1.2 Automatically Enroll Clients in Selected Location/Program(s)"): Text '1.2 Automatically Enroll Clients in Selected Location/Program(s)' is set on object 'Object Repository/Specific Cases Repository/LS/Home/Calendar/Calendar_Events/Calendar_Events_Creation/Group/Page_Calendar/input_Title_title_'

21-11-2024T11:56:49 - [MESSAGE][PASSED] - Text '1.2 Automatically Enroll Clients in Selected Location/Program(s)' is set on object 'Object Repository/Specific Cases Repository/LS/Home/Calendar/Calendar_Events/Calendar_Events_Creation/Group/Page_Calendar/input_Title_title_'

21-11-2024T11:56:49 - [TEST_STEP][PASSED] - click(findTestObject("Object Repository/Specific Cases Repository/LS/Home/Calendar/Calendar_Events/Calendar_Events_Creation/Group/Page_Calendar/Date")): Object: 'Object Repository/Specific Cases Repository/LS/Home/Calendar/Calendar_Events/Calendar_Events_Creation/Group/Page_Calendar/Date' is clicked on

21-11-2024T11:56:49 - [MESSAGE][PASSED] - Object: 'Object Repository/Specific Cases Repository/LS/Home/Calendar/Calendar_Events/Calendar_Events_Creation/Group/Page_Calendar/Date' is clicked on

21-11-2024T11:56:49 - [TEST_STEP][PASSED] - setText(findTestObject("Object Repository/Specific Cases Repository/LS/Home/Calendar/Calendar_Events/Calendar_Events_Creation/Group/Page_Calendar/Date"), Todays_Date): Text '11/21/2024' is set on object 'Object Repository/Specific Cases Repository/LS/Home/Calendar/Calendar_Events/Calendar_Events_Creation/Group/Page_Calendar/Date'

21-11-2024T11:56:50 - [MESSAGE][PASSED] - Text '11/21/2024' is set on object 'Object Repository/Specific Cases Repository/LS/Home/Calendar/Calendar_Events/Calendar_Events_Creation/Group/Page_Calendar/Date'

21-11-2024T11:56:50 - [TEST_STEP][PASSED] - click(findTestObject("Object Repository/Specific Cases Repository/LS/Home/Calendar/Calendar_Events/Calendar_Events_Creation/Group/Page_Calendar/Start Time")): Object: 'Object Repository/Specific Cases Repository/LS/Home/Calendar/Calendar_Events/Calendar_Events_Creation/Group/Page_Calendar/Start Time' is clicked on

21-11-2024T11:56:52 - [MESSAGE][PASSED] - Object: 'Object Repository/Specific Cases Repository/LS/Home/Calendar/Calendar_Events/Calendar_Events_Creation/Group/Page_Calendar/Start Time' is clicked on

21-11-2024T11:56:52 - [TEST_STEP][PASSED] - setText(findTestObject("Object Repository/Specific Cases Repository/LS/Home/Calendar/Calendar_Events/Calendar_Events_Creation/Group/Page_Calendar/Start Time"), "1300"): Text '1300' is set on object 'Object Repository/Specific Cases Repository/LS/Home/Calendar/Calendar_Events/Calendar_Events_Creation/Group/Page_Calendar/Start Time'

21-11-2024T11:56:52 - [MESSAGE][PASSED] - Text '1300' is set on object 'Object Repository/Specific Cases Repository/LS/Home/Calendar/Calendar_Events/Calendar_Events_Creation/Group/Page_Calendar/Start Time'

21-11-2024T11:56:52 - [TEST_STEP][PASSED] - click(findTestObject("Object Repository/Specific Cases Repository/LS/Home/Calendar/Calendar_Events/Calendar_Events_Creation/Group/Page_Calendar/End Time")): Object: 'Object Repository/Specific Cases Repository/LS/Home/Calendar/Calendar_Events/Calendar_Events_Creation/Group/Page_Calendar/End Time' is clicked on

21-11-2024T11:56:53 - [MESSAGE][PASSED] - Object: 'Object Repository/Specific Cases Repository/LS/Home/Calendar/Calendar_Events/Calendar_Events_Creation/Group/Page_Calendar/End Time' is clicked on

21-11-2024T11:56:53 - [TEST_STEP][PASSED] - setText(findTestObject("Object Repository/Specific Cases Repository/LS/Home/Calendar/Calendar_Events/Calendar_Events_Creation/Group/Page_Calendar/End Time"), "1400"): Text '1400' is set on object 'Object Repository/Specific Cases Repository/LS/Home/Calendar/Calendar_Events/Calendar_Events_Creation/Group/Page_Calendar/End Time'

21-11-2024T11:56:54 - [MESSAGE][PASSED] - Text '1400' is set on object 'Object Repository/Specific Cases Repository/LS/Home/Calendar/Calendar_Events/Calendar_Events_Creation/Group/Page_Calendar/End Time'

21-11-2024T11:56:54 - [TEST_STEP][PASSED] - click(findTestObject("Object Repository/Specific Cases Repository/LS/Home/Calendar/Calendar_Events/Calendar_Events_Creation/Group/Page_Calendar/Groups Selector")): Object: 'Object Repository/Specific Cases Repository/LS/Home/Calendar/Calendar_Events/Calendar_Events_Creation/Group/Page_Calendar/Groups Selector' is clicked on

21-11-2024T11:56:54 - [MESSAGE][PASSED] - Object: 'Object Repository/Specific Cases Repository/LS/Home/Calendar/Calendar_Events/Calendar_Events_Creation/Group/Page_Calendar/Groups Selector' is clicked on

21-11-2024T11:56:54 - [TEST_STEP][PASSED] - setText(findTestObject("Object Repository/Specific Cases Repository/LS/Home/Calendar/Calendar_Events/Calendar_Events_Creation/Group/Page_Calendar/input_Loading_select2-search__field"), "1.2"): Text '1.2' is set on object 'Object Repository/Specific Cases Repository/LS/Home/Calendar/Calendar_Events/Calendar_Events_Creation/Group/Page_Calendar/input_Loading_select2-search__field'

21-11-2024T11:56:55 - [MESSAGE][PASSED] - Text '1.2' is set on object 'Object Repository/Specific Cases Repository/LS/Home/Calendar/Calendar_Events/Calendar_Events_Creation/Group/Page_Calendar/input_Loading_select2-search__field'

21-11-2024T11:56:55 - [TEST_STEP][PASSED] - sendKeys(findTestObject("Object Repository/Specific Cases Repository/LS/Home/Calendar/Calendar_Events/Calendar_Events_Creation/Group/Page_Calendar/input_Loading_select2-search__field"), Keys.chord(ENTER)): Keys 'ENTER + ' sent to object: 'Object Repository/Specific Cases Repository/LS/Home/Calendar/Calendar_Events/Calendar_Events_Creation/Group/Page_Calendar/input_Loading_select2-search__field'

21-11-2024T11:56:56 - [MESSAGE][PASSED] - Keys 'ENTER + ' sent to object: 'Object Repository/Specific Cases Repository/LS/Home/Calendar/Calendar_Events/Calendar_Events_Creation/Group/Page_Calendar/input_Loading_select2-search__field'

21-11-2024T11:56:56 - [TEST_STEP][PASSED] - click(findTestObject("Object Repository/Specific Cases Repository/LS/Home/Calendar/Calendar_Events/Calendar_Events_Creation/Group/Page_Calendar/span_Select Clients")): Object: 'Object Repository/Specific Cases Repository/LS/Home/Calendar/Calendar_Events/Calendar_Events_Creation/Group/Page_Calendar/span_Select Clients' is clicked on

21-11-2024T11:56:56 - [MESSAGE][PASSED] - Object: 'Object Repository/Specific Cases Repository/LS/Home/Calendar/Calendar_Events/Calendar_Events_Creation/Group/Page_Calendar/span_Select Clients' is clicked on

21-11-2024T11:56:56 - [TEST_STEP][PASSED] - click(findTestObject("Object Repository/Specific Cases Repository/LS/Home/Calendar/Calendar_Events/Calendar_Events_Creation/Group/Page_Calendar/label_C Automation, C Client MR 24-11008")): Object: 'Object Repository/Specific Cases Repository/LS/Home/Calendar/Calendar_Events/Calendar_Events_Creation/Group/Page_Calendar/label_C Automation, C Client MR 24-11008' is clicked on

21-11-2024T11:56:56 - [MESSAGE][PASSED] - Object: 'Object Repository/Specific Cases Repository/LS/Home/Calendar/Calendar_Events/Calendar_Events_Creation/Group/Page_Calendar/label_C Automation, C Client MR 24-11008' is clicked on

21-11-2024T11:56:56 - [TEST_STEP][PASSED] - click(findTestObject("Object Repository/Specific Cases Repository/LS/Home/Calendar/Calendar_Events/Calendar_Events_Creation/Group/Page_Calendar/label_B Automation, B Client MR 24-11007")): Object: 'Object Repository/Specific Cases Repository/LS/Home/Calendar/Calendar_Events/Calendar_Events_Creation/Group/Page_Calendar/label_B Automation, B Client MR 24-11007' is clicked on

21-11-2024T11:56:57 - [MESSAGE][PASSED] - Object: 'Object Repository/Specific Cases Repository/LS/Home/Calendar/Calendar_Events/Calendar_Events_Creation/Group/Page_Calendar/label_B Automation, B Client MR 24-11007' is clicked on

21-11-2024T11:56:57 - [TEST_STEP][PASSED] - click(findTestObject("Object Repository/Specific Cases Repository/LS/Home/Calendar/Calendar_Events/Calendar_Events_Creation/Group/Page_Calendar/View Enrolled Patients")): Object: 'Object Repository/Specific Cases Repository/LS/Home/Calendar/Calendar_Events/Calendar_Events_Creation/Group/Page_Calendar/View Enrolled Patients' is clicked on

21-11-2024T11:56:58 - [MESSAGE][PASSED] - Object: 'Object Repository/Specific Cases Repository/LS/Home/Calendar/Calendar_Events/Calendar_Events_Creation/Group/Page_Calendar/View Enrolled Patients' is clicked on

21-11-2024T11:56:58 - [TEST_STEP][PASSED] - verifyElementText(findTestObject("Object Repository/Specific Cases Repository/LS/Home/Calendar/Calendar_Events/Calendar_Events_Creation/Group/Page_Calendar/td_C Automation, C Client MR 24-11008"), "C Automation, C Client MR# 24-11008"): Actual text and expected text of test object 'Object Repository/Specific Cases Repository/LS/Home/Calendar/Calendar_Events/Calendar_Events_Creation/Group/Page_Calendar/td_C Automation, C Client MR 24-11008' are matched.

21-11-2024T11:56:58 - [MESSAGE][PASSED] - Actual text and expected text of test object 'Object Repository/Specific Cases Repository/LS/Home/Calendar/Calendar_Events/Calendar_Events_Creation/Group/Page_Calendar/td_C Automation, C Client MR 24-11008' are matched.

21-11-2024T11:56:58 - [TEST_STEP][PASSED] - verifyElementText(findTestObject("Object Repository/Specific Cases Repository/LS/Home/Calendar/Calendar_Events/Calendar_Events_Creation/Group/Page_Calendar/td_B Automation, B Client MR 24-11007"), "B Automation, B Client MR# 24-11007"): Actual text and expected text of test object 'Object Repository/Specific Cases Repository/LS/Home/Calendar/Calendar_Events/Calendar_Events_Creation/Group/Page_Calendar/td_B Automation, B Client MR 24-11007' are matched.

21-11-2024T11:56:58 - [MESSAGE][PASSED] - Actual text and expected text of test object 'Object Repository/Specific Cases Repository/LS/Home/Calendar/Calendar_Events/Calendar_Events_Creation/Group/Page_Calendar/td_B Automation, B Client MR 24-11007' are matched.

21-11-2024T11:56:58 - [TEST_STEP][PASSED] - click(findTestObject("Object Repository/Specific Cases Repository/LS/Home/Calendar/Calendar_Events/Calendar_Events_Creation/Group/Page_Calendar/View Enrolled Patients")): Object: 'Object Repository/Specific Cases Repository/LS/Home/Calendar/Calendar_Events/Calendar_Events_Creation/Group/Page_Calendar/View Enrolled Patients' is clicked on

21-11-2024T11:56:58 - [MESSAGE][PASSED] - Object: 'Object Repository/Specific Cases Repository/LS/Home/Calendar/Calendar_Events/Calendar_Events_Creation/Group/Page_Calendar/View Enrolled Patients' is clicked on

21-11-2024T11:56:58 - [TEST_STEP][PASSED] - scrollToElement(findTestObject("Object Repository/Specific Cases Repository/LS/Home/Calendar/Calendar_Events/Calendar_Events_Creation/Group/Page_Calendar/a_Save"), 0): Scroll to object 'Object Repository/Specific Cases Repository/LS/Home/Calendar/Calendar_Events/Calendar_Events_Creation/Group/Page_Calendar/a_Save' successfully

21-11-2024T11:56:58 - [MESSAGE][WARNING] - Timeout '0' is invalid. Using default page load timeout: '30'

21-11-2024T11:56:59 - [MESSAGE][PASSED] - Scroll to object 'Object Repository/Specific Cases Repository/LS/Home/Calendar/Calendar_Events/Calendar_Events_Creation/Group/Page_Calendar/a_Save' successfully

21-11-2024T11:56:59 - [TEST_STEP][PASSED] - click(findTestObject("Object Repository/Specific Cases Repository/LS/Home/Calendar/Calendar_Events/Calendar_Events_Creation/Group/Page_Calendar/a_Save")): Object: 'Object Repository/Specific Cases Repository/LS/Home/Calendar/Calendar_Events/Calendar_Events_Creation/Group/Page_Calendar/a_Save' is clicked on

21-11-2024T11:56:59 - [MESSAGE][PASSED] - Object: 'Object Repository/Specific Cases Repository/LS/Home/Calendar/Calendar_Events/Calendar_Events_Creation/Group/Page_Calendar/a_Save' is clicked on

21-11-2024T11:56:59 - [TEST_STEP][PASSED] - click(findTestObject("Specific Cases Repository/LS/Home/Calendar/Calendar_Events/Calendar_Events_Creation/Group/Page_Calendar/Calendar Event")): Object: 'Object Repository/Specific Cases Repository/LS/Home/Calendar/Calendar_Events/Calendar_Events_Creation/Group/Page_Calendar/Calendar Event' is clicked on

21-11-2024T11:57:00 - [MESSAGE][PASSED] - Object: 'Object Repository/Specific Cases Repository/LS/Home/Calendar/Calendar_Events/Calendar_Events_Creation/Group/Page_Calendar/Calendar Event' is clicked on

21-11-2024T11:57:00 - [TEST_STEP][PASSED] - verifyElementText(findTestObject("Object Repository/Specific Cases Repository/LS/Home/Calendar/Calendar_Events/Calendar_Events_Creation/Group/Page_Calendar/label_Start Group Session"), "Start Group Session"): Actual text and expected text of test object 'Object Repository/Specific Cases Repository/LS/Home/Calendar/Calendar_Events/Calendar_Events_Creation/Group/Page_Calendar/label_Start Group Session' are matched.

21-11-2024T11:57:02 - [MESSAGE][PASSED] - Actual text and expected text of test object 'Object Repository/Specific Cases Repository/LS/Home/Calendar/Calendar_Events/Calendar_Events_Creation/Group/Page_Calendar/label_Start Group Session' are matched.

21-11-2024T11:57:02 - [TEST_STEP][PASSED] - verifyElementPresent(findTestObject("Object Repository/Specific Cases Repository/LS/Home/Calendar/Calendar_Events/Calendar_Events_Creation/Group/Page_Calendar/input_Start Group Session_isdocumentedgroup"), 0): Object 'Object Repository/Specific Cases Repository/LS/Home/Calendar/Calendar_Events/Calendar_Events_Creation/Group/Page_Calendar/input_Start Group Session_isdocumentedgroup' is present

21-11-2024T11:57:02 - [MESSAGE][WARNING] - Timeout '0' is invalid. Using default page load timeout: '30'

21-11-2024T11:57:02 - [MESSAGE][PASSED] - Object 'Object Repository/Specific Cases Repository/LS/Home/Calendar/Calendar_Events/Calendar_Events_Creation/Group/Page_Calendar/input_Start Group Session_isdocumentedgroup' is present

21-11-2024T11:57:02 - [TEST_STEP][PASSED] - click(findTestObject("Object Repository/Specific Cases Repository/LS/Home/Calendar/Calendar_Events/Calendar_Events_Creation/Group/Page_Calendar/a_Save Revision")): Object: 'Object Repository/Specific Cases Repository/LS/Home/Calendar/Calendar_Events/Calendar_Events_Creation/Group/Page_Calendar/a_Save Revision' is clicked on

21-11-2024T11:57:02 - [MESSAGE][PASSED] - Object: 'Object Repository/Specific Cases Repository/LS/Home/Calendar/Calendar_Events/Calendar_Events_Creation/Group/Page_Calendar/a_Save Revision' is clicked on

21-11-2024T11:57:02 - [TEST_STEP][PASSED] - mouseOver(findTestObject("Specific Cases Repository/LS/Home/Calendar/Calendar_Events/Calendar_Events_Creation/Group/Page_Calendar/Calendar Event")): Object: 'Object Repository/Specific Cases Repository/LS/Home/Calendar/Calendar_Events/Calendar_Events_Creation/Group/Page_Calendar/Calendar Event' is hovered

21-11-2024T11:57:02 - [MESSAGE][PASSED] - Object: 'Object Repository/Specific Cases Repository/LS/Home/Calendar/Calendar_Events/Calendar_Events_Creation/Group/Page_Calendar/Calendar Event' is hovered

21-11-2024T11:57:02 - [TEST_STEP][PASSED] - verifyElementText(findTestObject("Object Repository/Specific Cases Repository/LS/Home/Calendar/Calendar_Events/Calendar_Events_Creation/Group/Page_Calendar/span_Automation Test 1.2 Automatically Enro_f39ad6"), "1.2 Automatically Enroll Clients in Selected Location/Program(s)"): Actual text and expected text of test object 'Object Repository/Specific Cases Repository/LS/Home/Calendar/Calendar_Events/Calendar_Events_Creation/Group/Page_Calendar/span_Automation Test 1.2 Automatically Enro_f39ad6' are matched.

21-11-2024T11:57:04 - [MESSAGE][PASSED] - Actual text and expected text of test object 'Object Repository/Specific Cases Repository/LS/Home/Calendar/Calendar_Events/Calendar_Events_Creation/Group/Page_Calendar/span_Automation Test 1.2 Automatically Enro_f39ad6' are matched.

21-11-2024T11:57:04 - [TEST_STEP][PASSED] - closeBrowser(): Browser is closed

21-11-2024T11:57:04 - [MESSAGE][PASSED] - Browser is closed]]></system-out>
         <system-err><![CDATA[]]></system-err>
      </testcase>
      <testcase name="Test Cases/Specific Cases/LS/General/Calendar/Events_Edit/Edit_Appointment" time="23.896" classname="Test Cases/Specific Cases/LS/General/Calendar/Events_Edit/Edit_Appointment" status="PASSED">
         <system-out><![CDATA[21-11-2024T11:57:04 - [TEST_CASE][PASSED] - Test Cases/Specific Cases/LS/General/Calendar/Events_Edit/Edit_Appointment: Test Cases/Specific Cases/LS/General/Calendar/Events_Edit/Edit_Appointment

21-11-2024T11:57:04 - [TEST_STEP][PASSED] - callTestCase(findTestCase("Common Cases/Login"), [:], STOP_ON_FAILURE): Call Test Case 'Test Cases/Common Cases/Login' successfully

21-11-2024T11:57:04 - [TEST_CASE][PASSED] - Test Cases/Common Cases/Login: Test Cases/Common Cases/Login

21-11-2024T11:57:04 - [TEST_STEP][PASSED] - openBrowser(""): Browser is opened with url: ''

21-11-2024T11:57:04 - [MESSAGE][INFO] - Starting 'Chrome' driver

21-11-2024T11:57:04 - [MESSAGE][INFO] - Action delay is set to 0 milliseconds

21-11-2024T11:57:05 - [MESSAGE][PASSED] - Browser is opened with url: ''

21-11-2024T11:57:05 - [TEST_STEP][PASSED] - maximizeWindow(): Current window maximized

21-11-2024T11:57:05 - [MESSAGE][PASSED] - Current window maximized

21-11-2024T11:57:05 - [TEST_STEP][PASSED] - navigateToUrl("https://site17.lsapp.cloud/auth/login"): Navigate to 'https://site17.lsapp.cloud/auth/login' successfully

21-11-2024T11:57:06 - [MESSAGE][PASSED] - Navigate to 'https://site17.lsapp.cloud/auth/login' successfully

21-11-2024T11:57:06 - [TEST_STEP][PASSED] - setText(findTestObject("Object Repository/Common Cases Repository/Login/Page_Lightning Step/input_Email_email"), "automation@lightningstep.com"): Text 'automation@lightningstep.com' is set on object 'Object Repository/Common Cases Repository/Login/Page_Lightning Step/input_Email_email'

21-11-2024T11:57:07 - [MESSAGE][PASSED] - Text 'automation@lightningstep.com' is set on object 'Object Repository/Common Cases Repository/Login/Page_Lightning Step/input_Email_email'

21-11-2024T11:57:07 - [TEST_STEP][PASSED] - setEncryptedText(findTestObject("Object Repository/Common Cases Repository/Login/Page_Lightning Step/input_Password_password"), "e5N8VHmnhJDITtQaQhDQDw=="): Text ****** has been set on object 'Object Repository/Common Cases Repository/Login/Page_Lightning Step/input_Password_password'

21-11-2024T11:57:07 - [MESSAGE][PASSED] - Text ****** has been set on object 'Object Repository/Common Cases Repository/Login/Page_Lightning Step/input_Password_password'

21-11-2024T11:57:07 - [TEST_STEP][PASSED] - click(findTestObject("Object Repository/Common Cases Repository/Login/Page_Lightning Step/button_Sign in")): Object: 'Object Repository/Common Cases Repository/Login/Page_Lightning Step/button_Sign in' is clicked on

21-11-2024T11:57:16 - [MESSAGE][PASSED] - Object: 'Object Repository/Common Cases Repository/Login/Page_Lightning Step/button_Sign in' is clicked on

21-11-2024T11:57:16 - [MESSAGE][PASSED] - Call Test Case 'Test Cases/Common Cases/Login' successfully

21-11-2024T11:57:16 - [TEST_STEP][PASSED] - click(findTestObject("Object Repository/Specific Cases Repository/LS/Home/Calendar/Calendar_Events/Calendar_Events_Creation/Page_Home/a_Calendar")): Object: 'Object Repository/Specific Cases Repository/LS/Home/Calendar/Calendar_Events/Calendar_Events_Creation/Page_Home/a_Calendar' is clicked on

21-11-2024T11:57:21 - [MESSAGE][PASSED] - Object: 'Object Repository/Specific Cases Repository/LS/Home/Calendar/Calendar_Events/Calendar_Events_Creation/Page_Home/a_Calendar' is clicked on

21-11-2024T11:57:21 - [TEST_STEP][PASSED] - scrollToElement(findTestObject("Object Repository/Specific Cases Repository/LS/Home/Calendar/Calendar_Events/Calendar_Events_Creation/Appointment/Page_Calendar/a_Automation Test with A Automation, A Clie_8f5a4c"), 0): Scroll to object 'Object Repository/Specific Cases Repository/LS/Home/Calendar/Calendar_Events/Calendar_Events_Creation/Appointment/Page_Calendar/a_Automation Test with A Automation, A Clie_8f5a4c' successfully

21-11-2024T11:57:21 - [MESSAGE][WARNING] - Timeout '0' is invalid. Using default page load timeout: '30'

21-11-2024T11:57:22 - [MESSAGE][PASSED] - Scroll to object 'Object Repository/Specific Cases Repository/LS/Home/Calendar/Calendar_Events/Calendar_Events_Creation/Appointment/Page_Calendar/a_Automation Test with A Automation, A Clie_8f5a4c' successfully

21-11-2024T11:57:22 - [TEST_STEP][PASSED] - click(findTestObject("Object Repository/Specific Cases Repository/LS/Home/Calendar/Calendar_Events/Calendar_Events_Creation/Appointment/Page_Calendar/a_Automation Test with A Automation, A Clie_8f5a4c")): Object: 'Object Repository/Specific Cases Repository/LS/Home/Calendar/Calendar_Events/Calendar_Events_Creation/Appointment/Page_Calendar/a_Automation Test with A Automation, A Clie_8f5a4c' is clicked on

21-11-2024T11:57:22 - [MESSAGE][PASSED] - Object: 'Object Repository/Specific Cases Repository/LS/Home/Calendar/Calendar_Events/Calendar_Events_Creation/Appointment/Page_Calendar/a_Automation Test with A Automation, A Clie_8f5a4c' is clicked on

21-11-2024T11:57:22 - [TEST_STEP][PASSED] - click(findTestObject("Specific Cases Repository/LS/Home/Calendar/Calendar_Events/Calendar_Events_Creation/Appointment/Page_Calendar/Start Time Clock - Edit")): Object: 'Object Repository/Specific Cases Repository/LS/Home/Calendar/Calendar_Events/Calendar_Events_Creation/Appointment/Page_Calendar/Start Time Clock - Edit' is clicked on

21-11-2024T11:57:23 - [MESSAGE][PASSED] - Object: 'Object Repository/Specific Cases Repository/LS/Home/Calendar/Calendar_Events/Calendar_Events_Creation/Appointment/Page_Calendar/Start Time Clock - Edit' is clicked on

21-11-2024T11:57:23 - [TEST_STEP][PASSED] - setText(findTestObject("Specific Cases Repository/LS/Home/Calendar/Calendar_Events/Calendar_Events_Creation/Appointment/Page_Calendar/Start Time Clock - Edit"), "10"): Text '10' is set on object 'Object Repository/Specific Cases Repository/LS/Home/Calendar/Calendar_Events/Calendar_Events_Creation/Appointment/Page_Calendar/Start Time Clock - Edit'

21-11-2024T11:57:24 - [MESSAGE][PASSED] - Text '10' is set on object 'Object Repository/Specific Cases Repository/LS/Home/Calendar/Calendar_Events/Calendar_Events_Creation/Appointment/Page_Calendar/Start Time Clock - Edit'

21-11-2024T11:57:24 - [TEST_STEP][PASSED] - setText(findTestObject("Specific Cases Repository/LS/Home/Calendar/Calendar_Events/Calendar_Events_Creation/Appointment/Page_Calendar/Start Time Clock - Edit"), "00"): Text '00' is set on object 'Object Repository/Specific Cases Repository/LS/Home/Calendar/Calendar_Events/Calendar_Events_Creation/Appointment/Page_Calendar/Start Time Clock - Edit'

21-11-2024T11:57:24 - [MESSAGE][PASSED] - Text '00' is set on object 'Object Repository/Specific Cases Repository/LS/Home/Calendar/Calendar_Events/Calendar_Events_Creation/Appointment/Page_Calendar/Start Time Clock - Edit'

21-11-2024T11:57:24 - [TEST_STEP][PASSED] - setText(findTestObject("Specific Cases Repository/LS/Home/Calendar/Calendar_Events/Calendar_Events_Creation/Appointment/Page_Calendar/Start Time Clock - Edit"), "AM"): Text 'AM' is set on object 'Object Repository/Specific Cases Repository/LS/Home/Calendar/Calendar_Events/Calendar_Events_Creation/Appointment/Page_Calendar/Start Time Clock - Edit'

21-11-2024T11:57:25 - [MESSAGE][PASSED] - Text 'AM' is set on object 'Object Repository/Specific Cases Repository/LS/Home/Calendar/Calendar_Events/Calendar_Events_Creation/Appointment/Page_Calendar/Start Time Clock - Edit'

21-11-2024T11:57:25 - [TEST_STEP][PASSED] - waitForPageLoad(30): Wait for page load successfully

21-11-2024T11:57:25 - [MESSAGE][PASSED] - Wait for page load successfully

21-11-2024T11:57:25 - [TEST_STEP][PASSED] - scrollToElement(findTestObject("Specific Cases Repository/LS/Home/Calendar/Calendar_Events/Calendar_Events_Creation/Appointment/Page_Calendar/a_Save Revision"), 0): Scroll to object 'Object Repository/Specific Cases Repository/LS/Home/Calendar/Calendar_Events/Calendar_Events_Creation/Appointment/Page_Calendar/a_Save Revision' successfully

21-11-2024T11:57:25 - [MESSAGE][WARNING] - Timeout '0' is invalid. Using default page load timeout: '30'

21-11-2024T11:57:25 - [MESSAGE][PASSED] - Scroll to object 'Object Repository/Specific Cases Repository/LS/Home/Calendar/Calendar_Events/Calendar_Events_Creation/Appointment/Page_Calendar/a_Save Revision' successfully

21-11-2024T11:57:25 - [TEST_STEP][PASSED] - click(findTestObject("Object Repository/Specific Cases Repository/LS/Home/Calendar/Calendar_Events/Calendar_Events_Creation/Appointment/Page_Calendar/a_Save Revision")): Object: 'Object Repository/Specific Cases Repository/LS/Home/Calendar/Calendar_Events/Calendar_Events_Creation/Appointment/Page_Calendar/a_Save Revision' is clicked on

21-11-2024T11:57:26 - [MESSAGE][PASSED] - Object: 'Object Repository/Specific Cases Repository/LS/Home/Calendar/Calendar_Events/Calendar_Events_Creation/Appointment/Page_Calendar/a_Save Revision' is clicked on

21-11-2024T11:57:26 - [TEST_STEP][PASSED] - mouseOver(findTestObject("Object Repository/Specific Cases Repository/LS/Home/Calendar/Calendar_Events/Calendar_Events_Creation/Appointment/Page_Calendar/a_Automation Test with A Automation, A Clie_8f5a4c_ - Edit")): Object: 'Object Repository/Specific Cases Repository/LS/Home/Calendar/Calendar_Events/Calendar_Events_Creation/Appointment/Page_Calendar/a_Automation Test with A Automation, A Clie_8f5a4c_ - Edit' is hovered

21-11-2024T11:57:27 - [MESSAGE][PASSED] - Object: 'Object Repository/Specific Cases Repository/LS/Home/Calendar/Calendar_Events/Calendar_Events_Creation/Appointment/Page_Calendar/a_Automation Test with A Automation, A Clie_8f5a4c_ - Edit' is hovered

21-11-2024T11:57:27 - [TEST_STEP][PASSED] - verifyElementText(findTestObject("Object Repository/Specific Cases Repository/LS/Home/Calendar/Calendar_Events/Calendar_Events_Creation/Appointment/Page_Calendar/span_10 - 1030 AM_1"), "10 - 10:30 AM"): Actual text and expected text of test object 'Object Repository/Specific Cases Repository/LS/Home/Calendar/Calendar_Events/Calendar_Events_Creation/Appointment/Page_Calendar/span_10 - 1030 AM_1' are matched.

21-11-2024T11:57:28 - [MESSAGE][PASSED] - Actual text and expected text of test object 'Object Repository/Specific Cases Repository/LS/Home/Calendar/Calendar_Events/Calendar_Events_Creation/Appointment/Page_Calendar/span_10 - 1030 AM_1' are matched.

21-11-2024T11:57:28 - [TEST_STEP][PASSED] - closeBrowser(): Browser is closed

21-11-2024T11:57:28 - [MESSAGE][PASSED] - Browser is closed]]></system-out>
         <system-err><![CDATA[]]></system-err>
      </testcase>
      <testcase name="Test Cases/Specific Cases/LS/General/Calendar/Events_Edit/Edit_Block" time="23.145" classname="Test Cases/Specific Cases/LS/General/Calendar/Events_Edit/Edit_Block" status="PASSED">
         <system-out><![CDATA[21-11-2024T11:57:28 - [TEST_CASE][PASSED] - Test Cases/Specific Cases/LS/General/Calendar/Events_Edit/Edit_Block: Test Cases/Specific Cases/LS/General/Calendar/Events_Edit/Edit_Block

21-11-2024T11:57:28 - [TEST_STEP][PASSED] - callTestCase(findTestCase("Common Cases/Login"), [:], STOP_ON_FAILURE): Call Test Case 'Test Cases/Common Cases/Login' successfully

21-11-2024T11:57:28 - [TEST_CASE][PASSED] - Test Cases/Common Cases/Login: Test Cases/Common Cases/Login

21-11-2024T11:57:28 - [TEST_STEP][PASSED] - openBrowser(""): Browser is opened with url: ''

21-11-2024T11:57:28 - [MESSAGE][INFO] - Starting 'Chrome' driver

21-11-2024T11:57:28 - [MESSAGE][INFO] - Action delay is set to 0 milliseconds

21-11-2024T11:57:29 - [MESSAGE][PASSED] - Browser is opened with url: ''

21-11-2024T11:57:29 - [TEST_STEP][PASSED] - maximizeWindow(): Current window maximized

21-11-2024T11:57:29 - [MESSAGE][PASSED] - Current window maximized

21-11-2024T11:57:29 - [TEST_STEP][PASSED] - navigateToUrl("https://site17.lsapp.cloud/auth/login"): Navigate to 'https://site17.lsapp.cloud/auth/login' successfully

21-11-2024T11:57:30 - [MESSAGE][PASSED] - Navigate to 'https://site17.lsapp.cloud/auth/login' successfully

21-11-2024T11:57:30 - [TEST_STEP][PASSED] - setText(findTestObject("Object Repository/Common Cases Repository/Login/Page_Lightning Step/input_Email_email"), "automation@lightningstep.com"): Text 'automation@lightningstep.com' is set on object 'Object Repository/Common Cases Repository/Login/Page_Lightning Step/input_Email_email'

21-11-2024T11:57:31 - [MESSAGE][PASSED] - Text 'automation@lightningstep.com' is set on object 'Object Repository/Common Cases Repository/Login/Page_Lightning Step/input_Email_email'

21-11-2024T11:57:31 - [TEST_STEP][PASSED] - setEncryptedText(findTestObject("Object Repository/Common Cases Repository/Login/Page_Lightning Step/input_Password_password"), "e5N8VHmnhJDITtQaQhDQDw=="): Text ****** has been set on object 'Object Repository/Common Cases Repository/Login/Page_Lightning Step/input_Password_password'

21-11-2024T11:57:31 - [MESSAGE][PASSED] - Text ****** has been set on object 'Object Repository/Common Cases Repository/Login/Page_Lightning Step/input_Password_password'

21-11-2024T11:57:31 - [TEST_STEP][PASSED] - click(findTestObject("Object Repository/Common Cases Repository/Login/Page_Lightning Step/button_Sign in")): Object: 'Object Repository/Common Cases Repository/Login/Page_Lightning Step/button_Sign in' is clicked on

21-11-2024T11:57:40 - [MESSAGE][PASSED] - Object: 'Object Repository/Common Cases Repository/Login/Page_Lightning Step/button_Sign in' is clicked on

21-11-2024T11:57:40 - [MESSAGE][PASSED] - Call Test Case 'Test Cases/Common Cases/Login' successfully

21-11-2024T11:57:40 - [TEST_STEP][PASSED] - click(findTestObject("Object Repository/Specific Cases Repository/LS/Home/Calendar/Calendar_Events/Calendar_Events_Creation/Block/Page_Home/a_Calendar")): Object: 'Object Repository/Specific Cases Repository/LS/Home/Calendar/Calendar_Events/Calendar_Events_Creation/Block/Page_Home/a_Calendar' is clicked on

21-11-2024T11:57:44 - [MESSAGE][PASSED] - Object: 'Object Repository/Specific Cases Repository/LS/Home/Calendar/Calendar_Events/Calendar_Events_Creation/Block/Page_Home/a_Calendar' is clicked on

21-11-2024T11:57:44 - [TEST_STEP][PASSED] - click(findTestObject("Object Repository/Specific Cases Repository/LS/Home/Calendar/Calendar_Events/Calendar_Events_Creation/Block/Page_Calendar/a_Blocked for Automation Block")): Object: 'Object Repository/Specific Cases Repository/LS/Home/Calendar/Calendar_Events/Calendar_Events_Creation/Block/Page_Calendar/a_Blocked for Automation Block' is clicked on

21-11-2024T11:57:44 - [MESSAGE][PASSED] - Object: 'Object Repository/Specific Cases Repository/LS/Home/Calendar/Calendar_Events/Calendar_Events_Creation/Block/Page_Calendar/a_Blocked for Automation Block' is clicked on

21-11-2024T11:57:44 - [TEST_STEP][PASSED] - click(findTestObject("Specific Cases Repository/LS/Home/Calendar/Calendar_Events/Calendar_Events_Creation/Appointment/Page_Calendar/Start Time Clock - Edit")): Object: 'Object Repository/Specific Cases Repository/LS/Home/Calendar/Calendar_Events/Calendar_Events_Creation/Appointment/Page_Calendar/Start Time Clock - Edit' is clicked on

21-11-2024T11:57:46 - [MESSAGE][PASSED] - Object: 'Object Repository/Specific Cases Repository/LS/Home/Calendar/Calendar_Events/Calendar_Events_Creation/Appointment/Page_Calendar/Start Time Clock - Edit' is clicked on

21-11-2024T11:57:46 - [TEST_STEP][PASSED] - setText(findTestObject("Specific Cases Repository/LS/Home/Calendar/Calendar_Events/Calendar_Events_Creation/Appointment/Page_Calendar/Start Time Clock - Edit"), "09"): Text '09' is set on object 'Object Repository/Specific Cases Repository/LS/Home/Calendar/Calendar_Events/Calendar_Events_Creation/Appointment/Page_Calendar/Start Time Clock - Edit'

21-11-2024T11:57:47 - [MESSAGE][PASSED] - Text '09' is set on object 'Object Repository/Specific Cases Repository/LS/Home/Calendar/Calendar_Events/Calendar_Events_Creation/Appointment/Page_Calendar/Start Time Clock - Edit'

21-11-2024T11:57:47 - [TEST_STEP][PASSED] - setText(findTestObject("Specific Cases Repository/LS/Home/Calendar/Calendar_Events/Calendar_Events_Creation/Appointment/Page_Calendar/Start Time Clock - Edit"), "30"): Text '30' is set on object 'Object Repository/Specific Cases Repository/LS/Home/Calendar/Calendar_Events/Calendar_Events_Creation/Appointment/Page_Calendar/Start Time Clock - Edit'

21-11-2024T11:57:47 - [MESSAGE][PASSED] - Text '30' is set on object 'Object Repository/Specific Cases Repository/LS/Home/Calendar/Calendar_Events/Calendar_Events_Creation/Appointment/Page_Calendar/Start Time Clock - Edit'

21-11-2024T11:57:47 - [TEST_STEP][PASSED] - setText(findTestObject("Specific Cases Repository/LS/Home/Calendar/Calendar_Events/Calendar_Events_Creation/Appointment/Page_Calendar/Start Time Clock - Edit"), "AM"): Text 'AM' is set on object 'Object Repository/Specific Cases Repository/LS/Home/Calendar/Calendar_Events/Calendar_Events_Creation/Appointment/Page_Calendar/Start Time Clock - Edit'

21-11-2024T11:57:48 - [MESSAGE][PASSED] - Text 'AM' is set on object 'Object Repository/Specific Cases Repository/LS/Home/Calendar/Calendar_Events/Calendar_Events_Creation/Appointment/Page_Calendar/Start Time Clock - Edit'

21-11-2024T11:57:48 - [TEST_STEP][PASSED] - click(findTestObject("Object Repository/Specific Cases Repository/LS/Home/Calendar/Calendar_Events/Calendar_Events_Creation/Block/Page_Calendar/a_Save Revision")): Object: 'Object Repository/Specific Cases Repository/LS/Home/Calendar/Calendar_Events/Calendar_Events_Creation/Block/Page_Calendar/a_Save Revision' is clicked on

21-11-2024T11:57:48 - [MESSAGE][PASSED] - Object: 'Object Repository/Specific Cases Repository/LS/Home/Calendar/Calendar_Events/Calendar_Events_Creation/Block/Page_Calendar/a_Save Revision' is clicked on

21-11-2024T11:57:48 - [TEST_STEP][PASSED] - delay(2): Delayed 2 second(s)

21-11-2024T11:57:50 - [MESSAGE][PASSED] - Delayed 2 second(s)

21-11-2024T11:57:50 - [TEST_STEP][PASSED] - scrollToElement(findTestObject("Specific Cases Repository/LS/Home/Calendar/Calendar_Events/Calendar_Events_Creation/Block/Page_Calendar/a_Blocked for Automation Block - Edit"), 0): Scroll to object 'Object Repository/Specific Cases Repository/LS/Home/Calendar/Calendar_Events/Calendar_Events_Creation/Block/Page_Calendar/a_Blocked for Automation Block - Edit' successfully

21-11-2024T11:57:50 - [MESSAGE][WARNING] - Timeout '0' is invalid. Using default page load timeout: '30'

21-11-2024T11:57:50 - [MESSAGE][PASSED] - Scroll to object 'Object Repository/Specific Cases Repository/LS/Home/Calendar/Calendar_Events/Calendar_Events_Creation/Block/Page_Calendar/a_Blocked for Automation Block - Edit' successfully

21-11-2024T11:57:50 - [TEST_STEP][PASSED] - mouseOver(findTestObject("Specific Cases Repository/LS/Home/Calendar/Calendar_Events/Calendar_Events_Creation/Block/Page_Calendar/a_Blocked for Automation Block - Edit")): Object: 'Object Repository/Specific Cases Repository/LS/Home/Calendar/Calendar_Events/Calendar_Events_Creation/Block/Page_Calendar/a_Blocked for Automation Block - Edit' is hovered

21-11-2024T11:57:51 - [MESSAGE][PASSED] - Object: 'Object Repository/Specific Cases Repository/LS/Home/Calendar/Calendar_Events/Calendar_Events_Creation/Block/Page_Calendar/a_Blocked for Automation Block - Edit' is hovered

21-11-2024T11:57:51 - [TEST_STEP][PASSED] - closeBrowser(): Browser is closed

21-11-2024T11:57:51 - [MESSAGE][PASSED] - Browser is closed]]></system-out>
         <system-err><![CDATA[]]></system-err>
      </testcase>
      <testcase name="Test Cases/Specific Cases/LS/General/Calendar/Events_Edit/Edit_Event" time="25.13" classname="Test Cases/Specific Cases/LS/General/Calendar/Events_Edit/Edit_Event" status="PASSED">
         <system-out><![CDATA[21-11-2024T11:57:51 - [TEST_CASE][PASSED] - Test Cases/Specific Cases/LS/General/Calendar/Events_Edit/Edit_Event: Test Cases/Specific Cases/LS/General/Calendar/Events_Edit/Edit_Event

21-11-2024T11:57:51 - [TEST_STEP][PASSED] - callTestCase(findTestCase("Common Cases/Login"), [:], STOP_ON_FAILURE): Call Test Case 'Test Cases/Common Cases/Login' successfully

21-11-2024T11:57:51 - [TEST_CASE][PASSED] - Test Cases/Common Cases/Login: Test Cases/Common Cases/Login

21-11-2024T11:57:51 - [TEST_STEP][PASSED] - openBrowser(""): Browser is opened with url: ''

21-11-2024T11:57:51 - [MESSAGE][INFO] - Starting 'Chrome' driver

21-11-2024T11:57:51 - [MESSAGE][INFO] - Action delay is set to 0 milliseconds

21-11-2024T11:57:52 - [MESSAGE][PASSED] - Browser is opened with url: ''

21-11-2024T11:57:52 - [TEST_STEP][PASSED] - maximizeWindow(): Current window maximized

21-11-2024T11:57:52 - [MESSAGE][PASSED] - Current window maximized

21-11-2024T11:57:52 - [TEST_STEP][PASSED] - navigateToUrl("https://site17.lsapp.cloud/auth/login"): Navigate to 'https://site17.lsapp.cloud/auth/login' successfully

21-11-2024T11:57:53 - [MESSAGE][PASSED] - Navigate to 'https://site17.lsapp.cloud/auth/login' successfully

21-11-2024T11:57:53 - [TEST_STEP][PASSED] - setText(findTestObject("Object Repository/Common Cases Repository/Login/Page_Lightning Step/input_Email_email"), "automation@lightningstep.com"): Text 'automation@lightningstep.com' is set on object 'Object Repository/Common Cases Repository/Login/Page_Lightning Step/input_Email_email'

21-11-2024T11:57:54 - [MESSAGE][PASSED] - Text 'automation@lightningstep.com' is set on object 'Object Repository/Common Cases Repository/Login/Page_Lightning Step/input_Email_email'

21-11-2024T11:57:54 - [TEST_STEP][PASSED] - setEncryptedText(findTestObject("Object Repository/Common Cases Repository/Login/Page_Lightning Step/input_Password_password"), "e5N8VHmnhJDITtQaQhDQDw=="): Text ****** has been set on object 'Object Repository/Common Cases Repository/Login/Page_Lightning Step/input_Password_password'

21-11-2024T11:57:55 - [MESSAGE][PASSED] - Text ****** has been set on object 'Object Repository/Common Cases Repository/Login/Page_Lightning Step/input_Password_password'

21-11-2024T11:57:55 - [TEST_STEP][PASSED] - click(findTestObject("Object Repository/Common Cases Repository/Login/Page_Lightning Step/button_Sign in")): Object: 'Object Repository/Common Cases Repository/Login/Page_Lightning Step/button_Sign in' is clicked on

21-11-2024T11:58:03 - [MESSAGE][PASSED] - Object: 'Object Repository/Common Cases Repository/Login/Page_Lightning Step/button_Sign in' is clicked on

21-11-2024T11:58:03 - [MESSAGE][PASSED] - Call Test Case 'Test Cases/Common Cases/Login' successfully

21-11-2024T11:58:03 - [TEST_STEP][PASSED] - click(findTestObject("Object Repository/Specific Cases Repository/LS/Home/Calendar/Calendar_Events/Calendar_Events_Creation/Event/Page_Home/a_Calendar")): Object: 'Object Repository/Specific Cases Repository/LS/Home/Calendar/Calendar_Events/Calendar_Events_Creation/Event/Page_Home/a_Calendar' is clicked on

21-11-2024T11:58:08 - [MESSAGE][PASSED] - Object: 'Object Repository/Specific Cases Repository/LS/Home/Calendar/Calendar_Events/Calendar_Events_Creation/Event/Page_Home/a_Calendar' is clicked on

21-11-2024T11:58:08 - [TEST_STEP][PASSED] - click(findTestObject("Object Repository/Specific Cases Repository/LS/Home/Calendar/Calendar_Events/Calendar_Events_Creation/Event/Page_Calendar/Page_Calendar/div_Week")): Object: 'Object Repository/Specific Cases Repository/LS/Home/Calendar/Calendar_Events/Calendar_Events_Creation/Event/Page_Calendar/Page_Calendar/div_Week' is clicked on

21-11-2024T11:58:09 - [MESSAGE][PASSED] - Object: 'Object Repository/Specific Cases Repository/LS/Home/Calendar/Calendar_Events/Calendar_Events_Creation/Event/Page_Calendar/Page_Calendar/div_Week' is clicked on

21-11-2024T11:58:09 - [TEST_STEP][PASSED] - click(findTestObject("Object Repository/Specific Cases Repository/LS/Home/Calendar/Calendar_Events/Calendar_Events_Creation/Event/Page_Calendar/a_Automation Event")): Object: 'Object Repository/Specific Cases Repository/LS/Home/Calendar/Calendar_Events/Calendar_Events_Creation/Event/Page_Calendar/a_Automation Event' is clicked on

21-11-2024T11:58:09 - [MESSAGE][PASSED] - Object: 'Object Repository/Specific Cases Repository/LS/Home/Calendar/Calendar_Events/Calendar_Events_Creation/Event/Page_Calendar/a_Automation Event' is clicked on

21-11-2024T11:58:09 - [TEST_STEP][PASSED] - click(findTestObject("Object Repository/Specific Cases Repository/LS/Home/Calendar/Calendar_Events/Calendar_Events_Creation/Event/Page_Calendar/Page_Calendar/Start Time Clock - Edit")): Object: 'Object Repository/Specific Cases Repository/LS/Home/Calendar/Calendar_Events/Calendar_Events_Creation/Event/Page_Calendar/Page_Calendar/Start Time Clock - Edit' is clicked on

21-11-2024T11:58:11 - [MESSAGE][PASSED] - Object: 'Object Repository/Specific Cases Repository/LS/Home/Calendar/Calendar_Events/Calendar_Events_Creation/Event/Page_Calendar/Page_Calendar/Start Time Clock - Edit' is clicked on

21-11-2024T11:58:11 - [TEST_STEP][PASSED] - setText(findTestObject("Object Repository/Specific Cases Repository/LS/Home/Calendar/Calendar_Events/Calendar_Events_Creation/Event/Page_Calendar/Page_Calendar/Start Time Clock - Edit"), "08"): Text '08' is set on object 'Object Repository/Specific Cases Repository/LS/Home/Calendar/Calendar_Events/Calendar_Events_Creation/Event/Page_Calendar/Page_Calendar/Start Time Clock - Edit'

21-11-2024T11:58:12 - [MESSAGE][PASSED] - Text '08' is set on object 'Object Repository/Specific Cases Repository/LS/Home/Calendar/Calendar_Events/Calendar_Events_Creation/Event/Page_Calendar/Page_Calendar/Start Time Clock - Edit'

21-11-2024T11:58:12 - [TEST_STEP][PASSED] - setText(findTestObject("Object Repository/Specific Cases Repository/LS/Home/Calendar/Calendar_Events/Calendar_Events_Creation/Event/Page_Calendar/Page_Calendar/Start Time Clock - Edit"), "30"): Text '30' is set on object 'Object Repository/Specific Cases Repository/LS/Home/Calendar/Calendar_Events/Calendar_Events_Creation/Event/Page_Calendar/Page_Calendar/Start Time Clock - Edit'

21-11-2024T11:58:12 - [MESSAGE][PASSED] - Text '30' is set on object 'Object Repository/Specific Cases Repository/LS/Home/Calendar/Calendar_Events/Calendar_Events_Creation/Event/Page_Calendar/Page_Calendar/Start Time Clock - Edit'

21-11-2024T11:58:12 - [TEST_STEP][PASSED] - setText(findTestObject("Object Repository/Specific Cases Repository/LS/Home/Calendar/Calendar_Events/Calendar_Events_Creation/Event/Page_Calendar/Page_Calendar/Start Time Clock - Edit"), "AM"): Text 'AM' is set on object 'Object Repository/Specific Cases Repository/LS/Home/Calendar/Calendar_Events/Calendar_Events_Creation/Event/Page_Calendar/Page_Calendar/Start Time Clock - Edit'

21-11-2024T11:58:13 - [MESSAGE][PASSED] - Text 'AM' is set on object 'Object Repository/Specific Cases Repository/LS/Home/Calendar/Calendar_Events/Calendar_Events_Creation/Event/Page_Calendar/Page_Calendar/Start Time Clock - Edit'

21-11-2024T11:58:13 - [TEST_STEP][PASSED] - scrollToElement(findTestObject("Object Repository/Specific Cases Repository/LS/Home/Calendar/Calendar_Events/Calendar_Events_Creation/Event/Page_Calendar/Page_Calendar/a_Save Revision"), 0): Scroll to object 'Object Repository/Specific Cases Repository/LS/Home/Calendar/Calendar_Events/Calendar_Events_Creation/Event/Page_Calendar/Page_Calendar/a_Save Revision' successfully

21-11-2024T11:58:13 - [MESSAGE][WARNING] - Timeout '0' is invalid. Using default page load timeout: '30'

21-11-2024T11:58:13 - [MESSAGE][PASSED] - Scroll to object 'Object Repository/Specific Cases Repository/LS/Home/Calendar/Calendar_Events/Calendar_Events_Creation/Event/Page_Calendar/Page_Calendar/a_Save Revision' successfully

21-11-2024T11:58:13 - [TEST_STEP][PASSED] - click(findTestObject("Object Repository/Specific Cases Repository/LS/Home/Calendar/Calendar_Events/Calendar_Events_Creation/Event/Page_Calendar/Page_Calendar/a_Save Revision")): Object: 'Object Repository/Specific Cases Repository/LS/Home/Calendar/Calendar_Events/Calendar_Events_Creation/Event/Page_Calendar/Page_Calendar/a_Save Revision' is clicked on

21-11-2024T11:58:13 - [MESSAGE][PASSED] - Object: 'Object Repository/Specific Cases Repository/LS/Home/Calendar/Calendar_Events/Calendar_Events_Creation/Event/Page_Calendar/Page_Calendar/a_Save Revision' is clicked on

21-11-2024T11:58:13 - [TEST_STEP][PASSED] - mouseOver(findTestObject("Object Repository/Specific Cases Repository/LS/Home/Calendar/Calendar_Events/Calendar_Events_Creation/Event/Page_Calendar/a_Automation Event - Edit")): Object: 'Object Repository/Specific Cases Repository/LS/Home/Calendar/Calendar_Events/Calendar_Events_Creation/Event/Page_Calendar/a_Automation Event - Edit' is hovered

21-11-2024T11:58:15 - [MESSAGE][PASSED] - Object: 'Object Repository/Specific Cases Repository/LS/Home/Calendar/Calendar_Events/Calendar_Events_Creation/Event/Page_Calendar/a_Automation Event - Edit' is hovered

21-11-2024T11:58:15 - [TEST_STEP][PASSED] - verifyElementText(findTestObject("Object Repository/Specific Cases Repository/LS/Home/Calendar/Calendar_Events/Calendar_Events_Creation/Event/Page_Calendar/Page_Calendar/span_Automation Event_1"), "Automation Event"): Actual text and expected text of test object 'Object Repository/Specific Cases Repository/LS/Home/Calendar/Calendar_Events/Calendar_Events_Creation/Event/Page_Calendar/Page_Calendar/span_Automation Event_1' are matched.

21-11-2024T11:58:16 - [MESSAGE][PASSED] - Actual text and expected text of test object 'Object Repository/Specific Cases Repository/LS/Home/Calendar/Calendar_Events/Calendar_Events_Creation/Event/Page_Calendar/Page_Calendar/span_Automation Event_1' are matched.

21-11-2024T11:58:16 - [TEST_STEP][PASSED] - verifyElementText(findTestObject("Object Repository/Specific Cases Repository/LS/Home/Calendar/Calendar_Events/Calendar_Events_Creation/Event/Page_Calendar/Page_Calendar/span_830 - 9 AM_1"), "8:30 - 9 AM"): Actual text and expected text of test object 'Object Repository/Specific Cases Repository/LS/Home/Calendar/Calendar_Events/Calendar_Events_Creation/Event/Page_Calendar/Page_Calendar/span_830 - 9 AM_1' are matched.

21-11-2024T11:58:16 - [MESSAGE][PASSED] - Actual text and expected text of test object 'Object Repository/Specific Cases Repository/LS/Home/Calendar/Calendar_Events/Calendar_Events_Creation/Event/Page_Calendar/Page_Calendar/span_830 - 9 AM_1' are matched.

21-11-2024T11:58:16 - [TEST_STEP][PASSED] - closeBrowser(): Browser is closed

21-11-2024T11:58:16 - [MESSAGE][PASSED] - Browser is closed]]></system-out>
         <system-err><![CDATA[]]></system-err>
      </testcase>
      <system-out><![CDATA[21-11-2024T11:48:55 - [TEST_SUITE][PASSED] - Calendar: Test Cases/Specific Cases/LS/General/Calendar/Events_Edit/Edit_Event]]></system-out>
      <system-err><![CDATA[]]></system-err>
   </testsuite>
</testsuites>
