<?xml version="1.0" encoding="UTF-8"?>
<testsuites name="Inquiry Profile" time="379.771" tests="5" failures="0" errors="0">
   <testsuite name="Inquiry Profile" tests="5" failures="0" errors="0" time="379.771" skipped="0" timestamp="29-01-2025T17:06:25" hostname="Enrique - Enrique" id="Test Suites/LS/Inquiry Profile/Inquiry Profile">
      <properties>
         <property name="deviceName" value=""/>
         <property name="devicePlatform"/>
         <property name="logFolder" value="C:\\Users\\Enrique\\git\\AUTOMATION_LS\\Reports\\20250129_170556\\LS\\Inquiry Profile\\Inquiry Profile\\20250129_170603"/>
         <property name="logFiles" value="C:\\Users\\Enrique\\git\\AUTOMATION_LS\\Reports\\20250129_170556\\LS\\Inquiry Profile\\Inquiry Profile\\20250129_170603\\execution0.log"/>
         <property name="attachments" value=""/>
         <property name="hostName" value="Enrique - Enrique"/>
         <property name="os" value="Windows 11 64bit"/>
         <property name="katalonVersion" value="9.7.3.223"/>
         <property name="browser" value="Chrome 131.0.0.0"/>
         <property name="hostAddress" value="192.168.100.166"/>
         <property name="sessionId" value="096222492564e8339bebac1be2863a50"/>
         <property name="seleniumVersion" value="3.141.59"/>
         <property name="proxyInformation" value="ProxyInformation { proxyOption=NO_PROXY, proxyServerType=HTTP, username=, password=********, proxyServerAddress=, proxyServerPort=0, executionList=&quot;&quot;, isApplyToDesiredCapabilities=true }"/>
         <property name="platform" value="Windows 11"/>
      </properties>
      <testcase name="Test Cases/Specific Cases/LS/Inquiry Profile/Demographics" time="92.07" classname="Test Cases/Specific Cases/LS/Inquiry Profile/Demographics" status="PASSED">
         <system-out><![CDATA[29-01-2025T17:06:25 - [TEST_CASE][PASSED] - Test Cases/Specific Cases/LS/Inquiry Profile/Demographics: Test Cases/Specific Cases/LS/Inquiry Profile/Demographics

29-01-2025T17:06:26 - [TEST_STEP][PASSED] - callTestCase(findTestCase("Common Cases/Login"), [:], STOP_ON_FAILURE): Call Test Case 'Test Cases/Common Cases/Login' successfully

29-01-2025T17:06:26 - [TEST_CASE][PASSED] - Test Cases/Common Cases/Login: Test Cases/Common Cases/Login

29-01-2025T17:06:27 - [TEST_STEP][PASSED] - openBrowser(""): Browser is opened with url: ''

29-01-2025T17:06:27 - [MESSAGE][INFO] - Starting 'Chrome' driver

29-01-2025T17:06:28 - [MESSAGE][INFO] - Action delay is set to 0 milliseconds

29-01-2025T17:06:30 - [MESSAGE][PASSED] - Browser is opened with url: ''

29-01-2025T17:06:30 - [TEST_STEP][PASSED] - maximizeWindow(): Current window maximized

29-01-2025T17:06:30 - [MESSAGE][PASSED] - Current window maximized

29-01-2025T17:06:30 - [TEST_STEP][PASSED] - navigateToUrl("https://site17.lsapp.cloud/auth/login"): Navigate to 'https://site17.lsapp.cloud/auth/login' successfully

29-01-2025T17:06:32 - [MESSAGE][PASSED] - Navigate to 'https://site17.lsapp.cloud/auth/login' successfully

29-01-2025T17:06:32 - [TEST_STEP][PASSED] - setText(findTestObject("Object Repository/Common Cases Repository/Login/Page_Lightning Step/input_Email_email"), "automation@lightningstep.com"): Text 'automation@lightningstep.com' is set on object 'Object Repository/Common Cases Repository/Login/Page_Lightning Step/input_Email_email'

29-01-2025T17:06:36 - [MESSAGE][PASSED] - Text 'automation@lightningstep.com' is set on object 'Object Repository/Common Cases Repository/Login/Page_Lightning Step/input_Email_email'

29-01-2025T17:06:36 - [TEST_STEP][PASSED] - setEncryptedText(findTestObject("Object Repository/Common Cases Repository/Login/Page_Lightning Step/input_Password_password"), "e5N8VHmnhJDITtQaQhDQDw=="): Text ****** has been set on object 'Object Repository/Common Cases Repository/Login/Page_Lightning Step/input_Password_password'

29-01-2025T17:06:36 - [MESSAGE][PASSED] - Text ****** has been set on object 'Object Repository/Common Cases Repository/Login/Page_Lightning Step/input_Password_password'

29-01-2025T17:06:36 - [TEST_STEP][PASSED] - click(findTestObject("Object Repository/Common Cases Repository/Login/Page_Lightning Step/button_Sign in")): Object: 'Object Repository/Common Cases Repository/Login/Page_Lightning Step/button_Sign in' is clicked on

29-01-2025T17:06:46 - [MESSAGE][PASSED] - Object: 'Object Repository/Common Cases Repository/Login/Page_Lightning Step/button_Sign in' is clicked on

29-01-2025T17:06:46 - [MESSAGE][PASSED] - Call Test Case 'Test Cases/Common Cases/Login' successfully

29-01-2025T17:06:46 - [TEST_STEP][PASSED] - click(findTestObject("Object Repository/Specific Cases Repository/LS/Inquiry Profile/Demographics/Page_Home/a_Census")): Object: 'Object Repository/Specific Cases Repository/LS/Inquiry Profile/Demographics/Page_Home/a_Census' is clicked on

29-01-2025T17:06:50 - [MESSAGE][PASSED] - Object: 'Object Repository/Specific Cases Repository/LS/Inquiry Profile/Demographics/Page_Home/a_Census' is clicked on

29-01-2025T17:06:50 - [TEST_STEP][PASSED] - click(findTestObject("Object Repository/Specific Cases Repository/LS/Inquiry Profile/Demographics/Page_Home/a_D Automation, D Client")): Object: 'Object Repository/Specific Cases Repository/LS/Inquiry Profile/Demographics/Page_Home/a_D Automation, D Client' is clicked on

29-01-2025T17:07:05 - [MESSAGE][PASSED] - Object: 'Object Repository/Specific Cases Repository/LS/Inquiry Profile/Demographics/Page_Home/a_D Automation, D Client' is clicked on

29-01-2025T17:07:05 - [TEST_STEP][PASSED] - navigateToUrl("https://site17.lsapp.cloud/client/index/1559?section=clientprofile"): Navigate to 'https://site17.lsapp.cloud/client/index/1559?section=clientprofile' successfully

29-01-2025T17:07:15 - [MESSAGE][PASSED] - Navigate to 'https://site17.lsapp.cloud/client/index/1559?section=clientprofile' successfully

29-01-2025T17:07:15 - [TEST_STEP][PASSED] - click(findTestObject("Object Repository/Specific Cases Repository/LS/Inquiry Profile/Demographics/Page_Client Profile/div_Inquiry Profile")): Object: 'Object Repository/Specific Cases Repository/LS/Inquiry Profile/Demographics/Page_Client Profile/div_Inquiry Profile' is clicked on

29-01-2025T17:07:23 - [MESSAGE][PASSED] - Object: 'Object Repository/Specific Cases Repository/LS/Inquiry Profile/Demographics/Page_Client Profile/div_Inquiry Profile' is clicked on

29-01-2025T17:07:23 - [TEST_STEP][PASSED] - click(findTestObject("Object Repository/Specific Cases Repository/LS/Inquiry Profile/Demographics/Page_Inquiry Profile/a_Demographics")): Object: 'Object Repository/Specific Cases Repository/LS/Inquiry Profile/Demographics/Page_Inquiry Profile/a_Demographics' is clicked on

29-01-2025T17:07:24 - [MESSAGE][PASSED] - Object: 'Object Repository/Specific Cases Repository/LS/Inquiry Profile/Demographics/Page_Inquiry Profile/a_Demographics' is clicked on

29-01-2025T17:07:24 - [TEST_STEP][PASSED] - verifyElementText(findTestObject("Object Repository/Specific Cases Repository/LS/Inquiry Profile/Demographics/Page_Inquiry Profile/h4_Demographic Information for D Client D A_35ae77"), "Demographic Information for D Client D Automation"): Actual text and expected text of test object 'Object Repository/Specific Cases Repository/LS/Inquiry Profile/Demographics/Page_Inquiry Profile/h4_Demographic Information for D Client D A_35ae77' are matched.

29-01-2025T17:07:24 - [MESSAGE][PASSED] - Actual text and expected text of test object 'Object Repository/Specific Cases Repository/LS/Inquiry Profile/Demographics/Page_Inquiry Profile/h4_Demographic Information for D Client D A_35ae77' are matched.

29-01-2025T17:07:24 - [TEST_STEP][PASSED] - verifyElementText(findTestObject("Object Repository/Specific Cases Repository/LS/Inquiry Profile/Demographics/Page_Inquiry Profile/h4_Profile Picture for D Client D Automation"), "Profile Picture for D Client D Automation"): Actual text and expected text of test object 'Object Repository/Specific Cases Repository/LS/Inquiry Profile/Demographics/Page_Inquiry Profile/h4_Profile Picture for D Client D Automation' are matched.

29-01-2025T17:07:24 - [MESSAGE][PASSED] - Actual text and expected text of test object 'Object Repository/Specific Cases Repository/LS/Inquiry Profile/Demographics/Page_Inquiry Profile/h4_Profile Picture for D Client D Automation' are matched.

29-01-2025T17:07:24 - [TEST_STEP][PASSED] - verifyElementText(findTestObject("Object Repository/Specific Cases Repository/LS/Inquiry Profile/Demographics/Page_Inquiry Profile/th_Date"), "Date"): Actual text and expected text of test object 'Object Repository/Specific Cases Repository/LS/Inquiry Profile/Demographics/Page_Inquiry Profile/th_Date' are matched.

29-01-2025T17:07:25 - [MESSAGE][PASSED] - Actual text and expected text of test object 'Object Repository/Specific Cases Repository/LS/Inquiry Profile/Demographics/Page_Inquiry Profile/th_Date' are matched.

29-01-2025T17:07:25 - [TEST_STEP][PASSED] - verifyElementText(findTestObject("Object Repository/Specific Cases Repository/LS/Inquiry Profile/Demographics/Page_Inquiry Profile/th_DOBAge"), "DOB/Age"): Actual text and expected text of test object 'Object Repository/Specific Cases Repository/LS/Inquiry Profile/Demographics/Page_Inquiry Profile/th_DOBAge' are matched.

29-01-2025T17:07:25 - [MESSAGE][PASSED] - Actual text and expected text of test object 'Object Repository/Specific Cases Repository/LS/Inquiry Profile/Demographics/Page_Inquiry Profile/th_DOBAge' are matched.

29-01-2025T17:07:25 - [TEST_STEP][PASSED] - verifyElementText(findTestObject("Object Repository/Specific Cases Repository/LS/Inquiry Profile/Demographics/Page_Inquiry Profile/th_Home Phone"), "Home Phone"): Actual text and expected text of test object 'Object Repository/Specific Cases Repository/LS/Inquiry Profile/Demographics/Page_Inquiry Profile/th_Home Phone' are matched.

29-01-2025T17:07:25 - [MESSAGE][PASSED] - Actual text and expected text of test object 'Object Repository/Specific Cases Repository/LS/Inquiry Profile/Demographics/Page_Inquiry Profile/th_Home Phone' are matched.

29-01-2025T17:07:25 - [TEST_STEP][PASSED] - verifyElementText(findTestObject("Object Repository/Specific Cases Repository/LS/Inquiry Profile/Demographics/Page_Inquiry Profile/th_Mobile Phone"), "Mobile Phone"): Actual text and expected text of test object 'Object Repository/Specific Cases Repository/LS/Inquiry Profile/Demographics/Page_Inquiry Profile/th_Mobile Phone' are matched.

29-01-2025T17:07:26 - [MESSAGE][PASSED] - Actual text and expected text of test object 'Object Repository/Specific Cases Repository/LS/Inquiry Profile/Demographics/Page_Inquiry Profile/th_Mobile Phone' are matched.

29-01-2025T17:07:26 - [TEST_STEP][PASSED] - verifyElementText(findTestObject("Object Repository/Specific Cases Repository/LS/Inquiry Profile/Demographics/Page_Inquiry Profile/th_Active"), "Active"): Actual text and expected text of test object 'Object Repository/Specific Cases Repository/LS/Inquiry Profile/Demographics/Page_Inquiry Profile/th_Active' are matched.

29-01-2025T17:07:26 - [MESSAGE][PASSED] - Actual text and expected text of test object 'Object Repository/Specific Cases Repository/LS/Inquiry Profile/Demographics/Page_Inquiry Profile/th_Active' are matched.

29-01-2025T17:07:26 - [TEST_STEP][PASSED] - verifyElementText(findTestObject("Object Repository/Specific Cases Repository/LS/Inquiry Profile/Demographics/Page_Inquiry Profile/em_Invalid phone number"), "* Invalid phone number."): Actual text and expected text of test object 'Object Repository/Specific Cases Repository/LS/Inquiry Profile/Demographics/Page_Inquiry Profile/em_Invalid phone number' are matched.

29-01-2025T17:07:26 - [MESSAGE][PASSED] - Actual text and expected text of test object 'Object Repository/Specific Cases Repository/LS/Inquiry Profile/Demographics/Page_Inquiry Profile/em_Invalid phone number' are matched.

29-01-2025T17:07:26 - [TEST_STEP][PASSED] - click(findTestObject("Object Repository/Specific Cases Repository/LS/Inquiry Profile/Demographics/Page_Inquiry Profile/i_add")): Object: 'Object Repository/Specific Cases Repository/LS/Inquiry Profile/Demographics/Page_Inquiry Profile/i_add' is clicked on

29-01-2025T17:07:35 - [MESSAGE][PASSED] - Object: 'Object Repository/Specific Cases Repository/LS/Inquiry Profile/Demographics/Page_Inquiry Profile/i_add' is clicked on

29-01-2025T17:07:35 - [TEST_STEP][PASSED] - click(findTestObject("Object Repository/Specific Cases Repository/LS/Inquiry Profile/Demographics/Page_Demographic Information/i_Back to Profile_fa fa-eye")): Object: 'Object Repository/Specific Cases Repository/LS/Inquiry Profile/Demographics/Page_Demographic Information/i_Back to Profile_fa fa-eye' is clicked on

29-01-2025T17:07:36 - [MESSAGE][PASSED] - Object: 'Object Repository/Specific Cases Repository/LS/Inquiry Profile/Demographics/Page_Demographic Information/i_Back to Profile_fa fa-eye' is clicked on

29-01-2025T17:07:36 - [TEST_STEP][PASSED] - click(findTestObject("Object Repository/Specific Cases Repository/LS/Inquiry Profile/Demographics/Page_Demographic Information/button_Save")): Object: 'Object Repository/Specific Cases Repository/LS/Inquiry Profile/Demographics/Page_Demographic Information/button_Save' is clicked on

29-01-2025T17:07:44 - [MESSAGE][PASSED] - Object: 'Object Repository/Specific Cases Repository/LS/Inquiry Profile/Demographics/Page_Demographic Information/button_Save' is clicked on

29-01-2025T17:07:44 - [TEST_STEP][PASSED] - verifyElementPresent(findTestObject("Object Repository/Specific Cases Repository/LS/Inquiry Profile/Demographics/Page_Inquiry Profile/td_10222024"), 0): Object 'Object Repository/Specific Cases Repository/LS/Inquiry Profile/Demographics/Page_Inquiry Profile/td_10222024' is present

29-01-2025T17:07:44 - [MESSAGE][WARNING] - Timeout '0' is invalid. Using default page load timeout: '30'

29-01-2025T17:07:45 - [MESSAGE][PASSED] - Object 'Object Repository/Specific Cases Repository/LS/Inquiry Profile/Demographics/Page_Inquiry Profile/td_10222024' is present

29-01-2025T17:07:45 - [TEST_STEP][PASSED] - verifyElementPresent(findTestObject("Object Repository/Specific Cases Repository/LS/Inquiry Profile/Demographics/Page_Inquiry Profile/td_Yes"), 0): Object 'Object Repository/Specific Cases Repository/LS/Inquiry Profile/Demographics/Page_Inquiry Profile/td_Yes' is present

29-01-2025T17:07:45 - [MESSAGE][WARNING] - Timeout '0' is invalid. Using default page load timeout: '30'

29-01-2025T17:07:45 - [MESSAGE][PASSED] - Object 'Object Repository/Specific Cases Repository/LS/Inquiry Profile/Demographics/Page_Inquiry Profile/td_Yes' is present

29-01-2025T17:07:45 - [TEST_STEP][PASSED] - verifyElementPresent(findTestObject("Object Repository/Specific Cases Repository/LS/Inquiry Profile/Demographics/Page_Inquiry Profile/td_No"), 0): Object 'Object Repository/Specific Cases Repository/LS/Inquiry Profile/Demographics/Page_Inquiry Profile/td_No' is present

29-01-2025T17:07:45 - [MESSAGE][WARNING] - Timeout '0' is invalid. Using default page load timeout: '30'

29-01-2025T17:07:45 - [MESSAGE][PASSED] - Object 'Object Repository/Specific Cases Repository/LS/Inquiry Profile/Demographics/Page_Inquiry Profile/td_No' is present

29-01-2025T17:07:45 - [TEST_STEP][PASSED] - click(findTestObject("Object Repository/Specific Cases Repository/LS/Inquiry Profile/Demographics/Page_Inquiry Profile/i_No_fa fa-pencil")): Object: 'Object Repository/Specific Cases Repository/LS/Inquiry Profile/Demographics/Page_Inquiry Profile/i_No_fa fa-pencil' is clicked on

29-01-2025T17:07:50 - [MESSAGE][PASSED] - Object: 'Object Repository/Specific Cases Repository/LS/Inquiry Profile/Demographics/Page_Inquiry Profile/i_No_fa fa-pencil' is clicked on

29-01-2025T17:07:50 - [TEST_STEP][PASSED] - click(findTestObject("Object Repository/Specific Cases Repository/LS/Inquiry Profile/Demographics/Page_Demographic Information/span_Enter in Error_check")): Object: 'Object Repository/Specific Cases Repository/LS/Inquiry Profile/Demographics/Page_Demographic Information/span_Enter in Error_check' is clicked on

29-01-2025T17:07:50 - [MESSAGE][PASSED] - Object: 'Object Repository/Specific Cases Repository/LS/Inquiry Profile/Demographics/Page_Demographic Information/span_Enter in Error_check' is clicked on

29-01-2025T17:07:50 - [TEST_STEP][PASSED] - click(findTestObject("Object Repository/Specific Cases Repository/LS/Inquiry Profile/Demographics/Page_Demographic Information/button_Save")): Object: 'Object Repository/Specific Cases Repository/LS/Inquiry Profile/Demographics/Page_Demographic Information/button_Save' is clicked on

29-01-2025T17:07:57 - [MESSAGE][PASSED] - Object: 'Object Repository/Specific Cases Repository/LS/Inquiry Profile/Demographics/Page_Demographic Information/button_Save' is clicked on

29-01-2025T17:07:57 - [TEST_STEP][PASSED] - closeBrowser(): Browser is closed

29-01-2025T17:07:57 - [MESSAGE][PASSED] - Browser is closed]]></system-out>
         <system-err><![CDATA[]]></system-err>
      </testcase>
      <testcase name="Test Cases/Specific Cases/LS/Inquiry Profile/Inquiry Profile" time="59.018" classname="Test Cases/Specific Cases/LS/Inquiry Profile/Inquiry Profile" status="PASSED">
         <system-out><![CDATA[29-01-2025T17:07:57 - [TEST_CASE][PASSED] - Test Cases/Specific Cases/LS/Inquiry Profile/Inquiry Profile: Test Cases/Specific Cases/LS/Inquiry Profile/Inquiry Profile

29-01-2025T17:07:58 - [TEST_STEP][PASSED] - callTestCase(findTestCase("Common Cases/Login"), [:], STOP_ON_FAILURE): Call Test Case 'Test Cases/Common Cases/Login' successfully

29-01-2025T17:07:58 - [TEST_CASE][PASSED] - Test Cases/Common Cases/Login: Test Cases/Common Cases/Login

29-01-2025T17:07:58 - [TEST_STEP][PASSED] - openBrowser(""): Browser is opened with url: ''

29-01-2025T17:07:58 - [MESSAGE][INFO] - Starting 'Chrome' driver

29-01-2025T17:07:58 - [MESSAGE][INFO] - Action delay is set to 0 milliseconds

29-01-2025T17:07:58 - [MESSAGE][PASSED] - Browser is opened with url: ''

29-01-2025T17:07:58 - [TEST_STEP][PASSED] - maximizeWindow(): Current window maximized

29-01-2025T17:07:58 - [MESSAGE][PASSED] - Current window maximized

29-01-2025T17:07:58 - [TEST_STEP][PASSED] - navigateToUrl("https://site17.lsapp.cloud/auth/login"): Navigate to 'https://site17.lsapp.cloud/auth/login' successfully

29-01-2025T17:08:09 - [MESSAGE][PASSED] - Navigate to 'https://site17.lsapp.cloud/auth/login' successfully

29-01-2025T17:08:09 - [TEST_STEP][PASSED] - setText(findTestObject("Object Repository/Common Cases Repository/Login/Page_Lightning Step/input_Email_email"), "automation@lightningstep.com"): Text 'automation@lightningstep.com' is set on object 'Object Repository/Common Cases Repository/Login/Page_Lightning Step/input_Email_email'

29-01-2025T17:08:09 - [MESSAGE][PASSED] - Text 'automation@lightningstep.com' is set on object 'Object Repository/Common Cases Repository/Login/Page_Lightning Step/input_Email_email'

29-01-2025T17:08:09 - [TEST_STEP][PASSED] - setEncryptedText(findTestObject("Object Repository/Common Cases Repository/Login/Page_Lightning Step/input_Password_password"), "e5N8VHmnhJDITtQaQhDQDw=="): Text ****** has been set on object 'Object Repository/Common Cases Repository/Login/Page_Lightning Step/input_Password_password'

29-01-2025T17:08:10 - [MESSAGE][PASSED] - Text ****** has been set on object 'Object Repository/Common Cases Repository/Login/Page_Lightning Step/input_Password_password'

29-01-2025T17:08:10 - [TEST_STEP][PASSED] - click(findTestObject("Object Repository/Common Cases Repository/Login/Page_Lightning Step/button_Sign in")): Object: 'Object Repository/Common Cases Repository/Login/Page_Lightning Step/button_Sign in' is clicked on

29-01-2025T17:08:27 - [MESSAGE][PASSED] - Object: 'Object Repository/Common Cases Repository/Login/Page_Lightning Step/button_Sign in' is clicked on

29-01-2025T17:08:27 - [MESSAGE][PASSED] - Call Test Case 'Test Cases/Common Cases/Login' successfully

29-01-2025T17:08:27 - [TEST_STEP][PASSED] - click(findTestObject("Object Repository/Specific Cases Repository/LS/Inquiry Profile/Inquiry Profile/Page_Home/a_Census")): Object: 'Object Repository/Specific Cases Repository/LS/Inquiry Profile/Inquiry Profile/Page_Home/a_Census' is clicked on

29-01-2025T17:08:28 - [MESSAGE][PASSED] - Object: 'Object Repository/Specific Cases Repository/LS/Inquiry Profile/Inquiry Profile/Page_Home/a_Census' is clicked on

29-01-2025T17:08:28 - [TEST_STEP][PASSED] - click(findTestObject("Object Repository/Specific Cases Repository/LS/Inquiry Profile/Inquiry Profile/Page_Home/a_A Automation, A Client")): Object: 'Object Repository/Specific Cases Repository/LS/Inquiry Profile/Inquiry Profile/Page_Home/a_A Automation, A Client' is clicked on

29-01-2025T17:08:46 - [MESSAGE][PASSED] - Object: 'Object Repository/Specific Cases Repository/LS/Inquiry Profile/Inquiry Profile/Page_Home/a_A Automation, A Client' is clicked on

29-01-2025T17:08:46 - [TEST_STEP][PASSED] - click(findTestObject("Object Repository/Specific Cases Repository/LS/Inquiry Profile/Inquiry Profile/Page_Client Profile/div_Inquiry Profile")): Object: 'Object Repository/Specific Cases Repository/LS/Inquiry Profile/Inquiry Profile/Page_Client Profile/div_Inquiry Profile' is clicked on

29-01-2025T17:08:53 - [MESSAGE][PASSED] - Object: 'Object Repository/Specific Cases Repository/LS/Inquiry Profile/Inquiry Profile/Page_Client Profile/div_Inquiry Profile' is clicked on

29-01-2025T17:08:53 - [TEST_STEP][PASSED] - verifyElementText(findTestObject("Object Repository/Specific Cases Repository/LS/Inquiry Profile/Inquiry Profile/Page_Inquiry Profile/div_A Client A Automation"), "A Client A Automation"): Actual text and expected text of test object 'Object Repository/Specific Cases Repository/LS/Inquiry Profile/Inquiry Profile/Page_Inquiry Profile/div_A Client A Automation' are matched.

29-01-2025T17:08:54 - [MESSAGE][PASSED] - Actual text and expected text of test object 'Object Repository/Specific Cases Repository/LS/Inquiry Profile/Inquiry Profile/Page_Inquiry Profile/div_A Client A Automation' are matched.

29-01-2025T17:08:54 - [TEST_STEP][PASSED] - verifyElementText(findTestObject("Object Repository/Specific Cases Repository/LS/Inquiry Profile/Inquiry Profile/Page_Inquiry Profile/div_Last Episode 08282024"), "Last Episode: 08/28/2024"): Actual text and expected text of test object 'Object Repository/Specific Cases Repository/LS/Inquiry Profile/Inquiry Profile/Page_Inquiry Profile/div_Last Episode 08282024' are matched.

29-01-2025T17:08:54 - [MESSAGE][PASSED] - Actual text and expected text of test object 'Object Repository/Specific Cases Repository/LS/Inquiry Profile/Inquiry Profile/Page_Inquiry Profile/div_Last Episode 08282024' are matched.

29-01-2025T17:08:54 - [TEST_STEP][PASSED] - verifyElementText(findTestObject("Object Repository/Specific Cases Repository/LS/Inquiry Profile/Inquiry Profile/Page_Inquiry Profile/label_Active"), "Active"): Actual text and expected text of test object 'Object Repository/Specific Cases Repository/LS/Inquiry Profile/Inquiry Profile/Page_Inquiry Profile/label_Active' are matched.

29-01-2025T17:08:54 - [MESSAGE][PASSED] - Actual text and expected text of test object 'Object Repository/Specific Cases Repository/LS/Inquiry Profile/Inquiry Profile/Page_Inquiry Profile/label_Active' are matched.

29-01-2025T17:08:54 - [TEST_STEP][PASSED] - verifyElementText(findTestObject("Object Repository/Specific Cases Repository/LS/Inquiry Profile/Inquiry Profile/Page_Inquiry Profile/label_1629"), "1629"): Actual text and expected text of test object 'Object Repository/Specific Cases Repository/LS/Inquiry Profile/Inquiry Profile/Page_Inquiry Profile/label_1629' are matched.

29-01-2025T17:08:55 - [MESSAGE][PASSED] - Actual text and expected text of test object 'Object Repository/Specific Cases Repository/LS/Inquiry Profile/Inquiry Profile/Page_Inquiry Profile/label_1629' are matched.

29-01-2025T17:08:55 - [TEST_STEP][PASSED] - verifyElementText(findTestObject("Object Repository/Specific Cases Repository/LS/Inquiry Profile/Inquiry Profile/Page_Inquiry Profile/b_DOB"), "DOB:"): Actual text and expected text of test object 'Object Repository/Specific Cases Repository/LS/Inquiry Profile/Inquiry Profile/Page_Inquiry Profile/b_DOB' are matched.

29-01-2025T17:08:55 - [MESSAGE][PASSED] - Actual text and expected text of test object 'Object Repository/Specific Cases Repository/LS/Inquiry Profile/Inquiry Profile/Page_Inquiry Profile/b_DOB' are matched.

29-01-2025T17:08:55 - [TEST_STEP][PASSED] - verifyElementText(findTestObject("Object Repository/Specific Cases Repository/LS/Inquiry Profile/Inquiry Profile/Page_Inquiry Profile/b_Age"), "Age:"): Actual text and expected text of test object 'Object Repository/Specific Cases Repository/LS/Inquiry Profile/Inquiry Profile/Page_Inquiry Profile/b_Age' are matched.

29-01-2025T17:08:55 - [MESSAGE][PASSED] - Actual text and expected text of test object 'Object Repository/Specific Cases Repository/LS/Inquiry Profile/Inquiry Profile/Page_Inquiry Profile/b_Age' are matched.

29-01-2025T17:08:55 - [TEST_STEP][PASSED] - verifyElementText(findTestObject("Object Repository/Specific Cases Repository/LS/Inquiry Profile/Inquiry Profile/Page_Inquiry Profile/b_Home Phone"), "Home Phone:"): Actual text and expected text of test object 'Object Repository/Specific Cases Repository/LS/Inquiry Profile/Inquiry Profile/Page_Inquiry Profile/b_Home Phone' are matched.

29-01-2025T17:08:56 - [MESSAGE][PASSED] - Actual text and expected text of test object 'Object Repository/Specific Cases Repository/LS/Inquiry Profile/Inquiry Profile/Page_Inquiry Profile/b_Home Phone' are matched.

29-01-2025T17:08:56 - [TEST_STEP][PASSED] - verifyElementText(findTestObject("Object Repository/Specific Cases Repository/LS/Inquiry Profile/Inquiry Profile/Page_Inquiry Profile/b_Mobile Phone"), "Mobile Phone:"): Actual text and expected text of test object 'Object Repository/Specific Cases Repository/LS/Inquiry Profile/Inquiry Profile/Page_Inquiry Profile/b_Mobile Phone' are matched.

29-01-2025T17:08:56 - [MESSAGE][PASSED] - Actual text and expected text of test object 'Object Repository/Specific Cases Repository/LS/Inquiry Profile/Inquiry Profile/Page_Inquiry Profile/b_Mobile Phone' are matched.

29-01-2025T17:08:56 - [TEST_STEP][PASSED] - verifyElementText(findTestObject("Object Repository/Specific Cases Repository/LS/Inquiry Profile/Inquiry Profile/Page_Inquiry Profile/b_Email"), "Email:"): Actual text and expected text of test object 'Object Repository/Specific Cases Repository/LS/Inquiry Profile/Inquiry Profile/Page_Inquiry Profile/b_Email' are matched.

29-01-2025T17:08:56 - [MESSAGE][PASSED] - Actual text and expected text of test object 'Object Repository/Specific Cases Repository/LS/Inquiry Profile/Inquiry Profile/Page_Inquiry Profile/b_Email' are matched.

29-01-2025T17:08:56 - [TEST_STEP][PASSED] - verifyElementText(findTestObject("Object Repository/Specific Cases Repository/LS/Inquiry Profile/Inquiry Profile/Page_Inquiry Profile/b_Address"), "Address:"): Actual text and expected text of test object 'Object Repository/Specific Cases Repository/LS/Inquiry Profile/Inquiry Profile/Page_Inquiry Profile/b_Address' are matched.

29-01-2025T17:08:56 - [MESSAGE][PASSED] - Actual text and expected text of test object 'Object Repository/Specific Cases Repository/LS/Inquiry Profile/Inquiry Profile/Page_Inquiry Profile/b_Address' are matched.

29-01-2025T17:08:56 - [TEST_STEP][PASSED] - closeBrowser(): Browser is closed

29-01-2025T17:08:57 - [MESSAGE][PASSED] - Browser is closed]]></system-out>
         <system-err><![CDATA[]]></system-err>
      </testcase>
      <testcase name="Test Cases/Specific Cases/LS/Inquiry Profile/Referral Source" time="63.423" classname="Test Cases/Specific Cases/LS/Inquiry Profile/Referral Source" status="PASSED">
         <system-out><![CDATA[29-01-2025T17:08:57 - [TEST_CASE][PASSED] - Test Cases/Specific Cases/LS/Inquiry Profile/Referral Source: Test Cases/Specific Cases/LS/Inquiry Profile/Referral Source

29-01-2025T17:08:57 - [TEST_STEP][PASSED] - callTestCase(findTestCase("Common Cases/Login"), [:], STOP_ON_FAILURE): Call Test Case 'Test Cases/Common Cases/Login' successfully

29-01-2025T17:08:57 - [TEST_CASE][PASSED] - Test Cases/Common Cases/Login: Test Cases/Common Cases/Login

29-01-2025T17:08:57 - [TEST_STEP][PASSED] - openBrowser(""): Browser is opened with url: ''

29-01-2025T17:08:57 - [MESSAGE][INFO] - Starting 'Chrome' driver

29-01-2025T17:08:57 - [MESSAGE][INFO] - Action delay is set to 0 milliseconds

29-01-2025T17:08:57 - [MESSAGE][PASSED] - Browser is opened with url: ''

29-01-2025T17:08:57 - [TEST_STEP][PASSED] - maximizeWindow(): Current window maximized

29-01-2025T17:08:57 - [MESSAGE][PASSED] - Current window maximized

29-01-2025T17:08:57 - [TEST_STEP][PASSED] - navigateToUrl("https://site17.lsapp.cloud/auth/login"): Navigate to 'https://site17.lsapp.cloud/auth/login' successfully

29-01-2025T17:09:09 - [MESSAGE][PASSED] - Navigate to 'https://site17.lsapp.cloud/auth/login' successfully

29-01-2025T17:09:09 - [TEST_STEP][PASSED] - setText(findTestObject("Object Repository/Common Cases Repository/Login/Page_Lightning Step/input_Email_email"), "automation@lightningstep.com"): Text 'automation@lightningstep.com' is set on object 'Object Repository/Common Cases Repository/Login/Page_Lightning Step/input_Email_email'

29-01-2025T17:09:10 - [MESSAGE][PASSED] - Text 'automation@lightningstep.com' is set on object 'Object Repository/Common Cases Repository/Login/Page_Lightning Step/input_Email_email'

29-01-2025T17:09:10 - [TEST_STEP][PASSED] - setEncryptedText(findTestObject("Object Repository/Common Cases Repository/Login/Page_Lightning Step/input_Password_password"), "e5N8VHmnhJDITtQaQhDQDw=="): Text ****** has been set on object 'Object Repository/Common Cases Repository/Login/Page_Lightning Step/input_Password_password'

29-01-2025T17:09:11 - [MESSAGE][PASSED] - Text ****** has been set on object 'Object Repository/Common Cases Repository/Login/Page_Lightning Step/input_Password_password'

29-01-2025T17:09:11 - [TEST_STEP][PASSED] - click(findTestObject("Object Repository/Common Cases Repository/Login/Page_Lightning Step/button_Sign in")): Object: 'Object Repository/Common Cases Repository/Login/Page_Lightning Step/button_Sign in' is clicked on

29-01-2025T17:09:19 - [MESSAGE][PASSED] - Object: 'Object Repository/Common Cases Repository/Login/Page_Lightning Step/button_Sign in' is clicked on

29-01-2025T17:09:19 - [MESSAGE][PASSED] - Call Test Case 'Test Cases/Common Cases/Login' successfully

29-01-2025T17:09:19 - [TEST_STEP][PASSED] - navigateToUrl("https://site17.lsapp.cloud/inquiry/show/1672"): Navigate to 'https://site17.lsapp.cloud/inquiry/show/1672' successfully

29-01-2025T17:09:26 - [MESSAGE][PASSED] - Navigate to 'https://site17.lsapp.cloud/inquiry/show/1672' successfully

29-01-2025T17:09:26 - [TEST_STEP][PASSED] - click(findTestObject("Object Repository/Specific Cases Repository/LS/Inquiry Profile/Referral Source/Page_Inquiry Profile/a_Referral Source")): Object: 'Object Repository/Specific Cases Repository/LS/Inquiry Profile/Referral Source/Page_Inquiry Profile/a_Referral Source' is clicked on

29-01-2025T17:09:28 - [MESSAGE][PASSED] - Object: 'Object Repository/Specific Cases Repository/LS/Inquiry Profile/Referral Source/Page_Inquiry Profile/a_Referral Source' is clicked on

29-01-2025T17:09:28 - [TEST_STEP][PASSED] - click(findTestObject("Object Repository/Specific Cases Repository/LS/Inquiry Profile/Referral Source/Page_Inquiry Profile/i_add")): Object: 'Object Repository/Specific Cases Repository/LS/Inquiry Profile/Referral Source/Page_Inquiry Profile/i_add' is clicked on

29-01-2025T17:09:32 - [MESSAGE][PASSED] - Object: 'Object Repository/Specific Cases Repository/LS/Inquiry Profile/Referral Source/Page_Inquiry Profile/i_add' is clicked on

29-01-2025T17:09:32 - [TEST_STEP][PASSED] - navigateToUrl("https://site17.lsapp.cloud/refsrc/create/1672"): Navigate to 'https://site17.lsapp.cloud/refsrc/create/1672' successfully

29-01-2025T17:09:34 - [MESSAGE][PASSED] - Navigate to 'https://site17.lsapp.cloud/refsrc/create/1672' successfully

29-01-2025T17:09:34 - [TEST_STEP][PASSED] - setText(findTestObject("Object Repository/Specific Cases Repository/LS/Inquiry Profile/Referral Source/Page_Referral Source/input_Search for Referral Source_search"), "a"): Text 'a' is set on object 'Object Repository/Specific Cases Repository/LS/Inquiry Profile/Referral Source/Page_Referral Source/input_Search for Referral Source_search'

29-01-2025T17:09:35 - [MESSAGE][PASSED] - Text 'a' is set on object 'Object Repository/Specific Cases Repository/LS/Inquiry Profile/Referral Source/Page_Referral Source/input_Search for Referral Source_search'

29-01-2025T17:09:35 - [TEST_STEP][PASSED] - click(findTestObject("Object Repository/Specific Cases Repository/LS/Inquiry Profile/Referral Source/Page_Referral Source/i_Search")): Object: 'Object Repository/Specific Cases Repository/LS/Inquiry Profile/Referral Source/Page_Referral Source/i_Search' is clicked on

29-01-2025T17:09:35 - [MESSAGE][PASSED] - Object: 'Object Repository/Specific Cases Repository/LS/Inquiry Profile/Referral Source/Page_Referral Source/i_Search' is clicked on

29-01-2025T17:09:35 - [TEST_STEP][PASSED] - click(findTestObject("Object Repository/Specific Cases Repository/LS/Inquiry Profile/Referral Source/Page_Referral Source/i_Georgetown Behavioral Health_fa fa-arrow-down")): Object: 'Object Repository/Specific Cases Repository/LS/Inquiry Profile/Referral Source/Page_Referral Source/i_Georgetown Behavioral Health_fa fa-arrow-down' is clicked on

29-01-2025T17:09:36 - [MESSAGE][PASSED] - Object: 'Object Repository/Specific Cases Repository/LS/Inquiry Profile/Referral Source/Page_Referral Source/i_Georgetown Behavioral Health_fa fa-arrow-down' is clicked on

29-01-2025T17:09:36 - [TEST_STEP][PASSED] - verifyElementText(findTestObject("Object Repository/Specific Cases Repository/LS/Inquiry Profile/Referral Source/Page_Referral Source/label_First Name"), "First Name"): Actual text and expected text of test object 'Object Repository/Specific Cases Repository/LS/Inquiry Profile/Referral Source/Page_Referral Source/label_First Name' are matched.

29-01-2025T17:09:37 - [MESSAGE][PASSED] - Actual text and expected text of test object 'Object Repository/Specific Cases Repository/LS/Inquiry Profile/Referral Source/Page_Referral Source/label_First Name' are matched.

29-01-2025T17:09:37 - [TEST_STEP][PASSED] - verifyElementText(findTestObject("Object Repository/Specific Cases Repository/LS/Inquiry Profile/Referral Source/Page_Referral Source/label_Last Name"), "Last Name"): Actual text and expected text of test object 'Object Repository/Specific Cases Repository/LS/Inquiry Profile/Referral Source/Page_Referral Source/label_Last Name' are matched.

29-01-2025T17:09:37 - [MESSAGE][PASSED] - Actual text and expected text of test object 'Object Repository/Specific Cases Repository/LS/Inquiry Profile/Referral Source/Page_Referral Source/label_Last Name' are matched.

29-01-2025T17:09:37 - [TEST_STEP][PASSED] - verifyElementPresent(findTestObject("Object Repository/Specific Cases Repository/LS/Inquiry Profile/Referral Source/Page_Referral Source/label_Relation to Client"), 0): Object 'Object Repository/Specific Cases Repository/LS/Inquiry Profile/Referral Source/Page_Referral Source/label_Relation to Client' is present

29-01-2025T17:09:37 - [MESSAGE][WARNING] - Timeout '0' is invalid. Using default page load timeout: '30'

29-01-2025T17:09:38 - [MESSAGE][PASSED] - Object 'Object Repository/Specific Cases Repository/LS/Inquiry Profile/Referral Source/Page_Referral Source/label_Relation to Client' is present

29-01-2025T17:09:38 - [TEST_STEP][PASSED] - verifyElementText(findTestObject("Object Repository/Specific Cases Repository/LS/Inquiry Profile/Referral Source/Page_Referral Source/label_Use as Emergency Contact"), "Use as Emergency Contact"): Actual text and expected text of test object 'Object Repository/Specific Cases Repository/LS/Inquiry Profile/Referral Source/Page_Referral Source/label_Use as Emergency Contact' are matched.

29-01-2025T17:09:38 - [MESSAGE][PASSED] - Actual text and expected text of test object 'Object Repository/Specific Cases Repository/LS/Inquiry Profile/Referral Source/Page_Referral Source/label_Use as Emergency Contact' are matched.

29-01-2025T17:09:38 - [TEST_STEP][PASSED] - verifyElementText(findTestObject("Object Repository/Specific Cases Repository/LS/Inquiry Profile/Referral Source/Page_Referral Source/label_Organization"), "Organization"): Actual text and expected text of test object 'Object Repository/Specific Cases Repository/LS/Inquiry Profile/Referral Source/Page_Referral Source/label_Organization' are matched.

29-01-2025T17:09:38 - [MESSAGE][PASSED] - Actual text and expected text of test object 'Object Repository/Specific Cases Repository/LS/Inquiry Profile/Referral Source/Page_Referral Source/label_Organization' are matched.

29-01-2025T17:09:38 - [TEST_STEP][PASSED] - verifyElementText(findTestObject("Object Repository/Specific Cases Repository/LS/Inquiry Profile/Referral Source/Page_Referral Source/label_WorkDirect Phone"), "Work/Direct Phone:"): Actual text and expected text of test object 'Object Repository/Specific Cases Repository/LS/Inquiry Profile/Referral Source/Page_Referral Source/label_WorkDirect Phone' are matched.

29-01-2025T17:09:38 - [MESSAGE][PASSED] - Actual text and expected text of test object 'Object Repository/Specific Cases Repository/LS/Inquiry Profile/Referral Source/Page_Referral Source/label_WorkDirect Phone' are matched.

29-01-2025T17:09:38 - [TEST_STEP][PASSED] - verifyElementText(findTestObject("Object Repository/Specific Cases Repository/LS/Inquiry Profile/Referral Source/Page_Referral Source/label_Office Phone"), "Office Phone:"): Actual text and expected text of test object 'Object Repository/Specific Cases Repository/LS/Inquiry Profile/Referral Source/Page_Referral Source/label_Office Phone' are matched.

29-01-2025T17:09:39 - [MESSAGE][PASSED] - Actual text and expected text of test object 'Object Repository/Specific Cases Repository/LS/Inquiry Profile/Referral Source/Page_Referral Source/label_Office Phone' are matched.

29-01-2025T17:09:39 - [TEST_STEP][PASSED] - verifyElementText(findTestObject("Object Repository/Specific Cases Repository/LS/Inquiry Profile/Referral Source/Page_Referral Source/label_Mobile Phone"), "Mobile Phone:"): Actual text and expected text of test object 'Object Repository/Specific Cases Repository/LS/Inquiry Profile/Referral Source/Page_Referral Source/label_Mobile Phone' are matched.

29-01-2025T17:09:39 - [MESSAGE][PASSED] - Actual text and expected text of test object 'Object Repository/Specific Cases Repository/LS/Inquiry Profile/Referral Source/Page_Referral Source/label_Mobile Phone' are matched.

29-01-2025T17:09:39 - [TEST_STEP][PASSED] - verifyElementText(findTestObject("Object Repository/Specific Cases Repository/LS/Inquiry Profile/Referral Source/Page_Referral Source/label_E-Mail"), "E-Mail:"): Actual text and expected text of test object 'Object Repository/Specific Cases Repository/LS/Inquiry Profile/Referral Source/Page_Referral Source/label_E-Mail' are matched.

29-01-2025T17:09:39 - [MESSAGE][PASSED] - Actual text and expected text of test object 'Object Repository/Specific Cases Repository/LS/Inquiry Profile/Referral Source/Page_Referral Source/label_E-Mail' are matched.

29-01-2025T17:09:39 - [TEST_STEP][PASSED] - verifyElementText(findTestObject("Object Repository/Specific Cases Repository/LS/Inquiry Profile/Referral Source/Page_Referral Source/label_Address"), "Address:"): Actual text and expected text of test object 'Object Repository/Specific Cases Repository/LS/Inquiry Profile/Referral Source/Page_Referral Source/label_Address' are matched.

29-01-2025T17:09:40 - [MESSAGE][PASSED] - Actual text and expected text of test object 'Object Repository/Specific Cases Repository/LS/Inquiry Profile/Referral Source/Page_Referral Source/label_Address' are matched.

29-01-2025T17:09:40 - [TEST_STEP][PASSED] - verifyElementText(findTestObject("Object Repository/Specific Cases Repository/LS/Inquiry Profile/Referral Source/Page_Referral Source/label_City"), "City:"): Actual text and expected text of test object 'Object Repository/Specific Cases Repository/LS/Inquiry Profile/Referral Source/Page_Referral Source/label_City' are matched.

29-01-2025T17:09:40 - [MESSAGE][PASSED] - Actual text and expected text of test object 'Object Repository/Specific Cases Repository/LS/Inquiry Profile/Referral Source/Page_Referral Source/label_City' are matched.

29-01-2025T17:09:40 - [TEST_STEP][PASSED] - verifyElementText(findTestObject("Object Repository/Specific Cases Repository/LS/Inquiry Profile/Referral Source/Page_Referral Source/label_State"), "State:"): Actual text and expected text of test object 'Object Repository/Specific Cases Repository/LS/Inquiry Profile/Referral Source/Page_Referral Source/label_State' are matched.

29-01-2025T17:09:40 - [MESSAGE][PASSED] - Actual text and expected text of test object 'Object Repository/Specific Cases Repository/LS/Inquiry Profile/Referral Source/Page_Referral Source/label_State' are matched.

29-01-2025T17:09:40 - [TEST_STEP][PASSED] - verifyElementText(findTestObject("Object Repository/Specific Cases Repository/LS/Inquiry Profile/Referral Source/Page_Referral Source/label_Zip"), "Zip:"): Actual text and expected text of test object 'Object Repository/Specific Cases Repository/LS/Inquiry Profile/Referral Source/Page_Referral Source/label_Zip' are matched.

29-01-2025T17:09:40 - [MESSAGE][PASSED] - Actual text and expected text of test object 'Object Repository/Specific Cases Repository/LS/Inquiry Profile/Referral Source/Page_Referral Source/label_Zip' are matched.

29-01-2025T17:09:40 - [TEST_STEP][PASSED] - verifyElementText(findTestObject("Object Repository/Specific Cases Repository/LS/Inquiry Profile/Referral Source/Page_Referral Source/label_Current Referral Source"), "Current Referral Source"): Actual text and expected text of test object 'Object Repository/Specific Cases Repository/LS/Inquiry Profile/Referral Source/Page_Referral Source/label_Current Referral Source' are matched.

29-01-2025T17:09:41 - [MESSAGE][PASSED] - Actual text and expected text of test object 'Object Repository/Specific Cases Repository/LS/Inquiry Profile/Referral Source/Page_Referral Source/label_Current Referral Source' are matched.

29-01-2025T17:09:41 - [TEST_STEP][PASSED] - verifyElementText(findTestObject("Object Repository/Specific Cases Repository/LS/Inquiry Profile/Referral Source/Page_Referral Source/label_Contact is Primary Referral Source fo_381c1e"), "Contact is Primary Referral Source for this person."): Actual text and expected text of test object 'Object Repository/Specific Cases Repository/LS/Inquiry Profile/Referral Source/Page_Referral Source/label_Contact is Primary Referral Source fo_381c1e' are matched.

29-01-2025T17:09:41 - [MESSAGE][PASSED] - Actual text and expected text of test object 'Object Repository/Specific Cases Repository/LS/Inquiry Profile/Referral Source/Page_Referral Source/label_Contact is Primary Referral Source fo_381c1e' are matched.

29-01-2025T17:09:41 - [TEST_STEP][PASSED] - click(findTestObject("Object Repository/Specific Cases Repository/LS/Inquiry Profile/Referral Source/Page_Referral Source/button_Save")): Object: 'Object Repository/Specific Cases Repository/LS/Inquiry Profile/Referral Source/Page_Referral Source/button_Save' is clicked on

29-01-2025T17:09:47 - [MESSAGE][PASSED] - Object: 'Object Repository/Specific Cases Repository/LS/Inquiry Profile/Referral Source/Page_Referral Source/button_Save' is clicked on

29-01-2025T17:09:47 - [TEST_STEP][PASSED] - verifyElementText(findTestObject("Object Repository/Specific Cases Repository/LS/Inquiry Profile/Referral Source/Page_Inquiry Profile/td_Kay Bailey"), "Kay Bailey"): Actual text and expected text of test object 'Object Repository/Specific Cases Repository/LS/Inquiry Profile/Referral Source/Page_Inquiry Profile/td_Kay Bailey' are matched.

29-01-2025T17:09:48 - [MESSAGE][PASSED] - Actual text and expected text of test object 'Object Repository/Specific Cases Repository/LS/Inquiry Profile/Referral Source/Page_Inquiry Profile/td_Kay Bailey' are matched.

29-01-2025T17:09:48 - [TEST_STEP][PASSED] - verifyElementText(findTestObject("Object Repository/Specific Cases Repository/LS/Inquiry Profile/Referral Source/Page_Inquiry Profile/td_Georgetown Behavioral Health"), "Georgetown Behavioral Health"): Actual text and expected text of test object 'Object Repository/Specific Cases Repository/LS/Inquiry Profile/Referral Source/Page_Inquiry Profile/td_Georgetown Behavioral Health' are matched.

29-01-2025T17:09:49 - [MESSAGE][PASSED] - Actual text and expected text of test object 'Object Repository/Specific Cases Repository/LS/Inquiry Profile/Referral Source/Page_Inquiry Profile/td_Georgetown Behavioral Health' are matched.

29-01-2025T17:09:49 - [TEST_STEP][PASSED] - click(findTestObject("Object Repository/Specific Cases Repository/LS/Inquiry Profile/Referral Source/Page_Inquiry Profile/i_No_fa fa-pencil")): Object: 'Object Repository/Specific Cases Repository/LS/Inquiry Profile/Referral Source/Page_Inquiry Profile/i_No_fa fa-pencil' is clicked on

29-01-2025T17:09:52 - [MESSAGE][PASSED] - Object: 'Object Repository/Specific Cases Repository/LS/Inquiry Profile/Referral Source/Page_Inquiry Profile/i_No_fa fa-pencil' is clicked on

29-01-2025T17:09:52 - [TEST_STEP][PASSED] - click(findTestObject("Object Repository/Specific Cases Repository/LS/Inquiry Profile/Referral Source/Page_Referral Source/input_Entered in Error_iseie")): Object: 'Object Repository/Specific Cases Repository/LS/Inquiry Profile/Referral Source/Page_Referral Source/input_Entered in Error_iseie' is clicked on

29-01-2025T17:09:53 - [MESSAGE][PASSED] - Object: 'Object Repository/Specific Cases Repository/LS/Inquiry Profile/Referral Source/Page_Referral Source/input_Entered in Error_iseie' is clicked on

29-01-2025T17:09:53 - [TEST_STEP][PASSED] - setText(findTestObject("Object Repository/Specific Cases Repository/LS/Inquiry Profile/Referral Source/Page_Referral Source/input_Reason_eiereason"), "automationtest"): Text 'automationtest' is set on object 'Object Repository/Specific Cases Repository/LS/Inquiry Profile/Referral Source/Page_Referral Source/input_Reason_eiereason'

29-01-2025T17:09:54 - [MESSAGE][PASSED] - Text 'automationtest' is set on object 'Object Repository/Specific Cases Repository/LS/Inquiry Profile/Referral Source/Page_Referral Source/input_Reason_eiereason'

29-01-2025T17:09:54 - [TEST_STEP][PASSED] - click(findTestObject("Object Repository/Specific Cases Repository/LS/Inquiry Profile/Referral Source/Page_Referral Source/button_Mark as Error")): Object: 'Object Repository/Specific Cases Repository/LS/Inquiry Profile/Referral Source/Page_Referral Source/button_Mark as Error' is clicked on

29-01-2025T17:09:54 - [MESSAGE][PASSED] - Object: 'Object Repository/Specific Cases Repository/LS/Inquiry Profile/Referral Source/Page_Referral Source/button_Mark as Error' is clicked on

29-01-2025T17:09:54 - [TEST_STEP][PASSED] - verifyElementNotPresent(findTestObject("Specific Cases Repository/LS/Inquiry Profile/Referral Source/Page_Inquiry Profile/td_Kay Bailey"), 0): Web element with id: 'Object Repository/Specific Cases Repository/LS/Inquiry Profile/Referral Source/Page_Inquiry Profile/td_Kay Bailey' located by 'By.xpath: //table[@id='tblrefsrcs']/tbody/tr/td[2]' is not present after '30' second(s)

29-01-2025T17:09:54 - [MESSAGE][WARNING] - Timeout '0' is invalid. Using default page load timeout: '30'

29-01-2025T17:10:00 - [MESSAGE][PASSED] - Web element with id: 'Object Repository/Specific Cases Repository/LS/Inquiry Profile/Referral Source/Page_Inquiry Profile/td_Kay Bailey' located by 'By.xpath: //table[@id='tblrefsrcs']/tbody/tr/td[2]' is not present after '30' second(s)

29-01-2025T17:10:00 - [TEST_STEP][PASSED] - closeBrowser(): Browser is closed

29-01-2025T17:10:00 - [MESSAGE][PASSED] - Browser is closed]]></system-out>
         <system-err><![CDATA[]]></system-err>
      </testcase>
      <testcase name="Test Cases/Specific Cases/LS/Inquiry Profile/Consents" time="86.34" classname="Test Cases/Specific Cases/LS/Inquiry Profile/Consents" status="PASSED">
         <system-out><![CDATA[29-01-2025T17:10:00 - [TEST_CASE][PASSED] - Test Cases/Specific Cases/LS/Inquiry Profile/Consents: Test Cases/Specific Cases/LS/Inquiry Profile/Consents

29-01-2025T17:10:00 - [TEST_STEP][PASSED] - callTestCase(findTestCase("Common Cases/Login"), [:], STOP_ON_FAILURE): Call Test Case 'Test Cases/Common Cases/Login' successfully

29-01-2025T17:10:00 - [TEST_CASE][PASSED] - Test Cases/Common Cases/Login: Test Cases/Common Cases/Login

29-01-2025T17:10:00 - [TEST_STEP][PASSED] - openBrowser(""): Browser is opened with url: ''

29-01-2025T17:10:00 - [MESSAGE][INFO] - Starting 'Chrome' driver

29-01-2025T17:10:00 - [MESSAGE][INFO] - Action delay is set to 0 milliseconds

29-01-2025T17:10:01 - [MESSAGE][PASSED] - Browser is opened with url: ''

29-01-2025T17:10:01 - [TEST_STEP][PASSED] - maximizeWindow(): Current window maximized

29-01-2025T17:10:01 - [MESSAGE][PASSED] - Current window maximized

29-01-2025T17:10:01 - [TEST_STEP][PASSED] - navigateToUrl("https://site17.lsapp.cloud/auth/login"): Navigate to 'https://site17.lsapp.cloud/auth/login' successfully

29-01-2025T17:10:10 - [MESSAGE][PASSED] - Navigate to 'https://site17.lsapp.cloud/auth/login' successfully

29-01-2025T17:10:10 - [TEST_STEP][PASSED] - setText(findTestObject("Object Repository/Common Cases Repository/Login/Page_Lightning Step/input_Email_email"), "automation@lightningstep.com"): Text 'automation@lightningstep.com' is set on object 'Object Repository/Common Cases Repository/Login/Page_Lightning Step/input_Email_email'

29-01-2025T17:10:11 - [MESSAGE][PASSED] - Text 'automation@lightningstep.com' is set on object 'Object Repository/Common Cases Repository/Login/Page_Lightning Step/input_Email_email'

29-01-2025T17:10:11 - [TEST_STEP][PASSED] - setEncryptedText(findTestObject("Object Repository/Common Cases Repository/Login/Page_Lightning Step/input_Password_password"), "e5N8VHmnhJDITtQaQhDQDw=="): Text ****** has been set on object 'Object Repository/Common Cases Repository/Login/Page_Lightning Step/input_Password_password'

29-01-2025T17:10:11 - [MESSAGE][PASSED] - Text ****** has been set on object 'Object Repository/Common Cases Repository/Login/Page_Lightning Step/input_Password_password'

29-01-2025T17:10:11 - [TEST_STEP][PASSED] - click(findTestObject("Object Repository/Common Cases Repository/Login/Page_Lightning Step/button_Sign in")): Object: 'Object Repository/Common Cases Repository/Login/Page_Lightning Step/button_Sign in' is clicked on

29-01-2025T17:10:24 - [MESSAGE][PASSED] - Object: 'Object Repository/Common Cases Repository/Login/Page_Lightning Step/button_Sign in' is clicked on

29-01-2025T17:10:24 - [MESSAGE][PASSED] - Call Test Case 'Test Cases/Common Cases/Login' successfully

29-01-2025T17:10:24 - [TEST_STEP][PASSED] - click(findTestObject("Object Repository/Specific Cases Repository/LS/Inquiry Profile/Consents/Page_Home/a_Census")): Object: 'Object Repository/Specific Cases Repository/LS/Inquiry Profile/Consents/Page_Home/a_Census' is clicked on

29-01-2025T17:10:25 - [MESSAGE][PASSED] - Object: 'Object Repository/Specific Cases Repository/LS/Inquiry Profile/Consents/Page_Home/a_Census' is clicked on

29-01-2025T17:10:25 - [TEST_STEP][PASSED] - click(findTestObject("Object Repository/Specific Cases Repository/LS/Inquiry Profile/Consents/Page_Home/a_C Automation, C Client")): Object: 'Object Repository/Specific Cases Repository/LS/Inquiry Profile/Consents/Page_Home/a_C Automation, C Client' is clicked on

29-01-2025T17:10:37 - [MESSAGE][PASSED] - Object: 'Object Repository/Specific Cases Repository/LS/Inquiry Profile/Consents/Page_Home/a_C Automation, C Client' is clicked on

29-01-2025T17:10:37 - [TEST_STEP][PASSED] - navigateToUrl("https://site17.lsapp.cloud/client/index/1558?section=clientprofile"): Navigate to 'https://site17.lsapp.cloud/client/index/1558?section=clientprofile' successfully

29-01-2025T17:10:45 - [MESSAGE][PASSED] - Navigate to 'https://site17.lsapp.cloud/client/index/1558?section=clientprofile' successfully

29-01-2025T17:10:45 - [TEST_STEP][PASSED] - click(findTestObject("Object Repository/Specific Cases Repository/LS/Inquiry Profile/Consents/Page_Client Profile/div_Inquiry Profile")): Object: 'Object Repository/Specific Cases Repository/LS/Inquiry Profile/Consents/Page_Client Profile/div_Inquiry Profile' is clicked on

29-01-2025T17:10:53 - [MESSAGE][PASSED] - Object: 'Object Repository/Specific Cases Repository/LS/Inquiry Profile/Consents/Page_Client Profile/div_Inquiry Profile' is clicked on

29-01-2025T17:10:53 - [TEST_STEP][PASSED] - click(findTestObject("Object Repository/Specific Cases Repository/LS/Inquiry Profile/Consents/Page_Inquiry Profile/a_Consents")): Object: 'Object Repository/Specific Cases Repository/LS/Inquiry Profile/Consents/Page_Inquiry Profile/a_Consents' is clicked on

29-01-2025T17:10:55 - [MESSAGE][PASSED] - Object: 'Object Repository/Specific Cases Repository/LS/Inquiry Profile/Consents/Page_Inquiry Profile/a_Consents' is clicked on

29-01-2025T17:10:55 - [TEST_STEP][PASSED] - click(findTestObject("Object Repository/Specific Cases Repository/LS/Inquiry Profile/Consents/Page_Inquiry Profile/span_Show State Specific Consents_caret")): Object: 'Object Repository/Specific Cases Repository/LS/Inquiry Profile/Consents/Page_Inquiry Profile/span_Show State Specific Consents_caret' is clicked on

29-01-2025T17:10:55 - [MESSAGE][PASSED] - Object: 'Object Repository/Specific Cases Repository/LS/Inquiry Profile/Consents/Page_Inquiry Profile/span_Show State Specific Consents_caret' is clicked on

29-01-2025T17:10:55 - [TEST_STEP][PASSED] - verifyElementText(findTestObject("Object Repository/Specific Cases Repository/LS/Inquiry Profile/Consents/Page_Inquiry Profile/a_Bill of Rights"), "Bill of Rights"): Actual text and expected text of test object 'Object Repository/Specific Cases Repository/LS/Inquiry Profile/Consents/Page_Inquiry Profile/a_Bill of Rights' are matched.

29-01-2025T17:10:56 - [MESSAGE][PASSED] - Actual text and expected text of test object 'Object Repository/Specific Cases Repository/LS/Inquiry Profile/Consents/Page_Inquiry Profile/a_Bill of Rights' are matched.

29-01-2025T17:10:56 - [TEST_STEP][PASSED] - selectOptionByValue(findTestObject("Object Repository/Specific Cases Repository/LS/Inquiry Profile/Consents/Page_Inquiry Profile/select_--Select-State--                    _508ebd"), "CA", true): All options with value 'CA' are selected in object 'Object Repository/Specific Cases Repository/LS/Inquiry Profile/Consents/Page_Inquiry Profile/select_--Select-State--                    _508ebd'  using regular expression

29-01-2025T17:10:57 - [MESSAGE][PASSED] - All options with value 'CA' are selected in object 'Object Repository/Specific Cases Repository/LS/Inquiry Profile/Consents/Page_Inquiry Profile/select_--Select-State--                    _508ebd'  using regular expression

29-01-2025T17:10:57 - [TEST_STEP][PASSED] - click(findTestObject("Object Repository/Specific Cases Repository/LS/Inquiry Profile/Consents/Page_Inquiry Profile/span_Show State Specific Consents_caret")): Object: 'Object Repository/Specific Cases Repository/LS/Inquiry Profile/Consents/Page_Inquiry Profile/span_Show State Specific Consents_caret' is clicked on

29-01-2025T17:10:58 - [MESSAGE][PASSED] - Object: 'Object Repository/Specific Cases Repository/LS/Inquiry Profile/Consents/Page_Inquiry Profile/span_Show State Specific Consents_caret' is clicked on

29-01-2025T17:10:58 - [TEST_STEP][PASSED] - verifyElementNotPresent(findTestObject("Object Repository/Specific Cases Repository/LS/Inquiry Profile/Consents/Page_Inquiry Profile/a_Bill of Rights"), 0): Web element with id: 'Object Repository/Specific Cases Repository/LS/Inquiry Profile/Consents/Page_Inquiry Profile/a_Bill of Rights' located by 'By.xpath: //ul[@id='consentselect']/li[7]/a' is not present after '30' second(s)

29-01-2025T17:10:58 - [MESSAGE][WARNING] - Timeout '0' is invalid. Using default page load timeout: '30'

29-01-2025T17:10:58 - [MESSAGE][PASSED] - Web element with id: 'Object Repository/Specific Cases Repository/LS/Inquiry Profile/Consents/Page_Inquiry Profile/a_Bill of Rights' located by 'By.xpath: //ul[@id='consentselect']/li[7]/a' is not present after '30' second(s)

29-01-2025T17:10:58 - [TEST_STEP][PASSED] - verifyElementText(findTestObject("Object Repository/Specific Cases Repository/LS/Inquiry Profile/Consents/Page_Inquiry Profile/a_Grievance Procedure (CFF)"), "Grievance Procedure (CFF)"): Actual text and expected text of test object 'Object Repository/Specific Cases Repository/LS/Inquiry Profile/Consents/Page_Inquiry Profile/a_Grievance Procedure (CFF)' are matched.

29-01-2025T17:10:58 - [MESSAGE][PASSED] - Actual text and expected text of test object 'Object Repository/Specific Cases Repository/LS/Inquiry Profile/Consents/Page_Inquiry Profile/a_Grievance Procedure (CFF)' are matched.

29-01-2025T17:10:58 - [TEST_STEP][PASSED] - click(findTestObject("Object Repository/Specific Cases Repository/LS/Inquiry Profile/Consents/Page_Inquiry Profile/i_add")): Object: 'Object Repository/Specific Cases Repository/LS/Inquiry Profile/Consents/Page_Inquiry Profile/i_add' is clicked on

29-01-2025T17:10:59 - [MESSAGE][PASSED] - Object: 'Object Repository/Specific Cases Repository/LS/Inquiry Profile/Consents/Page_Inquiry Profile/i_add' is clicked on

29-01-2025T17:10:59 - [TEST_STEP][PASSED] - click(findTestObject("Object Repository/Specific Cases Repository/LS/Inquiry Profile/Consents/Page_Inquiry Profile/input_Select All_checkall")): Object: 'Object Repository/Specific Cases Repository/LS/Inquiry Profile/Consents/Page_Inquiry Profile/input_Select All_checkall' is clicked on

29-01-2025T17:10:59 - [MESSAGE][PASSED] - Object: 'Object Repository/Specific Cases Repository/LS/Inquiry Profile/Consents/Page_Inquiry Profile/input_Select All_checkall' is clicked on

29-01-2025T17:10:59 - [TEST_STEP][PASSED] - verifyElementText(findTestObject("Object Repository/Specific Cases Repository/LS/Inquiry Profile/Consents/Page_Inquiry Profile/td_Admission Agreement"), "Admission Agreement"): Actual text and expected text of test object 'Object Repository/Specific Cases Repository/LS/Inquiry Profile/Consents/Page_Inquiry Profile/td_Admission Agreement' are matched.

29-01-2025T17:11:00 - [MESSAGE][PASSED] - Actual text and expected text of test object 'Object Repository/Specific Cases Repository/LS/Inquiry Profile/Consents/Page_Inquiry Profile/td_Admission Agreement' are matched.

29-01-2025T17:11:00 - [TEST_STEP][PASSED] - verifyElementText(findTestObject("Object Repository/Specific Cases Repository/LS/Inquiry Profile/Consents/Page_Inquiry Profile/td_Consent for Telemedicine"), "Consent for Telemedicine"): Actual text and expected text of test object 'Object Repository/Specific Cases Repository/LS/Inquiry Profile/Consents/Page_Inquiry Profile/td_Consent for Telemedicine' are matched.

29-01-2025T17:11:00 - [MESSAGE][PASSED] - Actual text and expected text of test object 'Object Repository/Specific Cases Repository/LS/Inquiry Profile/Consents/Page_Inquiry Profile/td_Consent for Telemedicine' are matched.

29-01-2025T17:11:00 - [TEST_STEP][PASSED] - verifyElementText(findTestObject("Object Repository/Specific Cases Repository/LS/Inquiry Profile/Consents/Page_Inquiry Profile/td_Telemedicine Consent"), "Telemedicine Consent"): Actual text and expected text of test object 'Object Repository/Specific Cases Repository/LS/Inquiry Profile/Consents/Page_Inquiry Profile/td_Telemedicine Consent' are matched.

29-01-2025T17:11:00 - [MESSAGE][PASSED] - Actual text and expected text of test object 'Object Repository/Specific Cases Repository/LS/Inquiry Profile/Consents/Page_Inquiry Profile/td_Telemedicine Consent' are matched.

29-01-2025T17:11:00 - [TEST_STEP][PASSED] - verifyElementText(findTestObject("Object Repository/Specific Cases Repository/LS/Inquiry Profile/Consents/Page_Inquiry Profile/td_Authorization to Charge"), "Authorization to Charge"): Actual text and expected text of test object 'Object Repository/Specific Cases Repository/LS/Inquiry Profile/Consents/Page_Inquiry Profile/td_Authorization to Charge' are matched.

29-01-2025T17:11:01 - [MESSAGE][PASSED] - Actual text and expected text of test object 'Object Repository/Specific Cases Repository/LS/Inquiry Profile/Consents/Page_Inquiry Profile/td_Authorization to Charge' are matched.

29-01-2025T17:11:01 - [TEST_STEP][PASSED] - click(findTestObject("Object Repository/Specific Cases Repository/LS/Inquiry Profile/Consents/Page_Inquiry Profile/input_Select All_checkall")): Object: 'Object Repository/Specific Cases Repository/LS/Inquiry Profile/Consents/Page_Inquiry Profile/input_Select All_checkall' is clicked on

29-01-2025T17:11:01 - [MESSAGE][PASSED] - Object: 'Object Repository/Specific Cases Repository/LS/Inquiry Profile/Consents/Page_Inquiry Profile/input_Select All_checkall' is clicked on

29-01-2025T17:11:01 - [TEST_STEP][PASSED] - click(findTestObject("Object Repository/Specific Cases Repository/LS/Inquiry Profile/Consents/Page_Inquiry Profile/input_Consent for Telemedicine_admission_consents")): Object: 'Object Repository/Specific Cases Repository/LS/Inquiry Profile/Consents/Page_Inquiry Profile/input_Consent for Telemedicine_admission_consents' is clicked on

29-01-2025T17:11:01 - [MESSAGE][PASSED] - Object: 'Object Repository/Specific Cases Repository/LS/Inquiry Profile/Consents/Page_Inquiry Profile/input_Consent for Telemedicine_admission_consents' is clicked on

29-01-2025T17:11:01 - [TEST_STEP][PASSED] - click(findTestObject("Object Repository/Specific Cases Repository/LS/Inquiry Profile/Consents/Page_Inquiry Profile/button_Generate")): Object: 'Object Repository/Specific Cases Repository/LS/Inquiry Profile/Consents/Page_Inquiry Profile/button_Generate' is clicked on

29-01-2025T17:11:02 - [MESSAGE][PASSED] - Object: 'Object Repository/Specific Cases Repository/LS/Inquiry Profile/Consents/Page_Inquiry Profile/button_Generate' is clicked on

29-01-2025T17:11:02 - [TEST_STEP][PASSED] - setText(findTestObject("Object Repository/Specific Cases Repository/LS/Inquiry Profile/Consents/Page_Informed Consent for Treatment/input_Condition Treated_primarydx"), "Automation addiction"): Text 'Automation addiction' is set on object 'Object Repository/Specific Cases Repository/LS/Inquiry Profile/Consents/Page_Informed Consent for Treatment/input_Condition Treated_primarydx'

29-01-2025T17:11:09 - [MESSAGE][PASSED] - Text 'Automation addiction' is set on object 'Object Repository/Specific Cases Repository/LS/Inquiry Profile/Consents/Page_Informed Consent for Treatment/input_Condition Treated_primarydx'

29-01-2025T17:11:09 - [TEST_STEP][PASSED] - selectOptionByValue(findTestObject("Object Repository/Specific Cases Repository/LS/Inquiry Profile/Consents/Page_Informed Consent for Treatment/select_Outpatient                          _0508f1"), "Detoxification", true): All options with value 'Detoxification' are selected in object 'Object Repository/Specific Cases Repository/LS/Inquiry Profile/Consents/Page_Informed Consent for Treatment/select_Outpatient                          _0508f1'  using regular expression

29-01-2025T17:11:11 - [MESSAGE][PASSED] - All options with value 'Detoxification' are selected in object 'Object Repository/Specific Cases Repository/LS/Inquiry Profile/Consents/Page_Informed Consent for Treatment/select_Outpatient                          _0508f1'  using regular expression

29-01-2025T17:11:11 - [TEST_STEP][PASSED] - click(findTestObject("Object Repository/Specific Cases Repository/LS/Inquiry Profile/Consents/Page_Informed Consent for Treatment/canvas_Sign with TopazReset_jSignature")): Object: 'Object Repository/Specific Cases Repository/LS/Inquiry Profile/Consents/Page_Informed Consent for Treatment/canvas_Sign with TopazReset_jSignature' is clicked on

29-01-2025T17:11:12 - [MESSAGE][PASSED] - Object: 'Object Repository/Specific Cases Repository/LS/Inquiry Profile/Consents/Page_Informed Consent for Treatment/canvas_Sign with TopazReset_jSignature' is clicked on

29-01-2025T17:11:12 - [TEST_STEP][PASSED] - click(findTestObject("Object Repository/Specific Cases Repository/LS/Inquiry Profile/Consents/Page_Informed Consent for Treatment/canvas_Sign with TopazReset_jSignature")): Object: 'Object Repository/Specific Cases Repository/LS/Inquiry Profile/Consents/Page_Informed Consent for Treatment/canvas_Sign with TopazReset_jSignature' is clicked on

29-01-2025T17:11:13 - [MESSAGE][PASSED] - Object: 'Object Repository/Specific Cases Repository/LS/Inquiry Profile/Consents/Page_Informed Consent for Treatment/canvas_Sign with TopazReset_jSignature' is clicked on

29-01-2025T17:11:13 - [TEST_STEP][PASSED] - click(findTestObject("Object Repository/Specific Cases Repository/LS/Inquiry Profile/Consents/Page_Informed Consent for Treatment/canvas_Sign with TopazReset_jSignature")): Object: 'Object Repository/Specific Cases Repository/LS/Inquiry Profile/Consents/Page_Informed Consent for Treatment/canvas_Sign with TopazReset_jSignature' is clicked on

29-01-2025T17:11:13 - [MESSAGE][PASSED] - Object: 'Object Repository/Specific Cases Repository/LS/Inquiry Profile/Consents/Page_Informed Consent for Treatment/canvas_Sign with TopazReset_jSignature' is clicked on

29-01-2025T17:11:13 - [TEST_STEP][PASSED] - click(findTestObject("Object Repository/Specific Cases Repository/LS/Inquiry Profile/Consents/Page_Informed Consent for Treatment/span_Sign and Lock_check")): Object: 'Object Repository/Specific Cases Repository/LS/Inquiry Profile/Consents/Page_Informed Consent for Treatment/span_Sign and Lock_check' is clicked on

29-01-2025T17:11:13 - [MESSAGE][PASSED] - Object: 'Object Repository/Specific Cases Repository/LS/Inquiry Profile/Consents/Page_Informed Consent for Treatment/span_Sign and Lock_check' is clicked on

29-01-2025T17:11:13 - [TEST_STEP][PASSED] - click(findTestObject("Object Repository/Specific Cases Repository/LS/Inquiry Profile/Consents/Page_Informed Consent for Treatment/button_Save")): Object: 'Object Repository/Specific Cases Repository/LS/Inquiry Profile/Consents/Page_Informed Consent for Treatment/button_Save' is clicked on

29-01-2025T17:11:19 - [MESSAGE][PASSED] - Object: 'Object Repository/Specific Cases Repository/LS/Inquiry Profile/Consents/Page_Informed Consent for Treatment/button_Save' is clicked on

29-01-2025T17:11:19 - [TEST_STEP][PASSED] - click(findTestObject("Object Repository/Specific Cases Repository/LS/Inquiry Profile/Consents/Page_Inquiry Profile/a_Consents")): Object: 'Object Repository/Specific Cases Repository/LS/Inquiry Profile/Consents/Page_Inquiry Profile/a_Consents' is clicked on

29-01-2025T17:11:20 - [MESSAGE][PASSED] - Object: 'Object Repository/Specific Cases Repository/LS/Inquiry Profile/Consents/Page_Inquiry Profile/a_Consents' is clicked on

29-01-2025T17:11:20 - [TEST_STEP][PASSED] - verifyElementText(findTestObject("Object Repository/Specific Cases Repository/LS/Inquiry Profile/Consents/Page_Inquiry Profile/td_Consent for Treatment"), "Consent for Treatment"): Actual text and expected text of test object 'Object Repository/Specific Cases Repository/LS/Inquiry Profile/Consents/Page_Inquiry Profile/td_Consent for Treatment' are matched.

29-01-2025T17:11:21 - [MESSAGE][PASSED] - Actual text and expected text of test object 'Object Repository/Specific Cases Repository/LS/Inquiry Profile/Consents/Page_Inquiry Profile/td_Consent for Treatment' are matched.

29-01-2025T17:11:21 - [TEST_STEP][PASSED] - verifyElementText(findTestObject("Object Repository/Specific Cases Repository/LS/Inquiry Profile/Consents/Page_Inquiry Profile/td_Signed"), "Signed"): Actual text and expected text of test object 'Object Repository/Specific Cases Repository/LS/Inquiry Profile/Consents/Page_Inquiry Profile/td_Signed' are matched.

29-01-2025T17:11:21 - [MESSAGE][PASSED] - Actual text and expected text of test object 'Object Repository/Specific Cases Repository/LS/Inquiry Profile/Consents/Page_Inquiry Profile/td_Signed' are matched.

29-01-2025T17:11:21 - [TEST_STEP][PASSED] - click(findTestObject("Object Repository/Specific Cases Repository/LS/Inquiry Profile/Consents/Page_Inquiry Profile/a_Signed_btn btn-primary btn-raised btn-sm")): Object: 'Object Repository/Specific Cases Repository/LS/Inquiry Profile/Consents/Page_Inquiry Profile/a_Signed_btn btn-primary btn-raised btn-sm' is clicked on

29-01-2025T17:11:24 - [MESSAGE][PASSED] - Object: 'Object Repository/Specific Cases Repository/LS/Inquiry Profile/Consents/Page_Inquiry Profile/a_Signed_btn btn-primary btn-raised btn-sm' is clicked on

29-01-2025T17:11:24 - [TEST_STEP][PASSED] - click(findTestObject("Object Repository/Specific Cases Repository/LS/Inquiry Profile/Consents/Page_Informed Consent for Treatment/input_Entered in Error_iseie")): Object: 'Object Repository/Specific Cases Repository/LS/Inquiry Profile/Consents/Page_Informed Consent for Treatment/input_Entered in Error_iseie' is clicked on

29-01-2025T17:11:25 - [MESSAGE][PASSED] - Object: 'Object Repository/Specific Cases Repository/LS/Inquiry Profile/Consents/Page_Informed Consent for Treatment/input_Entered in Error_iseie' is clicked on

29-01-2025T17:11:25 - [TEST_STEP][PASSED] - setText(findTestObject("Object Repository/Specific Cases Repository/LS/Inquiry Profile/Consents/Page_Informed Consent for Treatment/input_Reason_eiereason"), "automation"): Text 'automation' is set on object 'Object Repository/Specific Cases Repository/LS/Inquiry Profile/Consents/Page_Informed Consent for Treatment/input_Reason_eiereason'

29-01-2025T17:11:26 - [MESSAGE][PASSED] - Text 'automation' is set on object 'Object Repository/Specific Cases Repository/LS/Inquiry Profile/Consents/Page_Informed Consent for Treatment/input_Reason_eiereason'

29-01-2025T17:11:26 - [TEST_STEP][PASSED] - click(findTestObject("Object Repository/Specific Cases Repository/LS/Inquiry Profile/Consents/Page_Informed Consent for Treatment/button_Mark as Error")): Object: 'Object Repository/Specific Cases Repository/LS/Inquiry Profile/Consents/Page_Informed Consent for Treatment/button_Mark as Error' is clicked on

29-01-2025T17:11:26 - [MESSAGE][PASSED] - Object: 'Object Repository/Specific Cases Repository/LS/Inquiry Profile/Consents/Page_Informed Consent for Treatment/button_Mark as Error' is clicked on

29-01-2025T17:11:26 - [TEST_STEP][PASSED] - closeBrowser(): Browser is closed

29-01-2025T17:11:26 - [MESSAGE][PASSED] - Browser is closed]]></system-out>
         <system-err><![CDATA[]]></system-err>
      </testcase>
      <testcase name="Test Cases/Specific Cases/LS/Inquiry Profile/Contacts" time="78.586" classname="Test Cases/Specific Cases/LS/Inquiry Profile/Contacts" status="PASSED">
         <system-out><![CDATA[29-01-2025T17:11:26 - [TEST_CASE][PASSED] - Test Cases/Specific Cases/LS/Inquiry Profile/Contacts: Test Cases/Specific Cases/LS/Inquiry Profile/Contacts

29-01-2025T17:11:26 - [TEST_STEP][PASSED] - callTestCase(findTestCase("Common Cases/Login"), [:], STOP_ON_FAILURE): Call Test Case 'Test Cases/Common Cases/Login' successfully

29-01-2025T17:11:26 - [TEST_CASE][PASSED] - Test Cases/Common Cases/Login: Test Cases/Common Cases/Login

29-01-2025T17:11:26 - [TEST_STEP][PASSED] - openBrowser(""): Browser is opened with url: ''

29-01-2025T17:11:26 - [MESSAGE][INFO] - Starting 'Chrome' driver

29-01-2025T17:11:26 - [MESSAGE][INFO] - Action delay is set to 0 milliseconds

29-01-2025T17:11:27 - [MESSAGE][PASSED] - Browser is opened with url: ''

29-01-2025T17:11:27 - [TEST_STEP][PASSED] - maximizeWindow(): Current window maximized

29-01-2025T17:11:27 - [MESSAGE][PASSED] - Current window maximized

29-01-2025T17:11:27 - [TEST_STEP][PASSED] - navigateToUrl("https://site17.lsapp.cloud/auth/login"): Navigate to 'https://site17.lsapp.cloud/auth/login' successfully

29-01-2025T17:11:31 - [MESSAGE][PASSED] - Navigate to 'https://site17.lsapp.cloud/auth/login' successfully

29-01-2025T17:11:31 - [TEST_STEP][PASSED] - setText(findTestObject("Object Repository/Common Cases Repository/Login/Page_Lightning Step/input_Email_email"), "automation@lightningstep.com"): Text 'automation@lightningstep.com' is set on object 'Object Repository/Common Cases Repository/Login/Page_Lightning Step/input_Email_email'

29-01-2025T17:11:32 - [MESSAGE][PASSED] - Text 'automation@lightningstep.com' is set on object 'Object Repository/Common Cases Repository/Login/Page_Lightning Step/input_Email_email'

29-01-2025T17:11:32 - [TEST_STEP][PASSED] - setEncryptedText(findTestObject("Object Repository/Common Cases Repository/Login/Page_Lightning Step/input_Password_password"), "e5N8VHmnhJDITtQaQhDQDw=="): Text ****** has been set on object 'Object Repository/Common Cases Repository/Login/Page_Lightning Step/input_Password_password'

29-01-2025T17:11:33 - [MESSAGE][PASSED] - Text ****** has been set on object 'Object Repository/Common Cases Repository/Login/Page_Lightning Step/input_Password_password'

29-01-2025T17:11:33 - [TEST_STEP][PASSED] - click(findTestObject("Object Repository/Common Cases Repository/Login/Page_Lightning Step/button_Sign in")): Object: 'Object Repository/Common Cases Repository/Login/Page_Lightning Step/button_Sign in' is clicked on

29-01-2025T17:11:41 - [MESSAGE][PASSED] - Object: 'Object Repository/Common Cases Repository/Login/Page_Lightning Step/button_Sign in' is clicked on

29-01-2025T17:11:41 - [MESSAGE][PASSED] - Call Test Case 'Test Cases/Common Cases/Login' successfully

29-01-2025T17:11:41 - [TEST_STEP][PASSED] - click(findTestObject("Object Repository/Specific Cases Repository/LS/Inquiry Profile/Contacts/Page_Home/a_Census")): Object: 'Object Repository/Specific Cases Repository/LS/Inquiry Profile/Contacts/Page_Home/a_Census' is clicked on

29-01-2025T17:11:47 - [MESSAGE][PASSED] - Object: 'Object Repository/Specific Cases Repository/LS/Inquiry Profile/Contacts/Page_Home/a_Census' is clicked on

29-01-2025T17:11:47 - [TEST_STEP][PASSED] - click(findTestObject("Object Repository/Specific Cases Repository/LS/Inquiry Profile/Contacts/Page_Home/a_B Automation, B Client")): Object: 'Object Repository/Specific Cases Repository/LS/Inquiry Profile/Contacts/Page_Home/a_B Automation, B Client' is clicked on

29-01-2025T17:12:01 - [MESSAGE][PASSED] - Object: 'Object Repository/Specific Cases Repository/LS/Inquiry Profile/Contacts/Page_Home/a_B Automation, B Client' is clicked on

29-01-2025T17:12:01 - [TEST_STEP][PASSED] - click(findTestObject("Object Repository/Specific Cases Repository/LS/Inquiry Profile/Contacts/Page_Client Profile/a_person                    Inquiry Profile")): Object: 'Object Repository/Specific Cases Repository/LS/Inquiry Profile/Contacts/Page_Client Profile/a_person                    Inquiry Profile' is clicked on

29-01-2025T17:12:09 - [MESSAGE][PASSED] - Object: 'Object Repository/Specific Cases Repository/LS/Inquiry Profile/Contacts/Page_Client Profile/a_person                    Inquiry Profile' is clicked on

29-01-2025T17:12:09 - [TEST_STEP][PASSED] - click(findTestObject("Object Repository/Specific Cases Repository/LS/Inquiry Profile/Contacts/Page_Inquiry Profile/a_Contacts")): Object: 'Object Repository/Specific Cases Repository/LS/Inquiry Profile/Contacts/Page_Inquiry Profile/a_Contacts' is clicked on

29-01-2025T17:12:11 - [MESSAGE][PASSED] - Object: 'Object Repository/Specific Cases Repository/LS/Inquiry Profile/Contacts/Page_Inquiry Profile/a_Contacts' is clicked on

29-01-2025T17:12:11 - [TEST_STEP][PASSED] - click(findTestObject("Object Repository/Specific Cases Repository/LS/Inquiry Profile/Contacts/Page_Inquiry Profile/i_add")): Object: 'Object Repository/Specific Cases Repository/LS/Inquiry Profile/Contacts/Page_Inquiry Profile/i_add' is clicked on

29-01-2025T17:12:15 - [MESSAGE][PASSED] - Object: 'Object Repository/Specific Cases Repository/LS/Inquiry Profile/Contacts/Page_Inquiry Profile/i_add' is clicked on

29-01-2025T17:12:15 - [TEST_STEP][PASSED] - setText(findTestObject("Object Repository/Specific Cases Repository/LS/Inquiry Profile/Contacts/Page_Contact/input_First Name_fname"), "B Parent"): Text 'B Parent' is set on object 'Object Repository/Specific Cases Repository/LS/Inquiry Profile/Contacts/Page_Contact/input_First Name_fname'

29-01-2025T17:12:16 - [MESSAGE][PASSED] - Text 'B Parent' is set on object 'Object Repository/Specific Cases Repository/LS/Inquiry Profile/Contacts/Page_Contact/input_First Name_fname'

29-01-2025T17:12:16 - [TEST_STEP][PASSED] - setText(findTestObject("Object Repository/Specific Cases Repository/LS/Inquiry Profile/Contacts/Page_Contact/input_Last Name_lname"), "B Client"): Text 'B Client' is set on object 'Object Repository/Specific Cases Repository/LS/Inquiry Profile/Contacts/Page_Contact/input_Last Name_lname'

29-01-2025T17:12:16 - [MESSAGE][PASSED] - Text 'B Client' is set on object 'Object Repository/Specific Cases Repository/LS/Inquiry Profile/Contacts/Page_Contact/input_Last Name_lname'

29-01-2025T17:12:16 - [TEST_STEP][PASSED] - setText(findTestObject("Object Repository/Specific Cases Repository/LS/Inquiry Profile/Contacts/Page_Contact/input_Relation to Client_reltoclient"), "Parent or Guardian"): Text 'Parent or Guardian' is set on object 'Object Repository/Specific Cases Repository/LS/Inquiry Profile/Contacts/Page_Contact/input_Relation to Client_reltoclient'

29-01-2025T17:12:17 - [MESSAGE][PASSED] - Text 'Parent or Guardian' is set on object 'Object Repository/Specific Cases Repository/LS/Inquiry Profile/Contacts/Page_Contact/input_Relation to Client_reltoclient'

29-01-2025T17:12:17 - [TEST_STEP][PASSED] - click(findTestObject("Object Repository/Specific Cases Repository/LS/Inquiry Profile/Contacts/Page_Contact/span_Use as Emergency Contact_check")): Object: 'Object Repository/Specific Cases Repository/LS/Inquiry Profile/Contacts/Page_Contact/span_Use as Emergency Contact_check' is clicked on

29-01-2025T17:12:17 - [MESSAGE][PASSED] - Object: 'Object Repository/Specific Cases Repository/LS/Inquiry Profile/Contacts/Page_Contact/span_Use as Emergency Contact_check' is clicked on

29-01-2025T17:12:17 - [TEST_STEP][PASSED] - click(findTestObject("Object Repository/Specific Cases Repository/LS/Inquiry Profile/Contacts/Page_Contact/span_Parent or Guardian_check")): Object: 'Object Repository/Specific Cases Repository/LS/Inquiry Profile/Contacts/Page_Contact/span_Parent or Guardian_check' is clicked on

29-01-2025T17:12:18 - [MESSAGE][PASSED] - Object: 'Object Repository/Specific Cases Repository/LS/Inquiry Profile/Contacts/Page_Contact/span_Parent or Guardian_check' is clicked on

29-01-2025T17:12:18 - [TEST_STEP][PASSED] - click(findTestObject("Object Repository/Specific Cases Repository/LS/Inquiry Profile/Contacts/Page_Contact/span_Legally Entitled to Sign Consents_check")): Object: 'Object Repository/Specific Cases Repository/LS/Inquiry Profile/Contacts/Page_Contact/span_Legally Entitled to Sign Consents_check' is clicked on

29-01-2025T17:12:18 - [MESSAGE][PASSED] - Object: 'Object Repository/Specific Cases Repository/LS/Inquiry Profile/Contacts/Page_Contact/span_Legally Entitled to Sign Consents_check' is clicked on

29-01-2025T17:12:18 - [TEST_STEP][PASSED] - click(findTestObject("Object Repository/Specific Cases Repository/LS/Inquiry Profile/Contacts/Page_Contact/span_Same Address as Client_check")): Object: 'Object Repository/Specific Cases Repository/LS/Inquiry Profile/Contacts/Page_Contact/span_Same Address as Client_check' is clicked on

29-01-2025T17:12:18 - [MESSAGE][PASSED] - Object: 'Object Repository/Specific Cases Repository/LS/Inquiry Profile/Contacts/Page_Contact/span_Same Address as Client_check' is clicked on

29-01-2025T17:12:18 - [TEST_STEP][PASSED] - click(findTestObject("Object Repository/Specific Cases Repository/LS/Inquiry Profile/Contacts/Page_Contact/span_Include in invoice and statement email_2a24c8")): Object: 'Object Repository/Specific Cases Repository/LS/Inquiry Profile/Contacts/Page_Contact/span_Include in invoice and statement email_2a24c8' is clicked on

29-01-2025T17:12:19 - [MESSAGE][PASSED] - Object: 'Object Repository/Specific Cases Repository/LS/Inquiry Profile/Contacts/Page_Contact/span_Include in invoice and statement email_2a24c8' is clicked on

29-01-2025T17:12:19 - [TEST_STEP][PASSED] - setText(findTestObject("Object Repository/Specific Cases Repository/LS/Inquiry Profile/Contacts/Page_Contact/input_E-Mail_email"), "bparent@automation.com"): Text 'bparent@automation.com' is set on object 'Object Repository/Specific Cases Repository/LS/Inquiry Profile/Contacts/Page_Contact/input_E-Mail_email'

29-01-2025T17:12:20 - [MESSAGE][PASSED] - Text 'bparent@automation.com' is set on object 'Object Repository/Specific Cases Repository/LS/Inquiry Profile/Contacts/Page_Contact/input_E-Mail_email'

29-01-2025T17:12:20 - [TEST_STEP][PASSED] - click(findTestObject("Object Repository/Specific Cases Repository/LS/Inquiry Profile/Contacts/Page_Contact/span_Referral Source_check")): Object: 'Object Repository/Specific Cases Repository/LS/Inquiry Profile/Contacts/Page_Contact/span_Referral Source_check' is clicked on

29-01-2025T17:12:20 - [MESSAGE][PASSED] - Object: 'Object Repository/Specific Cases Repository/LS/Inquiry Profile/Contacts/Page_Contact/span_Referral Source_check' is clicked on

29-01-2025T17:12:20 - [TEST_STEP][PASSED] - click(findTestObject("Object Repository/Specific Cases Repository/LS/Inquiry Profile/Contacts/Page_Contact/span_Current Referral Source_check")): Object: 'Object Repository/Specific Cases Repository/LS/Inquiry Profile/Contacts/Page_Contact/span_Current Referral Source_check' is clicked on

29-01-2025T17:12:20 - [MESSAGE][PASSED] - Object: 'Object Repository/Specific Cases Repository/LS/Inquiry Profile/Contacts/Page_Contact/span_Current Referral Source_check' is clicked on

29-01-2025T17:12:20 - [TEST_STEP][PASSED] - click(findTestObject("Object Repository/Specific Cases Repository/LS/Inquiry Profile/Contacts/Page_Contact/button_Save")): Object: 'Object Repository/Specific Cases Repository/LS/Inquiry Profile/Contacts/Page_Contact/button_Save' is clicked on

29-01-2025T17:12:29 - [MESSAGE][PASSED] - Object: 'Object Repository/Specific Cases Repository/LS/Inquiry Profile/Contacts/Page_Contact/button_Save' is clicked on

29-01-2025T17:12:29 - [TEST_STEP][PASSED] - verifyElementText(findTestObject("Object Repository/Specific Cases Repository/LS/Inquiry Profile/Contacts/Page_Inquiry Profile/td_11112024"), Todays_Date): Actual text and expected text of test object 'Object Repository/Specific Cases Repository/LS/Inquiry Profile/Contacts/Page_Inquiry Profile/td_11112024' are matched.

29-01-2025T17:12:30 - [MESSAGE][PASSED] - Actual text and expected text of test object 'Object Repository/Specific Cases Repository/LS/Inquiry Profile/Contacts/Page_Inquiry Profile/td_11112024' are matched.

29-01-2025T17:12:30 - [TEST_STEP][PASSED] - verifyElementText(findTestObject("Object Repository/Specific Cases Repository/LS/Inquiry Profile/Contacts/Page_Inquiry Profile/td_B Parent B Client"), "B Parent B Client"): Actual text and expected text of test object 'Object Repository/Specific Cases Repository/LS/Inquiry Profile/Contacts/Page_Inquiry Profile/td_B Parent B Client' are matched.

29-01-2025T17:12:30 - [MESSAGE][PASSED] - Actual text and expected text of test object 'Object Repository/Specific Cases Repository/LS/Inquiry Profile/Contacts/Page_Inquiry Profile/td_B Parent B Client' are matched.

29-01-2025T17:12:30 - [TEST_STEP][PASSED] - verifyElementText(findTestObject("Object Repository/Specific Cases Repository/LS/Inquiry Profile/Contacts/Page_Inquiry Profile/td_Yes"), "Yes"): Actual text and expected text of test object 'Object Repository/Specific Cases Repository/LS/Inquiry Profile/Contacts/Page_Inquiry Profile/td_Yes' are matched.

29-01-2025T17:12:30 - [MESSAGE][PASSED] - Actual text and expected text of test object 'Object Repository/Specific Cases Repository/LS/Inquiry Profile/Contacts/Page_Inquiry Profile/td_Yes' are matched.

29-01-2025T17:12:30 - [TEST_STEP][PASSED] - verifyElementText(findTestObject("Object Repository/Specific Cases Repository/LS/Inquiry Profile/Contacts/Page_Inquiry Profile/td_Parent or Guardian"), "Parent or Guardian"): Actual text and expected text of test object 'Object Repository/Specific Cases Repository/LS/Inquiry Profile/Contacts/Page_Inquiry Profile/td_Parent or Guardian' are matched.

29-01-2025T17:12:30 - [MESSAGE][PASSED] - Actual text and expected text of test object 'Object Repository/Specific Cases Repository/LS/Inquiry Profile/Contacts/Page_Inquiry Profile/td_Parent or Guardian' are matched.

29-01-2025T17:12:30 - [TEST_STEP][PASSED] - click(findTestObject("Object Repository/Specific Cases Repository/LS/Inquiry Profile/Contacts/Page_Inquiry Profile/i_No_fa fa-pencil")): Object: 'Object Repository/Specific Cases Repository/LS/Inquiry Profile/Contacts/Page_Inquiry Profile/i_No_fa fa-pencil' is clicked on

29-01-2025T17:12:34 - [MESSAGE][PASSED] - Object: 'Object Repository/Specific Cases Repository/LS/Inquiry Profile/Contacts/Page_Inquiry Profile/i_No_fa fa-pencil' is clicked on

29-01-2025T17:12:34 - [TEST_STEP][PASSED] - click(findTestObject("Object Repository/Specific Cases Repository/LS/Inquiry Profile/Contacts/Page_Contact/input_Entered in Error_iseie")): Object: 'Object Repository/Specific Cases Repository/LS/Inquiry Profile/Contacts/Page_Contact/input_Entered in Error_iseie' is clicked on

29-01-2025T17:12:35 - [MESSAGE][PASSED] - Object: 'Object Repository/Specific Cases Repository/LS/Inquiry Profile/Contacts/Page_Contact/input_Entered in Error_iseie' is clicked on

29-01-2025T17:12:35 - [TEST_STEP][PASSED] - setText(findTestObject("Object Repository/Specific Cases Repository/LS/Inquiry Profile/Contacts/Page_Contact/input_Reason_eiereason"), "Automation Test"): Text 'Automation Test' is set on object 'Object Repository/Specific Cases Repository/LS/Inquiry Profile/Contacts/Page_Contact/input_Reason_eiereason'

29-01-2025T17:12:35 - [MESSAGE][PASSED] - Text 'Automation Test' is set on object 'Object Repository/Specific Cases Repository/LS/Inquiry Profile/Contacts/Page_Contact/input_Reason_eiereason'

29-01-2025T17:12:35 - [TEST_STEP][PASSED] - click(findTestObject("Object Repository/Specific Cases Repository/LS/Inquiry Profile/Contacts/Page_Contact/button_Mark as Error")): Object: 'Object Repository/Specific Cases Repository/LS/Inquiry Profile/Contacts/Page_Contact/button_Mark as Error' is clicked on

29-01-2025T17:12:36 - [MESSAGE][PASSED] - Object: 'Object Repository/Specific Cases Repository/LS/Inquiry Profile/Contacts/Page_Contact/button_Mark as Error' is clicked on

29-01-2025T17:12:36 - [TEST_STEP][PASSED] - click(findTestObject("Object Repository/Specific Cases Repository/LS/Inquiry Profile/Contacts/Page_Inquiry Profile/a_Contacts")): Object: 'Object Repository/Specific Cases Repository/LS/Inquiry Profile/Contacts/Page_Inquiry Profile/a_Contacts' is clicked on

29-01-2025T17:12:45 - [MESSAGE][PASSED] - Object: 'Object Repository/Specific Cases Repository/LS/Inquiry Profile/Contacts/Page_Inquiry Profile/a_Contacts' is clicked on

29-01-2025T17:12:45 - [TEST_STEP][PASSED] - closeBrowser(): Browser is closed

29-01-2025T17:12:45 - [MESSAGE][PASSED] - Browser is closed]]></system-out>
         <system-err><![CDATA[]]></system-err>
      </testcase>
      <system-out><![CDATA[29-01-2025T17:06:25 - [TEST_SUITE][PASSED] - Inquiry Profile: Test Cases/Specific Cases/LS/Inquiry Profile/Contacts]]></system-out>
      <system-err><![CDATA[]]></system-err>
   </testsuite>
</testsuites>
