<?xml version="1.0" encoding="UTF-8"?>
<testsuites name="Homepage" time="44.757" tests="1" failures="0" errors="0">
   <testsuite name="Homepage" tests="1" failures="0" errors="0" time="44.757" skipped="0" timestamp="19-02-2025T11:55:16" hostname="Enrique - Enrique" id="Test Suites/LS/Home/General/Homepage">
      <properties>
         <property name="deviceName" value=""/>
         <property name="devicePlatform"/>
         <property name="logFolder" value="C:\\Users\\Enrique\\git\\AUTOMATION_LS\\Reports\\20250219_115439\\LS\\Home\\General\\Homepage\\20250219_115444"/>
         <property name="logFiles" value="C:\\Users\\Enrique\\git\\AUTOMATION_LS\\Reports\\20250219_115439\\LS\\Home\\General\\Homepage\\20250219_115444\\execution0.log"/>
         <property name="attachments" value=""/>
         <property name="hostName" value="Enrique - Enrique"/>
         <property name="os" value="Windows 11 64bit"/>
         <property name="katalonVersion" value="9.7.3.223"/>
         <property name="browser" value="Chrome 132.0.0.0"/>
         <property name="hostAddress" value="192.168.100.147"/>
         <property name="sessionId" value="84de4abfa33903a6746e6d921c42304f"/>
         <property name="seleniumVersion" value="3.141.59"/>
         <property name="proxyInformation" value="ProxyInformation { proxyOption=NO_PROXY, proxyServerType=HTTP, username=, password=********, proxyServerAddress=, proxyServerPort=0, executionList=&quot;&quot;, isApplyToDesiredCapabilities=true }"/>
         <property name="platform" value="Windows 11"/>
      </properties>
      <testcase name="Test Cases/Specific Cases/LS/General/Homepage/My Agenda" time="43.555" classname="Test Cases/Specific Cases/LS/General/Homepage/My Agenda" status="PASSED">
         <system-out><![CDATA[19-02-2025T11:55:17 - [TEST_CASE][PASSED] - Test Cases/Specific Cases/LS/General/Homepage/My Agenda: Test Cases/Specific Cases/LS/General/Homepage/My Agenda

19-02-2025T11:55:18 - [TEST_STEP][PASSED] - callTestCase(findTestCase("Common Cases/Login"), [:], STOP_ON_FAILURE): Call Test Case 'Test Cases/Common Cases/Login' successfully

19-02-2025T11:55:19 - [TEST_CASE][PASSED] - Test Cases/Common Cases/Login: Test Cases/Common Cases/Login

19-02-2025T11:55:20 - [TEST_STEP][PASSED] - openBrowser(""): Browser is opened with url: ''

19-02-2025T11:55:20 - [MESSAGE][INFO] - Starting 'Chrome' driver

19-02-2025T11:55:21 - [MESSAGE][INFO] - Action delay is set to 0 milliseconds

19-02-2025T11:55:29 - [MESSAGE][PASSED] - Browser is opened with url: ''

19-02-2025T11:55:29 - [TEST_STEP][PASSED] - maximizeWindow(): Current window maximized

19-02-2025T11:55:31 - [MESSAGE][PASSED] - Current window maximized

19-02-2025T11:55:31 - [TEST_STEP][PASSED] - navigateToUrl("https://site17.lsapp.cloud/auth/login"): Navigate to 'https://site17.lsapp.cloud/auth/login' successfully

19-02-2025T11:55:34 - [MESSAGE][PASSED] - Navigate to 'https://site17.lsapp.cloud/auth/login' successfully

19-02-2025T11:55:34 - [TEST_STEP][PASSED] - setText(findTestObject("Object Repository/Common Cases Repository/Login/Page_Lightning Step/input_Email_email"), "automation@lightningstep.com"): Text 'automation@lightningstep.com' is set on object 'Object Repository/Common Cases Repository/Login/Page_Lightning Step/input_Email_email'

19-02-2025T11:55:39 - [MESSAGE][PASSED] - Text 'automation@lightningstep.com' is set on object 'Object Repository/Common Cases Repository/Login/Page_Lightning Step/input_Email_email'

19-02-2025T11:55:39 - [TEST_STEP][PASSED] - setEncryptedText(findTestObject("Object Repository/Common Cases Repository/Login/Page_Lightning Step/input_Password_password"), "V35d/XPbheBRvBQ/ALpsoA=="): Text ****** has been set on object 'Object Repository/Common Cases Repository/Login/Page_Lightning Step/input_Password_password'

19-02-2025T11:55:40 - [MESSAGE][PASSED] - Text ****** has been set on object 'Object Repository/Common Cases Repository/Login/Page_Lightning Step/input_Password_password'

19-02-2025T11:55:40 - [TEST_STEP][PASSED] - click(findTestObject("Object Repository/Common Cases Repository/Login/Page_Lightning Step/button_Sign in")): Object: 'Object Repository/Common Cases Repository/Login/Page_Lightning Step/button_Sign in' is clicked on

19-02-2025T11:55:51 - [MESSAGE][PASSED] - Object: 'Object Repository/Common Cases Repository/Login/Page_Lightning Step/button_Sign in' is clicked on

19-02-2025T11:55:51 - [MESSAGE][PASSED] - Call Test Case 'Test Cases/Common Cases/Login' successfully

19-02-2025T11:55:51 - [TEST_STEP][PASSED] - click(findTestObject("Object Repository/Specific Cases Repository/LS/Home/Homepage/Page_Home/a_Homepage")): Object: 'Object Repository/Specific Cases Repository/LS/Home/Homepage/Page_Home/a_Homepage' is clicked on

19-02-2025T11:55:54 - [MESSAGE][PASSED] - Object: 'Object Repository/Specific Cases Repository/LS/Home/Homepage/Page_Home/a_Homepage' is clicked on

19-02-2025T11:55:54 - [TEST_STEP][PASSED] - verifyElementText(findTestObject("Object Repository/Specific Cases Repository/LS/Home/Homepage/Page_Home/span_Admission Agreement"), "Admission Agreement"): Actual text and expected text of test object 'Object Repository/Specific Cases Repository/LS/Home/Homepage/Page_Home/span_Admission Agreement' are matched.

19-02-2025T11:55:57 - [MESSAGE][PASSED] - Actual text and expected text of test object 'Object Repository/Specific Cases Repository/LS/Home/Homepage/Page_Home/span_Admission Agreement' are matched.

19-02-2025T11:55:57 - [TEST_STEP][PASSED] - verifyElementText(findTestObject("Object Repository/Specific Cases Repository/LS/Home/Homepage/Page_Home/span_C Automation, C Client"), "C Automation, C Client"): Actual text and expected text of test object 'Object Repository/Specific Cases Repository/LS/Home/Homepage/Page_Home/span_C Automation, C Client' are matched.

19-02-2025T11:55:58 - [MESSAGE][PASSED] - Actual text and expected text of test object 'Object Repository/Specific Cases Repository/LS/Home/Homepage/Page_Home/span_C Automation, C Client' are matched.

19-02-2025T11:55:58 - [TEST_STEP][PASSED] - verifyElementText(findTestObject("Object Repository/Specific Cases Repository/LS/Home/Homepage/Page_Home/span_B Automation, B Client"), "B Automation, B Client"): Actual text and expected text of test object 'Object Repository/Specific Cases Repository/LS/Home/Homepage/Page_Home/span_B Automation, B Client' are matched.

19-02-2025T11:55:58 - [MESSAGE][PASSED] - Actual text and expected text of test object 'Object Repository/Specific Cases Repository/LS/Home/Homepage/Page_Home/span_B Automation, B Client' are matched.

19-02-2025T11:55:58 - [TEST_STEP][PASSED] - verifyElementText(findTestObject("Object Repository/Specific Cases Repository/LS/Home/Homepage/Page_Home/span_C Automation, C Client_1"), "C Automation, C Client"): Actual text and expected text of test object 'Object Repository/Specific Cases Repository/LS/Home/Homepage/Page_Home/span_C Automation, C Client_1' are matched.

19-02-2025T11:55:59 - [MESSAGE][PASSED] - Actual text and expected text of test object 'Object Repository/Specific Cases Repository/LS/Home/Homepage/Page_Home/span_C Automation, C Client_1' are matched.

19-02-2025T11:55:59 - [TEST_STEP][PASSED] - verifyElementText(findTestObject("Object Repository/Specific Cases Repository/LS/Home/Homepage/Page_Home/span_A Automation, A Client"), "A Automation, A Client"): Actual text and expected text of test object 'Object Repository/Specific Cases Repository/LS/Home/Homepage/Page_Home/span_A Automation, A Client' are matched.

19-02-2025T11:55:59 - [MESSAGE][PASSED] - Actual text and expected text of test object 'Object Repository/Specific Cases Repository/LS/Home/Homepage/Page_Home/span_A Automation, A Client' are matched.

19-02-2025T11:55:59 - [TEST_STEP][PASSED] - closeBrowser(): Browser is closed

19-02-2025T11:56:01 - [MESSAGE][PASSED] - Browser is closed]]></system-out>
         <system-err><![CDATA[]]></system-err>
      </testcase>
      <system-out><![CDATA[19-02-2025T11:55:16 - [TEST_SUITE][PASSED] - Homepage: Test Cases/Specific Cases/LS/General/Homepage/My Agenda]]></system-out>
      <system-err><![CDATA[]]></system-err>
   </testsuite>
</testsuites>
