<?xml version="1.0" encoding="UTF-8"?>
<testsuites name="Calendar" time="380.178" tests="12" failures="1" errors="0">
   <testsuite name="Calendar" tests="12" failures="1" errors="0" time="380.178" skipped="0" timestamp="27-09-2024T16:03:16" hostname="Enrique - kike" id="Test Suites/Home/Calendar">
      <properties>
         <property name="deviceName" value=""/>
         <property name="devicePlatform"/>
         <property name="logFolder" value="C:\\Users\\Enrique\\git\\AUTOMATION_LS\\Reports\\20240927_160312\\Home\\Calendar\\20240927_160313"/>
         <property name="logFiles" value="C:\\Users\\Enrique\\git\\AUTOMATION_LS\\Reports\\20240927_160312\\Home\\Calendar\\20240927_160313\\execution0.log"/>
         <property name="attachments" value=""/>
         <property name="hostName" value="Enrique - kike"/>
         <property name="os" value="Windows 11 64bit"/>
         <property name="katalonVersion" value="9.7.2.223"/>
         <property name="browser" value="Chrome 129.0.0.0"/>
         <property name="hostAddress" value="192.168.100.147"/>
         <property name="sessionId" value="12c2d93efa9be15a9cba20566602528b"/>
         <property name="seleniumVersion" value="3.141.59"/>
         <property name="proxyInformation" value="ProxyInformation { proxyOption=NO_PROXY, proxyServerType=HTTP, username=, password=********, proxyServerAddress=, proxyServerPort=0, executionList=&quot;&quot;, isApplyToDesiredCapabilities=true }"/>
         <property name="platform" value="Windows 11"/>
      </properties>
      <testcase name="Test Cases/Specific Cases/LS/General/Calendar/Future Events Creation/Future_Calendar_Appointment" time="32.392" classname="Test Cases/Specific Cases/LS/General/Calendar/Future Events Creation/Future_Calendar_Appointment" status="PASSED">
         <system-out><![CDATA[27-09-2024T16:03:16 - [TEST_CASE][PASSED] - Test Cases/Specific Cases/LS/General/Calendar/Future Events Creation/Future_Calendar_Appointment: Test Cases/Specific Cases/LS/General/Calendar/Future Events Creation/Future_Calendar_Appointment

27-09-2024T16:03:16 - [TEST_STEP][PASSED] - callTestCase(findTestCase("Common Cases/Login"), [:], STOP_ON_FAILURE): Call Test Case 'Test Cases/Common Cases/Login' successfully

27-09-2024T16:03:16 - [TEST_CASE][PASSED] - Test Cases/Common Cases/Login: Test Cases/Common Cases/Login

27-09-2024T16:03:16 - [TEST_STEP][PASSED] - openBrowser(""): Browser is opened with url: ''

27-09-2024T16:03:16 - [MESSAGE][INFO] - Starting 'Chrome' driver

27-09-2024T16:03:16 - [MESSAGE][INFO] - Action delay is set to 0 milliseconds

27-09-2024T16:03:17 - [MESSAGE][PASSED] - Browser is opened with url: ''

27-09-2024T16:03:17 - [TEST_STEP][PASSED] - maximizeWindow(): Current window maximized

27-09-2024T16:03:17 - [MESSAGE][PASSED] - Current window maximized

27-09-2024T16:03:17 - [TEST_STEP][PASSED] - navigateToUrl("https://site17.lsapp.cloud/auth/login"): Navigate to 'https://site17.lsapp.cloud/auth/login' successfully

27-09-2024T16:03:19 - [MESSAGE][PASSED] - Navigate to 'https://site17.lsapp.cloud/auth/login' successfully

27-09-2024T16:03:19 - [TEST_STEP][PASSED] - setText(findTestObject("Object Repository/Common Cases Repository/Login/Page_Lightning Step/input_Email_email"), "automation@lightningstep.com"): Text 'automation@lightningstep.com' is set on object 'Object Repository/Common Cases Repository/Login/Page_Lightning Step/input_Email_email'

27-09-2024T16:03:20 - [MESSAGE][PASSED] - Text 'automation@lightningstep.com' is set on object 'Object Repository/Common Cases Repository/Login/Page_Lightning Step/input_Email_email'

27-09-2024T16:03:20 - [TEST_STEP][PASSED] - setEncryptedText(findTestObject("Object Repository/Common Cases Repository/Login/Page_Lightning Step/input_Password_password"), "e5N8VHmnhJDITtQaQhDQDw=="): Text ****** has been set on object 'Object Repository/Common Cases Repository/Login/Page_Lightning Step/input_Password_password'

27-09-2024T16:03:20 - [MESSAGE][PASSED] - Text ****** has been set on object 'Object Repository/Common Cases Repository/Login/Page_Lightning Step/input_Password_password'

27-09-2024T16:03:20 - [TEST_STEP][PASSED] - click(findTestObject("Object Repository/Common Cases Repository/Login/Page_Lightning Step/button_Sign in")): Object: 'Object Repository/Common Cases Repository/Login/Page_Lightning Step/button_Sign in' is clicked on

27-09-2024T16:03:26 - [MESSAGE][PASSED] - Object: 'Object Repository/Common Cases Repository/Login/Page_Lightning Step/button_Sign in' is clicked on

27-09-2024T16:03:26 - [MESSAGE][PASSED] - Call Test Case 'Test Cases/Common Cases/Login' successfully

27-09-2024T16:03:26 - [TEST_STEP][PASSED] - click(findTestObject("Object Repository/Specific Cases Repository/LS/Calendar/Calendar_Events/Calendar_Events_Creation/Page_Home/a_Calendar")): Object: 'Object Repository/Specific Cases Repository/LS/Calendar/Calendar_Events/Calendar_Events_Creation/Page_Home/a_Calendar' is clicked on

27-09-2024T16:03:30 - [MESSAGE][PASSED] - Object: 'Object Repository/Specific Cases Repository/LS/Calendar/Calendar_Events/Calendar_Events_Creation/Page_Home/a_Calendar' is clicked on

27-09-2024T16:03:30 - [TEST_STEP][PASSED] - click(findTestObject("Object Repository/Specific Cases Repository/LS/Calendar/Calendar_Events/Calendar_Events_Creation/Appointment/Page_Calendar/button_Create new")): Object: 'Object Repository/Specific Cases Repository/LS/Calendar/Calendar_Events/Calendar_Events_Creation/Appointment/Page_Calendar/button_Create new' is clicked on

27-09-2024T16:03:30 - [MESSAGE][PASSED] - Object: 'Object Repository/Specific Cases Repository/LS/Calendar/Calendar_Events/Calendar_Events_Creation/Appointment/Page_Calendar/button_Create new' is clicked on

27-09-2024T16:03:30 - [TEST_STEP][PASSED] - click(findTestObject("Object Repository/Specific Cases Repository/LS/Calendar/Calendar_Events/Calendar_Events_Creation/Appointment/Page_Calendar/label_Appointment")): Object: 'Object Repository/Specific Cases Repository/LS/Calendar/Calendar_Events/Calendar_Events_Creation/Appointment/Page_Calendar/label_Appointment' is clicked on

27-09-2024T16:03:31 - [MESSAGE][PASSED] - Object: 'Object Repository/Specific Cases Repository/LS/Calendar/Calendar_Events/Calendar_Events_Creation/Appointment/Page_Calendar/label_Appointment' is clicked on

27-09-2024T16:03:31 - [TEST_STEP][PASSED] - click(findTestObject("Object Repository/Specific Cases Repository/LS/Calendar/Calendar_Events/Calendar_Events_Creation/Appointment/Page_Calendar/span_Select Client")): Object: 'Object Repository/Specific Cases Repository/LS/Calendar/Calendar_Events/Calendar_Events_Creation/Appointment/Page_Calendar/span_Select Client' is clicked on

27-09-2024T16:03:32 - [MESSAGE][PASSED] - Object: 'Object Repository/Specific Cases Repository/LS/Calendar/Calendar_Events/Calendar_Events_Creation/Appointment/Page_Calendar/span_Select Client' is clicked on

27-09-2024T16:03:32 - [TEST_STEP][PASSED] - setText(findTestObject("Object Repository/Specific Cases Repository/LS/Calendar/Calendar_Events/Calendar_Events_Creation/Appointment/Page_Calendar/Patien Name"), "B Auto"): Text 'B Auto' is set on object 'Object Repository/Specific Cases Repository/LS/Calendar/Calendar_Events/Calendar_Events_Creation/Appointment/Page_Calendar/Patien Name'

27-09-2024T16:03:33 - [MESSAGE][PASSED] - Text 'B Auto' is set on object 'Object Repository/Specific Cases Repository/LS/Calendar/Calendar_Events/Calendar_Events_Creation/Appointment/Page_Calendar/Patien Name'

27-09-2024T16:03:33 - [TEST_STEP][PASSED] - sendKeys(findTestObject("Object Repository/Specific Cases Repository/LS/Calendar/Calendar_Events/Calendar_Events_Creation/Appointment/Page_Calendar/Patien Name"), Keys.chord(ENTER)): Keys 'ENTER + ' sent to object: 'Object Repository/Specific Cases Repository/LS/Calendar/Calendar_Events/Calendar_Events_Creation/Appointment/Page_Calendar/Patien Name'

27-09-2024T16:03:33 - [MESSAGE][PASSED] - Keys 'ENTER + ' sent to object: 'Object Repository/Specific Cases Repository/LS/Calendar/Calendar_Events/Calendar_Events_Creation/Appointment/Page_Calendar/Patien Name'

27-09-2024T16:03:33 - [TEST_STEP][PASSED] - click(findTestObject("Object Repository/Specific Cases Repository/LS/Calendar/Calendar_Events/Calendar_Events_Creation/Appointment/Page_Calendar/span_Select Service")): Object: 'Object Repository/Specific Cases Repository/LS/Calendar/Calendar_Events/Calendar_Events_Creation/Appointment/Page_Calendar/span_Select Service' is clicked on

27-09-2024T16:03:34 - [MESSAGE][PASSED] - Object: 'Object Repository/Specific Cases Repository/LS/Calendar/Calendar_Events/Calendar_Events_Creation/Appointment/Page_Calendar/span_Select Service' is clicked on

27-09-2024T16:03:34 - [TEST_STEP][PASSED] - setText(findTestObject("Object Repository/Specific Cases Repository/LS/Calendar/Calendar_Events/Calendar_Events_Creation/Appointment/Page_Calendar/Patien Name"), "5 "): Text '5 ' is set on object 'Object Repository/Specific Cases Repository/LS/Calendar/Calendar_Events/Calendar_Events_Creation/Appointment/Page_Calendar/Patien Name'

27-09-2024T16:03:35 - [MESSAGE][PASSED] - Text '5 ' is set on object 'Object Repository/Specific Cases Repository/LS/Calendar/Calendar_Events/Calendar_Events_Creation/Appointment/Page_Calendar/Patien Name'

27-09-2024T16:03:35 - [TEST_STEP][PASSED] - sendKeys(findTestObject("Object Repository/Specific Cases Repository/LS/Calendar/Calendar_Events/Calendar_Events_Creation/Appointment/Page_Calendar/Patien Name"), Keys.chord(ENTER)): Keys 'ENTER + ' sent to object: 'Object Repository/Specific Cases Repository/LS/Calendar/Calendar_Events/Calendar_Events_Creation/Appointment/Page_Calendar/Patien Name'

27-09-2024T16:03:35 - [MESSAGE][PASSED] - Keys 'ENTER + ' sent to object: 'Object Repository/Specific Cases Repository/LS/Calendar/Calendar_Events/Calendar_Events_Creation/Appointment/Page_Calendar/Patien Name'

27-09-2024T16:03:35 - [TEST_STEP][PASSED] - click(findTestObject("Object Repository/Specific Cases Repository/LS/Calendar/Calendar_Events/Calendar_Events_Creation/Appointment/Page_Calendar/input_Title_title_")): Object: 'Object Repository/Specific Cases Repository/LS/Calendar/Calendar_Events/Calendar_Events_Creation/Appointment/Page_Calendar/input_Title_title_' is clicked on

27-09-2024T16:03:36 - [MESSAGE][PASSED] - Object: 'Object Repository/Specific Cases Repository/LS/Calendar/Calendar_Events/Calendar_Events_Creation/Appointment/Page_Calendar/input_Title_title_' is clicked on

27-09-2024T16:03:36 - [TEST_STEP][PASSED] - setText(findTestObject("Object Repository/Specific Cases Repository/LS/Calendar/Calendar_Events/Calendar_Events_Creation/Appointment/Page_Calendar/input_Title_title_"), "Future Automation Test with B Automation, B Client MR# 24-11007: 5 Panel Drug Screen"): Text 'Future Automation Test with B Automation, B Client MR# 24-11007: 5 Panel Drug Screen' is set on object 'Object Repository/Specific Cases Repository/LS/Calendar/Calendar_Events/Calendar_Events_Creation/Appointment/Page_Calendar/input_Title_title_'

27-09-2024T16:03:37 - [MESSAGE][PASSED] - Text 'Future Automation Test with B Automation, B Client MR# 24-11007: 5 Panel Drug Screen' is set on object 'Object Repository/Specific Cases Repository/LS/Calendar/Calendar_Events/Calendar_Events_Creation/Appointment/Page_Calendar/input_Title_title_'

27-09-2024T16:03:37 - [TEST_STEP][PASSED] - click(findTestObject("Object Repository/Specific Cases Repository/LS/Calendar/Calendar_Events/Calendar_Events_Creation/Appointment/Page_Calendar/Date")): Object: 'Object Repository/Specific Cases Repository/LS/Calendar/Calendar_Events/Calendar_Events_Creation/Appointment/Page_Calendar/Date' is clicked on

27-09-2024T16:03:37 - [MESSAGE][PASSED] - Object: 'Object Repository/Specific Cases Repository/LS/Calendar/Calendar_Events/Calendar_Events_Creation/Appointment/Page_Calendar/Date' is clicked on

27-09-2024T16:03:37 - [TEST_STEP][PASSED] - setText(findTestObject("Object Repository/Specific Cases Repository/LS/Calendar/Calendar_Events/Calendar_Events_Creation/Appointment/Page_Calendar/Date"), Next_Week_Date): Text '10/04/2024' is set on object 'Object Repository/Specific Cases Repository/LS/Calendar/Calendar_Events/Calendar_Events_Creation/Appointment/Page_Calendar/Date'

27-09-2024T16:03:38 - [MESSAGE][PASSED] - Text '10/04/2024' is set on object 'Object Repository/Specific Cases Repository/LS/Calendar/Calendar_Events/Calendar_Events_Creation/Appointment/Page_Calendar/Date'

27-09-2024T16:03:38 - [TEST_STEP][PASSED] - click(findTestObject("Object Repository/Specific Cases Repository/LS/Calendar/Calendar_Events/Calendar_Events_Creation/Appointment/Page_Calendar/Start Time Clock")): Object: 'Object Repository/Specific Cases Repository/LS/Calendar/Calendar_Events/Calendar_Events_Creation/Appointment/Page_Calendar/Start Time Clock' is clicked on

27-09-2024T16:03:39 - [MESSAGE][PASSED] - Object: 'Object Repository/Specific Cases Repository/LS/Calendar/Calendar_Events/Calendar_Events_Creation/Appointment/Page_Calendar/Start Time Clock' is clicked on

27-09-2024T16:03:39 - [TEST_STEP][PASSED] - setText(findTestObject("Object Repository/Specific Cases Repository/LS/Calendar/Calendar_Events/Calendar_Events_Creation/Appointment/Page_Calendar/Start Time Clock"), "1500"): Text '1500' is set on object 'Object Repository/Specific Cases Repository/LS/Calendar/Calendar_Events/Calendar_Events_Creation/Appointment/Page_Calendar/Start Time Clock'

27-09-2024T16:03:39 - [MESSAGE][PASSED] - Text '1500' is set on object 'Object Repository/Specific Cases Repository/LS/Calendar/Calendar_Events/Calendar_Events_Creation/Appointment/Page_Calendar/Start Time Clock'

27-09-2024T16:03:39 - [TEST_STEP][PASSED] - click(findTestObject("Object Repository/Specific Cases Repository/LS/Calendar/Calendar_Events/Calendar_Events_Creation/Appointment/Page_Calendar/End Time Clock")): Object: 'Object Repository/Specific Cases Repository/LS/Calendar/Calendar_Events/Calendar_Events_Creation/Appointment/Page_Calendar/End Time Clock' is clicked on

27-09-2024T16:03:40 - [MESSAGE][PASSED] - Object: 'Object Repository/Specific Cases Repository/LS/Calendar/Calendar_Events/Calendar_Events_Creation/Appointment/Page_Calendar/End Time Clock' is clicked on

27-09-2024T16:03:40 - [TEST_STEP][PASSED] - setText(findTestObject("Object Repository/Specific Cases Repository/LS/Calendar/Calendar_Events/Calendar_Events_Creation/Appointment/Page_Calendar/End Time Clock"), "1600"): Text '1600' is set on object 'Object Repository/Specific Cases Repository/LS/Calendar/Calendar_Events/Calendar_Events_Creation/Appointment/Page_Calendar/End Time Clock'

27-09-2024T16:03:41 - [MESSAGE][PASSED] - Text '1600' is set on object 'Object Repository/Specific Cases Repository/LS/Calendar/Calendar_Events/Calendar_Events_Creation/Appointment/Page_Calendar/End Time Clock'

27-09-2024T16:03:41 - [TEST_STEP][PASSED] - click(findTestObject("Object Repository/Specific Cases Repository/LS/Calendar/Calendar_Events/Calendar_Events_Creation/Appointment/Page_Calendar/button_Reminder__simple-switch-track")): Object: 'Object Repository/Specific Cases Repository/LS/Calendar/Calendar_Events/Calendar_Events_Creation/Appointment/Page_Calendar/button_Reminder__simple-switch-track' is clicked on

27-09-2024T16:03:41 - [MESSAGE][PASSED] - Object: 'Object Repository/Specific Cases Repository/LS/Calendar/Calendar_Events/Calendar_Events_Creation/Appointment/Page_Calendar/button_Reminder__simple-switch-track' is clicked on

27-09-2024T16:03:41 - [TEST_STEP][PASSED] - setText(findTestObject("Specific Cases Repository/LS/Calendar/Calendar_Events/Calendar_Events_Creation/Event/Page_Calendar/input_Reminder_select2-search__field"), "15"): Text '15' is set on object 'Object Repository/Specific Cases Repository/LS/Calendar/Calendar_Events/Calendar_Events_Creation/Event/Page_Calendar/input_Reminder_select2-search__field'

27-09-2024T16:03:42 - [MESSAGE][PASSED] - Text '15' is set on object 'Object Repository/Specific Cases Repository/LS/Calendar/Calendar_Events/Calendar_Events_Creation/Event/Page_Calendar/input_Reminder_select2-search__field'

27-09-2024T16:03:42 - [TEST_STEP][PASSED] - sendKeys(findTestObject("Specific Cases Repository/LS/Calendar/Calendar_Events/Calendar_Events_Creation/Event/Page_Calendar/input_Reminder_select2-search__field"), Keys.chord(ENTER)): Keys 'ENTER + ' sent to object: 'Object Repository/Specific Cases Repository/LS/Calendar/Calendar_Events/Calendar_Events_Creation/Event/Page_Calendar/input_Reminder_select2-search__field'

27-09-2024T16:03:42 - [MESSAGE][PASSED] - Keys 'ENTER + ' sent to object: 'Object Repository/Specific Cases Repository/LS/Calendar/Calendar_Events/Calendar_Events_Creation/Event/Page_Calendar/input_Reminder_select2-search__field'

27-09-2024T16:03:42 - [TEST_STEP][PASSED] - setText(findTestObject("Object Repository/Specific Cases Repository/LS/Calendar/Calendar_Events/Calendar_Events_Creation/Appointment/Page_Calendar/input_Notes_notes"), "Automation Future Test Note"): Text 'Automation Future Test Note' is set on object 'Object Repository/Specific Cases Repository/LS/Calendar/Calendar_Events/Calendar_Events_Creation/Appointment/Page_Calendar/input_Notes_notes'

27-09-2024T16:03:43 - [MESSAGE][PASSED] - Text 'Automation Future Test Note' is set on object 'Object Repository/Specific Cases Repository/LS/Calendar/Calendar_Events/Calendar_Events_Creation/Appointment/Page_Calendar/input_Notes_notes'

27-09-2024T16:03:43 - [TEST_STEP][PASSED] - scrollToElement(findTestObject("Specific Cases Repository/LS/Calendar/Calendar_Events/Calendar_Events_Creation/Appointment/Page_Calendar/a_Save"), 0): Scroll to object 'Object Repository/Specific Cases Repository/LS/Calendar/Calendar_Events/Calendar_Events_Creation/Appointment/Page_Calendar/a_Save' successfully

27-09-2024T16:03:43 - [MESSAGE][WARNING] - Timeout '0' is invalid. Using default page load timeout: '30'

27-09-2024T16:03:43 - [MESSAGE][PASSED] - Scroll to object 'Object Repository/Specific Cases Repository/LS/Calendar/Calendar_Events/Calendar_Events_Creation/Appointment/Page_Calendar/a_Save' successfully

27-09-2024T16:03:43 - [TEST_STEP][PASSED] - click(findTestObject("Specific Cases Repository/LS/Calendar/Calendar_Events/Calendar_Events_Creation/Appointment/Page_Calendar/a_Save")): Object: 'Object Repository/Specific Cases Repository/LS/Calendar/Calendar_Events/Calendar_Events_Creation/Appointment/Page_Calendar/a_Save' is clicked on

27-09-2024T16:03:43 - [MESSAGE][PASSED] - Object: 'Object Repository/Specific Cases Repository/LS/Calendar/Calendar_Events/Calendar_Events_Creation/Appointment/Page_Calendar/a_Save' is clicked on

27-09-2024T16:03:43 - [TEST_STEP][PASSED] - click(findTestObject("Specific Cases Repository/LS/Calendar/Calendar_Events/Calendar_Events_Creation/Appointment/Page_Calendar/Next Week Arrow")): Object: 'Object Repository/Specific Cases Repository/LS/Calendar/Calendar_Events/Calendar_Events_Creation/Appointment/Page_Calendar/Next Week Arrow' is clicked on

27-09-2024T16:03:44 - [MESSAGE][PASSED] - Object: 'Object Repository/Specific Cases Repository/LS/Calendar/Calendar_Events/Calendar_Events_Creation/Appointment/Page_Calendar/Next Week Arrow' is clicked on

27-09-2024T16:03:44 - [TEST_STEP][PASSED] - scrollToElement(findTestObject("Specific Cases Repository/LS/Calendar/Calendar_Events/Calendar_Events_Creation/Appointment/Page_Calendar/a_Automation Test with A Automation, A Clie_8f5a4c - Future"), 0): Scroll to object 'Object Repository/Specific Cases Repository/LS/Calendar/Calendar_Events/Calendar_Events_Creation/Appointment/Page_Calendar/a_Automation Test with A Automation, A Clie_8f5a4c - Future' successfully

27-09-2024T16:03:44 - [MESSAGE][WARNING] - Timeout '0' is invalid. Using default page load timeout: '30'

27-09-2024T16:03:45 - [MESSAGE][PASSED] - Scroll to object 'Object Repository/Specific Cases Repository/LS/Calendar/Calendar_Events/Calendar_Events_Creation/Appointment/Page_Calendar/a_Automation Test with A Automation, A Clie_8f5a4c - Future' successfully

27-09-2024T16:03:45 - [TEST_STEP][PASSED] - mouseOver(findTestObject("Specific Cases Repository/LS/Calendar/Calendar_Events/Calendar_Events_Creation/Appointment/Page_Calendar/a_Automation Test with A Automation, A Clie_8f5a4c - Future")): Object: 'Object Repository/Specific Cases Repository/LS/Calendar/Calendar_Events/Calendar_Events_Creation/Appointment/Page_Calendar/a_Automation Test with A Automation, A Clie_8f5a4c - Future' is hovered

27-09-2024T16:03:46 - [MESSAGE][PASSED] - Object: 'Object Repository/Specific Cases Repository/LS/Calendar/Calendar_Events/Calendar_Events_Creation/Appointment/Page_Calendar/a_Automation Test with A Automation, A Clie_8f5a4c - Future' is hovered

27-09-2024T16:03:46 - [TEST_STEP][PASSED] - verifyElementText(findTestObject("Specific Cases Repository/LS/Calendar/Calendar_Events/Calendar_Events_Creation/Appointment/Page_Calendar/span_Future Automation Test with B Automation, B"), "Future Automation Test with B Automation, B Client MR# 24-11007: 5 Panel Drug Screen"): Actual text and expected text of test object 'Object Repository/Specific Cases Repository/LS/Calendar/Calendar_Events/Calendar_Events_Creation/Appointment/Page_Calendar/span_Future Automation Test with B Automation, B' are matched.

27-09-2024T16:03:46 - [MESSAGE][PASSED] - Actual text and expected text of test object 'Object Repository/Specific Cases Repository/LS/Calendar/Calendar_Events/Calendar_Events_Creation/Appointment/Page_Calendar/span_Future Automation Test with B Automation, B' are matched.

27-09-2024T16:03:46 - [TEST_STEP][PASSED] - verifyElementText(findTestObject("Object Repository/Specific Cases Repository/LS/Calendar/Calendar_Events/Calendar_Events_Creation/Appointment/Page_Calendar/span_15 minutes before"), "15 minutes before"): Actual text and expected text of test object 'Object Repository/Specific Cases Repository/LS/Calendar/Calendar_Events/Calendar_Events_Creation/Appointment/Page_Calendar/span_15 minutes before' are matched.

27-09-2024T16:03:46 - [MESSAGE][PASSED] - Actual text and expected text of test object 'Object Repository/Specific Cases Repository/LS/Calendar/Calendar_Events/Calendar_Events_Creation/Appointment/Page_Calendar/span_15 minutes before' are matched.

27-09-2024T16:03:46 - [TEST_STEP][PASSED] - click(findTestObject("Specific Cases Repository/LS/Calendar/Calendar_Events/Calendar_Events_Creation/Appointment/Page_Calendar/a_Automation Test with A Automation, A Clie_8f5a4c - Future")): Object: 'Object Repository/Specific Cases Repository/LS/Calendar/Calendar_Events/Calendar_Events_Creation/Appointment/Page_Calendar/a_Automation Test with A Automation, A Clie_8f5a4c - Future' is clicked on

27-09-2024T16:03:47 - [MESSAGE][PASSED] - Object: 'Object Repository/Specific Cases Repository/LS/Calendar/Calendar_Events/Calendar_Events_Creation/Appointment/Page_Calendar/a_Automation Test with A Automation, A Clie_8f5a4c - Future' is clicked on

27-09-2024T16:03:47 - [TEST_STEP][PASSED] - verifyElementText(findTestObject("Object Repository/Specific Cases Repository/LS/Calendar/Calendar_Events/Calendar_Events_Creation/Appointment/Page_Calendar/b_Revise Schedule for"), "Revise Schedule for"): Actual text and expected text of test object 'Object Repository/Specific Cases Repository/LS/Calendar/Calendar_Events/Calendar_Events_Creation/Appointment/Page_Calendar/b_Revise Schedule for' are matched.

27-09-2024T16:03:48 - [MESSAGE][PASSED] - Actual text and expected text of test object 'Object Repository/Specific Cases Repository/LS/Calendar/Calendar_Events/Calendar_Events_Creation/Appointment/Page_Calendar/b_Revise Schedule for' are matched.

27-09-2024T16:03:48 - [TEST_STEP][PASSED] - verifyElementText(findTestObject("Object Repository/Specific Cases Repository/LS/Calendar/Calendar_Events/Calendar_Events_Creation/Appointment/Page_Calendar/a_A Client A Automation"), "B Client B Automation"): Actual text and expected text of test object 'Object Repository/Specific Cases Repository/LS/Calendar/Calendar_Events/Calendar_Events_Creation/Appointment/Page_Calendar/a_A Client A Automation' are matched.

27-09-2024T16:03:48 - [MESSAGE][PASSED] - Actual text and expected text of test object 'Object Repository/Specific Cases Repository/LS/Calendar/Calendar_Events/Calendar_Events_Creation/Appointment/Page_Calendar/a_A Client A Automation' are matched.

27-09-2024T16:03:48 - [TEST_STEP][PASSED] - closeBrowser(): Browser is closed

27-09-2024T16:03:48 - [MESSAGE][PASSED] - Browser is closed]]></system-out>
         <system-err><![CDATA[]]></system-err>
      </testcase>
      <testcase name="Test Cases/Specific Cases/LS/General/Calendar/Future Events Creation/Future_Calendar_Block" time="38.127" classname="Test Cases/Specific Cases/LS/General/Calendar/Future Events Creation/Future_Calendar_Block" status="PASSED">
         <system-out><![CDATA[27-09-2024T16:03:48 - [TEST_CASE][PASSED] - Test Cases/Specific Cases/LS/General/Calendar/Future Events Creation/Future_Calendar_Block: Test Cases/Specific Cases/LS/General/Calendar/Future Events Creation/Future_Calendar_Block

27-09-2024T16:03:48 - [TEST_STEP][PASSED] - callTestCase(findTestCase("Common Cases/Login"), [:], STOP_ON_FAILURE): Call Test Case 'Test Cases/Common Cases/Login' successfully

27-09-2024T16:03:48 - [TEST_CASE][PASSED] - Test Cases/Common Cases/Login: Test Cases/Common Cases/Login

27-09-2024T16:03:48 - [TEST_STEP][PASSED] - openBrowser(""): Browser is opened with url: ''

27-09-2024T16:03:48 - [MESSAGE][INFO] - Starting 'Chrome' driver

27-09-2024T16:03:48 - [MESSAGE][INFO] - Action delay is set to 0 milliseconds

27-09-2024T16:03:49 - [MESSAGE][PASSED] - Browser is opened with url: ''

27-09-2024T16:03:49 - [TEST_STEP][PASSED] - maximizeWindow(): Current window maximized

27-09-2024T16:03:49 - [MESSAGE][PASSED] - Current window maximized

27-09-2024T16:03:49 - [TEST_STEP][PASSED] - navigateToUrl("https://site17.lsapp.cloud/auth/login"): Navigate to 'https://site17.lsapp.cloud/auth/login' successfully

27-09-2024T16:03:55 - [MESSAGE][PASSED] - Navigate to 'https://site17.lsapp.cloud/auth/login' successfully

27-09-2024T16:03:55 - [TEST_STEP][PASSED] - setText(findTestObject("Object Repository/Common Cases Repository/Login/Page_Lightning Step/input_Email_email"), "automation@lightningstep.com"): Text 'automation@lightningstep.com' is set on object 'Object Repository/Common Cases Repository/Login/Page_Lightning Step/input_Email_email'

27-09-2024T16:03:56 - [MESSAGE][PASSED] - Text 'automation@lightningstep.com' is set on object 'Object Repository/Common Cases Repository/Login/Page_Lightning Step/input_Email_email'

27-09-2024T16:03:56 - [TEST_STEP][PASSED] - setEncryptedText(findTestObject("Object Repository/Common Cases Repository/Login/Page_Lightning Step/input_Password_password"), "e5N8VHmnhJDITtQaQhDQDw=="): Text ****** has been set on object 'Object Repository/Common Cases Repository/Login/Page_Lightning Step/input_Password_password'

27-09-2024T16:03:56 - [MESSAGE][PASSED] - Text ****** has been set on object 'Object Repository/Common Cases Repository/Login/Page_Lightning Step/input_Password_password'

27-09-2024T16:03:56 - [TEST_STEP][PASSED] - click(findTestObject("Object Repository/Common Cases Repository/Login/Page_Lightning Step/button_Sign in")): Object: 'Object Repository/Common Cases Repository/Login/Page_Lightning Step/button_Sign in' is clicked on

27-09-2024T16:04:11 - [MESSAGE][PASSED] - Object: 'Object Repository/Common Cases Repository/Login/Page_Lightning Step/button_Sign in' is clicked on

27-09-2024T16:04:11 - [MESSAGE][PASSED] - Call Test Case 'Test Cases/Common Cases/Login' successfully

27-09-2024T16:04:11 - [TEST_STEP][PASSED] - click(findTestObject("Object Repository/Specific Cases Repository/LS/Calendar/Calendar_Events/Calendar_Events_Creation/Block/Page_Home/a_Calendar")): Object: 'Object Repository/Specific Cases Repository/LS/Calendar/Calendar_Events/Calendar_Events_Creation/Block/Page_Home/a_Calendar' is clicked on

27-09-2024T16:04:14 - [MESSAGE][PASSED] - Object: 'Object Repository/Specific Cases Repository/LS/Calendar/Calendar_Events/Calendar_Events_Creation/Block/Page_Home/a_Calendar' is clicked on

27-09-2024T16:04:14 - [TEST_STEP][PASSED] - navigateToUrl("https://site17.lsapp.cloud/calendar"): Navigate to 'https://site17.lsapp.cloud/calendar' successfully

27-09-2024T16:04:16 - [MESSAGE][PASSED] - Navigate to 'https://site17.lsapp.cloud/calendar' successfully

27-09-2024T16:04:16 - [TEST_STEP][PASSED] - click(findTestObject("Object Repository/Specific Cases Repository/LS/Calendar/Calendar_Events/Calendar_Events_Creation/Block/Page_Calendar/button_Create new")): Object: 'Object Repository/Specific Cases Repository/LS/Calendar/Calendar_Events/Calendar_Events_Creation/Block/Page_Calendar/button_Create new' is clicked on

27-09-2024T16:04:16 - [MESSAGE][PASSED] - Object: 'Object Repository/Specific Cases Repository/LS/Calendar/Calendar_Events/Calendar_Events_Creation/Block/Page_Calendar/button_Create new' is clicked on

27-09-2024T16:04:16 - [TEST_STEP][PASSED] - click(findTestObject("Object Repository/Specific Cases Repository/LS/Calendar/Calendar_Events/Calendar_Events_Creation/Block/Page_Calendar/label_Block")): Object: 'Object Repository/Specific Cases Repository/LS/Calendar/Calendar_Events/Calendar_Events_Creation/Block/Page_Calendar/label_Block' is clicked on

27-09-2024T16:04:17 - [MESSAGE][PASSED] - Object: 'Object Repository/Specific Cases Repository/LS/Calendar/Calendar_Events/Calendar_Events_Creation/Block/Page_Calendar/label_Block' is clicked on

27-09-2024T16:04:17 - [TEST_STEP][PASSED] - setText(findTestObject("Object Repository/Specific Cases Repository/LS/Calendar/Calendar_Events/Calendar_Events_Creation/Block/Page_Calendar/input_Title_title_"), "Future Automation Block"): Text 'Future Automation Block' is set on object 'Object Repository/Specific Cases Repository/LS/Calendar/Calendar_Events/Calendar_Events_Creation/Block/Page_Calendar/input_Title_title_'

27-09-2024T16:04:18 - [MESSAGE][PASSED] - Text 'Future Automation Block' is set on object 'Object Repository/Specific Cases Repository/LS/Calendar/Calendar_Events/Calendar_Events_Creation/Block/Page_Calendar/input_Title_title_'

27-09-2024T16:04:18 - [TEST_STEP][PASSED] - click(findTestObject("Object Repository/Specific Cases Repository/LS/Calendar/Calendar_Events/Calendar_Events_Creation/Appointment/Page_Calendar/Date")): Object: 'Object Repository/Specific Cases Repository/LS/Calendar/Calendar_Events/Calendar_Events_Creation/Appointment/Page_Calendar/Date' is clicked on

27-09-2024T16:04:18 - [MESSAGE][PASSED] - Object: 'Object Repository/Specific Cases Repository/LS/Calendar/Calendar_Events/Calendar_Events_Creation/Appointment/Page_Calendar/Date' is clicked on

27-09-2024T16:04:18 - [TEST_STEP][PASSED] - setText(findTestObject("Object Repository/Specific Cases Repository/LS/Calendar/Calendar_Events/Calendar_Events_Creation/Appointment/Page_Calendar/Date"), Next_Week_Date): Text '10/04/2024' is set on object 'Object Repository/Specific Cases Repository/LS/Calendar/Calendar_Events/Calendar_Events_Creation/Appointment/Page_Calendar/Date'

27-09-2024T16:04:19 - [MESSAGE][PASSED] - Text '10/04/2024' is set on object 'Object Repository/Specific Cases Repository/LS/Calendar/Calendar_Events/Calendar_Events_Creation/Appointment/Page_Calendar/Date'

27-09-2024T16:04:19 - [TEST_STEP][PASSED] - click(findTestObject("Object Repository/Specific Cases Repository/LS/Calendar/Calendar_Events/Calendar_Events_Creation/Appointment/Page_Calendar/Start Time Clock")): Object: 'Object Repository/Specific Cases Repository/LS/Calendar/Calendar_Events/Calendar_Events_Creation/Appointment/Page_Calendar/Start Time Clock' is clicked on

27-09-2024T16:04:20 - [MESSAGE][PASSED] - Object: 'Object Repository/Specific Cases Repository/LS/Calendar/Calendar_Events/Calendar_Events_Creation/Appointment/Page_Calendar/Start Time Clock' is clicked on

27-09-2024T16:04:20 - [TEST_STEP][PASSED] - setText(findTestObject("Object Repository/Specific Cases Repository/LS/Calendar/Calendar_Events/Calendar_Events_Creation/Appointment/Page_Calendar/Start Time Clock"), "1600"): Text '1600' is set on object 'Object Repository/Specific Cases Repository/LS/Calendar/Calendar_Events/Calendar_Events_Creation/Appointment/Page_Calendar/Start Time Clock'

27-09-2024T16:04:20 - [MESSAGE][PASSED] - Text '1600' is set on object 'Object Repository/Specific Cases Repository/LS/Calendar/Calendar_Events/Calendar_Events_Creation/Appointment/Page_Calendar/Start Time Clock'

27-09-2024T16:04:20 - [TEST_STEP][PASSED] - click(findTestObject("Object Repository/Specific Cases Repository/LS/Calendar/Calendar_Events/Calendar_Events_Creation/Block/Page_Calendar/div_Schedule                               _3f20bf")): Object: 'Object Repository/Specific Cases Repository/LS/Calendar/Calendar_Events/Calendar_Events_Creation/Block/Page_Calendar/div_Schedule                               _3f20bf' is clicked on

27-09-2024T16:04:21 - [MESSAGE][PASSED] - Object: 'Object Repository/Specific Cases Repository/LS/Calendar/Calendar_Events/Calendar_Events_Creation/Block/Page_Calendar/div_Schedule                               _3f20bf' is clicked on

27-09-2024T16:04:21 - [TEST_STEP][PASSED] - click(findTestObject("Object Repository/Specific Cases Repository/LS/Calendar/Calendar_Events/Calendar_Events_Creation/Block/Page_Calendar/button_Reminder__simple-switch-track")): Object: 'Object Repository/Specific Cases Repository/LS/Calendar/Calendar_Events/Calendar_Events_Creation/Block/Page_Calendar/button_Reminder__simple-switch-track' is clicked on

27-09-2024T16:04:21 - [MESSAGE][PASSED] - Object: 'Object Repository/Specific Cases Repository/LS/Calendar/Calendar_Events/Calendar_Events_Creation/Block/Page_Calendar/button_Reminder__simple-switch-track' is clicked on

27-09-2024T16:04:21 - [TEST_STEP][PASSED] - setText(findTestObject("Object Repository/Specific Cases Repository/LS/Calendar/Calendar_Events/Calendar_Events_Creation/Block/Page_Calendar/input_Reminder_select2-search__field"), "45"): Text '45' is set on object 'Object Repository/Specific Cases Repository/LS/Calendar/Calendar_Events/Calendar_Events_Creation/Block/Page_Calendar/input_Reminder_select2-search__field'

27-09-2024T16:04:22 - [MESSAGE][PASSED] - Text '45' is set on object 'Object Repository/Specific Cases Repository/LS/Calendar/Calendar_Events/Calendar_Events_Creation/Block/Page_Calendar/input_Reminder_select2-search__field'

27-09-2024T16:04:22 - [TEST_STEP][PASSED] - sendKeys(findTestObject("Object Repository/Specific Cases Repository/LS/Calendar/Calendar_Events/Calendar_Events_Creation/Block/Page_Calendar/input_Reminder_select2-search__field"), Keys.chord(ENTER)): Keys 'ENTER + ' sent to object: 'Object Repository/Specific Cases Repository/LS/Calendar/Calendar_Events/Calendar_Events_Creation/Block/Page_Calendar/input_Reminder_select2-search__field'

27-09-2024T16:04:22 - [MESSAGE][PASSED] - Keys 'ENTER + ' sent to object: 'Object Repository/Specific Cases Repository/LS/Calendar/Calendar_Events/Calendar_Events_Creation/Block/Page_Calendar/input_Reminder_select2-search__field'

27-09-2024T16:04:22 - [TEST_STEP][PASSED] - setText(findTestObject("Object Repository/Specific Cases Repository/LS/Calendar/Calendar_Events/Calendar_Events_Creation/Block/Page_Calendar/input_Notes_notes"), "Future Automation Block Note"): Text 'Future Automation Block Note' is set on object 'Object Repository/Specific Cases Repository/LS/Calendar/Calendar_Events/Calendar_Events_Creation/Block/Page_Calendar/input_Notes_notes'

27-09-2024T16:04:23 - [MESSAGE][PASSED] - Text 'Future Automation Block Note' is set on object 'Object Repository/Specific Cases Repository/LS/Calendar/Calendar_Events/Calendar_Events_Creation/Block/Page_Calendar/input_Notes_notes'

27-09-2024T16:04:23 - [TEST_STEP][PASSED] - click(findTestObject("Object Repository/Specific Cases Repository/LS/Calendar/Calendar_Events/Calendar_Events_Creation/Block/Page_Calendar/a_Save")): Object: 'Object Repository/Specific Cases Repository/LS/Calendar/Calendar_Events/Calendar_Events_Creation/Block/Page_Calendar/a_Save' is clicked on

27-09-2024T16:04:23 - [MESSAGE][PASSED] - Object: 'Object Repository/Specific Cases Repository/LS/Calendar/Calendar_Events/Calendar_Events_Creation/Block/Page_Calendar/a_Save' is clicked on

27-09-2024T16:04:23 - [TEST_STEP][PASSED] - click(findTestObject("Specific Cases Repository/LS/Calendar/Calendar_Events/Calendar_Events_Creation/Appointment/Page_Calendar/Next Week Arrow")): Object: 'Object Repository/Specific Cases Repository/LS/Calendar/Calendar_Events/Calendar_Events_Creation/Appointment/Page_Calendar/Next Week Arrow' is clicked on

27-09-2024T16:04:24 - [MESSAGE][PASSED] - Object: 'Object Repository/Specific Cases Repository/LS/Calendar/Calendar_Events/Calendar_Events_Creation/Appointment/Page_Calendar/Next Week Arrow' is clicked on

27-09-2024T16:04:24 - [TEST_STEP][PASSED] - mouseOver(findTestObject("Specific Cases Repository/LS/Calendar/Calendar_Events/Calendar_Events_Creation/Block/Page_Calendar/a_Blocked for Automation Block - Future")): Object: 'Object Repository/Specific Cases Repository/LS/Calendar/Calendar_Events/Calendar_Events_Creation/Block/Page_Calendar/a_Blocked for Automation Block - Future' is hovered

27-09-2024T16:04:24 - [MESSAGE][PASSED] - Object: 'Object Repository/Specific Cases Repository/LS/Calendar/Calendar_Events/Calendar_Events_Creation/Block/Page_Calendar/a_Blocked for Automation Block - Future' is hovered

27-09-2024T16:04:24 - [TEST_STEP][PASSED] - verifyElementText(findTestObject("Specific Cases Repository/LS/Calendar/Calendar_Events/Calendar_Events_Creation/Block/Page_Calendar/span_Blocked for Future Automation Block"), "Blocked for: Future Automation Block"): Actual text and expected text of test object 'Object Repository/Specific Cases Repository/LS/Calendar/Calendar_Events/Calendar_Events_Creation/Block/Page_Calendar/span_Blocked for Future Automation Block' are matched.

27-09-2024T16:04:25 - [MESSAGE][PASSED] - Actual text and expected text of test object 'Object Repository/Specific Cases Repository/LS/Calendar/Calendar_Events/Calendar_Events_Creation/Block/Page_Calendar/span_Blocked for Future Automation Block' are matched.

27-09-2024T16:04:25 - [TEST_STEP][PASSED] - verifyElementText(findTestObject("Object Repository/Specific Cases Repository/LS/Calendar/Calendar_Events/Calendar_Events_Creation/Block/Page_Calendar/span_45 minutes before"), "45 minutes before"): Actual text and expected text of test object 'Object Repository/Specific Cases Repository/LS/Calendar/Calendar_Events/Calendar_Events_Creation/Block/Page_Calendar/span_45 minutes before' are matched.

27-09-2024T16:04:25 - [MESSAGE][PASSED] - Actual text and expected text of test object 'Object Repository/Specific Cases Repository/LS/Calendar/Calendar_Events/Calendar_Events_Creation/Block/Page_Calendar/span_45 minutes before' are matched.

27-09-2024T16:04:25 - [TEST_STEP][PASSED] - closeBrowser(): Browser is closed

27-09-2024T16:04:26 - [MESSAGE][PASSED] - Browser is closed]]></system-out>
         <system-err><![CDATA[]]></system-err>
      </testcase>
      <testcase name="Test Cases/Specific Cases/LS/General/Calendar/Future Events Creation/Future_Calendar_Event" time="25.52" classname="Test Cases/Specific Cases/LS/General/Calendar/Future Events Creation/Future_Calendar_Event" status="PASSED">
         <system-out><![CDATA[27-09-2024T16:04:26 - [TEST_CASE][PASSED] - Test Cases/Specific Cases/LS/General/Calendar/Future Events Creation/Future_Calendar_Event: Test Cases/Specific Cases/LS/General/Calendar/Future Events Creation/Future_Calendar_Event

27-09-2024T16:04:26 - [TEST_STEP][PASSED] - callTestCase(findTestCase("Common Cases/Login"), [:], STOP_ON_FAILURE): Call Test Case 'Test Cases/Common Cases/Login' successfully

27-09-2024T16:04:26 - [TEST_CASE][PASSED] - Test Cases/Common Cases/Login: Test Cases/Common Cases/Login

27-09-2024T16:04:26 - [TEST_STEP][PASSED] - openBrowser(""): Browser is opened with url: ''

27-09-2024T16:04:26 - [MESSAGE][INFO] - Starting 'Chrome' driver

27-09-2024T16:04:26 - [MESSAGE][INFO] - Action delay is set to 0 milliseconds

27-09-2024T16:04:27 - [MESSAGE][PASSED] - Browser is opened with url: ''

27-09-2024T16:04:27 - [TEST_STEP][PASSED] - maximizeWindow(): Current window maximized

27-09-2024T16:04:27 - [MESSAGE][PASSED] - Current window maximized

27-09-2024T16:04:27 - [TEST_STEP][PASSED] - navigateToUrl("https://site17.lsapp.cloud/auth/login"): Navigate to 'https://site17.lsapp.cloud/auth/login' successfully

27-09-2024T16:04:29 - [MESSAGE][PASSED] - Navigate to 'https://site17.lsapp.cloud/auth/login' successfully

27-09-2024T16:04:29 - [TEST_STEP][PASSED] - setText(findTestObject("Object Repository/Common Cases Repository/Login/Page_Lightning Step/input_Email_email"), "automation@lightningstep.com"): Text 'automation@lightningstep.com' is set on object 'Object Repository/Common Cases Repository/Login/Page_Lightning Step/input_Email_email'

27-09-2024T16:04:29 - [MESSAGE][PASSED] - Text 'automation@lightningstep.com' is set on object 'Object Repository/Common Cases Repository/Login/Page_Lightning Step/input_Email_email'

27-09-2024T16:04:29 - [TEST_STEP][PASSED] - setEncryptedText(findTestObject("Object Repository/Common Cases Repository/Login/Page_Lightning Step/input_Password_password"), "e5N8VHmnhJDITtQaQhDQDw=="): Text ****** has been set on object 'Object Repository/Common Cases Repository/Login/Page_Lightning Step/input_Password_password'

27-09-2024T16:04:30 - [MESSAGE][PASSED] - Text ****** has been set on object 'Object Repository/Common Cases Repository/Login/Page_Lightning Step/input_Password_password'

27-09-2024T16:04:30 - [TEST_STEP][PASSED] - click(findTestObject("Object Repository/Common Cases Repository/Login/Page_Lightning Step/button_Sign in")): Object: 'Object Repository/Common Cases Repository/Login/Page_Lightning Step/button_Sign in' is clicked on

27-09-2024T16:04:35 - [MESSAGE][PASSED] - Object: 'Object Repository/Common Cases Repository/Login/Page_Lightning Step/button_Sign in' is clicked on

27-09-2024T16:04:35 - [MESSAGE][PASSED] - Call Test Case 'Test Cases/Common Cases/Login' successfully

27-09-2024T16:04:35 - [TEST_STEP][PASSED] - click(findTestObject("Object Repository/Specific Cases Repository/LS/Calendar/Calendar_Events/Calendar_Events_Creation/Event/Page_Home/a_Calendar")): Object: 'Object Repository/Specific Cases Repository/LS/Calendar/Calendar_Events/Calendar_Events_Creation/Event/Page_Home/a_Calendar' is clicked on

27-09-2024T16:04:39 - [MESSAGE][PASSED] - Object: 'Object Repository/Specific Cases Repository/LS/Calendar/Calendar_Events/Calendar_Events_Creation/Event/Page_Home/a_Calendar' is clicked on

27-09-2024T16:04:39 - [TEST_STEP][PASSED] - navigateToUrl("https://site17.lsapp.cloud/calendar"): Navigate to 'https://site17.lsapp.cloud/calendar' successfully

27-09-2024T16:04:40 - [MESSAGE][PASSED] - Navigate to 'https://site17.lsapp.cloud/calendar' successfully

27-09-2024T16:04:40 - [TEST_STEP][PASSED] - click(findTestObject("Object Repository/Specific Cases Repository/LS/Calendar/Calendar_Events/Calendar_Events_Creation/Event/Page_Calendar/button_Create new")): Object: 'Object Repository/Specific Cases Repository/LS/Calendar/Calendar_Events/Calendar_Events_Creation/Event/Page_Calendar/button_Create new' is clicked on

27-09-2024T16:04:41 - [MESSAGE][PASSED] - Object: 'Object Repository/Specific Cases Repository/LS/Calendar/Calendar_Events/Calendar_Events_Creation/Event/Page_Calendar/button_Create new' is clicked on

27-09-2024T16:04:41 - [TEST_STEP][PASSED] - click(findTestObject("Object Repository/Specific Cases Repository/LS/Calendar/Calendar_Events/Calendar_Events_Creation/Event/Page_Calendar/label_Event")): Object: 'Object Repository/Specific Cases Repository/LS/Calendar/Calendar_Events/Calendar_Events_Creation/Event/Page_Calendar/label_Event' is clicked on

27-09-2024T16:04:42 - [MESSAGE][PASSED] - Object: 'Object Repository/Specific Cases Repository/LS/Calendar/Calendar_Events/Calendar_Events_Creation/Event/Page_Calendar/label_Event' is clicked on

27-09-2024T16:04:42 - [TEST_STEP][PASSED] - setText(findTestObject("Object Repository/Specific Cases Repository/LS/Calendar/Calendar_Events/Calendar_Events_Creation/Event/Page_Calendar/input_Title_title_"), "Future Automation Event"): Text 'Future Automation Event' is set on object 'Object Repository/Specific Cases Repository/LS/Calendar/Calendar_Events/Calendar_Events_Creation/Event/Page_Calendar/input_Title_title_'

27-09-2024T16:04:42 - [MESSAGE][PASSED] - Text 'Future Automation Event' is set on object 'Object Repository/Specific Cases Repository/LS/Calendar/Calendar_Events/Calendar_Events_Creation/Event/Page_Calendar/input_Title_title_'

27-09-2024T16:04:42 - [TEST_STEP][PASSED] - click(findTestObject("Object Repository/Specific Cases Repository/LS/Calendar/Calendar_Events/Calendar_Events_Creation/Appointment/Page_Calendar/Date")): Object: 'Object Repository/Specific Cases Repository/LS/Calendar/Calendar_Events/Calendar_Events_Creation/Appointment/Page_Calendar/Date' is clicked on

27-09-2024T16:04:43 - [MESSAGE][PASSED] - Object: 'Object Repository/Specific Cases Repository/LS/Calendar/Calendar_Events/Calendar_Events_Creation/Appointment/Page_Calendar/Date' is clicked on

27-09-2024T16:04:43 - [TEST_STEP][PASSED] - setText(findTestObject("Object Repository/Specific Cases Repository/LS/Calendar/Calendar_Events/Calendar_Events_Creation/Appointment/Page_Calendar/Date"), Next_Week_Date): Text '10/04/2024' is set on object 'Object Repository/Specific Cases Repository/LS/Calendar/Calendar_Events/Calendar_Events_Creation/Appointment/Page_Calendar/Date'

27-09-2024T16:04:43 - [MESSAGE][PASSED] - Text '10/04/2024' is set on object 'Object Repository/Specific Cases Repository/LS/Calendar/Calendar_Events/Calendar_Events_Creation/Appointment/Page_Calendar/Date'

27-09-2024T16:04:43 - [TEST_STEP][PASSED] - click(findTestObject("Object Repository/Specific Cases Repository/LS/Calendar/Calendar_Events/Calendar_Events_Creation/Appointment/Page_Calendar/Start Time Clock")): Object: 'Object Repository/Specific Cases Repository/LS/Calendar/Calendar_Events/Calendar_Events_Creation/Appointment/Page_Calendar/Start Time Clock' is clicked on

27-09-2024T16:04:44 - [MESSAGE][PASSED] - Object: 'Object Repository/Specific Cases Repository/LS/Calendar/Calendar_Events/Calendar_Events_Creation/Appointment/Page_Calendar/Start Time Clock' is clicked on

27-09-2024T16:04:44 - [TEST_STEP][PASSED] - setText(findTestObject("Object Repository/Specific Cases Repository/LS/Calendar/Calendar_Events/Calendar_Events_Creation/Appointment/Page_Calendar/Start Time Clock"), "1400"): Text '1400' is set on object 'Object Repository/Specific Cases Repository/LS/Calendar/Calendar_Events/Calendar_Events_Creation/Appointment/Page_Calendar/Start Time Clock'

27-09-2024T16:04:45 - [MESSAGE][PASSED] - Text '1400' is set on object 'Object Repository/Specific Cases Repository/LS/Calendar/Calendar_Events/Calendar_Events_Creation/Appointment/Page_Calendar/Start Time Clock'

27-09-2024T16:04:45 - [TEST_STEP][PASSED] - click(findTestObject("Object Repository/Specific Cases Repository/LS/Calendar/Calendar_Events/Calendar_Events_Creation/Event/Page_Calendar/div_Schedule                               _3f20bf")): Object: 'Object Repository/Specific Cases Repository/LS/Calendar/Calendar_Events/Calendar_Events_Creation/Event/Page_Calendar/div_Schedule                               _3f20bf' is clicked on

27-09-2024T16:04:45 - [MESSAGE][PASSED] - Object: 'Object Repository/Specific Cases Repository/LS/Calendar/Calendar_Events/Calendar_Events_Creation/Event/Page_Calendar/div_Schedule                               _3f20bf' is clicked on

27-09-2024T16:04:45 - [TEST_STEP][PASSED] - click(findTestObject("Object Repository/Specific Cases Repository/LS/Calendar/Calendar_Events/Calendar_Events_Creation/Event/Page_Calendar/button_Reminder__simple-switch-track")): Object: 'Object Repository/Specific Cases Repository/LS/Calendar/Calendar_Events/Calendar_Events_Creation/Event/Page_Calendar/button_Reminder__simple-switch-track' is clicked on

27-09-2024T16:04:45 - [MESSAGE][PASSED] - Object: 'Object Repository/Specific Cases Repository/LS/Calendar/Calendar_Events/Calendar_Events_Creation/Event/Page_Calendar/button_Reminder__simple-switch-track' is clicked on

27-09-2024T16:04:45 - [TEST_STEP][PASSED] - setText(findTestObject("Object Repository/Specific Cases Repository/LS/Calendar/Calendar_Events/Calendar_Events_Creation/Event/Page_Calendar/input_Reminder_select2-search__field"), "15"): Text '15' is set on object 'Object Repository/Specific Cases Repository/LS/Calendar/Calendar_Events/Calendar_Events_Creation/Event/Page_Calendar/input_Reminder_select2-search__field'

27-09-2024T16:04:46 - [MESSAGE][PASSED] - Text '15' is set on object 'Object Repository/Specific Cases Repository/LS/Calendar/Calendar_Events/Calendar_Events_Creation/Event/Page_Calendar/input_Reminder_select2-search__field'

27-09-2024T16:04:46 - [TEST_STEP][PASSED] - sendKeys(findTestObject("Object Repository/Specific Cases Repository/LS/Calendar/Calendar_Events/Calendar_Events_Creation/Event/Page_Calendar/input_Reminder_select2-search__field"), Keys.chord(ENTER)): Keys 'ENTER + ' sent to object: 'Object Repository/Specific Cases Repository/LS/Calendar/Calendar_Events/Calendar_Events_Creation/Event/Page_Calendar/input_Reminder_select2-search__field'

27-09-2024T16:04:46 - [MESSAGE][PASSED] - Keys 'ENTER + ' sent to object: 'Object Repository/Specific Cases Repository/LS/Calendar/Calendar_Events/Calendar_Events_Creation/Event/Page_Calendar/input_Reminder_select2-search__field'

27-09-2024T16:04:46 - [TEST_STEP][PASSED] - setText(findTestObject("Object Repository/Specific Cases Repository/LS/Calendar/Calendar_Events/Calendar_Events_Creation/Event/Page_Calendar/input_Reminder_select2-search__field"), "3 "): Text '3 ' is set on object 'Object Repository/Specific Cases Repository/LS/Calendar/Calendar_Events/Calendar_Events_Creation/Event/Page_Calendar/input_Reminder_select2-search__field'

27-09-2024T16:04:47 - [MESSAGE][PASSED] - Text '3 ' is set on object 'Object Repository/Specific Cases Repository/LS/Calendar/Calendar_Events/Calendar_Events_Creation/Event/Page_Calendar/input_Reminder_select2-search__field'

27-09-2024T16:04:47 - [TEST_STEP][PASSED] - sendKeys(findTestObject("Object Repository/Specific Cases Repository/LS/Calendar/Calendar_Events/Calendar_Events_Creation/Event/Page_Calendar/input_Reminder_select2-search__field"), Keys.chord(ENTER)): Keys 'ENTER + ' sent to object: 'Object Repository/Specific Cases Repository/LS/Calendar/Calendar_Events/Calendar_Events_Creation/Event/Page_Calendar/input_Reminder_select2-search__field'

27-09-2024T16:04:48 - [MESSAGE][PASSED] - Keys 'ENTER + ' sent to object: 'Object Repository/Specific Cases Repository/LS/Calendar/Calendar_Events/Calendar_Events_Creation/Event/Page_Calendar/input_Reminder_select2-search__field'

27-09-2024T16:04:48 - [TEST_STEP][PASSED] - setText(findTestObject("Object Repository/Specific Cases Repository/LS/Calendar/Calendar_Events/Calendar_Events_Creation/Event/Page_Calendar/input_Notes_notes"), "Future Automation Event Note"): Text 'Future Automation Event Note' is set on object 'Object Repository/Specific Cases Repository/LS/Calendar/Calendar_Events/Calendar_Events_Creation/Event/Page_Calendar/input_Notes_notes'

27-09-2024T16:04:49 - [MESSAGE][PASSED] - Text 'Future Automation Event Note' is set on object 'Object Repository/Specific Cases Repository/LS/Calendar/Calendar_Events/Calendar_Events_Creation/Event/Page_Calendar/input_Notes_notes'

27-09-2024T16:04:49 - [TEST_STEP][PASSED] - click(findTestObject("Object Repository/Specific Cases Repository/LS/Calendar/Calendar_Events/Calendar_Events_Creation/Event/Page_Calendar/a_Save")): Object: 'Object Repository/Specific Cases Repository/LS/Calendar/Calendar_Events/Calendar_Events_Creation/Event/Page_Calendar/a_Save' is clicked on

27-09-2024T16:04:49 - [MESSAGE][PASSED] - Object: 'Object Repository/Specific Cases Repository/LS/Calendar/Calendar_Events/Calendar_Events_Creation/Event/Page_Calendar/a_Save' is clicked on

27-09-2024T16:04:49 - [TEST_STEP][PASSED] - click(findTestObject("Specific Cases Repository/LS/Calendar/Calendar_Events/Calendar_Events_Creation/Appointment/Page_Calendar/Next Week Arrow")): Object: 'Object Repository/Specific Cases Repository/LS/Calendar/Calendar_Events/Calendar_Events_Creation/Appointment/Page_Calendar/Next Week Arrow' is clicked on

27-09-2024T16:04:49 - [MESSAGE][PASSED] - Object: 'Object Repository/Specific Cases Repository/LS/Calendar/Calendar_Events/Calendar_Events_Creation/Appointment/Page_Calendar/Next Week Arrow' is clicked on

27-09-2024T16:04:49 - [TEST_STEP][PASSED] - scrollToElement(findTestObject("Specific Cases Repository/LS/Calendar/Calendar_Events/Calendar_Events_Creation/Event/Page_Calendar/a_Automation Event - Future"), 0): Scroll to object 'Object Repository/Specific Cases Repository/LS/Calendar/Calendar_Events/Calendar_Events_Creation/Event/Page_Calendar/a_Automation Event - Future' successfully

27-09-2024T16:04:49 - [MESSAGE][WARNING] - Timeout '0' is invalid. Using default page load timeout: '30'

27-09-2024T16:04:51 - [MESSAGE][PASSED] - Scroll to object 'Object Repository/Specific Cases Repository/LS/Calendar/Calendar_Events/Calendar_Events_Creation/Event/Page_Calendar/a_Automation Event - Future' successfully

27-09-2024T16:04:51 - [TEST_STEP][PASSED] - mouseOver(findTestObject("Specific Cases Repository/LS/Calendar/Calendar_Events/Calendar_Events_Creation/Event/Page_Calendar/a_Automation Event - Future")): Object: 'Object Repository/Specific Cases Repository/LS/Calendar/Calendar_Events/Calendar_Events_Creation/Event/Page_Calendar/a_Automation Event - Future' is hovered

27-09-2024T16:04:51 - [MESSAGE][PASSED] - Object: 'Object Repository/Specific Cases Repository/LS/Calendar/Calendar_Events/Calendar_Events_Creation/Event/Page_Calendar/a_Automation Event - Future' is hovered

27-09-2024T16:04:51 - [TEST_STEP][PASSED] - verifyElementText(findTestObject("Specific Cases Repository/LS/Calendar/Calendar_Events/Calendar_Events_Creation/Event/Page_Calendar/span_Automation Event - Future"), "Future Automation Event"): Actual text and expected text of test object 'Object Repository/Specific Cases Repository/LS/Calendar/Calendar_Events/Calendar_Events_Creation/Event/Page_Calendar/span_Automation Event - Future' are matched.

27-09-2024T16:04:51 - [MESSAGE][PASSED] - Actual text and expected text of test object 'Object Repository/Specific Cases Repository/LS/Calendar/Calendar_Events/Calendar_Events_Creation/Event/Page_Calendar/span_Automation Event - Future' are matched.

27-09-2024T16:04:51 - [TEST_STEP][PASSED] - verifyElementText(findTestObject("Object Repository/Specific Cases Repository/LS/Calendar/Calendar_Events/Calendar_Events_Creation/Event/Page_Calendar/span_180 minutes before, 15 minutes before"), "180 minutes before, 15 minutes before"): Actual text and expected text of test object 'Object Repository/Specific Cases Repository/LS/Calendar/Calendar_Events/Calendar_Events_Creation/Event/Page_Calendar/span_180 minutes before, 15 minutes before' are matched.

27-09-2024T16:04:52 - [MESSAGE][PASSED] - Actual text and expected text of test object 'Object Repository/Specific Cases Repository/LS/Calendar/Calendar_Events/Calendar_Events_Creation/Event/Page_Calendar/span_180 minutes before, 15 minutes before' are matched.

27-09-2024T16:04:52 - [TEST_STEP][PASSED] - closeBrowser(): Browser is closed

27-09-2024T16:04:52 - [MESSAGE][PASSED] - Browser is closed]]></system-out>
         <system-err><![CDATA[]]></system-err>
      </testcase>
      <testcase name="Test Cases/Specific Cases/LS/General/Calendar/Future Events Creation/Future_Calendar_Groups" time="32.74" classname="Test Cases/Specific Cases/LS/General/Calendar/Future Events Creation/Future_Calendar_Groups" status="PASSED">
         <system-out><![CDATA[27-09-2024T16:04:52 - [TEST_CASE][PASSED] - Test Cases/Specific Cases/LS/General/Calendar/Future Events Creation/Future_Calendar_Groups: Test Cases/Specific Cases/LS/General/Calendar/Future Events Creation/Future_Calendar_Groups

27-09-2024T16:04:52 - [TEST_STEP][PASSED] - callTestCase(findTestCase("Common Cases/Login"), [:], STOP_ON_FAILURE): Call Test Case 'Test Cases/Common Cases/Login' successfully

27-09-2024T16:04:52 - [TEST_CASE][PASSED] - Test Cases/Common Cases/Login: Test Cases/Common Cases/Login

27-09-2024T16:04:52 - [TEST_STEP][PASSED] - openBrowser(""): Browser is opened with url: ''

27-09-2024T16:04:52 - [MESSAGE][INFO] - Starting 'Chrome' driver

27-09-2024T16:04:52 - [MESSAGE][INFO] - Action delay is set to 0 milliseconds

27-09-2024T16:04:53 - [MESSAGE][PASSED] - Browser is opened with url: ''

27-09-2024T16:04:53 - [TEST_STEP][PASSED] - maximizeWindow(): Current window maximized

27-09-2024T16:04:53 - [MESSAGE][PASSED] - Current window maximized

27-09-2024T16:04:53 - [TEST_STEP][PASSED] - navigateToUrl("https://site17.lsapp.cloud/auth/login"): Navigate to 'https://site17.lsapp.cloud/auth/login' successfully

27-09-2024T16:04:54 - [MESSAGE][PASSED] - Navigate to 'https://site17.lsapp.cloud/auth/login' successfully

27-09-2024T16:04:54 - [TEST_STEP][PASSED] - setText(findTestObject("Object Repository/Common Cases Repository/Login/Page_Lightning Step/input_Email_email"), "automation@lightningstep.com"): Text 'automation@lightningstep.com' is set on object 'Object Repository/Common Cases Repository/Login/Page_Lightning Step/input_Email_email'

27-09-2024T16:04:55 - [MESSAGE][PASSED] - Text 'automation@lightningstep.com' is set on object 'Object Repository/Common Cases Repository/Login/Page_Lightning Step/input_Email_email'

27-09-2024T16:04:55 - [TEST_STEP][PASSED] - setEncryptedText(findTestObject("Object Repository/Common Cases Repository/Login/Page_Lightning Step/input_Password_password"), "e5N8VHmnhJDITtQaQhDQDw=="): Text ****** has been set on object 'Object Repository/Common Cases Repository/Login/Page_Lightning Step/input_Password_password'

27-09-2024T16:04:55 - [MESSAGE][PASSED] - Text ****** has been set on object 'Object Repository/Common Cases Repository/Login/Page_Lightning Step/input_Password_password'

27-09-2024T16:04:55 - [TEST_STEP][PASSED] - click(findTestObject("Object Repository/Common Cases Repository/Login/Page_Lightning Step/button_Sign in")): Object: 'Object Repository/Common Cases Repository/Login/Page_Lightning Step/button_Sign in' is clicked on

27-09-2024T16:05:00 - [MESSAGE][PASSED] - Object: 'Object Repository/Common Cases Repository/Login/Page_Lightning Step/button_Sign in' is clicked on

27-09-2024T16:05:00 - [MESSAGE][PASSED] - Call Test Case 'Test Cases/Common Cases/Login' successfully

27-09-2024T16:05:00 - [TEST_STEP][PASSED] - click(findTestObject("Object Repository/Specific Cases Repository/LS/Calendar/Calendar_Events/Calendar_Events_Creation/Group/Page_Home/a_Calendar")): Object: 'Object Repository/Specific Cases Repository/LS/Calendar/Calendar_Events/Calendar_Events_Creation/Group/Page_Home/a_Calendar' is clicked on

27-09-2024T16:05:03 - [MESSAGE][PASSED] - Object: 'Object Repository/Specific Cases Repository/LS/Calendar/Calendar_Events/Calendar_Events_Creation/Group/Page_Home/a_Calendar' is clicked on

27-09-2024T16:05:03 - [TEST_STEP][PASSED] - navigateToUrl("https://site17.lsapp.cloud/calendar"): Navigate to 'https://site17.lsapp.cloud/calendar' successfully

27-09-2024T16:05:05 - [MESSAGE][PASSED] - Navigate to 'https://site17.lsapp.cloud/calendar' successfully

27-09-2024T16:05:05 - [TEST_STEP][PASSED] - click(findTestObject("Object Repository/Specific Cases Repository/LS/Calendar/Calendar_Events/Calendar_Events_Creation/Group/Page_Calendar/button_Create new")): Object: 'Object Repository/Specific Cases Repository/LS/Calendar/Calendar_Events/Calendar_Events_Creation/Group/Page_Calendar/button_Create new' is clicked on

27-09-2024T16:05:05 - [MESSAGE][PASSED] - Object: 'Object Repository/Specific Cases Repository/LS/Calendar/Calendar_Events/Calendar_Events_Creation/Group/Page_Calendar/button_Create new' is clicked on

27-09-2024T16:05:05 - [TEST_STEP][PASSED] - click(findTestObject("Object Repository/Specific Cases Repository/LS/Calendar/Calendar_Events/Calendar_Events_Creation/Group/Page_Calendar/label_Group")): Object: 'Object Repository/Specific Cases Repository/LS/Calendar/Calendar_Events/Calendar_Events_Creation/Group/Page_Calendar/label_Group' is clicked on

27-09-2024T16:05:06 - [MESSAGE][PASSED] - Object: 'Object Repository/Specific Cases Repository/LS/Calendar/Calendar_Events/Calendar_Events_Creation/Group/Page_Calendar/label_Group' is clicked on

27-09-2024T16:05:06 - [TEST_STEP][PASSED] - click(findTestObject("Object Repository/Specific Cases Repository/LS/Calendar/Calendar_Events/Calendar_Events_Creation/Group/Page_Calendar/Groups Selector")): Object: 'Object Repository/Specific Cases Repository/LS/Calendar/Calendar_Events/Calendar_Events_Creation/Group/Page_Calendar/Groups Selector' is clicked on

27-09-2024T16:05:07 - [MESSAGE][PASSED] - Object: 'Object Repository/Specific Cases Repository/LS/Calendar/Calendar_Events/Calendar_Events_Creation/Group/Page_Calendar/Groups Selector' is clicked on

27-09-2024T16:05:07 - [TEST_STEP][PASSED] - setText(findTestObject("Object Repository/Specific Cases Repository/LS/Calendar/Calendar_Events/Calendar_Events_Creation/Group/Page_Calendar/input_Loading_select2-search__field"), "1.2"): Text '1.2' is set on object 'Object Repository/Specific Cases Repository/LS/Calendar/Calendar_Events/Calendar_Events_Creation/Group/Page_Calendar/input_Loading_select2-search__field'

27-09-2024T16:05:08 - [MESSAGE][PASSED] - Text '1.2' is set on object 'Object Repository/Specific Cases Repository/LS/Calendar/Calendar_Events/Calendar_Events_Creation/Group/Page_Calendar/input_Loading_select2-search__field'

27-09-2024T16:05:08 - [TEST_STEP][PASSED] - sendKeys(findTestObject("Object Repository/Specific Cases Repository/LS/Calendar/Calendar_Events/Calendar_Events_Creation/Group/Page_Calendar/input_Loading_select2-search__field"), Keys.chord(ENTER)): Keys 'ENTER + ' sent to object: 'Object Repository/Specific Cases Repository/LS/Calendar/Calendar_Events/Calendar_Events_Creation/Group/Page_Calendar/input_Loading_select2-search__field'

27-09-2024T16:05:09 - [MESSAGE][PASSED] - Keys 'ENTER + ' sent to object: 'Object Repository/Specific Cases Repository/LS/Calendar/Calendar_Events/Calendar_Events_Creation/Group/Page_Calendar/input_Loading_select2-search__field'

27-09-2024T16:05:09 - [TEST_STEP][PASSED] - setText(findTestObject("Object Repository/Specific Cases Repository/LS/Calendar/Calendar_Events/Calendar_Events_Creation/Group/Page_Calendar/input_Title_title_"), "1.2 Automatically Enroll Clients in Selected Location/Program(s) : Select Content"): Text '1.2 Automatically Enroll Clients in Selected Location/Program(s) : Select Content' is set on object 'Object Repository/Specific Cases Repository/LS/Calendar/Calendar_Events/Calendar_Events_Creation/Group/Page_Calendar/input_Title_title_'

27-09-2024T16:05:10 - [MESSAGE][PASSED] - Text '1.2 Automatically Enroll Clients in Selected Location/Program(s) : Select Content' is set on object 'Object Repository/Specific Cases Repository/LS/Calendar/Calendar_Events/Calendar_Events_Creation/Group/Page_Calendar/input_Title_title_'

27-09-2024T16:05:10 - [TEST_STEP][PASSED] - click(findTestObject("Object Repository/Specific Cases Repository/LS/Calendar/Calendar_Events/Calendar_Events_Creation/Group/Page_Calendar/Date")): Object: 'Object Repository/Specific Cases Repository/LS/Calendar/Calendar_Events/Calendar_Events_Creation/Group/Page_Calendar/Date' is clicked on

27-09-2024T16:05:10 - [MESSAGE][PASSED] - Object: 'Object Repository/Specific Cases Repository/LS/Calendar/Calendar_Events/Calendar_Events_Creation/Group/Page_Calendar/Date' is clicked on

27-09-2024T16:05:10 - [TEST_STEP][PASSED] - setText(findTestObject("Object Repository/Specific Cases Repository/LS/Calendar/Calendar_Events/Calendar_Events_Creation/Group/Page_Calendar/Date"), Next_Week_Date): Text '10/04/2024' is set on object 'Object Repository/Specific Cases Repository/LS/Calendar/Calendar_Events/Calendar_Events_Creation/Group/Page_Calendar/Date'

27-09-2024T16:05:11 - [MESSAGE][PASSED] - Text '10/04/2024' is set on object 'Object Repository/Specific Cases Repository/LS/Calendar/Calendar_Events/Calendar_Events_Creation/Group/Page_Calendar/Date'

27-09-2024T16:05:11 - [TEST_STEP][PASSED] - click(findTestObject("Object Repository/Specific Cases Repository/LS/Calendar/Calendar_Events/Calendar_Events_Creation/Group/Page_Calendar/Start Time")): Object: 'Object Repository/Specific Cases Repository/LS/Calendar/Calendar_Events/Calendar_Events_Creation/Group/Page_Calendar/Start Time' is clicked on

27-09-2024T16:05:11 - [MESSAGE][PASSED] - Object: 'Object Repository/Specific Cases Repository/LS/Calendar/Calendar_Events/Calendar_Events_Creation/Group/Page_Calendar/Start Time' is clicked on

27-09-2024T16:05:11 - [TEST_STEP][PASSED] - setText(findTestObject("Object Repository/Specific Cases Repository/LS/Calendar/Calendar_Events/Calendar_Events_Creation/Group/Page_Calendar/Start Time"), "1300"): Text '1300' is set on object 'Object Repository/Specific Cases Repository/LS/Calendar/Calendar_Events/Calendar_Events_Creation/Group/Page_Calendar/Start Time'

27-09-2024T16:05:12 - [MESSAGE][PASSED] - Text '1300' is set on object 'Object Repository/Specific Cases Repository/LS/Calendar/Calendar_Events/Calendar_Events_Creation/Group/Page_Calendar/Start Time'

27-09-2024T16:05:12 - [TEST_STEP][PASSED] - click(findTestObject("Object Repository/Specific Cases Repository/LS/Calendar/Calendar_Events/Calendar_Events_Creation/Group/Page_Calendar/End Time")): Object: 'Object Repository/Specific Cases Repository/LS/Calendar/Calendar_Events/Calendar_Events_Creation/Group/Page_Calendar/End Time' is clicked on

27-09-2024T16:05:13 - [MESSAGE][PASSED] - Object: 'Object Repository/Specific Cases Repository/LS/Calendar/Calendar_Events/Calendar_Events_Creation/Group/Page_Calendar/End Time' is clicked on

27-09-2024T16:05:13 - [TEST_STEP][PASSED] - setText(findTestObject("Object Repository/Specific Cases Repository/LS/Calendar/Calendar_Events/Calendar_Events_Creation/Group/Page_Calendar/End Time"), "1400"): Text '1400' is set on object 'Object Repository/Specific Cases Repository/LS/Calendar/Calendar_Events/Calendar_Events_Creation/Group/Page_Calendar/End Time'

27-09-2024T16:05:13 - [MESSAGE][PASSED] - Text '1400' is set on object 'Object Repository/Specific Cases Repository/LS/Calendar/Calendar_Events/Calendar_Events_Creation/Group/Page_Calendar/End Time'

27-09-2024T16:05:13 - [TEST_STEP][PASSED] - click(findTestObject("Object Repository/Specific Cases Repository/LS/Calendar/Calendar_Events/Calendar_Events_Creation/Group/Page_Calendar/Groups Selector")): Object: 'Object Repository/Specific Cases Repository/LS/Calendar/Calendar_Events/Calendar_Events_Creation/Group/Page_Calendar/Groups Selector' is clicked on

27-09-2024T16:05:14 - [MESSAGE][PASSED] - Object: 'Object Repository/Specific Cases Repository/LS/Calendar/Calendar_Events/Calendar_Events_Creation/Group/Page_Calendar/Groups Selector' is clicked on

27-09-2024T16:05:14 - [TEST_STEP][PASSED] - setText(findTestObject("Object Repository/Specific Cases Repository/LS/Calendar/Calendar_Events/Calendar_Events_Creation/Group/Page_Calendar/input_Loading_select2-search__field"), "1.2"): Text '1.2' is set on object 'Object Repository/Specific Cases Repository/LS/Calendar/Calendar_Events/Calendar_Events_Creation/Group/Page_Calendar/input_Loading_select2-search__field'

27-09-2024T16:05:15 - [MESSAGE][PASSED] - Text '1.2' is set on object 'Object Repository/Specific Cases Repository/LS/Calendar/Calendar_Events/Calendar_Events_Creation/Group/Page_Calendar/input_Loading_select2-search__field'

27-09-2024T16:05:15 - [TEST_STEP][PASSED] - sendKeys(findTestObject("Object Repository/Specific Cases Repository/LS/Calendar/Calendar_Events/Calendar_Events_Creation/Group/Page_Calendar/input_Loading_select2-search__field"), Keys.chord(ENTER)): Keys 'ENTER + ' sent to object: 'Object Repository/Specific Cases Repository/LS/Calendar/Calendar_Events/Calendar_Events_Creation/Group/Page_Calendar/input_Loading_select2-search__field'

27-09-2024T16:05:15 - [MESSAGE][PASSED] - Keys 'ENTER + ' sent to object: 'Object Repository/Specific Cases Repository/LS/Calendar/Calendar_Events/Calendar_Events_Creation/Group/Page_Calendar/input_Loading_select2-search__field'

27-09-2024T16:05:15 - [TEST_STEP][PASSED] - click(findTestObject("Object Repository/Specific Cases Repository/LS/Calendar/Calendar_Events/Calendar_Events_Creation/Group/Page_Calendar/span_Select Clients")): Object: 'Object Repository/Specific Cases Repository/LS/Calendar/Calendar_Events/Calendar_Events_Creation/Group/Page_Calendar/span_Select Clients' is clicked on

27-09-2024T16:05:16 - [MESSAGE][PASSED] - Object: 'Object Repository/Specific Cases Repository/LS/Calendar/Calendar_Events/Calendar_Events_Creation/Group/Page_Calendar/span_Select Clients' is clicked on

27-09-2024T16:05:16 - [TEST_STEP][PASSED] - click(findTestObject("Object Repository/Specific Cases Repository/LS/Calendar/Calendar_Events/Calendar_Events_Creation/Group/Page_Calendar/label_C Automation, C Client MR 24-11008")): Object: 'Object Repository/Specific Cases Repository/LS/Calendar/Calendar_Events/Calendar_Events_Creation/Group/Page_Calendar/label_C Automation, C Client MR 24-11008' is clicked on

27-09-2024T16:05:16 - [MESSAGE][PASSED] - Object: 'Object Repository/Specific Cases Repository/LS/Calendar/Calendar_Events/Calendar_Events_Creation/Group/Page_Calendar/label_C Automation, C Client MR 24-11008' is clicked on

27-09-2024T16:05:16 - [TEST_STEP][PASSED] - click(findTestObject("Object Repository/Specific Cases Repository/LS/Calendar/Calendar_Events/Calendar_Events_Creation/Group/Page_Calendar/label_B Automation, B Client MR 24-11007")): Object: 'Object Repository/Specific Cases Repository/LS/Calendar/Calendar_Events/Calendar_Events_Creation/Group/Page_Calendar/label_B Automation, B Client MR 24-11007' is clicked on

27-09-2024T16:05:17 - [MESSAGE][PASSED] - Object: 'Object Repository/Specific Cases Repository/LS/Calendar/Calendar_Events/Calendar_Events_Creation/Group/Page_Calendar/label_B Automation, B Client MR 24-11007' is clicked on

27-09-2024T16:05:17 - [TEST_STEP][PASSED] - click(findTestObject("Object Repository/Specific Cases Repository/LS/Calendar/Calendar_Events/Calendar_Events_Creation/Group/Page_Calendar/View Enrolled Patients")): Object: 'Object Repository/Specific Cases Repository/LS/Calendar/Calendar_Events/Calendar_Events_Creation/Group/Page_Calendar/View Enrolled Patients' is clicked on

27-09-2024T16:05:17 - [MESSAGE][PASSED] - Object: 'Object Repository/Specific Cases Repository/LS/Calendar/Calendar_Events/Calendar_Events_Creation/Group/Page_Calendar/View Enrolled Patients' is clicked on

27-09-2024T16:05:17 - [TEST_STEP][PASSED] - verifyElementText(findTestObject("Object Repository/Specific Cases Repository/LS/Calendar/Calendar_Events/Calendar_Events_Creation/Group/Page_Calendar/td_C Automation, C Client MR 24-11008"), "C Automation, C Client MR# 24-11008"): Actual text and expected text of test object 'Object Repository/Specific Cases Repository/LS/Calendar/Calendar_Events/Calendar_Events_Creation/Group/Page_Calendar/td_C Automation, C Client MR 24-11008' are matched.

27-09-2024T16:05:18 - [MESSAGE][PASSED] - Actual text and expected text of test object 'Object Repository/Specific Cases Repository/LS/Calendar/Calendar_Events/Calendar_Events_Creation/Group/Page_Calendar/td_C Automation, C Client MR 24-11008' are matched.

27-09-2024T16:05:18 - [TEST_STEP][PASSED] - verifyElementText(findTestObject("Object Repository/Specific Cases Repository/LS/Calendar/Calendar_Events/Calendar_Events_Creation/Group/Page_Calendar/td_B Automation, B Client MR 24-11007"), "B Automation, B Client MR# 24-11007"): Actual text and expected text of test object 'Object Repository/Specific Cases Repository/LS/Calendar/Calendar_Events/Calendar_Events_Creation/Group/Page_Calendar/td_B Automation, B Client MR 24-11007' are matched.

27-09-2024T16:05:18 - [MESSAGE][PASSED] - Actual text and expected text of test object 'Object Repository/Specific Cases Repository/LS/Calendar/Calendar_Events/Calendar_Events_Creation/Group/Page_Calendar/td_B Automation, B Client MR 24-11007' are matched.

27-09-2024T16:05:18 - [TEST_STEP][PASSED] - click(findTestObject("Object Repository/Specific Cases Repository/LS/Calendar/Calendar_Events/Calendar_Events_Creation/Group/Page_Calendar/View Enrolled Patients")): Object: 'Object Repository/Specific Cases Repository/LS/Calendar/Calendar_Events/Calendar_Events_Creation/Group/Page_Calendar/View Enrolled Patients' is clicked on

27-09-2024T16:05:18 - [MESSAGE][PASSED] - Object: 'Object Repository/Specific Cases Repository/LS/Calendar/Calendar_Events/Calendar_Events_Creation/Group/Page_Calendar/View Enrolled Patients' is clicked on

27-09-2024T16:05:18 - [TEST_STEP][PASSED] - scrollToElement(findTestObject("Object Repository/Specific Cases Repository/LS/Calendar/Calendar_Events/Calendar_Events_Creation/Group/Page_Calendar/a_Save"), 0): Scroll to object 'Object Repository/Specific Cases Repository/LS/Calendar/Calendar_Events/Calendar_Events_Creation/Group/Page_Calendar/a_Save' successfully

27-09-2024T16:05:18 - [MESSAGE][WARNING] - Timeout '0' is invalid. Using default page load timeout: '30'

27-09-2024T16:05:18 - [MESSAGE][PASSED] - Scroll to object 'Object Repository/Specific Cases Repository/LS/Calendar/Calendar_Events/Calendar_Events_Creation/Group/Page_Calendar/a_Save' successfully

27-09-2024T16:05:18 - [TEST_STEP][PASSED] - click(findTestObject("Object Repository/Specific Cases Repository/LS/Calendar/Calendar_Events/Calendar_Events_Creation/Group/Page_Calendar/a_Save")): Object: 'Object Repository/Specific Cases Repository/LS/Calendar/Calendar_Events/Calendar_Events_Creation/Group/Page_Calendar/a_Save' is clicked on

27-09-2024T16:05:19 - [MESSAGE][PASSED] - Object: 'Object Repository/Specific Cases Repository/LS/Calendar/Calendar_Events/Calendar_Events_Creation/Group/Page_Calendar/a_Save' is clicked on

27-09-2024T16:05:19 - [TEST_STEP][PASSED] - click(findTestObject("Specific Cases Repository/LS/Calendar/Calendar_Events/Calendar_Events_Creation/Appointment/Page_Calendar/Next Week Arrow")): Object: 'Object Repository/Specific Cases Repository/LS/Calendar/Calendar_Events/Calendar_Events_Creation/Appointment/Page_Calendar/Next Week Arrow' is clicked on

27-09-2024T16:05:19 - [MESSAGE][PASSED] - Object: 'Object Repository/Specific Cases Repository/LS/Calendar/Calendar_Events/Calendar_Events_Creation/Appointment/Page_Calendar/Next Week Arrow' is clicked on

27-09-2024T16:05:19 - [TEST_STEP][PASSED] - waitForPageLoad(30): Wait for page load successfully

27-09-2024T16:05:19 - [MESSAGE][PASSED] - Wait for page load successfully

27-09-2024T16:05:19 - [TEST_STEP][PASSED] - click(findTestObject("Specific Cases Repository/LS/Calendar/Calendar_Events/Calendar_Events_Creation/Group/Page_Calendar/Calendar Event - Future")): Object: 'Object Repository/Specific Cases Repository/LS/Calendar/Calendar_Events/Calendar_Events_Creation/Group/Page_Calendar/Calendar Event - Future' is clicked on

27-09-2024T16:05:20 - [MESSAGE][PASSED] - Object: 'Object Repository/Specific Cases Repository/LS/Calendar/Calendar_Events/Calendar_Events_Creation/Group/Page_Calendar/Calendar Event - Future' is clicked on

27-09-2024T16:05:20 - [TEST_STEP][PASSED] - setText(findTestObject("Object Repository/Specific Cases Repository/LS/Calendar/Calendar_Events/Calendar_Events_Creation/Group/Page_Calendar/input_Title_title_edit"), "Future Automation Test 1.2 Automatically Enroll Clients in Selected Location/Program(s)"): Text 'Future Automation Test 1.2 Automatically Enroll Clients in Selected Location/Program(s)' is set on object 'Object Repository/Specific Cases Repository/LS/Calendar/Calendar_Events/Calendar_Events_Creation/Group/Page_Calendar/input_Title_title_edit'

27-09-2024T16:05:22 - [MESSAGE][PASSED] - Text 'Future Automation Test 1.2 Automatically Enroll Clients in Selected Location/Program(s)' is set on object 'Object Repository/Specific Cases Repository/LS/Calendar/Calendar_Events/Calendar_Events_Creation/Group/Page_Calendar/input_Title_title_edit'

27-09-2024T16:05:22 - [TEST_STEP][PASSED] - verifyElementText(findTestObject("Object Repository/Specific Cases Repository/LS/Calendar/Calendar_Events/Calendar_Events_Creation/Group/Page_Calendar/label_Start Group Session"), "Start Group Session"): Actual text and expected text of test object 'Object Repository/Specific Cases Repository/LS/Calendar/Calendar_Events/Calendar_Events_Creation/Group/Page_Calendar/label_Start Group Session' are matched.

27-09-2024T16:05:22 - [MESSAGE][PASSED] - Actual text and expected text of test object 'Object Repository/Specific Cases Repository/LS/Calendar/Calendar_Events/Calendar_Events_Creation/Group/Page_Calendar/label_Start Group Session' are matched.

27-09-2024T16:05:22 - [TEST_STEP][PASSED] - verifyElementPresent(findTestObject("Object Repository/Specific Cases Repository/LS/Calendar/Calendar_Events/Calendar_Events_Creation/Group/Page_Calendar/input_Start Group Session_isdocumentedgroup"), 0): Object 'Object Repository/Specific Cases Repository/LS/Calendar/Calendar_Events/Calendar_Events_Creation/Group/Page_Calendar/input_Start Group Session_isdocumentedgroup' is present

27-09-2024T16:05:22 - [MESSAGE][WARNING] - Timeout '0' is invalid. Using default page load timeout: '30'

27-09-2024T16:05:22 - [MESSAGE][PASSED] - Object 'Object Repository/Specific Cases Repository/LS/Calendar/Calendar_Events/Calendar_Events_Creation/Group/Page_Calendar/input_Start Group Session_isdocumentedgroup' is present

27-09-2024T16:05:22 - [TEST_STEP][PASSED] - click(findTestObject("Object Repository/Specific Cases Repository/LS/Calendar/Calendar_Events/Calendar_Events_Creation/Group/Page_Calendar/a_Save Revision")): Object: 'Object Repository/Specific Cases Repository/LS/Calendar/Calendar_Events/Calendar_Events_Creation/Group/Page_Calendar/a_Save Revision' is clicked on

27-09-2024T16:05:23 - [MESSAGE][PASSED] - Object: 'Object Repository/Specific Cases Repository/LS/Calendar/Calendar_Events/Calendar_Events_Creation/Group/Page_Calendar/a_Save Revision' is clicked on

27-09-2024T16:05:23 - [TEST_STEP][PASSED] - mouseOver(findTestObject("Specific Cases Repository/LS/Calendar/Calendar_Events/Calendar_Events_Creation/Group/Page_Calendar/Calendar Event - Future")): Object: 'Object Repository/Specific Cases Repository/LS/Calendar/Calendar_Events/Calendar_Events_Creation/Group/Page_Calendar/Calendar Event - Future' is hovered

27-09-2024T16:05:24 - [MESSAGE][PASSED] - Object: 'Object Repository/Specific Cases Repository/LS/Calendar/Calendar_Events/Calendar_Events_Creation/Group/Page_Calendar/Calendar Event - Future' is hovered

27-09-2024T16:05:24 - [TEST_STEP][PASSED] - verifyElementText(findTestObject("Specific Cases Repository/LS/Calendar/Calendar_Events/Calendar_Events_Creation/Group/Page_Calendar/span_Automation Test 1.2 Automatically Enro_f39ad6 - Future"), "Future Automation Test 1.2 Automatically Enroll Clients in Selected Location/Program(s)"): Actual text and expected text of test object 'Object Repository/Specific Cases Repository/LS/Calendar/Calendar_Events/Calendar_Events_Creation/Group/Page_Calendar/span_Automation Test 1.2 Automatically Enro_f39ad6 - Future' are matched.

27-09-2024T16:05:24 - [MESSAGE][PASSED] - Actual text and expected text of test object 'Object Repository/Specific Cases Repository/LS/Calendar/Calendar_Events/Calendar_Events_Creation/Group/Page_Calendar/span_Automation Test 1.2 Automatically Enro_f39ad6 - Future' are matched.

27-09-2024T16:05:24 - [TEST_STEP][PASSED] - closeBrowser(): Browser is closed

27-09-2024T16:05:25 - [MESSAGE][PASSED] - Browser is closed]]></system-out>
         <system-err><![CDATA[]]></system-err>
      </testcase>
      <testcase name="Test Cases/Specific Cases/LS/General/Calendar/Past Events Creation/Past_Calendar_Appointment" time="28.451" classname="Test Cases/Specific Cases/LS/General/Calendar/Past Events Creation/Past_Calendar_Appointment" status="PASSED">
         <system-out><![CDATA[27-09-2024T16:05:25 - [TEST_CASE][PASSED] - Test Cases/Specific Cases/LS/General/Calendar/Past Events Creation/Past_Calendar_Appointment: Test Cases/Specific Cases/LS/General/Calendar/Past Events Creation/Past_Calendar_Appointment

27-09-2024T16:05:25 - [TEST_STEP][PASSED] - callTestCase(findTestCase("Common Cases/Login"), [:], STOP_ON_FAILURE): Call Test Case 'Test Cases/Common Cases/Login' successfully

27-09-2024T16:05:25 - [TEST_CASE][PASSED] - Test Cases/Common Cases/Login: Test Cases/Common Cases/Login

27-09-2024T16:05:25 - [TEST_STEP][PASSED] - openBrowser(""): Browser is opened with url: ''

27-09-2024T16:05:25 - [MESSAGE][INFO] - Starting 'Chrome' driver

27-09-2024T16:05:25 - [MESSAGE][INFO] - Action delay is set to 0 milliseconds

27-09-2024T16:05:25 - [MESSAGE][PASSED] - Browser is opened with url: ''

27-09-2024T16:05:25 - [TEST_STEP][PASSED] - maximizeWindow(): Current window maximized

27-09-2024T16:05:26 - [MESSAGE][PASSED] - Current window maximized

27-09-2024T16:05:26 - [TEST_STEP][PASSED] - navigateToUrl("https://site17.lsapp.cloud/auth/login"): Navigate to 'https://site17.lsapp.cloud/auth/login' successfully

27-09-2024T16:05:27 - [MESSAGE][PASSED] - Navigate to 'https://site17.lsapp.cloud/auth/login' successfully

27-09-2024T16:05:27 - [TEST_STEP][PASSED] - setText(findTestObject("Object Repository/Common Cases Repository/Login/Page_Lightning Step/input_Email_email"), "automation@lightningstep.com"): Text 'automation@lightningstep.com' is set on object 'Object Repository/Common Cases Repository/Login/Page_Lightning Step/input_Email_email'

27-09-2024T16:05:28 - [MESSAGE][PASSED] - Text 'automation@lightningstep.com' is set on object 'Object Repository/Common Cases Repository/Login/Page_Lightning Step/input_Email_email'

27-09-2024T16:05:28 - [TEST_STEP][PASSED] - setEncryptedText(findTestObject("Object Repository/Common Cases Repository/Login/Page_Lightning Step/input_Password_password"), "e5N8VHmnhJDITtQaQhDQDw=="): Text ****** has been set on object 'Object Repository/Common Cases Repository/Login/Page_Lightning Step/input_Password_password'

27-09-2024T16:05:28 - [MESSAGE][PASSED] - Text ****** has been set on object 'Object Repository/Common Cases Repository/Login/Page_Lightning Step/input_Password_password'

27-09-2024T16:05:28 - [TEST_STEP][PASSED] - click(findTestObject("Object Repository/Common Cases Repository/Login/Page_Lightning Step/button_Sign in")): Object: 'Object Repository/Common Cases Repository/Login/Page_Lightning Step/button_Sign in' is clicked on

27-09-2024T16:05:32 - [MESSAGE][PASSED] - Object: 'Object Repository/Common Cases Repository/Login/Page_Lightning Step/button_Sign in' is clicked on

27-09-2024T16:05:32 - [MESSAGE][PASSED] - Call Test Case 'Test Cases/Common Cases/Login' successfully

27-09-2024T16:05:32 - [TEST_STEP][PASSED] - click(findTestObject("Object Repository/Specific Cases Repository/LS/Calendar/Calendar_Events/Calendar_Events_Creation/Page_Home/a_Calendar")): Object: 'Object Repository/Specific Cases Repository/LS/Calendar/Calendar_Events/Calendar_Events_Creation/Page_Home/a_Calendar' is clicked on

27-09-2024T16:05:36 - [MESSAGE][PASSED] - Object: 'Object Repository/Specific Cases Repository/LS/Calendar/Calendar_Events/Calendar_Events_Creation/Page_Home/a_Calendar' is clicked on

27-09-2024T16:05:36 - [TEST_STEP][PASSED] - click(findTestObject("Object Repository/Specific Cases Repository/LS/Calendar/Calendar_Events/Calendar_Events_Creation/Appointment/Page_Calendar/button_Create new")): Object: 'Object Repository/Specific Cases Repository/LS/Calendar/Calendar_Events/Calendar_Events_Creation/Appointment/Page_Calendar/button_Create new' is clicked on

27-09-2024T16:05:37 - [MESSAGE][PASSED] - Object: 'Object Repository/Specific Cases Repository/LS/Calendar/Calendar_Events/Calendar_Events_Creation/Appointment/Page_Calendar/button_Create new' is clicked on

27-09-2024T16:05:37 - [TEST_STEP][PASSED] - click(findTestObject("Object Repository/Specific Cases Repository/LS/Calendar/Calendar_Events/Calendar_Events_Creation/Appointment/Page_Calendar/label_Appointment")): Object: 'Object Repository/Specific Cases Repository/LS/Calendar/Calendar_Events/Calendar_Events_Creation/Appointment/Page_Calendar/label_Appointment' is clicked on

27-09-2024T16:05:38 - [MESSAGE][PASSED] - Object: 'Object Repository/Specific Cases Repository/LS/Calendar/Calendar_Events/Calendar_Events_Creation/Appointment/Page_Calendar/label_Appointment' is clicked on

27-09-2024T16:05:38 - [TEST_STEP][PASSED] - click(findTestObject("Object Repository/Specific Cases Repository/LS/Calendar/Calendar_Events/Calendar_Events_Creation/Appointment/Page_Calendar/span_Select Client")): Object: 'Object Repository/Specific Cases Repository/LS/Calendar/Calendar_Events/Calendar_Events_Creation/Appointment/Page_Calendar/span_Select Client' is clicked on

27-09-2024T16:05:38 - [MESSAGE][PASSED] - Object: 'Object Repository/Specific Cases Repository/LS/Calendar/Calendar_Events/Calendar_Events_Creation/Appointment/Page_Calendar/span_Select Client' is clicked on

27-09-2024T16:05:38 - [TEST_STEP][PASSED] - setText(findTestObject("Object Repository/Specific Cases Repository/LS/Calendar/Calendar_Events/Calendar_Events_Creation/Appointment/Page_Calendar/Patien Name"), "B Auto"): Text 'B Auto' is set on object 'Object Repository/Specific Cases Repository/LS/Calendar/Calendar_Events/Calendar_Events_Creation/Appointment/Page_Calendar/Patien Name'

27-09-2024T16:05:39 - [MESSAGE][PASSED] - Text 'B Auto' is set on object 'Object Repository/Specific Cases Repository/LS/Calendar/Calendar_Events/Calendar_Events_Creation/Appointment/Page_Calendar/Patien Name'

27-09-2024T16:05:39 - [TEST_STEP][PASSED] - sendKeys(findTestObject("Object Repository/Specific Cases Repository/LS/Calendar/Calendar_Events/Calendar_Events_Creation/Appointment/Page_Calendar/Patien Name"), Keys.chord(ENTER)): Keys 'ENTER + ' sent to object: 'Object Repository/Specific Cases Repository/LS/Calendar/Calendar_Events/Calendar_Events_Creation/Appointment/Page_Calendar/Patien Name'

27-09-2024T16:05:39 - [MESSAGE][PASSED] - Keys 'ENTER + ' sent to object: 'Object Repository/Specific Cases Repository/LS/Calendar/Calendar_Events/Calendar_Events_Creation/Appointment/Page_Calendar/Patien Name'

27-09-2024T16:05:39 - [TEST_STEP][PASSED] - click(findTestObject("Object Repository/Specific Cases Repository/LS/Calendar/Calendar_Events/Calendar_Events_Creation/Appointment/Page_Calendar/span_Select Service")): Object: 'Object Repository/Specific Cases Repository/LS/Calendar/Calendar_Events/Calendar_Events_Creation/Appointment/Page_Calendar/span_Select Service' is clicked on

27-09-2024T16:05:40 - [MESSAGE][PASSED] - Object: 'Object Repository/Specific Cases Repository/LS/Calendar/Calendar_Events/Calendar_Events_Creation/Appointment/Page_Calendar/span_Select Service' is clicked on

27-09-2024T16:05:40 - [TEST_STEP][PASSED] - setText(findTestObject("Object Repository/Specific Cases Repository/LS/Calendar/Calendar_Events/Calendar_Events_Creation/Appointment/Page_Calendar/Patien Name"), "5 "): Text '5 ' is set on object 'Object Repository/Specific Cases Repository/LS/Calendar/Calendar_Events/Calendar_Events_Creation/Appointment/Page_Calendar/Patien Name'

27-09-2024T16:05:41 - [MESSAGE][PASSED] - Text '5 ' is set on object 'Object Repository/Specific Cases Repository/LS/Calendar/Calendar_Events/Calendar_Events_Creation/Appointment/Page_Calendar/Patien Name'

27-09-2024T16:05:41 - [TEST_STEP][PASSED] - sendKeys(findTestObject("Object Repository/Specific Cases Repository/LS/Calendar/Calendar_Events/Calendar_Events_Creation/Appointment/Page_Calendar/Patien Name"), Keys.chord(ENTER)): Keys 'ENTER + ' sent to object: 'Object Repository/Specific Cases Repository/LS/Calendar/Calendar_Events/Calendar_Events_Creation/Appointment/Page_Calendar/Patien Name'

27-09-2024T16:05:42 - [MESSAGE][PASSED] - Keys 'ENTER + ' sent to object: 'Object Repository/Specific Cases Repository/LS/Calendar/Calendar_Events/Calendar_Events_Creation/Appointment/Page_Calendar/Patien Name'

27-09-2024T16:05:42 - [TEST_STEP][PASSED] - click(findTestObject("Object Repository/Specific Cases Repository/LS/Calendar/Calendar_Events/Calendar_Events_Creation/Appointment/Page_Calendar/input_Title_title_")): Object: 'Object Repository/Specific Cases Repository/LS/Calendar/Calendar_Events/Calendar_Events_Creation/Appointment/Page_Calendar/input_Title_title_' is clicked on

27-09-2024T16:05:42 - [MESSAGE][PASSED] - Object: 'Object Repository/Specific Cases Repository/LS/Calendar/Calendar_Events/Calendar_Events_Creation/Appointment/Page_Calendar/input_Title_title_' is clicked on

27-09-2024T16:05:42 - [TEST_STEP][PASSED] - setText(findTestObject("Object Repository/Specific Cases Repository/LS/Calendar/Calendar_Events/Calendar_Events_Creation/Appointment/Page_Calendar/input_Title_title_"), "Past Automation Test with B Automation, B Client MR# 24-11007: 5 Panel Drug Screen"): Text 'Past Automation Test with B Automation, B Client MR# 24-11007: 5 Panel Drug Screen' is set on object 'Object Repository/Specific Cases Repository/LS/Calendar/Calendar_Events/Calendar_Events_Creation/Appointment/Page_Calendar/input_Title_title_'

27-09-2024T16:05:43 - [MESSAGE][PASSED] - Text 'Past Automation Test with B Automation, B Client MR# 24-11007: 5 Panel Drug Screen' is set on object 'Object Repository/Specific Cases Repository/LS/Calendar/Calendar_Events/Calendar_Events_Creation/Appointment/Page_Calendar/input_Title_title_'

27-09-2024T16:05:43 - [TEST_STEP][PASSED] - click(findTestObject("Object Repository/Specific Cases Repository/LS/Calendar/Calendar_Events/Calendar_Events_Creation/Appointment/Page_Calendar/Date")): Object: 'Object Repository/Specific Cases Repository/LS/Calendar/Calendar_Events/Calendar_Events_Creation/Appointment/Page_Calendar/Date' is clicked on

27-09-2024T16:05:43 - [MESSAGE][PASSED] - Object: 'Object Repository/Specific Cases Repository/LS/Calendar/Calendar_Events/Calendar_Events_Creation/Appointment/Page_Calendar/Date' is clicked on

27-09-2024T16:05:43 - [TEST_STEP][PASSED] - setText(findTestObject("Object Repository/Specific Cases Repository/LS/Calendar/Calendar_Events/Calendar_Events_Creation/Appointment/Page_Calendar/Date"), Last_Week_Date): Text '09/20/2024' is set on object 'Object Repository/Specific Cases Repository/LS/Calendar/Calendar_Events/Calendar_Events_Creation/Appointment/Page_Calendar/Date'

27-09-2024T16:05:43 - [MESSAGE][PASSED] - Text '09/20/2024' is set on object 'Object Repository/Specific Cases Repository/LS/Calendar/Calendar_Events/Calendar_Events_Creation/Appointment/Page_Calendar/Date'

27-09-2024T16:05:43 - [TEST_STEP][PASSED] - click(findTestObject("Object Repository/Specific Cases Repository/LS/Calendar/Calendar_Events/Calendar_Events_Creation/Appointment/Page_Calendar/Start Time Clock")): Object: 'Object Repository/Specific Cases Repository/LS/Calendar/Calendar_Events/Calendar_Events_Creation/Appointment/Page_Calendar/Start Time Clock' is clicked on

27-09-2024T16:05:44 - [MESSAGE][PASSED] - Object: 'Object Repository/Specific Cases Repository/LS/Calendar/Calendar_Events/Calendar_Events_Creation/Appointment/Page_Calendar/Start Time Clock' is clicked on

27-09-2024T16:05:44 - [TEST_STEP][PASSED] - setText(findTestObject("Object Repository/Specific Cases Repository/LS/Calendar/Calendar_Events/Calendar_Events_Creation/Appointment/Page_Calendar/Start Time Clock"), "1500"): Text '1500' is set on object 'Object Repository/Specific Cases Repository/LS/Calendar/Calendar_Events/Calendar_Events_Creation/Appointment/Page_Calendar/Start Time Clock'

27-09-2024T16:05:45 - [MESSAGE][PASSED] - Text '1500' is set on object 'Object Repository/Specific Cases Repository/LS/Calendar/Calendar_Events/Calendar_Events_Creation/Appointment/Page_Calendar/Start Time Clock'

27-09-2024T16:05:45 - [TEST_STEP][PASSED] - click(findTestObject("Object Repository/Specific Cases Repository/LS/Calendar/Calendar_Events/Calendar_Events_Creation/Appointment/Page_Calendar/End Time Clock")): Object: 'Object Repository/Specific Cases Repository/LS/Calendar/Calendar_Events/Calendar_Events_Creation/Appointment/Page_Calendar/End Time Clock' is clicked on

27-09-2024T16:05:45 - [MESSAGE][PASSED] - Object: 'Object Repository/Specific Cases Repository/LS/Calendar/Calendar_Events/Calendar_Events_Creation/Appointment/Page_Calendar/End Time Clock' is clicked on

27-09-2024T16:05:45 - [TEST_STEP][PASSED] - setText(findTestObject("Object Repository/Specific Cases Repository/LS/Calendar/Calendar_Events/Calendar_Events_Creation/Appointment/Page_Calendar/End Time Clock"), "1600"): Text '1600' is set on object 'Object Repository/Specific Cases Repository/LS/Calendar/Calendar_Events/Calendar_Events_Creation/Appointment/Page_Calendar/End Time Clock'

27-09-2024T16:05:46 - [MESSAGE][PASSED] - Text '1600' is set on object 'Object Repository/Specific Cases Repository/LS/Calendar/Calendar_Events/Calendar_Events_Creation/Appointment/Page_Calendar/End Time Clock'

27-09-2024T16:05:46 - [TEST_STEP][PASSED] - click(findTestObject("Object Repository/Specific Cases Repository/LS/Calendar/Calendar_Events/Calendar_Events_Creation/Appointment/Page_Calendar/button_Reminder__simple-switch-track")): Object: 'Object Repository/Specific Cases Repository/LS/Calendar/Calendar_Events/Calendar_Events_Creation/Appointment/Page_Calendar/button_Reminder__simple-switch-track' is clicked on

27-09-2024T16:05:47 - [MESSAGE][PASSED] - Object: 'Object Repository/Specific Cases Repository/LS/Calendar/Calendar_Events/Calendar_Events_Creation/Appointment/Page_Calendar/button_Reminder__simple-switch-track' is clicked on

27-09-2024T16:05:47 - [TEST_STEP][PASSED] - setText(findTestObject("Specific Cases Repository/LS/Calendar/Calendar_Events/Calendar_Events_Creation/Event/Page_Calendar/input_Reminder_select2-search__field"), "15"): Text '15' is set on object 'Object Repository/Specific Cases Repository/LS/Calendar/Calendar_Events/Calendar_Events_Creation/Event/Page_Calendar/input_Reminder_select2-search__field'

27-09-2024T16:05:47 - [MESSAGE][PASSED] - Text '15' is set on object 'Object Repository/Specific Cases Repository/LS/Calendar/Calendar_Events/Calendar_Events_Creation/Event/Page_Calendar/input_Reminder_select2-search__field'

27-09-2024T16:05:47 - [TEST_STEP][PASSED] - sendKeys(findTestObject("Specific Cases Repository/LS/Calendar/Calendar_Events/Calendar_Events_Creation/Event/Page_Calendar/input_Reminder_select2-search__field"), Keys.chord(ENTER)): Keys 'ENTER + ' sent to object: 'Object Repository/Specific Cases Repository/LS/Calendar/Calendar_Events/Calendar_Events_Creation/Event/Page_Calendar/input_Reminder_select2-search__field'

27-09-2024T16:05:48 - [MESSAGE][PASSED] - Keys 'ENTER + ' sent to object: 'Object Repository/Specific Cases Repository/LS/Calendar/Calendar_Events/Calendar_Events_Creation/Event/Page_Calendar/input_Reminder_select2-search__field'

27-09-2024T16:05:48 - [TEST_STEP][PASSED] - setText(findTestObject("Object Repository/Specific Cases Repository/LS/Calendar/Calendar_Events/Calendar_Events_Creation/Appointment/Page_Calendar/input_Notes_notes"), "Automation Test Note"): Text 'Automation Test Note' is set on object 'Object Repository/Specific Cases Repository/LS/Calendar/Calendar_Events/Calendar_Events_Creation/Appointment/Page_Calendar/input_Notes_notes'

27-09-2024T16:05:49 - [MESSAGE][PASSED] - Text 'Automation Test Note' is set on object 'Object Repository/Specific Cases Repository/LS/Calendar/Calendar_Events/Calendar_Events_Creation/Appointment/Page_Calendar/input_Notes_notes'

27-09-2024T16:05:49 - [TEST_STEP][PASSED] - scrollToElement(findTestObject("Specific Cases Repository/LS/Calendar/Calendar_Events/Calendar_Events_Creation/Appointment/Page_Calendar/a_Save"), 0): Scroll to object 'Object Repository/Specific Cases Repository/LS/Calendar/Calendar_Events/Calendar_Events_Creation/Appointment/Page_Calendar/a_Save' successfully

27-09-2024T16:05:49 - [MESSAGE][WARNING] - Timeout '0' is invalid. Using default page load timeout: '30'

27-09-2024T16:05:49 - [MESSAGE][PASSED] - Scroll to object 'Object Repository/Specific Cases Repository/LS/Calendar/Calendar_Events/Calendar_Events_Creation/Appointment/Page_Calendar/a_Save' successfully

27-09-2024T16:05:49 - [TEST_STEP][PASSED] - click(findTestObject("Specific Cases Repository/LS/Calendar/Calendar_Events/Calendar_Events_Creation/Appointment/Page_Calendar/a_Save")): Object: 'Object Repository/Specific Cases Repository/LS/Calendar/Calendar_Events/Calendar_Events_Creation/Appointment/Page_Calendar/a_Save' is clicked on

27-09-2024T16:05:49 - [MESSAGE][PASSED] - Object: 'Object Repository/Specific Cases Repository/LS/Calendar/Calendar_Events/Calendar_Events_Creation/Appointment/Page_Calendar/a_Save' is clicked on

27-09-2024T16:05:49 - [TEST_STEP][PASSED] - click(findTestObject("Specific Cases Repository/LS/Calendar/Calendar_Events/Calendar_Events_Creation/Appointment/Page_Calendar/Previus Week Arrow")): Object: 'Object Repository/Specific Cases Repository/LS/Calendar/Calendar_Events/Calendar_Events_Creation/Appointment/Page_Calendar/Previus Week Arrow' is clicked on

27-09-2024T16:05:49 - [MESSAGE][PASSED] - Object: 'Object Repository/Specific Cases Repository/LS/Calendar/Calendar_Events/Calendar_Events_Creation/Appointment/Page_Calendar/Previus Week Arrow' is clicked on

27-09-2024T16:05:49 - [TEST_STEP][PASSED] - scrollToElement(findTestObject("Specific Cases Repository/LS/Calendar/Calendar_Events/Calendar_Events_Creation/Appointment/Page_Calendar/a_Automation Test with A Automation, A Clie_8f5a4c - Past"), 0): Scroll to object 'Object Repository/Specific Cases Repository/LS/Calendar/Calendar_Events/Calendar_Events_Creation/Appointment/Page_Calendar/a_Automation Test with A Automation, A Clie_8f5a4c - Past' successfully

27-09-2024T16:05:49 - [MESSAGE][WARNING] - Timeout '0' is invalid. Using default page load timeout: '30'

27-09-2024T16:05:50 - [MESSAGE][PASSED] - Scroll to object 'Object Repository/Specific Cases Repository/LS/Calendar/Calendar_Events/Calendar_Events_Creation/Appointment/Page_Calendar/a_Automation Test with A Automation, A Clie_8f5a4c - Past' successfully

27-09-2024T16:05:50 - [TEST_STEP][PASSED] - mouseOver(findTestObject("Specific Cases Repository/LS/Calendar/Calendar_Events/Calendar_Events_Creation/Appointment/Page_Calendar/a_Automation Test with A Automation, A Clie_8f5a4c - Past")): Object: 'Object Repository/Specific Cases Repository/LS/Calendar/Calendar_Events/Calendar_Events_Creation/Appointment/Page_Calendar/a_Automation Test with A Automation, A Clie_8f5a4c - Past' is hovered

27-09-2024T16:05:51 - [MESSAGE][PASSED] - Object: 'Object Repository/Specific Cases Repository/LS/Calendar/Calendar_Events/Calendar_Events_Creation/Appointment/Page_Calendar/a_Automation Test with A Automation, A Clie_8f5a4c - Past' is hovered

27-09-2024T16:05:51 - [TEST_STEP][PASSED] - verifyElementText(findTestObject("Specific Cases Repository/LS/Calendar/Calendar_Events/Calendar_Events_Creation/Appointment/Page_Calendar/span_Past Automation Test with B Automation, B"), "Past Automation Test with B Automation, B Client MR# 24-11007: 5 Panel Drug Screen"): Actual text and expected text of test object 'Object Repository/Specific Cases Repository/LS/Calendar/Calendar_Events/Calendar_Events_Creation/Appointment/Page_Calendar/span_Past Automation Test with B Automation, B' are matched.

27-09-2024T16:05:51 - [MESSAGE][PASSED] - Actual text and expected text of test object 'Object Repository/Specific Cases Repository/LS/Calendar/Calendar_Events/Calendar_Events_Creation/Appointment/Page_Calendar/span_Past Automation Test with B Automation, B' are matched.

27-09-2024T16:05:51 - [TEST_STEP][PASSED] - verifyElementText(findTestObject("Object Repository/Specific Cases Repository/LS/Calendar/Calendar_Events/Calendar_Events_Creation/Appointment/Page_Calendar/span_15 minutes before"), "15 minutes before"): Actual text and expected text of test object 'Object Repository/Specific Cases Repository/LS/Calendar/Calendar_Events/Calendar_Events_Creation/Appointment/Page_Calendar/span_15 minutes before' are matched.

27-09-2024T16:05:51 - [MESSAGE][PASSED] - Actual text and expected text of test object 'Object Repository/Specific Cases Repository/LS/Calendar/Calendar_Events/Calendar_Events_Creation/Appointment/Page_Calendar/span_15 minutes before' are matched.

27-09-2024T16:05:51 - [TEST_STEP][PASSED] - click(findTestObject("Specific Cases Repository/LS/Calendar/Calendar_Events/Calendar_Events_Creation/Appointment/Page_Calendar/a_Automation Test with A Automation, A Clie_8f5a4c - Past")): Object: 'Object Repository/Specific Cases Repository/LS/Calendar/Calendar_Events/Calendar_Events_Creation/Appointment/Page_Calendar/a_Automation Test with A Automation, A Clie_8f5a4c - Past' is clicked on

27-09-2024T16:05:51 - [MESSAGE][PASSED] - Object: 'Object Repository/Specific Cases Repository/LS/Calendar/Calendar_Events/Calendar_Events_Creation/Appointment/Page_Calendar/a_Automation Test with A Automation, A Clie_8f5a4c - Past' is clicked on

27-09-2024T16:05:51 - [TEST_STEP][PASSED] - verifyElementText(findTestObject("Object Repository/Specific Cases Repository/LS/Calendar/Calendar_Events/Calendar_Events_Creation/Appointment/Page_Calendar/b_Revise Schedule for"), "Revise Schedule for"): Actual text and expected text of test object 'Object Repository/Specific Cases Repository/LS/Calendar/Calendar_Events/Calendar_Events_Creation/Appointment/Page_Calendar/b_Revise Schedule for' are matched.

27-09-2024T16:05:53 - [MESSAGE][PASSED] - Actual text and expected text of test object 'Object Repository/Specific Cases Repository/LS/Calendar/Calendar_Events/Calendar_Events_Creation/Appointment/Page_Calendar/b_Revise Schedule for' are matched.

27-09-2024T16:05:53 - [TEST_STEP][PASSED] - verifyElementText(findTestObject("Object Repository/Specific Cases Repository/LS/Calendar/Calendar_Events/Calendar_Events_Creation/Appointment/Page_Calendar/a_A Client A Automation"), "B Client B Automation"): Actual text and expected text of test object 'Object Repository/Specific Cases Repository/LS/Calendar/Calendar_Events/Calendar_Events_Creation/Appointment/Page_Calendar/a_A Client A Automation' are matched.

27-09-2024T16:05:53 - [MESSAGE][PASSED] - Actual text and expected text of test object 'Object Repository/Specific Cases Repository/LS/Calendar/Calendar_Events/Calendar_Events_Creation/Appointment/Page_Calendar/a_A Client A Automation' are matched.

27-09-2024T16:05:53 - [TEST_STEP][PASSED] - closeBrowser(): Browser is closed

27-09-2024T16:05:53 - [MESSAGE][PASSED] - Browser is closed]]></system-out>
         <system-err><![CDATA[]]></system-err>
      </testcase>
      <testcase name="Test Cases/Specific Cases/LS/General/Calendar/Past Events Creation/Past_Calendar_Block" time="24.625" classname="Test Cases/Specific Cases/LS/General/Calendar/Past Events Creation/Past_Calendar_Block" status="PASSED">
         <system-out><![CDATA[27-09-2024T16:05:53 - [TEST_CASE][PASSED] - Test Cases/Specific Cases/LS/General/Calendar/Past Events Creation/Past_Calendar_Block: Test Cases/Specific Cases/LS/General/Calendar/Past Events Creation/Past_Calendar_Block

27-09-2024T16:05:53 - [TEST_STEP][PASSED] - callTestCase(findTestCase("Common Cases/Login"), [:], STOP_ON_FAILURE): Call Test Case 'Test Cases/Common Cases/Login' successfully

27-09-2024T16:05:53 - [TEST_CASE][PASSED] - Test Cases/Common Cases/Login: Test Cases/Common Cases/Login

27-09-2024T16:05:53 - [TEST_STEP][PASSED] - openBrowser(""): Browser is opened with url: ''

27-09-2024T16:05:53 - [MESSAGE][INFO] - Starting 'Chrome' driver

27-09-2024T16:05:53 - [MESSAGE][INFO] - Action delay is set to 0 milliseconds

27-09-2024T16:05:54 - [MESSAGE][PASSED] - Browser is opened with url: ''

27-09-2024T16:05:54 - [TEST_STEP][PASSED] - maximizeWindow(): Current window maximized

27-09-2024T16:05:54 - [MESSAGE][PASSED] - Current window maximized

27-09-2024T16:05:54 - [TEST_STEP][PASSED] - navigateToUrl("https://site17.lsapp.cloud/auth/login"): Navigate to 'https://site17.lsapp.cloud/auth/login' successfully

27-09-2024T16:05:55 - [MESSAGE][PASSED] - Navigate to 'https://site17.lsapp.cloud/auth/login' successfully

27-09-2024T16:05:55 - [TEST_STEP][PASSED] - setText(findTestObject("Object Repository/Common Cases Repository/Login/Page_Lightning Step/input_Email_email"), "automation@lightningstep.com"): Text 'automation@lightningstep.com' is set on object 'Object Repository/Common Cases Repository/Login/Page_Lightning Step/input_Email_email'

27-09-2024T16:05:56 - [MESSAGE][PASSED] - Text 'automation@lightningstep.com' is set on object 'Object Repository/Common Cases Repository/Login/Page_Lightning Step/input_Email_email'

27-09-2024T16:05:56 - [TEST_STEP][PASSED] - setEncryptedText(findTestObject("Object Repository/Common Cases Repository/Login/Page_Lightning Step/input_Password_password"), "e5N8VHmnhJDITtQaQhDQDw=="): Text ****** has been set on object 'Object Repository/Common Cases Repository/Login/Page_Lightning Step/input_Password_password'

27-09-2024T16:05:56 - [MESSAGE][PASSED] - Text ****** has been set on object 'Object Repository/Common Cases Repository/Login/Page_Lightning Step/input_Password_password'

27-09-2024T16:05:56 - [TEST_STEP][PASSED] - click(findTestObject("Object Repository/Common Cases Repository/Login/Page_Lightning Step/button_Sign in")): Object: 'Object Repository/Common Cases Repository/Login/Page_Lightning Step/button_Sign in' is clicked on

27-09-2024T16:06:02 - [MESSAGE][PASSED] - Object: 'Object Repository/Common Cases Repository/Login/Page_Lightning Step/button_Sign in' is clicked on

27-09-2024T16:06:02 - [MESSAGE][PASSED] - Call Test Case 'Test Cases/Common Cases/Login' successfully

27-09-2024T16:06:02 - [TEST_STEP][PASSED] - click(findTestObject("Object Repository/Specific Cases Repository/LS/Calendar/Calendar_Events/Calendar_Events_Creation/Block/Page_Home/a_Calendar")): Object: 'Object Repository/Specific Cases Repository/LS/Calendar/Calendar_Events/Calendar_Events_Creation/Block/Page_Home/a_Calendar' is clicked on

27-09-2024T16:06:06 - [MESSAGE][PASSED] - Object: 'Object Repository/Specific Cases Repository/LS/Calendar/Calendar_Events/Calendar_Events_Creation/Block/Page_Home/a_Calendar' is clicked on

27-09-2024T16:06:06 - [TEST_STEP][PASSED] - navigateToUrl("https://site17.lsapp.cloud/calendar"): Navigate to 'https://site17.lsapp.cloud/calendar' successfully

27-09-2024T16:06:07 - [MESSAGE][PASSED] - Navigate to 'https://site17.lsapp.cloud/calendar' successfully

27-09-2024T16:06:07 - [TEST_STEP][PASSED] - click(findTestObject("Object Repository/Specific Cases Repository/LS/Calendar/Calendar_Events/Calendar_Events_Creation/Block/Page_Calendar/button_Create new")): Object: 'Object Repository/Specific Cases Repository/LS/Calendar/Calendar_Events/Calendar_Events_Creation/Block/Page_Calendar/button_Create new' is clicked on

27-09-2024T16:06:08 - [MESSAGE][PASSED] - Object: 'Object Repository/Specific Cases Repository/LS/Calendar/Calendar_Events/Calendar_Events_Creation/Block/Page_Calendar/button_Create new' is clicked on

27-09-2024T16:06:08 - [TEST_STEP][PASSED] - click(findTestObject("Object Repository/Specific Cases Repository/LS/Calendar/Calendar_Events/Calendar_Events_Creation/Block/Page_Calendar/label_Block")): Object: 'Object Repository/Specific Cases Repository/LS/Calendar/Calendar_Events/Calendar_Events_Creation/Block/Page_Calendar/label_Block' is clicked on

27-09-2024T16:06:09 - [MESSAGE][PASSED] - Object: 'Object Repository/Specific Cases Repository/LS/Calendar/Calendar_Events/Calendar_Events_Creation/Block/Page_Calendar/label_Block' is clicked on

27-09-2024T16:06:09 - [TEST_STEP][PASSED] - setText(findTestObject("Object Repository/Specific Cases Repository/LS/Calendar/Calendar_Events/Calendar_Events_Creation/Block/Page_Calendar/input_Title_title_"), "Past Automation Block"): Text 'Past Automation Block' is set on object 'Object Repository/Specific Cases Repository/LS/Calendar/Calendar_Events/Calendar_Events_Creation/Block/Page_Calendar/input_Title_title_'

27-09-2024T16:06:10 - [MESSAGE][PASSED] - Text 'Past Automation Block' is set on object 'Object Repository/Specific Cases Repository/LS/Calendar/Calendar_Events/Calendar_Events_Creation/Block/Page_Calendar/input_Title_title_'

27-09-2024T16:06:10 - [TEST_STEP][PASSED] - click(findTestObject("Object Repository/Specific Cases Repository/LS/Calendar/Calendar_Events/Calendar_Events_Creation/Appointment/Page_Calendar/Date")): Object: 'Object Repository/Specific Cases Repository/LS/Calendar/Calendar_Events/Calendar_Events_Creation/Appointment/Page_Calendar/Date' is clicked on

27-09-2024T16:06:10 - [MESSAGE][PASSED] - Object: 'Object Repository/Specific Cases Repository/LS/Calendar/Calendar_Events/Calendar_Events_Creation/Appointment/Page_Calendar/Date' is clicked on

27-09-2024T16:06:10 - [TEST_STEP][PASSED] - setText(findTestObject("Object Repository/Specific Cases Repository/LS/Calendar/Calendar_Events/Calendar_Events_Creation/Appointment/Page_Calendar/Date"), Last_Week_Date): Text '09/20/2024' is set on object 'Object Repository/Specific Cases Repository/LS/Calendar/Calendar_Events/Calendar_Events_Creation/Appointment/Page_Calendar/Date'

27-09-2024T16:06:11 - [MESSAGE][PASSED] - Text '09/20/2024' is set on object 'Object Repository/Specific Cases Repository/LS/Calendar/Calendar_Events/Calendar_Events_Creation/Appointment/Page_Calendar/Date'

27-09-2024T16:06:11 - [TEST_STEP][PASSED] - click(findTestObject("Object Repository/Specific Cases Repository/LS/Calendar/Calendar_Events/Calendar_Events_Creation/Appointment/Page_Calendar/Start Time Clock")): Object: 'Object Repository/Specific Cases Repository/LS/Calendar/Calendar_Events/Calendar_Events_Creation/Appointment/Page_Calendar/Start Time Clock' is clicked on

27-09-2024T16:06:11 - [MESSAGE][PASSED] - Object: 'Object Repository/Specific Cases Repository/LS/Calendar/Calendar_Events/Calendar_Events_Creation/Appointment/Page_Calendar/Start Time Clock' is clicked on

27-09-2024T16:06:11 - [TEST_STEP][PASSED] - setText(findTestObject("Object Repository/Specific Cases Repository/LS/Calendar/Calendar_Events/Calendar_Events_Creation/Appointment/Page_Calendar/Start Time Clock"), "1600"): Text '1600' is set on object 'Object Repository/Specific Cases Repository/LS/Calendar/Calendar_Events/Calendar_Events_Creation/Appointment/Page_Calendar/Start Time Clock'

27-09-2024T16:06:12 - [MESSAGE][PASSED] - Text '1600' is set on object 'Object Repository/Specific Cases Repository/LS/Calendar/Calendar_Events/Calendar_Events_Creation/Appointment/Page_Calendar/Start Time Clock'

27-09-2024T16:06:12 - [TEST_STEP][PASSED] - click(findTestObject("Object Repository/Specific Cases Repository/LS/Calendar/Calendar_Events/Calendar_Events_Creation/Block/Page_Calendar/div_Schedule                               _3f20bf")): Object: 'Object Repository/Specific Cases Repository/LS/Calendar/Calendar_Events/Calendar_Events_Creation/Block/Page_Calendar/div_Schedule                               _3f20bf' is clicked on

27-09-2024T16:06:13 - [MESSAGE][PASSED] - Object: 'Object Repository/Specific Cases Repository/LS/Calendar/Calendar_Events/Calendar_Events_Creation/Block/Page_Calendar/div_Schedule                               _3f20bf' is clicked on

27-09-2024T16:06:13 - [TEST_STEP][PASSED] - click(findTestObject("Object Repository/Specific Cases Repository/LS/Calendar/Calendar_Events/Calendar_Events_Creation/Block/Page_Calendar/button_Reminder__simple-switch-track")): Object: 'Object Repository/Specific Cases Repository/LS/Calendar/Calendar_Events/Calendar_Events_Creation/Block/Page_Calendar/button_Reminder__simple-switch-track' is clicked on

27-09-2024T16:06:13 - [MESSAGE][PASSED] - Object: 'Object Repository/Specific Cases Repository/LS/Calendar/Calendar_Events/Calendar_Events_Creation/Block/Page_Calendar/button_Reminder__simple-switch-track' is clicked on

27-09-2024T16:06:13 - [TEST_STEP][PASSED] - setText(findTestObject("Object Repository/Specific Cases Repository/LS/Calendar/Calendar_Events/Calendar_Events_Creation/Block/Page_Calendar/input_Reminder_select2-search__field"), "45"): Text '45' is set on object 'Object Repository/Specific Cases Repository/LS/Calendar/Calendar_Events/Calendar_Events_Creation/Block/Page_Calendar/input_Reminder_select2-search__field'

27-09-2024T16:06:13 - [MESSAGE][PASSED] - Text '45' is set on object 'Object Repository/Specific Cases Repository/LS/Calendar/Calendar_Events/Calendar_Events_Creation/Block/Page_Calendar/input_Reminder_select2-search__field'

27-09-2024T16:06:13 - [TEST_STEP][PASSED] - sendKeys(findTestObject("Object Repository/Specific Cases Repository/LS/Calendar/Calendar_Events/Calendar_Events_Creation/Block/Page_Calendar/input_Reminder_select2-search__field"), Keys.chord(ENTER)): Keys 'ENTER + ' sent to object: 'Object Repository/Specific Cases Repository/LS/Calendar/Calendar_Events/Calendar_Events_Creation/Block/Page_Calendar/input_Reminder_select2-search__field'

27-09-2024T16:06:14 - [MESSAGE][PASSED] - Keys 'ENTER + ' sent to object: 'Object Repository/Specific Cases Repository/LS/Calendar/Calendar_Events/Calendar_Events_Creation/Block/Page_Calendar/input_Reminder_select2-search__field'

27-09-2024T16:06:14 - [TEST_STEP][PASSED] - setText(findTestObject("Object Repository/Specific Cases Repository/LS/Calendar/Calendar_Events/Calendar_Events_Creation/Block/Page_Calendar/input_Notes_notes"), "Automation Block Note"): Text 'Automation Block Note' is set on object 'Object Repository/Specific Cases Repository/LS/Calendar/Calendar_Events/Calendar_Events_Creation/Block/Page_Calendar/input_Notes_notes'

27-09-2024T16:06:15 - [MESSAGE][PASSED] - Text 'Automation Block Note' is set on object 'Object Repository/Specific Cases Repository/LS/Calendar/Calendar_Events/Calendar_Events_Creation/Block/Page_Calendar/input_Notes_notes'

27-09-2024T16:06:15 - [TEST_STEP][PASSED] - click(findTestObject("Object Repository/Specific Cases Repository/LS/Calendar/Calendar_Events/Calendar_Events_Creation/Block/Page_Calendar/a_Save")): Object: 'Object Repository/Specific Cases Repository/LS/Calendar/Calendar_Events/Calendar_Events_Creation/Block/Page_Calendar/a_Save' is clicked on

27-09-2024T16:06:15 - [MESSAGE][PASSED] - Object: 'Object Repository/Specific Cases Repository/LS/Calendar/Calendar_Events/Calendar_Events_Creation/Block/Page_Calendar/a_Save' is clicked on

27-09-2024T16:06:15 - [TEST_STEP][PASSED] - click(findTestObject("Specific Cases Repository/LS/Calendar/Calendar_Events/Calendar_Events_Creation/Appointment/Page_Calendar/Previus Week Arrow")): Object: 'Object Repository/Specific Cases Repository/LS/Calendar/Calendar_Events/Calendar_Events_Creation/Appointment/Page_Calendar/Previus Week Arrow' is clicked on

27-09-2024T16:06:15 - [MESSAGE][PASSED] - Object: 'Object Repository/Specific Cases Repository/LS/Calendar/Calendar_Events/Calendar_Events_Creation/Appointment/Page_Calendar/Previus Week Arrow' is clicked on

27-09-2024T16:06:15 - [TEST_STEP][PASSED] - mouseOver(findTestObject("Specific Cases Repository/LS/Calendar/Calendar_Events/Calendar_Events_Creation/Block/Page_Calendar/a_Blocked for Automation Block - Past")): Object: 'Object Repository/Specific Cases Repository/LS/Calendar/Calendar_Events/Calendar_Events_Creation/Block/Page_Calendar/a_Blocked for Automation Block - Past' is hovered

27-09-2024T16:06:17 - [MESSAGE][PASSED] - Object: 'Object Repository/Specific Cases Repository/LS/Calendar/Calendar_Events/Calendar_Events_Creation/Block/Page_Calendar/a_Blocked for Automation Block - Past' is hovered

27-09-2024T16:06:17 - [TEST_STEP][PASSED] - verifyElementText(findTestObject("Specific Cases Repository/LS/Calendar/Calendar_Events/Calendar_Events_Creation/Block/Page_Calendar/span_Blocked for Past Automation Block"), "Blocked for: Past Automation Block"): Actual text and expected text of test object 'Object Repository/Specific Cases Repository/LS/Calendar/Calendar_Events/Calendar_Events_Creation/Block/Page_Calendar/span_Blocked for Past Automation Block' are matched.

27-09-2024T16:06:17 - [MESSAGE][PASSED] - Actual text and expected text of test object 'Object Repository/Specific Cases Repository/LS/Calendar/Calendar_Events/Calendar_Events_Creation/Block/Page_Calendar/span_Blocked for Past Automation Block' are matched.

27-09-2024T16:06:17 - [TEST_STEP][PASSED] - verifyElementText(findTestObject("Object Repository/Specific Cases Repository/LS/Calendar/Calendar_Events/Calendar_Events_Creation/Block/Page_Calendar/span_45 minutes before"), "45 minutes before"): Actual text and expected text of test object 'Object Repository/Specific Cases Repository/LS/Calendar/Calendar_Events/Calendar_Events_Creation/Block/Page_Calendar/span_45 minutes before' are matched.

27-09-2024T16:06:17 - [MESSAGE][PASSED] - Actual text and expected text of test object 'Object Repository/Specific Cases Repository/LS/Calendar/Calendar_Events/Calendar_Events_Creation/Block/Page_Calendar/span_45 minutes before' are matched.

27-09-2024T16:06:17 - [TEST_STEP][PASSED] - closeBrowser(): Browser is closed

27-09-2024T16:06:18 - [MESSAGE][PASSED] - Browser is closed]]></system-out>
         <system-err><![CDATA[]]></system-err>
      </testcase>
      <testcase name="Test Cases/Specific Cases/LS/General/Calendar/Past Events Creation/Past_Calendar_Event" time="25.503" classname="Test Cases/Specific Cases/LS/General/Calendar/Past Events Creation/Past_Calendar_Event" status="PASSED">
         <system-out><![CDATA[27-09-2024T16:06:18 - [TEST_CASE][PASSED] - Test Cases/Specific Cases/LS/General/Calendar/Past Events Creation/Past_Calendar_Event: Test Cases/Specific Cases/LS/General/Calendar/Past Events Creation/Past_Calendar_Event

27-09-2024T16:06:18 - [TEST_STEP][PASSED] - callTestCase(findTestCase("Common Cases/Login"), [:], STOP_ON_FAILURE): Call Test Case 'Test Cases/Common Cases/Login' successfully

27-09-2024T16:06:18 - [TEST_CASE][PASSED] - Test Cases/Common Cases/Login: Test Cases/Common Cases/Login

27-09-2024T16:06:18 - [TEST_STEP][PASSED] - openBrowser(""): Browser is opened with url: ''

27-09-2024T16:06:18 - [MESSAGE][INFO] - Starting 'Chrome' driver

27-09-2024T16:06:18 - [MESSAGE][INFO] - Action delay is set to 0 milliseconds

27-09-2024T16:06:18 - [MESSAGE][PASSED] - Browser is opened with url: ''

27-09-2024T16:06:18 - [TEST_STEP][PASSED] - maximizeWindow(): Current window maximized

27-09-2024T16:06:18 - [MESSAGE][PASSED] - Current window maximized

27-09-2024T16:06:18 - [TEST_STEP][PASSED] - navigateToUrl("https://site17.lsapp.cloud/auth/login"): Navigate to 'https://site17.lsapp.cloud/auth/login' successfully

27-09-2024T16:06:20 - [MESSAGE][PASSED] - Navigate to 'https://site17.lsapp.cloud/auth/login' successfully

27-09-2024T16:06:20 - [TEST_STEP][PASSED] - setText(findTestObject("Object Repository/Common Cases Repository/Login/Page_Lightning Step/input_Email_email"), "automation@lightningstep.com"): Text 'automation@lightningstep.com' is set on object 'Object Repository/Common Cases Repository/Login/Page_Lightning Step/input_Email_email'

27-09-2024T16:06:21 - [MESSAGE][PASSED] - Text 'automation@lightningstep.com' is set on object 'Object Repository/Common Cases Repository/Login/Page_Lightning Step/input_Email_email'

27-09-2024T16:06:21 - [TEST_STEP][PASSED] - setEncryptedText(findTestObject("Object Repository/Common Cases Repository/Login/Page_Lightning Step/input_Password_password"), "e5N8VHmnhJDITtQaQhDQDw=="): Text ****** has been set on object 'Object Repository/Common Cases Repository/Login/Page_Lightning Step/input_Password_password'

27-09-2024T16:06:21 - [MESSAGE][PASSED] - Text ****** has been set on object 'Object Repository/Common Cases Repository/Login/Page_Lightning Step/input_Password_password'

27-09-2024T16:06:21 - [TEST_STEP][PASSED] - click(findTestObject("Object Repository/Common Cases Repository/Login/Page_Lightning Step/button_Sign in")): Object: 'Object Repository/Common Cases Repository/Login/Page_Lightning Step/button_Sign in' is clicked on

27-09-2024T16:06:27 - [MESSAGE][PASSED] - Object: 'Object Repository/Common Cases Repository/Login/Page_Lightning Step/button_Sign in' is clicked on

27-09-2024T16:06:27 - [MESSAGE][PASSED] - Call Test Case 'Test Cases/Common Cases/Login' successfully

27-09-2024T16:06:27 - [TEST_STEP][PASSED] - click(findTestObject("Object Repository/Specific Cases Repository/LS/Calendar/Calendar_Events/Calendar_Events_Creation/Event/Page_Home/a_Calendar")): Object: 'Object Repository/Specific Cases Repository/LS/Calendar/Calendar_Events/Calendar_Events_Creation/Event/Page_Home/a_Calendar' is clicked on

27-09-2024T16:06:30 - [MESSAGE][PASSED] - Object: 'Object Repository/Specific Cases Repository/LS/Calendar/Calendar_Events/Calendar_Events_Creation/Event/Page_Home/a_Calendar' is clicked on

27-09-2024T16:06:30 - [TEST_STEP][PASSED] - navigateToUrl("https://site17.lsapp.cloud/calendar"): Navigate to 'https://site17.lsapp.cloud/calendar' successfully

27-09-2024T16:06:32 - [MESSAGE][PASSED] - Navigate to 'https://site17.lsapp.cloud/calendar' successfully

27-09-2024T16:06:32 - [TEST_STEP][PASSED] - click(findTestObject("Object Repository/Specific Cases Repository/LS/Calendar/Calendar_Events/Calendar_Events_Creation/Event/Page_Calendar/button_Create new")): Object: 'Object Repository/Specific Cases Repository/LS/Calendar/Calendar_Events/Calendar_Events_Creation/Event/Page_Calendar/button_Create new' is clicked on

27-09-2024T16:06:32 - [MESSAGE][PASSED] - Object: 'Object Repository/Specific Cases Repository/LS/Calendar/Calendar_Events/Calendar_Events_Creation/Event/Page_Calendar/button_Create new' is clicked on

27-09-2024T16:06:32 - [TEST_STEP][PASSED] - click(findTestObject("Object Repository/Specific Cases Repository/LS/Calendar/Calendar_Events/Calendar_Events_Creation/Event/Page_Calendar/label_Event")): Object: 'Object Repository/Specific Cases Repository/LS/Calendar/Calendar_Events/Calendar_Events_Creation/Event/Page_Calendar/label_Event' is clicked on

27-09-2024T16:06:33 - [MESSAGE][PASSED] - Object: 'Object Repository/Specific Cases Repository/LS/Calendar/Calendar_Events/Calendar_Events_Creation/Event/Page_Calendar/label_Event' is clicked on

27-09-2024T16:06:33 - [TEST_STEP][PASSED] - setText(findTestObject("Object Repository/Specific Cases Repository/LS/Calendar/Calendar_Events/Calendar_Events_Creation/Event/Page_Calendar/input_Title_title_"), "Past Automation Event"): Text 'Past Automation Event' is set on object 'Object Repository/Specific Cases Repository/LS/Calendar/Calendar_Events/Calendar_Events_Creation/Event/Page_Calendar/input_Title_title_'

27-09-2024T16:06:34 - [MESSAGE][PASSED] - Text 'Past Automation Event' is set on object 'Object Repository/Specific Cases Repository/LS/Calendar/Calendar_Events/Calendar_Events_Creation/Event/Page_Calendar/input_Title_title_'

27-09-2024T16:06:34 - [TEST_STEP][PASSED] - click(findTestObject("Object Repository/Specific Cases Repository/LS/Calendar/Calendar_Events/Calendar_Events_Creation/Appointment/Page_Calendar/Date")): Object: 'Object Repository/Specific Cases Repository/LS/Calendar/Calendar_Events/Calendar_Events_Creation/Appointment/Page_Calendar/Date' is clicked on

27-09-2024T16:06:34 - [MESSAGE][PASSED] - Object: 'Object Repository/Specific Cases Repository/LS/Calendar/Calendar_Events/Calendar_Events_Creation/Appointment/Page_Calendar/Date' is clicked on

27-09-2024T16:06:34 - [TEST_STEP][PASSED] - setText(findTestObject("Object Repository/Specific Cases Repository/LS/Calendar/Calendar_Events/Calendar_Events_Creation/Appointment/Page_Calendar/Date"), Last_Week_Date): Text '09/20/2024' is set on object 'Object Repository/Specific Cases Repository/LS/Calendar/Calendar_Events/Calendar_Events_Creation/Appointment/Page_Calendar/Date'

27-09-2024T16:06:35 - [MESSAGE][PASSED] - Text '09/20/2024' is set on object 'Object Repository/Specific Cases Repository/LS/Calendar/Calendar_Events/Calendar_Events_Creation/Appointment/Page_Calendar/Date'

27-09-2024T16:06:35 - [TEST_STEP][PASSED] - click(findTestObject("Object Repository/Specific Cases Repository/LS/Calendar/Calendar_Events/Calendar_Events_Creation/Appointment/Page_Calendar/Start Time Clock")): Object: 'Object Repository/Specific Cases Repository/LS/Calendar/Calendar_Events/Calendar_Events_Creation/Appointment/Page_Calendar/Start Time Clock' is clicked on

27-09-2024T16:06:35 - [MESSAGE][PASSED] - Object: 'Object Repository/Specific Cases Repository/LS/Calendar/Calendar_Events/Calendar_Events_Creation/Appointment/Page_Calendar/Start Time Clock' is clicked on

27-09-2024T16:06:35 - [TEST_STEP][PASSED] - setText(findTestObject("Object Repository/Specific Cases Repository/LS/Calendar/Calendar_Events/Calendar_Events_Creation/Appointment/Page_Calendar/Start Time Clock"), "1400"): Text '1400' is set on object 'Object Repository/Specific Cases Repository/LS/Calendar/Calendar_Events/Calendar_Events_Creation/Appointment/Page_Calendar/Start Time Clock'

27-09-2024T16:06:36 - [MESSAGE][PASSED] - Text '1400' is set on object 'Object Repository/Specific Cases Repository/LS/Calendar/Calendar_Events/Calendar_Events_Creation/Appointment/Page_Calendar/Start Time Clock'

27-09-2024T16:06:36 - [TEST_STEP][PASSED] - click(findTestObject("Object Repository/Specific Cases Repository/LS/Calendar/Calendar_Events/Calendar_Events_Creation/Event/Page_Calendar/div_Schedule                               _3f20bf")): Object: 'Object Repository/Specific Cases Repository/LS/Calendar/Calendar_Events/Calendar_Events_Creation/Event/Page_Calendar/div_Schedule                               _3f20bf' is clicked on

27-09-2024T16:06:36 - [MESSAGE][PASSED] - Object: 'Object Repository/Specific Cases Repository/LS/Calendar/Calendar_Events/Calendar_Events_Creation/Event/Page_Calendar/div_Schedule                               _3f20bf' is clicked on

27-09-2024T16:06:36 - [TEST_STEP][PASSED] - click(findTestObject("Object Repository/Specific Cases Repository/LS/Calendar/Calendar_Events/Calendar_Events_Creation/Event/Page_Calendar/button_Reminder__simple-switch-track")): Object: 'Object Repository/Specific Cases Repository/LS/Calendar/Calendar_Events/Calendar_Events_Creation/Event/Page_Calendar/button_Reminder__simple-switch-track' is clicked on

27-09-2024T16:06:37 - [MESSAGE][PASSED] - Object: 'Object Repository/Specific Cases Repository/LS/Calendar/Calendar_Events/Calendar_Events_Creation/Event/Page_Calendar/button_Reminder__simple-switch-track' is clicked on

27-09-2024T16:06:37 - [TEST_STEP][PASSED] - setText(findTestObject("Object Repository/Specific Cases Repository/LS/Calendar/Calendar_Events/Calendar_Events_Creation/Event/Page_Calendar/input_Reminder_select2-search__field"), "15"): Text '15' is set on object 'Object Repository/Specific Cases Repository/LS/Calendar/Calendar_Events/Calendar_Events_Creation/Event/Page_Calendar/input_Reminder_select2-search__field'

27-09-2024T16:06:37 - [MESSAGE][PASSED] - Text '15' is set on object 'Object Repository/Specific Cases Repository/LS/Calendar/Calendar_Events/Calendar_Events_Creation/Event/Page_Calendar/input_Reminder_select2-search__field'

27-09-2024T16:06:37 - [TEST_STEP][PASSED] - sendKeys(findTestObject("Object Repository/Specific Cases Repository/LS/Calendar/Calendar_Events/Calendar_Events_Creation/Event/Page_Calendar/input_Reminder_select2-search__field"), Keys.chord(ENTER)): Keys 'ENTER + ' sent to object: 'Object Repository/Specific Cases Repository/LS/Calendar/Calendar_Events/Calendar_Events_Creation/Event/Page_Calendar/input_Reminder_select2-search__field'

27-09-2024T16:06:38 - [MESSAGE][PASSED] - Keys 'ENTER + ' sent to object: 'Object Repository/Specific Cases Repository/LS/Calendar/Calendar_Events/Calendar_Events_Creation/Event/Page_Calendar/input_Reminder_select2-search__field'

27-09-2024T16:06:38 - [TEST_STEP][PASSED] - setText(findTestObject("Object Repository/Specific Cases Repository/LS/Calendar/Calendar_Events/Calendar_Events_Creation/Event/Page_Calendar/input_Reminder_select2-search__field"), "3 "): Text '3 ' is set on object 'Object Repository/Specific Cases Repository/LS/Calendar/Calendar_Events/Calendar_Events_Creation/Event/Page_Calendar/input_Reminder_select2-search__field'

27-09-2024T16:06:39 - [MESSAGE][PASSED] - Text '3 ' is set on object 'Object Repository/Specific Cases Repository/LS/Calendar/Calendar_Events/Calendar_Events_Creation/Event/Page_Calendar/input_Reminder_select2-search__field'

27-09-2024T16:06:39 - [TEST_STEP][PASSED] - sendKeys(findTestObject("Object Repository/Specific Cases Repository/LS/Calendar/Calendar_Events/Calendar_Events_Creation/Event/Page_Calendar/input_Reminder_select2-search__field"), Keys.chord(ENTER)): Keys 'ENTER + ' sent to object: 'Object Repository/Specific Cases Repository/LS/Calendar/Calendar_Events/Calendar_Events_Creation/Event/Page_Calendar/input_Reminder_select2-search__field'

27-09-2024T16:06:39 - [MESSAGE][PASSED] - Keys 'ENTER + ' sent to object: 'Object Repository/Specific Cases Repository/LS/Calendar/Calendar_Events/Calendar_Events_Creation/Event/Page_Calendar/input_Reminder_select2-search__field'

27-09-2024T16:06:39 - [TEST_STEP][PASSED] - setText(findTestObject("Object Repository/Specific Cases Repository/LS/Calendar/Calendar_Events/Calendar_Events_Creation/Event/Page_Calendar/input_Notes_notes"), "Past Automation Event Note"): Text 'Past Automation Event Note' is set on object 'Object Repository/Specific Cases Repository/LS/Calendar/Calendar_Events/Calendar_Events_Creation/Event/Page_Calendar/input_Notes_notes'

27-09-2024T16:06:40 - [MESSAGE][PASSED] - Text 'Past Automation Event Note' is set on object 'Object Repository/Specific Cases Repository/LS/Calendar/Calendar_Events/Calendar_Events_Creation/Event/Page_Calendar/input_Notes_notes'

27-09-2024T16:06:40 - [TEST_STEP][PASSED] - click(findTestObject("Object Repository/Specific Cases Repository/LS/Calendar/Calendar_Events/Calendar_Events_Creation/Event/Page_Calendar/a_Save")): Object: 'Object Repository/Specific Cases Repository/LS/Calendar/Calendar_Events/Calendar_Events_Creation/Event/Page_Calendar/a_Save' is clicked on

27-09-2024T16:06:40 - [MESSAGE][PASSED] - Object: 'Object Repository/Specific Cases Repository/LS/Calendar/Calendar_Events/Calendar_Events_Creation/Event/Page_Calendar/a_Save' is clicked on

27-09-2024T16:06:40 - [TEST_STEP][PASSED] - click(findTestObject("Specific Cases Repository/LS/Calendar/Calendar_Events/Calendar_Events_Creation/Appointment/Page_Calendar/Previus Week Arrow")): Object: 'Object Repository/Specific Cases Repository/LS/Calendar/Calendar_Events/Calendar_Events_Creation/Appointment/Page_Calendar/Previus Week Arrow' is clicked on

27-09-2024T16:06:41 - [MESSAGE][PASSED] - Object: 'Object Repository/Specific Cases Repository/LS/Calendar/Calendar_Events/Calendar_Events_Creation/Appointment/Page_Calendar/Previus Week Arrow' is clicked on

27-09-2024T16:06:41 - [TEST_STEP][PASSED] - scrollToElement(findTestObject("Specific Cases Repository/LS/Calendar/Calendar_Events/Calendar_Events_Creation/Event/Page_Calendar/a_Automation Event - Past"), 0): Scroll to object 'Object Repository/Specific Cases Repository/LS/Calendar/Calendar_Events/Calendar_Events_Creation/Event/Page_Calendar/a_Automation Event - Past' successfully

27-09-2024T16:06:41 - [MESSAGE][WARNING] - Timeout '0' is invalid. Using default page load timeout: '30'

27-09-2024T16:06:42 - [MESSAGE][PASSED] - Scroll to object 'Object Repository/Specific Cases Repository/LS/Calendar/Calendar_Events/Calendar_Events_Creation/Event/Page_Calendar/a_Automation Event - Past' successfully

27-09-2024T16:06:42 - [TEST_STEP][PASSED] - mouseOver(findTestObject("Specific Cases Repository/LS/Calendar/Calendar_Events/Calendar_Events_Creation/Event/Page_Calendar/a_Automation Event - Past")): Object: 'Object Repository/Specific Cases Repository/LS/Calendar/Calendar_Events/Calendar_Events_Creation/Event/Page_Calendar/a_Automation Event - Past' is hovered

27-09-2024T16:06:42 - [MESSAGE][PASSED] - Object: 'Object Repository/Specific Cases Repository/LS/Calendar/Calendar_Events/Calendar_Events_Creation/Event/Page_Calendar/a_Automation Event - Past' is hovered

27-09-2024T16:06:42 - [TEST_STEP][PASSED] - verifyElementText(findTestObject("Specific Cases Repository/LS/Calendar/Calendar_Events/Calendar_Events_Creation/Event/Page_Calendar/span_Automation Event - Past"), "Past Automation Event"): Actual text and expected text of test object 'Object Repository/Specific Cases Repository/LS/Calendar/Calendar_Events/Calendar_Events_Creation/Event/Page_Calendar/span_Automation Event - Past' are matched.

27-09-2024T16:06:43 - [MESSAGE][PASSED] - Actual text and expected text of test object 'Object Repository/Specific Cases Repository/LS/Calendar/Calendar_Events/Calendar_Events_Creation/Event/Page_Calendar/span_Automation Event - Past' are matched.

27-09-2024T16:06:43 - [TEST_STEP][PASSED] - verifyElementText(findTestObject("Object Repository/Specific Cases Repository/LS/Calendar/Calendar_Events/Calendar_Events_Creation/Event/Page_Calendar/span_180 minutes before, 15 minutes before"), "180 minutes before, 15 minutes before"): Actual text and expected text of test object 'Object Repository/Specific Cases Repository/LS/Calendar/Calendar_Events/Calendar_Events_Creation/Event/Page_Calendar/span_180 minutes before, 15 minutes before' are matched.

27-09-2024T16:06:43 - [MESSAGE][PASSED] - Actual text and expected text of test object 'Object Repository/Specific Cases Repository/LS/Calendar/Calendar_Events/Calendar_Events_Creation/Event/Page_Calendar/span_180 minutes before, 15 minutes before' are matched.

27-09-2024T16:06:43 - [TEST_STEP][PASSED] - closeBrowser(): Browser is closed

27-09-2024T16:06:43 - [MESSAGE][PASSED] - Browser is closed]]></system-out>
         <system-err><![CDATA[]]></system-err>
      </testcase>
      <testcase name="Test Cases/Specific Cases/LS/General/Calendar/Past Events Creation/Past_Calendar_Groups" time="34.234" classname="Test Cases/Specific Cases/LS/General/Calendar/Past Events Creation/Past_Calendar_Groups" status="PASSED">
         <system-out><![CDATA[27-09-2024T16:06:43 - [TEST_CASE][PASSED] - Test Cases/Specific Cases/LS/General/Calendar/Past Events Creation/Past_Calendar_Groups: Test Cases/Specific Cases/LS/General/Calendar/Past Events Creation/Past_Calendar_Groups

27-09-2024T16:06:43 - [TEST_STEP][PASSED] - callTestCase(findTestCase("Common Cases/Login"), [:], STOP_ON_FAILURE): Call Test Case 'Test Cases/Common Cases/Login' successfully

27-09-2024T16:06:43 - [TEST_CASE][PASSED] - Test Cases/Common Cases/Login: Test Cases/Common Cases/Login

27-09-2024T16:06:43 - [TEST_STEP][PASSED] - openBrowser(""): Browser is opened with url: ''

27-09-2024T16:06:43 - [MESSAGE][INFO] - Starting 'Chrome' driver

27-09-2024T16:06:43 - [MESSAGE][INFO] - Action delay is set to 0 milliseconds

27-09-2024T16:06:44 - [MESSAGE][PASSED] - Browser is opened with url: ''

27-09-2024T16:06:44 - [TEST_STEP][PASSED] - maximizeWindow(): Current window maximized

27-09-2024T16:06:44 - [MESSAGE][PASSED] - Current window maximized

27-09-2024T16:06:44 - [TEST_STEP][PASSED] - navigateToUrl("https://site17.lsapp.cloud/auth/login"): Navigate to 'https://site17.lsapp.cloud/auth/login' successfully

27-09-2024T16:06:45 - [MESSAGE][PASSED] - Navigate to 'https://site17.lsapp.cloud/auth/login' successfully

27-09-2024T16:06:45 - [TEST_STEP][PASSED] - setText(findTestObject("Object Repository/Common Cases Repository/Login/Page_Lightning Step/input_Email_email"), "automation@lightningstep.com"): Text 'automation@lightningstep.com' is set on object 'Object Repository/Common Cases Repository/Login/Page_Lightning Step/input_Email_email'

27-09-2024T16:06:46 - [MESSAGE][PASSED] - Text 'automation@lightningstep.com' is set on object 'Object Repository/Common Cases Repository/Login/Page_Lightning Step/input_Email_email'

27-09-2024T16:06:46 - [TEST_STEP][PASSED] - setEncryptedText(findTestObject("Object Repository/Common Cases Repository/Login/Page_Lightning Step/input_Password_password"), "e5N8VHmnhJDITtQaQhDQDw=="): Text ****** has been set on object 'Object Repository/Common Cases Repository/Login/Page_Lightning Step/input_Password_password'

27-09-2024T16:06:46 - [MESSAGE][PASSED] - Text ****** has been set on object 'Object Repository/Common Cases Repository/Login/Page_Lightning Step/input_Password_password'

27-09-2024T16:06:46 - [TEST_STEP][PASSED] - click(findTestObject("Object Repository/Common Cases Repository/Login/Page_Lightning Step/button_Sign in")): Object: 'Object Repository/Common Cases Repository/Login/Page_Lightning Step/button_Sign in' is clicked on

27-09-2024T16:06:52 - [MESSAGE][PASSED] - Object: 'Object Repository/Common Cases Repository/Login/Page_Lightning Step/button_Sign in' is clicked on

27-09-2024T16:06:52 - [MESSAGE][PASSED] - Call Test Case 'Test Cases/Common Cases/Login' successfully

27-09-2024T16:06:52 - [TEST_STEP][PASSED] - click(findTestObject("Object Repository/Specific Cases Repository/LS/Calendar/Calendar_Events/Calendar_Events_Creation/Group/Page_Home/a_Calendar")): Object: 'Object Repository/Specific Cases Repository/LS/Calendar/Calendar_Events/Calendar_Events_Creation/Group/Page_Home/a_Calendar' is clicked on

27-09-2024T16:06:56 - [MESSAGE][PASSED] - Object: 'Object Repository/Specific Cases Repository/LS/Calendar/Calendar_Events/Calendar_Events_Creation/Group/Page_Home/a_Calendar' is clicked on

27-09-2024T16:06:56 - [TEST_STEP][PASSED] - navigateToUrl("https://site17.lsapp.cloud/calendar"): Navigate to 'https://site17.lsapp.cloud/calendar' successfully

27-09-2024T16:06:57 - [MESSAGE][PASSED] - Navigate to 'https://site17.lsapp.cloud/calendar' successfully

27-09-2024T16:06:57 - [TEST_STEP][PASSED] - click(findTestObject("Object Repository/Specific Cases Repository/LS/Calendar/Calendar_Events/Calendar_Events_Creation/Group/Page_Calendar/button_Create new")): Object: 'Object Repository/Specific Cases Repository/LS/Calendar/Calendar_Events/Calendar_Events_Creation/Group/Page_Calendar/button_Create new' is clicked on

27-09-2024T16:06:58 - [MESSAGE][PASSED] - Object: 'Object Repository/Specific Cases Repository/LS/Calendar/Calendar_Events/Calendar_Events_Creation/Group/Page_Calendar/button_Create new' is clicked on

27-09-2024T16:06:58 - [TEST_STEP][PASSED] - click(findTestObject("Object Repository/Specific Cases Repository/LS/Calendar/Calendar_Events/Calendar_Events_Creation/Group/Page_Calendar/label_Group")): Object: 'Object Repository/Specific Cases Repository/LS/Calendar/Calendar_Events/Calendar_Events_Creation/Group/Page_Calendar/label_Group' is clicked on

27-09-2024T16:06:59 - [MESSAGE][PASSED] - Object: 'Object Repository/Specific Cases Repository/LS/Calendar/Calendar_Events/Calendar_Events_Creation/Group/Page_Calendar/label_Group' is clicked on

27-09-2024T16:06:59 - [TEST_STEP][PASSED] - click(findTestObject("Object Repository/Specific Cases Repository/LS/Calendar/Calendar_Events/Calendar_Events_Creation/Group/Page_Calendar/Groups Selector")): Object: 'Object Repository/Specific Cases Repository/LS/Calendar/Calendar_Events/Calendar_Events_Creation/Group/Page_Calendar/Groups Selector' is clicked on

27-09-2024T16:07:00 - [MESSAGE][PASSED] - Object: 'Object Repository/Specific Cases Repository/LS/Calendar/Calendar_Events/Calendar_Events_Creation/Group/Page_Calendar/Groups Selector' is clicked on

27-09-2024T16:07:00 - [TEST_STEP][PASSED] - setText(findTestObject("Object Repository/Specific Cases Repository/LS/Calendar/Calendar_Events/Calendar_Events_Creation/Group/Page_Calendar/input_Loading_select2-search__field"), "1.2"): Text '1.2' is set on object 'Object Repository/Specific Cases Repository/LS/Calendar/Calendar_Events/Calendar_Events_Creation/Group/Page_Calendar/input_Loading_select2-search__field'

27-09-2024T16:07:00 - [MESSAGE][PASSED] - Text '1.2' is set on object 'Object Repository/Specific Cases Repository/LS/Calendar/Calendar_Events/Calendar_Events_Creation/Group/Page_Calendar/input_Loading_select2-search__field'

27-09-2024T16:07:00 - [TEST_STEP][PASSED] - sendKeys(findTestObject("Object Repository/Specific Cases Repository/LS/Calendar/Calendar_Events/Calendar_Events_Creation/Group/Page_Calendar/input_Loading_select2-search__field"), Keys.chord(ENTER)): Keys 'ENTER + ' sent to object: 'Object Repository/Specific Cases Repository/LS/Calendar/Calendar_Events/Calendar_Events_Creation/Group/Page_Calendar/input_Loading_select2-search__field'

27-09-2024T16:07:01 - [MESSAGE][PASSED] - Keys 'ENTER + ' sent to object: 'Object Repository/Specific Cases Repository/LS/Calendar/Calendar_Events/Calendar_Events_Creation/Group/Page_Calendar/input_Loading_select2-search__field'

27-09-2024T16:07:01 - [TEST_STEP][PASSED] - setText(findTestObject("Object Repository/Specific Cases Repository/LS/Calendar/Calendar_Events/Calendar_Events_Creation/Group/Page_Calendar/input_Title_title_"), "1.2 Automatically Enroll Clients in Selected Location/Program(s) : Select Content"): Text '1.2 Automatically Enroll Clients in Selected Location/Program(s) : Select Content' is set on object 'Object Repository/Specific Cases Repository/LS/Calendar/Calendar_Events/Calendar_Events_Creation/Group/Page_Calendar/input_Title_title_'

27-09-2024T16:07:02 - [MESSAGE][PASSED] - Text '1.2 Automatically Enroll Clients in Selected Location/Program(s) : Select Content' is set on object 'Object Repository/Specific Cases Repository/LS/Calendar/Calendar_Events/Calendar_Events_Creation/Group/Page_Calendar/input_Title_title_'

27-09-2024T16:07:02 - [TEST_STEP][PASSED] - click(findTestObject("Object Repository/Specific Cases Repository/LS/Calendar/Calendar_Events/Calendar_Events_Creation/Group/Page_Calendar/Date")): Object: 'Object Repository/Specific Cases Repository/LS/Calendar/Calendar_Events/Calendar_Events_Creation/Group/Page_Calendar/Date' is clicked on

27-09-2024T16:07:02 - [MESSAGE][PASSED] - Object: 'Object Repository/Specific Cases Repository/LS/Calendar/Calendar_Events/Calendar_Events_Creation/Group/Page_Calendar/Date' is clicked on

27-09-2024T16:07:02 - [TEST_STEP][PASSED] - setText(findTestObject("Object Repository/Specific Cases Repository/LS/Calendar/Calendar_Events/Calendar_Events_Creation/Group/Page_Calendar/Date"), Last_Week_Date): Text '09/20/2024' is set on object 'Object Repository/Specific Cases Repository/LS/Calendar/Calendar_Events/Calendar_Events_Creation/Group/Page_Calendar/Date'

27-09-2024T16:07:03 - [MESSAGE][PASSED] - Text '09/20/2024' is set on object 'Object Repository/Specific Cases Repository/LS/Calendar/Calendar_Events/Calendar_Events_Creation/Group/Page_Calendar/Date'

27-09-2024T16:07:03 - [TEST_STEP][PASSED] - click(findTestObject("Object Repository/Specific Cases Repository/LS/Calendar/Calendar_Events/Calendar_Events_Creation/Group/Page_Calendar/Start Time")): Object: 'Object Repository/Specific Cases Repository/LS/Calendar/Calendar_Events/Calendar_Events_Creation/Group/Page_Calendar/Start Time' is clicked on

27-09-2024T16:07:04 - [MESSAGE][PASSED] - Object: 'Object Repository/Specific Cases Repository/LS/Calendar/Calendar_Events/Calendar_Events_Creation/Group/Page_Calendar/Start Time' is clicked on

27-09-2024T16:07:04 - [TEST_STEP][PASSED] - setText(findTestObject("Object Repository/Specific Cases Repository/LS/Calendar/Calendar_Events/Calendar_Events_Creation/Group/Page_Calendar/Start Time"), "1300"): Text '1300' is set on object 'Object Repository/Specific Cases Repository/LS/Calendar/Calendar_Events/Calendar_Events_Creation/Group/Page_Calendar/Start Time'

27-09-2024T16:07:04 - [MESSAGE][PASSED] - Text '1300' is set on object 'Object Repository/Specific Cases Repository/LS/Calendar/Calendar_Events/Calendar_Events_Creation/Group/Page_Calendar/Start Time'

27-09-2024T16:07:04 - [TEST_STEP][PASSED] - click(findTestObject("Object Repository/Specific Cases Repository/LS/Calendar/Calendar_Events/Calendar_Events_Creation/Group/Page_Calendar/End Time")): Object: 'Object Repository/Specific Cases Repository/LS/Calendar/Calendar_Events/Calendar_Events_Creation/Group/Page_Calendar/End Time' is clicked on

27-09-2024T16:07:05 - [MESSAGE][PASSED] - Object: 'Object Repository/Specific Cases Repository/LS/Calendar/Calendar_Events/Calendar_Events_Creation/Group/Page_Calendar/End Time' is clicked on

27-09-2024T16:07:05 - [TEST_STEP][PASSED] - setText(findTestObject("Object Repository/Specific Cases Repository/LS/Calendar/Calendar_Events/Calendar_Events_Creation/Group/Page_Calendar/End Time"), "1400"): Text '1400' is set on object 'Object Repository/Specific Cases Repository/LS/Calendar/Calendar_Events/Calendar_Events_Creation/Group/Page_Calendar/End Time'

27-09-2024T16:07:06 - [MESSAGE][PASSED] - Text '1400' is set on object 'Object Repository/Specific Cases Repository/LS/Calendar/Calendar_Events/Calendar_Events_Creation/Group/Page_Calendar/End Time'

27-09-2024T16:07:06 - [TEST_STEP][PASSED] - click(findTestObject("Object Repository/Specific Cases Repository/LS/Calendar/Calendar_Events/Calendar_Events_Creation/Group/Page_Calendar/Groups Selector")): Object: 'Object Repository/Specific Cases Repository/LS/Calendar/Calendar_Events/Calendar_Events_Creation/Group/Page_Calendar/Groups Selector' is clicked on

27-09-2024T16:07:06 - [MESSAGE][PASSED] - Object: 'Object Repository/Specific Cases Repository/LS/Calendar/Calendar_Events/Calendar_Events_Creation/Group/Page_Calendar/Groups Selector' is clicked on

27-09-2024T16:07:06 - [TEST_STEP][PASSED] - setText(findTestObject("Object Repository/Specific Cases Repository/LS/Calendar/Calendar_Events/Calendar_Events_Creation/Group/Page_Calendar/input_Loading_select2-search__field"), "1.2"): Text '1.2' is set on object 'Object Repository/Specific Cases Repository/LS/Calendar/Calendar_Events/Calendar_Events_Creation/Group/Page_Calendar/input_Loading_select2-search__field'

27-09-2024T16:07:07 - [MESSAGE][PASSED] - Text '1.2' is set on object 'Object Repository/Specific Cases Repository/LS/Calendar/Calendar_Events/Calendar_Events_Creation/Group/Page_Calendar/input_Loading_select2-search__field'

27-09-2024T16:07:07 - [TEST_STEP][PASSED] - sendKeys(findTestObject("Object Repository/Specific Cases Repository/LS/Calendar/Calendar_Events/Calendar_Events_Creation/Group/Page_Calendar/input_Loading_select2-search__field"), Keys.chord(ENTER)): Keys 'ENTER + ' sent to object: 'Object Repository/Specific Cases Repository/LS/Calendar/Calendar_Events/Calendar_Events_Creation/Group/Page_Calendar/input_Loading_select2-search__field'

27-09-2024T16:07:08 - [MESSAGE][PASSED] - Keys 'ENTER + ' sent to object: 'Object Repository/Specific Cases Repository/LS/Calendar/Calendar_Events/Calendar_Events_Creation/Group/Page_Calendar/input_Loading_select2-search__field'

27-09-2024T16:07:08 - [TEST_STEP][PASSED] - click(findTestObject("Object Repository/Specific Cases Repository/LS/Calendar/Calendar_Events/Calendar_Events_Creation/Group/Page_Calendar/span_Select Clients")): Object: 'Object Repository/Specific Cases Repository/LS/Calendar/Calendar_Events/Calendar_Events_Creation/Group/Page_Calendar/span_Select Clients' is clicked on

27-09-2024T16:07:08 - [MESSAGE][PASSED] - Object: 'Object Repository/Specific Cases Repository/LS/Calendar/Calendar_Events/Calendar_Events_Creation/Group/Page_Calendar/span_Select Clients' is clicked on

27-09-2024T16:07:08 - [TEST_STEP][PASSED] - click(findTestObject("Object Repository/Specific Cases Repository/LS/Calendar/Calendar_Events/Calendar_Events_Creation/Group/Page_Calendar/label_C Automation, C Client MR 24-11008")): Object: 'Object Repository/Specific Cases Repository/LS/Calendar/Calendar_Events/Calendar_Events_Creation/Group/Page_Calendar/label_C Automation, C Client MR 24-11008' is clicked on

27-09-2024T16:07:09 - [MESSAGE][PASSED] - Object: 'Object Repository/Specific Cases Repository/LS/Calendar/Calendar_Events/Calendar_Events_Creation/Group/Page_Calendar/label_C Automation, C Client MR 24-11008' is clicked on

27-09-2024T16:07:09 - [TEST_STEP][PASSED] - click(findTestObject("Object Repository/Specific Cases Repository/LS/Calendar/Calendar_Events/Calendar_Events_Creation/Group/Page_Calendar/label_B Automation, B Client MR 24-11007")): Object: 'Object Repository/Specific Cases Repository/LS/Calendar/Calendar_Events/Calendar_Events_Creation/Group/Page_Calendar/label_B Automation, B Client MR 24-11007' is clicked on

27-09-2024T16:07:09 - [MESSAGE][PASSED] - Object: 'Object Repository/Specific Cases Repository/LS/Calendar/Calendar_Events/Calendar_Events_Creation/Group/Page_Calendar/label_B Automation, B Client MR 24-11007' is clicked on

27-09-2024T16:07:09 - [TEST_STEP][PASSED] - click(findTestObject("Object Repository/Specific Cases Repository/LS/Calendar/Calendar_Events/Calendar_Events_Creation/Group/Page_Calendar/View Enrolled Patients")): Object: 'Object Repository/Specific Cases Repository/LS/Calendar/Calendar_Events/Calendar_Events_Creation/Group/Page_Calendar/View Enrolled Patients' is clicked on

27-09-2024T16:07:10 - [MESSAGE][PASSED] - Object: 'Object Repository/Specific Cases Repository/LS/Calendar/Calendar_Events/Calendar_Events_Creation/Group/Page_Calendar/View Enrolled Patients' is clicked on

27-09-2024T16:07:10 - [TEST_STEP][PASSED] - verifyElementText(findTestObject("Object Repository/Specific Cases Repository/LS/Calendar/Calendar_Events/Calendar_Events_Creation/Group/Page_Calendar/td_C Automation, C Client MR 24-11008"), "C Automation, C Client MR# 24-11008"): Actual text and expected text of test object 'Object Repository/Specific Cases Repository/LS/Calendar/Calendar_Events/Calendar_Events_Creation/Group/Page_Calendar/td_C Automation, C Client MR 24-11008' are matched.

27-09-2024T16:07:10 - [MESSAGE][PASSED] - Actual text and expected text of test object 'Object Repository/Specific Cases Repository/LS/Calendar/Calendar_Events/Calendar_Events_Creation/Group/Page_Calendar/td_C Automation, C Client MR 24-11008' are matched.

27-09-2024T16:07:10 - [TEST_STEP][PASSED] - verifyElementText(findTestObject("Object Repository/Specific Cases Repository/LS/Calendar/Calendar_Events/Calendar_Events_Creation/Group/Page_Calendar/td_B Automation, B Client MR 24-11007"), "B Automation, B Client MR# 24-11007"): Actual text and expected text of test object 'Object Repository/Specific Cases Repository/LS/Calendar/Calendar_Events/Calendar_Events_Creation/Group/Page_Calendar/td_B Automation, B Client MR 24-11007' are matched.

27-09-2024T16:07:10 - [MESSAGE][PASSED] - Actual text and expected text of test object 'Object Repository/Specific Cases Repository/LS/Calendar/Calendar_Events/Calendar_Events_Creation/Group/Page_Calendar/td_B Automation, B Client MR 24-11007' are matched.

27-09-2024T16:07:10 - [TEST_STEP][PASSED] - click(findTestObject("Object Repository/Specific Cases Repository/LS/Calendar/Calendar_Events/Calendar_Events_Creation/Group/Page_Calendar/View Enrolled Patients")): Object: 'Object Repository/Specific Cases Repository/LS/Calendar/Calendar_Events/Calendar_Events_Creation/Group/Page_Calendar/View Enrolled Patients' is clicked on

27-09-2024T16:07:11 - [MESSAGE][PASSED] - Object: 'Object Repository/Specific Cases Repository/LS/Calendar/Calendar_Events/Calendar_Events_Creation/Group/Page_Calendar/View Enrolled Patients' is clicked on

27-09-2024T16:07:11 - [TEST_STEP][PASSED] - scrollToElement(findTestObject("Object Repository/Specific Cases Repository/LS/Calendar/Calendar_Events/Calendar_Events_Creation/Group/Page_Calendar/a_Save"), 0): Scroll to object 'Object Repository/Specific Cases Repository/LS/Calendar/Calendar_Events/Calendar_Events_Creation/Group/Page_Calendar/a_Save' successfully

27-09-2024T16:07:11 - [MESSAGE][WARNING] - Timeout '0' is invalid. Using default page load timeout: '30'

27-09-2024T16:07:11 - [MESSAGE][PASSED] - Scroll to object 'Object Repository/Specific Cases Repository/LS/Calendar/Calendar_Events/Calendar_Events_Creation/Group/Page_Calendar/a_Save' successfully

27-09-2024T16:07:11 - [TEST_STEP][PASSED] - click(findTestObject("Object Repository/Specific Cases Repository/LS/Calendar/Calendar_Events/Calendar_Events_Creation/Group/Page_Calendar/a_Save")): Object: 'Object Repository/Specific Cases Repository/LS/Calendar/Calendar_Events/Calendar_Events_Creation/Group/Page_Calendar/a_Save' is clicked on

27-09-2024T16:07:11 - [MESSAGE][PASSED] - Object: 'Object Repository/Specific Cases Repository/LS/Calendar/Calendar_Events/Calendar_Events_Creation/Group/Page_Calendar/a_Save' is clicked on

27-09-2024T16:07:11 - [TEST_STEP][PASSED] - click(findTestObject("Specific Cases Repository/LS/Calendar/Calendar_Events/Calendar_Events_Creation/Appointment/Page_Calendar/Previus Week Arrow")): Object: 'Object Repository/Specific Cases Repository/LS/Calendar/Calendar_Events/Calendar_Events_Creation/Appointment/Page_Calendar/Previus Week Arrow' is clicked on

27-09-2024T16:07:11 - [MESSAGE][PASSED] - Object: 'Object Repository/Specific Cases Repository/LS/Calendar/Calendar_Events/Calendar_Events_Creation/Appointment/Page_Calendar/Previus Week Arrow' is clicked on

27-09-2024T16:07:11 - [TEST_STEP][PASSED] - waitForPageLoad(30): Wait for page load successfully

27-09-2024T16:07:12 - [MESSAGE][PASSED] - Wait for page load successfully

27-09-2024T16:07:12 - [TEST_STEP][PASSED] - click(findTestObject("Specific Cases Repository/LS/Calendar/Calendar_Events/Calendar_Events_Creation/Group/Page_Calendar/Calendar Event - Past")): Object: 'Object Repository/Specific Cases Repository/LS/Calendar/Calendar_Events/Calendar_Events_Creation/Group/Page_Calendar/Calendar Event - Past' is clicked on

27-09-2024T16:07:13 - [MESSAGE][PASSED] - Object: 'Object Repository/Specific Cases Repository/LS/Calendar/Calendar_Events/Calendar_Events_Creation/Group/Page_Calendar/Calendar Event - Past' is clicked on

27-09-2024T16:07:13 - [TEST_STEP][PASSED] - setText(findTestObject("Object Repository/Specific Cases Repository/LS/Calendar/Calendar_Events/Calendar_Events_Creation/Group/Page_Calendar/input_Title_title_edit"), "Past Automation Test 1.2 Automatically Enroll Clients in Selected Location/Program(s)"): Text 'Past Automation Test 1.2 Automatically Enroll Clients in Selected Location/Program(s)' is set on object 'Object Repository/Specific Cases Repository/LS/Calendar/Calendar_Events/Calendar_Events_Creation/Group/Page_Calendar/input_Title_title_edit'

27-09-2024T16:07:15 - [MESSAGE][PASSED] - Text 'Past Automation Test 1.2 Automatically Enroll Clients in Selected Location/Program(s)' is set on object 'Object Repository/Specific Cases Repository/LS/Calendar/Calendar_Events/Calendar_Events_Creation/Group/Page_Calendar/input_Title_title_edit'

27-09-2024T16:07:15 - [TEST_STEP][PASSED] - verifyElementText(findTestObject("Object Repository/Specific Cases Repository/LS/Calendar/Calendar_Events/Calendar_Events_Creation/Group/Page_Calendar/label_Start Group Session"), "Start Group Session"): Actual text and expected text of test object 'Object Repository/Specific Cases Repository/LS/Calendar/Calendar_Events/Calendar_Events_Creation/Group/Page_Calendar/label_Start Group Session' are matched.

27-09-2024T16:07:15 - [MESSAGE][PASSED] - Actual text and expected text of test object 'Object Repository/Specific Cases Repository/LS/Calendar/Calendar_Events/Calendar_Events_Creation/Group/Page_Calendar/label_Start Group Session' are matched.

27-09-2024T16:07:15 - [TEST_STEP][PASSED] - verifyElementPresent(findTestObject("Object Repository/Specific Cases Repository/LS/Calendar/Calendar_Events/Calendar_Events_Creation/Group/Page_Calendar/input_Start Group Session_isdocumentedgroup"), 0): Object 'Object Repository/Specific Cases Repository/LS/Calendar/Calendar_Events/Calendar_Events_Creation/Group/Page_Calendar/input_Start Group Session_isdocumentedgroup' is present

27-09-2024T16:07:15 - [MESSAGE][WARNING] - Timeout '0' is invalid. Using default page load timeout: '30'

27-09-2024T16:07:15 - [MESSAGE][PASSED] - Object 'Object Repository/Specific Cases Repository/LS/Calendar/Calendar_Events/Calendar_Events_Creation/Group/Page_Calendar/input_Start Group Session_isdocumentedgroup' is present

27-09-2024T16:07:15 - [TEST_STEP][PASSED] - click(findTestObject("Object Repository/Specific Cases Repository/LS/Calendar/Calendar_Events/Calendar_Events_Creation/Group/Page_Calendar/a_Save Revision")): Object: 'Object Repository/Specific Cases Repository/LS/Calendar/Calendar_Events/Calendar_Events_Creation/Group/Page_Calendar/a_Save Revision' is clicked on

27-09-2024T16:07:15 - [MESSAGE][PASSED] - Object: 'Object Repository/Specific Cases Repository/LS/Calendar/Calendar_Events/Calendar_Events_Creation/Group/Page_Calendar/a_Save Revision' is clicked on

27-09-2024T16:07:15 - [TEST_STEP][PASSED] - mouseOver(findTestObject("Specific Cases Repository/LS/Calendar/Calendar_Events/Calendar_Events_Creation/Group/Page_Calendar/Calendar Event - Past")): Object: 'Object Repository/Specific Cases Repository/LS/Calendar/Calendar_Events/Calendar_Events_Creation/Group/Page_Calendar/Calendar Event - Past' is hovered

27-09-2024T16:07:17 - [MESSAGE][PASSED] - Object: 'Object Repository/Specific Cases Repository/LS/Calendar/Calendar_Events/Calendar_Events_Creation/Group/Page_Calendar/Calendar Event - Past' is hovered

27-09-2024T16:07:17 - [TEST_STEP][PASSED] - verifyElementText(findTestObject("Specific Cases Repository/LS/Calendar/Calendar_Events/Calendar_Events_Creation/Group/Page_Calendar/span_Automation Test 1.2 Automatically Enro_f39ad6 - Past"), "Past Automation Test 1.2 Automatically Enroll Clients in Selected Location/Program(s)"): Actual text and expected text of test object 'Object Repository/Specific Cases Repository/LS/Calendar/Calendar_Events/Calendar_Events_Creation/Group/Page_Calendar/span_Automation Test 1.2 Automatically Enro_f39ad6 - Past' are matched.

27-09-2024T16:07:17 - [MESSAGE][PASSED] - Actual text and expected text of test object 'Object Repository/Specific Cases Repository/LS/Calendar/Calendar_Events/Calendar_Events_Creation/Group/Page_Calendar/span_Automation Test 1.2 Automatically Enro_f39ad6 - Past' are matched.

27-09-2024T16:07:17 - [TEST_STEP][PASSED] - closeBrowser(): Browser is closed

27-09-2024T16:07:17 - [MESSAGE][PASSED] - Browser is closed]]></system-out>
         <system-err><![CDATA[]]></system-err>
      </testcase>
      <testcase name="Test Cases/Specific Cases/LS/General/Calendar/Present Events Creation/Calendar_Appointment" time="60.57" classname="Test Cases/Specific Cases/LS/General/Calendar/Present Events Creation/Calendar_Appointment" status="FAILED">
         <failure type="FAILED" message="Test Cases/Specific Cases/LS/General/Calendar/Present Events Creation/Calendar_Appointment FAILED.&#xa;Reason:&#xa;com.kms.katalon.core.exception.StepFailedException: Unable to scroll to object 'Object Repository/Specific Cases Repository/LS/Calendar/Calendar_Events/Calendar_Events_Creation/Appointment/Page_Calendar/a_Automation Test with A Automation, A Clie_8f5a4c'&#xa;	at com.kms.katalon.core.webui.keyword.internal.WebUIKeywordMain.stepFailed(WebUIKeywordMain.groovy:117)&#xa;	at com.kms.katalon.core.webui.keyword.internal.WebUIKeywordMain.runKeyword(WebUIKeywordMain.groovy:43)&#xa;	at com.kms.katalon.core.webui.keyword.builtin.ScrollToElementKeyword.scrollToElement(ScrollToElementKeyword.groovy:88)&#xa;	at com.kms.katalon.core.webui.keyword.builtin.ScrollToElementKeyword.execute(ScrollToElementKeyword.groovy:68)&#xa;	at com.kms.katalon.core.keyword.internal.KeywordExecutor.executeKeywordForPlatform(KeywordExecutor.groovy:74)&#xa;	at com.kms.katalon.core.webui.keyword.WebUiBuiltInKeywords.scrollToElement(WebUiBuiltInKeywords.groovy:4147)&#xa;	at Calendar_Appointment.run(Calendar_Appointment:82)&#xa;	at com.kms.katalon.core.main.ScriptEngine.run(ScriptEngine.java:194)&#xa;	at com.kms.katalon.core.main.ScriptEngine.runScriptAsRawText(ScriptEngine.java:119)&#xa;	at com.kms.katalon.core.main.TestCaseExecutor.runScript(TestCaseExecutor.java:448)&#xa;	at com.kms.katalon.core.main.TestCaseExecutor.doExecute(TestCaseExecutor.java:439)&#xa;	at com.kms.katalon.core.main.TestCaseExecutor.processExecutionPhase(TestCaseExecutor.java:418)&#xa;	at com.kms.katalon.core.main.TestCaseExecutor.accessMainPhase(TestCaseExecutor.java:410)&#xa;	at com.kms.katalon.core.main.TestCaseExecutor.execute(TestCaseExecutor.java:285)&#xa;	at com.kms.katalon.core.common.CommonExecutor.accessTestCaseMainPhase(CommonExecutor.java:65)&#xa;	at com.kms.katalon.core.main.TestSuiteExecutor.accessTestSuiteMainPhase(TestSuiteExecutor.java:150)&#xa;	at com.kms.katalon.core.main.TestSuiteExecutor.execute(TestSuiteExecutor.java:106)&#xa;	at com.kms.katalon.core.main.TestCaseMain.startTestSuite(TestCaseMain.java:180)&#xa;	at TempTestSuite1727470993707.run(TempTestSuite1727470993707.groovy:35)&#xa;	at java.base/jdk.internal.reflect.NativeMethodAccessorImpl.invoke0(Native Method)&#xa;	at java.base/jdk.internal.reflect.NativeMethodAccessorImpl.invoke(NativeMethodAccessorImpl.java:77)&#xa;	at java.base/jdk.internal.reflect.DelegatingMethodAccessorImpl.invoke(DelegatingMethodAccessorImpl.java:43)&#xa;Caused by: com.kms.katalon.core.webui.exception.WebElementNotFoundException: Web element with id: 'Object Repository/Specific Cases Repository/LS/Calendar/Calendar_Events/Calendar_Events_Creation/Appointment/Page_Calendar/a_Automation Test with A Automation, A Clie_8f5a4c' located by 'a >> internal:has-text=&quot;Automation Test with A Automation, A Client MR# 24-11006: 5 Panel Drug Screen&quot;i' not found&#xa;	at com.kms.katalon.core.webui.common.WebUiCommonHelper.findWebElement(WebUiCommonHelper.java:1419)&#xa;	at com.kms.katalon.core.webui.keyword.internal.WebUIAbstractKeyword.findWebElement(WebUIAbstractKeyword.groovy:27)&#xa;	at com.kms.katalon.core.webui.keyword.internal.WebUIAbstractKeyword.findWebElement(WebUIAbstractKeyword.groovy:26)&#xa;	at com.kms.katalon.core.webui.keyword.builtin.ScrollToElementKeyword$_scrollToElement_closure1.doCall(ScrollToElementKeyword.groovy:79)&#xa;	at com.kms.katalon.core.webui.keyword.builtin.ScrollToElementKeyword$_scrollToElement_closure1.call(ScrollToElementKeyword.groovy)&#xa;	at com.kms.katalon.core.webui.keyword.internal.WebUIKeywordMain.runKeyword(WebUIKeywordMain.groovy:35)&#xa;	... 20 more&#xa;"/>
         <system-out><![CDATA[27-09-2024T16:07:17 - [TEST_CASE][FAILED] - Test Cases/Specific Cases/LS/General/Calendar/Present Events Creation/Calendar_Appointment: Test Cases/Specific Cases/LS/General/Calendar/Present Events Creation/Calendar_Appointment FAILED.
Reason:
com.kms.katalon.core.exception.StepFailedException: Unable to scroll to object 'Object Repository/Specific Cases Repository/LS/Calendar/Calendar_Events/Calendar_Events_Creation/Appointment/Page_Calendar/a_Automation Test with A Automation, A Clie_8f5a4c'
	at com.kms.katalon.core.webui.keyword.internal.WebUIKeywordMain.stepFailed(WebUIKeywordMain.groovy:117)
	at com.kms.katalon.core.webui.keyword.internal.WebUIKeywordMain.runKeyword(WebUIKeywordMain.groovy:43)
	at com.kms.katalon.core.webui.keyword.builtin.ScrollToElementKeyword.scrollToElement(ScrollToElementKeyword.groovy:88)
	at com.kms.katalon.core.webui.keyword.builtin.ScrollToElementKeyword.execute(ScrollToElementKeyword.groovy:68)
	at com.kms.katalon.core.keyword.internal.KeywordExecutor.executeKeywordForPlatform(KeywordExecutor.groovy:74)
	at com.kms.katalon.core.webui.keyword.WebUiBuiltInKeywords.scrollToElement(WebUiBuiltInKeywords.groovy:4147)
	at Calendar_Appointment.run(Calendar_Appointment:82)
	at com.kms.katalon.core.main.ScriptEngine.run(ScriptEngine.java:194)
	at com.kms.katalon.core.main.ScriptEngine.runScriptAsRawText(ScriptEngine.java:119)
	at com.kms.katalon.core.main.TestCaseExecutor.runScript(TestCaseExecutor.java:448)
	at com.kms.katalon.core.main.TestCaseExecutor.doExecute(TestCaseExecutor.java:439)
	at com.kms.katalon.core.main.TestCaseExecutor.processExecutionPhase(TestCaseExecutor.java:418)
	at com.kms.katalon.core.main.TestCaseExecutor.accessMainPhase(TestCaseExecutor.java:410)
	at com.kms.katalon.core.main.TestCaseExecutor.execute(TestCaseExecutor.java:285)
	at com.kms.katalon.core.common.CommonExecutor.accessTestCaseMainPhase(CommonExecutor.java:65)
	at com.kms.katalon.core.main.TestSuiteExecutor.accessTestSuiteMainPhase(TestSuiteExecutor.java:150)
	at com.kms.katalon.core.main.TestSuiteExecutor.execute(TestSuiteExecutor.java:106)
	at com.kms.katalon.core.main.TestCaseMain.startTestSuite(TestCaseMain.java:180)
	at TempTestSuite1727470993707.run(TempTestSuite1727470993707.groovy:35)
	at java.base/jdk.internal.reflect.NativeMethodAccessorImpl.invoke0(Native Method)
	at java.base/jdk.internal.reflect.NativeMethodAccessorImpl.invoke(NativeMethodAccessorImpl.java:77)
	at java.base/jdk.internal.reflect.DelegatingMethodAccessorImpl.invoke(DelegatingMethodAccessorImpl.java:43)
Caused by: com.kms.katalon.core.webui.exception.WebElementNotFoundException: Web element with id: 'Object Repository/Specific Cases Repository/LS/Calendar/Calendar_Events/Calendar_Events_Creation/Appointment/Page_Calendar/a_Automation Test with A Automation, A Clie_8f5a4c' located by 'a >> internal:has-text="Automation Test with A Automation, A Client MR# 24-11006: 5 Panel Drug Screen"i' not found
	at com.kms.katalon.core.webui.common.WebUiCommonHelper.findWebElement(WebUiCommonHelper.java:1419)
	at com.kms.katalon.core.webui.keyword.internal.WebUIAbstractKeyword.findWebElement(WebUIAbstractKeyword.groovy:27)
	at com.kms.katalon.core.webui.keyword.internal.WebUIAbstractKeyword.findWebElement(WebUIAbstractKeyword.groovy:26)
	at com.kms.katalon.core.webui.keyword.builtin.ScrollToElementKeyword$_scrollToElement_closure1.doCall(ScrollToElementKeyword.groovy:79)
	at com.kms.katalon.core.webui.keyword.builtin.ScrollToElementKeyword$_scrollToElement_closure1.call(ScrollToElementKeyword.groovy)
	at com.kms.katalon.core.webui.keyword.internal.WebUIKeywordMain.runKeyword(WebUIKeywordMain.groovy:35)
	... 20 more


27-09-2024T16:07:17 - [TEST_STEP][PASSED] - callTestCase(findTestCase("Common Cases/Login"), [:], STOP_ON_FAILURE): Call Test Case 'Test Cases/Common Cases/Login' successfully

27-09-2024T16:07:18 - [TEST_CASE][PASSED] - Test Cases/Common Cases/Login: Test Cases/Common Cases/Login

27-09-2024T16:07:18 - [TEST_STEP][PASSED] - openBrowser(""): Browser is opened with url: ''

27-09-2024T16:07:18 - [MESSAGE][INFO] - Starting 'Chrome' driver

27-09-2024T16:07:18 - [MESSAGE][INFO] - Action delay is set to 0 milliseconds

27-09-2024T16:07:18 - [MESSAGE][PASSED] - Browser is opened with url: ''

27-09-2024T16:07:18 - [TEST_STEP][PASSED] - maximizeWindow(): Current window maximized

27-09-2024T16:07:18 - [MESSAGE][PASSED] - Current window maximized

27-09-2024T16:07:18 - [TEST_STEP][PASSED] - navigateToUrl("https://site17.lsapp.cloud/auth/login"): Navigate to 'https://site17.lsapp.cloud/auth/login' successfully

27-09-2024T16:07:20 - [MESSAGE][PASSED] - Navigate to 'https://site17.lsapp.cloud/auth/login' successfully

27-09-2024T16:07:20 - [TEST_STEP][PASSED] - setText(findTestObject("Object Repository/Common Cases Repository/Login/Page_Lightning Step/input_Email_email"), "automation@lightningstep.com"): Text 'automation@lightningstep.com' is set on object 'Object Repository/Common Cases Repository/Login/Page_Lightning Step/input_Email_email'

27-09-2024T16:07:20 - [MESSAGE][PASSED] - Text 'automation@lightningstep.com' is set on object 'Object Repository/Common Cases Repository/Login/Page_Lightning Step/input_Email_email'

27-09-2024T16:07:20 - [TEST_STEP][PASSED] - setEncryptedText(findTestObject("Object Repository/Common Cases Repository/Login/Page_Lightning Step/input_Password_password"), "e5N8VHmnhJDITtQaQhDQDw=="): Text ****** has been set on object 'Object Repository/Common Cases Repository/Login/Page_Lightning Step/input_Password_password'

27-09-2024T16:07:21 - [MESSAGE][PASSED] - Text ****** has been set on object 'Object Repository/Common Cases Repository/Login/Page_Lightning Step/input_Password_password'

27-09-2024T16:07:21 - [TEST_STEP][PASSED] - click(findTestObject("Object Repository/Common Cases Repository/Login/Page_Lightning Step/button_Sign in")): Object: 'Object Repository/Common Cases Repository/Login/Page_Lightning Step/button_Sign in' is clicked on

27-09-2024T16:07:26 - [MESSAGE][PASSED] - Object: 'Object Repository/Common Cases Repository/Login/Page_Lightning Step/button_Sign in' is clicked on

27-09-2024T16:07:26 - [MESSAGE][PASSED] - Call Test Case 'Test Cases/Common Cases/Login' successfully

27-09-2024T16:07:26 - [TEST_STEP][PASSED] - click(findTestObject("Object Repository/Specific Cases Repository/LS/Calendar/Calendar_Events/Calendar_Events_Creation/Page_Home/a_Calendar")): Object: 'Object Repository/Specific Cases Repository/LS/Calendar/Calendar_Events/Calendar_Events_Creation/Page_Home/a_Calendar' is clicked on

27-09-2024T16:07:29 - [MESSAGE][PASSED] - Object: 'Object Repository/Specific Cases Repository/LS/Calendar/Calendar_Events/Calendar_Events_Creation/Page_Home/a_Calendar' is clicked on

27-09-2024T16:07:29 - [TEST_STEP][PASSED] - click(findTestObject("Object Repository/Specific Cases Repository/LS/Calendar/Calendar_Events/Calendar_Events_Creation/Appointment/Page_Calendar/button_Create new")): Object: 'Object Repository/Specific Cases Repository/LS/Calendar/Calendar_Events/Calendar_Events_Creation/Appointment/Page_Calendar/button_Create new' is clicked on

27-09-2024T16:07:29 - [MESSAGE][PASSED] - Object: 'Object Repository/Specific Cases Repository/LS/Calendar/Calendar_Events/Calendar_Events_Creation/Appointment/Page_Calendar/button_Create new' is clicked on

27-09-2024T16:07:29 - [TEST_STEP][PASSED] - click(findTestObject("Object Repository/Specific Cases Repository/LS/Calendar/Calendar_Events/Calendar_Events_Creation/Appointment/Page_Calendar/label_Appointment")): Object: 'Object Repository/Specific Cases Repository/LS/Calendar/Calendar_Events/Calendar_Events_Creation/Appointment/Page_Calendar/label_Appointment' is clicked on

27-09-2024T16:07:30 - [MESSAGE][PASSED] - Object: 'Object Repository/Specific Cases Repository/LS/Calendar/Calendar_Events/Calendar_Events_Creation/Appointment/Page_Calendar/label_Appointment' is clicked on

27-09-2024T16:07:30 - [TEST_STEP][PASSED] - click(findTestObject("Object Repository/Specific Cases Repository/LS/Calendar/Calendar_Events/Calendar_Events_Creation/Appointment/Page_Calendar/span_Select Client")): Object: 'Object Repository/Specific Cases Repository/LS/Calendar/Calendar_Events/Calendar_Events_Creation/Appointment/Page_Calendar/span_Select Client' is clicked on

27-09-2024T16:07:31 - [MESSAGE][PASSED] - Object: 'Object Repository/Specific Cases Repository/LS/Calendar/Calendar_Events/Calendar_Events_Creation/Appointment/Page_Calendar/span_Select Client' is clicked on

27-09-2024T16:07:31 - [TEST_STEP][PASSED] - setText(findTestObject("Object Repository/Specific Cases Repository/LS/Calendar/Calendar_Events/Calendar_Events_Creation/Appointment/Page_Calendar/Patien Name"), "A Auto"): Text 'A Auto' is set on object 'Object Repository/Specific Cases Repository/LS/Calendar/Calendar_Events/Calendar_Events_Creation/Appointment/Page_Calendar/Patien Name'

27-09-2024T16:07:32 - [MESSAGE][PASSED] - Text 'A Auto' is set on object 'Object Repository/Specific Cases Repository/LS/Calendar/Calendar_Events/Calendar_Events_Creation/Appointment/Page_Calendar/Patien Name'

27-09-2024T16:07:32 - [TEST_STEP][PASSED] - sendKeys(findTestObject("Object Repository/Specific Cases Repository/LS/Calendar/Calendar_Events/Calendar_Events_Creation/Appointment/Page_Calendar/Patien Name"), Keys.chord(ENTER)): Keys 'ENTER + ' sent to object: 'Object Repository/Specific Cases Repository/LS/Calendar/Calendar_Events/Calendar_Events_Creation/Appointment/Page_Calendar/Patien Name'

27-09-2024T16:07:32 - [MESSAGE][PASSED] - Keys 'ENTER + ' sent to object: 'Object Repository/Specific Cases Repository/LS/Calendar/Calendar_Events/Calendar_Events_Creation/Appointment/Page_Calendar/Patien Name'

27-09-2024T16:07:32 - [TEST_STEP][PASSED] - click(findTestObject("Object Repository/Specific Cases Repository/LS/Calendar/Calendar_Events/Calendar_Events_Creation/Appointment/Page_Calendar/span_Select Service")): Object: 'Object Repository/Specific Cases Repository/LS/Calendar/Calendar_Events/Calendar_Events_Creation/Appointment/Page_Calendar/span_Select Service' is clicked on

27-09-2024T16:07:33 - [MESSAGE][PASSED] - Object: 'Object Repository/Specific Cases Repository/LS/Calendar/Calendar_Events/Calendar_Events_Creation/Appointment/Page_Calendar/span_Select Service' is clicked on

27-09-2024T16:07:33 - [TEST_STEP][PASSED] - setText(findTestObject("Object Repository/Specific Cases Repository/LS/Calendar/Calendar_Events/Calendar_Events_Creation/Appointment/Page_Calendar/Patien Name"), "5 "): Text '5 ' is set on object 'Object Repository/Specific Cases Repository/LS/Calendar/Calendar_Events/Calendar_Events_Creation/Appointment/Page_Calendar/Patien Name'

27-09-2024T16:07:34 - [MESSAGE][PASSED] - Text '5 ' is set on object 'Object Repository/Specific Cases Repository/LS/Calendar/Calendar_Events/Calendar_Events_Creation/Appointment/Page_Calendar/Patien Name'

27-09-2024T16:07:34 - [TEST_STEP][PASSED] - sendKeys(findTestObject("Object Repository/Specific Cases Repository/LS/Calendar/Calendar_Events/Calendar_Events_Creation/Appointment/Page_Calendar/Patien Name"), Keys.chord(ENTER)): Keys 'ENTER + ' sent to object: 'Object Repository/Specific Cases Repository/LS/Calendar/Calendar_Events/Calendar_Events_Creation/Appointment/Page_Calendar/Patien Name'

27-09-2024T16:07:34 - [MESSAGE][PASSED] - Keys 'ENTER + ' sent to object: 'Object Repository/Specific Cases Repository/LS/Calendar/Calendar_Events/Calendar_Events_Creation/Appointment/Page_Calendar/Patien Name'

27-09-2024T16:07:34 - [TEST_STEP][PASSED] - click(findTestObject("Object Repository/Specific Cases Repository/LS/Calendar/Calendar_Events/Calendar_Events_Creation/Appointment/Page_Calendar/input_Title_title_")): Object: 'Object Repository/Specific Cases Repository/LS/Calendar/Calendar_Events/Calendar_Events_Creation/Appointment/Page_Calendar/input_Title_title_' is clicked on

27-09-2024T16:07:35 - [MESSAGE][PASSED] - Object: 'Object Repository/Specific Cases Repository/LS/Calendar/Calendar_Events/Calendar_Events_Creation/Appointment/Page_Calendar/input_Title_title_' is clicked on

27-09-2024T16:07:35 - [TEST_STEP][PASSED] - setText(findTestObject("Object Repository/Specific Cases Repository/LS/Calendar/Calendar_Events/Calendar_Events_Creation/Appointment/Page_Calendar/input_Title_title_"), "Automation Test with A Automation, A Client MR# 24-11006: 5 Panel Drug Screen"): Text 'Automation Test with A Automation, A Client MR# 24-11006: 5 Panel Drug Screen' is set on object 'Object Repository/Specific Cases Repository/LS/Calendar/Calendar_Events/Calendar_Events_Creation/Appointment/Page_Calendar/input_Title_title_'

27-09-2024T16:07:35 - [MESSAGE][PASSED] - Text 'Automation Test with A Automation, A Client MR# 24-11006: 5 Panel Drug Screen' is set on object 'Object Repository/Specific Cases Repository/LS/Calendar/Calendar_Events/Calendar_Events_Creation/Appointment/Page_Calendar/input_Title_title_'

27-09-2024T16:07:35 - [TEST_STEP][PASSED] - click(findTestObject("Object Repository/Specific Cases Repository/LS/Calendar/Calendar_Events/Calendar_Events_Creation/Appointment/Page_Calendar/Date")): Object: 'Object Repository/Specific Cases Repository/LS/Calendar/Calendar_Events/Calendar_Events_Creation/Appointment/Page_Calendar/Date' is clicked on

27-09-2024T16:07:36 - [MESSAGE][PASSED] - Object: 'Object Repository/Specific Cases Repository/LS/Calendar/Calendar_Events/Calendar_Events_Creation/Appointment/Page_Calendar/Date' is clicked on

27-09-2024T16:07:36 - [TEST_STEP][PASSED] - setText(findTestObject("Object Repository/Specific Cases Repository/LS/Calendar/Calendar_Events/Calendar_Events_Creation/Appointment/Page_Calendar/Date"), Todays_Date): Text '09/27/2024' is set on object 'Object Repository/Specific Cases Repository/LS/Calendar/Calendar_Events/Calendar_Events_Creation/Appointment/Page_Calendar/Date'

27-09-2024T16:07:36 - [MESSAGE][PASSED] - Text '09/27/2024' is set on object 'Object Repository/Specific Cases Repository/LS/Calendar/Calendar_Events/Calendar_Events_Creation/Appointment/Page_Calendar/Date'

27-09-2024T16:07:36 - [TEST_STEP][PASSED] - click(findTestObject("Object Repository/Specific Cases Repository/LS/Calendar/Calendar_Events/Calendar_Events_Creation/Appointment/Page_Calendar/Start Time Clock")): Object: 'Object Repository/Specific Cases Repository/LS/Calendar/Calendar_Events/Calendar_Events_Creation/Appointment/Page_Calendar/Start Time Clock' is clicked on

27-09-2024T16:07:37 - [MESSAGE][PASSED] - Object: 'Object Repository/Specific Cases Repository/LS/Calendar/Calendar_Events/Calendar_Events_Creation/Appointment/Page_Calendar/Start Time Clock' is clicked on

27-09-2024T16:07:37 - [TEST_STEP][PASSED] - setText(findTestObject("Object Repository/Specific Cases Repository/LS/Calendar/Calendar_Events/Calendar_Events_Creation/Appointment/Page_Calendar/Start Time Clock"), "1500"): Text '1500' is set on object 'Object Repository/Specific Cases Repository/LS/Calendar/Calendar_Events/Calendar_Events_Creation/Appointment/Page_Calendar/Start Time Clock'

27-09-2024T16:07:38 - [MESSAGE][PASSED] - Text '1500' is set on object 'Object Repository/Specific Cases Repository/LS/Calendar/Calendar_Events/Calendar_Events_Creation/Appointment/Page_Calendar/Start Time Clock'

27-09-2024T16:07:38 - [TEST_STEP][PASSED] - click(findTestObject("Object Repository/Specific Cases Repository/LS/Calendar/Calendar_Events/Calendar_Events_Creation/Appointment/Page_Calendar/End Time Clock")): Object: 'Object Repository/Specific Cases Repository/LS/Calendar/Calendar_Events/Calendar_Events_Creation/Appointment/Page_Calendar/End Time Clock' is clicked on

27-09-2024T16:07:38 - [MESSAGE][PASSED] - Object: 'Object Repository/Specific Cases Repository/LS/Calendar/Calendar_Events/Calendar_Events_Creation/Appointment/Page_Calendar/End Time Clock' is clicked on

27-09-2024T16:07:38 - [TEST_STEP][PASSED] - setText(findTestObject("Object Repository/Specific Cases Repository/LS/Calendar/Calendar_Events/Calendar_Events_Creation/Appointment/Page_Calendar/End Time Clock"), "1600"): Text '1600' is set on object 'Object Repository/Specific Cases Repository/LS/Calendar/Calendar_Events/Calendar_Events_Creation/Appointment/Page_Calendar/End Time Clock'

27-09-2024T16:07:39 - [MESSAGE][PASSED] - Text '1600' is set on object 'Object Repository/Specific Cases Repository/LS/Calendar/Calendar_Events/Calendar_Events_Creation/Appointment/Page_Calendar/End Time Clock'

27-09-2024T16:07:39 - [TEST_STEP][PASSED] - click(findTestObject("Object Repository/Specific Cases Repository/LS/Calendar/Calendar_Events/Calendar_Events_Creation/Appointment/Page_Calendar/button_Reminder__simple-switch-track")): Object: 'Object Repository/Specific Cases Repository/LS/Calendar/Calendar_Events/Calendar_Events_Creation/Appointment/Page_Calendar/button_Reminder__simple-switch-track' is clicked on

27-09-2024T16:07:39 - [MESSAGE][PASSED] - Object: 'Object Repository/Specific Cases Repository/LS/Calendar/Calendar_Events/Calendar_Events_Creation/Appointment/Page_Calendar/button_Reminder__simple-switch-track' is clicked on

27-09-2024T16:07:39 - [TEST_STEP][PASSED] - setText(findTestObject("Specific Cases Repository/LS/Calendar/Calendar_Events/Calendar_Events_Creation/Event/Page_Calendar/input_Reminder_select2-search__field"), "15"): Text '15' is set on object 'Object Repository/Specific Cases Repository/LS/Calendar/Calendar_Events/Calendar_Events_Creation/Event/Page_Calendar/input_Reminder_select2-search__field'

27-09-2024T16:07:40 - [MESSAGE][PASSED] - Text '15' is set on object 'Object Repository/Specific Cases Repository/LS/Calendar/Calendar_Events/Calendar_Events_Creation/Event/Page_Calendar/input_Reminder_select2-search__field'

27-09-2024T16:07:40 - [TEST_STEP][PASSED] - sendKeys(findTestObject("Specific Cases Repository/LS/Calendar/Calendar_Events/Calendar_Events_Creation/Event/Page_Calendar/input_Reminder_select2-search__field"), Keys.chord(ENTER)): Keys 'ENTER + ' sent to object: 'Object Repository/Specific Cases Repository/LS/Calendar/Calendar_Events/Calendar_Events_Creation/Event/Page_Calendar/input_Reminder_select2-search__field'

27-09-2024T16:07:40 - [MESSAGE][PASSED] - Keys 'ENTER + ' sent to object: 'Object Repository/Specific Cases Repository/LS/Calendar/Calendar_Events/Calendar_Events_Creation/Event/Page_Calendar/input_Reminder_select2-search__field'

27-09-2024T16:07:40 - [TEST_STEP][PASSED] - setText(findTestObject("Object Repository/Specific Cases Repository/LS/Calendar/Calendar_Events/Calendar_Events_Creation/Appointment/Page_Calendar/input_Notes_notes"), "Automation Test Note"): Text 'Automation Test Note' is set on object 'Object Repository/Specific Cases Repository/LS/Calendar/Calendar_Events/Calendar_Events_Creation/Appointment/Page_Calendar/input_Notes_notes'

27-09-2024T16:07:41 - [MESSAGE][PASSED] - Text 'Automation Test Note' is set on object 'Object Repository/Specific Cases Repository/LS/Calendar/Calendar_Events/Calendar_Events_Creation/Appointment/Page_Calendar/input_Notes_notes'

27-09-2024T16:07:41 - [TEST_STEP][PASSED] - waitForPageLoad(0): Wait for page load successfully

27-09-2024T16:07:41 - [MESSAGE][WARNING] - Timeout '0' is invalid. Using default page load timeout: '30'

27-09-2024T16:07:41 - [MESSAGE][PASSED] - Wait for page load successfully

27-09-2024T16:07:41 - [TEST_STEP][PASSED] - scrollToElement(findTestObject("Specific Cases Repository/LS/Calendar/Calendar_Events/Calendar_Events_Creation/Appointment/Page_Calendar/a_Save"), 0): Scroll to object 'Object Repository/Specific Cases Repository/LS/Calendar/Calendar_Events/Calendar_Events_Creation/Appointment/Page_Calendar/a_Save' successfully

27-09-2024T16:07:41 - [MESSAGE][WARNING] - Timeout '0' is invalid. Using default page load timeout: '30'

27-09-2024T16:07:41 - [MESSAGE][PASSED] - Scroll to object 'Object Repository/Specific Cases Repository/LS/Calendar/Calendar_Events/Calendar_Events_Creation/Appointment/Page_Calendar/a_Save' successfully

27-09-2024T16:07:41 - [TEST_STEP][PASSED] - click(findTestObject("Specific Cases Repository/LS/Calendar/Calendar_Events/Calendar_Events_Creation/Appointment/Page_Calendar/a_Save")): Object: 'Object Repository/Specific Cases Repository/LS/Calendar/Calendar_Events/Calendar_Events_Creation/Appointment/Page_Calendar/a_Save' is clicked on

27-09-2024T16:07:41 - [MESSAGE][PASSED] - Object: 'Object Repository/Specific Cases Repository/LS/Calendar/Calendar_Events/Calendar_Events_Creation/Appointment/Page_Calendar/a_Save' is clicked on

27-09-2024T16:07:41 - [TEST_STEP][FAILED] - scrollToElement(findTestObject("Object Repository/Specific Cases Repository/LS/Calendar/Calendar_Events/Calendar_Events_Creation/Appointment/Page_Calendar/a_Automation Test with A Automation, A Clie_8f5a4c"), 0): Unable to scroll to object 'Object Repository/Specific Cases Repository/LS/Calendar/Calendar_Events/Calendar_Events_Creation/Appointment/Page_Calendar/a_Automation Test with A Automation, A Clie_8f5a4c' (Root cause: com.kms.katalon.core.exception.StepFailedException: Unable to scroll to object 'Object Repository/Specific Cases Repository/LS/Calendar/Calendar_Events/Calendar_Events_Creation/Appointment/Page_Calendar/a_Automation Test with A Automation, A Clie_8f5a4c'
	at com.kms.katalon.core.webui.keyword.internal.WebUIKeywordMain.stepFailed(WebUIKeywordMain.groovy:117)
	at com.kms.katalon.core.webui.keyword.internal.WebUIKeywordMain.runKeyword(WebUIKeywordMain.groovy:43)
	at com.kms.katalon.core.webui.keyword.builtin.ScrollToElementKeyword.scrollToElement(ScrollToElementKeyword.groovy:88)
	at com.kms.katalon.core.webui.keyword.builtin.ScrollToElementKeyword.execute(ScrollToElementKeyword.groovy:68)
	at com.kms.katalon.core.keyword.internal.KeywordExecutor.executeKeywordForPlatform(KeywordExecutor.groovy:74)
	at com.kms.katalon.core.webui.keyword.WebUiBuiltInKeywords.scrollToElement(WebUiBuiltInKeywords.groovy:4147)
	at Calendar_Appointment.run(Calendar_Appointment:82)
	at com.kms.katalon.core.main.ScriptEngine.run(ScriptEngine.java:194)
	at com.kms.katalon.core.main.ScriptEngine.runScriptAsRawText(ScriptEngine.java:119)
	at com.kms.katalon.core.main.TestCaseExecutor.runScript(TestCaseExecutor.java:448)
	at com.kms.katalon.core.main.TestCaseExecutor.doExecute(TestCaseExecutor.java:439)
	at com.kms.katalon.core.main.TestCaseExecutor.processExecutionPhase(TestCaseExecutor.java:418)
	at com.kms.katalon.core.main.TestCaseExecutor.accessMainPhase(TestCaseExecutor.java:410)
	at com.kms.katalon.core.main.TestCaseExecutor.execute(TestCaseExecutor.java:285)
	at com.kms.katalon.core.common.CommonExecutor.accessTestCaseMainPhase(CommonExecutor.java:65)
	at com.kms.katalon.core.main.TestSuiteExecutor.accessTestSuiteMainPhase(TestSuiteExecutor.java:150)
	at com.kms.katalon.core.main.TestSuiteExecutor.execute(TestSuiteExecutor.java:106)
	at com.kms.katalon.core.main.TestCaseMain.startTestSuite(TestCaseMain.java:180)
	at TempTestSuite1727470993707.run(TempTestSuite1727470993707.groovy:35)
	at java.base/jdk.internal.reflect.NativeMethodAccessorImpl.invoke0(Native Method)
	at java.base/jdk.internal.reflect.NativeMethodAccessorImpl.invoke(NativeMethodAccessorImpl.java:77)
	at java.base/jdk.internal.reflect.DelegatingMethodAccessorImpl.invoke(DelegatingMethodAccessorImpl.java:43)
Caused by: com.kms.katalon.core.webui.exception.WebElementNotFoundException: Web element with id: 'Object Repository/Specific Cases Repository/LS/Calendar/Calendar_Events/Calendar_Events_Creation/Appointment/Page_Calendar/a_Automation Test with A Automation, A Clie_8f5a4c' located by 'a >> internal:has-text="Automation Test with A Automation, A Client MR# 24-11006: 5 Panel Drug Screen"i' not found
	at com.kms.katalon.core.webui.common.WebUiCommonHelper.findWebElement(WebUiCommonHelper.java:1419)
	at com.kms.katalon.core.webui.keyword.internal.WebUIAbstractKeyword.findWebElement(WebUIAbstractKeyword.groovy:27)
	at com.kms.katalon.core.webui.keyword.internal.WebUIAbstractKeyword.findWebElement(WebUIAbstractKeyword.groovy:26)
	at com.kms.katalon.core.webui.keyword.builtin.ScrollToElementKeyword$_scrollToElement_closure1.doCall(ScrollToElementKeyword.groovy:79)
	at com.kms.katalon.core.webui.keyword.builtin.ScrollToElementKeyword$_scrollToElement_closure1.call(ScrollToElementKeyword.groovy)
	at com.kms.katalon.core.webui.keyword.internal.WebUIKeywordMain.runKeyword(WebUIKeywordMain.groovy:35)
	at com.kms.katalon.core.webui.keyword.builtin.ScrollToElementKeyword.scrollToElement(ScrollToElementKeyword.groovy:88)
	at com.kms.katalon.core.webui.keyword.builtin.ScrollToElementKeyword.execute(ScrollToElementKeyword.groovy:68)
	at com.kms.katalon.core.keyword.internal.KeywordExecutor.executeKeywordForPlatform(KeywordExecutor.groovy:74)
	at com.kms.katalon.core.webui.keyword.WebUiBuiltInKeywords.scrollToElement(WebUiBuiltInKeywords.groovy:4147)
	at Script1727458510296.run(Script1727458510296.groovy:82)
	... 15 more
)

27-09-2024T16:07:41 - [MESSAGE][WARNING] - Timeout '0' is invalid. Using default page load timeout: '30'

27-09-2024T16:08:12 - [MESSAGE][WARNING] - [SELF-HEALING] Failed to find element with id 'Object Repository/Specific Cases Repository/LS/Calendar/Calendar_Events/Calendar_Events_Creation/Appointment/Page_Calendar/a_Automation Test with A Automation, A Clie_8f5a4c'. Try using Self-healing.

27-09-2024T16:08:13 - [MESSAGE][INFO] - Unable to find the element located by 'By.xpath: //a[(text() = 'Automation Test with A Automation, A Client MR# 24-11006: 5 Panel Drug Screen' or . = 'Automation Test with A Automation, A Client MR# 24-11006: 5 Panel Drug Screen')]'. Please recheck the objects properties to make sure the desired element is located. 

27-09-2024T16:08:15 - [MESSAGE][INFO] - Unable to find the element located by 'By.xpath: //a[@class='fc-event fc-event-draggable fc-event-resizable fc-event-start fc-event-end fc-event-today fc-event-future fc-timegrid-event fc-v-event']'. Please recheck the objects properties to make sure the desired element is located. 

27-09-2024T16:08:15 - [MESSAGE][INFO] - [SELF-HEALING] Failed Locator: '//a[@class='fc-event fc-event-draggable fc-event-resizable fc-event-start fc-event-end fc-event-past fc-event-today fc-timegrid-event fc-v-event']'.

27-09-2024T16:08:15 - [MESSAGE][INFO] - [SELF-HEALING] Failed Locator: '//a[(text() = 'Automation Test with A Automation, A Client MR# 24-11006: 5 Panel Drug Screen' or . = 'Automation Test with A Automation, A Client MR# 24-11006: 5 Panel Drug Screen')]'.

27-09-2024T16:08:16 - [MESSAGE][INFO] - [SELF-HEALING] Failed Locator: '//a[@class='fc-event fc-event-draggable fc-event-resizable fc-event-start fc-event-end fc-event-past fc-event-today fc-timegrid-event fc-v-event']'.

27-09-2024T16:08:16 - [MESSAGE][INFO] - [SELF-HEALING] Failed Locator: '//a[(text() = 'Automation Test with A Automation, A Client MR# 24-11006: 5 Panel Drug Screen' or . = 'Automation Test with A Automation, A Client MR# 24-11006: 5 Panel Drug Screen')]'.

27-09-2024T16:08:17 - [MESSAGE][INFO] - Unable to find the element located by 'By.xpath: //*[(text() = 'Automation Test with A Automation, A Client MR# 24-11006: 5 Panel Drug Screen' or . = 'Automation Test with A Automation, A Client MR# 24-11006: 5 Panel Drug Screen')]'. Please recheck the objects properties to make sure the desired element is located. 

27-09-2024T16:08:18 - [MESSAGE][INFO] - Unable to find the element located by 'By.cssSelector: .fc-event.fc-event-draggable.fc-event-resizable.fc-event-start.fc-event-end.fc-event-today.fc-event-future.fc-timegrid-event.fc-v-event'. Please recheck the objects properties to make sure the desired element is located. 

27-09-2024T16:08:18 - [MESSAGE][FAILED] - Unable to scroll to object 'Object Repository/Specific Cases Repository/LS/Calendar/Calendar_Events/Calendar_Events_Creation/Appointment/Page_Calendar/a_Automation Test with A Automation, A Clie_8f5a4c' (Root cause: com.kms.katalon.core.exception.StepFailedException: Unable to scroll to object 'Object Repository/Specific Cases Repository/LS/Calendar/Calendar_Events/Calendar_Events_Creation/Appointment/Page_Calendar/a_Automation Test with A Automation, A Clie_8f5a4c'
	at com.kms.katalon.core.webui.keyword.internal.WebUIKeywordMain.stepFailed(WebUIKeywordMain.groovy:117)
	at com.kms.katalon.core.webui.keyword.internal.WebUIKeywordMain.runKeyword(WebUIKeywordMain.groovy:43)
	at com.kms.katalon.core.webui.keyword.builtin.ScrollToElementKeyword.scrollToElement(ScrollToElementKeyword.groovy:88)
	at com.kms.katalon.core.webui.keyword.builtin.ScrollToElementKeyword.execute(ScrollToElementKeyword.groovy:68)
	at com.kms.katalon.core.keyword.internal.KeywordExecutor.executeKeywordForPlatform(KeywordExecutor.groovy:74)
	at com.kms.katalon.core.webui.keyword.WebUiBuiltInKeywords.scrollToElement(WebUiBuiltInKeywords.groovy:4147)
	at Calendar_Appointment.run(Calendar_Appointment:82)
	at com.kms.katalon.core.main.ScriptEngine.run(ScriptEngine.java:194)
	at com.kms.katalon.core.main.ScriptEngine.runScriptAsRawText(ScriptEngine.java:119)
	at com.kms.katalon.core.main.TestCaseExecutor.runScript(TestCaseExecutor.java:448)
	at com.kms.katalon.core.main.TestCaseExecutor.doExecute(TestCaseExecutor.java:439)
	at com.kms.katalon.core.main.TestCaseExecutor.processExecutionPhase(TestCaseExecutor.java:418)
	at com.kms.katalon.core.main.TestCaseExecutor.accessMainPhase(TestCaseExecutor.java:410)
	at com.kms.katalon.core.main.TestCaseExecutor.execute(TestCaseExecutor.java:285)
	at com.kms.katalon.core.common.CommonExecutor.accessTestCaseMainPhase(CommonExecutor.java:65)
	at com.kms.katalon.core.main.TestSuiteExecutor.accessTestSuiteMainPhase(TestSuiteExecutor.java:150)
	at com.kms.katalon.core.main.TestSuiteExecutor.execute(TestSuiteExecutor.java:106)
	at com.kms.katalon.core.main.TestCaseMain.startTestSuite(TestCaseMain.java:180)
	at TempTestSuite1727470993707.run(TempTestSuite1727470993707.groovy:35)
	at java.base/jdk.internal.reflect.NativeMethodAccessorImpl.invoke0(Native Method)
	at java.base/jdk.internal.reflect.NativeMethodAccessorImpl.invoke(NativeMethodAccessorImpl.java:77)
	at java.base/jdk.internal.reflect.DelegatingMethodAccessorImpl.invoke(DelegatingMethodAccessorImpl.java:43)
Caused by: com.kms.katalon.core.webui.exception.WebElementNotFoundException: Web element with id: 'Object Repository/Specific Cases Repository/LS/Calendar/Calendar_Events/Calendar_Events_Creation/Appointment/Page_Calendar/a_Automation Test with A Automation, A Clie_8f5a4c' located by 'a >> internal:has-text="Automation Test with A Automation, A Client MR# 24-11006: 5 Panel Drug Screen"i' not found
	at com.kms.katalon.core.webui.common.WebUiCommonHelper.findWebElement(WebUiCommonHelper.java:1419)
	at com.kms.katalon.core.webui.keyword.internal.WebUIAbstractKeyword.findWebElement(WebUIAbstractKeyword.groovy:27)
	at com.kms.katalon.core.webui.keyword.internal.WebUIAbstractKeyword.findWebElement(WebUIAbstractKeyword.groovy:26)
	at com.kms.katalon.core.webui.keyword.builtin.ScrollToElementKeyword$_scrollToElement_closure1.doCall(ScrollToElementKeyword.groovy:79)
	at com.kms.katalon.core.webui.keyword.builtin.ScrollToElementKeyword$_scrollToElement_closure1.call(ScrollToElementKeyword.groovy)
	at com.kms.katalon.core.webui.keyword.internal.WebUIKeywordMain.runKeyword(WebUIKeywordMain.groovy:35)
	at com.kms.katalon.core.webui.keyword.builtin.ScrollToElementKeyword.scrollToElement(ScrollToElementKeyword.groovy:88)
	at com.kms.katalon.core.webui.keyword.builtin.ScrollToElementKeyword.execute(ScrollToElementKeyword.groovy:68)
	at com.kms.katalon.core.keyword.internal.KeywordExecutor.executeKeywordForPlatform(KeywordExecutor.groovy:74)
	at com.kms.katalon.core.webui.keyword.WebUiBuiltInKeywords.scrollToElement(WebUiBuiltInKeywords.groovy:4147)
	at Script1727458510296.run(Script1727458510296.groovy:82)
	... 15 more
)]]></system-out>
         <system-err><![CDATA[27-09-2024T16:07:17 - [TEST_CASE][FAILED] - Test Cases/Specific Cases/LS/General/Calendar/Present Events Creation/Calendar_Appointment: Test Cases/Specific Cases/LS/General/Calendar/Present Events Creation/Calendar_Appointment FAILED.
Reason:
com.kms.katalon.core.exception.StepFailedException: Unable to scroll to object 'Object Repository/Specific Cases Repository/LS/Calendar/Calendar_Events/Calendar_Events_Creation/Appointment/Page_Calendar/a_Automation Test with A Automation, A Clie_8f5a4c'
	at com.kms.katalon.core.webui.keyword.internal.WebUIKeywordMain.stepFailed(WebUIKeywordMain.groovy:117)
	at com.kms.katalon.core.webui.keyword.internal.WebUIKeywordMain.runKeyword(WebUIKeywordMain.groovy:43)
	at com.kms.katalon.core.webui.keyword.builtin.ScrollToElementKeyword.scrollToElement(ScrollToElementKeyword.groovy:88)
	at com.kms.katalon.core.webui.keyword.builtin.ScrollToElementKeyword.execute(ScrollToElementKeyword.groovy:68)
	at com.kms.katalon.core.keyword.internal.KeywordExecutor.executeKeywordForPlatform(KeywordExecutor.groovy:74)
	at com.kms.katalon.core.webui.keyword.WebUiBuiltInKeywords.scrollToElement(WebUiBuiltInKeywords.groovy:4147)
	at Calendar_Appointment.run(Calendar_Appointment:82)
	at com.kms.katalon.core.main.ScriptEngine.run(ScriptEngine.java:194)
	at com.kms.katalon.core.main.ScriptEngine.runScriptAsRawText(ScriptEngine.java:119)
	at com.kms.katalon.core.main.TestCaseExecutor.runScript(TestCaseExecutor.java:448)
	at com.kms.katalon.core.main.TestCaseExecutor.doExecute(TestCaseExecutor.java:439)
	at com.kms.katalon.core.main.TestCaseExecutor.processExecutionPhase(TestCaseExecutor.java:418)
	at com.kms.katalon.core.main.TestCaseExecutor.accessMainPhase(TestCaseExecutor.java:410)
	at com.kms.katalon.core.main.TestCaseExecutor.execute(TestCaseExecutor.java:285)
	at com.kms.katalon.core.common.CommonExecutor.accessTestCaseMainPhase(CommonExecutor.java:65)
	at com.kms.katalon.core.main.TestSuiteExecutor.accessTestSuiteMainPhase(TestSuiteExecutor.java:150)
	at com.kms.katalon.core.main.TestSuiteExecutor.execute(TestSuiteExecutor.java:106)
	at com.kms.katalon.core.main.TestCaseMain.startTestSuite(TestCaseMain.java:180)
	at TempTestSuite1727470993707.run(TempTestSuite1727470993707.groovy:35)
	at java.base/jdk.internal.reflect.NativeMethodAccessorImpl.invoke0(Native Method)
	at java.base/jdk.internal.reflect.NativeMethodAccessorImpl.invoke(NativeMethodAccessorImpl.java:77)
	at java.base/jdk.internal.reflect.DelegatingMethodAccessorImpl.invoke(DelegatingMethodAccessorImpl.java:43)
Caused by: com.kms.katalon.core.webui.exception.WebElementNotFoundException: Web element with id: 'Object Repository/Specific Cases Repository/LS/Calendar/Calendar_Events/Calendar_Events_Creation/Appointment/Page_Calendar/a_Automation Test with A Automation, A Clie_8f5a4c' located by 'a >> internal:has-text="Automation Test with A Automation, A Client MR# 24-11006: 5 Panel Drug Screen"i' not found
	at com.kms.katalon.core.webui.common.WebUiCommonHelper.findWebElement(WebUiCommonHelper.java:1419)
	at com.kms.katalon.core.webui.keyword.internal.WebUIAbstractKeyword.findWebElement(WebUIAbstractKeyword.groovy:27)
	at com.kms.katalon.core.webui.keyword.internal.WebUIAbstractKeyword.findWebElement(WebUIAbstractKeyword.groovy:26)
	at com.kms.katalon.core.webui.keyword.builtin.ScrollToElementKeyword$_scrollToElement_closure1.doCall(ScrollToElementKeyword.groovy:79)
	at com.kms.katalon.core.webui.keyword.builtin.ScrollToElementKeyword$_scrollToElement_closure1.call(ScrollToElementKeyword.groovy)
	at com.kms.katalon.core.webui.keyword.internal.WebUIKeywordMain.runKeyword(WebUIKeywordMain.groovy:35)
	... 20 more]]></system-err>
      </testcase>
      <testcase name="Test Cases/Specific Cases/LS/General/Calendar/Present Events Creation/Calendar_Block" time="23.536" classname="Test Cases/Specific Cases/LS/General/Calendar/Present Events Creation/Calendar_Block" status="PASSED">
         <system-out><![CDATA[27-09-2024T16:08:18 - [TEST_CASE][PASSED] - Test Cases/Specific Cases/LS/General/Calendar/Present Events Creation/Calendar_Block: Test Cases/Specific Cases/LS/General/Calendar/Present Events Creation/Calendar_Block

27-09-2024T16:08:18 - [TEST_STEP][PASSED] - callTestCase(findTestCase("Common Cases/Login"), [:], STOP_ON_FAILURE): Call Test Case 'Test Cases/Common Cases/Login' successfully

27-09-2024T16:08:18 - [TEST_CASE][PASSED] - Test Cases/Common Cases/Login: Test Cases/Common Cases/Login

27-09-2024T16:08:18 - [TEST_STEP][PASSED] - openBrowser(""): Browser is opened with url: ''

27-09-2024T16:08:18 - [MESSAGE][WARNING] - A browser is already opened. Closing browser and opening a new one

27-09-2024T16:08:18 - [MESSAGE][INFO] - Starting 'Chrome' driver

27-09-2024T16:08:18 - [MESSAGE][INFO] - Action delay is set to 0 milliseconds

27-09-2024T16:08:19 - [MESSAGE][PASSED] - Browser is opened with url: ''

27-09-2024T16:08:19 - [TEST_STEP][PASSED] - maximizeWindow(): Current window maximized

27-09-2024T16:08:19 - [MESSAGE][PASSED] - Current window maximized

27-09-2024T16:08:19 - [TEST_STEP][PASSED] - navigateToUrl("https://site17.lsapp.cloud/auth/login"): Navigate to 'https://site17.lsapp.cloud/auth/login' successfully

27-09-2024T16:08:20 - [MESSAGE][PASSED] - Navigate to 'https://site17.lsapp.cloud/auth/login' successfully

27-09-2024T16:08:20 - [TEST_STEP][PASSED] - setText(findTestObject("Object Repository/Common Cases Repository/Login/Page_Lightning Step/input_Email_email"), "automation@lightningstep.com"): Text 'automation@lightningstep.com' is set on object 'Object Repository/Common Cases Repository/Login/Page_Lightning Step/input_Email_email'

27-09-2024T16:08:21 - [MESSAGE][PASSED] - Text 'automation@lightningstep.com' is set on object 'Object Repository/Common Cases Repository/Login/Page_Lightning Step/input_Email_email'

27-09-2024T16:08:21 - [TEST_STEP][PASSED] - setEncryptedText(findTestObject("Object Repository/Common Cases Repository/Login/Page_Lightning Step/input_Password_password"), "e5N8VHmnhJDITtQaQhDQDw=="): Text ****** has been set on object 'Object Repository/Common Cases Repository/Login/Page_Lightning Step/input_Password_password'

27-09-2024T16:08:21 - [MESSAGE][PASSED] - Text ****** has been set on object 'Object Repository/Common Cases Repository/Login/Page_Lightning Step/input_Password_password'

27-09-2024T16:08:21 - [TEST_STEP][PASSED] - click(findTestObject("Object Repository/Common Cases Repository/Login/Page_Lightning Step/button_Sign in")): Object: 'Object Repository/Common Cases Repository/Login/Page_Lightning Step/button_Sign in' is clicked on

27-09-2024T16:08:26 - [MESSAGE][PASSED] - Object: 'Object Repository/Common Cases Repository/Login/Page_Lightning Step/button_Sign in' is clicked on

27-09-2024T16:08:26 - [MESSAGE][PASSED] - Call Test Case 'Test Cases/Common Cases/Login' successfully

27-09-2024T16:08:26 - [TEST_STEP][PASSED] - click(findTestObject("Object Repository/Specific Cases Repository/LS/Calendar/Calendar_Events/Calendar_Events_Creation/Block/Page_Home/a_Calendar")): Object: 'Object Repository/Specific Cases Repository/LS/Calendar/Calendar_Events/Calendar_Events_Creation/Block/Page_Home/a_Calendar' is clicked on

27-09-2024T16:08:30 - [MESSAGE][PASSED] - Object: 'Object Repository/Specific Cases Repository/LS/Calendar/Calendar_Events/Calendar_Events_Creation/Block/Page_Home/a_Calendar' is clicked on

27-09-2024T16:08:30 - [TEST_STEP][PASSED] - navigateToUrl("https://site17.lsapp.cloud/calendar"): Navigate to 'https://site17.lsapp.cloud/calendar' successfully

27-09-2024T16:08:31 - [MESSAGE][PASSED] - Navigate to 'https://site17.lsapp.cloud/calendar' successfully

27-09-2024T16:08:31 - [TEST_STEP][PASSED] - click(findTestObject("Object Repository/Specific Cases Repository/LS/Calendar/Calendar_Events/Calendar_Events_Creation/Block/Page_Calendar/button_Create new")): Object: 'Object Repository/Specific Cases Repository/LS/Calendar/Calendar_Events/Calendar_Events_Creation/Block/Page_Calendar/button_Create new' is clicked on

27-09-2024T16:08:32 - [MESSAGE][PASSED] - Object: 'Object Repository/Specific Cases Repository/LS/Calendar/Calendar_Events/Calendar_Events_Creation/Block/Page_Calendar/button_Create new' is clicked on

27-09-2024T16:08:32 - [TEST_STEP][PASSED] - click(findTestObject("Object Repository/Specific Cases Repository/LS/Calendar/Calendar_Events/Calendar_Events_Creation/Block/Page_Calendar/label_Block")): Object: 'Object Repository/Specific Cases Repository/LS/Calendar/Calendar_Events/Calendar_Events_Creation/Block/Page_Calendar/label_Block' is clicked on

27-09-2024T16:08:33 - [MESSAGE][PASSED] - Object: 'Object Repository/Specific Cases Repository/LS/Calendar/Calendar_Events/Calendar_Events_Creation/Block/Page_Calendar/label_Block' is clicked on

27-09-2024T16:08:33 - [TEST_STEP][PASSED] - setText(findTestObject("Object Repository/Specific Cases Repository/LS/Calendar/Calendar_Events/Calendar_Events_Creation/Block/Page_Calendar/input_Title_title_"), "Automation Block"): Text 'Automation Block' is set on object 'Object Repository/Specific Cases Repository/LS/Calendar/Calendar_Events/Calendar_Events_Creation/Block/Page_Calendar/input_Title_title_'

27-09-2024T16:08:34 - [MESSAGE][PASSED] - Text 'Automation Block' is set on object 'Object Repository/Specific Cases Repository/LS/Calendar/Calendar_Events/Calendar_Events_Creation/Block/Page_Calendar/input_Title_title_'

27-09-2024T16:08:34 - [TEST_STEP][PASSED] - click(findTestObject("Object Repository/Specific Cases Repository/LS/Calendar/Calendar_Events/Calendar_Events_Creation/Appointment/Page_Calendar/Date")): Object: 'Object Repository/Specific Cases Repository/LS/Calendar/Calendar_Events/Calendar_Events_Creation/Appointment/Page_Calendar/Date' is clicked on

27-09-2024T16:08:34 - [MESSAGE][PASSED] - Object: 'Object Repository/Specific Cases Repository/LS/Calendar/Calendar_Events/Calendar_Events_Creation/Appointment/Page_Calendar/Date' is clicked on

27-09-2024T16:08:34 - [TEST_STEP][PASSED] - setText(findTestObject("Object Repository/Specific Cases Repository/LS/Calendar/Calendar_Events/Calendar_Events_Creation/Appointment/Page_Calendar/Date"), Todays_Date): Text '09/27/2024' is set on object 'Object Repository/Specific Cases Repository/LS/Calendar/Calendar_Events/Calendar_Events_Creation/Appointment/Page_Calendar/Date'

27-09-2024T16:08:34 - [MESSAGE][PASSED] - Text '09/27/2024' is set on object 'Object Repository/Specific Cases Repository/LS/Calendar/Calendar_Events/Calendar_Events_Creation/Appointment/Page_Calendar/Date'

27-09-2024T16:08:34 - [TEST_STEP][PASSED] - click(findTestObject("Object Repository/Specific Cases Repository/LS/Calendar/Calendar_Events/Calendar_Events_Creation/Appointment/Page_Calendar/Start Time Clock")): Object: 'Object Repository/Specific Cases Repository/LS/Calendar/Calendar_Events/Calendar_Events_Creation/Appointment/Page_Calendar/Start Time Clock' is clicked on

27-09-2024T16:08:35 - [MESSAGE][PASSED] - Object: 'Object Repository/Specific Cases Repository/LS/Calendar/Calendar_Events/Calendar_Events_Creation/Appointment/Page_Calendar/Start Time Clock' is clicked on

27-09-2024T16:08:35 - [TEST_STEP][PASSED] - setText(findTestObject("Object Repository/Specific Cases Repository/LS/Calendar/Calendar_Events/Calendar_Events_Creation/Appointment/Page_Calendar/Start Time Clock"), "1600"): Text '1600' is set on object 'Object Repository/Specific Cases Repository/LS/Calendar/Calendar_Events/Calendar_Events_Creation/Appointment/Page_Calendar/Start Time Clock'

27-09-2024T16:08:36 - [MESSAGE][PASSED] - Text '1600' is set on object 'Object Repository/Specific Cases Repository/LS/Calendar/Calendar_Events/Calendar_Events_Creation/Appointment/Page_Calendar/Start Time Clock'

27-09-2024T16:08:36 - [TEST_STEP][PASSED] - click(findTestObject("Object Repository/Specific Cases Repository/LS/Calendar/Calendar_Events/Calendar_Events_Creation/Block/Page_Calendar/div_Schedule                               _3f20bf")): Object: 'Object Repository/Specific Cases Repository/LS/Calendar/Calendar_Events/Calendar_Events_Creation/Block/Page_Calendar/div_Schedule                               _3f20bf' is clicked on

27-09-2024T16:08:36 - [MESSAGE][PASSED] - Object: 'Object Repository/Specific Cases Repository/LS/Calendar/Calendar_Events/Calendar_Events_Creation/Block/Page_Calendar/div_Schedule                               _3f20bf' is clicked on

27-09-2024T16:08:36 - [TEST_STEP][PASSED] - click(findTestObject("Object Repository/Specific Cases Repository/LS/Calendar/Calendar_Events/Calendar_Events_Creation/Block/Page_Calendar/button_Reminder__simple-switch-track")): Object: 'Object Repository/Specific Cases Repository/LS/Calendar/Calendar_Events/Calendar_Events_Creation/Block/Page_Calendar/button_Reminder__simple-switch-track' is clicked on

27-09-2024T16:08:37 - [MESSAGE][PASSED] - Object: 'Object Repository/Specific Cases Repository/LS/Calendar/Calendar_Events/Calendar_Events_Creation/Block/Page_Calendar/button_Reminder__simple-switch-track' is clicked on

27-09-2024T16:08:37 - [TEST_STEP][PASSED] - setText(findTestObject("Object Repository/Specific Cases Repository/LS/Calendar/Calendar_Events/Calendar_Events_Creation/Block/Page_Calendar/input_Reminder_select2-search__field"), "45"): Text '45' is set on object 'Object Repository/Specific Cases Repository/LS/Calendar/Calendar_Events/Calendar_Events_Creation/Block/Page_Calendar/input_Reminder_select2-search__field'

27-09-2024T16:08:37 - [MESSAGE][PASSED] - Text '45' is set on object 'Object Repository/Specific Cases Repository/LS/Calendar/Calendar_Events/Calendar_Events_Creation/Block/Page_Calendar/input_Reminder_select2-search__field'

27-09-2024T16:08:37 - [TEST_STEP][PASSED] - sendKeys(findTestObject("Object Repository/Specific Cases Repository/LS/Calendar/Calendar_Events/Calendar_Events_Creation/Block/Page_Calendar/input_Reminder_select2-search__field"), Keys.chord(ENTER)): Keys 'ENTER + ' sent to object: 'Object Repository/Specific Cases Repository/LS/Calendar/Calendar_Events/Calendar_Events_Creation/Block/Page_Calendar/input_Reminder_select2-search__field'

27-09-2024T16:08:38 - [MESSAGE][PASSED] - Keys 'ENTER + ' sent to object: 'Object Repository/Specific Cases Repository/LS/Calendar/Calendar_Events/Calendar_Events_Creation/Block/Page_Calendar/input_Reminder_select2-search__field'

27-09-2024T16:08:38 - [TEST_STEP][PASSED] - setText(findTestObject("Object Repository/Specific Cases Repository/LS/Calendar/Calendar_Events/Calendar_Events_Creation/Block/Page_Calendar/input_Notes_notes"), "Automation Block Note"): Text 'Automation Block Note' is set on object 'Object Repository/Specific Cases Repository/LS/Calendar/Calendar_Events/Calendar_Events_Creation/Block/Page_Calendar/input_Notes_notes'

27-09-2024T16:08:38 - [MESSAGE][PASSED] - Text 'Automation Block Note' is set on object 'Object Repository/Specific Cases Repository/LS/Calendar/Calendar_Events/Calendar_Events_Creation/Block/Page_Calendar/input_Notes_notes'

27-09-2024T16:08:38 - [TEST_STEP][PASSED] - click(findTestObject("Object Repository/Specific Cases Repository/LS/Calendar/Calendar_Events/Calendar_Events_Creation/Block/Page_Calendar/a_Save")): Object: 'Object Repository/Specific Cases Repository/LS/Calendar/Calendar_Events/Calendar_Events_Creation/Block/Page_Calendar/a_Save' is clicked on

27-09-2024T16:08:39 - [MESSAGE][PASSED] - Object: 'Object Repository/Specific Cases Repository/LS/Calendar/Calendar_Events/Calendar_Events_Creation/Block/Page_Calendar/a_Save' is clicked on

27-09-2024T16:08:39 - [TEST_STEP][PASSED] - mouseOver(findTestObject("Object Repository/Specific Cases Repository/LS/Calendar/Calendar_Events/Calendar_Events_Creation/Block/Page_Calendar/a_Blocked for Automation Block")): Object: 'Object Repository/Specific Cases Repository/LS/Calendar/Calendar_Events/Calendar_Events_Creation/Block/Page_Calendar/a_Blocked for Automation Block' is hovered

27-09-2024T16:08:41 - [MESSAGE][PASSED] - Object: 'Object Repository/Specific Cases Repository/LS/Calendar/Calendar_Events/Calendar_Events_Creation/Block/Page_Calendar/a_Blocked for Automation Block' is hovered

27-09-2024T16:08:41 - [TEST_STEP][PASSED] - verifyElementText(findTestObject("Object Repository/Specific Cases Repository/LS/Calendar/Calendar_Events/Calendar_Events_Creation/Block/Page_Calendar/span_Blocked for Automation Block"), "Blocked for: Automation Block"): Actual text and expected text of test object 'Object Repository/Specific Cases Repository/LS/Calendar/Calendar_Events/Calendar_Events_Creation/Block/Page_Calendar/span_Blocked for Automation Block' are matched.

27-09-2024T16:08:41 - [MESSAGE][PASSED] - Actual text and expected text of test object 'Object Repository/Specific Cases Repository/LS/Calendar/Calendar_Events/Calendar_Events_Creation/Block/Page_Calendar/span_Blocked for Automation Block' are matched.

27-09-2024T16:08:41 - [TEST_STEP][PASSED] - verifyElementText(findTestObject("Object Repository/Specific Cases Repository/LS/Calendar/Calendar_Events/Calendar_Events_Creation/Block/Page_Calendar/span_45 minutes before"), "45 minutes before"): Actual text and expected text of test object 'Object Repository/Specific Cases Repository/LS/Calendar/Calendar_Events/Calendar_Events_Creation/Block/Page_Calendar/span_45 minutes before' are matched.

27-09-2024T16:08:41 - [MESSAGE][PASSED] - Actual text and expected text of test object 'Object Repository/Specific Cases Repository/LS/Calendar/Calendar_Events/Calendar_Events_Creation/Block/Page_Calendar/span_45 minutes before' are matched.

27-09-2024T16:08:41 - [TEST_STEP][PASSED] - closeBrowser(): Browser is closed

27-09-2024T16:08:41 - [MESSAGE][PASSED] - Browser is closed]]></system-out>
         <system-err><![CDATA[]]></system-err>
      </testcase>
      <testcase name="Test Cases/Specific Cases/LS/General/Calendar/Present Events Creation/Calendar_Event" time="23.698" classname="Test Cases/Specific Cases/LS/General/Calendar/Present Events Creation/Calendar_Event" status="PASSED">
         <system-out><![CDATA[27-09-2024T16:08:41 - [TEST_CASE][PASSED] - Test Cases/Specific Cases/LS/General/Calendar/Present Events Creation/Calendar_Event: Test Cases/Specific Cases/LS/General/Calendar/Present Events Creation/Calendar_Event

27-09-2024T16:08:42 - [TEST_STEP][PASSED] - callTestCase(findTestCase("Common Cases/Login"), [:], STOP_ON_FAILURE): Call Test Case 'Test Cases/Common Cases/Login' successfully

27-09-2024T16:08:42 - [TEST_CASE][PASSED] - Test Cases/Common Cases/Login: Test Cases/Common Cases/Login

27-09-2024T16:08:42 - [TEST_STEP][PASSED] - openBrowser(""): Browser is opened with url: ''

27-09-2024T16:08:42 - [MESSAGE][INFO] - Starting 'Chrome' driver

27-09-2024T16:08:42 - [MESSAGE][INFO] - Action delay is set to 0 milliseconds

27-09-2024T16:08:42 - [MESSAGE][PASSED] - Browser is opened with url: ''

27-09-2024T16:08:42 - [TEST_STEP][PASSED] - maximizeWindow(): Current window maximized

27-09-2024T16:08:42 - [MESSAGE][PASSED] - Current window maximized

27-09-2024T16:08:42 - [TEST_STEP][PASSED] - navigateToUrl("https://site17.lsapp.cloud/auth/login"): Navigate to 'https://site17.lsapp.cloud/auth/login' successfully

27-09-2024T16:08:44 - [MESSAGE][PASSED] - Navigate to 'https://site17.lsapp.cloud/auth/login' successfully

27-09-2024T16:08:44 - [TEST_STEP][PASSED] - setText(findTestObject("Object Repository/Common Cases Repository/Login/Page_Lightning Step/input_Email_email"), "automation@lightningstep.com"): Text 'automation@lightningstep.com' is set on object 'Object Repository/Common Cases Repository/Login/Page_Lightning Step/input_Email_email'

27-09-2024T16:08:44 - [MESSAGE][PASSED] - Text 'automation@lightningstep.com' is set on object 'Object Repository/Common Cases Repository/Login/Page_Lightning Step/input_Email_email'

27-09-2024T16:08:44 - [TEST_STEP][PASSED] - setEncryptedText(findTestObject("Object Repository/Common Cases Repository/Login/Page_Lightning Step/input_Password_password"), "e5N8VHmnhJDITtQaQhDQDw=="): Text ****** has been set on object 'Object Repository/Common Cases Repository/Login/Page_Lightning Step/input_Password_password'

27-09-2024T16:08:45 - [MESSAGE][PASSED] - Text ****** has been set on object 'Object Repository/Common Cases Repository/Login/Page_Lightning Step/input_Password_password'

27-09-2024T16:08:45 - [TEST_STEP][PASSED] - click(findTestObject("Object Repository/Common Cases Repository/Login/Page_Lightning Step/button_Sign in")): Object: 'Object Repository/Common Cases Repository/Login/Page_Lightning Step/button_Sign in' is clicked on

27-09-2024T16:08:50 - [MESSAGE][PASSED] - Object: 'Object Repository/Common Cases Repository/Login/Page_Lightning Step/button_Sign in' is clicked on

27-09-2024T16:08:50 - [MESSAGE][PASSED] - Call Test Case 'Test Cases/Common Cases/Login' successfully

27-09-2024T16:08:50 - [TEST_STEP][PASSED] - click(findTestObject("Object Repository/Specific Cases Repository/LS/Calendar/Calendar_Events/Calendar_Events_Creation/Event/Page_Home/a_Calendar")): Object: 'Object Repository/Specific Cases Repository/LS/Calendar/Calendar_Events/Calendar_Events_Creation/Event/Page_Home/a_Calendar' is clicked on

27-09-2024T16:08:53 - [MESSAGE][PASSED] - Object: 'Object Repository/Specific Cases Repository/LS/Calendar/Calendar_Events/Calendar_Events_Creation/Event/Page_Home/a_Calendar' is clicked on

27-09-2024T16:08:53 - [TEST_STEP][PASSED] - navigateToUrl("https://site17.lsapp.cloud/calendar"): Navigate to 'https://site17.lsapp.cloud/calendar' successfully

27-09-2024T16:08:54 - [MESSAGE][PASSED] - Navigate to 'https://site17.lsapp.cloud/calendar' successfully

27-09-2024T16:08:54 - [TEST_STEP][PASSED] - click(findTestObject("Object Repository/Specific Cases Repository/LS/Calendar/Calendar_Events/Calendar_Events_Creation/Event/Page_Calendar/button_Create new")): Object: 'Object Repository/Specific Cases Repository/LS/Calendar/Calendar_Events/Calendar_Events_Creation/Event/Page_Calendar/button_Create new' is clicked on

27-09-2024T16:08:55 - [MESSAGE][PASSED] - Object: 'Object Repository/Specific Cases Repository/LS/Calendar/Calendar_Events/Calendar_Events_Creation/Event/Page_Calendar/button_Create new' is clicked on

27-09-2024T16:08:55 - [TEST_STEP][PASSED] - click(findTestObject("Object Repository/Specific Cases Repository/LS/Calendar/Calendar_Events/Calendar_Events_Creation/Event/Page_Calendar/label_Event")): Object: 'Object Repository/Specific Cases Repository/LS/Calendar/Calendar_Events/Calendar_Events_Creation/Event/Page_Calendar/label_Event' is clicked on

27-09-2024T16:08:56 - [MESSAGE][PASSED] - Object: 'Object Repository/Specific Cases Repository/LS/Calendar/Calendar_Events/Calendar_Events_Creation/Event/Page_Calendar/label_Event' is clicked on

27-09-2024T16:08:56 - [TEST_STEP][PASSED] - setText(findTestObject("Object Repository/Specific Cases Repository/LS/Calendar/Calendar_Events/Calendar_Events_Creation/Event/Page_Calendar/input_Title_title_"), "Automation Event"): Text 'Automation Event' is set on object 'Object Repository/Specific Cases Repository/LS/Calendar/Calendar_Events/Calendar_Events_Creation/Event/Page_Calendar/input_Title_title_'

27-09-2024T16:08:57 - [MESSAGE][PASSED] - Text 'Automation Event' is set on object 'Object Repository/Specific Cases Repository/LS/Calendar/Calendar_Events/Calendar_Events_Creation/Event/Page_Calendar/input_Title_title_'

27-09-2024T16:08:57 - [TEST_STEP][PASSED] - click(findTestObject("Object Repository/Specific Cases Repository/LS/Calendar/Calendar_Events/Calendar_Events_Creation/Appointment/Page_Calendar/Date")): Object: 'Object Repository/Specific Cases Repository/LS/Calendar/Calendar_Events/Calendar_Events_Creation/Appointment/Page_Calendar/Date' is clicked on

27-09-2024T16:08:57 - [MESSAGE][PASSED] - Object: 'Object Repository/Specific Cases Repository/LS/Calendar/Calendar_Events/Calendar_Events_Creation/Appointment/Page_Calendar/Date' is clicked on

27-09-2024T16:08:57 - [TEST_STEP][PASSED] - setText(findTestObject("Object Repository/Specific Cases Repository/LS/Calendar/Calendar_Events/Calendar_Events_Creation/Appointment/Page_Calendar/Date"), Todays_Date): Text '09/27/2024' is set on object 'Object Repository/Specific Cases Repository/LS/Calendar/Calendar_Events/Calendar_Events_Creation/Appointment/Page_Calendar/Date'

27-09-2024T16:08:57 - [MESSAGE][PASSED] - Text '09/27/2024' is set on object 'Object Repository/Specific Cases Repository/LS/Calendar/Calendar_Events/Calendar_Events_Creation/Appointment/Page_Calendar/Date'

27-09-2024T16:08:57 - [TEST_STEP][PASSED] - click(findTestObject("Object Repository/Specific Cases Repository/LS/Calendar/Calendar_Events/Calendar_Events_Creation/Appointment/Page_Calendar/Start Time Clock")): Object: 'Object Repository/Specific Cases Repository/LS/Calendar/Calendar_Events/Calendar_Events_Creation/Appointment/Page_Calendar/Start Time Clock' is clicked on

27-09-2024T16:08:58 - [MESSAGE][PASSED] - Object: 'Object Repository/Specific Cases Repository/LS/Calendar/Calendar_Events/Calendar_Events_Creation/Appointment/Page_Calendar/Start Time Clock' is clicked on

27-09-2024T16:08:58 - [TEST_STEP][PASSED] - setText(findTestObject("Object Repository/Specific Cases Repository/LS/Calendar/Calendar_Events/Calendar_Events_Creation/Appointment/Page_Calendar/Start Time Clock"), "1400"): Text '1400' is set on object 'Object Repository/Specific Cases Repository/LS/Calendar/Calendar_Events/Calendar_Events_Creation/Appointment/Page_Calendar/Start Time Clock'

27-09-2024T16:08:59 - [MESSAGE][PASSED] - Text '1400' is set on object 'Object Repository/Specific Cases Repository/LS/Calendar/Calendar_Events/Calendar_Events_Creation/Appointment/Page_Calendar/Start Time Clock'

27-09-2024T16:08:59 - [TEST_STEP][PASSED] - click(findTestObject("Object Repository/Specific Cases Repository/LS/Calendar/Calendar_Events/Calendar_Events_Creation/Event/Page_Calendar/div_Schedule                               _3f20bf")): Object: 'Object Repository/Specific Cases Repository/LS/Calendar/Calendar_Events/Calendar_Events_Creation/Event/Page_Calendar/div_Schedule                               _3f20bf' is clicked on

27-09-2024T16:08:59 - [MESSAGE][PASSED] - Object: 'Object Repository/Specific Cases Repository/LS/Calendar/Calendar_Events/Calendar_Events_Creation/Event/Page_Calendar/div_Schedule                               _3f20bf' is clicked on

27-09-2024T16:08:59 - [TEST_STEP][PASSED] - click(findTestObject("Object Repository/Specific Cases Repository/LS/Calendar/Calendar_Events/Calendar_Events_Creation/Event/Page_Calendar/button_Reminder__simple-switch-track")): Object: 'Object Repository/Specific Cases Repository/LS/Calendar/Calendar_Events/Calendar_Events_Creation/Event/Page_Calendar/button_Reminder__simple-switch-track' is clicked on

27-09-2024T16:09:00 - [MESSAGE][PASSED] - Object: 'Object Repository/Specific Cases Repository/LS/Calendar/Calendar_Events/Calendar_Events_Creation/Event/Page_Calendar/button_Reminder__simple-switch-track' is clicked on

27-09-2024T16:09:00 - [TEST_STEP][PASSED] - setText(findTestObject("Object Repository/Specific Cases Repository/LS/Calendar/Calendar_Events/Calendar_Events_Creation/Event/Page_Calendar/input_Reminder_select2-search__field"), "15"): Text '15' is set on object 'Object Repository/Specific Cases Repository/LS/Calendar/Calendar_Events/Calendar_Events_Creation/Event/Page_Calendar/input_Reminder_select2-search__field'

27-09-2024T16:09:00 - [MESSAGE][PASSED] - Text '15' is set on object 'Object Repository/Specific Cases Repository/LS/Calendar/Calendar_Events/Calendar_Events_Creation/Event/Page_Calendar/input_Reminder_select2-search__field'

27-09-2024T16:09:00 - [TEST_STEP][PASSED] - sendKeys(findTestObject("Object Repository/Specific Cases Repository/LS/Calendar/Calendar_Events/Calendar_Events_Creation/Event/Page_Calendar/input_Reminder_select2-search__field"), Keys.chord(ENTER)): Keys 'ENTER + ' sent to object: 'Object Repository/Specific Cases Repository/LS/Calendar/Calendar_Events/Calendar_Events_Creation/Event/Page_Calendar/input_Reminder_select2-search__field'

27-09-2024T16:09:01 - [MESSAGE][PASSED] - Keys 'ENTER + ' sent to object: 'Object Repository/Specific Cases Repository/LS/Calendar/Calendar_Events/Calendar_Events_Creation/Event/Page_Calendar/input_Reminder_select2-search__field'

27-09-2024T16:09:01 - [TEST_STEP][PASSED] - setText(findTestObject("Object Repository/Specific Cases Repository/LS/Calendar/Calendar_Events/Calendar_Events_Creation/Event/Page_Calendar/input_Reminder_select2-search__field"), "3 "): Text '3 ' is set on object 'Object Repository/Specific Cases Repository/LS/Calendar/Calendar_Events/Calendar_Events_Creation/Event/Page_Calendar/input_Reminder_select2-search__field'

27-09-2024T16:09:01 - [MESSAGE][PASSED] - Text '3 ' is set on object 'Object Repository/Specific Cases Repository/LS/Calendar/Calendar_Events/Calendar_Events_Creation/Event/Page_Calendar/input_Reminder_select2-search__field'

27-09-2024T16:09:01 - [TEST_STEP][PASSED] - sendKeys(findTestObject("Object Repository/Specific Cases Repository/LS/Calendar/Calendar_Events/Calendar_Events_Creation/Event/Page_Calendar/input_Reminder_select2-search__field"), Keys.chord(ENTER)): Keys 'ENTER + ' sent to object: 'Object Repository/Specific Cases Repository/LS/Calendar/Calendar_Events/Calendar_Events_Creation/Event/Page_Calendar/input_Reminder_select2-search__field'

27-09-2024T16:09:02 - [MESSAGE][PASSED] - Keys 'ENTER + ' sent to object: 'Object Repository/Specific Cases Repository/LS/Calendar/Calendar_Events/Calendar_Events_Creation/Event/Page_Calendar/input_Reminder_select2-search__field'

27-09-2024T16:09:02 - [TEST_STEP][PASSED] - setText(findTestObject("Object Repository/Specific Cases Repository/LS/Calendar/Calendar_Events/Calendar_Events_Creation/Event/Page_Calendar/input_Notes_notes"), "Automation Event Note"): Text 'Automation Event Note' is set on object 'Object Repository/Specific Cases Repository/LS/Calendar/Calendar_Events/Calendar_Events_Creation/Event/Page_Calendar/input_Notes_notes'

27-09-2024T16:09:03 - [MESSAGE][PASSED] - Text 'Automation Event Note' is set on object 'Object Repository/Specific Cases Repository/LS/Calendar/Calendar_Events/Calendar_Events_Creation/Event/Page_Calendar/input_Notes_notes'

27-09-2024T16:09:03 - [TEST_STEP][PASSED] - click(findTestObject("Object Repository/Specific Cases Repository/LS/Calendar/Calendar_Events/Calendar_Events_Creation/Event/Page_Calendar/a_Save")): Object: 'Object Repository/Specific Cases Repository/LS/Calendar/Calendar_Events/Calendar_Events_Creation/Event/Page_Calendar/a_Save' is clicked on

27-09-2024T16:09:03 - [MESSAGE][PASSED] - Object: 'Object Repository/Specific Cases Repository/LS/Calendar/Calendar_Events/Calendar_Events_Creation/Event/Page_Calendar/a_Save' is clicked on

27-09-2024T16:09:03 - [TEST_STEP][PASSED] - scrollToElement(findTestObject("Object Repository/Specific Cases Repository/LS/Calendar/Calendar_Events/Calendar_Events_Creation/Event/Page_Calendar/a_Automation Event"), 0): Scroll to object 'Object Repository/Specific Cases Repository/LS/Calendar/Calendar_Events/Calendar_Events_Creation/Event/Page_Calendar/a_Automation Event' successfully

27-09-2024T16:09:03 - [MESSAGE][WARNING] - Timeout '0' is invalid. Using default page load timeout: '30'

27-09-2024T16:09:04 - [MESSAGE][PASSED] - Scroll to object 'Object Repository/Specific Cases Repository/LS/Calendar/Calendar_Events/Calendar_Events_Creation/Event/Page_Calendar/a_Automation Event' successfully

27-09-2024T16:09:04 - [TEST_STEP][PASSED] - mouseOver(findTestObject("Object Repository/Specific Cases Repository/LS/Calendar/Calendar_Events/Calendar_Events_Creation/Event/Page_Calendar/a_Automation Event")): Object: 'Object Repository/Specific Cases Repository/LS/Calendar/Calendar_Events/Calendar_Events_Creation/Event/Page_Calendar/a_Automation Event' is hovered

27-09-2024T16:09:04 - [MESSAGE][PASSED] - Object: 'Object Repository/Specific Cases Repository/LS/Calendar/Calendar_Events/Calendar_Events_Creation/Event/Page_Calendar/a_Automation Event' is hovered

27-09-2024T16:09:04 - [TEST_STEP][PASSED] - verifyElementText(findTestObject("Object Repository/Specific Cases Repository/LS/Calendar/Calendar_Events/Calendar_Events_Creation/Event/Page_Calendar/span_Automation Event"), "Automation Event"): Actual text and expected text of test object 'Object Repository/Specific Cases Repository/LS/Calendar/Calendar_Events/Calendar_Events_Creation/Event/Page_Calendar/span_Automation Event' are matched.

27-09-2024T16:09:05 - [MESSAGE][PASSED] - Actual text and expected text of test object 'Object Repository/Specific Cases Repository/LS/Calendar/Calendar_Events/Calendar_Events_Creation/Event/Page_Calendar/span_Automation Event' are matched.

27-09-2024T16:09:05 - [TEST_STEP][PASSED] - verifyElementText(findTestObject("Object Repository/Specific Cases Repository/LS/Calendar/Calendar_Events/Calendar_Events_Creation/Event/Page_Calendar/span_180 minutes before, 15 minutes before"), "180 minutes before, 15 minutes before"): Actual text and expected text of test object 'Object Repository/Specific Cases Repository/LS/Calendar/Calendar_Events/Calendar_Events_Creation/Event/Page_Calendar/span_180 minutes before, 15 minutes before' are matched.

27-09-2024T16:09:05 - [MESSAGE][PASSED] - Actual text and expected text of test object 'Object Repository/Specific Cases Repository/LS/Calendar/Calendar_Events/Calendar_Events_Creation/Event/Page_Calendar/span_180 minutes before, 15 minutes before' are matched.

27-09-2024T16:09:05 - [TEST_STEP][PASSED] - closeBrowser(): Browser is closed

27-09-2024T16:09:05 - [MESSAGE][PASSED] - Browser is closed]]></system-out>
         <system-err><![CDATA[]]></system-err>
      </testcase>
      <testcase name="Test Cases/Specific Cases/LS/General/Calendar/Present Events Creation/Calendar_Groups" time="30.65" classname="Test Cases/Specific Cases/LS/General/Calendar/Present Events Creation/Calendar_Groups" status="PASSED">
         <system-out><![CDATA[27-09-2024T16:09:05 - [TEST_CASE][PASSED] - Test Cases/Specific Cases/LS/General/Calendar/Present Events Creation/Calendar_Groups: Test Cases/Specific Cases/LS/General/Calendar/Present Events Creation/Calendar_Groups

27-09-2024T16:09:05 - [TEST_STEP][PASSED] - callTestCase(findTestCase("Common Cases/Login"), [:], STOP_ON_FAILURE): Call Test Case 'Test Cases/Common Cases/Login' successfully

27-09-2024T16:09:05 - [TEST_CASE][PASSED] - Test Cases/Common Cases/Login: Test Cases/Common Cases/Login

27-09-2024T16:09:05 - [TEST_STEP][PASSED] - openBrowser(""): Browser is opened with url: ''

27-09-2024T16:09:05 - [MESSAGE][INFO] - Starting 'Chrome' driver

27-09-2024T16:09:05 - [MESSAGE][INFO] - Action delay is set to 0 milliseconds

27-09-2024T16:09:06 - [MESSAGE][PASSED] - Browser is opened with url: ''

27-09-2024T16:09:06 - [TEST_STEP][PASSED] - maximizeWindow(): Current window maximized

27-09-2024T16:09:06 - [MESSAGE][PASSED] - Current window maximized

27-09-2024T16:09:06 - [TEST_STEP][PASSED] - navigateToUrl("https://site17.lsapp.cloud/auth/login"): Navigate to 'https://site17.lsapp.cloud/auth/login' successfully

27-09-2024T16:09:07 - [MESSAGE][PASSED] - Navigate to 'https://site17.lsapp.cloud/auth/login' successfully

27-09-2024T16:09:07 - [TEST_STEP][PASSED] - setText(findTestObject("Object Repository/Common Cases Repository/Login/Page_Lightning Step/input_Email_email"), "automation@lightningstep.com"): Text 'automation@lightningstep.com' is set on object 'Object Repository/Common Cases Repository/Login/Page_Lightning Step/input_Email_email'

27-09-2024T16:09:08 - [MESSAGE][PASSED] - Text 'automation@lightningstep.com' is set on object 'Object Repository/Common Cases Repository/Login/Page_Lightning Step/input_Email_email'

27-09-2024T16:09:08 - [TEST_STEP][PASSED] - setEncryptedText(findTestObject("Object Repository/Common Cases Repository/Login/Page_Lightning Step/input_Password_password"), "e5N8VHmnhJDITtQaQhDQDw=="): Text ****** has been set on object 'Object Repository/Common Cases Repository/Login/Page_Lightning Step/input_Password_password'

27-09-2024T16:09:08 - [MESSAGE][PASSED] - Text ****** has been set on object 'Object Repository/Common Cases Repository/Login/Page_Lightning Step/input_Password_password'

27-09-2024T16:09:08 - [TEST_STEP][PASSED] - click(findTestObject("Object Repository/Common Cases Repository/Login/Page_Lightning Step/button_Sign in")): Object: 'Object Repository/Common Cases Repository/Login/Page_Lightning Step/button_Sign in' is clicked on

27-09-2024T16:09:13 - [MESSAGE][PASSED] - Object: 'Object Repository/Common Cases Repository/Login/Page_Lightning Step/button_Sign in' is clicked on

27-09-2024T16:09:13 - [MESSAGE][PASSED] - Call Test Case 'Test Cases/Common Cases/Login' successfully

27-09-2024T16:09:13 - [TEST_STEP][PASSED] - click(findTestObject("Object Repository/Specific Cases Repository/LS/Calendar/Calendar_Events/Calendar_Events_Creation/Group/Page_Home/a_Calendar")): Object: 'Object Repository/Specific Cases Repository/LS/Calendar/Calendar_Events/Calendar_Events_Creation/Group/Page_Home/a_Calendar' is clicked on

27-09-2024T16:09:16 - [MESSAGE][PASSED] - Object: 'Object Repository/Specific Cases Repository/LS/Calendar/Calendar_Events/Calendar_Events_Creation/Group/Page_Home/a_Calendar' is clicked on

27-09-2024T16:09:16 - [TEST_STEP][PASSED] - navigateToUrl("https://site17.lsapp.cloud/calendar"): Navigate to 'https://site17.lsapp.cloud/calendar' successfully

27-09-2024T16:09:18 - [MESSAGE][PASSED] - Navigate to 'https://site17.lsapp.cloud/calendar' successfully

27-09-2024T16:09:18 - [TEST_STEP][PASSED] - click(findTestObject("Object Repository/Specific Cases Repository/LS/Calendar/Calendar_Events/Calendar_Events_Creation/Group/Page_Calendar/button_Create new")): Object: 'Object Repository/Specific Cases Repository/LS/Calendar/Calendar_Events/Calendar_Events_Creation/Group/Page_Calendar/button_Create new' is clicked on

27-09-2024T16:09:18 - [MESSAGE][PASSED] - Object: 'Object Repository/Specific Cases Repository/LS/Calendar/Calendar_Events/Calendar_Events_Creation/Group/Page_Calendar/button_Create new' is clicked on

27-09-2024T16:09:18 - [TEST_STEP][PASSED] - click(findTestObject("Object Repository/Specific Cases Repository/LS/Calendar/Calendar_Events/Calendar_Events_Creation/Group/Page_Calendar/label_Group")): Object: 'Object Repository/Specific Cases Repository/LS/Calendar/Calendar_Events/Calendar_Events_Creation/Group/Page_Calendar/label_Group' is clicked on

27-09-2024T16:09:19 - [MESSAGE][PASSED] - Object: 'Object Repository/Specific Cases Repository/LS/Calendar/Calendar_Events/Calendar_Events_Creation/Group/Page_Calendar/label_Group' is clicked on

27-09-2024T16:09:19 - [TEST_STEP][PASSED] - click(findTestObject("Object Repository/Specific Cases Repository/LS/Calendar/Calendar_Events/Calendar_Events_Creation/Group/Page_Calendar/Groups Selector")): Object: 'Object Repository/Specific Cases Repository/LS/Calendar/Calendar_Events/Calendar_Events_Creation/Group/Page_Calendar/Groups Selector' is clicked on

27-09-2024T16:09:20 - [MESSAGE][PASSED] - Object: 'Object Repository/Specific Cases Repository/LS/Calendar/Calendar_Events/Calendar_Events_Creation/Group/Page_Calendar/Groups Selector' is clicked on

27-09-2024T16:09:20 - [TEST_STEP][PASSED] - setText(findTestObject("Object Repository/Specific Cases Repository/LS/Calendar/Calendar_Events/Calendar_Events_Creation/Group/Page_Calendar/input_Loading_select2-search__field"), "1.2"): Text '1.2' is set on object 'Object Repository/Specific Cases Repository/LS/Calendar/Calendar_Events/Calendar_Events_Creation/Group/Page_Calendar/input_Loading_select2-search__field'

27-09-2024T16:09:21 - [MESSAGE][PASSED] - Text '1.2' is set on object 'Object Repository/Specific Cases Repository/LS/Calendar/Calendar_Events/Calendar_Events_Creation/Group/Page_Calendar/input_Loading_select2-search__field'

27-09-2024T16:09:21 - [TEST_STEP][PASSED] - sendKeys(findTestObject("Object Repository/Specific Cases Repository/LS/Calendar/Calendar_Events/Calendar_Events_Creation/Group/Page_Calendar/input_Loading_select2-search__field"), Keys.chord(ENTER)): Keys 'ENTER + ' sent to object: 'Object Repository/Specific Cases Repository/LS/Calendar/Calendar_Events/Calendar_Events_Creation/Group/Page_Calendar/input_Loading_select2-search__field'

27-09-2024T16:09:21 - [MESSAGE][PASSED] - Keys 'ENTER + ' sent to object: 'Object Repository/Specific Cases Repository/LS/Calendar/Calendar_Events/Calendar_Events_Creation/Group/Page_Calendar/input_Loading_select2-search__field'

27-09-2024T16:09:21 - [TEST_STEP][PASSED] - setText(findTestObject("Object Repository/Specific Cases Repository/LS/Calendar/Calendar_Events/Calendar_Events_Creation/Group/Page_Calendar/input_Title_title_"), "1.2 Automatically Enroll Clients in Selected Location/Program(s)"): Text '1.2 Automatically Enroll Clients in Selected Location/Program(s)' is set on object 'Object Repository/Specific Cases Repository/LS/Calendar/Calendar_Events/Calendar_Events_Creation/Group/Page_Calendar/input_Title_title_'

27-09-2024T16:09:23 - [MESSAGE][PASSED] - Text '1.2 Automatically Enroll Clients in Selected Location/Program(s)' is set on object 'Object Repository/Specific Cases Repository/LS/Calendar/Calendar_Events/Calendar_Events_Creation/Group/Page_Calendar/input_Title_title_'

27-09-2024T16:09:23 - [TEST_STEP][PASSED] - click(findTestObject("Object Repository/Specific Cases Repository/LS/Calendar/Calendar_Events/Calendar_Events_Creation/Group/Page_Calendar/Date")): Object: 'Object Repository/Specific Cases Repository/LS/Calendar/Calendar_Events/Calendar_Events_Creation/Group/Page_Calendar/Date' is clicked on

27-09-2024T16:09:23 - [MESSAGE][PASSED] - Object: 'Object Repository/Specific Cases Repository/LS/Calendar/Calendar_Events/Calendar_Events_Creation/Group/Page_Calendar/Date' is clicked on

27-09-2024T16:09:23 - [TEST_STEP][PASSED] - setText(findTestObject("Object Repository/Specific Cases Repository/LS/Calendar/Calendar_Events/Calendar_Events_Creation/Group/Page_Calendar/Date"), Todays_Date): Text '09/27/2024' is set on object 'Object Repository/Specific Cases Repository/LS/Calendar/Calendar_Events/Calendar_Events_Creation/Group/Page_Calendar/Date'

27-09-2024T16:09:23 - [MESSAGE][PASSED] - Text '09/27/2024' is set on object 'Object Repository/Specific Cases Repository/LS/Calendar/Calendar_Events/Calendar_Events_Creation/Group/Page_Calendar/Date'

27-09-2024T16:09:23 - [TEST_STEP][PASSED] - click(findTestObject("Object Repository/Specific Cases Repository/LS/Calendar/Calendar_Events/Calendar_Events_Creation/Group/Page_Calendar/Start Time")): Object: 'Object Repository/Specific Cases Repository/LS/Calendar/Calendar_Events/Calendar_Events_Creation/Group/Page_Calendar/Start Time' is clicked on

27-09-2024T16:09:24 - [MESSAGE][PASSED] - Object: 'Object Repository/Specific Cases Repository/LS/Calendar/Calendar_Events/Calendar_Events_Creation/Group/Page_Calendar/Start Time' is clicked on

27-09-2024T16:09:24 - [TEST_STEP][PASSED] - setText(findTestObject("Object Repository/Specific Cases Repository/LS/Calendar/Calendar_Events/Calendar_Events_Creation/Group/Page_Calendar/Start Time"), "1300"): Text '1300' is set on object 'Object Repository/Specific Cases Repository/LS/Calendar/Calendar_Events/Calendar_Events_Creation/Group/Page_Calendar/Start Time'

27-09-2024T16:09:25 - [MESSAGE][PASSED] - Text '1300' is set on object 'Object Repository/Specific Cases Repository/LS/Calendar/Calendar_Events/Calendar_Events_Creation/Group/Page_Calendar/Start Time'

27-09-2024T16:09:25 - [TEST_STEP][PASSED] - click(findTestObject("Object Repository/Specific Cases Repository/LS/Calendar/Calendar_Events/Calendar_Events_Creation/Group/Page_Calendar/End Time")): Object: 'Object Repository/Specific Cases Repository/LS/Calendar/Calendar_Events/Calendar_Events_Creation/Group/Page_Calendar/End Time' is clicked on

27-09-2024T16:09:25 - [MESSAGE][PASSED] - Object: 'Object Repository/Specific Cases Repository/LS/Calendar/Calendar_Events/Calendar_Events_Creation/Group/Page_Calendar/End Time' is clicked on

27-09-2024T16:09:25 - [TEST_STEP][PASSED] - setText(findTestObject("Object Repository/Specific Cases Repository/LS/Calendar/Calendar_Events/Calendar_Events_Creation/Group/Page_Calendar/End Time"), "1400"): Text '1400' is set on object 'Object Repository/Specific Cases Repository/LS/Calendar/Calendar_Events/Calendar_Events_Creation/Group/Page_Calendar/End Time'

27-09-2024T16:09:26 - [MESSAGE][PASSED] - Text '1400' is set on object 'Object Repository/Specific Cases Repository/LS/Calendar/Calendar_Events/Calendar_Events_Creation/Group/Page_Calendar/End Time'

27-09-2024T16:09:26 - [TEST_STEP][PASSED] - click(findTestObject("Object Repository/Specific Cases Repository/LS/Calendar/Calendar_Events/Calendar_Events_Creation/Group/Page_Calendar/Groups Selector")): Object: 'Object Repository/Specific Cases Repository/LS/Calendar/Calendar_Events/Calendar_Events_Creation/Group/Page_Calendar/Groups Selector' is clicked on

27-09-2024T16:09:27 - [MESSAGE][PASSED] - Object: 'Object Repository/Specific Cases Repository/LS/Calendar/Calendar_Events/Calendar_Events_Creation/Group/Page_Calendar/Groups Selector' is clicked on

27-09-2024T16:09:27 - [TEST_STEP][PASSED] - setText(findTestObject("Object Repository/Specific Cases Repository/LS/Calendar/Calendar_Events/Calendar_Events_Creation/Group/Page_Calendar/input_Loading_select2-search__field"), "1.2"): Text '1.2' is set on object 'Object Repository/Specific Cases Repository/LS/Calendar/Calendar_Events/Calendar_Events_Creation/Group/Page_Calendar/input_Loading_select2-search__field'

27-09-2024T16:09:27 - [MESSAGE][PASSED] - Text '1.2' is set on object 'Object Repository/Specific Cases Repository/LS/Calendar/Calendar_Events/Calendar_Events_Creation/Group/Page_Calendar/input_Loading_select2-search__field'

27-09-2024T16:09:27 - [TEST_STEP][PASSED] - sendKeys(findTestObject("Object Repository/Specific Cases Repository/LS/Calendar/Calendar_Events/Calendar_Events_Creation/Group/Page_Calendar/input_Loading_select2-search__field"), Keys.chord(ENTER)): Keys 'ENTER + ' sent to object: 'Object Repository/Specific Cases Repository/LS/Calendar/Calendar_Events/Calendar_Events_Creation/Group/Page_Calendar/input_Loading_select2-search__field'

27-09-2024T16:09:28 - [MESSAGE][PASSED] - Keys 'ENTER + ' sent to object: 'Object Repository/Specific Cases Repository/LS/Calendar/Calendar_Events/Calendar_Events_Creation/Group/Page_Calendar/input_Loading_select2-search__field'

27-09-2024T16:09:28 - [TEST_STEP][PASSED] - click(findTestObject("Object Repository/Specific Cases Repository/LS/Calendar/Calendar_Events/Calendar_Events_Creation/Group/Page_Calendar/span_Select Clients")): Object: 'Object Repository/Specific Cases Repository/LS/Calendar/Calendar_Events/Calendar_Events_Creation/Group/Page_Calendar/span_Select Clients' is clicked on

27-09-2024T16:09:29 - [MESSAGE][PASSED] - Object: 'Object Repository/Specific Cases Repository/LS/Calendar/Calendar_Events/Calendar_Events_Creation/Group/Page_Calendar/span_Select Clients' is clicked on

27-09-2024T16:09:29 - [TEST_STEP][PASSED] - click(findTestObject("Object Repository/Specific Cases Repository/LS/Calendar/Calendar_Events/Calendar_Events_Creation/Group/Page_Calendar/label_C Automation, C Client MR 24-11008")): Object: 'Object Repository/Specific Cases Repository/LS/Calendar/Calendar_Events/Calendar_Events_Creation/Group/Page_Calendar/label_C Automation, C Client MR 24-11008' is clicked on

27-09-2024T16:09:29 - [MESSAGE][PASSED] - Object: 'Object Repository/Specific Cases Repository/LS/Calendar/Calendar_Events/Calendar_Events_Creation/Group/Page_Calendar/label_C Automation, C Client MR 24-11008' is clicked on

27-09-2024T16:09:29 - [TEST_STEP][PASSED] - click(findTestObject("Object Repository/Specific Cases Repository/LS/Calendar/Calendar_Events/Calendar_Events_Creation/Group/Page_Calendar/label_B Automation, B Client MR 24-11007")): Object: 'Object Repository/Specific Cases Repository/LS/Calendar/Calendar_Events/Calendar_Events_Creation/Group/Page_Calendar/label_B Automation, B Client MR 24-11007' is clicked on

27-09-2024T16:09:30 - [MESSAGE][PASSED] - Object: 'Object Repository/Specific Cases Repository/LS/Calendar/Calendar_Events/Calendar_Events_Creation/Group/Page_Calendar/label_B Automation, B Client MR 24-11007' is clicked on

27-09-2024T16:09:30 - [TEST_STEP][PASSED] - click(findTestObject("Object Repository/Specific Cases Repository/LS/Calendar/Calendar_Events/Calendar_Events_Creation/Group/Page_Calendar/View Enrolled Patients")): Object: 'Object Repository/Specific Cases Repository/LS/Calendar/Calendar_Events/Calendar_Events_Creation/Group/Page_Calendar/View Enrolled Patients' is clicked on

27-09-2024T16:09:30 - [MESSAGE][PASSED] - Object: 'Object Repository/Specific Cases Repository/LS/Calendar/Calendar_Events/Calendar_Events_Creation/Group/Page_Calendar/View Enrolled Patients' is clicked on

27-09-2024T16:09:30 - [TEST_STEP][PASSED] - verifyElementText(findTestObject("Object Repository/Specific Cases Repository/LS/Calendar/Calendar_Events/Calendar_Events_Creation/Group/Page_Calendar/td_C Automation, C Client MR 24-11008"), "C Automation, C Client MR# 24-11008"): Actual text and expected text of test object 'Object Repository/Specific Cases Repository/LS/Calendar/Calendar_Events/Calendar_Events_Creation/Group/Page_Calendar/td_C Automation, C Client MR 24-11008' are matched.

27-09-2024T16:09:31 - [MESSAGE][PASSED] - Actual text and expected text of test object 'Object Repository/Specific Cases Repository/LS/Calendar/Calendar_Events/Calendar_Events_Creation/Group/Page_Calendar/td_C Automation, C Client MR 24-11008' are matched.

27-09-2024T16:09:31 - [TEST_STEP][PASSED] - verifyElementText(findTestObject("Object Repository/Specific Cases Repository/LS/Calendar/Calendar_Events/Calendar_Events_Creation/Group/Page_Calendar/td_B Automation, B Client MR 24-11007"), "B Automation, B Client MR# 24-11007"): Actual text and expected text of test object 'Object Repository/Specific Cases Repository/LS/Calendar/Calendar_Events/Calendar_Events_Creation/Group/Page_Calendar/td_B Automation, B Client MR 24-11007' are matched.

27-09-2024T16:09:31 - [MESSAGE][PASSED] - Actual text and expected text of test object 'Object Repository/Specific Cases Repository/LS/Calendar/Calendar_Events/Calendar_Events_Creation/Group/Page_Calendar/td_B Automation, B Client MR 24-11007' are matched.

27-09-2024T16:09:31 - [TEST_STEP][PASSED] - click(findTestObject("Object Repository/Specific Cases Repository/LS/Calendar/Calendar_Events/Calendar_Events_Creation/Group/Page_Calendar/View Enrolled Patients")): Object: 'Object Repository/Specific Cases Repository/LS/Calendar/Calendar_Events/Calendar_Events_Creation/Group/Page_Calendar/View Enrolled Patients' is clicked on

27-09-2024T16:09:31 - [MESSAGE][PASSED] - Object: 'Object Repository/Specific Cases Repository/LS/Calendar/Calendar_Events/Calendar_Events_Creation/Group/Page_Calendar/View Enrolled Patients' is clicked on

27-09-2024T16:09:31 - [TEST_STEP][PASSED] - scrollToElement(findTestObject("Object Repository/Specific Cases Repository/LS/Calendar/Calendar_Events/Calendar_Events_Creation/Group/Page_Calendar/a_Save"), 0): Scroll to object 'Object Repository/Specific Cases Repository/LS/Calendar/Calendar_Events/Calendar_Events_Creation/Group/Page_Calendar/a_Save' successfully

27-09-2024T16:09:31 - [MESSAGE][WARNING] - Timeout '0' is invalid. Using default page load timeout: '30'

27-09-2024T16:09:32 - [MESSAGE][PASSED] - Scroll to object 'Object Repository/Specific Cases Repository/LS/Calendar/Calendar_Events/Calendar_Events_Creation/Group/Page_Calendar/a_Save' successfully

27-09-2024T16:09:32 - [TEST_STEP][PASSED] - click(findTestObject("Object Repository/Specific Cases Repository/LS/Calendar/Calendar_Events/Calendar_Events_Creation/Group/Page_Calendar/a_Save")): Object: 'Object Repository/Specific Cases Repository/LS/Calendar/Calendar_Events/Calendar_Events_Creation/Group/Page_Calendar/a_Save' is clicked on

27-09-2024T16:09:32 - [MESSAGE][PASSED] - Object: 'Object Repository/Specific Cases Repository/LS/Calendar/Calendar_Events/Calendar_Events_Creation/Group/Page_Calendar/a_Save' is clicked on

27-09-2024T16:09:32 - [TEST_STEP][PASSED] - click(findTestObject("Specific Cases Repository/LS/Calendar/Calendar_Events/Calendar_Events_Creation/Group/Page_Calendar/Calendar Event")): Object: 'Object Repository/Specific Cases Repository/LS/Calendar/Calendar_Events/Calendar_Events_Creation/Group/Page_Calendar/Calendar Event' is clicked on

27-09-2024T16:09:33 - [MESSAGE][PASSED] - Object: 'Object Repository/Specific Cases Repository/LS/Calendar/Calendar_Events/Calendar_Events_Creation/Group/Page_Calendar/Calendar Event' is clicked on

27-09-2024T16:09:33 - [TEST_STEP][PASSED] - verifyElementText(findTestObject("Object Repository/Specific Cases Repository/LS/Calendar/Calendar_Events/Calendar_Events_Creation/Group/Page_Calendar/label_Start Group Session"), "Start Group Session"): Actual text and expected text of test object 'Object Repository/Specific Cases Repository/LS/Calendar/Calendar_Events/Calendar_Events_Creation/Group/Page_Calendar/label_Start Group Session' are matched.

27-09-2024T16:09:34 - [MESSAGE][PASSED] - Actual text and expected text of test object 'Object Repository/Specific Cases Repository/LS/Calendar/Calendar_Events/Calendar_Events_Creation/Group/Page_Calendar/label_Start Group Session' are matched.

27-09-2024T16:09:34 - [TEST_STEP][PASSED] - verifyElementPresent(findTestObject("Object Repository/Specific Cases Repository/LS/Calendar/Calendar_Events/Calendar_Events_Creation/Group/Page_Calendar/input_Start Group Session_isdocumentedgroup"), 0): Object 'Object Repository/Specific Cases Repository/LS/Calendar/Calendar_Events/Calendar_Events_Creation/Group/Page_Calendar/input_Start Group Session_isdocumentedgroup' is present

27-09-2024T16:09:34 - [MESSAGE][WARNING] - Timeout '0' is invalid. Using default page load timeout: '30'

27-09-2024T16:09:34 - [MESSAGE][PASSED] - Object 'Object Repository/Specific Cases Repository/LS/Calendar/Calendar_Events/Calendar_Events_Creation/Group/Page_Calendar/input_Start Group Session_isdocumentedgroup' is present

27-09-2024T16:09:34 - [TEST_STEP][PASSED] - click(findTestObject("Object Repository/Specific Cases Repository/LS/Calendar/Calendar_Events/Calendar_Events_Creation/Group/Page_Calendar/a_Save Revision")): Object: 'Object Repository/Specific Cases Repository/LS/Calendar/Calendar_Events/Calendar_Events_Creation/Group/Page_Calendar/a_Save Revision' is clicked on

27-09-2024T16:09:35 - [MESSAGE][PASSED] - Object: 'Object Repository/Specific Cases Repository/LS/Calendar/Calendar_Events/Calendar_Events_Creation/Group/Page_Calendar/a_Save Revision' is clicked on

27-09-2024T16:09:35 - [TEST_STEP][PASSED] - mouseOver(findTestObject("Specific Cases Repository/LS/Calendar/Calendar_Events/Calendar_Events_Creation/Group/Page_Calendar/Calendar Event")): Object: 'Object Repository/Specific Cases Repository/LS/Calendar/Calendar_Events/Calendar_Events_Creation/Group/Page_Calendar/Calendar Event' is hovered

27-09-2024T16:09:35 - [MESSAGE][PASSED] - Object: 'Object Repository/Specific Cases Repository/LS/Calendar/Calendar_Events/Calendar_Events_Creation/Group/Page_Calendar/Calendar Event' is hovered

27-09-2024T16:09:35 - [TEST_STEP][PASSED] - verifyElementText(findTestObject("Object Repository/Specific Cases Repository/LS/Calendar/Calendar_Events/Calendar_Events_Creation/Group/Page_Calendar/span_Automation Test 1.2 Automatically Enro_f39ad6"), "1.2 Automatically Enroll Clients in Selected Location/Program(s)"): Actual text and expected text of test object 'Object Repository/Specific Cases Repository/LS/Calendar/Calendar_Events/Calendar_Events_Creation/Group/Page_Calendar/span_Automation Test 1.2 Automatically Enro_f39ad6' are matched.

27-09-2024T16:09:36 - [MESSAGE][PASSED] - Actual text and expected text of test object 'Object Repository/Specific Cases Repository/LS/Calendar/Calendar_Events/Calendar_Events_Creation/Group/Page_Calendar/span_Automation Test 1.2 Automatically Enro_f39ad6' are matched.

27-09-2024T16:09:36 - [TEST_STEP][PASSED] - closeBrowser(): Browser is closed

27-09-2024T16:09:36 - [MESSAGE][PASSED] - Browser is closed]]></system-out>
         <system-err><![CDATA[]]></system-err>
      </testcase>
      <system-out><![CDATA[27-09-2024T16:03:16 - [TEST_SUITE][FAILED] - Calendar: Test Cases/Specific Cases/LS/General/Calendar/Present Events Creation/Calendar_Appointment FAILED.
Reason:
com.kms.katalon.core.exception.StepFailedException: Unable to scroll to object 'Object Repository/Specific Cases Repository/LS/Calendar/Calendar_Events/Calendar_Events_Creation/Appointment/Page_Calendar/a_Automation Test with A Automation, A Clie_8f5a4c'
	at com.kms.katalon.core.webui.keyword.internal.WebUIKeywordMain.stepFailed(WebUIKeywordMain.groovy:117)
	at com.kms.katalon.core.webui.keyword.internal.WebUIKeywordMain.runKeyword(WebUIKeywordMain.groovy:43)
	at com.kms.katalon.core.webui.keyword.builtin.ScrollToElementKeyword.scrollToElement(ScrollToElementKeyword.groovy:88)
	at com.kms.katalon.core.webui.keyword.builtin.ScrollToElementKeyword.execute(ScrollToElementKeyword.groovy:68)
	at com.kms.katalon.core.keyword.internal.KeywordExecutor.executeKeywordForPlatform(KeywordExecutor.groovy:74)
	at com.kms.katalon.core.webui.keyword.WebUiBuiltInKeywords.scrollToElement(WebUiBuiltInKeywords.groovy:4147)
	at Calendar_Appointment.run(Calendar_Appointment:82)
	at com.kms.katalon.core.main.ScriptEngine.run(ScriptEngine.java:194)
	at com.kms.katalon.core.main.ScriptEngine.runScriptAsRawText(ScriptEngine.java:119)
	at com.kms.katalon.core.main.TestCaseExecutor.runScript(TestCaseExecutor.java:448)
	at com.kms.katalon.core.main.TestCaseExecutor.doExecute(TestCaseExecutor.java:439)
	at com.kms.katalon.core.main.TestCaseExecutor.processExecutionPhase(TestCaseExecutor.java:418)
	at com.kms.katalon.core.main.TestCaseExecutor.accessMainPhase(TestCaseExecutor.java:410)
	at com.kms.katalon.core.main.TestCaseExecutor.execute(TestCaseExecutor.java:285)
	at com.kms.katalon.core.common.CommonExecutor.accessTestCaseMainPhase(CommonExecutor.java:65)
	at com.kms.katalon.core.main.TestSuiteExecutor.accessTestSuiteMainPhase(TestSuiteExecutor.java:150)
	at com.kms.katalon.core.main.TestSuiteExecutor.execute(TestSuiteExecutor.java:106)
	at com.kms.katalon.core.main.TestCaseMain.startTestSuite(TestCaseMain.java:180)
	at TempTestSuite1727470993707.run(TempTestSuite1727470993707.groovy:35)
	at java.base/jdk.internal.reflect.NativeMethodAccessorImpl.invoke0(Native Method)
	at java.base/jdk.internal.reflect.NativeMethodAccessorImpl.invoke(NativeMethodAccessorImpl.java:77)
	at java.base/jdk.internal.reflect.DelegatingMethodAccessorImpl.invoke(DelegatingMethodAccessorImpl.java:43)
Caused by: com.kms.katalon.core.webui.exception.WebElementNotFoundException: Web element with id: 'Object Repository/Specific Cases Repository/LS/Calendar/Calendar_Events/Calendar_Events_Creation/Appointment/Page_Calendar/a_Automation Test with A Automation, A Clie_8f5a4c' located by 'a >> internal:has-text="Automation Test with A Automation, A Client MR# 24-11006: 5 Panel Drug Screen"i' not found
	at com.kms.katalon.core.webui.common.WebUiCommonHelper.findWebElement(WebUiCommonHelper.java:1419)
	at com.kms.katalon.core.webui.keyword.internal.WebUIAbstractKeyword.findWebElement(WebUIAbstractKeyword.groovy:27)
	at com.kms.katalon.core.webui.keyword.internal.WebUIAbstractKeyword.findWebElement(WebUIAbstractKeyword.groovy:26)
	at com.kms.katalon.core.webui.keyword.builtin.ScrollToElementKeyword$_scrollToElement_closure1.doCall(ScrollToElementKeyword.groovy:79)
	at com.kms.katalon.core.webui.keyword.builtin.ScrollToElementKeyword$_scrollToElement_closure1.call(ScrollToElementKeyword.groovy)
	at com.kms.katalon.core.webui.keyword.internal.WebUIKeywordMain.runKeyword(WebUIKeywordMain.groovy:35)
	... 20 more]]></system-out>
      <system-err><![CDATA[27-09-2024T16:03:16 - [TEST_SUITE][FAILED] - Calendar: Test Cases/Specific Cases/LS/General/Calendar/Present Events Creation/Calendar_Appointment FAILED.
Reason:
com.kms.katalon.core.exception.StepFailedException: Unable to scroll to object 'Object Repository/Specific Cases Repository/LS/Calendar/Calendar_Events/Calendar_Events_Creation/Appointment/Page_Calendar/a_Automation Test with A Automation, A Clie_8f5a4c'
	at com.kms.katalon.core.webui.keyword.internal.WebUIKeywordMain.stepFailed(WebUIKeywordMain.groovy:117)
	at com.kms.katalon.core.webui.keyword.internal.WebUIKeywordMain.runKeyword(WebUIKeywordMain.groovy:43)
	at com.kms.katalon.core.webui.keyword.builtin.ScrollToElementKeyword.scrollToElement(ScrollToElementKeyword.groovy:88)
	at com.kms.katalon.core.webui.keyword.builtin.ScrollToElementKeyword.execute(ScrollToElementKeyword.groovy:68)
	at com.kms.katalon.core.keyword.internal.KeywordExecutor.executeKeywordForPlatform(KeywordExecutor.groovy:74)
	at com.kms.katalon.core.webui.keyword.WebUiBuiltInKeywords.scrollToElement(WebUiBuiltInKeywords.groovy:4147)
	at Calendar_Appointment.run(Calendar_Appointment:82)
	at com.kms.katalon.core.main.ScriptEngine.run(ScriptEngine.java:194)
	at com.kms.katalon.core.main.ScriptEngine.runScriptAsRawText(ScriptEngine.java:119)
	at com.kms.katalon.core.main.TestCaseExecutor.runScript(TestCaseExecutor.java:448)
	at com.kms.katalon.core.main.TestCaseExecutor.doExecute(TestCaseExecutor.java:439)
	at com.kms.katalon.core.main.TestCaseExecutor.processExecutionPhase(TestCaseExecutor.java:418)
	at com.kms.katalon.core.main.TestCaseExecutor.accessMainPhase(TestCaseExecutor.java:410)
	at com.kms.katalon.core.main.TestCaseExecutor.execute(TestCaseExecutor.java:285)
	at com.kms.katalon.core.common.CommonExecutor.accessTestCaseMainPhase(CommonExecutor.java:65)
	at com.kms.katalon.core.main.TestSuiteExecutor.accessTestSuiteMainPhase(TestSuiteExecutor.java:150)
	at com.kms.katalon.core.main.TestSuiteExecutor.execute(TestSuiteExecutor.java:106)
	at com.kms.katalon.core.main.TestCaseMain.startTestSuite(TestCaseMain.java:180)
	at TempTestSuite1727470993707.run(TempTestSuite1727470993707.groovy:35)
	at java.base/jdk.internal.reflect.NativeMethodAccessorImpl.invoke0(Native Method)
	at java.base/jdk.internal.reflect.NativeMethodAccessorImpl.invoke(NativeMethodAccessorImpl.java:77)
	at java.base/jdk.internal.reflect.DelegatingMethodAccessorImpl.invoke(DelegatingMethodAccessorImpl.java:43)
Caused by: com.kms.katalon.core.webui.exception.WebElementNotFoundException: Web element with id: 'Object Repository/Specific Cases Repository/LS/Calendar/Calendar_Events/Calendar_Events_Creation/Appointment/Page_Calendar/a_Automation Test with A Automation, A Clie_8f5a4c' located by 'a >> internal:has-text="Automation Test with A Automation, A Client MR# 24-11006: 5 Panel Drug Screen"i' not found
	at com.kms.katalon.core.webui.common.WebUiCommonHelper.findWebElement(WebUiCommonHelper.java:1419)
	at com.kms.katalon.core.webui.keyword.internal.WebUIAbstractKeyword.findWebElement(WebUIAbstractKeyword.groovy:27)
	at com.kms.katalon.core.webui.keyword.internal.WebUIAbstractKeyword.findWebElement(WebUIAbstractKeyword.groovy:26)
	at com.kms.katalon.core.webui.keyword.builtin.ScrollToElementKeyword$_scrollToElement_closure1.doCall(ScrollToElementKeyword.groovy:79)
	at com.kms.katalon.core.webui.keyword.builtin.ScrollToElementKeyword$_scrollToElement_closure1.call(ScrollToElementKeyword.groovy)
	at com.kms.katalon.core.webui.keyword.internal.WebUIKeywordMain.runKeyword(WebUIKeywordMain.groovy:35)
	... 20 more]]></system-err>
   </testsuite>
</testsuites>
