<?xml version="1.0" encoding="UTF-8"?>
<testsuites name="Census" time="710.58" tests="11" failures="7" errors="0">
   <testsuite name="Census" tests="11" failures="7" errors="0" time="710.58" skipped="0" timestamp="21-01-2025T14:38:46" hostname="Enrique - Enrique" id="Test Suites/LS/Home/General/Census">
      <properties>
         <property name="deviceName" value=""/>
         <property name="devicePlatform"/>
         <property name="logFolder" value="C:\\Users\\Enrique\\git\\AUTOMATION_LS\\Reports\\20250121_143756\\LS\\Home\\General\\Census\\20250121_143759"/>
         <property name="logFiles" value="C:\\Users\\Enrique\\git\\AUTOMATION_LS\\Reports\\20250121_143756\\LS\\Home\\General\\Census\\20250121_143759\\execution0.log"/>
         <property name="attachments" value="C:\\Users\\Enrique\\git\\AUTOMATION_LS\\Reports\\20250121_143756\\LS\\Home\\General\\Census\\20250121_143759\\1737488420245.png, C:\\Users\\Enrique\\git\\AUTOMATION_LS\\Reports\\20250121_143756\\LS\\Home\\General\\Census\\20250121_143759\\1737488420389.png, C:\\Users\\Enrique\\git\\AUTOMATION_LS\\Reports\\20250121_143756\\LS\\Home\\General\\Census\\20250121_143759\\1737488467687.png, C:\\Users\\Enrique\\git\\AUTOMATION_LS\\Reports\\20250121_143756\\LS\\Home\\General\\Census\\20250121_143759\\1737488539295.png, C:\\Users\\Enrique\\git\\AUTOMATION_LS\\Reports\\20250121_143756\\LS\\Home\\General\\Census\\20250121_143759\\1737488607585.png, C:\\Users\\Enrique\\git\\AUTOMATION_LS\\Reports\\20250121_143756\\LS\\Home\\General\\Census\\20250121_143759\\1737488607946.png, C:\\Users\\Enrique\\git\\AUTOMATION_LS\\Reports\\20250121_143756\\LS\\Home\\General\\Census\\20250121_143759\\1737488742410.png, C:\\Users\\Enrique\\git\\AUTOMATION_LS\\Reports\\20250121_143756\\LS\\Home\\General\\Census\\20250121_143759\\1737488913143.png, C:\\Users\\Enrique\\git\\AUTOMATION_LS\\Reports\\20250121_143756\\LS\\Home\\General\\Census\\20250121_143759\\1737488913769.png, C:\\Users\\Enrique\\git\\AUTOMATION_LS\\Reports\\20250121_143756\\LS\\Home\\General\\Census\\20250121_143759\\1737489037163.png, C:\\Users\\Enrique\\git\\AUTOMATION_LS\\Reports\\20250121_143756\\LS\\Home\\General\\Census\\20250121_143759\\1737489037286.png"/>
         <property name="hostName" value="Enrique - Enrique"/>
         <property name="os" value="Windows 11 64bit"/>
         <property name="katalonVersion" value="9.7.3.223"/>
         <property name="browser" value="Chrome 131.0.0.0"/>
         <property name="hostAddress" value="192.168.100.147"/>
         <property name="sessionId" value="2465b617bb34860ce2caca013a7d31d7"/>
         <property name="seleniumVersion" value="3.141.59"/>
         <property name="proxyInformation" value="ProxyInformation { proxyOption=NO_PROXY, proxyServerType=HTTP, username=, password=********, proxyServerAddress=, proxyServerPort=0, executionList=&quot;&quot;, isApplyToDesiredCapabilities=true }"/>
         <property name="platform" value="Windows 11"/>
      </properties>
      <testcase name="Test Cases/Specific Cases/LS/General/Census/Census/Census_Location_Filter" time="92.142" classname="Test Cases/Specific Cases/LS/General/Census/Census/Census_Location_Filter" status="FAILED">
         <failure type="FAILED" message="Test Cases/Specific Cases/LS/General/Census/Census/Census_Location_Filter FAILED.&#xa;Reason:&#xa;com.kms.katalon.core.exception.StepFailedException: Verify element text of test object 'Object Repository/Specific Cases Repository/LS/Home/Census/Census_Filters/Page_Home/Page_Home/td_Cat Treatment Center' FAILED.&#xa;	at com.kms.katalon.core.webui.keyword.internal.WebUIKeywordMain.stepFailed(WebUIKeywordMain.groovy:117)&#xa;	at com.kms.katalon.core.webui.keyword.internal.WebUIKeywordMain.runKeyword(WebUIKeywordMain.groovy:43)&#xa;	at com.kms.katalon.core.webui.keyword.builtin.VerifyElementTextKeyword.verifyElementText(VerifyElementTextKeyword.groovy:72)&#xa;	at com.kms.katalon.core.webui.keyword.builtin.VerifyElementTextKeyword.execute(VerifyElementTextKeyword.groovy:40)&#xa;	at com.kms.katalon.core.keyword.internal.KeywordExecutor.executeKeywordForPlatform(KeywordExecutor.groovy:74)&#xa;	at com.kms.katalon.core.webui.keyword.WebUiBuiltInKeywords.verifyElementText(WebUiBuiltInKeywords.groovy:4835)&#xa;	at Census_Location_Filter.run(Census_Location_Filter:40)&#xa;	at com.kms.katalon.core.main.ScriptEngine.run(ScriptEngine.java:194)&#xa;	at com.kms.katalon.core.main.ScriptEngine.runScriptAsRawText(ScriptEngine.java:119)&#xa;	at com.kms.katalon.core.main.TestCaseExecutor.runScript(TestCaseExecutor.java:448)&#xa;	at com.kms.katalon.core.main.TestCaseExecutor.doExecute(TestCaseExecutor.java:439)&#xa;	at com.kms.katalon.core.main.TestCaseExecutor.processExecutionPhase(TestCaseExecutor.java:418)&#xa;	at com.kms.katalon.core.main.TestCaseExecutor.accessMainPhase(TestCaseExecutor.java:410)&#xa;	at com.kms.katalon.core.main.TestCaseExecutor.execute(TestCaseExecutor.java:285)&#xa;	at com.kms.katalon.core.common.CommonExecutor.accessTestCaseMainPhase(CommonExecutor.java:65)&#xa;	at com.kms.katalon.core.main.TestSuiteExecutor.accessTestSuiteMainPhase(TestSuiteExecutor.java:150)&#xa;	at com.kms.katalon.core.main.TestSuiteExecutor.execute(TestSuiteExecutor.java:106)&#xa;	at com.kms.katalon.core.main.TestCaseMain.startTestSuite(TestCaseMain.java:180)&#xa;	at TempTestSuite1737488279906.run(TempTestSuite1737488279906.groovy:35)&#xa;	at java.base/jdk.internal.reflect.NativeMethodAccessorImpl.invoke0(Native Method)&#xa;	at java.base/jdk.internal.reflect.NativeMethodAccessorImpl.invoke(NativeMethodAccessorImpl.java:77)&#xa;	at java.base/jdk.internal.reflect.DelegatingMethodAccessorImpl.invoke(DelegatingMethodAccessorImpl.java:43)&#xa;Caused by: com.kms.katalon.core.exception.StepFailedException: Actual text '' and expected text 'Cat Treatment Center' of test object 'Object Repository/Specific Cases Repository/LS/Home/Census/Census_Filters/Page_Home/Page_Home/td_Cat Treatment Center' are NOT matched.&#xa;	at com.kms.katalon.core.webui.keyword.internal.WebUIKeywordMain.stepFailed(WebUIKeywordMain.groovy:117)&#xa;	at com.kms.katalon.core.webui.keyword.builtin.VerifyElementTextKeyword$_verifyElementText_closure1.doCall(VerifyElementTextKeyword.groovy:57)&#xa;	at com.kms.katalon.core.webui.keyword.builtin.VerifyElementTextKeyword$_verifyElementText_closure1.call(VerifyElementTextKeyword.groovy)&#xa;	at com.kms.katalon.core.webui.keyword.internal.WebUIKeywordMain.runKeyword(WebUIKeywordMain.groovy:35)&#xa;	... 20 more&#xa;"/>
         <system-out><![CDATA[21-01-2025T14:38:48 - [TEST_CASE][FAILED] - Test Cases/Specific Cases/LS/General/Census/Census/Census_Location_Filter: Test Cases/Specific Cases/LS/General/Census/Census/Census_Location_Filter FAILED.
Reason:
com.kms.katalon.core.exception.StepFailedException: Verify element text of test object 'Object Repository/Specific Cases Repository/LS/Home/Census/Census_Filters/Page_Home/Page_Home/td_Cat Treatment Center' FAILED.
	at com.kms.katalon.core.webui.keyword.internal.WebUIKeywordMain.stepFailed(WebUIKeywordMain.groovy:117)
	at com.kms.katalon.core.webui.keyword.internal.WebUIKeywordMain.runKeyword(WebUIKeywordMain.groovy:43)
	at com.kms.katalon.core.webui.keyword.builtin.VerifyElementTextKeyword.verifyElementText(VerifyElementTextKeyword.groovy:72)
	at com.kms.katalon.core.webui.keyword.builtin.VerifyElementTextKeyword.execute(VerifyElementTextKeyword.groovy:40)
	at com.kms.katalon.core.keyword.internal.KeywordExecutor.executeKeywordForPlatform(KeywordExecutor.groovy:74)
	at com.kms.katalon.core.webui.keyword.WebUiBuiltInKeywords.verifyElementText(WebUiBuiltInKeywords.groovy:4835)
	at Census_Location_Filter.run(Census_Location_Filter:40)
	at com.kms.katalon.core.main.ScriptEngine.run(ScriptEngine.java:194)
	at com.kms.katalon.core.main.ScriptEngine.runScriptAsRawText(ScriptEngine.java:119)
	at com.kms.katalon.core.main.TestCaseExecutor.runScript(TestCaseExecutor.java:448)
	at com.kms.katalon.core.main.TestCaseExecutor.doExecute(TestCaseExecutor.java:439)
	at com.kms.katalon.core.main.TestCaseExecutor.processExecutionPhase(TestCaseExecutor.java:418)
	at com.kms.katalon.core.main.TestCaseExecutor.accessMainPhase(TestCaseExecutor.java:410)
	at com.kms.katalon.core.main.TestCaseExecutor.execute(TestCaseExecutor.java:285)
	at com.kms.katalon.core.common.CommonExecutor.accessTestCaseMainPhase(CommonExecutor.java:65)
	at com.kms.katalon.core.main.TestSuiteExecutor.accessTestSuiteMainPhase(TestSuiteExecutor.java:150)
	at com.kms.katalon.core.main.TestSuiteExecutor.execute(TestSuiteExecutor.java:106)
	at com.kms.katalon.core.main.TestCaseMain.startTestSuite(TestCaseMain.java:180)
	at TempTestSuite1737488279906.run(TempTestSuite1737488279906.groovy:35)
	at java.base/jdk.internal.reflect.NativeMethodAccessorImpl.invoke0(Native Method)
	at java.base/jdk.internal.reflect.NativeMethodAccessorImpl.invoke(NativeMethodAccessorImpl.java:77)
	at java.base/jdk.internal.reflect.DelegatingMethodAccessorImpl.invoke(DelegatingMethodAccessorImpl.java:43)
Caused by: com.kms.katalon.core.exception.StepFailedException: Actual text '' and expected text 'Cat Treatment Center' of test object 'Object Repository/Specific Cases Repository/LS/Home/Census/Census_Filters/Page_Home/Page_Home/td_Cat Treatment Center' are NOT matched.
	at com.kms.katalon.core.webui.keyword.internal.WebUIKeywordMain.stepFailed(WebUIKeywordMain.groovy:117)
	at com.kms.katalon.core.webui.keyword.builtin.VerifyElementTextKeyword$_verifyElementText_closure1.doCall(VerifyElementTextKeyword.groovy:57)
	at com.kms.katalon.core.webui.keyword.builtin.VerifyElementTextKeyword$_verifyElementText_closure1.call(VerifyElementTextKeyword.groovy)
	at com.kms.katalon.core.webui.keyword.internal.WebUIKeywordMain.runKeyword(WebUIKeywordMain.groovy:35)
	... 20 more


21-01-2025T14:38:51 - [TEST_STEP][PASSED] - callTestCase(findTestCase("Common Cases/Login"), [:], STOP_ON_FAILURE): Call Test Case 'Test Cases/Common Cases/Login' successfully

21-01-2025T14:38:52 - [TEST_CASE][PASSED] - Test Cases/Common Cases/Login: Test Cases/Common Cases/Login

21-01-2025T14:38:52 - [TEST_STEP][PASSED] - openBrowser(""): Browser is opened with url: ''

21-01-2025T14:38:53 - [MESSAGE][INFO] - Starting 'Chrome' driver

21-01-2025T14:38:54 - [MESSAGE][INFO] - Action delay is set to 0 milliseconds

21-01-2025T14:39:04 - [MESSAGE][PASSED] - Browser is opened with url: ''

21-01-2025T14:39:04 - [TEST_STEP][PASSED] - maximizeWindow(): Current window maximized

21-01-2025T14:39:05 - [MESSAGE][PASSED] - Current window maximized

21-01-2025T14:39:05 - [TEST_STEP][PASSED] - navigateToUrl("https://site17.lsapp.cloud/auth/login"): Navigate to 'https://site17.lsapp.cloud/auth/login' successfully

21-01-2025T14:39:11 - [MESSAGE][PASSED] - Navigate to 'https://site17.lsapp.cloud/auth/login' successfully

21-01-2025T14:39:11 - [TEST_STEP][PASSED] - setText(findTestObject("Object Repository/Common Cases Repository/Login/Page_Lightning Step/input_Email_email"), "automation@lightningstep.com"): Text 'automation@lightningstep.com' is set on object 'Object Repository/Common Cases Repository/Login/Page_Lightning Step/input_Email_email'

21-01-2025T14:39:15 - [MESSAGE][PASSED] - Text 'automation@lightningstep.com' is set on object 'Object Repository/Common Cases Repository/Login/Page_Lightning Step/input_Email_email'

21-01-2025T14:39:15 - [TEST_STEP][PASSED] - setEncryptedText(findTestObject("Object Repository/Common Cases Repository/Login/Page_Lightning Step/input_Password_password"), "e5N8VHmnhJDITtQaQhDQDw=="): Text ****** has been set on object 'Object Repository/Common Cases Repository/Login/Page_Lightning Step/input_Password_password'

21-01-2025T14:39:16 - [MESSAGE][PASSED] - Text ****** has been set on object 'Object Repository/Common Cases Repository/Login/Page_Lightning Step/input_Password_password'

21-01-2025T14:39:16 - [TEST_STEP][PASSED] - click(findTestObject("Object Repository/Common Cases Repository/Login/Page_Lightning Step/button_Sign in")): Object: 'Object Repository/Common Cases Repository/Login/Page_Lightning Step/button_Sign in' is clicked on

21-01-2025T14:39:34 - [MESSAGE][PASSED] - Object: 'Object Repository/Common Cases Repository/Login/Page_Lightning Step/button_Sign in' is clicked on

21-01-2025T14:39:34 - [MESSAGE][PASSED] - Call Test Case 'Test Cases/Common Cases/Login' successfully

21-01-2025T14:39:34 - [TEST_STEP][PASSED] - click(findTestObject("Object Repository/Specific Cases Repository/LS/Home/Census/Census_Filters/Page_Home/Page_Home/a_Census")): Object: 'Object Repository/Specific Cases Repository/LS/Home/Census/Census_Filters/Page_Home/Page_Home/a_Census' is clicked on

21-01-2025T14:39:36 - [MESSAGE][PASSED] - Object: 'Object Repository/Specific Cases Repository/LS/Home/Census/Census_Filters/Page_Home/Page_Home/a_Census' is clicked on

21-01-2025T14:39:36 - [TEST_STEP][PASSED] - click(findTestObject("Object Repository/Specific Cases Repository/LS/Home/Census/Census_Filters/Page_Home/Program_Filter/Page_Home/ul_All")): Object: 'Object Repository/Specific Cases Repository/LS/Home/Census/Census_Filters/Page_Home/Program_Filter/Page_Home/ul_All' is clicked on

21-01-2025T14:39:41 - [MESSAGE][PASSED] - Object: 'Object Repository/Specific Cases Repository/LS/Home/Census/Census_Filters/Page_Home/Program_Filter/Page_Home/ul_All' is clicked on

21-01-2025T14:39:41 - [TEST_STEP][PASSED] - setText(findTestObject("Object Repository/Specific Cases Repository/LS/Home/Census/Census_Filters/Page_Home/Program_Filter/Page_Home/input__select2-search__field"), "all"): Text 'all' is set on object 'Object Repository/Specific Cases Repository/LS/Home/Census/Census_Filters/Page_Home/Program_Filter/Page_Home/input__select2-search__field'

21-01-2025T14:39:43 - [MESSAGE][PASSED] - Text 'all' is set on object 'Object Repository/Specific Cases Repository/LS/Home/Census/Census_Filters/Page_Home/Program_Filter/Page_Home/input__select2-search__field'

21-01-2025T14:39:43 - [TEST_STEP][PASSED] - sendKeys(findTestObject("Object Repository/Specific Cases Repository/LS/Home/Census/Census_Filters/Page_Home/Program_Filter/Page_Home/input__select2-search__field"), Keys.chord(ENTER)): Keys 'ENTER + ' sent to object: 'Object Repository/Specific Cases Repository/LS/Home/Census/Census_Filters/Page_Home/Program_Filter/Page_Home/input__select2-search__field'

21-01-2025T14:39:44 - [MESSAGE][PASSED] - Keys 'ENTER + ' sent to object: 'Object Repository/Specific Cases Repository/LS/Home/Census/Census_Filters/Page_Home/Program_Filter/Page_Home/input__select2-search__field'

21-01-2025T14:39:44 - [TEST_STEP][PASSED] - click(findTestObject("Object Repository/Specific Cases Repository/LS/Home/Census/Census_Filters/Page_Home/Page_Home/ul_All")): Object: 'Object Repository/Specific Cases Repository/LS/Home/Census/Census_Filters/Page_Home/Page_Home/ul_All' is clicked on

21-01-2025T14:39:45 - [MESSAGE][PASSED] - Object: 'Object Repository/Specific Cases Repository/LS/Home/Census/Census_Filters/Page_Home/Page_Home/ul_All' is clicked on

21-01-2025T14:39:45 - [TEST_STEP][PASSED] - setText(findTestObject("Object Repository/Specific Cases Repository/LS/Home/Census/Census_Filters/Page_Home/Page_Home/Location Filter"), "all"): Text 'all' is set on object 'Object Repository/Specific Cases Repository/LS/Home/Census/Census_Filters/Page_Home/Page_Home/Location Filter'

21-01-2025T14:39:46 - [MESSAGE][PASSED] - Text 'all' is set on object 'Object Repository/Specific Cases Repository/LS/Home/Census/Census_Filters/Page_Home/Page_Home/Location Filter'

21-01-2025T14:39:46 - [TEST_STEP][PASSED] - sendKeys(findTestObject("Object Repository/Specific Cases Repository/LS/Home/Census/Census_Filters/Page_Home/Page_Home/Location Filter"), Keys.chord(ENTER)): Keys 'ENTER + ' sent to object: 'Object Repository/Specific Cases Repository/LS/Home/Census/Census_Filters/Page_Home/Page_Home/Location Filter'

21-01-2025T14:39:47 - [MESSAGE][PASSED] - Keys 'ENTER + ' sent to object: 'Object Repository/Specific Cases Repository/LS/Home/Census/Census_Filters/Page_Home/Page_Home/Location Filter'

21-01-2025T14:39:47 - [TEST_STEP][FAILED] - verifyElementText(findTestObject("Object Repository/Specific Cases Repository/LS/Home/Census/Census_Filters/Page_Home/Page_Home/td_Cat Treatment Center"), "Cat Treatment Center"): Verify element text of test object 'Object Repository/Specific Cases Repository/LS/Home/Census/Census_Filters/Page_Home/Page_Home/td_Cat Treatment Center' FAILED. (Root cause: com.kms.katalon.core.exception.StepFailedException: Verify element text of test object 'Object Repository/Specific Cases Repository/LS/Home/Census/Census_Filters/Page_Home/Page_Home/td_Cat Treatment Center' FAILED.
	at com.kms.katalon.core.webui.keyword.internal.WebUIKeywordMain.stepFailed(WebUIKeywordMain.groovy:117)
	at com.kms.katalon.core.webui.keyword.internal.WebUIKeywordMain.runKeyword(WebUIKeywordMain.groovy:43)
	at com.kms.katalon.core.webui.keyword.builtin.VerifyElementTextKeyword.verifyElementText(VerifyElementTextKeyword.groovy:72)
	at com.kms.katalon.core.webui.keyword.builtin.VerifyElementTextKeyword.execute(VerifyElementTextKeyword.groovy:40)
	at com.kms.katalon.core.keyword.internal.KeywordExecutor.executeKeywordForPlatform(KeywordExecutor.groovy:74)
	at com.kms.katalon.core.webui.keyword.WebUiBuiltInKeywords.verifyElementText(WebUiBuiltInKeywords.groovy:4835)
	at Census_Location_Filter.run(Census_Location_Filter:40)
	at com.kms.katalon.core.main.ScriptEngine.run(ScriptEngine.java:194)
	at com.kms.katalon.core.main.ScriptEngine.runScriptAsRawText(ScriptEngine.java:119)
	at com.kms.katalon.core.main.TestCaseExecutor.runScript(TestCaseExecutor.java:448)
	at com.kms.katalon.core.main.TestCaseExecutor.doExecute(TestCaseExecutor.java:439)
	at com.kms.katalon.core.main.TestCaseExecutor.processExecutionPhase(TestCaseExecutor.java:418)
	at com.kms.katalon.core.main.TestCaseExecutor.accessMainPhase(TestCaseExecutor.java:410)
	at com.kms.katalon.core.main.TestCaseExecutor.execute(TestCaseExecutor.java:285)
	at com.kms.katalon.core.common.CommonExecutor.accessTestCaseMainPhase(CommonExecutor.java:65)
	at com.kms.katalon.core.main.TestSuiteExecutor.accessTestSuiteMainPhase(TestSuiteExecutor.java:150)
	at com.kms.katalon.core.main.TestSuiteExecutor.execute(TestSuiteExecutor.java:106)
	at com.kms.katalon.core.main.TestCaseMain.startTestSuite(TestCaseMain.java:180)
	at TempTestSuite1737488279906.run(TempTestSuite1737488279906.groovy:35)
	at java.base/jdk.internal.reflect.NativeMethodAccessorImpl.invoke0(Native Method)
	at java.base/jdk.internal.reflect.NativeMethodAccessorImpl.invoke(NativeMethodAccessorImpl.java:77)
	at java.base/jdk.internal.reflect.DelegatingMethodAccessorImpl.invoke(DelegatingMethodAccessorImpl.java:43)
Caused by: com.kms.katalon.core.exception.StepFailedException: Actual text '' and expected text 'Cat Treatment Center' of test object 'Object Repository/Specific Cases Repository/LS/Home/Census/Census_Filters/Page_Home/Page_Home/td_Cat Treatment Center' are NOT matched.
	at com.kms.katalon.core.webui.keyword.internal.WebUIKeywordMain.stepFailed(WebUIKeywordMain.groovy:117)
	at com.kms.katalon.core.webui.keyword.builtin.VerifyElementTextKeyword$_verifyElementText_closure1.doCall(VerifyElementTextKeyword.groovy:57)
	at com.kms.katalon.core.webui.keyword.builtin.VerifyElementTextKeyword$_verifyElementText_closure1.call(VerifyElementTextKeyword.groovy)
	at com.kms.katalon.core.webui.keyword.internal.WebUIKeywordMain.runKeyword(WebUIKeywordMain.groovy:35)
	... 20 more
)

21-01-2025T14:40:18 - [MESSAGE][INFO] - Unable to find the element located by 'By.xpath: //td[normalize-space()='Cat Treatment Center']'. Please recheck the objects properties to make sure the desired element is located. 

21-01-2025T14:40:18 - [MESSAGE][WARNING] - [SELF-HEALING] Failed to find element with id 'Object Repository/Specific Cases Repository/LS/Home/Census/Census_Filters/Page_Home/Page_Home/td_Cat Treatment Center'. Try using Self-healing.

21-01-2025T14:40:18 - [MESSAGE][INFO] - [SELF-HEALING] Failed Locator: '//table[@id='tblclients']/tbody/tr/td[7]'.

21-01-2025T14:40:19 - [MESSAGE][INFO] - [SELF-HEALING] Failed Locator: '(.//*[normalize-space(text()) and normalize-space(.)='Detoxification'])[2]/following::td[1]'.

21-01-2025T14:40:19 - [MESSAGE][INFO] - [SELF-HEALING] Failed Locator: '(.//*[normalize-space(text()) and normalize-space(.)='A Automation, A Client'])[1]/following::td[6]'.

21-01-2025T14:40:19 - [MESSAGE][INFO] - [SELF-HEALING] Failed Locator: '(.//*[normalize-space(text()) and normalize-space(.)='Unassigned'])[1]/preceding::td[1]'.

21-01-2025T14:40:19 - [MESSAGE][INFO] - [SELF-HEALING] Working Locator: '(.//*[normalize-space(text()) and normalize-space(.)='Private Pay'])[1]/preceding::td[6]'.

21-01-2025T14:40:20 - [MESSAGE][INFO] - [SELF-HEALING] Screenshot: C:/Users/Enrique/git/AUTOMATION_LS/Reports/Self-healing/Object Repository/Specific Cases Repository/LS/Home/Census/Census_Filters/Page_Home/Page_Home/td_Cat Treatment Center_neighbor.png

21-01-2025T14:40:20 - [MESSAGE][WARNING] - [SELF-HEALING] The current locator of test object 'Object Repository/Specific Cases Repository/LS/Home/Census/Census_Filters/Page_Home/Page_Home/td_Cat Treatment Center' was broken. Propose an alternative one: '(.//*[normalize-space(text()) and normalize-space(.)='Private Pay'])[1]/preceding::td[6]'.

21-01-2025T14:40:20 - [MESSAGE][FAILED] - Actual text '' and expected text 'Cat Treatment Center' of test object 'Object Repository/Specific Cases Repository/LS/Home/Census/Census_Filters/Page_Home/Page_Home/td_Cat Treatment Center' are NOT matched. (Root cause: com.kms.katalon.core.exception.StepFailedException: Actual text '' and expected text 'Cat Treatment Center' of test object 'Object Repository/Specific Cases Repository/LS/Home/Census/Census_Filters/Page_Home/Page_Home/td_Cat Treatment Center' are NOT matched.
	at com.kms.katalon.core.webui.keyword.internal.WebUIKeywordMain.stepFailed(WebUIKeywordMain.groovy:117)
	at com.kms.katalon.core.webui.keyword.builtin.VerifyElementTextKeyword$_verifyElementText_closure1.doCall(VerifyElementTextKeyword.groovy:57)
	at com.kms.katalon.core.webui.keyword.builtin.VerifyElementTextKeyword$_verifyElementText_closure1.call(VerifyElementTextKeyword.groovy)
	at com.kms.katalon.core.webui.keyword.internal.WebUIKeywordMain.runKeyword(WebUIKeywordMain.groovy:35)
	at com.kms.katalon.core.webui.keyword.builtin.VerifyElementTextKeyword.verifyElementText(VerifyElementTextKeyword.groovy:72)
	at com.kms.katalon.core.webui.keyword.builtin.VerifyElementTextKeyword.execute(VerifyElementTextKeyword.groovy:40)
	at com.kms.katalon.core.keyword.internal.KeywordExecutor.executeKeywordForPlatform(KeywordExecutor.groovy:74)
	at com.kms.katalon.core.webui.keyword.WebUiBuiltInKeywords.verifyElementText(WebUiBuiltInKeywords.groovy:4835)
	at Census_Location_Filter.run(Census_Location_Filter:40)
	at com.kms.katalon.core.main.ScriptEngine.run(ScriptEngine.java:194)
	at com.kms.katalon.core.main.ScriptEngine.runScriptAsRawText(ScriptEngine.java:119)
	at com.kms.katalon.core.main.TestCaseExecutor.runScript(TestCaseExecutor.java:448)
	at com.kms.katalon.core.main.TestCaseExecutor.doExecute(TestCaseExecutor.java:439)
	at com.kms.katalon.core.main.TestCaseExecutor.processExecutionPhase(TestCaseExecutor.java:418)
	at com.kms.katalon.core.main.TestCaseExecutor.accessMainPhase(TestCaseExecutor.java:410)
	at com.kms.katalon.core.main.TestCaseExecutor.execute(TestCaseExecutor.java:285)
	at com.kms.katalon.core.common.CommonExecutor.accessTestCaseMainPhase(CommonExecutor.java:65)
	at com.kms.katalon.core.main.TestSuiteExecutor.accessTestSuiteMainPhase(TestSuiteExecutor.java:150)
	at com.kms.katalon.core.main.TestSuiteExecutor.execute(TestSuiteExecutor.java:106)
	at com.kms.katalon.core.main.TestCaseMain.startTestSuite(TestCaseMain.java:180)
	at TempTestSuite1737488279906.run(TempTestSuite1737488279906.groovy:35)
	at java.base/jdk.internal.reflect.NativeMethodAccessorImpl.invoke0(Native Method)
	at java.base/jdk.internal.reflect.NativeMethodAccessorImpl.invoke(NativeMethodAccessorImpl.java:77)
	at java.base/jdk.internal.reflect.DelegatingMethodAccessorImpl.invoke(DelegatingMethodAccessorImpl.java:43)
)
[[ATTACHMENT|C:\\Users\\Enrique\\git\\AUTOMATION_LS\\Reports\\20250121_143756\\LS\\Home\\General\\Census\\20250121_143759\\1737488420245.png]]

21-01-2025T14:40:20 - [MESSAGE][FAILED] - Verify element text of test object 'Object Repository/Specific Cases Repository/LS/Home/Census/Census_Filters/Page_Home/Page_Home/td_Cat Treatment Center' FAILED. (Root cause: com.kms.katalon.core.exception.StepFailedException: Verify element text of test object 'Object Repository/Specific Cases Repository/LS/Home/Census/Census_Filters/Page_Home/Page_Home/td_Cat Treatment Center' FAILED.
	at com.kms.katalon.core.webui.keyword.internal.WebUIKeywordMain.stepFailed(WebUIKeywordMain.groovy:117)
	at com.kms.katalon.core.webui.keyword.internal.WebUIKeywordMain.runKeyword(WebUIKeywordMain.groovy:43)
	at com.kms.katalon.core.webui.keyword.builtin.VerifyElementTextKeyword.verifyElementText(VerifyElementTextKeyword.groovy:72)
	at com.kms.katalon.core.webui.keyword.builtin.VerifyElementTextKeyword.execute(VerifyElementTextKeyword.groovy:40)
	at com.kms.katalon.core.keyword.internal.KeywordExecutor.executeKeywordForPlatform(KeywordExecutor.groovy:74)
	at com.kms.katalon.core.webui.keyword.WebUiBuiltInKeywords.verifyElementText(WebUiBuiltInKeywords.groovy:4835)
	at Census_Location_Filter.run(Census_Location_Filter:40)
	at com.kms.katalon.core.main.ScriptEngine.run(ScriptEngine.java:194)
	at com.kms.katalon.core.main.ScriptEngine.runScriptAsRawText(ScriptEngine.java:119)
	at com.kms.katalon.core.main.TestCaseExecutor.runScript(TestCaseExecutor.java:448)
	at com.kms.katalon.core.main.TestCaseExecutor.doExecute(TestCaseExecutor.java:439)
	at com.kms.katalon.core.main.TestCaseExecutor.processExecutionPhase(TestCaseExecutor.java:418)
	at com.kms.katalon.core.main.TestCaseExecutor.accessMainPhase(TestCaseExecutor.java:410)
	at com.kms.katalon.core.main.TestCaseExecutor.execute(TestCaseExecutor.java:285)
	at com.kms.katalon.core.common.CommonExecutor.accessTestCaseMainPhase(CommonExecutor.java:65)
	at com.kms.katalon.core.main.TestSuiteExecutor.accessTestSuiteMainPhase(TestSuiteExecutor.java:150)
	at com.kms.katalon.core.main.TestSuiteExecutor.execute(TestSuiteExecutor.java:106)
	at com.kms.katalon.core.main.TestCaseMain.startTestSuite(TestCaseMain.java:180)
	at TempTestSuite1737488279906.run(TempTestSuite1737488279906.groovy:35)
	at java.base/jdk.internal.reflect.NativeMethodAccessorImpl.invoke0(Native Method)
	at java.base/jdk.internal.reflect.NativeMethodAccessorImpl.invoke(NativeMethodAccessorImpl.java:77)
	at java.base/jdk.internal.reflect.DelegatingMethodAccessorImpl.invoke(DelegatingMethodAccessorImpl.java:43)
Caused by: com.kms.katalon.core.exception.StepFailedException: Actual text '' and expected text 'Cat Treatment Center' of test object 'Object Repository/Specific Cases Repository/LS/Home/Census/Census_Filters/Page_Home/Page_Home/td_Cat Treatment Center' are NOT matched.
	at com.kms.katalon.core.webui.keyword.internal.WebUIKeywordMain.stepFailed(WebUIKeywordMain.groovy:117)
	at com.kms.katalon.core.webui.keyword.builtin.VerifyElementTextKeyword$_verifyElementText_closure1.doCall(VerifyElementTextKeyword.groovy:57)
	at com.kms.katalon.core.webui.keyword.builtin.VerifyElementTextKeyword$_verifyElementText_closure1.call(VerifyElementTextKeyword.groovy)
	at com.kms.katalon.core.webui.keyword.internal.WebUIKeywordMain.runKeyword(WebUIKeywordMain.groovy:35)
	... 20 more
)
[[ATTACHMENT|C:\\Users\\Enrique\\git\\AUTOMATION_LS\\Reports\\20250121_143756\\LS\\Home\\General\\Census\\20250121_143759\\1737488420389.png]]]]></system-out>
         <system-err><![CDATA[21-01-2025T14:38:48 - [TEST_CASE][FAILED] - Test Cases/Specific Cases/LS/General/Census/Census/Census_Location_Filter: Test Cases/Specific Cases/LS/General/Census/Census/Census_Location_Filter FAILED.
Reason:
com.kms.katalon.core.exception.StepFailedException: Verify element text of test object 'Object Repository/Specific Cases Repository/LS/Home/Census/Census_Filters/Page_Home/Page_Home/td_Cat Treatment Center' FAILED.
	at com.kms.katalon.core.webui.keyword.internal.WebUIKeywordMain.stepFailed(WebUIKeywordMain.groovy:117)
	at com.kms.katalon.core.webui.keyword.internal.WebUIKeywordMain.runKeyword(WebUIKeywordMain.groovy:43)
	at com.kms.katalon.core.webui.keyword.builtin.VerifyElementTextKeyword.verifyElementText(VerifyElementTextKeyword.groovy:72)
	at com.kms.katalon.core.webui.keyword.builtin.VerifyElementTextKeyword.execute(VerifyElementTextKeyword.groovy:40)
	at com.kms.katalon.core.keyword.internal.KeywordExecutor.executeKeywordForPlatform(KeywordExecutor.groovy:74)
	at com.kms.katalon.core.webui.keyword.WebUiBuiltInKeywords.verifyElementText(WebUiBuiltInKeywords.groovy:4835)
	at Census_Location_Filter.run(Census_Location_Filter:40)
	at com.kms.katalon.core.main.ScriptEngine.run(ScriptEngine.java:194)
	at com.kms.katalon.core.main.ScriptEngine.runScriptAsRawText(ScriptEngine.java:119)
	at com.kms.katalon.core.main.TestCaseExecutor.runScript(TestCaseExecutor.java:448)
	at com.kms.katalon.core.main.TestCaseExecutor.doExecute(TestCaseExecutor.java:439)
	at com.kms.katalon.core.main.TestCaseExecutor.processExecutionPhase(TestCaseExecutor.java:418)
	at com.kms.katalon.core.main.TestCaseExecutor.accessMainPhase(TestCaseExecutor.java:410)
	at com.kms.katalon.core.main.TestCaseExecutor.execute(TestCaseExecutor.java:285)
	at com.kms.katalon.core.common.CommonExecutor.accessTestCaseMainPhase(CommonExecutor.java:65)
	at com.kms.katalon.core.main.TestSuiteExecutor.accessTestSuiteMainPhase(TestSuiteExecutor.java:150)
	at com.kms.katalon.core.main.TestSuiteExecutor.execute(TestSuiteExecutor.java:106)
	at com.kms.katalon.core.main.TestCaseMain.startTestSuite(TestCaseMain.java:180)
	at TempTestSuite1737488279906.run(TempTestSuite1737488279906.groovy:35)
	at java.base/jdk.internal.reflect.NativeMethodAccessorImpl.invoke0(Native Method)
	at java.base/jdk.internal.reflect.NativeMethodAccessorImpl.invoke(NativeMethodAccessorImpl.java:77)
	at java.base/jdk.internal.reflect.DelegatingMethodAccessorImpl.invoke(DelegatingMethodAccessorImpl.java:43)
Caused by: com.kms.katalon.core.exception.StepFailedException: Actual text '' and expected text 'Cat Treatment Center' of test object 'Object Repository/Specific Cases Repository/LS/Home/Census/Census_Filters/Page_Home/Page_Home/td_Cat Treatment Center' are NOT matched.
	at com.kms.katalon.core.webui.keyword.internal.WebUIKeywordMain.stepFailed(WebUIKeywordMain.groovy:117)
	at com.kms.katalon.core.webui.keyword.builtin.VerifyElementTextKeyword$_verifyElementText_closure1.doCall(VerifyElementTextKeyword.groovy:57)
	at com.kms.katalon.core.webui.keyword.builtin.VerifyElementTextKeyword$_verifyElementText_closure1.call(VerifyElementTextKeyword.groovy)
	at com.kms.katalon.core.webui.keyword.internal.WebUIKeywordMain.runKeyword(WebUIKeywordMain.groovy:35)
	... 20 more]]></system-err>
      </testcase>
      <testcase name="Test Cases/Specific Cases/LS/General/Census/Census/Census_Program_Filter" time="47.579" classname="Test Cases/Specific Cases/LS/General/Census/Census/Census_Program_Filter" status="FAILED">
         <failure type="FAILED" message="Test Cases/Specific Cases/LS/General/Census/Census/Census_Program_Filter FAILED.&#xa;Reason:&#xa;com.kms.katalon.core.exception.StepFailedException: Call Test Case 'Test Cases/Common Cases/Login' failed&#xa;	at com.kms.katalon.core.keyword.builtin.CallTestCaseKeyword$_callTestCase_closure1.doCall(CallTestCaseKeyword.groovy:63)&#xa;	at com.kms.katalon.core.keyword.builtin.CallTestCaseKeyword$_callTestCase_closure1.call(CallTestCaseKeyword.groovy)&#xa;	at com.kms.katalon.core.keyword.internal.KeywordMain.runKeyword(KeywordMain.groovy:75)&#xa;	at com.kms.katalon.core.keyword.builtin.CallTestCaseKeyword.callTestCase(CallTestCaseKeyword.groovy:81)&#xa;	at com.kms.katalon.core.keyword.builtin.CallTestCaseKeyword.execute(CallTestCaseKeyword.groovy:44)&#xa;	at com.kms.katalon.core.keyword.internal.KeywordExecutor.executeKeywordForPlatform(KeywordExecutor.groovy:74)&#xa;	at com.kms.katalon.core.keyword.BuiltinKeywords.callTestCase(BuiltinKeywords.groovy:310)&#xa;	at java.base/jdk.internal.reflect.NativeMethodAccessorImpl.invoke0(Native Method)&#xa;	at java.base/jdk.internal.reflect.NativeMethodAccessorImpl.invoke(NativeMethodAccessorImpl.java:77)&#xa;	at java.base/jdk.internal.reflect.DelegatingMethodAccessorImpl.invoke(DelegatingMethodAccessorImpl.java:43)&#xa;	at Census_Program_Filter.run(Census_Program_Filter:20)&#xa;	at com.kms.katalon.core.main.ScriptEngine.run(ScriptEngine.java:194)&#xa;	at com.kms.katalon.core.main.ScriptEngine.runScriptAsRawText(ScriptEngine.java:119)&#xa;	at com.kms.katalon.core.main.TestCaseExecutor.runScript(TestCaseExecutor.java:448)&#xa;	at com.kms.katalon.core.main.TestCaseExecutor.doExecute(TestCaseExecutor.java:439)&#xa;	at com.kms.katalon.core.main.TestCaseExecutor.processExecutionPhase(TestCaseExecutor.java:418)&#xa;	at com.kms.katalon.core.main.TestCaseExecutor.accessMainPhase(TestCaseExecutor.java:410)&#xa;	at com.kms.katalon.core.main.TestCaseExecutor.execute(TestCaseExecutor.java:285)&#xa;	at com.kms.katalon.core.common.CommonExecutor.accessTestCaseMainPhase(CommonExecutor.java:65)&#xa;	at com.kms.katalon.core.main.TestSuiteExecutor.accessTestSuiteMainPhase(TestSuiteExecutor.java:150)&#xa;	at com.kms.katalon.core.main.TestSuiteExecutor.execute(TestSuiteExecutor.java:106)&#xa;	at com.kms.katalon.core.main.TestCaseMain.startTestSuite(TestCaseMain.java:180)&#xa;	at TempTestSuite1737488279906.run(TempTestSuite1737488279906.groovy:35)&#xa;	at java.base/jdk.internal.reflect.NativeMethodAccessorImpl.invoke0(Native Method)&#xa;	at java.base/jdk.internal.reflect.NativeMethodAccessorImpl.invoke(NativeMethodAccessorImpl.java:77)&#xa;	at java.base/jdk.internal.reflect.DelegatingMethodAccessorImpl.invoke(DelegatingMethodAccessorImpl.java:43)&#xa;Caused by: com.kms.katalon.core.exception.StepFailedException: Unable to set text 'automation@lightningstep.com' of object 'Object Repository/Common Cases Repository/Login/Page_Lightning Step/input_Email_email'&#xa;	at com.kms.katalon.core.webui.keyword.internal.WebUIKeywordMain.stepFailed(WebUIKeywordMain.groovy:117)&#xa;	at com.kms.katalon.core.webui.keyword.internal.WebUIKeywordMain.runKeyword(WebUIKeywordMain.groovy:43)&#xa;	at com.kms.katalon.core.webui.keyword.builtin.SetTextKeyword.setText(SetTextKeyword.groovy:85)&#xa;	at com.kms.katalon.core.webui.keyword.builtin.SetTextKeyword.execute(SetTextKeyword.groovy:39)&#xa;	at com.kms.katalon.core.keyword.internal.KeywordExecutor.executeKeywordForPlatform(KeywordExecutor.groovy:74)&#xa;	at com.kms.katalon.core.webui.keyword.WebUiBuiltInKeywords.setText(WebUiBuiltInKeywords.groovy:1019)&#xa;	at Login.run(Login:26)&#xa;	at com.kms.katalon.core.main.ScriptEngine.run(ScriptEngine.java:194)&#xa;	at com.kms.katalon.core.main.ScriptEngine.runScriptAsRawText(ScriptEngine.java:119)&#xa;	at com.kms.katalon.core.main.TestCaseExecutor.runScript(TestCaseExecutor.java:448)&#xa;	at com.kms.katalon.core.main.TestCaseExecutor.doExecute(TestCaseExecutor.java:439)&#xa;	at com.kms.katalon.core.main.TestCaseExecutor.processExecutionPhase(TestCaseExecutor.java:418)&#xa;	at com.kms.katalon.core.main.TestCaseExecutor.accessMainPhase(TestCaseExecutor.java:410)&#xa;	at com.kms.katalon.core.main.TestCaseExecutor.execute(TestCaseExecutor.java:285)&#xa;	at com.kms.katalon.core.main.TestCaseMain.runTestCase(TestCaseMain.java:137)&#xa;	at com.kms.katalon.core.keyword.builtin.CallTestCaseKeyword$_callTestCase_closure1.doCall(CallTestCaseKeyword.groovy:59)&#xa;	... 25 more&#xa;Caused by: com.kms.katalon.core.webui.exception.WebElementNotFoundException: Web element with id: 'Object Repository/Common Cases Repository/Login/Page_Lightning Step/input_Email_email' located by '//input[@id='email-input']' not found&#xa;	at com.kms.katalon.core.webui.common.WebUiCommonHelper.findWebElement(WebUiCommonHelper.java:1423)&#xa;	at com.kms.katalon.core.webui.keyword.internal.WebUIAbstractKeyword.findWebElement(WebUIAbstractKeyword.groovy:27)&#xa;	at com.kms.katalon.core.webui.keyword.internal.WebUIAbstractKeyword.findWebElement(WebUIAbstractKeyword.groovy:26)&#xa;	at com.kms.katalon.core.webui.keyword.builtin.SetTextKeyword$_setText_closure1.doCall(SetTextKeyword.groovy:53)&#xa;	at com.kms.katalon.core.webui.keyword.builtin.SetTextKeyword$_setText_closure1.call(SetTextKeyword.groovy)&#xa;	at com.kms.katalon.core.webui.keyword.internal.WebUIKeywordMain.runKeyword(WebUIKeywordMain.groovy:35)&#xa;	... 39 more&#xa;"/>
         <system-out><![CDATA[21-01-2025T14:40:20 - [TEST_CASE][FAILED] - Test Cases/Specific Cases/LS/General/Census/Census/Census_Program_Filter: Test Cases/Specific Cases/LS/General/Census/Census/Census_Program_Filter FAILED.
Reason:
com.kms.katalon.core.exception.StepFailedException: Call Test Case 'Test Cases/Common Cases/Login' failed
	at com.kms.katalon.core.keyword.builtin.CallTestCaseKeyword$_callTestCase_closure1.doCall(CallTestCaseKeyword.groovy:63)
	at com.kms.katalon.core.keyword.builtin.CallTestCaseKeyword$_callTestCase_closure1.call(CallTestCaseKeyword.groovy)
	at com.kms.katalon.core.keyword.internal.KeywordMain.runKeyword(KeywordMain.groovy:75)
	at com.kms.katalon.core.keyword.builtin.CallTestCaseKeyword.callTestCase(CallTestCaseKeyword.groovy:81)
	at com.kms.katalon.core.keyword.builtin.CallTestCaseKeyword.execute(CallTestCaseKeyword.groovy:44)
	at com.kms.katalon.core.keyword.internal.KeywordExecutor.executeKeywordForPlatform(KeywordExecutor.groovy:74)
	at com.kms.katalon.core.keyword.BuiltinKeywords.callTestCase(BuiltinKeywords.groovy:310)
	at java.base/jdk.internal.reflect.NativeMethodAccessorImpl.invoke0(Native Method)
	at java.base/jdk.internal.reflect.NativeMethodAccessorImpl.invoke(NativeMethodAccessorImpl.java:77)
	at java.base/jdk.internal.reflect.DelegatingMethodAccessorImpl.invoke(DelegatingMethodAccessorImpl.java:43)
	at Census_Program_Filter.run(Census_Program_Filter:20)
	at com.kms.katalon.core.main.ScriptEngine.run(ScriptEngine.java:194)
	at com.kms.katalon.core.main.ScriptEngine.runScriptAsRawText(ScriptEngine.java:119)
	at com.kms.katalon.core.main.TestCaseExecutor.runScript(TestCaseExecutor.java:448)
	at com.kms.katalon.core.main.TestCaseExecutor.doExecute(TestCaseExecutor.java:439)
	at com.kms.katalon.core.main.TestCaseExecutor.processExecutionPhase(TestCaseExecutor.java:418)
	at com.kms.katalon.core.main.TestCaseExecutor.accessMainPhase(TestCaseExecutor.java:410)
	at com.kms.katalon.core.main.TestCaseExecutor.execute(TestCaseExecutor.java:285)
	at com.kms.katalon.core.common.CommonExecutor.accessTestCaseMainPhase(CommonExecutor.java:65)
	at com.kms.katalon.core.main.TestSuiteExecutor.accessTestSuiteMainPhase(TestSuiteExecutor.java:150)
	at com.kms.katalon.core.main.TestSuiteExecutor.execute(TestSuiteExecutor.java:106)
	at com.kms.katalon.core.main.TestCaseMain.startTestSuite(TestCaseMain.java:180)
	at TempTestSuite1737488279906.run(TempTestSuite1737488279906.groovy:35)
	at java.base/jdk.internal.reflect.NativeMethodAccessorImpl.invoke0(Native Method)
	at java.base/jdk.internal.reflect.NativeMethodAccessorImpl.invoke(NativeMethodAccessorImpl.java:77)
	at java.base/jdk.internal.reflect.DelegatingMethodAccessorImpl.invoke(DelegatingMethodAccessorImpl.java:43)
Caused by: com.kms.katalon.core.exception.StepFailedException: Unable to set text 'automation@lightningstep.com' of object 'Object Repository/Common Cases Repository/Login/Page_Lightning Step/input_Email_email'
	at com.kms.katalon.core.webui.keyword.internal.WebUIKeywordMain.stepFailed(WebUIKeywordMain.groovy:117)
	at com.kms.katalon.core.webui.keyword.internal.WebUIKeywordMain.runKeyword(WebUIKeywordMain.groovy:43)
	at com.kms.katalon.core.webui.keyword.builtin.SetTextKeyword.setText(SetTextKeyword.groovy:85)
	at com.kms.katalon.core.webui.keyword.builtin.SetTextKeyword.execute(SetTextKeyword.groovy:39)
	at com.kms.katalon.core.keyword.internal.KeywordExecutor.executeKeywordForPlatform(KeywordExecutor.groovy:74)
	at com.kms.katalon.core.webui.keyword.WebUiBuiltInKeywords.setText(WebUiBuiltInKeywords.groovy:1019)
	at Login.run(Login:26)
	at com.kms.katalon.core.main.ScriptEngine.run(ScriptEngine.java:194)
	at com.kms.katalon.core.main.ScriptEngine.runScriptAsRawText(ScriptEngine.java:119)
	at com.kms.katalon.core.main.TestCaseExecutor.runScript(TestCaseExecutor.java:448)
	at com.kms.katalon.core.main.TestCaseExecutor.doExecute(TestCaseExecutor.java:439)
	at com.kms.katalon.core.main.TestCaseExecutor.processExecutionPhase(TestCaseExecutor.java:418)
	at com.kms.katalon.core.main.TestCaseExecutor.accessMainPhase(TestCaseExecutor.java:410)
	at com.kms.katalon.core.main.TestCaseExecutor.execute(TestCaseExecutor.java:285)
	at com.kms.katalon.core.main.TestCaseMain.runTestCase(TestCaseMain.java:137)
	at com.kms.katalon.core.keyword.builtin.CallTestCaseKeyword$_callTestCase_closure1.doCall(CallTestCaseKeyword.groovy:59)
	... 25 more
Caused by: com.kms.katalon.core.webui.exception.WebElementNotFoundException: Web element with id: 'Object Repository/Common Cases Repository/Login/Page_Lightning Step/input_Email_email' located by '//input[@id='email-input']' not found
	at com.kms.katalon.core.webui.common.WebUiCommonHelper.findWebElement(WebUiCommonHelper.java:1423)
	at com.kms.katalon.core.webui.keyword.internal.WebUIAbstractKeyword.findWebElement(WebUIAbstractKeyword.groovy:27)
	at com.kms.katalon.core.webui.keyword.internal.WebUIAbstractKeyword.findWebElement(WebUIAbstractKeyword.groovy:26)
	at com.kms.katalon.core.webui.keyword.builtin.SetTextKeyword$_setText_closure1.doCall(SetTextKeyword.groovy:53)
	at com.kms.katalon.core.webui.keyword.builtin.SetTextKeyword$_setText_closure1.call(SetTextKeyword.groovy)
	at com.kms.katalon.core.webui.keyword.internal.WebUIKeywordMain.runKeyword(WebUIKeywordMain.groovy:35)
	... 39 more


21-01-2025T14:40:20 - [TEST_STEP][FAILED] - callTestCase(findTestCase("Common Cases/Login"), [:], STOP_ON_FAILURE): Unable to call Test Case 'Test Cases/Common Cases/Login' (Root cause: com.kms.katalon.core.exception.StepFailedException: Call Test Case 'Test Cases/Common Cases/Login' failed
	at com.kms.katalon.core.keyword.builtin.CallTestCaseKeyword$_callTestCase_closure1.doCall(CallTestCaseKeyword.groovy:63)
	at com.kms.katalon.core.keyword.builtin.CallTestCaseKeyword$_callTestCase_closure1.call(CallTestCaseKeyword.groovy)
	at com.kms.katalon.core.keyword.internal.KeywordMain.runKeyword(KeywordMain.groovy:75)
	at com.kms.katalon.core.keyword.builtin.CallTestCaseKeyword.callTestCase(CallTestCaseKeyword.groovy:81)
	at com.kms.katalon.core.keyword.builtin.CallTestCaseKeyword.execute(CallTestCaseKeyword.groovy:44)
	at com.kms.katalon.core.keyword.internal.KeywordExecutor.executeKeywordForPlatform(KeywordExecutor.groovy:74)
	at com.kms.katalon.core.keyword.BuiltinKeywords.callTestCase(BuiltinKeywords.groovy:310)
	at java.base/jdk.internal.reflect.NativeMethodAccessorImpl.invoke0(Native Method)
	at java.base/jdk.internal.reflect.NativeMethodAccessorImpl.invoke(NativeMethodAccessorImpl.java:77)
	at java.base/jdk.internal.reflect.DelegatingMethodAccessorImpl.invoke(DelegatingMethodAccessorImpl.java:43)
	at Census_Program_Filter.run(Census_Program_Filter:20)
	at com.kms.katalon.core.main.ScriptEngine.run(ScriptEngine.java:194)
	at com.kms.katalon.core.main.ScriptEngine.runScriptAsRawText(ScriptEngine.java:119)
	at com.kms.katalon.core.main.TestCaseExecutor.runScript(TestCaseExecutor.java:448)
	at com.kms.katalon.core.main.TestCaseExecutor.doExecute(TestCaseExecutor.java:439)
	at com.kms.katalon.core.main.TestCaseExecutor.processExecutionPhase(TestCaseExecutor.java:418)
	at com.kms.katalon.core.main.TestCaseExecutor.accessMainPhase(TestCaseExecutor.java:410)
	at com.kms.katalon.core.main.TestCaseExecutor.execute(TestCaseExecutor.java:285)
	at com.kms.katalon.core.common.CommonExecutor.accessTestCaseMainPhase(CommonExecutor.java:65)
	at com.kms.katalon.core.main.TestSuiteExecutor.accessTestSuiteMainPhase(TestSuiteExecutor.java:150)
	at com.kms.katalon.core.main.TestSuiteExecutor.execute(TestSuiteExecutor.java:106)
	at com.kms.katalon.core.main.TestCaseMain.startTestSuite(TestCaseMain.java:180)
	at TempTestSuite1737488279906.run(TempTestSuite1737488279906.groovy:35)
	at java.base/jdk.internal.reflect.NativeMethodAccessorImpl.invoke0(Native Method)
	at java.base/jdk.internal.reflect.NativeMethodAccessorImpl.invoke(NativeMethodAccessorImpl.java:77)
	at java.base/jdk.internal.reflect.DelegatingMethodAccessorImpl.invoke(DelegatingMethodAccessorImpl.java:43)
Caused by: com.kms.katalon.core.exception.StepFailedException: Unable to set text 'automation@lightningstep.com' of object 'Object Repository/Common Cases Repository/Login/Page_Lightning Step/input_Email_email'
	at com.kms.katalon.core.webui.keyword.internal.WebUIKeywordMain.stepFailed(WebUIKeywordMain.groovy:117)
	at com.kms.katalon.core.webui.keyword.internal.WebUIKeywordMain.runKeyword(WebUIKeywordMain.groovy:43)
	at com.kms.katalon.core.webui.keyword.builtin.SetTextKeyword.setText(SetTextKeyword.groovy:85)
	at com.kms.katalon.core.webui.keyword.builtin.SetTextKeyword.execute(SetTextKeyword.groovy:39)
	at com.kms.katalon.core.keyword.internal.KeywordExecutor.executeKeywordForPlatform(KeywordExecutor.groovy:74)
	at com.kms.katalon.core.webui.keyword.WebUiBuiltInKeywords.setText(WebUiBuiltInKeywords.groovy:1019)
	at Login.run(Login:26)
	at com.kms.katalon.core.main.ScriptEngine.run(ScriptEngine.java:194)
	at com.kms.katalon.core.main.ScriptEngine.runScriptAsRawText(ScriptEngine.java:119)
	at com.kms.katalon.core.main.TestCaseExecutor.runScript(TestCaseExecutor.java:448)
	at com.kms.katalon.core.main.TestCaseExecutor.doExecute(TestCaseExecutor.java:439)
	at com.kms.katalon.core.main.TestCaseExecutor.processExecutionPhase(TestCaseExecutor.java:418)
	at com.kms.katalon.core.main.TestCaseExecutor.accessMainPhase(TestCaseExecutor.java:410)
	at com.kms.katalon.core.main.TestCaseExecutor.execute(TestCaseExecutor.java:285)
	at com.kms.katalon.core.main.TestCaseMain.runTestCase(TestCaseMain.java:137)
	at com.kms.katalon.core.keyword.builtin.CallTestCaseKeyword$_callTestCase_closure1.doCall(CallTestCaseKeyword.groovy:59)
	... 25 more
Caused by: com.kms.katalon.core.webui.exception.WebElementNotFoundException: Web element with id: 'Object Repository/Common Cases Repository/Login/Page_Lightning Step/input_Email_email' located by '//input[@id='email-input']' not found
	at com.kms.katalon.core.webui.common.WebUiCommonHelper.findWebElement(WebUiCommonHelper.java:1423)
	at com.kms.katalon.core.webui.keyword.internal.WebUIAbstractKeyword.findWebElement(WebUIAbstractKeyword.groovy:27)
	at com.kms.katalon.core.webui.keyword.internal.WebUIAbstractKeyword.findWebElement(WebUIAbstractKeyword.groovy:26)
	at com.kms.katalon.core.webui.keyword.builtin.SetTextKeyword$_setText_closure1.doCall(SetTextKeyword.groovy:53)
	at com.kms.katalon.core.webui.keyword.builtin.SetTextKeyword$_setText_closure1.call(SetTextKeyword.groovy)
	at com.kms.katalon.core.webui.keyword.internal.WebUIKeywordMain.runKeyword(WebUIKeywordMain.groovy:35)
	... 39 more
)

21-01-2025T14:40:20 - [TEST_CASE][FAILED] - Test Cases/Common Cases/Login: Test Cases/Common Cases/Login FAILED.
Reason:
com.kms.katalon.core.exception.StepFailedException: Unable to set text 'automation@lightningstep.com' of object 'Object Repository/Common Cases Repository/Login/Page_Lightning Step/input_Email_email'
	at com.kms.katalon.core.webui.keyword.internal.WebUIKeywordMain.stepFailed(WebUIKeywordMain.groovy:117)
	at com.kms.katalon.core.webui.keyword.internal.WebUIKeywordMain.runKeyword(WebUIKeywordMain.groovy:43)
	at com.kms.katalon.core.webui.keyword.builtin.SetTextKeyword.setText(SetTextKeyword.groovy:85)
	at com.kms.katalon.core.webui.keyword.builtin.SetTextKeyword.execute(SetTextKeyword.groovy:39)
	at com.kms.katalon.core.keyword.internal.KeywordExecutor.executeKeywordForPlatform(KeywordExecutor.groovy:74)
	at com.kms.katalon.core.webui.keyword.WebUiBuiltInKeywords.setText(WebUiBuiltInKeywords.groovy:1019)
	at Login.run(Login:26)
	at com.kms.katalon.core.main.ScriptEngine.run(ScriptEngine.java:194)
	at com.kms.katalon.core.main.ScriptEngine.runScriptAsRawText(ScriptEngine.java:119)
	at com.kms.katalon.core.main.TestCaseExecutor.runScript(TestCaseExecutor.java:448)
	at com.kms.katalon.core.main.TestCaseExecutor.doExecute(TestCaseExecutor.java:439)
	at com.kms.katalon.core.main.TestCaseExecutor.processExecutionPhase(TestCaseExecutor.java:418)
	at com.kms.katalon.core.main.TestCaseExecutor.accessMainPhase(TestCaseExecutor.java:410)
	at com.kms.katalon.core.main.TestCaseExecutor.execute(TestCaseExecutor.java:285)
	at com.kms.katalon.core.main.TestCaseMain.runTestCase(TestCaseMain.java:137)
	at com.kms.katalon.core.keyword.builtin.CallTestCaseKeyword$_callTestCase_closure1.doCall(CallTestCaseKeyword.groovy:59)
	at com.kms.katalon.core.keyword.builtin.CallTestCaseKeyword$_callTestCase_closure1.call(CallTestCaseKeyword.groovy)
	at com.kms.katalon.core.keyword.internal.KeywordMain.runKeyword(KeywordMain.groovy:75)
	at com.kms.katalon.core.keyword.builtin.CallTestCaseKeyword.callTestCase(CallTestCaseKeyword.groovy:81)
	at com.kms.katalon.core.keyword.builtin.CallTestCaseKeyword.execute(CallTestCaseKeyword.groovy:44)
	at com.kms.katalon.core.keyword.internal.KeywordExecutor.executeKeywordForPlatform(KeywordExecutor.groovy:74)
	at com.kms.katalon.core.keyword.BuiltinKeywords.callTestCase(BuiltinKeywords.groovy:310)
	at java.base/jdk.internal.reflect.NativeMethodAccessorImpl.invoke0(Native Method)
	at java.base/jdk.internal.reflect.NativeMethodAccessorImpl.invoke(NativeMethodAccessorImpl.java:77)
	at java.base/jdk.internal.reflect.DelegatingMethodAccessorImpl.invoke(DelegatingMethodAccessorImpl.java:43)
	at Census_Program_Filter.run(Census_Program_Filter:20)
	at com.kms.katalon.core.main.ScriptEngine.run(ScriptEngine.java:194)
	at com.kms.katalon.core.main.ScriptEngine.runScriptAsRawText(ScriptEngine.java:119)
	at com.kms.katalon.core.main.TestCaseExecutor.runScript(TestCaseExecutor.java:448)
	at com.kms.katalon.core.main.TestCaseExecutor.doExecute(TestCaseExecutor.java:439)
	at com.kms.katalon.core.main.TestCaseExecutor.processExecutionPhase(TestCaseExecutor.java:418)
	at com.kms.katalon.core.main.TestCaseExecutor.accessMainPhase(TestCaseExecutor.java:410)
	at com.kms.katalon.core.main.TestCaseExecutor.execute(TestCaseExecutor.java:285)
	at com.kms.katalon.core.common.CommonExecutor.accessTestCaseMainPhase(CommonExecutor.java:65)
	at com.kms.katalon.core.main.TestSuiteExecutor.accessTestSuiteMainPhase(TestSuiteExecutor.java:150)
	at com.kms.katalon.core.main.TestSuiteExecutor.execute(TestSuiteExecutor.java:106)
	at com.kms.katalon.core.main.TestCaseMain.startTestSuite(TestCaseMain.java:180)
	at TempTestSuite1737488279906.run(TempTestSuite1737488279906.groovy:35)
	at java.base/jdk.internal.reflect.NativeMethodAccessorImpl.invoke0(Native Method)
	at java.base/jdk.internal.reflect.NativeMethodAccessorImpl.invoke(NativeMethodAccessorImpl.java:77)
	at java.base/jdk.internal.reflect.DelegatingMethodAccessorImpl.invoke(DelegatingMethodAccessorImpl.java:43)
Caused by: com.kms.katalon.core.webui.exception.WebElementNotFoundException: Web element with id: 'Object Repository/Common Cases Repository/Login/Page_Lightning Step/input_Email_email' located by '//input[@id='email-input']' not found
	at com.kms.katalon.core.webui.common.WebUiCommonHelper.findWebElement(WebUiCommonHelper.java:1423)
	at com.kms.katalon.core.webui.keyword.internal.WebUIAbstractKeyword.findWebElement(WebUIAbstractKeyword.groovy:27)
	at com.kms.katalon.core.webui.keyword.internal.WebUIAbstractKeyword.findWebElement(WebUIAbstractKeyword.groovy:26)
	at com.kms.katalon.core.webui.keyword.builtin.SetTextKeyword$_setText_closure1.doCall(SetTextKeyword.groovy:53)
	at com.kms.katalon.core.webui.keyword.builtin.SetTextKeyword$_setText_closure1.call(SetTextKeyword.groovy)
	at com.kms.katalon.core.webui.keyword.internal.WebUIKeywordMain.runKeyword(WebUIKeywordMain.groovy:35)
	... 39 more


21-01-2025T14:40:20 - [TEST_STEP][PASSED] - openBrowser(""): Browser is opened with url: ''

21-01-2025T14:40:20 - [MESSAGE][WARNING] - A browser is already opened. Closing browser and opening a new one

21-01-2025T14:40:20 - [MESSAGE][INFO] - Starting 'Chrome' driver

21-01-2025T14:40:20 - [MESSAGE][INFO] - Action delay is set to 0 milliseconds

21-01-2025T14:40:21 - [MESSAGE][PASSED] - Browser is opened with url: ''

21-01-2025T14:40:21 - [TEST_STEP][PASSED] - maximizeWindow(): Current window maximized

21-01-2025T14:40:21 - [MESSAGE][PASSED] - Current window maximized

21-01-2025T14:40:21 - [TEST_STEP][PASSED] - navigateToUrl("https://site17.lsapp.cloud/auth/login"): Navigate to 'https://site17.lsapp.cloud/auth/login' successfully

21-01-2025T14:40:31 - [MESSAGE][PASSED] - Navigate to 'https://site17.lsapp.cloud/auth/login' successfully

21-01-2025T14:40:31 - [TEST_STEP][FAILED] - setText(findTestObject("Object Repository/Common Cases Repository/Login/Page_Lightning Step/input_Email_email"), "automation@lightningstep.com"): Unable to set text 'automation@lightningstep.com' of object 'Object Repository/Common Cases Repository/Login/Page_Lightning Step/input_Email_email' (Root cause: com.kms.katalon.core.exception.StepFailedException: Unable to set text 'automation@lightningstep.com' of object 'Object Repository/Common Cases Repository/Login/Page_Lightning Step/input_Email_email'
	at com.kms.katalon.core.webui.keyword.internal.WebUIKeywordMain.stepFailed(WebUIKeywordMain.groovy:117)
	at com.kms.katalon.core.webui.keyword.internal.WebUIKeywordMain.runKeyword(WebUIKeywordMain.groovy:43)
	at com.kms.katalon.core.webui.keyword.builtin.SetTextKeyword.setText(SetTextKeyword.groovy:85)
	at com.kms.katalon.core.webui.keyword.builtin.SetTextKeyword.execute(SetTextKeyword.groovy:39)
	at com.kms.katalon.core.keyword.internal.KeywordExecutor.executeKeywordForPlatform(KeywordExecutor.groovy:74)
	at com.kms.katalon.core.webui.keyword.WebUiBuiltInKeywords.setText(WebUiBuiltInKeywords.groovy:1019)
	at Login.run(Login:26)
	at com.kms.katalon.core.main.ScriptEngine.run(ScriptEngine.java:194)
	at com.kms.katalon.core.main.ScriptEngine.runScriptAsRawText(ScriptEngine.java:119)
	at com.kms.katalon.core.main.TestCaseExecutor.runScript(TestCaseExecutor.java:448)
	at com.kms.katalon.core.main.TestCaseExecutor.doExecute(TestCaseExecutor.java:439)
	at com.kms.katalon.core.main.TestCaseExecutor.processExecutionPhase(TestCaseExecutor.java:418)
	at com.kms.katalon.core.main.TestCaseExecutor.accessMainPhase(TestCaseExecutor.java:410)
	at com.kms.katalon.core.main.TestCaseExecutor.execute(TestCaseExecutor.java:285)
	at com.kms.katalon.core.main.TestCaseMain.runTestCase(TestCaseMain.java:137)
	at com.kms.katalon.core.keyword.builtin.CallTestCaseKeyword$_callTestCase_closure1.doCall(CallTestCaseKeyword.groovy:59)
	at com.kms.katalon.core.keyword.builtin.CallTestCaseKeyword$_callTestCase_closure1.call(CallTestCaseKeyword.groovy)
	at com.kms.katalon.core.keyword.internal.KeywordMain.runKeyword(KeywordMain.groovy:75)
	at com.kms.katalon.core.keyword.builtin.CallTestCaseKeyword.callTestCase(CallTestCaseKeyword.groovy:81)
	at com.kms.katalon.core.keyword.builtin.CallTestCaseKeyword.execute(CallTestCaseKeyword.groovy:44)
	at com.kms.katalon.core.keyword.internal.KeywordExecutor.executeKeywordForPlatform(KeywordExecutor.groovy:74)
	at com.kms.katalon.core.keyword.BuiltinKeywords.callTestCase(BuiltinKeywords.groovy:310)
	at java.base/jdk.internal.reflect.NativeMethodAccessorImpl.invoke0(Native Method)
	at java.base/jdk.internal.reflect.NativeMethodAccessorImpl.invoke(NativeMethodAccessorImpl.java:77)
	at java.base/jdk.internal.reflect.DelegatingMethodAccessorImpl.invoke(DelegatingMethodAccessorImpl.java:43)
	at Census_Program_Filter.run(Census_Program_Filter:20)
	at com.kms.katalon.core.main.ScriptEngine.run(ScriptEngine.java:194)
	at com.kms.katalon.core.main.ScriptEngine.runScriptAsRawText(ScriptEngine.java:119)
	at com.kms.katalon.core.main.TestCaseExecutor.runScript(TestCaseExecutor.java:448)
	at com.kms.katalon.core.main.TestCaseExecutor.doExecute(TestCaseExecutor.java:439)
	at com.kms.katalon.core.main.TestCaseExecutor.processExecutionPhase(TestCaseExecutor.java:418)
	at com.kms.katalon.core.main.TestCaseExecutor.accessMainPhase(TestCaseExecutor.java:410)
	at com.kms.katalon.core.main.TestCaseExecutor.execute(TestCaseExecutor.java:285)
	at com.kms.katalon.core.common.CommonExecutor.accessTestCaseMainPhase(CommonExecutor.java:65)
	at com.kms.katalon.core.main.TestSuiteExecutor.accessTestSuiteMainPhase(TestSuiteExecutor.java:150)
	at com.kms.katalon.core.main.TestSuiteExecutor.execute(TestSuiteExecutor.java:106)
	at com.kms.katalon.core.main.TestCaseMain.startTestSuite(TestCaseMain.java:180)
	at TempTestSuite1737488279906.run(TempTestSuite1737488279906.groovy:35)
	at java.base/jdk.internal.reflect.NativeMethodAccessorImpl.invoke0(Native Method)
	at java.base/jdk.internal.reflect.NativeMethodAccessorImpl.invoke(NativeMethodAccessorImpl.java:77)
	at java.base/jdk.internal.reflect.DelegatingMethodAccessorImpl.invoke(DelegatingMethodAccessorImpl.java:43)
Caused by: com.kms.katalon.core.webui.exception.WebElementNotFoundException: Web element with id: 'Object Repository/Common Cases Repository/Login/Page_Lightning Step/input_Email_email' located by '//input[@id='email-input']' not found
	at com.kms.katalon.core.webui.common.WebUiCommonHelper.findWebElement(WebUiCommonHelper.java:1423)
	at com.kms.katalon.core.webui.keyword.internal.WebUIAbstractKeyword.findWebElement(WebUIAbstractKeyword.groovy:27)
	at com.kms.katalon.core.webui.keyword.internal.WebUIAbstractKeyword.findWebElement(WebUIAbstractKeyword.groovy:26)
	at com.kms.katalon.core.webui.keyword.builtin.SetTextKeyword$_setText_closure1.doCall(SetTextKeyword.groovy:53)
	at com.kms.katalon.core.webui.keyword.builtin.SetTextKeyword$_setText_closure1.call(SetTextKeyword.groovy)
	at com.kms.katalon.core.webui.keyword.internal.WebUIKeywordMain.runKeyword(WebUIKeywordMain.groovy:35)
	at com.kms.katalon.core.webui.keyword.builtin.SetTextKeyword.setText(SetTextKeyword.groovy:85)
	at com.kms.katalon.core.webui.keyword.builtin.SetTextKeyword.execute(SetTextKeyword.groovy:39)
	at com.kms.katalon.core.keyword.internal.KeywordExecutor.executeKeywordForPlatform(KeywordExecutor.groovy:74)
	at com.kms.katalon.core.webui.keyword.WebUiBuiltInKeywords.setText(WebUiBuiltInKeywords.groovy:1019)
	at Script1727458412887.run(Script1727458412887.groovy:26)
	at com.kms.katalon.core.main.ScriptEngine.run(ScriptEngine.java:194)
	at com.kms.katalon.core.main.ScriptEngine.runScriptAsRawText(ScriptEngine.java:119)
	at com.kms.katalon.core.main.TestCaseExecutor.runScript(TestCaseExecutor.java:448)
	at com.kms.katalon.core.main.TestCaseExecutor.doExecute(TestCaseExecutor.java:439)
	at com.kms.katalon.core.main.TestCaseExecutor.processExecutionPhase(TestCaseExecutor.java:418)
	at com.kms.katalon.core.main.TestCaseExecutor.accessMainPhase(TestCaseExecutor.java:410)
	at com.kms.katalon.core.main.TestCaseExecutor.execute(TestCaseExecutor.java:285)
	at com.kms.katalon.core.main.TestCaseMain.runTestCase(TestCaseMain.java:137)
	at com.kms.katalon.core.keyword.builtin.CallTestCaseKeyword$_callTestCase_closure1.doCall(CallTestCaseKeyword.groovy:59)
	at com.kms.katalon.core.keyword.builtin.CallTestCaseKeyword$_callTestCase_closure1.call(CallTestCaseKeyword.groovy)
	at com.kms.katalon.core.keyword.internal.KeywordMain.runKeyword(KeywordMain.groovy:75)
	at com.kms.katalon.core.keyword.builtin.CallTestCaseKeyword.callTestCase(CallTestCaseKeyword.groovy:81)
	at com.kms.katalon.core.keyword.builtin.CallTestCaseKeyword.execute(CallTestCaseKeyword.groovy:44)
	at com.kms.katalon.core.keyword.internal.KeywordExecutor.executeKeywordForPlatform(KeywordExecutor.groovy:74)
	at com.kms.katalon.core.keyword.BuiltinKeywords.callTestCase(BuiltinKeywords.groovy:310)
	at java.base/jdk.internal.reflect.NativeMethodAccessorImpl.invoke0(Native Method)
	at java.base/jdk.internal.reflect.NativeMethodAccessorImpl.invoke(NativeMethodAccessorImpl.java:77)
	at java.base/jdk.internal.reflect.DelegatingMethodAccessorImpl.invoke(DelegatingMethodAccessorImpl.java:43)
	at Script1727458510372.run(Script1727458510372.groovy:20)
	... 15 more
)

21-01-2025T14:41:03 - [MESSAGE][INFO] - Unable to find the element located by 'By.xpath: //input[@id='email-input']'. Please recheck the objects properties to make sure the desired element is located. 

21-01-2025T14:41:03 - [MESSAGE][WARNING] - [SELF-HEALING] Failed to find element with id 'Object Repository/Common Cases Repository/Login/Page_Lightning Step/input_Email_email'. Try using Self-healing.

21-01-2025T14:41:03 - [MESSAGE][INFO] - [SELF-HEALING] Failed Locator: '//input[@id='email-input']'.

21-01-2025T14:41:03 - [MESSAGE][INFO] - [SELF-HEALING] Failed Locator: '//div/input'.

21-01-2025T14:41:03 - [MESSAGE][INFO] - [SELF-HEALING] Failed Locator: '//input[@id = 'email-input' and @type = 'email' and @name = 'email']'.

21-01-2025T14:41:04 - [MESSAGE][INFO] - [SELF-HEALING] Failed Locator: '//input[@id='email-input']'.

21-01-2025T14:41:04 - [MESSAGE][INFO] - [SELF-HEALING] Failed Locator: '//div/input'.

21-01-2025T14:41:04 - [MESSAGE][INFO] - [SELF-HEALING] Failed Locator: '//input[@id = 'email-input' and @type = 'email' and @name = 'email']'.

21-01-2025T14:41:06 - [MESSAGE][INFO] - Unable to find the element located by 'By.xpath: //*[@id = 'email-input' and @type = 'email' and @name = 'email']'. Please recheck the objects properties to make sure the desired element is located. 

21-01-2025T14:41:07 - [MESSAGE][INFO] - Unable to find the element located by 'By.cssSelector: #email-input'. Please recheck the objects properties to make sure the desired element is located. 

21-01-2025T14:41:08 - [MESSAGE][FAILED] - Unable to set text 'automation@lightningstep.com' of object 'Object Repository/Common Cases Repository/Login/Page_Lightning Step/input_Email_email' (Root cause: com.kms.katalon.core.exception.StepFailedException: Unable to set text 'automation@lightningstep.com' of object 'Object Repository/Common Cases Repository/Login/Page_Lightning Step/input_Email_email'
	at com.kms.katalon.core.webui.keyword.internal.WebUIKeywordMain.stepFailed(WebUIKeywordMain.groovy:117)
	at com.kms.katalon.core.webui.keyword.internal.WebUIKeywordMain.runKeyword(WebUIKeywordMain.groovy:43)
	at com.kms.katalon.core.webui.keyword.builtin.SetTextKeyword.setText(SetTextKeyword.groovy:85)
	at com.kms.katalon.core.webui.keyword.builtin.SetTextKeyword.execute(SetTextKeyword.groovy:39)
	at com.kms.katalon.core.keyword.internal.KeywordExecutor.executeKeywordForPlatform(KeywordExecutor.groovy:74)
	at com.kms.katalon.core.webui.keyword.WebUiBuiltInKeywords.setText(WebUiBuiltInKeywords.groovy:1019)
	at Login.run(Login:26)
	at com.kms.katalon.core.main.ScriptEngine.run(ScriptEngine.java:194)
	at com.kms.katalon.core.main.ScriptEngine.runScriptAsRawText(ScriptEngine.java:119)
	at com.kms.katalon.core.main.TestCaseExecutor.runScript(TestCaseExecutor.java:448)
	at com.kms.katalon.core.main.TestCaseExecutor.doExecute(TestCaseExecutor.java:439)
	at com.kms.katalon.core.main.TestCaseExecutor.processExecutionPhase(TestCaseExecutor.java:418)
	at com.kms.katalon.core.main.TestCaseExecutor.accessMainPhase(TestCaseExecutor.java:410)
	at com.kms.katalon.core.main.TestCaseExecutor.execute(TestCaseExecutor.java:285)
	at com.kms.katalon.core.main.TestCaseMain.runTestCase(TestCaseMain.java:137)
	at com.kms.katalon.core.keyword.builtin.CallTestCaseKeyword$_callTestCase_closure1.doCall(CallTestCaseKeyword.groovy:59)
	at com.kms.katalon.core.keyword.builtin.CallTestCaseKeyword$_callTestCase_closure1.call(CallTestCaseKeyword.groovy)
	at com.kms.katalon.core.keyword.internal.KeywordMain.runKeyword(KeywordMain.groovy:75)
	at com.kms.katalon.core.keyword.builtin.CallTestCaseKeyword.callTestCase(CallTestCaseKeyword.groovy:81)
	at com.kms.katalon.core.keyword.builtin.CallTestCaseKeyword.execute(CallTestCaseKeyword.groovy:44)
	at com.kms.katalon.core.keyword.internal.KeywordExecutor.executeKeywordForPlatform(KeywordExecutor.groovy:74)
	at com.kms.katalon.core.keyword.BuiltinKeywords.callTestCase(BuiltinKeywords.groovy:310)
	at java.base/jdk.internal.reflect.NativeMethodAccessorImpl.invoke0(Native Method)
	at java.base/jdk.internal.reflect.NativeMethodAccessorImpl.invoke(NativeMethodAccessorImpl.java:77)
	at java.base/jdk.internal.reflect.DelegatingMethodAccessorImpl.invoke(DelegatingMethodAccessorImpl.java:43)
	at Census_Program_Filter.run(Census_Program_Filter:20)
	at com.kms.katalon.core.main.ScriptEngine.run(ScriptEngine.java:194)
	at com.kms.katalon.core.main.ScriptEngine.runScriptAsRawText(ScriptEngine.java:119)
	at com.kms.katalon.core.main.TestCaseExecutor.runScript(TestCaseExecutor.java:448)
	at com.kms.katalon.core.main.TestCaseExecutor.doExecute(TestCaseExecutor.java:439)
	at com.kms.katalon.core.main.TestCaseExecutor.processExecutionPhase(TestCaseExecutor.java:418)
	at com.kms.katalon.core.main.TestCaseExecutor.accessMainPhase(TestCaseExecutor.java:410)
	at com.kms.katalon.core.main.TestCaseExecutor.execute(TestCaseExecutor.java:285)
	at com.kms.katalon.core.common.CommonExecutor.accessTestCaseMainPhase(CommonExecutor.java:65)
	at com.kms.katalon.core.main.TestSuiteExecutor.accessTestSuiteMainPhase(TestSuiteExecutor.java:150)
	at com.kms.katalon.core.main.TestSuiteExecutor.execute(TestSuiteExecutor.java:106)
	at com.kms.katalon.core.main.TestCaseMain.startTestSuite(TestCaseMain.java:180)
	at TempTestSuite1737488279906.run(TempTestSuite1737488279906.groovy:35)
	at java.base/jdk.internal.reflect.NativeMethodAccessorImpl.invoke0(Native Method)
	at java.base/jdk.internal.reflect.NativeMethodAccessorImpl.invoke(NativeMethodAccessorImpl.java:77)
	at java.base/jdk.internal.reflect.DelegatingMethodAccessorImpl.invoke(DelegatingMethodAccessorImpl.java:43)
Caused by: com.kms.katalon.core.webui.exception.WebElementNotFoundException: Web element with id: 'Object Repository/Common Cases Repository/Login/Page_Lightning Step/input_Email_email' located by '//input[@id='email-input']' not found
	at com.kms.katalon.core.webui.common.WebUiCommonHelper.findWebElement(WebUiCommonHelper.java:1423)
	at com.kms.katalon.core.webui.keyword.internal.WebUIAbstractKeyword.findWebElement(WebUIAbstractKeyword.groovy:27)
	at com.kms.katalon.core.webui.keyword.internal.WebUIAbstractKeyword.findWebElement(WebUIAbstractKeyword.groovy:26)
	at com.kms.katalon.core.webui.keyword.builtin.SetTextKeyword$_setText_closure1.doCall(SetTextKeyword.groovy:53)
	at com.kms.katalon.core.webui.keyword.builtin.SetTextKeyword$_setText_closure1.call(SetTextKeyword.groovy)
	at com.kms.katalon.core.webui.keyword.internal.WebUIKeywordMain.runKeyword(WebUIKeywordMain.groovy:35)
	at com.kms.katalon.core.webui.keyword.builtin.SetTextKeyword.setText(SetTextKeyword.groovy:85)
	at com.kms.katalon.core.webui.keyword.builtin.SetTextKeyword.execute(SetTextKeyword.groovy:39)
	at com.kms.katalon.core.keyword.internal.KeywordExecutor.executeKeywordForPlatform(KeywordExecutor.groovy:74)
	at com.kms.katalon.core.webui.keyword.WebUiBuiltInKeywords.setText(WebUiBuiltInKeywords.groovy:1019)
	at Script1727458412887.run(Script1727458412887.groovy:26)
	at com.kms.katalon.core.main.ScriptEngine.run(ScriptEngine.java:194)
	at com.kms.katalon.core.main.ScriptEngine.runScriptAsRawText(ScriptEngine.java:119)
	at com.kms.katalon.core.main.TestCaseExecutor.runScript(TestCaseExecutor.java:448)
	at com.kms.katalon.core.main.TestCaseExecutor.doExecute(TestCaseExecutor.java:439)
	at com.kms.katalon.core.main.TestCaseExecutor.processExecutionPhase(TestCaseExecutor.java:418)
	at com.kms.katalon.core.main.TestCaseExecutor.accessMainPhase(TestCaseExecutor.java:410)
	at com.kms.katalon.core.main.TestCaseExecutor.execute(TestCaseExecutor.java:285)
	at com.kms.katalon.core.main.TestCaseMain.runTestCase(TestCaseMain.java:137)
	at com.kms.katalon.core.keyword.builtin.CallTestCaseKeyword$_callTestCase_closure1.doCall(CallTestCaseKeyword.groovy:59)
	at com.kms.katalon.core.keyword.builtin.CallTestCaseKeyword$_callTestCase_closure1.call(CallTestCaseKeyword.groovy)
	at com.kms.katalon.core.keyword.internal.KeywordMain.runKeyword(KeywordMain.groovy:75)
	at com.kms.katalon.core.keyword.builtin.CallTestCaseKeyword.callTestCase(CallTestCaseKeyword.groovy:81)
	at com.kms.katalon.core.keyword.builtin.CallTestCaseKeyword.execute(CallTestCaseKeyword.groovy:44)
	at com.kms.katalon.core.keyword.internal.KeywordExecutor.executeKeywordForPlatform(KeywordExecutor.groovy:74)
	at com.kms.katalon.core.keyword.BuiltinKeywords.callTestCase(BuiltinKeywords.groovy:310)
	at java.base/jdk.internal.reflect.NativeMethodAccessorImpl.invoke0(Native Method)
	at java.base/jdk.internal.reflect.NativeMethodAccessorImpl.invoke(NativeMethodAccessorImpl.java:77)
	at java.base/jdk.internal.reflect.DelegatingMethodAccessorImpl.invoke(DelegatingMethodAccessorImpl.java:43)
	at Script1727458510372.run(Script1727458510372.groovy:20)
	... 15 more
)
[[ATTACHMENT|C:\\Users\\Enrique\\git\\AUTOMATION_LS\\Reports\\20250121_143756\\LS\\Home\\General\\Census\\20250121_143759\\1737488467687.png]]

21-01-2025T14:41:08 - [MESSAGE][FAILED] - Unable to call Test Case 'Test Cases/Common Cases/Login' (Root cause: com.kms.katalon.core.exception.StepFailedException: Call Test Case 'Test Cases/Common Cases/Login' failed
	at com.kms.katalon.core.keyword.builtin.CallTestCaseKeyword$_callTestCase_closure1.doCall(CallTestCaseKeyword.groovy:63)
	at com.kms.katalon.core.keyword.builtin.CallTestCaseKeyword$_callTestCase_closure1.call(CallTestCaseKeyword.groovy)
	at com.kms.katalon.core.keyword.internal.KeywordMain.runKeyword(KeywordMain.groovy:75)
	at com.kms.katalon.core.keyword.builtin.CallTestCaseKeyword.callTestCase(CallTestCaseKeyword.groovy:81)
	at com.kms.katalon.core.keyword.builtin.CallTestCaseKeyword.execute(CallTestCaseKeyword.groovy:44)
	at com.kms.katalon.core.keyword.internal.KeywordExecutor.executeKeywordForPlatform(KeywordExecutor.groovy:74)
	at com.kms.katalon.core.keyword.BuiltinKeywords.callTestCase(BuiltinKeywords.groovy:310)
	at java.base/jdk.internal.reflect.NativeMethodAccessorImpl.invoke0(Native Method)
	at java.base/jdk.internal.reflect.NativeMethodAccessorImpl.invoke(NativeMethodAccessorImpl.java:77)
	at java.base/jdk.internal.reflect.DelegatingMethodAccessorImpl.invoke(DelegatingMethodAccessorImpl.java:43)
	at Census_Program_Filter.run(Census_Program_Filter:20)
	at com.kms.katalon.core.main.ScriptEngine.run(ScriptEngine.java:194)
	at com.kms.katalon.core.main.ScriptEngine.runScriptAsRawText(ScriptEngine.java:119)
	at com.kms.katalon.core.main.TestCaseExecutor.runScript(TestCaseExecutor.java:448)
	at com.kms.katalon.core.main.TestCaseExecutor.doExecute(TestCaseExecutor.java:439)
	at com.kms.katalon.core.main.TestCaseExecutor.processExecutionPhase(TestCaseExecutor.java:418)
	at com.kms.katalon.core.main.TestCaseExecutor.accessMainPhase(TestCaseExecutor.java:410)
	at com.kms.katalon.core.main.TestCaseExecutor.execute(TestCaseExecutor.java:285)
	at com.kms.katalon.core.common.CommonExecutor.accessTestCaseMainPhase(CommonExecutor.java:65)
	at com.kms.katalon.core.main.TestSuiteExecutor.accessTestSuiteMainPhase(TestSuiteExecutor.java:150)
	at com.kms.katalon.core.main.TestSuiteExecutor.execute(TestSuiteExecutor.java:106)
	at com.kms.katalon.core.main.TestCaseMain.startTestSuite(TestCaseMain.java:180)
	at TempTestSuite1737488279906.run(TempTestSuite1737488279906.groovy:35)
	at java.base/jdk.internal.reflect.NativeMethodAccessorImpl.invoke0(Native Method)
	at java.base/jdk.internal.reflect.NativeMethodAccessorImpl.invoke(NativeMethodAccessorImpl.java:77)
	at java.base/jdk.internal.reflect.DelegatingMethodAccessorImpl.invoke(DelegatingMethodAccessorImpl.java:43)
Caused by: com.kms.katalon.core.exception.StepFailedException: Unable to set text 'automation@lightningstep.com' of object 'Object Repository/Common Cases Repository/Login/Page_Lightning Step/input_Email_email'
	at com.kms.katalon.core.webui.keyword.internal.WebUIKeywordMain.stepFailed(WebUIKeywordMain.groovy:117)
	at com.kms.katalon.core.webui.keyword.internal.WebUIKeywordMain.runKeyword(WebUIKeywordMain.groovy:43)
	at com.kms.katalon.core.webui.keyword.builtin.SetTextKeyword.setText(SetTextKeyword.groovy:85)
	at com.kms.katalon.core.webui.keyword.builtin.SetTextKeyword.execute(SetTextKeyword.groovy:39)
	at com.kms.katalon.core.keyword.internal.KeywordExecutor.executeKeywordForPlatform(KeywordExecutor.groovy:74)
	at com.kms.katalon.core.webui.keyword.WebUiBuiltInKeywords.setText(WebUiBuiltInKeywords.groovy:1019)
	at Login.run(Login:26)
	at com.kms.katalon.core.main.ScriptEngine.run(ScriptEngine.java:194)
	at com.kms.katalon.core.main.ScriptEngine.runScriptAsRawText(ScriptEngine.java:119)
	at com.kms.katalon.core.main.TestCaseExecutor.runScript(TestCaseExecutor.java:448)
	at com.kms.katalon.core.main.TestCaseExecutor.doExecute(TestCaseExecutor.java:439)
	at com.kms.katalon.core.main.TestCaseExecutor.processExecutionPhase(TestCaseExecutor.java:418)
	at com.kms.katalon.core.main.TestCaseExecutor.accessMainPhase(TestCaseExecutor.java:410)
	at com.kms.katalon.core.main.TestCaseExecutor.execute(TestCaseExecutor.java:285)
	at com.kms.katalon.core.main.TestCaseMain.runTestCase(TestCaseMain.java:137)
	at com.kms.katalon.core.keyword.builtin.CallTestCaseKeyword$_callTestCase_closure1.doCall(CallTestCaseKeyword.groovy:59)
	... 25 more
Caused by: com.kms.katalon.core.webui.exception.WebElementNotFoundException: Web element with id: 'Object Repository/Common Cases Repository/Login/Page_Lightning Step/input_Email_email' located by '//input[@id='email-input']' not found
	at com.kms.katalon.core.webui.common.WebUiCommonHelper.findWebElement(WebUiCommonHelper.java:1423)
	at com.kms.katalon.core.webui.keyword.internal.WebUIAbstractKeyword.findWebElement(WebUIAbstractKeyword.groovy:27)
	at com.kms.katalon.core.webui.keyword.internal.WebUIAbstractKeyword.findWebElement(WebUIAbstractKeyword.groovy:26)
	at com.kms.katalon.core.webui.keyword.builtin.SetTextKeyword$_setText_closure1.doCall(SetTextKeyword.groovy:53)
	at com.kms.katalon.core.webui.keyword.builtin.SetTextKeyword$_setText_closure1.call(SetTextKeyword.groovy)
	at com.kms.katalon.core.webui.keyword.internal.WebUIKeywordMain.runKeyword(WebUIKeywordMain.groovy:35)
	... 39 more
)]]></system-out>
         <system-err><![CDATA[21-01-2025T14:40:20 - [TEST_CASE][FAILED] - Test Cases/Specific Cases/LS/General/Census/Census/Census_Program_Filter: Test Cases/Specific Cases/LS/General/Census/Census/Census_Program_Filter FAILED.
Reason:
com.kms.katalon.core.exception.StepFailedException: Call Test Case 'Test Cases/Common Cases/Login' failed
	at com.kms.katalon.core.keyword.builtin.CallTestCaseKeyword$_callTestCase_closure1.doCall(CallTestCaseKeyword.groovy:63)
	at com.kms.katalon.core.keyword.builtin.CallTestCaseKeyword$_callTestCase_closure1.call(CallTestCaseKeyword.groovy)
	at com.kms.katalon.core.keyword.internal.KeywordMain.runKeyword(KeywordMain.groovy:75)
	at com.kms.katalon.core.keyword.builtin.CallTestCaseKeyword.callTestCase(CallTestCaseKeyword.groovy:81)
	at com.kms.katalon.core.keyword.builtin.CallTestCaseKeyword.execute(CallTestCaseKeyword.groovy:44)
	at com.kms.katalon.core.keyword.internal.KeywordExecutor.executeKeywordForPlatform(KeywordExecutor.groovy:74)
	at com.kms.katalon.core.keyword.BuiltinKeywords.callTestCase(BuiltinKeywords.groovy:310)
	at java.base/jdk.internal.reflect.NativeMethodAccessorImpl.invoke0(Native Method)
	at java.base/jdk.internal.reflect.NativeMethodAccessorImpl.invoke(NativeMethodAccessorImpl.java:77)
	at java.base/jdk.internal.reflect.DelegatingMethodAccessorImpl.invoke(DelegatingMethodAccessorImpl.java:43)
	at Census_Program_Filter.run(Census_Program_Filter:20)
	at com.kms.katalon.core.main.ScriptEngine.run(ScriptEngine.java:194)
	at com.kms.katalon.core.main.ScriptEngine.runScriptAsRawText(ScriptEngine.java:119)
	at com.kms.katalon.core.main.TestCaseExecutor.runScript(TestCaseExecutor.java:448)
	at com.kms.katalon.core.main.TestCaseExecutor.doExecute(TestCaseExecutor.java:439)
	at com.kms.katalon.core.main.TestCaseExecutor.processExecutionPhase(TestCaseExecutor.java:418)
	at com.kms.katalon.core.main.TestCaseExecutor.accessMainPhase(TestCaseExecutor.java:410)
	at com.kms.katalon.core.main.TestCaseExecutor.execute(TestCaseExecutor.java:285)
	at com.kms.katalon.core.common.CommonExecutor.accessTestCaseMainPhase(CommonExecutor.java:65)
	at com.kms.katalon.core.main.TestSuiteExecutor.accessTestSuiteMainPhase(TestSuiteExecutor.java:150)
	at com.kms.katalon.core.main.TestSuiteExecutor.execute(TestSuiteExecutor.java:106)
	at com.kms.katalon.core.main.TestCaseMain.startTestSuite(TestCaseMain.java:180)
	at TempTestSuite1737488279906.run(TempTestSuite1737488279906.groovy:35)
	at java.base/jdk.internal.reflect.NativeMethodAccessorImpl.invoke0(Native Method)
	at java.base/jdk.internal.reflect.NativeMethodAccessorImpl.invoke(NativeMethodAccessorImpl.java:77)
	at java.base/jdk.internal.reflect.DelegatingMethodAccessorImpl.invoke(DelegatingMethodAccessorImpl.java:43)
Caused by: com.kms.katalon.core.exception.StepFailedException: Unable to set text 'automation@lightningstep.com' of object 'Object Repository/Common Cases Repository/Login/Page_Lightning Step/input_Email_email'
	at com.kms.katalon.core.webui.keyword.internal.WebUIKeywordMain.stepFailed(WebUIKeywordMain.groovy:117)
	at com.kms.katalon.core.webui.keyword.internal.WebUIKeywordMain.runKeyword(WebUIKeywordMain.groovy:43)
	at com.kms.katalon.core.webui.keyword.builtin.SetTextKeyword.setText(SetTextKeyword.groovy:85)
	at com.kms.katalon.core.webui.keyword.builtin.SetTextKeyword.execute(SetTextKeyword.groovy:39)
	at com.kms.katalon.core.keyword.internal.KeywordExecutor.executeKeywordForPlatform(KeywordExecutor.groovy:74)
	at com.kms.katalon.core.webui.keyword.WebUiBuiltInKeywords.setText(WebUiBuiltInKeywords.groovy:1019)
	at Login.run(Login:26)
	at com.kms.katalon.core.main.ScriptEngine.run(ScriptEngine.java:194)
	at com.kms.katalon.core.main.ScriptEngine.runScriptAsRawText(ScriptEngine.java:119)
	at com.kms.katalon.core.main.TestCaseExecutor.runScript(TestCaseExecutor.java:448)
	at com.kms.katalon.core.main.TestCaseExecutor.doExecute(TestCaseExecutor.java:439)
	at com.kms.katalon.core.main.TestCaseExecutor.processExecutionPhase(TestCaseExecutor.java:418)
	at com.kms.katalon.core.main.TestCaseExecutor.accessMainPhase(TestCaseExecutor.java:410)
	at com.kms.katalon.core.main.TestCaseExecutor.execute(TestCaseExecutor.java:285)
	at com.kms.katalon.core.main.TestCaseMain.runTestCase(TestCaseMain.java:137)
	at com.kms.katalon.core.keyword.builtin.CallTestCaseKeyword$_callTestCase_closure1.doCall(CallTestCaseKeyword.groovy:59)
	... 25 more
Caused by: com.kms.katalon.core.webui.exception.WebElementNotFoundException: Web element with id: 'Object Repository/Common Cases Repository/Login/Page_Lightning Step/input_Email_email' located by '//input[@id='email-input']' not found
	at com.kms.katalon.core.webui.common.WebUiCommonHelper.findWebElement(WebUiCommonHelper.java:1423)
	at com.kms.katalon.core.webui.keyword.internal.WebUIAbstractKeyword.findWebElement(WebUIAbstractKeyword.groovy:27)
	at com.kms.katalon.core.webui.keyword.internal.WebUIAbstractKeyword.findWebElement(WebUIAbstractKeyword.groovy:26)
	at com.kms.katalon.core.webui.keyword.builtin.SetTextKeyword$_setText_closure1.doCall(SetTextKeyword.groovy:53)
	at com.kms.katalon.core.webui.keyword.builtin.SetTextKeyword$_setText_closure1.call(SetTextKeyword.groovy)
	at com.kms.katalon.core.webui.keyword.internal.WebUIKeywordMain.runKeyword(WebUIKeywordMain.groovy:35)
	... 39 more]]></system-err>
      </testcase>
      <testcase name="Test Cases/Specific Cases/LS/General/Census/Census/Census_Sorting" time="71.582" classname="Test Cases/Specific Cases/LS/General/Census/Census/Census_Sorting" status="FAILED">
         <failure type="FAILED" message="Test Cases/Specific Cases/LS/General/Census/Census/Census_Sorting FAILED.&#xa;Reason:&#xa;com.kms.katalon.core.exception.StepFailedException: Unable to click on object 'Object Repository/Specific Cases Repository/LS/Home/Census/Census Sorting/Page_Home/th_Program'&#xa;	at com.kms.katalon.core.webui.keyword.internal.WebUIKeywordMain.stepFailed(WebUIKeywordMain.groovy:117)&#xa;	at com.kms.katalon.core.webui.keyword.internal.WebUIKeywordMain.runKeyword(WebUIKeywordMain.groovy:43)&#xa;	at com.kms.katalon.core.webui.keyword.builtin.ClickKeyword.click(ClickKeyword.groovy:74)&#xa;	at com.kms.katalon.core.webui.keyword.builtin.ClickKeyword.execute(ClickKeyword.groovy:40)&#xa;	at com.kms.katalon.core.keyword.internal.KeywordExecutor.executeKeywordForPlatform(KeywordExecutor.groovy:74)&#xa;	at com.kms.katalon.core.webui.keyword.WebUiBuiltInKeywords.click(WebUiBuiltInKeywords.groovy:659)&#xa;	at Census_Sorting.run(Census_Sorting:54)&#xa;	at com.kms.katalon.core.main.ScriptEngine.run(ScriptEngine.java:194)&#xa;	at com.kms.katalon.core.main.ScriptEngine.runScriptAsRawText(ScriptEngine.java:119)&#xa;	at com.kms.katalon.core.main.TestCaseExecutor.runScript(TestCaseExecutor.java:448)&#xa;	at com.kms.katalon.core.main.TestCaseExecutor.doExecute(TestCaseExecutor.java:439)&#xa;	at com.kms.katalon.core.main.TestCaseExecutor.processExecutionPhase(TestCaseExecutor.java:418)&#xa;	at com.kms.katalon.core.main.TestCaseExecutor.accessMainPhase(TestCaseExecutor.java:410)&#xa;	at com.kms.katalon.core.main.TestCaseExecutor.execute(TestCaseExecutor.java:285)&#xa;	at com.kms.katalon.core.common.CommonExecutor.accessTestCaseMainPhase(CommonExecutor.java:65)&#xa;	at com.kms.katalon.core.main.TestSuiteExecutor.accessTestSuiteMainPhase(TestSuiteExecutor.java:150)&#xa;	at com.kms.katalon.core.main.TestSuiteExecutor.execute(TestSuiteExecutor.java:106)&#xa;	at com.kms.katalon.core.main.TestCaseMain.startTestSuite(TestCaseMain.java:180)&#xa;	at TempTestSuite1737488279906.run(TempTestSuite1737488279906.groovy:35)&#xa;	at java.base/jdk.internal.reflect.NativeMethodAccessorImpl.invoke0(Native Method)&#xa;	at java.base/jdk.internal.reflect.NativeMethodAccessorImpl.invoke(NativeMethodAccessorImpl.java:77)&#xa;	at java.base/jdk.internal.reflect.DelegatingMethodAccessorImpl.invoke(DelegatingMethodAccessorImpl.java:43)&#xa;Caused by: org.openqa.selenium.ElementNotInteractableException: element not interactable&#xa;  (Session info: chrome=131.0.6778.265)&#xa;Build info: version: '3.141.59', revision: 'unknown', time: 'unknown'&#xa;System info: host: 'ENRIQUE', ip: '192.168.100.147', os.name: 'Windows 11', os.arch: 'amd64', os.version: '10.0', java.version: '17.0.7'&#xa;Driver info: com.kms.katalon.selenium.driver.CChromeDriver&#xa;Capabilities {acceptInsecureCerts: false, browserName: chrome, browserVersion: 131.0.6778.265, chrome: {chromedriverVersion: 130.0.6723.58 (3a50e012e4c9..., userDataDir: C:\Users\Enrique\AppData\Lo...}, fedcm:accounts: true, goog:chromeOptions: {debuggerAddress: localhost:64829}, javascriptEnabled: true, networkConnectionEnabled: false, pageLoadStrategy: normal, platform: WINDOWS, platformName: WINDOWS, proxy: Proxy(), setWindowRect: true, strictFileInteractability: false, timeouts: {implicit: 0, pageLoad: 300000, script: 30000}, unhandledPromptBehavior: dismiss and notify, webauthn:extension:credBlob: true, webauthn:extension:largeBlob: true, webauthn:extension:minPinLength: true, webauthn:extension:prf: true, webauthn:virtualAuthenticators: true}&#xa;Session ID: f59d925e60ae8125417ef4e57632af57&#xa;	at java.base/jdk.internal.reflect.NativeConstructorAccessorImpl.newInstance0(Native Method)&#xa;	at java.base/jdk.internal.reflect.NativeConstructorAccessorImpl.newInstance(NativeConstructorAccessorImpl.java:77)&#xa;	at java.base/jdk.internal.reflect.DelegatingConstructorAccessorImpl.newInstance(DelegatingConstructorAccessorImpl.java:45)&#xa;	at org.openqa.selenium.remote.http.W3CHttpResponseCodec.createException(W3CHttpResponseCodec.java:187)&#xa;	at org.openqa.selenium.remote.http.W3CHttpResponseCodec.decode(W3CHttpResponseCodec.java:122)&#xa;	at org.openqa.selenium.remote.http.W3CHttpResponseCodec.decode(W3CHttpResponseCodec.java:49)&#xa;	at org.openqa.selenium.remote.HttpCommandExecutor.execute(HttpCommandExecutor.java:158)&#xa;	at org.openqa.selenium.remote.service.DriverCommandExecutor.execute(DriverCommandExecutor.java:83)&#xa;	at org.openqa.selenium.remote.RemoteWebDriver.execute(RemoteWebDriver.java:552)&#xa;	at com.kms.katalon.selenium.driver.CChromeDriver.execute(CChromeDriver.java:19)&#xa;	at org.openqa.selenium.remote.RemoteWebElement.execute(RemoteWebElement.java:285)&#xa;	at org.openqa.selenium.remote.RemoteWebElement.click(RemoteWebElement.java:84)&#xa;	at jdk.internal.reflect.GeneratedMethodAccessor16.invoke(Unknown Source)&#xa;	at java.base/jdk.internal.reflect.DelegatingMethodAccessorImpl.invoke(DelegatingMethodAccessorImpl.java:43)&#xa;	at org.openqa.selenium.support.events.EventFiringWebDriver$EventFiringWebElement.lambda$new$0(EventFiringWebDriver.java:404)&#xa;	at jdk.proxy2/jdk.proxy2.$Proxy24.click(Unknown Source)&#xa;	at org.openqa.selenium.support.events.EventFiringWebDriver$EventFiringWebElement.click(EventFiringWebDriver.java:417)&#xa;	at org.openqa.selenium.WebElement$click.call(Unknown Source)&#xa;	at com.kms.katalon.core.webui.keyword.builtin.ClickKeyword.clickUntilSuccessWithTimeout(ClickKeyword.groovy:81)&#xa;	at com.kms.katalon.core.webui.keyword.builtin.ClickKeyword.clickUntilSuccessWithTimeout(ClickKeyword.groovy)&#xa;	at jdk.internal.reflect.GeneratedMethodAccessor14.invoke(Unknown Source)&#xa;	at java.base/jdk.internal.reflect.DelegatingMethodAccessorImpl.invoke(DelegatingMethodAccessorImpl.java:43)&#xa;	at com.kms.katalon.core.webui.keyword.builtin.ClickKeyword$_click_closure1.doCall(ClickKeyword.groovy:67)&#xa;	at com.kms.katalon.core.webui.keyword.builtin.ClickKeyword$_click_closure1.call(ClickKeyword.groovy)&#xa;	at com.kms.katalon.core.webui.keyword.internal.WebUIKeywordMain.runKeyword(WebUIKeywordMain.groovy:35)&#xa;	... 20 more&#xa;"/>
         <system-out><![CDATA[21-01-2025T14:41:08 - [TEST_CASE][FAILED] - Test Cases/Specific Cases/LS/General/Census/Census/Census_Sorting: Test Cases/Specific Cases/LS/General/Census/Census/Census_Sorting FAILED.
Reason:
com.kms.katalon.core.exception.StepFailedException: Unable to click on object 'Object Repository/Specific Cases Repository/LS/Home/Census/Census Sorting/Page_Home/th_Program'
	at com.kms.katalon.core.webui.keyword.internal.WebUIKeywordMain.stepFailed(WebUIKeywordMain.groovy:117)
	at com.kms.katalon.core.webui.keyword.internal.WebUIKeywordMain.runKeyword(WebUIKeywordMain.groovy:43)
	at com.kms.katalon.core.webui.keyword.builtin.ClickKeyword.click(ClickKeyword.groovy:74)
	at com.kms.katalon.core.webui.keyword.builtin.ClickKeyword.execute(ClickKeyword.groovy:40)
	at com.kms.katalon.core.keyword.internal.KeywordExecutor.executeKeywordForPlatform(KeywordExecutor.groovy:74)
	at com.kms.katalon.core.webui.keyword.WebUiBuiltInKeywords.click(WebUiBuiltInKeywords.groovy:659)
	at Census_Sorting.run(Census_Sorting:54)
	at com.kms.katalon.core.main.ScriptEngine.run(ScriptEngine.java:194)
	at com.kms.katalon.core.main.ScriptEngine.runScriptAsRawText(ScriptEngine.java:119)
	at com.kms.katalon.core.main.TestCaseExecutor.runScript(TestCaseExecutor.java:448)
	at com.kms.katalon.core.main.TestCaseExecutor.doExecute(TestCaseExecutor.java:439)
	at com.kms.katalon.core.main.TestCaseExecutor.processExecutionPhase(TestCaseExecutor.java:418)
	at com.kms.katalon.core.main.TestCaseExecutor.accessMainPhase(TestCaseExecutor.java:410)
	at com.kms.katalon.core.main.TestCaseExecutor.execute(TestCaseExecutor.java:285)
	at com.kms.katalon.core.common.CommonExecutor.accessTestCaseMainPhase(CommonExecutor.java:65)
	at com.kms.katalon.core.main.TestSuiteExecutor.accessTestSuiteMainPhase(TestSuiteExecutor.java:150)
	at com.kms.katalon.core.main.TestSuiteExecutor.execute(TestSuiteExecutor.java:106)
	at com.kms.katalon.core.main.TestCaseMain.startTestSuite(TestCaseMain.java:180)
	at TempTestSuite1737488279906.run(TempTestSuite1737488279906.groovy:35)
	at java.base/jdk.internal.reflect.NativeMethodAccessorImpl.invoke0(Native Method)
	at java.base/jdk.internal.reflect.NativeMethodAccessorImpl.invoke(NativeMethodAccessorImpl.java:77)
	at java.base/jdk.internal.reflect.DelegatingMethodAccessorImpl.invoke(DelegatingMethodAccessorImpl.java:43)
Caused by: org.openqa.selenium.ElementNotInteractableException: element not interactable
  (Session info: chrome=131.0.6778.265)
Build info: version: '3.141.59', revision: 'unknown', time: 'unknown'
System info: host: 'ENRIQUE', ip: '192.168.100.147', os.name: 'Windows 11', os.arch: 'amd64', os.version: '10.0', java.version: '17.0.7'
Driver info: com.kms.katalon.selenium.driver.CChromeDriver
Capabilities {acceptInsecureCerts: false, browserName: chrome, browserVersion: 131.0.6778.265, chrome: {chromedriverVersion: 130.0.6723.58 (3a50e012e4c9..., userDataDir: C:\Users\Enrique\AppData\Lo...}, fedcm:accounts: true, goog:chromeOptions: {debuggerAddress: localhost:64829}, javascriptEnabled: true, networkConnectionEnabled: false, pageLoadStrategy: normal, platform: WINDOWS, platformName: WINDOWS, proxy: Proxy(), setWindowRect: true, strictFileInteractability: false, timeouts: {implicit: 0, pageLoad: 300000, script: 30000}, unhandledPromptBehavior: dismiss and notify, webauthn:extension:credBlob: true, webauthn:extension:largeBlob: true, webauthn:extension:minPinLength: true, webauthn:extension:prf: true, webauthn:virtualAuthenticators: true}
Session ID: f59d925e60ae8125417ef4e57632af57
	at java.base/jdk.internal.reflect.NativeConstructorAccessorImpl.newInstance0(Native Method)
	at java.base/jdk.internal.reflect.NativeConstructorAccessorImpl.newInstance(NativeConstructorAccessorImpl.java:77)
	at java.base/jdk.internal.reflect.DelegatingConstructorAccessorImpl.newInstance(DelegatingConstructorAccessorImpl.java:45)
	at org.openqa.selenium.remote.http.W3CHttpResponseCodec.createException(W3CHttpResponseCodec.java:187)
	at org.openqa.selenium.remote.http.W3CHttpResponseCodec.decode(W3CHttpResponseCodec.java:122)
	at org.openqa.selenium.remote.http.W3CHttpResponseCodec.decode(W3CHttpResponseCodec.java:49)
	at org.openqa.selenium.remote.HttpCommandExecutor.execute(HttpCommandExecutor.java:158)
	at org.openqa.selenium.remote.service.DriverCommandExecutor.execute(DriverCommandExecutor.java:83)
	at org.openqa.selenium.remote.RemoteWebDriver.execute(RemoteWebDriver.java:552)
	at com.kms.katalon.selenium.driver.CChromeDriver.execute(CChromeDriver.java:19)
	at org.openqa.selenium.remote.RemoteWebElement.execute(RemoteWebElement.java:285)
	at org.openqa.selenium.remote.RemoteWebElement.click(RemoteWebElement.java:84)
	at jdk.internal.reflect.GeneratedMethodAccessor16.invoke(Unknown Source)
	at java.base/jdk.internal.reflect.DelegatingMethodAccessorImpl.invoke(DelegatingMethodAccessorImpl.java:43)
	at org.openqa.selenium.support.events.EventFiringWebDriver$EventFiringWebElement.lambda$new$0(EventFiringWebDriver.java:404)
	at jdk.proxy2/jdk.proxy2.$Proxy24.click(Unknown Source)
	at org.openqa.selenium.support.events.EventFiringWebDriver$EventFiringWebElement.click(EventFiringWebDriver.java:417)
	at org.openqa.selenium.WebElement$click.call(Unknown Source)
	at com.kms.katalon.core.webui.keyword.builtin.ClickKeyword.clickUntilSuccessWithTimeout(ClickKeyword.groovy:81)
	at com.kms.katalon.core.webui.keyword.builtin.ClickKeyword.clickUntilSuccessWithTimeout(ClickKeyword.groovy)
	at jdk.internal.reflect.GeneratedMethodAccessor14.invoke(Unknown Source)
	at java.base/jdk.internal.reflect.DelegatingMethodAccessorImpl.invoke(DelegatingMethodAccessorImpl.java:43)
	at com.kms.katalon.core.webui.keyword.builtin.ClickKeyword$_click_closure1.doCall(ClickKeyword.groovy:67)
	at com.kms.katalon.core.webui.keyword.builtin.ClickKeyword$_click_closure1.call(ClickKeyword.groovy)
	at com.kms.katalon.core.webui.keyword.internal.WebUIKeywordMain.runKeyword(WebUIKeywordMain.groovy:35)
	... 20 more


21-01-2025T14:41:08 - [TEST_STEP][PASSED] - callTestCase(findTestCase("Common Cases/Login"), [:], STOP_ON_FAILURE): Call Test Case 'Test Cases/Common Cases/Login' successfully

21-01-2025T14:41:08 - [TEST_CASE][PASSED] - Test Cases/Common Cases/Login: Test Cases/Common Cases/Login

21-01-2025T14:41:08 - [TEST_STEP][PASSED] - openBrowser(""): Browser is opened with url: ''

21-01-2025T14:41:08 - [MESSAGE][WARNING] - A browser is already opened. Closing browser and opening a new one

21-01-2025T14:41:09 - [MESSAGE][INFO] - Starting 'Chrome' driver

21-01-2025T14:41:09 - [MESSAGE][INFO] - Action delay is set to 0 milliseconds

21-01-2025T14:41:11 - [MESSAGE][PASSED] - Browser is opened with url: ''

21-01-2025T14:41:11 - [TEST_STEP][PASSED] - maximizeWindow(): Current window maximized

21-01-2025T14:41:11 - [MESSAGE][PASSED] - Current window maximized

21-01-2025T14:41:11 - [TEST_STEP][PASSED] - navigateToUrl("https://site17.lsapp.cloud/auth/login"): Navigate to 'https://site17.lsapp.cloud/auth/login' successfully

21-01-2025T14:41:16 - [MESSAGE][PASSED] - Navigate to 'https://site17.lsapp.cloud/auth/login' successfully

21-01-2025T14:41:16 - [TEST_STEP][PASSED] - setText(findTestObject("Object Repository/Common Cases Repository/Login/Page_Lightning Step/input_Email_email"), "automation@lightningstep.com"): Text 'automation@lightningstep.com' is set on object 'Object Repository/Common Cases Repository/Login/Page_Lightning Step/input_Email_email'

21-01-2025T14:41:20 - [MESSAGE][PASSED] - Text 'automation@lightningstep.com' is set on object 'Object Repository/Common Cases Repository/Login/Page_Lightning Step/input_Email_email'

21-01-2025T14:41:20 - [TEST_STEP][PASSED] - setEncryptedText(findTestObject("Object Repository/Common Cases Repository/Login/Page_Lightning Step/input_Password_password"), "e5N8VHmnhJDITtQaQhDQDw=="): Text ****** has been set on object 'Object Repository/Common Cases Repository/Login/Page_Lightning Step/input_Password_password'

21-01-2025T14:41:21 - [MESSAGE][PASSED] - Text ****** has been set on object 'Object Repository/Common Cases Repository/Login/Page_Lightning Step/input_Password_password'

21-01-2025T14:41:21 - [TEST_STEP][PASSED] - click(findTestObject("Object Repository/Common Cases Repository/Login/Page_Lightning Step/button_Sign in")): Object: 'Object Repository/Common Cases Repository/Login/Page_Lightning Step/button_Sign in' is clicked on

21-01-2025T14:41:29 - [MESSAGE][PASSED] - Object: 'Object Repository/Common Cases Repository/Login/Page_Lightning Step/button_Sign in' is clicked on

21-01-2025T14:41:29 - [MESSAGE][PASSED] - Call Test Case 'Test Cases/Common Cases/Login' successfully

21-01-2025T14:41:29 - [TEST_STEP][PASSED] - click(findTestObject("Object Repository/Specific Cases Repository/LS/Home/Census/Census Sorting/Page_Home/a_Census")): Object: 'Object Repository/Specific Cases Repository/LS/Home/Census/Census Sorting/Page_Home/a_Census' is clicked on

21-01-2025T14:41:31 - [MESSAGE][PASSED] - Object: 'Object Repository/Specific Cases Repository/LS/Home/Census/Census Sorting/Page_Home/a_Census' is clicked on

21-01-2025T14:41:31 - [TEST_STEP][PASSED] - click(findTestObject("Object Repository/Specific Cases Repository/LS/Home/Census/Census Sorting/Page_Home/th_Client")): Object: 'Object Repository/Specific Cases Repository/LS/Home/Census/Census Sorting/Page_Home/th_Client' is clicked on

21-01-2025T14:41:33 - [MESSAGE][PASSED] - Object: 'Object Repository/Specific Cases Repository/LS/Home/Census/Census Sorting/Page_Home/th_Client' is clicked on

21-01-2025T14:41:33 - [TEST_STEP][PASSED] - click(findTestObject("Object Repository/Specific Cases Repository/LS/Home/Census/Census Sorting/Page_Home/th_Client")): Object: 'Object Repository/Specific Cases Repository/LS/Home/Census/Census Sorting/Page_Home/th_Client' is clicked on

21-01-2025T14:41:34 - [MESSAGE][PASSED] - Object: 'Object Repository/Specific Cases Repository/LS/Home/Census/Census Sorting/Page_Home/th_Client' is clicked on

21-01-2025T14:41:34 - [TEST_STEP][PASSED] - click(findTestObject("Object Repository/Specific Cases Repository/LS/Home/Census/Census Sorting/Page_Home/th_Client")): Object: 'Object Repository/Specific Cases Repository/LS/Home/Census/Census Sorting/Page_Home/th_Client' is clicked on

21-01-2025T14:41:35 - [MESSAGE][PASSED] - Object: 'Object Repository/Specific Cases Repository/LS/Home/Census/Census Sorting/Page_Home/th_Client' is clicked on

21-01-2025T14:41:35 - [TEST_STEP][PASSED] - click(findTestObject("Object Repository/Specific Cases Repository/LS/Home/Census/Census Sorting/Page_Home/th_MRN")): Object: 'Object Repository/Specific Cases Repository/LS/Home/Census/Census Sorting/Page_Home/th_MRN' is clicked on

21-01-2025T14:41:36 - [MESSAGE][PASSED] - Object: 'Object Repository/Specific Cases Repository/LS/Home/Census/Census Sorting/Page_Home/th_MRN' is clicked on

21-01-2025T14:41:36 - [TEST_STEP][PASSED] - click(findTestObject("Object Repository/Specific Cases Repository/LS/Home/Census/Census Sorting/Page_Home/th_MRN")): Object: 'Object Repository/Specific Cases Repository/LS/Home/Census/Census Sorting/Page_Home/th_MRN' is clicked on

21-01-2025T14:41:37 - [MESSAGE][PASSED] - Object: 'Object Repository/Specific Cases Repository/LS/Home/Census/Census Sorting/Page_Home/th_MRN' is clicked on

21-01-2025T14:41:37 - [TEST_STEP][PASSED] - click(findTestObject("Object Repository/Specific Cases Repository/LS/Home/Census/Census Sorting/Page_Home/th_MRN")): Object: 'Object Repository/Specific Cases Repository/LS/Home/Census/Census Sorting/Page_Home/th_MRN' is clicked on

21-01-2025T14:41:38 - [MESSAGE][PASSED] - Object: 'Object Repository/Specific Cases Repository/LS/Home/Census/Census Sorting/Page_Home/th_MRN' is clicked on

21-01-2025T14:41:38 - [TEST_STEP][PASSED] - click(findTestObject("Object Repository/Specific Cases Repository/LS/Home/Census/Census Sorting/Page_Home/th_DOB")): Object: 'Object Repository/Specific Cases Repository/LS/Home/Census/Census Sorting/Page_Home/th_DOB' is clicked on

21-01-2025T14:41:39 - [MESSAGE][PASSED] - Object: 'Object Repository/Specific Cases Repository/LS/Home/Census/Census Sorting/Page_Home/th_DOB' is clicked on

21-01-2025T14:41:39 - [TEST_STEP][PASSED] - click(findTestObject("Object Repository/Specific Cases Repository/LS/Home/Census/Census Sorting/Page_Home/th_DOB")): Object: 'Object Repository/Specific Cases Repository/LS/Home/Census/Census Sorting/Page_Home/th_DOB' is clicked on

21-01-2025T14:41:40 - [MESSAGE][PASSED] - Object: 'Object Repository/Specific Cases Repository/LS/Home/Census/Census Sorting/Page_Home/th_DOB' is clicked on

21-01-2025T14:41:40 - [TEST_STEP][PASSED] - click(findTestObject("Object Repository/Specific Cases Repository/LS/Home/Census/Census Sorting/Page_Home/th_DOB")): Object: 'Object Repository/Specific Cases Repository/LS/Home/Census/Census Sorting/Page_Home/th_DOB' is clicked on

21-01-2025T14:41:41 - [MESSAGE][PASSED] - Object: 'Object Repository/Specific Cases Repository/LS/Home/Census/Census Sorting/Page_Home/th_DOB' is clicked on

21-01-2025T14:41:41 - [TEST_STEP][PASSED] - click(findTestObject("Object Repository/Specific Cases Repository/LS/Home/Census/Census Sorting/Page_Home/th_Admission")): Object: 'Object Repository/Specific Cases Repository/LS/Home/Census/Census Sorting/Page_Home/th_Admission' is clicked on

21-01-2025T14:41:42 - [MESSAGE][PASSED] - Object: 'Object Repository/Specific Cases Repository/LS/Home/Census/Census Sorting/Page_Home/th_Admission' is clicked on

21-01-2025T14:41:42 - [TEST_STEP][PASSED] - click(findTestObject("Object Repository/Specific Cases Repository/LS/Home/Census/Census Sorting/Page_Home/th_Admission")): Object: 'Object Repository/Specific Cases Repository/LS/Home/Census/Census Sorting/Page_Home/th_Admission' is clicked on

21-01-2025T14:41:43 - [MESSAGE][PASSED] - Object: 'Object Repository/Specific Cases Repository/LS/Home/Census/Census Sorting/Page_Home/th_Admission' is clicked on

21-01-2025T14:41:43 - [TEST_STEP][PASSED] - click(findTestObject("Object Repository/Specific Cases Repository/LS/Home/Census/Census Sorting/Page_Home/th_Admission")): Object: 'Object Repository/Specific Cases Repository/LS/Home/Census/Census Sorting/Page_Home/th_Admission' is clicked on

21-01-2025T14:41:44 - [MESSAGE][PASSED] - Object: 'Object Repository/Specific Cases Repository/LS/Home/Census/Census Sorting/Page_Home/th_Admission' is clicked on

21-01-2025T14:41:44 - [TEST_STEP][PASSED] - click(findTestObject("Object Repository/Specific Cases Repository/LS/Home/Census/Census Sorting/Page_Home/th_Program Admission")): Object: 'Object Repository/Specific Cases Repository/LS/Home/Census/Census Sorting/Page_Home/th_Program Admission' is clicked on

21-01-2025T14:41:45 - [MESSAGE][PASSED] - Object: 'Object Repository/Specific Cases Repository/LS/Home/Census/Census Sorting/Page_Home/th_Program Admission' is clicked on

21-01-2025T14:41:45 - [TEST_STEP][PASSED] - click(findTestObject("Object Repository/Specific Cases Repository/LS/Home/Census/Census Sorting/Page_Home/th_Program Admission")): Object: 'Object Repository/Specific Cases Repository/LS/Home/Census/Census Sorting/Page_Home/th_Program Admission' is clicked on

21-01-2025T14:41:45 - [MESSAGE][PASSED] - Object: 'Object Repository/Specific Cases Repository/LS/Home/Census/Census Sorting/Page_Home/th_Program Admission' is clicked on

21-01-2025T14:41:45 - [TEST_STEP][PASSED] - click(findTestObject("Object Repository/Specific Cases Repository/LS/Home/Census/Census Sorting/Page_Home/th_Program Admission")): Object: 'Object Repository/Specific Cases Repository/LS/Home/Census/Census Sorting/Page_Home/th_Program Admission' is clicked on

21-01-2025T14:41:46 - [MESSAGE][PASSED] - Object: 'Object Repository/Specific Cases Repository/LS/Home/Census/Census Sorting/Page_Home/th_Program Admission' is clicked on

21-01-2025T14:41:46 - [TEST_STEP][FAILED] - click(findTestObject("Object Repository/Specific Cases Repository/LS/Home/Census/Census Sorting/Page_Home/th_Program")): Unable to click on object 'Object Repository/Specific Cases Repository/LS/Home/Census/Census Sorting/Page_Home/th_Program' (Root cause: com.kms.katalon.core.exception.StepFailedException: Unable to click on object 'Object Repository/Specific Cases Repository/LS/Home/Census/Census Sorting/Page_Home/th_Program'
	at com.kms.katalon.core.webui.keyword.internal.WebUIKeywordMain.stepFailed(WebUIKeywordMain.groovy:117)
	at com.kms.katalon.core.webui.keyword.internal.WebUIKeywordMain.runKeyword(WebUIKeywordMain.groovy:43)
	at com.kms.katalon.core.webui.keyword.builtin.ClickKeyword.click(ClickKeyword.groovy:74)
	at com.kms.katalon.core.webui.keyword.builtin.ClickKeyword.execute(ClickKeyword.groovy:40)
	at com.kms.katalon.core.keyword.internal.KeywordExecutor.executeKeywordForPlatform(KeywordExecutor.groovy:74)
	at com.kms.katalon.core.webui.keyword.WebUiBuiltInKeywords.click(WebUiBuiltInKeywords.groovy:659)
	at Census_Sorting.run(Census_Sorting:54)
	at com.kms.katalon.core.main.ScriptEngine.run(ScriptEngine.java:194)
	at com.kms.katalon.core.main.ScriptEngine.runScriptAsRawText(ScriptEngine.java:119)
	at com.kms.katalon.core.main.TestCaseExecutor.runScript(TestCaseExecutor.java:448)
	at com.kms.katalon.core.main.TestCaseExecutor.doExecute(TestCaseExecutor.java:439)
	at com.kms.katalon.core.main.TestCaseExecutor.processExecutionPhase(TestCaseExecutor.java:418)
	at com.kms.katalon.core.main.TestCaseExecutor.accessMainPhase(TestCaseExecutor.java:410)
	at com.kms.katalon.core.main.TestCaseExecutor.execute(TestCaseExecutor.java:285)
	at com.kms.katalon.core.common.CommonExecutor.accessTestCaseMainPhase(CommonExecutor.java:65)
	at com.kms.katalon.core.main.TestSuiteExecutor.accessTestSuiteMainPhase(TestSuiteExecutor.java:150)
	at com.kms.katalon.core.main.TestSuiteExecutor.execute(TestSuiteExecutor.java:106)
	at com.kms.katalon.core.main.TestCaseMain.startTestSuite(TestCaseMain.java:180)
	at TempTestSuite1737488279906.run(TempTestSuite1737488279906.groovy:35)
	at java.base/jdk.internal.reflect.NativeMethodAccessorImpl.invoke0(Native Method)
	at java.base/jdk.internal.reflect.NativeMethodAccessorImpl.invoke(NativeMethodAccessorImpl.java:77)
	at java.base/jdk.internal.reflect.DelegatingMethodAccessorImpl.invoke(DelegatingMethodAccessorImpl.java:43)
Caused by: org.openqa.selenium.ElementNotInteractableException: element not interactable
  (Session info: chrome=131.0.6778.265)
Build info: version: '3.141.59', revision: 'unknown', time: 'unknown'
System info: host: 'ENRIQUE', ip: '192.168.100.147', os.name: 'Windows 11', os.arch: 'amd64', os.version: '10.0', java.version: '17.0.7'
Driver info: com.kms.katalon.selenium.driver.CChromeDriver
Capabilities {acceptInsecureCerts: false, browserName: chrome, browserVersion: 131.0.6778.265, chrome: {chromedriverVersion: 130.0.6723.58 (3a50e012e4c9..., userDataDir: C:\Users\Enrique\AppData\Lo...}, fedcm:accounts: true, goog:chromeOptions: {debuggerAddress: localhost:64829}, javascriptEnabled: true, networkConnectionEnabled: false, pageLoadStrategy: normal, platform: WINDOWS, platformName: WINDOWS, proxy: Proxy(), setWindowRect: true, strictFileInteractability: false, timeouts: {implicit: 0, pageLoad: 300000, script: 30000}, unhandledPromptBehavior: dismiss and notify, webauthn:extension:credBlob: true, webauthn:extension:largeBlob: true, webauthn:extension:minPinLength: true, webauthn:extension:prf: true, webauthn:virtualAuthenticators: true}
Session ID: f59d925e60ae8125417ef4e57632af57
	at java.base/jdk.internal.reflect.NativeConstructorAccessorImpl.newInstance0(Native Method)
	at java.base/jdk.internal.reflect.NativeConstructorAccessorImpl.newInstance(NativeConstructorAccessorImpl.java:77)
	at java.base/jdk.internal.reflect.DelegatingConstructorAccessorImpl.newInstance(DelegatingConstructorAccessorImpl.java:45)
	at org.openqa.selenium.remote.http.W3CHttpResponseCodec.createException(W3CHttpResponseCodec.java:187)
	at org.openqa.selenium.remote.http.W3CHttpResponseCodec.decode(W3CHttpResponseCodec.java:122)
	at org.openqa.selenium.remote.http.W3CHttpResponseCodec.decode(W3CHttpResponseCodec.java:49)
	at org.openqa.selenium.remote.HttpCommandExecutor.execute(HttpCommandExecutor.java:158)
	at org.openqa.selenium.remote.service.DriverCommandExecutor.execute(DriverCommandExecutor.java:83)
	at org.openqa.selenium.remote.RemoteWebDriver.execute(RemoteWebDriver.java:552)
	at com.kms.katalon.selenium.driver.CChromeDriver.execute(CChromeDriver.java:19)
	at org.openqa.selenium.remote.RemoteWebElement.execute(RemoteWebElement.java:285)
	at org.openqa.selenium.remote.RemoteWebElement.click(RemoteWebElement.java:84)
	at jdk.internal.reflect.GeneratedMethodAccessor16.invoke(Unknown Source)
	at java.base/jdk.internal.reflect.DelegatingMethodAccessorImpl.invoke(DelegatingMethodAccessorImpl.java:43)
	at org.openqa.selenium.support.events.EventFiringWebDriver$EventFiringWebElement.lambda$new$0(EventFiringWebDriver.java:404)
	at jdk.proxy2/jdk.proxy2.$Proxy24.click(Unknown Source)
	at org.openqa.selenium.support.events.EventFiringWebDriver$EventFiringWebElement.click(EventFiringWebDriver.java:417)
	at org.openqa.selenium.WebElement$click.call(Unknown Source)
	at com.kms.katalon.core.webui.keyword.builtin.ClickKeyword.clickUntilSuccessWithTimeout(ClickKeyword.groovy:81)
	at com.kms.katalon.core.webui.keyword.builtin.ClickKeyword.clickUntilSuccessWithTimeout(ClickKeyword.groovy)
	at jdk.internal.reflect.GeneratedMethodAccessor14.invoke(Unknown Source)
	at java.base/jdk.internal.reflect.DelegatingMethodAccessorImpl.invoke(DelegatingMethodAccessorImpl.java:43)
	at com.kms.katalon.core.webui.keyword.builtin.ClickKeyword$_click_closure1.doCall(ClickKeyword.groovy:67)
	at com.kms.katalon.core.webui.keyword.builtin.ClickKeyword$_click_closure1.call(ClickKeyword.groovy)
	at com.kms.katalon.core.webui.keyword.internal.WebUIKeywordMain.runKeyword(WebUIKeywordMain.groovy:35)
	at com.kms.katalon.core.webui.keyword.builtin.ClickKeyword.click(ClickKeyword.groovy:74)
	at com.kms.katalon.core.webui.keyword.builtin.ClickKeyword.execute(ClickKeyword.groovy:40)
	at com.kms.katalon.core.keyword.internal.KeywordExecutor.executeKeywordForPlatform(KeywordExecutor.groovy:74)
	at com.kms.katalon.core.webui.keyword.WebUiBuiltInKeywords.click(WebUiBuiltInKeywords.groovy:659)
	at Script1727458510385.run(Script1727458510385.groovy:54)
	... 15 more
)

21-01-2025T14:42:17 - [MESSAGE][INFO] - Unable to find the element located by 'By.xpath: //table[@id='tblclients']/thead/tr/th[6]'. Please recheck the objects properties to make sure the desired element is located. 

21-01-2025T14:42:17 - [MESSAGE][WARNING] - [SELF-HEALING] Failed to find element with id 'Object Repository/Specific Cases Repository/LS/Home/Census/Census Sorting/Page_Home/th_Program'. Try using Self-healing.

21-01-2025T14:42:17 - [MESSAGE][INFO] - [SELF-HEALING] Failed Locator: '//table[@id='tblclients']/thead/tr/th[6]'.

21-01-2025T14:42:17 - [MESSAGE][INFO] - [SELF-HEALING] Failed Locator: '(.//*[normalize-space(text()) and normalize-space(.)='Program Admission'])[2]/following::th[1]'.

21-01-2025T14:42:18 - [MESSAGE][INFO] - [SELF-HEALING] Failed Locator: '(.//*[normalize-space(text()) and normalize-space(.)='Admission'])[2]/following::th[2]'.

21-01-2025T14:42:18 - [MESSAGE][INFO] - [SELF-HEALING] Failed Locator: '(.//*[normalize-space(text()) and normalize-space(.)='Location'])[3]/preceding::th[1]'.

21-01-2025T14:42:18 - [MESSAGE][INFO] - [SELF-HEALING] Failed Locator: '(.//*[normalize-space(text()) and normalize-space(.)='Primary Counselor'])[2]/preceding::th[2]'.

21-01-2025T14:42:19 - [MESSAGE][INFO] - [SELF-HEALING] Working Locator: '//th[6]'.

21-01-2025T14:42:19 - [MESSAGE][ERROR] - [SELF-HEALING] Cannot save screenshot to: C:\Users\Enrique\git\AUTOMATION_LS\Reports\Self-healing, reason: unknown error: unhandled inspector error: {"code":-32000,"message":"Cannot take screenshot with 0 width."}
  (Session info: chrome=131.0.6778.265)
Build info: version: '3.141.59', revision: 'unknown', time: 'unknown'
System info: host: 'ENRIQUE', ip: '192.168.100.147', os.name: 'Windows 11', os.arch: 'amd64', os.version: '10.0', java.version: '17.0.7'
Driver info: com.kms.katalon.selenium.driver.CChromeDriver
Capabilities {acceptInsecureCerts: false, browserName: chrome, browserVersion: 131.0.6778.265, chrome: {chromedriverVersion: 130.0.6723.58 (3a50e012e4c9..., userDataDir: C:\Users\Enrique\AppData\Lo...}, fedcm:accounts: true, goog:chromeOptions: {debuggerAddress: localhost:64829}, javascriptEnabled: true, networkConnectionEnabled: false, pageLoadStrategy: normal, platform: WINDOWS, platformName: WINDOWS, proxy: Proxy(), setWindowRect: true, strictFileInteractability: false, timeouts: {implicit: 0, pageLoad: 300000, script: 30000}, unhandledPromptBehavior: dismiss and notify, webauthn:extension:credBlob: true, webauthn:extension:largeBlob: true, webauthn:extension:minPinLength: true, webauthn:extension:prf: true, webauthn:virtualAuthenticators: true}
Session ID: f59d925e60ae8125417ef4e57632af57.

21-01-2025T14:42:19 - [MESSAGE][ERROR] - [SELF-HEALING] Cannot save screenshot to: C:\Users\Enrique\git\AUTOMATION_LS\Reports\Self-healing, reason: unknown error: unhandled inspector error: {"code":-32000,"message":"Cannot take screenshot with 0 width."}
  (Session info: chrome=131.0.6778.265)
Build info: version: '3.141.59', revision: 'unknown', time: 'unknown'
System info: host: 'ENRIQUE', ip: '192.168.100.147', os.name: 'Windows 11', os.arch: 'amd64', os.version: '10.0', java.version: '17.0.7'
Driver info: com.kms.katalon.selenium.driver.CChromeDriver
Capabilities {acceptInsecureCerts: false, browserName: chrome, browserVersion: 131.0.6778.265, chrome: {chromedriverVersion: 130.0.6723.58 (3a50e012e4c9..., userDataDir: C:\Users\Enrique\AppData\Lo...}, fedcm:accounts: true, goog:chromeOptions: {debuggerAddress: localhost:64829}, javascriptEnabled: true, networkConnectionEnabled: false, pageLoadStrategy: normal, platform: WINDOWS, platformName: WINDOWS, proxy: Proxy(), setWindowRect: true, strictFileInteractability: false, timeouts: {implicit: 0, pageLoad: 300000, script: 30000}, unhandledPromptBehavior: dismiss and notify, webauthn:extension:credBlob: true, webauthn:extension:largeBlob: true, webauthn:extension:minPinLength: true, webauthn:extension:prf: true, webauthn:virtualAuthenticators: true}
Session ID: f59d925e60ae8125417ef4e57632af57.

21-01-2025T14:42:19 - [MESSAGE][ERROR] - [SELF-HEALING] Cannot save screenshot to: C:\Users\Enrique\git\AUTOMATION_LS\Reports\Self-healing, reason: unknown error: unhandled inspector error: {"code":-32000,"message":"Cannot take screenshot with 0 width."}
  (Session info: chrome=131.0.6778.265)
Build info: version: '3.141.59', revision: 'unknown', time: 'unknown'
System info: host: 'ENRIQUE', ip: '192.168.100.147', os.name: 'Windows 11', os.arch: 'amd64', os.version: '10.0', java.version: '17.0.7'
Driver info: com.kms.katalon.selenium.driver.CChromeDriver
Capabilities {acceptInsecureCerts: false, browserName: chrome, browserVersion: 131.0.6778.265, chrome: {chromedriverVersion: 130.0.6723.58 (3a50e012e4c9..., userDataDir: C:\Users\Enrique\AppData\Lo...}, fedcm:accounts: true, goog:chromeOptions: {debuggerAddress: localhost:64829}, javascriptEnabled: true, networkConnectionEnabled: false, pageLoadStrategy: normal, platform: WINDOWS, platformName: WINDOWS, proxy: Proxy(), setWindowRect: true, strictFileInteractability: false, timeouts: {implicit: 0, pageLoad: 300000, script: 30000}, unhandledPromptBehavior: dismiss and notify, webauthn:extension:credBlob: true, webauthn:extension:largeBlob: true, webauthn:extension:minPinLength: true, webauthn:extension:prf: true, webauthn:virtualAuthenticators: true}
Session ID: f59d925e60ae8125417ef4e57632af57.

21-01-2025T14:42:19 - [MESSAGE][WARNING] - [SELF-HEALING] The current locator of test object 'Object Repository/Specific Cases Repository/LS/Home/Census/Census Sorting/Page_Home/th_Program' was broken. Propose an alternative one: '//th[6]'.

21-01-2025T14:42:19 - [MESSAGE][FAILED] - Unable to click on object 'Object Repository/Specific Cases Repository/LS/Home/Census/Census Sorting/Page_Home/th_Program' (Root cause: com.kms.katalon.core.exception.StepFailedException: Unable to click on object 'Object Repository/Specific Cases Repository/LS/Home/Census/Census Sorting/Page_Home/th_Program'
	at com.kms.katalon.core.webui.keyword.internal.WebUIKeywordMain.stepFailed(WebUIKeywordMain.groovy:117)
	at com.kms.katalon.core.webui.keyword.internal.WebUIKeywordMain.runKeyword(WebUIKeywordMain.groovy:43)
	at com.kms.katalon.core.webui.keyword.builtin.ClickKeyword.click(ClickKeyword.groovy:74)
	at com.kms.katalon.core.webui.keyword.builtin.ClickKeyword.execute(ClickKeyword.groovy:40)
	at com.kms.katalon.core.keyword.internal.KeywordExecutor.executeKeywordForPlatform(KeywordExecutor.groovy:74)
	at com.kms.katalon.core.webui.keyword.WebUiBuiltInKeywords.click(WebUiBuiltInKeywords.groovy:659)
	at Census_Sorting.run(Census_Sorting:54)
	at com.kms.katalon.core.main.ScriptEngine.run(ScriptEngine.java:194)
	at com.kms.katalon.core.main.ScriptEngine.runScriptAsRawText(ScriptEngine.java:119)
	at com.kms.katalon.core.main.TestCaseExecutor.runScript(TestCaseExecutor.java:448)
	at com.kms.katalon.core.main.TestCaseExecutor.doExecute(TestCaseExecutor.java:439)
	at com.kms.katalon.core.main.TestCaseExecutor.processExecutionPhase(TestCaseExecutor.java:418)
	at com.kms.katalon.core.main.TestCaseExecutor.accessMainPhase(TestCaseExecutor.java:410)
	at com.kms.katalon.core.main.TestCaseExecutor.execute(TestCaseExecutor.java:285)
	at com.kms.katalon.core.common.CommonExecutor.accessTestCaseMainPhase(CommonExecutor.java:65)
	at com.kms.katalon.core.main.TestSuiteExecutor.accessTestSuiteMainPhase(TestSuiteExecutor.java:150)
	at com.kms.katalon.core.main.TestSuiteExecutor.execute(TestSuiteExecutor.java:106)
	at com.kms.katalon.core.main.TestCaseMain.startTestSuite(TestCaseMain.java:180)
	at TempTestSuite1737488279906.run(TempTestSuite1737488279906.groovy:35)
	at java.base/jdk.internal.reflect.NativeMethodAccessorImpl.invoke0(Native Method)
	at java.base/jdk.internal.reflect.NativeMethodAccessorImpl.invoke(NativeMethodAccessorImpl.java:77)
	at java.base/jdk.internal.reflect.DelegatingMethodAccessorImpl.invoke(DelegatingMethodAccessorImpl.java:43)
Caused by: org.openqa.selenium.ElementNotInteractableException: element not interactable
  (Session info: chrome=131.0.6778.265)
Build info: version: '3.141.59', revision: 'unknown', time: 'unknown'
System info: host: 'ENRIQUE', ip: '192.168.100.147', os.name: 'Windows 11', os.arch: 'amd64', os.version: '10.0', java.version: '17.0.7'
Driver info: com.kms.katalon.selenium.driver.CChromeDriver
Capabilities {acceptInsecureCerts: false, browserName: chrome, browserVersion: 131.0.6778.265, chrome: {chromedriverVersion: 130.0.6723.58 (3a50e012e4c9..., userDataDir: C:\Users\Enrique\AppData\Lo...}, fedcm:accounts: true, goog:chromeOptions: {debuggerAddress: localhost:64829}, javascriptEnabled: true, networkConnectionEnabled: false, pageLoadStrategy: normal, platform: WINDOWS, platformName: WINDOWS, proxy: Proxy(), setWindowRect: true, strictFileInteractability: false, timeouts: {implicit: 0, pageLoad: 300000, script: 30000}, unhandledPromptBehavior: dismiss and notify, webauthn:extension:credBlob: true, webauthn:extension:largeBlob: true, webauthn:extension:minPinLength: true, webauthn:extension:prf: true, webauthn:virtualAuthenticators: true}
Session ID: f59d925e60ae8125417ef4e57632af57
	at java.base/jdk.internal.reflect.NativeConstructorAccessorImpl.newInstance0(Native Method)
	at java.base/jdk.internal.reflect.NativeConstructorAccessorImpl.newInstance(NativeConstructorAccessorImpl.java:77)
	at java.base/jdk.internal.reflect.DelegatingConstructorAccessorImpl.newInstance(DelegatingConstructorAccessorImpl.java:45)
	at org.openqa.selenium.remote.http.W3CHttpResponseCodec.createException(W3CHttpResponseCodec.java:187)
	at org.openqa.selenium.remote.http.W3CHttpResponseCodec.decode(W3CHttpResponseCodec.java:122)
	at org.openqa.selenium.remote.http.W3CHttpResponseCodec.decode(W3CHttpResponseCodec.java:49)
	at org.openqa.selenium.remote.HttpCommandExecutor.execute(HttpCommandExecutor.java:158)
	at org.openqa.selenium.remote.service.DriverCommandExecutor.execute(DriverCommandExecutor.java:83)
	at org.openqa.selenium.remote.RemoteWebDriver.execute(RemoteWebDriver.java:552)
	at com.kms.katalon.selenium.driver.CChromeDriver.execute(CChromeDriver.java:19)
	at org.openqa.selenium.remote.RemoteWebElement.execute(RemoteWebElement.java:285)
	at org.openqa.selenium.remote.RemoteWebElement.click(RemoteWebElement.java:84)
	at jdk.internal.reflect.GeneratedMethodAccessor16.invoke(Unknown Source)
	at java.base/jdk.internal.reflect.DelegatingMethodAccessorImpl.invoke(DelegatingMethodAccessorImpl.java:43)
	at org.openqa.selenium.support.events.EventFiringWebDriver$EventFiringWebElement.lambda$new$0(EventFiringWebDriver.java:404)
	at jdk.proxy2/jdk.proxy2.$Proxy24.click(Unknown Source)
	at org.openqa.selenium.support.events.EventFiringWebDriver$EventFiringWebElement.click(EventFiringWebDriver.java:417)
	at org.openqa.selenium.WebElement$click.call(Unknown Source)
	at com.kms.katalon.core.webui.keyword.builtin.ClickKeyword.clickUntilSuccessWithTimeout(ClickKeyword.groovy:81)
	at com.kms.katalon.core.webui.keyword.builtin.ClickKeyword.clickUntilSuccessWithTimeout(ClickKeyword.groovy)
	at jdk.internal.reflect.GeneratedMethodAccessor14.invoke(Unknown Source)
	at java.base/jdk.internal.reflect.DelegatingMethodAccessorImpl.invoke(DelegatingMethodAccessorImpl.java:43)
	at com.kms.katalon.core.webui.keyword.builtin.ClickKeyword$_click_closure1.doCall(ClickKeyword.groovy:67)
	at com.kms.katalon.core.webui.keyword.builtin.ClickKeyword$_click_closure1.call(ClickKeyword.groovy)
	at com.kms.katalon.core.webui.keyword.internal.WebUIKeywordMain.runKeyword(WebUIKeywordMain.groovy:35)
	at com.kms.katalon.core.webui.keyword.builtin.ClickKeyword.click(ClickKeyword.groovy:74)
	at com.kms.katalon.core.webui.keyword.builtin.ClickKeyword.execute(ClickKeyword.groovy:40)
	at com.kms.katalon.core.keyword.internal.KeywordExecutor.executeKeywordForPlatform(KeywordExecutor.groovy:74)
	at com.kms.katalon.core.webui.keyword.WebUiBuiltInKeywords.click(WebUiBuiltInKeywords.groovy:659)
	at Script1727458510385.run(Script1727458510385.groovy:54)
	... 15 more
)
[[ATTACHMENT|C:\\Users\\Enrique\\git\\AUTOMATION_LS\\Reports\\20250121_143756\\LS\\Home\\General\\Census\\20250121_143759\\1737488539295.png]]]]></system-out>
         <system-err><![CDATA[21-01-2025T14:41:08 - [TEST_CASE][FAILED] - Test Cases/Specific Cases/LS/General/Census/Census/Census_Sorting: Test Cases/Specific Cases/LS/General/Census/Census/Census_Sorting FAILED.
Reason:
com.kms.katalon.core.exception.StepFailedException: Unable to click on object 'Object Repository/Specific Cases Repository/LS/Home/Census/Census Sorting/Page_Home/th_Program'
	at com.kms.katalon.core.webui.keyword.internal.WebUIKeywordMain.stepFailed(WebUIKeywordMain.groovy:117)
	at com.kms.katalon.core.webui.keyword.internal.WebUIKeywordMain.runKeyword(WebUIKeywordMain.groovy:43)
	at com.kms.katalon.core.webui.keyword.builtin.ClickKeyword.click(ClickKeyword.groovy:74)
	at com.kms.katalon.core.webui.keyword.builtin.ClickKeyword.execute(ClickKeyword.groovy:40)
	at com.kms.katalon.core.keyword.internal.KeywordExecutor.executeKeywordForPlatform(KeywordExecutor.groovy:74)
	at com.kms.katalon.core.webui.keyword.WebUiBuiltInKeywords.click(WebUiBuiltInKeywords.groovy:659)
	at Census_Sorting.run(Census_Sorting:54)
	at com.kms.katalon.core.main.ScriptEngine.run(ScriptEngine.java:194)
	at com.kms.katalon.core.main.ScriptEngine.runScriptAsRawText(ScriptEngine.java:119)
	at com.kms.katalon.core.main.TestCaseExecutor.runScript(TestCaseExecutor.java:448)
	at com.kms.katalon.core.main.TestCaseExecutor.doExecute(TestCaseExecutor.java:439)
	at com.kms.katalon.core.main.TestCaseExecutor.processExecutionPhase(TestCaseExecutor.java:418)
	at com.kms.katalon.core.main.TestCaseExecutor.accessMainPhase(TestCaseExecutor.java:410)
	at com.kms.katalon.core.main.TestCaseExecutor.execute(TestCaseExecutor.java:285)
	at com.kms.katalon.core.common.CommonExecutor.accessTestCaseMainPhase(CommonExecutor.java:65)
	at com.kms.katalon.core.main.TestSuiteExecutor.accessTestSuiteMainPhase(TestSuiteExecutor.java:150)
	at com.kms.katalon.core.main.TestSuiteExecutor.execute(TestSuiteExecutor.java:106)
	at com.kms.katalon.core.main.TestCaseMain.startTestSuite(TestCaseMain.java:180)
	at TempTestSuite1737488279906.run(TempTestSuite1737488279906.groovy:35)
	at java.base/jdk.internal.reflect.NativeMethodAccessorImpl.invoke0(Native Method)
	at java.base/jdk.internal.reflect.NativeMethodAccessorImpl.invoke(NativeMethodAccessorImpl.java:77)
	at java.base/jdk.internal.reflect.DelegatingMethodAccessorImpl.invoke(DelegatingMethodAccessorImpl.java:43)
Caused by: org.openqa.selenium.ElementNotInteractableException: element not interactable
  (Session info: chrome=131.0.6778.265)
Build info: version: '3.141.59', revision: 'unknown', time: 'unknown'
System info: host: 'ENRIQUE', ip: '192.168.100.147', os.name: 'Windows 11', os.arch: 'amd64', os.version: '10.0', java.version: '17.0.7'
Driver info: com.kms.katalon.selenium.driver.CChromeDriver
Capabilities {acceptInsecureCerts: false, browserName: chrome, browserVersion: 131.0.6778.265, chrome: {chromedriverVersion: 130.0.6723.58 (3a50e012e4c9..., userDataDir: C:\Users\Enrique\AppData\Lo...}, fedcm:accounts: true, goog:chromeOptions: {debuggerAddress: localhost:64829}, javascriptEnabled: true, networkConnectionEnabled: false, pageLoadStrategy: normal, platform: WINDOWS, platformName: WINDOWS, proxy: Proxy(), setWindowRect: true, strictFileInteractability: false, timeouts: {implicit: 0, pageLoad: 300000, script: 30000}, unhandledPromptBehavior: dismiss and notify, webauthn:extension:credBlob: true, webauthn:extension:largeBlob: true, webauthn:extension:minPinLength: true, webauthn:extension:prf: true, webauthn:virtualAuthenticators: true}
Session ID: f59d925e60ae8125417ef4e57632af57
	at java.base/jdk.internal.reflect.NativeConstructorAccessorImpl.newInstance0(Native Method)
	at java.base/jdk.internal.reflect.NativeConstructorAccessorImpl.newInstance(NativeConstructorAccessorImpl.java:77)
	at java.base/jdk.internal.reflect.DelegatingConstructorAccessorImpl.newInstance(DelegatingConstructorAccessorImpl.java:45)
	at org.openqa.selenium.remote.http.W3CHttpResponseCodec.createException(W3CHttpResponseCodec.java:187)
	at org.openqa.selenium.remote.http.W3CHttpResponseCodec.decode(W3CHttpResponseCodec.java:122)
	at org.openqa.selenium.remote.http.W3CHttpResponseCodec.decode(W3CHttpResponseCodec.java:49)
	at org.openqa.selenium.remote.HttpCommandExecutor.execute(HttpCommandExecutor.java:158)
	at org.openqa.selenium.remote.service.DriverCommandExecutor.execute(DriverCommandExecutor.java:83)
	at org.openqa.selenium.remote.RemoteWebDriver.execute(RemoteWebDriver.java:552)
	at com.kms.katalon.selenium.driver.CChromeDriver.execute(CChromeDriver.java:19)
	at org.openqa.selenium.remote.RemoteWebElement.execute(RemoteWebElement.java:285)
	at org.openqa.selenium.remote.RemoteWebElement.click(RemoteWebElement.java:84)
	at jdk.internal.reflect.GeneratedMethodAccessor16.invoke(Unknown Source)
	at java.base/jdk.internal.reflect.DelegatingMethodAccessorImpl.invoke(DelegatingMethodAccessorImpl.java:43)
	at org.openqa.selenium.support.events.EventFiringWebDriver$EventFiringWebElement.lambda$new$0(EventFiringWebDriver.java:404)
	at jdk.proxy2/jdk.proxy2.$Proxy24.click(Unknown Source)
	at org.openqa.selenium.support.events.EventFiringWebDriver$EventFiringWebElement.click(EventFiringWebDriver.java:417)
	at org.openqa.selenium.WebElement$click.call(Unknown Source)
	at com.kms.katalon.core.webui.keyword.builtin.ClickKeyword.clickUntilSuccessWithTimeout(ClickKeyword.groovy:81)
	at com.kms.katalon.core.webui.keyword.builtin.ClickKeyword.clickUntilSuccessWithTimeout(ClickKeyword.groovy)
	at jdk.internal.reflect.GeneratedMethodAccessor14.invoke(Unknown Source)
	at java.base/jdk.internal.reflect.DelegatingMethodAccessorImpl.invoke(DelegatingMethodAccessorImpl.java:43)
	at com.kms.katalon.core.webui.keyword.builtin.ClickKeyword$_click_closure1.doCall(ClickKeyword.groovy:67)
	at com.kms.katalon.core.webui.keyword.builtin.ClickKeyword$_click_closure1.call(ClickKeyword.groovy)
	at com.kms.katalon.core.webui.keyword.internal.WebUIKeywordMain.runKeyword(WebUIKeywordMain.groovy:35)
	... 20 more]]></system-err>
      </testcase>
      <testcase name="Test Cases/Specific Cases/LS/General/Census/Census/Census_Searching_and_Toggle_Columns" time="68.727" classname="Test Cases/Specific Cases/LS/General/Census/Census/Census_Searching_and_Toggle_Columns" status="FAILED">
         <failure type="FAILED" message="Test Cases/Specific Cases/LS/General/Census/Census/Census_Searching_and_Toggle_Columns FAILED.&#xa;Reason:&#xa;com.kms.katalon.core.exception.StepFailedException: Unable to verify object 'Object Repository/Specific Cases Repository/LS/Home/Census/Census_Searchin_and_Toggle_Columns/Page_Home/th_MRN' is not present&#xa;	at com.kms.katalon.core.webui.keyword.internal.WebUIKeywordMain.stepFailed(WebUIKeywordMain.groovy:117)&#xa;	at com.kms.katalon.core.webui.keyword.internal.WebUIKeywordMain.runKeyword(WebUIKeywordMain.groovy:43)&#xa;	at com.kms.katalon.core.webui.keyword.internal.WebUIKeywordMain$runKeyword.call(Unknown Source)&#xa;	at com.kms.katalon.core.webui.keyword.builtin.VerifyElementNotPresentKeyword.verifyElementNotPresent(VerifyElementNotPresentKeyword.groovy:131)&#xa;	at com.kms.katalon.core.webui.keyword.builtin.VerifyElementNotPresentKeyword.execute(VerifyElementNotPresentKeyword.groovy:69)&#xa;	at com.kms.katalon.core.keyword.internal.KeywordExecutor.executeKeywordForPlatform(KeywordExecutor.groovy:74)&#xa;	at com.kms.katalon.core.webui.keyword.WebUiBuiltInKeywords.verifyElementNotPresent(WebUiBuiltInKeywords.groovy:1536)&#xa;	at Census_Searching_and_Toggle_Columns.run(Census_Searching_and_Toggle_Columns:85)&#xa;	at com.kms.katalon.core.main.ScriptEngine.run(ScriptEngine.java:194)&#xa;	at com.kms.katalon.core.main.ScriptEngine.runScriptAsRawText(ScriptEngine.java:119)&#xa;	at com.kms.katalon.core.main.TestCaseExecutor.runScript(TestCaseExecutor.java:448)&#xa;	at com.kms.katalon.core.main.TestCaseExecutor.doExecute(TestCaseExecutor.java:439)&#xa;	at com.kms.katalon.core.main.TestCaseExecutor.processExecutionPhase(TestCaseExecutor.java:418)&#xa;	at com.kms.katalon.core.main.TestCaseExecutor.accessMainPhase(TestCaseExecutor.java:410)&#xa;	at com.kms.katalon.core.main.TestCaseExecutor.execute(TestCaseExecutor.java:285)&#xa;	at com.kms.katalon.core.common.CommonExecutor.accessTestCaseMainPhase(CommonExecutor.java:65)&#xa;	at com.kms.katalon.core.main.TestSuiteExecutor.accessTestSuiteMainPhase(TestSuiteExecutor.java:150)&#xa;	at com.kms.katalon.core.main.TestSuiteExecutor.execute(TestSuiteExecutor.java:106)&#xa;	at com.kms.katalon.core.main.TestCaseMain.startTestSuite(TestCaseMain.java:180)&#xa;	at TempTestSuite1737488279906.run(TempTestSuite1737488279906.groovy:35)&#xa;	at java.base/jdk.internal.reflect.NativeMethodAccessorImpl.invoke0(Native Method)&#xa;	at java.base/jdk.internal.reflect.NativeMethodAccessorImpl.invoke(NativeMethodAccessorImpl.java:77)&#xa;	at java.base/jdk.internal.reflect.DelegatingMethodAccessorImpl.invoke(DelegatingMethodAccessorImpl.java:43)&#xa;Caused by: com.kms.katalon.core.exception.StepFailedException: Web element with id: 'Object Repository/Specific Cases Repository/LS/Home/Census/Census_Searchin_and_Toggle_Columns/Page_Home/th_MRN' located by 'By.xpath: //th[@aria-label='MRN: activate to sort column ascending']' is present after '30' second(s)&#xa;	at com.kms.katalon.core.webui.keyword.internal.WebUIKeywordMain.stepFailed(WebUIKeywordMain.groovy:117)&#xa;	at com.kms.katalon.core.webui.keyword.internal.WebUIKeywordMain$stepFailed$0.call(Unknown Source)&#xa;	at com.kms.katalon.core.webui.keyword.builtin.VerifyElementNotPresentKeyword$_verifyElementNotPresent_closure1.doCall(VerifyElementNotPresentKeyword.groovy:122)&#xa;	at com.kms.katalon.core.webui.keyword.builtin.VerifyElementNotPresentKeyword$_verifyElementNotPresent_closure1.doCall(VerifyElementNotPresentKeyword.groovy)&#xa;	at java.base/jdk.internal.reflect.NativeMethodAccessorImpl.invoke0(Native Method)&#xa;	at java.base/jdk.internal.reflect.NativeMethodAccessorImpl.invoke(NativeMethodAccessorImpl.java:77)&#xa;	at java.base/jdk.internal.reflect.DelegatingMethodAccessorImpl.invoke(DelegatingMethodAccessorImpl.java:43)&#xa;	at com.kms.katalon.core.webui.keyword.internal.WebUIKeywordMain.runKeyword(WebUIKeywordMain.groovy:35)&#xa;	... 21 more&#xa;"/>
         <system-out><![CDATA[21-01-2025T14:42:19 - [TEST_CASE][FAILED] - Test Cases/Specific Cases/LS/General/Census/Census/Census_Searching_and_Toggle_Columns: Test Cases/Specific Cases/LS/General/Census/Census/Census_Searching_and_Toggle_Columns FAILED.
Reason:
com.kms.katalon.core.exception.StepFailedException: Unable to verify object 'Object Repository/Specific Cases Repository/LS/Home/Census/Census_Searchin_and_Toggle_Columns/Page_Home/th_MRN' is not present
	at com.kms.katalon.core.webui.keyword.internal.WebUIKeywordMain.stepFailed(WebUIKeywordMain.groovy:117)
	at com.kms.katalon.core.webui.keyword.internal.WebUIKeywordMain.runKeyword(WebUIKeywordMain.groovy:43)
	at com.kms.katalon.core.webui.keyword.internal.WebUIKeywordMain$runKeyword.call(Unknown Source)
	at com.kms.katalon.core.webui.keyword.builtin.VerifyElementNotPresentKeyword.verifyElementNotPresent(VerifyElementNotPresentKeyword.groovy:131)
	at com.kms.katalon.core.webui.keyword.builtin.VerifyElementNotPresentKeyword.execute(VerifyElementNotPresentKeyword.groovy:69)
	at com.kms.katalon.core.keyword.internal.KeywordExecutor.executeKeywordForPlatform(KeywordExecutor.groovy:74)
	at com.kms.katalon.core.webui.keyword.WebUiBuiltInKeywords.verifyElementNotPresent(WebUiBuiltInKeywords.groovy:1536)
	at Census_Searching_and_Toggle_Columns.run(Census_Searching_and_Toggle_Columns:85)
	at com.kms.katalon.core.main.ScriptEngine.run(ScriptEngine.java:194)
	at com.kms.katalon.core.main.ScriptEngine.runScriptAsRawText(ScriptEngine.java:119)
	at com.kms.katalon.core.main.TestCaseExecutor.runScript(TestCaseExecutor.java:448)
	at com.kms.katalon.core.main.TestCaseExecutor.doExecute(TestCaseExecutor.java:439)
	at com.kms.katalon.core.main.TestCaseExecutor.processExecutionPhase(TestCaseExecutor.java:418)
	at com.kms.katalon.core.main.TestCaseExecutor.accessMainPhase(TestCaseExecutor.java:410)
	at com.kms.katalon.core.main.TestCaseExecutor.execute(TestCaseExecutor.java:285)
	at com.kms.katalon.core.common.CommonExecutor.accessTestCaseMainPhase(CommonExecutor.java:65)
	at com.kms.katalon.core.main.TestSuiteExecutor.accessTestSuiteMainPhase(TestSuiteExecutor.java:150)
	at com.kms.katalon.core.main.TestSuiteExecutor.execute(TestSuiteExecutor.java:106)
	at com.kms.katalon.core.main.TestCaseMain.startTestSuite(TestCaseMain.java:180)
	at TempTestSuite1737488279906.run(TempTestSuite1737488279906.groovy:35)
	at java.base/jdk.internal.reflect.NativeMethodAccessorImpl.invoke0(Native Method)
	at java.base/jdk.internal.reflect.NativeMethodAccessorImpl.invoke(NativeMethodAccessorImpl.java:77)
	at java.base/jdk.internal.reflect.DelegatingMethodAccessorImpl.invoke(DelegatingMethodAccessorImpl.java:43)
Caused by: com.kms.katalon.core.exception.StepFailedException: Web element with id: 'Object Repository/Specific Cases Repository/LS/Home/Census/Census_Searchin_and_Toggle_Columns/Page_Home/th_MRN' located by 'By.xpath: //th[@aria-label='MRN: activate to sort column ascending']' is present after '30' second(s)
	at com.kms.katalon.core.webui.keyword.internal.WebUIKeywordMain.stepFailed(WebUIKeywordMain.groovy:117)
	at com.kms.katalon.core.webui.keyword.internal.WebUIKeywordMain$stepFailed$0.call(Unknown Source)
	at com.kms.katalon.core.webui.keyword.builtin.VerifyElementNotPresentKeyword$_verifyElementNotPresent_closure1.doCall(VerifyElementNotPresentKeyword.groovy:122)
	at com.kms.katalon.core.webui.keyword.builtin.VerifyElementNotPresentKeyword$_verifyElementNotPresent_closure1.doCall(VerifyElementNotPresentKeyword.groovy)
	at java.base/jdk.internal.reflect.NativeMethodAccessorImpl.invoke0(Native Method)
	at java.base/jdk.internal.reflect.NativeMethodAccessorImpl.invoke(NativeMethodAccessorImpl.java:77)
	at java.base/jdk.internal.reflect.DelegatingMethodAccessorImpl.invoke(DelegatingMethodAccessorImpl.java:43)
	at com.kms.katalon.core.webui.keyword.internal.WebUIKeywordMain.runKeyword(WebUIKeywordMain.groovy:35)
	... 21 more


21-01-2025T14:42:20 - [TEST_STEP][PASSED] - callTestCase(findTestCase("Common Cases/Login"), [:], STOP_ON_FAILURE): Call Test Case 'Test Cases/Common Cases/Login' successfully

21-01-2025T14:42:20 - [TEST_CASE][PASSED] - Test Cases/Common Cases/Login: Test Cases/Common Cases/Login

21-01-2025T14:42:20 - [TEST_STEP][PASSED] - openBrowser(""): Browser is opened with url: ''

21-01-2025T14:42:20 - [MESSAGE][WARNING] - A browser is already opened. Closing browser and opening a new one

21-01-2025T14:42:20 - [MESSAGE][INFO] - Starting 'Chrome' driver

21-01-2025T14:42:20 - [MESSAGE][INFO] - Action delay is set to 0 milliseconds

21-01-2025T14:42:22 - [MESSAGE][PASSED] - Browser is opened with url: ''

21-01-2025T14:42:22 - [TEST_STEP][PASSED] - maximizeWindow(): Current window maximized

21-01-2025T14:42:22 - [MESSAGE][PASSED] - Current window maximized

21-01-2025T14:42:22 - [TEST_STEP][PASSED] - navigateToUrl("https://site17.lsapp.cloud/auth/login"): Navigate to 'https://site17.lsapp.cloud/auth/login' successfully

21-01-2025T14:42:25 - [MESSAGE][PASSED] - Navigate to 'https://site17.lsapp.cloud/auth/login' successfully

21-01-2025T14:42:25 - [TEST_STEP][PASSED] - setText(findTestObject("Object Repository/Common Cases Repository/Login/Page_Lightning Step/input_Email_email"), "automation@lightningstep.com"): Text 'automation@lightningstep.com' is set on object 'Object Repository/Common Cases Repository/Login/Page_Lightning Step/input_Email_email'

21-01-2025T14:42:26 - [MESSAGE][PASSED] - Text 'automation@lightningstep.com' is set on object 'Object Repository/Common Cases Repository/Login/Page_Lightning Step/input_Email_email'

21-01-2025T14:42:26 - [TEST_STEP][PASSED] - setEncryptedText(findTestObject("Object Repository/Common Cases Repository/Login/Page_Lightning Step/input_Password_password"), "e5N8VHmnhJDITtQaQhDQDw=="): Text ****** has been set on object 'Object Repository/Common Cases Repository/Login/Page_Lightning Step/input_Password_password'

21-01-2025T14:42:26 - [MESSAGE][PASSED] - Text ****** has been set on object 'Object Repository/Common Cases Repository/Login/Page_Lightning Step/input_Password_password'

21-01-2025T14:42:26 - [TEST_STEP][PASSED] - click(findTestObject("Object Repository/Common Cases Repository/Login/Page_Lightning Step/button_Sign in")): Object: 'Object Repository/Common Cases Repository/Login/Page_Lightning Step/button_Sign in' is clicked on

21-01-2025T14:42:31 - [MESSAGE][PASSED] - Object: 'Object Repository/Common Cases Repository/Login/Page_Lightning Step/button_Sign in' is clicked on

21-01-2025T14:42:31 - [MESSAGE][PASSED] - Call Test Case 'Test Cases/Common Cases/Login' successfully

21-01-2025T14:42:31 - [TEST_STEP][PASSED] - click(findTestObject("Object Repository/Specific Cases Repository/LS/Home/Census/Census_Filters/Page_Home/Page_Home/a_Census")): Object: 'Object Repository/Specific Cases Repository/LS/Home/Census/Census_Filters/Page_Home/Page_Home/a_Census' is clicked on

21-01-2025T14:42:33 - [MESSAGE][PASSED] - Object: 'Object Repository/Specific Cases Repository/LS/Home/Census/Census_Filters/Page_Home/Page_Home/a_Census' is clicked on

21-01-2025T14:42:33 - [TEST_STEP][PASSED] - click(findTestObject("Object Repository/Specific Cases Repository/LS/Home/Census/Census_Filters/Page_Home/Program_Filter/Page_Home/ul_All")): Object: 'Object Repository/Specific Cases Repository/LS/Home/Census/Census_Filters/Page_Home/Program_Filter/Page_Home/ul_All' is clicked on

21-01-2025T14:42:35 - [MESSAGE][PASSED] - Object: 'Object Repository/Specific Cases Repository/LS/Home/Census/Census_Filters/Page_Home/Program_Filter/Page_Home/ul_All' is clicked on

21-01-2025T14:42:35 - [TEST_STEP][PASSED] - setText(findTestObject("Object Repository/Specific Cases Repository/LS/Home/Census/Census_Filters/Page_Home/Program_Filter/Page_Home/input__select2-search__field"), "all"): Text 'all' is set on object 'Object Repository/Specific Cases Repository/LS/Home/Census/Census_Filters/Page_Home/Program_Filter/Page_Home/input__select2-search__field'

21-01-2025T14:42:37 - [MESSAGE][PASSED] - Text 'all' is set on object 'Object Repository/Specific Cases Repository/LS/Home/Census/Census_Filters/Page_Home/Program_Filter/Page_Home/input__select2-search__field'

21-01-2025T14:42:37 - [TEST_STEP][PASSED] - sendKeys(findTestObject("Object Repository/Specific Cases Repository/LS/Home/Census/Census_Filters/Page_Home/Program_Filter/Page_Home/input__select2-search__field"), Keys.chord(ENTER)): Keys 'ENTER + ' sent to object: 'Object Repository/Specific Cases Repository/LS/Home/Census/Census_Filters/Page_Home/Program_Filter/Page_Home/input__select2-search__field'

21-01-2025T14:42:38 - [MESSAGE][PASSED] - Keys 'ENTER + ' sent to object: 'Object Repository/Specific Cases Repository/LS/Home/Census/Census_Filters/Page_Home/Program_Filter/Page_Home/input__select2-search__field'

21-01-2025T14:42:38 - [TEST_STEP][PASSED] - click(findTestObject("Object Repository/Specific Cases Repository/LS/Home/Census/Census_Filters/Page_Home/Page_Home/ul_All")): Object: 'Object Repository/Specific Cases Repository/LS/Home/Census/Census_Filters/Page_Home/Page_Home/ul_All' is clicked on

21-01-2025T14:42:39 - [MESSAGE][PASSED] - Object: 'Object Repository/Specific Cases Repository/LS/Home/Census/Census_Filters/Page_Home/Page_Home/ul_All' is clicked on

21-01-2025T14:42:39 - [TEST_STEP][PASSED] - setText(findTestObject("Object Repository/Specific Cases Repository/LS/Home/Census/Census_Filters/Page_Home/Page_Home/Location Filter"), "all"): Text 'all' is set on object 'Object Repository/Specific Cases Repository/LS/Home/Census/Census_Filters/Page_Home/Page_Home/Location Filter'

21-01-2025T14:42:40 - [MESSAGE][PASSED] - Text 'all' is set on object 'Object Repository/Specific Cases Repository/LS/Home/Census/Census_Filters/Page_Home/Page_Home/Location Filter'

21-01-2025T14:42:40 - [TEST_STEP][PASSED] - sendKeys(findTestObject("Object Repository/Specific Cases Repository/LS/Home/Census/Census_Filters/Page_Home/Page_Home/Location Filter"), Keys.chord(ENTER)): Keys 'ENTER + ' sent to object: 'Object Repository/Specific Cases Repository/LS/Home/Census/Census_Filters/Page_Home/Page_Home/Location Filter'

21-01-2025T14:42:40 - [MESSAGE][PASSED] - Keys 'ENTER + ' sent to object: 'Object Repository/Specific Cases Repository/LS/Home/Census/Census_Filters/Page_Home/Page_Home/Location Filter'

21-01-2025T14:42:40 - [TEST_STEP][PASSED] - click(findTestObject("Object Repository/Specific Cases Repository/LS/Home/Census/Census_Searchin_and_Toggle_Columns/Page_Home/a_Census")): Object: 'Object Repository/Specific Cases Repository/LS/Home/Census/Census_Searchin_and_Toggle_Columns/Page_Home/a_Census' is clicked on

21-01-2025T14:42:40 - [MESSAGE][PASSED] - Object: 'Object Repository/Specific Cases Repository/LS/Home/Census/Census_Searchin_and_Toggle_Columns/Page_Home/a_Census' is clicked on

21-01-2025T14:42:40 - [TEST_STEP][PASSED] - click(findTestObject("Object Repository/Specific Cases Repository/LS/Home/Census/Census_Searchin_and_Toggle_Columns/Page_Home/label_Search")): Object: 'Object Repository/Specific Cases Repository/LS/Home/Census/Census_Searchin_and_Toggle_Columns/Page_Home/label_Search' is clicked on

21-01-2025T14:42:42 - [MESSAGE][PASSED] - Object: 'Object Repository/Specific Cases Repository/LS/Home/Census/Census_Searchin_and_Toggle_Columns/Page_Home/label_Search' is clicked on

21-01-2025T14:42:42 - [TEST_STEP][PASSED] - setText(findTestObject("Object Repository/Specific Cases Repository/LS/Home/Census/Census_Searchin_and_Toggle_Columns/Page_Home/input_Search_form-control input-sm"), "b a"): Text 'b a' is set on object 'Object Repository/Specific Cases Repository/LS/Home/Census/Census_Searchin_and_Toggle_Columns/Page_Home/input_Search_form-control input-sm'

21-01-2025T14:42:44 - [MESSAGE][PASSED] - Text 'b a' is set on object 'Object Repository/Specific Cases Repository/LS/Home/Census/Census_Searchin_and_Toggle_Columns/Page_Home/input_Search_form-control input-sm'

21-01-2025T14:42:44 - [TEST_STEP][PASSED] - verifyElementText(findTestObject("Object Repository/Specific Cases Repository/LS/Home/Census/Census_Searchin_and_Toggle_Columns/Page_Home/a_B Automation, B Client"), "B Automation, B Client"): Actual text and expected text of test object 'Object Repository/Specific Cases Repository/LS/Home/Census/Census_Searchin_and_Toggle_Columns/Page_Home/a_B Automation, B Client' are matched.

21-01-2025T14:42:45 - [MESSAGE][PASSED] - Actual text and expected text of test object 'Object Repository/Specific Cases Repository/LS/Home/Census/Census_Searchin_and_Toggle_Columns/Page_Home/a_B Automation, B Client' are matched.

21-01-2025T14:42:45 - [TEST_STEP][PASSED] - verifyElementNotPresent(findTestObject("Specific Cases Repository/LS/Home/Census/Census_Searchin_and_Toggle_Columns/Page_Home/A Client"), 0): Web element with id: 'Object Repository/Specific Cases Repository/LS/Home/Census/Census_Searchin_and_Toggle_Columns/Page_Home/A Client' located by 'By.xpath: //a[normalize-space()='A Automation, A Client']' is not present after '30' second(s)

21-01-2025T14:42:45 - [MESSAGE][WARNING] - Timeout '0' is invalid. Using default page load timeout: '30'

21-01-2025T14:42:46 - [MESSAGE][PASSED] - Web element with id: 'Object Repository/Specific Cases Repository/LS/Home/Census/Census_Searchin_and_Toggle_Columns/Page_Home/A Client' located by 'By.xpath: //a[normalize-space()='A Automation, A Client']' is not present after '30' second(s)

21-01-2025T14:42:46 - [TEST_STEP][PASSED] - setText(findTestObject("Object Repository/Specific Cases Repository/LS/Home/Census/Census_Searchin_and_Toggle_Columns/Page_Home/input_Search_form-control input-sm"), ""): Text '' is set on object 'Object Repository/Specific Cases Repository/LS/Home/Census/Census_Searchin_and_Toggle_Columns/Page_Home/input_Search_form-control input-sm'

21-01-2025T14:42:47 - [MESSAGE][PASSED] - Text '' is set on object 'Object Repository/Specific Cases Repository/LS/Home/Census/Census_Searchin_and_Toggle_Columns/Page_Home/input_Search_form-control input-sm'

21-01-2025T14:42:47 - [TEST_STEP][PASSED] - sendKeys(findTestObject("Specific Cases Repository/LS/Home/Census/Census_Searchin_and_Toggle_Columns/Page_Home/input_Search_form-control input-sm"), Keys.chord(ENTER)): Keys 'ENTER + ' sent to object: 'Object Repository/Specific Cases Repository/LS/Home/Census/Census_Searchin_and_Toggle_Columns/Page_Home/input_Search_form-control input-sm'

21-01-2025T14:42:48 - [MESSAGE][PASSED] - Keys 'ENTER + ' sent to object: 'Object Repository/Specific Cases Repository/LS/Home/Census/Census_Searchin_and_Toggle_Columns/Page_Home/input_Search_form-control input-sm'

21-01-2025T14:42:48 - [TEST_STEP][PASSED] - click(findTestObject("Object Repository/Specific Cases Repository/LS/Home/Census/Census_Searchin_and_Toggle_Columns/Page_Home/button_Toggle Column(s)")): Object: 'Object Repository/Specific Cases Repository/LS/Home/Census/Census_Searchin_and_Toggle_Columns/Page_Home/button_Toggle Column(s)' is clicked on

21-01-2025T14:42:49 - [MESSAGE][PASSED] - Object: 'Object Repository/Specific Cases Repository/LS/Home/Census/Census_Searchin_and_Toggle_Columns/Page_Home/button_Toggle Column(s)' is clicked on

21-01-2025T14:42:49 - [TEST_STEP][PASSED] - click(findTestObject("Object Repository/Specific Cases Repository/LS/Home/Census/Census_Searchin_and_Toggle_Columns/Page_Home/a_MRN")): Object: 'Object Repository/Specific Cases Repository/LS/Home/Census/Census_Searchin_and_Toggle_Columns/Page_Home/a_MRN' is clicked on

21-01-2025T14:42:50 - [MESSAGE][PASSED] - Object: 'Object Repository/Specific Cases Repository/LS/Home/Census/Census_Searchin_and_Toggle_Columns/Page_Home/a_MRN' is clicked on

21-01-2025T14:42:50 - [TEST_STEP][PASSED] - click(findTestObject("Object Repository/Specific Cases Repository/LS/Home/Census/Census_Searchin_and_Toggle_Columns/Page_Home/a_DOB")): Object: 'Object Repository/Specific Cases Repository/LS/Home/Census/Census_Searchin_and_Toggle_Columns/Page_Home/a_DOB' is clicked on

21-01-2025T14:42:50 - [MESSAGE][PASSED] - Object: 'Object Repository/Specific Cases Repository/LS/Home/Census/Census_Searchin_and_Toggle_Columns/Page_Home/a_DOB' is clicked on

21-01-2025T14:42:50 - [TEST_STEP][PASSED] - click(findTestObject("Object Repository/Specific Cases Repository/LS/Home/Census/Census_Searchin_and_Toggle_Columns/Page_Home/a_Admission")): Object: 'Object Repository/Specific Cases Repository/LS/Home/Census/Census_Searchin_and_Toggle_Columns/Page_Home/a_Admission' is clicked on

21-01-2025T14:42:51 - [MESSAGE][PASSED] - Object: 'Object Repository/Specific Cases Repository/LS/Home/Census/Census_Searchin_and_Toggle_Columns/Page_Home/a_Admission' is clicked on

21-01-2025T14:42:51 - [TEST_STEP][PASSED] - click(findTestObject("Object Repository/Specific Cases Repository/LS/Home/Census/Census_Searchin_and_Toggle_Columns/Page_Home/a_Program Admission")): Object: 'Object Repository/Specific Cases Repository/LS/Home/Census/Census_Searchin_and_Toggle_Columns/Page_Home/a_Program Admission' is clicked on

21-01-2025T14:42:52 - [MESSAGE][PASSED] - Object: 'Object Repository/Specific Cases Repository/LS/Home/Census/Census_Searchin_and_Toggle_Columns/Page_Home/a_Program Admission' is clicked on

21-01-2025T14:42:52 - [TEST_STEP][PASSED] - click(findTestObject("Object Repository/Specific Cases Repository/LS/Home/Census/Census_Searchin_and_Toggle_Columns/Page_Home/a_Program")): Object: 'Object Repository/Specific Cases Repository/LS/Home/Census/Census_Searchin_and_Toggle_Columns/Page_Home/a_Program' is clicked on

21-01-2025T14:42:52 - [MESSAGE][PASSED] - Object: 'Object Repository/Specific Cases Repository/LS/Home/Census/Census_Searchin_and_Toggle_Columns/Page_Home/a_Program' is clicked on

21-01-2025T14:42:52 - [TEST_STEP][PASSED] - click(findTestObject("Object Repository/Specific Cases Repository/LS/Home/Census/Census_Searchin_and_Toggle_Columns/Page_Home/a_Location")): Object: 'Object Repository/Specific Cases Repository/LS/Home/Census/Census_Searchin_and_Toggle_Columns/Page_Home/a_Location' is clicked on

21-01-2025T14:42:53 - [MESSAGE][PASSED] - Object: 'Object Repository/Specific Cases Repository/LS/Home/Census/Census_Searchin_and_Toggle_Columns/Page_Home/a_Location' is clicked on

21-01-2025T14:42:53 - [TEST_STEP][PASSED] - click(findTestObject("Object Repository/Specific Cases Repository/LS/Home/Census/Census_Searchin_and_Toggle_Columns/Page_Home/a_Primary Counselor")): Object: 'Object Repository/Specific Cases Repository/LS/Home/Census/Census_Searchin_and_Toggle_Columns/Page_Home/a_Primary Counselor' is clicked on

21-01-2025T14:42:53 - [MESSAGE][PASSED] - Object: 'Object Repository/Specific Cases Repository/LS/Home/Census/Census_Searchin_and_Toggle_Columns/Page_Home/a_Primary Counselor' is clicked on

21-01-2025T14:42:53 - [TEST_STEP][PASSED] - click(findTestObject("Object Repository/Specific Cases Repository/LS/Home/Census/Census_Searchin_and_Toggle_Columns/Page_Home/a_Unit - Room - Bed")): Object: 'Object Repository/Specific Cases Repository/LS/Home/Census/Census_Searchin_and_Toggle_Columns/Page_Home/a_Unit - Room - Bed' is clicked on

21-01-2025T14:42:54 - [MESSAGE][PASSED] - Object: 'Object Repository/Specific Cases Repository/LS/Home/Census/Census_Searchin_and_Toggle_Columns/Page_Home/a_Unit - Room - Bed' is clicked on

21-01-2025T14:42:54 - [TEST_STEP][PASSED] - click(findTestObject("Object Repository/Specific Cases Repository/LS/Home/Census/Census_Searchin_and_Toggle_Columns/Page_Home/a_Authorized To")): Object: 'Object Repository/Specific Cases Repository/LS/Home/Census/Census_Searchin_and_Toggle_Columns/Page_Home/a_Authorized To' is clicked on

21-01-2025T14:42:54 - [MESSAGE][PASSED] - Object: 'Object Repository/Specific Cases Repository/LS/Home/Census/Census_Searchin_and_Toggle_Columns/Page_Home/a_Authorized To' is clicked on

21-01-2025T14:42:54 - [TEST_STEP][PASSED] - click(findTestObject("Object Repository/Specific Cases Repository/LS/Home/Census/Census_Searchin_and_Toggle_Columns/Page_Home/a_Referral Source")): Object: 'Object Repository/Specific Cases Repository/LS/Home/Census/Census_Searchin_and_Toggle_Columns/Page_Home/a_Referral Source' is clicked on

21-01-2025T14:42:55 - [MESSAGE][PASSED] - Object: 'Object Repository/Specific Cases Repository/LS/Home/Census/Census_Searchin_and_Toggle_Columns/Page_Home/a_Referral Source' is clicked on

21-01-2025T14:42:55 - [TEST_STEP][PASSED] - click(findTestObject("Object Repository/Specific Cases Repository/LS/Home/Census/Census_Searchin_and_Toggle_Columns/Page_Home/a_Proj Discharge")): Object: 'Object Repository/Specific Cases Repository/LS/Home/Census/Census_Searchin_and_Toggle_Columns/Page_Home/a_Proj Discharge' is clicked on

21-01-2025T14:42:55 - [MESSAGE][PASSED] - Object: 'Object Repository/Specific Cases Repository/LS/Home/Census/Census_Searchin_and_Toggle_Columns/Page_Home/a_Proj Discharge' is clicked on

21-01-2025T14:42:55 - [TEST_STEP][PASSED] - click(findTestObject("Object Repository/Specific Cases Repository/LS/Home/Census/Census_Searchin_and_Toggle_Columns/Page_Home/a_Payor")): Object: 'Object Repository/Specific Cases Repository/LS/Home/Census/Census_Searchin_and_Toggle_Columns/Page_Home/a_Payor' is clicked on

21-01-2025T14:42:56 - [MESSAGE][PASSED] - Object: 'Object Repository/Specific Cases Repository/LS/Home/Census/Census_Searchin_and_Toggle_Columns/Page_Home/a_Payor' is clicked on

21-01-2025T14:42:56 - [TEST_STEP][FAILED] - verifyElementNotPresent(findTestObject("Object Repository/Specific Cases Repository/LS/Home/Census/Census_Searchin_and_Toggle_Columns/Page_Home/th_MRN"), 0): Unable to verify object 'Object Repository/Specific Cases Repository/LS/Home/Census/Census_Searchin_and_Toggle_Columns/Page_Home/th_MRN' is not present (Root cause: com.kms.katalon.core.exception.StepFailedException: Unable to verify object 'Object Repository/Specific Cases Repository/LS/Home/Census/Census_Searchin_and_Toggle_Columns/Page_Home/th_MRN' is not present
	at com.kms.katalon.core.webui.keyword.internal.WebUIKeywordMain.stepFailed(WebUIKeywordMain.groovy:117)
	at com.kms.katalon.core.webui.keyword.internal.WebUIKeywordMain.runKeyword(WebUIKeywordMain.groovy:43)
	at com.kms.katalon.core.webui.keyword.internal.WebUIKeywordMain$runKeyword.call(Unknown Source)
	at com.kms.katalon.core.webui.keyword.builtin.VerifyElementNotPresentKeyword.verifyElementNotPresent(VerifyElementNotPresentKeyword.groovy:131)
	at com.kms.katalon.core.webui.keyword.builtin.VerifyElementNotPresentKeyword.execute(VerifyElementNotPresentKeyword.groovy:69)
	at com.kms.katalon.core.keyword.internal.KeywordExecutor.executeKeywordForPlatform(KeywordExecutor.groovy:74)
	at com.kms.katalon.core.webui.keyword.WebUiBuiltInKeywords.verifyElementNotPresent(WebUiBuiltInKeywords.groovy:1536)
	at Census_Searching_and_Toggle_Columns.run(Census_Searching_and_Toggle_Columns:85)
	at com.kms.katalon.core.main.ScriptEngine.run(ScriptEngine.java:194)
	at com.kms.katalon.core.main.ScriptEngine.runScriptAsRawText(ScriptEngine.java:119)
	at com.kms.katalon.core.main.TestCaseExecutor.runScript(TestCaseExecutor.java:448)
	at com.kms.katalon.core.main.TestCaseExecutor.doExecute(TestCaseExecutor.java:439)
	at com.kms.katalon.core.main.TestCaseExecutor.processExecutionPhase(TestCaseExecutor.java:418)
	at com.kms.katalon.core.main.TestCaseExecutor.accessMainPhase(TestCaseExecutor.java:410)
	at com.kms.katalon.core.main.TestCaseExecutor.execute(TestCaseExecutor.java:285)
	at com.kms.katalon.core.common.CommonExecutor.accessTestCaseMainPhase(CommonExecutor.java:65)
	at com.kms.katalon.core.main.TestSuiteExecutor.accessTestSuiteMainPhase(TestSuiteExecutor.java:150)
	at com.kms.katalon.core.main.TestSuiteExecutor.execute(TestSuiteExecutor.java:106)
	at com.kms.katalon.core.main.TestCaseMain.startTestSuite(TestCaseMain.java:180)
	at TempTestSuite1737488279906.run(TempTestSuite1737488279906.groovy:35)
	at java.base/jdk.internal.reflect.NativeMethodAccessorImpl.invoke0(Native Method)
	at java.base/jdk.internal.reflect.NativeMethodAccessorImpl.invoke(NativeMethodAccessorImpl.java:77)
	at java.base/jdk.internal.reflect.DelegatingMethodAccessorImpl.invoke(DelegatingMethodAccessorImpl.java:43)
Caused by: com.kms.katalon.core.exception.StepFailedException: Web element with id: 'Object Repository/Specific Cases Repository/LS/Home/Census/Census_Searchin_and_Toggle_Columns/Page_Home/th_MRN' located by 'By.xpath: //th[@aria-label='MRN: activate to sort column ascending']' is present after '30' second(s)
	at com.kms.katalon.core.webui.keyword.internal.WebUIKeywordMain.stepFailed(WebUIKeywordMain.groovy:117)
	at com.kms.katalon.core.webui.keyword.internal.WebUIKeywordMain$stepFailed$0.call(Unknown Source)
	at com.kms.katalon.core.webui.keyword.builtin.VerifyElementNotPresentKeyword$_verifyElementNotPresent_closure1.doCall(VerifyElementNotPresentKeyword.groovy:122)
	at com.kms.katalon.core.webui.keyword.builtin.VerifyElementNotPresentKeyword$_verifyElementNotPresent_closure1.doCall(VerifyElementNotPresentKeyword.groovy)
	at java.base/jdk.internal.reflect.NativeMethodAccessorImpl.invoke0(Native Method)
	at java.base/jdk.internal.reflect.NativeMethodAccessorImpl.invoke(NativeMethodAccessorImpl.java:77)
	at java.base/jdk.internal.reflect.DelegatingMethodAccessorImpl.invoke(DelegatingMethodAccessorImpl.java:43)
	at com.kms.katalon.core.webui.keyword.internal.WebUIKeywordMain.runKeyword(WebUIKeywordMain.groovy:35)
	... 21 more
)

21-01-2025T14:42:56 - [MESSAGE][WARNING] - Timeout '0' is invalid. Using default page load timeout: '30'

21-01-2025T14:43:27 - [MESSAGE][FAILED] - Web element with id: 'Object Repository/Specific Cases Repository/LS/Home/Census/Census_Searchin_and_Toggle_Columns/Page_Home/th_MRN' located by 'By.xpath: //th[@aria-label='MRN: activate to sort column ascending']' is present after '30' second(s) (Root cause: com.kms.katalon.core.exception.StepFailedException: Web element with id: 'Object Repository/Specific Cases Repository/LS/Home/Census/Census_Searchin_and_Toggle_Columns/Page_Home/th_MRN' located by 'By.xpath: //th[@aria-label='MRN: activate to sort column ascending']' is present after '30' second(s)
	at com.kms.katalon.core.webui.keyword.internal.WebUIKeywordMain.stepFailed(WebUIKeywordMain.groovy:117)
	at com.kms.katalon.core.webui.keyword.internal.WebUIKeywordMain$stepFailed$0.call(Unknown Source)
	at com.kms.katalon.core.webui.keyword.builtin.VerifyElementNotPresentKeyword$_verifyElementNotPresent_closure1.doCall(VerifyElementNotPresentKeyword.groovy:122)
	at com.kms.katalon.core.webui.keyword.builtin.VerifyElementNotPresentKeyword$_verifyElementNotPresent_closure1.doCall(VerifyElementNotPresentKeyword.groovy)
	at java.base/jdk.internal.reflect.NativeMethodAccessorImpl.invoke0(Native Method)
	at java.base/jdk.internal.reflect.NativeMethodAccessorImpl.invoke(NativeMethodAccessorImpl.java:77)
	at java.base/jdk.internal.reflect.DelegatingMethodAccessorImpl.invoke(DelegatingMethodAccessorImpl.java:43)
	at com.kms.katalon.core.webui.keyword.internal.WebUIKeywordMain.runKeyword(WebUIKeywordMain.groovy:35)
	at com.kms.katalon.core.webui.keyword.internal.WebUIKeywordMain$runKeyword.call(Unknown Source)
	at com.kms.katalon.core.webui.keyword.builtin.VerifyElementNotPresentKeyword.verifyElementNotPresent(VerifyElementNotPresentKeyword.groovy:131)
	at com.kms.katalon.core.webui.keyword.builtin.VerifyElementNotPresentKeyword.execute(VerifyElementNotPresentKeyword.groovy:69)
	at com.kms.katalon.core.keyword.internal.KeywordExecutor.executeKeywordForPlatform(KeywordExecutor.groovy:74)
	at com.kms.katalon.core.webui.keyword.WebUiBuiltInKeywords.verifyElementNotPresent(WebUiBuiltInKeywords.groovy:1536)
	at Census_Searching_and_Toggle_Columns.run(Census_Searching_and_Toggle_Columns:85)
	at com.kms.katalon.core.main.ScriptEngine.run(ScriptEngine.java:194)
	at com.kms.katalon.core.main.ScriptEngine.runScriptAsRawText(ScriptEngine.java:119)
	at com.kms.katalon.core.main.TestCaseExecutor.runScript(TestCaseExecutor.java:448)
	at com.kms.katalon.core.main.TestCaseExecutor.doExecute(TestCaseExecutor.java:439)
	at com.kms.katalon.core.main.TestCaseExecutor.processExecutionPhase(TestCaseExecutor.java:418)
	at com.kms.katalon.core.main.TestCaseExecutor.accessMainPhase(TestCaseExecutor.java:410)
	at com.kms.katalon.core.main.TestCaseExecutor.execute(TestCaseExecutor.java:285)
	at com.kms.katalon.core.common.CommonExecutor.accessTestCaseMainPhase(CommonExecutor.java:65)
	at com.kms.katalon.core.main.TestSuiteExecutor.accessTestSuiteMainPhase(TestSuiteExecutor.java:150)
	at com.kms.katalon.core.main.TestSuiteExecutor.execute(TestSuiteExecutor.java:106)
	at com.kms.katalon.core.main.TestCaseMain.startTestSuite(TestCaseMain.java:180)
	at TempTestSuite1737488279906.run(TempTestSuite1737488279906.groovy:35)
	at java.base/jdk.internal.reflect.NativeMethodAccessorImpl.invoke0(Native Method)
	at java.base/jdk.internal.reflect.NativeMethodAccessorImpl.invoke(NativeMethodAccessorImpl.java:77)
	at java.base/jdk.internal.reflect.DelegatingMethodAccessorImpl.invoke(DelegatingMethodAccessorImpl.java:43)
)
[[ATTACHMENT|C:\\Users\\Enrique\\git\\AUTOMATION_LS\\Reports\\20250121_143756\\LS\\Home\\General\\Census\\20250121_143759\\1737488607585.png]]

21-01-2025T14:43:28 - [MESSAGE][FAILED] - Unable to verify object 'Object Repository/Specific Cases Repository/LS/Home/Census/Census_Searchin_and_Toggle_Columns/Page_Home/th_MRN' is not present (Root cause: com.kms.katalon.core.exception.StepFailedException: Unable to verify object 'Object Repository/Specific Cases Repository/LS/Home/Census/Census_Searchin_and_Toggle_Columns/Page_Home/th_MRN' is not present
	at com.kms.katalon.core.webui.keyword.internal.WebUIKeywordMain.stepFailed(WebUIKeywordMain.groovy:117)
	at com.kms.katalon.core.webui.keyword.internal.WebUIKeywordMain.runKeyword(WebUIKeywordMain.groovy:43)
	at com.kms.katalon.core.webui.keyword.internal.WebUIKeywordMain$runKeyword.call(Unknown Source)
	at com.kms.katalon.core.webui.keyword.builtin.VerifyElementNotPresentKeyword.verifyElementNotPresent(VerifyElementNotPresentKeyword.groovy:131)
	at com.kms.katalon.core.webui.keyword.builtin.VerifyElementNotPresentKeyword.execute(VerifyElementNotPresentKeyword.groovy:69)
	at com.kms.katalon.core.keyword.internal.KeywordExecutor.executeKeywordForPlatform(KeywordExecutor.groovy:74)
	at com.kms.katalon.core.webui.keyword.WebUiBuiltInKeywords.verifyElementNotPresent(WebUiBuiltInKeywords.groovy:1536)
	at Census_Searching_and_Toggle_Columns.run(Census_Searching_and_Toggle_Columns:85)
	at com.kms.katalon.core.main.ScriptEngine.run(ScriptEngine.java:194)
	at com.kms.katalon.core.main.ScriptEngine.runScriptAsRawText(ScriptEngine.java:119)
	at com.kms.katalon.core.main.TestCaseExecutor.runScript(TestCaseExecutor.java:448)
	at com.kms.katalon.core.main.TestCaseExecutor.doExecute(TestCaseExecutor.java:439)
	at com.kms.katalon.core.main.TestCaseExecutor.processExecutionPhase(TestCaseExecutor.java:418)
	at com.kms.katalon.core.main.TestCaseExecutor.accessMainPhase(TestCaseExecutor.java:410)
	at com.kms.katalon.core.main.TestCaseExecutor.execute(TestCaseExecutor.java:285)
	at com.kms.katalon.core.common.CommonExecutor.accessTestCaseMainPhase(CommonExecutor.java:65)
	at com.kms.katalon.core.main.TestSuiteExecutor.accessTestSuiteMainPhase(TestSuiteExecutor.java:150)
	at com.kms.katalon.core.main.TestSuiteExecutor.execute(TestSuiteExecutor.java:106)
	at com.kms.katalon.core.main.TestCaseMain.startTestSuite(TestCaseMain.java:180)
	at TempTestSuite1737488279906.run(TempTestSuite1737488279906.groovy:35)
	at java.base/jdk.internal.reflect.NativeMethodAccessorImpl.invoke0(Native Method)
	at java.base/jdk.internal.reflect.NativeMethodAccessorImpl.invoke(NativeMethodAccessorImpl.java:77)
	at java.base/jdk.internal.reflect.DelegatingMethodAccessorImpl.invoke(DelegatingMethodAccessorImpl.java:43)
Caused by: com.kms.katalon.core.exception.StepFailedException: Web element with id: 'Object Repository/Specific Cases Repository/LS/Home/Census/Census_Searchin_and_Toggle_Columns/Page_Home/th_MRN' located by 'By.xpath: //th[@aria-label='MRN: activate to sort column ascending']' is present after '30' second(s)
	at com.kms.katalon.core.webui.keyword.internal.WebUIKeywordMain.stepFailed(WebUIKeywordMain.groovy:117)
	at com.kms.katalon.core.webui.keyword.internal.WebUIKeywordMain$stepFailed$0.call(Unknown Source)
	at com.kms.katalon.core.webui.keyword.builtin.VerifyElementNotPresentKeyword$_verifyElementNotPresent_closure1.doCall(VerifyElementNotPresentKeyword.groovy:122)
	at com.kms.katalon.core.webui.keyword.builtin.VerifyElementNotPresentKeyword$_verifyElementNotPresent_closure1.doCall(VerifyElementNotPresentKeyword.groovy)
	at java.base/jdk.internal.reflect.NativeMethodAccessorImpl.invoke0(Native Method)
	at java.base/jdk.internal.reflect.NativeMethodAccessorImpl.invoke(NativeMethodAccessorImpl.java:77)
	at java.base/jdk.internal.reflect.DelegatingMethodAccessorImpl.invoke(DelegatingMethodAccessorImpl.java:43)
	at com.kms.katalon.core.webui.keyword.internal.WebUIKeywordMain.runKeyword(WebUIKeywordMain.groovy:35)
	... 21 more
)
[[ATTACHMENT|C:\\Users\\Enrique\\git\\AUTOMATION_LS\\Reports\\20250121_143756\\LS\\Home\\General\\Census\\20250121_143759\\1737488607946.png]]]]></system-out>
         <system-err><![CDATA[21-01-2025T14:42:19 - [TEST_CASE][FAILED] - Test Cases/Specific Cases/LS/General/Census/Census/Census_Searching_and_Toggle_Columns: Test Cases/Specific Cases/LS/General/Census/Census/Census_Searching_and_Toggle_Columns FAILED.
Reason:
com.kms.katalon.core.exception.StepFailedException: Unable to verify object 'Object Repository/Specific Cases Repository/LS/Home/Census/Census_Searchin_and_Toggle_Columns/Page_Home/th_MRN' is not present
	at com.kms.katalon.core.webui.keyword.internal.WebUIKeywordMain.stepFailed(WebUIKeywordMain.groovy:117)
	at com.kms.katalon.core.webui.keyword.internal.WebUIKeywordMain.runKeyword(WebUIKeywordMain.groovy:43)
	at com.kms.katalon.core.webui.keyword.internal.WebUIKeywordMain$runKeyword.call(Unknown Source)
	at com.kms.katalon.core.webui.keyword.builtin.VerifyElementNotPresentKeyword.verifyElementNotPresent(VerifyElementNotPresentKeyword.groovy:131)
	at com.kms.katalon.core.webui.keyword.builtin.VerifyElementNotPresentKeyword.execute(VerifyElementNotPresentKeyword.groovy:69)
	at com.kms.katalon.core.keyword.internal.KeywordExecutor.executeKeywordForPlatform(KeywordExecutor.groovy:74)
	at com.kms.katalon.core.webui.keyword.WebUiBuiltInKeywords.verifyElementNotPresent(WebUiBuiltInKeywords.groovy:1536)
	at Census_Searching_and_Toggle_Columns.run(Census_Searching_and_Toggle_Columns:85)
	at com.kms.katalon.core.main.ScriptEngine.run(ScriptEngine.java:194)
	at com.kms.katalon.core.main.ScriptEngine.runScriptAsRawText(ScriptEngine.java:119)
	at com.kms.katalon.core.main.TestCaseExecutor.runScript(TestCaseExecutor.java:448)
	at com.kms.katalon.core.main.TestCaseExecutor.doExecute(TestCaseExecutor.java:439)
	at com.kms.katalon.core.main.TestCaseExecutor.processExecutionPhase(TestCaseExecutor.java:418)
	at com.kms.katalon.core.main.TestCaseExecutor.accessMainPhase(TestCaseExecutor.java:410)
	at com.kms.katalon.core.main.TestCaseExecutor.execute(TestCaseExecutor.java:285)
	at com.kms.katalon.core.common.CommonExecutor.accessTestCaseMainPhase(CommonExecutor.java:65)
	at com.kms.katalon.core.main.TestSuiteExecutor.accessTestSuiteMainPhase(TestSuiteExecutor.java:150)
	at com.kms.katalon.core.main.TestSuiteExecutor.execute(TestSuiteExecutor.java:106)
	at com.kms.katalon.core.main.TestCaseMain.startTestSuite(TestCaseMain.java:180)
	at TempTestSuite1737488279906.run(TempTestSuite1737488279906.groovy:35)
	at java.base/jdk.internal.reflect.NativeMethodAccessorImpl.invoke0(Native Method)
	at java.base/jdk.internal.reflect.NativeMethodAccessorImpl.invoke(NativeMethodAccessorImpl.java:77)
	at java.base/jdk.internal.reflect.DelegatingMethodAccessorImpl.invoke(DelegatingMethodAccessorImpl.java:43)
Caused by: com.kms.katalon.core.exception.StepFailedException: Web element with id: 'Object Repository/Specific Cases Repository/LS/Home/Census/Census_Searchin_and_Toggle_Columns/Page_Home/th_MRN' located by 'By.xpath: //th[@aria-label='MRN: activate to sort column ascending']' is present after '30' second(s)
	at com.kms.katalon.core.webui.keyword.internal.WebUIKeywordMain.stepFailed(WebUIKeywordMain.groovy:117)
	at com.kms.katalon.core.webui.keyword.internal.WebUIKeywordMain$stepFailed$0.call(Unknown Source)
	at com.kms.katalon.core.webui.keyword.builtin.VerifyElementNotPresentKeyword$_verifyElementNotPresent_closure1.doCall(VerifyElementNotPresentKeyword.groovy:122)
	at com.kms.katalon.core.webui.keyword.builtin.VerifyElementNotPresentKeyword$_verifyElementNotPresent_closure1.doCall(VerifyElementNotPresentKeyword.groovy)
	at java.base/jdk.internal.reflect.NativeMethodAccessorImpl.invoke0(Native Method)
	at java.base/jdk.internal.reflect.NativeMethodAccessorImpl.invoke(NativeMethodAccessorImpl.java:77)
	at java.base/jdk.internal.reflect.DelegatingMethodAccessorImpl.invoke(DelegatingMethodAccessorImpl.java:43)
	at com.kms.katalon.core.webui.keyword.internal.WebUIKeywordMain.runKeyword(WebUIKeywordMain.groovy:35)
	... 21 more]]></system-err>
      </testcase>
      <testcase name="Test Cases/Specific Cases/LS/General/Census/Census/Census_forward_back_functions" time="71.398" classname="Test Cases/Specific Cases/LS/General/Census/Census/Census_forward_back_functions" status="PASSED">
         <system-out><![CDATA[21-01-2025T14:43:28 - [TEST_CASE][PASSED] - Test Cases/Specific Cases/LS/General/Census/Census/Census_forward_back_functions: Test Cases/Specific Cases/LS/General/Census/Census/Census_forward_back_functions

21-01-2025T14:43:29 - [TEST_STEP][PASSED] - callTestCase(findTestCase("Common Cases/Login"), [:], STOP_ON_FAILURE): Call Test Case 'Test Cases/Common Cases/Login' successfully

21-01-2025T14:43:29 - [TEST_CASE][PASSED] - Test Cases/Common Cases/Login: Test Cases/Common Cases/Login

21-01-2025T14:43:29 - [TEST_STEP][PASSED] - openBrowser(""): Browser is opened with url: ''

21-01-2025T14:43:29 - [MESSAGE][WARNING] - A browser is already opened. Closing browser and opening a new one

21-01-2025T14:43:30 - [MESSAGE][INFO] - Starting 'Chrome' driver

21-01-2025T14:43:30 - [MESSAGE][INFO] - Action delay is set to 0 milliseconds

21-01-2025T14:43:32 - [MESSAGE][PASSED] - Browser is opened with url: ''

21-01-2025T14:43:32 - [TEST_STEP][PASSED] - maximizeWindow(): Current window maximized

21-01-2025T14:43:32 - [MESSAGE][PASSED] - Current window maximized

21-01-2025T14:43:32 - [TEST_STEP][PASSED] - navigateToUrl("https://site17.lsapp.cloud/auth/login"): Navigate to 'https://site17.lsapp.cloud/auth/login' successfully

21-01-2025T14:43:33 - [MESSAGE][PASSED] - Navigate to 'https://site17.lsapp.cloud/auth/login' successfully

21-01-2025T14:43:33 - [TEST_STEP][PASSED] - setText(findTestObject("Object Repository/Common Cases Repository/Login/Page_Lightning Step/input_Email_email"), "automation@lightningstep.com"): Text 'automation@lightningstep.com' is set on object 'Object Repository/Common Cases Repository/Login/Page_Lightning Step/input_Email_email'

21-01-2025T14:43:37 - [MESSAGE][PASSED] - Text 'automation@lightningstep.com' is set on object 'Object Repository/Common Cases Repository/Login/Page_Lightning Step/input_Email_email'

21-01-2025T14:43:37 - [TEST_STEP][PASSED] - setEncryptedText(findTestObject("Object Repository/Common Cases Repository/Login/Page_Lightning Step/input_Password_password"), "e5N8VHmnhJDITtQaQhDQDw=="): Text ****** has been set on object 'Object Repository/Common Cases Repository/Login/Page_Lightning Step/input_Password_password'

21-01-2025T14:43:40 - [MESSAGE][PASSED] - Text ****** has been set on object 'Object Repository/Common Cases Repository/Login/Page_Lightning Step/input_Password_password'

21-01-2025T14:43:40 - [TEST_STEP][PASSED] - click(findTestObject("Object Repository/Common Cases Repository/Login/Page_Lightning Step/button_Sign in")): Object: 'Object Repository/Common Cases Repository/Login/Page_Lightning Step/button_Sign in' is clicked on

21-01-2025T14:43:47 - [MESSAGE][PASSED] - Object: 'Object Repository/Common Cases Repository/Login/Page_Lightning Step/button_Sign in' is clicked on

21-01-2025T14:43:47 - [MESSAGE][PASSED] - Call Test Case 'Test Cases/Common Cases/Login' successfully

21-01-2025T14:43:47 - [TEST_STEP][PASSED] - click(findTestObject("Object Repository/Specific Cases Repository/LS/Home/Census/Census_Forward_Back_Functions/Page_Home/a_Census")): Object: 'Object Repository/Specific Cases Repository/LS/Home/Census/Census_Forward_Back_Functions/Page_Home/a_Census' is clicked on

21-01-2025T14:43:48 - [MESSAGE][PASSED] - Object: 'Object Repository/Specific Cases Repository/LS/Home/Census/Census_Forward_Back_Functions/Page_Home/a_Census' is clicked on

21-01-2025T14:43:48 - [TEST_STEP][PASSED] - click(findTestObject("Object Repository/Specific Cases Repository/LS/Home/Census/Census_Forward_Back_Functions/Page_Home/a_bed                     Bed Board")): Object: 'Object Repository/Specific Cases Repository/LS/Home/Census/Census_Forward_Back_Functions/Page_Home/a_bed                     Bed Board' is clicked on

21-01-2025T14:43:56 - [MESSAGE][PASSED] - Object: 'Object Repository/Specific Cases Repository/LS/Home/Census/Census_Forward_Back_Functions/Page_Home/a_bed                     Bed Board' is clicked on

21-01-2025T14:43:56 - [TEST_STEP][PASSED] - navigateToUrl("https://site17.lsapp.cloud/dbkeymetrics/bedboard"): Navigate to 'https://site17.lsapp.cloud/dbkeymetrics/bedboard' successfully

21-01-2025T14:44:01 - [MESSAGE][PASSED] - Navigate to 'https://site17.lsapp.cloud/dbkeymetrics/bedboard' successfully

21-01-2025T14:44:01 - [TEST_STEP][PASSED] - click(findTestObject("Object Repository/Specific Cases Repository/LS/Home/Census/Census_Forward_Back_Functions/Page_Bed Board/span_homepage")): Object: 'Object Repository/Specific Cases Repository/LS/Home/Census/Census_Forward_Back_Functions/Page_Bed Board/span_homepage' is clicked on

21-01-2025T14:44:07 - [MESSAGE][PASSED] - Object: 'Object Repository/Specific Cases Repository/LS/Home/Census/Census_Forward_Back_Functions/Page_Bed Board/span_homepage' is clicked on

21-01-2025T14:44:07 - [TEST_STEP][PASSED] - click(findTestObject("Object Repository/Specific Cases Repository/LS/Home/Census/Census_Forward_Back_Functions/Page_Home/span_Advanced Census")): Object: 'Object Repository/Specific Cases Repository/LS/Home/Census/Census_Forward_Back_Functions/Page_Home/span_Advanced Census' is clicked on

21-01-2025T14:44:17 - [MESSAGE][PASSED] - Object: 'Object Repository/Specific Cases Repository/LS/Home/Census/Census_Forward_Back_Functions/Page_Home/span_Advanced Census' is clicked on

21-01-2025T14:44:17 - [TEST_STEP][PASSED] - click(findTestObject("Object Repository/Specific Cases Repository/LS/Home/Census/Census_Forward_Back_Functions/Page_Census Advanced/span_homepage")): Object: 'Object Repository/Specific Cases Repository/LS/Home/Census/Census_Forward_Back_Functions/Page_Census Advanced/span_homepage' is clicked on

21-01-2025T14:44:24 - [MESSAGE][PASSED] - Object: 'Object Repository/Specific Cases Repository/LS/Home/Census/Census_Forward_Back_Functions/Page_Census Advanced/span_homepage' is clicked on

21-01-2025T14:44:24 - [TEST_STEP][PASSED] - click(findTestObject("Object Repository/Specific Cases Repository/LS/Home/Census/Census_Forward_Back_Functions/Page_Home/a_co_present                 Client Face sheets")): Object: 'Object Repository/Specific Cases Repository/LS/Home/Census/Census_Forward_Back_Functions/Page_Home/a_co_present                 Client Face sheets' is clicked on

21-01-2025T14:44:34 - [MESSAGE][PASSED] - Object: 'Object Repository/Specific Cases Repository/LS/Home/Census/Census_Forward_Back_Functions/Page_Home/a_co_present                 Client Face sheets' is clicked on

21-01-2025T14:44:34 - [TEST_STEP][PASSED] - click(findTestObject("Object Repository/Specific Cases Repository/LS/Home/Census/Census_Forward_Back_Functions/Page_Client Face Sheets/span_homepage")): Object: 'Object Repository/Specific Cases Repository/LS/Home/Census/Census_Forward_Back_Functions/Page_Client Face Sheets/span_homepage' is clicked on

21-01-2025T14:44:39 - [MESSAGE][PASSED] - Object: 'Object Repository/Specific Cases Repository/LS/Home/Census/Census_Forward_Back_Functions/Page_Client Face Sheets/span_homepage' is clicked on

21-01-2025T14:44:39 - [TEST_STEP][PASSED] - closeBrowser(): Browser is closed

21-01-2025T14:44:39 - [MESSAGE][PASSED] - Browser is closed]]></system-out>
         <system-err><![CDATA[]]></system-err>
      </testcase>
      <testcase name="Test Cases/Specific Cases/LS/General/Census/Bed Board/Bed_Board_Filters" time="62.5" classname="Test Cases/Specific Cases/LS/General/Census/Bed Board/Bed_Board_Filters" status="FAILED">
         <failure type="FAILED" message="Test Cases/Specific Cases/LS/General/Census/Bed Board/Bed_Board_Filters FAILED.&#xa;Reason:&#xa;com.kms.katalon.core.exception.StepFailedException: Unable to select option by value '0' of object 'Object Repository/Specific Cases Repository/LS/Home/Census/Bed_Board/Page_Bed Board/select_All Gender Identities'  using regular expression&#xa;	at com.kms.katalon.core.webui.keyword.internal.WebUIKeywordMain.stepFailed(WebUIKeywordMain.groovy:117)&#xa;	at com.kms.katalon.core.webui.keyword.internal.WebUIKeywordMain.runKeyword(WebUIKeywordMain.groovy:43)&#xa;	at com.kms.katalon.core.webui.keyword.builtin.SelectOptionByValueKeyword.selectOptionByValue(SelectOptionByValueKeyword.groovy:99)&#xa;	at com.kms.katalon.core.webui.keyword.builtin.SelectOptionByValueKeyword.execute(SelectOptionByValueKeyword.groovy:71)&#xa;	at com.kms.katalon.core.keyword.internal.KeywordExecutor.executeKeywordForPlatform(KeywordExecutor.groovy:74)&#xa;	at com.kms.katalon.core.webui.keyword.WebUiBuiltInKeywords.selectOptionByValue(WebUiBuiltInKeywords.groovy:1207)&#xa;	at Bed_Board_Filters.run(Bed_Board_Filters:28)&#xa;	at com.kms.katalon.core.main.ScriptEngine.run(ScriptEngine.java:194)&#xa;	at com.kms.katalon.core.main.ScriptEngine.runScriptAsRawText(ScriptEngine.java:119)&#xa;	at com.kms.katalon.core.main.TestCaseExecutor.runScript(TestCaseExecutor.java:448)&#xa;	at com.kms.katalon.core.main.TestCaseExecutor.doExecute(TestCaseExecutor.java:439)&#xa;	at com.kms.katalon.core.main.TestCaseExecutor.processExecutionPhase(TestCaseExecutor.java:418)&#xa;	at com.kms.katalon.core.main.TestCaseExecutor.accessMainPhase(TestCaseExecutor.java:410)&#xa;	at com.kms.katalon.core.main.TestCaseExecutor.execute(TestCaseExecutor.java:285)&#xa;	at com.kms.katalon.core.common.CommonExecutor.accessTestCaseMainPhase(CommonExecutor.java:65)&#xa;	at com.kms.katalon.core.main.TestSuiteExecutor.accessTestSuiteMainPhase(TestSuiteExecutor.java:150)&#xa;	at com.kms.katalon.core.main.TestSuiteExecutor.execute(TestSuiteExecutor.java:106)&#xa;	at com.kms.katalon.core.main.TestCaseMain.startTestSuite(TestCaseMain.java:180)&#xa;	at TempTestSuite1737488279906.run(TempTestSuite1737488279906.groovy:35)&#xa;	at java.base/jdk.internal.reflect.NativeMethodAccessorImpl.invoke0(Native Method)&#xa;	at java.base/jdk.internal.reflect.NativeMethodAccessorImpl.invoke(NativeMethodAccessorImpl.java:77)&#xa;	at java.base/jdk.internal.reflect.DelegatingMethodAccessorImpl.invoke(DelegatingMethodAccessorImpl.java:43)&#xa;Caused by: com.kms.katalon.core.webui.exception.WebElementNotFoundException: Web element with id: 'Object Repository/Specific Cases Repository/LS/Home/Census/Bed_Board/Page_Bed Board/select_All Gender Identities' located by '//select[@id='gender']' not found&#xa;	at com.kms.katalon.core.webui.common.WebUiCommonHelper.findWebElement(WebUiCommonHelper.java:1423)&#xa;	at com.kms.katalon.core.webui.keyword.internal.WebUIAbstractKeyword.findWebElement(WebUIAbstractKeyword.groovy:27)&#xa;	at com.kms.katalon.core.webui.keyword.internal.WebUIAbstractKeyword.findWebElement(WebUIAbstractKeyword.groovy:26)&#xa;	at com.kms.katalon.core.webui.keyword.builtin.SelectOptionByValueKeyword$_selectOptionByValue_closure1.doCall(SelectOptionByValueKeyword.groovy:86)&#xa;	at com.kms.katalon.core.webui.keyword.builtin.SelectOptionByValueKeyword$_selectOptionByValue_closure1.call(SelectOptionByValueKeyword.groovy)&#xa;	at com.kms.katalon.core.webui.keyword.internal.WebUIKeywordMain.runKeyword(WebUIKeywordMain.groovy:35)&#xa;	... 20 more&#xa;"/>
         <system-out><![CDATA[21-01-2025T14:44:40 - [TEST_CASE][FAILED] - Test Cases/Specific Cases/LS/General/Census/Bed Board/Bed_Board_Filters: Test Cases/Specific Cases/LS/General/Census/Bed Board/Bed_Board_Filters FAILED.
Reason:
com.kms.katalon.core.exception.StepFailedException: Unable to select option by value '0' of object 'Object Repository/Specific Cases Repository/LS/Home/Census/Bed_Board/Page_Bed Board/select_All Gender Identities'  using regular expression
	at com.kms.katalon.core.webui.keyword.internal.WebUIKeywordMain.stepFailed(WebUIKeywordMain.groovy:117)
	at com.kms.katalon.core.webui.keyword.internal.WebUIKeywordMain.runKeyword(WebUIKeywordMain.groovy:43)
	at com.kms.katalon.core.webui.keyword.builtin.SelectOptionByValueKeyword.selectOptionByValue(SelectOptionByValueKeyword.groovy:99)
	at com.kms.katalon.core.webui.keyword.builtin.SelectOptionByValueKeyword.execute(SelectOptionByValueKeyword.groovy:71)
	at com.kms.katalon.core.keyword.internal.KeywordExecutor.executeKeywordForPlatform(KeywordExecutor.groovy:74)
	at com.kms.katalon.core.webui.keyword.WebUiBuiltInKeywords.selectOptionByValue(WebUiBuiltInKeywords.groovy:1207)
	at Bed_Board_Filters.run(Bed_Board_Filters:28)
	at com.kms.katalon.core.main.ScriptEngine.run(ScriptEngine.java:194)
	at com.kms.katalon.core.main.ScriptEngine.runScriptAsRawText(ScriptEngine.java:119)
	at com.kms.katalon.core.main.TestCaseExecutor.runScript(TestCaseExecutor.java:448)
	at com.kms.katalon.core.main.TestCaseExecutor.doExecute(TestCaseExecutor.java:439)
	at com.kms.katalon.core.main.TestCaseExecutor.processExecutionPhase(TestCaseExecutor.java:418)
	at com.kms.katalon.core.main.TestCaseExecutor.accessMainPhase(TestCaseExecutor.java:410)
	at com.kms.katalon.core.main.TestCaseExecutor.execute(TestCaseExecutor.java:285)
	at com.kms.katalon.core.common.CommonExecutor.accessTestCaseMainPhase(CommonExecutor.java:65)
	at com.kms.katalon.core.main.TestSuiteExecutor.accessTestSuiteMainPhase(TestSuiteExecutor.java:150)
	at com.kms.katalon.core.main.TestSuiteExecutor.execute(TestSuiteExecutor.java:106)
	at com.kms.katalon.core.main.TestCaseMain.startTestSuite(TestCaseMain.java:180)
	at TempTestSuite1737488279906.run(TempTestSuite1737488279906.groovy:35)
	at java.base/jdk.internal.reflect.NativeMethodAccessorImpl.invoke0(Native Method)
	at java.base/jdk.internal.reflect.NativeMethodAccessorImpl.invoke(NativeMethodAccessorImpl.java:77)
	at java.base/jdk.internal.reflect.DelegatingMethodAccessorImpl.invoke(DelegatingMethodAccessorImpl.java:43)
Caused by: com.kms.katalon.core.webui.exception.WebElementNotFoundException: Web element with id: 'Object Repository/Specific Cases Repository/LS/Home/Census/Bed_Board/Page_Bed Board/select_All Gender Identities' located by '//select[@id='gender']' not found
	at com.kms.katalon.core.webui.common.WebUiCommonHelper.findWebElement(WebUiCommonHelper.java:1423)
	at com.kms.katalon.core.webui.keyword.internal.WebUIAbstractKeyword.findWebElement(WebUIAbstractKeyword.groovy:27)
	at com.kms.katalon.core.webui.keyword.internal.WebUIAbstractKeyword.findWebElement(WebUIAbstractKeyword.groovy:26)
	at com.kms.katalon.core.webui.keyword.builtin.SelectOptionByValueKeyword$_selectOptionByValue_closure1.doCall(SelectOptionByValueKeyword.groovy:86)
	at com.kms.katalon.core.webui.keyword.builtin.SelectOptionByValueKeyword$_selectOptionByValue_closure1.call(SelectOptionByValueKeyword.groovy)
	at com.kms.katalon.core.webui.keyword.internal.WebUIKeywordMain.runKeyword(WebUIKeywordMain.groovy:35)
	... 20 more


21-01-2025T14:44:40 - [TEST_STEP][PASSED] - callTestCase(findTestCase("Common Cases/Login"), [:], STOP_ON_FAILURE): Call Test Case 'Test Cases/Common Cases/Login' successfully

21-01-2025T14:44:40 - [TEST_CASE][PASSED] - Test Cases/Common Cases/Login: Test Cases/Common Cases/Login

21-01-2025T14:44:40 - [TEST_STEP][PASSED] - openBrowser(""): Browser is opened with url: ''

21-01-2025T14:44:40 - [MESSAGE][INFO] - Starting 'Chrome' driver

21-01-2025T14:44:40 - [MESSAGE][INFO] - Action delay is set to 0 milliseconds

21-01-2025T14:44:43 - [MESSAGE][PASSED] - Browser is opened with url: ''

21-01-2025T14:44:43 - [TEST_STEP][PASSED] - maximizeWindow(): Current window maximized

21-01-2025T14:44:43 - [MESSAGE][PASSED] - Current window maximized

21-01-2025T14:44:43 - [TEST_STEP][PASSED] - navigateToUrl("https://site17.lsapp.cloud/auth/login"): Navigate to 'https://site17.lsapp.cloud/auth/login' successfully

21-01-2025T14:44:47 - [MESSAGE][PASSED] - Navigate to 'https://site17.lsapp.cloud/auth/login' successfully

21-01-2025T14:44:47 - [TEST_STEP][PASSED] - setText(findTestObject("Object Repository/Common Cases Repository/Login/Page_Lightning Step/input_Email_email"), "automation@lightningstep.com"): Text 'automation@lightningstep.com' is set on object 'Object Repository/Common Cases Repository/Login/Page_Lightning Step/input_Email_email'

21-01-2025T14:44:48 - [MESSAGE][PASSED] - Text 'automation@lightningstep.com' is set on object 'Object Repository/Common Cases Repository/Login/Page_Lightning Step/input_Email_email'

21-01-2025T14:44:48 - [TEST_STEP][PASSED] - setEncryptedText(findTestObject("Object Repository/Common Cases Repository/Login/Page_Lightning Step/input_Password_password"), "e5N8VHmnhJDITtQaQhDQDw=="): Text ****** has been set on object 'Object Repository/Common Cases Repository/Login/Page_Lightning Step/input_Password_password'

21-01-2025T14:44:48 - [MESSAGE][PASSED] - Text ****** has been set on object 'Object Repository/Common Cases Repository/Login/Page_Lightning Step/input_Password_password'

21-01-2025T14:44:48 - [TEST_STEP][PASSED] - click(findTestObject("Object Repository/Common Cases Repository/Login/Page_Lightning Step/button_Sign in")): Object: 'Object Repository/Common Cases Repository/Login/Page_Lightning Step/button_Sign in' is clicked on

21-01-2025T14:44:56 - [MESSAGE][PASSED] - Object: 'Object Repository/Common Cases Repository/Login/Page_Lightning Step/button_Sign in' is clicked on

21-01-2025T14:44:56 - [MESSAGE][PASSED] - Call Test Case 'Test Cases/Common Cases/Login' successfully

21-01-2025T14:44:56 - [TEST_STEP][PASSED] - click(findTestObject("Object Repository/Specific Cases Repository/LS/Home/Census/Bed_Board/Page_Home/a_Census")): Object: 'Object Repository/Specific Cases Repository/LS/Home/Census/Bed_Board/Page_Home/a_Census' is clicked on

21-01-2025T14:44:57 - [MESSAGE][PASSED] - Object: 'Object Repository/Specific Cases Repository/LS/Home/Census/Bed_Board/Page_Home/a_Census' is clicked on

21-01-2025T14:44:57 - [TEST_STEP][PASSED] - click(findTestObject("Object Repository/Specific Cases Repository/LS/Home/Census/Bed_Board/Page_Home/a_bed                     Bed Board")): Object: 'Object Repository/Specific Cases Repository/LS/Home/Census/Bed_Board/Page_Home/a_bed                     Bed Board' is clicked on

21-01-2025T14:45:05 - [MESSAGE][PASSED] - Object: 'Object Repository/Specific Cases Repository/LS/Home/Census/Bed_Board/Page_Home/a_bed                     Bed Board' is clicked on

21-01-2025T14:45:05 - [TEST_STEP][PASSED] - navigateToUrl("https://site17.lsapp.cloud/dbkeymetrics/bedboard"): Navigate to 'https://site17.lsapp.cloud/dbkeymetrics/bedboard' successfully

21-01-2025T14:45:06 - [MESSAGE][PASSED] - Navigate to 'https://site17.lsapp.cloud/dbkeymetrics/bedboard' successfully

21-01-2025T14:45:06 - [TEST_STEP][FAILED] - selectOptionByValue(findTestObject("Object Repository/Specific Cases Repository/LS/Home/Census/Bed_Board/Page_Bed Board/select_All Gender Identities"), "0", true): Unable to select option by value '0' of object 'Object Repository/Specific Cases Repository/LS/Home/Census/Bed_Board/Page_Bed Board/select_All Gender Identities'  using regular expression (Root cause: com.kms.katalon.core.exception.StepFailedException: Unable to select option by value '0' of object 'Object Repository/Specific Cases Repository/LS/Home/Census/Bed_Board/Page_Bed Board/select_All Gender Identities'  using regular expression
	at com.kms.katalon.core.webui.keyword.internal.WebUIKeywordMain.stepFailed(WebUIKeywordMain.groovy:117)
	at com.kms.katalon.core.webui.keyword.internal.WebUIKeywordMain.runKeyword(WebUIKeywordMain.groovy:43)
	at com.kms.katalon.core.webui.keyword.builtin.SelectOptionByValueKeyword.selectOptionByValue(SelectOptionByValueKeyword.groovy:99)
	at com.kms.katalon.core.webui.keyword.builtin.SelectOptionByValueKeyword.execute(SelectOptionByValueKeyword.groovy:71)
	at com.kms.katalon.core.keyword.internal.KeywordExecutor.executeKeywordForPlatform(KeywordExecutor.groovy:74)
	at com.kms.katalon.core.webui.keyword.WebUiBuiltInKeywords.selectOptionByValue(WebUiBuiltInKeywords.groovy:1207)
	at Bed_Board_Filters.run(Bed_Board_Filters:28)
	at com.kms.katalon.core.main.ScriptEngine.run(ScriptEngine.java:194)
	at com.kms.katalon.core.main.ScriptEngine.runScriptAsRawText(ScriptEngine.java:119)
	at com.kms.katalon.core.main.TestCaseExecutor.runScript(TestCaseExecutor.java:448)
	at com.kms.katalon.core.main.TestCaseExecutor.doExecute(TestCaseExecutor.java:439)
	at com.kms.katalon.core.main.TestCaseExecutor.processExecutionPhase(TestCaseExecutor.java:418)
	at com.kms.katalon.core.main.TestCaseExecutor.accessMainPhase(TestCaseExecutor.java:410)
	at com.kms.katalon.core.main.TestCaseExecutor.execute(TestCaseExecutor.java:285)
	at com.kms.katalon.core.common.CommonExecutor.accessTestCaseMainPhase(CommonExecutor.java:65)
	at com.kms.katalon.core.main.TestSuiteExecutor.accessTestSuiteMainPhase(TestSuiteExecutor.java:150)
	at com.kms.katalon.core.main.TestSuiteExecutor.execute(TestSuiteExecutor.java:106)
	at com.kms.katalon.core.main.TestCaseMain.startTestSuite(TestCaseMain.java:180)
	at TempTestSuite1737488279906.run(TempTestSuite1737488279906.groovy:35)
	at java.base/jdk.internal.reflect.NativeMethodAccessorImpl.invoke0(Native Method)
	at java.base/jdk.internal.reflect.NativeMethodAccessorImpl.invoke(NativeMethodAccessorImpl.java:77)
	at java.base/jdk.internal.reflect.DelegatingMethodAccessorImpl.invoke(DelegatingMethodAccessorImpl.java:43)
Caused by: com.kms.katalon.core.webui.exception.WebElementNotFoundException: Web element with id: 'Object Repository/Specific Cases Repository/LS/Home/Census/Bed_Board/Page_Bed Board/select_All Gender Identities' located by '//select[@id='gender']' not found
	at com.kms.katalon.core.webui.common.WebUiCommonHelper.findWebElement(WebUiCommonHelper.java:1423)
	at com.kms.katalon.core.webui.keyword.internal.WebUIAbstractKeyword.findWebElement(WebUIAbstractKeyword.groovy:27)
	at com.kms.katalon.core.webui.keyword.internal.WebUIAbstractKeyword.findWebElement(WebUIAbstractKeyword.groovy:26)
	at com.kms.katalon.core.webui.keyword.builtin.SelectOptionByValueKeyword$_selectOptionByValue_closure1.doCall(SelectOptionByValueKeyword.groovy:86)
	at com.kms.katalon.core.webui.keyword.builtin.SelectOptionByValueKeyword$_selectOptionByValue_closure1.call(SelectOptionByValueKeyword.groovy)
	at com.kms.katalon.core.webui.keyword.internal.WebUIKeywordMain.runKeyword(WebUIKeywordMain.groovy:35)
	at com.kms.katalon.core.webui.keyword.builtin.SelectOptionByValueKeyword.selectOptionByValue(SelectOptionByValueKeyword.groovy:99)
	at com.kms.katalon.core.webui.keyword.builtin.SelectOptionByValueKeyword.execute(SelectOptionByValueKeyword.groovy:71)
	at com.kms.katalon.core.keyword.internal.KeywordExecutor.executeKeywordForPlatform(KeywordExecutor.groovy:74)
	at com.kms.katalon.core.webui.keyword.WebUiBuiltInKeywords.selectOptionByValue(WebUiBuiltInKeywords.groovy:1207)
	at Script1727458510335.run(Script1727458510335.groovy:28)
	... 15 more
)

21-01-2025T14:45:37 - [MESSAGE][INFO] - Unable to find the element located by 'By.xpath: //select[@id='gender']'. Please recheck the objects properties to make sure the desired element is located. 

21-01-2025T14:45:37 - [MESSAGE][WARNING] - [SELF-HEALING] Failed to find element with id 'Object Repository/Specific Cases Repository/LS/Home/Census/Bed_Board/Page_Bed Board/select_All Gender Identities'. Try using Self-healing.

21-01-2025T14:45:37 - [MESSAGE][INFO] - [SELF-HEALING] Failed Locator: '//select[@id='gender']'.

21-01-2025T14:45:37 - [MESSAGE][INFO] - [SELF-HEALING] Failed Locator: '//form[@id='frmBedBoard']/div[2]/select'.

21-01-2025T14:45:37 - [MESSAGE][INFO] - [SELF-HEALING] Failed Locator: '(.//*[normalize-space(text()) and normalize-space(.)='Print'])[1]/following::select[2]'.

21-01-2025T14:45:38 - [MESSAGE][INFO] - [SELF-HEALING] Failed Locator: '(.//*[normalize-space(text()) and normalize-space(.)='print'])[1]/following::select[2]'.

21-01-2025T14:45:38 - [MESSAGE][INFO] - [SELF-HEALING] Failed Locator: '(.//*[normalize-space(text()) and normalize-space(.)='Unit Census'])[1]/preceding::select[1]'.

21-01-2025T14:45:38 - [MESSAGE][INFO] - [SELF-HEALING] Failed Locator: '(.//*[normalize-space(text()) and normalize-space(.)='Unit'])[1]/preceding::select[1]'.

21-01-2025T14:45:38 - [MESSAGE][INFO] - [SELF-HEALING] Failed Locator: '//form/div[2]/select'.

21-01-2025T14:45:39 - [MESSAGE][INFO] - [SELF-HEALING] Failed Locator: '//select[@id = 'gender' and @name = 'gender' and @form = 'frmBedBoard' and (text() = '
                            All Gender Identities
                                                                                                Female
                                                                                                                                Male
                                                                                                                                Gender Neutral
                                                                                                                                Genderqueer
                                                                                                                                Non-Binary
                                                                                                                                Transgender (Female-to-Male)
                                                                                                                                Transgender (Male-to-Female)
                                                                                                                                Other
                                                                                                                                Choose not to Disclose
                                                                                    ' or . = '
                            All Gender Identities
                                                                                                Female
                                                                                                                                Male
                                                                                                                                Gender Neutral
                                                                                                                                Genderqueer
                                                                                                                                Non-Binary
                                                                                                                                Transgender (Female-to-Male)
                                                                                                                                Transgender (Male-to-Female)
                                                                                                                                Other
                                                                                                                                Choose not to Disclose
                                                                                    ')]'.

21-01-2025T14:45:41 - [MESSAGE][INFO] - Unable to find the element located by 'By.xpath: //*[@id = 'gender' and @name = 'gender' and @form = 'frmBedBoard' and (text() = '
                            All Gender Identities
                                                                                                Female
                                                                                                                                Male
                                                                                                                                Gender Neutral
                                                                                                                                Genderqueer
                                                                                                                                Non-Binary
                                                                                                                                Transgender (Female-to-Male)
                                                                                                                                Transgender (Male-to-Female)
                                                                                                                                Other
                                                                                                                                Choose not to Disclose
                                                                                    ' or . = '
                            All Gender Identities
                                                                                                Female
                                                                                                                                Male
                                                                                                                                Gender Neutral
                                                                                                                                Genderqueer
                                                                                                                                Non-Binary
                                                                                                                                Transgender (Female-to-Male)
                                                                                                                                Transgender (Male-to-Female)
                                                                                                                                Other
                                                                                                                                Choose not to Disclose
                                                                                    ')]'. Please recheck the objects properties to make sure the desired element is located. 

21-01-2025T14:45:42 - [MESSAGE][INFO] - Unable to find the element located by 'By.cssSelector: #gender'. Please recheck the objects properties to make sure the desired element is located. 

21-01-2025T14:45:42 - [MESSAGE][FAILED] - Unable to select option by value '0' of object 'Object Repository/Specific Cases Repository/LS/Home/Census/Bed_Board/Page_Bed Board/select_All Gender Identities'  using regular expression (Root cause: com.kms.katalon.core.exception.StepFailedException: Unable to select option by value '0' of object 'Object Repository/Specific Cases Repository/LS/Home/Census/Bed_Board/Page_Bed Board/select_All Gender Identities'  using regular expression
	at com.kms.katalon.core.webui.keyword.internal.WebUIKeywordMain.stepFailed(WebUIKeywordMain.groovy:117)
	at com.kms.katalon.core.webui.keyword.internal.WebUIKeywordMain.runKeyword(WebUIKeywordMain.groovy:43)
	at com.kms.katalon.core.webui.keyword.builtin.SelectOptionByValueKeyword.selectOptionByValue(SelectOptionByValueKeyword.groovy:99)
	at com.kms.katalon.core.webui.keyword.builtin.SelectOptionByValueKeyword.execute(SelectOptionByValueKeyword.groovy:71)
	at com.kms.katalon.core.keyword.internal.KeywordExecutor.executeKeywordForPlatform(KeywordExecutor.groovy:74)
	at com.kms.katalon.core.webui.keyword.WebUiBuiltInKeywords.selectOptionByValue(WebUiBuiltInKeywords.groovy:1207)
	at Bed_Board_Filters.run(Bed_Board_Filters:28)
	at com.kms.katalon.core.main.ScriptEngine.run(ScriptEngine.java:194)
	at com.kms.katalon.core.main.ScriptEngine.runScriptAsRawText(ScriptEngine.java:119)
	at com.kms.katalon.core.main.TestCaseExecutor.runScript(TestCaseExecutor.java:448)
	at com.kms.katalon.core.main.TestCaseExecutor.doExecute(TestCaseExecutor.java:439)
	at com.kms.katalon.core.main.TestCaseExecutor.processExecutionPhase(TestCaseExecutor.java:418)
	at com.kms.katalon.core.main.TestCaseExecutor.accessMainPhase(TestCaseExecutor.java:410)
	at com.kms.katalon.core.main.TestCaseExecutor.execute(TestCaseExecutor.java:285)
	at com.kms.katalon.core.common.CommonExecutor.accessTestCaseMainPhase(CommonExecutor.java:65)
	at com.kms.katalon.core.main.TestSuiteExecutor.accessTestSuiteMainPhase(TestSuiteExecutor.java:150)
	at com.kms.katalon.core.main.TestSuiteExecutor.execute(TestSuiteExecutor.java:106)
	at com.kms.katalon.core.main.TestCaseMain.startTestSuite(TestCaseMain.java:180)
	at TempTestSuite1737488279906.run(TempTestSuite1737488279906.groovy:35)
	at java.base/jdk.internal.reflect.NativeMethodAccessorImpl.invoke0(Native Method)
	at java.base/jdk.internal.reflect.NativeMethodAccessorImpl.invoke(NativeMethodAccessorImpl.java:77)
	at java.base/jdk.internal.reflect.DelegatingMethodAccessorImpl.invoke(DelegatingMethodAccessorImpl.java:43)
Caused by: com.kms.katalon.core.webui.exception.WebElementNotFoundException: Web element with id: 'Object Repository/Specific Cases Repository/LS/Home/Census/Bed_Board/Page_Bed Board/select_All Gender Identities' located by '//select[@id='gender']' not found
	at com.kms.katalon.core.webui.common.WebUiCommonHelper.findWebElement(WebUiCommonHelper.java:1423)
	at com.kms.katalon.core.webui.keyword.internal.WebUIAbstractKeyword.findWebElement(WebUIAbstractKeyword.groovy:27)
	at com.kms.katalon.core.webui.keyword.internal.WebUIAbstractKeyword.findWebElement(WebUIAbstractKeyword.groovy:26)
	at com.kms.katalon.core.webui.keyword.builtin.SelectOptionByValueKeyword$_selectOptionByValue_closure1.doCall(SelectOptionByValueKeyword.groovy:86)
	at com.kms.katalon.core.webui.keyword.builtin.SelectOptionByValueKeyword$_selectOptionByValue_closure1.call(SelectOptionByValueKeyword.groovy)
	at com.kms.katalon.core.webui.keyword.internal.WebUIKeywordMain.runKeyword(WebUIKeywordMain.groovy:35)
	at com.kms.katalon.core.webui.keyword.builtin.SelectOptionByValueKeyword.selectOptionByValue(SelectOptionByValueKeyword.groovy:99)
	at com.kms.katalon.core.webui.keyword.builtin.SelectOptionByValueKeyword.execute(SelectOptionByValueKeyword.groovy:71)
	at com.kms.katalon.core.keyword.internal.KeywordExecutor.executeKeywordForPlatform(KeywordExecutor.groovy:74)
	at com.kms.katalon.core.webui.keyword.WebUiBuiltInKeywords.selectOptionByValue(WebUiBuiltInKeywords.groovy:1207)
	at Script1727458510335.run(Script1727458510335.groovy:28)
	... 15 more
)
[[ATTACHMENT|C:\\Users\\Enrique\\git\\AUTOMATION_LS\\Reports\\20250121_143756\\LS\\Home\\General\\Census\\20250121_143759\\1737488742410.png]]]]></system-out>
         <system-err><![CDATA[21-01-2025T14:44:40 - [TEST_CASE][FAILED] - Test Cases/Specific Cases/LS/General/Census/Bed Board/Bed_Board_Filters: Test Cases/Specific Cases/LS/General/Census/Bed Board/Bed_Board_Filters FAILED.
Reason:
com.kms.katalon.core.exception.StepFailedException: Unable to select option by value '0' of object 'Object Repository/Specific Cases Repository/LS/Home/Census/Bed_Board/Page_Bed Board/select_All Gender Identities'  using regular expression
	at com.kms.katalon.core.webui.keyword.internal.WebUIKeywordMain.stepFailed(WebUIKeywordMain.groovy:117)
	at com.kms.katalon.core.webui.keyword.internal.WebUIKeywordMain.runKeyword(WebUIKeywordMain.groovy:43)
	at com.kms.katalon.core.webui.keyword.builtin.SelectOptionByValueKeyword.selectOptionByValue(SelectOptionByValueKeyword.groovy:99)
	at com.kms.katalon.core.webui.keyword.builtin.SelectOptionByValueKeyword.execute(SelectOptionByValueKeyword.groovy:71)
	at com.kms.katalon.core.keyword.internal.KeywordExecutor.executeKeywordForPlatform(KeywordExecutor.groovy:74)
	at com.kms.katalon.core.webui.keyword.WebUiBuiltInKeywords.selectOptionByValue(WebUiBuiltInKeywords.groovy:1207)
	at Bed_Board_Filters.run(Bed_Board_Filters:28)
	at com.kms.katalon.core.main.ScriptEngine.run(ScriptEngine.java:194)
	at com.kms.katalon.core.main.ScriptEngine.runScriptAsRawText(ScriptEngine.java:119)
	at com.kms.katalon.core.main.TestCaseExecutor.runScript(TestCaseExecutor.java:448)
	at com.kms.katalon.core.main.TestCaseExecutor.doExecute(TestCaseExecutor.java:439)
	at com.kms.katalon.core.main.TestCaseExecutor.processExecutionPhase(TestCaseExecutor.java:418)
	at com.kms.katalon.core.main.TestCaseExecutor.accessMainPhase(TestCaseExecutor.java:410)
	at com.kms.katalon.core.main.TestCaseExecutor.execute(TestCaseExecutor.java:285)
	at com.kms.katalon.core.common.CommonExecutor.accessTestCaseMainPhase(CommonExecutor.java:65)
	at com.kms.katalon.core.main.TestSuiteExecutor.accessTestSuiteMainPhase(TestSuiteExecutor.java:150)
	at com.kms.katalon.core.main.TestSuiteExecutor.execute(TestSuiteExecutor.java:106)
	at com.kms.katalon.core.main.TestCaseMain.startTestSuite(TestCaseMain.java:180)
	at TempTestSuite1737488279906.run(TempTestSuite1737488279906.groovy:35)
	at java.base/jdk.internal.reflect.NativeMethodAccessorImpl.invoke0(Native Method)
	at java.base/jdk.internal.reflect.NativeMethodAccessorImpl.invoke(NativeMethodAccessorImpl.java:77)
	at java.base/jdk.internal.reflect.DelegatingMethodAccessorImpl.invoke(DelegatingMethodAccessorImpl.java:43)
Caused by: com.kms.katalon.core.webui.exception.WebElementNotFoundException: Web element with id: 'Object Repository/Specific Cases Repository/LS/Home/Census/Bed_Board/Page_Bed Board/select_All Gender Identities' located by '//select[@id='gender']' not found
	at com.kms.katalon.core.webui.common.WebUiCommonHelper.findWebElement(WebUiCommonHelper.java:1423)
	at com.kms.katalon.core.webui.keyword.internal.WebUIAbstractKeyword.findWebElement(WebUIAbstractKeyword.groovy:27)
	at com.kms.katalon.core.webui.keyword.internal.WebUIAbstractKeyword.findWebElement(WebUIAbstractKeyword.groovy:26)
	at com.kms.katalon.core.webui.keyword.builtin.SelectOptionByValueKeyword$_selectOptionByValue_closure1.doCall(SelectOptionByValueKeyword.groovy:86)
	at com.kms.katalon.core.webui.keyword.builtin.SelectOptionByValueKeyword$_selectOptionByValue_closure1.call(SelectOptionByValueKeyword.groovy)
	at com.kms.katalon.core.webui.keyword.internal.WebUIKeywordMain.runKeyword(WebUIKeywordMain.groovy:35)
	... 20 more]]></system-err>
      </testcase>
      <testcase name="Test Cases/Specific Cases/LS/General/Census/Bed Board/Bed_Board_Notes" time="60.322" classname="Test Cases/Specific Cases/LS/General/Census/Bed Board/Bed_Board_Notes" status="PASSED">
         <system-out><![CDATA[21-01-2025T14:45:42 - [TEST_CASE][PASSED] - Test Cases/Specific Cases/LS/General/Census/Bed Board/Bed_Board_Notes: Test Cases/Specific Cases/LS/General/Census/Bed Board/Bed_Board_Notes

21-01-2025T14:45:42 - [TEST_STEP][PASSED] - callTestCase(findTestCase("Common Cases/Login"), [:], STOP_ON_FAILURE): Call Test Case 'Test Cases/Common Cases/Login' successfully

21-01-2025T14:45:42 - [TEST_CASE][PASSED] - Test Cases/Common Cases/Login: Test Cases/Common Cases/Login

21-01-2025T14:45:42 - [TEST_STEP][PASSED] - openBrowser(""): Browser is opened with url: ''

21-01-2025T14:45:42 - [MESSAGE][WARNING] - A browser is already opened. Closing browser and opening a new one

21-01-2025T14:45:43 - [MESSAGE][INFO] - Starting 'Chrome' driver

21-01-2025T14:45:43 - [MESSAGE][INFO] - Action delay is set to 0 milliseconds

21-01-2025T14:45:43 - [MESSAGE][PASSED] - Browser is opened with url: ''

21-01-2025T14:45:43 - [TEST_STEP][PASSED] - maximizeWindow(): Current window maximized

21-01-2025T14:45:43 - [MESSAGE][PASSED] - Current window maximized

21-01-2025T14:45:43 - [TEST_STEP][PASSED] - navigateToUrl("https://site17.lsapp.cloud/auth/login"): Navigate to 'https://site17.lsapp.cloud/auth/login' successfully

21-01-2025T14:45:55 - [MESSAGE][PASSED] - Navigate to 'https://site17.lsapp.cloud/auth/login' successfully

21-01-2025T14:45:55 - [TEST_STEP][PASSED] - setText(findTestObject("Object Repository/Common Cases Repository/Login/Page_Lightning Step/input_Email_email"), "automation@lightningstep.com"): Text 'automation@lightningstep.com' is set on object 'Object Repository/Common Cases Repository/Login/Page_Lightning Step/input_Email_email'

21-01-2025T14:45:56 - [MESSAGE][PASSED] - Text 'automation@lightningstep.com' is set on object 'Object Repository/Common Cases Repository/Login/Page_Lightning Step/input_Email_email'

21-01-2025T14:45:56 - [TEST_STEP][PASSED] - setEncryptedText(findTestObject("Object Repository/Common Cases Repository/Login/Page_Lightning Step/input_Password_password"), "e5N8VHmnhJDITtQaQhDQDw=="): Text ****** has been set on object 'Object Repository/Common Cases Repository/Login/Page_Lightning Step/input_Password_password'

21-01-2025T14:45:56 - [MESSAGE][PASSED] - Text ****** has been set on object 'Object Repository/Common Cases Repository/Login/Page_Lightning Step/input_Password_password'

21-01-2025T14:45:56 - [TEST_STEP][PASSED] - click(findTestObject("Object Repository/Common Cases Repository/Login/Page_Lightning Step/button_Sign in")): Object: 'Object Repository/Common Cases Repository/Login/Page_Lightning Step/button_Sign in' is clicked on

21-01-2025T14:46:06 - [MESSAGE][PASSED] - Object: 'Object Repository/Common Cases Repository/Login/Page_Lightning Step/button_Sign in' is clicked on

21-01-2025T14:46:06 - [MESSAGE][PASSED] - Call Test Case 'Test Cases/Common Cases/Login' successfully

21-01-2025T14:46:06 - [TEST_STEP][PASSED] - click(findTestObject("Object Repository/Specific Cases Repository/LS/Home/Census/Bed_Board/Bead_Board_Notes/Page_Home/a_Census")): Object: 'Object Repository/Specific Cases Repository/LS/Home/Census/Bed_Board/Bead_Board_Notes/Page_Home/a_Census' is clicked on

21-01-2025T14:46:07 - [MESSAGE][PASSED] - Object: 'Object Repository/Specific Cases Repository/LS/Home/Census/Bed_Board/Bead_Board_Notes/Page_Home/a_Census' is clicked on

21-01-2025T14:46:07 - [TEST_STEP][PASSED] - click(findTestObject("Object Repository/Specific Cases Repository/LS/Home/Census/Bed_Board/Bead_Board_Notes/Page_Home/a_bed                     Bed Board")): Object: 'Object Repository/Specific Cases Repository/LS/Home/Census/Bed_Board/Bead_Board_Notes/Page_Home/a_bed                     Bed Board' is clicked on

21-01-2025T14:46:15 - [MESSAGE][PASSED] - Object: 'Object Repository/Specific Cases Repository/LS/Home/Census/Bed_Board/Bead_Board_Notes/Page_Home/a_bed                     Bed Board' is clicked on

21-01-2025T14:46:15 - [TEST_STEP][PASSED] - navigateToUrl("https://site17.lsapp.cloud/dbkeymetrics/bedboard"): Navigate to 'https://site17.lsapp.cloud/dbkeymetrics/bedboard' successfully

21-01-2025T14:46:19 - [MESSAGE][PASSED] - Navigate to 'https://site17.lsapp.cloud/dbkeymetrics/bedboard' successfully

21-01-2025T14:46:19 - [TEST_STEP][PASSED] - click(findTestObject("Object Repository/Specific Cases Repository/LS/Home/Census/Bed_Board/Bead_Board_Notes/Page_Bed Board/a_Bed Management")): Object: 'Object Repository/Specific Cases Repository/LS/Home/Census/Bed_Board/Bead_Board_Notes/Page_Bed Board/a_Bed Management' is clicked on

21-01-2025T14:46:23 - [MESSAGE][PASSED] - Object: 'Object Repository/Specific Cases Repository/LS/Home/Census/Bed_Board/Bead_Board_Notes/Page_Bed Board/a_Bed Management' is clicked on

21-01-2025T14:46:23 - [TEST_STEP][PASSED] - click(findTestObject("Object Repository/Specific Cases Repository/LS/Home/Census/Bed_Board/Bead_Board_Notes/Page_Bed Management Dashboard/i_Room  1  (Male)_roomnote1")): Object: 'Object Repository/Specific Cases Repository/LS/Home/Census/Bed_Board/Bead_Board_Notes/Page_Bed Management Dashboard/i_Room  1  (Male)_roomnote1' is clicked on

21-01-2025T14:46:25 - [MESSAGE][PASSED] - Object: 'Object Repository/Specific Cases Repository/LS/Home/Census/Bed_Board/Bead_Board_Notes/Page_Bed Management Dashboard/i_Room  1  (Male)_roomnote1' is clicked on

21-01-2025T14:46:25 - [TEST_STEP][PASSED] - setText(findTestObject("Object Repository/Specific Cases Repository/LS/Home/Census/Bed_Board/Bead_Board_Notes/Page_Bed Management Dashboard/textarea_Room Note_mdl_roombednote_note"), "Room Test Note Automation"): Text 'Room Test Note Automation' is set on object 'Object Repository/Specific Cases Repository/LS/Home/Census/Bed_Board/Bead_Board_Notes/Page_Bed Management Dashboard/textarea_Room Note_mdl_roombednote_note'

21-01-2025T14:46:29 - [MESSAGE][PASSED] - Text 'Room Test Note Automation' is set on object 'Object Repository/Specific Cases Repository/LS/Home/Census/Bed_Board/Bead_Board_Notes/Page_Bed Management Dashboard/textarea_Room Note_mdl_roombednote_note'

21-01-2025T14:46:29 - [TEST_STEP][PASSED] - click(findTestObject("Specific Cases Repository/LS/Home/Census/Bed_Board/Bead_Board_Notes/Page_Bed Management Dashboard/div_Bed Note                               _7b91a6")): Object: 'Object Repository/Specific Cases Repository/LS/Home/Census/Bed_Board/Bead_Board_Notes/Page_Bed Management Dashboard/div_Bed Note                               _7b91a6' is clicked on

21-01-2025T14:46:29 - [MESSAGE][PASSED] - Object: 'Object Repository/Specific Cases Repository/LS/Home/Census/Bed_Board/Bead_Board_Notes/Page_Bed Management Dashboard/div_Bed Note                               _7b91a6' is clicked on

21-01-2025T14:46:29 - [TEST_STEP][PASSED] - click(findTestObject("Object Repository/Specific Cases Repository/LS/Home/Census/Bed_Board/Bead_Board_Notes/Page_Bed Management Dashboard/i_Room  1  (Male)_bednote1")): Object: 'Object Repository/Specific Cases Repository/LS/Home/Census/Bed_Board/Bead_Board_Notes/Page_Bed Management Dashboard/i_Room  1  (Male)_bednote1' is clicked on

21-01-2025T14:46:29 - [MESSAGE][PASSED] - Object: 'Object Repository/Specific Cases Repository/LS/Home/Census/Bed_Board/Bead_Board_Notes/Page_Bed Management Dashboard/i_Room  1  (Male)_bednote1' is clicked on

21-01-2025T14:46:29 - [TEST_STEP][PASSED] - setText(findTestObject("Object Repository/Specific Cases Repository/LS/Home/Census/Bed_Board/Bead_Board_Notes/Page_Bed Management Dashboard/textarea_Room Note_mdl_roombednote_note"), "Bed Note Test Automation"): Text 'Bed Note Test Automation' is set on object 'Object Repository/Specific Cases Repository/LS/Home/Census/Bed_Board/Bead_Board_Notes/Page_Bed Management Dashboard/textarea_Room Note_mdl_roombednote_note'

21-01-2025T14:46:30 - [MESSAGE][PASSED] - Text 'Bed Note Test Automation' is set on object 'Object Repository/Specific Cases Repository/LS/Home/Census/Bed_Board/Bead_Board_Notes/Page_Bed Management Dashboard/textarea_Room Note_mdl_roombednote_note'

21-01-2025T14:46:30 - [TEST_STEP][PASSED] - click(findTestObject("Specific Cases Repository/LS/Home/Census/Bed_Board/Bead_Board_Notes/Page_Bed Management Dashboard/div_Bed Note                               _7b91a6")): Object: 'Object Repository/Specific Cases Repository/LS/Home/Census/Bed_Board/Bead_Board_Notes/Page_Bed Management Dashboard/div_Bed Note                               _7b91a6' is clicked on

21-01-2025T14:46:31 - [MESSAGE][PASSED] - Object: 'Object Repository/Specific Cases Repository/LS/Home/Census/Bed_Board/Bead_Board_Notes/Page_Bed Management Dashboard/div_Bed Note                               _7b91a6' is clicked on

21-01-2025T14:46:31 - [TEST_STEP][PASSED] - click(findTestObject("Object Repository/Specific Cases Repository/LS/Home/Census/Bed_Board/Bead_Board_Notes/Page_Bed Management Dashboard/a_Home")): Object: 'Object Repository/Specific Cases Repository/LS/Home/Census/Bed_Board/Bead_Board_Notes/Page_Bed Management Dashboard/a_Home' is clicked on

21-01-2025T14:46:35 - [MESSAGE][PASSED] - Object: 'Object Repository/Specific Cases Repository/LS/Home/Census/Bed_Board/Bead_Board_Notes/Page_Bed Management Dashboard/a_Home' is clicked on

21-01-2025T14:46:35 - [TEST_STEP][PASSED] - click(findTestObject("Object Repository/Specific Cases Repository/LS/Home/Census/Bed_Board/Bead_Board_Notes/Page_Home/a_bed                     Bed Board")): Object: 'Object Repository/Specific Cases Repository/LS/Home/Census/Bed_Board/Bead_Board_Notes/Page_Home/a_bed                     Bed Board' is clicked on

21-01-2025T14:46:40 - [MESSAGE][PASSED] - Object: 'Object Repository/Specific Cases Repository/LS/Home/Census/Bed_Board/Bead_Board_Notes/Page_Home/a_bed                     Bed Board' is clicked on

21-01-2025T14:46:40 - [TEST_STEP][PASSED] - verifyElementPresent(findTestObject("Object Repository/Specific Cases Repository/LS/Home/Census/Bed_Board/Bead_Board_Notes/Page_Bed Board/i_Mens Residential_fa fa-info-circle text-info"), 0): Object 'Object Repository/Specific Cases Repository/LS/Home/Census/Bed_Board/Bead_Board_Notes/Page_Bed Board/i_Mens Residential_fa fa-info-circle text-info' is present

21-01-2025T14:46:40 - [MESSAGE][WARNING] - Timeout '0' is invalid. Using default page load timeout: '30'

21-01-2025T14:46:40 - [MESSAGE][PASSED] - Object 'Object Repository/Specific Cases Repository/LS/Home/Census/Bed_Board/Bead_Board_Notes/Page_Bed Board/i_Mens Residential_fa fa-info-circle text-info' is present

21-01-2025T14:46:40 - [TEST_STEP][PASSED] - click(findTestObject("Object Repository/Specific Cases Repository/LS/Home/Census/Bed_Board/Bead_Board_Notes/Page_Bed Board/i_Mens Residential_fa fa-info-circle text-info")): Object: 'Object Repository/Specific Cases Repository/LS/Home/Census/Bed_Board/Bead_Board_Notes/Page_Bed Board/i_Mens Residential_fa fa-info-circle text-info' is clicked on

21-01-2025T14:46:40 - [MESSAGE][PASSED] - Object: 'Object Repository/Specific Cases Repository/LS/Home/Census/Bed_Board/Bead_Board_Notes/Page_Bed Board/i_Mens Residential_fa fa-info-circle text-info' is clicked on

21-01-2025T14:46:40 - [TEST_STEP][PASSED] - verifyElementText(findTestObject("Object Repository/Specific Cases Repository/LS/Home/Census/Bed_Board/Bead_Board_Notes/Page_Bed Board/b_Bed note"), "Bed note:"): Actual text and expected text of test object 'Object Repository/Specific Cases Repository/LS/Home/Census/Bed_Board/Bead_Board_Notes/Page_Bed Board/b_Bed note' are matched.

21-01-2025T14:46:41 - [MESSAGE][PASSED] - Actual text and expected text of test object 'Object Repository/Specific Cases Repository/LS/Home/Census/Bed_Board/Bead_Board_Notes/Page_Bed Board/b_Bed note' are matched.

21-01-2025T14:46:41 - [TEST_STEP][PASSED] - verifyElementText(findTestObject("Object Repository/Specific Cases Repository/LS/Home/Census/Bed_Board/Bead_Board_Notes/Page_Bed Board/b_Room note"), "Room note:"): Actual text and expected text of test object 'Object Repository/Specific Cases Repository/LS/Home/Census/Bed_Board/Bead_Board_Notes/Page_Bed Board/b_Room note' are matched.

21-01-2025T14:46:41 - [MESSAGE][PASSED] - Actual text and expected text of test object 'Object Repository/Specific Cases Repository/LS/Home/Census/Bed_Board/Bead_Board_Notes/Page_Bed Board/b_Room note' are matched.

21-01-2025T14:46:41 - [TEST_STEP][PASSED] - closeBrowser(): Browser is closed

21-01-2025T14:46:42 - [MESSAGE][PASSED] - Browser is closed]]></system-out>
         <system-err><![CDATA[]]></system-err>
      </testcase>
      <testcase name="Test Cases/Specific Cases/LS/General/Census/Bed Board/Bed_Board_forward_back_fucntions" time="39.452" classname="Test Cases/Specific Cases/LS/General/Census/Bed Board/Bed_Board_forward_back_fucntions" status="PASSED">
         <system-out><![CDATA[21-01-2025T14:46:42 - [TEST_CASE][PASSED] - Test Cases/Specific Cases/LS/General/Census/Bed Board/Bed_Board_forward_back_fucntions: Test Cases/Specific Cases/LS/General/Census/Bed Board/Bed_Board_forward_back_fucntions

21-01-2025T14:46:43 - [TEST_STEP][PASSED] - callTestCase(findTestCase("Common Cases/Login"), [:], STOP_ON_FAILURE): Call Test Case 'Test Cases/Common Cases/Login' successfully

21-01-2025T14:46:43 - [TEST_CASE][PASSED] - Test Cases/Common Cases/Login: Test Cases/Common Cases/Login

21-01-2025T14:46:43 - [TEST_STEP][PASSED] - openBrowser(""): Browser is opened with url: ''

21-01-2025T14:46:43 - [MESSAGE][INFO] - Starting 'Chrome' driver

21-01-2025T14:46:43 - [MESSAGE][INFO] - Action delay is set to 0 milliseconds

21-01-2025T14:46:45 - [MESSAGE][PASSED] - Browser is opened with url: ''

21-01-2025T14:46:45 - [TEST_STEP][PASSED] - maximizeWindow(): Current window maximized

21-01-2025T14:46:46 - [MESSAGE][PASSED] - Current window maximized

21-01-2025T14:46:46 - [TEST_STEP][PASSED] - navigateToUrl("https://site17.lsapp.cloud/auth/login"): Navigate to 'https://site17.lsapp.cloud/auth/login' successfully

21-01-2025T14:46:46 - [MESSAGE][PASSED] - Navigate to 'https://site17.lsapp.cloud/auth/login' successfully

21-01-2025T14:46:46 - [TEST_STEP][PASSED] - setText(findTestObject("Object Repository/Common Cases Repository/Login/Page_Lightning Step/input_Email_email"), "automation@lightningstep.com"): Text 'automation@lightningstep.com' is set on object 'Object Repository/Common Cases Repository/Login/Page_Lightning Step/input_Email_email'

21-01-2025T14:46:51 - [MESSAGE][PASSED] - Text 'automation@lightningstep.com' is set on object 'Object Repository/Common Cases Repository/Login/Page_Lightning Step/input_Email_email'

21-01-2025T14:46:51 - [TEST_STEP][PASSED] - setEncryptedText(findTestObject("Object Repository/Common Cases Repository/Login/Page_Lightning Step/input_Password_password"), "e5N8VHmnhJDITtQaQhDQDw=="): Text ****** has been set on object 'Object Repository/Common Cases Repository/Login/Page_Lightning Step/input_Password_password'

21-01-2025T14:46:52 - [MESSAGE][PASSED] - Text ****** has been set on object 'Object Repository/Common Cases Repository/Login/Page_Lightning Step/input_Password_password'

21-01-2025T14:46:52 - [TEST_STEP][PASSED] - click(findTestObject("Object Repository/Common Cases Repository/Login/Page_Lightning Step/button_Sign in")): Object: 'Object Repository/Common Cases Repository/Login/Page_Lightning Step/button_Sign in' is clicked on

21-01-2025T14:47:00 - [MESSAGE][PASSED] - Object: 'Object Repository/Common Cases Repository/Login/Page_Lightning Step/button_Sign in' is clicked on

21-01-2025T14:47:00 - [MESSAGE][PASSED] - Call Test Case 'Test Cases/Common Cases/Login' successfully

21-01-2025T14:47:00 - [TEST_STEP][PASSED] - click(findTestObject("Object Repository/Specific Cases Repository/LS/Home/Census/Bed_Board/Bed_Board_Forward_Back_Functions/Page_Home/a_Census")): Object: 'Object Repository/Specific Cases Repository/LS/Home/Census/Bed_Board/Bed_Board_Forward_Back_Functions/Page_Home/a_Census' is clicked on

21-01-2025T14:47:01 - [MESSAGE][PASSED] - Object: 'Object Repository/Specific Cases Repository/LS/Home/Census/Bed_Board/Bed_Board_Forward_Back_Functions/Page_Home/a_Census' is clicked on

21-01-2025T14:47:01 - [TEST_STEP][PASSED] - click(findTestObject("Object Repository/Specific Cases Repository/LS/Home/Census/Bed_Board/Bed_Board_Forward_Back_Functions/Page_Home/a_bed                     Bed Board")): Object: 'Object Repository/Specific Cases Repository/LS/Home/Census/Bed_Board/Bed_Board_Forward_Back_Functions/Page_Home/a_bed                     Bed Board' is clicked on

21-01-2025T14:47:06 - [MESSAGE][PASSED] - Object: 'Object Repository/Specific Cases Repository/LS/Home/Census/Bed_Board/Bed_Board_Forward_Back_Functions/Page_Home/a_bed                     Bed Board' is clicked on

21-01-2025T14:47:06 - [TEST_STEP][PASSED] - click(findTestObject("Object Repository/Specific Cases Repository/LS/Home/Census/Bed_Board/Bed_Board_Forward_Back_Functions/Page_Bed Board/a_edit")): Object: 'Object Repository/Specific Cases Repository/LS/Home/Census/Bed_Board/Bed_Board_Forward_Back_Functions/Page_Bed Board/a_edit' is clicked on

21-01-2025T14:47:07 - [MESSAGE][PASSED] - Object: 'Object Repository/Specific Cases Repository/LS/Home/Census/Bed_Board/Bed_Board_Forward_Back_Functions/Page_Bed Board/a_edit' is clicked on

21-01-2025T14:47:07 - [TEST_STEP][PASSED] - switchToWindowTitle("Bed Board"): Switched to window with title: 'Bed Board'

21-01-2025T14:47:07 - [MESSAGE][PASSED] - Switched to window with title: 'Bed Board'

21-01-2025T14:47:07 - [TEST_STEP][PASSED] - click(findTestObject("Object Repository/Specific Cases Repository/LS/Home/Census/Bed_Board/Bed_Board_Forward_Back_Functions/Page_Bed Board/a_Bed Management")): Object: 'Object Repository/Specific Cases Repository/LS/Home/Census/Bed_Board/Bed_Board_Forward_Back_Functions/Page_Bed Board/a_Bed Management' is clicked on

21-01-2025T14:47:11 - [MESSAGE][PASSED] - Object: 'Object Repository/Specific Cases Repository/LS/Home/Census/Bed_Board/Bed_Board_Forward_Back_Functions/Page_Bed Board/a_Bed Management' is clicked on

21-01-2025T14:47:11 - [TEST_STEP][PASSED] - verifyElementPresent(findTestObject("Object Repository/Specific Cases Repository/LS/Home/Census/Bed_Board/Bed_Board_Forward_Back_Functions/Page_Bed Management Dashboard/a_B Client B Automation"), 0): Object 'Object Repository/Specific Cases Repository/LS/Home/Census/Bed_Board/Bed_Board_Forward_Back_Functions/Page_Bed Management Dashboard/a_B Client B Automation' is present

21-01-2025T14:47:11 - [MESSAGE][WARNING] - Timeout '0' is invalid. Using default page load timeout: '30'

21-01-2025T14:47:14 - [MESSAGE][PASSED] - Object 'Object Repository/Specific Cases Repository/LS/Home/Census/Bed_Board/Bed_Board_Forward_Back_Functions/Page_Bed Management Dashboard/a_B Client B Automation' is present

21-01-2025T14:47:14 - [TEST_STEP][PASSED] - verifyElementPresent(findTestObject("Object Repository/Specific Cases Repository/LS/Home/Census/Bed_Board/Bed_Board_Forward_Back_Functions/Page_Bed Management Dashboard/a_C Client C Automation"), 0): Object 'Object Repository/Specific Cases Repository/LS/Home/Census/Bed_Board/Bed_Board_Forward_Back_Functions/Page_Bed Management Dashboard/a_C Client C Automation' is present

21-01-2025T14:47:14 - [MESSAGE][WARNING] - Timeout '0' is invalid. Using default page load timeout: '30'

21-01-2025T14:47:14 - [MESSAGE][PASSED] - Object 'Object Repository/Specific Cases Repository/LS/Home/Census/Bed_Board/Bed_Board_Forward_Back_Functions/Page_Bed Management Dashboard/a_C Client C Automation' is present

21-01-2025T14:47:14 - [TEST_STEP][PASSED] - verifyElementPresent(findTestObject("Object Repository/Specific Cases Repository/LS/Home/Census/Bed_Board/Bed_Board_Forward_Back_Functions/Page_Bed Management Dashboard/a_A Client A Automation"), 0): Object 'Object Repository/Specific Cases Repository/LS/Home/Census/Bed_Board/Bed_Board_Forward_Back_Functions/Page_Bed Management Dashboard/a_A Client A Automation' is present

21-01-2025T14:47:14 - [MESSAGE][WARNING] - Timeout '0' is invalid. Using default page load timeout: '30'

21-01-2025T14:47:14 - [MESSAGE][PASSED] - Object 'Object Repository/Specific Cases Repository/LS/Home/Census/Bed_Board/Bed_Board_Forward_Back_Functions/Page_Bed Management Dashboard/a_A Client A Automation' is present

21-01-2025T14:47:14 - [TEST_STEP][PASSED] - click(findTestObject("Object Repository/Specific Cases Repository/LS/Home/Census/Bed_Board/Bed_Board_Forward_Back_Functions/Page_Bed Management Dashboard/span_homepage")): Object: 'Object Repository/Specific Cases Repository/LS/Home/Census/Bed_Board/Bed_Board_Forward_Back_Functions/Page_Bed Management Dashboard/span_homepage' is clicked on

21-01-2025T14:47:21 - [MESSAGE][PASSED] - Object: 'Object Repository/Specific Cases Repository/LS/Home/Census/Bed_Board/Bed_Board_Forward_Back_Functions/Page_Bed Management Dashboard/span_homepage' is clicked on

21-01-2025T14:47:21 - [TEST_STEP][PASSED] - closeBrowser(): Browser is closed

21-01-2025T14:47:22 - [MESSAGE][PASSED] - Browser is closed]]></system-out>
         <system-err><![CDATA[]]></system-err>
      </testcase>
      <testcase name="Test Cases/Specific Cases/LS/General/Census/Advance Census/Advance_Census_ Filter" time="71.816" classname="Test Cases/Specific Cases/LS/General/Census/Advance Census/Advance_Census_ Filter" status="FAILED">
         <failure type="FAILED" message="Test Cases/Specific Cases/LS/General/Census/Advance Census/Advance_Census_ Filter FAILED.&#xa;Reason:&#xa;com.kms.katalon.core.exception.StepFailedException: Unable to verify object 'Object Repository/Specific Cases Repository/LS/Home/Census/Advance_Census/Filter/Page_Census Advanced/div_Dog Treatment Center' is not present&#xa;	at com.kms.katalon.core.webui.keyword.internal.WebUIKeywordMain.stepFailed(WebUIKeywordMain.groovy:117)&#xa;	at com.kms.katalon.core.webui.keyword.internal.WebUIKeywordMain.runKeyword(WebUIKeywordMain.groovy:43)&#xa;	at com.kms.katalon.core.webui.keyword.internal.WebUIKeywordMain$runKeyword.call(Unknown Source)&#xa;	at com.kms.katalon.core.webui.keyword.builtin.VerifyElementNotPresentKeyword.verifyElementNotPresent(VerifyElementNotPresentKeyword.groovy:131)&#xa;	at com.kms.katalon.core.webui.keyword.builtin.VerifyElementNotPresentKeyword.execute(VerifyElementNotPresentKeyword.groovy:69)&#xa;	at com.kms.katalon.core.keyword.internal.KeywordExecutor.executeKeywordForPlatform(KeywordExecutor.groovy:74)&#xa;	at com.kms.katalon.core.webui.keyword.WebUiBuiltInKeywords.verifyElementNotPresent(WebUiBuiltInKeywords.groovy:1536)&#xa;	at Advance_Census_ Filter.run(Advance_Census_ Filter:95)&#xa;	at com.kms.katalon.core.main.ScriptEngine.run(ScriptEngine.java:194)&#xa;	at com.kms.katalon.core.main.ScriptEngine.runScriptAsRawText(ScriptEngine.java:119)&#xa;	at com.kms.katalon.core.main.TestCaseExecutor.runScript(TestCaseExecutor.java:448)&#xa;	at com.kms.katalon.core.main.TestCaseExecutor.doExecute(TestCaseExecutor.java:439)&#xa;	at com.kms.katalon.core.main.TestCaseExecutor.processExecutionPhase(TestCaseExecutor.java:418)&#xa;	at com.kms.katalon.core.main.TestCaseExecutor.accessMainPhase(TestCaseExecutor.java:410)&#xa;	at com.kms.katalon.core.main.TestCaseExecutor.execute(TestCaseExecutor.java:285)&#xa;	at com.kms.katalon.core.common.CommonExecutor.accessTestCaseMainPhase(CommonExecutor.java:65)&#xa;	at com.kms.katalon.core.main.TestSuiteExecutor.accessTestSuiteMainPhase(TestSuiteExecutor.java:150)&#xa;	at com.kms.katalon.core.main.TestSuiteExecutor.execute(TestSuiteExecutor.java:106)&#xa;	at com.kms.katalon.core.main.TestCaseMain.startTestSuite(TestCaseMain.java:180)&#xa;	at TempTestSuite1737488279906.run(TempTestSuite1737488279906.groovy:35)&#xa;	at java.base/jdk.internal.reflect.NativeMethodAccessorImpl.invoke0(Native Method)&#xa;	at java.base/jdk.internal.reflect.NativeMethodAccessorImpl.invoke(NativeMethodAccessorImpl.java:77)&#xa;	at java.base/jdk.internal.reflect.DelegatingMethodAccessorImpl.invoke(DelegatingMethodAccessorImpl.java:43)&#xa;Caused by: com.kms.katalon.core.exception.StepFailedException: Web element with id: 'Object Repository/Specific Cases Repository/LS/Home/Census/Advance_Census/Filter/Page_Census Advanced/div_Dog Treatment Center' located by 'By.xpath: //div[normalize-space()='Dog Treatment Center']' is present after '30' second(s)&#xa;	at com.kms.katalon.core.webui.keyword.internal.WebUIKeywordMain.stepFailed(WebUIKeywordMain.groovy:117)&#xa;	at com.kms.katalon.core.webui.keyword.internal.WebUIKeywordMain$stepFailed$0.call(Unknown Source)&#xa;	at com.kms.katalon.core.webui.keyword.builtin.VerifyElementNotPresentKeyword$_verifyElementNotPresent_closure1.doCall(VerifyElementNotPresentKeyword.groovy:122)&#xa;	at com.kms.katalon.core.webui.keyword.builtin.VerifyElementNotPresentKeyword$_verifyElementNotPresent_closure1.doCall(VerifyElementNotPresentKeyword.groovy)&#xa;	at java.base/jdk.internal.reflect.NativeMethodAccessorImpl.invoke0(Native Method)&#xa;	at java.base/jdk.internal.reflect.NativeMethodAccessorImpl.invoke(NativeMethodAccessorImpl.java:77)&#xa;	at java.base/jdk.internal.reflect.DelegatingMethodAccessorImpl.invoke(DelegatingMethodAccessorImpl.java:43)&#xa;	at com.kms.katalon.core.webui.keyword.internal.WebUIKeywordMain.runKeyword(WebUIKeywordMain.groovy:35)&#xa;	... 21 more&#xa;"/>
         <system-out><![CDATA[21-01-2025T14:47:22 - [TEST_CASE][FAILED] - Test Cases/Specific Cases/LS/General/Census/Advance Census/Advance_Census_ Filter: Test Cases/Specific Cases/LS/General/Census/Advance Census/Advance_Census_ Filter FAILED.
Reason:
com.kms.katalon.core.exception.StepFailedException: Unable to verify object 'Object Repository/Specific Cases Repository/LS/Home/Census/Advance_Census/Filter/Page_Census Advanced/div_Dog Treatment Center' is not present
	at com.kms.katalon.core.webui.keyword.internal.WebUIKeywordMain.stepFailed(WebUIKeywordMain.groovy:117)
	at com.kms.katalon.core.webui.keyword.internal.WebUIKeywordMain.runKeyword(WebUIKeywordMain.groovy:43)
	at com.kms.katalon.core.webui.keyword.internal.WebUIKeywordMain$runKeyword.call(Unknown Source)
	at com.kms.katalon.core.webui.keyword.builtin.VerifyElementNotPresentKeyword.verifyElementNotPresent(VerifyElementNotPresentKeyword.groovy:131)
	at com.kms.katalon.core.webui.keyword.builtin.VerifyElementNotPresentKeyword.execute(VerifyElementNotPresentKeyword.groovy:69)
	at com.kms.katalon.core.keyword.internal.KeywordExecutor.executeKeywordForPlatform(KeywordExecutor.groovy:74)
	at com.kms.katalon.core.webui.keyword.WebUiBuiltInKeywords.verifyElementNotPresent(WebUiBuiltInKeywords.groovy:1536)
	at Advance_Census_ Filter.run(Advance_Census_ Filter:95)
	at com.kms.katalon.core.main.ScriptEngine.run(ScriptEngine.java:194)
	at com.kms.katalon.core.main.ScriptEngine.runScriptAsRawText(ScriptEngine.java:119)
	at com.kms.katalon.core.main.TestCaseExecutor.runScript(TestCaseExecutor.java:448)
	at com.kms.katalon.core.main.TestCaseExecutor.doExecute(TestCaseExecutor.java:439)
	at com.kms.katalon.core.main.TestCaseExecutor.processExecutionPhase(TestCaseExecutor.java:418)
	at com.kms.katalon.core.main.TestCaseExecutor.accessMainPhase(TestCaseExecutor.java:410)
	at com.kms.katalon.core.main.TestCaseExecutor.execute(TestCaseExecutor.java:285)
	at com.kms.katalon.core.common.CommonExecutor.accessTestCaseMainPhase(CommonExecutor.java:65)
	at com.kms.katalon.core.main.TestSuiteExecutor.accessTestSuiteMainPhase(TestSuiteExecutor.java:150)
	at com.kms.katalon.core.main.TestSuiteExecutor.execute(TestSuiteExecutor.java:106)
	at com.kms.katalon.core.main.TestCaseMain.startTestSuite(TestCaseMain.java:180)
	at TempTestSuite1737488279906.run(TempTestSuite1737488279906.groovy:35)
	at java.base/jdk.internal.reflect.NativeMethodAccessorImpl.invoke0(Native Method)
	at java.base/jdk.internal.reflect.NativeMethodAccessorImpl.invoke(NativeMethodAccessorImpl.java:77)
	at java.base/jdk.internal.reflect.DelegatingMethodAccessorImpl.invoke(DelegatingMethodAccessorImpl.java:43)
Caused by: com.kms.katalon.core.exception.StepFailedException: Web element with id: 'Object Repository/Specific Cases Repository/LS/Home/Census/Advance_Census/Filter/Page_Census Advanced/div_Dog Treatment Center' located by 'By.xpath: //div[normalize-space()='Dog Treatment Center']' is present after '30' second(s)
	at com.kms.katalon.core.webui.keyword.internal.WebUIKeywordMain.stepFailed(WebUIKeywordMain.groovy:117)
	at com.kms.katalon.core.webui.keyword.internal.WebUIKeywordMain$stepFailed$0.call(Unknown Source)
	at com.kms.katalon.core.webui.keyword.builtin.VerifyElementNotPresentKeyword$_verifyElementNotPresent_closure1.doCall(VerifyElementNotPresentKeyword.groovy:122)
	at com.kms.katalon.core.webui.keyword.builtin.VerifyElementNotPresentKeyword$_verifyElementNotPresent_closure1.doCall(VerifyElementNotPresentKeyword.groovy)
	at java.base/jdk.internal.reflect.NativeMethodAccessorImpl.invoke0(Native Method)
	at java.base/jdk.internal.reflect.NativeMethodAccessorImpl.invoke(NativeMethodAccessorImpl.java:77)
	at java.base/jdk.internal.reflect.DelegatingMethodAccessorImpl.invoke(DelegatingMethodAccessorImpl.java:43)
	at com.kms.katalon.core.webui.keyword.internal.WebUIKeywordMain.runKeyword(WebUIKeywordMain.groovy:35)
	... 21 more


21-01-2025T14:47:22 - [TEST_STEP][PASSED] - callTestCase(findTestCase("Common Cases/Login"), [:], STOP_ON_FAILURE): Call Test Case 'Test Cases/Common Cases/Login' successfully

21-01-2025T14:47:22 - [TEST_CASE][PASSED] - Test Cases/Common Cases/Login: Test Cases/Common Cases/Login

21-01-2025T14:47:22 - [TEST_STEP][PASSED] - openBrowser(""): Browser is opened with url: ''

21-01-2025T14:47:22 - [MESSAGE][INFO] - Starting 'Chrome' driver

21-01-2025T14:47:22 - [MESSAGE][INFO] - Action delay is set to 0 milliseconds

21-01-2025T14:47:24 - [MESSAGE][PASSED] - Browser is opened with url: ''

21-01-2025T14:47:24 - [TEST_STEP][PASSED] - maximizeWindow(): Current window maximized

21-01-2025T14:47:24 - [MESSAGE][PASSED] - Current window maximized

21-01-2025T14:47:24 - [TEST_STEP][PASSED] - navigateToUrl("https://site17.lsapp.cloud/auth/login"): Navigate to 'https://site17.lsapp.cloud/auth/login' successfully

21-01-2025T14:47:30 - [MESSAGE][PASSED] - Navigate to 'https://site17.lsapp.cloud/auth/login' successfully

21-01-2025T14:47:30 - [TEST_STEP][PASSED] - setText(findTestObject("Object Repository/Common Cases Repository/Login/Page_Lightning Step/input_Email_email"), "automation@lightningstep.com"): Text 'automation@lightningstep.com' is set on object 'Object Repository/Common Cases Repository/Login/Page_Lightning Step/input_Email_email'

21-01-2025T14:47:31 - [MESSAGE][PASSED] - Text 'automation@lightningstep.com' is set on object 'Object Repository/Common Cases Repository/Login/Page_Lightning Step/input_Email_email'

21-01-2025T14:47:31 - [TEST_STEP][PASSED] - setEncryptedText(findTestObject("Object Repository/Common Cases Repository/Login/Page_Lightning Step/input_Password_password"), "e5N8VHmnhJDITtQaQhDQDw=="): Text ****** has been set on object 'Object Repository/Common Cases Repository/Login/Page_Lightning Step/input_Password_password'

21-01-2025T14:47:31 - [MESSAGE][PASSED] - Text ****** has been set on object 'Object Repository/Common Cases Repository/Login/Page_Lightning Step/input_Password_password'

21-01-2025T14:47:31 - [TEST_STEP][PASSED] - click(findTestObject("Object Repository/Common Cases Repository/Login/Page_Lightning Step/button_Sign in")): Object: 'Object Repository/Common Cases Repository/Login/Page_Lightning Step/button_Sign in' is clicked on

21-01-2025T14:47:38 - [MESSAGE][PASSED] - Object: 'Object Repository/Common Cases Repository/Login/Page_Lightning Step/button_Sign in' is clicked on

21-01-2025T14:47:38 - [MESSAGE][PASSED] - Call Test Case 'Test Cases/Common Cases/Login' successfully

21-01-2025T14:47:38 - [TEST_STEP][PASSED] - click(findTestObject("Object Repository/Specific Cases Repository/LS/Home/Census/Advance_Census/Filter/Page_Home/a_Census")): Object: 'Object Repository/Specific Cases Repository/LS/Home/Census/Advance_Census/Filter/Page_Home/a_Census' is clicked on

21-01-2025T14:47:39 - [MESSAGE][PASSED] - Object: 'Object Repository/Specific Cases Repository/LS/Home/Census/Advance_Census/Filter/Page_Home/a_Census' is clicked on

21-01-2025T14:47:39 - [TEST_STEP][PASSED] - click(findTestObject("Object Repository/Specific Cases Repository/LS/Home/Census/Advance_Census/Filter/Page_Home/a_groups                                   _f7379d")): Object: 'Object Repository/Specific Cases Repository/LS/Home/Census/Advance_Census/Filter/Page_Home/a_groups                                   _f7379d' is clicked on

21-01-2025T14:47:47 - [MESSAGE][PASSED] - Object: 'Object Repository/Specific Cases Repository/LS/Home/Census/Advance_Census/Filter/Page_Home/a_groups                                   _f7379d' is clicked on

21-01-2025T14:47:47 - [TEST_STEP][PASSED] - selectOptionByValue(findTestObject("Object Repository/Specific Cases Repository/LS/Home/Census/Advance_Census/Filter/Page_Census Advanced/select_Field                        Client _7d7547"), "client", true): All options with value 'client' are selected in object 'Object Repository/Specific Cases Repository/LS/Home/Census/Advance_Census/Filter/Page_Census Advanced/select_Field                        Client _7d7547'  using regular expression

21-01-2025T14:47:48 - [MESSAGE][PASSED] - All options with value 'client' are selected in object 'Object Repository/Specific Cases Repository/LS/Home/Census/Advance_Census/Filter/Page_Census Advanced/select_Field                        Client _7d7547'  using regular expression

21-01-2025T14:47:48 - [TEST_STEP][PASSED] - selectOptionByValue(findTestObject("Object Repository/Specific Cases Repository/LS/Home/Census/Advance_Census/Filter/Page_Census Advanced/select_Type                                _34fc29"), "like", true): All options with value 'like' are selected in object 'Object Repository/Specific Cases Repository/LS/Home/Census/Advance_Census/Filter/Page_Census Advanced/select_Type                                _34fc29'  using regular expression

21-01-2025T14:47:49 - [MESSAGE][PASSED] - All options with value 'like' are selected in object 'Object Repository/Specific Cases Repository/LS/Home/Census/Advance_Census/Filter/Page_Census Advanced/select_Type                                _34fc29'  using regular expression

21-01-2025T14:47:49 - [TEST_STEP][PASSED] - setText(findTestObject("Object Repository/Specific Cases Repository/LS/Home/Census/Advance_Census/Filter/Page_Census Advanced/input_Field_filter-value"), "B"): Text 'B' is set on object 'Object Repository/Specific Cases Repository/LS/Home/Census/Advance_Census/Filter/Page_Census Advanced/input_Field_filter-value'

21-01-2025T14:47:50 - [MESSAGE][PASSED] - Text 'B' is set on object 'Object Repository/Specific Cases Repository/LS/Home/Census/Advance_Census/Filter/Page_Census Advanced/input_Field_filter-value'

21-01-2025T14:47:50 - [TEST_STEP][PASSED] - verifyElementText(findTestObject("Object Repository/Specific Cases Repository/LS/Home/Census/Advance_Census/Filter/Page_Census Advanced/div_Dog Treatment Center"), "Dog Treatment Center"): Actual text and expected text of test object 'Object Repository/Specific Cases Repository/LS/Home/Census/Advance_Census/Filter/Page_Census Advanced/div_Dog Treatment Center' are matched.

21-01-2025T14:47:51 - [MESSAGE][PASSED] - Actual text and expected text of test object 'Object Repository/Specific Cases Repository/LS/Home/Census/Advance_Census/Filter/Page_Census Advanced/div_Dog Treatment Center' are matched.

21-01-2025T14:47:51 - [TEST_STEP][PASSED] - verifyElementNotPresent(findTestObject("Specific Cases Repository/LS/Home/Census/Advance_Census/Filter/Page_Census Advanced/div_Satellite Office"), 0): Web element with id: 'Object Repository/Specific Cases Repository/LS/Home/Census/Advance_Census/Filter/Page_Census Advanced/div_Satellite Office' located by 'By.xpath: //div[normalize-space()='Satellite Office']' is not present after '30' second(s)

21-01-2025T14:47:51 - [MESSAGE][WARNING] - Timeout '0' is invalid. Using default page load timeout: '30'

21-01-2025T14:47:51 - [MESSAGE][PASSED] - Web element with id: 'Object Repository/Specific Cases Repository/LS/Home/Census/Advance_Census/Filter/Page_Census Advanced/div_Satellite Office' located by 'By.xpath: //div[normalize-space()='Satellite Office']' is not present after '30' second(s)

21-01-2025T14:47:51 - [TEST_STEP][PASSED] - verifyElementNotPresent(findTestObject("Specific Cases Repository/LS/Home/Census/Advance_Census/Filter/Page_Census Advanced/div_Cat Treatment Center"), 0): Web element with id: 'Object Repository/Specific Cases Repository/LS/Home/Census/Advance_Census/Filter/Page_Census Advanced/div_Cat Treatment Center' located by 'By.xpath: //div[normalize-space()='Cat Treatment Center']' is not present after '30' second(s)

21-01-2025T14:47:51 - [MESSAGE][WARNING] - Timeout '0' is invalid. Using default page load timeout: '30'

21-01-2025T14:47:51 - [MESSAGE][PASSED] - Web element with id: 'Object Repository/Specific Cases Repository/LS/Home/Census/Advance_Census/Filter/Page_Census Advanced/div_Cat Treatment Center' located by 'By.xpath: //div[normalize-space()='Cat Treatment Center']' is not present after '30' second(s)

21-01-2025T14:47:51 - [TEST_STEP][PASSED] - setText(findTestObject("Object Repository/Specific Cases Repository/LS/Home/Census/Advance_Census/Filter/Page_Census Advanced/input_Field_filter-value"), ""): Text '' is set on object 'Object Repository/Specific Cases Repository/LS/Home/Census/Advance_Census/Filter/Page_Census Advanced/input_Field_filter-value'

21-01-2025T14:47:52 - [MESSAGE][PASSED] - Text '' is set on object 'Object Repository/Specific Cases Repository/LS/Home/Census/Advance_Census/Filter/Page_Census Advanced/input_Field_filter-value'

21-01-2025T14:47:52 - [TEST_STEP][PASSED] - selectOptionByValue(findTestObject("Object Repository/Specific Cases Repository/LS/Home/Census/Advance_Census/Filter/Page_Census Advanced/select_Field                        Client _7d7547"), "dob", true): All options with value 'dob' are selected in object 'Object Repository/Specific Cases Repository/LS/Home/Census/Advance_Census/Filter/Page_Census Advanced/select_Field                        Client _7d7547'  using regular expression

21-01-2025T14:47:53 - [MESSAGE][PASSED] - All options with value 'dob' are selected in object 'Object Repository/Specific Cases Repository/LS/Home/Census/Advance_Census/Filter/Page_Census Advanced/select_Field                        Client _7d7547'  using regular expression

21-01-2025T14:47:53 - [TEST_STEP][PASSED] - selectOptionByValue(findTestObject("Object Repository/Specific Cases Repository/LS/Home/Census/Advance_Census/Filter/Page_Census Advanced/select_Type                                _34fc29"), "=", true): All options with value '=' are selected in object 'Object Repository/Specific Cases Repository/LS/Home/Census/Advance_Census/Filter/Page_Census Advanced/select_Type                                _34fc29'  using regular expression

21-01-2025T14:47:54 - [MESSAGE][PASSED] - All options with value '=' are selected in object 'Object Repository/Specific Cases Repository/LS/Home/Census/Advance_Census/Filter/Page_Census Advanced/select_Type                                _34fc29'  using regular expression

21-01-2025T14:47:54 - [TEST_STEP][PASSED] - setText(findTestObject("Object Repository/Specific Cases Repository/LS/Home/Census/Advance_Census/Filter/Page_Census Advanced/input_Field_filter-value"), "01/02/2001"): Text '01/02/2001' is set on object 'Object Repository/Specific Cases Repository/LS/Home/Census/Advance_Census/Filter/Page_Census Advanced/input_Field_filter-value'

21-01-2025T14:47:55 - [MESSAGE][PASSED] - Text '01/02/2001' is set on object 'Object Repository/Specific Cases Repository/LS/Home/Census/Advance_Census/Filter/Page_Census Advanced/input_Field_filter-value'

21-01-2025T14:47:55 - [TEST_STEP][PASSED] - verifyElementText(findTestObject("Object Repository/Specific Cases Repository/LS/Home/Census/Advance_Census/Filter/Page_Census Advanced/div_Dog Treatment Center"), "Dog Treatment Center"): Actual text and expected text of test object 'Object Repository/Specific Cases Repository/LS/Home/Census/Advance_Census/Filter/Page_Census Advanced/div_Dog Treatment Center' are matched.

21-01-2025T14:47:55 - [MESSAGE][PASSED] - Actual text and expected text of test object 'Object Repository/Specific Cases Repository/LS/Home/Census/Advance_Census/Filter/Page_Census Advanced/div_Dog Treatment Center' are matched.

21-01-2025T14:47:55 - [TEST_STEP][PASSED] - verifyElementNotPresent(findTestObject("Specific Cases Repository/LS/Home/Census/Advance_Census/Filter/Page_Census Advanced/div_Satellite Office"), 0): Web element with id: 'Object Repository/Specific Cases Repository/LS/Home/Census/Advance_Census/Filter/Page_Census Advanced/div_Satellite Office' located by 'By.xpath: //div[normalize-space()='Satellite Office']' is not present after '30' second(s)

21-01-2025T14:47:55 - [MESSAGE][WARNING] - Timeout '0' is invalid. Using default page load timeout: '30'

21-01-2025T14:47:56 - [MESSAGE][PASSED] - Web element with id: 'Object Repository/Specific Cases Repository/LS/Home/Census/Advance_Census/Filter/Page_Census Advanced/div_Satellite Office' located by 'By.xpath: //div[normalize-space()='Satellite Office']' is not present after '30' second(s)

21-01-2025T14:47:56 - [TEST_STEP][PASSED] - verifyElementNotPresent(findTestObject("Specific Cases Repository/LS/Home/Census/Advance_Census/Filter/Page_Census Advanced/div_Cat Treatment Center"), 0): Web element with id: 'Object Repository/Specific Cases Repository/LS/Home/Census/Advance_Census/Filter/Page_Census Advanced/div_Cat Treatment Center' located by 'By.xpath: //div[normalize-space()='Cat Treatment Center']' is not present after '30' second(s)

21-01-2025T14:47:56 - [MESSAGE][WARNING] - Timeout '0' is invalid. Using default page load timeout: '30'

21-01-2025T14:47:56 - [MESSAGE][PASSED] - Web element with id: 'Object Repository/Specific Cases Repository/LS/Home/Census/Advance_Census/Filter/Page_Census Advanced/div_Cat Treatment Center' located by 'By.xpath: //div[normalize-space()='Cat Treatment Center']' is not present after '30' second(s)

21-01-2025T14:47:56 - [TEST_STEP][PASSED] - selectOptionByValue(findTestObject("Object Repository/Specific Cases Repository/LS/Home/Census/Advance_Census/Filter/Page_Census Advanced/select_Type                                _34fc29"), "<", true): All options with value '<' are selected in object 'Object Repository/Specific Cases Repository/LS/Home/Census/Advance_Census/Filter/Page_Census Advanced/select_Type                                _34fc29'  using regular expression

21-01-2025T14:47:57 - [MESSAGE][PASSED] - All options with value '<' are selected in object 'Object Repository/Specific Cases Repository/LS/Home/Census/Advance_Census/Filter/Page_Census Advanced/select_Type                                _34fc29'  using regular expression

21-01-2025T14:47:57 - [TEST_STEP][PASSED] - verifyElementText(findTestObject("Object Repository/Specific Cases Repository/LS/Home/Census/Advance_Census/Filter/Page_Census Advanced/div_Cat Treatment Center"), "Cat Treatment Center"): Actual text and expected text of test object 'Object Repository/Specific Cases Repository/LS/Home/Census/Advance_Census/Filter/Page_Census Advanced/div_Cat Treatment Center' are matched.

21-01-2025T14:47:57 - [MESSAGE][PASSED] - Actual text and expected text of test object 'Object Repository/Specific Cases Repository/LS/Home/Census/Advance_Census/Filter/Page_Census Advanced/div_Cat Treatment Center' are matched.

21-01-2025T14:47:57 - [TEST_STEP][PASSED] - verifyElementNotPresent(findTestObject("Specific Cases Repository/LS/Home/Census/Advance_Census/Filter/Page_Census Advanced/div_Satellite Office"), 0): Web element with id: 'Object Repository/Specific Cases Repository/LS/Home/Census/Advance_Census/Filter/Page_Census Advanced/div_Satellite Office' located by 'By.xpath: //div[normalize-space()='Satellite Office']' is not present after '30' second(s)

21-01-2025T14:47:57 - [MESSAGE][WARNING] - Timeout '0' is invalid. Using default page load timeout: '30'

21-01-2025T14:47:58 - [MESSAGE][PASSED] - Web element with id: 'Object Repository/Specific Cases Repository/LS/Home/Census/Advance_Census/Filter/Page_Census Advanced/div_Satellite Office' located by 'By.xpath: //div[normalize-space()='Satellite Office']' is not present after '30' second(s)

21-01-2025T14:47:58 - [TEST_STEP][PASSED] - verifyElementNotPresent(findTestObject("Specific Cases Repository/LS/Home/Census/Advance_Census/Filter/Page_Census Advanced/div_Dog Treatment Center"), 0): Web element with id: 'Object Repository/Specific Cases Repository/LS/Home/Census/Advance_Census/Filter/Page_Census Advanced/div_Dog Treatment Center' located by 'By.xpath: //div[normalize-space()='Dog Treatment Center']' is not present after '30' second(s)

21-01-2025T14:47:58 - [MESSAGE][WARNING] - Timeout '0' is invalid. Using default page load timeout: '30'

21-01-2025T14:47:58 - [MESSAGE][PASSED] - Web element with id: 'Object Repository/Specific Cases Repository/LS/Home/Census/Advance_Census/Filter/Page_Census Advanced/div_Dog Treatment Center' located by 'By.xpath: //div[normalize-space()='Dog Treatment Center']' is not present after '30' second(s)

21-01-2025T14:47:58 - [TEST_STEP][PASSED] - selectOptionByValue(findTestObject("Object Repository/Specific Cases Repository/LS/Home/Census/Advance_Census/Filter/Page_Census Advanced/select_Type                                _34fc29"), "<=", true): All options with value '<=' are selected in object 'Object Repository/Specific Cases Repository/LS/Home/Census/Advance_Census/Filter/Page_Census Advanced/select_Type                                _34fc29'  using regular expression

21-01-2025T14:47:59 - [MESSAGE][PASSED] - All options with value '<=' are selected in object 'Object Repository/Specific Cases Repository/LS/Home/Census/Advance_Census/Filter/Page_Census Advanced/select_Type                                _34fc29'  using regular expression

21-01-2025T14:47:59 - [TEST_STEP][PASSED] - verifyElementText(findTestObject("Object Repository/Specific Cases Repository/LS/Home/Census/Advance_Census/Filter/Page_Census Advanced/div_Cat Treatment Center"), "Cat Treatment Center"): Actual text and expected text of test object 'Object Repository/Specific Cases Repository/LS/Home/Census/Advance_Census/Filter/Page_Census Advanced/div_Cat Treatment Center' are matched.

21-01-2025T14:48:00 - [MESSAGE][PASSED] - Actual text and expected text of test object 'Object Repository/Specific Cases Repository/LS/Home/Census/Advance_Census/Filter/Page_Census Advanced/div_Cat Treatment Center' are matched.

21-01-2025T14:48:00 - [TEST_STEP][PASSED] - verifyElementText(findTestObject("Object Repository/Specific Cases Repository/LS/Home/Census/Advance_Census/Filter/Page_Census Advanced/div_Dog Treatment Center"), "Dog Treatment Center"): Actual text and expected text of test object 'Object Repository/Specific Cases Repository/LS/Home/Census/Advance_Census/Filter/Page_Census Advanced/div_Dog Treatment Center' are matched.

21-01-2025T14:48:00 - [MESSAGE][PASSED] - Actual text and expected text of test object 'Object Repository/Specific Cases Repository/LS/Home/Census/Advance_Census/Filter/Page_Census Advanced/div_Dog Treatment Center' are matched.

21-01-2025T14:48:00 - [TEST_STEP][PASSED] - verifyElementNotPresent(findTestObject("Specific Cases Repository/LS/Home/Census/Advance_Census/Filter/Page_Census Advanced/div_Satellite Office"), 0): Web element with id: 'Object Repository/Specific Cases Repository/LS/Home/Census/Advance_Census/Filter/Page_Census Advanced/div_Satellite Office' located by 'By.xpath: //div[normalize-space()='Satellite Office']' is not present after '30' second(s)

21-01-2025T14:48:00 - [MESSAGE][WARNING] - Timeout '0' is invalid. Using default page load timeout: '30'

21-01-2025T14:48:00 - [MESSAGE][PASSED] - Web element with id: 'Object Repository/Specific Cases Repository/LS/Home/Census/Advance_Census/Filter/Page_Census Advanced/div_Satellite Office' located by 'By.xpath: //div[normalize-space()='Satellite Office']' is not present after '30' second(s)

21-01-2025T14:48:00 - [TEST_STEP][PASSED] - selectOptionByValue(findTestObject("Object Repository/Specific Cases Repository/LS/Home/Census/Advance_Census/Filter/Page_Census Advanced/select_Type                                _34fc29"), ">", true): All options with value '>' are selected in object 'Object Repository/Specific Cases Repository/LS/Home/Census/Advance_Census/Filter/Page_Census Advanced/select_Type                                _34fc29'  using regular expression

21-01-2025T14:48:01 - [MESSAGE][PASSED] - All options with value '>' are selected in object 'Object Repository/Specific Cases Repository/LS/Home/Census/Advance_Census/Filter/Page_Census Advanced/select_Type                                _34fc29'  using regular expression

21-01-2025T14:48:01 - [TEST_STEP][PASSED] - verifyElementText(findTestObject("Object Repository/Specific Cases Repository/LS/Home/Census/Advance_Census/Filter/Page_Census Advanced/div_Satellite Office"), "Satellite Office"): Actual text and expected text of test object 'Object Repository/Specific Cases Repository/LS/Home/Census/Advance_Census/Filter/Page_Census Advanced/div_Satellite Office' are matched.

21-01-2025T14:48:02 - [MESSAGE][PASSED] - Actual text and expected text of test object 'Object Repository/Specific Cases Repository/LS/Home/Census/Advance_Census/Filter/Page_Census Advanced/div_Satellite Office' are matched.

21-01-2025T14:48:02 - [TEST_STEP][FAILED] - verifyElementNotPresent(findTestObject("Specific Cases Repository/LS/Home/Census/Advance_Census/Filter/Page_Census Advanced/div_Dog Treatment Center"), 0): Unable to verify object 'Object Repository/Specific Cases Repository/LS/Home/Census/Advance_Census/Filter/Page_Census Advanced/div_Dog Treatment Center' is not present (Root cause: com.kms.katalon.core.exception.StepFailedException: Unable to verify object 'Object Repository/Specific Cases Repository/LS/Home/Census/Advance_Census/Filter/Page_Census Advanced/div_Dog Treatment Center' is not present
	at com.kms.katalon.core.webui.keyword.internal.WebUIKeywordMain.stepFailed(WebUIKeywordMain.groovy:117)
	at com.kms.katalon.core.webui.keyword.internal.WebUIKeywordMain.runKeyword(WebUIKeywordMain.groovy:43)
	at com.kms.katalon.core.webui.keyword.internal.WebUIKeywordMain$runKeyword.call(Unknown Source)
	at com.kms.katalon.core.webui.keyword.builtin.VerifyElementNotPresentKeyword.verifyElementNotPresent(VerifyElementNotPresentKeyword.groovy:131)
	at com.kms.katalon.core.webui.keyword.builtin.VerifyElementNotPresentKeyword.execute(VerifyElementNotPresentKeyword.groovy:69)
	at com.kms.katalon.core.keyword.internal.KeywordExecutor.executeKeywordForPlatform(KeywordExecutor.groovy:74)
	at com.kms.katalon.core.webui.keyword.WebUiBuiltInKeywords.verifyElementNotPresent(WebUiBuiltInKeywords.groovy:1536)
	at Advance_Census_ Filter.run(Advance_Census_ Filter:95)
	at com.kms.katalon.core.main.ScriptEngine.run(ScriptEngine.java:194)
	at com.kms.katalon.core.main.ScriptEngine.runScriptAsRawText(ScriptEngine.java:119)
	at com.kms.katalon.core.main.TestCaseExecutor.runScript(TestCaseExecutor.java:448)
	at com.kms.katalon.core.main.TestCaseExecutor.doExecute(TestCaseExecutor.java:439)
	at com.kms.katalon.core.main.TestCaseExecutor.processExecutionPhase(TestCaseExecutor.java:418)
	at com.kms.katalon.core.main.TestCaseExecutor.accessMainPhase(TestCaseExecutor.java:410)
	at com.kms.katalon.core.main.TestCaseExecutor.execute(TestCaseExecutor.java:285)
	at com.kms.katalon.core.common.CommonExecutor.accessTestCaseMainPhase(CommonExecutor.java:65)
	at com.kms.katalon.core.main.TestSuiteExecutor.accessTestSuiteMainPhase(TestSuiteExecutor.java:150)
	at com.kms.katalon.core.main.TestSuiteExecutor.execute(TestSuiteExecutor.java:106)
	at com.kms.katalon.core.main.TestCaseMain.startTestSuite(TestCaseMain.java:180)
	at TempTestSuite1737488279906.run(TempTestSuite1737488279906.groovy:35)
	at java.base/jdk.internal.reflect.NativeMethodAccessorImpl.invoke0(Native Method)
	at java.base/jdk.internal.reflect.NativeMethodAccessorImpl.invoke(NativeMethodAccessorImpl.java:77)
	at java.base/jdk.internal.reflect.DelegatingMethodAccessorImpl.invoke(DelegatingMethodAccessorImpl.java:43)
Caused by: com.kms.katalon.core.exception.StepFailedException: Web element with id: 'Object Repository/Specific Cases Repository/LS/Home/Census/Advance_Census/Filter/Page_Census Advanced/div_Dog Treatment Center' located by 'By.xpath: //div[normalize-space()='Dog Treatment Center']' is present after '30' second(s)
	at com.kms.katalon.core.webui.keyword.internal.WebUIKeywordMain.stepFailed(WebUIKeywordMain.groovy:117)
	at com.kms.katalon.core.webui.keyword.internal.WebUIKeywordMain$stepFailed$0.call(Unknown Source)
	at com.kms.katalon.core.webui.keyword.builtin.VerifyElementNotPresentKeyword$_verifyElementNotPresent_closure1.doCall(VerifyElementNotPresentKeyword.groovy:122)
	at com.kms.katalon.core.webui.keyword.builtin.VerifyElementNotPresentKeyword$_verifyElementNotPresent_closure1.doCall(VerifyElementNotPresentKeyword.groovy)
	at java.base/jdk.internal.reflect.NativeMethodAccessorImpl.invoke0(Native Method)
	at java.base/jdk.internal.reflect.NativeMethodAccessorImpl.invoke(NativeMethodAccessorImpl.java:77)
	at java.base/jdk.internal.reflect.DelegatingMethodAccessorImpl.invoke(DelegatingMethodAccessorImpl.java:43)
	at com.kms.katalon.core.webui.keyword.internal.WebUIKeywordMain.runKeyword(WebUIKeywordMain.groovy:35)
	... 21 more
)

21-01-2025T14:48:02 - [MESSAGE][WARNING] - Timeout '0' is invalid. Using default page load timeout: '30'

21-01-2025T14:48:33 - [MESSAGE][FAILED] - Web element with id: 'Object Repository/Specific Cases Repository/LS/Home/Census/Advance_Census/Filter/Page_Census Advanced/div_Dog Treatment Center' located by 'By.xpath: //div[normalize-space()='Dog Treatment Center']' is present after '30' second(s) (Root cause: com.kms.katalon.core.exception.StepFailedException: Web element with id: 'Object Repository/Specific Cases Repository/LS/Home/Census/Advance_Census/Filter/Page_Census Advanced/div_Dog Treatment Center' located by 'By.xpath: //div[normalize-space()='Dog Treatment Center']' is present after '30' second(s)
	at com.kms.katalon.core.webui.keyword.internal.WebUIKeywordMain.stepFailed(WebUIKeywordMain.groovy:117)
	at com.kms.katalon.core.webui.keyword.internal.WebUIKeywordMain$stepFailed$0.call(Unknown Source)
	at com.kms.katalon.core.webui.keyword.builtin.VerifyElementNotPresentKeyword$_verifyElementNotPresent_closure1.doCall(VerifyElementNotPresentKeyword.groovy:122)
	at com.kms.katalon.core.webui.keyword.builtin.VerifyElementNotPresentKeyword$_verifyElementNotPresent_closure1.doCall(VerifyElementNotPresentKeyword.groovy)
	at java.base/jdk.internal.reflect.NativeMethodAccessorImpl.invoke0(Native Method)
	at java.base/jdk.internal.reflect.NativeMethodAccessorImpl.invoke(NativeMethodAccessorImpl.java:77)
	at java.base/jdk.internal.reflect.DelegatingMethodAccessorImpl.invoke(DelegatingMethodAccessorImpl.java:43)
	at com.kms.katalon.core.webui.keyword.internal.WebUIKeywordMain.runKeyword(WebUIKeywordMain.groovy:35)
	at com.kms.katalon.core.webui.keyword.internal.WebUIKeywordMain$runKeyword.call(Unknown Source)
	at com.kms.katalon.core.webui.keyword.builtin.VerifyElementNotPresentKeyword.verifyElementNotPresent(VerifyElementNotPresentKeyword.groovy:131)
	at com.kms.katalon.core.webui.keyword.builtin.VerifyElementNotPresentKeyword.execute(VerifyElementNotPresentKeyword.groovy:69)
	at com.kms.katalon.core.keyword.internal.KeywordExecutor.executeKeywordForPlatform(KeywordExecutor.groovy:74)
	at com.kms.katalon.core.webui.keyword.WebUiBuiltInKeywords.verifyElementNotPresent(WebUiBuiltInKeywords.groovy:1536)
	at Advance_Census_ Filter.run(Advance_Census_ Filter:95)
	at com.kms.katalon.core.main.ScriptEngine.run(ScriptEngine.java:194)
	at com.kms.katalon.core.main.ScriptEngine.runScriptAsRawText(ScriptEngine.java:119)
	at com.kms.katalon.core.main.TestCaseExecutor.runScript(TestCaseExecutor.java:448)
	at com.kms.katalon.core.main.TestCaseExecutor.doExecute(TestCaseExecutor.java:439)
	at com.kms.katalon.core.main.TestCaseExecutor.processExecutionPhase(TestCaseExecutor.java:418)
	at com.kms.katalon.core.main.TestCaseExecutor.accessMainPhase(TestCaseExecutor.java:410)
	at com.kms.katalon.core.main.TestCaseExecutor.execute(TestCaseExecutor.java:285)
	at com.kms.katalon.core.common.CommonExecutor.accessTestCaseMainPhase(CommonExecutor.java:65)
	at com.kms.katalon.core.main.TestSuiteExecutor.accessTestSuiteMainPhase(TestSuiteExecutor.java:150)
	at com.kms.katalon.core.main.TestSuiteExecutor.execute(TestSuiteExecutor.java:106)
	at com.kms.katalon.core.main.TestCaseMain.startTestSuite(TestCaseMain.java:180)
	at TempTestSuite1737488279906.run(TempTestSuite1737488279906.groovy:35)
	at java.base/jdk.internal.reflect.NativeMethodAccessorImpl.invoke0(Native Method)
	at java.base/jdk.internal.reflect.NativeMethodAccessorImpl.invoke(NativeMethodAccessorImpl.java:77)
	at java.base/jdk.internal.reflect.DelegatingMethodAccessorImpl.invoke(DelegatingMethodAccessorImpl.java:43)
)
[[ATTACHMENT|C:\\Users\\Enrique\\git\\AUTOMATION_LS\\Reports\\20250121_143756\\LS\\Home\\General\\Census\\20250121_143759\\1737488913143.png]]

21-01-2025T14:48:34 - [MESSAGE][FAILED] - Unable to verify object 'Object Repository/Specific Cases Repository/LS/Home/Census/Advance_Census/Filter/Page_Census Advanced/div_Dog Treatment Center' is not present (Root cause: com.kms.katalon.core.exception.StepFailedException: Unable to verify object 'Object Repository/Specific Cases Repository/LS/Home/Census/Advance_Census/Filter/Page_Census Advanced/div_Dog Treatment Center' is not present
	at com.kms.katalon.core.webui.keyword.internal.WebUIKeywordMain.stepFailed(WebUIKeywordMain.groovy:117)
	at com.kms.katalon.core.webui.keyword.internal.WebUIKeywordMain.runKeyword(WebUIKeywordMain.groovy:43)
	at com.kms.katalon.core.webui.keyword.internal.WebUIKeywordMain$runKeyword.call(Unknown Source)
	at com.kms.katalon.core.webui.keyword.builtin.VerifyElementNotPresentKeyword.verifyElementNotPresent(VerifyElementNotPresentKeyword.groovy:131)
	at com.kms.katalon.core.webui.keyword.builtin.VerifyElementNotPresentKeyword.execute(VerifyElementNotPresentKeyword.groovy:69)
	at com.kms.katalon.core.keyword.internal.KeywordExecutor.executeKeywordForPlatform(KeywordExecutor.groovy:74)
	at com.kms.katalon.core.webui.keyword.WebUiBuiltInKeywords.verifyElementNotPresent(WebUiBuiltInKeywords.groovy:1536)
	at Advance_Census_ Filter.run(Advance_Census_ Filter:95)
	at com.kms.katalon.core.main.ScriptEngine.run(ScriptEngine.java:194)
	at com.kms.katalon.core.main.ScriptEngine.runScriptAsRawText(ScriptEngine.java:119)
	at com.kms.katalon.core.main.TestCaseExecutor.runScript(TestCaseExecutor.java:448)
	at com.kms.katalon.core.main.TestCaseExecutor.doExecute(TestCaseExecutor.java:439)
	at com.kms.katalon.core.main.TestCaseExecutor.processExecutionPhase(TestCaseExecutor.java:418)
	at com.kms.katalon.core.main.TestCaseExecutor.accessMainPhase(TestCaseExecutor.java:410)
	at com.kms.katalon.core.main.TestCaseExecutor.execute(TestCaseExecutor.java:285)
	at com.kms.katalon.core.common.CommonExecutor.accessTestCaseMainPhase(CommonExecutor.java:65)
	at com.kms.katalon.core.main.TestSuiteExecutor.accessTestSuiteMainPhase(TestSuiteExecutor.java:150)
	at com.kms.katalon.core.main.TestSuiteExecutor.execute(TestSuiteExecutor.java:106)
	at com.kms.katalon.core.main.TestCaseMain.startTestSuite(TestCaseMain.java:180)
	at TempTestSuite1737488279906.run(TempTestSuite1737488279906.groovy:35)
	at java.base/jdk.internal.reflect.NativeMethodAccessorImpl.invoke0(Native Method)
	at java.base/jdk.internal.reflect.NativeMethodAccessorImpl.invoke(NativeMethodAccessorImpl.java:77)
	at java.base/jdk.internal.reflect.DelegatingMethodAccessorImpl.invoke(DelegatingMethodAccessorImpl.java:43)
Caused by: com.kms.katalon.core.exception.StepFailedException: Web element with id: 'Object Repository/Specific Cases Repository/LS/Home/Census/Advance_Census/Filter/Page_Census Advanced/div_Dog Treatment Center' located by 'By.xpath: //div[normalize-space()='Dog Treatment Center']' is present after '30' second(s)
	at com.kms.katalon.core.webui.keyword.internal.WebUIKeywordMain.stepFailed(WebUIKeywordMain.groovy:117)
	at com.kms.katalon.core.webui.keyword.internal.WebUIKeywordMain$stepFailed$0.call(Unknown Source)
	at com.kms.katalon.core.webui.keyword.builtin.VerifyElementNotPresentKeyword$_verifyElementNotPresent_closure1.doCall(VerifyElementNotPresentKeyword.groovy:122)
	at com.kms.katalon.core.webui.keyword.builtin.VerifyElementNotPresentKeyword$_verifyElementNotPresent_closure1.doCall(VerifyElementNotPresentKeyword.groovy)
	at java.base/jdk.internal.reflect.NativeMethodAccessorImpl.invoke0(Native Method)
	at java.base/jdk.internal.reflect.NativeMethodAccessorImpl.invoke(NativeMethodAccessorImpl.java:77)
	at java.base/jdk.internal.reflect.DelegatingMethodAccessorImpl.invoke(DelegatingMethodAccessorImpl.java:43)
	at com.kms.katalon.core.webui.keyword.internal.WebUIKeywordMain.runKeyword(WebUIKeywordMain.groovy:35)
	... 21 more
)
[[ATTACHMENT|C:\\Users\\Enrique\\git\\AUTOMATION_LS\\Reports\\20250121_143756\\LS\\Home\\General\\Census\\20250121_143759\\1737488913769.png]]]]></system-out>
         <system-err><![CDATA[21-01-2025T14:47:22 - [TEST_CASE][FAILED] - Test Cases/Specific Cases/LS/General/Census/Advance Census/Advance_Census_ Filter: Test Cases/Specific Cases/LS/General/Census/Advance Census/Advance_Census_ Filter FAILED.
Reason:
com.kms.katalon.core.exception.StepFailedException: Unable to verify object 'Object Repository/Specific Cases Repository/LS/Home/Census/Advance_Census/Filter/Page_Census Advanced/div_Dog Treatment Center' is not present
	at com.kms.katalon.core.webui.keyword.internal.WebUIKeywordMain.stepFailed(WebUIKeywordMain.groovy:117)
	at com.kms.katalon.core.webui.keyword.internal.WebUIKeywordMain.runKeyword(WebUIKeywordMain.groovy:43)
	at com.kms.katalon.core.webui.keyword.internal.WebUIKeywordMain$runKeyword.call(Unknown Source)
	at com.kms.katalon.core.webui.keyword.builtin.VerifyElementNotPresentKeyword.verifyElementNotPresent(VerifyElementNotPresentKeyword.groovy:131)
	at com.kms.katalon.core.webui.keyword.builtin.VerifyElementNotPresentKeyword.execute(VerifyElementNotPresentKeyword.groovy:69)
	at com.kms.katalon.core.keyword.internal.KeywordExecutor.executeKeywordForPlatform(KeywordExecutor.groovy:74)
	at com.kms.katalon.core.webui.keyword.WebUiBuiltInKeywords.verifyElementNotPresent(WebUiBuiltInKeywords.groovy:1536)
	at Advance_Census_ Filter.run(Advance_Census_ Filter:95)
	at com.kms.katalon.core.main.ScriptEngine.run(ScriptEngine.java:194)
	at com.kms.katalon.core.main.ScriptEngine.runScriptAsRawText(ScriptEngine.java:119)
	at com.kms.katalon.core.main.TestCaseExecutor.runScript(TestCaseExecutor.java:448)
	at com.kms.katalon.core.main.TestCaseExecutor.doExecute(TestCaseExecutor.java:439)
	at com.kms.katalon.core.main.TestCaseExecutor.processExecutionPhase(TestCaseExecutor.java:418)
	at com.kms.katalon.core.main.TestCaseExecutor.accessMainPhase(TestCaseExecutor.java:410)
	at com.kms.katalon.core.main.TestCaseExecutor.execute(TestCaseExecutor.java:285)
	at com.kms.katalon.core.common.CommonExecutor.accessTestCaseMainPhase(CommonExecutor.java:65)
	at com.kms.katalon.core.main.TestSuiteExecutor.accessTestSuiteMainPhase(TestSuiteExecutor.java:150)
	at com.kms.katalon.core.main.TestSuiteExecutor.execute(TestSuiteExecutor.java:106)
	at com.kms.katalon.core.main.TestCaseMain.startTestSuite(TestCaseMain.java:180)
	at TempTestSuite1737488279906.run(TempTestSuite1737488279906.groovy:35)
	at java.base/jdk.internal.reflect.NativeMethodAccessorImpl.invoke0(Native Method)
	at java.base/jdk.internal.reflect.NativeMethodAccessorImpl.invoke(NativeMethodAccessorImpl.java:77)
	at java.base/jdk.internal.reflect.DelegatingMethodAccessorImpl.invoke(DelegatingMethodAccessorImpl.java:43)
Caused by: com.kms.katalon.core.exception.StepFailedException: Web element with id: 'Object Repository/Specific Cases Repository/LS/Home/Census/Advance_Census/Filter/Page_Census Advanced/div_Dog Treatment Center' located by 'By.xpath: //div[normalize-space()='Dog Treatment Center']' is present after '30' second(s)
	at com.kms.katalon.core.webui.keyword.internal.WebUIKeywordMain.stepFailed(WebUIKeywordMain.groovy:117)
	at com.kms.katalon.core.webui.keyword.internal.WebUIKeywordMain$stepFailed$0.call(Unknown Source)
	at com.kms.katalon.core.webui.keyword.builtin.VerifyElementNotPresentKeyword$_verifyElementNotPresent_closure1.doCall(VerifyElementNotPresentKeyword.groovy:122)
	at com.kms.katalon.core.webui.keyword.builtin.VerifyElementNotPresentKeyword$_verifyElementNotPresent_closure1.doCall(VerifyElementNotPresentKeyword.groovy)
	at java.base/jdk.internal.reflect.NativeMethodAccessorImpl.invoke0(Native Method)
	at java.base/jdk.internal.reflect.NativeMethodAccessorImpl.invoke(NativeMethodAccessorImpl.java:77)
	at java.base/jdk.internal.reflect.DelegatingMethodAccessorImpl.invoke(DelegatingMethodAccessorImpl.java:43)
	at com.kms.katalon.core.webui.keyword.internal.WebUIKeywordMain.runKeyword(WebUIKeywordMain.groovy:35)
	... 21 more]]></system-err>
      </testcase>
      <testcase name="Test Cases/Specific Cases/LS/General/Census/Client Face Sheets/Client_Face_Sheets_Filters" time="59.341" classname="Test Cases/Specific Cases/LS/General/Census/Client Face Sheets/Client_Face_Sheets_Filters" status="PASSED">
         <system-out><![CDATA[21-01-2025T14:48:34 - [TEST_CASE][PASSED] - Test Cases/Specific Cases/LS/General/Census/Client Face Sheets/Client_Face_Sheets_Filters: Test Cases/Specific Cases/LS/General/Census/Client Face Sheets/Client_Face_Sheets_Filters

21-01-2025T14:48:34 - [TEST_STEP][PASSED] - callTestCase(findTestCase("Common Cases/Login"), [:], STOP_ON_FAILURE): Call Test Case 'Test Cases/Common Cases/Login' successfully

21-01-2025T14:48:34 - [TEST_CASE][PASSED] - Test Cases/Common Cases/Login: Test Cases/Common Cases/Login

21-01-2025T14:48:34 - [TEST_STEP][PASSED] - openBrowser(""): Browser is opened with url: ''

21-01-2025T14:48:34 - [MESSAGE][WARNING] - A browser is already opened. Closing browser and opening a new one

21-01-2025T14:48:35 - [MESSAGE][INFO] - Starting 'Chrome' driver

21-01-2025T14:48:35 - [MESSAGE][INFO] - Action delay is set to 0 milliseconds

21-01-2025T14:48:37 - [MESSAGE][PASSED] - Browser is opened with url: ''

21-01-2025T14:48:37 - [TEST_STEP][PASSED] - maximizeWindow(): Current window maximized

21-01-2025T14:48:37 - [MESSAGE][PASSED] - Current window maximized

21-01-2025T14:48:37 - [TEST_STEP][PASSED] - navigateToUrl("https://site17.lsapp.cloud/auth/login"): Navigate to 'https://site17.lsapp.cloud/auth/login' successfully

21-01-2025T14:48:42 - [MESSAGE][PASSED] - Navigate to 'https://site17.lsapp.cloud/auth/login' successfully

21-01-2025T14:48:42 - [TEST_STEP][PASSED] - setText(findTestObject("Object Repository/Common Cases Repository/Login/Page_Lightning Step/input_Email_email"), "automation@lightningstep.com"): Text 'automation@lightningstep.com' is set on object 'Object Repository/Common Cases Repository/Login/Page_Lightning Step/input_Email_email'

21-01-2025T14:48:43 - [MESSAGE][PASSED] - Text 'automation@lightningstep.com' is set on object 'Object Repository/Common Cases Repository/Login/Page_Lightning Step/input_Email_email'

21-01-2025T14:48:43 - [TEST_STEP][PASSED] - setEncryptedText(findTestObject("Object Repository/Common Cases Repository/Login/Page_Lightning Step/input_Password_password"), "e5N8VHmnhJDITtQaQhDQDw=="): Text ****** has been set on object 'Object Repository/Common Cases Repository/Login/Page_Lightning Step/input_Password_password'

21-01-2025T14:48:44 - [MESSAGE][PASSED] - Text ****** has been set on object 'Object Repository/Common Cases Repository/Login/Page_Lightning Step/input_Password_password'

21-01-2025T14:48:44 - [TEST_STEP][PASSED] - click(findTestObject("Object Repository/Common Cases Repository/Login/Page_Lightning Step/button_Sign in")): Object: 'Object Repository/Common Cases Repository/Login/Page_Lightning Step/button_Sign in' is clicked on

21-01-2025T14:48:50 - [MESSAGE][PASSED] - Object: 'Object Repository/Common Cases Repository/Login/Page_Lightning Step/button_Sign in' is clicked on

21-01-2025T14:48:50 - [MESSAGE][PASSED] - Call Test Case 'Test Cases/Common Cases/Login' successfully

21-01-2025T14:48:50 - [TEST_STEP][PASSED] - click(findTestObject("Object Repository/Specific Cases Repository/LS/Home/Census/Clients Face Sheets/CLients Face Sheets Filters/Page_Home/div_groups                                 _eea1bb")): Object: 'Object Repository/Specific Cases Repository/LS/Home/Census/Clients Face Sheets/CLients Face Sheets Filters/Page_Home/div_groups                                 _eea1bb' is clicked on

21-01-2025T14:48:50 - [MESSAGE][PASSED] - Object: 'Object Repository/Specific Cases Repository/LS/Home/Census/Clients Face Sheets/CLients Face Sheets Filters/Page_Home/div_groups                                 _eea1bb' is clicked on

21-01-2025T14:48:50 - [TEST_STEP][PASSED] - click(findTestObject("Object Repository/Specific Cases Repository/LS/Home/Census/Clients Face Sheets/CLients Face Sheets Filters/Page_Home/a_co_present                 Client Face sheets")): Object: 'Object Repository/Specific Cases Repository/LS/Home/Census/Clients Face Sheets/CLients Face Sheets Filters/Page_Home/a_co_present                 Client Face sheets' is clicked on

21-01-2025T14:48:57 - [MESSAGE][PASSED] - Object: 'Object Repository/Specific Cases Repository/LS/Home/Census/Clients Face Sheets/CLients Face Sheets Filters/Page_Home/a_co_present                 Client Face sheets' is clicked on

21-01-2025T14:48:57 - [TEST_STEP][PASSED] - navigateToUrl("https://site17.lsapp.cloud/report/clientfacesheets"): Navigate to 'https://site17.lsapp.cloud/report/clientfacesheets' successfully

21-01-2025T14:49:01 - [MESSAGE][PASSED] - Navigate to 'https://site17.lsapp.cloud/report/clientfacesheets' successfully

21-01-2025T14:49:01 - [TEST_STEP][PASSED] - click(findTestObject("Object Repository/Specific Cases Repository/LS/Home/Census/Clients Face Sheets/CLients Face Sheets Filters/Page_Client Face Sheets/button_Show Data")): Object: 'Object Repository/Specific Cases Repository/LS/Home/Census/Clients Face Sheets/CLients Face Sheets Filters/Page_Client Face Sheets/button_Show Data' is clicked on

21-01-2025T14:49:02 - [MESSAGE][PASSED] - Object: 'Object Repository/Specific Cases Repository/LS/Home/Census/Clients Face Sheets/CLients Face Sheets Filters/Page_Client Face Sheets/button_Show Data' is clicked on

21-01-2025T14:49:02 - [TEST_STEP][PASSED] - verifyElementText(findTestObject("Object Repository/Specific Cases Repository/LS/Home/Census/Clients Face Sheets/CLients Face Sheets Filters/Page_Client Face Sheets/td_24-11006"), "24-11006"): Actual text and expected text of test object 'Object Repository/Specific Cases Repository/LS/Home/Census/Clients Face Sheets/CLients Face Sheets Filters/Page_Client Face Sheets/td_24-11006' are matched.

21-01-2025T14:49:03 - [MESSAGE][PASSED] - Actual text and expected text of test object 'Object Repository/Specific Cases Repository/LS/Home/Census/Clients Face Sheets/CLients Face Sheets Filters/Page_Client Face Sheets/td_24-11006' are matched.

21-01-2025T14:49:03 - [TEST_STEP][PASSED] - verifyElementText(findTestObject("Object Repository/Specific Cases Repository/LS/Home/Census/Clients Face Sheets/CLients Face Sheets Filters/Page_Client Face Sheets/td_24-11007"), "24-11007"): Actual text and expected text of test object 'Object Repository/Specific Cases Repository/LS/Home/Census/Clients Face Sheets/CLients Face Sheets Filters/Page_Client Face Sheets/td_24-11007' are matched.

21-01-2025T14:49:03 - [MESSAGE][PASSED] - Actual text and expected text of test object 'Object Repository/Specific Cases Repository/LS/Home/Census/Clients Face Sheets/CLients Face Sheets Filters/Page_Client Face Sheets/td_24-11007' are matched.

21-01-2025T14:49:03 - [TEST_STEP][PASSED] - verifyElementText(findTestObject("Object Repository/Specific Cases Repository/LS/Home/Census/Clients Face Sheets/CLients Face Sheets Filters/Page_Client Face Sheets/td_24-11008"), "24-11008"): Actual text and expected text of test object 'Object Repository/Specific Cases Repository/LS/Home/Census/Clients Face Sheets/CLients Face Sheets Filters/Page_Client Face Sheets/td_24-11008' are matched.

21-01-2025T14:49:03 - [MESSAGE][PASSED] - Actual text and expected text of test object 'Object Repository/Specific Cases Repository/LS/Home/Census/Clients Face Sheets/CLients Face Sheets Filters/Page_Client Face Sheets/td_24-11008' are matched.

21-01-2025T14:49:03 - [TEST_STEP][PASSED] - selectOptionByValue(findTestObject("Object Repository/Specific Cases Repository/LS/Home/Census/Clients Face Sheets/CLients Face Sheets Filters/Page_Client Face Sheets/select_All Locations                       _863db7"), "22", true): All options with value '22' are selected in object 'Object Repository/Specific Cases Repository/LS/Home/Census/Clients Face Sheets/CLients Face Sheets Filters/Page_Client Face Sheets/select_All Locations                       _863db7'  using regular expression

21-01-2025T14:49:05 - [MESSAGE][PASSED] - All options with value '22' are selected in object 'Object Repository/Specific Cases Repository/LS/Home/Census/Clients Face Sheets/CLients Face Sheets Filters/Page_Client Face Sheets/select_All Locations                       _863db7'  using regular expression

21-01-2025T14:49:05 - [TEST_STEP][PASSED] - click(findTestObject("Object Repository/Specific Cases Repository/LS/Home/Census/Clients Face Sheets/CLients Face Sheets Filters/Page_Client Face Sheets/button_Show Data")): Object: 'Object Repository/Specific Cases Repository/LS/Home/Census/Clients Face Sheets/CLients Face Sheets Filters/Page_Client Face Sheets/button_Show Data' is clicked on

21-01-2025T14:49:06 - [MESSAGE][PASSED] - Object: 'Object Repository/Specific Cases Repository/LS/Home/Census/Clients Face Sheets/CLients Face Sheets Filters/Page_Client Face Sheets/button_Show Data' is clicked on

21-01-2025T14:49:06 - [TEST_STEP][PASSED] - verifyElementText(findTestObject("Object Repository/Specific Cases Repository/LS/Home/Census/Clients Face Sheets/CLients Face Sheets Filters/Page_Client Face Sheets/td_24-11006"), "24-11006"): Actual text and expected text of test object 'Object Repository/Specific Cases Repository/LS/Home/Census/Clients Face Sheets/CLients Face Sheets Filters/Page_Client Face Sheets/td_24-11006' are matched.

21-01-2025T14:49:07 - [MESSAGE][PASSED] - Actual text and expected text of test object 'Object Repository/Specific Cases Repository/LS/Home/Census/Clients Face Sheets/CLients Face Sheets Filters/Page_Client Face Sheets/td_24-11006' are matched.

21-01-2025T14:49:07 - [TEST_STEP][PASSED] - verifyElementNotPresent(findTestObject("Specific Cases Repository/LS/Home/Census/Clients Face Sheets/CLients Face Sheets Filters/Page_Client Face Sheets/td_24-11007"), 0): Web element with id: 'Object Repository/Specific Cases Repository/LS/Home/Census/Clients Face Sheets/CLients Face Sheets Filters/Page_Client Face Sheets/td_24-11007' located by 'By.xpath: //td[normalize-space()='24-11007']' is not present after '30' second(s)

21-01-2025T14:49:07 - [MESSAGE][WARNING] - Timeout '0' is invalid. Using default page load timeout: '30'

21-01-2025T14:49:08 - [MESSAGE][PASSED] - Web element with id: 'Object Repository/Specific Cases Repository/LS/Home/Census/Clients Face Sheets/CLients Face Sheets Filters/Page_Client Face Sheets/td_24-11007' located by 'By.xpath: //td[normalize-space()='24-11007']' is not present after '30' second(s)

21-01-2025T14:49:08 - [TEST_STEP][PASSED] - verifyElementNotPresent(findTestObject("Specific Cases Repository/LS/Home/Census/Clients Face Sheets/CLients Face Sheets Filters/Page_Client Face Sheets/td_24-11008"), 0): Web element with id: 'Object Repository/Specific Cases Repository/LS/Home/Census/Clients Face Sheets/CLients Face Sheets Filters/Page_Client Face Sheets/td_24-11008' located by 'By.xpath: //td[normalize-space()='24-11008']' is not present after '30' second(s)

21-01-2025T14:49:08 - [MESSAGE][WARNING] - Timeout '0' is invalid. Using default page load timeout: '30'

21-01-2025T14:49:08 - [MESSAGE][PASSED] - Web element with id: 'Object Repository/Specific Cases Repository/LS/Home/Census/Clients Face Sheets/CLients Face Sheets Filters/Page_Client Face Sheets/td_24-11008' located by 'By.xpath: //td[normalize-space()='24-11008']' is not present after '30' second(s)

21-01-2025T14:49:08 - [TEST_STEP][PASSED] - selectOptionByValue(findTestObject("Object Repository/Specific Cases Repository/LS/Home/Census/Clients Face Sheets/CLients Face Sheets Filters/Page_Client Face Sheets/select_All Locations                       _863db7"), "17", true): All options with value '17' are selected in object 'Object Repository/Specific Cases Repository/LS/Home/Census/Clients Face Sheets/CLients Face Sheets Filters/Page_Client Face Sheets/select_All Locations                       _863db7'  using regular expression

21-01-2025T14:49:09 - [MESSAGE][PASSED] - All options with value '17' are selected in object 'Object Repository/Specific Cases Repository/LS/Home/Census/Clients Face Sheets/CLients Face Sheets Filters/Page_Client Face Sheets/select_All Locations                       _863db7'  using regular expression

21-01-2025T14:49:09 - [TEST_STEP][PASSED] - click(findTestObject("Object Repository/Specific Cases Repository/LS/Home/Census/Clients Face Sheets/CLients Face Sheets Filters/Page_Client Face Sheets/button_Show Data")): Object: 'Object Repository/Specific Cases Repository/LS/Home/Census/Clients Face Sheets/CLients Face Sheets Filters/Page_Client Face Sheets/button_Show Data' is clicked on

21-01-2025T14:49:09 - [MESSAGE][PASSED] - Object: 'Object Repository/Specific Cases Repository/LS/Home/Census/Clients Face Sheets/CLients Face Sheets Filters/Page_Client Face Sheets/button_Show Data' is clicked on

21-01-2025T14:49:09 - [TEST_STEP][PASSED] - verifyElementText(findTestObject("Object Repository/Specific Cases Repository/LS/Home/Census/Clients Face Sheets/CLients Face Sheets Filters/Page_Client Face Sheets/td_24-11007"), "24-11007"): Actual text and expected text of test object 'Object Repository/Specific Cases Repository/LS/Home/Census/Clients Face Sheets/CLients Face Sheets Filters/Page_Client Face Sheets/td_24-11007' are matched.

21-01-2025T14:49:11 - [MESSAGE][PASSED] - Actual text and expected text of test object 'Object Repository/Specific Cases Repository/LS/Home/Census/Clients Face Sheets/CLients Face Sheets Filters/Page_Client Face Sheets/td_24-11007' are matched.

21-01-2025T14:49:11 - [TEST_STEP][PASSED] - verifyElementNotPresent(findTestObject("Specific Cases Repository/LS/Home/Census/Clients Face Sheets/CLients Face Sheets Filters/Page_Client Face Sheets/td_24-11006"), 0): Web element with id: 'Object Repository/Specific Cases Repository/LS/Home/Census/Clients Face Sheets/CLients Face Sheets Filters/Page_Client Face Sheets/td_24-11006' located by 'By.xpath: //td[normalize-space()='24-11006']' is not present after '30' second(s)

21-01-2025T14:49:11 - [MESSAGE][WARNING] - Timeout '0' is invalid. Using default page load timeout: '30'

21-01-2025T14:49:11 - [MESSAGE][PASSED] - Web element with id: 'Object Repository/Specific Cases Repository/LS/Home/Census/Clients Face Sheets/CLients Face Sheets Filters/Page_Client Face Sheets/td_24-11006' located by 'By.xpath: //td[normalize-space()='24-11006']' is not present after '30' second(s)

21-01-2025T14:49:11 - [TEST_STEP][PASSED] - verifyElementNotPresent(findTestObject("Specific Cases Repository/LS/Home/Census/Clients Face Sheets/CLients Face Sheets Filters/Page_Client Face Sheets/td_24-11008"), 0): Web element with id: 'Object Repository/Specific Cases Repository/LS/Home/Census/Clients Face Sheets/CLients Face Sheets Filters/Page_Client Face Sheets/td_24-11008' located by 'By.xpath: //td[normalize-space()='24-11008']' is not present after '30' second(s)

21-01-2025T14:49:11 - [MESSAGE][WARNING] - Timeout '0' is invalid. Using default page load timeout: '30'

21-01-2025T14:49:12 - [MESSAGE][PASSED] - Web element with id: 'Object Repository/Specific Cases Repository/LS/Home/Census/Clients Face Sheets/CLients Face Sheets Filters/Page_Client Face Sheets/td_24-11008' located by 'By.xpath: //td[normalize-space()='24-11008']' is not present after '30' second(s)

21-01-2025T14:49:12 - [TEST_STEP][PASSED] - selectOptionByValue(findTestObject("Object Repository/Specific Cases Repository/LS/Home/Census/Clients Face Sheets/CLients Face Sheets Filters/Page_Client Face Sheets/select_All Locations                       _863db7"), "18", true): All options with value '18' are selected in object 'Object Repository/Specific Cases Repository/LS/Home/Census/Clients Face Sheets/CLients Face Sheets Filters/Page_Client Face Sheets/select_All Locations                       _863db7'  using regular expression

21-01-2025T14:49:14 - [MESSAGE][PASSED] - All options with value '18' are selected in object 'Object Repository/Specific Cases Repository/LS/Home/Census/Clients Face Sheets/CLients Face Sheets Filters/Page_Client Face Sheets/select_All Locations                       _863db7'  using regular expression

21-01-2025T14:49:14 - [TEST_STEP][PASSED] - click(findTestObject("Object Repository/Specific Cases Repository/LS/Home/Census/Clients Face Sheets/CLients Face Sheets Filters/Page_Client Face Sheets/button_Show Data")): Object: 'Object Repository/Specific Cases Repository/LS/Home/Census/Clients Face Sheets/CLients Face Sheets Filters/Page_Client Face Sheets/button_Show Data' is clicked on

21-01-2025T14:49:14 - [MESSAGE][PASSED] - Object: 'Object Repository/Specific Cases Repository/LS/Home/Census/Clients Face Sheets/CLients Face Sheets Filters/Page_Client Face Sheets/button_Show Data' is clicked on

21-01-2025T14:49:14 - [TEST_STEP][PASSED] - verifyElementText(findTestObject("Object Repository/Specific Cases Repository/LS/Home/Census/Clients Face Sheets/CLients Face Sheets Filters/Page_Client Face Sheets/td_24-11008"), "24-11008"): Actual text and expected text of test object 'Object Repository/Specific Cases Repository/LS/Home/Census/Clients Face Sheets/CLients Face Sheets Filters/Page_Client Face Sheets/td_24-11008' are matched.

21-01-2025T14:49:15 - [MESSAGE][PASSED] - Actual text and expected text of test object 'Object Repository/Specific Cases Repository/LS/Home/Census/Clients Face Sheets/CLients Face Sheets Filters/Page_Client Face Sheets/td_24-11008' are matched.

21-01-2025T14:49:15 - [TEST_STEP][PASSED] - verifyElementNotPresent(findTestObject("Specific Cases Repository/LS/Home/Census/Clients Face Sheets/CLients Face Sheets Filters/Page_Client Face Sheets/td_24-11007"), 0): Web element with id: 'Object Repository/Specific Cases Repository/LS/Home/Census/Clients Face Sheets/CLients Face Sheets Filters/Page_Client Face Sheets/td_24-11007' located by 'By.xpath: //td[normalize-space()='24-11007']' is not present after '30' second(s)

21-01-2025T14:49:15 - [MESSAGE][WARNING] - Timeout '0' is invalid. Using default page load timeout: '30'

21-01-2025T14:49:15 - [MESSAGE][PASSED] - Web element with id: 'Object Repository/Specific Cases Repository/LS/Home/Census/Clients Face Sheets/CLients Face Sheets Filters/Page_Client Face Sheets/td_24-11007' located by 'By.xpath: //td[normalize-space()='24-11007']' is not present after '30' second(s)

21-01-2025T14:49:15 - [TEST_STEP][PASSED] - verifyElementNotPresent(findTestObject("Specific Cases Repository/LS/Home/Census/Clients Face Sheets/CLients Face Sheets Filters/Page_Client Face Sheets/td_24-11006"), 0): Web element with id: 'Object Repository/Specific Cases Repository/LS/Home/Census/Clients Face Sheets/CLients Face Sheets Filters/Page_Client Face Sheets/td_24-11006' located by 'By.xpath: //td[normalize-space()='24-11006']' is not present after '30' second(s)

21-01-2025T14:49:15 - [MESSAGE][WARNING] - Timeout '0' is invalid. Using default page load timeout: '30'

21-01-2025T14:49:16 - [MESSAGE][PASSED] - Web element with id: 'Object Repository/Specific Cases Repository/LS/Home/Census/Clients Face Sheets/CLients Face Sheets Filters/Page_Client Face Sheets/td_24-11006' located by 'By.xpath: //td[normalize-space()='24-11006']' is not present after '30' second(s)

21-01-2025T14:49:16 - [TEST_STEP][PASSED] - selectOptionByValue(findTestObject("Object Repository/Specific Cases Repository/LS/Home/Census/Clients Face Sheets/CLients Face Sheets Filters/Page_Client Face Sheets/select_All Locations                       _863db7"), "0", true): All options with value '0' are selected in object 'Object Repository/Specific Cases Repository/LS/Home/Census/Clients Face Sheets/CLients Face Sheets Filters/Page_Client Face Sheets/select_All Locations                       _863db7'  using regular expression

21-01-2025T14:49:18 - [MESSAGE][PASSED] - All options with value '0' are selected in object 'Object Repository/Specific Cases Repository/LS/Home/Census/Clients Face Sheets/CLients Face Sheets Filters/Page_Client Face Sheets/select_All Locations                       _863db7'  using regular expression

21-01-2025T14:49:18 - [TEST_STEP][PASSED] - selectOptionByValue(findTestObject("Object Repository/Specific Cases Repository/LS/Home/Census/Clients Face Sheets/CLients Face Sheets Filters/Page_Client Face Sheets/select_All Programs                        _aea83e"), "3", true): All options with value '3' are selected in object 'Object Repository/Specific Cases Repository/LS/Home/Census/Clients Face Sheets/CLients Face Sheets Filters/Page_Client Face Sheets/select_All Programs                        _aea83e'  using regular expression

21-01-2025T14:49:19 - [MESSAGE][PASSED] - All options with value '3' are selected in object 'Object Repository/Specific Cases Repository/LS/Home/Census/Clients Face Sheets/CLients Face Sheets Filters/Page_Client Face Sheets/select_All Programs                        _aea83e'  using regular expression

21-01-2025T14:49:19 - [TEST_STEP][PASSED] - click(findTestObject("Object Repository/Specific Cases Repository/LS/Home/Census/Clients Face Sheets/CLients Face Sheets Filters/Page_Client Face Sheets/button_Show Data")): Object: 'Object Repository/Specific Cases Repository/LS/Home/Census/Clients Face Sheets/CLients Face Sheets Filters/Page_Client Face Sheets/button_Show Data' is clicked on

21-01-2025T14:49:20 - [MESSAGE][PASSED] - Object: 'Object Repository/Specific Cases Repository/LS/Home/Census/Clients Face Sheets/CLients Face Sheets Filters/Page_Client Face Sheets/button_Show Data' is clicked on

21-01-2025T14:49:20 - [TEST_STEP][PASSED] - verifyElementText(findTestObject("Object Repository/Specific Cases Repository/LS/Home/Census/Clients Face Sheets/CLients Face Sheets Filters/Page_Client Face Sheets/td_24-11006"), "24-11006"): Actual text and expected text of test object 'Object Repository/Specific Cases Repository/LS/Home/Census/Clients Face Sheets/CLients Face Sheets Filters/Page_Client Face Sheets/td_24-11006' are matched.

21-01-2025T14:49:21 - [MESSAGE][PASSED] - Actual text and expected text of test object 'Object Repository/Specific Cases Repository/LS/Home/Census/Clients Face Sheets/CLients Face Sheets Filters/Page_Client Face Sheets/td_24-11006' are matched.

21-01-2025T14:49:21 - [TEST_STEP][PASSED] - verifyElementText(findTestObject("Object Repository/Specific Cases Repository/LS/Home/Census/Clients Face Sheets/CLients Face Sheets Filters/Page_Client Face Sheets/td_24-11007"), "24-11007"): Actual text and expected text of test object 'Object Repository/Specific Cases Repository/LS/Home/Census/Clients Face Sheets/CLients Face Sheets Filters/Page_Client Face Sheets/td_24-11007' are matched.

21-01-2025T14:49:22 - [MESSAGE][PASSED] - Actual text and expected text of test object 'Object Repository/Specific Cases Repository/LS/Home/Census/Clients Face Sheets/CLients Face Sheets Filters/Page_Client Face Sheets/td_24-11007' are matched.

21-01-2025T14:49:22 - [TEST_STEP][PASSED] - verifyElementNotPresent(findTestObject("Specific Cases Repository/LS/Home/Census/Clients Face Sheets/CLients Face Sheets Filters/Page_Client Face Sheets/td_24-11008"), 0): Web element with id: 'Object Repository/Specific Cases Repository/LS/Home/Census/Clients Face Sheets/CLients Face Sheets Filters/Page_Client Face Sheets/td_24-11008' located by 'By.xpath: //td[normalize-space()='24-11008']' is not present after '30' second(s)

21-01-2025T14:49:22 - [MESSAGE][WARNING] - Timeout '0' is invalid. Using default page load timeout: '30'

21-01-2025T14:49:22 - [MESSAGE][PASSED] - Web element with id: 'Object Repository/Specific Cases Repository/LS/Home/Census/Clients Face Sheets/CLients Face Sheets Filters/Page_Client Face Sheets/td_24-11008' located by 'By.xpath: //td[normalize-space()='24-11008']' is not present after '30' second(s)

21-01-2025T14:49:22 - [TEST_STEP][PASSED] - selectOptionByValue(findTestObject("Object Repository/Specific Cases Repository/LS/Home/Census/Clients Face Sheets/CLients Face Sheets Filters/Page_Client Face Sheets/select_All Programs                        _aea83e"), "13", true): All options with value '13' are selected in object 'Object Repository/Specific Cases Repository/LS/Home/Census/Clients Face Sheets/CLients Face Sheets Filters/Page_Client Face Sheets/select_All Programs                        _aea83e'  using regular expression

21-01-2025T14:49:24 - [MESSAGE][PASSED] - All options with value '13' are selected in object 'Object Repository/Specific Cases Repository/LS/Home/Census/Clients Face Sheets/CLients Face Sheets Filters/Page_Client Face Sheets/select_All Programs                        _aea83e'  using regular expression

21-01-2025T14:49:24 - [TEST_STEP][PASSED] - click(findTestObject("Object Repository/Specific Cases Repository/LS/Home/Census/Clients Face Sheets/CLients Face Sheets Filters/Page_Client Face Sheets/button_Show Data")): Object: 'Object Repository/Specific Cases Repository/LS/Home/Census/Clients Face Sheets/CLients Face Sheets Filters/Page_Client Face Sheets/button_Show Data' is clicked on

21-01-2025T14:49:24 - [MESSAGE][PASSED] - Object: 'Object Repository/Specific Cases Repository/LS/Home/Census/Clients Face Sheets/CLients Face Sheets Filters/Page_Client Face Sheets/button_Show Data' is clicked on

21-01-2025T14:49:24 - [TEST_STEP][PASSED] - verifyElementText(findTestObject("Object Repository/Specific Cases Repository/LS/Home/Census/Clients Face Sheets/CLients Face Sheets Filters/Page_Client Face Sheets/td_24-11008"), "24-11008"): Actual text and expected text of test object 'Object Repository/Specific Cases Repository/LS/Home/Census/Clients Face Sheets/CLients Face Sheets Filters/Page_Client Face Sheets/td_24-11008' are matched.

21-01-2025T14:49:25 - [MESSAGE][PASSED] - Actual text and expected text of test object 'Object Repository/Specific Cases Repository/LS/Home/Census/Clients Face Sheets/CLients Face Sheets Filters/Page_Client Face Sheets/td_24-11008' are matched.

21-01-2025T14:49:25 - [TEST_STEP][PASSED] - verifyElementNotPresent(findTestObject("Specific Cases Repository/LS/Home/Census/Clients Face Sheets/CLients Face Sheets Filters/Page_Client Face Sheets/td_24-11007"), 0): Web element with id: 'Object Repository/Specific Cases Repository/LS/Home/Census/Clients Face Sheets/CLients Face Sheets Filters/Page_Client Face Sheets/td_24-11007' located by 'By.xpath: //td[normalize-space()='24-11007']' is not present after '30' second(s)

21-01-2025T14:49:25 - [MESSAGE][WARNING] - Timeout '0' is invalid. Using default page load timeout: '30'

21-01-2025T14:49:25 - [MESSAGE][PASSED] - Web element with id: 'Object Repository/Specific Cases Repository/LS/Home/Census/Clients Face Sheets/CLients Face Sheets Filters/Page_Client Face Sheets/td_24-11007' located by 'By.xpath: //td[normalize-space()='24-11007']' is not present after '30' second(s)

21-01-2025T14:49:25 - [TEST_STEP][PASSED] - verifyElementNotPresent(findTestObject("Specific Cases Repository/LS/Home/Census/Clients Face Sheets/CLients Face Sheets Filters/Page_Client Face Sheets/td_24-11006"), 0): Web element with id: 'Object Repository/Specific Cases Repository/LS/Home/Census/Clients Face Sheets/CLients Face Sheets Filters/Page_Client Face Sheets/td_24-11006' located by 'By.xpath: //td[normalize-space()='24-11006']' is not present after '30' second(s)

21-01-2025T14:49:25 - [MESSAGE][WARNING] - Timeout '0' is invalid. Using default page load timeout: '30'

21-01-2025T14:49:26 - [MESSAGE][PASSED] - Web element with id: 'Object Repository/Specific Cases Repository/LS/Home/Census/Clients Face Sheets/CLients Face Sheets Filters/Page_Client Face Sheets/td_24-11006' located by 'By.xpath: //td[normalize-space()='24-11006']' is not present after '30' second(s)

21-01-2025T14:49:26 - [TEST_STEP][PASSED] - selectOptionByValue(findTestObject("Object Repository/Specific Cases Repository/LS/Home/Census/Clients Face Sheets/CLients Face Sheets Filters/Page_Client Face Sheets/select_All Programs                        _aea83e"), "0", true): All options with value '0' are selected in object 'Object Repository/Specific Cases Repository/LS/Home/Census/Clients Face Sheets/CLients Face Sheets Filters/Page_Client Face Sheets/select_All Programs                        _aea83e'  using regular expression

21-01-2025T14:49:27 - [MESSAGE][PASSED] - All options with value '0' are selected in object 'Object Repository/Specific Cases Repository/LS/Home/Census/Clients Face Sheets/CLients Face Sheets Filters/Page_Client Face Sheets/select_All Programs                        _aea83e'  using regular expression

21-01-2025T14:49:27 - [TEST_STEP][PASSED] - selectOptionByValue(findTestObject("Object Repository/Specific Cases Repository/LS/Home/Census/Clients Face Sheets/CLients Face Sheets Filters/Page_Client Face Sheets/select_All Units                           _3d629c"), "1", true): All options with value '1' are selected in object 'Object Repository/Specific Cases Repository/LS/Home/Census/Clients Face Sheets/CLients Face Sheets Filters/Page_Client Face Sheets/select_All Units                           _3d629c'  using regular expression

21-01-2025T14:49:28 - [MESSAGE][PASSED] - All options with value '1' are selected in object 'Object Repository/Specific Cases Repository/LS/Home/Census/Clients Face Sheets/CLients Face Sheets Filters/Page_Client Face Sheets/select_All Units                           _3d629c'  using regular expression

21-01-2025T14:49:28 - [TEST_STEP][PASSED] - click(findTestObject("Object Repository/Specific Cases Repository/LS/Home/Census/Clients Face Sheets/CLients Face Sheets Filters/Page_Client Face Sheets/button_Show Data")): Object: 'Object Repository/Specific Cases Repository/LS/Home/Census/Clients Face Sheets/CLients Face Sheets Filters/Page_Client Face Sheets/button_Show Data' is clicked on

21-01-2025T14:49:28 - [MESSAGE][PASSED] - Object: 'Object Repository/Specific Cases Repository/LS/Home/Census/Clients Face Sheets/CLients Face Sheets Filters/Page_Client Face Sheets/button_Show Data' is clicked on

21-01-2025T14:49:28 - [TEST_STEP][PASSED] - verifyElementText(findTestObject("Object Repository/Specific Cases Repository/LS/Home/Census/Clients Face Sheets/CLients Face Sheets Filters/Page_Client Face Sheets/td_24-11006"), "24-11006"): Actual text and expected text of test object 'Object Repository/Specific Cases Repository/LS/Home/Census/Clients Face Sheets/CLients Face Sheets Filters/Page_Client Face Sheets/td_24-11006' are matched.

21-01-2025T14:49:29 - [MESSAGE][PASSED] - Actual text and expected text of test object 'Object Repository/Specific Cases Repository/LS/Home/Census/Clients Face Sheets/CLients Face Sheets Filters/Page_Client Face Sheets/td_24-11006' are matched.

21-01-2025T14:49:29 - [TEST_STEP][PASSED] - verifyElementText(findTestObject("Object Repository/Specific Cases Repository/LS/Home/Census/Clients Face Sheets/CLients Face Sheets Filters/Page_Client Face Sheets/td_24-11007"), "24-11007"): Actual text and expected text of test object 'Object Repository/Specific Cases Repository/LS/Home/Census/Clients Face Sheets/CLients Face Sheets Filters/Page_Client Face Sheets/td_24-11007' are matched.

21-01-2025T14:49:29 - [MESSAGE][PASSED] - Actual text and expected text of test object 'Object Repository/Specific Cases Repository/LS/Home/Census/Clients Face Sheets/CLients Face Sheets Filters/Page_Client Face Sheets/td_24-11007' are matched.

21-01-2025T14:49:29 - [TEST_STEP][PASSED] - verifyElementNotPresent(findTestObject("Specific Cases Repository/LS/Home/Census/Clients Face Sheets/CLients Face Sheets Filters/Page_Client Face Sheets/td_24-11008"), 0): Web element with id: 'Object Repository/Specific Cases Repository/LS/Home/Census/Clients Face Sheets/CLients Face Sheets Filters/Page_Client Face Sheets/td_24-11008' located by 'By.xpath: //td[normalize-space()='24-11008']' is not present after '30' second(s)

21-01-2025T14:49:29 - [MESSAGE][WARNING] - Timeout '0' is invalid. Using default page load timeout: '30'

21-01-2025T14:49:30 - [MESSAGE][PASSED] - Web element with id: 'Object Repository/Specific Cases Repository/LS/Home/Census/Clients Face Sheets/CLients Face Sheets Filters/Page_Client Face Sheets/td_24-11008' located by 'By.xpath: //td[normalize-space()='24-11008']' is not present after '30' second(s)

21-01-2025T14:49:30 - [TEST_STEP][PASSED] - selectOptionByValue(findTestObject("Object Repository/Specific Cases Repository/LS/Home/Census/Clients Face Sheets/CLients Face Sheets Filters/Page_Client Face Sheets/select_All Units                           _3d629c"), "2", true): All options with value '2' are selected in object 'Object Repository/Specific Cases Repository/LS/Home/Census/Clients Face Sheets/CLients Face Sheets Filters/Page_Client Face Sheets/select_All Units                           _3d629c'  using regular expression

21-01-2025T14:49:30 - [MESSAGE][PASSED] - All options with value '2' are selected in object 'Object Repository/Specific Cases Repository/LS/Home/Census/Clients Face Sheets/CLients Face Sheets Filters/Page_Client Face Sheets/select_All Units                           _3d629c'  using regular expression

21-01-2025T14:49:30 - [TEST_STEP][PASSED] - click(findTestObject("Object Repository/Specific Cases Repository/LS/Home/Census/Clients Face Sheets/CLients Face Sheets Filters/Page_Client Face Sheets/button_Show Data")): Object: 'Object Repository/Specific Cases Repository/LS/Home/Census/Clients Face Sheets/CLients Face Sheets Filters/Page_Client Face Sheets/button_Show Data' is clicked on

21-01-2025T14:49:31 - [MESSAGE][PASSED] - Object: 'Object Repository/Specific Cases Repository/LS/Home/Census/Clients Face Sheets/CLients Face Sheets Filters/Page_Client Face Sheets/button_Show Data' is clicked on

21-01-2025T14:49:31 - [TEST_STEP][PASSED] - verifyElementText(findTestObject("Object Repository/Specific Cases Repository/LS/Home/Census/Clients Face Sheets/CLients Face Sheets Filters/Page_Client Face Sheets/td_24-11008"), "24-11008"): Actual text and expected text of test object 'Object Repository/Specific Cases Repository/LS/Home/Census/Clients Face Sheets/CLients Face Sheets Filters/Page_Client Face Sheets/td_24-11008' are matched.

21-01-2025T14:49:32 - [MESSAGE][PASSED] - Actual text and expected text of test object 'Object Repository/Specific Cases Repository/LS/Home/Census/Clients Face Sheets/CLients Face Sheets Filters/Page_Client Face Sheets/td_24-11008' are matched.

21-01-2025T14:49:32 - [TEST_STEP][PASSED] - verifyElementNotPresent(findTestObject("Specific Cases Repository/LS/Home/Census/Clients Face Sheets/CLients Face Sheets Filters/Page_Client Face Sheets/td_24-11007"), 0): Web element with id: 'Object Repository/Specific Cases Repository/LS/Home/Census/Clients Face Sheets/CLients Face Sheets Filters/Page_Client Face Sheets/td_24-11007' located by 'By.xpath: //td[normalize-space()='24-11007']' is not present after '30' second(s)

21-01-2025T14:49:32 - [MESSAGE][WARNING] - Timeout '0' is invalid. Using default page load timeout: '30'

21-01-2025T14:49:32 - [MESSAGE][PASSED] - Web element with id: 'Object Repository/Specific Cases Repository/LS/Home/Census/Clients Face Sheets/CLients Face Sheets Filters/Page_Client Face Sheets/td_24-11007' located by 'By.xpath: //td[normalize-space()='24-11007']' is not present after '30' second(s)

21-01-2025T14:49:32 - [TEST_STEP][PASSED] - verifyElementNotPresent(findTestObject("Specific Cases Repository/LS/Home/Census/Clients Face Sheets/CLients Face Sheets Filters/Page_Client Face Sheets/td_24-11006"), 0): Web element with id: 'Object Repository/Specific Cases Repository/LS/Home/Census/Clients Face Sheets/CLients Face Sheets Filters/Page_Client Face Sheets/td_24-11006' located by 'By.xpath: //td[normalize-space()='24-11006']' is not present after '30' second(s)

21-01-2025T14:49:32 - [MESSAGE][WARNING] - Timeout '0' is invalid. Using default page load timeout: '30'

21-01-2025T14:49:32 - [MESSAGE][PASSED] - Web element with id: 'Object Repository/Specific Cases Repository/LS/Home/Census/Clients Face Sheets/CLients Face Sheets Filters/Page_Client Face Sheets/td_24-11006' located by 'By.xpath: //td[normalize-space()='24-11006']' is not present after '30' second(s)

21-01-2025T14:49:32 - [TEST_STEP][PASSED] - closeBrowser(): Browser is closed

21-01-2025T14:49:33 - [MESSAGE][PASSED] - Browser is closed]]></system-out>
         <system-err><![CDATA[]]></system-err>
      </testcase>
      <testcase name="Test Cases/Specific Cases/LS/General/Census/Client Face Sheets/Client_Face_Sheets_Search" time="63.52" classname="Test Cases/Specific Cases/LS/General/Census/Client Face Sheets/Client_Face_Sheets_Search" status="FAILED">
         <failure type="FAILED" message="Test Cases/Specific Cases/LS/General/Census/Client Face Sheets/Client_Face_Sheets_Search FAILED.&#xa;Reason:&#xa;com.kms.katalon.core.exception.StepFailedException: Unable to verify object 'Object Repository/Specific Cases Repository/LS/Home/Census/Clients Face Sheets/Clients Face Sheet Search/Page_Client Face Sheets/td_24-11008' is not present&#xa;	at com.kms.katalon.core.webui.keyword.internal.WebUIKeywordMain.stepFailed(WebUIKeywordMain.groovy:117)&#xa;	at com.kms.katalon.core.webui.keyword.internal.WebUIKeywordMain.runKeyword(WebUIKeywordMain.groovy:43)&#xa;	at com.kms.katalon.core.webui.keyword.internal.WebUIKeywordMain$runKeyword.call(Unknown Source)&#xa;	at com.kms.katalon.core.webui.keyword.builtin.VerifyElementNotPresentKeyword.verifyElementNotPresent(VerifyElementNotPresentKeyword.groovy:131)&#xa;	at com.kms.katalon.core.webui.keyword.builtin.VerifyElementNotPresentKeyword.execute(VerifyElementNotPresentKeyword.groovy:69)&#xa;	at com.kms.katalon.core.keyword.internal.KeywordExecutor.executeKeywordForPlatform(KeywordExecutor.groovy:74)&#xa;	at com.kms.katalon.core.webui.keyword.WebUiBuiltInKeywords.verifyElementNotPresent(WebUiBuiltInKeywords.groovy:1536)&#xa;	at Client_Face_Sheets_Search.run(Client_Face_Sheets_Search:85)&#xa;	at com.kms.katalon.core.main.ScriptEngine.run(ScriptEngine.java:194)&#xa;	at com.kms.katalon.core.main.ScriptEngine.runScriptAsRawText(ScriptEngine.java:119)&#xa;	at com.kms.katalon.core.main.TestCaseExecutor.runScript(TestCaseExecutor.java:448)&#xa;	at com.kms.katalon.core.main.TestCaseExecutor.doExecute(TestCaseExecutor.java:439)&#xa;	at com.kms.katalon.core.main.TestCaseExecutor.processExecutionPhase(TestCaseExecutor.java:418)&#xa;	at com.kms.katalon.core.main.TestCaseExecutor.accessMainPhase(TestCaseExecutor.java:410)&#xa;	at com.kms.katalon.core.main.TestCaseExecutor.execute(TestCaseExecutor.java:285)&#xa;	at com.kms.katalon.core.common.CommonExecutor.accessTestCaseMainPhase(CommonExecutor.java:65)&#xa;	at com.kms.katalon.core.main.TestSuiteExecutor.accessTestSuiteMainPhase(TestSuiteExecutor.java:150)&#xa;	at com.kms.katalon.core.main.TestSuiteExecutor.execute(TestSuiteExecutor.java:106)&#xa;	at com.kms.katalon.core.main.TestCaseMain.startTestSuite(TestCaseMain.java:180)&#xa;	at TempTestSuite1737488279906.run(TempTestSuite1737488279906.groovy:35)&#xa;	at java.base/jdk.internal.reflect.NativeMethodAccessorImpl.invoke0(Native Method)&#xa;	at java.base/jdk.internal.reflect.NativeMethodAccessorImpl.invoke(NativeMethodAccessorImpl.java:77)&#xa;	at java.base/jdk.internal.reflect.DelegatingMethodAccessorImpl.invoke(DelegatingMethodAccessorImpl.java:43)&#xa;Caused by: com.kms.katalon.core.exception.StepFailedException: Web element with id: 'Object Repository/Specific Cases Repository/LS/Home/Census/Clients Face Sheets/Clients Face Sheet Search/Page_Client Face Sheets/td_24-11008' located by 'By.xpath: //td[normalize-space()='24-11008']' is present after '30' second(s)&#xa;	at com.kms.katalon.core.webui.keyword.internal.WebUIKeywordMain.stepFailed(WebUIKeywordMain.groovy:117)&#xa;	at com.kms.katalon.core.webui.keyword.internal.WebUIKeywordMain$stepFailed$0.call(Unknown Source)&#xa;	at com.kms.katalon.core.webui.keyword.builtin.VerifyElementNotPresentKeyword$_verifyElementNotPresent_closure1.doCall(VerifyElementNotPresentKeyword.groovy:122)&#xa;	at com.kms.katalon.core.webui.keyword.builtin.VerifyElementNotPresentKeyword$_verifyElementNotPresent_closure1.doCall(VerifyElementNotPresentKeyword.groovy)&#xa;	at jdk.internal.reflect.GeneratedMethodAccessor36.invoke(Unknown Source)&#xa;	at java.base/jdk.internal.reflect.DelegatingMethodAccessorImpl.invoke(DelegatingMethodAccessorImpl.java:43)&#xa;	at com.kms.katalon.core.webui.keyword.internal.WebUIKeywordMain.runKeyword(WebUIKeywordMain.groovy:35)&#xa;	... 21 more&#xa;"/>
         <system-out><![CDATA[21-01-2025T14:49:33 - [TEST_CASE][FAILED] - Test Cases/Specific Cases/LS/General/Census/Client Face Sheets/Client_Face_Sheets_Search: Test Cases/Specific Cases/LS/General/Census/Client Face Sheets/Client_Face_Sheets_Search FAILED.
Reason:
com.kms.katalon.core.exception.StepFailedException: Unable to verify object 'Object Repository/Specific Cases Repository/LS/Home/Census/Clients Face Sheets/Clients Face Sheet Search/Page_Client Face Sheets/td_24-11008' is not present
	at com.kms.katalon.core.webui.keyword.internal.WebUIKeywordMain.stepFailed(WebUIKeywordMain.groovy:117)
	at com.kms.katalon.core.webui.keyword.internal.WebUIKeywordMain.runKeyword(WebUIKeywordMain.groovy:43)
	at com.kms.katalon.core.webui.keyword.internal.WebUIKeywordMain$runKeyword.call(Unknown Source)
	at com.kms.katalon.core.webui.keyword.builtin.VerifyElementNotPresentKeyword.verifyElementNotPresent(VerifyElementNotPresentKeyword.groovy:131)
	at com.kms.katalon.core.webui.keyword.builtin.VerifyElementNotPresentKeyword.execute(VerifyElementNotPresentKeyword.groovy:69)
	at com.kms.katalon.core.keyword.internal.KeywordExecutor.executeKeywordForPlatform(KeywordExecutor.groovy:74)
	at com.kms.katalon.core.webui.keyword.WebUiBuiltInKeywords.verifyElementNotPresent(WebUiBuiltInKeywords.groovy:1536)
	at Client_Face_Sheets_Search.run(Client_Face_Sheets_Search:85)
	at com.kms.katalon.core.main.ScriptEngine.run(ScriptEngine.java:194)
	at com.kms.katalon.core.main.ScriptEngine.runScriptAsRawText(ScriptEngine.java:119)
	at com.kms.katalon.core.main.TestCaseExecutor.runScript(TestCaseExecutor.java:448)
	at com.kms.katalon.core.main.TestCaseExecutor.doExecute(TestCaseExecutor.java:439)
	at com.kms.katalon.core.main.TestCaseExecutor.processExecutionPhase(TestCaseExecutor.java:418)
	at com.kms.katalon.core.main.TestCaseExecutor.accessMainPhase(TestCaseExecutor.java:410)
	at com.kms.katalon.core.main.TestCaseExecutor.execute(TestCaseExecutor.java:285)
	at com.kms.katalon.core.common.CommonExecutor.accessTestCaseMainPhase(CommonExecutor.java:65)
	at com.kms.katalon.core.main.TestSuiteExecutor.accessTestSuiteMainPhase(TestSuiteExecutor.java:150)
	at com.kms.katalon.core.main.TestSuiteExecutor.execute(TestSuiteExecutor.java:106)
	at com.kms.katalon.core.main.TestCaseMain.startTestSuite(TestCaseMain.java:180)
	at TempTestSuite1737488279906.run(TempTestSuite1737488279906.groovy:35)
	at java.base/jdk.internal.reflect.NativeMethodAccessorImpl.invoke0(Native Method)
	at java.base/jdk.internal.reflect.NativeMethodAccessorImpl.invoke(NativeMethodAccessorImpl.java:77)
	at java.base/jdk.internal.reflect.DelegatingMethodAccessorImpl.invoke(DelegatingMethodAccessorImpl.java:43)
Caused by: com.kms.katalon.core.exception.StepFailedException: Web element with id: 'Object Repository/Specific Cases Repository/LS/Home/Census/Clients Face Sheets/Clients Face Sheet Search/Page_Client Face Sheets/td_24-11008' located by 'By.xpath: //td[normalize-space()='24-11008']' is present after '30' second(s)
	at com.kms.katalon.core.webui.keyword.internal.WebUIKeywordMain.stepFailed(WebUIKeywordMain.groovy:117)
	at com.kms.katalon.core.webui.keyword.internal.WebUIKeywordMain$stepFailed$0.call(Unknown Source)
	at com.kms.katalon.core.webui.keyword.builtin.VerifyElementNotPresentKeyword$_verifyElementNotPresent_closure1.doCall(VerifyElementNotPresentKeyword.groovy:122)
	at com.kms.katalon.core.webui.keyword.builtin.VerifyElementNotPresentKeyword$_verifyElementNotPresent_closure1.doCall(VerifyElementNotPresentKeyword.groovy)
	at jdk.internal.reflect.GeneratedMethodAccessor36.invoke(Unknown Source)
	at java.base/jdk.internal.reflect.DelegatingMethodAccessorImpl.invoke(DelegatingMethodAccessorImpl.java:43)
	at com.kms.katalon.core.webui.keyword.internal.WebUIKeywordMain.runKeyword(WebUIKeywordMain.groovy:35)
	... 21 more


21-01-2025T14:49:34 - [TEST_STEP][PASSED] - callTestCase(findTestCase("Common Cases/Login"), [:], STOP_ON_FAILURE): Call Test Case 'Test Cases/Common Cases/Login' successfully

21-01-2025T14:49:34 - [TEST_CASE][PASSED] - Test Cases/Common Cases/Login: Test Cases/Common Cases/Login

21-01-2025T14:49:34 - [TEST_STEP][PASSED] - openBrowser(""): Browser is opened with url: ''

21-01-2025T14:49:34 - [MESSAGE][INFO] - Starting 'Chrome' driver

21-01-2025T14:49:34 - [MESSAGE][INFO] - Action delay is set to 0 milliseconds

21-01-2025T14:49:36 - [MESSAGE][PASSED] - Browser is opened with url: ''

21-01-2025T14:49:36 - [TEST_STEP][PASSED] - maximizeWindow(): Current window maximized

21-01-2025T14:49:36 - [MESSAGE][PASSED] - Current window maximized

21-01-2025T14:49:36 - [TEST_STEP][PASSED] - navigateToUrl("https://site17.lsapp.cloud/auth/login"): Navigate to 'https://site17.lsapp.cloud/auth/login' successfully

21-01-2025T14:49:36 - [MESSAGE][PASSED] - Navigate to 'https://site17.lsapp.cloud/auth/login' successfully

21-01-2025T14:49:36 - [TEST_STEP][PASSED] - setText(findTestObject("Object Repository/Common Cases Repository/Login/Page_Lightning Step/input_Email_email"), "automation@lightningstep.com"): Text 'automation@lightningstep.com' is set on object 'Object Repository/Common Cases Repository/Login/Page_Lightning Step/input_Email_email'

21-01-2025T14:49:41 - [MESSAGE][PASSED] - Text 'automation@lightningstep.com' is set on object 'Object Repository/Common Cases Repository/Login/Page_Lightning Step/input_Email_email'

21-01-2025T14:49:41 - [TEST_STEP][PASSED] - setEncryptedText(findTestObject("Object Repository/Common Cases Repository/Login/Page_Lightning Step/input_Password_password"), "e5N8VHmnhJDITtQaQhDQDw=="): Text ****** has been set on object 'Object Repository/Common Cases Repository/Login/Page_Lightning Step/input_Password_password'

21-01-2025T14:49:41 - [MESSAGE][PASSED] - Text ****** has been set on object 'Object Repository/Common Cases Repository/Login/Page_Lightning Step/input_Password_password'

21-01-2025T14:49:41 - [TEST_STEP][PASSED] - click(findTestObject("Object Repository/Common Cases Repository/Login/Page_Lightning Step/button_Sign in")): Object: 'Object Repository/Common Cases Repository/Login/Page_Lightning Step/button_Sign in' is clicked on

21-01-2025T14:49:48 - [MESSAGE][PASSED] - Object: 'Object Repository/Common Cases Repository/Login/Page_Lightning Step/button_Sign in' is clicked on

21-01-2025T14:49:48 - [MESSAGE][PASSED] - Call Test Case 'Test Cases/Common Cases/Login' successfully

21-01-2025T14:49:48 - [TEST_STEP][PASSED] - click(findTestObject("Object Repository/Specific Cases Repository/LS/Home/Census/Clients Face Sheets/Clients Face Sheet Search/Page_Home/a_Census")): Object: 'Object Repository/Specific Cases Repository/LS/Home/Census/Clients Face Sheets/Clients Face Sheet Search/Page_Home/a_Census' is clicked on

21-01-2025T14:49:49 - [MESSAGE][PASSED] - Object: 'Object Repository/Specific Cases Repository/LS/Home/Census/Clients Face Sheets/Clients Face Sheet Search/Page_Home/a_Census' is clicked on

21-01-2025T14:49:49 - [TEST_STEP][PASSED] - click(findTestObject("Object Repository/Specific Cases Repository/LS/Home/Census/Clients Face Sheets/Clients Face Sheet Search/Page_Home/span_Client Face sheets")): Object: 'Object Repository/Specific Cases Repository/LS/Home/Census/Clients Face Sheets/Clients Face Sheet Search/Page_Home/span_Client Face sheets' is clicked on

21-01-2025T14:49:54 - [MESSAGE][PASSED] - Object: 'Object Repository/Specific Cases Repository/LS/Home/Census/Clients Face Sheets/Clients Face Sheet Search/Page_Home/span_Client Face sheets' is clicked on

21-01-2025T14:49:54 - [TEST_STEP][PASSED] - navigateToUrl("https://site17.lsapp.cloud/report/clientfacesheets"): Navigate to 'https://site17.lsapp.cloud/report/clientfacesheets' successfully

21-01-2025T14:49:57 - [MESSAGE][PASSED] - Navigate to 'https://site17.lsapp.cloud/report/clientfacesheets' successfully

21-01-2025T14:49:57 - [TEST_STEP][PASSED] - click(findTestObject("Object Repository/Specific Cases Repository/LS/Home/Census/Clients Face Sheets/Clients Face Sheet Search/Page_Client Face Sheets/button_Show Data")): Object: 'Object Repository/Specific Cases Repository/LS/Home/Census/Clients Face Sheets/Clients Face Sheet Search/Page_Client Face Sheets/button_Show Data' is clicked on

21-01-2025T14:49:58 - [MESSAGE][PASSED] - Object: 'Object Repository/Specific Cases Repository/LS/Home/Census/Clients Face Sheets/Clients Face Sheet Search/Page_Client Face Sheets/button_Show Data' is clicked on

21-01-2025T14:49:58 - [TEST_STEP][PASSED] - click(findTestObject("Specific Cases Repository/LS/Home/Census/Clients Face Sheets/Clients Face Sheet Search/Page_Client Face Sheets/Patient")): Object: 'Object Repository/Specific Cases Repository/LS/Home/Census/Clients Face Sheets/Clients Face Sheet Search/Page_Client Face Sheets/Patient' is clicked on

21-01-2025T14:49:59 - [MESSAGE][PASSED] - Object: 'Object Repository/Specific Cases Repository/LS/Home/Census/Clients Face Sheets/Clients Face Sheet Search/Page_Client Face Sheets/Patient' is clicked on

21-01-2025T14:49:59 - [TEST_STEP][PASSED] - click(findTestObject("Specific Cases Repository/LS/Home/Census/Clients Face Sheets/Clients Face Sheet Search/Page_Client Face Sheets/li_A Automation, A Client")): Object: 'Object Repository/Specific Cases Repository/LS/Home/Census/Clients Face Sheets/Clients Face Sheet Search/Page_Client Face Sheets/li_A Automation, A Client' is clicked on

21-01-2025T14:49:59 - [MESSAGE][PASSED] - Object: 'Object Repository/Specific Cases Repository/LS/Home/Census/Clients Face Sheets/Clients Face Sheet Search/Page_Client Face Sheets/li_A Automation, A Client' is clicked on

21-01-2025T14:49:59 - [TEST_STEP][PASSED] - verifyElementText(findTestObject("Object Repository/Specific Cases Repository/LS/Home/Census/Clients Face Sheets/Clients Face Sheet Search/Page_Client Face Sheets/td_24-11006"), "24-11006"): Actual text and expected text of test object 'Object Repository/Specific Cases Repository/LS/Home/Census/Clients Face Sheets/Clients Face Sheet Search/Page_Client Face Sheets/td_24-11006' are matched.

21-01-2025T14:49:59 - [MESSAGE][PASSED] - Actual text and expected text of test object 'Object Repository/Specific Cases Repository/LS/Home/Census/Clients Face Sheets/Clients Face Sheet Search/Page_Client Face Sheets/td_24-11006' are matched.

21-01-2025T14:49:59 - [TEST_STEP][PASSED] - verifyElementNotPresent(findTestObject("Specific Cases Repository/LS/Home/Census/Clients Face Sheets/Clients Face Sheet Search/Page_Client Face Sheets/td_24-11007"), 0): Web element with id: 'Object Repository/Specific Cases Repository/LS/Home/Census/Clients Face Sheets/Clients Face Sheet Search/Page_Client Face Sheets/td_24-11007' located by 'By.xpath: //td[normalize-space()='24-11007']' is not present after '30' second(s)

21-01-2025T14:49:59 - [MESSAGE][WARNING] - Timeout '0' is invalid. Using default page load timeout: '30'

21-01-2025T14:50:00 - [MESSAGE][PASSED] - Web element with id: 'Object Repository/Specific Cases Repository/LS/Home/Census/Clients Face Sheets/Clients Face Sheet Search/Page_Client Face Sheets/td_24-11007' located by 'By.xpath: //td[normalize-space()='24-11007']' is not present after '30' second(s)

21-01-2025T14:50:00 - [TEST_STEP][PASSED] - verifyElementNotPresent(findTestObject("Specific Cases Repository/LS/Home/Census/Clients Face Sheets/Clients Face Sheet Search/Page_Client Face Sheets/td_24-11008"), 0): Web element with id: 'Object Repository/Specific Cases Repository/LS/Home/Census/Clients Face Sheets/Clients Face Sheet Search/Page_Client Face Sheets/td_24-11008' located by 'By.xpath: //td[normalize-space()='24-11008']' is not present after '30' second(s)

21-01-2025T14:50:00 - [MESSAGE][WARNING] - Timeout '0' is invalid. Using default page load timeout: '30'

21-01-2025T14:50:00 - [MESSAGE][PASSED] - Web element with id: 'Object Repository/Specific Cases Repository/LS/Home/Census/Clients Face Sheets/Clients Face Sheet Search/Page_Client Face Sheets/td_24-11008' located by 'By.xpath: //td[normalize-space()='24-11008']' is not present after '30' second(s)

21-01-2025T14:50:00 - [TEST_STEP][PASSED] - click(findTestObject("Object Repository/Specific Cases Repository/LS/Home/Census/Clients Face Sheets/Clients Face Sheet Search/Page_Client Face Sheets/ul_A Automation, A Client")): Object: 'Object Repository/Specific Cases Repository/LS/Home/Census/Clients Face Sheets/Clients Face Sheet Search/Page_Client Face Sheets/ul_A Automation, A Client' is clicked on

21-01-2025T14:50:00 - [MESSAGE][PASSED] - Object: 'Object Repository/Specific Cases Repository/LS/Home/Census/Clients Face Sheets/Clients Face Sheet Search/Page_Client Face Sheets/ul_A Automation, A Client' is clicked on

21-01-2025T14:50:00 - [TEST_STEP][PASSED] - click(findTestObject("Specific Cases Repository/LS/Home/Census/Clients Face Sheets/Clients Face Sheet Search/Page_Client Face Sheets/Patient")): Object: 'Object Repository/Specific Cases Repository/LS/Home/Census/Clients Face Sheets/Clients Face Sheet Search/Page_Client Face Sheets/Patient' is clicked on

21-01-2025T14:50:01 - [MESSAGE][PASSED] - Object: 'Object Repository/Specific Cases Repository/LS/Home/Census/Clients Face Sheets/Clients Face Sheet Search/Page_Client Face Sheets/Patient' is clicked on

21-01-2025T14:50:01 - [TEST_STEP][PASSED] - click(findTestObject("Object Repository/Specific Cases Repository/LS/Home/Census/Clients Face Sheets/Clients Face Sheet Search/Page_Client Face Sheets/li_B Automation, B Client")): Object: 'Object Repository/Specific Cases Repository/LS/Home/Census/Clients Face Sheets/Clients Face Sheet Search/Page_Client Face Sheets/li_B Automation, B Client' is clicked on

21-01-2025T14:50:01 - [MESSAGE][PASSED] - Object: 'Object Repository/Specific Cases Repository/LS/Home/Census/Clients Face Sheets/Clients Face Sheet Search/Page_Client Face Sheets/li_B Automation, B Client' is clicked on

21-01-2025T14:50:01 - [TEST_STEP][PASSED] - verifyElementText(findTestObject("Object Repository/Specific Cases Repository/LS/Home/Census/Clients Face Sheets/Clients Face Sheet Search/Page_Client Face Sheets/td_24-11006"), "24-11006"): Actual text and expected text of test object 'Object Repository/Specific Cases Repository/LS/Home/Census/Clients Face Sheets/Clients Face Sheet Search/Page_Client Face Sheets/td_24-11006' are matched.

21-01-2025T14:50:01 - [MESSAGE][PASSED] - Actual text and expected text of test object 'Object Repository/Specific Cases Repository/LS/Home/Census/Clients Face Sheets/Clients Face Sheet Search/Page_Client Face Sheets/td_24-11006' are matched.

21-01-2025T14:50:01 - [TEST_STEP][PASSED] - verifyElementText(findTestObject("Object Repository/Specific Cases Repository/LS/Home/Census/Clients Face Sheets/Clients Face Sheet Search/Page_Client Face Sheets/td_24-11007"), "24-11007"): Actual text and expected text of test object 'Object Repository/Specific Cases Repository/LS/Home/Census/Clients Face Sheets/Clients Face Sheet Search/Page_Client Face Sheets/td_24-11007' are matched.

21-01-2025T14:50:01 - [MESSAGE][PASSED] - Actual text and expected text of test object 'Object Repository/Specific Cases Repository/LS/Home/Census/Clients Face Sheets/Clients Face Sheet Search/Page_Client Face Sheets/td_24-11007' are matched.

21-01-2025T14:50:01 - [TEST_STEP][PASSED] - verifyElementNotPresent(findTestObject("Specific Cases Repository/LS/Home/Census/Clients Face Sheets/Clients Face Sheet Search/Page_Client Face Sheets/td_24-11008"), 0): Web element with id: 'Object Repository/Specific Cases Repository/LS/Home/Census/Clients Face Sheets/Clients Face Sheet Search/Page_Client Face Sheets/td_24-11008' located by 'By.xpath: //td[normalize-space()='24-11008']' is not present after '30' second(s)

21-01-2025T14:50:01 - [MESSAGE][WARNING] - Timeout '0' is invalid. Using default page load timeout: '30'

21-01-2025T14:50:02 - [MESSAGE][PASSED] - Web element with id: 'Object Repository/Specific Cases Repository/LS/Home/Census/Clients Face Sheets/Clients Face Sheet Search/Page_Client Face Sheets/td_24-11008' located by 'By.xpath: //td[normalize-space()='24-11008']' is not present after '30' second(s)

21-01-2025T14:50:02 - [TEST_STEP][PASSED] - click(findTestObject("Object Repository/Specific Cases Repository/LS/Home/Census/Clients Face Sheets/Clients Face Sheet Search/Page_Client Face Sheets/li_C Automation, C Client")): Object: 'Object Repository/Specific Cases Repository/LS/Home/Census/Clients Face Sheets/Clients Face Sheet Search/Page_Client Face Sheets/li_C Automation, C Client' is clicked on

21-01-2025T14:50:02 - [MESSAGE][PASSED] - Object: 'Object Repository/Specific Cases Repository/LS/Home/Census/Clients Face Sheets/Clients Face Sheet Search/Page_Client Face Sheets/li_C Automation, C Client' is clicked on

21-01-2025T14:50:02 - [TEST_STEP][PASSED] - verifyElementText(findTestObject("Object Repository/Specific Cases Repository/LS/Home/Census/Clients Face Sheets/Clients Face Sheet Search/Page_Client Face Sheets/td_24-11006"), "24-11006"): Actual text and expected text of test object 'Object Repository/Specific Cases Repository/LS/Home/Census/Clients Face Sheets/Clients Face Sheet Search/Page_Client Face Sheets/td_24-11006' are matched.

21-01-2025T14:50:03 - [MESSAGE][PASSED] - Actual text and expected text of test object 'Object Repository/Specific Cases Repository/LS/Home/Census/Clients Face Sheets/Clients Face Sheet Search/Page_Client Face Sheets/td_24-11006' are matched.

21-01-2025T14:50:03 - [TEST_STEP][PASSED] - verifyElementText(findTestObject("Object Repository/Specific Cases Repository/LS/Home/Census/Clients Face Sheets/Clients Face Sheet Search/Page_Client Face Sheets/td_24-11007"), "24-11007"): Actual text and expected text of test object 'Object Repository/Specific Cases Repository/LS/Home/Census/Clients Face Sheets/Clients Face Sheet Search/Page_Client Face Sheets/td_24-11007' are matched.

21-01-2025T14:50:03 - [MESSAGE][PASSED] - Actual text and expected text of test object 'Object Repository/Specific Cases Repository/LS/Home/Census/Clients Face Sheets/Clients Face Sheet Search/Page_Client Face Sheets/td_24-11007' are matched.

21-01-2025T14:50:03 - [TEST_STEP][PASSED] - verifyElementText(findTestObject("Object Repository/Specific Cases Repository/LS/Home/Census/Clients Face Sheets/Clients Face Sheet Search/Page_Client Face Sheets/td_24-11008"), "24-11008"): Actual text and expected text of test object 'Object Repository/Specific Cases Repository/LS/Home/Census/Clients Face Sheets/Clients Face Sheet Search/Page_Client Face Sheets/td_24-11008' are matched.

21-01-2025T14:50:03 - [MESSAGE][PASSED] - Actual text and expected text of test object 'Object Repository/Specific Cases Repository/LS/Home/Census/Clients Face Sheets/Clients Face Sheet Search/Page_Client Face Sheets/td_24-11008' are matched.

21-01-2025T14:50:03 - [TEST_STEP][PASSED] - click(findTestObject("Specific Cases Repository/LS/Home/Census/Clients Face Sheets/Clients Face Sheet Search/Page_Client Face Sheets/span_ A")): Object: 'Object Repository/Specific Cases Repository/LS/Home/Census/Clients Face Sheets/Clients Face Sheet Search/Page_Client Face Sheets/span_ A' is clicked on

21-01-2025T14:50:04 - [MESSAGE][PASSED] - Object: 'Object Repository/Specific Cases Repository/LS/Home/Census/Clients Face Sheets/Clients Face Sheet Search/Page_Client Face Sheets/span_ A' is clicked on

21-01-2025T14:50:04 - [TEST_STEP][PASSED] - click(findTestObject("Specific Cases Repository/LS/Home/Census/Clients Face Sheets/Clients Face Sheet Search/Page_Client Face Sheets/span_B")): Object: 'Object Repository/Specific Cases Repository/LS/Home/Census/Clients Face Sheets/Clients Face Sheet Search/Page_Client Face Sheets/span_B' is clicked on

21-01-2025T14:50:04 - [MESSAGE][PASSED] - Object: 'Object Repository/Specific Cases Repository/LS/Home/Census/Clients Face Sheets/Clients Face Sheet Search/Page_Client Face Sheets/span_B' is clicked on

21-01-2025T14:50:04 - [TEST_STEP][PASSED] - click(findTestObject("Specific Cases Repository/LS/Home/Census/Clients Face Sheets/Clients Face Sheet Search/Page_Client Face Sheets/span_C")): Object: 'Object Repository/Specific Cases Repository/LS/Home/Census/Clients Face Sheets/Clients Face Sheet Search/Page_Client Face Sheets/span_C' is clicked on

21-01-2025T14:50:05 - [MESSAGE][PASSED] - Object: 'Object Repository/Specific Cases Repository/LS/Home/Census/Clients Face Sheets/Clients Face Sheet Search/Page_Client Face Sheets/span_C' is clicked on

21-01-2025T14:50:05 - [TEST_STEP][PASSED] - click(findTestObject("Specific Cases Repository/LS/Home/Census/Clients Face Sheets/Clients Face Sheet Search/Page_Client Face Sheets/Unit")): Object: 'Object Repository/Specific Cases Repository/LS/Home/Census/Clients Face Sheets/Clients Face Sheet Search/Page_Client Face Sheets/Unit' is clicked on

21-01-2025T14:50:06 - [MESSAGE][PASSED] - Object: 'Object Repository/Specific Cases Repository/LS/Home/Census/Clients Face Sheets/Clients Face Sheet Search/Page_Client Face Sheets/Unit' is clicked on

21-01-2025T14:50:06 - [TEST_STEP][PASSED] - click(findTestObject("Object Repository/Specific Cases Repository/LS/Home/Census/Clients Face Sheets/Clients Face Sheet Search/Page_Client Face Sheets/li_Mens Residential")): Object: 'Object Repository/Specific Cases Repository/LS/Home/Census/Clients Face Sheets/Clients Face Sheet Search/Page_Client Face Sheets/li_Mens Residential' is clicked on

21-01-2025T14:50:06 - [MESSAGE][PASSED] - Object: 'Object Repository/Specific Cases Repository/LS/Home/Census/Clients Face Sheets/Clients Face Sheet Search/Page_Client Face Sheets/li_Mens Residential' is clicked on

21-01-2025T14:50:06 - [TEST_STEP][PASSED] - verifyElementText(findTestObject("Object Repository/Specific Cases Repository/LS/Home/Census/Clients Face Sheets/Clients Face Sheet Search/Page_Client Face Sheets/td_24-11006"), "24-11006"): Actual text and expected text of test object 'Object Repository/Specific Cases Repository/LS/Home/Census/Clients Face Sheets/Clients Face Sheet Search/Page_Client Face Sheets/td_24-11006' are matched.

21-01-2025T14:50:06 - [MESSAGE][PASSED] - Actual text and expected text of test object 'Object Repository/Specific Cases Repository/LS/Home/Census/Clients Face Sheets/Clients Face Sheet Search/Page_Client Face Sheets/td_24-11006' are matched.

21-01-2025T14:50:06 - [TEST_STEP][PASSED] - verifyElementText(findTestObject("Object Repository/Specific Cases Repository/LS/Home/Census/Clients Face Sheets/Clients Face Sheet Search/Page_Client Face Sheets/td_24-11007"), "24-11007"): Actual text and expected text of test object 'Object Repository/Specific Cases Repository/LS/Home/Census/Clients Face Sheets/Clients Face Sheet Search/Page_Client Face Sheets/td_24-11007' are matched.

21-01-2025T14:50:07 - [MESSAGE][PASSED] - Actual text and expected text of test object 'Object Repository/Specific Cases Repository/LS/Home/Census/Clients Face Sheets/Clients Face Sheet Search/Page_Client Face Sheets/td_24-11007' are matched.

21-01-2025T14:50:07 - [TEST_STEP][FAILED] - verifyElementNotPresent(findTestObject("Specific Cases Repository/LS/Home/Census/Clients Face Sheets/Clients Face Sheet Search/Page_Client Face Sheets/td_24-11008"), 0): Unable to verify object 'Object Repository/Specific Cases Repository/LS/Home/Census/Clients Face Sheets/Clients Face Sheet Search/Page_Client Face Sheets/td_24-11008' is not present (Root cause: com.kms.katalon.core.exception.StepFailedException: Unable to verify object 'Object Repository/Specific Cases Repository/LS/Home/Census/Clients Face Sheets/Clients Face Sheet Search/Page_Client Face Sheets/td_24-11008' is not present
	at com.kms.katalon.core.webui.keyword.internal.WebUIKeywordMain.stepFailed(WebUIKeywordMain.groovy:117)
	at com.kms.katalon.core.webui.keyword.internal.WebUIKeywordMain.runKeyword(WebUIKeywordMain.groovy:43)
	at com.kms.katalon.core.webui.keyword.internal.WebUIKeywordMain$runKeyword.call(Unknown Source)
	at com.kms.katalon.core.webui.keyword.builtin.VerifyElementNotPresentKeyword.verifyElementNotPresent(VerifyElementNotPresentKeyword.groovy:131)
	at com.kms.katalon.core.webui.keyword.builtin.VerifyElementNotPresentKeyword.execute(VerifyElementNotPresentKeyword.groovy:69)
	at com.kms.katalon.core.keyword.internal.KeywordExecutor.executeKeywordForPlatform(KeywordExecutor.groovy:74)
	at com.kms.katalon.core.webui.keyword.WebUiBuiltInKeywords.verifyElementNotPresent(WebUiBuiltInKeywords.groovy:1536)
	at Client_Face_Sheets_Search.run(Client_Face_Sheets_Search:85)
	at com.kms.katalon.core.main.ScriptEngine.run(ScriptEngine.java:194)
	at com.kms.katalon.core.main.ScriptEngine.runScriptAsRawText(ScriptEngine.java:119)
	at com.kms.katalon.core.main.TestCaseExecutor.runScript(TestCaseExecutor.java:448)
	at com.kms.katalon.core.main.TestCaseExecutor.doExecute(TestCaseExecutor.java:439)
	at com.kms.katalon.core.main.TestCaseExecutor.processExecutionPhase(TestCaseExecutor.java:418)
	at com.kms.katalon.core.main.TestCaseExecutor.accessMainPhase(TestCaseExecutor.java:410)
	at com.kms.katalon.core.main.TestCaseExecutor.execute(TestCaseExecutor.java:285)
	at com.kms.katalon.core.common.CommonExecutor.accessTestCaseMainPhase(CommonExecutor.java:65)
	at com.kms.katalon.core.main.TestSuiteExecutor.accessTestSuiteMainPhase(TestSuiteExecutor.java:150)
	at com.kms.katalon.core.main.TestSuiteExecutor.execute(TestSuiteExecutor.java:106)
	at com.kms.katalon.core.main.TestCaseMain.startTestSuite(TestCaseMain.java:180)
	at TempTestSuite1737488279906.run(TempTestSuite1737488279906.groovy:35)
	at java.base/jdk.internal.reflect.NativeMethodAccessorImpl.invoke0(Native Method)
	at java.base/jdk.internal.reflect.NativeMethodAccessorImpl.invoke(NativeMethodAccessorImpl.java:77)
	at java.base/jdk.internal.reflect.DelegatingMethodAccessorImpl.invoke(DelegatingMethodAccessorImpl.java:43)
Caused by: com.kms.katalon.core.exception.StepFailedException: Web element with id: 'Object Repository/Specific Cases Repository/LS/Home/Census/Clients Face Sheets/Clients Face Sheet Search/Page_Client Face Sheets/td_24-11008' located by 'By.xpath: //td[normalize-space()='24-11008']' is present after '30' second(s)
	at com.kms.katalon.core.webui.keyword.internal.WebUIKeywordMain.stepFailed(WebUIKeywordMain.groovy:117)
	at com.kms.katalon.core.webui.keyword.internal.WebUIKeywordMain$stepFailed$0.call(Unknown Source)
	at com.kms.katalon.core.webui.keyword.builtin.VerifyElementNotPresentKeyword$_verifyElementNotPresent_closure1.doCall(VerifyElementNotPresentKeyword.groovy:122)
	at com.kms.katalon.core.webui.keyword.builtin.VerifyElementNotPresentKeyword$_verifyElementNotPresent_closure1.doCall(VerifyElementNotPresentKeyword.groovy)
	at jdk.internal.reflect.GeneratedMethodAccessor36.invoke(Unknown Source)
	at java.base/jdk.internal.reflect.DelegatingMethodAccessorImpl.invoke(DelegatingMethodAccessorImpl.java:43)
	at com.kms.katalon.core.webui.keyword.internal.WebUIKeywordMain.runKeyword(WebUIKeywordMain.groovy:35)
	... 21 more
)

21-01-2025T14:50:07 - [MESSAGE][WARNING] - Timeout '0' is invalid. Using default page load timeout: '30'

21-01-2025T14:50:37 - [MESSAGE][FAILED] - Web element with id: 'Object Repository/Specific Cases Repository/LS/Home/Census/Clients Face Sheets/Clients Face Sheet Search/Page_Client Face Sheets/td_24-11008' located by 'By.xpath: //td[normalize-space()='24-11008']' is present after '30' second(s) (Root cause: com.kms.katalon.core.exception.StepFailedException: Web element with id: 'Object Repository/Specific Cases Repository/LS/Home/Census/Clients Face Sheets/Clients Face Sheet Search/Page_Client Face Sheets/td_24-11008' located by 'By.xpath: //td[normalize-space()='24-11008']' is present after '30' second(s)
	at com.kms.katalon.core.webui.keyword.internal.WebUIKeywordMain.stepFailed(WebUIKeywordMain.groovy:117)
	at com.kms.katalon.core.webui.keyword.internal.WebUIKeywordMain$stepFailed$0.call(Unknown Source)
	at com.kms.katalon.core.webui.keyword.builtin.VerifyElementNotPresentKeyword$_verifyElementNotPresent_closure1.doCall(VerifyElementNotPresentKeyword.groovy:122)
	at com.kms.katalon.core.webui.keyword.builtin.VerifyElementNotPresentKeyword$_verifyElementNotPresent_closure1.doCall(VerifyElementNotPresentKeyword.groovy)
	at jdk.internal.reflect.GeneratedMethodAccessor36.invoke(Unknown Source)
	at java.base/jdk.internal.reflect.DelegatingMethodAccessorImpl.invoke(DelegatingMethodAccessorImpl.java:43)
	at com.kms.katalon.core.webui.keyword.internal.WebUIKeywordMain.runKeyword(WebUIKeywordMain.groovy:35)
	at com.kms.katalon.core.webui.keyword.internal.WebUIKeywordMain$runKeyword.call(Unknown Source)
	at com.kms.katalon.core.webui.keyword.builtin.VerifyElementNotPresentKeyword.verifyElementNotPresent(VerifyElementNotPresentKeyword.groovy:131)
	at com.kms.katalon.core.webui.keyword.builtin.VerifyElementNotPresentKeyword.execute(VerifyElementNotPresentKeyword.groovy:69)
	at com.kms.katalon.core.keyword.internal.KeywordExecutor.executeKeywordForPlatform(KeywordExecutor.groovy:74)
	at com.kms.katalon.core.webui.keyword.WebUiBuiltInKeywords.verifyElementNotPresent(WebUiBuiltInKeywords.groovy:1536)
	at Client_Face_Sheets_Search.run(Client_Face_Sheets_Search:85)
	at com.kms.katalon.core.main.ScriptEngine.run(ScriptEngine.java:194)
	at com.kms.katalon.core.main.ScriptEngine.runScriptAsRawText(ScriptEngine.java:119)
	at com.kms.katalon.core.main.TestCaseExecutor.runScript(TestCaseExecutor.java:448)
	at com.kms.katalon.core.main.TestCaseExecutor.doExecute(TestCaseExecutor.java:439)
	at com.kms.katalon.core.main.TestCaseExecutor.processExecutionPhase(TestCaseExecutor.java:418)
	at com.kms.katalon.core.main.TestCaseExecutor.accessMainPhase(TestCaseExecutor.java:410)
	at com.kms.katalon.core.main.TestCaseExecutor.execute(TestCaseExecutor.java:285)
	at com.kms.katalon.core.common.CommonExecutor.accessTestCaseMainPhase(CommonExecutor.java:65)
	at com.kms.katalon.core.main.TestSuiteExecutor.accessTestSuiteMainPhase(TestSuiteExecutor.java:150)
	at com.kms.katalon.core.main.TestSuiteExecutor.execute(TestSuiteExecutor.java:106)
	at com.kms.katalon.core.main.TestCaseMain.startTestSuite(TestCaseMain.java:180)
	at TempTestSuite1737488279906.run(TempTestSuite1737488279906.groovy:35)
	at java.base/jdk.internal.reflect.NativeMethodAccessorImpl.invoke0(Native Method)
	at java.base/jdk.internal.reflect.NativeMethodAccessorImpl.invoke(NativeMethodAccessorImpl.java:77)
	at java.base/jdk.internal.reflect.DelegatingMethodAccessorImpl.invoke(DelegatingMethodAccessorImpl.java:43)
)
[[ATTACHMENT|C:\\Users\\Enrique\\git\\AUTOMATION_LS\\Reports\\20250121_143756\\LS\\Home\\General\\Census\\20250121_143759\\1737489037163.png]]

21-01-2025T14:50:37 - [MESSAGE][FAILED] - Unable to verify object 'Object Repository/Specific Cases Repository/LS/Home/Census/Clients Face Sheets/Clients Face Sheet Search/Page_Client Face Sheets/td_24-11008' is not present (Root cause: com.kms.katalon.core.exception.StepFailedException: Unable to verify object 'Object Repository/Specific Cases Repository/LS/Home/Census/Clients Face Sheets/Clients Face Sheet Search/Page_Client Face Sheets/td_24-11008' is not present
	at com.kms.katalon.core.webui.keyword.internal.WebUIKeywordMain.stepFailed(WebUIKeywordMain.groovy:117)
	at com.kms.katalon.core.webui.keyword.internal.WebUIKeywordMain.runKeyword(WebUIKeywordMain.groovy:43)
	at com.kms.katalon.core.webui.keyword.internal.WebUIKeywordMain$runKeyword.call(Unknown Source)
	at com.kms.katalon.core.webui.keyword.builtin.VerifyElementNotPresentKeyword.verifyElementNotPresent(VerifyElementNotPresentKeyword.groovy:131)
	at com.kms.katalon.core.webui.keyword.builtin.VerifyElementNotPresentKeyword.execute(VerifyElementNotPresentKeyword.groovy:69)
	at com.kms.katalon.core.keyword.internal.KeywordExecutor.executeKeywordForPlatform(KeywordExecutor.groovy:74)
	at com.kms.katalon.core.webui.keyword.WebUiBuiltInKeywords.verifyElementNotPresent(WebUiBuiltInKeywords.groovy:1536)
	at Client_Face_Sheets_Search.run(Client_Face_Sheets_Search:85)
	at com.kms.katalon.core.main.ScriptEngine.run(ScriptEngine.java:194)
	at com.kms.katalon.core.main.ScriptEngine.runScriptAsRawText(ScriptEngine.java:119)
	at com.kms.katalon.core.main.TestCaseExecutor.runScript(TestCaseExecutor.java:448)
	at com.kms.katalon.core.main.TestCaseExecutor.doExecute(TestCaseExecutor.java:439)
	at com.kms.katalon.core.main.TestCaseExecutor.processExecutionPhase(TestCaseExecutor.java:418)
	at com.kms.katalon.core.main.TestCaseExecutor.accessMainPhase(TestCaseExecutor.java:410)
	at com.kms.katalon.core.main.TestCaseExecutor.execute(TestCaseExecutor.java:285)
	at com.kms.katalon.core.common.CommonExecutor.accessTestCaseMainPhase(CommonExecutor.java:65)
	at com.kms.katalon.core.main.TestSuiteExecutor.accessTestSuiteMainPhase(TestSuiteExecutor.java:150)
	at com.kms.katalon.core.main.TestSuiteExecutor.execute(TestSuiteExecutor.java:106)
	at com.kms.katalon.core.main.TestCaseMain.startTestSuite(TestCaseMain.java:180)
	at TempTestSuite1737488279906.run(TempTestSuite1737488279906.groovy:35)
	at java.base/jdk.internal.reflect.NativeMethodAccessorImpl.invoke0(Native Method)
	at java.base/jdk.internal.reflect.NativeMethodAccessorImpl.invoke(NativeMethodAccessorImpl.java:77)
	at java.base/jdk.internal.reflect.DelegatingMethodAccessorImpl.invoke(DelegatingMethodAccessorImpl.java:43)
Caused by: com.kms.katalon.core.exception.StepFailedException: Web element with id: 'Object Repository/Specific Cases Repository/LS/Home/Census/Clients Face Sheets/Clients Face Sheet Search/Page_Client Face Sheets/td_24-11008' located by 'By.xpath: //td[normalize-space()='24-11008']' is present after '30' second(s)
	at com.kms.katalon.core.webui.keyword.internal.WebUIKeywordMain.stepFailed(WebUIKeywordMain.groovy:117)
	at com.kms.katalon.core.webui.keyword.internal.WebUIKeywordMain$stepFailed$0.call(Unknown Source)
	at com.kms.katalon.core.webui.keyword.builtin.VerifyElementNotPresentKeyword$_verifyElementNotPresent_closure1.doCall(VerifyElementNotPresentKeyword.groovy:122)
	at com.kms.katalon.core.webui.keyword.builtin.VerifyElementNotPresentKeyword$_verifyElementNotPresent_closure1.doCall(VerifyElementNotPresentKeyword.groovy)
	at jdk.internal.reflect.GeneratedMethodAccessor36.invoke(Unknown Source)
	at java.base/jdk.internal.reflect.DelegatingMethodAccessorImpl.invoke(DelegatingMethodAccessorImpl.java:43)
	at com.kms.katalon.core.webui.keyword.internal.WebUIKeywordMain.runKeyword(WebUIKeywordMain.groovy:35)
	... 21 more
)
[[ATTACHMENT|C:\\Users\\Enrique\\git\\AUTOMATION_LS\\Reports\\20250121_143756\\LS\\Home\\General\\Census\\20250121_143759\\1737489037286.png]]]]></system-out>
         <system-err><![CDATA[21-01-2025T14:49:33 - [TEST_CASE][FAILED] - Test Cases/Specific Cases/LS/General/Census/Client Face Sheets/Client_Face_Sheets_Search: Test Cases/Specific Cases/LS/General/Census/Client Face Sheets/Client_Face_Sheets_Search FAILED.
Reason:
com.kms.katalon.core.exception.StepFailedException: Unable to verify object 'Object Repository/Specific Cases Repository/LS/Home/Census/Clients Face Sheets/Clients Face Sheet Search/Page_Client Face Sheets/td_24-11008' is not present
	at com.kms.katalon.core.webui.keyword.internal.WebUIKeywordMain.stepFailed(WebUIKeywordMain.groovy:117)
	at com.kms.katalon.core.webui.keyword.internal.WebUIKeywordMain.runKeyword(WebUIKeywordMain.groovy:43)
	at com.kms.katalon.core.webui.keyword.internal.WebUIKeywordMain$runKeyword.call(Unknown Source)
	at com.kms.katalon.core.webui.keyword.builtin.VerifyElementNotPresentKeyword.verifyElementNotPresent(VerifyElementNotPresentKeyword.groovy:131)
	at com.kms.katalon.core.webui.keyword.builtin.VerifyElementNotPresentKeyword.execute(VerifyElementNotPresentKeyword.groovy:69)
	at com.kms.katalon.core.keyword.internal.KeywordExecutor.executeKeywordForPlatform(KeywordExecutor.groovy:74)
	at com.kms.katalon.core.webui.keyword.WebUiBuiltInKeywords.verifyElementNotPresent(WebUiBuiltInKeywords.groovy:1536)
	at Client_Face_Sheets_Search.run(Client_Face_Sheets_Search:85)
	at com.kms.katalon.core.main.ScriptEngine.run(ScriptEngine.java:194)
	at com.kms.katalon.core.main.ScriptEngine.runScriptAsRawText(ScriptEngine.java:119)
	at com.kms.katalon.core.main.TestCaseExecutor.runScript(TestCaseExecutor.java:448)
	at com.kms.katalon.core.main.TestCaseExecutor.doExecute(TestCaseExecutor.java:439)
	at com.kms.katalon.core.main.TestCaseExecutor.processExecutionPhase(TestCaseExecutor.java:418)
	at com.kms.katalon.core.main.TestCaseExecutor.accessMainPhase(TestCaseExecutor.java:410)
	at com.kms.katalon.core.main.TestCaseExecutor.execute(TestCaseExecutor.java:285)
	at com.kms.katalon.core.common.CommonExecutor.accessTestCaseMainPhase(CommonExecutor.java:65)
	at com.kms.katalon.core.main.TestSuiteExecutor.accessTestSuiteMainPhase(TestSuiteExecutor.java:150)
	at com.kms.katalon.core.main.TestSuiteExecutor.execute(TestSuiteExecutor.java:106)
	at com.kms.katalon.core.main.TestCaseMain.startTestSuite(TestCaseMain.java:180)
	at TempTestSuite1737488279906.run(TempTestSuite1737488279906.groovy:35)
	at java.base/jdk.internal.reflect.NativeMethodAccessorImpl.invoke0(Native Method)
	at java.base/jdk.internal.reflect.NativeMethodAccessorImpl.invoke(NativeMethodAccessorImpl.java:77)
	at java.base/jdk.internal.reflect.DelegatingMethodAccessorImpl.invoke(DelegatingMethodAccessorImpl.java:43)
Caused by: com.kms.katalon.core.exception.StepFailedException: Web element with id: 'Object Repository/Specific Cases Repository/LS/Home/Census/Clients Face Sheets/Clients Face Sheet Search/Page_Client Face Sheets/td_24-11008' located by 'By.xpath: //td[normalize-space()='24-11008']' is present after '30' second(s)
	at com.kms.katalon.core.webui.keyword.internal.WebUIKeywordMain.stepFailed(WebUIKeywordMain.groovy:117)
	at com.kms.katalon.core.webui.keyword.internal.WebUIKeywordMain$stepFailed$0.call(Unknown Source)
	at com.kms.katalon.core.webui.keyword.builtin.VerifyElementNotPresentKeyword$_verifyElementNotPresent_closure1.doCall(VerifyElementNotPresentKeyword.groovy:122)
	at com.kms.katalon.core.webui.keyword.builtin.VerifyElementNotPresentKeyword$_verifyElementNotPresent_closure1.doCall(VerifyElementNotPresentKeyword.groovy)
	at jdk.internal.reflect.GeneratedMethodAccessor36.invoke(Unknown Source)
	at java.base/jdk.internal.reflect.DelegatingMethodAccessorImpl.invoke(DelegatingMethodAccessorImpl.java:43)
	at com.kms.katalon.core.webui.keyword.internal.WebUIKeywordMain.runKeyword(WebUIKeywordMain.groovy:35)
	... 21 more]]></system-err>
      </testcase>
      <system-out><![CDATA[21-01-2025T14:38:46 - [TEST_SUITE][FAILED] - Census: Test Cases/Specific Cases/LS/General/Census/Census/Census_Location_Filter FAILED.
Reason:
com.kms.katalon.core.exception.StepFailedException: Verify element text of test object 'Object Repository/Specific Cases Repository/LS/Home/Census/Census_Filters/Page_Home/Page_Home/td_Cat Treatment Center' FAILED.
	at com.kms.katalon.core.webui.keyword.internal.WebUIKeywordMain.stepFailed(WebUIKeywordMain.groovy:117)
	at com.kms.katalon.core.webui.keyword.internal.WebUIKeywordMain.runKeyword(WebUIKeywordMain.groovy:43)
	at com.kms.katalon.core.webui.keyword.builtin.VerifyElementTextKeyword.verifyElementText(VerifyElementTextKeyword.groovy:72)
	at com.kms.katalon.core.webui.keyword.builtin.VerifyElementTextKeyword.execute(VerifyElementTextKeyword.groovy:40)
	at com.kms.katalon.core.keyword.internal.KeywordExecutor.executeKeywordForPlatform(KeywordExecutor.groovy:74)
	at com.kms.katalon.core.webui.keyword.WebUiBuiltInKeywords.verifyElementText(WebUiBuiltInKeywords.groovy:4835)
	at Census_Location_Filter.run(Census_Location_Filter:40)
	at com.kms.katalon.core.main.ScriptEngine.run(ScriptEngine.java:194)
	at com.kms.katalon.core.main.ScriptEngine.runScriptAsRawText(ScriptEngine.java:119)
	at com.kms.katalon.core.main.TestCaseExecutor.runScript(TestCaseExecutor.java:448)
	at com.kms.katalon.core.main.TestCaseExecutor.doExecute(TestCaseExecutor.java:439)
	at com.kms.katalon.core.main.TestCaseExecutor.processExecutionPhase(TestCaseExecutor.java:418)
	at com.kms.katalon.core.main.TestCaseExecutor.accessMainPhase(TestCaseExecutor.java:410)
	at com.kms.katalon.core.main.TestCaseExecutor.execute(TestCaseExecutor.java:285)
	at com.kms.katalon.core.common.CommonExecutor.accessTestCaseMainPhase(CommonExecutor.java:65)
	at com.kms.katalon.core.main.TestSuiteExecutor.accessTestSuiteMainPhase(TestSuiteExecutor.java:150)
	at com.kms.katalon.core.main.TestSuiteExecutor.execute(TestSuiteExecutor.java:106)
	at com.kms.katalon.core.main.TestCaseMain.startTestSuite(TestCaseMain.java:180)
	at TempTestSuite1737488279906.run(TempTestSuite1737488279906.groovy:35)
	at java.base/jdk.internal.reflect.NativeMethodAccessorImpl.invoke0(Native Method)
	at java.base/jdk.internal.reflect.NativeMethodAccessorImpl.invoke(NativeMethodAccessorImpl.java:77)
	at java.base/jdk.internal.reflect.DelegatingMethodAccessorImpl.invoke(DelegatingMethodAccessorImpl.java:43)
Caused by: com.kms.katalon.core.exception.StepFailedException: Actual text '' and expected text 'Cat Treatment Center' of test object 'Object Repository/Specific Cases Repository/LS/Home/Census/Census_Filters/Page_Home/Page_Home/td_Cat Treatment Center' are NOT matched.
	at com.kms.katalon.core.webui.keyword.internal.WebUIKeywordMain.stepFailed(WebUIKeywordMain.groovy:117)
	at com.kms.katalon.core.webui.keyword.builtin.VerifyElementTextKeyword$_verifyElementText_closure1.doCall(VerifyElementTextKeyword.groovy:57)
	at com.kms.katalon.core.webui.keyword.builtin.VerifyElementTextKeyword$_verifyElementText_closure1.call(VerifyElementTextKeyword.groovy)
	at com.kms.katalon.core.webui.keyword.internal.WebUIKeywordMain.runKeyword(WebUIKeywordMain.groovy:35)
	... 20 more]]></system-out>
      <system-err><![CDATA[21-01-2025T14:38:46 - [TEST_SUITE][FAILED] - Census: Test Cases/Specific Cases/LS/General/Census/Census/Census_Location_Filter FAILED.
Reason:
com.kms.katalon.core.exception.StepFailedException: Verify element text of test object 'Object Repository/Specific Cases Repository/LS/Home/Census/Census_Filters/Page_Home/Page_Home/td_Cat Treatment Center' FAILED.
	at com.kms.katalon.core.webui.keyword.internal.WebUIKeywordMain.stepFailed(WebUIKeywordMain.groovy:117)
	at com.kms.katalon.core.webui.keyword.internal.WebUIKeywordMain.runKeyword(WebUIKeywordMain.groovy:43)
	at com.kms.katalon.core.webui.keyword.builtin.VerifyElementTextKeyword.verifyElementText(VerifyElementTextKeyword.groovy:72)
	at com.kms.katalon.core.webui.keyword.builtin.VerifyElementTextKeyword.execute(VerifyElementTextKeyword.groovy:40)
	at com.kms.katalon.core.keyword.internal.KeywordExecutor.executeKeywordForPlatform(KeywordExecutor.groovy:74)
	at com.kms.katalon.core.webui.keyword.WebUiBuiltInKeywords.verifyElementText(WebUiBuiltInKeywords.groovy:4835)
	at Census_Location_Filter.run(Census_Location_Filter:40)
	at com.kms.katalon.core.main.ScriptEngine.run(ScriptEngine.java:194)
	at com.kms.katalon.core.main.ScriptEngine.runScriptAsRawText(ScriptEngine.java:119)
	at com.kms.katalon.core.main.TestCaseExecutor.runScript(TestCaseExecutor.java:448)
	at com.kms.katalon.core.main.TestCaseExecutor.doExecute(TestCaseExecutor.java:439)
	at com.kms.katalon.core.main.TestCaseExecutor.processExecutionPhase(TestCaseExecutor.java:418)
	at com.kms.katalon.core.main.TestCaseExecutor.accessMainPhase(TestCaseExecutor.java:410)
	at com.kms.katalon.core.main.TestCaseExecutor.execute(TestCaseExecutor.java:285)
	at com.kms.katalon.core.common.CommonExecutor.accessTestCaseMainPhase(CommonExecutor.java:65)
	at com.kms.katalon.core.main.TestSuiteExecutor.accessTestSuiteMainPhase(TestSuiteExecutor.java:150)
	at com.kms.katalon.core.main.TestSuiteExecutor.execute(TestSuiteExecutor.java:106)
	at com.kms.katalon.core.main.TestCaseMain.startTestSuite(TestCaseMain.java:180)
	at TempTestSuite1737488279906.run(TempTestSuite1737488279906.groovy:35)
	at java.base/jdk.internal.reflect.NativeMethodAccessorImpl.invoke0(Native Method)
	at java.base/jdk.internal.reflect.NativeMethodAccessorImpl.invoke(NativeMethodAccessorImpl.java:77)
	at java.base/jdk.internal.reflect.DelegatingMethodAccessorImpl.invoke(DelegatingMethodAccessorImpl.java:43)
Caused by: com.kms.katalon.core.exception.StepFailedException: Actual text '' and expected text 'Cat Treatment Center' of test object 'Object Repository/Specific Cases Repository/LS/Home/Census/Census_Filters/Page_Home/Page_Home/td_Cat Treatment Center' are NOT matched.
	at com.kms.katalon.core.webui.keyword.internal.WebUIKeywordMain.stepFailed(WebUIKeywordMain.groovy:117)
	at com.kms.katalon.core.webui.keyword.builtin.VerifyElementTextKeyword$_verifyElementText_closure1.doCall(VerifyElementTextKeyword.groovy:57)
	at com.kms.katalon.core.webui.keyword.builtin.VerifyElementTextKeyword$_verifyElementText_closure1.call(VerifyElementTextKeyword.groovy)
	at com.kms.katalon.core.webui.keyword.internal.WebUIKeywordMain.runKeyword(WebUIKeywordMain.groovy:35)
	... 20 more]]></system-err>
   </testsuite>
</testsuites>
