<?xml version="1.0" encoding="UTF-8"?>
<testsuites name="Calendar" time="358.652" tests="12" failures="0" errors="0">
   <testsuite name="Calendar" tests="12" failures="0" errors="0" time="358.652" skipped="0" timestamp="27-09-2024T15:52:13" hostname="Enrique - kike" id="Test Suites/Home/Calendar">
      <properties>
         <property name="deviceName" value=""/>
         <property name="devicePlatform"/>
         <property name="logFolder" value="C:\\Users\\Enrique\\git\\AUTOMATION_LS\\Reports\\20240927_155209\\Home\\Calendar\\20240927_155210"/>
         <property name="logFiles" value="C:\\Users\\Enrique\\git\\AUTOMATION_LS\\Reports\\20240927_155209\\Home\\Calendar\\20240927_155210\\execution0.log"/>
         <property name="attachments" value=""/>
         <property name="hostName" value="Enrique - kike"/>
         <property name="os" value="Windows 11 64bit"/>
         <property name="katalonVersion" value="9.7.2.223"/>
         <property name="browser" value="Chrome 129.0.0.0"/>
         <property name="hostAddress" value="192.168.100.147"/>
         <property name="sessionId" value="bf626f422afb9c2e8cf78b4b43cc9495"/>
         <property name="seleniumVersion" value="3.141.59"/>
         <property name="proxyInformation" value="ProxyInformation { proxyOption=NO_PROXY, proxyServerType=HTTP, username=, password=********, proxyServerAddress=, proxyServerPort=0, executionList=&quot;&quot;, isApplyToDesiredCapabilities=true }"/>
         <property name="platform" value="Windows 11"/>
      </properties>
      <testcase name="Test Cases/Specific Cases/LS/General/Calendar/Future Events Creation/Future_Calendar_Appointment" time="31.486" classname="Test Cases/Specific Cases/LS/General/Calendar/Future Events Creation/Future_Calendar_Appointment" status="PASSED">
         <system-out><![CDATA[27-09-2024T15:52:13 - [TEST_CASE][PASSED] - Test Cases/Specific Cases/LS/General/Calendar/Future Events Creation/Future_Calendar_Appointment: Test Cases/Specific Cases/LS/General/Calendar/Future Events Creation/Future_Calendar_Appointment

27-09-2024T15:52:13 - [TEST_STEP][PASSED] - callTestCase(findTestCase("Common Cases/Login"), [:], STOP_ON_FAILURE): Call Test Case 'Test Cases/Common Cases/Login' successfully

27-09-2024T15:52:13 - [TEST_CASE][PASSED] - Test Cases/Common Cases/Login: Test Cases/Common Cases/Login

27-09-2024T15:52:13 - [TEST_STEP][PASSED] - openBrowser(""): Browser is opened with url: ''

27-09-2024T15:52:14 - [MESSAGE][INFO] - Starting 'Chrome' driver

27-09-2024T15:52:14 - [MESSAGE][INFO] - Action delay is set to 0 milliseconds

27-09-2024T15:52:15 - [MESSAGE][PASSED] - Browser is opened with url: ''

27-09-2024T15:52:15 - [TEST_STEP][PASSED] - maximizeWindow(): Current window maximized

27-09-2024T15:52:15 - [MESSAGE][PASSED] - Current window maximized

27-09-2024T15:52:15 - [TEST_STEP][PASSED] - navigateToUrl("https://site17.lsapp.cloud/auth/login"): Navigate to 'https://site17.lsapp.cloud/auth/login' successfully

27-09-2024T15:52:16 - [MESSAGE][PASSED] - Navigate to 'https://site17.lsapp.cloud/auth/login' successfully

27-09-2024T15:52:16 - [TEST_STEP][PASSED] - setText(findTestObject("Object Repository/Common Cases Repository/Login/Page_Lightning Step/input_Email_email"), "automation@lightningstep.com"): Text 'automation@lightningstep.com' is set on object 'Object Repository/Common Cases Repository/Login/Page_Lightning Step/input_Email_email'

27-09-2024T15:52:17 - [MESSAGE][PASSED] - Text 'automation@lightningstep.com' is set on object 'Object Repository/Common Cases Repository/Login/Page_Lightning Step/input_Email_email'

27-09-2024T15:52:17 - [TEST_STEP][PASSED] - setEncryptedText(findTestObject("Object Repository/Common Cases Repository/Login/Page_Lightning Step/input_Password_password"), "e5N8VHmnhJDITtQaQhDQDw=="): Text ****** has been set on object 'Object Repository/Common Cases Repository/Login/Page_Lightning Step/input_Password_password'

27-09-2024T15:52:17 - [MESSAGE][PASSED] - Text ****** has been set on object 'Object Repository/Common Cases Repository/Login/Page_Lightning Step/input_Password_password'

27-09-2024T15:52:17 - [TEST_STEP][PASSED] - click(findTestObject("Object Repository/Common Cases Repository/Login/Page_Lightning Step/button_Sign in")): Object: 'Object Repository/Common Cases Repository/Login/Page_Lightning Step/button_Sign in' is clicked on

27-09-2024T15:52:23 - [MESSAGE][PASSED] - Object: 'Object Repository/Common Cases Repository/Login/Page_Lightning Step/button_Sign in' is clicked on

27-09-2024T15:52:23 - [MESSAGE][PASSED] - Call Test Case 'Test Cases/Common Cases/Login' successfully

27-09-2024T15:52:23 - [TEST_STEP][PASSED] - click(findTestObject("Object Repository/Specific Cases Repository/LS/Calendar/Calendar_Events/Calendar_Events_Creation/Page_Home/a_Calendar")): Object: 'Object Repository/Specific Cases Repository/LS/Calendar/Calendar_Events/Calendar_Events_Creation/Page_Home/a_Calendar' is clicked on

27-09-2024T15:52:26 - [MESSAGE][PASSED] - Object: 'Object Repository/Specific Cases Repository/LS/Calendar/Calendar_Events/Calendar_Events_Creation/Page_Home/a_Calendar' is clicked on

27-09-2024T15:52:26 - [TEST_STEP][PASSED] - click(findTestObject("Object Repository/Specific Cases Repository/LS/Calendar/Calendar_Events/Calendar_Events_Creation/Appointment/Page_Calendar/button_Create new")): Object: 'Object Repository/Specific Cases Repository/LS/Calendar/Calendar_Events/Calendar_Events_Creation/Appointment/Page_Calendar/button_Create new' is clicked on

27-09-2024T15:52:27 - [MESSAGE][PASSED] - Object: 'Object Repository/Specific Cases Repository/LS/Calendar/Calendar_Events/Calendar_Events_Creation/Appointment/Page_Calendar/button_Create new' is clicked on

27-09-2024T15:52:27 - [TEST_STEP][PASSED] - click(findTestObject("Object Repository/Specific Cases Repository/LS/Calendar/Calendar_Events/Calendar_Events_Creation/Appointment/Page_Calendar/label_Appointment")): Object: 'Object Repository/Specific Cases Repository/LS/Calendar/Calendar_Events/Calendar_Events_Creation/Appointment/Page_Calendar/label_Appointment' is clicked on

27-09-2024T15:52:28 - [MESSAGE][PASSED] - Object: 'Object Repository/Specific Cases Repository/LS/Calendar/Calendar_Events/Calendar_Events_Creation/Appointment/Page_Calendar/label_Appointment' is clicked on

27-09-2024T15:52:28 - [TEST_STEP][PASSED] - click(findTestObject("Object Repository/Specific Cases Repository/LS/Calendar/Calendar_Events/Calendar_Events_Creation/Appointment/Page_Calendar/span_Select Client")): Object: 'Object Repository/Specific Cases Repository/LS/Calendar/Calendar_Events/Calendar_Events_Creation/Appointment/Page_Calendar/span_Select Client' is clicked on

27-09-2024T15:52:28 - [MESSAGE][PASSED] - Object: 'Object Repository/Specific Cases Repository/LS/Calendar/Calendar_Events/Calendar_Events_Creation/Appointment/Page_Calendar/span_Select Client' is clicked on

27-09-2024T15:52:28 - [TEST_STEP][PASSED] - setText(findTestObject("Object Repository/Specific Cases Repository/LS/Calendar/Calendar_Events/Calendar_Events_Creation/Appointment/Page_Calendar/Patien Name"), "B Auto"): Text 'B Auto' is set on object 'Object Repository/Specific Cases Repository/LS/Calendar/Calendar_Events/Calendar_Events_Creation/Appointment/Page_Calendar/Patien Name'

27-09-2024T15:52:29 - [MESSAGE][PASSED] - Text 'B Auto' is set on object 'Object Repository/Specific Cases Repository/LS/Calendar/Calendar_Events/Calendar_Events_Creation/Appointment/Page_Calendar/Patien Name'

27-09-2024T15:52:29 - [TEST_STEP][PASSED] - sendKeys(findTestObject("Object Repository/Specific Cases Repository/LS/Calendar/Calendar_Events/Calendar_Events_Creation/Appointment/Page_Calendar/Patien Name"), Keys.chord(ENTER)): Keys 'ENTER + ' sent to object: 'Object Repository/Specific Cases Repository/LS/Calendar/Calendar_Events/Calendar_Events_Creation/Appointment/Page_Calendar/Patien Name'

27-09-2024T15:52:29 - [MESSAGE][PASSED] - Keys 'ENTER + ' sent to object: 'Object Repository/Specific Cases Repository/LS/Calendar/Calendar_Events/Calendar_Events_Creation/Appointment/Page_Calendar/Patien Name'

27-09-2024T15:52:29 - [TEST_STEP][PASSED] - click(findTestObject("Object Repository/Specific Cases Repository/LS/Calendar/Calendar_Events/Calendar_Events_Creation/Appointment/Page_Calendar/span_Select Service")): Object: 'Object Repository/Specific Cases Repository/LS/Calendar/Calendar_Events/Calendar_Events_Creation/Appointment/Page_Calendar/span_Select Service' is clicked on

27-09-2024T15:52:30 - [MESSAGE][PASSED] - Object: 'Object Repository/Specific Cases Repository/LS/Calendar/Calendar_Events/Calendar_Events_Creation/Appointment/Page_Calendar/span_Select Service' is clicked on

27-09-2024T15:52:30 - [TEST_STEP][PASSED] - setText(findTestObject("Object Repository/Specific Cases Repository/LS/Calendar/Calendar_Events/Calendar_Events_Creation/Appointment/Page_Calendar/Patien Name"), "5 "): Text '5 ' is set on object 'Object Repository/Specific Cases Repository/LS/Calendar/Calendar_Events/Calendar_Events_Creation/Appointment/Page_Calendar/Patien Name'

27-09-2024T15:52:31 - [MESSAGE][PASSED] - Text '5 ' is set on object 'Object Repository/Specific Cases Repository/LS/Calendar/Calendar_Events/Calendar_Events_Creation/Appointment/Page_Calendar/Patien Name'

27-09-2024T15:52:31 - [TEST_STEP][PASSED] - sendKeys(findTestObject("Object Repository/Specific Cases Repository/LS/Calendar/Calendar_Events/Calendar_Events_Creation/Appointment/Page_Calendar/Patien Name"), Keys.chord(ENTER)): Keys 'ENTER + ' sent to object: 'Object Repository/Specific Cases Repository/LS/Calendar/Calendar_Events/Calendar_Events_Creation/Appointment/Page_Calendar/Patien Name'

27-09-2024T15:52:32 - [MESSAGE][PASSED] - Keys 'ENTER + ' sent to object: 'Object Repository/Specific Cases Repository/LS/Calendar/Calendar_Events/Calendar_Events_Creation/Appointment/Page_Calendar/Patien Name'

27-09-2024T15:52:32 - [TEST_STEP][PASSED] - click(findTestObject("Object Repository/Specific Cases Repository/LS/Calendar/Calendar_Events/Calendar_Events_Creation/Appointment/Page_Calendar/input_Title_title_")): Object: 'Object Repository/Specific Cases Repository/LS/Calendar/Calendar_Events/Calendar_Events_Creation/Appointment/Page_Calendar/input_Title_title_' is clicked on

27-09-2024T15:52:32 - [MESSAGE][PASSED] - Object: 'Object Repository/Specific Cases Repository/LS/Calendar/Calendar_Events/Calendar_Events_Creation/Appointment/Page_Calendar/input_Title_title_' is clicked on

27-09-2024T15:52:32 - [TEST_STEP][PASSED] - setText(findTestObject("Object Repository/Specific Cases Repository/LS/Calendar/Calendar_Events/Calendar_Events_Creation/Appointment/Page_Calendar/input_Title_title_"), "Future Automation Test with B Automation, B Client MR# 24-11007: 5 Panel Drug Screen"): Text 'Future Automation Test with B Automation, B Client MR# 24-11007: 5 Panel Drug Screen' is set on object 'Object Repository/Specific Cases Repository/LS/Calendar/Calendar_Events/Calendar_Events_Creation/Appointment/Page_Calendar/input_Title_title_'

27-09-2024T15:52:33 - [MESSAGE][PASSED] - Text 'Future Automation Test with B Automation, B Client MR# 24-11007: 5 Panel Drug Screen' is set on object 'Object Repository/Specific Cases Repository/LS/Calendar/Calendar_Events/Calendar_Events_Creation/Appointment/Page_Calendar/input_Title_title_'

27-09-2024T15:52:33 - [TEST_STEP][PASSED] - click(findTestObject("Object Repository/Specific Cases Repository/LS/Calendar/Calendar_Events/Calendar_Events_Creation/Appointment/Page_Calendar/Date")): Object: 'Object Repository/Specific Cases Repository/LS/Calendar/Calendar_Events/Calendar_Events_Creation/Appointment/Page_Calendar/Date' is clicked on

27-09-2024T15:52:33 - [MESSAGE][PASSED] - Object: 'Object Repository/Specific Cases Repository/LS/Calendar/Calendar_Events/Calendar_Events_Creation/Appointment/Page_Calendar/Date' is clicked on

27-09-2024T15:52:33 - [TEST_STEP][PASSED] - setText(findTestObject("Object Repository/Specific Cases Repository/LS/Calendar/Calendar_Events/Calendar_Events_Creation/Appointment/Page_Calendar/Date"), Next_Week_Date): Text '10/04/2024' is set on object 'Object Repository/Specific Cases Repository/LS/Calendar/Calendar_Events/Calendar_Events_Creation/Appointment/Page_Calendar/Date'

27-09-2024T15:52:34 - [MESSAGE][PASSED] - Text '10/04/2024' is set on object 'Object Repository/Specific Cases Repository/LS/Calendar/Calendar_Events/Calendar_Events_Creation/Appointment/Page_Calendar/Date'

27-09-2024T15:52:34 - [TEST_STEP][PASSED] - click(findTestObject("Object Repository/Specific Cases Repository/LS/Calendar/Calendar_Events/Calendar_Events_Creation/Appointment/Page_Calendar/Start Time Clock")): Object: 'Object Repository/Specific Cases Repository/LS/Calendar/Calendar_Events/Calendar_Events_Creation/Appointment/Page_Calendar/Start Time Clock' is clicked on

27-09-2024T15:52:35 - [MESSAGE][PASSED] - Object: 'Object Repository/Specific Cases Repository/LS/Calendar/Calendar_Events/Calendar_Events_Creation/Appointment/Page_Calendar/Start Time Clock' is clicked on

27-09-2024T15:52:35 - [TEST_STEP][PASSED] - setText(findTestObject("Object Repository/Specific Cases Repository/LS/Calendar/Calendar_Events/Calendar_Events_Creation/Appointment/Page_Calendar/Start Time Clock"), "1500"): Text '1500' is set on object 'Object Repository/Specific Cases Repository/LS/Calendar/Calendar_Events/Calendar_Events_Creation/Appointment/Page_Calendar/Start Time Clock'

27-09-2024T15:52:35 - [MESSAGE][PASSED] - Text '1500' is set on object 'Object Repository/Specific Cases Repository/LS/Calendar/Calendar_Events/Calendar_Events_Creation/Appointment/Page_Calendar/Start Time Clock'

27-09-2024T15:52:35 - [TEST_STEP][PASSED] - click(findTestObject("Object Repository/Specific Cases Repository/LS/Calendar/Calendar_Events/Calendar_Events_Creation/Appointment/Page_Calendar/End Time Clock")): Object: 'Object Repository/Specific Cases Repository/LS/Calendar/Calendar_Events/Calendar_Events_Creation/Appointment/Page_Calendar/End Time Clock' is clicked on

27-09-2024T15:52:36 - [MESSAGE][PASSED] - Object: 'Object Repository/Specific Cases Repository/LS/Calendar/Calendar_Events/Calendar_Events_Creation/Appointment/Page_Calendar/End Time Clock' is clicked on

27-09-2024T15:52:36 - [TEST_STEP][PASSED] - setText(findTestObject("Object Repository/Specific Cases Repository/LS/Calendar/Calendar_Events/Calendar_Events_Creation/Appointment/Page_Calendar/End Time Clock"), "1600"): Text '1600' is set on object 'Object Repository/Specific Cases Repository/LS/Calendar/Calendar_Events/Calendar_Events_Creation/Appointment/Page_Calendar/End Time Clock'

27-09-2024T15:52:37 - [MESSAGE][PASSED] - Text '1600' is set on object 'Object Repository/Specific Cases Repository/LS/Calendar/Calendar_Events/Calendar_Events_Creation/Appointment/Page_Calendar/End Time Clock'

27-09-2024T15:52:37 - [TEST_STEP][PASSED] - click(findTestObject("Object Repository/Specific Cases Repository/LS/Calendar/Calendar_Events/Calendar_Events_Creation/Appointment/Page_Calendar/button_Reminder__simple-switch-track")): Object: 'Object Repository/Specific Cases Repository/LS/Calendar/Calendar_Events/Calendar_Events_Creation/Appointment/Page_Calendar/button_Reminder__simple-switch-track' is clicked on

27-09-2024T15:52:38 - [MESSAGE][PASSED] - Object: 'Object Repository/Specific Cases Repository/LS/Calendar/Calendar_Events/Calendar_Events_Creation/Appointment/Page_Calendar/button_Reminder__simple-switch-track' is clicked on

27-09-2024T15:52:38 - [TEST_STEP][PASSED] - setText(findTestObject("Specific Cases Repository/LS/Calendar/Calendar_Events/Calendar_Events_Creation/Event/Page_Calendar/input_Reminder_select2-search__field"), "15"): Text '15' is set on object 'Object Repository/Specific Cases Repository/LS/Calendar/Calendar_Events/Calendar_Events_Creation/Event/Page_Calendar/input_Reminder_select2-search__field'

27-09-2024T15:52:38 - [MESSAGE][PASSED] - Text '15' is set on object 'Object Repository/Specific Cases Repository/LS/Calendar/Calendar_Events/Calendar_Events_Creation/Event/Page_Calendar/input_Reminder_select2-search__field'

27-09-2024T15:52:38 - [TEST_STEP][PASSED] - sendKeys(findTestObject("Specific Cases Repository/LS/Calendar/Calendar_Events/Calendar_Events_Creation/Event/Page_Calendar/input_Reminder_select2-search__field"), Keys.chord(ENTER)): Keys 'ENTER + ' sent to object: 'Object Repository/Specific Cases Repository/LS/Calendar/Calendar_Events/Calendar_Events_Creation/Event/Page_Calendar/input_Reminder_select2-search__field'

27-09-2024T15:52:39 - [MESSAGE][PASSED] - Keys 'ENTER + ' sent to object: 'Object Repository/Specific Cases Repository/LS/Calendar/Calendar_Events/Calendar_Events_Creation/Event/Page_Calendar/input_Reminder_select2-search__field'

27-09-2024T15:52:39 - [TEST_STEP][PASSED] - setText(findTestObject("Object Repository/Specific Cases Repository/LS/Calendar/Calendar_Events/Calendar_Events_Creation/Appointment/Page_Calendar/input_Notes_notes"), "Automation Future Test Note"): Text 'Automation Future Test Note' is set on object 'Object Repository/Specific Cases Repository/LS/Calendar/Calendar_Events/Calendar_Events_Creation/Appointment/Page_Calendar/input_Notes_notes'

27-09-2024T15:52:40 - [MESSAGE][PASSED] - Text 'Automation Future Test Note' is set on object 'Object Repository/Specific Cases Repository/LS/Calendar/Calendar_Events/Calendar_Events_Creation/Appointment/Page_Calendar/input_Notes_notes'

27-09-2024T15:52:40 - [TEST_STEP][PASSED] - scrollToElement(findTestObject("Specific Cases Repository/LS/Calendar/Calendar_Events/Calendar_Events_Creation/Appointment/Page_Calendar/a_Save"), 0): Scroll to object 'Object Repository/Specific Cases Repository/LS/Calendar/Calendar_Events/Calendar_Events_Creation/Appointment/Page_Calendar/a_Save' successfully

27-09-2024T15:52:40 - [MESSAGE][WARNING] - Timeout '0' is invalid. Using default page load timeout: '30'

27-09-2024T15:52:40 - [MESSAGE][PASSED] - Scroll to object 'Object Repository/Specific Cases Repository/LS/Calendar/Calendar_Events/Calendar_Events_Creation/Appointment/Page_Calendar/a_Save' successfully

27-09-2024T15:52:40 - [TEST_STEP][PASSED] - click(findTestObject("Specific Cases Repository/LS/Calendar/Calendar_Events/Calendar_Events_Creation/Appointment/Page_Calendar/a_Save")): Object: 'Object Repository/Specific Cases Repository/LS/Calendar/Calendar_Events/Calendar_Events_Creation/Appointment/Page_Calendar/a_Save' is clicked on

27-09-2024T15:52:40 - [MESSAGE][PASSED] - Object: 'Object Repository/Specific Cases Repository/LS/Calendar/Calendar_Events/Calendar_Events_Creation/Appointment/Page_Calendar/a_Save' is clicked on

27-09-2024T15:52:40 - [TEST_STEP][PASSED] - click(findTestObject("Specific Cases Repository/LS/Calendar/Calendar_Events/Calendar_Events_Creation/Appointment/Page_Calendar/Next Week Arrow")): Object: 'Object Repository/Specific Cases Repository/LS/Calendar/Calendar_Events/Calendar_Events_Creation/Appointment/Page_Calendar/Next Week Arrow' is clicked on

27-09-2024T15:52:40 - [MESSAGE][PASSED] - Object: 'Object Repository/Specific Cases Repository/LS/Calendar/Calendar_Events/Calendar_Events_Creation/Appointment/Page_Calendar/Next Week Arrow' is clicked on

27-09-2024T15:52:40 - [TEST_STEP][PASSED] - scrollToElement(findTestObject("Specific Cases Repository/LS/Calendar/Calendar_Events/Calendar_Events_Creation/Appointment/Page_Calendar/a_Automation Test with A Automation, A Clie_8f5a4c - Future"), 0): Scroll to object 'Object Repository/Specific Cases Repository/LS/Calendar/Calendar_Events/Calendar_Events_Creation/Appointment/Page_Calendar/a_Automation Test with A Automation, A Clie_8f5a4c - Future' successfully

27-09-2024T15:52:40 - [MESSAGE][WARNING] - Timeout '0' is invalid. Using default page load timeout: '30'

27-09-2024T15:52:41 - [MESSAGE][PASSED] - Scroll to object 'Object Repository/Specific Cases Repository/LS/Calendar/Calendar_Events/Calendar_Events_Creation/Appointment/Page_Calendar/a_Automation Test with A Automation, A Clie_8f5a4c - Future' successfully

27-09-2024T15:52:41 - [TEST_STEP][PASSED] - mouseOver(findTestObject("Specific Cases Repository/LS/Calendar/Calendar_Events/Calendar_Events_Creation/Appointment/Page_Calendar/a_Automation Test with A Automation, A Clie_8f5a4c - Future")): Object: 'Object Repository/Specific Cases Repository/LS/Calendar/Calendar_Events/Calendar_Events_Creation/Appointment/Page_Calendar/a_Automation Test with A Automation, A Clie_8f5a4c - Future' is hovered

27-09-2024T15:52:42 - [MESSAGE][PASSED] - Object: 'Object Repository/Specific Cases Repository/LS/Calendar/Calendar_Events/Calendar_Events_Creation/Appointment/Page_Calendar/a_Automation Test with A Automation, A Clie_8f5a4c - Future' is hovered

27-09-2024T15:52:42 - [TEST_STEP][PASSED] - verifyElementText(findTestObject("Specific Cases Repository/LS/Calendar/Calendar_Events/Calendar_Events_Creation/Appointment/Page_Calendar/span_Future Automation Test with B Automation, B"), "Future Automation Test with B Automation, B Client MR# 24-11007: 5 Panel Drug Screen"): Actual text and expected text of test object 'Object Repository/Specific Cases Repository/LS/Calendar/Calendar_Events/Calendar_Events_Creation/Appointment/Page_Calendar/span_Future Automation Test with B Automation, B' are matched.

27-09-2024T15:52:42 - [MESSAGE][PASSED] - Actual text and expected text of test object 'Object Repository/Specific Cases Repository/LS/Calendar/Calendar_Events/Calendar_Events_Creation/Appointment/Page_Calendar/span_Future Automation Test with B Automation, B' are matched.

27-09-2024T15:52:42 - [TEST_STEP][PASSED] - verifyElementText(findTestObject("Object Repository/Specific Cases Repository/LS/Calendar/Calendar_Events/Calendar_Events_Creation/Appointment/Page_Calendar/span_15 minutes before"), "15 minutes before"): Actual text and expected text of test object 'Object Repository/Specific Cases Repository/LS/Calendar/Calendar_Events/Calendar_Events_Creation/Appointment/Page_Calendar/span_15 minutes before' are matched.

27-09-2024T15:52:43 - [MESSAGE][PASSED] - Actual text and expected text of test object 'Object Repository/Specific Cases Repository/LS/Calendar/Calendar_Events/Calendar_Events_Creation/Appointment/Page_Calendar/span_15 minutes before' are matched.

27-09-2024T15:52:43 - [TEST_STEP][PASSED] - click(findTestObject("Specific Cases Repository/LS/Calendar/Calendar_Events/Calendar_Events_Creation/Appointment/Page_Calendar/a_Automation Test with A Automation, A Clie_8f5a4c - Future")): Object: 'Object Repository/Specific Cases Repository/LS/Calendar/Calendar_Events/Calendar_Events_Creation/Appointment/Page_Calendar/a_Automation Test with A Automation, A Clie_8f5a4c - Future' is clicked on

27-09-2024T15:52:43 - [MESSAGE][PASSED] - Object: 'Object Repository/Specific Cases Repository/LS/Calendar/Calendar_Events/Calendar_Events_Creation/Appointment/Page_Calendar/a_Automation Test with A Automation, A Clie_8f5a4c - Future' is clicked on

27-09-2024T15:52:43 - [TEST_STEP][PASSED] - verifyElementText(findTestObject("Object Repository/Specific Cases Repository/LS/Calendar/Calendar_Events/Calendar_Events_Creation/Appointment/Page_Calendar/b_Revise Schedule for"), "Revise Schedule for"): Actual text and expected text of test object 'Object Repository/Specific Cases Repository/LS/Calendar/Calendar_Events/Calendar_Events_Creation/Appointment/Page_Calendar/b_Revise Schedule for' are matched.

27-09-2024T15:52:44 - [MESSAGE][PASSED] - Actual text and expected text of test object 'Object Repository/Specific Cases Repository/LS/Calendar/Calendar_Events/Calendar_Events_Creation/Appointment/Page_Calendar/b_Revise Schedule for' are matched.

27-09-2024T15:52:44 - [TEST_STEP][PASSED] - verifyElementText(findTestObject("Object Repository/Specific Cases Repository/LS/Calendar/Calendar_Events/Calendar_Events_Creation/Appointment/Page_Calendar/a_A Client A Automation"), "B Client B Automation"): Actual text and expected text of test object 'Object Repository/Specific Cases Repository/LS/Calendar/Calendar_Events/Calendar_Events_Creation/Appointment/Page_Calendar/a_A Client A Automation' are matched.

27-09-2024T15:52:44 - [MESSAGE][PASSED] - Actual text and expected text of test object 'Object Repository/Specific Cases Repository/LS/Calendar/Calendar_Events/Calendar_Events_Creation/Appointment/Page_Calendar/a_A Client A Automation' are matched.

27-09-2024T15:52:44 - [TEST_STEP][PASSED] - closeBrowser(): Browser is closed

27-09-2024T15:52:44 - [MESSAGE][PASSED] - Browser is closed]]></system-out>
         <system-err><![CDATA[]]></system-err>
      </testcase>
      <testcase name="Test Cases/Specific Cases/LS/General/Calendar/Future Events Creation/Future_Calendar_Block" time="34.684" classname="Test Cases/Specific Cases/LS/General/Calendar/Future Events Creation/Future_Calendar_Block" status="PASSED">
         <system-out><![CDATA[27-09-2024T15:52:44 - [TEST_CASE][PASSED] - Test Cases/Specific Cases/LS/General/Calendar/Future Events Creation/Future_Calendar_Block: Test Cases/Specific Cases/LS/General/Calendar/Future Events Creation/Future_Calendar_Block

27-09-2024T15:52:45 - [TEST_STEP][PASSED] - callTestCase(findTestCase("Common Cases/Login"), [:], STOP_ON_FAILURE): Call Test Case 'Test Cases/Common Cases/Login' successfully

27-09-2024T15:52:45 - [TEST_CASE][PASSED] - Test Cases/Common Cases/Login: Test Cases/Common Cases/Login

27-09-2024T15:52:45 - [TEST_STEP][PASSED] - openBrowser(""): Browser is opened with url: ''

27-09-2024T15:52:45 - [MESSAGE][INFO] - Starting 'Chrome' driver

27-09-2024T15:52:45 - [MESSAGE][INFO] - Action delay is set to 0 milliseconds

27-09-2024T15:52:45 - [MESSAGE][PASSED] - Browser is opened with url: ''

27-09-2024T15:52:45 - [TEST_STEP][PASSED] - maximizeWindow(): Current window maximized

27-09-2024T15:52:45 - [MESSAGE][PASSED] - Current window maximized

27-09-2024T15:52:45 - [TEST_STEP][PASSED] - navigateToUrl("https://site17.lsapp.cloud/auth/login"): Navigate to 'https://site17.lsapp.cloud/auth/login' successfully

27-09-2024T15:52:47 - [MESSAGE][PASSED] - Navigate to 'https://site17.lsapp.cloud/auth/login' successfully

27-09-2024T15:52:47 - [TEST_STEP][PASSED] - setText(findTestObject("Object Repository/Common Cases Repository/Login/Page_Lightning Step/input_Email_email"), "automation@lightningstep.com"): Text 'automation@lightningstep.com' is set on object 'Object Repository/Common Cases Repository/Login/Page_Lightning Step/input_Email_email'

27-09-2024T15:52:48 - [MESSAGE][PASSED] - Text 'automation@lightningstep.com' is set on object 'Object Repository/Common Cases Repository/Login/Page_Lightning Step/input_Email_email'

27-09-2024T15:52:48 - [TEST_STEP][PASSED] - setEncryptedText(findTestObject("Object Repository/Common Cases Repository/Login/Page_Lightning Step/input_Password_password"), "e5N8VHmnhJDITtQaQhDQDw=="): Text ****** has been set on object 'Object Repository/Common Cases Repository/Login/Page_Lightning Step/input_Password_password'

27-09-2024T15:52:48 - [MESSAGE][PASSED] - Text ****** has been set on object 'Object Repository/Common Cases Repository/Login/Page_Lightning Step/input_Password_password'

27-09-2024T15:52:48 - [TEST_STEP][PASSED] - click(findTestObject("Object Repository/Common Cases Repository/Login/Page_Lightning Step/button_Sign in")): Object: 'Object Repository/Common Cases Repository/Login/Page_Lightning Step/button_Sign in' is clicked on

27-09-2024T15:53:04 - [MESSAGE][PASSED] - Object: 'Object Repository/Common Cases Repository/Login/Page_Lightning Step/button_Sign in' is clicked on

27-09-2024T15:53:04 - [MESSAGE][PASSED] - Call Test Case 'Test Cases/Common Cases/Login' successfully

27-09-2024T15:53:04 - [TEST_STEP][PASSED] - click(findTestObject("Object Repository/Specific Cases Repository/LS/Calendar/Calendar_Events/Calendar_Events_Creation/Block/Page_Home/a_Calendar")): Object: 'Object Repository/Specific Cases Repository/LS/Calendar/Calendar_Events/Calendar_Events_Creation/Block/Page_Home/a_Calendar' is clicked on

27-09-2024T15:53:08 - [MESSAGE][PASSED] - Object: 'Object Repository/Specific Cases Repository/LS/Calendar/Calendar_Events/Calendar_Events_Creation/Block/Page_Home/a_Calendar' is clicked on

27-09-2024T15:53:08 - [TEST_STEP][PASSED] - navigateToUrl("https://site17.lsapp.cloud/calendar"): Navigate to 'https://site17.lsapp.cloud/calendar' successfully

27-09-2024T15:53:09 - [MESSAGE][PASSED] - Navigate to 'https://site17.lsapp.cloud/calendar' successfully

27-09-2024T15:53:09 - [TEST_STEP][PASSED] - click(findTestObject("Object Repository/Specific Cases Repository/LS/Calendar/Calendar_Events/Calendar_Events_Creation/Block/Page_Calendar/button_Create new")): Object: 'Object Repository/Specific Cases Repository/LS/Calendar/Calendar_Events/Calendar_Events_Creation/Block/Page_Calendar/button_Create new' is clicked on

27-09-2024T15:53:10 - [MESSAGE][PASSED] - Object: 'Object Repository/Specific Cases Repository/LS/Calendar/Calendar_Events/Calendar_Events_Creation/Block/Page_Calendar/button_Create new' is clicked on

27-09-2024T15:53:10 - [TEST_STEP][PASSED] - click(findTestObject("Object Repository/Specific Cases Repository/LS/Calendar/Calendar_Events/Calendar_Events_Creation/Block/Page_Calendar/label_Block")): Object: 'Object Repository/Specific Cases Repository/LS/Calendar/Calendar_Events/Calendar_Events_Creation/Block/Page_Calendar/label_Block' is clicked on

27-09-2024T15:53:11 - [MESSAGE][PASSED] - Object: 'Object Repository/Specific Cases Repository/LS/Calendar/Calendar_Events/Calendar_Events_Creation/Block/Page_Calendar/label_Block' is clicked on

27-09-2024T15:53:11 - [TEST_STEP][PASSED] - setText(findTestObject("Object Repository/Specific Cases Repository/LS/Calendar/Calendar_Events/Calendar_Events_Creation/Block/Page_Calendar/input_Title_title_"), "Future Automation Block"): Text 'Future Automation Block' is set on object 'Object Repository/Specific Cases Repository/LS/Calendar/Calendar_Events/Calendar_Events_Creation/Block/Page_Calendar/input_Title_title_'

27-09-2024T15:53:12 - [MESSAGE][PASSED] - Text 'Future Automation Block' is set on object 'Object Repository/Specific Cases Repository/LS/Calendar/Calendar_Events/Calendar_Events_Creation/Block/Page_Calendar/input_Title_title_'

27-09-2024T15:53:12 - [TEST_STEP][PASSED] - click(findTestObject("Object Repository/Specific Cases Repository/LS/Calendar/Calendar_Events/Calendar_Events_Creation/Appointment/Page_Calendar/Date")): Object: 'Object Repository/Specific Cases Repository/LS/Calendar/Calendar_Events/Calendar_Events_Creation/Appointment/Page_Calendar/Date' is clicked on

27-09-2024T15:53:12 - [MESSAGE][PASSED] - Object: 'Object Repository/Specific Cases Repository/LS/Calendar/Calendar_Events/Calendar_Events_Creation/Appointment/Page_Calendar/Date' is clicked on

27-09-2024T15:53:12 - [TEST_STEP][PASSED] - setText(findTestObject("Object Repository/Specific Cases Repository/LS/Calendar/Calendar_Events/Calendar_Events_Creation/Appointment/Page_Calendar/Date"), Next_Week_Date): Text '10/04/2024' is set on object 'Object Repository/Specific Cases Repository/LS/Calendar/Calendar_Events/Calendar_Events_Creation/Appointment/Page_Calendar/Date'

27-09-2024T15:53:13 - [MESSAGE][PASSED] - Text '10/04/2024' is set on object 'Object Repository/Specific Cases Repository/LS/Calendar/Calendar_Events/Calendar_Events_Creation/Appointment/Page_Calendar/Date'

27-09-2024T15:53:13 - [TEST_STEP][PASSED] - click(findTestObject("Object Repository/Specific Cases Repository/LS/Calendar/Calendar_Events/Calendar_Events_Creation/Appointment/Page_Calendar/Start Time Clock")): Object: 'Object Repository/Specific Cases Repository/LS/Calendar/Calendar_Events/Calendar_Events_Creation/Appointment/Page_Calendar/Start Time Clock' is clicked on

27-09-2024T15:53:14 - [MESSAGE][PASSED] - Object: 'Object Repository/Specific Cases Repository/LS/Calendar/Calendar_Events/Calendar_Events_Creation/Appointment/Page_Calendar/Start Time Clock' is clicked on

27-09-2024T15:53:14 - [TEST_STEP][PASSED] - setText(findTestObject("Object Repository/Specific Cases Repository/LS/Calendar/Calendar_Events/Calendar_Events_Creation/Appointment/Page_Calendar/Start Time Clock"), "1600"): Text '1600' is set on object 'Object Repository/Specific Cases Repository/LS/Calendar/Calendar_Events/Calendar_Events_Creation/Appointment/Page_Calendar/Start Time Clock'

27-09-2024T15:53:14 - [MESSAGE][PASSED] - Text '1600' is set on object 'Object Repository/Specific Cases Repository/LS/Calendar/Calendar_Events/Calendar_Events_Creation/Appointment/Page_Calendar/Start Time Clock'

27-09-2024T15:53:14 - [TEST_STEP][PASSED] - click(findTestObject("Object Repository/Specific Cases Repository/LS/Calendar/Calendar_Events/Calendar_Events_Creation/Block/Page_Calendar/div_Schedule                               _3f20bf")): Object: 'Object Repository/Specific Cases Repository/LS/Calendar/Calendar_Events/Calendar_Events_Creation/Block/Page_Calendar/div_Schedule                               _3f20bf' is clicked on

27-09-2024T15:53:15 - [MESSAGE][PASSED] - Object: 'Object Repository/Specific Cases Repository/LS/Calendar/Calendar_Events/Calendar_Events_Creation/Block/Page_Calendar/div_Schedule                               _3f20bf' is clicked on

27-09-2024T15:53:15 - [TEST_STEP][PASSED] - click(findTestObject("Object Repository/Specific Cases Repository/LS/Calendar/Calendar_Events/Calendar_Events_Creation/Block/Page_Calendar/button_Reminder__simple-switch-track")): Object: 'Object Repository/Specific Cases Repository/LS/Calendar/Calendar_Events/Calendar_Events_Creation/Block/Page_Calendar/button_Reminder__simple-switch-track' is clicked on

27-09-2024T15:53:15 - [MESSAGE][PASSED] - Object: 'Object Repository/Specific Cases Repository/LS/Calendar/Calendar_Events/Calendar_Events_Creation/Block/Page_Calendar/button_Reminder__simple-switch-track' is clicked on

27-09-2024T15:53:15 - [TEST_STEP][PASSED] - setText(findTestObject("Object Repository/Specific Cases Repository/LS/Calendar/Calendar_Events/Calendar_Events_Creation/Block/Page_Calendar/input_Reminder_select2-search__field"), "45"): Text '45' is set on object 'Object Repository/Specific Cases Repository/LS/Calendar/Calendar_Events/Calendar_Events_Creation/Block/Page_Calendar/input_Reminder_select2-search__field'

27-09-2024T15:53:16 - [MESSAGE][PASSED] - Text '45' is set on object 'Object Repository/Specific Cases Repository/LS/Calendar/Calendar_Events/Calendar_Events_Creation/Block/Page_Calendar/input_Reminder_select2-search__field'

27-09-2024T15:53:16 - [TEST_STEP][PASSED] - sendKeys(findTestObject("Object Repository/Specific Cases Repository/LS/Calendar/Calendar_Events/Calendar_Events_Creation/Block/Page_Calendar/input_Reminder_select2-search__field"), Keys.chord(ENTER)): Keys 'ENTER + ' sent to object: 'Object Repository/Specific Cases Repository/LS/Calendar/Calendar_Events/Calendar_Events_Creation/Block/Page_Calendar/input_Reminder_select2-search__field'

27-09-2024T15:53:16 - [MESSAGE][PASSED] - Keys 'ENTER + ' sent to object: 'Object Repository/Specific Cases Repository/LS/Calendar/Calendar_Events/Calendar_Events_Creation/Block/Page_Calendar/input_Reminder_select2-search__field'

27-09-2024T15:53:16 - [TEST_STEP][PASSED] - setText(findTestObject("Object Repository/Specific Cases Repository/LS/Calendar/Calendar_Events/Calendar_Events_Creation/Block/Page_Calendar/input_Notes_notes"), "Future Automation Block Note"): Text 'Future Automation Block Note' is set on object 'Object Repository/Specific Cases Repository/LS/Calendar/Calendar_Events/Calendar_Events_Creation/Block/Page_Calendar/input_Notes_notes'

27-09-2024T15:53:17 - [MESSAGE][PASSED] - Text 'Future Automation Block Note' is set on object 'Object Repository/Specific Cases Repository/LS/Calendar/Calendar_Events/Calendar_Events_Creation/Block/Page_Calendar/input_Notes_notes'

27-09-2024T15:53:17 - [TEST_STEP][PASSED] - click(findTestObject("Object Repository/Specific Cases Repository/LS/Calendar/Calendar_Events/Calendar_Events_Creation/Block/Page_Calendar/a_Save")): Object: 'Object Repository/Specific Cases Repository/LS/Calendar/Calendar_Events/Calendar_Events_Creation/Block/Page_Calendar/a_Save' is clicked on

27-09-2024T15:53:17 - [MESSAGE][PASSED] - Object: 'Object Repository/Specific Cases Repository/LS/Calendar/Calendar_Events/Calendar_Events_Creation/Block/Page_Calendar/a_Save' is clicked on

27-09-2024T15:53:17 - [TEST_STEP][PASSED] - click(findTestObject("Specific Cases Repository/LS/Calendar/Calendar_Events/Calendar_Events_Creation/Appointment/Page_Calendar/Next Week Arrow")): Object: 'Object Repository/Specific Cases Repository/LS/Calendar/Calendar_Events/Calendar_Events_Creation/Appointment/Page_Calendar/Next Week Arrow' is clicked on

27-09-2024T15:53:18 - [MESSAGE][PASSED] - Object: 'Object Repository/Specific Cases Repository/LS/Calendar/Calendar_Events/Calendar_Events_Creation/Appointment/Page_Calendar/Next Week Arrow' is clicked on

27-09-2024T15:53:18 - [TEST_STEP][PASSED] - mouseOver(findTestObject("Specific Cases Repository/LS/Calendar/Calendar_Events/Calendar_Events_Creation/Block/Page_Calendar/a_Blocked for Automation Block - Future")): Object: 'Object Repository/Specific Cases Repository/LS/Calendar/Calendar_Events/Calendar_Events_Creation/Block/Page_Calendar/a_Blocked for Automation Block - Future' is hovered

27-09-2024T15:53:18 - [MESSAGE][PASSED] - Object: 'Object Repository/Specific Cases Repository/LS/Calendar/Calendar_Events/Calendar_Events_Creation/Block/Page_Calendar/a_Blocked for Automation Block - Future' is hovered

27-09-2024T15:53:18 - [TEST_STEP][PASSED] - verifyElementText(findTestObject("Specific Cases Repository/LS/Calendar/Calendar_Events/Calendar_Events_Creation/Block/Page_Calendar/span_Blocked for Future Automation Block"), "Blocked for: Future Automation Block"): Actual text and expected text of test object 'Object Repository/Specific Cases Repository/LS/Calendar/Calendar_Events/Calendar_Events_Creation/Block/Page_Calendar/span_Blocked for Future Automation Block' are matched.

27-09-2024T15:53:19 - [MESSAGE][PASSED] - Actual text and expected text of test object 'Object Repository/Specific Cases Repository/LS/Calendar/Calendar_Events/Calendar_Events_Creation/Block/Page_Calendar/span_Blocked for Future Automation Block' are matched.

27-09-2024T15:53:19 - [TEST_STEP][PASSED] - verifyElementText(findTestObject("Object Repository/Specific Cases Repository/LS/Calendar/Calendar_Events/Calendar_Events_Creation/Block/Page_Calendar/span_45 minutes before"), "45 minutes before"): Actual text and expected text of test object 'Object Repository/Specific Cases Repository/LS/Calendar/Calendar_Events/Calendar_Events_Creation/Block/Page_Calendar/span_45 minutes before' are matched.

27-09-2024T15:53:19 - [MESSAGE][PASSED] - Actual text and expected text of test object 'Object Repository/Specific Cases Repository/LS/Calendar/Calendar_Events/Calendar_Events_Creation/Block/Page_Calendar/span_45 minutes before' are matched.

27-09-2024T15:53:19 - [TEST_STEP][PASSED] - closeBrowser(): Browser is closed

27-09-2024T15:53:19 - [MESSAGE][PASSED] - Browser is closed]]></system-out>
         <system-err><![CDATA[]]></system-err>
      </testcase>
      <testcase name="Test Cases/Specific Cases/LS/General/Calendar/Future Events Creation/Future_Calendar_Event" time="25.178" classname="Test Cases/Specific Cases/LS/General/Calendar/Future Events Creation/Future_Calendar_Event" status="PASSED">
         <system-out><![CDATA[27-09-2024T15:53:19 - [TEST_CASE][PASSED] - Test Cases/Specific Cases/LS/General/Calendar/Future Events Creation/Future_Calendar_Event: Test Cases/Specific Cases/LS/General/Calendar/Future Events Creation/Future_Calendar_Event

27-09-2024T15:53:19 - [TEST_STEP][PASSED] - callTestCase(findTestCase("Common Cases/Login"), [:], STOP_ON_FAILURE): Call Test Case 'Test Cases/Common Cases/Login' successfully

27-09-2024T15:53:19 - [TEST_CASE][PASSED] - Test Cases/Common Cases/Login: Test Cases/Common Cases/Login

27-09-2024T15:53:19 - [TEST_STEP][PASSED] - openBrowser(""): Browser is opened with url: ''

27-09-2024T15:53:19 - [MESSAGE][INFO] - Starting 'Chrome' driver

27-09-2024T15:53:19 - [MESSAGE][INFO] - Action delay is set to 0 milliseconds

27-09-2024T15:53:20 - [MESSAGE][PASSED] - Browser is opened with url: ''

27-09-2024T15:53:20 - [TEST_STEP][PASSED] - maximizeWindow(): Current window maximized

27-09-2024T15:53:20 - [MESSAGE][PASSED] - Current window maximized

27-09-2024T15:53:20 - [TEST_STEP][PASSED] - navigateToUrl("https://site17.lsapp.cloud/auth/login"): Navigate to 'https://site17.lsapp.cloud/auth/login' successfully

27-09-2024T15:53:21 - [MESSAGE][PASSED] - Navigate to 'https://site17.lsapp.cloud/auth/login' successfully

27-09-2024T15:53:21 - [TEST_STEP][PASSED] - setText(findTestObject("Object Repository/Common Cases Repository/Login/Page_Lightning Step/input_Email_email"), "automation@lightningstep.com"): Text 'automation@lightningstep.com' is set on object 'Object Repository/Common Cases Repository/Login/Page_Lightning Step/input_Email_email'

27-09-2024T15:53:22 - [MESSAGE][PASSED] - Text 'automation@lightningstep.com' is set on object 'Object Repository/Common Cases Repository/Login/Page_Lightning Step/input_Email_email'

27-09-2024T15:53:22 - [TEST_STEP][PASSED] - setEncryptedText(findTestObject("Object Repository/Common Cases Repository/Login/Page_Lightning Step/input_Password_password"), "e5N8VHmnhJDITtQaQhDQDw=="): Text ****** has been set on object 'Object Repository/Common Cases Repository/Login/Page_Lightning Step/input_Password_password'

27-09-2024T15:53:23 - [MESSAGE][PASSED] - Text ****** has been set on object 'Object Repository/Common Cases Repository/Login/Page_Lightning Step/input_Password_password'

27-09-2024T15:53:23 - [TEST_STEP][PASSED] - click(findTestObject("Object Repository/Common Cases Repository/Login/Page_Lightning Step/button_Sign in")): Object: 'Object Repository/Common Cases Repository/Login/Page_Lightning Step/button_Sign in' is clicked on

27-09-2024T15:53:28 - [MESSAGE][PASSED] - Object: 'Object Repository/Common Cases Repository/Login/Page_Lightning Step/button_Sign in' is clicked on

27-09-2024T15:53:28 - [MESSAGE][PASSED] - Call Test Case 'Test Cases/Common Cases/Login' successfully

27-09-2024T15:53:28 - [TEST_STEP][PASSED] - click(findTestObject("Object Repository/Specific Cases Repository/LS/Calendar/Calendar_Events/Calendar_Events_Creation/Event/Page_Home/a_Calendar")): Object: 'Object Repository/Specific Cases Repository/LS/Calendar/Calendar_Events/Calendar_Events_Creation/Event/Page_Home/a_Calendar' is clicked on

27-09-2024T15:53:31 - [MESSAGE][PASSED] - Object: 'Object Repository/Specific Cases Repository/LS/Calendar/Calendar_Events/Calendar_Events_Creation/Event/Page_Home/a_Calendar' is clicked on

27-09-2024T15:53:31 - [TEST_STEP][PASSED] - navigateToUrl("https://site17.lsapp.cloud/calendar"): Navigate to 'https://site17.lsapp.cloud/calendar' successfully

27-09-2024T15:53:33 - [MESSAGE][PASSED] - Navigate to 'https://site17.lsapp.cloud/calendar' successfully

27-09-2024T15:53:33 - [TEST_STEP][PASSED] - click(findTestObject("Object Repository/Specific Cases Repository/LS/Calendar/Calendar_Events/Calendar_Events_Creation/Event/Page_Calendar/button_Create new")): Object: 'Object Repository/Specific Cases Repository/LS/Calendar/Calendar_Events/Calendar_Events_Creation/Event/Page_Calendar/button_Create new' is clicked on

27-09-2024T15:53:33 - [MESSAGE][PASSED] - Object: 'Object Repository/Specific Cases Repository/LS/Calendar/Calendar_Events/Calendar_Events_Creation/Event/Page_Calendar/button_Create new' is clicked on

27-09-2024T15:53:33 - [TEST_STEP][PASSED] - click(findTestObject("Object Repository/Specific Cases Repository/LS/Calendar/Calendar_Events/Calendar_Events_Creation/Event/Page_Calendar/label_Event")): Object: 'Object Repository/Specific Cases Repository/LS/Calendar/Calendar_Events/Calendar_Events_Creation/Event/Page_Calendar/label_Event' is clicked on

27-09-2024T15:53:34 - [MESSAGE][PASSED] - Object: 'Object Repository/Specific Cases Repository/LS/Calendar/Calendar_Events/Calendar_Events_Creation/Event/Page_Calendar/label_Event' is clicked on

27-09-2024T15:53:34 - [TEST_STEP][PASSED] - setText(findTestObject("Object Repository/Specific Cases Repository/LS/Calendar/Calendar_Events/Calendar_Events_Creation/Event/Page_Calendar/input_Title_title_"), "Future Automation Event"): Text 'Future Automation Event' is set on object 'Object Repository/Specific Cases Repository/LS/Calendar/Calendar_Events/Calendar_Events_Creation/Event/Page_Calendar/input_Title_title_'

27-09-2024T15:53:35 - [MESSAGE][PASSED] - Text 'Future Automation Event' is set on object 'Object Repository/Specific Cases Repository/LS/Calendar/Calendar_Events/Calendar_Events_Creation/Event/Page_Calendar/input_Title_title_'

27-09-2024T15:53:35 - [TEST_STEP][PASSED] - click(findTestObject("Object Repository/Specific Cases Repository/LS/Calendar/Calendar_Events/Calendar_Events_Creation/Appointment/Page_Calendar/Date")): Object: 'Object Repository/Specific Cases Repository/LS/Calendar/Calendar_Events/Calendar_Events_Creation/Appointment/Page_Calendar/Date' is clicked on

27-09-2024T15:53:35 - [MESSAGE][PASSED] - Object: 'Object Repository/Specific Cases Repository/LS/Calendar/Calendar_Events/Calendar_Events_Creation/Appointment/Page_Calendar/Date' is clicked on

27-09-2024T15:53:35 - [TEST_STEP][PASSED] - setText(findTestObject("Object Repository/Specific Cases Repository/LS/Calendar/Calendar_Events/Calendar_Events_Creation/Appointment/Page_Calendar/Date"), Next_Week_Date): Text '10/04/2024' is set on object 'Object Repository/Specific Cases Repository/LS/Calendar/Calendar_Events/Calendar_Events_Creation/Appointment/Page_Calendar/Date'

27-09-2024T15:53:36 - [MESSAGE][PASSED] - Text '10/04/2024' is set on object 'Object Repository/Specific Cases Repository/LS/Calendar/Calendar_Events/Calendar_Events_Creation/Appointment/Page_Calendar/Date'

27-09-2024T15:53:36 - [TEST_STEP][PASSED] - click(findTestObject("Object Repository/Specific Cases Repository/LS/Calendar/Calendar_Events/Calendar_Events_Creation/Appointment/Page_Calendar/Start Time Clock")): Object: 'Object Repository/Specific Cases Repository/LS/Calendar/Calendar_Events/Calendar_Events_Creation/Appointment/Page_Calendar/Start Time Clock' is clicked on

27-09-2024T15:53:37 - [MESSAGE][PASSED] - Object: 'Object Repository/Specific Cases Repository/LS/Calendar/Calendar_Events/Calendar_Events_Creation/Appointment/Page_Calendar/Start Time Clock' is clicked on

27-09-2024T15:53:37 - [TEST_STEP][PASSED] - setText(findTestObject("Object Repository/Specific Cases Repository/LS/Calendar/Calendar_Events/Calendar_Events_Creation/Appointment/Page_Calendar/Start Time Clock"), "1400"): Text '1400' is set on object 'Object Repository/Specific Cases Repository/LS/Calendar/Calendar_Events/Calendar_Events_Creation/Appointment/Page_Calendar/Start Time Clock'

27-09-2024T15:53:37 - [MESSAGE][PASSED] - Text '1400' is set on object 'Object Repository/Specific Cases Repository/LS/Calendar/Calendar_Events/Calendar_Events_Creation/Appointment/Page_Calendar/Start Time Clock'

27-09-2024T15:53:37 - [TEST_STEP][PASSED] - click(findTestObject("Object Repository/Specific Cases Repository/LS/Calendar/Calendar_Events/Calendar_Events_Creation/Event/Page_Calendar/div_Schedule                               _3f20bf")): Object: 'Object Repository/Specific Cases Repository/LS/Calendar/Calendar_Events/Calendar_Events_Creation/Event/Page_Calendar/div_Schedule                               _3f20bf' is clicked on

27-09-2024T15:53:38 - [MESSAGE][PASSED] - Object: 'Object Repository/Specific Cases Repository/LS/Calendar/Calendar_Events/Calendar_Events_Creation/Event/Page_Calendar/div_Schedule                               _3f20bf' is clicked on

27-09-2024T15:53:38 - [TEST_STEP][PASSED] - click(findTestObject("Object Repository/Specific Cases Repository/LS/Calendar/Calendar_Events/Calendar_Events_Creation/Event/Page_Calendar/button_Reminder__simple-switch-track")): Object: 'Object Repository/Specific Cases Repository/LS/Calendar/Calendar_Events/Calendar_Events_Creation/Event/Page_Calendar/button_Reminder__simple-switch-track' is clicked on

27-09-2024T15:53:38 - [MESSAGE][PASSED] - Object: 'Object Repository/Specific Cases Repository/LS/Calendar/Calendar_Events/Calendar_Events_Creation/Event/Page_Calendar/button_Reminder__simple-switch-track' is clicked on

27-09-2024T15:53:38 - [TEST_STEP][PASSED] - setText(findTestObject("Object Repository/Specific Cases Repository/LS/Calendar/Calendar_Events/Calendar_Events_Creation/Event/Page_Calendar/input_Reminder_select2-search__field"), "15"): Text '15' is set on object 'Object Repository/Specific Cases Repository/LS/Calendar/Calendar_Events/Calendar_Events_Creation/Event/Page_Calendar/input_Reminder_select2-search__field'

27-09-2024T15:53:39 - [MESSAGE][PASSED] - Text '15' is set on object 'Object Repository/Specific Cases Repository/LS/Calendar/Calendar_Events/Calendar_Events_Creation/Event/Page_Calendar/input_Reminder_select2-search__field'

27-09-2024T15:53:39 - [TEST_STEP][PASSED] - sendKeys(findTestObject("Object Repository/Specific Cases Repository/LS/Calendar/Calendar_Events/Calendar_Events_Creation/Event/Page_Calendar/input_Reminder_select2-search__field"), Keys.chord(ENTER)): Keys 'ENTER + ' sent to object: 'Object Repository/Specific Cases Repository/LS/Calendar/Calendar_Events/Calendar_Events_Creation/Event/Page_Calendar/input_Reminder_select2-search__field'

27-09-2024T15:53:39 - [MESSAGE][PASSED] - Keys 'ENTER + ' sent to object: 'Object Repository/Specific Cases Repository/LS/Calendar/Calendar_Events/Calendar_Events_Creation/Event/Page_Calendar/input_Reminder_select2-search__field'

27-09-2024T15:53:39 - [TEST_STEP][PASSED] - setText(findTestObject("Object Repository/Specific Cases Repository/LS/Calendar/Calendar_Events/Calendar_Events_Creation/Event/Page_Calendar/input_Reminder_select2-search__field"), "3 "): Text '3 ' is set on object 'Object Repository/Specific Cases Repository/LS/Calendar/Calendar_Events/Calendar_Events_Creation/Event/Page_Calendar/input_Reminder_select2-search__field'

27-09-2024T15:53:40 - [MESSAGE][PASSED] - Text '3 ' is set on object 'Object Repository/Specific Cases Repository/LS/Calendar/Calendar_Events/Calendar_Events_Creation/Event/Page_Calendar/input_Reminder_select2-search__field'

27-09-2024T15:53:40 - [TEST_STEP][PASSED] - sendKeys(findTestObject("Object Repository/Specific Cases Repository/LS/Calendar/Calendar_Events/Calendar_Events_Creation/Event/Page_Calendar/input_Reminder_select2-search__field"), Keys.chord(ENTER)): Keys 'ENTER + ' sent to object: 'Object Repository/Specific Cases Repository/LS/Calendar/Calendar_Events/Calendar_Events_Creation/Event/Page_Calendar/input_Reminder_select2-search__field'

27-09-2024T15:53:40 - [MESSAGE][PASSED] - Keys 'ENTER + ' sent to object: 'Object Repository/Specific Cases Repository/LS/Calendar/Calendar_Events/Calendar_Events_Creation/Event/Page_Calendar/input_Reminder_select2-search__field'

27-09-2024T15:53:40 - [TEST_STEP][PASSED] - setText(findTestObject("Object Repository/Specific Cases Repository/LS/Calendar/Calendar_Events/Calendar_Events_Creation/Event/Page_Calendar/input_Notes_notes"), "Future Automation Event Note"): Text 'Future Automation Event Note' is set on object 'Object Repository/Specific Cases Repository/LS/Calendar/Calendar_Events/Calendar_Events_Creation/Event/Page_Calendar/input_Notes_notes'

27-09-2024T15:53:41 - [MESSAGE][PASSED] - Text 'Future Automation Event Note' is set on object 'Object Repository/Specific Cases Repository/LS/Calendar/Calendar_Events/Calendar_Events_Creation/Event/Page_Calendar/input_Notes_notes'

27-09-2024T15:53:41 - [TEST_STEP][PASSED] - click(findTestObject("Object Repository/Specific Cases Repository/LS/Calendar/Calendar_Events/Calendar_Events_Creation/Event/Page_Calendar/a_Save")): Object: 'Object Repository/Specific Cases Repository/LS/Calendar/Calendar_Events/Calendar_Events_Creation/Event/Page_Calendar/a_Save' is clicked on

27-09-2024T15:53:41 - [MESSAGE][PASSED] - Object: 'Object Repository/Specific Cases Repository/LS/Calendar/Calendar_Events/Calendar_Events_Creation/Event/Page_Calendar/a_Save' is clicked on

27-09-2024T15:53:41 - [TEST_STEP][PASSED] - click(findTestObject("Specific Cases Repository/LS/Calendar/Calendar_Events/Calendar_Events_Creation/Appointment/Page_Calendar/Next Week Arrow")): Object: 'Object Repository/Specific Cases Repository/LS/Calendar/Calendar_Events/Calendar_Events_Creation/Appointment/Page_Calendar/Next Week Arrow' is clicked on

27-09-2024T15:53:42 - [MESSAGE][PASSED] - Object: 'Object Repository/Specific Cases Repository/LS/Calendar/Calendar_Events/Calendar_Events_Creation/Appointment/Page_Calendar/Next Week Arrow' is clicked on

27-09-2024T15:53:42 - [TEST_STEP][PASSED] - scrollToElement(findTestObject("Specific Cases Repository/LS/Calendar/Calendar_Events/Calendar_Events_Creation/Event/Page_Calendar/a_Automation Event - Future"), 0): Scroll to object 'Object Repository/Specific Cases Repository/LS/Calendar/Calendar_Events/Calendar_Events_Creation/Event/Page_Calendar/a_Automation Event - Future' successfully

27-09-2024T15:53:42 - [MESSAGE][WARNING] - Timeout '0' is invalid. Using default page load timeout: '30'

27-09-2024T15:53:43 - [MESSAGE][PASSED] - Scroll to object 'Object Repository/Specific Cases Repository/LS/Calendar/Calendar_Events/Calendar_Events_Creation/Event/Page_Calendar/a_Automation Event - Future' successfully

27-09-2024T15:53:43 - [TEST_STEP][PASSED] - mouseOver(findTestObject("Specific Cases Repository/LS/Calendar/Calendar_Events/Calendar_Events_Creation/Event/Page_Calendar/a_Automation Event - Future")): Object: 'Object Repository/Specific Cases Repository/LS/Calendar/Calendar_Events/Calendar_Events_Creation/Event/Page_Calendar/a_Automation Event - Future' is hovered

27-09-2024T15:53:43 - [MESSAGE][PASSED] - Object: 'Object Repository/Specific Cases Repository/LS/Calendar/Calendar_Events/Calendar_Events_Creation/Event/Page_Calendar/a_Automation Event - Future' is hovered

27-09-2024T15:53:43 - [TEST_STEP][PASSED] - verifyElementText(findTestObject("Specific Cases Repository/LS/Calendar/Calendar_Events/Calendar_Events_Creation/Event/Page_Calendar/span_Automation Event - Future"), "Future Automation Event"): Actual text and expected text of test object 'Object Repository/Specific Cases Repository/LS/Calendar/Calendar_Events/Calendar_Events_Creation/Event/Page_Calendar/span_Automation Event - Future' are matched.

27-09-2024T15:53:44 - [MESSAGE][PASSED] - Actual text and expected text of test object 'Object Repository/Specific Cases Repository/LS/Calendar/Calendar_Events/Calendar_Events_Creation/Event/Page_Calendar/span_Automation Event - Future' are matched.

27-09-2024T15:53:44 - [TEST_STEP][PASSED] - verifyElementText(findTestObject("Object Repository/Specific Cases Repository/LS/Calendar/Calendar_Events/Calendar_Events_Creation/Event/Page_Calendar/span_180 minutes before, 15 minutes before"), "180 minutes before, 15 minutes before"): Actual text and expected text of test object 'Object Repository/Specific Cases Repository/LS/Calendar/Calendar_Events/Calendar_Events_Creation/Event/Page_Calendar/span_180 minutes before, 15 minutes before' are matched.

27-09-2024T15:53:44 - [MESSAGE][PASSED] - Actual text and expected text of test object 'Object Repository/Specific Cases Repository/LS/Calendar/Calendar_Events/Calendar_Events_Creation/Event/Page_Calendar/span_180 minutes before, 15 minutes before' are matched.

27-09-2024T15:53:44 - [TEST_STEP][PASSED] - closeBrowser(): Browser is closed

27-09-2024T15:53:44 - [MESSAGE][PASSED] - Browser is closed]]></system-out>
         <system-err><![CDATA[]]></system-err>
      </testcase>
      <testcase name="Test Cases/Specific Cases/LS/General/Calendar/Future Events Creation/Future_Calendar_Groups" time="34.12" classname="Test Cases/Specific Cases/LS/General/Calendar/Future Events Creation/Future_Calendar_Groups" status="PASSED">
         <system-out><![CDATA[27-09-2024T15:53:44 - [TEST_CASE][PASSED] - Test Cases/Specific Cases/LS/General/Calendar/Future Events Creation/Future_Calendar_Groups: Test Cases/Specific Cases/LS/General/Calendar/Future Events Creation/Future_Calendar_Groups

27-09-2024T15:53:44 - [TEST_STEP][PASSED] - callTestCase(findTestCase("Common Cases/Login"), [:], STOP_ON_FAILURE): Call Test Case 'Test Cases/Common Cases/Login' successfully

27-09-2024T15:53:44 - [TEST_CASE][PASSED] - Test Cases/Common Cases/Login: Test Cases/Common Cases/Login

27-09-2024T15:53:44 - [TEST_STEP][PASSED] - openBrowser(""): Browser is opened with url: ''

27-09-2024T15:53:44 - [MESSAGE][INFO] - Starting 'Chrome' driver

27-09-2024T15:53:45 - [MESSAGE][INFO] - Action delay is set to 0 milliseconds

27-09-2024T15:53:45 - [MESSAGE][PASSED] - Browser is opened with url: ''

27-09-2024T15:53:45 - [TEST_STEP][PASSED] - maximizeWindow(): Current window maximized

27-09-2024T15:53:45 - [MESSAGE][PASSED] - Current window maximized

27-09-2024T15:53:45 - [TEST_STEP][PASSED] - navigateToUrl("https://site17.lsapp.cloud/auth/login"): Navigate to 'https://site17.lsapp.cloud/auth/login' successfully

27-09-2024T15:53:47 - [MESSAGE][PASSED] - Navigate to 'https://site17.lsapp.cloud/auth/login' successfully

27-09-2024T15:53:47 - [TEST_STEP][PASSED] - setText(findTestObject("Object Repository/Common Cases Repository/Login/Page_Lightning Step/input_Email_email"), "automation@lightningstep.com"): Text 'automation@lightningstep.com' is set on object 'Object Repository/Common Cases Repository/Login/Page_Lightning Step/input_Email_email'

27-09-2024T15:53:47 - [MESSAGE][PASSED] - Text 'automation@lightningstep.com' is set on object 'Object Repository/Common Cases Repository/Login/Page_Lightning Step/input_Email_email'

27-09-2024T15:53:47 - [TEST_STEP][PASSED] - setEncryptedText(findTestObject("Object Repository/Common Cases Repository/Login/Page_Lightning Step/input_Password_password"), "e5N8VHmnhJDITtQaQhDQDw=="): Text ****** has been set on object 'Object Repository/Common Cases Repository/Login/Page_Lightning Step/input_Password_password'

27-09-2024T15:53:48 - [MESSAGE][PASSED] - Text ****** has been set on object 'Object Repository/Common Cases Repository/Login/Page_Lightning Step/input_Password_password'

27-09-2024T15:53:48 - [TEST_STEP][PASSED] - click(findTestObject("Object Repository/Common Cases Repository/Login/Page_Lightning Step/button_Sign in")): Object: 'Object Repository/Common Cases Repository/Login/Page_Lightning Step/button_Sign in' is clicked on

27-09-2024T15:53:53 - [MESSAGE][PASSED] - Object: 'Object Repository/Common Cases Repository/Login/Page_Lightning Step/button_Sign in' is clicked on

27-09-2024T15:53:53 - [MESSAGE][PASSED] - Call Test Case 'Test Cases/Common Cases/Login' successfully

27-09-2024T15:53:53 - [TEST_STEP][PASSED] - click(findTestObject("Object Repository/Specific Cases Repository/LS/Calendar/Calendar_Events/Calendar_Events_Creation/Group/Page_Home/a_Calendar")): Object: 'Object Repository/Specific Cases Repository/LS/Calendar/Calendar_Events/Calendar_Events_Creation/Group/Page_Home/a_Calendar' is clicked on

27-09-2024T15:53:56 - [MESSAGE][PASSED] - Object: 'Object Repository/Specific Cases Repository/LS/Calendar/Calendar_Events/Calendar_Events_Creation/Group/Page_Home/a_Calendar' is clicked on

27-09-2024T15:53:56 - [TEST_STEP][PASSED] - navigateToUrl("https://site17.lsapp.cloud/calendar"): Navigate to 'https://site17.lsapp.cloud/calendar' successfully

27-09-2024T15:53:58 - [MESSAGE][PASSED] - Navigate to 'https://site17.lsapp.cloud/calendar' successfully

27-09-2024T15:53:58 - [TEST_STEP][PASSED] - click(findTestObject("Object Repository/Specific Cases Repository/LS/Calendar/Calendar_Events/Calendar_Events_Creation/Group/Page_Calendar/button_Create new")): Object: 'Object Repository/Specific Cases Repository/LS/Calendar/Calendar_Events/Calendar_Events_Creation/Group/Page_Calendar/button_Create new' is clicked on

27-09-2024T15:53:59 - [MESSAGE][PASSED] - Object: 'Object Repository/Specific Cases Repository/LS/Calendar/Calendar_Events/Calendar_Events_Creation/Group/Page_Calendar/button_Create new' is clicked on

27-09-2024T15:53:59 - [TEST_STEP][PASSED] - click(findTestObject("Object Repository/Specific Cases Repository/LS/Calendar/Calendar_Events/Calendar_Events_Creation/Group/Page_Calendar/label_Group")): Object: 'Object Repository/Specific Cases Repository/LS/Calendar/Calendar_Events/Calendar_Events_Creation/Group/Page_Calendar/label_Group' is clicked on

27-09-2024T15:54:00 - [MESSAGE][PASSED] - Object: 'Object Repository/Specific Cases Repository/LS/Calendar/Calendar_Events/Calendar_Events_Creation/Group/Page_Calendar/label_Group' is clicked on

27-09-2024T15:54:00 - [TEST_STEP][PASSED] - click(findTestObject("Object Repository/Specific Cases Repository/LS/Calendar/Calendar_Events/Calendar_Events_Creation/Group/Page_Calendar/Groups Selector")): Object: 'Object Repository/Specific Cases Repository/LS/Calendar/Calendar_Events/Calendar_Events_Creation/Group/Page_Calendar/Groups Selector' is clicked on

27-09-2024T15:54:00 - [MESSAGE][PASSED] - Object: 'Object Repository/Specific Cases Repository/LS/Calendar/Calendar_Events/Calendar_Events_Creation/Group/Page_Calendar/Groups Selector' is clicked on

27-09-2024T15:54:00 - [TEST_STEP][PASSED] - setText(findTestObject("Object Repository/Specific Cases Repository/LS/Calendar/Calendar_Events/Calendar_Events_Creation/Group/Page_Calendar/input_Loading_select2-search__field"), "1.2"): Text '1.2' is set on object 'Object Repository/Specific Cases Repository/LS/Calendar/Calendar_Events/Calendar_Events_Creation/Group/Page_Calendar/input_Loading_select2-search__field'

27-09-2024T15:54:01 - [MESSAGE][PASSED] - Text '1.2' is set on object 'Object Repository/Specific Cases Repository/LS/Calendar/Calendar_Events/Calendar_Events_Creation/Group/Page_Calendar/input_Loading_select2-search__field'

27-09-2024T15:54:01 - [TEST_STEP][PASSED] - sendKeys(findTestObject("Object Repository/Specific Cases Repository/LS/Calendar/Calendar_Events/Calendar_Events_Creation/Group/Page_Calendar/input_Loading_select2-search__field"), Keys.chord(ENTER)): Keys 'ENTER + ' sent to object: 'Object Repository/Specific Cases Repository/LS/Calendar/Calendar_Events/Calendar_Events_Creation/Group/Page_Calendar/input_Loading_select2-search__field'

27-09-2024T15:54:02 - [MESSAGE][PASSED] - Keys 'ENTER + ' sent to object: 'Object Repository/Specific Cases Repository/LS/Calendar/Calendar_Events/Calendar_Events_Creation/Group/Page_Calendar/input_Loading_select2-search__field'

27-09-2024T15:54:02 - [TEST_STEP][PASSED] - setText(findTestObject("Object Repository/Specific Cases Repository/LS/Calendar/Calendar_Events/Calendar_Events_Creation/Group/Page_Calendar/input_Title_title_"), "1.2 Automatically Enroll Clients in Selected Location/Program(s) : Select Content"): Text '1.2 Automatically Enroll Clients in Selected Location/Program(s) : Select Content' is set on object 'Object Repository/Specific Cases Repository/LS/Calendar/Calendar_Events/Calendar_Events_Creation/Group/Page_Calendar/input_Title_title_'

27-09-2024T15:54:03 - [MESSAGE][PASSED] - Text '1.2 Automatically Enroll Clients in Selected Location/Program(s) : Select Content' is set on object 'Object Repository/Specific Cases Repository/LS/Calendar/Calendar_Events/Calendar_Events_Creation/Group/Page_Calendar/input_Title_title_'

27-09-2024T15:54:03 - [TEST_STEP][PASSED] - click(findTestObject("Object Repository/Specific Cases Repository/LS/Calendar/Calendar_Events/Calendar_Events_Creation/Group/Page_Calendar/Date")): Object: 'Object Repository/Specific Cases Repository/LS/Calendar/Calendar_Events/Calendar_Events_Creation/Group/Page_Calendar/Date' is clicked on

27-09-2024T15:54:03 - [MESSAGE][PASSED] - Object: 'Object Repository/Specific Cases Repository/LS/Calendar/Calendar_Events/Calendar_Events_Creation/Group/Page_Calendar/Date' is clicked on

27-09-2024T15:54:03 - [TEST_STEP][PASSED] - setText(findTestObject("Object Repository/Specific Cases Repository/LS/Calendar/Calendar_Events/Calendar_Events_Creation/Group/Page_Calendar/Date"), Next_Week_Date): Text '10/04/2024' is set on object 'Object Repository/Specific Cases Repository/LS/Calendar/Calendar_Events/Calendar_Events_Creation/Group/Page_Calendar/Date'

27-09-2024T15:54:04 - [MESSAGE][PASSED] - Text '10/04/2024' is set on object 'Object Repository/Specific Cases Repository/LS/Calendar/Calendar_Events/Calendar_Events_Creation/Group/Page_Calendar/Date'

27-09-2024T15:54:04 - [TEST_STEP][PASSED] - click(findTestObject("Object Repository/Specific Cases Repository/LS/Calendar/Calendar_Events/Calendar_Events_Creation/Group/Page_Calendar/Start Time")): Object: 'Object Repository/Specific Cases Repository/LS/Calendar/Calendar_Events/Calendar_Events_Creation/Group/Page_Calendar/Start Time' is clicked on

27-09-2024T15:54:05 - [MESSAGE][PASSED] - Object: 'Object Repository/Specific Cases Repository/LS/Calendar/Calendar_Events/Calendar_Events_Creation/Group/Page_Calendar/Start Time' is clicked on

27-09-2024T15:54:05 - [TEST_STEP][PASSED] - setText(findTestObject("Object Repository/Specific Cases Repository/LS/Calendar/Calendar_Events/Calendar_Events_Creation/Group/Page_Calendar/Start Time"), "1300"): Text '1300' is set on object 'Object Repository/Specific Cases Repository/LS/Calendar/Calendar_Events/Calendar_Events_Creation/Group/Page_Calendar/Start Time'

27-09-2024T15:54:05 - [MESSAGE][PASSED] - Text '1300' is set on object 'Object Repository/Specific Cases Repository/LS/Calendar/Calendar_Events/Calendar_Events_Creation/Group/Page_Calendar/Start Time'

27-09-2024T15:54:05 - [TEST_STEP][PASSED] - click(findTestObject("Object Repository/Specific Cases Repository/LS/Calendar/Calendar_Events/Calendar_Events_Creation/Group/Page_Calendar/End Time")): Object: 'Object Repository/Specific Cases Repository/LS/Calendar/Calendar_Events/Calendar_Events_Creation/Group/Page_Calendar/End Time' is clicked on

27-09-2024T15:54:06 - [MESSAGE][PASSED] - Object: 'Object Repository/Specific Cases Repository/LS/Calendar/Calendar_Events/Calendar_Events_Creation/Group/Page_Calendar/End Time' is clicked on

27-09-2024T15:54:06 - [TEST_STEP][PASSED] - setText(findTestObject("Object Repository/Specific Cases Repository/LS/Calendar/Calendar_Events/Calendar_Events_Creation/Group/Page_Calendar/End Time"), "1400"): Text '1400' is set on object 'Object Repository/Specific Cases Repository/LS/Calendar/Calendar_Events/Calendar_Events_Creation/Group/Page_Calendar/End Time'

27-09-2024T15:54:07 - [MESSAGE][PASSED] - Text '1400' is set on object 'Object Repository/Specific Cases Repository/LS/Calendar/Calendar_Events/Calendar_Events_Creation/Group/Page_Calendar/End Time'

27-09-2024T15:54:07 - [TEST_STEP][PASSED] - click(findTestObject("Object Repository/Specific Cases Repository/LS/Calendar/Calendar_Events/Calendar_Events_Creation/Group/Page_Calendar/Groups Selector")): Object: 'Object Repository/Specific Cases Repository/LS/Calendar/Calendar_Events/Calendar_Events_Creation/Group/Page_Calendar/Groups Selector' is clicked on

27-09-2024T15:54:07 - [MESSAGE][PASSED] - Object: 'Object Repository/Specific Cases Repository/LS/Calendar/Calendar_Events/Calendar_Events_Creation/Group/Page_Calendar/Groups Selector' is clicked on

27-09-2024T15:54:07 - [TEST_STEP][PASSED] - setText(findTestObject("Object Repository/Specific Cases Repository/LS/Calendar/Calendar_Events/Calendar_Events_Creation/Group/Page_Calendar/input_Loading_select2-search__field"), "1.2"): Text '1.2' is set on object 'Object Repository/Specific Cases Repository/LS/Calendar/Calendar_Events/Calendar_Events_Creation/Group/Page_Calendar/input_Loading_select2-search__field'

27-09-2024T15:54:08 - [MESSAGE][PASSED] - Text '1.2' is set on object 'Object Repository/Specific Cases Repository/LS/Calendar/Calendar_Events/Calendar_Events_Creation/Group/Page_Calendar/input_Loading_select2-search__field'

27-09-2024T15:54:08 - [TEST_STEP][PASSED] - sendKeys(findTestObject("Object Repository/Specific Cases Repository/LS/Calendar/Calendar_Events/Calendar_Events_Creation/Group/Page_Calendar/input_Loading_select2-search__field"), Keys.chord(ENTER)): Keys 'ENTER + ' sent to object: 'Object Repository/Specific Cases Repository/LS/Calendar/Calendar_Events/Calendar_Events_Creation/Group/Page_Calendar/input_Loading_select2-search__field'

27-09-2024T15:54:09 - [MESSAGE][PASSED] - Keys 'ENTER + ' sent to object: 'Object Repository/Specific Cases Repository/LS/Calendar/Calendar_Events/Calendar_Events_Creation/Group/Page_Calendar/input_Loading_select2-search__field'

27-09-2024T15:54:09 - [TEST_STEP][PASSED] - click(findTestObject("Object Repository/Specific Cases Repository/LS/Calendar/Calendar_Events/Calendar_Events_Creation/Group/Page_Calendar/span_Select Clients")): Object: 'Object Repository/Specific Cases Repository/LS/Calendar/Calendar_Events/Calendar_Events_Creation/Group/Page_Calendar/span_Select Clients' is clicked on

27-09-2024T15:54:10 - [MESSAGE][PASSED] - Object: 'Object Repository/Specific Cases Repository/LS/Calendar/Calendar_Events/Calendar_Events_Creation/Group/Page_Calendar/span_Select Clients' is clicked on

27-09-2024T15:54:10 - [TEST_STEP][PASSED] - click(findTestObject("Object Repository/Specific Cases Repository/LS/Calendar/Calendar_Events/Calendar_Events_Creation/Group/Page_Calendar/label_C Automation, C Client MR 24-11008")): Object: 'Object Repository/Specific Cases Repository/LS/Calendar/Calendar_Events/Calendar_Events_Creation/Group/Page_Calendar/label_C Automation, C Client MR 24-11008' is clicked on

27-09-2024T15:54:10 - [MESSAGE][PASSED] - Object: 'Object Repository/Specific Cases Repository/LS/Calendar/Calendar_Events/Calendar_Events_Creation/Group/Page_Calendar/label_C Automation, C Client MR 24-11008' is clicked on

27-09-2024T15:54:10 - [TEST_STEP][PASSED] - click(findTestObject("Object Repository/Specific Cases Repository/LS/Calendar/Calendar_Events/Calendar_Events_Creation/Group/Page_Calendar/label_B Automation, B Client MR 24-11007")): Object: 'Object Repository/Specific Cases Repository/LS/Calendar/Calendar_Events/Calendar_Events_Creation/Group/Page_Calendar/label_B Automation, B Client MR 24-11007' is clicked on

27-09-2024T15:54:11 - [MESSAGE][PASSED] - Object: 'Object Repository/Specific Cases Repository/LS/Calendar/Calendar_Events/Calendar_Events_Creation/Group/Page_Calendar/label_B Automation, B Client MR 24-11007' is clicked on

27-09-2024T15:54:11 - [TEST_STEP][PASSED] - click(findTestObject("Object Repository/Specific Cases Repository/LS/Calendar/Calendar_Events/Calendar_Events_Creation/Group/Page_Calendar/View Enrolled Patients")): Object: 'Object Repository/Specific Cases Repository/LS/Calendar/Calendar_Events/Calendar_Events_Creation/Group/Page_Calendar/View Enrolled Patients' is clicked on

27-09-2024T15:54:11 - [MESSAGE][PASSED] - Object: 'Object Repository/Specific Cases Repository/LS/Calendar/Calendar_Events/Calendar_Events_Creation/Group/Page_Calendar/View Enrolled Patients' is clicked on

27-09-2024T15:54:11 - [TEST_STEP][PASSED] - verifyElementText(findTestObject("Object Repository/Specific Cases Repository/LS/Calendar/Calendar_Events/Calendar_Events_Creation/Group/Page_Calendar/td_C Automation, C Client MR 24-11008"), "C Automation, C Client MR# 24-11008"): Actual text and expected text of test object 'Object Repository/Specific Cases Repository/LS/Calendar/Calendar_Events/Calendar_Events_Creation/Group/Page_Calendar/td_C Automation, C Client MR 24-11008' are matched.

27-09-2024T15:54:11 - [MESSAGE][PASSED] - Actual text and expected text of test object 'Object Repository/Specific Cases Repository/LS/Calendar/Calendar_Events/Calendar_Events_Creation/Group/Page_Calendar/td_C Automation, C Client MR 24-11008' are matched.

27-09-2024T15:54:11 - [TEST_STEP][PASSED] - verifyElementText(findTestObject("Object Repository/Specific Cases Repository/LS/Calendar/Calendar_Events/Calendar_Events_Creation/Group/Page_Calendar/td_B Automation, B Client MR 24-11007"), "B Automation, B Client MR# 24-11007"): Actual text and expected text of test object 'Object Repository/Specific Cases Repository/LS/Calendar/Calendar_Events/Calendar_Events_Creation/Group/Page_Calendar/td_B Automation, B Client MR 24-11007' are matched.

27-09-2024T15:54:12 - [MESSAGE][PASSED] - Actual text and expected text of test object 'Object Repository/Specific Cases Repository/LS/Calendar/Calendar_Events/Calendar_Events_Creation/Group/Page_Calendar/td_B Automation, B Client MR 24-11007' are matched.

27-09-2024T15:54:12 - [TEST_STEP][PASSED] - click(findTestObject("Object Repository/Specific Cases Repository/LS/Calendar/Calendar_Events/Calendar_Events_Creation/Group/Page_Calendar/View Enrolled Patients")): Object: 'Object Repository/Specific Cases Repository/LS/Calendar/Calendar_Events/Calendar_Events_Creation/Group/Page_Calendar/View Enrolled Patients' is clicked on

27-09-2024T15:54:12 - [MESSAGE][PASSED] - Object: 'Object Repository/Specific Cases Repository/LS/Calendar/Calendar_Events/Calendar_Events_Creation/Group/Page_Calendar/View Enrolled Patients' is clicked on

27-09-2024T15:54:12 - [TEST_STEP][PASSED] - scrollToElement(findTestObject("Object Repository/Specific Cases Repository/LS/Calendar/Calendar_Events/Calendar_Events_Creation/Group/Page_Calendar/a_Save"), 0): Scroll to object 'Object Repository/Specific Cases Repository/LS/Calendar/Calendar_Events/Calendar_Events_Creation/Group/Page_Calendar/a_Save' successfully

27-09-2024T15:54:12 - [MESSAGE][WARNING] - Timeout '0' is invalid. Using default page load timeout: '30'

27-09-2024T15:54:12 - [MESSAGE][PASSED] - Scroll to object 'Object Repository/Specific Cases Repository/LS/Calendar/Calendar_Events/Calendar_Events_Creation/Group/Page_Calendar/a_Save' successfully

27-09-2024T15:54:12 - [TEST_STEP][PASSED] - click(findTestObject("Object Repository/Specific Cases Repository/LS/Calendar/Calendar_Events/Calendar_Events_Creation/Group/Page_Calendar/a_Save")): Object: 'Object Repository/Specific Cases Repository/LS/Calendar/Calendar_Events/Calendar_Events_Creation/Group/Page_Calendar/a_Save' is clicked on

27-09-2024T15:54:13 - [MESSAGE][PASSED] - Object: 'Object Repository/Specific Cases Repository/LS/Calendar/Calendar_Events/Calendar_Events_Creation/Group/Page_Calendar/a_Save' is clicked on

27-09-2024T15:54:13 - [TEST_STEP][PASSED] - click(findTestObject("Specific Cases Repository/LS/Calendar/Calendar_Events/Calendar_Events_Creation/Appointment/Page_Calendar/Next Week Arrow")): Object: 'Object Repository/Specific Cases Repository/LS/Calendar/Calendar_Events/Calendar_Events_Creation/Appointment/Page_Calendar/Next Week Arrow' is clicked on

27-09-2024T15:54:13 - [MESSAGE][PASSED] - Object: 'Object Repository/Specific Cases Repository/LS/Calendar/Calendar_Events/Calendar_Events_Creation/Appointment/Page_Calendar/Next Week Arrow' is clicked on

27-09-2024T15:54:13 - [TEST_STEP][PASSED] - waitForPageLoad(30): Wait for page load successfully

27-09-2024T15:54:13 - [MESSAGE][PASSED] - Wait for page load successfully

27-09-2024T15:54:13 - [TEST_STEP][PASSED] - click(findTestObject("Specific Cases Repository/LS/Calendar/Calendar_Events/Calendar_Events_Creation/Group/Page_Calendar/Calendar Event - Future")): Object: 'Object Repository/Specific Cases Repository/LS/Calendar/Calendar_Events/Calendar_Events_Creation/Group/Page_Calendar/Calendar Event - Future' is clicked on

27-09-2024T15:54:14 - [MESSAGE][PASSED] - Object: 'Object Repository/Specific Cases Repository/LS/Calendar/Calendar_Events/Calendar_Events_Creation/Group/Page_Calendar/Calendar Event - Future' is clicked on

27-09-2024T15:54:14 - [TEST_STEP][PASSED] - setText(findTestObject("Object Repository/Specific Cases Repository/LS/Calendar/Calendar_Events/Calendar_Events_Creation/Group/Page_Calendar/input_Title_title_edit"), "Future Automation Test 1.2 Automatically Enroll Clients in Selected Location/Program(s)"): Text 'Future Automation Test 1.2 Automatically Enroll Clients in Selected Location/Program(s)' is set on object 'Object Repository/Specific Cases Repository/LS/Calendar/Calendar_Events/Calendar_Events_Creation/Group/Page_Calendar/input_Title_title_edit'

27-09-2024T15:54:16 - [MESSAGE][PASSED] - Text 'Future Automation Test 1.2 Automatically Enroll Clients in Selected Location/Program(s)' is set on object 'Object Repository/Specific Cases Repository/LS/Calendar/Calendar_Events/Calendar_Events_Creation/Group/Page_Calendar/input_Title_title_edit'

27-09-2024T15:54:16 - [TEST_STEP][PASSED] - verifyElementText(findTestObject("Object Repository/Specific Cases Repository/LS/Calendar/Calendar_Events/Calendar_Events_Creation/Group/Page_Calendar/label_Start Group Session"), "Start Group Session"): Actual text and expected text of test object 'Object Repository/Specific Cases Repository/LS/Calendar/Calendar_Events/Calendar_Events_Creation/Group/Page_Calendar/label_Start Group Session' are matched.

27-09-2024T15:54:16 - [MESSAGE][PASSED] - Actual text and expected text of test object 'Object Repository/Specific Cases Repository/LS/Calendar/Calendar_Events/Calendar_Events_Creation/Group/Page_Calendar/label_Start Group Session' are matched.

27-09-2024T15:54:16 - [TEST_STEP][PASSED] - verifyElementPresent(findTestObject("Object Repository/Specific Cases Repository/LS/Calendar/Calendar_Events/Calendar_Events_Creation/Group/Page_Calendar/input_Start Group Session_isdocumentedgroup"), 0): Object 'Object Repository/Specific Cases Repository/LS/Calendar/Calendar_Events/Calendar_Events_Creation/Group/Page_Calendar/input_Start Group Session_isdocumentedgroup' is present

27-09-2024T15:54:16 - [MESSAGE][WARNING] - Timeout '0' is invalid. Using default page load timeout: '30'

27-09-2024T15:54:16 - [MESSAGE][PASSED] - Object 'Object Repository/Specific Cases Repository/LS/Calendar/Calendar_Events/Calendar_Events_Creation/Group/Page_Calendar/input_Start Group Session_isdocumentedgroup' is present

27-09-2024T15:54:16 - [TEST_STEP][PASSED] - click(findTestObject("Object Repository/Specific Cases Repository/LS/Calendar/Calendar_Events/Calendar_Events_Creation/Group/Page_Calendar/a_Save Revision")): Object: 'Object Repository/Specific Cases Repository/LS/Calendar/Calendar_Events/Calendar_Events_Creation/Group/Page_Calendar/a_Save Revision' is clicked on

27-09-2024T15:54:17 - [MESSAGE][PASSED] - Object: 'Object Repository/Specific Cases Repository/LS/Calendar/Calendar_Events/Calendar_Events_Creation/Group/Page_Calendar/a_Save Revision' is clicked on

27-09-2024T15:54:17 - [TEST_STEP][PASSED] - mouseOver(findTestObject("Specific Cases Repository/LS/Calendar/Calendar_Events/Calendar_Events_Creation/Group/Page_Calendar/Calendar Event - Future")): Object: 'Object Repository/Specific Cases Repository/LS/Calendar/Calendar_Events/Calendar_Events_Creation/Group/Page_Calendar/Calendar Event - Future' is hovered

27-09-2024T15:54:18 - [MESSAGE][PASSED] - Object: 'Object Repository/Specific Cases Repository/LS/Calendar/Calendar_Events/Calendar_Events_Creation/Group/Page_Calendar/Calendar Event - Future' is hovered

27-09-2024T15:54:18 - [TEST_STEP][PASSED] - verifyElementText(findTestObject("Specific Cases Repository/LS/Calendar/Calendar_Events/Calendar_Events_Creation/Group/Page_Calendar/span_Automation Test 1.2 Automatically Enro_f39ad6 - Future"), "Future Automation Test 1.2 Automatically Enroll Clients in Selected Location/Program(s)"): Actual text and expected text of test object 'Object Repository/Specific Cases Repository/LS/Calendar/Calendar_Events/Calendar_Events_Creation/Group/Page_Calendar/span_Automation Test 1.2 Automatically Enro_f39ad6 - Future' are matched.

27-09-2024T15:54:18 - [MESSAGE][PASSED] - Actual text and expected text of test object 'Object Repository/Specific Cases Repository/LS/Calendar/Calendar_Events/Calendar_Events_Creation/Group/Page_Calendar/span_Automation Test 1.2 Automatically Enro_f39ad6 - Future' are matched.

27-09-2024T15:54:18 - [TEST_STEP][PASSED] - closeBrowser(): Browser is closed

27-09-2024T15:54:18 - [MESSAGE][PASSED] - Browser is closed]]></system-out>
         <system-err><![CDATA[]]></system-err>
      </testcase>
      <testcase name="Test Cases/Specific Cases/LS/General/Calendar/Past Events Creation/Past_Calendar_Appointment" time="29.512" classname="Test Cases/Specific Cases/LS/General/Calendar/Past Events Creation/Past_Calendar_Appointment" status="PASSED">
         <system-out><![CDATA[27-09-2024T15:54:18 - [TEST_CASE][PASSED] - Test Cases/Specific Cases/LS/General/Calendar/Past Events Creation/Past_Calendar_Appointment: Test Cases/Specific Cases/LS/General/Calendar/Past Events Creation/Past_Calendar_Appointment

27-09-2024T15:54:19 - [TEST_STEP][PASSED] - callTestCase(findTestCase("Common Cases/Login"), [:], STOP_ON_FAILURE): Call Test Case 'Test Cases/Common Cases/Login' successfully

27-09-2024T15:54:19 - [TEST_CASE][PASSED] - Test Cases/Common Cases/Login: Test Cases/Common Cases/Login

27-09-2024T15:54:19 - [TEST_STEP][PASSED] - openBrowser(""): Browser is opened with url: ''

27-09-2024T15:54:19 - [MESSAGE][INFO] - Starting 'Chrome' driver

27-09-2024T15:54:19 - [MESSAGE][INFO] - Action delay is set to 0 milliseconds

27-09-2024T15:54:19 - [MESSAGE][PASSED] - Browser is opened with url: ''

27-09-2024T15:54:19 - [TEST_STEP][PASSED] - maximizeWindow(): Current window maximized

27-09-2024T15:54:19 - [MESSAGE][PASSED] - Current window maximized

27-09-2024T15:54:19 - [TEST_STEP][PASSED] - navigateToUrl("https://site17.lsapp.cloud/auth/login"): Navigate to 'https://site17.lsapp.cloud/auth/login' successfully

27-09-2024T15:54:21 - [MESSAGE][PASSED] - Navigate to 'https://site17.lsapp.cloud/auth/login' successfully

27-09-2024T15:54:21 - [TEST_STEP][PASSED] - setText(findTestObject("Object Repository/Common Cases Repository/Login/Page_Lightning Step/input_Email_email"), "automation@lightningstep.com"): Text 'automation@lightningstep.com' is set on object 'Object Repository/Common Cases Repository/Login/Page_Lightning Step/input_Email_email'

27-09-2024T15:54:21 - [MESSAGE][PASSED] - Text 'automation@lightningstep.com' is set on object 'Object Repository/Common Cases Repository/Login/Page_Lightning Step/input_Email_email'

27-09-2024T15:54:21 - [TEST_STEP][PASSED] - setEncryptedText(findTestObject("Object Repository/Common Cases Repository/Login/Page_Lightning Step/input_Password_password"), "e5N8VHmnhJDITtQaQhDQDw=="): Text ****** has been set on object 'Object Repository/Common Cases Repository/Login/Page_Lightning Step/input_Password_password'

27-09-2024T15:54:22 - [MESSAGE][PASSED] - Text ****** has been set on object 'Object Repository/Common Cases Repository/Login/Page_Lightning Step/input_Password_password'

27-09-2024T15:54:22 - [TEST_STEP][PASSED] - click(findTestObject("Object Repository/Common Cases Repository/Login/Page_Lightning Step/button_Sign in")): Object: 'Object Repository/Common Cases Repository/Login/Page_Lightning Step/button_Sign in' is clicked on

27-09-2024T15:54:27 - [MESSAGE][PASSED] - Object: 'Object Repository/Common Cases Repository/Login/Page_Lightning Step/button_Sign in' is clicked on

27-09-2024T15:54:27 - [MESSAGE][PASSED] - Call Test Case 'Test Cases/Common Cases/Login' successfully

27-09-2024T15:54:27 - [TEST_STEP][PASSED] - click(findTestObject("Object Repository/Specific Cases Repository/LS/Calendar/Calendar_Events/Calendar_Events_Creation/Page_Home/a_Calendar")): Object: 'Object Repository/Specific Cases Repository/LS/Calendar/Calendar_Events/Calendar_Events_Creation/Page_Home/a_Calendar' is clicked on

27-09-2024T15:54:30 - [MESSAGE][PASSED] - Object: 'Object Repository/Specific Cases Repository/LS/Calendar/Calendar_Events/Calendar_Events_Creation/Page_Home/a_Calendar' is clicked on

27-09-2024T15:54:30 - [TEST_STEP][PASSED] - click(findTestObject("Object Repository/Specific Cases Repository/LS/Calendar/Calendar_Events/Calendar_Events_Creation/Appointment/Page_Calendar/button_Create new")): Object: 'Object Repository/Specific Cases Repository/LS/Calendar/Calendar_Events/Calendar_Events_Creation/Appointment/Page_Calendar/button_Create new' is clicked on

27-09-2024T15:54:31 - [MESSAGE][PASSED] - Object: 'Object Repository/Specific Cases Repository/LS/Calendar/Calendar_Events/Calendar_Events_Creation/Appointment/Page_Calendar/button_Create new' is clicked on

27-09-2024T15:54:31 - [TEST_STEP][PASSED] - click(findTestObject("Object Repository/Specific Cases Repository/LS/Calendar/Calendar_Events/Calendar_Events_Creation/Appointment/Page_Calendar/label_Appointment")): Object: 'Object Repository/Specific Cases Repository/LS/Calendar/Calendar_Events/Calendar_Events_Creation/Appointment/Page_Calendar/label_Appointment' is clicked on

27-09-2024T15:54:32 - [MESSAGE][PASSED] - Object: 'Object Repository/Specific Cases Repository/LS/Calendar/Calendar_Events/Calendar_Events_Creation/Appointment/Page_Calendar/label_Appointment' is clicked on

27-09-2024T15:54:32 - [TEST_STEP][PASSED] - click(findTestObject("Object Repository/Specific Cases Repository/LS/Calendar/Calendar_Events/Calendar_Events_Creation/Appointment/Page_Calendar/span_Select Client")): Object: 'Object Repository/Specific Cases Repository/LS/Calendar/Calendar_Events/Calendar_Events_Creation/Appointment/Page_Calendar/span_Select Client' is clicked on

27-09-2024T15:54:32 - [MESSAGE][PASSED] - Object: 'Object Repository/Specific Cases Repository/LS/Calendar/Calendar_Events/Calendar_Events_Creation/Appointment/Page_Calendar/span_Select Client' is clicked on

27-09-2024T15:54:32 - [TEST_STEP][PASSED] - setText(findTestObject("Object Repository/Specific Cases Repository/LS/Calendar/Calendar_Events/Calendar_Events_Creation/Appointment/Page_Calendar/Patien Name"), "B Auto"): Text 'B Auto' is set on object 'Object Repository/Specific Cases Repository/LS/Calendar/Calendar_Events/Calendar_Events_Creation/Appointment/Page_Calendar/Patien Name'

27-09-2024T15:54:33 - [MESSAGE][PASSED] - Text 'B Auto' is set on object 'Object Repository/Specific Cases Repository/LS/Calendar/Calendar_Events/Calendar_Events_Creation/Appointment/Page_Calendar/Patien Name'

27-09-2024T15:54:33 - [TEST_STEP][PASSED] - sendKeys(findTestObject("Object Repository/Specific Cases Repository/LS/Calendar/Calendar_Events/Calendar_Events_Creation/Appointment/Page_Calendar/Patien Name"), Keys.chord(ENTER)): Keys 'ENTER + ' sent to object: 'Object Repository/Specific Cases Repository/LS/Calendar/Calendar_Events/Calendar_Events_Creation/Appointment/Page_Calendar/Patien Name'

27-09-2024T15:54:33 - [MESSAGE][PASSED] - Keys 'ENTER + ' sent to object: 'Object Repository/Specific Cases Repository/LS/Calendar/Calendar_Events/Calendar_Events_Creation/Appointment/Page_Calendar/Patien Name'

27-09-2024T15:54:33 - [TEST_STEP][PASSED] - click(findTestObject("Object Repository/Specific Cases Repository/LS/Calendar/Calendar_Events/Calendar_Events_Creation/Appointment/Page_Calendar/span_Select Service")): Object: 'Object Repository/Specific Cases Repository/LS/Calendar/Calendar_Events/Calendar_Events_Creation/Appointment/Page_Calendar/span_Select Service' is clicked on

27-09-2024T15:54:34 - [MESSAGE][PASSED] - Object: 'Object Repository/Specific Cases Repository/LS/Calendar/Calendar_Events/Calendar_Events_Creation/Appointment/Page_Calendar/span_Select Service' is clicked on

27-09-2024T15:54:34 - [TEST_STEP][PASSED] - setText(findTestObject("Object Repository/Specific Cases Repository/LS/Calendar/Calendar_Events/Calendar_Events_Creation/Appointment/Page_Calendar/Patien Name"), "5 "): Text '5 ' is set on object 'Object Repository/Specific Cases Repository/LS/Calendar/Calendar_Events/Calendar_Events_Creation/Appointment/Page_Calendar/Patien Name'

27-09-2024T15:54:35 - [MESSAGE][PASSED] - Text '5 ' is set on object 'Object Repository/Specific Cases Repository/LS/Calendar/Calendar_Events/Calendar_Events_Creation/Appointment/Page_Calendar/Patien Name'

27-09-2024T15:54:35 - [TEST_STEP][PASSED] - sendKeys(findTestObject("Object Repository/Specific Cases Repository/LS/Calendar/Calendar_Events/Calendar_Events_Creation/Appointment/Page_Calendar/Patien Name"), Keys.chord(ENTER)): Keys 'ENTER + ' sent to object: 'Object Repository/Specific Cases Repository/LS/Calendar/Calendar_Events/Calendar_Events_Creation/Appointment/Page_Calendar/Patien Name'

27-09-2024T15:54:35 - [MESSAGE][PASSED] - Keys 'ENTER + ' sent to object: 'Object Repository/Specific Cases Repository/LS/Calendar/Calendar_Events/Calendar_Events_Creation/Appointment/Page_Calendar/Patien Name'

27-09-2024T15:54:35 - [TEST_STEP][PASSED] - click(findTestObject("Object Repository/Specific Cases Repository/LS/Calendar/Calendar_Events/Calendar_Events_Creation/Appointment/Page_Calendar/input_Title_title_")): Object: 'Object Repository/Specific Cases Repository/LS/Calendar/Calendar_Events/Calendar_Events_Creation/Appointment/Page_Calendar/input_Title_title_' is clicked on

27-09-2024T15:54:36 - [MESSAGE][PASSED] - Object: 'Object Repository/Specific Cases Repository/LS/Calendar/Calendar_Events/Calendar_Events_Creation/Appointment/Page_Calendar/input_Title_title_' is clicked on

27-09-2024T15:54:36 - [TEST_STEP][PASSED] - setText(findTestObject("Object Repository/Specific Cases Repository/LS/Calendar/Calendar_Events/Calendar_Events_Creation/Appointment/Page_Calendar/input_Title_title_"), "Past Automation Test with B Automation, B Client MR# 24-11007: 5 Panel Drug Screen"): Text 'Past Automation Test with B Automation, B Client MR# 24-11007: 5 Panel Drug Screen' is set on object 'Object Repository/Specific Cases Repository/LS/Calendar/Calendar_Events/Calendar_Events_Creation/Appointment/Page_Calendar/input_Title_title_'

27-09-2024T15:54:37 - [MESSAGE][PASSED] - Text 'Past Automation Test with B Automation, B Client MR# 24-11007: 5 Panel Drug Screen' is set on object 'Object Repository/Specific Cases Repository/LS/Calendar/Calendar_Events/Calendar_Events_Creation/Appointment/Page_Calendar/input_Title_title_'

27-09-2024T15:54:37 - [TEST_STEP][PASSED] - click(findTestObject("Object Repository/Specific Cases Repository/LS/Calendar/Calendar_Events/Calendar_Events_Creation/Appointment/Page_Calendar/Date")): Object: 'Object Repository/Specific Cases Repository/LS/Calendar/Calendar_Events/Calendar_Events_Creation/Appointment/Page_Calendar/Date' is clicked on

27-09-2024T15:54:37 - [MESSAGE][PASSED] - Object: 'Object Repository/Specific Cases Repository/LS/Calendar/Calendar_Events/Calendar_Events_Creation/Appointment/Page_Calendar/Date' is clicked on

27-09-2024T15:54:37 - [TEST_STEP][PASSED] - setText(findTestObject("Object Repository/Specific Cases Repository/LS/Calendar/Calendar_Events/Calendar_Events_Creation/Appointment/Page_Calendar/Date"), Last_Week_Date): Text '09/20/2024' is set on object 'Object Repository/Specific Cases Repository/LS/Calendar/Calendar_Events/Calendar_Events_Creation/Appointment/Page_Calendar/Date'

27-09-2024T15:54:38 - [MESSAGE][PASSED] - Text '09/20/2024' is set on object 'Object Repository/Specific Cases Repository/LS/Calendar/Calendar_Events/Calendar_Events_Creation/Appointment/Page_Calendar/Date'

27-09-2024T15:54:38 - [TEST_STEP][PASSED] - click(findTestObject("Object Repository/Specific Cases Repository/LS/Calendar/Calendar_Events/Calendar_Events_Creation/Appointment/Page_Calendar/Start Time Clock")): Object: 'Object Repository/Specific Cases Repository/LS/Calendar/Calendar_Events/Calendar_Events_Creation/Appointment/Page_Calendar/Start Time Clock' is clicked on

27-09-2024T15:54:38 - [MESSAGE][PASSED] - Object: 'Object Repository/Specific Cases Repository/LS/Calendar/Calendar_Events/Calendar_Events_Creation/Appointment/Page_Calendar/Start Time Clock' is clicked on

27-09-2024T15:54:38 - [TEST_STEP][PASSED] - setText(findTestObject("Object Repository/Specific Cases Repository/LS/Calendar/Calendar_Events/Calendar_Events_Creation/Appointment/Page_Calendar/Start Time Clock"), "1500"): Text '1500' is set on object 'Object Repository/Specific Cases Repository/LS/Calendar/Calendar_Events/Calendar_Events_Creation/Appointment/Page_Calendar/Start Time Clock'

27-09-2024T15:54:39 - [MESSAGE][PASSED] - Text '1500' is set on object 'Object Repository/Specific Cases Repository/LS/Calendar/Calendar_Events/Calendar_Events_Creation/Appointment/Page_Calendar/Start Time Clock'

27-09-2024T15:54:39 - [TEST_STEP][PASSED] - click(findTestObject("Object Repository/Specific Cases Repository/LS/Calendar/Calendar_Events/Calendar_Events_Creation/Appointment/Page_Calendar/End Time Clock")): Object: 'Object Repository/Specific Cases Repository/LS/Calendar/Calendar_Events/Calendar_Events_Creation/Appointment/Page_Calendar/End Time Clock' is clicked on

27-09-2024T15:54:40 - [MESSAGE][PASSED] - Object: 'Object Repository/Specific Cases Repository/LS/Calendar/Calendar_Events/Calendar_Events_Creation/Appointment/Page_Calendar/End Time Clock' is clicked on

27-09-2024T15:54:40 - [TEST_STEP][PASSED] - setText(findTestObject("Object Repository/Specific Cases Repository/LS/Calendar/Calendar_Events/Calendar_Events_Creation/Appointment/Page_Calendar/End Time Clock"), "1600"): Text '1600' is set on object 'Object Repository/Specific Cases Repository/LS/Calendar/Calendar_Events/Calendar_Events_Creation/Appointment/Page_Calendar/End Time Clock'

27-09-2024T15:54:41 - [MESSAGE][PASSED] - Text '1600' is set on object 'Object Repository/Specific Cases Repository/LS/Calendar/Calendar_Events/Calendar_Events_Creation/Appointment/Page_Calendar/End Time Clock'

27-09-2024T15:54:41 - [TEST_STEP][PASSED] - click(findTestObject("Object Repository/Specific Cases Repository/LS/Calendar/Calendar_Events/Calendar_Events_Creation/Appointment/Page_Calendar/button_Reminder__simple-switch-track")): Object: 'Object Repository/Specific Cases Repository/LS/Calendar/Calendar_Events/Calendar_Events_Creation/Appointment/Page_Calendar/button_Reminder__simple-switch-track' is clicked on

27-09-2024T15:54:41 - [MESSAGE][PASSED] - Object: 'Object Repository/Specific Cases Repository/LS/Calendar/Calendar_Events/Calendar_Events_Creation/Appointment/Page_Calendar/button_Reminder__simple-switch-track' is clicked on

27-09-2024T15:54:41 - [TEST_STEP][PASSED] - setText(findTestObject("Specific Cases Repository/LS/Calendar/Calendar_Events/Calendar_Events_Creation/Event/Page_Calendar/input_Reminder_select2-search__field"), "15"): Text '15' is set on object 'Object Repository/Specific Cases Repository/LS/Calendar/Calendar_Events/Calendar_Events_Creation/Event/Page_Calendar/input_Reminder_select2-search__field'

27-09-2024T15:54:42 - [MESSAGE][PASSED] - Text '15' is set on object 'Object Repository/Specific Cases Repository/LS/Calendar/Calendar_Events/Calendar_Events_Creation/Event/Page_Calendar/input_Reminder_select2-search__field'

27-09-2024T15:54:42 - [TEST_STEP][PASSED] - sendKeys(findTestObject("Specific Cases Repository/LS/Calendar/Calendar_Events/Calendar_Events_Creation/Event/Page_Calendar/input_Reminder_select2-search__field"), Keys.chord(ENTER)): Keys 'ENTER + ' sent to object: 'Object Repository/Specific Cases Repository/LS/Calendar/Calendar_Events/Calendar_Events_Creation/Event/Page_Calendar/input_Reminder_select2-search__field'

27-09-2024T15:54:42 - [MESSAGE][PASSED] - Keys 'ENTER + ' sent to object: 'Object Repository/Specific Cases Repository/LS/Calendar/Calendar_Events/Calendar_Events_Creation/Event/Page_Calendar/input_Reminder_select2-search__field'

27-09-2024T15:54:42 - [TEST_STEP][PASSED] - setText(findTestObject("Object Repository/Specific Cases Repository/LS/Calendar/Calendar_Events/Calendar_Events_Creation/Appointment/Page_Calendar/input_Notes_notes"), "Automation Test Note"): Text 'Automation Test Note' is set on object 'Object Repository/Specific Cases Repository/LS/Calendar/Calendar_Events/Calendar_Events_Creation/Appointment/Page_Calendar/input_Notes_notes'

27-09-2024T15:54:43 - [MESSAGE][PASSED] - Text 'Automation Test Note' is set on object 'Object Repository/Specific Cases Repository/LS/Calendar/Calendar_Events/Calendar_Events_Creation/Appointment/Page_Calendar/input_Notes_notes'

27-09-2024T15:54:43 - [TEST_STEP][PASSED] - scrollToElement(findTestObject("Specific Cases Repository/LS/Calendar/Calendar_Events/Calendar_Events_Creation/Appointment/Page_Calendar/a_Save"), 0): Scroll to object 'Object Repository/Specific Cases Repository/LS/Calendar/Calendar_Events/Calendar_Events_Creation/Appointment/Page_Calendar/a_Save' successfully

27-09-2024T15:54:43 - [MESSAGE][WARNING] - Timeout '0' is invalid. Using default page load timeout: '30'

27-09-2024T15:54:43 - [MESSAGE][PASSED] - Scroll to object 'Object Repository/Specific Cases Repository/LS/Calendar/Calendar_Events/Calendar_Events_Creation/Appointment/Page_Calendar/a_Save' successfully

27-09-2024T15:54:43 - [TEST_STEP][PASSED] - click(findTestObject("Specific Cases Repository/LS/Calendar/Calendar_Events/Calendar_Events_Creation/Appointment/Page_Calendar/a_Save")): Object: 'Object Repository/Specific Cases Repository/LS/Calendar/Calendar_Events/Calendar_Events_Creation/Appointment/Page_Calendar/a_Save' is clicked on

27-09-2024T15:54:43 - [MESSAGE][PASSED] - Object: 'Object Repository/Specific Cases Repository/LS/Calendar/Calendar_Events/Calendar_Events_Creation/Appointment/Page_Calendar/a_Save' is clicked on

27-09-2024T15:54:43 - [TEST_STEP][PASSED] - click(findTestObject("Specific Cases Repository/LS/Calendar/Calendar_Events/Calendar_Events_Creation/Appointment/Page_Calendar/Previus Week Arrow")): Object: 'Object Repository/Specific Cases Repository/LS/Calendar/Calendar_Events/Calendar_Events_Creation/Appointment/Page_Calendar/Previus Week Arrow' is clicked on

27-09-2024T15:54:44 - [MESSAGE][PASSED] - Object: 'Object Repository/Specific Cases Repository/LS/Calendar/Calendar_Events/Calendar_Events_Creation/Appointment/Page_Calendar/Previus Week Arrow' is clicked on

27-09-2024T15:54:44 - [TEST_STEP][PASSED] - scrollToElement(findTestObject("Specific Cases Repository/LS/Calendar/Calendar_Events/Calendar_Events_Creation/Appointment/Page_Calendar/a_Automation Test with A Automation, A Clie_8f5a4c - Past"), 0): Scroll to object 'Object Repository/Specific Cases Repository/LS/Calendar/Calendar_Events/Calendar_Events_Creation/Appointment/Page_Calendar/a_Automation Test with A Automation, A Clie_8f5a4c - Past' successfully

27-09-2024T15:54:44 - [MESSAGE][WARNING] - Timeout '0' is invalid. Using default page load timeout: '30'

27-09-2024T15:54:45 - [MESSAGE][PASSED] - Scroll to object 'Object Repository/Specific Cases Repository/LS/Calendar/Calendar_Events/Calendar_Events_Creation/Appointment/Page_Calendar/a_Automation Test with A Automation, A Clie_8f5a4c - Past' successfully

27-09-2024T15:54:45 - [TEST_STEP][PASSED] - mouseOver(findTestObject("Specific Cases Repository/LS/Calendar/Calendar_Events/Calendar_Events_Creation/Appointment/Page_Calendar/a_Automation Test with A Automation, A Clie_8f5a4c - Past")): Object: 'Object Repository/Specific Cases Repository/LS/Calendar/Calendar_Events/Calendar_Events_Creation/Appointment/Page_Calendar/a_Automation Test with A Automation, A Clie_8f5a4c - Past' is hovered

27-09-2024T15:54:45 - [MESSAGE][PASSED] - Object: 'Object Repository/Specific Cases Repository/LS/Calendar/Calendar_Events/Calendar_Events_Creation/Appointment/Page_Calendar/a_Automation Test with A Automation, A Clie_8f5a4c - Past' is hovered

27-09-2024T15:54:45 - [TEST_STEP][PASSED] - verifyElementText(findTestObject("Specific Cases Repository/LS/Calendar/Calendar_Events/Calendar_Events_Creation/Appointment/Page_Calendar/span_Past Automation Test with B Automation, B"), "Past Automation Test with B Automation, B Client MR# 24-11007: 5 Panel Drug Screen"): Actual text and expected text of test object 'Object Repository/Specific Cases Repository/LS/Calendar/Calendar_Events/Calendar_Events_Creation/Appointment/Page_Calendar/span_Past Automation Test with B Automation, B' are matched.

27-09-2024T15:54:46 - [MESSAGE][PASSED] - Actual text and expected text of test object 'Object Repository/Specific Cases Repository/LS/Calendar/Calendar_Events/Calendar_Events_Creation/Appointment/Page_Calendar/span_Past Automation Test with B Automation, B' are matched.

27-09-2024T15:54:46 - [TEST_STEP][PASSED] - verifyElementText(findTestObject("Object Repository/Specific Cases Repository/LS/Calendar/Calendar_Events/Calendar_Events_Creation/Appointment/Page_Calendar/span_15 minutes before"), "15 minutes before"): Actual text and expected text of test object 'Object Repository/Specific Cases Repository/LS/Calendar/Calendar_Events/Calendar_Events_Creation/Appointment/Page_Calendar/span_15 minutes before' are matched.

27-09-2024T15:54:46 - [MESSAGE][PASSED] - Actual text and expected text of test object 'Object Repository/Specific Cases Repository/LS/Calendar/Calendar_Events/Calendar_Events_Creation/Appointment/Page_Calendar/span_15 minutes before' are matched.

27-09-2024T15:54:46 - [TEST_STEP][PASSED] - click(findTestObject("Specific Cases Repository/LS/Calendar/Calendar_Events/Calendar_Events_Creation/Appointment/Page_Calendar/a_Automation Test with A Automation, A Clie_8f5a4c - Past")): Object: 'Object Repository/Specific Cases Repository/LS/Calendar/Calendar_Events/Calendar_Events_Creation/Appointment/Page_Calendar/a_Automation Test with A Automation, A Clie_8f5a4c - Past' is clicked on

27-09-2024T15:54:46 - [MESSAGE][PASSED] - Object: 'Object Repository/Specific Cases Repository/LS/Calendar/Calendar_Events/Calendar_Events_Creation/Appointment/Page_Calendar/a_Automation Test with A Automation, A Clie_8f5a4c - Past' is clicked on

27-09-2024T15:54:46 - [TEST_STEP][PASSED] - verifyElementText(findTestObject("Object Repository/Specific Cases Repository/LS/Calendar/Calendar_Events/Calendar_Events_Creation/Appointment/Page_Calendar/b_Revise Schedule for"), "Revise Schedule for"): Actual text and expected text of test object 'Object Repository/Specific Cases Repository/LS/Calendar/Calendar_Events/Calendar_Events_Creation/Appointment/Page_Calendar/b_Revise Schedule for' are matched.

27-09-2024T15:54:48 - [MESSAGE][PASSED] - Actual text and expected text of test object 'Object Repository/Specific Cases Repository/LS/Calendar/Calendar_Events/Calendar_Events_Creation/Appointment/Page_Calendar/b_Revise Schedule for' are matched.

27-09-2024T15:54:48 - [TEST_STEP][PASSED] - verifyElementText(findTestObject("Object Repository/Specific Cases Repository/LS/Calendar/Calendar_Events/Calendar_Events_Creation/Appointment/Page_Calendar/a_A Client A Automation"), "B Client B Automation"): Actual text and expected text of test object 'Object Repository/Specific Cases Repository/LS/Calendar/Calendar_Events/Calendar_Events_Creation/Appointment/Page_Calendar/a_A Client A Automation' are matched.

27-09-2024T15:54:48 - [MESSAGE][PASSED] - Actual text and expected text of test object 'Object Repository/Specific Cases Repository/LS/Calendar/Calendar_Events/Calendar_Events_Creation/Appointment/Page_Calendar/a_A Client A Automation' are matched.

27-09-2024T15:54:48 - [TEST_STEP][PASSED] - closeBrowser(): Browser is closed

27-09-2024T15:54:48 - [MESSAGE][PASSED] - Browser is closed]]></system-out>
         <system-err><![CDATA[]]></system-err>
      </testcase>
      <testcase name="Test Cases/Specific Cases/LS/General/Calendar/Past Events Creation/Past_Calendar_Block" time="24.418" classname="Test Cases/Specific Cases/LS/General/Calendar/Past Events Creation/Past_Calendar_Block" status="PASSED">
         <system-out><![CDATA[27-09-2024T15:54:48 - [TEST_CASE][PASSED] - Test Cases/Specific Cases/LS/General/Calendar/Past Events Creation/Past_Calendar_Block: Test Cases/Specific Cases/LS/General/Calendar/Past Events Creation/Past_Calendar_Block

27-09-2024T15:54:48 - [TEST_STEP][PASSED] - callTestCase(findTestCase("Common Cases/Login"), [:], STOP_ON_FAILURE): Call Test Case 'Test Cases/Common Cases/Login' successfully

27-09-2024T15:54:48 - [TEST_CASE][PASSED] - Test Cases/Common Cases/Login: Test Cases/Common Cases/Login

27-09-2024T15:54:48 - [TEST_STEP][PASSED] - openBrowser(""): Browser is opened with url: ''

27-09-2024T15:54:48 - [MESSAGE][INFO] - Starting 'Chrome' driver

27-09-2024T15:54:48 - [MESSAGE][INFO] - Action delay is set to 0 milliseconds

27-09-2024T15:54:49 - [MESSAGE][PASSED] - Browser is opened with url: ''

27-09-2024T15:54:49 - [TEST_STEP][PASSED] - maximizeWindow(): Current window maximized

27-09-2024T15:54:49 - [MESSAGE][PASSED] - Current window maximized

27-09-2024T15:54:49 - [TEST_STEP][PASSED] - navigateToUrl("https://site17.lsapp.cloud/auth/login"): Navigate to 'https://site17.lsapp.cloud/auth/login' successfully

27-09-2024T15:54:50 - [MESSAGE][PASSED] - Navigate to 'https://site17.lsapp.cloud/auth/login' successfully

27-09-2024T15:54:50 - [TEST_STEP][PASSED] - setText(findTestObject("Object Repository/Common Cases Repository/Login/Page_Lightning Step/input_Email_email"), "automation@lightningstep.com"): Text 'automation@lightningstep.com' is set on object 'Object Repository/Common Cases Repository/Login/Page_Lightning Step/input_Email_email'

27-09-2024T15:54:51 - [MESSAGE][PASSED] - Text 'automation@lightningstep.com' is set on object 'Object Repository/Common Cases Repository/Login/Page_Lightning Step/input_Email_email'

27-09-2024T15:54:51 - [TEST_STEP][PASSED] - setEncryptedText(findTestObject("Object Repository/Common Cases Repository/Login/Page_Lightning Step/input_Password_password"), "e5N8VHmnhJDITtQaQhDQDw=="): Text ****** has been set on object 'Object Repository/Common Cases Repository/Login/Page_Lightning Step/input_Password_password'

27-09-2024T15:54:51 - [MESSAGE][PASSED] - Text ****** has been set on object 'Object Repository/Common Cases Repository/Login/Page_Lightning Step/input_Password_password'

27-09-2024T15:54:51 - [TEST_STEP][PASSED] - click(findTestObject("Object Repository/Common Cases Repository/Login/Page_Lightning Step/button_Sign in")): Object: 'Object Repository/Common Cases Repository/Login/Page_Lightning Step/button_Sign in' is clicked on

27-09-2024T15:54:57 - [MESSAGE][PASSED] - Object: 'Object Repository/Common Cases Repository/Login/Page_Lightning Step/button_Sign in' is clicked on

27-09-2024T15:54:57 - [MESSAGE][PASSED] - Call Test Case 'Test Cases/Common Cases/Login' successfully

27-09-2024T15:54:57 - [TEST_STEP][PASSED] - click(findTestObject("Object Repository/Specific Cases Repository/LS/Calendar/Calendar_Events/Calendar_Events_Creation/Block/Page_Home/a_Calendar")): Object: 'Object Repository/Specific Cases Repository/LS/Calendar/Calendar_Events/Calendar_Events_Creation/Block/Page_Home/a_Calendar' is clicked on

27-09-2024T15:55:00 - [MESSAGE][PASSED] - Object: 'Object Repository/Specific Cases Repository/LS/Calendar/Calendar_Events/Calendar_Events_Creation/Block/Page_Home/a_Calendar' is clicked on

27-09-2024T15:55:00 - [TEST_STEP][PASSED] - navigateToUrl("https://site17.lsapp.cloud/calendar"): Navigate to 'https://site17.lsapp.cloud/calendar' successfully

27-09-2024T15:55:02 - [MESSAGE][PASSED] - Navigate to 'https://site17.lsapp.cloud/calendar' successfully

27-09-2024T15:55:02 - [TEST_STEP][PASSED] - click(findTestObject("Object Repository/Specific Cases Repository/LS/Calendar/Calendar_Events/Calendar_Events_Creation/Block/Page_Calendar/button_Create new")): Object: 'Object Repository/Specific Cases Repository/LS/Calendar/Calendar_Events/Calendar_Events_Creation/Block/Page_Calendar/button_Create new' is clicked on

27-09-2024T15:55:02 - [MESSAGE][PASSED] - Object: 'Object Repository/Specific Cases Repository/LS/Calendar/Calendar_Events/Calendar_Events_Creation/Block/Page_Calendar/button_Create new' is clicked on

27-09-2024T15:55:02 - [TEST_STEP][PASSED] - click(findTestObject("Object Repository/Specific Cases Repository/LS/Calendar/Calendar_Events/Calendar_Events_Creation/Block/Page_Calendar/label_Block")): Object: 'Object Repository/Specific Cases Repository/LS/Calendar/Calendar_Events/Calendar_Events_Creation/Block/Page_Calendar/label_Block' is clicked on

27-09-2024T15:55:03 - [MESSAGE][PASSED] - Object: 'Object Repository/Specific Cases Repository/LS/Calendar/Calendar_Events/Calendar_Events_Creation/Block/Page_Calendar/label_Block' is clicked on

27-09-2024T15:55:03 - [TEST_STEP][PASSED] - setText(findTestObject("Object Repository/Specific Cases Repository/LS/Calendar/Calendar_Events/Calendar_Events_Creation/Block/Page_Calendar/input_Title_title_"), "Past Automation Block"): Text 'Past Automation Block' is set on object 'Object Repository/Specific Cases Repository/LS/Calendar/Calendar_Events/Calendar_Events_Creation/Block/Page_Calendar/input_Title_title_'

27-09-2024T15:55:04 - [MESSAGE][PASSED] - Text 'Past Automation Block' is set on object 'Object Repository/Specific Cases Repository/LS/Calendar/Calendar_Events/Calendar_Events_Creation/Block/Page_Calendar/input_Title_title_'

27-09-2024T15:55:04 - [TEST_STEP][PASSED] - click(findTestObject("Object Repository/Specific Cases Repository/LS/Calendar/Calendar_Events/Calendar_Events_Creation/Appointment/Page_Calendar/Date")): Object: 'Object Repository/Specific Cases Repository/LS/Calendar/Calendar_Events/Calendar_Events_Creation/Appointment/Page_Calendar/Date' is clicked on

27-09-2024T15:55:05 - [MESSAGE][PASSED] - Object: 'Object Repository/Specific Cases Repository/LS/Calendar/Calendar_Events/Calendar_Events_Creation/Appointment/Page_Calendar/Date' is clicked on

27-09-2024T15:55:05 - [TEST_STEP][PASSED] - setText(findTestObject("Object Repository/Specific Cases Repository/LS/Calendar/Calendar_Events/Calendar_Events_Creation/Appointment/Page_Calendar/Date"), Last_Week_Date): Text '09/20/2024' is set on object 'Object Repository/Specific Cases Repository/LS/Calendar/Calendar_Events/Calendar_Events_Creation/Appointment/Page_Calendar/Date'

27-09-2024T15:55:05 - [MESSAGE][PASSED] - Text '09/20/2024' is set on object 'Object Repository/Specific Cases Repository/LS/Calendar/Calendar_Events/Calendar_Events_Creation/Appointment/Page_Calendar/Date'

27-09-2024T15:55:05 - [TEST_STEP][PASSED] - click(findTestObject("Object Repository/Specific Cases Repository/LS/Calendar/Calendar_Events/Calendar_Events_Creation/Appointment/Page_Calendar/Start Time Clock")): Object: 'Object Repository/Specific Cases Repository/LS/Calendar/Calendar_Events/Calendar_Events_Creation/Appointment/Page_Calendar/Start Time Clock' is clicked on

27-09-2024T15:55:06 - [MESSAGE][PASSED] - Object: 'Object Repository/Specific Cases Repository/LS/Calendar/Calendar_Events/Calendar_Events_Creation/Appointment/Page_Calendar/Start Time Clock' is clicked on

27-09-2024T15:55:06 - [TEST_STEP][PASSED] - setText(findTestObject("Object Repository/Specific Cases Repository/LS/Calendar/Calendar_Events/Calendar_Events_Creation/Appointment/Page_Calendar/Start Time Clock"), "1600"): Text '1600' is set on object 'Object Repository/Specific Cases Repository/LS/Calendar/Calendar_Events/Calendar_Events_Creation/Appointment/Page_Calendar/Start Time Clock'

27-09-2024T15:55:07 - [MESSAGE][PASSED] - Text '1600' is set on object 'Object Repository/Specific Cases Repository/LS/Calendar/Calendar_Events/Calendar_Events_Creation/Appointment/Page_Calendar/Start Time Clock'

27-09-2024T15:55:07 - [TEST_STEP][PASSED] - click(findTestObject("Object Repository/Specific Cases Repository/LS/Calendar/Calendar_Events/Calendar_Events_Creation/Block/Page_Calendar/div_Schedule                               _3f20bf")): Object: 'Object Repository/Specific Cases Repository/LS/Calendar/Calendar_Events/Calendar_Events_Creation/Block/Page_Calendar/div_Schedule                               _3f20bf' is clicked on

27-09-2024T15:55:07 - [MESSAGE][PASSED] - Object: 'Object Repository/Specific Cases Repository/LS/Calendar/Calendar_Events/Calendar_Events_Creation/Block/Page_Calendar/div_Schedule                               _3f20bf' is clicked on

27-09-2024T15:55:07 - [TEST_STEP][PASSED] - click(findTestObject("Object Repository/Specific Cases Repository/LS/Calendar/Calendar_Events/Calendar_Events_Creation/Block/Page_Calendar/button_Reminder__simple-switch-track")): Object: 'Object Repository/Specific Cases Repository/LS/Calendar/Calendar_Events/Calendar_Events_Creation/Block/Page_Calendar/button_Reminder__simple-switch-track' is clicked on

27-09-2024T15:55:08 - [MESSAGE][PASSED] - Object: 'Object Repository/Specific Cases Repository/LS/Calendar/Calendar_Events/Calendar_Events_Creation/Block/Page_Calendar/button_Reminder__simple-switch-track' is clicked on

27-09-2024T15:55:08 - [TEST_STEP][PASSED] - setText(findTestObject("Object Repository/Specific Cases Repository/LS/Calendar/Calendar_Events/Calendar_Events_Creation/Block/Page_Calendar/input_Reminder_select2-search__field"), "45"): Text '45' is set on object 'Object Repository/Specific Cases Repository/LS/Calendar/Calendar_Events/Calendar_Events_Creation/Block/Page_Calendar/input_Reminder_select2-search__field'

27-09-2024T15:55:08 - [MESSAGE][PASSED] - Text '45' is set on object 'Object Repository/Specific Cases Repository/LS/Calendar/Calendar_Events/Calendar_Events_Creation/Block/Page_Calendar/input_Reminder_select2-search__field'

27-09-2024T15:55:08 - [TEST_STEP][PASSED] - sendKeys(findTestObject("Object Repository/Specific Cases Repository/LS/Calendar/Calendar_Events/Calendar_Events_Creation/Block/Page_Calendar/input_Reminder_select2-search__field"), Keys.chord(ENTER)): Keys 'ENTER + ' sent to object: 'Object Repository/Specific Cases Repository/LS/Calendar/Calendar_Events/Calendar_Events_Creation/Block/Page_Calendar/input_Reminder_select2-search__field'

27-09-2024T15:55:09 - [MESSAGE][PASSED] - Keys 'ENTER + ' sent to object: 'Object Repository/Specific Cases Repository/LS/Calendar/Calendar_Events/Calendar_Events_Creation/Block/Page_Calendar/input_Reminder_select2-search__field'

27-09-2024T15:55:09 - [TEST_STEP][PASSED] - setText(findTestObject("Object Repository/Specific Cases Repository/LS/Calendar/Calendar_Events/Calendar_Events_Creation/Block/Page_Calendar/input_Notes_notes"), "Automation Block Note"): Text 'Automation Block Note' is set on object 'Object Repository/Specific Cases Repository/LS/Calendar/Calendar_Events/Calendar_Events_Creation/Block/Page_Calendar/input_Notes_notes'

27-09-2024T15:55:10 - [MESSAGE][PASSED] - Text 'Automation Block Note' is set on object 'Object Repository/Specific Cases Repository/LS/Calendar/Calendar_Events/Calendar_Events_Creation/Block/Page_Calendar/input_Notes_notes'

27-09-2024T15:55:10 - [TEST_STEP][PASSED] - click(findTestObject("Object Repository/Specific Cases Repository/LS/Calendar/Calendar_Events/Calendar_Events_Creation/Block/Page_Calendar/a_Save")): Object: 'Object Repository/Specific Cases Repository/LS/Calendar/Calendar_Events/Calendar_Events_Creation/Block/Page_Calendar/a_Save' is clicked on

27-09-2024T15:55:10 - [MESSAGE][PASSED] - Object: 'Object Repository/Specific Cases Repository/LS/Calendar/Calendar_Events/Calendar_Events_Creation/Block/Page_Calendar/a_Save' is clicked on

27-09-2024T15:55:10 - [TEST_STEP][PASSED] - click(findTestObject("Specific Cases Repository/LS/Calendar/Calendar_Events/Calendar_Events_Creation/Appointment/Page_Calendar/Previus Week Arrow")): Object: 'Object Repository/Specific Cases Repository/LS/Calendar/Calendar_Events/Calendar_Events_Creation/Appointment/Page_Calendar/Previus Week Arrow' is clicked on

27-09-2024T15:55:10 - [MESSAGE][PASSED] - Object: 'Object Repository/Specific Cases Repository/LS/Calendar/Calendar_Events/Calendar_Events_Creation/Appointment/Page_Calendar/Previus Week Arrow' is clicked on

27-09-2024T15:55:10 - [TEST_STEP][PASSED] - mouseOver(findTestObject("Specific Cases Repository/LS/Calendar/Calendar_Events/Calendar_Events_Creation/Block/Page_Calendar/a_Blocked for Automation Block - Past")): Object: 'Object Repository/Specific Cases Repository/LS/Calendar/Calendar_Events/Calendar_Events_Creation/Block/Page_Calendar/a_Blocked for Automation Block - Past' is hovered

27-09-2024T15:55:12 - [MESSAGE][PASSED] - Object: 'Object Repository/Specific Cases Repository/LS/Calendar/Calendar_Events/Calendar_Events_Creation/Block/Page_Calendar/a_Blocked for Automation Block - Past' is hovered

27-09-2024T15:55:12 - [TEST_STEP][PASSED] - verifyElementText(findTestObject("Specific Cases Repository/LS/Calendar/Calendar_Events/Calendar_Events_Creation/Block/Page_Calendar/span_Blocked for Past Automation Block"), "Blocked for: Past Automation Block"): Actual text and expected text of test object 'Object Repository/Specific Cases Repository/LS/Calendar/Calendar_Events/Calendar_Events_Creation/Block/Page_Calendar/span_Blocked for Past Automation Block' are matched.

27-09-2024T15:55:12 - [MESSAGE][PASSED] - Actual text and expected text of test object 'Object Repository/Specific Cases Repository/LS/Calendar/Calendar_Events/Calendar_Events_Creation/Block/Page_Calendar/span_Blocked for Past Automation Block' are matched.

27-09-2024T15:55:12 - [TEST_STEP][PASSED] - verifyElementText(findTestObject("Object Repository/Specific Cases Repository/LS/Calendar/Calendar_Events/Calendar_Events_Creation/Block/Page_Calendar/span_45 minutes before"), "45 minutes before"): Actual text and expected text of test object 'Object Repository/Specific Cases Repository/LS/Calendar/Calendar_Events/Calendar_Events_Creation/Block/Page_Calendar/span_45 minutes before' are matched.

27-09-2024T15:55:12 - [MESSAGE][PASSED] - Actual text and expected text of test object 'Object Repository/Specific Cases Repository/LS/Calendar/Calendar_Events/Calendar_Events_Creation/Block/Page_Calendar/span_45 minutes before' are matched.

27-09-2024T15:55:12 - [TEST_STEP][PASSED] - closeBrowser(): Browser is closed

27-09-2024T15:55:12 - [MESSAGE][PASSED] - Browser is closed]]></system-out>
         <system-err><![CDATA[]]></system-err>
      </testcase>
      <testcase name="Test Cases/Specific Cases/LS/General/Calendar/Past Events Creation/Past_Calendar_Event" time="25.13" classname="Test Cases/Specific Cases/LS/General/Calendar/Past Events Creation/Past_Calendar_Event" status="PASSED">
         <system-out><![CDATA[27-09-2024T15:55:12 - [TEST_CASE][PASSED] - Test Cases/Specific Cases/LS/General/Calendar/Past Events Creation/Past_Calendar_Event: Test Cases/Specific Cases/LS/General/Calendar/Past Events Creation/Past_Calendar_Event

27-09-2024T15:55:12 - [TEST_STEP][PASSED] - callTestCase(findTestCase("Common Cases/Login"), [:], STOP_ON_FAILURE): Call Test Case 'Test Cases/Common Cases/Login' successfully

27-09-2024T15:55:12 - [TEST_CASE][PASSED] - Test Cases/Common Cases/Login: Test Cases/Common Cases/Login

27-09-2024T15:55:13 - [TEST_STEP][PASSED] - openBrowser(""): Browser is opened with url: ''

27-09-2024T15:55:13 - [MESSAGE][INFO] - Starting 'Chrome' driver

27-09-2024T15:55:13 - [MESSAGE][INFO] - Action delay is set to 0 milliseconds

27-09-2024T15:55:13 - [MESSAGE][PASSED] - Browser is opened with url: ''

27-09-2024T15:55:13 - [TEST_STEP][PASSED] - maximizeWindow(): Current window maximized

27-09-2024T15:55:13 - [MESSAGE][PASSED] - Current window maximized

27-09-2024T15:55:13 - [TEST_STEP][PASSED] - navigateToUrl("https://site17.lsapp.cloud/auth/login"): Navigate to 'https://site17.lsapp.cloud/auth/login' successfully

27-09-2024T15:55:15 - [MESSAGE][PASSED] - Navigate to 'https://site17.lsapp.cloud/auth/login' successfully

27-09-2024T15:55:15 - [TEST_STEP][PASSED] - setText(findTestObject("Object Repository/Common Cases Repository/Login/Page_Lightning Step/input_Email_email"), "automation@lightningstep.com"): Text 'automation@lightningstep.com' is set on object 'Object Repository/Common Cases Repository/Login/Page_Lightning Step/input_Email_email'

27-09-2024T15:55:15 - [MESSAGE][PASSED] - Text 'automation@lightningstep.com' is set on object 'Object Repository/Common Cases Repository/Login/Page_Lightning Step/input_Email_email'

27-09-2024T15:55:15 - [TEST_STEP][PASSED] - setEncryptedText(findTestObject("Object Repository/Common Cases Repository/Login/Page_Lightning Step/input_Password_password"), "e5N8VHmnhJDITtQaQhDQDw=="): Text ****** has been set on object 'Object Repository/Common Cases Repository/Login/Page_Lightning Step/input_Password_password'

27-09-2024T15:55:16 - [MESSAGE][PASSED] - Text ****** has been set on object 'Object Repository/Common Cases Repository/Login/Page_Lightning Step/input_Password_password'

27-09-2024T15:55:16 - [TEST_STEP][PASSED] - click(findTestObject("Object Repository/Common Cases Repository/Login/Page_Lightning Step/button_Sign in")): Object: 'Object Repository/Common Cases Repository/Login/Page_Lightning Step/button_Sign in' is clicked on

27-09-2024T15:55:22 - [MESSAGE][PASSED] - Object: 'Object Repository/Common Cases Repository/Login/Page_Lightning Step/button_Sign in' is clicked on

27-09-2024T15:55:22 - [MESSAGE][PASSED] - Call Test Case 'Test Cases/Common Cases/Login' successfully

27-09-2024T15:55:22 - [TEST_STEP][PASSED] - click(findTestObject("Object Repository/Specific Cases Repository/LS/Calendar/Calendar_Events/Calendar_Events_Creation/Event/Page_Home/a_Calendar")): Object: 'Object Repository/Specific Cases Repository/LS/Calendar/Calendar_Events/Calendar_Events_Creation/Event/Page_Home/a_Calendar' is clicked on

27-09-2024T15:55:25 - [MESSAGE][PASSED] - Object: 'Object Repository/Specific Cases Repository/LS/Calendar/Calendar_Events/Calendar_Events_Creation/Event/Page_Home/a_Calendar' is clicked on

27-09-2024T15:55:25 - [TEST_STEP][PASSED] - navigateToUrl("https://site17.lsapp.cloud/calendar"): Navigate to 'https://site17.lsapp.cloud/calendar' successfully

27-09-2024T15:55:26 - [MESSAGE][PASSED] - Navigate to 'https://site17.lsapp.cloud/calendar' successfully

27-09-2024T15:55:26 - [TEST_STEP][PASSED] - click(findTestObject("Object Repository/Specific Cases Repository/LS/Calendar/Calendar_Events/Calendar_Events_Creation/Event/Page_Calendar/button_Create new")): Object: 'Object Repository/Specific Cases Repository/LS/Calendar/Calendar_Events/Calendar_Events_Creation/Event/Page_Calendar/button_Create new' is clicked on

27-09-2024T15:55:27 - [MESSAGE][PASSED] - Object: 'Object Repository/Specific Cases Repository/LS/Calendar/Calendar_Events/Calendar_Events_Creation/Event/Page_Calendar/button_Create new' is clicked on

27-09-2024T15:55:27 - [TEST_STEP][PASSED] - click(findTestObject("Object Repository/Specific Cases Repository/LS/Calendar/Calendar_Events/Calendar_Events_Creation/Event/Page_Calendar/label_Event")): Object: 'Object Repository/Specific Cases Repository/LS/Calendar/Calendar_Events/Calendar_Events_Creation/Event/Page_Calendar/label_Event' is clicked on

27-09-2024T15:55:28 - [MESSAGE][PASSED] - Object: 'Object Repository/Specific Cases Repository/LS/Calendar/Calendar_Events/Calendar_Events_Creation/Event/Page_Calendar/label_Event' is clicked on

27-09-2024T15:55:28 - [TEST_STEP][PASSED] - setText(findTestObject("Object Repository/Specific Cases Repository/LS/Calendar/Calendar_Events/Calendar_Events_Creation/Event/Page_Calendar/input_Title_title_"), "Past Automation Event"): Text 'Past Automation Event' is set on object 'Object Repository/Specific Cases Repository/LS/Calendar/Calendar_Events/Calendar_Events_Creation/Event/Page_Calendar/input_Title_title_'

27-09-2024T15:55:28 - [MESSAGE][PASSED] - Text 'Past Automation Event' is set on object 'Object Repository/Specific Cases Repository/LS/Calendar/Calendar_Events/Calendar_Events_Creation/Event/Page_Calendar/input_Title_title_'

27-09-2024T15:55:28 - [TEST_STEP][PASSED] - click(findTestObject("Object Repository/Specific Cases Repository/LS/Calendar/Calendar_Events/Calendar_Events_Creation/Appointment/Page_Calendar/Date")): Object: 'Object Repository/Specific Cases Repository/LS/Calendar/Calendar_Events/Calendar_Events_Creation/Appointment/Page_Calendar/Date' is clicked on

27-09-2024T15:55:29 - [MESSAGE][PASSED] - Object: 'Object Repository/Specific Cases Repository/LS/Calendar/Calendar_Events/Calendar_Events_Creation/Appointment/Page_Calendar/Date' is clicked on

27-09-2024T15:55:29 - [TEST_STEP][PASSED] - setText(findTestObject("Object Repository/Specific Cases Repository/LS/Calendar/Calendar_Events/Calendar_Events_Creation/Appointment/Page_Calendar/Date"), Last_Week_Date): Text '09/20/2024' is set on object 'Object Repository/Specific Cases Repository/LS/Calendar/Calendar_Events/Calendar_Events_Creation/Appointment/Page_Calendar/Date'

27-09-2024T15:55:29 - [MESSAGE][PASSED] - Text '09/20/2024' is set on object 'Object Repository/Specific Cases Repository/LS/Calendar/Calendar_Events/Calendar_Events_Creation/Appointment/Page_Calendar/Date'

27-09-2024T15:55:29 - [TEST_STEP][PASSED] - click(findTestObject("Object Repository/Specific Cases Repository/LS/Calendar/Calendar_Events/Calendar_Events_Creation/Appointment/Page_Calendar/Start Time Clock")): Object: 'Object Repository/Specific Cases Repository/LS/Calendar/Calendar_Events/Calendar_Events_Creation/Appointment/Page_Calendar/Start Time Clock' is clicked on

27-09-2024T15:55:30 - [MESSAGE][PASSED] - Object: 'Object Repository/Specific Cases Repository/LS/Calendar/Calendar_Events/Calendar_Events_Creation/Appointment/Page_Calendar/Start Time Clock' is clicked on

27-09-2024T15:55:30 - [TEST_STEP][PASSED] - setText(findTestObject("Object Repository/Specific Cases Repository/LS/Calendar/Calendar_Events/Calendar_Events_Creation/Appointment/Page_Calendar/Start Time Clock"), "1400"): Text '1400' is set on object 'Object Repository/Specific Cases Repository/LS/Calendar/Calendar_Events/Calendar_Events_Creation/Appointment/Page_Calendar/Start Time Clock'

27-09-2024T15:55:31 - [MESSAGE][PASSED] - Text '1400' is set on object 'Object Repository/Specific Cases Repository/LS/Calendar/Calendar_Events/Calendar_Events_Creation/Appointment/Page_Calendar/Start Time Clock'

27-09-2024T15:55:31 - [TEST_STEP][PASSED] - click(findTestObject("Object Repository/Specific Cases Repository/LS/Calendar/Calendar_Events/Calendar_Events_Creation/Event/Page_Calendar/div_Schedule                               _3f20bf")): Object: 'Object Repository/Specific Cases Repository/LS/Calendar/Calendar_Events/Calendar_Events_Creation/Event/Page_Calendar/div_Schedule                               _3f20bf' is clicked on

27-09-2024T15:55:31 - [MESSAGE][PASSED] - Object: 'Object Repository/Specific Cases Repository/LS/Calendar/Calendar_Events/Calendar_Events_Creation/Event/Page_Calendar/div_Schedule                               _3f20bf' is clicked on

27-09-2024T15:55:31 - [TEST_STEP][PASSED] - click(findTestObject("Object Repository/Specific Cases Repository/LS/Calendar/Calendar_Events/Calendar_Events_Creation/Event/Page_Calendar/button_Reminder__simple-switch-track")): Object: 'Object Repository/Specific Cases Repository/LS/Calendar/Calendar_Events/Calendar_Events_Creation/Event/Page_Calendar/button_Reminder__simple-switch-track' is clicked on

27-09-2024T15:55:31 - [MESSAGE][PASSED] - Object: 'Object Repository/Specific Cases Repository/LS/Calendar/Calendar_Events/Calendar_Events_Creation/Event/Page_Calendar/button_Reminder__simple-switch-track' is clicked on

27-09-2024T15:55:31 - [TEST_STEP][PASSED] - setText(findTestObject("Object Repository/Specific Cases Repository/LS/Calendar/Calendar_Events/Calendar_Events_Creation/Event/Page_Calendar/input_Reminder_select2-search__field"), "15"): Text '15' is set on object 'Object Repository/Specific Cases Repository/LS/Calendar/Calendar_Events/Calendar_Events_Creation/Event/Page_Calendar/input_Reminder_select2-search__field'

27-09-2024T15:55:32 - [MESSAGE][PASSED] - Text '15' is set on object 'Object Repository/Specific Cases Repository/LS/Calendar/Calendar_Events/Calendar_Events_Creation/Event/Page_Calendar/input_Reminder_select2-search__field'

27-09-2024T15:55:32 - [TEST_STEP][PASSED] - sendKeys(findTestObject("Object Repository/Specific Cases Repository/LS/Calendar/Calendar_Events/Calendar_Events_Creation/Event/Page_Calendar/input_Reminder_select2-search__field"), Keys.chord(ENTER)): Keys 'ENTER + ' sent to object: 'Object Repository/Specific Cases Repository/LS/Calendar/Calendar_Events/Calendar_Events_Creation/Event/Page_Calendar/input_Reminder_select2-search__field'

27-09-2024T15:55:32 - [MESSAGE][PASSED] - Keys 'ENTER + ' sent to object: 'Object Repository/Specific Cases Repository/LS/Calendar/Calendar_Events/Calendar_Events_Creation/Event/Page_Calendar/input_Reminder_select2-search__field'

27-09-2024T15:55:32 - [TEST_STEP][PASSED] - setText(findTestObject("Object Repository/Specific Cases Repository/LS/Calendar/Calendar_Events/Calendar_Events_Creation/Event/Page_Calendar/input_Reminder_select2-search__field"), "3 "): Text '3 ' is set on object 'Object Repository/Specific Cases Repository/LS/Calendar/Calendar_Events/Calendar_Events_Creation/Event/Page_Calendar/input_Reminder_select2-search__field'

27-09-2024T15:55:33 - [MESSAGE][PASSED] - Text '3 ' is set on object 'Object Repository/Specific Cases Repository/LS/Calendar/Calendar_Events/Calendar_Events_Creation/Event/Page_Calendar/input_Reminder_select2-search__field'

27-09-2024T15:55:33 - [TEST_STEP][PASSED] - sendKeys(findTestObject("Object Repository/Specific Cases Repository/LS/Calendar/Calendar_Events/Calendar_Events_Creation/Event/Page_Calendar/input_Reminder_select2-search__field"), Keys.chord(ENTER)): Keys 'ENTER + ' sent to object: 'Object Repository/Specific Cases Repository/LS/Calendar/Calendar_Events/Calendar_Events_Creation/Event/Page_Calendar/input_Reminder_select2-search__field'

27-09-2024T15:55:34 - [MESSAGE][PASSED] - Keys 'ENTER + ' sent to object: 'Object Repository/Specific Cases Repository/LS/Calendar/Calendar_Events/Calendar_Events_Creation/Event/Page_Calendar/input_Reminder_select2-search__field'

27-09-2024T15:55:34 - [TEST_STEP][PASSED] - setText(findTestObject("Object Repository/Specific Cases Repository/LS/Calendar/Calendar_Events/Calendar_Events_Creation/Event/Page_Calendar/input_Notes_notes"), "Past Automation Event Note"): Text 'Past Automation Event Note' is set on object 'Object Repository/Specific Cases Repository/LS/Calendar/Calendar_Events/Calendar_Events_Creation/Event/Page_Calendar/input_Notes_notes'

27-09-2024T15:55:34 - [MESSAGE][PASSED] - Text 'Past Automation Event Note' is set on object 'Object Repository/Specific Cases Repository/LS/Calendar/Calendar_Events/Calendar_Events_Creation/Event/Page_Calendar/input_Notes_notes'

27-09-2024T15:55:34 - [TEST_STEP][PASSED] - click(findTestObject("Object Repository/Specific Cases Repository/LS/Calendar/Calendar_Events/Calendar_Events_Creation/Event/Page_Calendar/a_Save")): Object: 'Object Repository/Specific Cases Repository/LS/Calendar/Calendar_Events/Calendar_Events_Creation/Event/Page_Calendar/a_Save' is clicked on

27-09-2024T15:55:35 - [MESSAGE][PASSED] - Object: 'Object Repository/Specific Cases Repository/LS/Calendar/Calendar_Events/Calendar_Events_Creation/Event/Page_Calendar/a_Save' is clicked on

27-09-2024T15:55:35 - [TEST_STEP][PASSED] - click(findTestObject("Specific Cases Repository/LS/Calendar/Calendar_Events/Calendar_Events_Creation/Appointment/Page_Calendar/Previus Week Arrow")): Object: 'Object Repository/Specific Cases Repository/LS/Calendar/Calendar_Events/Calendar_Events_Creation/Appointment/Page_Calendar/Previus Week Arrow' is clicked on

27-09-2024T15:55:35 - [MESSAGE][PASSED] - Object: 'Object Repository/Specific Cases Repository/LS/Calendar/Calendar_Events/Calendar_Events_Creation/Appointment/Page_Calendar/Previus Week Arrow' is clicked on

27-09-2024T15:55:35 - [TEST_STEP][PASSED] - scrollToElement(findTestObject("Specific Cases Repository/LS/Calendar/Calendar_Events/Calendar_Events_Creation/Event/Page_Calendar/a_Automation Event - Past"), 0): Scroll to object 'Object Repository/Specific Cases Repository/LS/Calendar/Calendar_Events/Calendar_Events_Creation/Event/Page_Calendar/a_Automation Event - Past' successfully

27-09-2024T15:55:35 - [MESSAGE][WARNING] - Timeout '0' is invalid. Using default page load timeout: '30'

27-09-2024T15:55:36 - [MESSAGE][PASSED] - Scroll to object 'Object Repository/Specific Cases Repository/LS/Calendar/Calendar_Events/Calendar_Events_Creation/Event/Page_Calendar/a_Automation Event - Past' successfully

27-09-2024T15:55:36 - [TEST_STEP][PASSED] - mouseOver(findTestObject("Specific Cases Repository/LS/Calendar/Calendar_Events/Calendar_Events_Creation/Event/Page_Calendar/a_Automation Event - Past")): Object: 'Object Repository/Specific Cases Repository/LS/Calendar/Calendar_Events/Calendar_Events_Creation/Event/Page_Calendar/a_Automation Event - Past' is hovered

27-09-2024T15:55:37 - [MESSAGE][PASSED] - Object: 'Object Repository/Specific Cases Repository/LS/Calendar/Calendar_Events/Calendar_Events_Creation/Event/Page_Calendar/a_Automation Event - Past' is hovered

27-09-2024T15:55:37 - [TEST_STEP][PASSED] - verifyElementText(findTestObject("Specific Cases Repository/LS/Calendar/Calendar_Events/Calendar_Events_Creation/Event/Page_Calendar/span_Automation Event - Past"), "Past Automation Event"): Actual text and expected text of test object 'Object Repository/Specific Cases Repository/LS/Calendar/Calendar_Events/Calendar_Events_Creation/Event/Page_Calendar/span_Automation Event - Past' are matched.

27-09-2024T15:55:37 - [MESSAGE][PASSED] - Actual text and expected text of test object 'Object Repository/Specific Cases Repository/LS/Calendar/Calendar_Events/Calendar_Events_Creation/Event/Page_Calendar/span_Automation Event - Past' are matched.

27-09-2024T15:55:37 - [TEST_STEP][PASSED] - verifyElementText(findTestObject("Object Repository/Specific Cases Repository/LS/Calendar/Calendar_Events/Calendar_Events_Creation/Event/Page_Calendar/span_180 minutes before, 15 minutes before"), "180 minutes before, 15 minutes before"): Actual text and expected text of test object 'Object Repository/Specific Cases Repository/LS/Calendar/Calendar_Events/Calendar_Events_Creation/Event/Page_Calendar/span_180 minutes before, 15 minutes before' are matched.

27-09-2024T15:55:37 - [MESSAGE][PASSED] - Actual text and expected text of test object 'Object Repository/Specific Cases Repository/LS/Calendar/Calendar_Events/Calendar_Events_Creation/Event/Page_Calendar/span_180 minutes before, 15 minutes before' are matched.

27-09-2024T15:55:37 - [TEST_STEP][PASSED] - closeBrowser(): Browser is closed

27-09-2024T15:55:37 - [MESSAGE][PASSED] - Browser is closed]]></system-out>
         <system-err><![CDATA[]]></system-err>
      </testcase>
      <testcase name="Test Cases/Specific Cases/LS/General/Calendar/Past Events Creation/Past_Calendar_Groups" time="33.463" classname="Test Cases/Specific Cases/LS/General/Calendar/Past Events Creation/Past_Calendar_Groups" status="PASSED">
         <system-out><![CDATA[27-09-2024T15:55:38 - [TEST_CASE][PASSED] - Test Cases/Specific Cases/LS/General/Calendar/Past Events Creation/Past_Calendar_Groups: Test Cases/Specific Cases/LS/General/Calendar/Past Events Creation/Past_Calendar_Groups

27-09-2024T15:55:38 - [TEST_STEP][PASSED] - callTestCase(findTestCase("Common Cases/Login"), [:], STOP_ON_FAILURE): Call Test Case 'Test Cases/Common Cases/Login' successfully

27-09-2024T15:55:38 - [TEST_CASE][PASSED] - Test Cases/Common Cases/Login: Test Cases/Common Cases/Login

27-09-2024T15:55:38 - [TEST_STEP][PASSED] - openBrowser(""): Browser is opened with url: ''

27-09-2024T15:55:38 - [MESSAGE][INFO] - Starting 'Chrome' driver

27-09-2024T15:55:38 - [MESSAGE][INFO] - Action delay is set to 0 milliseconds

27-09-2024T15:55:38 - [MESSAGE][PASSED] - Browser is opened with url: ''

27-09-2024T15:55:38 - [TEST_STEP][PASSED] - maximizeWindow(): Current window maximized

27-09-2024T15:55:38 - [MESSAGE][PASSED] - Current window maximized

27-09-2024T15:55:38 - [TEST_STEP][PASSED] - navigateToUrl("https://site17.lsapp.cloud/auth/login"): Navigate to 'https://site17.lsapp.cloud/auth/login' successfully

27-09-2024T15:55:40 - [MESSAGE][PASSED] - Navigate to 'https://site17.lsapp.cloud/auth/login' successfully

27-09-2024T15:55:40 - [TEST_STEP][PASSED] - setText(findTestObject("Object Repository/Common Cases Repository/Login/Page_Lightning Step/input_Email_email"), "automation@lightningstep.com"): Text 'automation@lightningstep.com' is set on object 'Object Repository/Common Cases Repository/Login/Page_Lightning Step/input_Email_email'

27-09-2024T15:55:41 - [MESSAGE][PASSED] - Text 'automation@lightningstep.com' is set on object 'Object Repository/Common Cases Repository/Login/Page_Lightning Step/input_Email_email'

27-09-2024T15:55:41 - [TEST_STEP][PASSED] - setEncryptedText(findTestObject("Object Repository/Common Cases Repository/Login/Page_Lightning Step/input_Password_password"), "e5N8VHmnhJDITtQaQhDQDw=="): Text ****** has been set on object 'Object Repository/Common Cases Repository/Login/Page_Lightning Step/input_Password_password'

27-09-2024T15:55:41 - [MESSAGE][PASSED] - Text ****** has been set on object 'Object Repository/Common Cases Repository/Login/Page_Lightning Step/input_Password_password'

27-09-2024T15:55:41 - [TEST_STEP][PASSED] - click(findTestObject("Object Repository/Common Cases Repository/Login/Page_Lightning Step/button_Sign in")): Object: 'Object Repository/Common Cases Repository/Login/Page_Lightning Step/button_Sign in' is clicked on

27-09-2024T15:55:46 - [MESSAGE][PASSED] - Object: 'Object Repository/Common Cases Repository/Login/Page_Lightning Step/button_Sign in' is clicked on

27-09-2024T15:55:46 - [MESSAGE][PASSED] - Call Test Case 'Test Cases/Common Cases/Login' successfully

27-09-2024T15:55:46 - [TEST_STEP][PASSED] - click(findTestObject("Object Repository/Specific Cases Repository/LS/Calendar/Calendar_Events/Calendar_Events_Creation/Group/Page_Home/a_Calendar")): Object: 'Object Repository/Specific Cases Repository/LS/Calendar/Calendar_Events/Calendar_Events_Creation/Group/Page_Home/a_Calendar' is clicked on

27-09-2024T15:55:49 - [MESSAGE][PASSED] - Object: 'Object Repository/Specific Cases Repository/LS/Calendar/Calendar_Events/Calendar_Events_Creation/Group/Page_Home/a_Calendar' is clicked on

27-09-2024T15:55:49 - [TEST_STEP][PASSED] - navigateToUrl("https://site17.lsapp.cloud/calendar"): Navigate to 'https://site17.lsapp.cloud/calendar' successfully

27-09-2024T15:55:51 - [MESSAGE][PASSED] - Navigate to 'https://site17.lsapp.cloud/calendar' successfully

27-09-2024T15:55:51 - [TEST_STEP][PASSED] - click(findTestObject("Object Repository/Specific Cases Repository/LS/Calendar/Calendar_Events/Calendar_Events_Creation/Group/Page_Calendar/button_Create new")): Object: 'Object Repository/Specific Cases Repository/LS/Calendar/Calendar_Events/Calendar_Events_Creation/Group/Page_Calendar/button_Create new' is clicked on

27-09-2024T15:55:51 - [MESSAGE][PASSED] - Object: 'Object Repository/Specific Cases Repository/LS/Calendar/Calendar_Events/Calendar_Events_Creation/Group/Page_Calendar/button_Create new' is clicked on

27-09-2024T15:55:51 - [TEST_STEP][PASSED] - click(findTestObject("Object Repository/Specific Cases Repository/LS/Calendar/Calendar_Events/Calendar_Events_Creation/Group/Page_Calendar/label_Group")): Object: 'Object Repository/Specific Cases Repository/LS/Calendar/Calendar_Events/Calendar_Events_Creation/Group/Page_Calendar/label_Group' is clicked on

27-09-2024T15:55:52 - [MESSAGE][PASSED] - Object: 'Object Repository/Specific Cases Repository/LS/Calendar/Calendar_Events/Calendar_Events_Creation/Group/Page_Calendar/label_Group' is clicked on

27-09-2024T15:55:52 - [TEST_STEP][PASSED] - click(findTestObject("Object Repository/Specific Cases Repository/LS/Calendar/Calendar_Events/Calendar_Events_Creation/Group/Page_Calendar/Groups Selector")): Object: 'Object Repository/Specific Cases Repository/LS/Calendar/Calendar_Events/Calendar_Events_Creation/Group/Page_Calendar/Groups Selector' is clicked on

27-09-2024T15:55:53 - [MESSAGE][PASSED] - Object: 'Object Repository/Specific Cases Repository/LS/Calendar/Calendar_Events/Calendar_Events_Creation/Group/Page_Calendar/Groups Selector' is clicked on

27-09-2024T15:55:53 - [TEST_STEP][PASSED] - setText(findTestObject("Object Repository/Specific Cases Repository/LS/Calendar/Calendar_Events/Calendar_Events_Creation/Group/Page_Calendar/input_Loading_select2-search__field"), "1.2"): Text '1.2' is set on object 'Object Repository/Specific Cases Repository/LS/Calendar/Calendar_Events/Calendar_Events_Creation/Group/Page_Calendar/input_Loading_select2-search__field'

27-09-2024T15:55:54 - [MESSAGE][PASSED] - Text '1.2' is set on object 'Object Repository/Specific Cases Repository/LS/Calendar/Calendar_Events/Calendar_Events_Creation/Group/Page_Calendar/input_Loading_select2-search__field'

27-09-2024T15:55:54 - [TEST_STEP][PASSED] - sendKeys(findTestObject("Object Repository/Specific Cases Repository/LS/Calendar/Calendar_Events/Calendar_Events_Creation/Group/Page_Calendar/input_Loading_select2-search__field"), Keys.chord(ENTER)): Keys 'ENTER + ' sent to object: 'Object Repository/Specific Cases Repository/LS/Calendar/Calendar_Events/Calendar_Events_Creation/Group/Page_Calendar/input_Loading_select2-search__field'

27-09-2024T15:55:54 - [MESSAGE][PASSED] - Keys 'ENTER + ' sent to object: 'Object Repository/Specific Cases Repository/LS/Calendar/Calendar_Events/Calendar_Events_Creation/Group/Page_Calendar/input_Loading_select2-search__field'

27-09-2024T15:55:54 - [TEST_STEP][PASSED] - setText(findTestObject("Object Repository/Specific Cases Repository/LS/Calendar/Calendar_Events/Calendar_Events_Creation/Group/Page_Calendar/input_Title_title_"), "1.2 Automatically Enroll Clients in Selected Location/Program(s) : Select Content"): Text '1.2 Automatically Enroll Clients in Selected Location/Program(s) : Select Content' is set on object 'Object Repository/Specific Cases Repository/LS/Calendar/Calendar_Events/Calendar_Events_Creation/Group/Page_Calendar/input_Title_title_'

27-09-2024T15:55:55 - [MESSAGE][PASSED] - Text '1.2 Automatically Enroll Clients in Selected Location/Program(s) : Select Content' is set on object 'Object Repository/Specific Cases Repository/LS/Calendar/Calendar_Events/Calendar_Events_Creation/Group/Page_Calendar/input_Title_title_'

27-09-2024T15:55:55 - [TEST_STEP][PASSED] - click(findTestObject("Object Repository/Specific Cases Repository/LS/Calendar/Calendar_Events/Calendar_Events_Creation/Group/Page_Calendar/Date")): Object: 'Object Repository/Specific Cases Repository/LS/Calendar/Calendar_Events/Calendar_Events_Creation/Group/Page_Calendar/Date' is clicked on

27-09-2024T15:55:56 - [MESSAGE][PASSED] - Object: 'Object Repository/Specific Cases Repository/LS/Calendar/Calendar_Events/Calendar_Events_Creation/Group/Page_Calendar/Date' is clicked on

27-09-2024T15:55:56 - [TEST_STEP][PASSED] - setText(findTestObject("Object Repository/Specific Cases Repository/LS/Calendar/Calendar_Events/Calendar_Events_Creation/Group/Page_Calendar/Date"), Last_Week_Date): Text '09/20/2024' is set on object 'Object Repository/Specific Cases Repository/LS/Calendar/Calendar_Events/Calendar_Events_Creation/Group/Page_Calendar/Date'

27-09-2024T15:55:56 - [MESSAGE][PASSED] - Text '09/20/2024' is set on object 'Object Repository/Specific Cases Repository/LS/Calendar/Calendar_Events/Calendar_Events_Creation/Group/Page_Calendar/Date'

27-09-2024T15:55:56 - [TEST_STEP][PASSED] - click(findTestObject("Object Repository/Specific Cases Repository/LS/Calendar/Calendar_Events/Calendar_Events_Creation/Group/Page_Calendar/Start Time")): Object: 'Object Repository/Specific Cases Repository/LS/Calendar/Calendar_Events/Calendar_Events_Creation/Group/Page_Calendar/Start Time' is clicked on

27-09-2024T15:55:57 - [MESSAGE][PASSED] - Object: 'Object Repository/Specific Cases Repository/LS/Calendar/Calendar_Events/Calendar_Events_Creation/Group/Page_Calendar/Start Time' is clicked on

27-09-2024T15:55:57 - [TEST_STEP][PASSED] - setText(findTestObject("Object Repository/Specific Cases Repository/LS/Calendar/Calendar_Events/Calendar_Events_Creation/Group/Page_Calendar/Start Time"), "1300"): Text '1300' is set on object 'Object Repository/Specific Cases Repository/LS/Calendar/Calendar_Events/Calendar_Events_Creation/Group/Page_Calendar/Start Time'

27-09-2024T15:55:58 - [MESSAGE][PASSED] - Text '1300' is set on object 'Object Repository/Specific Cases Repository/LS/Calendar/Calendar_Events/Calendar_Events_Creation/Group/Page_Calendar/Start Time'

27-09-2024T15:55:58 - [TEST_STEP][PASSED] - click(findTestObject("Object Repository/Specific Cases Repository/LS/Calendar/Calendar_Events/Calendar_Events_Creation/Group/Page_Calendar/End Time")): Object: 'Object Repository/Specific Cases Repository/LS/Calendar/Calendar_Events/Calendar_Events_Creation/Group/Page_Calendar/End Time' is clicked on

27-09-2024T15:55:58 - [MESSAGE][PASSED] - Object: 'Object Repository/Specific Cases Repository/LS/Calendar/Calendar_Events/Calendar_Events_Creation/Group/Page_Calendar/End Time' is clicked on

27-09-2024T15:55:58 - [TEST_STEP][PASSED] - setText(findTestObject("Object Repository/Specific Cases Repository/LS/Calendar/Calendar_Events/Calendar_Events_Creation/Group/Page_Calendar/End Time"), "1400"): Text '1400' is set on object 'Object Repository/Specific Cases Repository/LS/Calendar/Calendar_Events/Calendar_Events_Creation/Group/Page_Calendar/End Time'

27-09-2024T15:55:59 - [MESSAGE][PASSED] - Text '1400' is set on object 'Object Repository/Specific Cases Repository/LS/Calendar/Calendar_Events/Calendar_Events_Creation/Group/Page_Calendar/End Time'

27-09-2024T15:55:59 - [TEST_STEP][PASSED] - click(findTestObject("Object Repository/Specific Cases Repository/LS/Calendar/Calendar_Events/Calendar_Events_Creation/Group/Page_Calendar/Groups Selector")): Object: 'Object Repository/Specific Cases Repository/LS/Calendar/Calendar_Events/Calendar_Events_Creation/Group/Page_Calendar/Groups Selector' is clicked on

27-09-2024T15:55:59 - [MESSAGE][PASSED] - Object: 'Object Repository/Specific Cases Repository/LS/Calendar/Calendar_Events/Calendar_Events_Creation/Group/Page_Calendar/Groups Selector' is clicked on

27-09-2024T15:55:59 - [TEST_STEP][PASSED] - setText(findTestObject("Object Repository/Specific Cases Repository/LS/Calendar/Calendar_Events/Calendar_Events_Creation/Group/Page_Calendar/input_Loading_select2-search__field"), "1.2"): Text '1.2' is set on object 'Object Repository/Specific Cases Repository/LS/Calendar/Calendar_Events/Calendar_Events_Creation/Group/Page_Calendar/input_Loading_select2-search__field'

27-09-2024T15:56:00 - [MESSAGE][PASSED] - Text '1.2' is set on object 'Object Repository/Specific Cases Repository/LS/Calendar/Calendar_Events/Calendar_Events_Creation/Group/Page_Calendar/input_Loading_select2-search__field'

27-09-2024T15:56:00 - [TEST_STEP][PASSED] - sendKeys(findTestObject("Object Repository/Specific Cases Repository/LS/Calendar/Calendar_Events/Calendar_Events_Creation/Group/Page_Calendar/input_Loading_select2-search__field"), Keys.chord(ENTER)): Keys 'ENTER + ' sent to object: 'Object Repository/Specific Cases Repository/LS/Calendar/Calendar_Events/Calendar_Events_Creation/Group/Page_Calendar/input_Loading_select2-search__field'

27-09-2024T15:56:01 - [MESSAGE][PASSED] - Keys 'ENTER + ' sent to object: 'Object Repository/Specific Cases Repository/LS/Calendar/Calendar_Events/Calendar_Events_Creation/Group/Page_Calendar/input_Loading_select2-search__field'

27-09-2024T15:56:01 - [TEST_STEP][PASSED] - click(findTestObject("Object Repository/Specific Cases Repository/LS/Calendar/Calendar_Events/Calendar_Events_Creation/Group/Page_Calendar/span_Select Clients")): Object: 'Object Repository/Specific Cases Repository/LS/Calendar/Calendar_Events/Calendar_Events_Creation/Group/Page_Calendar/span_Select Clients' is clicked on

27-09-2024T15:56:02 - [MESSAGE][PASSED] - Object: 'Object Repository/Specific Cases Repository/LS/Calendar/Calendar_Events/Calendar_Events_Creation/Group/Page_Calendar/span_Select Clients' is clicked on

27-09-2024T15:56:02 - [TEST_STEP][PASSED] - click(findTestObject("Object Repository/Specific Cases Repository/LS/Calendar/Calendar_Events/Calendar_Events_Creation/Group/Page_Calendar/label_C Automation, C Client MR 24-11008")): Object: 'Object Repository/Specific Cases Repository/LS/Calendar/Calendar_Events/Calendar_Events_Creation/Group/Page_Calendar/label_C Automation, C Client MR 24-11008' is clicked on

27-09-2024T15:56:02 - [MESSAGE][PASSED] - Object: 'Object Repository/Specific Cases Repository/LS/Calendar/Calendar_Events/Calendar_Events_Creation/Group/Page_Calendar/label_C Automation, C Client MR 24-11008' is clicked on

27-09-2024T15:56:02 - [TEST_STEP][PASSED] - click(findTestObject("Object Repository/Specific Cases Repository/LS/Calendar/Calendar_Events/Calendar_Events_Creation/Group/Page_Calendar/label_B Automation, B Client MR 24-11007")): Object: 'Object Repository/Specific Cases Repository/LS/Calendar/Calendar_Events/Calendar_Events_Creation/Group/Page_Calendar/label_B Automation, B Client MR 24-11007' is clicked on

27-09-2024T15:56:02 - [MESSAGE][PASSED] - Object: 'Object Repository/Specific Cases Repository/LS/Calendar/Calendar_Events/Calendar_Events_Creation/Group/Page_Calendar/label_B Automation, B Client MR 24-11007' is clicked on

27-09-2024T15:56:02 - [TEST_STEP][PASSED] - click(findTestObject("Object Repository/Specific Cases Repository/LS/Calendar/Calendar_Events/Calendar_Events_Creation/Group/Page_Calendar/View Enrolled Patients")): Object: 'Object Repository/Specific Cases Repository/LS/Calendar/Calendar_Events/Calendar_Events_Creation/Group/Page_Calendar/View Enrolled Patients' is clicked on

27-09-2024T15:56:03 - [MESSAGE][PASSED] - Object: 'Object Repository/Specific Cases Repository/LS/Calendar/Calendar_Events/Calendar_Events_Creation/Group/Page_Calendar/View Enrolled Patients' is clicked on

27-09-2024T15:56:03 - [TEST_STEP][PASSED] - verifyElementText(findTestObject("Object Repository/Specific Cases Repository/LS/Calendar/Calendar_Events/Calendar_Events_Creation/Group/Page_Calendar/td_C Automation, C Client MR 24-11008"), "C Automation, C Client MR# 24-11008"): Actual text and expected text of test object 'Object Repository/Specific Cases Repository/LS/Calendar/Calendar_Events/Calendar_Events_Creation/Group/Page_Calendar/td_C Automation, C Client MR 24-11008' are matched.

27-09-2024T15:56:03 - [MESSAGE][PASSED] - Actual text and expected text of test object 'Object Repository/Specific Cases Repository/LS/Calendar/Calendar_Events/Calendar_Events_Creation/Group/Page_Calendar/td_C Automation, C Client MR 24-11008' are matched.

27-09-2024T15:56:03 - [TEST_STEP][PASSED] - verifyElementText(findTestObject("Object Repository/Specific Cases Repository/LS/Calendar/Calendar_Events/Calendar_Events_Creation/Group/Page_Calendar/td_B Automation, B Client MR 24-11007"), "B Automation, B Client MR# 24-11007"): Actual text and expected text of test object 'Object Repository/Specific Cases Repository/LS/Calendar/Calendar_Events/Calendar_Events_Creation/Group/Page_Calendar/td_B Automation, B Client MR 24-11007' are matched.

27-09-2024T15:56:03 - [MESSAGE][PASSED] - Actual text and expected text of test object 'Object Repository/Specific Cases Repository/LS/Calendar/Calendar_Events/Calendar_Events_Creation/Group/Page_Calendar/td_B Automation, B Client MR 24-11007' are matched.

27-09-2024T15:56:03 - [TEST_STEP][PASSED] - click(findTestObject("Object Repository/Specific Cases Repository/LS/Calendar/Calendar_Events/Calendar_Events_Creation/Group/Page_Calendar/View Enrolled Patients")): Object: 'Object Repository/Specific Cases Repository/LS/Calendar/Calendar_Events/Calendar_Events_Creation/Group/Page_Calendar/View Enrolled Patients' is clicked on

27-09-2024T15:56:04 - [MESSAGE][PASSED] - Object: 'Object Repository/Specific Cases Repository/LS/Calendar/Calendar_Events/Calendar_Events_Creation/Group/Page_Calendar/View Enrolled Patients' is clicked on

27-09-2024T15:56:04 - [TEST_STEP][PASSED] - scrollToElement(findTestObject("Object Repository/Specific Cases Repository/LS/Calendar/Calendar_Events/Calendar_Events_Creation/Group/Page_Calendar/a_Save"), 0): Scroll to object 'Object Repository/Specific Cases Repository/LS/Calendar/Calendar_Events/Calendar_Events_Creation/Group/Page_Calendar/a_Save' successfully

27-09-2024T15:56:04 - [MESSAGE][WARNING] - Timeout '0' is invalid. Using default page load timeout: '30'

27-09-2024T15:56:04 - [MESSAGE][PASSED] - Scroll to object 'Object Repository/Specific Cases Repository/LS/Calendar/Calendar_Events/Calendar_Events_Creation/Group/Page_Calendar/a_Save' successfully

27-09-2024T15:56:04 - [TEST_STEP][PASSED] - click(findTestObject("Object Repository/Specific Cases Repository/LS/Calendar/Calendar_Events/Calendar_Events_Creation/Group/Page_Calendar/a_Save")): Object: 'Object Repository/Specific Cases Repository/LS/Calendar/Calendar_Events/Calendar_Events_Creation/Group/Page_Calendar/a_Save' is clicked on

27-09-2024T15:56:04 - [MESSAGE][PASSED] - Object: 'Object Repository/Specific Cases Repository/LS/Calendar/Calendar_Events/Calendar_Events_Creation/Group/Page_Calendar/a_Save' is clicked on

27-09-2024T15:56:04 - [TEST_STEP][PASSED] - click(findTestObject("Specific Cases Repository/LS/Calendar/Calendar_Events/Calendar_Events_Creation/Appointment/Page_Calendar/Previus Week Arrow")): Object: 'Object Repository/Specific Cases Repository/LS/Calendar/Calendar_Events/Calendar_Events_Creation/Appointment/Page_Calendar/Previus Week Arrow' is clicked on

27-09-2024T15:56:05 - [MESSAGE][PASSED] - Object: 'Object Repository/Specific Cases Repository/LS/Calendar/Calendar_Events/Calendar_Events_Creation/Appointment/Page_Calendar/Previus Week Arrow' is clicked on

27-09-2024T15:56:05 - [TEST_STEP][PASSED] - waitForPageLoad(30): Wait for page load successfully

27-09-2024T15:56:05 - [MESSAGE][PASSED] - Wait for page load successfully

27-09-2024T15:56:05 - [TEST_STEP][PASSED] - click(findTestObject("Specific Cases Repository/LS/Calendar/Calendar_Events/Calendar_Events_Creation/Group/Page_Calendar/Calendar Event - Past")): Object: 'Object Repository/Specific Cases Repository/LS/Calendar/Calendar_Events/Calendar_Events_Creation/Group/Page_Calendar/Calendar Event - Past' is clicked on

27-09-2024T15:56:07 - [MESSAGE][PASSED] - Object: 'Object Repository/Specific Cases Repository/LS/Calendar/Calendar_Events/Calendar_Events_Creation/Group/Page_Calendar/Calendar Event - Past' is clicked on

27-09-2024T15:56:07 - [TEST_STEP][PASSED] - setText(findTestObject("Object Repository/Specific Cases Repository/LS/Calendar/Calendar_Events/Calendar_Events_Creation/Group/Page_Calendar/input_Title_title_edit"), "Past Automation Test 1.2 Automatically Enroll Clients in Selected Location/Program(s)"): Text 'Past Automation Test 1.2 Automatically Enroll Clients in Selected Location/Program(s)' is set on object 'Object Repository/Specific Cases Repository/LS/Calendar/Calendar_Events/Calendar_Events_Creation/Group/Page_Calendar/input_Title_title_edit'

27-09-2024T15:56:08 - [MESSAGE][PASSED] - Text 'Past Automation Test 1.2 Automatically Enroll Clients in Selected Location/Program(s)' is set on object 'Object Repository/Specific Cases Repository/LS/Calendar/Calendar_Events/Calendar_Events_Creation/Group/Page_Calendar/input_Title_title_edit'

27-09-2024T15:56:08 - [TEST_STEP][PASSED] - verifyElementText(findTestObject("Object Repository/Specific Cases Repository/LS/Calendar/Calendar_Events/Calendar_Events_Creation/Group/Page_Calendar/label_Start Group Session"), "Start Group Session"): Actual text and expected text of test object 'Object Repository/Specific Cases Repository/LS/Calendar/Calendar_Events/Calendar_Events_Creation/Group/Page_Calendar/label_Start Group Session' are matched.

27-09-2024T15:56:09 - [MESSAGE][PASSED] - Actual text and expected text of test object 'Object Repository/Specific Cases Repository/LS/Calendar/Calendar_Events/Calendar_Events_Creation/Group/Page_Calendar/label_Start Group Session' are matched.

27-09-2024T15:56:09 - [TEST_STEP][PASSED] - verifyElementPresent(findTestObject("Object Repository/Specific Cases Repository/LS/Calendar/Calendar_Events/Calendar_Events_Creation/Group/Page_Calendar/input_Start Group Session_isdocumentedgroup"), 0): Object 'Object Repository/Specific Cases Repository/LS/Calendar/Calendar_Events/Calendar_Events_Creation/Group/Page_Calendar/input_Start Group Session_isdocumentedgroup' is present

27-09-2024T15:56:09 - [MESSAGE][WARNING] - Timeout '0' is invalid. Using default page load timeout: '30'

27-09-2024T15:56:09 - [MESSAGE][PASSED] - Object 'Object Repository/Specific Cases Repository/LS/Calendar/Calendar_Events/Calendar_Events_Creation/Group/Page_Calendar/input_Start Group Session_isdocumentedgroup' is present

27-09-2024T15:56:09 - [TEST_STEP][PASSED] - click(findTestObject("Object Repository/Specific Cases Repository/LS/Calendar/Calendar_Events/Calendar_Events_Creation/Group/Page_Calendar/a_Save Revision")): Object: 'Object Repository/Specific Cases Repository/LS/Calendar/Calendar_Events/Calendar_Events_Creation/Group/Page_Calendar/a_Save Revision' is clicked on

27-09-2024T15:56:09 - [MESSAGE][PASSED] - Object: 'Object Repository/Specific Cases Repository/LS/Calendar/Calendar_Events/Calendar_Events_Creation/Group/Page_Calendar/a_Save Revision' is clicked on

27-09-2024T15:56:09 - [TEST_STEP][PASSED] - mouseOver(findTestObject("Specific Cases Repository/LS/Calendar/Calendar_Events/Calendar_Events_Creation/Group/Page_Calendar/Calendar Event - Past")): Object: 'Object Repository/Specific Cases Repository/LS/Calendar/Calendar_Events/Calendar_Events_Creation/Group/Page_Calendar/Calendar Event - Past' is hovered

27-09-2024T15:56:10 - [MESSAGE][PASSED] - Object: 'Object Repository/Specific Cases Repository/LS/Calendar/Calendar_Events/Calendar_Events_Creation/Group/Page_Calendar/Calendar Event - Past' is hovered

27-09-2024T15:56:10 - [TEST_STEP][PASSED] - verifyElementText(findTestObject("Specific Cases Repository/LS/Calendar/Calendar_Events/Calendar_Events_Creation/Group/Page_Calendar/span_Automation Test 1.2 Automatically Enro_f39ad6 - Past"), "Past Automation Test 1.2 Automatically Enroll Clients in Selected Location/Program(s)"): Actual text and expected text of test object 'Object Repository/Specific Cases Repository/LS/Calendar/Calendar_Events/Calendar_Events_Creation/Group/Page_Calendar/span_Automation Test 1.2 Automatically Enro_f39ad6 - Past' are matched.

27-09-2024T15:56:11 - [MESSAGE][PASSED] - Actual text and expected text of test object 'Object Repository/Specific Cases Repository/LS/Calendar/Calendar_Events/Calendar_Events_Creation/Group/Page_Calendar/span_Automation Test 1.2 Automatically Enro_f39ad6 - Past' are matched.

27-09-2024T15:56:11 - [TEST_STEP][PASSED] - closeBrowser(): Browser is closed

27-09-2024T15:56:11 - [MESSAGE][PASSED] - Browser is closed]]></system-out>
         <system-err><![CDATA[]]></system-err>
      </testcase>
      <testcase name="Test Cases/Specific Cases/LS/General/Calendar/Present Events Creation/Calendar_Appointment" time="40.151" classname="Test Cases/Specific Cases/LS/General/Calendar/Present Events Creation/Calendar_Appointment" status="PASSED">
         <system-out><![CDATA[27-09-2024T15:56:11 - [TEST_CASE][PASSED] - Test Cases/Specific Cases/LS/General/Calendar/Present Events Creation/Calendar_Appointment: Test Cases/Specific Cases/LS/General/Calendar/Present Events Creation/Calendar_Appointment

27-09-2024T15:56:11 - [TEST_STEP][PASSED] - callTestCase(findTestCase("Common Cases/Login"), [:], STOP_ON_FAILURE): Call Test Case 'Test Cases/Common Cases/Login' successfully

27-09-2024T15:56:11 - [TEST_CASE][PASSED] - Test Cases/Common Cases/Login: Test Cases/Common Cases/Login

27-09-2024T15:56:11 - [TEST_STEP][PASSED] - openBrowser(""): Browser is opened with url: ''

27-09-2024T15:56:11 - [MESSAGE][INFO] - Starting 'Chrome' driver

27-09-2024T15:56:11 - [MESSAGE][INFO] - Action delay is set to 0 milliseconds

27-09-2024T15:56:12 - [MESSAGE][PASSED] - Browser is opened with url: ''

27-09-2024T15:56:12 - [TEST_STEP][PASSED] - maximizeWindow(): Current window maximized

27-09-2024T15:56:12 - [MESSAGE][PASSED] - Current window maximized

27-09-2024T15:56:12 - [TEST_STEP][PASSED] - navigateToUrl("https://site17.lsapp.cloud/auth/login"): Navigate to 'https://site17.lsapp.cloud/auth/login' successfully

27-09-2024T15:56:13 - [MESSAGE][PASSED] - Navigate to 'https://site17.lsapp.cloud/auth/login' successfully

27-09-2024T15:56:13 - [TEST_STEP][PASSED] - setText(findTestObject("Object Repository/Common Cases Repository/Login/Page_Lightning Step/input_Email_email"), "automation@lightningstep.com"): Text 'automation@lightningstep.com' is set on object 'Object Repository/Common Cases Repository/Login/Page_Lightning Step/input_Email_email'

27-09-2024T15:56:14 - [MESSAGE][PASSED] - Text 'automation@lightningstep.com' is set on object 'Object Repository/Common Cases Repository/Login/Page_Lightning Step/input_Email_email'

27-09-2024T15:56:14 - [TEST_STEP][PASSED] - setEncryptedText(findTestObject("Object Repository/Common Cases Repository/Login/Page_Lightning Step/input_Password_password"), "e5N8VHmnhJDITtQaQhDQDw=="): Text ****** has been set on object 'Object Repository/Common Cases Repository/Login/Page_Lightning Step/input_Password_password'

27-09-2024T15:56:15 - [MESSAGE][PASSED] - Text ****** has been set on object 'Object Repository/Common Cases Repository/Login/Page_Lightning Step/input_Password_password'

27-09-2024T15:56:15 - [TEST_STEP][PASSED] - click(findTestObject("Object Repository/Common Cases Repository/Login/Page_Lightning Step/button_Sign in")): Object: 'Object Repository/Common Cases Repository/Login/Page_Lightning Step/button_Sign in' is clicked on

27-09-2024T15:56:20 - [MESSAGE][PASSED] - Object: 'Object Repository/Common Cases Repository/Login/Page_Lightning Step/button_Sign in' is clicked on

27-09-2024T15:56:20 - [MESSAGE][PASSED] - Call Test Case 'Test Cases/Common Cases/Login' successfully

27-09-2024T15:56:20 - [TEST_STEP][PASSED] - click(findTestObject("Object Repository/Specific Cases Repository/LS/Calendar/Calendar_Events/Calendar_Events_Creation/Page_Home/a_Calendar")): Object: 'Object Repository/Specific Cases Repository/LS/Calendar/Calendar_Events/Calendar_Events_Creation/Page_Home/a_Calendar' is clicked on

27-09-2024T15:56:23 - [MESSAGE][PASSED] - Object: 'Object Repository/Specific Cases Repository/LS/Calendar/Calendar_Events/Calendar_Events_Creation/Page_Home/a_Calendar' is clicked on

27-09-2024T15:56:23 - [TEST_STEP][PASSED] - click(findTestObject("Object Repository/Specific Cases Repository/LS/Calendar/Calendar_Events/Calendar_Events_Creation/Appointment/Page_Calendar/button_Create new")): Object: 'Object Repository/Specific Cases Repository/LS/Calendar/Calendar_Events/Calendar_Events_Creation/Appointment/Page_Calendar/button_Create new' is clicked on

27-09-2024T15:56:24 - [MESSAGE][PASSED] - Object: 'Object Repository/Specific Cases Repository/LS/Calendar/Calendar_Events/Calendar_Events_Creation/Appointment/Page_Calendar/button_Create new' is clicked on

27-09-2024T15:56:24 - [TEST_STEP][PASSED] - click(findTestObject("Object Repository/Specific Cases Repository/LS/Calendar/Calendar_Events/Calendar_Events_Creation/Appointment/Page_Calendar/label_Appointment")): Object: 'Object Repository/Specific Cases Repository/LS/Calendar/Calendar_Events/Calendar_Events_Creation/Appointment/Page_Calendar/label_Appointment' is clicked on

27-09-2024T15:56:25 - [MESSAGE][PASSED] - Object: 'Object Repository/Specific Cases Repository/LS/Calendar/Calendar_Events/Calendar_Events_Creation/Appointment/Page_Calendar/label_Appointment' is clicked on

27-09-2024T15:56:25 - [TEST_STEP][PASSED] - click(findTestObject("Object Repository/Specific Cases Repository/LS/Calendar/Calendar_Events/Calendar_Events_Creation/Appointment/Page_Calendar/span_Select Client")): Object: 'Object Repository/Specific Cases Repository/LS/Calendar/Calendar_Events/Calendar_Events_Creation/Appointment/Page_Calendar/span_Select Client' is clicked on

27-09-2024T15:56:25 - [MESSAGE][PASSED] - Object: 'Object Repository/Specific Cases Repository/LS/Calendar/Calendar_Events/Calendar_Events_Creation/Appointment/Page_Calendar/span_Select Client' is clicked on

27-09-2024T15:56:25 - [TEST_STEP][PASSED] - setText(findTestObject("Object Repository/Specific Cases Repository/LS/Calendar/Calendar_Events/Calendar_Events_Creation/Appointment/Page_Calendar/Patien Name"), "A Auto"): Text 'A Auto' is set on object 'Object Repository/Specific Cases Repository/LS/Calendar/Calendar_Events/Calendar_Events_Creation/Appointment/Page_Calendar/Patien Name'

27-09-2024T15:56:26 - [MESSAGE][PASSED] - Text 'A Auto' is set on object 'Object Repository/Specific Cases Repository/LS/Calendar/Calendar_Events/Calendar_Events_Creation/Appointment/Page_Calendar/Patien Name'

27-09-2024T15:56:26 - [TEST_STEP][PASSED] - sendKeys(findTestObject("Object Repository/Specific Cases Repository/LS/Calendar/Calendar_Events/Calendar_Events_Creation/Appointment/Page_Calendar/Patien Name"), Keys.chord(ENTER)): Keys 'ENTER + ' sent to object: 'Object Repository/Specific Cases Repository/LS/Calendar/Calendar_Events/Calendar_Events_Creation/Appointment/Page_Calendar/Patien Name'

27-09-2024T15:56:27 - [MESSAGE][PASSED] - Keys 'ENTER + ' sent to object: 'Object Repository/Specific Cases Repository/LS/Calendar/Calendar_Events/Calendar_Events_Creation/Appointment/Page_Calendar/Patien Name'

27-09-2024T15:56:27 - [TEST_STEP][PASSED] - click(findTestObject("Object Repository/Specific Cases Repository/LS/Calendar/Calendar_Events/Calendar_Events_Creation/Appointment/Page_Calendar/span_Select Service")): Object: 'Object Repository/Specific Cases Repository/LS/Calendar/Calendar_Events/Calendar_Events_Creation/Appointment/Page_Calendar/span_Select Service' is clicked on

27-09-2024T15:56:27 - [MESSAGE][PASSED] - Object: 'Object Repository/Specific Cases Repository/LS/Calendar/Calendar_Events/Calendar_Events_Creation/Appointment/Page_Calendar/span_Select Service' is clicked on

27-09-2024T15:56:27 - [TEST_STEP][PASSED] - setText(findTestObject("Object Repository/Specific Cases Repository/LS/Calendar/Calendar_Events/Calendar_Events_Creation/Appointment/Page_Calendar/Patien Name"), "5 "): Text '5 ' is set on object 'Object Repository/Specific Cases Repository/LS/Calendar/Calendar_Events/Calendar_Events_Creation/Appointment/Page_Calendar/Patien Name'

27-09-2024T15:56:28 - [MESSAGE][PASSED] - Text '5 ' is set on object 'Object Repository/Specific Cases Repository/LS/Calendar/Calendar_Events/Calendar_Events_Creation/Appointment/Page_Calendar/Patien Name'

27-09-2024T15:56:28 - [TEST_STEP][PASSED] - sendKeys(findTestObject("Object Repository/Specific Cases Repository/LS/Calendar/Calendar_Events/Calendar_Events_Creation/Appointment/Page_Calendar/Patien Name"), Keys.chord(ENTER)): Keys 'ENTER + ' sent to object: 'Object Repository/Specific Cases Repository/LS/Calendar/Calendar_Events/Calendar_Events_Creation/Appointment/Page_Calendar/Patien Name'

27-09-2024T15:56:29 - [MESSAGE][PASSED] - Keys 'ENTER + ' sent to object: 'Object Repository/Specific Cases Repository/LS/Calendar/Calendar_Events/Calendar_Events_Creation/Appointment/Page_Calendar/Patien Name'

27-09-2024T15:56:29 - [TEST_STEP][PASSED] - click(findTestObject("Object Repository/Specific Cases Repository/LS/Calendar/Calendar_Events/Calendar_Events_Creation/Appointment/Page_Calendar/input_Title_title_")): Object: 'Object Repository/Specific Cases Repository/LS/Calendar/Calendar_Events/Calendar_Events_Creation/Appointment/Page_Calendar/input_Title_title_' is clicked on

27-09-2024T15:56:29 - [MESSAGE][PASSED] - Object: 'Object Repository/Specific Cases Repository/LS/Calendar/Calendar_Events/Calendar_Events_Creation/Appointment/Page_Calendar/input_Title_title_' is clicked on

27-09-2024T15:56:29 - [TEST_STEP][PASSED] - setText(findTestObject("Object Repository/Specific Cases Repository/LS/Calendar/Calendar_Events/Calendar_Events_Creation/Appointment/Page_Calendar/input_Title_title_"), "Automation Test with A Automation, A Client MR# 24-11006: 5 Panel Drug Screen"): Text 'Automation Test with A Automation, A Client MR# 24-11006: 5 Panel Drug Screen' is set on object 'Object Repository/Specific Cases Repository/LS/Calendar/Calendar_Events/Calendar_Events_Creation/Appointment/Page_Calendar/input_Title_title_'

27-09-2024T15:56:30 - [MESSAGE][PASSED] - Text 'Automation Test with A Automation, A Client MR# 24-11006: 5 Panel Drug Screen' is set on object 'Object Repository/Specific Cases Repository/LS/Calendar/Calendar_Events/Calendar_Events_Creation/Appointment/Page_Calendar/input_Title_title_'

27-09-2024T15:56:30 - [TEST_STEP][PASSED] - click(findTestObject("Object Repository/Specific Cases Repository/LS/Calendar/Calendar_Events/Calendar_Events_Creation/Appointment/Page_Calendar/Date")): Object: 'Object Repository/Specific Cases Repository/LS/Calendar/Calendar_Events/Calendar_Events_Creation/Appointment/Page_Calendar/Date' is clicked on

27-09-2024T15:56:30 - [MESSAGE][PASSED] - Object: 'Object Repository/Specific Cases Repository/LS/Calendar/Calendar_Events/Calendar_Events_Creation/Appointment/Page_Calendar/Date' is clicked on

27-09-2024T15:56:30 - [TEST_STEP][PASSED] - setText(findTestObject("Object Repository/Specific Cases Repository/LS/Calendar/Calendar_Events/Calendar_Events_Creation/Appointment/Page_Calendar/Date"), Todays_Date): Text '09/27/2024' is set on object 'Object Repository/Specific Cases Repository/LS/Calendar/Calendar_Events/Calendar_Events_Creation/Appointment/Page_Calendar/Date'

27-09-2024T15:56:31 - [MESSAGE][PASSED] - Text '09/27/2024' is set on object 'Object Repository/Specific Cases Repository/LS/Calendar/Calendar_Events/Calendar_Events_Creation/Appointment/Page_Calendar/Date'

27-09-2024T15:56:31 - [TEST_STEP][PASSED] - click(findTestObject("Object Repository/Specific Cases Repository/LS/Calendar/Calendar_Events/Calendar_Events_Creation/Appointment/Page_Calendar/Start Time Clock")): Object: 'Object Repository/Specific Cases Repository/LS/Calendar/Calendar_Events/Calendar_Events_Creation/Appointment/Page_Calendar/Start Time Clock' is clicked on

27-09-2024T15:56:32 - [MESSAGE][PASSED] - Object: 'Object Repository/Specific Cases Repository/LS/Calendar/Calendar_Events/Calendar_Events_Creation/Appointment/Page_Calendar/Start Time Clock' is clicked on

27-09-2024T15:56:32 - [TEST_STEP][PASSED] - setText(findTestObject("Object Repository/Specific Cases Repository/LS/Calendar/Calendar_Events/Calendar_Events_Creation/Appointment/Page_Calendar/Start Time Clock"), "1500"): Text '1500' is set on object 'Object Repository/Specific Cases Repository/LS/Calendar/Calendar_Events/Calendar_Events_Creation/Appointment/Page_Calendar/Start Time Clock'

27-09-2024T15:56:32 - [MESSAGE][PASSED] - Text '1500' is set on object 'Object Repository/Specific Cases Repository/LS/Calendar/Calendar_Events/Calendar_Events_Creation/Appointment/Page_Calendar/Start Time Clock'

27-09-2024T15:56:32 - [TEST_STEP][PASSED] - click(findTestObject("Object Repository/Specific Cases Repository/LS/Calendar/Calendar_Events/Calendar_Events_Creation/Appointment/Page_Calendar/End Time Clock")): Object: 'Object Repository/Specific Cases Repository/LS/Calendar/Calendar_Events/Calendar_Events_Creation/Appointment/Page_Calendar/End Time Clock' is clicked on

27-09-2024T15:56:33 - [MESSAGE][PASSED] - Object: 'Object Repository/Specific Cases Repository/LS/Calendar/Calendar_Events/Calendar_Events_Creation/Appointment/Page_Calendar/End Time Clock' is clicked on

27-09-2024T15:56:33 - [TEST_STEP][PASSED] - setText(findTestObject("Object Repository/Specific Cases Repository/LS/Calendar/Calendar_Events/Calendar_Events_Creation/Appointment/Page_Calendar/End Time Clock"), "1600"): Text '1600' is set on object 'Object Repository/Specific Cases Repository/LS/Calendar/Calendar_Events/Calendar_Events_Creation/Appointment/Page_Calendar/End Time Clock'

27-09-2024T15:56:33 - [MESSAGE][PASSED] - Text '1600' is set on object 'Object Repository/Specific Cases Repository/LS/Calendar/Calendar_Events/Calendar_Events_Creation/Appointment/Page_Calendar/End Time Clock'

27-09-2024T15:56:33 - [TEST_STEP][PASSED] - click(findTestObject("Object Repository/Specific Cases Repository/LS/Calendar/Calendar_Events/Calendar_Events_Creation/Appointment/Page_Calendar/button_Reminder__simple-switch-track")): Object: 'Object Repository/Specific Cases Repository/LS/Calendar/Calendar_Events/Calendar_Events_Creation/Appointment/Page_Calendar/button_Reminder__simple-switch-track' is clicked on

27-09-2024T15:56:34 - [MESSAGE][PASSED] - Object: 'Object Repository/Specific Cases Repository/LS/Calendar/Calendar_Events/Calendar_Events_Creation/Appointment/Page_Calendar/button_Reminder__simple-switch-track' is clicked on

27-09-2024T15:56:34 - [TEST_STEP][PASSED] - setText(findTestObject("Specific Cases Repository/LS/Calendar/Calendar_Events/Calendar_Events_Creation/Event/Page_Calendar/input_Reminder_select2-search__field"), "15"): Text '15' is set on object 'Object Repository/Specific Cases Repository/LS/Calendar/Calendar_Events/Calendar_Events_Creation/Event/Page_Calendar/input_Reminder_select2-search__field'

27-09-2024T15:56:34 - [MESSAGE][PASSED] - Text '15' is set on object 'Object Repository/Specific Cases Repository/LS/Calendar/Calendar_Events/Calendar_Events_Creation/Event/Page_Calendar/input_Reminder_select2-search__field'

27-09-2024T15:56:34 - [TEST_STEP][PASSED] - sendKeys(findTestObject("Specific Cases Repository/LS/Calendar/Calendar_Events/Calendar_Events_Creation/Event/Page_Calendar/input_Reminder_select2-search__field"), Keys.chord(ENTER)): Keys 'ENTER + ' sent to object: 'Object Repository/Specific Cases Repository/LS/Calendar/Calendar_Events/Calendar_Events_Creation/Event/Page_Calendar/input_Reminder_select2-search__field'

27-09-2024T15:56:35 - [MESSAGE][PASSED] - Keys 'ENTER + ' sent to object: 'Object Repository/Specific Cases Repository/LS/Calendar/Calendar_Events/Calendar_Events_Creation/Event/Page_Calendar/input_Reminder_select2-search__field'

27-09-2024T15:56:35 - [TEST_STEP][PASSED] - setText(findTestObject("Object Repository/Specific Cases Repository/LS/Calendar/Calendar_Events/Calendar_Events_Creation/Appointment/Page_Calendar/input_Notes_notes"), "Automation Test Note"): Text 'Automation Test Note' is set on object 'Object Repository/Specific Cases Repository/LS/Calendar/Calendar_Events/Calendar_Events_Creation/Appointment/Page_Calendar/input_Notes_notes'

27-09-2024T15:56:36 - [MESSAGE][PASSED] - Text 'Automation Test Note' is set on object 'Object Repository/Specific Cases Repository/LS/Calendar/Calendar_Events/Calendar_Events_Creation/Appointment/Page_Calendar/input_Notes_notes'

27-09-2024T15:56:36 - [TEST_STEP][PASSED] - waitForPageLoad(0): Wait for page load successfully

27-09-2024T15:56:36 - [MESSAGE][WARNING] - Timeout '0' is invalid. Using default page load timeout: '30'

27-09-2024T15:56:36 - [MESSAGE][PASSED] - Wait for page load successfully

27-09-2024T15:56:36 - [TEST_STEP][PASSED] - scrollToElement(findTestObject("Specific Cases Repository/LS/Calendar/Calendar_Events/Calendar_Events_Creation/Appointment/Page_Calendar/a_Save"), 0): Scroll to object 'Object Repository/Specific Cases Repository/LS/Calendar/Calendar_Events/Calendar_Events_Creation/Appointment/Page_Calendar/a_Save' successfully

27-09-2024T15:56:36 - [MESSAGE][WARNING] - Timeout '0' is invalid. Using default page load timeout: '30'

27-09-2024T15:56:36 - [MESSAGE][PASSED] - Scroll to object 'Object Repository/Specific Cases Repository/LS/Calendar/Calendar_Events/Calendar_Events_Creation/Appointment/Page_Calendar/a_Save' successfully

27-09-2024T15:56:36 - [TEST_STEP][PASSED] - click(findTestObject("Specific Cases Repository/LS/Calendar/Calendar_Events/Calendar_Events_Creation/Appointment/Page_Calendar/a_Save")): Object: 'Object Repository/Specific Cases Repository/LS/Calendar/Calendar_Events/Calendar_Events_Creation/Appointment/Page_Calendar/a_Save' is clicked on

27-09-2024T15:56:36 - [MESSAGE][PASSED] - Object: 'Object Repository/Specific Cases Repository/LS/Calendar/Calendar_Events/Calendar_Events_Creation/Appointment/Page_Calendar/a_Save' is clicked on

27-09-2024T15:56:36 - [TEST_STEP][PASSED] - scrollToElement(findTestObject("Object Repository/Specific Cases Repository/LS/Calendar/Calendar_Events/Calendar_Events_Creation/Appointment/Page_Calendar/a_Automation Test with A Automation, A Clie_8f5a4c"), 0): Scroll to object 'Object Repository/Specific Cases Repository/LS/Calendar/Calendar_Events/Calendar_Events_Creation/Appointment/Page_Calendar/a_Automation Test with A Automation, A Clie_8f5a4c' successfully

27-09-2024T15:56:36 - [MESSAGE][WARNING] - Timeout '0' is invalid. Using default page load timeout: '30'

27-09-2024T15:56:37 - [MESSAGE][PASSED] - Scroll to object 'Object Repository/Specific Cases Repository/LS/Calendar/Calendar_Events/Calendar_Events_Creation/Appointment/Page_Calendar/a_Automation Test with A Automation, A Clie_8f5a4c' successfully

27-09-2024T15:56:37 - [TEST_STEP][PASSED] - mouseOver(findTestObject("Object Repository/Specific Cases Repository/LS/Calendar/Calendar_Events/Calendar_Events_Creation/Appointment/Page_Calendar/a_Automation Test with A Automation, A Clie_8f5a4c")): Object: 'Object Repository/Specific Cases Repository/LS/Calendar/Calendar_Events/Calendar_Events_Creation/Appointment/Page_Calendar/a_Automation Test with A Automation, A Clie_8f5a4c' is hovered

27-09-2024T15:56:37 - [MESSAGE][PASSED] - Object: 'Object Repository/Specific Cases Repository/LS/Calendar/Calendar_Events/Calendar_Events_Creation/Appointment/Page_Calendar/a_Automation Test with A Automation, A Clie_8f5a4c' is hovered

27-09-2024T15:56:37 - [TEST_STEP][PASSED] - verifyElementText(findTestObject("Object Repository/Specific Cases Repository/LS/Calendar/Calendar_Events/Calendar_Events_Creation/Appointment/Page_Calendar/span_Automation Test with A Automation, A C_2ccd87"), "Automation Test with A Automation, A Client MR# 24-11006: 5 Panel Drug Screen"): Actual text and expected text of test object 'Object Repository/Specific Cases Repository/LS/Calendar/Calendar_Events/Calendar_Events_Creation/Appointment/Page_Calendar/span_Automation Test with A Automation, A C_2ccd87' are matched.

27-09-2024T15:56:38 - [MESSAGE][PASSED] - Actual text and expected text of test object 'Object Repository/Specific Cases Repository/LS/Calendar/Calendar_Events/Calendar_Events_Creation/Appointment/Page_Calendar/span_Automation Test with A Automation, A C_2ccd87' are matched.

27-09-2024T15:56:38 - [TEST_STEP][PASSED] - verifyElementText(findTestObject("Object Repository/Specific Cases Repository/LS/Calendar/Calendar_Events/Calendar_Events_Creation/Appointment/Page_Calendar/span_15 minutes before"), "15 minutes before"): Actual text and expected text of test object 'Object Repository/Specific Cases Repository/LS/Calendar/Calendar_Events/Calendar_Events_Creation/Appointment/Page_Calendar/span_15 minutes before' are matched.

27-09-2024T15:56:38 - [MESSAGE][PASSED] - Actual text and expected text of test object 'Object Repository/Specific Cases Repository/LS/Calendar/Calendar_Events/Calendar_Events_Creation/Appointment/Page_Calendar/span_15 minutes before' are matched.

27-09-2024T15:56:38 - [TEST_STEP][PASSED] - click(findTestObject("Object Repository/Specific Cases Repository/LS/Calendar/Calendar_Events/Calendar_Events_Creation/Appointment/Page_Calendar/button_Create new")): Object: 'Object Repository/Specific Cases Repository/LS/Calendar/Calendar_Events/Calendar_Events_Creation/Appointment/Page_Calendar/button_Create new' is clicked on

27-09-2024T15:56:38 - [MESSAGE][PASSED] - Object: 'Object Repository/Specific Cases Repository/LS/Calendar/Calendar_Events/Calendar_Events_Creation/Appointment/Page_Calendar/button_Create new' is clicked on

27-09-2024T15:56:38 - [TEST_STEP][PASSED] - click(findTestObject("Object Repository/Specific Cases Repository/LS/Calendar/Calendar_Events/Calendar_Events_Creation/Appointment/Page_Calendar/label_Appointment")): Object: 'Object Repository/Specific Cases Repository/LS/Calendar/Calendar_Events/Calendar_Events_Creation/Appointment/Page_Calendar/label_Appointment' is clicked on

27-09-2024T15:56:39 - [MESSAGE][PASSED] - Object: 'Object Repository/Specific Cases Repository/LS/Calendar/Calendar_Events/Calendar_Events_Creation/Appointment/Page_Calendar/label_Appointment' is clicked on

27-09-2024T15:56:39 - [TEST_STEP][PASSED] - click(findTestObject("Object Repository/Specific Cases Repository/LS/Calendar/Calendar_Events/Calendar_Events_Creation/Appointment/Page_Calendar/label_Appointment")): Object: 'Object Repository/Specific Cases Repository/LS/Calendar/Calendar_Events/Calendar_Events_Creation/Appointment/Page_Calendar/label_Appointment' is clicked on

27-09-2024T15:56:39 - [MESSAGE][PASSED] - Object: 'Object Repository/Specific Cases Repository/LS/Calendar/Calendar_Events/Calendar_Events_Creation/Appointment/Page_Calendar/label_Appointment' is clicked on

27-09-2024T15:56:39 - [TEST_STEP][PASSED] - click(findTestObject("Object Repository/Specific Cases Repository/LS/Calendar/Calendar_Events/Calendar_Events_Creation/Appointment/Page_Calendar/span_Select Client")): Object: 'Object Repository/Specific Cases Repository/LS/Calendar/Calendar_Events/Calendar_Events_Creation/Appointment/Page_Calendar/span_Select Client' is clicked on

27-09-2024T15:56:40 - [MESSAGE][PASSED] - Object: 'Object Repository/Specific Cases Repository/LS/Calendar/Calendar_Events/Calendar_Events_Creation/Appointment/Page_Calendar/span_Select Client' is clicked on

27-09-2024T15:56:40 - [TEST_STEP][PASSED] - setText(findTestObject("Object Repository/Specific Cases Repository/LS/Calendar/Calendar_Events/Calendar_Events_Creation/Appointment/Page_Calendar/Patien Name"), "A Auto"): Text 'A Auto' is set on object 'Object Repository/Specific Cases Repository/LS/Calendar/Calendar_Events/Calendar_Events_Creation/Appointment/Page_Calendar/Patien Name'

27-09-2024T15:56:40 - [MESSAGE][PASSED] - Text 'A Auto' is set on object 'Object Repository/Specific Cases Repository/LS/Calendar/Calendar_Events/Calendar_Events_Creation/Appointment/Page_Calendar/Patien Name'

27-09-2024T15:56:40 - [TEST_STEP][PASSED] - sendKeys(findTestObject("Object Repository/Specific Cases Repository/LS/Calendar/Calendar_Events/Calendar_Events_Creation/Appointment/Page_Calendar/Patien Name"), Keys.chord(ENTER)): Keys 'ENTER + ' sent to object: 'Object Repository/Specific Cases Repository/LS/Calendar/Calendar_Events/Calendar_Events_Creation/Appointment/Page_Calendar/Patien Name'

27-09-2024T15:56:41 - [MESSAGE][PASSED] - Keys 'ENTER + ' sent to object: 'Object Repository/Specific Cases Repository/LS/Calendar/Calendar_Events/Calendar_Events_Creation/Appointment/Page_Calendar/Patien Name'

27-09-2024T15:56:41 - [TEST_STEP][PASSED] - click(findTestObject("Object Repository/Specific Cases Repository/LS/Calendar/Calendar_Events/Calendar_Events_Creation/Appointment/Page_Calendar/span_Select Service")): Object: 'Object Repository/Specific Cases Repository/LS/Calendar/Calendar_Events/Calendar_Events_Creation/Appointment/Page_Calendar/span_Select Service' is clicked on

27-09-2024T15:56:42 - [MESSAGE][PASSED] - Object: 'Object Repository/Specific Cases Repository/LS/Calendar/Calendar_Events/Calendar_Events_Creation/Appointment/Page_Calendar/span_Select Service' is clicked on

27-09-2024T15:56:42 - [TEST_STEP][PASSED] - setText(findTestObject("Object Repository/Specific Cases Repository/LS/Calendar/Calendar_Events/Calendar_Events_Creation/Appointment/Page_Calendar/Patien Name"), "5 "): Text '5 ' is set on object 'Object Repository/Specific Cases Repository/LS/Calendar/Calendar_Events/Calendar_Events_Creation/Appointment/Page_Calendar/Patien Name'

27-09-2024T15:56:42 - [MESSAGE][PASSED] - Text '5 ' is set on object 'Object Repository/Specific Cases Repository/LS/Calendar/Calendar_Events/Calendar_Events_Creation/Appointment/Page_Calendar/Patien Name'

27-09-2024T15:56:42 - [TEST_STEP][PASSED] - sendKeys(findTestObject("Object Repository/Specific Cases Repository/LS/Calendar/Calendar_Events/Calendar_Events_Creation/Appointment/Page_Calendar/Patien Name"), Keys.chord(ENTER)): Keys 'ENTER + ' sent to object: 'Object Repository/Specific Cases Repository/LS/Calendar/Calendar_Events/Calendar_Events_Creation/Appointment/Page_Calendar/Patien Name'

27-09-2024T15:56:43 - [MESSAGE][PASSED] - Keys 'ENTER + ' sent to object: 'Object Repository/Specific Cases Repository/LS/Calendar/Calendar_Events/Calendar_Events_Creation/Appointment/Page_Calendar/Patien Name'

27-09-2024T15:56:43 - [TEST_STEP][PASSED] - click(findTestObject("Object Repository/Specific Cases Repository/LS/Calendar/Calendar_Events/Calendar_Events_Creation/Appointment/Page_Calendar/input_Title_title_")): Object: 'Object Repository/Specific Cases Repository/LS/Calendar/Calendar_Events/Calendar_Events_Creation/Appointment/Page_Calendar/input_Title_title_' is clicked on

27-09-2024T15:56:43 - [MESSAGE][PASSED] - Object: 'Object Repository/Specific Cases Repository/LS/Calendar/Calendar_Events/Calendar_Events_Creation/Appointment/Page_Calendar/input_Title_title_' is clicked on

27-09-2024T15:56:43 - [TEST_STEP][PASSED] - setText(findTestObject("Object Repository/Specific Cases Repository/LS/Calendar/Calendar_Events/Calendar_Events_Creation/Appointment/Page_Calendar/input_Title_title_"), "Automation Test with A Automation, A Client MR# 24-11006: 5 Panel Drug Screen"): Text 'Automation Test with A Automation, A Client MR# 24-11006: 5 Panel Drug Screen' is set on object 'Object Repository/Specific Cases Repository/LS/Calendar/Calendar_Events/Calendar_Events_Creation/Appointment/Page_Calendar/input_Title_title_'

27-09-2024T15:56:44 - [MESSAGE][PASSED] - Text 'Automation Test with A Automation, A Client MR# 24-11006: 5 Panel Drug Screen' is set on object 'Object Repository/Specific Cases Repository/LS/Calendar/Calendar_Events/Calendar_Events_Creation/Appointment/Page_Calendar/input_Title_title_'

27-09-2024T15:56:44 - [TEST_STEP][PASSED] - click(findTestObject("Object Repository/Specific Cases Repository/LS/Calendar/Calendar_Events/Calendar_Events_Creation/Appointment/Page_Calendar/Date")): Object: 'Object Repository/Specific Cases Repository/LS/Calendar/Calendar_Events/Calendar_Events_Creation/Appointment/Page_Calendar/Date' is clicked on

27-09-2024T15:56:45 - [MESSAGE][PASSED] - Object: 'Object Repository/Specific Cases Repository/LS/Calendar/Calendar_Events/Calendar_Events_Creation/Appointment/Page_Calendar/Date' is clicked on

27-09-2024T15:56:45 - [TEST_STEP][PASSED] - setText(findTestObject("Object Repository/Specific Cases Repository/LS/Calendar/Calendar_Events/Calendar_Events_Creation/Appointment/Page_Calendar/Date"), Todays_Date): Text '09/27/2024' is set on object 'Object Repository/Specific Cases Repository/LS/Calendar/Calendar_Events/Calendar_Events_Creation/Appointment/Page_Calendar/Date'

27-09-2024T15:56:45 - [MESSAGE][PASSED] - Text '09/27/2024' is set on object 'Object Repository/Specific Cases Repository/LS/Calendar/Calendar_Events/Calendar_Events_Creation/Appointment/Page_Calendar/Date'

27-09-2024T15:56:45 - [TEST_STEP][PASSED] - click(findTestObject("Object Repository/Specific Cases Repository/LS/Calendar/Calendar_Events/Calendar_Events_Creation/Appointment/Page_Calendar/Start Time Clock")): Object: 'Object Repository/Specific Cases Repository/LS/Calendar/Calendar_Events/Calendar_Events_Creation/Appointment/Page_Calendar/Start Time Clock' is clicked on

27-09-2024T15:56:46 - [MESSAGE][PASSED] - Object: 'Object Repository/Specific Cases Repository/LS/Calendar/Calendar_Events/Calendar_Events_Creation/Appointment/Page_Calendar/Start Time Clock' is clicked on

27-09-2024T15:56:46 - [TEST_STEP][PASSED] - setText(findTestObject("Object Repository/Specific Cases Repository/LS/Calendar/Calendar_Events/Calendar_Events_Creation/Appointment/Page_Calendar/Start Time Clock"), "1500"): Text '1500' is set on object 'Object Repository/Specific Cases Repository/LS/Calendar/Calendar_Events/Calendar_Events_Creation/Appointment/Page_Calendar/Start Time Clock'

27-09-2024T15:56:47 - [MESSAGE][PASSED] - Text '1500' is set on object 'Object Repository/Specific Cases Repository/LS/Calendar/Calendar_Events/Calendar_Events_Creation/Appointment/Page_Calendar/Start Time Clock'

27-09-2024T15:56:47 - [TEST_STEP][PASSED] - click(findTestObject("Object Repository/Specific Cases Repository/LS/Calendar/Calendar_Events/Calendar_Events_Creation/Appointment/Page_Calendar/End Time Clock")): Object: 'Object Repository/Specific Cases Repository/LS/Calendar/Calendar_Events/Calendar_Events_Creation/Appointment/Page_Calendar/End Time Clock' is clicked on

27-09-2024T15:56:47 - [MESSAGE][PASSED] - Object: 'Object Repository/Specific Cases Repository/LS/Calendar/Calendar_Events/Calendar_Events_Creation/Appointment/Page_Calendar/End Time Clock' is clicked on

27-09-2024T15:56:47 - [TEST_STEP][PASSED] - setText(findTestObject("Object Repository/Specific Cases Repository/LS/Calendar/Calendar_Events/Calendar_Events_Creation/Appointment/Page_Calendar/End Time Clock"), "1600"): Text '1600' is set on object 'Object Repository/Specific Cases Repository/LS/Calendar/Calendar_Events/Calendar_Events_Creation/Appointment/Page_Calendar/End Time Clock'

27-09-2024T15:56:48 - [MESSAGE][PASSED] - Text '1600' is set on object 'Object Repository/Specific Cases Repository/LS/Calendar/Calendar_Events/Calendar_Events_Creation/Appointment/Page_Calendar/End Time Clock'

27-09-2024T15:56:48 - [TEST_STEP][PASSED] - verifyElementPresent(findTestObject("Object Repository/Specific Cases Repository/LS/Calendar/Calendar_Events/Calendar_Events_Creation/Appointment/Page_Calendar/Duplicated appointment message"), 0): Object 'Object Repository/Specific Cases Repository/LS/Calendar/Calendar_Events/Calendar_Events_Creation/Appointment/Page_Calendar/Duplicated appointment message' is present

27-09-2024T15:56:48 - [MESSAGE][WARNING] - Timeout '0' is invalid. Using default page load timeout: '30'

27-09-2024T15:56:48 - [MESSAGE][PASSED] - Object 'Object Repository/Specific Cases Repository/LS/Calendar/Calendar_Events/Calendar_Events_Creation/Appointment/Page_Calendar/Duplicated appointment message' is present

27-09-2024T15:56:48 - [TEST_STEP][PASSED] - verifyElementText(findTestObject("Object Repository/Specific Cases Repository/LS/Calendar/Calendar_Events/Calendar_Events_Creation/Appointment/Page_Calendar/div_This client has another appointment dur_a294bd"), "This client has another appointment during this time range."): Actual text and expected text of test object 'Object Repository/Specific Cases Repository/LS/Calendar/Calendar_Events/Calendar_Events_Creation/Appointment/Page_Calendar/div_This client has another appointment dur_a294bd' are matched.

27-09-2024T15:56:49 - [MESSAGE][PASSED] - Actual text and expected text of test object 'Object Repository/Specific Cases Repository/LS/Calendar/Calendar_Events/Calendar_Events_Creation/Appointment/Page_Calendar/div_This client has another appointment dur_a294bd' are matched.

27-09-2024T15:56:49 - [TEST_STEP][PASSED] - click(findTestObject("Object Repository/Specific Cases Repository/LS/Calendar/Calendar_Events/Calendar_Events_Creation/Appointment/Page_Calendar/Cancel Appointment")): Object: 'Object Repository/Specific Cases Repository/LS/Calendar/Calendar_Events/Calendar_Events_Creation/Appointment/Page_Calendar/Cancel Appointment' is clicked on

27-09-2024T15:56:49 - [MESSAGE][PASSED] - Object: 'Object Repository/Specific Cases Repository/LS/Calendar/Calendar_Events/Calendar_Events_Creation/Appointment/Page_Calendar/Cancel Appointment' is clicked on

27-09-2024T15:56:49 - [TEST_STEP][PASSED] - click(findTestObject("Specific Cases Repository/LS/Calendar/Calendar_Events/Calendar_Events_Creation/Appointment/Page_Calendar/a_Automation Test with A Automation, A Clie_8f5a4c")): Object: 'Object Repository/Specific Cases Repository/LS/Calendar/Calendar_Events/Calendar_Events_Creation/Appointment/Page_Calendar/a_Automation Test with A Automation, A Clie_8f5a4c' is clicked on

27-09-2024T15:56:49 - [MESSAGE][PASSED] - Object: 'Object Repository/Specific Cases Repository/LS/Calendar/Calendar_Events/Calendar_Events_Creation/Appointment/Page_Calendar/a_Automation Test with A Automation, A Clie_8f5a4c' is clicked on

27-09-2024T15:56:49 - [TEST_STEP][PASSED] - verifyElementText(findTestObject("Object Repository/Specific Cases Repository/LS/Calendar/Calendar_Events/Calendar_Events_Creation/Appointment/Page_Calendar/b_Revise Schedule for"), "Revise Schedule for"): Actual text and expected text of test object 'Object Repository/Specific Cases Repository/LS/Calendar/Calendar_Events/Calendar_Events_Creation/Appointment/Page_Calendar/b_Revise Schedule for' are matched.

27-09-2024T15:56:51 - [MESSAGE][PASSED] - Actual text and expected text of test object 'Object Repository/Specific Cases Repository/LS/Calendar/Calendar_Events/Calendar_Events_Creation/Appointment/Page_Calendar/b_Revise Schedule for' are matched.

27-09-2024T15:56:51 - [TEST_STEP][PASSED] - verifyElementText(findTestObject("Object Repository/Specific Cases Repository/LS/Calendar/Calendar_Events/Calendar_Events_Creation/Appointment/Page_Calendar/a_A Client A Automation"), "A Client A Automation"): Actual text and expected text of test object 'Object Repository/Specific Cases Repository/LS/Calendar/Calendar_Events/Calendar_Events_Creation/Appointment/Page_Calendar/a_A Client A Automation' are matched.

27-09-2024T15:56:51 - [MESSAGE][PASSED] - Actual text and expected text of test object 'Object Repository/Specific Cases Repository/LS/Calendar/Calendar_Events/Calendar_Events_Creation/Appointment/Page_Calendar/a_A Client A Automation' are matched.

27-09-2024T15:56:51 - [TEST_STEP][PASSED] - waitForPageLoad(30): Wait for page load successfully

27-09-2024T15:56:51 - [MESSAGE][PASSED] - Wait for page load successfully

27-09-2024T15:56:51 - [TEST_STEP][PASSED] - closeBrowser(): Browser is closed

27-09-2024T15:56:51 - [MESSAGE][PASSED] - Browser is closed]]></system-out>
         <system-err><![CDATA[]]></system-err>
      </testcase>
      <testcase name="Test Cases/Specific Cases/LS/General/Calendar/Present Events Creation/Calendar_Block" time="23.213" classname="Test Cases/Specific Cases/LS/General/Calendar/Present Events Creation/Calendar_Block" status="PASSED">
         <system-out><![CDATA[27-09-2024T15:56:51 - [TEST_CASE][PASSED] - Test Cases/Specific Cases/LS/General/Calendar/Present Events Creation/Calendar_Block: Test Cases/Specific Cases/LS/General/Calendar/Present Events Creation/Calendar_Block

27-09-2024T15:56:51 - [TEST_STEP][PASSED] - callTestCase(findTestCase("Common Cases/Login"), [:], STOP_ON_FAILURE): Call Test Case 'Test Cases/Common Cases/Login' successfully

27-09-2024T15:56:51 - [TEST_CASE][PASSED] - Test Cases/Common Cases/Login: Test Cases/Common Cases/Login

27-09-2024T15:56:51 - [TEST_STEP][PASSED] - openBrowser(""): Browser is opened with url: ''

27-09-2024T15:56:51 - [MESSAGE][INFO] - Starting 'Chrome' driver

27-09-2024T15:56:51 - [MESSAGE][INFO] - Action delay is set to 0 milliseconds

27-09-2024T15:56:52 - [MESSAGE][PASSED] - Browser is opened with url: ''

27-09-2024T15:56:52 - [TEST_STEP][PASSED] - maximizeWindow(): Current window maximized

27-09-2024T15:56:52 - [MESSAGE][PASSED] - Current window maximized

27-09-2024T15:56:52 - [TEST_STEP][PASSED] - navigateToUrl("https://site17.lsapp.cloud/auth/login"): Navigate to 'https://site17.lsapp.cloud/auth/login' successfully

27-09-2024T15:56:53 - [MESSAGE][PASSED] - Navigate to 'https://site17.lsapp.cloud/auth/login' successfully

27-09-2024T15:56:53 - [TEST_STEP][PASSED] - setText(findTestObject("Object Repository/Common Cases Repository/Login/Page_Lightning Step/input_Email_email"), "automation@lightningstep.com"): Text 'automation@lightningstep.com' is set on object 'Object Repository/Common Cases Repository/Login/Page_Lightning Step/input_Email_email'

27-09-2024T15:56:54 - [MESSAGE][PASSED] - Text 'automation@lightningstep.com' is set on object 'Object Repository/Common Cases Repository/Login/Page_Lightning Step/input_Email_email'

27-09-2024T15:56:54 - [TEST_STEP][PASSED] - setEncryptedText(findTestObject("Object Repository/Common Cases Repository/Login/Page_Lightning Step/input_Password_password"), "e5N8VHmnhJDITtQaQhDQDw=="): Text ****** has been set on object 'Object Repository/Common Cases Repository/Login/Page_Lightning Step/input_Password_password'

27-09-2024T15:56:54 - [MESSAGE][PASSED] - Text ****** has been set on object 'Object Repository/Common Cases Repository/Login/Page_Lightning Step/input_Password_password'

27-09-2024T15:56:54 - [TEST_STEP][PASSED] - click(findTestObject("Object Repository/Common Cases Repository/Login/Page_Lightning Step/button_Sign in")): Object: 'Object Repository/Common Cases Repository/Login/Page_Lightning Step/button_Sign in' is clicked on

27-09-2024T15:57:00 - [MESSAGE][PASSED] - Object: 'Object Repository/Common Cases Repository/Login/Page_Lightning Step/button_Sign in' is clicked on

27-09-2024T15:57:00 - [MESSAGE][PASSED] - Call Test Case 'Test Cases/Common Cases/Login' successfully

27-09-2024T15:57:00 - [TEST_STEP][PASSED] - click(findTestObject("Object Repository/Specific Cases Repository/LS/Calendar/Calendar_Events/Calendar_Events_Creation/Block/Page_Home/a_Calendar")): Object: 'Object Repository/Specific Cases Repository/LS/Calendar/Calendar_Events/Calendar_Events_Creation/Block/Page_Home/a_Calendar' is clicked on

27-09-2024T15:57:03 - [MESSAGE][PASSED] - Object: 'Object Repository/Specific Cases Repository/LS/Calendar/Calendar_Events/Calendar_Events_Creation/Block/Page_Home/a_Calendar' is clicked on

27-09-2024T15:57:03 - [TEST_STEP][PASSED] - navigateToUrl("https://site17.lsapp.cloud/calendar"): Navigate to 'https://site17.lsapp.cloud/calendar' successfully

27-09-2024T15:57:05 - [MESSAGE][PASSED] - Navigate to 'https://site17.lsapp.cloud/calendar' successfully

27-09-2024T15:57:05 - [TEST_STEP][PASSED] - click(findTestObject("Object Repository/Specific Cases Repository/LS/Calendar/Calendar_Events/Calendar_Events_Creation/Block/Page_Calendar/button_Create new")): Object: 'Object Repository/Specific Cases Repository/LS/Calendar/Calendar_Events/Calendar_Events_Creation/Block/Page_Calendar/button_Create new' is clicked on

27-09-2024T15:57:05 - [MESSAGE][PASSED] - Object: 'Object Repository/Specific Cases Repository/LS/Calendar/Calendar_Events/Calendar_Events_Creation/Block/Page_Calendar/button_Create new' is clicked on

27-09-2024T15:57:05 - [TEST_STEP][PASSED] - click(findTestObject("Object Repository/Specific Cases Repository/LS/Calendar/Calendar_Events/Calendar_Events_Creation/Block/Page_Calendar/label_Block")): Object: 'Object Repository/Specific Cases Repository/LS/Calendar/Calendar_Events/Calendar_Events_Creation/Block/Page_Calendar/label_Block' is clicked on

27-09-2024T15:57:06 - [MESSAGE][PASSED] - Object: 'Object Repository/Specific Cases Repository/LS/Calendar/Calendar_Events/Calendar_Events_Creation/Block/Page_Calendar/label_Block' is clicked on

27-09-2024T15:57:06 - [TEST_STEP][PASSED] - setText(findTestObject("Object Repository/Specific Cases Repository/LS/Calendar/Calendar_Events/Calendar_Events_Creation/Block/Page_Calendar/input_Title_title_"), "Automation Block"): Text 'Automation Block' is set on object 'Object Repository/Specific Cases Repository/LS/Calendar/Calendar_Events/Calendar_Events_Creation/Block/Page_Calendar/input_Title_title_'

27-09-2024T15:57:07 - [MESSAGE][PASSED] - Text 'Automation Block' is set on object 'Object Repository/Specific Cases Repository/LS/Calendar/Calendar_Events/Calendar_Events_Creation/Block/Page_Calendar/input_Title_title_'

27-09-2024T15:57:07 - [TEST_STEP][PASSED] - click(findTestObject("Object Repository/Specific Cases Repository/LS/Calendar/Calendar_Events/Calendar_Events_Creation/Appointment/Page_Calendar/Date")): Object: 'Object Repository/Specific Cases Repository/LS/Calendar/Calendar_Events/Calendar_Events_Creation/Appointment/Page_Calendar/Date' is clicked on

27-09-2024T15:57:07 - [MESSAGE][PASSED] - Object: 'Object Repository/Specific Cases Repository/LS/Calendar/Calendar_Events/Calendar_Events_Creation/Appointment/Page_Calendar/Date' is clicked on

27-09-2024T15:57:07 - [TEST_STEP][PASSED] - setText(findTestObject("Object Repository/Specific Cases Repository/LS/Calendar/Calendar_Events/Calendar_Events_Creation/Appointment/Page_Calendar/Date"), Todays_Date): Text '09/27/2024' is set on object 'Object Repository/Specific Cases Repository/LS/Calendar/Calendar_Events/Calendar_Events_Creation/Appointment/Page_Calendar/Date'

27-09-2024T15:57:08 - [MESSAGE][PASSED] - Text '09/27/2024' is set on object 'Object Repository/Specific Cases Repository/LS/Calendar/Calendar_Events/Calendar_Events_Creation/Appointment/Page_Calendar/Date'

27-09-2024T15:57:08 - [TEST_STEP][PASSED] - click(findTestObject("Object Repository/Specific Cases Repository/LS/Calendar/Calendar_Events/Calendar_Events_Creation/Appointment/Page_Calendar/Start Time Clock")): Object: 'Object Repository/Specific Cases Repository/LS/Calendar/Calendar_Events/Calendar_Events_Creation/Appointment/Page_Calendar/Start Time Clock' is clicked on

27-09-2024T15:57:09 - [MESSAGE][PASSED] - Object: 'Object Repository/Specific Cases Repository/LS/Calendar/Calendar_Events/Calendar_Events_Creation/Appointment/Page_Calendar/Start Time Clock' is clicked on

27-09-2024T15:57:09 - [TEST_STEP][PASSED] - setText(findTestObject("Object Repository/Specific Cases Repository/LS/Calendar/Calendar_Events/Calendar_Events_Creation/Appointment/Page_Calendar/Start Time Clock"), "1600"): Text '1600' is set on object 'Object Repository/Specific Cases Repository/LS/Calendar/Calendar_Events/Calendar_Events_Creation/Appointment/Page_Calendar/Start Time Clock'

27-09-2024T15:57:09 - [MESSAGE][PASSED] - Text '1600' is set on object 'Object Repository/Specific Cases Repository/LS/Calendar/Calendar_Events/Calendar_Events_Creation/Appointment/Page_Calendar/Start Time Clock'

27-09-2024T15:57:09 - [TEST_STEP][PASSED] - click(findTestObject("Object Repository/Specific Cases Repository/LS/Calendar/Calendar_Events/Calendar_Events_Creation/Block/Page_Calendar/div_Schedule                               _3f20bf")): Object: 'Object Repository/Specific Cases Repository/LS/Calendar/Calendar_Events/Calendar_Events_Creation/Block/Page_Calendar/div_Schedule                               _3f20bf' is clicked on

27-09-2024T15:57:10 - [MESSAGE][PASSED] - Object: 'Object Repository/Specific Cases Repository/LS/Calendar/Calendar_Events/Calendar_Events_Creation/Block/Page_Calendar/div_Schedule                               _3f20bf' is clicked on

27-09-2024T15:57:10 - [TEST_STEP][PASSED] - click(findTestObject("Object Repository/Specific Cases Repository/LS/Calendar/Calendar_Events/Calendar_Events_Creation/Block/Page_Calendar/button_Reminder__simple-switch-track")): Object: 'Object Repository/Specific Cases Repository/LS/Calendar/Calendar_Events/Calendar_Events_Creation/Block/Page_Calendar/button_Reminder__simple-switch-track' is clicked on

27-09-2024T15:57:10 - [MESSAGE][PASSED] - Object: 'Object Repository/Specific Cases Repository/LS/Calendar/Calendar_Events/Calendar_Events_Creation/Block/Page_Calendar/button_Reminder__simple-switch-track' is clicked on

27-09-2024T15:57:10 - [TEST_STEP][PASSED] - setText(findTestObject("Object Repository/Specific Cases Repository/LS/Calendar/Calendar_Events/Calendar_Events_Creation/Block/Page_Calendar/input_Reminder_select2-search__field"), "45"): Text '45' is set on object 'Object Repository/Specific Cases Repository/LS/Calendar/Calendar_Events/Calendar_Events_Creation/Block/Page_Calendar/input_Reminder_select2-search__field'

27-09-2024T15:57:11 - [MESSAGE][PASSED] - Text '45' is set on object 'Object Repository/Specific Cases Repository/LS/Calendar/Calendar_Events/Calendar_Events_Creation/Block/Page_Calendar/input_Reminder_select2-search__field'

27-09-2024T15:57:11 - [TEST_STEP][PASSED] - sendKeys(findTestObject("Object Repository/Specific Cases Repository/LS/Calendar/Calendar_Events/Calendar_Events_Creation/Block/Page_Calendar/input_Reminder_select2-search__field"), Keys.chord(ENTER)): Keys 'ENTER + ' sent to object: 'Object Repository/Specific Cases Repository/LS/Calendar/Calendar_Events/Calendar_Events_Creation/Block/Page_Calendar/input_Reminder_select2-search__field'

27-09-2024T15:57:11 - [MESSAGE][PASSED] - Keys 'ENTER + ' sent to object: 'Object Repository/Specific Cases Repository/LS/Calendar/Calendar_Events/Calendar_Events_Creation/Block/Page_Calendar/input_Reminder_select2-search__field'

27-09-2024T15:57:11 - [TEST_STEP][PASSED] - setText(findTestObject("Object Repository/Specific Cases Repository/LS/Calendar/Calendar_Events/Calendar_Events_Creation/Block/Page_Calendar/input_Notes_notes"), "Automation Block Note"): Text 'Automation Block Note' is set on object 'Object Repository/Specific Cases Repository/LS/Calendar/Calendar_Events/Calendar_Events_Creation/Block/Page_Calendar/input_Notes_notes'

27-09-2024T15:57:12 - [MESSAGE][PASSED] - Text 'Automation Block Note' is set on object 'Object Repository/Specific Cases Repository/LS/Calendar/Calendar_Events/Calendar_Events_Creation/Block/Page_Calendar/input_Notes_notes'

27-09-2024T15:57:12 - [TEST_STEP][PASSED] - click(findTestObject("Object Repository/Specific Cases Repository/LS/Calendar/Calendar_Events/Calendar_Events_Creation/Block/Page_Calendar/a_Save")): Object: 'Object Repository/Specific Cases Repository/LS/Calendar/Calendar_Events/Calendar_Events_Creation/Block/Page_Calendar/a_Save' is clicked on

27-09-2024T15:57:12 - [MESSAGE][PASSED] - Object: 'Object Repository/Specific Cases Repository/LS/Calendar/Calendar_Events/Calendar_Events_Creation/Block/Page_Calendar/a_Save' is clicked on

27-09-2024T15:57:12 - [TEST_STEP][PASSED] - mouseOver(findTestObject("Object Repository/Specific Cases Repository/LS/Calendar/Calendar_Events/Calendar_Events_Creation/Block/Page_Calendar/a_Blocked for Automation Block")): Object: 'Object Repository/Specific Cases Repository/LS/Calendar/Calendar_Events/Calendar_Events_Creation/Block/Page_Calendar/a_Blocked for Automation Block' is hovered

27-09-2024T15:57:13 - [MESSAGE][PASSED] - Object: 'Object Repository/Specific Cases Repository/LS/Calendar/Calendar_Events/Calendar_Events_Creation/Block/Page_Calendar/a_Blocked for Automation Block' is hovered

27-09-2024T15:57:14 - [TEST_STEP][PASSED] - verifyElementText(findTestObject("Object Repository/Specific Cases Repository/LS/Calendar/Calendar_Events/Calendar_Events_Creation/Block/Page_Calendar/span_Blocked for Automation Block"), "Blocked for: Automation Block"): Actual text and expected text of test object 'Object Repository/Specific Cases Repository/LS/Calendar/Calendar_Events/Calendar_Events_Creation/Block/Page_Calendar/span_Blocked for Automation Block' are matched.

27-09-2024T15:57:14 - [MESSAGE][PASSED] - Actual text and expected text of test object 'Object Repository/Specific Cases Repository/LS/Calendar/Calendar_Events/Calendar_Events_Creation/Block/Page_Calendar/span_Blocked for Automation Block' are matched.

27-09-2024T15:57:14 - [TEST_STEP][PASSED] - verifyElementText(findTestObject("Object Repository/Specific Cases Repository/LS/Calendar/Calendar_Events/Calendar_Events_Creation/Block/Page_Calendar/span_45 minutes before"), "45 minutes before"): Actual text and expected text of test object 'Object Repository/Specific Cases Repository/LS/Calendar/Calendar_Events/Calendar_Events_Creation/Block/Page_Calendar/span_45 minutes before' are matched.

27-09-2024T15:57:14 - [MESSAGE][PASSED] - Actual text and expected text of test object 'Object Repository/Specific Cases Repository/LS/Calendar/Calendar_Events/Calendar_Events_Creation/Block/Page_Calendar/span_45 minutes before' are matched.

27-09-2024T15:57:14 - [TEST_STEP][PASSED] - closeBrowser(): Browser is closed

27-09-2024T15:57:14 - [MESSAGE][PASSED] - Browser is closed]]></system-out>
         <system-err><![CDATA[]]></system-err>
      </testcase>
      <testcase name="Test Cases/Specific Cases/LS/General/Calendar/Present Events Creation/Calendar_Event" time="24.502" classname="Test Cases/Specific Cases/LS/General/Calendar/Present Events Creation/Calendar_Event" status="PASSED">
         <system-out><![CDATA[27-09-2024T15:57:14 - [TEST_CASE][PASSED] - Test Cases/Specific Cases/LS/General/Calendar/Present Events Creation/Calendar_Event: Test Cases/Specific Cases/LS/General/Calendar/Present Events Creation/Calendar_Event

27-09-2024T15:57:14 - [TEST_STEP][PASSED] - callTestCase(findTestCase("Common Cases/Login"), [:], STOP_ON_FAILURE): Call Test Case 'Test Cases/Common Cases/Login' successfully

27-09-2024T15:57:14 - [TEST_CASE][PASSED] - Test Cases/Common Cases/Login: Test Cases/Common Cases/Login

27-09-2024T15:57:14 - [TEST_STEP][PASSED] - openBrowser(""): Browser is opened with url: ''

27-09-2024T15:57:14 - [MESSAGE][INFO] - Starting 'Chrome' driver

27-09-2024T15:57:14 - [MESSAGE][INFO] - Action delay is set to 0 milliseconds

27-09-2024T15:57:15 - [MESSAGE][PASSED] - Browser is opened with url: ''

27-09-2024T15:57:15 - [TEST_STEP][PASSED] - maximizeWindow(): Current window maximized

27-09-2024T15:57:15 - [MESSAGE][PASSED] - Current window maximized

27-09-2024T15:57:15 - [TEST_STEP][PASSED] - navigateToUrl("https://site17.lsapp.cloud/auth/login"): Navigate to 'https://site17.lsapp.cloud/auth/login' successfully

27-09-2024T15:57:17 - [MESSAGE][PASSED] - Navigate to 'https://site17.lsapp.cloud/auth/login' successfully

27-09-2024T15:57:17 - [TEST_STEP][PASSED] - setText(findTestObject("Object Repository/Common Cases Repository/Login/Page_Lightning Step/input_Email_email"), "automation@lightningstep.com"): Text 'automation@lightningstep.com' is set on object 'Object Repository/Common Cases Repository/Login/Page_Lightning Step/input_Email_email'

27-09-2024T15:57:17 - [MESSAGE][PASSED] - Text 'automation@lightningstep.com' is set on object 'Object Repository/Common Cases Repository/Login/Page_Lightning Step/input_Email_email'

27-09-2024T15:57:17 - [TEST_STEP][PASSED] - setEncryptedText(findTestObject("Object Repository/Common Cases Repository/Login/Page_Lightning Step/input_Password_password"), "e5N8VHmnhJDITtQaQhDQDw=="): Text ****** has been set on object 'Object Repository/Common Cases Repository/Login/Page_Lightning Step/input_Password_password'

27-09-2024T15:57:18 - [MESSAGE][PASSED] - Text ****** has been set on object 'Object Repository/Common Cases Repository/Login/Page_Lightning Step/input_Password_password'

27-09-2024T15:57:18 - [TEST_STEP][PASSED] - click(findTestObject("Object Repository/Common Cases Repository/Login/Page_Lightning Step/button_Sign in")): Object: 'Object Repository/Common Cases Repository/Login/Page_Lightning Step/button_Sign in' is clicked on

27-09-2024T15:57:23 - [MESSAGE][PASSED] - Object: 'Object Repository/Common Cases Repository/Login/Page_Lightning Step/button_Sign in' is clicked on

27-09-2024T15:57:23 - [MESSAGE][PASSED] - Call Test Case 'Test Cases/Common Cases/Login' successfully

27-09-2024T15:57:23 - [TEST_STEP][PASSED] - click(findTestObject("Object Repository/Specific Cases Repository/LS/Calendar/Calendar_Events/Calendar_Events_Creation/Event/Page_Home/a_Calendar")): Object: 'Object Repository/Specific Cases Repository/LS/Calendar/Calendar_Events/Calendar_Events_Creation/Event/Page_Home/a_Calendar' is clicked on

27-09-2024T15:57:26 - [MESSAGE][PASSED] - Object: 'Object Repository/Specific Cases Repository/LS/Calendar/Calendar_Events/Calendar_Events_Creation/Event/Page_Home/a_Calendar' is clicked on

27-09-2024T15:57:26 - [TEST_STEP][PASSED] - navigateToUrl("https://site17.lsapp.cloud/calendar"): Navigate to 'https://site17.lsapp.cloud/calendar' successfully

27-09-2024T15:57:28 - [MESSAGE][PASSED] - Navigate to 'https://site17.lsapp.cloud/calendar' successfully

27-09-2024T15:57:28 - [TEST_STEP][PASSED] - click(findTestObject("Object Repository/Specific Cases Repository/LS/Calendar/Calendar_Events/Calendar_Events_Creation/Event/Page_Calendar/button_Create new")): Object: 'Object Repository/Specific Cases Repository/LS/Calendar/Calendar_Events/Calendar_Events_Creation/Event/Page_Calendar/button_Create new' is clicked on

27-09-2024T15:57:29 - [MESSAGE][PASSED] - Object: 'Object Repository/Specific Cases Repository/LS/Calendar/Calendar_Events/Calendar_Events_Creation/Event/Page_Calendar/button_Create new' is clicked on

27-09-2024T15:57:29 - [TEST_STEP][PASSED] - click(findTestObject("Object Repository/Specific Cases Repository/LS/Calendar/Calendar_Events/Calendar_Events_Creation/Event/Page_Calendar/label_Event")): Object: 'Object Repository/Specific Cases Repository/LS/Calendar/Calendar_Events/Calendar_Events_Creation/Event/Page_Calendar/label_Event' is clicked on

27-09-2024T15:57:30 - [MESSAGE][PASSED] - Object: 'Object Repository/Specific Cases Repository/LS/Calendar/Calendar_Events/Calendar_Events_Creation/Event/Page_Calendar/label_Event' is clicked on

27-09-2024T15:57:30 - [TEST_STEP][PASSED] - setText(findTestObject("Object Repository/Specific Cases Repository/LS/Calendar/Calendar_Events/Calendar_Events_Creation/Event/Page_Calendar/input_Title_title_"), "Automation Event"): Text 'Automation Event' is set on object 'Object Repository/Specific Cases Repository/LS/Calendar/Calendar_Events/Calendar_Events_Creation/Event/Page_Calendar/input_Title_title_'

27-09-2024T15:57:30 - [MESSAGE][PASSED] - Text 'Automation Event' is set on object 'Object Repository/Specific Cases Repository/LS/Calendar/Calendar_Events/Calendar_Events_Creation/Event/Page_Calendar/input_Title_title_'

27-09-2024T15:57:30 - [TEST_STEP][PASSED] - click(findTestObject("Object Repository/Specific Cases Repository/LS/Calendar/Calendar_Events/Calendar_Events_Creation/Appointment/Page_Calendar/Date")): Object: 'Object Repository/Specific Cases Repository/LS/Calendar/Calendar_Events/Calendar_Events_Creation/Appointment/Page_Calendar/Date' is clicked on

27-09-2024T15:57:31 - [MESSAGE][PASSED] - Object: 'Object Repository/Specific Cases Repository/LS/Calendar/Calendar_Events/Calendar_Events_Creation/Appointment/Page_Calendar/Date' is clicked on

27-09-2024T15:57:31 - [TEST_STEP][PASSED] - setText(findTestObject("Object Repository/Specific Cases Repository/LS/Calendar/Calendar_Events/Calendar_Events_Creation/Appointment/Page_Calendar/Date"), Todays_Date): Text '09/27/2024' is set on object 'Object Repository/Specific Cases Repository/LS/Calendar/Calendar_Events/Calendar_Events_Creation/Appointment/Page_Calendar/Date'

27-09-2024T15:57:31 - [MESSAGE][PASSED] - Text '09/27/2024' is set on object 'Object Repository/Specific Cases Repository/LS/Calendar/Calendar_Events/Calendar_Events_Creation/Appointment/Page_Calendar/Date'

27-09-2024T15:57:31 - [TEST_STEP][PASSED] - click(findTestObject("Object Repository/Specific Cases Repository/LS/Calendar/Calendar_Events/Calendar_Events_Creation/Appointment/Page_Calendar/Start Time Clock")): Object: 'Object Repository/Specific Cases Repository/LS/Calendar/Calendar_Events/Calendar_Events_Creation/Appointment/Page_Calendar/Start Time Clock' is clicked on

27-09-2024T15:57:32 - [MESSAGE][PASSED] - Object: 'Object Repository/Specific Cases Repository/LS/Calendar/Calendar_Events/Calendar_Events_Creation/Appointment/Page_Calendar/Start Time Clock' is clicked on

27-09-2024T15:57:32 - [TEST_STEP][PASSED] - setText(findTestObject("Object Repository/Specific Cases Repository/LS/Calendar/Calendar_Events/Calendar_Events_Creation/Appointment/Page_Calendar/Start Time Clock"), "1400"): Text '1400' is set on object 'Object Repository/Specific Cases Repository/LS/Calendar/Calendar_Events/Calendar_Events_Creation/Appointment/Page_Calendar/Start Time Clock'

27-09-2024T15:57:32 - [MESSAGE][PASSED] - Text '1400' is set on object 'Object Repository/Specific Cases Repository/LS/Calendar/Calendar_Events/Calendar_Events_Creation/Appointment/Page_Calendar/Start Time Clock'

27-09-2024T15:57:32 - [TEST_STEP][PASSED] - click(findTestObject("Object Repository/Specific Cases Repository/LS/Calendar/Calendar_Events/Calendar_Events_Creation/Event/Page_Calendar/div_Schedule                               _3f20bf")): Object: 'Object Repository/Specific Cases Repository/LS/Calendar/Calendar_Events/Calendar_Events_Creation/Event/Page_Calendar/div_Schedule                               _3f20bf' is clicked on

27-09-2024T15:57:33 - [MESSAGE][PASSED] - Object: 'Object Repository/Specific Cases Repository/LS/Calendar/Calendar_Events/Calendar_Events_Creation/Event/Page_Calendar/div_Schedule                               _3f20bf' is clicked on

27-09-2024T15:57:33 - [TEST_STEP][PASSED] - click(findTestObject("Object Repository/Specific Cases Repository/LS/Calendar/Calendar_Events/Calendar_Events_Creation/Event/Page_Calendar/button_Reminder__simple-switch-track")): Object: 'Object Repository/Specific Cases Repository/LS/Calendar/Calendar_Events/Calendar_Events_Creation/Event/Page_Calendar/button_Reminder__simple-switch-track' is clicked on

27-09-2024T15:57:33 - [MESSAGE][PASSED] - Object: 'Object Repository/Specific Cases Repository/LS/Calendar/Calendar_Events/Calendar_Events_Creation/Event/Page_Calendar/button_Reminder__simple-switch-track' is clicked on

27-09-2024T15:57:33 - [TEST_STEP][PASSED] - setText(findTestObject("Object Repository/Specific Cases Repository/LS/Calendar/Calendar_Events/Calendar_Events_Creation/Event/Page_Calendar/input_Reminder_select2-search__field"), "15"): Text '15' is set on object 'Object Repository/Specific Cases Repository/LS/Calendar/Calendar_Events/Calendar_Events_Creation/Event/Page_Calendar/input_Reminder_select2-search__field'

27-09-2024T15:57:34 - [MESSAGE][PASSED] - Text '15' is set on object 'Object Repository/Specific Cases Repository/LS/Calendar/Calendar_Events/Calendar_Events_Creation/Event/Page_Calendar/input_Reminder_select2-search__field'

27-09-2024T15:57:34 - [TEST_STEP][PASSED] - sendKeys(findTestObject("Object Repository/Specific Cases Repository/LS/Calendar/Calendar_Events/Calendar_Events_Creation/Event/Page_Calendar/input_Reminder_select2-search__field"), Keys.chord(ENTER)): Keys 'ENTER + ' sent to object: 'Object Repository/Specific Cases Repository/LS/Calendar/Calendar_Events/Calendar_Events_Creation/Event/Page_Calendar/input_Reminder_select2-search__field'

27-09-2024T15:57:34 - [MESSAGE][PASSED] - Keys 'ENTER + ' sent to object: 'Object Repository/Specific Cases Repository/LS/Calendar/Calendar_Events/Calendar_Events_Creation/Event/Page_Calendar/input_Reminder_select2-search__field'

27-09-2024T15:57:34 - [TEST_STEP][PASSED] - setText(findTestObject("Object Repository/Specific Cases Repository/LS/Calendar/Calendar_Events/Calendar_Events_Creation/Event/Page_Calendar/input_Reminder_select2-search__field"), "3 "): Text '3 ' is set on object 'Object Repository/Specific Cases Repository/LS/Calendar/Calendar_Events/Calendar_Events_Creation/Event/Page_Calendar/input_Reminder_select2-search__field'

27-09-2024T15:57:35 - [MESSAGE][PASSED] - Text '3 ' is set on object 'Object Repository/Specific Cases Repository/LS/Calendar/Calendar_Events/Calendar_Events_Creation/Event/Page_Calendar/input_Reminder_select2-search__field'

27-09-2024T15:57:35 - [TEST_STEP][PASSED] - sendKeys(findTestObject("Object Repository/Specific Cases Repository/LS/Calendar/Calendar_Events/Calendar_Events_Creation/Event/Page_Calendar/input_Reminder_select2-search__field"), Keys.chord(ENTER)): Keys 'ENTER + ' sent to object: 'Object Repository/Specific Cases Repository/LS/Calendar/Calendar_Events/Calendar_Events_Creation/Event/Page_Calendar/input_Reminder_select2-search__field'

27-09-2024T15:57:36 - [MESSAGE][PASSED] - Keys 'ENTER + ' sent to object: 'Object Repository/Specific Cases Repository/LS/Calendar/Calendar_Events/Calendar_Events_Creation/Event/Page_Calendar/input_Reminder_select2-search__field'

27-09-2024T15:57:36 - [TEST_STEP][PASSED] - setText(findTestObject("Object Repository/Specific Cases Repository/LS/Calendar/Calendar_Events/Calendar_Events_Creation/Event/Page_Calendar/input_Notes_notes"), "Automation Event Note"): Text 'Automation Event Note' is set on object 'Object Repository/Specific Cases Repository/LS/Calendar/Calendar_Events/Calendar_Events_Creation/Event/Page_Calendar/input_Notes_notes'

27-09-2024T15:57:36 - [MESSAGE][PASSED] - Text 'Automation Event Note' is set on object 'Object Repository/Specific Cases Repository/LS/Calendar/Calendar_Events/Calendar_Events_Creation/Event/Page_Calendar/input_Notes_notes'

27-09-2024T15:57:36 - [TEST_STEP][PASSED] - click(findTestObject("Object Repository/Specific Cases Repository/LS/Calendar/Calendar_Events/Calendar_Events_Creation/Event/Page_Calendar/a_Save")): Object: 'Object Repository/Specific Cases Repository/LS/Calendar/Calendar_Events/Calendar_Events_Creation/Event/Page_Calendar/a_Save' is clicked on

27-09-2024T15:57:37 - [MESSAGE][PASSED] - Object: 'Object Repository/Specific Cases Repository/LS/Calendar/Calendar_Events/Calendar_Events_Creation/Event/Page_Calendar/a_Save' is clicked on

27-09-2024T15:57:37 - [TEST_STEP][PASSED] - scrollToElement(findTestObject("Object Repository/Specific Cases Repository/LS/Calendar/Calendar_Events/Calendar_Events_Creation/Event/Page_Calendar/a_Automation Event"), 0): Scroll to object 'Object Repository/Specific Cases Repository/LS/Calendar/Calendar_Events/Calendar_Events_Creation/Event/Page_Calendar/a_Automation Event' successfully

27-09-2024T15:57:37 - [MESSAGE][WARNING] - Timeout '0' is invalid. Using default page load timeout: '30'

27-09-2024T15:57:38 - [MESSAGE][PASSED] - Scroll to object 'Object Repository/Specific Cases Repository/LS/Calendar/Calendar_Events/Calendar_Events_Creation/Event/Page_Calendar/a_Automation Event' successfully

27-09-2024T15:57:38 - [TEST_STEP][PASSED] - mouseOver(findTestObject("Object Repository/Specific Cases Repository/LS/Calendar/Calendar_Events/Calendar_Events_Creation/Event/Page_Calendar/a_Automation Event")): Object: 'Object Repository/Specific Cases Repository/LS/Calendar/Calendar_Events/Calendar_Events_Creation/Event/Page_Calendar/a_Automation Event' is hovered

27-09-2024T15:57:38 - [MESSAGE][PASSED] - Object: 'Object Repository/Specific Cases Repository/LS/Calendar/Calendar_Events/Calendar_Events_Creation/Event/Page_Calendar/a_Automation Event' is hovered

27-09-2024T15:57:38 - [TEST_STEP][PASSED] - verifyElementText(findTestObject("Object Repository/Specific Cases Repository/LS/Calendar/Calendar_Events/Calendar_Events_Creation/Event/Page_Calendar/span_Automation Event"), "Automation Event"): Actual text and expected text of test object 'Object Repository/Specific Cases Repository/LS/Calendar/Calendar_Events/Calendar_Events_Creation/Event/Page_Calendar/span_Automation Event' are matched.

27-09-2024T15:57:38 - [MESSAGE][PASSED] - Actual text and expected text of test object 'Object Repository/Specific Cases Repository/LS/Calendar/Calendar_Events/Calendar_Events_Creation/Event/Page_Calendar/span_Automation Event' are matched.

27-09-2024T15:57:38 - [TEST_STEP][PASSED] - verifyElementText(findTestObject("Object Repository/Specific Cases Repository/LS/Calendar/Calendar_Events/Calendar_Events_Creation/Event/Page_Calendar/span_180 minutes before, 15 minutes before"), "180 minutes before, 15 minutes before"): Actual text and expected text of test object 'Object Repository/Specific Cases Repository/LS/Calendar/Calendar_Events/Calendar_Events_Creation/Event/Page_Calendar/span_180 minutes before, 15 minutes before' are matched.

27-09-2024T15:57:39 - [MESSAGE][PASSED] - Actual text and expected text of test object 'Object Repository/Specific Cases Repository/LS/Calendar/Calendar_Events/Calendar_Events_Creation/Event/Page_Calendar/span_180 minutes before, 15 minutes before' are matched.

27-09-2024T15:57:39 - [TEST_STEP][PASSED] - closeBrowser(): Browser is closed

27-09-2024T15:57:39 - [MESSAGE][PASSED] - Browser is closed]]></system-out>
         <system-err><![CDATA[]]></system-err>
      </testcase>
      <testcase name="Test Cases/Specific Cases/LS/General/Calendar/Present Events Creation/Calendar_Groups" time="32.648" classname="Test Cases/Specific Cases/LS/General/Calendar/Present Events Creation/Calendar_Groups" status="PASSED">
         <system-out><![CDATA[27-09-2024T15:57:39 - [TEST_CASE][PASSED] - Test Cases/Specific Cases/LS/General/Calendar/Present Events Creation/Calendar_Groups: Test Cases/Specific Cases/LS/General/Calendar/Present Events Creation/Calendar_Groups

27-09-2024T15:57:39 - [TEST_STEP][PASSED] - callTestCase(findTestCase("Common Cases/Login"), [:], STOP_ON_FAILURE): Call Test Case 'Test Cases/Common Cases/Login' successfully

27-09-2024T15:57:39 - [TEST_CASE][PASSED] - Test Cases/Common Cases/Login: Test Cases/Common Cases/Login

27-09-2024T15:57:39 - [TEST_STEP][PASSED] - openBrowser(""): Browser is opened with url: ''

27-09-2024T15:57:39 - [MESSAGE][INFO] - Starting 'Chrome' driver

27-09-2024T15:57:39 - [MESSAGE][INFO] - Action delay is set to 0 milliseconds

27-09-2024T15:57:40 - [MESSAGE][PASSED] - Browser is opened with url: ''

27-09-2024T15:57:40 - [TEST_STEP][PASSED] - maximizeWindow(): Current window maximized

27-09-2024T15:57:40 - [MESSAGE][PASSED] - Current window maximized

27-09-2024T15:57:40 - [TEST_STEP][PASSED] - navigateToUrl("https://site17.lsapp.cloud/auth/login"): Navigate to 'https://site17.lsapp.cloud/auth/login' successfully

27-09-2024T15:57:41 - [MESSAGE][PASSED] - Navigate to 'https://site17.lsapp.cloud/auth/login' successfully

27-09-2024T15:57:41 - [TEST_STEP][PASSED] - setText(findTestObject("Object Repository/Common Cases Repository/Login/Page_Lightning Step/input_Email_email"), "automation@lightningstep.com"): Text 'automation@lightningstep.com' is set on object 'Object Repository/Common Cases Repository/Login/Page_Lightning Step/input_Email_email'

27-09-2024T15:57:42 - [MESSAGE][PASSED] - Text 'automation@lightningstep.com' is set on object 'Object Repository/Common Cases Repository/Login/Page_Lightning Step/input_Email_email'

27-09-2024T15:57:42 - [TEST_STEP][PASSED] - setEncryptedText(findTestObject("Object Repository/Common Cases Repository/Login/Page_Lightning Step/input_Password_password"), "e5N8VHmnhJDITtQaQhDQDw=="): Text ****** has been set on object 'Object Repository/Common Cases Repository/Login/Page_Lightning Step/input_Password_password'

27-09-2024T15:57:42 - [MESSAGE][PASSED] - Text ****** has been set on object 'Object Repository/Common Cases Repository/Login/Page_Lightning Step/input_Password_password'

27-09-2024T15:57:42 - [TEST_STEP][PASSED] - click(findTestObject("Object Repository/Common Cases Repository/Login/Page_Lightning Step/button_Sign in")): Object: 'Object Repository/Common Cases Repository/Login/Page_Lightning Step/button_Sign in' is clicked on

27-09-2024T15:57:48 - [MESSAGE][PASSED] - Object: 'Object Repository/Common Cases Repository/Login/Page_Lightning Step/button_Sign in' is clicked on

27-09-2024T15:57:48 - [MESSAGE][PASSED] - Call Test Case 'Test Cases/Common Cases/Login' successfully

27-09-2024T15:57:48 - [TEST_STEP][PASSED] - click(findTestObject("Object Repository/Specific Cases Repository/LS/Calendar/Calendar_Events/Calendar_Events_Creation/Group/Page_Home/a_Calendar")): Object: 'Object Repository/Specific Cases Repository/LS/Calendar/Calendar_Events/Calendar_Events_Creation/Group/Page_Home/a_Calendar' is clicked on

27-09-2024T15:57:51 - [MESSAGE][PASSED] - Object: 'Object Repository/Specific Cases Repository/LS/Calendar/Calendar_Events/Calendar_Events_Creation/Group/Page_Home/a_Calendar' is clicked on

27-09-2024T15:57:51 - [TEST_STEP][PASSED] - navigateToUrl("https://site17.lsapp.cloud/calendar"): Navigate to 'https://site17.lsapp.cloud/calendar' successfully

27-09-2024T15:57:52 - [MESSAGE][PASSED] - Navigate to 'https://site17.lsapp.cloud/calendar' successfully

27-09-2024T15:57:52 - [TEST_STEP][PASSED] - click(findTestObject("Object Repository/Specific Cases Repository/LS/Calendar/Calendar_Events/Calendar_Events_Creation/Group/Page_Calendar/button_Create new")): Object: 'Object Repository/Specific Cases Repository/LS/Calendar/Calendar_Events/Calendar_Events_Creation/Group/Page_Calendar/button_Create new' is clicked on

27-09-2024T15:57:53 - [MESSAGE][PASSED] - Object: 'Object Repository/Specific Cases Repository/LS/Calendar/Calendar_Events/Calendar_Events_Creation/Group/Page_Calendar/button_Create new' is clicked on

27-09-2024T15:57:53 - [TEST_STEP][PASSED] - click(findTestObject("Object Repository/Specific Cases Repository/LS/Calendar/Calendar_Events/Calendar_Events_Creation/Group/Page_Calendar/label_Group")): Object: 'Object Repository/Specific Cases Repository/LS/Calendar/Calendar_Events/Calendar_Events_Creation/Group/Page_Calendar/label_Group' is clicked on

27-09-2024T15:57:54 - [MESSAGE][PASSED] - Object: 'Object Repository/Specific Cases Repository/LS/Calendar/Calendar_Events/Calendar_Events_Creation/Group/Page_Calendar/label_Group' is clicked on

27-09-2024T15:57:54 - [TEST_STEP][PASSED] - click(findTestObject("Object Repository/Specific Cases Repository/LS/Calendar/Calendar_Events/Calendar_Events_Creation/Group/Page_Calendar/Groups Selector")): Object: 'Object Repository/Specific Cases Repository/LS/Calendar/Calendar_Events/Calendar_Events_Creation/Group/Page_Calendar/Groups Selector' is clicked on

27-09-2024T15:57:55 - [MESSAGE][PASSED] - Object: 'Object Repository/Specific Cases Repository/LS/Calendar/Calendar_Events/Calendar_Events_Creation/Group/Page_Calendar/Groups Selector' is clicked on

27-09-2024T15:57:55 - [TEST_STEP][PASSED] - setText(findTestObject("Object Repository/Specific Cases Repository/LS/Calendar/Calendar_Events/Calendar_Events_Creation/Group/Page_Calendar/input_Loading_select2-search__field"), "1.2"): Text '1.2' is set on object 'Object Repository/Specific Cases Repository/LS/Calendar/Calendar_Events/Calendar_Events_Creation/Group/Page_Calendar/input_Loading_select2-search__field'

27-09-2024T15:57:56 - [MESSAGE][PASSED] - Text '1.2' is set on object 'Object Repository/Specific Cases Repository/LS/Calendar/Calendar_Events/Calendar_Events_Creation/Group/Page_Calendar/input_Loading_select2-search__field'

27-09-2024T15:57:56 - [TEST_STEP][PASSED] - sendKeys(findTestObject("Object Repository/Specific Cases Repository/LS/Calendar/Calendar_Events/Calendar_Events_Creation/Group/Page_Calendar/input_Loading_select2-search__field"), Keys.chord(ENTER)): Keys 'ENTER + ' sent to object: 'Object Repository/Specific Cases Repository/LS/Calendar/Calendar_Events/Calendar_Events_Creation/Group/Page_Calendar/input_Loading_select2-search__field'

27-09-2024T15:57:56 - [MESSAGE][PASSED] - Keys 'ENTER + ' sent to object: 'Object Repository/Specific Cases Repository/LS/Calendar/Calendar_Events/Calendar_Events_Creation/Group/Page_Calendar/input_Loading_select2-search__field'

27-09-2024T15:57:56 - [TEST_STEP][PASSED] - setText(findTestObject("Object Repository/Specific Cases Repository/LS/Calendar/Calendar_Events/Calendar_Events_Creation/Group/Page_Calendar/input_Title_title_"), "1.2 Automatically Enroll Clients in Selected Location/Program(s)"): Text '1.2 Automatically Enroll Clients in Selected Location/Program(s)' is set on object 'Object Repository/Specific Cases Repository/LS/Calendar/Calendar_Events/Calendar_Events_Creation/Group/Page_Calendar/input_Title_title_'

27-09-2024T15:57:57 - [MESSAGE][PASSED] - Text '1.2 Automatically Enroll Clients in Selected Location/Program(s)' is set on object 'Object Repository/Specific Cases Repository/LS/Calendar/Calendar_Events/Calendar_Events_Creation/Group/Page_Calendar/input_Title_title_'

27-09-2024T15:57:57 - [TEST_STEP][PASSED] - click(findTestObject("Object Repository/Specific Cases Repository/LS/Calendar/Calendar_Events/Calendar_Events_Creation/Group/Page_Calendar/Date")): Object: 'Object Repository/Specific Cases Repository/LS/Calendar/Calendar_Events/Calendar_Events_Creation/Group/Page_Calendar/Date' is clicked on

27-09-2024T15:57:57 - [MESSAGE][PASSED] - Object: 'Object Repository/Specific Cases Repository/LS/Calendar/Calendar_Events/Calendar_Events_Creation/Group/Page_Calendar/Date' is clicked on

27-09-2024T15:57:57 - [TEST_STEP][PASSED] - setText(findTestObject("Object Repository/Specific Cases Repository/LS/Calendar/Calendar_Events/Calendar_Events_Creation/Group/Page_Calendar/Date"), Todays_Date): Text '09/27/2024' is set on object 'Object Repository/Specific Cases Repository/LS/Calendar/Calendar_Events/Calendar_Events_Creation/Group/Page_Calendar/Date'

27-09-2024T15:57:58 - [MESSAGE][PASSED] - Text '09/27/2024' is set on object 'Object Repository/Specific Cases Repository/LS/Calendar/Calendar_Events/Calendar_Events_Creation/Group/Page_Calendar/Date'

27-09-2024T15:57:58 - [TEST_STEP][PASSED] - click(findTestObject("Object Repository/Specific Cases Repository/LS/Calendar/Calendar_Events/Calendar_Events_Creation/Group/Page_Calendar/Start Time")): Object: 'Object Repository/Specific Cases Repository/LS/Calendar/Calendar_Events/Calendar_Events_Creation/Group/Page_Calendar/Start Time' is clicked on

27-09-2024T15:57:59 - [MESSAGE][PASSED] - Object: 'Object Repository/Specific Cases Repository/LS/Calendar/Calendar_Events/Calendar_Events_Creation/Group/Page_Calendar/Start Time' is clicked on

27-09-2024T15:57:59 - [TEST_STEP][PASSED] - setText(findTestObject("Object Repository/Specific Cases Repository/LS/Calendar/Calendar_Events/Calendar_Events_Creation/Group/Page_Calendar/Start Time"), "1300"): Text '1300' is set on object 'Object Repository/Specific Cases Repository/LS/Calendar/Calendar_Events/Calendar_Events_Creation/Group/Page_Calendar/Start Time'

27-09-2024T15:57:59 - [MESSAGE][PASSED] - Text '1300' is set on object 'Object Repository/Specific Cases Repository/LS/Calendar/Calendar_Events/Calendar_Events_Creation/Group/Page_Calendar/Start Time'

27-09-2024T15:57:59 - [TEST_STEP][PASSED] - click(findTestObject("Object Repository/Specific Cases Repository/LS/Calendar/Calendar_Events/Calendar_Events_Creation/Group/Page_Calendar/End Time")): Object: 'Object Repository/Specific Cases Repository/LS/Calendar/Calendar_Events/Calendar_Events_Creation/Group/Page_Calendar/End Time' is clicked on

27-09-2024T15:58:00 - [MESSAGE][PASSED] - Object: 'Object Repository/Specific Cases Repository/LS/Calendar/Calendar_Events/Calendar_Events_Creation/Group/Page_Calendar/End Time' is clicked on

27-09-2024T15:58:00 - [TEST_STEP][PASSED] - setText(findTestObject("Object Repository/Specific Cases Repository/LS/Calendar/Calendar_Events/Calendar_Events_Creation/Group/Page_Calendar/End Time"), "1400"): Text '1400' is set on object 'Object Repository/Specific Cases Repository/LS/Calendar/Calendar_Events/Calendar_Events_Creation/Group/Page_Calendar/End Time'

27-09-2024T15:58:01 - [MESSAGE][PASSED] - Text '1400' is set on object 'Object Repository/Specific Cases Repository/LS/Calendar/Calendar_Events/Calendar_Events_Creation/Group/Page_Calendar/End Time'

27-09-2024T15:58:01 - [TEST_STEP][PASSED] - click(findTestObject("Object Repository/Specific Cases Repository/LS/Calendar/Calendar_Events/Calendar_Events_Creation/Group/Page_Calendar/Groups Selector")): Object: 'Object Repository/Specific Cases Repository/LS/Calendar/Calendar_Events/Calendar_Events_Creation/Group/Page_Calendar/Groups Selector' is clicked on

27-09-2024T15:58:01 - [MESSAGE][PASSED] - Object: 'Object Repository/Specific Cases Repository/LS/Calendar/Calendar_Events/Calendar_Events_Creation/Group/Page_Calendar/Groups Selector' is clicked on

27-09-2024T15:58:01 - [TEST_STEP][PASSED] - setText(findTestObject("Object Repository/Specific Cases Repository/LS/Calendar/Calendar_Events/Calendar_Events_Creation/Group/Page_Calendar/input_Loading_select2-search__field"), "1.2"): Text '1.2' is set on object 'Object Repository/Specific Cases Repository/LS/Calendar/Calendar_Events/Calendar_Events_Creation/Group/Page_Calendar/input_Loading_select2-search__field'

27-09-2024T15:58:02 - [MESSAGE][PASSED] - Text '1.2' is set on object 'Object Repository/Specific Cases Repository/LS/Calendar/Calendar_Events/Calendar_Events_Creation/Group/Page_Calendar/input_Loading_select2-search__field'

27-09-2024T15:58:02 - [TEST_STEP][PASSED] - sendKeys(findTestObject("Object Repository/Specific Cases Repository/LS/Calendar/Calendar_Events/Calendar_Events_Creation/Group/Page_Calendar/input_Loading_select2-search__field"), Keys.chord(ENTER)): Keys 'ENTER + ' sent to object: 'Object Repository/Specific Cases Repository/LS/Calendar/Calendar_Events/Calendar_Events_Creation/Group/Page_Calendar/input_Loading_select2-search__field'

27-09-2024T15:58:02 - [MESSAGE][PASSED] - Keys 'ENTER + ' sent to object: 'Object Repository/Specific Cases Repository/LS/Calendar/Calendar_Events/Calendar_Events_Creation/Group/Page_Calendar/input_Loading_select2-search__field'

27-09-2024T15:58:02 - [TEST_STEP][PASSED] - click(findTestObject("Object Repository/Specific Cases Repository/LS/Calendar/Calendar_Events/Calendar_Events_Creation/Group/Page_Calendar/span_Select Clients")): Object: 'Object Repository/Specific Cases Repository/LS/Calendar/Calendar_Events/Calendar_Events_Creation/Group/Page_Calendar/span_Select Clients' is clicked on

27-09-2024T15:58:03 - [MESSAGE][PASSED] - Object: 'Object Repository/Specific Cases Repository/LS/Calendar/Calendar_Events/Calendar_Events_Creation/Group/Page_Calendar/span_Select Clients' is clicked on

27-09-2024T15:58:03 - [TEST_STEP][PASSED] - click(findTestObject("Object Repository/Specific Cases Repository/LS/Calendar/Calendar_Events/Calendar_Events_Creation/Group/Page_Calendar/label_C Automation, C Client MR 24-11008")): Object: 'Object Repository/Specific Cases Repository/LS/Calendar/Calendar_Events/Calendar_Events_Creation/Group/Page_Calendar/label_C Automation, C Client MR 24-11008' is clicked on

27-09-2024T15:58:04 - [MESSAGE][PASSED] - Object: 'Object Repository/Specific Cases Repository/LS/Calendar/Calendar_Events/Calendar_Events_Creation/Group/Page_Calendar/label_C Automation, C Client MR 24-11008' is clicked on

27-09-2024T15:58:04 - [TEST_STEP][PASSED] - click(findTestObject("Object Repository/Specific Cases Repository/LS/Calendar/Calendar_Events/Calendar_Events_Creation/Group/Page_Calendar/label_B Automation, B Client MR 24-11007")): Object: 'Object Repository/Specific Cases Repository/LS/Calendar/Calendar_Events/Calendar_Events_Creation/Group/Page_Calendar/label_B Automation, B Client MR 24-11007' is clicked on

27-09-2024T15:58:04 - [MESSAGE][PASSED] - Object: 'Object Repository/Specific Cases Repository/LS/Calendar/Calendar_Events/Calendar_Events_Creation/Group/Page_Calendar/label_B Automation, B Client MR 24-11007' is clicked on

27-09-2024T15:58:04 - [TEST_STEP][PASSED] - click(findTestObject("Object Repository/Specific Cases Repository/LS/Calendar/Calendar_Events/Calendar_Events_Creation/Group/Page_Calendar/View Enrolled Patients")): Object: 'Object Repository/Specific Cases Repository/LS/Calendar/Calendar_Events/Calendar_Events_Creation/Group/Page_Calendar/View Enrolled Patients' is clicked on

27-09-2024T15:58:05 - [MESSAGE][PASSED] - Object: 'Object Repository/Specific Cases Repository/LS/Calendar/Calendar_Events/Calendar_Events_Creation/Group/Page_Calendar/View Enrolled Patients' is clicked on

27-09-2024T15:58:05 - [TEST_STEP][PASSED] - verifyElementText(findTestObject("Object Repository/Specific Cases Repository/LS/Calendar/Calendar_Events/Calendar_Events_Creation/Group/Page_Calendar/td_C Automation, C Client MR 24-11008"), "C Automation, C Client MR# 24-11008"): Actual text and expected text of test object 'Object Repository/Specific Cases Repository/LS/Calendar/Calendar_Events/Calendar_Events_Creation/Group/Page_Calendar/td_C Automation, C Client MR 24-11008' are matched.

27-09-2024T15:58:05 - [MESSAGE][PASSED] - Actual text and expected text of test object 'Object Repository/Specific Cases Repository/LS/Calendar/Calendar_Events/Calendar_Events_Creation/Group/Page_Calendar/td_C Automation, C Client MR 24-11008' are matched.

27-09-2024T15:58:05 - [TEST_STEP][PASSED] - verifyElementText(findTestObject("Object Repository/Specific Cases Repository/LS/Calendar/Calendar_Events/Calendar_Events_Creation/Group/Page_Calendar/td_B Automation, B Client MR 24-11007"), "B Automation, B Client MR# 24-11007"): Actual text and expected text of test object 'Object Repository/Specific Cases Repository/LS/Calendar/Calendar_Events/Calendar_Events_Creation/Group/Page_Calendar/td_B Automation, B Client MR 24-11007' are matched.

27-09-2024T15:58:06 - [MESSAGE][PASSED] - Actual text and expected text of test object 'Object Repository/Specific Cases Repository/LS/Calendar/Calendar_Events/Calendar_Events_Creation/Group/Page_Calendar/td_B Automation, B Client MR 24-11007' are matched.

27-09-2024T15:58:06 - [TEST_STEP][PASSED] - click(findTestObject("Object Repository/Specific Cases Repository/LS/Calendar/Calendar_Events/Calendar_Events_Creation/Group/Page_Calendar/View Enrolled Patients")): Object: 'Object Repository/Specific Cases Repository/LS/Calendar/Calendar_Events/Calendar_Events_Creation/Group/Page_Calendar/View Enrolled Patients' is clicked on

27-09-2024T15:58:06 - [MESSAGE][PASSED] - Object: 'Object Repository/Specific Cases Repository/LS/Calendar/Calendar_Events/Calendar_Events_Creation/Group/Page_Calendar/View Enrolled Patients' is clicked on

27-09-2024T15:58:06 - [TEST_STEP][PASSED] - scrollToElement(findTestObject("Object Repository/Specific Cases Repository/LS/Calendar/Calendar_Events/Calendar_Events_Creation/Group/Page_Calendar/a_Save"), 0): Scroll to object 'Object Repository/Specific Cases Repository/LS/Calendar/Calendar_Events/Calendar_Events_Creation/Group/Page_Calendar/a_Save' successfully

27-09-2024T15:58:06 - [MESSAGE][WARNING] - Timeout '0' is invalid. Using default page load timeout: '30'

27-09-2024T15:58:06 - [MESSAGE][PASSED] - Scroll to object 'Object Repository/Specific Cases Repository/LS/Calendar/Calendar_Events/Calendar_Events_Creation/Group/Page_Calendar/a_Save' successfully

27-09-2024T15:58:06 - [TEST_STEP][PASSED] - click(findTestObject("Object Repository/Specific Cases Repository/LS/Calendar/Calendar_Events/Calendar_Events_Creation/Group/Page_Calendar/a_Save")): Object: 'Object Repository/Specific Cases Repository/LS/Calendar/Calendar_Events/Calendar_Events_Creation/Group/Page_Calendar/a_Save' is clicked on

27-09-2024T15:58:06 - [MESSAGE][PASSED] - Object: 'Object Repository/Specific Cases Repository/LS/Calendar/Calendar_Events/Calendar_Events_Creation/Group/Page_Calendar/a_Save' is clicked on

27-09-2024T15:58:06 - [TEST_STEP][PASSED] - click(findTestObject("Specific Cases Repository/LS/Calendar/Calendar_Events/Calendar_Events_Creation/Group/Page_Calendar/Calendar Event")): Object: 'Object Repository/Specific Cases Repository/LS/Calendar/Calendar_Events/Calendar_Events_Creation/Group/Page_Calendar/Calendar Event' is clicked on

27-09-2024T15:58:08 - [MESSAGE][PASSED] - Object: 'Object Repository/Specific Cases Repository/LS/Calendar/Calendar_Events/Calendar_Events_Creation/Group/Page_Calendar/Calendar Event' is clicked on

27-09-2024T15:58:08 - [TEST_STEP][PASSED] - verifyElementText(findTestObject("Object Repository/Specific Cases Repository/LS/Calendar/Calendar_Events/Calendar_Events_Creation/Group/Page_Calendar/label_Start Group Session"), "Start Group Session"): Actual text and expected text of test object 'Object Repository/Specific Cases Repository/LS/Calendar/Calendar_Events/Calendar_Events_Creation/Group/Page_Calendar/label_Start Group Session' are matched.

27-09-2024T15:58:10 - [MESSAGE][PASSED] - Actual text and expected text of test object 'Object Repository/Specific Cases Repository/LS/Calendar/Calendar_Events/Calendar_Events_Creation/Group/Page_Calendar/label_Start Group Session' are matched.

27-09-2024T15:58:10 - [TEST_STEP][PASSED] - verifyElementPresent(findTestObject("Object Repository/Specific Cases Repository/LS/Calendar/Calendar_Events/Calendar_Events_Creation/Group/Page_Calendar/input_Start Group Session_isdocumentedgroup"), 0): Object 'Object Repository/Specific Cases Repository/LS/Calendar/Calendar_Events/Calendar_Events_Creation/Group/Page_Calendar/input_Start Group Session_isdocumentedgroup' is present

27-09-2024T15:58:10 - [MESSAGE][WARNING] - Timeout '0' is invalid. Using default page load timeout: '30'

27-09-2024T15:58:10 - [MESSAGE][PASSED] - Object 'Object Repository/Specific Cases Repository/LS/Calendar/Calendar_Events/Calendar_Events_Creation/Group/Page_Calendar/input_Start Group Session_isdocumentedgroup' is present

27-09-2024T15:58:10 - [TEST_STEP][PASSED] - click(findTestObject("Object Repository/Specific Cases Repository/LS/Calendar/Calendar_Events/Calendar_Events_Creation/Group/Page_Calendar/a_Save Revision")): Object: 'Object Repository/Specific Cases Repository/LS/Calendar/Calendar_Events/Calendar_Events_Creation/Group/Page_Calendar/a_Save Revision' is clicked on

27-09-2024T15:58:10 - [MESSAGE][PASSED] - Object: 'Object Repository/Specific Cases Repository/LS/Calendar/Calendar_Events/Calendar_Events_Creation/Group/Page_Calendar/a_Save Revision' is clicked on

27-09-2024T15:58:10 - [TEST_STEP][PASSED] - mouseOver(findTestObject("Specific Cases Repository/LS/Calendar/Calendar_Events/Calendar_Events_Creation/Group/Page_Calendar/Calendar Event")): Object: 'Object Repository/Specific Cases Repository/LS/Calendar/Calendar_Events/Calendar_Events_Creation/Group/Page_Calendar/Calendar Event' is hovered

27-09-2024T15:58:10 - [MESSAGE][PASSED] - Object: 'Object Repository/Specific Cases Repository/LS/Calendar/Calendar_Events/Calendar_Events_Creation/Group/Page_Calendar/Calendar Event' is hovered

27-09-2024T15:58:10 - [TEST_STEP][PASSED] - verifyElementText(findTestObject("Object Repository/Specific Cases Repository/LS/Calendar/Calendar_Events/Calendar_Events_Creation/Group/Page_Calendar/span_Automation Test 1.2 Automatically Enro_f39ad6"), "1.2 Automatically Enroll Clients in Selected Location/Program(s)"): Actual text and expected text of test object 'Object Repository/Specific Cases Repository/LS/Calendar/Calendar_Events/Calendar_Events_Creation/Group/Page_Calendar/span_Automation Test 1.2 Automatically Enro_f39ad6' are matched.

27-09-2024T15:58:11 - [MESSAGE][PASSED] - Actual text and expected text of test object 'Object Repository/Specific Cases Repository/LS/Calendar/Calendar_Events/Calendar_Events_Creation/Group/Page_Calendar/span_Automation Test 1.2 Automatically Enro_f39ad6' are matched.

27-09-2024T15:58:11 - [TEST_STEP][PASSED] - closeBrowser(): Browser is closed

27-09-2024T15:58:11 - [MESSAGE][PASSED] - Browser is closed]]></system-out>
         <system-err><![CDATA[]]></system-err>
      </testcase>
      <system-out><![CDATA[27-09-2024T15:52:13 - [TEST_SUITE][PASSED] - Calendar: Test Cases/Specific Cases/LS/General/Calendar/Present Events Creation/Calendar_Groups]]></system-out>
      <system-err><![CDATA[]]></system-err>
   </testsuite>
</testsuites>
