<?xml version="1.0" encoding="UTF-8"?>
<testsuites name="Calendar" time="392.019" tests="12" failures="2" errors="0">
   <testsuite name="Calendar" tests="12" failures="2" errors="0" time="392.019" skipped="0" timestamp="12-11-2024T16:01:45" hostname="Enrique - Enrique" id="Test Suites/LS/Home/Calendar">
      <properties>
         <property name="deviceName" value=""/>
         <property name="devicePlatform"/>
         <property name="logFolder" value="C:\\Users\\Enrique\\git\\AUTOMATION_LS\\Reports\\20241112_160140\\LS\\Home\\Calendar\\20241112_160140"/>
         <property name="logFiles" value="C:\\Users\\Enrique\\git\\AUTOMATION_LS\\Reports\\20241112_160140\\LS\\Home\\Calendar\\20241112_160140\\execution0.log"/>
         <property name="attachments" value="C:\\Users\\Enrique\\git\\AUTOMATION_LS\\Reports\\20241112_160140\\LS\\Home\\Calendar\\20241112_160140\\1731445324740.png"/>
         <property name="hostName" value="Enrique - Enrique"/>
         <property name="os" value="Windows 11 64bit"/>
         <property name="katalonVersion" value="9.7.3.223"/>
         <property name="browser" value="Chrome 130.0.0.0"/>
         <property name="hostAddress" value="192.168.100.147"/>
         <property name="sessionId" value="9eab89ec2550665346b715036eb3b91e"/>
         <property name="seleniumVersion" value="3.141.59"/>
         <property name="proxyInformation" value="ProxyInformation { proxyOption=NO_PROXY, proxyServerType=HTTP, username=, password=********, proxyServerAddress=, proxyServerPort=0, executionList=&quot;&quot;, isApplyToDesiredCapabilities=true }"/>
         <property name="platform" value="Windows 11"/>
      </properties>
      <testcase name="Test Cases/Specific Cases/LS/General/Calendar/Events_Creation/Future Events Creation/Future_Calendar_Appointment" time="19.567" classname="Test Cases/Specific Cases/LS/General/Calendar/Events_Creation/Future Events Creation/Future_Calendar_Appointment" status="FAILED">
         <failure type="FAILED" message="Test Cases/Specific Cases/LS/General/Calendar/Events_Creation/Future Events Creation/Future_Calendar_Appointment FAILED.&#xa;Reason:&#xa;com.kms.katalon.core.exception.StepFailedException: Unable to set text&#xa;	at com.kms.katalon.core.webui.keyword.internal.WebUIKeywordMain.stepFailed(WebUIKeywordMain.groovy:117)&#xa;	at com.kms.katalon.core.webui.keyword.internal.WebUIKeywordMain.runKeyword(WebUIKeywordMain.groovy:43)&#xa;	at com.kms.katalon.core.webui.keyword.builtin.SetTextKeyword.setText(SetTextKeyword.groovy:85)&#xa;	at com.kms.katalon.core.webui.keyword.builtin.SetTextKeyword.execute(SetTextKeyword.groovy:39)&#xa;	at com.kms.katalon.core.keyword.internal.KeywordExecutor.executeKeywordForPlatform(KeywordExecutor.groovy:74)&#xa;	at com.kms.katalon.core.webui.keyword.WebUiBuiltInKeywords.setText(WebUiBuiltInKeywords.groovy:1019)&#xa;	at Future_Calendar_Appointment.run(Future_Calendar_Appointment:45)&#xa;	at com.kms.katalon.core.main.ScriptEngine.run(ScriptEngine.java:194)&#xa;	at com.kms.katalon.core.main.ScriptEngine.runScriptAsRawText(ScriptEngine.java:119)&#xa;	at com.kms.katalon.core.main.TestCaseExecutor.runScript(TestCaseExecutor.java:448)&#xa;	at com.kms.katalon.core.main.TestCaseExecutor.doExecute(TestCaseExecutor.java:439)&#xa;	at com.kms.katalon.core.main.TestCaseExecutor.processExecutionPhase(TestCaseExecutor.java:418)&#xa;	at com.kms.katalon.core.main.TestCaseExecutor.accessMainPhase(TestCaseExecutor.java:410)&#xa;	at com.kms.katalon.core.main.TestCaseExecutor.execute(TestCaseExecutor.java:285)&#xa;	at com.kms.katalon.core.common.CommonExecutor.accessTestCaseMainPhase(CommonExecutor.java:65)&#xa;	at com.kms.katalon.core.main.TestSuiteExecutor.accessTestSuiteMainPhase(TestSuiteExecutor.java:150)&#xa;	at com.kms.katalon.core.main.TestSuiteExecutor.execute(TestSuiteExecutor.java:106)&#xa;	at com.kms.katalon.core.main.TestCaseMain.startTestSuite(TestCaseMain.java:180)&#xa;	at TempTestSuite1731445300081.run(TempTestSuite1731445300081.groovy:35)&#xa;	at java.base/jdk.internal.reflect.NativeMethodAccessorImpl.invoke0(Native Method)&#xa;	at java.base/jdk.internal.reflect.NativeMethodAccessorImpl.invoke(NativeMethodAccessorImpl.java:77)&#xa;	at java.base/jdk.internal.reflect.DelegatingMethodAccessorImpl.invoke(DelegatingMethodAccessorImpl.java:43)&#xa;Caused by: java.lang.IllegalArgumentException: Object is null&#xa;	at com.kms.katalon.core.helper.KeywordHelper.checkTestObjectParameter(KeywordHelper.java:33)&#xa;	at com.kms.katalon.core.webui.keyword.builtin.SetTextKeyword$_setText_closure1.doCall(SetTextKeyword.groovy:47)&#xa;	at com.kms.katalon.core.webui.keyword.builtin.SetTextKeyword$_setText_closure1.call(SetTextKeyword.groovy)&#xa;	at com.kms.katalon.core.webui.keyword.internal.WebUIKeywordMain.runKeyword(WebUIKeywordMain.groovy:35)&#xa;	... 20 more&#xa;"/>
         <system-out><![CDATA[12-11-2024T16:01:45 - [TEST_CASE][FAILED] - Test Cases/Specific Cases/LS/General/Calendar/Events_Creation/Future Events Creation/Future_Calendar_Appointment: Test Cases/Specific Cases/LS/General/Calendar/Events_Creation/Future Events Creation/Future_Calendar_Appointment FAILED.
Reason:
com.kms.katalon.core.exception.StepFailedException: Unable to set text
	at com.kms.katalon.core.webui.keyword.internal.WebUIKeywordMain.stepFailed(WebUIKeywordMain.groovy:117)
	at com.kms.katalon.core.webui.keyword.internal.WebUIKeywordMain.runKeyword(WebUIKeywordMain.groovy:43)
	at com.kms.katalon.core.webui.keyword.builtin.SetTextKeyword.setText(SetTextKeyword.groovy:85)
	at com.kms.katalon.core.webui.keyword.builtin.SetTextKeyword.execute(SetTextKeyword.groovy:39)
	at com.kms.katalon.core.keyword.internal.KeywordExecutor.executeKeywordForPlatform(KeywordExecutor.groovy:74)
	at com.kms.katalon.core.webui.keyword.WebUiBuiltInKeywords.setText(WebUiBuiltInKeywords.groovy:1019)
	at Future_Calendar_Appointment.run(Future_Calendar_Appointment:45)
	at com.kms.katalon.core.main.ScriptEngine.run(ScriptEngine.java:194)
	at com.kms.katalon.core.main.ScriptEngine.runScriptAsRawText(ScriptEngine.java:119)
	at com.kms.katalon.core.main.TestCaseExecutor.runScript(TestCaseExecutor.java:448)
	at com.kms.katalon.core.main.TestCaseExecutor.doExecute(TestCaseExecutor.java:439)
	at com.kms.katalon.core.main.TestCaseExecutor.processExecutionPhase(TestCaseExecutor.java:418)
	at com.kms.katalon.core.main.TestCaseExecutor.accessMainPhase(TestCaseExecutor.java:410)
	at com.kms.katalon.core.main.TestCaseExecutor.execute(TestCaseExecutor.java:285)
	at com.kms.katalon.core.common.CommonExecutor.accessTestCaseMainPhase(CommonExecutor.java:65)
	at com.kms.katalon.core.main.TestSuiteExecutor.accessTestSuiteMainPhase(TestSuiteExecutor.java:150)
	at com.kms.katalon.core.main.TestSuiteExecutor.execute(TestSuiteExecutor.java:106)
	at com.kms.katalon.core.main.TestCaseMain.startTestSuite(TestCaseMain.java:180)
	at TempTestSuite1731445300081.run(TempTestSuite1731445300081.groovy:35)
	at java.base/jdk.internal.reflect.NativeMethodAccessorImpl.invoke0(Native Method)
	at java.base/jdk.internal.reflect.NativeMethodAccessorImpl.invoke(NativeMethodAccessorImpl.java:77)
	at java.base/jdk.internal.reflect.DelegatingMethodAccessorImpl.invoke(DelegatingMethodAccessorImpl.java:43)
Caused by: java.lang.IllegalArgumentException: Object is null
	at com.kms.katalon.core.helper.KeywordHelper.checkTestObjectParameter(KeywordHelper.java:33)
	at com.kms.katalon.core.webui.keyword.builtin.SetTextKeyword$_setText_closure1.doCall(SetTextKeyword.groovy:47)
	at com.kms.katalon.core.webui.keyword.builtin.SetTextKeyword$_setText_closure1.call(SetTextKeyword.groovy)
	at com.kms.katalon.core.webui.keyword.internal.WebUIKeywordMain.runKeyword(WebUIKeywordMain.groovy:35)
	... 20 more


12-11-2024T16:01:45 - [TEST_STEP][PASSED] - callTestCase(findTestCase("Common Cases/Login"), [:], STOP_ON_FAILURE): Call Test Case 'Test Cases/Common Cases/Login' successfully

12-11-2024T16:01:45 - [TEST_CASE][PASSED] - Test Cases/Common Cases/Login: Test Cases/Common Cases/Login

12-11-2024T16:01:45 - [TEST_STEP][PASSED] - openBrowser(""): Browser is opened with url: ''

12-11-2024T16:01:46 - [MESSAGE][INFO] - Starting 'Chrome' driver

12-11-2024T16:01:46 - [MESSAGE][INFO] - Action delay is set to 0 milliseconds

12-11-2024T16:01:47 - [MESSAGE][PASSED] - Browser is opened with url: ''

12-11-2024T16:01:47 - [TEST_STEP][PASSED] - maximizeWindow(): Current window maximized

12-11-2024T16:01:47 - [MESSAGE][PASSED] - Current window maximized

12-11-2024T16:01:47 - [TEST_STEP][PASSED] - navigateToUrl("https://site17.lsapp.cloud/auth/login"): Navigate to 'https://site17.lsapp.cloud/auth/login' successfully

12-11-2024T16:01:49 - [MESSAGE][PASSED] - Navigate to 'https://site17.lsapp.cloud/auth/login' successfully

12-11-2024T16:01:49 - [TEST_STEP][PASSED] - setText(findTestObject("Object Repository/Common Cases Repository/Login/Page_Lightning Step/input_Email_email"), "automation@lightningstep.com"): Text 'automation@lightningstep.com' is set on object 'Object Repository/Common Cases Repository/Login/Page_Lightning Step/input_Email_email'

12-11-2024T16:01:50 - [MESSAGE][PASSED] - Text 'automation@lightningstep.com' is set on object 'Object Repository/Common Cases Repository/Login/Page_Lightning Step/input_Email_email'

12-11-2024T16:01:50 - [TEST_STEP][PASSED] - setEncryptedText(findTestObject("Object Repository/Common Cases Repository/Login/Page_Lightning Step/input_Password_password"), "e5N8VHmnhJDITtQaQhDQDw=="): Text ****** has been set on object 'Object Repository/Common Cases Repository/Login/Page_Lightning Step/input_Password_password'

12-11-2024T16:01:50 - [MESSAGE][PASSED] - Text ****** has been set on object 'Object Repository/Common Cases Repository/Login/Page_Lightning Step/input_Password_password'

12-11-2024T16:01:50 - [TEST_STEP][PASSED] - click(findTestObject("Object Repository/Common Cases Repository/Login/Page_Lightning Step/button_Sign in")): Object: 'Object Repository/Common Cases Repository/Login/Page_Lightning Step/button_Sign in' is clicked on

12-11-2024T16:01:54 - [MESSAGE][PASSED] - Object: 'Object Repository/Common Cases Repository/Login/Page_Lightning Step/button_Sign in' is clicked on

12-11-2024T16:01:54 - [MESSAGE][PASSED] - Call Test Case 'Test Cases/Common Cases/Login' successfully

12-11-2024T16:01:54 - [TEST_STEP][PASSED] - click(findTestObject("Object Repository/Specific Cases Repository/LS/Home/Calendar/Calendar_Events/Calendar_Events_Creation/Page_Home/a_Calendar")): Object: 'Object Repository/Specific Cases Repository/LS/Home/Calendar/Calendar_Events/Calendar_Events_Creation/Page_Home/a_Calendar' is clicked on

12-11-2024T16:01:58 - [MESSAGE][PASSED] - Object: 'Object Repository/Specific Cases Repository/LS/Home/Calendar/Calendar_Events/Calendar_Events_Creation/Page_Home/a_Calendar' is clicked on

12-11-2024T16:01:58 - [TEST_STEP][PASSED] - click(findTestObject("Object Repository/Specific Cases Repository/LS/Home/Calendar/Calendar_Events/Calendar_Events_Creation/Appointment/Page_Calendar/div_Week")): Object: 'Object Repository/Specific Cases Repository/LS/Home/Calendar/Calendar_Events/Calendar_Events_Creation/Appointment/Page_Calendar/div_Week' is clicked on

12-11-2024T16:01:59 - [MESSAGE][PASSED] - Object: 'Object Repository/Specific Cases Repository/LS/Home/Calendar/Calendar_Events/Calendar_Events_Creation/Appointment/Page_Calendar/div_Week' is clicked on

12-11-2024T16:01:59 - [TEST_STEP][PASSED] - click(findTestObject("Object Repository/Specific Cases Repository/LS/Home/Calendar/Calendar_Events/Calendar_Events_Creation/Appointment/Page_Calendar/button_Create new")): Object: 'Object Repository/Specific Cases Repository/LS/Home/Calendar/Calendar_Events/Calendar_Events_Creation/Appointment/Page_Calendar/button_Create new' is clicked on

12-11-2024T16:02:00 - [MESSAGE][PASSED] - Object: 'Object Repository/Specific Cases Repository/LS/Home/Calendar/Calendar_Events/Calendar_Events_Creation/Appointment/Page_Calendar/button_Create new' is clicked on

12-11-2024T16:02:00 - [TEST_STEP][PASSED] - click(findTestObject("Object Repository/Specific Cases Repository/LS/Home/Calendar/Calendar_Events/Calendar_Events_Creation/Appointment/Page_Calendar/label_Appointment")): Object: 'Object Repository/Specific Cases Repository/LS/Home/Calendar/Calendar_Events/Calendar_Events_Creation/Appointment/Page_Calendar/label_Appointment' is clicked on

12-11-2024T16:02:01 - [MESSAGE][PASSED] - Object: 'Object Repository/Specific Cases Repository/LS/Home/Calendar/Calendar_Events/Calendar_Events_Creation/Appointment/Page_Calendar/label_Appointment' is clicked on

12-11-2024T16:02:01 - [TEST_STEP][PASSED] - click(findTestObject("Specific Cases Repository/LS/Home/Calendar/Calendar_Events/Calendar_Events_Creation/Appointment/Page_Calendar/span_Select Client")): Object: 'Object Repository/Specific Cases Repository/LS/Home/Calendar/Calendar_Events/Calendar_Events_Creation/Appointment/Page_Calendar/span_Select Client' is clicked on

12-11-2024T16:02:01 - [MESSAGE][PASSED] - Object: 'Object Repository/Specific Cases Repository/LS/Home/Calendar/Calendar_Events/Calendar_Events_Creation/Appointment/Page_Calendar/span_Select Client' is clicked on

12-11-2024T16:02:01 - [TEST_STEP][PASSED] - click(findTestObject("Object Repository/Specific Cases Repository/LS/Home/Calendar/Calendar_Events/Calendar_Events_Creation/Page_Calendar/a_Cancel")): Object: 'Object Repository/Specific Cases Repository/LS/Home/Calendar/Calendar_Events/Calendar_Events_Creation/Page_Calendar/a_Cancel' is clicked on

12-11-2024T16:02:02 - [MESSAGE][PASSED] - Object: 'Object Repository/Specific Cases Repository/LS/Home/Calendar/Calendar_Events/Calendar_Events_Creation/Page_Calendar/a_Cancel' is clicked on

12-11-2024T16:02:02 - [TEST_STEP][PASSED] - click(findTestObject("Object Repository/Specific Cases Repository/LS/Home/Calendar/Calendar_Events/Calendar_Events_Creation/Appointment/Page_Calendar/button_Create new")): Object: 'Object Repository/Specific Cases Repository/LS/Home/Calendar/Calendar_Events/Calendar_Events_Creation/Appointment/Page_Calendar/button_Create new' is clicked on

12-11-2024T16:02:02 - [MESSAGE][PASSED] - Object: 'Object Repository/Specific Cases Repository/LS/Home/Calendar/Calendar_Events/Calendar_Events_Creation/Appointment/Page_Calendar/button_Create new' is clicked on

12-11-2024T16:02:02 - [TEST_STEP][PASSED] - click(findTestObject("Object Repository/Specific Cases Repository/LS/Home/Calendar/Calendar_Events/Calendar_Events_Creation/Appointment/Page_Calendar/label_Appointment")): Object: 'Object Repository/Specific Cases Repository/LS/Home/Calendar/Calendar_Events/Calendar_Events_Creation/Appointment/Page_Calendar/label_Appointment' is clicked on

12-11-2024T16:02:03 - [MESSAGE][PASSED] - Object: 'Object Repository/Specific Cases Repository/LS/Home/Calendar/Calendar_Events/Calendar_Events_Creation/Appointment/Page_Calendar/label_Appointment' is clicked on

12-11-2024T16:02:03 - [TEST_STEP][PASSED] - click(findTestObject("Object Repository/Specific Cases Repository/LS/Home/Calendar/Calendar_Events/Calendar_Events_Creation/Appointment/Page_Calendar/label_Appointment")): Object: 'Object Repository/Specific Cases Repository/LS/Home/Calendar/Calendar_Events/Calendar_Events_Creation/Appointment/Page_Calendar/label_Appointment' is clicked on

12-11-2024T16:02:03 - [MESSAGE][PASSED] - Object: 'Object Repository/Specific Cases Repository/LS/Home/Calendar/Calendar_Events/Calendar_Events_Creation/Appointment/Page_Calendar/label_Appointment' is clicked on

12-11-2024T16:02:03 - [TEST_STEP][PASSED] - click(findTestObject("Specific Cases Repository/LS/Home/Calendar/Calendar_Events/Calendar_Events_Creation/Appointment/Page_Calendar/span_Select Client")): Object: 'Object Repository/Specific Cases Repository/LS/Home/Calendar/Calendar_Events/Calendar_Events_Creation/Appointment/Page_Calendar/span_Select Client' is clicked on

12-11-2024T16:02:04 - [MESSAGE][PASSED] - Object: 'Object Repository/Specific Cases Repository/LS/Home/Calendar/Calendar_Events/Calendar_Events_Creation/Appointment/Page_Calendar/span_Select Client' is clicked on

12-11-2024T16:02:04 - [TEST_STEP][FAILED] - setText(findTestObject("Specific Cases Repository/LS/Calendar/Calendar_Events/Calendar_Events_Creation/Appointment/SelectClientB"), "B"): Unable to set text (Root cause: com.kms.katalon.core.exception.StepFailedException: Unable to set text
	at com.kms.katalon.core.webui.keyword.internal.WebUIKeywordMain.stepFailed(WebUIKeywordMain.groovy:117)
	at com.kms.katalon.core.webui.keyword.internal.WebUIKeywordMain.runKeyword(WebUIKeywordMain.groovy:43)
	at com.kms.katalon.core.webui.keyword.builtin.SetTextKeyword.setText(SetTextKeyword.groovy:85)
	at com.kms.katalon.core.webui.keyword.builtin.SetTextKeyword.execute(SetTextKeyword.groovy:39)
	at com.kms.katalon.core.keyword.internal.KeywordExecutor.executeKeywordForPlatform(KeywordExecutor.groovy:74)
	at com.kms.katalon.core.webui.keyword.WebUiBuiltInKeywords.setText(WebUiBuiltInKeywords.groovy:1019)
	at Future_Calendar_Appointment.run(Future_Calendar_Appointment:45)
	at com.kms.katalon.core.main.ScriptEngine.run(ScriptEngine.java:194)
	at com.kms.katalon.core.main.ScriptEngine.runScriptAsRawText(ScriptEngine.java:119)
	at com.kms.katalon.core.main.TestCaseExecutor.runScript(TestCaseExecutor.java:448)
	at com.kms.katalon.core.main.TestCaseExecutor.doExecute(TestCaseExecutor.java:439)
	at com.kms.katalon.core.main.TestCaseExecutor.processExecutionPhase(TestCaseExecutor.java:418)
	at com.kms.katalon.core.main.TestCaseExecutor.accessMainPhase(TestCaseExecutor.java:410)
	at com.kms.katalon.core.main.TestCaseExecutor.execute(TestCaseExecutor.java:285)
	at com.kms.katalon.core.common.CommonExecutor.accessTestCaseMainPhase(CommonExecutor.java:65)
	at com.kms.katalon.core.main.TestSuiteExecutor.accessTestSuiteMainPhase(TestSuiteExecutor.java:150)
	at com.kms.katalon.core.main.TestSuiteExecutor.execute(TestSuiteExecutor.java:106)
	at com.kms.katalon.core.main.TestCaseMain.startTestSuite(TestCaseMain.java:180)
	at TempTestSuite1731445300081.run(TempTestSuite1731445300081.groovy:35)
	at java.base/jdk.internal.reflect.NativeMethodAccessorImpl.invoke0(Native Method)
	at java.base/jdk.internal.reflect.NativeMethodAccessorImpl.invoke(NativeMethodAccessorImpl.java:77)
	at java.base/jdk.internal.reflect.DelegatingMethodAccessorImpl.invoke(DelegatingMethodAccessorImpl.java:43)
Caused by: java.lang.IllegalArgumentException: Object is null
	at com.kms.katalon.core.helper.KeywordHelper.checkTestObjectParameter(KeywordHelper.java:33)
	at com.kms.katalon.core.webui.keyword.builtin.SetTextKeyword$_setText_closure1.doCall(SetTextKeyword.groovy:47)
	at com.kms.katalon.core.webui.keyword.builtin.SetTextKeyword$_setText_closure1.call(SetTextKeyword.groovy)
	at com.kms.katalon.core.webui.keyword.internal.WebUIKeywordMain.runKeyword(WebUIKeywordMain.groovy:35)
	at com.kms.katalon.core.webui.keyword.builtin.SetTextKeyword.setText(SetTextKeyword.groovy:85)
	at com.kms.katalon.core.webui.keyword.builtin.SetTextKeyword.execute(SetTextKeyword.groovy:39)
	at com.kms.katalon.core.keyword.internal.KeywordExecutor.executeKeywordForPlatform(KeywordExecutor.groovy:74)
	at com.kms.katalon.core.webui.keyword.WebUiBuiltInKeywords.setText(WebUiBuiltInKeywords.groovy:1019)
	at Script1727458510239.run(Script1727458510239.groovy:45)
	... 15 more
)

12-11-2024T16:02:04 - [MESSAGE][WARNING] - Test object with id 'Object Repository/Specific Cases Repository/LS/Calendar/Calendar_Events/Calendar_Events_Creation/Appointment/SelectClientB' does not exist

12-11-2024T16:02:04 - [MESSAGE][WARNING] - Test object with id 'Object Repository/' does not exist

12-11-2024T16:02:04 - [MESSAGE][FAILED] - Unable to set text (Root cause: com.kms.katalon.core.exception.StepFailedException: Unable to set text
	at com.kms.katalon.core.webui.keyword.internal.WebUIKeywordMain.stepFailed(WebUIKeywordMain.groovy:117)
	at com.kms.katalon.core.webui.keyword.internal.WebUIKeywordMain.runKeyword(WebUIKeywordMain.groovy:43)
	at com.kms.katalon.core.webui.keyword.builtin.SetTextKeyword.setText(SetTextKeyword.groovy:85)
	at com.kms.katalon.core.webui.keyword.builtin.SetTextKeyword.execute(SetTextKeyword.groovy:39)
	at com.kms.katalon.core.keyword.internal.KeywordExecutor.executeKeywordForPlatform(KeywordExecutor.groovy:74)
	at com.kms.katalon.core.webui.keyword.WebUiBuiltInKeywords.setText(WebUiBuiltInKeywords.groovy:1019)
	at Future_Calendar_Appointment.run(Future_Calendar_Appointment:45)
	at com.kms.katalon.core.main.ScriptEngine.run(ScriptEngine.java:194)
	at com.kms.katalon.core.main.ScriptEngine.runScriptAsRawText(ScriptEngine.java:119)
	at com.kms.katalon.core.main.TestCaseExecutor.runScript(TestCaseExecutor.java:448)
	at com.kms.katalon.core.main.TestCaseExecutor.doExecute(TestCaseExecutor.java:439)
	at com.kms.katalon.core.main.TestCaseExecutor.processExecutionPhase(TestCaseExecutor.java:418)
	at com.kms.katalon.core.main.TestCaseExecutor.accessMainPhase(TestCaseExecutor.java:410)
	at com.kms.katalon.core.main.TestCaseExecutor.execute(TestCaseExecutor.java:285)
	at com.kms.katalon.core.common.CommonExecutor.accessTestCaseMainPhase(CommonExecutor.java:65)
	at com.kms.katalon.core.main.TestSuiteExecutor.accessTestSuiteMainPhase(TestSuiteExecutor.java:150)
	at com.kms.katalon.core.main.TestSuiteExecutor.execute(TestSuiteExecutor.java:106)
	at com.kms.katalon.core.main.TestCaseMain.startTestSuite(TestCaseMain.java:180)
	at TempTestSuite1731445300081.run(TempTestSuite1731445300081.groovy:35)
	at java.base/jdk.internal.reflect.NativeMethodAccessorImpl.invoke0(Native Method)
	at java.base/jdk.internal.reflect.NativeMethodAccessorImpl.invoke(NativeMethodAccessorImpl.java:77)
	at java.base/jdk.internal.reflect.DelegatingMethodAccessorImpl.invoke(DelegatingMethodAccessorImpl.java:43)
Caused by: java.lang.IllegalArgumentException: Object is null
	at com.kms.katalon.core.helper.KeywordHelper.checkTestObjectParameter(KeywordHelper.java:33)
	at com.kms.katalon.core.webui.keyword.builtin.SetTextKeyword$_setText_closure1.doCall(SetTextKeyword.groovy:47)
	at com.kms.katalon.core.webui.keyword.builtin.SetTextKeyword$_setText_closure1.call(SetTextKeyword.groovy)
	at com.kms.katalon.core.webui.keyword.internal.WebUIKeywordMain.runKeyword(WebUIKeywordMain.groovy:35)
	at com.kms.katalon.core.webui.keyword.builtin.SetTextKeyword.setText(SetTextKeyword.groovy:85)
	at com.kms.katalon.core.webui.keyword.builtin.SetTextKeyword.execute(SetTextKeyword.groovy:39)
	at com.kms.katalon.core.keyword.internal.KeywordExecutor.executeKeywordForPlatform(KeywordExecutor.groovy:74)
	at com.kms.katalon.core.webui.keyword.WebUiBuiltInKeywords.setText(WebUiBuiltInKeywords.groovy:1019)
	at Script1727458510239.run(Script1727458510239.groovy:45)
	... 15 more
)
[[ATTACHMENT|C:\\Users\\Enrique\\git\\AUTOMATION_LS\\Reports\\20241112_160140\\LS\\Home\\Calendar\\20241112_160140\\1731445324740.png]]]]></system-out>
         <system-err><![CDATA[12-11-2024T16:01:45 - [TEST_CASE][FAILED] - Test Cases/Specific Cases/LS/General/Calendar/Events_Creation/Future Events Creation/Future_Calendar_Appointment: Test Cases/Specific Cases/LS/General/Calendar/Events_Creation/Future Events Creation/Future_Calendar_Appointment FAILED.
Reason:
com.kms.katalon.core.exception.StepFailedException: Unable to set text
	at com.kms.katalon.core.webui.keyword.internal.WebUIKeywordMain.stepFailed(WebUIKeywordMain.groovy:117)
	at com.kms.katalon.core.webui.keyword.internal.WebUIKeywordMain.runKeyword(WebUIKeywordMain.groovy:43)
	at com.kms.katalon.core.webui.keyword.builtin.SetTextKeyword.setText(SetTextKeyword.groovy:85)
	at com.kms.katalon.core.webui.keyword.builtin.SetTextKeyword.execute(SetTextKeyword.groovy:39)
	at com.kms.katalon.core.keyword.internal.KeywordExecutor.executeKeywordForPlatform(KeywordExecutor.groovy:74)
	at com.kms.katalon.core.webui.keyword.WebUiBuiltInKeywords.setText(WebUiBuiltInKeywords.groovy:1019)
	at Future_Calendar_Appointment.run(Future_Calendar_Appointment:45)
	at com.kms.katalon.core.main.ScriptEngine.run(ScriptEngine.java:194)
	at com.kms.katalon.core.main.ScriptEngine.runScriptAsRawText(ScriptEngine.java:119)
	at com.kms.katalon.core.main.TestCaseExecutor.runScript(TestCaseExecutor.java:448)
	at com.kms.katalon.core.main.TestCaseExecutor.doExecute(TestCaseExecutor.java:439)
	at com.kms.katalon.core.main.TestCaseExecutor.processExecutionPhase(TestCaseExecutor.java:418)
	at com.kms.katalon.core.main.TestCaseExecutor.accessMainPhase(TestCaseExecutor.java:410)
	at com.kms.katalon.core.main.TestCaseExecutor.execute(TestCaseExecutor.java:285)
	at com.kms.katalon.core.common.CommonExecutor.accessTestCaseMainPhase(CommonExecutor.java:65)
	at com.kms.katalon.core.main.TestSuiteExecutor.accessTestSuiteMainPhase(TestSuiteExecutor.java:150)
	at com.kms.katalon.core.main.TestSuiteExecutor.execute(TestSuiteExecutor.java:106)
	at com.kms.katalon.core.main.TestCaseMain.startTestSuite(TestCaseMain.java:180)
	at TempTestSuite1731445300081.run(TempTestSuite1731445300081.groovy:35)
	at java.base/jdk.internal.reflect.NativeMethodAccessorImpl.invoke0(Native Method)
	at java.base/jdk.internal.reflect.NativeMethodAccessorImpl.invoke(NativeMethodAccessorImpl.java:77)
	at java.base/jdk.internal.reflect.DelegatingMethodAccessorImpl.invoke(DelegatingMethodAccessorImpl.java:43)
Caused by: java.lang.IllegalArgumentException: Object is null
	at com.kms.katalon.core.helper.KeywordHelper.checkTestObjectParameter(KeywordHelper.java:33)
	at com.kms.katalon.core.webui.keyword.builtin.SetTextKeyword$_setText_closure1.doCall(SetTextKeyword.groovy:47)
	at com.kms.katalon.core.webui.keyword.builtin.SetTextKeyword$_setText_closure1.call(SetTextKeyword.groovy)
	at com.kms.katalon.core.webui.keyword.internal.WebUIKeywordMain.runKeyword(WebUIKeywordMain.groovy:35)
	... 20 more]]></system-err>
      </testcase>
      <testcase name="Test Cases/Specific Cases/LS/General/Calendar/Events_Creation/Future Events Creation/Future_Calendar_Block" time="25.478" classname="Test Cases/Specific Cases/LS/General/Calendar/Events_Creation/Future Events Creation/Future_Calendar_Block" status="PASSED">
         <system-out><![CDATA[12-11-2024T16:02:04 - [TEST_CASE][PASSED] - Test Cases/Specific Cases/LS/General/Calendar/Events_Creation/Future Events Creation/Future_Calendar_Block: Test Cases/Specific Cases/LS/General/Calendar/Events_Creation/Future Events Creation/Future_Calendar_Block

12-11-2024T16:02:05 - [TEST_STEP][PASSED] - callTestCase(findTestCase("Common Cases/Login"), [:], STOP_ON_FAILURE): Call Test Case 'Test Cases/Common Cases/Login' successfully

12-11-2024T16:02:05 - [TEST_CASE][PASSED] - Test Cases/Common Cases/Login: Test Cases/Common Cases/Login

12-11-2024T16:02:05 - [TEST_STEP][PASSED] - openBrowser(""): Browser is opened with url: ''

12-11-2024T16:02:05 - [MESSAGE][WARNING] - A browser is already opened. Closing browser and opening a new one

12-11-2024T16:02:05 - [MESSAGE][INFO] - Starting 'Chrome' driver

12-11-2024T16:02:05 - [MESSAGE][INFO] - Action delay is set to 0 milliseconds

12-11-2024T16:02:05 - [MESSAGE][PASSED] - Browser is opened with url: ''

12-11-2024T16:02:05 - [TEST_STEP][PASSED] - maximizeWindow(): Current window maximized

12-11-2024T16:02:05 - [MESSAGE][PASSED] - Current window maximized

12-11-2024T16:02:05 - [TEST_STEP][PASSED] - navigateToUrl("https://site17.lsapp.cloud/auth/login"): Navigate to 'https://site17.lsapp.cloud/auth/login' successfully

12-11-2024T16:02:07 - [MESSAGE][PASSED] - Navigate to 'https://site17.lsapp.cloud/auth/login' successfully

12-11-2024T16:02:07 - [TEST_STEP][PASSED] - setText(findTestObject("Object Repository/Common Cases Repository/Login/Page_Lightning Step/input_Email_email"), "automation@lightningstep.com"): Text 'automation@lightningstep.com' is set on object 'Object Repository/Common Cases Repository/Login/Page_Lightning Step/input_Email_email'

12-11-2024T16:02:08 - [MESSAGE][PASSED] - Text 'automation@lightningstep.com' is set on object 'Object Repository/Common Cases Repository/Login/Page_Lightning Step/input_Email_email'

12-11-2024T16:02:08 - [TEST_STEP][PASSED] - setEncryptedText(findTestObject("Object Repository/Common Cases Repository/Login/Page_Lightning Step/input_Password_password"), "e5N8VHmnhJDITtQaQhDQDw=="): Text ****** has been set on object 'Object Repository/Common Cases Repository/Login/Page_Lightning Step/input_Password_password'

12-11-2024T16:02:08 - [MESSAGE][PASSED] - Text ****** has been set on object 'Object Repository/Common Cases Repository/Login/Page_Lightning Step/input_Password_password'

12-11-2024T16:02:08 - [TEST_STEP][PASSED] - click(findTestObject("Object Repository/Common Cases Repository/Login/Page_Lightning Step/button_Sign in")): Object: 'Object Repository/Common Cases Repository/Login/Page_Lightning Step/button_Sign in' is clicked on

12-11-2024T16:02:13 - [MESSAGE][PASSED] - Object: 'Object Repository/Common Cases Repository/Login/Page_Lightning Step/button_Sign in' is clicked on

12-11-2024T16:02:13 - [MESSAGE][PASSED] - Call Test Case 'Test Cases/Common Cases/Login' successfully

12-11-2024T16:02:13 - [TEST_STEP][PASSED] - click(findTestObject("Object Repository/Specific Cases Repository/LS/Home/Calendar/Calendar_Events/Calendar_Events_Creation/Block/Page_Home/a_Calendar")): Object: 'Object Repository/Specific Cases Repository/LS/Home/Calendar/Calendar_Events/Calendar_Events_Creation/Block/Page_Home/a_Calendar' is clicked on

12-11-2024T16:02:18 - [MESSAGE][PASSED] - Object: 'Object Repository/Specific Cases Repository/LS/Home/Calendar/Calendar_Events/Calendar_Events_Creation/Block/Page_Home/a_Calendar' is clicked on

12-11-2024T16:02:18 - [TEST_STEP][PASSED] - click(findTestObject("Object Repository/Specific Cases Repository/LS/Home/Calendar/Calendar_Events/Calendar_Events_Creation/Appointment/Page_Calendar/div_Week")): Object: 'Object Repository/Specific Cases Repository/LS/Home/Calendar/Calendar_Events/Calendar_Events_Creation/Appointment/Page_Calendar/div_Week' is clicked on

12-11-2024T16:02:19 - [MESSAGE][PASSED] - Object: 'Object Repository/Specific Cases Repository/LS/Home/Calendar/Calendar_Events/Calendar_Events_Creation/Appointment/Page_Calendar/div_Week' is clicked on

12-11-2024T16:02:19 - [TEST_STEP][PASSED] - click(findTestObject("Object Repository/Specific Cases Repository/LS/Home/Calendar/Calendar_Events/Calendar_Events_Creation/Block/Page_Calendar/button_Create new")): Object: 'Object Repository/Specific Cases Repository/LS/Home/Calendar/Calendar_Events/Calendar_Events_Creation/Block/Page_Calendar/button_Create new' is clicked on

12-11-2024T16:02:19 - [MESSAGE][PASSED] - Object: 'Object Repository/Specific Cases Repository/LS/Home/Calendar/Calendar_Events/Calendar_Events_Creation/Block/Page_Calendar/button_Create new' is clicked on

12-11-2024T16:02:19 - [TEST_STEP][PASSED] - click(findTestObject("Object Repository/Specific Cases Repository/LS/Home/Calendar/Calendar_Events/Calendar_Events_Creation/Block/Page_Calendar/label_Block")): Object: 'Object Repository/Specific Cases Repository/LS/Home/Calendar/Calendar_Events/Calendar_Events_Creation/Block/Page_Calendar/label_Block' is clicked on

12-11-2024T16:02:21 - [MESSAGE][PASSED] - Object: 'Object Repository/Specific Cases Repository/LS/Home/Calendar/Calendar_Events/Calendar_Events_Creation/Block/Page_Calendar/label_Block' is clicked on

12-11-2024T16:02:21 - [TEST_STEP][PASSED] - setText(findTestObject("Object Repository/Specific Cases Repository/LS/Home/Calendar/Calendar_Events/Calendar_Events_Creation/Block/Page_Calendar/input_Title_title_"), "Future Automation Block"): Text 'Future Automation Block' is set on object 'Object Repository/Specific Cases Repository/LS/Home/Calendar/Calendar_Events/Calendar_Events_Creation/Block/Page_Calendar/input_Title_title_'

12-11-2024T16:02:22 - [MESSAGE][PASSED] - Text 'Future Automation Block' is set on object 'Object Repository/Specific Cases Repository/LS/Home/Calendar/Calendar_Events/Calendar_Events_Creation/Block/Page_Calendar/input_Title_title_'

12-11-2024T16:02:22 - [TEST_STEP][PASSED] - click(findTestObject("Object Repository/Specific Cases Repository/LS/Home/Calendar/Calendar_Events/Calendar_Events_Creation/Appointment/Page_Calendar/Date")): Object: 'Object Repository/Specific Cases Repository/LS/Home/Calendar/Calendar_Events/Calendar_Events_Creation/Appointment/Page_Calendar/Date' is clicked on

12-11-2024T16:02:22 - [MESSAGE][PASSED] - Object: 'Object Repository/Specific Cases Repository/LS/Home/Calendar/Calendar_Events/Calendar_Events_Creation/Appointment/Page_Calendar/Date' is clicked on

12-11-2024T16:02:22 - [TEST_STEP][PASSED] - setText(findTestObject("Object Repository/Specific Cases Repository/LS/Home/Calendar/Calendar_Events/Calendar_Events_Creation/Appointment/Page_Calendar/Date"), Next_Week_Date): Text '11/19/2024' is set on object 'Object Repository/Specific Cases Repository/LS/Home/Calendar/Calendar_Events/Calendar_Events_Creation/Appointment/Page_Calendar/Date'

12-11-2024T16:02:23 - [MESSAGE][PASSED] - Text '11/19/2024' is set on object 'Object Repository/Specific Cases Repository/LS/Home/Calendar/Calendar_Events/Calendar_Events_Creation/Appointment/Page_Calendar/Date'

12-11-2024T16:02:23 - [TEST_STEP][PASSED] - click(findTestObject("Object Repository/Specific Cases Repository/LS/Home/Calendar/Calendar_Events/Calendar_Events_Creation/Appointment/Page_Calendar/Start Time Clock")): Object: 'Object Repository/Specific Cases Repository/LS/Home/Calendar/Calendar_Events/Calendar_Events_Creation/Appointment/Page_Calendar/Start Time Clock' is clicked on

12-11-2024T16:02:24 - [MESSAGE][PASSED] - Object: 'Object Repository/Specific Cases Repository/LS/Home/Calendar/Calendar_Events/Calendar_Events_Creation/Appointment/Page_Calendar/Start Time Clock' is clicked on

12-11-2024T16:02:24 - [TEST_STEP][PASSED] - setText(findTestObject("Object Repository/Specific Cases Repository/LS/Home/Calendar/Calendar_Events/Calendar_Events_Creation/Appointment/Page_Calendar/Start Time Clock"), "1600"): Text '1600' is set on object 'Object Repository/Specific Cases Repository/LS/Home/Calendar/Calendar_Events/Calendar_Events_Creation/Appointment/Page_Calendar/Start Time Clock'

12-11-2024T16:02:24 - [MESSAGE][PASSED] - Text '1600' is set on object 'Object Repository/Specific Cases Repository/LS/Home/Calendar/Calendar_Events/Calendar_Events_Creation/Appointment/Page_Calendar/Start Time Clock'

12-11-2024T16:02:24 - [TEST_STEP][PASSED] - click(findTestObject("Object Repository/Specific Cases Repository/LS/Home/Calendar/Calendar_Events/Calendar_Events_Creation/Block/Page_Calendar/div_Schedule                               _3f20bf")): Object: 'Object Repository/Specific Cases Repository/LS/Home/Calendar/Calendar_Events/Calendar_Events_Creation/Block/Page_Calendar/div_Schedule                               _3f20bf' is clicked on

12-11-2024T16:02:25 - [MESSAGE][PASSED] - Object: 'Object Repository/Specific Cases Repository/LS/Home/Calendar/Calendar_Events/Calendar_Events_Creation/Block/Page_Calendar/div_Schedule                               _3f20bf' is clicked on

12-11-2024T16:02:25 - [TEST_STEP][PASSED] - setText(findTestObject("Object Repository/Specific Cases Repository/LS/Home/Calendar/Calendar_Events/Calendar_Events_Creation/Block/Page_Calendar/input_Notes_notes"), "Future Automation Block Note"): Text 'Future Automation Block Note' is set on object 'Object Repository/Specific Cases Repository/LS/Home/Calendar/Calendar_Events/Calendar_Events_Creation/Block/Page_Calendar/input_Notes_notes'

12-11-2024T16:02:26 - [MESSAGE][PASSED] - Text 'Future Automation Block Note' is set on object 'Object Repository/Specific Cases Repository/LS/Home/Calendar/Calendar_Events/Calendar_Events_Creation/Block/Page_Calendar/input_Notes_notes'

12-11-2024T16:02:26 - [TEST_STEP][PASSED] - click(findTestObject("Object Repository/Specific Cases Repository/LS/Home/Calendar/Calendar_Events/Calendar_Events_Creation/Block/Page_Calendar/a_Save")): Object: 'Object Repository/Specific Cases Repository/LS/Home/Calendar/Calendar_Events/Calendar_Events_Creation/Block/Page_Calendar/a_Save' is clicked on

12-11-2024T16:02:26 - [MESSAGE][PASSED] - Object: 'Object Repository/Specific Cases Repository/LS/Home/Calendar/Calendar_Events/Calendar_Events_Creation/Block/Page_Calendar/a_Save' is clicked on

12-11-2024T16:02:26 - [TEST_STEP][PASSED] - click(findTestObject("Specific Cases Repository/LS/Home/Calendar/Calendar_Events/Calendar_Events_Creation/Appointment/Page_Calendar/Next Week Arrow")): Object: 'Object Repository/Specific Cases Repository/LS/Home/Calendar/Calendar_Events/Calendar_Events_Creation/Appointment/Page_Calendar/Next Week Arrow' is clicked on

12-11-2024T16:02:29 - [MESSAGE][PASSED] - Object: 'Object Repository/Specific Cases Repository/LS/Home/Calendar/Calendar_Events/Calendar_Events_Creation/Appointment/Page_Calendar/Next Week Arrow' is clicked on

12-11-2024T16:02:29 - [TEST_STEP][PASSED] - mouseOver(findTestObject("Specific Cases Repository/LS/Home/Calendar/Calendar_Events/Calendar_Events_Creation/Block/Page_Calendar/a_Blocked for Automation Block - Future")): Object: 'Object Repository/Specific Cases Repository/LS/Home/Calendar/Calendar_Events/Calendar_Events_Creation/Block/Page_Calendar/a_Blocked for Automation Block - Future' is hovered

12-11-2024T16:02:29 - [MESSAGE][PASSED] - Object: 'Object Repository/Specific Cases Repository/LS/Home/Calendar/Calendar_Events/Calendar_Events_Creation/Block/Page_Calendar/a_Blocked for Automation Block - Future' is hovered

12-11-2024T16:02:29 - [TEST_STEP][PASSED] - verifyElementText(findTestObject("Specific Cases Repository/LS/Home/Calendar/Calendar_Events/Calendar_Events_Creation/Block/Page_Calendar/span_Blocked for Future Automation Block"), "Blocked for: Future Automation Block"): Actual text and expected text of test object 'Object Repository/Specific Cases Repository/LS/Home/Calendar/Calendar_Events/Calendar_Events_Creation/Block/Page_Calendar/span_Blocked for Future Automation Block' are matched.

12-11-2024T16:02:30 - [MESSAGE][PASSED] - Actual text and expected text of test object 'Object Repository/Specific Cases Repository/LS/Home/Calendar/Calendar_Events/Calendar_Events_Creation/Block/Page_Calendar/span_Blocked for Future Automation Block' are matched.

12-11-2024T16:02:30 - [TEST_STEP][PASSED] - closeBrowser(): Browser is closed

12-11-2024T16:02:30 - [MESSAGE][PASSED] - Browser is closed]]></system-out>
         <system-err><![CDATA[]]></system-err>
      </testcase>
      <testcase name="Test Cases/Specific Cases/LS/General/Calendar/Events_Creation/Future Events Creation/Future_Calendar_Event" time="25.181" classname="Test Cases/Specific Cases/LS/General/Calendar/Events_Creation/Future Events Creation/Future_Calendar_Event" status="PASSED">
         <system-out><![CDATA[12-11-2024T16:02:30 - [TEST_CASE][PASSED] - Test Cases/Specific Cases/LS/General/Calendar/Events_Creation/Future Events Creation/Future_Calendar_Event: Test Cases/Specific Cases/LS/General/Calendar/Events_Creation/Future Events Creation/Future_Calendar_Event

12-11-2024T16:02:30 - [TEST_STEP][PASSED] - callTestCase(findTestCase("Common Cases/Login"), [:], STOP_ON_FAILURE): Call Test Case 'Test Cases/Common Cases/Login' successfully

12-11-2024T16:02:30 - [TEST_CASE][PASSED] - Test Cases/Common Cases/Login: Test Cases/Common Cases/Login

12-11-2024T16:02:30 - [TEST_STEP][PASSED] - openBrowser(""): Browser is opened with url: ''

12-11-2024T16:02:30 - [MESSAGE][INFO] - Starting 'Chrome' driver

12-11-2024T16:02:30 - [MESSAGE][INFO] - Action delay is set to 0 milliseconds

12-11-2024T16:02:31 - [MESSAGE][PASSED] - Browser is opened with url: ''

12-11-2024T16:02:31 - [TEST_STEP][PASSED] - maximizeWindow(): Current window maximized

12-11-2024T16:02:31 - [MESSAGE][PASSED] - Current window maximized

12-11-2024T16:02:31 - [TEST_STEP][PASSED] - navigateToUrl("https://site17.lsapp.cloud/auth/login"): Navigate to 'https://site17.lsapp.cloud/auth/login' successfully

12-11-2024T16:02:33 - [MESSAGE][PASSED] - Navigate to 'https://site17.lsapp.cloud/auth/login' successfully

12-11-2024T16:02:33 - [TEST_STEP][PASSED] - setText(findTestObject("Object Repository/Common Cases Repository/Login/Page_Lightning Step/input_Email_email"), "automation@lightningstep.com"): Text 'automation@lightningstep.com' is set on object 'Object Repository/Common Cases Repository/Login/Page_Lightning Step/input_Email_email'

12-11-2024T16:02:33 - [MESSAGE][PASSED] - Text 'automation@lightningstep.com' is set on object 'Object Repository/Common Cases Repository/Login/Page_Lightning Step/input_Email_email'

12-11-2024T16:02:33 - [TEST_STEP][PASSED] - setEncryptedText(findTestObject("Object Repository/Common Cases Repository/Login/Page_Lightning Step/input_Password_password"), "e5N8VHmnhJDITtQaQhDQDw=="): Text ****** has been set on object 'Object Repository/Common Cases Repository/Login/Page_Lightning Step/input_Password_password'

12-11-2024T16:02:34 - [MESSAGE][PASSED] - Text ****** has been set on object 'Object Repository/Common Cases Repository/Login/Page_Lightning Step/input_Password_password'

12-11-2024T16:02:34 - [TEST_STEP][PASSED] - click(findTestObject("Object Repository/Common Cases Repository/Login/Page_Lightning Step/button_Sign in")): Object: 'Object Repository/Common Cases Repository/Login/Page_Lightning Step/button_Sign in' is clicked on

12-11-2024T16:02:38 - [MESSAGE][PASSED] - Object: 'Object Repository/Common Cases Repository/Login/Page_Lightning Step/button_Sign in' is clicked on

12-11-2024T16:02:38 - [MESSAGE][PASSED] - Call Test Case 'Test Cases/Common Cases/Login' successfully

12-11-2024T16:02:38 - [TEST_STEP][PASSED] - click(findTestObject("Object Repository/Specific Cases Repository/LS/Home/Calendar/Calendar_Events/Calendar_Events_Creation/Event/Page_Home/a_Calendar")): Object: 'Object Repository/Specific Cases Repository/LS/Home/Calendar/Calendar_Events/Calendar_Events_Creation/Event/Page_Home/a_Calendar' is clicked on

12-11-2024T16:02:43 - [MESSAGE][PASSED] - Object: 'Object Repository/Specific Cases Repository/LS/Home/Calendar/Calendar_Events/Calendar_Events_Creation/Event/Page_Home/a_Calendar' is clicked on

12-11-2024T16:02:43 - [TEST_STEP][PASSED] - click(findTestObject("Object Repository/Specific Cases Repository/LS/Home/Calendar/Calendar_Events/Calendar_Events_Creation/Appointment/Page_Calendar/div_Week")): Object: 'Object Repository/Specific Cases Repository/LS/Home/Calendar/Calendar_Events/Calendar_Events_Creation/Appointment/Page_Calendar/div_Week' is clicked on

12-11-2024T16:02:44 - [MESSAGE][PASSED] - Object: 'Object Repository/Specific Cases Repository/LS/Home/Calendar/Calendar_Events/Calendar_Events_Creation/Appointment/Page_Calendar/div_Week' is clicked on

12-11-2024T16:02:44 - [TEST_STEP][PASSED] - click(findTestObject("Object Repository/Specific Cases Repository/LS/Home/Calendar/Calendar_Events/Calendar_Events_Creation/Event/Page_Calendar/button_Create new")): Object: 'Object Repository/Specific Cases Repository/LS/Home/Calendar/Calendar_Events/Calendar_Events_Creation/Event/Page_Calendar/button_Create new' is clicked on

12-11-2024T16:02:45 - [MESSAGE][PASSED] - Object: 'Object Repository/Specific Cases Repository/LS/Home/Calendar/Calendar_Events/Calendar_Events_Creation/Event/Page_Calendar/button_Create new' is clicked on

12-11-2024T16:02:45 - [TEST_STEP][PASSED] - click(findTestObject("Object Repository/Specific Cases Repository/LS/Home/Calendar/Calendar_Events/Calendar_Events_Creation/Event/Page_Calendar/label_Event")): Object: 'Object Repository/Specific Cases Repository/LS/Home/Calendar/Calendar_Events/Calendar_Events_Creation/Event/Page_Calendar/label_Event' is clicked on

12-11-2024T16:02:46 - [MESSAGE][PASSED] - Object: 'Object Repository/Specific Cases Repository/LS/Home/Calendar/Calendar_Events/Calendar_Events_Creation/Event/Page_Calendar/label_Event' is clicked on

12-11-2024T16:02:46 - [TEST_STEP][PASSED] - setText(findTestObject("Object Repository/Specific Cases Repository/LS/Home/Calendar/Calendar_Events/Calendar_Events_Creation/Event/Page_Calendar/input_Title_title_"), "Future Automation Event"): Text 'Future Automation Event' is set on object 'Object Repository/Specific Cases Repository/LS/Home/Calendar/Calendar_Events/Calendar_Events_Creation/Event/Page_Calendar/input_Title_title_'

12-11-2024T16:02:47 - [MESSAGE][PASSED] - Text 'Future Automation Event' is set on object 'Object Repository/Specific Cases Repository/LS/Home/Calendar/Calendar_Events/Calendar_Events_Creation/Event/Page_Calendar/input_Title_title_'

12-11-2024T16:02:47 - [TEST_STEP][PASSED] - click(findTestObject("Object Repository/Specific Cases Repository/LS/Home/Calendar/Calendar_Events/Calendar_Events_Creation/Appointment/Page_Calendar/Date")): Object: 'Object Repository/Specific Cases Repository/LS/Home/Calendar/Calendar_Events/Calendar_Events_Creation/Appointment/Page_Calendar/Date' is clicked on

12-11-2024T16:02:47 - [MESSAGE][PASSED] - Object: 'Object Repository/Specific Cases Repository/LS/Home/Calendar/Calendar_Events/Calendar_Events_Creation/Appointment/Page_Calendar/Date' is clicked on

12-11-2024T16:02:47 - [TEST_STEP][PASSED] - setText(findTestObject("Object Repository/Specific Cases Repository/LS/Home/Calendar/Calendar_Events/Calendar_Events_Creation/Appointment/Page_Calendar/Date"), Next_Week_Date): Text '11/19/2024' is set on object 'Object Repository/Specific Cases Repository/LS/Home/Calendar/Calendar_Events/Calendar_Events_Creation/Appointment/Page_Calendar/Date'

12-11-2024T16:02:48 - [MESSAGE][PASSED] - Text '11/19/2024' is set on object 'Object Repository/Specific Cases Repository/LS/Home/Calendar/Calendar_Events/Calendar_Events_Creation/Appointment/Page_Calendar/Date'

12-11-2024T16:02:48 - [TEST_STEP][PASSED] - click(findTestObject("Object Repository/Specific Cases Repository/LS/Home/Calendar/Calendar_Events/Calendar_Events_Creation/Appointment/Page_Calendar/Start Time Clock")): Object: 'Object Repository/Specific Cases Repository/LS/Home/Calendar/Calendar_Events/Calendar_Events_Creation/Appointment/Page_Calendar/Start Time Clock' is clicked on

12-11-2024T16:02:49 - [MESSAGE][PASSED] - Object: 'Object Repository/Specific Cases Repository/LS/Home/Calendar/Calendar_Events/Calendar_Events_Creation/Appointment/Page_Calendar/Start Time Clock' is clicked on

12-11-2024T16:02:49 - [TEST_STEP][PASSED] - setText(findTestObject("Object Repository/Specific Cases Repository/LS/Home/Calendar/Calendar_Events/Calendar_Events_Creation/Appointment/Page_Calendar/Start Time Clock"), "1400"): Text '1400' is set on object 'Object Repository/Specific Cases Repository/LS/Home/Calendar/Calendar_Events/Calendar_Events_Creation/Appointment/Page_Calendar/Start Time Clock'

12-11-2024T16:02:50 - [MESSAGE][PASSED] - Text '1400' is set on object 'Object Repository/Specific Cases Repository/LS/Home/Calendar/Calendar_Events/Calendar_Events_Creation/Appointment/Page_Calendar/Start Time Clock'

12-11-2024T16:02:50 - [TEST_STEP][PASSED] - click(findTestObject("Object Repository/Specific Cases Repository/LS/Home/Calendar/Calendar_Events/Calendar_Events_Creation/Event/Page_Calendar/div_Schedule                               _3f20bf")): Object: 'Object Repository/Specific Cases Repository/LS/Home/Calendar/Calendar_Events/Calendar_Events_Creation/Event/Page_Calendar/div_Schedule                               _3f20bf' is clicked on

12-11-2024T16:02:50 - [MESSAGE][PASSED] - Object: 'Object Repository/Specific Cases Repository/LS/Home/Calendar/Calendar_Events/Calendar_Events_Creation/Event/Page_Calendar/div_Schedule                               _3f20bf' is clicked on

12-11-2024T16:02:50 - [TEST_STEP][PASSED] - setText(findTestObject("Object Repository/Specific Cases Repository/LS/Home/Calendar/Calendar_Events/Calendar_Events_Creation/Event/Page_Calendar/input_Notes_notes"), "Future Automation Event Note"): Text 'Future Automation Event Note' is set on object 'Object Repository/Specific Cases Repository/LS/Home/Calendar/Calendar_Events/Calendar_Events_Creation/Event/Page_Calendar/input_Notes_notes'

12-11-2024T16:02:51 - [MESSAGE][PASSED] - Text 'Future Automation Event Note' is set on object 'Object Repository/Specific Cases Repository/LS/Home/Calendar/Calendar_Events/Calendar_Events_Creation/Event/Page_Calendar/input_Notes_notes'

12-11-2024T16:02:51 - [TEST_STEP][PASSED] - click(findTestObject("Object Repository/Specific Cases Repository/LS/Home/Calendar/Calendar_Events/Calendar_Events_Creation/Event/Page_Calendar/a_Save")): Object: 'Object Repository/Specific Cases Repository/LS/Home/Calendar/Calendar_Events/Calendar_Events_Creation/Event/Page_Calendar/a_Save' is clicked on

12-11-2024T16:02:51 - [MESSAGE][PASSED] - Object: 'Object Repository/Specific Cases Repository/LS/Home/Calendar/Calendar_Events/Calendar_Events_Creation/Event/Page_Calendar/a_Save' is clicked on

12-11-2024T16:02:51 - [TEST_STEP][PASSED] - click(findTestObject("Specific Cases Repository/LS/Home/Calendar/Calendar_Events/Calendar_Events_Creation/Appointment/Page_Calendar/Next Week Arrow")): Object: 'Object Repository/Specific Cases Repository/LS/Home/Calendar/Calendar_Events/Calendar_Events_Creation/Appointment/Page_Calendar/Next Week Arrow' is clicked on

12-11-2024T16:02:53 - [MESSAGE][PASSED] - Object: 'Object Repository/Specific Cases Repository/LS/Home/Calendar/Calendar_Events/Calendar_Events_Creation/Appointment/Page_Calendar/Next Week Arrow' is clicked on

12-11-2024T16:02:53 - [TEST_STEP][PASSED] - scrollToElement(findTestObject("Specific Cases Repository/LS/Home/Calendar/Calendar_Events/Calendar_Events_Creation/Event/Page_Calendar/a_Automation Event - Future"), 0): Scroll to object 'Object Repository/Specific Cases Repository/LS/Home/Calendar/Calendar_Events/Calendar_Events_Creation/Event/Page_Calendar/a_Automation Event - Future' successfully

12-11-2024T16:02:53 - [MESSAGE][WARNING] - Timeout '0' is invalid. Using default page load timeout: '30'

12-11-2024T16:02:54 - [MESSAGE][PASSED] - Scroll to object 'Object Repository/Specific Cases Repository/LS/Home/Calendar/Calendar_Events/Calendar_Events_Creation/Event/Page_Calendar/a_Automation Event - Future' successfully

12-11-2024T16:02:54 - [TEST_STEP][PASSED] - mouseOver(findTestObject("Specific Cases Repository/LS/Home/Calendar/Calendar_Events/Calendar_Events_Creation/Event/Page_Calendar/a_Automation Event - Future")): Object: 'Object Repository/Specific Cases Repository/LS/Home/Calendar/Calendar_Events/Calendar_Events_Creation/Event/Page_Calendar/a_Automation Event - Future' is hovered

12-11-2024T16:02:55 - [MESSAGE][PASSED] - Object: 'Object Repository/Specific Cases Repository/LS/Home/Calendar/Calendar_Events/Calendar_Events_Creation/Event/Page_Calendar/a_Automation Event - Future' is hovered

12-11-2024T16:02:55 - [TEST_STEP][PASSED] - verifyElementText(findTestObject("Specific Cases Repository/LS/Home/Calendar/Calendar_Events/Calendar_Events_Creation/Event/Page_Calendar/span_Automation Event - Future"), "Future Automation Event"): Actual text and expected text of test object 'Object Repository/Specific Cases Repository/LS/Home/Calendar/Calendar_Events/Calendar_Events_Creation/Event/Page_Calendar/span_Automation Event - Future' are matched.

12-11-2024T16:02:55 - [MESSAGE][PASSED] - Actual text and expected text of test object 'Object Repository/Specific Cases Repository/LS/Home/Calendar/Calendar_Events/Calendar_Events_Creation/Event/Page_Calendar/span_Automation Event - Future' are matched.

12-11-2024T16:02:55 - [TEST_STEP][PASSED] - closeBrowser(): Browser is closed

12-11-2024T16:02:55 - [MESSAGE][PASSED] - Browser is closed]]></system-out>
         <system-err><![CDATA[]]></system-err>
      </testcase>
      <testcase name="Test Cases/Specific Cases/LS/General/Calendar/Events_Creation/Future Events Creation/Future_Calendar_Groups" time="46.305" classname="Test Cases/Specific Cases/LS/General/Calendar/Events_Creation/Future Events Creation/Future_Calendar_Groups" status="FAILED">
         <failure type="FAILED" message="Test Cases/Specific Cases/LS/General/Calendar/Events_Creation/Future Events Creation/Future_Calendar_Groups FAILED.&#xa;Reason:&#xa;com.kms.katalon.core.exception.StepFailedException: Unable to click on object 'Object Repository/Specific Cases Repository/LS/Home/Calendar/Calendar_Events/Calendar_Events_Creation/Page_Calendar/a_Cancel'&#xa;	at com.kms.katalon.core.webui.keyword.internal.WebUIKeywordMain.stepFailed(WebUIKeywordMain.groovy:117)&#xa;	at com.kms.katalon.core.webui.keyword.internal.WebUIKeywordMain.runKeyword(WebUIKeywordMain.groovy:43)&#xa;	at com.kms.katalon.core.webui.keyword.builtin.ClickKeyword.click(ClickKeyword.groovy:74)&#xa;	at com.kms.katalon.core.webui.keyword.builtin.ClickKeyword.execute(ClickKeyword.groovy:40)&#xa;	at com.kms.katalon.core.keyword.internal.KeywordExecutor.executeKeywordForPlatform(KeywordExecutor.groovy:74)&#xa;	at com.kms.katalon.core.webui.keyword.WebUiBuiltInKeywords.click(WebUiBuiltInKeywords.groovy:659)&#xa;	at Future_Calendar_Groups.run(Future_Calendar_Groups:121)&#xa;	at com.kms.katalon.core.main.ScriptEngine.run(ScriptEngine.java:194)&#xa;	at com.kms.katalon.core.main.ScriptEngine.runScriptAsRawText(ScriptEngine.java:119)&#xa;	at com.kms.katalon.core.main.TestCaseExecutor.runScript(TestCaseExecutor.java:448)&#xa;	at com.kms.katalon.core.main.TestCaseExecutor.doExecute(TestCaseExecutor.java:439)&#xa;	at com.kms.katalon.core.main.TestCaseExecutor.processExecutionPhase(TestCaseExecutor.java:418)&#xa;	at com.kms.katalon.core.main.TestCaseExecutor.accessMainPhase(TestCaseExecutor.java:410)&#xa;	at com.kms.katalon.core.main.TestCaseExecutor.execute(TestCaseExecutor.java:285)&#xa;	at com.kms.katalon.core.common.CommonExecutor.accessTestCaseMainPhase(CommonExecutor.java:65)&#xa;	at com.kms.katalon.core.main.TestSuiteExecutor.accessTestSuiteMainPhase(TestSuiteExecutor.java:150)&#xa;	at com.kms.katalon.core.main.TestSuiteExecutor.execute(TestSuiteExecutor.java:106)&#xa;	at com.kms.katalon.core.main.TestCaseMain.startTestSuite(TestCaseMain.java:180)&#xa;	at TempTestSuite1731445300081.run(TempTestSuite1731445300081.groovy:35)&#xa;	at java.base/jdk.internal.reflect.NativeMethodAccessorImpl.invoke0(Native Method)&#xa;	at java.base/jdk.internal.reflect.NativeMethodAccessorImpl.invoke(NativeMethodAccessorImpl.java:77)&#xa;	at java.base/jdk.internal.reflect.DelegatingMethodAccessorImpl.invoke(DelegatingMethodAccessorImpl.java:43)&#xa;Caused by: org.openqa.selenium.NoSuchSessionException: Session ID is null. Using WebDriver after calling quit()?&#xa;Build info: version: '3.141.59', revision: 'unknown', time: 'unknown'&#xa;System info: host: 'ENRIQUE', ip: '192.168.100.147', os.name: 'Windows 11', os.arch: 'amd64', os.version: '10.0', java.version: '17.0.7'&#xa;Driver info: driver.version: RemoteWebDriver&#xa;	at org.openqa.selenium.remote.HttpCommandExecutor.execute(HttpCommandExecutor.java:125)&#xa;	at org.openqa.selenium.remote.service.DriverCommandExecutor.execute(DriverCommandExecutor.java:83)&#xa;	at org.openqa.selenium.remote.RemoteWebDriver.execute(RemoteWebDriver.java:552)&#xa;	at com.kms.katalon.selenium.driver.CChromeDriver.execute(CChromeDriver.java:19)&#xa;	at org.openqa.selenium.remote.RemoteWebDriver.findElements(RemoteWebDriver.java:353)&#xa;	at org.openqa.selenium.remote.RemoteWebDriver.findElementsByXPath(RemoteWebDriver.java:432)&#xa;	at org.openqa.selenium.By$ByXPath.findElements(By.java:348)&#xa;	at org.openqa.selenium.remote.RemoteWebDriver.findElements(RemoteWebDriver.java:311)&#xa;	at com.kms.katalon.core.webui.common.WebUiCommonHelper.findElementByNormalMethods(WebUiCommonHelper.java:1033)&#xa;	at com.kms.katalon.core.webui.common.WebUiCommonHelper.findElementsBySelectedMethod(WebUiCommonHelper.java:924)&#xa;	at com.kms.katalon.core.webui.common.WebUiCommonHelper.findElementsBySelectedMethod(WebUiCommonHelper.java:906)&#xa;	at com.kms.katalon.core.webui.common.WebUiCommonHelper.findElementsBySelectedMethod(WebUiCommonHelper.java:901)&#xa;	at com.kms.katalon.core.webui.common.WebUiCommonHelper.findElementsByDefault(WebUiCommonHelper.java:897)&#xa;	at com.kms.katalon.core.webui.common.WebUiCommonHelper.findElementsWithSelfHealing(WebUiCommonHelper.java:743)&#xa;	at com.kms.katalon.core.webui.common.WebUiCommonHelper.findWebElements(WebUiCommonHelper.java:727)&#xa;	at com.kms.katalon.core.webui.common.WebUiCommonHelper.findWebElement(WebUiCommonHelper.java:1413)&#xa;	at com.kms.katalon.core.webui.keyword.internal.WebUIAbstractKeyword.findWebElement(WebUIAbstractKeyword.groovy:27)&#xa;	at com.kms.katalon.core.webui.keyword.builtin.ClickKeyword$_click_closure1.doCall(ClickKeyword.groovy:65)&#xa;	at com.kms.katalon.core.webui.keyword.builtin.ClickKeyword$_click_closure1.call(ClickKeyword.groovy)&#xa;	at com.kms.katalon.core.webui.keyword.internal.WebUIKeywordMain.runKeyword(WebUIKeywordMain.groovy:35)&#xa;	... 20 more&#xa;"/>
         <system-out><![CDATA[12-11-2024T16:02:55 - [TEST_CASE][FAILED] - Test Cases/Specific Cases/LS/General/Calendar/Events_Creation/Future Events Creation/Future_Calendar_Groups: Test Cases/Specific Cases/LS/General/Calendar/Events_Creation/Future Events Creation/Future_Calendar_Groups FAILED.
Reason:
com.kms.katalon.core.exception.StepFailedException: Unable to click on object 'Object Repository/Specific Cases Repository/LS/Home/Calendar/Calendar_Events/Calendar_Events_Creation/Page_Calendar/a_Cancel'
	at com.kms.katalon.core.webui.keyword.internal.WebUIKeywordMain.stepFailed(WebUIKeywordMain.groovy:117)
	at com.kms.katalon.core.webui.keyword.internal.WebUIKeywordMain.runKeyword(WebUIKeywordMain.groovy:43)
	at com.kms.katalon.core.webui.keyword.builtin.ClickKeyword.click(ClickKeyword.groovy:74)
	at com.kms.katalon.core.webui.keyword.builtin.ClickKeyword.execute(ClickKeyword.groovy:40)
	at com.kms.katalon.core.keyword.internal.KeywordExecutor.executeKeywordForPlatform(KeywordExecutor.groovy:74)
	at com.kms.katalon.core.webui.keyword.WebUiBuiltInKeywords.click(WebUiBuiltInKeywords.groovy:659)
	at Future_Calendar_Groups.run(Future_Calendar_Groups:121)
	at com.kms.katalon.core.main.ScriptEngine.run(ScriptEngine.java:194)
	at com.kms.katalon.core.main.ScriptEngine.runScriptAsRawText(ScriptEngine.java:119)
	at com.kms.katalon.core.main.TestCaseExecutor.runScript(TestCaseExecutor.java:448)
	at com.kms.katalon.core.main.TestCaseExecutor.doExecute(TestCaseExecutor.java:439)
	at com.kms.katalon.core.main.TestCaseExecutor.processExecutionPhase(TestCaseExecutor.java:418)
	at com.kms.katalon.core.main.TestCaseExecutor.accessMainPhase(TestCaseExecutor.java:410)
	at com.kms.katalon.core.main.TestCaseExecutor.execute(TestCaseExecutor.java:285)
	at com.kms.katalon.core.common.CommonExecutor.accessTestCaseMainPhase(CommonExecutor.java:65)
	at com.kms.katalon.core.main.TestSuiteExecutor.accessTestSuiteMainPhase(TestSuiteExecutor.java:150)
	at com.kms.katalon.core.main.TestSuiteExecutor.execute(TestSuiteExecutor.java:106)
	at com.kms.katalon.core.main.TestCaseMain.startTestSuite(TestCaseMain.java:180)
	at TempTestSuite1731445300081.run(TempTestSuite1731445300081.groovy:35)
	at java.base/jdk.internal.reflect.NativeMethodAccessorImpl.invoke0(Native Method)
	at java.base/jdk.internal.reflect.NativeMethodAccessorImpl.invoke(NativeMethodAccessorImpl.java:77)
	at java.base/jdk.internal.reflect.DelegatingMethodAccessorImpl.invoke(DelegatingMethodAccessorImpl.java:43)
Caused by: org.openqa.selenium.NoSuchSessionException: Session ID is null. Using WebDriver after calling quit()?
Build info: version: '3.141.59', revision: 'unknown', time: 'unknown'
System info: host: 'ENRIQUE', ip: '192.168.100.147', os.name: 'Windows 11', os.arch: 'amd64', os.version: '10.0', java.version: '17.0.7'
Driver info: driver.version: RemoteWebDriver
	at org.openqa.selenium.remote.HttpCommandExecutor.execute(HttpCommandExecutor.java:125)
	at org.openqa.selenium.remote.service.DriverCommandExecutor.execute(DriverCommandExecutor.java:83)
	at org.openqa.selenium.remote.RemoteWebDriver.execute(RemoteWebDriver.java:552)
	at com.kms.katalon.selenium.driver.CChromeDriver.execute(CChromeDriver.java:19)
	at org.openqa.selenium.remote.RemoteWebDriver.findElements(RemoteWebDriver.java:353)
	at org.openqa.selenium.remote.RemoteWebDriver.findElementsByXPath(RemoteWebDriver.java:432)
	at org.openqa.selenium.By$ByXPath.findElements(By.java:348)
	at org.openqa.selenium.remote.RemoteWebDriver.findElements(RemoteWebDriver.java:311)
	at com.kms.katalon.core.webui.common.WebUiCommonHelper.findElementByNormalMethods(WebUiCommonHelper.java:1033)
	at com.kms.katalon.core.webui.common.WebUiCommonHelper.findElementsBySelectedMethod(WebUiCommonHelper.java:924)
	at com.kms.katalon.core.webui.common.WebUiCommonHelper.findElementsBySelectedMethod(WebUiCommonHelper.java:906)
	at com.kms.katalon.core.webui.common.WebUiCommonHelper.findElementsBySelectedMethod(WebUiCommonHelper.java:901)
	at com.kms.katalon.core.webui.common.WebUiCommonHelper.findElementsByDefault(WebUiCommonHelper.java:897)
	at com.kms.katalon.core.webui.common.WebUiCommonHelper.findElementsWithSelfHealing(WebUiCommonHelper.java:743)
	at com.kms.katalon.core.webui.common.WebUiCommonHelper.findWebElements(WebUiCommonHelper.java:727)
	at com.kms.katalon.core.webui.common.WebUiCommonHelper.findWebElement(WebUiCommonHelper.java:1413)
	at com.kms.katalon.core.webui.keyword.internal.WebUIAbstractKeyword.findWebElement(WebUIAbstractKeyword.groovy:27)
	at com.kms.katalon.core.webui.keyword.builtin.ClickKeyword$_click_closure1.doCall(ClickKeyword.groovy:65)
	at com.kms.katalon.core.webui.keyword.builtin.ClickKeyword$_click_closure1.call(ClickKeyword.groovy)
	at com.kms.katalon.core.webui.keyword.internal.WebUIKeywordMain.runKeyword(WebUIKeywordMain.groovy:35)
	... 20 more


12-11-2024T16:02:55 - [TEST_STEP][PASSED] - callTestCase(findTestCase("Common Cases/Login"), [:], STOP_ON_FAILURE): Call Test Case 'Test Cases/Common Cases/Login' successfully

12-11-2024T16:02:55 - [TEST_CASE][PASSED] - Test Cases/Common Cases/Login: Test Cases/Common Cases/Login

12-11-2024T16:02:55 - [TEST_STEP][PASSED] - openBrowser(""): Browser is opened with url: ''

12-11-2024T16:02:55 - [MESSAGE][INFO] - Starting 'Chrome' driver

12-11-2024T16:02:55 - [MESSAGE][INFO] - Action delay is set to 0 milliseconds

12-11-2024T16:02:56 - [MESSAGE][PASSED] - Browser is opened with url: ''

12-11-2024T16:02:56 - [TEST_STEP][PASSED] - maximizeWindow(): Current window maximized

12-11-2024T16:02:56 - [MESSAGE][PASSED] - Current window maximized

12-11-2024T16:02:56 - [TEST_STEP][PASSED] - navigateToUrl("https://site17.lsapp.cloud/auth/login"): Navigate to 'https://site17.lsapp.cloud/auth/login' successfully

12-11-2024T16:02:58 - [MESSAGE][PASSED] - Navigate to 'https://site17.lsapp.cloud/auth/login' successfully

12-11-2024T16:02:58 - [TEST_STEP][PASSED] - setText(findTestObject("Object Repository/Common Cases Repository/Login/Page_Lightning Step/input_Email_email"), "automation@lightningstep.com"): Text 'automation@lightningstep.com' is set on object 'Object Repository/Common Cases Repository/Login/Page_Lightning Step/input_Email_email'

12-11-2024T16:02:59 - [MESSAGE][PASSED] - Text 'automation@lightningstep.com' is set on object 'Object Repository/Common Cases Repository/Login/Page_Lightning Step/input_Email_email'

12-11-2024T16:02:59 - [TEST_STEP][PASSED] - setEncryptedText(findTestObject("Object Repository/Common Cases Repository/Login/Page_Lightning Step/input_Password_password"), "e5N8VHmnhJDITtQaQhDQDw=="): Text ****** has been set on object 'Object Repository/Common Cases Repository/Login/Page_Lightning Step/input_Password_password'

12-11-2024T16:02:59 - [MESSAGE][PASSED] - Text ****** has been set on object 'Object Repository/Common Cases Repository/Login/Page_Lightning Step/input_Password_password'

12-11-2024T16:02:59 - [TEST_STEP][PASSED] - click(findTestObject("Object Repository/Common Cases Repository/Login/Page_Lightning Step/button_Sign in")): Object: 'Object Repository/Common Cases Repository/Login/Page_Lightning Step/button_Sign in' is clicked on

12-11-2024T16:03:06 - [MESSAGE][PASSED] - Object: 'Object Repository/Common Cases Repository/Login/Page_Lightning Step/button_Sign in' is clicked on

12-11-2024T16:03:06 - [MESSAGE][PASSED] - Call Test Case 'Test Cases/Common Cases/Login' successfully

12-11-2024T16:03:06 - [TEST_STEP][PASSED] - click(findTestObject("Object Repository/Specific Cases Repository/LS/Home/Calendar/Calendar_Events/Calendar_Events_Creation/Group/Page_Home/a_Calendar")): Object: 'Object Repository/Specific Cases Repository/LS/Home/Calendar/Calendar_Events/Calendar_Events_Creation/Group/Page_Home/a_Calendar' is clicked on

12-11-2024T16:03:10 - [MESSAGE][PASSED] - Object: 'Object Repository/Specific Cases Repository/LS/Home/Calendar/Calendar_Events/Calendar_Events_Creation/Group/Page_Home/a_Calendar' is clicked on

12-11-2024T16:03:10 - [TEST_STEP][PASSED] - click(findTestObject("Object Repository/Specific Cases Repository/LS/Home/Calendar/Calendar_Events/Calendar_Events_Creation/Appointment/Page_Calendar/div_Week")): Object: 'Object Repository/Specific Cases Repository/LS/Home/Calendar/Calendar_Events/Calendar_Events_Creation/Appointment/Page_Calendar/div_Week' is clicked on

12-11-2024T16:03:11 - [MESSAGE][PASSED] - Object: 'Object Repository/Specific Cases Repository/LS/Home/Calendar/Calendar_Events/Calendar_Events_Creation/Appointment/Page_Calendar/div_Week' is clicked on

12-11-2024T16:03:11 - [TEST_STEP][PASSED] - click(findTestObject("Object Repository/Specific Cases Repository/LS/Home/Calendar/Calendar_Events/Calendar_Events_Creation/Page_Calendar/button_Create new")): Object: 'Object Repository/Specific Cases Repository/LS/Home/Calendar/Calendar_Events/Calendar_Events_Creation/Page_Calendar/button_Create new' is clicked on

12-11-2024T16:03:12 - [MESSAGE][PASSED] - Object: 'Object Repository/Specific Cases Repository/LS/Home/Calendar/Calendar_Events/Calendar_Events_Creation/Page_Calendar/button_Create new' is clicked on

12-11-2024T16:03:12 - [TEST_STEP][PASSED] - click(findTestObject("Object Repository/Specific Cases Repository/LS/Home/Calendar/Calendar_Events/Calendar_Events_Creation/Page_Calendar/label_Group")): Object: 'Object Repository/Specific Cases Repository/LS/Home/Calendar/Calendar_Events/Calendar_Events_Creation/Page_Calendar/label_Group' is clicked on

12-11-2024T16:03:13 - [MESSAGE][PASSED] - Object: 'Object Repository/Specific Cases Repository/LS/Home/Calendar/Calendar_Events/Calendar_Events_Creation/Page_Calendar/label_Group' is clicked on

12-11-2024T16:03:13 - [TEST_STEP][PASSED] - click(findTestObject("Object Repository/Specific Cases Repository/LS/Home/Calendar/Calendar_Events/Calendar_Events_Creation/Page_Calendar/Groups Selector")): Object: 'Object Repository/Specific Cases Repository/LS/Home/Calendar/Calendar_Events/Calendar_Events_Creation/Page_Calendar/Groups Selector' is clicked on

12-11-2024T16:03:14 - [MESSAGE][PASSED] - Object: 'Object Repository/Specific Cases Repository/LS/Home/Calendar/Calendar_Events/Calendar_Events_Creation/Page_Calendar/Groups Selector' is clicked on

12-11-2024T16:03:14 - [TEST_STEP][PASSED] - click(findTestObject("Object Repository/Specific Cases Repository/LS/Home/Calendar/Calendar_Events/Calendar_Events_Creation/Page_Calendar/a_Cancel")): Object: 'Object Repository/Specific Cases Repository/LS/Home/Calendar/Calendar_Events/Calendar_Events_Creation/Page_Calendar/a_Cancel' is clicked on

12-11-2024T16:03:14 - [MESSAGE][PASSED] - Object: 'Object Repository/Specific Cases Repository/LS/Home/Calendar/Calendar_Events/Calendar_Events_Creation/Page_Calendar/a_Cancel' is clicked on

12-11-2024T16:03:14 - [TEST_STEP][PASSED] - click(findTestObject("Object Repository/Specific Cases Repository/LS/Home/Calendar/Calendar_Events/Calendar_Events_Creation/Page_Calendar/button_Create new")): Object: 'Object Repository/Specific Cases Repository/LS/Home/Calendar/Calendar_Events/Calendar_Events_Creation/Page_Calendar/button_Create new' is clicked on

12-11-2024T16:03:15 - [MESSAGE][PASSED] - Object: 'Object Repository/Specific Cases Repository/LS/Home/Calendar/Calendar_Events/Calendar_Events_Creation/Page_Calendar/button_Create new' is clicked on

12-11-2024T16:03:15 - [TEST_STEP][PASSED] - click(findTestObject("Object Repository/Specific Cases Repository/LS/Home/Calendar/Calendar_Events/Calendar_Events_Creation/Page_Calendar/label_Group")): Object: 'Object Repository/Specific Cases Repository/LS/Home/Calendar/Calendar_Events/Calendar_Events_Creation/Page_Calendar/label_Group' is clicked on

12-11-2024T16:03:16 - [MESSAGE][PASSED] - Object: 'Object Repository/Specific Cases Repository/LS/Home/Calendar/Calendar_Events/Calendar_Events_Creation/Page_Calendar/label_Group' is clicked on

12-11-2024T16:03:16 - [TEST_STEP][PASSED] - click(findTestObject("Object Repository/Specific Cases Repository/LS/Home/Calendar/Calendar_Events/Calendar_Events_Creation/Page_Calendar/label_Group")): Object: 'Object Repository/Specific Cases Repository/LS/Home/Calendar/Calendar_Events/Calendar_Events_Creation/Page_Calendar/label_Group' is clicked on

12-11-2024T16:03:16 - [MESSAGE][PASSED] - Object: 'Object Repository/Specific Cases Repository/LS/Home/Calendar/Calendar_Events/Calendar_Events_Creation/Page_Calendar/label_Group' is clicked on

12-11-2024T16:03:16 - [TEST_STEP][PASSED] - click(findTestObject("Object Repository/Specific Cases Repository/LS/Home/Calendar/Calendar_Events/Calendar_Events_Creation/Page_Calendar/Groups Selector")): Object: 'Object Repository/Specific Cases Repository/LS/Home/Calendar/Calendar_Events/Calendar_Events_Creation/Page_Calendar/Groups Selector' is clicked on

12-11-2024T16:03:17 - [MESSAGE][PASSED] - Object: 'Object Repository/Specific Cases Repository/LS/Home/Calendar/Calendar_Events/Calendar_Events_Creation/Page_Calendar/Groups Selector' is clicked on

12-11-2024T16:03:17 - [TEST_STEP][PASSED] - setText(findTestObject("Object Repository/Specific Cases Repository/LS/Home/Calendar/Calendar_Events/Calendar_Events_Creation/Page_Calendar/input_Loading_select2-search__field"), "1.2"): Text '1.2' is set on object 'Object Repository/Specific Cases Repository/LS/Home/Calendar/Calendar_Events/Calendar_Events_Creation/Page_Calendar/input_Loading_select2-search__field'

12-11-2024T16:03:18 - [MESSAGE][PASSED] - Text '1.2' is set on object 'Object Repository/Specific Cases Repository/LS/Home/Calendar/Calendar_Events/Calendar_Events_Creation/Page_Calendar/input_Loading_select2-search__field'

12-11-2024T16:03:18 - [TEST_STEP][PASSED] - sendKeys(findTestObject("Object Repository/Specific Cases Repository/LS/Home/Calendar/Calendar_Events/Calendar_Events_Creation/Page_Calendar/input_Loading_select2-search__field"), Keys.chord(ENTER)): Keys 'ENTER + ' sent to object: 'Object Repository/Specific Cases Repository/LS/Home/Calendar/Calendar_Events/Calendar_Events_Creation/Page_Calendar/input_Loading_select2-search__field'

12-11-2024T16:03:18 - [MESSAGE][PASSED] - Keys 'ENTER + ' sent to object: 'Object Repository/Specific Cases Repository/LS/Home/Calendar/Calendar_Events/Calendar_Events_Creation/Page_Calendar/input_Loading_select2-search__field'

12-11-2024T16:03:18 - [TEST_STEP][PASSED] - click(findTestObject("Object Repository/Specific Cases Repository/LS/Home/Calendar/Calendar_Events/Calendar_Events_Creation/Page_Calendar/Date Warning")): Object: 'Object Repository/Specific Cases Repository/LS/Home/Calendar/Calendar_Events/Calendar_Events_Creation/Page_Calendar/Date Warning' is clicked on

12-11-2024T16:03:20 - [MESSAGE][PASSED] - Object: 'Object Repository/Specific Cases Repository/LS/Home/Calendar/Calendar_Events/Calendar_Events_Creation/Page_Calendar/Date Warning' is clicked on

12-11-2024T16:03:20 - [TEST_STEP][PASSED] - setText(findTestObject("Object Repository/Specific Cases Repository/LS/Home/Calendar/Calendar_Events/Calendar_Events_Creation/Page_Calendar/input_Title_title_"), "1.2 Automatically Enroll Clients in Selected Location/Program(s) : Select Content"): Text '1.2 Automatically Enroll Clients in Selected Location/Program(s) : Select Content' is set on object 'Object Repository/Specific Cases Repository/LS/Home/Calendar/Calendar_Events/Calendar_Events_Creation/Page_Calendar/input_Title_title_'

12-11-2024T16:03:20 - [MESSAGE][PASSED] - Text '1.2 Automatically Enroll Clients in Selected Location/Program(s) : Select Content' is set on object 'Object Repository/Specific Cases Repository/LS/Home/Calendar/Calendar_Events/Calendar_Events_Creation/Page_Calendar/input_Title_title_'

12-11-2024T16:03:20 - [TEST_STEP][PASSED] - click(findTestObject("Object Repository/Specific Cases Repository/LS/Home/Calendar/Calendar_Events/Calendar_Events_Creation/Page_Calendar/Date")): Object: 'Object Repository/Specific Cases Repository/LS/Home/Calendar/Calendar_Events/Calendar_Events_Creation/Page_Calendar/Date' is clicked on

12-11-2024T16:03:21 - [MESSAGE][PASSED] - Object: 'Object Repository/Specific Cases Repository/LS/Home/Calendar/Calendar_Events/Calendar_Events_Creation/Page_Calendar/Date' is clicked on

12-11-2024T16:03:21 - [TEST_STEP][PASSED] - setText(findTestObject("Object Repository/Specific Cases Repository/LS/Home/Calendar/Calendar_Events/Calendar_Events_Creation/Page_Calendar/Date"), Next_Week_Date): Text '11/19/2024' is set on object 'Object Repository/Specific Cases Repository/LS/Home/Calendar/Calendar_Events/Calendar_Events_Creation/Page_Calendar/Date'

12-11-2024T16:03:21 - [MESSAGE][PASSED] - Text '11/19/2024' is set on object 'Object Repository/Specific Cases Repository/LS/Home/Calendar/Calendar_Events/Calendar_Events_Creation/Page_Calendar/Date'

12-11-2024T16:03:21 - [TEST_STEP][PASSED] - click(findTestObject("Object Repository/Specific Cases Repository/LS/Home/Calendar/Calendar_Events/Calendar_Events_Creation/Page_Calendar/Start Time")): Object: 'Object Repository/Specific Cases Repository/LS/Home/Calendar/Calendar_Events/Calendar_Events_Creation/Page_Calendar/Start Time' is clicked on

12-11-2024T16:03:23 - [MESSAGE][PASSED] - Object: 'Object Repository/Specific Cases Repository/LS/Home/Calendar/Calendar_Events/Calendar_Events_Creation/Page_Calendar/Start Time' is clicked on

12-11-2024T16:03:23 - [TEST_STEP][PASSED] - setText(findTestObject("Object Repository/Specific Cases Repository/LS/Home/Calendar/Calendar_Events/Calendar_Events_Creation/Page_Calendar/Start Time"), "1300"): Text '1300' is set on object 'Object Repository/Specific Cases Repository/LS/Home/Calendar/Calendar_Events/Calendar_Events_Creation/Page_Calendar/Start Time'

12-11-2024T16:03:24 - [MESSAGE][PASSED] - Text '1300' is set on object 'Object Repository/Specific Cases Repository/LS/Home/Calendar/Calendar_Events/Calendar_Events_Creation/Page_Calendar/Start Time'

12-11-2024T16:03:24 - [TEST_STEP][PASSED] - click(findTestObject("Object Repository/Specific Cases Repository/LS/Home/Calendar/Calendar_Events/Calendar_Events_Creation/Page_Calendar/End Time")): Object: 'Object Repository/Specific Cases Repository/LS/Home/Calendar/Calendar_Events/Calendar_Events_Creation/Page_Calendar/End Time' is clicked on

12-11-2024T16:03:25 - [MESSAGE][PASSED] - Object: 'Object Repository/Specific Cases Repository/LS/Home/Calendar/Calendar_Events/Calendar_Events_Creation/Page_Calendar/End Time' is clicked on

12-11-2024T16:03:25 - [TEST_STEP][PASSED] - setText(findTestObject("Object Repository/Specific Cases Repository/LS/Home/Calendar/Calendar_Events/Calendar_Events_Creation/Page_Calendar/End Time"), "1400"): Text '1400' is set on object 'Object Repository/Specific Cases Repository/LS/Home/Calendar/Calendar_Events/Calendar_Events_Creation/Page_Calendar/End Time'

12-11-2024T16:03:26 - [MESSAGE][PASSED] - Text '1400' is set on object 'Object Repository/Specific Cases Repository/LS/Home/Calendar/Calendar_Events/Calendar_Events_Creation/Page_Calendar/End Time'

12-11-2024T16:03:26 - [TEST_STEP][PASSED] - click(findTestObject("Object Repository/Specific Cases Repository/LS/Home/Calendar/Calendar_Events/Calendar_Events_Creation/Page_Calendar/Groups Selector")): Object: 'Object Repository/Specific Cases Repository/LS/Home/Calendar/Calendar_Events/Calendar_Events_Creation/Page_Calendar/Groups Selector' is clicked on

12-11-2024T16:03:26 - [MESSAGE][PASSED] - Object: 'Object Repository/Specific Cases Repository/LS/Home/Calendar/Calendar_Events/Calendar_Events_Creation/Page_Calendar/Groups Selector' is clicked on

12-11-2024T16:03:26 - [TEST_STEP][PASSED] - setText(findTestObject("Object Repository/Specific Cases Repository/LS/Home/Calendar/Calendar_Events/Calendar_Events_Creation/Page_Calendar/input_Loading_select2-search__field"), "1.2"): Text '1.2' is set on object 'Object Repository/Specific Cases Repository/LS/Home/Calendar/Calendar_Events/Calendar_Events_Creation/Page_Calendar/input_Loading_select2-search__field'

12-11-2024T16:03:27 - [MESSAGE][PASSED] - Text '1.2' is set on object 'Object Repository/Specific Cases Repository/LS/Home/Calendar/Calendar_Events/Calendar_Events_Creation/Page_Calendar/input_Loading_select2-search__field'

12-11-2024T16:03:27 - [TEST_STEP][PASSED] - sendKeys(findTestObject("Object Repository/Specific Cases Repository/LS/Home/Calendar/Calendar_Events/Calendar_Events_Creation/Page_Calendar/input_Loading_select2-search__field"), Keys.chord(ENTER)): Keys 'ENTER + ' sent to object: 'Object Repository/Specific Cases Repository/LS/Home/Calendar/Calendar_Events/Calendar_Events_Creation/Page_Calendar/input_Loading_select2-search__field'

12-11-2024T16:03:28 - [MESSAGE][PASSED] - Keys 'ENTER + ' sent to object: 'Object Repository/Specific Cases Repository/LS/Home/Calendar/Calendar_Events/Calendar_Events_Creation/Page_Calendar/input_Loading_select2-search__field'

12-11-2024T16:03:28 - [TEST_STEP][PASSED] - click(findTestObject("Object Repository/Specific Cases Repository/LS/Home/Calendar/Calendar_Events/Calendar_Events_Creation/Page_Calendar/span_Select Clients")): Object: 'Object Repository/Specific Cases Repository/LS/Home/Calendar/Calendar_Events/Calendar_Events_Creation/Page_Calendar/span_Select Clients' is clicked on

12-11-2024T16:03:28 - [MESSAGE][PASSED] - Object: 'Object Repository/Specific Cases Repository/LS/Home/Calendar/Calendar_Events/Calendar_Events_Creation/Page_Calendar/span_Select Clients' is clicked on

12-11-2024T16:03:28 - [TEST_STEP][PASSED] - click(findTestObject("Object Repository/Specific Cases Repository/LS/Home/Calendar/Calendar_Events/Calendar_Events_Creation/Page_Calendar/label_C Automation, C Client MR 24-11008")): Object: 'Object Repository/Specific Cases Repository/LS/Home/Calendar/Calendar_Events/Calendar_Events_Creation/Page_Calendar/label_C Automation, C Client MR 24-11008' is clicked on

12-11-2024T16:03:28 - [MESSAGE][PASSED] - Object: 'Object Repository/Specific Cases Repository/LS/Home/Calendar/Calendar_Events/Calendar_Events_Creation/Page_Calendar/label_C Automation, C Client MR 24-11008' is clicked on

12-11-2024T16:03:28 - [TEST_STEP][PASSED] - click(findTestObject("Object Repository/Specific Cases Repository/LS/Home/Calendar/Calendar_Events/Calendar_Events_Creation/Page_Calendar/label_B Automation, B Client MR 24-11007")): Object: 'Object Repository/Specific Cases Repository/LS/Home/Calendar/Calendar_Events/Calendar_Events_Creation/Page_Calendar/label_B Automation, B Client MR 24-11007' is clicked on

12-11-2024T16:03:29 - [MESSAGE][PASSED] - Object: 'Object Repository/Specific Cases Repository/LS/Home/Calendar/Calendar_Events/Calendar_Events_Creation/Page_Calendar/label_B Automation, B Client MR 24-11007' is clicked on

12-11-2024T16:03:29 - [TEST_STEP][PASSED] - click(findTestObject("Object Repository/Specific Cases Repository/LS/Home/Calendar/Calendar_Events/Calendar_Events_Creation/Page_Calendar/View Enrolled Patients")): Object: 'Object Repository/Specific Cases Repository/LS/Home/Calendar/Calendar_Events/Calendar_Events_Creation/Page_Calendar/View Enrolled Patients' is clicked on

12-11-2024T16:03:30 - [MESSAGE][PASSED] - Object: 'Object Repository/Specific Cases Repository/LS/Home/Calendar/Calendar_Events/Calendar_Events_Creation/Page_Calendar/View Enrolled Patients' is clicked on

12-11-2024T16:03:30 - [TEST_STEP][PASSED] - verifyElementText(findTestObject("Object Repository/Specific Cases Repository/LS/Home/Calendar/Calendar_Events/Calendar_Events_Creation/Page_Calendar/td_C Automation, C Client MR 24-11008"), "C Automation, C Client MR# 24-11008"): Actual text and expected text of test object 'Object Repository/Specific Cases Repository/LS/Home/Calendar/Calendar_Events/Calendar_Events_Creation/Page_Calendar/td_C Automation, C Client MR 24-11008' are matched.

12-11-2024T16:03:30 - [MESSAGE][PASSED] - Actual text and expected text of test object 'Object Repository/Specific Cases Repository/LS/Home/Calendar/Calendar_Events/Calendar_Events_Creation/Page_Calendar/td_C Automation, C Client MR 24-11008' are matched.

12-11-2024T16:03:30 - [TEST_STEP][PASSED] - verifyElementText(findTestObject("Object Repository/Specific Cases Repository/LS/Home/Calendar/Calendar_Events/Calendar_Events_Creation/Page_Calendar/td_B Automation, B Client MR 24-11007"), "B Automation, B Client MR# 24-11007"): Actual text and expected text of test object 'Object Repository/Specific Cases Repository/LS/Home/Calendar/Calendar_Events/Calendar_Events_Creation/Page_Calendar/td_B Automation, B Client MR 24-11007' are matched.

12-11-2024T16:03:30 - [MESSAGE][PASSED] - Actual text and expected text of test object 'Object Repository/Specific Cases Repository/LS/Home/Calendar/Calendar_Events/Calendar_Events_Creation/Page_Calendar/td_B Automation, B Client MR 24-11007' are matched.

12-11-2024T16:03:30 - [TEST_STEP][PASSED] - click(findTestObject("Object Repository/Specific Cases Repository/LS/Home/Calendar/Calendar_Events/Calendar_Events_Creation/Page_Calendar/View Enrolled Patients")): Object: 'Object Repository/Specific Cases Repository/LS/Home/Calendar/Calendar_Events/Calendar_Events_Creation/Page_Calendar/View Enrolled Patients' is clicked on

12-11-2024T16:03:31 - [MESSAGE][PASSED] - Object: 'Object Repository/Specific Cases Repository/LS/Home/Calendar/Calendar_Events/Calendar_Events_Creation/Page_Calendar/View Enrolled Patients' is clicked on

12-11-2024T16:03:31 - [TEST_STEP][PASSED] - scrollToElement(findTestObject("Object Repository/Specific Cases Repository/LS/Home/Calendar/Calendar_Events/Calendar_Events_Creation/Page_Calendar/a_Save"), 0): Scroll to object 'Object Repository/Specific Cases Repository/LS/Home/Calendar/Calendar_Events/Calendar_Events_Creation/Page_Calendar/a_Save' successfully

12-11-2024T16:03:31 - [MESSAGE][WARNING] - Timeout '0' is invalid. Using default page load timeout: '30'

12-11-2024T16:03:31 - [MESSAGE][PASSED] - Scroll to object 'Object Repository/Specific Cases Repository/LS/Home/Calendar/Calendar_Events/Calendar_Events_Creation/Page_Calendar/a_Save' successfully

12-11-2024T16:03:31 - [TEST_STEP][PASSED] - click(findTestObject("Object Repository/Specific Cases Repository/LS/Home/Calendar/Calendar_Events/Calendar_Events_Creation/Page_Calendar/a_Save")): Object: 'Object Repository/Specific Cases Repository/LS/Home/Calendar/Calendar_Events/Calendar_Events_Creation/Page_Calendar/a_Save' is clicked on

12-11-2024T16:03:31 - [MESSAGE][PASSED] - Object: 'Object Repository/Specific Cases Repository/LS/Home/Calendar/Calendar_Events/Calendar_Events_Creation/Page_Calendar/a_Save' is clicked on

12-11-2024T16:03:31 - [TEST_STEP][PASSED] - click(findTestObject("Object Repository/Specific Cases Repository/LS/Home/Calendar/Calendar_Events/Calendar_Events_Creation/Appointment/Page_Calendar/Next Week Arrow")): Object: 'Object Repository/Specific Cases Repository/LS/Home/Calendar/Calendar_Events/Calendar_Events_Creation/Appointment/Page_Calendar/Next Week Arrow' is clicked on

12-11-2024T16:03:33 - [MESSAGE][PASSED] - Object: 'Object Repository/Specific Cases Repository/LS/Home/Calendar/Calendar_Events/Calendar_Events_Creation/Appointment/Page_Calendar/Next Week Arrow' is clicked on

12-11-2024T16:03:33 - [TEST_STEP][PASSED] - waitForPageLoad(30): Wait for page load successfully

12-11-2024T16:03:33 - [MESSAGE][PASSED] - Wait for page load successfully

12-11-2024T16:03:33 - [TEST_STEP][PASSED] - click(findTestObject("Object Repository/Specific Cases Repository/LS/Home/Calendar/Calendar_Events/Calendar_Events_Creation/Page_Calendar/Calendar Event - Future")): Object: 'Object Repository/Specific Cases Repository/LS/Home/Calendar/Calendar_Events/Calendar_Events_Creation/Page_Calendar/Calendar Event - Future' is clicked on

12-11-2024T16:03:34 - [MESSAGE][PASSED] - Object: 'Object Repository/Specific Cases Repository/LS/Home/Calendar/Calendar_Events/Calendar_Events_Creation/Page_Calendar/Calendar Event - Future' is clicked on

12-11-2024T16:03:34 - [TEST_STEP][PASSED] - setText(findTestObject("Object Repository/Specific Cases Repository/LS/Home/Calendar/Calendar_Events/Calendar_Events_Creation/Page_Calendar/input_Title_title_edit"), "Future Automation Test 1.2 Automatically Enroll Clients in Selected Location/Program(s)"): Text 'Future Automation Test 1.2 Automatically Enroll Clients in Selected Location/Program(s)' is set on object 'Object Repository/Specific Cases Repository/LS/Home/Calendar/Calendar_Events/Calendar_Events_Creation/Page_Calendar/input_Title_title_edit'

12-11-2024T16:03:37 - [MESSAGE][PASSED] - Text 'Future Automation Test 1.2 Automatically Enroll Clients in Selected Location/Program(s)' is set on object 'Object Repository/Specific Cases Repository/LS/Home/Calendar/Calendar_Events/Calendar_Events_Creation/Page_Calendar/input_Title_title_edit'

12-11-2024T16:03:37 - [TEST_STEP][PASSED] - verifyElementText(findTestObject("Object Repository/Specific Cases Repository/LS/Home/Calendar/Calendar_Events/Calendar_Events_Creation/Page_Calendar/label_Start Group Session"), "Start Group Session"): Actual text and expected text of test object 'Object Repository/Specific Cases Repository/LS/Home/Calendar/Calendar_Events/Calendar_Events_Creation/Page_Calendar/label_Start Group Session' are matched.

12-11-2024T16:03:37 - [MESSAGE][PASSED] - Actual text and expected text of test object 'Object Repository/Specific Cases Repository/LS/Home/Calendar/Calendar_Events/Calendar_Events_Creation/Page_Calendar/label_Start Group Session' are matched.

12-11-2024T16:03:37 - [TEST_STEP][PASSED] - verifyElementPresent(findTestObject("Object Repository/Specific Cases Repository/LS/Home/Calendar/Calendar_Events/Calendar_Events_Creation/Page_Calendar/input_Start Group Session_isdocumentedgroup"), 0): Object 'Object Repository/Specific Cases Repository/LS/Home/Calendar/Calendar_Events/Calendar_Events_Creation/Page_Calendar/input_Start Group Session_isdocumentedgroup' is present

12-11-2024T16:03:37 - [MESSAGE][WARNING] - Timeout '0' is invalid. Using default page load timeout: '30'

12-11-2024T16:03:37 - [MESSAGE][PASSED] - Object 'Object Repository/Specific Cases Repository/LS/Home/Calendar/Calendar_Events/Calendar_Events_Creation/Page_Calendar/input_Start Group Session_isdocumentedgroup' is present

12-11-2024T16:03:37 - [TEST_STEP][PASSED] - click(findTestObject("Object Repository/Specific Cases Repository/LS/Home/Calendar/Calendar_Events/Calendar_Events_Creation/Page_Calendar/a_Save Revision")): Object: 'Object Repository/Specific Cases Repository/LS/Home/Calendar/Calendar_Events/Calendar_Events_Creation/Page_Calendar/a_Save Revision' is clicked on

12-11-2024T16:03:38 - [MESSAGE][PASSED] - Object: 'Object Repository/Specific Cases Repository/LS/Home/Calendar/Calendar_Events/Calendar_Events_Creation/Page_Calendar/a_Save Revision' is clicked on

12-11-2024T16:03:38 - [TEST_STEP][PASSED] - mouseOver(findTestObject("Object Repository/Specific Cases Repository/LS/Home/Calendar/Calendar_Events/Calendar_Events_Creation/Page_Calendar/Calendar Event - Future")): Object: 'Object Repository/Specific Cases Repository/LS/Home/Calendar/Calendar_Events/Calendar_Events_Creation/Page_Calendar/Calendar Event - Future' is hovered

12-11-2024T16:03:40 - [MESSAGE][PASSED] - Object: 'Object Repository/Specific Cases Repository/LS/Home/Calendar/Calendar_Events/Calendar_Events_Creation/Page_Calendar/Calendar Event - Future' is hovered

12-11-2024T16:03:40 - [TEST_STEP][PASSED] - verifyElementText(findTestObject("Object Repository/Specific Cases Repository/LS/Home/Calendar/Calendar_Events/Calendar_Events_Creation/Page_Calendar/span_Automation Test 1.2 Automatically Enro_f39ad6 - Future"), "Future Automation Test 1.2 Automatically Enroll Clients in Selected Location/Program(s)"): Actual text and expected text of test object 'Object Repository/Specific Cases Repository/LS/Home/Calendar/Calendar_Events/Calendar_Events_Creation/Page_Calendar/span_Automation Test 1.2 Automatically Enro_f39ad6 - Future' are matched.

12-11-2024T16:03:40 - [MESSAGE][PASSED] - Actual text and expected text of test object 'Object Repository/Specific Cases Repository/LS/Home/Calendar/Calendar_Events/Calendar_Events_Creation/Page_Calendar/span_Automation Test 1.2 Automatically Enro_f39ad6 - Future' are matched.

12-11-2024T16:03:40 - [TEST_STEP][PASSED] - closeBrowser(): Browser is closed

12-11-2024T16:03:40 - [MESSAGE][PASSED] - Browser is closed

12-11-2024T16:03:40 - [TEST_STEP][FAILED] - click(findTestObject("Object Repository/Specific Cases Repository/LS/Home/Calendar/Calendar_Events/Calendar_Events_Creation/Page_Calendar/a_Cancel")): Unable to click on object 'Object Repository/Specific Cases Repository/LS/Home/Calendar/Calendar_Events/Calendar_Events_Creation/Page_Calendar/a_Cancel' (Root cause: com.kms.katalon.core.exception.StepFailedException: Unable to click on object 'Object Repository/Specific Cases Repository/LS/Home/Calendar/Calendar_Events/Calendar_Events_Creation/Page_Calendar/a_Cancel'
	at com.kms.katalon.core.webui.keyword.internal.WebUIKeywordMain.stepFailed(WebUIKeywordMain.groovy:117)
	at com.kms.katalon.core.webui.keyword.internal.WebUIKeywordMain.runKeyword(WebUIKeywordMain.groovy:43)
	at com.kms.katalon.core.webui.keyword.builtin.ClickKeyword.click(ClickKeyword.groovy:74)
	at com.kms.katalon.core.webui.keyword.builtin.ClickKeyword.execute(ClickKeyword.groovy:40)
	at com.kms.katalon.core.keyword.internal.KeywordExecutor.executeKeywordForPlatform(KeywordExecutor.groovy:74)
	at com.kms.katalon.core.webui.keyword.WebUiBuiltInKeywords.click(WebUiBuiltInKeywords.groovy:659)
	at Future_Calendar_Groups.run(Future_Calendar_Groups:121)
	at com.kms.katalon.core.main.ScriptEngine.run(ScriptEngine.java:194)
	at com.kms.katalon.core.main.ScriptEngine.runScriptAsRawText(ScriptEngine.java:119)
	at com.kms.katalon.core.main.TestCaseExecutor.runScript(TestCaseExecutor.java:448)
	at com.kms.katalon.core.main.TestCaseExecutor.doExecute(TestCaseExecutor.java:439)
	at com.kms.katalon.core.main.TestCaseExecutor.processExecutionPhase(TestCaseExecutor.java:418)
	at com.kms.katalon.core.main.TestCaseExecutor.accessMainPhase(TestCaseExecutor.java:410)
	at com.kms.katalon.core.main.TestCaseExecutor.execute(TestCaseExecutor.java:285)
	at com.kms.katalon.core.common.CommonExecutor.accessTestCaseMainPhase(CommonExecutor.java:65)
	at com.kms.katalon.core.main.TestSuiteExecutor.accessTestSuiteMainPhase(TestSuiteExecutor.java:150)
	at com.kms.katalon.core.main.TestSuiteExecutor.execute(TestSuiteExecutor.java:106)
	at com.kms.katalon.core.main.TestCaseMain.startTestSuite(TestCaseMain.java:180)
	at TempTestSuite1731445300081.run(TempTestSuite1731445300081.groovy:35)
	at java.base/jdk.internal.reflect.NativeMethodAccessorImpl.invoke0(Native Method)
	at java.base/jdk.internal.reflect.NativeMethodAccessorImpl.invoke(NativeMethodAccessorImpl.java:77)
	at java.base/jdk.internal.reflect.DelegatingMethodAccessorImpl.invoke(DelegatingMethodAccessorImpl.java:43)
Caused by: org.openqa.selenium.NoSuchSessionException: Session ID is null. Using WebDriver after calling quit()?
Build info: version: '3.141.59', revision: 'unknown', time: 'unknown'
System info: host: 'ENRIQUE', ip: '192.168.100.147', os.name: 'Windows 11', os.arch: 'amd64', os.version: '10.0', java.version: '17.0.7'
Driver info: driver.version: RemoteWebDriver
	at org.openqa.selenium.remote.HttpCommandExecutor.execute(HttpCommandExecutor.java:125)
	at org.openqa.selenium.remote.service.DriverCommandExecutor.execute(DriverCommandExecutor.java:83)
	at org.openqa.selenium.remote.RemoteWebDriver.execute(RemoteWebDriver.java:552)
	at com.kms.katalon.selenium.driver.CChromeDriver.execute(CChromeDriver.java:19)
	at org.openqa.selenium.remote.RemoteWebDriver.findElements(RemoteWebDriver.java:353)
	at org.openqa.selenium.remote.RemoteWebDriver.findElementsByXPath(RemoteWebDriver.java:432)
	at org.openqa.selenium.By$ByXPath.findElements(By.java:348)
	at org.openqa.selenium.remote.RemoteWebDriver.findElements(RemoteWebDriver.java:311)
	at com.kms.katalon.core.webui.common.WebUiCommonHelper.findElementByNormalMethods(WebUiCommonHelper.java:1033)
	at com.kms.katalon.core.webui.common.WebUiCommonHelper.findElementsBySelectedMethod(WebUiCommonHelper.java:924)
	at com.kms.katalon.core.webui.common.WebUiCommonHelper.findElementsBySelectedMethod(WebUiCommonHelper.java:906)
	at com.kms.katalon.core.webui.common.WebUiCommonHelper.findElementsBySelectedMethod(WebUiCommonHelper.java:901)
	at com.kms.katalon.core.webui.common.WebUiCommonHelper.findElementsByDefault(WebUiCommonHelper.java:897)
	at com.kms.katalon.core.webui.common.WebUiCommonHelper.findElementsWithSelfHealing(WebUiCommonHelper.java:743)
	at com.kms.katalon.core.webui.common.WebUiCommonHelper.findWebElements(WebUiCommonHelper.java:727)
	at com.kms.katalon.core.webui.common.WebUiCommonHelper.findWebElement(WebUiCommonHelper.java:1413)
	at com.kms.katalon.core.webui.keyword.internal.WebUIAbstractKeyword.findWebElement(WebUIAbstractKeyword.groovy:27)
	at com.kms.katalon.core.webui.keyword.builtin.ClickKeyword$_click_closure1.doCall(ClickKeyword.groovy:65)
	at com.kms.katalon.core.webui.keyword.builtin.ClickKeyword$_click_closure1.call(ClickKeyword.groovy)
	at com.kms.katalon.core.webui.keyword.internal.WebUIKeywordMain.runKeyword(WebUIKeywordMain.groovy:35)
	at com.kms.katalon.core.webui.keyword.builtin.ClickKeyword.click(ClickKeyword.groovy:74)
	at com.kms.katalon.core.webui.keyword.builtin.ClickKeyword.execute(ClickKeyword.groovy:40)
	at com.kms.katalon.core.keyword.internal.KeywordExecutor.executeKeywordForPlatform(KeywordExecutor.groovy:74)
	at com.kms.katalon.core.webui.keyword.WebUiBuiltInKeywords.click(WebUiBuiltInKeywords.groovy:659)
	at Script1727458510258.run(Script1727458510258.groovy:121)
	... 15 more
)

12-11-2024T16:03:40 - [MESSAGE][WARNING] - [SELF-HEALING] Failed to find element with id 'Object Repository/Specific Cases Repository/LS/Home/Calendar/Calendar_Events/Calendar_Events_Creation/Page_Calendar/a_Cancel'. Try using Self-healing.

12-11-2024T16:03:40 - [MESSAGE][WARNING] - [SELF-HEALING] Session ID is null. Using WebDriver after calling quit()?
Build info: version: '3.141.59', revision: 'unknown', time: 'unknown'
System info: host: 'ENRIQUE', ip: '192.168.100.147', os.name: 'Windows 11', os.arch: 'amd64', os.version: '10.0', java.version: '17.0.7'
Driver info: driver.version: RemoteWebDriver

12-11-2024T16:03:41 - [MESSAGE][WARNING] - [SELF-HEALING] Session ID is null. Using WebDriver after calling quit()?
Build info: version: '3.141.59', revision: 'unknown', time: 'unknown'
System info: host: 'ENRIQUE', ip: '192.168.100.147', os.name: 'Windows 11', os.arch: 'amd64', os.version: '10.0', java.version: '17.0.7'
Driver info: driver.version: RemoteWebDriver

12-11-2024T16:03:41 - [MESSAGE][WARNING] - [SELF-HEALING] Session ID is null. Using WebDriver after calling quit()?
Build info: version: '3.141.59', revision: 'unknown', time: 'unknown'
System info: host: 'ENRIQUE', ip: '192.168.100.147', os.name: 'Windows 11', os.arch: 'amd64', os.version: '10.0', java.version: '17.0.7'
Driver info: driver.version: RemoteWebDriver

12-11-2024T16:03:41 - [MESSAGE][WARNING] - Cannot take screenshot

12-11-2024T16:03:41 - [MESSAGE][FAILED] - Unable to click on object 'Object Repository/Specific Cases Repository/LS/Home/Calendar/Calendar_Events/Calendar_Events_Creation/Page_Calendar/a_Cancel' (Root cause: com.kms.katalon.core.exception.StepFailedException: Unable to click on object 'Object Repository/Specific Cases Repository/LS/Home/Calendar/Calendar_Events/Calendar_Events_Creation/Page_Calendar/a_Cancel'
	at com.kms.katalon.core.webui.keyword.internal.WebUIKeywordMain.stepFailed(WebUIKeywordMain.groovy:117)
	at com.kms.katalon.core.webui.keyword.internal.WebUIKeywordMain.runKeyword(WebUIKeywordMain.groovy:43)
	at com.kms.katalon.core.webui.keyword.builtin.ClickKeyword.click(ClickKeyword.groovy:74)
	at com.kms.katalon.core.webui.keyword.builtin.ClickKeyword.execute(ClickKeyword.groovy:40)
	at com.kms.katalon.core.keyword.internal.KeywordExecutor.executeKeywordForPlatform(KeywordExecutor.groovy:74)
	at com.kms.katalon.core.webui.keyword.WebUiBuiltInKeywords.click(WebUiBuiltInKeywords.groovy:659)
	at Future_Calendar_Groups.run(Future_Calendar_Groups:121)
	at com.kms.katalon.core.main.ScriptEngine.run(ScriptEngine.java:194)
	at com.kms.katalon.core.main.ScriptEngine.runScriptAsRawText(ScriptEngine.java:119)
	at com.kms.katalon.core.main.TestCaseExecutor.runScript(TestCaseExecutor.java:448)
	at com.kms.katalon.core.main.TestCaseExecutor.doExecute(TestCaseExecutor.java:439)
	at com.kms.katalon.core.main.TestCaseExecutor.processExecutionPhase(TestCaseExecutor.java:418)
	at com.kms.katalon.core.main.TestCaseExecutor.accessMainPhase(TestCaseExecutor.java:410)
	at com.kms.katalon.core.main.TestCaseExecutor.execute(TestCaseExecutor.java:285)
	at com.kms.katalon.core.common.CommonExecutor.accessTestCaseMainPhase(CommonExecutor.java:65)
	at com.kms.katalon.core.main.TestSuiteExecutor.accessTestSuiteMainPhase(TestSuiteExecutor.java:150)
	at com.kms.katalon.core.main.TestSuiteExecutor.execute(TestSuiteExecutor.java:106)
	at com.kms.katalon.core.main.TestCaseMain.startTestSuite(TestCaseMain.java:180)
	at TempTestSuite1731445300081.run(TempTestSuite1731445300081.groovy:35)
	at java.base/jdk.internal.reflect.NativeMethodAccessorImpl.invoke0(Native Method)
	at java.base/jdk.internal.reflect.NativeMethodAccessorImpl.invoke(NativeMethodAccessorImpl.java:77)
	at java.base/jdk.internal.reflect.DelegatingMethodAccessorImpl.invoke(DelegatingMethodAccessorImpl.java:43)
Caused by: org.openqa.selenium.NoSuchSessionException: Session ID is null. Using WebDriver after calling quit()?
Build info: version: '3.141.59', revision: 'unknown', time: 'unknown'
System info: host: 'ENRIQUE', ip: '192.168.100.147', os.name: 'Windows 11', os.arch: 'amd64', os.version: '10.0', java.version: '17.0.7'
Driver info: driver.version: RemoteWebDriver
	at org.openqa.selenium.remote.HttpCommandExecutor.execute(HttpCommandExecutor.java:125)
	at org.openqa.selenium.remote.service.DriverCommandExecutor.execute(DriverCommandExecutor.java:83)
	at org.openqa.selenium.remote.RemoteWebDriver.execute(RemoteWebDriver.java:552)
	at com.kms.katalon.selenium.driver.CChromeDriver.execute(CChromeDriver.java:19)
	at org.openqa.selenium.remote.RemoteWebDriver.findElements(RemoteWebDriver.java:353)
	at org.openqa.selenium.remote.RemoteWebDriver.findElementsByXPath(RemoteWebDriver.java:432)
	at org.openqa.selenium.By$ByXPath.findElements(By.java:348)
	at org.openqa.selenium.remote.RemoteWebDriver.findElements(RemoteWebDriver.java:311)
	at com.kms.katalon.core.webui.common.WebUiCommonHelper.findElementByNormalMethods(WebUiCommonHelper.java:1033)
	at com.kms.katalon.core.webui.common.WebUiCommonHelper.findElementsBySelectedMethod(WebUiCommonHelper.java:924)
	at com.kms.katalon.core.webui.common.WebUiCommonHelper.findElementsBySelectedMethod(WebUiCommonHelper.java:906)
	at com.kms.katalon.core.webui.common.WebUiCommonHelper.findElementsBySelectedMethod(WebUiCommonHelper.java:901)
	at com.kms.katalon.core.webui.common.WebUiCommonHelper.findElementsByDefault(WebUiCommonHelper.java:897)
	at com.kms.katalon.core.webui.common.WebUiCommonHelper.findElementsWithSelfHealing(WebUiCommonHelper.java:743)
	at com.kms.katalon.core.webui.common.WebUiCommonHelper.findWebElements(WebUiCommonHelper.java:727)
	at com.kms.katalon.core.webui.common.WebUiCommonHelper.findWebElement(WebUiCommonHelper.java:1413)
	at com.kms.katalon.core.webui.keyword.internal.WebUIAbstractKeyword.findWebElement(WebUIAbstractKeyword.groovy:27)
	at com.kms.katalon.core.webui.keyword.builtin.ClickKeyword$_click_closure1.doCall(ClickKeyword.groovy:65)
	at com.kms.katalon.core.webui.keyword.builtin.ClickKeyword$_click_closure1.call(ClickKeyword.groovy)
	at com.kms.katalon.core.webui.keyword.internal.WebUIKeywordMain.runKeyword(WebUIKeywordMain.groovy:35)
	at com.kms.katalon.core.webui.keyword.builtin.ClickKeyword.click(ClickKeyword.groovy:74)
	at com.kms.katalon.core.webui.keyword.builtin.ClickKeyword.execute(ClickKeyword.groovy:40)
	at com.kms.katalon.core.keyword.internal.KeywordExecutor.executeKeywordForPlatform(KeywordExecutor.groovy:74)
	at com.kms.katalon.core.webui.keyword.WebUiBuiltInKeywords.click(WebUiBuiltInKeywords.groovy:659)
	at Script1727458510258.run(Script1727458510258.groovy:121)
	... 15 more
)]]></system-out>
         <system-err><![CDATA[12-11-2024T16:02:55 - [TEST_CASE][FAILED] - Test Cases/Specific Cases/LS/General/Calendar/Events_Creation/Future Events Creation/Future_Calendar_Groups: Test Cases/Specific Cases/LS/General/Calendar/Events_Creation/Future Events Creation/Future_Calendar_Groups FAILED.
Reason:
com.kms.katalon.core.exception.StepFailedException: Unable to click on object 'Object Repository/Specific Cases Repository/LS/Home/Calendar/Calendar_Events/Calendar_Events_Creation/Page_Calendar/a_Cancel'
	at com.kms.katalon.core.webui.keyword.internal.WebUIKeywordMain.stepFailed(WebUIKeywordMain.groovy:117)
	at com.kms.katalon.core.webui.keyword.internal.WebUIKeywordMain.runKeyword(WebUIKeywordMain.groovy:43)
	at com.kms.katalon.core.webui.keyword.builtin.ClickKeyword.click(ClickKeyword.groovy:74)
	at com.kms.katalon.core.webui.keyword.builtin.ClickKeyword.execute(ClickKeyword.groovy:40)
	at com.kms.katalon.core.keyword.internal.KeywordExecutor.executeKeywordForPlatform(KeywordExecutor.groovy:74)
	at com.kms.katalon.core.webui.keyword.WebUiBuiltInKeywords.click(WebUiBuiltInKeywords.groovy:659)
	at Future_Calendar_Groups.run(Future_Calendar_Groups:121)
	at com.kms.katalon.core.main.ScriptEngine.run(ScriptEngine.java:194)
	at com.kms.katalon.core.main.ScriptEngine.runScriptAsRawText(ScriptEngine.java:119)
	at com.kms.katalon.core.main.TestCaseExecutor.runScript(TestCaseExecutor.java:448)
	at com.kms.katalon.core.main.TestCaseExecutor.doExecute(TestCaseExecutor.java:439)
	at com.kms.katalon.core.main.TestCaseExecutor.processExecutionPhase(TestCaseExecutor.java:418)
	at com.kms.katalon.core.main.TestCaseExecutor.accessMainPhase(TestCaseExecutor.java:410)
	at com.kms.katalon.core.main.TestCaseExecutor.execute(TestCaseExecutor.java:285)
	at com.kms.katalon.core.common.CommonExecutor.accessTestCaseMainPhase(CommonExecutor.java:65)
	at com.kms.katalon.core.main.TestSuiteExecutor.accessTestSuiteMainPhase(TestSuiteExecutor.java:150)
	at com.kms.katalon.core.main.TestSuiteExecutor.execute(TestSuiteExecutor.java:106)
	at com.kms.katalon.core.main.TestCaseMain.startTestSuite(TestCaseMain.java:180)
	at TempTestSuite1731445300081.run(TempTestSuite1731445300081.groovy:35)
	at java.base/jdk.internal.reflect.NativeMethodAccessorImpl.invoke0(Native Method)
	at java.base/jdk.internal.reflect.NativeMethodAccessorImpl.invoke(NativeMethodAccessorImpl.java:77)
	at java.base/jdk.internal.reflect.DelegatingMethodAccessorImpl.invoke(DelegatingMethodAccessorImpl.java:43)
Caused by: org.openqa.selenium.NoSuchSessionException: Session ID is null. Using WebDriver after calling quit()?
Build info: version: '3.141.59', revision: 'unknown', time: 'unknown'
System info: host: 'ENRIQUE', ip: '192.168.100.147', os.name: 'Windows 11', os.arch: 'amd64', os.version: '10.0', java.version: '17.0.7'
Driver info: driver.version: RemoteWebDriver
	at org.openqa.selenium.remote.HttpCommandExecutor.execute(HttpCommandExecutor.java:125)
	at org.openqa.selenium.remote.service.DriverCommandExecutor.execute(DriverCommandExecutor.java:83)
	at org.openqa.selenium.remote.RemoteWebDriver.execute(RemoteWebDriver.java:552)
	at com.kms.katalon.selenium.driver.CChromeDriver.execute(CChromeDriver.java:19)
	at org.openqa.selenium.remote.RemoteWebDriver.findElements(RemoteWebDriver.java:353)
	at org.openqa.selenium.remote.RemoteWebDriver.findElementsByXPath(RemoteWebDriver.java:432)
	at org.openqa.selenium.By$ByXPath.findElements(By.java:348)
	at org.openqa.selenium.remote.RemoteWebDriver.findElements(RemoteWebDriver.java:311)
	at com.kms.katalon.core.webui.common.WebUiCommonHelper.findElementByNormalMethods(WebUiCommonHelper.java:1033)
	at com.kms.katalon.core.webui.common.WebUiCommonHelper.findElementsBySelectedMethod(WebUiCommonHelper.java:924)
	at com.kms.katalon.core.webui.common.WebUiCommonHelper.findElementsBySelectedMethod(WebUiCommonHelper.java:906)
	at com.kms.katalon.core.webui.common.WebUiCommonHelper.findElementsBySelectedMethod(WebUiCommonHelper.java:901)
	at com.kms.katalon.core.webui.common.WebUiCommonHelper.findElementsByDefault(WebUiCommonHelper.java:897)
	at com.kms.katalon.core.webui.common.WebUiCommonHelper.findElementsWithSelfHealing(WebUiCommonHelper.java:743)
	at com.kms.katalon.core.webui.common.WebUiCommonHelper.findWebElements(WebUiCommonHelper.java:727)
	at com.kms.katalon.core.webui.common.WebUiCommonHelper.findWebElement(WebUiCommonHelper.java:1413)
	at com.kms.katalon.core.webui.keyword.internal.WebUIAbstractKeyword.findWebElement(WebUIAbstractKeyword.groovy:27)
	at com.kms.katalon.core.webui.keyword.builtin.ClickKeyword$_click_closure1.doCall(ClickKeyword.groovy:65)
	at com.kms.katalon.core.webui.keyword.builtin.ClickKeyword$_click_closure1.call(ClickKeyword.groovy)
	at com.kms.katalon.core.webui.keyword.internal.WebUIKeywordMain.runKeyword(WebUIKeywordMain.groovy:35)
	... 20 more]]></system-err>
      </testcase>
      <testcase name="Test Cases/Specific Cases/LS/General/Calendar/Events_Creation/Past Events Creation/Past_Calendar_Appointment" time="33.688" classname="Test Cases/Specific Cases/LS/General/Calendar/Events_Creation/Past Events Creation/Past_Calendar_Appointment" status="PASSED">
         <system-out><![CDATA[12-11-2024T16:03:41 - [TEST_CASE][PASSED] - Test Cases/Specific Cases/LS/General/Calendar/Events_Creation/Past Events Creation/Past_Calendar_Appointment: Test Cases/Specific Cases/LS/General/Calendar/Events_Creation/Past Events Creation/Past_Calendar_Appointment

12-11-2024T16:03:42 - [TEST_STEP][PASSED] - callTestCase(findTestCase("Common Cases/Login"), [:], STOP_ON_FAILURE): Call Test Case 'Test Cases/Common Cases/Login' successfully

12-11-2024T16:03:42 - [TEST_CASE][PASSED] - Test Cases/Common Cases/Login: Test Cases/Common Cases/Login

12-11-2024T16:03:42 - [TEST_STEP][PASSED] - openBrowser(""): Browser is opened with url: ''

12-11-2024T16:03:42 - [MESSAGE][INFO] - Starting 'Chrome' driver

12-11-2024T16:03:42 - [MESSAGE][INFO] - Action delay is set to 0 milliseconds

12-11-2024T16:03:42 - [MESSAGE][PASSED] - Browser is opened with url: ''

12-11-2024T16:03:42 - [TEST_STEP][PASSED] - maximizeWindow(): Current window maximized

12-11-2024T16:03:42 - [MESSAGE][PASSED] - Current window maximized

12-11-2024T16:03:42 - [TEST_STEP][PASSED] - navigateToUrl("https://site17.lsapp.cloud/auth/login"): Navigate to 'https://site17.lsapp.cloud/auth/login' successfully

12-11-2024T16:03:44 - [MESSAGE][PASSED] - Navigate to 'https://site17.lsapp.cloud/auth/login' successfully

12-11-2024T16:03:44 - [TEST_STEP][PASSED] - setText(findTestObject("Object Repository/Common Cases Repository/Login/Page_Lightning Step/input_Email_email"), "automation@lightningstep.com"): Text 'automation@lightningstep.com' is set on object 'Object Repository/Common Cases Repository/Login/Page_Lightning Step/input_Email_email'

12-11-2024T16:03:45 - [MESSAGE][PASSED] - Text 'automation@lightningstep.com' is set on object 'Object Repository/Common Cases Repository/Login/Page_Lightning Step/input_Email_email'

12-11-2024T16:03:45 - [TEST_STEP][PASSED] - setEncryptedText(findTestObject("Object Repository/Common Cases Repository/Login/Page_Lightning Step/input_Password_password"), "e5N8VHmnhJDITtQaQhDQDw=="): Text ****** has been set on object 'Object Repository/Common Cases Repository/Login/Page_Lightning Step/input_Password_password'

12-11-2024T16:03:45 - [MESSAGE][PASSED] - Text ****** has been set on object 'Object Repository/Common Cases Repository/Login/Page_Lightning Step/input_Password_password'

12-11-2024T16:03:45 - [TEST_STEP][PASSED] - click(findTestObject("Object Repository/Common Cases Repository/Login/Page_Lightning Step/button_Sign in")): Object: 'Object Repository/Common Cases Repository/Login/Page_Lightning Step/button_Sign in' is clicked on

12-11-2024T16:03:50 - [MESSAGE][PASSED] - Object: 'Object Repository/Common Cases Repository/Login/Page_Lightning Step/button_Sign in' is clicked on

12-11-2024T16:03:50 - [MESSAGE][PASSED] - Call Test Case 'Test Cases/Common Cases/Login' successfully

12-11-2024T16:03:50 - [TEST_STEP][PASSED] - click(findTestObject("Object Repository/Specific Cases Repository/LS/Home/Calendar/Calendar_Events/Calendar_Events_Creation/Page_Home/a_Calendar")): Object: 'Object Repository/Specific Cases Repository/LS/Home/Calendar/Calendar_Events/Calendar_Events_Creation/Page_Home/a_Calendar' is clicked on

12-11-2024T16:03:54 - [MESSAGE][PASSED] - Object: 'Object Repository/Specific Cases Repository/LS/Home/Calendar/Calendar_Events/Calendar_Events_Creation/Page_Home/a_Calendar' is clicked on

12-11-2024T16:03:54 - [TEST_STEP][PASSED] - click(findTestObject("Object Repository/Specific Cases Repository/LS/Home/Calendar/Calendar_Events/Calendar_Events_Creation/Appointment/Page_Calendar/div_Week")): Object: 'Object Repository/Specific Cases Repository/LS/Home/Calendar/Calendar_Events/Calendar_Events_Creation/Appointment/Page_Calendar/div_Week' is clicked on

12-11-2024T16:03:55 - [MESSAGE][PASSED] - Object: 'Object Repository/Specific Cases Repository/LS/Home/Calendar/Calendar_Events/Calendar_Events_Creation/Appointment/Page_Calendar/div_Week' is clicked on

12-11-2024T16:03:55 - [TEST_STEP][PASSED] - click(findTestObject("Object Repository/Specific Cases Repository/LS/Home/Calendar/Calendar_Events/Calendar_Events_Creation/Appointment/Page_Calendar/button_Create new")): Object: 'Object Repository/Specific Cases Repository/LS/Home/Calendar/Calendar_Events/Calendar_Events_Creation/Appointment/Page_Calendar/button_Create new' is clicked on

12-11-2024T16:03:56 - [MESSAGE][PASSED] - Object: 'Object Repository/Specific Cases Repository/LS/Home/Calendar/Calendar_Events/Calendar_Events_Creation/Appointment/Page_Calendar/button_Create new' is clicked on

12-11-2024T16:03:56 - [TEST_STEP][PASSED] - click(findTestObject("Object Repository/Specific Cases Repository/LS/Home/Calendar/Calendar_Events/Calendar_Events_Creation/Appointment/Page_Calendar/label_Appointment")): Object: 'Object Repository/Specific Cases Repository/LS/Home/Calendar/Calendar_Events/Calendar_Events_Creation/Appointment/Page_Calendar/label_Appointment' is clicked on

12-11-2024T16:03:57 - [MESSAGE][PASSED] - Object: 'Object Repository/Specific Cases Repository/LS/Home/Calendar/Calendar_Events/Calendar_Events_Creation/Appointment/Page_Calendar/label_Appointment' is clicked on

12-11-2024T16:03:57 - [TEST_STEP][PASSED] - click(findTestObject("Object Repository/Specific Cases Repository/LS/Home/Calendar/Calendar_Events/Calendar_Events_Creation/Appointment/Page_Calendar/span_Select Client")): Object: 'Object Repository/Specific Cases Repository/LS/Home/Calendar/Calendar_Events/Calendar_Events_Creation/Appointment/Page_Calendar/span_Select Client' is clicked on

12-11-2024T16:03:57 - [MESSAGE][PASSED] - Object: 'Object Repository/Specific Cases Repository/LS/Home/Calendar/Calendar_Events/Calendar_Events_Creation/Appointment/Page_Calendar/span_Select Client' is clicked on

12-11-2024T16:03:57 - [TEST_STEP][PASSED] - click(findTestObject("Object Repository/Specific Cases Repository/LS/Home/Calendar/Calendar_Events/Calendar_Events_Creation/Page_Calendar/a_Cancel")): Object: 'Object Repository/Specific Cases Repository/LS/Home/Calendar/Calendar_Events/Calendar_Events_Creation/Page_Calendar/a_Cancel' is clicked on

12-11-2024T16:03:57 - [MESSAGE][PASSED] - Object: 'Object Repository/Specific Cases Repository/LS/Home/Calendar/Calendar_Events/Calendar_Events_Creation/Page_Calendar/a_Cancel' is clicked on

12-11-2024T16:03:57 - [TEST_STEP][PASSED] - click(findTestObject("Object Repository/Specific Cases Repository/LS/Home/Calendar/Calendar_Events/Calendar_Events_Creation/Appointment/Page_Calendar/button_Create new")): Object: 'Object Repository/Specific Cases Repository/LS/Home/Calendar/Calendar_Events/Calendar_Events_Creation/Appointment/Page_Calendar/button_Create new' is clicked on

12-11-2024T16:03:58 - [MESSAGE][PASSED] - Object: 'Object Repository/Specific Cases Repository/LS/Home/Calendar/Calendar_Events/Calendar_Events_Creation/Appointment/Page_Calendar/button_Create new' is clicked on

12-11-2024T16:03:58 - [TEST_STEP][PASSED] - click(findTestObject("Object Repository/Specific Cases Repository/LS/Home/Calendar/Calendar_Events/Calendar_Events_Creation/Appointment/Page_Calendar/label_Appointment")): Object: 'Object Repository/Specific Cases Repository/LS/Home/Calendar/Calendar_Events/Calendar_Events_Creation/Appointment/Page_Calendar/label_Appointment' is clicked on

12-11-2024T16:03:59 - [MESSAGE][PASSED] - Object: 'Object Repository/Specific Cases Repository/LS/Home/Calendar/Calendar_Events/Calendar_Events_Creation/Appointment/Page_Calendar/label_Appointment' is clicked on

12-11-2024T16:03:59 - [TEST_STEP][PASSED] - click(findTestObject("Object Repository/Specific Cases Repository/LS/Home/Calendar/Calendar_Events/Calendar_Events_Creation/Appointment/Page_Calendar/label_Appointment")): Object: 'Object Repository/Specific Cases Repository/LS/Home/Calendar/Calendar_Events/Calendar_Events_Creation/Appointment/Page_Calendar/label_Appointment' is clicked on

12-11-2024T16:03:59 - [MESSAGE][PASSED] - Object: 'Object Repository/Specific Cases Repository/LS/Home/Calendar/Calendar_Events/Calendar_Events_Creation/Appointment/Page_Calendar/label_Appointment' is clicked on

12-11-2024T16:03:59 - [TEST_STEP][PASSED] - click(findTestObject("Object Repository/Specific Cases Repository/LS/Home/Calendar/Calendar_Events/Calendar_Events_Creation/Appointment/Page_Calendar/span_Select Client")): Object: 'Object Repository/Specific Cases Repository/LS/Home/Calendar/Calendar_Events/Calendar_Events_Creation/Appointment/Page_Calendar/span_Select Client' is clicked on

12-11-2024T16:04:00 - [MESSAGE][PASSED] - Object: 'Object Repository/Specific Cases Repository/LS/Home/Calendar/Calendar_Events/Calendar_Events_Creation/Appointment/Page_Calendar/span_Select Client' is clicked on

12-11-2024T16:04:00 - [TEST_STEP][PASSED] - setText(findTestObject("Specific Cases Repository/LS/Home/Calendar/Calendar_Events/Calendar_Events_Creation/Appointment/Page_Calendar/Patien Name"), "B Auto"): Text 'B Auto' is set on object 'Object Repository/Specific Cases Repository/LS/Home/Calendar/Calendar_Events/Calendar_Events_Creation/Appointment/Page_Calendar/Patien Name'

12-11-2024T16:04:00 - [MESSAGE][PASSED] - Text 'B Auto' is set on object 'Object Repository/Specific Cases Repository/LS/Home/Calendar/Calendar_Events/Calendar_Events_Creation/Appointment/Page_Calendar/Patien Name'

12-11-2024T16:04:00 - [TEST_STEP][PASSED] - sendKeys(findTestObject("Object Repository/Specific Cases Repository/LS/Home/Calendar/Calendar_Events/Calendar_Events_Creation/Appointment/Page_Calendar/Patien Name"), Keys.chord(ENTER)): Keys 'ENTER + ' sent to object: 'Object Repository/Specific Cases Repository/LS/Home/Calendar/Calendar_Events/Calendar_Events_Creation/Appointment/Page_Calendar/Patien Name'

12-11-2024T16:04:01 - [MESSAGE][PASSED] - Keys 'ENTER + ' sent to object: 'Object Repository/Specific Cases Repository/LS/Home/Calendar/Calendar_Events/Calendar_Events_Creation/Appointment/Page_Calendar/Patien Name'

12-11-2024T16:04:01 - [TEST_STEP][PASSED] - click(findTestObject("Object Repository/Specific Cases Repository/LS/Home/Calendar/Calendar_Events/Calendar_Events_Creation/Appointment/Page_Calendar/span_Select Service")): Object: 'Object Repository/Specific Cases Repository/LS/Home/Calendar/Calendar_Events/Calendar_Events_Creation/Appointment/Page_Calendar/span_Select Service' is clicked on

12-11-2024T16:04:02 - [MESSAGE][PASSED] - Object: 'Object Repository/Specific Cases Repository/LS/Home/Calendar/Calendar_Events/Calendar_Events_Creation/Appointment/Page_Calendar/span_Select Service' is clicked on

12-11-2024T16:04:02 - [TEST_STEP][PASSED] - setText(findTestObject("Object Repository/Specific Cases Repository/LS/Home/Calendar/Calendar_Events/Calendar_Events_Creation/Appointment/Page_Calendar/Patien Name"), "5 "): Text '5 ' is set on object 'Object Repository/Specific Cases Repository/LS/Home/Calendar/Calendar_Events/Calendar_Events_Creation/Appointment/Page_Calendar/Patien Name'

12-11-2024T16:04:03 - [MESSAGE][PASSED] - Text '5 ' is set on object 'Object Repository/Specific Cases Repository/LS/Home/Calendar/Calendar_Events/Calendar_Events_Creation/Appointment/Page_Calendar/Patien Name'

12-11-2024T16:04:03 - [TEST_STEP][PASSED] - sendKeys(findTestObject("Object Repository/Specific Cases Repository/LS/Home/Calendar/Calendar_Events/Calendar_Events_Creation/Appointment/Page_Calendar/Patien Name"), Keys.chord(ENTER)): Keys 'ENTER + ' sent to object: 'Object Repository/Specific Cases Repository/LS/Home/Calendar/Calendar_Events/Calendar_Events_Creation/Appointment/Page_Calendar/Patien Name'

12-11-2024T16:04:03 - [MESSAGE][PASSED] - Keys 'ENTER + ' sent to object: 'Object Repository/Specific Cases Repository/LS/Home/Calendar/Calendar_Events/Calendar_Events_Creation/Appointment/Page_Calendar/Patien Name'

12-11-2024T16:04:03 - [TEST_STEP][PASSED] - click(findTestObject("Object Repository/Specific Cases Repository/LS/Home/Calendar/Calendar_Events/Calendar_Events_Creation/Appointment/Page_Calendar/input_Title_title_")): Object: 'Object Repository/Specific Cases Repository/LS/Home/Calendar/Calendar_Events/Calendar_Events_Creation/Appointment/Page_Calendar/input_Title_title_' is clicked on

12-11-2024T16:04:04 - [MESSAGE][PASSED] - Object: 'Object Repository/Specific Cases Repository/LS/Home/Calendar/Calendar_Events/Calendar_Events_Creation/Appointment/Page_Calendar/input_Title_title_' is clicked on

12-11-2024T16:04:04 - [TEST_STEP][PASSED] - setText(findTestObject("Object Repository/Specific Cases Repository/LS/Home/Calendar/Calendar_Events/Calendar_Events_Creation/Appointment/Page_Calendar/input_Title_title_"), "Past Automation Test with B Automation, B Client MR# 24-11007: 5 Panel Drug Screen"): Text 'Past Automation Test with B Automation, B Client MR# 24-11007: 5 Panel Drug Screen' is set on object 'Object Repository/Specific Cases Repository/LS/Home/Calendar/Calendar_Events/Calendar_Events_Creation/Appointment/Page_Calendar/input_Title_title_'

12-11-2024T16:04:05 - [MESSAGE][PASSED] - Text 'Past Automation Test with B Automation, B Client MR# 24-11007: 5 Panel Drug Screen' is set on object 'Object Repository/Specific Cases Repository/LS/Home/Calendar/Calendar_Events/Calendar_Events_Creation/Appointment/Page_Calendar/input_Title_title_'

12-11-2024T16:04:05 - [TEST_STEP][PASSED] - click(findTestObject("Object Repository/Specific Cases Repository/LS/Home/Calendar/Calendar_Events/Calendar_Events_Creation/Appointment/Page_Calendar/Date")): Object: 'Object Repository/Specific Cases Repository/LS/Home/Calendar/Calendar_Events/Calendar_Events_Creation/Appointment/Page_Calendar/Date' is clicked on

12-11-2024T16:04:05 - [MESSAGE][PASSED] - Object: 'Object Repository/Specific Cases Repository/LS/Home/Calendar/Calendar_Events/Calendar_Events_Creation/Appointment/Page_Calendar/Date' is clicked on

12-11-2024T16:04:05 - [TEST_STEP][PASSED] - setText(findTestObject("Object Repository/Specific Cases Repository/LS/Home/Calendar/Calendar_Events/Calendar_Events_Creation/Appointment/Page_Calendar/Date"), Last_Week_Date): Text '11/05/2024' is set on object 'Object Repository/Specific Cases Repository/LS/Home/Calendar/Calendar_Events/Calendar_Events_Creation/Appointment/Page_Calendar/Date'

12-11-2024T16:04:06 - [MESSAGE][PASSED] - Text '11/05/2024' is set on object 'Object Repository/Specific Cases Repository/LS/Home/Calendar/Calendar_Events/Calendar_Events_Creation/Appointment/Page_Calendar/Date'

12-11-2024T16:04:06 - [TEST_STEP][PASSED] - click(findTestObject("Object Repository/Specific Cases Repository/LS/Home/Calendar/Calendar_Events/Calendar_Events_Creation/Appointment/Page_Calendar/Start Time Clock")): Object: 'Object Repository/Specific Cases Repository/LS/Home/Calendar/Calendar_Events/Calendar_Events_Creation/Appointment/Page_Calendar/Start Time Clock' is clicked on

12-11-2024T16:04:07 - [MESSAGE][PASSED] - Object: 'Object Repository/Specific Cases Repository/LS/Home/Calendar/Calendar_Events/Calendar_Events_Creation/Appointment/Page_Calendar/Start Time Clock' is clicked on

12-11-2024T16:04:07 - [TEST_STEP][PASSED] - setText(findTestObject("Object Repository/Specific Cases Repository/LS/Home/Calendar/Calendar_Events/Calendar_Events_Creation/Appointment/Page_Calendar/Start Time Clock"), "1500"): Text '1500' is set on object 'Object Repository/Specific Cases Repository/LS/Home/Calendar/Calendar_Events/Calendar_Events_Creation/Appointment/Page_Calendar/Start Time Clock'

12-11-2024T16:04:07 - [MESSAGE][PASSED] - Text '1500' is set on object 'Object Repository/Specific Cases Repository/LS/Home/Calendar/Calendar_Events/Calendar_Events_Creation/Appointment/Page_Calendar/Start Time Clock'

12-11-2024T16:04:07 - [TEST_STEP][PASSED] - click(findTestObject("Object Repository/Specific Cases Repository/LS/Home/Calendar/Calendar_Events/Calendar_Events_Creation/Appointment/Page_Calendar/End Time Clock")): Object: 'Object Repository/Specific Cases Repository/LS/Home/Calendar/Calendar_Events/Calendar_Events_Creation/Appointment/Page_Calendar/End Time Clock' is clicked on

12-11-2024T16:04:08 - [MESSAGE][PASSED] - Object: 'Object Repository/Specific Cases Repository/LS/Home/Calendar/Calendar_Events/Calendar_Events_Creation/Appointment/Page_Calendar/End Time Clock' is clicked on

12-11-2024T16:04:08 - [TEST_STEP][PASSED] - setText(findTestObject("Object Repository/Specific Cases Repository/LS/Home/Calendar/Calendar_Events/Calendar_Events_Creation/Appointment/Page_Calendar/End Time Clock"), "1600"): Text '1600' is set on object 'Object Repository/Specific Cases Repository/LS/Home/Calendar/Calendar_Events/Calendar_Events_Creation/Appointment/Page_Calendar/End Time Clock'

12-11-2024T16:04:09 - [MESSAGE][PASSED] - Text '1600' is set on object 'Object Repository/Specific Cases Repository/LS/Home/Calendar/Calendar_Events/Calendar_Events_Creation/Appointment/Page_Calendar/End Time Clock'

12-11-2024T16:04:10 - [TEST_STEP][PASSED] - setText(findTestObject("Object Repository/Specific Cases Repository/LS/Home/Calendar/Calendar_Events/Calendar_Events_Creation/Appointment/Page_Calendar/input_Notes_notes"), "Automation Test Note"): Text 'Automation Test Note' is set on object 'Object Repository/Specific Cases Repository/LS/Home/Calendar/Calendar_Events/Calendar_Events_Creation/Appointment/Page_Calendar/input_Notes_notes'

12-11-2024T16:04:11 - [MESSAGE][PASSED] - Text 'Automation Test Note' is set on object 'Object Repository/Specific Cases Repository/LS/Home/Calendar/Calendar_Events/Calendar_Events_Creation/Appointment/Page_Calendar/input_Notes_notes'

12-11-2024T16:04:11 - [TEST_STEP][PASSED] - scrollToElement(findTestObject("Specific Cases Repository/LS/Home/Calendar/Calendar_Events/Calendar_Events_Creation/Appointment/Page_Calendar/a_Save"), 0): Scroll to object 'Object Repository/Specific Cases Repository/LS/Home/Calendar/Calendar_Events/Calendar_Events_Creation/Appointment/Page_Calendar/a_Save' successfully

12-11-2024T16:04:11 - [MESSAGE][WARNING] - Timeout '0' is invalid. Using default page load timeout: '30'

12-11-2024T16:04:11 - [MESSAGE][PASSED] - Scroll to object 'Object Repository/Specific Cases Repository/LS/Home/Calendar/Calendar_Events/Calendar_Events_Creation/Appointment/Page_Calendar/a_Save' successfully

12-11-2024T16:04:11 - [TEST_STEP][PASSED] - click(findTestObject("Specific Cases Repository/LS/Home/Calendar/Calendar_Events/Calendar_Events_Creation/Appointment/Page_Calendar/a_Save")): Object: 'Object Repository/Specific Cases Repository/LS/Home/Calendar/Calendar_Events/Calendar_Events_Creation/Appointment/Page_Calendar/a_Save' is clicked on

12-11-2024T16:04:11 - [MESSAGE][PASSED] - Object: 'Object Repository/Specific Cases Repository/LS/Home/Calendar/Calendar_Events/Calendar_Events_Creation/Appointment/Page_Calendar/a_Save' is clicked on

12-11-2024T16:04:11 - [TEST_STEP][PASSED] - click(findTestObject("Specific Cases Repository/LS/Home/Calendar/Calendar_Events/Calendar_Events_Creation/Appointment/Page_Calendar/Previus Week Arrow")): Object: 'Object Repository/Specific Cases Repository/LS/Home/Calendar/Calendar_Events/Calendar_Events_Creation/Appointment/Page_Calendar/Previus Week Arrow' is clicked on

12-11-2024T16:04:13 - [MESSAGE][PASSED] - Object: 'Object Repository/Specific Cases Repository/LS/Home/Calendar/Calendar_Events/Calendar_Events_Creation/Appointment/Page_Calendar/Previus Week Arrow' is clicked on

12-11-2024T16:04:13 - [TEST_STEP][PASSED] - scrollToElement(findTestObject("Specific Cases Repository/LS/Home/Calendar/Calendar_Events/Calendar_Events_Creation/Appointment/Page_Calendar/a_Automation Test with A Automation, A Clie_8f5a4c - Past"), 0): Scroll to object 'Object Repository/Specific Cases Repository/LS/Home/Calendar/Calendar_Events/Calendar_Events_Creation/Appointment/Page_Calendar/a_Automation Test with A Automation, A Clie_8f5a4c - Past' successfully

12-11-2024T16:04:13 - [MESSAGE][WARNING] - Timeout '0' is invalid. Using default page load timeout: '30'

12-11-2024T16:04:14 - [MESSAGE][PASSED] - Scroll to object 'Object Repository/Specific Cases Repository/LS/Home/Calendar/Calendar_Events/Calendar_Events_Creation/Appointment/Page_Calendar/a_Automation Test with A Automation, A Clie_8f5a4c - Past' successfully

12-11-2024T16:04:14 - [TEST_STEP][PASSED] - mouseOver(findTestObject("Specific Cases Repository/LS/Home/Calendar/Calendar_Events/Calendar_Events_Creation/Appointment/Page_Calendar/a_Automation Test with A Automation, A Clie_8f5a4c - Past")): Object: 'Object Repository/Specific Cases Repository/LS/Home/Calendar/Calendar_Events/Calendar_Events_Creation/Appointment/Page_Calendar/a_Automation Test with A Automation, A Clie_8f5a4c - Past' is hovered

12-11-2024T16:04:15 - [MESSAGE][PASSED] - Object: 'Object Repository/Specific Cases Repository/LS/Home/Calendar/Calendar_Events/Calendar_Events_Creation/Appointment/Page_Calendar/a_Automation Test with A Automation, A Clie_8f5a4c - Past' is hovered

12-11-2024T16:04:15 - [TEST_STEP][PASSED] - click(findTestObject("Specific Cases Repository/LS/Home/Calendar/Calendar_Events/Calendar_Events_Creation/Appointment/Page_Calendar/a_Automation Test with A Automation, A Clie_8f5a4c - Past")): Object: 'Object Repository/Specific Cases Repository/LS/Home/Calendar/Calendar_Events/Calendar_Events_Creation/Appointment/Page_Calendar/a_Automation Test with A Automation, A Clie_8f5a4c - Past' is clicked on

12-11-2024T16:04:15 - [MESSAGE][PASSED] - Object: 'Object Repository/Specific Cases Repository/LS/Home/Calendar/Calendar_Events/Calendar_Events_Creation/Appointment/Page_Calendar/a_Automation Test with A Automation, A Clie_8f5a4c - Past' is clicked on

12-11-2024T16:04:15 - [TEST_STEP][PASSED] - closeBrowser(): Browser is closed

12-11-2024T16:04:15 - [MESSAGE][PASSED] - Browser is closed]]></system-out>
         <system-err><![CDATA[]]></system-err>
      </testcase>
      <testcase name="Test Cases/Specific Cases/LS/General/Calendar/Events_Creation/Past Events Creation/Past_Calendar_Block" time="25.458" classname="Test Cases/Specific Cases/LS/General/Calendar/Events_Creation/Past Events Creation/Past_Calendar_Block" status="PASSED">
         <system-out><![CDATA[12-11-2024T16:04:15 - [TEST_CASE][PASSED] - Test Cases/Specific Cases/LS/General/Calendar/Events_Creation/Past Events Creation/Past_Calendar_Block: Test Cases/Specific Cases/LS/General/Calendar/Events_Creation/Past Events Creation/Past_Calendar_Block

12-11-2024T16:04:15 - [TEST_STEP][PASSED] - callTestCase(findTestCase("Common Cases/Login"), [:], STOP_ON_FAILURE): Call Test Case 'Test Cases/Common Cases/Login' successfully

12-11-2024T16:04:15 - [TEST_CASE][PASSED] - Test Cases/Common Cases/Login: Test Cases/Common Cases/Login

12-11-2024T16:04:15 - [TEST_STEP][PASSED] - openBrowser(""): Browser is opened with url: ''

12-11-2024T16:04:15 - [MESSAGE][INFO] - Starting 'Chrome' driver

12-11-2024T16:04:15 - [MESSAGE][INFO] - Action delay is set to 0 milliseconds

12-11-2024T16:04:16 - [MESSAGE][PASSED] - Browser is opened with url: ''

12-11-2024T16:04:16 - [TEST_STEP][PASSED] - maximizeWindow(): Current window maximized

12-11-2024T16:04:16 - [MESSAGE][PASSED] - Current window maximized

12-11-2024T16:04:16 - [TEST_STEP][PASSED] - navigateToUrl("https://site17.lsapp.cloud/auth/login"): Navigate to 'https://site17.lsapp.cloud/auth/login' successfully

12-11-2024T16:04:18 - [MESSAGE][PASSED] - Navigate to 'https://site17.lsapp.cloud/auth/login' successfully

12-11-2024T16:04:18 - [TEST_STEP][PASSED] - setText(findTestObject("Object Repository/Common Cases Repository/Login/Page_Lightning Step/input_Email_email"), "automation@lightningstep.com"): Text 'automation@lightningstep.com' is set on object 'Object Repository/Common Cases Repository/Login/Page_Lightning Step/input_Email_email'

12-11-2024T16:04:19 - [MESSAGE][PASSED] - Text 'automation@lightningstep.com' is set on object 'Object Repository/Common Cases Repository/Login/Page_Lightning Step/input_Email_email'

12-11-2024T16:04:19 - [TEST_STEP][PASSED] - setEncryptedText(findTestObject("Object Repository/Common Cases Repository/Login/Page_Lightning Step/input_Password_password"), "e5N8VHmnhJDITtQaQhDQDw=="): Text ****** has been set on object 'Object Repository/Common Cases Repository/Login/Page_Lightning Step/input_Password_password'

12-11-2024T16:04:19 - [MESSAGE][PASSED] - Text ****** has been set on object 'Object Repository/Common Cases Repository/Login/Page_Lightning Step/input_Password_password'

12-11-2024T16:04:19 - [TEST_STEP][PASSED] - click(findTestObject("Object Repository/Common Cases Repository/Login/Page_Lightning Step/button_Sign in")): Object: 'Object Repository/Common Cases Repository/Login/Page_Lightning Step/button_Sign in' is clicked on

12-11-2024T16:04:25 - [MESSAGE][PASSED] - Object: 'Object Repository/Common Cases Repository/Login/Page_Lightning Step/button_Sign in' is clicked on

12-11-2024T16:04:25 - [MESSAGE][PASSED] - Call Test Case 'Test Cases/Common Cases/Login' successfully

12-11-2024T16:04:25 - [TEST_STEP][PASSED] - click(findTestObject("Object Repository/Specific Cases Repository/LS/Home/Calendar/Calendar_Events/Calendar_Events_Creation/Block/Page_Home/a_Calendar")): Object: 'Object Repository/Specific Cases Repository/LS/Home/Calendar/Calendar_Events/Calendar_Events_Creation/Block/Page_Home/a_Calendar' is clicked on

12-11-2024T16:04:29 - [MESSAGE][PASSED] - Object: 'Object Repository/Specific Cases Repository/LS/Home/Calendar/Calendar_Events/Calendar_Events_Creation/Block/Page_Home/a_Calendar' is clicked on

12-11-2024T16:04:29 - [TEST_STEP][PASSED] - click(findTestObject("Object Repository/Specific Cases Repository/LS/Home/Calendar/Calendar_Events/Calendar_Events_Creation/Appointment/Page_Calendar/div_Week")): Object: 'Object Repository/Specific Cases Repository/LS/Home/Calendar/Calendar_Events/Calendar_Events_Creation/Appointment/Page_Calendar/div_Week' is clicked on

12-11-2024T16:04:30 - [MESSAGE][PASSED] - Object: 'Object Repository/Specific Cases Repository/LS/Home/Calendar/Calendar_Events/Calendar_Events_Creation/Appointment/Page_Calendar/div_Week' is clicked on

12-11-2024T16:04:30 - [TEST_STEP][PASSED] - click(findTestObject("Object Repository/Specific Cases Repository/LS/Home/Calendar/Calendar_Events/Calendar_Events_Creation/Block/Page_Calendar/button_Create new")): Object: 'Object Repository/Specific Cases Repository/LS/Home/Calendar/Calendar_Events/Calendar_Events_Creation/Block/Page_Calendar/button_Create new' is clicked on

12-11-2024T16:04:31 - [MESSAGE][PASSED] - Object: 'Object Repository/Specific Cases Repository/LS/Home/Calendar/Calendar_Events/Calendar_Events_Creation/Block/Page_Calendar/button_Create new' is clicked on

12-11-2024T16:04:31 - [TEST_STEP][PASSED] - click(findTestObject("Object Repository/Specific Cases Repository/LS/Home/Calendar/Calendar_Events/Calendar_Events_Creation/Block/Page_Calendar/label_Block")): Object: 'Object Repository/Specific Cases Repository/LS/Home/Calendar/Calendar_Events/Calendar_Events_Creation/Block/Page_Calendar/label_Block' is clicked on

12-11-2024T16:04:32 - [MESSAGE][PASSED] - Object: 'Object Repository/Specific Cases Repository/LS/Home/Calendar/Calendar_Events/Calendar_Events_Creation/Block/Page_Calendar/label_Block' is clicked on

12-11-2024T16:04:32 - [TEST_STEP][PASSED] - setText(findTestObject("Object Repository/Specific Cases Repository/LS/Home/Calendar/Calendar_Events/Calendar_Events_Creation/Block/Page_Calendar/input_Title_title_"), "Past Automation Block"): Text 'Past Automation Block' is set on object 'Object Repository/Specific Cases Repository/LS/Home/Calendar/Calendar_Events/Calendar_Events_Creation/Block/Page_Calendar/input_Title_title_'

12-11-2024T16:04:33 - [MESSAGE][PASSED] - Text 'Past Automation Block' is set on object 'Object Repository/Specific Cases Repository/LS/Home/Calendar/Calendar_Events/Calendar_Events_Creation/Block/Page_Calendar/input_Title_title_'

12-11-2024T16:04:33 - [TEST_STEP][PASSED] - click(findTestObject("Object Repository/Specific Cases Repository/LS/Home/Calendar/Calendar_Events/Calendar_Events_Creation/Appointment/Page_Calendar/Date")): Object: 'Object Repository/Specific Cases Repository/LS/Home/Calendar/Calendar_Events/Calendar_Events_Creation/Appointment/Page_Calendar/Date' is clicked on

12-11-2024T16:04:33 - [MESSAGE][PASSED] - Object: 'Object Repository/Specific Cases Repository/LS/Home/Calendar/Calendar_Events/Calendar_Events_Creation/Appointment/Page_Calendar/Date' is clicked on

12-11-2024T16:04:33 - [TEST_STEP][PASSED] - setText(findTestObject("Object Repository/Specific Cases Repository/LS/Home/Calendar/Calendar_Events/Calendar_Events_Creation/Appointment/Page_Calendar/Date"), Last_Week_Date): Text '11/05/2024' is set on object 'Object Repository/Specific Cases Repository/LS/Home/Calendar/Calendar_Events/Calendar_Events_Creation/Appointment/Page_Calendar/Date'

12-11-2024T16:04:34 - [MESSAGE][PASSED] - Text '11/05/2024' is set on object 'Object Repository/Specific Cases Repository/LS/Home/Calendar/Calendar_Events/Calendar_Events_Creation/Appointment/Page_Calendar/Date'

12-11-2024T16:04:34 - [TEST_STEP][PASSED] - click(findTestObject("Object Repository/Specific Cases Repository/LS/Home/Calendar/Calendar_Events/Calendar_Events_Creation/Appointment/Page_Calendar/Start Time Clock")): Object: 'Object Repository/Specific Cases Repository/LS/Home/Calendar/Calendar_Events/Calendar_Events_Creation/Appointment/Page_Calendar/Start Time Clock' is clicked on

12-11-2024T16:04:35 - [MESSAGE][PASSED] - Object: 'Object Repository/Specific Cases Repository/LS/Home/Calendar/Calendar_Events/Calendar_Events_Creation/Appointment/Page_Calendar/Start Time Clock' is clicked on

12-11-2024T16:04:35 - [TEST_STEP][PASSED] - setText(findTestObject("Object Repository/Specific Cases Repository/LS/Home/Calendar/Calendar_Events/Calendar_Events_Creation/Appointment/Page_Calendar/Start Time Clock"), "1600"): Text '1600' is set on object 'Object Repository/Specific Cases Repository/LS/Home/Calendar/Calendar_Events/Calendar_Events_Creation/Appointment/Page_Calendar/Start Time Clock'

12-11-2024T16:04:36 - [MESSAGE][PASSED] - Text '1600' is set on object 'Object Repository/Specific Cases Repository/LS/Home/Calendar/Calendar_Events/Calendar_Events_Creation/Appointment/Page_Calendar/Start Time Clock'

12-11-2024T16:04:36 - [TEST_STEP][PASSED] - click(findTestObject("Object Repository/Specific Cases Repository/LS/Home/Calendar/Calendar_Events/Calendar_Events_Creation/Block/Page_Calendar/div_Schedule                               _3f20bf")): Object: 'Object Repository/Specific Cases Repository/LS/Home/Calendar/Calendar_Events/Calendar_Events_Creation/Block/Page_Calendar/div_Schedule                               _3f20bf' is clicked on

12-11-2024T16:04:36 - [MESSAGE][PASSED] - Object: 'Object Repository/Specific Cases Repository/LS/Home/Calendar/Calendar_Events/Calendar_Events_Creation/Block/Page_Calendar/div_Schedule                               _3f20bf' is clicked on

12-11-2024T16:04:36 - [TEST_STEP][PASSED] - setText(findTestObject("Object Repository/Specific Cases Repository/LS/Home/Calendar/Calendar_Events/Calendar_Events_Creation/Block/Page_Calendar/input_Notes_notes"), "Automation Block Note"): Text 'Automation Block Note' is set on object 'Object Repository/Specific Cases Repository/LS/Home/Calendar/Calendar_Events/Calendar_Events_Creation/Block/Page_Calendar/input_Notes_notes'

12-11-2024T16:04:37 - [MESSAGE][PASSED] - Text 'Automation Block Note' is set on object 'Object Repository/Specific Cases Repository/LS/Home/Calendar/Calendar_Events/Calendar_Events_Creation/Block/Page_Calendar/input_Notes_notes'

12-11-2024T16:04:37 - [TEST_STEP][PASSED] - click(findTestObject("Object Repository/Specific Cases Repository/LS/Home/Calendar/Calendar_Events/Calendar_Events_Creation/Block/Page_Calendar/a_Save")): Object: 'Object Repository/Specific Cases Repository/LS/Home/Calendar/Calendar_Events/Calendar_Events_Creation/Block/Page_Calendar/a_Save' is clicked on

12-11-2024T16:04:37 - [MESSAGE][PASSED] - Object: 'Object Repository/Specific Cases Repository/LS/Home/Calendar/Calendar_Events/Calendar_Events_Creation/Block/Page_Calendar/a_Save' is clicked on

12-11-2024T16:04:37 - [TEST_STEP][PASSED] - click(findTestObject("Specific Cases Repository/LS/Home/Calendar/Calendar_Events/Calendar_Events_Creation/Appointment/Page_Calendar/Previus Week Arrow")): Object: 'Object Repository/Specific Cases Repository/LS/Home/Calendar/Calendar_Events/Calendar_Events_Creation/Appointment/Page_Calendar/Previus Week Arrow' is clicked on

12-11-2024T16:04:39 - [MESSAGE][PASSED] - Object: 'Object Repository/Specific Cases Repository/LS/Home/Calendar/Calendar_Events/Calendar_Events_Creation/Appointment/Page_Calendar/Previus Week Arrow' is clicked on

12-11-2024T16:04:39 - [TEST_STEP][PASSED] - mouseOver(findTestObject("Specific Cases Repository/LS/Home/Calendar/Calendar_Events/Calendar_Events_Creation/Block/Page_Calendar/a_Blocked for Automation Block - Past")): Object: 'Object Repository/Specific Cases Repository/LS/Home/Calendar/Calendar_Events/Calendar_Events_Creation/Block/Page_Calendar/a_Blocked for Automation Block - Past' is hovered

12-11-2024T16:04:40 - [MESSAGE][PASSED] - Object: 'Object Repository/Specific Cases Repository/LS/Home/Calendar/Calendar_Events/Calendar_Events_Creation/Block/Page_Calendar/a_Blocked for Automation Block - Past' is hovered

12-11-2024T16:04:40 - [TEST_STEP][PASSED] - verifyElementText(findTestObject("Specific Cases Repository/LS/Home/Calendar/Calendar_Events/Calendar_Events_Creation/Block/Page_Calendar/span_Blocked for Past Automation Block"), "Blocked for: Past Automation Block"): Actual text and expected text of test object 'Object Repository/Specific Cases Repository/LS/Home/Calendar/Calendar_Events/Calendar_Events_Creation/Block/Page_Calendar/span_Blocked for Past Automation Block' are matched.

12-11-2024T16:04:40 - [MESSAGE][PASSED] - Actual text and expected text of test object 'Object Repository/Specific Cases Repository/LS/Home/Calendar/Calendar_Events/Calendar_Events_Creation/Block/Page_Calendar/span_Blocked for Past Automation Block' are matched.

12-11-2024T16:04:40 - [TEST_STEP][PASSED] - closeBrowser(): Browser is closed

12-11-2024T16:04:41 - [MESSAGE][PASSED] - Browser is closed]]></system-out>
         <system-err><![CDATA[]]></system-err>
      </testcase>
      <testcase name="Test Cases/Specific Cases/LS/General/Calendar/Events_Creation/Past Events Creation/Past_Calendar_Event" time="25.543" classname="Test Cases/Specific Cases/LS/General/Calendar/Events_Creation/Past Events Creation/Past_Calendar_Event" status="PASSED">
         <system-out><![CDATA[12-11-2024T16:04:41 - [TEST_CASE][PASSED] - Test Cases/Specific Cases/LS/General/Calendar/Events_Creation/Past Events Creation/Past_Calendar_Event: Test Cases/Specific Cases/LS/General/Calendar/Events_Creation/Past Events Creation/Past_Calendar_Event

12-11-2024T16:04:41 - [TEST_STEP][PASSED] - callTestCase(findTestCase("Common Cases/Login"), [:], STOP_ON_FAILURE): Call Test Case 'Test Cases/Common Cases/Login' successfully

12-11-2024T16:04:41 - [TEST_CASE][PASSED] - Test Cases/Common Cases/Login: Test Cases/Common Cases/Login

12-11-2024T16:04:41 - [TEST_STEP][PASSED] - openBrowser(""): Browser is opened with url: ''

12-11-2024T16:04:41 - [MESSAGE][INFO] - Starting 'Chrome' driver

12-11-2024T16:04:41 - [MESSAGE][INFO] - Action delay is set to 0 milliseconds

12-11-2024T16:04:41 - [MESSAGE][PASSED] - Browser is opened with url: ''

12-11-2024T16:04:41 - [TEST_STEP][PASSED] - maximizeWindow(): Current window maximized

12-11-2024T16:04:41 - [MESSAGE][PASSED] - Current window maximized

12-11-2024T16:04:41 - [TEST_STEP][PASSED] - navigateToUrl("https://site17.lsapp.cloud/auth/login"): Navigate to 'https://site17.lsapp.cloud/auth/login' successfully

12-11-2024T16:04:43 - [MESSAGE][PASSED] - Navigate to 'https://site17.lsapp.cloud/auth/login' successfully

12-11-2024T16:04:43 - [TEST_STEP][PASSED] - setText(findTestObject("Object Repository/Common Cases Repository/Login/Page_Lightning Step/input_Email_email"), "automation@lightningstep.com"): Text 'automation@lightningstep.com' is set on object 'Object Repository/Common Cases Repository/Login/Page_Lightning Step/input_Email_email'

12-11-2024T16:04:44 - [MESSAGE][PASSED] - Text 'automation@lightningstep.com' is set on object 'Object Repository/Common Cases Repository/Login/Page_Lightning Step/input_Email_email'

12-11-2024T16:04:44 - [TEST_STEP][PASSED] - setEncryptedText(findTestObject("Object Repository/Common Cases Repository/Login/Page_Lightning Step/input_Password_password"), "e5N8VHmnhJDITtQaQhDQDw=="): Text ****** has been set on object 'Object Repository/Common Cases Repository/Login/Page_Lightning Step/input_Password_password'

12-11-2024T16:04:44 - [MESSAGE][PASSED] - Text ****** has been set on object 'Object Repository/Common Cases Repository/Login/Page_Lightning Step/input_Password_password'

12-11-2024T16:04:44 - [TEST_STEP][PASSED] - click(findTestObject("Object Repository/Common Cases Repository/Login/Page_Lightning Step/button_Sign in")): Object: 'Object Repository/Common Cases Repository/Login/Page_Lightning Step/button_Sign in' is clicked on

12-11-2024T16:04:51 - [MESSAGE][PASSED] - Object: 'Object Repository/Common Cases Repository/Login/Page_Lightning Step/button_Sign in' is clicked on

12-11-2024T16:04:51 - [MESSAGE][PASSED] - Call Test Case 'Test Cases/Common Cases/Login' successfully

12-11-2024T16:04:51 - [TEST_STEP][PASSED] - click(findTestObject("Object Repository/Specific Cases Repository/LS/Home/Calendar/Calendar_Events/Calendar_Events_Creation/Event/Page_Home/a_Calendar")): Object: 'Object Repository/Specific Cases Repository/LS/Home/Calendar/Calendar_Events/Calendar_Events_Creation/Event/Page_Home/a_Calendar' is clicked on

12-11-2024T16:04:55 - [MESSAGE][PASSED] - Object: 'Object Repository/Specific Cases Repository/LS/Home/Calendar/Calendar_Events/Calendar_Events_Creation/Event/Page_Home/a_Calendar' is clicked on

12-11-2024T16:04:55 - [TEST_STEP][PASSED] - click(findTestObject("Object Repository/Specific Cases Repository/LS/Home/Calendar/Calendar_Events/Calendar_Events_Creation/Appointment/Page_Calendar/div_Week")): Object: 'Object Repository/Specific Cases Repository/LS/Home/Calendar/Calendar_Events/Calendar_Events_Creation/Appointment/Page_Calendar/div_Week' is clicked on

12-11-2024T16:04:55 - [MESSAGE][PASSED] - Object: 'Object Repository/Specific Cases Repository/LS/Home/Calendar/Calendar_Events/Calendar_Events_Creation/Appointment/Page_Calendar/div_Week' is clicked on

12-11-2024T16:04:55 - [TEST_STEP][PASSED] - click(findTestObject("Object Repository/Specific Cases Repository/LS/Home/Calendar/Calendar_Events/Calendar_Events_Creation/Event/Page_Calendar/button_Create new")): Object: 'Object Repository/Specific Cases Repository/LS/Home/Calendar/Calendar_Events/Calendar_Events_Creation/Event/Page_Calendar/button_Create new' is clicked on

12-11-2024T16:04:56 - [MESSAGE][PASSED] - Object: 'Object Repository/Specific Cases Repository/LS/Home/Calendar/Calendar_Events/Calendar_Events_Creation/Event/Page_Calendar/button_Create new' is clicked on

12-11-2024T16:04:56 - [TEST_STEP][PASSED] - click(findTestObject("Object Repository/Specific Cases Repository/LS/Home/Calendar/Calendar_Events/Calendar_Events_Creation/Event/Page_Calendar/label_Event")): Object: 'Object Repository/Specific Cases Repository/LS/Home/Calendar/Calendar_Events/Calendar_Events_Creation/Event/Page_Calendar/label_Event' is clicked on

12-11-2024T16:04:57 - [MESSAGE][PASSED] - Object: 'Object Repository/Specific Cases Repository/LS/Home/Calendar/Calendar_Events/Calendar_Events_Creation/Event/Page_Calendar/label_Event' is clicked on

12-11-2024T16:04:57 - [TEST_STEP][PASSED] - setText(findTestObject("Object Repository/Specific Cases Repository/LS/Home/Calendar/Calendar_Events/Calendar_Events_Creation/Event/Page_Calendar/input_Title_title_"), "Past Automation Event"): Text 'Past Automation Event' is set on object 'Object Repository/Specific Cases Repository/LS/Home/Calendar/Calendar_Events/Calendar_Events_Creation/Event/Page_Calendar/input_Title_title_'

12-11-2024T16:04:58 - [MESSAGE][PASSED] - Text 'Past Automation Event' is set on object 'Object Repository/Specific Cases Repository/LS/Home/Calendar/Calendar_Events/Calendar_Events_Creation/Event/Page_Calendar/input_Title_title_'

12-11-2024T16:04:58 - [TEST_STEP][PASSED] - click(findTestObject("Object Repository/Specific Cases Repository/LS/Home/Calendar/Calendar_Events/Calendar_Events_Creation/Appointment/Page_Calendar/Date")): Object: 'Object Repository/Specific Cases Repository/LS/Home/Calendar/Calendar_Events/Calendar_Events_Creation/Appointment/Page_Calendar/Date' is clicked on

12-11-2024T16:04:58 - [MESSAGE][PASSED] - Object: 'Object Repository/Specific Cases Repository/LS/Home/Calendar/Calendar_Events/Calendar_Events_Creation/Appointment/Page_Calendar/Date' is clicked on

12-11-2024T16:04:58 - [TEST_STEP][PASSED] - setText(findTestObject("Object Repository/Specific Cases Repository/LS/Home/Calendar/Calendar_Events/Calendar_Events_Creation/Appointment/Page_Calendar/Date"), Last_Week_Date): Text '11/05/2024' is set on object 'Object Repository/Specific Cases Repository/LS/Home/Calendar/Calendar_Events/Calendar_Events_Creation/Appointment/Page_Calendar/Date'

12-11-2024T16:04:59 - [MESSAGE][PASSED] - Text '11/05/2024' is set on object 'Object Repository/Specific Cases Repository/LS/Home/Calendar/Calendar_Events/Calendar_Events_Creation/Appointment/Page_Calendar/Date'

12-11-2024T16:04:59 - [TEST_STEP][PASSED] - click(findTestObject("Object Repository/Specific Cases Repository/LS/Home/Calendar/Calendar_Events/Calendar_Events_Creation/Appointment/Page_Calendar/Start Time Clock")): Object: 'Object Repository/Specific Cases Repository/LS/Home/Calendar/Calendar_Events/Calendar_Events_Creation/Appointment/Page_Calendar/Start Time Clock' is clicked on

12-11-2024T16:05:00 - [MESSAGE][PASSED] - Object: 'Object Repository/Specific Cases Repository/LS/Home/Calendar/Calendar_Events/Calendar_Events_Creation/Appointment/Page_Calendar/Start Time Clock' is clicked on

12-11-2024T16:05:00 - [TEST_STEP][PASSED] - setText(findTestObject("Object Repository/Specific Cases Repository/LS/Home/Calendar/Calendar_Events/Calendar_Events_Creation/Appointment/Page_Calendar/Start Time Clock"), "1400"): Text '1400' is set on object 'Object Repository/Specific Cases Repository/LS/Home/Calendar/Calendar_Events/Calendar_Events_Creation/Appointment/Page_Calendar/Start Time Clock'

12-11-2024T16:05:01 - [MESSAGE][PASSED] - Text '1400' is set on object 'Object Repository/Specific Cases Repository/LS/Home/Calendar/Calendar_Events/Calendar_Events_Creation/Appointment/Page_Calendar/Start Time Clock'

12-11-2024T16:05:01 - [TEST_STEP][PASSED] - click(findTestObject("Object Repository/Specific Cases Repository/LS/Home/Calendar/Calendar_Events/Calendar_Events_Creation/Event/Page_Calendar/div_Schedule                               _3f20bf")): Object: 'Object Repository/Specific Cases Repository/LS/Home/Calendar/Calendar_Events/Calendar_Events_Creation/Event/Page_Calendar/div_Schedule                               _3f20bf' is clicked on

12-11-2024T16:05:01 - [MESSAGE][PASSED] - Object: 'Object Repository/Specific Cases Repository/LS/Home/Calendar/Calendar_Events/Calendar_Events_Creation/Event/Page_Calendar/div_Schedule                               _3f20bf' is clicked on

12-11-2024T16:05:01 - [TEST_STEP][PASSED] - setText(findTestObject("Object Repository/Specific Cases Repository/LS/Home/Calendar/Calendar_Events/Calendar_Events_Creation/Event/Page_Calendar/input_Notes_notes"), "Past Automation Event Note"): Text 'Past Automation Event Note' is set on object 'Object Repository/Specific Cases Repository/LS/Home/Calendar/Calendar_Events/Calendar_Events_Creation/Event/Page_Calendar/input_Notes_notes'

12-11-2024T16:05:02 - [MESSAGE][PASSED] - Text 'Past Automation Event Note' is set on object 'Object Repository/Specific Cases Repository/LS/Home/Calendar/Calendar_Events/Calendar_Events_Creation/Event/Page_Calendar/input_Notes_notes'

12-11-2024T16:05:02 - [TEST_STEP][PASSED] - click(findTestObject("Object Repository/Specific Cases Repository/LS/Home/Calendar/Calendar_Events/Calendar_Events_Creation/Event/Page_Calendar/a_Save")): Object: 'Object Repository/Specific Cases Repository/LS/Home/Calendar/Calendar_Events/Calendar_Events_Creation/Event/Page_Calendar/a_Save' is clicked on

12-11-2024T16:05:02 - [MESSAGE][PASSED] - Object: 'Object Repository/Specific Cases Repository/LS/Home/Calendar/Calendar_Events/Calendar_Events_Creation/Event/Page_Calendar/a_Save' is clicked on

12-11-2024T16:05:02 - [TEST_STEP][PASSED] - click(findTestObject("Specific Cases Repository/LS/Home/Calendar/Calendar_Events/Calendar_Events_Creation/Appointment/Page_Calendar/Previus Week Arrow")): Object: 'Object Repository/Specific Cases Repository/LS/Home/Calendar/Calendar_Events/Calendar_Events_Creation/Appointment/Page_Calendar/Previus Week Arrow' is clicked on

12-11-2024T16:05:04 - [MESSAGE][PASSED] - Object: 'Object Repository/Specific Cases Repository/LS/Home/Calendar/Calendar_Events/Calendar_Events_Creation/Appointment/Page_Calendar/Previus Week Arrow' is clicked on

12-11-2024T16:05:04 - [TEST_STEP][PASSED] - scrollToElement(findTestObject("Specific Cases Repository/LS/Home/Calendar/Calendar_Events/Calendar_Events_Creation/Event/Page_Calendar/a_Automation Event - Past"), 0): Scroll to object 'Object Repository/Specific Cases Repository/LS/Home/Calendar/Calendar_Events/Calendar_Events_Creation/Event/Page_Calendar/a_Automation Event - Past' successfully

12-11-2024T16:05:04 - [MESSAGE][WARNING] - Timeout '0' is invalid. Using default page load timeout: '30'

12-11-2024T16:05:05 - [MESSAGE][PASSED] - Scroll to object 'Object Repository/Specific Cases Repository/LS/Home/Calendar/Calendar_Events/Calendar_Events_Creation/Event/Page_Calendar/a_Automation Event - Past' successfully

12-11-2024T16:05:05 - [TEST_STEP][PASSED] - mouseOver(findTestObject("Specific Cases Repository/LS/Home/Calendar/Calendar_Events/Calendar_Events_Creation/Event/Page_Calendar/a_Automation Event - Past")): Object: 'Object Repository/Specific Cases Repository/LS/Home/Calendar/Calendar_Events/Calendar_Events_Creation/Event/Page_Calendar/a_Automation Event - Past' is hovered

12-11-2024T16:05:06 - [MESSAGE][PASSED] - Object: 'Object Repository/Specific Cases Repository/LS/Home/Calendar/Calendar_Events/Calendar_Events_Creation/Event/Page_Calendar/a_Automation Event - Past' is hovered

12-11-2024T16:05:06 - [TEST_STEP][PASSED] - verifyElementText(findTestObject("Specific Cases Repository/LS/Home/Calendar/Calendar_Events/Calendar_Events_Creation/Event/Page_Calendar/span_Automation Event - Past"), "Past Automation Event"): Actual text and expected text of test object 'Object Repository/Specific Cases Repository/LS/Home/Calendar/Calendar_Events/Calendar_Events_Creation/Event/Page_Calendar/span_Automation Event - Past' are matched.

12-11-2024T16:05:06 - [MESSAGE][PASSED] - Actual text and expected text of test object 'Object Repository/Specific Cases Repository/LS/Home/Calendar/Calendar_Events/Calendar_Events_Creation/Event/Page_Calendar/span_Automation Event - Past' are matched.

12-11-2024T16:05:06 - [TEST_STEP][PASSED] - closeBrowser(): Browser is closed

12-11-2024T16:05:06 - [MESSAGE][PASSED] - Browser is closed]]></system-out>
         <system-err><![CDATA[]]></system-err>
      </testcase>
      <testcase name="Test Cases/Specific Cases/LS/General/Calendar/Events_Creation/Past Events Creation/Past_Calendar_Groups" time="45.405" classname="Test Cases/Specific Cases/LS/General/Calendar/Events_Creation/Past Events Creation/Past_Calendar_Groups" status="PASSED">
         <system-out><![CDATA[12-11-2024T16:05:06 - [TEST_CASE][PASSED] - Test Cases/Specific Cases/LS/General/Calendar/Events_Creation/Past Events Creation/Past_Calendar_Groups: Test Cases/Specific Cases/LS/General/Calendar/Events_Creation/Past Events Creation/Past_Calendar_Groups

12-11-2024T16:05:06 - [TEST_STEP][PASSED] - callTestCase(findTestCase("Common Cases/Login"), [:], STOP_ON_FAILURE): Call Test Case 'Test Cases/Common Cases/Login' successfully

12-11-2024T16:05:06 - [TEST_CASE][PASSED] - Test Cases/Common Cases/Login: Test Cases/Common Cases/Login

12-11-2024T16:05:06 - [TEST_STEP][PASSED] - openBrowser(""): Browser is opened with url: ''

12-11-2024T16:05:06 - [MESSAGE][INFO] - Starting 'Chrome' driver

12-11-2024T16:05:06 - [MESSAGE][INFO] - Action delay is set to 0 milliseconds

12-11-2024T16:05:07 - [MESSAGE][PASSED] - Browser is opened with url: ''

12-11-2024T16:05:07 - [TEST_STEP][PASSED] - maximizeWindow(): Current window maximized

12-11-2024T16:05:07 - [MESSAGE][PASSED] - Current window maximized

12-11-2024T16:05:07 - [TEST_STEP][PASSED] - navigateToUrl("https://site17.lsapp.cloud/auth/login"): Navigate to 'https://site17.lsapp.cloud/auth/login' successfully

12-11-2024T16:05:08 - [MESSAGE][PASSED] - Navigate to 'https://site17.lsapp.cloud/auth/login' successfully

12-11-2024T16:05:08 - [TEST_STEP][PASSED] - setText(findTestObject("Object Repository/Common Cases Repository/Login/Page_Lightning Step/input_Email_email"), "automation@lightningstep.com"): Text 'automation@lightningstep.com' is set on object 'Object Repository/Common Cases Repository/Login/Page_Lightning Step/input_Email_email'

12-11-2024T16:05:09 - [MESSAGE][PASSED] - Text 'automation@lightningstep.com' is set on object 'Object Repository/Common Cases Repository/Login/Page_Lightning Step/input_Email_email'

12-11-2024T16:05:09 - [TEST_STEP][PASSED] - setEncryptedText(findTestObject("Object Repository/Common Cases Repository/Login/Page_Lightning Step/input_Password_password"), "e5N8VHmnhJDITtQaQhDQDw=="): Text ****** has been set on object 'Object Repository/Common Cases Repository/Login/Page_Lightning Step/input_Password_password'

12-11-2024T16:05:10 - [MESSAGE][PASSED] - Text ****** has been set on object 'Object Repository/Common Cases Repository/Login/Page_Lightning Step/input_Password_password'

12-11-2024T16:05:10 - [TEST_STEP][PASSED] - click(findTestObject("Object Repository/Common Cases Repository/Login/Page_Lightning Step/button_Sign in")): Object: 'Object Repository/Common Cases Repository/Login/Page_Lightning Step/button_Sign in' is clicked on

12-11-2024T16:05:19 - [MESSAGE][PASSED] - Object: 'Object Repository/Common Cases Repository/Login/Page_Lightning Step/button_Sign in' is clicked on

12-11-2024T16:05:19 - [MESSAGE][PASSED] - Call Test Case 'Test Cases/Common Cases/Login' successfully

12-11-2024T16:05:19 - [TEST_STEP][PASSED] - click(findTestObject("Object Repository/Specific Cases Repository/LS/Home/Calendar/Calendar_Events/Calendar_Events_Creation/Group/Page_Home/a_Calendar")): Object: 'Object Repository/Specific Cases Repository/LS/Home/Calendar/Calendar_Events/Calendar_Events_Creation/Group/Page_Home/a_Calendar' is clicked on

12-11-2024T16:05:24 - [MESSAGE][PASSED] - Object: 'Object Repository/Specific Cases Repository/LS/Home/Calendar/Calendar_Events/Calendar_Events_Creation/Group/Page_Home/a_Calendar' is clicked on

12-11-2024T16:05:24 - [TEST_STEP][PASSED] - click(findTestObject("Object Repository/Specific Cases Repository/LS/Home/Calendar/Calendar_Events/Calendar_Events_Creation/Appointment/Page_Calendar/div_Week")): Object: 'Object Repository/Specific Cases Repository/LS/Home/Calendar/Calendar_Events/Calendar_Events_Creation/Appointment/Page_Calendar/div_Week' is clicked on

12-11-2024T16:05:25 - [MESSAGE][PASSED] - Object: 'Object Repository/Specific Cases Repository/LS/Home/Calendar/Calendar_Events/Calendar_Events_Creation/Appointment/Page_Calendar/div_Week' is clicked on

12-11-2024T16:05:25 - [TEST_STEP][PASSED] - click(findTestObject("Object Repository/Specific Cases Repository/LS/Home/Calendar/Calendar_Events/Calendar_Events_Creation/Group/Page_Calendar/button_Create new")): Object: 'Object Repository/Specific Cases Repository/LS/Home/Calendar/Calendar_Events/Calendar_Events_Creation/Group/Page_Calendar/button_Create new' is clicked on

12-11-2024T16:05:25 - [MESSAGE][PASSED] - Object: 'Object Repository/Specific Cases Repository/LS/Home/Calendar/Calendar_Events/Calendar_Events_Creation/Group/Page_Calendar/button_Create new' is clicked on

12-11-2024T16:05:25 - [TEST_STEP][PASSED] - click(findTestObject("Object Repository/Specific Cases Repository/LS/Home/Calendar/Calendar_Events/Calendar_Events_Creation/Group/Page_Calendar/label_Group")): Object: 'Object Repository/Specific Cases Repository/LS/Home/Calendar/Calendar_Events/Calendar_Events_Creation/Group/Page_Calendar/label_Group' is clicked on

12-11-2024T16:05:26 - [MESSAGE][PASSED] - Object: 'Object Repository/Specific Cases Repository/LS/Home/Calendar/Calendar_Events/Calendar_Events_Creation/Group/Page_Calendar/label_Group' is clicked on

12-11-2024T16:05:26 - [TEST_STEP][PASSED] - click(findTestObject("Object Repository/Specific Cases Repository/LS/Home/Calendar/Calendar_Events/Calendar_Events_Creation/Group/Page_Calendar/Groups Selector")): Object: 'Object Repository/Specific Cases Repository/LS/Home/Calendar/Calendar_Events/Calendar_Events_Creation/Group/Page_Calendar/Groups Selector' is clicked on

12-11-2024T16:05:27 - [MESSAGE][PASSED] - Object: 'Object Repository/Specific Cases Repository/LS/Home/Calendar/Calendar_Events/Calendar_Events_Creation/Group/Page_Calendar/Groups Selector' is clicked on

12-11-2024T16:05:27 - [TEST_STEP][PASSED] - click(findTestObject("Object Repository/Specific Cases Repository/LS/Home/Calendar/Calendar_Events/Calendar_Events_Creation/Page_Calendar/a_Cancel")): Object: 'Object Repository/Specific Cases Repository/LS/Home/Calendar/Calendar_Events/Calendar_Events_Creation/Page_Calendar/a_Cancel' is clicked on

12-11-2024T16:05:28 - [MESSAGE][PASSED] - Object: 'Object Repository/Specific Cases Repository/LS/Home/Calendar/Calendar_Events/Calendar_Events_Creation/Page_Calendar/a_Cancel' is clicked on

12-11-2024T16:05:28 - [TEST_STEP][PASSED] - click(findTestObject("Object Repository/Specific Cases Repository/LS/Home/Calendar/Calendar_Events/Calendar_Events_Creation/Group/Page_Calendar/button_Create new")): Object: 'Object Repository/Specific Cases Repository/LS/Home/Calendar/Calendar_Events/Calendar_Events_Creation/Group/Page_Calendar/button_Create new' is clicked on

12-11-2024T16:05:28 - [MESSAGE][PASSED] - Object: 'Object Repository/Specific Cases Repository/LS/Home/Calendar/Calendar_Events/Calendar_Events_Creation/Group/Page_Calendar/button_Create new' is clicked on

12-11-2024T16:05:28 - [TEST_STEP][PASSED] - click(findTestObject("Object Repository/Specific Cases Repository/LS/Home/Calendar/Calendar_Events/Calendar_Events_Creation/Group/Page_Calendar/label_Group")): Object: 'Object Repository/Specific Cases Repository/LS/Home/Calendar/Calendar_Events/Calendar_Events_Creation/Group/Page_Calendar/label_Group' is clicked on

12-11-2024T16:05:29 - [MESSAGE][PASSED] - Object: 'Object Repository/Specific Cases Repository/LS/Home/Calendar/Calendar_Events/Calendar_Events_Creation/Group/Page_Calendar/label_Group' is clicked on

12-11-2024T16:05:29 - [TEST_STEP][PASSED] - click(findTestObject("Object Repository/Specific Cases Repository/LS/Home/Calendar/Calendar_Events/Calendar_Events_Creation/Group/Page_Calendar/label_Group")): Object: 'Object Repository/Specific Cases Repository/LS/Home/Calendar/Calendar_Events/Calendar_Events_Creation/Group/Page_Calendar/label_Group' is clicked on

12-11-2024T16:05:30 - [MESSAGE][PASSED] - Object: 'Object Repository/Specific Cases Repository/LS/Home/Calendar/Calendar_Events/Calendar_Events_Creation/Group/Page_Calendar/label_Group' is clicked on

12-11-2024T16:05:30 - [TEST_STEP][PASSED] - click(findTestObject("Object Repository/Specific Cases Repository/LS/Home/Calendar/Calendar_Events/Calendar_Events_Creation/Group/Page_Calendar/Groups Selector")): Object: 'Object Repository/Specific Cases Repository/LS/Home/Calendar/Calendar_Events/Calendar_Events_Creation/Group/Page_Calendar/Groups Selector' is clicked on

12-11-2024T16:05:31 - [MESSAGE][PASSED] - Object: 'Object Repository/Specific Cases Repository/LS/Home/Calendar/Calendar_Events/Calendar_Events_Creation/Group/Page_Calendar/Groups Selector' is clicked on

12-11-2024T16:05:31 - [TEST_STEP][PASSED] - setText(findTestObject("Object Repository/Specific Cases Repository/LS/Home/Calendar/Calendar_Events/Calendar_Events_Creation/Group/Page_Calendar/input_Loading_select2-search__field"), "1.2"): Text '1.2' is set on object 'Object Repository/Specific Cases Repository/LS/Home/Calendar/Calendar_Events/Calendar_Events_Creation/Group/Page_Calendar/input_Loading_select2-search__field'

12-11-2024T16:05:31 - [MESSAGE][PASSED] - Text '1.2' is set on object 'Object Repository/Specific Cases Repository/LS/Home/Calendar/Calendar_Events/Calendar_Events_Creation/Group/Page_Calendar/input_Loading_select2-search__field'

12-11-2024T16:05:31 - [TEST_STEP][PASSED] - sendKeys(findTestObject("Object Repository/Specific Cases Repository/LS/Home/Calendar/Calendar_Events/Calendar_Events_Creation/Group/Page_Calendar/input_Loading_select2-search__field"), Keys.chord(ENTER)): Keys 'ENTER + ' sent to object: 'Object Repository/Specific Cases Repository/LS/Home/Calendar/Calendar_Events/Calendar_Events_Creation/Group/Page_Calendar/input_Loading_select2-search__field'

12-11-2024T16:05:32 - [MESSAGE][PASSED] - Keys 'ENTER + ' sent to object: 'Object Repository/Specific Cases Repository/LS/Home/Calendar/Calendar_Events/Calendar_Events_Creation/Group/Page_Calendar/input_Loading_select2-search__field'

12-11-2024T16:05:32 - [TEST_STEP][PASSED] - click(findTestObject("Specific Cases Repository/LS/Home/Calendar/Calendar_Events/Calendar_Events_Creation/Group/Page_Calendar/Date Warning")): Object: 'Object Repository/Specific Cases Repository/LS/Home/Calendar/Calendar_Events/Calendar_Events_Creation/Group/Page_Calendar/Date Warning' is clicked on

12-11-2024T16:05:33 - [MESSAGE][PASSED] - Object: 'Object Repository/Specific Cases Repository/LS/Home/Calendar/Calendar_Events/Calendar_Events_Creation/Group/Page_Calendar/Date Warning' is clicked on

12-11-2024T16:05:33 - [TEST_STEP][PASSED] - setText(findTestObject("Object Repository/Specific Cases Repository/LS/Home/Calendar/Calendar_Events/Calendar_Events_Creation/Group/Page_Calendar/input_Title_title_"), "1.2 Automatically Enroll Clients in Selected Location/Program(s) : Select Content"): Text '1.2 Automatically Enroll Clients in Selected Location/Program(s) : Select Content' is set on object 'Object Repository/Specific Cases Repository/LS/Home/Calendar/Calendar_Events/Calendar_Events_Creation/Group/Page_Calendar/input_Title_title_'

12-11-2024T16:05:34 - [MESSAGE][PASSED] - Text '1.2 Automatically Enroll Clients in Selected Location/Program(s) : Select Content' is set on object 'Object Repository/Specific Cases Repository/LS/Home/Calendar/Calendar_Events/Calendar_Events_Creation/Group/Page_Calendar/input_Title_title_'

12-11-2024T16:05:34 - [TEST_STEP][PASSED] - click(findTestObject("Object Repository/Specific Cases Repository/LS/Home/Calendar/Calendar_Events/Calendar_Events_Creation/Group/Page_Calendar/Date")): Object: 'Object Repository/Specific Cases Repository/LS/Home/Calendar/Calendar_Events/Calendar_Events_Creation/Group/Page_Calendar/Date' is clicked on

12-11-2024T16:05:34 - [MESSAGE][PASSED] - Object: 'Object Repository/Specific Cases Repository/LS/Home/Calendar/Calendar_Events/Calendar_Events_Creation/Group/Page_Calendar/Date' is clicked on

12-11-2024T16:05:34 - [TEST_STEP][PASSED] - setText(findTestObject("Object Repository/Specific Cases Repository/LS/Home/Calendar/Calendar_Events/Calendar_Events_Creation/Group/Page_Calendar/Date"), Last_Week_Date): Text '11/05/2024' is set on object 'Object Repository/Specific Cases Repository/LS/Home/Calendar/Calendar_Events/Calendar_Events_Creation/Group/Page_Calendar/Date'

12-11-2024T16:05:34 - [MESSAGE][PASSED] - Text '11/05/2024' is set on object 'Object Repository/Specific Cases Repository/LS/Home/Calendar/Calendar_Events/Calendar_Events_Creation/Group/Page_Calendar/Date'

12-11-2024T16:05:34 - [TEST_STEP][PASSED] - click(findTestObject("Object Repository/Specific Cases Repository/LS/Home/Calendar/Calendar_Events/Calendar_Events_Creation/Group/Page_Calendar/Start Time")): Object: 'Object Repository/Specific Cases Repository/LS/Home/Calendar/Calendar_Events/Calendar_Events_Creation/Group/Page_Calendar/Start Time' is clicked on

12-11-2024T16:05:37 - [MESSAGE][PASSED] - Object: 'Object Repository/Specific Cases Repository/LS/Home/Calendar/Calendar_Events/Calendar_Events_Creation/Group/Page_Calendar/Start Time' is clicked on

12-11-2024T16:05:37 - [TEST_STEP][PASSED] - setText(findTestObject("Object Repository/Specific Cases Repository/LS/Home/Calendar/Calendar_Events/Calendar_Events_Creation/Group/Page_Calendar/Start Time"), "1300"): Text '1300' is set on object 'Object Repository/Specific Cases Repository/LS/Home/Calendar/Calendar_Events/Calendar_Events_Creation/Group/Page_Calendar/Start Time'

12-11-2024T16:05:37 - [MESSAGE][PASSED] - Text '1300' is set on object 'Object Repository/Specific Cases Repository/LS/Home/Calendar/Calendar_Events/Calendar_Events_Creation/Group/Page_Calendar/Start Time'

12-11-2024T16:05:37 - [TEST_STEP][PASSED] - click(findTestObject("Object Repository/Specific Cases Repository/LS/Home/Calendar/Calendar_Events/Calendar_Events_Creation/Group/Page_Calendar/End Time")): Object: 'Object Repository/Specific Cases Repository/LS/Home/Calendar/Calendar_Events/Calendar_Events_Creation/Group/Page_Calendar/End Time' is clicked on

12-11-2024T16:05:38 - [MESSAGE][PASSED] - Object: 'Object Repository/Specific Cases Repository/LS/Home/Calendar/Calendar_Events/Calendar_Events_Creation/Group/Page_Calendar/End Time' is clicked on

12-11-2024T16:05:38 - [TEST_STEP][PASSED] - setText(findTestObject("Object Repository/Specific Cases Repository/LS/Home/Calendar/Calendar_Events/Calendar_Events_Creation/Group/Page_Calendar/End Time"), "1400"): Text '1400' is set on object 'Object Repository/Specific Cases Repository/LS/Home/Calendar/Calendar_Events/Calendar_Events_Creation/Group/Page_Calendar/End Time'

12-11-2024T16:05:39 - [MESSAGE][PASSED] - Text '1400' is set on object 'Object Repository/Specific Cases Repository/LS/Home/Calendar/Calendar_Events/Calendar_Events_Creation/Group/Page_Calendar/End Time'

12-11-2024T16:05:39 - [TEST_STEP][PASSED] - click(findTestObject("Object Repository/Specific Cases Repository/LS/Home/Calendar/Calendar_Events/Calendar_Events_Creation/Group/Page_Calendar/Groups Selector")): Object: 'Object Repository/Specific Cases Repository/LS/Home/Calendar/Calendar_Events/Calendar_Events_Creation/Group/Page_Calendar/Groups Selector' is clicked on

12-11-2024T16:05:40 - [MESSAGE][PASSED] - Object: 'Object Repository/Specific Cases Repository/LS/Home/Calendar/Calendar_Events/Calendar_Events_Creation/Group/Page_Calendar/Groups Selector' is clicked on

12-11-2024T16:05:40 - [TEST_STEP][PASSED] - setText(findTestObject("Object Repository/Specific Cases Repository/LS/Home/Calendar/Calendar_Events/Calendar_Events_Creation/Group/Page_Calendar/input_Loading_select2-search__field"), "1.2"): Text '1.2' is set on object 'Object Repository/Specific Cases Repository/LS/Home/Calendar/Calendar_Events/Calendar_Events_Creation/Group/Page_Calendar/input_Loading_select2-search__field'

12-11-2024T16:05:40 - [MESSAGE][PASSED] - Text '1.2' is set on object 'Object Repository/Specific Cases Repository/LS/Home/Calendar/Calendar_Events/Calendar_Events_Creation/Group/Page_Calendar/input_Loading_select2-search__field'

12-11-2024T16:05:40 - [TEST_STEP][PASSED] - sendKeys(findTestObject("Object Repository/Specific Cases Repository/LS/Home/Calendar/Calendar_Events/Calendar_Events_Creation/Group/Page_Calendar/input_Loading_select2-search__field"), Keys.chord(ENTER)): Keys 'ENTER + ' sent to object: 'Object Repository/Specific Cases Repository/LS/Home/Calendar/Calendar_Events/Calendar_Events_Creation/Group/Page_Calendar/input_Loading_select2-search__field'

12-11-2024T16:05:41 - [MESSAGE][PASSED] - Keys 'ENTER + ' sent to object: 'Object Repository/Specific Cases Repository/LS/Home/Calendar/Calendar_Events/Calendar_Events_Creation/Group/Page_Calendar/input_Loading_select2-search__field'

12-11-2024T16:05:41 - [TEST_STEP][PASSED] - click(findTestObject("Object Repository/Specific Cases Repository/LS/Home/Calendar/Calendar_Events/Calendar_Events_Creation/Group/Page_Calendar/span_Select Clients")): Object: 'Object Repository/Specific Cases Repository/LS/Home/Calendar/Calendar_Events/Calendar_Events_Creation/Group/Page_Calendar/span_Select Clients' is clicked on

12-11-2024T16:05:41 - [MESSAGE][PASSED] - Object: 'Object Repository/Specific Cases Repository/LS/Home/Calendar/Calendar_Events/Calendar_Events_Creation/Group/Page_Calendar/span_Select Clients' is clicked on

12-11-2024T16:05:41 - [TEST_STEP][PASSED] - click(findTestObject("Object Repository/Specific Cases Repository/LS/Home/Calendar/Calendar_Events/Calendar_Events_Creation/Group/Page_Calendar/label_C Automation, C Client MR 24-11008")): Object: 'Object Repository/Specific Cases Repository/LS/Home/Calendar/Calendar_Events/Calendar_Events_Creation/Group/Page_Calendar/label_C Automation, C Client MR 24-11008' is clicked on

12-11-2024T16:05:41 - [MESSAGE][PASSED] - Object: 'Object Repository/Specific Cases Repository/LS/Home/Calendar/Calendar_Events/Calendar_Events_Creation/Group/Page_Calendar/label_C Automation, C Client MR 24-11008' is clicked on

12-11-2024T16:05:41 - [TEST_STEP][PASSED] - click(findTestObject("Object Repository/Specific Cases Repository/LS/Home/Calendar/Calendar_Events/Calendar_Events_Creation/Group/Page_Calendar/label_B Automation, B Client MR 24-11007")): Object: 'Object Repository/Specific Cases Repository/LS/Home/Calendar/Calendar_Events/Calendar_Events_Creation/Group/Page_Calendar/label_B Automation, B Client MR 24-11007' is clicked on

12-11-2024T16:05:42 - [MESSAGE][PASSED] - Object: 'Object Repository/Specific Cases Repository/LS/Home/Calendar/Calendar_Events/Calendar_Events_Creation/Group/Page_Calendar/label_B Automation, B Client MR 24-11007' is clicked on

12-11-2024T16:05:42 - [TEST_STEP][PASSED] - click(findTestObject("Object Repository/Specific Cases Repository/LS/Home/Calendar/Calendar_Events/Calendar_Events_Creation/Group/Page_Calendar/View Enrolled Patients")): Object: 'Object Repository/Specific Cases Repository/LS/Home/Calendar/Calendar_Events/Calendar_Events_Creation/Group/Page_Calendar/View Enrolled Patients' is clicked on

12-11-2024T16:05:43 - [MESSAGE][PASSED] - Object: 'Object Repository/Specific Cases Repository/LS/Home/Calendar/Calendar_Events/Calendar_Events_Creation/Group/Page_Calendar/View Enrolled Patients' is clicked on

12-11-2024T16:05:43 - [TEST_STEP][PASSED] - verifyElementText(findTestObject("Object Repository/Specific Cases Repository/LS/Home/Calendar/Calendar_Events/Calendar_Events_Creation/Group/Page_Calendar/td_C Automation, C Client MR 24-11008"), "C Automation, C Client MR# 24-11008"): Actual text and expected text of test object 'Object Repository/Specific Cases Repository/LS/Home/Calendar/Calendar_Events/Calendar_Events_Creation/Group/Page_Calendar/td_C Automation, C Client MR 24-11008' are matched.

12-11-2024T16:05:43 - [MESSAGE][PASSED] - Actual text and expected text of test object 'Object Repository/Specific Cases Repository/LS/Home/Calendar/Calendar_Events/Calendar_Events_Creation/Group/Page_Calendar/td_C Automation, C Client MR 24-11008' are matched.

12-11-2024T16:05:43 - [TEST_STEP][PASSED] - verifyElementText(findTestObject("Object Repository/Specific Cases Repository/LS/Home/Calendar/Calendar_Events/Calendar_Events_Creation/Group/Page_Calendar/td_B Automation, B Client MR 24-11007"), "B Automation, B Client MR# 24-11007"): Actual text and expected text of test object 'Object Repository/Specific Cases Repository/LS/Home/Calendar/Calendar_Events/Calendar_Events_Creation/Group/Page_Calendar/td_B Automation, B Client MR 24-11007' are matched.

12-11-2024T16:05:43 - [MESSAGE][PASSED] - Actual text and expected text of test object 'Object Repository/Specific Cases Repository/LS/Home/Calendar/Calendar_Events/Calendar_Events_Creation/Group/Page_Calendar/td_B Automation, B Client MR 24-11007' are matched.

12-11-2024T16:05:43 - [TEST_STEP][PASSED] - click(findTestObject("Object Repository/Specific Cases Repository/LS/Home/Calendar/Calendar_Events/Calendar_Events_Creation/Group/Page_Calendar/View Enrolled Patients")): Object: 'Object Repository/Specific Cases Repository/LS/Home/Calendar/Calendar_Events/Calendar_Events_Creation/Group/Page_Calendar/View Enrolled Patients' is clicked on

12-11-2024T16:05:43 - [MESSAGE][PASSED] - Object: 'Object Repository/Specific Cases Repository/LS/Home/Calendar/Calendar_Events/Calendar_Events_Creation/Group/Page_Calendar/View Enrolled Patients' is clicked on

12-11-2024T16:05:43 - [TEST_STEP][PASSED] - scrollToElement(findTestObject("Object Repository/Specific Cases Repository/LS/Home/Calendar/Calendar_Events/Calendar_Events_Creation/Group/Page_Calendar/a_Save"), 0): Scroll to object 'Object Repository/Specific Cases Repository/LS/Home/Calendar/Calendar_Events/Calendar_Events_Creation/Group/Page_Calendar/a_Save' successfully

12-11-2024T16:05:43 - [MESSAGE][WARNING] - Timeout '0' is invalid. Using default page load timeout: '30'

12-11-2024T16:05:44 - [MESSAGE][PASSED] - Scroll to object 'Object Repository/Specific Cases Repository/LS/Home/Calendar/Calendar_Events/Calendar_Events_Creation/Group/Page_Calendar/a_Save' successfully

12-11-2024T16:05:44 - [TEST_STEP][PASSED] - click(findTestObject("Object Repository/Specific Cases Repository/LS/Home/Calendar/Calendar_Events/Calendar_Events_Creation/Group/Page_Calendar/a_Save")): Object: 'Object Repository/Specific Cases Repository/LS/Home/Calendar/Calendar_Events/Calendar_Events_Creation/Group/Page_Calendar/a_Save' is clicked on

12-11-2024T16:05:44 - [MESSAGE][PASSED] - Object: 'Object Repository/Specific Cases Repository/LS/Home/Calendar/Calendar_Events/Calendar_Events_Creation/Group/Page_Calendar/a_Save' is clicked on

12-11-2024T16:05:44 - [TEST_STEP][PASSED] - click(findTestObject("Specific Cases Repository/LS/Home/Calendar/Calendar_Events/Calendar_Events_Creation/Appointment/Page_Calendar/Previus Week Arrow")): Object: 'Object Repository/Specific Cases Repository/LS/Home/Calendar/Calendar_Events/Calendar_Events_Creation/Appointment/Page_Calendar/Previus Week Arrow' is clicked on

12-11-2024T16:05:46 - [MESSAGE][PASSED] - Object: 'Object Repository/Specific Cases Repository/LS/Home/Calendar/Calendar_Events/Calendar_Events_Creation/Appointment/Page_Calendar/Previus Week Arrow' is clicked on

12-11-2024T16:05:46 - [TEST_STEP][PASSED] - waitForPageLoad(30): Wait for page load successfully

12-11-2024T16:05:46 - [MESSAGE][PASSED] - Wait for page load successfully

12-11-2024T16:05:46 - [TEST_STEP][PASSED] - click(findTestObject("Specific Cases Repository/LS/Home/Calendar/Calendar_Events/Calendar_Events_Creation/Group/Page_Calendar/Calendar Event - Past")): Object: 'Object Repository/Specific Cases Repository/LS/Home/Calendar/Calendar_Events/Calendar_Events_Creation/Group/Page_Calendar/Calendar Event - Past' is clicked on

12-11-2024T16:05:47 - [MESSAGE][PASSED] - Object: 'Object Repository/Specific Cases Repository/LS/Home/Calendar/Calendar_Events/Calendar_Events_Creation/Group/Page_Calendar/Calendar Event - Past' is clicked on

12-11-2024T16:05:47 - [TEST_STEP][PASSED] - setText(findTestObject("Object Repository/Specific Cases Repository/LS/Home/Calendar/Calendar_Events/Calendar_Events_Creation/Group/Page_Calendar/input_Title_title_edit"), "Past Automation Test 1.2 Automatically Enroll Clients in Selected Location/Program(s)"): Text 'Past Automation Test 1.2 Automatically Enroll Clients in Selected Location/Program(s)' is set on object 'Object Repository/Specific Cases Repository/LS/Home/Calendar/Calendar_Events/Calendar_Events_Creation/Group/Page_Calendar/input_Title_title_edit'

12-11-2024T16:05:48 - [MESSAGE][PASSED] - Text 'Past Automation Test 1.2 Automatically Enroll Clients in Selected Location/Program(s)' is set on object 'Object Repository/Specific Cases Repository/LS/Home/Calendar/Calendar_Events/Calendar_Events_Creation/Group/Page_Calendar/input_Title_title_edit'

12-11-2024T16:05:48 - [TEST_STEP][PASSED] - verifyElementText(findTestObject("Object Repository/Specific Cases Repository/LS/Home/Calendar/Calendar_Events/Calendar_Events_Creation/Group/Page_Calendar/label_Start Group Session"), "Start Group Session"): Actual text and expected text of test object 'Object Repository/Specific Cases Repository/LS/Home/Calendar/Calendar_Events/Calendar_Events_Creation/Group/Page_Calendar/label_Start Group Session' are matched.

12-11-2024T16:05:49 - [MESSAGE][PASSED] - Actual text and expected text of test object 'Object Repository/Specific Cases Repository/LS/Home/Calendar/Calendar_Events/Calendar_Events_Creation/Group/Page_Calendar/label_Start Group Session' are matched.

12-11-2024T16:05:49 - [TEST_STEP][PASSED] - verifyElementPresent(findTestObject("Object Repository/Specific Cases Repository/LS/Home/Calendar/Calendar_Events/Calendar_Events_Creation/Group/Page_Calendar/input_Start Group Session_isdocumentedgroup"), 0): Object 'Object Repository/Specific Cases Repository/LS/Home/Calendar/Calendar_Events/Calendar_Events_Creation/Group/Page_Calendar/input_Start Group Session_isdocumentedgroup' is present

12-11-2024T16:05:49 - [MESSAGE][WARNING] - Timeout '0' is invalid. Using default page load timeout: '30'

12-11-2024T16:05:49 - [MESSAGE][PASSED] - Object 'Object Repository/Specific Cases Repository/LS/Home/Calendar/Calendar_Events/Calendar_Events_Creation/Group/Page_Calendar/input_Start Group Session_isdocumentedgroup' is present

12-11-2024T16:05:49 - [TEST_STEP][PASSED] - click(findTestObject("Object Repository/Specific Cases Repository/LS/Home/Calendar/Calendar_Events/Calendar_Events_Creation/Group/Page_Calendar/a_Save Revision")): Object: 'Object Repository/Specific Cases Repository/LS/Home/Calendar/Calendar_Events/Calendar_Events_Creation/Group/Page_Calendar/a_Save Revision' is clicked on

12-11-2024T16:05:49 - [MESSAGE][PASSED] - Object: 'Object Repository/Specific Cases Repository/LS/Home/Calendar/Calendar_Events/Calendar_Events_Creation/Group/Page_Calendar/a_Save Revision' is clicked on

12-11-2024T16:05:49 - [TEST_STEP][PASSED] - mouseOver(findTestObject("Specific Cases Repository/LS/Home/Calendar/Calendar_Events/Calendar_Events_Creation/Group/Page_Calendar/Calendar Event - Past")): Object: 'Object Repository/Specific Cases Repository/LS/Home/Calendar/Calendar_Events/Calendar_Events_Creation/Group/Page_Calendar/Calendar Event - Past' is hovered

12-11-2024T16:05:51 - [MESSAGE][PASSED] - Object: 'Object Repository/Specific Cases Repository/LS/Home/Calendar/Calendar_Events/Calendar_Events_Creation/Group/Page_Calendar/Calendar Event - Past' is hovered

12-11-2024T16:05:51 - [TEST_STEP][PASSED] - verifyElementText(findTestObject("Specific Cases Repository/LS/Home/Calendar/Calendar_Events/Calendar_Events_Creation/Group/Page_Calendar/span_Automation Test 1.2 Automatically Enro_f39ad6 - Past"), "Past Automation Test 1.2 Automatically Enroll Clients in Selected Location/Program(s)"): Actual text and expected text of test object 'Object Repository/Specific Cases Repository/LS/Home/Calendar/Calendar_Events/Calendar_Events_Creation/Group/Page_Calendar/span_Automation Test 1.2 Automatically Enro_f39ad6 - Past' are matched.

12-11-2024T16:05:51 - [MESSAGE][PASSED] - Actual text and expected text of test object 'Object Repository/Specific Cases Repository/LS/Home/Calendar/Calendar_Events/Calendar_Events_Creation/Group/Page_Calendar/span_Automation Test 1.2 Automatically Enro_f39ad6 - Past' are matched.

12-11-2024T16:05:51 - [TEST_STEP][PASSED] - closeBrowser(): Browser is closed

12-11-2024T16:05:52 - [MESSAGE][PASSED] - Browser is closed]]></system-out>
         <system-err><![CDATA[]]></system-err>
      </testcase>
      <testcase name="Test Cases/Specific Cases/LS/General/Calendar/Events_Creation/Present Events Creation/Calendar_Appointment" time="46.813" classname="Test Cases/Specific Cases/LS/General/Calendar/Events_Creation/Present Events Creation/Calendar_Appointment" status="PASSED">
         <system-out><![CDATA[12-11-2024T16:05:52 - [TEST_CASE][PASSED] - Test Cases/Specific Cases/LS/General/Calendar/Events_Creation/Present Events Creation/Calendar_Appointment: Test Cases/Specific Cases/LS/General/Calendar/Events_Creation/Present Events Creation/Calendar_Appointment

12-11-2024T16:05:52 - [TEST_STEP][PASSED] - callTestCase(findTestCase("Common Cases/Login"), [:], STOP_ON_FAILURE): Call Test Case 'Test Cases/Common Cases/Login' successfully

12-11-2024T16:05:52 - [TEST_CASE][PASSED] - Test Cases/Common Cases/Login: Test Cases/Common Cases/Login

12-11-2024T16:05:52 - [TEST_STEP][PASSED] - openBrowser(""): Browser is opened with url: ''

12-11-2024T16:05:52 - [MESSAGE][INFO] - Starting 'Chrome' driver

12-11-2024T16:05:52 - [MESSAGE][INFO] - Action delay is set to 0 milliseconds

12-11-2024T16:05:52 - [MESSAGE][PASSED] - Browser is opened with url: ''

12-11-2024T16:05:52 - [TEST_STEP][PASSED] - maximizeWindow(): Current window maximized

12-11-2024T16:05:52 - [MESSAGE][PASSED] - Current window maximized

12-11-2024T16:05:52 - [TEST_STEP][PASSED] - navigateToUrl("https://site17.lsapp.cloud/auth/login"): Navigate to 'https://site17.lsapp.cloud/auth/login' successfully

12-11-2024T16:05:54 - [MESSAGE][PASSED] - Navigate to 'https://site17.lsapp.cloud/auth/login' successfully

12-11-2024T16:05:54 - [TEST_STEP][PASSED] - setText(findTestObject("Object Repository/Common Cases Repository/Login/Page_Lightning Step/input_Email_email"), "automation@lightningstep.com"): Text 'automation@lightningstep.com' is set on object 'Object Repository/Common Cases Repository/Login/Page_Lightning Step/input_Email_email'

12-11-2024T16:05:55 - [MESSAGE][PASSED] - Text 'automation@lightningstep.com' is set on object 'Object Repository/Common Cases Repository/Login/Page_Lightning Step/input_Email_email'

12-11-2024T16:05:55 - [TEST_STEP][PASSED] - setEncryptedText(findTestObject("Object Repository/Common Cases Repository/Login/Page_Lightning Step/input_Password_password"), "e5N8VHmnhJDITtQaQhDQDw=="): Text ****** has been set on object 'Object Repository/Common Cases Repository/Login/Page_Lightning Step/input_Password_password'

12-11-2024T16:05:55 - [MESSAGE][PASSED] - Text ****** has been set on object 'Object Repository/Common Cases Repository/Login/Page_Lightning Step/input_Password_password'

12-11-2024T16:05:55 - [TEST_STEP][PASSED] - click(findTestObject("Object Repository/Common Cases Repository/Login/Page_Lightning Step/button_Sign in")): Object: 'Object Repository/Common Cases Repository/Login/Page_Lightning Step/button_Sign in' is clicked on

12-11-2024T16:06:00 - [MESSAGE][PASSED] - Object: 'Object Repository/Common Cases Repository/Login/Page_Lightning Step/button_Sign in' is clicked on

12-11-2024T16:06:00 - [MESSAGE][PASSED] - Call Test Case 'Test Cases/Common Cases/Login' successfully

12-11-2024T16:06:00 - [TEST_STEP][PASSED] - click(findTestObject("Object Repository/Specific Cases Repository/LS/Home/Calendar/Calendar_Events/Calendar_Events_Creation/Page_Home/a_Calendar")): Object: 'Object Repository/Specific Cases Repository/LS/Home/Calendar/Calendar_Events/Calendar_Events_Creation/Page_Home/a_Calendar' is clicked on

12-11-2024T16:06:04 - [MESSAGE][PASSED] - Object: 'Object Repository/Specific Cases Repository/LS/Home/Calendar/Calendar_Events/Calendar_Events_Creation/Page_Home/a_Calendar' is clicked on

12-11-2024T16:06:04 - [TEST_STEP][PASSED] - click(findTestObject("Object Repository/Specific Cases Repository/LS/Home/Calendar/Calendar_Events/Calendar_Events_Creation/Appointment/Page_Calendar/div_Week")): Object: 'Object Repository/Specific Cases Repository/LS/Home/Calendar/Calendar_Events/Calendar_Events_Creation/Appointment/Page_Calendar/div_Week' is clicked on

12-11-2024T16:06:05 - [MESSAGE][PASSED] - Object: 'Object Repository/Specific Cases Repository/LS/Home/Calendar/Calendar_Events/Calendar_Events_Creation/Appointment/Page_Calendar/div_Week' is clicked on

12-11-2024T16:06:05 - [TEST_STEP][PASSED] - click(findTestObject("Object Repository/Specific Cases Repository/LS/Home/Calendar/Calendar_Events/Calendar_Events_Creation/Appointment/Page_Calendar/button_Create new")): Object: 'Object Repository/Specific Cases Repository/LS/Home/Calendar/Calendar_Events/Calendar_Events_Creation/Appointment/Page_Calendar/button_Create new' is clicked on

12-11-2024T16:06:06 - [MESSAGE][PASSED] - Object: 'Object Repository/Specific Cases Repository/LS/Home/Calendar/Calendar_Events/Calendar_Events_Creation/Appointment/Page_Calendar/button_Create new' is clicked on

12-11-2024T16:06:06 - [TEST_STEP][PASSED] - click(findTestObject("Object Repository/Specific Cases Repository/LS/Home/Calendar/Calendar_Events/Calendar_Events_Creation/Appointment/Page_Calendar/label_Appointment")): Object: 'Object Repository/Specific Cases Repository/LS/Home/Calendar/Calendar_Events/Calendar_Events_Creation/Appointment/Page_Calendar/label_Appointment' is clicked on

12-11-2024T16:06:07 - [MESSAGE][PASSED] - Object: 'Object Repository/Specific Cases Repository/LS/Home/Calendar/Calendar_Events/Calendar_Events_Creation/Appointment/Page_Calendar/label_Appointment' is clicked on

12-11-2024T16:06:07 - [TEST_STEP][PASSED] - click(findTestObject("Object Repository/Specific Cases Repository/LS/Home/Calendar/Calendar_Events/Calendar_Events_Creation/Appointment/Page_Calendar/span_Select Client")): Object: 'Object Repository/Specific Cases Repository/LS/Home/Calendar/Calendar_Events/Calendar_Events_Creation/Appointment/Page_Calendar/span_Select Client' is clicked on

12-11-2024T16:06:07 - [MESSAGE][PASSED] - Object: 'Object Repository/Specific Cases Repository/LS/Home/Calendar/Calendar_Events/Calendar_Events_Creation/Appointment/Page_Calendar/span_Select Client' is clicked on

12-11-2024T16:06:07 - [TEST_STEP][PASSED] - click(findTestObject("Object Repository/Specific Cases Repository/LS/Home/Calendar/Calendar_Events/Calendar_Events_Creation/Page_Calendar/a_Cancel")): Object: 'Object Repository/Specific Cases Repository/LS/Home/Calendar/Calendar_Events/Calendar_Events_Creation/Page_Calendar/a_Cancel' is clicked on

12-11-2024T16:06:08 - [MESSAGE][PASSED] - Object: 'Object Repository/Specific Cases Repository/LS/Home/Calendar/Calendar_Events/Calendar_Events_Creation/Page_Calendar/a_Cancel' is clicked on

12-11-2024T16:06:08 - [TEST_STEP][PASSED] - click(findTestObject("Object Repository/Specific Cases Repository/LS/Home/Calendar/Calendar_Events/Calendar_Events_Creation/Appointment/Page_Calendar/button_Create new")): Object: 'Object Repository/Specific Cases Repository/LS/Home/Calendar/Calendar_Events/Calendar_Events_Creation/Appointment/Page_Calendar/button_Create new' is clicked on

12-11-2024T16:06:08 - [MESSAGE][PASSED] - Object: 'Object Repository/Specific Cases Repository/LS/Home/Calendar/Calendar_Events/Calendar_Events_Creation/Appointment/Page_Calendar/button_Create new' is clicked on

12-11-2024T16:06:08 - [TEST_STEP][PASSED] - click(findTestObject("Object Repository/Specific Cases Repository/LS/Home/Calendar/Calendar_Events/Calendar_Events_Creation/Appointment/Page_Calendar/label_Appointment")): Object: 'Object Repository/Specific Cases Repository/LS/Home/Calendar/Calendar_Events/Calendar_Events_Creation/Appointment/Page_Calendar/label_Appointment' is clicked on

12-11-2024T16:06:09 - [MESSAGE][PASSED] - Object: 'Object Repository/Specific Cases Repository/LS/Home/Calendar/Calendar_Events/Calendar_Events_Creation/Appointment/Page_Calendar/label_Appointment' is clicked on

12-11-2024T16:06:09 - [TEST_STEP][PASSED] - click(findTestObject("Object Repository/Specific Cases Repository/LS/Home/Calendar/Calendar_Events/Calendar_Events_Creation/Appointment/Page_Calendar/label_Appointment")): Object: 'Object Repository/Specific Cases Repository/LS/Home/Calendar/Calendar_Events/Calendar_Events_Creation/Appointment/Page_Calendar/label_Appointment' is clicked on

12-11-2024T16:06:09 - [MESSAGE][PASSED] - Object: 'Object Repository/Specific Cases Repository/LS/Home/Calendar/Calendar_Events/Calendar_Events_Creation/Appointment/Page_Calendar/label_Appointment' is clicked on

12-11-2024T16:06:09 - [TEST_STEP][PASSED] - click(findTestObject("Object Repository/Specific Cases Repository/LS/Home/Calendar/Calendar_Events/Calendar_Events_Creation/Appointment/Page_Calendar/span_Select Client")): Object: 'Object Repository/Specific Cases Repository/LS/Home/Calendar/Calendar_Events/Calendar_Events_Creation/Appointment/Page_Calendar/span_Select Client' is clicked on

12-11-2024T16:06:10 - [MESSAGE][PASSED] - Object: 'Object Repository/Specific Cases Repository/LS/Home/Calendar/Calendar_Events/Calendar_Events_Creation/Appointment/Page_Calendar/span_Select Client' is clicked on

12-11-2024T16:06:10 - [TEST_STEP][PASSED] - setText(findTestObject("Object Repository/Specific Cases Repository/LS/Home/Calendar/Calendar_Events/Calendar_Events_Creation/Appointment/Page_Calendar/Patien Name"), "A Auto"): Text 'A Auto' is set on object 'Object Repository/Specific Cases Repository/LS/Home/Calendar/Calendar_Events/Calendar_Events_Creation/Appointment/Page_Calendar/Patien Name'

12-11-2024T16:06:11 - [MESSAGE][PASSED] - Text 'A Auto' is set on object 'Object Repository/Specific Cases Repository/LS/Home/Calendar/Calendar_Events/Calendar_Events_Creation/Appointment/Page_Calendar/Patien Name'

12-11-2024T16:06:11 - [TEST_STEP][PASSED] - sendKeys(findTestObject("Object Repository/Specific Cases Repository/LS/Home/Calendar/Calendar_Events/Calendar_Events_Creation/Appointment/Page_Calendar/Patien Name"), Keys.chord(ENTER)): Keys 'ENTER + ' sent to object: 'Object Repository/Specific Cases Repository/LS/Home/Calendar/Calendar_Events/Calendar_Events_Creation/Appointment/Page_Calendar/Patien Name'

12-11-2024T16:06:11 - [MESSAGE][PASSED] - Keys 'ENTER + ' sent to object: 'Object Repository/Specific Cases Repository/LS/Home/Calendar/Calendar_Events/Calendar_Events_Creation/Appointment/Page_Calendar/Patien Name'

12-11-2024T16:06:11 - [TEST_STEP][PASSED] - click(findTestObject("Object Repository/Specific Cases Repository/LS/Home/Calendar/Calendar_Events/Calendar_Events_Creation/Appointment/Page_Calendar/span_Select Service")): Object: 'Object Repository/Specific Cases Repository/LS/Home/Calendar/Calendar_Events/Calendar_Events_Creation/Appointment/Page_Calendar/span_Select Service' is clicked on

12-11-2024T16:06:13 - [MESSAGE][PASSED] - Object: 'Object Repository/Specific Cases Repository/LS/Home/Calendar/Calendar_Events/Calendar_Events_Creation/Appointment/Page_Calendar/span_Select Service' is clicked on

12-11-2024T16:06:13 - [TEST_STEP][PASSED] - setText(findTestObject("Object Repository/Specific Cases Repository/LS/Home/Calendar/Calendar_Events/Calendar_Events_Creation/Appointment/Page_Calendar/Patien Name"), "5 "): Text '5 ' is set on object 'Object Repository/Specific Cases Repository/LS/Home/Calendar/Calendar_Events/Calendar_Events_Creation/Appointment/Page_Calendar/Patien Name'

12-11-2024T16:06:13 - [MESSAGE][PASSED] - Text '5 ' is set on object 'Object Repository/Specific Cases Repository/LS/Home/Calendar/Calendar_Events/Calendar_Events_Creation/Appointment/Page_Calendar/Patien Name'

12-11-2024T16:06:13 - [TEST_STEP][PASSED] - sendKeys(findTestObject("Object Repository/Specific Cases Repository/LS/Home/Calendar/Calendar_Events/Calendar_Events_Creation/Appointment/Page_Calendar/Patien Name"), Keys.chord(ENTER)): Keys 'ENTER + ' sent to object: 'Object Repository/Specific Cases Repository/LS/Home/Calendar/Calendar_Events/Calendar_Events_Creation/Appointment/Page_Calendar/Patien Name'

12-11-2024T16:06:14 - [MESSAGE][PASSED] - Keys 'ENTER + ' sent to object: 'Object Repository/Specific Cases Repository/LS/Home/Calendar/Calendar_Events/Calendar_Events_Creation/Appointment/Page_Calendar/Patien Name'

12-11-2024T16:06:14 - [TEST_STEP][PASSED] - click(findTestObject("Object Repository/Specific Cases Repository/LS/Home/Calendar/Calendar_Events/Calendar_Events_Creation/Appointment/Page_Calendar/input_Title_title_")): Object: 'Object Repository/Specific Cases Repository/LS/Home/Calendar/Calendar_Events/Calendar_Events_Creation/Appointment/Page_Calendar/input_Title_title_' is clicked on

12-11-2024T16:06:14 - [MESSAGE][PASSED] - Object: 'Object Repository/Specific Cases Repository/LS/Home/Calendar/Calendar_Events/Calendar_Events_Creation/Appointment/Page_Calendar/input_Title_title_' is clicked on

12-11-2024T16:06:14 - [TEST_STEP][PASSED] - setText(findTestObject("Object Repository/Specific Cases Repository/LS/Home/Calendar/Calendar_Events/Calendar_Events_Creation/Appointment/Page_Calendar/input_Title_title_"), "Automation Test with A Automation, A Client MR# 24-11006: 5 Panel Drug Screen"): Text 'Automation Test with A Automation, A Client MR# 24-11006: 5 Panel Drug Screen' is set on object 'Object Repository/Specific Cases Repository/LS/Home/Calendar/Calendar_Events/Calendar_Events_Creation/Appointment/Page_Calendar/input_Title_title_'

12-11-2024T16:06:15 - [MESSAGE][PASSED] - Text 'Automation Test with A Automation, A Client MR# 24-11006: 5 Panel Drug Screen' is set on object 'Object Repository/Specific Cases Repository/LS/Home/Calendar/Calendar_Events/Calendar_Events_Creation/Appointment/Page_Calendar/input_Title_title_'

12-11-2024T16:06:15 - [TEST_STEP][PASSED] - click(findTestObject("Object Repository/Specific Cases Repository/LS/Home/Calendar/Calendar_Events/Calendar_Events_Creation/Appointment/Page_Calendar/Date")): Object: 'Object Repository/Specific Cases Repository/LS/Home/Calendar/Calendar_Events/Calendar_Events_Creation/Appointment/Page_Calendar/Date' is clicked on

12-11-2024T16:06:15 - [MESSAGE][PASSED] - Object: 'Object Repository/Specific Cases Repository/LS/Home/Calendar/Calendar_Events/Calendar_Events_Creation/Appointment/Page_Calendar/Date' is clicked on

12-11-2024T16:06:15 - [TEST_STEP][PASSED] - setText(findTestObject("Object Repository/Specific Cases Repository/LS/Home/Calendar/Calendar_Events/Calendar_Events_Creation/Appointment/Page_Calendar/Date"), Todays_Date): Text '11/12/2024' is set on object 'Object Repository/Specific Cases Repository/LS/Home/Calendar/Calendar_Events/Calendar_Events_Creation/Appointment/Page_Calendar/Date'

12-11-2024T16:06:16 - [MESSAGE][PASSED] - Text '11/12/2024' is set on object 'Object Repository/Specific Cases Repository/LS/Home/Calendar/Calendar_Events/Calendar_Events_Creation/Appointment/Page_Calendar/Date'

12-11-2024T16:06:16 - [TEST_STEP][PASSED] - click(findTestObject("Object Repository/Specific Cases Repository/LS/Home/Calendar/Calendar_Events/Calendar_Events_Creation/Appointment/Page_Calendar/Start Time Clock")): Object: 'Object Repository/Specific Cases Repository/LS/Home/Calendar/Calendar_Events/Calendar_Events_Creation/Appointment/Page_Calendar/Start Time Clock' is clicked on

12-11-2024T16:06:17 - [MESSAGE][PASSED] - Object: 'Object Repository/Specific Cases Repository/LS/Home/Calendar/Calendar_Events/Calendar_Events_Creation/Appointment/Page_Calendar/Start Time Clock' is clicked on

12-11-2024T16:06:17 - [TEST_STEP][PASSED] - setText(findTestObject("Object Repository/Specific Cases Repository/LS/Home/Calendar/Calendar_Events/Calendar_Events_Creation/Appointment/Page_Calendar/Start Time Clock"), "1500"): Text '1500' is set on object 'Object Repository/Specific Cases Repository/LS/Home/Calendar/Calendar_Events/Calendar_Events_Creation/Appointment/Page_Calendar/Start Time Clock'

12-11-2024T16:06:18 - [MESSAGE][PASSED] - Text '1500' is set on object 'Object Repository/Specific Cases Repository/LS/Home/Calendar/Calendar_Events/Calendar_Events_Creation/Appointment/Page_Calendar/Start Time Clock'

12-11-2024T16:06:18 - [TEST_STEP][PASSED] - click(findTestObject("Object Repository/Specific Cases Repository/LS/Home/Calendar/Calendar_Events/Calendar_Events_Creation/Appointment/Page_Calendar/End Time Clock")): Object: 'Object Repository/Specific Cases Repository/LS/Home/Calendar/Calendar_Events/Calendar_Events_Creation/Appointment/Page_Calendar/End Time Clock' is clicked on

12-11-2024T16:06:19 - [MESSAGE][PASSED] - Object: 'Object Repository/Specific Cases Repository/LS/Home/Calendar/Calendar_Events/Calendar_Events_Creation/Appointment/Page_Calendar/End Time Clock' is clicked on

12-11-2024T16:06:19 - [TEST_STEP][PASSED] - setText(findTestObject("Object Repository/Specific Cases Repository/LS/Home/Calendar/Calendar_Events/Calendar_Events_Creation/Appointment/Page_Calendar/End Time Clock"), "1600"): Text '1600' is set on object 'Object Repository/Specific Cases Repository/LS/Home/Calendar/Calendar_Events/Calendar_Events_Creation/Appointment/Page_Calendar/End Time Clock'

12-11-2024T16:06:20 - [MESSAGE][PASSED] - Text '1600' is set on object 'Object Repository/Specific Cases Repository/LS/Home/Calendar/Calendar_Events/Calendar_Events_Creation/Appointment/Page_Calendar/End Time Clock'

12-11-2024T16:06:20 - [TEST_STEP][PASSED] - setText(findTestObject("Object Repository/Specific Cases Repository/LS/Home/Calendar/Calendar_Events/Calendar_Events_Creation/Appointment/Page_Calendar/input_Notes_notes"), "Automation Test Note"): Text 'Automation Test Note' is set on object 'Object Repository/Specific Cases Repository/LS/Home/Calendar/Calendar_Events/Calendar_Events_Creation/Appointment/Page_Calendar/input_Notes_notes'

12-11-2024T16:06:21 - [MESSAGE][PASSED] - Text 'Automation Test Note' is set on object 'Object Repository/Specific Cases Repository/LS/Home/Calendar/Calendar_Events/Calendar_Events_Creation/Appointment/Page_Calendar/input_Notes_notes'

12-11-2024T16:06:21 - [TEST_STEP][PASSED] - waitForPageLoad(0): Wait for page load successfully

12-11-2024T16:06:21 - [MESSAGE][WARNING] - Timeout '0' is invalid. Using default page load timeout: '30'

12-11-2024T16:06:21 - [MESSAGE][PASSED] - Wait for page load successfully

12-11-2024T16:06:21 - [TEST_STEP][PASSED] - scrollToElement(findTestObject("Specific Cases Repository/LS/Home/Calendar/Calendar_Events/Calendar_Events_Creation/Appointment/Page_Calendar/a_Save"), 0): Scroll to object 'Object Repository/Specific Cases Repository/LS/Home/Calendar/Calendar_Events/Calendar_Events_Creation/Appointment/Page_Calendar/a_Save' successfully

12-11-2024T16:06:21 - [MESSAGE][WARNING] - Timeout '0' is invalid. Using default page load timeout: '30'

12-11-2024T16:06:21 - [MESSAGE][PASSED] - Scroll to object 'Object Repository/Specific Cases Repository/LS/Home/Calendar/Calendar_Events/Calendar_Events_Creation/Appointment/Page_Calendar/a_Save' successfully

12-11-2024T16:06:21 - [TEST_STEP][PASSED] - click(findTestObject("Specific Cases Repository/LS/Home/Calendar/Calendar_Events/Calendar_Events_Creation/Appointment/Page_Calendar/a_Save")): Object: 'Object Repository/Specific Cases Repository/LS/Home/Calendar/Calendar_Events/Calendar_Events_Creation/Appointment/Page_Calendar/a_Save' is clicked on

12-11-2024T16:06:21 - [MESSAGE][PASSED] - Object: 'Object Repository/Specific Cases Repository/LS/Home/Calendar/Calendar_Events/Calendar_Events_Creation/Appointment/Page_Calendar/a_Save' is clicked on

12-11-2024T16:06:21 - [TEST_STEP][PASSED] - scrollToElement(findTestObject("Object Repository/Specific Cases Repository/LS/Home/Calendar/Calendar_Events/Calendar_Events_Creation/Appointment/Page_Calendar/a_Automation Test with A Automation, A Clie_8f5a4c"), 0): Scroll to object 'Object Repository/Specific Cases Repository/LS/Home/Calendar/Calendar_Events/Calendar_Events_Creation/Appointment/Page_Calendar/a_Automation Test with A Automation, A Clie_8f5a4c' successfully

12-11-2024T16:06:21 - [MESSAGE][WARNING] - Timeout '0' is invalid. Using default page load timeout: '30'

12-11-2024T16:06:23 - [MESSAGE][PASSED] - Scroll to object 'Object Repository/Specific Cases Repository/LS/Home/Calendar/Calendar_Events/Calendar_Events_Creation/Appointment/Page_Calendar/a_Automation Test with A Automation, A Clie_8f5a4c' successfully

12-11-2024T16:06:23 - [TEST_STEP][PASSED] - mouseOver(findTestObject("Object Repository/Specific Cases Repository/LS/Home/Calendar/Calendar_Events/Calendar_Events_Creation/Appointment/Page_Calendar/a_Automation Test with A Automation, A Clie_8f5a4c")): Object: 'Object Repository/Specific Cases Repository/LS/Home/Calendar/Calendar_Events/Calendar_Events_Creation/Appointment/Page_Calendar/a_Automation Test with A Automation, A Clie_8f5a4c' is hovered

12-11-2024T16:06:23 - [MESSAGE][PASSED] - Object: 'Object Repository/Specific Cases Repository/LS/Home/Calendar/Calendar_Events/Calendar_Events_Creation/Appointment/Page_Calendar/a_Automation Test with A Automation, A Clie_8f5a4c' is hovered

12-11-2024T16:06:23 - [TEST_STEP][PASSED] - verifyElementText(findTestObject("Object Repository/Specific Cases Repository/LS/Home/Calendar/Calendar_Events/Calendar_Events_Creation/Appointment/Page_Calendar/span_Automation Test with A Automation, A C_2ccd87"), "Automation Test with A Automation, A Client MR# 24-11006: 5 Panel Drug Screen"): Actual text and expected text of test object 'Object Repository/Specific Cases Repository/LS/Home/Calendar/Calendar_Events/Calendar_Events_Creation/Appointment/Page_Calendar/span_Automation Test with A Automation, A C_2ccd87' are matched.

12-11-2024T16:06:23 - [MESSAGE][PASSED] - Actual text and expected text of test object 'Object Repository/Specific Cases Repository/LS/Home/Calendar/Calendar_Events/Calendar_Events_Creation/Appointment/Page_Calendar/span_Automation Test with A Automation, A C_2ccd87' are matched.

12-11-2024T16:06:23 - [TEST_STEP][PASSED] - click(findTestObject("Object Repository/Specific Cases Repository/LS/Home/Calendar/Calendar_Events/Calendar_Events_Creation/Appointment/Page_Calendar/button_Create new")): Object: 'Object Repository/Specific Cases Repository/LS/Home/Calendar/Calendar_Events/Calendar_Events_Creation/Appointment/Page_Calendar/button_Create new' is clicked on

12-11-2024T16:06:23 - [MESSAGE][PASSED] - Object: 'Object Repository/Specific Cases Repository/LS/Home/Calendar/Calendar_Events/Calendar_Events_Creation/Appointment/Page_Calendar/button_Create new' is clicked on

12-11-2024T16:06:23 - [TEST_STEP][PASSED] - click(findTestObject("Object Repository/Specific Cases Repository/LS/Home/Calendar/Calendar_Events/Calendar_Events_Creation/Appointment/Page_Calendar/label_Appointment")): Object: 'Object Repository/Specific Cases Repository/LS/Home/Calendar/Calendar_Events/Calendar_Events_Creation/Appointment/Page_Calendar/label_Appointment' is clicked on

12-11-2024T16:06:24 - [MESSAGE][PASSED] - Object: 'Object Repository/Specific Cases Repository/LS/Home/Calendar/Calendar_Events/Calendar_Events_Creation/Appointment/Page_Calendar/label_Appointment' is clicked on

12-11-2024T16:06:24 - [TEST_STEP][PASSED] - click(findTestObject("Object Repository/Specific Cases Repository/LS/Home/Calendar/Calendar_Events/Calendar_Events_Creation/Appointment/Page_Calendar/label_Appointment")): Object: 'Object Repository/Specific Cases Repository/LS/Home/Calendar/Calendar_Events/Calendar_Events_Creation/Appointment/Page_Calendar/label_Appointment' is clicked on

12-11-2024T16:06:25 - [MESSAGE][PASSED] - Object: 'Object Repository/Specific Cases Repository/LS/Home/Calendar/Calendar_Events/Calendar_Events_Creation/Appointment/Page_Calendar/label_Appointment' is clicked on

12-11-2024T16:06:25 - [TEST_STEP][PASSED] - click(findTestObject("Object Repository/Specific Cases Repository/LS/Home/Calendar/Calendar_Events/Calendar_Events_Creation/Appointment/Page_Calendar/span_Select Client")): Object: 'Object Repository/Specific Cases Repository/LS/Home/Calendar/Calendar_Events/Calendar_Events_Creation/Appointment/Page_Calendar/span_Select Client' is clicked on

12-11-2024T16:06:26 - [MESSAGE][PASSED] - Object: 'Object Repository/Specific Cases Repository/LS/Home/Calendar/Calendar_Events/Calendar_Events_Creation/Appointment/Page_Calendar/span_Select Client' is clicked on

12-11-2024T16:06:26 - [TEST_STEP][PASSED] - setText(findTestObject("Object Repository/Specific Cases Repository/LS/Home/Calendar/Calendar_Events/Calendar_Events_Creation/Appointment/Page_Calendar/Patien Name"), "A Auto"): Text 'A Auto' is set on object 'Object Repository/Specific Cases Repository/LS/Home/Calendar/Calendar_Events/Calendar_Events_Creation/Appointment/Page_Calendar/Patien Name'

12-11-2024T16:06:26 - [MESSAGE][PASSED] - Text 'A Auto' is set on object 'Object Repository/Specific Cases Repository/LS/Home/Calendar/Calendar_Events/Calendar_Events_Creation/Appointment/Page_Calendar/Patien Name'

12-11-2024T16:06:26 - [TEST_STEP][PASSED] - sendKeys(findTestObject("Object Repository/Specific Cases Repository/LS/Home/Calendar/Calendar_Events/Calendar_Events_Creation/Appointment/Page_Calendar/Patien Name"), Keys.chord(ENTER)): Keys 'ENTER + ' sent to object: 'Object Repository/Specific Cases Repository/LS/Home/Calendar/Calendar_Events/Calendar_Events_Creation/Appointment/Page_Calendar/Patien Name'

12-11-2024T16:06:27 - [MESSAGE][PASSED] - Keys 'ENTER + ' sent to object: 'Object Repository/Specific Cases Repository/LS/Home/Calendar/Calendar_Events/Calendar_Events_Creation/Appointment/Page_Calendar/Patien Name'

12-11-2024T16:06:27 - [TEST_STEP][PASSED] - click(findTestObject("Object Repository/Specific Cases Repository/LS/Home/Calendar/Calendar_Events/Calendar_Events_Creation/Appointment/Page_Calendar/span_Select Service")): Object: 'Object Repository/Specific Cases Repository/LS/Home/Calendar/Calendar_Events/Calendar_Events_Creation/Appointment/Page_Calendar/span_Select Service' is clicked on

12-11-2024T16:06:28 - [MESSAGE][PASSED] - Object: 'Object Repository/Specific Cases Repository/LS/Home/Calendar/Calendar_Events/Calendar_Events_Creation/Appointment/Page_Calendar/span_Select Service' is clicked on

12-11-2024T16:06:28 - [TEST_STEP][PASSED] - setText(findTestObject("Object Repository/Specific Cases Repository/LS/Home/Calendar/Calendar_Events/Calendar_Events_Creation/Appointment/Page_Calendar/Patien Name"), "5 "): Text '5 ' is set on object 'Object Repository/Specific Cases Repository/LS/Home/Calendar/Calendar_Events/Calendar_Events_Creation/Appointment/Page_Calendar/Patien Name'

12-11-2024T16:06:29 - [MESSAGE][PASSED] - Text '5 ' is set on object 'Object Repository/Specific Cases Repository/LS/Home/Calendar/Calendar_Events/Calendar_Events_Creation/Appointment/Page_Calendar/Patien Name'

12-11-2024T16:06:29 - [TEST_STEP][PASSED] - sendKeys(findTestObject("Object Repository/Specific Cases Repository/LS/Home/Calendar/Calendar_Events/Calendar_Events_Creation/Appointment/Page_Calendar/Patien Name"), Keys.chord(ENTER)): Keys 'ENTER + ' sent to object: 'Object Repository/Specific Cases Repository/LS/Home/Calendar/Calendar_Events/Calendar_Events_Creation/Appointment/Page_Calendar/Patien Name'

12-11-2024T16:06:29 - [MESSAGE][PASSED] - Keys 'ENTER + ' sent to object: 'Object Repository/Specific Cases Repository/LS/Home/Calendar/Calendar_Events/Calendar_Events_Creation/Appointment/Page_Calendar/Patien Name'

12-11-2024T16:06:29 - [TEST_STEP][PASSED] - click(findTestObject("Object Repository/Specific Cases Repository/LS/Home/Calendar/Calendar_Events/Calendar_Events_Creation/Appointment/Page_Calendar/input_Title_title_")): Object: 'Object Repository/Specific Cases Repository/LS/Home/Calendar/Calendar_Events/Calendar_Events_Creation/Appointment/Page_Calendar/input_Title_title_' is clicked on

12-11-2024T16:06:30 - [MESSAGE][PASSED] - Object: 'Object Repository/Specific Cases Repository/LS/Home/Calendar/Calendar_Events/Calendar_Events_Creation/Appointment/Page_Calendar/input_Title_title_' is clicked on

12-11-2024T16:06:30 - [TEST_STEP][PASSED] - setText(findTestObject("Object Repository/Specific Cases Repository/LS/Home/Calendar/Calendar_Events/Calendar_Events_Creation/Appointment/Page_Calendar/input_Title_title_"), "Automation Test with A Automation, A Client MR# 24-11006: 5 Panel Drug Screen"): Text 'Automation Test with A Automation, A Client MR# 24-11006: 5 Panel Drug Screen' is set on object 'Object Repository/Specific Cases Repository/LS/Home/Calendar/Calendar_Events/Calendar_Events_Creation/Appointment/Page_Calendar/input_Title_title_'

12-11-2024T16:06:31 - [MESSAGE][PASSED] - Text 'Automation Test with A Automation, A Client MR# 24-11006: 5 Panel Drug Screen' is set on object 'Object Repository/Specific Cases Repository/LS/Home/Calendar/Calendar_Events/Calendar_Events_Creation/Appointment/Page_Calendar/input_Title_title_'

12-11-2024T16:06:31 - [TEST_STEP][PASSED] - click(findTestObject("Object Repository/Specific Cases Repository/LS/Home/Calendar/Calendar_Events/Calendar_Events_Creation/Appointment/Page_Calendar/Date")): Object: 'Object Repository/Specific Cases Repository/LS/Home/Calendar/Calendar_Events/Calendar_Events_Creation/Appointment/Page_Calendar/Date' is clicked on

12-11-2024T16:06:31 - [MESSAGE][PASSED] - Object: 'Object Repository/Specific Cases Repository/LS/Home/Calendar/Calendar_Events/Calendar_Events_Creation/Appointment/Page_Calendar/Date' is clicked on

12-11-2024T16:06:31 - [TEST_STEP][PASSED] - setText(findTestObject("Object Repository/Specific Cases Repository/LS/Home/Calendar/Calendar_Events/Calendar_Events_Creation/Appointment/Page_Calendar/Date"), Todays_Date): Text '11/12/2024' is set on object 'Object Repository/Specific Cases Repository/LS/Home/Calendar/Calendar_Events/Calendar_Events_Creation/Appointment/Page_Calendar/Date'

12-11-2024T16:06:32 - [MESSAGE][PASSED] - Text '11/12/2024' is set on object 'Object Repository/Specific Cases Repository/LS/Home/Calendar/Calendar_Events/Calendar_Events_Creation/Appointment/Page_Calendar/Date'

12-11-2024T16:06:32 - [TEST_STEP][PASSED] - click(findTestObject("Object Repository/Specific Cases Repository/LS/Home/Calendar/Calendar_Events/Calendar_Events_Creation/Appointment/Page_Calendar/Start Time Clock")): Object: 'Object Repository/Specific Cases Repository/LS/Home/Calendar/Calendar_Events/Calendar_Events_Creation/Appointment/Page_Calendar/Start Time Clock' is clicked on

12-11-2024T16:06:33 - [MESSAGE][PASSED] - Object: 'Object Repository/Specific Cases Repository/LS/Home/Calendar/Calendar_Events/Calendar_Events_Creation/Appointment/Page_Calendar/Start Time Clock' is clicked on

12-11-2024T16:06:33 - [TEST_STEP][PASSED] - setText(findTestObject("Object Repository/Specific Cases Repository/LS/Home/Calendar/Calendar_Events/Calendar_Events_Creation/Appointment/Page_Calendar/Start Time Clock"), "1500"): Text '1500' is set on object 'Object Repository/Specific Cases Repository/LS/Home/Calendar/Calendar_Events/Calendar_Events_Creation/Appointment/Page_Calendar/Start Time Clock'

12-11-2024T16:06:33 - [MESSAGE][PASSED] - Text '1500' is set on object 'Object Repository/Specific Cases Repository/LS/Home/Calendar/Calendar_Events/Calendar_Events_Creation/Appointment/Page_Calendar/Start Time Clock'

12-11-2024T16:06:33 - [TEST_STEP][PASSED] - click(findTestObject("Object Repository/Specific Cases Repository/LS/Home/Calendar/Calendar_Events/Calendar_Events_Creation/Appointment/Page_Calendar/End Time Clock")): Object: 'Object Repository/Specific Cases Repository/LS/Home/Calendar/Calendar_Events/Calendar_Events_Creation/Appointment/Page_Calendar/End Time Clock' is clicked on

12-11-2024T16:06:34 - [MESSAGE][PASSED] - Object: 'Object Repository/Specific Cases Repository/LS/Home/Calendar/Calendar_Events/Calendar_Events_Creation/Appointment/Page_Calendar/End Time Clock' is clicked on

12-11-2024T16:06:34 - [TEST_STEP][PASSED] - setText(findTestObject("Object Repository/Specific Cases Repository/LS/Home/Calendar/Calendar_Events/Calendar_Events_Creation/Appointment/Page_Calendar/End Time Clock"), "1600"): Text '1600' is set on object 'Object Repository/Specific Cases Repository/LS/Home/Calendar/Calendar_Events/Calendar_Events_Creation/Appointment/Page_Calendar/End Time Clock'

12-11-2024T16:06:35 - [MESSAGE][PASSED] - Text '1600' is set on object 'Object Repository/Specific Cases Repository/LS/Home/Calendar/Calendar_Events/Calendar_Events_Creation/Appointment/Page_Calendar/End Time Clock'

12-11-2024T16:06:35 - [TEST_STEP][PASSED] - verifyElementPresent(findTestObject("Object Repository/Specific Cases Repository/LS/Home/Calendar/Calendar_Events/Calendar_Events_Creation/Appointment/Page_Calendar/Duplicated appointment message"), 0): Object 'Object Repository/Specific Cases Repository/LS/Home/Calendar/Calendar_Events/Calendar_Events_Creation/Appointment/Page_Calendar/Duplicated appointment message' is present

12-11-2024T16:06:35 - [MESSAGE][WARNING] - Timeout '0' is invalid. Using default page load timeout: '30'

12-11-2024T16:06:35 - [MESSAGE][PASSED] - Object 'Object Repository/Specific Cases Repository/LS/Home/Calendar/Calendar_Events/Calendar_Events_Creation/Appointment/Page_Calendar/Duplicated appointment message' is present

12-11-2024T16:06:35 - [TEST_STEP][PASSED] - verifyElementText(findTestObject("Object Repository/Specific Cases Repository/LS/Home/Calendar/Calendar_Events/Calendar_Events_Creation/Appointment/Page_Calendar/div_This client has another appointment dur_a294bd"), "This client has another appointment during this time range."): Actual text and expected text of test object 'Object Repository/Specific Cases Repository/LS/Home/Calendar/Calendar_Events/Calendar_Events_Creation/Appointment/Page_Calendar/div_This client has another appointment dur_a294bd' are matched.

12-11-2024T16:06:36 - [MESSAGE][PASSED] - Actual text and expected text of test object 'Object Repository/Specific Cases Repository/LS/Home/Calendar/Calendar_Events/Calendar_Events_Creation/Appointment/Page_Calendar/div_This client has another appointment dur_a294bd' are matched.

12-11-2024T16:06:36 - [TEST_STEP][PASSED] - click(findTestObject("Object Repository/Specific Cases Repository/LS/Home/Calendar/Calendar_Events/Calendar_Events_Creation/Appointment/Page_Calendar/Cancel Appointment")): Object: 'Object Repository/Specific Cases Repository/LS/Home/Calendar/Calendar_Events/Calendar_Events_Creation/Appointment/Page_Calendar/Cancel Appointment' is clicked on

12-11-2024T16:06:36 - [MESSAGE][PASSED] - Object: 'Object Repository/Specific Cases Repository/LS/Home/Calendar/Calendar_Events/Calendar_Events_Creation/Appointment/Page_Calendar/Cancel Appointment' is clicked on

12-11-2024T16:06:36 - [TEST_STEP][PASSED] - click(findTestObject("Specific Cases Repository/LS/Home/Calendar/Calendar_Events/Calendar_Events_Creation/Appointment/Page_Calendar/a_Automation Test with A Automation, A Clie_8f5a4c")): Object: 'Object Repository/Specific Cases Repository/LS/Home/Calendar/Calendar_Events/Calendar_Events_Creation/Appointment/Page_Calendar/a_Automation Test with A Automation, A Clie_8f5a4c' is clicked on

12-11-2024T16:06:36 - [MESSAGE][PASSED] - Object: 'Object Repository/Specific Cases Repository/LS/Home/Calendar/Calendar_Events/Calendar_Events_Creation/Appointment/Page_Calendar/a_Automation Test with A Automation, A Clie_8f5a4c' is clicked on

12-11-2024T16:06:36 - [TEST_STEP][PASSED] - verifyElementText(findTestObject("Object Repository/Specific Cases Repository/LS/Home/Calendar/Calendar_Events/Calendar_Events_Creation/Appointment/Page_Calendar/b_Revise Schedule for"), "Revise Schedule for"): Actual text and expected text of test object 'Object Repository/Specific Cases Repository/LS/Home/Calendar/Calendar_Events/Calendar_Events_Creation/Appointment/Page_Calendar/b_Revise Schedule for' are matched.

12-11-2024T16:06:38 - [MESSAGE][PASSED] - Actual text and expected text of test object 'Object Repository/Specific Cases Repository/LS/Home/Calendar/Calendar_Events/Calendar_Events_Creation/Appointment/Page_Calendar/b_Revise Schedule for' are matched.

12-11-2024T16:06:38 - [TEST_STEP][PASSED] - verifyElementText(findTestObject("Object Repository/Specific Cases Repository/LS/Home/Calendar/Calendar_Events/Calendar_Events_Creation/Appointment/Page_Calendar/a_A Client A Automation"), "A Client A Automation"): Actual text and expected text of test object 'Object Repository/Specific Cases Repository/LS/Home/Calendar/Calendar_Events/Calendar_Events_Creation/Appointment/Page_Calendar/a_A Client A Automation' are matched.

12-11-2024T16:06:38 - [MESSAGE][PASSED] - Actual text and expected text of test object 'Object Repository/Specific Cases Repository/LS/Home/Calendar/Calendar_Events/Calendar_Events_Creation/Appointment/Page_Calendar/a_A Client A Automation' are matched.

12-11-2024T16:06:38 - [TEST_STEP][PASSED] - waitForPageLoad(30): Wait for page load successfully

12-11-2024T16:06:38 - [MESSAGE][PASSED] - Wait for page load successfully

12-11-2024T16:06:38 - [TEST_STEP][PASSED] - closeBrowser(): Browser is closed

12-11-2024T16:06:38 - [MESSAGE][PASSED] - Browser is closed]]></system-out>
         <system-err><![CDATA[]]></system-err>
      </testcase>
      <testcase name="Test Cases/Specific Cases/LS/General/Calendar/Events_Creation/Present Events Creation/Calendar_Block" time="37.374" classname="Test Cases/Specific Cases/LS/General/Calendar/Events_Creation/Present Events Creation/Calendar_Block" status="PASSED">
         <system-out><![CDATA[12-11-2024T16:06:38 - [TEST_CASE][PASSED] - Test Cases/Specific Cases/LS/General/Calendar/Events_Creation/Present Events Creation/Calendar_Block: Test Cases/Specific Cases/LS/General/Calendar/Events_Creation/Present Events Creation/Calendar_Block

12-11-2024T16:06:38 - [TEST_STEP][PASSED] - callTestCase(findTestCase("Common Cases/Login"), [:], STOP_ON_FAILURE): Call Test Case 'Test Cases/Common Cases/Login' successfully

12-11-2024T16:06:38 - [TEST_CASE][PASSED] - Test Cases/Common Cases/Login: Test Cases/Common Cases/Login

12-11-2024T16:06:38 - [TEST_STEP][PASSED] - openBrowser(""): Browser is opened with url: ''

12-11-2024T16:06:38 - [MESSAGE][INFO] - Starting 'Chrome' driver

12-11-2024T16:06:38 - [MESSAGE][INFO] - Action delay is set to 0 milliseconds

12-11-2024T16:06:39 - [MESSAGE][PASSED] - Browser is opened with url: ''

12-11-2024T16:06:39 - [TEST_STEP][PASSED] - maximizeWindow(): Current window maximized

12-11-2024T16:06:39 - [MESSAGE][PASSED] - Current window maximized

12-11-2024T16:06:39 - [TEST_STEP][PASSED] - navigateToUrl("https://site17.lsapp.cloud/auth/login"): Navigate to 'https://site17.lsapp.cloud/auth/login' successfully

12-11-2024T16:06:41 - [MESSAGE][PASSED] - Navigate to 'https://site17.lsapp.cloud/auth/login' successfully

12-11-2024T16:06:41 - [TEST_STEP][PASSED] - setText(findTestObject("Object Repository/Common Cases Repository/Login/Page_Lightning Step/input_Email_email"), "automation@lightningstep.com"): Text 'automation@lightningstep.com' is set on object 'Object Repository/Common Cases Repository/Login/Page_Lightning Step/input_Email_email'

12-11-2024T16:06:42 - [MESSAGE][PASSED] - Text 'automation@lightningstep.com' is set on object 'Object Repository/Common Cases Repository/Login/Page_Lightning Step/input_Email_email'

12-11-2024T16:06:42 - [TEST_STEP][PASSED] - setEncryptedText(findTestObject("Object Repository/Common Cases Repository/Login/Page_Lightning Step/input_Password_password"), "e5N8VHmnhJDITtQaQhDQDw=="): Text ****** has been set on object 'Object Repository/Common Cases Repository/Login/Page_Lightning Step/input_Password_password'

12-11-2024T16:06:42 - [MESSAGE][PASSED] - Text ****** has been set on object 'Object Repository/Common Cases Repository/Login/Page_Lightning Step/input_Password_password'

12-11-2024T16:06:42 - [TEST_STEP][PASSED] - click(findTestObject("Object Repository/Common Cases Repository/Login/Page_Lightning Step/button_Sign in")): Object: 'Object Repository/Common Cases Repository/Login/Page_Lightning Step/button_Sign in' is clicked on

12-11-2024T16:07:00 - [MESSAGE][PASSED] - Object: 'Object Repository/Common Cases Repository/Login/Page_Lightning Step/button_Sign in' is clicked on

12-11-2024T16:07:00 - [MESSAGE][PASSED] - Call Test Case 'Test Cases/Common Cases/Login' successfully

12-11-2024T16:07:00 - [TEST_STEP][PASSED] - click(findTestObject("Object Repository/Specific Cases Repository/LS/Home/Calendar/Calendar_Events/Calendar_Events_Creation/Block/Page_Home/a_Calendar")): Object: 'Object Repository/Specific Cases Repository/LS/Home/Calendar/Calendar_Events/Calendar_Events_Creation/Block/Page_Home/a_Calendar' is clicked on

12-11-2024T16:07:05 - [MESSAGE][PASSED] - Object: 'Object Repository/Specific Cases Repository/LS/Home/Calendar/Calendar_Events/Calendar_Events_Creation/Block/Page_Home/a_Calendar' is clicked on

12-11-2024T16:07:05 - [TEST_STEP][PASSED] - click(findTestObject("Object Repository/Specific Cases Repository/LS/Home/Calendar/Calendar_Events/Calendar_Events_Creation/Appointment/Page_Calendar/div_Week")): Object: 'Object Repository/Specific Cases Repository/LS/Home/Calendar/Calendar_Events/Calendar_Events_Creation/Appointment/Page_Calendar/div_Week' is clicked on

12-11-2024T16:07:06 - [MESSAGE][PASSED] - Object: 'Object Repository/Specific Cases Repository/LS/Home/Calendar/Calendar_Events/Calendar_Events_Creation/Appointment/Page_Calendar/div_Week' is clicked on

12-11-2024T16:07:06 - [TEST_STEP][PASSED] - click(findTestObject("Object Repository/Specific Cases Repository/LS/Home/Calendar/Calendar_Events/Calendar_Events_Creation/Block/Page_Calendar/button_Create new")): Object: 'Object Repository/Specific Cases Repository/LS/Home/Calendar/Calendar_Events/Calendar_Events_Creation/Block/Page_Calendar/button_Create new' is clicked on

12-11-2024T16:07:07 - [MESSAGE][PASSED] - Object: 'Object Repository/Specific Cases Repository/LS/Home/Calendar/Calendar_Events/Calendar_Events_Creation/Block/Page_Calendar/button_Create new' is clicked on

12-11-2024T16:07:07 - [TEST_STEP][PASSED] - click(findTestObject("Object Repository/Specific Cases Repository/LS/Home/Calendar/Calendar_Events/Calendar_Events_Creation/Block/Page_Calendar/label_Block")): Object: 'Object Repository/Specific Cases Repository/LS/Home/Calendar/Calendar_Events/Calendar_Events_Creation/Block/Page_Calendar/label_Block' is clicked on

12-11-2024T16:07:08 - [MESSAGE][PASSED] - Object: 'Object Repository/Specific Cases Repository/LS/Home/Calendar/Calendar_Events/Calendar_Events_Creation/Block/Page_Calendar/label_Block' is clicked on

12-11-2024T16:07:08 - [TEST_STEP][PASSED] - setText(findTestObject("Object Repository/Specific Cases Repository/LS/Home/Calendar/Calendar_Events/Calendar_Events_Creation/Block/Page_Calendar/input_Title_title_"), "Automation Block"): Text 'Automation Block' is set on object 'Object Repository/Specific Cases Repository/LS/Home/Calendar/Calendar_Events/Calendar_Events_Creation/Block/Page_Calendar/input_Title_title_'

12-11-2024T16:07:09 - [MESSAGE][PASSED] - Text 'Automation Block' is set on object 'Object Repository/Specific Cases Repository/LS/Home/Calendar/Calendar_Events/Calendar_Events_Creation/Block/Page_Calendar/input_Title_title_'

12-11-2024T16:07:09 - [TEST_STEP][PASSED] - click(findTestObject("Object Repository/Specific Cases Repository/LS/Home/Calendar/Calendar_Events/Calendar_Events_Creation/Appointment/Page_Calendar/Date")): Object: 'Object Repository/Specific Cases Repository/LS/Home/Calendar/Calendar_Events/Calendar_Events_Creation/Appointment/Page_Calendar/Date' is clicked on

12-11-2024T16:07:09 - [MESSAGE][PASSED] - Object: 'Object Repository/Specific Cases Repository/LS/Home/Calendar/Calendar_Events/Calendar_Events_Creation/Appointment/Page_Calendar/Date' is clicked on

12-11-2024T16:07:09 - [TEST_STEP][PASSED] - setText(findTestObject("Object Repository/Specific Cases Repository/LS/Home/Calendar/Calendar_Events/Calendar_Events_Creation/Appointment/Page_Calendar/Date"), Todays_Date): Text '11/12/2024' is set on object 'Object Repository/Specific Cases Repository/LS/Home/Calendar/Calendar_Events/Calendar_Events_Creation/Appointment/Page_Calendar/Date'

12-11-2024T16:07:10 - [MESSAGE][PASSED] - Text '11/12/2024' is set on object 'Object Repository/Specific Cases Repository/LS/Home/Calendar/Calendar_Events/Calendar_Events_Creation/Appointment/Page_Calendar/Date'

12-11-2024T16:07:10 - [TEST_STEP][PASSED] - click(findTestObject("Object Repository/Specific Cases Repository/LS/Home/Calendar/Calendar_Events/Calendar_Events_Creation/Appointment/Page_Calendar/Start Time Clock")): Object: 'Object Repository/Specific Cases Repository/LS/Home/Calendar/Calendar_Events/Calendar_Events_Creation/Appointment/Page_Calendar/Start Time Clock' is clicked on

12-11-2024T16:07:11 - [MESSAGE][PASSED] - Object: 'Object Repository/Specific Cases Repository/LS/Home/Calendar/Calendar_Events/Calendar_Events_Creation/Appointment/Page_Calendar/Start Time Clock' is clicked on

12-11-2024T16:07:11 - [TEST_STEP][PASSED] - setText(findTestObject("Object Repository/Specific Cases Repository/LS/Home/Calendar/Calendar_Events/Calendar_Events_Creation/Appointment/Page_Calendar/Start Time Clock"), "1600"): Text '1600' is set on object 'Object Repository/Specific Cases Repository/LS/Home/Calendar/Calendar_Events/Calendar_Events_Creation/Appointment/Page_Calendar/Start Time Clock'

12-11-2024T16:07:12 - [MESSAGE][PASSED] - Text '1600' is set on object 'Object Repository/Specific Cases Repository/LS/Home/Calendar/Calendar_Events/Calendar_Events_Creation/Appointment/Page_Calendar/Start Time Clock'

12-11-2024T16:07:12 - [TEST_STEP][PASSED] - click(findTestObject("Object Repository/Specific Cases Repository/LS/Home/Calendar/Calendar_Events/Calendar_Events_Creation/Block/Page_Calendar/div_Schedule                               _3f20bf")): Object: 'Object Repository/Specific Cases Repository/LS/Home/Calendar/Calendar_Events/Calendar_Events_Creation/Block/Page_Calendar/div_Schedule                               _3f20bf' is clicked on

12-11-2024T16:07:12 - [MESSAGE][PASSED] - Object: 'Object Repository/Specific Cases Repository/LS/Home/Calendar/Calendar_Events/Calendar_Events_Creation/Block/Page_Calendar/div_Schedule                               _3f20bf' is clicked on

12-11-2024T16:07:12 - [TEST_STEP][PASSED] - setText(findTestObject("Object Repository/Specific Cases Repository/LS/Home/Calendar/Calendar_Events/Calendar_Events_Creation/Block/Page_Calendar/input_Notes_notes"), "Automation Block Note"): Text 'Automation Block Note' is set on object 'Object Repository/Specific Cases Repository/LS/Home/Calendar/Calendar_Events/Calendar_Events_Creation/Block/Page_Calendar/input_Notes_notes'

12-11-2024T16:07:13 - [MESSAGE][PASSED] - Text 'Automation Block Note' is set on object 'Object Repository/Specific Cases Repository/LS/Home/Calendar/Calendar_Events/Calendar_Events_Creation/Block/Page_Calendar/input_Notes_notes'

12-11-2024T16:07:13 - [TEST_STEP][PASSED] - click(findTestObject("Object Repository/Specific Cases Repository/LS/Home/Calendar/Calendar_Events/Calendar_Events_Creation/Block/Page_Calendar/a_Save")): Object: 'Object Repository/Specific Cases Repository/LS/Home/Calendar/Calendar_Events/Calendar_Events_Creation/Block/Page_Calendar/a_Save' is clicked on

12-11-2024T16:07:13 - [MESSAGE][PASSED] - Object: 'Object Repository/Specific Cases Repository/LS/Home/Calendar/Calendar_Events/Calendar_Events_Creation/Block/Page_Calendar/a_Save' is clicked on

12-11-2024T16:07:13 - [TEST_STEP][PASSED] - mouseOver(findTestObject("Object Repository/Specific Cases Repository/LS/Home/Calendar/Calendar_Events/Calendar_Events_Creation/Block/Page_Calendar/a_Blocked for Automation Block")): Object: 'Object Repository/Specific Cases Repository/LS/Home/Calendar/Calendar_Events/Calendar_Events_Creation/Block/Page_Calendar/a_Blocked for Automation Block' is hovered

12-11-2024T16:07:15 - [MESSAGE][PASSED] - Object: 'Object Repository/Specific Cases Repository/LS/Home/Calendar/Calendar_Events/Calendar_Events_Creation/Block/Page_Calendar/a_Blocked for Automation Block' is hovered

12-11-2024T16:07:15 - [TEST_STEP][PASSED] - verifyElementText(findTestObject("Object Repository/Specific Cases Repository/LS/Home/Calendar/Calendar_Events/Calendar_Events_Creation/Block/Page_Calendar/span_Blocked for Automation Block"), "Blocked for: Automation Block"): Actual text and expected text of test object 'Object Repository/Specific Cases Repository/LS/Home/Calendar/Calendar_Events/Calendar_Events_Creation/Block/Page_Calendar/span_Blocked for Automation Block' are matched.

12-11-2024T16:07:16 - [MESSAGE][PASSED] - Actual text and expected text of test object 'Object Repository/Specific Cases Repository/LS/Home/Calendar/Calendar_Events/Calendar_Events_Creation/Block/Page_Calendar/span_Blocked for Automation Block' are matched.

12-11-2024T16:07:16 - [TEST_STEP][PASSED] - closeBrowser(): Browser is closed

12-11-2024T16:07:16 - [MESSAGE][PASSED] - Browser is closed]]></system-out>
         <system-err><![CDATA[]]></system-err>
      </testcase>
      <testcase name="Test Cases/Specific Cases/LS/General/Calendar/Events_Creation/Present Events Creation/Calendar_Event" time="24.057" classname="Test Cases/Specific Cases/LS/General/Calendar/Events_Creation/Present Events Creation/Calendar_Event" status="PASSED">
         <system-out><![CDATA[12-11-2024T16:07:16 - [TEST_CASE][PASSED] - Test Cases/Specific Cases/LS/General/Calendar/Events_Creation/Present Events Creation/Calendar_Event: Test Cases/Specific Cases/LS/General/Calendar/Events_Creation/Present Events Creation/Calendar_Event

12-11-2024T16:07:16 - [TEST_STEP][PASSED] - callTestCase(findTestCase("Common Cases/Login"), [:], STOP_ON_FAILURE): Call Test Case 'Test Cases/Common Cases/Login' successfully

12-11-2024T16:07:16 - [TEST_CASE][PASSED] - Test Cases/Common Cases/Login: Test Cases/Common Cases/Login

12-11-2024T16:07:16 - [TEST_STEP][PASSED] - openBrowser(""): Browser is opened with url: ''

12-11-2024T16:07:16 - [MESSAGE][INFO] - Starting 'Chrome' driver

12-11-2024T16:07:16 - [MESSAGE][INFO] - Action delay is set to 0 milliseconds

12-11-2024T16:07:16 - [MESSAGE][PASSED] - Browser is opened with url: ''

12-11-2024T16:07:16 - [TEST_STEP][PASSED] - maximizeWindow(): Current window maximized

12-11-2024T16:07:17 - [MESSAGE][PASSED] - Current window maximized

12-11-2024T16:07:17 - [TEST_STEP][PASSED] - navigateToUrl("https://site17.lsapp.cloud/auth/login"): Navigate to 'https://site17.lsapp.cloud/auth/login' successfully

12-11-2024T16:07:18 - [MESSAGE][PASSED] - Navigate to 'https://site17.lsapp.cloud/auth/login' successfully

12-11-2024T16:07:18 - [TEST_STEP][PASSED] - setText(findTestObject("Object Repository/Common Cases Repository/Login/Page_Lightning Step/input_Email_email"), "automation@lightningstep.com"): Text 'automation@lightningstep.com' is set on object 'Object Repository/Common Cases Repository/Login/Page_Lightning Step/input_Email_email'

12-11-2024T16:07:19 - [MESSAGE][PASSED] - Text 'automation@lightningstep.com' is set on object 'Object Repository/Common Cases Repository/Login/Page_Lightning Step/input_Email_email'

12-11-2024T16:07:19 - [TEST_STEP][PASSED] - setEncryptedText(findTestObject("Object Repository/Common Cases Repository/Login/Page_Lightning Step/input_Password_password"), "e5N8VHmnhJDITtQaQhDQDw=="): Text ****** has been set on object 'Object Repository/Common Cases Repository/Login/Page_Lightning Step/input_Password_password'

12-11-2024T16:07:20 - [MESSAGE][PASSED] - Text ****** has been set on object 'Object Repository/Common Cases Repository/Login/Page_Lightning Step/input_Password_password'

12-11-2024T16:07:20 - [TEST_STEP][PASSED] - click(findTestObject("Object Repository/Common Cases Repository/Login/Page_Lightning Step/button_Sign in")): Object: 'Object Repository/Common Cases Repository/Login/Page_Lightning Step/button_Sign in' is clicked on

12-11-2024T16:07:25 - [MESSAGE][PASSED] - Object: 'Object Repository/Common Cases Repository/Login/Page_Lightning Step/button_Sign in' is clicked on

12-11-2024T16:07:25 - [MESSAGE][PASSED] - Call Test Case 'Test Cases/Common Cases/Login' successfully

12-11-2024T16:07:25 - [TEST_STEP][PASSED] - click(findTestObject("Object Repository/Specific Cases Repository/LS/Home/Calendar/Calendar_Events/Calendar_Events_Creation/Event/Page_Home/a_Calendar")): Object: 'Object Repository/Specific Cases Repository/LS/Home/Calendar/Calendar_Events/Calendar_Events_Creation/Event/Page_Home/a_Calendar' is clicked on

12-11-2024T16:07:30 - [MESSAGE][PASSED] - Object: 'Object Repository/Specific Cases Repository/LS/Home/Calendar/Calendar_Events/Calendar_Events_Creation/Event/Page_Home/a_Calendar' is clicked on

12-11-2024T16:07:30 - [TEST_STEP][PASSED] - click(findTestObject("Object Repository/Specific Cases Repository/LS/Home/Calendar/Calendar_Events/Calendar_Events_Creation/Appointment/Page_Calendar/div_Week")): Object: 'Object Repository/Specific Cases Repository/LS/Home/Calendar/Calendar_Events/Calendar_Events_Creation/Appointment/Page_Calendar/div_Week' is clicked on

12-11-2024T16:07:31 - [MESSAGE][PASSED] - Object: 'Object Repository/Specific Cases Repository/LS/Home/Calendar/Calendar_Events/Calendar_Events_Creation/Appointment/Page_Calendar/div_Week' is clicked on

12-11-2024T16:07:31 - [TEST_STEP][PASSED] - click(findTestObject("Object Repository/Specific Cases Repository/LS/Home/Calendar/Calendar_Events/Calendar_Events_Creation/Event/Page_Calendar/button_Create new")): Object: 'Object Repository/Specific Cases Repository/LS/Home/Calendar/Calendar_Events/Calendar_Events_Creation/Event/Page_Calendar/button_Create new' is clicked on

12-11-2024T16:07:32 - [MESSAGE][PASSED] - Object: 'Object Repository/Specific Cases Repository/LS/Home/Calendar/Calendar_Events/Calendar_Events_Creation/Event/Page_Calendar/button_Create new' is clicked on

12-11-2024T16:07:32 - [TEST_STEP][PASSED] - click(findTestObject("Object Repository/Specific Cases Repository/LS/Home/Calendar/Calendar_Events/Calendar_Events_Creation/Event/Page_Calendar/label_Event")): Object: 'Object Repository/Specific Cases Repository/LS/Home/Calendar/Calendar_Events/Calendar_Events_Creation/Event/Page_Calendar/label_Event' is clicked on

12-11-2024T16:07:33 - [MESSAGE][PASSED] - Object: 'Object Repository/Specific Cases Repository/LS/Home/Calendar/Calendar_Events/Calendar_Events_Creation/Event/Page_Calendar/label_Event' is clicked on

12-11-2024T16:07:33 - [TEST_STEP][PASSED] - setText(findTestObject("Object Repository/Specific Cases Repository/LS/Home/Calendar/Calendar_Events/Calendar_Events_Creation/Event/Page_Calendar/input_Title_title_"), "Automation Event"): Text 'Automation Event' is set on object 'Object Repository/Specific Cases Repository/LS/Home/Calendar/Calendar_Events/Calendar_Events_Creation/Event/Page_Calendar/input_Title_title_'

12-11-2024T16:07:34 - [MESSAGE][PASSED] - Text 'Automation Event' is set on object 'Object Repository/Specific Cases Repository/LS/Home/Calendar/Calendar_Events/Calendar_Events_Creation/Event/Page_Calendar/input_Title_title_'

12-11-2024T16:07:34 - [TEST_STEP][PASSED] - click(findTestObject("Object Repository/Specific Cases Repository/LS/Home/Calendar/Calendar_Events/Calendar_Events_Creation/Appointment/Page_Calendar/Date")): Object: 'Object Repository/Specific Cases Repository/LS/Home/Calendar/Calendar_Events/Calendar_Events_Creation/Appointment/Page_Calendar/Date' is clicked on

12-11-2024T16:07:34 - [MESSAGE][PASSED] - Object: 'Object Repository/Specific Cases Repository/LS/Home/Calendar/Calendar_Events/Calendar_Events_Creation/Appointment/Page_Calendar/Date' is clicked on

12-11-2024T16:07:34 - [TEST_STEP][PASSED] - setText(findTestObject("Object Repository/Specific Cases Repository/LS/Home/Calendar/Calendar_Events/Calendar_Events_Creation/Appointment/Page_Calendar/Date"), Todays_Date): Text '11/12/2024' is set on object 'Object Repository/Specific Cases Repository/LS/Home/Calendar/Calendar_Events/Calendar_Events_Creation/Appointment/Page_Calendar/Date'

12-11-2024T16:07:35 - [MESSAGE][PASSED] - Text '11/12/2024' is set on object 'Object Repository/Specific Cases Repository/LS/Home/Calendar/Calendar_Events/Calendar_Events_Creation/Appointment/Page_Calendar/Date'

12-11-2024T16:07:35 - [TEST_STEP][PASSED] - click(findTestObject("Object Repository/Specific Cases Repository/LS/Home/Calendar/Calendar_Events/Calendar_Events_Creation/Appointment/Page_Calendar/Start Time Clock")): Object: 'Object Repository/Specific Cases Repository/LS/Home/Calendar/Calendar_Events/Calendar_Events_Creation/Appointment/Page_Calendar/Start Time Clock' is clicked on

12-11-2024T16:07:36 - [MESSAGE][PASSED] - Object: 'Object Repository/Specific Cases Repository/LS/Home/Calendar/Calendar_Events/Calendar_Events_Creation/Appointment/Page_Calendar/Start Time Clock' is clicked on

12-11-2024T16:07:36 - [TEST_STEP][PASSED] - setText(findTestObject("Object Repository/Specific Cases Repository/LS/Home/Calendar/Calendar_Events/Calendar_Events_Creation/Appointment/Page_Calendar/Start Time Clock"), "1400"): Text '1400' is set on object 'Object Repository/Specific Cases Repository/LS/Home/Calendar/Calendar_Events/Calendar_Events_Creation/Appointment/Page_Calendar/Start Time Clock'

12-11-2024T16:07:36 - [MESSAGE][PASSED] - Text '1400' is set on object 'Object Repository/Specific Cases Repository/LS/Home/Calendar/Calendar_Events/Calendar_Events_Creation/Appointment/Page_Calendar/Start Time Clock'

12-11-2024T16:07:36 - [TEST_STEP][PASSED] - click(findTestObject("Object Repository/Specific Cases Repository/LS/Home/Calendar/Calendar_Events/Calendar_Events_Creation/Event/Page_Calendar/div_Schedule                               _3f20bf")): Object: 'Object Repository/Specific Cases Repository/LS/Home/Calendar/Calendar_Events/Calendar_Events_Creation/Event/Page_Calendar/div_Schedule                               _3f20bf' is clicked on

12-11-2024T16:07:37 - [MESSAGE][PASSED] - Object: 'Object Repository/Specific Cases Repository/LS/Home/Calendar/Calendar_Events/Calendar_Events_Creation/Event/Page_Calendar/div_Schedule                               _3f20bf' is clicked on

12-11-2024T16:07:37 - [TEST_STEP][PASSED] - setText(findTestObject("Object Repository/Specific Cases Repository/LS/Home/Calendar/Calendar_Events/Calendar_Events_Creation/Event/Page_Calendar/input_Notes_notes"), "Automation Event Note"): Text 'Automation Event Note' is set on object 'Object Repository/Specific Cases Repository/LS/Home/Calendar/Calendar_Events/Calendar_Events_Creation/Event/Page_Calendar/input_Notes_notes'

12-11-2024T16:07:38 - [MESSAGE][PASSED] - Text 'Automation Event Note' is set on object 'Object Repository/Specific Cases Repository/LS/Home/Calendar/Calendar_Events/Calendar_Events_Creation/Event/Page_Calendar/input_Notes_notes'

12-11-2024T16:07:38 - [TEST_STEP][PASSED] - click(findTestObject("Object Repository/Specific Cases Repository/LS/Home/Calendar/Calendar_Events/Calendar_Events_Creation/Event/Page_Calendar/a_Save")): Object: 'Object Repository/Specific Cases Repository/LS/Home/Calendar/Calendar_Events/Calendar_Events_Creation/Event/Page_Calendar/a_Save' is clicked on

12-11-2024T16:07:38 - [MESSAGE][PASSED] - Object: 'Object Repository/Specific Cases Repository/LS/Home/Calendar/Calendar_Events/Calendar_Events_Creation/Event/Page_Calendar/a_Save' is clicked on

12-11-2024T16:07:38 - [TEST_STEP][PASSED] - scrollToElement(findTestObject("Object Repository/Specific Cases Repository/LS/Home/Calendar/Calendar_Events/Calendar_Events_Creation/Event/Page_Calendar/a_Automation Event"), 0): Scroll to object 'Object Repository/Specific Cases Repository/LS/Home/Calendar/Calendar_Events/Calendar_Events_Creation/Event/Page_Calendar/a_Automation Event' successfully

12-11-2024T16:07:38 - [MESSAGE][WARNING] - Timeout '0' is invalid. Using default page load timeout: '30'

12-11-2024T16:07:39 - [MESSAGE][PASSED] - Scroll to object 'Object Repository/Specific Cases Repository/LS/Home/Calendar/Calendar_Events/Calendar_Events_Creation/Event/Page_Calendar/a_Automation Event' successfully

12-11-2024T16:07:39 - [TEST_STEP][PASSED] - mouseOver(findTestObject("Object Repository/Specific Cases Repository/LS/Home/Calendar/Calendar_Events/Calendar_Events_Creation/Event/Page_Calendar/a_Automation Event")): Object: 'Object Repository/Specific Cases Repository/LS/Home/Calendar/Calendar_Events/Calendar_Events_Creation/Event/Page_Calendar/a_Automation Event' is hovered

12-11-2024T16:07:39 - [MESSAGE][PASSED] - Object: 'Object Repository/Specific Cases Repository/LS/Home/Calendar/Calendar_Events/Calendar_Events_Creation/Event/Page_Calendar/a_Automation Event' is hovered

12-11-2024T16:07:39 - [TEST_STEP][PASSED] - verifyElementText(findTestObject("Object Repository/Specific Cases Repository/LS/Home/Calendar/Calendar_Events/Calendar_Events_Creation/Event/Page_Calendar/span_Automation Event"), "Automation Event"): Actual text and expected text of test object 'Object Repository/Specific Cases Repository/LS/Home/Calendar/Calendar_Events/Calendar_Events_Creation/Event/Page_Calendar/span_Automation Event' are matched.

12-11-2024T16:07:40 - [MESSAGE][PASSED] - Actual text and expected text of test object 'Object Repository/Specific Cases Repository/LS/Home/Calendar/Calendar_Events/Calendar_Events_Creation/Event/Page_Calendar/span_Automation Event' are matched.

12-11-2024T16:07:40 - [TEST_STEP][PASSED] - closeBrowser(): Browser is closed

12-11-2024T16:07:40 - [MESSAGE][PASSED] - Browser is closed]]></system-out>
         <system-err><![CDATA[]]></system-err>
      </testcase>
      <testcase name="Test Cases/Specific Cases/LS/General/Calendar/Events_Creation/Present Events Creation/Calendar_Groups" time="37.012" classname="Test Cases/Specific Cases/LS/General/Calendar/Events_Creation/Present Events Creation/Calendar_Groups" status="PASSED">
         <system-out><![CDATA[12-11-2024T16:07:40 - [TEST_CASE][PASSED] - Test Cases/Specific Cases/LS/General/Calendar/Events_Creation/Present Events Creation/Calendar_Groups: Test Cases/Specific Cases/LS/General/Calendar/Events_Creation/Present Events Creation/Calendar_Groups

12-11-2024T16:07:40 - [TEST_STEP][PASSED] - callTestCase(findTestCase("Common Cases/Login"), [:], STOP_ON_FAILURE): Call Test Case 'Test Cases/Common Cases/Login' successfully

12-11-2024T16:07:40 - [TEST_CASE][PASSED] - Test Cases/Common Cases/Login: Test Cases/Common Cases/Login

12-11-2024T16:07:40 - [TEST_STEP][PASSED] - openBrowser(""): Browser is opened with url: ''

12-11-2024T16:07:40 - [MESSAGE][INFO] - Starting 'Chrome' driver

12-11-2024T16:07:40 - [MESSAGE][INFO] - Action delay is set to 0 milliseconds

12-11-2024T16:07:41 - [MESSAGE][PASSED] - Browser is opened with url: ''

12-11-2024T16:07:41 - [TEST_STEP][PASSED] - maximizeWindow(): Current window maximized

12-11-2024T16:07:41 - [MESSAGE][PASSED] - Current window maximized

12-11-2024T16:07:41 - [TEST_STEP][PASSED] - navigateToUrl("https://site17.lsapp.cloud/auth/login"): Navigate to 'https://site17.lsapp.cloud/auth/login' successfully

12-11-2024T16:07:42 - [MESSAGE][PASSED] - Navigate to 'https://site17.lsapp.cloud/auth/login' successfully

12-11-2024T16:07:42 - [TEST_STEP][PASSED] - setText(findTestObject("Object Repository/Common Cases Repository/Login/Page_Lightning Step/input_Email_email"), "automation@lightningstep.com"): Text 'automation@lightningstep.com' is set on object 'Object Repository/Common Cases Repository/Login/Page_Lightning Step/input_Email_email'

12-11-2024T16:07:43 - [MESSAGE][PASSED] - Text 'automation@lightningstep.com' is set on object 'Object Repository/Common Cases Repository/Login/Page_Lightning Step/input_Email_email'

12-11-2024T16:07:43 - [TEST_STEP][PASSED] - setEncryptedText(findTestObject("Object Repository/Common Cases Repository/Login/Page_Lightning Step/input_Password_password"), "e5N8VHmnhJDITtQaQhDQDw=="): Text ****** has been set on object 'Object Repository/Common Cases Repository/Login/Page_Lightning Step/input_Password_password'

12-11-2024T16:07:43 - [MESSAGE][PASSED] - Text ****** has been set on object 'Object Repository/Common Cases Repository/Login/Page_Lightning Step/input_Password_password'

12-11-2024T16:07:43 - [TEST_STEP][PASSED] - click(findTestObject("Object Repository/Common Cases Repository/Login/Page_Lightning Step/button_Sign in")): Object: 'Object Repository/Common Cases Repository/Login/Page_Lightning Step/button_Sign in' is clicked on

12-11-2024T16:07:49 - [MESSAGE][PASSED] - Object: 'Object Repository/Common Cases Repository/Login/Page_Lightning Step/button_Sign in' is clicked on

12-11-2024T16:07:49 - [MESSAGE][PASSED] - Call Test Case 'Test Cases/Common Cases/Login' successfully

12-11-2024T16:07:49 - [TEST_STEP][PASSED] - click(findTestObject("Object Repository/Specific Cases Repository/LS/Home/Calendar/Calendar_Events/Calendar_Events_Creation/Group/Page_Home/a_Calendar")): Object: 'Object Repository/Specific Cases Repository/LS/Home/Calendar/Calendar_Events/Calendar_Events_Creation/Group/Page_Home/a_Calendar' is clicked on

12-11-2024T16:07:52 - [MESSAGE][PASSED] - Object: 'Object Repository/Specific Cases Repository/LS/Home/Calendar/Calendar_Events/Calendar_Events_Creation/Group/Page_Home/a_Calendar' is clicked on

12-11-2024T16:07:52 - [TEST_STEP][PASSED] - click(findTestObject("Object Repository/Specific Cases Repository/LS/Home/Calendar/Calendar_Events/Calendar_Events_Creation/Appointment/Page_Calendar/div_Week")): Object: 'Object Repository/Specific Cases Repository/LS/Home/Calendar/Calendar_Events/Calendar_Events_Creation/Appointment/Page_Calendar/div_Week' is clicked on

12-11-2024T16:07:53 - [MESSAGE][PASSED] - Object: 'Object Repository/Specific Cases Repository/LS/Home/Calendar/Calendar_Events/Calendar_Events_Creation/Appointment/Page_Calendar/div_Week' is clicked on

12-11-2024T16:07:53 - [TEST_STEP][PASSED] - click(findTestObject("Object Repository/Specific Cases Repository/LS/Home/Calendar/Calendar_Events/Calendar_Events_Creation/Group/Page_Calendar/button_Create new")): Object: 'Object Repository/Specific Cases Repository/LS/Home/Calendar/Calendar_Events/Calendar_Events_Creation/Group/Page_Calendar/button_Create new' is clicked on

12-11-2024T16:07:53 - [MESSAGE][PASSED] - Object: 'Object Repository/Specific Cases Repository/LS/Home/Calendar/Calendar_Events/Calendar_Events_Creation/Group/Page_Calendar/button_Create new' is clicked on

12-11-2024T16:07:53 - [TEST_STEP][PASSED] - click(findTestObject("Object Repository/Specific Cases Repository/LS/Home/Calendar/Calendar_Events/Calendar_Events_Creation/Group/Page_Calendar/label_Group")): Object: 'Object Repository/Specific Cases Repository/LS/Home/Calendar/Calendar_Events/Calendar_Events_Creation/Group/Page_Calendar/label_Group' is clicked on

12-11-2024T16:07:54 - [MESSAGE][PASSED] - Object: 'Object Repository/Specific Cases Repository/LS/Home/Calendar/Calendar_Events/Calendar_Events_Creation/Group/Page_Calendar/label_Group' is clicked on

12-11-2024T16:07:54 - [TEST_STEP][PASSED] - click(findTestObject("Object Repository/Specific Cases Repository/LS/Home/Calendar/Calendar_Events/Calendar_Events_Creation/Group/Page_Calendar/Groups Selector")): Object: 'Object Repository/Specific Cases Repository/LS/Home/Calendar/Calendar_Events/Calendar_Events_Creation/Group/Page_Calendar/Groups Selector' is clicked on

12-11-2024T16:07:55 - [MESSAGE][PASSED] - Object: 'Object Repository/Specific Cases Repository/LS/Home/Calendar/Calendar_Events/Calendar_Events_Creation/Group/Page_Calendar/Groups Selector' is clicked on

12-11-2024T16:07:55 - [TEST_STEP][PASSED] - click(findTestObject("Object Repository/Specific Cases Repository/LS/Home/Calendar/Calendar_Events/Calendar_Events_Creation/Page_Calendar/a_Cancel")): Object: 'Object Repository/Specific Cases Repository/LS/Home/Calendar/Calendar_Events/Calendar_Events_Creation/Page_Calendar/a_Cancel' is clicked on

12-11-2024T16:07:56 - [MESSAGE][PASSED] - Object: 'Object Repository/Specific Cases Repository/LS/Home/Calendar/Calendar_Events/Calendar_Events_Creation/Page_Calendar/a_Cancel' is clicked on

12-11-2024T16:07:56 - [TEST_STEP][PASSED] - click(findTestObject("Object Repository/Specific Cases Repository/LS/Home/Calendar/Calendar_Events/Calendar_Events_Creation/Group/Page_Calendar/button_Create new")): Object: 'Object Repository/Specific Cases Repository/LS/Home/Calendar/Calendar_Events/Calendar_Events_Creation/Group/Page_Calendar/button_Create new' is clicked on

12-11-2024T16:07:56 - [MESSAGE][PASSED] - Object: 'Object Repository/Specific Cases Repository/LS/Home/Calendar/Calendar_Events/Calendar_Events_Creation/Group/Page_Calendar/button_Create new' is clicked on

12-11-2024T16:07:56 - [TEST_STEP][PASSED] - click(findTestObject("Object Repository/Specific Cases Repository/LS/Home/Calendar/Calendar_Events/Calendar_Events_Creation/Group/Page_Calendar/label_Group")): Object: 'Object Repository/Specific Cases Repository/LS/Home/Calendar/Calendar_Events/Calendar_Events_Creation/Group/Page_Calendar/label_Group' is clicked on

12-11-2024T16:07:57 - [MESSAGE][PASSED] - Object: 'Object Repository/Specific Cases Repository/LS/Home/Calendar/Calendar_Events/Calendar_Events_Creation/Group/Page_Calendar/label_Group' is clicked on

12-11-2024T16:07:57 - [TEST_STEP][PASSED] - click(findTestObject("Object Repository/Specific Cases Repository/LS/Home/Calendar/Calendar_Events/Calendar_Events_Creation/Group/Page_Calendar/label_Group")): Object: 'Object Repository/Specific Cases Repository/LS/Home/Calendar/Calendar_Events/Calendar_Events_Creation/Group/Page_Calendar/label_Group' is clicked on

12-11-2024T16:07:57 - [MESSAGE][PASSED] - Object: 'Object Repository/Specific Cases Repository/LS/Home/Calendar/Calendar_Events/Calendar_Events_Creation/Group/Page_Calendar/label_Group' is clicked on

12-11-2024T16:07:57 - [TEST_STEP][PASSED] - click(findTestObject("Object Repository/Specific Cases Repository/LS/Home/Calendar/Calendar_Events/Calendar_Events_Creation/Group/Page_Calendar/Groups Selector")): Object: 'Object Repository/Specific Cases Repository/LS/Home/Calendar/Calendar_Events/Calendar_Events_Creation/Group/Page_Calendar/Groups Selector' is clicked on

12-11-2024T16:07:58 - [MESSAGE][PASSED] - Object: 'Object Repository/Specific Cases Repository/LS/Home/Calendar/Calendar_Events/Calendar_Events_Creation/Group/Page_Calendar/Groups Selector' is clicked on

12-11-2024T16:07:58 - [TEST_STEP][PASSED] - setText(findTestObject("Object Repository/Specific Cases Repository/LS/Home/Calendar/Calendar_Events/Calendar_Events_Creation/Group/Page_Calendar/input_Loading_select2-search__field"), "1.2"): Text '1.2' is set on object 'Object Repository/Specific Cases Repository/LS/Home/Calendar/Calendar_Events/Calendar_Events_Creation/Group/Page_Calendar/input_Loading_select2-search__field'

12-11-2024T16:07:59 - [MESSAGE][PASSED] - Text '1.2' is set on object 'Object Repository/Specific Cases Repository/LS/Home/Calendar/Calendar_Events/Calendar_Events_Creation/Group/Page_Calendar/input_Loading_select2-search__field'

12-11-2024T16:07:59 - [TEST_STEP][PASSED] - sendKeys(findTestObject("Object Repository/Specific Cases Repository/LS/Home/Calendar/Calendar_Events/Calendar_Events_Creation/Group/Page_Calendar/input_Loading_select2-search__field"), Keys.chord(ENTER)): Keys 'ENTER + ' sent to object: 'Object Repository/Specific Cases Repository/LS/Home/Calendar/Calendar_Events/Calendar_Events_Creation/Group/Page_Calendar/input_Loading_select2-search__field'

12-11-2024T16:08:00 - [MESSAGE][PASSED] - Keys 'ENTER + ' sent to object: 'Object Repository/Specific Cases Repository/LS/Home/Calendar/Calendar_Events/Calendar_Events_Creation/Group/Page_Calendar/input_Loading_select2-search__field'

12-11-2024T16:08:00 - [TEST_STEP][PASSED] - click(findTestObject("Specific Cases Repository/LS/Home/Calendar/Calendar_Events/Calendar_Events_Creation/Group/Page_Calendar/Date Warning")): Object: 'Object Repository/Specific Cases Repository/LS/Home/Calendar/Calendar_Events/Calendar_Events_Creation/Group/Page_Calendar/Date Warning' is clicked on

12-11-2024T16:08:01 - [MESSAGE][PASSED] - Object: 'Object Repository/Specific Cases Repository/LS/Home/Calendar/Calendar_Events/Calendar_Events_Creation/Group/Page_Calendar/Date Warning' is clicked on

12-11-2024T16:08:01 - [TEST_STEP][PASSED] - setText(findTestObject("Object Repository/Specific Cases Repository/LS/Home/Calendar/Calendar_Events/Calendar_Events_Creation/Group/Page_Calendar/input_Title_title_"), "1.2 Automatically Enroll Clients in Selected Location/Program(s)"): Text '1.2 Automatically Enroll Clients in Selected Location/Program(s)' is set on object 'Object Repository/Specific Cases Repository/LS/Home/Calendar/Calendar_Events/Calendar_Events_Creation/Group/Page_Calendar/input_Title_title_'

12-11-2024T16:08:01 - [MESSAGE][PASSED] - Text '1.2 Automatically Enroll Clients in Selected Location/Program(s)' is set on object 'Object Repository/Specific Cases Repository/LS/Home/Calendar/Calendar_Events/Calendar_Events_Creation/Group/Page_Calendar/input_Title_title_'

12-11-2024T16:08:01 - [TEST_STEP][PASSED] - click(findTestObject("Object Repository/Specific Cases Repository/LS/Home/Calendar/Calendar_Events/Calendar_Events_Creation/Group/Page_Calendar/Date")): Object: 'Object Repository/Specific Cases Repository/LS/Home/Calendar/Calendar_Events/Calendar_Events_Creation/Group/Page_Calendar/Date' is clicked on

12-11-2024T16:08:02 - [MESSAGE][PASSED] - Object: 'Object Repository/Specific Cases Repository/LS/Home/Calendar/Calendar_Events/Calendar_Events_Creation/Group/Page_Calendar/Date' is clicked on

12-11-2024T16:08:02 - [TEST_STEP][PASSED] - setText(findTestObject("Object Repository/Specific Cases Repository/LS/Home/Calendar/Calendar_Events/Calendar_Events_Creation/Group/Page_Calendar/Date"), Todays_Date): Text '11/12/2024' is set on object 'Object Repository/Specific Cases Repository/LS/Home/Calendar/Calendar_Events/Calendar_Events_Creation/Group/Page_Calendar/Date'

12-11-2024T16:08:02 - [MESSAGE][PASSED] - Text '11/12/2024' is set on object 'Object Repository/Specific Cases Repository/LS/Home/Calendar/Calendar_Events/Calendar_Events_Creation/Group/Page_Calendar/Date'

12-11-2024T16:08:02 - [TEST_STEP][PASSED] - click(findTestObject("Object Repository/Specific Cases Repository/LS/Home/Calendar/Calendar_Events/Calendar_Events_Creation/Group/Page_Calendar/Start Time")): Object: 'Object Repository/Specific Cases Repository/LS/Home/Calendar/Calendar_Events/Calendar_Events_Creation/Group/Page_Calendar/Start Time' is clicked on

12-11-2024T16:08:04 - [MESSAGE][PASSED] - Object: 'Object Repository/Specific Cases Repository/LS/Home/Calendar/Calendar_Events/Calendar_Events_Creation/Group/Page_Calendar/Start Time' is clicked on

12-11-2024T16:08:04 - [TEST_STEP][PASSED] - setText(findTestObject("Object Repository/Specific Cases Repository/LS/Home/Calendar/Calendar_Events/Calendar_Events_Creation/Group/Page_Calendar/Start Time"), "1300"): Text '1300' is set on object 'Object Repository/Specific Cases Repository/LS/Home/Calendar/Calendar_Events/Calendar_Events_Creation/Group/Page_Calendar/Start Time'

12-11-2024T16:08:04 - [MESSAGE][PASSED] - Text '1300' is set on object 'Object Repository/Specific Cases Repository/LS/Home/Calendar/Calendar_Events/Calendar_Events_Creation/Group/Page_Calendar/Start Time'

12-11-2024T16:08:04 - [TEST_STEP][PASSED] - click(findTestObject("Object Repository/Specific Cases Repository/LS/Home/Calendar/Calendar_Events/Calendar_Events_Creation/Group/Page_Calendar/End Time")): Object: 'Object Repository/Specific Cases Repository/LS/Home/Calendar/Calendar_Events/Calendar_Events_Creation/Group/Page_Calendar/End Time' is clicked on

12-11-2024T16:08:05 - [MESSAGE][PASSED] - Object: 'Object Repository/Specific Cases Repository/LS/Home/Calendar/Calendar_Events/Calendar_Events_Creation/Group/Page_Calendar/End Time' is clicked on

12-11-2024T16:08:05 - [TEST_STEP][PASSED] - setText(findTestObject("Object Repository/Specific Cases Repository/LS/Home/Calendar/Calendar_Events/Calendar_Events_Creation/Group/Page_Calendar/End Time"), "1400"): Text '1400' is set on object 'Object Repository/Specific Cases Repository/LS/Home/Calendar/Calendar_Events/Calendar_Events_Creation/Group/Page_Calendar/End Time'

12-11-2024T16:08:06 - [MESSAGE][PASSED] - Text '1400' is set on object 'Object Repository/Specific Cases Repository/LS/Home/Calendar/Calendar_Events/Calendar_Events_Creation/Group/Page_Calendar/End Time'

12-11-2024T16:08:06 - [TEST_STEP][PASSED] - click(findTestObject("Object Repository/Specific Cases Repository/LS/Home/Calendar/Calendar_Events/Calendar_Events_Creation/Group/Page_Calendar/Groups Selector")): Object: 'Object Repository/Specific Cases Repository/LS/Home/Calendar/Calendar_Events/Calendar_Events_Creation/Group/Page_Calendar/Groups Selector' is clicked on

12-11-2024T16:08:07 - [MESSAGE][PASSED] - Object: 'Object Repository/Specific Cases Repository/LS/Home/Calendar/Calendar_Events/Calendar_Events_Creation/Group/Page_Calendar/Groups Selector' is clicked on

12-11-2024T16:08:07 - [TEST_STEP][PASSED] - setText(findTestObject("Object Repository/Specific Cases Repository/LS/Home/Calendar/Calendar_Events/Calendar_Events_Creation/Group/Page_Calendar/input_Loading_select2-search__field"), "1.2"): Text '1.2' is set on object 'Object Repository/Specific Cases Repository/LS/Home/Calendar/Calendar_Events/Calendar_Events_Creation/Group/Page_Calendar/input_Loading_select2-search__field'

12-11-2024T16:08:08 - [MESSAGE][PASSED] - Text '1.2' is set on object 'Object Repository/Specific Cases Repository/LS/Home/Calendar/Calendar_Events/Calendar_Events_Creation/Group/Page_Calendar/input_Loading_select2-search__field'

12-11-2024T16:08:08 - [TEST_STEP][PASSED] - sendKeys(findTestObject("Object Repository/Specific Cases Repository/LS/Home/Calendar/Calendar_Events/Calendar_Events_Creation/Group/Page_Calendar/input_Loading_select2-search__field"), Keys.chord(ENTER)): Keys 'ENTER + ' sent to object: 'Object Repository/Specific Cases Repository/LS/Home/Calendar/Calendar_Events/Calendar_Events_Creation/Group/Page_Calendar/input_Loading_select2-search__field'

12-11-2024T16:08:08 - [MESSAGE][PASSED] - Keys 'ENTER + ' sent to object: 'Object Repository/Specific Cases Repository/LS/Home/Calendar/Calendar_Events/Calendar_Events_Creation/Group/Page_Calendar/input_Loading_select2-search__field'

12-11-2024T16:08:08 - [TEST_STEP][PASSED] - click(findTestObject("Object Repository/Specific Cases Repository/LS/Home/Calendar/Calendar_Events/Calendar_Events_Creation/Group/Page_Calendar/span_Select Clients")): Object: 'Object Repository/Specific Cases Repository/LS/Home/Calendar/Calendar_Events/Calendar_Events_Creation/Group/Page_Calendar/span_Select Clients' is clicked on

12-11-2024T16:08:09 - [MESSAGE][PASSED] - Object: 'Object Repository/Specific Cases Repository/LS/Home/Calendar/Calendar_Events/Calendar_Events_Creation/Group/Page_Calendar/span_Select Clients' is clicked on

12-11-2024T16:08:09 - [TEST_STEP][PASSED] - click(findTestObject("Object Repository/Specific Cases Repository/LS/Home/Calendar/Calendar_Events/Calendar_Events_Creation/Group/Page_Calendar/label_C Automation, C Client MR 24-11008")): Object: 'Object Repository/Specific Cases Repository/LS/Home/Calendar/Calendar_Events/Calendar_Events_Creation/Group/Page_Calendar/label_C Automation, C Client MR 24-11008' is clicked on

12-11-2024T16:08:09 - [MESSAGE][PASSED] - Object: 'Object Repository/Specific Cases Repository/LS/Home/Calendar/Calendar_Events/Calendar_Events_Creation/Group/Page_Calendar/label_C Automation, C Client MR 24-11008' is clicked on

12-11-2024T16:08:09 - [TEST_STEP][PASSED] - click(findTestObject("Object Repository/Specific Cases Repository/LS/Home/Calendar/Calendar_Events/Calendar_Events_Creation/Group/Page_Calendar/label_B Automation, B Client MR 24-11007")): Object: 'Object Repository/Specific Cases Repository/LS/Home/Calendar/Calendar_Events/Calendar_Events_Creation/Group/Page_Calendar/label_B Automation, B Client MR 24-11007' is clicked on

12-11-2024T16:08:10 - [MESSAGE][PASSED] - Object: 'Object Repository/Specific Cases Repository/LS/Home/Calendar/Calendar_Events/Calendar_Events_Creation/Group/Page_Calendar/label_B Automation, B Client MR 24-11007' is clicked on

12-11-2024T16:08:10 - [TEST_STEP][PASSED] - click(findTestObject("Object Repository/Specific Cases Repository/LS/Home/Calendar/Calendar_Events/Calendar_Events_Creation/Group/Page_Calendar/View Enrolled Patients")): Object: 'Object Repository/Specific Cases Repository/LS/Home/Calendar/Calendar_Events/Calendar_Events_Creation/Group/Page_Calendar/View Enrolled Patients' is clicked on

12-11-2024T16:08:10 - [MESSAGE][PASSED] - Object: 'Object Repository/Specific Cases Repository/LS/Home/Calendar/Calendar_Events/Calendar_Events_Creation/Group/Page_Calendar/View Enrolled Patients' is clicked on

12-11-2024T16:08:10 - [TEST_STEP][PASSED] - verifyElementText(findTestObject("Object Repository/Specific Cases Repository/LS/Home/Calendar/Calendar_Events/Calendar_Events_Creation/Group/Page_Calendar/td_C Automation, C Client MR 24-11008"), "C Automation, C Client MR# 24-11008"): Actual text and expected text of test object 'Object Repository/Specific Cases Repository/LS/Home/Calendar/Calendar_Events/Calendar_Events_Creation/Group/Page_Calendar/td_C Automation, C Client MR 24-11008' are matched.

12-11-2024T16:08:11 - [MESSAGE][PASSED] - Actual text and expected text of test object 'Object Repository/Specific Cases Repository/LS/Home/Calendar/Calendar_Events/Calendar_Events_Creation/Group/Page_Calendar/td_C Automation, C Client MR 24-11008' are matched.

12-11-2024T16:08:11 - [TEST_STEP][PASSED] - verifyElementText(findTestObject("Object Repository/Specific Cases Repository/LS/Home/Calendar/Calendar_Events/Calendar_Events_Creation/Group/Page_Calendar/td_B Automation, B Client MR 24-11007"), "B Automation, B Client MR# 24-11007"): Actual text and expected text of test object 'Object Repository/Specific Cases Repository/LS/Home/Calendar/Calendar_Events/Calendar_Events_Creation/Group/Page_Calendar/td_B Automation, B Client MR 24-11007' are matched.

12-11-2024T16:08:11 - [MESSAGE][PASSED] - Actual text and expected text of test object 'Object Repository/Specific Cases Repository/LS/Home/Calendar/Calendar_Events/Calendar_Events_Creation/Group/Page_Calendar/td_B Automation, B Client MR 24-11007' are matched.

12-11-2024T16:08:11 - [TEST_STEP][PASSED] - click(findTestObject("Object Repository/Specific Cases Repository/LS/Home/Calendar/Calendar_Events/Calendar_Events_Creation/Group/Page_Calendar/View Enrolled Patients")): Object: 'Object Repository/Specific Cases Repository/LS/Home/Calendar/Calendar_Events/Calendar_Events_Creation/Group/Page_Calendar/View Enrolled Patients' is clicked on

12-11-2024T16:08:11 - [MESSAGE][PASSED] - Object: 'Object Repository/Specific Cases Repository/LS/Home/Calendar/Calendar_Events/Calendar_Events_Creation/Group/Page_Calendar/View Enrolled Patients' is clicked on

12-11-2024T16:08:11 - [TEST_STEP][PASSED] - scrollToElement(findTestObject("Object Repository/Specific Cases Repository/LS/Home/Calendar/Calendar_Events/Calendar_Events_Creation/Group/Page_Calendar/a_Save"), 0): Scroll to object 'Object Repository/Specific Cases Repository/LS/Home/Calendar/Calendar_Events/Calendar_Events_Creation/Group/Page_Calendar/a_Save' successfully

12-11-2024T16:08:11 - [MESSAGE][WARNING] - Timeout '0' is invalid. Using default page load timeout: '30'

12-11-2024T16:08:11 - [MESSAGE][PASSED] - Scroll to object 'Object Repository/Specific Cases Repository/LS/Home/Calendar/Calendar_Events/Calendar_Events_Creation/Group/Page_Calendar/a_Save' successfully

12-11-2024T16:08:11 - [TEST_STEP][PASSED] - click(findTestObject("Object Repository/Specific Cases Repository/LS/Home/Calendar/Calendar_Events/Calendar_Events_Creation/Group/Page_Calendar/a_Save")): Object: 'Object Repository/Specific Cases Repository/LS/Home/Calendar/Calendar_Events/Calendar_Events_Creation/Group/Page_Calendar/a_Save' is clicked on

12-11-2024T16:08:12 - [MESSAGE][PASSED] - Object: 'Object Repository/Specific Cases Repository/LS/Home/Calendar/Calendar_Events/Calendar_Events_Creation/Group/Page_Calendar/a_Save' is clicked on

12-11-2024T16:08:12 - [TEST_STEP][PASSED] - click(findTestObject("Specific Cases Repository/LS/Home/Calendar/Calendar_Events/Calendar_Events_Creation/Group/Page_Calendar/Calendar Event")): Object: 'Object Repository/Specific Cases Repository/LS/Home/Calendar/Calendar_Events/Calendar_Events_Creation/Group/Page_Calendar/Calendar Event' is clicked on

12-11-2024T16:08:13 - [MESSAGE][PASSED] - Object: 'Object Repository/Specific Cases Repository/LS/Home/Calendar/Calendar_Events/Calendar_Events_Creation/Group/Page_Calendar/Calendar Event' is clicked on

12-11-2024T16:08:13 - [TEST_STEP][PASSED] - verifyElementText(findTestObject("Object Repository/Specific Cases Repository/LS/Home/Calendar/Calendar_Events/Calendar_Events_Creation/Group/Page_Calendar/label_Start Group Session"), "Start Group Session"): Actual text and expected text of test object 'Object Repository/Specific Cases Repository/LS/Home/Calendar/Calendar_Events/Calendar_Events_Creation/Group/Page_Calendar/label_Start Group Session' are matched.

12-11-2024T16:08:14 - [MESSAGE][PASSED] - Actual text and expected text of test object 'Object Repository/Specific Cases Repository/LS/Home/Calendar/Calendar_Events/Calendar_Events_Creation/Group/Page_Calendar/label_Start Group Session' are matched.

12-11-2024T16:08:14 - [TEST_STEP][PASSED] - verifyElementPresent(findTestObject("Object Repository/Specific Cases Repository/LS/Home/Calendar/Calendar_Events/Calendar_Events_Creation/Group/Page_Calendar/input_Start Group Session_isdocumentedgroup"), 0): Object 'Object Repository/Specific Cases Repository/LS/Home/Calendar/Calendar_Events/Calendar_Events_Creation/Group/Page_Calendar/input_Start Group Session_isdocumentedgroup' is present

12-11-2024T16:08:14 - [MESSAGE][WARNING] - Timeout '0' is invalid. Using default page load timeout: '30'

12-11-2024T16:08:15 - [MESSAGE][PASSED] - Object 'Object Repository/Specific Cases Repository/LS/Home/Calendar/Calendar_Events/Calendar_Events_Creation/Group/Page_Calendar/input_Start Group Session_isdocumentedgroup' is present

12-11-2024T16:08:15 - [TEST_STEP][PASSED] - click(findTestObject("Object Repository/Specific Cases Repository/LS/Home/Calendar/Calendar_Events/Calendar_Events_Creation/Group/Page_Calendar/a_Save Revision")): Object: 'Object Repository/Specific Cases Repository/LS/Home/Calendar/Calendar_Events/Calendar_Events_Creation/Group/Page_Calendar/a_Save Revision' is clicked on

12-11-2024T16:08:15 - [MESSAGE][PASSED] - Object: 'Object Repository/Specific Cases Repository/LS/Home/Calendar/Calendar_Events/Calendar_Events_Creation/Group/Page_Calendar/a_Save Revision' is clicked on

12-11-2024T16:08:15 - [TEST_STEP][PASSED] - mouseOver(findTestObject("Specific Cases Repository/LS/Home/Calendar/Calendar_Events/Calendar_Events_Creation/Group/Page_Calendar/Calendar Event")): Object: 'Object Repository/Specific Cases Repository/LS/Home/Calendar/Calendar_Events/Calendar_Events_Creation/Group/Page_Calendar/Calendar Event' is hovered

12-11-2024T16:08:15 - [MESSAGE][PASSED] - Object: 'Object Repository/Specific Cases Repository/LS/Home/Calendar/Calendar_Events/Calendar_Events_Creation/Group/Page_Calendar/Calendar Event' is hovered

12-11-2024T16:08:15 - [TEST_STEP][PASSED] - verifyElementText(findTestObject("Object Repository/Specific Cases Repository/LS/Home/Calendar/Calendar_Events/Calendar_Events_Creation/Group/Page_Calendar/span_Automation Test 1.2 Automatically Enro_f39ad6"), "1.2 Automatically Enroll Clients in Selected Location/Program(s)"): Actual text and expected text of test object 'Object Repository/Specific Cases Repository/LS/Home/Calendar/Calendar_Events/Calendar_Events_Creation/Group/Page_Calendar/span_Automation Test 1.2 Automatically Enro_f39ad6' are matched.

12-11-2024T16:08:17 - [MESSAGE][PASSED] - Actual text and expected text of test object 'Object Repository/Specific Cases Repository/LS/Home/Calendar/Calendar_Events/Calendar_Events_Creation/Group/Page_Calendar/span_Automation Test 1.2 Automatically Enro_f39ad6' are matched.

12-11-2024T16:08:17 - [TEST_STEP][PASSED] - closeBrowser(): Browser is closed

12-11-2024T16:08:17 - [MESSAGE][PASSED] - Browser is closed]]></system-out>
         <system-err><![CDATA[]]></system-err>
      </testcase>
      <system-out><![CDATA[12-11-2024T16:01:45 - [TEST_SUITE][FAILED] - Calendar: Test Cases/Specific Cases/LS/General/Calendar/Events_Creation/Future Events Creation/Future_Calendar_Appointment FAILED.
Reason:
com.kms.katalon.core.exception.StepFailedException: Unable to set text
	at com.kms.katalon.core.webui.keyword.internal.WebUIKeywordMain.stepFailed(WebUIKeywordMain.groovy:117)
	at com.kms.katalon.core.webui.keyword.internal.WebUIKeywordMain.runKeyword(WebUIKeywordMain.groovy:43)
	at com.kms.katalon.core.webui.keyword.builtin.SetTextKeyword.setText(SetTextKeyword.groovy:85)
	at com.kms.katalon.core.webui.keyword.builtin.SetTextKeyword.execute(SetTextKeyword.groovy:39)
	at com.kms.katalon.core.keyword.internal.KeywordExecutor.executeKeywordForPlatform(KeywordExecutor.groovy:74)
	at com.kms.katalon.core.webui.keyword.WebUiBuiltInKeywords.setText(WebUiBuiltInKeywords.groovy:1019)
	at Future_Calendar_Appointment.run(Future_Calendar_Appointment:45)
	at com.kms.katalon.core.main.ScriptEngine.run(ScriptEngine.java:194)
	at com.kms.katalon.core.main.ScriptEngine.runScriptAsRawText(ScriptEngine.java:119)
	at com.kms.katalon.core.main.TestCaseExecutor.runScript(TestCaseExecutor.java:448)
	at com.kms.katalon.core.main.TestCaseExecutor.doExecute(TestCaseExecutor.java:439)
	at com.kms.katalon.core.main.TestCaseExecutor.processExecutionPhase(TestCaseExecutor.java:418)
	at com.kms.katalon.core.main.TestCaseExecutor.accessMainPhase(TestCaseExecutor.java:410)
	at com.kms.katalon.core.main.TestCaseExecutor.execute(TestCaseExecutor.java:285)
	at com.kms.katalon.core.common.CommonExecutor.accessTestCaseMainPhase(CommonExecutor.java:65)
	at com.kms.katalon.core.main.TestSuiteExecutor.accessTestSuiteMainPhase(TestSuiteExecutor.java:150)
	at com.kms.katalon.core.main.TestSuiteExecutor.execute(TestSuiteExecutor.java:106)
	at com.kms.katalon.core.main.TestCaseMain.startTestSuite(TestCaseMain.java:180)
	at TempTestSuite1731445300081.run(TempTestSuite1731445300081.groovy:35)
	at java.base/jdk.internal.reflect.NativeMethodAccessorImpl.invoke0(Native Method)
	at java.base/jdk.internal.reflect.NativeMethodAccessorImpl.invoke(NativeMethodAccessorImpl.java:77)
	at java.base/jdk.internal.reflect.DelegatingMethodAccessorImpl.invoke(DelegatingMethodAccessorImpl.java:43)
Caused by: java.lang.IllegalArgumentException: Object is null
	at com.kms.katalon.core.helper.KeywordHelper.checkTestObjectParameter(KeywordHelper.java:33)
	at com.kms.katalon.core.webui.keyword.builtin.SetTextKeyword$_setText_closure1.doCall(SetTextKeyword.groovy:47)
	at com.kms.katalon.core.webui.keyword.builtin.SetTextKeyword$_setText_closure1.call(SetTextKeyword.groovy)
	at com.kms.katalon.core.webui.keyword.internal.WebUIKeywordMain.runKeyword(WebUIKeywordMain.groovy:35)
	... 20 more]]></system-out>
      <system-err><![CDATA[12-11-2024T16:01:45 - [TEST_SUITE][FAILED] - Calendar: Test Cases/Specific Cases/LS/General/Calendar/Events_Creation/Future Events Creation/Future_Calendar_Appointment FAILED.
Reason:
com.kms.katalon.core.exception.StepFailedException: Unable to set text
	at com.kms.katalon.core.webui.keyword.internal.WebUIKeywordMain.stepFailed(WebUIKeywordMain.groovy:117)
	at com.kms.katalon.core.webui.keyword.internal.WebUIKeywordMain.runKeyword(WebUIKeywordMain.groovy:43)
	at com.kms.katalon.core.webui.keyword.builtin.SetTextKeyword.setText(SetTextKeyword.groovy:85)
	at com.kms.katalon.core.webui.keyword.builtin.SetTextKeyword.execute(SetTextKeyword.groovy:39)
	at com.kms.katalon.core.keyword.internal.KeywordExecutor.executeKeywordForPlatform(KeywordExecutor.groovy:74)
	at com.kms.katalon.core.webui.keyword.WebUiBuiltInKeywords.setText(WebUiBuiltInKeywords.groovy:1019)
	at Future_Calendar_Appointment.run(Future_Calendar_Appointment:45)
	at com.kms.katalon.core.main.ScriptEngine.run(ScriptEngine.java:194)
	at com.kms.katalon.core.main.ScriptEngine.runScriptAsRawText(ScriptEngine.java:119)
	at com.kms.katalon.core.main.TestCaseExecutor.runScript(TestCaseExecutor.java:448)
	at com.kms.katalon.core.main.TestCaseExecutor.doExecute(TestCaseExecutor.java:439)
	at com.kms.katalon.core.main.TestCaseExecutor.processExecutionPhase(TestCaseExecutor.java:418)
	at com.kms.katalon.core.main.TestCaseExecutor.accessMainPhase(TestCaseExecutor.java:410)
	at com.kms.katalon.core.main.TestCaseExecutor.execute(TestCaseExecutor.java:285)
	at com.kms.katalon.core.common.CommonExecutor.accessTestCaseMainPhase(CommonExecutor.java:65)
	at com.kms.katalon.core.main.TestSuiteExecutor.accessTestSuiteMainPhase(TestSuiteExecutor.java:150)
	at com.kms.katalon.core.main.TestSuiteExecutor.execute(TestSuiteExecutor.java:106)
	at com.kms.katalon.core.main.TestCaseMain.startTestSuite(TestCaseMain.java:180)
	at TempTestSuite1731445300081.run(TempTestSuite1731445300081.groovy:35)
	at java.base/jdk.internal.reflect.NativeMethodAccessorImpl.invoke0(Native Method)
	at java.base/jdk.internal.reflect.NativeMethodAccessorImpl.invoke(NativeMethodAccessorImpl.java:77)
	at java.base/jdk.internal.reflect.DelegatingMethodAccessorImpl.invoke(DelegatingMethodAccessorImpl.java:43)
Caused by: java.lang.IllegalArgumentException: Object is null
	at com.kms.katalon.core.helper.KeywordHelper.checkTestObjectParameter(KeywordHelper.java:33)
	at com.kms.katalon.core.webui.keyword.builtin.SetTextKeyword$_setText_closure1.doCall(SetTextKeyword.groovy:47)
	at com.kms.katalon.core.webui.keyword.builtin.SetTextKeyword$_setText_closure1.call(SetTextKeyword.groovy)
	at com.kms.katalon.core.webui.keyword.internal.WebUIKeywordMain.runKeyword(WebUIKeywordMain.groovy:35)
	... 20 more]]></system-err>
   </testsuite>
</testsuites>
