<?xml version="1.0" encoding="UTF-8"?>
<testsuites name="LS - Regression Run" time="1673.317" tests="60" failures="16" errors="0">
   <testsuite name="Calendar" tests="15" failures="6" errors="0" time="572.268" skipped="0" timestamp="28-01-2025T17:56:11" hostname="Enrique - Enrique" id="Test Suites/LS/Home/General/Calendar">
      <properties>
         <property name="deviceName" value=""/>
         <property name="devicePlatform"/>
         <property name="logFolder" value="C:\\Users\\Enrique\\git\\AUTOMATION_LS\\Reports\\20250128_175555\\LS\\Home\\General\\Calendar\\20250128_175556"/>
         <property name="logFiles" value="C:\\Users\\Enrique\\git\\AUTOMATION_LS\\Reports\\20250128_175555\\LS\\Home\\General\\Calendar\\20250128_175556\\execution0.log"/>
         <property name="attachments" value="C:\\Users\\Enrique\\git\\AUTOMATION_LS\\Reports\\20250128_175555\\LS\\Home\\General\\Calendar\\20250128_175556\\1738105010927.png, C:\\Users\\Enrique\\git\\AUTOMATION_LS\\Reports\\20250128_175555\\LS\\Home\\General\\Calendar\\20250128_175556\\1738105105134.png, C:\\Users\\Enrique\\git\\AUTOMATION_LS\\Reports\\20250128_175555\\LS\\Home\\General\\Calendar\\20250128_175556\\1738105149489.png, C:\\Users\\Enrique\\git\\AUTOMATION_LS\\Reports\\20250128_175555\\LS\\Home\\General\\Calendar\\20250128_175556\\1738105235395.png, C:\\Users\\Enrique\\git\\AUTOMATION_LS\\Reports\\20250128_175555\\LS\\Home\\General\\Calendar\\20250128_175556\\1738105274700.png, C:\\Users\\Enrique\\git\\AUTOMATION_LS\\Reports\\20250128_175555\\LS\\Home\\General\\Calendar\\20250128_175556\\1738105391819.png"/>
         <property name="hostName" value="Enrique - Enrique"/>
         <property name="os" value="Windows 11 64bit"/>
         <property name="katalonVersion" value="9.7.3.223"/>
         <property name="browser" value="Chrome 131.0.0.0"/>
         <property name="hostAddress" value="192.168.100.166"/>
         <property name="sessionId" value="b0cfd1b10535d803f47b48cea34a83e7"/>
         <property name="seleniumVersion" value="3.141.59"/>
         <property name="proxyInformation" value="ProxyInformation { proxyOption=NO_PROXY, proxyServerType=HTTP, username=, password=********, proxyServerAddress=, proxyServerPort=0, executionList=&quot;&quot;, isApplyToDesiredCapabilities=true }"/>
         <property name="platform" value="Windows 11"/>
      </properties>
      <testcase name="Test Cases/Specific Cases/LS/General/Calendar/Events_Creation/Future Events Creation/Future_Calendar_Appointment" time="40.201" classname="Test Cases/Specific Cases/LS/General/Calendar/Events_Creation/Future Events Creation/Future_Calendar_Appointment" status="FAILED">
         <failure type="FAILED" message="Test Cases/Specific Cases/LS/General/Calendar/Events_Creation/Future Events Creation/Future_Calendar_Appointment FAILED.&#xa;Reason:&#xa;com.kms.katalon.core.exception.StepFailedException: Unable to set text 'B' of object 'Object Repository/Specific Cases Repository/LS/Home/Calendar/Calendar_Events/Calendar_Events_Creation/Appointment/Page_Calendar/Patien Name'&#xa;	at com.kms.katalon.core.webui.keyword.internal.WebUIKeywordMain.stepFailed(WebUIKeywordMain.groovy:117)&#xa;	at com.kms.katalon.core.webui.keyword.internal.WebUIKeywordMain.runKeyword(WebUIKeywordMain.groovy:43)&#xa;	at com.kms.katalon.core.webui.keyword.builtin.SetTextKeyword.setText(SetTextKeyword.groovy:85)&#xa;	at com.kms.katalon.core.webui.keyword.builtin.SetTextKeyword.execute(SetTextKeyword.groovy:39)&#xa;	at com.kms.katalon.core.keyword.internal.KeywordExecutor.executeKeywordForPlatform(KeywordExecutor.groovy:74)&#xa;	at com.kms.katalon.core.webui.keyword.WebUiBuiltInKeywords.setText(WebUiBuiltInKeywords.groovy:1019)&#xa;	at Future_Calendar_Appointment.run(Future_Calendar_Appointment:45)&#xa;	at com.kms.katalon.core.main.ScriptEngine.run(ScriptEngine.java:194)&#xa;	at com.kms.katalon.core.main.ScriptEngine.runScriptAsRawText(ScriptEngine.java:119)&#xa;	at com.kms.katalon.core.main.TestCaseExecutor.runScript(TestCaseExecutor.java:448)&#xa;	at com.kms.katalon.core.main.TestCaseExecutor.doExecute(TestCaseExecutor.java:439)&#xa;	at com.kms.katalon.core.main.TestCaseExecutor.processExecutionPhase(TestCaseExecutor.java:418)&#xa;	at com.kms.katalon.core.main.TestCaseExecutor.accessMainPhase(TestCaseExecutor.java:410)&#xa;	at com.kms.katalon.core.main.TestCaseExecutor.execute(TestCaseExecutor.java:285)&#xa;	at com.kms.katalon.core.common.CommonExecutor.accessTestCaseMainPhase(CommonExecutor.java:65)&#xa;	at com.kms.katalon.core.main.TestSuiteExecutor.accessTestSuiteMainPhase(TestSuiteExecutor.java:150)&#xa;	at com.kms.katalon.core.main.TestSuiteExecutor.execute(TestSuiteExecutor.java:106)&#xa;	at com.kms.katalon.core.main.TestCaseMain.startTestSuite(TestCaseMain.java:180)&#xa;	at TempTestSuite1738104956297.run(TempTestSuite1738104956297.groovy:35)&#xa;	at java.base/jdk.internal.reflect.NativeMethodAccessorImpl.invoke0(Native Method)&#xa;	at java.base/jdk.internal.reflect.NativeMethodAccessorImpl.invoke(NativeMethodAccessorImpl.java:77)&#xa;	at java.base/jdk.internal.reflect.DelegatingMethodAccessorImpl.invoke(DelegatingMethodAccessorImpl.java:43)&#xa;Caused by: org.openqa.selenium.ElementNotInteractableException: element not interactable&#xa;  (Session info: chrome=131.0.6778.265)&#xa;Build info: version: '3.141.59', revision: 'unknown', time: 'unknown'&#xa;System info: host: 'ENRIQUE', ip: '192.168.100.166', os.name: 'Windows 11', os.arch: 'amd64', os.version: '10.0', java.version: '17.0.7'&#xa;Driver info: com.kms.katalon.selenium.driver.CChromeDriver&#xa;Capabilities {acceptInsecureCerts: false, browserName: chrome, browserVersion: 131.0.6778.265, chrome: {chromedriverVersion: 130.0.6723.58 (3a50e012e4c9..., userDataDir: C:\Users\Enrique\AppData\Lo...}, fedcm:accounts: true, goog:chromeOptions: {debuggerAddress: localhost:60647}, javascriptEnabled: true, networkConnectionEnabled: false, pageLoadStrategy: normal, platform: WINDOWS, platformName: WINDOWS, proxy: Proxy(), setWindowRect: true, strictFileInteractability: false, timeouts: {implicit: 0, pageLoad: 300000, script: 30000}, unhandledPromptBehavior: dismiss and notify, webauthn:extension:credBlob: true, webauthn:extension:largeBlob: true, webauthn:extension:minPinLength: true, webauthn:extension:prf: true, webauthn:virtualAuthenticators: true}&#xa;Session ID: 96a45acc73df15f9709eb4a91ff434ef&#xa;	at java.base/jdk.internal.reflect.NativeConstructorAccessorImpl.newInstance0(Native Method)&#xa;	at java.base/jdk.internal.reflect.NativeConstructorAccessorImpl.newInstance(NativeConstructorAccessorImpl.java:77)&#xa;	at java.base/jdk.internal.reflect.DelegatingConstructorAccessorImpl.newInstance(DelegatingConstructorAccessorImpl.java:45)&#xa;	at org.openqa.selenium.remote.http.W3CHttpResponseCodec.createException(W3CHttpResponseCodec.java:187)&#xa;	at org.openqa.selenium.remote.http.W3CHttpResponseCodec.decode(W3CHttpResponseCodec.java:122)&#xa;	at org.openqa.selenium.remote.http.W3CHttpResponseCodec.decode(W3CHttpResponseCodec.java:49)&#xa;	at org.openqa.selenium.remote.HttpCommandExecutor.execute(HttpCommandExecutor.java:158)&#xa;	at org.openqa.selenium.remote.service.DriverCommandExecutor.execute(DriverCommandExecutor.java:83)&#xa;	at org.openqa.selenium.remote.RemoteWebDriver.execute(RemoteWebDriver.java:552)&#xa;	at com.kms.katalon.selenium.driver.CChromeDriver.execute(CChromeDriver.java:19)&#xa;	at org.openqa.selenium.remote.RemoteWebElement.execute(RemoteWebElement.java:285)&#xa;	at org.openqa.selenium.remote.RemoteWebElement.sendKeys(RemoteWebElement.java:106)&#xa;	at java.base/jdk.internal.reflect.NativeMethodAccessorImpl.invoke0(Native Method)&#xa;	at java.base/jdk.internal.reflect.NativeMethodAccessorImpl.invoke(NativeMethodAccessorImpl.java:77)&#xa;	at java.base/jdk.internal.reflect.DelegatingMethodAccessorImpl.invoke(DelegatingMethodAccessorImpl.java:43)&#xa;	at org.openqa.selenium.support.events.EventFiringWebDriver$EventFiringWebElement.lambda$new$0(EventFiringWebDriver.java:404)&#xa;	at jdk.proxy2/jdk.proxy2.$Proxy24.sendKeys(Unknown Source)&#xa;	at org.openqa.selenium.support.events.EventFiringWebDriver$EventFiringWebElement.sendKeys(EventFiringWebDriver.java:429)&#xa;	at com.kms.katalon.core.webui.keyword.builtin.SetTextKeyword$_setText_closure1.doCall(SetTextKeyword.groovy:71)&#xa;	at com.kms.katalon.core.webui.keyword.builtin.SetTextKeyword$_setText_closure1.call(SetTextKeyword.groovy)&#xa;	at com.kms.katalon.core.webui.keyword.internal.WebUIKeywordMain.runKeyword(WebUIKeywordMain.groovy:35)&#xa;	... 20 more&#xa;"/>
         <system-out><![CDATA[28-01-2025T17:56:11 - [TEST_CASE][FAILED] - Test Cases/Specific Cases/LS/General/Calendar/Events_Creation/Future Events Creation/Future_Calendar_Appointment: Test Cases/Specific Cases/LS/General/Calendar/Events_Creation/Future Events Creation/Future_Calendar_Appointment FAILED.
Reason:
com.kms.katalon.core.exception.StepFailedException: Unable to set text 'B' of object 'Object Repository/Specific Cases Repository/LS/Home/Calendar/Calendar_Events/Calendar_Events_Creation/Appointment/Page_Calendar/Patien Name'
	at com.kms.katalon.core.webui.keyword.internal.WebUIKeywordMain.stepFailed(WebUIKeywordMain.groovy:117)
	at com.kms.katalon.core.webui.keyword.internal.WebUIKeywordMain.runKeyword(WebUIKeywordMain.groovy:43)
	at com.kms.katalon.core.webui.keyword.builtin.SetTextKeyword.setText(SetTextKeyword.groovy:85)
	at com.kms.katalon.core.webui.keyword.builtin.SetTextKeyword.execute(SetTextKeyword.groovy:39)
	at com.kms.katalon.core.keyword.internal.KeywordExecutor.executeKeywordForPlatform(KeywordExecutor.groovy:74)
	at com.kms.katalon.core.webui.keyword.WebUiBuiltInKeywords.setText(WebUiBuiltInKeywords.groovy:1019)
	at Future_Calendar_Appointment.run(Future_Calendar_Appointment:45)
	at com.kms.katalon.core.main.ScriptEngine.run(ScriptEngine.java:194)
	at com.kms.katalon.core.main.ScriptEngine.runScriptAsRawText(ScriptEngine.java:119)
	at com.kms.katalon.core.main.TestCaseExecutor.runScript(TestCaseExecutor.java:448)
	at com.kms.katalon.core.main.TestCaseExecutor.doExecute(TestCaseExecutor.java:439)
	at com.kms.katalon.core.main.TestCaseExecutor.processExecutionPhase(TestCaseExecutor.java:418)
	at com.kms.katalon.core.main.TestCaseExecutor.accessMainPhase(TestCaseExecutor.java:410)
	at com.kms.katalon.core.main.TestCaseExecutor.execute(TestCaseExecutor.java:285)
	at com.kms.katalon.core.common.CommonExecutor.accessTestCaseMainPhase(CommonExecutor.java:65)
	at com.kms.katalon.core.main.TestSuiteExecutor.accessTestSuiteMainPhase(TestSuiteExecutor.java:150)
	at com.kms.katalon.core.main.TestSuiteExecutor.execute(TestSuiteExecutor.java:106)
	at com.kms.katalon.core.main.TestCaseMain.startTestSuite(TestCaseMain.java:180)
	at TempTestSuite1738104956297.run(TempTestSuite1738104956297.groovy:35)
	at java.base/jdk.internal.reflect.NativeMethodAccessorImpl.invoke0(Native Method)
	at java.base/jdk.internal.reflect.NativeMethodAccessorImpl.invoke(NativeMethodAccessorImpl.java:77)
	at java.base/jdk.internal.reflect.DelegatingMethodAccessorImpl.invoke(DelegatingMethodAccessorImpl.java:43)
Caused by: org.openqa.selenium.ElementNotInteractableException: element not interactable
  (Session info: chrome=131.0.6778.265)
Build info: version: '3.141.59', revision: 'unknown', time: 'unknown'
System info: host: 'ENRIQUE', ip: '192.168.100.166', os.name: 'Windows 11', os.arch: 'amd64', os.version: '10.0', java.version: '17.0.7'
Driver info: com.kms.katalon.selenium.driver.CChromeDriver
Capabilities {acceptInsecureCerts: false, browserName: chrome, browserVersion: 131.0.6778.265, chrome: {chromedriverVersion: 130.0.6723.58 (3a50e012e4c9..., userDataDir: C:\Users\Enrique\AppData\Lo...}, fedcm:accounts: true, goog:chromeOptions: {debuggerAddress: localhost:60647}, javascriptEnabled: true, networkConnectionEnabled: false, pageLoadStrategy: normal, platform: WINDOWS, platformName: WINDOWS, proxy: Proxy(), setWindowRect: true, strictFileInteractability: false, timeouts: {implicit: 0, pageLoad: 300000, script: 30000}, unhandledPromptBehavior: dismiss and notify, webauthn:extension:credBlob: true, webauthn:extension:largeBlob: true, webauthn:extension:minPinLength: true, webauthn:extension:prf: true, webauthn:virtualAuthenticators: true}
Session ID: 96a45acc73df15f9709eb4a91ff434ef
	at java.base/jdk.internal.reflect.NativeConstructorAccessorImpl.newInstance0(Native Method)
	at java.base/jdk.internal.reflect.NativeConstructorAccessorImpl.newInstance(NativeConstructorAccessorImpl.java:77)
	at java.base/jdk.internal.reflect.DelegatingConstructorAccessorImpl.newInstance(DelegatingConstructorAccessorImpl.java:45)
	at org.openqa.selenium.remote.http.W3CHttpResponseCodec.createException(W3CHttpResponseCodec.java:187)
	at org.openqa.selenium.remote.http.W3CHttpResponseCodec.decode(W3CHttpResponseCodec.java:122)
	at org.openqa.selenium.remote.http.W3CHttpResponseCodec.decode(W3CHttpResponseCodec.java:49)
	at org.openqa.selenium.remote.HttpCommandExecutor.execute(HttpCommandExecutor.java:158)
	at org.openqa.selenium.remote.service.DriverCommandExecutor.execute(DriverCommandExecutor.java:83)
	at org.openqa.selenium.remote.RemoteWebDriver.execute(RemoteWebDriver.java:552)
	at com.kms.katalon.selenium.driver.CChromeDriver.execute(CChromeDriver.java:19)
	at org.openqa.selenium.remote.RemoteWebElement.execute(RemoteWebElement.java:285)
	at org.openqa.selenium.remote.RemoteWebElement.sendKeys(RemoteWebElement.java:106)
	at java.base/jdk.internal.reflect.NativeMethodAccessorImpl.invoke0(Native Method)
	at java.base/jdk.internal.reflect.NativeMethodAccessorImpl.invoke(NativeMethodAccessorImpl.java:77)
	at java.base/jdk.internal.reflect.DelegatingMethodAccessorImpl.invoke(DelegatingMethodAccessorImpl.java:43)
	at org.openqa.selenium.support.events.EventFiringWebDriver$EventFiringWebElement.lambda$new$0(EventFiringWebDriver.java:404)
	at jdk.proxy2/jdk.proxy2.$Proxy24.sendKeys(Unknown Source)
	at org.openqa.selenium.support.events.EventFiringWebDriver$EventFiringWebElement.sendKeys(EventFiringWebDriver.java:429)
	at com.kms.katalon.core.webui.keyword.builtin.SetTextKeyword$_setText_closure1.doCall(SetTextKeyword.groovy:71)
	at com.kms.katalon.core.webui.keyword.builtin.SetTextKeyword$_setText_closure1.call(SetTextKeyword.groovy)
	at com.kms.katalon.core.webui.keyword.internal.WebUIKeywordMain.runKeyword(WebUIKeywordMain.groovy:35)
	... 20 more


28-01-2025T17:56:11 - [TEST_STEP][PASSED] - callTestCase(findTestCase("Common Cases/Login"), [:], STOP_ON_FAILURE): Call Test Case 'Test Cases/Common Cases/Login' successfully

28-01-2025T17:56:11 - [TEST_CASE][PASSED] - Test Cases/Common Cases/Login: Test Cases/Common Cases/Login

28-01-2025T17:56:11 - [TEST_STEP][PASSED] - openBrowser(""): Browser is opened with url: ''

28-01-2025T17:56:12 - [MESSAGE][INFO] - Starting 'Chrome' driver

28-01-2025T17:56:12 - [MESSAGE][INFO] - Action delay is set to 0 milliseconds

28-01-2025T17:56:13 - [MESSAGE][PASSED] - Browser is opened with url: ''

28-01-2025T17:56:13 - [TEST_STEP][PASSED] - maximizeWindow(): Current window maximized

28-01-2025T17:56:13 - [MESSAGE][PASSED] - Current window maximized

28-01-2025T17:56:13 - [TEST_STEP][PASSED] - navigateToUrl("https://site17.lsapp.cloud/auth/login"): Navigate to 'https://site17.lsapp.cloud/auth/login' successfully

28-01-2025T17:56:14 - [MESSAGE][PASSED] - Navigate to 'https://site17.lsapp.cloud/auth/login' successfully

28-01-2025T17:56:14 - [TEST_STEP][PASSED] - setText(findTestObject("Object Repository/Common Cases Repository/Login/Page_Lightning Step/input_Email_email"), "automation@lightningstep.com"): Text 'automation@lightningstep.com' is set on object 'Object Repository/Common Cases Repository/Login/Page_Lightning Step/input_Email_email'

28-01-2025T17:56:20 - [MESSAGE][PASSED] - Text 'automation@lightningstep.com' is set on object 'Object Repository/Common Cases Repository/Login/Page_Lightning Step/input_Email_email'

28-01-2025T17:56:20 - [TEST_STEP][PASSED] - setEncryptedText(findTestObject("Object Repository/Common Cases Repository/Login/Page_Lightning Step/input_Password_password"), "e5N8VHmnhJDITtQaQhDQDw=="): Text ****** has been set on object 'Object Repository/Common Cases Repository/Login/Page_Lightning Step/input_Password_password'

28-01-2025T17:56:21 - [MESSAGE][PASSED] - Text ****** has been set on object 'Object Repository/Common Cases Repository/Login/Page_Lightning Step/input_Password_password'

28-01-2025T17:56:21 - [TEST_STEP][PASSED] - click(findTestObject("Object Repository/Common Cases Repository/Login/Page_Lightning Step/button_Sign in")): Object: 'Object Repository/Common Cases Repository/Login/Page_Lightning Step/button_Sign in' is clicked on

28-01-2025T17:56:30 - [MESSAGE][PASSED] - Object: 'Object Repository/Common Cases Repository/Login/Page_Lightning Step/button_Sign in' is clicked on

28-01-2025T17:56:30 - [MESSAGE][PASSED] - Call Test Case 'Test Cases/Common Cases/Login' successfully

28-01-2025T17:56:30 - [TEST_STEP][PASSED] - click(findTestObject("Object Repository/Specific Cases Repository/LS/Home/Calendar/Calendar_Events/Calendar_Events_Creation/Page_Home/a_Calendar")): Object: 'Object Repository/Specific Cases Repository/LS/Home/Calendar/Calendar_Events/Calendar_Events_Creation/Page_Home/a_Calendar' is clicked on

28-01-2025T17:56:41 - [MESSAGE][PASSED] - Object: 'Object Repository/Specific Cases Repository/LS/Home/Calendar/Calendar_Events/Calendar_Events_Creation/Page_Home/a_Calendar' is clicked on

28-01-2025T17:56:41 - [TEST_STEP][PASSED] - click(findTestObject("Object Repository/Specific Cases Repository/LS/Home/Calendar/Calendar_Events/Calendar_Events_Creation/Appointment/Page_Calendar/div_Week")): Object: 'Object Repository/Specific Cases Repository/LS/Home/Calendar/Calendar_Events/Calendar_Events_Creation/Appointment/Page_Calendar/div_Week' is clicked on

28-01-2025T17:56:42 - [MESSAGE][PASSED] - Object: 'Object Repository/Specific Cases Repository/LS/Home/Calendar/Calendar_Events/Calendar_Events_Creation/Appointment/Page_Calendar/div_Week' is clicked on

28-01-2025T17:56:42 - [TEST_STEP][PASSED] - click(findTestObject("Object Repository/Specific Cases Repository/LS/Home/Calendar/Calendar_Events/Calendar_Events_Creation/Appointment/Page_Calendar/button_Create new")): Object: 'Object Repository/Specific Cases Repository/LS/Home/Calendar/Calendar_Events/Calendar_Events_Creation/Appointment/Page_Calendar/button_Create new' is clicked on

28-01-2025T17:56:43 - [MESSAGE][PASSED] - Object: 'Object Repository/Specific Cases Repository/LS/Home/Calendar/Calendar_Events/Calendar_Events_Creation/Appointment/Page_Calendar/button_Create new' is clicked on

28-01-2025T17:56:43 - [TEST_STEP][PASSED] - click(findTestObject("Object Repository/Specific Cases Repository/LS/Home/Calendar/Calendar_Events/Calendar_Events_Creation/Appointment/Page_Calendar/label_Appointment")): Object: 'Object Repository/Specific Cases Repository/LS/Home/Calendar/Calendar_Events/Calendar_Events_Creation/Appointment/Page_Calendar/label_Appointment' is clicked on

28-01-2025T17:56:44 - [MESSAGE][PASSED] - Object: 'Object Repository/Specific Cases Repository/LS/Home/Calendar/Calendar_Events/Calendar_Events_Creation/Appointment/Page_Calendar/label_Appointment' is clicked on

28-01-2025T17:56:44 - [TEST_STEP][PASSED] - click(findTestObject("Specific Cases Repository/LS/Home/Calendar/Calendar_Events/Calendar_Events_Creation/Appointment/Page_Calendar/span_Select Client")): Object: 'Object Repository/Specific Cases Repository/LS/Home/Calendar/Calendar_Events/Calendar_Events_Creation/Appointment/Page_Calendar/span_Select Client' is clicked on

28-01-2025T17:56:44 - [MESSAGE][PASSED] - Object: 'Object Repository/Specific Cases Repository/LS/Home/Calendar/Calendar_Events/Calendar_Events_Creation/Appointment/Page_Calendar/span_Select Client' is clicked on

28-01-2025T17:56:44 - [TEST_STEP][PASSED] - click(findTestObject("Object Repository/Specific Cases Repository/LS/Home/Calendar/Calendar_Events/Calendar_Events_Creation/Page_Calendar/a_Cancel")): Object: 'Object Repository/Specific Cases Repository/LS/Home/Calendar/Calendar_Events/Calendar_Events_Creation/Page_Calendar/a_Cancel' is clicked on

28-01-2025T17:56:47 - [MESSAGE][PASSED] - Object: 'Object Repository/Specific Cases Repository/LS/Home/Calendar/Calendar_Events/Calendar_Events_Creation/Page_Calendar/a_Cancel' is clicked on

28-01-2025T17:56:47 - [TEST_STEP][PASSED] - click(findTestObject("Object Repository/Specific Cases Repository/LS/Home/Calendar/Calendar_Events/Calendar_Events_Creation/Appointment/Page_Calendar/button_Create new")): Object: 'Object Repository/Specific Cases Repository/LS/Home/Calendar/Calendar_Events/Calendar_Events_Creation/Appointment/Page_Calendar/button_Create new' is clicked on

28-01-2025T17:56:47 - [MESSAGE][PASSED] - Object: 'Object Repository/Specific Cases Repository/LS/Home/Calendar/Calendar_Events/Calendar_Events_Creation/Appointment/Page_Calendar/button_Create new' is clicked on

28-01-2025T17:56:47 - [TEST_STEP][PASSED] - click(findTestObject("Object Repository/Specific Cases Repository/LS/Home/Calendar/Calendar_Events/Calendar_Events_Creation/Appointment/Page_Calendar/label_Appointment")): Object: 'Object Repository/Specific Cases Repository/LS/Home/Calendar/Calendar_Events/Calendar_Events_Creation/Appointment/Page_Calendar/label_Appointment' is clicked on

28-01-2025T17:56:48 - [MESSAGE][PASSED] - Object: 'Object Repository/Specific Cases Repository/LS/Home/Calendar/Calendar_Events/Calendar_Events_Creation/Appointment/Page_Calendar/label_Appointment' is clicked on

28-01-2025T17:56:48 - [TEST_STEP][PASSED] - click(findTestObject("Object Repository/Specific Cases Repository/LS/Home/Calendar/Calendar_Events/Calendar_Events_Creation/Appointment/Page_Calendar/label_Appointment")): Object: 'Object Repository/Specific Cases Repository/LS/Home/Calendar/Calendar_Events/Calendar_Events_Creation/Appointment/Page_Calendar/label_Appointment' is clicked on

28-01-2025T17:56:49 - [MESSAGE][PASSED] - Object: 'Object Repository/Specific Cases Repository/LS/Home/Calendar/Calendar_Events/Calendar_Events_Creation/Appointment/Page_Calendar/label_Appointment' is clicked on

28-01-2025T17:56:49 - [TEST_STEP][PASSED] - click(findTestObject("Specific Cases Repository/LS/Home/Calendar/Calendar_Events/Calendar_Events_Creation/Appointment/Page_Calendar/span_Select Client")): Object: 'Object Repository/Specific Cases Repository/LS/Home/Calendar/Calendar_Events/Calendar_Events_Creation/Appointment/Page_Calendar/span_Select Client' is clicked on

28-01-2025T17:56:50 - [MESSAGE][PASSED] - Object: 'Object Repository/Specific Cases Repository/LS/Home/Calendar/Calendar_Events/Calendar_Events_Creation/Appointment/Page_Calendar/span_Select Client' is clicked on

28-01-2025T17:56:50 - [TEST_STEP][FAILED] - setText(findTestObject("Specific Cases Repository/LS/Home/Calendar/Calendar_Events/Calendar_Events_Creation/Appointment/Page_Calendar/Patien Name"), "B"): Unable to set text 'B' of object 'Object Repository/Specific Cases Repository/LS/Home/Calendar/Calendar_Events/Calendar_Events_Creation/Appointment/Page_Calendar/Patien Name' (Root cause: com.kms.katalon.core.exception.StepFailedException: Unable to set text 'B' of object 'Object Repository/Specific Cases Repository/LS/Home/Calendar/Calendar_Events/Calendar_Events_Creation/Appointment/Page_Calendar/Patien Name'
	at com.kms.katalon.core.webui.keyword.internal.WebUIKeywordMain.stepFailed(WebUIKeywordMain.groovy:117)
	at com.kms.katalon.core.webui.keyword.internal.WebUIKeywordMain.runKeyword(WebUIKeywordMain.groovy:43)
	at com.kms.katalon.core.webui.keyword.builtin.SetTextKeyword.setText(SetTextKeyword.groovy:85)
	at com.kms.katalon.core.webui.keyword.builtin.SetTextKeyword.execute(SetTextKeyword.groovy:39)
	at com.kms.katalon.core.keyword.internal.KeywordExecutor.executeKeywordForPlatform(KeywordExecutor.groovy:74)
	at com.kms.katalon.core.webui.keyword.WebUiBuiltInKeywords.setText(WebUiBuiltInKeywords.groovy:1019)
	at Future_Calendar_Appointment.run(Future_Calendar_Appointment:45)
	at com.kms.katalon.core.main.ScriptEngine.run(ScriptEngine.java:194)
	at com.kms.katalon.core.main.ScriptEngine.runScriptAsRawText(ScriptEngine.java:119)
	at com.kms.katalon.core.main.TestCaseExecutor.runScript(TestCaseExecutor.java:448)
	at com.kms.katalon.core.main.TestCaseExecutor.doExecute(TestCaseExecutor.java:439)
	at com.kms.katalon.core.main.TestCaseExecutor.processExecutionPhase(TestCaseExecutor.java:418)
	at com.kms.katalon.core.main.TestCaseExecutor.accessMainPhase(TestCaseExecutor.java:410)
	at com.kms.katalon.core.main.TestCaseExecutor.execute(TestCaseExecutor.java:285)
	at com.kms.katalon.core.common.CommonExecutor.accessTestCaseMainPhase(CommonExecutor.java:65)
	at com.kms.katalon.core.main.TestSuiteExecutor.accessTestSuiteMainPhase(TestSuiteExecutor.java:150)
	at com.kms.katalon.core.main.TestSuiteExecutor.execute(TestSuiteExecutor.java:106)
	at com.kms.katalon.core.main.TestCaseMain.startTestSuite(TestCaseMain.java:180)
	at TempTestSuite1738104956297.run(TempTestSuite1738104956297.groovy:35)
	at java.base/jdk.internal.reflect.NativeMethodAccessorImpl.invoke0(Native Method)
	at java.base/jdk.internal.reflect.NativeMethodAccessorImpl.invoke(NativeMethodAccessorImpl.java:77)
	at java.base/jdk.internal.reflect.DelegatingMethodAccessorImpl.invoke(DelegatingMethodAccessorImpl.java:43)
Caused by: org.openqa.selenium.ElementNotInteractableException: element not interactable
  (Session info: chrome=131.0.6778.265)
Build info: version: '3.141.59', revision: 'unknown', time: 'unknown'
System info: host: 'ENRIQUE', ip: '192.168.100.166', os.name: 'Windows 11', os.arch: 'amd64', os.version: '10.0', java.version: '17.0.7'
Driver info: com.kms.katalon.selenium.driver.CChromeDriver
Capabilities {acceptInsecureCerts: false, browserName: chrome, browserVersion: 131.0.6778.265, chrome: {chromedriverVersion: 130.0.6723.58 (3a50e012e4c9..., userDataDir: C:\Users\Enrique\AppData\Lo...}, fedcm:accounts: true, goog:chromeOptions: {debuggerAddress: localhost:60647}, javascriptEnabled: true, networkConnectionEnabled: false, pageLoadStrategy: normal, platform: WINDOWS, platformName: WINDOWS, proxy: Proxy(), setWindowRect: true, strictFileInteractability: false, timeouts: {implicit: 0, pageLoad: 300000, script: 30000}, unhandledPromptBehavior: dismiss and notify, webauthn:extension:credBlob: true, webauthn:extension:largeBlob: true, webauthn:extension:minPinLength: true, webauthn:extension:prf: true, webauthn:virtualAuthenticators: true}
Session ID: 96a45acc73df15f9709eb4a91ff434ef
	at java.base/jdk.internal.reflect.NativeConstructorAccessorImpl.newInstance0(Native Method)
	at java.base/jdk.internal.reflect.NativeConstructorAccessorImpl.newInstance(NativeConstructorAccessorImpl.java:77)
	at java.base/jdk.internal.reflect.DelegatingConstructorAccessorImpl.newInstance(DelegatingConstructorAccessorImpl.java:45)
	at org.openqa.selenium.remote.http.W3CHttpResponseCodec.createException(W3CHttpResponseCodec.java:187)
	at org.openqa.selenium.remote.http.W3CHttpResponseCodec.decode(W3CHttpResponseCodec.java:122)
	at org.openqa.selenium.remote.http.W3CHttpResponseCodec.decode(W3CHttpResponseCodec.java:49)
	at org.openqa.selenium.remote.HttpCommandExecutor.execute(HttpCommandExecutor.java:158)
	at org.openqa.selenium.remote.service.DriverCommandExecutor.execute(DriverCommandExecutor.java:83)
	at org.openqa.selenium.remote.RemoteWebDriver.execute(RemoteWebDriver.java:552)
	at com.kms.katalon.selenium.driver.CChromeDriver.execute(CChromeDriver.java:19)
	at org.openqa.selenium.remote.RemoteWebElement.execute(RemoteWebElement.java:285)
	at org.openqa.selenium.remote.RemoteWebElement.sendKeys(RemoteWebElement.java:106)
	at java.base/jdk.internal.reflect.NativeMethodAccessorImpl.invoke0(Native Method)
	at java.base/jdk.internal.reflect.NativeMethodAccessorImpl.invoke(NativeMethodAccessorImpl.java:77)
	at java.base/jdk.internal.reflect.DelegatingMethodAccessorImpl.invoke(DelegatingMethodAccessorImpl.java:43)
	at org.openqa.selenium.support.events.EventFiringWebDriver$EventFiringWebElement.lambda$new$0(EventFiringWebDriver.java:404)
	at jdk.proxy2/jdk.proxy2.$Proxy24.sendKeys(Unknown Source)
	at org.openqa.selenium.support.events.EventFiringWebDriver$EventFiringWebElement.sendKeys(EventFiringWebDriver.java:429)
	at com.kms.katalon.core.webui.keyword.builtin.SetTextKeyword$_setText_closure1.doCall(SetTextKeyword.groovy:71)
	at com.kms.katalon.core.webui.keyword.builtin.SetTextKeyword$_setText_closure1.call(SetTextKeyword.groovy)
	at com.kms.katalon.core.webui.keyword.internal.WebUIKeywordMain.runKeyword(WebUIKeywordMain.groovy:35)
	at com.kms.katalon.core.webui.keyword.builtin.SetTextKeyword.setText(SetTextKeyword.groovy:85)
	at com.kms.katalon.core.webui.keyword.builtin.SetTextKeyword.execute(SetTextKeyword.groovy:39)
	at com.kms.katalon.core.keyword.internal.KeywordExecutor.executeKeywordForPlatform(KeywordExecutor.groovy:74)
	at com.kms.katalon.core.webui.keyword.WebUiBuiltInKeywords.setText(WebUiBuiltInKeywords.groovy:1019)
	at Script1727458510239.run(Script1727458510239.groovy:45)
	... 15 more
)

28-01-2025T17:56:51 - [MESSAGE][FAILED] - Unable to set text 'B' of object 'Object Repository/Specific Cases Repository/LS/Home/Calendar/Calendar_Events/Calendar_Events_Creation/Appointment/Page_Calendar/Patien Name' (Root cause: com.kms.katalon.core.exception.StepFailedException: Unable to set text 'B' of object 'Object Repository/Specific Cases Repository/LS/Home/Calendar/Calendar_Events/Calendar_Events_Creation/Appointment/Page_Calendar/Patien Name'
	at com.kms.katalon.core.webui.keyword.internal.WebUIKeywordMain.stepFailed(WebUIKeywordMain.groovy:117)
	at com.kms.katalon.core.webui.keyword.internal.WebUIKeywordMain.runKeyword(WebUIKeywordMain.groovy:43)
	at com.kms.katalon.core.webui.keyword.builtin.SetTextKeyword.setText(SetTextKeyword.groovy:85)
	at com.kms.katalon.core.webui.keyword.builtin.SetTextKeyword.execute(SetTextKeyword.groovy:39)
	at com.kms.katalon.core.keyword.internal.KeywordExecutor.executeKeywordForPlatform(KeywordExecutor.groovy:74)
	at com.kms.katalon.core.webui.keyword.WebUiBuiltInKeywords.setText(WebUiBuiltInKeywords.groovy:1019)
	at Future_Calendar_Appointment.run(Future_Calendar_Appointment:45)
	at com.kms.katalon.core.main.ScriptEngine.run(ScriptEngine.java:194)
	at com.kms.katalon.core.main.ScriptEngine.runScriptAsRawText(ScriptEngine.java:119)
	at com.kms.katalon.core.main.TestCaseExecutor.runScript(TestCaseExecutor.java:448)
	at com.kms.katalon.core.main.TestCaseExecutor.doExecute(TestCaseExecutor.java:439)
	at com.kms.katalon.core.main.TestCaseExecutor.processExecutionPhase(TestCaseExecutor.java:418)
	at com.kms.katalon.core.main.TestCaseExecutor.accessMainPhase(TestCaseExecutor.java:410)
	at com.kms.katalon.core.main.TestCaseExecutor.execute(TestCaseExecutor.java:285)
	at com.kms.katalon.core.common.CommonExecutor.accessTestCaseMainPhase(CommonExecutor.java:65)
	at com.kms.katalon.core.main.TestSuiteExecutor.accessTestSuiteMainPhase(TestSuiteExecutor.java:150)
	at com.kms.katalon.core.main.TestSuiteExecutor.execute(TestSuiteExecutor.java:106)
	at com.kms.katalon.core.main.TestCaseMain.startTestSuite(TestCaseMain.java:180)
	at TempTestSuite1738104956297.run(TempTestSuite1738104956297.groovy:35)
	at java.base/jdk.internal.reflect.NativeMethodAccessorImpl.invoke0(Native Method)
	at java.base/jdk.internal.reflect.NativeMethodAccessorImpl.invoke(NativeMethodAccessorImpl.java:77)
	at java.base/jdk.internal.reflect.DelegatingMethodAccessorImpl.invoke(DelegatingMethodAccessorImpl.java:43)
Caused by: org.openqa.selenium.ElementNotInteractableException: element not interactable
  (Session info: chrome=131.0.6778.265)
Build info: version: '3.141.59', revision: 'unknown', time: 'unknown'
System info: host: 'ENRIQUE', ip: '192.168.100.166', os.name: 'Windows 11', os.arch: 'amd64', os.version: '10.0', java.version: '17.0.7'
Driver info: com.kms.katalon.selenium.driver.CChromeDriver
Capabilities {acceptInsecureCerts: false, browserName: chrome, browserVersion: 131.0.6778.265, chrome: {chromedriverVersion: 130.0.6723.58 (3a50e012e4c9..., userDataDir: C:\Users\Enrique\AppData\Lo...}, fedcm:accounts: true, goog:chromeOptions: {debuggerAddress: localhost:60647}, javascriptEnabled: true, networkConnectionEnabled: false, pageLoadStrategy: normal, platform: WINDOWS, platformName: WINDOWS, proxy: Proxy(), setWindowRect: true, strictFileInteractability: false, timeouts: {implicit: 0, pageLoad: 300000, script: 30000}, unhandledPromptBehavior: dismiss and notify, webauthn:extension:credBlob: true, webauthn:extension:largeBlob: true, webauthn:extension:minPinLength: true, webauthn:extension:prf: true, webauthn:virtualAuthenticators: true}
Session ID: 96a45acc73df15f9709eb4a91ff434ef
	at java.base/jdk.internal.reflect.NativeConstructorAccessorImpl.newInstance0(Native Method)
	at java.base/jdk.internal.reflect.NativeConstructorAccessorImpl.newInstance(NativeConstructorAccessorImpl.java:77)
	at java.base/jdk.internal.reflect.DelegatingConstructorAccessorImpl.newInstance(DelegatingConstructorAccessorImpl.java:45)
	at org.openqa.selenium.remote.http.W3CHttpResponseCodec.createException(W3CHttpResponseCodec.java:187)
	at org.openqa.selenium.remote.http.W3CHttpResponseCodec.decode(W3CHttpResponseCodec.java:122)
	at org.openqa.selenium.remote.http.W3CHttpResponseCodec.decode(W3CHttpResponseCodec.java:49)
	at org.openqa.selenium.remote.HttpCommandExecutor.execute(HttpCommandExecutor.java:158)
	at org.openqa.selenium.remote.service.DriverCommandExecutor.execute(DriverCommandExecutor.java:83)
	at org.openqa.selenium.remote.RemoteWebDriver.execute(RemoteWebDriver.java:552)
	at com.kms.katalon.selenium.driver.CChromeDriver.execute(CChromeDriver.java:19)
	at org.openqa.selenium.remote.RemoteWebElement.execute(RemoteWebElement.java:285)
	at org.openqa.selenium.remote.RemoteWebElement.sendKeys(RemoteWebElement.java:106)
	at java.base/jdk.internal.reflect.NativeMethodAccessorImpl.invoke0(Native Method)
	at java.base/jdk.internal.reflect.NativeMethodAccessorImpl.invoke(NativeMethodAccessorImpl.java:77)
	at java.base/jdk.internal.reflect.DelegatingMethodAccessorImpl.invoke(DelegatingMethodAccessorImpl.java:43)
	at org.openqa.selenium.support.events.EventFiringWebDriver$EventFiringWebElement.lambda$new$0(EventFiringWebDriver.java:404)
	at jdk.proxy2/jdk.proxy2.$Proxy24.sendKeys(Unknown Source)
	at org.openqa.selenium.support.events.EventFiringWebDriver$EventFiringWebElement.sendKeys(EventFiringWebDriver.java:429)
	at com.kms.katalon.core.webui.keyword.builtin.SetTextKeyword$_setText_closure1.doCall(SetTextKeyword.groovy:71)
	at com.kms.katalon.core.webui.keyword.builtin.SetTextKeyword$_setText_closure1.call(SetTextKeyword.groovy)
	at com.kms.katalon.core.webui.keyword.internal.WebUIKeywordMain.runKeyword(WebUIKeywordMain.groovy:35)
	at com.kms.katalon.core.webui.keyword.builtin.SetTextKeyword.setText(SetTextKeyword.groovy:85)
	at com.kms.katalon.core.webui.keyword.builtin.SetTextKeyword.execute(SetTextKeyword.groovy:39)
	at com.kms.katalon.core.keyword.internal.KeywordExecutor.executeKeywordForPlatform(KeywordExecutor.groovy:74)
	at com.kms.katalon.core.webui.keyword.WebUiBuiltInKeywords.setText(WebUiBuiltInKeywords.groovy:1019)
	at Script1727458510239.run(Script1727458510239.groovy:45)
	... 15 more
)
[[ATTACHMENT|C:\\Users\\Enrique\\git\\AUTOMATION_LS\\Reports\\20250128_175555\\LS\\Home\\General\\Calendar\\20250128_175556\\1738105010927.png]]]]></system-out>
         <system-err><![CDATA[28-01-2025T17:56:11 - [TEST_CASE][FAILED] - Test Cases/Specific Cases/LS/General/Calendar/Events_Creation/Future Events Creation/Future_Calendar_Appointment: Test Cases/Specific Cases/LS/General/Calendar/Events_Creation/Future Events Creation/Future_Calendar_Appointment FAILED.
Reason:
com.kms.katalon.core.exception.StepFailedException: Unable to set text 'B' of object 'Object Repository/Specific Cases Repository/LS/Home/Calendar/Calendar_Events/Calendar_Events_Creation/Appointment/Page_Calendar/Patien Name'
	at com.kms.katalon.core.webui.keyword.internal.WebUIKeywordMain.stepFailed(WebUIKeywordMain.groovy:117)
	at com.kms.katalon.core.webui.keyword.internal.WebUIKeywordMain.runKeyword(WebUIKeywordMain.groovy:43)
	at com.kms.katalon.core.webui.keyword.builtin.SetTextKeyword.setText(SetTextKeyword.groovy:85)
	at com.kms.katalon.core.webui.keyword.builtin.SetTextKeyword.execute(SetTextKeyword.groovy:39)
	at com.kms.katalon.core.keyword.internal.KeywordExecutor.executeKeywordForPlatform(KeywordExecutor.groovy:74)
	at com.kms.katalon.core.webui.keyword.WebUiBuiltInKeywords.setText(WebUiBuiltInKeywords.groovy:1019)
	at Future_Calendar_Appointment.run(Future_Calendar_Appointment:45)
	at com.kms.katalon.core.main.ScriptEngine.run(ScriptEngine.java:194)
	at com.kms.katalon.core.main.ScriptEngine.runScriptAsRawText(ScriptEngine.java:119)
	at com.kms.katalon.core.main.TestCaseExecutor.runScript(TestCaseExecutor.java:448)
	at com.kms.katalon.core.main.TestCaseExecutor.doExecute(TestCaseExecutor.java:439)
	at com.kms.katalon.core.main.TestCaseExecutor.processExecutionPhase(TestCaseExecutor.java:418)
	at com.kms.katalon.core.main.TestCaseExecutor.accessMainPhase(TestCaseExecutor.java:410)
	at com.kms.katalon.core.main.TestCaseExecutor.execute(TestCaseExecutor.java:285)
	at com.kms.katalon.core.common.CommonExecutor.accessTestCaseMainPhase(CommonExecutor.java:65)
	at com.kms.katalon.core.main.TestSuiteExecutor.accessTestSuiteMainPhase(TestSuiteExecutor.java:150)
	at com.kms.katalon.core.main.TestSuiteExecutor.execute(TestSuiteExecutor.java:106)
	at com.kms.katalon.core.main.TestCaseMain.startTestSuite(TestCaseMain.java:180)
	at TempTestSuite1738104956297.run(TempTestSuite1738104956297.groovy:35)
	at java.base/jdk.internal.reflect.NativeMethodAccessorImpl.invoke0(Native Method)
	at java.base/jdk.internal.reflect.NativeMethodAccessorImpl.invoke(NativeMethodAccessorImpl.java:77)
	at java.base/jdk.internal.reflect.DelegatingMethodAccessorImpl.invoke(DelegatingMethodAccessorImpl.java:43)
Caused by: org.openqa.selenium.ElementNotInteractableException: element not interactable
  (Session info: chrome=131.0.6778.265)
Build info: version: '3.141.59', revision: 'unknown', time: 'unknown'
System info: host: 'ENRIQUE', ip: '192.168.100.166', os.name: 'Windows 11', os.arch: 'amd64', os.version: '10.0', java.version: '17.0.7'
Driver info: com.kms.katalon.selenium.driver.CChromeDriver
Capabilities {acceptInsecureCerts: false, browserName: chrome, browserVersion: 131.0.6778.265, chrome: {chromedriverVersion: 130.0.6723.58 (3a50e012e4c9..., userDataDir: C:\Users\Enrique\AppData\Lo...}, fedcm:accounts: true, goog:chromeOptions: {debuggerAddress: localhost:60647}, javascriptEnabled: true, networkConnectionEnabled: false, pageLoadStrategy: normal, platform: WINDOWS, platformName: WINDOWS, proxy: Proxy(), setWindowRect: true, strictFileInteractability: false, timeouts: {implicit: 0, pageLoad: 300000, script: 30000}, unhandledPromptBehavior: dismiss and notify, webauthn:extension:credBlob: true, webauthn:extension:largeBlob: true, webauthn:extension:minPinLength: true, webauthn:extension:prf: true, webauthn:virtualAuthenticators: true}
Session ID: 96a45acc73df15f9709eb4a91ff434ef
	at java.base/jdk.internal.reflect.NativeConstructorAccessorImpl.newInstance0(Native Method)
	at java.base/jdk.internal.reflect.NativeConstructorAccessorImpl.newInstance(NativeConstructorAccessorImpl.java:77)
	at java.base/jdk.internal.reflect.DelegatingConstructorAccessorImpl.newInstance(DelegatingConstructorAccessorImpl.java:45)
	at org.openqa.selenium.remote.http.W3CHttpResponseCodec.createException(W3CHttpResponseCodec.java:187)
	at org.openqa.selenium.remote.http.W3CHttpResponseCodec.decode(W3CHttpResponseCodec.java:122)
	at org.openqa.selenium.remote.http.W3CHttpResponseCodec.decode(W3CHttpResponseCodec.java:49)
	at org.openqa.selenium.remote.HttpCommandExecutor.execute(HttpCommandExecutor.java:158)
	at org.openqa.selenium.remote.service.DriverCommandExecutor.execute(DriverCommandExecutor.java:83)
	at org.openqa.selenium.remote.RemoteWebDriver.execute(RemoteWebDriver.java:552)
	at com.kms.katalon.selenium.driver.CChromeDriver.execute(CChromeDriver.java:19)
	at org.openqa.selenium.remote.RemoteWebElement.execute(RemoteWebElement.java:285)
	at org.openqa.selenium.remote.RemoteWebElement.sendKeys(RemoteWebElement.java:106)
	at java.base/jdk.internal.reflect.NativeMethodAccessorImpl.invoke0(Native Method)
	at java.base/jdk.internal.reflect.NativeMethodAccessorImpl.invoke(NativeMethodAccessorImpl.java:77)
	at java.base/jdk.internal.reflect.DelegatingMethodAccessorImpl.invoke(DelegatingMethodAccessorImpl.java:43)
	at org.openqa.selenium.support.events.EventFiringWebDriver$EventFiringWebElement.lambda$new$0(EventFiringWebDriver.java:404)
	at jdk.proxy2/jdk.proxy2.$Proxy24.sendKeys(Unknown Source)
	at org.openqa.selenium.support.events.EventFiringWebDriver$EventFiringWebElement.sendKeys(EventFiringWebDriver.java:429)
	at com.kms.katalon.core.webui.keyword.builtin.SetTextKeyword$_setText_closure1.doCall(SetTextKeyword.groovy:71)
	at com.kms.katalon.core.webui.keyword.builtin.SetTextKeyword$_setText_closure1.call(SetTextKeyword.groovy)
	at com.kms.katalon.core.webui.keyword.internal.WebUIKeywordMain.runKeyword(WebUIKeywordMain.groovy:35)
	... 20 more]]></system-err>
      </testcase>
      <testcase name="Test Cases/Specific Cases/LS/General/Calendar/Events_Creation/Future Events Creation/Future_Calendar_Block" time="29.564" classname="Test Cases/Specific Cases/LS/General/Calendar/Events_Creation/Future Events Creation/Future_Calendar_Block" status="PASSED">
         <system-out><![CDATA[28-01-2025T17:56:51 - [TEST_CASE][PASSED] - Test Cases/Specific Cases/LS/General/Calendar/Events_Creation/Future Events Creation/Future_Calendar_Block: Test Cases/Specific Cases/LS/General/Calendar/Events_Creation/Future Events Creation/Future_Calendar_Block

28-01-2025T17:56:51 - [TEST_STEP][PASSED] - callTestCase(findTestCase("Common Cases/Login"), [:], STOP_ON_FAILURE): Call Test Case 'Test Cases/Common Cases/Login' successfully

28-01-2025T17:56:51 - [TEST_CASE][PASSED] - Test Cases/Common Cases/Login: Test Cases/Common Cases/Login

28-01-2025T17:56:51 - [TEST_STEP][PASSED] - openBrowser(""): Browser is opened with url: ''

28-01-2025T17:56:51 - [MESSAGE][WARNING] - A browser is already opened. Closing browser and opening a new one

28-01-2025T17:56:51 - [MESSAGE][INFO] - Starting 'Chrome' driver

28-01-2025T17:56:51 - [MESSAGE][INFO] - Action delay is set to 0 milliseconds

28-01-2025T17:56:52 - [MESSAGE][PASSED] - Browser is opened with url: ''

28-01-2025T17:56:52 - [TEST_STEP][PASSED] - maximizeWindow(): Current window maximized

28-01-2025T17:56:52 - [MESSAGE][PASSED] - Current window maximized

28-01-2025T17:56:52 - [TEST_STEP][PASSED] - navigateToUrl("https://site17.lsapp.cloud/auth/login"): Navigate to 'https://site17.lsapp.cloud/auth/login' successfully

28-01-2025T17:56:56 - [MESSAGE][PASSED] - Navigate to 'https://site17.lsapp.cloud/auth/login' successfully

28-01-2025T17:56:56 - [TEST_STEP][PASSED] - setText(findTestObject("Object Repository/Common Cases Repository/Login/Page_Lightning Step/input_Email_email"), "automation@lightningstep.com"): Text 'automation@lightningstep.com' is set on object 'Object Repository/Common Cases Repository/Login/Page_Lightning Step/input_Email_email'

28-01-2025T17:56:56 - [MESSAGE][PASSED] - Text 'automation@lightningstep.com' is set on object 'Object Repository/Common Cases Repository/Login/Page_Lightning Step/input_Email_email'

28-01-2025T17:56:56 - [TEST_STEP][PASSED] - setEncryptedText(findTestObject("Object Repository/Common Cases Repository/Login/Page_Lightning Step/input_Password_password"), "e5N8VHmnhJDITtQaQhDQDw=="): Text ****** has been set on object 'Object Repository/Common Cases Repository/Login/Page_Lightning Step/input_Password_password'

28-01-2025T17:56:57 - [MESSAGE][PASSED] - Text ****** has been set on object 'Object Repository/Common Cases Repository/Login/Page_Lightning Step/input_Password_password'

28-01-2025T17:56:57 - [TEST_STEP][PASSED] - click(findTestObject("Object Repository/Common Cases Repository/Login/Page_Lightning Step/button_Sign in")): Object: 'Object Repository/Common Cases Repository/Login/Page_Lightning Step/button_Sign in' is clicked on

28-01-2025T17:57:02 - [MESSAGE][PASSED] - Object: 'Object Repository/Common Cases Repository/Login/Page_Lightning Step/button_Sign in' is clicked on

28-01-2025T17:57:02 - [MESSAGE][PASSED] - Call Test Case 'Test Cases/Common Cases/Login' successfully

28-01-2025T17:57:02 - [TEST_STEP][PASSED] - click(findTestObject("Object Repository/Specific Cases Repository/LS/Home/Calendar/Calendar_Events/Calendar_Events_Creation/Block/Page_Home/a_Calendar")): Object: 'Object Repository/Specific Cases Repository/LS/Home/Calendar/Calendar_Events/Calendar_Events_Creation/Block/Page_Home/a_Calendar' is clicked on

28-01-2025T17:57:07 - [MESSAGE][PASSED] - Object: 'Object Repository/Specific Cases Repository/LS/Home/Calendar/Calendar_Events/Calendar_Events_Creation/Block/Page_Home/a_Calendar' is clicked on

28-01-2025T17:57:07 - [TEST_STEP][PASSED] - click(findTestObject("Object Repository/Specific Cases Repository/LS/Home/Calendar/Calendar_Events/Calendar_Events_Creation/Appointment/Page_Calendar/div_Week")): Object: 'Object Repository/Specific Cases Repository/LS/Home/Calendar/Calendar_Events/Calendar_Events_Creation/Appointment/Page_Calendar/div_Week' is clicked on

28-01-2025T17:57:09 - [MESSAGE][PASSED] - Object: 'Object Repository/Specific Cases Repository/LS/Home/Calendar/Calendar_Events/Calendar_Events_Creation/Appointment/Page_Calendar/div_Week' is clicked on

28-01-2025T17:57:09 - [TEST_STEP][PASSED] - click(findTestObject("Object Repository/Specific Cases Repository/LS/Home/Calendar/Calendar_Events/Calendar_Events_Creation/Block/Page_Calendar/button_Create new")): Object: 'Object Repository/Specific Cases Repository/LS/Home/Calendar/Calendar_Events/Calendar_Events_Creation/Block/Page_Calendar/button_Create new' is clicked on

28-01-2025T17:57:09 - [MESSAGE][PASSED] - Object: 'Object Repository/Specific Cases Repository/LS/Home/Calendar/Calendar_Events/Calendar_Events_Creation/Block/Page_Calendar/button_Create new' is clicked on

28-01-2025T17:57:09 - [TEST_STEP][PASSED] - click(findTestObject("Object Repository/Specific Cases Repository/LS/Home/Calendar/Calendar_Events/Calendar_Events_Creation/Block/Page_Calendar/label_Block")): Object: 'Object Repository/Specific Cases Repository/LS/Home/Calendar/Calendar_Events/Calendar_Events_Creation/Block/Page_Calendar/label_Block' is clicked on

28-01-2025T17:57:11 - [MESSAGE][PASSED] - Object: 'Object Repository/Specific Cases Repository/LS/Home/Calendar/Calendar_Events/Calendar_Events_Creation/Block/Page_Calendar/label_Block' is clicked on

28-01-2025T17:57:11 - [TEST_STEP][PASSED] - setText(findTestObject("Object Repository/Specific Cases Repository/LS/Home/Calendar/Calendar_Events/Calendar_Events_Creation/Block/Page_Calendar/input_Title_title_"), "Future Automation Block"): Text 'Future Automation Block' is set on object 'Object Repository/Specific Cases Repository/LS/Home/Calendar/Calendar_Events/Calendar_Events_Creation/Block/Page_Calendar/input_Title_title_'

28-01-2025T17:57:12 - [MESSAGE][PASSED] - Text 'Future Automation Block' is set on object 'Object Repository/Specific Cases Repository/LS/Home/Calendar/Calendar_Events/Calendar_Events_Creation/Block/Page_Calendar/input_Title_title_'

28-01-2025T17:57:12 - [TEST_STEP][PASSED] - click(findTestObject("Object Repository/Specific Cases Repository/LS/Home/Calendar/Calendar_Events/Calendar_Events_Creation/Appointment/Page_Calendar/Date")): Object: 'Object Repository/Specific Cases Repository/LS/Home/Calendar/Calendar_Events/Calendar_Events_Creation/Appointment/Page_Calendar/Date' is clicked on

28-01-2025T17:57:12 - [MESSAGE][PASSED] - Object: 'Object Repository/Specific Cases Repository/LS/Home/Calendar/Calendar_Events/Calendar_Events_Creation/Appointment/Page_Calendar/Date' is clicked on

28-01-2025T17:57:12 - [TEST_STEP][PASSED] - setText(findTestObject("Object Repository/Specific Cases Repository/LS/Home/Calendar/Calendar_Events/Calendar_Events_Creation/Appointment/Page_Calendar/Date"), Next_Week_Date): Text '02/04/2025' is set on object 'Object Repository/Specific Cases Repository/LS/Home/Calendar/Calendar_Events/Calendar_Events_Creation/Appointment/Page_Calendar/Date'

28-01-2025T17:57:13 - [MESSAGE][PASSED] - Text '02/04/2025' is set on object 'Object Repository/Specific Cases Repository/LS/Home/Calendar/Calendar_Events/Calendar_Events_Creation/Appointment/Page_Calendar/Date'

28-01-2025T17:57:13 - [TEST_STEP][PASSED] - click(findTestObject("Object Repository/Specific Cases Repository/LS/Home/Calendar/Calendar_Events/Calendar_Events_Creation/Appointment/Page_Calendar/Start Time Clock")): Object: 'Object Repository/Specific Cases Repository/LS/Home/Calendar/Calendar_Events/Calendar_Events_Creation/Appointment/Page_Calendar/Start Time Clock' is clicked on

28-01-2025T17:57:15 - [MESSAGE][PASSED] - Object: 'Object Repository/Specific Cases Repository/LS/Home/Calendar/Calendar_Events/Calendar_Events_Creation/Appointment/Page_Calendar/Start Time Clock' is clicked on

28-01-2025T17:57:15 - [TEST_STEP][PASSED] - setText(findTestObject("Object Repository/Specific Cases Repository/LS/Home/Calendar/Calendar_Events/Calendar_Events_Creation/Appointment/Page_Calendar/Start Time Clock"), "1600"): Text '1600' is set on object 'Object Repository/Specific Cases Repository/LS/Home/Calendar/Calendar_Events/Calendar_Events_Creation/Appointment/Page_Calendar/Start Time Clock'

28-01-2025T17:57:15 - [MESSAGE][PASSED] - Text '1600' is set on object 'Object Repository/Specific Cases Repository/LS/Home/Calendar/Calendar_Events/Calendar_Events_Creation/Appointment/Page_Calendar/Start Time Clock'

28-01-2025T17:57:15 - [TEST_STEP][PASSED] - click(findTestObject("Object Repository/Specific Cases Repository/LS/Home/Calendar/Calendar_Events/Calendar_Events_Creation/Block/Page_Calendar/div_Schedule                               _3f20bf")): Object: 'Object Repository/Specific Cases Repository/LS/Home/Calendar/Calendar_Events/Calendar_Events_Creation/Block/Page_Calendar/div_Schedule                               _3f20bf' is clicked on

28-01-2025T17:57:16 - [MESSAGE][PASSED] - Object: 'Object Repository/Specific Cases Repository/LS/Home/Calendar/Calendar_Events/Calendar_Events_Creation/Block/Page_Calendar/div_Schedule                               _3f20bf' is clicked on

28-01-2025T17:57:16 - [TEST_STEP][PASSED] - setText(findTestObject("Object Repository/Specific Cases Repository/LS/Home/Calendar/Calendar_Events/Calendar_Events_Creation/Block/Page_Calendar/input_Notes_notes"), "Future Automation Block Note"): Text 'Future Automation Block Note' is set on object 'Object Repository/Specific Cases Repository/LS/Home/Calendar/Calendar_Events/Calendar_Events_Creation/Block/Page_Calendar/input_Notes_notes'

28-01-2025T17:57:17 - [MESSAGE][PASSED] - Text 'Future Automation Block Note' is set on object 'Object Repository/Specific Cases Repository/LS/Home/Calendar/Calendar_Events/Calendar_Events_Creation/Block/Page_Calendar/input_Notes_notes'

28-01-2025T17:57:17 - [TEST_STEP][PASSED] - click(findTestObject("Object Repository/Specific Cases Repository/LS/Home/Calendar/Calendar_Events/Calendar_Events_Creation/Block/Page_Calendar/a_Save")): Object: 'Object Repository/Specific Cases Repository/LS/Home/Calendar/Calendar_Events/Calendar_Events_Creation/Block/Page_Calendar/a_Save' is clicked on

28-01-2025T17:57:17 - [MESSAGE][PASSED] - Object: 'Object Repository/Specific Cases Repository/LS/Home/Calendar/Calendar_Events/Calendar_Events_Creation/Block/Page_Calendar/a_Save' is clicked on

28-01-2025T17:57:17 - [TEST_STEP][PASSED] - click(findTestObject("Specific Cases Repository/LS/Home/Calendar/Calendar_Events/Calendar_Events_Creation/Appointment/Page_Calendar/Next Week Arrow")): Object: 'Object Repository/Specific Cases Repository/LS/Home/Calendar/Calendar_Events/Calendar_Events_Creation/Appointment/Page_Calendar/Next Week Arrow' is clicked on

28-01-2025T17:57:19 - [MESSAGE][PASSED] - Object: 'Object Repository/Specific Cases Repository/LS/Home/Calendar/Calendar_Events/Calendar_Events_Creation/Appointment/Page_Calendar/Next Week Arrow' is clicked on

28-01-2025T17:57:19 - [TEST_STEP][PASSED] - mouseOver(findTestObject("Specific Cases Repository/LS/Home/Calendar/Calendar_Events/Calendar_Events_Creation/Block/Page_Calendar/a_Blocked for Automation Block - Future")): Object: 'Object Repository/Specific Cases Repository/LS/Home/Calendar/Calendar_Events/Calendar_Events_Creation/Block/Page_Calendar/a_Blocked for Automation Block - Future' is hovered

28-01-2025T17:57:20 - [MESSAGE][PASSED] - Object: 'Object Repository/Specific Cases Repository/LS/Home/Calendar/Calendar_Events/Calendar_Events_Creation/Block/Page_Calendar/a_Blocked for Automation Block - Future' is hovered

28-01-2025T17:57:20 - [TEST_STEP][PASSED] - verifyElementText(findTestObject("Specific Cases Repository/LS/Home/Calendar/Calendar_Events/Calendar_Events_Creation/Block/Page_Calendar/span_Blocked for Future Automation Block"), "Blocked for: Future Automation Block"): Actual text and expected text of test object 'Object Repository/Specific Cases Repository/LS/Home/Calendar/Calendar_Events/Calendar_Events_Creation/Block/Page_Calendar/span_Blocked for Future Automation Block' are matched.

28-01-2025T17:57:20 - [MESSAGE][PASSED] - Actual text and expected text of test object 'Object Repository/Specific Cases Repository/LS/Home/Calendar/Calendar_Events/Calendar_Events_Creation/Block/Page_Calendar/span_Blocked for Future Automation Block' are matched.

28-01-2025T17:57:20 - [TEST_STEP][PASSED] - closeBrowser(): Browser is closed

28-01-2025T17:57:21 - [MESSAGE][PASSED] - Browser is closed]]></system-out>
         <system-err><![CDATA[]]></system-err>
      </testcase>
      <testcase name="Test Cases/Specific Cases/LS/General/Calendar/Events_Creation/Future Events Creation/Future_Calendar_Event" time="27.849" classname="Test Cases/Specific Cases/LS/General/Calendar/Events_Creation/Future Events Creation/Future_Calendar_Event" status="PASSED">
         <system-out><![CDATA[28-01-2025T17:57:21 - [TEST_CASE][PASSED] - Test Cases/Specific Cases/LS/General/Calendar/Events_Creation/Future Events Creation/Future_Calendar_Event: Test Cases/Specific Cases/LS/General/Calendar/Events_Creation/Future Events Creation/Future_Calendar_Event

28-01-2025T17:57:21 - [TEST_STEP][PASSED] - callTestCase(findTestCase("Common Cases/Login"), [:], STOP_ON_FAILURE): Call Test Case 'Test Cases/Common Cases/Login' successfully

28-01-2025T17:57:21 - [TEST_CASE][PASSED] - Test Cases/Common Cases/Login: Test Cases/Common Cases/Login

28-01-2025T17:57:21 - [TEST_STEP][PASSED] - openBrowser(""): Browser is opened with url: ''

28-01-2025T17:57:21 - [MESSAGE][INFO] - Starting 'Chrome' driver

28-01-2025T17:57:21 - [MESSAGE][INFO] - Action delay is set to 0 milliseconds

28-01-2025T17:57:21 - [MESSAGE][PASSED] - Browser is opened with url: ''

28-01-2025T17:57:21 - [TEST_STEP][PASSED] - maximizeWindow(): Current window maximized

28-01-2025T17:57:21 - [MESSAGE][PASSED] - Current window maximized

28-01-2025T17:57:21 - [TEST_STEP][PASSED] - navigateToUrl("https://site17.lsapp.cloud/auth/login"): Navigate to 'https://site17.lsapp.cloud/auth/login' successfully

28-01-2025T17:57:26 - [MESSAGE][PASSED] - Navigate to 'https://site17.lsapp.cloud/auth/login' successfully

28-01-2025T17:57:26 - [TEST_STEP][PASSED] - setText(findTestObject("Object Repository/Common Cases Repository/Login/Page_Lightning Step/input_Email_email"), "automation@lightningstep.com"): Text 'automation@lightningstep.com' is set on object 'Object Repository/Common Cases Repository/Login/Page_Lightning Step/input_Email_email'

28-01-2025T17:57:27 - [MESSAGE][PASSED] - Text 'automation@lightningstep.com' is set on object 'Object Repository/Common Cases Repository/Login/Page_Lightning Step/input_Email_email'

28-01-2025T17:57:27 - [TEST_STEP][PASSED] - setEncryptedText(findTestObject("Object Repository/Common Cases Repository/Login/Page_Lightning Step/input_Password_password"), "e5N8VHmnhJDITtQaQhDQDw=="): Text ****** has been set on object 'Object Repository/Common Cases Repository/Login/Page_Lightning Step/input_Password_password'

28-01-2025T17:57:28 - [MESSAGE][PASSED] - Text ****** has been set on object 'Object Repository/Common Cases Repository/Login/Page_Lightning Step/input_Password_password'

28-01-2025T17:57:28 - [TEST_STEP][PASSED] - click(findTestObject("Object Repository/Common Cases Repository/Login/Page_Lightning Step/button_Sign in")): Object: 'Object Repository/Common Cases Repository/Login/Page_Lightning Step/button_Sign in' is clicked on

28-01-2025T17:57:32 - [MESSAGE][PASSED] - Object: 'Object Repository/Common Cases Repository/Login/Page_Lightning Step/button_Sign in' is clicked on

28-01-2025T17:57:32 - [MESSAGE][PASSED] - Call Test Case 'Test Cases/Common Cases/Login' successfully

28-01-2025T17:57:32 - [TEST_STEP][PASSED] - click(findTestObject("Object Repository/Specific Cases Repository/LS/Home/Calendar/Calendar_Events/Calendar_Events_Creation/Event/Page_Home/a_Calendar")): Object: 'Object Repository/Specific Cases Repository/LS/Home/Calendar/Calendar_Events/Calendar_Events_Creation/Event/Page_Home/a_Calendar' is clicked on

28-01-2025T17:57:37 - [MESSAGE][PASSED] - Object: 'Object Repository/Specific Cases Repository/LS/Home/Calendar/Calendar_Events/Calendar_Events_Creation/Event/Page_Home/a_Calendar' is clicked on

28-01-2025T17:57:37 - [TEST_STEP][PASSED] - click(findTestObject("Object Repository/Specific Cases Repository/LS/Home/Calendar/Calendar_Events/Calendar_Events_Creation/Appointment/Page_Calendar/div_Week")): Object: 'Object Repository/Specific Cases Repository/LS/Home/Calendar/Calendar_Events/Calendar_Events_Creation/Appointment/Page_Calendar/div_Week' is clicked on

28-01-2025T17:57:38 - [MESSAGE][PASSED] - Object: 'Object Repository/Specific Cases Repository/LS/Home/Calendar/Calendar_Events/Calendar_Events_Creation/Appointment/Page_Calendar/div_Week' is clicked on

28-01-2025T17:57:38 - [TEST_STEP][PASSED] - click(findTestObject("Object Repository/Specific Cases Repository/LS/Home/Calendar/Calendar_Events/Calendar_Events_Creation/Event/Page_Calendar/button_Create new")): Object: 'Object Repository/Specific Cases Repository/LS/Home/Calendar/Calendar_Events/Calendar_Events_Creation/Event/Page_Calendar/button_Create new' is clicked on

28-01-2025T17:57:38 - [MESSAGE][PASSED] - Object: 'Object Repository/Specific Cases Repository/LS/Home/Calendar/Calendar_Events/Calendar_Events_Creation/Event/Page_Calendar/button_Create new' is clicked on

28-01-2025T17:57:38 - [TEST_STEP][PASSED] - click(findTestObject("Object Repository/Specific Cases Repository/LS/Home/Calendar/Calendar_Events/Calendar_Events_Creation/Event/Page_Calendar/label_Event")): Object: 'Object Repository/Specific Cases Repository/LS/Home/Calendar/Calendar_Events/Calendar_Events_Creation/Event/Page_Calendar/label_Event' is clicked on

28-01-2025T17:57:39 - [MESSAGE][PASSED] - Object: 'Object Repository/Specific Cases Repository/LS/Home/Calendar/Calendar_Events/Calendar_Events_Creation/Event/Page_Calendar/label_Event' is clicked on

28-01-2025T17:57:39 - [TEST_STEP][PASSED] - setText(findTestObject("Object Repository/Specific Cases Repository/LS/Home/Calendar/Calendar_Events/Calendar_Events_Creation/Event/Page_Calendar/input_Title_title_"), "Future Automation Event"): Text 'Future Automation Event' is set on object 'Object Repository/Specific Cases Repository/LS/Home/Calendar/Calendar_Events/Calendar_Events_Creation/Event/Page_Calendar/input_Title_title_'

28-01-2025T17:57:40 - [MESSAGE][PASSED] - Text 'Future Automation Event' is set on object 'Object Repository/Specific Cases Repository/LS/Home/Calendar/Calendar_Events/Calendar_Events_Creation/Event/Page_Calendar/input_Title_title_'

28-01-2025T17:57:40 - [TEST_STEP][PASSED] - click(findTestObject("Object Repository/Specific Cases Repository/LS/Home/Calendar/Calendar_Events/Calendar_Events_Creation/Appointment/Page_Calendar/Date")): Object: 'Object Repository/Specific Cases Repository/LS/Home/Calendar/Calendar_Events/Calendar_Events_Creation/Appointment/Page_Calendar/Date' is clicked on

28-01-2025T17:57:41 - [MESSAGE][PASSED] - Object: 'Object Repository/Specific Cases Repository/LS/Home/Calendar/Calendar_Events/Calendar_Events_Creation/Appointment/Page_Calendar/Date' is clicked on

28-01-2025T17:57:41 - [TEST_STEP][PASSED] - setText(findTestObject("Object Repository/Specific Cases Repository/LS/Home/Calendar/Calendar_Events/Calendar_Events_Creation/Appointment/Page_Calendar/Date"), Next_Week_Date): Text '02/04/2025' is set on object 'Object Repository/Specific Cases Repository/LS/Home/Calendar/Calendar_Events/Calendar_Events_Creation/Appointment/Page_Calendar/Date'

28-01-2025T17:57:41 - [MESSAGE][PASSED] - Text '02/04/2025' is set on object 'Object Repository/Specific Cases Repository/LS/Home/Calendar/Calendar_Events/Calendar_Events_Creation/Appointment/Page_Calendar/Date'

28-01-2025T17:57:41 - [TEST_STEP][PASSED] - click(findTestObject("Object Repository/Specific Cases Repository/LS/Home/Calendar/Calendar_Events/Calendar_Events_Creation/Appointment/Page_Calendar/Start Time Clock")): Object: 'Object Repository/Specific Cases Repository/LS/Home/Calendar/Calendar_Events/Calendar_Events_Creation/Appointment/Page_Calendar/Start Time Clock' is clicked on

28-01-2025T17:57:42 - [MESSAGE][PASSED] - Object: 'Object Repository/Specific Cases Repository/LS/Home/Calendar/Calendar_Events/Calendar_Events_Creation/Appointment/Page_Calendar/Start Time Clock' is clicked on

28-01-2025T17:57:42 - [TEST_STEP][PASSED] - setText(findTestObject("Object Repository/Specific Cases Repository/LS/Home/Calendar/Calendar_Events/Calendar_Events_Creation/Appointment/Page_Calendar/Start Time Clock"), "1400"): Text '1400' is set on object 'Object Repository/Specific Cases Repository/LS/Home/Calendar/Calendar_Events/Calendar_Events_Creation/Appointment/Page_Calendar/Start Time Clock'

28-01-2025T17:57:43 - [MESSAGE][PASSED] - Text '1400' is set on object 'Object Repository/Specific Cases Repository/LS/Home/Calendar/Calendar_Events/Calendar_Events_Creation/Appointment/Page_Calendar/Start Time Clock'

28-01-2025T17:57:43 - [TEST_STEP][PASSED] - click(findTestObject("Object Repository/Specific Cases Repository/LS/Home/Calendar/Calendar_Events/Calendar_Events_Creation/Event/Page_Calendar/div_Schedule                               _3f20bf")): Object: 'Object Repository/Specific Cases Repository/LS/Home/Calendar/Calendar_Events/Calendar_Events_Creation/Event/Page_Calendar/div_Schedule                               _3f20bf' is clicked on

28-01-2025T17:57:44 - [MESSAGE][PASSED] - Object: 'Object Repository/Specific Cases Repository/LS/Home/Calendar/Calendar_Events/Calendar_Events_Creation/Event/Page_Calendar/div_Schedule                               _3f20bf' is clicked on

28-01-2025T17:57:44 - [TEST_STEP][PASSED] - setText(findTestObject("Object Repository/Specific Cases Repository/LS/Home/Calendar/Calendar_Events/Calendar_Events_Creation/Event/Page_Calendar/input_Notes_notes"), "Future Automation Event Note"): Text 'Future Automation Event Note' is set on object 'Object Repository/Specific Cases Repository/LS/Home/Calendar/Calendar_Events/Calendar_Events_Creation/Event/Page_Calendar/input_Notes_notes'

28-01-2025T17:57:44 - [MESSAGE][PASSED] - Text 'Future Automation Event Note' is set on object 'Object Repository/Specific Cases Repository/LS/Home/Calendar/Calendar_Events/Calendar_Events_Creation/Event/Page_Calendar/input_Notes_notes'

28-01-2025T17:57:44 - [TEST_STEP][PASSED] - click(findTestObject("Object Repository/Specific Cases Repository/LS/Home/Calendar/Calendar_Events/Calendar_Events_Creation/Event/Page_Calendar/a_Save")): Object: 'Object Repository/Specific Cases Repository/LS/Home/Calendar/Calendar_Events/Calendar_Events_Creation/Event/Page_Calendar/a_Save' is clicked on

28-01-2025T17:57:45 - [MESSAGE][PASSED] - Object: 'Object Repository/Specific Cases Repository/LS/Home/Calendar/Calendar_Events/Calendar_Events_Creation/Event/Page_Calendar/a_Save' is clicked on

28-01-2025T17:57:45 - [TEST_STEP][PASSED] - click(findTestObject("Specific Cases Repository/LS/Home/Calendar/Calendar_Events/Calendar_Events_Creation/Appointment/Page_Calendar/Next Week Arrow")): Object: 'Object Repository/Specific Cases Repository/LS/Home/Calendar/Calendar_Events/Calendar_Events_Creation/Appointment/Page_Calendar/Next Week Arrow' is clicked on

28-01-2025T17:57:46 - [MESSAGE][PASSED] - Object: 'Object Repository/Specific Cases Repository/LS/Home/Calendar/Calendar_Events/Calendar_Events_Creation/Appointment/Page_Calendar/Next Week Arrow' is clicked on

28-01-2025T17:57:46 - [TEST_STEP][PASSED] - scrollToElement(findTestObject("Specific Cases Repository/LS/Home/Calendar/Calendar_Events/Calendar_Events_Creation/Event/Page_Calendar/a_Automation Event - Future"), 0): Scroll to object 'Object Repository/Specific Cases Repository/LS/Home/Calendar/Calendar_Events/Calendar_Events_Creation/Event/Page_Calendar/a_Automation Event - Future' successfully

28-01-2025T17:57:46 - [MESSAGE][WARNING] - Timeout '0' is invalid. Using default page load timeout: '30'

28-01-2025T17:57:47 - [MESSAGE][PASSED] - Scroll to object 'Object Repository/Specific Cases Repository/LS/Home/Calendar/Calendar_Events/Calendar_Events_Creation/Event/Page_Calendar/a_Automation Event - Future' successfully

28-01-2025T17:57:47 - [TEST_STEP][PASSED] - mouseOver(findTestObject("Specific Cases Repository/LS/Home/Calendar/Calendar_Events/Calendar_Events_Creation/Event/Page_Calendar/a_Automation Event - Future")): Object: 'Object Repository/Specific Cases Repository/LS/Home/Calendar/Calendar_Events/Calendar_Events_Creation/Event/Page_Calendar/a_Automation Event - Future' is hovered

28-01-2025T17:57:48 - [MESSAGE][PASSED] - Object: 'Object Repository/Specific Cases Repository/LS/Home/Calendar/Calendar_Events/Calendar_Events_Creation/Event/Page_Calendar/a_Automation Event - Future' is hovered

28-01-2025T17:57:48 - [TEST_STEP][PASSED] - verifyElementText(findTestObject("Specific Cases Repository/LS/Home/Calendar/Calendar_Events/Calendar_Events_Creation/Event/Page_Calendar/span_Automation Event - Future"), "Future Automation Event"): Actual text and expected text of test object 'Object Repository/Specific Cases Repository/LS/Home/Calendar/Calendar_Events/Calendar_Events_Creation/Event/Page_Calendar/span_Automation Event - Future' are matched.

28-01-2025T17:57:48 - [MESSAGE][PASSED] - Actual text and expected text of test object 'Object Repository/Specific Cases Repository/LS/Home/Calendar/Calendar_Events/Calendar_Events_Creation/Event/Page_Calendar/span_Automation Event - Future' are matched.

28-01-2025T17:57:48 - [TEST_STEP][PASSED] - closeBrowser(): Browser is closed

28-01-2025T17:57:48 - [MESSAGE][PASSED] - Browser is closed]]></system-out>
         <system-err><![CDATA[]]></system-err>
      </testcase>
      <testcase name="Test Cases/Specific Cases/LS/General/Calendar/Events_Creation/Future Events Creation/Future_Calendar_Groups" time="36.477" classname="Test Cases/Specific Cases/LS/General/Calendar/Events_Creation/Future Events Creation/Future_Calendar_Groups" status="FAILED">
         <failure type="FAILED" message="Test Cases/Specific Cases/LS/General/Calendar/Events_Creation/Future Events Creation/Future_Calendar_Groups FAILED.&#xa;Reason:&#xa;com.kms.katalon.core.exception.StepFailedException: Unable to set text '1.1' of object 'Object Repository/Specific Cases Repository/LS/Home/Calendar/Calendar_Events/Calendar_Events_Creation/Page_Calendar/input_Loading_select2-search__field'&#xa;	at com.kms.katalon.core.webui.keyword.internal.WebUIKeywordMain.stepFailed(WebUIKeywordMain.groovy:117)&#xa;	at com.kms.katalon.core.webui.keyword.internal.WebUIKeywordMain.runKeyword(WebUIKeywordMain.groovy:43)&#xa;	at com.kms.katalon.core.webui.keyword.builtin.SetTextKeyword.setText(SetTextKeyword.groovy:85)&#xa;	at com.kms.katalon.core.webui.keyword.builtin.SetTextKeyword.execute(SetTextKeyword.groovy:39)&#xa;	at com.kms.katalon.core.keyword.internal.KeywordExecutor.executeKeywordForPlatform(KeywordExecutor.groovy:74)&#xa;	at com.kms.katalon.core.webui.keyword.WebUiBuiltInKeywords.setText(WebUiBuiltInKeywords.groovy:1019)&#xa;	at Future_Calendar_Groups.run(Future_Calendar_Groups:42)&#xa;	at com.kms.katalon.core.main.ScriptEngine.run(ScriptEngine.java:194)&#xa;	at com.kms.katalon.core.main.ScriptEngine.runScriptAsRawText(ScriptEngine.java:119)&#xa;	at com.kms.katalon.core.main.TestCaseExecutor.runScript(TestCaseExecutor.java:448)&#xa;	at com.kms.katalon.core.main.TestCaseExecutor.doExecute(TestCaseExecutor.java:439)&#xa;	at com.kms.katalon.core.main.TestCaseExecutor.processExecutionPhase(TestCaseExecutor.java:418)&#xa;	at com.kms.katalon.core.main.TestCaseExecutor.accessMainPhase(TestCaseExecutor.java:410)&#xa;	at com.kms.katalon.core.main.TestCaseExecutor.execute(TestCaseExecutor.java:285)&#xa;	at com.kms.katalon.core.common.CommonExecutor.accessTestCaseMainPhase(CommonExecutor.java:65)&#xa;	at com.kms.katalon.core.main.TestSuiteExecutor.accessTestSuiteMainPhase(TestSuiteExecutor.java:150)&#xa;	at com.kms.katalon.core.main.TestSuiteExecutor.execute(TestSuiteExecutor.java:106)&#xa;	at com.kms.katalon.core.main.TestCaseMain.startTestSuite(TestCaseMain.java:180)&#xa;	at TempTestSuite1738104956297.run(TempTestSuite1738104956297.groovy:35)&#xa;	at java.base/jdk.internal.reflect.NativeMethodAccessorImpl.invoke0(Native Method)&#xa;	at java.base/jdk.internal.reflect.NativeMethodAccessorImpl.invoke(NativeMethodAccessorImpl.java:77)&#xa;	at java.base/jdk.internal.reflect.DelegatingMethodAccessorImpl.invoke(DelegatingMethodAccessorImpl.java:43)&#xa;Caused by: org.openqa.selenium.ElementNotInteractableException: element not interactable&#xa;  (Session info: chrome=131.0.6778.265)&#xa;Build info: version: '3.141.59', revision: 'unknown', time: 'unknown'&#xa;System info: host: 'ENRIQUE', ip: '192.168.100.166', os.name: 'Windows 11', os.arch: 'amd64', os.version: '10.0', java.version: '17.0.7'&#xa;Driver info: com.kms.katalon.selenium.driver.CChromeDriver&#xa;Capabilities {acceptInsecureCerts: false, browserName: chrome, browserVersion: 131.0.6778.265, chrome: {chromedriverVersion: 130.0.6723.58 (3a50e012e4c9..., userDataDir: C:\Users\Enrique\AppData\Lo...}, fedcm:accounts: true, goog:chromeOptions: {debuggerAddress: localhost:61775}, javascriptEnabled: true, networkConnectionEnabled: false, pageLoadStrategy: normal, platform: WINDOWS, platformName: WINDOWS, proxy: Proxy(), setWindowRect: true, strictFileInteractability: false, timeouts: {implicit: 0, pageLoad: 300000, script: 30000}, unhandledPromptBehavior: dismiss and notify, webauthn:extension:credBlob: true, webauthn:extension:largeBlob: true, webauthn:extension:minPinLength: true, webauthn:extension:prf: true, webauthn:virtualAuthenticators: true}&#xa;Session ID: ff2307c53f28eb9b2aad0dc52ff4a98c&#xa;	at java.base/jdk.internal.reflect.NativeConstructorAccessorImpl.newInstance0(Native Method)&#xa;	at java.base/jdk.internal.reflect.NativeConstructorAccessorImpl.newInstance(NativeConstructorAccessorImpl.java:77)&#xa;	at java.base/jdk.internal.reflect.DelegatingConstructorAccessorImpl.newInstance(DelegatingConstructorAccessorImpl.java:45)&#xa;	at org.openqa.selenium.remote.http.W3CHttpResponseCodec.createException(W3CHttpResponseCodec.java:187)&#xa;	at org.openqa.selenium.remote.http.W3CHttpResponseCodec.decode(W3CHttpResponseCodec.java:122)&#xa;	at org.openqa.selenium.remote.http.W3CHttpResponseCodec.decode(W3CHttpResponseCodec.java:49)&#xa;	at org.openqa.selenium.remote.HttpCommandExecutor.execute(HttpCommandExecutor.java:158)&#xa;	at org.openqa.selenium.remote.service.DriverCommandExecutor.execute(DriverCommandExecutor.java:83)&#xa;	at org.openqa.selenium.remote.RemoteWebDriver.execute(RemoteWebDriver.java:552)&#xa;	at com.kms.katalon.selenium.driver.CChromeDriver.execute(CChromeDriver.java:19)&#xa;	at org.openqa.selenium.remote.RemoteWebElement.execute(RemoteWebElement.java:285)&#xa;	at org.openqa.selenium.remote.RemoteWebElement.sendKeys(RemoteWebElement.java:106)&#xa;	at jdk.internal.reflect.GeneratedMethodAccessor21.invoke(Unknown Source)&#xa;	at java.base/jdk.internal.reflect.DelegatingMethodAccessorImpl.invoke(DelegatingMethodAccessorImpl.java:43)&#xa;	at org.openqa.selenium.support.events.EventFiringWebDriver$EventFiringWebElement.lambda$new$0(EventFiringWebDriver.java:404)&#xa;	at jdk.proxy2/jdk.proxy2.$Proxy24.sendKeys(Unknown Source)&#xa;	at org.openqa.selenium.support.events.EventFiringWebDriver$EventFiringWebElement.sendKeys(EventFiringWebDriver.java:429)&#xa;	at com.kms.katalon.core.webui.keyword.builtin.SetTextKeyword$_setText_closure1.doCall(SetTextKeyword.groovy:71)&#xa;	at com.kms.katalon.core.webui.keyword.builtin.SetTextKeyword$_setText_closure1.call(SetTextKeyword.groovy)&#xa;	at com.kms.katalon.core.webui.keyword.internal.WebUIKeywordMain.runKeyword(WebUIKeywordMain.groovy:35)&#xa;	... 20 more&#xa;"/>
         <system-out><![CDATA[28-01-2025T17:57:48 - [TEST_CASE][FAILED] - Test Cases/Specific Cases/LS/General/Calendar/Events_Creation/Future Events Creation/Future_Calendar_Groups: Test Cases/Specific Cases/LS/General/Calendar/Events_Creation/Future Events Creation/Future_Calendar_Groups FAILED.
Reason:
com.kms.katalon.core.exception.StepFailedException: Unable to set text '1.1' of object 'Object Repository/Specific Cases Repository/LS/Home/Calendar/Calendar_Events/Calendar_Events_Creation/Page_Calendar/input_Loading_select2-search__field'
	at com.kms.katalon.core.webui.keyword.internal.WebUIKeywordMain.stepFailed(WebUIKeywordMain.groovy:117)
	at com.kms.katalon.core.webui.keyword.internal.WebUIKeywordMain.runKeyword(WebUIKeywordMain.groovy:43)
	at com.kms.katalon.core.webui.keyword.builtin.SetTextKeyword.setText(SetTextKeyword.groovy:85)
	at com.kms.katalon.core.webui.keyword.builtin.SetTextKeyword.execute(SetTextKeyword.groovy:39)
	at com.kms.katalon.core.keyword.internal.KeywordExecutor.executeKeywordForPlatform(KeywordExecutor.groovy:74)
	at com.kms.katalon.core.webui.keyword.WebUiBuiltInKeywords.setText(WebUiBuiltInKeywords.groovy:1019)
	at Future_Calendar_Groups.run(Future_Calendar_Groups:42)
	at com.kms.katalon.core.main.ScriptEngine.run(ScriptEngine.java:194)
	at com.kms.katalon.core.main.ScriptEngine.runScriptAsRawText(ScriptEngine.java:119)
	at com.kms.katalon.core.main.TestCaseExecutor.runScript(TestCaseExecutor.java:448)
	at com.kms.katalon.core.main.TestCaseExecutor.doExecute(TestCaseExecutor.java:439)
	at com.kms.katalon.core.main.TestCaseExecutor.processExecutionPhase(TestCaseExecutor.java:418)
	at com.kms.katalon.core.main.TestCaseExecutor.accessMainPhase(TestCaseExecutor.java:410)
	at com.kms.katalon.core.main.TestCaseExecutor.execute(TestCaseExecutor.java:285)
	at com.kms.katalon.core.common.CommonExecutor.accessTestCaseMainPhase(CommonExecutor.java:65)
	at com.kms.katalon.core.main.TestSuiteExecutor.accessTestSuiteMainPhase(TestSuiteExecutor.java:150)
	at com.kms.katalon.core.main.TestSuiteExecutor.execute(TestSuiteExecutor.java:106)
	at com.kms.katalon.core.main.TestCaseMain.startTestSuite(TestCaseMain.java:180)
	at TempTestSuite1738104956297.run(TempTestSuite1738104956297.groovy:35)
	at java.base/jdk.internal.reflect.NativeMethodAccessorImpl.invoke0(Native Method)
	at java.base/jdk.internal.reflect.NativeMethodAccessorImpl.invoke(NativeMethodAccessorImpl.java:77)
	at java.base/jdk.internal.reflect.DelegatingMethodAccessorImpl.invoke(DelegatingMethodAccessorImpl.java:43)
Caused by: org.openqa.selenium.ElementNotInteractableException: element not interactable
  (Session info: chrome=131.0.6778.265)
Build info: version: '3.141.59', revision: 'unknown', time: 'unknown'
System info: host: 'ENRIQUE', ip: '192.168.100.166', os.name: 'Windows 11', os.arch: 'amd64', os.version: '10.0', java.version: '17.0.7'
Driver info: com.kms.katalon.selenium.driver.CChromeDriver
Capabilities {acceptInsecureCerts: false, browserName: chrome, browserVersion: 131.0.6778.265, chrome: {chromedriverVersion: 130.0.6723.58 (3a50e012e4c9..., userDataDir: C:\Users\Enrique\AppData\Lo...}, fedcm:accounts: true, goog:chromeOptions: {debuggerAddress: localhost:61775}, javascriptEnabled: true, networkConnectionEnabled: false, pageLoadStrategy: normal, platform: WINDOWS, platformName: WINDOWS, proxy: Proxy(), setWindowRect: true, strictFileInteractability: false, timeouts: {implicit: 0, pageLoad: 300000, script: 30000}, unhandledPromptBehavior: dismiss and notify, webauthn:extension:credBlob: true, webauthn:extension:largeBlob: true, webauthn:extension:minPinLength: true, webauthn:extension:prf: true, webauthn:virtualAuthenticators: true}
Session ID: ff2307c53f28eb9b2aad0dc52ff4a98c
	at java.base/jdk.internal.reflect.NativeConstructorAccessorImpl.newInstance0(Native Method)
	at java.base/jdk.internal.reflect.NativeConstructorAccessorImpl.newInstance(NativeConstructorAccessorImpl.java:77)
	at java.base/jdk.internal.reflect.DelegatingConstructorAccessorImpl.newInstance(DelegatingConstructorAccessorImpl.java:45)
	at org.openqa.selenium.remote.http.W3CHttpResponseCodec.createException(W3CHttpResponseCodec.java:187)
	at org.openqa.selenium.remote.http.W3CHttpResponseCodec.decode(W3CHttpResponseCodec.java:122)
	at org.openqa.selenium.remote.http.W3CHttpResponseCodec.decode(W3CHttpResponseCodec.java:49)
	at org.openqa.selenium.remote.HttpCommandExecutor.execute(HttpCommandExecutor.java:158)
	at org.openqa.selenium.remote.service.DriverCommandExecutor.execute(DriverCommandExecutor.java:83)
	at org.openqa.selenium.remote.RemoteWebDriver.execute(RemoteWebDriver.java:552)
	at com.kms.katalon.selenium.driver.CChromeDriver.execute(CChromeDriver.java:19)
	at org.openqa.selenium.remote.RemoteWebElement.execute(RemoteWebElement.java:285)
	at org.openqa.selenium.remote.RemoteWebElement.sendKeys(RemoteWebElement.java:106)
	at jdk.internal.reflect.GeneratedMethodAccessor21.invoke(Unknown Source)
	at java.base/jdk.internal.reflect.DelegatingMethodAccessorImpl.invoke(DelegatingMethodAccessorImpl.java:43)
	at org.openqa.selenium.support.events.EventFiringWebDriver$EventFiringWebElement.lambda$new$0(EventFiringWebDriver.java:404)
	at jdk.proxy2/jdk.proxy2.$Proxy24.sendKeys(Unknown Source)
	at org.openqa.selenium.support.events.EventFiringWebDriver$EventFiringWebElement.sendKeys(EventFiringWebDriver.java:429)
	at com.kms.katalon.core.webui.keyword.builtin.SetTextKeyword$_setText_closure1.doCall(SetTextKeyword.groovy:71)
	at com.kms.katalon.core.webui.keyword.builtin.SetTextKeyword$_setText_closure1.call(SetTextKeyword.groovy)
	at com.kms.katalon.core.webui.keyword.internal.WebUIKeywordMain.runKeyword(WebUIKeywordMain.groovy:35)
	... 20 more


28-01-2025T17:57:49 - [TEST_STEP][PASSED] - callTestCase(findTestCase("Common Cases/Login"), [:], STOP_ON_FAILURE): Call Test Case 'Test Cases/Common Cases/Login' successfully

28-01-2025T17:57:49 - [TEST_CASE][PASSED] - Test Cases/Common Cases/Login: Test Cases/Common Cases/Login

28-01-2025T17:57:49 - [TEST_STEP][PASSED] - openBrowser(""): Browser is opened with url: ''

28-01-2025T17:57:49 - [MESSAGE][INFO] - Starting 'Chrome' driver

28-01-2025T17:57:49 - [MESSAGE][INFO] - Action delay is set to 0 milliseconds

28-01-2025T17:57:49 - [MESSAGE][PASSED] - Browser is opened with url: ''

28-01-2025T17:57:49 - [TEST_STEP][PASSED] - maximizeWindow(): Current window maximized

28-01-2025T17:57:49 - [MESSAGE][PASSED] - Current window maximized

28-01-2025T17:57:49 - [TEST_STEP][PASSED] - navigateToUrl("https://site17.lsapp.cloud/auth/login"): Navigate to 'https://site17.lsapp.cloud/auth/login' successfully

28-01-2025T17:57:55 - [MESSAGE][PASSED] - Navigate to 'https://site17.lsapp.cloud/auth/login' successfully

28-01-2025T17:57:55 - [TEST_STEP][PASSED] - setText(findTestObject("Object Repository/Common Cases Repository/Login/Page_Lightning Step/input_Email_email"), "automation@lightningstep.com"): Text 'automation@lightningstep.com' is set on object 'Object Repository/Common Cases Repository/Login/Page_Lightning Step/input_Email_email'

28-01-2025T17:57:56 - [MESSAGE][PASSED] - Text 'automation@lightningstep.com' is set on object 'Object Repository/Common Cases Repository/Login/Page_Lightning Step/input_Email_email'

28-01-2025T17:57:56 - [TEST_STEP][PASSED] - setEncryptedText(findTestObject("Object Repository/Common Cases Repository/Login/Page_Lightning Step/input_Password_password"), "e5N8VHmnhJDITtQaQhDQDw=="): Text ****** has been set on object 'Object Repository/Common Cases Repository/Login/Page_Lightning Step/input_Password_password'

28-01-2025T17:57:56 - [MESSAGE][PASSED] - Text ****** has been set on object 'Object Repository/Common Cases Repository/Login/Page_Lightning Step/input_Password_password'

28-01-2025T17:57:56 - [TEST_STEP][PASSED] - click(findTestObject("Object Repository/Common Cases Repository/Login/Page_Lightning Step/button_Sign in")): Object: 'Object Repository/Common Cases Repository/Login/Page_Lightning Step/button_Sign in' is clicked on

28-01-2025T17:58:08 - [MESSAGE][PASSED] - Object: 'Object Repository/Common Cases Repository/Login/Page_Lightning Step/button_Sign in' is clicked on

28-01-2025T17:58:08 - [MESSAGE][PASSED] - Call Test Case 'Test Cases/Common Cases/Login' successfully

28-01-2025T17:58:08 - [TEST_STEP][PASSED] - click(findTestObject("Object Repository/Specific Cases Repository/LS/Home/Calendar/Calendar_Events/Calendar_Events_Creation/Group/Page_Home/a_Calendar")): Object: 'Object Repository/Specific Cases Repository/LS/Home/Calendar/Calendar_Events/Calendar_Events_Creation/Group/Page_Home/a_Calendar' is clicked on

28-01-2025T17:58:14 - [MESSAGE][PASSED] - Object: 'Object Repository/Specific Cases Repository/LS/Home/Calendar/Calendar_Events/Calendar_Events_Creation/Group/Page_Home/a_Calendar' is clicked on

28-01-2025T17:58:14 - [TEST_STEP][PASSED] - click(findTestObject("Object Repository/Specific Cases Repository/LS/Home/Calendar/Calendar_Events/Calendar_Events_Creation/Appointment/Page_Calendar/div_Week")): Object: 'Object Repository/Specific Cases Repository/LS/Home/Calendar/Calendar_Events/Calendar_Events_Creation/Appointment/Page_Calendar/div_Week' is clicked on

28-01-2025T17:58:15 - [MESSAGE][PASSED] - Object: 'Object Repository/Specific Cases Repository/LS/Home/Calendar/Calendar_Events/Calendar_Events_Creation/Appointment/Page_Calendar/div_Week' is clicked on

28-01-2025T17:58:15 - [TEST_STEP][PASSED] - click(findTestObject("Object Repository/Specific Cases Repository/LS/Home/Calendar/Calendar_Events/Calendar_Events_Creation/Page_Calendar/button_Create new")): Object: 'Object Repository/Specific Cases Repository/LS/Home/Calendar/Calendar_Events/Calendar_Events_Creation/Page_Calendar/button_Create new' is clicked on

28-01-2025T17:58:16 - [MESSAGE][PASSED] - Object: 'Object Repository/Specific Cases Repository/LS/Home/Calendar/Calendar_Events/Calendar_Events_Creation/Page_Calendar/button_Create new' is clicked on

28-01-2025T17:58:16 - [TEST_STEP][PASSED] - click(findTestObject("Object Repository/Specific Cases Repository/LS/Home/Calendar/Calendar_Events/Calendar_Events_Creation/Page_Calendar/label_Group")): Object: 'Object Repository/Specific Cases Repository/LS/Home/Calendar/Calendar_Events/Calendar_Events_Creation/Page_Calendar/label_Group' is clicked on

28-01-2025T17:58:17 - [MESSAGE][PASSED] - Object: 'Object Repository/Specific Cases Repository/LS/Home/Calendar/Calendar_Events/Calendar_Events_Creation/Page_Calendar/label_Group' is clicked on

28-01-2025T17:58:17 - [TEST_STEP][PASSED] - click(findTestObject("Object Repository/Specific Cases Repository/LS/Home/Calendar/Calendar_Events/Calendar_Events_Creation/Page_Calendar/Groups Selector")): Object: 'Object Repository/Specific Cases Repository/LS/Home/Calendar/Calendar_Events/Calendar_Events_Creation/Page_Calendar/Groups Selector' is clicked on

28-01-2025T17:58:18 - [MESSAGE][PASSED] - Object: 'Object Repository/Specific Cases Repository/LS/Home/Calendar/Calendar_Events/Calendar_Events_Creation/Page_Calendar/Groups Selector' is clicked on

28-01-2025T17:58:18 - [TEST_STEP][PASSED] - click(findTestObject("Object Repository/Specific Cases Repository/LS/Home/Calendar/Calendar_Events/Calendar_Events_Creation/Page_Calendar/a_Cancel")): Object: 'Object Repository/Specific Cases Repository/LS/Home/Calendar/Calendar_Events/Calendar_Events_Creation/Page_Calendar/a_Cancel' is clicked on

28-01-2025T17:58:21 - [MESSAGE][PASSED] - Object: 'Object Repository/Specific Cases Repository/LS/Home/Calendar/Calendar_Events/Calendar_Events_Creation/Page_Calendar/a_Cancel' is clicked on

28-01-2025T17:58:21 - [TEST_STEP][PASSED] - click(findTestObject("Object Repository/Specific Cases Repository/LS/Home/Calendar/Calendar_Events/Calendar_Events_Creation/Page_Calendar/button_Create new")): Object: 'Object Repository/Specific Cases Repository/LS/Home/Calendar/Calendar_Events/Calendar_Events_Creation/Page_Calendar/button_Create new' is clicked on

28-01-2025T17:58:21 - [MESSAGE][PASSED] - Object: 'Object Repository/Specific Cases Repository/LS/Home/Calendar/Calendar_Events/Calendar_Events_Creation/Page_Calendar/button_Create new' is clicked on

28-01-2025T17:58:21 - [TEST_STEP][PASSED] - click(findTestObject("Object Repository/Specific Cases Repository/LS/Home/Calendar/Calendar_Events/Calendar_Events_Creation/Page_Calendar/label_Group")): Object: 'Object Repository/Specific Cases Repository/LS/Home/Calendar/Calendar_Events/Calendar_Events_Creation/Page_Calendar/label_Group' is clicked on

28-01-2025T17:58:22 - [MESSAGE][PASSED] - Object: 'Object Repository/Specific Cases Repository/LS/Home/Calendar/Calendar_Events/Calendar_Events_Creation/Page_Calendar/label_Group' is clicked on

28-01-2025T17:58:22 - [TEST_STEP][PASSED] - click(findTestObject("Object Repository/Specific Cases Repository/LS/Home/Calendar/Calendar_Events/Calendar_Events_Creation/Page_Calendar/label_Group")): Object: 'Object Repository/Specific Cases Repository/LS/Home/Calendar/Calendar_Events/Calendar_Events_Creation/Page_Calendar/label_Group' is clicked on

28-01-2025T17:58:23 - [MESSAGE][PASSED] - Object: 'Object Repository/Specific Cases Repository/LS/Home/Calendar/Calendar_Events/Calendar_Events_Creation/Page_Calendar/label_Group' is clicked on

28-01-2025T17:58:23 - [TEST_STEP][PASSED] - click(findTestObject("Object Repository/Specific Cases Repository/LS/Home/Calendar/Calendar_Events/Calendar_Events_Creation/Page_Calendar/Groups Selector")): Object: 'Object Repository/Specific Cases Repository/LS/Home/Calendar/Calendar_Events/Calendar_Events_Creation/Page_Calendar/Groups Selector' is clicked on

28-01-2025T17:58:24 - [MESSAGE][PASSED] - Object: 'Object Repository/Specific Cases Repository/LS/Home/Calendar/Calendar_Events/Calendar_Events_Creation/Page_Calendar/Groups Selector' is clicked on

28-01-2025T17:58:24 - [TEST_STEP][FAILED] - setText(findTestObject("Object Repository/Specific Cases Repository/LS/Home/Calendar/Calendar_Events/Calendar_Events_Creation/Page_Calendar/input_Loading_select2-search__field"), "1.1"): Unable to set text '1.1' of object 'Object Repository/Specific Cases Repository/LS/Home/Calendar/Calendar_Events/Calendar_Events_Creation/Page_Calendar/input_Loading_select2-search__field' (Root cause: com.kms.katalon.core.exception.StepFailedException: Unable to set text '1.1' of object 'Object Repository/Specific Cases Repository/LS/Home/Calendar/Calendar_Events/Calendar_Events_Creation/Page_Calendar/input_Loading_select2-search__field'
	at com.kms.katalon.core.webui.keyword.internal.WebUIKeywordMain.stepFailed(WebUIKeywordMain.groovy:117)
	at com.kms.katalon.core.webui.keyword.internal.WebUIKeywordMain.runKeyword(WebUIKeywordMain.groovy:43)
	at com.kms.katalon.core.webui.keyword.builtin.SetTextKeyword.setText(SetTextKeyword.groovy:85)
	at com.kms.katalon.core.webui.keyword.builtin.SetTextKeyword.execute(SetTextKeyword.groovy:39)
	at com.kms.katalon.core.keyword.internal.KeywordExecutor.executeKeywordForPlatform(KeywordExecutor.groovy:74)
	at com.kms.katalon.core.webui.keyword.WebUiBuiltInKeywords.setText(WebUiBuiltInKeywords.groovy:1019)
	at Future_Calendar_Groups.run(Future_Calendar_Groups:42)
	at com.kms.katalon.core.main.ScriptEngine.run(ScriptEngine.java:194)
	at com.kms.katalon.core.main.ScriptEngine.runScriptAsRawText(ScriptEngine.java:119)
	at com.kms.katalon.core.main.TestCaseExecutor.runScript(TestCaseExecutor.java:448)
	at com.kms.katalon.core.main.TestCaseExecutor.doExecute(TestCaseExecutor.java:439)
	at com.kms.katalon.core.main.TestCaseExecutor.processExecutionPhase(TestCaseExecutor.java:418)
	at com.kms.katalon.core.main.TestCaseExecutor.accessMainPhase(TestCaseExecutor.java:410)
	at com.kms.katalon.core.main.TestCaseExecutor.execute(TestCaseExecutor.java:285)
	at com.kms.katalon.core.common.CommonExecutor.accessTestCaseMainPhase(CommonExecutor.java:65)
	at com.kms.katalon.core.main.TestSuiteExecutor.accessTestSuiteMainPhase(TestSuiteExecutor.java:150)
	at com.kms.katalon.core.main.TestSuiteExecutor.execute(TestSuiteExecutor.java:106)
	at com.kms.katalon.core.main.TestCaseMain.startTestSuite(TestCaseMain.java:180)
	at TempTestSuite1738104956297.run(TempTestSuite1738104956297.groovy:35)
	at java.base/jdk.internal.reflect.NativeMethodAccessorImpl.invoke0(Native Method)
	at java.base/jdk.internal.reflect.NativeMethodAccessorImpl.invoke(NativeMethodAccessorImpl.java:77)
	at java.base/jdk.internal.reflect.DelegatingMethodAccessorImpl.invoke(DelegatingMethodAccessorImpl.java:43)
Caused by: org.openqa.selenium.ElementNotInteractableException: element not interactable
  (Session info: chrome=131.0.6778.265)
Build info: version: '3.141.59', revision: 'unknown', time: 'unknown'
System info: host: 'ENRIQUE', ip: '192.168.100.166', os.name: 'Windows 11', os.arch: 'amd64', os.version: '10.0', java.version: '17.0.7'
Driver info: com.kms.katalon.selenium.driver.CChromeDriver
Capabilities {acceptInsecureCerts: false, browserName: chrome, browserVersion: 131.0.6778.265, chrome: {chromedriverVersion: 130.0.6723.58 (3a50e012e4c9..., userDataDir: C:\Users\Enrique\AppData\Lo...}, fedcm:accounts: true, goog:chromeOptions: {debuggerAddress: localhost:61775}, javascriptEnabled: true, networkConnectionEnabled: false, pageLoadStrategy: normal, platform: WINDOWS, platformName: WINDOWS, proxy: Proxy(), setWindowRect: true, strictFileInteractability: false, timeouts: {implicit: 0, pageLoad: 300000, script: 30000}, unhandledPromptBehavior: dismiss and notify, webauthn:extension:credBlob: true, webauthn:extension:largeBlob: true, webauthn:extension:minPinLength: true, webauthn:extension:prf: true, webauthn:virtualAuthenticators: true}
Session ID: ff2307c53f28eb9b2aad0dc52ff4a98c
	at java.base/jdk.internal.reflect.NativeConstructorAccessorImpl.newInstance0(Native Method)
	at java.base/jdk.internal.reflect.NativeConstructorAccessorImpl.newInstance(NativeConstructorAccessorImpl.java:77)
	at java.base/jdk.internal.reflect.DelegatingConstructorAccessorImpl.newInstance(DelegatingConstructorAccessorImpl.java:45)
	at org.openqa.selenium.remote.http.W3CHttpResponseCodec.createException(W3CHttpResponseCodec.java:187)
	at org.openqa.selenium.remote.http.W3CHttpResponseCodec.decode(W3CHttpResponseCodec.java:122)
	at org.openqa.selenium.remote.http.W3CHttpResponseCodec.decode(W3CHttpResponseCodec.java:49)
	at org.openqa.selenium.remote.HttpCommandExecutor.execute(HttpCommandExecutor.java:158)
	at org.openqa.selenium.remote.service.DriverCommandExecutor.execute(DriverCommandExecutor.java:83)
	at org.openqa.selenium.remote.RemoteWebDriver.execute(RemoteWebDriver.java:552)
	at com.kms.katalon.selenium.driver.CChromeDriver.execute(CChromeDriver.java:19)
	at org.openqa.selenium.remote.RemoteWebElement.execute(RemoteWebElement.java:285)
	at org.openqa.selenium.remote.RemoteWebElement.sendKeys(RemoteWebElement.java:106)
	at jdk.internal.reflect.GeneratedMethodAccessor21.invoke(Unknown Source)
	at java.base/jdk.internal.reflect.DelegatingMethodAccessorImpl.invoke(DelegatingMethodAccessorImpl.java:43)
	at org.openqa.selenium.support.events.EventFiringWebDriver$EventFiringWebElement.lambda$new$0(EventFiringWebDriver.java:404)
	at jdk.proxy2/jdk.proxy2.$Proxy24.sendKeys(Unknown Source)
	at org.openqa.selenium.support.events.EventFiringWebDriver$EventFiringWebElement.sendKeys(EventFiringWebDriver.java:429)
	at com.kms.katalon.core.webui.keyword.builtin.SetTextKeyword$_setText_closure1.doCall(SetTextKeyword.groovy:71)
	at com.kms.katalon.core.webui.keyword.builtin.SetTextKeyword$_setText_closure1.call(SetTextKeyword.groovy)
	at com.kms.katalon.core.webui.keyword.internal.WebUIKeywordMain.runKeyword(WebUIKeywordMain.groovy:35)
	at com.kms.katalon.core.webui.keyword.builtin.SetTextKeyword.setText(SetTextKeyword.groovy:85)
	at com.kms.katalon.core.webui.keyword.builtin.SetTextKeyword.execute(SetTextKeyword.groovy:39)
	at com.kms.katalon.core.keyword.internal.KeywordExecutor.executeKeywordForPlatform(KeywordExecutor.groovy:74)
	at com.kms.katalon.core.webui.keyword.WebUiBuiltInKeywords.setText(WebUiBuiltInKeywords.groovy:1019)
	at Script1727458510258.run(Script1727458510258.groovy:42)
	... 15 more
)

28-01-2025T17:58:25 - [MESSAGE][FAILED] - Unable to set text '1.1' of object 'Object Repository/Specific Cases Repository/LS/Home/Calendar/Calendar_Events/Calendar_Events_Creation/Page_Calendar/input_Loading_select2-search__field' (Root cause: com.kms.katalon.core.exception.StepFailedException: Unable to set text '1.1' of object 'Object Repository/Specific Cases Repository/LS/Home/Calendar/Calendar_Events/Calendar_Events_Creation/Page_Calendar/input_Loading_select2-search__field'
	at com.kms.katalon.core.webui.keyword.internal.WebUIKeywordMain.stepFailed(WebUIKeywordMain.groovy:117)
	at com.kms.katalon.core.webui.keyword.internal.WebUIKeywordMain.runKeyword(WebUIKeywordMain.groovy:43)
	at com.kms.katalon.core.webui.keyword.builtin.SetTextKeyword.setText(SetTextKeyword.groovy:85)
	at com.kms.katalon.core.webui.keyword.builtin.SetTextKeyword.execute(SetTextKeyword.groovy:39)
	at com.kms.katalon.core.keyword.internal.KeywordExecutor.executeKeywordForPlatform(KeywordExecutor.groovy:74)
	at com.kms.katalon.core.webui.keyword.WebUiBuiltInKeywords.setText(WebUiBuiltInKeywords.groovy:1019)
	at Future_Calendar_Groups.run(Future_Calendar_Groups:42)
	at com.kms.katalon.core.main.ScriptEngine.run(ScriptEngine.java:194)
	at com.kms.katalon.core.main.ScriptEngine.runScriptAsRawText(ScriptEngine.java:119)
	at com.kms.katalon.core.main.TestCaseExecutor.runScript(TestCaseExecutor.java:448)
	at com.kms.katalon.core.main.TestCaseExecutor.doExecute(TestCaseExecutor.java:439)
	at com.kms.katalon.core.main.TestCaseExecutor.processExecutionPhase(TestCaseExecutor.java:418)
	at com.kms.katalon.core.main.TestCaseExecutor.accessMainPhase(TestCaseExecutor.java:410)
	at com.kms.katalon.core.main.TestCaseExecutor.execute(TestCaseExecutor.java:285)
	at com.kms.katalon.core.common.CommonExecutor.accessTestCaseMainPhase(CommonExecutor.java:65)
	at com.kms.katalon.core.main.TestSuiteExecutor.accessTestSuiteMainPhase(TestSuiteExecutor.java:150)
	at com.kms.katalon.core.main.TestSuiteExecutor.execute(TestSuiteExecutor.java:106)
	at com.kms.katalon.core.main.TestCaseMain.startTestSuite(TestCaseMain.java:180)
	at TempTestSuite1738104956297.run(TempTestSuite1738104956297.groovy:35)
	at java.base/jdk.internal.reflect.NativeMethodAccessorImpl.invoke0(Native Method)
	at java.base/jdk.internal.reflect.NativeMethodAccessorImpl.invoke(NativeMethodAccessorImpl.java:77)
	at java.base/jdk.internal.reflect.DelegatingMethodAccessorImpl.invoke(DelegatingMethodAccessorImpl.java:43)
Caused by: org.openqa.selenium.ElementNotInteractableException: element not interactable
  (Session info: chrome=131.0.6778.265)
Build info: version: '3.141.59', revision: 'unknown', time: 'unknown'
System info: host: 'ENRIQUE', ip: '192.168.100.166', os.name: 'Windows 11', os.arch: 'amd64', os.version: '10.0', java.version: '17.0.7'
Driver info: com.kms.katalon.selenium.driver.CChromeDriver
Capabilities {acceptInsecureCerts: false, browserName: chrome, browserVersion: 131.0.6778.265, chrome: {chromedriverVersion: 130.0.6723.58 (3a50e012e4c9..., userDataDir: C:\Users\Enrique\AppData\Lo...}, fedcm:accounts: true, goog:chromeOptions: {debuggerAddress: localhost:61775}, javascriptEnabled: true, networkConnectionEnabled: false, pageLoadStrategy: normal, platform: WINDOWS, platformName: WINDOWS, proxy: Proxy(), setWindowRect: true, strictFileInteractability: false, timeouts: {implicit: 0, pageLoad: 300000, script: 30000}, unhandledPromptBehavior: dismiss and notify, webauthn:extension:credBlob: true, webauthn:extension:largeBlob: true, webauthn:extension:minPinLength: true, webauthn:extension:prf: true, webauthn:virtualAuthenticators: true}
Session ID: ff2307c53f28eb9b2aad0dc52ff4a98c
	at java.base/jdk.internal.reflect.NativeConstructorAccessorImpl.newInstance0(Native Method)
	at java.base/jdk.internal.reflect.NativeConstructorAccessorImpl.newInstance(NativeConstructorAccessorImpl.java:77)
	at java.base/jdk.internal.reflect.DelegatingConstructorAccessorImpl.newInstance(DelegatingConstructorAccessorImpl.java:45)
	at org.openqa.selenium.remote.http.W3CHttpResponseCodec.createException(W3CHttpResponseCodec.java:187)
	at org.openqa.selenium.remote.http.W3CHttpResponseCodec.decode(W3CHttpResponseCodec.java:122)
	at org.openqa.selenium.remote.http.W3CHttpResponseCodec.decode(W3CHttpResponseCodec.java:49)
	at org.openqa.selenium.remote.HttpCommandExecutor.execute(HttpCommandExecutor.java:158)
	at org.openqa.selenium.remote.service.DriverCommandExecutor.execute(DriverCommandExecutor.java:83)
	at org.openqa.selenium.remote.RemoteWebDriver.execute(RemoteWebDriver.java:552)
	at com.kms.katalon.selenium.driver.CChromeDriver.execute(CChromeDriver.java:19)
	at org.openqa.selenium.remote.RemoteWebElement.execute(RemoteWebElement.java:285)
	at org.openqa.selenium.remote.RemoteWebElement.sendKeys(RemoteWebElement.java:106)
	at jdk.internal.reflect.GeneratedMethodAccessor21.invoke(Unknown Source)
	at java.base/jdk.internal.reflect.DelegatingMethodAccessorImpl.invoke(DelegatingMethodAccessorImpl.java:43)
	at org.openqa.selenium.support.events.EventFiringWebDriver$EventFiringWebElement.lambda$new$0(EventFiringWebDriver.java:404)
	at jdk.proxy2/jdk.proxy2.$Proxy24.sendKeys(Unknown Source)
	at org.openqa.selenium.support.events.EventFiringWebDriver$EventFiringWebElement.sendKeys(EventFiringWebDriver.java:429)
	at com.kms.katalon.core.webui.keyword.builtin.SetTextKeyword$_setText_closure1.doCall(SetTextKeyword.groovy:71)
	at com.kms.katalon.core.webui.keyword.builtin.SetTextKeyword$_setText_closure1.call(SetTextKeyword.groovy)
	at com.kms.katalon.core.webui.keyword.internal.WebUIKeywordMain.runKeyword(WebUIKeywordMain.groovy:35)
	at com.kms.katalon.core.webui.keyword.builtin.SetTextKeyword.setText(SetTextKeyword.groovy:85)
	at com.kms.katalon.core.webui.keyword.builtin.SetTextKeyword.execute(SetTextKeyword.groovy:39)
	at com.kms.katalon.core.keyword.internal.KeywordExecutor.executeKeywordForPlatform(KeywordExecutor.groovy:74)
	at com.kms.katalon.core.webui.keyword.WebUiBuiltInKeywords.setText(WebUiBuiltInKeywords.groovy:1019)
	at Script1727458510258.run(Script1727458510258.groovy:42)
	... 15 more
)
[[ATTACHMENT|C:\\Users\\Enrique\\git\\AUTOMATION_LS\\Reports\\20250128_175555\\LS\\Home\\General\\Calendar\\20250128_175556\\1738105105134.png]]]]></system-out>
         <system-err><![CDATA[28-01-2025T17:57:48 - [TEST_CASE][FAILED] - Test Cases/Specific Cases/LS/General/Calendar/Events_Creation/Future Events Creation/Future_Calendar_Groups: Test Cases/Specific Cases/LS/General/Calendar/Events_Creation/Future Events Creation/Future_Calendar_Groups FAILED.
Reason:
com.kms.katalon.core.exception.StepFailedException: Unable to set text '1.1' of object 'Object Repository/Specific Cases Repository/LS/Home/Calendar/Calendar_Events/Calendar_Events_Creation/Page_Calendar/input_Loading_select2-search__field'
	at com.kms.katalon.core.webui.keyword.internal.WebUIKeywordMain.stepFailed(WebUIKeywordMain.groovy:117)
	at com.kms.katalon.core.webui.keyword.internal.WebUIKeywordMain.runKeyword(WebUIKeywordMain.groovy:43)
	at com.kms.katalon.core.webui.keyword.builtin.SetTextKeyword.setText(SetTextKeyword.groovy:85)
	at com.kms.katalon.core.webui.keyword.builtin.SetTextKeyword.execute(SetTextKeyword.groovy:39)
	at com.kms.katalon.core.keyword.internal.KeywordExecutor.executeKeywordForPlatform(KeywordExecutor.groovy:74)
	at com.kms.katalon.core.webui.keyword.WebUiBuiltInKeywords.setText(WebUiBuiltInKeywords.groovy:1019)
	at Future_Calendar_Groups.run(Future_Calendar_Groups:42)
	at com.kms.katalon.core.main.ScriptEngine.run(ScriptEngine.java:194)
	at com.kms.katalon.core.main.ScriptEngine.runScriptAsRawText(ScriptEngine.java:119)
	at com.kms.katalon.core.main.TestCaseExecutor.runScript(TestCaseExecutor.java:448)
	at com.kms.katalon.core.main.TestCaseExecutor.doExecute(TestCaseExecutor.java:439)
	at com.kms.katalon.core.main.TestCaseExecutor.processExecutionPhase(TestCaseExecutor.java:418)
	at com.kms.katalon.core.main.TestCaseExecutor.accessMainPhase(TestCaseExecutor.java:410)
	at com.kms.katalon.core.main.TestCaseExecutor.execute(TestCaseExecutor.java:285)
	at com.kms.katalon.core.common.CommonExecutor.accessTestCaseMainPhase(CommonExecutor.java:65)
	at com.kms.katalon.core.main.TestSuiteExecutor.accessTestSuiteMainPhase(TestSuiteExecutor.java:150)
	at com.kms.katalon.core.main.TestSuiteExecutor.execute(TestSuiteExecutor.java:106)
	at com.kms.katalon.core.main.TestCaseMain.startTestSuite(TestCaseMain.java:180)
	at TempTestSuite1738104956297.run(TempTestSuite1738104956297.groovy:35)
	at java.base/jdk.internal.reflect.NativeMethodAccessorImpl.invoke0(Native Method)
	at java.base/jdk.internal.reflect.NativeMethodAccessorImpl.invoke(NativeMethodAccessorImpl.java:77)
	at java.base/jdk.internal.reflect.DelegatingMethodAccessorImpl.invoke(DelegatingMethodAccessorImpl.java:43)
Caused by: org.openqa.selenium.ElementNotInteractableException: element not interactable
  (Session info: chrome=131.0.6778.265)
Build info: version: '3.141.59', revision: 'unknown', time: 'unknown'
System info: host: 'ENRIQUE', ip: '192.168.100.166', os.name: 'Windows 11', os.arch: 'amd64', os.version: '10.0', java.version: '17.0.7'
Driver info: com.kms.katalon.selenium.driver.CChromeDriver
Capabilities {acceptInsecureCerts: false, browserName: chrome, browserVersion: 131.0.6778.265, chrome: {chromedriverVersion: 130.0.6723.58 (3a50e012e4c9..., userDataDir: C:\Users\Enrique\AppData\Lo...}, fedcm:accounts: true, goog:chromeOptions: {debuggerAddress: localhost:61775}, javascriptEnabled: true, networkConnectionEnabled: false, pageLoadStrategy: normal, platform: WINDOWS, platformName: WINDOWS, proxy: Proxy(), setWindowRect: true, strictFileInteractability: false, timeouts: {implicit: 0, pageLoad: 300000, script: 30000}, unhandledPromptBehavior: dismiss and notify, webauthn:extension:credBlob: true, webauthn:extension:largeBlob: true, webauthn:extension:minPinLength: true, webauthn:extension:prf: true, webauthn:virtualAuthenticators: true}
Session ID: ff2307c53f28eb9b2aad0dc52ff4a98c
	at java.base/jdk.internal.reflect.NativeConstructorAccessorImpl.newInstance0(Native Method)
	at java.base/jdk.internal.reflect.NativeConstructorAccessorImpl.newInstance(NativeConstructorAccessorImpl.java:77)
	at java.base/jdk.internal.reflect.DelegatingConstructorAccessorImpl.newInstance(DelegatingConstructorAccessorImpl.java:45)
	at org.openqa.selenium.remote.http.W3CHttpResponseCodec.createException(W3CHttpResponseCodec.java:187)
	at org.openqa.selenium.remote.http.W3CHttpResponseCodec.decode(W3CHttpResponseCodec.java:122)
	at org.openqa.selenium.remote.http.W3CHttpResponseCodec.decode(W3CHttpResponseCodec.java:49)
	at org.openqa.selenium.remote.HttpCommandExecutor.execute(HttpCommandExecutor.java:158)
	at org.openqa.selenium.remote.service.DriverCommandExecutor.execute(DriverCommandExecutor.java:83)
	at org.openqa.selenium.remote.RemoteWebDriver.execute(RemoteWebDriver.java:552)
	at com.kms.katalon.selenium.driver.CChromeDriver.execute(CChromeDriver.java:19)
	at org.openqa.selenium.remote.RemoteWebElement.execute(RemoteWebElement.java:285)
	at org.openqa.selenium.remote.RemoteWebElement.sendKeys(RemoteWebElement.java:106)
	at jdk.internal.reflect.GeneratedMethodAccessor21.invoke(Unknown Source)
	at java.base/jdk.internal.reflect.DelegatingMethodAccessorImpl.invoke(DelegatingMethodAccessorImpl.java:43)
	at org.openqa.selenium.support.events.EventFiringWebDriver$EventFiringWebElement.lambda$new$0(EventFiringWebDriver.java:404)
	at jdk.proxy2/jdk.proxy2.$Proxy24.sendKeys(Unknown Source)
	at org.openqa.selenium.support.events.EventFiringWebDriver$EventFiringWebElement.sendKeys(EventFiringWebDriver.java:429)
	at com.kms.katalon.core.webui.keyword.builtin.SetTextKeyword$_setText_closure1.doCall(SetTextKeyword.groovy:71)
	at com.kms.katalon.core.webui.keyword.builtin.SetTextKeyword$_setText_closure1.call(SetTextKeyword.groovy)
	at com.kms.katalon.core.webui.keyword.internal.WebUIKeywordMain.runKeyword(WebUIKeywordMain.groovy:35)
	... 20 more]]></system-err>
      </testcase>
      <testcase name="Test Cases/Specific Cases/LS/General/Calendar/Events_Creation/Past Events Creation/Past_Calendar_Appointment" time="44.577" classname="Test Cases/Specific Cases/LS/General/Calendar/Events_Creation/Past Events Creation/Past_Calendar_Appointment" status="FAILED">
         <failure type="FAILED" message="Test Cases/Specific Cases/LS/General/Calendar/Events_Creation/Past Events Creation/Past_Calendar_Appointment FAILED.&#xa;Reason:&#xa;com.kms.katalon.core.exception.StepFailedException: Unable to set text 'B Auto' of object 'Object Repository/Specific Cases Repository/LS/Home/Calendar/Calendar_Events/Calendar_Events_Creation/Appointment/Page_Calendar/Patien Name'&#xa;	at com.kms.katalon.core.webui.keyword.internal.WebUIKeywordMain.stepFailed(WebUIKeywordMain.groovy:117)&#xa;	at com.kms.katalon.core.webui.keyword.internal.WebUIKeywordMain.runKeyword(WebUIKeywordMain.groovy:43)&#xa;	at com.kms.katalon.core.webui.keyword.builtin.SetTextKeyword.setText(SetTextKeyword.groovy:85)&#xa;	at com.kms.katalon.core.webui.keyword.builtin.SetTextKeyword.execute(SetTextKeyword.groovy:39)&#xa;	at com.kms.katalon.core.keyword.internal.KeywordExecutor.executeKeywordForPlatform(KeywordExecutor.groovy:74)&#xa;	at com.kms.katalon.core.webui.keyword.WebUiBuiltInKeywords.setText(WebUiBuiltInKeywords.groovy:1019)&#xa;	at Past_Calendar_Appointment.run(Past_Calendar_Appointment:42)&#xa;	at com.kms.katalon.core.main.ScriptEngine.run(ScriptEngine.java:194)&#xa;	at com.kms.katalon.core.main.ScriptEngine.runScriptAsRawText(ScriptEngine.java:119)&#xa;	at com.kms.katalon.core.main.TestCaseExecutor.runScript(TestCaseExecutor.java:448)&#xa;	at com.kms.katalon.core.main.TestCaseExecutor.doExecute(TestCaseExecutor.java:439)&#xa;	at com.kms.katalon.core.main.TestCaseExecutor.processExecutionPhase(TestCaseExecutor.java:418)&#xa;	at com.kms.katalon.core.main.TestCaseExecutor.accessMainPhase(TestCaseExecutor.java:410)&#xa;	at com.kms.katalon.core.main.TestCaseExecutor.execute(TestCaseExecutor.java:285)&#xa;	at com.kms.katalon.core.common.CommonExecutor.accessTestCaseMainPhase(CommonExecutor.java:65)&#xa;	at com.kms.katalon.core.main.TestSuiteExecutor.accessTestSuiteMainPhase(TestSuiteExecutor.java:150)&#xa;	at com.kms.katalon.core.main.TestSuiteExecutor.execute(TestSuiteExecutor.java:106)&#xa;	at com.kms.katalon.core.main.TestCaseMain.startTestSuite(TestCaseMain.java:180)&#xa;	at TempTestSuite1738104956297.run(TempTestSuite1738104956297.groovy:35)&#xa;	at java.base/jdk.internal.reflect.NativeMethodAccessorImpl.invoke0(Native Method)&#xa;	at java.base/jdk.internal.reflect.NativeMethodAccessorImpl.invoke(NativeMethodAccessorImpl.java:77)&#xa;	at java.base/jdk.internal.reflect.DelegatingMethodAccessorImpl.invoke(DelegatingMethodAccessorImpl.java:43)&#xa;Caused by: org.openqa.selenium.ElementNotInteractableException: element not interactable&#xa;  (Session info: chrome=131.0.6778.265)&#xa;Build info: version: '3.141.59', revision: 'unknown', time: 'unknown'&#xa;System info: host: 'ENRIQUE', ip: '192.168.100.166', os.name: 'Windows 11', os.arch: 'amd64', os.version: '10.0', java.version: '17.0.7'&#xa;Driver info: com.kms.katalon.selenium.driver.CChromeDriver&#xa;Capabilities {acceptInsecureCerts: false, browserName: chrome, browserVersion: 131.0.6778.265, chrome: {chromedriverVersion: 130.0.6723.58 (3a50e012e4c9..., userDataDir: C:\Users\Enrique\AppData\Lo...}, fedcm:accounts: true, goog:chromeOptions: {debuggerAddress: localhost:62147}, javascriptEnabled: true, networkConnectionEnabled: false, pageLoadStrategy: normal, platform: WINDOWS, platformName: WINDOWS, proxy: Proxy(), setWindowRect: true, strictFileInteractability: false, timeouts: {implicit: 0, pageLoad: 300000, script: 30000}, unhandledPromptBehavior: dismiss and notify, webauthn:extension:credBlob: true, webauthn:extension:largeBlob: true, webauthn:extension:minPinLength: true, webauthn:extension:prf: true, webauthn:virtualAuthenticators: true}&#xa;Session ID: 2062eb9016f242fb38c52b090b29515f&#xa;	at java.base/jdk.internal.reflect.NativeConstructorAccessorImpl.newInstance0(Native Method)&#xa;	at java.base/jdk.internal.reflect.NativeConstructorAccessorImpl.newInstance(NativeConstructorAccessorImpl.java:77)&#xa;	at java.base/jdk.internal.reflect.DelegatingConstructorAccessorImpl.newInstance(DelegatingConstructorAccessorImpl.java:45)&#xa;	at org.openqa.selenium.remote.http.W3CHttpResponseCodec.createException(W3CHttpResponseCodec.java:187)&#xa;	at org.openqa.selenium.remote.http.W3CHttpResponseCodec.decode(W3CHttpResponseCodec.java:122)&#xa;	at org.openqa.selenium.remote.http.W3CHttpResponseCodec.decode(W3CHttpResponseCodec.java:49)&#xa;	at org.openqa.selenium.remote.HttpCommandExecutor.execute(HttpCommandExecutor.java:158)&#xa;	at org.openqa.selenium.remote.service.DriverCommandExecutor.execute(DriverCommandExecutor.java:83)&#xa;	at org.openqa.selenium.remote.RemoteWebDriver.execute(RemoteWebDriver.java:552)&#xa;	at com.kms.katalon.selenium.driver.CChromeDriver.execute(CChromeDriver.java:19)&#xa;	at org.openqa.selenium.remote.RemoteWebElement.execute(RemoteWebElement.java:285)&#xa;	at org.openqa.selenium.remote.RemoteWebElement.sendKeys(RemoteWebElement.java:106)&#xa;	at jdk.internal.reflect.GeneratedMethodAccessor21.invoke(Unknown Source)&#xa;	at java.base/jdk.internal.reflect.DelegatingMethodAccessorImpl.invoke(DelegatingMethodAccessorImpl.java:43)&#xa;	at org.openqa.selenium.support.events.EventFiringWebDriver$EventFiringWebElement.lambda$new$0(EventFiringWebDriver.java:404)&#xa;	at jdk.proxy2/jdk.proxy2.$Proxy24.sendKeys(Unknown Source)&#xa;	at org.openqa.selenium.support.events.EventFiringWebDriver$EventFiringWebElement.sendKeys(EventFiringWebDriver.java:429)&#xa;	at com.kms.katalon.core.webui.keyword.builtin.SetTextKeyword$_setText_closure1.doCall(SetTextKeyword.groovy:71)&#xa;	at com.kms.katalon.core.webui.keyword.builtin.SetTextKeyword$_setText_closure1.call(SetTextKeyword.groovy)&#xa;	at com.kms.katalon.core.webui.keyword.internal.WebUIKeywordMain.runKeyword(WebUIKeywordMain.groovy:35)&#xa;	... 20 more&#xa;"/>
         <system-out><![CDATA[28-01-2025T17:58:25 - [TEST_CASE][FAILED] - Test Cases/Specific Cases/LS/General/Calendar/Events_Creation/Past Events Creation/Past_Calendar_Appointment: Test Cases/Specific Cases/LS/General/Calendar/Events_Creation/Past Events Creation/Past_Calendar_Appointment FAILED.
Reason:
com.kms.katalon.core.exception.StepFailedException: Unable to set text 'B Auto' of object 'Object Repository/Specific Cases Repository/LS/Home/Calendar/Calendar_Events/Calendar_Events_Creation/Appointment/Page_Calendar/Patien Name'
	at com.kms.katalon.core.webui.keyword.internal.WebUIKeywordMain.stepFailed(WebUIKeywordMain.groovy:117)
	at com.kms.katalon.core.webui.keyword.internal.WebUIKeywordMain.runKeyword(WebUIKeywordMain.groovy:43)
	at com.kms.katalon.core.webui.keyword.builtin.SetTextKeyword.setText(SetTextKeyword.groovy:85)
	at com.kms.katalon.core.webui.keyword.builtin.SetTextKeyword.execute(SetTextKeyword.groovy:39)
	at com.kms.katalon.core.keyword.internal.KeywordExecutor.executeKeywordForPlatform(KeywordExecutor.groovy:74)
	at com.kms.katalon.core.webui.keyword.WebUiBuiltInKeywords.setText(WebUiBuiltInKeywords.groovy:1019)
	at Past_Calendar_Appointment.run(Past_Calendar_Appointment:42)
	at com.kms.katalon.core.main.ScriptEngine.run(ScriptEngine.java:194)
	at com.kms.katalon.core.main.ScriptEngine.runScriptAsRawText(ScriptEngine.java:119)
	at com.kms.katalon.core.main.TestCaseExecutor.runScript(TestCaseExecutor.java:448)
	at com.kms.katalon.core.main.TestCaseExecutor.doExecute(TestCaseExecutor.java:439)
	at com.kms.katalon.core.main.TestCaseExecutor.processExecutionPhase(TestCaseExecutor.java:418)
	at com.kms.katalon.core.main.TestCaseExecutor.accessMainPhase(TestCaseExecutor.java:410)
	at com.kms.katalon.core.main.TestCaseExecutor.execute(TestCaseExecutor.java:285)
	at com.kms.katalon.core.common.CommonExecutor.accessTestCaseMainPhase(CommonExecutor.java:65)
	at com.kms.katalon.core.main.TestSuiteExecutor.accessTestSuiteMainPhase(TestSuiteExecutor.java:150)
	at com.kms.katalon.core.main.TestSuiteExecutor.execute(TestSuiteExecutor.java:106)
	at com.kms.katalon.core.main.TestCaseMain.startTestSuite(TestCaseMain.java:180)
	at TempTestSuite1738104956297.run(TempTestSuite1738104956297.groovy:35)
	at java.base/jdk.internal.reflect.NativeMethodAccessorImpl.invoke0(Native Method)
	at java.base/jdk.internal.reflect.NativeMethodAccessorImpl.invoke(NativeMethodAccessorImpl.java:77)
	at java.base/jdk.internal.reflect.DelegatingMethodAccessorImpl.invoke(DelegatingMethodAccessorImpl.java:43)
Caused by: org.openqa.selenium.ElementNotInteractableException: element not interactable
  (Session info: chrome=131.0.6778.265)
Build info: version: '3.141.59', revision: 'unknown', time: 'unknown'
System info: host: 'ENRIQUE', ip: '192.168.100.166', os.name: 'Windows 11', os.arch: 'amd64', os.version: '10.0', java.version: '17.0.7'
Driver info: com.kms.katalon.selenium.driver.CChromeDriver
Capabilities {acceptInsecureCerts: false, browserName: chrome, browserVersion: 131.0.6778.265, chrome: {chromedriverVersion: 130.0.6723.58 (3a50e012e4c9..., userDataDir: C:\Users\Enrique\AppData\Lo...}, fedcm:accounts: true, goog:chromeOptions: {debuggerAddress: localhost:62147}, javascriptEnabled: true, networkConnectionEnabled: false, pageLoadStrategy: normal, platform: WINDOWS, platformName: WINDOWS, proxy: Proxy(), setWindowRect: true, strictFileInteractability: false, timeouts: {implicit: 0, pageLoad: 300000, script: 30000}, unhandledPromptBehavior: dismiss and notify, webauthn:extension:credBlob: true, webauthn:extension:largeBlob: true, webauthn:extension:minPinLength: true, webauthn:extension:prf: true, webauthn:virtualAuthenticators: true}
Session ID: 2062eb9016f242fb38c52b090b29515f
	at java.base/jdk.internal.reflect.NativeConstructorAccessorImpl.newInstance0(Native Method)
	at java.base/jdk.internal.reflect.NativeConstructorAccessorImpl.newInstance(NativeConstructorAccessorImpl.java:77)
	at java.base/jdk.internal.reflect.DelegatingConstructorAccessorImpl.newInstance(DelegatingConstructorAccessorImpl.java:45)
	at org.openqa.selenium.remote.http.W3CHttpResponseCodec.createException(W3CHttpResponseCodec.java:187)
	at org.openqa.selenium.remote.http.W3CHttpResponseCodec.decode(W3CHttpResponseCodec.java:122)
	at org.openqa.selenium.remote.http.W3CHttpResponseCodec.decode(W3CHttpResponseCodec.java:49)
	at org.openqa.selenium.remote.HttpCommandExecutor.execute(HttpCommandExecutor.java:158)
	at org.openqa.selenium.remote.service.DriverCommandExecutor.execute(DriverCommandExecutor.java:83)
	at org.openqa.selenium.remote.RemoteWebDriver.execute(RemoteWebDriver.java:552)
	at com.kms.katalon.selenium.driver.CChromeDriver.execute(CChromeDriver.java:19)
	at org.openqa.selenium.remote.RemoteWebElement.execute(RemoteWebElement.java:285)
	at org.openqa.selenium.remote.RemoteWebElement.sendKeys(RemoteWebElement.java:106)
	at jdk.internal.reflect.GeneratedMethodAccessor21.invoke(Unknown Source)
	at java.base/jdk.internal.reflect.DelegatingMethodAccessorImpl.invoke(DelegatingMethodAccessorImpl.java:43)
	at org.openqa.selenium.support.events.EventFiringWebDriver$EventFiringWebElement.lambda$new$0(EventFiringWebDriver.java:404)
	at jdk.proxy2/jdk.proxy2.$Proxy24.sendKeys(Unknown Source)
	at org.openqa.selenium.support.events.EventFiringWebDriver$EventFiringWebElement.sendKeys(EventFiringWebDriver.java:429)
	at com.kms.katalon.core.webui.keyword.builtin.SetTextKeyword$_setText_closure1.doCall(SetTextKeyword.groovy:71)
	at com.kms.katalon.core.webui.keyword.builtin.SetTextKeyword$_setText_closure1.call(SetTextKeyword.groovy)
	at com.kms.katalon.core.webui.keyword.internal.WebUIKeywordMain.runKeyword(WebUIKeywordMain.groovy:35)
	... 20 more


28-01-2025T17:58:25 - [TEST_STEP][PASSED] - callTestCase(findTestCase("Common Cases/Login"), [:], STOP_ON_FAILURE): Call Test Case 'Test Cases/Common Cases/Login' successfully

28-01-2025T17:58:25 - [TEST_CASE][PASSED] - Test Cases/Common Cases/Login: Test Cases/Common Cases/Login

28-01-2025T17:58:25 - [TEST_STEP][PASSED] - openBrowser(""): Browser is opened with url: ''

28-01-2025T17:58:25 - [MESSAGE][WARNING] - A browser is already opened. Closing browser and opening a new one

28-01-2025T17:58:25 - [MESSAGE][INFO] - Starting 'Chrome' driver

28-01-2025T17:58:25 - [MESSAGE][INFO] - Action delay is set to 0 milliseconds

28-01-2025T17:58:26 - [MESSAGE][PASSED] - Browser is opened with url: ''

28-01-2025T17:58:26 - [TEST_STEP][PASSED] - maximizeWindow(): Current window maximized

28-01-2025T17:58:26 - [MESSAGE][PASSED] - Current window maximized

28-01-2025T17:58:26 - [TEST_STEP][PASSED] - navigateToUrl("https://site17.lsapp.cloud/auth/login"): Navigate to 'https://site17.lsapp.cloud/auth/login' successfully

28-01-2025T17:58:35 - [MESSAGE][PASSED] - Navigate to 'https://site17.lsapp.cloud/auth/login' successfully

28-01-2025T17:58:35 - [TEST_STEP][PASSED] - setText(findTestObject("Object Repository/Common Cases Repository/Login/Page_Lightning Step/input_Email_email"), "automation@lightningstep.com"): Text 'automation@lightningstep.com' is set on object 'Object Repository/Common Cases Repository/Login/Page_Lightning Step/input_Email_email'

28-01-2025T17:58:36 - [MESSAGE][PASSED] - Text 'automation@lightningstep.com' is set on object 'Object Repository/Common Cases Repository/Login/Page_Lightning Step/input_Email_email'

28-01-2025T17:58:36 - [TEST_STEP][PASSED] - setEncryptedText(findTestObject("Object Repository/Common Cases Repository/Login/Page_Lightning Step/input_Password_password"), "e5N8VHmnhJDITtQaQhDQDw=="): Text ****** has been set on object 'Object Repository/Common Cases Repository/Login/Page_Lightning Step/input_Password_password'

28-01-2025T17:58:37 - [MESSAGE][PASSED] - Text ****** has been set on object 'Object Repository/Common Cases Repository/Login/Page_Lightning Step/input_Password_password'

28-01-2025T17:58:37 - [TEST_STEP][PASSED] - click(findTestObject("Object Repository/Common Cases Repository/Login/Page_Lightning Step/button_Sign in")): Object: 'Object Repository/Common Cases Repository/Login/Page_Lightning Step/button_Sign in' is clicked on

28-01-2025T17:58:52 - [MESSAGE][PASSED] - Object: 'Object Repository/Common Cases Repository/Login/Page_Lightning Step/button_Sign in' is clicked on

28-01-2025T17:58:52 - [MESSAGE][PASSED] - Call Test Case 'Test Cases/Common Cases/Login' successfully

28-01-2025T17:58:52 - [TEST_STEP][PASSED] - click(findTestObject("Object Repository/Specific Cases Repository/LS/Home/Calendar/Calendar_Events/Calendar_Events_Creation/Page_Home/a_Calendar")): Object: 'Object Repository/Specific Cases Repository/LS/Home/Calendar/Calendar_Events/Calendar_Events_Creation/Page_Home/a_Calendar' is clicked on

28-01-2025T17:58:57 - [MESSAGE][PASSED] - Object: 'Object Repository/Specific Cases Repository/LS/Home/Calendar/Calendar_Events/Calendar_Events_Creation/Page_Home/a_Calendar' is clicked on

28-01-2025T17:58:57 - [TEST_STEP][PASSED] - click(findTestObject("Object Repository/Specific Cases Repository/LS/Home/Calendar/Calendar_Events/Calendar_Events_Creation/Appointment/Page_Calendar/div_Week")): Object: 'Object Repository/Specific Cases Repository/LS/Home/Calendar/Calendar_Events/Calendar_Events_Creation/Appointment/Page_Calendar/div_Week' is clicked on

28-01-2025T17:58:58 - [MESSAGE][PASSED] - Object: 'Object Repository/Specific Cases Repository/LS/Home/Calendar/Calendar_Events/Calendar_Events_Creation/Appointment/Page_Calendar/div_Week' is clicked on

28-01-2025T17:58:58 - [TEST_STEP][PASSED] - click(findTestObject("Object Repository/Specific Cases Repository/LS/Home/Calendar/Calendar_Events/Calendar_Events_Creation/Appointment/Page_Calendar/button_Create new")): Object: 'Object Repository/Specific Cases Repository/LS/Home/Calendar/Calendar_Events/Calendar_Events_Creation/Appointment/Page_Calendar/button_Create new' is clicked on

28-01-2025T17:58:59 - [MESSAGE][PASSED] - Object: 'Object Repository/Specific Cases Repository/LS/Home/Calendar/Calendar_Events/Calendar_Events_Creation/Appointment/Page_Calendar/button_Create new' is clicked on

28-01-2025T17:58:59 - [TEST_STEP][PASSED] - click(findTestObject("Object Repository/Specific Cases Repository/LS/Home/Calendar/Calendar_Events/Calendar_Events_Creation/Appointment/Page_Calendar/label_Appointment")): Object: 'Object Repository/Specific Cases Repository/LS/Home/Calendar/Calendar_Events/Calendar_Events_Creation/Appointment/Page_Calendar/label_Appointment' is clicked on

28-01-2025T17:59:00 - [MESSAGE][PASSED] - Object: 'Object Repository/Specific Cases Repository/LS/Home/Calendar/Calendar_Events/Calendar_Events_Creation/Appointment/Page_Calendar/label_Appointment' is clicked on

28-01-2025T17:59:00 - [TEST_STEP][PASSED] - click(findTestObject("Object Repository/Specific Cases Repository/LS/Home/Calendar/Calendar_Events/Calendar_Events_Creation/Appointment/Page_Calendar/span_Select Client")): Object: 'Object Repository/Specific Cases Repository/LS/Home/Calendar/Calendar_Events/Calendar_Events_Creation/Appointment/Page_Calendar/span_Select Client' is clicked on

28-01-2025T17:59:00 - [MESSAGE][PASSED] - Object: 'Object Repository/Specific Cases Repository/LS/Home/Calendar/Calendar_Events/Calendar_Events_Creation/Appointment/Page_Calendar/span_Select Client' is clicked on

28-01-2025T17:59:00 - [TEST_STEP][PASSED] - click(findTestObject("Object Repository/Specific Cases Repository/LS/Home/Calendar/Calendar_Events/Calendar_Events_Creation/Page_Calendar/a_Cancel")): Object: 'Object Repository/Specific Cases Repository/LS/Home/Calendar/Calendar_Events/Calendar_Events_Creation/Page_Calendar/a_Cancel' is clicked on

28-01-2025T17:59:05 - [MESSAGE][PASSED] - Object: 'Object Repository/Specific Cases Repository/LS/Home/Calendar/Calendar_Events/Calendar_Events_Creation/Page_Calendar/a_Cancel' is clicked on

28-01-2025T17:59:05 - [TEST_STEP][PASSED] - click(findTestObject("Object Repository/Specific Cases Repository/LS/Home/Calendar/Calendar_Events/Calendar_Events_Creation/Appointment/Page_Calendar/button_Create new")): Object: 'Object Repository/Specific Cases Repository/LS/Home/Calendar/Calendar_Events/Calendar_Events_Creation/Appointment/Page_Calendar/button_Create new' is clicked on

28-01-2025T17:59:05 - [MESSAGE][PASSED] - Object: 'Object Repository/Specific Cases Repository/LS/Home/Calendar/Calendar_Events/Calendar_Events_Creation/Appointment/Page_Calendar/button_Create new' is clicked on

28-01-2025T17:59:05 - [TEST_STEP][PASSED] - click(findTestObject("Object Repository/Specific Cases Repository/LS/Home/Calendar/Calendar_Events/Calendar_Events_Creation/Appointment/Page_Calendar/label_Appointment")): Object: 'Object Repository/Specific Cases Repository/LS/Home/Calendar/Calendar_Events/Calendar_Events_Creation/Appointment/Page_Calendar/label_Appointment' is clicked on

28-01-2025T17:59:07 - [MESSAGE][PASSED] - Object: 'Object Repository/Specific Cases Repository/LS/Home/Calendar/Calendar_Events/Calendar_Events_Creation/Appointment/Page_Calendar/label_Appointment' is clicked on

28-01-2025T17:59:07 - [TEST_STEP][PASSED] - click(findTestObject("Object Repository/Specific Cases Repository/LS/Home/Calendar/Calendar_Events/Calendar_Events_Creation/Appointment/Page_Calendar/label_Appointment")): Object: 'Object Repository/Specific Cases Repository/LS/Home/Calendar/Calendar_Events/Calendar_Events_Creation/Appointment/Page_Calendar/label_Appointment' is clicked on

28-01-2025T17:59:07 - [MESSAGE][PASSED] - Object: 'Object Repository/Specific Cases Repository/LS/Home/Calendar/Calendar_Events/Calendar_Events_Creation/Appointment/Page_Calendar/label_Appointment' is clicked on

28-01-2025T17:59:07 - [TEST_STEP][PASSED] - click(findTestObject("Object Repository/Specific Cases Repository/LS/Home/Calendar/Calendar_Events/Calendar_Events_Creation/Appointment/Page_Calendar/span_Select Client")): Object: 'Object Repository/Specific Cases Repository/LS/Home/Calendar/Calendar_Events/Calendar_Events_Creation/Appointment/Page_Calendar/span_Select Client' is clicked on

28-01-2025T17:59:08 - [MESSAGE][PASSED] - Object: 'Object Repository/Specific Cases Repository/LS/Home/Calendar/Calendar_Events/Calendar_Events_Creation/Appointment/Page_Calendar/span_Select Client' is clicked on

28-01-2025T17:59:08 - [TEST_STEP][FAILED] - setText(findTestObject("Specific Cases Repository/LS/Home/Calendar/Calendar_Events/Calendar_Events_Creation/Appointment/Page_Calendar/Patien Name"), "B Auto"): Unable to set text 'B Auto' of object 'Object Repository/Specific Cases Repository/LS/Home/Calendar/Calendar_Events/Calendar_Events_Creation/Appointment/Page_Calendar/Patien Name' (Root cause: com.kms.katalon.core.exception.StepFailedException: Unable to set text 'B Auto' of object 'Object Repository/Specific Cases Repository/LS/Home/Calendar/Calendar_Events/Calendar_Events_Creation/Appointment/Page_Calendar/Patien Name'
	at com.kms.katalon.core.webui.keyword.internal.WebUIKeywordMain.stepFailed(WebUIKeywordMain.groovy:117)
	at com.kms.katalon.core.webui.keyword.internal.WebUIKeywordMain.runKeyword(WebUIKeywordMain.groovy:43)
	at com.kms.katalon.core.webui.keyword.builtin.SetTextKeyword.setText(SetTextKeyword.groovy:85)
	at com.kms.katalon.core.webui.keyword.builtin.SetTextKeyword.execute(SetTextKeyword.groovy:39)
	at com.kms.katalon.core.keyword.internal.KeywordExecutor.executeKeywordForPlatform(KeywordExecutor.groovy:74)
	at com.kms.katalon.core.webui.keyword.WebUiBuiltInKeywords.setText(WebUiBuiltInKeywords.groovy:1019)
	at Past_Calendar_Appointment.run(Past_Calendar_Appointment:42)
	at com.kms.katalon.core.main.ScriptEngine.run(ScriptEngine.java:194)
	at com.kms.katalon.core.main.ScriptEngine.runScriptAsRawText(ScriptEngine.java:119)
	at com.kms.katalon.core.main.TestCaseExecutor.runScript(TestCaseExecutor.java:448)
	at com.kms.katalon.core.main.TestCaseExecutor.doExecute(TestCaseExecutor.java:439)
	at com.kms.katalon.core.main.TestCaseExecutor.processExecutionPhase(TestCaseExecutor.java:418)
	at com.kms.katalon.core.main.TestCaseExecutor.accessMainPhase(TestCaseExecutor.java:410)
	at com.kms.katalon.core.main.TestCaseExecutor.execute(TestCaseExecutor.java:285)
	at com.kms.katalon.core.common.CommonExecutor.accessTestCaseMainPhase(CommonExecutor.java:65)
	at com.kms.katalon.core.main.TestSuiteExecutor.accessTestSuiteMainPhase(TestSuiteExecutor.java:150)
	at com.kms.katalon.core.main.TestSuiteExecutor.execute(TestSuiteExecutor.java:106)
	at com.kms.katalon.core.main.TestCaseMain.startTestSuite(TestCaseMain.java:180)
	at TempTestSuite1738104956297.run(TempTestSuite1738104956297.groovy:35)
	at java.base/jdk.internal.reflect.NativeMethodAccessorImpl.invoke0(Native Method)
	at java.base/jdk.internal.reflect.NativeMethodAccessorImpl.invoke(NativeMethodAccessorImpl.java:77)
	at java.base/jdk.internal.reflect.DelegatingMethodAccessorImpl.invoke(DelegatingMethodAccessorImpl.java:43)
Caused by: org.openqa.selenium.ElementNotInteractableException: element not interactable
  (Session info: chrome=131.0.6778.265)
Build info: version: '3.141.59', revision: 'unknown', time: 'unknown'
System info: host: 'ENRIQUE', ip: '192.168.100.166', os.name: 'Windows 11', os.arch: 'amd64', os.version: '10.0', java.version: '17.0.7'
Driver info: com.kms.katalon.selenium.driver.CChromeDriver
Capabilities {acceptInsecureCerts: false, browserName: chrome, browserVersion: 131.0.6778.265, chrome: {chromedriverVersion: 130.0.6723.58 (3a50e012e4c9..., userDataDir: C:\Users\Enrique\AppData\Lo...}, fedcm:accounts: true, goog:chromeOptions: {debuggerAddress: localhost:62147}, javascriptEnabled: true, networkConnectionEnabled: false, pageLoadStrategy: normal, platform: WINDOWS, platformName: WINDOWS, proxy: Proxy(), setWindowRect: true, strictFileInteractability: false, timeouts: {implicit: 0, pageLoad: 300000, script: 30000}, unhandledPromptBehavior: dismiss and notify, webauthn:extension:credBlob: true, webauthn:extension:largeBlob: true, webauthn:extension:minPinLength: true, webauthn:extension:prf: true, webauthn:virtualAuthenticators: true}
Session ID: 2062eb9016f242fb38c52b090b29515f
	at java.base/jdk.internal.reflect.NativeConstructorAccessorImpl.newInstance0(Native Method)
	at java.base/jdk.internal.reflect.NativeConstructorAccessorImpl.newInstance(NativeConstructorAccessorImpl.java:77)
	at java.base/jdk.internal.reflect.DelegatingConstructorAccessorImpl.newInstance(DelegatingConstructorAccessorImpl.java:45)
	at org.openqa.selenium.remote.http.W3CHttpResponseCodec.createException(W3CHttpResponseCodec.java:187)
	at org.openqa.selenium.remote.http.W3CHttpResponseCodec.decode(W3CHttpResponseCodec.java:122)
	at org.openqa.selenium.remote.http.W3CHttpResponseCodec.decode(W3CHttpResponseCodec.java:49)
	at org.openqa.selenium.remote.HttpCommandExecutor.execute(HttpCommandExecutor.java:158)
	at org.openqa.selenium.remote.service.DriverCommandExecutor.execute(DriverCommandExecutor.java:83)
	at org.openqa.selenium.remote.RemoteWebDriver.execute(RemoteWebDriver.java:552)
	at com.kms.katalon.selenium.driver.CChromeDriver.execute(CChromeDriver.java:19)
	at org.openqa.selenium.remote.RemoteWebElement.execute(RemoteWebElement.java:285)
	at org.openqa.selenium.remote.RemoteWebElement.sendKeys(RemoteWebElement.java:106)
	at jdk.internal.reflect.GeneratedMethodAccessor21.invoke(Unknown Source)
	at java.base/jdk.internal.reflect.DelegatingMethodAccessorImpl.invoke(DelegatingMethodAccessorImpl.java:43)
	at org.openqa.selenium.support.events.EventFiringWebDriver$EventFiringWebElement.lambda$new$0(EventFiringWebDriver.java:404)
	at jdk.proxy2/jdk.proxy2.$Proxy24.sendKeys(Unknown Source)
	at org.openqa.selenium.support.events.EventFiringWebDriver$EventFiringWebElement.sendKeys(EventFiringWebDriver.java:429)
	at com.kms.katalon.core.webui.keyword.builtin.SetTextKeyword$_setText_closure1.doCall(SetTextKeyword.groovy:71)
	at com.kms.katalon.core.webui.keyword.builtin.SetTextKeyword$_setText_closure1.call(SetTextKeyword.groovy)
	at com.kms.katalon.core.webui.keyword.internal.WebUIKeywordMain.runKeyword(WebUIKeywordMain.groovy:35)
	at com.kms.katalon.core.webui.keyword.builtin.SetTextKeyword.setText(SetTextKeyword.groovy:85)
	at com.kms.katalon.core.webui.keyword.builtin.SetTextKeyword.execute(SetTextKeyword.groovy:39)
	at com.kms.katalon.core.keyword.internal.KeywordExecutor.executeKeywordForPlatform(KeywordExecutor.groovy:74)
	at com.kms.katalon.core.webui.keyword.WebUiBuiltInKeywords.setText(WebUiBuiltInKeywords.groovy:1019)
	at Script1727458510267.run(Script1727458510267.groovy:42)
	... 15 more
)

28-01-2025T17:59:09 - [MESSAGE][FAILED] - Unable to set text 'B Auto' of object 'Object Repository/Specific Cases Repository/LS/Home/Calendar/Calendar_Events/Calendar_Events_Creation/Appointment/Page_Calendar/Patien Name' (Root cause: com.kms.katalon.core.exception.StepFailedException: Unable to set text 'B Auto' of object 'Object Repository/Specific Cases Repository/LS/Home/Calendar/Calendar_Events/Calendar_Events_Creation/Appointment/Page_Calendar/Patien Name'
	at com.kms.katalon.core.webui.keyword.internal.WebUIKeywordMain.stepFailed(WebUIKeywordMain.groovy:117)
	at com.kms.katalon.core.webui.keyword.internal.WebUIKeywordMain.runKeyword(WebUIKeywordMain.groovy:43)
	at com.kms.katalon.core.webui.keyword.builtin.SetTextKeyword.setText(SetTextKeyword.groovy:85)
	at com.kms.katalon.core.webui.keyword.builtin.SetTextKeyword.execute(SetTextKeyword.groovy:39)
	at com.kms.katalon.core.keyword.internal.KeywordExecutor.executeKeywordForPlatform(KeywordExecutor.groovy:74)
	at com.kms.katalon.core.webui.keyword.WebUiBuiltInKeywords.setText(WebUiBuiltInKeywords.groovy:1019)
	at Past_Calendar_Appointment.run(Past_Calendar_Appointment:42)
	at com.kms.katalon.core.main.ScriptEngine.run(ScriptEngine.java:194)
	at com.kms.katalon.core.main.ScriptEngine.runScriptAsRawText(ScriptEngine.java:119)
	at com.kms.katalon.core.main.TestCaseExecutor.runScript(TestCaseExecutor.java:448)
	at com.kms.katalon.core.main.TestCaseExecutor.doExecute(TestCaseExecutor.java:439)
	at com.kms.katalon.core.main.TestCaseExecutor.processExecutionPhase(TestCaseExecutor.java:418)
	at com.kms.katalon.core.main.TestCaseExecutor.accessMainPhase(TestCaseExecutor.java:410)
	at com.kms.katalon.core.main.TestCaseExecutor.execute(TestCaseExecutor.java:285)
	at com.kms.katalon.core.common.CommonExecutor.accessTestCaseMainPhase(CommonExecutor.java:65)
	at com.kms.katalon.core.main.TestSuiteExecutor.accessTestSuiteMainPhase(TestSuiteExecutor.java:150)
	at com.kms.katalon.core.main.TestSuiteExecutor.execute(TestSuiteExecutor.java:106)
	at com.kms.katalon.core.main.TestCaseMain.startTestSuite(TestCaseMain.java:180)
	at TempTestSuite1738104956297.run(TempTestSuite1738104956297.groovy:35)
	at java.base/jdk.internal.reflect.NativeMethodAccessorImpl.invoke0(Native Method)
	at java.base/jdk.internal.reflect.NativeMethodAccessorImpl.invoke(NativeMethodAccessorImpl.java:77)
	at java.base/jdk.internal.reflect.DelegatingMethodAccessorImpl.invoke(DelegatingMethodAccessorImpl.java:43)
Caused by: org.openqa.selenium.ElementNotInteractableException: element not interactable
  (Session info: chrome=131.0.6778.265)
Build info: version: '3.141.59', revision: 'unknown', time: 'unknown'
System info: host: 'ENRIQUE', ip: '192.168.100.166', os.name: 'Windows 11', os.arch: 'amd64', os.version: '10.0', java.version: '17.0.7'
Driver info: com.kms.katalon.selenium.driver.CChromeDriver
Capabilities {acceptInsecureCerts: false, browserName: chrome, browserVersion: 131.0.6778.265, chrome: {chromedriverVersion: 130.0.6723.58 (3a50e012e4c9..., userDataDir: C:\Users\Enrique\AppData\Lo...}, fedcm:accounts: true, goog:chromeOptions: {debuggerAddress: localhost:62147}, javascriptEnabled: true, networkConnectionEnabled: false, pageLoadStrategy: normal, platform: WINDOWS, platformName: WINDOWS, proxy: Proxy(), setWindowRect: true, strictFileInteractability: false, timeouts: {implicit: 0, pageLoad: 300000, script: 30000}, unhandledPromptBehavior: dismiss and notify, webauthn:extension:credBlob: true, webauthn:extension:largeBlob: true, webauthn:extension:minPinLength: true, webauthn:extension:prf: true, webauthn:virtualAuthenticators: true}
Session ID: 2062eb9016f242fb38c52b090b29515f
	at java.base/jdk.internal.reflect.NativeConstructorAccessorImpl.newInstance0(Native Method)
	at java.base/jdk.internal.reflect.NativeConstructorAccessorImpl.newInstance(NativeConstructorAccessorImpl.java:77)
	at java.base/jdk.internal.reflect.DelegatingConstructorAccessorImpl.newInstance(DelegatingConstructorAccessorImpl.java:45)
	at org.openqa.selenium.remote.http.W3CHttpResponseCodec.createException(W3CHttpResponseCodec.java:187)
	at org.openqa.selenium.remote.http.W3CHttpResponseCodec.decode(W3CHttpResponseCodec.java:122)
	at org.openqa.selenium.remote.http.W3CHttpResponseCodec.decode(W3CHttpResponseCodec.java:49)
	at org.openqa.selenium.remote.HttpCommandExecutor.execute(HttpCommandExecutor.java:158)
	at org.openqa.selenium.remote.service.DriverCommandExecutor.execute(DriverCommandExecutor.java:83)
	at org.openqa.selenium.remote.RemoteWebDriver.execute(RemoteWebDriver.java:552)
	at com.kms.katalon.selenium.driver.CChromeDriver.execute(CChromeDriver.java:19)
	at org.openqa.selenium.remote.RemoteWebElement.execute(RemoteWebElement.java:285)
	at org.openqa.selenium.remote.RemoteWebElement.sendKeys(RemoteWebElement.java:106)
	at jdk.internal.reflect.GeneratedMethodAccessor21.invoke(Unknown Source)
	at java.base/jdk.internal.reflect.DelegatingMethodAccessorImpl.invoke(DelegatingMethodAccessorImpl.java:43)
	at org.openqa.selenium.support.events.EventFiringWebDriver$EventFiringWebElement.lambda$new$0(EventFiringWebDriver.java:404)
	at jdk.proxy2/jdk.proxy2.$Proxy24.sendKeys(Unknown Source)
	at org.openqa.selenium.support.events.EventFiringWebDriver$EventFiringWebElement.sendKeys(EventFiringWebDriver.java:429)
	at com.kms.katalon.core.webui.keyword.builtin.SetTextKeyword$_setText_closure1.doCall(SetTextKeyword.groovy:71)
	at com.kms.katalon.core.webui.keyword.builtin.SetTextKeyword$_setText_closure1.call(SetTextKeyword.groovy)
	at com.kms.katalon.core.webui.keyword.internal.WebUIKeywordMain.runKeyword(WebUIKeywordMain.groovy:35)
	at com.kms.katalon.core.webui.keyword.builtin.SetTextKeyword.setText(SetTextKeyword.groovy:85)
	at com.kms.katalon.core.webui.keyword.builtin.SetTextKeyword.execute(SetTextKeyword.groovy:39)
	at com.kms.katalon.core.keyword.internal.KeywordExecutor.executeKeywordForPlatform(KeywordExecutor.groovy:74)
	at com.kms.katalon.core.webui.keyword.WebUiBuiltInKeywords.setText(WebUiBuiltInKeywords.groovy:1019)
	at Script1727458510267.run(Script1727458510267.groovy:42)
	... 15 more
)
[[ATTACHMENT|C:\\Users\\Enrique\\git\\AUTOMATION_LS\\Reports\\20250128_175555\\LS\\Home\\General\\Calendar\\20250128_175556\\1738105149489.png]]]]></system-out>
         <system-err><![CDATA[28-01-2025T17:58:25 - [TEST_CASE][FAILED] - Test Cases/Specific Cases/LS/General/Calendar/Events_Creation/Past Events Creation/Past_Calendar_Appointment: Test Cases/Specific Cases/LS/General/Calendar/Events_Creation/Past Events Creation/Past_Calendar_Appointment FAILED.
Reason:
com.kms.katalon.core.exception.StepFailedException: Unable to set text 'B Auto' of object 'Object Repository/Specific Cases Repository/LS/Home/Calendar/Calendar_Events/Calendar_Events_Creation/Appointment/Page_Calendar/Patien Name'
	at com.kms.katalon.core.webui.keyword.internal.WebUIKeywordMain.stepFailed(WebUIKeywordMain.groovy:117)
	at com.kms.katalon.core.webui.keyword.internal.WebUIKeywordMain.runKeyword(WebUIKeywordMain.groovy:43)
	at com.kms.katalon.core.webui.keyword.builtin.SetTextKeyword.setText(SetTextKeyword.groovy:85)
	at com.kms.katalon.core.webui.keyword.builtin.SetTextKeyword.execute(SetTextKeyword.groovy:39)
	at com.kms.katalon.core.keyword.internal.KeywordExecutor.executeKeywordForPlatform(KeywordExecutor.groovy:74)
	at com.kms.katalon.core.webui.keyword.WebUiBuiltInKeywords.setText(WebUiBuiltInKeywords.groovy:1019)
	at Past_Calendar_Appointment.run(Past_Calendar_Appointment:42)
	at com.kms.katalon.core.main.ScriptEngine.run(ScriptEngine.java:194)
	at com.kms.katalon.core.main.ScriptEngine.runScriptAsRawText(ScriptEngine.java:119)
	at com.kms.katalon.core.main.TestCaseExecutor.runScript(TestCaseExecutor.java:448)
	at com.kms.katalon.core.main.TestCaseExecutor.doExecute(TestCaseExecutor.java:439)
	at com.kms.katalon.core.main.TestCaseExecutor.processExecutionPhase(TestCaseExecutor.java:418)
	at com.kms.katalon.core.main.TestCaseExecutor.accessMainPhase(TestCaseExecutor.java:410)
	at com.kms.katalon.core.main.TestCaseExecutor.execute(TestCaseExecutor.java:285)
	at com.kms.katalon.core.common.CommonExecutor.accessTestCaseMainPhase(CommonExecutor.java:65)
	at com.kms.katalon.core.main.TestSuiteExecutor.accessTestSuiteMainPhase(TestSuiteExecutor.java:150)
	at com.kms.katalon.core.main.TestSuiteExecutor.execute(TestSuiteExecutor.java:106)
	at com.kms.katalon.core.main.TestCaseMain.startTestSuite(TestCaseMain.java:180)
	at TempTestSuite1738104956297.run(TempTestSuite1738104956297.groovy:35)
	at java.base/jdk.internal.reflect.NativeMethodAccessorImpl.invoke0(Native Method)
	at java.base/jdk.internal.reflect.NativeMethodAccessorImpl.invoke(NativeMethodAccessorImpl.java:77)
	at java.base/jdk.internal.reflect.DelegatingMethodAccessorImpl.invoke(DelegatingMethodAccessorImpl.java:43)
Caused by: org.openqa.selenium.ElementNotInteractableException: element not interactable
  (Session info: chrome=131.0.6778.265)
Build info: version: '3.141.59', revision: 'unknown', time: 'unknown'
System info: host: 'ENRIQUE', ip: '192.168.100.166', os.name: 'Windows 11', os.arch: 'amd64', os.version: '10.0', java.version: '17.0.7'
Driver info: com.kms.katalon.selenium.driver.CChromeDriver
Capabilities {acceptInsecureCerts: false, browserName: chrome, browserVersion: 131.0.6778.265, chrome: {chromedriverVersion: 130.0.6723.58 (3a50e012e4c9..., userDataDir: C:\Users\Enrique\AppData\Lo...}, fedcm:accounts: true, goog:chromeOptions: {debuggerAddress: localhost:62147}, javascriptEnabled: true, networkConnectionEnabled: false, pageLoadStrategy: normal, platform: WINDOWS, platformName: WINDOWS, proxy: Proxy(), setWindowRect: true, strictFileInteractability: false, timeouts: {implicit: 0, pageLoad: 300000, script: 30000}, unhandledPromptBehavior: dismiss and notify, webauthn:extension:credBlob: true, webauthn:extension:largeBlob: true, webauthn:extension:minPinLength: true, webauthn:extension:prf: true, webauthn:virtualAuthenticators: true}
Session ID: 2062eb9016f242fb38c52b090b29515f
	at java.base/jdk.internal.reflect.NativeConstructorAccessorImpl.newInstance0(Native Method)
	at java.base/jdk.internal.reflect.NativeConstructorAccessorImpl.newInstance(NativeConstructorAccessorImpl.java:77)
	at java.base/jdk.internal.reflect.DelegatingConstructorAccessorImpl.newInstance(DelegatingConstructorAccessorImpl.java:45)
	at org.openqa.selenium.remote.http.W3CHttpResponseCodec.createException(W3CHttpResponseCodec.java:187)
	at org.openqa.selenium.remote.http.W3CHttpResponseCodec.decode(W3CHttpResponseCodec.java:122)
	at org.openqa.selenium.remote.http.W3CHttpResponseCodec.decode(W3CHttpResponseCodec.java:49)
	at org.openqa.selenium.remote.HttpCommandExecutor.execute(HttpCommandExecutor.java:158)
	at org.openqa.selenium.remote.service.DriverCommandExecutor.execute(DriverCommandExecutor.java:83)
	at org.openqa.selenium.remote.RemoteWebDriver.execute(RemoteWebDriver.java:552)
	at com.kms.katalon.selenium.driver.CChromeDriver.execute(CChromeDriver.java:19)
	at org.openqa.selenium.remote.RemoteWebElement.execute(RemoteWebElement.java:285)
	at org.openqa.selenium.remote.RemoteWebElement.sendKeys(RemoteWebElement.java:106)
	at jdk.internal.reflect.GeneratedMethodAccessor21.invoke(Unknown Source)
	at java.base/jdk.internal.reflect.DelegatingMethodAccessorImpl.invoke(DelegatingMethodAccessorImpl.java:43)
	at org.openqa.selenium.support.events.EventFiringWebDriver$EventFiringWebElement.lambda$new$0(EventFiringWebDriver.java:404)
	at jdk.proxy2/jdk.proxy2.$Proxy24.sendKeys(Unknown Source)
	at org.openqa.selenium.support.events.EventFiringWebDriver$EventFiringWebElement.sendKeys(EventFiringWebDriver.java:429)
	at com.kms.katalon.core.webui.keyword.builtin.SetTextKeyword$_setText_closure1.doCall(SetTextKeyword.groovy:71)
	at com.kms.katalon.core.webui.keyword.builtin.SetTextKeyword$_setText_closure1.call(SetTextKeyword.groovy)
	at com.kms.katalon.core.webui.keyword.internal.WebUIKeywordMain.runKeyword(WebUIKeywordMain.groovy:35)
	... 20 more]]></system-err>
      </testcase>
      <testcase name="Test Cases/Specific Cases/LS/General/Calendar/Events_Creation/Past Events Creation/Past_Calendar_Block" time="32.063" classname="Test Cases/Specific Cases/LS/General/Calendar/Events_Creation/Past Events Creation/Past_Calendar_Block" status="PASSED">
         <system-out><![CDATA[28-01-2025T17:59:10 - [TEST_CASE][PASSED] - Test Cases/Specific Cases/LS/General/Calendar/Events_Creation/Past Events Creation/Past_Calendar_Block: Test Cases/Specific Cases/LS/General/Calendar/Events_Creation/Past Events Creation/Past_Calendar_Block

28-01-2025T17:59:10 - [TEST_STEP][PASSED] - callTestCase(findTestCase("Common Cases/Login"), [:], STOP_ON_FAILURE): Call Test Case 'Test Cases/Common Cases/Login' successfully

28-01-2025T17:59:10 - [TEST_CASE][PASSED] - Test Cases/Common Cases/Login: Test Cases/Common Cases/Login

28-01-2025T17:59:10 - [TEST_STEP][PASSED] - openBrowser(""): Browser is opened with url: ''

28-01-2025T17:59:10 - [MESSAGE][WARNING] - A browser is already opened. Closing browser and opening a new one

28-01-2025T17:59:10 - [MESSAGE][INFO] - Starting 'Chrome' driver

28-01-2025T17:59:10 - [MESSAGE][INFO] - Action delay is set to 0 milliseconds

28-01-2025T17:59:11 - [MESSAGE][PASSED] - Browser is opened with url: ''

28-01-2025T17:59:11 - [TEST_STEP][PASSED] - maximizeWindow(): Current window maximized

28-01-2025T17:59:11 - [MESSAGE][PASSED] - Current window maximized

28-01-2025T17:59:11 - [TEST_STEP][PASSED] - navigateToUrl("https://site17.lsapp.cloud/auth/login"): Navigate to 'https://site17.lsapp.cloud/auth/login' successfully

28-01-2025T17:59:15 - [MESSAGE][PASSED] - Navigate to 'https://site17.lsapp.cloud/auth/login' successfully

28-01-2025T17:59:15 - [TEST_STEP][PASSED] - setText(findTestObject("Object Repository/Common Cases Repository/Login/Page_Lightning Step/input_Email_email"), "automation@lightningstep.com"): Text 'automation@lightningstep.com' is set on object 'Object Repository/Common Cases Repository/Login/Page_Lightning Step/input_Email_email'

28-01-2025T17:59:16 - [MESSAGE][PASSED] - Text 'automation@lightningstep.com' is set on object 'Object Repository/Common Cases Repository/Login/Page_Lightning Step/input_Email_email'

28-01-2025T17:59:16 - [TEST_STEP][PASSED] - setEncryptedText(findTestObject("Object Repository/Common Cases Repository/Login/Page_Lightning Step/input_Password_password"), "e5N8VHmnhJDITtQaQhDQDw=="): Text ****** has been set on object 'Object Repository/Common Cases Repository/Login/Page_Lightning Step/input_Password_password'

28-01-2025T17:59:17 - [MESSAGE][PASSED] - Text ****** has been set on object 'Object Repository/Common Cases Repository/Login/Page_Lightning Step/input_Password_password'

28-01-2025T17:59:17 - [TEST_STEP][PASSED] - click(findTestObject("Object Repository/Common Cases Repository/Login/Page_Lightning Step/button_Sign in")): Object: 'Object Repository/Common Cases Repository/Login/Page_Lightning Step/button_Sign in' is clicked on

28-01-2025T17:59:23 - [MESSAGE][PASSED] - Object: 'Object Repository/Common Cases Repository/Login/Page_Lightning Step/button_Sign in' is clicked on

28-01-2025T17:59:23 - [MESSAGE][PASSED] - Call Test Case 'Test Cases/Common Cases/Login' successfully

28-01-2025T17:59:23 - [TEST_STEP][PASSED] - click(findTestObject("Object Repository/Specific Cases Repository/LS/Home/Calendar/Calendar_Events/Calendar_Events_Creation/Block/Page_Home/a_Calendar")): Object: 'Object Repository/Specific Cases Repository/LS/Home/Calendar/Calendar_Events/Calendar_Events_Creation/Block/Page_Home/a_Calendar' is clicked on

28-01-2025T17:59:30 - [MESSAGE][PASSED] - Object: 'Object Repository/Specific Cases Repository/LS/Home/Calendar/Calendar_Events/Calendar_Events_Creation/Block/Page_Home/a_Calendar' is clicked on

28-01-2025T17:59:30 - [TEST_STEP][PASSED] - click(findTestObject("Object Repository/Specific Cases Repository/LS/Home/Calendar/Calendar_Events/Calendar_Events_Creation/Appointment/Page_Calendar/div_Week")): Object: 'Object Repository/Specific Cases Repository/LS/Home/Calendar/Calendar_Events/Calendar_Events_Creation/Appointment/Page_Calendar/div_Week' is clicked on

28-01-2025T17:59:31 - [MESSAGE][PASSED] - Object: 'Object Repository/Specific Cases Repository/LS/Home/Calendar/Calendar_Events/Calendar_Events_Creation/Appointment/Page_Calendar/div_Week' is clicked on

28-01-2025T17:59:31 - [TEST_STEP][PASSED] - click(findTestObject("Object Repository/Specific Cases Repository/LS/Home/Calendar/Calendar_Events/Calendar_Events_Creation/Block/Page_Calendar/button_Create new")): Object: 'Object Repository/Specific Cases Repository/LS/Home/Calendar/Calendar_Events/Calendar_Events_Creation/Block/Page_Calendar/button_Create new' is clicked on

28-01-2025T17:59:31 - [MESSAGE][PASSED] - Object: 'Object Repository/Specific Cases Repository/LS/Home/Calendar/Calendar_Events/Calendar_Events_Creation/Block/Page_Calendar/button_Create new' is clicked on

28-01-2025T17:59:31 - [TEST_STEP][PASSED] - click(findTestObject("Object Repository/Specific Cases Repository/LS/Home/Calendar/Calendar_Events/Calendar_Events_Creation/Block/Page_Calendar/label_Block")): Object: 'Object Repository/Specific Cases Repository/LS/Home/Calendar/Calendar_Events/Calendar_Events_Creation/Block/Page_Calendar/label_Block' is clicked on

28-01-2025T17:59:32 - [MESSAGE][PASSED] - Object: 'Object Repository/Specific Cases Repository/LS/Home/Calendar/Calendar_Events/Calendar_Events_Creation/Block/Page_Calendar/label_Block' is clicked on

28-01-2025T17:59:32 - [TEST_STEP][PASSED] - setText(findTestObject("Object Repository/Specific Cases Repository/LS/Home/Calendar/Calendar_Events/Calendar_Events_Creation/Block/Page_Calendar/input_Title_title_"), "Past Automation Block"): Text 'Past Automation Block' is set on object 'Object Repository/Specific Cases Repository/LS/Home/Calendar/Calendar_Events/Calendar_Events_Creation/Block/Page_Calendar/input_Title_title_'

28-01-2025T17:59:34 - [MESSAGE][PASSED] - Text 'Past Automation Block' is set on object 'Object Repository/Specific Cases Repository/LS/Home/Calendar/Calendar_Events/Calendar_Events_Creation/Block/Page_Calendar/input_Title_title_'

28-01-2025T17:59:34 - [TEST_STEP][PASSED] - click(findTestObject("Object Repository/Specific Cases Repository/LS/Home/Calendar/Calendar_Events/Calendar_Events_Creation/Appointment/Page_Calendar/Date")): Object: 'Object Repository/Specific Cases Repository/LS/Home/Calendar/Calendar_Events/Calendar_Events_Creation/Appointment/Page_Calendar/Date' is clicked on

28-01-2025T17:59:34 - [MESSAGE][PASSED] - Object: 'Object Repository/Specific Cases Repository/LS/Home/Calendar/Calendar_Events/Calendar_Events_Creation/Appointment/Page_Calendar/Date' is clicked on

28-01-2025T17:59:34 - [TEST_STEP][PASSED] - setText(findTestObject("Object Repository/Specific Cases Repository/LS/Home/Calendar/Calendar_Events/Calendar_Events_Creation/Appointment/Page_Calendar/Date"), Last_Week_Date): Text '01/21/2025' is set on object 'Object Repository/Specific Cases Repository/LS/Home/Calendar/Calendar_Events/Calendar_Events_Creation/Appointment/Page_Calendar/Date'

28-01-2025T17:59:35 - [MESSAGE][PASSED] - Text '01/21/2025' is set on object 'Object Repository/Specific Cases Repository/LS/Home/Calendar/Calendar_Events/Calendar_Events_Creation/Appointment/Page_Calendar/Date'

28-01-2025T17:59:35 - [TEST_STEP][PASSED] - click(findTestObject("Object Repository/Specific Cases Repository/LS/Home/Calendar/Calendar_Events/Calendar_Events_Creation/Appointment/Page_Calendar/Start Time Clock")): Object: 'Object Repository/Specific Cases Repository/LS/Home/Calendar/Calendar_Events/Calendar_Events_Creation/Appointment/Page_Calendar/Start Time Clock' is clicked on

28-01-2025T17:59:36 - [MESSAGE][PASSED] - Object: 'Object Repository/Specific Cases Repository/LS/Home/Calendar/Calendar_Events/Calendar_Events_Creation/Appointment/Page_Calendar/Start Time Clock' is clicked on

28-01-2025T17:59:36 - [TEST_STEP][PASSED] - setText(findTestObject("Object Repository/Specific Cases Repository/LS/Home/Calendar/Calendar_Events/Calendar_Events_Creation/Appointment/Page_Calendar/Start Time Clock"), "1600"): Text '1600' is set on object 'Object Repository/Specific Cases Repository/LS/Home/Calendar/Calendar_Events/Calendar_Events_Creation/Appointment/Page_Calendar/Start Time Clock'

28-01-2025T17:59:36 - [MESSAGE][PASSED] - Text '1600' is set on object 'Object Repository/Specific Cases Repository/LS/Home/Calendar/Calendar_Events/Calendar_Events_Creation/Appointment/Page_Calendar/Start Time Clock'

28-01-2025T17:59:36 - [TEST_STEP][PASSED] - click(findTestObject("Object Repository/Specific Cases Repository/LS/Home/Calendar/Calendar_Events/Calendar_Events_Creation/Block/Page_Calendar/div_Schedule                               _3f20bf")): Object: 'Object Repository/Specific Cases Repository/LS/Home/Calendar/Calendar_Events/Calendar_Events_Creation/Block/Page_Calendar/div_Schedule                               _3f20bf' is clicked on

28-01-2025T17:59:37 - [MESSAGE][PASSED] - Object: 'Object Repository/Specific Cases Repository/LS/Home/Calendar/Calendar_Events/Calendar_Events_Creation/Block/Page_Calendar/div_Schedule                               _3f20bf' is clicked on

28-01-2025T17:59:37 - [TEST_STEP][PASSED] - setText(findTestObject("Object Repository/Specific Cases Repository/LS/Home/Calendar/Calendar_Events/Calendar_Events_Creation/Block/Page_Calendar/input_Notes_notes"), "Automation Block Note"): Text 'Automation Block Note' is set on object 'Object Repository/Specific Cases Repository/LS/Home/Calendar/Calendar_Events/Calendar_Events_Creation/Block/Page_Calendar/input_Notes_notes'

28-01-2025T17:59:38 - [MESSAGE][PASSED] - Text 'Automation Block Note' is set on object 'Object Repository/Specific Cases Repository/LS/Home/Calendar/Calendar_Events/Calendar_Events_Creation/Block/Page_Calendar/input_Notes_notes'

28-01-2025T17:59:38 - [TEST_STEP][PASSED] - click(findTestObject("Object Repository/Specific Cases Repository/LS/Home/Calendar/Calendar_Events/Calendar_Events_Creation/Block/Page_Calendar/a_Save")): Object: 'Object Repository/Specific Cases Repository/LS/Home/Calendar/Calendar_Events/Calendar_Events_Creation/Block/Page_Calendar/a_Save' is clicked on

28-01-2025T17:59:38 - [MESSAGE][PASSED] - Object: 'Object Repository/Specific Cases Repository/LS/Home/Calendar/Calendar_Events/Calendar_Events_Creation/Block/Page_Calendar/a_Save' is clicked on

28-01-2025T17:59:38 - [TEST_STEP][PASSED] - click(findTestObject("Specific Cases Repository/LS/Home/Calendar/Calendar_Events/Calendar_Events_Creation/Appointment/Page_Calendar/Previus Week Arrow")): Object: 'Object Repository/Specific Cases Repository/LS/Home/Calendar/Calendar_Events/Calendar_Events_Creation/Appointment/Page_Calendar/Previus Week Arrow' is clicked on

28-01-2025T17:59:40 - [MESSAGE][PASSED] - Object: 'Object Repository/Specific Cases Repository/LS/Home/Calendar/Calendar_Events/Calendar_Events_Creation/Appointment/Page_Calendar/Previus Week Arrow' is clicked on

28-01-2025T17:59:40 - [TEST_STEP][PASSED] - mouseOver(findTestObject("Specific Cases Repository/LS/Home/Calendar/Calendar_Events/Calendar_Events_Creation/Block/Page_Calendar/a_Blocked for Automation Block - Past")): Object: 'Object Repository/Specific Cases Repository/LS/Home/Calendar/Calendar_Events/Calendar_Events_Creation/Block/Page_Calendar/a_Blocked for Automation Block - Past' is hovered

28-01-2025T17:59:41 - [MESSAGE][PASSED] - Object: 'Object Repository/Specific Cases Repository/LS/Home/Calendar/Calendar_Events/Calendar_Events_Creation/Block/Page_Calendar/a_Blocked for Automation Block - Past' is hovered

28-01-2025T17:59:41 - [TEST_STEP][PASSED] - verifyElementText(findTestObject("Specific Cases Repository/LS/Home/Calendar/Calendar_Events/Calendar_Events_Creation/Block/Page_Calendar/span_Blocked for Past Automation Block"), "Blocked for: Past Automation Block"): Actual text and expected text of test object 'Object Repository/Specific Cases Repository/LS/Home/Calendar/Calendar_Events/Calendar_Events_Creation/Block/Page_Calendar/span_Blocked for Past Automation Block' are matched.

28-01-2025T17:59:41 - [MESSAGE][PASSED] - Actual text and expected text of test object 'Object Repository/Specific Cases Repository/LS/Home/Calendar/Calendar_Events/Calendar_Events_Creation/Block/Page_Calendar/span_Blocked for Past Automation Block' are matched.

28-01-2025T17:59:41 - [TEST_STEP][PASSED] - closeBrowser(): Browser is closed

28-01-2025T17:59:42 - [MESSAGE][PASSED] - Browser is closed]]></system-out>
         <system-err><![CDATA[]]></system-err>
      </testcase>
      <testcase name="Test Cases/Specific Cases/LS/General/Calendar/Events_Creation/Past Events Creation/Past_Calendar_Event" time="26.749" classname="Test Cases/Specific Cases/LS/General/Calendar/Events_Creation/Past Events Creation/Past_Calendar_Event" status="PASSED">
         <system-out><![CDATA[28-01-2025T17:59:42 - [TEST_CASE][PASSED] - Test Cases/Specific Cases/LS/General/Calendar/Events_Creation/Past Events Creation/Past_Calendar_Event: Test Cases/Specific Cases/LS/General/Calendar/Events_Creation/Past Events Creation/Past_Calendar_Event

28-01-2025T17:59:42 - [TEST_STEP][PASSED] - callTestCase(findTestCase("Common Cases/Login"), [:], STOP_ON_FAILURE): Call Test Case 'Test Cases/Common Cases/Login' successfully

28-01-2025T17:59:42 - [TEST_CASE][PASSED] - Test Cases/Common Cases/Login: Test Cases/Common Cases/Login

28-01-2025T17:59:42 - [TEST_STEP][PASSED] - openBrowser(""): Browser is opened with url: ''

28-01-2025T17:59:42 - [MESSAGE][INFO] - Starting 'Chrome' driver

28-01-2025T17:59:42 - [MESSAGE][INFO] - Action delay is set to 0 milliseconds

28-01-2025T17:59:42 - [MESSAGE][PASSED] - Browser is opened with url: ''

28-01-2025T17:59:42 - [TEST_STEP][PASSED] - maximizeWindow(): Current window maximized

28-01-2025T17:59:43 - [MESSAGE][PASSED] - Current window maximized

28-01-2025T17:59:43 - [TEST_STEP][PASSED] - navigateToUrl("https://site17.lsapp.cloud/auth/login"): Navigate to 'https://site17.lsapp.cloud/auth/login' successfully

28-01-2025T17:59:46 - [MESSAGE][PASSED] - Navigate to 'https://site17.lsapp.cloud/auth/login' successfully

28-01-2025T17:59:46 - [TEST_STEP][PASSED] - setText(findTestObject("Object Repository/Common Cases Repository/Login/Page_Lightning Step/input_Email_email"), "automation@lightningstep.com"): Text 'automation@lightningstep.com' is set on object 'Object Repository/Common Cases Repository/Login/Page_Lightning Step/input_Email_email'

28-01-2025T17:59:46 - [MESSAGE][PASSED] - Text 'automation@lightningstep.com' is set on object 'Object Repository/Common Cases Repository/Login/Page_Lightning Step/input_Email_email'

28-01-2025T17:59:46 - [TEST_STEP][PASSED] - setEncryptedText(findTestObject("Object Repository/Common Cases Repository/Login/Page_Lightning Step/input_Password_password"), "e5N8VHmnhJDITtQaQhDQDw=="): Text ****** has been set on object 'Object Repository/Common Cases Repository/Login/Page_Lightning Step/input_Password_password'

28-01-2025T17:59:47 - [MESSAGE][PASSED] - Text ****** has been set on object 'Object Repository/Common Cases Repository/Login/Page_Lightning Step/input_Password_password'

28-01-2025T17:59:47 - [TEST_STEP][PASSED] - click(findTestObject("Object Repository/Common Cases Repository/Login/Page_Lightning Step/button_Sign in")): Object: 'Object Repository/Common Cases Repository/Login/Page_Lightning Step/button_Sign in' is clicked on

28-01-2025T17:59:52 - [MESSAGE][PASSED] - Object: 'Object Repository/Common Cases Repository/Login/Page_Lightning Step/button_Sign in' is clicked on

28-01-2025T17:59:52 - [MESSAGE][PASSED] - Call Test Case 'Test Cases/Common Cases/Login' successfully

28-01-2025T17:59:52 - [TEST_STEP][PASSED] - click(findTestObject("Object Repository/Specific Cases Repository/LS/Home/Calendar/Calendar_Events/Calendar_Events_Creation/Event/Page_Home/a_Calendar")): Object: 'Object Repository/Specific Cases Repository/LS/Home/Calendar/Calendar_Events/Calendar_Events_Creation/Event/Page_Home/a_Calendar' is clicked on

28-01-2025T17:59:56 - [MESSAGE][PASSED] - Object: 'Object Repository/Specific Cases Repository/LS/Home/Calendar/Calendar_Events/Calendar_Events_Creation/Event/Page_Home/a_Calendar' is clicked on

28-01-2025T17:59:56 - [TEST_STEP][PASSED] - click(findTestObject("Object Repository/Specific Cases Repository/LS/Home/Calendar/Calendar_Events/Calendar_Events_Creation/Appointment/Page_Calendar/div_Week")): Object: 'Object Repository/Specific Cases Repository/LS/Home/Calendar/Calendar_Events/Calendar_Events_Creation/Appointment/Page_Calendar/div_Week' is clicked on

28-01-2025T17:59:57 - [MESSAGE][PASSED] - Object: 'Object Repository/Specific Cases Repository/LS/Home/Calendar/Calendar_Events/Calendar_Events_Creation/Appointment/Page_Calendar/div_Week' is clicked on

28-01-2025T17:59:57 - [TEST_STEP][PASSED] - click(findTestObject("Object Repository/Specific Cases Repository/LS/Home/Calendar/Calendar_Events/Calendar_Events_Creation/Event/Page_Calendar/button_Create new")): Object: 'Object Repository/Specific Cases Repository/LS/Home/Calendar/Calendar_Events/Calendar_Events_Creation/Event/Page_Calendar/button_Create new' is clicked on

28-01-2025T17:59:58 - [MESSAGE][PASSED] - Object: 'Object Repository/Specific Cases Repository/LS/Home/Calendar/Calendar_Events/Calendar_Events_Creation/Event/Page_Calendar/button_Create new' is clicked on

28-01-2025T17:59:58 - [TEST_STEP][PASSED] - click(findTestObject("Object Repository/Specific Cases Repository/LS/Home/Calendar/Calendar_Events/Calendar_Events_Creation/Event/Page_Calendar/label_Event")): Object: 'Object Repository/Specific Cases Repository/LS/Home/Calendar/Calendar_Events/Calendar_Events_Creation/Event/Page_Calendar/label_Event' is clicked on

28-01-2025T17:59:59 - [MESSAGE][PASSED] - Object: 'Object Repository/Specific Cases Repository/LS/Home/Calendar/Calendar_Events/Calendar_Events_Creation/Event/Page_Calendar/label_Event' is clicked on

28-01-2025T17:59:59 - [TEST_STEP][PASSED] - setText(findTestObject("Object Repository/Specific Cases Repository/LS/Home/Calendar/Calendar_Events/Calendar_Events_Creation/Event/Page_Calendar/input_Title_title_"), "Past Automation Event"): Text 'Past Automation Event' is set on object 'Object Repository/Specific Cases Repository/LS/Home/Calendar/Calendar_Events/Calendar_Events_Creation/Event/Page_Calendar/input_Title_title_'

28-01-2025T18:00:00 - [MESSAGE][PASSED] - Text 'Past Automation Event' is set on object 'Object Repository/Specific Cases Repository/LS/Home/Calendar/Calendar_Events/Calendar_Events_Creation/Event/Page_Calendar/input_Title_title_'

28-01-2025T18:00:00 - [TEST_STEP][PASSED] - click(findTestObject("Object Repository/Specific Cases Repository/LS/Home/Calendar/Calendar_Events/Calendar_Events_Creation/Appointment/Page_Calendar/Date")): Object: 'Object Repository/Specific Cases Repository/LS/Home/Calendar/Calendar_Events/Calendar_Events_Creation/Appointment/Page_Calendar/Date' is clicked on

28-01-2025T18:00:00 - [MESSAGE][PASSED] - Object: 'Object Repository/Specific Cases Repository/LS/Home/Calendar/Calendar_Events/Calendar_Events_Creation/Appointment/Page_Calendar/Date' is clicked on

28-01-2025T18:00:00 - [TEST_STEP][PASSED] - setText(findTestObject("Object Repository/Specific Cases Repository/LS/Home/Calendar/Calendar_Events/Calendar_Events_Creation/Appointment/Page_Calendar/Date"), Last_Week_Date): Text '01/21/2025' is set on object 'Object Repository/Specific Cases Repository/LS/Home/Calendar/Calendar_Events/Calendar_Events_Creation/Appointment/Page_Calendar/Date'

28-01-2025T18:00:01 - [MESSAGE][PASSED] - Text '01/21/2025' is set on object 'Object Repository/Specific Cases Repository/LS/Home/Calendar/Calendar_Events/Calendar_Events_Creation/Appointment/Page_Calendar/Date'

28-01-2025T18:00:01 - [TEST_STEP][PASSED] - click(findTestObject("Object Repository/Specific Cases Repository/LS/Home/Calendar/Calendar_Events/Calendar_Events_Creation/Appointment/Page_Calendar/Start Time Clock")): Object: 'Object Repository/Specific Cases Repository/LS/Home/Calendar/Calendar_Events/Calendar_Events_Creation/Appointment/Page_Calendar/Start Time Clock' is clicked on

28-01-2025T18:00:02 - [MESSAGE][PASSED] - Object: 'Object Repository/Specific Cases Repository/LS/Home/Calendar/Calendar_Events/Calendar_Events_Creation/Appointment/Page_Calendar/Start Time Clock' is clicked on

28-01-2025T18:00:02 - [TEST_STEP][PASSED] - setText(findTestObject("Object Repository/Specific Cases Repository/LS/Home/Calendar/Calendar_Events/Calendar_Events_Creation/Appointment/Page_Calendar/Start Time Clock"), "1400"): Text '1400' is set on object 'Object Repository/Specific Cases Repository/LS/Home/Calendar/Calendar_Events/Calendar_Events_Creation/Appointment/Page_Calendar/Start Time Clock'

28-01-2025T18:00:03 - [MESSAGE][PASSED] - Text '1400' is set on object 'Object Repository/Specific Cases Repository/LS/Home/Calendar/Calendar_Events/Calendar_Events_Creation/Appointment/Page_Calendar/Start Time Clock'

28-01-2025T18:00:03 - [TEST_STEP][PASSED] - click(findTestObject("Object Repository/Specific Cases Repository/LS/Home/Calendar/Calendar_Events/Calendar_Events_Creation/Event/Page_Calendar/div_Schedule                               _3f20bf")): Object: 'Object Repository/Specific Cases Repository/LS/Home/Calendar/Calendar_Events/Calendar_Events_Creation/Event/Page_Calendar/div_Schedule                               _3f20bf' is clicked on

28-01-2025T18:00:04 - [MESSAGE][PASSED] - Object: 'Object Repository/Specific Cases Repository/LS/Home/Calendar/Calendar_Events/Calendar_Events_Creation/Event/Page_Calendar/div_Schedule                               _3f20bf' is clicked on

28-01-2025T18:00:04 - [TEST_STEP][PASSED] - setText(findTestObject("Object Repository/Specific Cases Repository/LS/Home/Calendar/Calendar_Events/Calendar_Events_Creation/Event/Page_Calendar/input_Notes_notes"), "Past Automation Event Note"): Text 'Past Automation Event Note' is set on object 'Object Repository/Specific Cases Repository/LS/Home/Calendar/Calendar_Events/Calendar_Events_Creation/Event/Page_Calendar/input_Notes_notes'

28-01-2025T18:00:04 - [MESSAGE][PASSED] - Text 'Past Automation Event Note' is set on object 'Object Repository/Specific Cases Repository/LS/Home/Calendar/Calendar_Events/Calendar_Events_Creation/Event/Page_Calendar/input_Notes_notes'

28-01-2025T18:00:04 - [TEST_STEP][PASSED] - click(findTestObject("Object Repository/Specific Cases Repository/LS/Home/Calendar/Calendar_Events/Calendar_Events_Creation/Event/Page_Calendar/a_Save")): Object: 'Object Repository/Specific Cases Repository/LS/Home/Calendar/Calendar_Events/Calendar_Events_Creation/Event/Page_Calendar/a_Save' is clicked on

28-01-2025T18:00:05 - [MESSAGE][PASSED] - Object: 'Object Repository/Specific Cases Repository/LS/Home/Calendar/Calendar_Events/Calendar_Events_Creation/Event/Page_Calendar/a_Save' is clicked on

28-01-2025T18:00:05 - [TEST_STEP][PASSED] - click(findTestObject("Specific Cases Repository/LS/Home/Calendar/Calendar_Events/Calendar_Events_Creation/Appointment/Page_Calendar/Previus Week Arrow")): Object: 'Object Repository/Specific Cases Repository/LS/Home/Calendar/Calendar_Events/Calendar_Events_Creation/Appointment/Page_Calendar/Previus Week Arrow' is clicked on

28-01-2025T18:00:06 - [MESSAGE][PASSED] - Object: 'Object Repository/Specific Cases Repository/LS/Home/Calendar/Calendar_Events/Calendar_Events_Creation/Appointment/Page_Calendar/Previus Week Arrow' is clicked on

28-01-2025T18:00:06 - [TEST_STEP][PASSED] - scrollToElement(findTestObject("Specific Cases Repository/LS/Home/Calendar/Calendar_Events/Calendar_Events_Creation/Event/Page_Calendar/a_Automation Event - Past"), 0): Scroll to object 'Object Repository/Specific Cases Repository/LS/Home/Calendar/Calendar_Events/Calendar_Events_Creation/Event/Page_Calendar/a_Automation Event - Past' successfully

28-01-2025T18:00:06 - [MESSAGE][WARNING] - Timeout '0' is invalid. Using default page load timeout: '30'

28-01-2025T18:00:07 - [MESSAGE][PASSED] - Scroll to object 'Object Repository/Specific Cases Repository/LS/Home/Calendar/Calendar_Events/Calendar_Events_Creation/Event/Page_Calendar/a_Automation Event - Past' successfully

28-01-2025T18:00:07 - [TEST_STEP][PASSED] - mouseOver(findTestObject("Specific Cases Repository/LS/Home/Calendar/Calendar_Events/Calendar_Events_Creation/Event/Page_Calendar/a_Automation Event - Past")): Object: 'Object Repository/Specific Cases Repository/LS/Home/Calendar/Calendar_Events/Calendar_Events_Creation/Event/Page_Calendar/a_Automation Event - Past' is hovered

28-01-2025T18:00:08 - [MESSAGE][PASSED] - Object: 'Object Repository/Specific Cases Repository/LS/Home/Calendar/Calendar_Events/Calendar_Events_Creation/Event/Page_Calendar/a_Automation Event - Past' is hovered

28-01-2025T18:00:08 - [TEST_STEP][PASSED] - verifyElementText(findTestObject("Specific Cases Repository/LS/Home/Calendar/Calendar_Events/Calendar_Events_Creation/Event/Page_Calendar/span_Automation Event - Past"), "Past Automation Event"): Actual text and expected text of test object 'Object Repository/Specific Cases Repository/LS/Home/Calendar/Calendar_Events/Calendar_Events_Creation/Event/Page_Calendar/span_Automation Event - Past' are matched.

28-01-2025T18:00:08 - [MESSAGE][PASSED] - Actual text and expected text of test object 'Object Repository/Specific Cases Repository/LS/Home/Calendar/Calendar_Events/Calendar_Events_Creation/Event/Page_Calendar/span_Automation Event - Past' are matched.

28-01-2025T18:00:08 - [TEST_STEP][PASSED] - closeBrowser(): Browser is closed

28-01-2025T18:00:08 - [MESSAGE][PASSED] - Browser is closed]]></system-out>
         <system-err><![CDATA[]]></system-err>
      </testcase>
      <testcase name="Test Cases/Specific Cases/LS/General/Calendar/Events_Creation/Past Events Creation/Past_Calendar_Groups" time="26.943" classname="Test Cases/Specific Cases/LS/General/Calendar/Events_Creation/Past Events Creation/Past_Calendar_Groups" status="FAILED">
         <failure type="FAILED" message="Test Cases/Specific Cases/LS/General/Calendar/Events_Creation/Past Events Creation/Past_Calendar_Groups FAILED.&#xa;Reason:&#xa;com.kms.katalon.core.exception.StepFailedException: Unable to set text '1.1' of object 'Object Repository/Specific Cases Repository/LS/Home/Calendar/Calendar_Events/Calendar_Events_Creation/Group/Page_Calendar/input_Loading_select2-search__field'&#xa;	at com.kms.katalon.core.webui.keyword.internal.WebUIKeywordMain.stepFailed(WebUIKeywordMain.groovy:117)&#xa;	at com.kms.katalon.core.webui.keyword.internal.WebUIKeywordMain.runKeyword(WebUIKeywordMain.groovy:43)&#xa;	at com.kms.katalon.core.webui.keyword.builtin.SetTextKeyword.setText(SetTextKeyword.groovy:85)&#xa;	at com.kms.katalon.core.webui.keyword.builtin.SetTextKeyword.execute(SetTextKeyword.groovy:39)&#xa;	at com.kms.katalon.core.keyword.internal.KeywordExecutor.executeKeywordForPlatform(KeywordExecutor.groovy:74)&#xa;	at com.kms.katalon.core.webui.keyword.WebUiBuiltInKeywords.setText(WebUiBuiltInKeywords.groovy:1019)&#xa;	at Past_Calendar_Groups.run(Past_Calendar_Groups:42)&#xa;	at com.kms.katalon.core.main.ScriptEngine.run(ScriptEngine.java:194)&#xa;	at com.kms.katalon.core.main.ScriptEngine.runScriptAsRawText(ScriptEngine.java:119)&#xa;	at com.kms.katalon.core.main.TestCaseExecutor.runScript(TestCaseExecutor.java:448)&#xa;	at com.kms.katalon.core.main.TestCaseExecutor.doExecute(TestCaseExecutor.java:439)&#xa;	at com.kms.katalon.core.main.TestCaseExecutor.processExecutionPhase(TestCaseExecutor.java:418)&#xa;	at com.kms.katalon.core.main.TestCaseExecutor.accessMainPhase(TestCaseExecutor.java:410)&#xa;	at com.kms.katalon.core.main.TestCaseExecutor.execute(TestCaseExecutor.java:285)&#xa;	at com.kms.katalon.core.common.CommonExecutor.accessTestCaseMainPhase(CommonExecutor.java:65)&#xa;	at com.kms.katalon.core.main.TestSuiteExecutor.accessTestSuiteMainPhase(TestSuiteExecutor.java:150)&#xa;	at com.kms.katalon.core.main.TestSuiteExecutor.execute(TestSuiteExecutor.java:106)&#xa;	at com.kms.katalon.core.main.TestCaseMain.startTestSuite(TestCaseMain.java:180)&#xa;	at TempTestSuite1738104956297.run(TempTestSuite1738104956297.groovy:35)&#xa;	at java.base/jdk.internal.reflect.NativeMethodAccessorImpl.invoke0(Native Method)&#xa;	at java.base/jdk.internal.reflect.NativeMethodAccessorImpl.invoke(NativeMethodAccessorImpl.java:77)&#xa;	at java.base/jdk.internal.reflect.DelegatingMethodAccessorImpl.invoke(DelegatingMethodAccessorImpl.java:43)&#xa;Caused by: org.openqa.selenium.ElementNotInteractableException: element not interactable&#xa;  (Session info: chrome=131.0.6778.265)&#xa;Build info: version: '3.141.59', revision: 'unknown', time: 'unknown'&#xa;System info: host: 'ENRIQUE', ip: '192.168.100.166', os.name: 'Windows 11', os.arch: 'amd64', os.version: '10.0', java.version: '17.0.7'&#xa;Driver info: com.kms.katalon.selenium.driver.CChromeDriver&#xa;Capabilities {acceptInsecureCerts: false, browserName: chrome, browserVersion: 131.0.6778.265, chrome: {chromedriverVersion: 130.0.6723.58 (3a50e012e4c9..., userDataDir: C:\Users\Enrique\AppData\Lo...}, fedcm:accounts: true, goog:chromeOptions: {debuggerAddress: localhost:63210}, javascriptEnabled: true, networkConnectionEnabled: false, pageLoadStrategy: normal, platform: WINDOWS, platformName: WINDOWS, proxy: Proxy(), setWindowRect: true, strictFileInteractability: false, timeouts: {implicit: 0, pageLoad: 300000, script: 30000}, unhandledPromptBehavior: dismiss and notify, webauthn:extension:credBlob: true, webauthn:extension:largeBlob: true, webauthn:extension:minPinLength: true, webauthn:extension:prf: true, webauthn:virtualAuthenticators: true}&#xa;Session ID: 7596fc981510787edffbdd82a299af15&#xa;	at java.base/jdk.internal.reflect.NativeConstructorAccessorImpl.newInstance0(Native Method)&#xa;	at java.base/jdk.internal.reflect.NativeConstructorAccessorImpl.newInstance(NativeConstructorAccessorImpl.java:77)&#xa;	at java.base/jdk.internal.reflect.DelegatingConstructorAccessorImpl.newInstance(DelegatingConstructorAccessorImpl.java:45)&#xa;	at org.openqa.selenium.remote.http.W3CHttpResponseCodec.createException(W3CHttpResponseCodec.java:187)&#xa;	at org.openqa.selenium.remote.http.W3CHttpResponseCodec.decode(W3CHttpResponseCodec.java:122)&#xa;	at org.openqa.selenium.remote.http.W3CHttpResponseCodec.decode(W3CHttpResponseCodec.java:49)&#xa;	at org.openqa.selenium.remote.HttpCommandExecutor.execute(HttpCommandExecutor.java:158)&#xa;	at org.openqa.selenium.remote.service.DriverCommandExecutor.execute(DriverCommandExecutor.java:83)&#xa;	at org.openqa.selenium.remote.RemoteWebDriver.execute(RemoteWebDriver.java:552)&#xa;	at com.kms.katalon.selenium.driver.CChromeDriver.execute(CChromeDriver.java:19)&#xa;	at org.openqa.selenium.remote.RemoteWebElement.execute(RemoteWebElement.java:285)&#xa;	at org.openqa.selenium.remote.RemoteWebElement.sendKeys(RemoteWebElement.java:106)&#xa;	at jdk.internal.reflect.GeneratedMethodAccessor21.invoke(Unknown Source)&#xa;	at java.base/jdk.internal.reflect.DelegatingMethodAccessorImpl.invoke(DelegatingMethodAccessorImpl.java:43)&#xa;	at org.openqa.selenium.support.events.EventFiringWebDriver$EventFiringWebElement.lambda$new$0(EventFiringWebDriver.java:404)&#xa;	at jdk.proxy2/jdk.proxy2.$Proxy24.sendKeys(Unknown Source)&#xa;	at org.openqa.selenium.support.events.EventFiringWebDriver$EventFiringWebElement.sendKeys(EventFiringWebDriver.java:429)&#xa;	at com.kms.katalon.core.webui.keyword.builtin.SetTextKeyword$_setText_closure1.doCall(SetTextKeyword.groovy:71)&#xa;	at com.kms.katalon.core.webui.keyword.builtin.SetTextKeyword$_setText_closure1.call(SetTextKeyword.groovy)&#xa;	at com.kms.katalon.core.webui.keyword.internal.WebUIKeywordMain.runKeyword(WebUIKeywordMain.groovy:35)&#xa;	... 20 more&#xa;"/>
         <system-out><![CDATA[28-01-2025T18:00:08 - [TEST_CASE][FAILED] - Test Cases/Specific Cases/LS/General/Calendar/Events_Creation/Past Events Creation/Past_Calendar_Groups: Test Cases/Specific Cases/LS/General/Calendar/Events_Creation/Past Events Creation/Past_Calendar_Groups FAILED.
Reason:
com.kms.katalon.core.exception.StepFailedException: Unable to set text '1.1' of object 'Object Repository/Specific Cases Repository/LS/Home/Calendar/Calendar_Events/Calendar_Events_Creation/Group/Page_Calendar/input_Loading_select2-search__field'
	at com.kms.katalon.core.webui.keyword.internal.WebUIKeywordMain.stepFailed(WebUIKeywordMain.groovy:117)
	at com.kms.katalon.core.webui.keyword.internal.WebUIKeywordMain.runKeyword(WebUIKeywordMain.groovy:43)
	at com.kms.katalon.core.webui.keyword.builtin.SetTextKeyword.setText(SetTextKeyword.groovy:85)
	at com.kms.katalon.core.webui.keyword.builtin.SetTextKeyword.execute(SetTextKeyword.groovy:39)
	at com.kms.katalon.core.keyword.internal.KeywordExecutor.executeKeywordForPlatform(KeywordExecutor.groovy:74)
	at com.kms.katalon.core.webui.keyword.WebUiBuiltInKeywords.setText(WebUiBuiltInKeywords.groovy:1019)
	at Past_Calendar_Groups.run(Past_Calendar_Groups:42)
	at com.kms.katalon.core.main.ScriptEngine.run(ScriptEngine.java:194)
	at com.kms.katalon.core.main.ScriptEngine.runScriptAsRawText(ScriptEngine.java:119)
	at com.kms.katalon.core.main.TestCaseExecutor.runScript(TestCaseExecutor.java:448)
	at com.kms.katalon.core.main.TestCaseExecutor.doExecute(TestCaseExecutor.java:439)
	at com.kms.katalon.core.main.TestCaseExecutor.processExecutionPhase(TestCaseExecutor.java:418)
	at com.kms.katalon.core.main.TestCaseExecutor.accessMainPhase(TestCaseExecutor.java:410)
	at com.kms.katalon.core.main.TestCaseExecutor.execute(TestCaseExecutor.java:285)
	at com.kms.katalon.core.common.CommonExecutor.accessTestCaseMainPhase(CommonExecutor.java:65)
	at com.kms.katalon.core.main.TestSuiteExecutor.accessTestSuiteMainPhase(TestSuiteExecutor.java:150)
	at com.kms.katalon.core.main.TestSuiteExecutor.execute(TestSuiteExecutor.java:106)
	at com.kms.katalon.core.main.TestCaseMain.startTestSuite(TestCaseMain.java:180)
	at TempTestSuite1738104956297.run(TempTestSuite1738104956297.groovy:35)
	at java.base/jdk.internal.reflect.NativeMethodAccessorImpl.invoke0(Native Method)
	at java.base/jdk.internal.reflect.NativeMethodAccessorImpl.invoke(NativeMethodAccessorImpl.java:77)
	at java.base/jdk.internal.reflect.DelegatingMethodAccessorImpl.invoke(DelegatingMethodAccessorImpl.java:43)
Caused by: org.openqa.selenium.ElementNotInteractableException: element not interactable
  (Session info: chrome=131.0.6778.265)
Build info: version: '3.141.59', revision: 'unknown', time: 'unknown'
System info: host: 'ENRIQUE', ip: '192.168.100.166', os.name: 'Windows 11', os.arch: 'amd64', os.version: '10.0', java.version: '17.0.7'
Driver info: com.kms.katalon.selenium.driver.CChromeDriver
Capabilities {acceptInsecureCerts: false, browserName: chrome, browserVersion: 131.0.6778.265, chrome: {chromedriverVersion: 130.0.6723.58 (3a50e012e4c9..., userDataDir: C:\Users\Enrique\AppData\Lo...}, fedcm:accounts: true, goog:chromeOptions: {debuggerAddress: localhost:63210}, javascriptEnabled: true, networkConnectionEnabled: false, pageLoadStrategy: normal, platform: WINDOWS, platformName: WINDOWS, proxy: Proxy(), setWindowRect: true, strictFileInteractability: false, timeouts: {implicit: 0, pageLoad: 300000, script: 30000}, unhandledPromptBehavior: dismiss and notify, webauthn:extension:credBlob: true, webauthn:extension:largeBlob: true, webauthn:extension:minPinLength: true, webauthn:extension:prf: true, webauthn:virtualAuthenticators: true}
Session ID: 7596fc981510787edffbdd82a299af15
	at java.base/jdk.internal.reflect.NativeConstructorAccessorImpl.newInstance0(Native Method)
	at java.base/jdk.internal.reflect.NativeConstructorAccessorImpl.newInstance(NativeConstructorAccessorImpl.java:77)
	at java.base/jdk.internal.reflect.DelegatingConstructorAccessorImpl.newInstance(DelegatingConstructorAccessorImpl.java:45)
	at org.openqa.selenium.remote.http.W3CHttpResponseCodec.createException(W3CHttpResponseCodec.java:187)
	at org.openqa.selenium.remote.http.W3CHttpResponseCodec.decode(W3CHttpResponseCodec.java:122)
	at org.openqa.selenium.remote.http.W3CHttpResponseCodec.decode(W3CHttpResponseCodec.java:49)
	at org.openqa.selenium.remote.HttpCommandExecutor.execute(HttpCommandExecutor.java:158)
	at org.openqa.selenium.remote.service.DriverCommandExecutor.execute(DriverCommandExecutor.java:83)
	at org.openqa.selenium.remote.RemoteWebDriver.execute(RemoteWebDriver.java:552)
	at com.kms.katalon.selenium.driver.CChromeDriver.execute(CChromeDriver.java:19)
	at org.openqa.selenium.remote.RemoteWebElement.execute(RemoteWebElement.java:285)
	at org.openqa.selenium.remote.RemoteWebElement.sendKeys(RemoteWebElement.java:106)
	at jdk.internal.reflect.GeneratedMethodAccessor21.invoke(Unknown Source)
	at java.base/jdk.internal.reflect.DelegatingMethodAccessorImpl.invoke(DelegatingMethodAccessorImpl.java:43)
	at org.openqa.selenium.support.events.EventFiringWebDriver$EventFiringWebElement.lambda$new$0(EventFiringWebDriver.java:404)
	at jdk.proxy2/jdk.proxy2.$Proxy24.sendKeys(Unknown Source)
	at org.openqa.selenium.support.events.EventFiringWebDriver$EventFiringWebElement.sendKeys(EventFiringWebDriver.java:429)
	at com.kms.katalon.core.webui.keyword.builtin.SetTextKeyword$_setText_closure1.doCall(SetTextKeyword.groovy:71)
	at com.kms.katalon.core.webui.keyword.builtin.SetTextKeyword$_setText_closure1.call(SetTextKeyword.groovy)
	at com.kms.katalon.core.webui.keyword.internal.WebUIKeywordMain.runKeyword(WebUIKeywordMain.groovy:35)
	... 20 more


28-01-2025T18:00:09 - [TEST_STEP][PASSED] - callTestCase(findTestCase("Common Cases/Login"), [:], STOP_ON_FAILURE): Call Test Case 'Test Cases/Common Cases/Login' successfully

28-01-2025T18:00:09 - [TEST_CASE][PASSED] - Test Cases/Common Cases/Login: Test Cases/Common Cases/Login

28-01-2025T18:00:09 - [TEST_STEP][PASSED] - openBrowser(""): Browser is opened with url: ''

28-01-2025T18:00:09 - [MESSAGE][INFO] - Starting 'Chrome' driver

28-01-2025T18:00:09 - [MESSAGE][INFO] - Action delay is set to 0 milliseconds

28-01-2025T18:00:09 - [MESSAGE][PASSED] - Browser is opened with url: ''

28-01-2025T18:00:09 - [TEST_STEP][PASSED] - maximizeWindow(): Current window maximized

28-01-2025T18:00:09 - [MESSAGE][PASSED] - Current window maximized

28-01-2025T18:00:09 - [TEST_STEP][PASSED] - navigateToUrl("https://site17.lsapp.cloud/auth/login"): Navigate to 'https://site17.lsapp.cloud/auth/login' successfully

28-01-2025T18:00:13 - [MESSAGE][PASSED] - Navigate to 'https://site17.lsapp.cloud/auth/login' successfully

28-01-2025T18:00:13 - [TEST_STEP][PASSED] - setText(findTestObject("Object Repository/Common Cases Repository/Login/Page_Lightning Step/input_Email_email"), "automation@lightningstep.com"): Text 'automation@lightningstep.com' is set on object 'Object Repository/Common Cases Repository/Login/Page_Lightning Step/input_Email_email'

28-01-2025T18:00:14 - [MESSAGE][PASSED] - Text 'automation@lightningstep.com' is set on object 'Object Repository/Common Cases Repository/Login/Page_Lightning Step/input_Email_email'

28-01-2025T18:00:14 - [TEST_STEP][PASSED] - setEncryptedText(findTestObject("Object Repository/Common Cases Repository/Login/Page_Lightning Step/input_Password_password"), "e5N8VHmnhJDITtQaQhDQDw=="): Text ****** has been set on object 'Object Repository/Common Cases Repository/Login/Page_Lightning Step/input_Password_password'

28-01-2025T18:00:14 - [MESSAGE][PASSED] - Text ****** has been set on object 'Object Repository/Common Cases Repository/Login/Page_Lightning Step/input_Password_password'

28-01-2025T18:00:14 - [TEST_STEP][PASSED] - click(findTestObject("Object Repository/Common Cases Repository/Login/Page_Lightning Step/button_Sign in")): Object: 'Object Repository/Common Cases Repository/Login/Page_Lightning Step/button_Sign in' is clicked on

28-01-2025T18:00:20 - [MESSAGE][PASSED] - Object: 'Object Repository/Common Cases Repository/Login/Page_Lightning Step/button_Sign in' is clicked on

28-01-2025T18:00:20 - [MESSAGE][PASSED] - Call Test Case 'Test Cases/Common Cases/Login' successfully

28-01-2025T18:00:20 - [TEST_STEP][PASSED] - click(findTestObject("Object Repository/Specific Cases Repository/LS/Home/Calendar/Calendar_Events/Calendar_Events_Creation/Group/Page_Home/a_Calendar")): Object: 'Object Repository/Specific Cases Repository/LS/Home/Calendar/Calendar_Events/Calendar_Events_Creation/Group/Page_Home/a_Calendar' is clicked on

28-01-2025T18:00:26 - [MESSAGE][PASSED] - Object: 'Object Repository/Specific Cases Repository/LS/Home/Calendar/Calendar_Events/Calendar_Events_Creation/Group/Page_Home/a_Calendar' is clicked on

28-01-2025T18:00:26 - [TEST_STEP][PASSED] - click(findTestObject("Object Repository/Specific Cases Repository/LS/Home/Calendar/Calendar_Events/Calendar_Events_Creation/Appointment/Page_Calendar/div_Week")): Object: 'Object Repository/Specific Cases Repository/LS/Home/Calendar/Calendar_Events/Calendar_Events_Creation/Appointment/Page_Calendar/div_Week' is clicked on

28-01-2025T18:00:28 - [MESSAGE][PASSED] - Object: 'Object Repository/Specific Cases Repository/LS/Home/Calendar/Calendar_Events/Calendar_Events_Creation/Appointment/Page_Calendar/div_Week' is clicked on

28-01-2025T18:00:28 - [TEST_STEP][PASSED] - click(findTestObject("Object Repository/Specific Cases Repository/LS/Home/Calendar/Calendar_Events/Calendar_Events_Creation/Group/Page_Calendar/button_Create new")): Object: 'Object Repository/Specific Cases Repository/LS/Home/Calendar/Calendar_Events/Calendar_Events_Creation/Group/Page_Calendar/button_Create new' is clicked on

28-01-2025T18:00:28 - [MESSAGE][PASSED] - Object: 'Object Repository/Specific Cases Repository/LS/Home/Calendar/Calendar_Events/Calendar_Events_Creation/Group/Page_Calendar/button_Create new' is clicked on

28-01-2025T18:00:28 - [TEST_STEP][PASSED] - click(findTestObject("Object Repository/Specific Cases Repository/LS/Home/Calendar/Calendar_Events/Calendar_Events_Creation/Group/Page_Calendar/label_Group")): Object: 'Object Repository/Specific Cases Repository/LS/Home/Calendar/Calendar_Events/Calendar_Events_Creation/Group/Page_Calendar/label_Group' is clicked on

28-01-2025T18:00:30 - [MESSAGE][PASSED] - Object: 'Object Repository/Specific Cases Repository/LS/Home/Calendar/Calendar_Events/Calendar_Events_Creation/Group/Page_Calendar/label_Group' is clicked on

28-01-2025T18:00:30 - [TEST_STEP][PASSED] - click(findTestObject("Object Repository/Specific Cases Repository/LS/Home/Calendar/Calendar_Events/Calendar_Events_Creation/Group/Page_Calendar/Groups Selector")): Object: 'Object Repository/Specific Cases Repository/LS/Home/Calendar/Calendar_Events/Calendar_Events_Creation/Group/Page_Calendar/Groups Selector' is clicked on

28-01-2025T18:00:31 - [MESSAGE][PASSED] - Object: 'Object Repository/Specific Cases Repository/LS/Home/Calendar/Calendar_Events/Calendar_Events_Creation/Group/Page_Calendar/Groups Selector' is clicked on

28-01-2025T18:00:31 - [TEST_STEP][PASSED] - click(findTestObject("Object Repository/Specific Cases Repository/LS/Home/Calendar/Calendar_Events/Calendar_Events_Creation/Page_Calendar/a_Cancel")): Object: 'Object Repository/Specific Cases Repository/LS/Home/Calendar/Calendar_Events/Calendar_Events_Creation/Page_Calendar/a_Cancel' is clicked on

28-01-2025T18:00:31 - [MESSAGE][PASSED] - Object: 'Object Repository/Specific Cases Repository/LS/Home/Calendar/Calendar_Events/Calendar_Events_Creation/Page_Calendar/a_Cancel' is clicked on

28-01-2025T18:00:31 - [TEST_STEP][PASSED] - click(findTestObject("Object Repository/Specific Cases Repository/LS/Home/Calendar/Calendar_Events/Calendar_Events_Creation/Group/Page_Calendar/button_Create new")): Object: 'Object Repository/Specific Cases Repository/LS/Home/Calendar/Calendar_Events/Calendar_Events_Creation/Group/Page_Calendar/button_Create new' is clicked on

28-01-2025T18:00:32 - [MESSAGE][PASSED] - Object: 'Object Repository/Specific Cases Repository/LS/Home/Calendar/Calendar_Events/Calendar_Events_Creation/Group/Page_Calendar/button_Create new' is clicked on

28-01-2025T18:00:32 - [TEST_STEP][PASSED] - click(findTestObject("Object Repository/Specific Cases Repository/LS/Home/Calendar/Calendar_Events/Calendar_Events_Creation/Group/Page_Calendar/label_Group")): Object: 'Object Repository/Specific Cases Repository/LS/Home/Calendar/Calendar_Events/Calendar_Events_Creation/Group/Page_Calendar/label_Group' is clicked on

28-01-2025T18:00:33 - [MESSAGE][PASSED] - Object: 'Object Repository/Specific Cases Repository/LS/Home/Calendar/Calendar_Events/Calendar_Events_Creation/Group/Page_Calendar/label_Group' is clicked on

28-01-2025T18:00:33 - [TEST_STEP][PASSED] - click(findTestObject("Object Repository/Specific Cases Repository/LS/Home/Calendar/Calendar_Events/Calendar_Events_Creation/Group/Page_Calendar/label_Group")): Object: 'Object Repository/Specific Cases Repository/LS/Home/Calendar/Calendar_Events/Calendar_Events_Creation/Group/Page_Calendar/label_Group' is clicked on

28-01-2025T18:00:33 - [MESSAGE][PASSED] - Object: 'Object Repository/Specific Cases Repository/LS/Home/Calendar/Calendar_Events/Calendar_Events_Creation/Group/Page_Calendar/label_Group' is clicked on

28-01-2025T18:00:33 - [TEST_STEP][PASSED] - click(findTestObject("Object Repository/Specific Cases Repository/LS/Home/Calendar/Calendar_Events/Calendar_Events_Creation/Group/Page_Calendar/Groups Selector")): Object: 'Object Repository/Specific Cases Repository/LS/Home/Calendar/Calendar_Events/Calendar_Events_Creation/Group/Page_Calendar/Groups Selector' is clicked on

28-01-2025T18:00:34 - [MESSAGE][PASSED] - Object: 'Object Repository/Specific Cases Repository/LS/Home/Calendar/Calendar_Events/Calendar_Events_Creation/Group/Page_Calendar/Groups Selector' is clicked on

28-01-2025T18:00:34 - [TEST_STEP][FAILED] - setText(findTestObject("Object Repository/Specific Cases Repository/LS/Home/Calendar/Calendar_Events/Calendar_Events_Creation/Group/Page_Calendar/input_Loading_select2-search__field"), "1.1"): Unable to set text '1.1' of object 'Object Repository/Specific Cases Repository/LS/Home/Calendar/Calendar_Events/Calendar_Events_Creation/Group/Page_Calendar/input_Loading_select2-search__field' (Root cause: com.kms.katalon.core.exception.StepFailedException: Unable to set text '1.1' of object 'Object Repository/Specific Cases Repository/LS/Home/Calendar/Calendar_Events/Calendar_Events_Creation/Group/Page_Calendar/input_Loading_select2-search__field'
	at com.kms.katalon.core.webui.keyword.internal.WebUIKeywordMain.stepFailed(WebUIKeywordMain.groovy:117)
	at com.kms.katalon.core.webui.keyword.internal.WebUIKeywordMain.runKeyword(WebUIKeywordMain.groovy:43)
	at com.kms.katalon.core.webui.keyword.builtin.SetTextKeyword.setText(SetTextKeyword.groovy:85)
	at com.kms.katalon.core.webui.keyword.builtin.SetTextKeyword.execute(SetTextKeyword.groovy:39)
	at com.kms.katalon.core.keyword.internal.KeywordExecutor.executeKeywordForPlatform(KeywordExecutor.groovy:74)
	at com.kms.katalon.core.webui.keyword.WebUiBuiltInKeywords.setText(WebUiBuiltInKeywords.groovy:1019)
	at Past_Calendar_Groups.run(Past_Calendar_Groups:42)
	at com.kms.katalon.core.main.ScriptEngine.run(ScriptEngine.java:194)
	at com.kms.katalon.core.main.ScriptEngine.runScriptAsRawText(ScriptEngine.java:119)
	at com.kms.katalon.core.main.TestCaseExecutor.runScript(TestCaseExecutor.java:448)
	at com.kms.katalon.core.main.TestCaseExecutor.doExecute(TestCaseExecutor.java:439)
	at com.kms.katalon.core.main.TestCaseExecutor.processExecutionPhase(TestCaseExecutor.java:418)
	at com.kms.katalon.core.main.TestCaseExecutor.accessMainPhase(TestCaseExecutor.java:410)
	at com.kms.katalon.core.main.TestCaseExecutor.execute(TestCaseExecutor.java:285)
	at com.kms.katalon.core.common.CommonExecutor.accessTestCaseMainPhase(CommonExecutor.java:65)
	at com.kms.katalon.core.main.TestSuiteExecutor.accessTestSuiteMainPhase(TestSuiteExecutor.java:150)
	at com.kms.katalon.core.main.TestSuiteExecutor.execute(TestSuiteExecutor.java:106)
	at com.kms.katalon.core.main.TestCaseMain.startTestSuite(TestCaseMain.java:180)
	at TempTestSuite1738104956297.run(TempTestSuite1738104956297.groovy:35)
	at java.base/jdk.internal.reflect.NativeMethodAccessorImpl.invoke0(Native Method)
	at java.base/jdk.internal.reflect.NativeMethodAccessorImpl.invoke(NativeMethodAccessorImpl.java:77)
	at java.base/jdk.internal.reflect.DelegatingMethodAccessorImpl.invoke(DelegatingMethodAccessorImpl.java:43)
Caused by: org.openqa.selenium.ElementNotInteractableException: element not interactable
  (Session info: chrome=131.0.6778.265)
Build info: version: '3.141.59', revision: 'unknown', time: 'unknown'
System info: host: 'ENRIQUE', ip: '192.168.100.166', os.name: 'Windows 11', os.arch: 'amd64', os.version: '10.0', java.version: '17.0.7'
Driver info: com.kms.katalon.selenium.driver.CChromeDriver
Capabilities {acceptInsecureCerts: false, browserName: chrome, browserVersion: 131.0.6778.265, chrome: {chromedriverVersion: 130.0.6723.58 (3a50e012e4c9..., userDataDir: C:\Users\Enrique\AppData\Lo...}, fedcm:accounts: true, goog:chromeOptions: {debuggerAddress: localhost:63210}, javascriptEnabled: true, networkConnectionEnabled: false, pageLoadStrategy: normal, platform: WINDOWS, platformName: WINDOWS, proxy: Proxy(), setWindowRect: true, strictFileInteractability: false, timeouts: {implicit: 0, pageLoad: 300000, script: 30000}, unhandledPromptBehavior: dismiss and notify, webauthn:extension:credBlob: true, webauthn:extension:largeBlob: true, webauthn:extension:minPinLength: true, webauthn:extension:prf: true, webauthn:virtualAuthenticators: true}
Session ID: 7596fc981510787edffbdd82a299af15
	at java.base/jdk.internal.reflect.NativeConstructorAccessorImpl.newInstance0(Native Method)
	at java.base/jdk.internal.reflect.NativeConstructorAccessorImpl.newInstance(NativeConstructorAccessorImpl.java:77)
	at java.base/jdk.internal.reflect.DelegatingConstructorAccessorImpl.newInstance(DelegatingConstructorAccessorImpl.java:45)
	at org.openqa.selenium.remote.http.W3CHttpResponseCodec.createException(W3CHttpResponseCodec.java:187)
	at org.openqa.selenium.remote.http.W3CHttpResponseCodec.decode(W3CHttpResponseCodec.java:122)
	at org.openqa.selenium.remote.http.W3CHttpResponseCodec.decode(W3CHttpResponseCodec.java:49)
	at org.openqa.selenium.remote.HttpCommandExecutor.execute(HttpCommandExecutor.java:158)
	at org.openqa.selenium.remote.service.DriverCommandExecutor.execute(DriverCommandExecutor.java:83)
	at org.openqa.selenium.remote.RemoteWebDriver.execute(RemoteWebDriver.java:552)
	at com.kms.katalon.selenium.driver.CChromeDriver.execute(CChromeDriver.java:19)
	at org.openqa.selenium.remote.RemoteWebElement.execute(RemoteWebElement.java:285)
	at org.openqa.selenium.remote.RemoteWebElement.sendKeys(RemoteWebElement.java:106)
	at jdk.internal.reflect.GeneratedMethodAccessor21.invoke(Unknown Source)
	at java.base/jdk.internal.reflect.DelegatingMethodAccessorImpl.invoke(DelegatingMethodAccessorImpl.java:43)
	at org.openqa.selenium.support.events.EventFiringWebDriver$EventFiringWebElement.lambda$new$0(EventFiringWebDriver.java:404)
	at jdk.proxy2/jdk.proxy2.$Proxy24.sendKeys(Unknown Source)
	at org.openqa.selenium.support.events.EventFiringWebDriver$EventFiringWebElement.sendKeys(EventFiringWebDriver.java:429)
	at com.kms.katalon.core.webui.keyword.builtin.SetTextKeyword$_setText_closure1.doCall(SetTextKeyword.groovy:71)
	at com.kms.katalon.core.webui.keyword.builtin.SetTextKeyword$_setText_closure1.call(SetTextKeyword.groovy)
	at com.kms.katalon.core.webui.keyword.internal.WebUIKeywordMain.runKeyword(WebUIKeywordMain.groovy:35)
	at com.kms.katalon.core.webui.keyword.builtin.SetTextKeyword.setText(SetTextKeyword.groovy:85)
	at com.kms.katalon.core.webui.keyword.builtin.SetTextKeyword.execute(SetTextKeyword.groovy:39)
	at com.kms.katalon.core.keyword.internal.KeywordExecutor.executeKeywordForPlatform(KeywordExecutor.groovy:74)
	at com.kms.katalon.core.webui.keyword.WebUiBuiltInKeywords.setText(WebUiBuiltInKeywords.groovy:1019)
	at Script1727458510287.run(Script1727458510287.groovy:42)
	... 15 more
)

28-01-2025T18:00:35 - [MESSAGE][FAILED] - Unable to set text '1.1' of object 'Object Repository/Specific Cases Repository/LS/Home/Calendar/Calendar_Events/Calendar_Events_Creation/Group/Page_Calendar/input_Loading_select2-search__field' (Root cause: com.kms.katalon.core.exception.StepFailedException: Unable to set text '1.1' of object 'Object Repository/Specific Cases Repository/LS/Home/Calendar/Calendar_Events/Calendar_Events_Creation/Group/Page_Calendar/input_Loading_select2-search__field'
	at com.kms.katalon.core.webui.keyword.internal.WebUIKeywordMain.stepFailed(WebUIKeywordMain.groovy:117)
	at com.kms.katalon.core.webui.keyword.internal.WebUIKeywordMain.runKeyword(WebUIKeywordMain.groovy:43)
	at com.kms.katalon.core.webui.keyword.builtin.SetTextKeyword.setText(SetTextKeyword.groovy:85)
	at com.kms.katalon.core.webui.keyword.builtin.SetTextKeyword.execute(SetTextKeyword.groovy:39)
	at com.kms.katalon.core.keyword.internal.KeywordExecutor.executeKeywordForPlatform(KeywordExecutor.groovy:74)
	at com.kms.katalon.core.webui.keyword.WebUiBuiltInKeywords.setText(WebUiBuiltInKeywords.groovy:1019)
	at Past_Calendar_Groups.run(Past_Calendar_Groups:42)
	at com.kms.katalon.core.main.ScriptEngine.run(ScriptEngine.java:194)
	at com.kms.katalon.core.main.ScriptEngine.runScriptAsRawText(ScriptEngine.java:119)
	at com.kms.katalon.core.main.TestCaseExecutor.runScript(TestCaseExecutor.java:448)
	at com.kms.katalon.core.main.TestCaseExecutor.doExecute(TestCaseExecutor.java:439)
	at com.kms.katalon.core.main.TestCaseExecutor.processExecutionPhase(TestCaseExecutor.java:418)
	at com.kms.katalon.core.main.TestCaseExecutor.accessMainPhase(TestCaseExecutor.java:410)
	at com.kms.katalon.core.main.TestCaseExecutor.execute(TestCaseExecutor.java:285)
	at com.kms.katalon.core.common.CommonExecutor.accessTestCaseMainPhase(CommonExecutor.java:65)
	at com.kms.katalon.core.main.TestSuiteExecutor.accessTestSuiteMainPhase(TestSuiteExecutor.java:150)
	at com.kms.katalon.core.main.TestSuiteExecutor.execute(TestSuiteExecutor.java:106)
	at com.kms.katalon.core.main.TestCaseMain.startTestSuite(TestCaseMain.java:180)
	at TempTestSuite1738104956297.run(TempTestSuite1738104956297.groovy:35)
	at java.base/jdk.internal.reflect.NativeMethodAccessorImpl.invoke0(Native Method)
	at java.base/jdk.internal.reflect.NativeMethodAccessorImpl.invoke(NativeMethodAccessorImpl.java:77)
	at java.base/jdk.internal.reflect.DelegatingMethodAccessorImpl.invoke(DelegatingMethodAccessorImpl.java:43)
Caused by: org.openqa.selenium.ElementNotInteractableException: element not interactable
  (Session info: chrome=131.0.6778.265)
Build info: version: '3.141.59', revision: 'unknown', time: 'unknown'
System info: host: 'ENRIQUE', ip: '192.168.100.166', os.name: 'Windows 11', os.arch: 'amd64', os.version: '10.0', java.version: '17.0.7'
Driver info: com.kms.katalon.selenium.driver.CChromeDriver
Capabilities {acceptInsecureCerts: false, browserName: chrome, browserVersion: 131.0.6778.265, chrome: {chromedriverVersion: 130.0.6723.58 (3a50e012e4c9..., userDataDir: C:\Users\Enrique\AppData\Lo...}, fedcm:accounts: true, goog:chromeOptions: {debuggerAddress: localhost:63210}, javascriptEnabled: true, networkConnectionEnabled: false, pageLoadStrategy: normal, platform: WINDOWS, platformName: WINDOWS, proxy: Proxy(), setWindowRect: true, strictFileInteractability: false, timeouts: {implicit: 0, pageLoad: 300000, script: 30000}, unhandledPromptBehavior: dismiss and notify, webauthn:extension:credBlob: true, webauthn:extension:largeBlob: true, webauthn:extension:minPinLength: true, webauthn:extension:prf: true, webauthn:virtualAuthenticators: true}
Session ID: 7596fc981510787edffbdd82a299af15
	at java.base/jdk.internal.reflect.NativeConstructorAccessorImpl.newInstance0(Native Method)
	at java.base/jdk.internal.reflect.NativeConstructorAccessorImpl.newInstance(NativeConstructorAccessorImpl.java:77)
	at java.base/jdk.internal.reflect.DelegatingConstructorAccessorImpl.newInstance(DelegatingConstructorAccessorImpl.java:45)
	at org.openqa.selenium.remote.http.W3CHttpResponseCodec.createException(W3CHttpResponseCodec.java:187)
	at org.openqa.selenium.remote.http.W3CHttpResponseCodec.decode(W3CHttpResponseCodec.java:122)
	at org.openqa.selenium.remote.http.W3CHttpResponseCodec.decode(W3CHttpResponseCodec.java:49)
	at org.openqa.selenium.remote.HttpCommandExecutor.execute(HttpCommandExecutor.java:158)
	at org.openqa.selenium.remote.service.DriverCommandExecutor.execute(DriverCommandExecutor.java:83)
	at org.openqa.selenium.remote.RemoteWebDriver.execute(RemoteWebDriver.java:552)
	at com.kms.katalon.selenium.driver.CChromeDriver.execute(CChromeDriver.java:19)
	at org.openqa.selenium.remote.RemoteWebElement.execute(RemoteWebElement.java:285)
	at org.openqa.selenium.remote.RemoteWebElement.sendKeys(RemoteWebElement.java:106)
	at jdk.internal.reflect.GeneratedMethodAccessor21.invoke(Unknown Source)
	at java.base/jdk.internal.reflect.DelegatingMethodAccessorImpl.invoke(DelegatingMethodAccessorImpl.java:43)
	at org.openqa.selenium.support.events.EventFiringWebDriver$EventFiringWebElement.lambda$new$0(EventFiringWebDriver.java:404)
	at jdk.proxy2/jdk.proxy2.$Proxy24.sendKeys(Unknown Source)
	at org.openqa.selenium.support.events.EventFiringWebDriver$EventFiringWebElement.sendKeys(EventFiringWebDriver.java:429)
	at com.kms.katalon.core.webui.keyword.builtin.SetTextKeyword$_setText_closure1.doCall(SetTextKeyword.groovy:71)
	at com.kms.katalon.core.webui.keyword.builtin.SetTextKeyword$_setText_closure1.call(SetTextKeyword.groovy)
	at com.kms.katalon.core.webui.keyword.internal.WebUIKeywordMain.runKeyword(WebUIKeywordMain.groovy:35)
	at com.kms.katalon.core.webui.keyword.builtin.SetTextKeyword.setText(SetTextKeyword.groovy:85)
	at com.kms.katalon.core.webui.keyword.builtin.SetTextKeyword.execute(SetTextKeyword.groovy:39)
	at com.kms.katalon.core.keyword.internal.KeywordExecutor.executeKeywordForPlatform(KeywordExecutor.groovy:74)
	at com.kms.katalon.core.webui.keyword.WebUiBuiltInKeywords.setText(WebUiBuiltInKeywords.groovy:1019)
	at Script1727458510287.run(Script1727458510287.groovy:42)
	... 15 more
)
[[ATTACHMENT|C:\\Users\\Enrique\\git\\AUTOMATION_LS\\Reports\\20250128_175555\\LS\\Home\\General\\Calendar\\20250128_175556\\1738105235395.png]]]]></system-out>
         <system-err><![CDATA[28-01-2025T18:00:08 - [TEST_CASE][FAILED] - Test Cases/Specific Cases/LS/General/Calendar/Events_Creation/Past Events Creation/Past_Calendar_Groups: Test Cases/Specific Cases/LS/General/Calendar/Events_Creation/Past Events Creation/Past_Calendar_Groups FAILED.
Reason:
com.kms.katalon.core.exception.StepFailedException: Unable to set text '1.1' of object 'Object Repository/Specific Cases Repository/LS/Home/Calendar/Calendar_Events/Calendar_Events_Creation/Group/Page_Calendar/input_Loading_select2-search__field'
	at com.kms.katalon.core.webui.keyword.internal.WebUIKeywordMain.stepFailed(WebUIKeywordMain.groovy:117)
	at com.kms.katalon.core.webui.keyword.internal.WebUIKeywordMain.runKeyword(WebUIKeywordMain.groovy:43)
	at com.kms.katalon.core.webui.keyword.builtin.SetTextKeyword.setText(SetTextKeyword.groovy:85)
	at com.kms.katalon.core.webui.keyword.builtin.SetTextKeyword.execute(SetTextKeyword.groovy:39)
	at com.kms.katalon.core.keyword.internal.KeywordExecutor.executeKeywordForPlatform(KeywordExecutor.groovy:74)
	at com.kms.katalon.core.webui.keyword.WebUiBuiltInKeywords.setText(WebUiBuiltInKeywords.groovy:1019)
	at Past_Calendar_Groups.run(Past_Calendar_Groups:42)
	at com.kms.katalon.core.main.ScriptEngine.run(ScriptEngine.java:194)
	at com.kms.katalon.core.main.ScriptEngine.runScriptAsRawText(ScriptEngine.java:119)
	at com.kms.katalon.core.main.TestCaseExecutor.runScript(TestCaseExecutor.java:448)
	at com.kms.katalon.core.main.TestCaseExecutor.doExecute(TestCaseExecutor.java:439)
	at com.kms.katalon.core.main.TestCaseExecutor.processExecutionPhase(TestCaseExecutor.java:418)
	at com.kms.katalon.core.main.TestCaseExecutor.accessMainPhase(TestCaseExecutor.java:410)
	at com.kms.katalon.core.main.TestCaseExecutor.execute(TestCaseExecutor.java:285)
	at com.kms.katalon.core.common.CommonExecutor.accessTestCaseMainPhase(CommonExecutor.java:65)
	at com.kms.katalon.core.main.TestSuiteExecutor.accessTestSuiteMainPhase(TestSuiteExecutor.java:150)
	at com.kms.katalon.core.main.TestSuiteExecutor.execute(TestSuiteExecutor.java:106)
	at com.kms.katalon.core.main.TestCaseMain.startTestSuite(TestCaseMain.java:180)
	at TempTestSuite1738104956297.run(TempTestSuite1738104956297.groovy:35)
	at java.base/jdk.internal.reflect.NativeMethodAccessorImpl.invoke0(Native Method)
	at java.base/jdk.internal.reflect.NativeMethodAccessorImpl.invoke(NativeMethodAccessorImpl.java:77)
	at java.base/jdk.internal.reflect.DelegatingMethodAccessorImpl.invoke(DelegatingMethodAccessorImpl.java:43)
Caused by: org.openqa.selenium.ElementNotInteractableException: element not interactable
  (Session info: chrome=131.0.6778.265)
Build info: version: '3.141.59', revision: 'unknown', time: 'unknown'
System info: host: 'ENRIQUE', ip: '192.168.100.166', os.name: 'Windows 11', os.arch: 'amd64', os.version: '10.0', java.version: '17.0.7'
Driver info: com.kms.katalon.selenium.driver.CChromeDriver
Capabilities {acceptInsecureCerts: false, browserName: chrome, browserVersion: 131.0.6778.265, chrome: {chromedriverVersion: 130.0.6723.58 (3a50e012e4c9..., userDataDir: C:\Users\Enrique\AppData\Lo...}, fedcm:accounts: true, goog:chromeOptions: {debuggerAddress: localhost:63210}, javascriptEnabled: true, networkConnectionEnabled: false, pageLoadStrategy: normal, platform: WINDOWS, platformName: WINDOWS, proxy: Proxy(), setWindowRect: true, strictFileInteractability: false, timeouts: {implicit: 0, pageLoad: 300000, script: 30000}, unhandledPromptBehavior: dismiss and notify, webauthn:extension:credBlob: true, webauthn:extension:largeBlob: true, webauthn:extension:minPinLength: true, webauthn:extension:prf: true, webauthn:virtualAuthenticators: true}
Session ID: 7596fc981510787edffbdd82a299af15
	at java.base/jdk.internal.reflect.NativeConstructorAccessorImpl.newInstance0(Native Method)
	at java.base/jdk.internal.reflect.NativeConstructorAccessorImpl.newInstance(NativeConstructorAccessorImpl.java:77)
	at java.base/jdk.internal.reflect.DelegatingConstructorAccessorImpl.newInstance(DelegatingConstructorAccessorImpl.java:45)
	at org.openqa.selenium.remote.http.W3CHttpResponseCodec.createException(W3CHttpResponseCodec.java:187)
	at org.openqa.selenium.remote.http.W3CHttpResponseCodec.decode(W3CHttpResponseCodec.java:122)
	at org.openqa.selenium.remote.http.W3CHttpResponseCodec.decode(W3CHttpResponseCodec.java:49)
	at org.openqa.selenium.remote.HttpCommandExecutor.execute(HttpCommandExecutor.java:158)
	at org.openqa.selenium.remote.service.DriverCommandExecutor.execute(DriverCommandExecutor.java:83)
	at org.openqa.selenium.remote.RemoteWebDriver.execute(RemoteWebDriver.java:552)
	at com.kms.katalon.selenium.driver.CChromeDriver.execute(CChromeDriver.java:19)
	at org.openqa.selenium.remote.RemoteWebElement.execute(RemoteWebElement.java:285)
	at org.openqa.selenium.remote.RemoteWebElement.sendKeys(RemoteWebElement.java:106)
	at jdk.internal.reflect.GeneratedMethodAccessor21.invoke(Unknown Source)
	at java.base/jdk.internal.reflect.DelegatingMethodAccessorImpl.invoke(DelegatingMethodAccessorImpl.java:43)
	at org.openqa.selenium.support.events.EventFiringWebDriver$EventFiringWebElement.lambda$new$0(EventFiringWebDriver.java:404)
	at jdk.proxy2/jdk.proxy2.$Proxy24.sendKeys(Unknown Source)
	at org.openqa.selenium.support.events.EventFiringWebDriver$EventFiringWebElement.sendKeys(EventFiringWebDriver.java:429)
	at com.kms.katalon.core.webui.keyword.builtin.SetTextKeyword$_setText_closure1.doCall(SetTextKeyword.groovy:71)
	at com.kms.katalon.core.webui.keyword.builtin.SetTextKeyword$_setText_closure1.call(SetTextKeyword.groovy)
	at com.kms.katalon.core.webui.keyword.internal.WebUIKeywordMain.runKeyword(WebUIKeywordMain.groovy:35)
	... 20 more]]></system-err>
      </testcase>
      <testcase name="Test Cases/Specific Cases/LS/General/Calendar/Events_Creation/Present Events Creation/Calendar_Appointment" time="39.295" classname="Test Cases/Specific Cases/LS/General/Calendar/Events_Creation/Present Events Creation/Calendar_Appointment" status="FAILED">
         <failure type="FAILED" message="Test Cases/Specific Cases/LS/General/Calendar/Events_Creation/Present Events Creation/Calendar_Appointment FAILED.&#xa;Reason:&#xa;com.kms.katalon.core.exception.StepFailedException: Unable to set text 'A Auto' of object 'Object Repository/Specific Cases Repository/LS/Home/Calendar/Calendar_Events/Calendar_Events_Creation/Appointment/Page_Calendar/Patien Name'&#xa;	at com.kms.katalon.core.webui.keyword.internal.WebUIKeywordMain.stepFailed(WebUIKeywordMain.groovy:117)&#xa;	at com.kms.katalon.core.webui.keyword.internal.WebUIKeywordMain.runKeyword(WebUIKeywordMain.groovy:43)&#xa;	at com.kms.katalon.core.webui.keyword.builtin.SetTextKeyword.setText(SetTextKeyword.groovy:85)&#xa;	at com.kms.katalon.core.webui.keyword.builtin.SetTextKeyword.execute(SetTextKeyword.groovy:39)&#xa;	at com.kms.katalon.core.keyword.internal.KeywordExecutor.executeKeywordForPlatform(KeywordExecutor.groovy:74)&#xa;	at com.kms.katalon.core.webui.keyword.WebUiBuiltInKeywords.setText(WebUiBuiltInKeywords.groovy:1019)&#xa;	at Calendar_Appointment.run(Calendar_Appointment:42)&#xa;	at com.kms.katalon.core.main.ScriptEngine.run(ScriptEngine.java:194)&#xa;	at com.kms.katalon.core.main.ScriptEngine.runScriptAsRawText(ScriptEngine.java:119)&#xa;	at com.kms.katalon.core.main.TestCaseExecutor.runScript(TestCaseExecutor.java:448)&#xa;	at com.kms.katalon.core.main.TestCaseExecutor.doExecute(TestCaseExecutor.java:439)&#xa;	at com.kms.katalon.core.main.TestCaseExecutor.processExecutionPhase(TestCaseExecutor.java:418)&#xa;	at com.kms.katalon.core.main.TestCaseExecutor.accessMainPhase(TestCaseExecutor.java:410)&#xa;	at com.kms.katalon.core.main.TestCaseExecutor.execute(TestCaseExecutor.java:285)&#xa;	at com.kms.katalon.core.common.CommonExecutor.accessTestCaseMainPhase(CommonExecutor.java:65)&#xa;	at com.kms.katalon.core.main.TestSuiteExecutor.accessTestSuiteMainPhase(TestSuiteExecutor.java:150)&#xa;	at com.kms.katalon.core.main.TestSuiteExecutor.execute(TestSuiteExecutor.java:106)&#xa;	at com.kms.katalon.core.main.TestCaseMain.startTestSuite(TestCaseMain.java:180)&#xa;	at TempTestSuite1738104956297.run(TempTestSuite1738104956297.groovy:35)&#xa;	at java.base/jdk.internal.reflect.NativeMethodAccessorImpl.invoke0(Native Method)&#xa;	at java.base/jdk.internal.reflect.NativeMethodAccessorImpl.invoke(NativeMethodAccessorImpl.java:77)&#xa;	at java.base/jdk.internal.reflect.DelegatingMethodAccessorImpl.invoke(DelegatingMethodAccessorImpl.java:43)&#xa;Caused by: org.openqa.selenium.ElementNotInteractableException: element not interactable&#xa;  (Session info: chrome=131.0.6778.265)&#xa;Build info: version: '3.141.59', revision: 'unknown', time: 'unknown'&#xa;System info: host: 'ENRIQUE', ip: '192.168.100.166', os.name: 'Windows 11', os.arch: 'amd64', os.version: '10.0', java.version: '17.0.7'&#xa;Driver info: com.kms.katalon.selenium.driver.CChromeDriver&#xa;Capabilities {acceptInsecureCerts: false, browserName: chrome, browserVersion: 131.0.6778.265, chrome: {chromedriverVersion: 130.0.6723.58 (3a50e012e4c9..., userDataDir: C:\Users\Enrique\AppData\Lo...}, fedcm:accounts: true, goog:chromeOptions: {debuggerAddress: localhost:63541}, javascriptEnabled: true, networkConnectionEnabled: false, pageLoadStrategy: normal, platform: WINDOWS, platformName: WINDOWS, proxy: Proxy(), setWindowRect: true, strictFileInteractability: false, timeouts: {implicit: 0, pageLoad: 300000, script: 30000}, unhandledPromptBehavior: dismiss and notify, webauthn:extension:credBlob: true, webauthn:extension:largeBlob: true, webauthn:extension:minPinLength: true, webauthn:extension:prf: true, webauthn:virtualAuthenticators: true}&#xa;Session ID: 08305092aa2463d9ff4b9d290c98a9c3&#xa;	at java.base/jdk.internal.reflect.NativeConstructorAccessorImpl.newInstance0(Native Method)&#xa;	at java.base/jdk.internal.reflect.NativeConstructorAccessorImpl.newInstance(NativeConstructorAccessorImpl.java:77)&#xa;	at java.base/jdk.internal.reflect.DelegatingConstructorAccessorImpl.newInstance(DelegatingConstructorAccessorImpl.java:45)&#xa;	at org.openqa.selenium.remote.http.W3CHttpResponseCodec.createException(W3CHttpResponseCodec.java:187)&#xa;	at org.openqa.selenium.remote.http.W3CHttpResponseCodec.decode(W3CHttpResponseCodec.java:122)&#xa;	at org.openqa.selenium.remote.http.W3CHttpResponseCodec.decode(W3CHttpResponseCodec.java:49)&#xa;	at org.openqa.selenium.remote.HttpCommandExecutor.execute(HttpCommandExecutor.java:158)&#xa;	at org.openqa.selenium.remote.service.DriverCommandExecutor.execute(DriverCommandExecutor.java:83)&#xa;	at org.openqa.selenium.remote.RemoteWebDriver.execute(RemoteWebDriver.java:552)&#xa;	at com.kms.katalon.selenium.driver.CChromeDriver.execute(CChromeDriver.java:19)&#xa;	at org.openqa.selenium.remote.RemoteWebElement.execute(RemoteWebElement.java:285)&#xa;	at org.openqa.selenium.remote.RemoteWebElement.sendKeys(RemoteWebElement.java:106)&#xa;	at jdk.internal.reflect.GeneratedMethodAccessor21.invoke(Unknown Source)&#xa;	at java.base/jdk.internal.reflect.DelegatingMethodAccessorImpl.invoke(DelegatingMethodAccessorImpl.java:43)&#xa;	at org.openqa.selenium.support.events.EventFiringWebDriver$EventFiringWebElement.lambda$new$0(EventFiringWebDriver.java:404)&#xa;	at jdk.proxy2/jdk.proxy2.$Proxy24.sendKeys(Unknown Source)&#xa;	at org.openqa.selenium.support.events.EventFiringWebDriver$EventFiringWebElement.sendKeys(EventFiringWebDriver.java:429)&#xa;	at com.kms.katalon.core.webui.keyword.builtin.SetTextKeyword$_setText_closure1.doCall(SetTextKeyword.groovy:71)&#xa;	at com.kms.katalon.core.webui.keyword.builtin.SetTextKeyword$_setText_closure1.call(SetTextKeyword.groovy)&#xa;	at com.kms.katalon.core.webui.keyword.internal.WebUIKeywordMain.runKeyword(WebUIKeywordMain.groovy:35)&#xa;	... 20 more&#xa;"/>
         <system-out><![CDATA[28-01-2025T18:00:35 - [TEST_CASE][FAILED] - Test Cases/Specific Cases/LS/General/Calendar/Events_Creation/Present Events Creation/Calendar_Appointment: Test Cases/Specific Cases/LS/General/Calendar/Events_Creation/Present Events Creation/Calendar_Appointment FAILED.
Reason:
com.kms.katalon.core.exception.StepFailedException: Unable to set text 'A Auto' of object 'Object Repository/Specific Cases Repository/LS/Home/Calendar/Calendar_Events/Calendar_Events_Creation/Appointment/Page_Calendar/Patien Name'
	at com.kms.katalon.core.webui.keyword.internal.WebUIKeywordMain.stepFailed(WebUIKeywordMain.groovy:117)
	at com.kms.katalon.core.webui.keyword.internal.WebUIKeywordMain.runKeyword(WebUIKeywordMain.groovy:43)
	at com.kms.katalon.core.webui.keyword.builtin.SetTextKeyword.setText(SetTextKeyword.groovy:85)
	at com.kms.katalon.core.webui.keyword.builtin.SetTextKeyword.execute(SetTextKeyword.groovy:39)
	at com.kms.katalon.core.keyword.internal.KeywordExecutor.executeKeywordForPlatform(KeywordExecutor.groovy:74)
	at com.kms.katalon.core.webui.keyword.WebUiBuiltInKeywords.setText(WebUiBuiltInKeywords.groovy:1019)
	at Calendar_Appointment.run(Calendar_Appointment:42)
	at com.kms.katalon.core.main.ScriptEngine.run(ScriptEngine.java:194)
	at com.kms.katalon.core.main.ScriptEngine.runScriptAsRawText(ScriptEngine.java:119)
	at com.kms.katalon.core.main.TestCaseExecutor.runScript(TestCaseExecutor.java:448)
	at com.kms.katalon.core.main.TestCaseExecutor.doExecute(TestCaseExecutor.java:439)
	at com.kms.katalon.core.main.TestCaseExecutor.processExecutionPhase(TestCaseExecutor.java:418)
	at com.kms.katalon.core.main.TestCaseExecutor.accessMainPhase(TestCaseExecutor.java:410)
	at com.kms.katalon.core.main.TestCaseExecutor.execute(TestCaseExecutor.java:285)
	at com.kms.katalon.core.common.CommonExecutor.accessTestCaseMainPhase(CommonExecutor.java:65)
	at com.kms.katalon.core.main.TestSuiteExecutor.accessTestSuiteMainPhase(TestSuiteExecutor.java:150)
	at com.kms.katalon.core.main.TestSuiteExecutor.execute(TestSuiteExecutor.java:106)
	at com.kms.katalon.core.main.TestCaseMain.startTestSuite(TestCaseMain.java:180)
	at TempTestSuite1738104956297.run(TempTestSuite1738104956297.groovy:35)
	at java.base/jdk.internal.reflect.NativeMethodAccessorImpl.invoke0(Native Method)
	at java.base/jdk.internal.reflect.NativeMethodAccessorImpl.invoke(NativeMethodAccessorImpl.java:77)
	at java.base/jdk.internal.reflect.DelegatingMethodAccessorImpl.invoke(DelegatingMethodAccessorImpl.java:43)
Caused by: org.openqa.selenium.ElementNotInteractableException: element not interactable
  (Session info: chrome=131.0.6778.265)
Build info: version: '3.141.59', revision: 'unknown', time: 'unknown'
System info: host: 'ENRIQUE', ip: '192.168.100.166', os.name: 'Windows 11', os.arch: 'amd64', os.version: '10.0', java.version: '17.0.7'
Driver info: com.kms.katalon.selenium.driver.CChromeDriver
Capabilities {acceptInsecureCerts: false, browserName: chrome, browserVersion: 131.0.6778.265, chrome: {chromedriverVersion: 130.0.6723.58 (3a50e012e4c9..., userDataDir: C:\Users\Enrique\AppData\Lo...}, fedcm:accounts: true, goog:chromeOptions: {debuggerAddress: localhost:63541}, javascriptEnabled: true, networkConnectionEnabled: false, pageLoadStrategy: normal, platform: WINDOWS, platformName: WINDOWS, proxy: Proxy(), setWindowRect: true, strictFileInteractability: false, timeouts: {implicit: 0, pageLoad: 300000, script: 30000}, unhandledPromptBehavior: dismiss and notify, webauthn:extension:credBlob: true, webauthn:extension:largeBlob: true, webauthn:extension:minPinLength: true, webauthn:extension:prf: true, webauthn:virtualAuthenticators: true}
Session ID: 08305092aa2463d9ff4b9d290c98a9c3
	at java.base/jdk.internal.reflect.NativeConstructorAccessorImpl.newInstance0(Native Method)
	at java.base/jdk.internal.reflect.NativeConstructorAccessorImpl.newInstance(NativeConstructorAccessorImpl.java:77)
	at java.base/jdk.internal.reflect.DelegatingConstructorAccessorImpl.newInstance(DelegatingConstructorAccessorImpl.java:45)
	at org.openqa.selenium.remote.http.W3CHttpResponseCodec.createException(W3CHttpResponseCodec.java:187)
	at org.openqa.selenium.remote.http.W3CHttpResponseCodec.decode(W3CHttpResponseCodec.java:122)
	at org.openqa.selenium.remote.http.W3CHttpResponseCodec.decode(W3CHttpResponseCodec.java:49)
	at org.openqa.selenium.remote.HttpCommandExecutor.execute(HttpCommandExecutor.java:158)
	at org.openqa.selenium.remote.service.DriverCommandExecutor.execute(DriverCommandExecutor.java:83)
	at org.openqa.selenium.remote.RemoteWebDriver.execute(RemoteWebDriver.java:552)
	at com.kms.katalon.selenium.driver.CChromeDriver.execute(CChromeDriver.java:19)
	at org.openqa.selenium.remote.RemoteWebElement.execute(RemoteWebElement.java:285)
	at org.openqa.selenium.remote.RemoteWebElement.sendKeys(RemoteWebElement.java:106)
	at jdk.internal.reflect.GeneratedMethodAccessor21.invoke(Unknown Source)
	at java.base/jdk.internal.reflect.DelegatingMethodAccessorImpl.invoke(DelegatingMethodAccessorImpl.java:43)
	at org.openqa.selenium.support.events.EventFiringWebDriver$EventFiringWebElement.lambda$new$0(EventFiringWebDriver.java:404)
	at jdk.proxy2/jdk.proxy2.$Proxy24.sendKeys(Unknown Source)
	at org.openqa.selenium.support.events.EventFiringWebDriver$EventFiringWebElement.sendKeys(EventFiringWebDriver.java:429)
	at com.kms.katalon.core.webui.keyword.builtin.SetTextKeyword$_setText_closure1.doCall(SetTextKeyword.groovy:71)
	at com.kms.katalon.core.webui.keyword.builtin.SetTextKeyword$_setText_closure1.call(SetTextKeyword.groovy)
	at com.kms.katalon.core.webui.keyword.internal.WebUIKeywordMain.runKeyword(WebUIKeywordMain.groovy:35)
	... 20 more


28-01-2025T18:00:35 - [TEST_STEP][PASSED] - callTestCase(findTestCase("Common Cases/Login"), [:], STOP_ON_FAILURE): Call Test Case 'Test Cases/Common Cases/Login' successfully

28-01-2025T18:00:36 - [TEST_CASE][PASSED] - Test Cases/Common Cases/Login: Test Cases/Common Cases/Login

28-01-2025T18:00:36 - [TEST_STEP][PASSED] - openBrowser(""): Browser is opened with url: ''

28-01-2025T18:00:36 - [MESSAGE][WARNING] - A browser is already opened. Closing browser and opening a new one

28-01-2025T18:00:36 - [MESSAGE][INFO] - Starting 'Chrome' driver

28-01-2025T18:00:36 - [MESSAGE][INFO] - Action delay is set to 0 milliseconds

28-01-2025T18:00:36 - [MESSAGE][PASSED] - Browser is opened with url: ''

28-01-2025T18:00:36 - [TEST_STEP][PASSED] - maximizeWindow(): Current window maximized

28-01-2025T18:00:36 - [MESSAGE][PASSED] - Current window maximized

28-01-2025T18:00:36 - [TEST_STEP][PASSED] - navigateToUrl("https://site17.lsapp.cloud/auth/login"): Navigate to 'https://site17.lsapp.cloud/auth/login' successfully

28-01-2025T18:00:43 - [MESSAGE][PASSED] - Navigate to 'https://site17.lsapp.cloud/auth/login' successfully

28-01-2025T18:00:43 - [TEST_STEP][PASSED] - setText(findTestObject("Object Repository/Common Cases Repository/Login/Page_Lightning Step/input_Email_email"), "automation@lightningstep.com"): Text 'automation@lightningstep.com' is set on object 'Object Repository/Common Cases Repository/Login/Page_Lightning Step/input_Email_email'

28-01-2025T18:00:43 - [MESSAGE][PASSED] - Text 'automation@lightningstep.com' is set on object 'Object Repository/Common Cases Repository/Login/Page_Lightning Step/input_Email_email'

28-01-2025T18:00:43 - [TEST_STEP][PASSED] - setEncryptedText(findTestObject("Object Repository/Common Cases Repository/Login/Page_Lightning Step/input_Password_password"), "e5N8VHmnhJDITtQaQhDQDw=="): Text ****** has been set on object 'Object Repository/Common Cases Repository/Login/Page_Lightning Step/input_Password_password'

28-01-2025T18:00:44 - [MESSAGE][PASSED] - Text ****** has been set on object 'Object Repository/Common Cases Repository/Login/Page_Lightning Step/input_Password_password'

28-01-2025T18:00:44 - [TEST_STEP][PASSED] - click(findTestObject("Object Repository/Common Cases Repository/Login/Page_Lightning Step/button_Sign in")): Object: 'Object Repository/Common Cases Repository/Login/Page_Lightning Step/button_Sign in' is clicked on

28-01-2025T18:00:53 - [MESSAGE][PASSED] - Object: 'Object Repository/Common Cases Repository/Login/Page_Lightning Step/button_Sign in' is clicked on

28-01-2025T18:00:53 - [MESSAGE][PASSED] - Call Test Case 'Test Cases/Common Cases/Login' successfully

28-01-2025T18:00:53 - [TEST_STEP][PASSED] - click(findTestObject("Object Repository/Specific Cases Repository/LS/Home/Calendar/Calendar_Events/Calendar_Events_Creation/Page_Home/a_Calendar")): Object: 'Object Repository/Specific Cases Repository/LS/Home/Calendar/Calendar_Events/Calendar_Events_Creation/Page_Home/a_Calendar' is clicked on

28-01-2025T18:01:02 - [MESSAGE][PASSED] - Object: 'Object Repository/Specific Cases Repository/LS/Home/Calendar/Calendar_Events/Calendar_Events_Creation/Page_Home/a_Calendar' is clicked on

28-01-2025T18:01:02 - [TEST_STEP][PASSED] - click(findTestObject("Object Repository/Specific Cases Repository/LS/Home/Calendar/Calendar_Events/Calendar_Events_Creation/Appointment/Page_Calendar/div_Week")): Object: 'Object Repository/Specific Cases Repository/LS/Home/Calendar/Calendar_Events/Calendar_Events_Creation/Appointment/Page_Calendar/div_Week' is clicked on

28-01-2025T18:01:03 - [MESSAGE][PASSED] - Object: 'Object Repository/Specific Cases Repository/LS/Home/Calendar/Calendar_Events/Calendar_Events_Creation/Appointment/Page_Calendar/div_Week' is clicked on

28-01-2025T18:01:03 - [TEST_STEP][PASSED] - click(findTestObject("Object Repository/Specific Cases Repository/LS/Home/Calendar/Calendar_Events/Calendar_Events_Creation/Appointment/Page_Calendar/button_Create new")): Object: 'Object Repository/Specific Cases Repository/LS/Home/Calendar/Calendar_Events/Calendar_Events_Creation/Appointment/Page_Calendar/button_Create new' is clicked on

28-01-2025T18:01:04 - [MESSAGE][PASSED] - Object: 'Object Repository/Specific Cases Repository/LS/Home/Calendar/Calendar_Events/Calendar_Events_Creation/Appointment/Page_Calendar/button_Create new' is clicked on

28-01-2025T18:01:04 - [TEST_STEP][PASSED] - click(findTestObject("Object Repository/Specific Cases Repository/LS/Home/Calendar/Calendar_Events/Calendar_Events_Creation/Appointment/Page_Calendar/label_Appointment")): Object: 'Object Repository/Specific Cases Repository/LS/Home/Calendar/Calendar_Events/Calendar_Events_Creation/Appointment/Page_Calendar/label_Appointment' is clicked on

28-01-2025T18:01:05 - [MESSAGE][PASSED] - Object: 'Object Repository/Specific Cases Repository/LS/Home/Calendar/Calendar_Events/Calendar_Events_Creation/Appointment/Page_Calendar/label_Appointment' is clicked on

28-01-2025T18:01:05 - [TEST_STEP][PASSED] - click(findTestObject("Object Repository/Specific Cases Repository/LS/Home/Calendar/Calendar_Events/Calendar_Events_Creation/Appointment/Page_Calendar/span_Select Client")): Object: 'Object Repository/Specific Cases Repository/LS/Home/Calendar/Calendar_Events/Calendar_Events_Creation/Appointment/Page_Calendar/span_Select Client' is clicked on

28-01-2025T18:01:05 - [MESSAGE][PASSED] - Object: 'Object Repository/Specific Cases Repository/LS/Home/Calendar/Calendar_Events/Calendar_Events_Creation/Appointment/Page_Calendar/span_Select Client' is clicked on

28-01-2025T18:01:05 - [TEST_STEP][PASSED] - click(findTestObject("Object Repository/Specific Cases Repository/LS/Home/Calendar/Calendar_Events/Calendar_Events_Creation/Page_Calendar/a_Cancel")): Object: 'Object Repository/Specific Cases Repository/LS/Home/Calendar/Calendar_Events/Calendar_Events_Creation/Page_Calendar/a_Cancel' is clicked on

28-01-2025T18:01:10 - [MESSAGE][PASSED] - Object: 'Object Repository/Specific Cases Repository/LS/Home/Calendar/Calendar_Events/Calendar_Events_Creation/Page_Calendar/a_Cancel' is clicked on

28-01-2025T18:01:10 - [TEST_STEP][PASSED] - click(findTestObject("Object Repository/Specific Cases Repository/LS/Home/Calendar/Calendar_Events/Calendar_Events_Creation/Appointment/Page_Calendar/button_Create new")): Object: 'Object Repository/Specific Cases Repository/LS/Home/Calendar/Calendar_Events/Calendar_Events_Creation/Appointment/Page_Calendar/button_Create new' is clicked on

28-01-2025T18:01:11 - [MESSAGE][PASSED] - Object: 'Object Repository/Specific Cases Repository/LS/Home/Calendar/Calendar_Events/Calendar_Events_Creation/Appointment/Page_Calendar/button_Create new' is clicked on

28-01-2025T18:01:11 - [TEST_STEP][PASSED] - click(findTestObject("Object Repository/Specific Cases Repository/LS/Home/Calendar/Calendar_Events/Calendar_Events_Creation/Appointment/Page_Calendar/label_Appointment")): Object: 'Object Repository/Specific Cases Repository/LS/Home/Calendar/Calendar_Events/Calendar_Events_Creation/Appointment/Page_Calendar/label_Appointment' is clicked on

28-01-2025T18:01:12 - [MESSAGE][PASSED] - Object: 'Object Repository/Specific Cases Repository/LS/Home/Calendar/Calendar_Events/Calendar_Events_Creation/Appointment/Page_Calendar/label_Appointment' is clicked on

28-01-2025T18:01:12 - [TEST_STEP][PASSED] - click(findTestObject("Object Repository/Specific Cases Repository/LS/Home/Calendar/Calendar_Events/Calendar_Events_Creation/Appointment/Page_Calendar/label_Appointment")): Object: 'Object Repository/Specific Cases Repository/LS/Home/Calendar/Calendar_Events/Calendar_Events_Creation/Appointment/Page_Calendar/label_Appointment' is clicked on

28-01-2025T18:01:12 - [MESSAGE][PASSED] - Object: 'Object Repository/Specific Cases Repository/LS/Home/Calendar/Calendar_Events/Calendar_Events_Creation/Appointment/Page_Calendar/label_Appointment' is clicked on

28-01-2025T18:01:12 - [TEST_STEP][PASSED] - click(findTestObject("Object Repository/Specific Cases Repository/LS/Home/Calendar/Calendar_Events/Calendar_Events_Creation/Appointment/Page_Calendar/span_Select Client")): Object: 'Object Repository/Specific Cases Repository/LS/Home/Calendar/Calendar_Events/Calendar_Events_Creation/Appointment/Page_Calendar/span_Select Client' is clicked on

28-01-2025T18:01:13 - [MESSAGE][PASSED] - Object: 'Object Repository/Specific Cases Repository/LS/Home/Calendar/Calendar_Events/Calendar_Events_Creation/Appointment/Page_Calendar/span_Select Client' is clicked on

28-01-2025T18:01:13 - [TEST_STEP][FAILED] - setText(findTestObject("Object Repository/Specific Cases Repository/LS/Home/Calendar/Calendar_Events/Calendar_Events_Creation/Appointment/Page_Calendar/Patien Name"), "A Auto"): Unable to set text 'A Auto' of object 'Object Repository/Specific Cases Repository/LS/Home/Calendar/Calendar_Events/Calendar_Events_Creation/Appointment/Page_Calendar/Patien Name' (Root cause: com.kms.katalon.core.exception.StepFailedException: Unable to set text 'A Auto' of object 'Object Repository/Specific Cases Repository/LS/Home/Calendar/Calendar_Events/Calendar_Events_Creation/Appointment/Page_Calendar/Patien Name'
	at com.kms.katalon.core.webui.keyword.internal.WebUIKeywordMain.stepFailed(WebUIKeywordMain.groovy:117)
	at com.kms.katalon.core.webui.keyword.internal.WebUIKeywordMain.runKeyword(WebUIKeywordMain.groovy:43)
	at com.kms.katalon.core.webui.keyword.builtin.SetTextKeyword.setText(SetTextKeyword.groovy:85)
	at com.kms.katalon.core.webui.keyword.builtin.SetTextKeyword.execute(SetTextKeyword.groovy:39)
	at com.kms.katalon.core.keyword.internal.KeywordExecutor.executeKeywordForPlatform(KeywordExecutor.groovy:74)
	at com.kms.katalon.core.webui.keyword.WebUiBuiltInKeywords.setText(WebUiBuiltInKeywords.groovy:1019)
	at Calendar_Appointment.run(Calendar_Appointment:42)
	at com.kms.katalon.core.main.ScriptEngine.run(ScriptEngine.java:194)
	at com.kms.katalon.core.main.ScriptEngine.runScriptAsRawText(ScriptEngine.java:119)
	at com.kms.katalon.core.main.TestCaseExecutor.runScript(TestCaseExecutor.java:448)
	at com.kms.katalon.core.main.TestCaseExecutor.doExecute(TestCaseExecutor.java:439)
	at com.kms.katalon.core.main.TestCaseExecutor.processExecutionPhase(TestCaseExecutor.java:418)
	at com.kms.katalon.core.main.TestCaseExecutor.accessMainPhase(TestCaseExecutor.java:410)
	at com.kms.katalon.core.main.TestCaseExecutor.execute(TestCaseExecutor.java:285)
	at com.kms.katalon.core.common.CommonExecutor.accessTestCaseMainPhase(CommonExecutor.java:65)
	at com.kms.katalon.core.main.TestSuiteExecutor.accessTestSuiteMainPhase(TestSuiteExecutor.java:150)
	at com.kms.katalon.core.main.TestSuiteExecutor.execute(TestSuiteExecutor.java:106)
	at com.kms.katalon.core.main.TestCaseMain.startTestSuite(TestCaseMain.java:180)
	at TempTestSuite1738104956297.run(TempTestSuite1738104956297.groovy:35)
	at java.base/jdk.internal.reflect.NativeMethodAccessorImpl.invoke0(Native Method)
	at java.base/jdk.internal.reflect.NativeMethodAccessorImpl.invoke(NativeMethodAccessorImpl.java:77)
	at java.base/jdk.internal.reflect.DelegatingMethodAccessorImpl.invoke(DelegatingMethodAccessorImpl.java:43)
Caused by: org.openqa.selenium.ElementNotInteractableException: element not interactable
  (Session info: chrome=131.0.6778.265)
Build info: version: '3.141.59', revision: 'unknown', time: 'unknown'
System info: host: 'ENRIQUE', ip: '192.168.100.166', os.name: 'Windows 11', os.arch: 'amd64', os.version: '10.0', java.version: '17.0.7'
Driver info: com.kms.katalon.selenium.driver.CChromeDriver
Capabilities {acceptInsecureCerts: false, browserName: chrome, browserVersion: 131.0.6778.265, chrome: {chromedriverVersion: 130.0.6723.58 (3a50e012e4c9..., userDataDir: C:\Users\Enrique\AppData\Lo...}, fedcm:accounts: true, goog:chromeOptions: {debuggerAddress: localhost:63541}, javascriptEnabled: true, networkConnectionEnabled: false, pageLoadStrategy: normal, platform: WINDOWS, platformName: WINDOWS, proxy: Proxy(), setWindowRect: true, strictFileInteractability: false, timeouts: {implicit: 0, pageLoad: 300000, script: 30000}, unhandledPromptBehavior: dismiss and notify, webauthn:extension:credBlob: true, webauthn:extension:largeBlob: true, webauthn:extension:minPinLength: true, webauthn:extension:prf: true, webauthn:virtualAuthenticators: true}
Session ID: 08305092aa2463d9ff4b9d290c98a9c3
	at java.base/jdk.internal.reflect.NativeConstructorAccessorImpl.newInstance0(Native Method)
	at java.base/jdk.internal.reflect.NativeConstructorAccessorImpl.newInstance(NativeConstructorAccessorImpl.java:77)
	at java.base/jdk.internal.reflect.DelegatingConstructorAccessorImpl.newInstance(DelegatingConstructorAccessorImpl.java:45)
	at org.openqa.selenium.remote.http.W3CHttpResponseCodec.createException(W3CHttpResponseCodec.java:187)
	at org.openqa.selenium.remote.http.W3CHttpResponseCodec.decode(W3CHttpResponseCodec.java:122)
	at org.openqa.selenium.remote.http.W3CHttpResponseCodec.decode(W3CHttpResponseCodec.java:49)
	at org.openqa.selenium.remote.HttpCommandExecutor.execute(HttpCommandExecutor.java:158)
	at org.openqa.selenium.remote.service.DriverCommandExecutor.execute(DriverCommandExecutor.java:83)
	at org.openqa.selenium.remote.RemoteWebDriver.execute(RemoteWebDriver.java:552)
	at com.kms.katalon.selenium.driver.CChromeDriver.execute(CChromeDriver.java:19)
	at org.openqa.selenium.remote.RemoteWebElement.execute(RemoteWebElement.java:285)
	at org.openqa.selenium.remote.RemoteWebElement.sendKeys(RemoteWebElement.java:106)
	at jdk.internal.reflect.GeneratedMethodAccessor21.invoke(Unknown Source)
	at java.base/jdk.internal.reflect.DelegatingMethodAccessorImpl.invoke(DelegatingMethodAccessorImpl.java:43)
	at org.openqa.selenium.support.events.EventFiringWebDriver$EventFiringWebElement.lambda$new$0(EventFiringWebDriver.java:404)
	at jdk.proxy2/jdk.proxy2.$Proxy24.sendKeys(Unknown Source)
	at org.openqa.selenium.support.events.EventFiringWebDriver$EventFiringWebElement.sendKeys(EventFiringWebDriver.java:429)
	at com.kms.katalon.core.webui.keyword.builtin.SetTextKeyword$_setText_closure1.doCall(SetTextKeyword.groovy:71)
	at com.kms.katalon.core.webui.keyword.builtin.SetTextKeyword$_setText_closure1.call(SetTextKeyword.groovy)
	at com.kms.katalon.core.webui.keyword.internal.WebUIKeywordMain.runKeyword(WebUIKeywordMain.groovy:35)
	at com.kms.katalon.core.webui.keyword.builtin.SetTextKeyword.setText(SetTextKeyword.groovy:85)
	at com.kms.katalon.core.webui.keyword.builtin.SetTextKeyword.execute(SetTextKeyword.groovy:39)
	at com.kms.katalon.core.keyword.internal.KeywordExecutor.executeKeywordForPlatform(KeywordExecutor.groovy:74)
	at com.kms.katalon.core.webui.keyword.WebUiBuiltInKeywords.setText(WebUiBuiltInKeywords.groovy:1019)
	at Script1727458510296.run(Script1727458510296.groovy:42)
	... 15 more
)

28-01-2025T18:01:15 - [MESSAGE][FAILED] - Unable to set text 'A Auto' of object 'Object Repository/Specific Cases Repository/LS/Home/Calendar/Calendar_Events/Calendar_Events_Creation/Appointment/Page_Calendar/Patien Name' (Root cause: com.kms.katalon.core.exception.StepFailedException: Unable to set text 'A Auto' of object 'Object Repository/Specific Cases Repository/LS/Home/Calendar/Calendar_Events/Calendar_Events_Creation/Appointment/Page_Calendar/Patien Name'
	at com.kms.katalon.core.webui.keyword.internal.WebUIKeywordMain.stepFailed(WebUIKeywordMain.groovy:117)
	at com.kms.katalon.core.webui.keyword.internal.WebUIKeywordMain.runKeyword(WebUIKeywordMain.groovy:43)
	at com.kms.katalon.core.webui.keyword.builtin.SetTextKeyword.setText(SetTextKeyword.groovy:85)
	at com.kms.katalon.core.webui.keyword.builtin.SetTextKeyword.execute(SetTextKeyword.groovy:39)
	at com.kms.katalon.core.keyword.internal.KeywordExecutor.executeKeywordForPlatform(KeywordExecutor.groovy:74)
	at com.kms.katalon.core.webui.keyword.WebUiBuiltInKeywords.setText(WebUiBuiltInKeywords.groovy:1019)
	at Calendar_Appointment.run(Calendar_Appointment:42)
	at com.kms.katalon.core.main.ScriptEngine.run(ScriptEngine.java:194)
	at com.kms.katalon.core.main.ScriptEngine.runScriptAsRawText(ScriptEngine.java:119)
	at com.kms.katalon.core.main.TestCaseExecutor.runScript(TestCaseExecutor.java:448)
	at com.kms.katalon.core.main.TestCaseExecutor.doExecute(TestCaseExecutor.java:439)
	at com.kms.katalon.core.main.TestCaseExecutor.processExecutionPhase(TestCaseExecutor.java:418)
	at com.kms.katalon.core.main.TestCaseExecutor.accessMainPhase(TestCaseExecutor.java:410)
	at com.kms.katalon.core.main.TestCaseExecutor.execute(TestCaseExecutor.java:285)
	at com.kms.katalon.core.common.CommonExecutor.accessTestCaseMainPhase(CommonExecutor.java:65)
	at com.kms.katalon.core.main.TestSuiteExecutor.accessTestSuiteMainPhase(TestSuiteExecutor.java:150)
	at com.kms.katalon.core.main.TestSuiteExecutor.execute(TestSuiteExecutor.java:106)
	at com.kms.katalon.core.main.TestCaseMain.startTestSuite(TestCaseMain.java:180)
	at TempTestSuite1738104956297.run(TempTestSuite1738104956297.groovy:35)
	at java.base/jdk.internal.reflect.NativeMethodAccessorImpl.invoke0(Native Method)
	at java.base/jdk.internal.reflect.NativeMethodAccessorImpl.invoke(NativeMethodAccessorImpl.java:77)
	at java.base/jdk.internal.reflect.DelegatingMethodAccessorImpl.invoke(DelegatingMethodAccessorImpl.java:43)
Caused by: org.openqa.selenium.ElementNotInteractableException: element not interactable
  (Session info: chrome=131.0.6778.265)
Build info: version: '3.141.59', revision: 'unknown', time: 'unknown'
System info: host: 'ENRIQUE', ip: '192.168.100.166', os.name: 'Windows 11', os.arch: 'amd64', os.version: '10.0', java.version: '17.0.7'
Driver info: com.kms.katalon.selenium.driver.CChromeDriver
Capabilities {acceptInsecureCerts: false, browserName: chrome, browserVersion: 131.0.6778.265, chrome: {chromedriverVersion: 130.0.6723.58 (3a50e012e4c9..., userDataDir: C:\Users\Enrique\AppData\Lo...}, fedcm:accounts: true, goog:chromeOptions: {debuggerAddress: localhost:63541}, javascriptEnabled: true, networkConnectionEnabled: false, pageLoadStrategy: normal, platform: WINDOWS, platformName: WINDOWS, proxy: Proxy(), setWindowRect: true, strictFileInteractability: false, timeouts: {implicit: 0, pageLoad: 300000, script: 30000}, unhandledPromptBehavior: dismiss and notify, webauthn:extension:credBlob: true, webauthn:extension:largeBlob: true, webauthn:extension:minPinLength: true, webauthn:extension:prf: true, webauthn:virtualAuthenticators: true}
Session ID: 08305092aa2463d9ff4b9d290c98a9c3
	at java.base/jdk.internal.reflect.NativeConstructorAccessorImpl.newInstance0(Native Method)
	at java.base/jdk.internal.reflect.NativeConstructorAccessorImpl.newInstance(NativeConstructorAccessorImpl.java:77)
	at java.base/jdk.internal.reflect.DelegatingConstructorAccessorImpl.newInstance(DelegatingConstructorAccessorImpl.java:45)
	at org.openqa.selenium.remote.http.W3CHttpResponseCodec.createException(W3CHttpResponseCodec.java:187)
	at org.openqa.selenium.remote.http.W3CHttpResponseCodec.decode(W3CHttpResponseCodec.java:122)
	at org.openqa.selenium.remote.http.W3CHttpResponseCodec.decode(W3CHttpResponseCodec.java:49)
	at org.openqa.selenium.remote.HttpCommandExecutor.execute(HttpCommandExecutor.java:158)
	at org.openqa.selenium.remote.service.DriverCommandExecutor.execute(DriverCommandExecutor.java:83)
	at org.openqa.selenium.remote.RemoteWebDriver.execute(RemoteWebDriver.java:552)
	at com.kms.katalon.selenium.driver.CChromeDriver.execute(CChromeDriver.java:19)
	at org.openqa.selenium.remote.RemoteWebElement.execute(RemoteWebElement.java:285)
	at org.openqa.selenium.remote.RemoteWebElement.sendKeys(RemoteWebElement.java:106)
	at jdk.internal.reflect.GeneratedMethodAccessor21.invoke(Unknown Source)
	at java.base/jdk.internal.reflect.DelegatingMethodAccessorImpl.invoke(DelegatingMethodAccessorImpl.java:43)
	at org.openqa.selenium.support.events.EventFiringWebDriver$EventFiringWebElement.lambda$new$0(EventFiringWebDriver.java:404)
	at jdk.proxy2/jdk.proxy2.$Proxy24.sendKeys(Unknown Source)
	at org.openqa.selenium.support.events.EventFiringWebDriver$EventFiringWebElement.sendKeys(EventFiringWebDriver.java:429)
	at com.kms.katalon.core.webui.keyword.builtin.SetTextKeyword$_setText_closure1.doCall(SetTextKeyword.groovy:71)
	at com.kms.katalon.core.webui.keyword.builtin.SetTextKeyword$_setText_closure1.call(SetTextKeyword.groovy)
	at com.kms.katalon.core.webui.keyword.internal.WebUIKeywordMain.runKeyword(WebUIKeywordMain.groovy:35)
	at com.kms.katalon.core.webui.keyword.builtin.SetTextKeyword.setText(SetTextKeyword.groovy:85)
	at com.kms.katalon.core.webui.keyword.builtin.SetTextKeyword.execute(SetTextKeyword.groovy:39)
	at com.kms.katalon.core.keyword.internal.KeywordExecutor.executeKeywordForPlatform(KeywordExecutor.groovy:74)
	at com.kms.katalon.core.webui.keyword.WebUiBuiltInKeywords.setText(WebUiBuiltInKeywords.groovy:1019)
	at Script1727458510296.run(Script1727458510296.groovy:42)
	... 15 more
)
[[ATTACHMENT|C:\\Users\\Enrique\\git\\AUTOMATION_LS\\Reports\\20250128_175555\\LS\\Home\\General\\Calendar\\20250128_175556\\1738105274700.png]]]]></system-out>
         <system-err><![CDATA[28-01-2025T18:00:35 - [TEST_CASE][FAILED] - Test Cases/Specific Cases/LS/General/Calendar/Events_Creation/Present Events Creation/Calendar_Appointment: Test Cases/Specific Cases/LS/General/Calendar/Events_Creation/Present Events Creation/Calendar_Appointment FAILED.
Reason:
com.kms.katalon.core.exception.StepFailedException: Unable to set text 'A Auto' of object 'Object Repository/Specific Cases Repository/LS/Home/Calendar/Calendar_Events/Calendar_Events_Creation/Appointment/Page_Calendar/Patien Name'
	at com.kms.katalon.core.webui.keyword.internal.WebUIKeywordMain.stepFailed(WebUIKeywordMain.groovy:117)
	at com.kms.katalon.core.webui.keyword.internal.WebUIKeywordMain.runKeyword(WebUIKeywordMain.groovy:43)
	at com.kms.katalon.core.webui.keyword.builtin.SetTextKeyword.setText(SetTextKeyword.groovy:85)
	at com.kms.katalon.core.webui.keyword.builtin.SetTextKeyword.execute(SetTextKeyword.groovy:39)
	at com.kms.katalon.core.keyword.internal.KeywordExecutor.executeKeywordForPlatform(KeywordExecutor.groovy:74)
	at com.kms.katalon.core.webui.keyword.WebUiBuiltInKeywords.setText(WebUiBuiltInKeywords.groovy:1019)
	at Calendar_Appointment.run(Calendar_Appointment:42)
	at com.kms.katalon.core.main.ScriptEngine.run(ScriptEngine.java:194)
	at com.kms.katalon.core.main.ScriptEngine.runScriptAsRawText(ScriptEngine.java:119)
	at com.kms.katalon.core.main.TestCaseExecutor.runScript(TestCaseExecutor.java:448)
	at com.kms.katalon.core.main.TestCaseExecutor.doExecute(TestCaseExecutor.java:439)
	at com.kms.katalon.core.main.TestCaseExecutor.processExecutionPhase(TestCaseExecutor.java:418)
	at com.kms.katalon.core.main.TestCaseExecutor.accessMainPhase(TestCaseExecutor.java:410)
	at com.kms.katalon.core.main.TestCaseExecutor.execute(TestCaseExecutor.java:285)
	at com.kms.katalon.core.common.CommonExecutor.accessTestCaseMainPhase(CommonExecutor.java:65)
	at com.kms.katalon.core.main.TestSuiteExecutor.accessTestSuiteMainPhase(TestSuiteExecutor.java:150)
	at com.kms.katalon.core.main.TestSuiteExecutor.execute(TestSuiteExecutor.java:106)
	at com.kms.katalon.core.main.TestCaseMain.startTestSuite(TestCaseMain.java:180)
	at TempTestSuite1738104956297.run(TempTestSuite1738104956297.groovy:35)
	at java.base/jdk.internal.reflect.NativeMethodAccessorImpl.invoke0(Native Method)
	at java.base/jdk.internal.reflect.NativeMethodAccessorImpl.invoke(NativeMethodAccessorImpl.java:77)
	at java.base/jdk.internal.reflect.DelegatingMethodAccessorImpl.invoke(DelegatingMethodAccessorImpl.java:43)
Caused by: org.openqa.selenium.ElementNotInteractableException: element not interactable
  (Session info: chrome=131.0.6778.265)
Build info: version: '3.141.59', revision: 'unknown', time: 'unknown'
System info: host: 'ENRIQUE', ip: '192.168.100.166', os.name: 'Windows 11', os.arch: 'amd64', os.version: '10.0', java.version: '17.0.7'
Driver info: com.kms.katalon.selenium.driver.CChromeDriver
Capabilities {acceptInsecureCerts: false, browserName: chrome, browserVersion: 131.0.6778.265, chrome: {chromedriverVersion: 130.0.6723.58 (3a50e012e4c9..., userDataDir: C:\Users\Enrique\AppData\Lo...}, fedcm:accounts: true, goog:chromeOptions: {debuggerAddress: localhost:63541}, javascriptEnabled: true, networkConnectionEnabled: false, pageLoadStrategy: normal, platform: WINDOWS, platformName: WINDOWS, proxy: Proxy(), setWindowRect: true, strictFileInteractability: false, timeouts: {implicit: 0, pageLoad: 300000, script: 30000}, unhandledPromptBehavior: dismiss and notify, webauthn:extension:credBlob: true, webauthn:extension:largeBlob: true, webauthn:extension:minPinLength: true, webauthn:extension:prf: true, webauthn:virtualAuthenticators: true}
Session ID: 08305092aa2463d9ff4b9d290c98a9c3
	at java.base/jdk.internal.reflect.NativeConstructorAccessorImpl.newInstance0(Native Method)
	at java.base/jdk.internal.reflect.NativeConstructorAccessorImpl.newInstance(NativeConstructorAccessorImpl.java:77)
	at java.base/jdk.internal.reflect.DelegatingConstructorAccessorImpl.newInstance(DelegatingConstructorAccessorImpl.java:45)
	at org.openqa.selenium.remote.http.W3CHttpResponseCodec.createException(W3CHttpResponseCodec.java:187)
	at org.openqa.selenium.remote.http.W3CHttpResponseCodec.decode(W3CHttpResponseCodec.java:122)
	at org.openqa.selenium.remote.http.W3CHttpResponseCodec.decode(W3CHttpResponseCodec.java:49)
	at org.openqa.selenium.remote.HttpCommandExecutor.execute(HttpCommandExecutor.java:158)
	at org.openqa.selenium.remote.service.DriverCommandExecutor.execute(DriverCommandExecutor.java:83)
	at org.openqa.selenium.remote.RemoteWebDriver.execute(RemoteWebDriver.java:552)
	at com.kms.katalon.selenium.driver.CChromeDriver.execute(CChromeDriver.java:19)
	at org.openqa.selenium.remote.RemoteWebElement.execute(RemoteWebElement.java:285)
	at org.openqa.selenium.remote.RemoteWebElement.sendKeys(RemoteWebElement.java:106)
	at jdk.internal.reflect.GeneratedMethodAccessor21.invoke(Unknown Source)
	at java.base/jdk.internal.reflect.DelegatingMethodAccessorImpl.invoke(DelegatingMethodAccessorImpl.java:43)
	at org.openqa.selenium.support.events.EventFiringWebDriver$EventFiringWebElement.lambda$new$0(EventFiringWebDriver.java:404)
	at jdk.proxy2/jdk.proxy2.$Proxy24.sendKeys(Unknown Source)
	at org.openqa.selenium.support.events.EventFiringWebDriver$EventFiringWebElement.sendKeys(EventFiringWebDriver.java:429)
	at com.kms.katalon.core.webui.keyword.builtin.SetTextKeyword$_setText_closure1.doCall(SetTextKeyword.groovy:71)
	at com.kms.katalon.core.webui.keyword.builtin.SetTextKeyword$_setText_closure1.call(SetTextKeyword.groovy)
	at com.kms.katalon.core.webui.keyword.internal.WebUIKeywordMain.runKeyword(WebUIKeywordMain.groovy:35)
	... 20 more]]></system-err>
      </testcase>
      <testcase name="Test Cases/Specific Cases/LS/General/Calendar/Events_Creation/Present Events Creation/Calendar_Block" time="31.939" classname="Test Cases/Specific Cases/LS/General/Calendar/Events_Creation/Present Events Creation/Calendar_Block" status="PASSED">
         <system-out><![CDATA[28-01-2025T18:01:15 - [TEST_CASE][PASSED] - Test Cases/Specific Cases/LS/General/Calendar/Events_Creation/Present Events Creation/Calendar_Block: Test Cases/Specific Cases/LS/General/Calendar/Events_Creation/Present Events Creation/Calendar_Block

28-01-2025T18:01:15 - [TEST_STEP][PASSED] - callTestCase(findTestCase("Common Cases/Login"), [:], STOP_ON_FAILURE): Call Test Case 'Test Cases/Common Cases/Login' successfully

28-01-2025T18:01:15 - [TEST_CASE][PASSED] - Test Cases/Common Cases/Login: Test Cases/Common Cases/Login

28-01-2025T18:01:15 - [TEST_STEP][PASSED] - openBrowser(""): Browser is opened with url: ''

28-01-2025T18:01:15 - [MESSAGE][WARNING] - A browser is already opened. Closing browser and opening a new one

28-01-2025T18:01:15 - [MESSAGE][INFO] - Starting 'Chrome' driver

28-01-2025T18:01:15 - [MESSAGE][INFO] - Action delay is set to 0 milliseconds

28-01-2025T18:01:16 - [MESSAGE][PASSED] - Browser is opened with url: ''

28-01-2025T18:01:16 - [TEST_STEP][PASSED] - maximizeWindow(): Current window maximized

28-01-2025T18:01:16 - [MESSAGE][PASSED] - Current window maximized

28-01-2025T18:01:16 - [TEST_STEP][PASSED] - navigateToUrl("https://site17.lsapp.cloud/auth/login"): Navigate to 'https://site17.lsapp.cloud/auth/login' successfully

28-01-2025T18:01:20 - [MESSAGE][PASSED] - Navigate to 'https://site17.lsapp.cloud/auth/login' successfully

28-01-2025T18:01:20 - [TEST_STEP][PASSED] - setText(findTestObject("Object Repository/Common Cases Repository/Login/Page_Lightning Step/input_Email_email"), "automation@lightningstep.com"): Text 'automation@lightningstep.com' is set on object 'Object Repository/Common Cases Repository/Login/Page_Lightning Step/input_Email_email'

28-01-2025T18:01:21 - [MESSAGE][PASSED] - Text 'automation@lightningstep.com' is set on object 'Object Repository/Common Cases Repository/Login/Page_Lightning Step/input_Email_email'

28-01-2025T18:01:21 - [TEST_STEP][PASSED] - setEncryptedText(findTestObject("Object Repository/Common Cases Repository/Login/Page_Lightning Step/input_Password_password"), "e5N8VHmnhJDITtQaQhDQDw=="): Text ****** has been set on object 'Object Repository/Common Cases Repository/Login/Page_Lightning Step/input_Password_password'

28-01-2025T18:01:21 - [MESSAGE][PASSED] - Text ****** has been set on object 'Object Repository/Common Cases Repository/Login/Page_Lightning Step/input_Password_password'

28-01-2025T18:01:21 - [TEST_STEP][PASSED] - click(findTestObject("Object Repository/Common Cases Repository/Login/Page_Lightning Step/button_Sign in")): Object: 'Object Repository/Common Cases Repository/Login/Page_Lightning Step/button_Sign in' is clicked on

28-01-2025T18:01:28 - [MESSAGE][PASSED] - Object: 'Object Repository/Common Cases Repository/Login/Page_Lightning Step/button_Sign in' is clicked on

28-01-2025T18:01:28 - [MESSAGE][PASSED] - Call Test Case 'Test Cases/Common Cases/Login' successfully

28-01-2025T18:01:28 - [TEST_STEP][PASSED] - click(findTestObject("Object Repository/Specific Cases Repository/LS/Home/Calendar/Calendar_Events/Calendar_Events_Creation/Block/Page_Home/a_Calendar")): Object: 'Object Repository/Specific Cases Repository/LS/Home/Calendar/Calendar_Events/Calendar_Events_Creation/Block/Page_Home/a_Calendar' is clicked on

28-01-2025T18:01:35 - [MESSAGE][PASSED] - Object: 'Object Repository/Specific Cases Repository/LS/Home/Calendar/Calendar_Events/Calendar_Events_Creation/Block/Page_Home/a_Calendar' is clicked on

28-01-2025T18:01:35 - [TEST_STEP][PASSED] - click(findTestObject("Object Repository/Specific Cases Repository/LS/Home/Calendar/Calendar_Events/Calendar_Events_Creation/Appointment/Page_Calendar/div_Week")): Object: 'Object Repository/Specific Cases Repository/LS/Home/Calendar/Calendar_Events/Calendar_Events_Creation/Appointment/Page_Calendar/div_Week' is clicked on

28-01-2025T18:01:36 - [MESSAGE][PASSED] - Object: 'Object Repository/Specific Cases Repository/LS/Home/Calendar/Calendar_Events/Calendar_Events_Creation/Appointment/Page_Calendar/div_Week' is clicked on

28-01-2025T18:01:36 - [TEST_STEP][PASSED] - click(findTestObject("Object Repository/Specific Cases Repository/LS/Home/Calendar/Calendar_Events/Calendar_Events_Creation/Block/Page_Calendar/button_Create new")): Object: 'Object Repository/Specific Cases Repository/LS/Home/Calendar/Calendar_Events/Calendar_Events_Creation/Block/Page_Calendar/button_Create new' is clicked on

28-01-2025T18:01:37 - [MESSAGE][PASSED] - Object: 'Object Repository/Specific Cases Repository/LS/Home/Calendar/Calendar_Events/Calendar_Events_Creation/Block/Page_Calendar/button_Create new' is clicked on

28-01-2025T18:01:37 - [TEST_STEP][PASSED] - click(findTestObject("Object Repository/Specific Cases Repository/LS/Home/Calendar/Calendar_Events/Calendar_Events_Creation/Block/Page_Calendar/label_Block")): Object: 'Object Repository/Specific Cases Repository/LS/Home/Calendar/Calendar_Events/Calendar_Events_Creation/Block/Page_Calendar/label_Block' is clicked on

28-01-2025T18:01:38 - [MESSAGE][PASSED] - Object: 'Object Repository/Specific Cases Repository/LS/Home/Calendar/Calendar_Events/Calendar_Events_Creation/Block/Page_Calendar/label_Block' is clicked on

28-01-2025T18:01:38 - [TEST_STEP][PASSED] - setText(findTestObject("Object Repository/Specific Cases Repository/LS/Home/Calendar/Calendar_Events/Calendar_Events_Creation/Block/Page_Calendar/input_Title_title_"), "Automation Block"): Text 'Automation Block' is set on object 'Object Repository/Specific Cases Repository/LS/Home/Calendar/Calendar_Events/Calendar_Events_Creation/Block/Page_Calendar/input_Title_title_'

28-01-2025T18:01:39 - [MESSAGE][PASSED] - Text 'Automation Block' is set on object 'Object Repository/Specific Cases Repository/LS/Home/Calendar/Calendar_Events/Calendar_Events_Creation/Block/Page_Calendar/input_Title_title_'

28-01-2025T18:01:39 - [TEST_STEP][PASSED] - click(findTestObject("Object Repository/Specific Cases Repository/LS/Home/Calendar/Calendar_Events/Calendar_Events_Creation/Appointment/Page_Calendar/Date")): Object: 'Object Repository/Specific Cases Repository/LS/Home/Calendar/Calendar_Events/Calendar_Events_Creation/Appointment/Page_Calendar/Date' is clicked on

28-01-2025T18:01:40 - [MESSAGE][PASSED] - Object: 'Object Repository/Specific Cases Repository/LS/Home/Calendar/Calendar_Events/Calendar_Events_Creation/Appointment/Page_Calendar/Date' is clicked on

28-01-2025T18:01:40 - [TEST_STEP][PASSED] - setText(findTestObject("Object Repository/Specific Cases Repository/LS/Home/Calendar/Calendar_Events/Calendar_Events_Creation/Appointment/Page_Calendar/Date"), Todays_Date): Text '01/28/2025' is set on object 'Object Repository/Specific Cases Repository/LS/Home/Calendar/Calendar_Events/Calendar_Events_Creation/Appointment/Page_Calendar/Date'

28-01-2025T18:01:40 - [MESSAGE][PASSED] - Text '01/28/2025' is set on object 'Object Repository/Specific Cases Repository/LS/Home/Calendar/Calendar_Events/Calendar_Events_Creation/Appointment/Page_Calendar/Date'

28-01-2025T18:01:40 - [TEST_STEP][PASSED] - click(findTestObject("Object Repository/Specific Cases Repository/LS/Home/Calendar/Calendar_Events/Calendar_Events_Creation/Appointment/Page_Calendar/Start Time Clock")): Object: 'Object Repository/Specific Cases Repository/LS/Home/Calendar/Calendar_Events/Calendar_Events_Creation/Appointment/Page_Calendar/Start Time Clock' is clicked on

28-01-2025T18:01:41 - [MESSAGE][PASSED] - Object: 'Object Repository/Specific Cases Repository/LS/Home/Calendar/Calendar_Events/Calendar_Events_Creation/Appointment/Page_Calendar/Start Time Clock' is clicked on

28-01-2025T18:01:41 - [TEST_STEP][PASSED] - setText(findTestObject("Object Repository/Specific Cases Repository/LS/Home/Calendar/Calendar_Events/Calendar_Events_Creation/Appointment/Page_Calendar/Start Time Clock"), "1600"): Text '1600' is set on object 'Object Repository/Specific Cases Repository/LS/Home/Calendar/Calendar_Events/Calendar_Events_Creation/Appointment/Page_Calendar/Start Time Clock'

28-01-2025T18:01:42 - [MESSAGE][PASSED] - Text '1600' is set on object 'Object Repository/Specific Cases Repository/LS/Home/Calendar/Calendar_Events/Calendar_Events_Creation/Appointment/Page_Calendar/Start Time Clock'

28-01-2025T18:01:42 - [TEST_STEP][PASSED] - click(findTestObject("Object Repository/Specific Cases Repository/LS/Home/Calendar/Calendar_Events/Calendar_Events_Creation/Block/Page_Calendar/div_Schedule                               _3f20bf")): Object: 'Object Repository/Specific Cases Repository/LS/Home/Calendar/Calendar_Events/Calendar_Events_Creation/Block/Page_Calendar/div_Schedule                               _3f20bf' is clicked on

28-01-2025T18:01:43 - [MESSAGE][PASSED] - Object: 'Object Repository/Specific Cases Repository/LS/Home/Calendar/Calendar_Events/Calendar_Events_Creation/Block/Page_Calendar/div_Schedule                               _3f20bf' is clicked on

28-01-2025T18:01:43 - [TEST_STEP][PASSED] - setText(findTestObject("Object Repository/Specific Cases Repository/LS/Home/Calendar/Calendar_Events/Calendar_Events_Creation/Block/Page_Calendar/input_Notes_notes"), "Automation Block Note"): Text 'Automation Block Note' is set on object 'Object Repository/Specific Cases Repository/LS/Home/Calendar/Calendar_Events/Calendar_Events_Creation/Block/Page_Calendar/input_Notes_notes'

28-01-2025T18:01:44 - [MESSAGE][PASSED] - Text 'Automation Block Note' is set on object 'Object Repository/Specific Cases Repository/LS/Home/Calendar/Calendar_Events/Calendar_Events_Creation/Block/Page_Calendar/input_Notes_notes'

28-01-2025T18:01:44 - [TEST_STEP][PASSED] - click(findTestObject("Object Repository/Specific Cases Repository/LS/Home/Calendar/Calendar_Events/Calendar_Events_Creation/Block/Page_Calendar/a_Save")): Object: 'Object Repository/Specific Cases Repository/LS/Home/Calendar/Calendar_Events/Calendar_Events_Creation/Block/Page_Calendar/a_Save' is clicked on

28-01-2025T18:01:44 - [MESSAGE][PASSED] - Object: 'Object Repository/Specific Cases Repository/LS/Home/Calendar/Calendar_Events/Calendar_Events_Creation/Block/Page_Calendar/a_Save' is clicked on

28-01-2025T18:01:44 - [TEST_STEP][PASSED] - mouseOver(findTestObject("Object Repository/Specific Cases Repository/LS/Home/Calendar/Calendar_Events/Calendar_Events_Creation/Block/Page_Calendar/a_Blocked for Automation Block")): Object: 'Object Repository/Specific Cases Repository/LS/Home/Calendar/Calendar_Events/Calendar_Events_Creation/Block/Page_Calendar/a_Blocked for Automation Block' is hovered

28-01-2025T18:01:46 - [MESSAGE][PASSED] - Object: 'Object Repository/Specific Cases Repository/LS/Home/Calendar/Calendar_Events/Calendar_Events_Creation/Block/Page_Calendar/a_Blocked for Automation Block' is hovered

28-01-2025T18:01:46 - [TEST_STEP][PASSED] - verifyElementText(findTestObject("Object Repository/Specific Cases Repository/LS/Home/Calendar/Calendar_Events/Calendar_Events_Creation/Block/Page_Calendar/span_Blocked for Automation Block"), "Blocked for: Automation Block"): Actual text and expected text of test object 'Object Repository/Specific Cases Repository/LS/Home/Calendar/Calendar_Events/Calendar_Events_Creation/Block/Page_Calendar/span_Blocked for Automation Block' are matched.

28-01-2025T18:01:46 - [MESSAGE][PASSED] - Actual text and expected text of test object 'Object Repository/Specific Cases Repository/LS/Home/Calendar/Calendar_Events/Calendar_Events_Creation/Block/Page_Calendar/span_Blocked for Automation Block' are matched.

28-01-2025T18:01:46 - [TEST_STEP][PASSED] - closeBrowser(): Browser is closed

28-01-2025T18:01:47 - [MESSAGE][PASSED] - Browser is closed]]></system-out>
         <system-err><![CDATA[]]></system-err>
      </testcase>
      <testcase name="Test Cases/Specific Cases/LS/General/Calendar/Events_Creation/Present Events Creation/Calendar_Event" time="57.987" classname="Test Cases/Specific Cases/LS/General/Calendar/Events_Creation/Present Events Creation/Calendar_Event" status="PASSED">
         <system-out><![CDATA[28-01-2025T18:01:47 - [TEST_CASE][PASSED] - Test Cases/Specific Cases/LS/General/Calendar/Events_Creation/Present Events Creation/Calendar_Event: Test Cases/Specific Cases/LS/General/Calendar/Events_Creation/Present Events Creation/Calendar_Event

28-01-2025T18:01:47 - [TEST_STEP][PASSED] - callTestCase(findTestCase("Common Cases/Login"), [:], STOP_ON_FAILURE): Call Test Case 'Test Cases/Common Cases/Login' successfully

28-01-2025T18:01:47 - [TEST_CASE][PASSED] - Test Cases/Common Cases/Login: Test Cases/Common Cases/Login

28-01-2025T18:01:47 - [TEST_STEP][PASSED] - openBrowser(""): Browser is opened with url: ''

28-01-2025T18:01:47 - [MESSAGE][INFO] - Starting 'Chrome' driver

28-01-2025T18:01:47 - [MESSAGE][INFO] - Action delay is set to 0 milliseconds

28-01-2025T18:01:47 - [MESSAGE][PASSED] - Browser is opened with url: ''

28-01-2025T18:01:47 - [TEST_STEP][PASSED] - maximizeWindow(): Current window maximized

28-01-2025T18:01:47 - [MESSAGE][PASSED] - Current window maximized

28-01-2025T18:01:47 - [TEST_STEP][PASSED] - navigateToUrl("https://site17.lsapp.cloud/auth/login"): Navigate to 'https://site17.lsapp.cloud/auth/login' successfully

28-01-2025T18:01:53 - [MESSAGE][PASSED] - Navigate to 'https://site17.lsapp.cloud/auth/login' successfully

28-01-2025T18:01:53 - [TEST_STEP][PASSED] - setText(findTestObject("Object Repository/Common Cases Repository/Login/Page_Lightning Step/input_Email_email"), "automation@lightningstep.com"): Text 'automation@lightningstep.com' is set on object 'Object Repository/Common Cases Repository/Login/Page_Lightning Step/input_Email_email'

28-01-2025T18:01:53 - [MESSAGE][PASSED] - Text 'automation@lightningstep.com' is set on object 'Object Repository/Common Cases Repository/Login/Page_Lightning Step/input_Email_email'

28-01-2025T18:01:53 - [TEST_STEP][PASSED] - setEncryptedText(findTestObject("Object Repository/Common Cases Repository/Login/Page_Lightning Step/input_Password_password"), "e5N8VHmnhJDITtQaQhDQDw=="): Text ****** has been set on object 'Object Repository/Common Cases Repository/Login/Page_Lightning Step/input_Password_password'

28-01-2025T18:01:54 - [MESSAGE][PASSED] - Text ****** has been set on object 'Object Repository/Common Cases Repository/Login/Page_Lightning Step/input_Password_password'

28-01-2025T18:01:54 - [TEST_STEP][PASSED] - click(findTestObject("Object Repository/Common Cases Repository/Login/Page_Lightning Step/button_Sign in")): Object: 'Object Repository/Common Cases Repository/Login/Page_Lightning Step/button_Sign in' is clicked on

28-01-2025T18:01:59 - [MESSAGE][PASSED] - Object: 'Object Repository/Common Cases Repository/Login/Page_Lightning Step/button_Sign in' is clicked on

28-01-2025T18:01:59 - [MESSAGE][PASSED] - Call Test Case 'Test Cases/Common Cases/Login' successfully

28-01-2025T18:01:59 - [TEST_STEP][PASSED] - click(findTestObject("Object Repository/Specific Cases Repository/LS/Home/Calendar/Calendar_Events/Calendar_Events_Creation/Event/Page_Home/a_Calendar")): Object: 'Object Repository/Specific Cases Repository/LS/Home/Calendar/Calendar_Events/Calendar_Events_Creation/Event/Page_Home/a_Calendar' is clicked on

28-01-2025T18:02:03 - [MESSAGE][PASSED] - Object: 'Object Repository/Specific Cases Repository/LS/Home/Calendar/Calendar_Events/Calendar_Events_Creation/Event/Page_Home/a_Calendar' is clicked on

28-01-2025T18:02:03 - [TEST_STEP][PASSED] - click(findTestObject("Object Repository/Specific Cases Repository/LS/Home/Calendar/Calendar_Events/Calendar_Events_Creation/Appointment/Page_Calendar/div_Week")): Object: 'Object Repository/Specific Cases Repository/LS/Home/Calendar/Calendar_Events/Calendar_Events_Creation/Appointment/Page_Calendar/div_Week' is clicked on

28-01-2025T18:02:04 - [MESSAGE][PASSED] - Object: 'Object Repository/Specific Cases Repository/LS/Home/Calendar/Calendar_Events/Calendar_Events_Creation/Appointment/Page_Calendar/div_Week' is clicked on

28-01-2025T18:02:04 - [TEST_STEP][PASSED] - click(findTestObject("Object Repository/Specific Cases Repository/LS/Home/Calendar/Calendar_Events/Calendar_Events_Creation/Event/Page_Calendar/button_Create new")): Object: 'Object Repository/Specific Cases Repository/LS/Home/Calendar/Calendar_Events/Calendar_Events_Creation/Event/Page_Calendar/button_Create new' is clicked on

28-01-2025T18:02:05 - [MESSAGE][PASSED] - Object: 'Object Repository/Specific Cases Repository/LS/Home/Calendar/Calendar_Events/Calendar_Events_Creation/Event/Page_Calendar/button_Create new' is clicked on

28-01-2025T18:02:05 - [TEST_STEP][PASSED] - click(findTestObject("Object Repository/Specific Cases Repository/LS/Home/Calendar/Calendar_Events/Calendar_Events_Creation/Event/Page_Calendar/label_Event")): Object: 'Object Repository/Specific Cases Repository/LS/Home/Calendar/Calendar_Events/Calendar_Events_Creation/Event/Page_Calendar/label_Event' is clicked on

28-01-2025T18:02:06 - [MESSAGE][PASSED] - Object: 'Object Repository/Specific Cases Repository/LS/Home/Calendar/Calendar_Events/Calendar_Events_Creation/Event/Page_Calendar/label_Event' is clicked on

28-01-2025T18:02:06 - [TEST_STEP][PASSED] - setText(findTestObject("Object Repository/Specific Cases Repository/LS/Home/Calendar/Calendar_Events/Calendar_Events_Creation/Event/Page_Calendar/input_Title_title_"), "Automation Event"): Text 'Automation Event' is set on object 'Object Repository/Specific Cases Repository/LS/Home/Calendar/Calendar_Events/Calendar_Events_Creation/Event/Page_Calendar/input_Title_title_'

28-01-2025T18:02:07 - [MESSAGE][PASSED] - Text 'Automation Event' is set on object 'Object Repository/Specific Cases Repository/LS/Home/Calendar/Calendar_Events/Calendar_Events_Creation/Event/Page_Calendar/input_Title_title_'

28-01-2025T18:02:07 - [TEST_STEP][PASSED] - click(findTestObject("Object Repository/Specific Cases Repository/LS/Home/Calendar/Calendar_Events/Calendar_Events_Creation/Appointment/Page_Calendar/Date")): Object: 'Object Repository/Specific Cases Repository/LS/Home/Calendar/Calendar_Events/Calendar_Events_Creation/Appointment/Page_Calendar/Date' is clicked on

28-01-2025T18:02:07 - [MESSAGE][PASSED] - Object: 'Object Repository/Specific Cases Repository/LS/Home/Calendar/Calendar_Events/Calendar_Events_Creation/Appointment/Page_Calendar/Date' is clicked on

28-01-2025T18:02:07 - [TEST_STEP][PASSED] - setText(findTestObject("Object Repository/Specific Cases Repository/LS/Home/Calendar/Calendar_Events/Calendar_Events_Creation/Appointment/Page_Calendar/Date"), Todays_Date): Text '01/28/2025' is set on object 'Object Repository/Specific Cases Repository/LS/Home/Calendar/Calendar_Events/Calendar_Events_Creation/Appointment/Page_Calendar/Date'

28-01-2025T18:02:08 - [MESSAGE][PASSED] - Text '01/28/2025' is set on object 'Object Repository/Specific Cases Repository/LS/Home/Calendar/Calendar_Events/Calendar_Events_Creation/Appointment/Page_Calendar/Date'

28-01-2025T18:02:08 - [TEST_STEP][PASSED] - click(findTestObject("Object Repository/Specific Cases Repository/LS/Home/Calendar/Calendar_Events/Calendar_Events_Creation/Appointment/Page_Calendar/Start Time Clock")): Object: 'Object Repository/Specific Cases Repository/LS/Home/Calendar/Calendar_Events/Calendar_Events_Creation/Appointment/Page_Calendar/Start Time Clock' is clicked on

28-01-2025T18:02:10 - [MESSAGE][PASSED] - Object: 'Object Repository/Specific Cases Repository/LS/Home/Calendar/Calendar_Events/Calendar_Events_Creation/Appointment/Page_Calendar/Start Time Clock' is clicked on

28-01-2025T18:02:10 - [TEST_STEP][PASSED] - setText(findTestObject("Object Repository/Specific Cases Repository/LS/Home/Calendar/Calendar_Events/Calendar_Events_Creation/Appointment/Page_Calendar/Start Time Clock"), "1400"): Text '1400' is set on object 'Object Repository/Specific Cases Repository/LS/Home/Calendar/Calendar_Events/Calendar_Events_Creation/Appointment/Page_Calendar/Start Time Clock'

28-01-2025T18:02:10 - [MESSAGE][PASSED] - Text '1400' is set on object 'Object Repository/Specific Cases Repository/LS/Home/Calendar/Calendar_Events/Calendar_Events_Creation/Appointment/Page_Calendar/Start Time Clock'

28-01-2025T18:02:10 - [TEST_STEP][PASSED] - click(findTestObject("Object Repository/Specific Cases Repository/LS/Home/Calendar/Calendar_Events/Calendar_Events_Creation/Event/Page_Calendar/div_Schedule                               _3f20bf")): Object: 'Object Repository/Specific Cases Repository/LS/Home/Calendar/Calendar_Events/Calendar_Events_Creation/Event/Page_Calendar/div_Schedule                               _3f20bf' is clicked on

28-01-2025T18:02:11 - [MESSAGE][PASSED] - Object: 'Object Repository/Specific Cases Repository/LS/Home/Calendar/Calendar_Events/Calendar_Events_Creation/Event/Page_Calendar/div_Schedule                               _3f20bf' is clicked on

28-01-2025T18:02:11 - [TEST_STEP][PASSED] - setText(findTestObject("Object Repository/Specific Cases Repository/LS/Home/Calendar/Calendar_Events/Calendar_Events_Creation/Event/Page_Calendar/input_Notes_notes"), "Automation Event Note"): Text 'Automation Event Note' is set on object 'Object Repository/Specific Cases Repository/LS/Home/Calendar/Calendar_Events/Calendar_Events_Creation/Event/Page_Calendar/input_Notes_notes'

28-01-2025T18:02:12 - [MESSAGE][PASSED] - Text 'Automation Event Note' is set on object 'Object Repository/Specific Cases Repository/LS/Home/Calendar/Calendar_Events/Calendar_Events_Creation/Event/Page_Calendar/input_Notes_notes'

28-01-2025T18:02:12 - [TEST_STEP][PASSED] - click(findTestObject("Object Repository/Specific Cases Repository/LS/Home/Calendar/Calendar_Events/Calendar_Events_Creation/Event/Page_Calendar/a_Save")): Object: 'Object Repository/Specific Cases Repository/LS/Home/Calendar/Calendar_Events/Calendar_Events_Creation/Event/Page_Calendar/a_Save' is clicked on

28-01-2025T18:02:12 - [MESSAGE][PASSED] - Object: 'Object Repository/Specific Cases Repository/LS/Home/Calendar/Calendar_Events/Calendar_Events_Creation/Event/Page_Calendar/a_Save' is clicked on

28-01-2025T18:02:12 - [TEST_STEP][PASSED] - scrollToElement(findTestObject("Object Repository/Specific Cases Repository/LS/Home/Calendar/Calendar_Events/Calendar_Events_Creation/Event/Page_Calendar/a_Automation Event"), 0): Scroll to object 'Object Repository/Specific Cases Repository/LS/Home/Calendar/Calendar_Events/Calendar_Events_Creation/Event/Page_Calendar/a_Automation Event' successfully

28-01-2025T18:02:12 - [MESSAGE][WARNING] - Timeout '0' is invalid. Using default page load timeout: '30'

28-01-2025T18:02:12 - [MESSAGE][PASSED] - Scroll to object 'Object Repository/Specific Cases Repository/LS/Home/Calendar/Calendar_Events/Calendar_Events_Creation/Event/Page_Calendar/a_Automation Event' successfully

28-01-2025T18:02:12 - [TEST_STEP][PASSED] - mouseOver(findTestObject("Object Repository/Specific Cases Repository/LS/Home/Calendar/Calendar_Events/Calendar_Events_Creation/Event/Page_Calendar/a_Automation Event")): Object: 'Object Repository/Specific Cases Repository/LS/Home/Calendar/Calendar_Events/Calendar_Events_Creation/Event/Page_Calendar/a_Automation Event' is hovered

28-01-2025T18:02:13 - [MESSAGE][PASSED] - Object: 'Object Repository/Specific Cases Repository/LS/Home/Calendar/Calendar_Events/Calendar_Events_Creation/Event/Page_Calendar/a_Automation Event' is hovered

28-01-2025T18:02:13 - [TEST_STEP][PASSED] - verifyElementText(findTestObject("Object Repository/Specific Cases Repository/LS/Home/Calendar/Calendar_Events/Calendar_Events_Creation/Event/Page_Calendar/span_Automation Event"), "Automation Event"): Actual text and expected text of test object 'Object Repository/Specific Cases Repository/LS/Home/Calendar/Calendar_Events/Calendar_Events_Creation/Event/Page_Calendar/span_Automation Event' are matched.

28-01-2025T18:02:44 - [MESSAGE][INFO] - Unable to find the element located by 'By.xpath: //span[@class='text'][normalize-space()='Automation Event']'. Please recheck the objects properties to make sure the desired element is located. 

28-01-2025T18:02:44 - [MESSAGE][WARNING] - [SELF-HEALING] Failed to find element with id 'Object Repository/Specific Cases Repository/LS/Home/Calendar/Calendar_Events/Calendar_Events_Creation/Event/Page_Calendar/span_Automation Event'. Try using Self-healing.

28-01-2025T18:02:44 - [MESSAGE][INFO] - [SELF-HEALING] Failed Locator: '//span[@class='text'][normalize-space()='Automation Event']'.

28-01-2025T18:02:44 - [MESSAGE][INFO] - [SELF-HEALING] Working Locator: '//span[(text() = 'Automation Event' or . = 'Automation Event')]'.

28-01-2025T18:02:44 - [MESSAGE][INFO] - [SELF-HEALING] Screenshot: C:/Users/Enrique/git/AUTOMATION_LS/Reports/Self-healing/Object Repository/Specific Cases Repository/LS/Home/Calendar/Calendar_Events/Calendar_Events_Creation/Event/Page_Calendar/span_Automation Event_customAttributes.png

28-01-2025T18:02:44 - [MESSAGE][WARNING] - [SELF-HEALING] The current locator of test object 'Object Repository/Specific Cases Repository/LS/Home/Calendar/Calendar_Events/Calendar_Events_Creation/Event/Page_Calendar/span_Automation Event' was broken. Propose an alternative one: '//span[(text() = 'Automation Event' or . = 'Automation Event')]'.

28-01-2025T18:02:44 - [MESSAGE][PASSED] - Actual text and expected text of test object 'Object Repository/Specific Cases Repository/LS/Home/Calendar/Calendar_Events/Calendar_Events_Creation/Event/Page_Calendar/span_Automation Event' are matched.

28-01-2025T18:02:44 - [TEST_STEP][PASSED] - closeBrowser(): Browser is closed

28-01-2025T18:02:45 - [MESSAGE][PASSED] - Browser is closed]]></system-out>
         <system-err><![CDATA[]]></system-err>
      </testcase>
      <testcase name="Test Cases/Specific Cases/LS/General/Calendar/Events_Creation/Present Events Creation/Calendar_Groups" time="26.974" classname="Test Cases/Specific Cases/LS/General/Calendar/Events_Creation/Present Events Creation/Calendar_Groups" status="FAILED">
         <failure type="FAILED" message="Test Cases/Specific Cases/LS/General/Calendar/Events_Creation/Present Events Creation/Calendar_Groups FAILED.&#xa;Reason:&#xa;com.kms.katalon.core.exception.StepFailedException: Unable to set text '1.1' of object 'Object Repository/Specific Cases Repository/LS/Home/Calendar/Calendar_Events/Calendar_Events_Creation/Group/Page_Calendar/input_Loading_select2-search__field'&#xa;	at com.kms.katalon.core.webui.keyword.internal.WebUIKeywordMain.stepFailed(WebUIKeywordMain.groovy:117)&#xa;	at com.kms.katalon.core.webui.keyword.internal.WebUIKeywordMain.runKeyword(WebUIKeywordMain.groovy:43)&#xa;	at com.kms.katalon.core.webui.keyword.builtin.SetTextKeyword.setText(SetTextKeyword.groovy:85)&#xa;	at com.kms.katalon.core.webui.keyword.builtin.SetTextKeyword.execute(SetTextKeyword.groovy:39)&#xa;	at com.kms.katalon.core.keyword.internal.KeywordExecutor.executeKeywordForPlatform(KeywordExecutor.groovy:74)&#xa;	at com.kms.katalon.core.webui.keyword.WebUiBuiltInKeywords.setText(WebUiBuiltInKeywords.groovy:1019)&#xa;	at Calendar_Groups.run(Calendar_Groups:42)&#xa;	at com.kms.katalon.core.main.ScriptEngine.run(ScriptEngine.java:194)&#xa;	at com.kms.katalon.core.main.ScriptEngine.runScriptAsRawText(ScriptEngine.java:119)&#xa;	at com.kms.katalon.core.main.TestCaseExecutor.runScript(TestCaseExecutor.java:448)&#xa;	at com.kms.katalon.core.main.TestCaseExecutor.doExecute(TestCaseExecutor.java:439)&#xa;	at com.kms.katalon.core.main.TestCaseExecutor.processExecutionPhase(TestCaseExecutor.java:418)&#xa;	at com.kms.katalon.core.main.TestCaseExecutor.accessMainPhase(TestCaseExecutor.java:410)&#xa;	at com.kms.katalon.core.main.TestCaseExecutor.execute(TestCaseExecutor.java:285)&#xa;	at com.kms.katalon.core.common.CommonExecutor.accessTestCaseMainPhase(CommonExecutor.java:65)&#xa;	at com.kms.katalon.core.main.TestSuiteExecutor.accessTestSuiteMainPhase(TestSuiteExecutor.java:150)&#xa;	at com.kms.katalon.core.main.TestSuiteExecutor.execute(TestSuiteExecutor.java:106)&#xa;	at com.kms.katalon.core.main.TestCaseMain.startTestSuite(TestCaseMain.java:180)&#xa;	at TempTestSuite1738104956297.run(TempTestSuite1738104956297.groovy:35)&#xa;	at java.base/jdk.internal.reflect.NativeMethodAccessorImpl.invoke0(Native Method)&#xa;	at java.base/jdk.internal.reflect.NativeMethodAccessorImpl.invoke(NativeMethodAccessorImpl.java:77)&#xa;	at java.base/jdk.internal.reflect.DelegatingMethodAccessorImpl.invoke(DelegatingMethodAccessorImpl.java:43)&#xa;Caused by: org.openqa.selenium.ElementNotInteractableException: element not interactable&#xa;  (Session info: chrome=131.0.6778.265)&#xa;Build info: version: '3.141.59', revision: 'unknown', time: 'unknown'&#xa;System info: host: 'ENRIQUE', ip: '192.168.100.166', os.name: 'Windows 11', os.arch: 'amd64', os.version: '10.0', java.version: '17.0.7'&#xa;Driver info: com.kms.katalon.selenium.driver.CChromeDriver&#xa;Capabilities {acceptInsecureCerts: false, browserName: chrome, browserVersion: 131.0.6778.265, chrome: {chromedriverVersion: 130.0.6723.58 (3a50e012e4c9..., userDataDir: C:\Users\Enrique\AppData\Lo...}, fedcm:accounts: true, goog:chromeOptions: {debuggerAddress: localhost:64734}, javascriptEnabled: true, networkConnectionEnabled: false, pageLoadStrategy: normal, platform: WINDOWS, platformName: WINDOWS, proxy: Proxy(), setWindowRect: true, strictFileInteractability: false, timeouts: {implicit: 0, pageLoad: 300000, script: 30000}, unhandledPromptBehavior: dismiss and notify, webauthn:extension:credBlob: true, webauthn:extension:largeBlob: true, webauthn:extension:minPinLength: true, webauthn:extension:prf: true, webauthn:virtualAuthenticators: true}&#xa;Session ID: c1b37e8a31e73088395812146b03196e&#xa;	at java.base/jdk.internal.reflect.NativeConstructorAccessorImpl.newInstance0(Native Method)&#xa;	at java.base/jdk.internal.reflect.NativeConstructorAccessorImpl.newInstance(NativeConstructorAccessorImpl.java:77)&#xa;	at java.base/jdk.internal.reflect.DelegatingConstructorAccessorImpl.newInstance(DelegatingConstructorAccessorImpl.java:45)&#xa;	at org.openqa.selenium.remote.http.W3CHttpResponseCodec.createException(W3CHttpResponseCodec.java:187)&#xa;	at org.openqa.selenium.remote.http.W3CHttpResponseCodec.decode(W3CHttpResponseCodec.java:122)&#xa;	at org.openqa.selenium.remote.http.W3CHttpResponseCodec.decode(W3CHttpResponseCodec.java:49)&#xa;	at org.openqa.selenium.remote.HttpCommandExecutor.execute(HttpCommandExecutor.java:158)&#xa;	at org.openqa.selenium.remote.service.DriverCommandExecutor.execute(DriverCommandExecutor.java:83)&#xa;	at org.openqa.selenium.remote.RemoteWebDriver.execute(RemoteWebDriver.java:552)&#xa;	at com.kms.katalon.selenium.driver.CChromeDriver.execute(CChromeDriver.java:19)&#xa;	at org.openqa.selenium.remote.RemoteWebElement.execute(RemoteWebElement.java:285)&#xa;	at org.openqa.selenium.remote.RemoteWebElement.sendKeys(RemoteWebElement.java:106)&#xa;	at jdk.internal.reflect.GeneratedMethodAccessor21.invoke(Unknown Source)&#xa;	at java.base/jdk.internal.reflect.DelegatingMethodAccessorImpl.invoke(DelegatingMethodAccessorImpl.java:43)&#xa;	at org.openqa.selenium.support.events.EventFiringWebDriver$EventFiringWebElement.lambda$new$0(EventFiringWebDriver.java:404)&#xa;	at jdk.proxy2/jdk.proxy2.$Proxy24.sendKeys(Unknown Source)&#xa;	at org.openqa.selenium.support.events.EventFiringWebDriver$EventFiringWebElement.sendKeys(EventFiringWebDriver.java:429)&#xa;	at com.kms.katalon.core.webui.keyword.builtin.SetTextKeyword$_setText_closure1.doCall(SetTextKeyword.groovy:71)&#xa;	at com.kms.katalon.core.webui.keyword.builtin.SetTextKeyword$_setText_closure1.call(SetTextKeyword.groovy)&#xa;	at com.kms.katalon.core.webui.keyword.internal.WebUIKeywordMain.runKeyword(WebUIKeywordMain.groovy:35)&#xa;	... 20 more&#xa;"/>
         <system-out><![CDATA[28-01-2025T18:02:45 - [TEST_CASE][FAILED] - Test Cases/Specific Cases/LS/General/Calendar/Events_Creation/Present Events Creation/Calendar_Groups: Test Cases/Specific Cases/LS/General/Calendar/Events_Creation/Present Events Creation/Calendar_Groups FAILED.
Reason:
com.kms.katalon.core.exception.StepFailedException: Unable to set text '1.1' of object 'Object Repository/Specific Cases Repository/LS/Home/Calendar/Calendar_Events/Calendar_Events_Creation/Group/Page_Calendar/input_Loading_select2-search__field'
	at com.kms.katalon.core.webui.keyword.internal.WebUIKeywordMain.stepFailed(WebUIKeywordMain.groovy:117)
	at com.kms.katalon.core.webui.keyword.internal.WebUIKeywordMain.runKeyword(WebUIKeywordMain.groovy:43)
	at com.kms.katalon.core.webui.keyword.builtin.SetTextKeyword.setText(SetTextKeyword.groovy:85)
	at com.kms.katalon.core.webui.keyword.builtin.SetTextKeyword.execute(SetTextKeyword.groovy:39)
	at com.kms.katalon.core.keyword.internal.KeywordExecutor.executeKeywordForPlatform(KeywordExecutor.groovy:74)
	at com.kms.katalon.core.webui.keyword.WebUiBuiltInKeywords.setText(WebUiBuiltInKeywords.groovy:1019)
	at Calendar_Groups.run(Calendar_Groups:42)
	at com.kms.katalon.core.main.ScriptEngine.run(ScriptEngine.java:194)
	at com.kms.katalon.core.main.ScriptEngine.runScriptAsRawText(ScriptEngine.java:119)
	at com.kms.katalon.core.main.TestCaseExecutor.runScript(TestCaseExecutor.java:448)
	at com.kms.katalon.core.main.TestCaseExecutor.doExecute(TestCaseExecutor.java:439)
	at com.kms.katalon.core.main.TestCaseExecutor.processExecutionPhase(TestCaseExecutor.java:418)
	at com.kms.katalon.core.main.TestCaseExecutor.accessMainPhase(TestCaseExecutor.java:410)
	at com.kms.katalon.core.main.TestCaseExecutor.execute(TestCaseExecutor.java:285)
	at com.kms.katalon.core.common.CommonExecutor.accessTestCaseMainPhase(CommonExecutor.java:65)
	at com.kms.katalon.core.main.TestSuiteExecutor.accessTestSuiteMainPhase(TestSuiteExecutor.java:150)
	at com.kms.katalon.core.main.TestSuiteExecutor.execute(TestSuiteExecutor.java:106)
	at com.kms.katalon.core.main.TestCaseMain.startTestSuite(TestCaseMain.java:180)
	at TempTestSuite1738104956297.run(TempTestSuite1738104956297.groovy:35)
	at java.base/jdk.internal.reflect.NativeMethodAccessorImpl.invoke0(Native Method)
	at java.base/jdk.internal.reflect.NativeMethodAccessorImpl.invoke(NativeMethodAccessorImpl.java:77)
	at java.base/jdk.internal.reflect.DelegatingMethodAccessorImpl.invoke(DelegatingMethodAccessorImpl.java:43)
Caused by: org.openqa.selenium.ElementNotInteractableException: element not interactable
  (Session info: chrome=131.0.6778.265)
Build info: version: '3.141.59', revision: 'unknown', time: 'unknown'
System info: host: 'ENRIQUE', ip: '192.168.100.166', os.name: 'Windows 11', os.arch: 'amd64', os.version: '10.0', java.version: '17.0.7'
Driver info: com.kms.katalon.selenium.driver.CChromeDriver
Capabilities {acceptInsecureCerts: false, browserName: chrome, browserVersion: 131.0.6778.265, chrome: {chromedriverVersion: 130.0.6723.58 (3a50e012e4c9..., userDataDir: C:\Users\Enrique\AppData\Lo...}, fedcm:accounts: true, goog:chromeOptions: {debuggerAddress: localhost:64734}, javascriptEnabled: true, networkConnectionEnabled: false, pageLoadStrategy: normal, platform: WINDOWS, platformName: WINDOWS, proxy: Proxy(), setWindowRect: true, strictFileInteractability: false, timeouts: {implicit: 0, pageLoad: 300000, script: 30000}, unhandledPromptBehavior: dismiss and notify, webauthn:extension:credBlob: true, webauthn:extension:largeBlob: true, webauthn:extension:minPinLength: true, webauthn:extension:prf: true, webauthn:virtualAuthenticators: true}
Session ID: c1b37e8a31e73088395812146b03196e
	at java.base/jdk.internal.reflect.NativeConstructorAccessorImpl.newInstance0(Native Method)
	at java.base/jdk.internal.reflect.NativeConstructorAccessorImpl.newInstance(NativeConstructorAccessorImpl.java:77)
	at java.base/jdk.internal.reflect.DelegatingConstructorAccessorImpl.newInstance(DelegatingConstructorAccessorImpl.java:45)
	at org.openqa.selenium.remote.http.W3CHttpResponseCodec.createException(W3CHttpResponseCodec.java:187)
	at org.openqa.selenium.remote.http.W3CHttpResponseCodec.decode(W3CHttpResponseCodec.java:122)
	at org.openqa.selenium.remote.http.W3CHttpResponseCodec.decode(W3CHttpResponseCodec.java:49)
	at org.openqa.selenium.remote.HttpCommandExecutor.execute(HttpCommandExecutor.java:158)
	at org.openqa.selenium.remote.service.DriverCommandExecutor.execute(DriverCommandExecutor.java:83)
	at org.openqa.selenium.remote.RemoteWebDriver.execute(RemoteWebDriver.java:552)
	at com.kms.katalon.selenium.driver.CChromeDriver.execute(CChromeDriver.java:19)
	at org.openqa.selenium.remote.RemoteWebElement.execute(RemoteWebElement.java:285)
	at org.openqa.selenium.remote.RemoteWebElement.sendKeys(RemoteWebElement.java:106)
	at jdk.internal.reflect.GeneratedMethodAccessor21.invoke(Unknown Source)
	at java.base/jdk.internal.reflect.DelegatingMethodAccessorImpl.invoke(DelegatingMethodAccessorImpl.java:43)
	at org.openqa.selenium.support.events.EventFiringWebDriver$EventFiringWebElement.lambda$new$0(EventFiringWebDriver.java:404)
	at jdk.proxy2/jdk.proxy2.$Proxy24.sendKeys(Unknown Source)
	at org.openqa.selenium.support.events.EventFiringWebDriver$EventFiringWebElement.sendKeys(EventFiringWebDriver.java:429)
	at com.kms.katalon.core.webui.keyword.builtin.SetTextKeyword$_setText_closure1.doCall(SetTextKeyword.groovy:71)
	at com.kms.katalon.core.webui.keyword.builtin.SetTextKeyword$_setText_closure1.call(SetTextKeyword.groovy)
	at com.kms.katalon.core.webui.keyword.internal.WebUIKeywordMain.runKeyword(WebUIKeywordMain.groovy:35)
	... 20 more


28-01-2025T18:02:45 - [TEST_STEP][PASSED] - callTestCase(findTestCase("Common Cases/Login"), [:], STOP_ON_FAILURE): Call Test Case 'Test Cases/Common Cases/Login' successfully

28-01-2025T18:02:45 - [TEST_CASE][PASSED] - Test Cases/Common Cases/Login: Test Cases/Common Cases/Login

28-01-2025T18:02:45 - [TEST_STEP][PASSED] - openBrowser(""): Browser is opened with url: ''

28-01-2025T18:02:45 - [MESSAGE][INFO] - Starting 'Chrome' driver

28-01-2025T18:02:45 - [MESSAGE][INFO] - Action delay is set to 0 milliseconds

28-01-2025T18:02:45 - [MESSAGE][PASSED] - Browser is opened with url: ''

28-01-2025T18:02:45 - [TEST_STEP][PASSED] - maximizeWindow(): Current window maximized

28-01-2025T18:02:45 - [MESSAGE][PASSED] - Current window maximized

28-01-2025T18:02:45 - [TEST_STEP][PASSED] - navigateToUrl("https://site17.lsapp.cloud/auth/login"): Navigate to 'https://site17.lsapp.cloud/auth/login' successfully

28-01-2025T18:02:50 - [MESSAGE][PASSED] - Navigate to 'https://site17.lsapp.cloud/auth/login' successfully

28-01-2025T18:02:50 - [TEST_STEP][PASSED] - setText(findTestObject("Object Repository/Common Cases Repository/Login/Page_Lightning Step/input_Email_email"), "automation@lightningstep.com"): Text 'automation@lightningstep.com' is set on object 'Object Repository/Common Cases Repository/Login/Page_Lightning Step/input_Email_email'

28-01-2025T18:02:51 - [MESSAGE][PASSED] - Text 'automation@lightningstep.com' is set on object 'Object Repository/Common Cases Repository/Login/Page_Lightning Step/input_Email_email'

28-01-2025T18:02:51 - [TEST_STEP][PASSED] - setEncryptedText(findTestObject("Object Repository/Common Cases Repository/Login/Page_Lightning Step/input_Password_password"), "e5N8VHmnhJDITtQaQhDQDw=="): Text ****** has been set on object 'Object Repository/Common Cases Repository/Login/Page_Lightning Step/input_Password_password'

28-01-2025T18:02:51 - [MESSAGE][PASSED] - Text ****** has been set on object 'Object Repository/Common Cases Repository/Login/Page_Lightning Step/input_Password_password'

28-01-2025T18:02:51 - [TEST_STEP][PASSED] - click(findTestObject("Object Repository/Common Cases Repository/Login/Page_Lightning Step/button_Sign in")): Object: 'Object Repository/Common Cases Repository/Login/Page_Lightning Step/button_Sign in' is clicked on

28-01-2025T18:02:56 - [MESSAGE][PASSED] - Object: 'Object Repository/Common Cases Repository/Login/Page_Lightning Step/button_Sign in' is clicked on

28-01-2025T18:02:56 - [MESSAGE][PASSED] - Call Test Case 'Test Cases/Common Cases/Login' successfully

28-01-2025T18:02:56 - [TEST_STEP][PASSED] - click(findTestObject("Object Repository/Specific Cases Repository/LS/Home/Calendar/Calendar_Events/Calendar_Events_Creation/Group/Page_Home/a_Calendar")): Object: 'Object Repository/Specific Cases Repository/LS/Home/Calendar/Calendar_Events/Calendar_Events_Creation/Group/Page_Home/a_Calendar' is clicked on

28-01-2025T18:03:01 - [MESSAGE][PASSED] - Object: 'Object Repository/Specific Cases Repository/LS/Home/Calendar/Calendar_Events/Calendar_Events_Creation/Group/Page_Home/a_Calendar' is clicked on

28-01-2025T18:03:01 - [TEST_STEP][PASSED] - click(findTestObject("Object Repository/Specific Cases Repository/LS/Home/Calendar/Calendar_Events/Calendar_Events_Creation/Appointment/Page_Calendar/div_Week")): Object: 'Object Repository/Specific Cases Repository/LS/Home/Calendar/Calendar_Events/Calendar_Events_Creation/Appointment/Page_Calendar/div_Week' is clicked on

28-01-2025T18:03:01 - [MESSAGE][PASSED] - Object: 'Object Repository/Specific Cases Repository/LS/Home/Calendar/Calendar_Events/Calendar_Events_Creation/Appointment/Page_Calendar/div_Week' is clicked on

28-01-2025T18:03:01 - [TEST_STEP][PASSED] - click(findTestObject("Object Repository/Specific Cases Repository/LS/Home/Calendar/Calendar_Events/Calendar_Events_Creation/Group/Page_Calendar/button_Create new")): Object: 'Object Repository/Specific Cases Repository/LS/Home/Calendar/Calendar_Events/Calendar_Events_Creation/Group/Page_Calendar/button_Create new' is clicked on

28-01-2025T18:03:02 - [MESSAGE][PASSED] - Object: 'Object Repository/Specific Cases Repository/LS/Home/Calendar/Calendar_Events/Calendar_Events_Creation/Group/Page_Calendar/button_Create new' is clicked on

28-01-2025T18:03:02 - [TEST_STEP][PASSED] - click(findTestObject("Object Repository/Specific Cases Repository/LS/Home/Calendar/Calendar_Events/Calendar_Events_Creation/Group/Page_Calendar/label_Group")): Object: 'Object Repository/Specific Cases Repository/LS/Home/Calendar/Calendar_Events/Calendar_Events_Creation/Group/Page_Calendar/label_Group' is clicked on

28-01-2025T18:03:03 - [MESSAGE][PASSED] - Object: 'Object Repository/Specific Cases Repository/LS/Home/Calendar/Calendar_Events/Calendar_Events_Creation/Group/Page_Calendar/label_Group' is clicked on

28-01-2025T18:03:03 - [TEST_STEP][PASSED] - click(findTestObject("Object Repository/Specific Cases Repository/LS/Home/Calendar/Calendar_Events/Calendar_Events_Creation/Group/Page_Calendar/Groups Selector")): Object: 'Object Repository/Specific Cases Repository/LS/Home/Calendar/Calendar_Events/Calendar_Events_Creation/Group/Page_Calendar/Groups Selector' is clicked on

28-01-2025T18:03:04 - [MESSAGE][PASSED] - Object: 'Object Repository/Specific Cases Repository/LS/Home/Calendar/Calendar_Events/Calendar_Events_Creation/Group/Page_Calendar/Groups Selector' is clicked on

28-01-2025T18:03:04 - [TEST_STEP][PASSED] - click(findTestObject("Object Repository/Specific Cases Repository/LS/Home/Calendar/Calendar_Events/Calendar_Events_Creation/Page_Calendar/a_Cancel")): Object: 'Object Repository/Specific Cases Repository/LS/Home/Calendar/Calendar_Events/Calendar_Events_Creation/Page_Calendar/a_Cancel' is clicked on

28-01-2025T18:03:07 - [MESSAGE][PASSED] - Object: 'Object Repository/Specific Cases Repository/LS/Home/Calendar/Calendar_Events/Calendar_Events_Creation/Page_Calendar/a_Cancel' is clicked on

28-01-2025T18:03:07 - [TEST_STEP][PASSED] - click(findTestObject("Object Repository/Specific Cases Repository/LS/Home/Calendar/Calendar_Events/Calendar_Events_Creation/Group/Page_Calendar/button_Create new")): Object: 'Object Repository/Specific Cases Repository/LS/Home/Calendar/Calendar_Events/Calendar_Events_Creation/Group/Page_Calendar/button_Create new' is clicked on

28-01-2025T18:03:07 - [MESSAGE][PASSED] - Object: 'Object Repository/Specific Cases Repository/LS/Home/Calendar/Calendar_Events/Calendar_Events_Creation/Group/Page_Calendar/button_Create new' is clicked on

28-01-2025T18:03:07 - [TEST_STEP][PASSED] - click(findTestObject("Object Repository/Specific Cases Repository/LS/Home/Calendar/Calendar_Events/Calendar_Events_Creation/Group/Page_Calendar/label_Group")): Object: 'Object Repository/Specific Cases Repository/LS/Home/Calendar/Calendar_Events/Calendar_Events_Creation/Group/Page_Calendar/label_Group' is clicked on

28-01-2025T18:03:08 - [MESSAGE][PASSED] - Object: 'Object Repository/Specific Cases Repository/LS/Home/Calendar/Calendar_Events/Calendar_Events_Creation/Group/Page_Calendar/label_Group' is clicked on

28-01-2025T18:03:08 - [TEST_STEP][PASSED] - click(findTestObject("Object Repository/Specific Cases Repository/LS/Home/Calendar/Calendar_Events/Calendar_Events_Creation/Group/Page_Calendar/label_Group")): Object: 'Object Repository/Specific Cases Repository/LS/Home/Calendar/Calendar_Events/Calendar_Events_Creation/Group/Page_Calendar/label_Group' is clicked on

28-01-2025T18:03:09 - [MESSAGE][PASSED] - Object: 'Object Repository/Specific Cases Repository/LS/Home/Calendar/Calendar_Events/Calendar_Events_Creation/Group/Page_Calendar/label_Group' is clicked on

28-01-2025T18:03:09 - [TEST_STEP][PASSED] - click(findTestObject("Object Repository/Specific Cases Repository/LS/Home/Calendar/Calendar_Events/Calendar_Events_Creation/Group/Page_Calendar/Groups Selector")): Object: 'Object Repository/Specific Cases Repository/LS/Home/Calendar/Calendar_Events/Calendar_Events_Creation/Group/Page_Calendar/Groups Selector' is clicked on

28-01-2025T18:03:11 - [MESSAGE][PASSED] - Object: 'Object Repository/Specific Cases Repository/LS/Home/Calendar/Calendar_Events/Calendar_Events_Creation/Group/Page_Calendar/Groups Selector' is clicked on

28-01-2025T18:03:11 - [TEST_STEP][FAILED] - setText(findTestObject("Object Repository/Specific Cases Repository/LS/Home/Calendar/Calendar_Events/Calendar_Events_Creation/Group/Page_Calendar/input_Loading_select2-search__field"), "1.1"): Unable to set text '1.1' of object 'Object Repository/Specific Cases Repository/LS/Home/Calendar/Calendar_Events/Calendar_Events_Creation/Group/Page_Calendar/input_Loading_select2-search__field' (Root cause: com.kms.katalon.core.exception.StepFailedException: Unable to set text '1.1' of object 'Object Repository/Specific Cases Repository/LS/Home/Calendar/Calendar_Events/Calendar_Events_Creation/Group/Page_Calendar/input_Loading_select2-search__field'
	at com.kms.katalon.core.webui.keyword.internal.WebUIKeywordMain.stepFailed(WebUIKeywordMain.groovy:117)
	at com.kms.katalon.core.webui.keyword.internal.WebUIKeywordMain.runKeyword(WebUIKeywordMain.groovy:43)
	at com.kms.katalon.core.webui.keyword.builtin.SetTextKeyword.setText(SetTextKeyword.groovy:85)
	at com.kms.katalon.core.webui.keyword.builtin.SetTextKeyword.execute(SetTextKeyword.groovy:39)
	at com.kms.katalon.core.keyword.internal.KeywordExecutor.executeKeywordForPlatform(KeywordExecutor.groovy:74)
	at com.kms.katalon.core.webui.keyword.WebUiBuiltInKeywords.setText(WebUiBuiltInKeywords.groovy:1019)
	at Calendar_Groups.run(Calendar_Groups:42)
	at com.kms.katalon.core.main.ScriptEngine.run(ScriptEngine.java:194)
	at com.kms.katalon.core.main.ScriptEngine.runScriptAsRawText(ScriptEngine.java:119)
	at com.kms.katalon.core.main.TestCaseExecutor.runScript(TestCaseExecutor.java:448)
	at com.kms.katalon.core.main.TestCaseExecutor.doExecute(TestCaseExecutor.java:439)
	at com.kms.katalon.core.main.TestCaseExecutor.processExecutionPhase(TestCaseExecutor.java:418)
	at com.kms.katalon.core.main.TestCaseExecutor.accessMainPhase(TestCaseExecutor.java:410)
	at com.kms.katalon.core.main.TestCaseExecutor.execute(TestCaseExecutor.java:285)
	at com.kms.katalon.core.common.CommonExecutor.accessTestCaseMainPhase(CommonExecutor.java:65)
	at com.kms.katalon.core.main.TestSuiteExecutor.accessTestSuiteMainPhase(TestSuiteExecutor.java:150)
	at com.kms.katalon.core.main.TestSuiteExecutor.execute(TestSuiteExecutor.java:106)
	at com.kms.katalon.core.main.TestCaseMain.startTestSuite(TestCaseMain.java:180)
	at TempTestSuite1738104956297.run(TempTestSuite1738104956297.groovy:35)
	at java.base/jdk.internal.reflect.NativeMethodAccessorImpl.invoke0(Native Method)
	at java.base/jdk.internal.reflect.NativeMethodAccessorImpl.invoke(NativeMethodAccessorImpl.java:77)
	at java.base/jdk.internal.reflect.DelegatingMethodAccessorImpl.invoke(DelegatingMethodAccessorImpl.java:43)
Caused by: org.openqa.selenium.ElementNotInteractableException: element not interactable
  (Session info: chrome=131.0.6778.265)
Build info: version: '3.141.59', revision: 'unknown', time: 'unknown'
System info: host: 'ENRIQUE', ip: '192.168.100.166', os.name: 'Windows 11', os.arch: 'amd64', os.version: '10.0', java.version: '17.0.7'
Driver info: com.kms.katalon.selenium.driver.CChromeDriver
Capabilities {acceptInsecureCerts: false, browserName: chrome, browserVersion: 131.0.6778.265, chrome: {chromedriverVersion: 130.0.6723.58 (3a50e012e4c9..., userDataDir: C:\Users\Enrique\AppData\Lo...}, fedcm:accounts: true, goog:chromeOptions: {debuggerAddress: localhost:64734}, javascriptEnabled: true, networkConnectionEnabled: false, pageLoadStrategy: normal, platform: WINDOWS, platformName: WINDOWS, proxy: Proxy(), setWindowRect: true, strictFileInteractability: false, timeouts: {implicit: 0, pageLoad: 300000, script: 30000}, unhandledPromptBehavior: dismiss and notify, webauthn:extension:credBlob: true, webauthn:extension:largeBlob: true, webauthn:extension:minPinLength: true, webauthn:extension:prf: true, webauthn:virtualAuthenticators: true}
Session ID: c1b37e8a31e73088395812146b03196e
	at java.base/jdk.internal.reflect.NativeConstructorAccessorImpl.newInstance0(Native Method)
	at java.base/jdk.internal.reflect.NativeConstructorAccessorImpl.newInstance(NativeConstructorAccessorImpl.java:77)
	at java.base/jdk.internal.reflect.DelegatingConstructorAccessorImpl.newInstance(DelegatingConstructorAccessorImpl.java:45)
	at org.openqa.selenium.remote.http.W3CHttpResponseCodec.createException(W3CHttpResponseCodec.java:187)
	at org.openqa.selenium.remote.http.W3CHttpResponseCodec.decode(W3CHttpResponseCodec.java:122)
	at org.openqa.selenium.remote.http.W3CHttpResponseCodec.decode(W3CHttpResponseCodec.java:49)
	at org.openqa.selenium.remote.HttpCommandExecutor.execute(HttpCommandExecutor.java:158)
	at org.openqa.selenium.remote.service.DriverCommandExecutor.execute(DriverCommandExecutor.java:83)
	at org.openqa.selenium.remote.RemoteWebDriver.execute(RemoteWebDriver.java:552)
	at com.kms.katalon.selenium.driver.CChromeDriver.execute(CChromeDriver.java:19)
	at org.openqa.selenium.remote.RemoteWebElement.execute(RemoteWebElement.java:285)
	at org.openqa.selenium.remote.RemoteWebElement.sendKeys(RemoteWebElement.java:106)
	at jdk.internal.reflect.GeneratedMethodAccessor21.invoke(Unknown Source)
	at java.base/jdk.internal.reflect.DelegatingMethodAccessorImpl.invoke(DelegatingMethodAccessorImpl.java:43)
	at org.openqa.selenium.support.events.EventFiringWebDriver$EventFiringWebElement.lambda$new$0(EventFiringWebDriver.java:404)
	at jdk.proxy2/jdk.proxy2.$Proxy24.sendKeys(Unknown Source)
	at org.openqa.selenium.support.events.EventFiringWebDriver$EventFiringWebElement.sendKeys(EventFiringWebDriver.java:429)
	at com.kms.katalon.core.webui.keyword.builtin.SetTextKeyword$_setText_closure1.doCall(SetTextKeyword.groovy:71)
	at com.kms.katalon.core.webui.keyword.builtin.SetTextKeyword$_setText_closure1.call(SetTextKeyword.groovy)
	at com.kms.katalon.core.webui.keyword.internal.WebUIKeywordMain.runKeyword(WebUIKeywordMain.groovy:35)
	at com.kms.katalon.core.webui.keyword.builtin.SetTextKeyword.setText(SetTextKeyword.groovy:85)
	at com.kms.katalon.core.webui.keyword.builtin.SetTextKeyword.execute(SetTextKeyword.groovy:39)
	at com.kms.katalon.core.keyword.internal.KeywordExecutor.executeKeywordForPlatform(KeywordExecutor.groovy:74)
	at com.kms.katalon.core.webui.keyword.WebUiBuiltInKeywords.setText(WebUiBuiltInKeywords.groovy:1019)
	at Script1727458510317.run(Script1727458510317.groovy:42)
	... 15 more
)

28-01-2025T18:03:12 - [MESSAGE][FAILED] - Unable to set text '1.1' of object 'Object Repository/Specific Cases Repository/LS/Home/Calendar/Calendar_Events/Calendar_Events_Creation/Group/Page_Calendar/input_Loading_select2-search__field' (Root cause: com.kms.katalon.core.exception.StepFailedException: Unable to set text '1.1' of object 'Object Repository/Specific Cases Repository/LS/Home/Calendar/Calendar_Events/Calendar_Events_Creation/Group/Page_Calendar/input_Loading_select2-search__field'
	at com.kms.katalon.core.webui.keyword.internal.WebUIKeywordMain.stepFailed(WebUIKeywordMain.groovy:117)
	at com.kms.katalon.core.webui.keyword.internal.WebUIKeywordMain.runKeyword(WebUIKeywordMain.groovy:43)
	at com.kms.katalon.core.webui.keyword.builtin.SetTextKeyword.setText(SetTextKeyword.groovy:85)
	at com.kms.katalon.core.webui.keyword.builtin.SetTextKeyword.execute(SetTextKeyword.groovy:39)
	at com.kms.katalon.core.keyword.internal.KeywordExecutor.executeKeywordForPlatform(KeywordExecutor.groovy:74)
	at com.kms.katalon.core.webui.keyword.WebUiBuiltInKeywords.setText(WebUiBuiltInKeywords.groovy:1019)
	at Calendar_Groups.run(Calendar_Groups:42)
	at com.kms.katalon.core.main.ScriptEngine.run(ScriptEngine.java:194)
	at com.kms.katalon.core.main.ScriptEngine.runScriptAsRawText(ScriptEngine.java:119)
	at com.kms.katalon.core.main.TestCaseExecutor.runScript(TestCaseExecutor.java:448)
	at com.kms.katalon.core.main.TestCaseExecutor.doExecute(TestCaseExecutor.java:439)
	at com.kms.katalon.core.main.TestCaseExecutor.processExecutionPhase(TestCaseExecutor.java:418)
	at com.kms.katalon.core.main.TestCaseExecutor.accessMainPhase(TestCaseExecutor.java:410)
	at com.kms.katalon.core.main.TestCaseExecutor.execute(TestCaseExecutor.java:285)
	at com.kms.katalon.core.common.CommonExecutor.accessTestCaseMainPhase(CommonExecutor.java:65)
	at com.kms.katalon.core.main.TestSuiteExecutor.accessTestSuiteMainPhase(TestSuiteExecutor.java:150)
	at com.kms.katalon.core.main.TestSuiteExecutor.execute(TestSuiteExecutor.java:106)
	at com.kms.katalon.core.main.TestCaseMain.startTestSuite(TestCaseMain.java:180)
	at TempTestSuite1738104956297.run(TempTestSuite1738104956297.groovy:35)
	at java.base/jdk.internal.reflect.NativeMethodAccessorImpl.invoke0(Native Method)
	at java.base/jdk.internal.reflect.NativeMethodAccessorImpl.invoke(NativeMethodAccessorImpl.java:77)
	at java.base/jdk.internal.reflect.DelegatingMethodAccessorImpl.invoke(DelegatingMethodAccessorImpl.java:43)
Caused by: org.openqa.selenium.ElementNotInteractableException: element not interactable
  (Session info: chrome=131.0.6778.265)
Build info: version: '3.141.59', revision: 'unknown', time: 'unknown'
System info: host: 'ENRIQUE', ip: '192.168.100.166', os.name: 'Windows 11', os.arch: 'amd64', os.version: '10.0', java.version: '17.0.7'
Driver info: com.kms.katalon.selenium.driver.CChromeDriver
Capabilities {acceptInsecureCerts: false, browserName: chrome, browserVersion: 131.0.6778.265, chrome: {chromedriverVersion: 130.0.6723.58 (3a50e012e4c9..., userDataDir: C:\Users\Enrique\AppData\Lo...}, fedcm:accounts: true, goog:chromeOptions: {debuggerAddress: localhost:64734}, javascriptEnabled: true, networkConnectionEnabled: false, pageLoadStrategy: normal, platform: WINDOWS, platformName: WINDOWS, proxy: Proxy(), setWindowRect: true, strictFileInteractability: false, timeouts: {implicit: 0, pageLoad: 300000, script: 30000}, unhandledPromptBehavior: dismiss and notify, webauthn:extension:credBlob: true, webauthn:extension:largeBlob: true, webauthn:extension:minPinLength: true, webauthn:extension:prf: true, webauthn:virtualAuthenticators: true}
Session ID: c1b37e8a31e73088395812146b03196e
	at java.base/jdk.internal.reflect.NativeConstructorAccessorImpl.newInstance0(Native Method)
	at java.base/jdk.internal.reflect.NativeConstructorAccessorImpl.newInstance(NativeConstructorAccessorImpl.java:77)
	at java.base/jdk.internal.reflect.DelegatingConstructorAccessorImpl.newInstance(DelegatingConstructorAccessorImpl.java:45)
	at org.openqa.selenium.remote.http.W3CHttpResponseCodec.createException(W3CHttpResponseCodec.java:187)
	at org.openqa.selenium.remote.http.W3CHttpResponseCodec.decode(W3CHttpResponseCodec.java:122)
	at org.openqa.selenium.remote.http.W3CHttpResponseCodec.decode(W3CHttpResponseCodec.java:49)
	at org.openqa.selenium.remote.HttpCommandExecutor.execute(HttpCommandExecutor.java:158)
	at org.openqa.selenium.remote.service.DriverCommandExecutor.execute(DriverCommandExecutor.java:83)
	at org.openqa.selenium.remote.RemoteWebDriver.execute(RemoteWebDriver.java:552)
	at com.kms.katalon.selenium.driver.CChromeDriver.execute(CChromeDriver.java:19)
	at org.openqa.selenium.remote.RemoteWebElement.execute(RemoteWebElement.java:285)
	at org.openqa.selenium.remote.RemoteWebElement.sendKeys(RemoteWebElement.java:106)
	at jdk.internal.reflect.GeneratedMethodAccessor21.invoke(Unknown Source)
	at java.base/jdk.internal.reflect.DelegatingMethodAccessorImpl.invoke(DelegatingMethodAccessorImpl.java:43)
	at org.openqa.selenium.support.events.EventFiringWebDriver$EventFiringWebElement.lambda$new$0(EventFiringWebDriver.java:404)
	at jdk.proxy2/jdk.proxy2.$Proxy24.sendKeys(Unknown Source)
	at org.openqa.selenium.support.events.EventFiringWebDriver$EventFiringWebElement.sendKeys(EventFiringWebDriver.java:429)
	at com.kms.katalon.core.webui.keyword.builtin.SetTextKeyword$_setText_closure1.doCall(SetTextKeyword.groovy:71)
	at com.kms.katalon.core.webui.keyword.builtin.SetTextKeyword$_setText_closure1.call(SetTextKeyword.groovy)
	at com.kms.katalon.core.webui.keyword.internal.WebUIKeywordMain.runKeyword(WebUIKeywordMain.groovy:35)
	at com.kms.katalon.core.webui.keyword.builtin.SetTextKeyword.setText(SetTextKeyword.groovy:85)
	at com.kms.katalon.core.webui.keyword.builtin.SetTextKeyword.execute(SetTextKeyword.groovy:39)
	at com.kms.katalon.core.keyword.internal.KeywordExecutor.executeKeywordForPlatform(KeywordExecutor.groovy:74)
	at com.kms.katalon.core.webui.keyword.WebUiBuiltInKeywords.setText(WebUiBuiltInKeywords.groovy:1019)
	at Script1727458510317.run(Script1727458510317.groovy:42)
	... 15 more
)
[[ATTACHMENT|C:\\Users\\Enrique\\git\\AUTOMATION_LS\\Reports\\20250128_175555\\LS\\Home\\General\\Calendar\\20250128_175556\\1738105391819.png]]]]></system-out>
         <system-err><![CDATA[28-01-2025T18:02:45 - [TEST_CASE][FAILED] - Test Cases/Specific Cases/LS/General/Calendar/Events_Creation/Present Events Creation/Calendar_Groups: Test Cases/Specific Cases/LS/General/Calendar/Events_Creation/Present Events Creation/Calendar_Groups FAILED.
Reason:
com.kms.katalon.core.exception.StepFailedException: Unable to set text '1.1' of object 'Object Repository/Specific Cases Repository/LS/Home/Calendar/Calendar_Events/Calendar_Events_Creation/Group/Page_Calendar/input_Loading_select2-search__field'
	at com.kms.katalon.core.webui.keyword.internal.WebUIKeywordMain.stepFailed(WebUIKeywordMain.groovy:117)
	at com.kms.katalon.core.webui.keyword.internal.WebUIKeywordMain.runKeyword(WebUIKeywordMain.groovy:43)
	at com.kms.katalon.core.webui.keyword.builtin.SetTextKeyword.setText(SetTextKeyword.groovy:85)
	at com.kms.katalon.core.webui.keyword.builtin.SetTextKeyword.execute(SetTextKeyword.groovy:39)
	at com.kms.katalon.core.keyword.internal.KeywordExecutor.executeKeywordForPlatform(KeywordExecutor.groovy:74)
	at com.kms.katalon.core.webui.keyword.WebUiBuiltInKeywords.setText(WebUiBuiltInKeywords.groovy:1019)
	at Calendar_Groups.run(Calendar_Groups:42)
	at com.kms.katalon.core.main.ScriptEngine.run(ScriptEngine.java:194)
	at com.kms.katalon.core.main.ScriptEngine.runScriptAsRawText(ScriptEngine.java:119)
	at com.kms.katalon.core.main.TestCaseExecutor.runScript(TestCaseExecutor.java:448)
	at com.kms.katalon.core.main.TestCaseExecutor.doExecute(TestCaseExecutor.java:439)
	at com.kms.katalon.core.main.TestCaseExecutor.processExecutionPhase(TestCaseExecutor.java:418)
	at com.kms.katalon.core.main.TestCaseExecutor.accessMainPhase(TestCaseExecutor.java:410)
	at com.kms.katalon.core.main.TestCaseExecutor.execute(TestCaseExecutor.java:285)
	at com.kms.katalon.core.common.CommonExecutor.accessTestCaseMainPhase(CommonExecutor.java:65)
	at com.kms.katalon.core.main.TestSuiteExecutor.accessTestSuiteMainPhase(TestSuiteExecutor.java:150)
	at com.kms.katalon.core.main.TestSuiteExecutor.execute(TestSuiteExecutor.java:106)
	at com.kms.katalon.core.main.TestCaseMain.startTestSuite(TestCaseMain.java:180)
	at TempTestSuite1738104956297.run(TempTestSuite1738104956297.groovy:35)
	at java.base/jdk.internal.reflect.NativeMethodAccessorImpl.invoke0(Native Method)
	at java.base/jdk.internal.reflect.NativeMethodAccessorImpl.invoke(NativeMethodAccessorImpl.java:77)
	at java.base/jdk.internal.reflect.DelegatingMethodAccessorImpl.invoke(DelegatingMethodAccessorImpl.java:43)
Caused by: org.openqa.selenium.ElementNotInteractableException: element not interactable
  (Session info: chrome=131.0.6778.265)
Build info: version: '3.141.59', revision: 'unknown', time: 'unknown'
System info: host: 'ENRIQUE', ip: '192.168.100.166', os.name: 'Windows 11', os.arch: 'amd64', os.version: '10.0', java.version: '17.0.7'
Driver info: com.kms.katalon.selenium.driver.CChromeDriver
Capabilities {acceptInsecureCerts: false, browserName: chrome, browserVersion: 131.0.6778.265, chrome: {chromedriverVersion: 130.0.6723.58 (3a50e012e4c9..., userDataDir: C:\Users\Enrique\AppData\Lo...}, fedcm:accounts: true, goog:chromeOptions: {debuggerAddress: localhost:64734}, javascriptEnabled: true, networkConnectionEnabled: false, pageLoadStrategy: normal, platform: WINDOWS, platformName: WINDOWS, proxy: Proxy(), setWindowRect: true, strictFileInteractability: false, timeouts: {implicit: 0, pageLoad: 300000, script: 30000}, unhandledPromptBehavior: dismiss and notify, webauthn:extension:credBlob: true, webauthn:extension:largeBlob: true, webauthn:extension:minPinLength: true, webauthn:extension:prf: true, webauthn:virtualAuthenticators: true}
Session ID: c1b37e8a31e73088395812146b03196e
	at java.base/jdk.internal.reflect.NativeConstructorAccessorImpl.newInstance0(Native Method)
	at java.base/jdk.internal.reflect.NativeConstructorAccessorImpl.newInstance(NativeConstructorAccessorImpl.java:77)
	at java.base/jdk.internal.reflect.DelegatingConstructorAccessorImpl.newInstance(DelegatingConstructorAccessorImpl.java:45)
	at org.openqa.selenium.remote.http.W3CHttpResponseCodec.createException(W3CHttpResponseCodec.java:187)
	at org.openqa.selenium.remote.http.W3CHttpResponseCodec.decode(W3CHttpResponseCodec.java:122)
	at org.openqa.selenium.remote.http.W3CHttpResponseCodec.decode(W3CHttpResponseCodec.java:49)
	at org.openqa.selenium.remote.HttpCommandExecutor.execute(HttpCommandExecutor.java:158)
	at org.openqa.selenium.remote.service.DriverCommandExecutor.execute(DriverCommandExecutor.java:83)
	at org.openqa.selenium.remote.RemoteWebDriver.execute(RemoteWebDriver.java:552)
	at com.kms.katalon.selenium.driver.CChromeDriver.execute(CChromeDriver.java:19)
	at org.openqa.selenium.remote.RemoteWebElement.execute(RemoteWebElement.java:285)
	at org.openqa.selenium.remote.RemoteWebElement.sendKeys(RemoteWebElement.java:106)
	at jdk.internal.reflect.GeneratedMethodAccessor21.invoke(Unknown Source)
	at java.base/jdk.internal.reflect.DelegatingMethodAccessorImpl.invoke(DelegatingMethodAccessorImpl.java:43)
	at org.openqa.selenium.support.events.EventFiringWebDriver$EventFiringWebElement.lambda$new$0(EventFiringWebDriver.java:404)
	at jdk.proxy2/jdk.proxy2.$Proxy24.sendKeys(Unknown Source)
	at org.openqa.selenium.support.events.EventFiringWebDriver$EventFiringWebElement.sendKeys(EventFiringWebDriver.java:429)
	at com.kms.katalon.core.webui.keyword.builtin.SetTextKeyword$_setText_closure1.doCall(SetTextKeyword.groovy:71)
	at com.kms.katalon.core.webui.keyword.builtin.SetTextKeyword$_setText_closure1.call(SetTextKeyword.groovy)
	at com.kms.katalon.core.webui.keyword.internal.WebUIKeywordMain.runKeyword(WebUIKeywordMain.groovy:35)
	... 20 more]]></system-err>
      </testcase>
      <testcase name="Test Cases/Specific Cases/LS/General/Calendar/Events_Edit/Edit_Appointment" time="86.304" classname="Test Cases/Specific Cases/LS/General/Calendar/Events_Edit/Edit_Appointment" status="PASSED">
         <system-out><![CDATA[28-01-2025T18:03:12 - [TEST_CASE][PASSED] - Test Cases/Specific Cases/LS/General/Calendar/Events_Edit/Edit_Appointment: Test Cases/Specific Cases/LS/General/Calendar/Events_Edit/Edit_Appointment

28-01-2025T18:03:12 - [TEST_STEP][PASSED] - callTestCase(findTestCase("Common Cases/Login"), [:], STOP_ON_FAILURE): Call Test Case 'Test Cases/Common Cases/Login' successfully

28-01-2025T18:03:12 - [TEST_CASE][PASSED] - Test Cases/Common Cases/Login: Test Cases/Common Cases/Login

28-01-2025T18:03:12 - [TEST_STEP][PASSED] - openBrowser(""): Browser is opened with url: ''

28-01-2025T18:03:12 - [MESSAGE][WARNING] - A browser is already opened. Closing browser and opening a new one

28-01-2025T18:03:12 - [MESSAGE][INFO] - Starting 'Chrome' driver

28-01-2025T18:03:12 - [MESSAGE][INFO] - Action delay is set to 0 milliseconds

28-01-2025T18:03:12 - [MESSAGE][PASSED] - Browser is opened with url: ''

28-01-2025T18:03:12 - [TEST_STEP][PASSED] - maximizeWindow(): Current window maximized

28-01-2025T18:03:12 - [MESSAGE][PASSED] - Current window maximized

28-01-2025T18:03:12 - [TEST_STEP][PASSED] - navigateToUrl("https://site17.lsapp.cloud/auth/login"): Navigate to 'https://site17.lsapp.cloud/auth/login' successfully

28-01-2025T18:03:15 - [MESSAGE][PASSED] - Navigate to 'https://site17.lsapp.cloud/auth/login' successfully

28-01-2025T18:03:15 - [TEST_STEP][PASSED] - setText(findTestObject("Object Repository/Common Cases Repository/Login/Page_Lightning Step/input_Email_email"), "automation@lightningstep.com"): Text 'automation@lightningstep.com' is set on object 'Object Repository/Common Cases Repository/Login/Page_Lightning Step/input_Email_email'

28-01-2025T18:03:16 - [MESSAGE][PASSED] - Text 'automation@lightningstep.com' is set on object 'Object Repository/Common Cases Repository/Login/Page_Lightning Step/input_Email_email'

28-01-2025T18:03:16 - [TEST_STEP][PASSED] - setEncryptedText(findTestObject("Object Repository/Common Cases Repository/Login/Page_Lightning Step/input_Password_password"), "e5N8VHmnhJDITtQaQhDQDw=="): Text ****** has been set on object 'Object Repository/Common Cases Repository/Login/Page_Lightning Step/input_Password_password'

28-01-2025T18:03:16 - [MESSAGE][PASSED] - Text ****** has been set on object 'Object Repository/Common Cases Repository/Login/Page_Lightning Step/input_Password_password'

28-01-2025T18:03:16 - [TEST_STEP][PASSED] - click(findTestObject("Object Repository/Common Cases Repository/Login/Page_Lightning Step/button_Sign in")): Object: 'Object Repository/Common Cases Repository/Login/Page_Lightning Step/button_Sign in' is clicked on

28-01-2025T18:03:21 - [MESSAGE][PASSED] - Object: 'Object Repository/Common Cases Repository/Login/Page_Lightning Step/button_Sign in' is clicked on

28-01-2025T18:03:21 - [MESSAGE][PASSED] - Call Test Case 'Test Cases/Common Cases/Login' successfully

28-01-2025T18:03:21 - [TEST_STEP][PASSED] - click(findTestObject("Object Repository/Specific Cases Repository/LS/Home/Calendar/Calendar_Events/Calendar_Events_Creation/Page_Home/a_Calendar")): Object: 'Object Repository/Specific Cases Repository/LS/Home/Calendar/Calendar_Events/Calendar_Events_Creation/Page_Home/a_Calendar' is clicked on

28-01-2025T18:03:27 - [MESSAGE][PASSED] - Object: 'Object Repository/Specific Cases Repository/LS/Home/Calendar/Calendar_Events/Calendar_Events_Creation/Page_Home/a_Calendar' is clicked on

28-01-2025T18:03:27 - [TEST_STEP][PASSED] - scrollToElement(findTestObject("Object Repository/Specific Cases Repository/LS/Home/Calendar/Calendar_Events/Calendar_Events_Creation/Appointment/Page_Calendar/a_Automation Test with A Automation, A Clie_8f5a4c"), 0): Scroll to object 'Object Repository/Specific Cases Repository/LS/Home/Calendar/Calendar_Events/Calendar_Events_Creation/Appointment/Page_Calendar/a_Automation Test with A Automation, A Clie_8f5a4c' successfully

28-01-2025T18:03:27 - [MESSAGE][WARNING] - Timeout '0' is invalid. Using default page load timeout: '30'

28-01-2025T18:03:58 - [MESSAGE][WARNING] - [SELF-HEALING] Failed to find element with id 'Object Repository/Specific Cases Repository/LS/Home/Calendar/Calendar_Events/Calendar_Events_Creation/Appointment/Page_Calendar/a_Automation Test with A Automation, A Clie_8f5a4c'. Try using Self-healing.

28-01-2025T18:03:59 - [MESSAGE][INFO] - Unable to find the element located by 'By.xpath: //a[@class='fc-event fc-event-draggable fc-event-resizable fc-event-start fc-event-end fc-event-today fc-event-future fc-timegrid-event fc-v-event']'. Please recheck the objects properties to make sure the desired element is located. 

28-01-2025T18:03:59 - [MESSAGE][INFO] - [SELF-HEALING] Working Locator: '//a[@class='fc-event fc-event-draggable fc-event-resizable fc-event-start fc-event-end fc-event-past fc-event-today fc-timegrid-event fc-v-event']'.

28-01-2025T18:03:59 - [MESSAGE][INFO] - [SELF-HEALING] Screenshot: C:/Users/Enrique/git/AUTOMATION_LS/Reports/Self-healing/Object Repository/Specific Cases Repository/LS/Home/Calendar/Calendar_Events/Calendar_Events_Creation/Appointment/Page_Calendar/a_Automation Test with A Automation, A Clie_8f5a4c_idRelative.png

28-01-2025T18:03:59 - [MESSAGE][WARNING] - [SELF-HEALING] The current locator of test object 'Object Repository/Specific Cases Repository/LS/Home/Calendar/Calendar_Events/Calendar_Events_Creation/Appointment/Page_Calendar/a_Automation Test with A Automation, A Clie_8f5a4c' was broken. Propose an alternative one: '//a[@class='fc-event fc-event-draggable fc-event-resizable fc-event-start fc-event-end fc-event-past fc-event-today fc-timegrid-event fc-v-event']'.

28-01-2025T18:03:59 - [MESSAGE][PASSED] - Scroll to object 'Object Repository/Specific Cases Repository/LS/Home/Calendar/Calendar_Events/Calendar_Events_Creation/Appointment/Page_Calendar/a_Automation Test with A Automation, A Clie_8f5a4c' successfully

28-01-2025T18:03:59 - [TEST_STEP][PASSED] - click(findTestObject("Object Repository/Specific Cases Repository/LS/Home/Calendar/Calendar_Events/Calendar_Events_Creation/Appointment/Page_Calendar/a_Automation Test with A Automation, A Clie_8f5a4c")): Object: 'Object Repository/Specific Cases Repository/LS/Home/Calendar/Calendar_Events/Calendar_Events_Creation/Appointment/Page_Calendar/a_Automation Test with A Automation, A Clie_8f5a4c' is clicked on

28-01-2025T18:04:30 - [MESSAGE][WARNING] - [SELF-HEALING] Failed to find element with id 'Object Repository/Specific Cases Repository/LS/Home/Calendar/Calendar_Events/Calendar_Events_Creation/Appointment/Page_Calendar/a_Automation Test with A Automation, A Clie_8f5a4c'. Try using Self-healing.

28-01-2025T18:04:31 - [MESSAGE][WARNING] - [SELF-HEALING] The current locator of test object 'Object Repository/Specific Cases Repository/LS/Home/Calendar/Calendar_Events/Calendar_Events_Creation/Appointment/Page_Calendar/a_Automation Test with A Automation, A Clie_8f5a4c' was broken. Propose an alternative one: '//a[@class='fc-event fc-event-draggable fc-event-resizable fc-event-start fc-event-end fc-event-past fc-event-today fc-timegrid-event fc-v-event']'.

28-01-2025T18:04:31 - [MESSAGE][PASSED] - Object: 'Object Repository/Specific Cases Repository/LS/Home/Calendar/Calendar_Events/Calendar_Events_Creation/Appointment/Page_Calendar/a_Automation Test with A Automation, A Clie_8f5a4c' is clicked on

28-01-2025T18:04:31 - [TEST_STEP][PASSED] - click(findTestObject("Specific Cases Repository/LS/Home/Calendar/Calendar_Events/Calendar_Events_Creation/Appointment/Page_Calendar/Start Time Clock - Edit")): Object: 'Object Repository/Specific Cases Repository/LS/Home/Calendar/Calendar_Events/Calendar_Events_Creation/Appointment/Page_Calendar/Start Time Clock - Edit' is clicked on

28-01-2025T18:04:33 - [MESSAGE][PASSED] - Object: 'Object Repository/Specific Cases Repository/LS/Home/Calendar/Calendar_Events/Calendar_Events_Creation/Appointment/Page_Calendar/Start Time Clock - Edit' is clicked on

28-01-2025T18:04:33 - [TEST_STEP][PASSED] - setText(findTestObject("Specific Cases Repository/LS/Home/Calendar/Calendar_Events/Calendar_Events_Creation/Appointment/Page_Calendar/Start Time Clock - Edit"), "10"): Text '10' is set on object 'Object Repository/Specific Cases Repository/LS/Home/Calendar/Calendar_Events/Calendar_Events_Creation/Appointment/Page_Calendar/Start Time Clock - Edit'

28-01-2025T18:04:33 - [MESSAGE][PASSED] - Text '10' is set on object 'Object Repository/Specific Cases Repository/LS/Home/Calendar/Calendar_Events/Calendar_Events_Creation/Appointment/Page_Calendar/Start Time Clock - Edit'

28-01-2025T18:04:33 - [TEST_STEP][PASSED] - setText(findTestObject("Specific Cases Repository/LS/Home/Calendar/Calendar_Events/Calendar_Events_Creation/Appointment/Page_Calendar/Start Time Clock - Edit"), "00"): Text '00' is set on object 'Object Repository/Specific Cases Repository/LS/Home/Calendar/Calendar_Events/Calendar_Events_Creation/Appointment/Page_Calendar/Start Time Clock - Edit'

28-01-2025T18:04:34 - [MESSAGE][PASSED] - Text '00' is set on object 'Object Repository/Specific Cases Repository/LS/Home/Calendar/Calendar_Events/Calendar_Events_Creation/Appointment/Page_Calendar/Start Time Clock - Edit'

28-01-2025T18:04:34 - [TEST_STEP][PASSED] - setText(findTestObject("Specific Cases Repository/LS/Home/Calendar/Calendar_Events/Calendar_Events_Creation/Appointment/Page_Calendar/Start Time Clock - Edit"), "AM"): Text 'AM' is set on object 'Object Repository/Specific Cases Repository/LS/Home/Calendar/Calendar_Events/Calendar_Events_Creation/Appointment/Page_Calendar/Start Time Clock - Edit'

28-01-2025T18:04:35 - [MESSAGE][PASSED] - Text 'AM' is set on object 'Object Repository/Specific Cases Repository/LS/Home/Calendar/Calendar_Events/Calendar_Events_Creation/Appointment/Page_Calendar/Start Time Clock - Edit'

28-01-2025T18:04:35 - [TEST_STEP][PASSED] - waitForPageLoad(30): Wait for page load successfully

28-01-2025T18:04:35 - [MESSAGE][PASSED] - Wait for page load successfully

28-01-2025T18:04:35 - [TEST_STEP][PASSED] - scrollToElement(findTestObject("Specific Cases Repository/LS/Home/Calendar/Calendar_Events/Calendar_Events_Creation/Appointment/Page_Calendar/a_Save Revision"), 0): Scroll to object 'Object Repository/Specific Cases Repository/LS/Home/Calendar/Calendar_Events/Calendar_Events_Creation/Appointment/Page_Calendar/a_Save Revision' successfully

28-01-2025T18:04:35 - [MESSAGE][WARNING] - Timeout '0' is invalid. Using default page load timeout: '30'

28-01-2025T18:04:35 - [MESSAGE][PASSED] - Scroll to object 'Object Repository/Specific Cases Repository/LS/Home/Calendar/Calendar_Events/Calendar_Events_Creation/Appointment/Page_Calendar/a_Save Revision' successfully

28-01-2025T18:04:35 - [TEST_STEP][PASSED] - click(findTestObject("Object Repository/Specific Cases Repository/LS/Home/Calendar/Calendar_Events/Calendar_Events_Creation/Appointment/Page_Calendar/a_Save Revision")): Object: 'Object Repository/Specific Cases Repository/LS/Home/Calendar/Calendar_Events/Calendar_Events_Creation/Appointment/Page_Calendar/a_Save Revision' is clicked on

28-01-2025T18:04:36 - [MESSAGE][PASSED] - Object: 'Object Repository/Specific Cases Repository/LS/Home/Calendar/Calendar_Events/Calendar_Events_Creation/Appointment/Page_Calendar/a_Save Revision' is clicked on

28-01-2025T18:04:36 - [TEST_STEP][PASSED] - mouseOver(findTestObject("Object Repository/Specific Cases Repository/LS/Home/Calendar/Calendar_Events/Calendar_Events_Creation/Appointment/Page_Calendar/a_Automation Test with A Automation, A Clie_8f5a4c_ - Edit")): Object: 'Object Repository/Specific Cases Repository/LS/Home/Calendar/Calendar_Events/Calendar_Events_Creation/Appointment/Page_Calendar/a_Automation Test with A Automation, A Clie_8f5a4c_ - Edit' is hovered

28-01-2025T18:04:37 - [MESSAGE][PASSED] - Object: 'Object Repository/Specific Cases Repository/LS/Home/Calendar/Calendar_Events/Calendar_Events_Creation/Appointment/Page_Calendar/a_Automation Test with A Automation, A Clie_8f5a4c_ - Edit' is hovered

28-01-2025T18:04:37 - [TEST_STEP][PASSED] - verifyElementText(findTestObject("Object Repository/Specific Cases Repository/LS/Home/Calendar/Calendar_Events/Calendar_Events_Creation/Appointment/Page_Calendar/span_10 - 1030 AM_1"), "10 - 10:30 AM"): Actual text and expected text of test object 'Object Repository/Specific Cases Repository/LS/Home/Calendar/Calendar_Events/Calendar_Events_Creation/Appointment/Page_Calendar/span_10 - 1030 AM_1' are matched.

28-01-2025T18:04:38 - [MESSAGE][PASSED] - Actual text and expected text of test object 'Object Repository/Specific Cases Repository/LS/Home/Calendar/Calendar_Events/Calendar_Events_Creation/Appointment/Page_Calendar/span_10 - 1030 AM_1' are matched.

28-01-2025T18:04:38 - [TEST_STEP][PASSED] - closeBrowser(): Browser is closed

28-01-2025T18:04:38 - [MESSAGE][PASSED] - Browser is closed]]></system-out>
         <system-err><![CDATA[]]></system-err>
      </testcase>
      <testcase name="Test Cases/Specific Cases/LS/General/Calendar/Events_Edit/Edit_Block" time="21.119" classname="Test Cases/Specific Cases/LS/General/Calendar/Events_Edit/Edit_Block" status="PASSED">
         <system-out><![CDATA[28-01-2025T18:04:38 - [TEST_CASE][PASSED] - Test Cases/Specific Cases/LS/General/Calendar/Events_Edit/Edit_Block: Test Cases/Specific Cases/LS/General/Calendar/Events_Edit/Edit_Block

28-01-2025T18:04:38 - [TEST_STEP][PASSED] - callTestCase(findTestCase("Common Cases/Login"), [:], STOP_ON_FAILURE): Call Test Case 'Test Cases/Common Cases/Login' successfully

28-01-2025T18:04:38 - [TEST_CASE][PASSED] - Test Cases/Common Cases/Login: Test Cases/Common Cases/Login

28-01-2025T18:04:38 - [TEST_STEP][PASSED] - openBrowser(""): Browser is opened with url: ''

28-01-2025T18:04:38 - [MESSAGE][INFO] - Starting 'Chrome' driver

28-01-2025T18:04:38 - [MESSAGE][INFO] - Action delay is set to 0 milliseconds

28-01-2025T18:04:39 - [MESSAGE][PASSED] - Browser is opened with url: ''

28-01-2025T18:04:39 - [TEST_STEP][PASSED] - maximizeWindow(): Current window maximized

28-01-2025T18:04:39 - [MESSAGE][PASSED] - Current window maximized

28-01-2025T18:04:39 - [TEST_STEP][PASSED] - navigateToUrl("https://site17.lsapp.cloud/auth/login"): Navigate to 'https://site17.lsapp.cloud/auth/login' successfully

28-01-2025T18:04:41 - [MESSAGE][PASSED] - Navigate to 'https://site17.lsapp.cloud/auth/login' successfully

28-01-2025T18:04:41 - [TEST_STEP][PASSED] - setText(findTestObject("Object Repository/Common Cases Repository/Login/Page_Lightning Step/input_Email_email"), "automation@lightningstep.com"): Text 'automation@lightningstep.com' is set on object 'Object Repository/Common Cases Repository/Login/Page_Lightning Step/input_Email_email'

28-01-2025T18:04:42 - [MESSAGE][PASSED] - Text 'automation@lightningstep.com' is set on object 'Object Repository/Common Cases Repository/Login/Page_Lightning Step/input_Email_email'

28-01-2025T18:04:42 - [TEST_STEP][PASSED] - setEncryptedText(findTestObject("Object Repository/Common Cases Repository/Login/Page_Lightning Step/input_Password_password"), "e5N8VHmnhJDITtQaQhDQDw=="): Text ****** has been set on object 'Object Repository/Common Cases Repository/Login/Page_Lightning Step/input_Password_password'

28-01-2025T18:04:43 - [MESSAGE][PASSED] - Text ****** has been set on object 'Object Repository/Common Cases Repository/Login/Page_Lightning Step/input_Password_password'

28-01-2025T18:04:43 - [TEST_STEP][PASSED] - click(findTestObject("Object Repository/Common Cases Repository/Login/Page_Lightning Step/button_Sign in")): Object: 'Object Repository/Common Cases Repository/Login/Page_Lightning Step/button_Sign in' is clicked on

28-01-2025T18:04:47 - [MESSAGE][PASSED] - Object: 'Object Repository/Common Cases Repository/Login/Page_Lightning Step/button_Sign in' is clicked on

28-01-2025T18:04:47 - [MESSAGE][PASSED] - Call Test Case 'Test Cases/Common Cases/Login' successfully

28-01-2025T18:04:47 - [TEST_STEP][PASSED] - click(findTestObject("Object Repository/Specific Cases Repository/LS/Home/Calendar/Calendar_Events/Calendar_Events_Creation/Block/Page_Home/a_Calendar")): Object: 'Object Repository/Specific Cases Repository/LS/Home/Calendar/Calendar_Events/Calendar_Events_Creation/Block/Page_Home/a_Calendar' is clicked on

28-01-2025T18:04:51 - [MESSAGE][PASSED] - Object: 'Object Repository/Specific Cases Repository/LS/Home/Calendar/Calendar_Events/Calendar_Events_Creation/Block/Page_Home/a_Calendar' is clicked on

28-01-2025T18:04:51 - [TEST_STEP][PASSED] - click(findTestObject("Object Repository/Specific Cases Repository/LS/Home/Calendar/Calendar_Events/Calendar_Events_Creation/Block/Page_Calendar/a_Blocked for Automation Block")): Object: 'Object Repository/Specific Cases Repository/LS/Home/Calendar/Calendar_Events/Calendar_Events_Creation/Block/Page_Calendar/a_Blocked for Automation Block' is clicked on

28-01-2025T18:04:52 - [MESSAGE][PASSED] - Object: 'Object Repository/Specific Cases Repository/LS/Home/Calendar/Calendar_Events/Calendar_Events_Creation/Block/Page_Calendar/a_Blocked for Automation Block' is clicked on

28-01-2025T18:04:52 - [TEST_STEP][PASSED] - click(findTestObject("Specific Cases Repository/LS/Home/Calendar/Calendar_Events/Calendar_Events_Creation/Appointment/Page_Calendar/Start Time Clock - Edit")): Object: 'Object Repository/Specific Cases Repository/LS/Home/Calendar/Calendar_Events/Calendar_Events_Creation/Appointment/Page_Calendar/Start Time Clock - Edit' is clicked on

28-01-2025T18:04:54 - [MESSAGE][PASSED] - Object: 'Object Repository/Specific Cases Repository/LS/Home/Calendar/Calendar_Events/Calendar_Events_Creation/Appointment/Page_Calendar/Start Time Clock - Edit' is clicked on

28-01-2025T18:04:54 - [TEST_STEP][PASSED] - setText(findTestObject("Specific Cases Repository/LS/Home/Calendar/Calendar_Events/Calendar_Events_Creation/Appointment/Page_Calendar/Start Time Clock - Edit"), "09"): Text '09' is set on object 'Object Repository/Specific Cases Repository/LS/Home/Calendar/Calendar_Events/Calendar_Events_Creation/Appointment/Page_Calendar/Start Time Clock - Edit'

28-01-2025T18:04:54 - [MESSAGE][PASSED] - Text '09' is set on object 'Object Repository/Specific Cases Repository/LS/Home/Calendar/Calendar_Events/Calendar_Events_Creation/Appointment/Page_Calendar/Start Time Clock - Edit'

28-01-2025T18:04:54 - [TEST_STEP][PASSED] - setText(findTestObject("Specific Cases Repository/LS/Home/Calendar/Calendar_Events/Calendar_Events_Creation/Appointment/Page_Calendar/Start Time Clock - Edit"), "30"): Text '30' is set on object 'Object Repository/Specific Cases Repository/LS/Home/Calendar/Calendar_Events/Calendar_Events_Creation/Appointment/Page_Calendar/Start Time Clock - Edit'

28-01-2025T18:04:55 - [MESSAGE][PASSED] - Text '30' is set on object 'Object Repository/Specific Cases Repository/LS/Home/Calendar/Calendar_Events/Calendar_Events_Creation/Appointment/Page_Calendar/Start Time Clock - Edit'

28-01-2025T18:04:55 - [TEST_STEP][PASSED] - setText(findTestObject("Specific Cases Repository/LS/Home/Calendar/Calendar_Events/Calendar_Events_Creation/Appointment/Page_Calendar/Start Time Clock - Edit"), "AM"): Text 'AM' is set on object 'Object Repository/Specific Cases Repository/LS/Home/Calendar/Calendar_Events/Calendar_Events_Creation/Appointment/Page_Calendar/Start Time Clock - Edit'

28-01-2025T18:04:56 - [MESSAGE][PASSED] - Text 'AM' is set on object 'Object Repository/Specific Cases Repository/LS/Home/Calendar/Calendar_Events/Calendar_Events_Creation/Appointment/Page_Calendar/Start Time Clock - Edit'

28-01-2025T18:04:56 - [TEST_STEP][PASSED] - click(findTestObject("Object Repository/Specific Cases Repository/LS/Home/Calendar/Calendar_Events/Calendar_Events_Creation/Block/Page_Calendar/a_Save Revision")): Object: 'Object Repository/Specific Cases Repository/LS/Home/Calendar/Calendar_Events/Calendar_Events_Creation/Block/Page_Calendar/a_Save Revision' is clicked on

28-01-2025T18:04:56 - [MESSAGE][PASSED] - Object: 'Object Repository/Specific Cases Repository/LS/Home/Calendar/Calendar_Events/Calendar_Events_Creation/Block/Page_Calendar/a_Save Revision' is clicked on

28-01-2025T18:04:56 - [TEST_STEP][PASSED] - delay(2): Delayed 2 second(s)

28-01-2025T18:04:58 - [MESSAGE][PASSED] - Delayed 2 second(s)

28-01-2025T18:04:58 - [TEST_STEP][PASSED] - scrollToElement(findTestObject("Specific Cases Repository/LS/Home/Calendar/Calendar_Events/Calendar_Events_Creation/Block/Page_Calendar/a_Blocked for Automation Block - Edit"), 0): Scroll to object 'Object Repository/Specific Cases Repository/LS/Home/Calendar/Calendar_Events/Calendar_Events_Creation/Block/Page_Calendar/a_Blocked for Automation Block - Edit' successfully

28-01-2025T18:04:58 - [MESSAGE][WARNING] - Timeout '0' is invalid. Using default page load timeout: '30'

28-01-2025T18:04:58 - [MESSAGE][PASSED] - Scroll to object 'Object Repository/Specific Cases Repository/LS/Home/Calendar/Calendar_Events/Calendar_Events_Creation/Block/Page_Calendar/a_Blocked for Automation Block - Edit' successfully

28-01-2025T18:04:58 - [TEST_STEP][PASSED] - mouseOver(findTestObject("Specific Cases Repository/LS/Home/Calendar/Calendar_Events/Calendar_Events_Creation/Block/Page_Calendar/a_Blocked for Automation Block - Edit")): Object: 'Object Repository/Specific Cases Repository/LS/Home/Calendar/Calendar_Events/Calendar_Events_Creation/Block/Page_Calendar/a_Blocked for Automation Block - Edit' is hovered

28-01-2025T18:04:59 - [MESSAGE][PASSED] - Object: 'Object Repository/Specific Cases Repository/LS/Home/Calendar/Calendar_Events/Calendar_Events_Creation/Block/Page_Calendar/a_Blocked for Automation Block - Edit' is hovered

28-01-2025T18:04:59 - [TEST_STEP][PASSED] - closeBrowser(): Browser is closed

28-01-2025T18:04:59 - [MESSAGE][PASSED] - Browser is closed]]></system-out>
         <system-err><![CDATA[]]></system-err>
      </testcase>
      <testcase name="Test Cases/Specific Cases/LS/General/Calendar/Events_Edit/Edit_Event" time="43.852" classname="Test Cases/Specific Cases/LS/General/Calendar/Events_Edit/Edit_Event" status="PASSED">
         <system-out><![CDATA[28-01-2025T18:04:59 - [TEST_CASE][PASSED] - Test Cases/Specific Cases/LS/General/Calendar/Events_Edit/Edit_Event: Test Cases/Specific Cases/LS/General/Calendar/Events_Edit/Edit_Event

28-01-2025T18:04:59 - [TEST_STEP][PASSED] - callTestCase(findTestCase("Common Cases/Login"), [:], STOP_ON_FAILURE): Call Test Case 'Test Cases/Common Cases/Login' successfully

28-01-2025T18:04:59 - [TEST_CASE][PASSED] - Test Cases/Common Cases/Login: Test Cases/Common Cases/Login

28-01-2025T18:04:59 - [TEST_STEP][PASSED] - openBrowser(""): Browser is opened with url: ''

28-01-2025T18:04:59 - [MESSAGE][INFO] - Starting 'Chrome' driver

28-01-2025T18:04:59 - [MESSAGE][INFO] - Action delay is set to 0 milliseconds

28-01-2025T18:05:00 - [MESSAGE][PASSED] - Browser is opened with url: ''

28-01-2025T18:05:00 - [TEST_STEP][PASSED] - maximizeWindow(): Current window maximized

28-01-2025T18:05:00 - [MESSAGE][PASSED] - Current window maximized

28-01-2025T18:05:00 - [TEST_STEP][PASSED] - navigateToUrl("https://site17.lsapp.cloud/auth/login"): Navigate to 'https://site17.lsapp.cloud/auth/login' successfully

28-01-2025T18:05:04 - [MESSAGE][PASSED] - Navigate to 'https://site17.lsapp.cloud/auth/login' successfully

28-01-2025T18:05:04 - [TEST_STEP][PASSED] - setText(findTestObject("Object Repository/Common Cases Repository/Login/Page_Lightning Step/input_Email_email"), "automation@lightningstep.com"): Text 'automation@lightningstep.com' is set on object 'Object Repository/Common Cases Repository/Login/Page_Lightning Step/input_Email_email'

28-01-2025T18:05:04 - [MESSAGE][PASSED] - Text 'automation@lightningstep.com' is set on object 'Object Repository/Common Cases Repository/Login/Page_Lightning Step/input_Email_email'

28-01-2025T18:05:04 - [TEST_STEP][PASSED] - setEncryptedText(findTestObject("Object Repository/Common Cases Repository/Login/Page_Lightning Step/input_Password_password"), "e5N8VHmnhJDITtQaQhDQDw=="): Text ****** has been set on object 'Object Repository/Common Cases Repository/Login/Page_Lightning Step/input_Password_password'

28-01-2025T18:05:05 - [MESSAGE][PASSED] - Text ****** has been set on object 'Object Repository/Common Cases Repository/Login/Page_Lightning Step/input_Password_password'

28-01-2025T18:05:05 - [TEST_STEP][PASSED] - click(findTestObject("Object Repository/Common Cases Repository/Login/Page_Lightning Step/button_Sign in")): Object: 'Object Repository/Common Cases Repository/Login/Page_Lightning Step/button_Sign in' is clicked on

28-01-2025T18:05:26 - [MESSAGE][PASSED] - Object: 'Object Repository/Common Cases Repository/Login/Page_Lightning Step/button_Sign in' is clicked on

28-01-2025T18:05:26 - [MESSAGE][PASSED] - Call Test Case 'Test Cases/Common Cases/Login' successfully

28-01-2025T18:05:26 - [TEST_STEP][PASSED] - click(findTestObject("Object Repository/Specific Cases Repository/LS/Home/Calendar/Calendar_Events/Calendar_Events_Creation/Event/Page_Home/a_Calendar")): Object: 'Object Repository/Specific Cases Repository/LS/Home/Calendar/Calendar_Events/Calendar_Events_Creation/Event/Page_Home/a_Calendar' is clicked on

28-01-2025T18:05:35 - [MESSAGE][PASSED] - Object: 'Object Repository/Specific Cases Repository/LS/Home/Calendar/Calendar_Events/Calendar_Events_Creation/Event/Page_Home/a_Calendar' is clicked on

28-01-2025T18:05:35 - [TEST_STEP][PASSED] - click(findTestObject("Object Repository/Specific Cases Repository/LS/Home/Calendar/Calendar_Events/Calendar_Events_Creation/Event/Page_Calendar/Page_Calendar/div_Week")): Object: 'Object Repository/Specific Cases Repository/LS/Home/Calendar/Calendar_Events/Calendar_Events_Creation/Event/Page_Calendar/Page_Calendar/div_Week' is clicked on

28-01-2025T18:05:36 - [MESSAGE][PASSED] - Object: 'Object Repository/Specific Cases Repository/LS/Home/Calendar/Calendar_Events/Calendar_Events_Creation/Event/Page_Calendar/Page_Calendar/div_Week' is clicked on

28-01-2025T18:05:36 - [TEST_STEP][PASSED] - click(findTestObject("Object Repository/Specific Cases Repository/LS/Home/Calendar/Calendar_Events/Calendar_Events_Creation/Event/Page_Calendar/a_Automation Event")): Object: 'Object Repository/Specific Cases Repository/LS/Home/Calendar/Calendar_Events/Calendar_Events_Creation/Event/Page_Calendar/a_Automation Event' is clicked on

28-01-2025T18:05:36 - [MESSAGE][PASSED] - Object: 'Object Repository/Specific Cases Repository/LS/Home/Calendar/Calendar_Events/Calendar_Events_Creation/Event/Page_Calendar/a_Automation Event' is clicked on

28-01-2025T18:05:36 - [TEST_STEP][PASSED] - click(findTestObject("Object Repository/Specific Cases Repository/LS/Home/Calendar/Calendar_Events/Calendar_Events_Creation/Event/Page_Calendar/Page_Calendar/Start Time Clock - Edit")): Object: 'Object Repository/Specific Cases Repository/LS/Home/Calendar/Calendar_Events/Calendar_Events_Creation/Event/Page_Calendar/Page_Calendar/Start Time Clock - Edit' is clicked on

28-01-2025T18:05:37 - [MESSAGE][PASSED] - Object: 'Object Repository/Specific Cases Repository/LS/Home/Calendar/Calendar_Events/Calendar_Events_Creation/Event/Page_Calendar/Page_Calendar/Start Time Clock - Edit' is clicked on

28-01-2025T18:05:37 - [TEST_STEP][PASSED] - setText(findTestObject("Object Repository/Specific Cases Repository/LS/Home/Calendar/Calendar_Events/Calendar_Events_Creation/Event/Page_Calendar/Page_Calendar/Start Time Clock - Edit"), "08"): Text '08' is set on object 'Object Repository/Specific Cases Repository/LS/Home/Calendar/Calendar_Events/Calendar_Events_Creation/Event/Page_Calendar/Page_Calendar/Start Time Clock - Edit'

28-01-2025T18:05:38 - [MESSAGE][PASSED] - Text '08' is set on object 'Object Repository/Specific Cases Repository/LS/Home/Calendar/Calendar_Events/Calendar_Events_Creation/Event/Page_Calendar/Page_Calendar/Start Time Clock - Edit'

28-01-2025T18:05:38 - [TEST_STEP][PASSED] - setText(findTestObject("Object Repository/Specific Cases Repository/LS/Home/Calendar/Calendar_Events/Calendar_Events_Creation/Event/Page_Calendar/Page_Calendar/Start Time Clock - Edit"), "30"): Text '30' is set on object 'Object Repository/Specific Cases Repository/LS/Home/Calendar/Calendar_Events/Calendar_Events_Creation/Event/Page_Calendar/Page_Calendar/Start Time Clock - Edit'

28-01-2025T18:05:39 - [MESSAGE][PASSED] - Text '30' is set on object 'Object Repository/Specific Cases Repository/LS/Home/Calendar/Calendar_Events/Calendar_Events_Creation/Event/Page_Calendar/Page_Calendar/Start Time Clock - Edit'

28-01-2025T18:05:39 - [TEST_STEP][PASSED] - setText(findTestObject("Object Repository/Specific Cases Repository/LS/Home/Calendar/Calendar_Events/Calendar_Events_Creation/Event/Page_Calendar/Page_Calendar/Start Time Clock - Edit"), "AM"): Text 'AM' is set on object 'Object Repository/Specific Cases Repository/LS/Home/Calendar/Calendar_Events/Calendar_Events_Creation/Event/Page_Calendar/Page_Calendar/Start Time Clock - Edit'

28-01-2025T18:05:39 - [MESSAGE][PASSED] - Text 'AM' is set on object 'Object Repository/Specific Cases Repository/LS/Home/Calendar/Calendar_Events/Calendar_Events_Creation/Event/Page_Calendar/Page_Calendar/Start Time Clock - Edit'

28-01-2025T18:05:39 - [TEST_STEP][PASSED] - scrollToElement(findTestObject("Object Repository/Specific Cases Repository/LS/Home/Calendar/Calendar_Events/Calendar_Events_Creation/Event/Page_Calendar/Page_Calendar/a_Save Revision"), 0): Scroll to object 'Object Repository/Specific Cases Repository/LS/Home/Calendar/Calendar_Events/Calendar_Events_Creation/Event/Page_Calendar/Page_Calendar/a_Save Revision' successfully

28-01-2025T18:05:39 - [MESSAGE][WARNING] - Timeout '0' is invalid. Using default page load timeout: '30'

28-01-2025T18:05:39 - [MESSAGE][PASSED] - Scroll to object 'Object Repository/Specific Cases Repository/LS/Home/Calendar/Calendar_Events/Calendar_Events_Creation/Event/Page_Calendar/Page_Calendar/a_Save Revision' successfully

28-01-2025T18:05:39 - [TEST_STEP][PASSED] - click(findTestObject("Object Repository/Specific Cases Repository/LS/Home/Calendar/Calendar_Events/Calendar_Events_Creation/Event/Page_Calendar/Page_Calendar/a_Save Revision")): Object: 'Object Repository/Specific Cases Repository/LS/Home/Calendar/Calendar_Events/Calendar_Events_Creation/Event/Page_Calendar/Page_Calendar/a_Save Revision' is clicked on

28-01-2025T18:05:40 - [MESSAGE][PASSED] - Object: 'Object Repository/Specific Cases Repository/LS/Home/Calendar/Calendar_Events/Calendar_Events_Creation/Event/Page_Calendar/Page_Calendar/a_Save Revision' is clicked on

28-01-2025T18:05:40 - [TEST_STEP][PASSED] - mouseOver(findTestObject("Object Repository/Specific Cases Repository/LS/Home/Calendar/Calendar_Events/Calendar_Events_Creation/Event/Page_Calendar/a_Automation Event - Edit")): Object: 'Object Repository/Specific Cases Repository/LS/Home/Calendar/Calendar_Events/Calendar_Events_Creation/Event/Page_Calendar/a_Automation Event - Edit' is hovered

28-01-2025T18:05:42 - [MESSAGE][PASSED] - Object: 'Object Repository/Specific Cases Repository/LS/Home/Calendar/Calendar_Events/Calendar_Events_Creation/Event/Page_Calendar/a_Automation Event - Edit' is hovered

28-01-2025T18:05:42 - [TEST_STEP][PASSED] - verifyElementText(findTestObject("Object Repository/Specific Cases Repository/LS/Home/Calendar/Calendar_Events/Calendar_Events_Creation/Event/Page_Calendar/Page_Calendar/span_Automation Event_1"), "Automation Event"): Actual text and expected text of test object 'Object Repository/Specific Cases Repository/LS/Home/Calendar/Calendar_Events/Calendar_Events_Creation/Event/Page_Calendar/Page_Calendar/span_Automation Event_1' are matched.

28-01-2025T18:05:42 - [MESSAGE][PASSED] - Actual text and expected text of test object 'Object Repository/Specific Cases Repository/LS/Home/Calendar/Calendar_Events/Calendar_Events_Creation/Event/Page_Calendar/Page_Calendar/span_Automation Event_1' are matched.

28-01-2025T18:05:42 - [TEST_STEP][PASSED] - verifyElementText(findTestObject("Object Repository/Specific Cases Repository/LS/Home/Calendar/Calendar_Events/Calendar_Events_Creation/Event/Page_Calendar/Page_Calendar/span_830 - 9 AM_1"), "8:30 - 9 AM"): Actual text and expected text of test object 'Object Repository/Specific Cases Repository/LS/Home/Calendar/Calendar_Events/Calendar_Events_Creation/Event/Page_Calendar/Page_Calendar/span_830 - 9 AM_1' are matched.

28-01-2025T18:05:43 - [MESSAGE][PASSED] - Actual text and expected text of test object 'Object Repository/Specific Cases Repository/LS/Home/Calendar/Calendar_Events/Calendar_Events_Creation/Event/Page_Calendar/Page_Calendar/span_830 - 9 AM_1' are matched.

28-01-2025T18:05:43 - [TEST_STEP][PASSED] - closeBrowser(): Browser is closed

28-01-2025T18:05:43 - [MESSAGE][PASSED] - Browser is closed]]></system-out>
         <system-err><![CDATA[]]></system-err>
      </testcase>
      <system-out><![CDATA[28-01-2025T17:56:11 - [TEST_SUITE][FAILED] - Calendar: Test Cases/Specific Cases/LS/General/Calendar/Events_Creation/Future Events Creation/Future_Calendar_Appointment FAILED.
Reason:
com.kms.katalon.core.exception.StepFailedException: Unable to set text 'B' of object 'Object Repository/Specific Cases Repository/LS/Home/Calendar/Calendar_Events/Calendar_Events_Creation/Appointment/Page_Calendar/Patien Name'
	at com.kms.katalon.core.webui.keyword.internal.WebUIKeywordMain.stepFailed(WebUIKeywordMain.groovy:117)
	at com.kms.katalon.core.webui.keyword.internal.WebUIKeywordMain.runKeyword(WebUIKeywordMain.groovy:43)
	at com.kms.katalon.core.webui.keyword.builtin.SetTextKeyword.setText(SetTextKeyword.groovy:85)
	at com.kms.katalon.core.webui.keyword.builtin.SetTextKeyword.execute(SetTextKeyword.groovy:39)
	at com.kms.katalon.core.keyword.internal.KeywordExecutor.executeKeywordForPlatform(KeywordExecutor.groovy:74)
	at com.kms.katalon.core.webui.keyword.WebUiBuiltInKeywords.setText(WebUiBuiltInKeywords.groovy:1019)
	at Future_Calendar_Appointment.run(Future_Calendar_Appointment:45)
	at com.kms.katalon.core.main.ScriptEngine.run(ScriptEngine.java:194)
	at com.kms.katalon.core.main.ScriptEngine.runScriptAsRawText(ScriptEngine.java:119)
	at com.kms.katalon.core.main.TestCaseExecutor.runScript(TestCaseExecutor.java:448)
	at com.kms.katalon.core.main.TestCaseExecutor.doExecute(TestCaseExecutor.java:439)
	at com.kms.katalon.core.main.TestCaseExecutor.processExecutionPhase(TestCaseExecutor.java:418)
	at com.kms.katalon.core.main.TestCaseExecutor.accessMainPhase(TestCaseExecutor.java:410)
	at com.kms.katalon.core.main.TestCaseExecutor.execute(TestCaseExecutor.java:285)
	at com.kms.katalon.core.common.CommonExecutor.accessTestCaseMainPhase(CommonExecutor.java:65)
	at com.kms.katalon.core.main.TestSuiteExecutor.accessTestSuiteMainPhase(TestSuiteExecutor.java:150)
	at com.kms.katalon.core.main.TestSuiteExecutor.execute(TestSuiteExecutor.java:106)
	at com.kms.katalon.core.main.TestCaseMain.startTestSuite(TestCaseMain.java:180)
	at TempTestSuite1738104956297.run(TempTestSuite1738104956297.groovy:35)
	at java.base/jdk.internal.reflect.NativeMethodAccessorImpl.invoke0(Native Method)
	at java.base/jdk.internal.reflect.NativeMethodAccessorImpl.invoke(NativeMethodAccessorImpl.java:77)
	at java.base/jdk.internal.reflect.DelegatingMethodAccessorImpl.invoke(DelegatingMethodAccessorImpl.java:43)
Caused by: org.openqa.selenium.ElementNotInteractableException: element not interactable
  (Session info: chrome=131.0.6778.265)
Build info: version: '3.141.59', revision: 'unknown', time: 'unknown'
System info: host: 'ENRIQUE', ip: '192.168.100.166', os.name: 'Windows 11', os.arch: 'amd64', os.version: '10.0', java.version: '17.0.7'
Driver info: com.kms.katalon.selenium.driver.CChromeDriver
Capabilities {acceptInsecureCerts: false, browserName: chrome, browserVersion: 131.0.6778.265, chrome: {chromedriverVersion: 130.0.6723.58 (3a50e012e4c9..., userDataDir: C:\Users\Enrique\AppData\Lo...}, fedcm:accounts: true, goog:chromeOptions: {debuggerAddress: localhost:60647}, javascriptEnabled: true, networkConnectionEnabled: false, pageLoadStrategy: normal, platform: WINDOWS, platformName: WINDOWS, proxy: Proxy(), setWindowRect: true, strictFileInteractability: false, timeouts: {implicit: 0, pageLoad: 300000, script: 30000}, unhandledPromptBehavior: dismiss and notify, webauthn:extension:credBlob: true, webauthn:extension:largeBlob: true, webauthn:extension:minPinLength: true, webauthn:extension:prf: true, webauthn:virtualAuthenticators: true}
Session ID: 96a45acc73df15f9709eb4a91ff434ef
	at java.base/jdk.internal.reflect.NativeConstructorAccessorImpl.newInstance0(Native Method)
	at java.base/jdk.internal.reflect.NativeConstructorAccessorImpl.newInstance(NativeConstructorAccessorImpl.java:77)
	at java.base/jdk.internal.reflect.DelegatingConstructorAccessorImpl.newInstance(DelegatingConstructorAccessorImpl.java:45)
	at org.openqa.selenium.remote.http.W3CHttpResponseCodec.createException(W3CHttpResponseCodec.java:187)
	at org.openqa.selenium.remote.http.W3CHttpResponseCodec.decode(W3CHttpResponseCodec.java:122)
	at org.openqa.selenium.remote.http.W3CHttpResponseCodec.decode(W3CHttpResponseCodec.java:49)
	at org.openqa.selenium.remote.HttpCommandExecutor.execute(HttpCommandExecutor.java:158)
	at org.openqa.selenium.remote.service.DriverCommandExecutor.execute(DriverCommandExecutor.java:83)
	at org.openqa.selenium.remote.RemoteWebDriver.execute(RemoteWebDriver.java:552)
	at com.kms.katalon.selenium.driver.CChromeDriver.execute(CChromeDriver.java:19)
	at org.openqa.selenium.remote.RemoteWebElement.execute(RemoteWebElement.java:285)
	at org.openqa.selenium.remote.RemoteWebElement.sendKeys(RemoteWebElement.java:106)
	at java.base/jdk.internal.reflect.NativeMethodAccessorImpl.invoke0(Native Method)
	at java.base/jdk.internal.reflect.NativeMethodAccessorImpl.invoke(NativeMethodAccessorImpl.java:77)
	at java.base/jdk.internal.reflect.DelegatingMethodAccessorImpl.invoke(DelegatingMethodAccessorImpl.java:43)
	at org.openqa.selenium.support.events.EventFiringWebDriver$EventFiringWebElement.lambda$new$0(EventFiringWebDriver.java:404)
	at jdk.proxy2/jdk.proxy2.$Proxy24.sendKeys(Unknown Source)
	at org.openqa.selenium.support.events.EventFiringWebDriver$EventFiringWebElement.sendKeys(EventFiringWebDriver.java:429)
	at com.kms.katalon.core.webui.keyword.builtin.SetTextKeyword$_setText_closure1.doCall(SetTextKeyword.groovy:71)
	at com.kms.katalon.core.webui.keyword.builtin.SetTextKeyword$_setText_closure1.call(SetTextKeyword.groovy)
	at com.kms.katalon.core.webui.keyword.internal.WebUIKeywordMain.runKeyword(WebUIKeywordMain.groovy:35)
	... 20 more]]></system-out>
      <system-err><![CDATA[28-01-2025T17:56:11 - [TEST_SUITE][FAILED] - Calendar: Test Cases/Specific Cases/LS/General/Calendar/Events_Creation/Future Events Creation/Future_Calendar_Appointment FAILED.
Reason:
com.kms.katalon.core.exception.StepFailedException: Unable to set text 'B' of object 'Object Repository/Specific Cases Repository/LS/Home/Calendar/Calendar_Events/Calendar_Events_Creation/Appointment/Page_Calendar/Patien Name'
	at com.kms.katalon.core.webui.keyword.internal.WebUIKeywordMain.stepFailed(WebUIKeywordMain.groovy:117)
	at com.kms.katalon.core.webui.keyword.internal.WebUIKeywordMain.runKeyword(WebUIKeywordMain.groovy:43)
	at com.kms.katalon.core.webui.keyword.builtin.SetTextKeyword.setText(SetTextKeyword.groovy:85)
	at com.kms.katalon.core.webui.keyword.builtin.SetTextKeyword.execute(SetTextKeyword.groovy:39)
	at com.kms.katalon.core.keyword.internal.KeywordExecutor.executeKeywordForPlatform(KeywordExecutor.groovy:74)
	at com.kms.katalon.core.webui.keyword.WebUiBuiltInKeywords.setText(WebUiBuiltInKeywords.groovy:1019)
	at Future_Calendar_Appointment.run(Future_Calendar_Appointment:45)
	at com.kms.katalon.core.main.ScriptEngine.run(ScriptEngine.java:194)
	at com.kms.katalon.core.main.ScriptEngine.runScriptAsRawText(ScriptEngine.java:119)
	at com.kms.katalon.core.main.TestCaseExecutor.runScript(TestCaseExecutor.java:448)
	at com.kms.katalon.core.main.TestCaseExecutor.doExecute(TestCaseExecutor.java:439)
	at com.kms.katalon.core.main.TestCaseExecutor.processExecutionPhase(TestCaseExecutor.java:418)
	at com.kms.katalon.core.main.TestCaseExecutor.accessMainPhase(TestCaseExecutor.java:410)
	at com.kms.katalon.core.main.TestCaseExecutor.execute(TestCaseExecutor.java:285)
	at com.kms.katalon.core.common.CommonExecutor.accessTestCaseMainPhase(CommonExecutor.java:65)
	at com.kms.katalon.core.main.TestSuiteExecutor.accessTestSuiteMainPhase(TestSuiteExecutor.java:150)
	at com.kms.katalon.core.main.TestSuiteExecutor.execute(TestSuiteExecutor.java:106)
	at com.kms.katalon.core.main.TestCaseMain.startTestSuite(TestCaseMain.java:180)
	at TempTestSuite1738104956297.run(TempTestSuite1738104956297.groovy:35)
	at java.base/jdk.internal.reflect.NativeMethodAccessorImpl.invoke0(Native Method)
	at java.base/jdk.internal.reflect.NativeMethodAccessorImpl.invoke(NativeMethodAccessorImpl.java:77)
	at java.base/jdk.internal.reflect.DelegatingMethodAccessorImpl.invoke(DelegatingMethodAccessorImpl.java:43)
Caused by: org.openqa.selenium.ElementNotInteractableException: element not interactable
  (Session info: chrome=131.0.6778.265)
Build info: version: '3.141.59', revision: 'unknown', time: 'unknown'
System info: host: 'ENRIQUE', ip: '192.168.100.166', os.name: 'Windows 11', os.arch: 'amd64', os.version: '10.0', java.version: '17.0.7'
Driver info: com.kms.katalon.selenium.driver.CChromeDriver
Capabilities {acceptInsecureCerts: false, browserName: chrome, browserVersion: 131.0.6778.265, chrome: {chromedriverVersion: 130.0.6723.58 (3a50e012e4c9..., userDataDir: C:\Users\Enrique\AppData\Lo...}, fedcm:accounts: true, goog:chromeOptions: {debuggerAddress: localhost:60647}, javascriptEnabled: true, networkConnectionEnabled: false, pageLoadStrategy: normal, platform: WINDOWS, platformName: WINDOWS, proxy: Proxy(), setWindowRect: true, strictFileInteractability: false, timeouts: {implicit: 0, pageLoad: 300000, script: 30000}, unhandledPromptBehavior: dismiss and notify, webauthn:extension:credBlob: true, webauthn:extension:largeBlob: true, webauthn:extension:minPinLength: true, webauthn:extension:prf: true, webauthn:virtualAuthenticators: true}
Session ID: 96a45acc73df15f9709eb4a91ff434ef
	at java.base/jdk.internal.reflect.NativeConstructorAccessorImpl.newInstance0(Native Method)
	at java.base/jdk.internal.reflect.NativeConstructorAccessorImpl.newInstance(NativeConstructorAccessorImpl.java:77)
	at java.base/jdk.internal.reflect.DelegatingConstructorAccessorImpl.newInstance(DelegatingConstructorAccessorImpl.java:45)
	at org.openqa.selenium.remote.http.W3CHttpResponseCodec.createException(W3CHttpResponseCodec.java:187)
	at org.openqa.selenium.remote.http.W3CHttpResponseCodec.decode(W3CHttpResponseCodec.java:122)
	at org.openqa.selenium.remote.http.W3CHttpResponseCodec.decode(W3CHttpResponseCodec.java:49)
	at org.openqa.selenium.remote.HttpCommandExecutor.execute(HttpCommandExecutor.java:158)
	at org.openqa.selenium.remote.service.DriverCommandExecutor.execute(DriverCommandExecutor.java:83)
	at org.openqa.selenium.remote.RemoteWebDriver.execute(RemoteWebDriver.java:552)
	at com.kms.katalon.selenium.driver.CChromeDriver.execute(CChromeDriver.java:19)
	at org.openqa.selenium.remote.RemoteWebElement.execute(RemoteWebElement.java:285)
	at org.openqa.selenium.remote.RemoteWebElement.sendKeys(RemoteWebElement.java:106)
	at java.base/jdk.internal.reflect.NativeMethodAccessorImpl.invoke0(Native Method)
	at java.base/jdk.internal.reflect.NativeMethodAccessorImpl.invoke(NativeMethodAccessorImpl.java:77)
	at java.base/jdk.internal.reflect.DelegatingMethodAccessorImpl.invoke(DelegatingMethodAccessorImpl.java:43)
	at org.openqa.selenium.support.events.EventFiringWebDriver$EventFiringWebElement.lambda$new$0(EventFiringWebDriver.java:404)
	at jdk.proxy2/jdk.proxy2.$Proxy24.sendKeys(Unknown Source)
	at org.openqa.selenium.support.events.EventFiringWebDriver$EventFiringWebElement.sendKeys(EventFiringWebDriver.java:429)
	at com.kms.katalon.core.webui.keyword.builtin.SetTextKeyword$_setText_closure1.doCall(SetTextKeyword.groovy:71)
	at com.kms.katalon.core.webui.keyword.builtin.SetTextKeyword$_setText_closure1.call(SetTextKeyword.groovy)
	at com.kms.katalon.core.webui.keyword.internal.WebUIKeywordMain.runKeyword(WebUIKeywordMain.groovy:35)
	... 20 more]]></system-err>
   </testsuite>
   <testsuite name="Census" tests="11" failures="4" errors="0" time="634.817" skipped="0" timestamp="28-01-2025T17:56:14" hostname="Enrique - Enrique" id="Test Suites/LS/Home/General/Census">
      <properties>
         <property name="deviceName" value=""/>
         <property name="devicePlatform"/>
         <property name="logFolder" value="C:\\Users\\Enrique\\git\\AUTOMATION_LS\\Reports\\20250128_175555\\LS\\Home\\General\\Census\\20250128_175558"/>
         <property name="logFiles" value="C:\\Users\\Enrique\\git\\AUTOMATION_LS\\Reports\\20250128_175555\\LS\\Home\\General\\Census\\20250128_175558\\execution0.log"/>
         <property name="attachments" value="C:\\Users\\Enrique\\git\\AUTOMATION_LS\\Reports\\20250128_175555\\LS\\Home\\General\\Census\\20250128_175558\\1738105210687.png, C:\\Users\\Enrique\\git\\AUTOMATION_LS\\Reports\\20250128_175555\\LS\\Home\\General\\Census\\20250128_175558\\1738105211195.png, C:\\Users\\Enrique\\git\\AUTOMATION_LS\\Reports\\20250128_175555\\LS\\Home\\General\\Census\\20250128_175558\\1738105359617.png, C:\\Users\\Enrique\\git\\AUTOMATION_LS\\Reports\\20250128_175555\\LS\\Home\\General\\Census\\20250128_175558\\1738105360038.png, C:\\Users\\Enrique\\git\\AUTOMATION_LS\\Reports\\20250128_175555\\LS\\Home\\General\\Census\\20250128_175558\\1738105501245.png, C:\\Users\\Enrique\\git\\AUTOMATION_LS\\Reports\\20250128_175555\\LS\\Home\\General\\Census\\20250128_175558\\1738105501711.png, C:\\Users\\Enrique\\git\\AUTOMATION_LS\\Reports\\20250128_175555\\LS\\Home\\General\\Census\\20250128_175558\\1738105609085.png, C:\\Users\\Enrique\\git\\AUTOMATION_LS\\Reports\\20250128_175555\\LS\\Home\\General\\Census\\20250128_175558\\1738105609311.png"/>
         <property name="hostName" value="Enrique - Enrique"/>
         <property name="os" value="Windows 11 64bit"/>
         <property name="katalonVersion" value="9.7.3.223"/>
         <property name="browser" value="Chrome 131.0.0.0"/>
         <property name="hostAddress" value="192.168.100.166"/>
         <property name="sessionId" value="3f49731b6493fc7c3e1c93ced3ae01ad"/>
         <property name="seleniumVersion" value="3.141.59"/>
         <property name="proxyInformation" value="ProxyInformation { proxyOption=NO_PROXY, proxyServerType=HTTP, username=, password=********, proxyServerAddress=, proxyServerPort=0, executionList=&quot;&quot;, isApplyToDesiredCapabilities=true }"/>
         <property name="platform" value="Windows 11"/>
      </properties>
      <testcase name="Test Cases/Specific Cases/LS/General/Census/Census/Census_Location_Filter" time="56.216" classname="Test Cases/Specific Cases/LS/General/Census/Census/Census_Location_Filter" status="PASSED">
         <system-out><![CDATA[28-01-2025T17:56:15 - [TEST_CASE][PASSED] - Test Cases/Specific Cases/LS/General/Census/Census/Census_Location_Filter: Test Cases/Specific Cases/LS/General/Census/Census/Census_Location_Filter

28-01-2025T17:56:15 - [TEST_STEP][PASSED] - callTestCase(findTestCase("Common Cases/Login"), [:], STOP_ON_FAILURE): Call Test Case 'Test Cases/Common Cases/Login' successfully

28-01-2025T17:56:15 - [TEST_CASE][PASSED] - Test Cases/Common Cases/Login: Test Cases/Common Cases/Login

28-01-2025T17:56:15 - [TEST_STEP][PASSED] - openBrowser(""): Browser is opened with url: ''

28-01-2025T17:56:16 - [MESSAGE][INFO] - Starting 'Chrome' driver

28-01-2025T17:56:16 - [MESSAGE][INFO] - Action delay is set to 0 milliseconds

28-01-2025T17:56:18 - [MESSAGE][PASSED] - Browser is opened with url: ''

28-01-2025T17:56:18 - [TEST_STEP][PASSED] - maximizeWindow(): Current window maximized

28-01-2025T17:56:18 - [MESSAGE][PASSED] - Current window maximized

28-01-2025T17:56:18 - [TEST_STEP][PASSED] - navigateToUrl("https://site17.lsapp.cloud/auth/login"): Navigate to 'https://site17.lsapp.cloud/auth/login' successfully

28-01-2025T17:56:19 - [MESSAGE][PASSED] - Navigate to 'https://site17.lsapp.cloud/auth/login' successfully

28-01-2025T17:56:19 - [TEST_STEP][PASSED] - setText(findTestObject("Object Repository/Common Cases Repository/Login/Page_Lightning Step/input_Email_email"), "automation@lightningstep.com"): Text 'automation@lightningstep.com' is set on object 'Object Repository/Common Cases Repository/Login/Page_Lightning Step/input_Email_email'

28-01-2025T17:56:23 - [MESSAGE][PASSED] - Text 'automation@lightningstep.com' is set on object 'Object Repository/Common Cases Repository/Login/Page_Lightning Step/input_Email_email'

28-01-2025T17:56:23 - [TEST_STEP][PASSED] - setEncryptedText(findTestObject("Object Repository/Common Cases Repository/Login/Page_Lightning Step/input_Password_password"), "e5N8VHmnhJDITtQaQhDQDw=="): Text ****** has been set on object 'Object Repository/Common Cases Repository/Login/Page_Lightning Step/input_Password_password'

28-01-2025T17:56:24 - [MESSAGE][PASSED] - Text ****** has been set on object 'Object Repository/Common Cases Repository/Login/Page_Lightning Step/input_Password_password'

28-01-2025T17:56:24 - [TEST_STEP][PASSED] - click(findTestObject("Object Repository/Common Cases Repository/Login/Page_Lightning Step/button_Sign in")): Object: 'Object Repository/Common Cases Repository/Login/Page_Lightning Step/button_Sign in' is clicked on

28-01-2025T17:56:41 - [MESSAGE][PASSED] - Object: 'Object Repository/Common Cases Repository/Login/Page_Lightning Step/button_Sign in' is clicked on

28-01-2025T17:56:41 - [MESSAGE][PASSED] - Call Test Case 'Test Cases/Common Cases/Login' successfully

28-01-2025T17:56:41 - [TEST_STEP][PASSED] - click(findTestObject("Object Repository/Specific Cases Repository/LS/Home/Census/Census_Filters/Page_Home/Page_Home/a_Census")): Object: 'Object Repository/Specific Cases Repository/LS/Home/Census/Census_Filters/Page_Home/Page_Home/a_Census' is clicked on

28-01-2025T17:56:41 - [MESSAGE][PASSED] - Object: 'Object Repository/Specific Cases Repository/LS/Home/Census/Census_Filters/Page_Home/Page_Home/a_Census' is clicked on

28-01-2025T17:56:41 - [TEST_STEP][PASSED] - click(findTestObject("Object Repository/Specific Cases Repository/LS/Home/Census/Census_Filters/Page_Home/Program_Filter/Page_Home/ul_All")): Object: 'Object Repository/Specific Cases Repository/LS/Home/Census/Census_Filters/Page_Home/Program_Filter/Page_Home/ul_All' is clicked on

28-01-2025T17:56:44 - [MESSAGE][PASSED] - Object: 'Object Repository/Specific Cases Repository/LS/Home/Census/Census_Filters/Page_Home/Program_Filter/Page_Home/ul_All' is clicked on

28-01-2025T17:56:44 - [TEST_STEP][PASSED] - setText(findTestObject("Object Repository/Specific Cases Repository/LS/Home/Census/Census_Filters/Page_Home/Program_Filter/Page_Home/input__select2-search__field"), "all"): Text 'all' is set on object 'Object Repository/Specific Cases Repository/LS/Home/Census/Census_Filters/Page_Home/Program_Filter/Page_Home/input__select2-search__field'

28-01-2025T17:56:45 - [MESSAGE][PASSED] - Text 'all' is set on object 'Object Repository/Specific Cases Repository/LS/Home/Census/Census_Filters/Page_Home/Program_Filter/Page_Home/input__select2-search__field'

28-01-2025T17:56:45 - [TEST_STEP][PASSED] - sendKeys(findTestObject("Object Repository/Specific Cases Repository/LS/Home/Census/Census_Filters/Page_Home/Program_Filter/Page_Home/input__select2-search__field"), Keys.chord(ENTER)): Keys 'ENTER + ' sent to object: 'Object Repository/Specific Cases Repository/LS/Home/Census/Census_Filters/Page_Home/Program_Filter/Page_Home/input__select2-search__field'

28-01-2025T17:56:45 - [MESSAGE][PASSED] - Keys 'ENTER + ' sent to object: 'Object Repository/Specific Cases Repository/LS/Home/Census/Census_Filters/Page_Home/Program_Filter/Page_Home/input__select2-search__field'

28-01-2025T17:56:45 - [TEST_STEP][PASSED] - click(findTestObject("Object Repository/Specific Cases Repository/LS/Home/Census/Census_Filters/Page_Home/Page_Home/ul_All")): Object: 'Object Repository/Specific Cases Repository/LS/Home/Census/Census_Filters/Page_Home/Page_Home/ul_All' is clicked on

28-01-2025T17:56:46 - [MESSAGE][PASSED] - Object: 'Object Repository/Specific Cases Repository/LS/Home/Census/Census_Filters/Page_Home/Page_Home/ul_All' is clicked on

28-01-2025T17:56:46 - [TEST_STEP][PASSED] - setText(findTestObject("Object Repository/Specific Cases Repository/LS/Home/Census/Census_Filters/Page_Home/Page_Home/Location Filter"), "all"): Text 'all' is set on object 'Object Repository/Specific Cases Repository/LS/Home/Census/Census_Filters/Page_Home/Page_Home/Location Filter'

28-01-2025T17:56:46 - [MESSAGE][PASSED] - Text 'all' is set on object 'Object Repository/Specific Cases Repository/LS/Home/Census/Census_Filters/Page_Home/Page_Home/Location Filter'

28-01-2025T17:56:46 - [TEST_STEP][PASSED] - sendKeys(findTestObject("Object Repository/Specific Cases Repository/LS/Home/Census/Census_Filters/Page_Home/Page_Home/Location Filter"), Keys.chord(ENTER)): Keys 'ENTER + ' sent to object: 'Object Repository/Specific Cases Repository/LS/Home/Census/Census_Filters/Page_Home/Page_Home/Location Filter'

28-01-2025T17:56:47 - [MESSAGE][PASSED] - Keys 'ENTER + ' sent to object: 'Object Repository/Specific Cases Repository/LS/Home/Census/Census_Filters/Page_Home/Page_Home/Location Filter'

28-01-2025T17:56:47 - [TEST_STEP][PASSED] - verifyElementText(findTestObject("Object Repository/Specific Cases Repository/LS/Home/Census/Census_Filters/Page_Home/Page_Home/td_Cat Treatment Center"), "Cat Treatment Center"): Actual text and expected text of test object 'Object Repository/Specific Cases Repository/LS/Home/Census/Census_Filters/Page_Home/Page_Home/td_Cat Treatment Center' are matched.

28-01-2025T17:56:47 - [MESSAGE][PASSED] - Actual text and expected text of test object 'Object Repository/Specific Cases Repository/LS/Home/Census/Census_Filters/Page_Home/Page_Home/td_Cat Treatment Center' are matched.

28-01-2025T17:56:47 - [TEST_STEP][PASSED] - verifyElementText(findTestObject("Object Repository/Specific Cases Repository/LS/Home/Census/Census_Filters/Page_Home/Page_Home/td_Dog Treatment Center"), "Dog Treatment Center"): Actual text and expected text of test object 'Object Repository/Specific Cases Repository/LS/Home/Census/Census_Filters/Page_Home/Page_Home/td_Dog Treatment Center' are matched.

28-01-2025T17:56:48 - [MESSAGE][PASSED] - Actual text and expected text of test object 'Object Repository/Specific Cases Repository/LS/Home/Census/Census_Filters/Page_Home/Page_Home/td_Dog Treatment Center' are matched.

28-01-2025T17:56:48 - [TEST_STEP][PASSED] - verifyElementText(findTestObject("Object Repository/Specific Cases Repository/LS/Home/Census/Census_Filters/Page_Home/Page_Home/td_Satellite Office"), "Satellite Office"): Actual text and expected text of test object 'Object Repository/Specific Cases Repository/LS/Home/Census/Census_Filters/Page_Home/Page_Home/td_Satellite Office' are matched.

28-01-2025T17:56:48 - [MESSAGE][PASSED] - Actual text and expected text of test object 'Object Repository/Specific Cases Repository/LS/Home/Census/Census_Filters/Page_Home/Page_Home/td_Satellite Office' are matched.

28-01-2025T17:56:48 - [TEST_STEP][PASSED] - click(findTestObject("Object Repository/Specific Cases Repository/LS/Home/Census/Census_Filters/Page_Home/Page_Home/ul_All")): Object: 'Object Repository/Specific Cases Repository/LS/Home/Census/Census_Filters/Page_Home/Page_Home/ul_All' is clicked on

28-01-2025T17:56:48 - [MESSAGE][PASSED] - Object: 'Object Repository/Specific Cases Repository/LS/Home/Census/Census_Filters/Page_Home/Page_Home/ul_All' is clicked on

28-01-2025T17:56:48 - [TEST_STEP][PASSED] - setText(findTestObject("Object Repository/Specific Cases Repository/LS/Home/Census/Census_Filters/Page_Home/Page_Home/Location Filter"), "cat"): Text 'cat' is set on object 'Object Repository/Specific Cases Repository/LS/Home/Census/Census_Filters/Page_Home/Page_Home/Location Filter'

28-01-2025T17:56:49 - [MESSAGE][PASSED] - Text 'cat' is set on object 'Object Repository/Specific Cases Repository/LS/Home/Census/Census_Filters/Page_Home/Page_Home/Location Filter'

28-01-2025T17:56:49 - [TEST_STEP][PASSED] - sendKeys(findTestObject("Object Repository/Specific Cases Repository/LS/Home/Census/Census_Filters/Page_Home/Page_Home/Location Filter"), Keys.chord(ENTER)): Keys 'ENTER + ' sent to object: 'Object Repository/Specific Cases Repository/LS/Home/Census/Census_Filters/Page_Home/Page_Home/Location Filter'

28-01-2025T17:56:50 - [MESSAGE][PASSED] - Keys 'ENTER + ' sent to object: 'Object Repository/Specific Cases Repository/LS/Home/Census/Census_Filters/Page_Home/Page_Home/Location Filter'

28-01-2025T17:56:50 - [TEST_STEP][PASSED] - verifyElementText(findTestObject("Object Repository/Specific Cases Repository/LS/Home/Census/Census_Filters/Page_Home/Page_Home/td_Cat Treatment Center"), "Cat Treatment Center"): Actual text and expected text of test object 'Object Repository/Specific Cases Repository/LS/Home/Census/Census_Filters/Page_Home/Page_Home/td_Cat Treatment Center' are matched.

28-01-2025T17:56:51 - [MESSAGE][PASSED] - Actual text and expected text of test object 'Object Repository/Specific Cases Repository/LS/Home/Census/Census_Filters/Page_Home/Page_Home/td_Cat Treatment Center' are matched.

28-01-2025T17:56:51 - [TEST_STEP][PASSED] - verifyElementNotPresent(findTestObject("Object Repository/Specific Cases Repository/LS/Home/Census/Census_Filters/Page_Home/Page_Home/td_Dog Treatment Center"), 0): Web element with id: 'Object Repository/Specific Cases Repository/LS/Home/Census/Census_Filters/Page_Home/Page_Home/td_Dog Treatment Center' located by 'By.xpath: //td[normalize-space()='Dog Treatment Center']' is not present after '30' second(s)

28-01-2025T17:56:51 - [MESSAGE][WARNING] - Timeout '0' is invalid. Using default page load timeout: '30'

28-01-2025T17:56:52 - [MESSAGE][PASSED] - Web element with id: 'Object Repository/Specific Cases Repository/LS/Home/Census/Census_Filters/Page_Home/Page_Home/td_Dog Treatment Center' located by 'By.xpath: //td[normalize-space()='Dog Treatment Center']' is not present after '30' second(s)

28-01-2025T17:56:52 - [TEST_STEP][PASSED] - verifyElementNotPresent(findTestObject("Object Repository/Specific Cases Repository/LS/Home/Census/Census_Filters/Page_Home/Page_Home/td_Satellite Office"), 0): Web element with id: 'Object Repository/Specific Cases Repository/LS/Home/Census/Census_Filters/Page_Home/Page_Home/td_Satellite Office' located by 'By.xpath: //td[normalize-space()='Satellite Office']' is not present after '30' second(s)

28-01-2025T17:56:52 - [MESSAGE][WARNING] - Timeout '0' is invalid. Using default page load timeout: '30'

28-01-2025T17:56:52 - [MESSAGE][PASSED] - Web element with id: 'Object Repository/Specific Cases Repository/LS/Home/Census/Census_Filters/Page_Home/Page_Home/td_Satellite Office' located by 'By.xpath: //td[normalize-space()='Satellite Office']' is not present after '30' second(s)

28-01-2025T17:56:52 - [TEST_STEP][PASSED] - click(findTestObject("Object Repository/Specific Cases Repository/LS/Home/Census/Census_Filters/Page_Home/Page_Home/ul_Cat Treatment Center")): Object: 'Object Repository/Specific Cases Repository/LS/Home/Census/Census_Filters/Page_Home/Page_Home/ul_Cat Treatment Center' is clicked on

28-01-2025T17:56:53 - [MESSAGE][PASSED] - Object: 'Object Repository/Specific Cases Repository/LS/Home/Census/Census_Filters/Page_Home/Page_Home/ul_Cat Treatment Center' is clicked on

28-01-2025T17:56:53 - [TEST_STEP][PASSED] - setText(findTestObject("Object Repository/Specific Cases Repository/LS/Home/Census/Census_Filters/Page_Home/Page_Home/Location Filter"), "dog"): Text 'dog' is set on object 'Object Repository/Specific Cases Repository/LS/Home/Census/Census_Filters/Page_Home/Page_Home/Location Filter'

28-01-2025T17:56:53 - [MESSAGE][PASSED] - Text 'dog' is set on object 'Object Repository/Specific Cases Repository/LS/Home/Census/Census_Filters/Page_Home/Page_Home/Location Filter'

28-01-2025T17:56:53 - [TEST_STEP][PASSED] - sendKeys(findTestObject("Object Repository/Specific Cases Repository/LS/Home/Census/Census_Filters/Page_Home/Page_Home/Location Filter"), Keys.chord(ENTER)): Keys 'ENTER + ' sent to object: 'Object Repository/Specific Cases Repository/LS/Home/Census/Census_Filters/Page_Home/Page_Home/Location Filter'

28-01-2025T17:56:54 - [MESSAGE][PASSED] - Keys 'ENTER + ' sent to object: 'Object Repository/Specific Cases Repository/LS/Home/Census/Census_Filters/Page_Home/Page_Home/Location Filter'

28-01-2025T17:56:54 - [TEST_STEP][PASSED] - verifyElementPresent(findTestObject("Object Repository/Specific Cases Repository/LS/Home/Census/Census_Filters/Page_Home/Page_Home/td_Cat Treatment Center"), 0): Object 'Object Repository/Specific Cases Repository/LS/Home/Census/Census_Filters/Page_Home/Page_Home/td_Cat Treatment Center' is present

28-01-2025T17:56:54 - [MESSAGE][WARNING] - Timeout '0' is invalid. Using default page load timeout: '30'

28-01-2025T17:56:56 - [MESSAGE][PASSED] - Object 'Object Repository/Specific Cases Repository/LS/Home/Census/Census_Filters/Page_Home/Page_Home/td_Cat Treatment Center' is present

28-01-2025T17:56:56 - [TEST_STEP][PASSED] - verifyElementNotPresent(findTestObject("Object Repository/Specific Cases Repository/LS/Home/Census/Census_Filters/Page_Home/Page_Home/td_Satellite Office"), 0): Web element with id: 'Object Repository/Specific Cases Repository/LS/Home/Census/Census_Filters/Page_Home/Page_Home/td_Satellite Office' located by 'By.xpath: //td[normalize-space()='Satellite Office']' is not present after '30' second(s)

28-01-2025T17:56:56 - [MESSAGE][WARNING] - Timeout '0' is invalid. Using default page load timeout: '30'

28-01-2025T17:56:56 - [MESSAGE][PASSED] - Web element with id: 'Object Repository/Specific Cases Repository/LS/Home/Census/Census_Filters/Page_Home/Page_Home/td_Satellite Office' located by 'By.xpath: //td[normalize-space()='Satellite Office']' is not present after '30' second(s)

28-01-2025T17:56:56 - [TEST_STEP][PASSED] - click(findTestObject("Object Repository/Specific Cases Repository/LS/Home/Census/Census_Filters/Page_Home/Page_Home/span_")): Object: 'Object Repository/Specific Cases Repository/LS/Home/Census/Census_Filters/Page_Home/Page_Home/span_' is clicked on

28-01-2025T17:56:56 - [MESSAGE][PASSED] - Object: 'Object Repository/Specific Cases Repository/LS/Home/Census/Census_Filters/Page_Home/Page_Home/span_' is clicked on

28-01-2025T17:56:56 - [TEST_STEP][PASSED] - click(findTestObject("Object Repository/Specific Cases Repository/LS/Home/Census/Census_Filters/Page_Home/Page_Home/ul_Dog Treatment Center")): Object: 'Object Repository/Specific Cases Repository/LS/Home/Census/Census_Filters/Page_Home/Page_Home/ul_Dog Treatment Center' is clicked on

28-01-2025T17:56:58 - [MESSAGE][PASSED] - Object: 'Object Repository/Specific Cases Repository/LS/Home/Census/Census_Filters/Page_Home/Page_Home/ul_Dog Treatment Center' is clicked on

28-01-2025T17:56:59 - [TEST_STEP][PASSED] - setText(findTestObject("Object Repository/Specific Cases Repository/LS/Home/Census/Census_Filters/Page_Home/Page_Home/Location Filter"), "satellite"): Text 'satellite' is set on object 'Object Repository/Specific Cases Repository/LS/Home/Census/Census_Filters/Page_Home/Page_Home/Location Filter'

28-01-2025T17:56:59 - [MESSAGE][PASSED] - Text 'satellite' is set on object 'Object Repository/Specific Cases Repository/LS/Home/Census/Census_Filters/Page_Home/Page_Home/Location Filter'

28-01-2025T17:56:59 - [TEST_STEP][PASSED] - sendKeys(findTestObject("Object Repository/Specific Cases Repository/LS/Home/Census/Census_Filters/Page_Home/Page_Home/Location Filter"), Keys.chord(ENTER)): Keys 'ENTER + ' sent to object: 'Object Repository/Specific Cases Repository/LS/Home/Census/Census_Filters/Page_Home/Page_Home/Location Filter'

28-01-2025T17:57:00 - [MESSAGE][PASSED] - Keys 'ENTER + ' sent to object: 'Object Repository/Specific Cases Repository/LS/Home/Census/Census_Filters/Page_Home/Page_Home/Location Filter'

28-01-2025T17:57:00 - [TEST_STEP][PASSED] - verifyElementPresent(findTestObject("Object Repository/Specific Cases Repository/LS/Home/Census/Census_Filters/Page_Home/Page_Home/td_Dog Treatment Center"), 0): Object 'Object Repository/Specific Cases Repository/LS/Home/Census/Census_Filters/Page_Home/Page_Home/td_Dog Treatment Center' is present

28-01-2025T17:57:00 - [MESSAGE][WARNING] - Timeout '0' is invalid. Using default page load timeout: '30'

28-01-2025T17:57:02 - [MESSAGE][PASSED] - Object 'Object Repository/Specific Cases Repository/LS/Home/Census/Census_Filters/Page_Home/Page_Home/td_Dog Treatment Center' is present

28-01-2025T17:57:02 - [TEST_STEP][PASSED] - click(findTestObject("Object Repository/Specific Cases Repository/LS/Home/Census/Census_Filters/Page_Home/Page_Home/span_")): Object: 'Object Repository/Specific Cases Repository/LS/Home/Census/Census_Filters/Page_Home/Page_Home/span_' is clicked on

28-01-2025T17:57:02 - [MESSAGE][PASSED] - Object: 'Object Repository/Specific Cases Repository/LS/Home/Census/Census_Filters/Page_Home/Page_Home/span_' is clicked on

28-01-2025T17:57:02 - [TEST_STEP][PASSED] - click(findTestObject("Object Repository/Specific Cases Repository/LS/Home/Census/Census_Filters/Page_Home/Page_Home/ul_All")): Object: 'Object Repository/Specific Cases Repository/LS/Home/Census/Census_Filters/Page_Home/Page_Home/ul_All' is clicked on

28-01-2025T17:57:04 - [MESSAGE][PASSED] - Object: 'Object Repository/Specific Cases Repository/LS/Home/Census/Census_Filters/Page_Home/Page_Home/ul_All' is clicked on

28-01-2025T17:57:04 - [TEST_STEP][PASSED] - setText(findTestObject("Specific Cases Repository/LS/Home/Census/Census_Filters/Page_Home/Page_Home/Location Filter"), "all"): Text 'all' is set on object 'Object Repository/Specific Cases Repository/LS/Home/Census/Census_Filters/Page_Home/Page_Home/Location Filter'

28-01-2025T17:57:05 - [MESSAGE][PASSED] - Text 'all' is set on object 'Object Repository/Specific Cases Repository/LS/Home/Census/Census_Filters/Page_Home/Page_Home/Location Filter'

28-01-2025T17:57:05 - [TEST_STEP][PASSED] - sendKeys(findTestObject("Object Repository/Specific Cases Repository/LS/Home/Census/Census_Filters/Page_Home/Page_Home/Location Filter"), Keys.chord(ENTER)): Keys 'ENTER + ' sent to object: 'Object Repository/Specific Cases Repository/LS/Home/Census/Census_Filters/Page_Home/Page_Home/Location Filter'

28-01-2025T17:57:06 - [MESSAGE][PASSED] - Keys 'ENTER + ' sent to object: 'Object Repository/Specific Cases Repository/LS/Home/Census/Census_Filters/Page_Home/Page_Home/Location Filter'

28-01-2025T17:57:06 - [TEST_STEP][PASSED] - click(findTestObject("Specific Cases Repository/LS/Home/Census/Census_Filters/Page_Home/Program Filter")): Object: 'Object Repository/Specific Cases Repository/LS/Home/Census/Census_Filters/Page_Home/Program Filter' is clicked on

28-01-2025T17:57:09 - [MESSAGE][PASSED] - Object: 'Object Repository/Specific Cases Repository/LS/Home/Census/Census_Filters/Page_Home/Program Filter' is clicked on

28-01-2025T17:57:09 - [TEST_STEP][PASSED] - setText(findTestObject("Specific Cases Repository/LS/Home/Census/Census_Filters/Page_Home/Program Filter"), "all"): Text 'all' is set on object 'Object Repository/Specific Cases Repository/LS/Home/Census/Census_Filters/Page_Home/Program Filter'

28-01-2025T17:57:10 - [MESSAGE][PASSED] - Text 'all' is set on object 'Object Repository/Specific Cases Repository/LS/Home/Census/Census_Filters/Page_Home/Program Filter'

28-01-2025T17:57:10 - [TEST_STEP][PASSED] - sendKeys(findTestObject("Specific Cases Repository/LS/Home/Census/Census_Filters/Page_Home/Program Filter"), Keys.chord(ENTER)): Keys 'ENTER + ' sent to object: 'Object Repository/Specific Cases Repository/LS/Home/Census/Census_Filters/Page_Home/Program Filter'

28-01-2025T17:57:11 - [MESSAGE][PASSED] - Keys 'ENTER + ' sent to object: 'Object Repository/Specific Cases Repository/LS/Home/Census/Census_Filters/Page_Home/Program Filter'

28-01-2025T17:57:11 - [TEST_STEP][PASSED] - closeBrowser(): Browser is closed

28-01-2025T17:57:11 - [MESSAGE][PASSED] - Browser is closed]]></system-out>
         <system-err><![CDATA[]]></system-err>
      </testcase>
      <testcase name="Test Cases/Specific Cases/LS/General/Census/Census/Census_Program_Filter" time="34.802" classname="Test Cases/Specific Cases/LS/General/Census/Census/Census_Program_Filter" status="PASSED">
         <system-out><![CDATA[28-01-2025T17:57:11 - [TEST_CASE][PASSED] - Test Cases/Specific Cases/LS/General/Census/Census/Census_Program_Filter: Test Cases/Specific Cases/LS/General/Census/Census/Census_Program_Filter

28-01-2025T17:57:11 - [TEST_STEP][PASSED] - callTestCase(findTestCase("Common Cases/Login"), [:], STOP_ON_FAILURE): Call Test Case 'Test Cases/Common Cases/Login' successfully

28-01-2025T17:57:11 - [TEST_CASE][PASSED] - Test Cases/Common Cases/Login: Test Cases/Common Cases/Login

28-01-2025T17:57:11 - [TEST_STEP][PASSED] - openBrowser(""): Browser is opened with url: ''

28-01-2025T17:57:11 - [MESSAGE][INFO] - Starting 'Chrome' driver

28-01-2025T17:57:11 - [MESSAGE][INFO] - Action delay is set to 0 milliseconds

28-01-2025T17:57:12 - [MESSAGE][PASSED] - Browser is opened with url: ''

28-01-2025T17:57:12 - [TEST_STEP][PASSED] - maximizeWindow(): Current window maximized

28-01-2025T17:57:12 - [MESSAGE][PASSED] - Current window maximized

28-01-2025T17:57:12 - [TEST_STEP][PASSED] - navigateToUrl("https://site17.lsapp.cloud/auth/login"): Navigate to 'https://site17.lsapp.cloud/auth/login' successfully

28-01-2025T17:57:17 - [MESSAGE][PASSED] - Navigate to 'https://site17.lsapp.cloud/auth/login' successfully

28-01-2025T17:57:17 - [TEST_STEP][PASSED] - setText(findTestObject("Object Repository/Common Cases Repository/Login/Page_Lightning Step/input_Email_email"), "automation@lightningstep.com"): Text 'automation@lightningstep.com' is set on object 'Object Repository/Common Cases Repository/Login/Page_Lightning Step/input_Email_email'

28-01-2025T17:57:18 - [MESSAGE][PASSED] - Text 'automation@lightningstep.com' is set on object 'Object Repository/Common Cases Repository/Login/Page_Lightning Step/input_Email_email'

28-01-2025T17:57:18 - [TEST_STEP][PASSED] - setEncryptedText(findTestObject("Object Repository/Common Cases Repository/Login/Page_Lightning Step/input_Password_password"), "e5N8VHmnhJDITtQaQhDQDw=="): Text ****** has been set on object 'Object Repository/Common Cases Repository/Login/Page_Lightning Step/input_Password_password'

28-01-2025T17:57:18 - [MESSAGE][PASSED] - Text ****** has been set on object 'Object Repository/Common Cases Repository/Login/Page_Lightning Step/input_Password_password'

28-01-2025T17:57:18 - [TEST_STEP][PASSED] - click(findTestObject("Object Repository/Common Cases Repository/Login/Page_Lightning Step/button_Sign in")): Object: 'Object Repository/Common Cases Repository/Login/Page_Lightning Step/button_Sign in' is clicked on

28-01-2025T17:57:23 - [MESSAGE][PASSED] - Object: 'Object Repository/Common Cases Repository/Login/Page_Lightning Step/button_Sign in' is clicked on

28-01-2025T17:57:23 - [MESSAGE][PASSED] - Call Test Case 'Test Cases/Common Cases/Login' successfully

28-01-2025T17:57:23 - [TEST_STEP][PASSED] - click(findTestObject("Object Repository/Specific Cases Repository/LS/Home/Census/Census_Filters/Page_Home/Page_Home/a_Census")): Object: 'Object Repository/Specific Cases Repository/LS/Home/Census/Census_Filters/Page_Home/Page_Home/a_Census' is clicked on

28-01-2025T17:57:26 - [MESSAGE][PASSED] - Object: 'Object Repository/Specific Cases Repository/LS/Home/Census/Census_Filters/Page_Home/Page_Home/a_Census' is clicked on

28-01-2025T17:57:26 - [TEST_STEP][PASSED] - click(findTestObject("Object Repository/Specific Cases Repository/LS/Home/Census/Census_Filters/Page_Home/Program_Filter/Page_Home/ul_All")): Object: 'Object Repository/Specific Cases Repository/LS/Home/Census/Census_Filters/Page_Home/Program_Filter/Page_Home/ul_All' is clicked on

28-01-2025T17:57:29 - [MESSAGE][PASSED] - Object: 'Object Repository/Specific Cases Repository/LS/Home/Census/Census_Filters/Page_Home/Program_Filter/Page_Home/ul_All' is clicked on

28-01-2025T17:57:29 - [TEST_STEP][PASSED] - setText(findTestObject("Object Repository/Specific Cases Repository/LS/Home/Census/Census_Filters/Page_Home/Program_Filter/Page_Home/input__select2-search__field"), "all"): Text 'all' is set on object 'Object Repository/Specific Cases Repository/LS/Home/Census/Census_Filters/Page_Home/Program_Filter/Page_Home/input__select2-search__field'

28-01-2025T17:57:29 - [MESSAGE][PASSED] - Text 'all' is set on object 'Object Repository/Specific Cases Repository/LS/Home/Census/Census_Filters/Page_Home/Program_Filter/Page_Home/input__select2-search__field'

28-01-2025T17:57:29 - [TEST_STEP][PASSED] - sendKeys(findTestObject("Object Repository/Specific Cases Repository/LS/Home/Census/Census_Filters/Page_Home/Program_Filter/Page_Home/input__select2-search__field"), Keys.chord(ENTER)): Keys 'ENTER + ' sent to object: 'Object Repository/Specific Cases Repository/LS/Home/Census/Census_Filters/Page_Home/Program_Filter/Page_Home/input__select2-search__field'

28-01-2025T17:57:30 - [MESSAGE][PASSED] - Keys 'ENTER + ' sent to object: 'Object Repository/Specific Cases Repository/LS/Home/Census/Census_Filters/Page_Home/Program_Filter/Page_Home/input__select2-search__field'

28-01-2025T17:57:30 - [TEST_STEP][PASSED] - click(findTestObject("Object Repository/Specific Cases Repository/LS/Home/Census/Census_Filters/Page_Home/Page_Home/ul_All")): Object: 'Object Repository/Specific Cases Repository/LS/Home/Census/Census_Filters/Page_Home/Page_Home/ul_All' is clicked on

28-01-2025T17:57:30 - [MESSAGE][PASSED] - Object: 'Object Repository/Specific Cases Repository/LS/Home/Census/Census_Filters/Page_Home/Page_Home/ul_All' is clicked on

28-01-2025T17:57:30 - [TEST_STEP][PASSED] - setText(findTestObject("Object Repository/Specific Cases Repository/LS/Home/Census/Census_Filters/Page_Home/Page_Home/Location Filter"), "all"): Text 'all' is set on object 'Object Repository/Specific Cases Repository/LS/Home/Census/Census_Filters/Page_Home/Page_Home/Location Filter'

28-01-2025T17:57:31 - [MESSAGE][PASSED] - Text 'all' is set on object 'Object Repository/Specific Cases Repository/LS/Home/Census/Census_Filters/Page_Home/Page_Home/Location Filter'

28-01-2025T17:57:31 - [TEST_STEP][PASSED] - sendKeys(findTestObject("Object Repository/Specific Cases Repository/LS/Home/Census/Census_Filters/Page_Home/Page_Home/Location Filter"), Keys.chord(ENTER)): Keys 'ENTER + ' sent to object: 'Object Repository/Specific Cases Repository/LS/Home/Census/Census_Filters/Page_Home/Page_Home/Location Filter'

28-01-2025T17:57:32 - [MESSAGE][PASSED] - Keys 'ENTER + ' sent to object: 'Object Repository/Specific Cases Repository/LS/Home/Census/Census_Filters/Page_Home/Page_Home/Location Filter'

28-01-2025T17:57:32 - [TEST_STEP][PASSED] - verifyElementPresent(findTestObject("Object Repository/Specific Cases Repository/LS/Home/Census/Census_Filters/Page_Home/Program_Filter/Page_Home/td_Detoxification"), 0): Object 'Object Repository/Specific Cases Repository/LS/Home/Census/Census_Filters/Page_Home/Program_Filter/Page_Home/td_Detoxification' is present

28-01-2025T17:57:32 - [MESSAGE][WARNING] - Timeout '0' is invalid. Using default page load timeout: '30'

28-01-2025T17:57:32 - [MESSAGE][PASSED] - Object 'Object Repository/Specific Cases Repository/LS/Home/Census/Census_Filters/Page_Home/Program_Filter/Page_Home/td_Detoxification' is present

28-01-2025T17:57:32 - [TEST_STEP][PASSED] - verifyElementPresent(findTestObject("Object Repository/Specific Cases Repository/LS/Home/Census/Census_Filters/Page_Home/Program_Filter/Page_Home/td_Outpatient"), 0): Object 'Object Repository/Specific Cases Repository/LS/Home/Census/Census_Filters/Page_Home/Program_Filter/Page_Home/td_Outpatient' is present

28-01-2025T17:57:32 - [MESSAGE][WARNING] - Timeout '0' is invalid. Using default page load timeout: '30'

28-01-2025T17:57:32 - [MESSAGE][PASSED] - Object 'Object Repository/Specific Cases Repository/LS/Home/Census/Census_Filters/Page_Home/Program_Filter/Page_Home/td_Outpatient' is present

28-01-2025T17:57:32 - [TEST_STEP][PASSED] - click(findTestObject("Object Repository/Specific Cases Repository/LS/Home/Census/Census_Filters/Page_Home/Program_Filter/Page_Home/ul_All")): Object: 'Object Repository/Specific Cases Repository/LS/Home/Census/Census_Filters/Page_Home/Program_Filter/Page_Home/ul_All' is clicked on

28-01-2025T17:57:33 - [MESSAGE][PASSED] - Object: 'Object Repository/Specific Cases Repository/LS/Home/Census/Census_Filters/Page_Home/Program_Filter/Page_Home/ul_All' is clicked on

28-01-2025T17:57:33 - [TEST_STEP][PASSED] - setText(findTestObject("Object Repository/Specific Cases Repository/LS/Home/Census/Census_Filters/Page_Home/Program_Filter/Page_Home/input__select2-search__field"), "detox"): Text 'detox' is set on object 'Object Repository/Specific Cases Repository/LS/Home/Census/Census_Filters/Page_Home/Program_Filter/Page_Home/input__select2-search__field'

28-01-2025T17:57:33 - [MESSAGE][PASSED] - Text 'detox' is set on object 'Object Repository/Specific Cases Repository/LS/Home/Census/Census_Filters/Page_Home/Program_Filter/Page_Home/input__select2-search__field'

28-01-2025T17:57:33 - [TEST_STEP][PASSED] - sendKeys(findTestObject("Object Repository/Specific Cases Repository/LS/Home/Census/Census_Filters/Page_Home/Program_Filter/Page_Home/input__select2-search__field"), Keys.chord(ENTER)): Keys 'ENTER + ' sent to object: 'Object Repository/Specific Cases Repository/LS/Home/Census/Census_Filters/Page_Home/Program_Filter/Page_Home/input__select2-search__field'

28-01-2025T17:57:34 - [MESSAGE][PASSED] - Keys 'ENTER + ' sent to object: 'Object Repository/Specific Cases Repository/LS/Home/Census/Census_Filters/Page_Home/Program_Filter/Page_Home/input__select2-search__field'

28-01-2025T17:57:34 - [TEST_STEP][PASSED] - verifyElementPresent(findTestObject("Object Repository/Specific Cases Repository/LS/Home/Census/Census_Filters/Page_Home/Program_Filter/Page_Home/td_Detoxification"), 0): Object 'Object Repository/Specific Cases Repository/LS/Home/Census/Census_Filters/Page_Home/Program_Filter/Page_Home/td_Detoxification' is present

28-01-2025T17:57:34 - [MESSAGE][WARNING] - Timeout '0' is invalid. Using default page load timeout: '30'

28-01-2025T17:57:35 - [MESSAGE][PASSED] - Object 'Object Repository/Specific Cases Repository/LS/Home/Census/Census_Filters/Page_Home/Program_Filter/Page_Home/td_Detoxification' is present

28-01-2025T17:57:35 - [TEST_STEP][PASSED] - verifyElementNotPresent(findTestObject("Object Repository/Specific Cases Repository/LS/Home/Census/Census_Filters/Page_Home/Program_Filter/Page_Home/td_Outpatient"), 0): Web element with id: 'Object Repository/Specific Cases Repository/LS/Home/Census/Census_Filters/Page_Home/Program_Filter/Page_Home/td_Outpatient' located by 'By.xpath: //td[normalize-space()='Outpatient']' is not present after '30' second(s)

28-01-2025T17:57:35 - [MESSAGE][WARNING] - Timeout '0' is invalid. Using default page load timeout: '30'

28-01-2025T17:57:36 - [MESSAGE][PASSED] - Web element with id: 'Object Repository/Specific Cases Repository/LS/Home/Census/Census_Filters/Page_Home/Program_Filter/Page_Home/td_Outpatient' located by 'By.xpath: //td[normalize-space()='Outpatient']' is not present after '30' second(s)

28-01-2025T17:57:36 - [TEST_STEP][PASSED] - click(findTestObject("Object Repository/Specific Cases Repository/LS/Home/Census/Census_Filters/Page_Home/Program_Filter/Page_Home/ul_Detoxification")): Object: 'Object Repository/Specific Cases Repository/LS/Home/Census/Census_Filters/Page_Home/Program_Filter/Page_Home/ul_Detoxification' is clicked on

28-01-2025T17:57:36 - [MESSAGE][PASSED] - Object: 'Object Repository/Specific Cases Repository/LS/Home/Census/Census_Filters/Page_Home/Program_Filter/Page_Home/ul_Detoxification' is clicked on

28-01-2025T17:57:36 - [TEST_STEP][PASSED] - setText(findTestObject("Object Repository/Specific Cases Repository/LS/Home/Census/Census_Filters/Page_Home/Program_Filter/Page_Home/input__select2-search__field"), "outpatient"): Text 'outpatient' is set on object 'Object Repository/Specific Cases Repository/LS/Home/Census/Census_Filters/Page_Home/Program_Filter/Page_Home/input__select2-search__field'

28-01-2025T17:57:37 - [MESSAGE][PASSED] - Text 'outpatient' is set on object 'Object Repository/Specific Cases Repository/LS/Home/Census/Census_Filters/Page_Home/Program_Filter/Page_Home/input__select2-search__field'

28-01-2025T17:57:37 - [TEST_STEP][PASSED] - sendKeys(findTestObject("Object Repository/Specific Cases Repository/LS/Home/Census/Census_Filters/Page_Home/Program_Filter/Page_Home/input__select2-search__field"), Keys.chord(ENTER)): Keys 'ENTER + ' sent to object: 'Object Repository/Specific Cases Repository/LS/Home/Census/Census_Filters/Page_Home/Program_Filter/Page_Home/input__select2-search__field'

28-01-2025T17:57:37 - [MESSAGE][PASSED] - Keys 'ENTER + ' sent to object: 'Object Repository/Specific Cases Repository/LS/Home/Census/Census_Filters/Page_Home/Program_Filter/Page_Home/input__select2-search__field'

28-01-2025T17:57:37 - [TEST_STEP][PASSED] - click(findTestObject("Object Repository/Specific Cases Repository/LS/Home/Census/Census_Filters/Page_Home/Program_Filter/Page_Home/span_")): Object: 'Object Repository/Specific Cases Repository/LS/Home/Census/Census_Filters/Page_Home/Program_Filter/Page_Home/span_' is clicked on

28-01-2025T17:57:39 - [MESSAGE][PASSED] - Object: 'Object Repository/Specific Cases Repository/LS/Home/Census/Census_Filters/Page_Home/Program_Filter/Page_Home/span_' is clicked on

28-01-2025T17:57:39 - [TEST_STEP][PASSED] - verifyElementPresent(findTestObject("Object Repository/Specific Cases Repository/LS/Home/Census/Census_Filters/Page_Home/Program_Filter/Page_Home/td_Outpatient"), 0): Object 'Object Repository/Specific Cases Repository/LS/Home/Census/Census_Filters/Page_Home/Program_Filter/Page_Home/td_Outpatient' is present

28-01-2025T17:57:39 - [MESSAGE][WARNING] - Timeout '0' is invalid. Using default page load timeout: '30'

28-01-2025T17:57:40 - [MESSAGE][PASSED] - Object 'Object Repository/Specific Cases Repository/LS/Home/Census/Census_Filters/Page_Home/Program_Filter/Page_Home/td_Outpatient' is present

28-01-2025T17:57:40 - [TEST_STEP][PASSED] - verifyElementNotPresent(findTestObject("Object Repository/Specific Cases Repository/LS/Home/Census/Census_Filters/Page_Home/Program_Filter/Page_Home/td_Detoxification"), 0): Web element with id: 'Object Repository/Specific Cases Repository/LS/Home/Census/Census_Filters/Page_Home/Program_Filter/Page_Home/td_Detoxification' located by 'By.xpath: //tr[@class='odd']//td[contains(text(),'Detoxification')]' is not present after '30' second(s)

28-01-2025T17:57:40 - [MESSAGE][WARNING] - Timeout '0' is invalid. Using default page load timeout: '30'

28-01-2025T17:57:40 - [MESSAGE][PASSED] - Web element with id: 'Object Repository/Specific Cases Repository/LS/Home/Census/Census_Filters/Page_Home/Program_Filter/Page_Home/td_Detoxification' located by 'By.xpath: //tr[@class='odd']//td[contains(text(),'Detoxification')]' is not present after '30' second(s)

28-01-2025T17:57:40 - [TEST_STEP][PASSED] - click(findTestObject("Object Repository/Specific Cases Repository/LS/Home/Census/Census_Filters/Page_Home/Program_Filter/Page_Home/span_")): Object: 'Object Repository/Specific Cases Repository/LS/Home/Census/Census_Filters/Page_Home/Program_Filter/Page_Home/span_' is clicked on

28-01-2025T17:57:40 - [MESSAGE][PASSED] - Object: 'Object Repository/Specific Cases Repository/LS/Home/Census/Census_Filters/Page_Home/Program_Filter/Page_Home/span_' is clicked on

28-01-2025T17:57:40 - [TEST_STEP][PASSED] - click(findTestObject("Object Repository/Specific Cases Repository/LS/Home/Census/Census_Filters/Page_Home/Program_Filter/Page_Home/ul_All")): Object: 'Object Repository/Specific Cases Repository/LS/Home/Census/Census_Filters/Page_Home/Program_Filter/Page_Home/ul_All' is clicked on

28-01-2025T17:57:41 - [MESSAGE][PASSED] - Object: 'Object Repository/Specific Cases Repository/LS/Home/Census/Census_Filters/Page_Home/Program_Filter/Page_Home/ul_All' is clicked on

28-01-2025T17:57:41 - [TEST_STEP][PASSED] - setText(findTestObject("Object Repository/Specific Cases Repository/LS/Home/Census/Census_Filters/Page_Home/Program_Filter/Page_Home/input__select2-search__field"), "all"): Text 'all' is set on object 'Object Repository/Specific Cases Repository/LS/Home/Census/Census_Filters/Page_Home/Program_Filter/Page_Home/input__select2-search__field'

28-01-2025T17:57:42 - [MESSAGE][PASSED] - Text 'all' is set on object 'Object Repository/Specific Cases Repository/LS/Home/Census/Census_Filters/Page_Home/Program_Filter/Page_Home/input__select2-search__field'

28-01-2025T17:57:42 - [TEST_STEP][PASSED] - sendKeys(findTestObject("Object Repository/Specific Cases Repository/LS/Home/Census/Census_Filters/Page_Home/Program_Filter/Page_Home/input__select2-search__field"), Keys.chord(ENTER)): Keys 'ENTER + ' sent to object: 'Object Repository/Specific Cases Repository/LS/Home/Census/Census_Filters/Page_Home/Program_Filter/Page_Home/input__select2-search__field'

28-01-2025T17:57:43 - [MESSAGE][PASSED] - Keys 'ENTER + ' sent to object: 'Object Repository/Specific Cases Repository/LS/Home/Census/Census_Filters/Page_Home/Program_Filter/Page_Home/input__select2-search__field'

28-01-2025T17:57:43 - [TEST_STEP][PASSED] - waitForPageLoad(30): Wait for page load successfully

28-01-2025T17:57:43 - [MESSAGE][PASSED] - Wait for page load successfully

28-01-2025T17:57:43 - [TEST_STEP][PASSED] - click(findTestObject("Object Repository/Specific Cases Repository/LS/Home/Census/Census_Filters/Page_Home/Program_Filter/Page_Home/ul_All")): Object: 'Object Repository/Specific Cases Repository/LS/Home/Census/Census_Filters/Page_Home/Program_Filter/Page_Home/ul_All' is clicked on

28-01-2025T17:57:44 - [MESSAGE][PASSED] - Object: 'Object Repository/Specific Cases Repository/LS/Home/Census/Census_Filters/Page_Home/Program_Filter/Page_Home/ul_All' is clicked on

28-01-2025T17:57:44 - [TEST_STEP][PASSED] - setText(findTestObject("Object Repository/Specific Cases Repository/LS/Home/Census/Census_Filters/Page_Home/Program_Filter/Page_Home/input__select2-search__field"), "all"): Text 'all' is set on object 'Object Repository/Specific Cases Repository/LS/Home/Census/Census_Filters/Page_Home/Program_Filter/Page_Home/input__select2-search__field'

28-01-2025T17:57:45 - [MESSAGE][PASSED] - Text 'all' is set on object 'Object Repository/Specific Cases Repository/LS/Home/Census/Census_Filters/Page_Home/Program_Filter/Page_Home/input__select2-search__field'

28-01-2025T17:57:45 - [TEST_STEP][PASSED] - sendKeys(findTestObject("Object Repository/Specific Cases Repository/LS/Home/Census/Census_Filters/Page_Home/Program_Filter/Page_Home/input__select2-search__field"), Keys.chord(ENTER)): Keys 'ENTER + ' sent to object: 'Object Repository/Specific Cases Repository/LS/Home/Census/Census_Filters/Page_Home/Program_Filter/Page_Home/input__select2-search__field'

28-01-2025T17:57:45 - [MESSAGE][PASSED] - Keys 'ENTER + ' sent to object: 'Object Repository/Specific Cases Repository/LS/Home/Census/Census_Filters/Page_Home/Program_Filter/Page_Home/input__select2-search__field'

28-01-2025T17:57:45 - [TEST_STEP][PASSED] - closeBrowser(): Browser is closed

28-01-2025T17:57:46 - [MESSAGE][PASSED] - Browser is closed]]></system-out>
         <system-err><![CDATA[]]></system-err>
      </testcase>
      <testcase name="Test Cases/Specific Cases/LS/General/Census/Census/Census_Sorting" time="77.817" classname="Test Cases/Specific Cases/LS/General/Census/Census/Census_Sorting" status="PASSED">
         <system-out><![CDATA[28-01-2025T17:57:46 - [TEST_CASE][PASSED] - Test Cases/Specific Cases/LS/General/Census/Census/Census_Sorting: Test Cases/Specific Cases/LS/General/Census/Census/Census_Sorting

28-01-2025T17:57:46 - [TEST_STEP][PASSED] - callTestCase(findTestCase("Common Cases/Login"), [:], STOP_ON_FAILURE): Call Test Case 'Test Cases/Common Cases/Login' successfully

28-01-2025T17:57:46 - [TEST_CASE][PASSED] - Test Cases/Common Cases/Login: Test Cases/Common Cases/Login

28-01-2025T17:57:46 - [TEST_STEP][PASSED] - openBrowser(""): Browser is opened with url: ''

28-01-2025T17:57:46 - [MESSAGE][INFO] - Starting 'Chrome' driver

28-01-2025T17:57:46 - [MESSAGE][INFO] - Action delay is set to 0 milliseconds

28-01-2025T17:57:46 - [MESSAGE][PASSED] - Browser is opened with url: ''

28-01-2025T17:57:46 - [TEST_STEP][PASSED] - maximizeWindow(): Current window maximized

28-01-2025T17:57:46 - [MESSAGE][PASSED] - Current window maximized

28-01-2025T17:57:46 - [TEST_STEP][PASSED] - navigateToUrl("https://site17.lsapp.cloud/auth/login"): Navigate to 'https://site17.lsapp.cloud/auth/login' successfully

28-01-2025T17:57:51 - [MESSAGE][PASSED] - Navigate to 'https://site17.lsapp.cloud/auth/login' successfully

28-01-2025T17:57:51 - [TEST_STEP][PASSED] - setText(findTestObject("Object Repository/Common Cases Repository/Login/Page_Lightning Step/input_Email_email"), "automation@lightningstep.com"): Text 'automation@lightningstep.com' is set on object 'Object Repository/Common Cases Repository/Login/Page_Lightning Step/input_Email_email'

28-01-2025T17:57:52 - [MESSAGE][PASSED] - Text 'automation@lightningstep.com' is set on object 'Object Repository/Common Cases Repository/Login/Page_Lightning Step/input_Email_email'

28-01-2025T17:57:52 - [TEST_STEP][PASSED] - setEncryptedText(findTestObject("Object Repository/Common Cases Repository/Login/Page_Lightning Step/input_Password_password"), "e5N8VHmnhJDITtQaQhDQDw=="): Text ****** has been set on object 'Object Repository/Common Cases Repository/Login/Page_Lightning Step/input_Password_password'

28-01-2025T17:57:52 - [MESSAGE][PASSED] - Text ****** has been set on object 'Object Repository/Common Cases Repository/Login/Page_Lightning Step/input_Password_password'

28-01-2025T17:57:52 - [TEST_STEP][PASSED] - click(findTestObject("Object Repository/Common Cases Repository/Login/Page_Lightning Step/button_Sign in")): Object: 'Object Repository/Common Cases Repository/Login/Page_Lightning Step/button_Sign in' is clicked on

28-01-2025T17:57:58 - [MESSAGE][PASSED] - Object: 'Object Repository/Common Cases Repository/Login/Page_Lightning Step/button_Sign in' is clicked on

28-01-2025T17:57:58 - [MESSAGE][PASSED] - Call Test Case 'Test Cases/Common Cases/Login' successfully

28-01-2025T17:57:58 - [TEST_STEP][PASSED] - click(findTestObject("Object Repository/Specific Cases Repository/LS/Home/Census/Census Sorting/Page_Home/a_Census")): Object: 'Object Repository/Specific Cases Repository/LS/Home/Census/Census Sorting/Page_Home/a_Census' is clicked on

28-01-2025T17:58:08 - [MESSAGE][PASSED] - Object: 'Object Repository/Specific Cases Repository/LS/Home/Census/Census Sorting/Page_Home/a_Census' is clicked on

28-01-2025T17:58:08 - [TEST_STEP][PASSED] - click(findTestObject("Object Repository/Specific Cases Repository/LS/Home/Census/Census Sorting/Page_Home/th_Client")): Object: 'Object Repository/Specific Cases Repository/LS/Home/Census/Census Sorting/Page_Home/th_Client' is clicked on

28-01-2025T17:58:11 - [MESSAGE][PASSED] - Object: 'Object Repository/Specific Cases Repository/LS/Home/Census/Census Sorting/Page_Home/th_Client' is clicked on

28-01-2025T17:58:11 - [TEST_STEP][PASSED] - click(findTestObject("Object Repository/Specific Cases Repository/LS/Home/Census/Census Sorting/Page_Home/th_Client")): Object: 'Object Repository/Specific Cases Repository/LS/Home/Census/Census Sorting/Page_Home/th_Client' is clicked on

28-01-2025T17:58:13 - [MESSAGE][PASSED] - Object: 'Object Repository/Specific Cases Repository/LS/Home/Census/Census Sorting/Page_Home/th_Client' is clicked on

28-01-2025T17:58:13 - [TEST_STEP][PASSED] - click(findTestObject("Object Repository/Specific Cases Repository/LS/Home/Census/Census Sorting/Page_Home/th_Client")): Object: 'Object Repository/Specific Cases Repository/LS/Home/Census/Census Sorting/Page_Home/th_Client' is clicked on

28-01-2025T17:58:14 - [MESSAGE][PASSED] - Object: 'Object Repository/Specific Cases Repository/LS/Home/Census/Census Sorting/Page_Home/th_Client' is clicked on

28-01-2025T17:58:14 - [TEST_STEP][PASSED] - click(findTestObject("Object Repository/Specific Cases Repository/LS/Home/Census/Census Sorting/Page_Home/th_MRN")): Object: 'Object Repository/Specific Cases Repository/LS/Home/Census/Census Sorting/Page_Home/th_MRN' is clicked on

28-01-2025T17:58:15 - [MESSAGE][PASSED] - Object: 'Object Repository/Specific Cases Repository/LS/Home/Census/Census Sorting/Page_Home/th_MRN' is clicked on

28-01-2025T17:58:15 - [TEST_STEP][PASSED] - click(findTestObject("Object Repository/Specific Cases Repository/LS/Home/Census/Census Sorting/Page_Home/th_MRN")): Object: 'Object Repository/Specific Cases Repository/LS/Home/Census/Census Sorting/Page_Home/th_MRN' is clicked on

28-01-2025T17:58:17 - [MESSAGE][PASSED] - Object: 'Object Repository/Specific Cases Repository/LS/Home/Census/Census Sorting/Page_Home/th_MRN' is clicked on

28-01-2025T17:58:17 - [TEST_STEP][PASSED] - click(findTestObject("Object Repository/Specific Cases Repository/LS/Home/Census/Census Sorting/Page_Home/th_MRN")): Object: 'Object Repository/Specific Cases Repository/LS/Home/Census/Census Sorting/Page_Home/th_MRN' is clicked on

28-01-2025T17:58:19 - [MESSAGE][PASSED] - Object: 'Object Repository/Specific Cases Repository/LS/Home/Census/Census Sorting/Page_Home/th_MRN' is clicked on

28-01-2025T17:58:19 - [TEST_STEP][PASSED] - click(findTestObject("Object Repository/Specific Cases Repository/LS/Home/Census/Census Sorting/Page_Home/th_DOB")): Object: 'Object Repository/Specific Cases Repository/LS/Home/Census/Census Sorting/Page_Home/th_DOB' is clicked on

28-01-2025T17:58:20 - [MESSAGE][PASSED] - Object: 'Object Repository/Specific Cases Repository/LS/Home/Census/Census Sorting/Page_Home/th_DOB' is clicked on

28-01-2025T17:58:20 - [TEST_STEP][PASSED] - click(findTestObject("Object Repository/Specific Cases Repository/LS/Home/Census/Census Sorting/Page_Home/th_DOB")): Object: 'Object Repository/Specific Cases Repository/LS/Home/Census/Census Sorting/Page_Home/th_DOB' is clicked on

28-01-2025T17:58:22 - [MESSAGE][PASSED] - Object: 'Object Repository/Specific Cases Repository/LS/Home/Census/Census Sorting/Page_Home/th_DOB' is clicked on

28-01-2025T17:58:22 - [TEST_STEP][PASSED] - click(findTestObject("Object Repository/Specific Cases Repository/LS/Home/Census/Census Sorting/Page_Home/th_DOB")): Object: 'Object Repository/Specific Cases Repository/LS/Home/Census/Census Sorting/Page_Home/th_DOB' is clicked on

28-01-2025T17:58:24 - [MESSAGE][PASSED] - Object: 'Object Repository/Specific Cases Repository/LS/Home/Census/Census Sorting/Page_Home/th_DOB' is clicked on

28-01-2025T17:58:24 - [TEST_STEP][PASSED] - click(findTestObject("Object Repository/Specific Cases Repository/LS/Home/Census/Census Sorting/Page_Home/th_Admission")): Object: 'Object Repository/Specific Cases Repository/LS/Home/Census/Census Sorting/Page_Home/th_Admission' is clicked on

28-01-2025T17:58:25 - [MESSAGE][PASSED] - Object: 'Object Repository/Specific Cases Repository/LS/Home/Census/Census Sorting/Page_Home/th_Admission' is clicked on

28-01-2025T17:58:25 - [TEST_STEP][PASSED] - click(findTestObject("Object Repository/Specific Cases Repository/LS/Home/Census/Census Sorting/Page_Home/th_Admission")): Object: 'Object Repository/Specific Cases Repository/LS/Home/Census/Census Sorting/Page_Home/th_Admission' is clicked on

28-01-2025T17:58:26 - [MESSAGE][PASSED] - Object: 'Object Repository/Specific Cases Repository/LS/Home/Census/Census Sorting/Page_Home/th_Admission' is clicked on

28-01-2025T17:58:26 - [TEST_STEP][PASSED] - click(findTestObject("Object Repository/Specific Cases Repository/LS/Home/Census/Census Sorting/Page_Home/th_Admission")): Object: 'Object Repository/Specific Cases Repository/LS/Home/Census/Census Sorting/Page_Home/th_Admission' is clicked on

28-01-2025T17:58:28 - [MESSAGE][PASSED] - Object: 'Object Repository/Specific Cases Repository/LS/Home/Census/Census Sorting/Page_Home/th_Admission' is clicked on

28-01-2025T17:58:28 - [TEST_STEP][PASSED] - click(findTestObject("Object Repository/Specific Cases Repository/LS/Home/Census/Census Sorting/Page_Home/th_Program Admission")): Object: 'Object Repository/Specific Cases Repository/LS/Home/Census/Census Sorting/Page_Home/th_Program Admission' is clicked on

28-01-2025T17:58:29 - [MESSAGE][PASSED] - Object: 'Object Repository/Specific Cases Repository/LS/Home/Census/Census Sorting/Page_Home/th_Program Admission' is clicked on

28-01-2025T17:58:29 - [TEST_STEP][PASSED] - click(findTestObject("Object Repository/Specific Cases Repository/LS/Home/Census/Census Sorting/Page_Home/th_Program Admission")): Object: 'Object Repository/Specific Cases Repository/LS/Home/Census/Census Sorting/Page_Home/th_Program Admission' is clicked on

28-01-2025T17:58:30 - [MESSAGE][PASSED] - Object: 'Object Repository/Specific Cases Repository/LS/Home/Census/Census Sorting/Page_Home/th_Program Admission' is clicked on

28-01-2025T17:58:30 - [TEST_STEP][PASSED] - click(findTestObject("Object Repository/Specific Cases Repository/LS/Home/Census/Census Sorting/Page_Home/th_Program Admission")): Object: 'Object Repository/Specific Cases Repository/LS/Home/Census/Census Sorting/Page_Home/th_Program Admission' is clicked on

28-01-2025T17:58:31 - [MESSAGE][PASSED] - Object: 'Object Repository/Specific Cases Repository/LS/Home/Census/Census Sorting/Page_Home/th_Program Admission' is clicked on

28-01-2025T17:58:31 - [TEST_STEP][PASSED] - click(findTestObject("Object Repository/Specific Cases Repository/LS/Home/Census/Census Sorting/Page_Home/th_Program")): Object: 'Object Repository/Specific Cases Repository/LS/Home/Census/Census Sorting/Page_Home/th_Program' is clicked on

28-01-2025T17:58:33 - [MESSAGE][PASSED] - Object: 'Object Repository/Specific Cases Repository/LS/Home/Census/Census Sorting/Page_Home/th_Program' is clicked on

28-01-2025T17:58:33 - [TEST_STEP][PASSED] - click(findTestObject("Object Repository/Specific Cases Repository/LS/Home/Census/Census Sorting/Page_Home/th_Program")): Object: 'Object Repository/Specific Cases Repository/LS/Home/Census/Census Sorting/Page_Home/th_Program' is clicked on

28-01-2025T17:58:34 - [MESSAGE][PASSED] - Object: 'Object Repository/Specific Cases Repository/LS/Home/Census/Census Sorting/Page_Home/th_Program' is clicked on

28-01-2025T17:58:34 - [TEST_STEP][PASSED] - click(findTestObject("Object Repository/Specific Cases Repository/LS/Home/Census/Census Sorting/Page_Home/th_Program")): Object: 'Object Repository/Specific Cases Repository/LS/Home/Census/Census Sorting/Page_Home/th_Program' is clicked on

28-01-2025T17:58:36 - [MESSAGE][PASSED] - Object: 'Object Repository/Specific Cases Repository/LS/Home/Census/Census Sorting/Page_Home/th_Program' is clicked on

28-01-2025T17:58:36 - [TEST_STEP][PASSED] - click(findTestObject("Object Repository/Specific Cases Repository/LS/Home/Census/Census Sorting/Page_Home/th_Location")): Object: 'Object Repository/Specific Cases Repository/LS/Home/Census/Census Sorting/Page_Home/th_Location' is clicked on

28-01-2025T17:58:37 - [MESSAGE][PASSED] - Object: 'Object Repository/Specific Cases Repository/LS/Home/Census/Census Sorting/Page_Home/th_Location' is clicked on

28-01-2025T17:58:37 - [TEST_STEP][PASSED] - click(findTestObject("Object Repository/Specific Cases Repository/LS/Home/Census/Census Sorting/Page_Home/th_Location")): Object: 'Object Repository/Specific Cases Repository/LS/Home/Census/Census Sorting/Page_Home/th_Location' is clicked on

28-01-2025T17:58:39 - [MESSAGE][PASSED] - Object: 'Object Repository/Specific Cases Repository/LS/Home/Census/Census Sorting/Page_Home/th_Location' is clicked on

28-01-2025T17:58:39 - [TEST_STEP][PASSED] - click(findTestObject("Object Repository/Specific Cases Repository/LS/Home/Census/Census Sorting/Page_Home/th_Location")): Object: 'Object Repository/Specific Cases Repository/LS/Home/Census/Census Sorting/Page_Home/th_Location' is clicked on

28-01-2025T17:58:40 - [MESSAGE][PASSED] - Object: 'Object Repository/Specific Cases Repository/LS/Home/Census/Census Sorting/Page_Home/th_Location' is clicked on

28-01-2025T17:58:40 - [TEST_STEP][PASSED] - click(findTestObject("Object Repository/Specific Cases Repository/LS/Home/Census/Census Sorting/Page_Home/th_Primary Counselor")): Object: 'Object Repository/Specific Cases Repository/LS/Home/Census/Census Sorting/Page_Home/th_Primary Counselor' is clicked on

28-01-2025T17:58:41 - [MESSAGE][PASSED] - Object: 'Object Repository/Specific Cases Repository/LS/Home/Census/Census Sorting/Page_Home/th_Primary Counselor' is clicked on

28-01-2025T17:58:41 - [TEST_STEP][PASSED] - click(findTestObject("Object Repository/Specific Cases Repository/LS/Home/Census/Census Sorting/Page_Home/th_Primary Counselor")): Object: 'Object Repository/Specific Cases Repository/LS/Home/Census/Census Sorting/Page_Home/th_Primary Counselor' is clicked on

28-01-2025T17:58:43 - [MESSAGE][PASSED] - Object: 'Object Repository/Specific Cases Repository/LS/Home/Census/Census Sorting/Page_Home/th_Primary Counselor' is clicked on

28-01-2025T17:58:43 - [TEST_STEP][PASSED] - click(findTestObject("Object Repository/Specific Cases Repository/LS/Home/Census/Census Sorting/Page_Home/th_Primary Counselor")): Object: 'Object Repository/Specific Cases Repository/LS/Home/Census/Census Sorting/Page_Home/th_Primary Counselor' is clicked on

28-01-2025T17:58:44 - [MESSAGE][PASSED] - Object: 'Object Repository/Specific Cases Repository/LS/Home/Census/Census Sorting/Page_Home/th_Primary Counselor' is clicked on

28-01-2025T17:58:44 - [TEST_STEP][PASSED] - click(findTestObject("Object Repository/Specific Cases Repository/LS/Home/Census/Census Sorting/Page_Home/th_Unit - Room - Bed")): Object: 'Object Repository/Specific Cases Repository/LS/Home/Census/Census Sorting/Page_Home/th_Unit - Room - Bed' is clicked on

28-01-2025T17:58:46 - [MESSAGE][PASSED] - Object: 'Object Repository/Specific Cases Repository/LS/Home/Census/Census Sorting/Page_Home/th_Unit - Room - Bed' is clicked on

28-01-2025T17:58:46 - [TEST_STEP][PASSED] - click(findTestObject("Object Repository/Specific Cases Repository/LS/Home/Census/Census Sorting/Page_Home/th_Unit - Room - Bed")): Object: 'Object Repository/Specific Cases Repository/LS/Home/Census/Census Sorting/Page_Home/th_Unit - Room - Bed' is clicked on

28-01-2025T17:58:47 - [MESSAGE][PASSED] - Object: 'Object Repository/Specific Cases Repository/LS/Home/Census/Census Sorting/Page_Home/th_Unit - Room - Bed' is clicked on

28-01-2025T17:58:47 - [TEST_STEP][PASSED] - click(findTestObject("Object Repository/Specific Cases Repository/LS/Home/Census/Census Sorting/Page_Home/th_Unit - Room - Bed")): Object: 'Object Repository/Specific Cases Repository/LS/Home/Census/Census Sorting/Page_Home/th_Unit - Room - Bed' is clicked on

28-01-2025T17:58:49 - [MESSAGE][PASSED] - Object: 'Object Repository/Specific Cases Repository/LS/Home/Census/Census Sorting/Page_Home/th_Unit - Room - Bed' is clicked on

28-01-2025T17:58:49 - [TEST_STEP][PASSED] - click(findTestObject("Object Repository/Specific Cases Repository/LS/Home/Census/Census Sorting/Page_Home/th_Authorized To")): Object: 'Object Repository/Specific Cases Repository/LS/Home/Census/Census Sorting/Page_Home/th_Authorized To' is clicked on

28-01-2025T17:58:50 - [MESSAGE][PASSED] - Object: 'Object Repository/Specific Cases Repository/LS/Home/Census/Census Sorting/Page_Home/th_Authorized To' is clicked on

28-01-2025T17:58:50 - [TEST_STEP][PASSED] - click(findTestObject("Object Repository/Specific Cases Repository/LS/Home/Census/Census Sorting/Page_Home/th_Authorized To")): Object: 'Object Repository/Specific Cases Repository/LS/Home/Census/Census Sorting/Page_Home/th_Authorized To' is clicked on

28-01-2025T17:58:51 - [MESSAGE][PASSED] - Object: 'Object Repository/Specific Cases Repository/LS/Home/Census/Census Sorting/Page_Home/th_Authorized To' is clicked on

28-01-2025T17:58:51 - [TEST_STEP][PASSED] - click(findTestObject("Object Repository/Specific Cases Repository/LS/Home/Census/Census Sorting/Page_Home/th_Authorized To")): Object: 'Object Repository/Specific Cases Repository/LS/Home/Census/Census Sorting/Page_Home/th_Authorized To' is clicked on

28-01-2025T17:58:52 - [MESSAGE][PASSED] - Object: 'Object Repository/Specific Cases Repository/LS/Home/Census/Census Sorting/Page_Home/th_Authorized To' is clicked on

28-01-2025T17:58:52 - [TEST_STEP][PASSED] - click(findTestObject("Object Repository/Specific Cases Repository/LS/Home/Census/Census Sorting/Page_Home/th_Referral Source")): Object: 'Object Repository/Specific Cases Repository/LS/Home/Census/Census Sorting/Page_Home/th_Referral Source' is clicked on

28-01-2025T17:58:53 - [MESSAGE][PASSED] - Object: 'Object Repository/Specific Cases Repository/LS/Home/Census/Census Sorting/Page_Home/th_Referral Source' is clicked on

28-01-2025T17:58:53 - [TEST_STEP][PASSED] - click(findTestObject("Object Repository/Specific Cases Repository/LS/Home/Census/Census Sorting/Page_Home/th_Referral Source")): Object: 'Object Repository/Specific Cases Repository/LS/Home/Census/Census Sorting/Page_Home/th_Referral Source' is clicked on

28-01-2025T17:58:54 - [MESSAGE][PASSED] - Object: 'Object Repository/Specific Cases Repository/LS/Home/Census/Census Sorting/Page_Home/th_Referral Source' is clicked on

28-01-2025T17:58:54 - [TEST_STEP][PASSED] - click(findTestObject("Object Repository/Specific Cases Repository/LS/Home/Census/Census Sorting/Page_Home/th_Referral Source")): Object: 'Object Repository/Specific Cases Repository/LS/Home/Census/Census Sorting/Page_Home/th_Referral Source' is clicked on

28-01-2025T17:58:56 - [MESSAGE][PASSED] - Object: 'Object Repository/Specific Cases Repository/LS/Home/Census/Census Sorting/Page_Home/th_Referral Source' is clicked on

28-01-2025T17:58:56 - [TEST_STEP][PASSED] - click(findTestObject("Object Repository/Specific Cases Repository/LS/Home/Census/Census Sorting/Page_Home/th_Proj Discharge")): Object: 'Object Repository/Specific Cases Repository/LS/Home/Census/Census Sorting/Page_Home/th_Proj Discharge' is clicked on

28-01-2025T17:58:57 - [MESSAGE][PASSED] - Object: 'Object Repository/Specific Cases Repository/LS/Home/Census/Census Sorting/Page_Home/th_Proj Discharge' is clicked on

28-01-2025T17:58:57 - [TEST_STEP][PASSED] - click(findTestObject("Object Repository/Specific Cases Repository/LS/Home/Census/Census Sorting/Page_Home/th_Proj Discharge")): Object: 'Object Repository/Specific Cases Repository/LS/Home/Census/Census Sorting/Page_Home/th_Proj Discharge' is clicked on

28-01-2025T17:58:58 - [MESSAGE][PASSED] - Object: 'Object Repository/Specific Cases Repository/LS/Home/Census/Census Sorting/Page_Home/th_Proj Discharge' is clicked on

28-01-2025T17:58:58 - [TEST_STEP][PASSED] - click(findTestObject("Object Repository/Specific Cases Repository/LS/Home/Census/Census Sorting/Page_Home/th_Proj Discharge")): Object: 'Object Repository/Specific Cases Repository/LS/Home/Census/Census Sorting/Page_Home/th_Proj Discharge' is clicked on

28-01-2025T17:59:00 - [MESSAGE][PASSED] - Object: 'Object Repository/Specific Cases Repository/LS/Home/Census/Census Sorting/Page_Home/th_Proj Discharge' is clicked on

28-01-2025T17:59:00 - [TEST_STEP][PASSED] - click(findTestObject("Object Repository/Specific Cases Repository/LS/Home/Census/Census Sorting/Page_Home/th_Payor")): Object: 'Object Repository/Specific Cases Repository/LS/Home/Census/Census Sorting/Page_Home/th_Payor' is clicked on

28-01-2025T17:59:01 - [MESSAGE][PASSED] - Object: 'Object Repository/Specific Cases Repository/LS/Home/Census/Census Sorting/Page_Home/th_Payor' is clicked on

28-01-2025T17:59:01 - [TEST_STEP][PASSED] - click(findTestObject("Object Repository/Specific Cases Repository/LS/Home/Census/Census Sorting/Page_Home/th_Payor")): Object: 'Object Repository/Specific Cases Repository/LS/Home/Census/Census Sorting/Page_Home/th_Payor' is clicked on

28-01-2025T17:59:02 - [MESSAGE][PASSED] - Object: 'Object Repository/Specific Cases Repository/LS/Home/Census/Census Sorting/Page_Home/th_Payor' is clicked on

28-01-2025T17:59:02 - [TEST_STEP][PASSED] - click(findTestObject("Object Repository/Specific Cases Repository/LS/Home/Census/Census Sorting/Page_Home/th_Payor")): Object: 'Object Repository/Specific Cases Repository/LS/Home/Census/Census Sorting/Page_Home/th_Payor' is clicked on

28-01-2025T17:59:03 - [MESSAGE][PASSED] - Object: 'Object Repository/Specific Cases Repository/LS/Home/Census/Census Sorting/Page_Home/th_Payor' is clicked on

28-01-2025T17:59:03 - [TEST_STEP][PASSED] - closeBrowser(): Browser is closed

28-01-2025T17:59:03 - [MESSAGE][PASSED] - Browser is closed]]></system-out>
         <system-err><![CDATA[]]></system-err>
      </testcase>
      <testcase name="Test Cases/Specific Cases/LS/General/Census/Census/Census_Searching_and_Toggle_Columns" time="67.69" classname="Test Cases/Specific Cases/LS/General/Census/Census/Census_Searching_and_Toggle_Columns" status="FAILED">
         <failure type="FAILED" message="Test Cases/Specific Cases/LS/General/Census/Census/Census_Searching_and_Toggle_Columns FAILED.&#xa;Reason:&#xa;com.kms.katalon.core.exception.StepFailedException: Verify element text of test object 'Object Repository/Specific Cases Repository/LS/Home/Census/Census_Searchin_and_Toggle_Columns/Page_Home/a_B Automation, B Client' FAILED.&#xa;	at com.kms.katalon.core.webui.keyword.internal.WebUIKeywordMain.stepFailed(WebUIKeywordMain.groovy:117)&#xa;	at com.kms.katalon.core.webui.keyword.internal.WebUIKeywordMain.runKeyword(WebUIKeywordMain.groovy:43)&#xa;	at com.kms.katalon.core.webui.keyword.builtin.VerifyElementTextKeyword.verifyElementText(VerifyElementTextKeyword.groovy:72)&#xa;	at com.kms.katalon.core.webui.keyword.builtin.VerifyElementTextKeyword.execute(VerifyElementTextKeyword.groovy:40)&#xa;	at com.kms.katalon.core.keyword.internal.KeywordExecutor.executeKeywordForPlatform(KeywordExecutor.groovy:74)&#xa;	at com.kms.katalon.core.webui.keyword.WebUiBuiltInKeywords.verifyElementText(WebUiBuiltInKeywords.groovy:4835)&#xa;	at Census_Searching_and_Toggle_Columns.run(Census_Searching_and_Toggle_Columns:47)&#xa;	at com.kms.katalon.core.main.ScriptEngine.run(ScriptEngine.java:194)&#xa;	at com.kms.katalon.core.main.ScriptEngine.runScriptAsRawText(ScriptEngine.java:119)&#xa;	at com.kms.katalon.core.main.TestCaseExecutor.runScript(TestCaseExecutor.java:448)&#xa;	at com.kms.katalon.core.main.TestCaseExecutor.doExecute(TestCaseExecutor.java:439)&#xa;	at com.kms.katalon.core.main.TestCaseExecutor.processExecutionPhase(TestCaseExecutor.java:418)&#xa;	at com.kms.katalon.core.main.TestCaseExecutor.accessMainPhase(TestCaseExecutor.java:410)&#xa;	at com.kms.katalon.core.main.TestCaseExecutor.execute(TestCaseExecutor.java:285)&#xa;	at com.kms.katalon.core.common.CommonExecutor.accessTestCaseMainPhase(CommonExecutor.java:65)&#xa;	at com.kms.katalon.core.main.TestSuiteExecutor.accessTestSuiteMainPhase(TestSuiteExecutor.java:150)&#xa;	at com.kms.katalon.core.main.TestSuiteExecutor.execute(TestSuiteExecutor.java:106)&#xa;	at com.kms.katalon.core.main.TestCaseMain.startTestSuite(TestCaseMain.java:180)&#xa;	at TempTestSuite1738104958703.run(TempTestSuite1738104958703.groovy:35)&#xa;	at java.base/jdk.internal.reflect.NativeMethodAccessorImpl.invoke0(Native Method)&#xa;	at java.base/jdk.internal.reflect.NativeMethodAccessorImpl.invoke(NativeMethodAccessorImpl.java:77)&#xa;	at java.base/jdk.internal.reflect.DelegatingMethodAccessorImpl.invoke(DelegatingMethodAccessorImpl.java:43)&#xa;Caused by: com.kms.katalon.core.exception.StepFailedException: com.kms.katalon.core.webui.exception.WebElementNotFoundException: Web element with id: 'Object Repository/Specific Cases Repository/LS/Home/Census/Census_Searchin_and_Toggle_Columns/Page_Home/a_B Automation, B Client' located by '//a[normalize-space()='B Automation, B Client']' not found&#xa;	at com.kms.katalon.core.webui.keyword.internal.WebUIKeywordMain.stepFailed(WebUIKeywordMain.groovy:117)&#xa;	at com.kms.katalon.core.webui.keyword.builtin.VerifyElementTextKeyword$_verifyElementText_closure1.doCall(VerifyElementTextKeyword.groovy:64)&#xa;	at com.kms.katalon.core.webui.keyword.builtin.VerifyElementTextKeyword$_verifyElementText_closure1.call(VerifyElementTextKeyword.groovy)&#xa;	at com.kms.katalon.core.webui.keyword.internal.WebUIKeywordMain.runKeyword(WebUIKeywordMain.groovy:35)&#xa;	... 20 more&#xa;"/>
         <system-out><![CDATA[28-01-2025T17:59:03 - [TEST_CASE][FAILED] - Test Cases/Specific Cases/LS/General/Census/Census/Census_Searching_and_Toggle_Columns: Test Cases/Specific Cases/LS/General/Census/Census/Census_Searching_and_Toggle_Columns FAILED.
Reason:
com.kms.katalon.core.exception.StepFailedException: Verify element text of test object 'Object Repository/Specific Cases Repository/LS/Home/Census/Census_Searchin_and_Toggle_Columns/Page_Home/a_B Automation, B Client' FAILED.
	at com.kms.katalon.core.webui.keyword.internal.WebUIKeywordMain.stepFailed(WebUIKeywordMain.groovy:117)
	at com.kms.katalon.core.webui.keyword.internal.WebUIKeywordMain.runKeyword(WebUIKeywordMain.groovy:43)
	at com.kms.katalon.core.webui.keyword.builtin.VerifyElementTextKeyword.verifyElementText(VerifyElementTextKeyword.groovy:72)
	at com.kms.katalon.core.webui.keyword.builtin.VerifyElementTextKeyword.execute(VerifyElementTextKeyword.groovy:40)
	at com.kms.katalon.core.keyword.internal.KeywordExecutor.executeKeywordForPlatform(KeywordExecutor.groovy:74)
	at com.kms.katalon.core.webui.keyword.WebUiBuiltInKeywords.verifyElementText(WebUiBuiltInKeywords.groovy:4835)
	at Census_Searching_and_Toggle_Columns.run(Census_Searching_and_Toggle_Columns:47)
	at com.kms.katalon.core.main.ScriptEngine.run(ScriptEngine.java:194)
	at com.kms.katalon.core.main.ScriptEngine.runScriptAsRawText(ScriptEngine.java:119)
	at com.kms.katalon.core.main.TestCaseExecutor.runScript(TestCaseExecutor.java:448)
	at com.kms.katalon.core.main.TestCaseExecutor.doExecute(TestCaseExecutor.java:439)
	at com.kms.katalon.core.main.TestCaseExecutor.processExecutionPhase(TestCaseExecutor.java:418)
	at com.kms.katalon.core.main.TestCaseExecutor.accessMainPhase(TestCaseExecutor.java:410)
	at com.kms.katalon.core.main.TestCaseExecutor.execute(TestCaseExecutor.java:285)
	at com.kms.katalon.core.common.CommonExecutor.accessTestCaseMainPhase(CommonExecutor.java:65)
	at com.kms.katalon.core.main.TestSuiteExecutor.accessTestSuiteMainPhase(TestSuiteExecutor.java:150)
	at com.kms.katalon.core.main.TestSuiteExecutor.execute(TestSuiteExecutor.java:106)
	at com.kms.katalon.core.main.TestCaseMain.startTestSuite(TestCaseMain.java:180)
	at TempTestSuite1738104958703.run(TempTestSuite1738104958703.groovy:35)
	at java.base/jdk.internal.reflect.NativeMethodAccessorImpl.invoke0(Native Method)
	at java.base/jdk.internal.reflect.NativeMethodAccessorImpl.invoke(NativeMethodAccessorImpl.java:77)
	at java.base/jdk.internal.reflect.DelegatingMethodAccessorImpl.invoke(DelegatingMethodAccessorImpl.java:43)
Caused by: com.kms.katalon.core.exception.StepFailedException: com.kms.katalon.core.webui.exception.WebElementNotFoundException: Web element with id: 'Object Repository/Specific Cases Repository/LS/Home/Census/Census_Searchin_and_Toggle_Columns/Page_Home/a_B Automation, B Client' located by '//a[normalize-space()='B Automation, B Client']' not found
	at com.kms.katalon.core.webui.keyword.internal.WebUIKeywordMain.stepFailed(WebUIKeywordMain.groovy:117)
	at com.kms.katalon.core.webui.keyword.builtin.VerifyElementTextKeyword$_verifyElementText_closure1.doCall(VerifyElementTextKeyword.groovy:64)
	at com.kms.katalon.core.webui.keyword.builtin.VerifyElementTextKeyword$_verifyElementText_closure1.call(VerifyElementTextKeyword.groovy)
	at com.kms.katalon.core.webui.keyword.internal.WebUIKeywordMain.runKeyword(WebUIKeywordMain.groovy:35)
	... 20 more


28-01-2025T17:59:04 - [TEST_STEP][PASSED] - callTestCase(findTestCase("Common Cases/Login"), [:], STOP_ON_FAILURE): Call Test Case 'Test Cases/Common Cases/Login' successfully

28-01-2025T17:59:04 - [TEST_CASE][PASSED] - Test Cases/Common Cases/Login: Test Cases/Common Cases/Login

28-01-2025T17:59:04 - [TEST_STEP][PASSED] - openBrowser(""): Browser is opened with url: ''

28-01-2025T17:59:04 - [MESSAGE][INFO] - Starting 'Chrome' driver

28-01-2025T17:59:04 - [MESSAGE][INFO] - Action delay is set to 0 milliseconds

28-01-2025T17:59:04 - [MESSAGE][PASSED] - Browser is opened with url: ''

28-01-2025T17:59:04 - [TEST_STEP][PASSED] - maximizeWindow(): Current window maximized

28-01-2025T17:59:04 - [MESSAGE][PASSED] - Current window maximized

28-01-2025T17:59:04 - [TEST_STEP][PASSED] - navigateToUrl("https://site17.lsapp.cloud/auth/login"): Navigate to 'https://site17.lsapp.cloud/auth/login' successfully

28-01-2025T17:59:09 - [MESSAGE][PASSED] - Navigate to 'https://site17.lsapp.cloud/auth/login' successfully

28-01-2025T17:59:09 - [TEST_STEP][PASSED] - setText(findTestObject("Object Repository/Common Cases Repository/Login/Page_Lightning Step/input_Email_email"), "automation@lightningstep.com"): Text 'automation@lightningstep.com' is set on object 'Object Repository/Common Cases Repository/Login/Page_Lightning Step/input_Email_email'

28-01-2025T17:59:10 - [MESSAGE][PASSED] - Text 'automation@lightningstep.com' is set on object 'Object Repository/Common Cases Repository/Login/Page_Lightning Step/input_Email_email'

28-01-2025T17:59:10 - [TEST_STEP][PASSED] - setEncryptedText(findTestObject("Object Repository/Common Cases Repository/Login/Page_Lightning Step/input_Password_password"), "e5N8VHmnhJDITtQaQhDQDw=="): Text ****** has been set on object 'Object Repository/Common Cases Repository/Login/Page_Lightning Step/input_Password_password'

28-01-2025T17:59:10 - [MESSAGE][PASSED] - Text ****** has been set on object 'Object Repository/Common Cases Repository/Login/Page_Lightning Step/input_Password_password'

28-01-2025T17:59:10 - [TEST_STEP][PASSED] - click(findTestObject("Object Repository/Common Cases Repository/Login/Page_Lightning Step/button_Sign in")): Object: 'Object Repository/Common Cases Repository/Login/Page_Lightning Step/button_Sign in' is clicked on

28-01-2025T17:59:20 - [MESSAGE][PASSED] - Object: 'Object Repository/Common Cases Repository/Login/Page_Lightning Step/button_Sign in' is clicked on

28-01-2025T17:59:20 - [MESSAGE][PASSED] - Call Test Case 'Test Cases/Common Cases/Login' successfully

28-01-2025T17:59:20 - [TEST_STEP][PASSED] - click(findTestObject("Object Repository/Specific Cases Repository/LS/Home/Census/Census_Filters/Page_Home/Page_Home/a_Census")): Object: 'Object Repository/Specific Cases Repository/LS/Home/Census/Census_Filters/Page_Home/Page_Home/a_Census' is clicked on

28-01-2025T17:59:23 - [MESSAGE][PASSED] - Object: 'Object Repository/Specific Cases Repository/LS/Home/Census/Census_Filters/Page_Home/Page_Home/a_Census' is clicked on

28-01-2025T17:59:23 - [TEST_STEP][PASSED] - click(findTestObject("Object Repository/Specific Cases Repository/LS/Home/Census/Census_Filters/Page_Home/Program_Filter/Page_Home/ul_All")): Object: 'Object Repository/Specific Cases Repository/LS/Home/Census/Census_Filters/Page_Home/Program_Filter/Page_Home/ul_All' is clicked on

28-01-2025T17:59:26 - [MESSAGE][PASSED] - Object: 'Object Repository/Specific Cases Repository/LS/Home/Census/Census_Filters/Page_Home/Program_Filter/Page_Home/ul_All' is clicked on

28-01-2025T17:59:26 - [TEST_STEP][PASSED] - setText(findTestObject("Object Repository/Specific Cases Repository/LS/Home/Census/Census_Filters/Page_Home/Program_Filter/Page_Home/input__select2-search__field"), "all"): Text 'all' is set on object 'Object Repository/Specific Cases Repository/LS/Home/Census/Census_Filters/Page_Home/Program_Filter/Page_Home/input__select2-search__field'

28-01-2025T17:59:27 - [MESSAGE][PASSED] - Text 'all' is set on object 'Object Repository/Specific Cases Repository/LS/Home/Census/Census_Filters/Page_Home/Program_Filter/Page_Home/input__select2-search__field'

28-01-2025T17:59:27 - [TEST_STEP][PASSED] - sendKeys(findTestObject("Object Repository/Specific Cases Repository/LS/Home/Census/Census_Filters/Page_Home/Program_Filter/Page_Home/input__select2-search__field"), Keys.chord(ENTER)): Keys 'ENTER + ' sent to object: 'Object Repository/Specific Cases Repository/LS/Home/Census/Census_Filters/Page_Home/Program_Filter/Page_Home/input__select2-search__field'

28-01-2025T17:59:28 - [MESSAGE][PASSED] - Keys 'ENTER + ' sent to object: 'Object Repository/Specific Cases Repository/LS/Home/Census/Census_Filters/Page_Home/Program_Filter/Page_Home/input__select2-search__field'

28-01-2025T17:59:28 - [TEST_STEP][PASSED] - click(findTestObject("Object Repository/Specific Cases Repository/LS/Home/Census/Census_Filters/Page_Home/Page_Home/ul_All")): Object: 'Object Repository/Specific Cases Repository/LS/Home/Census/Census_Filters/Page_Home/Page_Home/ul_All' is clicked on

28-01-2025T17:59:30 - [MESSAGE][PASSED] - Object: 'Object Repository/Specific Cases Repository/LS/Home/Census/Census_Filters/Page_Home/Page_Home/ul_All' is clicked on

28-01-2025T17:59:30 - [TEST_STEP][PASSED] - setText(findTestObject("Object Repository/Specific Cases Repository/LS/Home/Census/Census_Filters/Page_Home/Page_Home/Location Filter"), "all"): Text 'all' is set on object 'Object Repository/Specific Cases Repository/LS/Home/Census/Census_Filters/Page_Home/Page_Home/Location Filter'

28-01-2025T17:59:30 - [MESSAGE][PASSED] - Text 'all' is set on object 'Object Repository/Specific Cases Repository/LS/Home/Census/Census_Filters/Page_Home/Page_Home/Location Filter'

28-01-2025T17:59:30 - [TEST_STEP][PASSED] - sendKeys(findTestObject("Object Repository/Specific Cases Repository/LS/Home/Census/Census_Filters/Page_Home/Page_Home/Location Filter"), Keys.chord(ENTER)): Keys 'ENTER + ' sent to object: 'Object Repository/Specific Cases Repository/LS/Home/Census/Census_Filters/Page_Home/Page_Home/Location Filter'

28-01-2025T17:59:31 - [MESSAGE][PASSED] - Keys 'ENTER + ' sent to object: 'Object Repository/Specific Cases Repository/LS/Home/Census/Census_Filters/Page_Home/Page_Home/Location Filter'

28-01-2025T17:59:31 - [TEST_STEP][PASSED] - click(findTestObject("Object Repository/Specific Cases Repository/LS/Home/Census/Census_Searchin_and_Toggle_Columns/Page_Home/a_Census")): Object: 'Object Repository/Specific Cases Repository/LS/Home/Census/Census_Searchin_and_Toggle_Columns/Page_Home/a_Census' is clicked on

28-01-2025T17:59:31 - [MESSAGE][PASSED] - Object: 'Object Repository/Specific Cases Repository/LS/Home/Census/Census_Searchin_and_Toggle_Columns/Page_Home/a_Census' is clicked on

28-01-2025T17:59:31 - [TEST_STEP][PASSED] - click(findTestObject("Object Repository/Specific Cases Repository/LS/Home/Census/Census_Searchin_and_Toggle_Columns/Page_Home/label_Search")): Object: 'Object Repository/Specific Cases Repository/LS/Home/Census/Census_Searchin_and_Toggle_Columns/Page_Home/label_Search' is clicked on

28-01-2025T17:59:34 - [MESSAGE][PASSED] - Object: 'Object Repository/Specific Cases Repository/LS/Home/Census/Census_Searchin_and_Toggle_Columns/Page_Home/label_Search' is clicked on

28-01-2025T17:59:34 - [TEST_STEP][PASSED] - setText(findTestObject("Object Repository/Specific Cases Repository/LS/Home/Census/Census_Searchin_and_Toggle_Columns/Page_Home/input_Search_form-control input-sm"), "b a"): Text 'b a' is set on object 'Object Repository/Specific Cases Repository/LS/Home/Census/Census_Searchin_and_Toggle_Columns/Page_Home/input_Search_form-control input-sm'

28-01-2025T17:59:35 - [MESSAGE][PASSED] - Text 'b a' is set on object 'Object Repository/Specific Cases Repository/LS/Home/Census/Census_Searchin_and_Toggle_Columns/Page_Home/input_Search_form-control input-sm'

28-01-2025T17:59:35 - [TEST_STEP][FAILED] - verifyElementText(findTestObject("Object Repository/Specific Cases Repository/LS/Home/Census/Census_Searchin_and_Toggle_Columns/Page_Home/a_B Automation, B Client"), "B Automation, B Client"): Verify element text of test object 'Object Repository/Specific Cases Repository/LS/Home/Census/Census_Searchin_and_Toggle_Columns/Page_Home/a_B Automation, B Client' FAILED. (Root cause: com.kms.katalon.core.exception.StepFailedException: Verify element text of test object 'Object Repository/Specific Cases Repository/LS/Home/Census/Census_Searchin_and_Toggle_Columns/Page_Home/a_B Automation, B Client' FAILED.
	at com.kms.katalon.core.webui.keyword.internal.WebUIKeywordMain.stepFailed(WebUIKeywordMain.groovy:117)
	at com.kms.katalon.core.webui.keyword.internal.WebUIKeywordMain.runKeyword(WebUIKeywordMain.groovy:43)
	at com.kms.katalon.core.webui.keyword.builtin.VerifyElementTextKeyword.verifyElementText(VerifyElementTextKeyword.groovy:72)
	at com.kms.katalon.core.webui.keyword.builtin.VerifyElementTextKeyword.execute(VerifyElementTextKeyword.groovy:40)
	at com.kms.katalon.core.keyword.internal.KeywordExecutor.executeKeywordForPlatform(KeywordExecutor.groovy:74)
	at com.kms.katalon.core.webui.keyword.WebUiBuiltInKeywords.verifyElementText(WebUiBuiltInKeywords.groovy:4835)
	at Census_Searching_and_Toggle_Columns.run(Census_Searching_and_Toggle_Columns:47)
	at com.kms.katalon.core.main.ScriptEngine.run(ScriptEngine.java:194)
	at com.kms.katalon.core.main.ScriptEngine.runScriptAsRawText(ScriptEngine.java:119)
	at com.kms.katalon.core.main.TestCaseExecutor.runScript(TestCaseExecutor.java:448)
	at com.kms.katalon.core.main.TestCaseExecutor.doExecute(TestCaseExecutor.java:439)
	at com.kms.katalon.core.main.TestCaseExecutor.processExecutionPhase(TestCaseExecutor.java:418)
	at com.kms.katalon.core.main.TestCaseExecutor.accessMainPhase(TestCaseExecutor.java:410)
	at com.kms.katalon.core.main.TestCaseExecutor.execute(TestCaseExecutor.java:285)
	at com.kms.katalon.core.common.CommonExecutor.accessTestCaseMainPhase(CommonExecutor.java:65)
	at com.kms.katalon.core.main.TestSuiteExecutor.accessTestSuiteMainPhase(TestSuiteExecutor.java:150)
	at com.kms.katalon.core.main.TestSuiteExecutor.execute(TestSuiteExecutor.java:106)
	at com.kms.katalon.core.main.TestCaseMain.startTestSuite(TestCaseMain.java:180)
	at TempTestSuite1738104958703.run(TempTestSuite1738104958703.groovy:35)
	at java.base/jdk.internal.reflect.NativeMethodAccessorImpl.invoke0(Native Method)
	at java.base/jdk.internal.reflect.NativeMethodAccessorImpl.invoke(NativeMethodAccessorImpl.java:77)
	at java.base/jdk.internal.reflect.DelegatingMethodAccessorImpl.invoke(DelegatingMethodAccessorImpl.java:43)
Caused by: com.kms.katalon.core.exception.StepFailedException: com.kms.katalon.core.webui.exception.WebElementNotFoundException: Web element with id: 'Object Repository/Specific Cases Repository/LS/Home/Census/Census_Searchin_and_Toggle_Columns/Page_Home/a_B Automation, B Client' located by '//a[normalize-space()='B Automation, B Client']' not found
	at com.kms.katalon.core.webui.keyword.internal.WebUIKeywordMain.stepFailed(WebUIKeywordMain.groovy:117)
	at com.kms.katalon.core.webui.keyword.builtin.VerifyElementTextKeyword$_verifyElementText_closure1.doCall(VerifyElementTextKeyword.groovy:64)
	at com.kms.katalon.core.webui.keyword.builtin.VerifyElementTextKeyword$_verifyElementText_closure1.call(VerifyElementTextKeyword.groovy)
	at com.kms.katalon.core.webui.keyword.internal.WebUIKeywordMain.runKeyword(WebUIKeywordMain.groovy:35)
	... 20 more
)

28-01-2025T18:00:06 - [MESSAGE][INFO] - Unable to find the element located by 'By.xpath: //a[normalize-space()='B Automation, B Client']'. Please recheck the objects properties to make sure the desired element is located. 

28-01-2025T18:00:06 - [MESSAGE][WARNING] - [SELF-HEALING] Failed to find element with id 'Object Repository/Specific Cases Repository/LS/Home/Census/Census_Searchin_and_Toggle_Columns/Page_Home/a_B Automation, B Client'. Try using Self-healing.

28-01-2025T18:00:06 - [MESSAGE][INFO] - [SELF-HEALING] Failed Locator: '//a[normalize-space()='B Automation, B Client']'.

28-01-2025T18:00:06 - [MESSAGE][INFO] - [SELF-HEALING] Failed Locator: '//a[normalize-space()='B Automation, B Client']'.

28-01-2025T18:00:06 - [MESSAGE][INFO] - [SELF-HEALING] Failed Locator: '//a[normalize-space()='B Automation, B Client']'.

28-01-2025T18:00:07 - [MESSAGE][INFO] - [SELF-HEALING] Failed Locator: '//a[normalize-space()='B Automation, B Client']'.

28-01-2025T18:00:07 - [MESSAGE][INFO] - [SELF-HEALING] Failed Locator: '//a[normalize-space()='B Automation, B Client']'.

28-01-2025T18:00:09 - [MESSAGE][INFO] - Unable to find the element located by 'By.xpath: //*[@href = '/client/index/1557' and (text() = 'B Automation, B Client ' or . = 'B Automation, B Client ')]'. Please recheck the objects properties to make sure the desired element is located. 

28-01-2025T18:00:10 - [MESSAGE][INFO] - Unable to find the element located by 'By.cssSelector: td > a'. Please recheck the objects properties to make sure the desired element is located. 

28-01-2025T18:00:11 - [MESSAGE][FAILED] - com.kms.katalon.core.webui.exception.WebElementNotFoundException: Web element with id: 'Object Repository/Specific Cases Repository/LS/Home/Census/Census_Searchin_and_Toggle_Columns/Page_Home/a_B Automation, B Client' located by '//a[normalize-space()='B Automation, B Client']' not found (Root cause: com.kms.katalon.core.exception.StepFailedException: com.kms.katalon.core.webui.exception.WebElementNotFoundException: Web element with id: 'Object Repository/Specific Cases Repository/LS/Home/Census/Census_Searchin_and_Toggle_Columns/Page_Home/a_B Automation, B Client' located by '//a[normalize-space()='B Automation, B Client']' not found
	at com.kms.katalon.core.webui.keyword.internal.WebUIKeywordMain.stepFailed(WebUIKeywordMain.groovy:117)
	at com.kms.katalon.core.webui.keyword.builtin.VerifyElementTextKeyword$_verifyElementText_closure1.doCall(VerifyElementTextKeyword.groovy:64)
	at com.kms.katalon.core.webui.keyword.builtin.VerifyElementTextKeyword$_verifyElementText_closure1.call(VerifyElementTextKeyword.groovy)
	at com.kms.katalon.core.webui.keyword.internal.WebUIKeywordMain.runKeyword(WebUIKeywordMain.groovy:35)
	at com.kms.katalon.core.webui.keyword.builtin.VerifyElementTextKeyword.verifyElementText(VerifyElementTextKeyword.groovy:72)
	at com.kms.katalon.core.webui.keyword.builtin.VerifyElementTextKeyword.execute(VerifyElementTextKeyword.groovy:40)
	at com.kms.katalon.core.keyword.internal.KeywordExecutor.executeKeywordForPlatform(KeywordExecutor.groovy:74)
	at com.kms.katalon.core.webui.keyword.WebUiBuiltInKeywords.verifyElementText(WebUiBuiltInKeywords.groovy:4835)
	at Census_Searching_and_Toggle_Columns.run(Census_Searching_and_Toggle_Columns:47)
	at com.kms.katalon.core.main.ScriptEngine.run(ScriptEngine.java:194)
	at com.kms.katalon.core.main.ScriptEngine.runScriptAsRawText(ScriptEngine.java:119)
	at com.kms.katalon.core.main.TestCaseExecutor.runScript(TestCaseExecutor.java:448)
	at com.kms.katalon.core.main.TestCaseExecutor.doExecute(TestCaseExecutor.java:439)
	at com.kms.katalon.core.main.TestCaseExecutor.processExecutionPhase(TestCaseExecutor.java:418)
	at com.kms.katalon.core.main.TestCaseExecutor.accessMainPhase(TestCaseExecutor.java:410)
	at com.kms.katalon.core.main.TestCaseExecutor.execute(TestCaseExecutor.java:285)
	at com.kms.katalon.core.common.CommonExecutor.accessTestCaseMainPhase(CommonExecutor.java:65)
	at com.kms.katalon.core.main.TestSuiteExecutor.accessTestSuiteMainPhase(TestSuiteExecutor.java:150)
	at com.kms.katalon.core.main.TestSuiteExecutor.execute(TestSuiteExecutor.java:106)
	at com.kms.katalon.core.main.TestCaseMain.startTestSuite(TestCaseMain.java:180)
	at TempTestSuite1738104958703.run(TempTestSuite1738104958703.groovy:35)
	at java.base/jdk.internal.reflect.NativeMethodAccessorImpl.invoke0(Native Method)
	at java.base/jdk.internal.reflect.NativeMethodAccessorImpl.invoke(NativeMethodAccessorImpl.java:77)
	at java.base/jdk.internal.reflect.DelegatingMethodAccessorImpl.invoke(DelegatingMethodAccessorImpl.java:43)
)
[[ATTACHMENT|C:\\Users\\Enrique\\git\\AUTOMATION_LS\\Reports\\20250128_175555\\LS\\Home\\General\\Census\\20250128_175558\\1738105210687.png]]

28-01-2025T18:00:11 - [MESSAGE][FAILED] - Verify element text of test object 'Object Repository/Specific Cases Repository/LS/Home/Census/Census_Searchin_and_Toggle_Columns/Page_Home/a_B Automation, B Client' FAILED. (Root cause: com.kms.katalon.core.exception.StepFailedException: Verify element text of test object 'Object Repository/Specific Cases Repository/LS/Home/Census/Census_Searchin_and_Toggle_Columns/Page_Home/a_B Automation, B Client' FAILED.
	at com.kms.katalon.core.webui.keyword.internal.WebUIKeywordMain.stepFailed(WebUIKeywordMain.groovy:117)
	at com.kms.katalon.core.webui.keyword.internal.WebUIKeywordMain.runKeyword(WebUIKeywordMain.groovy:43)
	at com.kms.katalon.core.webui.keyword.builtin.VerifyElementTextKeyword.verifyElementText(VerifyElementTextKeyword.groovy:72)
	at com.kms.katalon.core.webui.keyword.builtin.VerifyElementTextKeyword.execute(VerifyElementTextKeyword.groovy:40)
	at com.kms.katalon.core.keyword.internal.KeywordExecutor.executeKeywordForPlatform(KeywordExecutor.groovy:74)
	at com.kms.katalon.core.webui.keyword.WebUiBuiltInKeywords.verifyElementText(WebUiBuiltInKeywords.groovy:4835)
	at Census_Searching_and_Toggle_Columns.run(Census_Searching_and_Toggle_Columns:47)
	at com.kms.katalon.core.main.ScriptEngine.run(ScriptEngine.java:194)
	at com.kms.katalon.core.main.ScriptEngine.runScriptAsRawText(ScriptEngine.java:119)
	at com.kms.katalon.core.main.TestCaseExecutor.runScript(TestCaseExecutor.java:448)
	at com.kms.katalon.core.main.TestCaseExecutor.doExecute(TestCaseExecutor.java:439)
	at com.kms.katalon.core.main.TestCaseExecutor.processExecutionPhase(TestCaseExecutor.java:418)
	at com.kms.katalon.core.main.TestCaseExecutor.accessMainPhase(TestCaseExecutor.java:410)
	at com.kms.katalon.core.main.TestCaseExecutor.execute(TestCaseExecutor.java:285)
	at com.kms.katalon.core.common.CommonExecutor.accessTestCaseMainPhase(CommonExecutor.java:65)
	at com.kms.katalon.core.main.TestSuiteExecutor.accessTestSuiteMainPhase(TestSuiteExecutor.java:150)
	at com.kms.katalon.core.main.TestSuiteExecutor.execute(TestSuiteExecutor.java:106)
	at com.kms.katalon.core.main.TestCaseMain.startTestSuite(TestCaseMain.java:180)
	at TempTestSuite1738104958703.run(TempTestSuite1738104958703.groovy:35)
	at java.base/jdk.internal.reflect.NativeMethodAccessorImpl.invoke0(Native Method)
	at java.base/jdk.internal.reflect.NativeMethodAccessorImpl.invoke(NativeMethodAccessorImpl.java:77)
	at java.base/jdk.internal.reflect.DelegatingMethodAccessorImpl.invoke(DelegatingMethodAccessorImpl.java:43)
Caused by: com.kms.katalon.core.exception.StepFailedException: com.kms.katalon.core.webui.exception.WebElementNotFoundException: Web element with id: 'Object Repository/Specific Cases Repository/LS/Home/Census/Census_Searchin_and_Toggle_Columns/Page_Home/a_B Automation, B Client' located by '//a[normalize-space()='B Automation, B Client']' not found
	at com.kms.katalon.core.webui.keyword.internal.WebUIKeywordMain.stepFailed(WebUIKeywordMain.groovy:117)
	at com.kms.katalon.core.webui.keyword.builtin.VerifyElementTextKeyword$_verifyElementText_closure1.doCall(VerifyElementTextKeyword.groovy:64)
	at com.kms.katalon.core.webui.keyword.builtin.VerifyElementTextKeyword$_verifyElementText_closure1.call(VerifyElementTextKeyword.groovy)
	at com.kms.katalon.core.webui.keyword.internal.WebUIKeywordMain.runKeyword(WebUIKeywordMain.groovy:35)
	... 20 more
)
[[ATTACHMENT|C:\\Users\\Enrique\\git\\AUTOMATION_LS\\Reports\\20250128_175555\\LS\\Home\\General\\Census\\20250128_175558\\1738105211195.png]]]]></system-out>
         <system-err><![CDATA[28-01-2025T17:59:03 - [TEST_CASE][FAILED] - Test Cases/Specific Cases/LS/General/Census/Census/Census_Searching_and_Toggle_Columns: Test Cases/Specific Cases/LS/General/Census/Census/Census_Searching_and_Toggle_Columns FAILED.
Reason:
com.kms.katalon.core.exception.StepFailedException: Verify element text of test object 'Object Repository/Specific Cases Repository/LS/Home/Census/Census_Searchin_and_Toggle_Columns/Page_Home/a_B Automation, B Client' FAILED.
	at com.kms.katalon.core.webui.keyword.internal.WebUIKeywordMain.stepFailed(WebUIKeywordMain.groovy:117)
	at com.kms.katalon.core.webui.keyword.internal.WebUIKeywordMain.runKeyword(WebUIKeywordMain.groovy:43)
	at com.kms.katalon.core.webui.keyword.builtin.VerifyElementTextKeyword.verifyElementText(VerifyElementTextKeyword.groovy:72)
	at com.kms.katalon.core.webui.keyword.builtin.VerifyElementTextKeyword.execute(VerifyElementTextKeyword.groovy:40)
	at com.kms.katalon.core.keyword.internal.KeywordExecutor.executeKeywordForPlatform(KeywordExecutor.groovy:74)
	at com.kms.katalon.core.webui.keyword.WebUiBuiltInKeywords.verifyElementText(WebUiBuiltInKeywords.groovy:4835)
	at Census_Searching_and_Toggle_Columns.run(Census_Searching_and_Toggle_Columns:47)
	at com.kms.katalon.core.main.ScriptEngine.run(ScriptEngine.java:194)
	at com.kms.katalon.core.main.ScriptEngine.runScriptAsRawText(ScriptEngine.java:119)
	at com.kms.katalon.core.main.TestCaseExecutor.runScript(TestCaseExecutor.java:448)
	at com.kms.katalon.core.main.TestCaseExecutor.doExecute(TestCaseExecutor.java:439)
	at com.kms.katalon.core.main.TestCaseExecutor.processExecutionPhase(TestCaseExecutor.java:418)
	at com.kms.katalon.core.main.TestCaseExecutor.accessMainPhase(TestCaseExecutor.java:410)
	at com.kms.katalon.core.main.TestCaseExecutor.execute(TestCaseExecutor.java:285)
	at com.kms.katalon.core.common.CommonExecutor.accessTestCaseMainPhase(CommonExecutor.java:65)
	at com.kms.katalon.core.main.TestSuiteExecutor.accessTestSuiteMainPhase(TestSuiteExecutor.java:150)
	at com.kms.katalon.core.main.TestSuiteExecutor.execute(TestSuiteExecutor.java:106)
	at com.kms.katalon.core.main.TestCaseMain.startTestSuite(TestCaseMain.java:180)
	at TempTestSuite1738104958703.run(TempTestSuite1738104958703.groovy:35)
	at java.base/jdk.internal.reflect.NativeMethodAccessorImpl.invoke0(Native Method)
	at java.base/jdk.internal.reflect.NativeMethodAccessorImpl.invoke(NativeMethodAccessorImpl.java:77)
	at java.base/jdk.internal.reflect.DelegatingMethodAccessorImpl.invoke(DelegatingMethodAccessorImpl.java:43)
Caused by: com.kms.katalon.core.exception.StepFailedException: com.kms.katalon.core.webui.exception.WebElementNotFoundException: Web element with id: 'Object Repository/Specific Cases Repository/LS/Home/Census/Census_Searchin_and_Toggle_Columns/Page_Home/a_B Automation, B Client' located by '//a[normalize-space()='B Automation, B Client']' not found
	at com.kms.katalon.core.webui.keyword.internal.WebUIKeywordMain.stepFailed(WebUIKeywordMain.groovy:117)
	at com.kms.katalon.core.webui.keyword.builtin.VerifyElementTextKeyword$_verifyElementText_closure1.doCall(VerifyElementTextKeyword.groovy:64)
	at com.kms.katalon.core.webui.keyword.builtin.VerifyElementTextKeyword$_verifyElementText_closure1.call(VerifyElementTextKeyword.groovy)
	at com.kms.katalon.core.webui.keyword.internal.WebUIKeywordMain.runKeyword(WebUIKeywordMain.groovy:35)
	... 20 more]]></system-err>
      </testcase>
      <testcase name="Test Cases/Specific Cases/LS/General/Census/Census/Census_forward_back_functions" time="46.012" classname="Test Cases/Specific Cases/LS/General/Census/Census/Census_forward_back_functions" status="PASSED">
         <system-out><![CDATA[28-01-2025T18:00:11 - [TEST_CASE][PASSED] - Test Cases/Specific Cases/LS/General/Census/Census/Census_forward_back_functions: Test Cases/Specific Cases/LS/General/Census/Census/Census_forward_back_functions

28-01-2025T18:00:11 - [TEST_STEP][PASSED] - callTestCase(findTestCase("Common Cases/Login"), [:], STOP_ON_FAILURE): Call Test Case 'Test Cases/Common Cases/Login' successfully

28-01-2025T18:00:11 - [TEST_CASE][PASSED] - Test Cases/Common Cases/Login: Test Cases/Common Cases/Login

28-01-2025T18:00:11 - [TEST_STEP][PASSED] - openBrowser(""): Browser is opened with url: ''

28-01-2025T18:00:11 - [MESSAGE][WARNING] - A browser is already opened. Closing browser and opening a new one

28-01-2025T18:00:12 - [MESSAGE][INFO] - Starting 'Chrome' driver

28-01-2025T18:00:12 - [MESSAGE][INFO] - Action delay is set to 0 milliseconds

28-01-2025T18:00:12 - [MESSAGE][PASSED] - Browser is opened with url: ''

28-01-2025T18:00:12 - [TEST_STEP][PASSED] - maximizeWindow(): Current window maximized

28-01-2025T18:00:12 - [MESSAGE][PASSED] - Current window maximized

28-01-2025T18:00:12 - [TEST_STEP][PASSED] - navigateToUrl("https://site17.lsapp.cloud/auth/login"): Navigate to 'https://site17.lsapp.cloud/auth/login' successfully

28-01-2025T18:00:17 - [MESSAGE][PASSED] - Navigate to 'https://site17.lsapp.cloud/auth/login' successfully

28-01-2025T18:00:17 - [TEST_STEP][PASSED] - setText(findTestObject("Object Repository/Common Cases Repository/Login/Page_Lightning Step/input_Email_email"), "automation@lightningstep.com"): Text 'automation@lightningstep.com' is set on object 'Object Repository/Common Cases Repository/Login/Page_Lightning Step/input_Email_email'

28-01-2025T18:00:18 - [MESSAGE][PASSED] - Text 'automation@lightningstep.com' is set on object 'Object Repository/Common Cases Repository/Login/Page_Lightning Step/input_Email_email'

28-01-2025T18:00:18 - [TEST_STEP][PASSED] - setEncryptedText(findTestObject("Object Repository/Common Cases Repository/Login/Page_Lightning Step/input_Password_password"), "e5N8VHmnhJDITtQaQhDQDw=="): Text ****** has been set on object 'Object Repository/Common Cases Repository/Login/Page_Lightning Step/input_Password_password'

28-01-2025T18:00:18 - [MESSAGE][PASSED] - Text ****** has been set on object 'Object Repository/Common Cases Repository/Login/Page_Lightning Step/input_Password_password'

28-01-2025T18:00:18 - [TEST_STEP][PASSED] - click(findTestObject("Object Repository/Common Cases Repository/Login/Page_Lightning Step/button_Sign in")): Object: 'Object Repository/Common Cases Repository/Login/Page_Lightning Step/button_Sign in' is clicked on

28-01-2025T18:00:25 - [MESSAGE][PASSED] - Object: 'Object Repository/Common Cases Repository/Login/Page_Lightning Step/button_Sign in' is clicked on

28-01-2025T18:00:25 - [MESSAGE][PASSED] - Call Test Case 'Test Cases/Common Cases/Login' successfully

28-01-2025T18:00:25 - [TEST_STEP][PASSED] - click(findTestObject("Object Repository/Specific Cases Repository/LS/Home/Census/Census_Forward_Back_Functions/Page_Home/a_Census")): Object: 'Object Repository/Specific Cases Repository/LS/Home/Census/Census_Forward_Back_Functions/Page_Home/a_Census' is clicked on

28-01-2025T18:00:28 - [MESSAGE][PASSED] - Object: 'Object Repository/Specific Cases Repository/LS/Home/Census/Census_Forward_Back_Functions/Page_Home/a_Census' is clicked on

28-01-2025T18:00:28 - [TEST_STEP][PASSED] - click(findTestObject("Object Repository/Specific Cases Repository/LS/Home/Census/Census_Forward_Back_Functions/Page_Home/a_bed                     Bed Board")): Object: 'Object Repository/Specific Cases Repository/LS/Home/Census/Census_Forward_Back_Functions/Page_Home/a_bed                     Bed Board' is clicked on

28-01-2025T18:00:33 - [MESSAGE][PASSED] - Object: 'Object Repository/Specific Cases Repository/LS/Home/Census/Census_Forward_Back_Functions/Page_Home/a_bed                     Bed Board' is clicked on

28-01-2025T18:00:33 - [TEST_STEP][PASSED] - navigateToUrl("https://site17.lsapp.cloud/dbkeymetrics/bedboard"): Navigate to 'https://site17.lsapp.cloud/dbkeymetrics/bedboard' successfully

28-01-2025T18:00:35 - [MESSAGE][PASSED] - Navigate to 'https://site17.lsapp.cloud/dbkeymetrics/bedboard' successfully

28-01-2025T18:00:35 - [TEST_STEP][PASSED] - click(findTestObject("Object Repository/Specific Cases Repository/LS/Home/Census/Census_Forward_Back_Functions/Page_Bed Board/span_homepage")): Object: 'Object Repository/Specific Cases Repository/LS/Home/Census/Census_Forward_Back_Functions/Page_Bed Board/span_homepage' is clicked on

28-01-2025T18:00:38 - [MESSAGE][PASSED] - Object: 'Object Repository/Specific Cases Repository/LS/Home/Census/Census_Forward_Back_Functions/Page_Bed Board/span_homepage' is clicked on

28-01-2025T18:00:38 - [TEST_STEP][PASSED] - click(findTestObject("Object Repository/Specific Cases Repository/LS/Home/Census/Census_Forward_Back_Functions/Page_Home/span_Advanced Census")): Object: 'Object Repository/Specific Cases Repository/LS/Home/Census/Census_Forward_Back_Functions/Page_Home/span_Advanced Census' is clicked on

28-01-2025T18:00:46 - [MESSAGE][PASSED] - Object: 'Object Repository/Specific Cases Repository/LS/Home/Census/Census_Forward_Back_Functions/Page_Home/span_Advanced Census' is clicked on

28-01-2025T18:00:46 - [TEST_STEP][PASSED] - click(findTestObject("Object Repository/Specific Cases Repository/LS/Home/Census/Census_Forward_Back_Functions/Page_Census Advanced/span_homepage")): Object: 'Object Repository/Specific Cases Repository/LS/Home/Census/Census_Forward_Back_Functions/Page_Census Advanced/span_homepage' is clicked on

28-01-2025T18:00:49 - [MESSAGE][PASSED] - Object: 'Object Repository/Specific Cases Repository/LS/Home/Census/Census_Forward_Back_Functions/Page_Census Advanced/span_homepage' is clicked on

28-01-2025T18:00:49 - [TEST_STEP][PASSED] - click(findTestObject("Object Repository/Specific Cases Repository/LS/Home/Census/Census_Forward_Back_Functions/Page_Home/a_co_present                 Client Face sheets")): Object: 'Object Repository/Specific Cases Repository/LS/Home/Census/Census_Forward_Back_Functions/Page_Home/a_co_present                 Client Face sheets' is clicked on

28-01-2025T18:00:54 - [MESSAGE][PASSED] - Object: 'Object Repository/Specific Cases Repository/LS/Home/Census/Census_Forward_Back_Functions/Page_Home/a_co_present                 Client Face sheets' is clicked on

28-01-2025T18:00:54 - [TEST_STEP][PASSED] - click(findTestObject("Object Repository/Specific Cases Repository/LS/Home/Census/Census_Forward_Back_Functions/Page_Client Face Sheets/span_homepage")): Object: 'Object Repository/Specific Cases Repository/LS/Home/Census/Census_Forward_Back_Functions/Page_Client Face Sheets/span_homepage' is clicked on

28-01-2025T18:00:57 - [MESSAGE][PASSED] - Object: 'Object Repository/Specific Cases Repository/LS/Home/Census/Census_Forward_Back_Functions/Page_Client Face Sheets/span_homepage' is clicked on

28-01-2025T18:00:57 - [TEST_STEP][PASSED] - closeBrowser(): Browser is closed

28-01-2025T18:00:57 - [MESSAGE][PASSED] - Browser is closed]]></system-out>
         <system-err><![CDATA[]]></system-err>
      </testcase>
      <testcase name="Test Cases/Specific Cases/LS/General/Census/Bed Board/Bed_Board_Filters" time="102.752" classname="Test Cases/Specific Cases/LS/General/Census/Bed Board/Bed_Board_Filters" status="FAILED">
         <failure type="FAILED" message="Test Cases/Specific Cases/LS/General/Census/Bed Board/Bed_Board_Filters FAILED.&#xa;Reason:&#xa;com.kms.katalon.core.exception.StepFailedException: Unable to verify object 'Object Repository/Specific Cases Repository/LS/Home/Census/Bed_Board/Page_Bed Board/span_B Automation, B Client 1673' is not present&#xa;	at com.kms.katalon.core.webui.keyword.internal.WebUIKeywordMain.stepFailed(WebUIKeywordMain.groovy:117)&#xa;	at com.kms.katalon.core.webui.keyword.internal.WebUIKeywordMain.runKeyword(WebUIKeywordMain.groovy:43)&#xa;	at com.kms.katalon.core.webui.keyword.internal.WebUIKeywordMain$runKeyword.call(Unknown Source)&#xa;	at com.kms.katalon.core.webui.keyword.builtin.VerifyElementNotPresentKeyword.verifyElementNotPresent(VerifyElementNotPresentKeyword.groovy:131)&#xa;	at com.kms.katalon.core.webui.keyword.builtin.VerifyElementNotPresentKeyword.execute(VerifyElementNotPresentKeyword.groovy:69)&#xa;	at com.kms.katalon.core.keyword.internal.KeywordExecutor.executeKeywordForPlatform(KeywordExecutor.groovy:74)&#xa;	at com.kms.katalon.core.webui.keyword.WebUiBuiltInKeywords.verifyElementNotPresent(WebUiBuiltInKeywords.groovy:1536)&#xa;	at Bed_Board_Filters.run(Bed_Board_Filters:73)&#xa;	at com.kms.katalon.core.main.ScriptEngine.run(ScriptEngine.java:194)&#xa;	at com.kms.katalon.core.main.ScriptEngine.runScriptAsRawText(ScriptEngine.java:119)&#xa;	at com.kms.katalon.core.main.TestCaseExecutor.runScript(TestCaseExecutor.java:448)&#xa;	at com.kms.katalon.core.main.TestCaseExecutor.doExecute(TestCaseExecutor.java:439)&#xa;	at com.kms.katalon.core.main.TestCaseExecutor.processExecutionPhase(TestCaseExecutor.java:418)&#xa;	at com.kms.katalon.core.main.TestCaseExecutor.accessMainPhase(TestCaseExecutor.java:410)&#xa;	at com.kms.katalon.core.main.TestCaseExecutor.execute(TestCaseExecutor.java:285)&#xa;	at com.kms.katalon.core.common.CommonExecutor.accessTestCaseMainPhase(CommonExecutor.java:65)&#xa;	at com.kms.katalon.core.main.TestSuiteExecutor.accessTestSuiteMainPhase(TestSuiteExecutor.java:150)&#xa;	at com.kms.katalon.core.main.TestSuiteExecutor.execute(TestSuiteExecutor.java:106)&#xa;	at com.kms.katalon.core.main.TestCaseMain.startTestSuite(TestCaseMain.java:180)&#xa;	at TempTestSuite1738104958703.run(TempTestSuite1738104958703.groovy:35)&#xa;	at java.base/jdk.internal.reflect.NativeMethodAccessorImpl.invoke0(Native Method)&#xa;	at java.base/jdk.internal.reflect.NativeMethodAccessorImpl.invoke(NativeMethodAccessorImpl.java:77)&#xa;	at java.base/jdk.internal.reflect.DelegatingMethodAccessorImpl.invoke(DelegatingMethodAccessorImpl.java:43)&#xa;Caused by: com.kms.katalon.core.exception.StepFailedException: Web element with id: 'Object Repository/Specific Cases Repository/LS/Home/Census/Bed_Board/Page_Bed Board/span_B Automation, B Client 1673' located by 'By.xpath: //span[normalize-space()='B Automation, B Client 1673']' is present after '30' second(s)&#xa;	at com.kms.katalon.core.webui.keyword.internal.WebUIKeywordMain.stepFailed(WebUIKeywordMain.groovy:117)&#xa;	at com.kms.katalon.core.webui.keyword.internal.WebUIKeywordMain$stepFailed$0.call(Unknown Source)&#xa;	at com.kms.katalon.core.webui.keyword.builtin.VerifyElementNotPresentKeyword$_verifyElementNotPresent_closure1.doCall(VerifyElementNotPresentKeyword.groovy:122)&#xa;	at com.kms.katalon.core.webui.keyword.builtin.VerifyElementNotPresentKeyword$_verifyElementNotPresent_closure1.doCall(VerifyElementNotPresentKeyword.groovy)&#xa;	at java.base/jdk.internal.reflect.NativeMethodAccessorImpl.invoke0(Native Method)&#xa;	at java.base/jdk.internal.reflect.NativeMethodAccessorImpl.invoke(NativeMethodAccessorImpl.java:77)&#xa;	at java.base/jdk.internal.reflect.DelegatingMethodAccessorImpl.invoke(DelegatingMethodAccessorImpl.java:43)&#xa;	at com.kms.katalon.core.webui.keyword.internal.WebUIKeywordMain.runKeyword(WebUIKeywordMain.groovy:35)&#xa;	... 21 more&#xa;"/>
         <system-out><![CDATA[28-01-2025T18:00:57 - [TEST_CASE][FAILED] - Test Cases/Specific Cases/LS/General/Census/Bed Board/Bed_Board_Filters: Test Cases/Specific Cases/LS/General/Census/Bed Board/Bed_Board_Filters FAILED.
Reason:
com.kms.katalon.core.exception.StepFailedException: Unable to verify object 'Object Repository/Specific Cases Repository/LS/Home/Census/Bed_Board/Page_Bed Board/span_B Automation, B Client 1673' is not present
	at com.kms.katalon.core.webui.keyword.internal.WebUIKeywordMain.stepFailed(WebUIKeywordMain.groovy:117)
	at com.kms.katalon.core.webui.keyword.internal.WebUIKeywordMain.runKeyword(WebUIKeywordMain.groovy:43)
	at com.kms.katalon.core.webui.keyword.internal.WebUIKeywordMain$runKeyword.call(Unknown Source)
	at com.kms.katalon.core.webui.keyword.builtin.VerifyElementNotPresentKeyword.verifyElementNotPresent(VerifyElementNotPresentKeyword.groovy:131)
	at com.kms.katalon.core.webui.keyword.builtin.VerifyElementNotPresentKeyword.execute(VerifyElementNotPresentKeyword.groovy:69)
	at com.kms.katalon.core.keyword.internal.KeywordExecutor.executeKeywordForPlatform(KeywordExecutor.groovy:74)
	at com.kms.katalon.core.webui.keyword.WebUiBuiltInKeywords.verifyElementNotPresent(WebUiBuiltInKeywords.groovy:1536)
	at Bed_Board_Filters.run(Bed_Board_Filters:73)
	at com.kms.katalon.core.main.ScriptEngine.run(ScriptEngine.java:194)
	at com.kms.katalon.core.main.ScriptEngine.runScriptAsRawText(ScriptEngine.java:119)
	at com.kms.katalon.core.main.TestCaseExecutor.runScript(TestCaseExecutor.java:448)
	at com.kms.katalon.core.main.TestCaseExecutor.doExecute(TestCaseExecutor.java:439)
	at com.kms.katalon.core.main.TestCaseExecutor.processExecutionPhase(TestCaseExecutor.java:418)
	at com.kms.katalon.core.main.TestCaseExecutor.accessMainPhase(TestCaseExecutor.java:410)
	at com.kms.katalon.core.main.TestCaseExecutor.execute(TestCaseExecutor.java:285)
	at com.kms.katalon.core.common.CommonExecutor.accessTestCaseMainPhase(CommonExecutor.java:65)
	at com.kms.katalon.core.main.TestSuiteExecutor.accessTestSuiteMainPhase(TestSuiteExecutor.java:150)
	at com.kms.katalon.core.main.TestSuiteExecutor.execute(TestSuiteExecutor.java:106)
	at com.kms.katalon.core.main.TestCaseMain.startTestSuite(TestCaseMain.java:180)
	at TempTestSuite1738104958703.run(TempTestSuite1738104958703.groovy:35)
	at java.base/jdk.internal.reflect.NativeMethodAccessorImpl.invoke0(Native Method)
	at java.base/jdk.internal.reflect.NativeMethodAccessorImpl.invoke(NativeMethodAccessorImpl.java:77)
	at java.base/jdk.internal.reflect.DelegatingMethodAccessorImpl.invoke(DelegatingMethodAccessorImpl.java:43)
Caused by: com.kms.katalon.core.exception.StepFailedException: Web element with id: 'Object Repository/Specific Cases Repository/LS/Home/Census/Bed_Board/Page_Bed Board/span_B Automation, B Client 1673' located by 'By.xpath: //span[normalize-space()='B Automation, B Client 1673']' is present after '30' second(s)
	at com.kms.katalon.core.webui.keyword.internal.WebUIKeywordMain.stepFailed(WebUIKeywordMain.groovy:117)
	at com.kms.katalon.core.webui.keyword.internal.WebUIKeywordMain$stepFailed$0.call(Unknown Source)
	at com.kms.katalon.core.webui.keyword.builtin.VerifyElementNotPresentKeyword$_verifyElementNotPresent_closure1.doCall(VerifyElementNotPresentKeyword.groovy:122)
	at com.kms.katalon.core.webui.keyword.builtin.VerifyElementNotPresentKeyword$_verifyElementNotPresent_closure1.doCall(VerifyElementNotPresentKeyword.groovy)
	at java.base/jdk.internal.reflect.NativeMethodAccessorImpl.invoke0(Native Method)
	at java.base/jdk.internal.reflect.NativeMethodAccessorImpl.invoke(NativeMethodAccessorImpl.java:77)
	at java.base/jdk.internal.reflect.DelegatingMethodAccessorImpl.invoke(DelegatingMethodAccessorImpl.java:43)
	at com.kms.katalon.core.webui.keyword.internal.WebUIKeywordMain.runKeyword(WebUIKeywordMain.groovy:35)
	... 21 more


28-01-2025T18:00:57 - [TEST_STEP][PASSED] - callTestCase(findTestCase("Common Cases/Login"), [:], STOP_ON_FAILURE): Call Test Case 'Test Cases/Common Cases/Login' successfully

28-01-2025T18:00:57 - [TEST_CASE][PASSED] - Test Cases/Common Cases/Login: Test Cases/Common Cases/Login

28-01-2025T18:00:57 - [TEST_STEP][PASSED] - openBrowser(""): Browser is opened with url: ''

28-01-2025T18:00:57 - [MESSAGE][INFO] - Starting 'Chrome' driver

28-01-2025T18:00:57 - [MESSAGE][INFO] - Action delay is set to 0 milliseconds

28-01-2025T18:00:58 - [MESSAGE][PASSED] - Browser is opened with url: ''

28-01-2025T18:00:58 - [TEST_STEP][PASSED] - maximizeWindow(): Current window maximized

28-01-2025T18:00:58 - [MESSAGE][PASSED] - Current window maximized

28-01-2025T18:00:58 - [TEST_STEP][PASSED] - navigateToUrl("https://site17.lsapp.cloud/auth/login"): Navigate to 'https://site17.lsapp.cloud/auth/login' successfully

28-01-2025T18:01:18 - [MESSAGE][PASSED] - Navigate to 'https://site17.lsapp.cloud/auth/login' successfully

28-01-2025T18:01:18 - [TEST_STEP][PASSED] - setText(findTestObject("Object Repository/Common Cases Repository/Login/Page_Lightning Step/input_Email_email"), "automation@lightningstep.com"): Text 'automation@lightningstep.com' is set on object 'Object Repository/Common Cases Repository/Login/Page_Lightning Step/input_Email_email'

28-01-2025T18:01:18 - [MESSAGE][PASSED] - Text 'automation@lightningstep.com' is set on object 'Object Repository/Common Cases Repository/Login/Page_Lightning Step/input_Email_email'

28-01-2025T18:01:18 - [TEST_STEP][PASSED] - setEncryptedText(findTestObject("Object Repository/Common Cases Repository/Login/Page_Lightning Step/input_Password_password"), "e5N8VHmnhJDITtQaQhDQDw=="): Text ****** has been set on object 'Object Repository/Common Cases Repository/Login/Page_Lightning Step/input_Password_password'

28-01-2025T18:01:19 - [MESSAGE][PASSED] - Text ****** has been set on object 'Object Repository/Common Cases Repository/Login/Page_Lightning Step/input_Password_password'

28-01-2025T18:01:19 - [TEST_STEP][PASSED] - click(findTestObject("Object Repository/Common Cases Repository/Login/Page_Lightning Step/button_Sign in")): Object: 'Object Repository/Common Cases Repository/Login/Page_Lightning Step/button_Sign in' is clicked on

28-01-2025T18:01:29 - [MESSAGE][PASSED] - Object: 'Object Repository/Common Cases Repository/Login/Page_Lightning Step/button_Sign in' is clicked on

28-01-2025T18:01:29 - [MESSAGE][PASSED] - Call Test Case 'Test Cases/Common Cases/Login' successfully

28-01-2025T18:01:29 - [TEST_STEP][PASSED] - click(findTestObject("Object Repository/Specific Cases Repository/LS/Home/Census/Bed_Board/Page_Home/a_Census")): Object: 'Object Repository/Specific Cases Repository/LS/Home/Census/Bed_Board/Page_Home/a_Census' is clicked on

28-01-2025T18:01:32 - [MESSAGE][PASSED] - Object: 'Object Repository/Specific Cases Repository/LS/Home/Census/Bed_Board/Page_Home/a_Census' is clicked on

28-01-2025T18:01:32 - [TEST_STEP][PASSED] - click(findTestObject("Object Repository/Specific Cases Repository/LS/Home/Census/Bed_Board/Page_Home/a_bed                     Bed Board")): Object: 'Object Repository/Specific Cases Repository/LS/Home/Census/Bed_Board/Page_Home/a_bed                     Bed Board' is clicked on

28-01-2025T18:01:40 - [MESSAGE][PASSED] - Object: 'Object Repository/Specific Cases Repository/LS/Home/Census/Bed_Board/Page_Home/a_bed                     Bed Board' is clicked on

28-01-2025T18:01:40 - [TEST_STEP][PASSED] - navigateToUrl("https://site17.lsapp.cloud/dbkeymetrics/bedboard"): Navigate to 'https://site17.lsapp.cloud/dbkeymetrics/bedboard' successfully

28-01-2025T18:01:43 - [MESSAGE][PASSED] - Navigate to 'https://site17.lsapp.cloud/dbkeymetrics/bedboard' successfully

28-01-2025T18:01:43 - [TEST_STEP][PASSED] - selectOptionByValue(findTestObject("Object Repository/Specific Cases Repository/LS/Home/Census/Bed_Board/Page_Bed Board/select_All Gender Identities"), "0", true): All options with value '0' are selected in object 'Object Repository/Specific Cases Repository/LS/Home/Census/Bed_Board/Page_Bed Board/select_All Gender Identities'  using regular expression

28-01-2025T18:01:44 - [MESSAGE][PASSED] - All options with value '0' are selected in object 'Object Repository/Specific Cases Repository/LS/Home/Census/Bed_Board/Page_Bed Board/select_All Gender Identities'  using regular expression

28-01-2025T18:01:44 - [TEST_STEP][PASSED] - verifyElementText(findTestObject("Object Repository/Specific Cases Repository/LS/Home/Census/Bed_Board/Page_Bed Board/span_Female"), "Female"): Actual text and expected text of test object 'Object Repository/Specific Cases Repository/LS/Home/Census/Bed_Board/Page_Bed Board/span_Female' are matched.

28-01-2025T18:01:45 - [MESSAGE][PASSED] - Actual text and expected text of test object 'Object Repository/Specific Cases Repository/LS/Home/Census/Bed_Board/Page_Bed Board/span_Female' are matched.

28-01-2025T18:01:45 - [TEST_STEP][PASSED] - verifyElementText(findTestObject("Object Repository/Specific Cases Repository/LS/Home/Census/Bed_Board/Page_Bed Board/span_Male"), "Male"): Actual text and expected text of test object 'Object Repository/Specific Cases Repository/LS/Home/Census/Bed_Board/Page_Bed Board/span_Male' are matched.

28-01-2025T18:01:45 - [MESSAGE][PASSED] - Actual text and expected text of test object 'Object Repository/Specific Cases Repository/LS/Home/Census/Bed_Board/Page_Bed Board/span_Male' are matched.

28-01-2025T18:01:45 - [TEST_STEP][PASSED] - selectOptionByIndex(findTestObject("Object Repository/Specific Cases Repository/LS/Home/Census/Bed_Board/Page_Bed Board/select_All Gender Identities"), 1, STOP_ON_FAILURE): All options with index in [1] are selected on object 'Object Repository/Specific Cases Repository/LS/Home/Census/Bed_Board/Page_Bed Board/select_All Gender Identities'

28-01-2025T18:01:49 - [MESSAGE][PASSED] - All options with index in [1] are selected on object 'Object Repository/Specific Cases Repository/LS/Home/Census/Bed_Board/Page_Bed Board/select_All Gender Identities'

28-01-2025T18:01:49 - [TEST_STEP][PASSED] - verifyElementText(findTestObject("Object Repository/Specific Cases Repository/LS/Home/Census/Bed_Board/Page_Bed Board/span_Female"), "Female"): Actual text and expected text of test object 'Object Repository/Specific Cases Repository/LS/Home/Census/Bed_Board/Page_Bed Board/span_Female' are matched.

28-01-2025T18:01:50 - [MESSAGE][PASSED] - Actual text and expected text of test object 'Object Repository/Specific Cases Repository/LS/Home/Census/Bed_Board/Page_Bed Board/span_Female' are matched.

28-01-2025T18:01:50 - [TEST_STEP][PASSED] - verifyElementNotPresent(findTestObject("Object Repository/Specific Cases Repository/LS/Home/Census/Bed_Board/Page_Bed Board/span_Male"), 0): Web element with id: 'Object Repository/Specific Cases Repository/LS/Home/Census/Bed_Board/Page_Bed Board/span_Male' located by 'By.xpath: //span[normalize-space()='Male']' is not present after '30' second(s)

28-01-2025T18:01:50 - [MESSAGE][WARNING] - Timeout '0' is invalid. Using default page load timeout: '30'

28-01-2025T18:01:50 - [MESSAGE][PASSED] - Web element with id: 'Object Repository/Specific Cases Repository/LS/Home/Census/Bed_Board/Page_Bed Board/span_Male' located by 'By.xpath: //span[normalize-space()='Male']' is not present after '30' second(s)

28-01-2025T18:01:50 - [TEST_STEP][PASSED] - selectOptionByIndex(findTestObject("Object Repository/Specific Cases Repository/LS/Home/Census/Bed_Board/Page_Bed Board/select_All Gender Identities"), 2, STOP_ON_FAILURE): All options with index in [2] are selected on object 'Object Repository/Specific Cases Repository/LS/Home/Census/Bed_Board/Page_Bed Board/select_All Gender Identities'

28-01-2025T18:01:54 - [MESSAGE][PASSED] - All options with index in [2] are selected on object 'Object Repository/Specific Cases Repository/LS/Home/Census/Bed_Board/Page_Bed Board/select_All Gender Identities'

28-01-2025T18:01:54 - [TEST_STEP][PASSED] - verifyElementText(findTestObject("Object Repository/Specific Cases Repository/LS/Home/Census/Bed_Board/Page_Bed Board/span_Male"), "Male"): Actual text and expected text of test object 'Object Repository/Specific Cases Repository/LS/Home/Census/Bed_Board/Page_Bed Board/span_Male' are matched.

28-01-2025T18:01:54 - [MESSAGE][PASSED] - Actual text and expected text of test object 'Object Repository/Specific Cases Repository/LS/Home/Census/Bed_Board/Page_Bed Board/span_Male' are matched.

28-01-2025T18:01:54 - [TEST_STEP][PASSED] - verifyElementNotPresent(findTestObject("Object Repository/Specific Cases Repository/LS/Home/Census/Bed_Board/Page_Bed Board/span_Female"), 0): Web element with id: 'Object Repository/Specific Cases Repository/LS/Home/Census/Bed_Board/Page_Bed Board/span_Female' located by 'By.xpath: //span[normalize-space()='Female']' is not present after '30' second(s)

28-01-2025T18:01:54 - [MESSAGE][WARNING] - Timeout '0' is invalid. Using default page load timeout: '30'

28-01-2025T18:01:55 - [MESSAGE][PASSED] - Web element with id: 'Object Repository/Specific Cases Repository/LS/Home/Census/Bed_Board/Page_Bed Board/span_Female' located by 'By.xpath: //span[normalize-space()='Female']' is not present after '30' second(s)

28-01-2025T18:01:55 - [TEST_STEP][PASSED] - selectOptionByIndex(findTestObject("Object Repository/Specific Cases Repository/LS/Home/Census/Bed_Board/Page_Bed Board/select_All Gender Identities"), 7, STOP_ON_FAILURE): All options with index in [7] are selected on object 'Object Repository/Specific Cases Repository/LS/Home/Census/Bed_Board/Page_Bed Board/select_All Gender Identities'

28-01-2025T18:01:59 - [MESSAGE][PASSED] - All options with index in [7] are selected on object 'Object Repository/Specific Cases Repository/LS/Home/Census/Bed_Board/Page_Bed Board/select_All Gender Identities'

28-01-2025T18:01:59 - [TEST_STEP][PASSED] - verifyElementText(findTestObject("Object Repository/Specific Cases Repository/LS/Home/Census/Bed_Board/Page_Bed Board/span_C Automation, C Client 1674"), "C Automation, C Client 1674"): Actual text and expected text of test object 'Object Repository/Specific Cases Repository/LS/Home/Census/Bed_Board/Page_Bed Board/span_C Automation, C Client 1674' are matched.

28-01-2025T18:01:59 - [MESSAGE][PASSED] - Actual text and expected text of test object 'Object Repository/Specific Cases Repository/LS/Home/Census/Bed_Board/Page_Bed Board/span_C Automation, C Client 1674' are matched.

28-01-2025T18:01:59 - [TEST_STEP][PASSED] - selectOptionByIndex(findTestObject("Object Repository/Specific Cases Repository/LS/Home/Census/Bed_Board/Page_Bed Board/select_All Locations                       _fac816"), "0", STOP_ON_FAILURE): All options with index in [0] are selected on object 'Object Repository/Specific Cases Repository/LS/Home/Census/Bed_Board/Page_Bed Board/select_All Locations                       _fac816'

28-01-2025T18:02:00 - [MESSAGE][PASSED] - All options with index in [0] are selected on object 'Object Repository/Specific Cases Repository/LS/Home/Census/Bed_Board/Page_Bed Board/select_All Locations                       _fac816'

28-01-2025T18:02:00 - [TEST_STEP][PASSED] - selectOptionByIndex(findTestObject("Object Repository/Specific Cases Repository/LS/Home/Census/Bed_Board/Page_Bed Board/select_All Gender Identities"), "0", STOP_ON_FAILURE): All options with index in [0] are selected on object 'Object Repository/Specific Cases Repository/LS/Home/Census/Bed_Board/Page_Bed Board/select_All Gender Identities'

28-01-2025T18:02:04 - [MESSAGE][PASSED] - All options with index in [0] are selected on object 'Object Repository/Specific Cases Repository/LS/Home/Census/Bed_Board/Page_Bed Board/select_All Gender Identities'

28-01-2025T18:02:04 - [TEST_STEP][PASSED] - selectOptionByIndex(findTestObject("Object Repository/Specific Cases Repository/LS/Home/Census/Bed_Board/Page_Bed Board/select_All Locations                       _fac816"), "1", STOP_ON_FAILURE): All options with index in [1] are selected on object 'Object Repository/Specific Cases Repository/LS/Home/Census/Bed_Board/Page_Bed Board/select_All Locations                       _fac816'

28-01-2025T18:02:08 - [MESSAGE][PASSED] - All options with index in [1] are selected on object 'Object Repository/Specific Cases Repository/LS/Home/Census/Bed_Board/Page_Bed Board/select_All Locations                       _fac816'

28-01-2025T18:02:08 - [TEST_STEP][PASSED] - verifyElementText(findTestObject("Object Repository/Specific Cases Repository/LS/Home/Census/Bed_Board/Page_Bed Board/span_A Automation, A Client 1672"), "A Automation, A Client 1672"): Actual text and expected text of test object 'Object Repository/Specific Cases Repository/LS/Home/Census/Bed_Board/Page_Bed Board/span_A Automation, A Client 1672' are matched.

28-01-2025T18:02:09 - [MESSAGE][PASSED] - Actual text and expected text of test object 'Object Repository/Specific Cases Repository/LS/Home/Census/Bed_Board/Page_Bed Board/span_A Automation, A Client 1672' are matched.

28-01-2025T18:02:09 - [TEST_STEP][FAILED] - verifyElementNotPresent(findTestObject("Specific Cases Repository/LS/Home/Census/Bed_Board/Page_Bed Board/span_B Automation, B Client 1673"), 0): Unable to verify object 'Object Repository/Specific Cases Repository/LS/Home/Census/Bed_Board/Page_Bed Board/span_B Automation, B Client 1673' is not present (Root cause: com.kms.katalon.core.exception.StepFailedException: Unable to verify object 'Object Repository/Specific Cases Repository/LS/Home/Census/Bed_Board/Page_Bed Board/span_B Automation, B Client 1673' is not present
	at com.kms.katalon.core.webui.keyword.internal.WebUIKeywordMain.stepFailed(WebUIKeywordMain.groovy:117)
	at com.kms.katalon.core.webui.keyword.internal.WebUIKeywordMain.runKeyword(WebUIKeywordMain.groovy:43)
	at com.kms.katalon.core.webui.keyword.internal.WebUIKeywordMain$runKeyword.call(Unknown Source)
	at com.kms.katalon.core.webui.keyword.builtin.VerifyElementNotPresentKeyword.verifyElementNotPresent(VerifyElementNotPresentKeyword.groovy:131)
	at com.kms.katalon.core.webui.keyword.builtin.VerifyElementNotPresentKeyword.execute(VerifyElementNotPresentKeyword.groovy:69)
	at com.kms.katalon.core.keyword.internal.KeywordExecutor.executeKeywordForPlatform(KeywordExecutor.groovy:74)
	at com.kms.katalon.core.webui.keyword.WebUiBuiltInKeywords.verifyElementNotPresent(WebUiBuiltInKeywords.groovy:1536)
	at Bed_Board_Filters.run(Bed_Board_Filters:73)
	at com.kms.katalon.core.main.ScriptEngine.run(ScriptEngine.java:194)
	at com.kms.katalon.core.main.ScriptEngine.runScriptAsRawText(ScriptEngine.java:119)
	at com.kms.katalon.core.main.TestCaseExecutor.runScript(TestCaseExecutor.java:448)
	at com.kms.katalon.core.main.TestCaseExecutor.doExecute(TestCaseExecutor.java:439)
	at com.kms.katalon.core.main.TestCaseExecutor.processExecutionPhase(TestCaseExecutor.java:418)
	at com.kms.katalon.core.main.TestCaseExecutor.accessMainPhase(TestCaseExecutor.java:410)
	at com.kms.katalon.core.main.TestCaseExecutor.execute(TestCaseExecutor.java:285)
	at com.kms.katalon.core.common.CommonExecutor.accessTestCaseMainPhase(CommonExecutor.java:65)
	at com.kms.katalon.core.main.TestSuiteExecutor.accessTestSuiteMainPhase(TestSuiteExecutor.java:150)
	at com.kms.katalon.core.main.TestSuiteExecutor.execute(TestSuiteExecutor.java:106)
	at com.kms.katalon.core.main.TestCaseMain.startTestSuite(TestCaseMain.java:180)
	at TempTestSuite1738104958703.run(TempTestSuite1738104958703.groovy:35)
	at java.base/jdk.internal.reflect.NativeMethodAccessorImpl.invoke0(Native Method)
	at java.base/jdk.internal.reflect.NativeMethodAccessorImpl.invoke(NativeMethodAccessorImpl.java:77)
	at java.base/jdk.internal.reflect.DelegatingMethodAccessorImpl.invoke(DelegatingMethodAccessorImpl.java:43)
Caused by: com.kms.katalon.core.exception.StepFailedException: Web element with id: 'Object Repository/Specific Cases Repository/LS/Home/Census/Bed_Board/Page_Bed Board/span_B Automation, B Client 1673' located by 'By.xpath: //span[normalize-space()='B Automation, B Client 1673']' is present after '30' second(s)
	at com.kms.katalon.core.webui.keyword.internal.WebUIKeywordMain.stepFailed(WebUIKeywordMain.groovy:117)
	at com.kms.katalon.core.webui.keyword.internal.WebUIKeywordMain$stepFailed$0.call(Unknown Source)
	at com.kms.katalon.core.webui.keyword.builtin.VerifyElementNotPresentKeyword$_verifyElementNotPresent_closure1.doCall(VerifyElementNotPresentKeyword.groovy:122)
	at com.kms.katalon.core.webui.keyword.builtin.VerifyElementNotPresentKeyword$_verifyElementNotPresent_closure1.doCall(VerifyElementNotPresentKeyword.groovy)
	at java.base/jdk.internal.reflect.NativeMethodAccessorImpl.invoke0(Native Method)
	at java.base/jdk.internal.reflect.NativeMethodAccessorImpl.invoke(NativeMethodAccessorImpl.java:77)
	at java.base/jdk.internal.reflect.DelegatingMethodAccessorImpl.invoke(DelegatingMethodAccessorImpl.java:43)
	at com.kms.katalon.core.webui.keyword.internal.WebUIKeywordMain.runKeyword(WebUIKeywordMain.groovy:35)
	... 21 more
)

28-01-2025T18:02:09 - [MESSAGE][WARNING] - Timeout '0' is invalid. Using default page load timeout: '30'

28-01-2025T18:02:40 - [MESSAGE][FAILED] - Web element with id: 'Object Repository/Specific Cases Repository/LS/Home/Census/Bed_Board/Page_Bed Board/span_B Automation, B Client 1673' located by 'By.xpath: //span[normalize-space()='B Automation, B Client 1673']' is present after '30' second(s) (Root cause: com.kms.katalon.core.exception.StepFailedException: Web element with id: 'Object Repository/Specific Cases Repository/LS/Home/Census/Bed_Board/Page_Bed Board/span_B Automation, B Client 1673' located by 'By.xpath: //span[normalize-space()='B Automation, B Client 1673']' is present after '30' second(s)
	at com.kms.katalon.core.webui.keyword.internal.WebUIKeywordMain.stepFailed(WebUIKeywordMain.groovy:117)
	at com.kms.katalon.core.webui.keyword.internal.WebUIKeywordMain$stepFailed$0.call(Unknown Source)
	at com.kms.katalon.core.webui.keyword.builtin.VerifyElementNotPresentKeyword$_verifyElementNotPresent_closure1.doCall(VerifyElementNotPresentKeyword.groovy:122)
	at com.kms.katalon.core.webui.keyword.builtin.VerifyElementNotPresentKeyword$_verifyElementNotPresent_closure1.doCall(VerifyElementNotPresentKeyword.groovy)
	at java.base/jdk.internal.reflect.NativeMethodAccessorImpl.invoke0(Native Method)
	at java.base/jdk.internal.reflect.NativeMethodAccessorImpl.invoke(NativeMethodAccessorImpl.java:77)
	at java.base/jdk.internal.reflect.DelegatingMethodAccessorImpl.invoke(DelegatingMethodAccessorImpl.java:43)
	at com.kms.katalon.core.webui.keyword.internal.WebUIKeywordMain.runKeyword(WebUIKeywordMain.groovy:35)
	at com.kms.katalon.core.webui.keyword.internal.WebUIKeywordMain$runKeyword.call(Unknown Source)
	at com.kms.katalon.core.webui.keyword.builtin.VerifyElementNotPresentKeyword.verifyElementNotPresent(VerifyElementNotPresentKeyword.groovy:131)
	at com.kms.katalon.core.webui.keyword.builtin.VerifyElementNotPresentKeyword.execute(VerifyElementNotPresentKeyword.groovy:69)
	at com.kms.katalon.core.keyword.internal.KeywordExecutor.executeKeywordForPlatform(KeywordExecutor.groovy:74)
	at com.kms.katalon.core.webui.keyword.WebUiBuiltInKeywords.verifyElementNotPresent(WebUiBuiltInKeywords.groovy:1536)
	at Bed_Board_Filters.run(Bed_Board_Filters:73)
	at com.kms.katalon.core.main.ScriptEngine.run(ScriptEngine.java:194)
	at com.kms.katalon.core.main.ScriptEngine.runScriptAsRawText(ScriptEngine.java:119)
	at com.kms.katalon.core.main.TestCaseExecutor.runScript(TestCaseExecutor.java:448)
	at com.kms.katalon.core.main.TestCaseExecutor.doExecute(TestCaseExecutor.java:439)
	at com.kms.katalon.core.main.TestCaseExecutor.processExecutionPhase(TestCaseExecutor.java:418)
	at com.kms.katalon.core.main.TestCaseExecutor.accessMainPhase(TestCaseExecutor.java:410)
	at com.kms.katalon.core.main.TestCaseExecutor.execute(TestCaseExecutor.java:285)
	at com.kms.katalon.core.common.CommonExecutor.accessTestCaseMainPhase(CommonExecutor.java:65)
	at com.kms.katalon.core.main.TestSuiteExecutor.accessTestSuiteMainPhase(TestSuiteExecutor.java:150)
	at com.kms.katalon.core.main.TestSuiteExecutor.execute(TestSuiteExecutor.java:106)
	at com.kms.katalon.core.main.TestCaseMain.startTestSuite(TestCaseMain.java:180)
	at TempTestSuite1738104958703.run(TempTestSuite1738104958703.groovy:35)
	at java.base/jdk.internal.reflect.NativeMethodAccessorImpl.invoke0(Native Method)
	at java.base/jdk.internal.reflect.NativeMethodAccessorImpl.invoke(NativeMethodAccessorImpl.java:77)
	at java.base/jdk.internal.reflect.DelegatingMethodAccessorImpl.invoke(DelegatingMethodAccessorImpl.java:43)
)
[[ATTACHMENT|C:\\Users\\Enrique\\git\\AUTOMATION_LS\\Reports\\20250128_175555\\LS\\Home\\General\\Census\\20250128_175558\\1738105359617.png]]

28-01-2025T18:02:40 - [MESSAGE][FAILED] - Unable to verify object 'Object Repository/Specific Cases Repository/LS/Home/Census/Bed_Board/Page_Bed Board/span_B Automation, B Client 1673' is not present (Root cause: com.kms.katalon.core.exception.StepFailedException: Unable to verify object 'Object Repository/Specific Cases Repository/LS/Home/Census/Bed_Board/Page_Bed Board/span_B Automation, B Client 1673' is not present
	at com.kms.katalon.core.webui.keyword.internal.WebUIKeywordMain.stepFailed(WebUIKeywordMain.groovy:117)
	at com.kms.katalon.core.webui.keyword.internal.WebUIKeywordMain.runKeyword(WebUIKeywordMain.groovy:43)
	at com.kms.katalon.core.webui.keyword.internal.WebUIKeywordMain$runKeyword.call(Unknown Source)
	at com.kms.katalon.core.webui.keyword.builtin.VerifyElementNotPresentKeyword.verifyElementNotPresent(VerifyElementNotPresentKeyword.groovy:131)
	at com.kms.katalon.core.webui.keyword.builtin.VerifyElementNotPresentKeyword.execute(VerifyElementNotPresentKeyword.groovy:69)
	at com.kms.katalon.core.keyword.internal.KeywordExecutor.executeKeywordForPlatform(KeywordExecutor.groovy:74)
	at com.kms.katalon.core.webui.keyword.WebUiBuiltInKeywords.verifyElementNotPresent(WebUiBuiltInKeywords.groovy:1536)
	at Bed_Board_Filters.run(Bed_Board_Filters:73)
	at com.kms.katalon.core.main.ScriptEngine.run(ScriptEngine.java:194)
	at com.kms.katalon.core.main.ScriptEngine.runScriptAsRawText(ScriptEngine.java:119)
	at com.kms.katalon.core.main.TestCaseExecutor.runScript(TestCaseExecutor.java:448)
	at com.kms.katalon.core.main.TestCaseExecutor.doExecute(TestCaseExecutor.java:439)
	at com.kms.katalon.core.main.TestCaseExecutor.processExecutionPhase(TestCaseExecutor.java:418)
	at com.kms.katalon.core.main.TestCaseExecutor.accessMainPhase(TestCaseExecutor.java:410)
	at com.kms.katalon.core.main.TestCaseExecutor.execute(TestCaseExecutor.java:285)
	at com.kms.katalon.core.common.CommonExecutor.accessTestCaseMainPhase(CommonExecutor.java:65)
	at com.kms.katalon.core.main.TestSuiteExecutor.accessTestSuiteMainPhase(TestSuiteExecutor.java:150)
	at com.kms.katalon.core.main.TestSuiteExecutor.execute(TestSuiteExecutor.java:106)
	at com.kms.katalon.core.main.TestCaseMain.startTestSuite(TestCaseMain.java:180)
	at TempTestSuite1738104958703.run(TempTestSuite1738104958703.groovy:35)
	at java.base/jdk.internal.reflect.NativeMethodAccessorImpl.invoke0(Native Method)
	at java.base/jdk.internal.reflect.NativeMethodAccessorImpl.invoke(NativeMethodAccessorImpl.java:77)
	at java.base/jdk.internal.reflect.DelegatingMethodAccessorImpl.invoke(DelegatingMethodAccessorImpl.java:43)
Caused by: com.kms.katalon.core.exception.StepFailedException: Web element with id: 'Object Repository/Specific Cases Repository/LS/Home/Census/Bed_Board/Page_Bed Board/span_B Automation, B Client 1673' located by 'By.xpath: //span[normalize-space()='B Automation, B Client 1673']' is present after '30' second(s)
	at com.kms.katalon.core.webui.keyword.internal.WebUIKeywordMain.stepFailed(WebUIKeywordMain.groovy:117)
	at com.kms.katalon.core.webui.keyword.internal.WebUIKeywordMain$stepFailed$0.call(Unknown Source)
	at com.kms.katalon.core.webui.keyword.builtin.VerifyElementNotPresentKeyword$_verifyElementNotPresent_closure1.doCall(VerifyElementNotPresentKeyword.groovy:122)
	at com.kms.katalon.core.webui.keyword.builtin.VerifyElementNotPresentKeyword$_verifyElementNotPresent_closure1.doCall(VerifyElementNotPresentKeyword.groovy)
	at java.base/jdk.internal.reflect.NativeMethodAccessorImpl.invoke0(Native Method)
	at java.base/jdk.internal.reflect.NativeMethodAccessorImpl.invoke(NativeMethodAccessorImpl.java:77)
	at java.base/jdk.internal.reflect.DelegatingMethodAccessorImpl.invoke(DelegatingMethodAccessorImpl.java:43)
	at com.kms.katalon.core.webui.keyword.internal.WebUIKeywordMain.runKeyword(WebUIKeywordMain.groovy:35)
	... 21 more
)
[[ATTACHMENT|C:\\Users\\Enrique\\git\\AUTOMATION_LS\\Reports\\20250128_175555\\LS\\Home\\General\\Census\\20250128_175558\\1738105360038.png]]]]></system-out>
         <system-err><![CDATA[28-01-2025T18:00:57 - [TEST_CASE][FAILED] - Test Cases/Specific Cases/LS/General/Census/Bed Board/Bed_Board_Filters: Test Cases/Specific Cases/LS/General/Census/Bed Board/Bed_Board_Filters FAILED.
Reason:
com.kms.katalon.core.exception.StepFailedException: Unable to verify object 'Object Repository/Specific Cases Repository/LS/Home/Census/Bed_Board/Page_Bed Board/span_B Automation, B Client 1673' is not present
	at com.kms.katalon.core.webui.keyword.internal.WebUIKeywordMain.stepFailed(WebUIKeywordMain.groovy:117)
	at com.kms.katalon.core.webui.keyword.internal.WebUIKeywordMain.runKeyword(WebUIKeywordMain.groovy:43)
	at com.kms.katalon.core.webui.keyword.internal.WebUIKeywordMain$runKeyword.call(Unknown Source)
	at com.kms.katalon.core.webui.keyword.builtin.VerifyElementNotPresentKeyword.verifyElementNotPresent(VerifyElementNotPresentKeyword.groovy:131)
	at com.kms.katalon.core.webui.keyword.builtin.VerifyElementNotPresentKeyword.execute(VerifyElementNotPresentKeyword.groovy:69)
	at com.kms.katalon.core.keyword.internal.KeywordExecutor.executeKeywordForPlatform(KeywordExecutor.groovy:74)
	at com.kms.katalon.core.webui.keyword.WebUiBuiltInKeywords.verifyElementNotPresent(WebUiBuiltInKeywords.groovy:1536)
	at Bed_Board_Filters.run(Bed_Board_Filters:73)
	at com.kms.katalon.core.main.ScriptEngine.run(ScriptEngine.java:194)
	at com.kms.katalon.core.main.ScriptEngine.runScriptAsRawText(ScriptEngine.java:119)
	at com.kms.katalon.core.main.TestCaseExecutor.runScript(TestCaseExecutor.java:448)
	at com.kms.katalon.core.main.TestCaseExecutor.doExecute(TestCaseExecutor.java:439)
	at com.kms.katalon.core.main.TestCaseExecutor.processExecutionPhase(TestCaseExecutor.java:418)
	at com.kms.katalon.core.main.TestCaseExecutor.accessMainPhase(TestCaseExecutor.java:410)
	at com.kms.katalon.core.main.TestCaseExecutor.execute(TestCaseExecutor.java:285)
	at com.kms.katalon.core.common.CommonExecutor.accessTestCaseMainPhase(CommonExecutor.java:65)
	at com.kms.katalon.core.main.TestSuiteExecutor.accessTestSuiteMainPhase(TestSuiteExecutor.java:150)
	at com.kms.katalon.core.main.TestSuiteExecutor.execute(TestSuiteExecutor.java:106)
	at com.kms.katalon.core.main.TestCaseMain.startTestSuite(TestCaseMain.java:180)
	at TempTestSuite1738104958703.run(TempTestSuite1738104958703.groovy:35)
	at java.base/jdk.internal.reflect.NativeMethodAccessorImpl.invoke0(Native Method)
	at java.base/jdk.internal.reflect.NativeMethodAccessorImpl.invoke(NativeMethodAccessorImpl.java:77)
	at java.base/jdk.internal.reflect.DelegatingMethodAccessorImpl.invoke(DelegatingMethodAccessorImpl.java:43)
Caused by: com.kms.katalon.core.exception.StepFailedException: Web element with id: 'Object Repository/Specific Cases Repository/LS/Home/Census/Bed_Board/Page_Bed Board/span_B Automation, B Client 1673' located by 'By.xpath: //span[normalize-space()='B Automation, B Client 1673']' is present after '30' second(s)
	at com.kms.katalon.core.webui.keyword.internal.WebUIKeywordMain.stepFailed(WebUIKeywordMain.groovy:117)
	at com.kms.katalon.core.webui.keyword.internal.WebUIKeywordMain$stepFailed$0.call(Unknown Source)
	at com.kms.katalon.core.webui.keyword.builtin.VerifyElementNotPresentKeyword$_verifyElementNotPresent_closure1.doCall(VerifyElementNotPresentKeyword.groovy:122)
	at com.kms.katalon.core.webui.keyword.builtin.VerifyElementNotPresentKeyword$_verifyElementNotPresent_closure1.doCall(VerifyElementNotPresentKeyword.groovy)
	at java.base/jdk.internal.reflect.NativeMethodAccessorImpl.invoke0(Native Method)
	at java.base/jdk.internal.reflect.NativeMethodAccessorImpl.invoke(NativeMethodAccessorImpl.java:77)
	at java.base/jdk.internal.reflect.DelegatingMethodAccessorImpl.invoke(DelegatingMethodAccessorImpl.java:43)
	at com.kms.katalon.core.webui.keyword.internal.WebUIKeywordMain.runKeyword(WebUIKeywordMain.groovy:35)
	... 21 more]]></system-err>
      </testcase>
      <testcase name="Test Cases/Specific Cases/LS/General/Census/Bed Board/Bed_Board_Notes" time="45.519" classname="Test Cases/Specific Cases/LS/General/Census/Bed Board/Bed_Board_Notes" status="PASSED">
         <system-out><![CDATA[28-01-2025T18:02:40 - [TEST_CASE][PASSED] - Test Cases/Specific Cases/LS/General/Census/Bed Board/Bed_Board_Notes: Test Cases/Specific Cases/LS/General/Census/Bed Board/Bed_Board_Notes

28-01-2025T18:02:40 - [TEST_STEP][PASSED] - callTestCase(findTestCase("Common Cases/Login"), [:], STOP_ON_FAILURE): Call Test Case 'Test Cases/Common Cases/Login' successfully

28-01-2025T18:02:40 - [TEST_CASE][PASSED] - Test Cases/Common Cases/Login: Test Cases/Common Cases/Login

28-01-2025T18:02:40 - [TEST_STEP][PASSED] - openBrowser(""): Browser is opened with url: ''

28-01-2025T18:02:40 - [MESSAGE][WARNING] - A browser is already opened. Closing browser and opening a new one

28-01-2025T18:02:40 - [MESSAGE][INFO] - Starting 'Chrome' driver

28-01-2025T18:02:40 - [MESSAGE][INFO] - Action delay is set to 0 milliseconds

28-01-2025T18:02:41 - [MESSAGE][PASSED] - Browser is opened with url: ''

28-01-2025T18:02:41 - [TEST_STEP][PASSED] - maximizeWindow(): Current window maximized

28-01-2025T18:02:41 - [MESSAGE][PASSED] - Current window maximized

28-01-2025T18:02:41 - [TEST_STEP][PASSED] - navigateToUrl("https://site17.lsapp.cloud/auth/login"): Navigate to 'https://site17.lsapp.cloud/auth/login' successfully

28-01-2025T18:02:44 - [MESSAGE][PASSED] - Navigate to 'https://site17.lsapp.cloud/auth/login' successfully

28-01-2025T18:02:44 - [TEST_STEP][PASSED] - setText(findTestObject("Object Repository/Common Cases Repository/Login/Page_Lightning Step/input_Email_email"), "automation@lightningstep.com"): Text 'automation@lightningstep.com' is set on object 'Object Repository/Common Cases Repository/Login/Page_Lightning Step/input_Email_email'

28-01-2025T18:02:45 - [MESSAGE][PASSED] - Text 'automation@lightningstep.com' is set on object 'Object Repository/Common Cases Repository/Login/Page_Lightning Step/input_Email_email'

28-01-2025T18:02:45 - [TEST_STEP][PASSED] - setEncryptedText(findTestObject("Object Repository/Common Cases Repository/Login/Page_Lightning Step/input_Password_password"), "e5N8VHmnhJDITtQaQhDQDw=="): Text ****** has been set on object 'Object Repository/Common Cases Repository/Login/Page_Lightning Step/input_Password_password'

28-01-2025T18:02:45 - [MESSAGE][PASSED] - Text ****** has been set on object 'Object Repository/Common Cases Repository/Login/Page_Lightning Step/input_Password_password'

28-01-2025T18:02:45 - [TEST_STEP][PASSED] - click(findTestObject("Object Repository/Common Cases Repository/Login/Page_Lightning Step/button_Sign in")): Object: 'Object Repository/Common Cases Repository/Login/Page_Lightning Step/button_Sign in' is clicked on

28-01-2025T18:02:51 - [MESSAGE][PASSED] - Object: 'Object Repository/Common Cases Repository/Login/Page_Lightning Step/button_Sign in' is clicked on

28-01-2025T18:02:51 - [MESSAGE][PASSED] - Call Test Case 'Test Cases/Common Cases/Login' successfully

28-01-2025T18:02:51 - [TEST_STEP][PASSED] - click(findTestObject("Object Repository/Specific Cases Repository/LS/Home/Census/Bed_Board/Bead_Board_Notes/Page_Home/a_Census")): Object: 'Object Repository/Specific Cases Repository/LS/Home/Census/Bed_Board/Bead_Board_Notes/Page_Home/a_Census' is clicked on

28-01-2025T18:02:54 - [MESSAGE][PASSED] - Object: 'Object Repository/Specific Cases Repository/LS/Home/Census/Bed_Board/Bead_Board_Notes/Page_Home/a_Census' is clicked on

28-01-2025T18:02:54 - [TEST_STEP][PASSED] - click(findTestObject("Object Repository/Specific Cases Repository/LS/Home/Census/Bed_Board/Bead_Board_Notes/Page_Home/a_bed                     Bed Board")): Object: 'Object Repository/Specific Cases Repository/LS/Home/Census/Bed_Board/Bead_Board_Notes/Page_Home/a_bed                     Bed Board' is clicked on

28-01-2025T18:03:00 - [MESSAGE][PASSED] - Object: 'Object Repository/Specific Cases Repository/LS/Home/Census/Bed_Board/Bead_Board_Notes/Page_Home/a_bed                     Bed Board' is clicked on

28-01-2025T18:03:00 - [TEST_STEP][PASSED] - navigateToUrl("https://site17.lsapp.cloud/dbkeymetrics/bedboard"): Navigate to 'https://site17.lsapp.cloud/dbkeymetrics/bedboard' successfully

28-01-2025T18:03:02 - [MESSAGE][PASSED] - Navigate to 'https://site17.lsapp.cloud/dbkeymetrics/bedboard' successfully

28-01-2025T18:03:02 - [TEST_STEP][PASSED] - click(findTestObject("Object Repository/Specific Cases Repository/LS/Home/Census/Bed_Board/Bead_Board_Notes/Page_Bed Board/a_Bed Management")): Object: 'Object Repository/Specific Cases Repository/LS/Home/Census/Bed_Board/Bead_Board_Notes/Page_Bed Board/a_Bed Management' is clicked on

28-01-2025T18:03:05 - [MESSAGE][PASSED] - Object: 'Object Repository/Specific Cases Repository/LS/Home/Census/Bed_Board/Bead_Board_Notes/Page_Bed Board/a_Bed Management' is clicked on

28-01-2025T18:03:05 - [TEST_STEP][PASSED] - click(findTestObject("Object Repository/Specific Cases Repository/LS/Home/Census/Bed_Board/Bead_Board_Notes/Page_Bed Management Dashboard/i_Room  1  (Male)_roomnote1")): Object: 'Object Repository/Specific Cases Repository/LS/Home/Census/Bed_Board/Bead_Board_Notes/Page_Bed Management Dashboard/i_Room  1  (Male)_roomnote1' is clicked on

28-01-2025T18:03:11 - [MESSAGE][PASSED] - Object: 'Object Repository/Specific Cases Repository/LS/Home/Census/Bed_Board/Bead_Board_Notes/Page_Bed Management Dashboard/i_Room  1  (Male)_roomnote1' is clicked on

28-01-2025T18:03:11 - [TEST_STEP][PASSED] - setText(findTestObject("Object Repository/Specific Cases Repository/LS/Home/Census/Bed_Board/Bead_Board_Notes/Page_Bed Management Dashboard/textarea_Room Note_mdl_roombednote_note"), "Room Test Note Automation"): Text 'Room Test Note Automation' is set on object 'Object Repository/Specific Cases Repository/LS/Home/Census/Bed_Board/Bead_Board_Notes/Page_Bed Management Dashboard/textarea_Room Note_mdl_roombednote_note'

28-01-2025T18:03:12 - [MESSAGE][PASSED] - Text 'Room Test Note Automation' is set on object 'Object Repository/Specific Cases Repository/LS/Home/Census/Bed_Board/Bead_Board_Notes/Page_Bed Management Dashboard/textarea_Room Note_mdl_roombednote_note'

28-01-2025T18:03:12 - [TEST_STEP][PASSED] - click(findTestObject("Specific Cases Repository/LS/Home/Census/Bed_Board/Bead_Board_Notes/Page_Bed Management Dashboard/div_Bed Note                               _7b91a6")): Object: 'Object Repository/Specific Cases Repository/LS/Home/Census/Bed_Board/Bead_Board_Notes/Page_Bed Management Dashboard/div_Bed Note                               _7b91a6' is clicked on

28-01-2025T18:03:13 - [MESSAGE][PASSED] - Object: 'Object Repository/Specific Cases Repository/LS/Home/Census/Bed_Board/Bead_Board_Notes/Page_Bed Management Dashboard/div_Bed Note                               _7b91a6' is clicked on

28-01-2025T18:03:13 - [TEST_STEP][PASSED] - click(findTestObject("Object Repository/Specific Cases Repository/LS/Home/Census/Bed_Board/Bead_Board_Notes/Page_Bed Management Dashboard/i_Room  1  (Male)_bednote1")): Object: 'Object Repository/Specific Cases Repository/LS/Home/Census/Bed_Board/Bead_Board_Notes/Page_Bed Management Dashboard/i_Room  1  (Male)_bednote1' is clicked on

28-01-2025T18:03:13 - [MESSAGE][PASSED] - Object: 'Object Repository/Specific Cases Repository/LS/Home/Census/Bed_Board/Bead_Board_Notes/Page_Bed Management Dashboard/i_Room  1  (Male)_bednote1' is clicked on

28-01-2025T18:03:13 - [TEST_STEP][PASSED] - setText(findTestObject("Object Repository/Specific Cases Repository/LS/Home/Census/Bed_Board/Bead_Board_Notes/Page_Bed Management Dashboard/textarea_Room Note_mdl_roombednote_note"), "Bed Note Test Automation"): Text 'Bed Note Test Automation' is set on object 'Object Repository/Specific Cases Repository/LS/Home/Census/Bed_Board/Bead_Board_Notes/Page_Bed Management Dashboard/textarea_Room Note_mdl_roombednote_note'

28-01-2025T18:03:15 - [MESSAGE][PASSED] - Text 'Bed Note Test Automation' is set on object 'Object Repository/Specific Cases Repository/LS/Home/Census/Bed_Board/Bead_Board_Notes/Page_Bed Management Dashboard/textarea_Room Note_mdl_roombednote_note'

28-01-2025T18:03:15 - [TEST_STEP][PASSED] - click(findTestObject("Specific Cases Repository/LS/Home/Census/Bed_Board/Bead_Board_Notes/Page_Bed Management Dashboard/div_Bed Note                               _7b91a6")): Object: 'Object Repository/Specific Cases Repository/LS/Home/Census/Bed_Board/Bead_Board_Notes/Page_Bed Management Dashboard/div_Bed Note                               _7b91a6' is clicked on

28-01-2025T18:03:15 - [MESSAGE][PASSED] - Object: 'Object Repository/Specific Cases Repository/LS/Home/Census/Bed_Board/Bead_Board_Notes/Page_Bed Management Dashboard/div_Bed Note                               _7b91a6' is clicked on

28-01-2025T18:03:15 - [TEST_STEP][PASSED] - click(findTestObject("Object Repository/Specific Cases Repository/LS/Home/Census/Bed_Board/Bead_Board_Notes/Page_Bed Management Dashboard/a_Home")): Object: 'Object Repository/Specific Cases Repository/LS/Home/Census/Bed_Board/Bead_Board_Notes/Page_Bed Management Dashboard/a_Home' is clicked on

28-01-2025T18:03:18 - [MESSAGE][PASSED] - Object: 'Object Repository/Specific Cases Repository/LS/Home/Census/Bed_Board/Bead_Board_Notes/Page_Bed Management Dashboard/a_Home' is clicked on

28-01-2025T18:03:18 - [TEST_STEP][PASSED] - click(findTestObject("Object Repository/Specific Cases Repository/LS/Home/Census/Bed_Board/Bead_Board_Notes/Page_Home/a_bed                     Bed Board")): Object: 'Object Repository/Specific Cases Repository/LS/Home/Census/Bed_Board/Bead_Board_Notes/Page_Home/a_bed                     Bed Board' is clicked on

28-01-2025T18:03:23 - [MESSAGE][PASSED] - Object: 'Object Repository/Specific Cases Repository/LS/Home/Census/Bed_Board/Bead_Board_Notes/Page_Home/a_bed                     Bed Board' is clicked on

28-01-2025T18:03:23 - [TEST_STEP][PASSED] - verifyElementPresent(findTestObject("Object Repository/Specific Cases Repository/LS/Home/Census/Bed_Board/Bead_Board_Notes/Page_Bed Board/i_Mens Residential_fa fa-info-circle text-info"), 0): Object 'Object Repository/Specific Cases Repository/LS/Home/Census/Bed_Board/Bead_Board_Notes/Page_Bed Board/i_Mens Residential_fa fa-info-circle text-info' is present

28-01-2025T18:03:23 - [MESSAGE][WARNING] - Timeout '0' is invalid. Using default page load timeout: '30'

28-01-2025T18:03:24 - [MESSAGE][PASSED] - Object 'Object Repository/Specific Cases Repository/LS/Home/Census/Bed_Board/Bead_Board_Notes/Page_Bed Board/i_Mens Residential_fa fa-info-circle text-info' is present

28-01-2025T18:03:24 - [TEST_STEP][PASSED] - click(findTestObject("Object Repository/Specific Cases Repository/LS/Home/Census/Bed_Board/Bead_Board_Notes/Page_Bed Board/i_Mens Residential_fa fa-info-circle text-info")): Object: 'Object Repository/Specific Cases Repository/LS/Home/Census/Bed_Board/Bead_Board_Notes/Page_Bed Board/i_Mens Residential_fa fa-info-circle text-info' is clicked on

28-01-2025T18:03:25 - [MESSAGE][PASSED] - Object: 'Object Repository/Specific Cases Repository/LS/Home/Census/Bed_Board/Bead_Board_Notes/Page_Bed Board/i_Mens Residential_fa fa-info-circle text-info' is clicked on

28-01-2025T18:03:25 - [TEST_STEP][PASSED] - verifyElementText(findTestObject("Object Repository/Specific Cases Repository/LS/Home/Census/Bed_Board/Bead_Board_Notes/Page_Bed Board/b_Bed note"), "Bed note:"): Actual text and expected text of test object 'Object Repository/Specific Cases Repository/LS/Home/Census/Bed_Board/Bead_Board_Notes/Page_Bed Board/b_Bed note' are matched.

28-01-2025T18:03:25 - [MESSAGE][PASSED] - Actual text and expected text of test object 'Object Repository/Specific Cases Repository/LS/Home/Census/Bed_Board/Bead_Board_Notes/Page_Bed Board/b_Bed note' are matched.

28-01-2025T18:03:25 - [TEST_STEP][PASSED] - verifyElementText(findTestObject("Object Repository/Specific Cases Repository/LS/Home/Census/Bed_Board/Bead_Board_Notes/Page_Bed Board/b_Room note"), "Room note:"): Actual text and expected text of test object 'Object Repository/Specific Cases Repository/LS/Home/Census/Bed_Board/Bead_Board_Notes/Page_Bed Board/b_Room note' are matched.

28-01-2025T18:03:25 - [MESSAGE][PASSED] - Actual text and expected text of test object 'Object Repository/Specific Cases Repository/LS/Home/Census/Bed_Board/Bead_Board_Notes/Page_Bed Board/b_Room note' are matched.

28-01-2025T18:03:25 - [TEST_STEP][PASSED] - closeBrowser(): Browser is closed

28-01-2025T18:03:25 - [MESSAGE][PASSED] - Browser is closed]]></system-out>
         <system-err><![CDATA[]]></system-err>
      </testcase>
      <testcase name="Test Cases/Specific Cases/LS/General/Census/Bed Board/Bed_Board_forward_back_fucntions" time="25.689" classname="Test Cases/Specific Cases/LS/General/Census/Bed Board/Bed_Board_forward_back_fucntions" status="PASSED">
         <system-out><![CDATA[28-01-2025T18:03:25 - [TEST_CASE][PASSED] - Test Cases/Specific Cases/LS/General/Census/Bed Board/Bed_Board_forward_back_fucntions: Test Cases/Specific Cases/LS/General/Census/Bed Board/Bed_Board_forward_back_fucntions

28-01-2025T18:03:26 - [TEST_STEP][PASSED] - callTestCase(findTestCase("Common Cases/Login"), [:], STOP_ON_FAILURE): Call Test Case 'Test Cases/Common Cases/Login' successfully

28-01-2025T18:03:26 - [TEST_CASE][PASSED] - Test Cases/Common Cases/Login: Test Cases/Common Cases/Login

28-01-2025T18:03:26 - [TEST_STEP][PASSED] - openBrowser(""): Browser is opened with url: ''

28-01-2025T18:03:26 - [MESSAGE][INFO] - Starting 'Chrome' driver

28-01-2025T18:03:26 - [MESSAGE][INFO] - Action delay is set to 0 milliseconds

28-01-2025T18:03:26 - [MESSAGE][PASSED] - Browser is opened with url: ''

28-01-2025T18:03:26 - [TEST_STEP][PASSED] - maximizeWindow(): Current window maximized

28-01-2025T18:03:26 - [MESSAGE][PASSED] - Current window maximized

28-01-2025T18:03:26 - [TEST_STEP][PASSED] - navigateToUrl("https://site17.lsapp.cloud/auth/login"): Navigate to 'https://site17.lsapp.cloud/auth/login' successfully

28-01-2025T18:03:29 - [MESSAGE][PASSED] - Navigate to 'https://site17.lsapp.cloud/auth/login' successfully

28-01-2025T18:03:29 - [TEST_STEP][PASSED] - setText(findTestObject("Object Repository/Common Cases Repository/Login/Page_Lightning Step/input_Email_email"), "automation@lightningstep.com"): Text 'automation@lightningstep.com' is set on object 'Object Repository/Common Cases Repository/Login/Page_Lightning Step/input_Email_email'

28-01-2025T18:03:30 - [MESSAGE][PASSED] - Text 'automation@lightningstep.com' is set on object 'Object Repository/Common Cases Repository/Login/Page_Lightning Step/input_Email_email'

28-01-2025T18:03:30 - [TEST_STEP][PASSED] - setEncryptedText(findTestObject("Object Repository/Common Cases Repository/Login/Page_Lightning Step/input_Password_password"), "e5N8VHmnhJDITtQaQhDQDw=="): Text ****** has been set on object 'Object Repository/Common Cases Repository/Login/Page_Lightning Step/input_Password_password'

28-01-2025T18:03:30 - [MESSAGE][PASSED] - Text ****** has been set on object 'Object Repository/Common Cases Repository/Login/Page_Lightning Step/input_Password_password'

28-01-2025T18:03:30 - [TEST_STEP][PASSED] - click(findTestObject("Object Repository/Common Cases Repository/Login/Page_Lightning Step/button_Sign in")): Object: 'Object Repository/Common Cases Repository/Login/Page_Lightning Step/button_Sign in' is clicked on

28-01-2025T18:03:35 - [MESSAGE][PASSED] - Object: 'Object Repository/Common Cases Repository/Login/Page_Lightning Step/button_Sign in' is clicked on

28-01-2025T18:03:35 - [MESSAGE][PASSED] - Call Test Case 'Test Cases/Common Cases/Login' successfully

28-01-2025T18:03:35 - [TEST_STEP][PASSED] - click(findTestObject("Object Repository/Specific Cases Repository/LS/Home/Census/Bed_Board/Bed_Board_Forward_Back_Functions/Page_Home/a_Census")): Object: 'Object Repository/Specific Cases Repository/LS/Home/Census/Bed_Board/Bed_Board_Forward_Back_Functions/Page_Home/a_Census' is clicked on

28-01-2025T18:03:37 - [MESSAGE][PASSED] - Object: 'Object Repository/Specific Cases Repository/LS/Home/Census/Bed_Board/Bed_Board_Forward_Back_Functions/Page_Home/a_Census' is clicked on

28-01-2025T18:03:37 - [TEST_STEP][PASSED] - click(findTestObject("Object Repository/Specific Cases Repository/LS/Home/Census/Bed_Board/Bed_Board_Forward_Back_Functions/Page_Home/a_bed                     Bed Board")): Object: 'Object Repository/Specific Cases Repository/LS/Home/Census/Bed_Board/Bed_Board_Forward_Back_Functions/Page_Home/a_bed                     Bed Board' is clicked on

28-01-2025T18:03:41 - [MESSAGE][PASSED] - Object: 'Object Repository/Specific Cases Repository/LS/Home/Census/Bed_Board/Bed_Board_Forward_Back_Functions/Page_Home/a_bed                     Bed Board' is clicked on

28-01-2025T18:03:41 - [TEST_STEP][PASSED] - click(findTestObject("Object Repository/Specific Cases Repository/LS/Home/Census/Bed_Board/Bed_Board_Forward_Back_Functions/Page_Bed Board/a_edit")): Object: 'Object Repository/Specific Cases Repository/LS/Home/Census/Bed_Board/Bed_Board_Forward_Back_Functions/Page_Bed Board/a_edit' is clicked on

28-01-2025T18:03:41 - [MESSAGE][PASSED] - Object: 'Object Repository/Specific Cases Repository/LS/Home/Census/Bed_Board/Bed_Board_Forward_Back_Functions/Page_Bed Board/a_edit' is clicked on

28-01-2025T18:03:41 - [TEST_STEP][PASSED] - switchToWindowTitle("Bed Board"): Switched to window with title: 'Bed Board'

28-01-2025T18:03:41 - [MESSAGE][PASSED] - Switched to window with title: 'Bed Board'

28-01-2025T18:03:41 - [TEST_STEP][PASSED] - click(findTestObject("Object Repository/Specific Cases Repository/LS/Home/Census/Bed_Board/Bed_Board_Forward_Back_Functions/Page_Bed Board/a_Bed Management")): Object: 'Object Repository/Specific Cases Repository/LS/Home/Census/Bed_Board/Bed_Board_Forward_Back_Functions/Page_Bed Board/a_Bed Management' is clicked on

28-01-2025T18:03:44 - [MESSAGE][PASSED] - Object: 'Object Repository/Specific Cases Repository/LS/Home/Census/Bed_Board/Bed_Board_Forward_Back_Functions/Page_Bed Board/a_Bed Management' is clicked on

28-01-2025T18:03:44 - [TEST_STEP][PASSED] - verifyElementPresent(findTestObject("Object Repository/Specific Cases Repository/LS/Home/Census/Bed_Board/Bed_Board_Forward_Back_Functions/Page_Bed Management Dashboard/a_B Client B Automation"), 0): Object 'Object Repository/Specific Cases Repository/LS/Home/Census/Bed_Board/Bed_Board_Forward_Back_Functions/Page_Bed Management Dashboard/a_B Client B Automation' is present

28-01-2025T18:03:44 - [MESSAGE][WARNING] - Timeout '0' is invalid. Using default page load timeout: '30'

28-01-2025T18:03:48 - [MESSAGE][PASSED] - Object 'Object Repository/Specific Cases Repository/LS/Home/Census/Bed_Board/Bed_Board_Forward_Back_Functions/Page_Bed Management Dashboard/a_B Client B Automation' is present

28-01-2025T18:03:48 - [TEST_STEP][PASSED] - verifyElementPresent(findTestObject("Object Repository/Specific Cases Repository/LS/Home/Census/Bed_Board/Bed_Board_Forward_Back_Functions/Page_Bed Management Dashboard/a_C Client C Automation"), 0): Object 'Object Repository/Specific Cases Repository/LS/Home/Census/Bed_Board/Bed_Board_Forward_Back_Functions/Page_Bed Management Dashboard/a_C Client C Automation' is present

28-01-2025T18:03:48 - [MESSAGE][WARNING] - Timeout '0' is invalid. Using default page load timeout: '30'

28-01-2025T18:03:48 - [MESSAGE][PASSED] - Object 'Object Repository/Specific Cases Repository/LS/Home/Census/Bed_Board/Bed_Board_Forward_Back_Functions/Page_Bed Management Dashboard/a_C Client C Automation' is present

28-01-2025T18:03:48 - [TEST_STEP][PASSED] - verifyElementPresent(findTestObject("Object Repository/Specific Cases Repository/LS/Home/Census/Bed_Board/Bed_Board_Forward_Back_Functions/Page_Bed Management Dashboard/a_A Client A Automation"), 0): Object 'Object Repository/Specific Cases Repository/LS/Home/Census/Bed_Board/Bed_Board_Forward_Back_Functions/Page_Bed Management Dashboard/a_A Client A Automation' is present

28-01-2025T18:03:48 - [MESSAGE][WARNING] - Timeout '0' is invalid. Using default page load timeout: '30'

28-01-2025T18:03:48 - [MESSAGE][PASSED] - Object 'Object Repository/Specific Cases Repository/LS/Home/Census/Bed_Board/Bed_Board_Forward_Back_Functions/Page_Bed Management Dashboard/a_A Client A Automation' is present

28-01-2025T18:03:48 - [TEST_STEP][PASSED] - click(findTestObject("Object Repository/Specific Cases Repository/LS/Home/Census/Bed_Board/Bed_Board_Forward_Back_Functions/Page_Bed Management Dashboard/span_homepage")): Object: 'Object Repository/Specific Cases Repository/LS/Home/Census/Bed_Board/Bed_Board_Forward_Back_Functions/Page_Bed Management Dashboard/span_homepage' is clicked on

28-01-2025T18:03:51 - [MESSAGE][PASSED] - Object: 'Object Repository/Specific Cases Repository/LS/Home/Census/Bed_Board/Bed_Board_Forward_Back_Functions/Page_Bed Management Dashboard/span_homepage' is clicked on

28-01-2025T18:03:51 - [TEST_STEP][PASSED] - closeBrowser(): Browser is closed

28-01-2025T18:03:51 - [MESSAGE][PASSED] - Browser is closed]]></system-out>
         <system-err><![CDATA[]]></system-err>
      </testcase>
      <testcase name="Test Cases/Specific Cases/LS/General/Census/Advance Census/Advance_Census_ Filter" time="70.412" classname="Test Cases/Specific Cases/LS/General/Census/Advance Census/Advance_Census_ Filter" status="FAILED">
         <failure type="FAILED" message="Test Cases/Specific Cases/LS/General/Census/Advance Census/Advance_Census_ Filter FAILED.&#xa;Reason:&#xa;com.kms.katalon.core.exception.StepFailedException: Unable to verify object 'Object Repository/Specific Cases Repository/LS/Home/Census/Advance_Census/Filter/Page_Census Advanced/div_Dog Treatment Center' is not present&#xa;	at com.kms.katalon.core.webui.keyword.internal.WebUIKeywordMain.stepFailed(WebUIKeywordMain.groovy:117)&#xa;	at com.kms.katalon.core.webui.keyword.internal.WebUIKeywordMain.runKeyword(WebUIKeywordMain.groovy:43)&#xa;	at com.kms.katalon.core.webui.keyword.internal.WebUIKeywordMain$runKeyword.call(Unknown Source)&#xa;	at com.kms.katalon.core.webui.keyword.builtin.VerifyElementNotPresentKeyword.verifyElementNotPresent(VerifyElementNotPresentKeyword.groovy:131)&#xa;	at com.kms.katalon.core.webui.keyword.builtin.VerifyElementNotPresentKeyword.execute(VerifyElementNotPresentKeyword.groovy:69)&#xa;	at com.kms.katalon.core.keyword.internal.KeywordExecutor.executeKeywordForPlatform(KeywordExecutor.groovy:74)&#xa;	at com.kms.katalon.core.webui.keyword.WebUiBuiltInKeywords.verifyElementNotPresent(WebUiBuiltInKeywords.groovy:1536)&#xa;	at Advance_Census_ Filter.run(Advance_Census_ Filter:95)&#xa;	at com.kms.katalon.core.main.ScriptEngine.run(ScriptEngine.java:194)&#xa;	at com.kms.katalon.core.main.ScriptEngine.runScriptAsRawText(ScriptEngine.java:119)&#xa;	at com.kms.katalon.core.main.TestCaseExecutor.runScript(TestCaseExecutor.java:448)&#xa;	at com.kms.katalon.core.main.TestCaseExecutor.doExecute(TestCaseExecutor.java:439)&#xa;	at com.kms.katalon.core.main.TestCaseExecutor.processExecutionPhase(TestCaseExecutor.java:418)&#xa;	at com.kms.katalon.core.main.TestCaseExecutor.accessMainPhase(TestCaseExecutor.java:410)&#xa;	at com.kms.katalon.core.main.TestCaseExecutor.execute(TestCaseExecutor.java:285)&#xa;	at com.kms.katalon.core.common.CommonExecutor.accessTestCaseMainPhase(CommonExecutor.java:65)&#xa;	at com.kms.katalon.core.main.TestSuiteExecutor.accessTestSuiteMainPhase(TestSuiteExecutor.java:150)&#xa;	at com.kms.katalon.core.main.TestSuiteExecutor.execute(TestSuiteExecutor.java:106)&#xa;	at com.kms.katalon.core.main.TestCaseMain.startTestSuite(TestCaseMain.java:180)&#xa;	at TempTestSuite1738104958703.run(TempTestSuite1738104958703.groovy:35)&#xa;	at java.base/jdk.internal.reflect.NativeMethodAccessorImpl.invoke0(Native Method)&#xa;	at java.base/jdk.internal.reflect.NativeMethodAccessorImpl.invoke(NativeMethodAccessorImpl.java:77)&#xa;	at java.base/jdk.internal.reflect.DelegatingMethodAccessorImpl.invoke(DelegatingMethodAccessorImpl.java:43)&#xa;Caused by: com.kms.katalon.core.exception.StepFailedException: Web element with id: 'Object Repository/Specific Cases Repository/LS/Home/Census/Advance_Census/Filter/Page_Census Advanced/div_Dog Treatment Center' located by 'By.xpath: //div[normalize-space()='Dog Treatment Center']' is present after '30' second(s)&#xa;	at com.kms.katalon.core.webui.keyword.internal.WebUIKeywordMain.stepFailed(WebUIKeywordMain.groovy:117)&#xa;	at com.kms.katalon.core.webui.keyword.internal.WebUIKeywordMain$stepFailed$0.call(Unknown Source)&#xa;	at com.kms.katalon.core.webui.keyword.builtin.VerifyElementNotPresentKeyword$_verifyElementNotPresent_closure1.doCall(VerifyElementNotPresentKeyword.groovy:122)&#xa;	at com.kms.katalon.core.webui.keyword.builtin.VerifyElementNotPresentKeyword$_verifyElementNotPresent_closure1.doCall(VerifyElementNotPresentKeyword.groovy)&#xa;	at java.base/jdk.internal.reflect.NativeMethodAccessorImpl.invoke0(Native Method)&#xa;	at java.base/jdk.internal.reflect.NativeMethodAccessorImpl.invoke(NativeMethodAccessorImpl.java:77)&#xa;	at java.base/jdk.internal.reflect.DelegatingMethodAccessorImpl.invoke(DelegatingMethodAccessorImpl.java:43)&#xa;	at com.kms.katalon.core.webui.keyword.internal.WebUIKeywordMain.runKeyword(WebUIKeywordMain.groovy:35)&#xa;	... 21 more&#xa;"/>
         <system-out><![CDATA[28-01-2025T18:03:51 - [TEST_CASE][FAILED] - Test Cases/Specific Cases/LS/General/Census/Advance Census/Advance_Census_ Filter: Test Cases/Specific Cases/LS/General/Census/Advance Census/Advance_Census_ Filter FAILED.
Reason:
com.kms.katalon.core.exception.StepFailedException: Unable to verify object 'Object Repository/Specific Cases Repository/LS/Home/Census/Advance_Census/Filter/Page_Census Advanced/div_Dog Treatment Center' is not present
	at com.kms.katalon.core.webui.keyword.internal.WebUIKeywordMain.stepFailed(WebUIKeywordMain.groovy:117)
	at com.kms.katalon.core.webui.keyword.internal.WebUIKeywordMain.runKeyword(WebUIKeywordMain.groovy:43)
	at com.kms.katalon.core.webui.keyword.internal.WebUIKeywordMain$runKeyword.call(Unknown Source)
	at com.kms.katalon.core.webui.keyword.builtin.VerifyElementNotPresentKeyword.verifyElementNotPresent(VerifyElementNotPresentKeyword.groovy:131)
	at com.kms.katalon.core.webui.keyword.builtin.VerifyElementNotPresentKeyword.execute(VerifyElementNotPresentKeyword.groovy:69)
	at com.kms.katalon.core.keyword.internal.KeywordExecutor.executeKeywordForPlatform(KeywordExecutor.groovy:74)
	at com.kms.katalon.core.webui.keyword.WebUiBuiltInKeywords.verifyElementNotPresent(WebUiBuiltInKeywords.groovy:1536)
	at Advance_Census_ Filter.run(Advance_Census_ Filter:95)
	at com.kms.katalon.core.main.ScriptEngine.run(ScriptEngine.java:194)
	at com.kms.katalon.core.main.ScriptEngine.runScriptAsRawText(ScriptEngine.java:119)
	at com.kms.katalon.core.main.TestCaseExecutor.runScript(TestCaseExecutor.java:448)
	at com.kms.katalon.core.main.TestCaseExecutor.doExecute(TestCaseExecutor.java:439)
	at com.kms.katalon.core.main.TestCaseExecutor.processExecutionPhase(TestCaseExecutor.java:418)
	at com.kms.katalon.core.main.TestCaseExecutor.accessMainPhase(TestCaseExecutor.java:410)
	at com.kms.katalon.core.main.TestCaseExecutor.execute(TestCaseExecutor.java:285)
	at com.kms.katalon.core.common.CommonExecutor.accessTestCaseMainPhase(CommonExecutor.java:65)
	at com.kms.katalon.core.main.TestSuiteExecutor.accessTestSuiteMainPhase(TestSuiteExecutor.java:150)
	at com.kms.katalon.core.main.TestSuiteExecutor.execute(TestSuiteExecutor.java:106)
	at com.kms.katalon.core.main.TestCaseMain.startTestSuite(TestCaseMain.java:180)
	at TempTestSuite1738104958703.run(TempTestSuite1738104958703.groovy:35)
	at java.base/jdk.internal.reflect.NativeMethodAccessorImpl.invoke0(Native Method)
	at java.base/jdk.internal.reflect.NativeMethodAccessorImpl.invoke(NativeMethodAccessorImpl.java:77)
	at java.base/jdk.internal.reflect.DelegatingMethodAccessorImpl.invoke(DelegatingMethodAccessorImpl.java:43)
Caused by: com.kms.katalon.core.exception.StepFailedException: Web element with id: 'Object Repository/Specific Cases Repository/LS/Home/Census/Advance_Census/Filter/Page_Census Advanced/div_Dog Treatment Center' located by 'By.xpath: //div[normalize-space()='Dog Treatment Center']' is present after '30' second(s)
	at com.kms.katalon.core.webui.keyword.internal.WebUIKeywordMain.stepFailed(WebUIKeywordMain.groovy:117)
	at com.kms.katalon.core.webui.keyword.internal.WebUIKeywordMain$stepFailed$0.call(Unknown Source)
	at com.kms.katalon.core.webui.keyword.builtin.VerifyElementNotPresentKeyword$_verifyElementNotPresent_closure1.doCall(VerifyElementNotPresentKeyword.groovy:122)
	at com.kms.katalon.core.webui.keyword.builtin.VerifyElementNotPresentKeyword$_verifyElementNotPresent_closure1.doCall(VerifyElementNotPresentKeyword.groovy)
	at java.base/jdk.internal.reflect.NativeMethodAccessorImpl.invoke0(Native Method)
	at java.base/jdk.internal.reflect.NativeMethodAccessorImpl.invoke(NativeMethodAccessorImpl.java:77)
	at java.base/jdk.internal.reflect.DelegatingMethodAccessorImpl.invoke(DelegatingMethodAccessorImpl.java:43)
	at com.kms.katalon.core.webui.keyword.internal.WebUIKeywordMain.runKeyword(WebUIKeywordMain.groovy:35)
	... 21 more


28-01-2025T18:03:51 - [TEST_STEP][PASSED] - callTestCase(findTestCase("Common Cases/Login"), [:], STOP_ON_FAILURE): Call Test Case 'Test Cases/Common Cases/Login' successfully

28-01-2025T18:03:51 - [TEST_CASE][PASSED] - Test Cases/Common Cases/Login: Test Cases/Common Cases/Login

28-01-2025T18:03:51 - [TEST_STEP][PASSED] - openBrowser(""): Browser is opened with url: ''

28-01-2025T18:03:51 - [MESSAGE][INFO] - Starting 'Chrome' driver

28-01-2025T18:03:51 - [MESSAGE][INFO] - Action delay is set to 0 milliseconds

28-01-2025T18:03:52 - [MESSAGE][PASSED] - Browser is opened with url: ''

28-01-2025T18:03:52 - [TEST_STEP][PASSED] - maximizeWindow(): Current window maximized

28-01-2025T18:03:52 - [MESSAGE][PASSED] - Current window maximized

28-01-2025T18:03:52 - [TEST_STEP][PASSED] - navigateToUrl("https://site17.lsapp.cloud/auth/login"): Navigate to 'https://site17.lsapp.cloud/auth/login' successfully

28-01-2025T18:03:58 - [MESSAGE][PASSED] - Navigate to 'https://site17.lsapp.cloud/auth/login' successfully

28-01-2025T18:03:58 - [TEST_STEP][PASSED] - setText(findTestObject("Object Repository/Common Cases Repository/Login/Page_Lightning Step/input_Email_email"), "automation@lightningstep.com"): Text 'automation@lightningstep.com' is set on object 'Object Repository/Common Cases Repository/Login/Page_Lightning Step/input_Email_email'

28-01-2025T18:03:58 - [MESSAGE][PASSED] - Text 'automation@lightningstep.com' is set on object 'Object Repository/Common Cases Repository/Login/Page_Lightning Step/input_Email_email'

28-01-2025T18:03:58 - [TEST_STEP][PASSED] - setEncryptedText(findTestObject("Object Repository/Common Cases Repository/Login/Page_Lightning Step/input_Password_password"), "e5N8VHmnhJDITtQaQhDQDw=="): Text ****** has been set on object 'Object Repository/Common Cases Repository/Login/Page_Lightning Step/input_Password_password'

28-01-2025T18:03:59 - [MESSAGE][PASSED] - Text ****** has been set on object 'Object Repository/Common Cases Repository/Login/Page_Lightning Step/input_Password_password'

28-01-2025T18:03:59 - [TEST_STEP][PASSED] - click(findTestObject("Object Repository/Common Cases Repository/Login/Page_Lightning Step/button_Sign in")): Object: 'Object Repository/Common Cases Repository/Login/Page_Lightning Step/button_Sign in' is clicked on

28-01-2025T18:04:05 - [MESSAGE][PASSED] - Object: 'Object Repository/Common Cases Repository/Login/Page_Lightning Step/button_Sign in' is clicked on

28-01-2025T18:04:05 - [MESSAGE][PASSED] - Call Test Case 'Test Cases/Common Cases/Login' successfully

28-01-2025T18:04:05 - [TEST_STEP][PASSED] - click(findTestObject("Object Repository/Specific Cases Repository/LS/Home/Census/Advance_Census/Filter/Page_Home/a_Census")): Object: 'Object Repository/Specific Cases Repository/LS/Home/Census/Advance_Census/Filter/Page_Home/a_Census' is clicked on

28-01-2025T18:04:07 - [MESSAGE][PASSED] - Object: 'Object Repository/Specific Cases Repository/LS/Home/Census/Advance_Census/Filter/Page_Home/a_Census' is clicked on

28-01-2025T18:04:07 - [TEST_STEP][PASSED] - click(findTestObject("Object Repository/Specific Cases Repository/LS/Home/Census/Advance_Census/Filter/Page_Home/a_groups                                   _f7379d")): Object: 'Object Repository/Specific Cases Repository/LS/Home/Census/Advance_Census/Filter/Page_Home/a_groups                                   _f7379d' is clicked on

28-01-2025T18:04:16 - [MESSAGE][PASSED] - Object: 'Object Repository/Specific Cases Repository/LS/Home/Census/Advance_Census/Filter/Page_Home/a_groups                                   _f7379d' is clicked on

28-01-2025T18:04:16 - [TEST_STEP][PASSED] - selectOptionByValue(findTestObject("Object Repository/Specific Cases Repository/LS/Home/Census/Advance_Census/Filter/Page_Census Advanced/select_Field                        Client _7d7547"), "client", true): All options with value 'client' are selected in object 'Object Repository/Specific Cases Repository/LS/Home/Census/Advance_Census/Filter/Page_Census Advanced/select_Field                        Client _7d7547'  using regular expression

28-01-2025T18:04:18 - [MESSAGE][PASSED] - All options with value 'client' are selected in object 'Object Repository/Specific Cases Repository/LS/Home/Census/Advance_Census/Filter/Page_Census Advanced/select_Field                        Client _7d7547'  using regular expression

28-01-2025T18:04:18 - [TEST_STEP][PASSED] - selectOptionByValue(findTestObject("Object Repository/Specific Cases Repository/LS/Home/Census/Advance_Census/Filter/Page_Census Advanced/select_Type                                _34fc29"), "like", true): All options with value 'like' are selected in object 'Object Repository/Specific Cases Repository/LS/Home/Census/Advance_Census/Filter/Page_Census Advanced/select_Type                                _34fc29'  using regular expression

28-01-2025T18:04:19 - [MESSAGE][PASSED] - All options with value 'like' are selected in object 'Object Repository/Specific Cases Repository/LS/Home/Census/Advance_Census/Filter/Page_Census Advanced/select_Type                                _34fc29'  using regular expression

28-01-2025T18:04:19 - [TEST_STEP][PASSED] - setText(findTestObject("Object Repository/Specific Cases Repository/LS/Home/Census/Advance_Census/Filter/Page_Census Advanced/input_Field_filter-value"), "B"): Text 'B' is set on object 'Object Repository/Specific Cases Repository/LS/Home/Census/Advance_Census/Filter/Page_Census Advanced/input_Field_filter-value'

28-01-2025T18:04:20 - [MESSAGE][PASSED] - Text 'B' is set on object 'Object Repository/Specific Cases Repository/LS/Home/Census/Advance_Census/Filter/Page_Census Advanced/input_Field_filter-value'

28-01-2025T18:04:20 - [TEST_STEP][PASSED] - verifyElementText(findTestObject("Object Repository/Specific Cases Repository/LS/Home/Census/Advance_Census/Filter/Page_Census Advanced/div_Dog Treatment Center"), "Dog Treatment Center"): Actual text and expected text of test object 'Object Repository/Specific Cases Repository/LS/Home/Census/Advance_Census/Filter/Page_Census Advanced/div_Dog Treatment Center' are matched.

28-01-2025T18:04:20 - [MESSAGE][PASSED] - Actual text and expected text of test object 'Object Repository/Specific Cases Repository/LS/Home/Census/Advance_Census/Filter/Page_Census Advanced/div_Dog Treatment Center' are matched.

28-01-2025T18:04:20 - [TEST_STEP][PASSED] - verifyElementNotPresent(findTestObject("Specific Cases Repository/LS/Home/Census/Advance_Census/Filter/Page_Census Advanced/div_Satellite Office"), 0): Web element with id: 'Object Repository/Specific Cases Repository/LS/Home/Census/Advance_Census/Filter/Page_Census Advanced/div_Satellite Office' located by 'By.xpath: //div[normalize-space()='Satellite Office']' is not present after '30' second(s)

28-01-2025T18:04:20 - [MESSAGE][WARNING] - Timeout '0' is invalid. Using default page load timeout: '30'

28-01-2025T18:04:20 - [MESSAGE][PASSED] - Web element with id: 'Object Repository/Specific Cases Repository/LS/Home/Census/Advance_Census/Filter/Page_Census Advanced/div_Satellite Office' located by 'By.xpath: //div[normalize-space()='Satellite Office']' is not present after '30' second(s)

28-01-2025T18:04:20 - [TEST_STEP][PASSED] - verifyElementNotPresent(findTestObject("Specific Cases Repository/LS/Home/Census/Advance_Census/Filter/Page_Census Advanced/div_Cat Treatment Center"), 0): Web element with id: 'Object Repository/Specific Cases Repository/LS/Home/Census/Advance_Census/Filter/Page_Census Advanced/div_Cat Treatment Center' located by 'By.xpath: //div[normalize-space()='Cat Treatment Center']' is not present after '30' second(s)

28-01-2025T18:04:20 - [MESSAGE][WARNING] - Timeout '0' is invalid. Using default page load timeout: '30'

28-01-2025T18:04:21 - [MESSAGE][PASSED] - Web element with id: 'Object Repository/Specific Cases Repository/LS/Home/Census/Advance_Census/Filter/Page_Census Advanced/div_Cat Treatment Center' located by 'By.xpath: //div[normalize-space()='Cat Treatment Center']' is not present after '30' second(s)

28-01-2025T18:04:21 - [TEST_STEP][PASSED] - setText(findTestObject("Object Repository/Specific Cases Repository/LS/Home/Census/Advance_Census/Filter/Page_Census Advanced/input_Field_filter-value"), ""): Text '' is set on object 'Object Repository/Specific Cases Repository/LS/Home/Census/Advance_Census/Filter/Page_Census Advanced/input_Field_filter-value'

28-01-2025T18:04:21 - [MESSAGE][PASSED] - Text '' is set on object 'Object Repository/Specific Cases Repository/LS/Home/Census/Advance_Census/Filter/Page_Census Advanced/input_Field_filter-value'

28-01-2025T18:04:21 - [TEST_STEP][PASSED] - selectOptionByValue(findTestObject("Object Repository/Specific Cases Repository/LS/Home/Census/Advance_Census/Filter/Page_Census Advanced/select_Field                        Client _7d7547"), "dob", true): All options with value 'dob' are selected in object 'Object Repository/Specific Cases Repository/LS/Home/Census/Advance_Census/Filter/Page_Census Advanced/select_Field                        Client _7d7547'  using regular expression

28-01-2025T18:04:22 - [MESSAGE][PASSED] - All options with value 'dob' are selected in object 'Object Repository/Specific Cases Repository/LS/Home/Census/Advance_Census/Filter/Page_Census Advanced/select_Field                        Client _7d7547'  using regular expression

28-01-2025T18:04:22 - [TEST_STEP][PASSED] - selectOptionByValue(findTestObject("Object Repository/Specific Cases Repository/LS/Home/Census/Advance_Census/Filter/Page_Census Advanced/select_Type                                _34fc29"), "=", true): All options with value '=' are selected in object 'Object Repository/Specific Cases Repository/LS/Home/Census/Advance_Census/Filter/Page_Census Advanced/select_Type                                _34fc29'  using regular expression

28-01-2025T18:04:23 - [MESSAGE][PASSED] - All options with value '=' are selected in object 'Object Repository/Specific Cases Repository/LS/Home/Census/Advance_Census/Filter/Page_Census Advanced/select_Type                                _34fc29'  using regular expression

28-01-2025T18:04:23 - [TEST_STEP][PASSED] - setText(findTestObject("Object Repository/Specific Cases Repository/LS/Home/Census/Advance_Census/Filter/Page_Census Advanced/input_Field_filter-value"), "01/02/2001"): Text '01/02/2001' is set on object 'Object Repository/Specific Cases Repository/LS/Home/Census/Advance_Census/Filter/Page_Census Advanced/input_Field_filter-value'

28-01-2025T18:04:24 - [MESSAGE][PASSED] - Text '01/02/2001' is set on object 'Object Repository/Specific Cases Repository/LS/Home/Census/Advance_Census/Filter/Page_Census Advanced/input_Field_filter-value'

28-01-2025T18:04:24 - [TEST_STEP][PASSED] - verifyElementText(findTestObject("Object Repository/Specific Cases Repository/LS/Home/Census/Advance_Census/Filter/Page_Census Advanced/div_Dog Treatment Center"), "Dog Treatment Center"): Actual text and expected text of test object 'Object Repository/Specific Cases Repository/LS/Home/Census/Advance_Census/Filter/Page_Census Advanced/div_Dog Treatment Center' are matched.

28-01-2025T18:04:24 - [MESSAGE][PASSED] - Actual text and expected text of test object 'Object Repository/Specific Cases Repository/LS/Home/Census/Advance_Census/Filter/Page_Census Advanced/div_Dog Treatment Center' are matched.

28-01-2025T18:04:24 - [TEST_STEP][PASSED] - verifyElementNotPresent(findTestObject("Specific Cases Repository/LS/Home/Census/Advance_Census/Filter/Page_Census Advanced/div_Satellite Office"), 0): Web element with id: 'Object Repository/Specific Cases Repository/LS/Home/Census/Advance_Census/Filter/Page_Census Advanced/div_Satellite Office' located by 'By.xpath: //div[normalize-space()='Satellite Office']' is not present after '30' second(s)

28-01-2025T18:04:24 - [MESSAGE][WARNING] - Timeout '0' is invalid. Using default page load timeout: '30'

28-01-2025T18:04:25 - [MESSAGE][PASSED] - Web element with id: 'Object Repository/Specific Cases Repository/LS/Home/Census/Advance_Census/Filter/Page_Census Advanced/div_Satellite Office' located by 'By.xpath: //div[normalize-space()='Satellite Office']' is not present after '30' second(s)

28-01-2025T18:04:25 - [TEST_STEP][PASSED] - verifyElementNotPresent(findTestObject("Specific Cases Repository/LS/Home/Census/Advance_Census/Filter/Page_Census Advanced/div_Cat Treatment Center"), 0): Web element with id: 'Object Repository/Specific Cases Repository/LS/Home/Census/Advance_Census/Filter/Page_Census Advanced/div_Cat Treatment Center' located by 'By.xpath: //div[normalize-space()='Cat Treatment Center']' is not present after '30' second(s)

28-01-2025T18:04:25 - [MESSAGE][WARNING] - Timeout '0' is invalid. Using default page load timeout: '30'

28-01-2025T18:04:25 - [MESSAGE][PASSED] - Web element with id: 'Object Repository/Specific Cases Repository/LS/Home/Census/Advance_Census/Filter/Page_Census Advanced/div_Cat Treatment Center' located by 'By.xpath: //div[normalize-space()='Cat Treatment Center']' is not present after '30' second(s)

28-01-2025T18:04:25 - [TEST_STEP][PASSED] - selectOptionByValue(findTestObject("Object Repository/Specific Cases Repository/LS/Home/Census/Advance_Census/Filter/Page_Census Advanced/select_Type                                _34fc29"), "<", true): All options with value '<' are selected in object 'Object Repository/Specific Cases Repository/LS/Home/Census/Advance_Census/Filter/Page_Census Advanced/select_Type                                _34fc29'  using regular expression

28-01-2025T18:04:26 - [MESSAGE][PASSED] - All options with value '<' are selected in object 'Object Repository/Specific Cases Repository/LS/Home/Census/Advance_Census/Filter/Page_Census Advanced/select_Type                                _34fc29'  using regular expression

28-01-2025T18:04:26 - [TEST_STEP][PASSED] - verifyElementText(findTestObject("Object Repository/Specific Cases Repository/LS/Home/Census/Advance_Census/Filter/Page_Census Advanced/div_Cat Treatment Center"), "Cat Treatment Center"): Actual text and expected text of test object 'Object Repository/Specific Cases Repository/LS/Home/Census/Advance_Census/Filter/Page_Census Advanced/div_Cat Treatment Center' are matched.

28-01-2025T18:04:26 - [MESSAGE][PASSED] - Actual text and expected text of test object 'Object Repository/Specific Cases Repository/LS/Home/Census/Advance_Census/Filter/Page_Census Advanced/div_Cat Treatment Center' are matched.

28-01-2025T18:04:26 - [TEST_STEP][PASSED] - verifyElementNotPresent(findTestObject("Specific Cases Repository/LS/Home/Census/Advance_Census/Filter/Page_Census Advanced/div_Satellite Office"), 0): Web element with id: 'Object Repository/Specific Cases Repository/LS/Home/Census/Advance_Census/Filter/Page_Census Advanced/div_Satellite Office' located by 'By.xpath: //div[normalize-space()='Satellite Office']' is not present after '30' second(s)

28-01-2025T18:04:26 - [MESSAGE][WARNING] - Timeout '0' is invalid. Using default page load timeout: '30'

28-01-2025T18:04:26 - [MESSAGE][PASSED] - Web element with id: 'Object Repository/Specific Cases Repository/LS/Home/Census/Advance_Census/Filter/Page_Census Advanced/div_Satellite Office' located by 'By.xpath: //div[normalize-space()='Satellite Office']' is not present after '30' second(s)

28-01-2025T18:04:26 - [TEST_STEP][PASSED] - verifyElementNotPresent(findTestObject("Specific Cases Repository/LS/Home/Census/Advance_Census/Filter/Page_Census Advanced/div_Dog Treatment Center"), 0): Web element with id: 'Object Repository/Specific Cases Repository/LS/Home/Census/Advance_Census/Filter/Page_Census Advanced/div_Dog Treatment Center' located by 'By.xpath: //div[normalize-space()='Dog Treatment Center']' is not present after '30' second(s)

28-01-2025T18:04:26 - [MESSAGE][WARNING] - Timeout '0' is invalid. Using default page load timeout: '30'

28-01-2025T18:04:27 - [MESSAGE][PASSED] - Web element with id: 'Object Repository/Specific Cases Repository/LS/Home/Census/Advance_Census/Filter/Page_Census Advanced/div_Dog Treatment Center' located by 'By.xpath: //div[normalize-space()='Dog Treatment Center']' is not present after '30' second(s)

28-01-2025T18:04:27 - [TEST_STEP][PASSED] - selectOptionByValue(findTestObject("Object Repository/Specific Cases Repository/LS/Home/Census/Advance_Census/Filter/Page_Census Advanced/select_Type                                _34fc29"), "<=", true): All options with value '<=' are selected in object 'Object Repository/Specific Cases Repository/LS/Home/Census/Advance_Census/Filter/Page_Census Advanced/select_Type                                _34fc29'  using regular expression

28-01-2025T18:04:28 - [MESSAGE][PASSED] - All options with value '<=' are selected in object 'Object Repository/Specific Cases Repository/LS/Home/Census/Advance_Census/Filter/Page_Census Advanced/select_Type                                _34fc29'  using regular expression

28-01-2025T18:04:28 - [TEST_STEP][PASSED] - verifyElementText(findTestObject("Object Repository/Specific Cases Repository/LS/Home/Census/Advance_Census/Filter/Page_Census Advanced/div_Cat Treatment Center"), "Cat Treatment Center"): Actual text and expected text of test object 'Object Repository/Specific Cases Repository/LS/Home/Census/Advance_Census/Filter/Page_Census Advanced/div_Cat Treatment Center' are matched.

28-01-2025T18:04:28 - [MESSAGE][PASSED] - Actual text and expected text of test object 'Object Repository/Specific Cases Repository/LS/Home/Census/Advance_Census/Filter/Page_Census Advanced/div_Cat Treatment Center' are matched.

28-01-2025T18:04:28 - [TEST_STEP][PASSED] - verifyElementText(findTestObject("Object Repository/Specific Cases Repository/LS/Home/Census/Advance_Census/Filter/Page_Census Advanced/div_Dog Treatment Center"), "Dog Treatment Center"): Actual text and expected text of test object 'Object Repository/Specific Cases Repository/LS/Home/Census/Advance_Census/Filter/Page_Census Advanced/div_Dog Treatment Center' are matched.

28-01-2025T18:04:28 - [MESSAGE][PASSED] - Actual text and expected text of test object 'Object Repository/Specific Cases Repository/LS/Home/Census/Advance_Census/Filter/Page_Census Advanced/div_Dog Treatment Center' are matched.

28-01-2025T18:04:28 - [TEST_STEP][PASSED] - verifyElementNotPresent(findTestObject("Specific Cases Repository/LS/Home/Census/Advance_Census/Filter/Page_Census Advanced/div_Satellite Office"), 0): Web element with id: 'Object Repository/Specific Cases Repository/LS/Home/Census/Advance_Census/Filter/Page_Census Advanced/div_Satellite Office' located by 'By.xpath: //div[normalize-space()='Satellite Office']' is not present after '30' second(s)

28-01-2025T18:04:28 - [MESSAGE][WARNING] - Timeout '0' is invalid. Using default page load timeout: '30'

28-01-2025T18:04:29 - [MESSAGE][PASSED] - Web element with id: 'Object Repository/Specific Cases Repository/LS/Home/Census/Advance_Census/Filter/Page_Census Advanced/div_Satellite Office' located by 'By.xpath: //div[normalize-space()='Satellite Office']' is not present after '30' second(s)

28-01-2025T18:04:29 - [TEST_STEP][PASSED] - selectOptionByValue(findTestObject("Object Repository/Specific Cases Repository/LS/Home/Census/Advance_Census/Filter/Page_Census Advanced/select_Type                                _34fc29"), ">", true): All options with value '>' are selected in object 'Object Repository/Specific Cases Repository/LS/Home/Census/Advance_Census/Filter/Page_Census Advanced/select_Type                                _34fc29'  using regular expression

28-01-2025T18:04:30 - [MESSAGE][PASSED] - All options with value '>' are selected in object 'Object Repository/Specific Cases Repository/LS/Home/Census/Advance_Census/Filter/Page_Census Advanced/select_Type                                _34fc29'  using regular expression

28-01-2025T18:04:30 - [TEST_STEP][PASSED] - verifyElementText(findTestObject("Object Repository/Specific Cases Repository/LS/Home/Census/Advance_Census/Filter/Page_Census Advanced/div_Satellite Office"), "Satellite Office"): Actual text and expected text of test object 'Object Repository/Specific Cases Repository/LS/Home/Census/Advance_Census/Filter/Page_Census Advanced/div_Satellite Office' are matched.

28-01-2025T18:04:30 - [MESSAGE][PASSED] - Actual text and expected text of test object 'Object Repository/Specific Cases Repository/LS/Home/Census/Advance_Census/Filter/Page_Census Advanced/div_Satellite Office' are matched.

28-01-2025T18:04:30 - [TEST_STEP][FAILED] - verifyElementNotPresent(findTestObject("Specific Cases Repository/LS/Home/Census/Advance_Census/Filter/Page_Census Advanced/div_Dog Treatment Center"), 0): Unable to verify object 'Object Repository/Specific Cases Repository/LS/Home/Census/Advance_Census/Filter/Page_Census Advanced/div_Dog Treatment Center' is not present (Root cause: com.kms.katalon.core.exception.StepFailedException: Unable to verify object 'Object Repository/Specific Cases Repository/LS/Home/Census/Advance_Census/Filter/Page_Census Advanced/div_Dog Treatment Center' is not present
	at com.kms.katalon.core.webui.keyword.internal.WebUIKeywordMain.stepFailed(WebUIKeywordMain.groovy:117)
	at com.kms.katalon.core.webui.keyword.internal.WebUIKeywordMain.runKeyword(WebUIKeywordMain.groovy:43)
	at com.kms.katalon.core.webui.keyword.internal.WebUIKeywordMain$runKeyword.call(Unknown Source)
	at com.kms.katalon.core.webui.keyword.builtin.VerifyElementNotPresentKeyword.verifyElementNotPresent(VerifyElementNotPresentKeyword.groovy:131)
	at com.kms.katalon.core.webui.keyword.builtin.VerifyElementNotPresentKeyword.execute(VerifyElementNotPresentKeyword.groovy:69)
	at com.kms.katalon.core.keyword.internal.KeywordExecutor.executeKeywordForPlatform(KeywordExecutor.groovy:74)
	at com.kms.katalon.core.webui.keyword.WebUiBuiltInKeywords.verifyElementNotPresent(WebUiBuiltInKeywords.groovy:1536)
	at Advance_Census_ Filter.run(Advance_Census_ Filter:95)
	at com.kms.katalon.core.main.ScriptEngine.run(ScriptEngine.java:194)
	at com.kms.katalon.core.main.ScriptEngine.runScriptAsRawText(ScriptEngine.java:119)
	at com.kms.katalon.core.main.TestCaseExecutor.runScript(TestCaseExecutor.java:448)
	at com.kms.katalon.core.main.TestCaseExecutor.doExecute(TestCaseExecutor.java:439)
	at com.kms.katalon.core.main.TestCaseExecutor.processExecutionPhase(TestCaseExecutor.java:418)
	at com.kms.katalon.core.main.TestCaseExecutor.accessMainPhase(TestCaseExecutor.java:410)
	at com.kms.katalon.core.main.TestCaseExecutor.execute(TestCaseExecutor.java:285)
	at com.kms.katalon.core.common.CommonExecutor.accessTestCaseMainPhase(CommonExecutor.java:65)
	at com.kms.katalon.core.main.TestSuiteExecutor.accessTestSuiteMainPhase(TestSuiteExecutor.java:150)
	at com.kms.katalon.core.main.TestSuiteExecutor.execute(TestSuiteExecutor.java:106)
	at com.kms.katalon.core.main.TestCaseMain.startTestSuite(TestCaseMain.java:180)
	at TempTestSuite1738104958703.run(TempTestSuite1738104958703.groovy:35)
	at java.base/jdk.internal.reflect.NativeMethodAccessorImpl.invoke0(Native Method)
	at java.base/jdk.internal.reflect.NativeMethodAccessorImpl.invoke(NativeMethodAccessorImpl.java:77)
	at java.base/jdk.internal.reflect.DelegatingMethodAccessorImpl.invoke(DelegatingMethodAccessorImpl.java:43)
Caused by: com.kms.katalon.core.exception.StepFailedException: Web element with id: 'Object Repository/Specific Cases Repository/LS/Home/Census/Advance_Census/Filter/Page_Census Advanced/div_Dog Treatment Center' located by 'By.xpath: //div[normalize-space()='Dog Treatment Center']' is present after '30' second(s)
	at com.kms.katalon.core.webui.keyword.internal.WebUIKeywordMain.stepFailed(WebUIKeywordMain.groovy:117)
	at com.kms.katalon.core.webui.keyword.internal.WebUIKeywordMain$stepFailed$0.call(Unknown Source)
	at com.kms.katalon.core.webui.keyword.builtin.VerifyElementNotPresentKeyword$_verifyElementNotPresent_closure1.doCall(VerifyElementNotPresentKeyword.groovy:122)
	at com.kms.katalon.core.webui.keyword.builtin.VerifyElementNotPresentKeyword$_verifyElementNotPresent_closure1.doCall(VerifyElementNotPresentKeyword.groovy)
	at java.base/jdk.internal.reflect.NativeMethodAccessorImpl.invoke0(Native Method)
	at java.base/jdk.internal.reflect.NativeMethodAccessorImpl.invoke(NativeMethodAccessorImpl.java:77)
	at java.base/jdk.internal.reflect.DelegatingMethodAccessorImpl.invoke(DelegatingMethodAccessorImpl.java:43)
	at com.kms.katalon.core.webui.keyword.internal.WebUIKeywordMain.runKeyword(WebUIKeywordMain.groovy:35)
	... 21 more
)

28-01-2025T18:04:30 - [MESSAGE][WARNING] - Timeout '0' is invalid. Using default page load timeout: '30'

28-01-2025T18:05:01 - [MESSAGE][FAILED] - Web element with id: 'Object Repository/Specific Cases Repository/LS/Home/Census/Advance_Census/Filter/Page_Census Advanced/div_Dog Treatment Center' located by 'By.xpath: //div[normalize-space()='Dog Treatment Center']' is present after '30' second(s) (Root cause: com.kms.katalon.core.exception.StepFailedException: Web element with id: 'Object Repository/Specific Cases Repository/LS/Home/Census/Advance_Census/Filter/Page_Census Advanced/div_Dog Treatment Center' located by 'By.xpath: //div[normalize-space()='Dog Treatment Center']' is present after '30' second(s)
	at com.kms.katalon.core.webui.keyword.internal.WebUIKeywordMain.stepFailed(WebUIKeywordMain.groovy:117)
	at com.kms.katalon.core.webui.keyword.internal.WebUIKeywordMain$stepFailed$0.call(Unknown Source)
	at com.kms.katalon.core.webui.keyword.builtin.VerifyElementNotPresentKeyword$_verifyElementNotPresent_closure1.doCall(VerifyElementNotPresentKeyword.groovy:122)
	at com.kms.katalon.core.webui.keyword.builtin.VerifyElementNotPresentKeyword$_verifyElementNotPresent_closure1.doCall(VerifyElementNotPresentKeyword.groovy)
	at java.base/jdk.internal.reflect.NativeMethodAccessorImpl.invoke0(Native Method)
	at java.base/jdk.internal.reflect.NativeMethodAccessorImpl.invoke(NativeMethodAccessorImpl.java:77)
	at java.base/jdk.internal.reflect.DelegatingMethodAccessorImpl.invoke(DelegatingMethodAccessorImpl.java:43)
	at com.kms.katalon.core.webui.keyword.internal.WebUIKeywordMain.runKeyword(WebUIKeywordMain.groovy:35)
	at com.kms.katalon.core.webui.keyword.internal.WebUIKeywordMain$runKeyword.call(Unknown Source)
	at com.kms.katalon.core.webui.keyword.builtin.VerifyElementNotPresentKeyword.verifyElementNotPresent(VerifyElementNotPresentKeyword.groovy:131)
	at com.kms.katalon.core.webui.keyword.builtin.VerifyElementNotPresentKeyword.execute(VerifyElementNotPresentKeyword.groovy:69)
	at com.kms.katalon.core.keyword.internal.KeywordExecutor.executeKeywordForPlatform(KeywordExecutor.groovy:74)
	at com.kms.katalon.core.webui.keyword.WebUiBuiltInKeywords.verifyElementNotPresent(WebUiBuiltInKeywords.groovy:1536)
	at Advance_Census_ Filter.run(Advance_Census_ Filter:95)
	at com.kms.katalon.core.main.ScriptEngine.run(ScriptEngine.java:194)
	at com.kms.katalon.core.main.ScriptEngine.runScriptAsRawText(ScriptEngine.java:119)
	at com.kms.katalon.core.main.TestCaseExecutor.runScript(TestCaseExecutor.java:448)
	at com.kms.katalon.core.main.TestCaseExecutor.doExecute(TestCaseExecutor.java:439)
	at com.kms.katalon.core.main.TestCaseExecutor.processExecutionPhase(TestCaseExecutor.java:418)
	at com.kms.katalon.core.main.TestCaseExecutor.accessMainPhase(TestCaseExecutor.java:410)
	at com.kms.katalon.core.main.TestCaseExecutor.execute(TestCaseExecutor.java:285)
	at com.kms.katalon.core.common.CommonExecutor.accessTestCaseMainPhase(CommonExecutor.java:65)
	at com.kms.katalon.core.main.TestSuiteExecutor.accessTestSuiteMainPhase(TestSuiteExecutor.java:150)
	at com.kms.katalon.core.main.TestSuiteExecutor.execute(TestSuiteExecutor.java:106)
	at com.kms.katalon.core.main.TestCaseMain.startTestSuite(TestCaseMain.java:180)
	at TempTestSuite1738104958703.run(TempTestSuite1738104958703.groovy:35)
	at java.base/jdk.internal.reflect.NativeMethodAccessorImpl.invoke0(Native Method)
	at java.base/jdk.internal.reflect.NativeMethodAccessorImpl.invoke(NativeMethodAccessorImpl.java:77)
	at java.base/jdk.internal.reflect.DelegatingMethodAccessorImpl.invoke(DelegatingMethodAccessorImpl.java:43)
)
[[ATTACHMENT|C:\\Users\\Enrique\\git\\AUTOMATION_LS\\Reports\\20250128_175555\\LS\\Home\\General\\Census\\20250128_175558\\1738105501245.png]]

28-01-2025T18:05:02 - [MESSAGE][FAILED] - Unable to verify object 'Object Repository/Specific Cases Repository/LS/Home/Census/Advance_Census/Filter/Page_Census Advanced/div_Dog Treatment Center' is not present (Root cause: com.kms.katalon.core.exception.StepFailedException: Unable to verify object 'Object Repository/Specific Cases Repository/LS/Home/Census/Advance_Census/Filter/Page_Census Advanced/div_Dog Treatment Center' is not present
	at com.kms.katalon.core.webui.keyword.internal.WebUIKeywordMain.stepFailed(WebUIKeywordMain.groovy:117)
	at com.kms.katalon.core.webui.keyword.internal.WebUIKeywordMain.runKeyword(WebUIKeywordMain.groovy:43)
	at com.kms.katalon.core.webui.keyword.internal.WebUIKeywordMain$runKeyword.call(Unknown Source)
	at com.kms.katalon.core.webui.keyword.builtin.VerifyElementNotPresentKeyword.verifyElementNotPresent(VerifyElementNotPresentKeyword.groovy:131)
	at com.kms.katalon.core.webui.keyword.builtin.VerifyElementNotPresentKeyword.execute(VerifyElementNotPresentKeyword.groovy:69)
	at com.kms.katalon.core.keyword.internal.KeywordExecutor.executeKeywordForPlatform(KeywordExecutor.groovy:74)
	at com.kms.katalon.core.webui.keyword.WebUiBuiltInKeywords.verifyElementNotPresent(WebUiBuiltInKeywords.groovy:1536)
	at Advance_Census_ Filter.run(Advance_Census_ Filter:95)
	at com.kms.katalon.core.main.ScriptEngine.run(ScriptEngine.java:194)
	at com.kms.katalon.core.main.ScriptEngine.runScriptAsRawText(ScriptEngine.java:119)
	at com.kms.katalon.core.main.TestCaseExecutor.runScript(TestCaseExecutor.java:448)
	at com.kms.katalon.core.main.TestCaseExecutor.doExecute(TestCaseExecutor.java:439)
	at com.kms.katalon.core.main.TestCaseExecutor.processExecutionPhase(TestCaseExecutor.java:418)
	at com.kms.katalon.core.main.TestCaseExecutor.accessMainPhase(TestCaseExecutor.java:410)
	at com.kms.katalon.core.main.TestCaseExecutor.execute(TestCaseExecutor.java:285)
	at com.kms.katalon.core.common.CommonExecutor.accessTestCaseMainPhase(CommonExecutor.java:65)
	at com.kms.katalon.core.main.TestSuiteExecutor.accessTestSuiteMainPhase(TestSuiteExecutor.java:150)
	at com.kms.katalon.core.main.TestSuiteExecutor.execute(TestSuiteExecutor.java:106)
	at com.kms.katalon.core.main.TestCaseMain.startTestSuite(TestCaseMain.java:180)
	at TempTestSuite1738104958703.run(TempTestSuite1738104958703.groovy:35)
	at java.base/jdk.internal.reflect.NativeMethodAccessorImpl.invoke0(Native Method)
	at java.base/jdk.internal.reflect.NativeMethodAccessorImpl.invoke(NativeMethodAccessorImpl.java:77)
	at java.base/jdk.internal.reflect.DelegatingMethodAccessorImpl.invoke(DelegatingMethodAccessorImpl.java:43)
Caused by: com.kms.katalon.core.exception.StepFailedException: Web element with id: 'Object Repository/Specific Cases Repository/LS/Home/Census/Advance_Census/Filter/Page_Census Advanced/div_Dog Treatment Center' located by 'By.xpath: //div[normalize-space()='Dog Treatment Center']' is present after '30' second(s)
	at com.kms.katalon.core.webui.keyword.internal.WebUIKeywordMain.stepFailed(WebUIKeywordMain.groovy:117)
	at com.kms.katalon.core.webui.keyword.internal.WebUIKeywordMain$stepFailed$0.call(Unknown Source)
	at com.kms.katalon.core.webui.keyword.builtin.VerifyElementNotPresentKeyword$_verifyElementNotPresent_closure1.doCall(VerifyElementNotPresentKeyword.groovy:122)
	at com.kms.katalon.core.webui.keyword.builtin.VerifyElementNotPresentKeyword$_verifyElementNotPresent_closure1.doCall(VerifyElementNotPresentKeyword.groovy)
	at java.base/jdk.internal.reflect.NativeMethodAccessorImpl.invoke0(Native Method)
	at java.base/jdk.internal.reflect.NativeMethodAccessorImpl.invoke(NativeMethodAccessorImpl.java:77)
	at java.base/jdk.internal.reflect.DelegatingMethodAccessorImpl.invoke(DelegatingMethodAccessorImpl.java:43)
	at com.kms.katalon.core.webui.keyword.internal.WebUIKeywordMain.runKeyword(WebUIKeywordMain.groovy:35)
	... 21 more
)
[[ATTACHMENT|C:\\Users\\Enrique\\git\\AUTOMATION_LS\\Reports\\20250128_175555\\LS\\Home\\General\\Census\\20250128_175558\\1738105501711.png]]]]></system-out>
         <system-err><![CDATA[28-01-2025T18:03:51 - [TEST_CASE][FAILED] - Test Cases/Specific Cases/LS/General/Census/Advance Census/Advance_Census_ Filter: Test Cases/Specific Cases/LS/General/Census/Advance Census/Advance_Census_ Filter FAILED.
Reason:
com.kms.katalon.core.exception.StepFailedException: Unable to verify object 'Object Repository/Specific Cases Repository/LS/Home/Census/Advance_Census/Filter/Page_Census Advanced/div_Dog Treatment Center' is not present
	at com.kms.katalon.core.webui.keyword.internal.WebUIKeywordMain.stepFailed(WebUIKeywordMain.groovy:117)
	at com.kms.katalon.core.webui.keyword.internal.WebUIKeywordMain.runKeyword(WebUIKeywordMain.groovy:43)
	at com.kms.katalon.core.webui.keyword.internal.WebUIKeywordMain$runKeyword.call(Unknown Source)
	at com.kms.katalon.core.webui.keyword.builtin.VerifyElementNotPresentKeyword.verifyElementNotPresent(VerifyElementNotPresentKeyword.groovy:131)
	at com.kms.katalon.core.webui.keyword.builtin.VerifyElementNotPresentKeyword.execute(VerifyElementNotPresentKeyword.groovy:69)
	at com.kms.katalon.core.keyword.internal.KeywordExecutor.executeKeywordForPlatform(KeywordExecutor.groovy:74)
	at com.kms.katalon.core.webui.keyword.WebUiBuiltInKeywords.verifyElementNotPresent(WebUiBuiltInKeywords.groovy:1536)
	at Advance_Census_ Filter.run(Advance_Census_ Filter:95)
	at com.kms.katalon.core.main.ScriptEngine.run(ScriptEngine.java:194)
	at com.kms.katalon.core.main.ScriptEngine.runScriptAsRawText(ScriptEngine.java:119)
	at com.kms.katalon.core.main.TestCaseExecutor.runScript(TestCaseExecutor.java:448)
	at com.kms.katalon.core.main.TestCaseExecutor.doExecute(TestCaseExecutor.java:439)
	at com.kms.katalon.core.main.TestCaseExecutor.processExecutionPhase(TestCaseExecutor.java:418)
	at com.kms.katalon.core.main.TestCaseExecutor.accessMainPhase(TestCaseExecutor.java:410)
	at com.kms.katalon.core.main.TestCaseExecutor.execute(TestCaseExecutor.java:285)
	at com.kms.katalon.core.common.CommonExecutor.accessTestCaseMainPhase(CommonExecutor.java:65)
	at com.kms.katalon.core.main.TestSuiteExecutor.accessTestSuiteMainPhase(TestSuiteExecutor.java:150)
	at com.kms.katalon.core.main.TestSuiteExecutor.execute(TestSuiteExecutor.java:106)
	at com.kms.katalon.core.main.TestCaseMain.startTestSuite(TestCaseMain.java:180)
	at TempTestSuite1738104958703.run(TempTestSuite1738104958703.groovy:35)
	at java.base/jdk.internal.reflect.NativeMethodAccessorImpl.invoke0(Native Method)
	at java.base/jdk.internal.reflect.NativeMethodAccessorImpl.invoke(NativeMethodAccessorImpl.java:77)
	at java.base/jdk.internal.reflect.DelegatingMethodAccessorImpl.invoke(DelegatingMethodAccessorImpl.java:43)
Caused by: com.kms.katalon.core.exception.StepFailedException: Web element with id: 'Object Repository/Specific Cases Repository/LS/Home/Census/Advance_Census/Filter/Page_Census Advanced/div_Dog Treatment Center' located by 'By.xpath: //div[normalize-space()='Dog Treatment Center']' is present after '30' second(s)
	at com.kms.katalon.core.webui.keyword.internal.WebUIKeywordMain.stepFailed(WebUIKeywordMain.groovy:117)
	at com.kms.katalon.core.webui.keyword.internal.WebUIKeywordMain$stepFailed$0.call(Unknown Source)
	at com.kms.katalon.core.webui.keyword.builtin.VerifyElementNotPresentKeyword$_verifyElementNotPresent_closure1.doCall(VerifyElementNotPresentKeyword.groovy:122)
	at com.kms.katalon.core.webui.keyword.builtin.VerifyElementNotPresentKeyword$_verifyElementNotPresent_closure1.doCall(VerifyElementNotPresentKeyword.groovy)
	at java.base/jdk.internal.reflect.NativeMethodAccessorImpl.invoke0(Native Method)
	at java.base/jdk.internal.reflect.NativeMethodAccessorImpl.invoke(NativeMethodAccessorImpl.java:77)
	at java.base/jdk.internal.reflect.DelegatingMethodAccessorImpl.invoke(DelegatingMethodAccessorImpl.java:43)
	at com.kms.katalon.core.webui.keyword.internal.WebUIKeywordMain.runKeyword(WebUIKeywordMain.groovy:35)
	... 21 more]]></system-err>
      </testcase>
      <testcase name="Test Cases/Specific Cases/LS/General/Census/Client Face Sheets/Client_Face_Sheets_Filters" time="49.696" classname="Test Cases/Specific Cases/LS/General/Census/Client Face Sheets/Client_Face_Sheets_Filters" status="PASSED">
         <system-out><![CDATA[28-01-2025T18:05:02 - [TEST_CASE][PASSED] - Test Cases/Specific Cases/LS/General/Census/Client Face Sheets/Client_Face_Sheets_Filters: Test Cases/Specific Cases/LS/General/Census/Client Face Sheets/Client_Face_Sheets_Filters

28-01-2025T18:05:02 - [TEST_STEP][PASSED] - callTestCase(findTestCase("Common Cases/Login"), [:], STOP_ON_FAILURE): Call Test Case 'Test Cases/Common Cases/Login' successfully

28-01-2025T18:05:02 - [TEST_CASE][PASSED] - Test Cases/Common Cases/Login: Test Cases/Common Cases/Login

28-01-2025T18:05:02 - [TEST_STEP][PASSED] - openBrowser(""): Browser is opened with url: ''

28-01-2025T18:05:02 - [MESSAGE][WARNING] - A browser is already opened. Closing browser and opening a new one

28-01-2025T18:05:02 - [MESSAGE][INFO] - Starting 'Chrome' driver

28-01-2025T18:05:02 - [MESSAGE][INFO] - Action delay is set to 0 milliseconds

28-01-2025T18:05:03 - [MESSAGE][PASSED] - Browser is opened with url: ''

28-01-2025T18:05:03 - [TEST_STEP][PASSED] - maximizeWindow(): Current window maximized

28-01-2025T18:05:03 - [MESSAGE][PASSED] - Current window maximized

28-01-2025T18:05:03 - [TEST_STEP][PASSED] - navigateToUrl("https://site17.lsapp.cloud/auth/login"): Navigate to 'https://site17.lsapp.cloud/auth/login' successfully

28-01-2025T18:05:07 - [MESSAGE][PASSED] - Navigate to 'https://site17.lsapp.cloud/auth/login' successfully

28-01-2025T18:05:07 - [TEST_STEP][PASSED] - setText(findTestObject("Object Repository/Common Cases Repository/Login/Page_Lightning Step/input_Email_email"), "automation@lightningstep.com"): Text 'automation@lightningstep.com' is set on object 'Object Repository/Common Cases Repository/Login/Page_Lightning Step/input_Email_email'

28-01-2025T18:05:07 - [MESSAGE][PASSED] - Text 'automation@lightningstep.com' is set on object 'Object Repository/Common Cases Repository/Login/Page_Lightning Step/input_Email_email'

28-01-2025T18:05:07 - [TEST_STEP][PASSED] - setEncryptedText(findTestObject("Object Repository/Common Cases Repository/Login/Page_Lightning Step/input_Password_password"), "e5N8VHmnhJDITtQaQhDQDw=="): Text ****** has been set on object 'Object Repository/Common Cases Repository/Login/Page_Lightning Step/input_Password_password'

28-01-2025T18:05:08 - [MESSAGE][PASSED] - Text ****** has been set on object 'Object Repository/Common Cases Repository/Login/Page_Lightning Step/input_Password_password'

28-01-2025T18:05:08 - [TEST_STEP][PASSED] - click(findTestObject("Object Repository/Common Cases Repository/Login/Page_Lightning Step/button_Sign in")): Object: 'Object Repository/Common Cases Repository/Login/Page_Lightning Step/button_Sign in' is clicked on

28-01-2025T18:05:14 - [MESSAGE][PASSED] - Object: 'Object Repository/Common Cases Repository/Login/Page_Lightning Step/button_Sign in' is clicked on

28-01-2025T18:05:14 - [MESSAGE][PASSED] - Call Test Case 'Test Cases/Common Cases/Login' successfully

28-01-2025T18:05:14 - [TEST_STEP][PASSED] - click(findTestObject("Object Repository/Specific Cases Repository/LS/Home/Census/Clients Face Sheets/CLients Face Sheets Filters/Page_Home/div_groups                                 _eea1bb")): Object: 'Object Repository/Specific Cases Repository/LS/Home/Census/Clients Face Sheets/CLients Face Sheets Filters/Page_Home/div_groups                                 _eea1bb' is clicked on

28-01-2025T18:05:18 - [MESSAGE][PASSED] - Object: 'Object Repository/Specific Cases Repository/LS/Home/Census/Clients Face Sheets/CLients Face Sheets Filters/Page_Home/div_groups                                 _eea1bb' is clicked on

28-01-2025T18:05:18 - [TEST_STEP][PASSED] - click(findTestObject("Object Repository/Specific Cases Repository/LS/Home/Census/Clients Face Sheets/CLients Face Sheets Filters/Page_Home/a_co_present                 Client Face sheets")): Object: 'Object Repository/Specific Cases Repository/LS/Home/Census/Clients Face Sheets/CLients Face Sheets Filters/Page_Home/a_co_present                 Client Face sheets' is clicked on

28-01-2025T18:05:25 - [MESSAGE][PASSED] - Object: 'Object Repository/Specific Cases Repository/LS/Home/Census/Clients Face Sheets/CLients Face Sheets Filters/Page_Home/a_co_present                 Client Face sheets' is clicked on

28-01-2025T18:05:25 - [TEST_STEP][PASSED] - navigateToUrl("https://site17.lsapp.cloud/report/clientfacesheets"): Navigate to 'https://site17.lsapp.cloud/report/clientfacesheets' successfully

28-01-2025T18:05:27 - [MESSAGE][PASSED] - Navigate to 'https://site17.lsapp.cloud/report/clientfacesheets' successfully

28-01-2025T18:05:27 - [TEST_STEP][PASSED] - click(findTestObject("Object Repository/Specific Cases Repository/LS/Home/Census/Clients Face Sheets/CLients Face Sheets Filters/Page_Client Face Sheets/button_Show Data")): Object: 'Object Repository/Specific Cases Repository/LS/Home/Census/Clients Face Sheets/CLients Face Sheets Filters/Page_Client Face Sheets/button_Show Data' is clicked on

28-01-2025T18:05:27 - [MESSAGE][PASSED] - Object: 'Object Repository/Specific Cases Repository/LS/Home/Census/Clients Face Sheets/CLients Face Sheets Filters/Page_Client Face Sheets/button_Show Data' is clicked on

28-01-2025T18:05:27 - [TEST_STEP][PASSED] - verifyElementText(findTestObject("Object Repository/Specific Cases Repository/LS/Home/Census/Clients Face Sheets/CLients Face Sheets Filters/Page_Client Face Sheets/td_24-11006"), "24-11006"): Actual text and expected text of test object 'Object Repository/Specific Cases Repository/LS/Home/Census/Clients Face Sheets/CLients Face Sheets Filters/Page_Client Face Sheets/td_24-11006' are matched.

28-01-2025T18:05:29 - [MESSAGE][PASSED] - Actual text and expected text of test object 'Object Repository/Specific Cases Repository/LS/Home/Census/Clients Face Sheets/CLients Face Sheets Filters/Page_Client Face Sheets/td_24-11006' are matched.

28-01-2025T18:05:29 - [TEST_STEP][PASSED] - verifyElementText(findTestObject("Object Repository/Specific Cases Repository/LS/Home/Census/Clients Face Sheets/CLients Face Sheets Filters/Page_Client Face Sheets/td_24-11007"), "24-11007"): Actual text and expected text of test object 'Object Repository/Specific Cases Repository/LS/Home/Census/Clients Face Sheets/CLients Face Sheets Filters/Page_Client Face Sheets/td_24-11007' are matched.

28-01-2025T18:05:29 - [MESSAGE][PASSED] - Actual text and expected text of test object 'Object Repository/Specific Cases Repository/LS/Home/Census/Clients Face Sheets/CLients Face Sheets Filters/Page_Client Face Sheets/td_24-11007' are matched.

28-01-2025T18:05:29 - [TEST_STEP][PASSED] - verifyElementText(findTestObject("Object Repository/Specific Cases Repository/LS/Home/Census/Clients Face Sheets/CLients Face Sheets Filters/Page_Client Face Sheets/td_24-11008"), "24-11008"): Actual text and expected text of test object 'Object Repository/Specific Cases Repository/LS/Home/Census/Clients Face Sheets/CLients Face Sheets Filters/Page_Client Face Sheets/td_24-11008' are matched.

28-01-2025T18:05:29 - [MESSAGE][PASSED] - Actual text and expected text of test object 'Object Repository/Specific Cases Repository/LS/Home/Census/Clients Face Sheets/CLients Face Sheets Filters/Page_Client Face Sheets/td_24-11008' are matched.

28-01-2025T18:05:29 - [TEST_STEP][PASSED] - selectOptionByValue(findTestObject("Object Repository/Specific Cases Repository/LS/Home/Census/Clients Face Sheets/CLients Face Sheets Filters/Page_Client Face Sheets/select_All Locations                       _863db7"), "22", true): All options with value '22' are selected in object 'Object Repository/Specific Cases Repository/LS/Home/Census/Clients Face Sheets/CLients Face Sheets Filters/Page_Client Face Sheets/select_All Locations                       _863db7'  using regular expression

28-01-2025T18:05:30 - [MESSAGE][PASSED] - All options with value '22' are selected in object 'Object Repository/Specific Cases Repository/LS/Home/Census/Clients Face Sheets/CLients Face Sheets Filters/Page_Client Face Sheets/select_All Locations                       _863db7'  using regular expression

28-01-2025T18:05:30 - [TEST_STEP][PASSED] - click(findTestObject("Object Repository/Specific Cases Repository/LS/Home/Census/Clients Face Sheets/CLients Face Sheets Filters/Page_Client Face Sheets/button_Show Data")): Object: 'Object Repository/Specific Cases Repository/LS/Home/Census/Clients Face Sheets/CLients Face Sheets Filters/Page_Client Face Sheets/button_Show Data' is clicked on

28-01-2025T18:05:30 - [MESSAGE][PASSED] - Object: 'Object Repository/Specific Cases Repository/LS/Home/Census/Clients Face Sheets/CLients Face Sheets Filters/Page_Client Face Sheets/button_Show Data' is clicked on

28-01-2025T18:05:30 - [TEST_STEP][PASSED] - verifyElementText(findTestObject("Object Repository/Specific Cases Repository/LS/Home/Census/Clients Face Sheets/CLients Face Sheets Filters/Page_Client Face Sheets/td_24-11006"), "24-11006"): Actual text and expected text of test object 'Object Repository/Specific Cases Repository/LS/Home/Census/Clients Face Sheets/CLients Face Sheets Filters/Page_Client Face Sheets/td_24-11006' are matched.

28-01-2025T18:05:32 - [MESSAGE][PASSED] - Actual text and expected text of test object 'Object Repository/Specific Cases Repository/LS/Home/Census/Clients Face Sheets/CLients Face Sheets Filters/Page_Client Face Sheets/td_24-11006' are matched.

28-01-2025T18:05:32 - [TEST_STEP][PASSED] - verifyElementNotPresent(findTestObject("Specific Cases Repository/LS/Home/Census/Clients Face Sheets/CLients Face Sheets Filters/Page_Client Face Sheets/td_24-11007"), 0): Web element with id: 'Object Repository/Specific Cases Repository/LS/Home/Census/Clients Face Sheets/CLients Face Sheets Filters/Page_Client Face Sheets/td_24-11007' located by 'By.xpath: //td[normalize-space()='24-11007']' is not present after '30' second(s)

28-01-2025T18:05:32 - [MESSAGE][WARNING] - Timeout '0' is invalid. Using default page load timeout: '30'

28-01-2025T18:05:32 - [MESSAGE][PASSED] - Web element with id: 'Object Repository/Specific Cases Repository/LS/Home/Census/Clients Face Sheets/CLients Face Sheets Filters/Page_Client Face Sheets/td_24-11007' located by 'By.xpath: //td[normalize-space()='24-11007']' is not present after '30' second(s)

28-01-2025T18:05:32 - [TEST_STEP][PASSED] - verifyElementNotPresent(findTestObject("Specific Cases Repository/LS/Home/Census/Clients Face Sheets/CLients Face Sheets Filters/Page_Client Face Sheets/td_24-11008"), 0): Web element with id: 'Object Repository/Specific Cases Repository/LS/Home/Census/Clients Face Sheets/CLients Face Sheets Filters/Page_Client Face Sheets/td_24-11008' located by 'By.xpath: //td[normalize-space()='24-11008']' is not present after '30' second(s)

28-01-2025T18:05:32 - [MESSAGE][WARNING] - Timeout '0' is invalid. Using default page load timeout: '30'

28-01-2025T18:05:32 - [MESSAGE][PASSED] - Web element with id: 'Object Repository/Specific Cases Repository/LS/Home/Census/Clients Face Sheets/CLients Face Sheets Filters/Page_Client Face Sheets/td_24-11008' located by 'By.xpath: //td[normalize-space()='24-11008']' is not present after '30' second(s)

28-01-2025T18:05:32 - [TEST_STEP][PASSED] - selectOptionByValue(findTestObject("Object Repository/Specific Cases Repository/LS/Home/Census/Clients Face Sheets/CLients Face Sheets Filters/Page_Client Face Sheets/select_All Locations                       _863db7"), "17", true): All options with value '17' are selected in object 'Object Repository/Specific Cases Repository/LS/Home/Census/Clients Face Sheets/CLients Face Sheets Filters/Page_Client Face Sheets/select_All Locations                       _863db7'  using regular expression

28-01-2025T18:05:33 - [MESSAGE][PASSED] - All options with value '17' are selected in object 'Object Repository/Specific Cases Repository/LS/Home/Census/Clients Face Sheets/CLients Face Sheets Filters/Page_Client Face Sheets/select_All Locations                       _863db7'  using regular expression

28-01-2025T18:05:33 - [TEST_STEP][PASSED] - click(findTestObject("Object Repository/Specific Cases Repository/LS/Home/Census/Clients Face Sheets/CLients Face Sheets Filters/Page_Client Face Sheets/button_Show Data")): Object: 'Object Repository/Specific Cases Repository/LS/Home/Census/Clients Face Sheets/CLients Face Sheets Filters/Page_Client Face Sheets/button_Show Data' is clicked on

28-01-2025T18:05:33 - [MESSAGE][PASSED] - Object: 'Object Repository/Specific Cases Repository/LS/Home/Census/Clients Face Sheets/CLients Face Sheets Filters/Page_Client Face Sheets/button_Show Data' is clicked on

28-01-2025T18:05:33 - [TEST_STEP][PASSED] - verifyElementText(findTestObject("Object Repository/Specific Cases Repository/LS/Home/Census/Clients Face Sheets/CLients Face Sheets Filters/Page_Client Face Sheets/td_24-11007"), "24-11007"): Actual text and expected text of test object 'Object Repository/Specific Cases Repository/LS/Home/Census/Clients Face Sheets/CLients Face Sheets Filters/Page_Client Face Sheets/td_24-11007' are matched.

28-01-2025T18:05:34 - [MESSAGE][PASSED] - Actual text and expected text of test object 'Object Repository/Specific Cases Repository/LS/Home/Census/Clients Face Sheets/CLients Face Sheets Filters/Page_Client Face Sheets/td_24-11007' are matched.

28-01-2025T18:05:34 - [TEST_STEP][PASSED] - verifyElementNotPresent(findTestObject("Specific Cases Repository/LS/Home/Census/Clients Face Sheets/CLients Face Sheets Filters/Page_Client Face Sheets/td_24-11006"), 0): Web element with id: 'Object Repository/Specific Cases Repository/LS/Home/Census/Clients Face Sheets/CLients Face Sheets Filters/Page_Client Face Sheets/td_24-11006' located by 'By.xpath: //td[normalize-space()='24-11006']' is not present after '30' second(s)

28-01-2025T18:05:34 - [MESSAGE][WARNING] - Timeout '0' is invalid. Using default page load timeout: '30'

28-01-2025T18:05:35 - [MESSAGE][PASSED] - Web element with id: 'Object Repository/Specific Cases Repository/LS/Home/Census/Clients Face Sheets/CLients Face Sheets Filters/Page_Client Face Sheets/td_24-11006' located by 'By.xpath: //td[normalize-space()='24-11006']' is not present after '30' second(s)

28-01-2025T18:05:35 - [TEST_STEP][PASSED] - verifyElementNotPresent(findTestObject("Specific Cases Repository/LS/Home/Census/Clients Face Sheets/CLients Face Sheets Filters/Page_Client Face Sheets/td_24-11008"), 0): Web element with id: 'Object Repository/Specific Cases Repository/LS/Home/Census/Clients Face Sheets/CLients Face Sheets Filters/Page_Client Face Sheets/td_24-11008' located by 'By.xpath: //td[normalize-space()='24-11008']' is not present after '30' second(s)

28-01-2025T18:05:35 - [MESSAGE][WARNING] - Timeout '0' is invalid. Using default page load timeout: '30'

28-01-2025T18:05:35 - [MESSAGE][PASSED] - Web element with id: 'Object Repository/Specific Cases Repository/LS/Home/Census/Clients Face Sheets/CLients Face Sheets Filters/Page_Client Face Sheets/td_24-11008' located by 'By.xpath: //td[normalize-space()='24-11008']' is not present after '30' second(s)

28-01-2025T18:05:35 - [TEST_STEP][PASSED] - selectOptionByValue(findTestObject("Object Repository/Specific Cases Repository/LS/Home/Census/Clients Face Sheets/CLients Face Sheets Filters/Page_Client Face Sheets/select_All Locations                       _863db7"), "18", true): All options with value '18' are selected in object 'Object Repository/Specific Cases Repository/LS/Home/Census/Clients Face Sheets/CLients Face Sheets Filters/Page_Client Face Sheets/select_All Locations                       _863db7'  using regular expression

28-01-2025T18:05:36 - [MESSAGE][PASSED] - All options with value '18' are selected in object 'Object Repository/Specific Cases Repository/LS/Home/Census/Clients Face Sheets/CLients Face Sheets Filters/Page_Client Face Sheets/select_All Locations                       _863db7'  using regular expression

28-01-2025T18:05:36 - [TEST_STEP][PASSED] - click(findTestObject("Object Repository/Specific Cases Repository/LS/Home/Census/Clients Face Sheets/CLients Face Sheets Filters/Page_Client Face Sheets/button_Show Data")): Object: 'Object Repository/Specific Cases Repository/LS/Home/Census/Clients Face Sheets/CLients Face Sheets Filters/Page_Client Face Sheets/button_Show Data' is clicked on

28-01-2025T18:05:36 - [MESSAGE][PASSED] - Object: 'Object Repository/Specific Cases Repository/LS/Home/Census/Clients Face Sheets/CLients Face Sheets Filters/Page_Client Face Sheets/button_Show Data' is clicked on

28-01-2025T18:05:36 - [TEST_STEP][PASSED] - verifyElementText(findTestObject("Object Repository/Specific Cases Repository/LS/Home/Census/Clients Face Sheets/CLients Face Sheets Filters/Page_Client Face Sheets/td_24-11008"), "24-11008"): Actual text and expected text of test object 'Object Repository/Specific Cases Repository/LS/Home/Census/Clients Face Sheets/CLients Face Sheets Filters/Page_Client Face Sheets/td_24-11008' are matched.

28-01-2025T18:05:37 - [MESSAGE][PASSED] - Actual text and expected text of test object 'Object Repository/Specific Cases Repository/LS/Home/Census/Clients Face Sheets/CLients Face Sheets Filters/Page_Client Face Sheets/td_24-11008' are matched.

28-01-2025T18:05:37 - [TEST_STEP][PASSED] - verifyElementNotPresent(findTestObject("Specific Cases Repository/LS/Home/Census/Clients Face Sheets/CLients Face Sheets Filters/Page_Client Face Sheets/td_24-11007"), 0): Web element with id: 'Object Repository/Specific Cases Repository/LS/Home/Census/Clients Face Sheets/CLients Face Sheets Filters/Page_Client Face Sheets/td_24-11007' located by 'By.xpath: //td[normalize-space()='24-11007']' is not present after '30' second(s)

28-01-2025T18:05:37 - [MESSAGE][WARNING] - Timeout '0' is invalid. Using default page load timeout: '30'

28-01-2025T18:05:38 - [MESSAGE][PASSED] - Web element with id: 'Object Repository/Specific Cases Repository/LS/Home/Census/Clients Face Sheets/CLients Face Sheets Filters/Page_Client Face Sheets/td_24-11007' located by 'By.xpath: //td[normalize-space()='24-11007']' is not present after '30' second(s)

28-01-2025T18:05:38 - [TEST_STEP][PASSED] - verifyElementNotPresent(findTestObject("Specific Cases Repository/LS/Home/Census/Clients Face Sheets/CLients Face Sheets Filters/Page_Client Face Sheets/td_24-11006"), 0): Web element with id: 'Object Repository/Specific Cases Repository/LS/Home/Census/Clients Face Sheets/CLients Face Sheets Filters/Page_Client Face Sheets/td_24-11006' located by 'By.xpath: //td[normalize-space()='24-11006']' is not present after '30' second(s)

28-01-2025T18:05:38 - [MESSAGE][WARNING] - Timeout '0' is invalid. Using default page load timeout: '30'

28-01-2025T18:05:38 - [MESSAGE][PASSED] - Web element with id: 'Object Repository/Specific Cases Repository/LS/Home/Census/Clients Face Sheets/CLients Face Sheets Filters/Page_Client Face Sheets/td_24-11006' located by 'By.xpath: //td[normalize-space()='24-11006']' is not present after '30' second(s)

28-01-2025T18:05:38 - [TEST_STEP][PASSED] - selectOptionByValue(findTestObject("Object Repository/Specific Cases Repository/LS/Home/Census/Clients Face Sheets/CLients Face Sheets Filters/Page_Client Face Sheets/select_All Locations                       _863db7"), "0", true): All options with value '0' are selected in object 'Object Repository/Specific Cases Repository/LS/Home/Census/Clients Face Sheets/CLients Face Sheets Filters/Page_Client Face Sheets/select_All Locations                       _863db7'  using regular expression

28-01-2025T18:05:39 - [MESSAGE][PASSED] - All options with value '0' are selected in object 'Object Repository/Specific Cases Repository/LS/Home/Census/Clients Face Sheets/CLients Face Sheets Filters/Page_Client Face Sheets/select_All Locations                       _863db7'  using regular expression

28-01-2025T18:05:39 - [TEST_STEP][PASSED] - selectOptionByValue(findTestObject("Object Repository/Specific Cases Repository/LS/Home/Census/Clients Face Sheets/CLients Face Sheets Filters/Page_Client Face Sheets/select_All Programs                        _aea83e"), "3", true): All options with value '3' are selected in object 'Object Repository/Specific Cases Repository/LS/Home/Census/Clients Face Sheets/CLients Face Sheets Filters/Page_Client Face Sheets/select_All Programs                        _aea83e'  using regular expression

28-01-2025T18:05:40 - [MESSAGE][PASSED] - All options with value '3' are selected in object 'Object Repository/Specific Cases Repository/LS/Home/Census/Clients Face Sheets/CLients Face Sheets Filters/Page_Client Face Sheets/select_All Programs                        _aea83e'  using regular expression

28-01-2025T18:05:40 - [TEST_STEP][PASSED] - click(findTestObject("Object Repository/Specific Cases Repository/LS/Home/Census/Clients Face Sheets/CLients Face Sheets Filters/Page_Client Face Sheets/button_Show Data")): Object: 'Object Repository/Specific Cases Repository/LS/Home/Census/Clients Face Sheets/CLients Face Sheets Filters/Page_Client Face Sheets/button_Show Data' is clicked on

28-01-2025T18:05:40 - [MESSAGE][PASSED] - Object: 'Object Repository/Specific Cases Repository/LS/Home/Census/Clients Face Sheets/CLients Face Sheets Filters/Page_Client Face Sheets/button_Show Data' is clicked on

28-01-2025T18:05:40 - [TEST_STEP][PASSED] - verifyElementText(findTestObject("Object Repository/Specific Cases Repository/LS/Home/Census/Clients Face Sheets/CLients Face Sheets Filters/Page_Client Face Sheets/td_24-11006"), "24-11006"): Actual text and expected text of test object 'Object Repository/Specific Cases Repository/LS/Home/Census/Clients Face Sheets/CLients Face Sheets Filters/Page_Client Face Sheets/td_24-11006' are matched.

28-01-2025T18:05:41 - [MESSAGE][PASSED] - Actual text and expected text of test object 'Object Repository/Specific Cases Repository/LS/Home/Census/Clients Face Sheets/CLients Face Sheets Filters/Page_Client Face Sheets/td_24-11006' are matched.

28-01-2025T18:05:41 - [TEST_STEP][PASSED] - verifyElementText(findTestObject("Object Repository/Specific Cases Repository/LS/Home/Census/Clients Face Sheets/CLients Face Sheets Filters/Page_Client Face Sheets/td_24-11007"), "24-11007"): Actual text and expected text of test object 'Object Repository/Specific Cases Repository/LS/Home/Census/Clients Face Sheets/CLients Face Sheets Filters/Page_Client Face Sheets/td_24-11007' are matched.

28-01-2025T18:05:41 - [MESSAGE][PASSED] - Actual text and expected text of test object 'Object Repository/Specific Cases Repository/LS/Home/Census/Clients Face Sheets/CLients Face Sheets Filters/Page_Client Face Sheets/td_24-11007' are matched.

28-01-2025T18:05:41 - [TEST_STEP][PASSED] - verifyElementNotPresent(findTestObject("Specific Cases Repository/LS/Home/Census/Clients Face Sheets/CLients Face Sheets Filters/Page_Client Face Sheets/td_24-11008"), 0): Web element with id: 'Object Repository/Specific Cases Repository/LS/Home/Census/Clients Face Sheets/CLients Face Sheets Filters/Page_Client Face Sheets/td_24-11008' located by 'By.xpath: //td[normalize-space()='24-11008']' is not present after '30' second(s)

28-01-2025T18:05:41 - [MESSAGE][WARNING] - Timeout '0' is invalid. Using default page load timeout: '30'

28-01-2025T18:05:42 - [MESSAGE][PASSED] - Web element with id: 'Object Repository/Specific Cases Repository/LS/Home/Census/Clients Face Sheets/CLients Face Sheets Filters/Page_Client Face Sheets/td_24-11008' located by 'By.xpath: //td[normalize-space()='24-11008']' is not present after '30' second(s)

28-01-2025T18:05:42 - [TEST_STEP][PASSED] - selectOptionByValue(findTestObject("Object Repository/Specific Cases Repository/LS/Home/Census/Clients Face Sheets/CLients Face Sheets Filters/Page_Client Face Sheets/select_All Programs                        _aea83e"), "13", true): All options with value '13' are selected in object 'Object Repository/Specific Cases Repository/LS/Home/Census/Clients Face Sheets/CLients Face Sheets Filters/Page_Client Face Sheets/select_All Programs                        _aea83e'  using regular expression

28-01-2025T18:05:43 - [MESSAGE][PASSED] - All options with value '13' are selected in object 'Object Repository/Specific Cases Repository/LS/Home/Census/Clients Face Sheets/CLients Face Sheets Filters/Page_Client Face Sheets/select_All Programs                        _aea83e'  using regular expression

28-01-2025T18:05:43 - [TEST_STEP][PASSED] - click(findTestObject("Object Repository/Specific Cases Repository/LS/Home/Census/Clients Face Sheets/CLients Face Sheets Filters/Page_Client Face Sheets/button_Show Data")): Object: 'Object Repository/Specific Cases Repository/LS/Home/Census/Clients Face Sheets/CLients Face Sheets Filters/Page_Client Face Sheets/button_Show Data' is clicked on

28-01-2025T18:05:43 - [MESSAGE][PASSED] - Object: 'Object Repository/Specific Cases Repository/LS/Home/Census/Clients Face Sheets/CLients Face Sheets Filters/Page_Client Face Sheets/button_Show Data' is clicked on

28-01-2025T18:05:43 - [TEST_STEP][PASSED] - verifyElementText(findTestObject("Object Repository/Specific Cases Repository/LS/Home/Census/Clients Face Sheets/CLients Face Sheets Filters/Page_Client Face Sheets/td_24-11008"), "24-11008"): Actual text and expected text of test object 'Object Repository/Specific Cases Repository/LS/Home/Census/Clients Face Sheets/CLients Face Sheets Filters/Page_Client Face Sheets/td_24-11008' are matched.

28-01-2025T18:05:44 - [MESSAGE][PASSED] - Actual text and expected text of test object 'Object Repository/Specific Cases Repository/LS/Home/Census/Clients Face Sheets/CLients Face Sheets Filters/Page_Client Face Sheets/td_24-11008' are matched.

28-01-2025T18:05:44 - [TEST_STEP][PASSED] - verifyElementNotPresent(findTestObject("Specific Cases Repository/LS/Home/Census/Clients Face Sheets/CLients Face Sheets Filters/Page_Client Face Sheets/td_24-11007"), 0): Web element with id: 'Object Repository/Specific Cases Repository/LS/Home/Census/Clients Face Sheets/CLients Face Sheets Filters/Page_Client Face Sheets/td_24-11007' located by 'By.xpath: //td[normalize-space()='24-11007']' is not present after '30' second(s)

28-01-2025T18:05:44 - [MESSAGE][WARNING] - Timeout '0' is invalid. Using default page load timeout: '30'

28-01-2025T18:05:44 - [MESSAGE][PASSED] - Web element with id: 'Object Repository/Specific Cases Repository/LS/Home/Census/Clients Face Sheets/CLients Face Sheets Filters/Page_Client Face Sheets/td_24-11007' located by 'By.xpath: //td[normalize-space()='24-11007']' is not present after '30' second(s)

28-01-2025T18:05:44 - [TEST_STEP][PASSED] - verifyElementNotPresent(findTestObject("Specific Cases Repository/LS/Home/Census/Clients Face Sheets/CLients Face Sheets Filters/Page_Client Face Sheets/td_24-11006"), 0): Web element with id: 'Object Repository/Specific Cases Repository/LS/Home/Census/Clients Face Sheets/CLients Face Sheets Filters/Page_Client Face Sheets/td_24-11006' located by 'By.xpath: //td[normalize-space()='24-11006']' is not present after '30' second(s)

28-01-2025T18:05:44 - [MESSAGE][WARNING] - Timeout '0' is invalid. Using default page load timeout: '30'

28-01-2025T18:05:45 - [MESSAGE][PASSED] - Web element with id: 'Object Repository/Specific Cases Repository/LS/Home/Census/Clients Face Sheets/CLients Face Sheets Filters/Page_Client Face Sheets/td_24-11006' located by 'By.xpath: //td[normalize-space()='24-11006']' is not present after '30' second(s)

28-01-2025T18:05:45 - [TEST_STEP][PASSED] - selectOptionByValue(findTestObject("Object Repository/Specific Cases Repository/LS/Home/Census/Clients Face Sheets/CLients Face Sheets Filters/Page_Client Face Sheets/select_All Programs                        _aea83e"), "0", true): All options with value '0' are selected in object 'Object Repository/Specific Cases Repository/LS/Home/Census/Clients Face Sheets/CLients Face Sheets Filters/Page_Client Face Sheets/select_All Programs                        _aea83e'  using regular expression

28-01-2025T18:05:45 - [MESSAGE][PASSED] - All options with value '0' are selected in object 'Object Repository/Specific Cases Repository/LS/Home/Census/Clients Face Sheets/CLients Face Sheets Filters/Page_Client Face Sheets/select_All Programs                        _aea83e'  using regular expression

28-01-2025T18:05:45 - [TEST_STEP][PASSED] - selectOptionByValue(findTestObject("Object Repository/Specific Cases Repository/LS/Home/Census/Clients Face Sheets/CLients Face Sheets Filters/Page_Client Face Sheets/select_All Units                           _3d629c"), "1", true): All options with value '1' are selected in object 'Object Repository/Specific Cases Repository/LS/Home/Census/Clients Face Sheets/CLients Face Sheets Filters/Page_Client Face Sheets/select_All Units                           _3d629c'  using regular expression

28-01-2025T18:05:46 - [MESSAGE][PASSED] - All options with value '1' are selected in object 'Object Repository/Specific Cases Repository/LS/Home/Census/Clients Face Sheets/CLients Face Sheets Filters/Page_Client Face Sheets/select_All Units                           _3d629c'  using regular expression

28-01-2025T18:05:46 - [TEST_STEP][PASSED] - click(findTestObject("Object Repository/Specific Cases Repository/LS/Home/Census/Clients Face Sheets/CLients Face Sheets Filters/Page_Client Face Sheets/button_Show Data")): Object: 'Object Repository/Specific Cases Repository/LS/Home/Census/Clients Face Sheets/CLients Face Sheets Filters/Page_Client Face Sheets/button_Show Data' is clicked on

28-01-2025T18:05:47 - [MESSAGE][PASSED] - Object: 'Object Repository/Specific Cases Repository/LS/Home/Census/Clients Face Sheets/CLients Face Sheets Filters/Page_Client Face Sheets/button_Show Data' is clicked on

28-01-2025T18:05:47 - [TEST_STEP][PASSED] - verifyElementText(findTestObject("Object Repository/Specific Cases Repository/LS/Home/Census/Clients Face Sheets/CLients Face Sheets Filters/Page_Client Face Sheets/td_24-11006"), "24-11006"): Actual text and expected text of test object 'Object Repository/Specific Cases Repository/LS/Home/Census/Clients Face Sheets/CLients Face Sheets Filters/Page_Client Face Sheets/td_24-11006' are matched.

28-01-2025T18:05:48 - [MESSAGE][PASSED] - Actual text and expected text of test object 'Object Repository/Specific Cases Repository/LS/Home/Census/Clients Face Sheets/CLients Face Sheets Filters/Page_Client Face Sheets/td_24-11006' are matched.

28-01-2025T18:05:48 - [TEST_STEP][PASSED] - verifyElementText(findTestObject("Object Repository/Specific Cases Repository/LS/Home/Census/Clients Face Sheets/CLients Face Sheets Filters/Page_Client Face Sheets/td_24-11007"), "24-11007"): Actual text and expected text of test object 'Object Repository/Specific Cases Repository/LS/Home/Census/Clients Face Sheets/CLients Face Sheets Filters/Page_Client Face Sheets/td_24-11007' are matched.

28-01-2025T18:05:48 - [MESSAGE][PASSED] - Actual text and expected text of test object 'Object Repository/Specific Cases Repository/LS/Home/Census/Clients Face Sheets/CLients Face Sheets Filters/Page_Client Face Sheets/td_24-11007' are matched.

28-01-2025T18:05:48 - [TEST_STEP][PASSED] - verifyElementNotPresent(findTestObject("Specific Cases Repository/LS/Home/Census/Clients Face Sheets/CLients Face Sheets Filters/Page_Client Face Sheets/td_24-11008"), 0): Web element with id: 'Object Repository/Specific Cases Repository/LS/Home/Census/Clients Face Sheets/CLients Face Sheets Filters/Page_Client Face Sheets/td_24-11008' located by 'By.xpath: //td[normalize-space()='24-11008']' is not present after '30' second(s)

28-01-2025T18:05:48 - [MESSAGE][WARNING] - Timeout '0' is invalid. Using default page load timeout: '30'

28-01-2025T18:05:48 - [MESSAGE][PASSED] - Web element with id: 'Object Repository/Specific Cases Repository/LS/Home/Census/Clients Face Sheets/CLients Face Sheets Filters/Page_Client Face Sheets/td_24-11008' located by 'By.xpath: //td[normalize-space()='24-11008']' is not present after '30' second(s)

28-01-2025T18:05:48 - [TEST_STEP][PASSED] - selectOptionByValue(findTestObject("Object Repository/Specific Cases Repository/LS/Home/Census/Clients Face Sheets/CLients Face Sheets Filters/Page_Client Face Sheets/select_All Units                           _3d629c"), "2", true): All options with value '2' are selected in object 'Object Repository/Specific Cases Repository/LS/Home/Census/Clients Face Sheets/CLients Face Sheets Filters/Page_Client Face Sheets/select_All Units                           _3d629c'  using regular expression

28-01-2025T18:05:49 - [MESSAGE][PASSED] - All options with value '2' are selected in object 'Object Repository/Specific Cases Repository/LS/Home/Census/Clients Face Sheets/CLients Face Sheets Filters/Page_Client Face Sheets/select_All Units                           _3d629c'  using regular expression

28-01-2025T18:05:49 - [TEST_STEP][PASSED] - click(findTestObject("Object Repository/Specific Cases Repository/LS/Home/Census/Clients Face Sheets/CLients Face Sheets Filters/Page_Client Face Sheets/button_Show Data")): Object: 'Object Repository/Specific Cases Repository/LS/Home/Census/Clients Face Sheets/CLients Face Sheets Filters/Page_Client Face Sheets/button_Show Data' is clicked on

28-01-2025T18:05:49 - [MESSAGE][PASSED] - Object: 'Object Repository/Specific Cases Repository/LS/Home/Census/Clients Face Sheets/CLients Face Sheets Filters/Page_Client Face Sheets/button_Show Data' is clicked on

28-01-2025T18:05:49 - [TEST_STEP][PASSED] - verifyElementText(findTestObject("Object Repository/Specific Cases Repository/LS/Home/Census/Clients Face Sheets/CLients Face Sheets Filters/Page_Client Face Sheets/td_24-11008"), "24-11008"): Actual text and expected text of test object 'Object Repository/Specific Cases Repository/LS/Home/Census/Clients Face Sheets/CLients Face Sheets Filters/Page_Client Face Sheets/td_24-11008' are matched.

28-01-2025T18:05:50 - [MESSAGE][PASSED] - Actual text and expected text of test object 'Object Repository/Specific Cases Repository/LS/Home/Census/Clients Face Sheets/CLients Face Sheets Filters/Page_Client Face Sheets/td_24-11008' are matched.

28-01-2025T18:05:50 - [TEST_STEP][PASSED] - verifyElementNotPresent(findTestObject("Specific Cases Repository/LS/Home/Census/Clients Face Sheets/CLients Face Sheets Filters/Page_Client Face Sheets/td_24-11007"), 0): Web element with id: 'Object Repository/Specific Cases Repository/LS/Home/Census/Clients Face Sheets/CLients Face Sheets Filters/Page_Client Face Sheets/td_24-11007' located by 'By.xpath: //td[normalize-space()='24-11007']' is not present after '30' second(s)

28-01-2025T18:05:50 - [MESSAGE][WARNING] - Timeout '0' is invalid. Using default page load timeout: '30'

28-01-2025T18:05:51 - [MESSAGE][PASSED] - Web element with id: 'Object Repository/Specific Cases Repository/LS/Home/Census/Clients Face Sheets/CLients Face Sheets Filters/Page_Client Face Sheets/td_24-11007' located by 'By.xpath: //td[normalize-space()='24-11007']' is not present after '30' second(s)

28-01-2025T18:05:51 - [TEST_STEP][PASSED] - verifyElementNotPresent(findTestObject("Specific Cases Repository/LS/Home/Census/Clients Face Sheets/CLients Face Sheets Filters/Page_Client Face Sheets/td_24-11006"), 0): Web element with id: 'Object Repository/Specific Cases Repository/LS/Home/Census/Clients Face Sheets/CLients Face Sheets Filters/Page_Client Face Sheets/td_24-11006' located by 'By.xpath: //td[normalize-space()='24-11006']' is not present after '30' second(s)

28-01-2025T18:05:51 - [MESSAGE][WARNING] - Timeout '0' is invalid. Using default page load timeout: '30'

28-01-2025T18:05:51 - [MESSAGE][PASSED] - Web element with id: 'Object Repository/Specific Cases Repository/LS/Home/Census/Clients Face Sheets/CLients Face Sheets Filters/Page_Client Face Sheets/td_24-11006' located by 'By.xpath: //td[normalize-space()='24-11006']' is not present after '30' second(s)

28-01-2025T18:05:51 - [TEST_STEP][PASSED] - closeBrowser(): Browser is closed

28-01-2025T18:05:51 - [MESSAGE][PASSED] - Browser is closed]]></system-out>
         <system-err><![CDATA[]]></system-err>
      </testcase>
      <testcase name="Test Cases/Specific Cases/LS/General/Census/Client Face Sheets/Client_Face_Sheets_Search" time="57.764" classname="Test Cases/Specific Cases/LS/General/Census/Client Face Sheets/Client_Face_Sheets_Search" status="FAILED">
         <failure type="FAILED" message="Test Cases/Specific Cases/LS/General/Census/Client Face Sheets/Client_Face_Sheets_Search FAILED.&#xa;Reason:&#xa;com.kms.katalon.core.exception.StepFailedException: Unable to verify object 'Object Repository/Specific Cases Repository/LS/Home/Census/Clients Face Sheets/Clients Face Sheet Search/Page_Client Face Sheets/td_24-11008' is not present&#xa;	at com.kms.katalon.core.webui.keyword.internal.WebUIKeywordMain.stepFailed(WebUIKeywordMain.groovy:117)&#xa;	at com.kms.katalon.core.webui.keyword.internal.WebUIKeywordMain.runKeyword(WebUIKeywordMain.groovy:43)&#xa;	at com.kms.katalon.core.webui.keyword.internal.WebUIKeywordMain$runKeyword.call(Unknown Source)&#xa;	at com.kms.katalon.core.webui.keyword.builtin.VerifyElementNotPresentKeyword.verifyElementNotPresent(VerifyElementNotPresentKeyword.groovy:131)&#xa;	at com.kms.katalon.core.webui.keyword.builtin.VerifyElementNotPresentKeyword.execute(VerifyElementNotPresentKeyword.groovy:69)&#xa;	at com.kms.katalon.core.keyword.internal.KeywordExecutor.executeKeywordForPlatform(KeywordExecutor.groovy:74)&#xa;	at com.kms.katalon.core.webui.keyword.WebUiBuiltInKeywords.verifyElementNotPresent(WebUiBuiltInKeywords.groovy:1536)&#xa;	at Client_Face_Sheets_Search.run(Client_Face_Sheets_Search:85)&#xa;	at com.kms.katalon.core.main.ScriptEngine.run(ScriptEngine.java:194)&#xa;	at com.kms.katalon.core.main.ScriptEngine.runScriptAsRawText(ScriptEngine.java:119)&#xa;	at com.kms.katalon.core.main.TestCaseExecutor.runScript(TestCaseExecutor.java:448)&#xa;	at com.kms.katalon.core.main.TestCaseExecutor.doExecute(TestCaseExecutor.java:439)&#xa;	at com.kms.katalon.core.main.TestCaseExecutor.processExecutionPhase(TestCaseExecutor.java:418)&#xa;	at com.kms.katalon.core.main.TestCaseExecutor.accessMainPhase(TestCaseExecutor.java:410)&#xa;	at com.kms.katalon.core.main.TestCaseExecutor.execute(TestCaseExecutor.java:285)&#xa;	at com.kms.katalon.core.common.CommonExecutor.accessTestCaseMainPhase(CommonExecutor.java:65)&#xa;	at com.kms.katalon.core.main.TestSuiteExecutor.accessTestSuiteMainPhase(TestSuiteExecutor.java:150)&#xa;	at com.kms.katalon.core.main.TestSuiteExecutor.execute(TestSuiteExecutor.java:106)&#xa;	at com.kms.katalon.core.main.TestCaseMain.startTestSuite(TestCaseMain.java:180)&#xa;	at TempTestSuite1738104958703.run(TempTestSuite1738104958703.groovy:35)&#xa;	at java.base/jdk.internal.reflect.NativeMethodAccessorImpl.invoke0(Native Method)&#xa;	at java.base/jdk.internal.reflect.NativeMethodAccessorImpl.invoke(NativeMethodAccessorImpl.java:77)&#xa;	at java.base/jdk.internal.reflect.DelegatingMethodAccessorImpl.invoke(DelegatingMethodAccessorImpl.java:43)&#xa;Caused by: com.kms.katalon.core.exception.StepFailedException: Web element with id: 'Object Repository/Specific Cases Repository/LS/Home/Census/Clients Face Sheets/Clients Face Sheet Search/Page_Client Face Sheets/td_24-11008' located by 'By.xpath: //td[normalize-space()='24-11008']' is present after '30' second(s)&#xa;	at com.kms.katalon.core.webui.keyword.internal.WebUIKeywordMain.stepFailed(WebUIKeywordMain.groovy:117)&#xa;	at com.kms.katalon.core.webui.keyword.internal.WebUIKeywordMain$stepFailed$0.call(Unknown Source)&#xa;	at com.kms.katalon.core.webui.keyword.builtin.VerifyElementNotPresentKeyword$_verifyElementNotPresent_closure1.doCall(VerifyElementNotPresentKeyword.groovy:122)&#xa;	at com.kms.katalon.core.webui.keyword.builtin.VerifyElementNotPresentKeyword$_verifyElementNotPresent_closure1.doCall(VerifyElementNotPresentKeyword.groovy)&#xa;	at jdk.internal.reflect.GeneratedMethodAccessor34.invoke(Unknown Source)&#xa;	at java.base/jdk.internal.reflect.DelegatingMethodAccessorImpl.invoke(DelegatingMethodAccessorImpl.java:43)&#xa;	at com.kms.katalon.core.webui.keyword.internal.WebUIKeywordMain.runKeyword(WebUIKeywordMain.groovy:35)&#xa;	... 21 more&#xa;"/>
         <system-out><![CDATA[28-01-2025T18:05:51 - [TEST_CASE][FAILED] - Test Cases/Specific Cases/LS/General/Census/Client Face Sheets/Client_Face_Sheets_Search: Test Cases/Specific Cases/LS/General/Census/Client Face Sheets/Client_Face_Sheets_Search FAILED.
Reason:
com.kms.katalon.core.exception.StepFailedException: Unable to verify object 'Object Repository/Specific Cases Repository/LS/Home/Census/Clients Face Sheets/Clients Face Sheet Search/Page_Client Face Sheets/td_24-11008' is not present
	at com.kms.katalon.core.webui.keyword.internal.WebUIKeywordMain.stepFailed(WebUIKeywordMain.groovy:117)
	at com.kms.katalon.core.webui.keyword.internal.WebUIKeywordMain.runKeyword(WebUIKeywordMain.groovy:43)
	at com.kms.katalon.core.webui.keyword.internal.WebUIKeywordMain$runKeyword.call(Unknown Source)
	at com.kms.katalon.core.webui.keyword.builtin.VerifyElementNotPresentKeyword.verifyElementNotPresent(VerifyElementNotPresentKeyword.groovy:131)
	at com.kms.katalon.core.webui.keyword.builtin.VerifyElementNotPresentKeyword.execute(VerifyElementNotPresentKeyword.groovy:69)
	at com.kms.katalon.core.keyword.internal.KeywordExecutor.executeKeywordForPlatform(KeywordExecutor.groovy:74)
	at com.kms.katalon.core.webui.keyword.WebUiBuiltInKeywords.verifyElementNotPresent(WebUiBuiltInKeywords.groovy:1536)
	at Client_Face_Sheets_Search.run(Client_Face_Sheets_Search:85)
	at com.kms.katalon.core.main.ScriptEngine.run(ScriptEngine.java:194)
	at com.kms.katalon.core.main.ScriptEngine.runScriptAsRawText(ScriptEngine.java:119)
	at com.kms.katalon.core.main.TestCaseExecutor.runScript(TestCaseExecutor.java:448)
	at com.kms.katalon.core.main.TestCaseExecutor.doExecute(TestCaseExecutor.java:439)
	at com.kms.katalon.core.main.TestCaseExecutor.processExecutionPhase(TestCaseExecutor.java:418)
	at com.kms.katalon.core.main.TestCaseExecutor.accessMainPhase(TestCaseExecutor.java:410)
	at com.kms.katalon.core.main.TestCaseExecutor.execute(TestCaseExecutor.java:285)
	at com.kms.katalon.core.common.CommonExecutor.accessTestCaseMainPhase(CommonExecutor.java:65)
	at com.kms.katalon.core.main.TestSuiteExecutor.accessTestSuiteMainPhase(TestSuiteExecutor.java:150)
	at com.kms.katalon.core.main.TestSuiteExecutor.execute(TestSuiteExecutor.java:106)
	at com.kms.katalon.core.main.TestCaseMain.startTestSuite(TestCaseMain.java:180)
	at TempTestSuite1738104958703.run(TempTestSuite1738104958703.groovy:35)
	at java.base/jdk.internal.reflect.NativeMethodAccessorImpl.invoke0(Native Method)
	at java.base/jdk.internal.reflect.NativeMethodAccessorImpl.invoke(NativeMethodAccessorImpl.java:77)
	at java.base/jdk.internal.reflect.DelegatingMethodAccessorImpl.invoke(DelegatingMethodAccessorImpl.java:43)
Caused by: com.kms.katalon.core.exception.StepFailedException: Web element with id: 'Object Repository/Specific Cases Repository/LS/Home/Census/Clients Face Sheets/Clients Face Sheet Search/Page_Client Face Sheets/td_24-11008' located by 'By.xpath: //td[normalize-space()='24-11008']' is present after '30' second(s)
	at com.kms.katalon.core.webui.keyword.internal.WebUIKeywordMain.stepFailed(WebUIKeywordMain.groovy:117)
	at com.kms.katalon.core.webui.keyword.internal.WebUIKeywordMain$stepFailed$0.call(Unknown Source)
	at com.kms.katalon.core.webui.keyword.builtin.VerifyElementNotPresentKeyword$_verifyElementNotPresent_closure1.doCall(VerifyElementNotPresentKeyword.groovy:122)
	at com.kms.katalon.core.webui.keyword.builtin.VerifyElementNotPresentKeyword$_verifyElementNotPresent_closure1.doCall(VerifyElementNotPresentKeyword.groovy)
	at jdk.internal.reflect.GeneratedMethodAccessor34.invoke(Unknown Source)
	at java.base/jdk.internal.reflect.DelegatingMethodAccessorImpl.invoke(DelegatingMethodAccessorImpl.java:43)
	at com.kms.katalon.core.webui.keyword.internal.WebUIKeywordMain.runKeyword(WebUIKeywordMain.groovy:35)
	... 21 more


28-01-2025T18:05:51 - [TEST_STEP][PASSED] - callTestCase(findTestCase("Common Cases/Login"), [:], STOP_ON_FAILURE): Call Test Case 'Test Cases/Common Cases/Login' successfully

28-01-2025T18:05:51 - [TEST_CASE][PASSED] - Test Cases/Common Cases/Login: Test Cases/Common Cases/Login

28-01-2025T18:05:51 - [TEST_STEP][PASSED] - openBrowser(""): Browser is opened with url: ''

28-01-2025T18:05:51 - [MESSAGE][INFO] - Starting 'Chrome' driver

28-01-2025T18:05:51 - [MESSAGE][INFO] - Action delay is set to 0 milliseconds

28-01-2025T18:05:52 - [MESSAGE][PASSED] - Browser is opened with url: ''

28-01-2025T18:05:52 - [TEST_STEP][PASSED] - maximizeWindow(): Current window maximized

28-01-2025T18:05:52 - [MESSAGE][PASSED] - Current window maximized

28-01-2025T18:05:52 - [TEST_STEP][PASSED] - navigateToUrl("https://site17.lsapp.cloud/auth/login"): Navigate to 'https://site17.lsapp.cloud/auth/login' successfully

28-01-2025T18:05:55 - [MESSAGE][PASSED] - Navigate to 'https://site17.lsapp.cloud/auth/login' successfully

28-01-2025T18:05:55 - [TEST_STEP][PASSED] - setText(findTestObject("Object Repository/Common Cases Repository/Login/Page_Lightning Step/input_Email_email"), "automation@lightningstep.com"): Text 'automation@lightningstep.com' is set on object 'Object Repository/Common Cases Repository/Login/Page_Lightning Step/input_Email_email'

28-01-2025T18:05:56 - [MESSAGE][PASSED] - Text 'automation@lightningstep.com' is set on object 'Object Repository/Common Cases Repository/Login/Page_Lightning Step/input_Email_email'

28-01-2025T18:05:56 - [TEST_STEP][PASSED] - setEncryptedText(findTestObject("Object Repository/Common Cases Repository/Login/Page_Lightning Step/input_Password_password"), "e5N8VHmnhJDITtQaQhDQDw=="): Text ****** has been set on object 'Object Repository/Common Cases Repository/Login/Page_Lightning Step/input_Password_password'

28-01-2025T18:05:57 - [MESSAGE][PASSED] - Text ****** has been set on object 'Object Repository/Common Cases Repository/Login/Page_Lightning Step/input_Password_password'

28-01-2025T18:05:57 - [TEST_STEP][PASSED] - click(findTestObject("Object Repository/Common Cases Repository/Login/Page_Lightning Step/button_Sign in")): Object: 'Object Repository/Common Cases Repository/Login/Page_Lightning Step/button_Sign in' is clicked on

28-01-2025T18:06:01 - [MESSAGE][PASSED] - Object: 'Object Repository/Common Cases Repository/Login/Page_Lightning Step/button_Sign in' is clicked on

28-01-2025T18:06:01 - [MESSAGE][PASSED] - Call Test Case 'Test Cases/Common Cases/Login' successfully

28-01-2025T18:06:01 - [TEST_STEP][PASSED] - click(findTestObject("Object Repository/Specific Cases Repository/LS/Home/Census/Clients Face Sheets/Clients Face Sheet Search/Page_Home/a_Census")): Object: 'Object Repository/Specific Cases Repository/LS/Home/Census/Clients Face Sheets/Clients Face Sheet Search/Page_Home/a_Census' is clicked on

28-01-2025T18:06:03 - [MESSAGE][PASSED] - Object: 'Object Repository/Specific Cases Repository/LS/Home/Census/Clients Face Sheets/Clients Face Sheet Search/Page_Home/a_Census' is clicked on

28-01-2025T18:06:03 - [TEST_STEP][PASSED] - click(findTestObject("Object Repository/Specific Cases Repository/LS/Home/Census/Clients Face Sheets/Clients Face Sheet Search/Page_Home/span_Client Face sheets")): Object: 'Object Repository/Specific Cases Repository/LS/Home/Census/Clients Face Sheets/Clients Face Sheet Search/Page_Home/span_Client Face sheets' is clicked on

28-01-2025T18:06:07 - [MESSAGE][PASSED] - Object: 'Object Repository/Specific Cases Repository/LS/Home/Census/Clients Face Sheets/Clients Face Sheet Search/Page_Home/span_Client Face sheets' is clicked on

28-01-2025T18:06:07 - [TEST_STEP][PASSED] - navigateToUrl("https://site17.lsapp.cloud/report/clientfacesheets"): Navigate to 'https://site17.lsapp.cloud/report/clientfacesheets' successfully

28-01-2025T18:06:09 - [MESSAGE][PASSED] - Navigate to 'https://site17.lsapp.cloud/report/clientfacesheets' successfully

28-01-2025T18:06:09 - [TEST_STEP][PASSED] - click(findTestObject("Object Repository/Specific Cases Repository/LS/Home/Census/Clients Face Sheets/Clients Face Sheet Search/Page_Client Face Sheets/button_Show Data")): Object: 'Object Repository/Specific Cases Repository/LS/Home/Census/Clients Face Sheets/Clients Face Sheet Search/Page_Client Face Sheets/button_Show Data' is clicked on

28-01-2025T18:06:10 - [MESSAGE][PASSED] - Object: 'Object Repository/Specific Cases Repository/LS/Home/Census/Clients Face Sheets/Clients Face Sheet Search/Page_Client Face Sheets/button_Show Data' is clicked on

28-01-2025T18:06:10 - [TEST_STEP][PASSED] - click(findTestObject("Specific Cases Repository/LS/Home/Census/Clients Face Sheets/Clients Face Sheet Search/Page_Client Face Sheets/Patient")): Object: 'Object Repository/Specific Cases Repository/LS/Home/Census/Clients Face Sheets/Clients Face Sheet Search/Page_Client Face Sheets/Patient' is clicked on

28-01-2025T18:06:11 - [MESSAGE][PASSED] - Object: 'Object Repository/Specific Cases Repository/LS/Home/Census/Clients Face Sheets/Clients Face Sheet Search/Page_Client Face Sheets/Patient' is clicked on

28-01-2025T18:06:11 - [TEST_STEP][PASSED] - click(findTestObject("Specific Cases Repository/LS/Home/Census/Clients Face Sheets/Clients Face Sheet Search/Page_Client Face Sheets/li_A Automation, A Client")): Object: 'Object Repository/Specific Cases Repository/LS/Home/Census/Clients Face Sheets/Clients Face Sheet Search/Page_Client Face Sheets/li_A Automation, A Client' is clicked on

28-01-2025T18:06:12 - [MESSAGE][PASSED] - Object: 'Object Repository/Specific Cases Repository/LS/Home/Census/Clients Face Sheets/Clients Face Sheet Search/Page_Client Face Sheets/li_A Automation, A Client' is clicked on

28-01-2025T18:06:12 - [TEST_STEP][PASSED] - verifyElementText(findTestObject("Object Repository/Specific Cases Repository/LS/Home/Census/Clients Face Sheets/Clients Face Sheet Search/Page_Client Face Sheets/td_24-11006"), "24-11006"): Actual text and expected text of test object 'Object Repository/Specific Cases Repository/LS/Home/Census/Clients Face Sheets/Clients Face Sheet Search/Page_Client Face Sheets/td_24-11006' are matched.

28-01-2025T18:06:12 - [MESSAGE][PASSED] - Actual text and expected text of test object 'Object Repository/Specific Cases Repository/LS/Home/Census/Clients Face Sheets/Clients Face Sheet Search/Page_Client Face Sheets/td_24-11006' are matched.

28-01-2025T18:06:12 - [TEST_STEP][PASSED] - verifyElementNotPresent(findTestObject("Specific Cases Repository/LS/Home/Census/Clients Face Sheets/Clients Face Sheet Search/Page_Client Face Sheets/td_24-11007"), 0): Web element with id: 'Object Repository/Specific Cases Repository/LS/Home/Census/Clients Face Sheets/Clients Face Sheet Search/Page_Client Face Sheets/td_24-11007' located by 'By.xpath: //td[normalize-space()='24-11007']' is not present after '30' second(s)

28-01-2025T18:06:12 - [MESSAGE][WARNING] - Timeout '0' is invalid. Using default page load timeout: '30'

28-01-2025T18:06:12 - [MESSAGE][PASSED] - Web element with id: 'Object Repository/Specific Cases Repository/LS/Home/Census/Clients Face Sheets/Clients Face Sheet Search/Page_Client Face Sheets/td_24-11007' located by 'By.xpath: //td[normalize-space()='24-11007']' is not present after '30' second(s)

28-01-2025T18:06:12 - [TEST_STEP][PASSED] - verifyElementNotPresent(findTestObject("Specific Cases Repository/LS/Home/Census/Clients Face Sheets/Clients Face Sheet Search/Page_Client Face Sheets/td_24-11008"), 0): Web element with id: 'Object Repository/Specific Cases Repository/LS/Home/Census/Clients Face Sheets/Clients Face Sheet Search/Page_Client Face Sheets/td_24-11008' located by 'By.xpath: //td[normalize-space()='24-11008']' is not present after '30' second(s)

28-01-2025T18:06:12 - [MESSAGE][WARNING] - Timeout '0' is invalid. Using default page load timeout: '30'

28-01-2025T18:06:13 - [MESSAGE][PASSED] - Web element with id: 'Object Repository/Specific Cases Repository/LS/Home/Census/Clients Face Sheets/Clients Face Sheet Search/Page_Client Face Sheets/td_24-11008' located by 'By.xpath: //td[normalize-space()='24-11008']' is not present after '30' second(s)

28-01-2025T18:06:13 - [TEST_STEP][PASSED] - click(findTestObject("Object Repository/Specific Cases Repository/LS/Home/Census/Clients Face Sheets/Clients Face Sheet Search/Page_Client Face Sheets/ul_A Automation, A Client")): Object: 'Object Repository/Specific Cases Repository/LS/Home/Census/Clients Face Sheets/Clients Face Sheet Search/Page_Client Face Sheets/ul_A Automation, A Client' is clicked on

28-01-2025T18:06:13 - [MESSAGE][PASSED] - Object: 'Object Repository/Specific Cases Repository/LS/Home/Census/Clients Face Sheets/Clients Face Sheet Search/Page_Client Face Sheets/ul_A Automation, A Client' is clicked on

28-01-2025T18:06:13 - [TEST_STEP][PASSED] - click(findTestObject("Specific Cases Repository/LS/Home/Census/Clients Face Sheets/Clients Face Sheet Search/Page_Client Face Sheets/Patient")): Object: 'Object Repository/Specific Cases Repository/LS/Home/Census/Clients Face Sheets/Clients Face Sheet Search/Page_Client Face Sheets/Patient' is clicked on

28-01-2025T18:06:13 - [MESSAGE][PASSED] - Object: 'Object Repository/Specific Cases Repository/LS/Home/Census/Clients Face Sheets/Clients Face Sheet Search/Page_Client Face Sheets/Patient' is clicked on

28-01-2025T18:06:13 - [TEST_STEP][PASSED] - click(findTestObject("Object Repository/Specific Cases Repository/LS/Home/Census/Clients Face Sheets/Clients Face Sheet Search/Page_Client Face Sheets/li_B Automation, B Client")): Object: 'Object Repository/Specific Cases Repository/LS/Home/Census/Clients Face Sheets/Clients Face Sheet Search/Page_Client Face Sheets/li_B Automation, B Client' is clicked on

28-01-2025T18:06:13 - [MESSAGE][PASSED] - Object: 'Object Repository/Specific Cases Repository/LS/Home/Census/Clients Face Sheets/Clients Face Sheet Search/Page_Client Face Sheets/li_B Automation, B Client' is clicked on

28-01-2025T18:06:13 - [TEST_STEP][PASSED] - verifyElementText(findTestObject("Object Repository/Specific Cases Repository/LS/Home/Census/Clients Face Sheets/Clients Face Sheet Search/Page_Client Face Sheets/td_24-11006"), "24-11006"): Actual text and expected text of test object 'Object Repository/Specific Cases Repository/LS/Home/Census/Clients Face Sheets/Clients Face Sheet Search/Page_Client Face Sheets/td_24-11006' are matched.

28-01-2025T18:06:14 - [MESSAGE][PASSED] - Actual text and expected text of test object 'Object Repository/Specific Cases Repository/LS/Home/Census/Clients Face Sheets/Clients Face Sheet Search/Page_Client Face Sheets/td_24-11006' are matched.

28-01-2025T18:06:14 - [TEST_STEP][PASSED] - verifyElementText(findTestObject("Object Repository/Specific Cases Repository/LS/Home/Census/Clients Face Sheets/Clients Face Sheet Search/Page_Client Face Sheets/td_24-11007"), "24-11007"): Actual text and expected text of test object 'Object Repository/Specific Cases Repository/LS/Home/Census/Clients Face Sheets/Clients Face Sheet Search/Page_Client Face Sheets/td_24-11007' are matched.

28-01-2025T18:06:14 - [MESSAGE][PASSED] - Actual text and expected text of test object 'Object Repository/Specific Cases Repository/LS/Home/Census/Clients Face Sheets/Clients Face Sheet Search/Page_Client Face Sheets/td_24-11007' are matched.

28-01-2025T18:06:14 - [TEST_STEP][PASSED] - verifyElementNotPresent(findTestObject("Specific Cases Repository/LS/Home/Census/Clients Face Sheets/Clients Face Sheet Search/Page_Client Face Sheets/td_24-11008"), 0): Web element with id: 'Object Repository/Specific Cases Repository/LS/Home/Census/Clients Face Sheets/Clients Face Sheet Search/Page_Client Face Sheets/td_24-11008' located by 'By.xpath: //td[normalize-space()='24-11008']' is not present after '30' second(s)

28-01-2025T18:06:14 - [MESSAGE][WARNING] - Timeout '0' is invalid. Using default page load timeout: '30'

28-01-2025T18:06:14 - [MESSAGE][PASSED] - Web element with id: 'Object Repository/Specific Cases Repository/LS/Home/Census/Clients Face Sheets/Clients Face Sheet Search/Page_Client Face Sheets/td_24-11008' located by 'By.xpath: //td[normalize-space()='24-11008']' is not present after '30' second(s)

28-01-2025T18:06:14 - [TEST_STEP][PASSED] - click(findTestObject("Object Repository/Specific Cases Repository/LS/Home/Census/Clients Face Sheets/Clients Face Sheet Search/Page_Client Face Sheets/li_C Automation, C Client")): Object: 'Object Repository/Specific Cases Repository/LS/Home/Census/Clients Face Sheets/Clients Face Sheet Search/Page_Client Face Sheets/li_C Automation, C Client' is clicked on

28-01-2025T18:06:14 - [MESSAGE][PASSED] - Object: 'Object Repository/Specific Cases Repository/LS/Home/Census/Clients Face Sheets/Clients Face Sheet Search/Page_Client Face Sheets/li_C Automation, C Client' is clicked on

28-01-2025T18:06:14 - [TEST_STEP][PASSED] - verifyElementText(findTestObject("Object Repository/Specific Cases Repository/LS/Home/Census/Clients Face Sheets/Clients Face Sheet Search/Page_Client Face Sheets/td_24-11006"), "24-11006"): Actual text and expected text of test object 'Object Repository/Specific Cases Repository/LS/Home/Census/Clients Face Sheets/Clients Face Sheet Search/Page_Client Face Sheets/td_24-11006' are matched.

28-01-2025T18:06:15 - [MESSAGE][PASSED] - Actual text and expected text of test object 'Object Repository/Specific Cases Repository/LS/Home/Census/Clients Face Sheets/Clients Face Sheet Search/Page_Client Face Sheets/td_24-11006' are matched.

28-01-2025T18:06:15 - [TEST_STEP][PASSED] - verifyElementText(findTestObject("Object Repository/Specific Cases Repository/LS/Home/Census/Clients Face Sheets/Clients Face Sheet Search/Page_Client Face Sheets/td_24-11007"), "24-11007"): Actual text and expected text of test object 'Object Repository/Specific Cases Repository/LS/Home/Census/Clients Face Sheets/Clients Face Sheet Search/Page_Client Face Sheets/td_24-11007' are matched.

28-01-2025T18:06:15 - [MESSAGE][PASSED] - Actual text and expected text of test object 'Object Repository/Specific Cases Repository/LS/Home/Census/Clients Face Sheets/Clients Face Sheet Search/Page_Client Face Sheets/td_24-11007' are matched.

28-01-2025T18:06:15 - [TEST_STEP][PASSED] - verifyElementText(findTestObject("Object Repository/Specific Cases Repository/LS/Home/Census/Clients Face Sheets/Clients Face Sheet Search/Page_Client Face Sheets/td_24-11008"), "24-11008"): Actual text and expected text of test object 'Object Repository/Specific Cases Repository/LS/Home/Census/Clients Face Sheets/Clients Face Sheet Search/Page_Client Face Sheets/td_24-11008' are matched.

28-01-2025T18:06:15 - [MESSAGE][PASSED] - Actual text and expected text of test object 'Object Repository/Specific Cases Repository/LS/Home/Census/Clients Face Sheets/Clients Face Sheet Search/Page_Client Face Sheets/td_24-11008' are matched.

28-01-2025T18:06:15 - [TEST_STEP][PASSED] - click(findTestObject("Specific Cases Repository/LS/Home/Census/Clients Face Sheets/Clients Face Sheet Search/Page_Client Face Sheets/span_ A")): Object: 'Object Repository/Specific Cases Repository/LS/Home/Census/Clients Face Sheets/Clients Face Sheet Search/Page_Client Face Sheets/span_ A' is clicked on

28-01-2025T18:06:16 - [MESSAGE][PASSED] - Object: 'Object Repository/Specific Cases Repository/LS/Home/Census/Clients Face Sheets/Clients Face Sheet Search/Page_Client Face Sheets/span_ A' is clicked on

28-01-2025T18:06:16 - [TEST_STEP][PASSED] - click(findTestObject("Specific Cases Repository/LS/Home/Census/Clients Face Sheets/Clients Face Sheet Search/Page_Client Face Sheets/span_B")): Object: 'Object Repository/Specific Cases Repository/LS/Home/Census/Clients Face Sheets/Clients Face Sheet Search/Page_Client Face Sheets/span_B' is clicked on

28-01-2025T18:06:16 - [MESSAGE][PASSED] - Object: 'Object Repository/Specific Cases Repository/LS/Home/Census/Clients Face Sheets/Clients Face Sheet Search/Page_Client Face Sheets/span_B' is clicked on

28-01-2025T18:06:16 - [TEST_STEP][PASSED] - click(findTestObject("Specific Cases Repository/LS/Home/Census/Clients Face Sheets/Clients Face Sheet Search/Page_Client Face Sheets/span_C")): Object: 'Object Repository/Specific Cases Repository/LS/Home/Census/Clients Face Sheets/Clients Face Sheet Search/Page_Client Face Sheets/span_C' is clicked on

28-01-2025T18:06:17 - [MESSAGE][PASSED] - Object: 'Object Repository/Specific Cases Repository/LS/Home/Census/Clients Face Sheets/Clients Face Sheet Search/Page_Client Face Sheets/span_C' is clicked on

28-01-2025T18:06:17 - [TEST_STEP][PASSED] - click(findTestObject("Specific Cases Repository/LS/Home/Census/Clients Face Sheets/Clients Face Sheet Search/Page_Client Face Sheets/Unit")): Object: 'Object Repository/Specific Cases Repository/LS/Home/Census/Clients Face Sheets/Clients Face Sheet Search/Page_Client Face Sheets/Unit' is clicked on

28-01-2025T18:06:18 - [MESSAGE][PASSED] - Object: 'Object Repository/Specific Cases Repository/LS/Home/Census/Clients Face Sheets/Clients Face Sheet Search/Page_Client Face Sheets/Unit' is clicked on

28-01-2025T18:06:18 - [TEST_STEP][PASSED] - click(findTestObject("Object Repository/Specific Cases Repository/LS/Home/Census/Clients Face Sheets/Clients Face Sheet Search/Page_Client Face Sheets/li_Mens Residential")): Object: 'Object Repository/Specific Cases Repository/LS/Home/Census/Clients Face Sheets/Clients Face Sheet Search/Page_Client Face Sheets/li_Mens Residential' is clicked on

28-01-2025T18:06:18 - [MESSAGE][PASSED] - Object: 'Object Repository/Specific Cases Repository/LS/Home/Census/Clients Face Sheets/Clients Face Sheet Search/Page_Client Face Sheets/li_Mens Residential' is clicked on

28-01-2025T18:06:18 - [TEST_STEP][PASSED] - verifyElementText(findTestObject("Object Repository/Specific Cases Repository/LS/Home/Census/Clients Face Sheets/Clients Face Sheet Search/Page_Client Face Sheets/td_24-11006"), "24-11006"): Actual text and expected text of test object 'Object Repository/Specific Cases Repository/LS/Home/Census/Clients Face Sheets/Clients Face Sheet Search/Page_Client Face Sheets/td_24-11006' are matched.

28-01-2025T18:06:18 - [MESSAGE][PASSED] - Actual text and expected text of test object 'Object Repository/Specific Cases Repository/LS/Home/Census/Clients Face Sheets/Clients Face Sheet Search/Page_Client Face Sheets/td_24-11006' are matched.

28-01-2025T18:06:18 - [TEST_STEP][PASSED] - verifyElementText(findTestObject("Object Repository/Specific Cases Repository/LS/Home/Census/Clients Face Sheets/Clients Face Sheet Search/Page_Client Face Sheets/td_24-11007"), "24-11007"): Actual text and expected text of test object 'Object Repository/Specific Cases Repository/LS/Home/Census/Clients Face Sheets/Clients Face Sheet Search/Page_Client Face Sheets/td_24-11007' are matched.

28-01-2025T18:06:18 - [MESSAGE][PASSED] - Actual text and expected text of test object 'Object Repository/Specific Cases Repository/LS/Home/Census/Clients Face Sheets/Clients Face Sheet Search/Page_Client Face Sheets/td_24-11007' are matched.

28-01-2025T18:06:18 - [TEST_STEP][FAILED] - verifyElementNotPresent(findTestObject("Specific Cases Repository/LS/Home/Census/Clients Face Sheets/Clients Face Sheet Search/Page_Client Face Sheets/td_24-11008"), 0): Unable to verify object 'Object Repository/Specific Cases Repository/LS/Home/Census/Clients Face Sheets/Clients Face Sheet Search/Page_Client Face Sheets/td_24-11008' is not present (Root cause: com.kms.katalon.core.exception.StepFailedException: Unable to verify object 'Object Repository/Specific Cases Repository/LS/Home/Census/Clients Face Sheets/Clients Face Sheet Search/Page_Client Face Sheets/td_24-11008' is not present
	at com.kms.katalon.core.webui.keyword.internal.WebUIKeywordMain.stepFailed(WebUIKeywordMain.groovy:117)
	at com.kms.katalon.core.webui.keyword.internal.WebUIKeywordMain.runKeyword(WebUIKeywordMain.groovy:43)
	at com.kms.katalon.core.webui.keyword.internal.WebUIKeywordMain$runKeyword.call(Unknown Source)
	at com.kms.katalon.core.webui.keyword.builtin.VerifyElementNotPresentKeyword.verifyElementNotPresent(VerifyElementNotPresentKeyword.groovy:131)
	at com.kms.katalon.core.webui.keyword.builtin.VerifyElementNotPresentKeyword.execute(VerifyElementNotPresentKeyword.groovy:69)
	at com.kms.katalon.core.keyword.internal.KeywordExecutor.executeKeywordForPlatform(KeywordExecutor.groovy:74)
	at com.kms.katalon.core.webui.keyword.WebUiBuiltInKeywords.verifyElementNotPresent(WebUiBuiltInKeywords.groovy:1536)
	at Client_Face_Sheets_Search.run(Client_Face_Sheets_Search:85)
	at com.kms.katalon.core.main.ScriptEngine.run(ScriptEngine.java:194)
	at com.kms.katalon.core.main.ScriptEngine.runScriptAsRawText(ScriptEngine.java:119)
	at com.kms.katalon.core.main.TestCaseExecutor.runScript(TestCaseExecutor.java:448)
	at com.kms.katalon.core.main.TestCaseExecutor.doExecute(TestCaseExecutor.java:439)
	at com.kms.katalon.core.main.TestCaseExecutor.processExecutionPhase(TestCaseExecutor.java:418)
	at com.kms.katalon.core.main.TestCaseExecutor.accessMainPhase(TestCaseExecutor.java:410)
	at com.kms.katalon.core.main.TestCaseExecutor.execute(TestCaseExecutor.java:285)
	at com.kms.katalon.core.common.CommonExecutor.accessTestCaseMainPhase(CommonExecutor.java:65)
	at com.kms.katalon.core.main.TestSuiteExecutor.accessTestSuiteMainPhase(TestSuiteExecutor.java:150)
	at com.kms.katalon.core.main.TestSuiteExecutor.execute(TestSuiteExecutor.java:106)
	at com.kms.katalon.core.main.TestCaseMain.startTestSuite(TestCaseMain.java:180)
	at TempTestSuite1738104958703.run(TempTestSuite1738104958703.groovy:35)
	at java.base/jdk.internal.reflect.NativeMethodAccessorImpl.invoke0(Native Method)
	at java.base/jdk.internal.reflect.NativeMethodAccessorImpl.invoke(NativeMethodAccessorImpl.java:77)
	at java.base/jdk.internal.reflect.DelegatingMethodAccessorImpl.invoke(DelegatingMethodAccessorImpl.java:43)
Caused by: com.kms.katalon.core.exception.StepFailedException: Web element with id: 'Object Repository/Specific Cases Repository/LS/Home/Census/Clients Face Sheets/Clients Face Sheet Search/Page_Client Face Sheets/td_24-11008' located by 'By.xpath: //td[normalize-space()='24-11008']' is present after '30' second(s)
	at com.kms.katalon.core.webui.keyword.internal.WebUIKeywordMain.stepFailed(WebUIKeywordMain.groovy:117)
	at com.kms.katalon.core.webui.keyword.internal.WebUIKeywordMain$stepFailed$0.call(Unknown Source)
	at com.kms.katalon.core.webui.keyword.builtin.VerifyElementNotPresentKeyword$_verifyElementNotPresent_closure1.doCall(VerifyElementNotPresentKeyword.groovy:122)
	at com.kms.katalon.core.webui.keyword.builtin.VerifyElementNotPresentKeyword$_verifyElementNotPresent_closure1.doCall(VerifyElementNotPresentKeyword.groovy)
	at jdk.internal.reflect.GeneratedMethodAccessor34.invoke(Unknown Source)
	at java.base/jdk.internal.reflect.DelegatingMethodAccessorImpl.invoke(DelegatingMethodAccessorImpl.java:43)
	at com.kms.katalon.core.webui.keyword.internal.WebUIKeywordMain.runKeyword(WebUIKeywordMain.groovy:35)
	... 21 more
)

28-01-2025T18:06:18 - [MESSAGE][WARNING] - Timeout '0' is invalid. Using default page load timeout: '30'

28-01-2025T18:06:49 - [MESSAGE][FAILED] - Web element with id: 'Object Repository/Specific Cases Repository/LS/Home/Census/Clients Face Sheets/Clients Face Sheet Search/Page_Client Face Sheets/td_24-11008' located by 'By.xpath: //td[normalize-space()='24-11008']' is present after '30' second(s) (Root cause: com.kms.katalon.core.exception.StepFailedException: Web element with id: 'Object Repository/Specific Cases Repository/LS/Home/Census/Clients Face Sheets/Clients Face Sheet Search/Page_Client Face Sheets/td_24-11008' located by 'By.xpath: //td[normalize-space()='24-11008']' is present after '30' second(s)
	at com.kms.katalon.core.webui.keyword.internal.WebUIKeywordMain.stepFailed(WebUIKeywordMain.groovy:117)
	at com.kms.katalon.core.webui.keyword.internal.WebUIKeywordMain$stepFailed$0.call(Unknown Source)
	at com.kms.katalon.core.webui.keyword.builtin.VerifyElementNotPresentKeyword$_verifyElementNotPresent_closure1.doCall(VerifyElementNotPresentKeyword.groovy:122)
	at com.kms.katalon.core.webui.keyword.builtin.VerifyElementNotPresentKeyword$_verifyElementNotPresent_closure1.doCall(VerifyElementNotPresentKeyword.groovy)
	at jdk.internal.reflect.GeneratedMethodAccessor34.invoke(Unknown Source)
	at java.base/jdk.internal.reflect.DelegatingMethodAccessorImpl.invoke(DelegatingMethodAccessorImpl.java:43)
	at com.kms.katalon.core.webui.keyword.internal.WebUIKeywordMain.runKeyword(WebUIKeywordMain.groovy:35)
	at com.kms.katalon.core.webui.keyword.internal.WebUIKeywordMain$runKeyword.call(Unknown Source)
	at com.kms.katalon.core.webui.keyword.builtin.VerifyElementNotPresentKeyword.verifyElementNotPresent(VerifyElementNotPresentKeyword.groovy:131)
	at com.kms.katalon.core.webui.keyword.builtin.VerifyElementNotPresentKeyword.execute(VerifyElementNotPresentKeyword.groovy:69)
	at com.kms.katalon.core.keyword.internal.KeywordExecutor.executeKeywordForPlatform(KeywordExecutor.groovy:74)
	at com.kms.katalon.core.webui.keyword.WebUiBuiltInKeywords.verifyElementNotPresent(WebUiBuiltInKeywords.groovy:1536)
	at Client_Face_Sheets_Search.run(Client_Face_Sheets_Search:85)
	at com.kms.katalon.core.main.ScriptEngine.run(ScriptEngine.java:194)
	at com.kms.katalon.core.main.ScriptEngine.runScriptAsRawText(ScriptEngine.java:119)
	at com.kms.katalon.core.main.TestCaseExecutor.runScript(TestCaseExecutor.java:448)
	at com.kms.katalon.core.main.TestCaseExecutor.doExecute(TestCaseExecutor.java:439)
	at com.kms.katalon.core.main.TestCaseExecutor.processExecutionPhase(TestCaseExecutor.java:418)
	at com.kms.katalon.core.main.TestCaseExecutor.accessMainPhase(TestCaseExecutor.java:410)
	at com.kms.katalon.core.main.TestCaseExecutor.execute(TestCaseExecutor.java:285)
	at com.kms.katalon.core.common.CommonExecutor.accessTestCaseMainPhase(CommonExecutor.java:65)
	at com.kms.katalon.core.main.TestSuiteExecutor.accessTestSuiteMainPhase(TestSuiteExecutor.java:150)
	at com.kms.katalon.core.main.TestSuiteExecutor.execute(TestSuiteExecutor.java:106)
	at com.kms.katalon.core.main.TestCaseMain.startTestSuite(TestCaseMain.java:180)
	at TempTestSuite1738104958703.run(TempTestSuite1738104958703.groovy:35)
	at java.base/jdk.internal.reflect.NativeMethodAccessorImpl.invoke0(Native Method)
	at java.base/jdk.internal.reflect.NativeMethodAccessorImpl.invoke(NativeMethodAccessorImpl.java:77)
	at java.base/jdk.internal.reflect.DelegatingMethodAccessorImpl.invoke(DelegatingMethodAccessorImpl.java:43)
)
[[ATTACHMENT|C:\\Users\\Enrique\\git\\AUTOMATION_LS\\Reports\\20250128_175555\\LS\\Home\\General\\Census\\20250128_175558\\1738105609085.png]]

28-01-2025T18:06:49 - [MESSAGE][FAILED] - Unable to verify object 'Object Repository/Specific Cases Repository/LS/Home/Census/Clients Face Sheets/Clients Face Sheet Search/Page_Client Face Sheets/td_24-11008' is not present (Root cause: com.kms.katalon.core.exception.StepFailedException: Unable to verify object 'Object Repository/Specific Cases Repository/LS/Home/Census/Clients Face Sheets/Clients Face Sheet Search/Page_Client Face Sheets/td_24-11008' is not present
	at com.kms.katalon.core.webui.keyword.internal.WebUIKeywordMain.stepFailed(WebUIKeywordMain.groovy:117)
	at com.kms.katalon.core.webui.keyword.internal.WebUIKeywordMain.runKeyword(WebUIKeywordMain.groovy:43)
	at com.kms.katalon.core.webui.keyword.internal.WebUIKeywordMain$runKeyword.call(Unknown Source)
	at com.kms.katalon.core.webui.keyword.builtin.VerifyElementNotPresentKeyword.verifyElementNotPresent(VerifyElementNotPresentKeyword.groovy:131)
	at com.kms.katalon.core.webui.keyword.builtin.VerifyElementNotPresentKeyword.execute(VerifyElementNotPresentKeyword.groovy:69)
	at com.kms.katalon.core.keyword.internal.KeywordExecutor.executeKeywordForPlatform(KeywordExecutor.groovy:74)
	at com.kms.katalon.core.webui.keyword.WebUiBuiltInKeywords.verifyElementNotPresent(WebUiBuiltInKeywords.groovy:1536)
	at Client_Face_Sheets_Search.run(Client_Face_Sheets_Search:85)
	at com.kms.katalon.core.main.ScriptEngine.run(ScriptEngine.java:194)
	at com.kms.katalon.core.main.ScriptEngine.runScriptAsRawText(ScriptEngine.java:119)
	at com.kms.katalon.core.main.TestCaseExecutor.runScript(TestCaseExecutor.java:448)
	at com.kms.katalon.core.main.TestCaseExecutor.doExecute(TestCaseExecutor.java:439)
	at com.kms.katalon.core.main.TestCaseExecutor.processExecutionPhase(TestCaseExecutor.java:418)
	at com.kms.katalon.core.main.TestCaseExecutor.accessMainPhase(TestCaseExecutor.java:410)
	at com.kms.katalon.core.main.TestCaseExecutor.execute(TestCaseExecutor.java:285)
	at com.kms.katalon.core.common.CommonExecutor.accessTestCaseMainPhase(CommonExecutor.java:65)
	at com.kms.katalon.core.main.TestSuiteExecutor.accessTestSuiteMainPhase(TestSuiteExecutor.java:150)
	at com.kms.katalon.core.main.TestSuiteExecutor.execute(TestSuiteExecutor.java:106)
	at com.kms.katalon.core.main.TestCaseMain.startTestSuite(TestCaseMain.java:180)
	at TempTestSuite1738104958703.run(TempTestSuite1738104958703.groovy:35)
	at java.base/jdk.internal.reflect.NativeMethodAccessorImpl.invoke0(Native Method)
	at java.base/jdk.internal.reflect.NativeMethodAccessorImpl.invoke(NativeMethodAccessorImpl.java:77)
	at java.base/jdk.internal.reflect.DelegatingMethodAccessorImpl.invoke(DelegatingMethodAccessorImpl.java:43)
Caused by: com.kms.katalon.core.exception.StepFailedException: Web element with id: 'Object Repository/Specific Cases Repository/LS/Home/Census/Clients Face Sheets/Clients Face Sheet Search/Page_Client Face Sheets/td_24-11008' located by 'By.xpath: //td[normalize-space()='24-11008']' is present after '30' second(s)
	at com.kms.katalon.core.webui.keyword.internal.WebUIKeywordMain.stepFailed(WebUIKeywordMain.groovy:117)
	at com.kms.katalon.core.webui.keyword.internal.WebUIKeywordMain$stepFailed$0.call(Unknown Source)
	at com.kms.katalon.core.webui.keyword.builtin.VerifyElementNotPresentKeyword$_verifyElementNotPresent_closure1.doCall(VerifyElementNotPresentKeyword.groovy:122)
	at com.kms.katalon.core.webui.keyword.builtin.VerifyElementNotPresentKeyword$_verifyElementNotPresent_closure1.doCall(VerifyElementNotPresentKeyword.groovy)
	at jdk.internal.reflect.GeneratedMethodAccessor34.invoke(Unknown Source)
	at java.base/jdk.internal.reflect.DelegatingMethodAccessorImpl.invoke(DelegatingMethodAccessorImpl.java:43)
	at com.kms.katalon.core.webui.keyword.internal.WebUIKeywordMain.runKeyword(WebUIKeywordMain.groovy:35)
	... 21 more
)
[[ATTACHMENT|C:\\Users\\Enrique\\git\\AUTOMATION_LS\\Reports\\20250128_175555\\LS\\Home\\General\\Census\\20250128_175558\\1738105609311.png]]]]></system-out>
         <system-err><![CDATA[28-01-2025T18:05:51 - [TEST_CASE][FAILED] - Test Cases/Specific Cases/LS/General/Census/Client Face Sheets/Client_Face_Sheets_Search: Test Cases/Specific Cases/LS/General/Census/Client Face Sheets/Client_Face_Sheets_Search FAILED.
Reason:
com.kms.katalon.core.exception.StepFailedException: Unable to verify object 'Object Repository/Specific Cases Repository/LS/Home/Census/Clients Face Sheets/Clients Face Sheet Search/Page_Client Face Sheets/td_24-11008' is not present
	at com.kms.katalon.core.webui.keyword.internal.WebUIKeywordMain.stepFailed(WebUIKeywordMain.groovy:117)
	at com.kms.katalon.core.webui.keyword.internal.WebUIKeywordMain.runKeyword(WebUIKeywordMain.groovy:43)
	at com.kms.katalon.core.webui.keyword.internal.WebUIKeywordMain$runKeyword.call(Unknown Source)
	at com.kms.katalon.core.webui.keyword.builtin.VerifyElementNotPresentKeyword.verifyElementNotPresent(VerifyElementNotPresentKeyword.groovy:131)
	at com.kms.katalon.core.webui.keyword.builtin.VerifyElementNotPresentKeyword.execute(VerifyElementNotPresentKeyword.groovy:69)
	at com.kms.katalon.core.keyword.internal.KeywordExecutor.executeKeywordForPlatform(KeywordExecutor.groovy:74)
	at com.kms.katalon.core.webui.keyword.WebUiBuiltInKeywords.verifyElementNotPresent(WebUiBuiltInKeywords.groovy:1536)
	at Client_Face_Sheets_Search.run(Client_Face_Sheets_Search:85)
	at com.kms.katalon.core.main.ScriptEngine.run(ScriptEngine.java:194)
	at com.kms.katalon.core.main.ScriptEngine.runScriptAsRawText(ScriptEngine.java:119)
	at com.kms.katalon.core.main.TestCaseExecutor.runScript(TestCaseExecutor.java:448)
	at com.kms.katalon.core.main.TestCaseExecutor.doExecute(TestCaseExecutor.java:439)
	at com.kms.katalon.core.main.TestCaseExecutor.processExecutionPhase(TestCaseExecutor.java:418)
	at com.kms.katalon.core.main.TestCaseExecutor.accessMainPhase(TestCaseExecutor.java:410)
	at com.kms.katalon.core.main.TestCaseExecutor.execute(TestCaseExecutor.java:285)
	at com.kms.katalon.core.common.CommonExecutor.accessTestCaseMainPhase(CommonExecutor.java:65)
	at com.kms.katalon.core.main.TestSuiteExecutor.accessTestSuiteMainPhase(TestSuiteExecutor.java:150)
	at com.kms.katalon.core.main.TestSuiteExecutor.execute(TestSuiteExecutor.java:106)
	at com.kms.katalon.core.main.TestCaseMain.startTestSuite(TestCaseMain.java:180)
	at TempTestSuite1738104958703.run(TempTestSuite1738104958703.groovy:35)
	at java.base/jdk.internal.reflect.NativeMethodAccessorImpl.invoke0(Native Method)
	at java.base/jdk.internal.reflect.NativeMethodAccessorImpl.invoke(NativeMethodAccessorImpl.java:77)
	at java.base/jdk.internal.reflect.DelegatingMethodAccessorImpl.invoke(DelegatingMethodAccessorImpl.java:43)
Caused by: com.kms.katalon.core.exception.StepFailedException: Web element with id: 'Object Repository/Specific Cases Repository/LS/Home/Census/Clients Face Sheets/Clients Face Sheet Search/Page_Client Face Sheets/td_24-11008' located by 'By.xpath: //td[normalize-space()='24-11008']' is present after '30' second(s)
	at com.kms.katalon.core.webui.keyword.internal.WebUIKeywordMain.stepFailed(WebUIKeywordMain.groovy:117)
	at com.kms.katalon.core.webui.keyword.internal.WebUIKeywordMain$stepFailed$0.call(Unknown Source)
	at com.kms.katalon.core.webui.keyword.builtin.VerifyElementNotPresentKeyword$_verifyElementNotPresent_closure1.doCall(VerifyElementNotPresentKeyword.groovy:122)
	at com.kms.katalon.core.webui.keyword.builtin.VerifyElementNotPresentKeyword$_verifyElementNotPresent_closure1.doCall(VerifyElementNotPresentKeyword.groovy)
	at jdk.internal.reflect.GeneratedMethodAccessor34.invoke(Unknown Source)
	at java.base/jdk.internal.reflect.DelegatingMethodAccessorImpl.invoke(DelegatingMethodAccessorImpl.java:43)
	at com.kms.katalon.core.webui.keyword.internal.WebUIKeywordMain.runKeyword(WebUIKeywordMain.groovy:35)
	... 21 more]]></system-err>
      </testcase>
      <system-out><![CDATA[28-01-2025T17:56:14 - [TEST_SUITE][FAILED] - Census: Test Cases/Specific Cases/LS/General/Census/Census/Census_Searching_and_Toggle_Columns FAILED.
Reason:
com.kms.katalon.core.exception.StepFailedException: Verify element text of test object 'Object Repository/Specific Cases Repository/LS/Home/Census/Census_Searchin_and_Toggle_Columns/Page_Home/a_B Automation, B Client' FAILED.
	at com.kms.katalon.core.webui.keyword.internal.WebUIKeywordMain.stepFailed(WebUIKeywordMain.groovy:117)
	at com.kms.katalon.core.webui.keyword.internal.WebUIKeywordMain.runKeyword(WebUIKeywordMain.groovy:43)
	at com.kms.katalon.core.webui.keyword.builtin.VerifyElementTextKeyword.verifyElementText(VerifyElementTextKeyword.groovy:72)
	at com.kms.katalon.core.webui.keyword.builtin.VerifyElementTextKeyword.execute(VerifyElementTextKeyword.groovy:40)
	at com.kms.katalon.core.keyword.internal.KeywordExecutor.executeKeywordForPlatform(KeywordExecutor.groovy:74)
	at com.kms.katalon.core.webui.keyword.WebUiBuiltInKeywords.verifyElementText(WebUiBuiltInKeywords.groovy:4835)
	at Census_Searching_and_Toggle_Columns.run(Census_Searching_and_Toggle_Columns:47)
	at com.kms.katalon.core.main.ScriptEngine.run(ScriptEngine.java:194)
	at com.kms.katalon.core.main.ScriptEngine.runScriptAsRawText(ScriptEngine.java:119)
	at com.kms.katalon.core.main.TestCaseExecutor.runScript(TestCaseExecutor.java:448)
	at com.kms.katalon.core.main.TestCaseExecutor.doExecute(TestCaseExecutor.java:439)
	at com.kms.katalon.core.main.TestCaseExecutor.processExecutionPhase(TestCaseExecutor.java:418)
	at com.kms.katalon.core.main.TestCaseExecutor.accessMainPhase(TestCaseExecutor.java:410)
	at com.kms.katalon.core.main.TestCaseExecutor.execute(TestCaseExecutor.java:285)
	at com.kms.katalon.core.common.CommonExecutor.accessTestCaseMainPhase(CommonExecutor.java:65)
	at com.kms.katalon.core.main.TestSuiteExecutor.accessTestSuiteMainPhase(TestSuiteExecutor.java:150)
	at com.kms.katalon.core.main.TestSuiteExecutor.execute(TestSuiteExecutor.java:106)
	at com.kms.katalon.core.main.TestCaseMain.startTestSuite(TestCaseMain.java:180)
	at TempTestSuite1738104958703.run(TempTestSuite1738104958703.groovy:35)
	at java.base/jdk.internal.reflect.NativeMethodAccessorImpl.invoke0(Native Method)
	at java.base/jdk.internal.reflect.NativeMethodAccessorImpl.invoke(NativeMethodAccessorImpl.java:77)
	at java.base/jdk.internal.reflect.DelegatingMethodAccessorImpl.invoke(DelegatingMethodAccessorImpl.java:43)
Caused by: com.kms.katalon.core.exception.StepFailedException: com.kms.katalon.core.webui.exception.WebElementNotFoundException: Web element with id: 'Object Repository/Specific Cases Repository/LS/Home/Census/Census_Searchin_and_Toggle_Columns/Page_Home/a_B Automation, B Client' located by '//a[normalize-space()='B Automation, B Client']' not found
	at com.kms.katalon.core.webui.keyword.internal.WebUIKeywordMain.stepFailed(WebUIKeywordMain.groovy:117)
	at com.kms.katalon.core.webui.keyword.builtin.VerifyElementTextKeyword$_verifyElementText_closure1.doCall(VerifyElementTextKeyword.groovy:64)
	at com.kms.katalon.core.webui.keyword.builtin.VerifyElementTextKeyword$_verifyElementText_closure1.call(VerifyElementTextKeyword.groovy)
	at com.kms.katalon.core.webui.keyword.internal.WebUIKeywordMain.runKeyword(WebUIKeywordMain.groovy:35)
	... 20 more]]></system-out>
      <system-err><![CDATA[28-01-2025T17:56:14 - [TEST_SUITE][FAILED] - Census: Test Cases/Specific Cases/LS/General/Census/Census/Census_Searching_and_Toggle_Columns FAILED.
Reason:
com.kms.katalon.core.exception.StepFailedException: Verify element text of test object 'Object Repository/Specific Cases Repository/LS/Home/Census/Census_Searchin_and_Toggle_Columns/Page_Home/a_B Automation, B Client' FAILED.
	at com.kms.katalon.core.webui.keyword.internal.WebUIKeywordMain.stepFailed(WebUIKeywordMain.groovy:117)
	at com.kms.katalon.core.webui.keyword.internal.WebUIKeywordMain.runKeyword(WebUIKeywordMain.groovy:43)
	at com.kms.katalon.core.webui.keyword.builtin.VerifyElementTextKeyword.verifyElementText(VerifyElementTextKeyword.groovy:72)
	at com.kms.katalon.core.webui.keyword.builtin.VerifyElementTextKeyword.execute(VerifyElementTextKeyword.groovy:40)
	at com.kms.katalon.core.keyword.internal.KeywordExecutor.executeKeywordForPlatform(KeywordExecutor.groovy:74)
	at com.kms.katalon.core.webui.keyword.WebUiBuiltInKeywords.verifyElementText(WebUiBuiltInKeywords.groovy:4835)
	at Census_Searching_and_Toggle_Columns.run(Census_Searching_and_Toggle_Columns:47)
	at com.kms.katalon.core.main.ScriptEngine.run(ScriptEngine.java:194)
	at com.kms.katalon.core.main.ScriptEngine.runScriptAsRawText(ScriptEngine.java:119)
	at com.kms.katalon.core.main.TestCaseExecutor.runScript(TestCaseExecutor.java:448)
	at com.kms.katalon.core.main.TestCaseExecutor.doExecute(TestCaseExecutor.java:439)
	at com.kms.katalon.core.main.TestCaseExecutor.processExecutionPhase(TestCaseExecutor.java:418)
	at com.kms.katalon.core.main.TestCaseExecutor.accessMainPhase(TestCaseExecutor.java:410)
	at com.kms.katalon.core.main.TestCaseExecutor.execute(TestCaseExecutor.java:285)
	at com.kms.katalon.core.common.CommonExecutor.accessTestCaseMainPhase(CommonExecutor.java:65)
	at com.kms.katalon.core.main.TestSuiteExecutor.accessTestSuiteMainPhase(TestSuiteExecutor.java:150)
	at com.kms.katalon.core.main.TestSuiteExecutor.execute(TestSuiteExecutor.java:106)
	at com.kms.katalon.core.main.TestCaseMain.startTestSuite(TestCaseMain.java:180)
	at TempTestSuite1738104958703.run(TempTestSuite1738104958703.groovy:35)
	at java.base/jdk.internal.reflect.NativeMethodAccessorImpl.invoke0(Native Method)
	at java.base/jdk.internal.reflect.NativeMethodAccessorImpl.invoke(NativeMethodAccessorImpl.java:77)
	at java.base/jdk.internal.reflect.DelegatingMethodAccessorImpl.invoke(DelegatingMethodAccessorImpl.java:43)
Caused by: com.kms.katalon.core.exception.StepFailedException: com.kms.katalon.core.webui.exception.WebElementNotFoundException: Web element with id: 'Object Repository/Specific Cases Repository/LS/Home/Census/Census_Searchin_and_Toggle_Columns/Page_Home/a_B Automation, B Client' located by '//a[normalize-space()='B Automation, B Client']' not found
	at com.kms.katalon.core.webui.keyword.internal.WebUIKeywordMain.stepFailed(WebUIKeywordMain.groovy:117)
	at com.kms.katalon.core.webui.keyword.builtin.VerifyElementTextKeyword$_verifyElementText_closure1.doCall(VerifyElementTextKeyword.groovy:64)
	at com.kms.katalon.core.webui.keyword.builtin.VerifyElementTextKeyword$_verifyElementText_closure1.call(VerifyElementTextKeyword.groovy)
	at com.kms.katalon.core.webui.keyword.internal.WebUIKeywordMain.runKeyword(WebUIKeywordMain.groovy:35)
	... 20 more]]></system-err>
   </testsuite>
   <testsuite name="Homepage" tests="1" failures="0" errors="0" time="27.796" skipped="0" timestamp="28-01-2025T17:56:18" hostname="Enrique - Enrique" id="Test Suites/LS/Home/General/Homepage">
      <properties>
         <property name="deviceName" value=""/>
         <property name="devicePlatform"/>
         <property name="logFolder" value="C:\\Users\\Enrique\\git\\AUTOMATION_LS\\Reports\\20250128_175555\\LS\\Home\\General\\Homepage\\20250128_175600"/>
         <property name="logFiles" value="C:\\Users\\Enrique\\git\\AUTOMATION_LS\\Reports\\20250128_175555\\LS\\Home\\General\\Homepage\\20250128_175600\\execution0.log"/>
         <property name="attachments" value=""/>
         <property name="hostName" value="Enrique - Enrique"/>
         <property name="os" value="Windows 11 64bit"/>
         <property name="katalonVersion" value="9.7.3.223"/>
         <property name="browser" value="Chrome 131.0.0.0"/>
         <property name="hostAddress" value="192.168.100.166"/>
         <property name="sessionId" value="02004d8468b7d3e34eafd3ed8c57bfb5"/>
         <property name="seleniumVersion" value="3.141.59"/>
         <property name="proxyInformation" value="ProxyInformation { proxyOption=NO_PROXY, proxyServerType=HTTP, username=, password=********, proxyServerAddress=, proxyServerPort=0, executionList=&quot;&quot;, isApplyToDesiredCapabilities=true }"/>
         <property name="platform" value="Windows 11"/>
      </properties>
      <testcase name="Test Cases/Specific Cases/LS/General/Homepage/My Agenda" time="27.551" classname="Test Cases/Specific Cases/LS/General/Homepage/My Agenda" status="PASSED">
         <system-out><![CDATA[28-01-2025T17:56:18 - [TEST_CASE][PASSED] - Test Cases/Specific Cases/LS/General/Homepage/My Agenda: Test Cases/Specific Cases/LS/General/Homepage/My Agenda

28-01-2025T17:56:19 - [TEST_STEP][PASSED] - callTestCase(findTestCase("Common Cases/Login"), [:], STOP_ON_FAILURE): Call Test Case 'Test Cases/Common Cases/Login' successfully

28-01-2025T17:56:19 - [TEST_CASE][PASSED] - Test Cases/Common Cases/Login: Test Cases/Common Cases/Login

28-01-2025T17:56:19 - [TEST_STEP][PASSED] - openBrowser(""): Browser is opened with url: ''

28-01-2025T17:56:19 - [MESSAGE][INFO] - Starting 'Chrome' driver

28-01-2025T17:56:19 - [MESSAGE][INFO] - Action delay is set to 0 milliseconds

28-01-2025T17:56:22 - [MESSAGE][PASSED] - Browser is opened with url: ''

28-01-2025T17:56:22 - [TEST_STEP][PASSED] - maximizeWindow(): Current window maximized

28-01-2025T17:56:23 - [MESSAGE][PASSED] - Current window maximized

28-01-2025T17:56:23 - [TEST_STEP][PASSED] - navigateToUrl("https://site17.lsapp.cloud/auth/login"): Navigate to 'https://site17.lsapp.cloud/auth/login' successfully

28-01-2025T17:56:23 - [MESSAGE][PASSED] - Navigate to 'https://site17.lsapp.cloud/auth/login' successfully

28-01-2025T17:56:23 - [TEST_STEP][PASSED] - setText(findTestObject("Object Repository/Common Cases Repository/Login/Page_Lightning Step/input_Email_email"), "automation@lightningstep.com"): Text 'automation@lightningstep.com' is set on object 'Object Repository/Common Cases Repository/Login/Page_Lightning Step/input_Email_email'

28-01-2025T17:56:27 - [MESSAGE][PASSED] - Text 'automation@lightningstep.com' is set on object 'Object Repository/Common Cases Repository/Login/Page_Lightning Step/input_Email_email'

28-01-2025T17:56:27 - [TEST_STEP][PASSED] - setEncryptedText(findTestObject("Object Repository/Common Cases Repository/Login/Page_Lightning Step/input_Password_password"), "e5N8VHmnhJDITtQaQhDQDw=="): Text ****** has been set on object 'Object Repository/Common Cases Repository/Login/Page_Lightning Step/input_Password_password'

28-01-2025T17:56:27 - [MESSAGE][PASSED] - Text ****** has been set on object 'Object Repository/Common Cases Repository/Login/Page_Lightning Step/input_Password_password'

28-01-2025T17:56:27 - [TEST_STEP][PASSED] - click(findTestObject("Object Repository/Common Cases Repository/Login/Page_Lightning Step/button_Sign in")): Object: 'Object Repository/Common Cases Repository/Login/Page_Lightning Step/button_Sign in' is clicked on

28-01-2025T17:56:39 - [MESSAGE][PASSED] - Object: 'Object Repository/Common Cases Repository/Login/Page_Lightning Step/button_Sign in' is clicked on

28-01-2025T17:56:39 - [MESSAGE][PASSED] - Call Test Case 'Test Cases/Common Cases/Login' successfully

28-01-2025T17:56:39 - [TEST_STEP][PASSED] - click(findTestObject("Object Repository/Specific Cases Repository/LS/Home/Homepage/Page_Home/a_Homepage")): Object: 'Object Repository/Specific Cases Repository/LS/Home/Homepage/Page_Home/a_Homepage' is clicked on

28-01-2025T17:56:42 - [MESSAGE][PASSED] - Object: 'Object Repository/Specific Cases Repository/LS/Home/Homepage/Page_Home/a_Homepage' is clicked on

28-01-2025T17:56:42 - [TEST_STEP][PASSED] - verifyElementText(findTestObject("Object Repository/Specific Cases Repository/LS/Home/Homepage/Page_Home/span_Admission Agreement"), "Admission Agreement"): Actual text and expected text of test object 'Object Repository/Specific Cases Repository/LS/Home/Homepage/Page_Home/span_Admission Agreement' are matched.

28-01-2025T17:56:44 - [MESSAGE][PASSED] - Actual text and expected text of test object 'Object Repository/Specific Cases Repository/LS/Home/Homepage/Page_Home/span_Admission Agreement' are matched.

28-01-2025T17:56:44 - [TEST_STEP][PASSED] - verifyElementText(findTestObject("Object Repository/Specific Cases Repository/LS/Home/Homepage/Page_Home/span_C Automation, C Client"), "C Automation, C Client"): Actual text and expected text of test object 'Object Repository/Specific Cases Repository/LS/Home/Homepage/Page_Home/span_C Automation, C Client' are matched.

28-01-2025T17:56:44 - [MESSAGE][PASSED] - Actual text and expected text of test object 'Object Repository/Specific Cases Repository/LS/Home/Homepage/Page_Home/span_C Automation, C Client' are matched.

28-01-2025T17:56:44 - [TEST_STEP][PASSED] - verifyElementText(findTestObject("Object Repository/Specific Cases Repository/LS/Home/Homepage/Page_Home/span_B Automation, B Client"), "B Automation, B Client"): Actual text and expected text of test object 'Object Repository/Specific Cases Repository/LS/Home/Homepage/Page_Home/span_B Automation, B Client' are matched.

28-01-2025T17:56:45 - [MESSAGE][PASSED] - Actual text and expected text of test object 'Object Repository/Specific Cases Repository/LS/Home/Homepage/Page_Home/span_B Automation, B Client' are matched.

28-01-2025T17:56:45 - [TEST_STEP][PASSED] - verifyElementText(findTestObject("Object Repository/Specific Cases Repository/LS/Home/Homepage/Page_Home/span_C Automation, C Client_1"), "C Automation, C Client"): Actual text and expected text of test object 'Object Repository/Specific Cases Repository/LS/Home/Homepage/Page_Home/span_C Automation, C Client_1' are matched.

28-01-2025T17:56:45 - [MESSAGE][PASSED] - Actual text and expected text of test object 'Object Repository/Specific Cases Repository/LS/Home/Homepage/Page_Home/span_C Automation, C Client_1' are matched.

28-01-2025T17:56:45 - [TEST_STEP][PASSED] - verifyElementText(findTestObject("Object Repository/Specific Cases Repository/LS/Home/Homepage/Page_Home/span_A Automation, A Client"), "A Automation, A Client"): Actual text and expected text of test object 'Object Repository/Specific Cases Repository/LS/Home/Homepage/Page_Home/span_A Automation, A Client' are matched.

28-01-2025T17:56:46 - [MESSAGE][PASSED] - Actual text and expected text of test object 'Object Repository/Specific Cases Repository/LS/Home/Homepage/Page_Home/span_A Automation, A Client' are matched.

28-01-2025T17:56:46 - [TEST_STEP][PASSED] - closeBrowser(): Browser is closed

28-01-2025T17:56:46 - [MESSAGE][PASSED] - Browser is closed]]></system-out>
         <system-err><![CDATA[]]></system-err>
      </testcase>
      <system-out><![CDATA[28-01-2025T17:56:18 - [TEST_SUITE][PASSED] - Homepage: Test Cases/Specific Cases/LS/General/Homepage/My Agenda]]></system-out>
      <system-err><![CDATA[]]></system-err>
   </testsuite>
   <testsuite name="Inquiry Profile" tests="5" failures="2" errors="0" time="340.208" skipped="0" timestamp="28-01-2025T17:56:21" hostname="Enrique - Enrique" id="Test Suites/LS/Inquiry Profile/Inquiry Profile">
      <properties>
         <property name="deviceName" value=""/>
         <property name="devicePlatform"/>
         <property name="logFolder" value="C:\\Users\\Enrique\\git\\AUTOMATION_LS\\Reports\\20250128_175555\\LS\\Inquiry Profile\\Inquiry Profile\\20250128_175602"/>
         <property name="logFiles" value="C:\\Users\\Enrique\\git\\AUTOMATION_LS\\Reports\\20250128_175555\\LS\\Inquiry Profile\\Inquiry Profile\\20250128_175602\\execution0.log"/>
         <property name="attachments" value="C:\\Users\\Enrique\\git\\AUTOMATION_LS\\Reports\\20250128_175555\\LS\\Inquiry Profile\\Inquiry Profile\\20250128_175602\\1738105135276.png, C:\\Users\\Enrique\\git\\AUTOMATION_LS\\Reports\\20250128_175555\\LS\\Inquiry Profile\\Inquiry Profile\\20250128_175602\\1738105135557.png, C:\\Users\\Enrique\\git\\AUTOMATION_LS\\Reports\\20250128_175555\\LS\\Inquiry Profile\\Inquiry Profile\\20250128_175602\\1738105321029.png"/>
         <property name="hostName" value="Enrique - Enrique"/>
         <property name="os" value="Windows 11 64bit"/>
         <property name="katalonVersion" value="9.7.3.223"/>
         <property name="browser" value="Chrome 131.0.0.0"/>
         <property name="hostAddress" value="192.168.100.166"/>
         <property name="sessionId" value="d76544be0d31dbe875399c566ed2b08c"/>
         <property name="seleniumVersion" value="3.141.59"/>
         <property name="proxyInformation" value="ProxyInformation { proxyOption=NO_PROXY, proxyServerType=HTTP, username=, password=********, proxyServerAddress=, proxyServerPort=0, executionList=&quot;&quot;, isApplyToDesiredCapabilities=true }"/>
         <property name="platform" value="Windows 11"/>
      </properties>
      <testcase name="Test Cases/Specific Cases/LS/Inquiry Profile/Demographics" time="86.078" classname="Test Cases/Specific Cases/LS/Inquiry Profile/Demographics" status="PASSED">
         <system-out><![CDATA[28-01-2025T17:56:21 - [TEST_CASE][PASSED] - Test Cases/Specific Cases/LS/Inquiry Profile/Demographics: Test Cases/Specific Cases/LS/Inquiry Profile/Demographics

28-01-2025T17:56:21 - [TEST_STEP][PASSED] - callTestCase(findTestCase("Common Cases/Login"), [:], STOP_ON_FAILURE): Call Test Case 'Test Cases/Common Cases/Login' successfully

28-01-2025T17:56:22 - [TEST_CASE][PASSED] - Test Cases/Common Cases/Login: Test Cases/Common Cases/Login

28-01-2025T17:56:22 - [TEST_STEP][PASSED] - openBrowser(""): Browser is opened with url: ''

28-01-2025T17:56:22 - [MESSAGE][INFO] - Starting 'Chrome' driver

28-01-2025T17:56:22 - [MESSAGE][INFO] - Action delay is set to 0 milliseconds

28-01-2025T17:56:24 - [MESSAGE][PASSED] - Browser is opened with url: ''

28-01-2025T17:56:24 - [TEST_STEP][PASSED] - maximizeWindow(): Current window maximized

28-01-2025T17:56:25 - [MESSAGE][PASSED] - Current window maximized

28-01-2025T17:56:25 - [TEST_STEP][PASSED] - navigateToUrl("https://site17.lsapp.cloud/auth/login"): Navigate to 'https://site17.lsapp.cloud/auth/login' successfully

28-01-2025T17:56:39 - [MESSAGE][PASSED] - Navigate to 'https://site17.lsapp.cloud/auth/login' successfully

28-01-2025T17:56:39 - [TEST_STEP][PASSED] - setText(findTestObject("Object Repository/Common Cases Repository/Login/Page_Lightning Step/input_Email_email"), "automation@lightningstep.com"): Text 'automation@lightningstep.com' is set on object 'Object Repository/Common Cases Repository/Login/Page_Lightning Step/input_Email_email'

28-01-2025T17:56:39 - [MESSAGE][PASSED] - Text 'automation@lightningstep.com' is set on object 'Object Repository/Common Cases Repository/Login/Page_Lightning Step/input_Email_email'

28-01-2025T17:56:39 - [TEST_STEP][PASSED] - setEncryptedText(findTestObject("Object Repository/Common Cases Repository/Login/Page_Lightning Step/input_Password_password"), "e5N8VHmnhJDITtQaQhDQDw=="): Text ****** has been set on object 'Object Repository/Common Cases Repository/Login/Page_Lightning Step/input_Password_password'

28-01-2025T17:56:40 - [MESSAGE][PASSED] - Text ****** has been set on object 'Object Repository/Common Cases Repository/Login/Page_Lightning Step/input_Password_password'

28-01-2025T17:56:40 - [TEST_STEP][PASSED] - click(findTestObject("Object Repository/Common Cases Repository/Login/Page_Lightning Step/button_Sign in")): Object: 'Object Repository/Common Cases Repository/Login/Page_Lightning Step/button_Sign in' is clicked on

28-01-2025T17:56:48 - [MESSAGE][PASSED] - Object: 'Object Repository/Common Cases Repository/Login/Page_Lightning Step/button_Sign in' is clicked on

28-01-2025T17:56:48 - [MESSAGE][PASSED] - Call Test Case 'Test Cases/Common Cases/Login' successfully

28-01-2025T17:56:48 - [TEST_STEP][PASSED] - click(findTestObject("Object Repository/Specific Cases Repository/LS/Inquiry Profile/Demographics/Page_Home/a_Census")): Object: 'Object Repository/Specific Cases Repository/LS/Inquiry Profile/Demographics/Page_Home/a_Census' is clicked on

28-01-2025T17:56:51 - [MESSAGE][PASSED] - Object: 'Object Repository/Specific Cases Repository/LS/Inquiry Profile/Demographics/Page_Home/a_Census' is clicked on

28-01-2025T17:56:51 - [TEST_STEP][PASSED] - click(findTestObject("Object Repository/Specific Cases Repository/LS/Inquiry Profile/Demographics/Page_Home/a_D Automation, D Client")): Object: 'Object Repository/Specific Cases Repository/LS/Inquiry Profile/Demographics/Page_Home/a_D Automation, D Client' is clicked on

28-01-2025T17:57:01 - [MESSAGE][PASSED] - Object: 'Object Repository/Specific Cases Repository/LS/Inquiry Profile/Demographics/Page_Home/a_D Automation, D Client' is clicked on

28-01-2025T17:57:01 - [TEST_STEP][PASSED] - navigateToUrl("https://site17.lsapp.cloud/client/index/1559?section=clientprofile"): Navigate to 'https://site17.lsapp.cloud/client/index/1559?section=clientprofile' successfully

28-01-2025T17:57:07 - [MESSAGE][PASSED] - Navigate to 'https://site17.lsapp.cloud/client/index/1559?section=clientprofile' successfully

28-01-2025T17:57:07 - [TEST_STEP][PASSED] - click(findTestObject("Object Repository/Specific Cases Repository/LS/Inquiry Profile/Demographics/Page_Client Profile/div_Inquiry Profile")): Object: 'Object Repository/Specific Cases Repository/LS/Inquiry Profile/Demographics/Page_Client Profile/div_Inquiry Profile' is clicked on

28-01-2025T17:57:15 - [MESSAGE][PASSED] - Object: 'Object Repository/Specific Cases Repository/LS/Inquiry Profile/Demographics/Page_Client Profile/div_Inquiry Profile' is clicked on

28-01-2025T17:57:15 - [TEST_STEP][PASSED] - click(findTestObject("Object Repository/Specific Cases Repository/LS/Inquiry Profile/Demographics/Page_Inquiry Profile/a_Demographics")): Object: 'Object Repository/Specific Cases Repository/LS/Inquiry Profile/Demographics/Page_Inquiry Profile/a_Demographics' is clicked on

28-01-2025T17:57:17 - [MESSAGE][PASSED] - Object: 'Object Repository/Specific Cases Repository/LS/Inquiry Profile/Demographics/Page_Inquiry Profile/a_Demographics' is clicked on

28-01-2025T17:57:17 - [TEST_STEP][PASSED] - verifyElementText(findTestObject("Object Repository/Specific Cases Repository/LS/Inquiry Profile/Demographics/Page_Inquiry Profile/h4_Demographic Information for D Client D A_35ae77"), "Demographic Information for D Client D Automation"): Actual text and expected text of test object 'Object Repository/Specific Cases Repository/LS/Inquiry Profile/Demographics/Page_Inquiry Profile/h4_Demographic Information for D Client D A_35ae77' are matched.

28-01-2025T17:57:17 - [MESSAGE][PASSED] - Actual text and expected text of test object 'Object Repository/Specific Cases Repository/LS/Inquiry Profile/Demographics/Page_Inquiry Profile/h4_Demographic Information for D Client D A_35ae77' are matched.

28-01-2025T17:57:17 - [TEST_STEP][PASSED] - verifyElementText(findTestObject("Object Repository/Specific Cases Repository/LS/Inquiry Profile/Demographics/Page_Inquiry Profile/h4_Profile Picture for D Client D Automation"), "Profile Picture for D Client D Automation"): Actual text and expected text of test object 'Object Repository/Specific Cases Repository/LS/Inquiry Profile/Demographics/Page_Inquiry Profile/h4_Profile Picture for D Client D Automation' are matched.

28-01-2025T17:57:17 - [MESSAGE][PASSED] - Actual text and expected text of test object 'Object Repository/Specific Cases Repository/LS/Inquiry Profile/Demographics/Page_Inquiry Profile/h4_Profile Picture for D Client D Automation' are matched.

28-01-2025T17:57:17 - [TEST_STEP][PASSED] - verifyElementText(findTestObject("Object Repository/Specific Cases Repository/LS/Inquiry Profile/Demographics/Page_Inquiry Profile/th_Date"), "Date"): Actual text and expected text of test object 'Object Repository/Specific Cases Repository/LS/Inquiry Profile/Demographics/Page_Inquiry Profile/th_Date' are matched.

28-01-2025T17:57:18 - [MESSAGE][PASSED] - Actual text and expected text of test object 'Object Repository/Specific Cases Repository/LS/Inquiry Profile/Demographics/Page_Inquiry Profile/th_Date' are matched.

28-01-2025T17:57:18 - [TEST_STEP][PASSED] - verifyElementText(findTestObject("Object Repository/Specific Cases Repository/LS/Inquiry Profile/Demographics/Page_Inquiry Profile/th_DOBAge"), "DOB/Age"): Actual text and expected text of test object 'Object Repository/Specific Cases Repository/LS/Inquiry Profile/Demographics/Page_Inquiry Profile/th_DOBAge' are matched.

28-01-2025T17:57:18 - [MESSAGE][PASSED] - Actual text and expected text of test object 'Object Repository/Specific Cases Repository/LS/Inquiry Profile/Demographics/Page_Inquiry Profile/th_DOBAge' are matched.

28-01-2025T17:57:18 - [TEST_STEP][PASSED] - verifyElementText(findTestObject("Object Repository/Specific Cases Repository/LS/Inquiry Profile/Demographics/Page_Inquiry Profile/th_Home Phone"), "Home Phone"): Actual text and expected text of test object 'Object Repository/Specific Cases Repository/LS/Inquiry Profile/Demographics/Page_Inquiry Profile/th_Home Phone' are matched.

28-01-2025T17:57:18 - [MESSAGE][PASSED] - Actual text and expected text of test object 'Object Repository/Specific Cases Repository/LS/Inquiry Profile/Demographics/Page_Inquiry Profile/th_Home Phone' are matched.

28-01-2025T17:57:18 - [TEST_STEP][PASSED] - verifyElementText(findTestObject("Object Repository/Specific Cases Repository/LS/Inquiry Profile/Demographics/Page_Inquiry Profile/th_Mobile Phone"), "Mobile Phone"): Actual text and expected text of test object 'Object Repository/Specific Cases Repository/LS/Inquiry Profile/Demographics/Page_Inquiry Profile/th_Mobile Phone' are matched.

28-01-2025T17:57:19 - [MESSAGE][PASSED] - Actual text and expected text of test object 'Object Repository/Specific Cases Repository/LS/Inquiry Profile/Demographics/Page_Inquiry Profile/th_Mobile Phone' are matched.

28-01-2025T17:57:19 - [TEST_STEP][PASSED] - verifyElementText(findTestObject("Object Repository/Specific Cases Repository/LS/Inquiry Profile/Demographics/Page_Inquiry Profile/th_Active"), "Active"): Actual text and expected text of test object 'Object Repository/Specific Cases Repository/LS/Inquiry Profile/Demographics/Page_Inquiry Profile/th_Active' are matched.

28-01-2025T17:57:19 - [MESSAGE][PASSED] - Actual text and expected text of test object 'Object Repository/Specific Cases Repository/LS/Inquiry Profile/Demographics/Page_Inquiry Profile/th_Active' are matched.

28-01-2025T17:57:19 - [TEST_STEP][PASSED] - verifyElementText(findTestObject("Object Repository/Specific Cases Repository/LS/Inquiry Profile/Demographics/Page_Inquiry Profile/em_Invalid phone number"), "* Invalid phone number."): Actual text and expected text of test object 'Object Repository/Specific Cases Repository/LS/Inquiry Profile/Demographics/Page_Inquiry Profile/em_Invalid phone number' are matched.

28-01-2025T17:57:19 - [MESSAGE][PASSED] - Actual text and expected text of test object 'Object Repository/Specific Cases Repository/LS/Inquiry Profile/Demographics/Page_Inquiry Profile/em_Invalid phone number' are matched.

28-01-2025T17:57:19 - [TEST_STEP][PASSED] - click(findTestObject("Object Repository/Specific Cases Repository/LS/Inquiry Profile/Demographics/Page_Inquiry Profile/i_add")): Object: 'Object Repository/Specific Cases Repository/LS/Inquiry Profile/Demographics/Page_Inquiry Profile/i_add' is clicked on

28-01-2025T17:57:27 - [MESSAGE][PASSED] - Object: 'Object Repository/Specific Cases Repository/LS/Inquiry Profile/Demographics/Page_Inquiry Profile/i_add' is clicked on

28-01-2025T17:57:27 - [TEST_STEP][PASSED] - click(findTestObject("Object Repository/Specific Cases Repository/LS/Inquiry Profile/Demographics/Page_Demographic Information/i_Back to Profile_fa fa-eye")): Object: 'Object Repository/Specific Cases Repository/LS/Inquiry Profile/Demographics/Page_Demographic Information/i_Back to Profile_fa fa-eye' is clicked on

28-01-2025T17:57:28 - [MESSAGE][PASSED] - Object: 'Object Repository/Specific Cases Repository/LS/Inquiry Profile/Demographics/Page_Demographic Information/i_Back to Profile_fa fa-eye' is clicked on

28-01-2025T17:57:28 - [TEST_STEP][PASSED] - click(findTestObject("Object Repository/Specific Cases Repository/LS/Inquiry Profile/Demographics/Page_Demographic Information/button_Save")): Object: 'Object Repository/Specific Cases Repository/LS/Inquiry Profile/Demographics/Page_Demographic Information/button_Save' is clicked on

28-01-2025T17:57:35 - [MESSAGE][PASSED] - Object: 'Object Repository/Specific Cases Repository/LS/Inquiry Profile/Demographics/Page_Demographic Information/button_Save' is clicked on

28-01-2025T17:57:35 - [TEST_STEP][PASSED] - verifyElementPresent(findTestObject("Object Repository/Specific Cases Repository/LS/Inquiry Profile/Demographics/Page_Inquiry Profile/td_10222024"), 0): Object 'Object Repository/Specific Cases Repository/LS/Inquiry Profile/Demographics/Page_Inquiry Profile/td_10222024' is present

28-01-2025T17:57:35 - [MESSAGE][WARNING] - Timeout '0' is invalid. Using default page load timeout: '30'

28-01-2025T17:57:36 - [MESSAGE][PASSED] - Object 'Object Repository/Specific Cases Repository/LS/Inquiry Profile/Demographics/Page_Inquiry Profile/td_10222024' is present

28-01-2025T17:57:36 - [TEST_STEP][PASSED] - verifyElementPresent(findTestObject("Object Repository/Specific Cases Repository/LS/Inquiry Profile/Demographics/Page_Inquiry Profile/td_Yes"), 0): Object 'Object Repository/Specific Cases Repository/LS/Inquiry Profile/Demographics/Page_Inquiry Profile/td_Yes' is present

28-01-2025T17:57:36 - [MESSAGE][WARNING] - Timeout '0' is invalid. Using default page load timeout: '30'

28-01-2025T17:57:36 - [MESSAGE][PASSED] - Object 'Object Repository/Specific Cases Repository/LS/Inquiry Profile/Demographics/Page_Inquiry Profile/td_Yes' is present

28-01-2025T17:57:36 - [TEST_STEP][PASSED] - verifyElementPresent(findTestObject("Object Repository/Specific Cases Repository/LS/Inquiry Profile/Demographics/Page_Inquiry Profile/td_No"), 0): Object 'Object Repository/Specific Cases Repository/LS/Inquiry Profile/Demographics/Page_Inquiry Profile/td_No' is present

28-01-2025T17:57:36 - [MESSAGE][WARNING] - Timeout '0' is invalid. Using default page load timeout: '30'

28-01-2025T17:57:37 - [MESSAGE][PASSED] - Object 'Object Repository/Specific Cases Repository/LS/Inquiry Profile/Demographics/Page_Inquiry Profile/td_No' is present

28-01-2025T17:57:37 - [TEST_STEP][PASSED] - click(findTestObject("Object Repository/Specific Cases Repository/LS/Inquiry Profile/Demographics/Page_Inquiry Profile/i_No_fa fa-pencil")): Object: 'Object Repository/Specific Cases Repository/LS/Inquiry Profile/Demographics/Page_Inquiry Profile/i_No_fa fa-pencil' is clicked on

28-01-2025T17:57:41 - [MESSAGE][PASSED] - Object: 'Object Repository/Specific Cases Repository/LS/Inquiry Profile/Demographics/Page_Inquiry Profile/i_No_fa fa-pencil' is clicked on

28-01-2025T17:57:41 - [TEST_STEP][PASSED] - click(findTestObject("Object Repository/Specific Cases Repository/LS/Inquiry Profile/Demographics/Page_Demographic Information/span_Enter in Error_check")): Object: 'Object Repository/Specific Cases Repository/LS/Inquiry Profile/Demographics/Page_Demographic Information/span_Enter in Error_check' is clicked on

28-01-2025T17:57:41 - [MESSAGE][PASSED] - Object: 'Object Repository/Specific Cases Repository/LS/Inquiry Profile/Demographics/Page_Demographic Information/span_Enter in Error_check' is clicked on

28-01-2025T17:57:41 - [TEST_STEP][PASSED] - click(findTestObject("Object Repository/Specific Cases Repository/LS/Inquiry Profile/Demographics/Page_Demographic Information/button_Save")): Object: 'Object Repository/Specific Cases Repository/LS/Inquiry Profile/Demographics/Page_Demographic Information/button_Save' is clicked on

28-01-2025T17:57:47 - [MESSAGE][PASSED] - Object: 'Object Repository/Specific Cases Repository/LS/Inquiry Profile/Demographics/Page_Demographic Information/button_Save' is clicked on

28-01-2025T17:57:47 - [TEST_STEP][PASSED] - closeBrowser(): Browser is closed

28-01-2025T17:57:47 - [MESSAGE][PASSED] - Browser is closed]]></system-out>
         <system-err><![CDATA[]]></system-err>
      </testcase>
      <testcase name="Test Cases/Specific Cases/LS/Inquiry Profile/Inquiry Profile" time="68.276" classname="Test Cases/Specific Cases/LS/Inquiry Profile/Inquiry Profile" status="FAILED">
         <failure type="FAILED" message="Test Cases/Specific Cases/LS/Inquiry Profile/Inquiry Profile FAILED.&#xa;Reason:&#xa;com.kms.katalon.core.exception.StepFailedException: Verify element text of test object 'Object Repository/Specific Cases Repository/LS/Inquiry Profile/Inquiry Profile/Page_Inquiry Profile/div_A Client A Automation' FAILED.&#xa;	at com.kms.katalon.core.webui.keyword.internal.WebUIKeywordMain.stepFailed(WebUIKeywordMain.groovy:117)&#xa;	at com.kms.katalon.core.webui.keyword.internal.WebUIKeywordMain.runKeyword(WebUIKeywordMain.groovy:43)&#xa;	at com.kms.katalon.core.webui.keyword.builtin.VerifyElementTextKeyword.verifyElementText(VerifyElementTextKeyword.groovy:72)&#xa;	at com.kms.katalon.core.webui.keyword.builtin.VerifyElementTextKeyword.execute(VerifyElementTextKeyword.groovy:40)&#xa;	at com.kms.katalon.core.keyword.internal.KeywordExecutor.executeKeywordForPlatform(KeywordExecutor.groovy:74)&#xa;	at com.kms.katalon.core.webui.keyword.WebUiBuiltInKeywords.verifyElementText(WebUiBuiltInKeywords.groovy:4835)&#xa;	at Inquiry Profile.run(Inquiry Profile:28)&#xa;	at com.kms.katalon.core.main.ScriptEngine.run(ScriptEngine.java:194)&#xa;	at com.kms.katalon.core.main.ScriptEngine.runScriptAsRawText(ScriptEngine.java:119)&#xa;	at com.kms.katalon.core.main.TestCaseExecutor.runScript(TestCaseExecutor.java:448)&#xa;	at com.kms.katalon.core.main.TestCaseExecutor.doExecute(TestCaseExecutor.java:439)&#xa;	at com.kms.katalon.core.main.TestCaseExecutor.processExecutionPhase(TestCaseExecutor.java:418)&#xa;	at com.kms.katalon.core.main.TestCaseExecutor.accessMainPhase(TestCaseExecutor.java:410)&#xa;	at com.kms.katalon.core.main.TestCaseExecutor.execute(TestCaseExecutor.java:285)&#xa;	at com.kms.katalon.core.common.CommonExecutor.accessTestCaseMainPhase(CommonExecutor.java:65)&#xa;	at com.kms.katalon.core.main.TestSuiteExecutor.accessTestSuiteMainPhase(TestSuiteExecutor.java:150)&#xa;	at com.kms.katalon.core.main.TestSuiteExecutor.execute(TestSuiteExecutor.java:106)&#xa;	at com.kms.katalon.core.main.TestCaseMain.startTestSuite(TestCaseMain.java:180)&#xa;	at TempTestSuite1738104962369.run(TempTestSuite1738104962369.groovy:35)&#xa;	at java.base/jdk.internal.reflect.NativeMethodAccessorImpl.invoke0(Native Method)&#xa;	at java.base/jdk.internal.reflect.NativeMethodAccessorImpl.invoke(NativeMethodAccessorImpl.java:77)&#xa;	at java.base/jdk.internal.reflect.DelegatingMethodAccessorImpl.invoke(DelegatingMethodAccessorImpl.java:43)&#xa;Caused by: com.kms.katalon.core.exception.StepFailedException: Actual text 'C Client C Automation' and expected text 'A Client A Automation' of test object 'Object Repository/Specific Cases Repository/LS/Inquiry Profile/Inquiry Profile/Page_Inquiry Profile/div_A Client A Automation' are NOT matched.&#xa;	at com.kms.katalon.core.webui.keyword.internal.WebUIKeywordMain.stepFailed(WebUIKeywordMain.groovy:117)&#xa;	at com.kms.katalon.core.webui.keyword.builtin.VerifyElementTextKeyword$_verifyElementText_closure1.doCall(VerifyElementTextKeyword.groovy:57)&#xa;	at com.kms.katalon.core.webui.keyword.builtin.VerifyElementTextKeyword$_verifyElementText_closure1.call(VerifyElementTextKeyword.groovy)&#xa;	at com.kms.katalon.core.webui.keyword.internal.WebUIKeywordMain.runKeyword(WebUIKeywordMain.groovy:35)&#xa;	... 20 more&#xa;"/>
         <system-out><![CDATA[28-01-2025T17:57:47 - [TEST_CASE][FAILED] - Test Cases/Specific Cases/LS/Inquiry Profile/Inquiry Profile: Test Cases/Specific Cases/LS/Inquiry Profile/Inquiry Profile FAILED.
Reason:
com.kms.katalon.core.exception.StepFailedException: Verify element text of test object 'Object Repository/Specific Cases Repository/LS/Inquiry Profile/Inquiry Profile/Page_Inquiry Profile/div_A Client A Automation' FAILED.
	at com.kms.katalon.core.webui.keyword.internal.WebUIKeywordMain.stepFailed(WebUIKeywordMain.groovy:117)
	at com.kms.katalon.core.webui.keyword.internal.WebUIKeywordMain.runKeyword(WebUIKeywordMain.groovy:43)
	at com.kms.katalon.core.webui.keyword.builtin.VerifyElementTextKeyword.verifyElementText(VerifyElementTextKeyword.groovy:72)
	at com.kms.katalon.core.webui.keyword.builtin.VerifyElementTextKeyword.execute(VerifyElementTextKeyword.groovy:40)
	at com.kms.katalon.core.keyword.internal.KeywordExecutor.executeKeywordForPlatform(KeywordExecutor.groovy:74)
	at com.kms.katalon.core.webui.keyword.WebUiBuiltInKeywords.verifyElementText(WebUiBuiltInKeywords.groovy:4835)
	at Inquiry Profile.run(Inquiry Profile:28)
	at com.kms.katalon.core.main.ScriptEngine.run(ScriptEngine.java:194)
	at com.kms.katalon.core.main.ScriptEngine.runScriptAsRawText(ScriptEngine.java:119)
	at com.kms.katalon.core.main.TestCaseExecutor.runScript(TestCaseExecutor.java:448)
	at com.kms.katalon.core.main.TestCaseExecutor.doExecute(TestCaseExecutor.java:439)
	at com.kms.katalon.core.main.TestCaseExecutor.processExecutionPhase(TestCaseExecutor.java:418)
	at com.kms.katalon.core.main.TestCaseExecutor.accessMainPhase(TestCaseExecutor.java:410)
	at com.kms.katalon.core.main.TestCaseExecutor.execute(TestCaseExecutor.java:285)
	at com.kms.katalon.core.common.CommonExecutor.accessTestCaseMainPhase(CommonExecutor.java:65)
	at com.kms.katalon.core.main.TestSuiteExecutor.accessTestSuiteMainPhase(TestSuiteExecutor.java:150)
	at com.kms.katalon.core.main.TestSuiteExecutor.execute(TestSuiteExecutor.java:106)
	at com.kms.katalon.core.main.TestCaseMain.startTestSuite(TestCaseMain.java:180)
	at TempTestSuite1738104962369.run(TempTestSuite1738104962369.groovy:35)
	at java.base/jdk.internal.reflect.NativeMethodAccessorImpl.invoke0(Native Method)
	at java.base/jdk.internal.reflect.NativeMethodAccessorImpl.invoke(NativeMethodAccessorImpl.java:77)
	at java.base/jdk.internal.reflect.DelegatingMethodAccessorImpl.invoke(DelegatingMethodAccessorImpl.java:43)
Caused by: com.kms.katalon.core.exception.StepFailedException: Actual text 'C Client C Automation' and expected text 'A Client A Automation' of test object 'Object Repository/Specific Cases Repository/LS/Inquiry Profile/Inquiry Profile/Page_Inquiry Profile/div_A Client A Automation' are NOT matched.
	at com.kms.katalon.core.webui.keyword.internal.WebUIKeywordMain.stepFailed(WebUIKeywordMain.groovy:117)
	at com.kms.katalon.core.webui.keyword.builtin.VerifyElementTextKeyword$_verifyElementText_closure1.doCall(VerifyElementTextKeyword.groovy:57)
	at com.kms.katalon.core.webui.keyword.builtin.VerifyElementTextKeyword$_verifyElementText_closure1.call(VerifyElementTextKeyword.groovy)
	at com.kms.katalon.core.webui.keyword.internal.WebUIKeywordMain.runKeyword(WebUIKeywordMain.groovy:35)
	... 20 more


28-01-2025T17:57:47 - [TEST_STEP][PASSED] - callTestCase(findTestCase("Common Cases/Login"), [:], STOP_ON_FAILURE): Call Test Case 'Test Cases/Common Cases/Login' successfully

28-01-2025T17:57:47 - [TEST_CASE][PASSED] - Test Cases/Common Cases/Login: Test Cases/Common Cases/Login

28-01-2025T17:57:47 - [TEST_STEP][PASSED] - openBrowser(""): Browser is opened with url: ''

28-01-2025T17:57:47 - [MESSAGE][INFO] - Starting 'Chrome' driver

28-01-2025T17:57:47 - [MESSAGE][INFO] - Action delay is set to 0 milliseconds

28-01-2025T17:57:48 - [MESSAGE][PASSED] - Browser is opened with url: ''

28-01-2025T17:57:48 - [TEST_STEP][PASSED] - maximizeWindow(): Current window maximized

28-01-2025T17:57:48 - [MESSAGE][PASSED] - Current window maximized

28-01-2025T17:57:48 - [TEST_STEP][PASSED] - navigateToUrl("https://site17.lsapp.cloud/auth/login"): Navigate to 'https://site17.lsapp.cloud/auth/login' successfully

28-01-2025T17:57:54 - [MESSAGE][PASSED] - Navigate to 'https://site17.lsapp.cloud/auth/login' successfully

28-01-2025T17:57:54 - [TEST_STEP][PASSED] - setText(findTestObject("Object Repository/Common Cases Repository/Login/Page_Lightning Step/input_Email_email"), "automation@lightningstep.com"): Text 'automation@lightningstep.com' is set on object 'Object Repository/Common Cases Repository/Login/Page_Lightning Step/input_Email_email'

28-01-2025T17:57:55 - [MESSAGE][PASSED] - Text 'automation@lightningstep.com' is set on object 'Object Repository/Common Cases Repository/Login/Page_Lightning Step/input_Email_email'

28-01-2025T17:57:55 - [TEST_STEP][PASSED] - setEncryptedText(findTestObject("Object Repository/Common Cases Repository/Login/Page_Lightning Step/input_Password_password"), "e5N8VHmnhJDITtQaQhDQDw=="): Text ****** has been set on object 'Object Repository/Common Cases Repository/Login/Page_Lightning Step/input_Password_password'

28-01-2025T17:57:56 - [MESSAGE][PASSED] - Text ****** has been set on object 'Object Repository/Common Cases Repository/Login/Page_Lightning Step/input_Password_password'

28-01-2025T17:57:56 - [TEST_STEP][PASSED] - click(findTestObject("Object Repository/Common Cases Repository/Login/Page_Lightning Step/button_Sign in")): Object: 'Object Repository/Common Cases Repository/Login/Page_Lightning Step/button_Sign in' is clicked on

28-01-2025T17:58:07 - [MESSAGE][PASSED] - Object: 'Object Repository/Common Cases Repository/Login/Page_Lightning Step/button_Sign in' is clicked on

28-01-2025T17:58:07 - [MESSAGE][PASSED] - Call Test Case 'Test Cases/Common Cases/Login' successfully

28-01-2025T17:58:07 - [TEST_STEP][PASSED] - click(findTestObject("Object Repository/Specific Cases Repository/LS/Inquiry Profile/Inquiry Profile/Page_Home/a_Census")): Object: 'Object Repository/Specific Cases Repository/LS/Inquiry Profile/Inquiry Profile/Page_Home/a_Census' is clicked on

28-01-2025T17:58:11 - [MESSAGE][PASSED] - Object: 'Object Repository/Specific Cases Repository/LS/Inquiry Profile/Inquiry Profile/Page_Home/a_Census' is clicked on

28-01-2025T17:58:11 - [TEST_STEP][PASSED] - click(findTestObject("Object Repository/Specific Cases Repository/LS/Inquiry Profile/Inquiry Profile/Page_Home/a_A Automation, A Client")): Object: 'Object Repository/Specific Cases Repository/LS/Inquiry Profile/Inquiry Profile/Page_Home/a_A Automation, A Client' is clicked on

28-01-2025T17:58:42 - [MESSAGE][INFO] - Unable to find the element located by 'By.xpath: //a[normalize-space()='A Automation, A Client']'. Please recheck the objects properties to make sure the desired element is located. 

28-01-2025T17:58:42 - [MESSAGE][WARNING] - [SELF-HEALING] Failed to find element with id 'Object Repository/Specific Cases Repository/LS/Inquiry Profile/Inquiry Profile/Page_Home/a_A Automation, A Client'. Try using Self-healing.

28-01-2025T17:58:42 - [MESSAGE][WARNING] - [SELF-HEALING] The current locator of test object 'Object Repository/Specific Cases Repository/LS/Inquiry Profile/Inquiry Profile/Page_Home/a_A Automation, A Client' was broken. Propose an alternative one: '//table[@id='tblclients']/tbody/tr/td/a'.

28-01-2025T17:58:49 - [MESSAGE][PASSED] - Object: 'Object Repository/Specific Cases Repository/LS/Inquiry Profile/Inquiry Profile/Page_Home/a_A Automation, A Client' is clicked on

28-01-2025T17:58:49 - [TEST_STEP][PASSED] - click(findTestObject("Object Repository/Specific Cases Repository/LS/Inquiry Profile/Inquiry Profile/Page_Client Profile/div_Inquiry Profile")): Object: 'Object Repository/Specific Cases Repository/LS/Inquiry Profile/Inquiry Profile/Page_Client Profile/div_Inquiry Profile' is clicked on

28-01-2025T17:58:54 - [MESSAGE][PASSED] - Object: 'Object Repository/Specific Cases Repository/LS/Inquiry Profile/Inquiry Profile/Page_Client Profile/div_Inquiry Profile' is clicked on

28-01-2025T17:58:54 - [TEST_STEP][FAILED] - verifyElementText(findTestObject("Object Repository/Specific Cases Repository/LS/Inquiry Profile/Inquiry Profile/Page_Inquiry Profile/div_A Client A Automation"), "A Client A Automation"): Verify element text of test object 'Object Repository/Specific Cases Repository/LS/Inquiry Profile/Inquiry Profile/Page_Inquiry Profile/div_A Client A Automation' FAILED. (Root cause: com.kms.katalon.core.exception.StepFailedException: Verify element text of test object 'Object Repository/Specific Cases Repository/LS/Inquiry Profile/Inquiry Profile/Page_Inquiry Profile/div_A Client A Automation' FAILED.
	at com.kms.katalon.core.webui.keyword.internal.WebUIKeywordMain.stepFailed(WebUIKeywordMain.groovy:117)
	at com.kms.katalon.core.webui.keyword.internal.WebUIKeywordMain.runKeyword(WebUIKeywordMain.groovy:43)
	at com.kms.katalon.core.webui.keyword.builtin.VerifyElementTextKeyword.verifyElementText(VerifyElementTextKeyword.groovy:72)
	at com.kms.katalon.core.webui.keyword.builtin.VerifyElementTextKeyword.execute(VerifyElementTextKeyword.groovy:40)
	at com.kms.katalon.core.keyword.internal.KeywordExecutor.executeKeywordForPlatform(KeywordExecutor.groovy:74)
	at com.kms.katalon.core.webui.keyword.WebUiBuiltInKeywords.verifyElementText(WebUiBuiltInKeywords.groovy:4835)
	at Inquiry Profile.run(Inquiry Profile:28)
	at com.kms.katalon.core.main.ScriptEngine.run(ScriptEngine.java:194)
	at com.kms.katalon.core.main.ScriptEngine.runScriptAsRawText(ScriptEngine.java:119)
	at com.kms.katalon.core.main.TestCaseExecutor.runScript(TestCaseExecutor.java:448)
	at com.kms.katalon.core.main.TestCaseExecutor.doExecute(TestCaseExecutor.java:439)
	at com.kms.katalon.core.main.TestCaseExecutor.processExecutionPhase(TestCaseExecutor.java:418)
	at com.kms.katalon.core.main.TestCaseExecutor.accessMainPhase(TestCaseExecutor.java:410)
	at com.kms.katalon.core.main.TestCaseExecutor.execute(TestCaseExecutor.java:285)
	at com.kms.katalon.core.common.CommonExecutor.accessTestCaseMainPhase(CommonExecutor.java:65)
	at com.kms.katalon.core.main.TestSuiteExecutor.accessTestSuiteMainPhase(TestSuiteExecutor.java:150)
	at com.kms.katalon.core.main.TestSuiteExecutor.execute(TestSuiteExecutor.java:106)
	at com.kms.katalon.core.main.TestCaseMain.startTestSuite(TestCaseMain.java:180)
	at TempTestSuite1738104962369.run(TempTestSuite1738104962369.groovy:35)
	at java.base/jdk.internal.reflect.NativeMethodAccessorImpl.invoke0(Native Method)
	at java.base/jdk.internal.reflect.NativeMethodAccessorImpl.invoke(NativeMethodAccessorImpl.java:77)
	at java.base/jdk.internal.reflect.DelegatingMethodAccessorImpl.invoke(DelegatingMethodAccessorImpl.java:43)
Caused by: com.kms.katalon.core.exception.StepFailedException: Actual text 'C Client C Automation' and expected text 'A Client A Automation' of test object 'Object Repository/Specific Cases Repository/LS/Inquiry Profile/Inquiry Profile/Page_Inquiry Profile/div_A Client A Automation' are NOT matched.
	at com.kms.katalon.core.webui.keyword.internal.WebUIKeywordMain.stepFailed(WebUIKeywordMain.groovy:117)
	at com.kms.katalon.core.webui.keyword.builtin.VerifyElementTextKeyword$_verifyElementText_closure1.doCall(VerifyElementTextKeyword.groovy:57)
	at com.kms.katalon.core.webui.keyword.builtin.VerifyElementTextKeyword$_verifyElementText_closure1.call(VerifyElementTextKeyword.groovy)
	at com.kms.katalon.core.webui.keyword.internal.WebUIKeywordMain.runKeyword(WebUIKeywordMain.groovy:35)
	... 20 more
)

28-01-2025T17:58:55 - [MESSAGE][FAILED] - Actual text 'C Client C Automation' and expected text 'A Client A Automation' of test object 'Object Repository/Specific Cases Repository/LS/Inquiry Profile/Inquiry Profile/Page_Inquiry Profile/div_A Client A Automation' are NOT matched. (Root cause: com.kms.katalon.core.exception.StepFailedException: Actual text 'C Client C Automation' and expected text 'A Client A Automation' of test object 'Object Repository/Specific Cases Repository/LS/Inquiry Profile/Inquiry Profile/Page_Inquiry Profile/div_A Client A Automation' are NOT matched.
	at com.kms.katalon.core.webui.keyword.internal.WebUIKeywordMain.stepFailed(WebUIKeywordMain.groovy:117)
	at com.kms.katalon.core.webui.keyword.builtin.VerifyElementTextKeyword$_verifyElementText_closure1.doCall(VerifyElementTextKeyword.groovy:57)
	at com.kms.katalon.core.webui.keyword.builtin.VerifyElementTextKeyword$_verifyElementText_closure1.call(VerifyElementTextKeyword.groovy)
	at com.kms.katalon.core.webui.keyword.internal.WebUIKeywordMain.runKeyword(WebUIKeywordMain.groovy:35)
	at com.kms.katalon.core.webui.keyword.builtin.VerifyElementTextKeyword.verifyElementText(VerifyElementTextKeyword.groovy:72)
	at com.kms.katalon.core.webui.keyword.builtin.VerifyElementTextKeyword.execute(VerifyElementTextKeyword.groovy:40)
	at com.kms.katalon.core.keyword.internal.KeywordExecutor.executeKeywordForPlatform(KeywordExecutor.groovy:74)
	at com.kms.katalon.core.webui.keyword.WebUiBuiltInKeywords.verifyElementText(WebUiBuiltInKeywords.groovy:4835)
	at Inquiry Profile.run(Inquiry Profile:28)
	at com.kms.katalon.core.main.ScriptEngine.run(ScriptEngine.java:194)
	at com.kms.katalon.core.main.ScriptEngine.runScriptAsRawText(ScriptEngine.java:119)
	at com.kms.katalon.core.main.TestCaseExecutor.runScript(TestCaseExecutor.java:448)
	at com.kms.katalon.core.main.TestCaseExecutor.doExecute(TestCaseExecutor.java:439)
	at com.kms.katalon.core.main.TestCaseExecutor.processExecutionPhase(TestCaseExecutor.java:418)
	at com.kms.katalon.core.main.TestCaseExecutor.accessMainPhase(TestCaseExecutor.java:410)
	at com.kms.katalon.core.main.TestCaseExecutor.execute(TestCaseExecutor.java:285)
	at com.kms.katalon.core.common.CommonExecutor.accessTestCaseMainPhase(CommonExecutor.java:65)
	at com.kms.katalon.core.main.TestSuiteExecutor.accessTestSuiteMainPhase(TestSuiteExecutor.java:150)
	at com.kms.katalon.core.main.TestSuiteExecutor.execute(TestSuiteExecutor.java:106)
	at com.kms.katalon.core.main.TestCaseMain.startTestSuite(TestCaseMain.java:180)
	at TempTestSuite1738104962369.run(TempTestSuite1738104962369.groovy:35)
	at java.base/jdk.internal.reflect.NativeMethodAccessorImpl.invoke0(Native Method)
	at java.base/jdk.internal.reflect.NativeMethodAccessorImpl.invoke(NativeMethodAccessorImpl.java:77)
	at java.base/jdk.internal.reflect.DelegatingMethodAccessorImpl.invoke(DelegatingMethodAccessorImpl.java:43)
)
[[ATTACHMENT|C:\\Users\\Enrique\\git\\AUTOMATION_LS\\Reports\\20250128_175555\\LS\\Inquiry Profile\\Inquiry Profile\\20250128_175602\\1738105135276.png]]

28-01-2025T17:58:55 - [MESSAGE][FAILED] - Verify element text of test object 'Object Repository/Specific Cases Repository/LS/Inquiry Profile/Inquiry Profile/Page_Inquiry Profile/div_A Client A Automation' FAILED. (Root cause: com.kms.katalon.core.exception.StepFailedException: Verify element text of test object 'Object Repository/Specific Cases Repository/LS/Inquiry Profile/Inquiry Profile/Page_Inquiry Profile/div_A Client A Automation' FAILED.
	at com.kms.katalon.core.webui.keyword.internal.WebUIKeywordMain.stepFailed(WebUIKeywordMain.groovy:117)
	at com.kms.katalon.core.webui.keyword.internal.WebUIKeywordMain.runKeyword(WebUIKeywordMain.groovy:43)
	at com.kms.katalon.core.webui.keyword.builtin.VerifyElementTextKeyword.verifyElementText(VerifyElementTextKeyword.groovy:72)
	at com.kms.katalon.core.webui.keyword.builtin.VerifyElementTextKeyword.execute(VerifyElementTextKeyword.groovy:40)
	at com.kms.katalon.core.keyword.internal.KeywordExecutor.executeKeywordForPlatform(KeywordExecutor.groovy:74)
	at com.kms.katalon.core.webui.keyword.WebUiBuiltInKeywords.verifyElementText(WebUiBuiltInKeywords.groovy:4835)
	at Inquiry Profile.run(Inquiry Profile:28)
	at com.kms.katalon.core.main.ScriptEngine.run(ScriptEngine.java:194)
	at com.kms.katalon.core.main.ScriptEngine.runScriptAsRawText(ScriptEngine.java:119)
	at com.kms.katalon.core.main.TestCaseExecutor.runScript(TestCaseExecutor.java:448)
	at com.kms.katalon.core.main.TestCaseExecutor.doExecute(TestCaseExecutor.java:439)
	at com.kms.katalon.core.main.TestCaseExecutor.processExecutionPhase(TestCaseExecutor.java:418)
	at com.kms.katalon.core.main.TestCaseExecutor.accessMainPhase(TestCaseExecutor.java:410)
	at com.kms.katalon.core.main.TestCaseExecutor.execute(TestCaseExecutor.java:285)
	at com.kms.katalon.core.common.CommonExecutor.accessTestCaseMainPhase(CommonExecutor.java:65)
	at com.kms.katalon.core.main.TestSuiteExecutor.accessTestSuiteMainPhase(TestSuiteExecutor.java:150)
	at com.kms.katalon.core.main.TestSuiteExecutor.execute(TestSuiteExecutor.java:106)
	at com.kms.katalon.core.main.TestCaseMain.startTestSuite(TestCaseMain.java:180)
	at TempTestSuite1738104962369.run(TempTestSuite1738104962369.groovy:35)
	at java.base/jdk.internal.reflect.NativeMethodAccessorImpl.invoke0(Native Method)
	at java.base/jdk.internal.reflect.NativeMethodAccessorImpl.invoke(NativeMethodAccessorImpl.java:77)
	at java.base/jdk.internal.reflect.DelegatingMethodAccessorImpl.invoke(DelegatingMethodAccessorImpl.java:43)
Caused by: com.kms.katalon.core.exception.StepFailedException: Actual text 'C Client C Automation' and expected text 'A Client A Automation' of test object 'Object Repository/Specific Cases Repository/LS/Inquiry Profile/Inquiry Profile/Page_Inquiry Profile/div_A Client A Automation' are NOT matched.
	at com.kms.katalon.core.webui.keyword.internal.WebUIKeywordMain.stepFailed(WebUIKeywordMain.groovy:117)
	at com.kms.katalon.core.webui.keyword.builtin.VerifyElementTextKeyword$_verifyElementText_closure1.doCall(VerifyElementTextKeyword.groovy:57)
	at com.kms.katalon.core.webui.keyword.builtin.VerifyElementTextKeyword$_verifyElementText_closure1.call(VerifyElementTextKeyword.groovy)
	at com.kms.katalon.core.webui.keyword.internal.WebUIKeywordMain.runKeyword(WebUIKeywordMain.groovy:35)
	... 20 more
)
[[ATTACHMENT|C:\\Users\\Enrique\\git\\AUTOMATION_LS\\Reports\\20250128_175555\\LS\\Inquiry Profile\\Inquiry Profile\\20250128_175602\\1738105135557.png]]]]></system-out>
         <system-err><![CDATA[28-01-2025T17:57:47 - [TEST_CASE][FAILED] - Test Cases/Specific Cases/LS/Inquiry Profile/Inquiry Profile: Test Cases/Specific Cases/LS/Inquiry Profile/Inquiry Profile FAILED.
Reason:
com.kms.katalon.core.exception.StepFailedException: Verify element text of test object 'Object Repository/Specific Cases Repository/LS/Inquiry Profile/Inquiry Profile/Page_Inquiry Profile/div_A Client A Automation' FAILED.
	at com.kms.katalon.core.webui.keyword.internal.WebUIKeywordMain.stepFailed(WebUIKeywordMain.groovy:117)
	at com.kms.katalon.core.webui.keyword.internal.WebUIKeywordMain.runKeyword(WebUIKeywordMain.groovy:43)
	at com.kms.katalon.core.webui.keyword.builtin.VerifyElementTextKeyword.verifyElementText(VerifyElementTextKeyword.groovy:72)
	at com.kms.katalon.core.webui.keyword.builtin.VerifyElementTextKeyword.execute(VerifyElementTextKeyword.groovy:40)
	at com.kms.katalon.core.keyword.internal.KeywordExecutor.executeKeywordForPlatform(KeywordExecutor.groovy:74)
	at com.kms.katalon.core.webui.keyword.WebUiBuiltInKeywords.verifyElementText(WebUiBuiltInKeywords.groovy:4835)
	at Inquiry Profile.run(Inquiry Profile:28)
	at com.kms.katalon.core.main.ScriptEngine.run(ScriptEngine.java:194)
	at com.kms.katalon.core.main.ScriptEngine.runScriptAsRawText(ScriptEngine.java:119)
	at com.kms.katalon.core.main.TestCaseExecutor.runScript(TestCaseExecutor.java:448)
	at com.kms.katalon.core.main.TestCaseExecutor.doExecute(TestCaseExecutor.java:439)
	at com.kms.katalon.core.main.TestCaseExecutor.processExecutionPhase(TestCaseExecutor.java:418)
	at com.kms.katalon.core.main.TestCaseExecutor.accessMainPhase(TestCaseExecutor.java:410)
	at com.kms.katalon.core.main.TestCaseExecutor.execute(TestCaseExecutor.java:285)
	at com.kms.katalon.core.common.CommonExecutor.accessTestCaseMainPhase(CommonExecutor.java:65)
	at com.kms.katalon.core.main.TestSuiteExecutor.accessTestSuiteMainPhase(TestSuiteExecutor.java:150)
	at com.kms.katalon.core.main.TestSuiteExecutor.execute(TestSuiteExecutor.java:106)
	at com.kms.katalon.core.main.TestCaseMain.startTestSuite(TestCaseMain.java:180)
	at TempTestSuite1738104962369.run(TempTestSuite1738104962369.groovy:35)
	at java.base/jdk.internal.reflect.NativeMethodAccessorImpl.invoke0(Native Method)
	at java.base/jdk.internal.reflect.NativeMethodAccessorImpl.invoke(NativeMethodAccessorImpl.java:77)
	at java.base/jdk.internal.reflect.DelegatingMethodAccessorImpl.invoke(DelegatingMethodAccessorImpl.java:43)
Caused by: com.kms.katalon.core.exception.StepFailedException: Actual text 'C Client C Automation' and expected text 'A Client A Automation' of test object 'Object Repository/Specific Cases Repository/LS/Inquiry Profile/Inquiry Profile/Page_Inquiry Profile/div_A Client A Automation' are NOT matched.
	at com.kms.katalon.core.webui.keyword.internal.WebUIKeywordMain.stepFailed(WebUIKeywordMain.groovy:117)
	at com.kms.katalon.core.webui.keyword.builtin.VerifyElementTextKeyword$_verifyElementText_closure1.doCall(VerifyElementTextKeyword.groovy:57)
	at com.kms.katalon.core.webui.keyword.builtin.VerifyElementTextKeyword$_verifyElementText_closure1.call(VerifyElementTextKeyword.groovy)
	at com.kms.katalon.core.webui.keyword.internal.WebUIKeywordMain.runKeyword(WebUIKeywordMain.groovy:35)
	... 20 more]]></system-err>
      </testcase>
      <testcase name="Test Cases/Specific Cases/LS/Inquiry Profile/Referral Source" time="51.628" classname="Test Cases/Specific Cases/LS/Inquiry Profile/Referral Source" status="PASSED">
         <system-out><![CDATA[28-01-2025T17:58:55 - [TEST_CASE][PASSED] - Test Cases/Specific Cases/LS/Inquiry Profile/Referral Source: Test Cases/Specific Cases/LS/Inquiry Profile/Referral Source

28-01-2025T17:58:55 - [TEST_STEP][PASSED] - callTestCase(findTestCase("Common Cases/Login"), [:], STOP_ON_FAILURE): Call Test Case 'Test Cases/Common Cases/Login' successfully

28-01-2025T17:58:56 - [TEST_CASE][PASSED] - Test Cases/Common Cases/Login: Test Cases/Common Cases/Login

28-01-2025T17:58:56 - [TEST_STEP][PASSED] - openBrowser(""): Browser is opened with url: ''

28-01-2025T17:58:56 - [MESSAGE][WARNING] - A browser is already opened. Closing browser and opening a new one

28-01-2025T17:58:56 - [MESSAGE][INFO] - Starting 'Chrome' driver

28-01-2025T17:58:56 - [MESSAGE][INFO] - Action delay is set to 0 milliseconds

28-01-2025T17:58:56 - [MESSAGE][PASSED] - Browser is opened with url: ''

28-01-2025T17:58:56 - [TEST_STEP][PASSED] - maximizeWindow(): Current window maximized

28-01-2025T17:58:56 - [MESSAGE][PASSED] - Current window maximized

28-01-2025T17:58:56 - [TEST_STEP][PASSED] - navigateToUrl("https://site17.lsapp.cloud/auth/login"): Navigate to 'https://site17.lsapp.cloud/auth/login' successfully

28-01-2025T17:58:57 - [MESSAGE][PASSED] - Navigate to 'https://site17.lsapp.cloud/auth/login' successfully

28-01-2025T17:58:57 - [TEST_STEP][PASSED] - setText(findTestObject("Object Repository/Common Cases Repository/Login/Page_Lightning Step/input_Email_email"), "automation@lightningstep.com"): Text 'automation@lightningstep.com' is set on object 'Object Repository/Common Cases Repository/Login/Page_Lightning Step/input_Email_email'

28-01-2025T17:59:02 - [MESSAGE][PASSED] - Text 'automation@lightningstep.com' is set on object 'Object Repository/Common Cases Repository/Login/Page_Lightning Step/input_Email_email'

28-01-2025T17:59:02 - [TEST_STEP][PASSED] - setEncryptedText(findTestObject("Object Repository/Common Cases Repository/Login/Page_Lightning Step/input_Password_password"), "e5N8VHmnhJDITtQaQhDQDw=="): Text ****** has been set on object 'Object Repository/Common Cases Repository/Login/Page_Lightning Step/input_Password_password'

28-01-2025T17:59:02 - [MESSAGE][PASSED] - Text ****** has been set on object 'Object Repository/Common Cases Repository/Login/Page_Lightning Step/input_Password_password'

28-01-2025T17:59:02 - [TEST_STEP][PASSED] - click(findTestObject("Object Repository/Common Cases Repository/Login/Page_Lightning Step/button_Sign in")): Object: 'Object Repository/Common Cases Repository/Login/Page_Lightning Step/button_Sign in' is clicked on

28-01-2025T17:59:07 - [MESSAGE][PASSED] - Object: 'Object Repository/Common Cases Repository/Login/Page_Lightning Step/button_Sign in' is clicked on

28-01-2025T17:59:07 - [MESSAGE][PASSED] - Call Test Case 'Test Cases/Common Cases/Login' successfully

28-01-2025T17:59:07 - [TEST_STEP][PASSED] - navigateToUrl("https://site17.lsapp.cloud/inquiry/show/1672"): Navigate to 'https://site17.lsapp.cloud/inquiry/show/1672' successfully

28-01-2025T17:59:14 - [MESSAGE][PASSED] - Navigate to 'https://site17.lsapp.cloud/inquiry/show/1672' successfully

28-01-2025T17:59:14 - [TEST_STEP][PASSED] - click(findTestObject("Object Repository/Specific Cases Repository/LS/Inquiry Profile/Referral Source/Page_Inquiry Profile/a_Referral Source")): Object: 'Object Repository/Specific Cases Repository/LS/Inquiry Profile/Referral Source/Page_Inquiry Profile/a_Referral Source' is clicked on

28-01-2025T17:59:15 - [MESSAGE][PASSED] - Object: 'Object Repository/Specific Cases Repository/LS/Inquiry Profile/Referral Source/Page_Inquiry Profile/a_Referral Source' is clicked on

28-01-2025T17:59:15 - [TEST_STEP][PASSED] - click(findTestObject("Object Repository/Specific Cases Repository/LS/Inquiry Profile/Referral Source/Page_Inquiry Profile/i_add")): Object: 'Object Repository/Specific Cases Repository/LS/Inquiry Profile/Referral Source/Page_Inquiry Profile/i_add' is clicked on

28-01-2025T17:59:20 - [MESSAGE][PASSED] - Object: 'Object Repository/Specific Cases Repository/LS/Inquiry Profile/Referral Source/Page_Inquiry Profile/i_add' is clicked on

28-01-2025T17:59:20 - [TEST_STEP][PASSED] - navigateToUrl("https://site17.lsapp.cloud/refsrc/create/1672"): Navigate to 'https://site17.lsapp.cloud/refsrc/create/1672' successfully

28-01-2025T17:59:22 - [MESSAGE][PASSED] - Navigate to 'https://site17.lsapp.cloud/refsrc/create/1672' successfully

28-01-2025T17:59:22 - [TEST_STEP][PASSED] - setText(findTestObject("Object Repository/Specific Cases Repository/LS/Inquiry Profile/Referral Source/Page_Referral Source/input_Search for Referral Source_search"), "a"): Text 'a' is set on object 'Object Repository/Specific Cases Repository/LS/Inquiry Profile/Referral Source/Page_Referral Source/input_Search for Referral Source_search'

28-01-2025T17:59:23 - [MESSAGE][PASSED] - Text 'a' is set on object 'Object Repository/Specific Cases Repository/LS/Inquiry Profile/Referral Source/Page_Referral Source/input_Search for Referral Source_search'

28-01-2025T17:59:23 - [TEST_STEP][PASSED] - click(findTestObject("Object Repository/Specific Cases Repository/LS/Inquiry Profile/Referral Source/Page_Referral Source/i_Search")): Object: 'Object Repository/Specific Cases Repository/LS/Inquiry Profile/Referral Source/Page_Referral Source/i_Search' is clicked on

28-01-2025T17:59:23 - [MESSAGE][PASSED] - Object: 'Object Repository/Specific Cases Repository/LS/Inquiry Profile/Referral Source/Page_Referral Source/i_Search' is clicked on

28-01-2025T17:59:23 - [TEST_STEP][PASSED] - click(findTestObject("Object Repository/Specific Cases Repository/LS/Inquiry Profile/Referral Source/Page_Referral Source/i_Georgetown Behavioral Health_fa fa-arrow-down")): Object: 'Object Repository/Specific Cases Repository/LS/Inquiry Profile/Referral Source/Page_Referral Source/i_Georgetown Behavioral Health_fa fa-arrow-down' is clicked on

28-01-2025T17:59:24 - [MESSAGE][PASSED] - Object: 'Object Repository/Specific Cases Repository/LS/Inquiry Profile/Referral Source/Page_Referral Source/i_Georgetown Behavioral Health_fa fa-arrow-down' is clicked on

28-01-2025T17:59:24 - [TEST_STEP][PASSED] - verifyElementText(findTestObject("Object Repository/Specific Cases Repository/LS/Inquiry Profile/Referral Source/Page_Referral Source/label_First Name"), "First Name"): Actual text and expected text of test object 'Object Repository/Specific Cases Repository/LS/Inquiry Profile/Referral Source/Page_Referral Source/label_First Name' are matched.

28-01-2025T17:59:25 - [MESSAGE][PASSED] - Actual text and expected text of test object 'Object Repository/Specific Cases Repository/LS/Inquiry Profile/Referral Source/Page_Referral Source/label_First Name' are matched.

28-01-2025T17:59:25 - [TEST_STEP][PASSED] - verifyElementText(findTestObject("Object Repository/Specific Cases Repository/LS/Inquiry Profile/Referral Source/Page_Referral Source/label_Last Name"), "Last Name"): Actual text and expected text of test object 'Object Repository/Specific Cases Repository/LS/Inquiry Profile/Referral Source/Page_Referral Source/label_Last Name' are matched.

28-01-2025T17:59:26 - [MESSAGE][PASSED] - Actual text and expected text of test object 'Object Repository/Specific Cases Repository/LS/Inquiry Profile/Referral Source/Page_Referral Source/label_Last Name' are matched.

28-01-2025T17:59:26 - [TEST_STEP][PASSED] - verifyElementPresent(findTestObject("Object Repository/Specific Cases Repository/LS/Inquiry Profile/Referral Source/Page_Referral Source/label_Relation to Client"), 0): Object 'Object Repository/Specific Cases Repository/LS/Inquiry Profile/Referral Source/Page_Referral Source/label_Relation to Client' is present

28-01-2025T17:59:26 - [MESSAGE][WARNING] - Timeout '0' is invalid. Using default page load timeout: '30'

28-01-2025T17:59:26 - [MESSAGE][PASSED] - Object 'Object Repository/Specific Cases Repository/LS/Inquiry Profile/Referral Source/Page_Referral Source/label_Relation to Client' is present

28-01-2025T17:59:26 - [TEST_STEP][PASSED] - verifyElementText(findTestObject("Object Repository/Specific Cases Repository/LS/Inquiry Profile/Referral Source/Page_Referral Source/label_Use as Emergency Contact"), "Use as Emergency Contact"): Actual text and expected text of test object 'Object Repository/Specific Cases Repository/LS/Inquiry Profile/Referral Source/Page_Referral Source/label_Use as Emergency Contact' are matched.

28-01-2025T17:59:26 - [MESSAGE][PASSED] - Actual text and expected text of test object 'Object Repository/Specific Cases Repository/LS/Inquiry Profile/Referral Source/Page_Referral Source/label_Use as Emergency Contact' are matched.

28-01-2025T17:59:26 - [TEST_STEP][PASSED] - verifyElementText(findTestObject("Object Repository/Specific Cases Repository/LS/Inquiry Profile/Referral Source/Page_Referral Source/label_Organization"), "Organization"): Actual text and expected text of test object 'Object Repository/Specific Cases Repository/LS/Inquiry Profile/Referral Source/Page_Referral Source/label_Organization' are matched.

28-01-2025T17:59:26 - [MESSAGE][PASSED] - Actual text and expected text of test object 'Object Repository/Specific Cases Repository/LS/Inquiry Profile/Referral Source/Page_Referral Source/label_Organization' are matched.

28-01-2025T17:59:26 - [TEST_STEP][PASSED] - verifyElementText(findTestObject("Object Repository/Specific Cases Repository/LS/Inquiry Profile/Referral Source/Page_Referral Source/label_WorkDirect Phone"), "Work/Direct Phone:"): Actual text and expected text of test object 'Object Repository/Specific Cases Repository/LS/Inquiry Profile/Referral Source/Page_Referral Source/label_WorkDirect Phone' are matched.

28-01-2025T17:59:27 - [MESSAGE][PASSED] - Actual text and expected text of test object 'Object Repository/Specific Cases Repository/LS/Inquiry Profile/Referral Source/Page_Referral Source/label_WorkDirect Phone' are matched.

28-01-2025T17:59:27 - [TEST_STEP][PASSED] - verifyElementText(findTestObject("Object Repository/Specific Cases Repository/LS/Inquiry Profile/Referral Source/Page_Referral Source/label_Office Phone"), "Office Phone:"): Actual text and expected text of test object 'Object Repository/Specific Cases Repository/LS/Inquiry Profile/Referral Source/Page_Referral Source/label_Office Phone' are matched.

28-01-2025T17:59:27 - [MESSAGE][PASSED] - Actual text and expected text of test object 'Object Repository/Specific Cases Repository/LS/Inquiry Profile/Referral Source/Page_Referral Source/label_Office Phone' are matched.

28-01-2025T17:59:27 - [TEST_STEP][PASSED] - verifyElementText(findTestObject("Object Repository/Specific Cases Repository/LS/Inquiry Profile/Referral Source/Page_Referral Source/label_Mobile Phone"), "Mobile Phone:"): Actual text and expected text of test object 'Object Repository/Specific Cases Repository/LS/Inquiry Profile/Referral Source/Page_Referral Source/label_Mobile Phone' are matched.

28-01-2025T17:59:27 - [MESSAGE][PASSED] - Actual text and expected text of test object 'Object Repository/Specific Cases Repository/LS/Inquiry Profile/Referral Source/Page_Referral Source/label_Mobile Phone' are matched.

28-01-2025T17:59:27 - [TEST_STEP][PASSED] - verifyElementText(findTestObject("Object Repository/Specific Cases Repository/LS/Inquiry Profile/Referral Source/Page_Referral Source/label_E-Mail"), "E-Mail:"): Actual text and expected text of test object 'Object Repository/Specific Cases Repository/LS/Inquiry Profile/Referral Source/Page_Referral Source/label_E-Mail' are matched.

28-01-2025T17:59:28 - [MESSAGE][PASSED] - Actual text and expected text of test object 'Object Repository/Specific Cases Repository/LS/Inquiry Profile/Referral Source/Page_Referral Source/label_E-Mail' are matched.

28-01-2025T17:59:28 - [TEST_STEP][PASSED] - verifyElementText(findTestObject("Object Repository/Specific Cases Repository/LS/Inquiry Profile/Referral Source/Page_Referral Source/label_Address"), "Address:"): Actual text and expected text of test object 'Object Repository/Specific Cases Repository/LS/Inquiry Profile/Referral Source/Page_Referral Source/label_Address' are matched.

28-01-2025T17:59:28 - [MESSAGE][PASSED] - Actual text and expected text of test object 'Object Repository/Specific Cases Repository/LS/Inquiry Profile/Referral Source/Page_Referral Source/label_Address' are matched.

28-01-2025T17:59:28 - [TEST_STEP][PASSED] - verifyElementText(findTestObject("Object Repository/Specific Cases Repository/LS/Inquiry Profile/Referral Source/Page_Referral Source/label_City"), "City:"): Actual text and expected text of test object 'Object Repository/Specific Cases Repository/LS/Inquiry Profile/Referral Source/Page_Referral Source/label_City' are matched.

28-01-2025T17:59:28 - [MESSAGE][PASSED] - Actual text and expected text of test object 'Object Repository/Specific Cases Repository/LS/Inquiry Profile/Referral Source/Page_Referral Source/label_City' are matched.

28-01-2025T17:59:28 - [TEST_STEP][PASSED] - verifyElementText(findTestObject("Object Repository/Specific Cases Repository/LS/Inquiry Profile/Referral Source/Page_Referral Source/label_State"), "State:"): Actual text and expected text of test object 'Object Repository/Specific Cases Repository/LS/Inquiry Profile/Referral Source/Page_Referral Source/label_State' are matched.

28-01-2025T17:59:28 - [MESSAGE][PASSED] - Actual text and expected text of test object 'Object Repository/Specific Cases Repository/LS/Inquiry Profile/Referral Source/Page_Referral Source/label_State' are matched.

28-01-2025T17:59:28 - [TEST_STEP][PASSED] - verifyElementText(findTestObject("Object Repository/Specific Cases Repository/LS/Inquiry Profile/Referral Source/Page_Referral Source/label_Zip"), "Zip:"): Actual text and expected text of test object 'Object Repository/Specific Cases Repository/LS/Inquiry Profile/Referral Source/Page_Referral Source/label_Zip' are matched.

28-01-2025T17:59:29 - [MESSAGE][PASSED] - Actual text and expected text of test object 'Object Repository/Specific Cases Repository/LS/Inquiry Profile/Referral Source/Page_Referral Source/label_Zip' are matched.

28-01-2025T17:59:29 - [TEST_STEP][PASSED] - verifyElementText(findTestObject("Object Repository/Specific Cases Repository/LS/Inquiry Profile/Referral Source/Page_Referral Source/label_Current Referral Source"), "Current Referral Source"): Actual text and expected text of test object 'Object Repository/Specific Cases Repository/LS/Inquiry Profile/Referral Source/Page_Referral Source/label_Current Referral Source' are matched.

28-01-2025T17:59:29 - [MESSAGE][PASSED] - Actual text and expected text of test object 'Object Repository/Specific Cases Repository/LS/Inquiry Profile/Referral Source/Page_Referral Source/label_Current Referral Source' are matched.

28-01-2025T17:59:29 - [TEST_STEP][PASSED] - verifyElementText(findTestObject("Object Repository/Specific Cases Repository/LS/Inquiry Profile/Referral Source/Page_Referral Source/label_Contact is Primary Referral Source fo_381c1e"), "Contact is Primary Referral Source for this person."): Actual text and expected text of test object 'Object Repository/Specific Cases Repository/LS/Inquiry Profile/Referral Source/Page_Referral Source/label_Contact is Primary Referral Source fo_381c1e' are matched.

28-01-2025T17:59:29 - [MESSAGE][PASSED] - Actual text and expected text of test object 'Object Repository/Specific Cases Repository/LS/Inquiry Profile/Referral Source/Page_Referral Source/label_Contact is Primary Referral Source fo_381c1e' are matched.

28-01-2025T17:59:29 - [TEST_STEP][PASSED] - click(findTestObject("Object Repository/Specific Cases Repository/LS/Inquiry Profile/Referral Source/Page_Referral Source/button_Save")): Object: 'Object Repository/Specific Cases Repository/LS/Inquiry Profile/Referral Source/Page_Referral Source/button_Save' is clicked on

28-01-2025T17:59:36 - [MESSAGE][PASSED] - Object: 'Object Repository/Specific Cases Repository/LS/Inquiry Profile/Referral Source/Page_Referral Source/button_Save' is clicked on

28-01-2025T17:59:36 - [TEST_STEP][PASSED] - verifyElementText(findTestObject("Object Repository/Specific Cases Repository/LS/Inquiry Profile/Referral Source/Page_Inquiry Profile/td_Kay Bailey"), "Kay Bailey"): Actual text and expected text of test object 'Object Repository/Specific Cases Repository/LS/Inquiry Profile/Referral Source/Page_Inquiry Profile/td_Kay Bailey' are matched.

28-01-2025T17:59:37 - [MESSAGE][PASSED] - Actual text and expected text of test object 'Object Repository/Specific Cases Repository/LS/Inquiry Profile/Referral Source/Page_Inquiry Profile/td_Kay Bailey' are matched.

28-01-2025T17:59:37 - [TEST_STEP][PASSED] - verifyElementText(findTestObject("Object Repository/Specific Cases Repository/LS/Inquiry Profile/Referral Source/Page_Inquiry Profile/td_Georgetown Behavioral Health"), "Georgetown Behavioral Health"): Actual text and expected text of test object 'Object Repository/Specific Cases Repository/LS/Inquiry Profile/Referral Source/Page_Inquiry Profile/td_Georgetown Behavioral Health' are matched.

28-01-2025T17:59:37 - [MESSAGE][PASSED] - Actual text and expected text of test object 'Object Repository/Specific Cases Repository/LS/Inquiry Profile/Referral Source/Page_Inquiry Profile/td_Georgetown Behavioral Health' are matched.

28-01-2025T17:59:37 - [TEST_STEP][PASSED] - click(findTestObject("Object Repository/Specific Cases Repository/LS/Inquiry Profile/Referral Source/Page_Inquiry Profile/i_No_fa fa-pencil")): Object: 'Object Repository/Specific Cases Repository/LS/Inquiry Profile/Referral Source/Page_Inquiry Profile/i_No_fa fa-pencil' is clicked on

28-01-2025T17:59:39 - [MESSAGE][PASSED] - Object: 'Object Repository/Specific Cases Repository/LS/Inquiry Profile/Referral Source/Page_Inquiry Profile/i_No_fa fa-pencil' is clicked on

28-01-2025T17:59:39 - [TEST_STEP][PASSED] - click(findTestObject("Object Repository/Specific Cases Repository/LS/Inquiry Profile/Referral Source/Page_Referral Source/input_Entered in Error_iseie")): Object: 'Object Repository/Specific Cases Repository/LS/Inquiry Profile/Referral Source/Page_Referral Source/input_Entered in Error_iseie' is clicked on

28-01-2025T17:59:40 - [MESSAGE][PASSED] - Object: 'Object Repository/Specific Cases Repository/LS/Inquiry Profile/Referral Source/Page_Referral Source/input_Entered in Error_iseie' is clicked on

28-01-2025T17:59:40 - [TEST_STEP][PASSED] - setText(findTestObject("Object Repository/Specific Cases Repository/LS/Inquiry Profile/Referral Source/Page_Referral Source/input_Reason_eiereason"), "automationtest"): Text 'automationtest' is set on object 'Object Repository/Specific Cases Repository/LS/Inquiry Profile/Referral Source/Page_Referral Source/input_Reason_eiereason'

28-01-2025T17:59:41 - [MESSAGE][PASSED] - Text 'automationtest' is set on object 'Object Repository/Specific Cases Repository/LS/Inquiry Profile/Referral Source/Page_Referral Source/input_Reason_eiereason'

28-01-2025T17:59:41 - [TEST_STEP][PASSED] - click(findTestObject("Object Repository/Specific Cases Repository/LS/Inquiry Profile/Referral Source/Page_Referral Source/button_Mark as Error")): Object: 'Object Repository/Specific Cases Repository/LS/Inquiry Profile/Referral Source/Page_Referral Source/button_Mark as Error' is clicked on

28-01-2025T17:59:41 - [MESSAGE][PASSED] - Object: 'Object Repository/Specific Cases Repository/LS/Inquiry Profile/Referral Source/Page_Referral Source/button_Mark as Error' is clicked on

28-01-2025T17:59:41 - [TEST_STEP][PASSED] - verifyElementNotPresent(findTestObject("Specific Cases Repository/LS/Inquiry Profile/Referral Source/Page_Inquiry Profile/td_Kay Bailey"), 0): Web element with id: 'Object Repository/Specific Cases Repository/LS/Inquiry Profile/Referral Source/Page_Inquiry Profile/td_Kay Bailey' located by 'By.xpath: //table[@id='tblrefsrcs']/tbody/tr/td[2]' is not present after '30' second(s)

28-01-2025T17:59:41 - [MESSAGE][WARNING] - Timeout '0' is invalid. Using default page load timeout: '30'

28-01-2025T17:59:47 - [MESSAGE][PASSED] - Web element with id: 'Object Repository/Specific Cases Repository/LS/Inquiry Profile/Referral Source/Page_Inquiry Profile/td_Kay Bailey' located by 'By.xpath: //table[@id='tblrefsrcs']/tbody/tr/td[2]' is not present after '30' second(s)

28-01-2025T17:59:47 - [TEST_STEP][PASSED] - closeBrowser(): Browser is closed

28-01-2025T17:59:47 - [MESSAGE][PASSED] - Browser is closed]]></system-out>
         <system-err><![CDATA[]]></system-err>
      </testcase>
      <testcase name="Test Cases/Specific Cases/LS/Inquiry Profile/Consents" time="75.838" classname="Test Cases/Specific Cases/LS/Inquiry Profile/Consents" status="PASSED">
         <system-out><![CDATA[28-01-2025T17:59:47 - [TEST_CASE][PASSED] - Test Cases/Specific Cases/LS/Inquiry Profile/Consents: Test Cases/Specific Cases/LS/Inquiry Profile/Consents

28-01-2025T17:59:47 - [TEST_STEP][PASSED] - callTestCase(findTestCase("Common Cases/Login"), [:], STOP_ON_FAILURE): Call Test Case 'Test Cases/Common Cases/Login' successfully

28-01-2025T17:59:47 - [TEST_CASE][PASSED] - Test Cases/Common Cases/Login: Test Cases/Common Cases/Login

28-01-2025T17:59:47 - [TEST_STEP][PASSED] - openBrowser(""): Browser is opened with url: ''

28-01-2025T17:59:47 - [MESSAGE][INFO] - Starting 'Chrome' driver

28-01-2025T17:59:47 - [MESSAGE][INFO] - Action delay is set to 0 milliseconds

28-01-2025T17:59:48 - [MESSAGE][PASSED] - Browser is opened with url: ''

28-01-2025T17:59:48 - [TEST_STEP][PASSED] - maximizeWindow(): Current window maximized

28-01-2025T17:59:48 - [MESSAGE][PASSED] - Current window maximized

28-01-2025T17:59:48 - [TEST_STEP][PASSED] - navigateToUrl("https://site17.lsapp.cloud/auth/login"): Navigate to 'https://site17.lsapp.cloud/auth/login' successfully

28-01-2025T17:59:49 - [MESSAGE][PASSED] - Navigate to 'https://site17.lsapp.cloud/auth/login' successfully

28-01-2025T17:59:49 - [TEST_STEP][PASSED] - setText(findTestObject("Object Repository/Common Cases Repository/Login/Page_Lightning Step/input_Email_email"), "automation@lightningstep.com"): Text 'automation@lightningstep.com' is set on object 'Object Repository/Common Cases Repository/Login/Page_Lightning Step/input_Email_email'

28-01-2025T17:59:53 - [MESSAGE][PASSED] - Text 'automation@lightningstep.com' is set on object 'Object Repository/Common Cases Repository/Login/Page_Lightning Step/input_Email_email'

28-01-2025T17:59:53 - [TEST_STEP][PASSED] - setEncryptedText(findTestObject("Object Repository/Common Cases Repository/Login/Page_Lightning Step/input_Password_password"), "e5N8VHmnhJDITtQaQhDQDw=="): Text ****** has been set on object 'Object Repository/Common Cases Repository/Login/Page_Lightning Step/input_Password_password'

28-01-2025T17:59:53 - [MESSAGE][PASSED] - Text ****** has been set on object 'Object Repository/Common Cases Repository/Login/Page_Lightning Step/input_Password_password'

28-01-2025T17:59:53 - [TEST_STEP][PASSED] - click(findTestObject("Object Repository/Common Cases Repository/Login/Page_Lightning Step/button_Sign in")): Object: 'Object Repository/Common Cases Repository/Login/Page_Lightning Step/button_Sign in' is clicked on

28-01-2025T17:59:59 - [MESSAGE][PASSED] - Object: 'Object Repository/Common Cases Repository/Login/Page_Lightning Step/button_Sign in' is clicked on

28-01-2025T17:59:59 - [MESSAGE][PASSED] - Call Test Case 'Test Cases/Common Cases/Login' successfully

28-01-2025T17:59:59 - [TEST_STEP][PASSED] - click(findTestObject("Object Repository/Specific Cases Repository/LS/Inquiry Profile/Consents/Page_Home/a_Census")): Object: 'Object Repository/Specific Cases Repository/LS/Inquiry Profile/Consents/Page_Home/a_Census' is clicked on

28-01-2025T18:00:02 - [MESSAGE][PASSED] - Object: 'Object Repository/Specific Cases Repository/LS/Inquiry Profile/Consents/Page_Home/a_Census' is clicked on

28-01-2025T18:00:02 - [TEST_STEP][PASSED] - click(findTestObject("Object Repository/Specific Cases Repository/LS/Inquiry Profile/Consents/Page_Home/a_C Automation, C Client")): Object: 'Object Repository/Specific Cases Repository/LS/Inquiry Profile/Consents/Page_Home/a_C Automation, C Client' is clicked on

28-01-2025T18:00:16 - [MESSAGE][PASSED] - Object: 'Object Repository/Specific Cases Repository/LS/Inquiry Profile/Consents/Page_Home/a_C Automation, C Client' is clicked on

28-01-2025T18:00:16 - [TEST_STEP][PASSED] - navigateToUrl("https://site17.lsapp.cloud/client/index/1558?section=clientprofile"): Navigate to 'https://site17.lsapp.cloud/client/index/1558?section=clientprofile' successfully

28-01-2025T18:00:25 - [MESSAGE][PASSED] - Navigate to 'https://site17.lsapp.cloud/client/index/1558?section=clientprofile' successfully

28-01-2025T18:00:25 - [TEST_STEP][PASSED] - click(findTestObject("Object Repository/Specific Cases Repository/LS/Inquiry Profile/Consents/Page_Client Profile/div_Inquiry Profile")): Object: 'Object Repository/Specific Cases Repository/LS/Inquiry Profile/Consents/Page_Client Profile/div_Inquiry Profile' is clicked on

28-01-2025T18:00:32 - [MESSAGE][PASSED] - Object: 'Object Repository/Specific Cases Repository/LS/Inquiry Profile/Consents/Page_Client Profile/div_Inquiry Profile' is clicked on

28-01-2025T18:00:32 - [TEST_STEP][PASSED] - click(findTestObject("Object Repository/Specific Cases Repository/LS/Inquiry Profile/Consents/Page_Inquiry Profile/a_Consents")): Object: 'Object Repository/Specific Cases Repository/LS/Inquiry Profile/Consents/Page_Inquiry Profile/a_Consents' is clicked on

28-01-2025T18:00:33 - [MESSAGE][PASSED] - Object: 'Object Repository/Specific Cases Repository/LS/Inquiry Profile/Consents/Page_Inquiry Profile/a_Consents' is clicked on

28-01-2025T18:00:33 - [TEST_STEP][PASSED] - click(findTestObject("Object Repository/Specific Cases Repository/LS/Inquiry Profile/Consents/Page_Inquiry Profile/span_Show State Specific Consents_caret")): Object: 'Object Repository/Specific Cases Repository/LS/Inquiry Profile/Consents/Page_Inquiry Profile/span_Show State Specific Consents_caret' is clicked on

28-01-2025T18:00:34 - [MESSAGE][PASSED] - Object: 'Object Repository/Specific Cases Repository/LS/Inquiry Profile/Consents/Page_Inquiry Profile/span_Show State Specific Consents_caret' is clicked on

28-01-2025T18:00:34 - [TEST_STEP][PASSED] - verifyElementText(findTestObject("Object Repository/Specific Cases Repository/LS/Inquiry Profile/Consents/Page_Inquiry Profile/a_Bill of Rights"), "Bill of Rights"): Actual text and expected text of test object 'Object Repository/Specific Cases Repository/LS/Inquiry Profile/Consents/Page_Inquiry Profile/a_Bill of Rights' are matched.

28-01-2025T18:00:34 - [MESSAGE][PASSED] - Actual text and expected text of test object 'Object Repository/Specific Cases Repository/LS/Inquiry Profile/Consents/Page_Inquiry Profile/a_Bill of Rights' are matched.

28-01-2025T18:00:34 - [TEST_STEP][PASSED] - selectOptionByValue(findTestObject("Object Repository/Specific Cases Repository/LS/Inquiry Profile/Consents/Page_Inquiry Profile/select_--Select-State--                    _508ebd"), "CA", true): All options with value 'CA' are selected in object 'Object Repository/Specific Cases Repository/LS/Inquiry Profile/Consents/Page_Inquiry Profile/select_--Select-State--                    _508ebd'  using regular expression

28-01-2025T18:00:35 - [MESSAGE][PASSED] - All options with value 'CA' are selected in object 'Object Repository/Specific Cases Repository/LS/Inquiry Profile/Consents/Page_Inquiry Profile/select_--Select-State--                    _508ebd'  using regular expression

28-01-2025T18:00:35 - [TEST_STEP][PASSED] - click(findTestObject("Object Repository/Specific Cases Repository/LS/Inquiry Profile/Consents/Page_Inquiry Profile/span_Show State Specific Consents_caret")): Object: 'Object Repository/Specific Cases Repository/LS/Inquiry Profile/Consents/Page_Inquiry Profile/span_Show State Specific Consents_caret' is clicked on

28-01-2025T18:00:36 - [MESSAGE][PASSED] - Object: 'Object Repository/Specific Cases Repository/LS/Inquiry Profile/Consents/Page_Inquiry Profile/span_Show State Specific Consents_caret' is clicked on

28-01-2025T18:00:36 - [TEST_STEP][PASSED] - verifyElementNotPresent(findTestObject("Object Repository/Specific Cases Repository/LS/Inquiry Profile/Consents/Page_Inquiry Profile/a_Bill of Rights"), 0): Web element with id: 'Object Repository/Specific Cases Repository/LS/Inquiry Profile/Consents/Page_Inquiry Profile/a_Bill of Rights' located by 'By.xpath: //ul[@id='consentselect']/li[7]/a' is not present after '30' second(s)

28-01-2025T18:00:36 - [MESSAGE][WARNING] - Timeout '0' is invalid. Using default page load timeout: '30'

28-01-2025T18:00:36 - [MESSAGE][PASSED] - Web element with id: 'Object Repository/Specific Cases Repository/LS/Inquiry Profile/Consents/Page_Inquiry Profile/a_Bill of Rights' located by 'By.xpath: //ul[@id='consentselect']/li[7]/a' is not present after '30' second(s)

28-01-2025T18:00:36 - [TEST_STEP][PASSED] - verifyElementText(findTestObject("Object Repository/Specific Cases Repository/LS/Inquiry Profile/Consents/Page_Inquiry Profile/a_Grievance Procedure (CFF)"), "Grievance Procedure (CFF)"): Actual text and expected text of test object 'Object Repository/Specific Cases Repository/LS/Inquiry Profile/Consents/Page_Inquiry Profile/a_Grievance Procedure (CFF)' are matched.

28-01-2025T18:00:37 - [MESSAGE][PASSED] - Actual text and expected text of test object 'Object Repository/Specific Cases Repository/LS/Inquiry Profile/Consents/Page_Inquiry Profile/a_Grievance Procedure (CFF)' are matched.

28-01-2025T18:00:37 - [TEST_STEP][PASSED] - click(findTestObject("Object Repository/Specific Cases Repository/LS/Inquiry Profile/Consents/Page_Inquiry Profile/i_add")): Object: 'Object Repository/Specific Cases Repository/LS/Inquiry Profile/Consents/Page_Inquiry Profile/i_add' is clicked on

28-01-2025T18:00:37 - [MESSAGE][PASSED] - Object: 'Object Repository/Specific Cases Repository/LS/Inquiry Profile/Consents/Page_Inquiry Profile/i_add' is clicked on

28-01-2025T18:00:37 - [TEST_STEP][PASSED] - click(findTestObject("Object Repository/Specific Cases Repository/LS/Inquiry Profile/Consents/Page_Inquiry Profile/input_Select All_checkall")): Object: 'Object Repository/Specific Cases Repository/LS/Inquiry Profile/Consents/Page_Inquiry Profile/input_Select All_checkall' is clicked on

28-01-2025T18:00:38 - [MESSAGE][PASSED] - Object: 'Object Repository/Specific Cases Repository/LS/Inquiry Profile/Consents/Page_Inquiry Profile/input_Select All_checkall' is clicked on

28-01-2025T18:00:38 - [TEST_STEP][PASSED] - verifyElementText(findTestObject("Object Repository/Specific Cases Repository/LS/Inquiry Profile/Consents/Page_Inquiry Profile/td_Admission Agreement"), "Admission Agreement"): Actual text and expected text of test object 'Object Repository/Specific Cases Repository/LS/Inquiry Profile/Consents/Page_Inquiry Profile/td_Admission Agreement' are matched.

28-01-2025T18:00:38 - [MESSAGE][PASSED] - Actual text and expected text of test object 'Object Repository/Specific Cases Repository/LS/Inquiry Profile/Consents/Page_Inquiry Profile/td_Admission Agreement' are matched.

28-01-2025T18:00:38 - [TEST_STEP][PASSED] - verifyElementText(findTestObject("Object Repository/Specific Cases Repository/LS/Inquiry Profile/Consents/Page_Inquiry Profile/td_Consent for Telemedicine"), "Consent for Telemedicine"): Actual text and expected text of test object 'Object Repository/Specific Cases Repository/LS/Inquiry Profile/Consents/Page_Inquiry Profile/td_Consent for Telemedicine' are matched.

28-01-2025T18:00:38 - [MESSAGE][PASSED] - Actual text and expected text of test object 'Object Repository/Specific Cases Repository/LS/Inquiry Profile/Consents/Page_Inquiry Profile/td_Consent for Telemedicine' are matched.

28-01-2025T18:00:38 - [TEST_STEP][PASSED] - verifyElementText(findTestObject("Object Repository/Specific Cases Repository/LS/Inquiry Profile/Consents/Page_Inquiry Profile/td_Telemedicine Consent"), "Telemedicine Consent"): Actual text and expected text of test object 'Object Repository/Specific Cases Repository/LS/Inquiry Profile/Consents/Page_Inquiry Profile/td_Telemedicine Consent' are matched.

28-01-2025T18:00:39 - [MESSAGE][PASSED] - Actual text and expected text of test object 'Object Repository/Specific Cases Repository/LS/Inquiry Profile/Consents/Page_Inquiry Profile/td_Telemedicine Consent' are matched.

28-01-2025T18:00:39 - [TEST_STEP][PASSED] - verifyElementText(findTestObject("Object Repository/Specific Cases Repository/LS/Inquiry Profile/Consents/Page_Inquiry Profile/td_Authorization to Charge"), "Authorization to Charge"): Actual text and expected text of test object 'Object Repository/Specific Cases Repository/LS/Inquiry Profile/Consents/Page_Inquiry Profile/td_Authorization to Charge' are matched.

28-01-2025T18:00:39 - [MESSAGE][PASSED] - Actual text and expected text of test object 'Object Repository/Specific Cases Repository/LS/Inquiry Profile/Consents/Page_Inquiry Profile/td_Authorization to Charge' are matched.

28-01-2025T18:00:39 - [TEST_STEP][PASSED] - click(findTestObject("Object Repository/Specific Cases Repository/LS/Inquiry Profile/Consents/Page_Inquiry Profile/input_Select All_checkall")): Object: 'Object Repository/Specific Cases Repository/LS/Inquiry Profile/Consents/Page_Inquiry Profile/input_Select All_checkall' is clicked on

28-01-2025T18:00:39 - [MESSAGE][PASSED] - Object: 'Object Repository/Specific Cases Repository/LS/Inquiry Profile/Consents/Page_Inquiry Profile/input_Select All_checkall' is clicked on

28-01-2025T18:00:39 - [TEST_STEP][PASSED] - click(findTestObject("Object Repository/Specific Cases Repository/LS/Inquiry Profile/Consents/Page_Inquiry Profile/input_Consent for Telemedicine_admission_consents")): Object: 'Object Repository/Specific Cases Repository/LS/Inquiry Profile/Consents/Page_Inquiry Profile/input_Consent for Telemedicine_admission_consents' is clicked on

28-01-2025T18:00:39 - [MESSAGE][PASSED] - Object: 'Object Repository/Specific Cases Repository/LS/Inquiry Profile/Consents/Page_Inquiry Profile/input_Consent for Telemedicine_admission_consents' is clicked on

28-01-2025T18:00:39 - [TEST_STEP][PASSED] - click(findTestObject("Object Repository/Specific Cases Repository/LS/Inquiry Profile/Consents/Page_Inquiry Profile/button_Generate")): Object: 'Object Repository/Specific Cases Repository/LS/Inquiry Profile/Consents/Page_Inquiry Profile/button_Generate' is clicked on

28-01-2025T18:00:40 - [MESSAGE][PASSED] - Object: 'Object Repository/Specific Cases Repository/LS/Inquiry Profile/Consents/Page_Inquiry Profile/button_Generate' is clicked on

28-01-2025T18:00:40 - [TEST_STEP][PASSED] - setText(findTestObject("Object Repository/Specific Cases Repository/LS/Inquiry Profile/Consents/Page_Informed Consent for Treatment/input_Condition Treated_primarydx"), "Automation addiction"): Text 'Automation addiction' is set on object 'Object Repository/Specific Cases Repository/LS/Inquiry Profile/Consents/Page_Informed Consent for Treatment/input_Condition Treated_primarydx'

28-01-2025T18:00:46 - [MESSAGE][PASSED] - Text 'Automation addiction' is set on object 'Object Repository/Specific Cases Repository/LS/Inquiry Profile/Consents/Page_Informed Consent for Treatment/input_Condition Treated_primarydx'

28-01-2025T18:00:46 - [TEST_STEP][PASSED] - selectOptionByValue(findTestObject("Object Repository/Specific Cases Repository/LS/Inquiry Profile/Consents/Page_Informed Consent for Treatment/select_Outpatient                          _0508f1"), "Detoxification", true): All options with value 'Detoxification' are selected in object 'Object Repository/Specific Cases Repository/LS/Inquiry Profile/Consents/Page_Informed Consent for Treatment/select_Outpatient                          _0508f1'  using regular expression

28-01-2025T18:00:47 - [MESSAGE][PASSED] - All options with value 'Detoxification' are selected in object 'Object Repository/Specific Cases Repository/LS/Inquiry Profile/Consents/Page_Informed Consent for Treatment/select_Outpatient                          _0508f1'  using regular expression

28-01-2025T18:00:47 - [TEST_STEP][PASSED] - click(findTestObject("Object Repository/Specific Cases Repository/LS/Inquiry Profile/Consents/Page_Informed Consent for Treatment/canvas_Sign with TopazReset_jSignature")): Object: 'Object Repository/Specific Cases Repository/LS/Inquiry Profile/Consents/Page_Informed Consent for Treatment/canvas_Sign with TopazReset_jSignature' is clicked on

28-01-2025T18:00:49 - [MESSAGE][PASSED] - Object: 'Object Repository/Specific Cases Repository/LS/Inquiry Profile/Consents/Page_Informed Consent for Treatment/canvas_Sign with TopazReset_jSignature' is clicked on

28-01-2025T18:00:49 - [TEST_STEP][PASSED] - click(findTestObject("Object Repository/Specific Cases Repository/LS/Inquiry Profile/Consents/Page_Informed Consent for Treatment/canvas_Sign with TopazReset_jSignature")): Object: 'Object Repository/Specific Cases Repository/LS/Inquiry Profile/Consents/Page_Informed Consent for Treatment/canvas_Sign with TopazReset_jSignature' is clicked on

28-01-2025T18:00:49 - [MESSAGE][PASSED] - Object: 'Object Repository/Specific Cases Repository/LS/Inquiry Profile/Consents/Page_Informed Consent for Treatment/canvas_Sign with TopazReset_jSignature' is clicked on

28-01-2025T18:00:49 - [TEST_STEP][PASSED] - click(findTestObject("Object Repository/Specific Cases Repository/LS/Inquiry Profile/Consents/Page_Informed Consent for Treatment/canvas_Sign with TopazReset_jSignature")): Object: 'Object Repository/Specific Cases Repository/LS/Inquiry Profile/Consents/Page_Informed Consent for Treatment/canvas_Sign with TopazReset_jSignature' is clicked on

28-01-2025T18:00:49 - [MESSAGE][PASSED] - Object: 'Object Repository/Specific Cases Repository/LS/Inquiry Profile/Consents/Page_Informed Consent for Treatment/canvas_Sign with TopazReset_jSignature' is clicked on

28-01-2025T18:00:49 - [TEST_STEP][PASSED] - click(findTestObject("Object Repository/Specific Cases Repository/LS/Inquiry Profile/Consents/Page_Informed Consent for Treatment/span_Sign and Lock_check")): Object: 'Object Repository/Specific Cases Repository/LS/Inquiry Profile/Consents/Page_Informed Consent for Treatment/span_Sign and Lock_check' is clicked on

28-01-2025T18:00:50 - [MESSAGE][PASSED] - Object: 'Object Repository/Specific Cases Repository/LS/Inquiry Profile/Consents/Page_Informed Consent for Treatment/span_Sign and Lock_check' is clicked on

28-01-2025T18:00:50 - [TEST_STEP][PASSED] - click(findTestObject("Object Repository/Specific Cases Repository/LS/Inquiry Profile/Consents/Page_Informed Consent for Treatment/button_Save")): Object: 'Object Repository/Specific Cases Repository/LS/Inquiry Profile/Consents/Page_Informed Consent for Treatment/button_Save' is clicked on

28-01-2025T18:00:55 - [MESSAGE][PASSED] - Object: 'Object Repository/Specific Cases Repository/LS/Inquiry Profile/Consents/Page_Informed Consent for Treatment/button_Save' is clicked on

28-01-2025T18:00:55 - [TEST_STEP][PASSED] - click(findTestObject("Object Repository/Specific Cases Repository/LS/Inquiry Profile/Consents/Page_Inquiry Profile/a_Consents")): Object: 'Object Repository/Specific Cases Repository/LS/Inquiry Profile/Consents/Page_Inquiry Profile/a_Consents' is clicked on

28-01-2025T18:00:57 - [MESSAGE][PASSED] - Object: 'Object Repository/Specific Cases Repository/LS/Inquiry Profile/Consents/Page_Inquiry Profile/a_Consents' is clicked on

28-01-2025T18:00:57 - [TEST_STEP][PASSED] - verifyElementText(findTestObject("Object Repository/Specific Cases Repository/LS/Inquiry Profile/Consents/Page_Inquiry Profile/td_Consent for Treatment"), "Consent for Treatment"): Actual text and expected text of test object 'Object Repository/Specific Cases Repository/LS/Inquiry Profile/Consents/Page_Inquiry Profile/td_Consent for Treatment' are matched.

28-01-2025T18:00:57 - [MESSAGE][PASSED] - Actual text and expected text of test object 'Object Repository/Specific Cases Repository/LS/Inquiry Profile/Consents/Page_Inquiry Profile/td_Consent for Treatment' are matched.

28-01-2025T18:00:57 - [TEST_STEP][PASSED] - verifyElementText(findTestObject("Object Repository/Specific Cases Repository/LS/Inquiry Profile/Consents/Page_Inquiry Profile/td_Signed"), "Signed"): Actual text and expected text of test object 'Object Repository/Specific Cases Repository/LS/Inquiry Profile/Consents/Page_Inquiry Profile/td_Signed' are matched.

28-01-2025T18:00:57 - [MESSAGE][PASSED] - Actual text and expected text of test object 'Object Repository/Specific Cases Repository/LS/Inquiry Profile/Consents/Page_Inquiry Profile/td_Signed' are matched.

28-01-2025T18:00:57 - [TEST_STEP][PASSED] - click(findTestObject("Object Repository/Specific Cases Repository/LS/Inquiry Profile/Consents/Page_Inquiry Profile/a_Signed_btn btn-primary btn-raised btn-sm")): Object: 'Object Repository/Specific Cases Repository/LS/Inquiry Profile/Consents/Page_Inquiry Profile/a_Signed_btn btn-primary btn-raised btn-sm' is clicked on

28-01-2025T18:01:01 - [MESSAGE][PASSED] - Object: 'Object Repository/Specific Cases Repository/LS/Inquiry Profile/Consents/Page_Inquiry Profile/a_Signed_btn btn-primary btn-raised btn-sm' is clicked on

28-01-2025T18:01:01 - [TEST_STEP][PASSED] - click(findTestObject("Object Repository/Specific Cases Repository/LS/Inquiry Profile/Consents/Page_Informed Consent for Treatment/input_Entered in Error_iseie")): Object: 'Object Repository/Specific Cases Repository/LS/Inquiry Profile/Consents/Page_Informed Consent for Treatment/input_Entered in Error_iseie' is clicked on

28-01-2025T18:01:01 - [MESSAGE][PASSED] - Object: 'Object Repository/Specific Cases Repository/LS/Inquiry Profile/Consents/Page_Informed Consent for Treatment/input_Entered in Error_iseie' is clicked on

28-01-2025T18:01:01 - [TEST_STEP][PASSED] - setText(findTestObject("Object Repository/Specific Cases Repository/LS/Inquiry Profile/Consents/Page_Informed Consent for Treatment/input_Reason_eiereason"), "automation"): Text 'automation' is set on object 'Object Repository/Specific Cases Repository/LS/Inquiry Profile/Consents/Page_Informed Consent for Treatment/input_Reason_eiereason'

28-01-2025T18:01:02 - [MESSAGE][PASSED] - Text 'automation' is set on object 'Object Repository/Specific Cases Repository/LS/Inquiry Profile/Consents/Page_Informed Consent for Treatment/input_Reason_eiereason'

28-01-2025T18:01:02 - [TEST_STEP][PASSED] - click(findTestObject("Object Repository/Specific Cases Repository/LS/Inquiry Profile/Consents/Page_Informed Consent for Treatment/button_Mark as Error")): Object: 'Object Repository/Specific Cases Repository/LS/Inquiry Profile/Consents/Page_Informed Consent for Treatment/button_Mark as Error' is clicked on

28-01-2025T18:01:03 - [MESSAGE][PASSED] - Object: 'Object Repository/Specific Cases Repository/LS/Inquiry Profile/Consents/Page_Informed Consent for Treatment/button_Mark as Error' is clicked on

28-01-2025T18:01:03 - [TEST_STEP][PASSED] - closeBrowser(): Browser is closed

28-01-2025T18:01:03 - [MESSAGE][PASSED] - Browser is closed]]></system-out>
         <system-err><![CDATA[]]></system-err>
      </testcase>
      <testcase name="Test Cases/Specific Cases/LS/Inquiry Profile/Contacts" time="58.088" classname="Test Cases/Specific Cases/LS/Inquiry Profile/Contacts" status="FAILED">
         <failure type="FAILED" message="Test Cases/Specific Cases/LS/Inquiry Profile/Contacts FAILED.&#xa;Reason:&#xa;com.kms.katalon.core.exception.StepFailedException: Unable to click on object 'Object Repository/Specific Cases Repository/LS/Inquiry Profile/Contacts/Page_Inquiry Profile/a_Contacts'&#xa;	at com.kms.katalon.core.webui.keyword.internal.WebUIKeywordMain.stepFailed(WebUIKeywordMain.groovy:117)&#xa;	at com.kms.katalon.core.webui.keyword.internal.WebUIKeywordMain.runKeyword(WebUIKeywordMain.groovy:43)&#xa;	at com.kms.katalon.core.webui.keyword.builtin.ClickKeyword.click(ClickKeyword.groovy:74)&#xa;	at com.kms.katalon.core.webui.keyword.builtin.ClickKeyword.execute(ClickKeyword.groovy:40)&#xa;	at com.kms.katalon.core.keyword.internal.KeywordExecutor.executeKeywordForPlatform(KeywordExecutor.groovy:74)&#xa;	at com.kms.katalon.core.webui.keyword.WebUiBuiltInKeywords.click(WebUiBuiltInKeywords.groovy:659)&#xa;	at Contacts.run(Contacts:28)&#xa;	at com.kms.katalon.core.main.ScriptEngine.run(ScriptEngine.java:194)&#xa;	at com.kms.katalon.core.main.ScriptEngine.runScriptAsRawText(ScriptEngine.java:119)&#xa;	at com.kms.katalon.core.main.TestCaseExecutor.runScript(TestCaseExecutor.java:448)&#xa;	at com.kms.katalon.core.main.TestCaseExecutor.doExecute(TestCaseExecutor.java:439)&#xa;	at com.kms.katalon.core.main.TestCaseExecutor.processExecutionPhase(TestCaseExecutor.java:418)&#xa;	at com.kms.katalon.core.main.TestCaseExecutor.accessMainPhase(TestCaseExecutor.java:410)&#xa;	at com.kms.katalon.core.main.TestCaseExecutor.execute(TestCaseExecutor.java:285)&#xa;	at com.kms.katalon.core.common.CommonExecutor.accessTestCaseMainPhase(CommonExecutor.java:65)&#xa;	at com.kms.katalon.core.main.TestSuiteExecutor.accessTestSuiteMainPhase(TestSuiteExecutor.java:150)&#xa;	at com.kms.katalon.core.main.TestSuiteExecutor.execute(TestSuiteExecutor.java:106)&#xa;	at com.kms.katalon.core.main.TestCaseMain.startTestSuite(TestCaseMain.java:180)&#xa;	at TempTestSuite1738104962369.run(TempTestSuite1738104962369.groovy:35)&#xa;	at java.base/jdk.internal.reflect.NativeMethodAccessorImpl.invoke0(Native Method)&#xa;	at java.base/jdk.internal.reflect.NativeMethodAccessorImpl.invoke(NativeMethodAccessorImpl.java:77)&#xa;	at java.base/jdk.internal.reflect.DelegatingMethodAccessorImpl.invoke(DelegatingMethodAccessorImpl.java:43)&#xa;Caused by: com.kms.katalon.core.webui.exception.WebElementNotFoundException: Web element with id: 'Object Repository/Specific Cases Repository/LS/Inquiry Profile/Contacts/Page_Inquiry Profile/a_Contacts' located by '//div[@id='contacts']/div/a' not found&#xa;	at com.kms.katalon.core.webui.common.WebUiCommonHelper.findWebElement(WebUiCommonHelper.java:1423)&#xa;	at com.kms.katalon.core.webui.keyword.internal.WebUIAbstractKeyword.findWebElement(WebUIAbstractKeyword.groovy:27)&#xa;	at com.kms.katalon.core.webui.keyword.builtin.ClickKeyword$_click_closure1.doCall(ClickKeyword.groovy:65)&#xa;	at com.kms.katalon.core.webui.keyword.builtin.ClickKeyword$_click_closure1.call(ClickKeyword.groovy)&#xa;	at com.kms.katalon.core.webui.keyword.internal.WebUIKeywordMain.runKeyword(WebUIKeywordMain.groovy:35)&#xa;	... 20 more&#xa;"/>
         <system-out><![CDATA[28-01-2025T18:01:03 - [TEST_CASE][FAILED] - Test Cases/Specific Cases/LS/Inquiry Profile/Contacts: Test Cases/Specific Cases/LS/Inquiry Profile/Contacts FAILED.
Reason:
com.kms.katalon.core.exception.StepFailedException: Unable to click on object 'Object Repository/Specific Cases Repository/LS/Inquiry Profile/Contacts/Page_Inquiry Profile/a_Contacts'
	at com.kms.katalon.core.webui.keyword.internal.WebUIKeywordMain.stepFailed(WebUIKeywordMain.groovy:117)
	at com.kms.katalon.core.webui.keyword.internal.WebUIKeywordMain.runKeyword(WebUIKeywordMain.groovy:43)
	at com.kms.katalon.core.webui.keyword.builtin.ClickKeyword.click(ClickKeyword.groovy:74)
	at com.kms.katalon.core.webui.keyword.builtin.ClickKeyword.execute(ClickKeyword.groovy:40)
	at com.kms.katalon.core.keyword.internal.KeywordExecutor.executeKeywordForPlatform(KeywordExecutor.groovy:74)
	at com.kms.katalon.core.webui.keyword.WebUiBuiltInKeywords.click(WebUiBuiltInKeywords.groovy:659)
	at Contacts.run(Contacts:28)
	at com.kms.katalon.core.main.ScriptEngine.run(ScriptEngine.java:194)
	at com.kms.katalon.core.main.ScriptEngine.runScriptAsRawText(ScriptEngine.java:119)
	at com.kms.katalon.core.main.TestCaseExecutor.runScript(TestCaseExecutor.java:448)
	at com.kms.katalon.core.main.TestCaseExecutor.doExecute(TestCaseExecutor.java:439)
	at com.kms.katalon.core.main.TestCaseExecutor.processExecutionPhase(TestCaseExecutor.java:418)
	at com.kms.katalon.core.main.TestCaseExecutor.accessMainPhase(TestCaseExecutor.java:410)
	at com.kms.katalon.core.main.TestCaseExecutor.execute(TestCaseExecutor.java:285)
	at com.kms.katalon.core.common.CommonExecutor.accessTestCaseMainPhase(CommonExecutor.java:65)
	at com.kms.katalon.core.main.TestSuiteExecutor.accessTestSuiteMainPhase(TestSuiteExecutor.java:150)
	at com.kms.katalon.core.main.TestSuiteExecutor.execute(TestSuiteExecutor.java:106)
	at com.kms.katalon.core.main.TestCaseMain.startTestSuite(TestCaseMain.java:180)
	at TempTestSuite1738104962369.run(TempTestSuite1738104962369.groovy:35)
	at java.base/jdk.internal.reflect.NativeMethodAccessorImpl.invoke0(Native Method)
	at java.base/jdk.internal.reflect.NativeMethodAccessorImpl.invoke(NativeMethodAccessorImpl.java:77)
	at java.base/jdk.internal.reflect.DelegatingMethodAccessorImpl.invoke(DelegatingMethodAccessorImpl.java:43)
Caused by: com.kms.katalon.core.webui.exception.WebElementNotFoundException: Web element with id: 'Object Repository/Specific Cases Repository/LS/Inquiry Profile/Contacts/Page_Inquiry Profile/a_Contacts' located by '//div[@id='contacts']/div/a' not found
	at com.kms.katalon.core.webui.common.WebUiCommonHelper.findWebElement(WebUiCommonHelper.java:1423)
	at com.kms.katalon.core.webui.keyword.internal.WebUIAbstractKeyword.findWebElement(WebUIAbstractKeyword.groovy:27)
	at com.kms.katalon.core.webui.keyword.builtin.ClickKeyword$_click_closure1.doCall(ClickKeyword.groovy:65)
	at com.kms.katalon.core.webui.keyword.builtin.ClickKeyword$_click_closure1.call(ClickKeyword.groovy)
	at com.kms.katalon.core.webui.keyword.internal.WebUIKeywordMain.runKeyword(WebUIKeywordMain.groovy:35)
	... 20 more


28-01-2025T18:01:03 - [TEST_STEP][PASSED] - callTestCase(findTestCase("Common Cases/Login"), [:], STOP_ON_FAILURE): Call Test Case 'Test Cases/Common Cases/Login' successfully

28-01-2025T18:01:03 - [TEST_CASE][PASSED] - Test Cases/Common Cases/Login: Test Cases/Common Cases/Login

28-01-2025T18:01:03 - [TEST_STEP][PASSED] - openBrowser(""): Browser is opened with url: ''

28-01-2025T18:01:03 - [MESSAGE][INFO] - Starting 'Chrome' driver

28-01-2025T18:01:03 - [MESSAGE][INFO] - Action delay is set to 0 milliseconds

28-01-2025T18:01:04 - [MESSAGE][PASSED] - Browser is opened with url: ''

28-01-2025T18:01:04 - [TEST_STEP][PASSED] - maximizeWindow(): Current window maximized

28-01-2025T18:01:04 - [MESSAGE][PASSED] - Current window maximized

28-01-2025T18:01:04 - [TEST_STEP][PASSED] - navigateToUrl("https://site17.lsapp.cloud/auth/login"): Navigate to 'https://site17.lsapp.cloud/auth/login' successfully

28-01-2025T18:01:08 - [MESSAGE][PASSED] - Navigate to 'https://site17.lsapp.cloud/auth/login' successfully

28-01-2025T18:01:08 - [TEST_STEP][PASSED] - setText(findTestObject("Object Repository/Common Cases Repository/Login/Page_Lightning Step/input_Email_email"), "automation@lightningstep.com"): Text 'automation@lightningstep.com' is set on object 'Object Repository/Common Cases Repository/Login/Page_Lightning Step/input_Email_email'

28-01-2025T18:01:09 - [MESSAGE][PASSED] - Text 'automation@lightningstep.com' is set on object 'Object Repository/Common Cases Repository/Login/Page_Lightning Step/input_Email_email'

28-01-2025T18:01:09 - [TEST_STEP][PASSED] - setEncryptedText(findTestObject("Object Repository/Common Cases Repository/Login/Page_Lightning Step/input_Password_password"), "e5N8VHmnhJDITtQaQhDQDw=="): Text ****** has been set on object 'Object Repository/Common Cases Repository/Login/Page_Lightning Step/input_Password_password'

28-01-2025T18:01:09 - [MESSAGE][PASSED] - Text ****** has been set on object 'Object Repository/Common Cases Repository/Login/Page_Lightning Step/input_Password_password'

28-01-2025T18:01:09 - [TEST_STEP][PASSED] - click(findTestObject("Object Repository/Common Cases Repository/Login/Page_Lightning Step/button_Sign in")): Object: 'Object Repository/Common Cases Repository/Login/Page_Lightning Step/button_Sign in' is clicked on

28-01-2025T18:01:15 - [MESSAGE][PASSED] - Object: 'Object Repository/Common Cases Repository/Login/Page_Lightning Step/button_Sign in' is clicked on

28-01-2025T18:01:15 - [MESSAGE][PASSED] - Call Test Case 'Test Cases/Common Cases/Login' successfully

28-01-2025T18:01:15 - [TEST_STEP][PASSED] - click(findTestObject("Object Repository/Specific Cases Repository/LS/Inquiry Profile/Contacts/Page_Home/a_Census")): Object: 'Object Repository/Specific Cases Repository/LS/Inquiry Profile/Contacts/Page_Home/a_Census' is clicked on

28-01-2025T18:01:18 - [MESSAGE][PASSED] - Object: 'Object Repository/Specific Cases Repository/LS/Inquiry Profile/Contacts/Page_Home/a_Census' is clicked on

28-01-2025T18:01:18 - [TEST_STEP][PASSED] - click(findTestObject("Object Repository/Specific Cases Repository/LS/Inquiry Profile/Contacts/Page_Home/a_B Automation, B Client")): Object: 'Object Repository/Specific Cases Repository/LS/Inquiry Profile/Contacts/Page_Home/a_B Automation, B Client' is clicked on

28-01-2025T18:01:21 - [MESSAGE][PASSED] - Object: 'Object Repository/Specific Cases Repository/LS/Inquiry Profile/Contacts/Page_Home/a_B Automation, B Client' is clicked on

28-01-2025T18:01:21 - [TEST_STEP][PASSED] - click(findTestObject("Object Repository/Specific Cases Repository/LS/Inquiry Profile/Contacts/Page_Client Profile/a_person                    Inquiry Profile")): Object: 'Object Repository/Specific Cases Repository/LS/Inquiry Profile/Contacts/Page_Client Profile/a_person                    Inquiry Profile' is clicked on

28-01-2025T18:01:24 - [MESSAGE][PASSED] - Object: 'Object Repository/Specific Cases Repository/LS/Inquiry Profile/Contacts/Page_Client Profile/a_person                    Inquiry Profile' is clicked on

28-01-2025T18:01:24 - [TEST_STEP][FAILED] - click(findTestObject("Object Repository/Specific Cases Repository/LS/Inquiry Profile/Contacts/Page_Inquiry Profile/a_Contacts")): Unable to click on object 'Object Repository/Specific Cases Repository/LS/Inquiry Profile/Contacts/Page_Inquiry Profile/a_Contacts' (Root cause: com.kms.katalon.core.exception.StepFailedException: Unable to click on object 'Object Repository/Specific Cases Repository/LS/Inquiry Profile/Contacts/Page_Inquiry Profile/a_Contacts'
	at com.kms.katalon.core.webui.keyword.internal.WebUIKeywordMain.stepFailed(WebUIKeywordMain.groovy:117)
	at com.kms.katalon.core.webui.keyword.internal.WebUIKeywordMain.runKeyword(WebUIKeywordMain.groovy:43)
	at com.kms.katalon.core.webui.keyword.builtin.ClickKeyword.click(ClickKeyword.groovy:74)
	at com.kms.katalon.core.webui.keyword.builtin.ClickKeyword.execute(ClickKeyword.groovy:40)
	at com.kms.katalon.core.keyword.internal.KeywordExecutor.executeKeywordForPlatform(KeywordExecutor.groovy:74)
	at com.kms.katalon.core.webui.keyword.WebUiBuiltInKeywords.click(WebUiBuiltInKeywords.groovy:659)
	at Contacts.run(Contacts:28)
	at com.kms.katalon.core.main.ScriptEngine.run(ScriptEngine.java:194)
	at com.kms.katalon.core.main.ScriptEngine.runScriptAsRawText(ScriptEngine.java:119)
	at com.kms.katalon.core.main.TestCaseExecutor.runScript(TestCaseExecutor.java:448)
	at com.kms.katalon.core.main.TestCaseExecutor.doExecute(TestCaseExecutor.java:439)
	at com.kms.katalon.core.main.TestCaseExecutor.processExecutionPhase(TestCaseExecutor.java:418)
	at com.kms.katalon.core.main.TestCaseExecutor.accessMainPhase(TestCaseExecutor.java:410)
	at com.kms.katalon.core.main.TestCaseExecutor.execute(TestCaseExecutor.java:285)
	at com.kms.katalon.core.common.CommonExecutor.accessTestCaseMainPhase(CommonExecutor.java:65)
	at com.kms.katalon.core.main.TestSuiteExecutor.accessTestSuiteMainPhase(TestSuiteExecutor.java:150)
	at com.kms.katalon.core.main.TestSuiteExecutor.execute(TestSuiteExecutor.java:106)
	at com.kms.katalon.core.main.TestCaseMain.startTestSuite(TestCaseMain.java:180)
	at TempTestSuite1738104962369.run(TempTestSuite1738104962369.groovy:35)
	at java.base/jdk.internal.reflect.NativeMethodAccessorImpl.invoke0(Native Method)
	at java.base/jdk.internal.reflect.NativeMethodAccessorImpl.invoke(NativeMethodAccessorImpl.java:77)
	at java.base/jdk.internal.reflect.DelegatingMethodAccessorImpl.invoke(DelegatingMethodAccessorImpl.java:43)
Caused by: com.kms.katalon.core.webui.exception.WebElementNotFoundException: Web element with id: 'Object Repository/Specific Cases Repository/LS/Inquiry Profile/Contacts/Page_Inquiry Profile/a_Contacts' located by '//div[@id='contacts']/div/a' not found
	at com.kms.katalon.core.webui.common.WebUiCommonHelper.findWebElement(WebUiCommonHelper.java:1423)
	at com.kms.katalon.core.webui.keyword.internal.WebUIAbstractKeyword.findWebElement(WebUIAbstractKeyword.groovy:27)
	at com.kms.katalon.core.webui.keyword.builtin.ClickKeyword$_click_closure1.doCall(ClickKeyword.groovy:65)
	at com.kms.katalon.core.webui.keyword.builtin.ClickKeyword$_click_closure1.call(ClickKeyword.groovy)
	at com.kms.katalon.core.webui.keyword.internal.WebUIKeywordMain.runKeyword(WebUIKeywordMain.groovy:35)
	at com.kms.katalon.core.webui.keyword.builtin.ClickKeyword.click(ClickKeyword.groovy:74)
	at com.kms.katalon.core.webui.keyword.builtin.ClickKeyword.execute(ClickKeyword.groovy:40)
	at com.kms.katalon.core.keyword.internal.KeywordExecutor.executeKeywordForPlatform(KeywordExecutor.groovy:74)
	at com.kms.katalon.core.webui.keyword.WebUiBuiltInKeywords.click(WebUiBuiltInKeywords.groovy:659)
	at Script1731356426510.run(Script1731356426510.groovy:28)
	... 15 more
)

28-01-2025T18:01:55 - [MESSAGE][INFO] - Unable to find the element located by 'By.xpath: //div[@id='contacts']/div/a'. Please recheck the objects properties to make sure the desired element is located. 

28-01-2025T18:01:55 - [MESSAGE][WARNING] - [SELF-HEALING] Failed to find element with id 'Object Repository/Specific Cases Repository/LS/Inquiry Profile/Contacts/Page_Inquiry Profile/a_Contacts'. Try using Self-healing.

28-01-2025T18:01:55 - [MESSAGE][INFO] - [SELF-HEALING] Failed Locator: '//div[@id='contacts']/div/a'.

28-01-2025T18:01:55 - [MESSAGE][INFO] - [SELF-HEALING] Failed Locator: '//a[contains(text(),'Contacts')]'.

28-01-2025T18:01:56 - [MESSAGE][INFO] - [SELF-HEALING] Failed Locator: '(.//*[normalize-space(text()) and normalize-space(.)='Scheduling'])[1]/following::a[1]'.

28-01-2025T18:01:56 - [MESSAGE][INFO] - [SELF-HEALING] Failed Locator: '(.//*[normalize-space(text()) and normalize-space(.)='Financial'])[2]/following::a[2]'.

28-01-2025T18:01:56 - [MESSAGE][INFO] - [SELF-HEALING] Failed Locator: '(.//*[normalize-space(text()) and normalize-space(.)='Consents'])[1]/preceding::a[1]'.

28-01-2025T18:01:56 - [MESSAGE][INFO] - [SELF-HEALING] Failed Locator: '(.//*[normalize-space(text()) and normalize-space(.)='Scanned Documents'])[1]/preceding::a[2]'.

28-01-2025T18:01:57 - [MESSAGE][INFO] - [SELF-HEALING] Failed Locator: '//*/text()[normalize-space(.)='Contacts']/parent::*'.

28-01-2025T18:01:57 - [MESSAGE][INFO] - [SELF-HEALING] Failed Locator: '(//a[contains(@href, 'javascript:void(0);')])[6]'.

28-01-2025T18:01:57 - [MESSAGE][INFO] - [SELF-HEALING] Failed Locator: '//div[2]/div[6]/div/a'.

28-01-2025T18:01:57 - [MESSAGE][INFO] - [SELF-HEALING] Failed Locator: '//a[@href = 'javascript:void(0);' and (text() = 'Contacts' or . = 'Contacts')]'.

28-01-2025T18:01:59 - [MESSAGE][INFO] - Unable to find the element located by 'By.xpath: //*[@href = 'javascript:void(0);' and (text() = 'Contacts' or . = 'Contacts')]'. Please recheck the objects properties to make sure the desired element is located. 

28-01-2025T18:02:01 - [MESSAGE][INFO] - Unable to find the element located by 'By.cssSelector: #contacts > div.item-label > a'. Please recheck the objects properties to make sure the desired element is located. 

28-01-2025T18:02:01 - [MESSAGE][FAILED] - Unable to click on object 'Object Repository/Specific Cases Repository/LS/Inquiry Profile/Contacts/Page_Inquiry Profile/a_Contacts' (Root cause: com.kms.katalon.core.exception.StepFailedException: Unable to click on object 'Object Repository/Specific Cases Repository/LS/Inquiry Profile/Contacts/Page_Inquiry Profile/a_Contacts'
	at com.kms.katalon.core.webui.keyword.internal.WebUIKeywordMain.stepFailed(WebUIKeywordMain.groovy:117)
	at com.kms.katalon.core.webui.keyword.internal.WebUIKeywordMain.runKeyword(WebUIKeywordMain.groovy:43)
	at com.kms.katalon.core.webui.keyword.builtin.ClickKeyword.click(ClickKeyword.groovy:74)
	at com.kms.katalon.core.webui.keyword.builtin.ClickKeyword.execute(ClickKeyword.groovy:40)
	at com.kms.katalon.core.keyword.internal.KeywordExecutor.executeKeywordForPlatform(KeywordExecutor.groovy:74)
	at com.kms.katalon.core.webui.keyword.WebUiBuiltInKeywords.click(WebUiBuiltInKeywords.groovy:659)
	at Contacts.run(Contacts:28)
	at com.kms.katalon.core.main.ScriptEngine.run(ScriptEngine.java:194)
	at com.kms.katalon.core.main.ScriptEngine.runScriptAsRawText(ScriptEngine.java:119)
	at com.kms.katalon.core.main.TestCaseExecutor.runScript(TestCaseExecutor.java:448)
	at com.kms.katalon.core.main.TestCaseExecutor.doExecute(TestCaseExecutor.java:439)
	at com.kms.katalon.core.main.TestCaseExecutor.processExecutionPhase(TestCaseExecutor.java:418)
	at com.kms.katalon.core.main.TestCaseExecutor.accessMainPhase(TestCaseExecutor.java:410)
	at com.kms.katalon.core.main.TestCaseExecutor.execute(TestCaseExecutor.java:285)
	at com.kms.katalon.core.common.CommonExecutor.accessTestCaseMainPhase(CommonExecutor.java:65)
	at com.kms.katalon.core.main.TestSuiteExecutor.accessTestSuiteMainPhase(TestSuiteExecutor.java:150)
	at com.kms.katalon.core.main.TestSuiteExecutor.execute(TestSuiteExecutor.java:106)
	at com.kms.katalon.core.main.TestCaseMain.startTestSuite(TestCaseMain.java:180)
	at TempTestSuite1738104962369.run(TempTestSuite1738104962369.groovy:35)
	at java.base/jdk.internal.reflect.NativeMethodAccessorImpl.invoke0(Native Method)
	at java.base/jdk.internal.reflect.NativeMethodAccessorImpl.invoke(NativeMethodAccessorImpl.java:77)
	at java.base/jdk.internal.reflect.DelegatingMethodAccessorImpl.invoke(DelegatingMethodAccessorImpl.java:43)
Caused by: com.kms.katalon.core.webui.exception.WebElementNotFoundException: Web element with id: 'Object Repository/Specific Cases Repository/LS/Inquiry Profile/Contacts/Page_Inquiry Profile/a_Contacts' located by '//div[@id='contacts']/div/a' not found
	at com.kms.katalon.core.webui.common.WebUiCommonHelper.findWebElement(WebUiCommonHelper.java:1423)
	at com.kms.katalon.core.webui.keyword.internal.WebUIAbstractKeyword.findWebElement(WebUIAbstractKeyword.groovy:27)
	at com.kms.katalon.core.webui.keyword.builtin.ClickKeyword$_click_closure1.doCall(ClickKeyword.groovy:65)
	at com.kms.katalon.core.webui.keyword.builtin.ClickKeyword$_click_closure1.call(ClickKeyword.groovy)
	at com.kms.katalon.core.webui.keyword.internal.WebUIKeywordMain.runKeyword(WebUIKeywordMain.groovy:35)
	at com.kms.katalon.core.webui.keyword.builtin.ClickKeyword.click(ClickKeyword.groovy:74)
	at com.kms.katalon.core.webui.keyword.builtin.ClickKeyword.execute(ClickKeyword.groovy:40)
	at com.kms.katalon.core.keyword.internal.KeywordExecutor.executeKeywordForPlatform(KeywordExecutor.groovy:74)
	at com.kms.katalon.core.webui.keyword.WebUiBuiltInKeywords.click(WebUiBuiltInKeywords.groovy:659)
	at Script1731356426510.run(Script1731356426510.groovy:28)
	... 15 more
)
[[ATTACHMENT|C:\\Users\\Enrique\\git\\AUTOMATION_LS\\Reports\\20250128_175555\\LS\\Inquiry Profile\\Inquiry Profile\\20250128_175602\\1738105321029.png]]]]></system-out>
         <system-err><![CDATA[28-01-2025T18:01:03 - [TEST_CASE][FAILED] - Test Cases/Specific Cases/LS/Inquiry Profile/Contacts: Test Cases/Specific Cases/LS/Inquiry Profile/Contacts FAILED.
Reason:
com.kms.katalon.core.exception.StepFailedException: Unable to click on object 'Object Repository/Specific Cases Repository/LS/Inquiry Profile/Contacts/Page_Inquiry Profile/a_Contacts'
	at com.kms.katalon.core.webui.keyword.internal.WebUIKeywordMain.stepFailed(WebUIKeywordMain.groovy:117)
	at com.kms.katalon.core.webui.keyword.internal.WebUIKeywordMain.runKeyword(WebUIKeywordMain.groovy:43)
	at com.kms.katalon.core.webui.keyword.builtin.ClickKeyword.click(ClickKeyword.groovy:74)
	at com.kms.katalon.core.webui.keyword.builtin.ClickKeyword.execute(ClickKeyword.groovy:40)
	at com.kms.katalon.core.keyword.internal.KeywordExecutor.executeKeywordForPlatform(KeywordExecutor.groovy:74)
	at com.kms.katalon.core.webui.keyword.WebUiBuiltInKeywords.click(WebUiBuiltInKeywords.groovy:659)
	at Contacts.run(Contacts:28)
	at com.kms.katalon.core.main.ScriptEngine.run(ScriptEngine.java:194)
	at com.kms.katalon.core.main.ScriptEngine.runScriptAsRawText(ScriptEngine.java:119)
	at com.kms.katalon.core.main.TestCaseExecutor.runScript(TestCaseExecutor.java:448)
	at com.kms.katalon.core.main.TestCaseExecutor.doExecute(TestCaseExecutor.java:439)
	at com.kms.katalon.core.main.TestCaseExecutor.processExecutionPhase(TestCaseExecutor.java:418)
	at com.kms.katalon.core.main.TestCaseExecutor.accessMainPhase(TestCaseExecutor.java:410)
	at com.kms.katalon.core.main.TestCaseExecutor.execute(TestCaseExecutor.java:285)
	at com.kms.katalon.core.common.CommonExecutor.accessTestCaseMainPhase(CommonExecutor.java:65)
	at com.kms.katalon.core.main.TestSuiteExecutor.accessTestSuiteMainPhase(TestSuiteExecutor.java:150)
	at com.kms.katalon.core.main.TestSuiteExecutor.execute(TestSuiteExecutor.java:106)
	at com.kms.katalon.core.main.TestCaseMain.startTestSuite(TestCaseMain.java:180)
	at TempTestSuite1738104962369.run(TempTestSuite1738104962369.groovy:35)
	at java.base/jdk.internal.reflect.NativeMethodAccessorImpl.invoke0(Native Method)
	at java.base/jdk.internal.reflect.NativeMethodAccessorImpl.invoke(NativeMethodAccessorImpl.java:77)
	at java.base/jdk.internal.reflect.DelegatingMethodAccessorImpl.invoke(DelegatingMethodAccessorImpl.java:43)
Caused by: com.kms.katalon.core.webui.exception.WebElementNotFoundException: Web element with id: 'Object Repository/Specific Cases Repository/LS/Inquiry Profile/Contacts/Page_Inquiry Profile/a_Contacts' located by '//div[@id='contacts']/div/a' not found
	at com.kms.katalon.core.webui.common.WebUiCommonHelper.findWebElement(WebUiCommonHelper.java:1423)
	at com.kms.katalon.core.webui.keyword.internal.WebUIAbstractKeyword.findWebElement(WebUIAbstractKeyword.groovy:27)
	at com.kms.katalon.core.webui.keyword.builtin.ClickKeyword$_click_closure1.doCall(ClickKeyword.groovy:65)
	at com.kms.katalon.core.webui.keyword.builtin.ClickKeyword$_click_closure1.call(ClickKeyword.groovy)
	at com.kms.katalon.core.webui.keyword.internal.WebUIKeywordMain.runKeyword(WebUIKeywordMain.groovy:35)
	... 20 more]]></system-err>
      </testcase>
      <system-out><![CDATA[28-01-2025T17:56:21 - [TEST_SUITE][FAILED] - Inquiry Profile: Test Cases/Specific Cases/LS/Inquiry Profile/Inquiry Profile FAILED.
Reason:
com.kms.katalon.core.exception.StepFailedException: Verify element text of test object 'Object Repository/Specific Cases Repository/LS/Inquiry Profile/Inquiry Profile/Page_Inquiry Profile/div_A Client A Automation' FAILED.
	at com.kms.katalon.core.webui.keyword.internal.WebUIKeywordMain.stepFailed(WebUIKeywordMain.groovy:117)
	at com.kms.katalon.core.webui.keyword.internal.WebUIKeywordMain.runKeyword(WebUIKeywordMain.groovy:43)
	at com.kms.katalon.core.webui.keyword.builtin.VerifyElementTextKeyword.verifyElementText(VerifyElementTextKeyword.groovy:72)
	at com.kms.katalon.core.webui.keyword.builtin.VerifyElementTextKeyword.execute(VerifyElementTextKeyword.groovy:40)
	at com.kms.katalon.core.keyword.internal.KeywordExecutor.executeKeywordForPlatform(KeywordExecutor.groovy:74)
	at com.kms.katalon.core.webui.keyword.WebUiBuiltInKeywords.verifyElementText(WebUiBuiltInKeywords.groovy:4835)
	at Inquiry Profile.run(Inquiry Profile:28)
	at com.kms.katalon.core.main.ScriptEngine.run(ScriptEngine.java:194)
	at com.kms.katalon.core.main.ScriptEngine.runScriptAsRawText(ScriptEngine.java:119)
	at com.kms.katalon.core.main.TestCaseExecutor.runScript(TestCaseExecutor.java:448)
	at com.kms.katalon.core.main.TestCaseExecutor.doExecute(TestCaseExecutor.java:439)
	at com.kms.katalon.core.main.TestCaseExecutor.processExecutionPhase(TestCaseExecutor.java:418)
	at com.kms.katalon.core.main.TestCaseExecutor.accessMainPhase(TestCaseExecutor.java:410)
	at com.kms.katalon.core.main.TestCaseExecutor.execute(TestCaseExecutor.java:285)
	at com.kms.katalon.core.common.CommonExecutor.accessTestCaseMainPhase(CommonExecutor.java:65)
	at com.kms.katalon.core.main.TestSuiteExecutor.accessTestSuiteMainPhase(TestSuiteExecutor.java:150)
	at com.kms.katalon.core.main.TestSuiteExecutor.execute(TestSuiteExecutor.java:106)
	at com.kms.katalon.core.main.TestCaseMain.startTestSuite(TestCaseMain.java:180)
	at TempTestSuite1738104962369.run(TempTestSuite1738104962369.groovy:35)
	at java.base/jdk.internal.reflect.NativeMethodAccessorImpl.invoke0(Native Method)
	at java.base/jdk.internal.reflect.NativeMethodAccessorImpl.invoke(NativeMethodAccessorImpl.java:77)
	at java.base/jdk.internal.reflect.DelegatingMethodAccessorImpl.invoke(DelegatingMethodAccessorImpl.java:43)
Caused by: com.kms.katalon.core.exception.StepFailedException: Actual text 'C Client C Automation' and expected text 'A Client A Automation' of test object 'Object Repository/Specific Cases Repository/LS/Inquiry Profile/Inquiry Profile/Page_Inquiry Profile/div_A Client A Automation' are NOT matched.
	at com.kms.katalon.core.webui.keyword.internal.WebUIKeywordMain.stepFailed(WebUIKeywordMain.groovy:117)
	at com.kms.katalon.core.webui.keyword.builtin.VerifyElementTextKeyword$_verifyElementText_closure1.doCall(VerifyElementTextKeyword.groovy:57)
	at com.kms.katalon.core.webui.keyword.builtin.VerifyElementTextKeyword$_verifyElementText_closure1.call(VerifyElementTextKeyword.groovy)
	at com.kms.katalon.core.webui.keyword.internal.WebUIKeywordMain.runKeyword(WebUIKeywordMain.groovy:35)
	... 20 more]]></system-out>
      <system-err><![CDATA[28-01-2025T17:56:21 - [TEST_SUITE][FAILED] - Inquiry Profile: Test Cases/Specific Cases/LS/Inquiry Profile/Inquiry Profile FAILED.
Reason:
com.kms.katalon.core.exception.StepFailedException: Verify element text of test object 'Object Repository/Specific Cases Repository/LS/Inquiry Profile/Inquiry Profile/Page_Inquiry Profile/div_A Client A Automation' FAILED.
	at com.kms.katalon.core.webui.keyword.internal.WebUIKeywordMain.stepFailed(WebUIKeywordMain.groovy:117)
	at com.kms.katalon.core.webui.keyword.internal.WebUIKeywordMain.runKeyword(WebUIKeywordMain.groovy:43)
	at com.kms.katalon.core.webui.keyword.builtin.VerifyElementTextKeyword.verifyElementText(VerifyElementTextKeyword.groovy:72)
	at com.kms.katalon.core.webui.keyword.builtin.VerifyElementTextKeyword.execute(VerifyElementTextKeyword.groovy:40)
	at com.kms.katalon.core.keyword.internal.KeywordExecutor.executeKeywordForPlatform(KeywordExecutor.groovy:74)
	at com.kms.katalon.core.webui.keyword.WebUiBuiltInKeywords.verifyElementText(WebUiBuiltInKeywords.groovy:4835)
	at Inquiry Profile.run(Inquiry Profile:28)
	at com.kms.katalon.core.main.ScriptEngine.run(ScriptEngine.java:194)
	at com.kms.katalon.core.main.ScriptEngine.runScriptAsRawText(ScriptEngine.java:119)
	at com.kms.katalon.core.main.TestCaseExecutor.runScript(TestCaseExecutor.java:448)
	at com.kms.katalon.core.main.TestCaseExecutor.doExecute(TestCaseExecutor.java:439)
	at com.kms.katalon.core.main.TestCaseExecutor.processExecutionPhase(TestCaseExecutor.java:418)
	at com.kms.katalon.core.main.TestCaseExecutor.accessMainPhase(TestCaseExecutor.java:410)
	at com.kms.katalon.core.main.TestCaseExecutor.execute(TestCaseExecutor.java:285)
	at com.kms.katalon.core.common.CommonExecutor.accessTestCaseMainPhase(CommonExecutor.java:65)
	at com.kms.katalon.core.main.TestSuiteExecutor.accessTestSuiteMainPhase(TestSuiteExecutor.java:150)
	at com.kms.katalon.core.main.TestSuiteExecutor.execute(TestSuiteExecutor.java:106)
	at com.kms.katalon.core.main.TestCaseMain.startTestSuite(TestCaseMain.java:180)
	at TempTestSuite1738104962369.run(TempTestSuite1738104962369.groovy:35)
	at java.base/jdk.internal.reflect.NativeMethodAccessorImpl.invoke0(Native Method)
	at java.base/jdk.internal.reflect.NativeMethodAccessorImpl.invoke(NativeMethodAccessorImpl.java:77)
	at java.base/jdk.internal.reflect.DelegatingMethodAccessorImpl.invoke(DelegatingMethodAccessorImpl.java:43)
Caused by: com.kms.katalon.core.exception.StepFailedException: Actual text 'C Client C Automation' and expected text 'A Client A Automation' of test object 'Object Repository/Specific Cases Repository/LS/Inquiry Profile/Inquiry Profile/Page_Inquiry Profile/div_A Client A Automation' are NOT matched.
	at com.kms.katalon.core.webui.keyword.internal.WebUIKeywordMain.stepFailed(WebUIKeywordMain.groovy:117)
	at com.kms.katalon.core.webui.keyword.builtin.VerifyElementTextKeyword$_verifyElementText_closure1.doCall(VerifyElementTextKeyword.groovy:57)
	at com.kms.katalon.core.webui.keyword.builtin.VerifyElementTextKeyword$_verifyElementText_closure1.call(VerifyElementTextKeyword.groovy)
	at com.kms.katalon.core.webui.keyword.internal.WebUIKeywordMain.runKeyword(WebUIKeywordMain.groovy:35)
	... 20 more]]></system-err>
   </testsuite>
   <testsuite name="Client Profile" tests="28" failures="4" errors="0" time="1659.862" skipped="0" timestamp="28-01-2025T17:56:26" hostname="Enrique - Enrique" id="Test Suites/LS/Client Profile/Client Profile">
      <properties>
         <property name="deviceName" value=""/>
         <property name="devicePlatform"/>
         <property name="logFolder" value="C:\\Users\\Enrique\\git\\AUTOMATION_LS\\Reports\\20250128_175555\\LS\\Client Profile\\Client Profile\\20250128_175604"/>
         <property name="logFiles" value="C:\\Users\\Enrique\\git\\AUTOMATION_LS\\Reports\\20250128_175555\\LS\\Client Profile\\Client Profile\\20250128_175604\\execution0.log"/>
         <property name="attachments" value="C:\\Users\\Enrique\\git\\AUTOMATION_LS\\Reports\\20250128_175555\\LS\\Client Profile\\Client Profile\\20250128_175604\\1738105618448.png, C:\\Users\\Enrique\\git\\AUTOMATION_LS\\Reports\\20250128_175555\\LS\\Client Profile\\Client Profile\\20250128_175604\\1738105618742.png, C:\\Users\\Enrique\\git\\AUTOMATION_LS\\Reports\\20250128_175555\\LS\\Client Profile\\Client Profile\\20250128_175604\\1738106219883.png, C:\\Users\\Enrique\\git\\AUTOMATION_LS\\Reports\\20250128_175555\\LS\\Client Profile\\Client Profile\\20250128_175604\\1738106220110.png, C:\\Users\\Enrique\\git\\AUTOMATION_LS\\Reports\\20250128_175555\\LS\\Client Profile\\Client Profile\\20250128_175604\\1738106571151.png, C:\\Users\\Enrique\\git\\AUTOMATION_LS\\Reports\\20250128_175555\\LS\\Client Profile\\Client Profile\\20250128_175604\\1738106645896.png, C:\\Users\\Enrique\\git\\AUTOMATION_LS\\Reports\\20250128_175555\\LS\\Client Profile\\Client Profile\\20250128_175604\\1738106646113.png"/>
         <property name="hostName" value="Enrique - Enrique"/>
         <property name="os" value="Windows 11 64bit"/>
         <property name="katalonVersion" value="9.7.3.223"/>
         <property name="browser" value="Chrome 131.0.0.0"/>
         <property name="hostAddress" value="192.168.100.166"/>
         <property name="sessionId" value="6772ada4980907e6e188dd4c4a5779b5"/>
         <property name="seleniumVersion" value="3.141.59"/>
         <property name="proxyInformation" value="ProxyInformation { proxyOption=NO_PROXY, proxyServerType=HTTP, username=, password=********, proxyServerAddress=, proxyServerPort=0, executionList=&quot;&quot;, isApplyToDesiredCapabilities=true }"/>
         <property name="platform" value="Windows 11"/>
      </properties>
      <testcase name="Test Cases/Specific Cases/LS/Client Profile/Diagnosis" time="27.75" classname="Test Cases/Specific Cases/LS/Client Profile/Diagnosis" status="PASSED">
         <system-out><![CDATA[28-01-2025T17:56:26 - [TEST_CASE][PASSED] - Test Cases/Specific Cases/LS/Client Profile/Diagnosis: Test Cases/Specific Cases/LS/Client Profile/Diagnosis

28-01-2025T17:56:26 - [TEST_STEP][PASSED] - callTestCase(findTestCase("Common Cases/Login"), [:], STOP_ON_FAILURE): Call Test Case 'Test Cases/Common Cases/Login' successfully

28-01-2025T17:56:27 - [TEST_CASE][PASSED] - Test Cases/Common Cases/Login: Test Cases/Common Cases/Login

28-01-2025T17:56:27 - [TEST_STEP][PASSED] - openBrowser(""): Browser is opened with url: ''

28-01-2025T17:56:27 - [MESSAGE][INFO] - Starting 'Chrome' driver

28-01-2025T17:56:27 - [MESSAGE][INFO] - Action delay is set to 0 milliseconds

28-01-2025T17:56:28 - [MESSAGE][PASSED] - Browser is opened with url: ''

28-01-2025T17:56:28 - [TEST_STEP][PASSED] - maximizeWindow(): Current window maximized

28-01-2025T17:56:29 - [MESSAGE][PASSED] - Current window maximized

28-01-2025T17:56:29 - [TEST_STEP][PASSED] - navigateToUrl("https://site17.lsapp.cloud/auth/login"): Navigate to 'https://site17.lsapp.cloud/auth/login' successfully

28-01-2025T17:56:40 - [MESSAGE][PASSED] - Navigate to 'https://site17.lsapp.cloud/auth/login' successfully

28-01-2025T17:56:40 - [TEST_STEP][PASSED] - setText(findTestObject("Object Repository/Common Cases Repository/Login/Page_Lightning Step/input_Email_email"), "automation@lightningstep.com"): Text 'automation@lightningstep.com' is set on object 'Object Repository/Common Cases Repository/Login/Page_Lightning Step/input_Email_email'

28-01-2025T17:56:41 - [MESSAGE][PASSED] - Text 'automation@lightningstep.com' is set on object 'Object Repository/Common Cases Repository/Login/Page_Lightning Step/input_Email_email'

28-01-2025T17:56:41 - [TEST_STEP][PASSED] - setEncryptedText(findTestObject("Object Repository/Common Cases Repository/Login/Page_Lightning Step/input_Password_password"), "e5N8VHmnhJDITtQaQhDQDw=="): Text ****** has been set on object 'Object Repository/Common Cases Repository/Login/Page_Lightning Step/input_Password_password'

28-01-2025T17:56:41 - [MESSAGE][PASSED] - Text ****** has been set on object 'Object Repository/Common Cases Repository/Login/Page_Lightning Step/input_Password_password'

28-01-2025T17:56:41 - [TEST_STEP][PASSED] - click(findTestObject("Object Repository/Common Cases Repository/Login/Page_Lightning Step/button_Sign in")): Object: 'Object Repository/Common Cases Repository/Login/Page_Lightning Step/button_Sign in' is clicked on

28-01-2025T17:56:47 - [MESSAGE][PASSED] - Object: 'Object Repository/Common Cases Repository/Login/Page_Lightning Step/button_Sign in' is clicked on

28-01-2025T17:56:47 - [MESSAGE][PASSED] - Call Test Case 'Test Cases/Common Cases/Login' successfully

28-01-2025T17:56:47 - [TEST_STEP][PASSED] - navigateToUrl("https://site17.lsapp.cloud/client/index/1557"): Navigate to 'https://site17.lsapp.cloud/client/index/1557' successfully

28-01-2025T17:56:54 - [MESSAGE][PASSED] - Navigate to 'https://site17.lsapp.cloud/client/index/1557' successfully]]></system-out>
         <system-err><![CDATA[]]></system-err>
      </testcase>
      <testcase name="Test Cases/Specific Cases/LS/Client Profile/Allergies-Vitals-Labs/Allergies" time="40.448" classname="Test Cases/Specific Cases/LS/Client Profile/Allergies-Vitals-Labs/Allergies" status="PASSED">
         <system-out><![CDATA[28-01-2025T17:56:54 - [TEST_CASE][PASSED] - Test Cases/Specific Cases/LS/Client Profile/Allergies-Vitals-Labs/Allergies: Test Cases/Specific Cases/LS/Client Profile/Allergies-Vitals-Labs/Allergies

28-01-2025T17:56:54 - [TEST_STEP][PASSED] - callTestCase(findTestCase("Common Cases/Login"), [:], STOP_ON_FAILURE): Call Test Case 'Test Cases/Common Cases/Login' successfully

28-01-2025T17:56:54 - [TEST_CASE][PASSED] - Test Cases/Common Cases/Login: Test Cases/Common Cases/Login

28-01-2025T17:56:54 - [TEST_STEP][PASSED] - openBrowser(""): Browser is opened with url: ''

28-01-2025T17:56:54 - [MESSAGE][WARNING] - A browser is already opened. Closing browser and opening a new one

28-01-2025T17:56:54 - [MESSAGE][INFO] - Starting 'Chrome' driver

28-01-2025T17:56:54 - [MESSAGE][INFO] - Action delay is set to 0 milliseconds

28-01-2025T17:56:55 - [MESSAGE][PASSED] - Browser is opened with url: ''

28-01-2025T17:56:55 - [TEST_STEP][PASSED] - maximizeWindow(): Current window maximized

28-01-2025T17:56:55 - [MESSAGE][PASSED] - Current window maximized

28-01-2025T17:56:55 - [TEST_STEP][PASSED] - navigateToUrl("https://site17.lsapp.cloud/auth/login"): Navigate to 'https://site17.lsapp.cloud/auth/login' successfully

28-01-2025T17:56:59 - [MESSAGE][PASSED] - Navigate to 'https://site17.lsapp.cloud/auth/login' successfully

28-01-2025T17:56:59 - [TEST_STEP][PASSED] - setText(findTestObject("Object Repository/Common Cases Repository/Login/Page_Lightning Step/input_Email_email"), "automation@lightningstep.com"): Text 'automation@lightningstep.com' is set on object 'Object Repository/Common Cases Repository/Login/Page_Lightning Step/input_Email_email'

28-01-2025T17:57:00 - [MESSAGE][PASSED] - Text 'automation@lightningstep.com' is set on object 'Object Repository/Common Cases Repository/Login/Page_Lightning Step/input_Email_email'

28-01-2025T17:57:00 - [TEST_STEP][PASSED] - setEncryptedText(findTestObject("Object Repository/Common Cases Repository/Login/Page_Lightning Step/input_Password_password"), "e5N8VHmnhJDITtQaQhDQDw=="): Text ****** has been set on object 'Object Repository/Common Cases Repository/Login/Page_Lightning Step/input_Password_password'

28-01-2025T17:57:00 - [MESSAGE][PASSED] - Text ****** has been set on object 'Object Repository/Common Cases Repository/Login/Page_Lightning Step/input_Password_password'

28-01-2025T17:57:00 - [TEST_STEP][PASSED] - click(findTestObject("Object Repository/Common Cases Repository/Login/Page_Lightning Step/button_Sign in")): Object: 'Object Repository/Common Cases Repository/Login/Page_Lightning Step/button_Sign in' is clicked on

28-01-2025T17:57:05 - [MESSAGE][PASSED] - Object: 'Object Repository/Common Cases Repository/Login/Page_Lightning Step/button_Sign in' is clicked on

28-01-2025T17:57:05 - [MESSAGE][PASSED] - Call Test Case 'Test Cases/Common Cases/Login' successfully

28-01-2025T17:57:05 - [TEST_STEP][PASSED] - navigateToUrl("https://site17.lsapp.cloud/client/index/1560?section=medicalassess"): Navigate to 'https://site17.lsapp.cloud/client/index/1560?section=medicalassess' successfully

28-01-2025T17:57:14 - [MESSAGE][PASSED] - Navigate to 'https://site17.lsapp.cloud/client/index/1560?section=medicalassess' successfully

28-01-2025T17:57:14 - [TEST_STEP][PASSED] - click(findTestObject("Object Repository/Specific Cases Repository/LS/Client Profile/Allergies-Vitals-Labs/Allergies/Page_Client Profile/h4_Allergies")): Object: 'Object Repository/Specific Cases Repository/LS/Client Profile/Allergies-Vitals-Labs/Allergies/Page_Client Profile/h4_Allergies' is clicked on

28-01-2025T17:57:16 - [MESSAGE][PASSED] - Object: 'Object Repository/Specific Cases Repository/LS/Client Profile/Allergies-Vitals-Labs/Allergies/Page_Client Profile/h4_Allergies' is clicked on

28-01-2025T17:57:16 - [TEST_STEP][PASSED] - click(findTestObject("Object Repository/Specific Cases Repository/LS/Client Profile/Allergies-Vitals-Labs/Allergies/Page_Client Profile/i_add")): Object: 'Object Repository/Specific Cases Repository/LS/Client Profile/Allergies-Vitals-Labs/Allergies/Page_Client Profile/i_add' is clicked on

28-01-2025T17:57:17 - [MESSAGE][PASSED] - Object: 'Object Repository/Specific Cases Repository/LS/Client Profile/Allergies-Vitals-Labs/Allergies/Page_Client Profile/i_add' is clicked on

28-01-2025T17:57:17 - [TEST_STEP][PASSED] - selectOptionByValue(findTestObject("Object Repository/Specific Cases Repository/LS/Client Profile/Allergies-Vitals-Labs/Allergies/Page_Client Profile/select_-- Please Select --                 _809191"), "Food", true): All options with value 'Food' are selected in object 'Object Repository/Specific Cases Repository/LS/Client Profile/Allergies-Vitals-Labs/Allergies/Page_Client Profile/select_-- Please Select --                 _809191'  using regular expression

28-01-2025T17:57:18 - [MESSAGE][PASSED] - All options with value 'Food' are selected in object 'Object Repository/Specific Cases Repository/LS/Client Profile/Allergies-Vitals-Labs/Allergies/Page_Client Profile/select_-- Please Select --                 _809191'  using regular expression

28-01-2025T17:57:18 - [TEST_STEP][PASSED] - setText(findTestObject("Object Repository/Specific Cases Repository/LS/Client Profile/Allergies-Vitals-Labs/Allergies/Page_Client Profile/input_Reaction_mdl_allergy_add_reaction"), "Dead"): Text 'Dead' is set on object 'Object Repository/Specific Cases Repository/LS/Client Profile/Allergies-Vitals-Labs/Allergies/Page_Client Profile/input_Reaction_mdl_allergy_add_reaction'

28-01-2025T17:57:18 - [MESSAGE][PASSED] - Text 'Dead' is set on object 'Object Repository/Specific Cases Repository/LS/Client Profile/Allergies-Vitals-Labs/Allergies/Page_Client Profile/input_Reaction_mdl_allergy_add_reaction'

28-01-2025T17:57:18 - [TEST_STEP][PASSED] - setText(findTestObject("Object Repository/Specific Cases Repository/LS/Client Profile/Allergies-Vitals-Labs/Allergies/Page_Client Profile/input_Substance_mdl_allergy_add_substance"), "Apple"): Text 'Apple' is set on object 'Object Repository/Specific Cases Repository/LS/Client Profile/Allergies-Vitals-Labs/Allergies/Page_Client Profile/input_Substance_mdl_allergy_add_substance'

28-01-2025T17:57:19 - [MESSAGE][PASSED] - Text 'Apple' is set on object 'Object Repository/Specific Cases Repository/LS/Client Profile/Allergies-Vitals-Labs/Allergies/Page_Client Profile/input_Substance_mdl_allergy_add_substance'

28-01-2025T17:57:19 - [TEST_STEP][PASSED] - setText(findTestObject("Object Repository/Specific Cases Repository/LS/Client Profile/Allergies-Vitals-Labs/Allergies/Page_Client Profile/input_How Addressed_mdl_allergy_add_howaddress"), "Eating"): Text 'Eating' is set on object 'Object Repository/Specific Cases Repository/LS/Client Profile/Allergies-Vitals-Labs/Allergies/Page_Client Profile/input_How Addressed_mdl_allergy_add_howaddress'

28-01-2025T17:57:20 - [MESSAGE][PASSED] - Text 'Eating' is set on object 'Object Repository/Specific Cases Repository/LS/Client Profile/Allergies-Vitals-Labs/Allergies/Page_Client Profile/input_How Addressed_mdl_allergy_add_howaddress'

28-01-2025T17:57:20 - [TEST_STEP][PASSED] - selectOptionByValue(findTestObject("Object Repository/Specific Cases Repository/LS/Client Profile/Allergies-Vitals-Labs/Allergies/Page_Client Profile/select_Mild                                _ee765f"), "Severe", true): All options with value 'Severe' are selected in object 'Object Repository/Specific Cases Repository/LS/Client Profile/Allergies-Vitals-Labs/Allergies/Page_Client Profile/select_Mild                                _ee765f'  using regular expression

28-01-2025T17:57:21 - [MESSAGE][PASSED] - All options with value 'Severe' are selected in object 'Object Repository/Specific Cases Repository/LS/Client Profile/Allergies-Vitals-Labs/Allergies/Page_Client Profile/select_Mild                                _ee765f'  using regular expression

28-01-2025T17:57:21 - [TEST_STEP][PASSED] - click(findTestObject("Object Repository/Specific Cases Repository/LS/Client Profile/Allergies-Vitals-Labs/Allergies/Page_Client Profile/span_Potentially Life-threatening_check")): Object: 'Object Repository/Specific Cases Repository/LS/Client Profile/Allergies-Vitals-Labs/Allergies/Page_Client Profile/span_Potentially Life-threatening_check' is clicked on

28-01-2025T17:57:21 - [MESSAGE][PASSED] - Object: 'Object Repository/Specific Cases Repository/LS/Client Profile/Allergies-Vitals-Labs/Allergies/Page_Client Profile/span_Potentially Life-threatening_check' is clicked on

28-01-2025T17:57:21 - [TEST_STEP][PASSED] - click(findTestObject("Object Repository/Specific Cases Repository/LS/Client Profile/Allergies-Vitals-Labs/Allergies/Page_Client Profile/button_Save")): Object: 'Object Repository/Specific Cases Repository/LS/Client Profile/Allergies-Vitals-Labs/Allergies/Page_Client Profile/button_Save' is clicked on

28-01-2025T17:57:22 - [MESSAGE][PASSED] - Object: 'Object Repository/Specific Cases Repository/LS/Client Profile/Allergies-Vitals-Labs/Allergies/Page_Client Profile/button_Save' is clicked on

28-01-2025T17:57:22 - [TEST_STEP][PASSED] - verifyElementText(findTestObject("Object Repository/Specific Cases Repository/LS/Client Profile/Allergies-Vitals-Labs/Allergies/Page_Client Profile/td_Food"), "Food"): Actual text and expected text of test object 'Object Repository/Specific Cases Repository/LS/Client Profile/Allergies-Vitals-Labs/Allergies/Page_Client Profile/td_Food' are matched.

28-01-2025T17:57:23 - [MESSAGE][PASSED] - Actual text and expected text of test object 'Object Repository/Specific Cases Repository/LS/Client Profile/Allergies-Vitals-Labs/Allergies/Page_Client Profile/td_Food' are matched.

28-01-2025T17:57:23 - [TEST_STEP][PASSED] - verifyElementText(findTestObject("Object Repository/Specific Cases Repository/LS/Client Profile/Allergies-Vitals-Labs/Allergies/Page_Client Profile/td_Apple"), "Apple"): Actual text and expected text of test object 'Object Repository/Specific Cases Repository/LS/Client Profile/Allergies-Vitals-Labs/Allergies/Page_Client Profile/td_Apple' are matched.

28-01-2025T17:57:23 - [MESSAGE][PASSED] - Actual text and expected text of test object 'Object Repository/Specific Cases Repository/LS/Client Profile/Allergies-Vitals-Labs/Allergies/Page_Client Profile/td_Apple' are matched.

28-01-2025T17:57:23 - [TEST_STEP][PASSED] - verifyElementText(findTestObject("Object Repository/Specific Cases Repository/LS/Client Profile/Allergies-Vitals-Labs/Allergies/Page_Client Profile/td_Yes"), "Yes"): Actual text and expected text of test object 'Object Repository/Specific Cases Repository/LS/Client Profile/Allergies-Vitals-Labs/Allergies/Page_Client Profile/td_Yes' are matched.

28-01-2025T17:57:24 - [MESSAGE][PASSED] - Actual text and expected text of test object 'Object Repository/Specific Cases Repository/LS/Client Profile/Allergies-Vitals-Labs/Allergies/Page_Client Profile/td_Yes' are matched.

28-01-2025T17:57:24 - [TEST_STEP][PASSED] - verifyElementText(findTestObject("Object Repository/Specific Cases Repository/LS/Client Profile/Allergies-Vitals-Labs/Allergies/Page_Client Profile/td_Dead"), "Dead"): Actual text and expected text of test object 'Object Repository/Specific Cases Repository/LS/Client Profile/Allergies-Vitals-Labs/Allergies/Page_Client Profile/td_Dead' are matched.

28-01-2025T17:57:24 - [MESSAGE][PASSED] - Actual text and expected text of test object 'Object Repository/Specific Cases Repository/LS/Client Profile/Allergies-Vitals-Labs/Allergies/Page_Client Profile/td_Dead' are matched.

28-01-2025T17:57:24 - [TEST_STEP][PASSED] - verifyElementText(findTestObject("Object Repository/Specific Cases Repository/LS/Client Profile/Allergies-Vitals-Labs/Allergies/Page_Client Profile/td_Severe"), "Severe"): Actual text and expected text of test object 'Object Repository/Specific Cases Repository/LS/Client Profile/Allergies-Vitals-Labs/Allergies/Page_Client Profile/td_Severe' are matched.

28-01-2025T17:57:24 - [MESSAGE][PASSED] - Actual text and expected text of test object 'Object Repository/Specific Cases Repository/LS/Client Profile/Allergies-Vitals-Labs/Allergies/Page_Client Profile/td_Severe' are matched.

28-01-2025T17:57:24 - [TEST_STEP][PASSED] - verifyElementText(findTestObject("Object Repository/Specific Cases Repository/LS/Client Profile/Allergies-Vitals-Labs/Allergies/Page_Client Profile/td_Eating"), "Eating"): Actual text and expected text of test object 'Object Repository/Specific Cases Repository/LS/Client Profile/Allergies-Vitals-Labs/Allergies/Page_Client Profile/td_Eating' are matched.

28-01-2025T17:57:25 - [MESSAGE][PASSED] - Actual text and expected text of test object 'Object Repository/Specific Cases Repository/LS/Client Profile/Allergies-Vitals-Labs/Allergies/Page_Client Profile/td_Eating' are matched.

28-01-2025T17:57:25 - [TEST_STEP][PASSED] - click(findTestObject("Object Repository/Specific Cases Repository/LS/Client Profile/Allergies-Vitals-Labs/Allergies/Page_Client Profile/i_Eating_fa fa-edit")): Object: 'Object Repository/Specific Cases Repository/LS/Client Profile/Allergies-Vitals-Labs/Allergies/Page_Client Profile/i_Eating_fa fa-edit' is clicked on

28-01-2025T17:57:25 - [MESSAGE][PASSED] - Object: 'Object Repository/Specific Cases Repository/LS/Client Profile/Allergies-Vitals-Labs/Allergies/Page_Client Profile/i_Eating_fa fa-edit' is clicked on

28-01-2025T17:57:25 - [TEST_STEP][PASSED] - selectOptionByValue(findTestObject("Object Repository/Specific Cases Repository/LS/Client Profile/Allergies-Vitals-Labs/Allergies/Page_Client Profile/select_Mild                                _ee765f_1"), "Moderate", true): All options with value 'Moderate' are selected in object 'Object Repository/Specific Cases Repository/LS/Client Profile/Allergies-Vitals-Labs/Allergies/Page_Client Profile/select_Mild                                _ee765f_1'  using regular expression

28-01-2025T17:57:27 - [MESSAGE][PASSED] - All options with value 'Moderate' are selected in object 'Object Repository/Specific Cases Repository/LS/Client Profile/Allergies-Vitals-Labs/Allergies/Page_Client Profile/select_Mild                                _ee765f_1'  using regular expression

28-01-2025T17:57:27 - [TEST_STEP][PASSED] - click(findTestObject("Object Repository/Specific Cases Repository/LS/Client Profile/Allergies-Vitals-Labs/Allergies/Page_Client Profile/span_Potentially Life-threatening_check_1")): Object: 'Object Repository/Specific Cases Repository/LS/Client Profile/Allergies-Vitals-Labs/Allergies/Page_Client Profile/span_Potentially Life-threatening_check_1' is clicked on

28-01-2025T17:57:27 - [MESSAGE][PASSED] - Object: 'Object Repository/Specific Cases Repository/LS/Client Profile/Allergies-Vitals-Labs/Allergies/Page_Client Profile/span_Potentially Life-threatening_check_1' is clicked on

28-01-2025T17:57:27 - [TEST_STEP][PASSED] - setText(findTestObject("Object Repository/Specific Cases Repository/LS/Client Profile/Allergies-Vitals-Labs/Allergies/Page_Client Profile/input_Substance_mdl_allergy_edit_substance"), "Orange"): Text 'Orange' is set on object 'Object Repository/Specific Cases Repository/LS/Client Profile/Allergies-Vitals-Labs/Allergies/Page_Client Profile/input_Substance_mdl_allergy_edit_substance'

28-01-2025T17:57:28 - [MESSAGE][PASSED] - Text 'Orange' is set on object 'Object Repository/Specific Cases Repository/LS/Client Profile/Allergies-Vitals-Labs/Allergies/Page_Client Profile/input_Substance_mdl_allergy_edit_substance'

28-01-2025T17:57:28 - [TEST_STEP][PASSED] - setText(findTestObject("Object Repository/Specific Cases Repository/LS/Client Profile/Allergies-Vitals-Labs/Allergies/Page_Client Profile/input_Reaction_mdl_allergy_edit_reaction"), "Happiness"): Text 'Happiness' is set on object 'Object Repository/Specific Cases Repository/LS/Client Profile/Allergies-Vitals-Labs/Allergies/Page_Client Profile/input_Reaction_mdl_allergy_edit_reaction'

28-01-2025T17:57:29 - [MESSAGE][PASSED] - Text 'Happiness' is set on object 'Object Repository/Specific Cases Repository/LS/Client Profile/Allergies-Vitals-Labs/Allergies/Page_Client Profile/input_Reaction_mdl_allergy_edit_reaction'

28-01-2025T17:57:29 - [TEST_STEP][PASSED] - click(findTestObject("Object Repository/Specific Cases Repository/LS/Client Profile/Allergies-Vitals-Labs/Allergies/Page_Client Profile/button_Save_1")): Object: 'Object Repository/Specific Cases Repository/LS/Client Profile/Allergies-Vitals-Labs/Allergies/Page_Client Profile/button_Save_1' is clicked on

28-01-2025T17:57:29 - [MESSAGE][PASSED] - Object: 'Object Repository/Specific Cases Repository/LS/Client Profile/Allergies-Vitals-Labs/Allergies/Page_Client Profile/button_Save_1' is clicked on

28-01-2025T17:57:29 - [TEST_STEP][PASSED] - verifyElementText(findTestObject("Object Repository/Specific Cases Repository/LS/Client Profile/Allergies-Vitals-Labs/Allergies/Page_Client Profile/td_No"), "No"): Actual text and expected text of test object 'Object Repository/Specific Cases Repository/LS/Client Profile/Allergies-Vitals-Labs/Allergies/Page_Client Profile/td_No' are matched.

28-01-2025T17:57:30 - [MESSAGE][PASSED] - Actual text and expected text of test object 'Object Repository/Specific Cases Repository/LS/Client Profile/Allergies-Vitals-Labs/Allergies/Page_Client Profile/td_No' are matched.

28-01-2025T17:57:30 - [TEST_STEP][PASSED] - verifyElementText(findTestObject("Object Repository/Specific Cases Repository/LS/Client Profile/Allergies-Vitals-Labs/Allergies/Page_Client Profile/td_Happiness"), "Happiness"): Actual text and expected text of test object 'Object Repository/Specific Cases Repository/LS/Client Profile/Allergies-Vitals-Labs/Allergies/Page_Client Profile/td_Happiness' are matched.

28-01-2025T17:57:31 - [MESSAGE][PASSED] - Actual text and expected text of test object 'Object Repository/Specific Cases Repository/LS/Client Profile/Allergies-Vitals-Labs/Allergies/Page_Client Profile/td_Happiness' are matched.

28-01-2025T17:57:31 - [TEST_STEP][PASSED] - verifyElementText(findTestObject("Object Repository/Specific Cases Repository/LS/Client Profile/Allergies-Vitals-Labs/Allergies/Page_Client Profile/td_Orange"), "Orange"): Actual text and expected text of test object 'Object Repository/Specific Cases Repository/LS/Client Profile/Allergies-Vitals-Labs/Allergies/Page_Client Profile/td_Orange' are matched.

28-01-2025T17:57:31 - [MESSAGE][PASSED] - Actual text and expected text of test object 'Object Repository/Specific Cases Repository/LS/Client Profile/Allergies-Vitals-Labs/Allergies/Page_Client Profile/td_Orange' are matched.

28-01-2025T17:57:31 - [TEST_STEP][PASSED] - verifyElementText(findTestObject("Object Repository/Specific Cases Repository/LS/Client Profile/Allergies-Vitals-Labs/Allergies/Page_Client Profile/td_Moderate"), "Moderate"): Actual text and expected text of test object 'Object Repository/Specific Cases Repository/LS/Client Profile/Allergies-Vitals-Labs/Allergies/Page_Client Profile/td_Moderate' are matched.

28-01-2025T17:57:31 - [MESSAGE][PASSED] - Actual text and expected text of test object 'Object Repository/Specific Cases Repository/LS/Client Profile/Allergies-Vitals-Labs/Allergies/Page_Client Profile/td_Moderate' are matched.

28-01-2025T17:57:31 - [TEST_STEP][PASSED] - click(findTestObject("Object Repository/Specific Cases Repository/LS/Client Profile/Allergies-Vitals-Labs/Allergies/Page_Client Profile/i_Eating_fa fa-edit")): Object: 'Object Repository/Specific Cases Repository/LS/Client Profile/Allergies-Vitals-Labs/Allergies/Page_Client Profile/i_Eating_fa fa-edit' is clicked on

28-01-2025T17:57:32 - [MESSAGE][PASSED] - Object: 'Object Repository/Specific Cases Repository/LS/Client Profile/Allergies-Vitals-Labs/Allergies/Page_Client Profile/i_Eating_fa fa-edit' is clicked on

28-01-2025T17:57:32 - [TEST_STEP][PASSED] - click(findTestObject("Object Repository/Specific Cases Repository/LS/Client Profile/Allergies-Vitals-Labs/Allergies/Page_Client Profile/span_Entered in Error_check")): Object: 'Object Repository/Specific Cases Repository/LS/Client Profile/Allergies-Vitals-Labs/Allergies/Page_Client Profile/span_Entered in Error_check' is clicked on

28-01-2025T17:57:33 - [MESSAGE][PASSED] - Object: 'Object Repository/Specific Cases Repository/LS/Client Profile/Allergies-Vitals-Labs/Allergies/Page_Client Profile/span_Entered in Error_check' is clicked on

28-01-2025T17:57:33 - [TEST_STEP][PASSED] - click(findTestObject("Object Repository/Specific Cases Repository/LS/Client Profile/Allergies-Vitals-Labs/Allergies/Page_Client Profile/button_Save_1")): Object: 'Object Repository/Specific Cases Repository/LS/Client Profile/Allergies-Vitals-Labs/Allergies/Page_Client Profile/button_Save_1' is clicked on

28-01-2025T17:57:33 - [MESSAGE][PASSED] - Object: 'Object Repository/Specific Cases Repository/LS/Client Profile/Allergies-Vitals-Labs/Allergies/Page_Client Profile/button_Save_1' is clicked on

28-01-2025T17:57:33 - [TEST_STEP][PASSED] - verifyElementText(findTestObject("Object Repository/Specific Cases Repository/LS/Client Profile/Allergies-Vitals-Labs/Allergies/Page_Client Profile/td_No allergies to display"), "No allergies to display"): Actual text and expected text of test object 'Object Repository/Specific Cases Repository/LS/Client Profile/Allergies-Vitals-Labs/Allergies/Page_Client Profile/td_No allergies to display' are matched.

28-01-2025T17:57:34 - [MESSAGE][PASSED] - Actual text and expected text of test object 'Object Repository/Specific Cases Repository/LS/Client Profile/Allergies-Vitals-Labs/Allergies/Page_Client Profile/td_No allergies to display' are matched.

28-01-2025T17:57:34 - [TEST_STEP][PASSED] - closeBrowser(): Browser is closed

28-01-2025T17:57:34 - [MESSAGE][PASSED] - Browser is closed]]></system-out>
         <system-err><![CDATA[]]></system-err>
      </testcase>
      <testcase name="Test Cases/Specific Cases/LS/Client Profile/Allergies-Vitals-Labs/BAL" time="54.69" classname="Test Cases/Specific Cases/LS/Client Profile/Allergies-Vitals-Labs/BAL" status="PASSED">
         <system-out><![CDATA[28-01-2025T17:57:34 - [TEST_CASE][PASSED] - Test Cases/Specific Cases/LS/Client Profile/Allergies-Vitals-Labs/BAL: Test Cases/Specific Cases/LS/Client Profile/Allergies-Vitals-Labs/BAL

28-01-2025T17:57:35 - [TEST_STEP][PASSED] - callTestCase(findTestCase("Common Cases/Login"), [:], STOP_ON_FAILURE): Call Test Case 'Test Cases/Common Cases/Login' successfully

28-01-2025T17:57:35 - [TEST_CASE][PASSED] - Test Cases/Common Cases/Login: Test Cases/Common Cases/Login

28-01-2025T17:57:35 - [TEST_STEP][PASSED] - openBrowser(""): Browser is opened with url: ''

28-01-2025T17:57:35 - [MESSAGE][INFO] - Starting 'Chrome' driver

28-01-2025T17:57:35 - [MESSAGE][INFO] - Action delay is set to 0 milliseconds

28-01-2025T17:57:35 - [MESSAGE][PASSED] - Browser is opened with url: ''

28-01-2025T17:57:35 - [TEST_STEP][PASSED] - maximizeWindow(): Current window maximized

28-01-2025T17:57:35 - [MESSAGE][PASSED] - Current window maximized

28-01-2025T17:57:35 - [TEST_STEP][PASSED] - navigateToUrl("https://site17.lsapp.cloud/auth/login"): Navigate to 'https://site17.lsapp.cloud/auth/login' successfully

28-01-2025T17:57:38 - [MESSAGE][PASSED] - Navigate to 'https://site17.lsapp.cloud/auth/login' successfully

28-01-2025T17:57:38 - [TEST_STEP][PASSED] - setText(findTestObject("Object Repository/Common Cases Repository/Login/Page_Lightning Step/input_Email_email"), "automation@lightningstep.com"): Text 'automation@lightningstep.com' is set on object 'Object Repository/Common Cases Repository/Login/Page_Lightning Step/input_Email_email'

28-01-2025T17:57:39 - [MESSAGE][PASSED] - Text 'automation@lightningstep.com' is set on object 'Object Repository/Common Cases Repository/Login/Page_Lightning Step/input_Email_email'

28-01-2025T17:57:39 - [TEST_STEP][PASSED] - setEncryptedText(findTestObject("Object Repository/Common Cases Repository/Login/Page_Lightning Step/input_Password_password"), "e5N8VHmnhJDITtQaQhDQDw=="): Text ****** has been set on object 'Object Repository/Common Cases Repository/Login/Page_Lightning Step/input_Password_password'

28-01-2025T17:57:40 - [MESSAGE][PASSED] - Text ****** has been set on object 'Object Repository/Common Cases Repository/Login/Page_Lightning Step/input_Password_password'

28-01-2025T17:57:40 - [TEST_STEP][PASSED] - click(findTestObject("Object Repository/Common Cases Repository/Login/Page_Lightning Step/button_Sign in")): Object: 'Object Repository/Common Cases Repository/Login/Page_Lightning Step/button_Sign in' is clicked on

28-01-2025T17:57:44 - [MESSAGE][PASSED] - Object: 'Object Repository/Common Cases Repository/Login/Page_Lightning Step/button_Sign in' is clicked on

28-01-2025T17:57:44 - [MESSAGE][PASSED] - Call Test Case 'Test Cases/Common Cases/Login' successfully

28-01-2025T17:57:44 - [TEST_STEP][PASSED] - click(findTestObject("Object Repository/Specific Cases Repository/LS/Client Profile/Allergies-Vitals-Labs/BAL/Page_Home/a_Census")): Object: 'Object Repository/Specific Cases Repository/LS/Client Profile/Allergies-Vitals-Labs/BAL/Page_Home/a_Census' is clicked on

28-01-2025T17:57:46 - [MESSAGE][PASSED] - Object: 'Object Repository/Specific Cases Repository/LS/Client Profile/Allergies-Vitals-Labs/BAL/Page_Home/a_Census' is clicked on

28-01-2025T17:57:46 - [TEST_STEP][PASSED] - click(findTestObject("Object Repository/Specific Cases Repository/LS/Client Profile/Allergies-Vitals-Labs/BAL/Page_Home/a_A Automation, A Client")): Object: 'Object Repository/Specific Cases Repository/LS/Client Profile/Allergies-Vitals-Labs/BAL/Page_Home/a_A Automation, A Client' is clicked on

28-01-2025T17:57:56 - [MESSAGE][PASSED] - Object: 'Object Repository/Specific Cases Repository/LS/Client Profile/Allergies-Vitals-Labs/BAL/Page_Home/a_A Automation, A Client' is clicked on

28-01-2025T17:57:56 - [TEST_STEP][PASSED] - click(findTestObject("Object Repository/Specific Cases Repository/LS/Client Profile/Allergies-Vitals-Labs/BAL/Page_Client Profile/a_Allergies  Vitals  Labs")): Object: 'Object Repository/Specific Cases Repository/LS/Client Profile/Allergies-Vitals-Labs/BAL/Page_Client Profile/a_Allergies  Vitals  Labs' is clicked on

28-01-2025T17:57:56 - [MESSAGE][PASSED] - Object: 'Object Repository/Specific Cases Repository/LS/Client Profile/Allergies-Vitals-Labs/BAL/Page_Client Profile/a_Allergies  Vitals  Labs' is clicked on

28-01-2025T17:57:56 - [TEST_STEP][PASSED] - click(findTestObject("Object Repository/Specific Cases Repository/LS/Client Profile/Allergies-Vitals-Labs/BAL/Page_Client Profile/h4_BAL")): Object: 'Object Repository/Specific Cases Repository/LS/Client Profile/Allergies-Vitals-Labs/BAL/Page_Client Profile/h4_BAL' is clicked on

28-01-2025T17:57:57 - [MESSAGE][PASSED] - Object: 'Object Repository/Specific Cases Repository/LS/Client Profile/Allergies-Vitals-Labs/BAL/Page_Client Profile/h4_BAL' is clicked on

28-01-2025T17:57:57 - [TEST_STEP][PASSED] - click(findTestObject("Object Repository/Specific Cases Repository/LS/Client Profile/Allergies-Vitals-Labs/BAL/Page_Client Profile/i_add")): Object: 'Object Repository/Specific Cases Repository/LS/Client Profile/Allergies-Vitals-Labs/BAL/Page_Client Profile/i_add' is clicked on

28-01-2025T17:58:05 - [MESSAGE][PASSED] - Object: 'Object Repository/Specific Cases Repository/LS/Client Profile/Allergies-Vitals-Labs/BAL/Page_Client Profile/i_add' is clicked on

28-01-2025T17:58:05 - [TEST_STEP][PASSED] - setText(findTestObject("Object Repository/Specific Cases Repository/LS/Client Profile/Allergies-Vitals-Labs/BAL/Page_Blood Alcohol Level/input_BAL Reading_balreading"), "Automation Reading"): Text 'Automation Reading' is set on object 'Object Repository/Specific Cases Repository/LS/Client Profile/Allergies-Vitals-Labs/BAL/Page_Blood Alcohol Level/input_BAL Reading_balreading'

28-01-2025T17:58:06 - [MESSAGE][PASSED] - Text 'Automation Reading' is set on object 'Object Repository/Specific Cases Repository/LS/Client Profile/Allergies-Vitals-Labs/BAL/Page_Blood Alcohol Level/input_BAL Reading_balreading'

28-01-2025T17:58:06 - [TEST_STEP][PASSED] - selectOptionByValue(findTestObject("Object Repository/Specific Cases Repository/LS/Client Profile/Allergies-Vitals-Labs/BAL/Page_Blood Alcohol Level/select_UndeterminedNegativePositive"), "Positive", true): All options with value 'Positive' are selected in object 'Object Repository/Specific Cases Repository/LS/Client Profile/Allergies-Vitals-Labs/BAL/Page_Blood Alcohol Level/select_UndeterminedNegativePositive'  using regular expression

28-01-2025T17:58:07 - [MESSAGE][PASSED] - All options with value 'Positive' are selected in object 'Object Repository/Specific Cases Repository/LS/Client Profile/Allergies-Vitals-Labs/BAL/Page_Blood Alcohol Level/select_UndeterminedNegativePositive'  using regular expression

28-01-2025T17:58:07 - [TEST_STEP][PASSED] - setText(findTestObject("Object Repository/Specific Cases Repository/LS/Client Profile/Allergies-Vitals-Labs/BAL/Page_Blood Alcohol Level/textarea_Additional Information_note"), "automation additional information"): Text 'automation additional information' is set on object 'Object Repository/Specific Cases Repository/LS/Client Profile/Allergies-Vitals-Labs/BAL/Page_Blood Alcohol Level/textarea_Additional Information_note'

28-01-2025T17:58:08 - [MESSAGE][PASSED] - Text 'automation additional information' is set on object 'Object Repository/Specific Cases Repository/LS/Client Profile/Allergies-Vitals-Labs/BAL/Page_Blood Alcohol Level/textarea_Additional Information_note'

28-01-2025T17:58:08 - [TEST_STEP][PASSED] - click(findTestObject("Object Repository/Specific Cases Repository/LS/Client Profile/Allergies-Vitals-Labs/BAL/Page_Blood Alcohol Level/button_Staff Signatures")): Object: 'Object Repository/Specific Cases Repository/LS/Client Profile/Allergies-Vitals-Labs/BAL/Page_Blood Alcohol Level/button_Staff Signatures' is clicked on

28-01-2025T17:58:09 - [MESSAGE][PASSED] - Object: 'Object Repository/Specific Cases Repository/LS/Client Profile/Allergies-Vitals-Labs/BAL/Page_Blood Alcohol Level/button_Staff Signatures' is clicked on

28-01-2025T17:58:09 - [TEST_STEP][PASSED] - click(findTestObject("Object Repository/Specific Cases Repository/LS/Client Profile/Allergies-Vitals-Labs/BAL/Page_Blood Alcohol Level/b")): Object: 'Object Repository/Specific Cases Repository/LS/Client Profile/Allergies-Vitals-Labs/BAL/Page_Blood Alcohol Level/b' is clicked on

28-01-2025T17:58:09 - [MESSAGE][PASSED] - Object: 'Object Repository/Specific Cases Repository/LS/Client Profile/Allergies-Vitals-Labs/BAL/Page_Blood Alcohol Level/b' is clicked on

28-01-2025T17:58:09 - [TEST_STEP][PASSED] - setText(findTestObject("Object Repository/Specific Cases Repository/LS/Client Profile/Allergies-Vitals-Labs/BAL/Page_Blood Alcohol Level/input_-- Select Staff --_select2-search__field"), "enrique"): Text 'enrique' is set on object 'Object Repository/Specific Cases Repository/LS/Client Profile/Allergies-Vitals-Labs/BAL/Page_Blood Alcohol Level/input_-- Select Staff --_select2-search__field'

28-01-2025T17:58:10 - [MESSAGE][PASSED] - Text 'enrique' is set on object 'Object Repository/Specific Cases Repository/LS/Client Profile/Allergies-Vitals-Labs/BAL/Page_Blood Alcohol Level/input_-- Select Staff --_select2-search__field'

28-01-2025T17:58:10 - [TEST_STEP][PASSED] - waitForPageLoad(0): Wait for page load successfully

28-01-2025T17:58:10 - [MESSAGE][WARNING] - Timeout '0' is invalid. Using default page load timeout: '30'

28-01-2025T17:58:10 - [MESSAGE][PASSED] - Wait for page load successfully

28-01-2025T17:58:10 - [TEST_STEP][PASSED] - sendKeys(findTestObject("Object Repository/Specific Cases Repository/LS/Client Profile/Allergies-Vitals-Labs/BAL/Page_Blood Alcohol Level/input_-- Select Staff --_select2-search__field"), Keys.chord(ENTER)): Keys 'ENTER + ' sent to object: 'Object Repository/Specific Cases Repository/LS/Client Profile/Allergies-Vitals-Labs/BAL/Page_Blood Alcohol Level/input_-- Select Staff --_select2-search__field'

28-01-2025T17:58:12 - [MESSAGE][PASSED] - Keys 'ENTER + ' sent to object: 'Object Repository/Specific Cases Repository/LS/Client Profile/Allergies-Vitals-Labs/BAL/Page_Blood Alcohol Level/input_-- Select Staff --_select2-search__field'

28-01-2025T17:58:12 - [TEST_STEP][PASSED] - click(findTestObject("Object Repository/Specific Cases Repository/LS/Client Profile/Allergies-Vitals-Labs/BAL/Page_Blood Alcohol Level/input_Sign and Lock_dss")): Object: 'Object Repository/Specific Cases Repository/LS/Client Profile/Allergies-Vitals-Labs/BAL/Page_Blood Alcohol Level/input_Sign and Lock_dss' is clicked on

28-01-2025T17:58:12 - [MESSAGE][PASSED] - Object: 'Object Repository/Specific Cases Repository/LS/Client Profile/Allergies-Vitals-Labs/BAL/Page_Blood Alcohol Level/input_Sign and Lock_dss' is clicked on

28-01-2025T17:58:12 - [TEST_STEP][PASSED] - click(findTestObject("Object Repository/Specific Cases Repository/LS/Client Profile/Allergies-Vitals-Labs/BAL/Page_Blood Alcohol Level/button_Save")): Object: 'Object Repository/Specific Cases Repository/LS/Client Profile/Allergies-Vitals-Labs/BAL/Page_Blood Alcohol Level/button_Save' is clicked on

28-01-2025T17:58:23 - [MESSAGE][PASSED] - Object: 'Object Repository/Specific Cases Repository/LS/Client Profile/Allergies-Vitals-Labs/BAL/Page_Blood Alcohol Level/button_Save' is clicked on

28-01-2025T17:58:23 - [TEST_STEP][PASSED] - verifyElementText(findTestObject("Object Repository/Specific Cases Repository/LS/Client Profile/Allergies-Vitals-Labs/BAL/Page_Client Profile/span_Automation Reading"), "Automation Reading"): Actual text and expected text of test object 'Object Repository/Specific Cases Repository/LS/Client Profile/Allergies-Vitals-Labs/BAL/Page_Client Profile/span_Automation Reading' are matched.

28-01-2025T17:58:24 - [MESSAGE][PASSED] - Actual text and expected text of test object 'Object Repository/Specific Cases Repository/LS/Client Profile/Allergies-Vitals-Labs/BAL/Page_Client Profile/span_Automation Reading' are matched.

28-01-2025T17:58:24 - [TEST_STEP][PASSED] - verifyElementText(findTestObject("Object Repository/Specific Cases Repository/LS/Client Profile/Allergies-Vitals-Labs/BAL/Page_Client Profile/span_Positive"), "Positive"): Actual text and expected text of test object 'Object Repository/Specific Cases Repository/LS/Client Profile/Allergies-Vitals-Labs/BAL/Page_Client Profile/span_Positive' are matched.

28-01-2025T17:58:24 - [MESSAGE][PASSED] - Actual text and expected text of test object 'Object Repository/Specific Cases Repository/LS/Client Profile/Allergies-Vitals-Labs/BAL/Page_Client Profile/span_Positive' are matched.

28-01-2025T17:58:24 - [TEST_STEP][PASSED] - click(findTestObject("Object Repository/Specific Cases Repository/LS/Client Profile/Allergies-Vitals-Labs/BAL/Page_Client Profile/a_Started_btn btn-primary btn-raised btn-sm_564fc3")): Object: 'Object Repository/Specific Cases Repository/LS/Client Profile/Allergies-Vitals-Labs/BAL/Page_Client Profile/a_Started_btn btn-primary btn-raised btn-sm_564fc3' is clicked on

28-01-2025T17:58:28 - [MESSAGE][PASSED] - Object: 'Object Repository/Specific Cases Repository/LS/Client Profile/Allergies-Vitals-Labs/BAL/Page_Client Profile/a_Started_btn btn-primary btn-raised btn-sm_564fc3' is clicked on

28-01-2025T17:58:28 - [TEST_STEP][PASSED] - verifyElementText(findTestObject("Object Repository/Specific Cases Repository/LS/Client Profile/Allergies-Vitals-Labs/BAL/Page_Blood Alcohol Level/span_Document is signed and may not be changed"), "Document is signed and may not be changed."): Actual text and expected text of test object 'Object Repository/Specific Cases Repository/LS/Client Profile/Allergies-Vitals-Labs/BAL/Page_Blood Alcohol Level/span_Document is signed and may not be changed' are matched.

28-01-2025T17:58:29 - [MESSAGE][PASSED] - Actual text and expected text of test object 'Object Repository/Specific Cases Repository/LS/Client Profile/Allergies-Vitals-Labs/BAL/Page_Blood Alcohol Level/span_Document is signed and may not be changed' are matched.

28-01-2025T17:58:29 - [TEST_STEP][PASSED] - closeBrowser(): Browser is closed

28-01-2025T17:58:29 - [MESSAGE][PASSED] - Browser is closed]]></system-out>
         <system-err><![CDATA[]]></system-err>
      </testcase>
      <testcase name="Test Cases/Specific Cases/LS/Client Profile/Allergies-Vitals-Labs/CBG Level" time="30.967" classname="Test Cases/Specific Cases/LS/Client Profile/Allergies-Vitals-Labs/CBG Level" status="PASSED">
         <system-out><![CDATA[28-01-2025T17:58:29 - [TEST_CASE][PASSED] - Test Cases/Specific Cases/LS/Client Profile/Allergies-Vitals-Labs/CBG Level: Test Cases/Specific Cases/LS/Client Profile/Allergies-Vitals-Labs/CBG Level

28-01-2025T17:58:29 - [TEST_STEP][PASSED] - callTestCase(findTestCase("Common Cases/Login"), [:], STOP_ON_FAILURE): Call Test Case 'Test Cases/Common Cases/Login' successfully

28-01-2025T17:58:29 - [TEST_CASE][PASSED] - Test Cases/Common Cases/Login: Test Cases/Common Cases/Login

28-01-2025T17:58:29 - [TEST_STEP][PASSED] - openBrowser(""): Browser is opened with url: ''

28-01-2025T17:58:29 - [MESSAGE][INFO] - Starting 'Chrome' driver

28-01-2025T17:58:29 - [MESSAGE][INFO] - Action delay is set to 0 milliseconds

28-01-2025T17:58:30 - [MESSAGE][PASSED] - Browser is opened with url: ''

28-01-2025T17:58:30 - [TEST_STEP][PASSED] - maximizeWindow(): Current window maximized

28-01-2025T17:58:30 - [MESSAGE][PASSED] - Current window maximized

28-01-2025T17:58:30 - [TEST_STEP][PASSED] - navigateToUrl("https://site17.lsapp.cloud/auth/login"): Navigate to 'https://site17.lsapp.cloud/auth/login' successfully

28-01-2025T17:58:33 - [MESSAGE][PASSED] - Navigate to 'https://site17.lsapp.cloud/auth/login' successfully

28-01-2025T17:58:33 - [TEST_STEP][PASSED] - setText(findTestObject("Object Repository/Common Cases Repository/Login/Page_Lightning Step/input_Email_email"), "automation@lightningstep.com"): Text 'automation@lightningstep.com' is set on object 'Object Repository/Common Cases Repository/Login/Page_Lightning Step/input_Email_email'

28-01-2025T17:58:34 - [MESSAGE][PASSED] - Text 'automation@lightningstep.com' is set on object 'Object Repository/Common Cases Repository/Login/Page_Lightning Step/input_Email_email'

28-01-2025T17:58:34 - [TEST_STEP][PASSED] - setEncryptedText(findTestObject("Object Repository/Common Cases Repository/Login/Page_Lightning Step/input_Password_password"), "e5N8VHmnhJDITtQaQhDQDw=="): Text ****** has been set on object 'Object Repository/Common Cases Repository/Login/Page_Lightning Step/input_Password_password'

28-01-2025T17:58:34 - [MESSAGE][PASSED] - Text ****** has been set on object 'Object Repository/Common Cases Repository/Login/Page_Lightning Step/input_Password_password'

28-01-2025T17:58:34 - [TEST_STEP][PASSED] - click(findTestObject("Object Repository/Common Cases Repository/Login/Page_Lightning Step/button_Sign in")): Object: 'Object Repository/Common Cases Repository/Login/Page_Lightning Step/button_Sign in' is clicked on

28-01-2025T17:58:39 - [MESSAGE][PASSED] - Object: 'Object Repository/Common Cases Repository/Login/Page_Lightning Step/button_Sign in' is clicked on

28-01-2025T17:58:39 - [MESSAGE][PASSED] - Call Test Case 'Test Cases/Common Cases/Login' successfully

28-01-2025T17:58:39 - [TEST_STEP][PASSED] - navigateToUrl("https://site17.lsapp.cloud/client/index/1556?section=medicalassess"): Navigate to 'https://site17.lsapp.cloud/client/index/1556?section=medicalassess' successfully

28-01-2025T17:58:45 - [MESSAGE][PASSED] - Navigate to 'https://site17.lsapp.cloud/client/index/1556?section=medicalassess' successfully

28-01-2025T17:58:45 - [TEST_STEP][PASSED] - click(findTestObject("Object Repository/Specific Cases Repository/LS/Client Profile/Allergies-Vitals-Labs/CBG Level/Page_Client Profile/h4_CBG                                     _f9629b")): Object: 'Object Repository/Specific Cases Repository/LS/Client Profile/Allergies-Vitals-Labs/CBG Level/Page_Client Profile/h4_CBG                                     _f9629b' is clicked on

28-01-2025T17:58:46 - [MESSAGE][PASSED] - Object: 'Object Repository/Specific Cases Repository/LS/Client Profile/Allergies-Vitals-Labs/CBG Level/Page_Client Profile/h4_CBG                                     _f9629b' is clicked on

28-01-2025T17:58:46 - [TEST_STEP][PASSED] - click(findTestObject("Object Repository/Specific Cases Repository/LS/Client Profile/Allergies-Vitals-Labs/CBG Level/Page_Client Profile/i_add")): Object: 'Object Repository/Specific Cases Repository/LS/Client Profile/Allergies-Vitals-Labs/CBG Level/Page_Client Profile/i_add' is clicked on

28-01-2025T17:58:50 - [MESSAGE][PASSED] - Object: 'Object Repository/Specific Cases Repository/LS/Client Profile/Allergies-Vitals-Labs/CBG Level/Page_Client Profile/i_add' is clicked on

28-01-2025T17:58:50 - [TEST_STEP][PASSED] - setText(findTestObject("Object Repository/Specific Cases Repository/LS/Client Profile/Allergies-Vitals-Labs/CBG Level/Page_Glucose Reading/input_Glucose Reading_reading"), "11"): Text '11' is set on object 'Object Repository/Specific Cases Repository/LS/Client Profile/Allergies-Vitals-Labs/CBG Level/Page_Glucose Reading/input_Glucose Reading_reading'

28-01-2025T17:58:51 - [MESSAGE][PASSED] - Text '11' is set on object 'Object Repository/Specific Cases Repository/LS/Client Profile/Allergies-Vitals-Labs/CBG Level/Page_Glucose Reading/input_Glucose Reading_reading'

28-01-2025T17:58:51 - [TEST_STEP][PASSED] - setText(findTestObject("Object Repository/Specific Cases Repository/LS/Client Profile/Allergies-Vitals-Labs/CBG Level/Page_Glucose Reading/input_Units_units"), "12"): Text '12' is set on object 'Object Repository/Specific Cases Repository/LS/Client Profile/Allergies-Vitals-Labs/CBG Level/Page_Glucose Reading/input_Units_units'

28-01-2025T17:58:51 - [MESSAGE][PASSED] - Text '12' is set on object 'Object Repository/Specific Cases Repository/LS/Client Profile/Allergies-Vitals-Labs/CBG Level/Page_Glucose Reading/input_Units_units'

28-01-2025T17:58:51 - [TEST_STEP][PASSED] - setText(findTestObject("Object Repository/Specific Cases Repository/LS/Client Profile/Allergies-Vitals-Labs/CBG Level/Page_Glucose Reading/textarea_Additional Information_note"), "Automation Additional Information"): Text 'Automation Additional Information' is set on object 'Object Repository/Specific Cases Repository/LS/Client Profile/Allergies-Vitals-Labs/CBG Level/Page_Glucose Reading/textarea_Additional Information_note'

28-01-2025T17:58:52 - [MESSAGE][PASSED] - Text 'Automation Additional Information' is set on object 'Object Repository/Specific Cases Repository/LS/Client Profile/Allergies-Vitals-Labs/CBG Level/Page_Glucose Reading/textarea_Additional Information_note'

28-01-2025T17:58:52 - [TEST_STEP][PASSED] - click(findTestObject("Object Repository/Specific Cases Repository/LS/Client Profile/Allergies-Vitals-Labs/CBG Level/Page_Glucose Reading/button_Save")): Object: 'Object Repository/Specific Cases Repository/LS/Client Profile/Allergies-Vitals-Labs/CBG Level/Page_Glucose Reading/button_Save' is clicked on

28-01-2025T17:58:59 - [MESSAGE][PASSED] - Object: 'Object Repository/Specific Cases Repository/LS/Client Profile/Allergies-Vitals-Labs/CBG Level/Page_Glucose Reading/button_Save' is clicked on

28-01-2025T17:58:59 - [TEST_STEP][PASSED] - click(findTestObject("Object Repository/Specific Cases Repository/LS/Client Profile/Allergies-Vitals-Labs/CBG Level/Page_Client Profile/a_Allergies  Vitals  Labs")): Object: 'Object Repository/Specific Cases Repository/LS/Client Profile/Allergies-Vitals-Labs/CBG Level/Page_Client Profile/a_Allergies  Vitals  Labs' is clicked on

28-01-2025T17:59:00 - [MESSAGE][PASSED] - Object: 'Object Repository/Specific Cases Repository/LS/Client Profile/Allergies-Vitals-Labs/CBG Level/Page_Client Profile/a_Allergies  Vitals  Labs' is clicked on

28-01-2025T17:59:00 - [TEST_STEP][PASSED] - verifyElementText(findTestObject("Object Repository/Specific Cases Repository/LS/Client Profile/Allergies-Vitals-Labs/CBG Level/Page_Client Profile/td_11"), "11"): Actual text and expected text of test object 'Object Repository/Specific Cases Repository/LS/Client Profile/Allergies-Vitals-Labs/CBG Level/Page_Client Profile/td_11' are matched.

28-01-2025T17:59:00 - [MESSAGE][PASSED] - Actual text and expected text of test object 'Object Repository/Specific Cases Repository/LS/Client Profile/Allergies-Vitals-Labs/CBG Level/Page_Client Profile/td_11' are matched.

28-01-2025T17:59:00 - [TEST_STEP][PASSED] - closeBrowser(): Browser is closed

28-01-2025T17:59:00 - [MESSAGE][PASSED] - Browser is closed]]></system-out>
         <system-err><![CDATA[]]></system-err>
      </testcase>
      <testcase name="Test Cases/Specific Cases/LS/Client Profile/Allergies-Vitals-Labs/Immunization" time="48.646" classname="Test Cases/Specific Cases/LS/Client Profile/Allergies-Vitals-Labs/Immunization" status="PASSED">
         <system-out><![CDATA[28-01-2025T17:59:00 - [TEST_CASE][PASSED] - Test Cases/Specific Cases/LS/Client Profile/Allergies-Vitals-Labs/Immunization: Test Cases/Specific Cases/LS/Client Profile/Allergies-Vitals-Labs/Immunization

28-01-2025T17:59:00 - [TEST_STEP][PASSED] - callTestCase(findTestCase("Common Cases/Login"), [:], STOP_ON_FAILURE): Call Test Case 'Test Cases/Common Cases/Login' successfully

28-01-2025T17:59:00 - [TEST_CASE][PASSED] - Test Cases/Common Cases/Login: Test Cases/Common Cases/Login

28-01-2025T17:59:00 - [TEST_STEP][PASSED] - openBrowser(""): Browser is opened with url: ''

28-01-2025T17:59:00 - [MESSAGE][INFO] - Starting 'Chrome' driver

28-01-2025T17:59:00 - [MESSAGE][INFO] - Action delay is set to 0 milliseconds

28-01-2025T17:59:01 - [MESSAGE][PASSED] - Browser is opened with url: ''

28-01-2025T17:59:01 - [TEST_STEP][PASSED] - maximizeWindow(): Current window maximized

28-01-2025T17:59:01 - [MESSAGE][PASSED] - Current window maximized

28-01-2025T17:59:01 - [TEST_STEP][PASSED] - navigateToUrl("https://site17.lsapp.cloud/auth/login"): Navigate to 'https://site17.lsapp.cloud/auth/login' successfully

28-01-2025T17:59:04 - [MESSAGE][PASSED] - Navigate to 'https://site17.lsapp.cloud/auth/login' successfully

28-01-2025T17:59:04 - [TEST_STEP][PASSED] - setText(findTestObject("Object Repository/Common Cases Repository/Login/Page_Lightning Step/input_Email_email"), "automation@lightningstep.com"): Text 'automation@lightningstep.com' is set on object 'Object Repository/Common Cases Repository/Login/Page_Lightning Step/input_Email_email'

28-01-2025T17:59:05 - [MESSAGE][PASSED] - Text 'automation@lightningstep.com' is set on object 'Object Repository/Common Cases Repository/Login/Page_Lightning Step/input_Email_email'

28-01-2025T17:59:05 - [TEST_STEP][PASSED] - setEncryptedText(findTestObject("Object Repository/Common Cases Repository/Login/Page_Lightning Step/input_Password_password"), "e5N8VHmnhJDITtQaQhDQDw=="): Text ****** has been set on object 'Object Repository/Common Cases Repository/Login/Page_Lightning Step/input_Password_password'

28-01-2025T17:59:05 - [MESSAGE][PASSED] - Text ****** has been set on object 'Object Repository/Common Cases Repository/Login/Page_Lightning Step/input_Password_password'

28-01-2025T17:59:05 - [TEST_STEP][PASSED] - click(findTestObject("Object Repository/Common Cases Repository/Login/Page_Lightning Step/button_Sign in")): Object: 'Object Repository/Common Cases Repository/Login/Page_Lightning Step/button_Sign in' is clicked on

28-01-2025T17:59:11 - [MESSAGE][PASSED] - Object: 'Object Repository/Common Cases Repository/Login/Page_Lightning Step/button_Sign in' is clicked on

28-01-2025T17:59:11 - [MESSAGE][PASSED] - Call Test Case 'Test Cases/Common Cases/Login' successfully

28-01-2025T17:59:11 - [TEST_STEP][PASSED] - navigateToUrl("https://site17.lsapp.cloud/client/index/1556?section=medicalassess"): Navigate to 'https://site17.lsapp.cloud/client/index/1556?section=medicalassess' successfully

28-01-2025T17:59:20 - [MESSAGE][PASSED] - Navigate to 'https://site17.lsapp.cloud/client/index/1556?section=medicalassess' successfully

28-01-2025T17:59:20 - [TEST_STEP][PASSED] - click(findTestObject("Object Repository/Specific Cases Repository/LS/Client Profile/Allergies-Vitals-Labs/Immunization/Page_Client Profile/h4_Immunization")): Object: 'Object Repository/Specific Cases Repository/LS/Client Profile/Allergies-Vitals-Labs/Immunization/Page_Client Profile/h4_Immunization' is clicked on

28-01-2025T17:59:21 - [MESSAGE][PASSED] - Object: 'Object Repository/Specific Cases Repository/LS/Client Profile/Allergies-Vitals-Labs/Immunization/Page_Client Profile/h4_Immunization' is clicked on

28-01-2025T17:59:21 - [TEST_STEP][PASSED] - click(findTestObject("Object Repository/Specific Cases Repository/LS/Client Profile/Allergies-Vitals-Labs/Immunization/Page_Client Profile/i_add")): Object: 'Object Repository/Specific Cases Repository/LS/Client Profile/Allergies-Vitals-Labs/Immunization/Page_Client Profile/i_add' is clicked on

28-01-2025T17:59:26 - [MESSAGE][PASSED] - Object: 'Object Repository/Specific Cases Repository/LS/Client Profile/Allergies-Vitals-Labs/Immunization/Page_Client Profile/i_add' is clicked on

28-01-2025T17:59:26 - [TEST_STEP][PASSED] - click(findTestObject("Object Repository/Specific Cases Repository/LS/Client Profile/Allergies-Vitals-Labs/Immunization/Page_Immunization/span_-Select-")): Object: 'Object Repository/Specific Cases Repository/LS/Client Profile/Allergies-Vitals-Labs/Immunization/Page_Immunization/span_-Select-' is clicked on

28-01-2025T17:59:26 - [MESSAGE][PASSED] - Object: 'Object Repository/Specific Cases Repository/LS/Client Profile/Allergies-Vitals-Labs/Immunization/Page_Immunization/span_-Select-' is clicked on

28-01-2025T17:59:26 - [TEST_STEP][PASSED] - setText(findTestObject("Specific Cases Repository/LS/Client Profile/Allergies-Vitals-Labs/Immunization/Page_Immunization/span_-Select- TextArea"), "Anthrax"): Text 'Anthrax' is set on object 'Object Repository/Specific Cases Repository/LS/Client Profile/Allergies-Vitals-Labs/Immunization/Page_Immunization/span_-Select- TextArea'

28-01-2025T17:59:27 - [MESSAGE][PASSED] - Text 'Anthrax' is set on object 'Object Repository/Specific Cases Repository/LS/Client Profile/Allergies-Vitals-Labs/Immunization/Page_Immunization/span_-Select- TextArea'

28-01-2025T17:59:27 - [TEST_STEP][PASSED] - sendKeys(findTestObject("Specific Cases Repository/LS/Client Profile/Allergies-Vitals-Labs/Immunization/Page_Immunization/span_-Select- TextArea"), Keys.chord(ENTER)): Keys 'ENTER + ' sent to object: 'Object Repository/Specific Cases Repository/LS/Client Profile/Allergies-Vitals-Labs/Immunization/Page_Immunization/span_-Select- TextArea'

28-01-2025T17:59:27 - [MESSAGE][PASSED] - Keys 'ENTER + ' sent to object: 'Object Repository/Specific Cases Repository/LS/Client Profile/Allergies-Vitals-Labs/Immunization/Page_Immunization/span_-Select- TextArea'

28-01-2025T17:59:27 - [TEST_STEP][PASSED] - click(findTestObject("Object Repository/Specific Cases Repository/LS/Client Profile/Allergies-Vitals-Labs/Immunization/Page_Immunization/span_-Select-_1")): Object: 'Object Repository/Specific Cases Repository/LS/Client Profile/Allergies-Vitals-Labs/Immunization/Page_Immunization/span_-Select-_1' is clicked on

28-01-2025T17:59:28 - [MESSAGE][PASSED] - Object: 'Object Repository/Specific Cases Repository/LS/Client Profile/Allergies-Vitals-Labs/Immunization/Page_Immunization/span_-Select-_1' is clicked on

28-01-2025T17:59:28 - [TEST_STEP][PASSED] - setText(findTestObject("Specific Cases Repository/LS/Client Profile/Allergies-Vitals-Labs/Immunization/Page_Immunization/span_-Select-_1 - TextArea"), "Dynavax"): Text 'Dynavax' is set on object 'Object Repository/Specific Cases Repository/LS/Client Profile/Allergies-Vitals-Labs/Immunization/Page_Immunization/span_-Select-_1 - TextArea'

28-01-2025T17:59:29 - [MESSAGE][PASSED] - Text 'Dynavax' is set on object 'Object Repository/Specific Cases Repository/LS/Client Profile/Allergies-Vitals-Labs/Immunization/Page_Immunization/span_-Select-_1 - TextArea'

28-01-2025T17:59:29 - [TEST_STEP][PASSED] - sendKeys(findTestObject("Specific Cases Repository/LS/Client Profile/Allergies-Vitals-Labs/Immunization/Page_Immunization/span_-Select-_1 - TextArea"), Keys.chord(ENTER)): Keys 'ENTER + ' sent to object: 'Object Repository/Specific Cases Repository/LS/Client Profile/Allergies-Vitals-Labs/Immunization/Page_Immunization/span_-Select-_1 - TextArea'

28-01-2025T17:59:29 - [MESSAGE][PASSED] - Keys 'ENTER + ' sent to object: 'Object Repository/Specific Cases Repository/LS/Client Profile/Allergies-Vitals-Labs/Immunization/Page_Immunization/span_-Select-_1 - TextArea'

28-01-2025T17:59:29 - [TEST_STEP][PASSED] - setText(findTestObject("Object Repository/Specific Cases Repository/LS/Client Profile/Allergies-Vitals-Labs/Immunization/Page_Immunization/input_Dose_dosenumber"), "10"): Text '10' is set on object 'Object Repository/Specific Cases Repository/LS/Client Profile/Allergies-Vitals-Labs/Immunization/Page_Immunization/input_Dose_dosenumber'

28-01-2025T17:59:30 - [MESSAGE][PASSED] - Text '10' is set on object 'Object Repository/Specific Cases Repository/LS/Client Profile/Allergies-Vitals-Labs/Immunization/Page_Immunization/input_Dose_dosenumber'

28-01-2025T17:59:30 - [TEST_STEP][PASSED] - click(findTestObject("Object Repository/Specific Cases Repository/LS/Client Profile/Allergies-Vitals-Labs/Immunization/Page_Immunization/span_Vaccine_select2-selection select2-sele_9bf1b9")): Object: 'Object Repository/Specific Cases Repository/LS/Client Profile/Allergies-Vitals-Labs/Immunization/Page_Immunization/span_Vaccine_select2-selection select2-sele_9bf1b9' is clicked on

28-01-2025T17:59:30 - [MESSAGE][PASSED] - Object: 'Object Repository/Specific Cases Repository/LS/Client Profile/Allergies-Vitals-Labs/Immunization/Page_Immunization/span_Vaccine_select2-selection select2-sele_9bf1b9' is clicked on

28-01-2025T17:59:30 - [TEST_STEP][PASSED] - setText(findTestObject("Object Repository/Specific Cases Repository/LS/Client Profile/Allergies-Vitals-Labs/Immunization/Page_Immunization/input_Leave Document_select2-search__field"), "va"): Text 'va' is set on object 'Object Repository/Specific Cases Repository/LS/Client Profile/Allergies-Vitals-Labs/Immunization/Page_Immunization/input_Leave Document_select2-search__field'

28-01-2025T17:59:31 - [MESSAGE][PASSED] - Text 'va' is set on object 'Object Repository/Specific Cases Repository/LS/Client Profile/Allergies-Vitals-Labs/Immunization/Page_Immunization/input_Leave Document_select2-search__field'

28-01-2025T17:59:31 - [TEST_STEP][PASSED] - waitForPageLoad(30): Wait for page load successfully

28-01-2025T17:59:31 - [MESSAGE][PASSED] - Wait for page load successfully

28-01-2025T17:59:31 - [TEST_STEP][PASSED] - sendKeys(findTestObject("Object Repository/Specific Cases Repository/LS/Client Profile/Allergies-Vitals-Labs/Immunization/Page_Immunization/input_Leave Document_select2-search__field"), Keys.chord(ENTER)): Keys 'ENTER + ' sent to object: 'Object Repository/Specific Cases Repository/LS/Client Profile/Allergies-Vitals-Labs/Immunization/Page_Immunization/input_Leave Document_select2-search__field'

28-01-2025T17:59:32 - [MESSAGE][PASSED] - Keys 'ENTER + ' sent to object: 'Object Repository/Specific Cases Repository/LS/Client Profile/Allergies-Vitals-Labs/Immunization/Page_Immunization/input_Leave Document_select2-search__field'

28-01-2025T17:59:32 - [TEST_STEP][PASSED] - setText(findTestObject("Object Repository/Specific Cases Repository/LS/Client Profile/Allergies-Vitals-Labs/Immunization/Page_Immunization/input_Date of Administration_dateadministration"), Todays_Date): Text '01/28/2025' is set on object 'Object Repository/Specific Cases Repository/LS/Client Profile/Allergies-Vitals-Labs/Immunization/Page_Immunization/input_Date of Administration_dateadministration'

28-01-2025T17:59:33 - [MESSAGE][PASSED] - Text '01/28/2025' is set on object 'Object Repository/Specific Cases Repository/LS/Client Profile/Allergies-Vitals-Labs/Immunization/Page_Immunization/input_Date of Administration_dateadministration'

28-01-2025T17:59:33 - [TEST_STEP][PASSED] - setText(findTestObject("Specific Cases Repository/LS/Client Profile/Allergies-Vitals-Labs/Immunization/Page_Immunization/input_Date of Batch_dateofbatch"), Next_Week_Date): Text '02/04/2025' is set on object 'Object Repository/Specific Cases Repository/LS/Client Profile/Allergies-Vitals-Labs/Immunization/Page_Immunization/input_Date of Batch_dateofbatch'

28-01-2025T17:59:33 - [MESSAGE][PASSED] - Text '02/04/2025' is set on object 'Object Repository/Specific Cases Repository/LS/Client Profile/Allergies-Vitals-Labs/Immunization/Page_Immunization/input_Date of Batch_dateofbatch'

28-01-2025T17:59:33 - [TEST_STEP][PASSED] - setText(findTestObject("Object Repository/Specific Cases Repository/LS/Client Profile/Allergies-Vitals-Labs/Immunization/Page_Immunization/input_Batch_batchnumber"), "11"): Text '11' is set on object 'Object Repository/Specific Cases Repository/LS/Client Profile/Allergies-Vitals-Labs/Immunization/Page_Immunization/input_Batch_batchnumber'

28-01-2025T17:59:34 - [MESSAGE][PASSED] - Text '11' is set on object 'Object Repository/Specific Cases Repository/LS/Client Profile/Allergies-Vitals-Labs/Immunization/Page_Immunization/input_Batch_batchnumber'

28-01-2025T17:59:34 - [TEST_STEP][PASSED] - setText(findTestObject("Object Repository/Specific Cases Repository/LS/Client Profile/Allergies-Vitals-Labs/Immunization/Page_Immunization/textarea_Vaccination-emergent adverse react_de4e53"), "Automation ESAVIS"): Text 'Automation ESAVIS' is set on object 'Object Repository/Specific Cases Repository/LS/Client Profile/Allergies-Vitals-Labs/Immunization/Page_Immunization/textarea_Vaccination-emergent adverse react_de4e53'

28-01-2025T17:59:35 - [MESSAGE][PASSED] - Text 'Automation ESAVIS' is set on object 'Object Repository/Specific Cases Repository/LS/Client Profile/Allergies-Vitals-Labs/Immunization/Page_Immunization/textarea_Vaccination-emergent adverse react_de4e53'

28-01-2025T17:59:35 - [TEST_STEP][PASSED] - setText(findTestObject("Object Repository/Specific Cases Repository/LS/Client Profile/Allergies-Vitals-Labs/Immunization/Page_Immunization/textarea_Reason for not vaccinating (includ_79de9a"), "Automation Reason"): Text 'Automation Reason' is set on object 'Object Repository/Specific Cases Repository/LS/Client Profile/Allergies-Vitals-Labs/Immunization/Page_Immunization/textarea_Reason for not vaccinating (includ_79de9a'

28-01-2025T17:59:35 - [MESSAGE][PASSED] - Text 'Automation Reason' is set on object 'Object Repository/Specific Cases Repository/LS/Client Profile/Allergies-Vitals-Labs/Immunization/Page_Immunization/textarea_Reason for not vaccinating (includ_79de9a'

28-01-2025T17:59:35 - [TEST_STEP][PASSED] - setText(findTestObject("Object Repository/Specific Cases Repository/LS/Client Profile/Allergies-Vitals-Labs/Immunization/Page_Immunization/textarea_Note_note"), "Automation Note"): Text 'Automation Note' is set on object 'Object Repository/Specific Cases Repository/LS/Client Profile/Allergies-Vitals-Labs/Immunization/Page_Immunization/textarea_Note_note'

28-01-2025T17:59:36 - [MESSAGE][PASSED] - Text 'Automation Note' is set on object 'Object Repository/Specific Cases Repository/LS/Client Profile/Allergies-Vitals-Labs/Immunization/Page_Immunization/textarea_Note_note'

28-01-2025T17:59:36 - [TEST_STEP][PASSED] - click(findTestObject("Object Repository/Specific Cases Repository/LS/Client Profile/Allergies-Vitals-Labs/Immunization/Page_Immunization/input_Sign and Lock_dss")): Object: 'Object Repository/Specific Cases Repository/LS/Client Profile/Allergies-Vitals-Labs/Immunization/Page_Immunization/input_Sign and Lock_dss' is clicked on

28-01-2025T17:59:36 - [MESSAGE][PASSED] - Object: 'Object Repository/Specific Cases Repository/LS/Client Profile/Allergies-Vitals-Labs/Immunization/Page_Immunization/input_Sign and Lock_dss' is clicked on

28-01-2025T17:59:36 - [TEST_STEP][PASSED] - click(findTestObject("Object Repository/Specific Cases Repository/LS/Client Profile/Allergies-Vitals-Labs/Immunization/Page_Immunization/button_Save")): Object: 'Object Repository/Specific Cases Repository/LS/Client Profile/Allergies-Vitals-Labs/Immunization/Page_Immunization/button_Save' is clicked on

28-01-2025T17:59:46 - [MESSAGE][PASSED] - Object: 'Object Repository/Specific Cases Repository/LS/Client Profile/Allergies-Vitals-Labs/Immunization/Page_Immunization/button_Save' is clicked on

28-01-2025T17:59:46 - [TEST_STEP][PASSED] - verifyElementText(findTestObject("Object Repository/Specific Cases Repository/LS/Client Profile/Allergies-Vitals-Labs/Immunization/Page_Client Profile/p_Immunization Added"), "Immunization Added"): Actual text and expected text of test object 'Object Repository/Specific Cases Repository/LS/Client Profile/Allergies-Vitals-Labs/Immunization/Page_Client Profile/p_Immunization Added' are matched.

28-01-2025T17:59:48 - [MESSAGE][PASSED] - Actual text and expected text of test object 'Object Repository/Specific Cases Repository/LS/Client Profile/Allergies-Vitals-Labs/Immunization/Page_Client Profile/p_Immunization Added' are matched.

28-01-2025T17:59:48 - [TEST_STEP][PASSED] - verifyElementText(findTestObject("Object Repository/Specific Cases Repository/LS/Client Profile/Allergies-Vitals-Labs/Immunization/Page_Client Profile/td_10"), "10"): Actual text and expected text of test object 'Object Repository/Specific Cases Repository/LS/Client Profile/Allergies-Vitals-Labs/Immunization/Page_Client Profile/td_10' are matched.

28-01-2025T17:59:48 - [MESSAGE][PASSED] - Actual text and expected text of test object 'Object Repository/Specific Cases Repository/LS/Client Profile/Allergies-Vitals-Labs/Immunization/Page_Client Profile/td_10' are matched.

28-01-2025T17:59:48 - [TEST_STEP][PASSED] - verifyElementText(findTestObject("Object Repository/Specific Cases Repository/LS/Client Profile/Allergies-Vitals-Labs/Immunization/Page_Client Profile/td_11212024"), Todays_Date): Actual text and expected text of test object 'Object Repository/Specific Cases Repository/LS/Client Profile/Allergies-Vitals-Labs/Immunization/Page_Client Profile/td_11212024' are matched.

28-01-2025T17:59:48 - [MESSAGE][PASSED] - Actual text and expected text of test object 'Object Repository/Specific Cases Repository/LS/Client Profile/Allergies-Vitals-Labs/Immunization/Page_Client Profile/td_11212024' are matched.

28-01-2025T17:59:48 - [TEST_STEP][PASSED] - verifyElementText(findTestObject("Object Repository/Specific Cases Repository/LS/Client Profile/Allergies-Vitals-Labs/Immunization/Page_Client Profile/td_Dynavax Technologies"), "Dynavax Technologies"): Actual text and expected text of test object 'Object Repository/Specific Cases Repository/LS/Client Profile/Allergies-Vitals-Labs/Immunization/Page_Client Profile/td_Dynavax Technologies' are matched.

28-01-2025T17:59:48 - [MESSAGE][PASSED] - Actual text and expected text of test object 'Object Repository/Specific Cases Repository/LS/Client Profile/Allergies-Vitals-Labs/Immunization/Page_Client Profile/td_Dynavax Technologies' are matched.

28-01-2025T17:59:48 - [TEST_STEP][PASSED] - closeBrowser(): Browser is closed

28-01-2025T17:59:49 - [MESSAGE][PASSED] - Browser is closed]]></system-out>
         <system-err><![CDATA[]]></system-err>
      </testcase>
      <testcase name="Test Cases/Specific Cases/LS/Client Profile/Allergies-Vitals-Labs/Lab Results" time="37.112" classname="Test Cases/Specific Cases/LS/Client Profile/Allergies-Vitals-Labs/Lab Results" status="PASSED">
         <system-out><![CDATA[28-01-2025T17:59:49 - [TEST_CASE][PASSED] - Test Cases/Specific Cases/LS/Client Profile/Allergies-Vitals-Labs/Lab Results: Test Cases/Specific Cases/LS/Client Profile/Allergies-Vitals-Labs/Lab Results

28-01-2025T17:59:49 - [TEST_STEP][PASSED] - callTestCase(findTestCase("Common Cases/Login"), [:], STOP_ON_FAILURE): Call Test Case 'Test Cases/Common Cases/Login' successfully

28-01-2025T17:59:49 - [TEST_CASE][PASSED] - Test Cases/Common Cases/Login: Test Cases/Common Cases/Login

28-01-2025T17:59:49 - [TEST_STEP][PASSED] - openBrowser(""): Browser is opened with url: ''

28-01-2025T17:59:49 - [MESSAGE][INFO] - Starting 'Chrome' driver

28-01-2025T17:59:49 - [MESSAGE][INFO] - Action delay is set to 0 milliseconds

28-01-2025T17:59:50 - [MESSAGE][PASSED] - Browser is opened with url: ''

28-01-2025T17:59:50 - [TEST_STEP][PASSED] - maximizeWindow(): Current window maximized

28-01-2025T17:59:50 - [MESSAGE][PASSED] - Current window maximized

28-01-2025T17:59:50 - [TEST_STEP][PASSED] - navigateToUrl("https://site17.lsapp.cloud/auth/login"): Navigate to 'https://site17.lsapp.cloud/auth/login' successfully

28-01-2025T17:59:55 - [MESSAGE][PASSED] - Navigate to 'https://site17.lsapp.cloud/auth/login' successfully

28-01-2025T17:59:55 - [TEST_STEP][PASSED] - setText(findTestObject("Object Repository/Common Cases Repository/Login/Page_Lightning Step/input_Email_email"), "automation@lightningstep.com"): Text 'automation@lightningstep.com' is set on object 'Object Repository/Common Cases Repository/Login/Page_Lightning Step/input_Email_email'

28-01-2025T17:59:56 - [MESSAGE][PASSED] - Text 'automation@lightningstep.com' is set on object 'Object Repository/Common Cases Repository/Login/Page_Lightning Step/input_Email_email'

28-01-2025T17:59:56 - [TEST_STEP][PASSED] - setEncryptedText(findTestObject("Object Repository/Common Cases Repository/Login/Page_Lightning Step/input_Password_password"), "e5N8VHmnhJDITtQaQhDQDw=="): Text ****** has been set on object 'Object Repository/Common Cases Repository/Login/Page_Lightning Step/input_Password_password'

28-01-2025T17:59:57 - [MESSAGE][PASSED] - Text ****** has been set on object 'Object Repository/Common Cases Repository/Login/Page_Lightning Step/input_Password_password'

28-01-2025T17:59:57 - [TEST_STEP][PASSED] - click(findTestObject("Object Repository/Common Cases Repository/Login/Page_Lightning Step/button_Sign in")): Object: 'Object Repository/Common Cases Repository/Login/Page_Lightning Step/button_Sign in' is clicked on

28-01-2025T18:00:02 - [MESSAGE][PASSED] - Object: 'Object Repository/Common Cases Repository/Login/Page_Lightning Step/button_Sign in' is clicked on

28-01-2025T18:00:02 - [MESSAGE][PASSED] - Call Test Case 'Test Cases/Common Cases/Login' successfully

28-01-2025T18:00:02 - [TEST_STEP][PASSED] - navigateToUrl("https://site17.lsapp.cloud/client/index/1556?section=medicalassess"): Navigate to 'https://site17.lsapp.cloud/client/index/1556?section=medicalassess' successfully

28-01-2025T18:00:07 - [MESSAGE][PASSED] - Navigate to 'https://site17.lsapp.cloud/client/index/1556?section=medicalassess' successfully

28-01-2025T18:00:07 - [TEST_STEP][PASSED] - click(findTestObject("Object Repository/Specific Cases Repository/LS/Client Profile/Allergies-Vitals-Labs/Lab Results/Page_Client Profile/h4_Lab Results")): Object: 'Object Repository/Specific Cases Repository/LS/Client Profile/Allergies-Vitals-Labs/Lab Results/Page_Client Profile/h4_Lab Results' is clicked on

28-01-2025T18:00:09 - [MESSAGE][PASSED] - Object: 'Object Repository/Specific Cases Repository/LS/Client Profile/Allergies-Vitals-Labs/Lab Results/Page_Client Profile/h4_Lab Results' is clicked on

28-01-2025T18:00:09 - [TEST_STEP][PASSED] - selectOptionByValue(findTestObject("Object Repository/Specific Cases Repository/LS/Client Profile/Allergies-Vitals-Labs/Lab Results/Page_Client Profile/select_Upload Lab ResultNew Lab Result"), "upload_no", true): All options with value 'upload_no' are selected in object 'Object Repository/Specific Cases Repository/LS/Client Profile/Allergies-Vitals-Labs/Lab Results/Page_Client Profile/select_Upload Lab ResultNew Lab Result'  using regular expression

28-01-2025T18:00:10 - [MESSAGE][PASSED] - All options with value 'upload_no' are selected in object 'Object Repository/Specific Cases Repository/LS/Client Profile/Allergies-Vitals-Labs/Lab Results/Page_Client Profile/select_Upload Lab ResultNew Lab Result'  using regular expression

28-01-2025T18:00:10 - [TEST_STEP][PASSED] - selectOptionByValue(findTestObject("Object Repository/Specific Cases Repository/LS/Client Profile/Allergies-Vitals-Labs/Lab Results/Page_Client Profile/select_-- Please Select --COVID-19 RapidCOV_75c690"), "COVID-19 PCR", true): All options with value 'COVID-19 PCR' are selected in object 'Object Repository/Specific Cases Repository/LS/Client Profile/Allergies-Vitals-Labs/Lab Results/Page_Client Profile/select_-- Please Select --COVID-19 RapidCOV_75c690'  using regular expression

28-01-2025T18:00:11 - [MESSAGE][PASSED] - All options with value 'COVID-19 PCR' are selected in object 'Object Repository/Specific Cases Repository/LS/Client Profile/Allergies-Vitals-Labs/Lab Results/Page_Client Profile/select_-- Please Select --COVID-19 RapidCOV_75c690'  using regular expression

28-01-2025T18:00:11 - [TEST_STEP][PASSED] - selectOptionByValue(findTestObject("Object Repository/Specific Cases Repository/LS/Client Profile/Allergies-Vitals-Labs/Lab Results/Page_Client Profile/select_-- Please Select --NegativePositiveU_b19f9e"), "Positive", true): All options with value 'Positive' are selected in object 'Object Repository/Specific Cases Repository/LS/Client Profile/Allergies-Vitals-Labs/Lab Results/Page_Client Profile/select_-- Please Select --NegativePositiveU_b19f9e'  using regular expression

28-01-2025T18:00:12 - [MESSAGE][PASSED] - All options with value 'Positive' are selected in object 'Object Repository/Specific Cases Repository/LS/Client Profile/Allergies-Vitals-Labs/Lab Results/Page_Client Profile/select_-- Please Select --NegativePositiveU_b19f9e'  using regular expression

28-01-2025T18:00:12 - [TEST_STEP][PASSED] - setText(findTestObject("Object Repository/Specific Cases Repository/LS/Client Profile/Allergies-Vitals-Labs/Lab Results/Page_Client Profile/textarea_Note_labresult_notes"), "Automation Note"): Text 'Automation Note' is set on object 'Object Repository/Specific Cases Repository/LS/Client Profile/Allergies-Vitals-Labs/Lab Results/Page_Client Profile/textarea_Note_labresult_notes'

28-01-2025T18:00:13 - [MESSAGE][PASSED] - Text 'Automation Note' is set on object 'Object Repository/Specific Cases Repository/LS/Client Profile/Allergies-Vitals-Labs/Lab Results/Page_Client Profile/textarea_Note_labresult_notes'

28-01-2025T18:00:13 - [TEST_STEP][PASSED] - click(findTestObject("Object Repository/Specific Cases Repository/LS/Client Profile/Allergies-Vitals-Labs/Lab Results/Page_Client Profile/span_Sign and Lock_check")): Object: 'Object Repository/Specific Cases Repository/LS/Client Profile/Allergies-Vitals-Labs/Lab Results/Page_Client Profile/span_Sign and Lock_check' is clicked on

28-01-2025T18:00:13 - [MESSAGE][PASSED] - Object: 'Object Repository/Specific Cases Repository/LS/Client Profile/Allergies-Vitals-Labs/Lab Results/Page_Client Profile/span_Sign and Lock_check' is clicked on

28-01-2025T18:00:13 - [TEST_STEP][PASSED] - click(findTestObject("Object Repository/Specific Cases Repository/LS/Client Profile/Allergies-Vitals-Labs/Lab Results/Page_Client Profile/button_Save")): Object: 'Object Repository/Specific Cases Repository/LS/Client Profile/Allergies-Vitals-Labs/Lab Results/Page_Client Profile/button_Save' is clicked on

28-01-2025T18:00:23 - [MESSAGE][PASSED] - Object: 'Object Repository/Specific Cases Repository/LS/Client Profile/Allergies-Vitals-Labs/Lab Results/Page_Client Profile/button_Save' is clicked on

28-01-2025T18:00:23 - [TEST_STEP][PASSED] - verifyElementText(findTestObject("Object Repository/Specific Cases Repository/LS/Client Profile/Allergies-Vitals-Labs/Lab Results/Page_Client Profile/p_Lab Result Successfully Saved"), "Lab Result Successfully Saved!"): Actual text and expected text of test object 'Object Repository/Specific Cases Repository/LS/Client Profile/Allergies-Vitals-Labs/Lab Results/Page_Client Profile/p_Lab Result Successfully Saved' are matched.

28-01-2025T18:00:25 - [MESSAGE][PASSED] - Actual text and expected text of test object 'Object Repository/Specific Cases Repository/LS/Client Profile/Allergies-Vitals-Labs/Lab Results/Page_Client Profile/p_Lab Result Successfully Saved' are matched.

28-01-2025T18:00:25 - [TEST_STEP][PASSED] - verifyElementText(findTestObject("Object Repository/Specific Cases Repository/LS/Client Profile/Allergies-Vitals-Labs/Lab Results/Page_Client Profile/td_COVID-19 PCR"), "COVID-19 PCR"): Actual text and expected text of test object 'Object Repository/Specific Cases Repository/LS/Client Profile/Allergies-Vitals-Labs/Lab Results/Page_Client Profile/td_COVID-19 PCR' are matched.

28-01-2025T18:00:25 - [MESSAGE][PASSED] - Actual text and expected text of test object 'Object Repository/Specific Cases Repository/LS/Client Profile/Allergies-Vitals-Labs/Lab Results/Page_Client Profile/td_COVID-19 PCR' are matched.

28-01-2025T18:00:25 - [TEST_STEP][PASSED] - verifyElementText(findTestObject("Object Repository/Specific Cases Repository/LS/Client Profile/Allergies-Vitals-Labs/Lab Results/Page_Client Profile/td_Positive"), "Positive"): Actual text and expected text of test object 'Object Repository/Specific Cases Repository/LS/Client Profile/Allergies-Vitals-Labs/Lab Results/Page_Client Profile/td_Positive' are matched.

28-01-2025T18:00:25 - [MESSAGE][PASSED] - Actual text and expected text of test object 'Object Repository/Specific Cases Repository/LS/Client Profile/Allergies-Vitals-Labs/Lab Results/Page_Client Profile/td_Positive' are matched.

28-01-2025T18:00:25 - [TEST_STEP][PASSED] - verifyElementText(findTestObject("Object Repository/Specific Cases Repository/LS/Client Profile/Allergies-Vitals-Labs/Lab Results/Page_Client Profile/td_Staff Signed"), "Staff Signed"): Actual text and expected text of test object 'Object Repository/Specific Cases Repository/LS/Client Profile/Allergies-Vitals-Labs/Lab Results/Page_Client Profile/td_Staff Signed' are matched.

28-01-2025T18:00:26 - [MESSAGE][PASSED] - Actual text and expected text of test object 'Object Repository/Specific Cases Repository/LS/Client Profile/Allergies-Vitals-Labs/Lab Results/Page_Client Profile/td_Staff Signed' are matched.

28-01-2025T18:00:26 - [TEST_STEP][PASSED] - closeBrowser(): Browser is closed

28-01-2025T18:00:26 - [MESSAGE][PASSED] - Browser is closed]]></system-out>
         <system-err><![CDATA[]]></system-err>
      </testcase>
      <testcase name="Test Cases/Specific Cases/LS/Client Profile/Allergies-Vitals-Labs/Pain Rating" time="49.739" classname="Test Cases/Specific Cases/LS/Client Profile/Allergies-Vitals-Labs/Pain Rating" status="PASSED">
         <system-out><![CDATA[28-01-2025T18:00:26 - [TEST_CASE][PASSED] - Test Cases/Specific Cases/LS/Client Profile/Allergies-Vitals-Labs/Pain Rating: Test Cases/Specific Cases/LS/Client Profile/Allergies-Vitals-Labs/Pain Rating

28-01-2025T18:00:26 - [TEST_STEP][PASSED] - callTestCase(findTestCase("Common Cases/Login"), [:], STOP_ON_FAILURE): Call Test Case 'Test Cases/Common Cases/Login' successfully

28-01-2025T18:00:26 - [TEST_CASE][PASSED] - Test Cases/Common Cases/Login: Test Cases/Common Cases/Login

28-01-2025T18:00:26 - [TEST_STEP][PASSED] - openBrowser(""): Browser is opened with url: ''

28-01-2025T18:00:26 - [MESSAGE][INFO] - Starting 'Chrome' driver

28-01-2025T18:00:26 - [MESSAGE][INFO] - Action delay is set to 0 milliseconds

28-01-2025T18:00:27 - [MESSAGE][PASSED] - Browser is opened with url: ''

28-01-2025T18:00:27 - [TEST_STEP][PASSED] - maximizeWindow(): Current window maximized

28-01-2025T18:00:27 - [MESSAGE][PASSED] - Current window maximized

28-01-2025T18:00:27 - [TEST_STEP][PASSED] - navigateToUrl("https://site17.lsapp.cloud/auth/login"): Navigate to 'https://site17.lsapp.cloud/auth/login' successfully

28-01-2025T18:00:30 - [MESSAGE][PASSED] - Navigate to 'https://site17.lsapp.cloud/auth/login' successfully

28-01-2025T18:00:30 - [TEST_STEP][PASSED] - setText(findTestObject("Object Repository/Common Cases Repository/Login/Page_Lightning Step/input_Email_email"), "automation@lightningstep.com"): Text 'automation@lightningstep.com' is set on object 'Object Repository/Common Cases Repository/Login/Page_Lightning Step/input_Email_email'

28-01-2025T18:00:31 - [MESSAGE][PASSED] - Text 'automation@lightningstep.com' is set on object 'Object Repository/Common Cases Repository/Login/Page_Lightning Step/input_Email_email'

28-01-2025T18:00:31 - [TEST_STEP][PASSED] - setEncryptedText(findTestObject("Object Repository/Common Cases Repository/Login/Page_Lightning Step/input_Password_password"), "e5N8VHmnhJDITtQaQhDQDw=="): Text ****** has been set on object 'Object Repository/Common Cases Repository/Login/Page_Lightning Step/input_Password_password'

28-01-2025T18:00:32 - [MESSAGE][PASSED] - Text ****** has been set on object 'Object Repository/Common Cases Repository/Login/Page_Lightning Step/input_Password_password'

28-01-2025T18:00:32 - [TEST_STEP][PASSED] - click(findTestObject("Object Repository/Common Cases Repository/Login/Page_Lightning Step/button_Sign in")): Object: 'Object Repository/Common Cases Repository/Login/Page_Lightning Step/button_Sign in' is clicked on

28-01-2025T18:00:38 - [MESSAGE][PASSED] - Object: 'Object Repository/Common Cases Repository/Login/Page_Lightning Step/button_Sign in' is clicked on

28-01-2025T18:00:38 - [MESSAGE][PASSED] - Call Test Case 'Test Cases/Common Cases/Login' successfully

28-01-2025T18:00:38 - [TEST_STEP][PASSED] - navigateToUrl("https://site17.lsapp.cloud/client/index/1556?section=medicalassess"): Navigate to 'https://site17.lsapp.cloud/client/index/1556?section=medicalassess' successfully

28-01-2025T18:00:50 - [MESSAGE][PASSED] - Navigate to 'https://site17.lsapp.cloud/client/index/1556?section=medicalassess' successfully

28-01-2025T18:00:50 - [TEST_STEP][PASSED] - click(findTestObject("Object Repository/Specific Cases Repository/LS/Client Profile/Allergies-Vitals-Labs/Pain Rating/Page_Client Profile/h4_Pain Rating")): Object: 'Object Repository/Specific Cases Repository/LS/Client Profile/Allergies-Vitals-Labs/Pain Rating/Page_Client Profile/h4_Pain Rating' is clicked on

28-01-2025T18:00:50 - [MESSAGE][PASSED] - Object: 'Object Repository/Specific Cases Repository/LS/Client Profile/Allergies-Vitals-Labs/Pain Rating/Page_Client Profile/h4_Pain Rating' is clicked on

28-01-2025T18:00:50 - [TEST_STEP][PASSED] - click(findTestObject("Object Repository/Specific Cases Repository/LS/Client Profile/Allergies-Vitals-Labs/Pain Rating/Page_Client Profile/i_add")): Object: 'Object Repository/Specific Cases Repository/LS/Client Profile/Allergies-Vitals-Labs/Pain Rating/Page_Client Profile/i_add' is clicked on

28-01-2025T18:00:54 - [MESSAGE][PASSED] - Object: 'Object Repository/Specific Cases Repository/LS/Client Profile/Allergies-Vitals-Labs/Pain Rating/Page_Client Profile/i_add' is clicked on

28-01-2025T18:00:54 - [TEST_STEP][PASSED] - selectOptionByValue(findTestObject("Object Repository/Specific Cases Repository/LS/Client Profile/Allergies-Vitals-Labs/Pain Rating/Page_Pain Rating/select_--not-selected--YesNo"), "Yes", true): All options with value 'Yes' are selected in object 'Object Repository/Specific Cases Repository/LS/Client Profile/Allergies-Vitals-Labs/Pain Rating/Page_Pain Rating/select_--not-selected--YesNo'  using regular expression

28-01-2025T18:00:56 - [MESSAGE][PASSED] - All options with value 'Yes' are selected in object 'Object Repository/Specific Cases Repository/LS/Client Profile/Allergies-Vitals-Labs/Pain Rating/Page_Pain Rating/select_--not-selected--YesNo'  using regular expression

28-01-2025T18:00:56 - [TEST_STEP][PASSED] - setText(findTestObject("Object Repository/Specific Cases Repository/LS/Client Profile/Allergies-Vitals-Labs/Pain Rating/Page_Pain Rating/textarea_Character Please describe your pai_b961e8"), "Automation Character"): Text 'Automation Character' is set on object 'Object Repository/Specific Cases Repository/LS/Client Profile/Allergies-Vitals-Labs/Pain Rating/Page_Pain Rating/textarea_Character Please describe your pai_b961e8'

28-01-2025T18:00:57 - [MESSAGE][PASSED] - Text 'Automation Character' is set on object 'Object Repository/Specific Cases Repository/LS/Client Profile/Allergies-Vitals-Labs/Pain Rating/Page_Pain Rating/textarea_Character Please describe your pai_b961e8'

28-01-2025T18:00:57 - [TEST_STEP][PASSED] - setText(findTestObject("Object Repository/Specific Cases Repository/LS/Client Profile/Allergies-Vitals-Labs/Pain Rating/Page_Pain Rating/textarea_Onset When did your pain begin How_1fcb8f"), "Automation Onset"): Text 'Automation Onset' is set on object 'Object Repository/Specific Cases Repository/LS/Client Profile/Allergies-Vitals-Labs/Pain Rating/Page_Pain Rating/textarea_Onset When did your pain begin How_1fcb8f'

28-01-2025T18:00:57 - [MESSAGE][PASSED] - Text 'Automation Onset' is set on object 'Object Repository/Specific Cases Repository/LS/Client Profile/Allergies-Vitals-Labs/Pain Rating/Page_Pain Rating/textarea_Onset When did your pain begin How_1fcb8f'

28-01-2025T18:00:57 - [TEST_STEP][PASSED] - setText(findTestObject("Object Repository/Specific Cases Repository/LS/Client Profile/Allergies-Vitals-Labs/Pain Rating/Page_Pain Rating/textarea_Location Where is it Does it radia_4aae7b"), "Autoamtion Location"): Text 'Autoamtion Location' is set on object 'Object Repository/Specific Cases Repository/LS/Client Profile/Allergies-Vitals-Labs/Pain Rating/Page_Pain Rating/textarea_Location Where is it Does it radia_4aae7b'

28-01-2025T18:00:58 - [MESSAGE][PASSED] - Text 'Autoamtion Location' is set on object 'Object Repository/Specific Cases Repository/LS/Client Profile/Allergies-Vitals-Labs/Pain Rating/Page_Pain Rating/textarea_Location Where is it Does it radia_4aae7b'

28-01-2025T18:00:58 - [TEST_STEP][PASSED] - setText(findTestObject("Object Repository/Specific Cases Repository/LS/Client Profile/Allergies-Vitals-Labs/Pain Rating/Page_Pain Rating/textarea_Duration How long does it last Doe_a24179"), "Automation Duration"): Text 'Automation Duration' is set on object 'Object Repository/Specific Cases Repository/LS/Client Profile/Allergies-Vitals-Labs/Pain Rating/Page_Pain Rating/textarea_Duration How long does it last Doe_a24179'

28-01-2025T18:00:59 - [MESSAGE][PASSED] - Text 'Automation Duration' is set on object 'Object Repository/Specific Cases Repository/LS/Client Profile/Allergies-Vitals-Labs/Pain Rating/Page_Pain Rating/textarea_Duration How long does it last Doe_a24179'

28-01-2025T18:00:59 - [TEST_STEP][PASSED] - setText(findTestObject("Object Repository/Specific Cases Repository/LS/Client Profile/Allergies-Vitals-Labs/Pain Rating/Page_Pain Rating/textarea_Severity How bad is it_txtseverity"), "Automation Severity"): Text 'Automation Severity' is set on object 'Object Repository/Specific Cases Repository/LS/Client Profile/Allergies-Vitals-Labs/Pain Rating/Page_Pain Rating/textarea_Severity How bad is it_txtseverity'

28-01-2025T18:00:59 - [MESSAGE][PASSED] - Text 'Automation Severity' is set on object 'Object Repository/Specific Cases Repository/LS/Client Profile/Allergies-Vitals-Labs/Pain Rating/Page_Pain Rating/textarea_Severity How bad is it_txtseverity'

28-01-2025T18:00:59 - [TEST_STEP][PASSED] - setText(findTestObject("Object Repository/Specific Cases Repository/LS/Client Profile/Allergies-Vitals-Labs/Pain Rating/Page_Pain Rating/textarea_Pattern What makes it better_txtpattern"), "Automation Pattern"): Text 'Automation Pattern' is set on object 'Object Repository/Specific Cases Repository/LS/Client Profile/Allergies-Vitals-Labs/Pain Rating/Page_Pain Rating/textarea_Pattern What makes it better_txtpattern'

28-01-2025T18:01:00 - [MESSAGE][PASSED] - Text 'Automation Pattern' is set on object 'Object Repository/Specific Cases Repository/LS/Client Profile/Allergies-Vitals-Labs/Pain Rating/Page_Pain Rating/textarea_Pattern What makes it better_txtpattern'

28-01-2025T18:01:00 - [TEST_STEP][PASSED] - setText(findTestObject("Object Repository/Specific Cases Repository/LS/Client Profile/Allergies-Vitals-Labs/Pain Rating/Page_Pain Rating/textarea_Associated Factors What other symp_d4f16d"), "Automation Associated"): Text 'Automation Associated' is set on object 'Object Repository/Specific Cases Repository/LS/Client Profile/Allergies-Vitals-Labs/Pain Rating/Page_Pain Rating/textarea_Associated Factors What other symp_d4f16d'

28-01-2025T18:01:00 - [MESSAGE][PASSED] - Text 'Automation Associated' is set on object 'Object Repository/Specific Cases Repository/LS/Client Profile/Allergies-Vitals-Labs/Pain Rating/Page_Pain Rating/textarea_Associated Factors What other symp_d4f16d'

28-01-2025T18:01:00 - [TEST_STEP][PASSED] - click(findTestObject("Object Repository/Specific Cases Repository/LS/Client Profile/Allergies-Vitals-Labs/Pain Rating/Page_Pain Rating/input_Associated Factors What other symptom_d4156a")): Object: 'Object Repository/Specific Cases Repository/LS/Client Profile/Allergies-Vitals-Labs/Pain Rating/Page_Pain Rating/input_Associated Factors What other symptom_d4156a' is clicked on

28-01-2025T18:01:01 - [MESSAGE][PASSED] - Object: 'Object Repository/Specific Cases Repository/LS/Client Profile/Allergies-Vitals-Labs/Pain Rating/Page_Pain Rating/input_Associated Factors What other symptom_d4156a' is clicked on

28-01-2025T18:01:01 - [TEST_STEP][PASSED] - click(findTestObject("Object Repository/Specific Cases Repository/LS/Client Profile/Allergies-Vitals-Labs/Pain Rating/Page_Pain Rating/span_Sign and Lock_check")): Object: 'Object Repository/Specific Cases Repository/LS/Client Profile/Allergies-Vitals-Labs/Pain Rating/Page_Pain Rating/span_Sign and Lock_check' is clicked on

28-01-2025T18:01:01 - [MESSAGE][PASSED] - Object: 'Object Repository/Specific Cases Repository/LS/Client Profile/Allergies-Vitals-Labs/Pain Rating/Page_Pain Rating/span_Sign and Lock_check' is clicked on

28-01-2025T18:01:01 - [TEST_STEP][PASSED] - click(findTestObject("Object Repository/Specific Cases Repository/LS/Client Profile/Allergies-Vitals-Labs/Pain Rating/Page_Pain Rating/button_Save")): Object: 'Object Repository/Specific Cases Repository/LS/Client Profile/Allergies-Vitals-Labs/Pain Rating/Page_Pain Rating/button_Save' is clicked on

28-01-2025T18:01:14 - [MESSAGE][PASSED] - Object: 'Object Repository/Specific Cases Repository/LS/Client Profile/Allergies-Vitals-Labs/Pain Rating/Page_Pain Rating/button_Save' is clicked on

28-01-2025T18:01:14 - [TEST_STEP][PASSED] - verifyElementText(findTestObject("Object Repository/Specific Cases Repository/LS/Client Profile/Allergies-Vitals-Labs/Pain Rating/Page_Client Profile/td_5"), "5"): Actual text and expected text of test object 'Object Repository/Specific Cases Repository/LS/Client Profile/Allergies-Vitals-Labs/Pain Rating/Page_Client Profile/td_5' are matched.

28-01-2025T18:01:15 - [MESSAGE][PASSED] - Actual text and expected text of test object 'Object Repository/Specific Cases Repository/LS/Client Profile/Allergies-Vitals-Labs/Pain Rating/Page_Client Profile/td_5' are matched.

28-01-2025T18:01:15 - [TEST_STEP][PASSED] - verifyElementText(findTestObject("Object Repository/Specific Cases Repository/LS/Client Profile/Allergies-Vitals-Labs/Pain Rating/Page_Client Profile/td_Automation Character"), "Automation Character"): Actual text and expected text of test object 'Object Repository/Specific Cases Repository/LS/Client Profile/Allergies-Vitals-Labs/Pain Rating/Page_Client Profile/td_Automation Character' are matched.

28-01-2025T18:01:15 - [MESSAGE][PASSED] - Actual text and expected text of test object 'Object Repository/Specific Cases Repository/LS/Client Profile/Allergies-Vitals-Labs/Pain Rating/Page_Client Profile/td_Automation Character' are matched.

28-01-2025T18:01:15 - [TEST_STEP][PASSED] - verifyElementText(findTestObject("Object Repository/Specific Cases Repository/LS/Client Profile/Allergies-Vitals-Labs/Pain Rating/Page_Client Profile/td_Automation Test"), "Automation Test"): Actual text and expected text of test object 'Object Repository/Specific Cases Repository/LS/Client Profile/Allergies-Vitals-Labs/Pain Rating/Page_Client Profile/td_Automation Test' are matched.

28-01-2025T18:01:15 - [MESSAGE][PASSED] - Actual text and expected text of test object 'Object Repository/Specific Cases Repository/LS/Client Profile/Allergies-Vitals-Labs/Pain Rating/Page_Client Profile/td_Automation Test' are matched.

28-01-2025T18:01:15 - [TEST_STEP][PASSED] - closeBrowser(): Browser is closed

28-01-2025T18:01:16 - [MESSAGE][PASSED] - Browser is closed]]></system-out>
         <system-err><![CDATA[]]></system-err>
      </testcase>
      <testcase name="Test Cases/Specific Cases/LS/Client Profile/Allergies-Vitals-Labs/PENDING TB Testing" time="15.089" classname="Test Cases/Specific Cases/LS/Client Profile/Allergies-Vitals-Labs/PENDING TB Testing" status="PASSED">
         <system-out><![CDATA[28-01-2025T18:01:16 - [TEST_CASE][PASSED] - Test Cases/Specific Cases/LS/Client Profile/Allergies-Vitals-Labs/PENDING TB Testing: Test Cases/Specific Cases/LS/Client Profile/Allergies-Vitals-Labs/PENDING TB Testing

28-01-2025T18:01:16 - [TEST_STEP][PASSED] - callTestCase(findTestCase("Common Cases/Login"), [:], STOP_ON_FAILURE): Call Test Case 'Test Cases/Common Cases/Login' successfully

28-01-2025T18:01:16 - [TEST_CASE][PASSED] - Test Cases/Common Cases/Login: Test Cases/Common Cases/Login

28-01-2025T18:01:16 - [TEST_STEP][PASSED] - openBrowser(""): Browser is opened with url: ''

28-01-2025T18:01:16 - [MESSAGE][INFO] - Starting 'Chrome' driver

28-01-2025T18:01:16 - [MESSAGE][INFO] - Action delay is set to 0 milliseconds

28-01-2025T18:01:16 - [MESSAGE][PASSED] - Browser is opened with url: ''

28-01-2025T18:01:16 - [TEST_STEP][PASSED] - maximizeWindow(): Current window maximized

28-01-2025T18:01:16 - [MESSAGE][PASSED] - Current window maximized

28-01-2025T18:01:16 - [TEST_STEP][PASSED] - navigateToUrl("https://site17.lsapp.cloud/auth/login"): Navigate to 'https://site17.lsapp.cloud/auth/login' successfully

28-01-2025T18:01:21 - [MESSAGE][PASSED] - Navigate to 'https://site17.lsapp.cloud/auth/login' successfully

28-01-2025T18:01:21 - [TEST_STEP][PASSED] - setText(findTestObject("Object Repository/Common Cases Repository/Login/Page_Lightning Step/input_Email_email"), "automation@lightningstep.com"): Text 'automation@lightningstep.com' is set on object 'Object Repository/Common Cases Repository/Login/Page_Lightning Step/input_Email_email'

28-01-2025T18:01:22 - [MESSAGE][PASSED] - Text 'automation@lightningstep.com' is set on object 'Object Repository/Common Cases Repository/Login/Page_Lightning Step/input_Email_email'

28-01-2025T18:01:22 - [TEST_STEP][PASSED] - setEncryptedText(findTestObject("Object Repository/Common Cases Repository/Login/Page_Lightning Step/input_Password_password"), "e5N8VHmnhJDITtQaQhDQDw=="): Text ****** has been set on object 'Object Repository/Common Cases Repository/Login/Page_Lightning Step/input_Password_password'

28-01-2025T18:01:22 - [MESSAGE][PASSED] - Text ****** has been set on object 'Object Repository/Common Cases Repository/Login/Page_Lightning Step/input_Password_password'

28-01-2025T18:01:22 - [TEST_STEP][PASSED] - click(findTestObject("Object Repository/Common Cases Repository/Login/Page_Lightning Step/button_Sign in")): Object: 'Object Repository/Common Cases Repository/Login/Page_Lightning Step/button_Sign in' is clicked on

28-01-2025T18:01:31 - [MESSAGE][PASSED] - Object: 'Object Repository/Common Cases Repository/Login/Page_Lightning Step/button_Sign in' is clicked on

28-01-2025T18:01:31 - [MESSAGE][PASSED] - Call Test Case 'Test Cases/Common Cases/Login' successfully]]></system-out>
         <system-err><![CDATA[]]></system-err>
      </testcase>
      <testcase name="Test Cases/Specific Cases/LS/Client Profile/Allergies-Vitals-Labs/Pregnancy Test" time="41.512" classname="Test Cases/Specific Cases/LS/Client Profile/Allergies-Vitals-Labs/Pregnancy Test" status="PASSED">
         <system-out><![CDATA[28-01-2025T18:01:31 - [TEST_CASE][PASSED] - Test Cases/Specific Cases/LS/Client Profile/Allergies-Vitals-Labs/Pregnancy Test: Test Cases/Specific Cases/LS/Client Profile/Allergies-Vitals-Labs/Pregnancy Test

28-01-2025T18:01:31 - [TEST_STEP][PASSED] - callTestCase(findTestCase("Common Cases/Login"), [:], STOP_ON_FAILURE): Call Test Case 'Test Cases/Common Cases/Login' successfully

28-01-2025T18:01:31 - [TEST_CASE][PASSED] - Test Cases/Common Cases/Login: Test Cases/Common Cases/Login

28-01-2025T18:01:31 - [TEST_STEP][PASSED] - openBrowser(""): Browser is opened with url: ''

28-01-2025T18:01:31 - [MESSAGE][WARNING] - A browser is already opened. Closing browser and opening a new one

28-01-2025T18:01:31 - [MESSAGE][INFO] - Starting 'Chrome' driver

28-01-2025T18:01:31 - [MESSAGE][INFO] - Action delay is set to 0 milliseconds

28-01-2025T18:01:32 - [MESSAGE][PASSED] - Browser is opened with url: ''

28-01-2025T18:01:32 - [TEST_STEP][PASSED] - maximizeWindow(): Current window maximized

28-01-2025T18:01:32 - [MESSAGE][PASSED] - Current window maximized

28-01-2025T18:01:32 - [TEST_STEP][PASSED] - navigateToUrl("https://site17.lsapp.cloud/auth/login"): Navigate to 'https://site17.lsapp.cloud/auth/login' successfully

28-01-2025T18:01:38 - [MESSAGE][PASSED] - Navigate to 'https://site17.lsapp.cloud/auth/login' successfully

28-01-2025T18:01:38 - [TEST_STEP][PASSED] - setText(findTestObject("Object Repository/Common Cases Repository/Login/Page_Lightning Step/input_Email_email"), "automation@lightningstep.com"): Text 'automation@lightningstep.com' is set on object 'Object Repository/Common Cases Repository/Login/Page_Lightning Step/input_Email_email'

28-01-2025T18:01:39 - [MESSAGE][PASSED] - Text 'automation@lightningstep.com' is set on object 'Object Repository/Common Cases Repository/Login/Page_Lightning Step/input_Email_email'

28-01-2025T18:01:39 - [TEST_STEP][PASSED] - setEncryptedText(findTestObject("Object Repository/Common Cases Repository/Login/Page_Lightning Step/input_Password_password"), "e5N8VHmnhJDITtQaQhDQDw=="): Text ****** has been set on object 'Object Repository/Common Cases Repository/Login/Page_Lightning Step/input_Password_password'

28-01-2025T18:01:39 - [MESSAGE][PASSED] - Text ****** has been set on object 'Object Repository/Common Cases Repository/Login/Page_Lightning Step/input_Password_password'

28-01-2025T18:01:39 - [TEST_STEP][PASSED] - click(findTestObject("Object Repository/Common Cases Repository/Login/Page_Lightning Step/button_Sign in")): Object: 'Object Repository/Common Cases Repository/Login/Page_Lightning Step/button_Sign in' is clicked on

28-01-2025T18:01:44 - [MESSAGE][PASSED] - Object: 'Object Repository/Common Cases Repository/Login/Page_Lightning Step/button_Sign in' is clicked on

28-01-2025T18:01:44 - [MESSAGE][PASSED] - Call Test Case 'Test Cases/Common Cases/Login' successfully

28-01-2025T18:01:44 - [TEST_STEP][PASSED] - navigateToUrl("https://site17.lsapp.cloud/client/index/1556?section=medicalassess"): Navigate to 'https://site17.lsapp.cloud/client/index/1556?section=medicalassess' successfully

28-01-2025T18:01:51 - [MESSAGE][PASSED] - Navigate to 'https://site17.lsapp.cloud/client/index/1556?section=medicalassess' successfully

28-01-2025T18:01:51 - [TEST_STEP][PASSED] - click(findTestObject("Object Repository/Specific Cases Repository/LS/Client Profile/Allergies-Vitals-Labs/Pregnancy Test/Page_Client Profile/h4_Pregnancy Test")): Object: 'Object Repository/Specific Cases Repository/LS/Client Profile/Allergies-Vitals-Labs/Pregnancy Test/Page_Client Profile/h4_Pregnancy Test' is clicked on

28-01-2025T18:01:52 - [MESSAGE][PASSED] - Object: 'Object Repository/Specific Cases Repository/LS/Client Profile/Allergies-Vitals-Labs/Pregnancy Test/Page_Client Profile/h4_Pregnancy Test' is clicked on

28-01-2025T18:01:52 - [TEST_STEP][PASSED] - click(findTestObject("Object Repository/Specific Cases Repository/LS/Client Profile/Allergies-Vitals-Labs/Pregnancy Test/Page_Client Profile/i_add")): Object: 'Object Repository/Specific Cases Repository/LS/Client Profile/Allergies-Vitals-Labs/Pregnancy Test/Page_Client Profile/i_add' is clicked on

28-01-2025T18:01:55 - [MESSAGE][PASSED] - Object: 'Object Repository/Specific Cases Repository/LS/Client Profile/Allergies-Vitals-Labs/Pregnancy Test/Page_Client Profile/i_add' is clicked on

28-01-2025T18:01:55 - [TEST_STEP][PASSED] - setText(findTestObject("Object Repository/Specific Cases Repository/LS/Client Profile/Allergies-Vitals-Labs/Pregnancy Test/Page_Pregnancy Test/textarea_Additional Information_note"), "Automation Additional Information"): Text 'Automation Additional Information' is set on object 'Object Repository/Specific Cases Repository/LS/Client Profile/Allergies-Vitals-Labs/Pregnancy Test/Page_Pregnancy Test/textarea_Additional Information_note'

28-01-2025T18:01:56 - [MESSAGE][PASSED] - Text 'Automation Additional Information' is set on object 'Object Repository/Specific Cases Repository/LS/Client Profile/Allergies-Vitals-Labs/Pregnancy Test/Page_Pregnancy Test/textarea_Additional Information_note'

28-01-2025T18:01:56 - [TEST_STEP][PASSED] - selectOptionByValue(findTestObject("Object Repository/Specific Cases Repository/LS/Client Profile/Allergies-Vitals-Labs/Pregnancy Test/Page_Pregnancy Test/select_PositiveNegative"), "Positive", true): All options with value 'Positive' are selected in object 'Object Repository/Specific Cases Repository/LS/Client Profile/Allergies-Vitals-Labs/Pregnancy Test/Page_Pregnancy Test/select_PositiveNegative'  using regular expression

28-01-2025T18:01:57 - [MESSAGE][PASSED] - All options with value 'Positive' are selected in object 'Object Repository/Specific Cases Repository/LS/Client Profile/Allergies-Vitals-Labs/Pregnancy Test/Page_Pregnancy Test/select_PositiveNegative'  using regular expression

28-01-2025T18:01:57 - [TEST_STEP][PASSED] - click(findTestObject("Object Repository/Specific Cases Repository/LS/Client Profile/Allergies-Vitals-Labs/Pregnancy Test/Page_Pregnancy Test/input_Sign and Lock_dss")): Object: 'Object Repository/Specific Cases Repository/LS/Client Profile/Allergies-Vitals-Labs/Pregnancy Test/Page_Pregnancy Test/input_Sign and Lock_dss' is clicked on

28-01-2025T18:01:57 - [MESSAGE][PASSED] - Object: 'Object Repository/Specific Cases Repository/LS/Client Profile/Allergies-Vitals-Labs/Pregnancy Test/Page_Pregnancy Test/input_Sign and Lock_dss' is clicked on

28-01-2025T18:01:57 - [TEST_STEP][PASSED] - click(findTestObject("Object Repository/Specific Cases Repository/LS/Client Profile/Allergies-Vitals-Labs/Pregnancy Test/Page_Pregnancy Test/button_Save")): Object: 'Object Repository/Specific Cases Repository/LS/Client Profile/Allergies-Vitals-Labs/Pregnancy Test/Page_Pregnancy Test/button_Save' is clicked on

28-01-2025T18:02:04 - [MESSAGE][PASSED] - Object: 'Object Repository/Specific Cases Repository/LS/Client Profile/Allergies-Vitals-Labs/Pregnancy Test/Page_Pregnancy Test/button_Save' is clicked on

28-01-2025T18:02:04 - [TEST_STEP][PASSED] - navigateToUrl("https://site17.lsapp.cloud/client/index/1556?section=medicalassess"): Navigate to 'https://site17.lsapp.cloud/client/index/1556?section=medicalassess' successfully

28-01-2025T18:02:09 - [MESSAGE][PASSED] - Navigate to 'https://site17.lsapp.cloud/client/index/1556?section=medicalassess' successfully

28-01-2025T18:02:09 - [TEST_STEP][PASSED] - click(findTestObject("Object Repository/Specific Cases Repository/LS/Client Profile/Allergies-Vitals-Labs/Pregnancy Test/Page_Client Profile/h4_Pregnancy Test")): Object: 'Object Repository/Specific Cases Repository/LS/Client Profile/Allergies-Vitals-Labs/Pregnancy Test/Page_Client Profile/h4_Pregnancy Test' is clicked on

28-01-2025T18:02:11 - [MESSAGE][PASSED] - Object: 'Object Repository/Specific Cases Repository/LS/Client Profile/Allergies-Vitals-Labs/Pregnancy Test/Page_Client Profile/h4_Pregnancy Test' is clicked on

28-01-2025T18:02:11 - [TEST_STEP][PASSED] - verifyElementText(findTestObject("Object Repository/Specific Cases Repository/LS/Client Profile/Allergies-Vitals-Labs/Pregnancy Test/Page_Client Profile/td_Positive"), "Positive"): Actual text and expected text of test object 'Object Repository/Specific Cases Repository/LS/Client Profile/Allergies-Vitals-Labs/Pregnancy Test/Page_Client Profile/td_Positive' are matched.

28-01-2025T18:02:12 - [MESSAGE][PASSED] - Actual text and expected text of test object 'Object Repository/Specific Cases Repository/LS/Client Profile/Allergies-Vitals-Labs/Pregnancy Test/Page_Client Profile/td_Positive' are matched.

28-01-2025T18:02:12 - [TEST_STEP][PASSED] - verifyElementPresent(findTestObject("Object Repository/Specific Cases Repository/LS/Client Profile/Allergies-Vitals-Labs/Pregnancy Test/Page_Client Profile/i_Positive_fa fa-exclamation-triangle text-danger"), 0): Object 'Object Repository/Specific Cases Repository/LS/Client Profile/Allergies-Vitals-Labs/Pregnancy Test/Page_Client Profile/i_Positive_fa fa-exclamation-triangle text-danger' is present

28-01-2025T18:02:12 - [MESSAGE][WARNING] - Timeout '0' is invalid. Using default page load timeout: '30'

28-01-2025T18:02:12 - [MESSAGE][PASSED] - Object 'Object Repository/Specific Cases Repository/LS/Client Profile/Allergies-Vitals-Labs/Pregnancy Test/Page_Client Profile/i_Positive_fa fa-exclamation-triangle text-danger' is present

28-01-2025T18:02:12 - [TEST_STEP][PASSED] - closeBrowser(): Browser is closed

28-01-2025T18:02:12 - [MESSAGE][PASSED] - Browser is closed]]></system-out>
         <system-err><![CDATA[]]></system-err>
      </testcase>
      <testcase name="Test Cases/Specific Cases/LS/Client Profile/Allergies-Vitals-Labs/UDS" time="55.699" classname="Test Cases/Specific Cases/LS/Client Profile/Allergies-Vitals-Labs/UDS" status="PASSED">
         <system-out><![CDATA[28-01-2025T18:02:12 - [TEST_CASE][PASSED] - Test Cases/Specific Cases/LS/Client Profile/Allergies-Vitals-Labs/UDS: Test Cases/Specific Cases/LS/Client Profile/Allergies-Vitals-Labs/UDS

28-01-2025T18:02:12 - [TEST_STEP][PASSED] - callTestCase(findTestCase("Common Cases/Login"), [:], STOP_ON_FAILURE): Call Test Case 'Test Cases/Common Cases/Login' successfully

28-01-2025T18:02:12 - [TEST_CASE][PASSED] - Test Cases/Common Cases/Login: Test Cases/Common Cases/Login

28-01-2025T18:02:12 - [TEST_STEP][PASSED] - openBrowser(""): Browser is opened with url: ''

28-01-2025T18:02:12 - [MESSAGE][INFO] - Starting 'Chrome' driver

28-01-2025T18:02:12 - [MESSAGE][INFO] - Action delay is set to 0 milliseconds

28-01-2025T18:02:13 - [MESSAGE][PASSED] - Browser is opened with url: ''

28-01-2025T18:02:13 - [TEST_STEP][PASSED] - maximizeWindow(): Current window maximized

28-01-2025T18:02:13 - [MESSAGE][PASSED] - Current window maximized

28-01-2025T18:02:13 - [TEST_STEP][PASSED] - navigateToUrl("https://site17.lsapp.cloud/auth/login"): Navigate to 'https://site17.lsapp.cloud/auth/login' successfully

28-01-2025T18:02:16 - [MESSAGE][PASSED] - Navigate to 'https://site17.lsapp.cloud/auth/login' successfully

28-01-2025T18:02:16 - [TEST_STEP][PASSED] - setText(findTestObject("Object Repository/Common Cases Repository/Login/Page_Lightning Step/input_Email_email"), "automation@lightningstep.com"): Text 'automation@lightningstep.com' is set on object 'Object Repository/Common Cases Repository/Login/Page_Lightning Step/input_Email_email'

28-01-2025T18:02:17 - [MESSAGE][PASSED] - Text 'automation@lightningstep.com' is set on object 'Object Repository/Common Cases Repository/Login/Page_Lightning Step/input_Email_email'

28-01-2025T18:02:17 - [TEST_STEP][PASSED] - setEncryptedText(findTestObject("Object Repository/Common Cases Repository/Login/Page_Lightning Step/input_Password_password"), "e5N8VHmnhJDITtQaQhDQDw=="): Text ****** has been set on object 'Object Repository/Common Cases Repository/Login/Page_Lightning Step/input_Password_password'

28-01-2025T18:02:17 - [MESSAGE][PASSED] - Text ****** has been set on object 'Object Repository/Common Cases Repository/Login/Page_Lightning Step/input_Password_password'

28-01-2025T18:02:17 - [TEST_STEP][PASSED] - click(findTestObject("Object Repository/Common Cases Repository/Login/Page_Lightning Step/button_Sign in")): Object: 'Object Repository/Common Cases Repository/Login/Page_Lightning Step/button_Sign in' is clicked on

28-01-2025T18:02:22 - [MESSAGE][PASSED] - Object: 'Object Repository/Common Cases Repository/Login/Page_Lightning Step/button_Sign in' is clicked on

28-01-2025T18:02:22 - [MESSAGE][PASSED] - Call Test Case 'Test Cases/Common Cases/Login' successfully

28-01-2025T18:02:22 - [TEST_STEP][PASSED] - click(findTestObject("Object Repository/Specific Cases Repository/LS/Client Profile/Allergies-Vitals-Labs/UDS/Page_Home/a_Census")): Object: 'Object Repository/Specific Cases Repository/LS/Client Profile/Allergies-Vitals-Labs/UDS/Page_Home/a_Census' is clicked on

28-01-2025T18:02:25 - [MESSAGE][PASSED] - Object: 'Object Repository/Specific Cases Repository/LS/Client Profile/Allergies-Vitals-Labs/UDS/Page_Home/a_Census' is clicked on

28-01-2025T18:02:25 - [TEST_STEP][PASSED] - click(findTestObject("Object Repository/Specific Cases Repository/LS/Client Profile/Allergies-Vitals-Labs/UDS/Page_Home/a_A Automation, A Client")): Object: 'Object Repository/Specific Cases Repository/LS/Client Profile/Allergies-Vitals-Labs/UDS/Page_Home/a_A Automation, A Client' is clicked on

28-01-2025T18:02:33 - [MESSAGE][PASSED] - Object: 'Object Repository/Specific Cases Repository/LS/Client Profile/Allergies-Vitals-Labs/UDS/Page_Home/a_A Automation, A Client' is clicked on

28-01-2025T18:02:33 - [TEST_STEP][PASSED] - click(findTestObject("Object Repository/Specific Cases Repository/LS/Client Profile/Allergies-Vitals-Labs/UDS/Page_Client Profile/a_Allergies  Vitals  Labs")): Object: 'Object Repository/Specific Cases Repository/LS/Client Profile/Allergies-Vitals-Labs/UDS/Page_Client Profile/a_Allergies  Vitals  Labs' is clicked on

28-01-2025T18:02:34 - [MESSAGE][PASSED] - Object: 'Object Repository/Specific Cases Repository/LS/Client Profile/Allergies-Vitals-Labs/UDS/Page_Client Profile/a_Allergies  Vitals  Labs' is clicked on

28-01-2025T18:02:34 - [TEST_STEP][PASSED] - click(findTestObject("Object Repository/Specific Cases Repository/LS/Client Profile/Allergies-Vitals-Labs/UDS/Page_Client Profile/h4_UDS")): Object: 'Object Repository/Specific Cases Repository/LS/Client Profile/Allergies-Vitals-Labs/UDS/Page_Client Profile/h4_UDS' is clicked on

28-01-2025T18:02:35 - [MESSAGE][PASSED] - Object: 'Object Repository/Specific Cases Repository/LS/Client Profile/Allergies-Vitals-Labs/UDS/Page_Client Profile/h4_UDS' is clicked on

28-01-2025T18:02:35 - [TEST_STEP][PASSED] - click(findTestObject("Object Repository/Specific Cases Repository/LS/Client Profile/Allergies-Vitals-Labs/UDS/Page_Client Profile/i_add")): Object: 'Object Repository/Specific Cases Repository/LS/Client Profile/Allergies-Vitals-Labs/UDS/Page_Client Profile/i_add' is clicked on

28-01-2025T18:02:38 - [MESSAGE][PASSED] - Object: 'Object Repository/Specific Cases Repository/LS/Client Profile/Allergies-Vitals-Labs/UDS/Page_Client Profile/i_add' is clicked on

28-01-2025T18:02:38 - [TEST_STEP][PASSED] - setText(findTestObject("Object Repository/Specific Cases Repository/LS/Client Profile/Allergies-Vitals-Labs/UDS/Page_Urine Drug Screen/input_Sample ID_idnumber"), "Automation sample"): Text 'Automation sample' is set on object 'Object Repository/Specific Cases Repository/LS/Client Profile/Allergies-Vitals-Labs/UDS/Page_Urine Drug Screen/input_Sample ID_idnumber'

28-01-2025T18:02:39 - [MESSAGE][PASSED] - Text 'Automation sample' is set on object 'Object Repository/Specific Cases Repository/LS/Client Profile/Allergies-Vitals-Labs/UDS/Page_Urine Drug Screen/input_Sample ID_idnumber'

28-01-2025T18:02:39 - [TEST_STEP][PASSED] - setText(findTestObject("Object Repository/Specific Cases Repository/LS/Client Profile/Allergies-Vitals-Labs/UDS/Page_Urine Drug Screen/textarea_Note_note"), "automation note"): Text 'automation note' is set on object 'Object Repository/Specific Cases Repository/LS/Client Profile/Allergies-Vitals-Labs/UDS/Page_Urine Drug Screen/textarea_Note_note'

28-01-2025T18:02:39 - [MESSAGE][PASSED] - Text 'automation note' is set on object 'Object Repository/Specific Cases Repository/LS/Client Profile/Allergies-Vitals-Labs/UDS/Page_Urine Drug Screen/textarea_Note_note'

28-01-2025T18:02:39 - [TEST_STEP][PASSED] - click(findTestObject("Object Repository/Specific Cases Repository/LS/Client Profile/Allergies-Vitals-Labs/UDS/Page_Urine Drug Screen/button_Save")): Object: 'Object Repository/Specific Cases Repository/LS/Client Profile/Allergies-Vitals-Labs/UDS/Page_Urine Drug Screen/button_Save' is clicked on

28-01-2025T18:02:47 - [MESSAGE][PASSED] - Object: 'Object Repository/Specific Cases Repository/LS/Client Profile/Allergies-Vitals-Labs/UDS/Page_Urine Drug Screen/button_Save' is clicked on

28-01-2025T18:02:47 - [TEST_STEP][PASSED] - verifyElementText(findTestObject("Object Repository/Specific Cases Repository/LS/Client Profile/Allergies-Vitals-Labs/UDS/Page_Client Profile/td_Undetermined"), "Undetermined"): Actual text and expected text of test object 'Object Repository/Specific Cases Repository/LS/Client Profile/Allergies-Vitals-Labs/UDS/Page_Client Profile/td_Undetermined' are matched.

28-01-2025T18:02:48 - [MESSAGE][PASSED] - Actual text and expected text of test object 'Object Repository/Specific Cases Repository/LS/Client Profile/Allergies-Vitals-Labs/UDS/Page_Client Profile/td_Undetermined' are matched.

28-01-2025T18:02:48 - [TEST_STEP][PASSED] - click(findTestObject("Object Repository/Specific Cases Repository/LS/Client Profile/Allergies-Vitals-Labs/UDS/Page_Client Profile/a_Undetermined_btn btn-primary btn-raised b_a6024d")): Object: 'Object Repository/Specific Cases Repository/LS/Client Profile/Allergies-Vitals-Labs/UDS/Page_Client Profile/a_Undetermined_btn btn-primary btn-raised b_a6024d' is clicked on

28-01-2025T18:02:52 - [MESSAGE][PASSED] - Object: 'Object Repository/Specific Cases Repository/LS/Client Profile/Allergies-Vitals-Labs/UDS/Page_Client Profile/a_Undetermined_btn btn-primary btn-raised b_a6024d' is clicked on

28-01-2025T18:02:52 - [TEST_STEP][PASSED] - setText(findTestObject("Object Repository/Specific Cases Repository/LS/Client Profile/Allergies-Vitals-Labs/UDS/Page_Urine Drug Screen/textarea_Result Information_udsreading"), "Automation result information"): Text 'Automation result information' is set on object 'Object Repository/Specific Cases Repository/LS/Client Profile/Allergies-Vitals-Labs/UDS/Page_Urine Drug Screen/textarea_Result Information_udsreading'

28-01-2025T18:02:54 - [MESSAGE][PASSED] - Text 'Automation result information' is set on object 'Object Repository/Specific Cases Repository/LS/Client Profile/Allergies-Vitals-Labs/UDS/Page_Urine Drug Screen/textarea_Result Information_udsreading'

28-01-2025T18:02:54 - [TEST_STEP][PASSED] - click(findTestObject("Object Repository/Specific Cases Repository/LS/Client Profile/Allergies-Vitals-Labs/UDS/Page_Urine Drug Screen/input_Positive_result_code65")): Object: 'Object Repository/Specific Cases Repository/LS/Client Profile/Allergies-Vitals-Labs/UDS/Page_Urine Drug Screen/input_Positive_result_code65' is clicked on

28-01-2025T18:02:54 - [MESSAGE][PASSED] - Object: 'Object Repository/Specific Cases Repository/LS/Client Profile/Allergies-Vitals-Labs/UDS/Page_Urine Drug Screen/input_Positive_result_code65' is clicked on

28-01-2025T18:02:54 - [TEST_STEP][PASSED] - click(findTestObject("Object Repository/Specific Cases Repository/LS/Client Profile/Allergies-Vitals-Labs/UDS/Page_Urine Drug Screen/input_Positive_result_code67")): Object: 'Object Repository/Specific Cases Repository/LS/Client Profile/Allergies-Vitals-Labs/UDS/Page_Urine Drug Screen/input_Positive_result_code67' is clicked on

28-01-2025T18:02:55 - [MESSAGE][PASSED] - Object: 'Object Repository/Specific Cases Repository/LS/Client Profile/Allergies-Vitals-Labs/UDS/Page_Urine Drug Screen/input_Positive_result_code67' is clicked on

28-01-2025T18:02:55 - [TEST_STEP][PASSED] - click(findTestObject("Object Repository/Specific Cases Repository/LS/Client Profile/Allergies-Vitals-Labs/UDS/Page_Urine Drug Screen/input_Not Tested_result_code68")): Object: 'Object Repository/Specific Cases Repository/LS/Client Profile/Allergies-Vitals-Labs/UDS/Page_Urine Drug Screen/input_Not Tested_result_code68' is clicked on

28-01-2025T18:02:56 - [MESSAGE][PASSED] - Object: 'Object Repository/Specific Cases Repository/LS/Client Profile/Allergies-Vitals-Labs/UDS/Page_Urine Drug Screen/input_Not Tested_result_code68' is clicked on

28-01-2025T18:02:56 - [TEST_STEP][PASSED] - click(findTestObject("Object Repository/Specific Cases Repository/LS/Client Profile/Allergies-Vitals-Labs/UDS/Page_Urine Drug Screen/span_Sign and Lock_check")): Object: 'Object Repository/Specific Cases Repository/LS/Client Profile/Allergies-Vitals-Labs/UDS/Page_Urine Drug Screen/span_Sign and Lock_check' is clicked on

28-01-2025T18:02:57 - [MESSAGE][PASSED] - Object: 'Object Repository/Specific Cases Repository/LS/Client Profile/Allergies-Vitals-Labs/UDS/Page_Urine Drug Screen/span_Sign and Lock_check' is clicked on

28-01-2025T18:02:57 - [TEST_STEP][PASSED] - click(findTestObject("Object Repository/Specific Cases Repository/LS/Client Profile/Allergies-Vitals-Labs/UDS/Page_Urine Drug Screen/button_Save_1")): Object: 'Object Repository/Specific Cases Repository/LS/Client Profile/Allergies-Vitals-Labs/UDS/Page_Urine Drug Screen/button_Save_1' is clicked on

28-01-2025T18:03:04 - [MESSAGE][PASSED] - Object: 'Object Repository/Specific Cases Repository/LS/Client Profile/Allergies-Vitals-Labs/UDS/Page_Urine Drug Screen/button_Save_1' is clicked on

28-01-2025T18:03:04 - [TEST_STEP][PASSED] - click(findTestObject("Object Repository/Specific Cases Repository/LS/Client Profile/Allergies-Vitals-Labs/UDS/Page_Client Profile/a_Undetermined_btn btn-primary btn-raised b_a6024d")): Object: 'Object Repository/Specific Cases Repository/LS/Client Profile/Allergies-Vitals-Labs/UDS/Page_Client Profile/a_Undetermined_btn btn-primary btn-raised b_a6024d' is clicked on

28-01-2025T18:03:08 - [MESSAGE][PASSED] - Object: 'Object Repository/Specific Cases Repository/LS/Client Profile/Allergies-Vitals-Labs/UDS/Page_Client Profile/a_Undetermined_btn btn-primary btn-raised b_a6024d' is clicked on

28-01-2025T18:03:08 - [TEST_STEP][PASSED] - closeBrowser(): Browser is closed

28-01-2025T18:03:08 - [MESSAGE][PASSED] - Browser is closed]]></system-out>
         <system-err><![CDATA[]]></system-err>
      </testcase>
      <testcase name="Test Cases/Specific Cases/LS/Client Profile/Allergies-Vitals-Labs/Vital Signs" time="42.793" classname="Test Cases/Specific Cases/LS/Client Profile/Allergies-Vitals-Labs/Vital Signs" status="PASSED">
         <system-out><![CDATA[28-01-2025T18:03:08 - [TEST_CASE][PASSED] - Test Cases/Specific Cases/LS/Client Profile/Allergies-Vitals-Labs/Vital Signs: Test Cases/Specific Cases/LS/Client Profile/Allergies-Vitals-Labs/Vital Signs

28-01-2025T18:03:08 - [TEST_STEP][PASSED] - callTestCase(findTestCase("Common Cases/Login"), [:], STOP_ON_FAILURE): Call Test Case 'Test Cases/Common Cases/Login' successfully

28-01-2025T18:03:08 - [TEST_CASE][PASSED] - Test Cases/Common Cases/Login: Test Cases/Common Cases/Login

28-01-2025T18:03:08 - [TEST_STEP][PASSED] - openBrowser(""): Browser is opened with url: ''

28-01-2025T18:03:08 - [MESSAGE][INFO] - Starting 'Chrome' driver

28-01-2025T18:03:08 - [MESSAGE][INFO] - Action delay is set to 0 milliseconds

28-01-2025T18:03:09 - [MESSAGE][PASSED] - Browser is opened with url: ''

28-01-2025T18:03:09 - [TEST_STEP][PASSED] - maximizeWindow(): Current window maximized

28-01-2025T18:03:09 - [MESSAGE][PASSED] - Current window maximized

28-01-2025T18:03:09 - [TEST_STEP][PASSED] - navigateToUrl("https://site17.lsapp.cloud/auth/login"): Navigate to 'https://site17.lsapp.cloud/auth/login' successfully

28-01-2025T18:03:12 - [MESSAGE][PASSED] - Navigate to 'https://site17.lsapp.cloud/auth/login' successfully

28-01-2025T18:03:12 - [TEST_STEP][PASSED] - setText(findTestObject("Object Repository/Common Cases Repository/Login/Page_Lightning Step/input_Email_email"), "automation@lightningstep.com"): Text 'automation@lightningstep.com' is set on object 'Object Repository/Common Cases Repository/Login/Page_Lightning Step/input_Email_email'

28-01-2025T18:03:13 - [MESSAGE][PASSED] - Text 'automation@lightningstep.com' is set on object 'Object Repository/Common Cases Repository/Login/Page_Lightning Step/input_Email_email'

28-01-2025T18:03:13 - [TEST_STEP][PASSED] - setEncryptedText(findTestObject("Object Repository/Common Cases Repository/Login/Page_Lightning Step/input_Password_password"), "e5N8VHmnhJDITtQaQhDQDw=="): Text ****** has been set on object 'Object Repository/Common Cases Repository/Login/Page_Lightning Step/input_Password_password'

28-01-2025T18:03:13 - [MESSAGE][PASSED] - Text ****** has been set on object 'Object Repository/Common Cases Repository/Login/Page_Lightning Step/input_Password_password'

28-01-2025T18:03:13 - [TEST_STEP][PASSED] - click(findTestObject("Object Repository/Common Cases Repository/Login/Page_Lightning Step/button_Sign in")): Object: 'Object Repository/Common Cases Repository/Login/Page_Lightning Step/button_Sign in' is clicked on

28-01-2025T18:03:19 - [MESSAGE][PASSED] - Object: 'Object Repository/Common Cases Repository/Login/Page_Lightning Step/button_Sign in' is clicked on

28-01-2025T18:03:19 - [MESSAGE][PASSED] - Call Test Case 'Test Cases/Common Cases/Login' successfully

28-01-2025T18:03:19 - [TEST_STEP][PASSED] - navigateToUrl("https://site17.lsapp.cloud/client/index/1556?section=medicalassess"): Navigate to 'https://site17.lsapp.cloud/client/index/1556?section=medicalassess' successfully

28-01-2025T18:03:28 - [MESSAGE][PASSED] - Navigate to 'https://site17.lsapp.cloud/client/index/1556?section=medicalassess' successfully

28-01-2025T18:03:28 - [TEST_STEP][PASSED] - click(findTestObject("Object Repository/Specific Cases Repository/LS/Client Profile/Allergies-Vitals-Labs/Vital Signs/Page_Client Profile/h4_Vital Signs")): Object: 'Object Repository/Specific Cases Repository/LS/Client Profile/Allergies-Vitals-Labs/Vital Signs/Page_Client Profile/h4_Vital Signs' is clicked on

28-01-2025T18:03:28 - [MESSAGE][PASSED] - Object: 'Object Repository/Specific Cases Repository/LS/Client Profile/Allergies-Vitals-Labs/Vital Signs/Page_Client Profile/h4_Vital Signs' is clicked on

28-01-2025T18:03:28 - [TEST_STEP][PASSED] - click(findTestObject("Object Repository/Specific Cases Repository/LS/Client Profile/Allergies-Vitals-Labs/Vital Signs/Page_Client Profile/i_add")): Object: 'Object Repository/Specific Cases Repository/LS/Client Profile/Allergies-Vitals-Labs/Vital Signs/Page_Client Profile/i_add' is clicked on

28-01-2025T18:03:34 - [MESSAGE][PASSED] - Object: 'Object Repository/Specific Cases Repository/LS/Client Profile/Allergies-Vitals-Labs/Vital Signs/Page_Client Profile/i_add' is clicked on

28-01-2025T18:03:34 - [TEST_STEP][PASSED] - setText(findTestObject("Object Repository/Specific Cases Repository/LS/Client Profile/Allergies-Vitals-Labs/Vital Signs/Page_Vital Signs/input_Temperature_temp"), "10"): Text '10' is set on object 'Object Repository/Specific Cases Repository/LS/Client Profile/Allergies-Vitals-Labs/Vital Signs/Page_Vital Signs/input_Temperature_temp'

28-01-2025T18:03:35 - [MESSAGE][PASSED] - Text '10' is set on object 'Object Repository/Specific Cases Repository/LS/Client Profile/Allergies-Vitals-Labs/Vital Signs/Page_Vital Signs/input_Temperature_temp'

28-01-2025T18:03:35 - [TEST_STEP][PASSED] - setText(findTestObject("Object Repository/Specific Cases Repository/LS/Client Profile/Allergies-Vitals-Labs/Vital Signs/Page_Vital Signs/input_Pulse_pulse"), "11"): Text '11' is set on object 'Object Repository/Specific Cases Repository/LS/Client Profile/Allergies-Vitals-Labs/Vital Signs/Page_Vital Signs/input_Pulse_pulse'

28-01-2025T18:03:36 - [MESSAGE][PASSED] - Text '11' is set on object 'Object Repository/Specific Cases Repository/LS/Client Profile/Allergies-Vitals-Labs/Vital Signs/Page_Vital Signs/input_Pulse_pulse'

28-01-2025T18:03:36 - [TEST_STEP][PASSED] - setText(findTestObject("Object Repository/Specific Cases Repository/LS/Client Profile/Allergies-Vitals-Labs/Vital Signs/Page_Vital Signs/input_Blood Pressure_bp"), "12 13"): Text '12 13' is set on object 'Object Repository/Specific Cases Repository/LS/Client Profile/Allergies-Vitals-Labs/Vital Signs/Page_Vital Signs/input_Blood Pressure_bp'

28-01-2025T18:03:37 - [MESSAGE][PASSED] - Text '12 13' is set on object 'Object Repository/Specific Cases Repository/LS/Client Profile/Allergies-Vitals-Labs/Vital Signs/Page_Vital Signs/input_Blood Pressure_bp'

28-01-2025T18:03:37 - [TEST_STEP][PASSED] - setText(findTestObject("Object Repository/Specific Cases Repository/LS/Client Profile/Allergies-Vitals-Labs/Vital Signs/Page_Vital Signs/input_Respiration_resp"), "14"): Text '14' is set on object 'Object Repository/Specific Cases Repository/LS/Client Profile/Allergies-Vitals-Labs/Vital Signs/Page_Vital Signs/input_Respiration_resp'

28-01-2025T18:03:37 - [MESSAGE][PASSED] - Text '14' is set on object 'Object Repository/Specific Cases Repository/LS/Client Profile/Allergies-Vitals-Labs/Vital Signs/Page_Vital Signs/input_Respiration_resp'

28-01-2025T18:03:37 - [TEST_STEP][PASSED] - setText(findTestObject("Object Repository/Specific Cases Repository/LS/Client Profile/Allergies-Vitals-Labs/Vital Signs/Page_Vital Signs/input_O 2 Saturation_o2"), "15"): Text '15' is set on object 'Object Repository/Specific Cases Repository/LS/Client Profile/Allergies-Vitals-Labs/Vital Signs/Page_Vital Signs/input_O 2 Saturation_o2'

28-01-2025T18:03:38 - [MESSAGE][PASSED] - Text '15' is set on object 'Object Repository/Specific Cases Repository/LS/Client Profile/Allergies-Vitals-Labs/Vital Signs/Page_Vital Signs/input_O 2 Saturation_o2'

28-01-2025T18:03:38 - [TEST_STEP][PASSED] - setText(findTestObject("Object Repository/Specific Cases Repository/LS/Client Profile/Allergies-Vitals-Labs/Vital Signs/Page_Vital Signs/input_Inhaled Oxygen Concentration_inhaled__06efa9"), "16"): Text '16' is set on object 'Object Repository/Specific Cases Repository/LS/Client Profile/Allergies-Vitals-Labs/Vital Signs/Page_Vital Signs/input_Inhaled Oxygen Concentration_inhaled__06efa9'

28-01-2025T18:03:39 - [MESSAGE][PASSED] - Text '16' is set on object 'Object Repository/Specific Cases Repository/LS/Client Profile/Allergies-Vitals-Labs/Vital Signs/Page_Vital Signs/input_Inhaled Oxygen Concentration_inhaled__06efa9'

28-01-2025T18:03:39 - [TEST_STEP][PASSED] - setText(findTestObject("Object Repository/Specific Cases Repository/LS/Client Profile/Allergies-Vitals-Labs/Vital Signs/Page_Vital Signs/input_Additional Information_additional"), "Automation Additional Information"): Text 'Automation Additional Information' is set on object 'Object Repository/Specific Cases Repository/LS/Client Profile/Allergies-Vitals-Labs/Vital Signs/Page_Vital Signs/input_Additional Information_additional'

28-01-2025T18:03:39 - [MESSAGE][PASSED] - Text 'Automation Additional Information' is set on object 'Object Repository/Specific Cases Repository/LS/Client Profile/Allergies-Vitals-Labs/Vital Signs/Page_Vital Signs/input_Additional Information_additional'

28-01-2025T18:03:39 - [TEST_STEP][PASSED] - click(findTestObject("Object Repository/Specific Cases Repository/LS/Client Profile/Allergies-Vitals-Labs/Vital Signs/Page_Vital Signs/button_Save")): Object: 'Object Repository/Specific Cases Repository/LS/Client Profile/Allergies-Vitals-Labs/Vital Signs/Page_Vital Signs/button_Save' is clicked on

28-01-2025T18:03:47 - [MESSAGE][PASSED] - Object: 'Object Repository/Specific Cases Repository/LS/Client Profile/Allergies-Vitals-Labs/Vital Signs/Page_Vital Signs/button_Save' is clicked on

28-01-2025T18:03:47 - [TEST_STEP][PASSED] - verifyElementText(findTestObject("Object Repository/Specific Cases Repository/LS/Client Profile/Allergies-Vitals-Labs/Vital Signs/Page_Client Profile/td_Automation Test"), "Automation Test"): Actual text and expected text of test object 'Object Repository/Specific Cases Repository/LS/Client Profile/Allergies-Vitals-Labs/Vital Signs/Page_Client Profile/td_Automation Test' are matched.

28-01-2025T18:03:49 - [MESSAGE][PASSED] - Actual text and expected text of test object 'Object Repository/Specific Cases Repository/LS/Client Profile/Allergies-Vitals-Labs/Vital Signs/Page_Client Profile/td_Automation Test' are matched.

28-01-2025T18:03:49 - [TEST_STEP][PASSED] - verifyElementText(findTestObject("Object Repository/Specific Cases Repository/LS/Client Profile/Allergies-Vitals-Labs/Vital Signs/Page_Client Profile/td_10"), "10"): Actual text and expected text of test object 'Object Repository/Specific Cases Repository/LS/Client Profile/Allergies-Vitals-Labs/Vital Signs/Page_Client Profile/td_10' are matched.

28-01-2025T18:03:49 - [MESSAGE][PASSED] - Actual text and expected text of test object 'Object Repository/Specific Cases Repository/LS/Client Profile/Allergies-Vitals-Labs/Vital Signs/Page_Client Profile/td_10' are matched.

28-01-2025T18:03:49 - [TEST_STEP][PASSED] - verifyElementText(findTestObject("Object Repository/Specific Cases Repository/LS/Client Profile/Allergies-Vitals-Labs/Vital Signs/Page_Client Profile/td_11"), "11"): Actual text and expected text of test object 'Object Repository/Specific Cases Repository/LS/Client Profile/Allergies-Vitals-Labs/Vital Signs/Page_Client Profile/td_11' are matched.

28-01-2025T18:03:50 - [MESSAGE][PASSED] - Actual text and expected text of test object 'Object Repository/Specific Cases Repository/LS/Client Profile/Allergies-Vitals-Labs/Vital Signs/Page_Client Profile/td_11' are matched.

28-01-2025T18:03:50 - [TEST_STEP][PASSED] - verifyElementText(findTestObject("Object Repository/Specific Cases Repository/LS/Client Profile/Allergies-Vitals-Labs/Vital Signs/Page_Client Profile/td_14"), "14"): Actual text and expected text of test object 'Object Repository/Specific Cases Repository/LS/Client Profile/Allergies-Vitals-Labs/Vital Signs/Page_Client Profile/td_14' are matched.

28-01-2025T18:03:50 - [MESSAGE][PASSED] - Actual text and expected text of test object 'Object Repository/Specific Cases Repository/LS/Client Profile/Allergies-Vitals-Labs/Vital Signs/Page_Client Profile/td_14' are matched.

28-01-2025T18:03:50 - [TEST_STEP][PASSED] - verifyElementText(findTestObject("Object Repository/Specific Cases Repository/LS/Client Profile/Allergies-Vitals-Labs/Vital Signs/Page_Client Profile/td_15"), "15"): Actual text and expected text of test object 'Object Repository/Specific Cases Repository/LS/Client Profile/Allergies-Vitals-Labs/Vital Signs/Page_Client Profile/td_15' are matched.

28-01-2025T18:03:50 - [MESSAGE][PASSED] - Actual text and expected text of test object 'Object Repository/Specific Cases Repository/LS/Client Profile/Allergies-Vitals-Labs/Vital Signs/Page_Client Profile/td_15' are matched.

28-01-2025T18:03:50 - [TEST_STEP][PASSED] - verifyElementText(findTestObject("Object Repository/Specific Cases Repository/LS/Client Profile/Allergies-Vitals-Labs/Vital Signs/Page_Client Profile/td_Automation Additional Information"), "Automation Additional Information"): Actual text and expected text of test object 'Object Repository/Specific Cases Repository/LS/Client Profile/Allergies-Vitals-Labs/Vital Signs/Page_Client Profile/td_Automation Additional Information' are matched.

28-01-2025T18:03:51 - [MESSAGE][PASSED] - Actual text and expected text of test object 'Object Repository/Specific Cases Repository/LS/Client Profile/Allergies-Vitals-Labs/Vital Signs/Page_Client Profile/td_Automation Additional Information' are matched.

28-01-2025T18:03:51 - [TEST_STEP][PASSED] - closeBrowser(): Browser is closed

28-01-2025T18:03:51 - [MESSAGE][PASSED] - Browser is closed]]></system-out>
         <system-err><![CDATA[]]></system-err>
      </testcase>
      <testcase name="Test Cases/Specific Cases/LS/Client Profile/Allergies-Vitals-Labs/Weight and Height" time="84.735" classname="Test Cases/Specific Cases/LS/Client Profile/Allergies-Vitals-Labs/Weight and Height" status="PASSED">
         <system-out><![CDATA[28-01-2025T18:03:51 - [TEST_CASE][PASSED] - Test Cases/Specific Cases/LS/Client Profile/Allergies-Vitals-Labs/Weight and Height: Test Cases/Specific Cases/LS/Client Profile/Allergies-Vitals-Labs/Weight and Height

28-01-2025T18:03:51 - [TEST_STEP][PASSED] - callTestCase(findTestCase("Common Cases/Login"), [:], STOP_ON_FAILURE): Call Test Case 'Test Cases/Common Cases/Login' successfully

28-01-2025T18:03:51 - [TEST_CASE][PASSED] - Test Cases/Common Cases/Login: Test Cases/Common Cases/Login

28-01-2025T18:03:51 - [TEST_STEP][PASSED] - openBrowser(""): Browser is opened with url: ''

28-01-2025T18:03:51 - [MESSAGE][INFO] - Starting 'Chrome' driver

28-01-2025T18:03:51 - [MESSAGE][INFO] - Action delay is set to 0 milliseconds

28-01-2025T18:03:52 - [MESSAGE][PASSED] - Browser is opened with url: ''

28-01-2025T18:03:52 - [TEST_STEP][PASSED] - maximizeWindow(): Current window maximized

28-01-2025T18:03:52 - [MESSAGE][PASSED] - Current window maximized

28-01-2025T18:03:52 - [TEST_STEP][PASSED] - navigateToUrl("https://site17.lsapp.cloud/auth/login"): Navigate to 'https://site17.lsapp.cloud/auth/login' successfully

28-01-2025T18:03:57 - [MESSAGE][PASSED] - Navigate to 'https://site17.lsapp.cloud/auth/login' successfully

28-01-2025T18:03:57 - [TEST_STEP][PASSED] - setText(findTestObject("Object Repository/Common Cases Repository/Login/Page_Lightning Step/input_Email_email"), "automation@lightningstep.com"): Text 'automation@lightningstep.com' is set on object 'Object Repository/Common Cases Repository/Login/Page_Lightning Step/input_Email_email'

28-01-2025T18:03:58 - [MESSAGE][PASSED] - Text 'automation@lightningstep.com' is set on object 'Object Repository/Common Cases Repository/Login/Page_Lightning Step/input_Email_email'

28-01-2025T18:03:58 - [TEST_STEP][PASSED] - setEncryptedText(findTestObject("Object Repository/Common Cases Repository/Login/Page_Lightning Step/input_Password_password"), "e5N8VHmnhJDITtQaQhDQDw=="): Text ****** has been set on object 'Object Repository/Common Cases Repository/Login/Page_Lightning Step/input_Password_password'

28-01-2025T18:03:58 - [MESSAGE][PASSED] - Text ****** has been set on object 'Object Repository/Common Cases Repository/Login/Page_Lightning Step/input_Password_password'

28-01-2025T18:03:58 - [TEST_STEP][PASSED] - click(findTestObject("Object Repository/Common Cases Repository/Login/Page_Lightning Step/button_Sign in")): Object: 'Object Repository/Common Cases Repository/Login/Page_Lightning Step/button_Sign in' is clicked on

28-01-2025T18:04:03 - [MESSAGE][PASSED] - Object: 'Object Repository/Common Cases Repository/Login/Page_Lightning Step/button_Sign in' is clicked on

28-01-2025T18:04:03 - [MESSAGE][PASSED] - Call Test Case 'Test Cases/Common Cases/Login' successfully

28-01-2025T18:04:03 - [TEST_STEP][PASSED] - navigateToUrl("https://site17.lsapp.cloud/client/index/1556?section=medicalassess"): Navigate to 'https://site17.lsapp.cloud/client/index/1556?section=medicalassess' successfully

28-01-2025T18:04:15 - [MESSAGE][PASSED] - Navigate to 'https://site17.lsapp.cloud/client/index/1556?section=medicalassess' successfully

28-01-2025T18:04:15 - [TEST_STEP][PASSED] - click(findTestObject("Object Repository/Specific Cases Repository/LS/Client Profile/Allergies-Vitals-Labs/Weight and Height/Page_Client Profile/h4_Weight and Height")): Object: 'Object Repository/Specific Cases Repository/LS/Client Profile/Allergies-Vitals-Labs/Weight and Height/Page_Client Profile/h4_Weight and Height' is clicked on

28-01-2025T18:04:16 - [MESSAGE][PASSED] - Object: 'Object Repository/Specific Cases Repository/LS/Client Profile/Allergies-Vitals-Labs/Weight and Height/Page_Client Profile/h4_Weight and Height' is clicked on

28-01-2025T18:04:16 - [TEST_STEP][PASSED] - click(findTestObject("Object Repository/Specific Cases Repository/LS/Client Profile/Allergies-Vitals-Labs/Weight and Height/Page_Client Profile/i_add")): Object: 'Object Repository/Specific Cases Repository/LS/Client Profile/Allergies-Vitals-Labs/Weight and Height/Page_Client Profile/i_add' is clicked on

28-01-2025T18:04:19 - [MESSAGE][PASSED] - Object: 'Object Repository/Specific Cases Repository/LS/Client Profile/Allergies-Vitals-Labs/Weight and Height/Page_Client Profile/i_add' is clicked on

28-01-2025T18:04:19 - [TEST_STEP][PASSED] - navigateToUrl("https://site17.lsapp.cloud/weight/create/1672/1556?clientId=1556"): Navigate to 'https://site17.lsapp.cloud/weight/create/1672/1556?clientId=1556' successfully

28-01-2025T18:04:21 - [MESSAGE][PASSED] - Navigate to 'https://site17.lsapp.cloud/weight/create/1672/1556?clientId=1556' successfully

28-01-2025T18:04:21 - [TEST_STEP][PASSED] - setText(findTestObject("Object Repository/Specific Cases Repository/LS/Client Profile/Allergies-Vitals-Labs/Weight and Height/Page_Weight and Height/input_Weight_reading"), "10"): Text '10' is set on object 'Object Repository/Specific Cases Repository/LS/Client Profile/Allergies-Vitals-Labs/Weight and Height/Page_Weight and Height/input_Weight_reading'

28-01-2025T18:04:22 - [MESSAGE][PASSED] - Text '10' is set on object 'Object Repository/Specific Cases Repository/LS/Client Profile/Allergies-Vitals-Labs/Weight and Height/Page_Weight and Height/input_Weight_reading'

28-01-2025T18:04:22 - [TEST_STEP][PASSED] - selectOptionByValue(findTestObject("Object Repository/Specific Cases Repository/LS/Client Profile/Allergies-Vitals-Labs/Weight and Height/Page_Weight and Height/select_909192939495969798991001011021031041_746e22"), "212", true): All options with value '212' are selected in object 'Object Repository/Specific Cases Repository/LS/Client Profile/Allergies-Vitals-Labs/Weight and Height/Page_Weight and Height/select_909192939495969798991001011021031041_746e22'  using regular expression

28-01-2025T18:04:25 - [MESSAGE][PASSED] - All options with value '212' are selected in object 'Object Repository/Specific Cases Repository/LS/Client Profile/Allergies-Vitals-Labs/Weight and Height/Page_Weight and Height/select_909192939495969798991001011021031041_746e22'  using regular expression

28-01-2025T18:04:25 - [TEST_STEP][PASSED] - setText(findTestObject("Object Repository/Specific Cases Repository/LS/Client Profile/Allergies-Vitals-Labs/Weight and Height/Page_Weight and Height/input_Estimated Weight_goal_weight"), "13"): Text '13' is set on object 'Object Repository/Specific Cases Repository/LS/Client Profile/Allergies-Vitals-Labs/Weight and Height/Page_Weight and Height/input_Estimated Weight_goal_weight'

28-01-2025T18:04:26 - [MESSAGE][PASSED] - Text '13' is set on object 'Object Repository/Specific Cases Repository/LS/Client Profile/Allergies-Vitals-Labs/Weight and Height/Page_Weight and Height/input_Estimated Weight_goal_weight'

28-01-2025T18:04:26 - [TEST_STEP][PASSED] - setText(findTestObject("Object Repository/Specific Cases Repository/LS/Client Profile/Allergies-Vitals-Labs/Weight and Height/Page_Weight and Height/textarea_Additional Information_note"), "Automation Additional Information"): Text 'Automation Additional Information' is set on object 'Object Repository/Specific Cases Repository/LS/Client Profile/Allergies-Vitals-Labs/Weight and Height/Page_Weight and Height/textarea_Additional Information_note'

28-01-2025T18:04:26 - [MESSAGE][PASSED] - Text 'Automation Additional Information' is set on object 'Object Repository/Specific Cases Repository/LS/Client Profile/Allergies-Vitals-Labs/Weight and Height/Page_Weight and Height/textarea_Additional Information_note'

28-01-2025T18:04:26 - [TEST_STEP][PASSED] - click(findTestObject("Object Repository/Specific Cases Repository/LS/Client Profile/Allergies-Vitals-Labs/Weight and Height/Page_Weight and Height/span_Sign and Lock_check")): Object: 'Object Repository/Specific Cases Repository/LS/Client Profile/Allergies-Vitals-Labs/Weight and Height/Page_Weight and Height/span_Sign and Lock_check' is clicked on

28-01-2025T18:04:57 - [MESSAGE][INFO] - Unable to find the element located by 'By.xpath: //div[@id='generated::L5fQZMvsNfTTClcg']/div[2]/div/form/div/div/div[6]/div/div/label/span/span'. Please recheck the objects properties to make sure the desired element is located. 

28-01-2025T18:04:57 - [MESSAGE][WARNING] - [SELF-HEALING] Failed to find element with id 'Object Repository/Specific Cases Repository/LS/Client Profile/Allergies-Vitals-Labs/Weight and Height/Page_Weight and Height/span_Sign and Lock_check'. Try using Self-healing.

28-01-2025T18:04:58 - [MESSAGE][WARNING] - [SELF-HEALING] The current locator of test object 'Object Repository/Specific Cases Repository/LS/Client Profile/Allergies-Vitals-Labs/Weight and Height/Page_Weight and Height/span_Sign and Lock_check' was broken. Propose an alternative one: '//div/div/div[6]/div/div/label/span/span'.

28-01-2025T18:04:58 - [MESSAGE][PASSED] - Object: 'Object Repository/Specific Cases Repository/LS/Client Profile/Allergies-Vitals-Labs/Weight and Height/Page_Weight and Height/span_Sign and Lock_check' is clicked on

28-01-2025T18:04:58 - [TEST_STEP][PASSED] - click(findTestObject("Object Repository/Specific Cases Repository/LS/Client Profile/Allergies-Vitals-Labs/Weight and Height/Page_Weight and Height/button_Save")): Object: 'Object Repository/Specific Cases Repository/LS/Client Profile/Allergies-Vitals-Labs/Weight and Height/Page_Weight and Height/button_Save' is clicked on

28-01-2025T18:05:06 - [MESSAGE][PASSED] - Object: 'Object Repository/Specific Cases Repository/LS/Client Profile/Allergies-Vitals-Labs/Weight and Height/Page_Weight and Height/button_Save' is clicked on

28-01-2025T18:05:06 - [TEST_STEP][PASSED] - verifyElementText(findTestObject("Object Repository/Specific Cases Repository/LS/Client Profile/Allergies-Vitals-Labs/Weight and Height/Page_Client Profile/td_01142025"), Todays_Date): Actual text and expected text of test object 'Object Repository/Specific Cases Repository/LS/Client Profile/Allergies-Vitals-Labs/Weight and Height/Page_Client Profile/td_01142025' are matched.

28-01-2025T18:05:08 - [MESSAGE][PASSED] - Actual text and expected text of test object 'Object Repository/Specific Cases Repository/LS/Client Profile/Allergies-Vitals-Labs/Weight and Height/Page_Client Profile/td_01142025' are matched.

28-01-2025T18:05:08 - [TEST_STEP][PASSED] - verifyElementText(findTestObject("Object Repository/Specific Cases Repository/LS/Client Profile/Allergies-Vitals-Labs/Weight and Height/Page_Client Profile/td_10"), "10"): Actual text and expected text of test object 'Object Repository/Specific Cases Repository/LS/Client Profile/Allergies-Vitals-Labs/Weight and Height/Page_Client Profile/td_10' are matched.

28-01-2025T18:05:08 - [MESSAGE][PASSED] - Actual text and expected text of test object 'Object Repository/Specific Cases Repository/LS/Client Profile/Allergies-Vitals-Labs/Weight and Height/Page_Client Profile/td_10' are matched.

28-01-2025T18:05:08 - [TEST_STEP][PASSED] - verifyElementText(findTestObject("Object Repository/Specific Cases Repository/LS/Client Profile/Allergies-Vitals-Labs/Weight and Height/Page_Client Profile/td_212"), "212"): Actual text and expected text of test object 'Object Repository/Specific Cases Repository/LS/Client Profile/Allergies-Vitals-Labs/Weight and Height/Page_Client Profile/td_212' are matched.

28-01-2025T18:05:08 - [MESSAGE][PASSED] - Actual text and expected text of test object 'Object Repository/Specific Cases Repository/LS/Client Profile/Allergies-Vitals-Labs/Weight and Height/Page_Client Profile/td_212' are matched.

28-01-2025T18:05:08 - [TEST_STEP][PASSED] - verifyElementText(findTestObject("Object Repository/Specific Cases Repository/LS/Client Profile/Allergies-Vitals-Labs/Weight and Height/Page_Client Profile/td_2.2"), "2.2"): Actual text and expected text of test object 'Object Repository/Specific Cases Repository/LS/Client Profile/Allergies-Vitals-Labs/Weight and Height/Page_Client Profile/td_2.2' are matched.

28-01-2025T18:05:09 - [MESSAGE][PASSED] - Actual text and expected text of test object 'Object Repository/Specific Cases Repository/LS/Client Profile/Allergies-Vitals-Labs/Weight and Height/Page_Client Profile/td_2.2' are matched.

28-01-2025T18:05:09 - [TEST_STEP][PASSED] - verifyElementText(findTestObject("Object Repository/Specific Cases Repository/LS/Client Profile/Allergies-Vitals-Labs/Weight and Height/Page_Client Profile/td_77"), "77%"): Actual text and expected text of test object 'Object Repository/Specific Cases Repository/LS/Client Profile/Allergies-Vitals-Labs/Weight and Height/Page_Client Profile/td_77' are matched.

28-01-2025T18:05:09 - [MESSAGE][PASSED] - Actual text and expected text of test object 'Object Repository/Specific Cases Repository/LS/Client Profile/Allergies-Vitals-Labs/Weight and Height/Page_Client Profile/td_77' are matched.

28-01-2025T18:05:09 - [TEST_STEP][PASSED] - verifyElementText(findTestObject("Object Repository/Specific Cases Repository/LS/Client Profile/Allergies-Vitals-Labs/Weight and Height/Page_Client Profile/td_Automation Additional Information"), "Automation Additional Information"): Actual text and expected text of test object 'Object Repository/Specific Cases Repository/LS/Client Profile/Allergies-Vitals-Labs/Weight and Height/Page_Client Profile/td_Automation Additional Information' are matched.

28-01-2025T18:05:09 - [MESSAGE][PASSED] - Actual text and expected text of test object 'Object Repository/Specific Cases Repository/LS/Client Profile/Allergies-Vitals-Labs/Weight and Height/Page_Client Profile/td_Automation Additional Information' are matched.

28-01-2025T18:05:09 - [TEST_STEP][PASSED] - click(findTestObject("Object Repository/Specific Cases Repository/LS/Client Profile/Allergies-Vitals-Labs/Weight and Height/Page_Client Profile/i_Automation Additional Information_fa fa-pencil")): Object: 'Object Repository/Specific Cases Repository/LS/Client Profile/Allergies-Vitals-Labs/Weight and Height/Page_Client Profile/i_Automation Additional Information_fa fa-pencil' is clicked on

28-01-2025T18:05:13 - [MESSAGE][PASSED] - Object: 'Object Repository/Specific Cases Repository/LS/Client Profile/Allergies-Vitals-Labs/Weight and Height/Page_Client Profile/i_Automation Additional Information_fa fa-pencil' is clicked on

28-01-2025T18:05:13 - [TEST_STEP][PASSED] - click(findTestObject("Object Repository/Specific Cases Repository/LS/Client Profile/Allergies-Vitals-Labs/Weight and Height/Page_Weight and Height/input_Entered in Error_iseie")): Object: 'Object Repository/Specific Cases Repository/LS/Client Profile/Allergies-Vitals-Labs/Weight and Height/Page_Weight and Height/input_Entered in Error_iseie' is clicked on

28-01-2025T18:05:14 - [MESSAGE][PASSED] - Object: 'Object Repository/Specific Cases Repository/LS/Client Profile/Allergies-Vitals-Labs/Weight and Height/Page_Weight and Height/input_Entered in Error_iseie' is clicked on

28-01-2025T18:05:14 - [TEST_STEP][PASSED] - setText(findTestObject("Object Repository/Specific Cases Repository/LS/Client Profile/Allergies-Vitals-Labs/Weight and Height/Page_Weight and Height/input_Reason_eiereason"), "Automation Test"): Text 'Automation Test' is set on object 'Object Repository/Specific Cases Repository/LS/Client Profile/Allergies-Vitals-Labs/Weight and Height/Page_Weight and Height/input_Reason_eiereason'

28-01-2025T18:05:15 - [MESSAGE][PASSED] - Text 'Automation Test' is set on object 'Object Repository/Specific Cases Repository/LS/Client Profile/Allergies-Vitals-Labs/Weight and Height/Page_Weight and Height/input_Reason_eiereason'

28-01-2025T18:05:15 - [TEST_STEP][PASSED] - click(findTestObject("Object Repository/Specific Cases Repository/LS/Client Profile/Allergies-Vitals-Labs/Weight and Height/Page_Weight and Height/button_Mark as Error")): Object: 'Object Repository/Specific Cases Repository/LS/Client Profile/Allergies-Vitals-Labs/Weight and Height/Page_Weight and Height/button_Mark as Error' is clicked on

28-01-2025T18:05:15 - [MESSAGE][PASSED] - Object: 'Object Repository/Specific Cases Repository/LS/Client Profile/Allergies-Vitals-Labs/Weight and Height/Page_Weight and Height/button_Mark as Error' is clicked on

28-01-2025T18:05:15 - [TEST_STEP][PASSED] - closeBrowser(): Browser is closed

28-01-2025T18:05:16 - [MESSAGE][PASSED] - Browser is closed]]></system-out>
         <system-err><![CDATA[]]></system-err>
      </testcase>
      <testcase name="Test Cases/Specific Cases/LS/Client Profile/Client Medications" time="102.928" classname="Test Cases/Specific Cases/LS/Client Profile/Client Medications" status="FAILED">
         <failure type="FAILED" message="Test Cases/Specific Cases/LS/Client Profile/Client Medications FAILED.&#xa;Reason:&#xa;com.kms.katalon.core.exception.StepFailedException: Verify element text of test object 'Object Repository/Specific Cases Repository/LS/Client Profile/Client Medications/Page_Client Profile/td_OrderedVerified' FAILED.&#xa;	at com.kms.katalon.core.webui.keyword.internal.WebUIKeywordMain.stepFailed(WebUIKeywordMain.groovy:117)&#xa;	at com.kms.katalon.core.webui.keyword.internal.WebUIKeywordMain.runKeyword(WebUIKeywordMain.groovy:43)&#xa;	at com.kms.katalon.core.webui.keyword.builtin.VerifyElementTextKeyword.verifyElementText(VerifyElementTextKeyword.groovy:72)&#xa;	at com.kms.katalon.core.webui.keyword.builtin.VerifyElementTextKeyword.execute(VerifyElementTextKeyword.groovy:40)&#xa;	at com.kms.katalon.core.keyword.internal.KeywordExecutor.executeKeywordForPlatform(KeywordExecutor.groovy:74)&#xa;	at com.kms.katalon.core.webui.keyword.WebUiBuiltInKeywords.verifyElementText(WebUiBuiltInKeywords.groovy:4835)&#xa;	at Client Medications.run(Client Medications:105)&#xa;	at com.kms.katalon.core.main.ScriptEngine.run(ScriptEngine.java:194)&#xa;	at com.kms.katalon.core.main.ScriptEngine.runScriptAsRawText(ScriptEngine.java:119)&#xa;	at com.kms.katalon.core.main.TestCaseExecutor.runScript(TestCaseExecutor.java:448)&#xa;	at com.kms.katalon.core.main.TestCaseExecutor.doExecute(TestCaseExecutor.java:439)&#xa;	at com.kms.katalon.core.main.TestCaseExecutor.processExecutionPhase(TestCaseExecutor.java:418)&#xa;	at com.kms.katalon.core.main.TestCaseExecutor.accessMainPhase(TestCaseExecutor.java:410)&#xa;	at com.kms.katalon.core.main.TestCaseExecutor.execute(TestCaseExecutor.java:285)&#xa;	at com.kms.katalon.core.common.CommonExecutor.accessTestCaseMainPhase(CommonExecutor.java:65)&#xa;	at com.kms.katalon.core.main.TestSuiteExecutor.accessTestSuiteMainPhase(TestSuiteExecutor.java:150)&#xa;	at com.kms.katalon.core.main.TestSuiteExecutor.execute(TestSuiteExecutor.java:106)&#xa;	at com.kms.katalon.core.main.TestCaseMain.startTestSuite(TestCaseMain.java:180)&#xa;	at TempTestSuite1738104964704.run(TempTestSuite1738104964704.groovy:35)&#xa;	at java.base/jdk.internal.reflect.NativeMethodAccessorImpl.invoke0(Native Method)&#xa;	at java.base/jdk.internal.reflect.NativeMethodAccessorImpl.invoke(NativeMethodAccessorImpl.java:77)&#xa;	at java.base/jdk.internal.reflect.DelegatingMethodAccessorImpl.invoke(DelegatingMethodAccessorImpl.java:43)&#xa;Caused by: com.kms.katalon.core.exception.StepFailedException: Actual text 'Ordered/Verified' and expected text 'Reported' of test object 'Object Repository/Specific Cases Repository/LS/Client Profile/Client Medications/Page_Client Profile/td_OrderedVerified' are NOT matched.&#xa;	at com.kms.katalon.core.webui.keyword.internal.WebUIKeywordMain.stepFailed(WebUIKeywordMain.groovy:117)&#xa;	at com.kms.katalon.core.webui.keyword.builtin.VerifyElementTextKeyword$_verifyElementText_closure1.doCall(VerifyElementTextKeyword.groovy:57)&#xa;	at com.kms.katalon.core.webui.keyword.builtin.VerifyElementTextKeyword$_verifyElementText_closure1.call(VerifyElementTextKeyword.groovy)&#xa;	at com.kms.katalon.core.webui.keyword.internal.WebUIKeywordMain.runKeyword(WebUIKeywordMain.groovy:35)&#xa;	... 20 more&#xa;"/>
         <system-out><![CDATA[28-01-2025T18:05:16 - [TEST_CASE][FAILED] - Test Cases/Specific Cases/LS/Client Profile/Client Medications: Test Cases/Specific Cases/LS/Client Profile/Client Medications FAILED.
Reason:
com.kms.katalon.core.exception.StepFailedException: Verify element text of test object 'Object Repository/Specific Cases Repository/LS/Client Profile/Client Medications/Page_Client Profile/td_OrderedVerified' FAILED.
	at com.kms.katalon.core.webui.keyword.internal.WebUIKeywordMain.stepFailed(WebUIKeywordMain.groovy:117)
	at com.kms.katalon.core.webui.keyword.internal.WebUIKeywordMain.runKeyword(WebUIKeywordMain.groovy:43)
	at com.kms.katalon.core.webui.keyword.builtin.VerifyElementTextKeyword.verifyElementText(VerifyElementTextKeyword.groovy:72)
	at com.kms.katalon.core.webui.keyword.builtin.VerifyElementTextKeyword.execute(VerifyElementTextKeyword.groovy:40)
	at com.kms.katalon.core.keyword.internal.KeywordExecutor.executeKeywordForPlatform(KeywordExecutor.groovy:74)
	at com.kms.katalon.core.webui.keyword.WebUiBuiltInKeywords.verifyElementText(WebUiBuiltInKeywords.groovy:4835)
	at Client Medications.run(Client Medications:105)
	at com.kms.katalon.core.main.ScriptEngine.run(ScriptEngine.java:194)
	at com.kms.katalon.core.main.ScriptEngine.runScriptAsRawText(ScriptEngine.java:119)
	at com.kms.katalon.core.main.TestCaseExecutor.runScript(TestCaseExecutor.java:448)
	at com.kms.katalon.core.main.TestCaseExecutor.doExecute(TestCaseExecutor.java:439)
	at com.kms.katalon.core.main.TestCaseExecutor.processExecutionPhase(TestCaseExecutor.java:418)
	at com.kms.katalon.core.main.TestCaseExecutor.accessMainPhase(TestCaseExecutor.java:410)
	at com.kms.katalon.core.main.TestCaseExecutor.execute(TestCaseExecutor.java:285)
	at com.kms.katalon.core.common.CommonExecutor.accessTestCaseMainPhase(CommonExecutor.java:65)
	at com.kms.katalon.core.main.TestSuiteExecutor.accessTestSuiteMainPhase(TestSuiteExecutor.java:150)
	at com.kms.katalon.core.main.TestSuiteExecutor.execute(TestSuiteExecutor.java:106)
	at com.kms.katalon.core.main.TestCaseMain.startTestSuite(TestCaseMain.java:180)
	at TempTestSuite1738104964704.run(TempTestSuite1738104964704.groovy:35)
	at java.base/jdk.internal.reflect.NativeMethodAccessorImpl.invoke0(Native Method)
	at java.base/jdk.internal.reflect.NativeMethodAccessorImpl.invoke(NativeMethodAccessorImpl.java:77)
	at java.base/jdk.internal.reflect.DelegatingMethodAccessorImpl.invoke(DelegatingMethodAccessorImpl.java:43)
Caused by: com.kms.katalon.core.exception.StepFailedException: Actual text 'Ordered/Verified' and expected text 'Reported' of test object 'Object Repository/Specific Cases Repository/LS/Client Profile/Client Medications/Page_Client Profile/td_OrderedVerified' are NOT matched.
	at com.kms.katalon.core.webui.keyword.internal.WebUIKeywordMain.stepFailed(WebUIKeywordMain.groovy:117)
	at com.kms.katalon.core.webui.keyword.builtin.VerifyElementTextKeyword$_verifyElementText_closure1.doCall(VerifyElementTextKeyword.groovy:57)
	at com.kms.katalon.core.webui.keyword.builtin.VerifyElementTextKeyword$_verifyElementText_closure1.call(VerifyElementTextKeyword.groovy)
	at com.kms.katalon.core.webui.keyword.internal.WebUIKeywordMain.runKeyword(WebUIKeywordMain.groovy:35)
	... 20 more


28-01-2025T18:05:16 - [TEST_STEP][PASSED] - callTestCase(findTestCase("Common Cases/Login"), [:], STOP_ON_FAILURE): Call Test Case 'Test Cases/Common Cases/Login' successfully

28-01-2025T18:05:16 - [TEST_CASE][PASSED] - Test Cases/Common Cases/Login: Test Cases/Common Cases/Login

28-01-2025T18:05:16 - [TEST_STEP][PASSED] - openBrowser(""): Browser is opened with url: ''

28-01-2025T18:05:16 - [MESSAGE][INFO] - Starting 'Chrome' driver

28-01-2025T18:05:16 - [MESSAGE][INFO] - Action delay is set to 0 milliseconds

28-01-2025T18:05:16 - [MESSAGE][PASSED] - Browser is opened with url: ''

28-01-2025T18:05:16 - [TEST_STEP][PASSED] - maximizeWindow(): Current window maximized

28-01-2025T18:05:16 - [MESSAGE][PASSED] - Current window maximized

28-01-2025T18:05:16 - [TEST_STEP][PASSED] - navigateToUrl("https://site17.lsapp.cloud/auth/login"): Navigate to 'https://site17.lsapp.cloud/auth/login' successfully

28-01-2025T18:05:24 - [MESSAGE][PASSED] - Navigate to 'https://site17.lsapp.cloud/auth/login' successfully

28-01-2025T18:05:24 - [TEST_STEP][PASSED] - setText(findTestObject("Object Repository/Common Cases Repository/Login/Page_Lightning Step/input_Email_email"), "automation@lightningstep.com"): Text 'automation@lightningstep.com' is set on object 'Object Repository/Common Cases Repository/Login/Page_Lightning Step/input_Email_email'

28-01-2025T18:05:25 - [MESSAGE][PASSED] - Text 'automation@lightningstep.com' is set on object 'Object Repository/Common Cases Repository/Login/Page_Lightning Step/input_Email_email'

28-01-2025T18:05:25 - [TEST_STEP][PASSED] - setEncryptedText(findTestObject("Object Repository/Common Cases Repository/Login/Page_Lightning Step/input_Password_password"), "e5N8VHmnhJDITtQaQhDQDw=="): Text ****** has been set on object 'Object Repository/Common Cases Repository/Login/Page_Lightning Step/input_Password_password'

28-01-2025T18:05:25 - [MESSAGE][PASSED] - Text ****** has been set on object 'Object Repository/Common Cases Repository/Login/Page_Lightning Step/input_Password_password'

28-01-2025T18:05:25 - [TEST_STEP][PASSED] - click(findTestObject("Object Repository/Common Cases Repository/Login/Page_Lightning Step/button_Sign in")): Object: 'Object Repository/Common Cases Repository/Login/Page_Lightning Step/button_Sign in' is clicked on

28-01-2025T18:05:30 - [MESSAGE][PASSED] - Object: 'Object Repository/Common Cases Repository/Login/Page_Lightning Step/button_Sign in' is clicked on

28-01-2025T18:05:30 - [MESSAGE][PASSED] - Call Test Case 'Test Cases/Common Cases/Login' successfully

28-01-2025T18:05:30 - [TEST_STEP][PASSED] - navigateToUrl("https://site17.lsapp.cloud/client/index/1558?section=clientmeds"): Navigate to 'https://site17.lsapp.cloud/client/index/1558?section=clientmeds' successfully

28-01-2025T18:05:40 - [MESSAGE][PASSED] - Navigate to 'https://site17.lsapp.cloud/client/index/1558?section=clientmeds' successfully

28-01-2025T18:05:40 - [TEST_STEP][PASSED] - click(findTestObject("Object Repository/Specific Cases Repository/LS/Client Profile/Client Medications/Page_Client Profile/i_add")): Object: 'Object Repository/Specific Cases Repository/LS/Client Profile/Client Medications/Page_Client Profile/i_add' is clicked on

28-01-2025T18:05:44 - [MESSAGE][PASSED] - Object: 'Object Repository/Specific Cases Repository/LS/Client Profile/Client Medications/Page_Client Profile/i_add' is clicked on

28-01-2025T18:05:44 - [TEST_STEP][PASSED] - setText(findTestObject("Object Repository/Specific Cases Repository/LS/Client Profile/Client Medications/Page_Client Reported Medication/input_Medication_medication"), "Aspirin"): Text 'Aspirin' is set on object 'Object Repository/Specific Cases Repository/LS/Client Profile/Client Medications/Page_Client Reported Medication/input_Medication_medication'

28-01-2025T18:05:45 - [MESSAGE][PASSED] - Text 'Aspirin' is set on object 'Object Repository/Specific Cases Repository/LS/Client Profile/Client Medications/Page_Client Reported Medication/input_Medication_medication'

28-01-2025T18:05:45 - [TEST_STEP][PASSED] - setText(findTestObject("Object Repository/Specific Cases Repository/LS/Client Profile/Client Medications/Page_Client Reported Medication/input_Strength_dose"), "10"): Text '10' is set on object 'Object Repository/Specific Cases Repository/LS/Client Profile/Client Medications/Page_Client Reported Medication/input_Strength_dose'

28-01-2025T18:05:46 - [MESSAGE][PASSED] - Text '10' is set on object 'Object Repository/Specific Cases Repository/LS/Client Profile/Client Medications/Page_Client Reported Medication/input_Strength_dose'

28-01-2025T18:05:46 - [TEST_STEP][PASSED] - selectOptionByValue(findTestObject("Object Repository/Specific Cases Repository/LS/Client Profile/Client Medications/Page_Client Reported Medication/select_-- Please Select --                 _ff1889"), "Nasal", true): All options with value 'Nasal' are selected in object 'Object Repository/Specific Cases Repository/LS/Client Profile/Client Medications/Page_Client Reported Medication/select_-- Please Select --                 _ff1889'  using regular expression

28-01-2025T18:05:47 - [MESSAGE][PASSED] - All options with value 'Nasal' are selected in object 'Object Repository/Specific Cases Repository/LS/Client Profile/Client Medications/Page_Client Reported Medication/select_-- Please Select --                 _ff1889'  using regular expression

28-01-2025T18:05:47 - [TEST_STEP][PASSED] - setText(findTestObject("Object Repository/Specific Cases Repository/LS/Client Profile/Client Medications/Page_Client Reported Medication/input_Frequency_frequency"), "11"): Text '11' is set on object 'Object Repository/Specific Cases Repository/LS/Client Profile/Client Medications/Page_Client Reported Medication/input_Frequency_frequency'

28-01-2025T18:05:47 - [MESSAGE][PASSED] - Text '11' is set on object 'Object Repository/Specific Cases Repository/LS/Client Profile/Client Medications/Page_Client Reported Medication/input_Frequency_frequency'

28-01-2025T18:05:47 - [TEST_STEP][PASSED] - setText(findTestObject("Object Repository/Specific Cases Repository/LS/Client Profile/Client Medications/Page_Client Reported Medication/textarea_Instructions_instructions"), "Automation Instructions"): Text 'Automation Instructions' is set on object 'Object Repository/Specific Cases Repository/LS/Client Profile/Client Medications/Page_Client Reported Medication/textarea_Instructions_instructions'

28-01-2025T18:05:48 - [MESSAGE][PASSED] - Text 'Automation Instructions' is set on object 'Object Repository/Specific Cases Repository/LS/Client Profile/Client Medications/Page_Client Reported Medication/textarea_Instructions_instructions'

28-01-2025T18:05:48 - [TEST_STEP][PASSED] - setText(findTestObject("Object Repository/Specific Cases Repository/LS/Client Profile/Client Medications/Page_Client Reported Medication/input_PurposeRationale_purpose"), "Automation Purpose"): Text 'Automation Purpose' is set on object 'Object Repository/Specific Cases Repository/LS/Client Profile/Client Medications/Page_Client Reported Medication/input_PurposeRationale_purpose'

28-01-2025T18:05:49 - [MESSAGE][PASSED] - Text 'Automation Purpose' is set on object 'Object Repository/Specific Cases Repository/LS/Client Profile/Client Medications/Page_Client Reported Medication/input_PurposeRationale_purpose'

28-01-2025T18:05:49 - [TEST_STEP][PASSED] - setText(findTestObject("Object Repository/Specific Cases Repository/LS/Client Profile/Client Medications/Page_Client Reported Medication/input_Prescriber_prescriber"), "Automation Prescriber"): Text 'Automation Prescriber' is set on object 'Object Repository/Specific Cases Repository/LS/Client Profile/Client Medications/Page_Client Reported Medication/input_Prescriber_prescriber'

28-01-2025T18:05:49 - [MESSAGE][PASSED] - Text 'Automation Prescriber' is set on object 'Object Repository/Specific Cases Repository/LS/Client Profile/Client Medications/Page_Client Reported Medication/input_Prescriber_prescriber'

28-01-2025T18:05:49 - [TEST_STEP][PASSED] - setText(findTestObject("Object Repository/Specific Cases Repository/LS/Client Profile/Client Medications/Page_Client Reported Medication/input_Pharmacy_pharmacy"), "Automation Pharmacy"): Text 'Automation Pharmacy' is set on object 'Object Repository/Specific Cases Repository/LS/Client Profile/Client Medications/Page_Client Reported Medication/input_Pharmacy_pharmacy'

28-01-2025T18:05:50 - [MESSAGE][PASSED] - Text 'Automation Pharmacy' is set on object 'Object Repository/Specific Cases Repository/LS/Client Profile/Client Medications/Page_Client Reported Medication/input_Pharmacy_pharmacy'

28-01-2025T18:05:50 - [TEST_STEP][PASSED] - setText(findTestObject("Object Repository/Specific Cases Repository/LS/Client Profile/Client Medications/Page_Client Reported Medication/input_When Started_whenstart"), "Automation Started"): Text 'Automation Started' is set on object 'Object Repository/Specific Cases Repository/LS/Client Profile/Client Medications/Page_Client Reported Medication/input_When Started_whenstart'

28-01-2025T18:05:51 - [MESSAGE][PASSED] - Text 'Automation Started' is set on object 'Object Repository/Specific Cases Repository/LS/Client Profile/Client Medications/Page_Client Reported Medication/input_When Started_whenstart'

28-01-2025T18:05:51 - [TEST_STEP][PASSED] - setText(findTestObject("Object Repository/Specific Cases Repository/LS/Client Profile/Client Medications/Page_Client Reported Medication/input_Last Taken_lasttaken"), "Automation Last Taken"): Text 'Automation Last Taken' is set on object 'Object Repository/Specific Cases Repository/LS/Client Profile/Client Medications/Page_Client Reported Medication/input_Last Taken_lasttaken'

28-01-2025T18:05:51 - [MESSAGE][PASSED] - Text 'Automation Last Taken' is set on object 'Object Repository/Specific Cases Repository/LS/Client Profile/Client Medications/Page_Client Reported Medication/input_Last Taken_lasttaken'

28-01-2025T18:05:51 - [TEST_STEP][PASSED] - selectOptionByValue(findTestObject("Object Repository/Specific Cases Repository/LS/Client Profile/Client Medications/Page_Client Reported Medication/select_Yes                                    No"), "0", true): All options with value '0' are selected in object 'Object Repository/Specific Cases Repository/LS/Client Profile/Client Medications/Page_Client Reported Medication/select_Yes                                    No'  using regular expression

28-01-2025T18:05:52 - [MESSAGE][PASSED] - All options with value '0' are selected in object 'Object Repository/Specific Cases Repository/LS/Client Profile/Client Medications/Page_Client Reported Medication/select_Yes                                    No'  using regular expression

28-01-2025T18:05:52 - [TEST_STEP][PASSED] - selectOptionByValue(findTestObject("Object Repository/Specific Cases Repository/LS/Client Profile/Client Medications/Page_Client Reported Medication/select_-- Please Select --                 _09aff5"), "Yes", true): All options with value 'Yes' are selected in object 'Object Repository/Specific Cases Repository/LS/Client Profile/Client Medications/Page_Client Reported Medication/select_-- Please Select --                 _09aff5'  using regular expression

28-01-2025T18:05:53 - [MESSAGE][PASSED] - All options with value 'Yes' are selected in object 'Object Repository/Specific Cases Repository/LS/Client Profile/Client Medications/Page_Client Reported Medication/select_-- Please Select --                 _09aff5'  using regular expression

28-01-2025T18:05:53 - [TEST_STEP][PASSED] - selectOptionByValue(findTestObject("Object Repository/Specific Cases Repository/LS/Client Profile/Client Medications/Page_Client Reported Medication/select_-- Please Select --                 _8e469b"), "Yes", true): All options with value 'Yes' are selected in object 'Object Repository/Specific Cases Repository/LS/Client Profile/Client Medications/Page_Client Reported Medication/select_-- Please Select --                 _8e469b'  using regular expression

28-01-2025T18:05:54 - [MESSAGE][PASSED] - All options with value 'Yes' are selected in object 'Object Repository/Specific Cases Repository/LS/Client Profile/Client Medications/Page_Client Reported Medication/select_-- Please Select --                 _8e469b'  using regular expression

28-01-2025T18:05:54 - [TEST_STEP][PASSED] - click(findTestObject("Object Repository/Specific Cases Repository/LS/Client Profile/Client Medications/Page_Client Reported Medication/input_Verified_isverified")): Object: 'Object Repository/Specific Cases Repository/LS/Client Profile/Client Medications/Page_Client Reported Medication/input_Verified_isverified' is clicked on

28-01-2025T18:05:54 - [MESSAGE][PASSED] - Object: 'Object Repository/Specific Cases Repository/LS/Client Profile/Client Medications/Page_Client Reported Medication/input_Verified_isverified' is clicked on

28-01-2025T18:05:54 - [TEST_STEP][PASSED] - click(findTestObject("Object Repository/Specific Cases Repository/LS/Client Profile/Client Medications/Page_Client Reported Medication/button_Save")): Object: 'Object Repository/Specific Cases Repository/LS/Client Profile/Client Medications/Page_Client Reported Medication/button_Save' is clicked on

28-01-2025T18:06:03 - [MESSAGE][PASSED] - Object: 'Object Repository/Specific Cases Repository/LS/Client Profile/Client Medications/Page_Client Reported Medication/button_Save' is clicked on

28-01-2025T18:06:03 - [TEST_STEP][PASSED] - verifyElementText(findTestObject("Object Repository/Specific Cases Repository/LS/Client Profile/Client Medications/Page_Client Profile/td_01142025"), Todays_Date): Actual text and expected text of test object 'Object Repository/Specific Cases Repository/LS/Client Profile/Client Medications/Page_Client Profile/td_01142025' are matched.

28-01-2025T18:06:04 - [MESSAGE][PASSED] - Actual text and expected text of test object 'Object Repository/Specific Cases Repository/LS/Client Profile/Client Medications/Page_Client Profile/td_01142025' are matched.

28-01-2025T18:06:04 - [TEST_STEP][PASSED] - verifyElementText(findTestObject("Object Repository/Specific Cases Repository/LS/Client Profile/Client Medications/Page_Client Profile/td_Aspirin Dose 10 Frequency 11"), "Aspirin Dose: 10 Frequency: 11"): Actual text and expected text of test object 'Object Repository/Specific Cases Repository/LS/Client Profile/Client Medications/Page_Client Profile/td_Aspirin Dose 10 Frequency 11' are matched.

28-01-2025T18:06:05 - [MESSAGE][PASSED] - Actual text and expected text of test object 'Object Repository/Specific Cases Repository/LS/Client Profile/Client Medications/Page_Client Profile/td_Aspirin Dose 10 Frequency 11' are matched.

28-01-2025T18:06:05 - [TEST_STEP][PASSED] - verifyElementText(findTestObject("Object Repository/Specific Cases Repository/LS/Client Profile/Client Medications/Page_Client Profile/td_Automation Started"), "Automation Started"): Actual text and expected text of test object 'Object Repository/Specific Cases Repository/LS/Client Profile/Client Medications/Page_Client Profile/td_Automation Started' are matched.

28-01-2025T18:06:05 - [MESSAGE][PASSED] - Actual text and expected text of test object 'Object Repository/Specific Cases Repository/LS/Client Profile/Client Medications/Page_Client Profile/td_Automation Started' are matched.

28-01-2025T18:06:05 - [TEST_STEP][PASSED] - verifyElementText(findTestObject("Object Repository/Specific Cases Repository/LS/Client Profile/Client Medications/Page_Client Profile/td_Automation Last Taken"), "Automation Last Taken"): Actual text and expected text of test object 'Object Repository/Specific Cases Repository/LS/Client Profile/Client Medications/Page_Client Profile/td_Automation Last Taken' are matched.

28-01-2025T18:06:05 - [MESSAGE][PASSED] - Actual text and expected text of test object 'Object Repository/Specific Cases Repository/LS/Client Profile/Client Medications/Page_Client Profile/td_Automation Last Taken' are matched.

28-01-2025T18:06:05 - [TEST_STEP][PASSED] - verifyElementText(findTestObject("Object Repository/Specific Cases Repository/LS/Client Profile/Client Medications/Page_Client Profile/td_No"), "No"): Actual text and expected text of test object 'Object Repository/Specific Cases Repository/LS/Client Profile/Client Medications/Page_Client Profile/td_No' are matched.

28-01-2025T18:06:06 - [MESSAGE][PASSED] - Actual text and expected text of test object 'Object Repository/Specific Cases Repository/LS/Client Profile/Client Medications/Page_Client Profile/td_No' are matched.

28-01-2025T18:06:06 - [TEST_STEP][PASSED] - verifyElementText(findTestObject("Object Repository/Specific Cases Repository/LS/Client Profile/Client Medications/Page_Client Profile/td_Yes"), "Yes"): Actual text and expected text of test object 'Object Repository/Specific Cases Repository/LS/Client Profile/Client Medications/Page_Client Profile/td_Yes' are matched.

28-01-2025T18:06:06 - [MESSAGE][PASSED] - Actual text and expected text of test object 'Object Repository/Specific Cases Repository/LS/Client Profile/Client Medications/Page_Client Profile/td_Yes' are matched.

28-01-2025T18:06:06 - [TEST_STEP][PASSED] - verifyElementText(findTestObject("Object Repository/Specific Cases Repository/LS/Client Profile/Client Medications/Page_Client Profile/td_Reported"), "Reported"): Actual text and expected text of test object 'Object Repository/Specific Cases Repository/LS/Client Profile/Client Medications/Page_Client Profile/td_Reported' are matched.

28-01-2025T18:06:06 - [MESSAGE][PASSED] - Actual text and expected text of test object 'Object Repository/Specific Cases Repository/LS/Client Profile/Client Medications/Page_Client Profile/td_Reported' are matched.

28-01-2025T18:06:06 - [TEST_STEP][PASSED] - click(findTestObject("Object Repository/Specific Cases Repository/LS/Client Profile/Client Medications/Page_Client Profile/i_Reported_fa fa-pencil")): Object: 'Object Repository/Specific Cases Repository/LS/Client Profile/Client Medications/Page_Client Profile/i_Reported_fa fa-pencil' is clicked on

28-01-2025T18:06:10 - [MESSAGE][PASSED] - Object: 'Object Repository/Specific Cases Repository/LS/Client Profile/Client Medications/Page_Client Profile/i_Reported_fa fa-pencil' is clicked on

28-01-2025T18:06:10 - [TEST_STEP][PASSED] - click(findTestObject("Object Repository/Specific Cases Repository/LS/Client Profile/Client Medications/Page_Client Reported Medication/a_Set Disposition")): Object: 'Object Repository/Specific Cases Repository/LS/Client Profile/Client Medications/Page_Client Reported Medication/a_Set Disposition' is clicked on

28-01-2025T18:06:14 - [MESSAGE][PASSED] - Object: 'Object Repository/Specific Cases Repository/LS/Client Profile/Client Medications/Page_Client Reported Medication/a_Set Disposition' is clicked on

28-01-2025T18:06:14 - [TEST_STEP][PASSED] - click(findTestObject("Object Repository/Specific Cases Repository/LS/Client Profile/Client Medications/Page_Medication DispositionReconciliation/i_Reported_fa fa-edit")): Object: 'Object Repository/Specific Cases Repository/LS/Client Profile/Client Medications/Page_Medication DispositionReconciliation/i_Reported_fa fa-edit' is clicked on

28-01-2025T18:06:45 - [MESSAGE][INFO] - Unable to find the element located by 'By.xpath: //tr[@id='cmedrow248']/td[8]/button/i'. Please recheck the objects properties to make sure the desired element is located. 

28-01-2025T18:06:45 - [MESSAGE][WARNING] - [SELF-HEALING] Failed to find element with id 'Object Repository/Specific Cases Repository/LS/Client Profile/Client Medications/Page_Medication DispositionReconciliation/i_Reported_fa fa-edit'. Try using Self-healing.

28-01-2025T18:06:45 - [MESSAGE][WARNING] - [SELF-HEALING] The current locator of test object 'Object Repository/Specific Cases Repository/LS/Client Profile/Client Medications/Page_Medication DispositionReconciliation/i_Reported_fa fa-edit' was broken. Propose an alternative one: '(.//*[normalize-space(text()) and normalize-space(.)='Reported'])[1]/following::i[1]'.

28-01-2025T18:06:46 - [MESSAGE][PASSED] - Object: 'Object Repository/Specific Cases Repository/LS/Client Profile/Client Medications/Page_Medication DispositionReconciliation/i_Reported_fa fa-edit' is clicked on

28-01-2025T18:06:46 - [TEST_STEP][PASSED] - selectOptionByValue(findTestObject("Object Repository/Specific Cases Repository/LS/Client Profile/Client Medications/Page_Medication DispositionReconciliation/select_Select Frequency                    _26ed09"), "110", true): All options with value '110' are selected in object 'Object Repository/Specific Cases Repository/LS/Client Profile/Client Medications/Page_Medication DispositionReconciliation/select_Select Frequency                    _26ed09'  using regular expression

28-01-2025T18:06:48 - [MESSAGE][PASSED] - All options with value '110' are selected in object 'Object Repository/Specific Cases Repository/LS/Client Profile/Client Medications/Page_Medication DispositionReconciliation/select_Select Frequency                    _26ed09'  using regular expression

28-01-2025T18:06:48 - [TEST_STEP][PASSED] - click(findTestObject("Object Repository/Specific Cases Repository/LS/Client Profile/Client Medications/Page_Medication DispositionReconciliation/span_First Dose Immediately_check")): Object: 'Object Repository/Specific Cases Repository/LS/Client Profile/Client Medications/Page_Medication DispositionReconciliation/span_First Dose Immediately_check' is clicked on

28-01-2025T18:06:48 - [MESSAGE][PASSED] - Object: 'Object Repository/Specific Cases Repository/LS/Client Profile/Client Medications/Page_Medication DispositionReconciliation/span_First Dose Immediately_check' is clicked on

28-01-2025T18:06:48 - [TEST_STEP][PASSED] - click(findTestObject("Object Repository/Specific Cases Repository/LS/Client Profile/Client Medications/Page_Medication DispositionReconciliation/button_Save")): Object: 'Object Repository/Specific Cases Repository/LS/Client Profile/Client Medications/Page_Medication DispositionReconciliation/button_Save' is clicked on

28-01-2025T18:06:48 - [MESSAGE][PASSED] - Object: 'Object Repository/Specific Cases Repository/LS/Client Profile/Client Medications/Page_Medication DispositionReconciliation/button_Save' is clicked on

28-01-2025T18:06:48 - [TEST_STEP][PASSED] - navigateToUrl("https://site17.lsapp.cloud/client/index/1558?section=clientmeds"): Navigate to 'https://site17.lsapp.cloud/client/index/1558?section=clientmeds' successfully

28-01-2025T18:06:57 - [MESSAGE][PASSED] - Navigate to 'https://site17.lsapp.cloud/client/index/1558?section=clientmeds' successfully

28-01-2025T18:06:57 - [TEST_STEP][FAILED] - verifyElementText(findTestObject("Object Repository/Specific Cases Repository/LS/Client Profile/Client Medications/Page_Client Profile/td_OrderedVerified"), "Reported"): Verify element text of test object 'Object Repository/Specific Cases Repository/LS/Client Profile/Client Medications/Page_Client Profile/td_OrderedVerified' FAILED. (Root cause: com.kms.katalon.core.exception.StepFailedException: Verify element text of test object 'Object Repository/Specific Cases Repository/LS/Client Profile/Client Medications/Page_Client Profile/td_OrderedVerified' FAILED.
	at com.kms.katalon.core.webui.keyword.internal.WebUIKeywordMain.stepFailed(WebUIKeywordMain.groovy:117)
	at com.kms.katalon.core.webui.keyword.internal.WebUIKeywordMain.runKeyword(WebUIKeywordMain.groovy:43)
	at com.kms.katalon.core.webui.keyword.builtin.VerifyElementTextKeyword.verifyElementText(VerifyElementTextKeyword.groovy:72)
	at com.kms.katalon.core.webui.keyword.builtin.VerifyElementTextKeyword.execute(VerifyElementTextKeyword.groovy:40)
	at com.kms.katalon.core.keyword.internal.KeywordExecutor.executeKeywordForPlatform(KeywordExecutor.groovy:74)
	at com.kms.katalon.core.webui.keyword.WebUiBuiltInKeywords.verifyElementText(WebUiBuiltInKeywords.groovy:4835)
	at Client Medications.run(Client Medications:105)
	at com.kms.katalon.core.main.ScriptEngine.run(ScriptEngine.java:194)
	at com.kms.katalon.core.main.ScriptEngine.runScriptAsRawText(ScriptEngine.java:119)
	at com.kms.katalon.core.main.TestCaseExecutor.runScript(TestCaseExecutor.java:448)
	at com.kms.katalon.core.main.TestCaseExecutor.doExecute(TestCaseExecutor.java:439)
	at com.kms.katalon.core.main.TestCaseExecutor.processExecutionPhase(TestCaseExecutor.java:418)
	at com.kms.katalon.core.main.TestCaseExecutor.accessMainPhase(TestCaseExecutor.java:410)
	at com.kms.katalon.core.main.TestCaseExecutor.execute(TestCaseExecutor.java:285)
	at com.kms.katalon.core.common.CommonExecutor.accessTestCaseMainPhase(CommonExecutor.java:65)
	at com.kms.katalon.core.main.TestSuiteExecutor.accessTestSuiteMainPhase(TestSuiteExecutor.java:150)
	at com.kms.katalon.core.main.TestSuiteExecutor.execute(TestSuiteExecutor.java:106)
	at com.kms.katalon.core.main.TestCaseMain.startTestSuite(TestCaseMain.java:180)
	at TempTestSuite1738104964704.run(TempTestSuite1738104964704.groovy:35)
	at java.base/jdk.internal.reflect.NativeMethodAccessorImpl.invoke0(Native Method)
	at java.base/jdk.internal.reflect.NativeMethodAccessorImpl.invoke(NativeMethodAccessorImpl.java:77)
	at java.base/jdk.internal.reflect.DelegatingMethodAccessorImpl.invoke(DelegatingMethodAccessorImpl.java:43)
Caused by: com.kms.katalon.core.exception.StepFailedException: Actual text 'Ordered/Verified' and expected text 'Reported' of test object 'Object Repository/Specific Cases Repository/LS/Client Profile/Client Medications/Page_Client Profile/td_OrderedVerified' are NOT matched.
	at com.kms.katalon.core.webui.keyword.internal.WebUIKeywordMain.stepFailed(WebUIKeywordMain.groovy:117)
	at com.kms.katalon.core.webui.keyword.builtin.VerifyElementTextKeyword$_verifyElementText_closure1.doCall(VerifyElementTextKeyword.groovy:57)
	at com.kms.katalon.core.webui.keyword.builtin.VerifyElementTextKeyword$_verifyElementText_closure1.call(VerifyElementTextKeyword.groovy)
	at com.kms.katalon.core.webui.keyword.internal.WebUIKeywordMain.runKeyword(WebUIKeywordMain.groovy:35)
	... 20 more
)

28-01-2025T18:06:58 - [MESSAGE][FAILED] - Actual text 'Ordered/Verified' and expected text 'Reported' of test object 'Object Repository/Specific Cases Repository/LS/Client Profile/Client Medications/Page_Client Profile/td_OrderedVerified' are NOT matched. (Root cause: com.kms.katalon.core.exception.StepFailedException: Actual text 'Ordered/Verified' and expected text 'Reported' of test object 'Object Repository/Specific Cases Repository/LS/Client Profile/Client Medications/Page_Client Profile/td_OrderedVerified' are NOT matched.
	at com.kms.katalon.core.webui.keyword.internal.WebUIKeywordMain.stepFailed(WebUIKeywordMain.groovy:117)
	at com.kms.katalon.core.webui.keyword.builtin.VerifyElementTextKeyword$_verifyElementText_closure1.doCall(VerifyElementTextKeyword.groovy:57)
	at com.kms.katalon.core.webui.keyword.builtin.VerifyElementTextKeyword$_verifyElementText_closure1.call(VerifyElementTextKeyword.groovy)
	at com.kms.katalon.core.webui.keyword.internal.WebUIKeywordMain.runKeyword(WebUIKeywordMain.groovy:35)
	at com.kms.katalon.core.webui.keyword.builtin.VerifyElementTextKeyword.verifyElementText(VerifyElementTextKeyword.groovy:72)
	at com.kms.katalon.core.webui.keyword.builtin.VerifyElementTextKeyword.execute(VerifyElementTextKeyword.groovy:40)
	at com.kms.katalon.core.keyword.internal.KeywordExecutor.executeKeywordForPlatform(KeywordExecutor.groovy:74)
	at com.kms.katalon.core.webui.keyword.WebUiBuiltInKeywords.verifyElementText(WebUiBuiltInKeywords.groovy:4835)
	at Client Medications.run(Client Medications:105)
	at com.kms.katalon.core.main.ScriptEngine.run(ScriptEngine.java:194)
	at com.kms.katalon.core.main.ScriptEngine.runScriptAsRawText(ScriptEngine.java:119)
	at com.kms.katalon.core.main.TestCaseExecutor.runScript(TestCaseExecutor.java:448)
	at com.kms.katalon.core.main.TestCaseExecutor.doExecute(TestCaseExecutor.java:439)
	at com.kms.katalon.core.main.TestCaseExecutor.processExecutionPhase(TestCaseExecutor.java:418)
	at com.kms.katalon.core.main.TestCaseExecutor.accessMainPhase(TestCaseExecutor.java:410)
	at com.kms.katalon.core.main.TestCaseExecutor.execute(TestCaseExecutor.java:285)
	at com.kms.katalon.core.common.CommonExecutor.accessTestCaseMainPhase(CommonExecutor.java:65)
	at com.kms.katalon.core.main.TestSuiteExecutor.accessTestSuiteMainPhase(TestSuiteExecutor.java:150)
	at com.kms.katalon.core.main.TestSuiteExecutor.execute(TestSuiteExecutor.java:106)
	at com.kms.katalon.core.main.TestCaseMain.startTestSuite(TestCaseMain.java:180)
	at TempTestSuite1738104964704.run(TempTestSuite1738104964704.groovy:35)
	at java.base/jdk.internal.reflect.NativeMethodAccessorImpl.invoke0(Native Method)
	at java.base/jdk.internal.reflect.NativeMethodAccessorImpl.invoke(NativeMethodAccessorImpl.java:77)
	at java.base/jdk.internal.reflect.DelegatingMethodAccessorImpl.invoke(DelegatingMethodAccessorImpl.java:43)
)
[[ATTACHMENT|C:\\Users\\Enrique\\git\\AUTOMATION_LS\\Reports\\20250128_175555\\LS\\Client Profile\\Client Profile\\20250128_175604\\1738105618448.png]]

28-01-2025T18:06:58 - [MESSAGE][FAILED] - Verify element text of test object 'Object Repository/Specific Cases Repository/LS/Client Profile/Client Medications/Page_Client Profile/td_OrderedVerified' FAILED. (Root cause: com.kms.katalon.core.exception.StepFailedException: Verify element text of test object 'Object Repository/Specific Cases Repository/LS/Client Profile/Client Medications/Page_Client Profile/td_OrderedVerified' FAILED.
	at com.kms.katalon.core.webui.keyword.internal.WebUIKeywordMain.stepFailed(WebUIKeywordMain.groovy:117)
	at com.kms.katalon.core.webui.keyword.internal.WebUIKeywordMain.runKeyword(WebUIKeywordMain.groovy:43)
	at com.kms.katalon.core.webui.keyword.builtin.VerifyElementTextKeyword.verifyElementText(VerifyElementTextKeyword.groovy:72)
	at com.kms.katalon.core.webui.keyword.builtin.VerifyElementTextKeyword.execute(VerifyElementTextKeyword.groovy:40)
	at com.kms.katalon.core.keyword.internal.KeywordExecutor.executeKeywordForPlatform(KeywordExecutor.groovy:74)
	at com.kms.katalon.core.webui.keyword.WebUiBuiltInKeywords.verifyElementText(WebUiBuiltInKeywords.groovy:4835)
	at Client Medications.run(Client Medications:105)
	at com.kms.katalon.core.main.ScriptEngine.run(ScriptEngine.java:194)
	at com.kms.katalon.core.main.ScriptEngine.runScriptAsRawText(ScriptEngine.java:119)
	at com.kms.katalon.core.main.TestCaseExecutor.runScript(TestCaseExecutor.java:448)
	at com.kms.katalon.core.main.TestCaseExecutor.doExecute(TestCaseExecutor.java:439)
	at com.kms.katalon.core.main.TestCaseExecutor.processExecutionPhase(TestCaseExecutor.java:418)
	at com.kms.katalon.core.main.TestCaseExecutor.accessMainPhase(TestCaseExecutor.java:410)
	at com.kms.katalon.core.main.TestCaseExecutor.execute(TestCaseExecutor.java:285)
	at com.kms.katalon.core.common.CommonExecutor.accessTestCaseMainPhase(CommonExecutor.java:65)
	at com.kms.katalon.core.main.TestSuiteExecutor.accessTestSuiteMainPhase(TestSuiteExecutor.java:150)
	at com.kms.katalon.core.main.TestSuiteExecutor.execute(TestSuiteExecutor.java:106)
	at com.kms.katalon.core.main.TestCaseMain.startTestSuite(TestCaseMain.java:180)
	at TempTestSuite1738104964704.run(TempTestSuite1738104964704.groovy:35)
	at java.base/jdk.internal.reflect.NativeMethodAccessorImpl.invoke0(Native Method)
	at java.base/jdk.internal.reflect.NativeMethodAccessorImpl.invoke(NativeMethodAccessorImpl.java:77)
	at java.base/jdk.internal.reflect.DelegatingMethodAccessorImpl.invoke(DelegatingMethodAccessorImpl.java:43)
Caused by: com.kms.katalon.core.exception.StepFailedException: Actual text 'Ordered/Verified' and expected text 'Reported' of test object 'Object Repository/Specific Cases Repository/LS/Client Profile/Client Medications/Page_Client Profile/td_OrderedVerified' are NOT matched.
	at com.kms.katalon.core.webui.keyword.internal.WebUIKeywordMain.stepFailed(WebUIKeywordMain.groovy:117)
	at com.kms.katalon.core.webui.keyword.builtin.VerifyElementTextKeyword$_verifyElementText_closure1.doCall(VerifyElementTextKeyword.groovy:57)
	at com.kms.katalon.core.webui.keyword.builtin.VerifyElementTextKeyword$_verifyElementText_closure1.call(VerifyElementTextKeyword.groovy)
	at com.kms.katalon.core.webui.keyword.internal.WebUIKeywordMain.runKeyword(WebUIKeywordMain.groovy:35)
	... 20 more
)
[[ATTACHMENT|C:\\Users\\Enrique\\git\\AUTOMATION_LS\\Reports\\20250128_175555\\LS\\Client Profile\\Client Profile\\20250128_175604\\1738105618742.png]]]]></system-out>
         <system-err><![CDATA[28-01-2025T18:05:16 - [TEST_CASE][FAILED] - Test Cases/Specific Cases/LS/Client Profile/Client Medications: Test Cases/Specific Cases/LS/Client Profile/Client Medications FAILED.
Reason:
com.kms.katalon.core.exception.StepFailedException: Verify element text of test object 'Object Repository/Specific Cases Repository/LS/Client Profile/Client Medications/Page_Client Profile/td_OrderedVerified' FAILED.
	at com.kms.katalon.core.webui.keyword.internal.WebUIKeywordMain.stepFailed(WebUIKeywordMain.groovy:117)
	at com.kms.katalon.core.webui.keyword.internal.WebUIKeywordMain.runKeyword(WebUIKeywordMain.groovy:43)
	at com.kms.katalon.core.webui.keyword.builtin.VerifyElementTextKeyword.verifyElementText(VerifyElementTextKeyword.groovy:72)
	at com.kms.katalon.core.webui.keyword.builtin.VerifyElementTextKeyword.execute(VerifyElementTextKeyword.groovy:40)
	at com.kms.katalon.core.keyword.internal.KeywordExecutor.executeKeywordForPlatform(KeywordExecutor.groovy:74)
	at com.kms.katalon.core.webui.keyword.WebUiBuiltInKeywords.verifyElementText(WebUiBuiltInKeywords.groovy:4835)
	at Client Medications.run(Client Medications:105)
	at com.kms.katalon.core.main.ScriptEngine.run(ScriptEngine.java:194)
	at com.kms.katalon.core.main.ScriptEngine.runScriptAsRawText(ScriptEngine.java:119)
	at com.kms.katalon.core.main.TestCaseExecutor.runScript(TestCaseExecutor.java:448)
	at com.kms.katalon.core.main.TestCaseExecutor.doExecute(TestCaseExecutor.java:439)
	at com.kms.katalon.core.main.TestCaseExecutor.processExecutionPhase(TestCaseExecutor.java:418)
	at com.kms.katalon.core.main.TestCaseExecutor.accessMainPhase(TestCaseExecutor.java:410)
	at com.kms.katalon.core.main.TestCaseExecutor.execute(TestCaseExecutor.java:285)
	at com.kms.katalon.core.common.CommonExecutor.accessTestCaseMainPhase(CommonExecutor.java:65)
	at com.kms.katalon.core.main.TestSuiteExecutor.accessTestSuiteMainPhase(TestSuiteExecutor.java:150)
	at com.kms.katalon.core.main.TestSuiteExecutor.execute(TestSuiteExecutor.java:106)
	at com.kms.katalon.core.main.TestCaseMain.startTestSuite(TestCaseMain.java:180)
	at TempTestSuite1738104964704.run(TempTestSuite1738104964704.groovy:35)
	at java.base/jdk.internal.reflect.NativeMethodAccessorImpl.invoke0(Native Method)
	at java.base/jdk.internal.reflect.NativeMethodAccessorImpl.invoke(NativeMethodAccessorImpl.java:77)
	at java.base/jdk.internal.reflect.DelegatingMethodAccessorImpl.invoke(DelegatingMethodAccessorImpl.java:43)
Caused by: com.kms.katalon.core.exception.StepFailedException: Actual text 'Ordered/Verified' and expected text 'Reported' of test object 'Object Repository/Specific Cases Repository/LS/Client Profile/Client Medications/Page_Client Profile/td_OrderedVerified' are NOT matched.
	at com.kms.katalon.core.webui.keyword.internal.WebUIKeywordMain.stepFailed(WebUIKeywordMain.groovy:117)
	at com.kms.katalon.core.webui.keyword.builtin.VerifyElementTextKeyword$_verifyElementText_closure1.doCall(VerifyElementTextKeyword.groovy:57)
	at com.kms.katalon.core.webui.keyword.builtin.VerifyElementTextKeyword$_verifyElementText_closure1.call(VerifyElementTextKeyword.groovy)
	at com.kms.katalon.core.webui.keyword.internal.WebUIKeywordMain.runKeyword(WebUIKeywordMain.groovy:35)
	... 20 more]]></system-err>
      </testcase>
      <testcase name="Test Cases/Specific Cases/LS/Client Profile/Discharge Planning/Discharge Medications List" time="200.059" classname="Test Cases/Specific Cases/LS/Client Profile/Discharge Planning/Discharge Medications List" status="PASSED">
         <system-out><![CDATA[28-01-2025T18:06:58 - [TEST_CASE][PASSED] - Test Cases/Specific Cases/LS/Client Profile/Discharge Planning/Discharge Medications List: Test Cases/Specific Cases/LS/Client Profile/Discharge Planning/Discharge Medications List

28-01-2025T18:06:59 - [TEST_STEP][PASSED] - callTestCase(findTestCase("Common Cases/Login"), [:], STOP_ON_FAILURE): Call Test Case 'Test Cases/Common Cases/Login' successfully

28-01-2025T18:06:59 - [TEST_CASE][PASSED] - Test Cases/Common Cases/Login: Test Cases/Common Cases/Login

28-01-2025T18:06:59 - [TEST_STEP][PASSED] - openBrowser(""): Browser is opened with url: ''

28-01-2025T18:06:59 - [MESSAGE][WARNING] - A browser is already opened. Closing browser and opening a new one

28-01-2025T18:06:59 - [MESSAGE][INFO] - Starting 'Chrome' driver

28-01-2025T18:06:59 - [MESSAGE][INFO] - Action delay is set to 0 milliseconds

28-01-2025T18:07:00 - [MESSAGE][PASSED] - Browser is opened with url: ''

28-01-2025T18:07:00 - [TEST_STEP][PASSED] - maximizeWindow(): Current window maximized

28-01-2025T18:07:00 - [MESSAGE][PASSED] - Current window maximized

28-01-2025T18:07:00 - [TEST_STEP][PASSED] - navigateToUrl("https://site17.lsapp.cloud/auth/login"): Navigate to 'https://site17.lsapp.cloud/auth/login' successfully

28-01-2025T18:07:02 - [MESSAGE][PASSED] - Navigate to 'https://site17.lsapp.cloud/auth/login' successfully

28-01-2025T18:07:02 - [TEST_STEP][PASSED] - setText(findTestObject("Object Repository/Common Cases Repository/Login/Page_Lightning Step/input_Email_email"), "automation@lightningstep.com"): Text 'automation@lightningstep.com' is set on object 'Object Repository/Common Cases Repository/Login/Page_Lightning Step/input_Email_email'

28-01-2025T18:07:03 - [MESSAGE][PASSED] - Text 'automation@lightningstep.com' is set on object 'Object Repository/Common Cases Repository/Login/Page_Lightning Step/input_Email_email'

28-01-2025T18:07:03 - [TEST_STEP][PASSED] - setEncryptedText(findTestObject("Object Repository/Common Cases Repository/Login/Page_Lightning Step/input_Password_password"), "e5N8VHmnhJDITtQaQhDQDw=="): Text ****** has been set on object 'Object Repository/Common Cases Repository/Login/Page_Lightning Step/input_Password_password'

28-01-2025T18:07:04 - [MESSAGE][PASSED] - Text ****** has been set on object 'Object Repository/Common Cases Repository/Login/Page_Lightning Step/input_Password_password'

28-01-2025T18:07:04 - [TEST_STEP][PASSED] - click(findTestObject("Object Repository/Common Cases Repository/Login/Page_Lightning Step/button_Sign in")): Object: 'Object Repository/Common Cases Repository/Login/Page_Lightning Step/button_Sign in' is clicked on

28-01-2025T18:07:09 - [MESSAGE][PASSED] - Object: 'Object Repository/Common Cases Repository/Login/Page_Lightning Step/button_Sign in' is clicked on

28-01-2025T18:07:09 - [MESSAGE][PASSED] - Call Test Case 'Test Cases/Common Cases/Login' successfully

28-01-2025T18:07:09 - [TEST_STEP][PASSED] - navigateToUrl("https://site17.lsapp.cloud/client/index/1558?section=dcplan"): Navigate to 'https://site17.lsapp.cloud/client/index/1558?section=dcplan' successfully

28-01-2025T18:07:15 - [MESSAGE][PASSED] - Navigate to 'https://site17.lsapp.cloud/client/index/1558?section=dcplan' successfully

28-01-2025T18:07:15 - [TEST_STEP][PASSED] - click(findTestObject("Object Repository/Specific Cases Repository/LS/Client Profile/Discharge Planning/Discharge Medications List/Page_Client Profile/i_add")): Object: 'Object Repository/Specific Cases Repository/LS/Client Profile/Discharge Planning/Discharge Medications List/Page_Client Profile/i_add' is clicked on

28-01-2025T18:07:19 - [MESSAGE][PASSED] - Object: 'Object Repository/Specific Cases Repository/LS/Client Profile/Discharge Planning/Discharge Medications List/Page_Client Profile/i_add' is clicked on

28-01-2025T18:07:19 - [TEST_STEP][PASSED] - verifyElementText(findTestObject("Object Repository/Specific Cases Repository/LS/Client Profile/Discharge Planning/Discharge Medications List/Page_Medication List at Discharge/td_01152025"), Todays_Date): Actual text and expected text of test object 'Object Repository/Specific Cases Repository/LS/Client Profile/Discharge Planning/Discharge Medications List/Page_Medication List at Discharge/td_01152025' are matched.

28-01-2025T18:07:50 - [MESSAGE][INFO] - Unable to find the element located by 'By.xpath: //tr[@id='medorderrow1510']/td'. Please recheck the objects properties to make sure the desired element is located. 

28-01-2025T18:07:50 - [MESSAGE][WARNING] - [SELF-HEALING] Failed to find element with id 'Object Repository/Specific Cases Repository/LS/Client Profile/Discharge Planning/Discharge Medications List/Page_Medication List at Discharge/td_01152025'. Try using Self-healing.

28-01-2025T18:07:50 - [MESSAGE][WARNING] - [SELF-HEALING] The current locator of test object 'Object Repository/Specific Cases Repository/LS/Client Profile/Discharge Planning/Discharge Medications List/Page_Medication List at Discharge/td_01152025' was broken. Propose an alternative one: '(.//*[normalize-space(text()) and normalize-space(.)='Status at Discharge'])[1]/following::td[1]'.

28-01-2025T18:07:50 - [MESSAGE][PASSED] - Actual text and expected text of test object 'Object Repository/Specific Cases Repository/LS/Client Profile/Discharge Planning/Discharge Medications List/Page_Medication List at Discharge/td_01152025' are matched.

28-01-2025T18:07:50 - [TEST_STEP][PASSED] - verifyElementText(findTestObject("Object Repository/Specific Cases Repository/LS/Client Profile/Discharge Planning/Discharge Medications List/Page_Medication List at Discharge/td_Aspirin, 10, , Once Immediately"), "Aspirin, 10, , Once Immediately"): Actual text and expected text of test object 'Object Repository/Specific Cases Repository/LS/Client Profile/Discharge Planning/Discharge Medications List/Page_Medication List at Discharge/td_Aspirin, 10, , Once Immediately' are matched.

28-01-2025T18:08:22 - [MESSAGE][INFO] - Unable to find the element located by 'By.xpath: //tr[@id='medorderrow1510']/td[2]'. Please recheck the objects properties to make sure the desired element is located. 

28-01-2025T18:08:22 - [MESSAGE][WARNING] - [SELF-HEALING] Failed to find element with id 'Object Repository/Specific Cases Repository/LS/Client Profile/Discharge Planning/Discharge Medications List/Page_Medication List at Discharge/td_Aspirin, 10, , Once Immediately'. Try using Self-healing.

28-01-2025T18:08:22 - [MESSAGE][WARNING] - [SELF-HEALING] The current locator of test object 'Object Repository/Specific Cases Repository/LS/Client Profile/Discharge Planning/Discharge Medications List/Page_Medication List at Discharge/td_Aspirin, 10, , Once Immediately' was broken. Propose an alternative one: '(.//*[normalize-space(text()) and normalize-space(.)='Status at Discharge'])[1]/following::td[2]'.

28-01-2025T18:08:22 - [MESSAGE][PASSED] - Actual text and expected text of test object 'Object Repository/Specific Cases Repository/LS/Client Profile/Discharge Planning/Discharge Medications List/Page_Medication List at Discharge/td_Aspirin, 10, , Once Immediately' are matched.

28-01-2025T18:08:22 - [TEST_STEP][PASSED] - verifyElementText(findTestObject("Object Repository/Specific Cases Repository/LS/Client Profile/Discharge Planning/Discharge Medications List/Page_Medication List at Discharge/td_Automation Purpose"), "Automation Purpose"): Actual text and expected text of test object 'Object Repository/Specific Cases Repository/LS/Client Profile/Discharge Planning/Discharge Medications List/Page_Medication List at Discharge/td_Automation Purpose' are matched.

28-01-2025T18:08:53 - [MESSAGE][INFO] - Unable to find the element located by 'By.xpath: //tr[@id='medorderrow1510']/td[3]'. Please recheck the objects properties to make sure the desired element is located. 

28-01-2025T18:08:53 - [MESSAGE][WARNING] - [SELF-HEALING] Failed to find element with id 'Object Repository/Specific Cases Repository/LS/Client Profile/Discharge Planning/Discharge Medications List/Page_Medication List at Discharge/td_Automation Purpose'. Try using Self-healing.

28-01-2025T18:08:53 - [MESSAGE][WARNING] - [SELF-HEALING] The current locator of test object 'Object Repository/Specific Cases Repository/LS/Client Profile/Discharge Planning/Discharge Medications List/Page_Medication List at Discharge/td_Automation Purpose' was broken. Propose an alternative one: '(.//*[normalize-space(text()) and normalize-space(.)='Aspirin, 10, , Once Immediately'])[1]/following::td[1]'.

28-01-2025T18:08:53 - [MESSAGE][PASSED] - Actual text and expected text of test object 'Object Repository/Specific Cases Repository/LS/Client Profile/Discharge Planning/Discharge Medications List/Page_Medication List at Discharge/td_Automation Purpose' are matched.

28-01-2025T18:08:53 - [TEST_STEP][PASSED] - verifyElementText(findTestObject("Object Repository/Specific Cases Repository/LS/Client Profile/Discharge Planning/Discharge Medications List/Page_Medication List at Discharge/td_No"), "No"): Actual text and expected text of test object 'Object Repository/Specific Cases Repository/LS/Client Profile/Discharge Planning/Discharge Medications List/Page_Medication List at Discharge/td_No' are matched.

28-01-2025T18:09:24 - [MESSAGE][INFO] - Unable to find the element located by 'By.xpath: //tr[@id='medorderrow1510']/td[5]'. Please recheck the objects properties to make sure the desired element is located. 

28-01-2025T18:09:24 - [MESSAGE][WARNING] - [SELF-HEALING] Failed to find element with id 'Object Repository/Specific Cases Repository/LS/Client Profile/Discharge Planning/Discharge Medications List/Page_Medication List at Discharge/td_No'. Try using Self-healing.

28-01-2025T18:09:25 - [MESSAGE][WARNING] - [SELF-HEALING] The current locator of test object 'Object Repository/Specific Cases Repository/LS/Client Profile/Discharge Planning/Discharge Medications List/Page_Medication List at Discharge/td_No' was broken. Propose an alternative one: '(.//*[normalize-space(text()) and normalize-space(.)='Enrique Carreno'])[1]/following::td[1]'.

28-01-2025T18:09:25 - [MESSAGE][PASSED] - Actual text and expected text of test object 'Object Repository/Specific Cases Repository/LS/Client Profile/Discharge Planning/Discharge Medications List/Page_Medication List at Discharge/td_No' are matched.

28-01-2025T18:09:25 - [TEST_STEP][PASSED] - click(findTestObject("Object Repository/Specific Cases Repository/LS/Client Profile/Discharge Planning/Discharge Medications List/Page_Medication List at Discharge/button_Continue")): Object: 'Object Repository/Specific Cases Repository/LS/Client Profile/Discharge Planning/Discharge Medications List/Page_Medication List at Discharge/button_Continue' is clicked on

28-01-2025T18:09:25 - [MESSAGE][PASSED] - Object: 'Object Repository/Specific Cases Repository/LS/Client Profile/Discharge Planning/Discharge Medications List/Page_Medication List at Discharge/button_Continue' is clicked on

28-01-2025T18:09:25 - [TEST_STEP][PASSED] - verifyElementText(findTestObject("Object Repository/Specific Cases Repository/LS/Client Profile/Discharge Planning/Discharge Medications List/Page_Medication List at Discharge/span_Continue at Discharge"), "Continue at Discharge"): Actual text and expected text of test object 'Object Repository/Specific Cases Repository/LS/Client Profile/Discharge Planning/Discharge Medications List/Page_Medication List at Discharge/span_Continue at Discharge' are matched.

28-01-2025T18:09:56 - [MESSAGE][INFO] - Unable to find the element located by 'By.xpath: //tr[@id='medorderrow1510']/td[6]/span'. Please recheck the objects properties to make sure the desired element is located. 

28-01-2025T18:09:56 - [MESSAGE][WARNING] - [SELF-HEALING] Failed to find element with id 'Object Repository/Specific Cases Repository/LS/Client Profile/Discharge Planning/Discharge Medications List/Page_Medication List at Discharge/span_Continue at Discharge'. Try using Self-healing.

28-01-2025T18:09:56 - [MESSAGE][WARNING] - [SELF-HEALING] The current locator of test object 'Object Repository/Specific Cases Repository/LS/Client Profile/Discharge Planning/Discharge Medications List/Page_Medication List at Discharge/span_Continue at Discharge' was broken. Propose an alternative one: '(.//*[normalize-space(text()) and normalize-space(.)='Nonull refill(s)'])[1]/following::span[1]'.

28-01-2025T18:09:57 - [MESSAGE][PASSED] - Actual text and expected text of test object 'Object Repository/Specific Cases Repository/LS/Client Profile/Discharge Planning/Discharge Medications List/Page_Medication List at Discharge/span_Continue at Discharge' are matched.

28-01-2025T18:09:57 - [TEST_STEP][PASSED] - verifyElementText(findTestObject("Object Repository/Specific Cases Repository/LS/Client Profile/Discharge Planning/Discharge Medications List/Page_Medication List at Discharge/td_01152025_1"), Todays_Date): Actual text and expected text of test object 'Object Repository/Specific Cases Repository/LS/Client Profile/Discharge Planning/Discharge Medications List/Page_Medication List at Discharge/td_01152025_1' are matched.

28-01-2025T18:09:57 - [MESSAGE][PASSED] - Actual text and expected text of test object 'Object Repository/Specific Cases Repository/LS/Client Profile/Discharge Planning/Discharge Medications List/Page_Medication List at Discharge/td_01152025_1' are matched.

28-01-2025T18:09:57 - [TEST_STEP][PASSED] - verifyElementText(findTestObject("Object Repository/Specific Cases Repository/LS/Client Profile/Discharge Planning/Discharge Medications List/Page_Medication List at Discharge/td_No null refill(s)"), "No null refill(s)"): Actual text and expected text of test object 'Object Repository/Specific Cases Repository/LS/Client Profile/Discharge Planning/Discharge Medications List/Page_Medication List at Discharge/td_No null refill(s)' are matched.

28-01-2025T18:09:57 - [MESSAGE][PASSED] - Actual text and expected text of test object 'Object Repository/Specific Cases Repository/LS/Client Profile/Discharge Planning/Discharge Medications List/Page_Medication List at Discharge/td_No null refill(s)' are matched.

28-01-2025T18:09:57 - [TEST_STEP][PASSED] - setText(findTestObject("Object Repository/Specific Cases Repository/LS/Client Profile/Discharge Planning/Discharge Medications List/Page_Medication List at Discharge/textarea_Special InstructionsAdditional Inf_441e23"), "Automation Special Instructions"): Text 'Automation Special Instructions' is set on object 'Object Repository/Specific Cases Repository/LS/Client Profile/Discharge Planning/Discharge Medications List/Page_Medication List at Discharge/textarea_Special InstructionsAdditional Inf_441e23'

28-01-2025T18:09:58 - [MESSAGE][PASSED] - Text 'Automation Special Instructions' is set on object 'Object Repository/Specific Cases Repository/LS/Client Profile/Discharge Planning/Discharge Medications List/Page_Medication List at Discharge/textarea_Special InstructionsAdditional Inf_441e23'

28-01-2025T18:09:58 - [TEST_STEP][PASSED] - click(findTestObject("Object Repository/Specific Cases Repository/LS/Client Profile/Discharge Planning/Discharge Medications List/Page_Medication List at Discharge/span_List Given to Client_check")): Object: 'Object Repository/Specific Cases Repository/LS/Client Profile/Discharge Planning/Discharge Medications List/Page_Medication List at Discharge/span_List Given to Client_check' is clicked on

28-01-2025T18:09:58 - [MESSAGE][PASSED] - Object: 'Object Repository/Specific Cases Repository/LS/Client Profile/Discharge Planning/Discharge Medications List/Page_Medication List at Discharge/span_List Given to Client_check' is clicked on

28-01-2025T18:09:58 - [TEST_STEP][PASSED] - click(findTestObject("Object Repository/Specific Cases Repository/LS/Client Profile/Discharge Planning/Discharge Medications List/Page_Medication List at Discharge/input_Sign and Lock_dss")): Object: 'Object Repository/Specific Cases Repository/LS/Client Profile/Discharge Planning/Discharge Medications List/Page_Medication List at Discharge/input_Sign and Lock_dss' is clicked on

28-01-2025T18:09:59 - [MESSAGE][PASSED] - Object: 'Object Repository/Specific Cases Repository/LS/Client Profile/Discharge Planning/Discharge Medications List/Page_Medication List at Discharge/input_Sign and Lock_dss' is clicked on

28-01-2025T18:09:59 - [TEST_STEP][PASSED] - click(findTestObject("Object Repository/Specific Cases Repository/LS/Client Profile/Discharge Planning/Discharge Medications List/Page_Medication List at Discharge/button_Save")): Object: 'Object Repository/Specific Cases Repository/LS/Client Profile/Discharge Planning/Discharge Medications List/Page_Medication List at Discharge/button_Save' is clicked on

28-01-2025T18:10:05 - [MESSAGE][PASSED] - Object: 'Object Repository/Specific Cases Repository/LS/Client Profile/Discharge Planning/Discharge Medications List/Page_Medication List at Discharge/button_Save' is clicked on

28-01-2025T18:10:05 - [TEST_STEP][PASSED] - navigateToUrl("https://site17.lsapp.cloud/client/index/1558?section=dcplan"): Navigate to 'https://site17.lsapp.cloud/client/index/1558?section=dcplan' successfully

28-01-2025T18:10:11 - [MESSAGE][PASSED] - Navigate to 'https://site17.lsapp.cloud/client/index/1558?section=dcplan' successfully

28-01-2025T18:10:11 - [TEST_STEP][PASSED] - verifyElementText(findTestObject("Object Repository/Specific Cases Repository/LS/Client Profile/Discharge Planning/Discharge Medications List/Page_Client Profile/td_01152025"), Todays_Date): Actual text and expected text of test object 'Object Repository/Specific Cases Repository/LS/Client Profile/Discharge Planning/Discharge Medications List/Page_Client Profile/td_01152025' are matched.

28-01-2025T18:10:12 - [MESSAGE][PASSED] - Actual text and expected text of test object 'Object Repository/Specific Cases Repository/LS/Client Profile/Discharge Planning/Discharge Medications List/Page_Client Profile/td_01152025' are matched.

28-01-2025T18:10:12 - [TEST_STEP][PASSED] - verifyElementText(findTestObject("Object Repository/Specific Cases Repository/LS/Client Profile/Discharge Planning/Discharge Medications List/Page_Client Profile/td_Automation Test"), "Automation Test"): Actual text and expected text of test object 'Object Repository/Specific Cases Repository/LS/Client Profile/Discharge Planning/Discharge Medications List/Page_Client Profile/td_Automation Test' are matched.

28-01-2025T18:10:13 - [MESSAGE][PASSED] - Actual text and expected text of test object 'Object Repository/Specific Cases Repository/LS/Client Profile/Discharge Planning/Discharge Medications List/Page_Client Profile/td_Automation Test' are matched.

28-01-2025T18:10:13 - [TEST_STEP][PASSED] - verifyElementText(findTestObject("Object Repository/Specific Cases Repository/LS/Client Profile/Discharge Planning/Discharge Medications List/Page_Client Profile/td_Signed"), "Signed"): Actual text and expected text of test object 'Object Repository/Specific Cases Repository/LS/Client Profile/Discharge Planning/Discharge Medications List/Page_Client Profile/td_Signed' are matched.

28-01-2025T18:10:13 - [MESSAGE][PASSED] - Actual text and expected text of test object 'Object Repository/Specific Cases Repository/LS/Client Profile/Discharge Planning/Discharge Medications List/Page_Client Profile/td_Signed' are matched.

28-01-2025T18:10:13 - [TEST_STEP][PASSED] - click(findTestObject("Object Repository/Specific Cases Repository/LS/Client Profile/Discharge Planning/Discharge Medications List/Page_Client Profile/i_Signed_fa fa-pencil")): Object: 'Object Repository/Specific Cases Repository/LS/Client Profile/Discharge Planning/Discharge Medications List/Page_Client Profile/i_Signed_fa fa-pencil' is clicked on

28-01-2025T18:10:16 - [MESSAGE][PASSED] - Object: 'Object Repository/Specific Cases Repository/LS/Client Profile/Discharge Planning/Discharge Medications List/Page_Client Profile/i_Signed_fa fa-pencil' is clicked on

28-01-2025T18:10:16 - [TEST_STEP][PASSED] - verifyElementPresent(findTestObject("Object Repository/Specific Cases Repository/LS/Client Profile/Discharge Planning/Discharge Medications List/Page_Medication List at Discharge/img"), 0): Object 'Object Repository/Specific Cases Repository/LS/Client Profile/Discharge Planning/Discharge Medications List/Page_Medication List at Discharge/img' is present

28-01-2025T18:10:16 - [MESSAGE][WARNING] - Timeout '0' is invalid. Using default page load timeout: '30'

28-01-2025T18:10:17 - [MESSAGE][PASSED] - Object 'Object Repository/Specific Cases Repository/LS/Client Profile/Discharge Planning/Discharge Medications List/Page_Medication List at Discharge/img' is present

28-01-2025T18:10:17 - [TEST_STEP][PASSED] - verifyElementText(findTestObject("Object Repository/Specific Cases Repository/LS/Client Profile/Discharge Planning/Discharge Medications List/Page_Medication List at Discharge/span_Document is signed and may not be changed"), "Document is signed and may not be changed."): Actual text and expected text of test object 'Object Repository/Specific Cases Repository/LS/Client Profile/Discharge Planning/Discharge Medications List/Page_Medication List at Discharge/span_Document is signed and may not be changed' are matched.

28-01-2025T18:10:17 - [MESSAGE][PASSED] - Actual text and expected text of test object 'Object Repository/Specific Cases Repository/LS/Client Profile/Discharge Planning/Discharge Medications List/Page_Medication List at Discharge/span_Document is signed and may not be changed' are matched.

28-01-2025T18:10:17 - [TEST_STEP][PASSED] - click(findTestObject("Object Repository/Specific Cases Repository/LS/Client Profile/Discharge Planning/Discharge Medications List/Page_Medication List at Discharge/input_Entered in Error_iseie")): Object: 'Object Repository/Specific Cases Repository/LS/Client Profile/Discharge Planning/Discharge Medications List/Page_Medication List at Discharge/input_Entered in Error_iseie' is clicked on

28-01-2025T18:10:17 - [MESSAGE][PASSED] - Object: 'Object Repository/Specific Cases Repository/LS/Client Profile/Discharge Planning/Discharge Medications List/Page_Medication List at Discharge/input_Entered in Error_iseie' is clicked on

28-01-2025T18:10:17 - [TEST_STEP][PASSED] - setText(findTestObject("Object Repository/Specific Cases Repository/LS/Client Profile/Discharge Planning/Discharge Medications List/Page_Medication List at Discharge/input_Reason_eiereason"), "Automation Test"): Text 'Automation Test' is set on object 'Object Repository/Specific Cases Repository/LS/Client Profile/Discharge Planning/Discharge Medications List/Page_Medication List at Discharge/input_Reason_eiereason'

28-01-2025T18:10:18 - [MESSAGE][PASSED] - Text 'Automation Test' is set on object 'Object Repository/Specific Cases Repository/LS/Client Profile/Discharge Planning/Discharge Medications List/Page_Medication List at Discharge/input_Reason_eiereason'

28-01-2025T18:10:18 - [TEST_STEP][PASSED] - click(findTestObject("Object Repository/Specific Cases Repository/LS/Client Profile/Discharge Planning/Discharge Medications List/Page_Medication List at Discharge/button_Mark as Error")): Object: 'Object Repository/Specific Cases Repository/LS/Client Profile/Discharge Planning/Discharge Medications List/Page_Medication List at Discharge/button_Mark as Error' is clicked on

28-01-2025T18:10:18 - [MESSAGE][PASSED] - Object: 'Object Repository/Specific Cases Repository/LS/Client Profile/Discharge Planning/Discharge Medications List/Page_Medication List at Discharge/button_Mark as Error' is clicked on

28-01-2025T18:10:18 - [TEST_STEP][PASSED] - closeBrowser(): Browser is closed

28-01-2025T18:10:19 - [MESSAGE][PASSED] - Browser is closed]]></system-out>
         <system-err><![CDATA[]]></system-err>
      </testcase>
      <testcase name="Test Cases/Specific Cases/LS/Client Profile/Discharge Planning/Initial Discharge Plan" time="39.29" classname="Test Cases/Specific Cases/LS/Client Profile/Discharge Planning/Initial Discharge Plan" status="PASSED">
         <system-out><![CDATA[28-01-2025T18:10:19 - [TEST_CASE][PASSED] - Test Cases/Specific Cases/LS/Client Profile/Discharge Planning/Initial Discharge Plan: Test Cases/Specific Cases/LS/Client Profile/Discharge Planning/Initial Discharge Plan

28-01-2025T18:10:19 - [TEST_STEP][PASSED] - callTestCase(findTestCase("Common Cases/Login"), [:], STOP_ON_FAILURE): Call Test Case 'Test Cases/Common Cases/Login' successfully

28-01-2025T18:10:19 - [TEST_CASE][PASSED] - Test Cases/Common Cases/Login: Test Cases/Common Cases/Login

28-01-2025T18:10:19 - [TEST_STEP][PASSED] - openBrowser(""): Browser is opened with url: ''

28-01-2025T18:10:19 - [MESSAGE][INFO] - Starting 'Chrome' driver

28-01-2025T18:10:19 - [MESSAGE][INFO] - Action delay is set to 0 milliseconds

28-01-2025T18:10:19 - [MESSAGE][PASSED] - Browser is opened with url: ''

28-01-2025T18:10:19 - [TEST_STEP][PASSED] - maximizeWindow(): Current window maximized

28-01-2025T18:10:19 - [MESSAGE][PASSED] - Current window maximized

28-01-2025T18:10:19 - [TEST_STEP][PASSED] - navigateToUrl("https://site17.lsapp.cloud/auth/login"): Navigate to 'https://site17.lsapp.cloud/auth/login' successfully

28-01-2025T18:10:23 - [MESSAGE][PASSED] - Navigate to 'https://site17.lsapp.cloud/auth/login' successfully

28-01-2025T18:10:23 - [TEST_STEP][PASSED] - setText(findTestObject("Object Repository/Common Cases Repository/Login/Page_Lightning Step/input_Email_email"), "automation@lightningstep.com"): Text 'automation@lightningstep.com' is set on object 'Object Repository/Common Cases Repository/Login/Page_Lightning Step/input_Email_email'

28-01-2025T18:10:23 - [MESSAGE][PASSED] - Text 'automation@lightningstep.com' is set on object 'Object Repository/Common Cases Repository/Login/Page_Lightning Step/input_Email_email'

28-01-2025T18:10:23 - [TEST_STEP][PASSED] - setEncryptedText(findTestObject("Object Repository/Common Cases Repository/Login/Page_Lightning Step/input_Password_password"), "e5N8VHmnhJDITtQaQhDQDw=="): Text ****** has been set on object 'Object Repository/Common Cases Repository/Login/Page_Lightning Step/input_Password_password'

28-01-2025T18:10:24 - [MESSAGE][PASSED] - Text ****** has been set on object 'Object Repository/Common Cases Repository/Login/Page_Lightning Step/input_Password_password'

28-01-2025T18:10:24 - [TEST_STEP][PASSED] - click(findTestObject("Object Repository/Common Cases Repository/Login/Page_Lightning Step/button_Sign in")): Object: 'Object Repository/Common Cases Repository/Login/Page_Lightning Step/button_Sign in' is clicked on

28-01-2025T18:10:28 - [MESSAGE][PASSED] - Object: 'Object Repository/Common Cases Repository/Login/Page_Lightning Step/button_Sign in' is clicked on

28-01-2025T18:10:28 - [MESSAGE][PASSED] - Call Test Case 'Test Cases/Common Cases/Login' successfully

28-01-2025T18:10:28 - [TEST_STEP][PASSED] - navigateToUrl("https://site17.lsapp.cloud/client/index/1556?section=dcplan"): Navigate to 'https://site17.lsapp.cloud/client/index/1556?section=dcplan' successfully

28-01-2025T18:10:34 - [MESSAGE][PASSED] - Navigate to 'https://site17.lsapp.cloud/client/index/1556?section=dcplan' successfully

28-01-2025T18:10:34 - [TEST_STEP][PASSED] - click(findTestObject("Object Repository/Specific Cases Repository/LS/Client Profile/Discharge Planning/Initial Discharge Plan/Page_Client Profile/i_add")): Object: 'Object Repository/Specific Cases Repository/LS/Client Profile/Discharge Planning/Initial Discharge Plan/Page_Client Profile/i_add' is clicked on

28-01-2025T18:10:39 - [MESSAGE][PASSED] - Object: 'Object Repository/Specific Cases Repository/LS/Client Profile/Discharge Planning/Initial Discharge Plan/Page_Client Profile/i_add' is clicked on

28-01-2025T18:10:39 - [TEST_STEP][PASSED] - setText(findTestObject("Object Repository/Specific Cases Repository/LS/Client Profile/Discharge Planning/Initial Discharge Plan/Page_Initial Discharge Plan/textarea_Individualized Objectives for Cont_2a421a"), "Automation Individualized Objectives"): Text 'Automation Individualized Objectives' is set on object 'Object Repository/Specific Cases Repository/LS/Client Profile/Discharge Planning/Initial Discharge Plan/Page_Initial Discharge Plan/textarea_Individualized Objectives for Cont_2a421a'

28-01-2025T18:10:40 - [MESSAGE][PASSED] - Text 'Automation Individualized Objectives' is set on object 'Object Repository/Specific Cases Repository/LS/Client Profile/Discharge Planning/Initial Discharge Plan/Page_Initial Discharge Plan/textarea_Individualized Objectives for Cont_2a421a'

28-01-2025T18:10:40 - [TEST_STEP][PASSED] - setText(findTestObject("Object Repository/Specific Cases Repository/LS/Client Profile/Discharge Planning/Initial Discharge Plan/Page_Initial Discharge Plan/textarea_Issues identified upon admission t_185eab"), "Automation Issues identified"): Text 'Automation Issues identified' is set on object 'Object Repository/Specific Cases Repository/LS/Client Profile/Discharge Planning/Initial Discharge Plan/Page_Initial Discharge Plan/textarea_Issues identified upon admission t_185eab'

28-01-2025T18:10:41 - [MESSAGE][PASSED] - Text 'Automation Issues identified' is set on object 'Object Repository/Specific Cases Repository/LS/Client Profile/Discharge Planning/Initial Discharge Plan/Page_Initial Discharge Plan/textarea_Issues identified upon admission t_185eab'

28-01-2025T18:10:41 - [TEST_STEP][PASSED] - setText(findTestObject("Object Repository/Specific Cases Repository/LS/Client Profile/Discharge Planning/Initial Discharge Plan/Page_Initial Discharge Plan/textarea_Clinical Recommendation Upon Disch_4f87c6"), "Automation Clinical Recommendation"): Text 'Automation Clinical Recommendation' is set on object 'Object Repository/Specific Cases Repository/LS/Client Profile/Discharge Planning/Initial Discharge Plan/Page_Initial Discharge Plan/textarea_Clinical Recommendation Upon Disch_4f87c6'

28-01-2025T18:10:41 - [MESSAGE][PASSED] - Text 'Automation Clinical Recommendation' is set on object 'Object Repository/Specific Cases Repository/LS/Client Profile/Discharge Planning/Initial Discharge Plan/Page_Initial Discharge Plan/textarea_Clinical Recommendation Upon Disch_4f87c6'

28-01-2025T18:10:41 - [TEST_STEP][PASSED] - selectOptionByValue(findTestObject("Object Repository/Specific Cases Repository/LS/Client Profile/Discharge Planning/Initial Discharge Plan/Page_Initial Discharge Plan/select_MotivatedWillingAmbivalentResistant"), "Motivated", true): All options with value 'Motivated' are selected in object 'Object Repository/Specific Cases Repository/LS/Client Profile/Discharge Planning/Initial Discharge Plan/Page_Initial Discharge Plan/select_MotivatedWillingAmbivalentResistant'  using regular expression

28-01-2025T18:10:42 - [MESSAGE][PASSED] - All options with value 'Motivated' are selected in object 'Object Repository/Specific Cases Repository/LS/Client Profile/Discharge Planning/Initial Discharge Plan/Page_Initial Discharge Plan/select_MotivatedWillingAmbivalentResistant'  using regular expression

28-01-2025T18:10:42 - [TEST_STEP][PASSED] - selectOptionByValue(findTestObject("Object Repository/Specific Cases Repository/LS/Client Profile/Discharge Planning/Initial Discharge Plan/Page_Initial Discharge Plan/select_MotivatedWillingAmbivalentResistantU_a7458e"), "Willing", true): All options with value 'Willing' are selected in object 'Object Repository/Specific Cases Repository/LS/Client Profile/Discharge Planning/Initial Discharge Plan/Page_Initial Discharge Plan/select_MotivatedWillingAmbivalentResistantU_a7458e'  using regular expression

28-01-2025T18:10:43 - [MESSAGE][PASSED] - All options with value 'Willing' are selected in object 'Object Repository/Specific Cases Repository/LS/Client Profile/Discharge Planning/Initial Discharge Plan/Page_Initial Discharge Plan/select_MotivatedWillingAmbivalentResistantU_a7458e'  using regular expression

28-01-2025T18:10:43 - [TEST_STEP][PASSED] - click(findTestObject("Object Repository/Specific Cases Repository/LS/Client Profile/Discharge Planning/Initial Discharge Plan/Page_Initial Discharge Plan/span_Sign and Lock_check")): Object: 'Object Repository/Specific Cases Repository/LS/Client Profile/Discharge Planning/Initial Discharge Plan/Page_Initial Discharge Plan/span_Sign and Lock_check' is clicked on

28-01-2025T18:10:44 - [MESSAGE][PASSED] - Object: 'Object Repository/Specific Cases Repository/LS/Client Profile/Discharge Planning/Initial Discharge Plan/Page_Initial Discharge Plan/span_Sign and Lock_check' is clicked on

28-01-2025T18:10:44 - [TEST_STEP][PASSED] - click(findTestObject("Object Repository/Specific Cases Repository/LS/Client Profile/Discharge Planning/Initial Discharge Plan/Page_Initial Discharge Plan/button_Save")): Object: 'Object Repository/Specific Cases Repository/LS/Client Profile/Discharge Planning/Initial Discharge Plan/Page_Initial Discharge Plan/button_Save' is clicked on

28-01-2025T18:10:51 - [MESSAGE][PASSED] - Object: 'Object Repository/Specific Cases Repository/LS/Client Profile/Discharge Planning/Initial Discharge Plan/Page_Initial Discharge Plan/button_Save' is clicked on

28-01-2025T18:10:51 - [TEST_STEP][PASSED] - verifyElementText(findTestObject("Object Repository/Specific Cases Repository/LS/Client Profile/Discharge Planning/Initial Discharge Plan/Page_Client Profile/td_12032024"), Todays_Date): Actual text and expected text of test object 'Object Repository/Specific Cases Repository/LS/Client Profile/Discharge Planning/Initial Discharge Plan/Page_Client Profile/td_12032024' are matched.

28-01-2025T18:10:53 - [MESSAGE][PASSED] - Actual text and expected text of test object 'Object Repository/Specific Cases Repository/LS/Client Profile/Discharge Planning/Initial Discharge Plan/Page_Client Profile/td_12032024' are matched.

28-01-2025T18:10:53 - [TEST_STEP][PASSED] - verifyElementText(findTestObject("Object Repository/Specific Cases Repository/LS/Client Profile/Discharge Planning/Initial Discharge Plan/Page_Client Profile/td_Detoxification"), "Detoxification"): Actual text and expected text of test object 'Object Repository/Specific Cases Repository/LS/Client Profile/Discharge Planning/Initial Discharge Plan/Page_Client Profile/td_Detoxification' are matched.

28-01-2025T18:10:53 - [MESSAGE][PASSED] - Actual text and expected text of test object 'Object Repository/Specific Cases Repository/LS/Client Profile/Discharge Planning/Initial Discharge Plan/Page_Client Profile/td_Detoxification' are matched.

28-01-2025T18:10:53 - [TEST_STEP][PASSED] - verifyElementText(findTestObject("Object Repository/Specific Cases Repository/LS/Client Profile/Discharge Planning/Initial Discharge Plan/Page_Client Profile/td_Signed"), "Signed"): Actual text and expected text of test object 'Object Repository/Specific Cases Repository/LS/Client Profile/Discharge Planning/Initial Discharge Plan/Page_Client Profile/td_Signed' are matched.

28-01-2025T18:10:54 - [MESSAGE][PASSED] - Actual text and expected text of test object 'Object Repository/Specific Cases Repository/LS/Client Profile/Discharge Planning/Initial Discharge Plan/Page_Client Profile/td_Signed' are matched.

28-01-2025T18:10:54 - [TEST_STEP][PASSED] - click(findTestObject("Object Repository/Specific Cases Repository/LS/Client Profile/Discharge Planning/Initial Discharge Plan/Page_Client Profile/i_Signed_fa fa-pencil")): Object: 'Object Repository/Specific Cases Repository/LS/Client Profile/Discharge Planning/Initial Discharge Plan/Page_Client Profile/i_Signed_fa fa-pencil' is clicked on

28-01-2025T18:10:56 - [MESSAGE][PASSED] - Object: 'Object Repository/Specific Cases Repository/LS/Client Profile/Discharge Planning/Initial Discharge Plan/Page_Client Profile/i_Signed_fa fa-pencil' is clicked on

28-01-2025T18:10:56 - [TEST_STEP][PASSED] - click(findTestObject("Object Repository/Specific Cases Repository/LS/Client Profile/Discharge Planning/Initial Discharge Plan/Page_Initial Discharge Plan/input_Entered in Error_iseie")): Object: 'Object Repository/Specific Cases Repository/LS/Client Profile/Discharge Planning/Initial Discharge Plan/Page_Initial Discharge Plan/input_Entered in Error_iseie' is clicked on

28-01-2025T18:10:57 - [MESSAGE][PASSED] - Object: 'Object Repository/Specific Cases Repository/LS/Client Profile/Discharge Planning/Initial Discharge Plan/Page_Initial Discharge Plan/input_Entered in Error_iseie' is clicked on

28-01-2025T18:10:57 - [TEST_STEP][PASSED] - setText(findTestObject("Object Repository/Specific Cases Repository/LS/Client Profile/Discharge Planning/Initial Discharge Plan/Page_Initial Discharge Plan/input_Reason_eiereason"), "Automation Test"): Text 'Automation Test' is set on object 'Object Repository/Specific Cases Repository/LS/Client Profile/Discharge Planning/Initial Discharge Plan/Page_Initial Discharge Plan/input_Reason_eiereason'

28-01-2025T18:10:57 - [MESSAGE][PASSED] - Text 'Automation Test' is set on object 'Object Repository/Specific Cases Repository/LS/Client Profile/Discharge Planning/Initial Discharge Plan/Page_Initial Discharge Plan/input_Reason_eiereason'

28-01-2025T18:10:57 - [TEST_STEP][PASSED] - click(findTestObject("Object Repository/Specific Cases Repository/LS/Client Profile/Discharge Planning/Initial Discharge Plan/Page_Initial Discharge Plan/button_Mark as Error")): Object: 'Object Repository/Specific Cases Repository/LS/Client Profile/Discharge Planning/Initial Discharge Plan/Page_Initial Discharge Plan/button_Mark as Error' is clicked on

28-01-2025T18:10:58 - [MESSAGE][PASSED] - Object: 'Object Repository/Specific Cases Repository/LS/Client Profile/Discharge Planning/Initial Discharge Plan/Page_Initial Discharge Plan/button_Mark as Error' is clicked on

28-01-2025T18:10:58 - [TEST_STEP][PASSED] - closeBrowser(): Browser is closed

28-01-2025T18:10:58 - [MESSAGE][PASSED] - Browser is closed]]></system-out>
         <system-err><![CDATA[]]></system-err>
      </testcase>
      <testcase name="Test Cases/Specific Cases/LS/Client Profile/Discharge Planning/Discharge Plan" time="42.858" classname="Test Cases/Specific Cases/LS/Client Profile/Discharge Planning/Discharge Plan" status="PASSED">
         <system-out><![CDATA[28-01-2025T18:10:58 - [TEST_CASE][PASSED] - Test Cases/Specific Cases/LS/Client Profile/Discharge Planning/Discharge Plan: Test Cases/Specific Cases/LS/Client Profile/Discharge Planning/Discharge Plan

28-01-2025T18:10:58 - [TEST_STEP][PASSED] - callTestCase(findTestCase("Common Cases/Login"), [:], STOP_ON_FAILURE): Call Test Case 'Test Cases/Common Cases/Login' successfully

28-01-2025T18:10:58 - [TEST_CASE][PASSED] - Test Cases/Common Cases/Login: Test Cases/Common Cases/Login

28-01-2025T18:10:58 - [TEST_STEP][PASSED] - openBrowser(""): Browser is opened with url: ''

28-01-2025T18:10:58 - [MESSAGE][INFO] - Starting 'Chrome' driver

28-01-2025T18:10:58 - [MESSAGE][INFO] - Action delay is set to 0 milliseconds

28-01-2025T18:10:59 - [MESSAGE][PASSED] - Browser is opened with url: ''

28-01-2025T18:10:59 - [TEST_STEP][PASSED] - maximizeWindow(): Current window maximized

28-01-2025T18:10:59 - [MESSAGE][PASSED] - Current window maximized

28-01-2025T18:10:59 - [TEST_STEP][PASSED] - navigateToUrl("https://site17.lsapp.cloud/auth/login"): Navigate to 'https://site17.lsapp.cloud/auth/login' successfully

28-01-2025T18:11:02 - [MESSAGE][PASSED] - Navigate to 'https://site17.lsapp.cloud/auth/login' successfully

28-01-2025T18:11:02 - [TEST_STEP][PASSED] - setText(findTestObject("Object Repository/Common Cases Repository/Login/Page_Lightning Step/input_Email_email"), "automation@lightningstep.com"): Text 'automation@lightningstep.com' is set on object 'Object Repository/Common Cases Repository/Login/Page_Lightning Step/input_Email_email'

28-01-2025T18:11:03 - [MESSAGE][PASSED] - Text 'automation@lightningstep.com' is set on object 'Object Repository/Common Cases Repository/Login/Page_Lightning Step/input_Email_email'

28-01-2025T18:11:03 - [TEST_STEP][PASSED] - setEncryptedText(findTestObject("Object Repository/Common Cases Repository/Login/Page_Lightning Step/input_Password_password"), "e5N8VHmnhJDITtQaQhDQDw=="): Text ****** has been set on object 'Object Repository/Common Cases Repository/Login/Page_Lightning Step/input_Password_password'

28-01-2025T18:11:04 - [MESSAGE][PASSED] - Text ****** has been set on object 'Object Repository/Common Cases Repository/Login/Page_Lightning Step/input_Password_password'

28-01-2025T18:11:04 - [TEST_STEP][PASSED] - click(findTestObject("Object Repository/Common Cases Repository/Login/Page_Lightning Step/button_Sign in")): Object: 'Object Repository/Common Cases Repository/Login/Page_Lightning Step/button_Sign in' is clicked on

28-01-2025T18:11:09 - [MESSAGE][PASSED] - Object: 'Object Repository/Common Cases Repository/Login/Page_Lightning Step/button_Sign in' is clicked on

28-01-2025T18:11:09 - [MESSAGE][PASSED] - Call Test Case 'Test Cases/Common Cases/Login' successfully

28-01-2025T18:11:09 - [TEST_STEP][PASSED] - navigateToUrl("https://site17.lsapp.cloud/client/index/1556?section=dcplan"): Navigate to 'https://site17.lsapp.cloud/client/index/1556?section=dcplan' successfully

28-01-2025T18:11:16 - [MESSAGE][PASSED] - Navigate to 'https://site17.lsapp.cloud/client/index/1556?section=dcplan' successfully

28-01-2025T18:11:16 - [TEST_STEP][PASSED] - click(findTestObject("Object Repository/Specific Cases Repository/LS/Client Profile/Discharge Planning/Discharge Plan/Page_Client Profile/i_add")): Object: 'Object Repository/Specific Cases Repository/LS/Client Profile/Discharge Planning/Discharge Plan/Page_Client Profile/i_add' is clicked on

28-01-2025T18:11:20 - [MESSAGE][PASSED] - Object: 'Object Repository/Specific Cases Repository/LS/Client Profile/Discharge Planning/Discharge Plan/Page_Client Profile/i_add' is clicked on

28-01-2025T18:11:20 - [TEST_STEP][PASSED] - setText(findTestObject("Object Repository/Specific Cases Repository/LS/Client Profile/Discharge Planning/Discharge Plan/Page_Discharge Plan/input_Condition at Discharge_dccondition"), "Automation Condition at Discharge"): Text 'Automation Condition at Discharge' is set on object 'Object Repository/Specific Cases Repository/LS/Client Profile/Discharge Planning/Discharge Plan/Page_Discharge Plan/input_Condition at Discharge_dccondition'

28-01-2025T18:11:21 - [MESSAGE][PASSED] - Text 'Automation Condition at Discharge' is set on object 'Object Repository/Specific Cases Repository/LS/Client Profile/Discharge Planning/Discharge Plan/Page_Discharge Plan/input_Condition at Discharge_dccondition'

28-01-2025T18:11:21 - [TEST_STEP][PASSED] - click(findTestObject("Object Repository/Specific Cases Repository/LS/Client Profile/Discharge Planning/Discharge Plan/Page_Discharge Plan/i_Discharge Planning Content from Treatment Plan")): Object: 'Object Repository/Specific Cases Repository/LS/Client Profile/Discharge Planning/Discharge Plan/Page_Discharge Plan/i_Discharge Planning Content from Treatment Plan' is clicked on

28-01-2025T18:11:22 - [MESSAGE][PASSED] - Object: 'Object Repository/Specific Cases Repository/LS/Client Profile/Discharge Planning/Discharge Plan/Page_Discharge Plan/i_Discharge Planning Content from Treatment Plan' is clicked on

28-01-2025T18:11:22 - [TEST_STEP][PASSED] - selectOptionByValue(findTestObject("Object Repository/Specific Cases Repository/LS/Client Profile/Discharge Planning/Discharge Plan/Page_Discharge Plan/select_--Select-Type---- Select One --Disch_c276a7"), "1", true): All options with value '1' are selected in object 'Object Repository/Specific Cases Repository/LS/Client Profile/Discharge Planning/Discharge Plan/Page_Discharge Plan/select_--Select-Type---- Select One --Disch_c276a7'  using regular expression

28-01-2025T18:11:23 - [MESSAGE][PASSED] - All options with value '1' are selected in object 'Object Repository/Specific Cases Repository/LS/Client Profile/Discharge Planning/Discharge Plan/Page_Discharge Plan/select_--Select-Type---- Select One --Disch_c276a7'  using regular expression

28-01-2025T18:11:23 - [TEST_STEP][PASSED] - setText(findTestObject("Object Repository/Specific Cases Repository/LS/Client Profile/Discharge Planning/Discharge Plan/Page_Discharge Plan/textarea_Anticipated Plan Post-Discharge_tx_dafd1a"), "Automation Anticipated Plan Post-Discharge"): Text 'Automation Anticipated Plan Post-Discharge' is set on object 'Object Repository/Specific Cases Repository/LS/Client Profile/Discharge Planning/Discharge Plan/Page_Discharge Plan/textarea_Anticipated Plan Post-Discharge_tx_dafd1a'

28-01-2025T18:11:23 - [MESSAGE][PASSED] - Text 'Automation Anticipated Plan Post-Discharge' is set on object 'Object Repository/Specific Cases Repository/LS/Client Profile/Discharge Planning/Discharge Plan/Page_Discharge Plan/textarea_Anticipated Plan Post-Discharge_tx_dafd1a'

28-01-2025T18:11:23 - [TEST_STEP][PASSED] - setText(findTestObject("Object Repository/Specific Cases Repository/LS/Client Profile/Discharge Planning/Discharge Plan/Page_Discharge Plan/textarea_Client Involvement in Discharge Pl_548c36"), "Automation Client Involvement"): Text 'Automation Client Involvement' is set on object 'Object Repository/Specific Cases Repository/LS/Client Profile/Discharge Planning/Discharge Plan/Page_Discharge Plan/textarea_Client Involvement in Discharge Pl_548c36'

28-01-2025T18:11:24 - [MESSAGE][PASSED] - Text 'Automation Client Involvement' is set on object 'Object Repository/Specific Cases Repository/LS/Client Profile/Discharge Planning/Discharge Plan/Page_Discharge Plan/textarea_Client Involvement in Discharge Pl_548c36'

28-01-2025T18:11:24 - [TEST_STEP][PASSED] - setText(findTestObject("Object Repository/Specific Cases Repository/LS/Client Profile/Discharge Planning/Discharge Plan/Page_Discharge Plan/textarea_Family Involvement in Discharge Pl_020026"), "Automation Family Involvement"): Text 'Automation Family Involvement' is set on object 'Object Repository/Specific Cases Repository/LS/Client Profile/Discharge Planning/Discharge Plan/Page_Discharge Plan/textarea_Family Involvement in Discharge Pl_020026'

28-01-2025T18:11:25 - [MESSAGE][PASSED] - Text 'Automation Family Involvement' is set on object 'Object Repository/Specific Cases Repository/LS/Client Profile/Discharge Planning/Discharge Plan/Page_Discharge Plan/textarea_Family Involvement in Discharge Pl_020026'

28-01-2025T18:11:25 - [TEST_STEP][PASSED] - setText(findTestObject("Object Repository/Specific Cases Repository/LS/Client Profile/Discharge Planning/Discharge Plan/Page_Discharge Plan/textarea_Individual Goals Necessary to Sust_8c1980"), "Automation Individual Goals"): Text 'Automation Individual Goals' is set on object 'Object Repository/Specific Cases Repository/LS/Client Profile/Discharge Planning/Discharge Plan/Page_Discharge Plan/textarea_Individual Goals Necessary to Sust_8c1980'

28-01-2025T18:11:25 - [MESSAGE][PASSED] - Text 'Automation Individual Goals' is set on object 'Object Repository/Specific Cases Repository/LS/Client Profile/Discharge Planning/Discharge Plan/Page_Discharge Plan/textarea_Individual Goals Necessary to Sust_8c1980'

28-01-2025T18:11:25 - [TEST_STEP][PASSED] - setText(findTestObject("Object Repository/Specific Cases Repository/LS/Client Profile/Discharge Planning/Discharge Plan/Page_Discharge Plan/textarea_Medical Issues_txtmedical"), "Automation Medical"): Text 'Automation Medical' is set on object 'Object Repository/Specific Cases Repository/LS/Client Profile/Discharge Planning/Discharge Plan/Page_Discharge Plan/textarea_Medical Issues_txtmedical'

28-01-2025T18:11:26 - [MESSAGE][PASSED] - Text 'Automation Medical' is set on object 'Object Repository/Specific Cases Repository/LS/Client Profile/Discharge Planning/Discharge Plan/Page_Discharge Plan/textarea_Medical Issues_txtmedical'

28-01-2025T18:11:26 - [TEST_STEP][PASSED] - setText(findTestObject("Object Repository/Specific Cases Repository/LS/Client Profile/Discharge Planning/Discharge Plan/Page_Discharge Plan/textarea_Psychiatric Issues_txtpsychiatric"), "Automation Psychiatric"): Text 'Automation Psychiatric' is set on object 'Object Repository/Specific Cases Repository/LS/Client Profile/Discharge Planning/Discharge Plan/Page_Discharge Plan/textarea_Psychiatric Issues_txtpsychiatric'

28-01-2025T18:11:27 - [MESSAGE][PASSED] - Text 'Automation Psychiatric' is set on object 'Object Repository/Specific Cases Repository/LS/Client Profile/Discharge Planning/Discharge Plan/Page_Discharge Plan/textarea_Psychiatric Issues_txtpsychiatric'

28-01-2025T18:11:27 - [TEST_STEP][PASSED] - setText(findTestObject("Object Repository/Specific Cases Repository/LS/Client Profile/Discharge Planning/Discharge Plan/Page_Discharge Plan/textarea_Discharge Criteria_dccriteria"), "Automation Discharge"): Text 'Automation Discharge' is set on object 'Object Repository/Specific Cases Repository/LS/Client Profile/Discharge Planning/Discharge Plan/Page_Discharge Plan/textarea_Discharge Criteria_dccriteria'

28-01-2025T18:11:27 - [MESSAGE][PASSED] - Text 'Automation Discharge' is set on object 'Object Repository/Specific Cases Repository/LS/Client Profile/Discharge Planning/Discharge Plan/Page_Discharge Plan/textarea_Discharge Criteria_dccriteria'

28-01-2025T18:11:27 - [TEST_STEP][PASSED] - setText(findTestObject("Object Repository/Specific Cases Repository/LS/Client Profile/Discharge Planning/Discharge Plan/Page_Discharge Plan/textarea_Client Strengths_strengths"), "Automation Client Strengths"): Text 'Automation Client Strengths' is set on object 'Object Repository/Specific Cases Repository/LS/Client Profile/Discharge Planning/Discharge Plan/Page_Discharge Plan/textarea_Client Strengths_strengths'

28-01-2025T18:11:28 - [MESSAGE][PASSED] - Text 'Automation Client Strengths' is set on object 'Object Repository/Specific Cases Repository/LS/Client Profile/Discharge Planning/Discharge Plan/Page_Discharge Plan/textarea_Client Strengths_strengths'

28-01-2025T18:11:28 - [TEST_STEP][PASSED] - setText(findTestObject("Object Repository/Specific Cases Repository/LS/Client Profile/Discharge Planning/Discharge Plan/Page_Discharge Plan/textarea_Client Needs_needs"), "Automation Client Needs"): Text 'Automation Client Needs' is set on object 'Object Repository/Specific Cases Repository/LS/Client Profile/Discharge Planning/Discharge Plan/Page_Discharge Plan/textarea_Client Needs_needs'

28-01-2025T18:11:28 - [MESSAGE][PASSED] - Text 'Automation Client Needs' is set on object 'Object Repository/Specific Cases Repository/LS/Client Profile/Discharge Planning/Discharge Plan/Page_Discharge Plan/textarea_Client Needs_needs'

28-01-2025T18:11:28 - [TEST_STEP][PASSED] - setText(findTestObject("Object Repository/Specific Cases Repository/LS/Client Profile/Discharge Planning/Discharge Plan/Page_Discharge Plan/textarea_Client Abilities_abilities"), "Automation Client Abilities"): Text 'Automation Client Abilities' is set on object 'Object Repository/Specific Cases Repository/LS/Client Profile/Discharge Planning/Discharge Plan/Page_Discharge Plan/textarea_Client Abilities_abilities'

28-01-2025T18:11:29 - [MESSAGE][PASSED] - Text 'Automation Client Abilities' is set on object 'Object Repository/Specific Cases Repository/LS/Client Profile/Discharge Planning/Discharge Plan/Page_Discharge Plan/textarea_Client Abilities_abilities'

28-01-2025T18:11:29 - [TEST_STEP][PASSED] - setText(findTestObject("Object Repository/Specific Cases Repository/LS/Client Profile/Discharge Planning/Discharge Plan/Page_Discharge Plan/textarea_Client Preferences_preferences"), "Automation Client"): Text 'Automation Client' is set on object 'Object Repository/Specific Cases Repository/LS/Client Profile/Discharge Planning/Discharge Plan/Page_Discharge Plan/textarea_Client Preferences_preferences'

28-01-2025T18:11:30 - [MESSAGE][PASSED] - Text 'Automation Client' is set on object 'Object Repository/Specific Cases Repository/LS/Client Profile/Discharge Planning/Discharge Plan/Page_Discharge Plan/textarea_Client Preferences_preferences'

28-01-2025T18:11:30 - [TEST_STEP][PASSED] - setText(findTestObject("Object Repository/Specific Cases Repository/LS/Client Profile/Discharge Planning/Discharge Plan/Page_Discharge Plan/textarea_Response  to treatment_txtresponse"), "Automation Response"): Text 'Automation Response' is set on object 'Object Repository/Specific Cases Repository/LS/Client Profile/Discharge Planning/Discharge Plan/Page_Discharge Plan/textarea_Response  to treatment_txtresponse'

28-01-2025T18:11:30 - [MESSAGE][PASSED] - Text 'Automation Response' is set on object 'Object Repository/Specific Cases Repository/LS/Client Profile/Discharge Planning/Discharge Plan/Page_Discharge Plan/textarea_Response  to treatment_txtresponse'

28-01-2025T18:11:30 - [TEST_STEP][PASSED] - setText(findTestObject("Object Repository/Specific Cases Repository/LS/Client Profile/Discharge Planning/Discharge Plan/Page_Discharge Plan/textarea_Anticipated Effect of Family Dynam_bbb4c4"), "Automation Anticipated"): Text 'Automation Anticipated' is set on object 'Object Repository/Specific Cases Repository/LS/Client Profile/Discharge Planning/Discharge Plan/Page_Discharge Plan/textarea_Anticipated Effect of Family Dynam_bbb4c4'

28-01-2025T18:11:31 - [MESSAGE][PASSED] - Text 'Automation Anticipated' is set on object 'Object Repository/Specific Cases Repository/LS/Client Profile/Discharge Planning/Discharge Plan/Page_Discharge Plan/textarea_Anticipated Effect of Family Dynam_bbb4c4'

28-01-2025T18:11:31 - [TEST_STEP][PASSED] - setText(findTestObject("Object Repository/Specific Cases Repository/LS/Client Profile/Discharge Planning/Discharge Plan/Page_Discharge Plan/textarea_Other Referrals (Include PCP)_txtreferral"), "Automation Other"): Text 'Automation Other' is set on object 'Object Repository/Specific Cases Repository/LS/Client Profile/Discharge Planning/Discharge Plan/Page_Discharge Plan/textarea_Other Referrals (Include PCP)_txtreferral'

28-01-2025T18:11:32 - [MESSAGE][PASSED] - Text 'Automation Other' is set on object 'Object Repository/Specific Cases Repository/LS/Client Profile/Discharge Planning/Discharge Plan/Page_Discharge Plan/textarea_Other Referrals (Include PCP)_txtreferral'

28-01-2025T18:11:32 - [TEST_STEP][PASSED] - click(findTestObject("Object Repository/Specific Cases Repository/LS/Client Profile/Discharge Planning/Discharge Plan/Page_Discharge Plan/span_Client I participated in the developme_a916cf")): Object: 'Object Repository/Specific Cases Repository/LS/Client Profile/Discharge Planning/Discharge Plan/Page_Discharge Plan/span_Client I participated in the developme_a916cf' is clicked on

28-01-2025T18:11:32 - [MESSAGE][PASSED] - Object: 'Object Repository/Specific Cases Repository/LS/Client Profile/Discharge Planning/Discharge Plan/Page_Discharge Plan/span_Client I participated in the developme_a916cf' is clicked on

28-01-2025T18:11:32 - [TEST_STEP][PASSED] - click(findTestObject("Object Repository/Specific Cases Repository/LS/Client Profile/Discharge Planning/Discharge Plan/Page_Discharge Plan/canvas_Client I participated in the develop_94b7aa")): Object: 'Object Repository/Specific Cases Repository/LS/Client Profile/Discharge Planning/Discharge Plan/Page_Discharge Plan/canvas_Client I participated in the develop_94b7aa' is clicked on

28-01-2025T18:11:32 - [MESSAGE][PASSED] - Object: 'Object Repository/Specific Cases Repository/LS/Client Profile/Discharge Planning/Discharge Plan/Page_Discharge Plan/canvas_Client I participated in the develop_94b7aa' is clicked on

28-01-2025T18:11:32 - [TEST_STEP][PASSED] - click(findTestObject("Object Repository/Specific Cases Repository/LS/Client Profile/Discharge Planning/Discharge Plan/Page_Discharge Plan/canvas_Client I participated in the develop_94b7aa")): Object: 'Object Repository/Specific Cases Repository/LS/Client Profile/Discharge Planning/Discharge Plan/Page_Discharge Plan/canvas_Client I participated in the develop_94b7aa' is clicked on

28-01-2025T18:11:33 - [MESSAGE][PASSED] - Object: 'Object Repository/Specific Cases Repository/LS/Client Profile/Discharge Planning/Discharge Plan/Page_Discharge Plan/canvas_Client I participated in the develop_94b7aa' is clicked on

28-01-2025T18:11:33 - [TEST_STEP][PASSED] - click(findTestObject("Object Repository/Specific Cases Repository/LS/Client Profile/Discharge Planning/Discharge Plan/Page_Discharge Plan/span_Sign and Lock_check")): Object: 'Object Repository/Specific Cases Repository/LS/Client Profile/Discharge Planning/Discharge Plan/Page_Discharge Plan/span_Sign and Lock_check' is clicked on

28-01-2025T18:11:33 - [MESSAGE][PASSED] - Object: 'Object Repository/Specific Cases Repository/LS/Client Profile/Discharge Planning/Discharge Plan/Page_Discharge Plan/span_Sign and Lock_check' is clicked on

28-01-2025T18:11:33 - [TEST_STEP][PASSED] - click(findTestObject("Object Repository/Specific Cases Repository/LS/Client Profile/Discharge Planning/Discharge Plan/Page_Discharge Plan/button_Save")): Object: 'Object Repository/Specific Cases Repository/LS/Client Profile/Discharge Planning/Discharge Plan/Page_Discharge Plan/button_Save' is clicked on

28-01-2025T18:11:39 - [MESSAGE][PASSED] - Object: 'Object Repository/Specific Cases Repository/LS/Client Profile/Discharge Planning/Discharge Plan/Page_Discharge Plan/button_Save' is clicked on

28-01-2025T18:11:39 - [TEST_STEP][PASSED] - rightClick(findTestObject("Object Repository/Specific Cases Repository/LS/Client Profile/Discharge Planning/Discharge Plan/Page_Client Profile/td_Detoxification")): Object: 'Object Repository/Specific Cases Repository/LS/Client Profile/Discharge Planning/Discharge Plan/Page_Client Profile/td_Detoxification' is right clicked on

28-01-2025T18:11:41 - [MESSAGE][PASSED] - Object: 'Object Repository/Specific Cases Repository/LS/Client Profile/Discharge Planning/Discharge Plan/Page_Client Profile/td_Detoxification' is right clicked on

28-01-2025T18:11:41 - [TEST_STEP][PASSED] - closeBrowser(): Browser is closed

28-01-2025T18:11:41 - [MESSAGE][PASSED] - Browser is closed]]></system-out>
         <system-err><![CDATA[]]></system-err>
      </testcase>
      <testcase name="Test Cases/Specific Cases/LS/Client Profile/Discharge Planning/Discharge Summary" time="46.814" classname="Test Cases/Specific Cases/LS/Client Profile/Discharge Planning/Discharge Summary" status="PASSED">
         <system-out><![CDATA[28-01-2025T18:11:41 - [TEST_CASE][PASSED] - Test Cases/Specific Cases/LS/Client Profile/Discharge Planning/Discharge Summary: Test Cases/Specific Cases/LS/Client Profile/Discharge Planning/Discharge Summary

28-01-2025T18:11:41 - [TEST_STEP][PASSED] - callTestCase(findTestCase("Common Cases/Login"), [:], STOP_ON_FAILURE): Call Test Case 'Test Cases/Common Cases/Login' successfully

28-01-2025T18:11:41 - [TEST_CASE][PASSED] - Test Cases/Common Cases/Login: Test Cases/Common Cases/Login

28-01-2025T18:11:41 - [TEST_STEP][PASSED] - openBrowser(""): Browser is opened with url: ''

28-01-2025T18:11:41 - [MESSAGE][INFO] - Starting 'Chrome' driver

28-01-2025T18:11:41 - [MESSAGE][INFO] - Action delay is set to 0 milliseconds

28-01-2025T18:11:41 - [MESSAGE][PASSED] - Browser is opened with url: ''

28-01-2025T18:11:41 - [TEST_STEP][PASSED] - maximizeWindow(): Current window maximized

28-01-2025T18:11:41 - [MESSAGE][PASSED] - Current window maximized

28-01-2025T18:11:41 - [TEST_STEP][PASSED] - navigateToUrl("https://site17.lsapp.cloud/auth/login"): Navigate to 'https://site17.lsapp.cloud/auth/login' successfully

28-01-2025T18:11:44 - [MESSAGE][PASSED] - Navigate to 'https://site17.lsapp.cloud/auth/login' successfully

28-01-2025T18:11:44 - [TEST_STEP][PASSED] - setText(findTestObject("Object Repository/Common Cases Repository/Login/Page_Lightning Step/input_Email_email"), "automation@lightningstep.com"): Text 'automation@lightningstep.com' is set on object 'Object Repository/Common Cases Repository/Login/Page_Lightning Step/input_Email_email'

28-01-2025T18:11:45 - [MESSAGE][PASSED] - Text 'automation@lightningstep.com' is set on object 'Object Repository/Common Cases Repository/Login/Page_Lightning Step/input_Email_email'

28-01-2025T18:11:45 - [TEST_STEP][PASSED] - setEncryptedText(findTestObject("Object Repository/Common Cases Repository/Login/Page_Lightning Step/input_Password_password"), "e5N8VHmnhJDITtQaQhDQDw=="): Text ****** has been set on object 'Object Repository/Common Cases Repository/Login/Page_Lightning Step/input_Password_password'

28-01-2025T18:11:46 - [MESSAGE][PASSED] - Text ****** has been set on object 'Object Repository/Common Cases Repository/Login/Page_Lightning Step/input_Password_password'

28-01-2025T18:11:46 - [TEST_STEP][PASSED] - click(findTestObject("Object Repository/Common Cases Repository/Login/Page_Lightning Step/button_Sign in")): Object: 'Object Repository/Common Cases Repository/Login/Page_Lightning Step/button_Sign in' is clicked on

28-01-2025T18:11:51 - [MESSAGE][PASSED] - Object: 'Object Repository/Common Cases Repository/Login/Page_Lightning Step/button_Sign in' is clicked on

28-01-2025T18:11:51 - [MESSAGE][PASSED] - Call Test Case 'Test Cases/Common Cases/Login' successfully

28-01-2025T18:11:51 - [TEST_STEP][PASSED] - navigateToUrl("https://site17.lsapp.cloud/client/index/1560?section=dcplan"): Navigate to 'https://site17.lsapp.cloud/client/index/1560?section=dcplan' successfully

28-01-2025T18:11:57 - [MESSAGE][PASSED] - Navigate to 'https://site17.lsapp.cloud/client/index/1560?section=dcplan' successfully

28-01-2025T18:11:57 - [TEST_STEP][PASSED] - click(findTestObject("Object Repository/Specific Cases Repository/LS/Client Profile/Discharge Planning/Discharge Summary/Page_Client Profile/i_add")): Object: 'Object Repository/Specific Cases Repository/LS/Client Profile/Discharge Planning/Discharge Summary/Page_Client Profile/i_add' is clicked on

28-01-2025T18:12:00 - [MESSAGE][PASSED] - Object: 'Object Repository/Specific Cases Repository/LS/Client Profile/Discharge Planning/Discharge Summary/Page_Client Profile/i_add' is clicked on

28-01-2025T18:12:00 - [TEST_STEP][PASSED] - setText(findTestObject("Object Repository/Specific Cases Repository/LS/Client Profile/Discharge Planning/Discharge Summary/Page_Discharge Summary/input_Multiple Programs_admprogram"), "Automation Multiple Programs"): Text 'Automation Multiple Programs' is set on object 'Object Repository/Specific Cases Repository/LS/Client Profile/Discharge Planning/Discharge Summary/Page_Discharge Summary/input_Multiple Programs_admprogram'

28-01-2025T18:12:01 - [MESSAGE][PASSED] - Text 'Automation Multiple Programs' is set on object 'Object Repository/Specific Cases Repository/LS/Client Profile/Discharge Planning/Discharge Summary/Page_Discharge Summary/input_Multiple Programs_admprogram'

28-01-2025T18:12:01 - [TEST_STEP][PASSED] - setText(findTestObject("Object Repository/Specific Cases Repository/LS/Client Profile/Discharge Planning/Discharge Summary/Page_Discharge Summary/input_Primary Counselor_pricouns"), "Enrique Carreño"): Text 'Enrique Carreño' is set on object 'Object Repository/Specific Cases Repository/LS/Client Profile/Discharge Planning/Discharge Summary/Page_Discharge Summary/input_Primary Counselor_pricouns'

28-01-2025T18:12:02 - [MESSAGE][PASSED] - Text 'Enrique Carreño' is set on object 'Object Repository/Specific Cases Repository/LS/Client Profile/Discharge Planning/Discharge Summary/Page_Discharge Summary/input_Primary Counselor_pricouns'

28-01-2025T18:12:02 - [TEST_STEP][PASSED] - setText(findTestObject("Object Repository/Specific Cases Repository/LS/Client Profile/Discharge Planning/Discharge Summary/Page_Discharge Summary/input_Funding Source_payorname"), "Scholarship"): Text 'Scholarship' is set on object 'Object Repository/Specific Cases Repository/LS/Client Profile/Discharge Planning/Discharge Summary/Page_Discharge Summary/input_Funding Source_payorname'

28-01-2025T18:12:03 - [MESSAGE][PASSED] - Text 'Scholarship' is set on object 'Object Repository/Specific Cases Repository/LS/Client Profile/Discharge Planning/Discharge Summary/Page_Discharge Summary/input_Funding Source_payorname'

28-01-2025T18:12:03 - [TEST_STEP][PASSED] - verifyElementText(findTestObject("Object Repository/Specific Cases Repository/LS/Client Profile/Discharge Planning/Discharge Summary/Page_Discharge Summary/input_Funding Source_payorname"), ""): Actual text and expected text of test object 'Object Repository/Specific Cases Repository/LS/Client Profile/Discharge Planning/Discharge Summary/Page_Discharge Summary/input_Funding Source_payorname' are matched.

28-01-2025T18:12:03 - [MESSAGE][PASSED] - Actual text and expected text of test object 'Object Repository/Specific Cases Repository/LS/Client Profile/Discharge Planning/Discharge Summary/Page_Discharge Summary/input_Funding Source_payorname' are matched.

28-01-2025T18:12:03 - [TEST_STEP][PASSED] - setText(findTestObject("Object Repository/Specific Cases Repository/LS/Client Profile/Discharge Planning/Discharge Summary/Page_Discharge Summary/textarea_Precipitating EventReason for Care_ec3c9d"), "Automation Precipitating Event/Reason for Care"): Text 'Automation Precipitating Event/Reason for Care' is set on object 'Object Repository/Specific Cases Repository/LS/Client Profile/Discharge Planning/Discharge Summary/Page_Discharge Summary/textarea_Precipitating EventReason for Care_ec3c9d'

28-01-2025T18:12:04 - [MESSAGE][PASSED] - Text 'Automation Precipitating Event/Reason for Care' is set on object 'Object Repository/Specific Cases Repository/LS/Client Profile/Discharge Planning/Discharge Summary/Page_Discharge Summary/textarea_Precipitating EventReason for Care_ec3c9d'

28-01-2025T18:12:04 - [TEST_STEP][PASSED] - selectOptionByValue(findTestObject("Object Repository/Specific Cases Repository/LS/Client Profile/Discharge Planning/Discharge Summary/Page_Discharge Summary/select_Discharge Against Staff Advice    Di_d15691"), "Pending Review", true): All options with value 'Pending Review' are selected in object 'Object Repository/Specific Cases Repository/LS/Client Profile/Discharge Planning/Discharge Summary/Page_Discharge Summary/select_Discharge Against Staff Advice    Di_d15691'  using regular expression

28-01-2025T18:12:04 - [MESSAGE][PASSED] - All options with value 'Pending Review' are selected in object 'Object Repository/Specific Cases Repository/LS/Client Profile/Discharge Planning/Discharge Summary/Page_Discharge Summary/select_Discharge Against Staff Advice    Di_d15691'  using regular expression

28-01-2025T18:12:04 - [TEST_STEP][PASSED] - setText(findTestObject("Object Repository/Specific Cases Repository/LS/Client Profile/Discharge Planning/Discharge Summary/Page_Discharge Summary/textarea_Reason for Discharge Type_dctypereason"), "Automation Reason for Discharge Type"): Text 'Automation Reason for Discharge Type' is set on object 'Object Repository/Specific Cases Repository/LS/Client Profile/Discharge Planning/Discharge Summary/Page_Discharge Summary/textarea_Reason for Discharge Type_dctypereason'

28-01-2025T18:12:05 - [MESSAGE][PASSED] - Text 'Automation Reason for Discharge Type' is set on object 'Object Repository/Specific Cases Repository/LS/Client Profile/Discharge Planning/Discharge Summary/Page_Discharge Summary/textarea_Reason for Discharge Type_dctypereason'

28-01-2025T18:12:05 - [TEST_STEP][PASSED] - setText(findTestObject("Object Repository/Specific Cases Repository/LS/Client Profile/Discharge Planning/Discharge Summary/Page_Discharge Summary/textarea_Outcome of Treatment_txtoutcome"), "Automation Outcome of Treatment"): Text 'Automation Outcome of Treatment' is set on object 'Object Repository/Specific Cases Repository/LS/Client Profile/Discharge Planning/Discharge Summary/Page_Discharge Summary/textarea_Outcome of Treatment_txtoutcome'

28-01-2025T18:12:06 - [MESSAGE][PASSED] - Text 'Automation Outcome of Treatment' is set on object 'Object Repository/Specific Cases Repository/LS/Client Profile/Discharge Planning/Discharge Summary/Page_Discharge Summary/textarea_Outcome of Treatment_txtoutcome'

28-01-2025T18:12:06 - [TEST_STEP][PASSED] - click(findTestObject("Object Repository/Specific Cases Repository/LS/Client Profile/Discharge Planning/Discharge Summary/Page_Discharge Summary/span_Service_check")): Object: 'Object Repository/Specific Cases Repository/LS/Client Profile/Discharge Planning/Discharge Summary/Page_Discharge Summary/span_Service_check' is clicked on

28-01-2025T18:12:06 - [MESSAGE][PASSED] - Object: 'Object Repository/Specific Cases Repository/LS/Client Profile/Discharge Planning/Discharge Summary/Page_Discharge Summary/span_Service_check' is clicked on

28-01-2025T18:12:06 - [TEST_STEP][PASSED] - click(findTestObject("Object Repository/Specific Cases Repository/LS/Client Profile/Discharge Planning/Discharge Summary/Page_Discharge Summary/span_Education_check")): Object: 'Object Repository/Specific Cases Repository/LS/Client Profile/Discharge Planning/Discharge Summary/Page_Discharge Summary/span_Education_check' is clicked on

28-01-2025T18:12:08 - [MESSAGE][PASSED] - Object: 'Object Repository/Specific Cases Repository/LS/Client Profile/Discharge Planning/Discharge Summary/Page_Discharge Summary/span_Education_check' is clicked on

28-01-2025T18:12:08 - [TEST_STEP][PASSED] - click(findTestObject("Object Repository/Specific Cases Repository/LS/Client Profile/Discharge Planning/Discharge Summary/Page_Discharge Summary/span_Family Education_check")): Object: 'Object Repository/Specific Cases Repository/LS/Client Profile/Discharge Planning/Discharge Summary/Page_Discharge Summary/span_Family Education_check' is clicked on

28-01-2025T18:12:09 - [MESSAGE][PASSED] - Object: 'Object Repository/Specific Cases Repository/LS/Client Profile/Discharge Planning/Discharge Summary/Page_Discharge Summary/span_Family Education_check' is clicked on

28-01-2025T18:12:09 - [TEST_STEP][PASSED] - click(findTestObject("Object Repository/Specific Cases Repository/LS/Client Profile/Discharge Planning/Discharge Summary/Page_Discharge Summary/span_Individual Counseling_check")): Object: 'Object Repository/Specific Cases Repository/LS/Client Profile/Discharge Planning/Discharge Summary/Page_Discharge Summary/span_Individual Counseling_check' is clicked on

28-01-2025T18:12:09 - [MESSAGE][PASSED] - Object: 'Object Repository/Specific Cases Repository/LS/Client Profile/Discharge Planning/Discharge Summary/Page_Discharge Summary/span_Individual Counseling_check' is clicked on

28-01-2025T18:12:09 - [TEST_STEP][PASSED] - click(findTestObject("Object Repository/Specific Cases Repository/LS/Client Profile/Discharge Planning/Discharge Summary/Page_Discharge Summary/span_Orientation to Community Resources_check")): Object: 'Object Repository/Specific Cases Repository/LS/Client Profile/Discharge Planning/Discharge Summary/Page_Discharge Summary/span_Orientation to Community Resources_check' is clicked on

28-01-2025T18:12:10 - [MESSAGE][PASSED] - Object: 'Object Repository/Specific Cases Repository/LS/Client Profile/Discharge Planning/Discharge Summary/Page_Discharge Summary/span_Orientation to Community Resources_check' is clicked on

28-01-2025T18:12:10 - [TEST_STEP][PASSED] - setText(findTestObject("Object Repository/Specific Cases Repository/LS/Client Profile/Discharge Planning/Discharge Summary/Page_Discharge Summary/textarea_Plan for Continuing Care_ccplan"), "Automation Plan for Continuing Care"): Text 'Automation Plan for Continuing Care' is set on object 'Object Repository/Specific Cases Repository/LS/Client Profile/Discharge Planning/Discharge Summary/Page_Discharge Summary/textarea_Plan for Continuing Care_ccplan'

28-01-2025T18:12:11 - [MESSAGE][PASSED] - Text 'Automation Plan for Continuing Care' is set on object 'Object Repository/Specific Cases Repository/LS/Client Profile/Discharge Planning/Discharge Summary/Page_Discharge Summary/textarea_Plan for Continuing Care_ccplan'

28-01-2025T18:12:11 - [TEST_STEP][PASSED] - setText(findTestObject("Object Repository/Specific Cases Repository/LS/Client Profile/Discharge Planning/Discharge Summary/Page_Discharge Summary/textarea_Living Environment at Discharge_txtliving"), "Automation Environment at Discharge"): Text 'Automation Environment at Discharge' is set on object 'Object Repository/Specific Cases Repository/LS/Client Profile/Discharge Planning/Discharge Summary/Page_Discharge Summary/textarea_Living Environment at Discharge_txtliving'

28-01-2025T18:12:12 - [MESSAGE][PASSED] - Text 'Automation Environment at Discharge' is set on object 'Object Repository/Specific Cases Repository/LS/Client Profile/Discharge Planning/Discharge Summary/Page_Discharge Summary/textarea_Living Environment at Discharge_txtliving'

28-01-2025T18:12:12 - [TEST_STEP][PASSED] - setText(findTestObject("Object Repository/Specific Cases Repository/LS/Client Profile/Discharge Planning/Discharge Summary/Page_Discharge Summary/textarea_Additional Recommendations_txtadditional"), "Automation Recommendations"): Text 'Automation Recommendations' is set on object 'Object Repository/Specific Cases Repository/LS/Client Profile/Discharge Planning/Discharge Summary/Page_Discharge Summary/textarea_Additional Recommendations_txtadditional'

28-01-2025T18:12:13 - [MESSAGE][PASSED] - Text 'Automation Recommendations' is set on object 'Object Repository/Specific Cases Repository/LS/Client Profile/Discharge Planning/Discharge Summary/Page_Discharge Summary/textarea_Additional Recommendations_txtadditional'

28-01-2025T18:12:13 - [TEST_STEP][PASSED] - setText(findTestObject("Object Repository/Specific Cases Repository/LS/Client Profile/Discharge Planning/Discharge Summary/Page_Discharge Summary/textarea_Summary of Treatment_txsummary"), "Automation Summary of Treatment"): Text 'Automation Summary of Treatment' is set on object 'Object Repository/Specific Cases Repository/LS/Client Profile/Discharge Planning/Discharge Summary/Page_Discharge Summary/textarea_Summary of Treatment_txsummary'

28-01-2025T18:12:13 - [MESSAGE][PASSED] - Text 'Automation Summary of Treatment' is set on object 'Object Repository/Specific Cases Repository/LS/Client Profile/Discharge Planning/Discharge Summary/Page_Discharge Summary/textarea_Summary of Treatment_txsummary'

28-01-2025T18:12:13 - [TEST_STEP][PASSED] - setText(findTestObject("Object Repository/Specific Cases Repository/LS/Client Profile/Discharge Planning/Discharge Summary/Page_Discharge Summary/textarea_Condition at Discharge_txtcondition"), "Automation Condition at Discharge"): Text 'Automation Condition at Discharge' is set on object 'Object Repository/Specific Cases Repository/LS/Client Profile/Discharge Planning/Discharge Summary/Page_Discharge Summary/textarea_Condition at Discharge_txtcondition'

28-01-2025T18:12:14 - [MESSAGE][PASSED] - Text 'Automation Condition at Discharge' is set on object 'Object Repository/Specific Cases Repository/LS/Client Profile/Discharge Planning/Discharge Summary/Page_Discharge Summary/textarea_Condition at Discharge_txtcondition'

28-01-2025T18:12:14 - [TEST_STEP][PASSED] - setText(findTestObject("Object Repository/Specific Cases Repository/LS/Client Profile/Discharge Planning/Discharge Summary/Page_Discharge Summary/textarea_Additional Information_note"), "Automation Additional Information"): Text 'Automation Additional Information' is set on object 'Object Repository/Specific Cases Repository/LS/Client Profile/Discharge Planning/Discharge Summary/Page_Discharge Summary/textarea_Additional Information_note'

28-01-2025T18:12:15 - [MESSAGE][PASSED] - Text 'Automation Additional Information' is set on object 'Object Repository/Specific Cases Repository/LS/Client Profile/Discharge Planning/Discharge Summary/Page_Discharge Summary/textarea_Additional Information_note'

28-01-2025T18:12:15 - [TEST_STEP][PASSED] - click(findTestObject("Object Repository/Specific Cases Repository/LS/Client Profile/Discharge Planning/Discharge Summary/Page_Discharge Summary/span_Sign and Lock_check")): Object: 'Object Repository/Specific Cases Repository/LS/Client Profile/Discharge Planning/Discharge Summary/Page_Discharge Summary/span_Sign and Lock_check' is clicked on

28-01-2025T18:12:15 - [MESSAGE][PASSED] - Object: 'Object Repository/Specific Cases Repository/LS/Client Profile/Discharge Planning/Discharge Summary/Page_Discharge Summary/span_Sign and Lock_check' is clicked on

28-01-2025T18:12:15 - [TEST_STEP][PASSED] - click(findTestObject("Object Repository/Specific Cases Repository/LS/Client Profile/Discharge Planning/Discharge Summary/Page_Discharge Summary/button_Save")): Object: 'Object Repository/Specific Cases Repository/LS/Client Profile/Discharge Planning/Discharge Summary/Page_Discharge Summary/button_Save' is clicked on

28-01-2025T18:12:21 - [MESSAGE][PASSED] - Object: 'Object Repository/Specific Cases Repository/LS/Client Profile/Discharge Planning/Discharge Summary/Page_Discharge Summary/button_Save' is clicked on

28-01-2025T18:12:21 - [TEST_STEP][PASSED] - verifyElementText(findTestObject("Object Repository/Specific Cases Repository/LS/Client Profile/Discharge Planning/Discharge Summary/Page_Client Profile/td_Automation Multiple Programs"), "Automation Multiple Programs"): Actual text and expected text of test object 'Object Repository/Specific Cases Repository/LS/Client Profile/Discharge Planning/Discharge Summary/Page_Client Profile/td_Automation Multiple Programs' are matched.

28-01-2025T18:12:23 - [MESSAGE][PASSED] - Actual text and expected text of test object 'Object Repository/Specific Cases Repository/LS/Client Profile/Discharge Planning/Discharge Summary/Page_Client Profile/td_Automation Multiple Programs' are matched.

28-01-2025T18:12:23 - [TEST_STEP][PASSED] - verifyElementText(findTestObject("Object Repository/Specific Cases Repository/LS/Client Profile/Discharge Planning/Discharge Summary/Page_Client Profile/td_Completed"), "Completed"): Actual text and expected text of test object 'Object Repository/Specific Cases Repository/LS/Client Profile/Discharge Planning/Discharge Summary/Page_Client Profile/td_Completed' are matched.

28-01-2025T18:12:23 - [MESSAGE][PASSED] - Actual text and expected text of test object 'Object Repository/Specific Cases Repository/LS/Client Profile/Discharge Planning/Discharge Summary/Page_Client Profile/td_Completed' are matched.

28-01-2025T18:12:23 - [TEST_STEP][PASSED] - click(findTestObject("Object Repository/Specific Cases Repository/LS/Client Profile/Discharge Planning/Discharge Summary/Page_Client Profile/a_Completed_btn btn-primary btn-raised btn-sm")): Object: 'Object Repository/Specific Cases Repository/LS/Client Profile/Discharge Planning/Discharge Summary/Page_Client Profile/a_Completed_btn btn-primary btn-raised btn-sm' is clicked on

28-01-2025T18:12:25 - [MESSAGE][PASSED] - Object: 'Object Repository/Specific Cases Repository/LS/Client Profile/Discharge Planning/Discharge Summary/Page_Client Profile/a_Completed_btn btn-primary btn-raised btn-sm' is clicked on

28-01-2025T18:12:25 - [TEST_STEP][PASSED] - click(findTestObject("Object Repository/Specific Cases Repository/LS/Client Profile/Discharge Planning/Discharge Summary/Page_Discharge Summary/input_Entered in Error_iseie")): Object: 'Object Repository/Specific Cases Repository/LS/Client Profile/Discharge Planning/Discharge Summary/Page_Discharge Summary/input_Entered in Error_iseie' is clicked on

28-01-2025T18:12:26 - [MESSAGE][PASSED] - Object: 'Object Repository/Specific Cases Repository/LS/Client Profile/Discharge Planning/Discharge Summary/Page_Discharge Summary/input_Entered in Error_iseie' is clicked on

28-01-2025T18:12:26 - [TEST_STEP][PASSED] - setText(findTestObject("Object Repository/Specific Cases Repository/LS/Client Profile/Discharge Planning/Discharge Summary/Page_Discharge Summary/input_Reason_eiereason"), "Automation Test"): Text 'Automation Test' is set on object 'Object Repository/Specific Cases Repository/LS/Client Profile/Discharge Planning/Discharge Summary/Page_Discharge Summary/input_Reason_eiereason'

28-01-2025T18:12:27 - [MESSAGE][PASSED] - Text 'Automation Test' is set on object 'Object Repository/Specific Cases Repository/LS/Client Profile/Discharge Planning/Discharge Summary/Page_Discharge Summary/input_Reason_eiereason'

28-01-2025T18:12:27 - [TEST_STEP][PASSED] - click(findTestObject("Object Repository/Specific Cases Repository/LS/Client Profile/Discharge Planning/Discharge Summary/Page_Discharge Summary/button_Mark as Error")): Object: 'Object Repository/Specific Cases Repository/LS/Client Profile/Discharge Planning/Discharge Summary/Page_Discharge Summary/button_Mark as Error' is clicked on

28-01-2025T18:12:27 - [MESSAGE][PASSED] - Object: 'Object Repository/Specific Cases Repository/LS/Client Profile/Discharge Planning/Discharge Summary/Page_Discharge Summary/button_Mark as Error' is clicked on

28-01-2025T18:12:27 - [TEST_STEP][PASSED] - closeBrowser(): Browser is closed

28-01-2025T18:12:28 - [MESSAGE][PASSED] - Browser is closed]]></system-out>
         <system-err><![CDATA[]]></system-err>
      </testcase>
      <testcase name="Test Cases/Specific Cases/LS/Client Profile/Treatment Planning/Treatment Plans" time="69.154" classname="Test Cases/Specific Cases/LS/Client Profile/Treatment Planning/Treatment Plans" status="PASSED">
         <system-out><![CDATA[28-01-2025T18:12:28 - [TEST_CASE][PASSED] - Test Cases/Specific Cases/LS/Client Profile/Treatment Planning/Treatment Plans: Test Cases/Specific Cases/LS/Client Profile/Treatment Planning/Treatment Plans

28-01-2025T18:12:28 - [TEST_STEP][PASSED] - callTestCase(findTestCase("Common Cases/Login"), [:], STOP_ON_FAILURE): Call Test Case 'Test Cases/Common Cases/Login' successfully

28-01-2025T18:12:28 - [TEST_CASE][PASSED] - Test Cases/Common Cases/Login: Test Cases/Common Cases/Login

28-01-2025T18:12:28 - [TEST_STEP][PASSED] - openBrowser(""): Browser is opened with url: ''

28-01-2025T18:12:28 - [MESSAGE][INFO] - Starting 'Chrome' driver

28-01-2025T18:12:28 - [MESSAGE][INFO] - Action delay is set to 0 milliseconds

28-01-2025T18:12:28 - [MESSAGE][PASSED] - Browser is opened with url: ''

28-01-2025T18:12:28 - [TEST_STEP][PASSED] - maximizeWindow(): Current window maximized

28-01-2025T18:12:28 - [MESSAGE][PASSED] - Current window maximized

28-01-2025T18:12:28 - [TEST_STEP][PASSED] - navigateToUrl("https://site17.lsapp.cloud/auth/login"): Navigate to 'https://site17.lsapp.cloud/auth/login' successfully

28-01-2025T18:12:32 - [MESSAGE][PASSED] - Navigate to 'https://site17.lsapp.cloud/auth/login' successfully

28-01-2025T18:12:32 - [TEST_STEP][PASSED] - setText(findTestObject("Object Repository/Common Cases Repository/Login/Page_Lightning Step/input_Email_email"), "automation@lightningstep.com"): Text 'automation@lightningstep.com' is set on object 'Object Repository/Common Cases Repository/Login/Page_Lightning Step/input_Email_email'

28-01-2025T18:12:33 - [MESSAGE][PASSED] - Text 'automation@lightningstep.com' is set on object 'Object Repository/Common Cases Repository/Login/Page_Lightning Step/input_Email_email'

28-01-2025T18:12:33 - [TEST_STEP][PASSED] - setEncryptedText(findTestObject("Object Repository/Common Cases Repository/Login/Page_Lightning Step/input_Password_password"), "e5N8VHmnhJDITtQaQhDQDw=="): Text ****** has been set on object 'Object Repository/Common Cases Repository/Login/Page_Lightning Step/input_Password_password'

28-01-2025T18:12:34 - [MESSAGE][PASSED] - Text ****** has been set on object 'Object Repository/Common Cases Repository/Login/Page_Lightning Step/input_Password_password'

28-01-2025T18:12:34 - [TEST_STEP][PASSED] - click(findTestObject("Object Repository/Common Cases Repository/Login/Page_Lightning Step/button_Sign in")): Object: 'Object Repository/Common Cases Repository/Login/Page_Lightning Step/button_Sign in' is clicked on

28-01-2025T18:12:39 - [MESSAGE][PASSED] - Object: 'Object Repository/Common Cases Repository/Login/Page_Lightning Step/button_Sign in' is clicked on

28-01-2025T18:12:39 - [MESSAGE][PASSED] - Call Test Case 'Test Cases/Common Cases/Login' successfully

28-01-2025T18:12:39 - [TEST_STEP][PASSED] - navigateToUrl("https://site17.lsapp.cloud/client/index/1556?section=txplan"): Navigate to 'https://site17.lsapp.cloud/client/index/1556?section=txplan' successfully

28-01-2025T18:12:46 - [MESSAGE][PASSED] - Navigate to 'https://site17.lsapp.cloud/client/index/1556?section=txplan' successfully

28-01-2025T18:12:46 - [TEST_STEP][PASSED] - click(findTestObject("Object Repository/Specific Cases Repository/LS/Client Profile/Treatment Planning/Treatment Plans/Page_Client Profile/i_add")): Object: 'Object Repository/Specific Cases Repository/LS/Client Profile/Treatment Planning/Treatment Plans/Page_Client Profile/i_add' is clicked on

28-01-2025T18:12:50 - [MESSAGE][PASSED] - Object: 'Object Repository/Specific Cases Repository/LS/Client Profile/Treatment Planning/Treatment Plans/Page_Client Profile/i_add' is clicked on

28-01-2025T18:12:50 - [TEST_STEP][PASSED] - click(findTestObject("Object Repository/Specific Cases Repository/LS/Client Profile/Treatment Planning/Treatment Plans/Page_Treatment Plan/button_ProblemGoal")): Object: 'Object Repository/Specific Cases Repository/LS/Client Profile/Treatment Planning/Treatment Plans/Page_Treatment Plan/button_ProblemGoal' is clicked on

28-01-2025T18:12:51 - [MESSAGE][PASSED] - Object: 'Object Repository/Specific Cases Repository/LS/Client Profile/Treatment Planning/Treatment Plans/Page_Treatment Plan/button_ProblemGoal' is clicked on

28-01-2025T18:12:51 - [TEST_STEP][PASSED] - selectOptionByValue(findTestObject("Object Repository/Specific Cases Repository/LS/Client Profile/Treatment Planning/Treatment Plans/Page_Treatment Plan/select_-- Select Category --               _86aaf1"), "4", true): All options with value '4' are selected in object 'Object Repository/Specific Cases Repository/LS/Client Profile/Treatment Planning/Treatment Plans/Page_Treatment Plan/select_-- Select Category --               _86aaf1'  using regular expression

28-01-2025T18:12:53 - [MESSAGE][PASSED] - All options with value '4' are selected in object 'Object Repository/Specific Cases Repository/LS/Client Profile/Treatment Planning/Treatment Plans/Page_Treatment Plan/select_-- Select Category --               _86aaf1'  using regular expression

28-01-2025T18:12:53 - [TEST_STEP][PASSED] - setText(findTestObject("Object Repository/Specific Cases Repository/LS/Client Profile/Treatment Planning/Treatment Plans/Page_Treatment Plan/input_Problem_problem_add"), "Suicide Ideation"): Text 'Suicide Ideation' is set on object 'Object Repository/Specific Cases Repository/LS/Client Profile/Treatment Planning/Treatment Plans/Page_Treatment Plan/input_Problem_problem_add'

28-01-2025T18:12:54 - [MESSAGE][PASSED] - Text 'Suicide Ideation' is set on object 'Object Repository/Specific Cases Repository/LS/Client Profile/Treatment Planning/Treatment Plans/Page_Treatment Plan/input_Problem_problem_add'

28-01-2025T18:12:54 - [TEST_STEP][PASSED] - setText(findTestObject("Object Repository/Specific Cases Repository/LS/Client Profile/Treatment Planning/Treatment Plans/Page_Treatment Plan/textarea_Goal_goal"), "Automation Goal"): Text 'Automation Goal' is set on object 'Object Repository/Specific Cases Repository/LS/Client Profile/Treatment Planning/Treatment Plans/Page_Treatment Plan/textarea_Goal_goal'

28-01-2025T18:12:55 - [MESSAGE][PASSED] - Text 'Automation Goal' is set on object 'Object Repository/Specific Cases Repository/LS/Client Profile/Treatment Planning/Treatment Plans/Page_Treatment Plan/textarea_Goal_goal'

28-01-2025T18:12:55 - [TEST_STEP][PASSED] - click(findTestObject("Object Repository/Specific Cases Repository/LS/Client Profile/Treatment Planning/Treatment Plans/Page_Treatment Plan/button_Save")): Object: 'Object Repository/Specific Cases Repository/LS/Client Profile/Treatment Planning/Treatment Plans/Page_Treatment Plan/button_Save' is clicked on

28-01-2025T18:12:55 - [MESSAGE][PASSED] - Object: 'Object Repository/Specific Cases Repository/LS/Client Profile/Treatment Planning/Treatment Plans/Page_Treatment Plan/button_Save' is clicked on

28-01-2025T18:12:55 - [TEST_STEP][PASSED] - verifyElementText(findTestObject("Object Repository/Specific Cases Repository/LS/Client Profile/Treatment Planning/Treatment Plans/Page_Treatment Plan/td_Suicide Ideation"), "Suicide Ideation"): Actual text and expected text of test object 'Object Repository/Specific Cases Repository/LS/Client Profile/Treatment Planning/Treatment Plans/Page_Treatment Plan/td_Suicide Ideation' are matched.

28-01-2025T18:12:57 - [MESSAGE][PASSED] - Actual text and expected text of test object 'Object Repository/Specific Cases Repository/LS/Client Profile/Treatment Planning/Treatment Plans/Page_Treatment Plan/td_Suicide Ideation' are matched.

28-01-2025T18:12:57 - [TEST_STEP][PASSED] - click(findTestObject("Object Repository/Specific Cases Repository/LS/Client Profile/Treatment Planning/Treatment Plans/Page_Treatment Plan/i_ProblemGoal_fa fa-plus")): Object: 'Object Repository/Specific Cases Repository/LS/Client Profile/Treatment Planning/Treatment Plans/Page_Treatment Plan/i_ProblemGoal_fa fa-plus' is clicked on

28-01-2025T18:12:57 - [MESSAGE][PASSED] - Object: 'Object Repository/Specific Cases Repository/LS/Client Profile/Treatment Planning/Treatment Plans/Page_Treatment Plan/i_ProblemGoal_fa fa-plus' is clicked on

28-01-2025T18:12:57 - [TEST_STEP][PASSED] - selectOptionByValue(findTestObject("Object Repository/Specific Cases Repository/LS/Client Profile/Treatment Planning/Treatment Plans/Page_Treatment Plan/select_--Select-Category--                 _bb00be"), "4", true): All options with value '4' are selected in object 'Object Repository/Specific Cases Repository/LS/Client Profile/Treatment Planning/Treatment Plans/Page_Treatment Plan/select_--Select-Category--                 _bb00be'  using regular expression

28-01-2025T18:12:58 - [MESSAGE][PASSED] - All options with value '4' are selected in object 'Object Repository/Specific Cases Repository/LS/Client Profile/Treatment Planning/Treatment Plans/Page_Treatment Plan/select_--Select-Category--                 _bb00be'  using regular expression

28-01-2025T18:12:58 - [TEST_STEP][PASSED] - click(findTestObject("Object Repository/Specific Cases Repository/LS/Client Profile/Treatment Planning/Treatment Plans/Page_Treatment Plan/p_Client will complete an SI risk assessmen_bacf5f")): Object: 'Object Repository/Specific Cases Repository/LS/Client Profile/Treatment Planning/Treatment Plans/Page_Treatment Plan/p_Client will complete an SI risk assessmen_bacf5f' is clicked on

28-01-2025T18:12:59 - [MESSAGE][PASSED] - Object: 'Object Repository/Specific Cases Repository/LS/Client Profile/Treatment Planning/Treatment Plans/Page_Treatment Plan/p_Client will complete an SI risk assessmen_bacf5f' is clicked on

28-01-2025T18:12:59 - [TEST_STEP][PASSED] - click(findTestObject("Object Repository/Specific Cases Repository/LS/Client Profile/Treatment Planning/Treatment Plans/Page_Treatment Plan/button_Save_1")): Object: 'Object Repository/Specific Cases Repository/LS/Client Profile/Treatment Planning/Treatment Plans/Page_Treatment Plan/button_Save_1' is clicked on

28-01-2025T18:13:00 - [MESSAGE][PASSED] - Object: 'Object Repository/Specific Cases Repository/LS/Client Profile/Treatment Planning/Treatment Plans/Page_Treatment Plan/button_Save_1' is clicked on

28-01-2025T18:13:00 - [TEST_STEP][PASSED] - verifyElementText(findTestObject("Object Repository/Specific Cases Repository/LS/Client Profile/Treatment Planning/Treatment Plans/Page_Treatment Plan/td_Client will complete an SI risk assessme_38b1cb"), "Client will complete an SI risk assessment half way through treatment and discuss any SI as it comes up"): Actual text and expected text of test object 'Object Repository/Specific Cases Repository/LS/Client Profile/Treatment Planning/Treatment Plans/Page_Treatment Plan/td_Client will complete an SI risk assessme_38b1cb' are matched.

28-01-2025T18:13:01 - [MESSAGE][PASSED] - Actual text and expected text of test object 'Object Repository/Specific Cases Repository/LS/Client Profile/Treatment Planning/Treatment Plans/Page_Treatment Plan/td_Client will complete an SI risk assessme_38b1cb' are matched.

28-01-2025T18:13:01 - [TEST_STEP][PASSED] - click(findTestObject("Object Repository/Specific Cases Repository/LS/Client Profile/Treatment Planning/Treatment Plans/Page_Treatment Plan/a_Individualized Assessment")): Object: 'Object Repository/Specific Cases Repository/LS/Client Profile/Treatment Planning/Treatment Plans/Page_Treatment Plan/a_Individualized Assessment' is clicked on

28-01-2025T18:13:02 - [MESSAGE][PASSED] - Object: 'Object Repository/Specific Cases Repository/LS/Client Profile/Treatment Planning/Treatment Plans/Page_Treatment Plan/a_Individualized Assessment' is clicked on

28-01-2025T18:13:02 - [TEST_STEP][PASSED] - setText(findTestObject("Object Repository/Specific Cases Repository/LS/Client Profile/Treatment Planning/Treatment Plans/Page_Treatment Plan/textarea_Client Strengths_strengths"), "Automation Client Strengths"): Text 'Automation Client Strengths' is set on object 'Object Repository/Specific Cases Repository/LS/Client Profile/Treatment Planning/Treatment Plans/Page_Treatment Plan/textarea_Client Strengths_strengths'

28-01-2025T18:13:02 - [MESSAGE][PASSED] - Text 'Automation Client Strengths' is set on object 'Object Repository/Specific Cases Repository/LS/Client Profile/Treatment Planning/Treatment Plans/Page_Treatment Plan/textarea_Client Strengths_strengths'

28-01-2025T18:13:02 - [TEST_STEP][PASSED] - setText(findTestObject("Object Repository/Specific Cases Repository/LS/Client Profile/Treatment Planning/Treatment Plans/Page_Treatment Plan/textarea_Client NeedsLimitations_needs"), "Automation Client Needs"): Text 'Automation Client Needs' is set on object 'Object Repository/Specific Cases Repository/LS/Client Profile/Treatment Planning/Treatment Plans/Page_Treatment Plan/textarea_Client NeedsLimitations_needs'

28-01-2025T18:13:03 - [MESSAGE][PASSED] - Text 'Automation Client Needs' is set on object 'Object Repository/Specific Cases Repository/LS/Client Profile/Treatment Planning/Treatment Plans/Page_Treatment Plan/textarea_Client NeedsLimitations_needs'

28-01-2025T18:13:03 - [TEST_STEP][PASSED] - setText(findTestObject("Object Repository/Specific Cases Repository/LS/Client Profile/Treatment Planning/Treatment Plans/Page_Treatment Plan/textarea_Client Abilities_abilities"), "Automation Client Abilities"): Text 'Automation Client Abilities' is set on object 'Object Repository/Specific Cases Repository/LS/Client Profile/Treatment Planning/Treatment Plans/Page_Treatment Plan/textarea_Client Abilities_abilities'

28-01-2025T18:13:04 - [MESSAGE][PASSED] - Text 'Automation Client Abilities' is set on object 'Object Repository/Specific Cases Repository/LS/Client Profile/Treatment Planning/Treatment Plans/Page_Treatment Plan/textarea_Client Abilities_abilities'

28-01-2025T18:13:04 - [TEST_STEP][PASSED] - setText(findTestObject("Object Repository/Specific Cases Repository/LS/Client Profile/Treatment Planning/Treatment Plans/Page_Treatment Plan/textarea_Client Preferences_preferences"), "Automation Preferences"): Text 'Automation Preferences' is set on object 'Object Repository/Specific Cases Repository/LS/Client Profile/Treatment Planning/Treatment Plans/Page_Treatment Plan/textarea_Client Preferences_preferences'

28-01-2025T18:13:05 - [MESSAGE][PASSED] - Text 'Automation Preferences' is set on object 'Object Repository/Specific Cases Repository/LS/Client Profile/Treatment Planning/Treatment Plans/Page_Treatment Plan/textarea_Client Preferences_preferences'

28-01-2025T18:13:05 - [TEST_STEP][PASSED] - click(findTestObject("Object Repository/Specific Cases Repository/LS/Client Profile/Treatment Planning/Treatment Plans/Page_Treatment Plan/a_Discharge Planning")): Object: 'Object Repository/Specific Cases Repository/LS/Client Profile/Treatment Planning/Treatment Plans/Page_Treatment Plan/a_Discharge Planning' is clicked on

28-01-2025T18:13:06 - [MESSAGE][PASSED] - Object: 'Object Repository/Specific Cases Repository/LS/Client Profile/Treatment Planning/Treatment Plans/Page_Treatment Plan/a_Discharge Planning' is clicked on

28-01-2025T18:13:06 - [TEST_STEP][PASSED] - click(findTestObject("Object Repository/Specific Cases Repository/LS/Client Profile/Treatment Planning/Treatment Plans/Page_Treatment Plan/a_Involvement in Discharge Planning")): Object: 'Object Repository/Specific Cases Repository/LS/Client Profile/Treatment Planning/Treatment Plans/Page_Treatment Plan/a_Involvement in Discharge Planning' is clicked on

28-01-2025T18:13:07 - [MESSAGE][PASSED] - Object: 'Object Repository/Specific Cases Repository/LS/Client Profile/Treatment Planning/Treatment Plans/Page_Treatment Plan/a_Involvement in Discharge Planning' is clicked on

28-01-2025T18:13:07 - [TEST_STEP][PASSED] - setText(findTestObject("Object Repository/Specific Cases Repository/LS/Client Profile/Treatment Planning/Treatment Plans/Page_Treatment Plan/textarea_Anticipated Plan Post-Discharge_tx_dafd1a"), "Automation Anticipated Plan"): Text 'Automation Anticipated Plan' is set on object 'Object Repository/Specific Cases Repository/LS/Client Profile/Treatment Planning/Treatment Plans/Page_Treatment Plan/textarea_Anticipated Plan Post-Discharge_tx_dafd1a'

28-01-2025T18:13:07 - [MESSAGE][PASSED] - Text 'Automation Anticipated Plan' is set on object 'Object Repository/Specific Cases Repository/LS/Client Profile/Treatment Planning/Treatment Plans/Page_Treatment Plan/textarea_Anticipated Plan Post-Discharge_tx_dafd1a'

28-01-2025T18:13:07 - [TEST_STEP][PASSED] - setText(findTestObject("Object Repository/Specific Cases Repository/LS/Client Profile/Treatment Planning/Treatment Plans/Page_Treatment Plan/textarea_Client Involvement in Discharge Pl_548c36"), "Automation Client Involvement"): Text 'Automation Client Involvement' is set on object 'Object Repository/Specific Cases Repository/LS/Client Profile/Treatment Planning/Treatment Plans/Page_Treatment Plan/textarea_Client Involvement in Discharge Pl_548c36'

28-01-2025T18:13:08 - [MESSAGE][PASSED] - Text 'Automation Client Involvement' is set on object 'Object Repository/Specific Cases Repository/LS/Client Profile/Treatment Planning/Treatment Plans/Page_Treatment Plan/textarea_Client Involvement in Discharge Pl_548c36'

28-01-2025T18:13:08 - [TEST_STEP][PASSED] - setText(findTestObject("Object Repository/Specific Cases Repository/LS/Client Profile/Treatment Planning/Treatment Plans/Page_Treatment Plan/textarea_Family Involvement in Discharge Pl_020026"), "Automation Family"): Text 'Automation Family' is set on object 'Object Repository/Specific Cases Repository/LS/Client Profile/Treatment Planning/Treatment Plans/Page_Treatment Plan/textarea_Family Involvement in Discharge Pl_020026'

28-01-2025T18:13:09 - [MESSAGE][PASSED] - Text 'Automation Family' is set on object 'Object Repository/Specific Cases Repository/LS/Client Profile/Treatment Planning/Treatment Plans/Page_Treatment Plan/textarea_Family Involvement in Discharge Pl_020026'

28-01-2025T18:13:09 - [TEST_STEP][PASSED] - click(findTestObject("Object Repository/Specific Cases Repository/LS/Client Profile/Treatment Planning/Treatment Plans/Page_Treatment Plan/a_Issues Requiring Attention in Aftercare")): Object: 'Object Repository/Specific Cases Repository/LS/Client Profile/Treatment Planning/Treatment Plans/Page_Treatment Plan/a_Issues Requiring Attention in Aftercare' is clicked on

28-01-2025T18:13:10 - [MESSAGE][PASSED] - Object: 'Object Repository/Specific Cases Repository/LS/Client Profile/Treatment Planning/Treatment Plans/Page_Treatment Plan/a_Issues Requiring Attention in Aftercare' is clicked on

28-01-2025T18:13:10 - [TEST_STEP][PASSED] - setText(findTestObject("Object Repository/Specific Cases Repository/LS/Client Profile/Treatment Planning/Treatment Plans/Page_Treatment Plan/textarea_Clinical Issues_txtaftercare"), "Automation Client Issues"): Text 'Automation Client Issues' is set on object 'Object Repository/Specific Cases Repository/LS/Client Profile/Treatment Planning/Treatment Plans/Page_Treatment Plan/textarea_Clinical Issues_txtaftercare'

28-01-2025T18:13:11 - [MESSAGE][PASSED] - Text 'Automation Client Issues' is set on object 'Object Repository/Specific Cases Repository/LS/Client Profile/Treatment Planning/Treatment Plans/Page_Treatment Plan/textarea_Clinical Issues_txtaftercare'

28-01-2025T18:13:11 - [TEST_STEP][PASSED] - setText(findTestObject("Object Repository/Specific Cases Repository/LS/Client Profile/Treatment Planning/Treatment Plans/Page_Treatment Plan/textarea_Medical Issues_txtmedical"), "Automation Medical Issues"): Text 'Automation Medical Issues' is set on object 'Object Repository/Specific Cases Repository/LS/Client Profile/Treatment Planning/Treatment Plans/Page_Treatment Plan/textarea_Medical Issues_txtmedical'

28-01-2025T18:13:12 - [MESSAGE][PASSED] - Text 'Automation Medical Issues' is set on object 'Object Repository/Specific Cases Repository/LS/Client Profile/Treatment Planning/Treatment Plans/Page_Treatment Plan/textarea_Medical Issues_txtmedical'

28-01-2025T18:13:12 - [TEST_STEP][PASSED] - setText(findTestObject("Object Repository/Specific Cases Repository/LS/Client Profile/Treatment Planning/Treatment Plans/Page_Treatment Plan/textarea_Psychiatric Issues_txtpsychiatric"), "Automation Psychiatric"): Text 'Automation Psychiatric' is set on object 'Object Repository/Specific Cases Repository/LS/Client Profile/Treatment Planning/Treatment Plans/Page_Treatment Plan/textarea_Psychiatric Issues_txtpsychiatric'

28-01-2025T18:13:13 - [MESSAGE][PASSED] - Text 'Automation Psychiatric' is set on object 'Object Repository/Specific Cases Repository/LS/Client Profile/Treatment Planning/Treatment Plans/Page_Treatment Plan/textarea_Psychiatric Issues_txtpsychiatric'

28-01-2025T18:13:13 - [TEST_STEP][PASSED] - click(findTestObject("Object Repository/Specific Cases Repository/LS/Client Profile/Treatment Planning/Treatment Plans/Page_Treatment Plan/a_Discharge Criteria")): Object: 'Object Repository/Specific Cases Repository/LS/Client Profile/Treatment Planning/Treatment Plans/Page_Treatment Plan/a_Discharge Criteria' is clicked on

28-01-2025T18:13:14 - [MESSAGE][PASSED] - Object: 'Object Repository/Specific Cases Repository/LS/Client Profile/Treatment Planning/Treatment Plans/Page_Treatment Plan/a_Discharge Criteria' is clicked on

28-01-2025T18:13:14 - [TEST_STEP][PASSED] - setText(findTestObject("Object Repository/Specific Cases Repository/LS/Client Profile/Treatment Planning/Treatment Plans/Page_Treatment Plan/textarea_Discharge Criteria_txtdccriteria"), "Automation Discharge"): Text 'Automation Discharge' is set on object 'Object Repository/Specific Cases Repository/LS/Client Profile/Treatment Planning/Treatment Plans/Page_Treatment Plan/textarea_Discharge Criteria_txtdccriteria'

28-01-2025T18:13:15 - [MESSAGE][PASSED] - Text 'Automation Discharge' is set on object 'Object Repository/Specific Cases Repository/LS/Client Profile/Treatment Planning/Treatment Plans/Page_Treatment Plan/textarea_Discharge Criteria_txtdccriteria'

28-01-2025T18:13:15 - [TEST_STEP][PASSED] - click(findTestObject("Object Repository/Specific Cases Repository/LS/Client Profile/Treatment Planning/Treatment Plans/Page_Treatment Plan/a_Plan Signatures")): Object: 'Object Repository/Specific Cases Repository/LS/Client Profile/Treatment Planning/Treatment Plans/Page_Treatment Plan/a_Plan Signatures' is clicked on

28-01-2025T18:13:15 - [MESSAGE][PASSED] - Object: 'Object Repository/Specific Cases Repository/LS/Client Profile/Treatment Planning/Treatment Plans/Page_Treatment Plan/a_Plan Signatures' is clicked on

28-01-2025T18:13:15 - [TEST_STEP][PASSED] - click(findTestObject("Object Repository/Specific Cases Repository/LS/Client Profile/Treatment Planning/Treatment Plans/Page_Treatment Plan/span_Client I have participated in the deve_369a9b")): Object: 'Object Repository/Specific Cases Repository/LS/Client Profile/Treatment Planning/Treatment Plans/Page_Treatment Plan/span_Client I have participated in the deve_369a9b' is clicked on

28-01-2025T18:13:16 - [MESSAGE][PASSED] - Object: 'Object Repository/Specific Cases Repository/LS/Client Profile/Treatment Planning/Treatment Plans/Page_Treatment Plan/span_Client I have participated in the deve_369a9b' is clicked on

28-01-2025T18:13:16 - [TEST_STEP][PASSED] - click(findTestObject("Object Repository/Specific Cases Repository/LS/Client Profile/Treatment Planning/Treatment Plans/Page_Treatment Plan/canvas_Sign with TopazReset_jSignature")): Object: 'Object Repository/Specific Cases Repository/LS/Client Profile/Treatment Planning/Treatment Plans/Page_Treatment Plan/canvas_Sign with TopazReset_jSignature' is clicked on

28-01-2025T18:13:17 - [MESSAGE][PASSED] - Object: 'Object Repository/Specific Cases Repository/LS/Client Profile/Treatment Planning/Treatment Plans/Page_Treatment Plan/canvas_Sign with TopazReset_jSignature' is clicked on

28-01-2025T18:13:17 - [TEST_STEP][PASSED] - click(findTestObject("Object Repository/Specific Cases Repository/LS/Client Profile/Treatment Planning/Treatment Plans/Page_Treatment Plan/i_Save Client Signature")): Object: 'Object Repository/Specific Cases Repository/LS/Client Profile/Treatment Planning/Treatment Plans/Page_Treatment Plan/i_Save Client Signature' is clicked on

28-01-2025T18:13:17 - [MESSAGE][PASSED] - Object: 'Object Repository/Specific Cases Repository/LS/Client Profile/Treatment Planning/Treatment Plans/Page_Treatment Plan/i_Save Client Signature' is clicked on

28-01-2025T18:13:17 - [TEST_STEP][PASSED] - click(findTestObject("Object Repository/Specific Cases Repository/LS/Client Profile/Treatment Planning/Treatment Plans/Page_Treatment Plan/i_Save Staff Signature")): Object: 'Object Repository/Specific Cases Repository/LS/Client Profile/Treatment Planning/Treatment Plans/Page_Treatment Plan/i_Save Staff Signature' is clicked on

28-01-2025T18:13:18 - [MESSAGE][PASSED] - Object: 'Object Repository/Specific Cases Repository/LS/Client Profile/Treatment Planning/Treatment Plans/Page_Treatment Plan/i_Save Staff Signature' is clicked on

28-01-2025T18:13:18 - [TEST_STEP][PASSED] - click(findTestObject("Object Repository/Specific Cases Repository/LS/Client Profile/Treatment Planning/Treatment Plans/Page_Treatment Plan/i_Save MD Signature")): Object: 'Object Repository/Specific Cases Repository/LS/Client Profile/Treatment Planning/Treatment Plans/Page_Treatment Plan/i_Save MD Signature' is clicked on

28-01-2025T18:13:19 - [MESSAGE][PASSED] - Object: 'Object Repository/Specific Cases Repository/LS/Client Profile/Treatment Planning/Treatment Plans/Page_Treatment Plan/i_Save MD Signature' is clicked on

28-01-2025T18:13:19 - [TEST_STEP][PASSED] - navigateToUrl("https://site17.lsapp.cloud/client/index/1556?section=txplan"): Navigate to 'https://site17.lsapp.cloud/client/index/1556?section=txplan' successfully

28-01-2025T18:13:24 - [MESSAGE][PASSED] - Navigate to 'https://site17.lsapp.cloud/client/index/1556?section=txplan' successfully

28-01-2025T18:13:24 - [TEST_STEP][PASSED] - verifyElementText(findTestObject("Object Repository/Specific Cases Repository/LS/Client Profile/Treatment Planning/Treatment Plans/Page_Client Profile/td_12032024"), Todays_Date): Actual text and expected text of test object 'Object Repository/Specific Cases Repository/LS/Client Profile/Treatment Planning/Treatment Plans/Page_Client Profile/td_12032024' are matched.

28-01-2025T18:13:25 - [MESSAGE][PASSED] - Actual text and expected text of test object 'Object Repository/Specific Cases Repository/LS/Client Profile/Treatment Planning/Treatment Plans/Page_Client Profile/td_12032024' are matched.

28-01-2025T18:13:25 - [TEST_STEP][PASSED] - click(findTestObject("Object Repository/Specific Cases Repository/LS/Client Profile/Treatment Planning/Treatment Plans/Page_Client Profile/i_Read Only_fa fa-pencil")): Object: 'Object Repository/Specific Cases Repository/LS/Client Profile/Treatment Planning/Treatment Plans/Page_Client Profile/i_Read Only_fa fa-pencil' is clicked on

28-01-2025T18:13:28 - [MESSAGE][PASSED] - Object: 'Object Repository/Specific Cases Repository/LS/Client Profile/Treatment Planning/Treatment Plans/Page_Client Profile/i_Read Only_fa fa-pencil' is clicked on

28-01-2025T18:13:28 - [TEST_STEP][PASSED] - click(findTestObject("Object Repository/Specific Cases Repository/LS/Client Profile/Treatment Planning/Treatment Plans/Page_Treatment Plan/a_Plan Signatures")): Object: 'Object Repository/Specific Cases Repository/LS/Client Profile/Treatment Planning/Treatment Plans/Page_Treatment Plan/a_Plan Signatures' is clicked on

28-01-2025T18:13:29 - [MESSAGE][PASSED] - Object: 'Object Repository/Specific Cases Repository/LS/Client Profile/Treatment Planning/Treatment Plans/Page_Treatment Plan/a_Plan Signatures' is clicked on

28-01-2025T18:13:29 - [TEST_STEP][PASSED] - click(findTestObject("Object Repository/Specific Cases Repository/LS/Client Profile/Treatment Planning/Treatment Plans/Page_Treatment Plan/input_Entered in Error_iseie")): Object: 'Object Repository/Specific Cases Repository/LS/Client Profile/Treatment Planning/Treatment Plans/Page_Treatment Plan/input_Entered in Error_iseie' is clicked on

28-01-2025T18:13:29 - [MESSAGE][PASSED] - Object: 'Object Repository/Specific Cases Repository/LS/Client Profile/Treatment Planning/Treatment Plans/Page_Treatment Plan/input_Entered in Error_iseie' is clicked on

28-01-2025T18:13:29 - [TEST_STEP][PASSED] - setText(findTestObject("Object Repository/Specific Cases Repository/LS/Client Profile/Treatment Planning/Treatment Plans/Page_Treatment Plan/input_Reason_eiereason"), "Automation Test"): Text 'Automation Test' is set on object 'Object Repository/Specific Cases Repository/LS/Client Profile/Treatment Planning/Treatment Plans/Page_Treatment Plan/input_Reason_eiereason'

28-01-2025T18:13:30 - [MESSAGE][PASSED] - Text 'Automation Test' is set on object 'Object Repository/Specific Cases Repository/LS/Client Profile/Treatment Planning/Treatment Plans/Page_Treatment Plan/input_Reason_eiereason'

28-01-2025T18:13:30 - [TEST_STEP][PASSED] - click(findTestObject("Object Repository/Specific Cases Repository/LS/Client Profile/Treatment Planning/Treatment Plans/Page_Treatment Plan/button_Mark as Error")): Object: 'Object Repository/Specific Cases Repository/LS/Client Profile/Treatment Planning/Treatment Plans/Page_Treatment Plan/button_Mark as Error' is clicked on

28-01-2025T18:13:30 - [MESSAGE][PASSED] - Object: 'Object Repository/Specific Cases Repository/LS/Client Profile/Treatment Planning/Treatment Plans/Page_Treatment Plan/button_Mark as Error' is clicked on

28-01-2025T18:13:30 - [TEST_STEP][PASSED] - click(findTestObject("Object Repository/Specific Cases Repository/LS/Client Profile/Treatment Planning/Treatment Plans/Page_Client Profile/a_Treatment Planning")): Object: 'Object Repository/Specific Cases Repository/LS/Client Profile/Treatment Planning/Treatment Plans/Page_Client Profile/a_Treatment Planning' is clicked on

28-01-2025T18:13:36 - [MESSAGE][PASSED] - Object: 'Object Repository/Specific Cases Repository/LS/Client Profile/Treatment Planning/Treatment Plans/Page_Client Profile/a_Treatment Planning' is clicked on

28-01-2025T18:13:36 - [TEST_STEP][PASSED] - closeBrowser(): Browser is closed

28-01-2025T18:13:37 - [MESSAGE][PASSED] - Browser is closed]]></system-out>
         <system-err><![CDATA[]]></system-err>
      </testcase>
      <testcase name="Test Cases/Specific Cases/LS/Client Profile/Discharge Planning/Treatment Summary" time="54.261" classname="Test Cases/Specific Cases/LS/Client Profile/Discharge Planning/Treatment Summary" status="PASSED">
         <system-out><![CDATA[28-01-2025T18:13:37 - [TEST_CASE][PASSED] - Test Cases/Specific Cases/LS/Client Profile/Discharge Planning/Treatment Summary: Test Cases/Specific Cases/LS/Client Profile/Discharge Planning/Treatment Summary

28-01-2025T18:13:37 - [TEST_STEP][PASSED] - callTestCase(findTestCase("Common Cases/Login"), [:], STOP_ON_FAILURE): Call Test Case 'Test Cases/Common Cases/Login' successfully

28-01-2025T18:13:37 - [TEST_CASE][PASSED] - Test Cases/Common Cases/Login: Test Cases/Common Cases/Login

28-01-2025T18:13:37 - [TEST_STEP][PASSED] - openBrowser(""): Browser is opened with url: ''

28-01-2025T18:13:37 - [MESSAGE][INFO] - Starting 'Chrome' driver

28-01-2025T18:13:37 - [MESSAGE][INFO] - Action delay is set to 0 milliseconds

28-01-2025T18:13:38 - [MESSAGE][PASSED] - Browser is opened with url: ''

28-01-2025T18:13:38 - [TEST_STEP][PASSED] - maximizeWindow(): Current window maximized

28-01-2025T18:13:38 - [MESSAGE][PASSED] - Current window maximized

28-01-2025T18:13:38 - [TEST_STEP][PASSED] - navigateToUrl("https://site17.lsapp.cloud/auth/login"): Navigate to 'https://site17.lsapp.cloud/auth/login' successfully

28-01-2025T18:13:41 - [MESSAGE][PASSED] - Navigate to 'https://site17.lsapp.cloud/auth/login' successfully

28-01-2025T18:13:41 - [TEST_STEP][PASSED] - setText(findTestObject("Object Repository/Common Cases Repository/Login/Page_Lightning Step/input_Email_email"), "automation@lightningstep.com"): Text 'automation@lightningstep.com' is set on object 'Object Repository/Common Cases Repository/Login/Page_Lightning Step/input_Email_email'

28-01-2025T18:13:42 - [MESSAGE][PASSED] - Text 'automation@lightningstep.com' is set on object 'Object Repository/Common Cases Repository/Login/Page_Lightning Step/input_Email_email'

28-01-2025T18:13:42 - [TEST_STEP][PASSED] - setEncryptedText(findTestObject("Object Repository/Common Cases Repository/Login/Page_Lightning Step/input_Password_password"), "e5N8VHmnhJDITtQaQhDQDw=="): Text ****** has been set on object 'Object Repository/Common Cases Repository/Login/Page_Lightning Step/input_Password_password'

28-01-2025T18:13:43 - [MESSAGE][PASSED] - Text ****** has been set on object 'Object Repository/Common Cases Repository/Login/Page_Lightning Step/input_Password_password'

28-01-2025T18:13:43 - [TEST_STEP][PASSED] - click(findTestObject("Object Repository/Common Cases Repository/Login/Page_Lightning Step/button_Sign in")): Object: 'Object Repository/Common Cases Repository/Login/Page_Lightning Step/button_Sign in' is clicked on

28-01-2025T18:13:48 - [MESSAGE][PASSED] - Object: 'Object Repository/Common Cases Repository/Login/Page_Lightning Step/button_Sign in' is clicked on

28-01-2025T18:13:48 - [MESSAGE][PASSED] - Call Test Case 'Test Cases/Common Cases/Login' successfully

28-01-2025T18:13:48 - [TEST_STEP][PASSED] - navigateToUrl("https://site17.lsapp.cloud/client/index/1560?section=dcplan"): Navigate to 'https://site17.lsapp.cloud/client/index/1560?section=dcplan' successfully

28-01-2025T18:13:54 - [MESSAGE][PASSED] - Navigate to 'https://site17.lsapp.cloud/client/index/1560?section=dcplan' successfully

28-01-2025T18:13:54 - [TEST_STEP][PASSED] - click(findTestObject("Object Repository/Specific Cases Repository/LS/Client Profile/Discharge Planning/Treatment Summary/Page_Client Profile/i_add")): Object: 'Object Repository/Specific Cases Repository/LS/Client Profile/Discharge Planning/Treatment Summary/Page_Client Profile/i_add' is clicked on

28-01-2025T18:13:58 - [MESSAGE][PASSED] - Object: 'Object Repository/Specific Cases Repository/LS/Client Profile/Discharge Planning/Treatment Summary/Page_Client Profile/i_add' is clicked on

28-01-2025T18:13:58 - [TEST_STEP][PASSED] - verifyElementText(findTestObject("Object Repository/Specific Cases Repository/LS/Client Profile/Discharge Planning/Treatment Summary/Page_Discharge Summary/input_Primary Diagnosis_pridx"), ""): Actual text and expected text of test object 'Object Repository/Specific Cases Repository/LS/Client Profile/Discharge Planning/Treatment Summary/Page_Discharge Summary/input_Primary Diagnosis_pridx' are matched.

28-01-2025T18:13:58 - [MESSAGE][PASSED] - Actual text and expected text of test object 'Object Repository/Specific Cases Repository/LS/Client Profile/Discharge Planning/Treatment Summary/Page_Discharge Summary/input_Primary Diagnosis_pridx' are matched.

28-01-2025T18:13:58 - [TEST_STEP][PASSED] - verifyElementText(findTestObject("Object Repository/Specific Cases Repository/LS/Client Profile/Discharge Planning/Treatment Summary/Page_Discharge Summary/input_Program Level at Admission_program"), ""): Actual text and expected text of test object 'Object Repository/Specific Cases Repository/LS/Client Profile/Discharge Planning/Treatment Summary/Page_Discharge Summary/input_Program Level at Admission_program' are matched.

28-01-2025T18:13:59 - [MESSAGE][PASSED] - Actual text and expected text of test object 'Object Repository/Specific Cases Repository/LS/Client Profile/Discharge Planning/Treatment Summary/Page_Discharge Summary/input_Program Level at Admission_program' are matched.

28-01-2025T18:13:59 - [TEST_STEP][PASSED] - verifyElementText(findTestObject("Object Repository/Specific Cases Repository/LS/Client Profile/Discharge Planning/Treatment Summary/Page_Discharge Summary/input_Admission Date_dateadmission"), ""): Actual text and expected text of test object 'Object Repository/Specific Cases Repository/LS/Client Profile/Discharge Planning/Treatment Summary/Page_Discharge Summary/input_Admission Date_dateadmission' are matched.

28-01-2025T18:13:59 - [MESSAGE][PASSED] - Actual text and expected text of test object 'Object Repository/Specific Cases Repository/LS/Client Profile/Discharge Planning/Treatment Summary/Page_Discharge Summary/input_Admission Date_dateadmission' are matched.

28-01-2025T18:13:59 - [TEST_STEP][PASSED] - setText(findTestObject("Object Repository/Specific Cases Repository/LS/Client Profile/Discharge Planning/Treatment Summary/Page_Discharge Summary/textarea_Course of Treatment_cotreatment"), "Automation Course of Treatment"): Text 'Automation Course of Treatment' is set on object 'Object Repository/Specific Cases Repository/LS/Client Profile/Discharge Planning/Treatment Summary/Page_Discharge Summary/textarea_Course of Treatment_cotreatment'

28-01-2025T18:14:00 - [MESSAGE][PASSED] - Text 'Automation Course of Treatment' is set on object 'Object Repository/Specific Cases Repository/LS/Client Profile/Discharge Planning/Treatment Summary/Page_Discharge Summary/textarea_Course of Treatment_cotreatment'

28-01-2025T18:14:00 - [TEST_STEP][PASSED] - setText(findTestObject("Object Repository/Specific Cases Repository/LS/Client Profile/Discharge Planning/Treatment Summary/Page_Discharge Summary/textarea_Individual Therapy Highlights and _d21720"), "Automation Individual Therapy Highlights and Goals"): Text 'Automation Individual Therapy Highlights and Goals' is set on object 'Object Repository/Specific Cases Repository/LS/Client Profile/Discharge Planning/Treatment Summary/Page_Discharge Summary/textarea_Individual Therapy Highlights and _d21720'

28-01-2025T18:14:01 - [MESSAGE][PASSED] - Text 'Automation Individual Therapy Highlights and Goals' is set on object 'Object Repository/Specific Cases Repository/LS/Client Profile/Discharge Planning/Treatment Summary/Page_Discharge Summary/textarea_Individual Therapy Highlights and _d21720'

28-01-2025T18:14:01 - [TEST_STEP][PASSED] - setText(findTestObject("Object Repository/Specific Cases Repository/LS/Client Profile/Discharge Planning/Treatment Summary/Page_Discharge Summary/textarea_Counselor Highlights and Goals_cou_c6fc14"), "Automation Counselor Highlights and Goals"): Text 'Automation Counselor Highlights and Goals' is set on object 'Object Repository/Specific Cases Repository/LS/Client Profile/Discharge Planning/Treatment Summary/Page_Discharge Summary/textarea_Counselor Highlights and Goals_cou_c6fc14'

28-01-2025T18:14:02 - [MESSAGE][PASSED] - Text 'Automation Counselor Highlights and Goals' is set on object 'Object Repository/Specific Cases Repository/LS/Client Profile/Discharge Planning/Treatment Summary/Page_Discharge Summary/textarea_Counselor Highlights and Goals_cou_c6fc14'

28-01-2025T18:14:02 - [TEST_STEP][PASSED] - setText(findTestObject("Object Repository/Specific Cases Repository/LS/Client Profile/Discharge Planning/Treatment Summary/Page_Discharge Summary/textarea_FamilyGuardian Participation in Tr_88b102"), "Automation Family/Guardian Participation in Treatment"): Text 'Automation Family/Guardian Participation in Treatment' is set on object 'Object Repository/Specific Cases Repository/LS/Client Profile/Discharge Planning/Treatment Summary/Page_Discharge Summary/textarea_FamilyGuardian Participation in Tr_88b102'

28-01-2025T18:14:03 - [MESSAGE][PASSED] - Text 'Automation Family/Guardian Participation in Treatment' is set on object 'Object Repository/Specific Cases Repository/LS/Client Profile/Discharge Planning/Treatment Summary/Page_Discharge Summary/textarea_FamilyGuardian Participation in Tr_88b102'

28-01-2025T18:14:03 - [TEST_STEP][PASSED] - setText(findTestObject("Object Repository/Specific Cases Repository/LS/Client Profile/Discharge Planning/Treatment Summary/Page_Discharge Summary/textarea_Self Discovery and Resources_selfd_81c42a"), "Automation Self Discovery and Resources"): Text 'Automation Self Discovery and Resources' is set on object 'Object Repository/Specific Cases Repository/LS/Client Profile/Discharge Planning/Treatment Summary/Page_Discharge Summary/textarea_Self Discovery and Resources_selfd_81c42a'

28-01-2025T18:14:04 - [MESSAGE][PASSED] - Text 'Automation Self Discovery and Resources' is set on object 'Object Repository/Specific Cases Repository/LS/Client Profile/Discharge Planning/Treatment Summary/Page_Discharge Summary/textarea_Self Discovery and Resources_selfd_81c42a'

28-01-2025T18:14:04 - [TEST_STEP][PASSED] - setText(findTestObject("Object Repository/Specific Cases Repository/LS/Client Profile/Discharge Planning/Treatment Summary/Page_Discharge Summary/textarea_Psychiatry_psychiatry"), "Automation Psychiatry"): Text 'Automation Psychiatry' is set on object 'Object Repository/Specific Cases Repository/LS/Client Profile/Discharge Planning/Treatment Summary/Page_Discharge Summary/textarea_Psychiatry_psychiatry'

28-01-2025T18:14:05 - [MESSAGE][PASSED] - Text 'Automation Psychiatry' is set on object 'Object Repository/Specific Cases Repository/LS/Client Profile/Discharge Planning/Treatment Summary/Page_Discharge Summary/textarea_Psychiatry_psychiatry'

28-01-2025T18:14:05 - [TEST_STEP][PASSED] - setText(findTestObject("Object Repository/Specific Cases Repository/LS/Client Profile/Discharge Planning/Treatment Summary/Page_Discharge Summary/textarea_Discharge Plan_dcplan"), "Automation Discharge Plan"): Text 'Automation Discharge Plan' is set on object 'Object Repository/Specific Cases Repository/LS/Client Profile/Discharge Planning/Treatment Summary/Page_Discharge Summary/textarea_Discharge Plan_dcplan'

28-01-2025T18:14:06 - [MESSAGE][PASSED] - Text 'Automation Discharge Plan' is set on object 'Object Repository/Specific Cases Repository/LS/Client Profile/Discharge Planning/Treatment Summary/Page_Discharge Summary/textarea_Discharge Plan_dcplan'

28-01-2025T18:14:06 - [TEST_STEP][PASSED] - setText(findTestObject("Object Repository/Specific Cases Repository/LS/Client Profile/Discharge Planning/Treatment Summary/Page_Discharge Summary/textarea_Explanation of Diagnostic Impressi_5c480f"), "Automation Explanation of Diagnostic Impression"): Text 'Automation Explanation of Diagnostic Impression' is set on object 'Object Repository/Specific Cases Repository/LS/Client Profile/Discharge Planning/Treatment Summary/Page_Discharge Summary/textarea_Explanation of Diagnostic Impressi_5c480f'

28-01-2025T18:14:07 - [MESSAGE][PASSED] - Text 'Automation Explanation of Diagnostic Impression' is set on object 'Object Repository/Specific Cases Repository/LS/Client Profile/Discharge Planning/Treatment Summary/Page_Discharge Summary/textarea_Explanation of Diagnostic Impressi_5c480f'

28-01-2025T18:14:07 - [TEST_STEP][PASSED] - setText(findTestObject("Object Repository/Specific Cases Repository/LS/Client Profile/Discharge Planning/Treatment Summary/Page_Discharge Summary/textarea_Outcome Data for Individuals with _21aa50"), "Automation Outcome Data for Individuals with Similar Diagnosis"): Text 'Automation Outcome Data for Individuals with Similar Diagnosis' is set on object 'Object Repository/Specific Cases Repository/LS/Client Profile/Discharge Planning/Treatment Summary/Page_Discharge Summary/textarea_Outcome Data for Individuals with _21aa50'

28-01-2025T18:14:08 - [MESSAGE][PASSED] - Text 'Automation Outcome Data for Individuals with Similar Diagnosis' is set on object 'Object Repository/Specific Cases Repository/LS/Client Profile/Discharge Planning/Treatment Summary/Page_Discharge Summary/textarea_Outcome Data for Individuals with _21aa50'

28-01-2025T18:14:08 - [TEST_STEP][PASSED] - setText(findTestObject("Object Repository/Specific Cases Repository/LS/Client Profile/Discharge Planning/Treatment Summary/Page_Discharge Summary/textarea_Areas for Ongoing Support_ongoingsupport"), "Automation for Ongoing Support"): Text 'Automation for Ongoing Support' is set on object 'Object Repository/Specific Cases Repository/LS/Client Profile/Discharge Planning/Treatment Summary/Page_Discharge Summary/textarea_Areas for Ongoing Support_ongoingsupport'

28-01-2025T18:14:09 - [MESSAGE][PASSED] - Text 'Automation for Ongoing Support' is set on object 'Object Repository/Specific Cases Repository/LS/Client Profile/Discharge Planning/Treatment Summary/Page_Discharge Summary/textarea_Areas for Ongoing Support_ongoingsupport'

28-01-2025T18:14:09 - [TEST_STEP][PASSED] - setText(findTestObject("Object Repository/Specific Cases Repository/LS/Client Profile/Discharge Planning/Treatment Summary/Page_Discharge Summary/textarea_Additional Information_note"), "Automation Additional Information"): Text 'Automation Additional Information' is set on object 'Object Repository/Specific Cases Repository/LS/Client Profile/Discharge Planning/Treatment Summary/Page_Discharge Summary/textarea_Additional Information_note'

28-01-2025T18:14:10 - [MESSAGE][PASSED] - Text 'Automation Additional Information' is set on object 'Object Repository/Specific Cases Repository/LS/Client Profile/Discharge Planning/Treatment Summary/Page_Discharge Summary/textarea_Additional Information_note'

28-01-2025T18:14:10 - [TEST_STEP][PASSED] - click(findTestObject("Object Repository/Specific Cases Repository/LS/Client Profile/Discharge Planning/Treatment Summary/Page_Discharge Summary/span_Sign and Lock_check")): Object: 'Object Repository/Specific Cases Repository/LS/Client Profile/Discharge Planning/Treatment Summary/Page_Discharge Summary/span_Sign and Lock_check' is clicked on

28-01-2025T18:14:11 - [MESSAGE][PASSED] - Object: 'Object Repository/Specific Cases Repository/LS/Client Profile/Discharge Planning/Treatment Summary/Page_Discharge Summary/span_Sign and Lock_check' is clicked on

28-01-2025T18:14:11 - [TEST_STEP][PASSED] - click(findTestObject("Object Repository/Specific Cases Repository/LS/Client Profile/Discharge Planning/Treatment Summary/Page_Discharge Summary/button_Save")): Object: 'Object Repository/Specific Cases Repository/LS/Client Profile/Discharge Planning/Treatment Summary/Page_Discharge Summary/button_Save' is clicked on

28-01-2025T18:14:18 - [MESSAGE][PASSED] - Object: 'Object Repository/Specific Cases Repository/LS/Client Profile/Discharge Planning/Treatment Summary/Page_Discharge Summary/button_Save' is clicked on

28-01-2025T18:14:18 - [TEST_STEP][PASSED] - verifyElementText(findTestObject("Object Repository/Specific Cases Repository/LS/Client Profile/Discharge Planning/Treatment Summary/Page_Client Profile/td_12042024"), Todays_Date): Actual text and expected text of test object 'Object Repository/Specific Cases Repository/LS/Client Profile/Discharge Planning/Treatment Summary/Page_Client Profile/td_12042024' are matched.

28-01-2025T18:14:19 - [MESSAGE][PASSED] - Actual text and expected text of test object 'Object Repository/Specific Cases Repository/LS/Client Profile/Discharge Planning/Treatment Summary/Page_Client Profile/td_12042024' are matched.

28-01-2025T18:14:19 - [TEST_STEP][PASSED] - verifyElementText(findTestObject("Object Repository/Specific Cases Repository/LS/Client Profile/Discharge Planning/Treatment Summary/Page_Client Profile/td_Detoxification"), "Detoxification"): Actual text and expected text of test object 'Object Repository/Specific Cases Repository/LS/Client Profile/Discharge Planning/Treatment Summary/Page_Client Profile/td_Detoxification' are matched.

28-01-2025T18:14:19 - [MESSAGE][PASSED] - Actual text and expected text of test object 'Object Repository/Specific Cases Repository/LS/Client Profile/Discharge Planning/Treatment Summary/Page_Client Profile/td_Detoxification' are matched.

28-01-2025T18:14:19 - [TEST_STEP][PASSED] - verifyElementText(findTestObject("Object Repository/Specific Cases Repository/LS/Client Profile/Discharge Planning/Treatment Summary/Page_Client Profile/td_Automation Test"), "Automation Test"): Actual text and expected text of test object 'Object Repository/Specific Cases Repository/LS/Client Profile/Discharge Planning/Treatment Summary/Page_Client Profile/td_Automation Test' are matched.

28-01-2025T18:14:19 - [MESSAGE][PASSED] - Actual text and expected text of test object 'Object Repository/Specific Cases Repository/LS/Client Profile/Discharge Planning/Treatment Summary/Page_Client Profile/td_Automation Test' are matched.

28-01-2025T18:14:19 - [TEST_STEP][PASSED] - verifyElementText(findTestObject("Object Repository/Specific Cases Repository/LS/Client Profile/Discharge Planning/Treatment Summary/Page_Client Profile/td_Signed"), "Signed"): Actual text and expected text of test object 'Object Repository/Specific Cases Repository/LS/Client Profile/Discharge Planning/Treatment Summary/Page_Client Profile/td_Signed' are matched.

28-01-2025T18:14:20 - [MESSAGE][PASSED] - Actual text and expected text of test object 'Object Repository/Specific Cases Repository/LS/Client Profile/Discharge Planning/Treatment Summary/Page_Client Profile/td_Signed' are matched.

28-01-2025T18:14:20 - [TEST_STEP][PASSED] - click(findTestObject("Object Repository/Specific Cases Repository/LS/Client Profile/Discharge Planning/Treatment Summary/Page_Client Profile/i_Signed_fa fa-pencil")): Object: 'Object Repository/Specific Cases Repository/LS/Client Profile/Discharge Planning/Treatment Summary/Page_Client Profile/i_Signed_fa fa-pencil' is clicked on

28-01-2025T18:14:22 - [MESSAGE][PASSED] - Object: 'Object Repository/Specific Cases Repository/LS/Client Profile/Discharge Planning/Treatment Summary/Page_Client Profile/i_Signed_fa fa-pencil' is clicked on

28-01-2025T18:14:22 - [TEST_STEP][PASSED] - verifyElementText(findTestObject("Object Repository/Specific Cases Repository/LS/Client Profile/Discharge Planning/Treatment Summary/Page_Discharge Summary/span_Document is signed and locked and may _4031e1"), "Document is signed and locked and may not be changed."): Actual text and expected text of test object 'Object Repository/Specific Cases Repository/LS/Client Profile/Discharge Planning/Treatment Summary/Page_Discharge Summary/span_Document is signed and locked and may _4031e1' are matched.

28-01-2025T18:14:23 - [MESSAGE][PASSED] - Actual text and expected text of test object 'Object Repository/Specific Cases Repository/LS/Client Profile/Discharge Planning/Treatment Summary/Page_Discharge Summary/span_Document is signed and locked and may _4031e1' are matched.

28-01-2025T18:14:23 - [TEST_STEP][PASSED] - verifyElementPresent(findTestObject("Object Repository/Specific Cases Repository/LS/Client Profile/Discharge Planning/Treatment Summary/Page_Discharge Summary/img"), 0): Object 'Object Repository/Specific Cases Repository/LS/Client Profile/Discharge Planning/Treatment Summary/Page_Discharge Summary/img' is present

28-01-2025T18:14:23 - [MESSAGE][WARNING] - Timeout '0' is invalid. Using default page load timeout: '30'

28-01-2025T18:14:23 - [MESSAGE][PASSED] - Object 'Object Repository/Specific Cases Repository/LS/Client Profile/Discharge Planning/Treatment Summary/Page_Discharge Summary/img' is present

28-01-2025T18:14:23 - [TEST_STEP][PASSED] - click(findTestObject("Object Repository/Specific Cases Repository/LS/Client Profile/Discharge Planning/Treatment Summary/Page_Discharge Summary/input_Entered in Error_iseie")): Object: 'Object Repository/Specific Cases Repository/LS/Client Profile/Discharge Planning/Treatment Summary/Page_Discharge Summary/input_Entered in Error_iseie' is clicked on

28-01-2025T18:14:23 - [MESSAGE][PASSED] - Object: 'Object Repository/Specific Cases Repository/LS/Client Profile/Discharge Planning/Treatment Summary/Page_Discharge Summary/input_Entered in Error_iseie' is clicked on

28-01-2025T18:14:23 - [TEST_STEP][PASSED] - setText(findTestObject("Object Repository/Specific Cases Repository/LS/Client Profile/Discharge Planning/Treatment Summary/Page_Discharge Summary/input_Reason_eiereason"), "Automation Test"): Text 'Automation Test' is set on object 'Object Repository/Specific Cases Repository/LS/Client Profile/Discharge Planning/Treatment Summary/Page_Discharge Summary/input_Reason_eiereason'

28-01-2025T18:14:24 - [MESSAGE][PASSED] - Text 'Automation Test' is set on object 'Object Repository/Specific Cases Repository/LS/Client Profile/Discharge Planning/Treatment Summary/Page_Discharge Summary/input_Reason_eiereason'

28-01-2025T18:14:24 - [TEST_STEP][PASSED] - click(findTestObject("Object Repository/Specific Cases Repository/LS/Client Profile/Discharge Planning/Treatment Summary/Page_Discharge Summary/button_Mark as Error")): Object: 'Object Repository/Specific Cases Repository/LS/Client Profile/Discharge Planning/Treatment Summary/Page_Discharge Summary/button_Mark as Error' is clicked on

28-01-2025T18:14:25 - [MESSAGE][PASSED] - Object: 'Object Repository/Specific Cases Repository/LS/Client Profile/Discharge Planning/Treatment Summary/Page_Discharge Summary/button_Mark as Error' is clicked on

28-01-2025T18:14:25 - [TEST_STEP][PASSED] - verifyElementText(findTestObject("Object Repository/Specific Cases Repository/LS/Client Profile/Discharge Planning/Treatment Summary/Page_Client Profile/td_No Treatment Summaries"), "No Treatment Summaries"): Actual text and expected text of test object 'Object Repository/Specific Cases Repository/LS/Client Profile/Discharge Planning/Treatment Summary/Page_Client Profile/td_No Treatment Summaries' are matched.

28-01-2025T18:14:31 - [MESSAGE][PASSED] - Actual text and expected text of test object 'Object Repository/Specific Cases Repository/LS/Client Profile/Discharge Planning/Treatment Summary/Page_Client Profile/td_No Treatment Summaries' are matched.

28-01-2025T18:14:31 - [TEST_STEP][PASSED] - closeBrowser(): Browser is closed

28-01-2025T18:14:31 - [MESSAGE][PASSED] - Browser is closed]]></system-out>
         <system-err><![CDATA[]]></system-err>
      </testcase>
      <testcase name="Test Cases/Specific Cases/LS/Client Profile/Lab Orders" time="148.826" classname="Test Cases/Specific Cases/LS/Client Profile/Lab Orders" status="FAILED">
         <failure type="FAILED" message="Test Cases/Specific Cases/LS/Client Profile/Lab Orders FAILED.&#xa;Reason:&#xa;com.kms.katalon.core.exception.StepFailedException: Verify element text of test object 'Object Repository/Specific Cases Repository/LS/Client Profile/Lab Orders/Page_Lab Order/p_Successfully submitted Lab Order' FAILED.&#xa;	at com.kms.katalon.core.webui.keyword.internal.WebUIKeywordMain.stepFailed(WebUIKeywordMain.groovy:117)&#xa;	at com.kms.katalon.core.webui.keyword.internal.WebUIKeywordMain.runKeyword(WebUIKeywordMain.groovy:43)&#xa;	at com.kms.katalon.core.webui.keyword.builtin.VerifyElementTextKeyword.verifyElementText(VerifyElementTextKeyword.groovy:72)&#xa;	at com.kms.katalon.core.webui.keyword.builtin.VerifyElementTextKeyword.execute(VerifyElementTextKeyword.groovy:40)&#xa;	at com.kms.katalon.core.keyword.internal.KeywordExecutor.executeKeywordForPlatform(KeywordExecutor.groovy:74)&#xa;	at com.kms.katalon.core.webui.keyword.WebUiBuiltInKeywords.verifyElementText(WebUiBuiltInKeywords.groovy:4835)&#xa;	at Lab Orders.run(Lab Orders:70)&#xa;	at com.kms.katalon.core.main.ScriptEngine.run(ScriptEngine.java:194)&#xa;	at com.kms.katalon.core.main.ScriptEngine.runScriptAsRawText(ScriptEngine.java:119)&#xa;	at com.kms.katalon.core.main.TestCaseExecutor.runScript(TestCaseExecutor.java:448)&#xa;	at com.kms.katalon.core.main.TestCaseExecutor.doExecute(TestCaseExecutor.java:439)&#xa;	at com.kms.katalon.core.main.TestCaseExecutor.processExecutionPhase(TestCaseExecutor.java:418)&#xa;	at com.kms.katalon.core.main.TestCaseExecutor.accessMainPhase(TestCaseExecutor.java:410)&#xa;	at com.kms.katalon.core.main.TestCaseExecutor.execute(TestCaseExecutor.java:285)&#xa;	at com.kms.katalon.core.common.CommonExecutor.accessTestCaseMainPhase(CommonExecutor.java:65)&#xa;	at com.kms.katalon.core.main.TestSuiteExecutor.accessTestSuiteMainPhase(TestSuiteExecutor.java:150)&#xa;	at com.kms.katalon.core.main.TestSuiteExecutor.execute(TestSuiteExecutor.java:106)&#xa;	at com.kms.katalon.core.main.TestCaseMain.startTestSuite(TestCaseMain.java:180)&#xa;	at TempTestSuite1738104964704.run(TempTestSuite1738104964704.groovy:35)&#xa;	at java.base/jdk.internal.reflect.NativeMethodAccessorImpl.invoke0(Native Method)&#xa;	at java.base/jdk.internal.reflect.NativeMethodAccessorImpl.invoke(NativeMethodAccessorImpl.java:77)&#xa;	at java.base/jdk.internal.reflect.DelegatingMethodAccessorImpl.invoke(DelegatingMethodAccessorImpl.java:43)&#xa;Caused by: com.kms.katalon.core.exception.StepFailedException: com.kms.katalon.core.webui.exception.WebElementNotFoundException: Web element with id: 'Object Repository/Specific Cases Repository/LS/Client Profile/Lab Orders/Page_Lab Order/p_Successfully submitted Lab Order' located by '(.//*[normalize-space(text()) and normalize-space(.)='×'])[6]/following::p[1]' not found&#xa;	at com.kms.katalon.core.webui.keyword.internal.WebUIKeywordMain.stepFailed(WebUIKeywordMain.groovy:117)&#xa;	at com.kms.katalon.core.webui.keyword.builtin.VerifyElementTextKeyword$_verifyElementText_closure1.doCall(VerifyElementTextKeyword.groovy:64)&#xa;	at com.kms.katalon.core.webui.keyword.builtin.VerifyElementTextKeyword$_verifyElementText_closure1.call(VerifyElementTextKeyword.groovy)&#xa;	at com.kms.katalon.core.webui.keyword.internal.WebUIKeywordMain.runKeyword(WebUIKeywordMain.groovy:35)&#xa;	... 20 more&#xa;"/>
         <system-out><![CDATA[28-01-2025T18:14:31 - [TEST_CASE][FAILED] - Test Cases/Specific Cases/LS/Client Profile/Lab Orders: Test Cases/Specific Cases/LS/Client Profile/Lab Orders FAILED.
Reason:
com.kms.katalon.core.exception.StepFailedException: Verify element text of test object 'Object Repository/Specific Cases Repository/LS/Client Profile/Lab Orders/Page_Lab Order/p_Successfully submitted Lab Order' FAILED.
	at com.kms.katalon.core.webui.keyword.internal.WebUIKeywordMain.stepFailed(WebUIKeywordMain.groovy:117)
	at com.kms.katalon.core.webui.keyword.internal.WebUIKeywordMain.runKeyword(WebUIKeywordMain.groovy:43)
	at com.kms.katalon.core.webui.keyword.builtin.VerifyElementTextKeyword.verifyElementText(VerifyElementTextKeyword.groovy:72)
	at com.kms.katalon.core.webui.keyword.builtin.VerifyElementTextKeyword.execute(VerifyElementTextKeyword.groovy:40)
	at com.kms.katalon.core.keyword.internal.KeywordExecutor.executeKeywordForPlatform(KeywordExecutor.groovy:74)
	at com.kms.katalon.core.webui.keyword.WebUiBuiltInKeywords.verifyElementText(WebUiBuiltInKeywords.groovy:4835)
	at Lab Orders.run(Lab Orders:70)
	at com.kms.katalon.core.main.ScriptEngine.run(ScriptEngine.java:194)
	at com.kms.katalon.core.main.ScriptEngine.runScriptAsRawText(ScriptEngine.java:119)
	at com.kms.katalon.core.main.TestCaseExecutor.runScript(TestCaseExecutor.java:448)
	at com.kms.katalon.core.main.TestCaseExecutor.doExecute(TestCaseExecutor.java:439)
	at com.kms.katalon.core.main.TestCaseExecutor.processExecutionPhase(TestCaseExecutor.java:418)
	at com.kms.katalon.core.main.TestCaseExecutor.accessMainPhase(TestCaseExecutor.java:410)
	at com.kms.katalon.core.main.TestCaseExecutor.execute(TestCaseExecutor.java:285)
	at com.kms.katalon.core.common.CommonExecutor.accessTestCaseMainPhase(CommonExecutor.java:65)
	at com.kms.katalon.core.main.TestSuiteExecutor.accessTestSuiteMainPhase(TestSuiteExecutor.java:150)
	at com.kms.katalon.core.main.TestSuiteExecutor.execute(TestSuiteExecutor.java:106)
	at com.kms.katalon.core.main.TestCaseMain.startTestSuite(TestCaseMain.java:180)
	at TempTestSuite1738104964704.run(TempTestSuite1738104964704.groovy:35)
	at java.base/jdk.internal.reflect.NativeMethodAccessorImpl.invoke0(Native Method)
	at java.base/jdk.internal.reflect.NativeMethodAccessorImpl.invoke(NativeMethodAccessorImpl.java:77)
	at java.base/jdk.internal.reflect.DelegatingMethodAccessorImpl.invoke(DelegatingMethodAccessorImpl.java:43)
Caused by: com.kms.katalon.core.exception.StepFailedException: com.kms.katalon.core.webui.exception.WebElementNotFoundException: Web element with id: 'Object Repository/Specific Cases Repository/LS/Client Profile/Lab Orders/Page_Lab Order/p_Successfully submitted Lab Order' located by '(.//*[normalize-space(text()) and normalize-space(.)='×'])[6]/following::p[1]' not found
	at com.kms.katalon.core.webui.keyword.internal.WebUIKeywordMain.stepFailed(WebUIKeywordMain.groovy:117)
	at com.kms.katalon.core.webui.keyword.builtin.VerifyElementTextKeyword$_verifyElementText_closure1.doCall(VerifyElementTextKeyword.groovy:64)
	at com.kms.katalon.core.webui.keyword.builtin.VerifyElementTextKeyword$_verifyElementText_closure1.call(VerifyElementTextKeyword.groovy)
	at com.kms.katalon.core.webui.keyword.internal.WebUIKeywordMain.runKeyword(WebUIKeywordMain.groovy:35)
	... 20 more


28-01-2025T18:14:31 - [TEST_STEP][PASSED] - callTestCase(findTestCase("Common Cases/Login"), [:], STOP_ON_FAILURE): Call Test Case 'Test Cases/Common Cases/Login' successfully

28-01-2025T18:14:31 - [TEST_CASE][PASSED] - Test Cases/Common Cases/Login: Test Cases/Common Cases/Login

28-01-2025T18:14:31 - [TEST_STEP][PASSED] - openBrowser(""): Browser is opened with url: ''

28-01-2025T18:14:31 - [MESSAGE][INFO] - Starting 'Chrome' driver

28-01-2025T18:14:31 - [MESSAGE][INFO] - Action delay is set to 0 milliseconds

28-01-2025T18:14:32 - [MESSAGE][PASSED] - Browser is opened with url: ''

28-01-2025T18:14:32 - [TEST_STEP][PASSED] - maximizeWindow(): Current window maximized

28-01-2025T18:14:32 - [MESSAGE][PASSED] - Current window maximized

28-01-2025T18:14:32 - [TEST_STEP][PASSED] - navigateToUrl("https://site17.lsapp.cloud/auth/login"): Navigate to 'https://site17.lsapp.cloud/auth/login' successfully

28-01-2025T18:14:36 - [MESSAGE][PASSED] - Navigate to 'https://site17.lsapp.cloud/auth/login' successfully

28-01-2025T18:14:36 - [TEST_STEP][PASSED] - setText(findTestObject("Object Repository/Common Cases Repository/Login/Page_Lightning Step/input_Email_email"), "automation@lightningstep.com"): Text 'automation@lightningstep.com' is set on object 'Object Repository/Common Cases Repository/Login/Page_Lightning Step/input_Email_email'

28-01-2025T18:14:37 - [MESSAGE][PASSED] - Text 'automation@lightningstep.com' is set on object 'Object Repository/Common Cases Repository/Login/Page_Lightning Step/input_Email_email'

28-01-2025T18:14:37 - [TEST_STEP][PASSED] - setEncryptedText(findTestObject("Object Repository/Common Cases Repository/Login/Page_Lightning Step/input_Password_password"), "e5N8VHmnhJDITtQaQhDQDw=="): Text ****** has been set on object 'Object Repository/Common Cases Repository/Login/Page_Lightning Step/input_Password_password'

28-01-2025T18:14:37 - [MESSAGE][PASSED] - Text ****** has been set on object 'Object Repository/Common Cases Repository/Login/Page_Lightning Step/input_Password_password'

28-01-2025T18:14:37 - [TEST_STEP][PASSED] - click(findTestObject("Object Repository/Common Cases Repository/Login/Page_Lightning Step/button_Sign in")): Object: 'Object Repository/Common Cases Repository/Login/Page_Lightning Step/button_Sign in' is clicked on

28-01-2025T18:14:58 - [MESSAGE][PASSED] - Object: 'Object Repository/Common Cases Repository/Login/Page_Lightning Step/button_Sign in' is clicked on

28-01-2025T18:14:58 - [MESSAGE][PASSED] - Call Test Case 'Test Cases/Common Cases/Login' successfully

28-01-2025T18:14:58 - [TEST_STEP][PASSED] - navigateToUrl("https://site17.lsapp.cloud/client/index/1557?section=laborders"): Navigate to 'https://site17.lsapp.cloud/client/index/1557?section=laborders' successfully

28-01-2025T18:15:06 - [MESSAGE][PASSED] - Navigate to 'https://site17.lsapp.cloud/client/index/1557?section=laborders' successfully

28-01-2025T18:15:06 - [TEST_STEP][PASSED] - click(findTestObject("Object Repository/Specific Cases Repository/LS/Client Profile/Lab Orders/Page_Client Profile/i_add")): Object: 'Object Repository/Specific Cases Repository/LS/Client Profile/Lab Orders/Page_Client Profile/i_add' is clicked on

28-01-2025T18:15:11 - [MESSAGE][PASSED] - Object: 'Object Repository/Specific Cases Repository/LS/Client Profile/Lab Orders/Page_Client Profile/i_add' is clicked on

28-01-2025T18:15:11 - [TEST_STEP][PASSED] - selectOptionByValue(findTestObject("Object Repository/Specific Cases Repository/LS/Client Profile/Lab Orders/Page_Lab Order/select_-- Please select --Carreno, Enrique NPI"), "1302", true): All options with value '1302' are selected in object 'Object Repository/Specific Cases Repository/LS/Client Profile/Lab Orders/Page_Lab Order/select_-- Please select --Carreno, Enrique NPI'  using regular expression

28-01-2025T18:15:12 - [MESSAGE][PASSED] - All options with value '1302' are selected in object 'Object Repository/Specific Cases Repository/LS/Client Profile/Lab Orders/Page_Lab Order/select_-- Please select --Carreno, Enrique NPI'  using regular expression

28-01-2025T18:15:12 - [TEST_STEP][PASSED] - selectOptionByValue(findTestObject("Object Repository/Specific Cases Repository/LS/Client Profile/Lab Orders/Page_Lab Order/select_Urine Specimen Container            _9d61b4"), "OFC", true): All options with value 'OFC' are selected in object 'Object Repository/Specific Cases Repository/LS/Client Profile/Lab Orders/Page_Lab Order/select_Urine Specimen Container            _9d61b4'  using regular expression

28-01-2025T18:15:13 - [MESSAGE][PASSED] - All options with value 'OFC' are selected in object 'Object Repository/Specific Cases Repository/LS/Client Profile/Lab Orders/Page_Lab Order/select_Urine Specimen Container            _9d61b4'  using regular expression

28-01-2025T18:15:13 - [TEST_STEP][PASSED] - selectOptionByValue(findTestObject("Object Repository/Specific Cases Repository/LS/Client Profile/Lab Orders/Page_Lab Order/select_Frozen                              _7e1fe1"), "F", true): All options with value 'F' are selected in object 'Object Repository/Specific Cases Repository/LS/Client Profile/Lab Orders/Page_Lab Order/select_Frozen                              _7e1fe1'  using regular expression

28-01-2025T18:15:14 - [MESSAGE][PASSED] - All options with value 'F' are selected in object 'Object Repository/Specific Cases Repository/LS/Client Profile/Lab Orders/Page_Lab Order/select_Frozen                              _7e1fe1'  using regular expression

28-01-2025T18:15:14 - [TEST_STEP][PASSED] - selectOptionByValue(findTestObject("Object Repository/Specific Cases Repository/LS/Client Profile/Lab Orders/Page_Lab Order/select_Urine                               _a20f86"), "OF", true): All options with value 'OF' are selected in object 'Object Repository/Specific Cases Repository/LS/Client Profile/Lab Orders/Page_Lab Order/select_Urine                               _a20f86'  using regular expression

28-01-2025T18:15:15 - [MESSAGE][PASSED] - All options with value 'OF' are selected in object 'Object Repository/Specific Cases Repository/LS/Client Profile/Lab Orders/Page_Lab Order/select_Urine                               _a20f86'  using regular expression

28-01-2025T18:15:15 - [TEST_STEP][PASSED] - setText(findTestObject("Object Repository/Specific Cases Repository/LS/Client Profile/Lab Orders/Page_Lab Order/textarea_Rationale_rationale_text1"), "10"): Text '10' is set on object 'Object Repository/Specific Cases Repository/LS/Client Profile/Lab Orders/Page_Lab Order/textarea_Rationale_rationale_text1'

28-01-2025T18:15:16 - [MESSAGE][PASSED] - Text '10' is set on object 'Object Repository/Specific Cases Repository/LS/Client Profile/Lab Orders/Page_Lab Order/textarea_Rationale_rationale_text1'

28-01-2025T18:15:16 - [TEST_STEP][PASSED] - click(findTestObject("Object Repository/Specific Cases Repository/LS/Client Profile/Lab Orders/Page_Lab Order/a_Lab Tests")): Object: 'Object Repository/Specific Cases Repository/LS/Client Profile/Lab Orders/Page_Lab Order/a_Lab Tests' is clicked on

28-01-2025T18:15:16 - [MESSAGE][PASSED] - Object: 'Object Repository/Specific Cases Repository/LS/Client Profile/Lab Orders/Page_Lab Order/a_Lab Tests' is clicked on

28-01-2025T18:15:16 - [TEST_STEP][PASSED] - click(findTestObject("Object Repository/Specific Cases Repository/LS/Client Profile/Lab Orders/Page_Lab Order/span_Select Test(s)")): Object: 'Object Repository/Specific Cases Repository/LS/Client Profile/Lab Orders/Page_Lab Order/span_Select Test(s)' is clicked on

28-01-2025T18:15:16 - [MESSAGE][PASSED] - Object: 'Object Repository/Specific Cases Repository/LS/Client Profile/Lab Orders/Page_Lab Order/span_Select Test(s)' is clicked on

28-01-2025T18:15:16 - [TEST_STEP][PASSED] - click(findTestObject("Object Repository/Specific Cases Repository/LS/Client Profile/Lab Orders/Page_Lab Order/input_checkbox")): Object: 'Object Repository/Specific Cases Repository/LS/Client Profile/Lab Orders/Page_Lab Order/input_checkbox' is clicked on

28-01-2025T18:15:17 - [MESSAGE][PASSED] - Object: 'Object Repository/Specific Cases Repository/LS/Client Profile/Lab Orders/Page_Lab Order/input_checkbox' is clicked on

28-01-2025T18:15:17 - [TEST_STEP][PASSED] - click(findTestObject("Object Repository/Specific Cases Repository/LS/Client Profile/Lab Orders/Page_Lab Order/input_checkbox_1")): Object: 'Object Repository/Specific Cases Repository/LS/Client Profile/Lab Orders/Page_Lab Order/input_checkbox_1' is clicked on

28-01-2025T18:15:19 - [MESSAGE][PASSED] - Object: 'Object Repository/Specific Cases Repository/LS/Client Profile/Lab Orders/Page_Lab Order/input_checkbox_1' is clicked on

28-01-2025T18:15:19 - [TEST_STEP][PASSED] - click(findTestObject("Object Repository/Specific Cases Repository/LS/Client Profile/Lab Orders/Page_Lab Order/a_Requisition")): Object: 'Object Repository/Specific Cases Repository/LS/Client Profile/Lab Orders/Page_Lab Order/a_Requisition' is clicked on

28-01-2025T18:15:21 - [MESSAGE][PASSED] - Object: 'Object Repository/Specific Cases Repository/LS/Client Profile/Lab Orders/Page_Lab Order/a_Requisition' is clicked on

28-01-2025T18:15:21 - [TEST_STEP][PASSED] - verifyElementText(findTestObject("Object Repository/Specific Cases Repository/LS/Client Profile/Lab Orders/Page_Lab Order/h5_Patient Name B Client B Automation"), "Patient Name: B Client B Automation"): Actual text and expected text of test object 'Object Repository/Specific Cases Repository/LS/Client Profile/Lab Orders/Page_Lab Order/h5_Patient Name B Client B Automation' are matched.

28-01-2025T18:15:21 - [MESSAGE][PASSED] - Actual text and expected text of test object 'Object Repository/Specific Cases Repository/LS/Client Profile/Lab Orders/Page_Lab Order/h5_Patient Name B Client B Automation' are matched.

28-01-2025T18:15:21 - [TEST_STEP][PASSED] - verifyElementText(findTestObject("Object Repository/Specific Cases Repository/LS/Client Profile/Lab Orders/Page_Lab Order/h5_MRN 24-11007"), "MRN: 24-11007"): Actual text and expected text of test object 'Object Repository/Specific Cases Repository/LS/Client Profile/Lab Orders/Page_Lab Order/h5_MRN 24-11007' are matched.

28-01-2025T18:15:21 - [MESSAGE][PASSED] - Actual text and expected text of test object 'Object Repository/Specific Cases Repository/LS/Client Profile/Lab Orders/Page_Lab Order/h5_MRN 24-11007' are matched.

28-01-2025T18:15:21 - [TEST_STEP][PASSED] - verifyElementText(findTestObject("Object Repository/Specific Cases Repository/LS/Client Profile/Lab Orders/Page_Lab Order/h5_Date of Birth 01022001"), "Date of Birth: 01/02/2001"): Actual text and expected text of test object 'Object Repository/Specific Cases Repository/LS/Client Profile/Lab Orders/Page_Lab Order/h5_Date of Birth 01022001' are matched.

28-01-2025T18:15:22 - [MESSAGE][PASSED] - Actual text and expected text of test object 'Object Repository/Specific Cases Repository/LS/Client Profile/Lab Orders/Page_Lab Order/h5_Date of Birth 01022001' are matched.

28-01-2025T18:15:22 - [TEST_STEP][PASSED] - verifyElementText(findTestObject("Object Repository/Specific Cases Repository/LS/Client Profile/Lab Orders/Page_Lab Order/h5_Facility Name Dog Treatment Center"), "Facility Name: Dog Treatment Center"): Actual text and expected text of test object 'Object Repository/Specific Cases Repository/LS/Client Profile/Lab Orders/Page_Lab Order/h5_Facility Name Dog Treatment Center' are matched.

28-01-2025T18:15:22 - [MESSAGE][PASSED] - Actual text and expected text of test object 'Object Repository/Specific Cases Repository/LS/Client Profile/Lab Orders/Page_Lab Order/h5_Facility Name Dog Treatment Center' are matched.

28-01-2025T18:15:22 - [TEST_STEP][PASSED] - verifyElementText(findTestObject("Object Repository/Specific Cases Repository/LS/Client Profile/Lab Orders/Page_Lab Order/h5_Performing Lab Dominion"), "Performing Lab: Dominion"): Actual text and expected text of test object 'Object Repository/Specific Cases Repository/LS/Client Profile/Lab Orders/Page_Lab Order/h5_Performing Lab Dominion' are matched.

28-01-2025T18:15:22 - [MESSAGE][PASSED] - Actual text and expected text of test object 'Object Repository/Specific Cases Repository/LS/Client Profile/Lab Orders/Page_Lab Order/h5_Performing Lab Dominion' are matched.

28-01-2025T18:15:22 - [TEST_STEP][PASSED] - click(findTestObject("Object Repository/Specific Cases Repository/LS/Client Profile/Lab Orders/Page_Lab Order/b_Results")): Object: 'Object Repository/Specific Cases Repository/LS/Client Profile/Lab Orders/Page_Lab Order/b_Results' is clicked on

28-01-2025T18:15:23 - [MESSAGE][PASSED] - Object: 'Object Repository/Specific Cases Repository/LS/Client Profile/Lab Orders/Page_Lab Order/b_Results' is clicked on

28-01-2025T18:15:23 - [TEST_STEP][PASSED] - click(findTestObject("Object Repository/Specific Cases Repository/LS/Client Profile/Lab Orders/Page_Lab Order/button_Submit Ordersend")): Object: 'Object Repository/Specific Cases Repository/LS/Client Profile/Lab Orders/Page_Lab Order/button_Submit Ordersend' is clicked on

28-01-2025T18:16:23 - [MESSAGE][PASSED] - Object: 'Object Repository/Specific Cases Repository/LS/Client Profile/Lab Orders/Page_Lab Order/button_Submit Ordersend' is clicked on

28-01-2025T18:16:23 - [TEST_STEP][FAILED] - verifyElementText(findTestObject("Object Repository/Specific Cases Repository/LS/Client Profile/Lab Orders/Page_Lab Order/p_Successfully submitted Lab Order"), "Successfully submitted Lab Order."): Verify element text of test object 'Object Repository/Specific Cases Repository/LS/Client Profile/Lab Orders/Page_Lab Order/p_Successfully submitted Lab Order' FAILED. (Root cause: com.kms.katalon.core.exception.StepFailedException: Verify element text of test object 'Object Repository/Specific Cases Repository/LS/Client Profile/Lab Orders/Page_Lab Order/p_Successfully submitted Lab Order' FAILED.
	at com.kms.katalon.core.webui.keyword.internal.WebUIKeywordMain.stepFailed(WebUIKeywordMain.groovy:117)
	at com.kms.katalon.core.webui.keyword.internal.WebUIKeywordMain.runKeyword(WebUIKeywordMain.groovy:43)
	at com.kms.katalon.core.webui.keyword.builtin.VerifyElementTextKeyword.verifyElementText(VerifyElementTextKeyword.groovy:72)
	at com.kms.katalon.core.webui.keyword.builtin.VerifyElementTextKeyword.execute(VerifyElementTextKeyword.groovy:40)
	at com.kms.katalon.core.keyword.internal.KeywordExecutor.executeKeywordForPlatform(KeywordExecutor.groovy:74)
	at com.kms.katalon.core.webui.keyword.WebUiBuiltInKeywords.verifyElementText(WebUiBuiltInKeywords.groovy:4835)
	at Lab Orders.run(Lab Orders:70)
	at com.kms.katalon.core.main.ScriptEngine.run(ScriptEngine.java:194)
	at com.kms.katalon.core.main.ScriptEngine.runScriptAsRawText(ScriptEngine.java:119)
	at com.kms.katalon.core.main.TestCaseExecutor.runScript(TestCaseExecutor.java:448)
	at com.kms.katalon.core.main.TestCaseExecutor.doExecute(TestCaseExecutor.java:439)
	at com.kms.katalon.core.main.TestCaseExecutor.processExecutionPhase(TestCaseExecutor.java:418)
	at com.kms.katalon.core.main.TestCaseExecutor.accessMainPhase(TestCaseExecutor.java:410)
	at com.kms.katalon.core.main.TestCaseExecutor.execute(TestCaseExecutor.java:285)
	at com.kms.katalon.core.common.CommonExecutor.accessTestCaseMainPhase(CommonExecutor.java:65)
	at com.kms.katalon.core.main.TestSuiteExecutor.accessTestSuiteMainPhase(TestSuiteExecutor.java:150)
	at com.kms.katalon.core.main.TestSuiteExecutor.execute(TestSuiteExecutor.java:106)
	at com.kms.katalon.core.main.TestCaseMain.startTestSuite(TestCaseMain.java:180)
	at TempTestSuite1738104964704.run(TempTestSuite1738104964704.groovy:35)
	at java.base/jdk.internal.reflect.NativeMethodAccessorImpl.invoke0(Native Method)
	at java.base/jdk.internal.reflect.NativeMethodAccessorImpl.invoke(NativeMethodAccessorImpl.java:77)
	at java.base/jdk.internal.reflect.DelegatingMethodAccessorImpl.invoke(DelegatingMethodAccessorImpl.java:43)
Caused by: com.kms.katalon.core.exception.StepFailedException: com.kms.katalon.core.webui.exception.WebElementNotFoundException: Web element with id: 'Object Repository/Specific Cases Repository/LS/Client Profile/Lab Orders/Page_Lab Order/p_Successfully submitted Lab Order' located by '(.//*[normalize-space(text()) and normalize-space(.)='×'])[6]/following::p[1]' not found
	at com.kms.katalon.core.webui.keyword.internal.WebUIKeywordMain.stepFailed(WebUIKeywordMain.groovy:117)
	at com.kms.katalon.core.webui.keyword.builtin.VerifyElementTextKeyword$_verifyElementText_closure1.doCall(VerifyElementTextKeyword.groovy:64)
	at com.kms.katalon.core.webui.keyword.builtin.VerifyElementTextKeyword$_verifyElementText_closure1.call(VerifyElementTextKeyword.groovy)
	at com.kms.katalon.core.webui.keyword.internal.WebUIKeywordMain.runKeyword(WebUIKeywordMain.groovy:35)
	... 20 more
)

28-01-2025T18:16:54 - [MESSAGE][INFO] - Unable to find the element located by 'By.xpath: (.//*[normalize-space(text()) and normalize-space(.)='×'])[6]/following::p[1]'. Please recheck the objects properties to make sure the desired element is located. 

28-01-2025T18:16:54 - [MESSAGE][WARNING] - [SELF-HEALING] Failed to find element with id 'Object Repository/Specific Cases Repository/LS/Client Profile/Lab Orders/Page_Lab Order/p_Successfully submitted Lab Order'. Try using Self-healing.

28-01-2025T18:16:55 - [MESSAGE][INFO] - [SELF-HEALING] Failed Locator: '(.//*[normalize-space(text()) and normalize-space(.)='Success:'])[1]/following::p[1]'.

28-01-2025T18:16:55 - [MESSAGE][INFO] - [SELF-HEALING] Failed Locator: '(.//*[normalize-space(text()) and normalize-space(.)='×'])[6]/following::p[1]'.

28-01-2025T18:16:55 - [MESSAGE][INFO] - [SELF-HEALING] Failed Locator: '(.//*[normalize-space(text()) and normalize-space(.)='chevron_left'])[1]/preceding::p[1]'.

28-01-2025T18:16:55 - [MESSAGE][INFO] - [SELF-HEALING] Failed Locator: '(.//*[normalize-space(text()) and normalize-space(.)='homepage'])[1]/preceding::p[1]'.

28-01-2025T18:16:56 - [MESSAGE][INFO] - [SELF-HEALING] Failed Locator: '//*/text()[normalize-space(.)='Successfully submitted Lab Order.']/parent::*'.

28-01-2025T18:16:56 - [MESSAGE][INFO] - [SELF-HEALING] Failed Locator: '//div[6]/div/p'.

28-01-2025T18:16:56 - [MESSAGE][INFO] - [SELF-HEALING] Failed Locator: '//p[(text() = ' Successfully submitted Lab Order.' or . = ' Successfully submitted Lab Order.')]'.

28-01-2025T18:16:58 - [MESSAGE][INFO] - Unable to find the element located by 'By.xpath: //*[(text() = ' Successfully submitted Lab Order.' or . = ' Successfully submitted Lab Order.')]'. Please recheck the objects properties to make sure the desired element is located. 

28-01-2025T18:16:59 - [MESSAGE][INFO] - Unable to find the element located by 'By.cssSelector: div.alert.alert-dismissible.alert-success > p'. Please recheck the objects properties to make sure the desired element is located. 

28-01-2025T18:17:00 - [MESSAGE][FAILED] - com.kms.katalon.core.webui.exception.WebElementNotFoundException: Web element with id: 'Object Repository/Specific Cases Repository/LS/Client Profile/Lab Orders/Page_Lab Order/p_Successfully submitted Lab Order' located by '(.//*[normalize-space(text()) and normalize-space(.)='×'])[6]/following::p[1]' not found (Root cause: com.kms.katalon.core.exception.StepFailedException: com.kms.katalon.core.webui.exception.WebElementNotFoundException: Web element with id: 'Object Repository/Specific Cases Repository/LS/Client Profile/Lab Orders/Page_Lab Order/p_Successfully submitted Lab Order' located by '(.//*[normalize-space(text()) and normalize-space(.)='×'])[6]/following::p[1]' not found
	at com.kms.katalon.core.webui.keyword.internal.WebUIKeywordMain.stepFailed(WebUIKeywordMain.groovy:117)
	at com.kms.katalon.core.webui.keyword.builtin.VerifyElementTextKeyword$_verifyElementText_closure1.doCall(VerifyElementTextKeyword.groovy:64)
	at com.kms.katalon.core.webui.keyword.builtin.VerifyElementTextKeyword$_verifyElementText_closure1.call(VerifyElementTextKeyword.groovy)
	at com.kms.katalon.core.webui.keyword.internal.WebUIKeywordMain.runKeyword(WebUIKeywordMain.groovy:35)
	at com.kms.katalon.core.webui.keyword.builtin.VerifyElementTextKeyword.verifyElementText(VerifyElementTextKeyword.groovy:72)
	at com.kms.katalon.core.webui.keyword.builtin.VerifyElementTextKeyword.execute(VerifyElementTextKeyword.groovy:40)
	at com.kms.katalon.core.keyword.internal.KeywordExecutor.executeKeywordForPlatform(KeywordExecutor.groovy:74)
	at com.kms.katalon.core.webui.keyword.WebUiBuiltInKeywords.verifyElementText(WebUiBuiltInKeywords.groovy:4835)
	at Lab Orders.run(Lab Orders:70)
	at com.kms.katalon.core.main.ScriptEngine.run(ScriptEngine.java:194)
	at com.kms.katalon.core.main.ScriptEngine.runScriptAsRawText(ScriptEngine.java:119)
	at com.kms.katalon.core.main.TestCaseExecutor.runScript(TestCaseExecutor.java:448)
	at com.kms.katalon.core.main.TestCaseExecutor.doExecute(TestCaseExecutor.java:439)
	at com.kms.katalon.core.main.TestCaseExecutor.processExecutionPhase(TestCaseExecutor.java:418)
	at com.kms.katalon.core.main.TestCaseExecutor.accessMainPhase(TestCaseExecutor.java:410)
	at com.kms.katalon.core.main.TestCaseExecutor.execute(TestCaseExecutor.java:285)
	at com.kms.katalon.core.common.CommonExecutor.accessTestCaseMainPhase(CommonExecutor.java:65)
	at com.kms.katalon.core.main.TestSuiteExecutor.accessTestSuiteMainPhase(TestSuiteExecutor.java:150)
	at com.kms.katalon.core.main.TestSuiteExecutor.execute(TestSuiteExecutor.java:106)
	at com.kms.katalon.core.main.TestCaseMain.startTestSuite(TestCaseMain.java:180)
	at TempTestSuite1738104964704.run(TempTestSuite1738104964704.groovy:35)
	at java.base/jdk.internal.reflect.NativeMethodAccessorImpl.invoke0(Native Method)
	at java.base/jdk.internal.reflect.NativeMethodAccessorImpl.invoke(NativeMethodAccessorImpl.java:77)
	at java.base/jdk.internal.reflect.DelegatingMethodAccessorImpl.invoke(DelegatingMethodAccessorImpl.java:43)
)
[[ATTACHMENT|C:\\Users\\Enrique\\git\\AUTOMATION_LS\\Reports\\20250128_175555\\LS\\Client Profile\\Client Profile\\20250128_175604\\1738106219883.png]]

28-01-2025T18:17:00 - [MESSAGE][FAILED] - Verify element text of test object 'Object Repository/Specific Cases Repository/LS/Client Profile/Lab Orders/Page_Lab Order/p_Successfully submitted Lab Order' FAILED. (Root cause: com.kms.katalon.core.exception.StepFailedException: Verify element text of test object 'Object Repository/Specific Cases Repository/LS/Client Profile/Lab Orders/Page_Lab Order/p_Successfully submitted Lab Order' FAILED.
	at com.kms.katalon.core.webui.keyword.internal.WebUIKeywordMain.stepFailed(WebUIKeywordMain.groovy:117)
	at com.kms.katalon.core.webui.keyword.internal.WebUIKeywordMain.runKeyword(WebUIKeywordMain.groovy:43)
	at com.kms.katalon.core.webui.keyword.builtin.VerifyElementTextKeyword.verifyElementText(VerifyElementTextKeyword.groovy:72)
	at com.kms.katalon.core.webui.keyword.builtin.VerifyElementTextKeyword.execute(VerifyElementTextKeyword.groovy:40)
	at com.kms.katalon.core.keyword.internal.KeywordExecutor.executeKeywordForPlatform(KeywordExecutor.groovy:74)
	at com.kms.katalon.core.webui.keyword.WebUiBuiltInKeywords.verifyElementText(WebUiBuiltInKeywords.groovy:4835)
	at Lab Orders.run(Lab Orders:70)
	at com.kms.katalon.core.main.ScriptEngine.run(ScriptEngine.java:194)
	at com.kms.katalon.core.main.ScriptEngine.runScriptAsRawText(ScriptEngine.java:119)
	at com.kms.katalon.core.main.TestCaseExecutor.runScript(TestCaseExecutor.java:448)
	at com.kms.katalon.core.main.TestCaseExecutor.doExecute(TestCaseExecutor.java:439)
	at com.kms.katalon.core.main.TestCaseExecutor.processExecutionPhase(TestCaseExecutor.java:418)
	at com.kms.katalon.core.main.TestCaseExecutor.accessMainPhase(TestCaseExecutor.java:410)
	at com.kms.katalon.core.main.TestCaseExecutor.execute(TestCaseExecutor.java:285)
	at com.kms.katalon.core.common.CommonExecutor.accessTestCaseMainPhase(CommonExecutor.java:65)
	at com.kms.katalon.core.main.TestSuiteExecutor.accessTestSuiteMainPhase(TestSuiteExecutor.java:150)
	at com.kms.katalon.core.main.TestSuiteExecutor.execute(TestSuiteExecutor.java:106)
	at com.kms.katalon.core.main.TestCaseMain.startTestSuite(TestCaseMain.java:180)
	at TempTestSuite1738104964704.run(TempTestSuite1738104964704.groovy:35)
	at java.base/jdk.internal.reflect.NativeMethodAccessorImpl.invoke0(Native Method)
	at java.base/jdk.internal.reflect.NativeMethodAccessorImpl.invoke(NativeMethodAccessorImpl.java:77)
	at java.base/jdk.internal.reflect.DelegatingMethodAccessorImpl.invoke(DelegatingMethodAccessorImpl.java:43)
Caused by: com.kms.katalon.core.exception.StepFailedException: com.kms.katalon.core.webui.exception.WebElementNotFoundException: Web element with id: 'Object Repository/Specific Cases Repository/LS/Client Profile/Lab Orders/Page_Lab Order/p_Successfully submitted Lab Order' located by '(.//*[normalize-space(text()) and normalize-space(.)='×'])[6]/following::p[1]' not found
	at com.kms.katalon.core.webui.keyword.internal.WebUIKeywordMain.stepFailed(WebUIKeywordMain.groovy:117)
	at com.kms.katalon.core.webui.keyword.builtin.VerifyElementTextKeyword$_verifyElementText_closure1.doCall(VerifyElementTextKeyword.groovy:64)
	at com.kms.katalon.core.webui.keyword.builtin.VerifyElementTextKeyword$_verifyElementText_closure1.call(VerifyElementTextKeyword.groovy)
	at com.kms.katalon.core.webui.keyword.internal.WebUIKeywordMain.runKeyword(WebUIKeywordMain.groovy:35)
	... 20 more
)
[[ATTACHMENT|C:\\Users\\Enrique\\git\\AUTOMATION_LS\\Reports\\20250128_175555\\LS\\Client Profile\\Client Profile\\20250128_175604\\1738106220110.png]]]]></system-out>
         <system-err><![CDATA[28-01-2025T18:14:31 - [TEST_CASE][FAILED] - Test Cases/Specific Cases/LS/Client Profile/Lab Orders: Test Cases/Specific Cases/LS/Client Profile/Lab Orders FAILED.
Reason:
com.kms.katalon.core.exception.StepFailedException: Verify element text of test object 'Object Repository/Specific Cases Repository/LS/Client Profile/Lab Orders/Page_Lab Order/p_Successfully submitted Lab Order' FAILED.
	at com.kms.katalon.core.webui.keyword.internal.WebUIKeywordMain.stepFailed(WebUIKeywordMain.groovy:117)
	at com.kms.katalon.core.webui.keyword.internal.WebUIKeywordMain.runKeyword(WebUIKeywordMain.groovy:43)
	at com.kms.katalon.core.webui.keyword.builtin.VerifyElementTextKeyword.verifyElementText(VerifyElementTextKeyword.groovy:72)
	at com.kms.katalon.core.webui.keyword.builtin.VerifyElementTextKeyword.execute(VerifyElementTextKeyword.groovy:40)
	at com.kms.katalon.core.keyword.internal.KeywordExecutor.executeKeywordForPlatform(KeywordExecutor.groovy:74)
	at com.kms.katalon.core.webui.keyword.WebUiBuiltInKeywords.verifyElementText(WebUiBuiltInKeywords.groovy:4835)
	at Lab Orders.run(Lab Orders:70)
	at com.kms.katalon.core.main.ScriptEngine.run(ScriptEngine.java:194)
	at com.kms.katalon.core.main.ScriptEngine.runScriptAsRawText(ScriptEngine.java:119)
	at com.kms.katalon.core.main.TestCaseExecutor.runScript(TestCaseExecutor.java:448)
	at com.kms.katalon.core.main.TestCaseExecutor.doExecute(TestCaseExecutor.java:439)
	at com.kms.katalon.core.main.TestCaseExecutor.processExecutionPhase(TestCaseExecutor.java:418)
	at com.kms.katalon.core.main.TestCaseExecutor.accessMainPhase(TestCaseExecutor.java:410)
	at com.kms.katalon.core.main.TestCaseExecutor.execute(TestCaseExecutor.java:285)
	at com.kms.katalon.core.common.CommonExecutor.accessTestCaseMainPhase(CommonExecutor.java:65)
	at com.kms.katalon.core.main.TestSuiteExecutor.accessTestSuiteMainPhase(TestSuiteExecutor.java:150)
	at com.kms.katalon.core.main.TestSuiteExecutor.execute(TestSuiteExecutor.java:106)
	at com.kms.katalon.core.main.TestCaseMain.startTestSuite(TestCaseMain.java:180)
	at TempTestSuite1738104964704.run(TempTestSuite1738104964704.groovy:35)
	at java.base/jdk.internal.reflect.NativeMethodAccessorImpl.invoke0(Native Method)
	at java.base/jdk.internal.reflect.NativeMethodAccessorImpl.invoke(NativeMethodAccessorImpl.java:77)
	at java.base/jdk.internal.reflect.DelegatingMethodAccessorImpl.invoke(DelegatingMethodAccessorImpl.java:43)
Caused by: com.kms.katalon.core.exception.StepFailedException: com.kms.katalon.core.webui.exception.WebElementNotFoundException: Web element with id: 'Object Repository/Specific Cases Repository/LS/Client Profile/Lab Orders/Page_Lab Order/p_Successfully submitted Lab Order' located by '(.//*[normalize-space(text()) and normalize-space(.)='×'])[6]/following::p[1]' not found
	at com.kms.katalon.core.webui.keyword.internal.WebUIKeywordMain.stepFailed(WebUIKeywordMain.groovy:117)
	at com.kms.katalon.core.webui.keyword.builtin.VerifyElementTextKeyword$_verifyElementText_closure1.doCall(VerifyElementTextKeyword.groovy:64)
	at com.kms.katalon.core.webui.keyword.builtin.VerifyElementTextKeyword$_verifyElementText_closure1.call(VerifyElementTextKeyword.groovy)
	at com.kms.katalon.core.webui.keyword.internal.WebUIKeywordMain.runKeyword(WebUIKeywordMain.groovy:35)
	... 20 more]]></system-err>
      </testcase>
      <testcase name="Test Cases/Specific Cases/LS/Client Profile/PENDING - Orders" time="17.678" classname="Test Cases/Specific Cases/LS/Client Profile/PENDING - Orders" status="PASSED">
         <system-out><![CDATA[28-01-2025T18:17:00 - [TEST_CASE][PASSED] - Test Cases/Specific Cases/LS/Client Profile/PENDING - Orders: Test Cases/Specific Cases/LS/Client Profile/PENDING - Orders

28-01-2025T18:17:00 - [TEST_STEP][PASSED] - callTestCase(findTestCase("Common Cases/Login"), [:], STOP_ON_FAILURE): Call Test Case 'Test Cases/Common Cases/Login' successfully

28-01-2025T18:17:00 - [TEST_CASE][PASSED] - Test Cases/Common Cases/Login: Test Cases/Common Cases/Login

28-01-2025T18:17:00 - [TEST_STEP][PASSED] - openBrowser(""): Browser is opened with url: ''

28-01-2025T18:17:00 - [MESSAGE][WARNING] - A browser is already opened. Closing browser and opening a new one

28-01-2025T18:17:00 - [MESSAGE][INFO] - Starting 'Chrome' driver

28-01-2025T18:17:00 - [MESSAGE][INFO] - Action delay is set to 0 milliseconds

28-01-2025T18:17:01 - [MESSAGE][PASSED] - Browser is opened with url: ''

28-01-2025T18:17:01 - [TEST_STEP][PASSED] - maximizeWindow(): Current window maximized

28-01-2025T18:17:01 - [MESSAGE][PASSED] - Current window maximized

28-01-2025T18:17:01 - [TEST_STEP][PASSED] - navigateToUrl("https://site17.lsapp.cloud/auth/login"): Navigate to 'https://site17.lsapp.cloud/auth/login' successfully

28-01-2025T18:17:09 - [MESSAGE][PASSED] - Navigate to 'https://site17.lsapp.cloud/auth/login' successfully

28-01-2025T18:17:09 - [TEST_STEP][PASSED] - setText(findTestObject("Object Repository/Common Cases Repository/Login/Page_Lightning Step/input_Email_email"), "automation@lightningstep.com"): Text 'automation@lightningstep.com' is set on object 'Object Repository/Common Cases Repository/Login/Page_Lightning Step/input_Email_email'

28-01-2025T18:17:10 - [MESSAGE][PASSED] - Text 'automation@lightningstep.com' is set on object 'Object Repository/Common Cases Repository/Login/Page_Lightning Step/input_Email_email'

28-01-2025T18:17:10 - [TEST_STEP][PASSED] - setEncryptedText(findTestObject("Object Repository/Common Cases Repository/Login/Page_Lightning Step/input_Password_password"), "e5N8VHmnhJDITtQaQhDQDw=="): Text ****** has been set on object 'Object Repository/Common Cases Repository/Login/Page_Lightning Step/input_Password_password'

28-01-2025T18:17:10 - [MESSAGE][PASSED] - Text ****** has been set on object 'Object Repository/Common Cases Repository/Login/Page_Lightning Step/input_Password_password'

28-01-2025T18:17:10 - [TEST_STEP][PASSED] - click(findTestObject("Object Repository/Common Cases Repository/Login/Page_Lightning Step/button_Sign in")): Object: 'Object Repository/Common Cases Repository/Login/Page_Lightning Step/button_Sign in' is clicked on

28-01-2025T18:17:18 - [MESSAGE][PASSED] - Object: 'Object Repository/Common Cases Repository/Login/Page_Lightning Step/button_Sign in' is clicked on

28-01-2025T18:17:18 - [MESSAGE][PASSED] - Call Test Case 'Test Cases/Common Cases/Login' successfully]]></system-out>
         <system-err><![CDATA[]]></system-err>
      </testcase>
      <testcase name="Test Cases/Specific Cases/LS/Client Profile/Prescriptions/Prescriptions" time="65.61" classname="Test Cases/Specific Cases/LS/Client Profile/Prescriptions/Prescriptions" status="PASSED">
         <system-out><![CDATA[28-01-2025T18:17:18 - [TEST_CASE][PASSED] - Test Cases/Specific Cases/LS/Client Profile/Prescriptions/Prescriptions: Test Cases/Specific Cases/LS/Client Profile/Prescriptions/Prescriptions

28-01-2025T18:17:18 - [TEST_STEP][PASSED] - callTestCase(findTestCase("Common Cases/Login"), [:], STOP_ON_FAILURE): Call Test Case 'Test Cases/Common Cases/Login' successfully

28-01-2025T18:17:18 - [TEST_CASE][PASSED] - Test Cases/Common Cases/Login: Test Cases/Common Cases/Login

28-01-2025T18:17:18 - [TEST_STEP][PASSED] - openBrowser(""): Browser is opened with url: ''

28-01-2025T18:17:18 - [MESSAGE][WARNING] - A browser is already opened. Closing browser and opening a new one

28-01-2025T18:17:18 - [MESSAGE][INFO] - Starting 'Chrome' driver

28-01-2025T18:17:18 - [MESSAGE][INFO] - Action delay is set to 0 milliseconds

28-01-2025T18:17:19 - [MESSAGE][PASSED] - Browser is opened with url: ''

28-01-2025T18:17:19 - [TEST_STEP][PASSED] - maximizeWindow(): Current window maximized

28-01-2025T18:17:19 - [MESSAGE][PASSED] - Current window maximized

28-01-2025T18:17:19 - [TEST_STEP][PASSED] - navigateToUrl("https://site17.lsapp.cloud/auth/login"): Navigate to 'https://site17.lsapp.cloud/auth/login' successfully

28-01-2025T18:17:24 - [MESSAGE][PASSED] - Navigate to 'https://site17.lsapp.cloud/auth/login' successfully

28-01-2025T18:17:24 - [TEST_STEP][PASSED] - setText(findTestObject("Object Repository/Common Cases Repository/Login/Page_Lightning Step/input_Email_email"), "automation@lightningstep.com"): Text 'automation@lightningstep.com' is set on object 'Object Repository/Common Cases Repository/Login/Page_Lightning Step/input_Email_email'

28-01-2025T18:17:25 - [MESSAGE][PASSED] - Text 'automation@lightningstep.com' is set on object 'Object Repository/Common Cases Repository/Login/Page_Lightning Step/input_Email_email'

28-01-2025T18:17:25 - [TEST_STEP][PASSED] - setEncryptedText(findTestObject("Object Repository/Common Cases Repository/Login/Page_Lightning Step/input_Password_password"), "e5N8VHmnhJDITtQaQhDQDw=="): Text ****** has been set on object 'Object Repository/Common Cases Repository/Login/Page_Lightning Step/input_Password_password'

28-01-2025T18:17:25 - [MESSAGE][PASSED] - Text ****** has been set on object 'Object Repository/Common Cases Repository/Login/Page_Lightning Step/input_Password_password'

28-01-2025T18:17:25 - [TEST_STEP][PASSED] - click(findTestObject("Object Repository/Common Cases Repository/Login/Page_Lightning Step/button_Sign in")): Object: 'Object Repository/Common Cases Repository/Login/Page_Lightning Step/button_Sign in' is clicked on

28-01-2025T18:17:31 - [MESSAGE][PASSED] - Object: 'Object Repository/Common Cases Repository/Login/Page_Lightning Step/button_Sign in' is clicked on

28-01-2025T18:17:31 - [MESSAGE][PASSED] - Call Test Case 'Test Cases/Common Cases/Login' successfully

28-01-2025T18:17:31 - [TEST_STEP][PASSED] - navigateToUrl("https://site17.lsapp.cloud/client/index/1558?section=prescriptions"): Navigate to 'https://site17.lsapp.cloud/client/index/1558?section=prescriptions' successfully

28-01-2025T18:17:38 - [MESSAGE][PASSED] - Navigate to 'https://site17.lsapp.cloud/client/index/1558?section=prescriptions' successfully

28-01-2025T18:17:38 - [TEST_STEP][PASSED] - click(findTestObject("Object Repository/Specific Cases Repository/LS/Client Profile/Prescriptions/Prescriptions/Page_Client Profile/i_add")): Object: 'Object Repository/Specific Cases Repository/LS/Client Profile/Prescriptions/Prescriptions/Page_Client Profile/i_add' is clicked on

28-01-2025T18:17:41 - [MESSAGE][PASSED] - Object: 'Object Repository/Specific Cases Repository/LS/Client Profile/Prescriptions/Prescriptions/Page_Client Profile/i_add' is clicked on

28-01-2025T18:17:41 - [TEST_STEP][PASSED] - selectOptionByValue(findTestObject("Object Repository/Specific Cases Repository/LS/Client Profile/Prescriptions/Prescriptions/Page_New Prescription/select_--Select Medication--               _4550eb"), "Amoxil", true): All options with value 'Amoxil' are selected in object 'Object Repository/Specific Cases Repository/LS/Client Profile/Prescriptions/Prescriptions/Page_New Prescription/select_--Select Medication--               _4550eb'  using regular expression

28-01-2025T18:17:43 - [MESSAGE][PASSED] - All options with value 'Amoxil' are selected in object 'Object Repository/Specific Cases Repository/LS/Client Profile/Prescriptions/Prescriptions/Page_New Prescription/select_--Select Medication--               _4550eb'  using regular expression

28-01-2025T18:17:43 - [TEST_STEP][PASSED] - setText(findTestObject("Object Repository/Specific Cases Repository/LS/Client Profile/Prescriptions/Prescriptions/Page_New Prescription/input_Strength_Strength"), "10"): Text '10' is set on object 'Object Repository/Specific Cases Repository/LS/Client Profile/Prescriptions/Prescriptions/Page_New Prescription/input_Strength_Strength'

28-01-2025T18:17:44 - [MESSAGE][PASSED] - Text '10' is set on object 'Object Repository/Specific Cases Repository/LS/Client Profile/Prescriptions/Prescriptions/Page_New Prescription/input_Strength_Strength'

28-01-2025T18:17:44 - [TEST_STEP][PASSED] - selectOptionByValue(findTestObject("Object Repository/Specific Cases Repository/LS/Client Profile/Prescriptions/Prescriptions/Page_New Prescription/select_-- Not Selected --InhalerInjectionLo_92d90e"), "Injection", true): All options with value 'Injection' are selected in object 'Object Repository/Specific Cases Repository/LS/Client Profile/Prescriptions/Prescriptions/Page_New Prescription/select_-- Not Selected --InhalerInjectionLo_92d90e'  using regular expression

28-01-2025T18:17:45 - [MESSAGE][PASSED] - All options with value 'Injection' are selected in object 'Object Repository/Specific Cases Repository/LS/Client Profile/Prescriptions/Prescriptions/Page_New Prescription/select_-- Not Selected --InhalerInjectionLo_92d90e'  using regular expression

28-01-2025T18:17:45 - [TEST_STEP][PASSED] - selectOptionByValue(findTestObject("Object Repository/Specific Cases Repository/LS/Client Profile/Prescriptions/Prescriptions/Page_New Prescription/select_-- Not Selected --At MealsDailyEvery_c99cb7"), "Daily", true): All options with value 'Daily' are selected in object 'Object Repository/Specific Cases Repository/LS/Client Profile/Prescriptions/Prescriptions/Page_New Prescription/select_-- Not Selected --At MealsDailyEvery_c99cb7'  using regular expression

28-01-2025T18:17:46 - [MESSAGE][PASSED] - All options with value 'Daily' are selected in object 'Object Repository/Specific Cases Repository/LS/Client Profile/Prescriptions/Prescriptions/Page_New Prescription/select_-- Not Selected --At MealsDailyEvery_c99cb7'  using regular expression

28-01-2025T18:17:46 - [TEST_STEP][PASSED] - setText(findTestObject("Object Repository/Specific Cases Repository/LS/Client Profile/Prescriptions/Prescriptions/Page_New Prescription/input_Quantity_qtyavail"), "11"): Text '11' is set on object 'Object Repository/Specific Cases Repository/LS/Client Profile/Prescriptions/Prescriptions/Page_New Prescription/input_Quantity_qtyavail'

28-01-2025T18:17:46 - [MESSAGE][PASSED] - Text '11' is set on object 'Object Repository/Specific Cases Repository/LS/Client Profile/Prescriptions/Prescriptions/Page_New Prescription/input_Quantity_qtyavail'

28-01-2025T18:17:46 - [TEST_STEP][PASSED] - selectOptionByValue(findTestObject("Object Repository/Specific Cases Repository/LS/Client Profile/Prescriptions/Prescriptions/Page_New Prescription/select_01234"), "2", true): All options with value '2' are selected in object 'Object Repository/Specific Cases Repository/LS/Client Profile/Prescriptions/Prescriptions/Page_New Prescription/select_01234'  using regular expression

28-01-2025T18:17:47 - [MESSAGE][PASSED] - All options with value '2' are selected in object 'Object Repository/Specific Cases Repository/LS/Client Profile/Prescriptions/Prescriptions/Page_New Prescription/select_01234'  using regular expression

28-01-2025T18:17:47 - [TEST_STEP][PASSED] - setText(findTestObject("Object Repository/Specific Cases Repository/LS/Client Profile/Prescriptions/Prescriptions/Page_New Prescription/textarea_Purpose_purpose"), "Automation Purpose"): Text 'Automation Purpose' is set on object 'Object Repository/Specific Cases Repository/LS/Client Profile/Prescriptions/Prescriptions/Page_New Prescription/textarea_Purpose_purpose'

28-01-2025T18:17:48 - [MESSAGE][PASSED] - Text 'Automation Purpose' is set on object 'Object Repository/Specific Cases Repository/LS/Client Profile/Prescriptions/Prescriptions/Page_New Prescription/textarea_Purpose_purpose'

28-01-2025T18:17:48 - [TEST_STEP][PASSED] - setText(findTestObject("Object Repository/Specific Cases Repository/LS/Client Profile/Prescriptions/Prescriptions/Page_New Prescription/textarea_Instructions_Directions"), "Automation Instructions"): Text 'Automation Instructions' is set on object 'Object Repository/Specific Cases Repository/LS/Client Profile/Prescriptions/Prescriptions/Page_New Prescription/textarea_Instructions_Directions'

28-01-2025T18:17:49 - [MESSAGE][PASSED] - Text 'Automation Instructions' is set on object 'Object Repository/Specific Cases Repository/LS/Client Profile/Prescriptions/Prescriptions/Page_New Prescription/textarea_Instructions_Directions'

28-01-2025T18:17:49 - [TEST_STEP][PASSED] - selectOptionByValue(findTestObject("Object Repository/Specific Cases Repository/LS/Client Profile/Prescriptions/Prescriptions/Page_New Prescription/select_Enrique Carreno            Albert Da_40526a"), "1278", true): All options with value '1278' are selected in object 'Object Repository/Specific Cases Repository/LS/Client Profile/Prescriptions/Prescriptions/Page_New Prescription/select_Enrique Carreno            Albert Da_40526a'  using regular expression

28-01-2025T18:17:50 - [MESSAGE][PASSED] - All options with value '1278' are selected in object 'Object Repository/Specific Cases Repository/LS/Client Profile/Prescriptions/Prescriptions/Page_New Prescription/select_Enrique Carreno            Albert Da_40526a'  using regular expression

28-01-2025T18:17:50 - [TEST_STEP][PASSED] - selectOptionByValue(findTestObject("Object Repository/Specific Cases Repository/LS/Client Profile/Prescriptions/Prescriptions/Page_New Prescription/select_Enrique Carreno            Albert Da_40526a"), "1302", true): All options with value '1302' are selected in object 'Object Repository/Specific Cases Repository/LS/Client Profile/Prescriptions/Prescriptions/Page_New Prescription/select_Enrique Carreno            Albert Da_40526a'  using regular expression

28-01-2025T18:17:50 - [MESSAGE][PASSED] - All options with value '1302' are selected in object 'Object Repository/Specific Cases Repository/LS/Client Profile/Prescriptions/Prescriptions/Page_New Prescription/select_Enrique Carreno            Albert Da_40526a'  using regular expression

28-01-2025T18:17:50 - [TEST_STEP][PASSED] - setText(findTestObject("Object Repository/Specific Cases Repository/LS/Client Profile/Prescriptions/Prescriptions/Page_New Prescription/input_Prescriber_prescriber"), "Automation Prescriber"): Text 'Automation Prescriber' is set on object 'Object Repository/Specific Cases Repository/LS/Client Profile/Prescriptions/Prescriptions/Page_New Prescription/input_Prescriber_prescriber'

28-01-2025T18:17:51 - [MESSAGE][PASSED] - Text 'Automation Prescriber' is set on object 'Object Repository/Specific Cases Repository/LS/Client Profile/Prescriptions/Prescriptions/Page_New Prescription/input_Prescriber_prescriber'

28-01-2025T18:17:51 - [TEST_STEP][PASSED] - setText(findTestObject("Object Repository/Specific Cases Repository/LS/Client Profile/Prescriptions/Prescriptions/Page_New Prescription/input_Pharmacy_PharmacyStoreName"), "Automation Pharmacy"): Text 'Automation Pharmacy' is set on object 'Object Repository/Specific Cases Repository/LS/Client Profile/Prescriptions/Prescriptions/Page_New Prescription/input_Pharmacy_PharmacyStoreName'

28-01-2025T18:17:52 - [MESSAGE][PASSED] - Text 'Automation Pharmacy' is set on object 'Object Repository/Specific Cases Repository/LS/Client Profile/Prescriptions/Prescriptions/Page_New Prescription/input_Pharmacy_PharmacyStoreName'

28-01-2025T18:17:52 - [TEST_STEP][PASSED] - setText(findTestObject("Object Repository/Specific Cases Repository/LS/Client Profile/Prescriptions/Prescriptions/Page_New Prescription/input_When Started_whenstart"), "13"): Text '13' is set on object 'Object Repository/Specific Cases Repository/LS/Client Profile/Prescriptions/Prescriptions/Page_New Prescription/input_When Started_whenstart'

28-01-2025T18:17:52 - [MESSAGE][PASSED] - Text '13' is set on object 'Object Repository/Specific Cases Repository/LS/Client Profile/Prescriptions/Prescriptions/Page_New Prescription/input_When Started_whenstart'

28-01-2025T18:17:52 - [TEST_STEP][PASSED] - setText(findTestObject("Object Repository/Specific Cases Repository/LS/Client Profile/Prescriptions/Prescriptions/Page_New Prescription/input_Last Taken_lasttaken"), "14"): Text '14' is set on object 'Object Repository/Specific Cases Repository/LS/Client Profile/Prescriptions/Prescriptions/Page_New Prescription/input_Last Taken_lasttaken'

28-01-2025T18:17:53 - [MESSAGE][PASSED] - Text '14' is set on object 'Object Repository/Specific Cases Repository/LS/Client Profile/Prescriptions/Prescriptions/Page_New Prescription/input_Last Taken_lasttaken'

28-01-2025T18:17:53 - [TEST_STEP][PASSED] - selectOptionByValue(findTestObject("Object Repository/Specific Cases Repository/LS/Client Profile/Prescriptions/Prescriptions/Page_New Prescription/select_----        Yes        No"), "1", true): All options with value '1' are selected in object 'Object Repository/Specific Cases Repository/LS/Client Profile/Prescriptions/Prescriptions/Page_New Prescription/select_----        Yes        No'  using regular expression

28-01-2025T18:17:54 - [MESSAGE][PASSED] - All options with value '1' are selected in object 'Object Repository/Specific Cases Repository/LS/Client Profile/Prescriptions/Prescriptions/Page_New Prescription/select_----        Yes        No'  using regular expression

28-01-2025T18:17:54 - [TEST_STEP][PASSED] - selectOptionByValue(findTestObject("Object Repository/Specific Cases Repository/LS/Client Profile/Prescriptions/Prescriptions/Page_New Prescription/select_----    Yes    No"), "No", true): All options with value 'No' are selected in object 'Object Repository/Specific Cases Repository/LS/Client Profile/Prescriptions/Prescriptions/Page_New Prescription/select_----    Yes    No'  using regular expression

28-01-2025T18:17:55 - [MESSAGE][PASSED] - All options with value 'No' are selected in object 'Object Repository/Specific Cases Repository/LS/Client Profile/Prescriptions/Prescriptions/Page_New Prescription/select_----    Yes    No'  using regular expression

28-01-2025T18:17:55 - [TEST_STEP][PASSED] - selectOptionByValue(findTestObject("Object Repository/Specific Cases Repository/LS/Client Profile/Prescriptions/Prescriptions/Page_New Prescription/select_----    Yes    No_1"), "Yes", true): All options with value 'Yes' are selected in object 'Object Repository/Specific Cases Repository/LS/Client Profile/Prescriptions/Prescriptions/Page_New Prescription/select_----    Yes    No_1'  using regular expression

28-01-2025T18:17:56 - [MESSAGE][PASSED] - All options with value 'Yes' are selected in object 'Object Repository/Specific Cases Repository/LS/Client Profile/Prescriptions/Prescriptions/Page_New Prescription/select_----    Yes    No_1'  using regular expression

28-01-2025T18:17:56 - [TEST_STEP][PASSED] - setText(findTestObject("Object Repository/Specific Cases Repository/LS/Client Profile/Prescriptions/Prescriptions/Page_New Prescription/input_Total Quantity_qtyavail"), "Automation Total Quantity"): Text 'Automation Total Quantity' is set on object 'Object Repository/Specific Cases Repository/LS/Client Profile/Prescriptions/Prescriptions/Page_New Prescription/input_Total Quantity_qtyavail'

28-01-2025T18:17:57 - [MESSAGE][PASSED] - Text 'Automation Total Quantity' is set on object 'Object Repository/Specific Cases Repository/LS/Client Profile/Prescriptions/Prescriptions/Page_New Prescription/input_Total Quantity_qtyavail'

28-01-2025T18:17:57 - [TEST_STEP][PASSED] - setText(findTestObject("Object Repository/Specific Cases Repository/LS/Client Profile/Prescriptions/Prescriptions/Page_New Prescription/input_Quantity for Each Dose_qtydose"), "Automation Quantity for Each Dose"): Text 'Automation Quantity for Each Dose' is set on object 'Object Repository/Specific Cases Repository/LS/Client Profile/Prescriptions/Prescriptions/Page_New Prescription/input_Quantity for Each Dose_qtydose'

28-01-2025T18:17:57 - [MESSAGE][PASSED] - Text 'Automation Quantity for Each Dose' is set on object 'Object Repository/Specific Cases Repository/LS/Client Profile/Prescriptions/Prescriptions/Page_New Prescription/input_Quantity for Each Dose_qtydose'

28-01-2025T18:17:57 - [TEST_STEP][PASSED] - setText(findTestObject("Object Repository/Specific Cases Repository/LS/Client Profile/Prescriptions/Prescriptions/Page_New Prescription/input_RX_rxnumber"), "081088"): Text '081088' is set on object 'Object Repository/Specific Cases Repository/LS/Client Profile/Prescriptions/Prescriptions/Page_New Prescription/input_RX_rxnumber'

28-01-2025T18:17:58 - [MESSAGE][PASSED] - Text '081088' is set on object 'Object Repository/Specific Cases Repository/LS/Client Profile/Prescriptions/Prescriptions/Page_New Prescription/input_RX_rxnumber'

28-01-2025T18:17:58 - [TEST_STEP][PASSED] - click(findTestObject("Object Repository/Specific Cases Repository/LS/Client Profile/Prescriptions/Prescriptions/Page_New Prescription/button_Save")): Object: 'Object Repository/Specific Cases Repository/LS/Client Profile/Prescriptions/Prescriptions/Page_New Prescription/button_Save' is clicked on

28-01-2025T18:18:05 - [MESSAGE][PASSED] - Object: 'Object Repository/Specific Cases Repository/LS/Client Profile/Prescriptions/Prescriptions/Page_New Prescription/button_Save' is clicked on

28-01-2025T18:18:05 - [TEST_STEP][PASSED] - verifyElementText(findTestObject("Object Repository/Specific Cases Repository/LS/Client Profile/Prescriptions/Prescriptions/Page_Client Profile/td_12032024"), Todays_Date): Actual text and expected text of test object 'Object Repository/Specific Cases Repository/LS/Client Profile/Prescriptions/Prescriptions/Page_Client Profile/td_12032024' are matched.

28-01-2025T18:18:07 - [MESSAGE][PASSED] - Actual text and expected text of test object 'Object Repository/Specific Cases Repository/LS/Client Profile/Prescriptions/Prescriptions/Page_Client Profile/td_12032024' are matched.

28-01-2025T18:18:07 - [TEST_STEP][PASSED] - verifyElementText(findTestObject("Object Repository/Specific Cases Repository/LS/Client Profile/Prescriptions/Prescriptions/Page_Client Profile/td_Amoxil"), "Amoxil"): Actual text and expected text of test object 'Object Repository/Specific Cases Repository/LS/Client Profile/Prescriptions/Prescriptions/Page_Client Profile/td_Amoxil' are matched.

28-01-2025T18:18:07 - [MESSAGE][PASSED] - Actual text and expected text of test object 'Object Repository/Specific Cases Repository/LS/Client Profile/Prescriptions/Prescriptions/Page_Client Profile/td_Amoxil' are matched.

28-01-2025T18:18:07 - [TEST_STEP][PASSED] - verifyElementText(findTestObject("Object Repository/Specific Cases Repository/LS/Client Profile/Prescriptions/Prescriptions/Page_Client Profile/td_10"), "10"): Actual text and expected text of test object 'Object Repository/Specific Cases Repository/LS/Client Profile/Prescriptions/Prescriptions/Page_Client Profile/td_10' are matched.

28-01-2025T18:18:07 - [MESSAGE][PASSED] - Actual text and expected text of test object 'Object Repository/Specific Cases Repository/LS/Client Profile/Prescriptions/Prescriptions/Page_Client Profile/td_10' are matched.

28-01-2025T18:18:07 - [TEST_STEP][PASSED] - verifyElementText(findTestObject("Object Repository/Specific Cases Repository/LS/Client Profile/Prescriptions/Prescriptions/Page_Client Profile/td_Injectable"), "Injectable"): Actual text and expected text of test object 'Object Repository/Specific Cases Repository/LS/Client Profile/Prescriptions/Prescriptions/Page_Client Profile/td_Injectable' are matched.

28-01-2025T18:18:08 - [MESSAGE][PASSED] - Actual text and expected text of test object 'Object Repository/Specific Cases Repository/LS/Client Profile/Prescriptions/Prescriptions/Page_Client Profile/td_Injectable' are matched.

28-01-2025T18:18:08 - [TEST_STEP][PASSED] - verifyElementText(findTestObject("Object Repository/Specific Cases Repository/LS/Client Profile/Prescriptions/Prescriptions/Page_Client Profile/td_Daily"), "Daily"): Actual text and expected text of test object 'Object Repository/Specific Cases Repository/LS/Client Profile/Prescriptions/Prescriptions/Page_Client Profile/td_Daily' are matched.

28-01-2025T18:18:08 - [MESSAGE][PASSED] - Actual text and expected text of test object 'Object Repository/Specific Cases Repository/LS/Client Profile/Prescriptions/Prescriptions/Page_Client Profile/td_Daily' are matched.

28-01-2025T18:18:08 - [TEST_STEP][PASSED] - verifyElementText(findTestObject("Object Repository/Specific Cases Repository/LS/Client Profile/Prescriptions/Prescriptions/Page_Client Profile/td_Automation Prescriber"), "Automation Prescriber"): Actual text and expected text of test object 'Object Repository/Specific Cases Repository/LS/Client Profile/Prescriptions/Prescriptions/Page_Client Profile/td_Automation Prescriber' are matched.

28-01-2025T18:18:08 - [MESSAGE][PASSED] - Actual text and expected text of test object 'Object Repository/Specific Cases Repository/LS/Client Profile/Prescriptions/Prescriptions/Page_Client Profile/td_Automation Prescriber' are matched.

28-01-2025T18:18:08 - [TEST_STEP][PASSED] - verifyElementText(findTestObject("Object Repository/Specific Cases Repository/LS/Client Profile/Prescriptions/Prescriptions/Page_Client Profile/td_Automation Instructions"), "Automation Instructions"): Actual text and expected text of test object 'Object Repository/Specific Cases Repository/LS/Client Profile/Prescriptions/Prescriptions/Page_Client Profile/td_Automation Instructions' are matched.

28-01-2025T18:18:08 - [MESSAGE][PASSED] - Actual text and expected text of test object 'Object Repository/Specific Cases Repository/LS/Client Profile/Prescriptions/Prescriptions/Page_Client Profile/td_Automation Instructions' are matched.

28-01-2025T18:18:08 - [TEST_STEP][PASSED] - verifyElementText(findTestObject("Object Repository/Specific Cases Repository/LS/Client Profile/Prescriptions/Prescriptions/Page_Client Profile/td_Prescribed"), "Prescribed"): Actual text and expected text of test object 'Object Repository/Specific Cases Repository/LS/Client Profile/Prescriptions/Prescriptions/Page_Client Profile/td_Prescribed' are matched.

28-01-2025T18:18:09 - [MESSAGE][PASSED] - Actual text and expected text of test object 'Object Repository/Specific Cases Repository/LS/Client Profile/Prescriptions/Prescriptions/Page_Client Profile/td_Prescribed' are matched.

28-01-2025T18:18:09 - [TEST_STEP][PASSED] - click(findTestObject("Object Repository/Specific Cases Repository/LS/Client Profile/Prescriptions/Prescriptions/Page_Client Profile/i_Prescribed_fa fa-pencil")): Object: 'Object Repository/Specific Cases Repository/LS/Client Profile/Prescriptions/Prescriptions/Page_Client Profile/i_Prescribed_fa fa-pencil' is clicked on

28-01-2025T18:18:11 - [MESSAGE][PASSED] - Object: 'Object Repository/Specific Cases Repository/LS/Client Profile/Prescriptions/Prescriptions/Page_Client Profile/i_Prescribed_fa fa-pencil' is clicked on

28-01-2025T18:18:11 - [TEST_STEP][PASSED] - click(findTestObject("Object Repository/Specific Cases Repository/LS/Client Profile/Prescriptions/Prescriptions/Page_Prescription/span_Controlled Substance_check")): Object: 'Object Repository/Specific Cases Repository/LS/Client Profile/Prescriptions/Prescriptions/Page_Prescription/span_Controlled Substance_check' is clicked on

28-01-2025T18:18:12 - [MESSAGE][PASSED] - Object: 'Object Repository/Specific Cases Repository/LS/Client Profile/Prescriptions/Prescriptions/Page_Prescription/span_Controlled Substance_check' is clicked on

28-01-2025T18:18:12 - [TEST_STEP][PASSED] - click(findTestObject("Object Repository/Specific Cases Repository/LS/Client Profile/Prescriptions/Prescriptions/Page_Prescription/span_Sign and Lock_check")): Object: 'Object Repository/Specific Cases Repository/LS/Client Profile/Prescriptions/Prescriptions/Page_Prescription/span_Sign and Lock_check' is clicked on

28-01-2025T18:18:12 - [MESSAGE][PASSED] - Object: 'Object Repository/Specific Cases Repository/LS/Client Profile/Prescriptions/Prescriptions/Page_Prescription/span_Sign and Lock_check' is clicked on

28-01-2025T18:18:12 - [TEST_STEP][PASSED] - click(findTestObject("Object Repository/Specific Cases Repository/LS/Client Profile/Prescriptions/Prescriptions/Page_Prescription/button_Save")): Object: 'Object Repository/Specific Cases Repository/LS/Client Profile/Prescriptions/Prescriptions/Page_Prescription/button_Save' is clicked on

28-01-2025T18:18:19 - [MESSAGE][PASSED] - Object: 'Object Repository/Specific Cases Repository/LS/Client Profile/Prescriptions/Prescriptions/Page_Prescription/button_Save' is clicked on

28-01-2025T18:18:19 - [TEST_STEP][PASSED] - click(findTestObject("Object Repository/Specific Cases Repository/LS/Client Profile/Prescriptions/Prescriptions/Page_Client Profile/i_Prescribed_fa fa-pencil")): Object: 'Object Repository/Specific Cases Repository/LS/Client Profile/Prescriptions/Prescriptions/Page_Client Profile/i_Prescribed_fa fa-pencil' is clicked on

28-01-2025T18:18:22 - [MESSAGE][PASSED] - Object: 'Object Repository/Specific Cases Repository/LS/Client Profile/Prescriptions/Prescriptions/Page_Client Profile/i_Prescribed_fa fa-pencil' is clicked on

28-01-2025T18:18:22 - [TEST_STEP][PASSED] - verifyElementPresent(findTestObject("Object Repository/Specific Cases Repository/LS/Client Profile/Prescriptions/Prescriptions/Page_Prescription/img"), 0): Object 'Object Repository/Specific Cases Repository/LS/Client Profile/Prescriptions/Prescriptions/Page_Prescription/img' is present

28-01-2025T18:18:22 - [MESSAGE][WARNING] - Timeout '0' is invalid. Using default page load timeout: '30'

28-01-2025T18:18:22 - [MESSAGE][PASSED] - Object 'Object Repository/Specific Cases Repository/LS/Client Profile/Prescriptions/Prescriptions/Page_Prescription/img' is present

28-01-2025T18:18:23 - [TEST_STEP][PASSED] - verifyElementText(findTestObject("Object Repository/Specific Cases Repository/LS/Client Profile/Prescriptions/Prescriptions/Page_Prescription/span_Document may not be changed"), "Document may not be changed."): Actual text and expected text of test object 'Object Repository/Specific Cases Repository/LS/Client Profile/Prescriptions/Prescriptions/Page_Prescription/span_Document may not be changed' are matched.

28-01-2025T18:18:23 - [MESSAGE][PASSED] - Actual text and expected text of test object 'Object Repository/Specific Cases Repository/LS/Client Profile/Prescriptions/Prescriptions/Page_Prescription/span_Document may not be changed' are matched.

28-01-2025T18:18:23 - [TEST_STEP][PASSED] - closeBrowser(): Browser is closed

28-01-2025T18:18:23 - [MESSAGE][PASSED] - Browser is closed]]></system-out>
         <system-err><![CDATA[]]></system-err>
      </testcase>
      <testcase name="Test Cases/Specific Cases/LS/Client Profile/Prescriptions/PENDING-Injection Logs" time="0.045" classname="Test Cases/Specific Cases/LS/Client Profile/Prescriptions/PENDING-Injection Logs" status="PASSED">
         <system-out><![CDATA[28-01-2025T18:18:23 - [TEST_CASE][PASSED] - Test Cases/Specific Cases/LS/Client Profile/Prescriptions/PENDING-Injection Logs: Test Cases/Specific Cases/LS/Client Profile/Prescriptions/PENDING-Injection Logs

28-01-2025T18:18:23 - [TEST_STEP][PASSED] - return null: null]]></system-out>
         <system-err><![CDATA[]]></system-err>
      </testcase>
      <testcase name="Test Cases/Specific Cases/LS/Client Profile/Prescriptions/PENDING-Medication Logs" time="12.518" classname="Test Cases/Specific Cases/LS/Client Profile/Prescriptions/PENDING-Medication Logs" status="PASSED">
         <system-out><![CDATA[28-01-2025T18:18:23 - [TEST_CASE][PASSED] - Test Cases/Specific Cases/LS/Client Profile/Prescriptions/PENDING-Medication Logs: Test Cases/Specific Cases/LS/Client Profile/Prescriptions/PENDING-Medication Logs

28-01-2025T18:18:23 - [TEST_STEP][PASSED] - callTestCase(findTestCase("Common Cases/Login"), [:], STOP_ON_FAILURE): Call Test Case 'Test Cases/Common Cases/Login' successfully

28-01-2025T18:18:23 - [TEST_CASE][PASSED] - Test Cases/Common Cases/Login: Test Cases/Common Cases/Login

28-01-2025T18:18:23 - [TEST_STEP][PASSED] - openBrowser(""): Browser is opened with url: ''

28-01-2025T18:18:23 - [MESSAGE][INFO] - Starting 'Chrome' driver

28-01-2025T18:18:23 - [MESSAGE][INFO] - Action delay is set to 0 milliseconds

28-01-2025T18:18:24 - [MESSAGE][PASSED] - Browser is opened with url: ''

28-01-2025T18:18:24 - [TEST_STEP][PASSED] - maximizeWindow(): Current window maximized

28-01-2025T18:18:24 - [MESSAGE][PASSED] - Current window maximized

28-01-2025T18:18:24 - [TEST_STEP][PASSED] - navigateToUrl("https://site17.lsapp.cloud/auth/login"): Navigate to 'https://site17.lsapp.cloud/auth/login' successfully

28-01-2025T18:18:28 - [MESSAGE][PASSED] - Navigate to 'https://site17.lsapp.cloud/auth/login' successfully

28-01-2025T18:18:28 - [TEST_STEP][PASSED] - setText(findTestObject("Object Repository/Common Cases Repository/Login/Page_Lightning Step/input_Email_email"), "automation@lightningstep.com"): Text 'automation@lightningstep.com' is set on object 'Object Repository/Common Cases Repository/Login/Page_Lightning Step/input_Email_email'

28-01-2025T18:18:29 - [MESSAGE][PASSED] - Text 'automation@lightningstep.com' is set on object 'Object Repository/Common Cases Repository/Login/Page_Lightning Step/input_Email_email'

28-01-2025T18:18:29 - [TEST_STEP][PASSED] - setEncryptedText(findTestObject("Object Repository/Common Cases Repository/Login/Page_Lightning Step/input_Password_password"), "e5N8VHmnhJDITtQaQhDQDw=="): Text ****** has been set on object 'Object Repository/Common Cases Repository/Login/Page_Lightning Step/input_Password_password'

28-01-2025T18:18:30 - [MESSAGE][PASSED] - Text ****** has been set on object 'Object Repository/Common Cases Repository/Login/Page_Lightning Step/input_Password_password'

28-01-2025T18:18:30 - [TEST_STEP][PASSED] - click(findTestObject("Object Repository/Common Cases Repository/Login/Page_Lightning Step/button_Sign in")): Object: 'Object Repository/Common Cases Repository/Login/Page_Lightning Step/button_Sign in' is clicked on

28-01-2025T18:18:36 - [MESSAGE][PASSED] - Object: 'Object Repository/Common Cases Repository/Login/Page_Lightning Step/button_Sign in' is clicked on

28-01-2025T18:18:36 - [MESSAGE][PASSED] - Call Test Case 'Test Cases/Common Cases/Login' successfully]]></system-out>
         <system-err><![CDATA[]]></system-err>
      </testcase>
      <testcase name="Test Cases/Specific Cases/LS/Client Profile/Prescriptions/Prescription Dispositions" time="43.199" classname="Test Cases/Specific Cases/LS/Client Profile/Prescriptions/Prescription Dispositions" status="PASSED">
         <system-out><![CDATA[28-01-2025T18:18:36 - [TEST_CASE][PASSED] - Test Cases/Specific Cases/LS/Client Profile/Prescriptions/Prescription Dispositions: Test Cases/Specific Cases/LS/Client Profile/Prescriptions/Prescription Dispositions

28-01-2025T18:18:36 - [TEST_STEP][PASSED] - callTestCase(findTestCase("Common Cases/Login"), [:], STOP_ON_FAILURE): Call Test Case 'Test Cases/Common Cases/Login' successfully

28-01-2025T18:18:36 - [TEST_CASE][PASSED] - Test Cases/Common Cases/Login: Test Cases/Common Cases/Login

28-01-2025T18:18:36 - [TEST_STEP][PASSED] - openBrowser(""): Browser is opened with url: ''

28-01-2025T18:18:36 - [MESSAGE][WARNING] - A browser is already opened. Closing browser and opening a new one

28-01-2025T18:18:36 - [MESSAGE][INFO] - Starting 'Chrome' driver

28-01-2025T18:18:36 - [MESSAGE][INFO] - Action delay is set to 0 milliseconds

28-01-2025T18:18:37 - [MESSAGE][PASSED] - Browser is opened with url: ''

28-01-2025T18:18:37 - [TEST_STEP][PASSED] - maximizeWindow(): Current window maximized

28-01-2025T18:18:37 - [MESSAGE][PASSED] - Current window maximized

28-01-2025T18:18:37 - [TEST_STEP][PASSED] - navigateToUrl("https://site17.lsapp.cloud/auth/login"): Navigate to 'https://site17.lsapp.cloud/auth/login' successfully

28-01-2025T18:18:42 - [MESSAGE][PASSED] - Navigate to 'https://site17.lsapp.cloud/auth/login' successfully

28-01-2025T18:18:42 - [TEST_STEP][PASSED] - setText(findTestObject("Object Repository/Common Cases Repository/Login/Page_Lightning Step/input_Email_email"), "automation@lightningstep.com"): Text 'automation@lightningstep.com' is set on object 'Object Repository/Common Cases Repository/Login/Page_Lightning Step/input_Email_email'

28-01-2025T18:18:43 - [MESSAGE][PASSED] - Text 'automation@lightningstep.com' is set on object 'Object Repository/Common Cases Repository/Login/Page_Lightning Step/input_Email_email'

28-01-2025T18:18:43 - [TEST_STEP][PASSED] - setEncryptedText(findTestObject("Object Repository/Common Cases Repository/Login/Page_Lightning Step/input_Password_password"), "e5N8VHmnhJDITtQaQhDQDw=="): Text ****** has been set on object 'Object Repository/Common Cases Repository/Login/Page_Lightning Step/input_Password_password'

28-01-2025T18:18:43 - [MESSAGE][PASSED] - Text ****** has been set on object 'Object Repository/Common Cases Repository/Login/Page_Lightning Step/input_Password_password'

28-01-2025T18:18:43 - [TEST_STEP][PASSED] - click(findTestObject("Object Repository/Common Cases Repository/Login/Page_Lightning Step/button_Sign in")): Object: 'Object Repository/Common Cases Repository/Login/Page_Lightning Step/button_Sign in' is clicked on

28-01-2025T18:18:52 - [MESSAGE][PASSED] - Object: 'Object Repository/Common Cases Repository/Login/Page_Lightning Step/button_Sign in' is clicked on

28-01-2025T18:18:52 - [MESSAGE][PASSED] - Call Test Case 'Test Cases/Common Cases/Login' successfully

28-01-2025T18:18:52 - [TEST_STEP][PASSED] - navigateToUrl("https://site17.lsapp.cloud/client/index/1558?section=prescriptions"): Navigate to 'https://site17.lsapp.cloud/client/index/1558?section=prescriptions' successfully

28-01-2025T18:19:02 - [MESSAGE][PASSED] - Navigate to 'https://site17.lsapp.cloud/client/index/1558?section=prescriptions' successfully

28-01-2025T18:19:02 - [TEST_STEP][PASSED] - click(findTestObject("Object Repository/Specific Cases Repository/LS/Client Profile/Prescriptions/Prescription Dispositions/Page_Client Profile/i_add")): Object: 'Object Repository/Specific Cases Repository/LS/Client Profile/Prescriptions/Prescription Dispositions/Page_Client Profile/i_add' is clicked on

28-01-2025T18:19:05 - [MESSAGE][PASSED] - Object: 'Object Repository/Specific Cases Repository/LS/Client Profile/Prescriptions/Prescription Dispositions/Page_Client Profile/i_add' is clicked on

28-01-2025T18:19:05 - [TEST_STEP][PASSED] - verifyElementText(findTestObject("Object Repository/Specific Cases Repository/LS/Client Profile/Prescriptions/Prescription Dispositions/Page_Prescriptions/td_Amoxil"), "Amoxil"): Actual text and expected text of test object 'Object Repository/Specific Cases Repository/LS/Client Profile/Prescriptions/Prescription Dispositions/Page_Prescriptions/td_Amoxil' are matched.

28-01-2025T18:19:06 - [MESSAGE][PASSED] - Actual text and expected text of test object 'Object Repository/Specific Cases Repository/LS/Client Profile/Prescriptions/Prescription Dispositions/Page_Prescriptions/td_Amoxil' are matched.

28-01-2025T18:19:06 - [TEST_STEP][PASSED] - verifyElementText(findTestObject("Object Repository/Specific Cases Repository/LS/Client Profile/Prescriptions/Prescription Dispositions/Page_Prescriptions/td_10 Injection"), "10 Injection"): Actual text and expected text of test object 'Object Repository/Specific Cases Repository/LS/Client Profile/Prescriptions/Prescription Dispositions/Page_Prescriptions/td_10 Injection' are matched.

28-01-2025T18:19:06 - [MESSAGE][PASSED] - Actual text and expected text of test object 'Object Repository/Specific Cases Repository/LS/Client Profile/Prescriptions/Prescription Dispositions/Page_Prescriptions/td_10 Injection' are matched.

28-01-2025T18:19:06 - [TEST_STEP][PASSED] - verifyElementText(findTestObject("Object Repository/Specific Cases Repository/LS/Client Profile/Prescriptions/Prescription Dispositions/Page_Prescriptions/td_Injectable"), "Injectable"): Actual text and expected text of test object 'Object Repository/Specific Cases Repository/LS/Client Profile/Prescriptions/Prescription Dispositions/Page_Prescriptions/td_Injectable' are matched.

28-01-2025T18:19:07 - [MESSAGE][PASSED] - Actual text and expected text of test object 'Object Repository/Specific Cases Repository/LS/Client Profile/Prescriptions/Prescription Dispositions/Page_Prescriptions/td_Injectable' are matched.

28-01-2025T18:19:07 - [TEST_STEP][PASSED] - verifyElementText(findTestObject("Object Repository/Specific Cases Repository/LS/Client Profile/Prescriptions/Prescription Dispositions/Page_Prescriptions/td_Automation Instructions"), "Automation Instructions"): Actual text and expected text of test object 'Object Repository/Specific Cases Repository/LS/Client Profile/Prescriptions/Prescription Dispositions/Page_Prescriptions/td_Automation Instructions' are matched.

28-01-2025T18:19:07 - [MESSAGE][PASSED] - Actual text and expected text of test object 'Object Repository/Specific Cases Repository/LS/Client Profile/Prescriptions/Prescription Dispositions/Page_Prescriptions/td_Automation Instructions' are matched.

28-01-2025T18:19:07 - [TEST_STEP][PASSED] - click(findTestObject("Object Repository/Specific Cases Repository/LS/Client Profile/Prescriptions/Prescription Dispositions/Page_Prescriptions/i_Prescribed_fa fa-edit")): Object: 'Object Repository/Specific Cases Repository/LS/Client Profile/Prescriptions/Prescription Dispositions/Page_Prescriptions/i_Prescribed_fa fa-edit' is clicked on

28-01-2025T18:19:07 - [MESSAGE][PASSED] - Object: 'Object Repository/Specific Cases Repository/LS/Client Profile/Prescriptions/Prescription Dispositions/Page_Prescriptions/i_Prescribed_fa fa-edit' is clicked on

28-01-2025T18:19:07 - [TEST_STEP][PASSED] - selectOptionByValue(findTestObject("Object Repository/Specific Cases Repository/LS/Client Profile/Prescriptions/Prescription Dispositions/Page_Prescriptions/select_Enrique Carreno (no DoseSpot ID)    _386592"), "111111", true): All options with value '111111' are selected in object 'Object Repository/Specific Cases Repository/LS/Client Profile/Prescriptions/Prescription Dispositions/Page_Prescriptions/select_Enrique Carreno (no DoseSpot ID)    _386592'  using regular expression

28-01-2025T18:19:10 - [MESSAGE][PASSED] - All options with value '111111' are selected in object 'Object Repository/Specific Cases Repository/LS/Client Profile/Prescriptions/Prescription Dispositions/Page_Prescriptions/select_Enrique Carreno (no DoseSpot ID)    _386592'  using regular expression

28-01-2025T18:19:10 - [TEST_STEP][PASSED] - selectOptionByValue(findTestObject("Object Repository/Specific Cases Repository/LS/Client Profile/Prescriptions/Prescription Dispositions/Page_Prescriptions/select_--Select Frequency--              As_f44237"), "110", true): All options with value '110' are selected in object 'Object Repository/Specific Cases Repository/LS/Client Profile/Prescriptions/Prescription Dispositions/Page_Prescriptions/select_--Select Frequency--              As_f44237'  using regular expression

28-01-2025T18:19:11 - [MESSAGE][PASSED] - All options with value '110' are selected in object 'Object Repository/Specific Cases Repository/LS/Client Profile/Prescriptions/Prescription Dispositions/Page_Prescriptions/select_--Select Frequency--              As_f44237'  using regular expression

28-01-2025T18:19:11 - [TEST_STEP][PASSED] - setText(findTestObject("Object Repository/Specific Cases Repository/LS/Client Profile/Prescriptions/Prescription Dispositions/Page_Prescriptions/input_Purpose_dispopurpose"), "Automation Purpose"): Text 'Automation Purpose' is set on object 'Object Repository/Specific Cases Repository/LS/Client Profile/Prescriptions/Prescription Dispositions/Page_Prescriptions/input_Purpose_dispopurpose'

28-01-2025T18:19:11 - [MESSAGE][PASSED] - Text 'Automation Purpose' is set on object 'Object Repository/Specific Cases Repository/LS/Client Profile/Prescriptions/Prescription Dispositions/Page_Prescriptions/input_Purpose_dispopurpose'

28-01-2025T18:19:11 - [TEST_STEP][PASSED] - click(findTestObject("Object Repository/Specific Cases Repository/LS/Client Profile/Prescriptions/Prescription Dispositions/Page_Prescriptions/button_Save")): Object: 'Object Repository/Specific Cases Repository/LS/Client Profile/Prescriptions/Prescription Dispositions/Page_Prescriptions/button_Save' is clicked on

28-01-2025T18:19:12 - [MESSAGE][PASSED] - Object: 'Object Repository/Specific Cases Repository/LS/Client Profile/Prescriptions/Prescription Dispositions/Page_Prescriptions/button_Save' is clicked on

28-01-2025T18:19:12 - [TEST_STEP][PASSED] - click(findTestObject("Object Repository/Specific Cases Repository/LS/Client Profile/Prescriptions/Prescription Dispositions/Page_Prescriptions/a_Return")): Object: 'Object Repository/Specific Cases Repository/LS/Client Profile/Prescriptions/Prescription Dispositions/Page_Prescriptions/a_Return' is clicked on

28-01-2025T18:19:19 - [MESSAGE][PASSED] - Object: 'Object Repository/Specific Cases Repository/LS/Client Profile/Prescriptions/Prescription Dispositions/Page_Prescriptions/a_Return' is clicked on

28-01-2025T18:19:19 - [TEST_STEP][PASSED] - closeBrowser(): Browser is closed

28-01-2025T18:19:19 - [MESSAGE][PASSED] - Browser is closed]]></system-out>
         <system-err><![CDATA[]]></system-err>
      </testcase>
      <testcase name="Test Cases/Specific Cases/LS/Client Profile/Assessments" time="134.043" classname="Test Cases/Specific Cases/LS/Client Profile/Assessments" status="PASSED">
         <system-out><![CDATA[28-01-2025T18:19:19 - [TEST_CASE][PASSED] - Test Cases/Specific Cases/LS/Client Profile/Assessments: Test Cases/Specific Cases/LS/Client Profile/Assessments

28-01-2025T18:19:19 - [TEST_STEP][PASSED] - callTestCase(findTestCase("Common Cases/Login"), [:], STOP_ON_FAILURE): Call Test Case 'Test Cases/Common Cases/Login' successfully

28-01-2025T18:19:19 - [TEST_CASE][PASSED] - Test Cases/Common Cases/Login: Test Cases/Common Cases/Login

28-01-2025T18:19:19 - [TEST_STEP][PASSED] - openBrowser(""): Browser is opened with url: ''

28-01-2025T18:19:19 - [MESSAGE][INFO] - Starting 'Chrome' driver

28-01-2025T18:19:19 - [MESSAGE][INFO] - Action delay is set to 0 milliseconds

28-01-2025T18:19:20 - [MESSAGE][PASSED] - Browser is opened with url: ''

28-01-2025T18:19:20 - [TEST_STEP][PASSED] - maximizeWindow(): Current window maximized

28-01-2025T18:19:20 - [MESSAGE][PASSED] - Current window maximized

28-01-2025T18:19:20 - [TEST_STEP][PASSED] - navigateToUrl("https://site17.lsapp.cloud/auth/login"): Navigate to 'https://site17.lsapp.cloud/auth/login' successfully

28-01-2025T18:19:23 - [MESSAGE][PASSED] - Navigate to 'https://site17.lsapp.cloud/auth/login' successfully

28-01-2025T18:19:23 - [TEST_STEP][PASSED] - setText(findTestObject("Object Repository/Common Cases Repository/Login/Page_Lightning Step/input_Email_email"), "automation@lightningstep.com"): Text 'automation@lightningstep.com' is set on object 'Object Repository/Common Cases Repository/Login/Page_Lightning Step/input_Email_email'

28-01-2025T18:19:24 - [MESSAGE][PASSED] - Text 'automation@lightningstep.com' is set on object 'Object Repository/Common Cases Repository/Login/Page_Lightning Step/input_Email_email'

28-01-2025T18:19:24 - [TEST_STEP][PASSED] - setEncryptedText(findTestObject("Object Repository/Common Cases Repository/Login/Page_Lightning Step/input_Password_password"), "e5N8VHmnhJDITtQaQhDQDw=="): Text ****** has been set on object 'Object Repository/Common Cases Repository/Login/Page_Lightning Step/input_Password_password'

28-01-2025T18:19:25 - [MESSAGE][PASSED] - Text ****** has been set on object 'Object Repository/Common Cases Repository/Login/Page_Lightning Step/input_Password_password'

28-01-2025T18:19:25 - [TEST_STEP][PASSED] - click(findTestObject("Object Repository/Common Cases Repository/Login/Page_Lightning Step/button_Sign in")): Object: 'Object Repository/Common Cases Repository/Login/Page_Lightning Step/button_Sign in' is clicked on

28-01-2025T18:19:31 - [MESSAGE][PASSED] - Object: 'Object Repository/Common Cases Repository/Login/Page_Lightning Step/button_Sign in' is clicked on

28-01-2025T18:19:31 - [MESSAGE][PASSED] - Call Test Case 'Test Cases/Common Cases/Login' successfully

28-01-2025T18:19:31 - [TEST_STEP][PASSED] - navigateToUrl("https://site17.lsapp.cloud/client/index/1557?section=assessments"): Navigate to 'https://site17.lsapp.cloud/client/index/1557?section=assessments' successfully

28-01-2025T18:19:37 - [MESSAGE][PASSED] - Navigate to 'https://site17.lsapp.cloud/client/index/1557?section=assessments' successfully

28-01-2025T18:19:37 - [TEST_STEP][PASSED] - click(findTestObject("Object Repository/Specific Cases Repository/LS/Client Profile/Assessments/Page_Client Profile/li_Scored Assessments")): Object: 'Object Repository/Specific Cases Repository/LS/Client Profile/Assessments/Page_Client Profile/li_Scored Assessments' is clicked on

28-01-2025T18:19:38 - [MESSAGE][PASSED] - Object: 'Object Repository/Specific Cases Repository/LS/Client Profile/Assessments/Page_Client Profile/li_Scored Assessments' is clicked on

28-01-2025T18:19:38 - [TEST_STEP][PASSED] - click(findTestObject("Object Repository/Specific Cases Repository/LS/Client Profile/Assessments/Page_Client Profile/button_New assessment")): Object: 'Object Repository/Specific Cases Repository/LS/Client Profile/Assessments/Page_Client Profile/button_New assessment' is clicked on

28-01-2025T18:19:38 - [MESSAGE][PASSED] - Object: 'Object Repository/Specific Cases Repository/LS/Client Profile/Assessments/Page_Client Profile/button_New assessment' is clicked on

28-01-2025T18:19:38 - [TEST_STEP][PASSED] - click(findTestObject("Object Repository/Specific Cases Repository/LS/Client Profile/Assessments/Page_Client Profile/li_COWS Assessment")): Object: 'Object Repository/Specific Cases Repository/LS/Client Profile/Assessments/Page_Client Profile/li_COWS Assessment' is clicked on

28-01-2025T18:19:38 - [MESSAGE][PASSED] - Object: 'Object Repository/Specific Cases Repository/LS/Client Profile/Assessments/Page_Client Profile/li_COWS Assessment' is clicked on

28-01-2025T18:19:38 - [TEST_STEP][PASSED] - click(findTestObject("Object Repository/Specific Cases Repository/LS/Client Profile/Assessments/Page_Client Profile/a_Create                arrow_right_alt")): Object: 'Object Repository/Specific Cases Repository/LS/Client Profile/Assessments/Page_Client Profile/a_Create                arrow_right_alt' is clicked on

28-01-2025T18:19:43 - [MESSAGE][PASSED] - Object: 'Object Repository/Specific Cases Repository/LS/Client Profile/Assessments/Page_Client Profile/a_Create                arrow_right_alt' is clicked on

28-01-2025T18:19:43 - [TEST_STEP][PASSED] - verifyElementText(findTestObject("Object Repository/Specific Cases Repository/LS/Client Profile/Assessments/Page_COWS Assessment/h3_COWS Assessment"), "COWS Assessment"): Actual text and expected text of test object 'Object Repository/Specific Cases Repository/LS/Client Profile/Assessments/Page_COWS Assessment/h3_COWS Assessment' are matched.

28-01-2025T18:19:44 - [MESSAGE][PASSED] - Actual text and expected text of test object 'Object Repository/Specific Cases Repository/LS/Client Profile/Assessments/Page_COWS Assessment/h3_COWS Assessment' are matched.

28-01-2025T18:19:44 - [TEST_STEP][PASSED] - click(findTestObject("Object Repository/Specific Cases Repository/LS/Client Profile/Assessments/Page_COWS Assessment/input__radio-group-1639583873364_117")): Object: 'Object Repository/Specific Cases Repository/LS/Client Profile/Assessments/Page_COWS Assessment/input__radio-group-1639583873364_117' is clicked on

28-01-2025T18:19:44 - [MESSAGE][PASSED] - Object: 'Object Repository/Specific Cases Repository/LS/Client Profile/Assessments/Page_COWS Assessment/input__radio-group-1639583873364_117' is clicked on

28-01-2025T18:19:44 - [TEST_STEP][PASSED] - click(findTestObject("Object Repository/Specific Cases Repository/LS/Client Profile/Assessments/Page_COWS Assessment/input__radio-group-1639584030473_117")): Object: 'Object Repository/Specific Cases Repository/LS/Client Profile/Assessments/Page_COWS Assessment/input__radio-group-1639584030473_117' is clicked on

28-01-2025T18:19:45 - [MESSAGE][PASSED] - Object: 'Object Repository/Specific Cases Repository/LS/Client Profile/Assessments/Page_COWS Assessment/input__radio-group-1639584030473_117' is clicked on

28-01-2025T18:19:45 - [TEST_STEP][PASSED] - click(findTestObject("Object Repository/Specific Cases Repository/LS/Client Profile/Assessments/Page_COWS Assessment/input__radio-group-1639584415541_117")): Object: 'Object Repository/Specific Cases Repository/LS/Client Profile/Assessments/Page_COWS Assessment/input__radio-group-1639584415541_117' is clicked on

28-01-2025T18:19:46 - [MESSAGE][PASSED] - Object: 'Object Repository/Specific Cases Repository/LS/Client Profile/Assessments/Page_COWS Assessment/input__radio-group-1639584415541_117' is clicked on

28-01-2025T18:19:46 - [TEST_STEP][PASSED] - click(findTestObject("Object Repository/Specific Cases Repository/LS/Client Profile/Assessments/Page_COWS Assessment/input__radio-group-1639584533406_117")): Object: 'Object Repository/Specific Cases Repository/LS/Client Profile/Assessments/Page_COWS Assessment/input__radio-group-1639584533406_117' is clicked on

28-01-2025T18:19:47 - [MESSAGE][PASSED] - Object: 'Object Repository/Specific Cases Repository/LS/Client Profile/Assessments/Page_COWS Assessment/input__radio-group-1639584533406_117' is clicked on

28-01-2025T18:19:47 - [TEST_STEP][PASSED] - click(findTestObject("Object Repository/Specific Cases Repository/LS/Client Profile/Assessments/Page_COWS Assessment/input__radio-group-1639584833260_117")): Object: 'Object Repository/Specific Cases Repository/LS/Client Profile/Assessments/Page_COWS Assessment/input__radio-group-1639584833260_117' is clicked on

28-01-2025T18:19:48 - [MESSAGE][PASSED] - Object: 'Object Repository/Specific Cases Repository/LS/Client Profile/Assessments/Page_COWS Assessment/input__radio-group-1639584833260_117' is clicked on

28-01-2025T18:19:48 - [TEST_STEP][PASSED] - click(findTestObject("Object Repository/Specific Cases Repository/LS/Client Profile/Assessments/Page_COWS Assessment/input__radio-group-1639584964855_117")): Object: 'Object Repository/Specific Cases Repository/LS/Client Profile/Assessments/Page_COWS Assessment/input__radio-group-1639584964855_117' is clicked on

28-01-2025T18:19:49 - [MESSAGE][PASSED] - Object: 'Object Repository/Specific Cases Repository/LS/Client Profile/Assessments/Page_COWS Assessment/input__radio-group-1639584964855_117' is clicked on

28-01-2025T18:19:49 - [TEST_STEP][PASSED] - click(findTestObject("Object Repository/Specific Cases Repository/LS/Client Profile/Assessments/Page_COWS Assessment/input__radio-group-1639585133881_117")): Object: 'Object Repository/Specific Cases Repository/LS/Client Profile/Assessments/Page_COWS Assessment/input__radio-group-1639585133881_117' is clicked on

28-01-2025T18:19:49 - [MESSAGE][PASSED] - Object: 'Object Repository/Specific Cases Repository/LS/Client Profile/Assessments/Page_COWS Assessment/input__radio-group-1639585133881_117' is clicked on

28-01-2025T18:19:49 - [TEST_STEP][PASSED] - click(findTestObject("Object Repository/Specific Cases Repository/LS/Client Profile/Assessments/Page_COWS Assessment/input__radio-group-1639586467169_117")): Object: 'Object Repository/Specific Cases Repository/LS/Client Profile/Assessments/Page_COWS Assessment/input__radio-group-1639586467169_117' is clicked on

28-01-2025T18:19:50 - [MESSAGE][PASSED] - Object: 'Object Repository/Specific Cases Repository/LS/Client Profile/Assessments/Page_COWS Assessment/input__radio-group-1639586467169_117' is clicked on

28-01-2025T18:19:50 - [TEST_STEP][PASSED] - click(findTestObject("Object Repository/Specific Cases Repository/LS/Client Profile/Assessments/Page_COWS Assessment/input__radio-group-1639586565854_117")): Object: 'Object Repository/Specific Cases Repository/LS/Client Profile/Assessments/Page_COWS Assessment/input__radio-group-1639586565854_117' is clicked on

28-01-2025T18:19:51 - [MESSAGE][PASSED] - Object: 'Object Repository/Specific Cases Repository/LS/Client Profile/Assessments/Page_COWS Assessment/input__radio-group-1639586565854_117' is clicked on

28-01-2025T18:19:51 - [TEST_STEP][PASSED] - click(findTestObject("Object Repository/Specific Cases Repository/LS/Client Profile/Assessments/Page_COWS Assessment/input__radio-group-1639586621062_117")): Object: 'Object Repository/Specific Cases Repository/LS/Client Profile/Assessments/Page_COWS Assessment/input__radio-group-1639586621062_117' is clicked on

28-01-2025T18:19:52 - [MESSAGE][PASSED] - Object: 'Object Repository/Specific Cases Repository/LS/Client Profile/Assessments/Page_COWS Assessment/input__radio-group-1639586621062_117' is clicked on

28-01-2025T18:19:52 - [TEST_STEP][PASSED] - click(findTestObject("Object Repository/Specific Cases Repository/LS/Client Profile/Assessments/Page_COWS Assessment/input__radio-group-1639586686870_117")): Object: 'Object Repository/Specific Cases Repository/LS/Client Profile/Assessments/Page_COWS Assessment/input__radio-group-1639586686870_117' is clicked on

28-01-2025T18:19:53 - [MESSAGE][PASSED] - Object: 'Object Repository/Specific Cases Repository/LS/Client Profile/Assessments/Page_COWS Assessment/input__radio-group-1639586686870_117' is clicked on

28-01-2025T18:19:53 - [TEST_STEP][PASSED] - setText(findTestObject("Object Repository/Specific Cases Repository/LS/Client Profile/Assessments/Page_COWS Assessment/textarea_Additional Information_textarea-16_3128df"), "autmation test"): Text 'autmation test' is set on object 'Object Repository/Specific Cases Repository/LS/Client Profile/Assessments/Page_COWS Assessment/textarea_Additional Information_textarea-16_3128df'

28-01-2025T18:19:54 - [MESSAGE][PASSED] - Text 'autmation test' is set on object 'Object Repository/Specific Cases Repository/LS/Client Profile/Assessments/Page_COWS Assessment/textarea_Additional Information_textarea-16_3128df'

28-01-2025T18:19:54 - [TEST_STEP][PASSED] - verifyElementText(findTestObject("Object Repository/Specific Cases Repository/LS/Client Profile/Assessments/Page_COWS Assessment/td_27 Moderately Severe"), "27 Moderately Severe"): Actual text and expected text of test object 'Object Repository/Specific Cases Repository/LS/Client Profile/Assessments/Page_COWS Assessment/td_27 Moderately Severe' are matched.

28-01-2025T18:19:54 - [MESSAGE][PASSED] - Actual text and expected text of test object 'Object Repository/Specific Cases Repository/LS/Client Profile/Assessments/Page_COWS Assessment/td_27 Moderately Severe' are matched.

28-01-2025T18:19:54 - [TEST_STEP][PASSED] - click(findTestObject("Object Repository/Specific Cases Repository/LS/Client Profile/Assessments/Page_COWS Assessment/i_add")): Object: 'Object Repository/Specific Cases Repository/LS/Client Profile/Assessments/Page_COWS Assessment/i_add' is clicked on

28-01-2025T18:19:55 - [MESSAGE][PASSED] - Object: 'Object Repository/Specific Cases Repository/LS/Client Profile/Assessments/Page_COWS Assessment/i_add' is clicked on

28-01-2025T18:19:55 - [TEST_STEP][PASSED] - setText(findTestObject("Object Repository/Specific Cases Repository/LS/Client Profile/Assessments/Page_COWS Assessment/input_Temp_vstemp"), "13"): Text '13' is set on object 'Object Repository/Specific Cases Repository/LS/Client Profile/Assessments/Page_COWS Assessment/input_Temp_vstemp'

28-01-2025T18:19:56 - [MESSAGE][PASSED] - Text '13' is set on object 'Object Repository/Specific Cases Repository/LS/Client Profile/Assessments/Page_COWS Assessment/input_Temp_vstemp'

28-01-2025T18:19:56 - [TEST_STEP][PASSED] - setText(findTestObject("Object Repository/Specific Cases Repository/LS/Client Profile/Assessments/Page_COWS Assessment/input_Pulse_vspulse"), "13"): Text '13' is set on object 'Object Repository/Specific Cases Repository/LS/Client Profile/Assessments/Page_COWS Assessment/input_Pulse_vspulse'

28-01-2025T18:19:57 - [MESSAGE][PASSED] - Text '13' is set on object 'Object Repository/Specific Cases Repository/LS/Client Profile/Assessments/Page_COWS Assessment/input_Pulse_vspulse'

28-01-2025T18:19:57 - [TEST_STEP][PASSED] - setText(findTestObject("Object Repository/Specific Cases Repository/LS/Client Profile/Assessments/Page_COWS Assessment/input_BP_vsbp"), ""): Text '' is set on object 'Object Repository/Specific Cases Repository/LS/Client Profile/Assessments/Page_COWS Assessment/input_BP_vsbp'

28-01-2025T18:19:57 - [MESSAGE][PASSED] - Text '' is set on object 'Object Repository/Specific Cases Repository/LS/Client Profile/Assessments/Page_COWS Assessment/input_BP_vsbp'

28-01-2025T18:19:57 - [TEST_STEP][PASSED] - click(findTestObject("Object Repository/Specific Cases Repository/LS/Client Profile/Assessments/Page_COWS Assessment/input_BP_vsbp")): Object: 'Object Repository/Specific Cases Repository/LS/Client Profile/Assessments/Page_COWS Assessment/input_BP_vsbp' is clicked on

28-01-2025T18:19:58 - [MESSAGE][PASSED] - Object: 'Object Repository/Specific Cases Repository/LS/Client Profile/Assessments/Page_COWS Assessment/input_BP_vsbp' is clicked on

28-01-2025T18:19:58 - [TEST_STEP][PASSED] - setText(findTestObject("Object Repository/Specific Cases Repository/LS/Client Profile/Assessments/Page_COWS Assessment/input_Respiration_vsresp"), "13"): Text '13' is set on object 'Object Repository/Specific Cases Repository/LS/Client Profile/Assessments/Page_COWS Assessment/input_Respiration_vsresp'

28-01-2025T18:19:58 - [MESSAGE][PASSED] - Text '13' is set on object 'Object Repository/Specific Cases Repository/LS/Client Profile/Assessments/Page_COWS Assessment/input_Respiration_vsresp'

28-01-2025T18:19:58 - [TEST_STEP][PASSED] - setText(findTestObject("Object Repository/Specific Cases Repository/LS/Client Profile/Assessments/Page_COWS Assessment/input_BP_vsbp"), ""): Text '' is set on object 'Object Repository/Specific Cases Repository/LS/Client Profile/Assessments/Page_COWS Assessment/input_BP_vsbp'

28-01-2025T18:19:59 - [MESSAGE][PASSED] - Text '' is set on object 'Object Repository/Specific Cases Repository/LS/Client Profile/Assessments/Page_COWS Assessment/input_BP_vsbp'

28-01-2025T18:19:59 - [TEST_STEP][PASSED] - click(findTestObject("Object Repository/Specific Cases Repository/LS/Client Profile/Assessments/Page_COWS Assessment/input_BP_vsbp")): Object: 'Object Repository/Specific Cases Repository/LS/Client Profile/Assessments/Page_COWS Assessment/input_BP_vsbp' is clicked on

28-01-2025T18:19:59 - [MESSAGE][PASSED] - Object: 'Object Repository/Specific Cases Repository/LS/Client Profile/Assessments/Page_COWS Assessment/input_BP_vsbp' is clicked on

28-01-2025T18:19:59 - [TEST_STEP][PASSED] - click(findTestObject("Object Repository/Specific Cases Repository/LS/Client Profile/Assessments/Page_COWS Assessment/input_O2 Saturation_vso2")): Object: 'Object Repository/Specific Cases Repository/LS/Client Profile/Assessments/Page_COWS Assessment/input_O2 Saturation_vso2' is clicked on

28-01-2025T18:20:00 - [MESSAGE][PASSED] - Object: 'Object Repository/Specific Cases Repository/LS/Client Profile/Assessments/Page_COWS Assessment/input_O2 Saturation_vso2' is clicked on

28-01-2025T18:20:00 - [TEST_STEP][PASSED] - setText(findTestObject("Object Repository/Specific Cases Repository/LS/Client Profile/Assessments/Page_COWS Assessment/input_O2 Saturation_vso2"), "14"): Text '14' is set on object 'Object Repository/Specific Cases Repository/LS/Client Profile/Assessments/Page_COWS Assessment/input_O2 Saturation_vso2'

28-01-2025T18:20:00 - [MESSAGE][PASSED] - Text '14' is set on object 'Object Repository/Specific Cases Repository/LS/Client Profile/Assessments/Page_COWS Assessment/input_O2 Saturation_vso2'

28-01-2025T18:20:00 - [TEST_STEP][PASSED] - setText(findTestObject("Object Repository/Specific Cases Repository/LS/Client Profile/Assessments/Page_COWS Assessment/input_Inhaled Oxygen Concentration_inhaled__06efa9"), "15"): Text '15' is set on object 'Object Repository/Specific Cases Repository/LS/Client Profile/Assessments/Page_COWS Assessment/input_Inhaled Oxygen Concentration_inhaled__06efa9'

28-01-2025T18:20:01 - [MESSAGE][PASSED] - Text '15' is set on object 'Object Repository/Specific Cases Repository/LS/Client Profile/Assessments/Page_COWS Assessment/input_Inhaled Oxygen Concentration_inhaled__06efa9'

28-01-2025T18:20:01 - [TEST_STEP][PASSED] - setText(findTestObject("Object Repository/Specific Cases Repository/LS/Client Profile/Assessments/Page_COWS Assessment/input_Additional Information_vsadditional"), "automation vital signs"): Text 'automation vital signs' is set on object 'Object Repository/Specific Cases Repository/LS/Client Profile/Assessments/Page_COWS Assessment/input_Additional Information_vsadditional'

28-01-2025T18:20:02 - [MESSAGE][PASSED] - Text 'automation vital signs' is set on object 'Object Repository/Specific Cases Repository/LS/Client Profile/Assessments/Page_COWS Assessment/input_Additional Information_vsadditional'

28-01-2025T18:20:02 - [TEST_STEP][PASSED] - click(findTestObject("Object Repository/Specific Cases Repository/LS/Client Profile/Assessments/Page_COWS Assessment/button_Save")): Object: 'Object Repository/Specific Cases Repository/LS/Client Profile/Assessments/Page_COWS Assessment/button_Save' is clicked on

28-01-2025T18:20:02 - [MESSAGE][PASSED] - Object: 'Object Repository/Specific Cases Repository/LS/Client Profile/Assessments/Page_COWS Assessment/button_Save' is clicked on

28-01-2025T18:20:02 - [TEST_STEP][PASSED] - verifyElementText(findTestObject("Object Repository/Specific Cases Repository/LS/Client Profile/Assessments/Page_COWS Assessment/b_Client Vitals"), "Client Vitals"): Actual text and expected text of test object 'Object Repository/Specific Cases Repository/LS/Client Profile/Assessments/Page_COWS Assessment/b_Client Vitals' are matched.

28-01-2025T18:20:03 - [MESSAGE][PASSED] - Actual text and expected text of test object 'Object Repository/Specific Cases Repository/LS/Client Profile/Assessments/Page_COWS Assessment/b_Client Vitals' are matched.

28-01-2025T18:20:03 - [TEST_STEP][PASSED] - verifyElementText(findTestObject("Object Repository/Specific Cases Repository/LS/Client Profile/Assessments/Page_COWS Assessment/td_14"), "14"): Actual text and expected text of test object 'Object Repository/Specific Cases Repository/LS/Client Profile/Assessments/Page_COWS Assessment/td_14' are matched.

28-01-2025T18:20:03 - [MESSAGE][PASSED] - Actual text and expected text of test object 'Object Repository/Specific Cases Repository/LS/Client Profile/Assessments/Page_COWS Assessment/td_14' are matched.

28-01-2025T18:20:03 - [TEST_STEP][PASSED] - verifyElementText(findTestObject("Object Repository/Specific Cases Repository/LS/Client Profile/Assessments/Page_COWS Assessment/td_13"), "13"): Actual text and expected text of test object 'Object Repository/Specific Cases Repository/LS/Client Profile/Assessments/Page_COWS Assessment/td_13' are matched.

28-01-2025T18:20:04 - [MESSAGE][PASSED] - Actual text and expected text of test object 'Object Repository/Specific Cases Repository/LS/Client Profile/Assessments/Page_COWS Assessment/td_13' are matched.

28-01-2025T18:20:04 - [TEST_STEP][PASSED] - click(findTestObject("Object Repository/Specific Cases Repository/LS/Client Profile/Assessments/Page_COWS Assessment/input_Sign and Lock_dss")): Object: 'Object Repository/Specific Cases Repository/LS/Client Profile/Assessments/Page_COWS Assessment/input_Sign and Lock_dss' is clicked on

28-01-2025T18:20:04 - [MESSAGE][PASSED] - Object: 'Object Repository/Specific Cases Repository/LS/Client Profile/Assessments/Page_COWS Assessment/input_Sign and Lock_dss' is clicked on

28-01-2025T18:20:04 - [TEST_STEP][PASSED] - click(findTestObject("Object Repository/Specific Cases Repository/LS/Client Profile/Assessments/Page_COWS Assessment/button_Save_1")): Object: 'Object Repository/Specific Cases Repository/LS/Client Profile/Assessments/Page_COWS Assessment/button_Save_1' is clicked on

28-01-2025T18:20:12 - [MESSAGE][PASSED] - Object: 'Object Repository/Specific Cases Repository/LS/Client Profile/Assessments/Page_COWS Assessment/button_Save_1' is clicked on

28-01-2025T18:20:12 - [TEST_STEP][PASSED] - navigateToUrl("https://site17.lsapp.cloud/client/index/1557?section=assessments"): Navigate to 'https://site17.lsapp.cloud/client/index/1557?section=assessments' successfully

28-01-2025T18:20:18 - [MESSAGE][PASSED] - Navigate to 'https://site17.lsapp.cloud/client/index/1557?section=assessments' successfully

28-01-2025T18:20:18 - [TEST_STEP][PASSED] - verifyElementText(findTestObject("Object Repository/Specific Cases Repository/LS/Client Profile/Assessments/Page_Client Profile/div_COWS Assessment"), "COWS Assessment"): Actual text and expected text of test object 'Object Repository/Specific Cases Repository/LS/Client Profile/Assessments/Page_Client Profile/div_COWS Assessment' are matched.

28-01-2025T18:20:19 - [MESSAGE][PASSED] - Actual text and expected text of test object 'Object Repository/Specific Cases Repository/LS/Client Profile/Assessments/Page_Client Profile/div_COWS Assessment' are matched.

28-01-2025T18:20:19 - [TEST_STEP][PASSED] - click(findTestObject("Object Repository/Specific Cases Repository/LS/Client Profile/Assessments/Page_Client Profile/button_New assessment_1")): Object: 'Object Repository/Specific Cases Repository/LS/Client Profile/Assessments/Page_Client Profile/button_New assessment_1' is clicked on

28-01-2025T18:20:19 - [MESSAGE][PASSED] - Object: 'Object Repository/Specific Cases Repository/LS/Client Profile/Assessments/Page_Client Profile/button_New assessment_1' is clicked on

28-01-2025T18:20:19 - [TEST_STEP][PASSED] - click(findTestObject("Object Repository/Specific Cases Repository/LS/Client Profile/Assessments/Page_Client Profile/li_CIWA B Assessment")): Object: 'Object Repository/Specific Cases Repository/LS/Client Profile/Assessments/Page_Client Profile/li_CIWA B Assessment' is clicked on

28-01-2025T18:20:20 - [MESSAGE][PASSED] - Object: 'Object Repository/Specific Cases Repository/LS/Client Profile/Assessments/Page_Client Profile/li_CIWA B Assessment' is clicked on

28-01-2025T18:20:20 - [TEST_STEP][PASSED] - click(findTestObject("Object Repository/Specific Cases Repository/LS/Client Profile/Assessments/Page_Client Profile/a_Create                arrow_right_alt_1")): Object: 'Object Repository/Specific Cases Repository/LS/Client Profile/Assessments/Page_Client Profile/a_Create                arrow_right_alt_1' is clicked on

28-01-2025T18:20:23 - [MESSAGE][PASSED] - Object: 'Object Repository/Specific Cases Repository/LS/Client Profile/Assessments/Page_Client Profile/a_Create                arrow_right_alt_1' is clicked on

28-01-2025T18:20:23 - [TEST_STEP][PASSED] - setText(findTestObject("Object Repository/Specific Cases Repository/LS/Client Profile/Assessments/Page_CIWA B Assessment/input_Heart Rate_text-1639631610170"), "13"): Text '13' is set on object 'Object Repository/Specific Cases Repository/LS/Client Profile/Assessments/Page_CIWA B Assessment/input_Heart Rate_text-1639631610170'

28-01-2025T18:20:25 - [MESSAGE][PASSED] - Text '13' is set on object 'Object Repository/Specific Cases Repository/LS/Client Profile/Assessments/Page_CIWA B Assessment/input_Heart Rate_text-1639631610170'

28-01-2025T18:20:25 - [TEST_STEP][PASSED] - setText(findTestObject("Object Repository/Specific Cases Repository/LS/Client Profile/Assessments/Page_CIWA B Assessment/input_Blood Pressure_text-1639631614126"), "14"): Text '14' is set on object 'Object Repository/Specific Cases Repository/LS/Client Profile/Assessments/Page_CIWA B Assessment/input_Blood Pressure_text-1639631614126'

28-01-2025T18:20:25 - [MESSAGE][PASSED] - Text '14' is set on object 'Object Repository/Specific Cases Repository/LS/Client Profile/Assessments/Page_CIWA B Assessment/input_Blood Pressure_text-1639631614126'

28-01-2025T18:20:25 - [TEST_STEP][PASSED] - click(findTestObject("Object Repository/Specific Cases Repository/LS/Client Profile/Assessments/Page_CIWA B Assessment/input__radio-group-1639631583021_119")): Object: 'Object Repository/Specific Cases Repository/LS/Client Profile/Assessments/Page_CIWA B Assessment/input__radio-group-1639631583021_119' is clicked on

28-01-2025T18:20:26 - [MESSAGE][PASSED] - Object: 'Object Repository/Specific Cases Repository/LS/Client Profile/Assessments/Page_CIWA B Assessment/input__radio-group-1639631583021_119' is clicked on

28-01-2025T18:20:26 - [TEST_STEP][PASSED] - click(findTestObject("Object Repository/Specific Cases Repository/LS/Client Profile/Assessments/Page_CIWA B Assessment/input__radio-group-1639631617772_119")): Object: 'Object Repository/Specific Cases Repository/LS/Client Profile/Assessments/Page_CIWA B Assessment/input__radio-group-1639631617772_119' is clicked on

28-01-2025T18:20:27 - [MESSAGE][PASSED] - Object: 'Object Repository/Specific Cases Repository/LS/Client Profile/Assessments/Page_CIWA B Assessment/input__radio-group-1639631617772_119' is clicked on

28-01-2025T18:20:27 - [TEST_STEP][PASSED] - click(findTestObject("Object Repository/Specific Cases Repository/LS/Client Profile/Assessments/Page_CIWA B Assessment/input__radio-group-1639631811028_119")): Object: 'Object Repository/Specific Cases Repository/LS/Client Profile/Assessments/Page_CIWA B Assessment/input__radio-group-1639631811028_119' is clicked on

28-01-2025T18:20:28 - [MESSAGE][PASSED] - Object: 'Object Repository/Specific Cases Repository/LS/Client Profile/Assessments/Page_CIWA B Assessment/input__radio-group-1639631811028_119' is clicked on

28-01-2025T18:20:28 - [TEST_STEP][PASSED] - click(findTestObject("Object Repository/Specific Cases Repository/LS/Client Profile/Assessments/Page_CIWA B Assessment/input__radio-group-1639631808123_119")): Object: 'Object Repository/Specific Cases Repository/LS/Client Profile/Assessments/Page_CIWA B Assessment/input__radio-group-1639631808123_119' is clicked on

28-01-2025T18:20:29 - [MESSAGE][PASSED] - Object: 'Object Repository/Specific Cases Repository/LS/Client Profile/Assessments/Page_CIWA B Assessment/input__radio-group-1639631808123_119' is clicked on

28-01-2025T18:20:29 - [TEST_STEP][PASSED] - click(findTestObject("Object Repository/Specific Cases Repository/LS/Client Profile/Assessments/Page_CIWA B Assessment/input__radio-group-1639631706819_119")): Object: 'Object Repository/Specific Cases Repository/LS/Client Profile/Assessments/Page_CIWA B Assessment/input__radio-group-1639631706819_119' is clicked on

28-01-2025T18:20:31 - [MESSAGE][PASSED] - Object: 'Object Repository/Specific Cases Repository/LS/Client Profile/Assessments/Page_CIWA B Assessment/input__radio-group-1639631706819_119' is clicked on

28-01-2025T18:20:31 - [TEST_STEP][PASSED] - click(findTestObject("Object Repository/Specific Cases Repository/LS/Client Profile/Assessments/Page_CIWA B Assessment/input__radio-group-1639631711045_119")): Object: 'Object Repository/Specific Cases Repository/LS/Client Profile/Assessments/Page_CIWA B Assessment/input__radio-group-1639631711045_119' is clicked on

28-01-2025T18:20:32 - [MESSAGE][PASSED] - Object: 'Object Repository/Specific Cases Repository/LS/Client Profile/Assessments/Page_CIWA B Assessment/input__radio-group-1639631711045_119' is clicked on

28-01-2025T18:20:32 - [TEST_STEP][PASSED] - click(findTestObject("Object Repository/Specific Cases Repository/LS/Client Profile/Assessments/Page_CIWA B Assessment/input__radio-group-1639631686224_119")): Object: 'Object Repository/Specific Cases Repository/LS/Client Profile/Assessments/Page_CIWA B Assessment/input__radio-group-1639631686224_119' is clicked on

28-01-2025T18:20:33 - [MESSAGE][PASSED] - Object: 'Object Repository/Specific Cases Repository/LS/Client Profile/Assessments/Page_CIWA B Assessment/input__radio-group-1639631686224_119' is clicked on

28-01-2025T18:20:33 - [TEST_STEP][PASSED] - click(findTestObject("Object Repository/Specific Cases Repository/LS/Client Profile/Assessments/Page_CIWA B Assessment/input_Do you think you did not get enough s_69b9b6")): Object: 'Object Repository/Specific Cases Repository/LS/Client Profile/Assessments/Page_CIWA B Assessment/input_Do you think you did not get enough s_69b9b6' is clicked on

28-01-2025T18:20:34 - [MESSAGE][PASSED] - Object: 'Object Repository/Specific Cases Repository/LS/Client Profile/Assessments/Page_CIWA B Assessment/input_Do you think you did not get enough s_69b9b6' is clicked on

28-01-2025T18:20:34 - [TEST_STEP][PASSED] - click(findTestObject("Object Repository/Specific Cases Repository/LS/Client Profile/Assessments/Page_CIWA B Assessment/input__radio-group-1639631722497_119")): Object: 'Object Repository/Specific Cases Repository/LS/Client Profile/Assessments/Page_CIWA B Assessment/input__radio-group-1639631722497_119' is clicked on

28-01-2025T18:20:35 - [MESSAGE][PASSED] - Object: 'Object Repository/Specific Cases Repository/LS/Client Profile/Assessments/Page_CIWA B Assessment/input__radio-group-1639631722497_119' is clicked on

28-01-2025T18:20:35 - [TEST_STEP][PASSED] - click(findTestObject("Object Repository/Specific Cases Repository/LS/Client Profile/Assessments/Page_CIWA B Assessment/input__radio-group-1639631732923_119")): Object: 'Object Repository/Specific Cases Repository/LS/Client Profile/Assessments/Page_CIWA B Assessment/input__radio-group-1639631732923_119' is clicked on

28-01-2025T18:20:36 - [MESSAGE][PASSED] - Object: 'Object Repository/Specific Cases Repository/LS/Client Profile/Assessments/Page_CIWA B Assessment/input__radio-group-1639631732923_119' is clicked on

28-01-2025T18:20:36 - [TEST_STEP][PASSED] - click(findTestObject("Object Repository/Specific Cases Repository/LS/Client Profile/Assessments/Page_CIWA B Assessment/input__radio-group-1639631750283_119")): Object: 'Object Repository/Specific Cases Repository/LS/Client Profile/Assessments/Page_CIWA B Assessment/input__radio-group-1639631750283_119' is clicked on

28-01-2025T18:20:37 - [MESSAGE][PASSED] - Object: 'Object Repository/Specific Cases Repository/LS/Client Profile/Assessments/Page_CIWA B Assessment/input__radio-group-1639631750283_119' is clicked on

28-01-2025T18:20:37 - [TEST_STEP][PASSED] - click(findTestObject("Object Repository/Specific Cases Repository/LS/Client Profile/Assessments/Page_CIWA B Assessment/input__radio-group-1639631744615_119")): Object: 'Object Repository/Specific Cases Repository/LS/Client Profile/Assessments/Page_CIWA B Assessment/input__radio-group-1639631744615_119' is clicked on

28-01-2025T18:20:37 - [MESSAGE][PASSED] - Object: 'Object Repository/Specific Cases Repository/LS/Client Profile/Assessments/Page_CIWA B Assessment/input__radio-group-1639631744615_119' is clicked on

28-01-2025T18:20:37 - [TEST_STEP][PASSED] - click(findTestObject("Object Repository/Specific Cases Repository/LS/Client Profile/Assessments/Page_CIWA B Assessment/input__radio-group-1639631648138_119")): Object: 'Object Repository/Specific Cases Repository/LS/Client Profile/Assessments/Page_CIWA B Assessment/input__radio-group-1639631648138_119' is clicked on

28-01-2025T18:20:38 - [MESSAGE][PASSED] - Object: 'Object Repository/Specific Cases Repository/LS/Client Profile/Assessments/Page_CIWA B Assessment/input__radio-group-1639631648138_119' is clicked on

28-01-2025T18:20:38 - [TEST_STEP][PASSED] - click(findTestObject("Object Repository/Specific Cases Repository/LS/Client Profile/Assessments/Page_CIWA B Assessment/input__radio-group-1639631651299_119")): Object: 'Object Repository/Specific Cases Repository/LS/Client Profile/Assessments/Page_CIWA B Assessment/input__radio-group-1639631651299_119' is clicked on

28-01-2025T18:20:39 - [MESSAGE][PASSED] - Object: 'Object Repository/Specific Cases Repository/LS/Client Profile/Assessments/Page_CIWA B Assessment/input__radio-group-1639631651299_119' is clicked on

28-01-2025T18:20:39 - [TEST_STEP][PASSED] - click(findTestObject("Object Repository/Specific Cases Repository/LS/Client Profile/Assessments/Page_CIWA B Assessment/input__radio-group-1639631778137_119")): Object: 'Object Repository/Specific Cases Repository/LS/Client Profile/Assessments/Page_CIWA B Assessment/input__radio-group-1639631778137_119' is clicked on

28-01-2025T18:20:40 - [MESSAGE][PASSED] - Object: 'Object Repository/Specific Cases Repository/LS/Client Profile/Assessments/Page_CIWA B Assessment/input__radio-group-1639631778137_119' is clicked on

28-01-2025T18:20:40 - [TEST_STEP][PASSED] - click(findTestObject("Object Repository/Specific Cases Repository/LS/Client Profile/Assessments/Page_CIWA B Assessment/input__radio-group-1639631758534_119")): Object: 'Object Repository/Specific Cases Repository/LS/Client Profile/Assessments/Page_CIWA B Assessment/input__radio-group-1639631758534_119' is clicked on

28-01-2025T18:20:41 - [MESSAGE][PASSED] - Object: 'Object Repository/Specific Cases Repository/LS/Client Profile/Assessments/Page_CIWA B Assessment/input__radio-group-1639631758534_119' is clicked on

28-01-2025T18:20:41 - [TEST_STEP][PASSED] - click(findTestObject("Object Repository/Specific Cases Repository/LS/Client Profile/Assessments/Page_CIWA B Assessment/input__radio-group-1639631762390_119")): Object: 'Object Repository/Specific Cases Repository/LS/Client Profile/Assessments/Page_CIWA B Assessment/input__radio-group-1639631762390_119' is clicked on

28-01-2025T18:20:42 - [MESSAGE][PASSED] - Object: 'Object Repository/Specific Cases Repository/LS/Client Profile/Assessments/Page_CIWA B Assessment/input__radio-group-1639631762390_119' is clicked on

28-01-2025T18:20:42 - [TEST_STEP][PASSED] - click(findTestObject("Object Repository/Specific Cases Repository/LS/Client Profile/Assessments/Page_CIWA B Assessment/input__radio-group-1639631660024_119")): Object: 'Object Repository/Specific Cases Repository/LS/Client Profile/Assessments/Page_CIWA B Assessment/input__radio-group-1639631660024_119' is clicked on

28-01-2025T18:20:43 - [MESSAGE][PASSED] - Object: 'Object Repository/Specific Cases Repository/LS/Client Profile/Assessments/Page_CIWA B Assessment/input__radio-group-1639631660024_119' is clicked on

28-01-2025T18:20:43 - [TEST_STEP][PASSED] - click(findTestObject("Object Repository/Specific Cases Repository/LS/Client Profile/Assessments/Page_CIWA B Assessment/input__radio-group-1639631669718_119")): Object: 'Object Repository/Specific Cases Repository/LS/Client Profile/Assessments/Page_CIWA B Assessment/input__radio-group-1639631669718_119' is clicked on

28-01-2025T18:20:44 - [MESSAGE][PASSED] - Object: 'Object Repository/Specific Cases Repository/LS/Client Profile/Assessments/Page_CIWA B Assessment/input__radio-group-1639631669718_119' is clicked on

28-01-2025T18:20:44 - [TEST_STEP][PASSED] - setText(findTestObject("Object Repository/Specific Cases Repository/LS/Client Profile/Assessments/Page_CIWA B Assessment/textarea_Additional Information_textarea-16_acaf1e"), "automation formdata test"): Text 'automation formdata test' is set on object 'Object Repository/Specific Cases Repository/LS/Client Profile/Assessments/Page_CIWA B Assessment/textarea_Additional Information_textarea-16_acaf1e'

28-01-2025T18:20:45 - [MESSAGE][PASSED] - Text 'automation formdata test' is set on object 'Object Repository/Specific Cases Repository/LS/Client Profile/Assessments/Page_CIWA B Assessment/textarea_Additional Information_textarea-16_acaf1e'

28-01-2025T18:20:45 - [TEST_STEP][PASSED] - verifyElementText(findTestObject("Object Repository/Specific Cases Repository/LS/Client Profile/Assessments/Page_CIWA B Assessment/td_36 Moderate Withdrawal"), "36 Moderate Withdrawal"): Actual text and expected text of test object 'Object Repository/Specific Cases Repository/LS/Client Profile/Assessments/Page_CIWA B Assessment/td_36 Moderate Withdrawal' are matched.

28-01-2025T18:20:46 - [MESSAGE][PASSED] - Actual text and expected text of test object 'Object Repository/Specific Cases Repository/LS/Client Profile/Assessments/Page_CIWA B Assessment/td_36 Moderate Withdrawal' are matched.

28-01-2025T18:20:46 - [TEST_STEP][PASSED] - verifyElementText(findTestObject("Object Repository/Specific Cases Repository/LS/Client Profile/Assessments/Page_CIWA B Assessment/div_The following required fields do not ha_73f9ba"), "The following required fields do not have responses"): Actual text and expected text of test object 'Object Repository/Specific Cases Repository/LS/Client Profile/Assessments/Page_CIWA B Assessment/div_The following required fields do not ha_73f9ba' are matched.

28-01-2025T18:20:46 - [MESSAGE][PASSED] - Actual text and expected text of test object 'Object Repository/Specific Cases Repository/LS/Client Profile/Assessments/Page_CIWA B Assessment/div_The following required fields do not ha_73f9ba' are matched.

28-01-2025T18:20:46 - [TEST_STEP][PASSED] - verifyElementText(findTestObject("Object Repository/Specific Cases Repository/LS/Client Profile/Assessments/Page_CIWA B Assessment/span_Clinician Observations RestlessnessObs_1dce3a"), "Clinician Observations: RestlessnessObserve behavior for restlessness and agitation *"): Actual text and expected text of test object 'Object Repository/Specific Cases Repository/LS/Client Profile/Assessments/Page_CIWA B Assessment/span_Clinician Observations RestlessnessObs_1dce3a' are matched.

28-01-2025T18:20:46 - [MESSAGE][PASSED] - Actual text and expected text of test object 'Object Repository/Specific Cases Repository/LS/Client Profile/Assessments/Page_CIWA B Assessment/span_Clinician Observations RestlessnessObs_1dce3a' are matched.

28-01-2025T18:20:46 - [TEST_STEP][PASSED] - click(findTestObject("Object Repository/Specific Cases Repository/LS/Client Profile/Assessments/Page_CIWA B Assessment/input__radio-group-1639631774054_119")): Object: 'Object Repository/Specific Cases Repository/LS/Client Profile/Assessments/Page_CIWA B Assessment/input__radio-group-1639631774054_119' is clicked on

28-01-2025T18:20:47 - [MESSAGE][PASSED] - Object: 'Object Repository/Specific Cases Repository/LS/Client Profile/Assessments/Page_CIWA B Assessment/input__radio-group-1639631774054_119' is clicked on

28-01-2025T18:20:47 - [TEST_STEP][PASSED] - verifyElementText(findTestObject("Object Repository/Specific Cases Repository/LS/Client Profile/Assessments/Page_CIWA B Assessment/td_40 Severe Withdrawal"), "40 Severe Withdrawal"): Actual text and expected text of test object 'Object Repository/Specific Cases Repository/LS/Client Profile/Assessments/Page_CIWA B Assessment/td_40 Severe Withdrawal' are matched.

28-01-2025T18:20:47 - [MESSAGE][PASSED] - Actual text and expected text of test object 'Object Repository/Specific Cases Repository/LS/Client Profile/Assessments/Page_CIWA B Assessment/td_40 Severe Withdrawal' are matched.

28-01-2025T18:20:47 - [TEST_STEP][PASSED] - click(findTestObject("Object Repository/Specific Cases Repository/LS/Client Profile/Assessments/Page_CIWA B Assessment/input_Sign and Lock_dss")): Object: 'Object Repository/Specific Cases Repository/LS/Client Profile/Assessments/Page_CIWA B Assessment/input_Sign and Lock_dss' is clicked on

28-01-2025T18:20:49 - [MESSAGE][PASSED] - Object: 'Object Repository/Specific Cases Repository/LS/Client Profile/Assessments/Page_CIWA B Assessment/input_Sign and Lock_dss' is clicked on

28-01-2025T18:20:49 - [TEST_STEP][PASSED] - click(findTestObject("Object Repository/Specific Cases Repository/LS/Client Profile/Assessments/Page_CIWA B Assessment/button_Save")): Object: 'Object Repository/Specific Cases Repository/LS/Client Profile/Assessments/Page_CIWA B Assessment/button_Save' is clicked on

28-01-2025T18:20:56 - [MESSAGE][PASSED] - Object: 'Object Repository/Specific Cases Repository/LS/Client Profile/Assessments/Page_CIWA B Assessment/button_Save' is clicked on

28-01-2025T18:20:56 - [TEST_STEP][PASSED] - navigateToUrl("https://site17.lsapp.cloud/client/index/1557?section=assessments"): Navigate to 'https://site17.lsapp.cloud/client/index/1557?section=assessments' successfully

28-01-2025T18:21:02 - [MESSAGE][PASSED] - Navigate to 'https://site17.lsapp.cloud/client/index/1557?section=assessments' successfully

28-01-2025T18:21:02 - [TEST_STEP][PASSED] - verifyElementText(findTestObject("Object Repository/Specific Cases Repository/LS/Client Profile/Assessments/Page_Client Profile/div_CIWA B Assessment"), "CIWA B Assessment"): Actual text and expected text of test object 'Object Repository/Specific Cases Repository/LS/Client Profile/Assessments/Page_Client Profile/div_CIWA B Assessment' are matched.

28-01-2025T18:21:03 - [MESSAGE][PASSED] - Actual text and expected text of test object 'Object Repository/Specific Cases Repository/LS/Client Profile/Assessments/Page_Client Profile/div_CIWA B Assessment' are matched.

28-01-2025T18:21:03 - [TEST_STEP][PASSED] - click(findTestObject("Object Repository/Specific Cases Repository/LS/Client Profile/Assessments/Page_Client Profile/button_New assessment_1")): Object: 'Object Repository/Specific Cases Repository/LS/Client Profile/Assessments/Page_Client Profile/button_New assessment_1' is clicked on

28-01-2025T18:21:03 - [MESSAGE][PASSED] - Object: 'Object Repository/Specific Cases Repository/LS/Client Profile/Assessments/Page_Client Profile/button_New assessment_1' is clicked on

28-01-2025T18:21:03 - [TEST_STEP][PASSED] - click(findTestObject("Object Repository/Specific Cases Repository/LS/Client Profile/Assessments/Page_Client Profile/li_AM Assessment")): Object: 'Object Repository/Specific Cases Repository/LS/Client Profile/Assessments/Page_Client Profile/li_AM Assessment' is clicked on

28-01-2025T18:21:03 - [MESSAGE][PASSED] - Object: 'Object Repository/Specific Cases Repository/LS/Client Profile/Assessments/Page_Client Profile/li_AM Assessment' is clicked on

28-01-2025T18:21:03 - [TEST_STEP][PASSED] - click(findTestObject("Object Repository/Specific Cases Repository/LS/Client Profile/Assessments/Page_Client Profile/a_Create                arrow_right_alt_1")): Object: 'Object Repository/Specific Cases Repository/LS/Client Profile/Assessments/Page_Client Profile/a_Create                arrow_right_alt_1' is clicked on

28-01-2025T18:21:08 - [MESSAGE][PASSED] - Object: 'Object Repository/Specific Cases Repository/LS/Client Profile/Assessments/Page_Client Profile/a_Create                arrow_right_alt_1' is clicked on

28-01-2025T18:21:08 - [TEST_STEP][PASSED] - setText(findTestObject("Object Repository/Specific Cases Repository/LS/Client Profile/Assessments/Page_AM Assessment/input_How many hours of restful sleep did y_a36804"), "Automation test"): Text 'Automation test' is set on object 'Object Repository/Specific Cases Repository/LS/Client Profile/Assessments/Page_AM Assessment/input_How many hours of restful sleep did y_a36804'

28-01-2025T18:21:09 - [MESSAGE][PASSED] - Text 'Automation test' is set on object 'Object Repository/Specific Cases Repository/LS/Client Profile/Assessments/Page_AM Assessment/input_How many hours of restful sleep did y_a36804'

28-01-2025T18:21:09 - [TEST_STEP][PASSED] - selectOptionByValue(findTestObject("Object Repository/Specific Cases Repository/LS/Client Profile/Assessments/Page_AM Assessment/select_YesNo"), "No", true): All options with value 'No' are selected in object 'Object Repository/Specific Cases Repository/LS/Client Profile/Assessments/Page_AM Assessment/select_YesNo'  using regular expression

28-01-2025T18:21:10 - [MESSAGE][PASSED] - All options with value 'No' are selected in object 'Object Repository/Specific Cases Repository/LS/Client Profile/Assessments/Page_AM Assessment/select_YesNo'  using regular expression

28-01-2025T18:21:10 - [TEST_STEP][PASSED] - selectOptionByValue(findTestObject("Object Repository/Specific Cases Repository/LS/Client Profile/Assessments/Page_AM Assessment/select_YesNo_1"), "Yes", true): All options with value 'Yes' are selected in object 'Object Repository/Specific Cases Repository/LS/Client Profile/Assessments/Page_AM Assessment/select_YesNo_1'  using regular expression

28-01-2025T18:21:11 - [MESSAGE][PASSED] - All options with value 'Yes' are selected in object 'Object Repository/Specific Cases Repository/LS/Client Profile/Assessments/Page_AM Assessment/select_YesNo_1'  using regular expression

28-01-2025T18:21:11 - [TEST_STEP][PASSED] - setText(findTestObject("Object Repository/Specific Cases Repository/LS/Client Profile/Assessments/Page_AM Assessment/textarea_If yes, please describe_txtnightmares"), "automation test description"): Text 'automation test description' is set on object 'Object Repository/Specific Cases Repository/LS/Client Profile/Assessments/Page_AM Assessment/textarea_If yes, please describe_txtnightmares'

28-01-2025T18:21:12 - [MESSAGE][PASSED] - Text 'automation test description' is set on object 'Object Repository/Specific Cases Repository/LS/Client Profile/Assessments/Page_AM Assessment/textarea_If yes, please describe_txtnightmares'

28-01-2025T18:21:12 - [TEST_STEP][PASSED] - selectOptionByValue(findTestObject("Object Repository/Specific Cases Repository/LS/Client Profile/Assessments/Page_AM Assessment/select_YesNo_1_2"), "No", true): All options with value 'No' are selected in object 'Object Repository/Specific Cases Repository/LS/Client Profile/Assessments/Page_AM Assessment/select_YesNo_1_2'  using regular expression

28-01-2025T18:21:13 - [MESSAGE][PASSED] - All options with value 'No' are selected in object 'Object Repository/Specific Cases Repository/LS/Client Profile/Assessments/Page_AM Assessment/select_YesNo_1_2'  using regular expression

28-01-2025T18:21:13 - [TEST_STEP][PASSED] - setText(findTestObject("Object Repository/Specific Cases Repository/LS/Client Profile/Assessments/Page_AM Assessment/textarea_Please describe your appetite. Is _ec8639"), "automation desciption 2"): Text 'automation desciption 2' is set on object 'Object Repository/Specific Cases Repository/LS/Client Profile/Assessments/Page_AM Assessment/textarea_Please describe your appetite. Is _ec8639'

28-01-2025T18:21:15 - [MESSAGE][PASSED] - Text 'automation desciption 2' is set on object 'Object Repository/Specific Cases Repository/LS/Client Profile/Assessments/Page_AM Assessment/textarea_Please describe your appetite. Is _ec8639'

28-01-2025T18:21:15 - [TEST_STEP][PASSED] - click(findTestObject("Object Repository/Specific Cases Repository/LS/Client Profile/Assessments/Page_AM Assessment/input_Severity of Depression_depressionrating")): Object: 'Object Repository/Specific Cases Repository/LS/Client Profile/Assessments/Page_AM Assessment/input_Severity of Depression_depressionrating' is clicked on

28-01-2025T18:21:15 - [MESSAGE][PASSED] - Object: 'Object Repository/Specific Cases Repository/LS/Client Profile/Assessments/Page_AM Assessment/input_Severity of Depression_depressionrating' is clicked on

28-01-2025T18:21:15 - [TEST_STEP][PASSED] - click(findTestObject("Object Repository/Specific Cases Repository/LS/Client Profile/Assessments/Page_AM Assessment/input_Severity of Anxiety_anxietyrating")): Object: 'Object Repository/Specific Cases Repository/LS/Client Profile/Assessments/Page_AM Assessment/input_Severity of Anxiety_anxietyrating' is clicked on

28-01-2025T18:21:16 - [MESSAGE][PASSED] - Object: 'Object Repository/Specific Cases Repository/LS/Client Profile/Assessments/Page_AM Assessment/input_Severity of Anxiety_anxietyrating' is clicked on

28-01-2025T18:21:16 - [TEST_STEP][PASSED] - selectOptionByValue(findTestObject("Object Repository/Specific Cases Repository/LS/Client Profile/Assessments/Page_AM Assessment/select_YesNo_1_2_3"), "No", true): All options with value 'No' are selected in object 'Object Repository/Specific Cases Repository/LS/Client Profile/Assessments/Page_AM Assessment/select_YesNo_1_2_3'  using regular expression

28-01-2025T18:21:17 - [MESSAGE][PASSED] - All options with value 'No' are selected in object 'Object Repository/Specific Cases Repository/LS/Client Profile/Assessments/Page_AM Assessment/select_YesNo_1_2_3'  using regular expression

28-01-2025T18:21:17 - [TEST_STEP][PASSED] - setText(findTestObject("Object Repository/Specific Cases Repository/LS/Client Profile/Assessments/Page_AM Assessment/input_When was your last bowel movement_lastbm"), "automation response"): Text 'automation response' is set on object 'Object Repository/Specific Cases Repository/LS/Client Profile/Assessments/Page_AM Assessment/input_When was your last bowel movement_lastbm'

28-01-2025T18:21:18 - [MESSAGE][PASSED] - Text 'automation response' is set on object 'Object Repository/Specific Cases Repository/LS/Client Profile/Assessments/Page_AM Assessment/input_When was your last bowel movement_lastbm'

28-01-2025T18:21:18 - [TEST_STEP][PASSED] - setText(findTestObject("Object Repository/Specific Cases Repository/LS/Client Profile/Assessments/Page_AM Assessment/textarea_Additional Information_note"), "autoamtion rsponse 2"): Text 'autoamtion rsponse 2' is set on object 'Object Repository/Specific Cases Repository/LS/Client Profile/Assessments/Page_AM Assessment/textarea_Additional Information_note'

28-01-2025T18:21:19 - [MESSAGE][PASSED] - Text 'autoamtion rsponse 2' is set on object 'Object Repository/Specific Cases Repository/LS/Client Profile/Assessments/Page_AM Assessment/textarea_Additional Information_note'

28-01-2025T18:21:19 - [TEST_STEP][PASSED] - verifyElementText(findTestObject("Object Repository/Specific Cases Repository/LS/Client Profile/Assessments/Page_AM Assessment/b_Vital Signs"), "Vital Signs"): Actual text and expected text of test object 'Object Repository/Specific Cases Repository/LS/Client Profile/Assessments/Page_AM Assessment/b_Vital Signs' are matched.

28-01-2025T18:21:20 - [MESSAGE][PASSED] - Actual text and expected text of test object 'Object Repository/Specific Cases Repository/LS/Client Profile/Assessments/Page_AM Assessment/b_Vital Signs' are matched.

28-01-2025T18:21:20 - [TEST_STEP][PASSED] - click(findTestObject("Object Repository/Specific Cases Repository/LS/Client Profile/Assessments/Page_AM Assessment/button_Save")): Object: 'Object Repository/Specific Cases Repository/LS/Client Profile/Assessments/Page_AM Assessment/button_Save' is clicked on

28-01-2025T18:21:26 - [MESSAGE][PASSED] - Object: 'Object Repository/Specific Cases Repository/LS/Client Profile/Assessments/Page_AM Assessment/button_Save' is clicked on

28-01-2025T18:21:26 - [TEST_STEP][PASSED] - navigateToUrl("https://site17.lsapp.cloud/client/index/1557?section=assessments"): Navigate to 'https://site17.lsapp.cloud/client/index/1557?section=assessments' successfully

28-01-2025T18:21:31 - [MESSAGE][PASSED] - Navigate to 'https://site17.lsapp.cloud/client/index/1557?section=assessments' successfully

28-01-2025T18:21:31 - [TEST_STEP][PASSED] - verifyElementText(findTestObject("Object Repository/Specific Cases Repository/LS/Client Profile/Assessments/Page_Client Profile/div_AM Assessment"), "AM Assessment"): Actual text and expected text of test object 'Object Repository/Specific Cases Repository/LS/Client Profile/Assessments/Page_Client Profile/div_AM Assessment' are matched.

28-01-2025T18:21:32 - [MESSAGE][PASSED] - Actual text and expected text of test object 'Object Repository/Specific Cases Repository/LS/Client Profile/Assessments/Page_Client Profile/div_AM Assessment' are matched.

28-01-2025T18:21:32 - [TEST_STEP][PASSED] - verifyElementText(findTestObject("Object Repository/Specific Cases Repository/LS/Client Profile/Assessments/Page_Client Profile/div_Not signed"), "Not signed"): Actual text and expected text of test object 'Object Repository/Specific Cases Repository/LS/Client Profile/Assessments/Page_Client Profile/div_Not signed' are matched.

28-01-2025T18:21:33 - [MESSAGE][PASSED] - Actual text and expected text of test object 'Object Repository/Specific Cases Repository/LS/Client Profile/Assessments/Page_Client Profile/div_Not signed' are matched.

28-01-2025T18:21:33 - [TEST_STEP][PASSED] - closeBrowser(): Browser is closed

28-01-2025T18:21:33 - [MESSAGE][PASSED] - Browser is closed]]></system-out>
         <system-err><![CDATA[]]></system-err>
      </testcase>
      <testcase name="Test Cases/Specific Cases/LS/Client Profile/Progress Notes" time="77.89" classname="Test Cases/Specific Cases/LS/Client Profile/Progress Notes" status="FAILED">
         <failure type="FAILED" message="Test Cases/Specific Cases/LS/Client Profile/Progress Notes FAILED.&#xa;Reason:&#xa;com.kms.katalon.core.exception.StepFailedException: Unable to set text 'Automation Clinical Note B Client' of object 'Object Repository/Specific Cases Repository/LS/Client Profile/Progress Notes/Page_Clinical Note/input__subject'&#xa;	at com.kms.katalon.core.webui.keyword.internal.WebUIKeywordMain.stepFailed(WebUIKeywordMain.groovy:117)&#xa;	at com.kms.katalon.core.webui.keyword.internal.WebUIKeywordMain.runKeyword(WebUIKeywordMain.groovy:43)&#xa;	at com.kms.katalon.core.webui.keyword.builtin.SetTextKeyword.setText(SetTextKeyword.groovy:85)&#xa;	at com.kms.katalon.core.webui.keyword.builtin.SetTextKeyword.execute(SetTextKeyword.groovy:39)&#xa;	at com.kms.katalon.core.keyword.internal.KeywordExecutor.executeKeywordForPlatform(KeywordExecutor.groovy:74)&#xa;	at com.kms.katalon.core.webui.keyword.WebUiBuiltInKeywords.setText(WebUiBuiltInKeywords.groovy:1019)&#xa;	at Progress Notes.run(Progress Notes:48)&#xa;	at com.kms.katalon.core.main.ScriptEngine.run(ScriptEngine.java:194)&#xa;	at com.kms.katalon.core.main.ScriptEngine.runScriptAsRawText(ScriptEngine.java:119)&#xa;	at com.kms.katalon.core.main.TestCaseExecutor.runScript(TestCaseExecutor.java:448)&#xa;	at com.kms.katalon.core.main.TestCaseExecutor.doExecute(TestCaseExecutor.java:439)&#xa;	at com.kms.katalon.core.main.TestCaseExecutor.processExecutionPhase(TestCaseExecutor.java:418)&#xa;	at com.kms.katalon.core.main.TestCaseExecutor.accessMainPhase(TestCaseExecutor.java:410)&#xa;	at com.kms.katalon.core.main.TestCaseExecutor.execute(TestCaseExecutor.java:285)&#xa;	at com.kms.katalon.core.common.CommonExecutor.accessTestCaseMainPhase(CommonExecutor.java:65)&#xa;	at com.kms.katalon.core.main.TestSuiteExecutor.accessTestSuiteMainPhase(TestSuiteExecutor.java:150)&#xa;	at com.kms.katalon.core.main.TestSuiteExecutor.execute(TestSuiteExecutor.java:106)&#xa;	at com.kms.katalon.core.main.TestCaseMain.startTestSuite(TestCaseMain.java:180)&#xa;	at TempTestSuite1738104964704.run(TempTestSuite1738104964704.groovy:35)&#xa;	at java.base/jdk.internal.reflect.NativeMethodAccessorImpl.invoke0(Native Method)&#xa;	at java.base/jdk.internal.reflect.NativeMethodAccessorImpl.invoke(NativeMethodAccessorImpl.java:77)&#xa;	at java.base/jdk.internal.reflect.DelegatingMethodAccessorImpl.invoke(DelegatingMethodAccessorImpl.java:43)&#xa;Caused by: com.kms.katalon.core.webui.exception.WebElementNotFoundException: Web element with id: 'Object Repository/Specific Cases Repository/LS/Client Profile/Progress Notes/Page_Clinical Note/input__subject' located by '//input[@id='subject']' not found&#xa;	at com.kms.katalon.core.webui.common.WebUiCommonHelper.findWebElement(WebUiCommonHelper.java:1423)&#xa;	at com.kms.katalon.core.webui.keyword.internal.WebUIAbstractKeyword.findWebElement(WebUIAbstractKeyword.groovy:27)&#xa;	at com.kms.katalon.core.webui.keyword.internal.WebUIAbstractKeyword.findWebElement(WebUIAbstractKeyword.groovy:26)&#xa;	at com.kms.katalon.core.webui.keyword.builtin.SetTextKeyword$_setText_closure1.doCall(SetTextKeyword.groovy:53)&#xa;	at com.kms.katalon.core.webui.keyword.builtin.SetTextKeyword$_setText_closure1.call(SetTextKeyword.groovy)&#xa;	at com.kms.katalon.core.webui.keyword.internal.WebUIKeywordMain.runKeyword(WebUIKeywordMain.groovy:35)&#xa;	... 20 more&#xa;"/>
         <system-out><![CDATA[28-01-2025T18:21:33 - [TEST_CASE][FAILED] - Test Cases/Specific Cases/LS/Client Profile/Progress Notes: Test Cases/Specific Cases/LS/Client Profile/Progress Notes FAILED.
Reason:
com.kms.katalon.core.exception.StepFailedException: Unable to set text 'Automation Clinical Note B Client' of object 'Object Repository/Specific Cases Repository/LS/Client Profile/Progress Notes/Page_Clinical Note/input__subject'
	at com.kms.katalon.core.webui.keyword.internal.WebUIKeywordMain.stepFailed(WebUIKeywordMain.groovy:117)
	at com.kms.katalon.core.webui.keyword.internal.WebUIKeywordMain.runKeyword(WebUIKeywordMain.groovy:43)
	at com.kms.katalon.core.webui.keyword.builtin.SetTextKeyword.setText(SetTextKeyword.groovy:85)
	at com.kms.katalon.core.webui.keyword.builtin.SetTextKeyword.execute(SetTextKeyword.groovy:39)
	at com.kms.katalon.core.keyword.internal.KeywordExecutor.executeKeywordForPlatform(KeywordExecutor.groovy:74)
	at com.kms.katalon.core.webui.keyword.WebUiBuiltInKeywords.setText(WebUiBuiltInKeywords.groovy:1019)
	at Progress Notes.run(Progress Notes:48)
	at com.kms.katalon.core.main.ScriptEngine.run(ScriptEngine.java:194)
	at com.kms.katalon.core.main.ScriptEngine.runScriptAsRawText(ScriptEngine.java:119)
	at com.kms.katalon.core.main.TestCaseExecutor.runScript(TestCaseExecutor.java:448)
	at com.kms.katalon.core.main.TestCaseExecutor.doExecute(TestCaseExecutor.java:439)
	at com.kms.katalon.core.main.TestCaseExecutor.processExecutionPhase(TestCaseExecutor.java:418)
	at com.kms.katalon.core.main.TestCaseExecutor.accessMainPhase(TestCaseExecutor.java:410)
	at com.kms.katalon.core.main.TestCaseExecutor.execute(TestCaseExecutor.java:285)
	at com.kms.katalon.core.common.CommonExecutor.accessTestCaseMainPhase(CommonExecutor.java:65)
	at com.kms.katalon.core.main.TestSuiteExecutor.accessTestSuiteMainPhase(TestSuiteExecutor.java:150)
	at com.kms.katalon.core.main.TestSuiteExecutor.execute(TestSuiteExecutor.java:106)
	at com.kms.katalon.core.main.TestCaseMain.startTestSuite(TestCaseMain.java:180)
	at TempTestSuite1738104964704.run(TempTestSuite1738104964704.groovy:35)
	at java.base/jdk.internal.reflect.NativeMethodAccessorImpl.invoke0(Native Method)
	at java.base/jdk.internal.reflect.NativeMethodAccessorImpl.invoke(NativeMethodAccessorImpl.java:77)
	at java.base/jdk.internal.reflect.DelegatingMethodAccessorImpl.invoke(DelegatingMethodAccessorImpl.java:43)
Caused by: com.kms.katalon.core.webui.exception.WebElementNotFoundException: Web element with id: 'Object Repository/Specific Cases Repository/LS/Client Profile/Progress Notes/Page_Clinical Note/input__subject' located by '//input[@id='subject']' not found
	at com.kms.katalon.core.webui.common.WebUiCommonHelper.findWebElement(WebUiCommonHelper.java:1423)
	at com.kms.katalon.core.webui.keyword.internal.WebUIAbstractKeyword.findWebElement(WebUIAbstractKeyword.groovy:27)
	at com.kms.katalon.core.webui.keyword.internal.WebUIAbstractKeyword.findWebElement(WebUIAbstractKeyword.groovy:26)
	at com.kms.katalon.core.webui.keyword.builtin.SetTextKeyword$_setText_closure1.doCall(SetTextKeyword.groovy:53)
	at com.kms.katalon.core.webui.keyword.builtin.SetTextKeyword$_setText_closure1.call(SetTextKeyword.groovy)
	at com.kms.katalon.core.webui.keyword.internal.WebUIKeywordMain.runKeyword(WebUIKeywordMain.groovy:35)
	... 20 more


28-01-2025T18:21:33 - [TEST_STEP][PASSED] - callTestCase(findTestCase("Common Cases/Login"), [:], STOP_ON_FAILURE): Call Test Case 'Test Cases/Common Cases/Login' successfully

28-01-2025T18:21:33 - [TEST_CASE][PASSED] - Test Cases/Common Cases/Login: Test Cases/Common Cases/Login

28-01-2025T18:21:33 - [TEST_STEP][PASSED] - openBrowser(""): Browser is opened with url: ''

28-01-2025T18:21:33 - [MESSAGE][INFO] - Starting 'Chrome' driver

28-01-2025T18:21:33 - [MESSAGE][INFO] - Action delay is set to 0 milliseconds

28-01-2025T18:21:34 - [MESSAGE][PASSED] - Browser is opened with url: ''

28-01-2025T18:21:34 - [TEST_STEP][PASSED] - maximizeWindow(): Current window maximized

28-01-2025T18:21:34 - [MESSAGE][PASSED] - Current window maximized

28-01-2025T18:21:34 - [TEST_STEP][PASSED] - navigateToUrl("https://site17.lsapp.cloud/auth/login"): Navigate to 'https://site17.lsapp.cloud/auth/login' successfully

28-01-2025T18:21:41 - [MESSAGE][PASSED] - Navigate to 'https://site17.lsapp.cloud/auth/login' successfully

28-01-2025T18:21:41 - [TEST_STEP][PASSED] - setText(findTestObject("Object Repository/Common Cases Repository/Login/Page_Lightning Step/input_Email_email"), "automation@lightningstep.com"): Text 'automation@lightningstep.com' is set on object 'Object Repository/Common Cases Repository/Login/Page_Lightning Step/input_Email_email'

28-01-2025T18:21:42 - [MESSAGE][PASSED] - Text 'automation@lightningstep.com' is set on object 'Object Repository/Common Cases Repository/Login/Page_Lightning Step/input_Email_email'

28-01-2025T18:21:42 - [TEST_STEP][PASSED] - setEncryptedText(findTestObject("Object Repository/Common Cases Repository/Login/Page_Lightning Step/input_Password_password"), "e5N8VHmnhJDITtQaQhDQDw=="): Text ****** has been set on object 'Object Repository/Common Cases Repository/Login/Page_Lightning Step/input_Password_password'

28-01-2025T18:21:42 - [MESSAGE][PASSED] - Text ****** has been set on object 'Object Repository/Common Cases Repository/Login/Page_Lightning Step/input_Password_password'

28-01-2025T18:21:42 - [TEST_STEP][PASSED] - click(findTestObject("Object Repository/Common Cases Repository/Login/Page_Lightning Step/button_Sign in")): Object: 'Object Repository/Common Cases Repository/Login/Page_Lightning Step/button_Sign in' is clicked on

28-01-2025T18:21:53 - [MESSAGE][PASSED] - Object: 'Object Repository/Common Cases Repository/Login/Page_Lightning Step/button_Sign in' is clicked on

28-01-2025T18:21:53 - [MESSAGE][PASSED] - Call Test Case 'Test Cases/Common Cases/Login' successfully

28-01-2025T18:21:53 - [TEST_STEP][PASSED] - navigateToUrl("https://site17.lsapp.cloud/client/index/1557?section=notes"): Navigate to 'https://site17.lsapp.cloud/client/index/1557?section=notes' successfully

28-01-2025T18:22:07 - [MESSAGE][PASSED] - Navigate to 'https://site17.lsapp.cloud/client/index/1557?section=notes' successfully

28-01-2025T18:22:07 - [TEST_STEP][PASSED] - click(findTestObject("Object Repository/Specific Cases Repository/LS/Client Profile/Progress Notes/Page_Client Profile/button_New note")): Object: 'Object Repository/Specific Cases Repository/LS/Client Profile/Progress Notes/Page_Client Profile/button_New note' is clicked on

28-01-2025T18:22:07 - [MESSAGE][PASSED] - Object: 'Object Repository/Specific Cases Repository/LS/Client Profile/Progress Notes/Page_Client Profile/button_New note' is clicked on

28-01-2025T18:22:07 - [TEST_STEP][PASSED] - click(findTestObject("Object Repository/Specific Cases Repository/LS/Client Profile/Progress Notes/Page_Client Profile/span_south_west")): Object: 'Object Repository/Specific Cases Repository/LS/Client Profile/Progress Notes/Page_Client Profile/span_south_west' is clicked on

28-01-2025T18:22:08 - [MESSAGE][PASSED] - Object: 'Object Repository/Specific Cases Repository/LS/Client Profile/Progress Notes/Page_Client Profile/span_south_west' is clicked on

28-01-2025T18:22:08 - [TEST_STEP][PASSED] - verifyElementText(findTestObject("Object Repository/Specific Cases Repository/LS/Client Profile/Progress Notes/Page_Client Profile/a_Expand viewarrow_outward"), "Expand viewarrow_outward"): Actual text and expected text of test object 'Object Repository/Specific Cases Repository/LS/Client Profile/Progress Notes/Page_Client Profile/a_Expand viewarrow_outward' are matched.

28-01-2025T18:22:08 - [MESSAGE][PASSED] - Actual text and expected text of test object 'Object Repository/Specific Cases Repository/LS/Client Profile/Progress Notes/Page_Client Profile/a_Expand viewarrow_outward' are matched.

28-01-2025T18:22:08 - [TEST_STEP][PASSED] - click(findTestObject("Object Repository/Specific Cases Repository/LS/Client Profile/Progress Notes/Page_Client Profile/span_arrow_outward")): Object: 'Object Repository/Specific Cases Repository/LS/Client Profile/Progress Notes/Page_Client Profile/span_arrow_outward' is clicked on

28-01-2025T18:22:08 - [MESSAGE][PASSED] - Object: 'Object Repository/Specific Cases Repository/LS/Client Profile/Progress Notes/Page_Client Profile/span_arrow_outward' is clicked on

28-01-2025T18:22:08 - [TEST_STEP][PASSED] - verifyElementText(findTestObject("Object Repository/Specific Cases Repository/LS/Client Profile/Progress Notes/Page_Client Profile/a_Collapse viewsouth_west"), "Collapse viewsouth_west"): Actual text and expected text of test object 'Object Repository/Specific Cases Repository/LS/Client Profile/Progress Notes/Page_Client Profile/a_Collapse viewsouth_west' are matched.

28-01-2025T18:22:09 - [MESSAGE][PASSED] - Actual text and expected text of test object 'Object Repository/Specific Cases Repository/LS/Client Profile/Progress Notes/Page_Client Profile/a_Collapse viewsouth_west' are matched.

28-01-2025T18:22:09 - [TEST_STEP][PASSED] - click(findTestObject("Object Repository/Specific Cases Repository/LS/Client Profile/Progress Notes/Page_Client Profile/a_Cancel")): Object: 'Object Repository/Specific Cases Repository/LS/Client Profile/Progress Notes/Page_Client Profile/a_Cancel' is clicked on

28-01-2025T18:22:09 - [MESSAGE][PASSED] - Object: 'Object Repository/Specific Cases Repository/LS/Client Profile/Progress Notes/Page_Client Profile/a_Cancel' is clicked on

28-01-2025T18:22:09 - [TEST_STEP][PASSED] - click(findTestObject("Object Repository/Specific Cases Repository/LS/Client Profile/Progress Notes/Page_Client Profile/button_New note")): Object: 'Object Repository/Specific Cases Repository/LS/Client Profile/Progress Notes/Page_Client Profile/button_New note' is clicked on

28-01-2025T18:22:10 - [MESSAGE][PASSED] - Object: 'Object Repository/Specific Cases Repository/LS/Client Profile/Progress Notes/Page_Client Profile/button_New note' is clicked on

28-01-2025T18:22:10 - [TEST_STEP][PASSED] - click(findTestObject("Object Repository/Specific Cases Repository/LS/Client Profile/Progress Notes/Page_Client Profile/li_Clinical Note")): Object: 'Object Repository/Specific Cases Repository/LS/Client Profile/Progress Notes/Page_Client Profile/li_Clinical Note' is clicked on

28-01-2025T18:22:10 - [MESSAGE][PASSED] - Object: 'Object Repository/Specific Cases Repository/LS/Client Profile/Progress Notes/Page_Client Profile/li_Clinical Note' is clicked on

28-01-2025T18:22:10 - [TEST_STEP][PASSED] - click(findTestObject("Object Repository/Specific Cases Repository/LS/Client Profile/Progress Notes/Page_Client Profile/li_Individual Progress Note")): Object: 'Object Repository/Specific Cases Repository/LS/Client Profile/Progress Notes/Page_Client Profile/li_Individual Progress Note' is clicked on

28-01-2025T18:22:10 - [MESSAGE][PASSED] - Object: 'Object Repository/Specific Cases Repository/LS/Client Profile/Progress Notes/Page_Client Profile/li_Individual Progress Note' is clicked on

28-01-2025T18:22:10 - [TEST_STEP][PASSED] - click(findTestObject("Object Repository/Specific Cases Repository/LS/Client Profile/Progress Notes/Page_Client Profile/li_Clinical Note")): Object: 'Object Repository/Specific Cases Repository/LS/Client Profile/Progress Notes/Page_Client Profile/li_Clinical Note' is clicked on

28-01-2025T18:22:11 - [MESSAGE][PASSED] - Object: 'Object Repository/Specific Cases Repository/LS/Client Profile/Progress Notes/Page_Client Profile/li_Clinical Note' is clicked on

28-01-2025T18:22:11 - [TEST_STEP][PASSED] - click(findTestObject("Object Repository/Specific Cases Repository/LS/Client Profile/Progress Notes/Page_Client Profile/a_Create            arrow_right_alt")): Object: 'Object Repository/Specific Cases Repository/LS/Client Profile/Progress Notes/Page_Client Profile/a_Create            arrow_right_alt' is clicked on

28-01-2025T18:22:15 - [MESSAGE][PASSED] - Object: 'Object Repository/Specific Cases Repository/LS/Client Profile/Progress Notes/Page_Client Profile/a_Create            arrow_right_alt' is clicked on

28-01-2025T18:22:15 - [TEST_STEP][FAILED] - setText(findTestObject("Object Repository/Specific Cases Repository/LS/Client Profile/Progress Notes/Page_Clinical Note/input__subject"), "Automation Clinical Note B Client"): Unable to set text 'Automation Clinical Note B Client' of object 'Object Repository/Specific Cases Repository/LS/Client Profile/Progress Notes/Page_Clinical Note/input__subject' (Root cause: com.kms.katalon.core.exception.StepFailedException: Unable to set text 'Automation Clinical Note B Client' of object 'Object Repository/Specific Cases Repository/LS/Client Profile/Progress Notes/Page_Clinical Note/input__subject'
	at com.kms.katalon.core.webui.keyword.internal.WebUIKeywordMain.stepFailed(WebUIKeywordMain.groovy:117)
	at com.kms.katalon.core.webui.keyword.internal.WebUIKeywordMain.runKeyword(WebUIKeywordMain.groovy:43)
	at com.kms.katalon.core.webui.keyword.builtin.SetTextKeyword.setText(SetTextKeyword.groovy:85)
	at com.kms.katalon.core.webui.keyword.builtin.SetTextKeyword.execute(SetTextKeyword.groovy:39)
	at com.kms.katalon.core.keyword.internal.KeywordExecutor.executeKeywordForPlatform(KeywordExecutor.groovy:74)
	at com.kms.katalon.core.webui.keyword.WebUiBuiltInKeywords.setText(WebUiBuiltInKeywords.groovy:1019)
	at Progress Notes.run(Progress Notes:48)
	at com.kms.katalon.core.main.ScriptEngine.run(ScriptEngine.java:194)
	at com.kms.katalon.core.main.ScriptEngine.runScriptAsRawText(ScriptEngine.java:119)
	at com.kms.katalon.core.main.TestCaseExecutor.runScript(TestCaseExecutor.java:448)
	at com.kms.katalon.core.main.TestCaseExecutor.doExecute(TestCaseExecutor.java:439)
	at com.kms.katalon.core.main.TestCaseExecutor.processExecutionPhase(TestCaseExecutor.java:418)
	at com.kms.katalon.core.main.TestCaseExecutor.accessMainPhase(TestCaseExecutor.java:410)
	at com.kms.katalon.core.main.TestCaseExecutor.execute(TestCaseExecutor.java:285)
	at com.kms.katalon.core.common.CommonExecutor.accessTestCaseMainPhase(CommonExecutor.java:65)
	at com.kms.katalon.core.main.TestSuiteExecutor.accessTestSuiteMainPhase(TestSuiteExecutor.java:150)
	at com.kms.katalon.core.main.TestSuiteExecutor.execute(TestSuiteExecutor.java:106)
	at com.kms.katalon.core.main.TestCaseMain.startTestSuite(TestCaseMain.java:180)
	at TempTestSuite1738104964704.run(TempTestSuite1738104964704.groovy:35)
	at java.base/jdk.internal.reflect.NativeMethodAccessorImpl.invoke0(Native Method)
	at java.base/jdk.internal.reflect.NativeMethodAccessorImpl.invoke(NativeMethodAccessorImpl.java:77)
	at java.base/jdk.internal.reflect.DelegatingMethodAccessorImpl.invoke(DelegatingMethodAccessorImpl.java:43)
Caused by: com.kms.katalon.core.webui.exception.WebElementNotFoundException: Web element with id: 'Object Repository/Specific Cases Repository/LS/Client Profile/Progress Notes/Page_Clinical Note/input__subject' located by '//input[@id='subject']' not found
	at com.kms.katalon.core.webui.common.WebUiCommonHelper.findWebElement(WebUiCommonHelper.java:1423)
	at com.kms.katalon.core.webui.keyword.internal.WebUIAbstractKeyword.findWebElement(WebUIAbstractKeyword.groovy:27)
	at com.kms.katalon.core.webui.keyword.internal.WebUIAbstractKeyword.findWebElement(WebUIAbstractKeyword.groovy:26)
	at com.kms.katalon.core.webui.keyword.builtin.SetTextKeyword$_setText_closure1.doCall(SetTextKeyword.groovy:53)
	at com.kms.katalon.core.webui.keyword.builtin.SetTextKeyword$_setText_closure1.call(SetTextKeyword.groovy)
	at com.kms.katalon.core.webui.keyword.internal.WebUIKeywordMain.runKeyword(WebUIKeywordMain.groovy:35)
	at com.kms.katalon.core.webui.keyword.builtin.SetTextKeyword.setText(SetTextKeyword.groovy:85)
	at com.kms.katalon.core.webui.keyword.builtin.SetTextKeyword.execute(SetTextKeyword.groovy:39)
	at com.kms.katalon.core.keyword.internal.KeywordExecutor.executeKeywordForPlatform(KeywordExecutor.groovy:74)
	at com.kms.katalon.core.webui.keyword.WebUiBuiltInKeywords.setText(WebUiBuiltInKeywords.groovy:1019)
	at Script1731532837012.run(Script1731532837012.groovy:48)
	... 15 more
)

28-01-2025T18:22:46 - [MESSAGE][INFO] - Unable to find the element located by 'By.xpath: //input[@id='subject']'. Please recheck the objects properties to make sure the desired element is located. 

28-01-2025T18:22:46 - [MESSAGE][WARNING] - [SELF-HEALING] Failed to find element with id 'Object Repository/Specific Cases Repository/LS/Client Profile/Progress Notes/Page_Clinical Note/input__subject'. Try using Self-healing.

28-01-2025T18:22:47 - [MESSAGE][INFO] - [SELF-HEALING] Failed Locator: '//input[@id='subject']'.

28-01-2025T18:22:47 - [MESSAGE][INFO] - [SELF-HEALING] Failed Locator: '//div[@id='formdataFirstPanel']/div/div/div[4]/div/div/input'.

28-01-2025T18:22:47 - [MESSAGE][INFO] - [SELF-HEALING] Failed Locator: '//div[2]/div/div/div[4]/div/div/input'.

28-01-2025T18:22:47 - [MESSAGE][INFO] - [SELF-HEALING] Failed Locator: '//input[@type = 'text' and @name = 'subject' and @id = 'subject']'.

28-01-2025T18:22:50 - [MESSAGE][INFO] - Unable to find the element located by 'By.xpath: //*[@type = 'text' and @name = 'subject' and @id = 'subject']'. Please recheck the objects properties to make sure the desired element is located. 

28-01-2025T18:22:51 - [MESSAGE][INFO] - Unable to find the element located by 'By.cssSelector: #subject'. Please recheck the objects properties to make sure the desired element is located. 

28-01-2025T18:22:51 - [MESSAGE][FAILED] - Unable to set text 'Automation Clinical Note B Client' of object 'Object Repository/Specific Cases Repository/LS/Client Profile/Progress Notes/Page_Clinical Note/input__subject' (Root cause: com.kms.katalon.core.exception.StepFailedException: Unable to set text 'Automation Clinical Note B Client' of object 'Object Repository/Specific Cases Repository/LS/Client Profile/Progress Notes/Page_Clinical Note/input__subject'
	at com.kms.katalon.core.webui.keyword.internal.WebUIKeywordMain.stepFailed(WebUIKeywordMain.groovy:117)
	at com.kms.katalon.core.webui.keyword.internal.WebUIKeywordMain.runKeyword(WebUIKeywordMain.groovy:43)
	at com.kms.katalon.core.webui.keyword.builtin.SetTextKeyword.setText(SetTextKeyword.groovy:85)
	at com.kms.katalon.core.webui.keyword.builtin.SetTextKeyword.execute(SetTextKeyword.groovy:39)
	at com.kms.katalon.core.keyword.internal.KeywordExecutor.executeKeywordForPlatform(KeywordExecutor.groovy:74)
	at com.kms.katalon.core.webui.keyword.WebUiBuiltInKeywords.setText(WebUiBuiltInKeywords.groovy:1019)
	at Progress Notes.run(Progress Notes:48)
	at com.kms.katalon.core.main.ScriptEngine.run(ScriptEngine.java:194)
	at com.kms.katalon.core.main.ScriptEngine.runScriptAsRawText(ScriptEngine.java:119)
	at com.kms.katalon.core.main.TestCaseExecutor.runScript(TestCaseExecutor.java:448)
	at com.kms.katalon.core.main.TestCaseExecutor.doExecute(TestCaseExecutor.java:439)
	at com.kms.katalon.core.main.TestCaseExecutor.processExecutionPhase(TestCaseExecutor.java:418)
	at com.kms.katalon.core.main.TestCaseExecutor.accessMainPhase(TestCaseExecutor.java:410)
	at com.kms.katalon.core.main.TestCaseExecutor.execute(TestCaseExecutor.java:285)
	at com.kms.katalon.core.common.CommonExecutor.accessTestCaseMainPhase(CommonExecutor.java:65)
	at com.kms.katalon.core.main.TestSuiteExecutor.accessTestSuiteMainPhase(TestSuiteExecutor.java:150)
	at com.kms.katalon.core.main.TestSuiteExecutor.execute(TestSuiteExecutor.java:106)
	at com.kms.katalon.core.main.TestCaseMain.startTestSuite(TestCaseMain.java:180)
	at TempTestSuite1738104964704.run(TempTestSuite1738104964704.groovy:35)
	at java.base/jdk.internal.reflect.NativeMethodAccessorImpl.invoke0(Native Method)
	at java.base/jdk.internal.reflect.NativeMethodAccessorImpl.invoke(NativeMethodAccessorImpl.java:77)
	at java.base/jdk.internal.reflect.DelegatingMethodAccessorImpl.invoke(DelegatingMethodAccessorImpl.java:43)
Caused by: com.kms.katalon.core.webui.exception.WebElementNotFoundException: Web element with id: 'Object Repository/Specific Cases Repository/LS/Client Profile/Progress Notes/Page_Clinical Note/input__subject' located by '//input[@id='subject']' not found
	at com.kms.katalon.core.webui.common.WebUiCommonHelper.findWebElement(WebUiCommonHelper.java:1423)
	at com.kms.katalon.core.webui.keyword.internal.WebUIAbstractKeyword.findWebElement(WebUIAbstractKeyword.groovy:27)
	at com.kms.katalon.core.webui.keyword.internal.WebUIAbstractKeyword.findWebElement(WebUIAbstractKeyword.groovy:26)
	at com.kms.katalon.core.webui.keyword.builtin.SetTextKeyword$_setText_closure1.doCall(SetTextKeyword.groovy:53)
	at com.kms.katalon.core.webui.keyword.builtin.SetTextKeyword$_setText_closure1.call(SetTextKeyword.groovy)
	at com.kms.katalon.core.webui.keyword.internal.WebUIKeywordMain.runKeyword(WebUIKeywordMain.groovy:35)
	at com.kms.katalon.core.webui.keyword.builtin.SetTextKeyword.setText(SetTextKeyword.groovy:85)
	at com.kms.katalon.core.webui.keyword.builtin.SetTextKeyword.execute(SetTextKeyword.groovy:39)
	at com.kms.katalon.core.keyword.internal.KeywordExecutor.executeKeywordForPlatform(KeywordExecutor.groovy:74)
	at com.kms.katalon.core.webui.keyword.WebUiBuiltInKeywords.setText(WebUiBuiltInKeywords.groovy:1019)
	at Script1731532837012.run(Script1731532837012.groovy:48)
	... 15 more
)
[[ATTACHMENT|C:\\Users\\Enrique\\git\\AUTOMATION_LS\\Reports\\20250128_175555\\LS\\Client Profile\\Client Profile\\20250128_175604\\1738106571151.png]]]]></system-out>
         <system-err><![CDATA[28-01-2025T18:21:33 - [TEST_CASE][FAILED] - Test Cases/Specific Cases/LS/Client Profile/Progress Notes: Test Cases/Specific Cases/LS/Client Profile/Progress Notes FAILED.
Reason:
com.kms.katalon.core.exception.StepFailedException: Unable to set text 'Automation Clinical Note B Client' of object 'Object Repository/Specific Cases Repository/LS/Client Profile/Progress Notes/Page_Clinical Note/input__subject'
	at com.kms.katalon.core.webui.keyword.internal.WebUIKeywordMain.stepFailed(WebUIKeywordMain.groovy:117)
	at com.kms.katalon.core.webui.keyword.internal.WebUIKeywordMain.runKeyword(WebUIKeywordMain.groovy:43)
	at com.kms.katalon.core.webui.keyword.builtin.SetTextKeyword.setText(SetTextKeyword.groovy:85)
	at com.kms.katalon.core.webui.keyword.builtin.SetTextKeyword.execute(SetTextKeyword.groovy:39)
	at com.kms.katalon.core.keyword.internal.KeywordExecutor.executeKeywordForPlatform(KeywordExecutor.groovy:74)
	at com.kms.katalon.core.webui.keyword.WebUiBuiltInKeywords.setText(WebUiBuiltInKeywords.groovy:1019)
	at Progress Notes.run(Progress Notes:48)
	at com.kms.katalon.core.main.ScriptEngine.run(ScriptEngine.java:194)
	at com.kms.katalon.core.main.ScriptEngine.runScriptAsRawText(ScriptEngine.java:119)
	at com.kms.katalon.core.main.TestCaseExecutor.runScript(TestCaseExecutor.java:448)
	at com.kms.katalon.core.main.TestCaseExecutor.doExecute(TestCaseExecutor.java:439)
	at com.kms.katalon.core.main.TestCaseExecutor.processExecutionPhase(TestCaseExecutor.java:418)
	at com.kms.katalon.core.main.TestCaseExecutor.accessMainPhase(TestCaseExecutor.java:410)
	at com.kms.katalon.core.main.TestCaseExecutor.execute(TestCaseExecutor.java:285)
	at com.kms.katalon.core.common.CommonExecutor.accessTestCaseMainPhase(CommonExecutor.java:65)
	at com.kms.katalon.core.main.TestSuiteExecutor.accessTestSuiteMainPhase(TestSuiteExecutor.java:150)
	at com.kms.katalon.core.main.TestSuiteExecutor.execute(TestSuiteExecutor.java:106)
	at com.kms.katalon.core.main.TestCaseMain.startTestSuite(TestCaseMain.java:180)
	at TempTestSuite1738104964704.run(TempTestSuite1738104964704.groovy:35)
	at java.base/jdk.internal.reflect.NativeMethodAccessorImpl.invoke0(Native Method)
	at java.base/jdk.internal.reflect.NativeMethodAccessorImpl.invoke(NativeMethodAccessorImpl.java:77)
	at java.base/jdk.internal.reflect.DelegatingMethodAccessorImpl.invoke(DelegatingMethodAccessorImpl.java:43)
Caused by: com.kms.katalon.core.webui.exception.WebElementNotFoundException: Web element with id: 'Object Repository/Specific Cases Repository/LS/Client Profile/Progress Notes/Page_Clinical Note/input__subject' located by '//input[@id='subject']' not found
	at com.kms.katalon.core.webui.common.WebUiCommonHelper.findWebElement(WebUiCommonHelper.java:1423)
	at com.kms.katalon.core.webui.keyword.internal.WebUIAbstractKeyword.findWebElement(WebUIAbstractKeyword.groovy:27)
	at com.kms.katalon.core.webui.keyword.internal.WebUIAbstractKeyword.findWebElement(WebUIAbstractKeyword.groovy:26)
	at com.kms.katalon.core.webui.keyword.builtin.SetTextKeyword$_setText_closure1.doCall(SetTextKeyword.groovy:53)
	at com.kms.katalon.core.webui.keyword.builtin.SetTextKeyword$_setText_closure1.call(SetTextKeyword.groovy)
	at com.kms.katalon.core.webui.keyword.internal.WebUIKeywordMain.runKeyword(WebUIKeywordMain.groovy:35)
	... 20 more]]></system-err>
      </testcase>
      <testcase name="Test Cases/Specific Cases/LS/Client Profile/Client Profile" time="74.916" classname="Test Cases/Specific Cases/LS/Client Profile/Client Profile" status="FAILED">
         <failure type="FAILED" message="Test Cases/Specific Cases/LS/Client Profile/Client Profile FAILED.&#xa;Reason:&#xa;com.kms.katalon.core.exception.StepFailedException: Verify element text of test object 'Object Repository/Specific Cases Repository/LS/Client Profile/Client Profile/Page_All Documents for - B Client B Automation/td_Note_1' FAILED.&#xa;	at com.kms.katalon.core.webui.keyword.internal.WebUIKeywordMain.stepFailed(WebUIKeywordMain.groovy:117)&#xa;	at com.kms.katalon.core.webui.keyword.internal.WebUIKeywordMain.runKeyword(WebUIKeywordMain.groovy:43)&#xa;	at com.kms.katalon.core.webui.keyword.builtin.VerifyElementTextKeyword.verifyElementText(VerifyElementTextKeyword.groovy:72)&#xa;	at com.kms.katalon.core.webui.keyword.builtin.VerifyElementTextKeyword.execute(VerifyElementTextKeyword.groovy:40)&#xa;	at com.kms.katalon.core.keyword.internal.KeywordExecutor.executeKeywordForPlatform(KeywordExecutor.groovy:74)&#xa;	at com.kms.katalon.core.webui.keyword.WebUiBuiltInKeywords.verifyElementText(WebUiBuiltInKeywords.groovy:4835)&#xa;	at Client Profile.run(Client Profile:105)&#xa;	at com.kms.katalon.core.main.ScriptEngine.run(ScriptEngine.java:194)&#xa;	at com.kms.katalon.core.main.ScriptEngine.runScriptAsRawText(ScriptEngine.java:119)&#xa;	at com.kms.katalon.core.main.TestCaseExecutor.runScript(TestCaseExecutor.java:448)&#xa;	at com.kms.katalon.core.main.TestCaseExecutor.doExecute(TestCaseExecutor.java:439)&#xa;	at com.kms.katalon.core.main.TestCaseExecutor.processExecutionPhase(TestCaseExecutor.java:418)&#xa;	at com.kms.katalon.core.main.TestCaseExecutor.accessMainPhase(TestCaseExecutor.java:410)&#xa;	at com.kms.katalon.core.main.TestCaseExecutor.execute(TestCaseExecutor.java:285)&#xa;	at com.kms.katalon.core.common.CommonExecutor.accessTestCaseMainPhase(CommonExecutor.java:65)&#xa;	at com.kms.katalon.core.main.TestSuiteExecutor.accessTestSuiteMainPhase(TestSuiteExecutor.java:150)&#xa;	at com.kms.katalon.core.main.TestSuiteExecutor.execute(TestSuiteExecutor.java:106)&#xa;	at com.kms.katalon.core.main.TestCaseMain.startTestSuite(TestCaseMain.java:180)&#xa;	at TempTestSuite1738104964704.run(TempTestSuite1738104964704.groovy:35)&#xa;	at java.base/jdk.internal.reflect.NativeMethodAccessorImpl.invoke0(Native Method)&#xa;	at java.base/jdk.internal.reflect.NativeMethodAccessorImpl.invoke(NativeMethodAccessorImpl.java:77)&#xa;	at java.base/jdk.internal.reflect.DelegatingMethodAccessorImpl.invoke(DelegatingMethodAccessorImpl.java:43)&#xa;Caused by: com.kms.katalon.core.exception.StepFailedException: Actual text 'Assessment' and expected text 'Note' of test object 'Object Repository/Specific Cases Repository/LS/Client Profile/Client Profile/Page_All Documents for - B Client B Automation/td_Note_1' are NOT matched.&#xa;	at com.kms.katalon.core.webui.keyword.internal.WebUIKeywordMain.stepFailed(WebUIKeywordMain.groovy:117)&#xa;	at com.kms.katalon.core.webui.keyword.builtin.VerifyElementTextKeyword$_verifyElementText_closure1.doCall(VerifyElementTextKeyword.groovy:57)&#xa;	at com.kms.katalon.core.webui.keyword.builtin.VerifyElementTextKeyword$_verifyElementText_closure1.call(VerifyElementTextKeyword.groovy)&#xa;	at com.kms.katalon.core.webui.keyword.internal.WebUIKeywordMain.runKeyword(WebUIKeywordMain.groovy:35)&#xa;	... 20 more&#xa;"/>
         <system-out><![CDATA[28-01-2025T18:22:51 - [TEST_CASE][FAILED] - Test Cases/Specific Cases/LS/Client Profile/Client Profile: Test Cases/Specific Cases/LS/Client Profile/Client Profile FAILED.
Reason:
com.kms.katalon.core.exception.StepFailedException: Verify element text of test object 'Object Repository/Specific Cases Repository/LS/Client Profile/Client Profile/Page_All Documents for - B Client B Automation/td_Note_1' FAILED.
	at com.kms.katalon.core.webui.keyword.internal.WebUIKeywordMain.stepFailed(WebUIKeywordMain.groovy:117)
	at com.kms.katalon.core.webui.keyword.internal.WebUIKeywordMain.runKeyword(WebUIKeywordMain.groovy:43)
	at com.kms.katalon.core.webui.keyword.builtin.VerifyElementTextKeyword.verifyElementText(VerifyElementTextKeyword.groovy:72)
	at com.kms.katalon.core.webui.keyword.builtin.VerifyElementTextKeyword.execute(VerifyElementTextKeyword.groovy:40)
	at com.kms.katalon.core.keyword.internal.KeywordExecutor.executeKeywordForPlatform(KeywordExecutor.groovy:74)
	at com.kms.katalon.core.webui.keyword.WebUiBuiltInKeywords.verifyElementText(WebUiBuiltInKeywords.groovy:4835)
	at Client Profile.run(Client Profile:105)
	at com.kms.katalon.core.main.ScriptEngine.run(ScriptEngine.java:194)
	at com.kms.katalon.core.main.ScriptEngine.runScriptAsRawText(ScriptEngine.java:119)
	at com.kms.katalon.core.main.TestCaseExecutor.runScript(TestCaseExecutor.java:448)
	at com.kms.katalon.core.main.TestCaseExecutor.doExecute(TestCaseExecutor.java:439)
	at com.kms.katalon.core.main.TestCaseExecutor.processExecutionPhase(TestCaseExecutor.java:418)
	at com.kms.katalon.core.main.TestCaseExecutor.accessMainPhase(TestCaseExecutor.java:410)
	at com.kms.katalon.core.main.TestCaseExecutor.execute(TestCaseExecutor.java:285)
	at com.kms.katalon.core.common.CommonExecutor.accessTestCaseMainPhase(CommonExecutor.java:65)
	at com.kms.katalon.core.main.TestSuiteExecutor.accessTestSuiteMainPhase(TestSuiteExecutor.java:150)
	at com.kms.katalon.core.main.TestSuiteExecutor.execute(TestSuiteExecutor.java:106)
	at com.kms.katalon.core.main.TestCaseMain.startTestSuite(TestCaseMain.java:180)
	at TempTestSuite1738104964704.run(TempTestSuite1738104964704.groovy:35)
	at java.base/jdk.internal.reflect.NativeMethodAccessorImpl.invoke0(Native Method)
	at java.base/jdk.internal.reflect.NativeMethodAccessorImpl.invoke(NativeMethodAccessorImpl.java:77)
	at java.base/jdk.internal.reflect.DelegatingMethodAccessorImpl.invoke(DelegatingMethodAccessorImpl.java:43)
Caused by: com.kms.katalon.core.exception.StepFailedException: Actual text 'Assessment' and expected text 'Note' of test object 'Object Repository/Specific Cases Repository/LS/Client Profile/Client Profile/Page_All Documents for - B Client B Automation/td_Note_1' are NOT matched.
	at com.kms.katalon.core.webui.keyword.internal.WebUIKeywordMain.stepFailed(WebUIKeywordMain.groovy:117)
	at com.kms.katalon.core.webui.keyword.builtin.VerifyElementTextKeyword$_verifyElementText_closure1.doCall(VerifyElementTextKeyword.groovy:57)
	at com.kms.katalon.core.webui.keyword.builtin.VerifyElementTextKeyword$_verifyElementText_closure1.call(VerifyElementTextKeyword.groovy)
	at com.kms.katalon.core.webui.keyword.internal.WebUIKeywordMain.runKeyword(WebUIKeywordMain.groovy:35)
	... 20 more


28-01-2025T18:22:51 - [TEST_STEP][PASSED] - callTestCase(findTestCase("Common Cases/Login"), [:], STOP_ON_FAILURE): Call Test Case 'Test Cases/Common Cases/Login' successfully

28-01-2025T18:22:51 - [TEST_CASE][PASSED] - Test Cases/Common Cases/Login: Test Cases/Common Cases/Login

28-01-2025T18:22:51 - [TEST_STEP][PASSED] - openBrowser(""): Browser is opened with url: ''

28-01-2025T18:22:51 - [MESSAGE][WARNING] - A browser is already opened. Closing browser and opening a new one

28-01-2025T18:22:51 - [MESSAGE][INFO] - Starting 'Chrome' driver

28-01-2025T18:22:51 - [MESSAGE][INFO] - Action delay is set to 0 milliseconds

28-01-2025T18:22:52 - [MESSAGE][PASSED] - Browser is opened with url: ''

28-01-2025T18:22:52 - [TEST_STEP][PASSED] - maximizeWindow(): Current window maximized

28-01-2025T18:22:52 - [MESSAGE][PASSED] - Current window maximized

28-01-2025T18:22:52 - [TEST_STEP][PASSED] - navigateToUrl("https://site17.lsapp.cloud/auth/login"): Navigate to 'https://site17.lsapp.cloud/auth/login' successfully

28-01-2025T18:22:55 - [MESSAGE][PASSED] - Navigate to 'https://site17.lsapp.cloud/auth/login' successfully

28-01-2025T18:22:55 - [TEST_STEP][PASSED] - setText(findTestObject("Object Repository/Common Cases Repository/Login/Page_Lightning Step/input_Email_email"), "automation@lightningstep.com"): Text 'automation@lightningstep.com' is set on object 'Object Repository/Common Cases Repository/Login/Page_Lightning Step/input_Email_email'

28-01-2025T18:22:56 - [MESSAGE][PASSED] - Text 'automation@lightningstep.com' is set on object 'Object Repository/Common Cases Repository/Login/Page_Lightning Step/input_Email_email'

28-01-2025T18:22:56 - [TEST_STEP][PASSED] - setEncryptedText(findTestObject("Object Repository/Common Cases Repository/Login/Page_Lightning Step/input_Password_password"), "e5N8VHmnhJDITtQaQhDQDw=="): Text ****** has been set on object 'Object Repository/Common Cases Repository/Login/Page_Lightning Step/input_Password_password'

28-01-2025T18:22:57 - [MESSAGE][PASSED] - Text ****** has been set on object 'Object Repository/Common Cases Repository/Login/Page_Lightning Step/input_Password_password'

28-01-2025T18:22:57 - [TEST_STEP][PASSED] - click(findTestObject("Object Repository/Common Cases Repository/Login/Page_Lightning Step/button_Sign in")): Object: 'Object Repository/Common Cases Repository/Login/Page_Lightning Step/button_Sign in' is clicked on

28-01-2025T18:23:02 - [MESSAGE][PASSED] - Object: 'Object Repository/Common Cases Repository/Login/Page_Lightning Step/button_Sign in' is clicked on

28-01-2025T18:23:02 - [MESSAGE][PASSED] - Call Test Case 'Test Cases/Common Cases/Login' successfully

28-01-2025T18:23:02 - [TEST_STEP][PASSED] - navigateToUrl("https://site17.lsapp.cloud/client/index/1557?section=clientprofile"): Navigate to 'https://site17.lsapp.cloud/client/index/1557?section=clientprofile' successfully

28-01-2025T18:23:10 - [MESSAGE][PASSED] - Navigate to 'https://site17.lsapp.cloud/client/index/1557?section=clientprofile' successfully

28-01-2025T18:23:10 - [TEST_STEP][PASSED] - verifyElementText(findTestObject("Object Repository/Specific Cases Repository/LS/Client Profile/Client Profile/Page_Client Profile/div_01022001"), "01/02/2001"): Actual text and expected text of test object 'Object Repository/Specific Cases Repository/LS/Client Profile/Client Profile/Page_Client Profile/div_01022001' are matched.

28-01-2025T18:23:11 - [MESSAGE][PASSED] - Actual text and expected text of test object 'Object Repository/Specific Cases Repository/LS/Client Profile/Client Profile/Page_Client Profile/div_01022001' are matched.

28-01-2025T18:23:11 - [TEST_STEP][PASSED] - verifyElementText(findTestObject("Object Repository/Specific Cases Repository/LS/Client Profile/Client Profile/Page_Client Profile/div_24-11007"), "24-11007"): Actual text and expected text of test object 'Object Repository/Specific Cases Repository/LS/Client Profile/Client Profile/Page_Client Profile/div_24-11007' are matched.

28-01-2025T18:23:11 - [MESSAGE][PASSED] - Actual text and expected text of test object 'Object Repository/Specific Cases Repository/LS/Client Profile/Client Profile/Page_Client Profile/div_24-11007' are matched.

28-01-2025T18:23:11 - [TEST_STEP][PASSED] - verifyElementText(findTestObject("Object Repository/Specific Cases Repository/LS/Client Profile/Client Profile/Page_Client Profile/div_Dog Treatment Center"), "Dog Treatment Center"): Actual text and expected text of test object 'Object Repository/Specific Cases Repository/LS/Client Profile/Client Profile/Page_Client Profile/div_Dog Treatment Center' are matched.

28-01-2025T18:23:12 - [MESSAGE][PASSED] - Actual text and expected text of test object 'Object Repository/Specific Cases Repository/LS/Client Profile/Client Profile/Page_Client Profile/div_Dog Treatment Center' are matched.

28-01-2025T18:23:12 - [TEST_STEP][PASSED] - verifyElementText(findTestObject("Object Repository/Specific Cases Repository/LS/Client Profile/Client Profile/Page_Client Profile/div_Detoxification"), "Detoxification"): Actual text and expected text of test object 'Object Repository/Specific Cases Repository/LS/Client Profile/Client Profile/Page_Client Profile/div_Detoxification' are matched.

28-01-2025T18:23:12 - [MESSAGE][PASSED] - Actual text and expected text of test object 'Object Repository/Specific Cases Repository/LS/Client Profile/Client Profile/Page_Client Profile/div_Detoxification' are matched.

28-01-2025T18:23:12 - [TEST_STEP][PASSED] - verifyElementText(findTestObject("Object Repository/Specific Cases Repository/LS/Client Profile/Client Profile/Page_Client Profile/div_08282024"), "08/28/2024"): Actual text and expected text of test object 'Object Repository/Specific Cases Repository/LS/Client Profile/Client Profile/Page_Client Profile/div_08282024' are matched.

28-01-2025T18:23:12 - [MESSAGE][PASSED] - Actual text and expected text of test object 'Object Repository/Specific Cases Repository/LS/Client Profile/Client Profile/Page_Client Profile/div_08282024' are matched.

28-01-2025T18:23:12 - [TEST_STEP][PASSED] - verifyElementText(findTestObject("Object Repository/Specific Cases Repository/LS/Client Profile/Client Profile/Page_Client Profile/div_23"), "24"): Actual text and expected text of test object 'Object Repository/Specific Cases Repository/LS/Client Profile/Client Profile/Page_Client Profile/div_23' are matched.

28-01-2025T18:23:12 - [MESSAGE][PASSED] - Actual text and expected text of test object 'Object Repository/Specific Cases Repository/LS/Client Profile/Client Profile/Page_Client Profile/div_23' are matched.

28-01-2025T18:23:12 - [TEST_STEP][PASSED] - verifyElementText(findTestObject("Object Repository/Specific Cases Repository/LS/Client Profile/Client Profile/Page_Client Profile/div_Female"), "Female"): Actual text and expected text of test object 'Object Repository/Specific Cases Repository/LS/Client Profile/Client Profile/Page_Client Profile/div_Female' are matched.

28-01-2025T18:23:13 - [MESSAGE][PASSED] - Actual text and expected text of test object 'Object Repository/Specific Cases Repository/LS/Client Profile/Client Profile/Page_Client Profile/div_Female' are matched.

28-01-2025T18:23:13 - [TEST_STEP][PASSED] - verifyElementText(findTestObject("Object Repository/Specific Cases Repository/LS/Client Profile/Client Profile/Page_Client Profile/div_Automation Test"), "Automation Test"): Actual text and expected text of test object 'Object Repository/Specific Cases Repository/LS/Client Profile/Client Profile/Page_Client Profile/div_Automation Test' are matched.

28-01-2025T18:23:13 - [MESSAGE][PASSED] - Actual text and expected text of test object 'Object Repository/Specific Cases Repository/LS/Client Profile/Client Profile/Page_Client Profile/div_Automation Test' are matched.

28-01-2025T18:23:13 - [TEST_STEP][PASSED] - verifyElementText(findTestObject("Object Repository/Specific Cases Repository/LS/Client Profile/Client Profile/Page_Client Profile/div_(833) 957-2888"), "(833) 957-2888"): Actual text and expected text of test object 'Object Repository/Specific Cases Repository/LS/Client Profile/Client Profile/Page_Client Profile/div_(833) 957-2888' are matched.

28-01-2025T18:23:13 - [MESSAGE][PASSED] - Actual text and expected text of test object 'Object Repository/Specific Cases Repository/LS/Client Profile/Client Profile/Page_Client Profile/div_(833) 957-2888' are matched.

28-01-2025T18:23:13 - [TEST_STEP][PASSED] - verifyElementText(findTestObject("Object Repository/Specific Cases Repository/LS/Client Profile/Client Profile/Page_Client Profile/div_B2automation.com"), "B2@automation.com"): Actual text and expected text of test object 'Object Repository/Specific Cases Repository/LS/Client Profile/Client Profile/Page_Client Profile/div_B2automation.com' are matched.

28-01-2025T18:23:14 - [MESSAGE][PASSED] - Actual text and expected text of test object 'Object Repository/Specific Cases Repository/LS/Client Profile/Client Profile/Page_Client Profile/div_B2automation.com' are matched.

28-01-2025T18:23:14 - [TEST_STEP][PASSED] - verifyElementText(findTestObject("Object Repository/Specific Cases Repository/LS/Client Profile/Client Profile/Page_Client Profile/div_B Parent B Client"), "B Parent B Client"): Actual text and expected text of test object 'Object Repository/Specific Cases Repository/LS/Client Profile/Client Profile/Page_Client Profile/div_B Parent B Client' are matched.

28-01-2025T18:23:14 - [MESSAGE][PASSED] - Actual text and expected text of test object 'Object Repository/Specific Cases Repository/LS/Client Profile/Client Profile/Page_Client Profile/div_B Parent B Client' are matched.

28-01-2025T18:23:14 - [TEST_STEP][PASSED] - verifyElementText(findTestObject("Object Repository/Specific Cases Repository/LS/Client Profile/Client Profile/Page_Client Profile/div_Parent or Guardian"), "Parent or Guardian"): Actual text and expected text of test object 'Object Repository/Specific Cases Repository/LS/Client Profile/Client Profile/Page_Client Profile/div_Parent or Guardian' are matched.

28-01-2025T18:23:14 - [MESSAGE][PASSED] - Actual text and expected text of test object 'Object Repository/Specific Cases Repository/LS/Client Profile/Client Profile/Page_Client Profile/div_Parent or Guardian' are matched.

28-01-2025T18:23:14 - [TEST_STEP][PASSED] - verifyElementText(findTestObject("Object Repository/Specific Cases Repository/LS/Client Profile/Client Profile/Page_Client Profile/div_Future Automation Test with B Automatio_ed8b34"), "Future Automation Test with B Automation, B Client MR# 24-11007: 5 Panel Drug Screen"): Actual text and expected text of test object 'Object Repository/Specific Cases Repository/LS/Client Profile/Client Profile/Page_Client Profile/div_Future Automation Test with B Automatio_ed8b34' are matched.

28-01-2025T18:23:15 - [MESSAGE][PASSED] - Actual text and expected text of test object 'Object Repository/Specific Cases Repository/LS/Client Profile/Client Profile/Page_Client Profile/div_Future Automation Test with B Automatio_ed8b34' are matched.

28-01-2025T18:23:15 - [TEST_STEP][PASSED] - verifyElementText(findTestObject("Object Repository/Specific Cases Repository/LS/Client Profile/Client Profile/Page_Client Profile/div_Future Automation Test 1.2 Automaticall_19fd63"), "Future Automation Test 1.2 Automatically Enroll Clients in Selected Location/Program(s)"): Actual text and expected text of test object 'Object Repository/Specific Cases Repository/LS/Client Profile/Client Profile/Page_Client Profile/div_Future Automation Test 1.2 Automaticall_19fd63' are matched.

28-01-2025T18:23:15 - [MESSAGE][PASSED] - Actual text and expected text of test object 'Object Repository/Specific Cases Repository/LS/Client Profile/Client Profile/Page_Client Profile/div_Future Automation Test 1.2 Automaticall_19fd63' are matched.

28-01-2025T18:23:15 - [TEST_STEP][PASSED] - verifyElementText(findTestObject("Object Repository/Specific Cases Repository/LS/Client Profile/Client Profile/Page_Client Profile/div_Case Note"), "Case Note"): Actual text and expected text of test object 'Object Repository/Specific Cases Repository/LS/Client Profile/Client Profile/Page_Client Profile/div_Case Note' are matched.

28-01-2025T18:23:15 - [MESSAGE][PASSED] - Actual text and expected text of test object 'Object Repository/Specific Cases Repository/LS/Client Profile/Client Profile/Page_Client Profile/div_Case Note' are matched.

28-01-2025T18:23:15 - [TEST_STEP][PASSED] - click(findTestObject("Object Repository/Specific Cases Repository/LS/Client Profile/Client Profile/Page_Client Profile/a_encrypted                    Access Log")): Object: 'Object Repository/Specific Cases Repository/LS/Client Profile/Client Profile/Page_Client Profile/a_encrypted                    Access Log' is clicked on

28-01-2025T18:23:18 - [MESSAGE][PASSED] - Object: 'Object Repository/Specific Cases Repository/LS/Client Profile/Client Profile/Page_Client Profile/a_encrypted                    Access Log' is clicked on

28-01-2025T18:23:18 - [TEST_STEP][PASSED] - navigateToUrl("https://site17.lsapp.cloud/accesslog/1673"): Navigate to 'https://site17.lsapp.cloud/accesslog/1673' successfully

28-01-2025T18:23:20 - [MESSAGE][PASSED] - Navigate to 'https://site17.lsapp.cloud/accesslog/1673' successfully

28-01-2025T18:23:20 - [TEST_STEP][PASSED] - verifyElementText(findTestObject("Object Repository/Specific Cases Repository/LS/Client Profile/Client Profile/Page_Client  Inquiry Access - B Client B Au_b4b842/h4_Client  Inquiry Access Log for B Client _3d3cc6"), "Client / Inquiry Access Log for B Client B Automation"): Actual text and expected text of test object 'Object Repository/Specific Cases Repository/LS/Client Profile/Client Profile/Page_Client  Inquiry Access - B Client B Au_b4b842/h4_Client  Inquiry Access Log for B Client _3d3cc6' are matched.

28-01-2025T18:23:21 - [MESSAGE][PASSED] - Actual text and expected text of test object 'Object Repository/Specific Cases Repository/LS/Client Profile/Client Profile/Page_Client  Inquiry Access - B Client B Au_b4b842/h4_Client  Inquiry Access Log for B Client _3d3cc6' are matched.

28-01-2025T18:23:21 - [TEST_STEP][PASSED] - back(): Navigate back successfully

28-01-2025T18:23:26 - [MESSAGE][PASSED] - Navigate back successfully

28-01-2025T18:23:26 - [TEST_STEP][PASSED] - click(findTestObject("Object Repository/Specific Cases Repository/LS/Client Profile/Client Profile/Page_Client Profile/a_news                    All Documents")): Object: 'Object Repository/Specific Cases Repository/LS/Client Profile/Client Profile/Page_Client Profile/a_news                    All Documents' is clicked on

28-01-2025T18:23:29 - [MESSAGE][PASSED] - Object: 'Object Repository/Specific Cases Repository/LS/Client Profile/Client Profile/Page_Client Profile/a_news                    All Documents' is clicked on

28-01-2025T18:23:29 - [TEST_STEP][PASSED] - verifyElementText(findTestObject("Object Repository/Specific Cases Repository/LS/Client Profile/Client Profile/Page_All Documents for - B Client B Automation/h3_All Documents for - B Client B Automation"), "All Documents for - B Client B Automation"): Actual text and expected text of test object 'Object Repository/Specific Cases Repository/LS/Client Profile/Client Profile/Page_All Documents for - B Client B Automation/h3_All Documents for - B Client B Automation' are matched.

28-01-2025T18:24:00 - [MESSAGE][INFO] - Unable to find the element located by 'By.xpath: (.//*[normalize-space(text()) and normalize-space(.)='Back to Profile'])[1]/following::h3[1]'. Please recheck the objects properties to make sure the desired element is located. 

28-01-2025T18:24:00 - [MESSAGE][WARNING] - [SELF-HEALING] Failed to find element with id 'Object Repository/Specific Cases Repository/LS/Client Profile/Client Profile/Page_All Documents for - B Client B Automation/h3_All Documents for - B Client B Automation'. Try using Self-healing.

28-01-2025T18:24:01 - [MESSAGE][WARNING] - [SELF-HEALING] The current locator of test object 'Object Repository/Specific Cases Repository/LS/Client Profile/Client Profile/Page_All Documents for - B Client B Automation/h3_All Documents for - B Client B Automation' was broken. Propose an alternative one: '(.//*[normalize-space(text()) and normalize-space(.)='The last two columns, Client ID and Episode ID are for testing and only show for developers.'])[1]/preceding::h3[1]'.

28-01-2025T18:24:01 - [MESSAGE][PASSED] - Actual text and expected text of test object 'Object Repository/Specific Cases Repository/LS/Client Profile/Client Profile/Page_All Documents for - B Client B Automation/h3_All Documents for - B Client B Automation' are matched.

28-01-2025T18:24:01 - [TEST_STEP][PASSED] - click(findTestObject("Specific Cases Repository/LS/Client Profile/Client Profile/Page_All Documents for - B Client B Automation/Form Name Filter")): Object: 'Object Repository/Specific Cases Repository/LS/Client Profile/Client Profile/Page_All Documents for - B Client B Automation/Form Name Filter' is clicked on

28-01-2025T18:24:01 - [MESSAGE][PASSED] - Object: 'Object Repository/Specific Cases Repository/LS/Client Profile/Client Profile/Page_All Documents for - B Client B Automation/Form Name Filter' is clicked on

28-01-2025T18:24:01 - [TEST_STEP][PASSED] - setText(findTestObject("Object Repository/Specific Cases Repository/LS/Client Profile/Client Profile/Page_All Documents for - B Client B Automation/input_Form Name_select2-search__field"), "Clinical Note"): Text 'Clinical Note' is set on object 'Object Repository/Specific Cases Repository/LS/Client Profile/Client Profile/Page_All Documents for - B Client B Automation/input_Form Name_select2-search__field'

28-01-2025T18:24:02 - [MESSAGE][PASSED] - Text 'Clinical Note' is set on object 'Object Repository/Specific Cases Repository/LS/Client Profile/Client Profile/Page_All Documents for - B Client B Automation/input_Form Name_select2-search__field'

28-01-2025T18:24:02 - [TEST_STEP][PASSED] - sendKeys(findTestObject("Object Repository/Specific Cases Repository/LS/Client Profile/Client Profile/Page_All Documents for - B Client B Automation/input_Form Name_select2-search__field"), Keys.chord(ENTER)): Keys 'ENTER + ' sent to object: 'Object Repository/Specific Cases Repository/LS/Client Profile/Client Profile/Page_All Documents for - B Client B Automation/input_Form Name_select2-search__field'

28-01-2025T18:24:03 - [MESSAGE][PASSED] - Keys 'ENTER + ' sent to object: 'Object Repository/Specific Cases Repository/LS/Client Profile/Client Profile/Page_All Documents for - B Client B Automation/input_Form Name_select2-search__field'

28-01-2025T18:24:03 - [TEST_STEP][PASSED] - verifyElementText(findTestObject("Object Repository/Specific Cases Repository/LS/Client Profile/Client Profile/Page_All Documents for - B Client B Automation/td_Clinical Note"), "Clinical Note"): Actual text and expected text of test object 'Object Repository/Specific Cases Repository/LS/Client Profile/Client Profile/Page_All Documents for - B Client B Automation/td_Clinical Note' are matched.

28-01-2025T18:24:03 - [MESSAGE][PASSED] - Actual text and expected text of test object 'Object Repository/Specific Cases Repository/LS/Client Profile/Client Profile/Page_All Documents for - B Client B Automation/td_Clinical Note' are matched.

28-01-2025T18:24:03 - [TEST_STEP][PASSED] - click(findTestObject("Object Repository/Specific Cases Repository/LS/Client Profile/Client Profile/Page_All Documents for - B Client B Automation/ul_Clinical Note")): Object: 'Object Repository/Specific Cases Repository/LS/Client Profile/Client Profile/Page_All Documents for - B Client B Automation/ul_Clinical Note' is clicked on

28-01-2025T18:24:03 - [MESSAGE][PASSED] - Object: 'Object Repository/Specific Cases Repository/LS/Client Profile/Client Profile/Page_All Documents for - B Client B Automation/ul_Clinical Note' is clicked on

28-01-2025T18:24:03 - [TEST_STEP][PASSED] - setText(findTestObject("Object Repository/Specific Cases Repository/LS/Client Profile/Client Profile/Page_All Documents for - B Client B Automation/input_Form Name_select2-search__field"), "Am"): Text 'Am' is set on object 'Object Repository/Specific Cases Repository/LS/Client Profile/Client Profile/Page_All Documents for - B Client B Automation/input_Form Name_select2-search__field'

28-01-2025T18:24:04 - [MESSAGE][PASSED] - Text 'Am' is set on object 'Object Repository/Specific Cases Repository/LS/Client Profile/Client Profile/Page_All Documents for - B Client B Automation/input_Form Name_select2-search__field'

28-01-2025T18:24:04 - [TEST_STEP][PASSED] - sendKeys(findTestObject("Object Repository/Specific Cases Repository/LS/Client Profile/Client Profile/Page_All Documents for - B Client B Automation/input_Form Name_select2-search__field"), Keys.chord(ENTER)): Keys 'ENTER + ' sent to object: 'Object Repository/Specific Cases Repository/LS/Client Profile/Client Profile/Page_All Documents for - B Client B Automation/input_Form Name_select2-search__field'

28-01-2025T18:24:05 - [MESSAGE][PASSED] - Keys 'ENTER + ' sent to object: 'Object Repository/Specific Cases Repository/LS/Client Profile/Client Profile/Page_All Documents for - B Client B Automation/input_Form Name_select2-search__field'

28-01-2025T18:24:05 - [TEST_STEP][PASSED] - verifyElementText(findTestObject("Object Repository/Specific Cases Repository/LS/Client Profile/Client Profile/Page_All Documents for - B Client B Automation/td_Assessment_1"), "Assessment"): Actual text and expected text of test object 'Object Repository/Specific Cases Repository/LS/Client Profile/Client Profile/Page_All Documents for - B Client B Automation/td_Assessment_1' are matched.

28-01-2025T18:24:05 - [MESSAGE][PASSED] - Actual text and expected text of test object 'Object Repository/Specific Cases Repository/LS/Client Profile/Client Profile/Page_All Documents for - B Client B Automation/td_Assessment_1' are matched.

28-01-2025T18:24:05 - [TEST_STEP][FAILED] - verifyElementText(findTestObject("Object Repository/Specific Cases Repository/LS/Client Profile/Client Profile/Page_All Documents for - B Client B Automation/td_Note_1"), "Note"): Verify element text of test object 'Object Repository/Specific Cases Repository/LS/Client Profile/Client Profile/Page_All Documents for - B Client B Automation/td_Note_1' FAILED. (Root cause: com.kms.katalon.core.exception.StepFailedException: Verify element text of test object 'Object Repository/Specific Cases Repository/LS/Client Profile/Client Profile/Page_All Documents for - B Client B Automation/td_Note_1' FAILED.
	at com.kms.katalon.core.webui.keyword.internal.WebUIKeywordMain.stepFailed(WebUIKeywordMain.groovy:117)
	at com.kms.katalon.core.webui.keyword.internal.WebUIKeywordMain.runKeyword(WebUIKeywordMain.groovy:43)
	at com.kms.katalon.core.webui.keyword.builtin.VerifyElementTextKeyword.verifyElementText(VerifyElementTextKeyword.groovy:72)
	at com.kms.katalon.core.webui.keyword.builtin.VerifyElementTextKeyword.execute(VerifyElementTextKeyword.groovy:40)
	at com.kms.katalon.core.keyword.internal.KeywordExecutor.executeKeywordForPlatform(KeywordExecutor.groovy:74)
	at com.kms.katalon.core.webui.keyword.WebUiBuiltInKeywords.verifyElementText(WebUiBuiltInKeywords.groovy:4835)
	at Client Profile.run(Client Profile:105)
	at com.kms.katalon.core.main.ScriptEngine.run(ScriptEngine.java:194)
	at com.kms.katalon.core.main.ScriptEngine.runScriptAsRawText(ScriptEngine.java:119)
	at com.kms.katalon.core.main.TestCaseExecutor.runScript(TestCaseExecutor.java:448)
	at com.kms.katalon.core.main.TestCaseExecutor.doExecute(TestCaseExecutor.java:439)
	at com.kms.katalon.core.main.TestCaseExecutor.processExecutionPhase(TestCaseExecutor.java:418)
	at com.kms.katalon.core.main.TestCaseExecutor.accessMainPhase(TestCaseExecutor.java:410)
	at com.kms.katalon.core.main.TestCaseExecutor.execute(TestCaseExecutor.java:285)
	at com.kms.katalon.core.common.CommonExecutor.accessTestCaseMainPhase(CommonExecutor.java:65)
	at com.kms.katalon.core.main.TestSuiteExecutor.accessTestSuiteMainPhase(TestSuiteExecutor.java:150)
	at com.kms.katalon.core.main.TestSuiteExecutor.execute(TestSuiteExecutor.java:106)
	at com.kms.katalon.core.main.TestCaseMain.startTestSuite(TestCaseMain.java:180)
	at TempTestSuite1738104964704.run(TempTestSuite1738104964704.groovy:35)
	at java.base/jdk.internal.reflect.NativeMethodAccessorImpl.invoke0(Native Method)
	at java.base/jdk.internal.reflect.NativeMethodAccessorImpl.invoke(NativeMethodAccessorImpl.java:77)
	at java.base/jdk.internal.reflect.DelegatingMethodAccessorImpl.invoke(DelegatingMethodAccessorImpl.java:43)
Caused by: com.kms.katalon.core.exception.StepFailedException: Actual text 'Assessment' and expected text 'Note' of test object 'Object Repository/Specific Cases Repository/LS/Client Profile/Client Profile/Page_All Documents for - B Client B Automation/td_Note_1' are NOT matched.
	at com.kms.katalon.core.webui.keyword.internal.WebUIKeywordMain.stepFailed(WebUIKeywordMain.groovy:117)
	at com.kms.katalon.core.webui.keyword.builtin.VerifyElementTextKeyword$_verifyElementText_closure1.doCall(VerifyElementTextKeyword.groovy:57)
	at com.kms.katalon.core.webui.keyword.builtin.VerifyElementTextKeyword$_verifyElementText_closure1.call(VerifyElementTextKeyword.groovy)
	at com.kms.katalon.core.webui.keyword.internal.WebUIKeywordMain.runKeyword(WebUIKeywordMain.groovy:35)
	... 20 more
)

28-01-2025T18:24:06 - [MESSAGE][FAILED] - Actual text 'Assessment' and expected text 'Note' of test object 'Object Repository/Specific Cases Repository/LS/Client Profile/Client Profile/Page_All Documents for - B Client B Automation/td_Note_1' are NOT matched. (Root cause: com.kms.katalon.core.exception.StepFailedException: Actual text 'Assessment' and expected text 'Note' of test object 'Object Repository/Specific Cases Repository/LS/Client Profile/Client Profile/Page_All Documents for - B Client B Automation/td_Note_1' are NOT matched.
	at com.kms.katalon.core.webui.keyword.internal.WebUIKeywordMain.stepFailed(WebUIKeywordMain.groovy:117)
	at com.kms.katalon.core.webui.keyword.builtin.VerifyElementTextKeyword$_verifyElementText_closure1.doCall(VerifyElementTextKeyword.groovy:57)
	at com.kms.katalon.core.webui.keyword.builtin.VerifyElementTextKeyword$_verifyElementText_closure1.call(VerifyElementTextKeyword.groovy)
	at com.kms.katalon.core.webui.keyword.internal.WebUIKeywordMain.runKeyword(WebUIKeywordMain.groovy:35)
	at com.kms.katalon.core.webui.keyword.builtin.VerifyElementTextKeyword.verifyElementText(VerifyElementTextKeyword.groovy:72)
	at com.kms.katalon.core.webui.keyword.builtin.VerifyElementTextKeyword.execute(VerifyElementTextKeyword.groovy:40)
	at com.kms.katalon.core.keyword.internal.KeywordExecutor.executeKeywordForPlatform(KeywordExecutor.groovy:74)
	at com.kms.katalon.core.webui.keyword.WebUiBuiltInKeywords.verifyElementText(WebUiBuiltInKeywords.groovy:4835)
	at Client Profile.run(Client Profile:105)
	at com.kms.katalon.core.main.ScriptEngine.run(ScriptEngine.java:194)
	at com.kms.katalon.core.main.ScriptEngine.runScriptAsRawText(ScriptEngine.java:119)
	at com.kms.katalon.core.main.TestCaseExecutor.runScript(TestCaseExecutor.java:448)
	at com.kms.katalon.core.main.TestCaseExecutor.doExecute(TestCaseExecutor.java:439)
	at com.kms.katalon.core.main.TestCaseExecutor.processExecutionPhase(TestCaseExecutor.java:418)
	at com.kms.katalon.core.main.TestCaseExecutor.accessMainPhase(TestCaseExecutor.java:410)
	at com.kms.katalon.core.main.TestCaseExecutor.execute(TestCaseExecutor.java:285)
	at com.kms.katalon.core.common.CommonExecutor.accessTestCaseMainPhase(CommonExecutor.java:65)
	at com.kms.katalon.core.main.TestSuiteExecutor.accessTestSuiteMainPhase(TestSuiteExecutor.java:150)
	at com.kms.katalon.core.main.TestSuiteExecutor.execute(TestSuiteExecutor.java:106)
	at com.kms.katalon.core.main.TestCaseMain.startTestSuite(TestCaseMain.java:180)
	at TempTestSuite1738104964704.run(TempTestSuite1738104964704.groovy:35)
	at java.base/jdk.internal.reflect.NativeMethodAccessorImpl.invoke0(Native Method)
	at java.base/jdk.internal.reflect.NativeMethodAccessorImpl.invoke(NativeMethodAccessorImpl.java:77)
	at java.base/jdk.internal.reflect.DelegatingMethodAccessorImpl.invoke(DelegatingMethodAccessorImpl.java:43)
)
[[ATTACHMENT|C:\\Users\\Enrique\\git\\AUTOMATION_LS\\Reports\\20250128_175555\\LS\\Client Profile\\Client Profile\\20250128_175604\\1738106645896.png]]

28-01-2025T18:24:06 - [MESSAGE][FAILED] - Verify element text of test object 'Object Repository/Specific Cases Repository/LS/Client Profile/Client Profile/Page_All Documents for - B Client B Automation/td_Note_1' FAILED. (Root cause: com.kms.katalon.core.exception.StepFailedException: Verify element text of test object 'Object Repository/Specific Cases Repository/LS/Client Profile/Client Profile/Page_All Documents for - B Client B Automation/td_Note_1' FAILED.
	at com.kms.katalon.core.webui.keyword.internal.WebUIKeywordMain.stepFailed(WebUIKeywordMain.groovy:117)
	at com.kms.katalon.core.webui.keyword.internal.WebUIKeywordMain.runKeyword(WebUIKeywordMain.groovy:43)
	at com.kms.katalon.core.webui.keyword.builtin.VerifyElementTextKeyword.verifyElementText(VerifyElementTextKeyword.groovy:72)
	at com.kms.katalon.core.webui.keyword.builtin.VerifyElementTextKeyword.execute(VerifyElementTextKeyword.groovy:40)
	at com.kms.katalon.core.keyword.internal.KeywordExecutor.executeKeywordForPlatform(KeywordExecutor.groovy:74)
	at com.kms.katalon.core.webui.keyword.WebUiBuiltInKeywords.verifyElementText(WebUiBuiltInKeywords.groovy:4835)
	at Client Profile.run(Client Profile:105)
	at com.kms.katalon.core.main.ScriptEngine.run(ScriptEngine.java:194)
	at com.kms.katalon.core.main.ScriptEngine.runScriptAsRawText(ScriptEngine.java:119)
	at com.kms.katalon.core.main.TestCaseExecutor.runScript(TestCaseExecutor.java:448)
	at com.kms.katalon.core.main.TestCaseExecutor.doExecute(TestCaseExecutor.java:439)
	at com.kms.katalon.core.main.TestCaseExecutor.processExecutionPhase(TestCaseExecutor.java:418)
	at com.kms.katalon.core.main.TestCaseExecutor.accessMainPhase(TestCaseExecutor.java:410)
	at com.kms.katalon.core.main.TestCaseExecutor.execute(TestCaseExecutor.java:285)
	at com.kms.katalon.core.common.CommonExecutor.accessTestCaseMainPhase(CommonExecutor.java:65)
	at com.kms.katalon.core.main.TestSuiteExecutor.accessTestSuiteMainPhase(TestSuiteExecutor.java:150)
	at com.kms.katalon.core.main.TestSuiteExecutor.execute(TestSuiteExecutor.java:106)
	at com.kms.katalon.core.main.TestCaseMain.startTestSuite(TestCaseMain.java:180)
	at TempTestSuite1738104964704.run(TempTestSuite1738104964704.groovy:35)
	at java.base/jdk.internal.reflect.NativeMethodAccessorImpl.invoke0(Native Method)
	at java.base/jdk.internal.reflect.NativeMethodAccessorImpl.invoke(NativeMethodAccessorImpl.java:77)
	at java.base/jdk.internal.reflect.DelegatingMethodAccessorImpl.invoke(DelegatingMethodAccessorImpl.java:43)
Caused by: com.kms.katalon.core.exception.StepFailedException: Actual text 'Assessment' and expected text 'Note' of test object 'Object Repository/Specific Cases Repository/LS/Client Profile/Client Profile/Page_All Documents for - B Client B Automation/td_Note_1' are NOT matched.
	at com.kms.katalon.core.webui.keyword.internal.WebUIKeywordMain.stepFailed(WebUIKeywordMain.groovy:117)
	at com.kms.katalon.core.webui.keyword.builtin.VerifyElementTextKeyword$_verifyElementText_closure1.doCall(VerifyElementTextKeyword.groovy:57)
	at com.kms.katalon.core.webui.keyword.builtin.VerifyElementTextKeyword$_verifyElementText_closure1.call(VerifyElementTextKeyword.groovy)
	at com.kms.katalon.core.webui.keyword.internal.WebUIKeywordMain.runKeyword(WebUIKeywordMain.groovy:35)
	... 20 more
)
[[ATTACHMENT|C:\\Users\\Enrique\\git\\AUTOMATION_LS\\Reports\\20250128_175555\\LS\\Client Profile\\Client Profile\\20250128_175604\\1738106646113.png]]]]></system-out>
         <system-err><![CDATA[28-01-2025T18:22:51 - [TEST_CASE][FAILED] - Test Cases/Specific Cases/LS/Client Profile/Client Profile: Test Cases/Specific Cases/LS/Client Profile/Client Profile FAILED.
Reason:
com.kms.katalon.core.exception.StepFailedException: Verify element text of test object 'Object Repository/Specific Cases Repository/LS/Client Profile/Client Profile/Page_All Documents for - B Client B Automation/td_Note_1' FAILED.
	at com.kms.katalon.core.webui.keyword.internal.WebUIKeywordMain.stepFailed(WebUIKeywordMain.groovy:117)
	at com.kms.katalon.core.webui.keyword.internal.WebUIKeywordMain.runKeyword(WebUIKeywordMain.groovy:43)
	at com.kms.katalon.core.webui.keyword.builtin.VerifyElementTextKeyword.verifyElementText(VerifyElementTextKeyword.groovy:72)
	at com.kms.katalon.core.webui.keyword.builtin.VerifyElementTextKeyword.execute(VerifyElementTextKeyword.groovy:40)
	at com.kms.katalon.core.keyword.internal.KeywordExecutor.executeKeywordForPlatform(KeywordExecutor.groovy:74)
	at com.kms.katalon.core.webui.keyword.WebUiBuiltInKeywords.verifyElementText(WebUiBuiltInKeywords.groovy:4835)
	at Client Profile.run(Client Profile:105)
	at com.kms.katalon.core.main.ScriptEngine.run(ScriptEngine.java:194)
	at com.kms.katalon.core.main.ScriptEngine.runScriptAsRawText(ScriptEngine.java:119)
	at com.kms.katalon.core.main.TestCaseExecutor.runScript(TestCaseExecutor.java:448)
	at com.kms.katalon.core.main.TestCaseExecutor.doExecute(TestCaseExecutor.java:439)
	at com.kms.katalon.core.main.TestCaseExecutor.processExecutionPhase(TestCaseExecutor.java:418)
	at com.kms.katalon.core.main.TestCaseExecutor.accessMainPhase(TestCaseExecutor.java:410)
	at com.kms.katalon.core.main.TestCaseExecutor.execute(TestCaseExecutor.java:285)
	at com.kms.katalon.core.common.CommonExecutor.accessTestCaseMainPhase(CommonExecutor.java:65)
	at com.kms.katalon.core.main.TestSuiteExecutor.accessTestSuiteMainPhase(TestSuiteExecutor.java:150)
	at com.kms.katalon.core.main.TestSuiteExecutor.execute(TestSuiteExecutor.java:106)
	at com.kms.katalon.core.main.TestCaseMain.startTestSuite(TestCaseMain.java:180)
	at TempTestSuite1738104964704.run(TempTestSuite1738104964704.groovy:35)
	at java.base/jdk.internal.reflect.NativeMethodAccessorImpl.invoke0(Native Method)
	at java.base/jdk.internal.reflect.NativeMethodAccessorImpl.invoke(NativeMethodAccessorImpl.java:77)
	at java.base/jdk.internal.reflect.DelegatingMethodAccessorImpl.invoke(DelegatingMethodAccessorImpl.java:43)
Caused by: com.kms.katalon.core.exception.StepFailedException: Actual text 'Assessment' and expected text 'Note' of test object 'Object Repository/Specific Cases Repository/LS/Client Profile/Client Profile/Page_All Documents for - B Client B Automation/td_Note_1' are NOT matched.
	at com.kms.katalon.core.webui.keyword.internal.WebUIKeywordMain.stepFailed(WebUIKeywordMain.groovy:117)
	at com.kms.katalon.core.webui.keyword.builtin.VerifyElementTextKeyword$_verifyElementText_closure1.doCall(VerifyElementTextKeyword.groovy:57)
	at com.kms.katalon.core.webui.keyword.builtin.VerifyElementTextKeyword$_verifyElementText_closure1.call(VerifyElementTextKeyword.groovy)
	at com.kms.katalon.core.webui.keyword.internal.WebUIKeywordMain.runKeyword(WebUIKeywordMain.groovy:35)
	... 20 more]]></system-err>
      </testcase>
      <system-out><![CDATA[28-01-2025T17:56:26 - [TEST_SUITE][FAILED] - Client Profile: Test Cases/Specific Cases/LS/Client Profile/Client Medications FAILED.
Reason:
com.kms.katalon.core.exception.StepFailedException: Verify element text of test object 'Object Repository/Specific Cases Repository/LS/Client Profile/Client Medications/Page_Client Profile/td_OrderedVerified' FAILED.
	at com.kms.katalon.core.webui.keyword.internal.WebUIKeywordMain.stepFailed(WebUIKeywordMain.groovy:117)
	at com.kms.katalon.core.webui.keyword.internal.WebUIKeywordMain.runKeyword(WebUIKeywordMain.groovy:43)
	at com.kms.katalon.core.webui.keyword.builtin.VerifyElementTextKeyword.verifyElementText(VerifyElementTextKeyword.groovy:72)
	at com.kms.katalon.core.webui.keyword.builtin.VerifyElementTextKeyword.execute(VerifyElementTextKeyword.groovy:40)
	at com.kms.katalon.core.keyword.internal.KeywordExecutor.executeKeywordForPlatform(KeywordExecutor.groovy:74)
	at com.kms.katalon.core.webui.keyword.WebUiBuiltInKeywords.verifyElementText(WebUiBuiltInKeywords.groovy:4835)
	at Client Medications.run(Client Medications:105)
	at com.kms.katalon.core.main.ScriptEngine.run(ScriptEngine.java:194)
	at com.kms.katalon.core.main.ScriptEngine.runScriptAsRawText(ScriptEngine.java:119)
	at com.kms.katalon.core.main.TestCaseExecutor.runScript(TestCaseExecutor.java:448)
	at com.kms.katalon.core.main.TestCaseExecutor.doExecute(TestCaseExecutor.java:439)
	at com.kms.katalon.core.main.TestCaseExecutor.processExecutionPhase(TestCaseExecutor.java:418)
	at com.kms.katalon.core.main.TestCaseExecutor.accessMainPhase(TestCaseExecutor.java:410)
	at com.kms.katalon.core.main.TestCaseExecutor.execute(TestCaseExecutor.java:285)
	at com.kms.katalon.core.common.CommonExecutor.accessTestCaseMainPhase(CommonExecutor.java:65)
	at com.kms.katalon.core.main.TestSuiteExecutor.accessTestSuiteMainPhase(TestSuiteExecutor.java:150)
	at com.kms.katalon.core.main.TestSuiteExecutor.execute(TestSuiteExecutor.java:106)
	at com.kms.katalon.core.main.TestCaseMain.startTestSuite(TestCaseMain.java:180)
	at TempTestSuite1738104964704.run(TempTestSuite1738104964704.groovy:35)
	at java.base/jdk.internal.reflect.NativeMethodAccessorImpl.invoke0(Native Method)
	at java.base/jdk.internal.reflect.NativeMethodAccessorImpl.invoke(NativeMethodAccessorImpl.java:77)
	at java.base/jdk.internal.reflect.DelegatingMethodAccessorImpl.invoke(DelegatingMethodAccessorImpl.java:43)
Caused by: com.kms.katalon.core.exception.StepFailedException: Actual text 'Ordered/Verified' and expected text 'Reported' of test object 'Object Repository/Specific Cases Repository/LS/Client Profile/Client Medications/Page_Client Profile/td_OrderedVerified' are NOT matched.
	at com.kms.katalon.core.webui.keyword.internal.WebUIKeywordMain.stepFailed(WebUIKeywordMain.groovy:117)
	at com.kms.katalon.core.webui.keyword.builtin.VerifyElementTextKeyword$_verifyElementText_closure1.doCall(VerifyElementTextKeyword.groovy:57)
	at com.kms.katalon.core.webui.keyword.builtin.VerifyElementTextKeyword$_verifyElementText_closure1.call(VerifyElementTextKeyword.groovy)
	at com.kms.katalon.core.webui.keyword.internal.WebUIKeywordMain.runKeyword(WebUIKeywordMain.groovy:35)
	... 20 more]]></system-out>
      <system-err><![CDATA[28-01-2025T17:56:26 - [TEST_SUITE][FAILED] - Client Profile: Test Cases/Specific Cases/LS/Client Profile/Client Medications FAILED.
Reason:
com.kms.katalon.core.exception.StepFailedException: Verify element text of test object 'Object Repository/Specific Cases Repository/LS/Client Profile/Client Medications/Page_Client Profile/td_OrderedVerified' FAILED.
	at com.kms.katalon.core.webui.keyword.internal.WebUIKeywordMain.stepFailed(WebUIKeywordMain.groovy:117)
	at com.kms.katalon.core.webui.keyword.internal.WebUIKeywordMain.runKeyword(WebUIKeywordMain.groovy:43)
	at com.kms.katalon.core.webui.keyword.builtin.VerifyElementTextKeyword.verifyElementText(VerifyElementTextKeyword.groovy:72)
	at com.kms.katalon.core.webui.keyword.builtin.VerifyElementTextKeyword.execute(VerifyElementTextKeyword.groovy:40)
	at com.kms.katalon.core.keyword.internal.KeywordExecutor.executeKeywordForPlatform(KeywordExecutor.groovy:74)
	at com.kms.katalon.core.webui.keyword.WebUiBuiltInKeywords.verifyElementText(WebUiBuiltInKeywords.groovy:4835)
	at Client Medications.run(Client Medications:105)
	at com.kms.katalon.core.main.ScriptEngine.run(ScriptEngine.java:194)
	at com.kms.katalon.core.main.ScriptEngine.runScriptAsRawText(ScriptEngine.java:119)
	at com.kms.katalon.core.main.TestCaseExecutor.runScript(TestCaseExecutor.java:448)
	at com.kms.katalon.core.main.TestCaseExecutor.doExecute(TestCaseExecutor.java:439)
	at com.kms.katalon.core.main.TestCaseExecutor.processExecutionPhase(TestCaseExecutor.java:418)
	at com.kms.katalon.core.main.TestCaseExecutor.accessMainPhase(TestCaseExecutor.java:410)
	at com.kms.katalon.core.main.TestCaseExecutor.execute(TestCaseExecutor.java:285)
	at com.kms.katalon.core.common.CommonExecutor.accessTestCaseMainPhase(CommonExecutor.java:65)
	at com.kms.katalon.core.main.TestSuiteExecutor.accessTestSuiteMainPhase(TestSuiteExecutor.java:150)
	at com.kms.katalon.core.main.TestSuiteExecutor.execute(TestSuiteExecutor.java:106)
	at com.kms.katalon.core.main.TestCaseMain.startTestSuite(TestCaseMain.java:180)
	at TempTestSuite1738104964704.run(TempTestSuite1738104964704.groovy:35)
	at java.base/jdk.internal.reflect.NativeMethodAccessorImpl.invoke0(Native Method)
	at java.base/jdk.internal.reflect.NativeMethodAccessorImpl.invoke(NativeMethodAccessorImpl.java:77)
	at java.base/jdk.internal.reflect.DelegatingMethodAccessorImpl.invoke(DelegatingMethodAccessorImpl.java:43)
Caused by: com.kms.katalon.core.exception.StepFailedException: Actual text 'Ordered/Verified' and expected text 'Reported' of test object 'Object Repository/Specific Cases Repository/LS/Client Profile/Client Medications/Page_Client Profile/td_OrderedVerified' are NOT matched.
	at com.kms.katalon.core.webui.keyword.internal.WebUIKeywordMain.stepFailed(WebUIKeywordMain.groovy:117)
	at com.kms.katalon.core.webui.keyword.builtin.VerifyElementTextKeyword$_verifyElementText_closure1.doCall(VerifyElementTextKeyword.groovy:57)
	at com.kms.katalon.core.webui.keyword.builtin.VerifyElementTextKeyword$_verifyElementText_closure1.call(VerifyElementTextKeyword.groovy)
	at com.kms.katalon.core.webui.keyword.internal.WebUIKeywordMain.runKeyword(WebUIKeywordMain.groovy:35)
	... 20 more]]></system-err>
   </testsuite>
</testsuites>
