<?xml version="1.0" encoding="UTF-8"?>
<testsuites name="Homepage" time="35.453" tests="1" failures="0" errors="0">
   <testsuite name="Homepage" tests="1" failures="0" errors="0" time="35.453" skipped="0" timestamp="09-01-2025T17:17:51" hostname="Enrique - Enrique" id="Test Suites/LS/Home/General/Homepage">
      <properties>
         <property name="deviceName" value=""/>
         <property name="devicePlatform"/>
         <property name="logFolder" value="C:\\Users\\Enrique\\git\\AUTOMATION_LS\\Reports\\20250109_171718\\LS\\Home\\General\\Homepage\\20250109_171723"/>
         <property name="logFiles" value="C:\\Users\\Enrique\\git\\AUTOMATION_LS\\Reports\\20250109_171718\\LS\\Home\\General\\Homepage\\20250109_171723\\execution0.log"/>
         <property name="attachments" value=""/>
         <property name="hostName" value="Enrique - Enrique"/>
         <property name="os" value="Windows 11 64bit"/>
         <property name="katalonVersion" value="9.7.3.223"/>
         <property name="browser" value="Chrome 131.0.0.0"/>
         <property name="hostAddress" value="192.168.100.147"/>
         <property name="sessionId" value="93a5e26c9959f12a2f2c0caf6ee458bd"/>
         <property name="seleniumVersion" value="3.141.59"/>
         <property name="proxyInformation" value="ProxyInformation { proxyOption=NO_PROXY, proxyServerType=HTTP, username=, password=********, proxyServerAddress=, proxyServerPort=0, executionList=&quot;&quot;, isApplyToDesiredCapabilities=true }"/>
         <property name="platform" value="Windows 11"/>
      </properties>
      <testcase name="Test Cases/Specific Cases/LS/General/Homepage/My Agenda" time="35.031" classname="Test Cases/Specific Cases/LS/General/Homepage/My Agenda" status="PASSED">
         <system-out><![CDATA[09-01-2025T17:17:51 - [TEST_CASE][PASSED] - Test Cases/Specific Cases/LS/General/Homepage/My Agenda: Test Cases/Specific Cases/LS/General/Homepage/My Agenda

09-01-2025T17:17:53 - [TEST_STEP][PASSED] - callTestCase(findTestCase("Common Cases/Login"), [:], STOP_ON_FAILURE): Call Test Case 'Test Cases/Common Cases/Login' successfully

09-01-2025T17:17:53 - [TEST_CASE][PASSED] - Test Cases/Common Cases/Login: Test Cases/Common Cases/Login

09-01-2025T17:17:54 - [TEST_STEP][PASSED] - openBrowser(""): Browser is opened with url: ''

09-01-2025T17:17:55 - [MESSAGE][INFO] - Starting 'Chrome' driver

09-01-2025T17:17:55 - [MESSAGE][INFO] - Action delay is set to 0 milliseconds

09-01-2025T17:18:00 - [MESSAGE][PASSED] - Browser is opened with url: ''

09-01-2025T17:18:00 - [TEST_STEP][PASSED] - maximizeWindow(): Current window maximized

09-01-2025T17:18:01 - [MESSAGE][PASSED] - Current window maximized

09-01-2025T17:18:01 - [TEST_STEP][PASSED] - navigateToUrl("https://site17.lsapp.cloud/auth/login"): Navigate to 'https://site17.lsapp.cloud/auth/login' successfully

09-01-2025T17:18:09 - [MESSAGE][PASSED] - Navigate to 'https://site17.lsapp.cloud/auth/login' successfully

09-01-2025T17:18:09 - [TEST_STEP][PASSED] - setText(findTestObject("Object Repository/Common Cases Repository/Login/Page_Lightning Step/input_Email_email"), "automation@lightningstep.com"): Text 'automation@lightningstep.com' is set on object 'Object Repository/Common Cases Repository/Login/Page_Lightning Step/input_Email_email'

09-01-2025T17:18:12 - [MESSAGE][PASSED] - Text 'automation@lightningstep.com' is set on object 'Object Repository/Common Cases Repository/Login/Page_Lightning Step/input_Email_email'

09-01-2025T17:18:12 - [TEST_STEP][PASSED] - setEncryptedText(findTestObject("Object Repository/Common Cases Repository/Login/Page_Lightning Step/input_Password_password"), "e5N8VHmnhJDITtQaQhDQDw=="): Text ****** has been set on object 'Object Repository/Common Cases Repository/Login/Page_Lightning Step/input_Password_password'

09-01-2025T17:18:12 - [MESSAGE][PASSED] - Text ****** has been set on object 'Object Repository/Common Cases Repository/Login/Page_Lightning Step/input_Password_password'

09-01-2025T17:18:12 - [TEST_STEP][PASSED] - click(findTestObject("Object Repository/Common Cases Repository/Login/Page_Lightning Step/button_Sign in")): Object: 'Object Repository/Common Cases Repository/Login/Page_Lightning Step/button_Sign in' is clicked on

09-01-2025T17:18:21 - [MESSAGE][PASSED] - Object: 'Object Repository/Common Cases Repository/Login/Page_Lightning Step/button_Sign in' is clicked on

09-01-2025T17:18:21 - [MESSAGE][PASSED] - Call Test Case 'Test Cases/Common Cases/Login' successfully

09-01-2025T17:18:21 - [TEST_STEP][PASSED] - click(findTestObject("Object Repository/Specific Cases Repository/LS/Home/Homepage/Page_Home/a_Homepage")): Object: 'Object Repository/Specific Cases Repository/LS/Home/Homepage/Page_Home/a_Homepage' is clicked on

09-01-2025T17:18:21 - [MESSAGE][PASSED] - Object: 'Object Repository/Specific Cases Repository/LS/Home/Homepage/Page_Home/a_Homepage' is clicked on

09-01-2025T17:18:21 - [TEST_STEP][PASSED] - verifyElementText(findTestObject("Object Repository/Specific Cases Repository/LS/Home/Homepage/Page_Home/span_Admission Agreement"), "Admission Agreement"): Actual text and expected text of test object 'Object Repository/Specific Cases Repository/LS/Home/Homepage/Page_Home/span_Admission Agreement' are matched.

09-01-2025T17:18:25 - [MESSAGE][PASSED] - Actual text and expected text of test object 'Object Repository/Specific Cases Repository/LS/Home/Homepage/Page_Home/span_Admission Agreement' are matched.

09-01-2025T17:18:25 - [TEST_STEP][PASSED] - verifyElementText(findTestObject("Object Repository/Specific Cases Repository/LS/Home/Homepage/Page_Home/span_C Automation, C Client"), "C Automation, C Client"): Actual text and expected text of test object 'Object Repository/Specific Cases Repository/LS/Home/Homepage/Page_Home/span_C Automation, C Client' are matched.

09-01-2025T17:18:25 - [MESSAGE][PASSED] - Actual text and expected text of test object 'Object Repository/Specific Cases Repository/LS/Home/Homepage/Page_Home/span_C Automation, C Client' are matched.

09-01-2025T17:18:25 - [TEST_STEP][PASSED] - verifyElementText(findTestObject("Object Repository/Specific Cases Repository/LS/Home/Homepage/Page_Home/span_B Automation, B Client"), "B Automation, B Client"): Actual text and expected text of test object 'Object Repository/Specific Cases Repository/LS/Home/Homepage/Page_Home/span_B Automation, B Client' are matched.

09-01-2025T17:18:25 - [MESSAGE][PASSED] - Actual text and expected text of test object 'Object Repository/Specific Cases Repository/LS/Home/Homepage/Page_Home/span_B Automation, B Client' are matched.

09-01-2025T17:18:25 - [TEST_STEP][PASSED] - verifyElementText(findTestObject("Object Repository/Specific Cases Repository/LS/Home/Homepage/Page_Home/span_C Automation, C Client_1"), "C Automation, C Client"): Actual text and expected text of test object 'Object Repository/Specific Cases Repository/LS/Home/Homepage/Page_Home/span_C Automation, C Client_1' are matched.

09-01-2025T17:18:25 - [MESSAGE][PASSED] - Actual text and expected text of test object 'Object Repository/Specific Cases Repository/LS/Home/Homepage/Page_Home/span_C Automation, C Client_1' are matched.

09-01-2025T17:18:25 - [TEST_STEP][PASSED] - verifyElementText(findTestObject("Object Repository/Specific Cases Repository/LS/Home/Homepage/Page_Home/span_A Automation, A Client"), "A Automation, A Client"): Actual text and expected text of test object 'Object Repository/Specific Cases Repository/LS/Home/Homepage/Page_Home/span_A Automation, A Client' are matched.

09-01-2025T17:18:26 - [MESSAGE][PASSED] - Actual text and expected text of test object 'Object Repository/Specific Cases Repository/LS/Home/Homepage/Page_Home/span_A Automation, A Client' are matched.

09-01-2025T17:18:26 - [TEST_STEP][PASSED] - closeBrowser(): Browser is closed

09-01-2025T17:18:26 - [MESSAGE][PASSED] - Browser is closed]]></system-out>
         <system-err><![CDATA[]]></system-err>
      </testcase>
      <system-out><![CDATA[09-01-2025T17:17:51 - [TEST_SUITE][PASSED] - Homepage: Test Cases/Specific Cases/LS/General/Homepage/My Agenda]]></system-out>
      <system-err><![CDATA[]]></system-err>
   </testsuite>
</testsuites>
