<?xml version="1.0" encoding="UTF-8"?>
<testsuites name="insurance charges" time="35.267" tests="1" failures="0" errors="0">
   <testsuite name="insurance charges" tests="1" failures="0" errors="0" time="35.267" skipped="0" timestamp="23-01-2025T11:18:43" hostname="marco - marco-SATELLITE-PRO-C50-K" id="Test Suites/FD/Account profile/insurance charges">
      <properties>
         <property name="deviceName" value=""/>
         <property name="devicePlatform"/>
         <property name="logFolder" value="/home/marco/git/AUTOMATION_LS/Reports/20250123_111837/FD/Account profile/insurance charges/20250123_111838"/>
         <property name="logFiles" value="/home/marco/git/AUTOMATION_LS/Reports/20250123_111837/FD/Account profile/insurance charges/20250123_111838/execution0.log"/>
         <property name="attachments" value=""/>
         <property name="hostName" value="marco - marco-SATELLITE-PRO-C50-K"/>
         <property name="os" value="Linux 64bit"/>
         <property name="katalonVersion" value="10.0.0.223"/>
         <property name="browser" value="Chrome 132.0.0.0"/>
         <property name="hostAddress" value="127.0.1.1"/>
         <property name="sessionId" value="af06ca6af999b1283a49abc041f1fea2"/>
         <property name="seleniumVersion" value="4.22.0"/>
         <property name="proxyInformation" value="ProxyInformation { proxyOption=NO_PROXY, proxyServerType=HTTP, username=, password=********, proxyServerAddress=, proxyServerPort=0, executionList=&quot;&quot;, isApplyToDesiredCapabilities=true }"/>
         <property name="platform" value="Linux"/>
      </properties>
      <testcase name="Test Cases/Specific Cases/FD/ACCOUNT PROFILE/GENERATE INSURANCE CHARGES" time="35.064" classname="Test Cases/Specific Cases/FD/ACCOUNT PROFILE/GENERATE INSURANCE CHARGES" status="PASSED">
         <system-out><![CDATA[23-01-2025T11:18:44 - [TEST_CASE][PASSED] - Test Cases/Specific Cases/FD/ACCOUNT PROFILE/GENERATE INSURANCE CHARGES: Test Cases/Specific Cases/FD/ACCOUNT PROFILE/GENERATE INSURANCE CHARGES

23-01-2025T11:18:44 - [TEST_STEP][PASSED] - callTestCase(findTestCase("Common Cases/Login"), [:], STOP_ON_FAILURE): Call Test Case 'Test Cases/Common Cases/Login' successfully

23-01-2025T11:18:44 - [TEST_CASE][PASSED] - Test Cases/Common Cases/Login: Test Cases/Common Cases/Login

23-01-2025T11:18:44 - [TEST_STEP][PASSED] - openBrowser(""): Browser is opened with url: ''

23-01-2025T11:18:44 - [MESSAGE][INFO] - Starting 'Chrome' driver

23-01-2025T11:18:44 - [MESSAGE][INFO] - Action delay is set to 0 milliseconds

23-01-2025T11:18:46 - [MESSAGE][PASSED] - Browser is opened with url: ''

23-01-2025T11:18:46 - [TEST_STEP][PASSED] - maximizeWindow(): Current window maximized

23-01-2025T11:18:46 - [MESSAGE][PASSED] - Current window maximized

23-01-2025T11:18:46 - [TEST_STEP][PASSED] - navigateToUrl("https://site17.lsapp.cloud/auth/login"): Navigate to 'https://site17.lsapp.cloud/auth/login' successfully

23-01-2025T11:18:50 - [MESSAGE][PASSED] - Navigate to 'https://site17.lsapp.cloud/auth/login' successfully

23-01-2025T11:18:50 - [TEST_STEP][PASSED] - setText(findTestObject("Object Repository/Common Cases Repository/Login/Page_Lightning Step/input_Email_email"), "automation@lightningstep.com"): Text 'automation@lightningstep.com' is set on object 'Object Repository/Common Cases Repository/Login/Page_Lightning Step/input_Email_email'

23-01-2025T11:18:51 - [MESSAGE][PASSED] - Text 'automation@lightningstep.com' is set on object 'Object Repository/Common Cases Repository/Login/Page_Lightning Step/input_Email_email'

23-01-2025T11:18:51 - [TEST_STEP][PASSED] - setEncryptedText(findTestObject("Object Repository/Common Cases Repository/Login/Page_Lightning Step/input_Password_password"), "e5N8VHmnhJDITtQaQhDQDw=="): Text ****** has been set on object 'Object Repository/Common Cases Repository/Login/Page_Lightning Step/input_Password_password'

23-01-2025T11:18:51 - [MESSAGE][PASSED] - Text ****** has been set on object 'Object Repository/Common Cases Repository/Login/Page_Lightning Step/input_Password_password'

23-01-2025T11:18:51 - [TEST_STEP][PASSED] - click(findTestObject("Object Repository/Common Cases Repository/Login/Page_Lightning Step/button_Sign in")): Object: 'Object Repository/Common Cases Repository/Login/Page_Lightning Step/button_Sign in' is clicked on

23-01-2025T11:18:55 - [MESSAGE][PASSED] - Object: 'Object Repository/Common Cases Repository/Login/Page_Lightning Step/button_Sign in' is clicked on

23-01-2025T11:18:55 - [MESSAGE][PASSED] - Call Test Case 'Test Cases/Common Cases/Login' successfully

23-01-2025T11:18:55 - [TEST_STEP][PASSED] - click(findTestObject("Object Repository/Specific Cases Repository/FD/ACCOUNT PROFILE/SERVICE CHARGE/Page_Home/a_Census")): Object: 'Object Repository/Specific Cases Repository/FD/ACCOUNT PROFILE/SERVICE CHARGE/Page_Home/a_Census' is clicked on

23-01-2025T11:18:56 - [MESSAGE][PASSED] - Object: 'Object Repository/Specific Cases Repository/FD/ACCOUNT PROFILE/SERVICE CHARGE/Page_Home/a_Census' is clicked on

23-01-2025T11:18:56 - [TEST_STEP][PASSED] - click(findTestObject("Object Repository/Specific Cases Repository/FD/ACCOUNT PROFILE/SERVICE CHARGE/Page_Home/a_D Automation, D Client")): Object: 'Object Repository/Specific Cases Repository/FD/ACCOUNT PROFILE/SERVICE CHARGE/Page_Home/a_D Automation, D Client' is clicked on

23-01-2025T11:19:02 - [MESSAGE][PASSED] - Object: 'Object Repository/Specific Cases Repository/FD/ACCOUNT PROFILE/SERVICE CHARGE/Page_Home/a_D Automation, D Client' is clicked on

23-01-2025T11:19:02 - [TEST_STEP][PASSED] - click(findTestObject("Object Repository/Specific Cases Repository/FD/ACCOUNT PROFILE/SERVICE CHARGE/Page_Client Profile/div_Account Profile")): Object: 'Object Repository/Specific Cases Repository/FD/ACCOUNT PROFILE/SERVICE CHARGE/Page_Client Profile/div_Account Profile' is clicked on

23-01-2025T11:19:06 - [MESSAGE][PASSED] - Object: 'Object Repository/Specific Cases Repository/FD/ACCOUNT PROFILE/SERVICE CHARGE/Page_Client Profile/div_Account Profile' is clicked on

23-01-2025T11:19:06 - [TEST_STEP][PASSED] - click(findTestObject("Object Repository/Specific Cases Repository/FD/ACCOUNT PROFILE/SERVICE CHARGE/Page_Account Profile/a_Service Charge")): Object: 'Object Repository/Specific Cases Repository/FD/ACCOUNT PROFILE/SERVICE CHARGE/Page_Account Profile/a_Service Charge' is clicked on

23-01-2025T11:19:07 - [MESSAGE][PASSED] - Object: 'Object Repository/Specific Cases Repository/FD/ACCOUNT PROFILE/SERVICE CHARGE/Page_Account Profile/a_Service Charge' is clicked on

23-01-2025T11:19:07 - [TEST_STEP][PASSED] - selectOptionByValue(findTestObject("Object Repository/Specific Cases Repository/FD/ACCOUNT PROFILE/SERVICE CHARGE/Page_Account Profile/select_-- Please select --5 Panel Drug Scre_325e14"), "22", true): All options with value '22' are selected in object 'Object Repository/Specific Cases Repository/FD/ACCOUNT PROFILE/SERVICE CHARGE/Page_Account Profile/select_-- Please select --5 Panel Drug Scre_325e14'  using regular expression

23-01-2025T11:19:09 - [MESSAGE][PASSED] - All options with value '22' are selected in object 'Object Repository/Specific Cases Repository/FD/ACCOUNT PROFILE/SERVICE CHARGE/Page_Account Profile/select_-- Please select --5 Panel Drug Scre_325e14'  using regular expression

23-01-2025T11:19:09 - [TEST_STEP][PASSED] - selectOptionByValue(findTestObject("Object Repository/Specific Cases Repository/FD/ACCOUNT PROFILE/SERVICE CHARGE/Page_Account Profile/select_-- Please select --Enrique CarrenoAu_49b913"), "1302", true): All options with value '1302' are selected in object 'Object Repository/Specific Cases Repository/FD/ACCOUNT PROFILE/SERVICE CHARGE/Page_Account Profile/select_-- Please select --Enrique CarrenoAu_49b913'  using regular expression

23-01-2025T11:19:10 - [MESSAGE][PASSED] - All options with value '1302' are selected in object 'Object Repository/Specific Cases Repository/FD/ACCOUNT PROFILE/SERVICE CHARGE/Page_Account Profile/select_-- Please select --Enrique CarrenoAu_49b913'  using regular expression

23-01-2025T11:19:10 - [TEST_STEP][PASSED] - click(findTestObject("Object Repository/Specific Cases Repository/FD/ACCOUNT PROFILE/SERVICE CHARGE/Page_Account Profile/button_Save")): Object: 'Object Repository/Specific Cases Repository/FD/ACCOUNT PROFILE/SERVICE CHARGE/Page_Account Profile/button_Save' is clicked on

23-01-2025T11:19:15 - [MESSAGE][PASSED] - Object: 'Object Repository/Specific Cases Repository/FD/ACCOUNT PROFILE/SERVICE CHARGE/Page_Account Profile/button_Save' is clicked on

23-01-2025T11:19:15 - [TEST_STEP][PASSED] - verifyElementText(findTestObject("Specific Cases Repository/FD/ACCOUNT PROFILE/SERVICE CHARGE/SuccessMessageCharge"), "Service Charge added"): Actual text and expected text of test object 'Object Repository/Specific Cases Repository/FD/ACCOUNT PROFILE/SERVICE CHARGE/SuccessMessageCharge' are matched.

23-01-2025T11:19:16 - [MESSAGE][PASSED] - Actual text and expected text of test object 'Object Repository/Specific Cases Repository/FD/ACCOUNT PROFILE/SERVICE CHARGE/SuccessMessageCharge' are matched.

23-01-2025T11:19:16 - [TEST_STEP][PASSED] - scrollToPosition(0, 190): Browser is scrolled to position x = 0, y = 190

23-01-2025T11:19:16 - [MESSAGE][PASSED] - Browser is scrolled to position x = 0, y = 190

23-01-2025T11:19:16 - [TEST_STEP][PASSED] - click(findTestObject("Specific Cases Repository/FD/ACCOUNT PROFILE/SERVICE CHARGE/insuranceChargeArrow")): Object: 'Object Repository/Specific Cases Repository/FD/ACCOUNT PROFILE/SERVICE CHARGE/insuranceChargeArrow' is clicked on

23-01-2025T11:19:16 - [MESSAGE][PASSED] - Object: 'Object Repository/Specific Cases Repository/FD/ACCOUNT PROFILE/SERVICE CHARGE/insuranceChargeArrow' is clicked on

23-01-2025T11:19:16 - [TEST_STEP][PASSED] - scrollToElement(findTestObject("Specific Cases Repository/FD/ACCOUNT PROFILE/SERVICE CHARGE/Page_Account Profile/a_Charges"), 120): Scroll to object 'Object Repository/Specific Cases Repository/FD/ACCOUNT PROFILE/SERVICE CHARGE/Page_Account Profile/a_Charges' successfully

23-01-2025T11:19:17 - [MESSAGE][PASSED] - Scroll to object 'Object Repository/Specific Cases Repository/FD/ACCOUNT PROFILE/SERVICE CHARGE/Page_Account Profile/a_Charges' successfully

23-01-2025T11:19:17 - [TEST_STEP][PASSED] - doubleClick(findTestObject("Specific Cases Repository/FD/ACCOUNT PROFILE/SERVICE CHARGE/InsChargeDate")): Object: 'Object Repository/Specific Cases Repository/FD/ACCOUNT PROFILE/SERVICE CHARGE/InsChargeDate' is double clicked on

23-01-2025T11:19:17 - [MESSAGE][PASSED] - Object: 'Object Repository/Specific Cases Repository/FD/ACCOUNT PROFILE/SERVICE CHARGE/InsChargeDate' is double clicked on

23-01-2025T11:19:17 - [TEST_STEP][PASSED] - verifyElementText(findTestObject("Specific Cases Repository/FD/ACCOUNT PROFILE/SERVICE CHARGE/InsChargeDate"), Todays_Date): Actual text and expected text of test object 'Object Repository/Specific Cases Repository/FD/ACCOUNT PROFILE/SERVICE CHARGE/InsChargeDate' are matched.

23-01-2025T11:19:18 - [MESSAGE][PASSED] - Actual text and expected text of test object 'Object Repository/Specific Cases Repository/FD/ACCOUNT PROFILE/SERVICE CHARGE/InsChargeDate' are matched.

23-01-2025T11:19:18 - [TEST_STEP][PASSED] - verifyElementClickable(findTestObject("Specific Cases Repository/FD/ACCOUNT PROFILE/SERVICE CHARGE/ServiceChargeId")): Object 'Object Repository/Specific Cases Repository/FD/ACCOUNT PROFILE/SERVICE CHARGE/ServiceChargeId' is clickable

23-01-2025T11:19:18 - [MESSAGE][PASSED] - Object 'Object Repository/Specific Cases Repository/FD/ACCOUNT PROFILE/SERVICE CHARGE/ServiceChargeId' is clickable

23-01-2025T11:19:18 - [TEST_STEP][PASSED] - verifyElementVisible(findTestObject("Specific Cases Repository/FD/ACCOUNT PROFILE/SERVICE CHARGE/Payor"), STOP_ON_FAILURE): Object 'Object Repository/Specific Cases Repository/FD/ACCOUNT PROFILE/SERVICE CHARGE/Payor' is visible

23-01-2025T11:19:19 - [MESSAGE][PASSED] - Object 'Object Repository/Specific Cases Repository/FD/ACCOUNT PROFILE/SERVICE CHARGE/Payor' is visible]]></system-out>
         <system-err><![CDATA[]]></system-err>
      </testcase>
      <system-out><![CDATA[23-01-2025T11:18:43 - [TEST_SUITE][PASSED] - insurance charges: Test Cases/Specific Cases/FD/ACCOUNT PROFILE/GENERATE INSURANCE CHARGES]]></system-out>
      <system-err><![CDATA[]]></system-err>
   </testsuite>
</testsuites>
