<?xml version="1.0" encoding="UTF-8"?>
<testsuites name="Census" time="503.321" tests="11" failures="2" errors="0">
   <testsuite name="Census" tests="11" failures="2" errors="0" time="503.321" skipped="0" timestamp="15-11-2024T11:27:22" hostname="Enrique - Enrique" id="Test Suites/LS/Home/General/Census">
      <properties>
         <property name="deviceName" value=""/>
         <property name="devicePlatform"/>
         <property name="logFolder" value="C:\\Users\\Enrique\\git\\AUTOMATION_LS\\Reports\\20241115_112706\\LS\\Home\\General\\Census\\20241115_112707"/>
         <property name="logFiles" value="C:\\Users\\Enrique\\git\\AUTOMATION_LS\\Reports\\20241115_112706\\LS\\Home\\General\\Census\\20241115_112707\\execution0.log"/>
         <property name="attachments" value="C:\\Users\\Enrique\\git\\AUTOMATION_LS\\Reports\\20241115_112706\\LS\\Home\\General\\Census\\20241115_112707\\1731688342563.png, C:\\Users\\Enrique\\git\\AUTOMATION_LS\\Reports\\20241115_112706\\LS\\Home\\General\\Census\\20241115_112707\\1731688342690.png, C:\\Users\\Enrique\\git\\AUTOMATION_LS\\Reports\\20241115_112706\\LS\\Home\\General\\Census\\20241115_112707\\1731688545641.png, C:\\Users\\Enrique\\git\\AUTOMATION_LS\\Reports\\20241115_112706\\LS\\Home\\General\\Census\\20241115_112707\\1731688545728.png"/>
         <property name="hostName" value="Enrique - Enrique"/>
         <property name="os" value="Windows 11 64bit"/>
         <property name="katalonVersion" value="9.7.3.223"/>
         <property name="browser" value="Chrome 130.0.0.0"/>
         <property name="hostAddress" value="192.168.100.147"/>
         <property name="sessionId" value="b5a02e400106c95d3bc3d05b75a7ae7c"/>
         <property name="seleniumVersion" value="3.141.59"/>
         <property name="proxyInformation" value="ProxyInformation { proxyOption=NO_PROXY, proxyServerType=HTTP, username=, password=********, proxyServerAddress=, proxyServerPort=0, executionList=&quot;&quot;, isApplyToDesiredCapabilities=true }"/>
         <property name="platform" value="Windows 11"/>
      </properties>
      <testcase name="Test Cases/Specific Cases/LS/General/Census/Census/Census_Location_Filter" time="42.542" classname="Test Cases/Specific Cases/LS/General/Census/Census/Census_Location_Filter" status="PASSED">
         <system-out><![CDATA[15-11-2024T11:27:22 - [TEST_CASE][PASSED] - Test Cases/Specific Cases/LS/General/Census/Census/Census_Location_Filter: Test Cases/Specific Cases/LS/General/Census/Census/Census_Location_Filter

15-11-2024T11:27:22 - [TEST_STEP][PASSED] - callTestCase(findTestCase("Common Cases/Login"), [:], STOP_ON_FAILURE): Call Test Case 'Test Cases/Common Cases/Login' successfully

15-11-2024T11:27:22 - [TEST_CASE][PASSED] - Test Cases/Common Cases/Login: Test Cases/Common Cases/Login

15-11-2024T11:27:23 - [TEST_STEP][PASSED] - openBrowser(""): Browser is opened with url: ''

15-11-2024T11:27:23 - [MESSAGE][INFO] - Starting 'Chrome' driver

15-11-2024T11:27:23 - [MESSAGE][INFO] - Action delay is set to 0 milliseconds

15-11-2024T11:27:24 - [MESSAGE][PASSED] - Browser is opened with url: ''

15-11-2024T11:27:24 - [TEST_STEP][PASSED] - maximizeWindow(): Current window maximized

15-11-2024T11:27:24 - [MESSAGE][PASSED] - Current window maximized

15-11-2024T11:27:24 - [TEST_STEP][PASSED] - navigateToUrl("https://site17.lsapp.cloud/auth/login"): Navigate to 'https://site17.lsapp.cloud/auth/login' successfully

15-11-2024T11:27:26 - [MESSAGE][PASSED] - Navigate to 'https://site17.lsapp.cloud/auth/login' successfully

15-11-2024T11:27:26 - [TEST_STEP][PASSED] - setText(findTestObject("Object Repository/Common Cases Repository/Login/Page_Lightning Step/input_Email_email"), "automation@lightningstep.com"): Text 'automation@lightningstep.com' is set on object 'Object Repository/Common Cases Repository/Login/Page_Lightning Step/input_Email_email'

15-11-2024T11:27:27 - [MESSAGE][PASSED] - Text 'automation@lightningstep.com' is set on object 'Object Repository/Common Cases Repository/Login/Page_Lightning Step/input_Email_email'

15-11-2024T11:27:27 - [TEST_STEP][PASSED] - setEncryptedText(findTestObject("Object Repository/Common Cases Repository/Login/Page_Lightning Step/input_Password_password"), "e5N8VHmnhJDITtQaQhDQDw=="): Text ****** has been set on object 'Object Repository/Common Cases Repository/Login/Page_Lightning Step/input_Password_password'

15-11-2024T11:27:27 - [MESSAGE][PASSED] - Text ****** has been set on object 'Object Repository/Common Cases Repository/Login/Page_Lightning Step/input_Password_password'

15-11-2024T11:27:27 - [TEST_STEP][PASSED] - click(findTestObject("Object Repository/Common Cases Repository/Login/Page_Lightning Step/button_Sign in")): Object: 'Object Repository/Common Cases Repository/Login/Page_Lightning Step/button_Sign in' is clicked on

15-11-2024T11:27:38 - [MESSAGE][PASSED] - Object: 'Object Repository/Common Cases Repository/Login/Page_Lightning Step/button_Sign in' is clicked on

15-11-2024T11:27:38 - [MESSAGE][PASSED] - Call Test Case 'Test Cases/Common Cases/Login' successfully

15-11-2024T11:27:38 - [TEST_STEP][PASSED] - click(findTestObject("Object Repository/Specific Cases Repository/LS/Home/Census/Census_Filters/Page_Home/Page_Home/a_Census")): Object: 'Object Repository/Specific Cases Repository/LS/Home/Census/Census_Filters/Page_Home/Page_Home/a_Census' is clicked on

15-11-2024T11:27:38 - [MESSAGE][PASSED] - Object: 'Object Repository/Specific Cases Repository/LS/Home/Census/Census_Filters/Page_Home/Page_Home/a_Census' is clicked on

15-11-2024T11:27:38 - [TEST_STEP][PASSED] - click(findTestObject("Object Repository/Specific Cases Repository/LS/Home/Census/Census_Filters/Page_Home/Program_Filter/Page_Home/ul_All")): Object: 'Object Repository/Specific Cases Repository/LS/Home/Census/Census_Filters/Page_Home/Program_Filter/Page_Home/ul_All' is clicked on

15-11-2024T11:27:40 - [MESSAGE][PASSED] - Object: 'Object Repository/Specific Cases Repository/LS/Home/Census/Census_Filters/Page_Home/Program_Filter/Page_Home/ul_All' is clicked on

15-11-2024T11:27:40 - [TEST_STEP][PASSED] - setText(findTestObject("Object Repository/Specific Cases Repository/LS/Home/Census/Census_Filters/Page_Home/Program_Filter/Page_Home/input__select2-search__field"), "all"): Text 'all' is set on object 'Object Repository/Specific Cases Repository/LS/Home/Census/Census_Filters/Page_Home/Program_Filter/Page_Home/input__select2-search__field'

15-11-2024T11:27:41 - [MESSAGE][PASSED] - Text 'all' is set on object 'Object Repository/Specific Cases Repository/LS/Home/Census/Census_Filters/Page_Home/Program_Filter/Page_Home/input__select2-search__field'

15-11-2024T11:27:41 - [TEST_STEP][PASSED] - sendKeys(findTestObject("Object Repository/Specific Cases Repository/LS/Home/Census/Census_Filters/Page_Home/Program_Filter/Page_Home/input__select2-search__field"), Keys.chord(ENTER)): Keys 'ENTER + ' sent to object: 'Object Repository/Specific Cases Repository/LS/Home/Census/Census_Filters/Page_Home/Program_Filter/Page_Home/input__select2-search__field'

15-11-2024T11:27:42 - [MESSAGE][PASSED] - Keys 'ENTER + ' sent to object: 'Object Repository/Specific Cases Repository/LS/Home/Census/Census_Filters/Page_Home/Program_Filter/Page_Home/input__select2-search__field'

15-11-2024T11:27:42 - [TEST_STEP][PASSED] - click(findTestObject("Object Repository/Specific Cases Repository/LS/Home/Census/Census_Filters/Page_Home/Page_Home/ul_All")): Object: 'Object Repository/Specific Cases Repository/LS/Home/Census/Census_Filters/Page_Home/Page_Home/ul_All' is clicked on

15-11-2024T11:27:42 - [MESSAGE][PASSED] - Object: 'Object Repository/Specific Cases Repository/LS/Home/Census/Census_Filters/Page_Home/Page_Home/ul_All' is clicked on

15-11-2024T11:27:42 - [TEST_STEP][PASSED] - setText(findTestObject("Object Repository/Specific Cases Repository/LS/Home/Census/Census_Filters/Page_Home/Page_Home/Location Filter"), "all"): Text 'all' is set on object 'Object Repository/Specific Cases Repository/LS/Home/Census/Census_Filters/Page_Home/Page_Home/Location Filter'

15-11-2024T11:27:43 - [MESSAGE][PASSED] - Text 'all' is set on object 'Object Repository/Specific Cases Repository/LS/Home/Census/Census_Filters/Page_Home/Page_Home/Location Filter'

15-11-2024T11:27:43 - [TEST_STEP][PASSED] - sendKeys(findTestObject("Object Repository/Specific Cases Repository/LS/Home/Census/Census_Filters/Page_Home/Page_Home/Location Filter"), Keys.chord(ENTER)): Keys 'ENTER + ' sent to object: 'Object Repository/Specific Cases Repository/LS/Home/Census/Census_Filters/Page_Home/Page_Home/Location Filter'

15-11-2024T11:27:43 - [MESSAGE][PASSED] - Keys 'ENTER + ' sent to object: 'Object Repository/Specific Cases Repository/LS/Home/Census/Census_Filters/Page_Home/Page_Home/Location Filter'

15-11-2024T11:27:43 - [TEST_STEP][PASSED] - verifyElementText(findTestObject("Object Repository/Specific Cases Repository/LS/Home/Census/Census_Filters/Page_Home/Page_Home/td_Cat Treatment Center"), "Cat Treatment Center"): Actual text and expected text of test object 'Object Repository/Specific Cases Repository/LS/Home/Census/Census_Filters/Page_Home/Page_Home/td_Cat Treatment Center' are matched.

15-11-2024T11:27:44 - [MESSAGE][PASSED] - Actual text and expected text of test object 'Object Repository/Specific Cases Repository/LS/Home/Census/Census_Filters/Page_Home/Page_Home/td_Cat Treatment Center' are matched.

15-11-2024T11:27:44 - [TEST_STEP][PASSED] - verifyElementText(findTestObject("Object Repository/Specific Cases Repository/LS/Home/Census/Census_Filters/Page_Home/Page_Home/td_Dog Treatment Center"), "Dog Treatment Center"): Actual text and expected text of test object 'Object Repository/Specific Cases Repository/LS/Home/Census/Census_Filters/Page_Home/Page_Home/td_Dog Treatment Center' are matched.

15-11-2024T11:27:44 - [MESSAGE][PASSED] - Actual text and expected text of test object 'Object Repository/Specific Cases Repository/LS/Home/Census/Census_Filters/Page_Home/Page_Home/td_Dog Treatment Center' are matched.

15-11-2024T11:27:44 - [TEST_STEP][PASSED] - verifyElementText(findTestObject("Object Repository/Specific Cases Repository/LS/Home/Census/Census_Filters/Page_Home/Page_Home/td_Satellite Office"), "Satellite Office"): Actual text and expected text of test object 'Object Repository/Specific Cases Repository/LS/Home/Census/Census_Filters/Page_Home/Page_Home/td_Satellite Office' are matched.

15-11-2024T11:27:44 - [MESSAGE][PASSED] - Actual text and expected text of test object 'Object Repository/Specific Cases Repository/LS/Home/Census/Census_Filters/Page_Home/Page_Home/td_Satellite Office' are matched.

15-11-2024T11:27:44 - [TEST_STEP][PASSED] - click(findTestObject("Object Repository/Specific Cases Repository/LS/Home/Census/Census_Filters/Page_Home/Page_Home/ul_All")): Object: 'Object Repository/Specific Cases Repository/LS/Home/Census/Census_Filters/Page_Home/Page_Home/ul_All' is clicked on

15-11-2024T11:27:45 - [MESSAGE][PASSED] - Object: 'Object Repository/Specific Cases Repository/LS/Home/Census/Census_Filters/Page_Home/Page_Home/ul_All' is clicked on

15-11-2024T11:27:45 - [TEST_STEP][PASSED] - setText(findTestObject("Object Repository/Specific Cases Repository/LS/Home/Census/Census_Filters/Page_Home/Page_Home/Location Filter"), "cat"): Text 'cat' is set on object 'Object Repository/Specific Cases Repository/LS/Home/Census/Census_Filters/Page_Home/Page_Home/Location Filter'

15-11-2024T11:27:45 - [MESSAGE][PASSED] - Text 'cat' is set on object 'Object Repository/Specific Cases Repository/LS/Home/Census/Census_Filters/Page_Home/Page_Home/Location Filter'

15-11-2024T11:27:45 - [TEST_STEP][PASSED] - sendKeys(findTestObject("Object Repository/Specific Cases Repository/LS/Home/Census/Census_Filters/Page_Home/Page_Home/Location Filter"), Keys.chord(ENTER)): Keys 'ENTER + ' sent to object: 'Object Repository/Specific Cases Repository/LS/Home/Census/Census_Filters/Page_Home/Page_Home/Location Filter'

15-11-2024T11:27:46 - [MESSAGE][PASSED] - Keys 'ENTER + ' sent to object: 'Object Repository/Specific Cases Repository/LS/Home/Census/Census_Filters/Page_Home/Page_Home/Location Filter'

15-11-2024T11:27:46 - [TEST_STEP][PASSED] - verifyElementText(findTestObject("Object Repository/Specific Cases Repository/LS/Home/Census/Census_Filters/Page_Home/Page_Home/td_Cat Treatment Center"), "Cat Treatment Center"): Actual text and expected text of test object 'Object Repository/Specific Cases Repository/LS/Home/Census/Census_Filters/Page_Home/Page_Home/td_Cat Treatment Center' are matched.

15-11-2024T11:27:48 - [MESSAGE][PASSED] - Actual text and expected text of test object 'Object Repository/Specific Cases Repository/LS/Home/Census/Census_Filters/Page_Home/Page_Home/td_Cat Treatment Center' are matched.

15-11-2024T11:27:48 - [TEST_STEP][PASSED] - verifyElementNotPresent(findTestObject("Object Repository/Specific Cases Repository/LS/Home/Census/Census_Filters/Page_Home/Page_Home/td_Dog Treatment Center"), 0): Web element with id: 'Object Repository/Specific Cases Repository/LS/Home/Census/Census_Filters/Page_Home/Page_Home/td_Dog Treatment Center' located by 'By.xpath: //td[normalize-space()='Dog Treatment Center']' is not present after '30' second(s)

15-11-2024T11:27:48 - [MESSAGE][WARNING] - Timeout '0' is invalid. Using default page load timeout: '30'

15-11-2024T11:27:48 - [MESSAGE][PASSED] - Web element with id: 'Object Repository/Specific Cases Repository/LS/Home/Census/Census_Filters/Page_Home/Page_Home/td_Dog Treatment Center' located by 'By.xpath: //td[normalize-space()='Dog Treatment Center']' is not present after '30' second(s)

15-11-2024T11:27:48 - [TEST_STEP][PASSED] - verifyElementNotPresent(findTestObject("Object Repository/Specific Cases Repository/LS/Home/Census/Census_Filters/Page_Home/Page_Home/td_Satellite Office"), 0): Web element with id: 'Object Repository/Specific Cases Repository/LS/Home/Census/Census_Filters/Page_Home/Page_Home/td_Satellite Office' located by 'By.xpath: //td[normalize-space()='Satellite Office']' is not present after '30' second(s)

15-11-2024T11:27:48 - [MESSAGE][WARNING] - Timeout '0' is invalid. Using default page load timeout: '30'

15-11-2024T11:27:48 - [MESSAGE][PASSED] - Web element with id: 'Object Repository/Specific Cases Repository/LS/Home/Census/Census_Filters/Page_Home/Page_Home/td_Satellite Office' located by 'By.xpath: //td[normalize-space()='Satellite Office']' is not present after '30' second(s)

15-11-2024T11:27:48 - [TEST_STEP][PASSED] - click(findTestObject("Object Repository/Specific Cases Repository/LS/Home/Census/Census_Filters/Page_Home/Page_Home/ul_Cat Treatment Center")): Object: 'Object Repository/Specific Cases Repository/LS/Home/Census/Census_Filters/Page_Home/Page_Home/ul_Cat Treatment Center' is clicked on

15-11-2024T11:27:49 - [MESSAGE][PASSED] - Object: 'Object Repository/Specific Cases Repository/LS/Home/Census/Census_Filters/Page_Home/Page_Home/ul_Cat Treatment Center' is clicked on

15-11-2024T11:27:49 - [TEST_STEP][PASSED] - setText(findTestObject("Object Repository/Specific Cases Repository/LS/Home/Census/Census_Filters/Page_Home/Page_Home/Location Filter"), "dog"): Text 'dog' is set on object 'Object Repository/Specific Cases Repository/LS/Home/Census/Census_Filters/Page_Home/Page_Home/Location Filter'

15-11-2024T11:27:49 - [MESSAGE][PASSED] - Text 'dog' is set on object 'Object Repository/Specific Cases Repository/LS/Home/Census/Census_Filters/Page_Home/Page_Home/Location Filter'

15-11-2024T11:27:49 - [TEST_STEP][PASSED] - sendKeys(findTestObject("Object Repository/Specific Cases Repository/LS/Home/Census/Census_Filters/Page_Home/Page_Home/Location Filter"), Keys.chord(ENTER)): Keys 'ENTER + ' sent to object: 'Object Repository/Specific Cases Repository/LS/Home/Census/Census_Filters/Page_Home/Page_Home/Location Filter'

15-11-2024T11:27:50 - [MESSAGE][PASSED] - Keys 'ENTER + ' sent to object: 'Object Repository/Specific Cases Repository/LS/Home/Census/Census_Filters/Page_Home/Page_Home/Location Filter'

15-11-2024T11:27:50 - [TEST_STEP][PASSED] - verifyElementPresent(findTestObject("Object Repository/Specific Cases Repository/LS/Home/Census/Census_Filters/Page_Home/Page_Home/td_Cat Treatment Center"), 0): Object 'Object Repository/Specific Cases Repository/LS/Home/Census/Census_Filters/Page_Home/Page_Home/td_Cat Treatment Center' is present

15-11-2024T11:27:50 - [MESSAGE][WARNING] - Timeout '0' is invalid. Using default page load timeout: '30'

15-11-2024T11:27:52 - [MESSAGE][PASSED] - Object 'Object Repository/Specific Cases Repository/LS/Home/Census/Census_Filters/Page_Home/Page_Home/td_Cat Treatment Center' is present

15-11-2024T11:27:52 - [TEST_STEP][PASSED] - verifyElementNotPresent(findTestObject("Object Repository/Specific Cases Repository/LS/Home/Census/Census_Filters/Page_Home/Page_Home/td_Satellite Office"), 0): Web element with id: 'Object Repository/Specific Cases Repository/LS/Home/Census/Census_Filters/Page_Home/Page_Home/td_Satellite Office' located by 'By.xpath: //td[normalize-space()='Satellite Office']' is not present after '30' second(s)

15-11-2024T11:27:52 - [MESSAGE][WARNING] - Timeout '0' is invalid. Using default page load timeout: '30'

15-11-2024T11:27:52 - [MESSAGE][PASSED] - Web element with id: 'Object Repository/Specific Cases Repository/LS/Home/Census/Census_Filters/Page_Home/Page_Home/td_Satellite Office' located by 'By.xpath: //td[normalize-space()='Satellite Office']' is not present after '30' second(s)

15-11-2024T11:27:52 - [TEST_STEP][PASSED] - click(findTestObject("Object Repository/Specific Cases Repository/LS/Home/Census/Census_Filters/Page_Home/Page_Home/span_")): Object: 'Object Repository/Specific Cases Repository/LS/Home/Census/Census_Filters/Page_Home/Page_Home/span_' is clicked on

15-11-2024T11:27:53 - [MESSAGE][PASSED] - Object: 'Object Repository/Specific Cases Repository/LS/Home/Census/Census_Filters/Page_Home/Page_Home/span_' is clicked on

15-11-2024T11:27:53 - [TEST_STEP][PASSED] - click(findTestObject("Object Repository/Specific Cases Repository/LS/Home/Census/Census_Filters/Page_Home/Page_Home/ul_Dog Treatment Center")): Object: 'Object Repository/Specific Cases Repository/LS/Home/Census/Census_Filters/Page_Home/Page_Home/ul_Dog Treatment Center' is clicked on

15-11-2024T11:27:55 - [MESSAGE][PASSED] - Object: 'Object Repository/Specific Cases Repository/LS/Home/Census/Census_Filters/Page_Home/Page_Home/ul_Dog Treatment Center' is clicked on

15-11-2024T11:27:55 - [TEST_STEP][PASSED] - setText(findTestObject("Object Repository/Specific Cases Repository/LS/Home/Census/Census_Filters/Page_Home/Page_Home/Location Filter"), "satellite"): Text 'satellite' is set on object 'Object Repository/Specific Cases Repository/LS/Home/Census/Census_Filters/Page_Home/Page_Home/Location Filter'

15-11-2024T11:27:55 - [MESSAGE][PASSED] - Text 'satellite' is set on object 'Object Repository/Specific Cases Repository/LS/Home/Census/Census_Filters/Page_Home/Page_Home/Location Filter'

15-11-2024T11:27:55 - [TEST_STEP][PASSED] - sendKeys(findTestObject("Object Repository/Specific Cases Repository/LS/Home/Census/Census_Filters/Page_Home/Page_Home/Location Filter"), Keys.chord(ENTER)): Keys 'ENTER + ' sent to object: 'Object Repository/Specific Cases Repository/LS/Home/Census/Census_Filters/Page_Home/Page_Home/Location Filter'

15-11-2024T11:27:56 - [MESSAGE][PASSED] - Keys 'ENTER + ' sent to object: 'Object Repository/Specific Cases Repository/LS/Home/Census/Census_Filters/Page_Home/Page_Home/Location Filter'

15-11-2024T11:27:56 - [TEST_STEP][PASSED] - verifyElementPresent(findTestObject("Object Repository/Specific Cases Repository/LS/Home/Census/Census_Filters/Page_Home/Page_Home/td_Dog Treatment Center"), 0): Object 'Object Repository/Specific Cases Repository/LS/Home/Census/Census_Filters/Page_Home/Page_Home/td_Dog Treatment Center' is present

15-11-2024T11:27:56 - [MESSAGE][WARNING] - Timeout '0' is invalid. Using default page load timeout: '30'

15-11-2024T11:27:58 - [MESSAGE][PASSED] - Object 'Object Repository/Specific Cases Repository/LS/Home/Census/Census_Filters/Page_Home/Page_Home/td_Dog Treatment Center' is present

15-11-2024T11:27:58 - [TEST_STEP][PASSED] - click(findTestObject("Object Repository/Specific Cases Repository/LS/Home/Census/Census_Filters/Page_Home/Page_Home/span_")): Object: 'Object Repository/Specific Cases Repository/LS/Home/Census/Census_Filters/Page_Home/Page_Home/span_' is clicked on

15-11-2024T11:27:58 - [MESSAGE][PASSED] - Object: 'Object Repository/Specific Cases Repository/LS/Home/Census/Census_Filters/Page_Home/Page_Home/span_' is clicked on

15-11-2024T11:27:58 - [TEST_STEP][PASSED] - click(findTestObject("Object Repository/Specific Cases Repository/LS/Home/Census/Census_Filters/Page_Home/Page_Home/ul_All")): Object: 'Object Repository/Specific Cases Repository/LS/Home/Census/Census_Filters/Page_Home/Page_Home/ul_All' is clicked on

15-11-2024T11:28:00 - [MESSAGE][PASSED] - Object: 'Object Repository/Specific Cases Repository/LS/Home/Census/Census_Filters/Page_Home/Page_Home/ul_All' is clicked on

15-11-2024T11:28:00 - [TEST_STEP][PASSED] - setText(findTestObject("Specific Cases Repository/LS/Home/Census/Census_Filters/Page_Home/Page_Home/Location Filter"), "all"): Text 'all' is set on object 'Object Repository/Specific Cases Repository/LS/Home/Census/Census_Filters/Page_Home/Page_Home/Location Filter'

15-11-2024T11:28:01 - [MESSAGE][PASSED] - Text 'all' is set on object 'Object Repository/Specific Cases Repository/LS/Home/Census/Census_Filters/Page_Home/Page_Home/Location Filter'

15-11-2024T11:28:01 - [TEST_STEP][PASSED] - sendKeys(findTestObject("Object Repository/Specific Cases Repository/LS/Home/Census/Census_Filters/Page_Home/Page_Home/Location Filter"), Keys.chord(ENTER)): Keys 'ENTER + ' sent to object: 'Object Repository/Specific Cases Repository/LS/Home/Census/Census_Filters/Page_Home/Page_Home/Location Filter'

15-11-2024T11:28:01 - [MESSAGE][PASSED] - Keys 'ENTER + ' sent to object: 'Object Repository/Specific Cases Repository/LS/Home/Census/Census_Filters/Page_Home/Page_Home/Location Filter'

15-11-2024T11:28:01 - [TEST_STEP][PASSED] - click(findTestObject("Specific Cases Repository/LS/Home/Census/Census_Filters/Page_Home/Program Filter")): Object: 'Object Repository/Specific Cases Repository/LS/Home/Census/Census_Filters/Page_Home/Program Filter' is clicked on

15-11-2024T11:28:03 - [MESSAGE][PASSED] - Object: 'Object Repository/Specific Cases Repository/LS/Home/Census/Census_Filters/Page_Home/Program Filter' is clicked on

15-11-2024T11:28:03 - [TEST_STEP][PASSED] - setText(findTestObject("Specific Cases Repository/LS/Home/Census/Census_Filters/Page_Home/Program Filter"), "all"): Text 'all' is set on object 'Object Repository/Specific Cases Repository/LS/Home/Census/Census_Filters/Page_Home/Program Filter'

15-11-2024T11:28:04 - [MESSAGE][PASSED] - Text 'all' is set on object 'Object Repository/Specific Cases Repository/LS/Home/Census/Census_Filters/Page_Home/Program Filter'

15-11-2024T11:28:04 - [TEST_STEP][PASSED] - sendKeys(findTestObject("Specific Cases Repository/LS/Home/Census/Census_Filters/Page_Home/Program Filter"), Keys.chord(ENTER)): Keys 'ENTER + ' sent to object: 'Object Repository/Specific Cases Repository/LS/Home/Census/Census_Filters/Page_Home/Program Filter'

15-11-2024T11:28:04 - [MESSAGE][PASSED] - Keys 'ENTER + ' sent to object: 'Object Repository/Specific Cases Repository/LS/Home/Census/Census_Filters/Page_Home/Program Filter'

15-11-2024T11:28:04 - [TEST_STEP][PASSED] - closeBrowser(): Browser is closed

15-11-2024T11:28:05 - [MESSAGE][PASSED] - Browser is closed]]></system-out>
         <system-err><![CDATA[]]></system-err>
      </testcase>
      <testcase name="Test Cases/Specific Cases/LS/General/Census/Census/Census_Program_Filter" time="35.102" classname="Test Cases/Specific Cases/LS/General/Census/Census/Census_Program_Filter" status="PASSED">
         <system-out><![CDATA[15-11-2024T11:28:05 - [TEST_CASE][PASSED] - Test Cases/Specific Cases/LS/General/Census/Census/Census_Program_Filter: Test Cases/Specific Cases/LS/General/Census/Census/Census_Program_Filter

15-11-2024T11:28:05 - [TEST_STEP][PASSED] - callTestCase(findTestCase("Common Cases/Login"), [:], STOP_ON_FAILURE): Call Test Case 'Test Cases/Common Cases/Login' successfully

15-11-2024T11:28:05 - [TEST_CASE][PASSED] - Test Cases/Common Cases/Login: Test Cases/Common Cases/Login

15-11-2024T11:28:05 - [TEST_STEP][PASSED] - openBrowser(""): Browser is opened with url: ''

15-11-2024T11:28:05 - [MESSAGE][INFO] - Starting 'Chrome' driver

15-11-2024T11:28:05 - [MESSAGE][INFO] - Action delay is set to 0 milliseconds

15-11-2024T11:28:05 - [MESSAGE][PASSED] - Browser is opened with url: ''

15-11-2024T11:28:05 - [TEST_STEP][PASSED] - maximizeWindow(): Current window maximized

15-11-2024T11:28:06 - [MESSAGE][PASSED] - Current window maximized

15-11-2024T11:28:06 - [TEST_STEP][PASSED] - navigateToUrl("https://site17.lsapp.cloud/auth/login"): Navigate to 'https://site17.lsapp.cloud/auth/login' successfully

15-11-2024T11:28:08 - [MESSAGE][PASSED] - Navigate to 'https://site17.lsapp.cloud/auth/login' successfully

15-11-2024T11:28:08 - [TEST_STEP][PASSED] - setText(findTestObject("Object Repository/Common Cases Repository/Login/Page_Lightning Step/input_Email_email"), "automation@lightningstep.com"): Text 'automation@lightningstep.com' is set on object 'Object Repository/Common Cases Repository/Login/Page_Lightning Step/input_Email_email'

15-11-2024T11:28:09 - [MESSAGE][PASSED] - Text 'automation@lightningstep.com' is set on object 'Object Repository/Common Cases Repository/Login/Page_Lightning Step/input_Email_email'

15-11-2024T11:28:09 - [TEST_STEP][PASSED] - setEncryptedText(findTestObject("Object Repository/Common Cases Repository/Login/Page_Lightning Step/input_Password_password"), "e5N8VHmnhJDITtQaQhDQDw=="): Text ****** has been set on object 'Object Repository/Common Cases Repository/Login/Page_Lightning Step/input_Password_password'

15-11-2024T11:28:09 - [MESSAGE][PASSED] - Text ****** has been set on object 'Object Repository/Common Cases Repository/Login/Page_Lightning Step/input_Password_password'

15-11-2024T11:28:09 - [TEST_STEP][PASSED] - click(findTestObject("Object Repository/Common Cases Repository/Login/Page_Lightning Step/button_Sign in")): Object: 'Object Repository/Common Cases Repository/Login/Page_Lightning Step/button_Sign in' is clicked on

15-11-2024T11:28:19 - [MESSAGE][PASSED] - Object: 'Object Repository/Common Cases Repository/Login/Page_Lightning Step/button_Sign in' is clicked on

15-11-2024T11:28:19 - [MESSAGE][PASSED] - Call Test Case 'Test Cases/Common Cases/Login' successfully

15-11-2024T11:28:19 - [TEST_STEP][PASSED] - click(findTestObject("Object Repository/Specific Cases Repository/LS/Home/Census/Census_Filters/Page_Home/Page_Home/a_Census")): Object: 'Object Repository/Specific Cases Repository/LS/Home/Census/Census_Filters/Page_Home/Page_Home/a_Census' is clicked on

15-11-2024T11:28:20 - [MESSAGE][PASSED] - Object: 'Object Repository/Specific Cases Repository/LS/Home/Census/Census_Filters/Page_Home/Page_Home/a_Census' is clicked on

15-11-2024T11:28:20 - [TEST_STEP][PASSED] - click(findTestObject("Object Repository/Specific Cases Repository/LS/Home/Census/Census_Filters/Page_Home/Program_Filter/Page_Home/ul_All")): Object: 'Object Repository/Specific Cases Repository/LS/Home/Census/Census_Filters/Page_Home/Program_Filter/Page_Home/ul_All' is clicked on

15-11-2024T11:28:24 - [MESSAGE][PASSED] - Object: 'Object Repository/Specific Cases Repository/LS/Home/Census/Census_Filters/Page_Home/Program_Filter/Page_Home/ul_All' is clicked on

15-11-2024T11:28:24 - [TEST_STEP][PASSED] - setText(findTestObject("Object Repository/Specific Cases Repository/LS/Home/Census/Census_Filters/Page_Home/Program_Filter/Page_Home/input__select2-search__field"), "all"): Text 'all' is set on object 'Object Repository/Specific Cases Repository/LS/Home/Census/Census_Filters/Page_Home/Program_Filter/Page_Home/input__select2-search__field'

15-11-2024T11:28:24 - [MESSAGE][PASSED] - Text 'all' is set on object 'Object Repository/Specific Cases Repository/LS/Home/Census/Census_Filters/Page_Home/Program_Filter/Page_Home/input__select2-search__field'

15-11-2024T11:28:24 - [TEST_STEP][PASSED] - sendKeys(findTestObject("Object Repository/Specific Cases Repository/LS/Home/Census/Census_Filters/Page_Home/Program_Filter/Page_Home/input__select2-search__field"), Keys.chord(ENTER)): Keys 'ENTER + ' sent to object: 'Object Repository/Specific Cases Repository/LS/Home/Census/Census_Filters/Page_Home/Program_Filter/Page_Home/input__select2-search__field'

15-11-2024T11:28:25 - [MESSAGE][PASSED] - Keys 'ENTER + ' sent to object: 'Object Repository/Specific Cases Repository/LS/Home/Census/Census_Filters/Page_Home/Program_Filter/Page_Home/input__select2-search__field'

15-11-2024T11:28:25 - [TEST_STEP][PASSED] - click(findTestObject("Object Repository/Specific Cases Repository/LS/Home/Census/Census_Filters/Page_Home/Page_Home/ul_All")): Object: 'Object Repository/Specific Cases Repository/LS/Home/Census/Census_Filters/Page_Home/Page_Home/ul_All' is clicked on

15-11-2024T11:28:25 - [MESSAGE][PASSED] - Object: 'Object Repository/Specific Cases Repository/LS/Home/Census/Census_Filters/Page_Home/Page_Home/ul_All' is clicked on

15-11-2024T11:28:25 - [TEST_STEP][PASSED] - setText(findTestObject("Object Repository/Specific Cases Repository/LS/Home/Census/Census_Filters/Page_Home/Page_Home/Location Filter"), "all"): Text 'all' is set on object 'Object Repository/Specific Cases Repository/LS/Home/Census/Census_Filters/Page_Home/Page_Home/Location Filter'

15-11-2024T11:28:26 - [MESSAGE][PASSED] - Text 'all' is set on object 'Object Repository/Specific Cases Repository/LS/Home/Census/Census_Filters/Page_Home/Page_Home/Location Filter'

15-11-2024T11:28:26 - [TEST_STEP][PASSED] - sendKeys(findTestObject("Object Repository/Specific Cases Repository/LS/Home/Census/Census_Filters/Page_Home/Page_Home/Location Filter"), Keys.chord(ENTER)): Keys 'ENTER + ' sent to object: 'Object Repository/Specific Cases Repository/LS/Home/Census/Census_Filters/Page_Home/Page_Home/Location Filter'

15-11-2024T11:28:26 - [MESSAGE][PASSED] - Keys 'ENTER + ' sent to object: 'Object Repository/Specific Cases Repository/LS/Home/Census/Census_Filters/Page_Home/Page_Home/Location Filter'

15-11-2024T11:28:26 - [TEST_STEP][PASSED] - verifyElementPresent(findTestObject("Object Repository/Specific Cases Repository/LS/Home/Census/Census_Filters/Page_Home/Program_Filter/Page_Home/td_Detoxification"), 0): Object 'Object Repository/Specific Cases Repository/LS/Home/Census/Census_Filters/Page_Home/Program_Filter/Page_Home/td_Detoxification' is present

15-11-2024T11:28:26 - [MESSAGE][WARNING] - Timeout '0' is invalid. Using default page load timeout: '30'

15-11-2024T11:28:27 - [MESSAGE][PASSED] - Object 'Object Repository/Specific Cases Repository/LS/Home/Census/Census_Filters/Page_Home/Program_Filter/Page_Home/td_Detoxification' is present

15-11-2024T11:28:27 - [TEST_STEP][PASSED] - verifyElementPresent(findTestObject("Object Repository/Specific Cases Repository/LS/Home/Census/Census_Filters/Page_Home/Program_Filter/Page_Home/td_Outpatient"), 0): Object 'Object Repository/Specific Cases Repository/LS/Home/Census/Census_Filters/Page_Home/Program_Filter/Page_Home/td_Outpatient' is present

15-11-2024T11:28:27 - [MESSAGE][WARNING] - Timeout '0' is invalid. Using default page load timeout: '30'

15-11-2024T11:28:27 - [MESSAGE][PASSED] - Object 'Object Repository/Specific Cases Repository/LS/Home/Census/Census_Filters/Page_Home/Program_Filter/Page_Home/td_Outpatient' is present

15-11-2024T11:28:27 - [TEST_STEP][PASSED] - click(findTestObject("Object Repository/Specific Cases Repository/LS/Home/Census/Census_Filters/Page_Home/Program_Filter/Page_Home/ul_All")): Object: 'Object Repository/Specific Cases Repository/LS/Home/Census/Census_Filters/Page_Home/Program_Filter/Page_Home/ul_All' is clicked on

15-11-2024T11:28:27 - [MESSAGE][PASSED] - Object: 'Object Repository/Specific Cases Repository/LS/Home/Census/Census_Filters/Page_Home/Program_Filter/Page_Home/ul_All' is clicked on

15-11-2024T11:28:27 - [TEST_STEP][PASSED] - setText(findTestObject("Object Repository/Specific Cases Repository/LS/Home/Census/Census_Filters/Page_Home/Program_Filter/Page_Home/input__select2-search__field"), "detox"): Text 'detox' is set on object 'Object Repository/Specific Cases Repository/LS/Home/Census/Census_Filters/Page_Home/Program_Filter/Page_Home/input__select2-search__field'

15-11-2024T11:28:28 - [MESSAGE][PASSED] - Text 'detox' is set on object 'Object Repository/Specific Cases Repository/LS/Home/Census/Census_Filters/Page_Home/Program_Filter/Page_Home/input__select2-search__field'

15-11-2024T11:28:28 - [TEST_STEP][PASSED] - sendKeys(findTestObject("Object Repository/Specific Cases Repository/LS/Home/Census/Census_Filters/Page_Home/Program_Filter/Page_Home/input__select2-search__field"), Keys.chord(ENTER)): Keys 'ENTER + ' sent to object: 'Object Repository/Specific Cases Repository/LS/Home/Census/Census_Filters/Page_Home/Program_Filter/Page_Home/input__select2-search__field'

15-11-2024T11:28:29 - [MESSAGE][PASSED] - Keys 'ENTER + ' sent to object: 'Object Repository/Specific Cases Repository/LS/Home/Census/Census_Filters/Page_Home/Program_Filter/Page_Home/input__select2-search__field'

15-11-2024T11:28:29 - [TEST_STEP][PASSED] - verifyElementPresent(findTestObject("Object Repository/Specific Cases Repository/LS/Home/Census/Census_Filters/Page_Home/Program_Filter/Page_Home/td_Detoxification"), 0): Object 'Object Repository/Specific Cases Repository/LS/Home/Census/Census_Filters/Page_Home/Program_Filter/Page_Home/td_Detoxification' is present

15-11-2024T11:28:29 - [MESSAGE][WARNING] - Timeout '0' is invalid. Using default page load timeout: '30'

15-11-2024T11:28:30 - [MESSAGE][PASSED] - Object 'Object Repository/Specific Cases Repository/LS/Home/Census/Census_Filters/Page_Home/Program_Filter/Page_Home/td_Detoxification' is present

15-11-2024T11:28:30 - [TEST_STEP][PASSED] - verifyElementNotPresent(findTestObject("Object Repository/Specific Cases Repository/LS/Home/Census/Census_Filters/Page_Home/Program_Filter/Page_Home/td_Outpatient"), 0): Web element with id: 'Object Repository/Specific Cases Repository/LS/Home/Census/Census_Filters/Page_Home/Program_Filter/Page_Home/td_Outpatient' located by 'By.xpath: //td[normalize-space()='Outpatient']' is not present after '30' second(s)

15-11-2024T11:28:30 - [MESSAGE][WARNING] - Timeout '0' is invalid. Using default page load timeout: '30'

15-11-2024T11:28:30 - [MESSAGE][PASSED] - Web element with id: 'Object Repository/Specific Cases Repository/LS/Home/Census/Census_Filters/Page_Home/Program_Filter/Page_Home/td_Outpatient' located by 'By.xpath: //td[normalize-space()='Outpatient']' is not present after '30' second(s)

15-11-2024T11:28:30 - [TEST_STEP][PASSED] - click(findTestObject("Object Repository/Specific Cases Repository/LS/Home/Census/Census_Filters/Page_Home/Program_Filter/Page_Home/ul_Detoxification")): Object: 'Object Repository/Specific Cases Repository/LS/Home/Census/Census_Filters/Page_Home/Program_Filter/Page_Home/ul_Detoxification' is clicked on

15-11-2024T11:28:31 - [MESSAGE][PASSED] - Object: 'Object Repository/Specific Cases Repository/LS/Home/Census/Census_Filters/Page_Home/Program_Filter/Page_Home/ul_Detoxification' is clicked on

15-11-2024T11:28:31 - [TEST_STEP][PASSED] - setText(findTestObject("Object Repository/Specific Cases Repository/LS/Home/Census/Census_Filters/Page_Home/Program_Filter/Page_Home/input__select2-search__field"), "outpatient"): Text 'outpatient' is set on object 'Object Repository/Specific Cases Repository/LS/Home/Census/Census_Filters/Page_Home/Program_Filter/Page_Home/input__select2-search__field'

15-11-2024T11:28:31 - [MESSAGE][PASSED] - Text 'outpatient' is set on object 'Object Repository/Specific Cases Repository/LS/Home/Census/Census_Filters/Page_Home/Program_Filter/Page_Home/input__select2-search__field'

15-11-2024T11:28:31 - [TEST_STEP][PASSED] - sendKeys(findTestObject("Object Repository/Specific Cases Repository/LS/Home/Census/Census_Filters/Page_Home/Program_Filter/Page_Home/input__select2-search__field"), Keys.chord(ENTER)): Keys 'ENTER + ' sent to object: 'Object Repository/Specific Cases Repository/LS/Home/Census/Census_Filters/Page_Home/Program_Filter/Page_Home/input__select2-search__field'

15-11-2024T11:28:32 - [MESSAGE][PASSED] - Keys 'ENTER + ' sent to object: 'Object Repository/Specific Cases Repository/LS/Home/Census/Census_Filters/Page_Home/Program_Filter/Page_Home/input__select2-search__field'

15-11-2024T11:28:32 - [TEST_STEP][PASSED] - click(findTestObject("Object Repository/Specific Cases Repository/LS/Home/Census/Census_Filters/Page_Home/Program_Filter/Page_Home/span_")): Object: 'Object Repository/Specific Cases Repository/LS/Home/Census/Census_Filters/Page_Home/Program_Filter/Page_Home/span_' is clicked on

15-11-2024T11:28:33 - [MESSAGE][PASSED] - Object: 'Object Repository/Specific Cases Repository/LS/Home/Census/Census_Filters/Page_Home/Program_Filter/Page_Home/span_' is clicked on

15-11-2024T11:28:33 - [TEST_STEP][PASSED] - verifyElementPresent(findTestObject("Object Repository/Specific Cases Repository/LS/Home/Census/Census_Filters/Page_Home/Program_Filter/Page_Home/td_Outpatient"), 0): Object 'Object Repository/Specific Cases Repository/LS/Home/Census/Census_Filters/Page_Home/Program_Filter/Page_Home/td_Outpatient' is present

15-11-2024T11:28:33 - [MESSAGE][WARNING] - Timeout '0' is invalid. Using default page load timeout: '30'

15-11-2024T11:28:34 - [MESSAGE][PASSED] - Object 'Object Repository/Specific Cases Repository/LS/Home/Census/Census_Filters/Page_Home/Program_Filter/Page_Home/td_Outpatient' is present

15-11-2024T11:28:34 - [TEST_STEP][PASSED] - verifyElementNotPresent(findTestObject("Object Repository/Specific Cases Repository/LS/Home/Census/Census_Filters/Page_Home/Program_Filter/Page_Home/td_Detoxification"), 0): Web element with id: 'Object Repository/Specific Cases Repository/LS/Home/Census/Census_Filters/Page_Home/Program_Filter/Page_Home/td_Detoxification' located by 'By.xpath: //tr[@class='odd']//td[contains(text(),'Detoxification')]' is not present after '30' second(s)

15-11-2024T11:28:34 - [MESSAGE][WARNING] - Timeout '0' is invalid. Using default page load timeout: '30'

15-11-2024T11:28:35 - [MESSAGE][PASSED] - Web element with id: 'Object Repository/Specific Cases Repository/LS/Home/Census/Census_Filters/Page_Home/Program_Filter/Page_Home/td_Detoxification' located by 'By.xpath: //tr[@class='odd']//td[contains(text(),'Detoxification')]' is not present after '30' second(s)

15-11-2024T11:28:35 - [TEST_STEP][PASSED] - click(findTestObject("Object Repository/Specific Cases Repository/LS/Home/Census/Census_Filters/Page_Home/Program_Filter/Page_Home/span_")): Object: 'Object Repository/Specific Cases Repository/LS/Home/Census/Census_Filters/Page_Home/Program_Filter/Page_Home/span_' is clicked on

15-11-2024T11:28:35 - [MESSAGE][PASSED] - Object: 'Object Repository/Specific Cases Repository/LS/Home/Census/Census_Filters/Page_Home/Program_Filter/Page_Home/span_' is clicked on

15-11-2024T11:28:35 - [TEST_STEP][PASSED] - click(findTestObject("Object Repository/Specific Cases Repository/LS/Home/Census/Census_Filters/Page_Home/Program_Filter/Page_Home/ul_All")): Object: 'Object Repository/Specific Cases Repository/LS/Home/Census/Census_Filters/Page_Home/Program_Filter/Page_Home/ul_All' is clicked on

15-11-2024T11:28:36 - [MESSAGE][PASSED] - Object: 'Object Repository/Specific Cases Repository/LS/Home/Census/Census_Filters/Page_Home/Program_Filter/Page_Home/ul_All' is clicked on

15-11-2024T11:28:36 - [TEST_STEP][PASSED] - setText(findTestObject("Object Repository/Specific Cases Repository/LS/Home/Census/Census_Filters/Page_Home/Program_Filter/Page_Home/input__select2-search__field"), "all"): Text 'all' is set on object 'Object Repository/Specific Cases Repository/LS/Home/Census/Census_Filters/Page_Home/Program_Filter/Page_Home/input__select2-search__field'

15-11-2024T11:28:37 - [MESSAGE][PASSED] - Text 'all' is set on object 'Object Repository/Specific Cases Repository/LS/Home/Census/Census_Filters/Page_Home/Program_Filter/Page_Home/input__select2-search__field'

15-11-2024T11:28:37 - [TEST_STEP][PASSED] - sendKeys(findTestObject("Object Repository/Specific Cases Repository/LS/Home/Census/Census_Filters/Page_Home/Program_Filter/Page_Home/input__select2-search__field"), Keys.chord(ENTER)): Keys 'ENTER + ' sent to object: 'Object Repository/Specific Cases Repository/LS/Home/Census/Census_Filters/Page_Home/Program_Filter/Page_Home/input__select2-search__field'

15-11-2024T11:28:37 - [MESSAGE][PASSED] - Keys 'ENTER + ' sent to object: 'Object Repository/Specific Cases Repository/LS/Home/Census/Census_Filters/Page_Home/Program_Filter/Page_Home/input__select2-search__field'

15-11-2024T11:28:37 - [TEST_STEP][PASSED] - waitForPageLoad(30): Wait for page load successfully

15-11-2024T11:28:37 - [MESSAGE][PASSED] - Wait for page load successfully

15-11-2024T11:28:37 - [TEST_STEP][PASSED] - click(findTestObject("Object Repository/Specific Cases Repository/LS/Home/Census/Census_Filters/Page_Home/Program_Filter/Page_Home/ul_All")): Object: 'Object Repository/Specific Cases Repository/LS/Home/Census/Census_Filters/Page_Home/Program_Filter/Page_Home/ul_All' is clicked on

15-11-2024T11:28:38 - [MESSAGE][PASSED] - Object: 'Object Repository/Specific Cases Repository/LS/Home/Census/Census_Filters/Page_Home/Program_Filter/Page_Home/ul_All' is clicked on

15-11-2024T11:28:38 - [TEST_STEP][PASSED] - setText(findTestObject("Object Repository/Specific Cases Repository/LS/Home/Census/Census_Filters/Page_Home/Program_Filter/Page_Home/input__select2-search__field"), "all"): Text 'all' is set on object 'Object Repository/Specific Cases Repository/LS/Home/Census/Census_Filters/Page_Home/Program_Filter/Page_Home/input__select2-search__field'

15-11-2024T11:28:39 - [MESSAGE][PASSED] - Text 'all' is set on object 'Object Repository/Specific Cases Repository/LS/Home/Census/Census_Filters/Page_Home/Program_Filter/Page_Home/input__select2-search__field'

15-11-2024T11:28:39 - [TEST_STEP][PASSED] - sendKeys(findTestObject("Object Repository/Specific Cases Repository/LS/Home/Census/Census_Filters/Page_Home/Program_Filter/Page_Home/input__select2-search__field"), Keys.chord(ENTER)): Keys 'ENTER + ' sent to object: 'Object Repository/Specific Cases Repository/LS/Home/Census/Census_Filters/Page_Home/Program_Filter/Page_Home/input__select2-search__field'

15-11-2024T11:28:40 - [MESSAGE][PASSED] - Keys 'ENTER + ' sent to object: 'Object Repository/Specific Cases Repository/LS/Home/Census/Census_Filters/Page_Home/Program_Filter/Page_Home/input__select2-search__field'

15-11-2024T11:28:40 - [TEST_STEP][PASSED] - closeBrowser(): Browser is closed

15-11-2024T11:28:40 - [MESSAGE][PASSED] - Browser is closed]]></system-out>
         <system-err><![CDATA[]]></system-err>
      </testcase>
      <testcase name="Test Cases/Specific Cases/LS/General/Census/Census/Census_Sorting" time="66.717" classname="Test Cases/Specific Cases/LS/General/Census/Census/Census_Sorting" status="PASSED">
         <system-out><![CDATA[15-11-2024T11:28:40 - [TEST_CASE][PASSED] - Test Cases/Specific Cases/LS/General/Census/Census/Census_Sorting: Test Cases/Specific Cases/LS/General/Census/Census/Census_Sorting

15-11-2024T11:28:40 - [TEST_STEP][PASSED] - callTestCase(findTestCase("Common Cases/Login"), [:], STOP_ON_FAILURE): Call Test Case 'Test Cases/Common Cases/Login' successfully

15-11-2024T11:28:40 - [TEST_CASE][PASSED] - Test Cases/Common Cases/Login: Test Cases/Common Cases/Login

15-11-2024T11:28:40 - [TEST_STEP][PASSED] - openBrowser(""): Browser is opened with url: ''

15-11-2024T11:28:40 - [MESSAGE][INFO] - Starting 'Chrome' driver

15-11-2024T11:28:40 - [MESSAGE][INFO] - Action delay is set to 0 milliseconds

15-11-2024T11:28:41 - [MESSAGE][PASSED] - Browser is opened with url: ''

15-11-2024T11:28:41 - [TEST_STEP][PASSED] - maximizeWindow(): Current window maximized

15-11-2024T11:28:41 - [MESSAGE][PASSED] - Current window maximized

15-11-2024T11:28:41 - [TEST_STEP][PASSED] - navigateToUrl("https://site17.lsapp.cloud/auth/login"): Navigate to 'https://site17.lsapp.cloud/auth/login' successfully

15-11-2024T11:28:43 - [MESSAGE][PASSED] - Navigate to 'https://site17.lsapp.cloud/auth/login' successfully

15-11-2024T11:28:43 - [TEST_STEP][PASSED] - setText(findTestObject("Object Repository/Common Cases Repository/Login/Page_Lightning Step/input_Email_email"), "automation@lightningstep.com"): Text 'automation@lightningstep.com' is set on object 'Object Repository/Common Cases Repository/Login/Page_Lightning Step/input_Email_email'

15-11-2024T11:28:43 - [MESSAGE][PASSED] - Text 'automation@lightningstep.com' is set on object 'Object Repository/Common Cases Repository/Login/Page_Lightning Step/input_Email_email'

15-11-2024T11:28:43 - [TEST_STEP][PASSED] - setEncryptedText(findTestObject("Object Repository/Common Cases Repository/Login/Page_Lightning Step/input_Password_password"), "e5N8VHmnhJDITtQaQhDQDw=="): Text ****** has been set on object 'Object Repository/Common Cases Repository/Login/Page_Lightning Step/input_Password_password'

15-11-2024T11:28:44 - [MESSAGE][PASSED] - Text ****** has been set on object 'Object Repository/Common Cases Repository/Login/Page_Lightning Step/input_Password_password'

15-11-2024T11:28:44 - [TEST_STEP][PASSED] - click(findTestObject("Object Repository/Common Cases Repository/Login/Page_Lightning Step/button_Sign in")): Object: 'Object Repository/Common Cases Repository/Login/Page_Lightning Step/button_Sign in' is clicked on

15-11-2024T11:28:53 - [MESSAGE][PASSED] - Object: 'Object Repository/Common Cases Repository/Login/Page_Lightning Step/button_Sign in' is clicked on

15-11-2024T11:28:53 - [MESSAGE][PASSED] - Call Test Case 'Test Cases/Common Cases/Login' successfully

15-11-2024T11:28:53 - [TEST_STEP][PASSED] - click(findTestObject("Object Repository/Specific Cases Repository/LS/Home/Census/Census Sorting/Page_Home/a_Census")): Object: 'Object Repository/Specific Cases Repository/LS/Home/Census/Census Sorting/Page_Home/a_Census' is clicked on

15-11-2024T11:28:54 - [MESSAGE][PASSED] - Object: 'Object Repository/Specific Cases Repository/LS/Home/Census/Census Sorting/Page_Home/a_Census' is clicked on

15-11-2024T11:28:54 - [TEST_STEP][PASSED] - click(findTestObject("Object Repository/Specific Cases Repository/LS/Home/Census/Census Sorting/Page_Home/th_Client")): Object: 'Object Repository/Specific Cases Repository/LS/Home/Census/Census Sorting/Page_Home/th_Client' is clicked on

15-11-2024T11:28:56 - [MESSAGE][PASSED] - Object: 'Object Repository/Specific Cases Repository/LS/Home/Census/Census Sorting/Page_Home/th_Client' is clicked on

15-11-2024T11:28:56 - [TEST_STEP][PASSED] - click(findTestObject("Object Repository/Specific Cases Repository/LS/Home/Census/Census Sorting/Page_Home/th_Client")): Object: 'Object Repository/Specific Cases Repository/LS/Home/Census/Census Sorting/Page_Home/th_Client' is clicked on

15-11-2024T11:28:58 - [MESSAGE][PASSED] - Object: 'Object Repository/Specific Cases Repository/LS/Home/Census/Census Sorting/Page_Home/th_Client' is clicked on

15-11-2024T11:28:58 - [TEST_STEP][PASSED] - click(findTestObject("Object Repository/Specific Cases Repository/LS/Home/Census/Census Sorting/Page_Home/th_Client")): Object: 'Object Repository/Specific Cases Repository/LS/Home/Census/Census Sorting/Page_Home/th_Client' is clicked on

15-11-2024T11:28:59 - [MESSAGE][PASSED] - Object: 'Object Repository/Specific Cases Repository/LS/Home/Census/Census Sorting/Page_Home/th_Client' is clicked on

15-11-2024T11:28:59 - [TEST_STEP][PASSED] - click(findTestObject("Object Repository/Specific Cases Repository/LS/Home/Census/Census Sorting/Page_Home/th_MRN")): Object: 'Object Repository/Specific Cases Repository/LS/Home/Census/Census Sorting/Page_Home/th_MRN' is clicked on

15-11-2024T11:29:00 - [MESSAGE][PASSED] - Object: 'Object Repository/Specific Cases Repository/LS/Home/Census/Census Sorting/Page_Home/th_MRN' is clicked on

15-11-2024T11:29:00 - [TEST_STEP][PASSED] - click(findTestObject("Object Repository/Specific Cases Repository/LS/Home/Census/Census Sorting/Page_Home/th_MRN")): Object: 'Object Repository/Specific Cases Repository/LS/Home/Census/Census Sorting/Page_Home/th_MRN' is clicked on

15-11-2024T11:29:01 - [MESSAGE][PASSED] - Object: 'Object Repository/Specific Cases Repository/LS/Home/Census/Census Sorting/Page_Home/th_MRN' is clicked on

15-11-2024T11:29:01 - [TEST_STEP][PASSED] - click(findTestObject("Object Repository/Specific Cases Repository/LS/Home/Census/Census Sorting/Page_Home/th_MRN")): Object: 'Object Repository/Specific Cases Repository/LS/Home/Census/Census Sorting/Page_Home/th_MRN' is clicked on

15-11-2024T11:29:03 - [MESSAGE][PASSED] - Object: 'Object Repository/Specific Cases Repository/LS/Home/Census/Census Sorting/Page_Home/th_MRN' is clicked on

15-11-2024T11:29:03 - [TEST_STEP][PASSED] - click(findTestObject("Object Repository/Specific Cases Repository/LS/Home/Census/Census Sorting/Page_Home/th_DOB")): Object: 'Object Repository/Specific Cases Repository/LS/Home/Census/Census Sorting/Page_Home/th_DOB' is clicked on

15-11-2024T11:29:04 - [MESSAGE][PASSED] - Object: 'Object Repository/Specific Cases Repository/LS/Home/Census/Census Sorting/Page_Home/th_DOB' is clicked on

15-11-2024T11:29:04 - [TEST_STEP][PASSED] - click(findTestObject("Object Repository/Specific Cases Repository/LS/Home/Census/Census Sorting/Page_Home/th_DOB")): Object: 'Object Repository/Specific Cases Repository/LS/Home/Census/Census Sorting/Page_Home/th_DOB' is clicked on

15-11-2024T11:29:05 - [MESSAGE][PASSED] - Object: 'Object Repository/Specific Cases Repository/LS/Home/Census/Census Sorting/Page_Home/th_DOB' is clicked on

15-11-2024T11:29:05 - [TEST_STEP][PASSED] - click(findTestObject("Object Repository/Specific Cases Repository/LS/Home/Census/Census Sorting/Page_Home/th_DOB")): Object: 'Object Repository/Specific Cases Repository/LS/Home/Census/Census Sorting/Page_Home/th_DOB' is clicked on

15-11-2024T11:29:06 - [MESSAGE][PASSED] - Object: 'Object Repository/Specific Cases Repository/LS/Home/Census/Census Sorting/Page_Home/th_DOB' is clicked on

15-11-2024T11:29:06 - [TEST_STEP][PASSED] - click(findTestObject("Object Repository/Specific Cases Repository/LS/Home/Census/Census Sorting/Page_Home/th_Admission")): Object: 'Object Repository/Specific Cases Repository/LS/Home/Census/Census Sorting/Page_Home/th_Admission' is clicked on

15-11-2024T11:29:08 - [MESSAGE][PASSED] - Object: 'Object Repository/Specific Cases Repository/LS/Home/Census/Census Sorting/Page_Home/th_Admission' is clicked on

15-11-2024T11:29:08 - [TEST_STEP][PASSED] - click(findTestObject("Object Repository/Specific Cases Repository/LS/Home/Census/Census Sorting/Page_Home/th_Admission")): Object: 'Object Repository/Specific Cases Repository/LS/Home/Census/Census Sorting/Page_Home/th_Admission' is clicked on

15-11-2024T11:29:09 - [MESSAGE][PASSED] - Object: 'Object Repository/Specific Cases Repository/LS/Home/Census/Census Sorting/Page_Home/th_Admission' is clicked on

15-11-2024T11:29:09 - [TEST_STEP][PASSED] - click(findTestObject("Object Repository/Specific Cases Repository/LS/Home/Census/Census Sorting/Page_Home/th_Admission")): Object: 'Object Repository/Specific Cases Repository/LS/Home/Census/Census Sorting/Page_Home/th_Admission' is clicked on

15-11-2024T11:29:11 - [MESSAGE][PASSED] - Object: 'Object Repository/Specific Cases Repository/LS/Home/Census/Census Sorting/Page_Home/th_Admission' is clicked on

15-11-2024T11:29:11 - [TEST_STEP][PASSED] - click(findTestObject("Object Repository/Specific Cases Repository/LS/Home/Census/Census Sorting/Page_Home/th_Program Admission")): Object: 'Object Repository/Specific Cases Repository/LS/Home/Census/Census Sorting/Page_Home/th_Program Admission' is clicked on

15-11-2024T11:29:12 - [MESSAGE][PASSED] - Object: 'Object Repository/Specific Cases Repository/LS/Home/Census/Census Sorting/Page_Home/th_Program Admission' is clicked on

15-11-2024T11:29:12 - [TEST_STEP][PASSED] - click(findTestObject("Object Repository/Specific Cases Repository/LS/Home/Census/Census Sorting/Page_Home/th_Program Admission")): Object: 'Object Repository/Specific Cases Repository/LS/Home/Census/Census Sorting/Page_Home/th_Program Admission' is clicked on

15-11-2024T11:29:14 - [MESSAGE][PASSED] - Object: 'Object Repository/Specific Cases Repository/LS/Home/Census/Census Sorting/Page_Home/th_Program Admission' is clicked on

15-11-2024T11:29:14 - [TEST_STEP][PASSED] - click(findTestObject("Object Repository/Specific Cases Repository/LS/Home/Census/Census Sorting/Page_Home/th_Program Admission")): Object: 'Object Repository/Specific Cases Repository/LS/Home/Census/Census Sorting/Page_Home/th_Program Admission' is clicked on

15-11-2024T11:29:15 - [MESSAGE][PASSED] - Object: 'Object Repository/Specific Cases Repository/LS/Home/Census/Census Sorting/Page_Home/th_Program Admission' is clicked on

15-11-2024T11:29:15 - [TEST_STEP][PASSED] - click(findTestObject("Object Repository/Specific Cases Repository/LS/Home/Census/Census Sorting/Page_Home/th_Program")): Object: 'Object Repository/Specific Cases Repository/LS/Home/Census/Census Sorting/Page_Home/th_Program' is clicked on

15-11-2024T11:29:17 - [MESSAGE][PASSED] - Object: 'Object Repository/Specific Cases Repository/LS/Home/Census/Census Sorting/Page_Home/th_Program' is clicked on

15-11-2024T11:29:17 - [TEST_STEP][PASSED] - click(findTestObject("Object Repository/Specific Cases Repository/LS/Home/Census/Census Sorting/Page_Home/th_Program")): Object: 'Object Repository/Specific Cases Repository/LS/Home/Census/Census Sorting/Page_Home/th_Program' is clicked on

15-11-2024T11:29:18 - [MESSAGE][PASSED] - Object: 'Object Repository/Specific Cases Repository/LS/Home/Census/Census Sorting/Page_Home/th_Program' is clicked on

15-11-2024T11:29:18 - [TEST_STEP][PASSED] - click(findTestObject("Object Repository/Specific Cases Repository/LS/Home/Census/Census Sorting/Page_Home/th_Program")): Object: 'Object Repository/Specific Cases Repository/LS/Home/Census/Census Sorting/Page_Home/th_Program' is clicked on

15-11-2024T11:29:19 - [MESSAGE][PASSED] - Object: 'Object Repository/Specific Cases Repository/LS/Home/Census/Census Sorting/Page_Home/th_Program' is clicked on

15-11-2024T11:29:19 - [TEST_STEP][PASSED] - click(findTestObject("Object Repository/Specific Cases Repository/LS/Home/Census/Census Sorting/Page_Home/th_Location")): Object: 'Object Repository/Specific Cases Repository/LS/Home/Census/Census Sorting/Page_Home/th_Location' is clicked on

15-11-2024T11:29:21 - [MESSAGE][PASSED] - Object: 'Object Repository/Specific Cases Repository/LS/Home/Census/Census Sorting/Page_Home/th_Location' is clicked on

15-11-2024T11:29:21 - [TEST_STEP][PASSED] - click(findTestObject("Object Repository/Specific Cases Repository/LS/Home/Census/Census Sorting/Page_Home/th_Location")): Object: 'Object Repository/Specific Cases Repository/LS/Home/Census/Census Sorting/Page_Home/th_Location' is clicked on

15-11-2024T11:29:22 - [MESSAGE][PASSED] - Object: 'Object Repository/Specific Cases Repository/LS/Home/Census/Census Sorting/Page_Home/th_Location' is clicked on

15-11-2024T11:29:22 - [TEST_STEP][PASSED] - click(findTestObject("Object Repository/Specific Cases Repository/LS/Home/Census/Census Sorting/Page_Home/th_Location")): Object: 'Object Repository/Specific Cases Repository/LS/Home/Census/Census Sorting/Page_Home/th_Location' is clicked on

15-11-2024T11:29:23 - [MESSAGE][PASSED] - Object: 'Object Repository/Specific Cases Repository/LS/Home/Census/Census Sorting/Page_Home/th_Location' is clicked on

15-11-2024T11:29:23 - [TEST_STEP][PASSED] - click(findTestObject("Object Repository/Specific Cases Repository/LS/Home/Census/Census Sorting/Page_Home/th_Primary Counselor")): Object: 'Object Repository/Specific Cases Repository/LS/Home/Census/Census Sorting/Page_Home/th_Primary Counselor' is clicked on

15-11-2024T11:29:25 - [MESSAGE][PASSED] - Object: 'Object Repository/Specific Cases Repository/LS/Home/Census/Census Sorting/Page_Home/th_Primary Counselor' is clicked on

15-11-2024T11:29:25 - [TEST_STEP][PASSED] - click(findTestObject("Object Repository/Specific Cases Repository/LS/Home/Census/Census Sorting/Page_Home/th_Primary Counselor")): Object: 'Object Repository/Specific Cases Repository/LS/Home/Census/Census Sorting/Page_Home/th_Primary Counselor' is clicked on

15-11-2024T11:29:26 - [MESSAGE][PASSED] - Object: 'Object Repository/Specific Cases Repository/LS/Home/Census/Census Sorting/Page_Home/th_Primary Counselor' is clicked on

15-11-2024T11:29:26 - [TEST_STEP][PASSED] - click(findTestObject("Object Repository/Specific Cases Repository/LS/Home/Census/Census Sorting/Page_Home/th_Primary Counselor")): Object: 'Object Repository/Specific Cases Repository/LS/Home/Census/Census Sorting/Page_Home/th_Primary Counselor' is clicked on

15-11-2024T11:29:28 - [MESSAGE][PASSED] - Object: 'Object Repository/Specific Cases Repository/LS/Home/Census/Census Sorting/Page_Home/th_Primary Counselor' is clicked on

15-11-2024T11:29:28 - [TEST_STEP][PASSED] - click(findTestObject("Object Repository/Specific Cases Repository/LS/Home/Census/Census Sorting/Page_Home/th_Unit - Room - Bed")): Object: 'Object Repository/Specific Cases Repository/LS/Home/Census/Census Sorting/Page_Home/th_Unit - Room - Bed' is clicked on

15-11-2024T11:29:29 - [MESSAGE][PASSED] - Object: 'Object Repository/Specific Cases Repository/LS/Home/Census/Census Sorting/Page_Home/th_Unit - Room - Bed' is clicked on

15-11-2024T11:29:29 - [TEST_STEP][PASSED] - click(findTestObject("Object Repository/Specific Cases Repository/LS/Home/Census/Census Sorting/Page_Home/th_Unit - Room - Bed")): Object: 'Object Repository/Specific Cases Repository/LS/Home/Census/Census Sorting/Page_Home/th_Unit - Room - Bed' is clicked on

15-11-2024T11:29:30 - [MESSAGE][PASSED] - Object: 'Object Repository/Specific Cases Repository/LS/Home/Census/Census Sorting/Page_Home/th_Unit - Room - Bed' is clicked on

15-11-2024T11:29:30 - [TEST_STEP][PASSED] - click(findTestObject("Object Repository/Specific Cases Repository/LS/Home/Census/Census Sorting/Page_Home/th_Unit - Room - Bed")): Object: 'Object Repository/Specific Cases Repository/LS/Home/Census/Census Sorting/Page_Home/th_Unit - Room - Bed' is clicked on

15-11-2024T11:29:32 - [MESSAGE][PASSED] - Object: 'Object Repository/Specific Cases Repository/LS/Home/Census/Census Sorting/Page_Home/th_Unit - Room - Bed' is clicked on

15-11-2024T11:29:32 - [TEST_STEP][PASSED] - click(findTestObject("Object Repository/Specific Cases Repository/LS/Home/Census/Census Sorting/Page_Home/th_Authorized To")): Object: 'Object Repository/Specific Cases Repository/LS/Home/Census/Census Sorting/Page_Home/th_Authorized To' is clicked on

15-11-2024T11:29:33 - [MESSAGE][PASSED] - Object: 'Object Repository/Specific Cases Repository/LS/Home/Census/Census Sorting/Page_Home/th_Authorized To' is clicked on

15-11-2024T11:29:33 - [TEST_STEP][PASSED] - click(findTestObject("Object Repository/Specific Cases Repository/LS/Home/Census/Census Sorting/Page_Home/th_Authorized To")): Object: 'Object Repository/Specific Cases Repository/LS/Home/Census/Census Sorting/Page_Home/th_Authorized To' is clicked on

15-11-2024T11:29:34 - [MESSAGE][PASSED] - Object: 'Object Repository/Specific Cases Repository/LS/Home/Census/Census Sorting/Page_Home/th_Authorized To' is clicked on

15-11-2024T11:29:34 - [TEST_STEP][PASSED] - click(findTestObject("Object Repository/Specific Cases Repository/LS/Home/Census/Census Sorting/Page_Home/th_Authorized To")): Object: 'Object Repository/Specific Cases Repository/LS/Home/Census/Census Sorting/Page_Home/th_Authorized To' is clicked on

15-11-2024T11:29:36 - [MESSAGE][PASSED] - Object: 'Object Repository/Specific Cases Repository/LS/Home/Census/Census Sorting/Page_Home/th_Authorized To' is clicked on

15-11-2024T11:29:36 - [TEST_STEP][PASSED] - click(findTestObject("Object Repository/Specific Cases Repository/LS/Home/Census/Census Sorting/Page_Home/th_Referral Source")): Object: 'Object Repository/Specific Cases Repository/LS/Home/Census/Census Sorting/Page_Home/th_Referral Source' is clicked on

15-11-2024T11:29:37 - [MESSAGE][PASSED] - Object: 'Object Repository/Specific Cases Repository/LS/Home/Census/Census Sorting/Page_Home/th_Referral Source' is clicked on

15-11-2024T11:29:37 - [TEST_STEP][PASSED] - click(findTestObject("Object Repository/Specific Cases Repository/LS/Home/Census/Census Sorting/Page_Home/th_Referral Source")): Object: 'Object Repository/Specific Cases Repository/LS/Home/Census/Census Sorting/Page_Home/th_Referral Source' is clicked on

15-11-2024T11:29:38 - [MESSAGE][PASSED] - Object: 'Object Repository/Specific Cases Repository/LS/Home/Census/Census Sorting/Page_Home/th_Referral Source' is clicked on

15-11-2024T11:29:38 - [TEST_STEP][PASSED] - click(findTestObject("Object Repository/Specific Cases Repository/LS/Home/Census/Census Sorting/Page_Home/th_Referral Source")): Object: 'Object Repository/Specific Cases Repository/LS/Home/Census/Census Sorting/Page_Home/th_Referral Source' is clicked on

15-11-2024T11:29:39 - [MESSAGE][PASSED] - Object: 'Object Repository/Specific Cases Repository/LS/Home/Census/Census Sorting/Page_Home/th_Referral Source' is clicked on

15-11-2024T11:29:39 - [TEST_STEP][PASSED] - click(findTestObject("Object Repository/Specific Cases Repository/LS/Home/Census/Census Sorting/Page_Home/th_Proj Discharge")): Object: 'Object Repository/Specific Cases Repository/LS/Home/Census/Census Sorting/Page_Home/th_Proj Discharge' is clicked on

15-11-2024T11:29:40 - [MESSAGE][PASSED] - Object: 'Object Repository/Specific Cases Repository/LS/Home/Census/Census Sorting/Page_Home/th_Proj Discharge' is clicked on

15-11-2024T11:29:40 - [TEST_STEP][PASSED] - click(findTestObject("Object Repository/Specific Cases Repository/LS/Home/Census/Census Sorting/Page_Home/th_Proj Discharge")): Object: 'Object Repository/Specific Cases Repository/LS/Home/Census/Census Sorting/Page_Home/th_Proj Discharge' is clicked on

15-11-2024T11:29:42 - [MESSAGE][PASSED] - Object: 'Object Repository/Specific Cases Repository/LS/Home/Census/Census Sorting/Page_Home/th_Proj Discharge' is clicked on

15-11-2024T11:29:42 - [TEST_STEP][PASSED] - click(findTestObject("Object Repository/Specific Cases Repository/LS/Home/Census/Census Sorting/Page_Home/th_Proj Discharge")): Object: 'Object Repository/Specific Cases Repository/LS/Home/Census/Census Sorting/Page_Home/th_Proj Discharge' is clicked on

15-11-2024T11:29:43 - [MESSAGE][PASSED] - Object: 'Object Repository/Specific Cases Repository/LS/Home/Census/Census Sorting/Page_Home/th_Proj Discharge' is clicked on

15-11-2024T11:29:43 - [TEST_STEP][PASSED] - click(findTestObject("Object Repository/Specific Cases Repository/LS/Home/Census/Census Sorting/Page_Home/th_Payor")): Object: 'Object Repository/Specific Cases Repository/LS/Home/Census/Census Sorting/Page_Home/th_Payor' is clicked on

15-11-2024T11:29:44 - [MESSAGE][PASSED] - Object: 'Object Repository/Specific Cases Repository/LS/Home/Census/Census Sorting/Page_Home/th_Payor' is clicked on

15-11-2024T11:29:44 - [TEST_STEP][PASSED] - click(findTestObject("Object Repository/Specific Cases Repository/LS/Home/Census/Census Sorting/Page_Home/th_Payor")): Object: 'Object Repository/Specific Cases Repository/LS/Home/Census/Census Sorting/Page_Home/th_Payor' is clicked on

15-11-2024T11:29:45 - [MESSAGE][PASSED] - Object: 'Object Repository/Specific Cases Repository/LS/Home/Census/Census Sorting/Page_Home/th_Payor' is clicked on

15-11-2024T11:29:45 - [TEST_STEP][PASSED] - click(findTestObject("Object Repository/Specific Cases Repository/LS/Home/Census/Census Sorting/Page_Home/th_Payor")): Object: 'Object Repository/Specific Cases Repository/LS/Home/Census/Census Sorting/Page_Home/th_Payor' is clicked on

15-11-2024T11:29:46 - [MESSAGE][PASSED] - Object: 'Object Repository/Specific Cases Repository/LS/Home/Census/Census Sorting/Page_Home/th_Payor' is clicked on

15-11-2024T11:29:46 - [TEST_STEP][PASSED] - closeBrowser(): Browser is closed

15-11-2024T11:29:47 - [MESSAGE][PASSED] - Browser is closed]]></system-out>
         <system-err><![CDATA[]]></system-err>
      </testcase>
      <testcase name="Test Cases/Specific Cases/LS/General/Census/Census/Census_Searching_and_Toggle_Columns" time="54.858" classname="Test Cases/Specific Cases/LS/General/Census/Census/Census_Searching_and_Toggle_Columns" status="PASSED">
         <system-out><![CDATA[15-11-2024T11:29:47 - [TEST_CASE][PASSED] - Test Cases/Specific Cases/LS/General/Census/Census/Census_Searching_and_Toggle_Columns: Test Cases/Specific Cases/LS/General/Census/Census/Census_Searching_and_Toggle_Columns

15-11-2024T11:29:47 - [TEST_STEP][PASSED] - callTestCase(findTestCase("Common Cases/Login"), [:], STOP_ON_FAILURE): Call Test Case 'Test Cases/Common Cases/Login' successfully

15-11-2024T11:29:47 - [TEST_CASE][PASSED] - Test Cases/Common Cases/Login: Test Cases/Common Cases/Login

15-11-2024T11:29:47 - [TEST_STEP][PASSED] - openBrowser(""): Browser is opened with url: ''

15-11-2024T11:29:47 - [MESSAGE][INFO] - Starting 'Chrome' driver

15-11-2024T11:29:47 - [MESSAGE][INFO] - Action delay is set to 0 milliseconds

15-11-2024T11:29:47 - [MESSAGE][PASSED] - Browser is opened with url: ''

15-11-2024T11:29:47 - [TEST_STEP][PASSED] - maximizeWindow(): Current window maximized

15-11-2024T11:29:47 - [MESSAGE][PASSED] - Current window maximized

15-11-2024T11:29:47 - [TEST_STEP][PASSED] - navigateToUrl("https://site17.lsapp.cloud/auth/login"): Navigate to 'https://site17.lsapp.cloud/auth/login' successfully

15-11-2024T11:29:49 - [MESSAGE][PASSED] - Navigate to 'https://site17.lsapp.cloud/auth/login' successfully

15-11-2024T11:29:49 - [TEST_STEP][PASSED] - setText(findTestObject("Object Repository/Common Cases Repository/Login/Page_Lightning Step/input_Email_email"), "automation@lightningstep.com"): Text 'automation@lightningstep.com' is set on object 'Object Repository/Common Cases Repository/Login/Page_Lightning Step/input_Email_email'

15-11-2024T11:29:50 - [MESSAGE][PASSED] - Text 'automation@lightningstep.com' is set on object 'Object Repository/Common Cases Repository/Login/Page_Lightning Step/input_Email_email'

15-11-2024T11:29:50 - [TEST_STEP][PASSED] - setEncryptedText(findTestObject("Object Repository/Common Cases Repository/Login/Page_Lightning Step/input_Password_password"), "e5N8VHmnhJDITtQaQhDQDw=="): Text ****** has been set on object 'Object Repository/Common Cases Repository/Login/Page_Lightning Step/input_Password_password'

15-11-2024T11:29:50 - [MESSAGE][PASSED] - Text ****** has been set on object 'Object Repository/Common Cases Repository/Login/Page_Lightning Step/input_Password_password'

15-11-2024T11:29:50 - [TEST_STEP][PASSED] - click(findTestObject("Object Repository/Common Cases Repository/Login/Page_Lightning Step/button_Sign in")): Object: 'Object Repository/Common Cases Repository/Login/Page_Lightning Step/button_Sign in' is clicked on

15-11-2024T11:29:58 - [MESSAGE][PASSED] - Object: 'Object Repository/Common Cases Repository/Login/Page_Lightning Step/button_Sign in' is clicked on

15-11-2024T11:29:58 - [MESSAGE][PASSED] - Call Test Case 'Test Cases/Common Cases/Login' successfully

15-11-2024T11:29:58 - [TEST_STEP][PASSED] - click(findTestObject("Object Repository/Specific Cases Repository/LS/Home/Census/Census_Filters/Page_Home/Page_Home/a_Census")): Object: 'Object Repository/Specific Cases Repository/LS/Home/Census/Census_Filters/Page_Home/Page_Home/a_Census' is clicked on

15-11-2024T11:29:58 - [MESSAGE][PASSED] - Object: 'Object Repository/Specific Cases Repository/LS/Home/Census/Census_Filters/Page_Home/Page_Home/a_Census' is clicked on

15-11-2024T11:29:58 - [TEST_STEP][PASSED] - click(findTestObject("Object Repository/Specific Cases Repository/LS/Home/Census/Census_Filters/Page_Home/Program_Filter/Page_Home/ul_All")): Object: 'Object Repository/Specific Cases Repository/LS/Home/Census/Census_Filters/Page_Home/Program_Filter/Page_Home/ul_All' is clicked on

15-11-2024T11:30:01 - [MESSAGE][PASSED] - Object: 'Object Repository/Specific Cases Repository/LS/Home/Census/Census_Filters/Page_Home/Program_Filter/Page_Home/ul_All' is clicked on

15-11-2024T11:30:01 - [TEST_STEP][PASSED] - setText(findTestObject("Object Repository/Specific Cases Repository/LS/Home/Census/Census_Filters/Page_Home/Program_Filter/Page_Home/input__select2-search__field"), "all"): Text 'all' is set on object 'Object Repository/Specific Cases Repository/LS/Home/Census/Census_Filters/Page_Home/Program_Filter/Page_Home/input__select2-search__field'

15-11-2024T11:30:02 - [MESSAGE][PASSED] - Text 'all' is set on object 'Object Repository/Specific Cases Repository/LS/Home/Census/Census_Filters/Page_Home/Program_Filter/Page_Home/input__select2-search__field'

15-11-2024T11:30:02 - [TEST_STEP][PASSED] - sendKeys(findTestObject("Object Repository/Specific Cases Repository/LS/Home/Census/Census_Filters/Page_Home/Program_Filter/Page_Home/input__select2-search__field"), Keys.chord(ENTER)): Keys 'ENTER + ' sent to object: 'Object Repository/Specific Cases Repository/LS/Home/Census/Census_Filters/Page_Home/Program_Filter/Page_Home/input__select2-search__field'

15-11-2024T11:30:02 - [MESSAGE][PASSED] - Keys 'ENTER + ' sent to object: 'Object Repository/Specific Cases Repository/LS/Home/Census/Census_Filters/Page_Home/Program_Filter/Page_Home/input__select2-search__field'

15-11-2024T11:30:02 - [TEST_STEP][PASSED] - click(findTestObject("Object Repository/Specific Cases Repository/LS/Home/Census/Census_Filters/Page_Home/Page_Home/ul_All")): Object: 'Object Repository/Specific Cases Repository/LS/Home/Census/Census_Filters/Page_Home/Page_Home/ul_All' is clicked on

15-11-2024T11:30:02 - [MESSAGE][PASSED] - Object: 'Object Repository/Specific Cases Repository/LS/Home/Census/Census_Filters/Page_Home/Page_Home/ul_All' is clicked on

15-11-2024T11:30:02 - [TEST_STEP][PASSED] - setText(findTestObject("Object Repository/Specific Cases Repository/LS/Home/Census/Census_Filters/Page_Home/Page_Home/Location Filter"), "all"): Text 'all' is set on object 'Object Repository/Specific Cases Repository/LS/Home/Census/Census_Filters/Page_Home/Page_Home/Location Filter'

15-11-2024T11:30:03 - [MESSAGE][PASSED] - Text 'all' is set on object 'Object Repository/Specific Cases Repository/LS/Home/Census/Census_Filters/Page_Home/Page_Home/Location Filter'

15-11-2024T11:30:03 - [TEST_STEP][PASSED] - sendKeys(findTestObject("Object Repository/Specific Cases Repository/LS/Home/Census/Census_Filters/Page_Home/Page_Home/Location Filter"), Keys.chord(ENTER)): Keys 'ENTER + ' sent to object: 'Object Repository/Specific Cases Repository/LS/Home/Census/Census_Filters/Page_Home/Page_Home/Location Filter'

15-11-2024T11:30:04 - [MESSAGE][PASSED] - Keys 'ENTER + ' sent to object: 'Object Repository/Specific Cases Repository/LS/Home/Census/Census_Filters/Page_Home/Page_Home/Location Filter'

15-11-2024T11:30:04 - [TEST_STEP][PASSED] - click(findTestObject("Object Repository/Specific Cases Repository/LS/Home/Census/Census_Searchin_and_Toggle_Columns/Page_Home/a_Census")): Object: 'Object Repository/Specific Cases Repository/LS/Home/Census/Census_Searchin_and_Toggle_Columns/Page_Home/a_Census' is clicked on

15-11-2024T11:30:04 - [MESSAGE][PASSED] - Object: 'Object Repository/Specific Cases Repository/LS/Home/Census/Census_Searchin_and_Toggle_Columns/Page_Home/a_Census' is clicked on

15-11-2024T11:30:04 - [TEST_STEP][PASSED] - click(findTestObject("Object Repository/Specific Cases Repository/LS/Home/Census/Census_Searchin_and_Toggle_Columns/Page_Home/label_Search")): Object: 'Object Repository/Specific Cases Repository/LS/Home/Census/Census_Searchin_and_Toggle_Columns/Page_Home/label_Search' is clicked on

15-11-2024T11:30:07 - [MESSAGE][PASSED] - Object: 'Object Repository/Specific Cases Repository/LS/Home/Census/Census_Searchin_and_Toggle_Columns/Page_Home/label_Search' is clicked on

15-11-2024T11:30:07 - [TEST_STEP][PASSED] - setText(findTestObject("Object Repository/Specific Cases Repository/LS/Home/Census/Census_Searchin_and_Toggle_Columns/Page_Home/input_Search_form-control input-sm"), "b a"): Text 'b a' is set on object 'Object Repository/Specific Cases Repository/LS/Home/Census/Census_Searchin_and_Toggle_Columns/Page_Home/input_Search_form-control input-sm'

15-11-2024T11:30:07 - [MESSAGE][PASSED] - Text 'b a' is set on object 'Object Repository/Specific Cases Repository/LS/Home/Census/Census_Searchin_and_Toggle_Columns/Page_Home/input_Search_form-control input-sm'

15-11-2024T11:30:07 - [TEST_STEP][PASSED] - verifyElementText(findTestObject("Object Repository/Specific Cases Repository/LS/Home/Census/Census_Searchin_and_Toggle_Columns/Page_Home/a_B Automation, B Client"), "B Automation, B Client"): Actual text and expected text of test object 'Object Repository/Specific Cases Repository/LS/Home/Census/Census_Searchin_and_Toggle_Columns/Page_Home/a_B Automation, B Client' are matched.

15-11-2024T11:30:07 - [MESSAGE][PASSED] - Actual text and expected text of test object 'Object Repository/Specific Cases Repository/LS/Home/Census/Census_Searchin_and_Toggle_Columns/Page_Home/a_B Automation, B Client' are matched.

15-11-2024T11:30:07 - [TEST_STEP][PASSED] - verifyElementNotPresent(findTestObject("Specific Cases Repository/LS/Home/Census/Census_Searchin_and_Toggle_Columns/Page_Home/A Client"), 0): Web element with id: 'Object Repository/Specific Cases Repository/LS/Home/Census/Census_Searchin_and_Toggle_Columns/Page_Home/A Client' located by 'By.xpath: //a[normalize-space()='A Automation, A Client']' is not present after '30' second(s)

15-11-2024T11:30:07 - [MESSAGE][WARNING] - Timeout '0' is invalid. Using default page load timeout: '30'

15-11-2024T11:30:09 - [MESSAGE][PASSED] - Web element with id: 'Object Repository/Specific Cases Repository/LS/Home/Census/Census_Searchin_and_Toggle_Columns/Page_Home/A Client' located by 'By.xpath: //a[normalize-space()='A Automation, A Client']' is not present after '30' second(s)

15-11-2024T11:30:09 - [TEST_STEP][PASSED] - setText(findTestObject("Object Repository/Specific Cases Repository/LS/Home/Census/Census_Searchin_and_Toggle_Columns/Page_Home/input_Search_form-control input-sm"), ""): Text '' is set on object 'Object Repository/Specific Cases Repository/LS/Home/Census/Census_Searchin_and_Toggle_Columns/Page_Home/input_Search_form-control input-sm'

15-11-2024T11:30:10 - [MESSAGE][PASSED] - Text '' is set on object 'Object Repository/Specific Cases Repository/LS/Home/Census/Census_Searchin_and_Toggle_Columns/Page_Home/input_Search_form-control input-sm'

15-11-2024T11:30:10 - [TEST_STEP][PASSED] - sendKeys(findTestObject("Specific Cases Repository/LS/Home/Census/Census_Searchin_and_Toggle_Columns/Page_Home/input_Search_form-control input-sm"), Keys.chord(ENTER)): Keys 'ENTER + ' sent to object: 'Object Repository/Specific Cases Repository/LS/Home/Census/Census_Searchin_and_Toggle_Columns/Page_Home/input_Search_form-control input-sm'

15-11-2024T11:30:10 - [MESSAGE][PASSED] - Keys 'ENTER + ' sent to object: 'Object Repository/Specific Cases Repository/LS/Home/Census/Census_Searchin_and_Toggle_Columns/Page_Home/input_Search_form-control input-sm'

15-11-2024T11:30:10 - [TEST_STEP][PASSED] - click(findTestObject("Object Repository/Specific Cases Repository/LS/Home/Census/Census_Searchin_and_Toggle_Columns/Page_Home/button_Toggle Column(s)")): Object: 'Object Repository/Specific Cases Repository/LS/Home/Census/Census_Searchin_and_Toggle_Columns/Page_Home/button_Toggle Column(s)' is clicked on

15-11-2024T11:30:10 - [MESSAGE][PASSED] - Object: 'Object Repository/Specific Cases Repository/LS/Home/Census/Census_Searchin_and_Toggle_Columns/Page_Home/button_Toggle Column(s)' is clicked on

15-11-2024T11:30:10 - [TEST_STEP][PASSED] - click(findTestObject("Object Repository/Specific Cases Repository/LS/Home/Census/Census_Searchin_and_Toggle_Columns/Page_Home/a_MRN")): Object: 'Object Repository/Specific Cases Repository/LS/Home/Census/Census_Searchin_and_Toggle_Columns/Page_Home/a_MRN' is clicked on

15-11-2024T11:30:11 - [MESSAGE][PASSED] - Object: 'Object Repository/Specific Cases Repository/LS/Home/Census/Census_Searchin_and_Toggle_Columns/Page_Home/a_MRN' is clicked on

15-11-2024T11:30:11 - [TEST_STEP][PASSED] - click(findTestObject("Object Repository/Specific Cases Repository/LS/Home/Census/Census_Searchin_and_Toggle_Columns/Page_Home/a_DOB")): Object: 'Object Repository/Specific Cases Repository/LS/Home/Census/Census_Searchin_and_Toggle_Columns/Page_Home/a_DOB' is clicked on

15-11-2024T11:30:12 - [MESSAGE][PASSED] - Object: 'Object Repository/Specific Cases Repository/LS/Home/Census/Census_Searchin_and_Toggle_Columns/Page_Home/a_DOB' is clicked on

15-11-2024T11:30:12 - [TEST_STEP][PASSED] - click(findTestObject("Object Repository/Specific Cases Repository/LS/Home/Census/Census_Searchin_and_Toggle_Columns/Page_Home/a_Admission")): Object: 'Object Repository/Specific Cases Repository/LS/Home/Census/Census_Searchin_and_Toggle_Columns/Page_Home/a_Admission' is clicked on

15-11-2024T11:30:13 - [MESSAGE][PASSED] - Object: 'Object Repository/Specific Cases Repository/LS/Home/Census/Census_Searchin_and_Toggle_Columns/Page_Home/a_Admission' is clicked on

15-11-2024T11:30:13 - [TEST_STEP][PASSED] - click(findTestObject("Object Repository/Specific Cases Repository/LS/Home/Census/Census_Searchin_and_Toggle_Columns/Page_Home/a_Program Admission")): Object: 'Object Repository/Specific Cases Repository/LS/Home/Census/Census_Searchin_and_Toggle_Columns/Page_Home/a_Program Admission' is clicked on

15-11-2024T11:30:13 - [MESSAGE][PASSED] - Object: 'Object Repository/Specific Cases Repository/LS/Home/Census/Census_Searchin_and_Toggle_Columns/Page_Home/a_Program Admission' is clicked on

15-11-2024T11:30:13 - [TEST_STEP][PASSED] - click(findTestObject("Object Repository/Specific Cases Repository/LS/Home/Census/Census_Searchin_and_Toggle_Columns/Page_Home/a_Program")): Object: 'Object Repository/Specific Cases Repository/LS/Home/Census/Census_Searchin_and_Toggle_Columns/Page_Home/a_Program' is clicked on

15-11-2024T11:30:14 - [MESSAGE][PASSED] - Object: 'Object Repository/Specific Cases Repository/LS/Home/Census/Census_Searchin_and_Toggle_Columns/Page_Home/a_Program' is clicked on

15-11-2024T11:30:14 - [TEST_STEP][PASSED] - click(findTestObject("Object Repository/Specific Cases Repository/LS/Home/Census/Census_Searchin_and_Toggle_Columns/Page_Home/a_Location")): Object: 'Object Repository/Specific Cases Repository/LS/Home/Census/Census_Searchin_and_Toggle_Columns/Page_Home/a_Location' is clicked on

15-11-2024T11:30:15 - [MESSAGE][PASSED] - Object: 'Object Repository/Specific Cases Repository/LS/Home/Census/Census_Searchin_and_Toggle_Columns/Page_Home/a_Location' is clicked on

15-11-2024T11:30:15 - [TEST_STEP][PASSED] - click(findTestObject("Object Repository/Specific Cases Repository/LS/Home/Census/Census_Searchin_and_Toggle_Columns/Page_Home/a_Primary Counselor")): Object: 'Object Repository/Specific Cases Repository/LS/Home/Census/Census_Searchin_and_Toggle_Columns/Page_Home/a_Primary Counselor' is clicked on

15-11-2024T11:30:15 - [MESSAGE][PASSED] - Object: 'Object Repository/Specific Cases Repository/LS/Home/Census/Census_Searchin_and_Toggle_Columns/Page_Home/a_Primary Counselor' is clicked on

15-11-2024T11:30:15 - [TEST_STEP][PASSED] - click(findTestObject("Object Repository/Specific Cases Repository/LS/Home/Census/Census_Searchin_and_Toggle_Columns/Page_Home/a_Unit - Room - Bed")): Object: 'Object Repository/Specific Cases Repository/LS/Home/Census/Census_Searchin_and_Toggle_Columns/Page_Home/a_Unit - Room - Bed' is clicked on

15-11-2024T11:30:16 - [MESSAGE][PASSED] - Object: 'Object Repository/Specific Cases Repository/LS/Home/Census/Census_Searchin_and_Toggle_Columns/Page_Home/a_Unit - Room - Bed' is clicked on

15-11-2024T11:30:16 - [TEST_STEP][PASSED] - click(findTestObject("Object Repository/Specific Cases Repository/LS/Home/Census/Census_Searchin_and_Toggle_Columns/Page_Home/a_Authorized To")): Object: 'Object Repository/Specific Cases Repository/LS/Home/Census/Census_Searchin_and_Toggle_Columns/Page_Home/a_Authorized To' is clicked on

15-11-2024T11:30:17 - [MESSAGE][PASSED] - Object: 'Object Repository/Specific Cases Repository/LS/Home/Census/Census_Searchin_and_Toggle_Columns/Page_Home/a_Authorized To' is clicked on

15-11-2024T11:30:17 - [TEST_STEP][PASSED] - click(findTestObject("Object Repository/Specific Cases Repository/LS/Home/Census/Census_Searchin_and_Toggle_Columns/Page_Home/a_Referral Source")): Object: 'Object Repository/Specific Cases Repository/LS/Home/Census/Census_Searchin_and_Toggle_Columns/Page_Home/a_Referral Source' is clicked on

15-11-2024T11:30:18 - [MESSAGE][PASSED] - Object: 'Object Repository/Specific Cases Repository/LS/Home/Census/Census_Searchin_and_Toggle_Columns/Page_Home/a_Referral Source' is clicked on

15-11-2024T11:30:18 - [TEST_STEP][PASSED] - click(findTestObject("Object Repository/Specific Cases Repository/LS/Home/Census/Census_Searchin_and_Toggle_Columns/Page_Home/a_Proj Discharge")): Object: 'Object Repository/Specific Cases Repository/LS/Home/Census/Census_Searchin_and_Toggle_Columns/Page_Home/a_Proj Discharge' is clicked on

15-11-2024T11:30:19 - [MESSAGE][PASSED] - Object: 'Object Repository/Specific Cases Repository/LS/Home/Census/Census_Searchin_and_Toggle_Columns/Page_Home/a_Proj Discharge' is clicked on

15-11-2024T11:30:19 - [TEST_STEP][PASSED] - click(findTestObject("Object Repository/Specific Cases Repository/LS/Home/Census/Census_Searchin_and_Toggle_Columns/Page_Home/a_Payor")): Object: 'Object Repository/Specific Cases Repository/LS/Home/Census/Census_Searchin_and_Toggle_Columns/Page_Home/a_Payor' is clicked on

15-11-2024T11:30:21 - [MESSAGE][PASSED] - Object: 'Object Repository/Specific Cases Repository/LS/Home/Census/Census_Searchin_and_Toggle_Columns/Page_Home/a_Payor' is clicked on

15-11-2024T11:30:21 - [TEST_STEP][PASSED] - verifyElementNotPresent(findTestObject("Object Repository/Specific Cases Repository/LS/Home/Census/Census_Searchin_and_Toggle_Columns/Page_Home/th_MRN"), 0): Web element with id: 'Object Repository/Specific Cases Repository/LS/Home/Census/Census_Searchin_and_Toggle_Columns/Page_Home/th_MRN' located by 'By.xpath: //th[@aria-label='MRN: activate to sort column ascending']' is not present after '30' second(s)

15-11-2024T11:30:21 - [MESSAGE][WARNING] - Timeout '0' is invalid. Using default page load timeout: '30'

15-11-2024T11:30:22 - [MESSAGE][PASSED] - Web element with id: 'Object Repository/Specific Cases Repository/LS/Home/Census/Census_Searchin_and_Toggle_Columns/Page_Home/th_MRN' located by 'By.xpath: //th[@aria-label='MRN: activate to sort column ascending']' is not present after '30' second(s)

15-11-2024T11:30:22 - [TEST_STEP][PASSED] - verifyElementNotPresent(findTestObject("Object Repository/Specific Cases Repository/LS/Home/Census/Census_Searchin_and_Toggle_Columns/Page_Home/th_DOB"), 0): Web element with id: 'Object Repository/Specific Cases Repository/LS/Home/Census/Census_Searchin_and_Toggle_Columns/Page_Home/th_DOB' located by 'By.xpath: //th[@aria-label='DOB: activate to sort column ascending']' is not present after '30' second(s)

15-11-2024T11:30:22 - [MESSAGE][WARNING] - Timeout '0' is invalid. Using default page load timeout: '30'

15-11-2024T11:30:22 - [MESSAGE][PASSED] - Web element with id: 'Object Repository/Specific Cases Repository/LS/Home/Census/Census_Searchin_and_Toggle_Columns/Page_Home/th_DOB' located by 'By.xpath: //th[@aria-label='DOB: activate to sort column ascending']' is not present after '30' second(s)

15-11-2024T11:30:22 - [TEST_STEP][PASSED] - verifyElementNotPresent(findTestObject("Object Repository/Specific Cases Repository/LS/Home/Census/Census_Searchin_and_Toggle_Columns/Page_Home/th_Admission"), 0): Web element with id: 'Object Repository/Specific Cases Repository/LS/Home/Census/Census_Searchin_and_Toggle_Columns/Page_Home/th_Admission' located by 'By.xpath: //th[@aria-label='Admission: activate to sort column ascending']' is not present after '30' second(s)

15-11-2024T11:30:22 - [MESSAGE][WARNING] - Timeout '0' is invalid. Using default page load timeout: '30'

15-11-2024T11:30:22 - [MESSAGE][PASSED] - Web element with id: 'Object Repository/Specific Cases Repository/LS/Home/Census/Census_Searchin_and_Toggle_Columns/Page_Home/th_Admission' located by 'By.xpath: //th[@aria-label='Admission: activate to sort column ascending']' is not present after '30' second(s)

15-11-2024T11:30:22 - [TEST_STEP][PASSED] - verifyElementNotPresent(findTestObject("Object Repository/Specific Cases Repository/LS/Home/Census/Census_Searchin_and_Toggle_Columns/Page_Home/th_Program Admission"), 0): Web element with id: 'Object Repository/Specific Cases Repository/LS/Home/Census/Census_Searchin_and_Toggle_Columns/Page_Home/th_Program Admission' located by 'By.xpath: //th[@aria-label='Program Admission: activate to sort column ascending']' is not present after '30' second(s)

15-11-2024T11:30:22 - [MESSAGE][WARNING] - Timeout '0' is invalid. Using default page load timeout: '30'

15-11-2024T11:30:22 - [MESSAGE][PASSED] - Web element with id: 'Object Repository/Specific Cases Repository/LS/Home/Census/Census_Searchin_and_Toggle_Columns/Page_Home/th_Program Admission' located by 'By.xpath: //th[@aria-label='Program Admission: activate to sort column ascending']' is not present after '30' second(s)

15-11-2024T11:30:22 - [TEST_STEP][PASSED] - verifyElementNotPresent(findTestObject("Object Repository/Specific Cases Repository/LS/Home/Census/Census_Searchin_and_Toggle_Columns/Page_Home/th_Program"), 0): Web element with id: 'Object Repository/Specific Cases Repository/LS/Home/Census/Census_Searchin_and_Toggle_Columns/Page_Home/th_Program' located by 'By.xpath: //th[@aria-label='Program: activate to sort column ascending']' is not present after '30' second(s)

15-11-2024T11:30:22 - [MESSAGE][WARNING] - Timeout '0' is invalid. Using default page load timeout: '30'

15-11-2024T11:30:23 - [MESSAGE][PASSED] - Web element with id: 'Object Repository/Specific Cases Repository/LS/Home/Census/Census_Searchin_and_Toggle_Columns/Page_Home/th_Program' located by 'By.xpath: //th[@aria-label='Program: activate to sort column ascending']' is not present after '30' second(s)

15-11-2024T11:30:23 - [TEST_STEP][PASSED] - verifyElementNotPresent(findTestObject("Object Repository/Specific Cases Repository/LS/Home/Census/Census_Searchin_and_Toggle_Columns/Page_Home/th_Location"), 0): Web element with id: 'Object Repository/Specific Cases Repository/LS/Home/Census/Census_Searchin_and_Toggle_Columns/Page_Home/th_Location' located by 'By.xpath: //th[@aria-label='Location: activate to sort column ascending']' is not present after '30' second(s)

15-11-2024T11:30:23 - [MESSAGE][WARNING] - Timeout '0' is invalid. Using default page load timeout: '30'

15-11-2024T11:30:23 - [MESSAGE][PASSED] - Web element with id: 'Object Repository/Specific Cases Repository/LS/Home/Census/Census_Searchin_and_Toggle_Columns/Page_Home/th_Location' located by 'By.xpath: //th[@aria-label='Location: activate to sort column ascending']' is not present after '30' second(s)

15-11-2024T11:30:23 - [TEST_STEP][PASSED] - verifyElementNotPresent(findTestObject("Object Repository/Specific Cases Repository/LS/Home/Census/Census_Searchin_and_Toggle_Columns/Page_Home/th_Primary Counselor"), 0): Web element with id: 'Object Repository/Specific Cases Repository/LS/Home/Census/Census_Searchin_and_Toggle_Columns/Page_Home/th_Primary Counselor' located by 'By.xpath: //th[@aria-label='Primary Counselor: activate to sort column ascending']' is not present after '30' second(s)

15-11-2024T11:30:23 - [MESSAGE][WARNING] - Timeout '0' is invalid. Using default page load timeout: '30'

15-11-2024T11:30:23 - [MESSAGE][PASSED] - Web element with id: 'Object Repository/Specific Cases Repository/LS/Home/Census/Census_Searchin_and_Toggle_Columns/Page_Home/th_Primary Counselor' located by 'By.xpath: //th[@aria-label='Primary Counselor: activate to sort column ascending']' is not present after '30' second(s)

15-11-2024T11:30:23 - [TEST_STEP][PASSED] - verifyElementNotPresent(findTestObject("Object Repository/Specific Cases Repository/LS/Home/Census/Census_Searchin_and_Toggle_Columns/Page_Home/th_Unit - Room - Bed"), 0): Web element with id: 'Object Repository/Specific Cases Repository/LS/Home/Census/Census_Searchin_and_Toggle_Columns/Page_Home/th_Unit - Room - Bed' located by 'By.xpath: //th[@aria-label='Unit - Room - Bed: activate to sort column ascending']' is not present after '30' second(s)

15-11-2024T11:30:23 - [MESSAGE][WARNING] - Timeout '0' is invalid. Using default page load timeout: '30'

15-11-2024T11:30:23 - [MESSAGE][PASSED] - Web element with id: 'Object Repository/Specific Cases Repository/LS/Home/Census/Census_Searchin_and_Toggle_Columns/Page_Home/th_Unit - Room - Bed' located by 'By.xpath: //th[@aria-label='Unit - Room - Bed: activate to sort column ascending']' is not present after '30' second(s)

15-11-2024T11:30:23 - [TEST_STEP][PASSED] - verifyElementNotPresent(findTestObject("Object Repository/Specific Cases Repository/LS/Home/Census/Census_Searchin_and_Toggle_Columns/Page_Home/th_Authorized To"), 0): Web element with id: 'Object Repository/Specific Cases Repository/LS/Home/Census/Census_Searchin_and_Toggle_Columns/Page_Home/th_Authorized To' located by 'By.xpath: //th[@aria-label='Authorized To: activate to sort column ascending']' is not present after '30' second(s)

15-11-2024T11:30:23 - [MESSAGE][WARNING] - Timeout '0' is invalid. Using default page load timeout: '30'

15-11-2024T11:30:24 - [MESSAGE][PASSED] - Web element with id: 'Object Repository/Specific Cases Repository/LS/Home/Census/Census_Searchin_and_Toggle_Columns/Page_Home/th_Authorized To' located by 'By.xpath: //th[@aria-label='Authorized To: activate to sort column ascending']' is not present after '30' second(s)

15-11-2024T11:30:24 - [TEST_STEP][PASSED] - verifyElementNotPresent(findTestObject("Object Repository/Specific Cases Repository/LS/Home/Census/Census_Searchin_and_Toggle_Columns/Page_Home/th_Referral Source"), 0): Web element with id: 'Object Repository/Specific Cases Repository/LS/Home/Census/Census_Searchin_and_Toggle_Columns/Page_Home/th_Referral Source' located by 'By.xpath: //th[@aria-label='Referral Source: activate to sort column ascending']' is not present after '30' second(s)

15-11-2024T11:30:24 - [MESSAGE][WARNING] - Timeout '0' is invalid. Using default page load timeout: '30'

15-11-2024T11:30:24 - [MESSAGE][PASSED] - Web element with id: 'Object Repository/Specific Cases Repository/LS/Home/Census/Census_Searchin_and_Toggle_Columns/Page_Home/th_Referral Source' located by 'By.xpath: //th[@aria-label='Referral Source: activate to sort column ascending']' is not present after '30' second(s)

15-11-2024T11:30:24 - [TEST_STEP][PASSED] - verifyElementNotPresent(findTestObject("Object Repository/Specific Cases Repository/LS/Home/Census/Census_Searchin_and_Toggle_Columns/Page_Home/th_Proj Discharge"), 0): Web element with id: 'Object Repository/Specific Cases Repository/LS/Home/Census/Census_Searchin_and_Toggle_Columns/Page_Home/th_Proj Discharge' located by 'By.xpath: //th[@aria-label='Proj Discharge: activate to sort column ascending']' is not present after '30' second(s)

15-11-2024T11:30:24 - [MESSAGE][WARNING] - Timeout '0' is invalid. Using default page load timeout: '30'

15-11-2024T11:30:24 - [MESSAGE][PASSED] - Web element with id: 'Object Repository/Specific Cases Repository/LS/Home/Census/Census_Searchin_and_Toggle_Columns/Page_Home/th_Proj Discharge' located by 'By.xpath: //th[@aria-label='Proj Discharge: activate to sort column ascending']' is not present after '30' second(s)

15-11-2024T11:30:24 - [TEST_STEP][PASSED] - verifyElementNotPresent(findTestObject("Object Repository/Specific Cases Repository/LS/Home/Census/Census_Searchin_and_Toggle_Columns/Page_Home/th_Payor"), 0): Web element with id: 'Object Repository/Specific Cases Repository/LS/Home/Census/Census_Searchin_and_Toggle_Columns/Page_Home/th_Payor' located by 'By.xpath: //th[@aria-label='Payor: activate to sort column ascending']' is not present after '30' second(s)

15-11-2024T11:30:24 - [MESSAGE][WARNING] - Timeout '0' is invalid. Using default page load timeout: '30'

15-11-2024T11:30:25 - [MESSAGE][PASSED] - Web element with id: 'Object Repository/Specific Cases Repository/LS/Home/Census/Census_Searchin_and_Toggle_Columns/Page_Home/th_Payor' located by 'By.xpath: //th[@aria-label='Payor: activate to sort column ascending']' is not present after '30' second(s)

15-11-2024T11:30:25 - [TEST_STEP][PASSED] - click(findTestObject("Object Repository/Specific Cases Repository/LS/Home/Census/Census_Searchin_and_Toggle_Columns/Page_Home/label_Search")): Object: 'Object Repository/Specific Cases Repository/LS/Home/Census/Census_Searchin_and_Toggle_Columns/Page_Home/label_Search' is clicked on

15-11-2024T11:30:25 - [MESSAGE][PASSED] - Object: 'Object Repository/Specific Cases Repository/LS/Home/Census/Census_Searchin_and_Toggle_Columns/Page_Home/label_Search' is clicked on

15-11-2024T11:30:25 - [TEST_STEP][PASSED] - setText(findTestObject("Object Repository/Specific Cases Repository/LS/Home/Census/Census_Searchin_and_Toggle_Columns/Page_Home/input_Search_form-control input-sm"), "b"): Text 'b' is set on object 'Object Repository/Specific Cases Repository/LS/Home/Census/Census_Searchin_and_Toggle_Columns/Page_Home/input_Search_form-control input-sm'

15-11-2024T11:30:25 - [MESSAGE][PASSED] - Text 'b' is set on object 'Object Repository/Specific Cases Repository/LS/Home/Census/Census_Searchin_and_Toggle_Columns/Page_Home/input_Search_form-control input-sm'

15-11-2024T11:30:25 - [TEST_STEP][PASSED] - verifyElementText(findTestObject("Object Repository/Specific Cases Repository/LS/Home/Census/Census_Searchin_and_Toggle_Columns/Page_Home/a_B Automation, B Client"), "B Automation, B Client"): Actual text and expected text of test object 'Object Repository/Specific Cases Repository/LS/Home/Census/Census_Searchin_and_Toggle_Columns/Page_Home/a_B Automation, B Client' are matched.

15-11-2024T11:30:26 - [MESSAGE][PASSED] - Actual text and expected text of test object 'Object Repository/Specific Cases Repository/LS/Home/Census/Census_Searchin_and_Toggle_Columns/Page_Home/a_B Automation, B Client' are matched.

15-11-2024T11:30:26 - [TEST_STEP][PASSED] - verifyElementNotPresent(findTestObject("Specific Cases Repository/LS/Home/Census/Census_Searchin_and_Toggle_Columns/Page_Home/A Client"), 0): Web element with id: 'Object Repository/Specific Cases Repository/LS/Home/Census/Census_Searchin_and_Toggle_Columns/Page_Home/A Client' located by 'By.xpath: //a[normalize-space()='A Automation, A Client']' is not present after '30' second(s)

15-11-2024T11:30:26 - [MESSAGE][WARNING] - Timeout '0' is invalid. Using default page load timeout: '30'

15-11-2024T11:30:28 - [MESSAGE][PASSED] - Web element with id: 'Object Repository/Specific Cases Repository/LS/Home/Census/Census_Searchin_and_Toggle_Columns/Page_Home/A Client' located by 'By.xpath: //a[normalize-space()='A Automation, A Client']' is not present after '30' second(s)

15-11-2024T11:30:28 - [TEST_STEP][PASSED] - setText(findTestObject("Object Repository/Specific Cases Repository/LS/Home/Census/Census_Searchin_and_Toggle_Columns/Page_Home/input_Search_form-control input-sm"), ""): Text '' is set on object 'Object Repository/Specific Cases Repository/LS/Home/Census/Census_Searchin_and_Toggle_Columns/Page_Home/input_Search_form-control input-sm'

15-11-2024T11:30:28 - [MESSAGE][PASSED] - Text '' is set on object 'Object Repository/Specific Cases Repository/LS/Home/Census/Census_Searchin_and_Toggle_Columns/Page_Home/input_Search_form-control input-sm'

15-11-2024T11:30:28 - [TEST_STEP][PASSED] - click(findTestObject("Object Repository/Specific Cases Repository/LS/Home/Census/Census_Searchin_and_Toggle_Columns/Page_Home/button_Toggle Column(s)")): Object: 'Object Repository/Specific Cases Repository/LS/Home/Census/Census_Searchin_and_Toggle_Columns/Page_Home/button_Toggle Column(s)' is clicked on

15-11-2024T11:30:29 - [MESSAGE][PASSED] - Object: 'Object Repository/Specific Cases Repository/LS/Home/Census/Census_Searchin_and_Toggle_Columns/Page_Home/button_Toggle Column(s)' is clicked on

15-11-2024T11:30:29 - [TEST_STEP][PASSED] - click(findTestObject("Object Repository/Specific Cases Repository/LS/Home/Census/Census_Searchin_and_Toggle_Columns/Page_Home/a_MRN")): Object: 'Object Repository/Specific Cases Repository/LS/Home/Census/Census_Searchin_and_Toggle_Columns/Page_Home/a_MRN' is clicked on

15-11-2024T11:30:29 - [MESSAGE][PASSED] - Object: 'Object Repository/Specific Cases Repository/LS/Home/Census/Census_Searchin_and_Toggle_Columns/Page_Home/a_MRN' is clicked on

15-11-2024T11:30:29 - [TEST_STEP][PASSED] - click(findTestObject("Object Repository/Specific Cases Repository/LS/Home/Census/Census_Searchin_and_Toggle_Columns/Page_Home/a_DOB")): Object: 'Object Repository/Specific Cases Repository/LS/Home/Census/Census_Searchin_and_Toggle_Columns/Page_Home/a_DOB' is clicked on

15-11-2024T11:30:30 - [MESSAGE][PASSED] - Object: 'Object Repository/Specific Cases Repository/LS/Home/Census/Census_Searchin_and_Toggle_Columns/Page_Home/a_DOB' is clicked on

15-11-2024T11:30:30 - [TEST_STEP][PASSED] - click(findTestObject("Object Repository/Specific Cases Repository/LS/Home/Census/Census_Searchin_and_Toggle_Columns/Page_Home/a_Admission")): Object: 'Object Repository/Specific Cases Repository/LS/Home/Census/Census_Searchin_and_Toggle_Columns/Page_Home/a_Admission' is clicked on

15-11-2024T11:30:30 - [MESSAGE][PASSED] - Object: 'Object Repository/Specific Cases Repository/LS/Home/Census/Census_Searchin_and_Toggle_Columns/Page_Home/a_Admission' is clicked on

15-11-2024T11:30:30 - [TEST_STEP][PASSED] - click(findTestObject("Object Repository/Specific Cases Repository/LS/Home/Census/Census_Searchin_and_Toggle_Columns/Page_Home/a_Program Admission")): Object: 'Object Repository/Specific Cases Repository/LS/Home/Census/Census_Searchin_and_Toggle_Columns/Page_Home/a_Program Admission' is clicked on

15-11-2024T11:30:31 - [MESSAGE][PASSED] - Object: 'Object Repository/Specific Cases Repository/LS/Home/Census/Census_Searchin_and_Toggle_Columns/Page_Home/a_Program Admission' is clicked on

15-11-2024T11:30:31 - [TEST_STEP][PASSED] - click(findTestObject("Object Repository/Specific Cases Repository/LS/Home/Census/Census_Searchin_and_Toggle_Columns/Page_Home/a_Program")): Object: 'Object Repository/Specific Cases Repository/LS/Home/Census/Census_Searchin_and_Toggle_Columns/Page_Home/a_Program' is clicked on

15-11-2024T11:30:32 - [MESSAGE][PASSED] - Object: 'Object Repository/Specific Cases Repository/LS/Home/Census/Census_Searchin_and_Toggle_Columns/Page_Home/a_Program' is clicked on

15-11-2024T11:30:32 - [TEST_STEP][PASSED] - click(findTestObject("Object Repository/Specific Cases Repository/LS/Home/Census/Census_Searchin_and_Toggle_Columns/Page_Home/a_Location")): Object: 'Object Repository/Specific Cases Repository/LS/Home/Census/Census_Searchin_and_Toggle_Columns/Page_Home/a_Location' is clicked on

15-11-2024T11:30:32 - [MESSAGE][PASSED] - Object: 'Object Repository/Specific Cases Repository/LS/Home/Census/Census_Searchin_and_Toggle_Columns/Page_Home/a_Location' is clicked on

15-11-2024T11:30:32 - [TEST_STEP][PASSED] - click(findTestObject("Object Repository/Specific Cases Repository/LS/Home/Census/Census_Searchin_and_Toggle_Columns/Page_Home/a_Primary Counselor")): Object: 'Object Repository/Specific Cases Repository/LS/Home/Census/Census_Searchin_and_Toggle_Columns/Page_Home/a_Primary Counselor' is clicked on

15-11-2024T11:30:33 - [MESSAGE][PASSED] - Object: 'Object Repository/Specific Cases Repository/LS/Home/Census/Census_Searchin_and_Toggle_Columns/Page_Home/a_Primary Counselor' is clicked on

15-11-2024T11:30:33 - [TEST_STEP][PASSED] - click(findTestObject("Object Repository/Specific Cases Repository/LS/Home/Census/Census_Searchin_and_Toggle_Columns/Page_Home/a_Unit - Room - Bed")): Object: 'Object Repository/Specific Cases Repository/LS/Home/Census/Census_Searchin_and_Toggle_Columns/Page_Home/a_Unit - Room - Bed' is clicked on

15-11-2024T11:30:34 - [MESSAGE][PASSED] - Object: 'Object Repository/Specific Cases Repository/LS/Home/Census/Census_Searchin_and_Toggle_Columns/Page_Home/a_Unit - Room - Bed' is clicked on

15-11-2024T11:30:34 - [TEST_STEP][PASSED] - click(findTestObject("Object Repository/Specific Cases Repository/LS/Home/Census/Census_Searchin_and_Toggle_Columns/Page_Home/a_Authorized To")): Object: 'Object Repository/Specific Cases Repository/LS/Home/Census/Census_Searchin_and_Toggle_Columns/Page_Home/a_Authorized To' is clicked on

15-11-2024T11:30:34 - [MESSAGE][PASSED] - Object: 'Object Repository/Specific Cases Repository/LS/Home/Census/Census_Searchin_and_Toggle_Columns/Page_Home/a_Authorized To' is clicked on

15-11-2024T11:30:34 - [TEST_STEP][PASSED] - click(findTestObject("Object Repository/Specific Cases Repository/LS/Home/Census/Census_Searchin_and_Toggle_Columns/Page_Home/a_Referral Source")): Object: 'Object Repository/Specific Cases Repository/LS/Home/Census/Census_Searchin_and_Toggle_Columns/Page_Home/a_Referral Source' is clicked on

15-11-2024T11:30:35 - [MESSAGE][PASSED] - Object: 'Object Repository/Specific Cases Repository/LS/Home/Census/Census_Searchin_and_Toggle_Columns/Page_Home/a_Referral Source' is clicked on

15-11-2024T11:30:35 - [TEST_STEP][PASSED] - click(findTestObject("Object Repository/Specific Cases Repository/LS/Home/Census/Census_Searchin_and_Toggle_Columns/Page_Home/a_Proj Discharge")): Object: 'Object Repository/Specific Cases Repository/LS/Home/Census/Census_Searchin_and_Toggle_Columns/Page_Home/a_Proj Discharge' is clicked on

15-11-2024T11:30:36 - [MESSAGE][PASSED] - Object: 'Object Repository/Specific Cases Repository/LS/Home/Census/Census_Searchin_and_Toggle_Columns/Page_Home/a_Proj Discharge' is clicked on

15-11-2024T11:30:36 - [TEST_STEP][PASSED] - click(findTestObject("Object Repository/Specific Cases Repository/LS/Home/Census/Census_Searchin_and_Toggle_Columns/Page_Home/a_Payor")): Object: 'Object Repository/Specific Cases Repository/LS/Home/Census/Census_Searchin_and_Toggle_Columns/Page_Home/a_Payor' is clicked on

15-11-2024T11:30:37 - [MESSAGE][PASSED] - Object: 'Object Repository/Specific Cases Repository/LS/Home/Census/Census_Searchin_and_Toggle_Columns/Page_Home/a_Payor' is clicked on

15-11-2024T11:30:37 - [TEST_STEP][PASSED] - verifyElementPresent(findTestObject("Object Repository/Specific Cases Repository/LS/Home/Census/Census_Searchin_and_Toggle_Columns/Page_Home/th_MRN"), 0): Object 'Object Repository/Specific Cases Repository/LS/Home/Census/Census_Searchin_and_Toggle_Columns/Page_Home/th_MRN' is present

15-11-2024T11:30:37 - [MESSAGE][WARNING] - Timeout '0' is invalid. Using default page load timeout: '30'

15-11-2024T11:30:37 - [MESSAGE][PASSED] - Object 'Object Repository/Specific Cases Repository/LS/Home/Census/Census_Searchin_and_Toggle_Columns/Page_Home/th_MRN' is present

15-11-2024T11:30:37 - [TEST_STEP][PASSED] - verifyElementPresent(findTestObject("Object Repository/Specific Cases Repository/LS/Home/Census/Census_Searchin_and_Toggle_Columns/Page_Home/th_DOB"), 0): Object 'Object Repository/Specific Cases Repository/LS/Home/Census/Census_Searchin_and_Toggle_Columns/Page_Home/th_DOB' is present

15-11-2024T11:30:37 - [MESSAGE][WARNING] - Timeout '0' is invalid. Using default page load timeout: '30'

15-11-2024T11:30:38 - [MESSAGE][PASSED] - Object 'Object Repository/Specific Cases Repository/LS/Home/Census/Census_Searchin_and_Toggle_Columns/Page_Home/th_DOB' is present

15-11-2024T11:30:38 - [TEST_STEP][PASSED] - verifyElementPresent(findTestObject("Object Repository/Specific Cases Repository/LS/Home/Census/Census_Searchin_and_Toggle_Columns/Page_Home/th_Admission"), 0): Object 'Object Repository/Specific Cases Repository/LS/Home/Census/Census_Searchin_and_Toggle_Columns/Page_Home/th_Admission' is present

15-11-2024T11:30:38 - [MESSAGE][WARNING] - Timeout '0' is invalid. Using default page load timeout: '30'

15-11-2024T11:30:38 - [MESSAGE][PASSED] - Object 'Object Repository/Specific Cases Repository/LS/Home/Census/Census_Searchin_and_Toggle_Columns/Page_Home/th_Admission' is present

15-11-2024T11:30:38 - [TEST_STEP][PASSED] - verifyElementPresent(findTestObject("Object Repository/Specific Cases Repository/LS/Home/Census/Census_Searchin_and_Toggle_Columns/Page_Home/th_Program Admission"), 0): Object 'Object Repository/Specific Cases Repository/LS/Home/Census/Census_Searchin_and_Toggle_Columns/Page_Home/th_Program Admission' is present

15-11-2024T11:30:38 - [MESSAGE][WARNING] - Timeout '0' is invalid. Using default page load timeout: '30'

15-11-2024T11:30:38 - [MESSAGE][PASSED] - Object 'Object Repository/Specific Cases Repository/LS/Home/Census/Census_Searchin_and_Toggle_Columns/Page_Home/th_Program Admission' is present

15-11-2024T11:30:38 - [TEST_STEP][PASSED] - verifyElementPresent(findTestObject("Object Repository/Specific Cases Repository/LS/Home/Census/Census_Searchin_and_Toggle_Columns/Page_Home/th_Program"), 0): Object 'Object Repository/Specific Cases Repository/LS/Home/Census/Census_Searchin_and_Toggle_Columns/Page_Home/th_Program' is present

15-11-2024T11:30:38 - [MESSAGE][WARNING] - Timeout '0' is invalid. Using default page load timeout: '30'

15-11-2024T11:30:39 - [MESSAGE][PASSED] - Object 'Object Repository/Specific Cases Repository/LS/Home/Census/Census_Searchin_and_Toggle_Columns/Page_Home/th_Program' is present

15-11-2024T11:30:39 - [TEST_STEP][PASSED] - verifyElementPresent(findTestObject("Object Repository/Specific Cases Repository/LS/Home/Census/Census_Searchin_and_Toggle_Columns/Page_Home/th_Location"), 0): Object 'Object Repository/Specific Cases Repository/LS/Home/Census/Census_Searchin_and_Toggle_Columns/Page_Home/th_Location' is present

15-11-2024T11:30:39 - [MESSAGE][WARNING] - Timeout '0' is invalid. Using default page load timeout: '30'

15-11-2024T11:30:39 - [MESSAGE][PASSED] - Object 'Object Repository/Specific Cases Repository/LS/Home/Census/Census_Searchin_and_Toggle_Columns/Page_Home/th_Location' is present

15-11-2024T11:30:39 - [TEST_STEP][PASSED] - verifyElementPresent(findTestObject("Object Repository/Specific Cases Repository/LS/Home/Census/Census_Searchin_and_Toggle_Columns/Page_Home/th_Primary Counselor"), 0): Object 'Object Repository/Specific Cases Repository/LS/Home/Census/Census_Searchin_and_Toggle_Columns/Page_Home/th_Primary Counselor' is present

15-11-2024T11:30:39 - [MESSAGE][WARNING] - Timeout '0' is invalid. Using default page load timeout: '30'

15-11-2024T11:30:39 - [MESSAGE][PASSED] - Object 'Object Repository/Specific Cases Repository/LS/Home/Census/Census_Searchin_and_Toggle_Columns/Page_Home/th_Primary Counselor' is present

15-11-2024T11:30:39 - [TEST_STEP][PASSED] - verifyElementPresent(findTestObject("Object Repository/Specific Cases Repository/LS/Home/Census/Census_Searchin_and_Toggle_Columns/Page_Home/th_Unit - Room - Bed"), 0): Object 'Object Repository/Specific Cases Repository/LS/Home/Census/Census_Searchin_and_Toggle_Columns/Page_Home/th_Unit - Room - Bed' is present

15-11-2024T11:30:39 - [MESSAGE][WARNING] - Timeout '0' is invalid. Using default page load timeout: '30'

15-11-2024T11:30:39 - [MESSAGE][PASSED] - Object 'Object Repository/Specific Cases Repository/LS/Home/Census/Census_Searchin_and_Toggle_Columns/Page_Home/th_Unit - Room - Bed' is present

15-11-2024T11:30:39 - [TEST_STEP][PASSED] - verifyElementPresent(findTestObject("Object Repository/Specific Cases Repository/LS/Home/Census/Census_Searchin_and_Toggle_Columns/Page_Home/th_Authorized To"), 0): Object 'Object Repository/Specific Cases Repository/LS/Home/Census/Census_Searchin_and_Toggle_Columns/Page_Home/th_Authorized To' is present

15-11-2024T11:30:39 - [MESSAGE][WARNING] - Timeout '0' is invalid. Using default page load timeout: '30'

15-11-2024T11:30:40 - [MESSAGE][PASSED] - Object 'Object Repository/Specific Cases Repository/LS/Home/Census/Census_Searchin_and_Toggle_Columns/Page_Home/th_Authorized To' is present

15-11-2024T11:30:40 - [TEST_STEP][PASSED] - verifyElementPresent(findTestObject("Object Repository/Specific Cases Repository/LS/Home/Census/Census_Searchin_and_Toggle_Columns/Page_Home/th_Referral Source"), 0): Object 'Object Repository/Specific Cases Repository/LS/Home/Census/Census_Searchin_and_Toggle_Columns/Page_Home/th_Referral Source' is present

15-11-2024T11:30:40 - [MESSAGE][WARNING] - Timeout '0' is invalid. Using default page load timeout: '30'

15-11-2024T11:30:40 - [MESSAGE][PASSED] - Object 'Object Repository/Specific Cases Repository/LS/Home/Census/Census_Searchin_and_Toggle_Columns/Page_Home/th_Referral Source' is present

15-11-2024T11:30:40 - [TEST_STEP][PASSED] - verifyElementPresent(findTestObject("Object Repository/Specific Cases Repository/LS/Home/Census/Census_Searchin_and_Toggle_Columns/Page_Home/th_Proj Discharge"), 0): Object 'Object Repository/Specific Cases Repository/LS/Home/Census/Census_Searchin_and_Toggle_Columns/Page_Home/th_Proj Discharge' is present

15-11-2024T11:30:40 - [MESSAGE][WARNING] - Timeout '0' is invalid. Using default page load timeout: '30'

15-11-2024T11:30:40 - [MESSAGE][PASSED] - Object 'Object Repository/Specific Cases Repository/LS/Home/Census/Census_Searchin_and_Toggle_Columns/Page_Home/th_Proj Discharge' is present

15-11-2024T11:30:40 - [TEST_STEP][PASSED] - click(findTestObject("Object Repository/Specific Cases Repository/LS/Home/Census/Census_Searchin_and_Toggle_Columns/Page_Home/label_Search")): Object: 'Object Repository/Specific Cases Repository/LS/Home/Census/Census_Searchin_and_Toggle_Columns/Page_Home/label_Search' is clicked on

15-11-2024T11:30:40 - [MESSAGE][PASSED] - Object: 'Object Repository/Specific Cases Repository/LS/Home/Census/Census_Searchin_and_Toggle_Columns/Page_Home/label_Search' is clicked on

15-11-2024T11:30:40 - [TEST_STEP][PASSED] - setText(findTestObject("Object Repository/Specific Cases Repository/LS/Home/Census/Census_Searchin_and_Toggle_Columns/Page_Home/input_Search_form-control input-sm"), "b"): Text 'b' is set on object 'Object Repository/Specific Cases Repository/LS/Home/Census/Census_Searchin_and_Toggle_Columns/Page_Home/input_Search_form-control input-sm'

15-11-2024T11:30:41 - [MESSAGE][PASSED] - Text 'b' is set on object 'Object Repository/Specific Cases Repository/LS/Home/Census/Census_Searchin_and_Toggle_Columns/Page_Home/input_Search_form-control input-sm'

15-11-2024T11:30:41 - [TEST_STEP][PASSED] - verifyElementText(findTestObject("Object Repository/Specific Cases Repository/LS/Home/Census/Census_Searchin_and_Toggle_Columns/Page_Home/a_B Automation, B Client"), "B Automation, B Client"): Actual text and expected text of test object 'Object Repository/Specific Cases Repository/LS/Home/Census/Census_Searchin_and_Toggle_Columns/Page_Home/a_B Automation, B Client' are matched.

15-11-2024T11:30:41 - [MESSAGE][PASSED] - Actual text and expected text of test object 'Object Repository/Specific Cases Repository/LS/Home/Census/Census_Searchin_and_Toggle_Columns/Page_Home/a_B Automation, B Client' are matched.

15-11-2024T11:30:41 - [TEST_STEP][PASSED] - closeBrowser(): Browser is closed

15-11-2024T11:30:41 - [MESSAGE][PASSED] - Browser is closed]]></system-out>
         <system-err><![CDATA[]]></system-err>
      </testcase>
      <testcase name="Test Cases/Specific Cases/LS/General/Census/Census/Census_forward_back_functions" time="34.093" classname="Test Cases/Specific Cases/LS/General/Census/Census/Census_forward_back_functions" status="PASSED">
         <system-out><![CDATA[15-11-2024T11:30:41 - [TEST_CASE][PASSED] - Test Cases/Specific Cases/LS/General/Census/Census/Census_forward_back_functions: Test Cases/Specific Cases/LS/General/Census/Census/Census_forward_back_functions

15-11-2024T11:30:41 - [TEST_STEP][PASSED] - callTestCase(findTestCase("Common Cases/Login"), [:], STOP_ON_FAILURE): Call Test Case 'Test Cases/Common Cases/Login' successfully

15-11-2024T11:30:42 - [TEST_CASE][PASSED] - Test Cases/Common Cases/Login: Test Cases/Common Cases/Login

15-11-2024T11:30:42 - [TEST_STEP][PASSED] - openBrowser(""): Browser is opened with url: ''

15-11-2024T11:30:42 - [MESSAGE][INFO] - Starting 'Chrome' driver

15-11-2024T11:30:42 - [MESSAGE][INFO] - Action delay is set to 0 milliseconds

15-11-2024T11:30:42 - [MESSAGE][PASSED] - Browser is opened with url: ''

15-11-2024T11:30:42 - [TEST_STEP][PASSED] - maximizeWindow(): Current window maximized

15-11-2024T11:30:42 - [MESSAGE][PASSED] - Current window maximized

15-11-2024T11:30:42 - [TEST_STEP][PASSED] - navigateToUrl("https://site17.lsapp.cloud/auth/login"): Navigate to 'https://site17.lsapp.cloud/auth/login' successfully

15-11-2024T11:30:44 - [MESSAGE][PASSED] - Navigate to 'https://site17.lsapp.cloud/auth/login' successfully

15-11-2024T11:30:44 - [TEST_STEP][PASSED] - setText(findTestObject("Object Repository/Common Cases Repository/Login/Page_Lightning Step/input_Email_email"), "automation@lightningstep.com"): Text 'automation@lightningstep.com' is set on object 'Object Repository/Common Cases Repository/Login/Page_Lightning Step/input_Email_email'

15-11-2024T11:30:45 - [MESSAGE][PASSED] - Text 'automation@lightningstep.com' is set on object 'Object Repository/Common Cases Repository/Login/Page_Lightning Step/input_Email_email'

15-11-2024T11:30:45 - [TEST_STEP][PASSED] - setEncryptedText(findTestObject("Object Repository/Common Cases Repository/Login/Page_Lightning Step/input_Password_password"), "e5N8VHmnhJDITtQaQhDQDw=="): Text ****** has been set on object 'Object Repository/Common Cases Repository/Login/Page_Lightning Step/input_Password_password'

15-11-2024T11:30:45 - [MESSAGE][PASSED] - Text ****** has been set on object 'Object Repository/Common Cases Repository/Login/Page_Lightning Step/input_Password_password'

15-11-2024T11:30:45 - [TEST_STEP][PASSED] - click(findTestObject("Object Repository/Common Cases Repository/Login/Page_Lightning Step/button_Sign in")): Object: 'Object Repository/Common Cases Repository/Login/Page_Lightning Step/button_Sign in' is clicked on

15-11-2024T11:30:54 - [MESSAGE][PASSED] - Object: 'Object Repository/Common Cases Repository/Login/Page_Lightning Step/button_Sign in' is clicked on

15-11-2024T11:30:54 - [MESSAGE][PASSED] - Call Test Case 'Test Cases/Common Cases/Login' successfully

15-11-2024T11:30:54 - [TEST_STEP][PASSED] - click(findTestObject("Object Repository/Specific Cases Repository/LS/Home/Census/Census_Forward_Back_Functions/Page_Home/a_Census")): Object: 'Object Repository/Specific Cases Repository/LS/Home/Census/Census_Forward_Back_Functions/Page_Home/a_Census' is clicked on

15-11-2024T11:30:56 - [MESSAGE][PASSED] - Object: 'Object Repository/Specific Cases Repository/LS/Home/Census/Census_Forward_Back_Functions/Page_Home/a_Census' is clicked on

15-11-2024T11:30:56 - [TEST_STEP][PASSED] - click(findTestObject("Object Repository/Specific Cases Repository/LS/Home/Census/Census_Forward_Back_Functions/Page_Home/a_bed                     Bed Board")): Object: 'Object Repository/Specific Cases Repository/LS/Home/Census/Census_Forward_Back_Functions/Page_Home/a_bed                     Bed Board' is clicked on

15-11-2024T11:30:59 - [MESSAGE][PASSED] - Object: 'Object Repository/Specific Cases Repository/LS/Home/Census/Census_Forward_Back_Functions/Page_Home/a_bed                     Bed Board' is clicked on

15-11-2024T11:30:59 - [TEST_STEP][PASSED] - navigateToUrl("https://site17.lsapp.cloud/dbkeymetrics/bedboard"): Navigate to 'https://site17.lsapp.cloud/dbkeymetrics/bedboard' successfully

15-11-2024T11:31:00 - [MESSAGE][PASSED] - Navigate to 'https://site17.lsapp.cloud/dbkeymetrics/bedboard' successfully

15-11-2024T11:31:00 - [TEST_STEP][PASSED] - click(findTestObject("Object Repository/Specific Cases Repository/LS/Home/Census/Census_Forward_Back_Functions/Page_Bed Board/span_homepage")): Object: 'Object Repository/Specific Cases Repository/LS/Home/Census/Census_Forward_Back_Functions/Page_Bed Board/span_homepage' is clicked on

15-11-2024T11:31:01 - [MESSAGE][PASSED] - Object: 'Object Repository/Specific Cases Repository/LS/Home/Census/Census_Forward_Back_Functions/Page_Bed Board/span_homepage' is clicked on

15-11-2024T11:31:01 - [TEST_STEP][PASSED] - click(findTestObject("Object Repository/Specific Cases Repository/LS/Home/Census/Census_Forward_Back_Functions/Page_Home/span_Advanced Census")): Object: 'Object Repository/Specific Cases Repository/LS/Home/Census/Census_Forward_Back_Functions/Page_Home/span_Advanced Census' is clicked on

15-11-2024T11:31:06 - [MESSAGE][PASSED] - Object: 'Object Repository/Specific Cases Repository/LS/Home/Census/Census_Forward_Back_Functions/Page_Home/span_Advanced Census' is clicked on

15-11-2024T11:31:06 - [TEST_STEP][PASSED] - click(findTestObject("Object Repository/Specific Cases Repository/LS/Home/Census/Census_Forward_Back_Functions/Page_Census Advanced/span_homepage")): Object: 'Object Repository/Specific Cases Repository/LS/Home/Census/Census_Forward_Back_Functions/Page_Census Advanced/span_homepage' is clicked on

15-11-2024T11:31:09 - [MESSAGE][PASSED] - Object: 'Object Repository/Specific Cases Repository/LS/Home/Census/Census_Forward_Back_Functions/Page_Census Advanced/span_homepage' is clicked on

15-11-2024T11:31:09 - [TEST_STEP][PASSED] - click(findTestObject("Object Repository/Specific Cases Repository/LS/Home/Census/Census_Forward_Back_Functions/Page_Home/a_co_present                 Client Face sheets")): Object: 'Object Repository/Specific Cases Repository/LS/Home/Census/Census_Forward_Back_Functions/Page_Home/a_co_present                 Client Face sheets' is clicked on

15-11-2024T11:31:14 - [MESSAGE][PASSED] - Object: 'Object Repository/Specific Cases Repository/LS/Home/Census/Census_Forward_Back_Functions/Page_Home/a_co_present                 Client Face sheets' is clicked on

15-11-2024T11:31:14 - [TEST_STEP][PASSED] - click(findTestObject("Object Repository/Specific Cases Repository/LS/Home/Census/Census_Forward_Back_Functions/Page_Client Face Sheets/span_homepage")): Object: 'Object Repository/Specific Cases Repository/LS/Home/Census/Census_Forward_Back_Functions/Page_Client Face Sheets/span_homepage' is clicked on

15-11-2024T11:31:15 - [MESSAGE][PASSED] - Object: 'Object Repository/Specific Cases Repository/LS/Home/Census/Census_Forward_Back_Functions/Page_Client Face Sheets/span_homepage' is clicked on

15-11-2024T11:31:15 - [TEST_STEP][PASSED] - closeBrowser(): Browser is closed

15-11-2024T11:31:15 - [MESSAGE][PASSED] - Browser is closed]]></system-out>
         <system-err><![CDATA[]]></system-err>
      </testcase>
      <testcase name="Test Cases/Specific Cases/LS/General/Census/Bed Board/Bed_Board_Filters" time="66.789" classname="Test Cases/Specific Cases/LS/General/Census/Bed Board/Bed_Board_Filters" status="FAILED">
         <failure type="FAILED" message="Test Cases/Specific Cases/LS/General/Census/Bed Board/Bed_Board_Filters FAILED.&#xa;Reason:&#xa;com.kms.katalon.core.exception.StepFailedException: Unable to verify object 'Object Repository/Specific Cases Repository/LS/Home/Census/Bed_Board/Page_Bed Board/span_B Automation, B Client 1673' is not present&#xa;	at com.kms.katalon.core.webui.keyword.internal.WebUIKeywordMain.stepFailed(WebUIKeywordMain.groovy:117)&#xa;	at com.kms.katalon.core.webui.keyword.internal.WebUIKeywordMain.runKeyword(WebUIKeywordMain.groovy:43)&#xa;	at com.kms.katalon.core.webui.keyword.internal.WebUIKeywordMain$runKeyword.call(Unknown Source)&#xa;	at com.kms.katalon.core.webui.keyword.builtin.VerifyElementNotPresentKeyword.verifyElementNotPresent(VerifyElementNotPresentKeyword.groovy:131)&#xa;	at com.kms.katalon.core.webui.keyword.builtin.VerifyElementNotPresentKeyword.execute(VerifyElementNotPresentKeyword.groovy:69)&#xa;	at com.kms.katalon.core.keyword.internal.KeywordExecutor.executeKeywordForPlatform(KeywordExecutor.groovy:74)&#xa;	at com.kms.katalon.core.webui.keyword.WebUiBuiltInKeywords.verifyElementNotPresent(WebUiBuiltInKeywords.groovy:1536)&#xa;	at Bed_Board_Filters.run(Bed_Board_Filters:73)&#xa;	at com.kms.katalon.core.main.ScriptEngine.run(ScriptEngine.java:194)&#xa;	at com.kms.katalon.core.main.ScriptEngine.runScriptAsRawText(ScriptEngine.java:119)&#xa;	at com.kms.katalon.core.main.TestCaseExecutor.runScript(TestCaseExecutor.java:448)&#xa;	at com.kms.katalon.core.main.TestCaseExecutor.doExecute(TestCaseExecutor.java:439)&#xa;	at com.kms.katalon.core.main.TestCaseExecutor.processExecutionPhase(TestCaseExecutor.java:418)&#xa;	at com.kms.katalon.core.main.TestCaseExecutor.accessMainPhase(TestCaseExecutor.java:410)&#xa;	at com.kms.katalon.core.main.TestCaseExecutor.execute(TestCaseExecutor.java:285)&#xa;	at com.kms.katalon.core.common.CommonExecutor.accessTestCaseMainPhase(CommonExecutor.java:65)&#xa;	at com.kms.katalon.core.main.TestSuiteExecutor.accessTestSuiteMainPhase(TestSuiteExecutor.java:150)&#xa;	at com.kms.katalon.core.main.TestSuiteExecutor.execute(TestSuiteExecutor.java:106)&#xa;	at com.kms.katalon.core.main.TestCaseMain.startTestSuite(TestCaseMain.java:180)&#xa;	at TempTestSuite1731688027179.run(TempTestSuite1731688027179.groovy:35)&#xa;	at java.base/jdk.internal.reflect.NativeMethodAccessorImpl.invoke0(Native Method)&#xa;	at java.base/jdk.internal.reflect.NativeMethodAccessorImpl.invoke(NativeMethodAccessorImpl.java:77)&#xa;	at java.base/jdk.internal.reflect.DelegatingMethodAccessorImpl.invoke(DelegatingMethodAccessorImpl.java:43)&#xa;Caused by: com.kms.katalon.core.exception.StepFailedException: Web element with id: 'Object Repository/Specific Cases Repository/LS/Home/Census/Bed_Board/Page_Bed Board/span_B Automation, B Client 1673' located by 'By.xpath: //span[normalize-space()='B Automation, B Client 1673']' is present after '30' second(s)&#xa;	at com.kms.katalon.core.webui.keyword.internal.WebUIKeywordMain.stepFailed(WebUIKeywordMain.groovy:117)&#xa;	at com.kms.katalon.core.webui.keyword.internal.WebUIKeywordMain$stepFailed$0.call(Unknown Source)&#xa;	at com.kms.katalon.core.webui.keyword.builtin.VerifyElementNotPresentKeyword$_verifyElementNotPresent_closure1.doCall(VerifyElementNotPresentKeyword.groovy:122)&#xa;	at com.kms.katalon.core.webui.keyword.builtin.VerifyElementNotPresentKeyword$_verifyElementNotPresent_closure1.doCall(VerifyElementNotPresentKeyword.groovy)&#xa;	at jdk.internal.reflect.GeneratedMethodAccessor25.invoke(Unknown Source)&#xa;	at java.base/jdk.internal.reflect.DelegatingMethodAccessorImpl.invoke(DelegatingMethodAccessorImpl.java:43)&#xa;	at com.kms.katalon.core.webui.keyword.internal.WebUIKeywordMain.runKeyword(WebUIKeywordMain.groovy:35)&#xa;	... 21 more&#xa;"/>
         <system-out><![CDATA[15-11-2024T11:31:16 - [TEST_CASE][FAILED] - Test Cases/Specific Cases/LS/General/Census/Bed Board/Bed_Board_Filters: Test Cases/Specific Cases/LS/General/Census/Bed Board/Bed_Board_Filters FAILED.
Reason:
com.kms.katalon.core.exception.StepFailedException: Unable to verify object 'Object Repository/Specific Cases Repository/LS/Home/Census/Bed_Board/Page_Bed Board/span_B Automation, B Client 1673' is not present
	at com.kms.katalon.core.webui.keyword.internal.WebUIKeywordMain.stepFailed(WebUIKeywordMain.groovy:117)
	at com.kms.katalon.core.webui.keyword.internal.WebUIKeywordMain.runKeyword(WebUIKeywordMain.groovy:43)
	at com.kms.katalon.core.webui.keyword.internal.WebUIKeywordMain$runKeyword.call(Unknown Source)
	at com.kms.katalon.core.webui.keyword.builtin.VerifyElementNotPresentKeyword.verifyElementNotPresent(VerifyElementNotPresentKeyword.groovy:131)
	at com.kms.katalon.core.webui.keyword.builtin.VerifyElementNotPresentKeyword.execute(VerifyElementNotPresentKeyword.groovy:69)
	at com.kms.katalon.core.keyword.internal.KeywordExecutor.executeKeywordForPlatform(KeywordExecutor.groovy:74)
	at com.kms.katalon.core.webui.keyword.WebUiBuiltInKeywords.verifyElementNotPresent(WebUiBuiltInKeywords.groovy:1536)
	at Bed_Board_Filters.run(Bed_Board_Filters:73)
	at com.kms.katalon.core.main.ScriptEngine.run(ScriptEngine.java:194)
	at com.kms.katalon.core.main.ScriptEngine.runScriptAsRawText(ScriptEngine.java:119)
	at com.kms.katalon.core.main.TestCaseExecutor.runScript(TestCaseExecutor.java:448)
	at com.kms.katalon.core.main.TestCaseExecutor.doExecute(TestCaseExecutor.java:439)
	at com.kms.katalon.core.main.TestCaseExecutor.processExecutionPhase(TestCaseExecutor.java:418)
	at com.kms.katalon.core.main.TestCaseExecutor.accessMainPhase(TestCaseExecutor.java:410)
	at com.kms.katalon.core.main.TestCaseExecutor.execute(TestCaseExecutor.java:285)
	at com.kms.katalon.core.common.CommonExecutor.accessTestCaseMainPhase(CommonExecutor.java:65)
	at com.kms.katalon.core.main.TestSuiteExecutor.accessTestSuiteMainPhase(TestSuiteExecutor.java:150)
	at com.kms.katalon.core.main.TestSuiteExecutor.execute(TestSuiteExecutor.java:106)
	at com.kms.katalon.core.main.TestCaseMain.startTestSuite(TestCaseMain.java:180)
	at TempTestSuite1731688027179.run(TempTestSuite1731688027179.groovy:35)
	at java.base/jdk.internal.reflect.NativeMethodAccessorImpl.invoke0(Native Method)
	at java.base/jdk.internal.reflect.NativeMethodAccessorImpl.invoke(NativeMethodAccessorImpl.java:77)
	at java.base/jdk.internal.reflect.DelegatingMethodAccessorImpl.invoke(DelegatingMethodAccessorImpl.java:43)
Caused by: com.kms.katalon.core.exception.StepFailedException: Web element with id: 'Object Repository/Specific Cases Repository/LS/Home/Census/Bed_Board/Page_Bed Board/span_B Automation, B Client 1673' located by 'By.xpath: //span[normalize-space()='B Automation, B Client 1673']' is present after '30' second(s)
	at com.kms.katalon.core.webui.keyword.internal.WebUIKeywordMain.stepFailed(WebUIKeywordMain.groovy:117)
	at com.kms.katalon.core.webui.keyword.internal.WebUIKeywordMain$stepFailed$0.call(Unknown Source)
	at com.kms.katalon.core.webui.keyword.builtin.VerifyElementNotPresentKeyword$_verifyElementNotPresent_closure1.doCall(VerifyElementNotPresentKeyword.groovy:122)
	at com.kms.katalon.core.webui.keyword.builtin.VerifyElementNotPresentKeyword$_verifyElementNotPresent_closure1.doCall(VerifyElementNotPresentKeyword.groovy)
	at jdk.internal.reflect.GeneratedMethodAccessor25.invoke(Unknown Source)
	at java.base/jdk.internal.reflect.DelegatingMethodAccessorImpl.invoke(DelegatingMethodAccessorImpl.java:43)
	at com.kms.katalon.core.webui.keyword.internal.WebUIKeywordMain.runKeyword(WebUIKeywordMain.groovy:35)
	... 21 more


15-11-2024T11:31:16 - [TEST_STEP][PASSED] - callTestCase(findTestCase("Common Cases/Login"), [:], STOP_ON_FAILURE): Call Test Case 'Test Cases/Common Cases/Login' successfully

15-11-2024T11:31:16 - [TEST_CASE][PASSED] - Test Cases/Common Cases/Login: Test Cases/Common Cases/Login

15-11-2024T11:31:16 - [TEST_STEP][PASSED] - openBrowser(""): Browser is opened with url: ''

15-11-2024T11:31:16 - [MESSAGE][INFO] - Starting 'Chrome' driver

15-11-2024T11:31:16 - [MESSAGE][INFO] - Action delay is set to 0 milliseconds

15-11-2024T11:31:16 - [MESSAGE][PASSED] - Browser is opened with url: ''

15-11-2024T11:31:16 - [TEST_STEP][PASSED] - maximizeWindow(): Current window maximized

15-11-2024T11:31:16 - [MESSAGE][PASSED] - Current window maximized

15-11-2024T11:31:16 - [TEST_STEP][PASSED] - navigateToUrl("https://site17.lsapp.cloud/auth/login"): Navigate to 'https://site17.lsapp.cloud/auth/login' successfully

15-11-2024T11:31:18 - [MESSAGE][PASSED] - Navigate to 'https://site17.lsapp.cloud/auth/login' successfully

15-11-2024T11:31:18 - [TEST_STEP][PASSED] - setText(findTestObject("Object Repository/Common Cases Repository/Login/Page_Lightning Step/input_Email_email"), "automation@lightningstep.com"): Text 'automation@lightningstep.com' is set on object 'Object Repository/Common Cases Repository/Login/Page_Lightning Step/input_Email_email'

15-11-2024T11:31:19 - [MESSAGE][PASSED] - Text 'automation@lightningstep.com' is set on object 'Object Repository/Common Cases Repository/Login/Page_Lightning Step/input_Email_email'

15-11-2024T11:31:19 - [TEST_STEP][PASSED] - setEncryptedText(findTestObject("Object Repository/Common Cases Repository/Login/Page_Lightning Step/input_Password_password"), "e5N8VHmnhJDITtQaQhDQDw=="): Text ****** has been set on object 'Object Repository/Common Cases Repository/Login/Page_Lightning Step/input_Password_password'

15-11-2024T11:31:19 - [MESSAGE][PASSED] - Text ****** has been set on object 'Object Repository/Common Cases Repository/Login/Page_Lightning Step/input_Password_password'

15-11-2024T11:31:19 - [TEST_STEP][PASSED] - click(findTestObject("Object Repository/Common Cases Repository/Login/Page_Lightning Step/button_Sign in")): Object: 'Object Repository/Common Cases Repository/Login/Page_Lightning Step/button_Sign in' is clicked on

15-11-2024T11:31:28 - [MESSAGE][PASSED] - Object: 'Object Repository/Common Cases Repository/Login/Page_Lightning Step/button_Sign in' is clicked on

15-11-2024T11:31:28 - [MESSAGE][PASSED] - Call Test Case 'Test Cases/Common Cases/Login' successfully

15-11-2024T11:31:28 - [TEST_STEP][PASSED] - click(findTestObject("Object Repository/Specific Cases Repository/LS/Home/Census/Bed_Board/Page_Home/a_Census")): Object: 'Object Repository/Specific Cases Repository/LS/Home/Census/Bed_Board/Page_Home/a_Census' is clicked on

15-11-2024T11:31:29 - [MESSAGE][PASSED] - Object: 'Object Repository/Specific Cases Repository/LS/Home/Census/Bed_Board/Page_Home/a_Census' is clicked on

15-11-2024T11:31:29 - [TEST_STEP][PASSED] - click(findTestObject("Object Repository/Specific Cases Repository/LS/Home/Census/Bed_Board/Page_Home/a_bed                     Bed Board")): Object: 'Object Repository/Specific Cases Repository/LS/Home/Census/Bed_Board/Page_Home/a_bed                     Bed Board' is clicked on

15-11-2024T11:31:32 - [MESSAGE][PASSED] - Object: 'Object Repository/Specific Cases Repository/LS/Home/Census/Bed_Board/Page_Home/a_bed                     Bed Board' is clicked on

15-11-2024T11:31:32 - [TEST_STEP][PASSED] - navigateToUrl("https://site17.lsapp.cloud/dbkeymetrics/bedboard"): Navigate to 'https://site17.lsapp.cloud/dbkeymetrics/bedboard' successfully

15-11-2024T11:31:34 - [MESSAGE][PASSED] - Navigate to 'https://site17.lsapp.cloud/dbkeymetrics/bedboard' successfully

15-11-2024T11:31:34 - [TEST_STEP][PASSED] - selectOptionByValue(findTestObject("Object Repository/Specific Cases Repository/LS/Home/Census/Bed_Board/Page_Bed Board/select_All Gender Identities"), "0", true): All options with value '0' are selected in object 'Object Repository/Specific Cases Repository/LS/Home/Census/Bed_Board/Page_Bed Board/select_All Gender Identities'  using regular expression

15-11-2024T11:31:35 - [MESSAGE][PASSED] - All options with value '0' are selected in object 'Object Repository/Specific Cases Repository/LS/Home/Census/Bed_Board/Page_Bed Board/select_All Gender Identities'  using regular expression

15-11-2024T11:31:35 - [TEST_STEP][PASSED] - verifyElementText(findTestObject("Object Repository/Specific Cases Repository/LS/Home/Census/Bed_Board/Page_Bed Board/span_Female"), "Female"): Actual text and expected text of test object 'Object Repository/Specific Cases Repository/LS/Home/Census/Bed_Board/Page_Bed Board/span_Female' are matched.

15-11-2024T11:31:35 - [MESSAGE][PASSED] - Actual text and expected text of test object 'Object Repository/Specific Cases Repository/LS/Home/Census/Bed_Board/Page_Bed Board/span_Female' are matched.

15-11-2024T11:31:35 - [TEST_STEP][PASSED] - verifyElementText(findTestObject("Object Repository/Specific Cases Repository/LS/Home/Census/Bed_Board/Page_Bed Board/span_Male"), "Male"): Actual text and expected text of test object 'Object Repository/Specific Cases Repository/LS/Home/Census/Bed_Board/Page_Bed Board/span_Male' are matched.

15-11-2024T11:31:35 - [MESSAGE][PASSED] - Actual text and expected text of test object 'Object Repository/Specific Cases Repository/LS/Home/Census/Bed_Board/Page_Bed Board/span_Male' are matched.

15-11-2024T11:31:35 - [TEST_STEP][PASSED] - selectOptionByIndex(findTestObject("Object Repository/Specific Cases Repository/LS/Home/Census/Bed_Board/Page_Bed Board/select_All Gender Identities"), 1, STOP_ON_FAILURE): All options with index in [1] are selected on object 'Object Repository/Specific Cases Repository/LS/Home/Census/Bed_Board/Page_Bed Board/select_All Gender Identities'

15-11-2024T11:31:37 - [MESSAGE][PASSED] - All options with index in [1] are selected on object 'Object Repository/Specific Cases Repository/LS/Home/Census/Bed_Board/Page_Bed Board/select_All Gender Identities'

15-11-2024T11:31:37 - [TEST_STEP][PASSED] - verifyElementText(findTestObject("Object Repository/Specific Cases Repository/LS/Home/Census/Bed_Board/Page_Bed Board/span_Female"), "Female"): Actual text and expected text of test object 'Object Repository/Specific Cases Repository/LS/Home/Census/Bed_Board/Page_Bed Board/span_Female' are matched.

15-11-2024T11:31:38 - [MESSAGE][PASSED] - Actual text and expected text of test object 'Object Repository/Specific Cases Repository/LS/Home/Census/Bed_Board/Page_Bed Board/span_Female' are matched.

15-11-2024T11:31:38 - [TEST_STEP][PASSED] - verifyElementNotPresent(findTestObject("Object Repository/Specific Cases Repository/LS/Home/Census/Bed_Board/Page_Bed Board/span_Male"), 0): Web element with id: 'Object Repository/Specific Cases Repository/LS/Home/Census/Bed_Board/Page_Bed Board/span_Male' located by 'By.xpath: //span[normalize-space()='Male']' is not present after '30' second(s)

15-11-2024T11:31:38 - [MESSAGE][WARNING] - Timeout '0' is invalid. Using default page load timeout: '30'

15-11-2024T11:31:38 - [MESSAGE][PASSED] - Web element with id: 'Object Repository/Specific Cases Repository/LS/Home/Census/Bed_Board/Page_Bed Board/span_Male' located by 'By.xpath: //span[normalize-space()='Male']' is not present after '30' second(s)

15-11-2024T11:31:38 - [TEST_STEP][PASSED] - selectOptionByIndex(findTestObject("Object Repository/Specific Cases Repository/LS/Home/Census/Bed_Board/Page_Bed Board/select_All Gender Identities"), 2, STOP_ON_FAILURE): All options with index in [2] are selected on object 'Object Repository/Specific Cases Repository/LS/Home/Census/Bed_Board/Page_Bed Board/select_All Gender Identities'

15-11-2024T11:31:40 - [MESSAGE][PASSED] - All options with index in [2] are selected on object 'Object Repository/Specific Cases Repository/LS/Home/Census/Bed_Board/Page_Bed Board/select_All Gender Identities'

15-11-2024T11:31:40 - [TEST_STEP][PASSED] - verifyElementText(findTestObject("Object Repository/Specific Cases Repository/LS/Home/Census/Bed_Board/Page_Bed Board/span_Male"), "Male"): Actual text and expected text of test object 'Object Repository/Specific Cases Repository/LS/Home/Census/Bed_Board/Page_Bed Board/span_Male' are matched.

15-11-2024T11:31:40 - [MESSAGE][PASSED] - Actual text and expected text of test object 'Object Repository/Specific Cases Repository/LS/Home/Census/Bed_Board/Page_Bed Board/span_Male' are matched.

15-11-2024T11:31:40 - [TEST_STEP][PASSED] - verifyElementNotPresent(findTestObject("Object Repository/Specific Cases Repository/LS/Home/Census/Bed_Board/Page_Bed Board/span_Female"), 0): Web element with id: 'Object Repository/Specific Cases Repository/LS/Home/Census/Bed_Board/Page_Bed Board/span_Female' located by 'By.xpath: //span[normalize-space()='Female']' is not present after '30' second(s)

15-11-2024T11:31:40 - [MESSAGE][WARNING] - Timeout '0' is invalid. Using default page load timeout: '30'

15-11-2024T11:31:40 - [MESSAGE][PASSED] - Web element with id: 'Object Repository/Specific Cases Repository/LS/Home/Census/Bed_Board/Page_Bed Board/span_Female' located by 'By.xpath: //span[normalize-space()='Female']' is not present after '30' second(s)

15-11-2024T11:31:40 - [TEST_STEP][PASSED] - selectOptionByIndex(findTestObject("Object Repository/Specific Cases Repository/LS/Home/Census/Bed_Board/Page_Bed Board/select_All Gender Identities"), 7, STOP_ON_FAILURE): All options with index in [7] are selected on object 'Object Repository/Specific Cases Repository/LS/Home/Census/Bed_Board/Page_Bed Board/select_All Gender Identities'

15-11-2024T11:31:44 - [MESSAGE][PASSED] - All options with index in [7] are selected on object 'Object Repository/Specific Cases Repository/LS/Home/Census/Bed_Board/Page_Bed Board/select_All Gender Identities'

15-11-2024T11:31:44 - [TEST_STEP][PASSED] - verifyElementText(findTestObject("Object Repository/Specific Cases Repository/LS/Home/Census/Bed_Board/Page_Bed Board/span_C Automation, C Client 1674"), "C Automation, C Client 1674"): Actual text and expected text of test object 'Object Repository/Specific Cases Repository/LS/Home/Census/Bed_Board/Page_Bed Board/span_C Automation, C Client 1674' are matched.

15-11-2024T11:31:45 - [MESSAGE][PASSED] - Actual text and expected text of test object 'Object Repository/Specific Cases Repository/LS/Home/Census/Bed_Board/Page_Bed Board/span_C Automation, C Client 1674' are matched.

15-11-2024T11:31:45 - [TEST_STEP][PASSED] - selectOptionByIndex(findTestObject("Object Repository/Specific Cases Repository/LS/Home/Census/Bed_Board/Page_Bed Board/select_All Locations                       _fac816"), "0", STOP_ON_FAILURE): All options with index in [0] are selected on object 'Object Repository/Specific Cases Repository/LS/Home/Census/Bed_Board/Page_Bed Board/select_All Locations                       _fac816'

15-11-2024T11:31:46 - [MESSAGE][PASSED] - All options with index in [0] are selected on object 'Object Repository/Specific Cases Repository/LS/Home/Census/Bed_Board/Page_Bed Board/select_All Locations                       _fac816'

15-11-2024T11:31:46 - [TEST_STEP][PASSED] - selectOptionByIndex(findTestObject("Object Repository/Specific Cases Repository/LS/Home/Census/Bed_Board/Page_Bed Board/select_All Gender Identities"), "0", STOP_ON_FAILURE): All options with index in [0] are selected on object 'Object Repository/Specific Cases Repository/LS/Home/Census/Bed_Board/Page_Bed Board/select_All Gender Identities'

15-11-2024T11:31:49 - [MESSAGE][PASSED] - All options with index in [0] are selected on object 'Object Repository/Specific Cases Repository/LS/Home/Census/Bed_Board/Page_Bed Board/select_All Gender Identities'

15-11-2024T11:31:49 - [TEST_STEP][PASSED] - selectOptionByIndex(findTestObject("Object Repository/Specific Cases Repository/LS/Home/Census/Bed_Board/Page_Bed Board/select_All Locations                       _fac816"), "1", STOP_ON_FAILURE): All options with index in [1] are selected on object 'Object Repository/Specific Cases Repository/LS/Home/Census/Bed_Board/Page_Bed Board/select_All Locations                       _fac816'

15-11-2024T11:31:51 - [MESSAGE][PASSED] - All options with index in [1] are selected on object 'Object Repository/Specific Cases Repository/LS/Home/Census/Bed_Board/Page_Bed Board/select_All Locations                       _fac816'

15-11-2024T11:31:51 - [TEST_STEP][PASSED] - verifyElementText(findTestObject("Object Repository/Specific Cases Repository/LS/Home/Census/Bed_Board/Page_Bed Board/span_A Automation, A Client 1672"), "A Automation, A Client 1672"): Actual text and expected text of test object 'Object Repository/Specific Cases Repository/LS/Home/Census/Bed_Board/Page_Bed Board/span_A Automation, A Client 1672' are matched.

15-11-2024T11:31:51 - [MESSAGE][PASSED] - Actual text and expected text of test object 'Object Repository/Specific Cases Repository/LS/Home/Census/Bed_Board/Page_Bed Board/span_A Automation, A Client 1672' are matched.

15-11-2024T11:31:51 - [TEST_STEP][FAILED] - verifyElementNotPresent(findTestObject("Specific Cases Repository/LS/Home/Census/Bed_Board/Page_Bed Board/span_B Automation, B Client 1673"), 0): Unable to verify object 'Object Repository/Specific Cases Repository/LS/Home/Census/Bed_Board/Page_Bed Board/span_B Automation, B Client 1673' is not present (Root cause: com.kms.katalon.core.exception.StepFailedException: Unable to verify object 'Object Repository/Specific Cases Repository/LS/Home/Census/Bed_Board/Page_Bed Board/span_B Automation, B Client 1673' is not present
	at com.kms.katalon.core.webui.keyword.internal.WebUIKeywordMain.stepFailed(WebUIKeywordMain.groovy:117)
	at com.kms.katalon.core.webui.keyword.internal.WebUIKeywordMain.runKeyword(WebUIKeywordMain.groovy:43)
	at com.kms.katalon.core.webui.keyword.internal.WebUIKeywordMain$runKeyword.call(Unknown Source)
	at com.kms.katalon.core.webui.keyword.builtin.VerifyElementNotPresentKeyword.verifyElementNotPresent(VerifyElementNotPresentKeyword.groovy:131)
	at com.kms.katalon.core.webui.keyword.builtin.VerifyElementNotPresentKeyword.execute(VerifyElementNotPresentKeyword.groovy:69)
	at com.kms.katalon.core.keyword.internal.KeywordExecutor.executeKeywordForPlatform(KeywordExecutor.groovy:74)
	at com.kms.katalon.core.webui.keyword.WebUiBuiltInKeywords.verifyElementNotPresent(WebUiBuiltInKeywords.groovy:1536)
	at Bed_Board_Filters.run(Bed_Board_Filters:73)
	at com.kms.katalon.core.main.ScriptEngine.run(ScriptEngine.java:194)
	at com.kms.katalon.core.main.ScriptEngine.runScriptAsRawText(ScriptEngine.java:119)
	at com.kms.katalon.core.main.TestCaseExecutor.runScript(TestCaseExecutor.java:448)
	at com.kms.katalon.core.main.TestCaseExecutor.doExecute(TestCaseExecutor.java:439)
	at com.kms.katalon.core.main.TestCaseExecutor.processExecutionPhase(TestCaseExecutor.java:418)
	at com.kms.katalon.core.main.TestCaseExecutor.accessMainPhase(TestCaseExecutor.java:410)
	at com.kms.katalon.core.main.TestCaseExecutor.execute(TestCaseExecutor.java:285)
	at com.kms.katalon.core.common.CommonExecutor.accessTestCaseMainPhase(CommonExecutor.java:65)
	at com.kms.katalon.core.main.TestSuiteExecutor.accessTestSuiteMainPhase(TestSuiteExecutor.java:150)
	at com.kms.katalon.core.main.TestSuiteExecutor.execute(TestSuiteExecutor.java:106)
	at com.kms.katalon.core.main.TestCaseMain.startTestSuite(TestCaseMain.java:180)
	at TempTestSuite1731688027179.run(TempTestSuite1731688027179.groovy:35)
	at java.base/jdk.internal.reflect.NativeMethodAccessorImpl.invoke0(Native Method)
	at java.base/jdk.internal.reflect.NativeMethodAccessorImpl.invoke(NativeMethodAccessorImpl.java:77)
	at java.base/jdk.internal.reflect.DelegatingMethodAccessorImpl.invoke(DelegatingMethodAccessorImpl.java:43)
Caused by: com.kms.katalon.core.exception.StepFailedException: Web element with id: 'Object Repository/Specific Cases Repository/LS/Home/Census/Bed_Board/Page_Bed Board/span_B Automation, B Client 1673' located by 'By.xpath: //span[normalize-space()='B Automation, B Client 1673']' is present after '30' second(s)
	at com.kms.katalon.core.webui.keyword.internal.WebUIKeywordMain.stepFailed(WebUIKeywordMain.groovy:117)
	at com.kms.katalon.core.webui.keyword.internal.WebUIKeywordMain$stepFailed$0.call(Unknown Source)
	at com.kms.katalon.core.webui.keyword.builtin.VerifyElementNotPresentKeyword$_verifyElementNotPresent_closure1.doCall(VerifyElementNotPresentKeyword.groovy:122)
	at com.kms.katalon.core.webui.keyword.builtin.VerifyElementNotPresentKeyword$_verifyElementNotPresent_closure1.doCall(VerifyElementNotPresentKeyword.groovy)
	at jdk.internal.reflect.GeneratedMethodAccessor25.invoke(Unknown Source)
	at java.base/jdk.internal.reflect.DelegatingMethodAccessorImpl.invoke(DelegatingMethodAccessorImpl.java:43)
	at com.kms.katalon.core.webui.keyword.internal.WebUIKeywordMain.runKeyword(WebUIKeywordMain.groovy:35)
	... 21 more
)

15-11-2024T11:31:51 - [MESSAGE][WARNING] - Timeout '0' is invalid. Using default page load timeout: '30'

15-11-2024T11:32:22 - [MESSAGE][FAILED] - Web element with id: 'Object Repository/Specific Cases Repository/LS/Home/Census/Bed_Board/Page_Bed Board/span_B Automation, B Client 1673' located by 'By.xpath: //span[normalize-space()='B Automation, B Client 1673']' is present after '30' second(s) (Root cause: com.kms.katalon.core.exception.StepFailedException: Web element with id: 'Object Repository/Specific Cases Repository/LS/Home/Census/Bed_Board/Page_Bed Board/span_B Automation, B Client 1673' located by 'By.xpath: //span[normalize-space()='B Automation, B Client 1673']' is present after '30' second(s)
	at com.kms.katalon.core.webui.keyword.internal.WebUIKeywordMain.stepFailed(WebUIKeywordMain.groovy:117)
	at com.kms.katalon.core.webui.keyword.internal.WebUIKeywordMain$stepFailed$0.call(Unknown Source)
	at com.kms.katalon.core.webui.keyword.builtin.VerifyElementNotPresentKeyword$_verifyElementNotPresent_closure1.doCall(VerifyElementNotPresentKeyword.groovy:122)
	at com.kms.katalon.core.webui.keyword.builtin.VerifyElementNotPresentKeyword$_verifyElementNotPresent_closure1.doCall(VerifyElementNotPresentKeyword.groovy)
	at jdk.internal.reflect.GeneratedMethodAccessor25.invoke(Unknown Source)
	at java.base/jdk.internal.reflect.DelegatingMethodAccessorImpl.invoke(DelegatingMethodAccessorImpl.java:43)
	at com.kms.katalon.core.webui.keyword.internal.WebUIKeywordMain.runKeyword(WebUIKeywordMain.groovy:35)
	at com.kms.katalon.core.webui.keyword.internal.WebUIKeywordMain$runKeyword.call(Unknown Source)
	at com.kms.katalon.core.webui.keyword.builtin.VerifyElementNotPresentKeyword.verifyElementNotPresent(VerifyElementNotPresentKeyword.groovy:131)
	at com.kms.katalon.core.webui.keyword.builtin.VerifyElementNotPresentKeyword.execute(VerifyElementNotPresentKeyword.groovy:69)
	at com.kms.katalon.core.keyword.internal.KeywordExecutor.executeKeywordForPlatform(KeywordExecutor.groovy:74)
	at com.kms.katalon.core.webui.keyword.WebUiBuiltInKeywords.verifyElementNotPresent(WebUiBuiltInKeywords.groovy:1536)
	at Bed_Board_Filters.run(Bed_Board_Filters:73)
	at com.kms.katalon.core.main.ScriptEngine.run(ScriptEngine.java:194)
	at com.kms.katalon.core.main.ScriptEngine.runScriptAsRawText(ScriptEngine.java:119)
	at com.kms.katalon.core.main.TestCaseExecutor.runScript(TestCaseExecutor.java:448)
	at com.kms.katalon.core.main.TestCaseExecutor.doExecute(TestCaseExecutor.java:439)
	at com.kms.katalon.core.main.TestCaseExecutor.processExecutionPhase(TestCaseExecutor.java:418)
	at com.kms.katalon.core.main.TestCaseExecutor.accessMainPhase(TestCaseExecutor.java:410)
	at com.kms.katalon.core.main.TestCaseExecutor.execute(TestCaseExecutor.java:285)
	at com.kms.katalon.core.common.CommonExecutor.accessTestCaseMainPhase(CommonExecutor.java:65)
	at com.kms.katalon.core.main.TestSuiteExecutor.accessTestSuiteMainPhase(TestSuiteExecutor.java:150)
	at com.kms.katalon.core.main.TestSuiteExecutor.execute(TestSuiteExecutor.java:106)
	at com.kms.katalon.core.main.TestCaseMain.startTestSuite(TestCaseMain.java:180)
	at TempTestSuite1731688027179.run(TempTestSuite1731688027179.groovy:35)
	at java.base/jdk.internal.reflect.NativeMethodAccessorImpl.invoke0(Native Method)
	at java.base/jdk.internal.reflect.NativeMethodAccessorImpl.invoke(NativeMethodAccessorImpl.java:77)
	at java.base/jdk.internal.reflect.DelegatingMethodAccessorImpl.invoke(DelegatingMethodAccessorImpl.java:43)
)
[[ATTACHMENT|C:\\Users\\Enrique\\git\\AUTOMATION_LS\\Reports\\20241115_112706\\LS\\Home\\General\\Census\\20241115_112707\\1731688342563.png]]

15-11-2024T11:32:22 - [MESSAGE][FAILED] - Unable to verify object 'Object Repository/Specific Cases Repository/LS/Home/Census/Bed_Board/Page_Bed Board/span_B Automation, B Client 1673' is not present (Root cause: com.kms.katalon.core.exception.StepFailedException: Unable to verify object 'Object Repository/Specific Cases Repository/LS/Home/Census/Bed_Board/Page_Bed Board/span_B Automation, B Client 1673' is not present
	at com.kms.katalon.core.webui.keyword.internal.WebUIKeywordMain.stepFailed(WebUIKeywordMain.groovy:117)
	at com.kms.katalon.core.webui.keyword.internal.WebUIKeywordMain.runKeyword(WebUIKeywordMain.groovy:43)
	at com.kms.katalon.core.webui.keyword.internal.WebUIKeywordMain$runKeyword.call(Unknown Source)
	at com.kms.katalon.core.webui.keyword.builtin.VerifyElementNotPresentKeyword.verifyElementNotPresent(VerifyElementNotPresentKeyword.groovy:131)
	at com.kms.katalon.core.webui.keyword.builtin.VerifyElementNotPresentKeyword.execute(VerifyElementNotPresentKeyword.groovy:69)
	at com.kms.katalon.core.keyword.internal.KeywordExecutor.executeKeywordForPlatform(KeywordExecutor.groovy:74)
	at com.kms.katalon.core.webui.keyword.WebUiBuiltInKeywords.verifyElementNotPresent(WebUiBuiltInKeywords.groovy:1536)
	at Bed_Board_Filters.run(Bed_Board_Filters:73)
	at com.kms.katalon.core.main.ScriptEngine.run(ScriptEngine.java:194)
	at com.kms.katalon.core.main.ScriptEngine.runScriptAsRawText(ScriptEngine.java:119)
	at com.kms.katalon.core.main.TestCaseExecutor.runScript(TestCaseExecutor.java:448)
	at com.kms.katalon.core.main.TestCaseExecutor.doExecute(TestCaseExecutor.java:439)
	at com.kms.katalon.core.main.TestCaseExecutor.processExecutionPhase(TestCaseExecutor.java:418)
	at com.kms.katalon.core.main.TestCaseExecutor.accessMainPhase(TestCaseExecutor.java:410)
	at com.kms.katalon.core.main.TestCaseExecutor.execute(TestCaseExecutor.java:285)
	at com.kms.katalon.core.common.CommonExecutor.accessTestCaseMainPhase(CommonExecutor.java:65)
	at com.kms.katalon.core.main.TestSuiteExecutor.accessTestSuiteMainPhase(TestSuiteExecutor.java:150)
	at com.kms.katalon.core.main.TestSuiteExecutor.execute(TestSuiteExecutor.java:106)
	at com.kms.katalon.core.main.TestCaseMain.startTestSuite(TestCaseMain.java:180)
	at TempTestSuite1731688027179.run(TempTestSuite1731688027179.groovy:35)
	at java.base/jdk.internal.reflect.NativeMethodAccessorImpl.invoke0(Native Method)
	at java.base/jdk.internal.reflect.NativeMethodAccessorImpl.invoke(NativeMethodAccessorImpl.java:77)
	at java.base/jdk.internal.reflect.DelegatingMethodAccessorImpl.invoke(DelegatingMethodAccessorImpl.java:43)
Caused by: com.kms.katalon.core.exception.StepFailedException: Web element with id: 'Object Repository/Specific Cases Repository/LS/Home/Census/Bed_Board/Page_Bed Board/span_B Automation, B Client 1673' located by 'By.xpath: //span[normalize-space()='B Automation, B Client 1673']' is present after '30' second(s)
	at com.kms.katalon.core.webui.keyword.internal.WebUIKeywordMain.stepFailed(WebUIKeywordMain.groovy:117)
	at com.kms.katalon.core.webui.keyword.internal.WebUIKeywordMain$stepFailed$0.call(Unknown Source)
	at com.kms.katalon.core.webui.keyword.builtin.VerifyElementNotPresentKeyword$_verifyElementNotPresent_closure1.doCall(VerifyElementNotPresentKeyword.groovy:122)
	at com.kms.katalon.core.webui.keyword.builtin.VerifyElementNotPresentKeyword$_verifyElementNotPresent_closure1.doCall(VerifyElementNotPresentKeyword.groovy)
	at jdk.internal.reflect.GeneratedMethodAccessor25.invoke(Unknown Source)
	at java.base/jdk.internal.reflect.DelegatingMethodAccessorImpl.invoke(DelegatingMethodAccessorImpl.java:43)
	at com.kms.katalon.core.webui.keyword.internal.WebUIKeywordMain.runKeyword(WebUIKeywordMain.groovy:35)
	... 21 more
)
[[ATTACHMENT|C:\\Users\\Enrique\\git\\AUTOMATION_LS\\Reports\\20241115_112706\\LS\\Home\\General\\Census\\20241115_112707\\1731688342690.png]]]]></system-out>
         <system-err><![CDATA[15-11-2024T11:31:16 - [TEST_CASE][FAILED] - Test Cases/Specific Cases/LS/General/Census/Bed Board/Bed_Board_Filters: Test Cases/Specific Cases/LS/General/Census/Bed Board/Bed_Board_Filters FAILED.
Reason:
com.kms.katalon.core.exception.StepFailedException: Unable to verify object 'Object Repository/Specific Cases Repository/LS/Home/Census/Bed_Board/Page_Bed Board/span_B Automation, B Client 1673' is not present
	at com.kms.katalon.core.webui.keyword.internal.WebUIKeywordMain.stepFailed(WebUIKeywordMain.groovy:117)
	at com.kms.katalon.core.webui.keyword.internal.WebUIKeywordMain.runKeyword(WebUIKeywordMain.groovy:43)
	at com.kms.katalon.core.webui.keyword.internal.WebUIKeywordMain$runKeyword.call(Unknown Source)
	at com.kms.katalon.core.webui.keyword.builtin.VerifyElementNotPresentKeyword.verifyElementNotPresent(VerifyElementNotPresentKeyword.groovy:131)
	at com.kms.katalon.core.webui.keyword.builtin.VerifyElementNotPresentKeyword.execute(VerifyElementNotPresentKeyword.groovy:69)
	at com.kms.katalon.core.keyword.internal.KeywordExecutor.executeKeywordForPlatform(KeywordExecutor.groovy:74)
	at com.kms.katalon.core.webui.keyword.WebUiBuiltInKeywords.verifyElementNotPresent(WebUiBuiltInKeywords.groovy:1536)
	at Bed_Board_Filters.run(Bed_Board_Filters:73)
	at com.kms.katalon.core.main.ScriptEngine.run(ScriptEngine.java:194)
	at com.kms.katalon.core.main.ScriptEngine.runScriptAsRawText(ScriptEngine.java:119)
	at com.kms.katalon.core.main.TestCaseExecutor.runScript(TestCaseExecutor.java:448)
	at com.kms.katalon.core.main.TestCaseExecutor.doExecute(TestCaseExecutor.java:439)
	at com.kms.katalon.core.main.TestCaseExecutor.processExecutionPhase(TestCaseExecutor.java:418)
	at com.kms.katalon.core.main.TestCaseExecutor.accessMainPhase(TestCaseExecutor.java:410)
	at com.kms.katalon.core.main.TestCaseExecutor.execute(TestCaseExecutor.java:285)
	at com.kms.katalon.core.common.CommonExecutor.accessTestCaseMainPhase(CommonExecutor.java:65)
	at com.kms.katalon.core.main.TestSuiteExecutor.accessTestSuiteMainPhase(TestSuiteExecutor.java:150)
	at com.kms.katalon.core.main.TestSuiteExecutor.execute(TestSuiteExecutor.java:106)
	at com.kms.katalon.core.main.TestCaseMain.startTestSuite(TestCaseMain.java:180)
	at TempTestSuite1731688027179.run(TempTestSuite1731688027179.groovy:35)
	at java.base/jdk.internal.reflect.NativeMethodAccessorImpl.invoke0(Native Method)
	at java.base/jdk.internal.reflect.NativeMethodAccessorImpl.invoke(NativeMethodAccessorImpl.java:77)
	at java.base/jdk.internal.reflect.DelegatingMethodAccessorImpl.invoke(DelegatingMethodAccessorImpl.java:43)
Caused by: com.kms.katalon.core.exception.StepFailedException: Web element with id: 'Object Repository/Specific Cases Repository/LS/Home/Census/Bed_Board/Page_Bed Board/span_B Automation, B Client 1673' located by 'By.xpath: //span[normalize-space()='B Automation, B Client 1673']' is present after '30' second(s)
	at com.kms.katalon.core.webui.keyword.internal.WebUIKeywordMain.stepFailed(WebUIKeywordMain.groovy:117)
	at com.kms.katalon.core.webui.keyword.internal.WebUIKeywordMain$stepFailed$0.call(Unknown Source)
	at com.kms.katalon.core.webui.keyword.builtin.VerifyElementNotPresentKeyword$_verifyElementNotPresent_closure1.doCall(VerifyElementNotPresentKeyword.groovy:122)
	at com.kms.katalon.core.webui.keyword.builtin.VerifyElementNotPresentKeyword$_verifyElementNotPresent_closure1.doCall(VerifyElementNotPresentKeyword.groovy)
	at jdk.internal.reflect.GeneratedMethodAccessor25.invoke(Unknown Source)
	at java.base/jdk.internal.reflect.DelegatingMethodAccessorImpl.invoke(DelegatingMethodAccessorImpl.java:43)
	at com.kms.katalon.core.webui.keyword.internal.WebUIKeywordMain.runKeyword(WebUIKeywordMain.groovy:35)
	... 21 more]]></system-err>
      </testcase>
      <testcase name="Test Cases/Specific Cases/LS/General/Census/Bed Board/Bed_Board_Notes" time="37.532" classname="Test Cases/Specific Cases/LS/General/Census/Bed Board/Bed_Board_Notes" status="PASSED">
         <system-out><![CDATA[15-11-2024T11:32:22 - [TEST_CASE][PASSED] - Test Cases/Specific Cases/LS/General/Census/Bed Board/Bed_Board_Notes: Test Cases/Specific Cases/LS/General/Census/Bed Board/Bed_Board_Notes

15-11-2024T11:32:22 - [TEST_STEP][PASSED] - callTestCase(findTestCase("Common Cases/Login"), [:], STOP_ON_FAILURE): Call Test Case 'Test Cases/Common Cases/Login' successfully

15-11-2024T11:32:22 - [TEST_CASE][PASSED] - Test Cases/Common Cases/Login: Test Cases/Common Cases/Login

15-11-2024T11:32:22 - [TEST_STEP][PASSED] - openBrowser(""): Browser is opened with url: ''

15-11-2024T11:32:22 - [MESSAGE][WARNING] - A browser is already opened. Closing browser and opening a new one

15-11-2024T11:32:23 - [MESSAGE][INFO] - Starting 'Chrome' driver

15-11-2024T11:32:23 - [MESSAGE][INFO] - Action delay is set to 0 milliseconds

15-11-2024T11:32:23 - [MESSAGE][PASSED] - Browser is opened with url: ''

15-11-2024T11:32:23 - [TEST_STEP][PASSED] - maximizeWindow(): Current window maximized

15-11-2024T11:32:23 - [MESSAGE][PASSED] - Current window maximized

15-11-2024T11:32:23 - [TEST_STEP][PASSED] - navigateToUrl("https://site17.lsapp.cloud/auth/login"): Navigate to 'https://site17.lsapp.cloud/auth/login' successfully

15-11-2024T11:32:25 - [MESSAGE][PASSED] - Navigate to 'https://site17.lsapp.cloud/auth/login' successfully

15-11-2024T11:32:25 - [TEST_STEP][PASSED] - setText(findTestObject("Object Repository/Common Cases Repository/Login/Page_Lightning Step/input_Email_email"), "automation@lightningstep.com"): Text 'automation@lightningstep.com' is set on object 'Object Repository/Common Cases Repository/Login/Page_Lightning Step/input_Email_email'

15-11-2024T11:32:26 - [MESSAGE][PASSED] - Text 'automation@lightningstep.com' is set on object 'Object Repository/Common Cases Repository/Login/Page_Lightning Step/input_Email_email'

15-11-2024T11:32:26 - [TEST_STEP][PASSED] - setEncryptedText(findTestObject("Object Repository/Common Cases Repository/Login/Page_Lightning Step/input_Password_password"), "e5N8VHmnhJDITtQaQhDQDw=="): Text ****** has been set on object 'Object Repository/Common Cases Repository/Login/Page_Lightning Step/input_Password_password'

15-11-2024T11:32:26 - [MESSAGE][PASSED] - Text ****** has been set on object 'Object Repository/Common Cases Repository/Login/Page_Lightning Step/input_Password_password'

15-11-2024T11:32:26 - [TEST_STEP][PASSED] - click(findTestObject("Object Repository/Common Cases Repository/Login/Page_Lightning Step/button_Sign in")): Object: 'Object Repository/Common Cases Repository/Login/Page_Lightning Step/button_Sign in' is clicked on

15-11-2024T11:32:37 - [MESSAGE][PASSED] - Object: 'Object Repository/Common Cases Repository/Login/Page_Lightning Step/button_Sign in' is clicked on

15-11-2024T11:32:37 - [MESSAGE][PASSED] - Call Test Case 'Test Cases/Common Cases/Login' successfully

15-11-2024T11:32:37 - [TEST_STEP][PASSED] - click(findTestObject("Object Repository/Specific Cases Repository/LS/Home/Census/Bed_Board/Bead_Board_Notes/Page_Home/a_Census")): Object: 'Object Repository/Specific Cases Repository/LS/Home/Census/Bed_Board/Bead_Board_Notes/Page_Home/a_Census' is clicked on

15-11-2024T11:32:38 - [MESSAGE][PASSED] - Object: 'Object Repository/Specific Cases Repository/LS/Home/Census/Bed_Board/Bead_Board_Notes/Page_Home/a_Census' is clicked on

15-11-2024T11:32:38 - [TEST_STEP][PASSED] - click(findTestObject("Object Repository/Specific Cases Repository/LS/Home/Census/Bed_Board/Bead_Board_Notes/Page_Home/a_bed                     Bed Board")): Object: 'Object Repository/Specific Cases Repository/LS/Home/Census/Bed_Board/Bead_Board_Notes/Page_Home/a_bed                     Bed Board' is clicked on

15-11-2024T11:32:41 - [MESSAGE][PASSED] - Object: 'Object Repository/Specific Cases Repository/LS/Home/Census/Bed_Board/Bead_Board_Notes/Page_Home/a_bed                     Bed Board' is clicked on

15-11-2024T11:32:41 - [TEST_STEP][PASSED] - navigateToUrl("https://site17.lsapp.cloud/dbkeymetrics/bedboard"): Navigate to 'https://site17.lsapp.cloud/dbkeymetrics/bedboard' successfully

15-11-2024T11:32:42 - [MESSAGE][PASSED] - Navigate to 'https://site17.lsapp.cloud/dbkeymetrics/bedboard' successfully

15-11-2024T11:32:42 - [TEST_STEP][PASSED] - click(findTestObject("Object Repository/Specific Cases Repository/LS/Home/Census/Bed_Board/Bead_Board_Notes/Page_Bed Board/a_Bed Management")): Object: 'Object Repository/Specific Cases Repository/LS/Home/Census/Bed_Board/Bead_Board_Notes/Page_Bed Board/a_Bed Management' is clicked on

15-11-2024T11:32:44 - [MESSAGE][PASSED] - Object: 'Object Repository/Specific Cases Repository/LS/Home/Census/Bed_Board/Bead_Board_Notes/Page_Bed Board/a_Bed Management' is clicked on

15-11-2024T11:32:44 - [TEST_STEP][PASSED] - click(findTestObject("Object Repository/Specific Cases Repository/LS/Home/Census/Bed_Board/Bead_Board_Notes/Page_Bed Management Dashboard/i_Room  1  (Male)_roomnote1")): Object: 'Object Repository/Specific Cases Repository/LS/Home/Census/Bed_Board/Bead_Board_Notes/Page_Bed Management Dashboard/i_Room  1  (Male)_roomnote1' is clicked on

15-11-2024T11:32:48 - [MESSAGE][PASSED] - Object: 'Object Repository/Specific Cases Repository/LS/Home/Census/Bed_Board/Bead_Board_Notes/Page_Bed Management Dashboard/i_Room  1  (Male)_roomnote1' is clicked on

15-11-2024T11:32:48 - [TEST_STEP][PASSED] - setText(findTestObject("Object Repository/Specific Cases Repository/LS/Home/Census/Bed_Board/Bead_Board_Notes/Page_Bed Management Dashboard/textarea_Room Note_mdl_roombednote_note"), "Room Test Note Automation"): Text 'Room Test Note Automation' is set on object 'Object Repository/Specific Cases Repository/LS/Home/Census/Bed_Board/Bead_Board_Notes/Page_Bed Management Dashboard/textarea_Room Note_mdl_roombednote_note'

15-11-2024T11:32:49 - [MESSAGE][PASSED] - Text 'Room Test Note Automation' is set on object 'Object Repository/Specific Cases Repository/LS/Home/Census/Bed_Board/Bead_Board_Notes/Page_Bed Management Dashboard/textarea_Room Note_mdl_roombednote_note'

15-11-2024T11:32:49 - [TEST_STEP][PASSED] - click(findTestObject("Specific Cases Repository/LS/Home/Census/Bed_Board/Bead_Board_Notes/Page_Bed Management Dashboard/div_Bed Note                               _7b91a6")): Object: 'Object Repository/Specific Cases Repository/LS/Home/Census/Bed_Board/Bead_Board_Notes/Page_Bed Management Dashboard/div_Bed Note                               _7b91a6' is clicked on

15-11-2024T11:32:49 - [MESSAGE][PASSED] - Object: 'Object Repository/Specific Cases Repository/LS/Home/Census/Bed_Board/Bead_Board_Notes/Page_Bed Management Dashboard/div_Bed Note                               _7b91a6' is clicked on

15-11-2024T11:32:49 - [TEST_STEP][PASSED] - click(findTestObject("Object Repository/Specific Cases Repository/LS/Home/Census/Bed_Board/Bead_Board_Notes/Page_Bed Management Dashboard/i_Room  1  (Male)_bednote1")): Object: 'Object Repository/Specific Cases Repository/LS/Home/Census/Bed_Board/Bead_Board_Notes/Page_Bed Management Dashboard/i_Room  1  (Male)_bednote1' is clicked on

15-11-2024T11:32:50 - [MESSAGE][PASSED] - Object: 'Object Repository/Specific Cases Repository/LS/Home/Census/Bed_Board/Bead_Board_Notes/Page_Bed Management Dashboard/i_Room  1  (Male)_bednote1' is clicked on

15-11-2024T11:32:50 - [TEST_STEP][PASSED] - setText(findTestObject("Object Repository/Specific Cases Repository/LS/Home/Census/Bed_Board/Bead_Board_Notes/Page_Bed Management Dashboard/textarea_Room Note_mdl_roombednote_note"), "Bed Note Test Automation"): Text 'Bed Note Test Automation' is set on object 'Object Repository/Specific Cases Repository/LS/Home/Census/Bed_Board/Bead_Board_Notes/Page_Bed Management Dashboard/textarea_Room Note_mdl_roombednote_note'

15-11-2024T11:32:52 - [MESSAGE][PASSED] - Text 'Bed Note Test Automation' is set on object 'Object Repository/Specific Cases Repository/LS/Home/Census/Bed_Board/Bead_Board_Notes/Page_Bed Management Dashboard/textarea_Room Note_mdl_roombednote_note'

15-11-2024T11:32:52 - [TEST_STEP][PASSED] - click(findTestObject("Specific Cases Repository/LS/Home/Census/Bed_Board/Bead_Board_Notes/Page_Bed Management Dashboard/div_Bed Note                               _7b91a6")): Object: 'Object Repository/Specific Cases Repository/LS/Home/Census/Bed_Board/Bead_Board_Notes/Page_Bed Management Dashboard/div_Bed Note                               _7b91a6' is clicked on

15-11-2024T11:32:52 - [MESSAGE][PASSED] - Object: 'Object Repository/Specific Cases Repository/LS/Home/Census/Bed_Board/Bead_Board_Notes/Page_Bed Management Dashboard/div_Bed Note                               _7b91a6' is clicked on

15-11-2024T11:32:52 - [TEST_STEP][PASSED] - click(findTestObject("Object Repository/Specific Cases Repository/LS/Home/Census/Bed_Board/Bead_Board_Notes/Page_Bed Management Dashboard/a_Home")): Object: 'Object Repository/Specific Cases Repository/LS/Home/Census/Bed_Board/Bead_Board_Notes/Page_Bed Management Dashboard/a_Home' is clicked on

15-11-2024T11:32:54 - [MESSAGE][PASSED] - Object: 'Object Repository/Specific Cases Repository/LS/Home/Census/Bed_Board/Bead_Board_Notes/Page_Bed Management Dashboard/a_Home' is clicked on

15-11-2024T11:32:54 - [TEST_STEP][PASSED] - click(findTestObject("Object Repository/Specific Cases Repository/LS/Home/Census/Bed_Board/Bead_Board_Notes/Page_Home/a_bed                     Bed Board")): Object: 'Object Repository/Specific Cases Repository/LS/Home/Census/Bed_Board/Bead_Board_Notes/Page_Home/a_bed                     Bed Board' is clicked on

15-11-2024T11:32:58 - [MESSAGE][PASSED] - Object: 'Object Repository/Specific Cases Repository/LS/Home/Census/Bed_Board/Bead_Board_Notes/Page_Home/a_bed                     Bed Board' is clicked on

15-11-2024T11:32:58 - [TEST_STEP][PASSED] - verifyElementPresent(findTestObject("Object Repository/Specific Cases Repository/LS/Home/Census/Bed_Board/Bead_Board_Notes/Page_Bed Board/i_Mens Residential_fa fa-info-circle text-info"), 0): Object 'Object Repository/Specific Cases Repository/LS/Home/Census/Bed_Board/Bead_Board_Notes/Page_Bed Board/i_Mens Residential_fa fa-info-circle text-info' is present

15-11-2024T11:32:58 - [MESSAGE][WARNING] - Timeout '0' is invalid. Using default page load timeout: '30'

15-11-2024T11:32:59 - [MESSAGE][PASSED] - Object 'Object Repository/Specific Cases Repository/LS/Home/Census/Bed_Board/Bead_Board_Notes/Page_Bed Board/i_Mens Residential_fa fa-info-circle text-info' is present

15-11-2024T11:32:59 - [TEST_STEP][PASSED] - click(findTestObject("Object Repository/Specific Cases Repository/LS/Home/Census/Bed_Board/Bead_Board_Notes/Page_Bed Board/i_Mens Residential_fa fa-info-circle text-info")): Object: 'Object Repository/Specific Cases Repository/LS/Home/Census/Bed_Board/Bead_Board_Notes/Page_Bed Board/i_Mens Residential_fa fa-info-circle text-info' is clicked on

15-11-2024T11:32:59 - [MESSAGE][PASSED] - Object: 'Object Repository/Specific Cases Repository/LS/Home/Census/Bed_Board/Bead_Board_Notes/Page_Bed Board/i_Mens Residential_fa fa-info-circle text-info' is clicked on

15-11-2024T11:32:59 - [TEST_STEP][PASSED] - verifyElementText(findTestObject("Object Repository/Specific Cases Repository/LS/Home/Census/Bed_Board/Bead_Board_Notes/Page_Bed Board/b_Bed note"), "Bed note:"): Actual text and expected text of test object 'Object Repository/Specific Cases Repository/LS/Home/Census/Bed_Board/Bead_Board_Notes/Page_Bed Board/b_Bed note' are matched.

15-11-2024T11:32:59 - [MESSAGE][PASSED] - Actual text and expected text of test object 'Object Repository/Specific Cases Repository/LS/Home/Census/Bed_Board/Bead_Board_Notes/Page_Bed Board/b_Bed note' are matched.

15-11-2024T11:32:59 - [TEST_STEP][PASSED] - verifyElementText(findTestObject("Object Repository/Specific Cases Repository/LS/Home/Census/Bed_Board/Bead_Board_Notes/Page_Bed Board/b_Room note"), "Room note:"): Actual text and expected text of test object 'Object Repository/Specific Cases Repository/LS/Home/Census/Bed_Board/Bead_Board_Notes/Page_Bed Board/b_Room note' are matched.

15-11-2024T11:33:00 - [MESSAGE][PASSED] - Actual text and expected text of test object 'Object Repository/Specific Cases Repository/LS/Home/Census/Bed_Board/Bead_Board_Notes/Page_Bed Board/b_Room note' are matched.

15-11-2024T11:33:00 - [TEST_STEP][PASSED] - closeBrowser(): Browser is closed

15-11-2024T11:33:00 - [MESSAGE][PASSED] - Browser is closed]]></system-out>
         <system-err><![CDATA[]]></system-err>
      </testcase>
      <testcase name="Test Cases/Specific Cases/LS/General/Census/Bed Board/Bed_Board_forward_back_fucntions" time="26.446" classname="Test Cases/Specific Cases/LS/General/Census/Bed Board/Bed_Board_forward_back_fucntions" status="PASSED">
         <system-out><![CDATA[15-11-2024T11:33:00 - [TEST_CASE][PASSED] - Test Cases/Specific Cases/LS/General/Census/Bed Board/Bed_Board_forward_back_fucntions: Test Cases/Specific Cases/LS/General/Census/Bed Board/Bed_Board_forward_back_fucntions

15-11-2024T11:33:00 - [TEST_STEP][PASSED] - callTestCase(findTestCase("Common Cases/Login"), [:], STOP_ON_FAILURE): Call Test Case 'Test Cases/Common Cases/Login' successfully

15-11-2024T11:33:00 - [TEST_CASE][PASSED] - Test Cases/Common Cases/Login: Test Cases/Common Cases/Login

15-11-2024T11:33:00 - [TEST_STEP][PASSED] - openBrowser(""): Browser is opened with url: ''

15-11-2024T11:33:00 - [MESSAGE][INFO] - Starting 'Chrome' driver

15-11-2024T11:33:00 - [MESSAGE][INFO] - Action delay is set to 0 milliseconds

15-11-2024T11:33:01 - [MESSAGE][PASSED] - Browser is opened with url: ''

15-11-2024T11:33:01 - [TEST_STEP][PASSED] - maximizeWindow(): Current window maximized

15-11-2024T11:33:01 - [MESSAGE][PASSED] - Current window maximized

15-11-2024T11:33:01 - [TEST_STEP][PASSED] - navigateToUrl("https://site17.lsapp.cloud/auth/login"): Navigate to 'https://site17.lsapp.cloud/auth/login' successfully

15-11-2024T11:33:02 - [MESSAGE][PASSED] - Navigate to 'https://site17.lsapp.cloud/auth/login' successfully

15-11-2024T11:33:02 - [TEST_STEP][PASSED] - setText(findTestObject("Object Repository/Common Cases Repository/Login/Page_Lightning Step/input_Email_email"), "automation@lightningstep.com"): Text 'automation@lightningstep.com' is set on object 'Object Repository/Common Cases Repository/Login/Page_Lightning Step/input_Email_email'

15-11-2024T11:33:03 - [MESSAGE][PASSED] - Text 'automation@lightningstep.com' is set on object 'Object Repository/Common Cases Repository/Login/Page_Lightning Step/input_Email_email'

15-11-2024T11:33:03 - [TEST_STEP][PASSED] - setEncryptedText(findTestObject("Object Repository/Common Cases Repository/Login/Page_Lightning Step/input_Password_password"), "e5N8VHmnhJDITtQaQhDQDw=="): Text ****** has been set on object 'Object Repository/Common Cases Repository/Login/Page_Lightning Step/input_Password_password'

15-11-2024T11:33:04 - [MESSAGE][PASSED] - Text ****** has been set on object 'Object Repository/Common Cases Repository/Login/Page_Lightning Step/input_Password_password'

15-11-2024T11:33:04 - [TEST_STEP][PASSED] - click(findTestObject("Object Repository/Common Cases Repository/Login/Page_Lightning Step/button_Sign in")): Object: 'Object Repository/Common Cases Repository/Login/Page_Lightning Step/button_Sign in' is clicked on

15-11-2024T11:33:11 - [MESSAGE][PASSED] - Object: 'Object Repository/Common Cases Repository/Login/Page_Lightning Step/button_Sign in' is clicked on

15-11-2024T11:33:11 - [MESSAGE][PASSED] - Call Test Case 'Test Cases/Common Cases/Login' successfully

15-11-2024T11:33:11 - [TEST_STEP][PASSED] - click(findTestObject("Object Repository/Specific Cases Repository/LS/Home/Census/Bed_Board/Bed_Board_Forward_Back_Functions/Page_Home/a_Census")): Object: 'Object Repository/Specific Cases Repository/LS/Home/Census/Bed_Board/Bed_Board_Forward_Back_Functions/Page_Home/a_Census' is clicked on

15-11-2024T11:33:14 - [MESSAGE][PASSED] - Object: 'Object Repository/Specific Cases Repository/LS/Home/Census/Bed_Board/Bed_Board_Forward_Back_Functions/Page_Home/a_Census' is clicked on

15-11-2024T11:33:14 - [TEST_STEP][PASSED] - click(findTestObject("Object Repository/Specific Cases Repository/LS/Home/Census/Bed_Board/Bed_Board_Forward_Back_Functions/Page_Home/a_bed                     Bed Board")): Object: 'Object Repository/Specific Cases Repository/LS/Home/Census/Bed_Board/Bed_Board_Forward_Back_Functions/Page_Home/a_bed                     Bed Board' is clicked on

15-11-2024T11:33:17 - [MESSAGE][PASSED] - Object: 'Object Repository/Specific Cases Repository/LS/Home/Census/Bed_Board/Bed_Board_Forward_Back_Functions/Page_Home/a_bed                     Bed Board' is clicked on

15-11-2024T11:33:17 - [TEST_STEP][PASSED] - click(findTestObject("Object Repository/Specific Cases Repository/LS/Home/Census/Bed_Board/Bed_Board_Forward_Back_Functions/Page_Bed Board/a_edit")): Object: 'Object Repository/Specific Cases Repository/LS/Home/Census/Bed_Board/Bed_Board_Forward_Back_Functions/Page_Bed Board/a_edit' is clicked on

15-11-2024T11:33:17 - [MESSAGE][PASSED] - Object: 'Object Repository/Specific Cases Repository/LS/Home/Census/Bed_Board/Bed_Board_Forward_Back_Functions/Page_Bed Board/a_edit' is clicked on

15-11-2024T11:33:17 - [TEST_STEP][PASSED] - switchToWindowTitle("Bed Board"): Switched to window with title: 'Bed Board'

15-11-2024T11:33:18 - [MESSAGE][PASSED] - Switched to window with title: 'Bed Board'

15-11-2024T11:33:18 - [TEST_STEP][PASSED] - click(findTestObject("Object Repository/Specific Cases Repository/LS/Home/Census/Bed_Board/Bed_Board_Forward_Back_Functions/Page_Bed Board/a_Bed Management")): Object: 'Object Repository/Specific Cases Repository/LS/Home/Census/Bed_Board/Bed_Board_Forward_Back_Functions/Page_Bed Board/a_Bed Management' is clicked on

15-11-2024T11:33:19 - [MESSAGE][PASSED] - Object: 'Object Repository/Specific Cases Repository/LS/Home/Census/Bed_Board/Bed_Board_Forward_Back_Functions/Page_Bed Board/a_Bed Management' is clicked on

15-11-2024T11:33:19 - [TEST_STEP][PASSED] - verifyElementPresent(findTestObject("Object Repository/Specific Cases Repository/LS/Home/Census/Bed_Board/Bed_Board_Forward_Back_Functions/Page_Bed Management Dashboard/a_B Client B Automation"), 0): Object 'Object Repository/Specific Cases Repository/LS/Home/Census/Bed_Board/Bed_Board_Forward_Back_Functions/Page_Bed Management Dashboard/a_B Client B Automation' is present

15-11-2024T11:33:19 - [MESSAGE][WARNING] - Timeout '0' is invalid. Using default page load timeout: '30'

15-11-2024T11:33:24 - [MESSAGE][PASSED] - Object 'Object Repository/Specific Cases Repository/LS/Home/Census/Bed_Board/Bed_Board_Forward_Back_Functions/Page_Bed Management Dashboard/a_B Client B Automation' is present

15-11-2024T11:33:24 - [TEST_STEP][PASSED] - verifyElementPresent(findTestObject("Object Repository/Specific Cases Repository/LS/Home/Census/Bed_Board/Bed_Board_Forward_Back_Functions/Page_Bed Management Dashboard/a_C Client C Automation"), 0): Object 'Object Repository/Specific Cases Repository/LS/Home/Census/Bed_Board/Bed_Board_Forward_Back_Functions/Page_Bed Management Dashboard/a_C Client C Automation' is present

15-11-2024T11:33:24 - [MESSAGE][WARNING] - Timeout '0' is invalid. Using default page load timeout: '30'

15-11-2024T11:33:24 - [MESSAGE][PASSED] - Object 'Object Repository/Specific Cases Repository/LS/Home/Census/Bed_Board/Bed_Board_Forward_Back_Functions/Page_Bed Management Dashboard/a_C Client C Automation' is present

15-11-2024T11:33:24 - [TEST_STEP][PASSED] - verifyElementPresent(findTestObject("Object Repository/Specific Cases Repository/LS/Home/Census/Bed_Board/Bed_Board_Forward_Back_Functions/Page_Bed Management Dashboard/a_A Client A Automation"), 0): Object 'Object Repository/Specific Cases Repository/LS/Home/Census/Bed_Board/Bed_Board_Forward_Back_Functions/Page_Bed Management Dashboard/a_A Client A Automation' is present

15-11-2024T11:33:24 - [MESSAGE][WARNING] - Timeout '0' is invalid. Using default page load timeout: '30'

15-11-2024T11:33:25 - [MESSAGE][PASSED] - Object 'Object Repository/Specific Cases Repository/LS/Home/Census/Bed_Board/Bed_Board_Forward_Back_Functions/Page_Bed Management Dashboard/a_A Client A Automation' is present

15-11-2024T11:33:25 - [TEST_STEP][PASSED] - click(findTestObject("Object Repository/Specific Cases Repository/LS/Home/Census/Bed_Board/Bed_Board_Forward_Back_Functions/Page_Bed Management Dashboard/span_homepage")): Object: 'Object Repository/Specific Cases Repository/LS/Home/Census/Bed_Board/Bed_Board_Forward_Back_Functions/Page_Bed Management Dashboard/span_homepage' is clicked on

15-11-2024T11:33:26 - [MESSAGE][PASSED] - Object: 'Object Repository/Specific Cases Repository/LS/Home/Census/Bed_Board/Bed_Board_Forward_Back_Functions/Page_Bed Management Dashboard/span_homepage' is clicked on

15-11-2024T11:33:26 - [TEST_STEP][PASSED] - closeBrowser(): Browser is closed

15-11-2024T11:33:26 - [MESSAGE][PASSED] - Browser is closed]]></system-out>
         <system-err><![CDATA[]]></system-err>
      </testcase>
      <testcase name="Test Cases/Specific Cases/LS/General/Census/Advance Census/Advance_Census_ Filter" time="41.75" classname="Test Cases/Specific Cases/LS/General/Census/Advance Census/Advance_Census_ Filter" status="PASSED">
         <system-out><![CDATA[15-11-2024T11:33:26 - [TEST_CASE][PASSED] - Test Cases/Specific Cases/LS/General/Census/Advance Census/Advance_Census_ Filter: Test Cases/Specific Cases/LS/General/Census/Advance Census/Advance_Census_ Filter

15-11-2024T11:33:26 - [TEST_STEP][PASSED] - callTestCase(findTestCase("Common Cases/Login"), [:], STOP_ON_FAILURE): Call Test Case 'Test Cases/Common Cases/Login' successfully

15-11-2024T11:33:26 - [TEST_CASE][PASSED] - Test Cases/Common Cases/Login: Test Cases/Common Cases/Login

15-11-2024T11:33:26 - [TEST_STEP][PASSED] - openBrowser(""): Browser is opened with url: ''

15-11-2024T11:33:26 - [MESSAGE][INFO] - Starting 'Chrome' driver

15-11-2024T11:33:26 - [MESSAGE][INFO] - Action delay is set to 0 milliseconds

15-11-2024T11:33:27 - [MESSAGE][PASSED] - Browser is opened with url: ''

15-11-2024T11:33:27 - [TEST_STEP][PASSED] - maximizeWindow(): Current window maximized

15-11-2024T11:33:27 - [MESSAGE][PASSED] - Current window maximized

15-11-2024T11:33:27 - [TEST_STEP][PASSED] - navigateToUrl("https://site17.lsapp.cloud/auth/login"): Navigate to 'https://site17.lsapp.cloud/auth/login' successfully

15-11-2024T11:33:30 - [MESSAGE][PASSED] - Navigate to 'https://site17.lsapp.cloud/auth/login' successfully

15-11-2024T11:33:30 - [TEST_STEP][PASSED] - setText(findTestObject("Object Repository/Common Cases Repository/Login/Page_Lightning Step/input_Email_email"), "automation@lightningstep.com"): Text 'automation@lightningstep.com' is set on object 'Object Repository/Common Cases Repository/Login/Page_Lightning Step/input_Email_email'

15-11-2024T11:33:31 - [MESSAGE][PASSED] - Text 'automation@lightningstep.com' is set on object 'Object Repository/Common Cases Repository/Login/Page_Lightning Step/input_Email_email'

15-11-2024T11:33:31 - [TEST_STEP][PASSED] - setEncryptedText(findTestObject("Object Repository/Common Cases Repository/Login/Page_Lightning Step/input_Password_password"), "e5N8VHmnhJDITtQaQhDQDw=="): Text ****** has been set on object 'Object Repository/Common Cases Repository/Login/Page_Lightning Step/input_Password_password'

15-11-2024T11:33:31 - [MESSAGE][PASSED] - Text ****** has been set on object 'Object Repository/Common Cases Repository/Login/Page_Lightning Step/input_Password_password'

15-11-2024T11:33:31 - [TEST_STEP][PASSED] - click(findTestObject("Object Repository/Common Cases Repository/Login/Page_Lightning Step/button_Sign in")): Object: 'Object Repository/Common Cases Repository/Login/Page_Lightning Step/button_Sign in' is clicked on

15-11-2024T11:33:46 - [MESSAGE][PASSED] - Object: 'Object Repository/Common Cases Repository/Login/Page_Lightning Step/button_Sign in' is clicked on

15-11-2024T11:33:46 - [MESSAGE][PASSED] - Call Test Case 'Test Cases/Common Cases/Login' successfully

15-11-2024T11:33:46 - [TEST_STEP][PASSED] - click(findTestObject("Object Repository/Specific Cases Repository/LS/Home/Census/Advance_Census/Filter/Page_Home/a_Census")): Object: 'Object Repository/Specific Cases Repository/LS/Home/Census/Advance_Census/Filter/Page_Home/a_Census' is clicked on

15-11-2024T11:33:47 - [MESSAGE][PASSED] - Object: 'Object Repository/Specific Cases Repository/LS/Home/Census/Advance_Census/Filter/Page_Home/a_Census' is clicked on

15-11-2024T11:33:47 - [TEST_STEP][PASSED] - click(findTestObject("Object Repository/Specific Cases Repository/LS/Home/Census/Advance_Census/Filter/Page_Home/a_groups                                   _f7379d")): Object: 'Object Repository/Specific Cases Repository/LS/Home/Census/Advance_Census/Filter/Page_Home/a_groups                                   _f7379d' is clicked on

15-11-2024T11:33:51 - [MESSAGE][PASSED] - Object: 'Object Repository/Specific Cases Repository/LS/Home/Census/Advance_Census/Filter/Page_Home/a_groups                                   _f7379d' is clicked on

15-11-2024T11:33:51 - [TEST_STEP][PASSED] - selectOptionByValue(findTestObject("Object Repository/Specific Cases Repository/LS/Home/Census/Advance_Census/Filter/Page_Census Advanced/select_Field                        Client _7d7547"), "client", true): All options with value 'client' are selected in object 'Object Repository/Specific Cases Repository/LS/Home/Census/Advance_Census/Filter/Page_Census Advanced/select_Field                        Client _7d7547'  using regular expression

15-11-2024T11:33:52 - [MESSAGE][PASSED] - All options with value 'client' are selected in object 'Object Repository/Specific Cases Repository/LS/Home/Census/Advance_Census/Filter/Page_Census Advanced/select_Field                        Client _7d7547'  using regular expression

15-11-2024T11:33:52 - [TEST_STEP][PASSED] - selectOptionByValue(findTestObject("Object Repository/Specific Cases Repository/LS/Home/Census/Advance_Census/Filter/Page_Census Advanced/select_Type                                _34fc29"), "like", true): All options with value 'like' are selected in object 'Object Repository/Specific Cases Repository/LS/Home/Census/Advance_Census/Filter/Page_Census Advanced/select_Type                                _34fc29'  using regular expression

15-11-2024T11:33:53 - [MESSAGE][PASSED] - All options with value 'like' are selected in object 'Object Repository/Specific Cases Repository/LS/Home/Census/Advance_Census/Filter/Page_Census Advanced/select_Type                                _34fc29'  using regular expression

15-11-2024T11:33:53 - [TEST_STEP][PASSED] - setText(findTestObject("Object Repository/Specific Cases Repository/LS/Home/Census/Advance_Census/Filter/Page_Census Advanced/input_Field_filter-value"), "B"): Text 'B' is set on object 'Object Repository/Specific Cases Repository/LS/Home/Census/Advance_Census/Filter/Page_Census Advanced/input_Field_filter-value'

15-11-2024T11:33:54 - [MESSAGE][PASSED] - Text 'B' is set on object 'Object Repository/Specific Cases Repository/LS/Home/Census/Advance_Census/Filter/Page_Census Advanced/input_Field_filter-value'

15-11-2024T11:33:54 - [TEST_STEP][PASSED] - verifyElementText(findTestObject("Object Repository/Specific Cases Repository/LS/Home/Census/Advance_Census/Filter/Page_Census Advanced/div_Dog Treatment Center"), "Dog Treatment Center"): Actual text and expected text of test object 'Object Repository/Specific Cases Repository/LS/Home/Census/Advance_Census/Filter/Page_Census Advanced/div_Dog Treatment Center' are matched.

15-11-2024T11:33:54 - [MESSAGE][PASSED] - Actual text and expected text of test object 'Object Repository/Specific Cases Repository/LS/Home/Census/Advance_Census/Filter/Page_Census Advanced/div_Dog Treatment Center' are matched.

15-11-2024T11:33:54 - [TEST_STEP][PASSED] - verifyElementNotPresent(findTestObject("Specific Cases Repository/LS/Home/Census/Advance_Census/Filter/Page_Census Advanced/div_Satellite Office"), 0): Web element with id: 'Object Repository/Specific Cases Repository/LS/Home/Census/Advance_Census/Filter/Page_Census Advanced/div_Satellite Office' located by 'By.xpath: //div[normalize-space()='Satellite Office']' is not present after '30' second(s)

15-11-2024T11:33:54 - [MESSAGE][WARNING] - Timeout '0' is invalid. Using default page load timeout: '30'

15-11-2024T11:33:54 - [MESSAGE][PASSED] - Web element with id: 'Object Repository/Specific Cases Repository/LS/Home/Census/Advance_Census/Filter/Page_Census Advanced/div_Satellite Office' located by 'By.xpath: //div[normalize-space()='Satellite Office']' is not present after '30' second(s)

15-11-2024T11:33:54 - [TEST_STEP][PASSED] - verifyElementNotPresent(findTestObject("Specific Cases Repository/LS/Home/Census/Advance_Census/Filter/Page_Census Advanced/div_Cat Treatment Center"), 0): Web element with id: 'Object Repository/Specific Cases Repository/LS/Home/Census/Advance_Census/Filter/Page_Census Advanced/div_Cat Treatment Center' located by 'By.xpath: //div[normalize-space()='Cat Treatment Center']' is not present after '30' second(s)

15-11-2024T11:33:54 - [MESSAGE][WARNING] - Timeout '0' is invalid. Using default page load timeout: '30'

15-11-2024T11:33:55 - [MESSAGE][PASSED] - Web element with id: 'Object Repository/Specific Cases Repository/LS/Home/Census/Advance_Census/Filter/Page_Census Advanced/div_Cat Treatment Center' located by 'By.xpath: //div[normalize-space()='Cat Treatment Center']' is not present after '30' second(s)

15-11-2024T11:33:55 - [TEST_STEP][PASSED] - setText(findTestObject("Object Repository/Specific Cases Repository/LS/Home/Census/Advance_Census/Filter/Page_Census Advanced/input_Field_filter-value"), ""): Text '' is set on object 'Object Repository/Specific Cases Repository/LS/Home/Census/Advance_Census/Filter/Page_Census Advanced/input_Field_filter-value'

15-11-2024T11:33:55 - [MESSAGE][PASSED] - Text '' is set on object 'Object Repository/Specific Cases Repository/LS/Home/Census/Advance_Census/Filter/Page_Census Advanced/input_Field_filter-value'

15-11-2024T11:33:55 - [TEST_STEP][PASSED] - selectOptionByValue(findTestObject("Object Repository/Specific Cases Repository/LS/Home/Census/Advance_Census/Filter/Page_Census Advanced/select_Field                        Client _7d7547"), "dob", true): All options with value 'dob' are selected in object 'Object Repository/Specific Cases Repository/LS/Home/Census/Advance_Census/Filter/Page_Census Advanced/select_Field                        Client _7d7547'  using regular expression

15-11-2024T11:33:56 - [MESSAGE][PASSED] - All options with value 'dob' are selected in object 'Object Repository/Specific Cases Repository/LS/Home/Census/Advance_Census/Filter/Page_Census Advanced/select_Field                        Client _7d7547'  using regular expression

15-11-2024T11:33:56 - [TEST_STEP][PASSED] - selectOptionByValue(findTestObject("Object Repository/Specific Cases Repository/LS/Home/Census/Advance_Census/Filter/Page_Census Advanced/select_Type                                _34fc29"), "=", true): All options with value '=' are selected in object 'Object Repository/Specific Cases Repository/LS/Home/Census/Advance_Census/Filter/Page_Census Advanced/select_Type                                _34fc29'  using regular expression

15-11-2024T11:33:57 - [MESSAGE][PASSED] - All options with value '=' are selected in object 'Object Repository/Specific Cases Repository/LS/Home/Census/Advance_Census/Filter/Page_Census Advanced/select_Type                                _34fc29'  using regular expression

15-11-2024T11:33:57 - [TEST_STEP][PASSED] - setText(findTestObject("Object Repository/Specific Cases Repository/LS/Home/Census/Advance_Census/Filter/Page_Census Advanced/input_Field_filter-value"), "01/02/2001"): Text '01/02/2001' is set on object 'Object Repository/Specific Cases Repository/LS/Home/Census/Advance_Census/Filter/Page_Census Advanced/input_Field_filter-value'

15-11-2024T11:33:58 - [MESSAGE][PASSED] - Text '01/02/2001' is set on object 'Object Repository/Specific Cases Repository/LS/Home/Census/Advance_Census/Filter/Page_Census Advanced/input_Field_filter-value'

15-11-2024T11:33:58 - [TEST_STEP][PASSED] - verifyElementText(findTestObject("Object Repository/Specific Cases Repository/LS/Home/Census/Advance_Census/Filter/Page_Census Advanced/div_Dog Treatment Center"), "Dog Treatment Center"): Actual text and expected text of test object 'Object Repository/Specific Cases Repository/LS/Home/Census/Advance_Census/Filter/Page_Census Advanced/div_Dog Treatment Center' are matched.

15-11-2024T11:33:58 - [MESSAGE][PASSED] - Actual text and expected text of test object 'Object Repository/Specific Cases Repository/LS/Home/Census/Advance_Census/Filter/Page_Census Advanced/div_Dog Treatment Center' are matched.

15-11-2024T11:33:58 - [TEST_STEP][PASSED] - verifyElementNotPresent(findTestObject("Specific Cases Repository/LS/Home/Census/Advance_Census/Filter/Page_Census Advanced/div_Satellite Office"), 0): Web element with id: 'Object Repository/Specific Cases Repository/LS/Home/Census/Advance_Census/Filter/Page_Census Advanced/div_Satellite Office' located by 'By.xpath: //div[normalize-space()='Satellite Office']' is not present after '30' second(s)

15-11-2024T11:33:58 - [MESSAGE][WARNING] - Timeout '0' is invalid. Using default page load timeout: '30'

15-11-2024T11:33:59 - [MESSAGE][PASSED] - Web element with id: 'Object Repository/Specific Cases Repository/LS/Home/Census/Advance_Census/Filter/Page_Census Advanced/div_Satellite Office' located by 'By.xpath: //div[normalize-space()='Satellite Office']' is not present after '30' second(s)

15-11-2024T11:33:59 - [TEST_STEP][PASSED] - verifyElementNotPresent(findTestObject("Specific Cases Repository/LS/Home/Census/Advance_Census/Filter/Page_Census Advanced/div_Cat Treatment Center"), 0): Web element with id: 'Object Repository/Specific Cases Repository/LS/Home/Census/Advance_Census/Filter/Page_Census Advanced/div_Cat Treatment Center' located by 'By.xpath: //div[normalize-space()='Cat Treatment Center']' is not present after '30' second(s)

15-11-2024T11:33:59 - [MESSAGE][WARNING] - Timeout '0' is invalid. Using default page load timeout: '30'

15-11-2024T11:33:59 - [MESSAGE][PASSED] - Web element with id: 'Object Repository/Specific Cases Repository/LS/Home/Census/Advance_Census/Filter/Page_Census Advanced/div_Cat Treatment Center' located by 'By.xpath: //div[normalize-space()='Cat Treatment Center']' is not present after '30' second(s)

15-11-2024T11:33:59 - [TEST_STEP][PASSED] - selectOptionByValue(findTestObject("Object Repository/Specific Cases Repository/LS/Home/Census/Advance_Census/Filter/Page_Census Advanced/select_Type                                _34fc29"), "<", true): All options with value '<' are selected in object 'Object Repository/Specific Cases Repository/LS/Home/Census/Advance_Census/Filter/Page_Census Advanced/select_Type                                _34fc29'  using regular expression

15-11-2024T11:34:00 - [MESSAGE][PASSED] - All options with value '<' are selected in object 'Object Repository/Specific Cases Repository/LS/Home/Census/Advance_Census/Filter/Page_Census Advanced/select_Type                                _34fc29'  using regular expression

15-11-2024T11:34:00 - [TEST_STEP][PASSED] - verifyElementText(findTestObject("Object Repository/Specific Cases Repository/LS/Home/Census/Advance_Census/Filter/Page_Census Advanced/div_Cat Treatment Center"), "Cat Treatment Center"): Actual text and expected text of test object 'Object Repository/Specific Cases Repository/LS/Home/Census/Advance_Census/Filter/Page_Census Advanced/div_Cat Treatment Center' are matched.

15-11-2024T11:34:00 - [MESSAGE][PASSED] - Actual text and expected text of test object 'Object Repository/Specific Cases Repository/LS/Home/Census/Advance_Census/Filter/Page_Census Advanced/div_Cat Treatment Center' are matched.

15-11-2024T11:34:00 - [TEST_STEP][PASSED] - verifyElementNotPresent(findTestObject("Specific Cases Repository/LS/Home/Census/Advance_Census/Filter/Page_Census Advanced/div_Satellite Office"), 0): Web element with id: 'Object Repository/Specific Cases Repository/LS/Home/Census/Advance_Census/Filter/Page_Census Advanced/div_Satellite Office' located by 'By.xpath: //div[normalize-space()='Satellite Office']' is not present after '30' second(s)

15-11-2024T11:34:00 - [MESSAGE][WARNING] - Timeout '0' is invalid. Using default page load timeout: '30'

15-11-2024T11:34:00 - [MESSAGE][PASSED] - Web element with id: 'Object Repository/Specific Cases Repository/LS/Home/Census/Advance_Census/Filter/Page_Census Advanced/div_Satellite Office' located by 'By.xpath: //div[normalize-space()='Satellite Office']' is not present after '30' second(s)

15-11-2024T11:34:00 - [TEST_STEP][PASSED] - verifyElementNotPresent(findTestObject("Specific Cases Repository/LS/Home/Census/Advance_Census/Filter/Page_Census Advanced/div_Dog Treatment Center"), 0): Web element with id: 'Object Repository/Specific Cases Repository/LS/Home/Census/Advance_Census/Filter/Page_Census Advanced/div_Dog Treatment Center' located by 'By.xpath: //div[normalize-space()='Dog Treatment Center']' is not present after '30' second(s)

15-11-2024T11:34:00 - [MESSAGE][WARNING] - Timeout '0' is invalid. Using default page load timeout: '30'

15-11-2024T11:34:01 - [MESSAGE][PASSED] - Web element with id: 'Object Repository/Specific Cases Repository/LS/Home/Census/Advance_Census/Filter/Page_Census Advanced/div_Dog Treatment Center' located by 'By.xpath: //div[normalize-space()='Dog Treatment Center']' is not present after '30' second(s)

15-11-2024T11:34:01 - [TEST_STEP][PASSED] - selectOptionByValue(findTestObject("Object Repository/Specific Cases Repository/LS/Home/Census/Advance_Census/Filter/Page_Census Advanced/select_Type                                _34fc29"), "<=", true): All options with value '<=' are selected in object 'Object Repository/Specific Cases Repository/LS/Home/Census/Advance_Census/Filter/Page_Census Advanced/select_Type                                _34fc29'  using regular expression

15-11-2024T11:34:01 - [MESSAGE][PASSED] - All options with value '<=' are selected in object 'Object Repository/Specific Cases Repository/LS/Home/Census/Advance_Census/Filter/Page_Census Advanced/select_Type                                _34fc29'  using regular expression

15-11-2024T11:34:01 - [TEST_STEP][PASSED] - verifyElementText(findTestObject("Object Repository/Specific Cases Repository/LS/Home/Census/Advance_Census/Filter/Page_Census Advanced/div_Cat Treatment Center"), "Cat Treatment Center"): Actual text and expected text of test object 'Object Repository/Specific Cases Repository/LS/Home/Census/Advance_Census/Filter/Page_Census Advanced/div_Cat Treatment Center' are matched.

15-11-2024T11:34:02 - [MESSAGE][PASSED] - Actual text and expected text of test object 'Object Repository/Specific Cases Repository/LS/Home/Census/Advance_Census/Filter/Page_Census Advanced/div_Cat Treatment Center' are matched.

15-11-2024T11:34:02 - [TEST_STEP][PASSED] - verifyElementText(findTestObject("Object Repository/Specific Cases Repository/LS/Home/Census/Advance_Census/Filter/Page_Census Advanced/div_Dog Treatment Center"), "Dog Treatment Center"): Actual text and expected text of test object 'Object Repository/Specific Cases Repository/LS/Home/Census/Advance_Census/Filter/Page_Census Advanced/div_Dog Treatment Center' are matched.

15-11-2024T11:34:02 - [MESSAGE][PASSED] - Actual text and expected text of test object 'Object Repository/Specific Cases Repository/LS/Home/Census/Advance_Census/Filter/Page_Census Advanced/div_Dog Treatment Center' are matched.

15-11-2024T11:34:02 - [TEST_STEP][PASSED] - verifyElementNotPresent(findTestObject("Specific Cases Repository/LS/Home/Census/Advance_Census/Filter/Page_Census Advanced/div_Satellite Office"), 0): Web element with id: 'Object Repository/Specific Cases Repository/LS/Home/Census/Advance_Census/Filter/Page_Census Advanced/div_Satellite Office' located by 'By.xpath: //div[normalize-space()='Satellite Office']' is not present after '30' second(s)

15-11-2024T11:34:02 - [MESSAGE][WARNING] - Timeout '0' is invalid. Using default page load timeout: '30'

15-11-2024T11:34:02 - [MESSAGE][PASSED] - Web element with id: 'Object Repository/Specific Cases Repository/LS/Home/Census/Advance_Census/Filter/Page_Census Advanced/div_Satellite Office' located by 'By.xpath: //div[normalize-space()='Satellite Office']' is not present after '30' second(s)

15-11-2024T11:34:02 - [TEST_STEP][PASSED] - selectOptionByValue(findTestObject("Object Repository/Specific Cases Repository/LS/Home/Census/Advance_Census/Filter/Page_Census Advanced/select_Type                                _34fc29"), ">", true): All options with value '>' are selected in object 'Object Repository/Specific Cases Repository/LS/Home/Census/Advance_Census/Filter/Page_Census Advanced/select_Type                                _34fc29'  using regular expression

15-11-2024T11:34:03 - [MESSAGE][PASSED] - All options with value '>' are selected in object 'Object Repository/Specific Cases Repository/LS/Home/Census/Advance_Census/Filter/Page_Census Advanced/select_Type                                _34fc29'  using regular expression

15-11-2024T11:34:03 - [TEST_STEP][PASSED] - verifyElementText(findTestObject("Object Repository/Specific Cases Repository/LS/Home/Census/Advance_Census/Filter/Page_Census Advanced/div_Satellite Office"), "Satellite Office"): Actual text and expected text of test object 'Object Repository/Specific Cases Repository/LS/Home/Census/Advance_Census/Filter/Page_Census Advanced/div_Satellite Office' are matched.

15-11-2024T11:34:04 - [MESSAGE][PASSED] - Actual text and expected text of test object 'Object Repository/Specific Cases Repository/LS/Home/Census/Advance_Census/Filter/Page_Census Advanced/div_Satellite Office' are matched.

15-11-2024T11:34:04 - [TEST_STEP][PASSED] - verifyElementNotPresent(findTestObject("Specific Cases Repository/LS/Home/Census/Advance_Census/Filter/Page_Census Advanced/div_Dog Treatment Center"), 0): Web element with id: 'Object Repository/Specific Cases Repository/LS/Home/Census/Advance_Census/Filter/Page_Census Advanced/div_Dog Treatment Center' located by 'By.xpath: //div[normalize-space()='Dog Treatment Center']' is not present after '30' second(s)

15-11-2024T11:34:04 - [MESSAGE][WARNING] - Timeout '0' is invalid. Using default page load timeout: '30'

15-11-2024T11:34:04 - [MESSAGE][PASSED] - Web element with id: 'Object Repository/Specific Cases Repository/LS/Home/Census/Advance_Census/Filter/Page_Census Advanced/div_Dog Treatment Center' located by 'By.xpath: //div[normalize-space()='Dog Treatment Center']' is not present after '30' second(s)

15-11-2024T11:34:04 - [TEST_STEP][PASSED] - verifyElementNotPresent(findTestObject("Specific Cases Repository/LS/Home/Census/Advance_Census/Filter/Page_Census Advanced/div_Cat Treatment Center"), 0): Web element with id: 'Object Repository/Specific Cases Repository/LS/Home/Census/Advance_Census/Filter/Page_Census Advanced/div_Cat Treatment Center' located by 'By.xpath: //div[normalize-space()='Cat Treatment Center']' is not present after '30' second(s)

15-11-2024T11:34:04 - [MESSAGE][WARNING] - Timeout '0' is invalid. Using default page load timeout: '30'

15-11-2024T11:34:04 - [MESSAGE][PASSED] - Web element with id: 'Object Repository/Specific Cases Repository/LS/Home/Census/Advance_Census/Filter/Page_Census Advanced/div_Cat Treatment Center' located by 'By.xpath: //div[normalize-space()='Cat Treatment Center']' is not present after '30' second(s)

15-11-2024T11:34:04 - [TEST_STEP][PASSED] - selectOptionByValue(findTestObject("Object Repository/Specific Cases Repository/LS/Home/Census/Advance_Census/Filter/Page_Census Advanced/select_Type                                _34fc29"), ">=", true): All options with value '>=' are selected in object 'Object Repository/Specific Cases Repository/LS/Home/Census/Advance_Census/Filter/Page_Census Advanced/select_Type                                _34fc29'  using regular expression

15-11-2024T11:34:05 - [MESSAGE][PASSED] - All options with value '>=' are selected in object 'Object Repository/Specific Cases Repository/LS/Home/Census/Advance_Census/Filter/Page_Census Advanced/select_Type                                _34fc29'  using regular expression

15-11-2024T11:34:05 - [TEST_STEP][PASSED] - verifyElementText(findTestObject("Object Repository/Specific Cases Repository/LS/Home/Census/Advance_Census/Filter/Page_Census Advanced/div_Dog Treatment Center"), "Dog Treatment Center"): Actual text and expected text of test object 'Object Repository/Specific Cases Repository/LS/Home/Census/Advance_Census/Filter/Page_Census Advanced/div_Dog Treatment Center' are matched.

15-11-2024T11:34:06 - [MESSAGE][PASSED] - Actual text and expected text of test object 'Object Repository/Specific Cases Repository/LS/Home/Census/Advance_Census/Filter/Page_Census Advanced/div_Dog Treatment Center' are matched.

15-11-2024T11:34:06 - [TEST_STEP][PASSED] - verifyElementText(findTestObject("Object Repository/Specific Cases Repository/LS/Home/Census/Advance_Census/Filter/Page_Census Advanced/div_Satellite Office"), "Satellite Office"): Actual text and expected text of test object 'Object Repository/Specific Cases Repository/LS/Home/Census/Advance_Census/Filter/Page_Census Advanced/div_Satellite Office' are matched.

15-11-2024T11:34:06 - [MESSAGE][PASSED] - Actual text and expected text of test object 'Object Repository/Specific Cases Repository/LS/Home/Census/Advance_Census/Filter/Page_Census Advanced/div_Satellite Office' are matched.

15-11-2024T11:34:06 - [TEST_STEP][PASSED] - verifyElementNotPresent(findTestObject("Specific Cases Repository/LS/Home/Census/Advance_Census/Filter/Page_Census Advanced/div_Cat Treatment Center"), 0): Web element with id: 'Object Repository/Specific Cases Repository/LS/Home/Census/Advance_Census/Filter/Page_Census Advanced/div_Cat Treatment Center' located by 'By.xpath: //div[normalize-space()='Cat Treatment Center']' is not present after '30' second(s)

15-11-2024T11:34:06 - [MESSAGE][WARNING] - Timeout '0' is invalid. Using default page load timeout: '30'

15-11-2024T11:34:06 - [MESSAGE][PASSED] - Web element with id: 'Object Repository/Specific Cases Repository/LS/Home/Census/Advance_Census/Filter/Page_Census Advanced/div_Cat Treatment Center' located by 'By.xpath: //div[normalize-space()='Cat Treatment Center']' is not present after '30' second(s)

15-11-2024T11:34:06 - [TEST_STEP][PASSED] - selectOptionByValue(findTestObject("Object Repository/Specific Cases Repository/LS/Home/Census/Advance_Census/Filter/Page_Census Advanced/select_Type                                _34fc29"), "like", true): All options with value 'like' are selected in object 'Object Repository/Specific Cases Repository/LS/Home/Census/Advance_Census/Filter/Page_Census Advanced/select_Type                                _34fc29'  using regular expression

15-11-2024T11:34:07 - [MESSAGE][PASSED] - All options with value 'like' are selected in object 'Object Repository/Specific Cases Repository/LS/Home/Census/Advance_Census/Filter/Page_Census Advanced/select_Type                                _34fc29'  using regular expression

15-11-2024T11:34:07 - [TEST_STEP][PASSED] - verifyElementText(findTestObject("Object Repository/Specific Cases Repository/LS/Home/Census/Advance_Census/Filter/Page_Census Advanced/div_Dog Treatment Center"), "Dog Treatment Center"): Actual text and expected text of test object 'Object Repository/Specific Cases Repository/LS/Home/Census/Advance_Census/Filter/Page_Census Advanced/div_Dog Treatment Center' are matched.

15-11-2024T11:34:07 - [MESSAGE][PASSED] - Actual text and expected text of test object 'Object Repository/Specific Cases Repository/LS/Home/Census/Advance_Census/Filter/Page_Census Advanced/div_Dog Treatment Center' are matched.

15-11-2024T11:34:07 - [TEST_STEP][PASSED] - verifyElementNotPresent(findTestObject("Specific Cases Repository/LS/Home/Census/Advance_Census/Filter/Page_Census Advanced/div_Satellite Office"), 0): Web element with id: 'Object Repository/Specific Cases Repository/LS/Home/Census/Advance_Census/Filter/Page_Census Advanced/div_Satellite Office' located by 'By.xpath: //div[normalize-space()='Satellite Office']' is not present after '30' second(s)

15-11-2024T11:34:07 - [MESSAGE][WARNING] - Timeout '0' is invalid. Using default page load timeout: '30'

15-11-2024T11:34:08 - [MESSAGE][PASSED] - Web element with id: 'Object Repository/Specific Cases Repository/LS/Home/Census/Advance_Census/Filter/Page_Census Advanced/div_Satellite Office' located by 'By.xpath: //div[normalize-space()='Satellite Office']' is not present after '30' second(s)

15-11-2024T11:34:08 - [TEST_STEP][PASSED] - verifyElementNotPresent(findTestObject("Specific Cases Repository/LS/Home/Census/Advance_Census/Filter/Page_Census Advanced/div_Cat Treatment Center"), 0): Web element with id: 'Object Repository/Specific Cases Repository/LS/Home/Census/Advance_Census/Filter/Page_Census Advanced/div_Cat Treatment Center' located by 'By.xpath: //div[normalize-space()='Cat Treatment Center']' is not present after '30' second(s)

15-11-2024T11:34:08 - [MESSAGE][WARNING] - Timeout '0' is invalid. Using default page load timeout: '30'

15-11-2024T11:34:08 - [MESSAGE][PASSED] - Web element with id: 'Object Repository/Specific Cases Repository/LS/Home/Census/Advance_Census/Filter/Page_Census Advanced/div_Cat Treatment Center' located by 'By.xpath: //div[normalize-space()='Cat Treatment Center']' is not present after '30' second(s)

15-11-2024T11:34:08 - [TEST_STEP][PASSED] - closeBrowser(): Browser is closed

15-11-2024T11:34:08 - [MESSAGE][PASSED] - Browser is closed]]></system-out>
         <system-err><![CDATA[]]></system-err>
      </testcase>
      <testcase name="Test Cases/Specific Cases/LS/General/Census/Client Face Sheets/Client_Face_Sheets_Filters" time="42.895" classname="Test Cases/Specific Cases/LS/General/Census/Client Face Sheets/Client_Face_Sheets_Filters" status="PASSED">
         <system-out><![CDATA[15-11-2024T11:34:08 - [TEST_CASE][PASSED] - Test Cases/Specific Cases/LS/General/Census/Client Face Sheets/Client_Face_Sheets_Filters: Test Cases/Specific Cases/LS/General/Census/Client Face Sheets/Client_Face_Sheets_Filters

15-11-2024T11:34:08 - [TEST_STEP][PASSED] - callTestCase(findTestCase("Common Cases/Login"), [:], STOP_ON_FAILURE): Call Test Case 'Test Cases/Common Cases/Login' successfully

15-11-2024T11:34:08 - [TEST_CASE][PASSED] - Test Cases/Common Cases/Login: Test Cases/Common Cases/Login

15-11-2024T11:34:08 - [TEST_STEP][PASSED] - openBrowser(""): Browser is opened with url: ''

15-11-2024T11:34:08 - [MESSAGE][INFO] - Starting 'Chrome' driver

15-11-2024T11:34:08 - [MESSAGE][INFO] - Action delay is set to 0 milliseconds

15-11-2024T11:34:09 - [MESSAGE][PASSED] - Browser is opened with url: ''

15-11-2024T11:34:09 - [TEST_STEP][PASSED] - maximizeWindow(): Current window maximized

15-11-2024T11:34:09 - [MESSAGE][PASSED] - Current window maximized

15-11-2024T11:34:09 - [TEST_STEP][PASSED] - navigateToUrl("https://site17.lsapp.cloud/auth/login"): Navigate to 'https://site17.lsapp.cloud/auth/login' successfully

15-11-2024T11:34:11 - [MESSAGE][PASSED] - Navigate to 'https://site17.lsapp.cloud/auth/login' successfully

15-11-2024T11:34:11 - [TEST_STEP][PASSED] - setText(findTestObject("Object Repository/Common Cases Repository/Login/Page_Lightning Step/input_Email_email"), "automation@lightningstep.com"): Text 'automation@lightningstep.com' is set on object 'Object Repository/Common Cases Repository/Login/Page_Lightning Step/input_Email_email'

15-11-2024T11:34:12 - [MESSAGE][PASSED] - Text 'automation@lightningstep.com' is set on object 'Object Repository/Common Cases Repository/Login/Page_Lightning Step/input_Email_email'

15-11-2024T11:34:12 - [TEST_STEP][PASSED] - setEncryptedText(findTestObject("Object Repository/Common Cases Repository/Login/Page_Lightning Step/input_Password_password"), "e5N8VHmnhJDITtQaQhDQDw=="): Text ****** has been set on object 'Object Repository/Common Cases Repository/Login/Page_Lightning Step/input_Password_password'

15-11-2024T11:34:12 - [MESSAGE][PASSED] - Text ****** has been set on object 'Object Repository/Common Cases Repository/Login/Page_Lightning Step/input_Password_password'

15-11-2024T11:34:12 - [TEST_STEP][PASSED] - click(findTestObject("Object Repository/Common Cases Repository/Login/Page_Lightning Step/button_Sign in")): Object: 'Object Repository/Common Cases Repository/Login/Page_Lightning Step/button_Sign in' is clicked on

15-11-2024T11:34:22 - [MESSAGE][PASSED] - Object: 'Object Repository/Common Cases Repository/Login/Page_Lightning Step/button_Sign in' is clicked on

15-11-2024T11:34:22 - [MESSAGE][PASSED] - Call Test Case 'Test Cases/Common Cases/Login' successfully

15-11-2024T11:34:22 - [TEST_STEP][PASSED] - click(findTestObject("Object Repository/Specific Cases Repository/LS/Home/Census/Clients Face Sheets/CLients Face Sheets Filters/Page_Home/div_groups                                 _eea1bb")): Object: 'Object Repository/Specific Cases Repository/LS/Home/Census/Clients Face Sheets/CLients Face Sheets Filters/Page_Home/div_groups                                 _eea1bb' is clicked on

15-11-2024T11:34:23 - [MESSAGE][PASSED] - Object: 'Object Repository/Specific Cases Repository/LS/Home/Census/Clients Face Sheets/CLients Face Sheets Filters/Page_Home/div_groups                                 _eea1bb' is clicked on

15-11-2024T11:34:23 - [TEST_STEP][PASSED] - click(findTestObject("Object Repository/Specific Cases Repository/LS/Home/Census/Clients Face Sheets/CLients Face Sheets Filters/Page_Home/a_co_present                 Client Face sheets")): Object: 'Object Repository/Specific Cases Repository/LS/Home/Census/Clients Face Sheets/CLients Face Sheets Filters/Page_Home/a_co_present                 Client Face sheets' is clicked on

15-11-2024T11:34:27 - [MESSAGE][PASSED] - Object: 'Object Repository/Specific Cases Repository/LS/Home/Census/Clients Face Sheets/CLients Face Sheets Filters/Page_Home/a_co_present                 Client Face sheets' is clicked on

15-11-2024T11:34:27 - [TEST_STEP][PASSED] - navigateToUrl("https://site17.lsapp.cloud/report/clientfacesheets"): Navigate to 'https://site17.lsapp.cloud/report/clientfacesheets' successfully

15-11-2024T11:34:28 - [MESSAGE][PASSED] - Navigate to 'https://site17.lsapp.cloud/report/clientfacesheets' successfully

15-11-2024T11:34:28 - [TEST_STEP][PASSED] - click(findTestObject("Object Repository/Specific Cases Repository/LS/Home/Census/Clients Face Sheets/CLients Face Sheets Filters/Page_Client Face Sheets/button_Show Data")): Object: 'Object Repository/Specific Cases Repository/LS/Home/Census/Clients Face Sheets/CLients Face Sheets Filters/Page_Client Face Sheets/button_Show Data' is clicked on

15-11-2024T11:34:29 - [MESSAGE][PASSED] - Object: 'Object Repository/Specific Cases Repository/LS/Home/Census/Clients Face Sheets/CLients Face Sheets Filters/Page_Client Face Sheets/button_Show Data' is clicked on

15-11-2024T11:34:29 - [TEST_STEP][PASSED] - verifyElementText(findTestObject("Object Repository/Specific Cases Repository/LS/Home/Census/Clients Face Sheets/CLients Face Sheets Filters/Page_Client Face Sheets/td_24-11006"), "24-11006"): Actual text and expected text of test object 'Object Repository/Specific Cases Repository/LS/Home/Census/Clients Face Sheets/CLients Face Sheets Filters/Page_Client Face Sheets/td_24-11006' are matched.

15-11-2024T11:34:30 - [MESSAGE][PASSED] - Actual text and expected text of test object 'Object Repository/Specific Cases Repository/LS/Home/Census/Clients Face Sheets/CLients Face Sheets Filters/Page_Client Face Sheets/td_24-11006' are matched.

15-11-2024T11:34:30 - [TEST_STEP][PASSED] - verifyElementText(findTestObject("Object Repository/Specific Cases Repository/LS/Home/Census/Clients Face Sheets/CLients Face Sheets Filters/Page_Client Face Sheets/td_24-11007"), "24-11007"): Actual text and expected text of test object 'Object Repository/Specific Cases Repository/LS/Home/Census/Clients Face Sheets/CLients Face Sheets Filters/Page_Client Face Sheets/td_24-11007' are matched.

15-11-2024T11:34:30 - [MESSAGE][PASSED] - Actual text and expected text of test object 'Object Repository/Specific Cases Repository/LS/Home/Census/Clients Face Sheets/CLients Face Sheets Filters/Page_Client Face Sheets/td_24-11007' are matched.

15-11-2024T11:34:30 - [TEST_STEP][PASSED] - verifyElementText(findTestObject("Object Repository/Specific Cases Repository/LS/Home/Census/Clients Face Sheets/CLients Face Sheets Filters/Page_Client Face Sheets/td_24-11008"), "24-11008"): Actual text and expected text of test object 'Object Repository/Specific Cases Repository/LS/Home/Census/Clients Face Sheets/CLients Face Sheets Filters/Page_Client Face Sheets/td_24-11008' are matched.

15-11-2024T11:34:30 - [MESSAGE][PASSED] - Actual text and expected text of test object 'Object Repository/Specific Cases Repository/LS/Home/Census/Clients Face Sheets/CLients Face Sheets Filters/Page_Client Face Sheets/td_24-11008' are matched.

15-11-2024T11:34:30 - [TEST_STEP][PASSED] - selectOptionByValue(findTestObject("Object Repository/Specific Cases Repository/LS/Home/Census/Clients Face Sheets/CLients Face Sheets Filters/Page_Client Face Sheets/select_All Locations                       _863db7"), "22", true): All options with value '22' are selected in object 'Object Repository/Specific Cases Repository/LS/Home/Census/Clients Face Sheets/CLients Face Sheets Filters/Page_Client Face Sheets/select_All Locations                       _863db7'  using regular expression

15-11-2024T11:34:31 - [MESSAGE][PASSED] - All options with value '22' are selected in object 'Object Repository/Specific Cases Repository/LS/Home/Census/Clients Face Sheets/CLients Face Sheets Filters/Page_Client Face Sheets/select_All Locations                       _863db7'  using regular expression

15-11-2024T11:34:31 - [TEST_STEP][PASSED] - click(findTestObject("Object Repository/Specific Cases Repository/LS/Home/Census/Clients Face Sheets/CLients Face Sheets Filters/Page_Client Face Sheets/button_Show Data")): Object: 'Object Repository/Specific Cases Repository/LS/Home/Census/Clients Face Sheets/CLients Face Sheets Filters/Page_Client Face Sheets/button_Show Data' is clicked on

15-11-2024T11:34:31 - [MESSAGE][PASSED] - Object: 'Object Repository/Specific Cases Repository/LS/Home/Census/Clients Face Sheets/CLients Face Sheets Filters/Page_Client Face Sheets/button_Show Data' is clicked on

15-11-2024T11:34:31 - [TEST_STEP][PASSED] - verifyElementText(findTestObject("Object Repository/Specific Cases Repository/LS/Home/Census/Clients Face Sheets/CLients Face Sheets Filters/Page_Client Face Sheets/td_24-11006"), "24-11006"): Actual text and expected text of test object 'Object Repository/Specific Cases Repository/LS/Home/Census/Clients Face Sheets/CLients Face Sheets Filters/Page_Client Face Sheets/td_24-11006' are matched.

15-11-2024T11:34:33 - [MESSAGE][PASSED] - Actual text and expected text of test object 'Object Repository/Specific Cases Repository/LS/Home/Census/Clients Face Sheets/CLients Face Sheets Filters/Page_Client Face Sheets/td_24-11006' are matched.

15-11-2024T11:34:33 - [TEST_STEP][PASSED] - verifyElementNotPresent(findTestObject("Specific Cases Repository/LS/Home/Census/Clients Face Sheets/CLients Face Sheets Filters/Page_Client Face Sheets/td_24-11007"), 0): Web element with id: 'Object Repository/Specific Cases Repository/LS/Home/Census/Clients Face Sheets/CLients Face Sheets Filters/Page_Client Face Sheets/td_24-11007' located by 'By.xpath: //td[normalize-space()='24-11007']' is not present after '30' second(s)

15-11-2024T11:34:33 - [MESSAGE][WARNING] - Timeout '0' is invalid. Using default page load timeout: '30'

15-11-2024T11:34:33 - [MESSAGE][PASSED] - Web element with id: 'Object Repository/Specific Cases Repository/LS/Home/Census/Clients Face Sheets/CLients Face Sheets Filters/Page_Client Face Sheets/td_24-11007' located by 'By.xpath: //td[normalize-space()='24-11007']' is not present after '30' second(s)

15-11-2024T11:34:33 - [TEST_STEP][PASSED] - verifyElementNotPresent(findTestObject("Specific Cases Repository/LS/Home/Census/Clients Face Sheets/CLients Face Sheets Filters/Page_Client Face Sheets/td_24-11008"), 0): Web element with id: 'Object Repository/Specific Cases Repository/LS/Home/Census/Clients Face Sheets/CLients Face Sheets Filters/Page_Client Face Sheets/td_24-11008' located by 'By.xpath: //td[normalize-space()='24-11008']' is not present after '30' second(s)

15-11-2024T11:34:33 - [MESSAGE][WARNING] - Timeout '0' is invalid. Using default page load timeout: '30'

15-11-2024T11:34:33 - [MESSAGE][PASSED] - Web element with id: 'Object Repository/Specific Cases Repository/LS/Home/Census/Clients Face Sheets/CLients Face Sheets Filters/Page_Client Face Sheets/td_24-11008' located by 'By.xpath: //td[normalize-space()='24-11008']' is not present after '30' second(s)

15-11-2024T11:34:33 - [TEST_STEP][PASSED] - selectOptionByValue(findTestObject("Object Repository/Specific Cases Repository/LS/Home/Census/Clients Face Sheets/CLients Face Sheets Filters/Page_Client Face Sheets/select_All Locations                       _863db7"), "17", true): All options with value '17' are selected in object 'Object Repository/Specific Cases Repository/LS/Home/Census/Clients Face Sheets/CLients Face Sheets Filters/Page_Client Face Sheets/select_All Locations                       _863db7'  using regular expression

15-11-2024T11:34:34 - [MESSAGE][PASSED] - All options with value '17' are selected in object 'Object Repository/Specific Cases Repository/LS/Home/Census/Clients Face Sheets/CLients Face Sheets Filters/Page_Client Face Sheets/select_All Locations                       _863db7'  using regular expression

15-11-2024T11:34:34 - [TEST_STEP][PASSED] - click(findTestObject("Object Repository/Specific Cases Repository/LS/Home/Census/Clients Face Sheets/CLients Face Sheets Filters/Page_Client Face Sheets/button_Show Data")): Object: 'Object Repository/Specific Cases Repository/LS/Home/Census/Clients Face Sheets/CLients Face Sheets Filters/Page_Client Face Sheets/button_Show Data' is clicked on

15-11-2024T11:34:34 - [MESSAGE][PASSED] - Object: 'Object Repository/Specific Cases Repository/LS/Home/Census/Clients Face Sheets/CLients Face Sheets Filters/Page_Client Face Sheets/button_Show Data' is clicked on

15-11-2024T11:34:34 - [TEST_STEP][PASSED] - verifyElementText(findTestObject("Object Repository/Specific Cases Repository/LS/Home/Census/Clients Face Sheets/CLients Face Sheets Filters/Page_Client Face Sheets/td_24-11007"), "24-11007"): Actual text and expected text of test object 'Object Repository/Specific Cases Repository/LS/Home/Census/Clients Face Sheets/CLients Face Sheets Filters/Page_Client Face Sheets/td_24-11007' are matched.

15-11-2024T11:34:35 - [MESSAGE][PASSED] - Actual text and expected text of test object 'Object Repository/Specific Cases Repository/LS/Home/Census/Clients Face Sheets/CLients Face Sheets Filters/Page_Client Face Sheets/td_24-11007' are matched.

15-11-2024T11:34:35 - [TEST_STEP][PASSED] - verifyElementNotPresent(findTestObject("Specific Cases Repository/LS/Home/Census/Clients Face Sheets/CLients Face Sheets Filters/Page_Client Face Sheets/td_24-11006"), 0): Web element with id: 'Object Repository/Specific Cases Repository/LS/Home/Census/Clients Face Sheets/CLients Face Sheets Filters/Page_Client Face Sheets/td_24-11006' located by 'By.xpath: //td[normalize-space()='24-11006']' is not present after '30' second(s)

15-11-2024T11:34:35 - [MESSAGE][WARNING] - Timeout '0' is invalid. Using default page load timeout: '30'

15-11-2024T11:34:35 - [MESSAGE][PASSED] - Web element with id: 'Object Repository/Specific Cases Repository/LS/Home/Census/Clients Face Sheets/CLients Face Sheets Filters/Page_Client Face Sheets/td_24-11006' located by 'By.xpath: //td[normalize-space()='24-11006']' is not present after '30' second(s)

15-11-2024T11:34:35 - [TEST_STEP][PASSED] - verifyElementNotPresent(findTestObject("Specific Cases Repository/LS/Home/Census/Clients Face Sheets/CLients Face Sheets Filters/Page_Client Face Sheets/td_24-11008"), 0): Web element with id: 'Object Repository/Specific Cases Repository/LS/Home/Census/Clients Face Sheets/CLients Face Sheets Filters/Page_Client Face Sheets/td_24-11008' located by 'By.xpath: //td[normalize-space()='24-11008']' is not present after '30' second(s)

15-11-2024T11:34:35 - [MESSAGE][WARNING] - Timeout '0' is invalid. Using default page load timeout: '30'

15-11-2024T11:34:36 - [MESSAGE][PASSED] - Web element with id: 'Object Repository/Specific Cases Repository/LS/Home/Census/Clients Face Sheets/CLients Face Sheets Filters/Page_Client Face Sheets/td_24-11008' located by 'By.xpath: //td[normalize-space()='24-11008']' is not present after '30' second(s)

15-11-2024T11:34:36 - [TEST_STEP][PASSED] - selectOptionByValue(findTestObject("Object Repository/Specific Cases Repository/LS/Home/Census/Clients Face Sheets/CLients Face Sheets Filters/Page_Client Face Sheets/select_All Locations                       _863db7"), "18", true): All options with value '18' are selected in object 'Object Repository/Specific Cases Repository/LS/Home/Census/Clients Face Sheets/CLients Face Sheets Filters/Page_Client Face Sheets/select_All Locations                       _863db7'  using regular expression

15-11-2024T11:34:36 - [MESSAGE][PASSED] - All options with value '18' are selected in object 'Object Repository/Specific Cases Repository/LS/Home/Census/Clients Face Sheets/CLients Face Sheets Filters/Page_Client Face Sheets/select_All Locations                       _863db7'  using regular expression

15-11-2024T11:34:36 - [TEST_STEP][PASSED] - click(findTestObject("Object Repository/Specific Cases Repository/LS/Home/Census/Clients Face Sheets/CLients Face Sheets Filters/Page_Client Face Sheets/button_Show Data")): Object: 'Object Repository/Specific Cases Repository/LS/Home/Census/Clients Face Sheets/CLients Face Sheets Filters/Page_Client Face Sheets/button_Show Data' is clicked on

15-11-2024T11:34:37 - [MESSAGE][PASSED] - Object: 'Object Repository/Specific Cases Repository/LS/Home/Census/Clients Face Sheets/CLients Face Sheets Filters/Page_Client Face Sheets/button_Show Data' is clicked on

15-11-2024T11:34:37 - [TEST_STEP][PASSED] - verifyElementText(findTestObject("Object Repository/Specific Cases Repository/LS/Home/Census/Clients Face Sheets/CLients Face Sheets Filters/Page_Client Face Sheets/td_24-11008"), "24-11008"): Actual text and expected text of test object 'Object Repository/Specific Cases Repository/LS/Home/Census/Clients Face Sheets/CLients Face Sheets Filters/Page_Client Face Sheets/td_24-11008' are matched.

15-11-2024T11:34:38 - [MESSAGE][PASSED] - Actual text and expected text of test object 'Object Repository/Specific Cases Repository/LS/Home/Census/Clients Face Sheets/CLients Face Sheets Filters/Page_Client Face Sheets/td_24-11008' are matched.

15-11-2024T11:34:38 - [TEST_STEP][PASSED] - verifyElementNotPresent(findTestObject("Specific Cases Repository/LS/Home/Census/Clients Face Sheets/CLients Face Sheets Filters/Page_Client Face Sheets/td_24-11007"), 0): Web element with id: 'Object Repository/Specific Cases Repository/LS/Home/Census/Clients Face Sheets/CLients Face Sheets Filters/Page_Client Face Sheets/td_24-11007' located by 'By.xpath: //td[normalize-space()='24-11007']' is not present after '30' second(s)

15-11-2024T11:34:38 - [MESSAGE][WARNING] - Timeout '0' is invalid. Using default page load timeout: '30'

15-11-2024T11:34:38 - [MESSAGE][PASSED] - Web element with id: 'Object Repository/Specific Cases Repository/LS/Home/Census/Clients Face Sheets/CLients Face Sheets Filters/Page_Client Face Sheets/td_24-11007' located by 'By.xpath: //td[normalize-space()='24-11007']' is not present after '30' second(s)

15-11-2024T11:34:38 - [TEST_STEP][PASSED] - verifyElementNotPresent(findTestObject("Specific Cases Repository/LS/Home/Census/Clients Face Sheets/CLients Face Sheets Filters/Page_Client Face Sheets/td_24-11006"), 0): Web element with id: 'Object Repository/Specific Cases Repository/LS/Home/Census/Clients Face Sheets/CLients Face Sheets Filters/Page_Client Face Sheets/td_24-11006' located by 'By.xpath: //td[normalize-space()='24-11006']' is not present after '30' second(s)

15-11-2024T11:34:38 - [MESSAGE][WARNING] - Timeout '0' is invalid. Using default page load timeout: '30'

15-11-2024T11:34:38 - [MESSAGE][PASSED] - Web element with id: 'Object Repository/Specific Cases Repository/LS/Home/Census/Clients Face Sheets/CLients Face Sheets Filters/Page_Client Face Sheets/td_24-11006' located by 'By.xpath: //td[normalize-space()='24-11006']' is not present after '30' second(s)

15-11-2024T11:34:38 - [TEST_STEP][PASSED] - selectOptionByValue(findTestObject("Object Repository/Specific Cases Repository/LS/Home/Census/Clients Face Sheets/CLients Face Sheets Filters/Page_Client Face Sheets/select_All Locations                       _863db7"), "0", true): All options with value '0' are selected in object 'Object Repository/Specific Cases Repository/LS/Home/Census/Clients Face Sheets/CLients Face Sheets Filters/Page_Client Face Sheets/select_All Locations                       _863db7'  using regular expression

15-11-2024T11:34:39 - [MESSAGE][PASSED] - All options with value '0' are selected in object 'Object Repository/Specific Cases Repository/LS/Home/Census/Clients Face Sheets/CLients Face Sheets Filters/Page_Client Face Sheets/select_All Locations                       _863db7'  using regular expression

15-11-2024T11:34:39 - [TEST_STEP][PASSED] - selectOptionByValue(findTestObject("Object Repository/Specific Cases Repository/LS/Home/Census/Clients Face Sheets/CLients Face Sheets Filters/Page_Client Face Sheets/select_All Programs                        _aea83e"), "3", true): All options with value '3' are selected in object 'Object Repository/Specific Cases Repository/LS/Home/Census/Clients Face Sheets/CLients Face Sheets Filters/Page_Client Face Sheets/select_All Programs                        _aea83e'  using regular expression

15-11-2024T11:34:40 - [MESSAGE][PASSED] - All options with value '3' are selected in object 'Object Repository/Specific Cases Repository/LS/Home/Census/Clients Face Sheets/CLients Face Sheets Filters/Page_Client Face Sheets/select_All Programs                        _aea83e'  using regular expression

15-11-2024T11:34:40 - [TEST_STEP][PASSED] - click(findTestObject("Object Repository/Specific Cases Repository/LS/Home/Census/Clients Face Sheets/CLients Face Sheets Filters/Page_Client Face Sheets/button_Show Data")): Object: 'Object Repository/Specific Cases Repository/LS/Home/Census/Clients Face Sheets/CLients Face Sheets Filters/Page_Client Face Sheets/button_Show Data' is clicked on

15-11-2024T11:34:40 - [MESSAGE][PASSED] - Object: 'Object Repository/Specific Cases Repository/LS/Home/Census/Clients Face Sheets/CLients Face Sheets Filters/Page_Client Face Sheets/button_Show Data' is clicked on

15-11-2024T11:34:40 - [TEST_STEP][PASSED] - verifyElementText(findTestObject("Object Repository/Specific Cases Repository/LS/Home/Census/Clients Face Sheets/CLients Face Sheets Filters/Page_Client Face Sheets/td_24-11006"), "24-11006"): Actual text and expected text of test object 'Object Repository/Specific Cases Repository/LS/Home/Census/Clients Face Sheets/CLients Face Sheets Filters/Page_Client Face Sheets/td_24-11006' are matched.

15-11-2024T11:34:41 - [MESSAGE][PASSED] - Actual text and expected text of test object 'Object Repository/Specific Cases Repository/LS/Home/Census/Clients Face Sheets/CLients Face Sheets Filters/Page_Client Face Sheets/td_24-11006' are matched.

15-11-2024T11:34:41 - [TEST_STEP][PASSED] - verifyElementText(findTestObject("Object Repository/Specific Cases Repository/LS/Home/Census/Clients Face Sheets/CLients Face Sheets Filters/Page_Client Face Sheets/td_24-11007"), "24-11007"): Actual text and expected text of test object 'Object Repository/Specific Cases Repository/LS/Home/Census/Clients Face Sheets/CLients Face Sheets Filters/Page_Client Face Sheets/td_24-11007' are matched.

15-11-2024T11:34:42 - [MESSAGE][PASSED] - Actual text and expected text of test object 'Object Repository/Specific Cases Repository/LS/Home/Census/Clients Face Sheets/CLients Face Sheets Filters/Page_Client Face Sheets/td_24-11007' are matched.

15-11-2024T11:34:42 - [TEST_STEP][PASSED] - verifyElementNotPresent(findTestObject("Specific Cases Repository/LS/Home/Census/Clients Face Sheets/CLients Face Sheets Filters/Page_Client Face Sheets/td_24-11008"), 0): Web element with id: 'Object Repository/Specific Cases Repository/LS/Home/Census/Clients Face Sheets/CLients Face Sheets Filters/Page_Client Face Sheets/td_24-11008' located by 'By.xpath: //td[normalize-space()='24-11008']' is not present after '30' second(s)

15-11-2024T11:34:42 - [MESSAGE][WARNING] - Timeout '0' is invalid. Using default page load timeout: '30'

15-11-2024T11:34:42 - [MESSAGE][PASSED] - Web element with id: 'Object Repository/Specific Cases Repository/LS/Home/Census/Clients Face Sheets/CLients Face Sheets Filters/Page_Client Face Sheets/td_24-11008' located by 'By.xpath: //td[normalize-space()='24-11008']' is not present after '30' second(s)

15-11-2024T11:34:42 - [TEST_STEP][PASSED] - selectOptionByValue(findTestObject("Object Repository/Specific Cases Repository/LS/Home/Census/Clients Face Sheets/CLients Face Sheets Filters/Page_Client Face Sheets/select_All Programs                        _aea83e"), "13", true): All options with value '13' are selected in object 'Object Repository/Specific Cases Repository/LS/Home/Census/Clients Face Sheets/CLients Face Sheets Filters/Page_Client Face Sheets/select_All Programs                        _aea83e'  using regular expression

15-11-2024T11:34:43 - [MESSAGE][PASSED] - All options with value '13' are selected in object 'Object Repository/Specific Cases Repository/LS/Home/Census/Clients Face Sheets/CLients Face Sheets Filters/Page_Client Face Sheets/select_All Programs                        _aea83e'  using regular expression

15-11-2024T11:34:43 - [TEST_STEP][PASSED] - click(findTestObject("Object Repository/Specific Cases Repository/LS/Home/Census/Clients Face Sheets/CLients Face Sheets Filters/Page_Client Face Sheets/button_Show Data")): Object: 'Object Repository/Specific Cases Repository/LS/Home/Census/Clients Face Sheets/CLients Face Sheets Filters/Page_Client Face Sheets/button_Show Data' is clicked on

15-11-2024T11:34:43 - [MESSAGE][PASSED] - Object: 'Object Repository/Specific Cases Repository/LS/Home/Census/Clients Face Sheets/CLients Face Sheets Filters/Page_Client Face Sheets/button_Show Data' is clicked on

15-11-2024T11:34:43 - [TEST_STEP][PASSED] - verifyElementText(findTestObject("Object Repository/Specific Cases Repository/LS/Home/Census/Clients Face Sheets/CLients Face Sheets Filters/Page_Client Face Sheets/td_24-11008"), "24-11008"): Actual text and expected text of test object 'Object Repository/Specific Cases Repository/LS/Home/Census/Clients Face Sheets/CLients Face Sheets Filters/Page_Client Face Sheets/td_24-11008' are matched.

15-11-2024T11:34:44 - [MESSAGE][PASSED] - Actual text and expected text of test object 'Object Repository/Specific Cases Repository/LS/Home/Census/Clients Face Sheets/CLients Face Sheets Filters/Page_Client Face Sheets/td_24-11008' are matched.

15-11-2024T11:34:44 - [TEST_STEP][PASSED] - verifyElementNotPresent(findTestObject("Specific Cases Repository/LS/Home/Census/Clients Face Sheets/CLients Face Sheets Filters/Page_Client Face Sheets/td_24-11007"), 0): Web element with id: 'Object Repository/Specific Cases Repository/LS/Home/Census/Clients Face Sheets/CLients Face Sheets Filters/Page_Client Face Sheets/td_24-11007' located by 'By.xpath: //td[normalize-space()='24-11007']' is not present after '30' second(s)

15-11-2024T11:34:44 - [MESSAGE][WARNING] - Timeout '0' is invalid. Using default page load timeout: '30'

15-11-2024T11:34:45 - [MESSAGE][PASSED] - Web element with id: 'Object Repository/Specific Cases Repository/LS/Home/Census/Clients Face Sheets/CLients Face Sheets Filters/Page_Client Face Sheets/td_24-11007' located by 'By.xpath: //td[normalize-space()='24-11007']' is not present after '30' second(s)

15-11-2024T11:34:45 - [TEST_STEP][PASSED] - verifyElementNotPresent(findTestObject("Specific Cases Repository/LS/Home/Census/Clients Face Sheets/CLients Face Sheets Filters/Page_Client Face Sheets/td_24-11006"), 0): Web element with id: 'Object Repository/Specific Cases Repository/LS/Home/Census/Clients Face Sheets/CLients Face Sheets Filters/Page_Client Face Sheets/td_24-11006' located by 'By.xpath: //td[normalize-space()='24-11006']' is not present after '30' second(s)

15-11-2024T11:34:45 - [MESSAGE][WARNING] - Timeout '0' is invalid. Using default page load timeout: '30'

15-11-2024T11:34:45 - [MESSAGE][PASSED] - Web element with id: 'Object Repository/Specific Cases Repository/LS/Home/Census/Clients Face Sheets/CLients Face Sheets Filters/Page_Client Face Sheets/td_24-11006' located by 'By.xpath: //td[normalize-space()='24-11006']' is not present after '30' second(s)

15-11-2024T11:34:45 - [TEST_STEP][PASSED] - selectOptionByValue(findTestObject("Object Repository/Specific Cases Repository/LS/Home/Census/Clients Face Sheets/CLients Face Sheets Filters/Page_Client Face Sheets/select_All Programs                        _aea83e"), "0", true): All options with value '0' are selected in object 'Object Repository/Specific Cases Repository/LS/Home/Census/Clients Face Sheets/CLients Face Sheets Filters/Page_Client Face Sheets/select_All Programs                        _aea83e'  using regular expression

15-11-2024T11:34:46 - [MESSAGE][PASSED] - All options with value '0' are selected in object 'Object Repository/Specific Cases Repository/LS/Home/Census/Clients Face Sheets/CLients Face Sheets Filters/Page_Client Face Sheets/select_All Programs                        _aea83e'  using regular expression

15-11-2024T11:34:46 - [TEST_STEP][PASSED] - selectOptionByValue(findTestObject("Object Repository/Specific Cases Repository/LS/Home/Census/Clients Face Sheets/CLients Face Sheets Filters/Page_Client Face Sheets/select_All Units                           _3d629c"), "1", true): All options with value '1' are selected in object 'Object Repository/Specific Cases Repository/LS/Home/Census/Clients Face Sheets/CLients Face Sheets Filters/Page_Client Face Sheets/select_All Units                           _3d629c'  using regular expression

15-11-2024T11:34:46 - [MESSAGE][PASSED] - All options with value '1' are selected in object 'Object Repository/Specific Cases Repository/LS/Home/Census/Clients Face Sheets/CLients Face Sheets Filters/Page_Client Face Sheets/select_All Units                           _3d629c'  using regular expression

15-11-2024T11:34:46 - [TEST_STEP][PASSED] - click(findTestObject("Object Repository/Specific Cases Repository/LS/Home/Census/Clients Face Sheets/CLients Face Sheets Filters/Page_Client Face Sheets/button_Show Data")): Object: 'Object Repository/Specific Cases Repository/LS/Home/Census/Clients Face Sheets/CLients Face Sheets Filters/Page_Client Face Sheets/button_Show Data' is clicked on

15-11-2024T11:34:47 - [MESSAGE][PASSED] - Object: 'Object Repository/Specific Cases Repository/LS/Home/Census/Clients Face Sheets/CLients Face Sheets Filters/Page_Client Face Sheets/button_Show Data' is clicked on

15-11-2024T11:34:47 - [TEST_STEP][PASSED] - verifyElementText(findTestObject("Object Repository/Specific Cases Repository/LS/Home/Census/Clients Face Sheets/CLients Face Sheets Filters/Page_Client Face Sheets/td_24-11006"), "24-11006"): Actual text and expected text of test object 'Object Repository/Specific Cases Repository/LS/Home/Census/Clients Face Sheets/CLients Face Sheets Filters/Page_Client Face Sheets/td_24-11006' are matched.

15-11-2024T11:34:48 - [MESSAGE][PASSED] - Actual text and expected text of test object 'Object Repository/Specific Cases Repository/LS/Home/Census/Clients Face Sheets/CLients Face Sheets Filters/Page_Client Face Sheets/td_24-11006' are matched.

15-11-2024T11:34:48 - [TEST_STEP][PASSED] - verifyElementText(findTestObject("Object Repository/Specific Cases Repository/LS/Home/Census/Clients Face Sheets/CLients Face Sheets Filters/Page_Client Face Sheets/td_24-11007"), "24-11007"): Actual text and expected text of test object 'Object Repository/Specific Cases Repository/LS/Home/Census/Clients Face Sheets/CLients Face Sheets Filters/Page_Client Face Sheets/td_24-11007' are matched.

15-11-2024T11:34:48 - [MESSAGE][PASSED] - Actual text and expected text of test object 'Object Repository/Specific Cases Repository/LS/Home/Census/Clients Face Sheets/CLients Face Sheets Filters/Page_Client Face Sheets/td_24-11007' are matched.

15-11-2024T11:34:48 - [TEST_STEP][PASSED] - verifyElementNotPresent(findTestObject("Specific Cases Repository/LS/Home/Census/Clients Face Sheets/CLients Face Sheets Filters/Page_Client Face Sheets/td_24-11008"), 0): Web element with id: 'Object Repository/Specific Cases Repository/LS/Home/Census/Clients Face Sheets/CLients Face Sheets Filters/Page_Client Face Sheets/td_24-11008' located by 'By.xpath: //td[normalize-space()='24-11008']' is not present after '30' second(s)

15-11-2024T11:34:48 - [MESSAGE][WARNING] - Timeout '0' is invalid. Using default page load timeout: '30'

15-11-2024T11:34:48 - [MESSAGE][PASSED] - Web element with id: 'Object Repository/Specific Cases Repository/LS/Home/Census/Clients Face Sheets/CLients Face Sheets Filters/Page_Client Face Sheets/td_24-11008' located by 'By.xpath: //td[normalize-space()='24-11008']' is not present after '30' second(s)

15-11-2024T11:34:48 - [TEST_STEP][PASSED] - selectOptionByValue(findTestObject("Object Repository/Specific Cases Repository/LS/Home/Census/Clients Face Sheets/CLients Face Sheets Filters/Page_Client Face Sheets/select_All Units                           _3d629c"), "2", true): All options with value '2' are selected in object 'Object Repository/Specific Cases Repository/LS/Home/Census/Clients Face Sheets/CLients Face Sheets Filters/Page_Client Face Sheets/select_All Units                           _3d629c'  using regular expression

15-11-2024T11:34:49 - [MESSAGE][PASSED] - All options with value '2' are selected in object 'Object Repository/Specific Cases Repository/LS/Home/Census/Clients Face Sheets/CLients Face Sheets Filters/Page_Client Face Sheets/select_All Units                           _3d629c'  using regular expression

15-11-2024T11:34:49 - [TEST_STEP][PASSED] - click(findTestObject("Object Repository/Specific Cases Repository/LS/Home/Census/Clients Face Sheets/CLients Face Sheets Filters/Page_Client Face Sheets/button_Show Data")): Object: 'Object Repository/Specific Cases Repository/LS/Home/Census/Clients Face Sheets/CLients Face Sheets Filters/Page_Client Face Sheets/button_Show Data' is clicked on

15-11-2024T11:34:49 - [MESSAGE][PASSED] - Object: 'Object Repository/Specific Cases Repository/LS/Home/Census/Clients Face Sheets/CLients Face Sheets Filters/Page_Client Face Sheets/button_Show Data' is clicked on

15-11-2024T11:34:49 - [TEST_STEP][PASSED] - verifyElementText(findTestObject("Object Repository/Specific Cases Repository/LS/Home/Census/Clients Face Sheets/CLients Face Sheets Filters/Page_Client Face Sheets/td_24-11008"), "24-11008"): Actual text and expected text of test object 'Object Repository/Specific Cases Repository/LS/Home/Census/Clients Face Sheets/CLients Face Sheets Filters/Page_Client Face Sheets/td_24-11008' are matched.

15-11-2024T11:34:50 - [MESSAGE][PASSED] - Actual text and expected text of test object 'Object Repository/Specific Cases Repository/LS/Home/Census/Clients Face Sheets/CLients Face Sheets Filters/Page_Client Face Sheets/td_24-11008' are matched.

15-11-2024T11:34:50 - [TEST_STEP][PASSED] - verifyElementNotPresent(findTestObject("Specific Cases Repository/LS/Home/Census/Clients Face Sheets/CLients Face Sheets Filters/Page_Client Face Sheets/td_24-11007"), 0): Web element with id: 'Object Repository/Specific Cases Repository/LS/Home/Census/Clients Face Sheets/CLients Face Sheets Filters/Page_Client Face Sheets/td_24-11007' located by 'By.xpath: //td[normalize-space()='24-11007']' is not present after '30' second(s)

15-11-2024T11:34:50 - [MESSAGE][WARNING] - Timeout '0' is invalid. Using default page load timeout: '30'

15-11-2024T11:34:51 - [MESSAGE][PASSED] - Web element with id: 'Object Repository/Specific Cases Repository/LS/Home/Census/Clients Face Sheets/CLients Face Sheets Filters/Page_Client Face Sheets/td_24-11007' located by 'By.xpath: //td[normalize-space()='24-11007']' is not present after '30' second(s)

15-11-2024T11:34:51 - [TEST_STEP][PASSED] - verifyElementNotPresent(findTestObject("Specific Cases Repository/LS/Home/Census/Clients Face Sheets/CLients Face Sheets Filters/Page_Client Face Sheets/td_24-11006"), 0): Web element with id: 'Object Repository/Specific Cases Repository/LS/Home/Census/Clients Face Sheets/CLients Face Sheets Filters/Page_Client Face Sheets/td_24-11006' located by 'By.xpath: //td[normalize-space()='24-11006']' is not present after '30' second(s)

15-11-2024T11:34:51 - [MESSAGE][WARNING] - Timeout '0' is invalid. Using default page load timeout: '30'

15-11-2024T11:34:51 - [MESSAGE][PASSED] - Web element with id: 'Object Repository/Specific Cases Repository/LS/Home/Census/Clients Face Sheets/CLients Face Sheets Filters/Page_Client Face Sheets/td_24-11006' located by 'By.xpath: //td[normalize-space()='24-11006']' is not present after '30' second(s)

15-11-2024T11:34:51 - [TEST_STEP][PASSED] - closeBrowser(): Browser is closed

15-11-2024T11:34:51 - [MESSAGE][PASSED] - Browser is closed]]></system-out>
         <system-err><![CDATA[]]></system-err>
      </testcase>
      <testcase name="Test Cases/Specific Cases/LS/General/Census/Client Face Sheets/Client_Face_Sheets_Search" time="54.372" classname="Test Cases/Specific Cases/LS/General/Census/Client Face Sheets/Client_Face_Sheets_Search" status="FAILED">
         <failure type="FAILED" message="Test Cases/Specific Cases/LS/General/Census/Client Face Sheets/Client_Face_Sheets_Search FAILED.&#xa;Reason:&#xa;com.kms.katalon.core.exception.StepFailedException: Unable to verify object 'Object Repository/Specific Cases Repository/LS/Home/Census/Clients Face Sheets/Clients Face Sheet Search/Page_Client Face Sheets/td_24-11008' is not present&#xa;	at com.kms.katalon.core.webui.keyword.internal.WebUIKeywordMain.stepFailed(WebUIKeywordMain.groovy:117)&#xa;	at com.kms.katalon.core.webui.keyword.internal.WebUIKeywordMain.runKeyword(WebUIKeywordMain.groovy:43)&#xa;	at com.kms.katalon.core.webui.keyword.internal.WebUIKeywordMain$runKeyword.call(Unknown Source)&#xa;	at com.kms.katalon.core.webui.keyword.builtin.VerifyElementNotPresentKeyword.verifyElementNotPresent(VerifyElementNotPresentKeyword.groovy:131)&#xa;	at com.kms.katalon.core.webui.keyword.builtin.VerifyElementNotPresentKeyword.execute(VerifyElementNotPresentKeyword.groovy:69)&#xa;	at com.kms.katalon.core.keyword.internal.KeywordExecutor.executeKeywordForPlatform(KeywordExecutor.groovy:74)&#xa;	at com.kms.katalon.core.webui.keyword.WebUiBuiltInKeywords.verifyElementNotPresent(WebUiBuiltInKeywords.groovy:1536)&#xa;	at Client_Face_Sheets_Search.run(Client_Face_Sheets_Search:85)&#xa;	at com.kms.katalon.core.main.ScriptEngine.run(ScriptEngine.java:194)&#xa;	at com.kms.katalon.core.main.ScriptEngine.runScriptAsRawText(ScriptEngine.java:119)&#xa;	at com.kms.katalon.core.main.TestCaseExecutor.runScript(TestCaseExecutor.java:448)&#xa;	at com.kms.katalon.core.main.TestCaseExecutor.doExecute(TestCaseExecutor.java:439)&#xa;	at com.kms.katalon.core.main.TestCaseExecutor.processExecutionPhase(TestCaseExecutor.java:418)&#xa;	at com.kms.katalon.core.main.TestCaseExecutor.accessMainPhase(TestCaseExecutor.java:410)&#xa;	at com.kms.katalon.core.main.TestCaseExecutor.execute(TestCaseExecutor.java:285)&#xa;	at com.kms.katalon.core.common.CommonExecutor.accessTestCaseMainPhase(CommonExecutor.java:65)&#xa;	at com.kms.katalon.core.main.TestSuiteExecutor.accessTestSuiteMainPhase(TestSuiteExecutor.java:150)&#xa;	at com.kms.katalon.core.main.TestSuiteExecutor.execute(TestSuiteExecutor.java:106)&#xa;	at com.kms.katalon.core.main.TestCaseMain.startTestSuite(TestCaseMain.java:180)&#xa;	at TempTestSuite1731688027179.run(TempTestSuite1731688027179.groovy:35)&#xa;	at java.base/jdk.internal.reflect.NativeMethodAccessorImpl.invoke0(Native Method)&#xa;	at java.base/jdk.internal.reflect.NativeMethodAccessorImpl.invoke(NativeMethodAccessorImpl.java:77)&#xa;	at java.base/jdk.internal.reflect.DelegatingMethodAccessorImpl.invoke(DelegatingMethodAccessorImpl.java:43)&#xa;Caused by: com.kms.katalon.core.exception.StepFailedException: Web element with id: 'Object Repository/Specific Cases Repository/LS/Home/Census/Clients Face Sheets/Clients Face Sheet Search/Page_Client Face Sheets/td_24-11008' located by 'By.xpath: //td[normalize-space()='24-11008']' is present after '30' second(s)&#xa;	at com.kms.katalon.core.webui.keyword.internal.WebUIKeywordMain.stepFailed(WebUIKeywordMain.groovy:117)&#xa;	at com.kms.katalon.core.webui.keyword.internal.WebUIKeywordMain$stepFailed$0.call(Unknown Source)&#xa;	at com.kms.katalon.core.webui.keyword.builtin.VerifyElementNotPresentKeyword$_verifyElementNotPresent_closure1.doCall(VerifyElementNotPresentKeyword.groovy:122)&#xa;	at com.kms.katalon.core.webui.keyword.builtin.VerifyElementNotPresentKeyword$_verifyElementNotPresent_closure1.doCall(VerifyElementNotPresentKeyword.groovy)&#xa;	at jdk.internal.reflect.GeneratedMethodAccessor25.invoke(Unknown Source)&#xa;	at java.base/jdk.internal.reflect.DelegatingMethodAccessorImpl.invoke(DelegatingMethodAccessorImpl.java:43)&#xa;	at com.kms.katalon.core.webui.keyword.internal.WebUIKeywordMain.runKeyword(WebUIKeywordMain.groovy:35)&#xa;	... 21 more&#xa;"/>
         <system-out><![CDATA[15-11-2024T11:34:51 - [TEST_CASE][FAILED] - Test Cases/Specific Cases/LS/General/Census/Client Face Sheets/Client_Face_Sheets_Search: Test Cases/Specific Cases/LS/General/Census/Client Face Sheets/Client_Face_Sheets_Search FAILED.
Reason:
com.kms.katalon.core.exception.StepFailedException: Unable to verify object 'Object Repository/Specific Cases Repository/LS/Home/Census/Clients Face Sheets/Clients Face Sheet Search/Page_Client Face Sheets/td_24-11008' is not present
	at com.kms.katalon.core.webui.keyword.internal.WebUIKeywordMain.stepFailed(WebUIKeywordMain.groovy:117)
	at com.kms.katalon.core.webui.keyword.internal.WebUIKeywordMain.runKeyword(WebUIKeywordMain.groovy:43)
	at com.kms.katalon.core.webui.keyword.internal.WebUIKeywordMain$runKeyword.call(Unknown Source)
	at com.kms.katalon.core.webui.keyword.builtin.VerifyElementNotPresentKeyword.verifyElementNotPresent(VerifyElementNotPresentKeyword.groovy:131)
	at com.kms.katalon.core.webui.keyword.builtin.VerifyElementNotPresentKeyword.execute(VerifyElementNotPresentKeyword.groovy:69)
	at com.kms.katalon.core.keyword.internal.KeywordExecutor.executeKeywordForPlatform(KeywordExecutor.groovy:74)
	at com.kms.katalon.core.webui.keyword.WebUiBuiltInKeywords.verifyElementNotPresent(WebUiBuiltInKeywords.groovy:1536)
	at Client_Face_Sheets_Search.run(Client_Face_Sheets_Search:85)
	at com.kms.katalon.core.main.ScriptEngine.run(ScriptEngine.java:194)
	at com.kms.katalon.core.main.ScriptEngine.runScriptAsRawText(ScriptEngine.java:119)
	at com.kms.katalon.core.main.TestCaseExecutor.runScript(TestCaseExecutor.java:448)
	at com.kms.katalon.core.main.TestCaseExecutor.doExecute(TestCaseExecutor.java:439)
	at com.kms.katalon.core.main.TestCaseExecutor.processExecutionPhase(TestCaseExecutor.java:418)
	at com.kms.katalon.core.main.TestCaseExecutor.accessMainPhase(TestCaseExecutor.java:410)
	at com.kms.katalon.core.main.TestCaseExecutor.execute(TestCaseExecutor.java:285)
	at com.kms.katalon.core.common.CommonExecutor.accessTestCaseMainPhase(CommonExecutor.java:65)
	at com.kms.katalon.core.main.TestSuiteExecutor.accessTestSuiteMainPhase(TestSuiteExecutor.java:150)
	at com.kms.katalon.core.main.TestSuiteExecutor.execute(TestSuiteExecutor.java:106)
	at com.kms.katalon.core.main.TestCaseMain.startTestSuite(TestCaseMain.java:180)
	at TempTestSuite1731688027179.run(TempTestSuite1731688027179.groovy:35)
	at java.base/jdk.internal.reflect.NativeMethodAccessorImpl.invoke0(Native Method)
	at java.base/jdk.internal.reflect.NativeMethodAccessorImpl.invoke(NativeMethodAccessorImpl.java:77)
	at java.base/jdk.internal.reflect.DelegatingMethodAccessorImpl.invoke(DelegatingMethodAccessorImpl.java:43)
Caused by: com.kms.katalon.core.exception.StepFailedException: Web element with id: 'Object Repository/Specific Cases Repository/LS/Home/Census/Clients Face Sheets/Clients Face Sheet Search/Page_Client Face Sheets/td_24-11008' located by 'By.xpath: //td[normalize-space()='24-11008']' is present after '30' second(s)
	at com.kms.katalon.core.webui.keyword.internal.WebUIKeywordMain.stepFailed(WebUIKeywordMain.groovy:117)
	at com.kms.katalon.core.webui.keyword.internal.WebUIKeywordMain$stepFailed$0.call(Unknown Source)
	at com.kms.katalon.core.webui.keyword.builtin.VerifyElementNotPresentKeyword$_verifyElementNotPresent_closure1.doCall(VerifyElementNotPresentKeyword.groovy:122)
	at com.kms.katalon.core.webui.keyword.builtin.VerifyElementNotPresentKeyword$_verifyElementNotPresent_closure1.doCall(VerifyElementNotPresentKeyword.groovy)
	at jdk.internal.reflect.GeneratedMethodAccessor25.invoke(Unknown Source)
	at java.base/jdk.internal.reflect.DelegatingMethodAccessorImpl.invoke(DelegatingMethodAccessorImpl.java:43)
	at com.kms.katalon.core.webui.keyword.internal.WebUIKeywordMain.runKeyword(WebUIKeywordMain.groovy:35)
	... 21 more


15-11-2024T11:34:51 - [TEST_STEP][PASSED] - callTestCase(findTestCase("Common Cases/Login"), [:], STOP_ON_FAILURE): Call Test Case 'Test Cases/Common Cases/Login' successfully

15-11-2024T11:34:51 - [TEST_CASE][PASSED] - Test Cases/Common Cases/Login: Test Cases/Common Cases/Login

15-11-2024T11:34:51 - [TEST_STEP][PASSED] - openBrowser(""): Browser is opened with url: ''

15-11-2024T11:34:51 - [MESSAGE][INFO] - Starting 'Chrome' driver

15-11-2024T11:34:51 - [MESSAGE][INFO] - Action delay is set to 0 milliseconds

15-11-2024T11:34:52 - [MESSAGE][PASSED] - Browser is opened with url: ''

15-11-2024T11:34:52 - [TEST_STEP][PASSED] - maximizeWindow(): Current window maximized

15-11-2024T11:34:52 - [MESSAGE][PASSED] - Current window maximized

15-11-2024T11:34:52 - [TEST_STEP][PASSED] - navigateToUrl("https://site17.lsapp.cloud/auth/login"): Navigate to 'https://site17.lsapp.cloud/auth/login' successfully

15-11-2024T11:34:53 - [MESSAGE][PASSED] - Navigate to 'https://site17.lsapp.cloud/auth/login' successfully

15-11-2024T11:34:53 - [TEST_STEP][PASSED] - setText(findTestObject("Object Repository/Common Cases Repository/Login/Page_Lightning Step/input_Email_email"), "automation@lightningstep.com"): Text 'automation@lightningstep.com' is set on object 'Object Repository/Common Cases Repository/Login/Page_Lightning Step/input_Email_email'

15-11-2024T11:34:54 - [MESSAGE][PASSED] - Text 'automation@lightningstep.com' is set on object 'Object Repository/Common Cases Repository/Login/Page_Lightning Step/input_Email_email'

15-11-2024T11:34:54 - [TEST_STEP][PASSED] - setEncryptedText(findTestObject("Object Repository/Common Cases Repository/Login/Page_Lightning Step/input_Password_password"), "e5N8VHmnhJDITtQaQhDQDw=="): Text ****** has been set on object 'Object Repository/Common Cases Repository/Login/Page_Lightning Step/input_Password_password'

15-11-2024T11:34:54 - [MESSAGE][PASSED] - Text ****** has been set on object 'Object Repository/Common Cases Repository/Login/Page_Lightning Step/input_Password_password'

15-11-2024T11:34:54 - [TEST_STEP][PASSED] - click(findTestObject("Object Repository/Common Cases Repository/Login/Page_Lightning Step/button_Sign in")): Object: 'Object Repository/Common Cases Repository/Login/Page_Lightning Step/button_Sign in' is clicked on

15-11-2024T11:35:01 - [MESSAGE][PASSED] - Object: 'Object Repository/Common Cases Repository/Login/Page_Lightning Step/button_Sign in' is clicked on

15-11-2024T11:35:01 - [MESSAGE][PASSED] - Call Test Case 'Test Cases/Common Cases/Login' successfully

15-11-2024T11:35:01 - [TEST_STEP][PASSED] - click(findTestObject("Object Repository/Specific Cases Repository/LS/Home/Census/Clients Face Sheets/Clients Face Sheet Search/Page_Home/a_Census")): Object: 'Object Repository/Specific Cases Repository/LS/Home/Census/Clients Face Sheets/Clients Face Sheet Search/Page_Home/a_Census' is clicked on

15-11-2024T11:35:02 - [MESSAGE][PASSED] - Object: 'Object Repository/Specific Cases Repository/LS/Home/Census/Clients Face Sheets/Clients Face Sheet Search/Page_Home/a_Census' is clicked on

15-11-2024T11:35:02 - [TEST_STEP][PASSED] - click(findTestObject("Object Repository/Specific Cases Repository/LS/Home/Census/Clients Face Sheets/Clients Face Sheet Search/Page_Home/span_Client Face sheets")): Object: 'Object Repository/Specific Cases Repository/LS/Home/Census/Clients Face Sheets/Clients Face Sheet Search/Page_Home/span_Client Face sheets' is clicked on

15-11-2024T11:35:06 - [MESSAGE][PASSED] - Object: 'Object Repository/Specific Cases Repository/LS/Home/Census/Clients Face Sheets/Clients Face Sheet Search/Page_Home/span_Client Face sheets' is clicked on

15-11-2024T11:35:06 - [TEST_STEP][PASSED] - navigateToUrl("https://site17.lsapp.cloud/report/clientfacesheets"): Navigate to 'https://site17.lsapp.cloud/report/clientfacesheets' successfully

15-11-2024T11:35:07 - [MESSAGE][PASSED] - Navigate to 'https://site17.lsapp.cloud/report/clientfacesheets' successfully

15-11-2024T11:35:07 - [TEST_STEP][PASSED] - click(findTestObject("Object Repository/Specific Cases Repository/LS/Home/Census/Clients Face Sheets/Clients Face Sheet Search/Page_Client Face Sheets/button_Show Data")): Object: 'Object Repository/Specific Cases Repository/LS/Home/Census/Clients Face Sheets/Clients Face Sheet Search/Page_Client Face Sheets/button_Show Data' is clicked on

15-11-2024T11:35:07 - [MESSAGE][PASSED] - Object: 'Object Repository/Specific Cases Repository/LS/Home/Census/Clients Face Sheets/Clients Face Sheet Search/Page_Client Face Sheets/button_Show Data' is clicked on

15-11-2024T11:35:07 - [TEST_STEP][PASSED] - click(findTestObject("Specific Cases Repository/LS/Home/Census/Clients Face Sheets/Clients Face Sheet Search/Page_Client Face Sheets/Patient")): Object: 'Object Repository/Specific Cases Repository/LS/Home/Census/Clients Face Sheets/Clients Face Sheet Search/Page_Client Face Sheets/Patient' is clicked on

15-11-2024T11:35:09 - [MESSAGE][PASSED] - Object: 'Object Repository/Specific Cases Repository/LS/Home/Census/Clients Face Sheets/Clients Face Sheet Search/Page_Client Face Sheets/Patient' is clicked on

15-11-2024T11:35:09 - [TEST_STEP][PASSED] - click(findTestObject("Specific Cases Repository/LS/Home/Census/Clients Face Sheets/Clients Face Sheet Search/Page_Client Face Sheets/li_A Automation, A Client")): Object: 'Object Repository/Specific Cases Repository/LS/Home/Census/Clients Face Sheets/Clients Face Sheet Search/Page_Client Face Sheets/li_A Automation, A Client' is clicked on

15-11-2024T11:35:09 - [MESSAGE][PASSED] - Object: 'Object Repository/Specific Cases Repository/LS/Home/Census/Clients Face Sheets/Clients Face Sheet Search/Page_Client Face Sheets/li_A Automation, A Client' is clicked on

15-11-2024T11:35:09 - [TEST_STEP][PASSED] - verifyElementText(findTestObject("Object Repository/Specific Cases Repository/LS/Home/Census/Clients Face Sheets/Clients Face Sheet Search/Page_Client Face Sheets/td_24-11006"), "24-11006"): Actual text and expected text of test object 'Object Repository/Specific Cases Repository/LS/Home/Census/Clients Face Sheets/Clients Face Sheet Search/Page_Client Face Sheets/td_24-11006' are matched.

15-11-2024T11:35:09 - [MESSAGE][PASSED] - Actual text and expected text of test object 'Object Repository/Specific Cases Repository/LS/Home/Census/Clients Face Sheets/Clients Face Sheet Search/Page_Client Face Sheets/td_24-11006' are matched.

15-11-2024T11:35:09 - [TEST_STEP][PASSED] - verifyElementNotPresent(findTestObject("Specific Cases Repository/LS/Home/Census/Clients Face Sheets/Clients Face Sheet Search/Page_Client Face Sheets/td_24-11007"), 0): Web element with id: 'Object Repository/Specific Cases Repository/LS/Home/Census/Clients Face Sheets/Clients Face Sheet Search/Page_Client Face Sheets/td_24-11007' located by 'By.xpath: //td[normalize-space()='24-11007']' is not present after '30' second(s)

15-11-2024T11:35:09 - [MESSAGE][WARNING] - Timeout '0' is invalid. Using default page load timeout: '30'

15-11-2024T11:35:10 - [MESSAGE][PASSED] - Web element with id: 'Object Repository/Specific Cases Repository/LS/Home/Census/Clients Face Sheets/Clients Face Sheet Search/Page_Client Face Sheets/td_24-11007' located by 'By.xpath: //td[normalize-space()='24-11007']' is not present after '30' second(s)

15-11-2024T11:35:10 - [TEST_STEP][PASSED] - verifyElementNotPresent(findTestObject("Specific Cases Repository/LS/Home/Census/Clients Face Sheets/Clients Face Sheet Search/Page_Client Face Sheets/td_24-11008"), 0): Web element with id: 'Object Repository/Specific Cases Repository/LS/Home/Census/Clients Face Sheets/Clients Face Sheet Search/Page_Client Face Sheets/td_24-11008' located by 'By.xpath: //td[normalize-space()='24-11008']' is not present after '30' second(s)

15-11-2024T11:35:10 - [MESSAGE][WARNING] - Timeout '0' is invalid. Using default page load timeout: '30'

15-11-2024T11:35:10 - [MESSAGE][PASSED] - Web element with id: 'Object Repository/Specific Cases Repository/LS/Home/Census/Clients Face Sheets/Clients Face Sheet Search/Page_Client Face Sheets/td_24-11008' located by 'By.xpath: //td[normalize-space()='24-11008']' is not present after '30' second(s)

15-11-2024T11:35:10 - [TEST_STEP][PASSED] - click(findTestObject("Object Repository/Specific Cases Repository/LS/Home/Census/Clients Face Sheets/Clients Face Sheet Search/Page_Client Face Sheets/ul_A Automation, A Client")): Object: 'Object Repository/Specific Cases Repository/LS/Home/Census/Clients Face Sheets/Clients Face Sheet Search/Page_Client Face Sheets/ul_A Automation, A Client' is clicked on

15-11-2024T11:35:10 - [MESSAGE][PASSED] - Object: 'Object Repository/Specific Cases Repository/LS/Home/Census/Clients Face Sheets/Clients Face Sheet Search/Page_Client Face Sheets/ul_A Automation, A Client' is clicked on

15-11-2024T11:35:10 - [TEST_STEP][PASSED] - click(findTestObject("Specific Cases Repository/LS/Home/Census/Clients Face Sheets/Clients Face Sheet Search/Page_Client Face Sheets/Patient")): Object: 'Object Repository/Specific Cases Repository/LS/Home/Census/Clients Face Sheets/Clients Face Sheet Search/Page_Client Face Sheets/Patient' is clicked on

15-11-2024T11:35:10 - [MESSAGE][PASSED] - Object: 'Object Repository/Specific Cases Repository/LS/Home/Census/Clients Face Sheets/Clients Face Sheet Search/Page_Client Face Sheets/Patient' is clicked on

15-11-2024T11:35:10 - [TEST_STEP][PASSED] - click(findTestObject("Object Repository/Specific Cases Repository/LS/Home/Census/Clients Face Sheets/Clients Face Sheet Search/Page_Client Face Sheets/li_B Automation, B Client")): Object: 'Object Repository/Specific Cases Repository/LS/Home/Census/Clients Face Sheets/Clients Face Sheet Search/Page_Client Face Sheets/li_B Automation, B Client' is clicked on

15-11-2024T11:35:10 - [MESSAGE][PASSED] - Object: 'Object Repository/Specific Cases Repository/LS/Home/Census/Clients Face Sheets/Clients Face Sheet Search/Page_Client Face Sheets/li_B Automation, B Client' is clicked on

15-11-2024T11:35:10 - [TEST_STEP][PASSED] - verifyElementText(findTestObject("Object Repository/Specific Cases Repository/LS/Home/Census/Clients Face Sheets/Clients Face Sheet Search/Page_Client Face Sheets/td_24-11006"), "24-11006"): Actual text and expected text of test object 'Object Repository/Specific Cases Repository/LS/Home/Census/Clients Face Sheets/Clients Face Sheet Search/Page_Client Face Sheets/td_24-11006' are matched.

15-11-2024T11:35:11 - [MESSAGE][PASSED] - Actual text and expected text of test object 'Object Repository/Specific Cases Repository/LS/Home/Census/Clients Face Sheets/Clients Face Sheet Search/Page_Client Face Sheets/td_24-11006' are matched.

15-11-2024T11:35:11 - [TEST_STEP][PASSED] - verifyElementText(findTestObject("Object Repository/Specific Cases Repository/LS/Home/Census/Clients Face Sheets/Clients Face Sheet Search/Page_Client Face Sheets/td_24-11007"), "24-11007"): Actual text and expected text of test object 'Object Repository/Specific Cases Repository/LS/Home/Census/Clients Face Sheets/Clients Face Sheet Search/Page_Client Face Sheets/td_24-11007' are matched.

15-11-2024T11:35:11 - [MESSAGE][PASSED] - Actual text and expected text of test object 'Object Repository/Specific Cases Repository/LS/Home/Census/Clients Face Sheets/Clients Face Sheet Search/Page_Client Face Sheets/td_24-11007' are matched.

15-11-2024T11:35:11 - [TEST_STEP][PASSED] - verifyElementNotPresent(findTestObject("Specific Cases Repository/LS/Home/Census/Clients Face Sheets/Clients Face Sheet Search/Page_Client Face Sheets/td_24-11008"), 0): Web element with id: 'Object Repository/Specific Cases Repository/LS/Home/Census/Clients Face Sheets/Clients Face Sheet Search/Page_Client Face Sheets/td_24-11008' located by 'By.xpath: //td[normalize-space()='24-11008']' is not present after '30' second(s)

15-11-2024T11:35:11 - [MESSAGE][WARNING] - Timeout '0' is invalid. Using default page load timeout: '30'

15-11-2024T11:35:11 - [MESSAGE][PASSED] - Web element with id: 'Object Repository/Specific Cases Repository/LS/Home/Census/Clients Face Sheets/Clients Face Sheet Search/Page_Client Face Sheets/td_24-11008' located by 'By.xpath: //td[normalize-space()='24-11008']' is not present after '30' second(s)

15-11-2024T11:35:11 - [TEST_STEP][PASSED] - click(findTestObject("Object Repository/Specific Cases Repository/LS/Home/Census/Clients Face Sheets/Clients Face Sheet Search/Page_Client Face Sheets/li_C Automation, C Client")): Object: 'Object Repository/Specific Cases Repository/LS/Home/Census/Clients Face Sheets/Clients Face Sheet Search/Page_Client Face Sheets/li_C Automation, C Client' is clicked on

15-11-2024T11:35:11 - [MESSAGE][PASSED] - Object: 'Object Repository/Specific Cases Repository/LS/Home/Census/Clients Face Sheets/Clients Face Sheet Search/Page_Client Face Sheets/li_C Automation, C Client' is clicked on

15-11-2024T11:35:11 - [TEST_STEP][PASSED] - verifyElementText(findTestObject("Object Repository/Specific Cases Repository/LS/Home/Census/Clients Face Sheets/Clients Face Sheet Search/Page_Client Face Sheets/td_24-11006"), "24-11006"): Actual text and expected text of test object 'Object Repository/Specific Cases Repository/LS/Home/Census/Clients Face Sheets/Clients Face Sheet Search/Page_Client Face Sheets/td_24-11006' are matched.

15-11-2024T11:35:12 - [MESSAGE][PASSED] - Actual text and expected text of test object 'Object Repository/Specific Cases Repository/LS/Home/Census/Clients Face Sheets/Clients Face Sheet Search/Page_Client Face Sheets/td_24-11006' are matched.

15-11-2024T11:35:12 - [TEST_STEP][PASSED] - verifyElementText(findTestObject("Object Repository/Specific Cases Repository/LS/Home/Census/Clients Face Sheets/Clients Face Sheet Search/Page_Client Face Sheets/td_24-11007"), "24-11007"): Actual text and expected text of test object 'Object Repository/Specific Cases Repository/LS/Home/Census/Clients Face Sheets/Clients Face Sheet Search/Page_Client Face Sheets/td_24-11007' are matched.

15-11-2024T11:35:12 - [MESSAGE][PASSED] - Actual text and expected text of test object 'Object Repository/Specific Cases Repository/LS/Home/Census/Clients Face Sheets/Clients Face Sheet Search/Page_Client Face Sheets/td_24-11007' are matched.

15-11-2024T11:35:12 - [TEST_STEP][PASSED] - verifyElementText(findTestObject("Object Repository/Specific Cases Repository/LS/Home/Census/Clients Face Sheets/Clients Face Sheet Search/Page_Client Face Sheets/td_24-11008"), "24-11008"): Actual text and expected text of test object 'Object Repository/Specific Cases Repository/LS/Home/Census/Clients Face Sheets/Clients Face Sheet Search/Page_Client Face Sheets/td_24-11008' are matched.

15-11-2024T11:35:12 - [MESSAGE][PASSED] - Actual text and expected text of test object 'Object Repository/Specific Cases Repository/LS/Home/Census/Clients Face Sheets/Clients Face Sheet Search/Page_Client Face Sheets/td_24-11008' are matched.

15-11-2024T11:35:12 - [TEST_STEP][PASSED] - click(findTestObject("Specific Cases Repository/LS/Home/Census/Clients Face Sheets/Clients Face Sheet Search/Page_Client Face Sheets/span_ A")): Object: 'Object Repository/Specific Cases Repository/LS/Home/Census/Clients Face Sheets/Clients Face Sheet Search/Page_Client Face Sheets/span_ A' is clicked on

15-11-2024T11:35:13 - [MESSAGE][PASSED] - Object: 'Object Repository/Specific Cases Repository/LS/Home/Census/Clients Face Sheets/Clients Face Sheet Search/Page_Client Face Sheets/span_ A' is clicked on

15-11-2024T11:35:13 - [TEST_STEP][PASSED] - click(findTestObject("Specific Cases Repository/LS/Home/Census/Clients Face Sheets/Clients Face Sheet Search/Page_Client Face Sheets/span_B")): Object: 'Object Repository/Specific Cases Repository/LS/Home/Census/Clients Face Sheets/Clients Face Sheet Search/Page_Client Face Sheets/span_B' is clicked on

15-11-2024T11:35:13 - [MESSAGE][PASSED] - Object: 'Object Repository/Specific Cases Repository/LS/Home/Census/Clients Face Sheets/Clients Face Sheet Search/Page_Client Face Sheets/span_B' is clicked on

15-11-2024T11:35:13 - [TEST_STEP][PASSED] - click(findTestObject("Specific Cases Repository/LS/Home/Census/Clients Face Sheets/Clients Face Sheet Search/Page_Client Face Sheets/span_C")): Object: 'Object Repository/Specific Cases Repository/LS/Home/Census/Clients Face Sheets/Clients Face Sheet Search/Page_Client Face Sheets/span_C' is clicked on

15-11-2024T11:35:14 - [MESSAGE][PASSED] - Object: 'Object Repository/Specific Cases Repository/LS/Home/Census/Clients Face Sheets/Clients Face Sheet Search/Page_Client Face Sheets/span_C' is clicked on

15-11-2024T11:35:14 - [TEST_STEP][PASSED] - click(findTestObject("Specific Cases Repository/LS/Home/Census/Clients Face Sheets/Clients Face Sheet Search/Page_Client Face Sheets/Unit")): Object: 'Object Repository/Specific Cases Repository/LS/Home/Census/Clients Face Sheets/Clients Face Sheet Search/Page_Client Face Sheets/Unit' is clicked on

15-11-2024T11:35:14 - [MESSAGE][PASSED] - Object: 'Object Repository/Specific Cases Repository/LS/Home/Census/Clients Face Sheets/Clients Face Sheet Search/Page_Client Face Sheets/Unit' is clicked on

15-11-2024T11:35:14 - [TEST_STEP][PASSED] - click(findTestObject("Object Repository/Specific Cases Repository/LS/Home/Census/Clients Face Sheets/Clients Face Sheet Search/Page_Client Face Sheets/li_Mens Residential")): Object: 'Object Repository/Specific Cases Repository/LS/Home/Census/Clients Face Sheets/Clients Face Sheet Search/Page_Client Face Sheets/li_Mens Residential' is clicked on

15-11-2024T11:35:14 - [MESSAGE][PASSED] - Object: 'Object Repository/Specific Cases Repository/LS/Home/Census/Clients Face Sheets/Clients Face Sheet Search/Page_Client Face Sheets/li_Mens Residential' is clicked on

15-11-2024T11:35:14 - [TEST_STEP][PASSED] - verifyElementText(findTestObject("Object Repository/Specific Cases Repository/LS/Home/Census/Clients Face Sheets/Clients Face Sheet Search/Page_Client Face Sheets/td_24-11006"), "24-11006"): Actual text and expected text of test object 'Object Repository/Specific Cases Repository/LS/Home/Census/Clients Face Sheets/Clients Face Sheet Search/Page_Client Face Sheets/td_24-11006' are matched.

15-11-2024T11:35:15 - [MESSAGE][PASSED] - Actual text and expected text of test object 'Object Repository/Specific Cases Repository/LS/Home/Census/Clients Face Sheets/Clients Face Sheet Search/Page_Client Face Sheets/td_24-11006' are matched.

15-11-2024T11:35:15 - [TEST_STEP][PASSED] - verifyElementText(findTestObject("Object Repository/Specific Cases Repository/LS/Home/Census/Clients Face Sheets/Clients Face Sheet Search/Page_Client Face Sheets/td_24-11007"), "24-11007"): Actual text and expected text of test object 'Object Repository/Specific Cases Repository/LS/Home/Census/Clients Face Sheets/Clients Face Sheet Search/Page_Client Face Sheets/td_24-11007' are matched.

15-11-2024T11:35:15 - [MESSAGE][PASSED] - Actual text and expected text of test object 'Object Repository/Specific Cases Repository/LS/Home/Census/Clients Face Sheets/Clients Face Sheet Search/Page_Client Face Sheets/td_24-11007' are matched.

15-11-2024T11:35:15 - [TEST_STEP][FAILED] - verifyElementNotPresent(findTestObject("Specific Cases Repository/LS/Home/Census/Clients Face Sheets/Clients Face Sheet Search/Page_Client Face Sheets/td_24-11008"), 0): Unable to verify object 'Object Repository/Specific Cases Repository/LS/Home/Census/Clients Face Sheets/Clients Face Sheet Search/Page_Client Face Sheets/td_24-11008' is not present (Root cause: com.kms.katalon.core.exception.StepFailedException: Unable to verify object 'Object Repository/Specific Cases Repository/LS/Home/Census/Clients Face Sheets/Clients Face Sheet Search/Page_Client Face Sheets/td_24-11008' is not present
	at com.kms.katalon.core.webui.keyword.internal.WebUIKeywordMain.stepFailed(WebUIKeywordMain.groovy:117)
	at com.kms.katalon.core.webui.keyword.internal.WebUIKeywordMain.runKeyword(WebUIKeywordMain.groovy:43)
	at com.kms.katalon.core.webui.keyword.internal.WebUIKeywordMain$runKeyword.call(Unknown Source)
	at com.kms.katalon.core.webui.keyword.builtin.VerifyElementNotPresentKeyword.verifyElementNotPresent(VerifyElementNotPresentKeyword.groovy:131)
	at com.kms.katalon.core.webui.keyword.builtin.VerifyElementNotPresentKeyword.execute(VerifyElementNotPresentKeyword.groovy:69)
	at com.kms.katalon.core.keyword.internal.KeywordExecutor.executeKeywordForPlatform(KeywordExecutor.groovy:74)
	at com.kms.katalon.core.webui.keyword.WebUiBuiltInKeywords.verifyElementNotPresent(WebUiBuiltInKeywords.groovy:1536)
	at Client_Face_Sheets_Search.run(Client_Face_Sheets_Search:85)
	at com.kms.katalon.core.main.ScriptEngine.run(ScriptEngine.java:194)
	at com.kms.katalon.core.main.ScriptEngine.runScriptAsRawText(ScriptEngine.java:119)
	at com.kms.katalon.core.main.TestCaseExecutor.runScript(TestCaseExecutor.java:448)
	at com.kms.katalon.core.main.TestCaseExecutor.doExecute(TestCaseExecutor.java:439)
	at com.kms.katalon.core.main.TestCaseExecutor.processExecutionPhase(TestCaseExecutor.java:418)
	at com.kms.katalon.core.main.TestCaseExecutor.accessMainPhase(TestCaseExecutor.java:410)
	at com.kms.katalon.core.main.TestCaseExecutor.execute(TestCaseExecutor.java:285)
	at com.kms.katalon.core.common.CommonExecutor.accessTestCaseMainPhase(CommonExecutor.java:65)
	at com.kms.katalon.core.main.TestSuiteExecutor.accessTestSuiteMainPhase(TestSuiteExecutor.java:150)
	at com.kms.katalon.core.main.TestSuiteExecutor.execute(TestSuiteExecutor.java:106)
	at com.kms.katalon.core.main.TestCaseMain.startTestSuite(TestCaseMain.java:180)
	at TempTestSuite1731688027179.run(TempTestSuite1731688027179.groovy:35)
	at java.base/jdk.internal.reflect.NativeMethodAccessorImpl.invoke0(Native Method)
	at java.base/jdk.internal.reflect.NativeMethodAccessorImpl.invoke(NativeMethodAccessorImpl.java:77)
	at java.base/jdk.internal.reflect.DelegatingMethodAccessorImpl.invoke(DelegatingMethodAccessorImpl.java:43)
Caused by: com.kms.katalon.core.exception.StepFailedException: Web element with id: 'Object Repository/Specific Cases Repository/LS/Home/Census/Clients Face Sheets/Clients Face Sheet Search/Page_Client Face Sheets/td_24-11008' located by 'By.xpath: //td[normalize-space()='24-11008']' is present after '30' second(s)
	at com.kms.katalon.core.webui.keyword.internal.WebUIKeywordMain.stepFailed(WebUIKeywordMain.groovy:117)
	at com.kms.katalon.core.webui.keyword.internal.WebUIKeywordMain$stepFailed$0.call(Unknown Source)
	at com.kms.katalon.core.webui.keyword.builtin.VerifyElementNotPresentKeyword$_verifyElementNotPresent_closure1.doCall(VerifyElementNotPresentKeyword.groovy:122)
	at com.kms.katalon.core.webui.keyword.builtin.VerifyElementNotPresentKeyword$_verifyElementNotPresent_closure1.doCall(VerifyElementNotPresentKeyword.groovy)
	at jdk.internal.reflect.GeneratedMethodAccessor25.invoke(Unknown Source)
	at java.base/jdk.internal.reflect.DelegatingMethodAccessorImpl.invoke(DelegatingMethodAccessorImpl.java:43)
	at com.kms.katalon.core.webui.keyword.internal.WebUIKeywordMain.runKeyword(WebUIKeywordMain.groovy:35)
	... 21 more
)

15-11-2024T11:35:15 - [MESSAGE][WARNING] - Timeout '0' is invalid. Using default page load timeout: '30'

15-11-2024T11:35:45 - [MESSAGE][FAILED] - Web element with id: 'Object Repository/Specific Cases Repository/LS/Home/Census/Clients Face Sheets/Clients Face Sheet Search/Page_Client Face Sheets/td_24-11008' located by 'By.xpath: //td[normalize-space()='24-11008']' is present after '30' second(s) (Root cause: com.kms.katalon.core.exception.StepFailedException: Web element with id: 'Object Repository/Specific Cases Repository/LS/Home/Census/Clients Face Sheets/Clients Face Sheet Search/Page_Client Face Sheets/td_24-11008' located by 'By.xpath: //td[normalize-space()='24-11008']' is present after '30' second(s)
	at com.kms.katalon.core.webui.keyword.internal.WebUIKeywordMain.stepFailed(WebUIKeywordMain.groovy:117)
	at com.kms.katalon.core.webui.keyword.internal.WebUIKeywordMain$stepFailed$0.call(Unknown Source)
	at com.kms.katalon.core.webui.keyword.builtin.VerifyElementNotPresentKeyword$_verifyElementNotPresent_closure1.doCall(VerifyElementNotPresentKeyword.groovy:122)
	at com.kms.katalon.core.webui.keyword.builtin.VerifyElementNotPresentKeyword$_verifyElementNotPresent_closure1.doCall(VerifyElementNotPresentKeyword.groovy)
	at jdk.internal.reflect.GeneratedMethodAccessor25.invoke(Unknown Source)
	at java.base/jdk.internal.reflect.DelegatingMethodAccessorImpl.invoke(DelegatingMethodAccessorImpl.java:43)
	at com.kms.katalon.core.webui.keyword.internal.WebUIKeywordMain.runKeyword(WebUIKeywordMain.groovy:35)
	at com.kms.katalon.core.webui.keyword.internal.WebUIKeywordMain$runKeyword.call(Unknown Source)
	at com.kms.katalon.core.webui.keyword.builtin.VerifyElementNotPresentKeyword.verifyElementNotPresent(VerifyElementNotPresentKeyword.groovy:131)
	at com.kms.katalon.core.webui.keyword.builtin.VerifyElementNotPresentKeyword.execute(VerifyElementNotPresentKeyword.groovy:69)
	at com.kms.katalon.core.keyword.internal.KeywordExecutor.executeKeywordForPlatform(KeywordExecutor.groovy:74)
	at com.kms.katalon.core.webui.keyword.WebUiBuiltInKeywords.verifyElementNotPresent(WebUiBuiltInKeywords.groovy:1536)
	at Client_Face_Sheets_Search.run(Client_Face_Sheets_Search:85)
	at com.kms.katalon.core.main.ScriptEngine.run(ScriptEngine.java:194)
	at com.kms.katalon.core.main.ScriptEngine.runScriptAsRawText(ScriptEngine.java:119)
	at com.kms.katalon.core.main.TestCaseExecutor.runScript(TestCaseExecutor.java:448)
	at com.kms.katalon.core.main.TestCaseExecutor.doExecute(TestCaseExecutor.java:439)
	at com.kms.katalon.core.main.TestCaseExecutor.processExecutionPhase(TestCaseExecutor.java:418)
	at com.kms.katalon.core.main.TestCaseExecutor.accessMainPhase(TestCaseExecutor.java:410)
	at com.kms.katalon.core.main.TestCaseExecutor.execute(TestCaseExecutor.java:285)
	at com.kms.katalon.core.common.CommonExecutor.accessTestCaseMainPhase(CommonExecutor.java:65)
	at com.kms.katalon.core.main.TestSuiteExecutor.accessTestSuiteMainPhase(TestSuiteExecutor.java:150)
	at com.kms.katalon.core.main.TestSuiteExecutor.execute(TestSuiteExecutor.java:106)
	at com.kms.katalon.core.main.TestCaseMain.startTestSuite(TestCaseMain.java:180)
	at TempTestSuite1731688027179.run(TempTestSuite1731688027179.groovy:35)
	at java.base/jdk.internal.reflect.NativeMethodAccessorImpl.invoke0(Native Method)
	at java.base/jdk.internal.reflect.NativeMethodAccessorImpl.invoke(NativeMethodAccessorImpl.java:77)
	at java.base/jdk.internal.reflect.DelegatingMethodAccessorImpl.invoke(DelegatingMethodAccessorImpl.java:43)
)
[[ATTACHMENT|C:\\Users\\Enrique\\git\\AUTOMATION_LS\\Reports\\20241115_112706\\LS\\Home\\General\\Census\\20241115_112707\\1731688545641.png]]

15-11-2024T11:35:45 - [MESSAGE][FAILED] - Unable to verify object 'Object Repository/Specific Cases Repository/LS/Home/Census/Clients Face Sheets/Clients Face Sheet Search/Page_Client Face Sheets/td_24-11008' is not present (Root cause: com.kms.katalon.core.exception.StepFailedException: Unable to verify object 'Object Repository/Specific Cases Repository/LS/Home/Census/Clients Face Sheets/Clients Face Sheet Search/Page_Client Face Sheets/td_24-11008' is not present
	at com.kms.katalon.core.webui.keyword.internal.WebUIKeywordMain.stepFailed(WebUIKeywordMain.groovy:117)
	at com.kms.katalon.core.webui.keyword.internal.WebUIKeywordMain.runKeyword(WebUIKeywordMain.groovy:43)
	at com.kms.katalon.core.webui.keyword.internal.WebUIKeywordMain$runKeyword.call(Unknown Source)
	at com.kms.katalon.core.webui.keyword.builtin.VerifyElementNotPresentKeyword.verifyElementNotPresent(VerifyElementNotPresentKeyword.groovy:131)
	at com.kms.katalon.core.webui.keyword.builtin.VerifyElementNotPresentKeyword.execute(VerifyElementNotPresentKeyword.groovy:69)
	at com.kms.katalon.core.keyword.internal.KeywordExecutor.executeKeywordForPlatform(KeywordExecutor.groovy:74)
	at com.kms.katalon.core.webui.keyword.WebUiBuiltInKeywords.verifyElementNotPresent(WebUiBuiltInKeywords.groovy:1536)
	at Client_Face_Sheets_Search.run(Client_Face_Sheets_Search:85)
	at com.kms.katalon.core.main.ScriptEngine.run(ScriptEngine.java:194)
	at com.kms.katalon.core.main.ScriptEngine.runScriptAsRawText(ScriptEngine.java:119)
	at com.kms.katalon.core.main.TestCaseExecutor.runScript(TestCaseExecutor.java:448)
	at com.kms.katalon.core.main.TestCaseExecutor.doExecute(TestCaseExecutor.java:439)
	at com.kms.katalon.core.main.TestCaseExecutor.processExecutionPhase(TestCaseExecutor.java:418)
	at com.kms.katalon.core.main.TestCaseExecutor.accessMainPhase(TestCaseExecutor.java:410)
	at com.kms.katalon.core.main.TestCaseExecutor.execute(TestCaseExecutor.java:285)
	at com.kms.katalon.core.common.CommonExecutor.accessTestCaseMainPhase(CommonExecutor.java:65)
	at com.kms.katalon.core.main.TestSuiteExecutor.accessTestSuiteMainPhase(TestSuiteExecutor.java:150)
	at com.kms.katalon.core.main.TestSuiteExecutor.execute(TestSuiteExecutor.java:106)
	at com.kms.katalon.core.main.TestCaseMain.startTestSuite(TestCaseMain.java:180)
	at TempTestSuite1731688027179.run(TempTestSuite1731688027179.groovy:35)
	at java.base/jdk.internal.reflect.NativeMethodAccessorImpl.invoke0(Native Method)
	at java.base/jdk.internal.reflect.NativeMethodAccessorImpl.invoke(NativeMethodAccessorImpl.java:77)
	at java.base/jdk.internal.reflect.DelegatingMethodAccessorImpl.invoke(DelegatingMethodAccessorImpl.java:43)
Caused by: com.kms.katalon.core.exception.StepFailedException: Web element with id: 'Object Repository/Specific Cases Repository/LS/Home/Census/Clients Face Sheets/Clients Face Sheet Search/Page_Client Face Sheets/td_24-11008' located by 'By.xpath: //td[normalize-space()='24-11008']' is present after '30' second(s)
	at com.kms.katalon.core.webui.keyword.internal.WebUIKeywordMain.stepFailed(WebUIKeywordMain.groovy:117)
	at com.kms.katalon.core.webui.keyword.internal.WebUIKeywordMain$stepFailed$0.call(Unknown Source)
	at com.kms.katalon.core.webui.keyword.builtin.VerifyElementNotPresentKeyword$_verifyElementNotPresent_closure1.doCall(VerifyElementNotPresentKeyword.groovy:122)
	at com.kms.katalon.core.webui.keyword.builtin.VerifyElementNotPresentKeyword$_verifyElementNotPresent_closure1.doCall(VerifyElementNotPresentKeyword.groovy)
	at jdk.internal.reflect.GeneratedMethodAccessor25.invoke(Unknown Source)
	at java.base/jdk.internal.reflect.DelegatingMethodAccessorImpl.invoke(DelegatingMethodAccessorImpl.java:43)
	at com.kms.katalon.core.webui.keyword.internal.WebUIKeywordMain.runKeyword(WebUIKeywordMain.groovy:35)
	... 21 more
)
[[ATTACHMENT|C:\\Users\\Enrique\\git\\AUTOMATION_LS\\Reports\\20241115_112706\\LS\\Home\\General\\Census\\20241115_112707\\1731688545728.png]]]]></system-out>
         <system-err><![CDATA[15-11-2024T11:34:51 - [TEST_CASE][FAILED] - Test Cases/Specific Cases/LS/General/Census/Client Face Sheets/Client_Face_Sheets_Search: Test Cases/Specific Cases/LS/General/Census/Client Face Sheets/Client_Face_Sheets_Search FAILED.
Reason:
com.kms.katalon.core.exception.StepFailedException: Unable to verify object 'Object Repository/Specific Cases Repository/LS/Home/Census/Clients Face Sheets/Clients Face Sheet Search/Page_Client Face Sheets/td_24-11008' is not present
	at com.kms.katalon.core.webui.keyword.internal.WebUIKeywordMain.stepFailed(WebUIKeywordMain.groovy:117)
	at com.kms.katalon.core.webui.keyword.internal.WebUIKeywordMain.runKeyword(WebUIKeywordMain.groovy:43)
	at com.kms.katalon.core.webui.keyword.internal.WebUIKeywordMain$runKeyword.call(Unknown Source)
	at com.kms.katalon.core.webui.keyword.builtin.VerifyElementNotPresentKeyword.verifyElementNotPresent(VerifyElementNotPresentKeyword.groovy:131)
	at com.kms.katalon.core.webui.keyword.builtin.VerifyElementNotPresentKeyword.execute(VerifyElementNotPresentKeyword.groovy:69)
	at com.kms.katalon.core.keyword.internal.KeywordExecutor.executeKeywordForPlatform(KeywordExecutor.groovy:74)
	at com.kms.katalon.core.webui.keyword.WebUiBuiltInKeywords.verifyElementNotPresent(WebUiBuiltInKeywords.groovy:1536)
	at Client_Face_Sheets_Search.run(Client_Face_Sheets_Search:85)
	at com.kms.katalon.core.main.ScriptEngine.run(ScriptEngine.java:194)
	at com.kms.katalon.core.main.ScriptEngine.runScriptAsRawText(ScriptEngine.java:119)
	at com.kms.katalon.core.main.TestCaseExecutor.runScript(TestCaseExecutor.java:448)
	at com.kms.katalon.core.main.TestCaseExecutor.doExecute(TestCaseExecutor.java:439)
	at com.kms.katalon.core.main.TestCaseExecutor.processExecutionPhase(TestCaseExecutor.java:418)
	at com.kms.katalon.core.main.TestCaseExecutor.accessMainPhase(TestCaseExecutor.java:410)
	at com.kms.katalon.core.main.TestCaseExecutor.execute(TestCaseExecutor.java:285)
	at com.kms.katalon.core.common.CommonExecutor.accessTestCaseMainPhase(CommonExecutor.java:65)
	at com.kms.katalon.core.main.TestSuiteExecutor.accessTestSuiteMainPhase(TestSuiteExecutor.java:150)
	at com.kms.katalon.core.main.TestSuiteExecutor.execute(TestSuiteExecutor.java:106)
	at com.kms.katalon.core.main.TestCaseMain.startTestSuite(TestCaseMain.java:180)
	at TempTestSuite1731688027179.run(TempTestSuite1731688027179.groovy:35)
	at java.base/jdk.internal.reflect.NativeMethodAccessorImpl.invoke0(Native Method)
	at java.base/jdk.internal.reflect.NativeMethodAccessorImpl.invoke(NativeMethodAccessorImpl.java:77)
	at java.base/jdk.internal.reflect.DelegatingMethodAccessorImpl.invoke(DelegatingMethodAccessorImpl.java:43)
Caused by: com.kms.katalon.core.exception.StepFailedException: Web element with id: 'Object Repository/Specific Cases Repository/LS/Home/Census/Clients Face Sheets/Clients Face Sheet Search/Page_Client Face Sheets/td_24-11008' located by 'By.xpath: //td[normalize-space()='24-11008']' is present after '30' second(s)
	at com.kms.katalon.core.webui.keyword.internal.WebUIKeywordMain.stepFailed(WebUIKeywordMain.groovy:117)
	at com.kms.katalon.core.webui.keyword.internal.WebUIKeywordMain$stepFailed$0.call(Unknown Source)
	at com.kms.katalon.core.webui.keyword.builtin.VerifyElementNotPresentKeyword$_verifyElementNotPresent_closure1.doCall(VerifyElementNotPresentKeyword.groovy:122)
	at com.kms.katalon.core.webui.keyword.builtin.VerifyElementNotPresentKeyword$_verifyElementNotPresent_closure1.doCall(VerifyElementNotPresentKeyword.groovy)
	at jdk.internal.reflect.GeneratedMethodAccessor25.invoke(Unknown Source)
	at java.base/jdk.internal.reflect.DelegatingMethodAccessorImpl.invoke(DelegatingMethodAccessorImpl.java:43)
	at com.kms.katalon.core.webui.keyword.internal.WebUIKeywordMain.runKeyword(WebUIKeywordMain.groovy:35)
	... 21 more]]></system-err>
      </testcase>
      <system-out><![CDATA[15-11-2024T11:27:22 - [TEST_SUITE][FAILED] - Census: Test Cases/Specific Cases/LS/General/Census/Bed Board/Bed_Board_Filters FAILED.
Reason:
com.kms.katalon.core.exception.StepFailedException: Unable to verify object 'Object Repository/Specific Cases Repository/LS/Home/Census/Bed_Board/Page_Bed Board/span_B Automation, B Client 1673' is not present
	at com.kms.katalon.core.webui.keyword.internal.WebUIKeywordMain.stepFailed(WebUIKeywordMain.groovy:117)
	at com.kms.katalon.core.webui.keyword.internal.WebUIKeywordMain.runKeyword(WebUIKeywordMain.groovy:43)
	at com.kms.katalon.core.webui.keyword.internal.WebUIKeywordMain$runKeyword.call(Unknown Source)
	at com.kms.katalon.core.webui.keyword.builtin.VerifyElementNotPresentKeyword.verifyElementNotPresent(VerifyElementNotPresentKeyword.groovy:131)
	at com.kms.katalon.core.webui.keyword.builtin.VerifyElementNotPresentKeyword.execute(VerifyElementNotPresentKeyword.groovy:69)
	at com.kms.katalon.core.keyword.internal.KeywordExecutor.executeKeywordForPlatform(KeywordExecutor.groovy:74)
	at com.kms.katalon.core.webui.keyword.WebUiBuiltInKeywords.verifyElementNotPresent(WebUiBuiltInKeywords.groovy:1536)
	at Bed_Board_Filters.run(Bed_Board_Filters:73)
	at com.kms.katalon.core.main.ScriptEngine.run(ScriptEngine.java:194)
	at com.kms.katalon.core.main.ScriptEngine.runScriptAsRawText(ScriptEngine.java:119)
	at com.kms.katalon.core.main.TestCaseExecutor.runScript(TestCaseExecutor.java:448)
	at com.kms.katalon.core.main.TestCaseExecutor.doExecute(TestCaseExecutor.java:439)
	at com.kms.katalon.core.main.TestCaseExecutor.processExecutionPhase(TestCaseExecutor.java:418)
	at com.kms.katalon.core.main.TestCaseExecutor.accessMainPhase(TestCaseExecutor.java:410)
	at com.kms.katalon.core.main.TestCaseExecutor.execute(TestCaseExecutor.java:285)
	at com.kms.katalon.core.common.CommonExecutor.accessTestCaseMainPhase(CommonExecutor.java:65)
	at com.kms.katalon.core.main.TestSuiteExecutor.accessTestSuiteMainPhase(TestSuiteExecutor.java:150)
	at com.kms.katalon.core.main.TestSuiteExecutor.execute(TestSuiteExecutor.java:106)
	at com.kms.katalon.core.main.TestCaseMain.startTestSuite(TestCaseMain.java:180)
	at TempTestSuite1731688027179.run(TempTestSuite1731688027179.groovy:35)
	at java.base/jdk.internal.reflect.NativeMethodAccessorImpl.invoke0(Native Method)
	at java.base/jdk.internal.reflect.NativeMethodAccessorImpl.invoke(NativeMethodAccessorImpl.java:77)
	at java.base/jdk.internal.reflect.DelegatingMethodAccessorImpl.invoke(DelegatingMethodAccessorImpl.java:43)
Caused by: com.kms.katalon.core.exception.StepFailedException: Web element with id: 'Object Repository/Specific Cases Repository/LS/Home/Census/Bed_Board/Page_Bed Board/span_B Automation, B Client 1673' located by 'By.xpath: //span[normalize-space()='B Automation, B Client 1673']' is present after '30' second(s)
	at com.kms.katalon.core.webui.keyword.internal.WebUIKeywordMain.stepFailed(WebUIKeywordMain.groovy:117)
	at com.kms.katalon.core.webui.keyword.internal.WebUIKeywordMain$stepFailed$0.call(Unknown Source)
	at com.kms.katalon.core.webui.keyword.builtin.VerifyElementNotPresentKeyword$_verifyElementNotPresent_closure1.doCall(VerifyElementNotPresentKeyword.groovy:122)
	at com.kms.katalon.core.webui.keyword.builtin.VerifyElementNotPresentKeyword$_verifyElementNotPresent_closure1.doCall(VerifyElementNotPresentKeyword.groovy)
	at jdk.internal.reflect.GeneratedMethodAccessor25.invoke(Unknown Source)
	at java.base/jdk.internal.reflect.DelegatingMethodAccessorImpl.invoke(DelegatingMethodAccessorImpl.java:43)
	at com.kms.katalon.core.webui.keyword.internal.WebUIKeywordMain.runKeyword(WebUIKeywordMain.groovy:35)
	... 21 more]]></system-out>
      <system-err><![CDATA[15-11-2024T11:27:22 - [TEST_SUITE][FAILED] - Census: Test Cases/Specific Cases/LS/General/Census/Bed Board/Bed_Board_Filters FAILED.
Reason:
com.kms.katalon.core.exception.StepFailedException: Unable to verify object 'Object Repository/Specific Cases Repository/LS/Home/Census/Bed_Board/Page_Bed Board/span_B Automation, B Client 1673' is not present
	at com.kms.katalon.core.webui.keyword.internal.WebUIKeywordMain.stepFailed(WebUIKeywordMain.groovy:117)
	at com.kms.katalon.core.webui.keyword.internal.WebUIKeywordMain.runKeyword(WebUIKeywordMain.groovy:43)
	at com.kms.katalon.core.webui.keyword.internal.WebUIKeywordMain$runKeyword.call(Unknown Source)
	at com.kms.katalon.core.webui.keyword.builtin.VerifyElementNotPresentKeyword.verifyElementNotPresent(VerifyElementNotPresentKeyword.groovy:131)
	at com.kms.katalon.core.webui.keyword.builtin.VerifyElementNotPresentKeyword.execute(VerifyElementNotPresentKeyword.groovy:69)
	at com.kms.katalon.core.keyword.internal.KeywordExecutor.executeKeywordForPlatform(KeywordExecutor.groovy:74)
	at com.kms.katalon.core.webui.keyword.WebUiBuiltInKeywords.verifyElementNotPresent(WebUiBuiltInKeywords.groovy:1536)
	at Bed_Board_Filters.run(Bed_Board_Filters:73)
	at com.kms.katalon.core.main.ScriptEngine.run(ScriptEngine.java:194)
	at com.kms.katalon.core.main.ScriptEngine.runScriptAsRawText(ScriptEngine.java:119)
	at com.kms.katalon.core.main.TestCaseExecutor.runScript(TestCaseExecutor.java:448)
	at com.kms.katalon.core.main.TestCaseExecutor.doExecute(TestCaseExecutor.java:439)
	at com.kms.katalon.core.main.TestCaseExecutor.processExecutionPhase(TestCaseExecutor.java:418)
	at com.kms.katalon.core.main.TestCaseExecutor.accessMainPhase(TestCaseExecutor.java:410)
	at com.kms.katalon.core.main.TestCaseExecutor.execute(TestCaseExecutor.java:285)
	at com.kms.katalon.core.common.CommonExecutor.accessTestCaseMainPhase(CommonExecutor.java:65)
	at com.kms.katalon.core.main.TestSuiteExecutor.accessTestSuiteMainPhase(TestSuiteExecutor.java:150)
	at com.kms.katalon.core.main.TestSuiteExecutor.execute(TestSuiteExecutor.java:106)
	at com.kms.katalon.core.main.TestCaseMain.startTestSuite(TestCaseMain.java:180)
	at TempTestSuite1731688027179.run(TempTestSuite1731688027179.groovy:35)
	at java.base/jdk.internal.reflect.NativeMethodAccessorImpl.invoke0(Native Method)
	at java.base/jdk.internal.reflect.NativeMethodAccessorImpl.invoke(NativeMethodAccessorImpl.java:77)
	at java.base/jdk.internal.reflect.DelegatingMethodAccessorImpl.invoke(DelegatingMethodAccessorImpl.java:43)
Caused by: com.kms.katalon.core.exception.StepFailedException: Web element with id: 'Object Repository/Specific Cases Repository/LS/Home/Census/Bed_Board/Page_Bed Board/span_B Automation, B Client 1673' located by 'By.xpath: //span[normalize-space()='B Automation, B Client 1673']' is present after '30' second(s)
	at com.kms.katalon.core.webui.keyword.internal.WebUIKeywordMain.stepFailed(WebUIKeywordMain.groovy:117)
	at com.kms.katalon.core.webui.keyword.internal.WebUIKeywordMain$stepFailed$0.call(Unknown Source)
	at com.kms.katalon.core.webui.keyword.builtin.VerifyElementNotPresentKeyword$_verifyElementNotPresent_closure1.doCall(VerifyElementNotPresentKeyword.groovy:122)
	at com.kms.katalon.core.webui.keyword.builtin.VerifyElementNotPresentKeyword$_verifyElementNotPresent_closure1.doCall(VerifyElementNotPresentKeyword.groovy)
	at jdk.internal.reflect.GeneratedMethodAccessor25.invoke(Unknown Source)
	at java.base/jdk.internal.reflect.DelegatingMethodAccessorImpl.invoke(DelegatingMethodAccessorImpl.java:43)
	at com.kms.katalon.core.webui.keyword.internal.WebUIKeywordMain.runKeyword(WebUIKeywordMain.groovy:35)
	... 21 more]]></system-err>
   </testsuite>
</testsuites>
