<?xml version="1.0" encoding="UTF-8"?>
<testsuites name="Calendar" time="252.454" tests="12" failures="12" errors="0">
   <testsuite name="Calendar" tests="12" failures="12" errors="0" time="252.454" skipped="0" timestamp="28-10-2024T10:10:44" hostname="Enrique - Enrique" id="Test Suites/LS/Home/Calendar">
      <properties>
         <property name="deviceName" value=""/>
         <property name="devicePlatform"/>
         <property name="logFolder" value="C:\\Users\\Enrique\\git\\AUTOMATION_LS\\Reports\\20241028_101040\\LS\\Home\\Calendar\\20241028_101040"/>
         <property name="logFiles" value="C:\\Users\\Enrique\\git\\AUTOMATION_LS\\Reports\\20241028_101040\\LS\\Home\\Calendar\\20241028_101040\\execution0.log"/>
         <property name="attachments" value=""/>
         <property name="hostName" value="Enrique - Enrique"/>
         <property name="os" value="Windows 11 64bit"/>
         <property name="katalonVersion" value="9.7.2.223"/>
         <property name="browser" value="Chrome 130.0.0.0"/>
         <property name="hostAddress" value="192.168.100.147"/>
         <property name="sessionId" value="7e972f5eee0958a354193caa0567f3e3"/>
         <property name="seleniumVersion" value="3.141.59"/>
         <property name="proxyInformation" value="ProxyInformation { proxyOption=NO_PROXY, proxyServerType=HTTP, username=, password=********, proxyServerAddress=, proxyServerPort=0, executionList=&quot;&quot;, isApplyToDesiredCapabilities=true }"/>
         <property name="platform" value="Windows 11"/>
      </properties>
      <testcase name="Test Cases/Specific Cases/LS/General/Calendar/Events_Creation/Future Events Creation/Future_Calendar_Appointment" time="19.445" classname="Test Cases/Specific Cases/LS/General/Calendar/Events_Creation/Future Events Creation/Future_Calendar_Appointment" status="FAILED">
         <failure type="FAILED" message="Test Cases/Specific Cases/LS/General/Calendar/Events_Creation/Future Events Creation/Future_Calendar_Appointment FAILED.&#xa;Reason:&#xa;com.kms.katalon.core.exception.StepFailedException: Unable to set text 'B Auto' of object 'Object Repository/Specific Cases Repository/LS/Home/Calendar/Calendar_Events/Calendar_Events_Creation/Appointment/Page_Calendar/Patien Name'&#xa;	at com.kms.katalon.core.webui.keyword.internal.WebUIKeywordMain.stepFailed(WebUIKeywordMain.groovy:117)&#xa;	at com.kms.katalon.core.webui.keyword.internal.WebUIKeywordMain.runKeyword(WebUIKeywordMain.groovy:43)&#xa;	at com.kms.katalon.core.webui.keyword.builtin.SetTextKeyword.setText(SetTextKeyword.groovy:85)&#xa;	at com.kms.katalon.core.webui.keyword.builtin.SetTextKeyword.execute(SetTextKeyword.groovy:39)&#xa;	at com.kms.katalon.core.keyword.internal.KeywordExecutor.executeKeywordForPlatform(KeywordExecutor.groovy:74)&#xa;	at com.kms.katalon.core.webui.keyword.WebUiBuiltInKeywords.setText(WebUiBuiltInKeywords.groovy:1019)&#xa;	at Future_Calendar_Appointment.run(Future_Calendar_Appointment:32)&#xa;	at com.kms.katalon.core.main.ScriptEngine.run(ScriptEngine.java:194)&#xa;	at com.kms.katalon.core.main.ScriptEngine.runScriptAsRawText(ScriptEngine.java:119)&#xa;	at com.kms.katalon.core.main.TestCaseExecutor.runScript(TestCaseExecutor.java:448)&#xa;	at com.kms.katalon.core.main.TestCaseExecutor.doExecute(TestCaseExecutor.java:439)&#xa;	at com.kms.katalon.core.main.TestCaseExecutor.processExecutionPhase(TestCaseExecutor.java:418)&#xa;	at com.kms.katalon.core.main.TestCaseExecutor.accessMainPhase(TestCaseExecutor.java:410)&#xa;	at com.kms.katalon.core.main.TestCaseExecutor.execute(TestCaseExecutor.java:285)&#xa;	at com.kms.katalon.core.common.CommonExecutor.accessTestCaseMainPhase(CommonExecutor.java:65)&#xa;	at com.kms.katalon.core.main.TestSuiteExecutor.accessTestSuiteMainPhase(TestSuiteExecutor.java:150)&#xa;	at com.kms.katalon.core.main.TestSuiteExecutor.execute(TestSuiteExecutor.java:106)&#xa;	at com.kms.katalon.core.main.TestCaseMain.startTestSuite(TestCaseMain.java:180)&#xa;	at TempTestSuite1730128240063.run(TempTestSuite1730128240063.groovy:35)&#xa;	at java.base/jdk.internal.reflect.NativeMethodAccessorImpl.invoke0(Native Method)&#xa;	at java.base/jdk.internal.reflect.NativeMethodAccessorImpl.invoke(NativeMethodAccessorImpl.java:77)&#xa;	at java.base/jdk.internal.reflect.DelegatingMethodAccessorImpl.invoke(DelegatingMethodAccessorImpl.java:43)&#xa;Caused by: org.openqa.selenium.ElementNotInteractableException: element not interactable&#xa;  (Session info: chrome=130.0.6723.70)&#xa;Build info: version: '3.141.59', revision: 'unknown', time: 'unknown'&#xa;System info: host: 'ENRIQUE', ip: '192.168.100.147', os.name: 'Windows 11', os.arch: 'amd64', os.version: '10.0', java.version: '17.0.7'&#xa;Driver info: com.kms.katalon.selenium.driver.CChromeDriver&#xa;Capabilities {acceptInsecureCerts: false, browserName: chrome, browserVersion: 130.0.6723.70, chrome: {chromedriverVersion: 130.0.6723.69 (3ec172b971b9..., userDataDir: C:\Users\Enrique\AppData\Lo...}, fedcm:accounts: true, goog:chromeOptions: {debuggerAddress: localhost:61269}, javascriptEnabled: true, networkConnectionEnabled: false, pageLoadStrategy: normal, platform: WINDOWS, platformName: WINDOWS, proxy: Proxy(), setWindowRect: true, strictFileInteractability: false, timeouts: {implicit: 0, pageLoad: 300000, script: 30000}, unhandledPromptBehavior: dismiss and notify, webauthn:extension:credBlob: true, webauthn:extension:largeBlob: true, webauthn:extension:minPinLength: true, webauthn:extension:prf: true, webauthn:virtualAuthenticators: true}&#xa;Session ID: 5bfa124788c52011b596edf38da50966&#xa;	at java.base/jdk.internal.reflect.NativeConstructorAccessorImpl.newInstance0(Native Method)&#xa;	at java.base/jdk.internal.reflect.NativeConstructorAccessorImpl.newInstance(NativeConstructorAccessorImpl.java:77)&#xa;	at java.base/jdk.internal.reflect.DelegatingConstructorAccessorImpl.newInstance(DelegatingConstructorAccessorImpl.java:45)&#xa;	at org.openqa.selenium.remote.http.W3CHttpResponseCodec.createException(W3CHttpResponseCodec.java:187)&#xa;	at org.openqa.selenium.remote.http.W3CHttpResponseCodec.decode(W3CHttpResponseCodec.java:122)&#xa;	at org.openqa.selenium.remote.http.W3CHttpResponseCodec.decode(W3CHttpResponseCodec.java:49)&#xa;	at org.openqa.selenium.remote.HttpCommandExecutor.execute(HttpCommandExecutor.java:158)&#xa;	at org.openqa.selenium.remote.service.DriverCommandExecutor.execute(DriverCommandExecutor.java:83)&#xa;	at org.openqa.selenium.remote.RemoteWebDriver.execute(RemoteWebDriver.java:552)&#xa;	at com.kms.katalon.selenium.driver.CChromeDriver.execute(CChromeDriver.java:19)&#xa;	at org.openqa.selenium.remote.RemoteWebElement.execute(RemoteWebElement.java:285)&#xa;	at org.openqa.selenium.remote.RemoteWebElement.sendKeys(RemoteWebElement.java:106)&#xa;	at java.base/jdk.internal.reflect.NativeMethodAccessorImpl.invoke0(Native Method)&#xa;	at java.base/jdk.internal.reflect.NativeMethodAccessorImpl.invoke(NativeMethodAccessorImpl.java:77)&#xa;	at java.base/jdk.internal.reflect.DelegatingMethodAccessorImpl.invoke(DelegatingMethodAccessorImpl.java:43)&#xa;	at org.openqa.selenium.support.events.EventFiringWebDriver$EventFiringWebElement.lambda$new$0(EventFiringWebDriver.java:404)&#xa;	at jdk.proxy2/jdk.proxy2.$Proxy21.sendKeys(Unknown Source)&#xa;	at org.openqa.selenium.support.events.EventFiringWebDriver$EventFiringWebElement.sendKeys(EventFiringWebDriver.java:429)&#xa;	at com.kms.katalon.core.webui.keyword.builtin.SetTextKeyword$_setText_closure1.doCall(SetTextKeyword.groovy:71)&#xa;	at com.kms.katalon.core.webui.keyword.builtin.SetTextKeyword$_setText_closure1.call(SetTextKeyword.groovy)&#xa;	at com.kms.katalon.core.webui.keyword.internal.WebUIKeywordMain.runKeyword(WebUIKeywordMain.groovy:35)&#xa;	... 20 more&#xa;"/>
         <system-out><![CDATA[28-10-2024T10:10:44 - [TEST_CASE][FAILED] - Test Cases/Specific Cases/LS/General/Calendar/Events_Creation/Future Events Creation/Future_Calendar_Appointment: Test Cases/Specific Cases/LS/General/Calendar/Events_Creation/Future Events Creation/Future_Calendar_Appointment FAILED.
Reason:
com.kms.katalon.core.exception.StepFailedException: Unable to set text 'B Auto' of object 'Object Repository/Specific Cases Repository/LS/Home/Calendar/Calendar_Events/Calendar_Events_Creation/Appointment/Page_Calendar/Patien Name'
	at com.kms.katalon.core.webui.keyword.internal.WebUIKeywordMain.stepFailed(WebUIKeywordMain.groovy:117)
	at com.kms.katalon.core.webui.keyword.internal.WebUIKeywordMain.runKeyword(WebUIKeywordMain.groovy:43)
	at com.kms.katalon.core.webui.keyword.builtin.SetTextKeyword.setText(SetTextKeyword.groovy:85)
	at com.kms.katalon.core.webui.keyword.builtin.SetTextKeyword.execute(SetTextKeyword.groovy:39)
	at com.kms.katalon.core.keyword.internal.KeywordExecutor.executeKeywordForPlatform(KeywordExecutor.groovy:74)
	at com.kms.katalon.core.webui.keyword.WebUiBuiltInKeywords.setText(WebUiBuiltInKeywords.groovy:1019)
	at Future_Calendar_Appointment.run(Future_Calendar_Appointment:32)
	at com.kms.katalon.core.main.ScriptEngine.run(ScriptEngine.java:194)
	at com.kms.katalon.core.main.ScriptEngine.runScriptAsRawText(ScriptEngine.java:119)
	at com.kms.katalon.core.main.TestCaseExecutor.runScript(TestCaseExecutor.java:448)
	at com.kms.katalon.core.main.TestCaseExecutor.doExecute(TestCaseExecutor.java:439)
	at com.kms.katalon.core.main.TestCaseExecutor.processExecutionPhase(TestCaseExecutor.java:418)
	at com.kms.katalon.core.main.TestCaseExecutor.accessMainPhase(TestCaseExecutor.java:410)
	at com.kms.katalon.core.main.TestCaseExecutor.execute(TestCaseExecutor.java:285)
	at com.kms.katalon.core.common.CommonExecutor.accessTestCaseMainPhase(CommonExecutor.java:65)
	at com.kms.katalon.core.main.TestSuiteExecutor.accessTestSuiteMainPhase(TestSuiteExecutor.java:150)
	at com.kms.katalon.core.main.TestSuiteExecutor.execute(TestSuiteExecutor.java:106)
	at com.kms.katalon.core.main.TestCaseMain.startTestSuite(TestCaseMain.java:180)
	at TempTestSuite1730128240063.run(TempTestSuite1730128240063.groovy:35)
	at java.base/jdk.internal.reflect.NativeMethodAccessorImpl.invoke0(Native Method)
	at java.base/jdk.internal.reflect.NativeMethodAccessorImpl.invoke(NativeMethodAccessorImpl.java:77)
	at java.base/jdk.internal.reflect.DelegatingMethodAccessorImpl.invoke(DelegatingMethodAccessorImpl.java:43)
Caused by: org.openqa.selenium.ElementNotInteractableException: element not interactable
  (Session info: chrome=130.0.6723.70)
Build info: version: '3.141.59', revision: 'unknown', time: 'unknown'
System info: host: 'ENRIQUE', ip: '192.168.100.147', os.name: 'Windows 11', os.arch: 'amd64', os.version: '10.0', java.version: '17.0.7'
Driver info: com.kms.katalon.selenium.driver.CChromeDriver
Capabilities {acceptInsecureCerts: false, browserName: chrome, browserVersion: 130.0.6723.70, chrome: {chromedriverVersion: 130.0.6723.69 (3ec172b971b9..., userDataDir: C:\Users\Enrique\AppData\Lo...}, fedcm:accounts: true, goog:chromeOptions: {debuggerAddress: localhost:61269}, javascriptEnabled: true, networkConnectionEnabled: false, pageLoadStrategy: normal, platform: WINDOWS, platformName: WINDOWS, proxy: Proxy(), setWindowRect: true, strictFileInteractability: false, timeouts: {implicit: 0, pageLoad: 300000, script: 30000}, unhandledPromptBehavior: dismiss and notify, webauthn:extension:credBlob: true, webauthn:extension:largeBlob: true, webauthn:extension:minPinLength: true, webauthn:extension:prf: true, webauthn:virtualAuthenticators: true}
Session ID: 5bfa124788c52011b596edf38da50966
	at java.base/jdk.internal.reflect.NativeConstructorAccessorImpl.newInstance0(Native Method)
	at java.base/jdk.internal.reflect.NativeConstructorAccessorImpl.newInstance(NativeConstructorAccessorImpl.java:77)
	at java.base/jdk.internal.reflect.DelegatingConstructorAccessorImpl.newInstance(DelegatingConstructorAccessorImpl.java:45)
	at org.openqa.selenium.remote.http.W3CHttpResponseCodec.createException(W3CHttpResponseCodec.java:187)
	at org.openqa.selenium.remote.http.W3CHttpResponseCodec.decode(W3CHttpResponseCodec.java:122)
	at org.openqa.selenium.remote.http.W3CHttpResponseCodec.decode(W3CHttpResponseCodec.java:49)
	at org.openqa.selenium.remote.HttpCommandExecutor.execute(HttpCommandExecutor.java:158)
	at org.openqa.selenium.remote.service.DriverCommandExecutor.execute(DriverCommandExecutor.java:83)
	at org.openqa.selenium.remote.RemoteWebDriver.execute(RemoteWebDriver.java:552)
	at com.kms.katalon.selenium.driver.CChromeDriver.execute(CChromeDriver.java:19)
	at org.openqa.selenium.remote.RemoteWebElement.execute(RemoteWebElement.java:285)
	at org.openqa.selenium.remote.RemoteWebElement.sendKeys(RemoteWebElement.java:106)
	at java.base/jdk.internal.reflect.NativeMethodAccessorImpl.invoke0(Native Method)
	at java.base/jdk.internal.reflect.NativeMethodAccessorImpl.invoke(NativeMethodAccessorImpl.java:77)
	at java.base/jdk.internal.reflect.DelegatingMethodAccessorImpl.invoke(DelegatingMethodAccessorImpl.java:43)
	at org.openqa.selenium.support.events.EventFiringWebDriver$EventFiringWebElement.lambda$new$0(EventFiringWebDriver.java:404)
	at jdk.proxy2/jdk.proxy2.$Proxy21.sendKeys(Unknown Source)
	at org.openqa.selenium.support.events.EventFiringWebDriver$EventFiringWebElement.sendKeys(EventFiringWebDriver.java:429)
	at com.kms.katalon.core.webui.keyword.builtin.SetTextKeyword$_setText_closure1.doCall(SetTextKeyword.groovy:71)
	at com.kms.katalon.core.webui.keyword.builtin.SetTextKeyword$_setText_closure1.call(SetTextKeyword.groovy)
	at com.kms.katalon.core.webui.keyword.internal.WebUIKeywordMain.runKeyword(WebUIKeywordMain.groovy:35)
	... 20 more


28-10-2024T10:10:44 - [TEST_STEP][PASSED] - callTestCase(findTestCase("Common Cases/Login"), [:], STOP_ON_FAILURE): Call Test Case 'Test Cases/Common Cases/Login' successfully

28-10-2024T10:10:45 - [TEST_CASE][PASSED] - Test Cases/Common Cases/Login: Test Cases/Common Cases/Login

28-10-2024T10:10:45 - [TEST_STEP][PASSED] - openBrowser(""): Browser is opened with url: ''

28-10-2024T10:10:45 - [MESSAGE][INFO] - Starting 'Chrome' driver

28-10-2024T10:10:45 - [MESSAGE][INFO] - Action delay is set to 0 milliseconds

28-10-2024T10:10:46 - [MESSAGE][PASSED] - Browser is opened with url: ''

28-10-2024T10:10:46 - [TEST_STEP][PASSED] - maximizeWindow(): Current window maximized

28-10-2024T10:10:46 - [MESSAGE][PASSED] - Current window maximized

28-10-2024T10:10:46 - [TEST_STEP][PASSED] - navigateToUrl("https://site17.lsapp.cloud/auth/login"): Navigate to 'https://site17.lsapp.cloud/auth/login' successfully

28-10-2024T10:10:48 - [MESSAGE][PASSED] - Navigate to 'https://site17.lsapp.cloud/auth/login' successfully

28-10-2024T10:10:48 - [TEST_STEP][PASSED] - setText(findTestObject("Object Repository/Common Cases Repository/Login/Page_Lightning Step/input_Email_email"), "automation@lightningstep.com"): Text 'automation@lightningstep.com' is set on object 'Object Repository/Common Cases Repository/Login/Page_Lightning Step/input_Email_email'

28-10-2024T10:10:49 - [MESSAGE][PASSED] - Text 'automation@lightningstep.com' is set on object 'Object Repository/Common Cases Repository/Login/Page_Lightning Step/input_Email_email'

28-10-2024T10:10:49 - [TEST_STEP][PASSED] - setEncryptedText(findTestObject("Object Repository/Common Cases Repository/Login/Page_Lightning Step/input_Password_password"), "e5N8VHmnhJDITtQaQhDQDw=="): Text ****** has been set on object 'Object Repository/Common Cases Repository/Login/Page_Lightning Step/input_Password_password'

28-10-2024T10:10:49 - [MESSAGE][PASSED] - Text ****** has been set on object 'Object Repository/Common Cases Repository/Login/Page_Lightning Step/input_Password_password'

28-10-2024T10:10:49 - [TEST_STEP][PASSED] - click(findTestObject("Object Repository/Common Cases Repository/Login/Page_Lightning Step/button_Sign in")): Object: 'Object Repository/Common Cases Repository/Login/Page_Lightning Step/button_Sign in' is clicked on

28-10-2024T10:10:55 - [MESSAGE][PASSED] - Object: 'Object Repository/Common Cases Repository/Login/Page_Lightning Step/button_Sign in' is clicked on

28-10-2024T10:10:55 - [MESSAGE][PASSED] - Call Test Case 'Test Cases/Common Cases/Login' successfully

28-10-2024T10:10:55 - [TEST_STEP][PASSED] - click(findTestObject("Object Repository/Specific Cases Repository/LS/Home/Calendar/Calendar_Events/Calendar_Events_Creation/Page_Home/a_Calendar")): Object: 'Object Repository/Specific Cases Repository/LS/Home/Calendar/Calendar_Events/Calendar_Events_Creation/Page_Home/a_Calendar' is clicked on

28-10-2024T10:11:00 - [MESSAGE][PASSED] - Object: 'Object Repository/Specific Cases Repository/LS/Home/Calendar/Calendar_Events/Calendar_Events_Creation/Page_Home/a_Calendar' is clicked on

28-10-2024T10:11:00 - [TEST_STEP][PASSED] - click(findTestObject("Object Repository/Specific Cases Repository/LS/Home/Calendar/Calendar_Events/Calendar_Events_Creation/Appointment/Page_Calendar/div_Week")): Object: 'Object Repository/Specific Cases Repository/LS/Home/Calendar/Calendar_Events/Calendar_Events_Creation/Appointment/Page_Calendar/div_Week' is clicked on

28-10-2024T10:11:01 - [MESSAGE][PASSED] - Object: 'Object Repository/Specific Cases Repository/LS/Home/Calendar/Calendar_Events/Calendar_Events_Creation/Appointment/Page_Calendar/div_Week' is clicked on

28-10-2024T10:11:01 - [TEST_STEP][PASSED] - click(findTestObject("Object Repository/Specific Cases Repository/LS/Home/Calendar/Calendar_Events/Calendar_Events_Creation/Appointment/Page_Calendar/button_Create new")): Object: 'Object Repository/Specific Cases Repository/LS/Home/Calendar/Calendar_Events/Calendar_Events_Creation/Appointment/Page_Calendar/button_Create new' is clicked on

28-10-2024T10:11:01 - [MESSAGE][PASSED] - Object: 'Object Repository/Specific Cases Repository/LS/Home/Calendar/Calendar_Events/Calendar_Events_Creation/Appointment/Page_Calendar/button_Create new' is clicked on

28-10-2024T10:11:01 - [TEST_STEP][PASSED] - click(findTestObject("Object Repository/Specific Cases Repository/LS/Home/Calendar/Calendar_Events/Calendar_Events_Creation/Appointment/Page_Calendar/label_Appointment")): Object: 'Object Repository/Specific Cases Repository/LS/Home/Calendar/Calendar_Events/Calendar_Events_Creation/Appointment/Page_Calendar/label_Appointment' is clicked on

28-10-2024T10:11:02 - [MESSAGE][PASSED] - Object: 'Object Repository/Specific Cases Repository/LS/Home/Calendar/Calendar_Events/Calendar_Events_Creation/Appointment/Page_Calendar/label_Appointment' is clicked on

28-10-2024T10:11:02 - [TEST_STEP][PASSED] - click(findTestObject("Object Repository/Specific Cases Repository/LS/Home/Calendar/Calendar_Events/Calendar_Events_Creation/Appointment/Page_Calendar/span_Select Client")): Object: 'Object Repository/Specific Cases Repository/LS/Home/Calendar/Calendar_Events/Calendar_Events_Creation/Appointment/Page_Calendar/span_Select Client' is clicked on

28-10-2024T10:11:03 - [MESSAGE][PASSED] - Object: 'Object Repository/Specific Cases Repository/LS/Home/Calendar/Calendar_Events/Calendar_Events_Creation/Appointment/Page_Calendar/span_Select Client' is clicked on

28-10-2024T10:11:03 - [TEST_STEP][FAILED] - setText(findTestObject("Object Repository/Specific Cases Repository/LS/Home/Calendar/Calendar_Events/Calendar_Events_Creation/Appointment/Page_Calendar/Patien Name"), "B Auto"): Unable to set text 'B Auto' of object 'Object Repository/Specific Cases Repository/LS/Home/Calendar/Calendar_Events/Calendar_Events_Creation/Appointment/Page_Calendar/Patien Name' (Root cause: com.kms.katalon.core.exception.StepFailedException: Unable to set text 'B Auto' of object 'Object Repository/Specific Cases Repository/LS/Home/Calendar/Calendar_Events/Calendar_Events_Creation/Appointment/Page_Calendar/Patien Name'
	at com.kms.katalon.core.webui.keyword.internal.WebUIKeywordMain.stepFailed(WebUIKeywordMain.groovy:117)
	at com.kms.katalon.core.webui.keyword.internal.WebUIKeywordMain.runKeyword(WebUIKeywordMain.groovy:43)
	at com.kms.katalon.core.webui.keyword.builtin.SetTextKeyword.setText(SetTextKeyword.groovy:85)
	at com.kms.katalon.core.webui.keyword.builtin.SetTextKeyword.execute(SetTextKeyword.groovy:39)
	at com.kms.katalon.core.keyword.internal.KeywordExecutor.executeKeywordForPlatform(KeywordExecutor.groovy:74)
	at com.kms.katalon.core.webui.keyword.WebUiBuiltInKeywords.setText(WebUiBuiltInKeywords.groovy:1019)
	at Future_Calendar_Appointment.run(Future_Calendar_Appointment:32)
	at com.kms.katalon.core.main.ScriptEngine.run(ScriptEngine.java:194)
	at com.kms.katalon.core.main.ScriptEngine.runScriptAsRawText(ScriptEngine.java:119)
	at com.kms.katalon.core.main.TestCaseExecutor.runScript(TestCaseExecutor.java:448)
	at com.kms.katalon.core.main.TestCaseExecutor.doExecute(TestCaseExecutor.java:439)
	at com.kms.katalon.core.main.TestCaseExecutor.processExecutionPhase(TestCaseExecutor.java:418)
	at com.kms.katalon.core.main.TestCaseExecutor.accessMainPhase(TestCaseExecutor.java:410)
	at com.kms.katalon.core.main.TestCaseExecutor.execute(TestCaseExecutor.java:285)
	at com.kms.katalon.core.common.CommonExecutor.accessTestCaseMainPhase(CommonExecutor.java:65)
	at com.kms.katalon.core.main.TestSuiteExecutor.accessTestSuiteMainPhase(TestSuiteExecutor.java:150)
	at com.kms.katalon.core.main.TestSuiteExecutor.execute(TestSuiteExecutor.java:106)
	at com.kms.katalon.core.main.TestCaseMain.startTestSuite(TestCaseMain.java:180)
	at TempTestSuite1730128240063.run(TempTestSuite1730128240063.groovy:35)
	at java.base/jdk.internal.reflect.NativeMethodAccessorImpl.invoke0(Native Method)
	at java.base/jdk.internal.reflect.NativeMethodAccessorImpl.invoke(NativeMethodAccessorImpl.java:77)
	at java.base/jdk.internal.reflect.DelegatingMethodAccessorImpl.invoke(DelegatingMethodAccessorImpl.java:43)
Caused by: org.openqa.selenium.ElementNotInteractableException: element not interactable
  (Session info: chrome=130.0.6723.70)
Build info: version: '3.141.59', revision: 'unknown', time: 'unknown'
System info: host: 'ENRIQUE', ip: '192.168.100.147', os.name: 'Windows 11', os.arch: 'amd64', os.version: '10.0', java.version: '17.0.7'
Driver info: com.kms.katalon.selenium.driver.CChromeDriver
Capabilities {acceptInsecureCerts: false, browserName: chrome, browserVersion: 130.0.6723.70, chrome: {chromedriverVersion: 130.0.6723.69 (3ec172b971b9..., userDataDir: C:\Users\Enrique\AppData\Lo...}, fedcm:accounts: true, goog:chromeOptions: {debuggerAddress: localhost:61269}, javascriptEnabled: true, networkConnectionEnabled: false, pageLoadStrategy: normal, platform: WINDOWS, platformName: WINDOWS, proxy: Proxy(), setWindowRect: true, strictFileInteractability: false, timeouts: {implicit: 0, pageLoad: 300000, script: 30000}, unhandledPromptBehavior: dismiss and notify, webauthn:extension:credBlob: true, webauthn:extension:largeBlob: true, webauthn:extension:minPinLength: true, webauthn:extension:prf: true, webauthn:virtualAuthenticators: true}
Session ID: 5bfa124788c52011b596edf38da50966
	at java.base/jdk.internal.reflect.NativeConstructorAccessorImpl.newInstance0(Native Method)
	at java.base/jdk.internal.reflect.NativeConstructorAccessorImpl.newInstance(NativeConstructorAccessorImpl.java:77)
	at java.base/jdk.internal.reflect.DelegatingConstructorAccessorImpl.newInstance(DelegatingConstructorAccessorImpl.java:45)
	at org.openqa.selenium.remote.http.W3CHttpResponseCodec.createException(W3CHttpResponseCodec.java:187)
	at org.openqa.selenium.remote.http.W3CHttpResponseCodec.decode(W3CHttpResponseCodec.java:122)
	at org.openqa.selenium.remote.http.W3CHttpResponseCodec.decode(W3CHttpResponseCodec.java:49)
	at org.openqa.selenium.remote.HttpCommandExecutor.execute(HttpCommandExecutor.java:158)
	at org.openqa.selenium.remote.service.DriverCommandExecutor.execute(DriverCommandExecutor.java:83)
	at org.openqa.selenium.remote.RemoteWebDriver.execute(RemoteWebDriver.java:552)
	at com.kms.katalon.selenium.driver.CChromeDriver.execute(CChromeDriver.java:19)
	at org.openqa.selenium.remote.RemoteWebElement.execute(RemoteWebElement.java:285)
	at org.openqa.selenium.remote.RemoteWebElement.sendKeys(RemoteWebElement.java:106)
	at java.base/jdk.internal.reflect.NativeMethodAccessorImpl.invoke0(Native Method)
	at java.base/jdk.internal.reflect.NativeMethodAccessorImpl.invoke(NativeMethodAccessorImpl.java:77)
	at java.base/jdk.internal.reflect.DelegatingMethodAccessorImpl.invoke(DelegatingMethodAccessorImpl.java:43)
	at org.openqa.selenium.support.events.EventFiringWebDriver$EventFiringWebElement.lambda$new$0(EventFiringWebDriver.java:404)
	at jdk.proxy2/jdk.proxy2.$Proxy21.sendKeys(Unknown Source)
	at org.openqa.selenium.support.events.EventFiringWebDriver$EventFiringWebElement.sendKeys(EventFiringWebDriver.java:429)
	at com.kms.katalon.core.webui.keyword.builtin.SetTextKeyword$_setText_closure1.doCall(SetTextKeyword.groovy:71)
	at com.kms.katalon.core.webui.keyword.builtin.SetTextKeyword$_setText_closure1.call(SetTextKeyword.groovy)
	at com.kms.katalon.core.webui.keyword.internal.WebUIKeywordMain.runKeyword(WebUIKeywordMain.groovy:35)
	at com.kms.katalon.core.webui.keyword.builtin.SetTextKeyword.setText(SetTextKeyword.groovy:85)
	at com.kms.katalon.core.webui.keyword.builtin.SetTextKeyword.execute(SetTextKeyword.groovy:39)
	at com.kms.katalon.core.keyword.internal.KeywordExecutor.executeKeywordForPlatform(KeywordExecutor.groovy:74)
	at com.kms.katalon.core.webui.keyword.WebUiBuiltInKeywords.setText(WebUiBuiltInKeywords.groovy:1019)
	at Script1727458510239.run(Script1727458510239.groovy:32)
	... 15 more
)

28-10-2024T10:11:04 - [MESSAGE][FAILED] - Unable to set text 'B Auto' of object 'Object Repository/Specific Cases Repository/LS/Home/Calendar/Calendar_Events/Calendar_Events_Creation/Appointment/Page_Calendar/Patien Name' (Root cause: com.kms.katalon.core.exception.StepFailedException: Unable to set text 'B Auto' of object 'Object Repository/Specific Cases Repository/LS/Home/Calendar/Calendar_Events/Calendar_Events_Creation/Appointment/Page_Calendar/Patien Name'
	at com.kms.katalon.core.webui.keyword.internal.WebUIKeywordMain.stepFailed(WebUIKeywordMain.groovy:117)
	at com.kms.katalon.core.webui.keyword.internal.WebUIKeywordMain.runKeyword(WebUIKeywordMain.groovy:43)
	at com.kms.katalon.core.webui.keyword.builtin.SetTextKeyword.setText(SetTextKeyword.groovy:85)
	at com.kms.katalon.core.webui.keyword.builtin.SetTextKeyword.execute(SetTextKeyword.groovy:39)
	at com.kms.katalon.core.keyword.internal.KeywordExecutor.executeKeywordForPlatform(KeywordExecutor.groovy:74)
	at com.kms.katalon.core.webui.keyword.WebUiBuiltInKeywords.setText(WebUiBuiltInKeywords.groovy:1019)
	at Future_Calendar_Appointment.run(Future_Calendar_Appointment:32)
	at com.kms.katalon.core.main.ScriptEngine.run(ScriptEngine.java:194)
	at com.kms.katalon.core.main.ScriptEngine.runScriptAsRawText(ScriptEngine.java:119)
	at com.kms.katalon.core.main.TestCaseExecutor.runScript(TestCaseExecutor.java:448)
	at com.kms.katalon.core.main.TestCaseExecutor.doExecute(TestCaseExecutor.java:439)
	at com.kms.katalon.core.main.TestCaseExecutor.processExecutionPhase(TestCaseExecutor.java:418)
	at com.kms.katalon.core.main.TestCaseExecutor.accessMainPhase(TestCaseExecutor.java:410)
	at com.kms.katalon.core.main.TestCaseExecutor.execute(TestCaseExecutor.java:285)
	at com.kms.katalon.core.common.CommonExecutor.accessTestCaseMainPhase(CommonExecutor.java:65)
	at com.kms.katalon.core.main.TestSuiteExecutor.accessTestSuiteMainPhase(TestSuiteExecutor.java:150)
	at com.kms.katalon.core.main.TestSuiteExecutor.execute(TestSuiteExecutor.java:106)
	at com.kms.katalon.core.main.TestCaseMain.startTestSuite(TestCaseMain.java:180)
	at TempTestSuite1730128240063.run(TempTestSuite1730128240063.groovy:35)
	at java.base/jdk.internal.reflect.NativeMethodAccessorImpl.invoke0(Native Method)
	at java.base/jdk.internal.reflect.NativeMethodAccessorImpl.invoke(NativeMethodAccessorImpl.java:77)
	at java.base/jdk.internal.reflect.DelegatingMethodAccessorImpl.invoke(DelegatingMethodAccessorImpl.java:43)
Caused by: org.openqa.selenium.ElementNotInteractableException: element not interactable
  (Session info: chrome=130.0.6723.70)
Build info: version: '3.141.59', revision: 'unknown', time: 'unknown'
System info: host: 'ENRIQUE', ip: '192.168.100.147', os.name: 'Windows 11', os.arch: 'amd64', os.version: '10.0', java.version: '17.0.7'
Driver info: com.kms.katalon.selenium.driver.CChromeDriver
Capabilities {acceptInsecureCerts: false, browserName: chrome, browserVersion: 130.0.6723.70, chrome: {chromedriverVersion: 130.0.6723.69 (3ec172b971b9..., userDataDir: C:\Users\Enrique\AppData\Lo...}, fedcm:accounts: true, goog:chromeOptions: {debuggerAddress: localhost:61269}, javascriptEnabled: true, networkConnectionEnabled: false, pageLoadStrategy: normal, platform: WINDOWS, platformName: WINDOWS, proxy: Proxy(), setWindowRect: true, strictFileInteractability: false, timeouts: {implicit: 0, pageLoad: 300000, script: 30000}, unhandledPromptBehavior: dismiss and notify, webauthn:extension:credBlob: true, webauthn:extension:largeBlob: true, webauthn:extension:minPinLength: true, webauthn:extension:prf: true, webauthn:virtualAuthenticators: true}
Session ID: 5bfa124788c52011b596edf38da50966
	at java.base/jdk.internal.reflect.NativeConstructorAccessorImpl.newInstance0(Native Method)
	at java.base/jdk.internal.reflect.NativeConstructorAccessorImpl.newInstance(NativeConstructorAccessorImpl.java:77)
	at java.base/jdk.internal.reflect.DelegatingConstructorAccessorImpl.newInstance(DelegatingConstructorAccessorImpl.java:45)
	at org.openqa.selenium.remote.http.W3CHttpResponseCodec.createException(W3CHttpResponseCodec.java:187)
	at org.openqa.selenium.remote.http.W3CHttpResponseCodec.decode(W3CHttpResponseCodec.java:122)
	at org.openqa.selenium.remote.http.W3CHttpResponseCodec.decode(W3CHttpResponseCodec.java:49)
	at org.openqa.selenium.remote.HttpCommandExecutor.execute(HttpCommandExecutor.java:158)
	at org.openqa.selenium.remote.service.DriverCommandExecutor.execute(DriverCommandExecutor.java:83)
	at org.openqa.selenium.remote.RemoteWebDriver.execute(RemoteWebDriver.java:552)
	at com.kms.katalon.selenium.driver.CChromeDriver.execute(CChromeDriver.java:19)
	at org.openqa.selenium.remote.RemoteWebElement.execute(RemoteWebElement.java:285)
	at org.openqa.selenium.remote.RemoteWebElement.sendKeys(RemoteWebElement.java:106)
	at java.base/jdk.internal.reflect.NativeMethodAccessorImpl.invoke0(Native Method)
	at java.base/jdk.internal.reflect.NativeMethodAccessorImpl.invoke(NativeMethodAccessorImpl.java:77)
	at java.base/jdk.internal.reflect.DelegatingMethodAccessorImpl.invoke(DelegatingMethodAccessorImpl.java:43)
	at org.openqa.selenium.support.events.EventFiringWebDriver$EventFiringWebElement.lambda$new$0(EventFiringWebDriver.java:404)
	at jdk.proxy2/jdk.proxy2.$Proxy21.sendKeys(Unknown Source)
	at org.openqa.selenium.support.events.EventFiringWebDriver$EventFiringWebElement.sendKeys(EventFiringWebDriver.java:429)
	at com.kms.katalon.core.webui.keyword.builtin.SetTextKeyword$_setText_closure1.doCall(SetTextKeyword.groovy:71)
	at com.kms.katalon.core.webui.keyword.builtin.SetTextKeyword$_setText_closure1.call(SetTextKeyword.groovy)
	at com.kms.katalon.core.webui.keyword.internal.WebUIKeywordMain.runKeyword(WebUIKeywordMain.groovy:35)
	at com.kms.katalon.core.webui.keyword.builtin.SetTextKeyword.setText(SetTextKeyword.groovy:85)
	at com.kms.katalon.core.webui.keyword.builtin.SetTextKeyword.execute(SetTextKeyword.groovy:39)
	at com.kms.katalon.core.keyword.internal.KeywordExecutor.executeKeywordForPlatform(KeywordExecutor.groovy:74)
	at com.kms.katalon.core.webui.keyword.WebUiBuiltInKeywords.setText(WebUiBuiltInKeywords.groovy:1019)
	at Script1727458510239.run(Script1727458510239.groovy:32)
	... 15 more
)]]></system-out>
         <system-err><![CDATA[28-10-2024T10:10:44 - [TEST_CASE][FAILED] - Test Cases/Specific Cases/LS/General/Calendar/Events_Creation/Future Events Creation/Future_Calendar_Appointment: Test Cases/Specific Cases/LS/General/Calendar/Events_Creation/Future Events Creation/Future_Calendar_Appointment FAILED.
Reason:
com.kms.katalon.core.exception.StepFailedException: Unable to set text 'B Auto' of object 'Object Repository/Specific Cases Repository/LS/Home/Calendar/Calendar_Events/Calendar_Events_Creation/Appointment/Page_Calendar/Patien Name'
	at com.kms.katalon.core.webui.keyword.internal.WebUIKeywordMain.stepFailed(WebUIKeywordMain.groovy:117)
	at com.kms.katalon.core.webui.keyword.internal.WebUIKeywordMain.runKeyword(WebUIKeywordMain.groovy:43)
	at com.kms.katalon.core.webui.keyword.builtin.SetTextKeyword.setText(SetTextKeyword.groovy:85)
	at com.kms.katalon.core.webui.keyword.builtin.SetTextKeyword.execute(SetTextKeyword.groovy:39)
	at com.kms.katalon.core.keyword.internal.KeywordExecutor.executeKeywordForPlatform(KeywordExecutor.groovy:74)
	at com.kms.katalon.core.webui.keyword.WebUiBuiltInKeywords.setText(WebUiBuiltInKeywords.groovy:1019)
	at Future_Calendar_Appointment.run(Future_Calendar_Appointment:32)
	at com.kms.katalon.core.main.ScriptEngine.run(ScriptEngine.java:194)
	at com.kms.katalon.core.main.ScriptEngine.runScriptAsRawText(ScriptEngine.java:119)
	at com.kms.katalon.core.main.TestCaseExecutor.runScript(TestCaseExecutor.java:448)
	at com.kms.katalon.core.main.TestCaseExecutor.doExecute(TestCaseExecutor.java:439)
	at com.kms.katalon.core.main.TestCaseExecutor.processExecutionPhase(TestCaseExecutor.java:418)
	at com.kms.katalon.core.main.TestCaseExecutor.accessMainPhase(TestCaseExecutor.java:410)
	at com.kms.katalon.core.main.TestCaseExecutor.execute(TestCaseExecutor.java:285)
	at com.kms.katalon.core.common.CommonExecutor.accessTestCaseMainPhase(CommonExecutor.java:65)
	at com.kms.katalon.core.main.TestSuiteExecutor.accessTestSuiteMainPhase(TestSuiteExecutor.java:150)
	at com.kms.katalon.core.main.TestSuiteExecutor.execute(TestSuiteExecutor.java:106)
	at com.kms.katalon.core.main.TestCaseMain.startTestSuite(TestCaseMain.java:180)
	at TempTestSuite1730128240063.run(TempTestSuite1730128240063.groovy:35)
	at java.base/jdk.internal.reflect.NativeMethodAccessorImpl.invoke0(Native Method)
	at java.base/jdk.internal.reflect.NativeMethodAccessorImpl.invoke(NativeMethodAccessorImpl.java:77)
	at java.base/jdk.internal.reflect.DelegatingMethodAccessorImpl.invoke(DelegatingMethodAccessorImpl.java:43)
Caused by: org.openqa.selenium.ElementNotInteractableException: element not interactable
  (Session info: chrome=130.0.6723.70)
Build info: version: '3.141.59', revision: 'unknown', time: 'unknown'
System info: host: 'ENRIQUE', ip: '192.168.100.147', os.name: 'Windows 11', os.arch: 'amd64', os.version: '10.0', java.version: '17.0.7'
Driver info: com.kms.katalon.selenium.driver.CChromeDriver
Capabilities {acceptInsecureCerts: false, browserName: chrome, browserVersion: 130.0.6723.70, chrome: {chromedriverVersion: 130.0.6723.69 (3ec172b971b9..., userDataDir: C:\Users\Enrique\AppData\Lo...}, fedcm:accounts: true, goog:chromeOptions: {debuggerAddress: localhost:61269}, javascriptEnabled: true, networkConnectionEnabled: false, pageLoadStrategy: normal, platform: WINDOWS, platformName: WINDOWS, proxy: Proxy(), setWindowRect: true, strictFileInteractability: false, timeouts: {implicit: 0, pageLoad: 300000, script: 30000}, unhandledPromptBehavior: dismiss and notify, webauthn:extension:credBlob: true, webauthn:extension:largeBlob: true, webauthn:extension:minPinLength: true, webauthn:extension:prf: true, webauthn:virtualAuthenticators: true}
Session ID: 5bfa124788c52011b596edf38da50966
	at java.base/jdk.internal.reflect.NativeConstructorAccessorImpl.newInstance0(Native Method)
	at java.base/jdk.internal.reflect.NativeConstructorAccessorImpl.newInstance(NativeConstructorAccessorImpl.java:77)
	at java.base/jdk.internal.reflect.DelegatingConstructorAccessorImpl.newInstance(DelegatingConstructorAccessorImpl.java:45)
	at org.openqa.selenium.remote.http.W3CHttpResponseCodec.createException(W3CHttpResponseCodec.java:187)
	at org.openqa.selenium.remote.http.W3CHttpResponseCodec.decode(W3CHttpResponseCodec.java:122)
	at org.openqa.selenium.remote.http.W3CHttpResponseCodec.decode(W3CHttpResponseCodec.java:49)
	at org.openqa.selenium.remote.HttpCommandExecutor.execute(HttpCommandExecutor.java:158)
	at org.openqa.selenium.remote.service.DriverCommandExecutor.execute(DriverCommandExecutor.java:83)
	at org.openqa.selenium.remote.RemoteWebDriver.execute(RemoteWebDriver.java:552)
	at com.kms.katalon.selenium.driver.CChromeDriver.execute(CChromeDriver.java:19)
	at org.openqa.selenium.remote.RemoteWebElement.execute(RemoteWebElement.java:285)
	at org.openqa.selenium.remote.RemoteWebElement.sendKeys(RemoteWebElement.java:106)
	at java.base/jdk.internal.reflect.NativeMethodAccessorImpl.invoke0(Native Method)
	at java.base/jdk.internal.reflect.NativeMethodAccessorImpl.invoke(NativeMethodAccessorImpl.java:77)
	at java.base/jdk.internal.reflect.DelegatingMethodAccessorImpl.invoke(DelegatingMethodAccessorImpl.java:43)
	at org.openqa.selenium.support.events.EventFiringWebDriver$EventFiringWebElement.lambda$new$0(EventFiringWebDriver.java:404)
	at jdk.proxy2/jdk.proxy2.$Proxy21.sendKeys(Unknown Source)
	at org.openqa.selenium.support.events.EventFiringWebDriver$EventFiringWebElement.sendKeys(EventFiringWebDriver.java:429)
	at com.kms.katalon.core.webui.keyword.builtin.SetTextKeyword$_setText_closure1.doCall(SetTextKeyword.groovy:71)
	at com.kms.katalon.core.webui.keyword.builtin.SetTextKeyword$_setText_closure1.call(SetTextKeyword.groovy)
	at com.kms.katalon.core.webui.keyword.internal.WebUIKeywordMain.runKeyword(WebUIKeywordMain.groovy:35)
	... 20 more]]></system-err>
      </testcase>
      <testcase name="Test Cases/Specific Cases/LS/General/Calendar/Events_Creation/Future Events Creation/Future_Calendar_Block" time="23.281" classname="Test Cases/Specific Cases/LS/General/Calendar/Events_Creation/Future Events Creation/Future_Calendar_Block" status="FAILED">
         <failure type="FAILED" message="Test Cases/Specific Cases/LS/General/Calendar/Events_Creation/Future Events Creation/Future_Calendar_Block FAILED.&#xa;Reason:&#xa;com.kms.katalon.core.exception.StepFailedException: Unable to set text '45' of object 'Object Repository/Specific Cases Repository/LS/Home/Calendar/Calendar_Events/Calendar_Events_Creation/Block/Page_Calendar/input_Reminder_select2-search__field'&#xa;	at com.kms.katalon.core.webui.keyword.internal.WebUIKeywordMain.stepFailed(WebUIKeywordMain.groovy:117)&#xa;	at com.kms.katalon.core.webui.keyword.internal.WebUIKeywordMain.runKeyword(WebUIKeywordMain.groovy:43)&#xa;	at com.kms.katalon.core.webui.keyword.builtin.SetTextKeyword.setText(SetTextKeyword.groovy:85)&#xa;	at com.kms.katalon.core.webui.keyword.builtin.SetTextKeyword.execute(SetTextKeyword.groovy:39)&#xa;	at com.kms.katalon.core.keyword.internal.KeywordExecutor.executeKeywordForPlatform(KeywordExecutor.groovy:74)&#xa;	at com.kms.katalon.core.webui.keyword.WebUiBuiltInKeywords.setText(WebUiBuiltInKeywords.groovy:1019)&#xa;	at Future_Calendar_Block.run(Future_Calendar_Block:47)&#xa;	at com.kms.katalon.core.main.ScriptEngine.run(ScriptEngine.java:194)&#xa;	at com.kms.katalon.core.main.ScriptEngine.runScriptAsRawText(ScriptEngine.java:119)&#xa;	at com.kms.katalon.core.main.TestCaseExecutor.runScript(TestCaseExecutor.java:448)&#xa;	at com.kms.katalon.core.main.TestCaseExecutor.doExecute(TestCaseExecutor.java:439)&#xa;	at com.kms.katalon.core.main.TestCaseExecutor.processExecutionPhase(TestCaseExecutor.java:418)&#xa;	at com.kms.katalon.core.main.TestCaseExecutor.accessMainPhase(TestCaseExecutor.java:410)&#xa;	at com.kms.katalon.core.main.TestCaseExecutor.execute(TestCaseExecutor.java:285)&#xa;	at com.kms.katalon.core.common.CommonExecutor.accessTestCaseMainPhase(CommonExecutor.java:65)&#xa;	at com.kms.katalon.core.main.TestSuiteExecutor.accessTestSuiteMainPhase(TestSuiteExecutor.java:150)&#xa;	at com.kms.katalon.core.main.TestSuiteExecutor.execute(TestSuiteExecutor.java:106)&#xa;	at com.kms.katalon.core.main.TestCaseMain.startTestSuite(TestCaseMain.java:180)&#xa;	at TempTestSuite1730128240063.run(TempTestSuite1730128240063.groovy:35)&#xa;	at java.base/jdk.internal.reflect.NativeMethodAccessorImpl.invoke0(Native Method)&#xa;	at java.base/jdk.internal.reflect.NativeMethodAccessorImpl.invoke(NativeMethodAccessorImpl.java:77)&#xa;	at java.base/jdk.internal.reflect.DelegatingMethodAccessorImpl.invoke(DelegatingMethodAccessorImpl.java:43)&#xa;Caused by: org.openqa.selenium.ElementNotInteractableException: element not interactable&#xa;  (Session info: chrome=130.0.6723.70)&#xa;Build info: version: '3.141.59', revision: 'unknown', time: 'unknown'&#xa;System info: host: 'ENRIQUE', ip: '192.168.100.147', os.name: 'Windows 11', os.arch: 'amd64', os.version: '10.0', java.version: '17.0.7'&#xa;Driver info: com.kms.katalon.selenium.driver.CChromeDriver&#xa;Capabilities {acceptInsecureCerts: false, browserName: chrome, browserVersion: 130.0.6723.70, chrome: {chromedriverVersion: 130.0.6723.69 (3ec172b971b9..., userDataDir: C:\Users\Enrique\AppData\Lo...}, fedcm:accounts: true, goog:chromeOptions: {debuggerAddress: localhost:61299}, javascriptEnabled: true, networkConnectionEnabled: false, pageLoadStrategy: normal, platform: WINDOWS, platformName: WINDOWS, proxy: Proxy(), setWindowRect: true, strictFileInteractability: false, timeouts: {implicit: 0, pageLoad: 300000, script: 30000}, unhandledPromptBehavior: dismiss and notify, webauthn:extension:credBlob: true, webauthn:extension:largeBlob: true, webauthn:extension:minPinLength: true, webauthn:extension:prf: true, webauthn:virtualAuthenticators: true}&#xa;Session ID: d9c0ba772950f89b4e95968c54b72a7e&#xa;	at java.base/jdk.internal.reflect.NativeConstructorAccessorImpl.newInstance0(Native Method)&#xa;	at java.base/jdk.internal.reflect.NativeConstructorAccessorImpl.newInstance(NativeConstructorAccessorImpl.java:77)&#xa;	at java.base/jdk.internal.reflect.DelegatingConstructorAccessorImpl.newInstance(DelegatingConstructorAccessorImpl.java:45)&#xa;	at org.openqa.selenium.remote.http.W3CHttpResponseCodec.createException(W3CHttpResponseCodec.java:187)&#xa;	at org.openqa.selenium.remote.http.W3CHttpResponseCodec.decode(W3CHttpResponseCodec.java:122)&#xa;	at org.openqa.selenium.remote.http.W3CHttpResponseCodec.decode(W3CHttpResponseCodec.java:49)&#xa;	at org.openqa.selenium.remote.HttpCommandExecutor.execute(HttpCommandExecutor.java:158)&#xa;	at org.openqa.selenium.remote.service.DriverCommandExecutor.execute(DriverCommandExecutor.java:83)&#xa;	at org.openqa.selenium.remote.RemoteWebDriver.execute(RemoteWebDriver.java:552)&#xa;	at com.kms.katalon.selenium.driver.CChromeDriver.execute(CChromeDriver.java:19)&#xa;	at org.openqa.selenium.remote.RemoteWebElement.execute(RemoteWebElement.java:285)&#xa;	at org.openqa.selenium.remote.RemoteWebElement.clear(RemoteWebElement.java:124)&#xa;	at java.base/jdk.internal.reflect.NativeMethodAccessorImpl.invoke0(Native Method)&#xa;	at java.base/jdk.internal.reflect.NativeMethodAccessorImpl.invoke(NativeMethodAccessorImpl.java:77)&#xa;	at java.base/jdk.internal.reflect.DelegatingMethodAccessorImpl.invoke(DelegatingMethodAccessorImpl.java:43)&#xa;	at org.openqa.selenium.support.events.EventFiringWebDriver$EventFiringWebElement.lambda$new$0(EventFiringWebDriver.java:404)&#xa;	at jdk.proxy2/jdk.proxy2.$Proxy21.clear(Unknown Source)&#xa;	at org.openqa.selenium.support.events.EventFiringWebDriver$EventFiringWebElement.clear(EventFiringWebDriver.java:436)&#xa;	at com.kms.katalon.core.webui.keyword.builtin.SetTextKeyword$_setText_closure1.doCall(SetTextKeyword.groovy:55)&#xa;	at com.kms.katalon.core.webui.keyword.builtin.SetTextKeyword$_setText_closure1.call(SetTextKeyword.groovy)&#xa;	at com.kms.katalon.core.webui.keyword.internal.WebUIKeywordMain.runKeyword(WebUIKeywordMain.groovy:35)&#xa;	... 20 more&#xa;"/>
         <system-out><![CDATA[28-10-2024T10:11:04 - [TEST_CASE][FAILED] - Test Cases/Specific Cases/LS/General/Calendar/Events_Creation/Future Events Creation/Future_Calendar_Block: Test Cases/Specific Cases/LS/General/Calendar/Events_Creation/Future Events Creation/Future_Calendar_Block FAILED.
Reason:
com.kms.katalon.core.exception.StepFailedException: Unable to set text '45' of object 'Object Repository/Specific Cases Repository/LS/Home/Calendar/Calendar_Events/Calendar_Events_Creation/Block/Page_Calendar/input_Reminder_select2-search__field'
	at com.kms.katalon.core.webui.keyword.internal.WebUIKeywordMain.stepFailed(WebUIKeywordMain.groovy:117)
	at com.kms.katalon.core.webui.keyword.internal.WebUIKeywordMain.runKeyword(WebUIKeywordMain.groovy:43)
	at com.kms.katalon.core.webui.keyword.builtin.SetTextKeyword.setText(SetTextKeyword.groovy:85)
	at com.kms.katalon.core.webui.keyword.builtin.SetTextKeyword.execute(SetTextKeyword.groovy:39)
	at com.kms.katalon.core.keyword.internal.KeywordExecutor.executeKeywordForPlatform(KeywordExecutor.groovy:74)
	at com.kms.katalon.core.webui.keyword.WebUiBuiltInKeywords.setText(WebUiBuiltInKeywords.groovy:1019)
	at Future_Calendar_Block.run(Future_Calendar_Block:47)
	at com.kms.katalon.core.main.ScriptEngine.run(ScriptEngine.java:194)
	at com.kms.katalon.core.main.ScriptEngine.runScriptAsRawText(ScriptEngine.java:119)
	at com.kms.katalon.core.main.TestCaseExecutor.runScript(TestCaseExecutor.java:448)
	at com.kms.katalon.core.main.TestCaseExecutor.doExecute(TestCaseExecutor.java:439)
	at com.kms.katalon.core.main.TestCaseExecutor.processExecutionPhase(TestCaseExecutor.java:418)
	at com.kms.katalon.core.main.TestCaseExecutor.accessMainPhase(TestCaseExecutor.java:410)
	at com.kms.katalon.core.main.TestCaseExecutor.execute(TestCaseExecutor.java:285)
	at com.kms.katalon.core.common.CommonExecutor.accessTestCaseMainPhase(CommonExecutor.java:65)
	at com.kms.katalon.core.main.TestSuiteExecutor.accessTestSuiteMainPhase(TestSuiteExecutor.java:150)
	at com.kms.katalon.core.main.TestSuiteExecutor.execute(TestSuiteExecutor.java:106)
	at com.kms.katalon.core.main.TestCaseMain.startTestSuite(TestCaseMain.java:180)
	at TempTestSuite1730128240063.run(TempTestSuite1730128240063.groovy:35)
	at java.base/jdk.internal.reflect.NativeMethodAccessorImpl.invoke0(Native Method)
	at java.base/jdk.internal.reflect.NativeMethodAccessorImpl.invoke(NativeMethodAccessorImpl.java:77)
	at java.base/jdk.internal.reflect.DelegatingMethodAccessorImpl.invoke(DelegatingMethodAccessorImpl.java:43)
Caused by: org.openqa.selenium.ElementNotInteractableException: element not interactable
  (Session info: chrome=130.0.6723.70)
Build info: version: '3.141.59', revision: 'unknown', time: 'unknown'
System info: host: 'ENRIQUE', ip: '192.168.100.147', os.name: 'Windows 11', os.arch: 'amd64', os.version: '10.0', java.version: '17.0.7'
Driver info: com.kms.katalon.selenium.driver.CChromeDriver
Capabilities {acceptInsecureCerts: false, browserName: chrome, browserVersion: 130.0.6723.70, chrome: {chromedriverVersion: 130.0.6723.69 (3ec172b971b9..., userDataDir: C:\Users\Enrique\AppData\Lo...}, fedcm:accounts: true, goog:chromeOptions: {debuggerAddress: localhost:61299}, javascriptEnabled: true, networkConnectionEnabled: false, pageLoadStrategy: normal, platform: WINDOWS, platformName: WINDOWS, proxy: Proxy(), setWindowRect: true, strictFileInteractability: false, timeouts: {implicit: 0, pageLoad: 300000, script: 30000}, unhandledPromptBehavior: dismiss and notify, webauthn:extension:credBlob: true, webauthn:extension:largeBlob: true, webauthn:extension:minPinLength: true, webauthn:extension:prf: true, webauthn:virtualAuthenticators: true}
Session ID: d9c0ba772950f89b4e95968c54b72a7e
	at java.base/jdk.internal.reflect.NativeConstructorAccessorImpl.newInstance0(Native Method)
	at java.base/jdk.internal.reflect.NativeConstructorAccessorImpl.newInstance(NativeConstructorAccessorImpl.java:77)
	at java.base/jdk.internal.reflect.DelegatingConstructorAccessorImpl.newInstance(DelegatingConstructorAccessorImpl.java:45)
	at org.openqa.selenium.remote.http.W3CHttpResponseCodec.createException(W3CHttpResponseCodec.java:187)
	at org.openqa.selenium.remote.http.W3CHttpResponseCodec.decode(W3CHttpResponseCodec.java:122)
	at org.openqa.selenium.remote.http.W3CHttpResponseCodec.decode(W3CHttpResponseCodec.java:49)
	at org.openqa.selenium.remote.HttpCommandExecutor.execute(HttpCommandExecutor.java:158)
	at org.openqa.selenium.remote.service.DriverCommandExecutor.execute(DriverCommandExecutor.java:83)
	at org.openqa.selenium.remote.RemoteWebDriver.execute(RemoteWebDriver.java:552)
	at com.kms.katalon.selenium.driver.CChromeDriver.execute(CChromeDriver.java:19)
	at org.openqa.selenium.remote.RemoteWebElement.execute(RemoteWebElement.java:285)
	at org.openqa.selenium.remote.RemoteWebElement.clear(RemoteWebElement.java:124)
	at java.base/jdk.internal.reflect.NativeMethodAccessorImpl.invoke0(Native Method)
	at java.base/jdk.internal.reflect.NativeMethodAccessorImpl.invoke(NativeMethodAccessorImpl.java:77)
	at java.base/jdk.internal.reflect.DelegatingMethodAccessorImpl.invoke(DelegatingMethodAccessorImpl.java:43)
	at org.openqa.selenium.support.events.EventFiringWebDriver$EventFiringWebElement.lambda$new$0(EventFiringWebDriver.java:404)
	at jdk.proxy2/jdk.proxy2.$Proxy21.clear(Unknown Source)
	at org.openqa.selenium.support.events.EventFiringWebDriver$EventFiringWebElement.clear(EventFiringWebDriver.java:436)
	at com.kms.katalon.core.webui.keyword.builtin.SetTextKeyword$_setText_closure1.doCall(SetTextKeyword.groovy:55)
	at com.kms.katalon.core.webui.keyword.builtin.SetTextKeyword$_setText_closure1.call(SetTextKeyword.groovy)
	at com.kms.katalon.core.webui.keyword.internal.WebUIKeywordMain.runKeyword(WebUIKeywordMain.groovy:35)
	... 20 more


28-10-2024T10:11:04 - [TEST_STEP][PASSED] - callTestCase(findTestCase("Common Cases/Login"), [:], STOP_ON_FAILURE): Call Test Case 'Test Cases/Common Cases/Login' successfully

28-10-2024T10:11:04 - [TEST_CASE][PASSED] - Test Cases/Common Cases/Login: Test Cases/Common Cases/Login

28-10-2024T10:11:04 - [TEST_STEP][PASSED] - openBrowser(""): Browser is opened with url: ''

28-10-2024T10:11:04 - [MESSAGE][WARNING] - A browser is already opened. Closing browser and opening a new one

28-10-2024T10:11:04 - [MESSAGE][INFO] - Starting 'Chrome' driver

28-10-2024T10:11:04 - [MESSAGE][INFO] - Action delay is set to 0 milliseconds

28-10-2024T10:11:05 - [MESSAGE][PASSED] - Browser is opened with url: ''

28-10-2024T10:11:05 - [TEST_STEP][PASSED] - maximizeWindow(): Current window maximized

28-10-2024T10:11:05 - [MESSAGE][PASSED] - Current window maximized

28-10-2024T10:11:05 - [TEST_STEP][PASSED] - navigateToUrl("https://site17.lsapp.cloud/auth/login"): Navigate to 'https://site17.lsapp.cloud/auth/login' successfully

28-10-2024T10:11:07 - [MESSAGE][PASSED] - Navigate to 'https://site17.lsapp.cloud/auth/login' successfully

28-10-2024T10:11:07 - [TEST_STEP][PASSED] - setText(findTestObject("Object Repository/Common Cases Repository/Login/Page_Lightning Step/input_Email_email"), "automation@lightningstep.com"): Text 'automation@lightningstep.com' is set on object 'Object Repository/Common Cases Repository/Login/Page_Lightning Step/input_Email_email'

28-10-2024T10:11:07 - [MESSAGE][PASSED] - Text 'automation@lightningstep.com' is set on object 'Object Repository/Common Cases Repository/Login/Page_Lightning Step/input_Email_email'

28-10-2024T10:11:07 - [TEST_STEP][PASSED] - setEncryptedText(findTestObject("Object Repository/Common Cases Repository/Login/Page_Lightning Step/input_Password_password"), "e5N8VHmnhJDITtQaQhDQDw=="): Text ****** has been set on object 'Object Repository/Common Cases Repository/Login/Page_Lightning Step/input_Password_password'

28-10-2024T10:11:08 - [MESSAGE][PASSED] - Text ****** has been set on object 'Object Repository/Common Cases Repository/Login/Page_Lightning Step/input_Password_password'

28-10-2024T10:11:08 - [TEST_STEP][PASSED] - click(findTestObject("Object Repository/Common Cases Repository/Login/Page_Lightning Step/button_Sign in")): Object: 'Object Repository/Common Cases Repository/Login/Page_Lightning Step/button_Sign in' is clicked on

28-10-2024T10:11:14 - [MESSAGE][PASSED] - Object: 'Object Repository/Common Cases Repository/Login/Page_Lightning Step/button_Sign in' is clicked on

28-10-2024T10:11:14 - [MESSAGE][PASSED] - Call Test Case 'Test Cases/Common Cases/Login' successfully

28-10-2024T10:11:14 - [TEST_STEP][PASSED] - click(findTestObject("Object Repository/Specific Cases Repository/LS/Home/Calendar/Calendar_Events/Calendar_Events_Creation/Block/Page_Home/a_Calendar")): Object: 'Object Repository/Specific Cases Repository/LS/Home/Calendar/Calendar_Events/Calendar_Events_Creation/Block/Page_Home/a_Calendar' is clicked on

28-10-2024T10:11:19 - [MESSAGE][PASSED] - Object: 'Object Repository/Specific Cases Repository/LS/Home/Calendar/Calendar_Events/Calendar_Events_Creation/Block/Page_Home/a_Calendar' is clicked on

28-10-2024T10:11:19 - [TEST_STEP][PASSED] - click(findTestObject("Object Repository/Specific Cases Repository/LS/Home/Calendar/Calendar_Events/Calendar_Events_Creation/Appointment/Page_Calendar/div_Week")): Object: 'Object Repository/Specific Cases Repository/LS/Home/Calendar/Calendar_Events/Calendar_Events_Creation/Appointment/Page_Calendar/div_Week' is clicked on

28-10-2024T10:11:20 - [MESSAGE][PASSED] - Object: 'Object Repository/Specific Cases Repository/LS/Home/Calendar/Calendar_Events/Calendar_Events_Creation/Appointment/Page_Calendar/div_Week' is clicked on

28-10-2024T10:11:20 - [TEST_STEP][PASSED] - click(findTestObject("Object Repository/Specific Cases Repository/LS/Home/Calendar/Calendar_Events/Calendar_Events_Creation/Block/Page_Calendar/button_Create new")): Object: 'Object Repository/Specific Cases Repository/LS/Home/Calendar/Calendar_Events/Calendar_Events_Creation/Block/Page_Calendar/button_Create new' is clicked on

28-10-2024T10:11:20 - [MESSAGE][PASSED] - Object: 'Object Repository/Specific Cases Repository/LS/Home/Calendar/Calendar_Events/Calendar_Events_Creation/Block/Page_Calendar/button_Create new' is clicked on

28-10-2024T10:11:20 - [TEST_STEP][PASSED] - click(findTestObject("Object Repository/Specific Cases Repository/LS/Home/Calendar/Calendar_Events/Calendar_Events_Creation/Block/Page_Calendar/label_Block")): Object: 'Object Repository/Specific Cases Repository/LS/Home/Calendar/Calendar_Events/Calendar_Events_Creation/Block/Page_Calendar/label_Block' is clicked on

28-10-2024T10:11:21 - [MESSAGE][PASSED] - Object: 'Object Repository/Specific Cases Repository/LS/Home/Calendar/Calendar_Events/Calendar_Events_Creation/Block/Page_Calendar/label_Block' is clicked on

28-10-2024T10:11:21 - [TEST_STEP][PASSED] - setText(findTestObject("Object Repository/Specific Cases Repository/LS/Home/Calendar/Calendar_Events/Calendar_Events_Creation/Block/Page_Calendar/input_Title_title_"), "Future Automation Block"): Text 'Future Automation Block' is set on object 'Object Repository/Specific Cases Repository/LS/Home/Calendar/Calendar_Events/Calendar_Events_Creation/Block/Page_Calendar/input_Title_title_'

28-10-2024T10:11:22 - [MESSAGE][PASSED] - Text 'Future Automation Block' is set on object 'Object Repository/Specific Cases Repository/LS/Home/Calendar/Calendar_Events/Calendar_Events_Creation/Block/Page_Calendar/input_Title_title_'

28-10-2024T10:11:22 - [TEST_STEP][PASSED] - click(findTestObject("Object Repository/Specific Cases Repository/LS/Home/Calendar/Calendar_Events/Calendar_Events_Creation/Appointment/Page_Calendar/Date")): Object: 'Object Repository/Specific Cases Repository/LS/Home/Calendar/Calendar_Events/Calendar_Events_Creation/Appointment/Page_Calendar/Date' is clicked on

28-10-2024T10:11:23 - [MESSAGE][PASSED] - Object: 'Object Repository/Specific Cases Repository/LS/Home/Calendar/Calendar_Events/Calendar_Events_Creation/Appointment/Page_Calendar/Date' is clicked on

28-10-2024T10:11:23 - [TEST_STEP][PASSED] - setText(findTestObject("Object Repository/Specific Cases Repository/LS/Home/Calendar/Calendar_Events/Calendar_Events_Creation/Appointment/Page_Calendar/Date"), Next_Week_Date): Text '11/04/2024' is set on object 'Object Repository/Specific Cases Repository/LS/Home/Calendar/Calendar_Events/Calendar_Events_Creation/Appointment/Page_Calendar/Date'

28-10-2024T10:11:24 - [MESSAGE][PASSED] - Text '11/04/2024' is set on object 'Object Repository/Specific Cases Repository/LS/Home/Calendar/Calendar_Events/Calendar_Events_Creation/Appointment/Page_Calendar/Date'

28-10-2024T10:11:24 - [TEST_STEP][PASSED] - click(findTestObject("Object Repository/Specific Cases Repository/LS/Home/Calendar/Calendar_Events/Calendar_Events_Creation/Appointment/Page_Calendar/Start Time Clock")): Object: 'Object Repository/Specific Cases Repository/LS/Home/Calendar/Calendar_Events/Calendar_Events_Creation/Appointment/Page_Calendar/Start Time Clock' is clicked on

28-10-2024T10:11:25 - [MESSAGE][PASSED] - Object: 'Object Repository/Specific Cases Repository/LS/Home/Calendar/Calendar_Events/Calendar_Events_Creation/Appointment/Page_Calendar/Start Time Clock' is clicked on

28-10-2024T10:11:25 - [TEST_STEP][PASSED] - setText(findTestObject("Object Repository/Specific Cases Repository/LS/Home/Calendar/Calendar_Events/Calendar_Events_Creation/Appointment/Page_Calendar/Start Time Clock"), "1600"): Text '1600' is set on object 'Object Repository/Specific Cases Repository/LS/Home/Calendar/Calendar_Events/Calendar_Events_Creation/Appointment/Page_Calendar/Start Time Clock'

28-10-2024T10:11:26 - [MESSAGE][PASSED] - Text '1600' is set on object 'Object Repository/Specific Cases Repository/LS/Home/Calendar/Calendar_Events/Calendar_Events_Creation/Appointment/Page_Calendar/Start Time Clock'

28-10-2024T10:11:26 - [TEST_STEP][PASSED] - click(findTestObject("Object Repository/Specific Cases Repository/LS/Home/Calendar/Calendar_Events/Calendar_Events_Creation/Block/Page_Calendar/div_Schedule                               _3f20bf")): Object: 'Object Repository/Specific Cases Repository/LS/Home/Calendar/Calendar_Events/Calendar_Events_Creation/Block/Page_Calendar/div_Schedule                               _3f20bf' is clicked on

28-10-2024T10:11:26 - [MESSAGE][PASSED] - Object: 'Object Repository/Specific Cases Repository/LS/Home/Calendar/Calendar_Events/Calendar_Events_Creation/Block/Page_Calendar/div_Schedule                               _3f20bf' is clicked on

28-10-2024T10:11:26 - [TEST_STEP][PASSED] - click(findTestObject("Object Repository/Specific Cases Repository/LS/Home/Calendar/Calendar_Events/Calendar_Events_Creation/Block/Page_Calendar/button_Reminder__simple-switch-track")): Object: 'Object Repository/Specific Cases Repository/LS/Home/Calendar/Calendar_Events/Calendar_Events_Creation/Block/Page_Calendar/button_Reminder__simple-switch-track' is clicked on

28-10-2024T10:11:27 - [MESSAGE][PASSED] - Object: 'Object Repository/Specific Cases Repository/LS/Home/Calendar/Calendar_Events/Calendar_Events_Creation/Block/Page_Calendar/button_Reminder__simple-switch-track' is clicked on

28-10-2024T10:11:27 - [TEST_STEP][FAILED] - setText(findTestObject("Object Repository/Specific Cases Repository/LS/Home/Calendar/Calendar_Events/Calendar_Events_Creation/Block/Page_Calendar/input_Reminder_select2-search__field"), "45"): Unable to set text '45' of object 'Object Repository/Specific Cases Repository/LS/Home/Calendar/Calendar_Events/Calendar_Events_Creation/Block/Page_Calendar/input_Reminder_select2-search__field' (Root cause: com.kms.katalon.core.exception.StepFailedException: Unable to set text '45' of object 'Object Repository/Specific Cases Repository/LS/Home/Calendar/Calendar_Events/Calendar_Events_Creation/Block/Page_Calendar/input_Reminder_select2-search__field'
	at com.kms.katalon.core.webui.keyword.internal.WebUIKeywordMain.stepFailed(WebUIKeywordMain.groovy:117)
	at com.kms.katalon.core.webui.keyword.internal.WebUIKeywordMain.runKeyword(WebUIKeywordMain.groovy:43)
	at com.kms.katalon.core.webui.keyword.builtin.SetTextKeyword.setText(SetTextKeyword.groovy:85)
	at com.kms.katalon.core.webui.keyword.builtin.SetTextKeyword.execute(SetTextKeyword.groovy:39)
	at com.kms.katalon.core.keyword.internal.KeywordExecutor.executeKeywordForPlatform(KeywordExecutor.groovy:74)
	at com.kms.katalon.core.webui.keyword.WebUiBuiltInKeywords.setText(WebUiBuiltInKeywords.groovy:1019)
	at Future_Calendar_Block.run(Future_Calendar_Block:47)
	at com.kms.katalon.core.main.ScriptEngine.run(ScriptEngine.java:194)
	at com.kms.katalon.core.main.ScriptEngine.runScriptAsRawText(ScriptEngine.java:119)
	at com.kms.katalon.core.main.TestCaseExecutor.runScript(TestCaseExecutor.java:448)
	at com.kms.katalon.core.main.TestCaseExecutor.doExecute(TestCaseExecutor.java:439)
	at com.kms.katalon.core.main.TestCaseExecutor.processExecutionPhase(TestCaseExecutor.java:418)
	at com.kms.katalon.core.main.TestCaseExecutor.accessMainPhase(TestCaseExecutor.java:410)
	at com.kms.katalon.core.main.TestCaseExecutor.execute(TestCaseExecutor.java:285)
	at com.kms.katalon.core.common.CommonExecutor.accessTestCaseMainPhase(CommonExecutor.java:65)
	at com.kms.katalon.core.main.TestSuiteExecutor.accessTestSuiteMainPhase(TestSuiteExecutor.java:150)
	at com.kms.katalon.core.main.TestSuiteExecutor.execute(TestSuiteExecutor.java:106)
	at com.kms.katalon.core.main.TestCaseMain.startTestSuite(TestCaseMain.java:180)
	at TempTestSuite1730128240063.run(TempTestSuite1730128240063.groovy:35)
	at java.base/jdk.internal.reflect.NativeMethodAccessorImpl.invoke0(Native Method)
	at java.base/jdk.internal.reflect.NativeMethodAccessorImpl.invoke(NativeMethodAccessorImpl.java:77)
	at java.base/jdk.internal.reflect.DelegatingMethodAccessorImpl.invoke(DelegatingMethodAccessorImpl.java:43)
Caused by: org.openqa.selenium.ElementNotInteractableException: element not interactable
  (Session info: chrome=130.0.6723.70)
Build info: version: '3.141.59', revision: 'unknown', time: 'unknown'
System info: host: 'ENRIQUE', ip: '192.168.100.147', os.name: 'Windows 11', os.arch: 'amd64', os.version: '10.0', java.version: '17.0.7'
Driver info: com.kms.katalon.selenium.driver.CChromeDriver
Capabilities {acceptInsecureCerts: false, browserName: chrome, browserVersion: 130.0.6723.70, chrome: {chromedriverVersion: 130.0.6723.69 (3ec172b971b9..., userDataDir: C:\Users\Enrique\AppData\Lo...}, fedcm:accounts: true, goog:chromeOptions: {debuggerAddress: localhost:61299}, javascriptEnabled: true, networkConnectionEnabled: false, pageLoadStrategy: normal, platform: WINDOWS, platformName: WINDOWS, proxy: Proxy(), setWindowRect: true, strictFileInteractability: false, timeouts: {implicit: 0, pageLoad: 300000, script: 30000}, unhandledPromptBehavior: dismiss and notify, webauthn:extension:credBlob: true, webauthn:extension:largeBlob: true, webauthn:extension:minPinLength: true, webauthn:extension:prf: true, webauthn:virtualAuthenticators: true}
Session ID: d9c0ba772950f89b4e95968c54b72a7e
	at java.base/jdk.internal.reflect.NativeConstructorAccessorImpl.newInstance0(Native Method)
	at java.base/jdk.internal.reflect.NativeConstructorAccessorImpl.newInstance(NativeConstructorAccessorImpl.java:77)
	at java.base/jdk.internal.reflect.DelegatingConstructorAccessorImpl.newInstance(DelegatingConstructorAccessorImpl.java:45)
	at org.openqa.selenium.remote.http.W3CHttpResponseCodec.createException(W3CHttpResponseCodec.java:187)
	at org.openqa.selenium.remote.http.W3CHttpResponseCodec.decode(W3CHttpResponseCodec.java:122)
	at org.openqa.selenium.remote.http.W3CHttpResponseCodec.decode(W3CHttpResponseCodec.java:49)
	at org.openqa.selenium.remote.HttpCommandExecutor.execute(HttpCommandExecutor.java:158)
	at org.openqa.selenium.remote.service.DriverCommandExecutor.execute(DriverCommandExecutor.java:83)
	at org.openqa.selenium.remote.RemoteWebDriver.execute(RemoteWebDriver.java:552)
	at com.kms.katalon.selenium.driver.CChromeDriver.execute(CChromeDriver.java:19)
	at org.openqa.selenium.remote.RemoteWebElement.execute(RemoteWebElement.java:285)
	at org.openqa.selenium.remote.RemoteWebElement.clear(RemoteWebElement.java:124)
	at java.base/jdk.internal.reflect.NativeMethodAccessorImpl.invoke0(Native Method)
	at java.base/jdk.internal.reflect.NativeMethodAccessorImpl.invoke(NativeMethodAccessorImpl.java:77)
	at java.base/jdk.internal.reflect.DelegatingMethodAccessorImpl.invoke(DelegatingMethodAccessorImpl.java:43)
	at org.openqa.selenium.support.events.EventFiringWebDriver$EventFiringWebElement.lambda$new$0(EventFiringWebDriver.java:404)
	at jdk.proxy2/jdk.proxy2.$Proxy21.clear(Unknown Source)
	at org.openqa.selenium.support.events.EventFiringWebDriver$EventFiringWebElement.clear(EventFiringWebDriver.java:436)
	at com.kms.katalon.core.webui.keyword.builtin.SetTextKeyword$_setText_closure1.doCall(SetTextKeyword.groovy:55)
	at com.kms.katalon.core.webui.keyword.builtin.SetTextKeyword$_setText_closure1.call(SetTextKeyword.groovy)
	at com.kms.katalon.core.webui.keyword.internal.WebUIKeywordMain.runKeyword(WebUIKeywordMain.groovy:35)
	at com.kms.katalon.core.webui.keyword.builtin.SetTextKeyword.setText(SetTextKeyword.groovy:85)
	at com.kms.katalon.core.webui.keyword.builtin.SetTextKeyword.execute(SetTextKeyword.groovy:39)
	at com.kms.katalon.core.keyword.internal.KeywordExecutor.executeKeywordForPlatform(KeywordExecutor.groovy:74)
	at com.kms.katalon.core.webui.keyword.WebUiBuiltInKeywords.setText(WebUiBuiltInKeywords.groovy:1019)
	at Script1727458510245.run(Script1727458510245.groovy:47)
	... 15 more
)

28-10-2024T10:11:27 - [MESSAGE][FAILED] - Unable to set text '45' of object 'Object Repository/Specific Cases Repository/LS/Home/Calendar/Calendar_Events/Calendar_Events_Creation/Block/Page_Calendar/input_Reminder_select2-search__field' (Root cause: com.kms.katalon.core.exception.StepFailedException: Unable to set text '45' of object 'Object Repository/Specific Cases Repository/LS/Home/Calendar/Calendar_Events/Calendar_Events_Creation/Block/Page_Calendar/input_Reminder_select2-search__field'
	at com.kms.katalon.core.webui.keyword.internal.WebUIKeywordMain.stepFailed(WebUIKeywordMain.groovy:117)
	at com.kms.katalon.core.webui.keyword.internal.WebUIKeywordMain.runKeyword(WebUIKeywordMain.groovy:43)
	at com.kms.katalon.core.webui.keyword.builtin.SetTextKeyword.setText(SetTextKeyword.groovy:85)
	at com.kms.katalon.core.webui.keyword.builtin.SetTextKeyword.execute(SetTextKeyword.groovy:39)
	at com.kms.katalon.core.keyword.internal.KeywordExecutor.executeKeywordForPlatform(KeywordExecutor.groovy:74)
	at com.kms.katalon.core.webui.keyword.WebUiBuiltInKeywords.setText(WebUiBuiltInKeywords.groovy:1019)
	at Future_Calendar_Block.run(Future_Calendar_Block:47)
	at com.kms.katalon.core.main.ScriptEngine.run(ScriptEngine.java:194)
	at com.kms.katalon.core.main.ScriptEngine.runScriptAsRawText(ScriptEngine.java:119)
	at com.kms.katalon.core.main.TestCaseExecutor.runScript(TestCaseExecutor.java:448)
	at com.kms.katalon.core.main.TestCaseExecutor.doExecute(TestCaseExecutor.java:439)
	at com.kms.katalon.core.main.TestCaseExecutor.processExecutionPhase(TestCaseExecutor.java:418)
	at com.kms.katalon.core.main.TestCaseExecutor.accessMainPhase(TestCaseExecutor.java:410)
	at com.kms.katalon.core.main.TestCaseExecutor.execute(TestCaseExecutor.java:285)
	at com.kms.katalon.core.common.CommonExecutor.accessTestCaseMainPhase(CommonExecutor.java:65)
	at com.kms.katalon.core.main.TestSuiteExecutor.accessTestSuiteMainPhase(TestSuiteExecutor.java:150)
	at com.kms.katalon.core.main.TestSuiteExecutor.execute(TestSuiteExecutor.java:106)
	at com.kms.katalon.core.main.TestCaseMain.startTestSuite(TestCaseMain.java:180)
	at TempTestSuite1730128240063.run(TempTestSuite1730128240063.groovy:35)
	at java.base/jdk.internal.reflect.NativeMethodAccessorImpl.invoke0(Native Method)
	at java.base/jdk.internal.reflect.NativeMethodAccessorImpl.invoke(NativeMethodAccessorImpl.java:77)
	at java.base/jdk.internal.reflect.DelegatingMethodAccessorImpl.invoke(DelegatingMethodAccessorImpl.java:43)
Caused by: org.openqa.selenium.ElementNotInteractableException: element not interactable
  (Session info: chrome=130.0.6723.70)
Build info: version: '3.141.59', revision: 'unknown', time: 'unknown'
System info: host: 'ENRIQUE', ip: '192.168.100.147', os.name: 'Windows 11', os.arch: 'amd64', os.version: '10.0', java.version: '17.0.7'
Driver info: com.kms.katalon.selenium.driver.CChromeDriver
Capabilities {acceptInsecureCerts: false, browserName: chrome, browserVersion: 130.0.6723.70, chrome: {chromedriverVersion: 130.0.6723.69 (3ec172b971b9..., userDataDir: C:\Users\Enrique\AppData\Lo...}, fedcm:accounts: true, goog:chromeOptions: {debuggerAddress: localhost:61299}, javascriptEnabled: true, networkConnectionEnabled: false, pageLoadStrategy: normal, platform: WINDOWS, platformName: WINDOWS, proxy: Proxy(), setWindowRect: true, strictFileInteractability: false, timeouts: {implicit: 0, pageLoad: 300000, script: 30000}, unhandledPromptBehavior: dismiss and notify, webauthn:extension:credBlob: true, webauthn:extension:largeBlob: true, webauthn:extension:minPinLength: true, webauthn:extension:prf: true, webauthn:virtualAuthenticators: true}
Session ID: d9c0ba772950f89b4e95968c54b72a7e
	at java.base/jdk.internal.reflect.NativeConstructorAccessorImpl.newInstance0(Native Method)
	at java.base/jdk.internal.reflect.NativeConstructorAccessorImpl.newInstance(NativeConstructorAccessorImpl.java:77)
	at java.base/jdk.internal.reflect.DelegatingConstructorAccessorImpl.newInstance(DelegatingConstructorAccessorImpl.java:45)
	at org.openqa.selenium.remote.http.W3CHttpResponseCodec.createException(W3CHttpResponseCodec.java:187)
	at org.openqa.selenium.remote.http.W3CHttpResponseCodec.decode(W3CHttpResponseCodec.java:122)
	at org.openqa.selenium.remote.http.W3CHttpResponseCodec.decode(W3CHttpResponseCodec.java:49)
	at org.openqa.selenium.remote.HttpCommandExecutor.execute(HttpCommandExecutor.java:158)
	at org.openqa.selenium.remote.service.DriverCommandExecutor.execute(DriverCommandExecutor.java:83)
	at org.openqa.selenium.remote.RemoteWebDriver.execute(RemoteWebDriver.java:552)
	at com.kms.katalon.selenium.driver.CChromeDriver.execute(CChromeDriver.java:19)
	at org.openqa.selenium.remote.RemoteWebElement.execute(RemoteWebElement.java:285)
	at org.openqa.selenium.remote.RemoteWebElement.clear(RemoteWebElement.java:124)
	at java.base/jdk.internal.reflect.NativeMethodAccessorImpl.invoke0(Native Method)
	at java.base/jdk.internal.reflect.NativeMethodAccessorImpl.invoke(NativeMethodAccessorImpl.java:77)
	at java.base/jdk.internal.reflect.DelegatingMethodAccessorImpl.invoke(DelegatingMethodAccessorImpl.java:43)
	at org.openqa.selenium.support.events.EventFiringWebDriver$EventFiringWebElement.lambda$new$0(EventFiringWebDriver.java:404)
	at jdk.proxy2/jdk.proxy2.$Proxy21.clear(Unknown Source)
	at org.openqa.selenium.support.events.EventFiringWebDriver$EventFiringWebElement.clear(EventFiringWebDriver.java:436)
	at com.kms.katalon.core.webui.keyword.builtin.SetTextKeyword$_setText_closure1.doCall(SetTextKeyword.groovy:55)
	at com.kms.katalon.core.webui.keyword.builtin.SetTextKeyword$_setText_closure1.call(SetTextKeyword.groovy)
	at com.kms.katalon.core.webui.keyword.internal.WebUIKeywordMain.runKeyword(WebUIKeywordMain.groovy:35)
	at com.kms.katalon.core.webui.keyword.builtin.SetTextKeyword.setText(SetTextKeyword.groovy:85)
	at com.kms.katalon.core.webui.keyword.builtin.SetTextKeyword.execute(SetTextKeyword.groovy:39)
	at com.kms.katalon.core.keyword.internal.KeywordExecutor.executeKeywordForPlatform(KeywordExecutor.groovy:74)
	at com.kms.katalon.core.webui.keyword.WebUiBuiltInKeywords.setText(WebUiBuiltInKeywords.groovy:1019)
	at Script1727458510245.run(Script1727458510245.groovy:47)
	... 15 more
)]]></system-out>
         <system-err><![CDATA[28-10-2024T10:11:04 - [TEST_CASE][FAILED] - Test Cases/Specific Cases/LS/General/Calendar/Events_Creation/Future Events Creation/Future_Calendar_Block: Test Cases/Specific Cases/LS/General/Calendar/Events_Creation/Future Events Creation/Future_Calendar_Block FAILED.
Reason:
com.kms.katalon.core.exception.StepFailedException: Unable to set text '45' of object 'Object Repository/Specific Cases Repository/LS/Home/Calendar/Calendar_Events/Calendar_Events_Creation/Block/Page_Calendar/input_Reminder_select2-search__field'
	at com.kms.katalon.core.webui.keyword.internal.WebUIKeywordMain.stepFailed(WebUIKeywordMain.groovy:117)
	at com.kms.katalon.core.webui.keyword.internal.WebUIKeywordMain.runKeyword(WebUIKeywordMain.groovy:43)
	at com.kms.katalon.core.webui.keyword.builtin.SetTextKeyword.setText(SetTextKeyword.groovy:85)
	at com.kms.katalon.core.webui.keyword.builtin.SetTextKeyword.execute(SetTextKeyword.groovy:39)
	at com.kms.katalon.core.keyword.internal.KeywordExecutor.executeKeywordForPlatform(KeywordExecutor.groovy:74)
	at com.kms.katalon.core.webui.keyword.WebUiBuiltInKeywords.setText(WebUiBuiltInKeywords.groovy:1019)
	at Future_Calendar_Block.run(Future_Calendar_Block:47)
	at com.kms.katalon.core.main.ScriptEngine.run(ScriptEngine.java:194)
	at com.kms.katalon.core.main.ScriptEngine.runScriptAsRawText(ScriptEngine.java:119)
	at com.kms.katalon.core.main.TestCaseExecutor.runScript(TestCaseExecutor.java:448)
	at com.kms.katalon.core.main.TestCaseExecutor.doExecute(TestCaseExecutor.java:439)
	at com.kms.katalon.core.main.TestCaseExecutor.processExecutionPhase(TestCaseExecutor.java:418)
	at com.kms.katalon.core.main.TestCaseExecutor.accessMainPhase(TestCaseExecutor.java:410)
	at com.kms.katalon.core.main.TestCaseExecutor.execute(TestCaseExecutor.java:285)
	at com.kms.katalon.core.common.CommonExecutor.accessTestCaseMainPhase(CommonExecutor.java:65)
	at com.kms.katalon.core.main.TestSuiteExecutor.accessTestSuiteMainPhase(TestSuiteExecutor.java:150)
	at com.kms.katalon.core.main.TestSuiteExecutor.execute(TestSuiteExecutor.java:106)
	at com.kms.katalon.core.main.TestCaseMain.startTestSuite(TestCaseMain.java:180)
	at TempTestSuite1730128240063.run(TempTestSuite1730128240063.groovy:35)
	at java.base/jdk.internal.reflect.NativeMethodAccessorImpl.invoke0(Native Method)
	at java.base/jdk.internal.reflect.NativeMethodAccessorImpl.invoke(NativeMethodAccessorImpl.java:77)
	at java.base/jdk.internal.reflect.DelegatingMethodAccessorImpl.invoke(DelegatingMethodAccessorImpl.java:43)
Caused by: org.openqa.selenium.ElementNotInteractableException: element not interactable
  (Session info: chrome=130.0.6723.70)
Build info: version: '3.141.59', revision: 'unknown', time: 'unknown'
System info: host: 'ENRIQUE', ip: '192.168.100.147', os.name: 'Windows 11', os.arch: 'amd64', os.version: '10.0', java.version: '17.0.7'
Driver info: com.kms.katalon.selenium.driver.CChromeDriver
Capabilities {acceptInsecureCerts: false, browserName: chrome, browserVersion: 130.0.6723.70, chrome: {chromedriverVersion: 130.0.6723.69 (3ec172b971b9..., userDataDir: C:\Users\Enrique\AppData\Lo...}, fedcm:accounts: true, goog:chromeOptions: {debuggerAddress: localhost:61299}, javascriptEnabled: true, networkConnectionEnabled: false, pageLoadStrategy: normal, platform: WINDOWS, platformName: WINDOWS, proxy: Proxy(), setWindowRect: true, strictFileInteractability: false, timeouts: {implicit: 0, pageLoad: 300000, script: 30000}, unhandledPromptBehavior: dismiss and notify, webauthn:extension:credBlob: true, webauthn:extension:largeBlob: true, webauthn:extension:minPinLength: true, webauthn:extension:prf: true, webauthn:virtualAuthenticators: true}
Session ID: d9c0ba772950f89b4e95968c54b72a7e
	at java.base/jdk.internal.reflect.NativeConstructorAccessorImpl.newInstance0(Native Method)
	at java.base/jdk.internal.reflect.NativeConstructorAccessorImpl.newInstance(NativeConstructorAccessorImpl.java:77)
	at java.base/jdk.internal.reflect.DelegatingConstructorAccessorImpl.newInstance(DelegatingConstructorAccessorImpl.java:45)
	at org.openqa.selenium.remote.http.W3CHttpResponseCodec.createException(W3CHttpResponseCodec.java:187)
	at org.openqa.selenium.remote.http.W3CHttpResponseCodec.decode(W3CHttpResponseCodec.java:122)
	at org.openqa.selenium.remote.http.W3CHttpResponseCodec.decode(W3CHttpResponseCodec.java:49)
	at org.openqa.selenium.remote.HttpCommandExecutor.execute(HttpCommandExecutor.java:158)
	at org.openqa.selenium.remote.service.DriverCommandExecutor.execute(DriverCommandExecutor.java:83)
	at org.openqa.selenium.remote.RemoteWebDriver.execute(RemoteWebDriver.java:552)
	at com.kms.katalon.selenium.driver.CChromeDriver.execute(CChromeDriver.java:19)
	at org.openqa.selenium.remote.RemoteWebElement.execute(RemoteWebElement.java:285)
	at org.openqa.selenium.remote.RemoteWebElement.clear(RemoteWebElement.java:124)
	at java.base/jdk.internal.reflect.NativeMethodAccessorImpl.invoke0(Native Method)
	at java.base/jdk.internal.reflect.NativeMethodAccessorImpl.invoke(NativeMethodAccessorImpl.java:77)
	at java.base/jdk.internal.reflect.DelegatingMethodAccessorImpl.invoke(DelegatingMethodAccessorImpl.java:43)
	at org.openqa.selenium.support.events.EventFiringWebDriver$EventFiringWebElement.lambda$new$0(EventFiringWebDriver.java:404)
	at jdk.proxy2/jdk.proxy2.$Proxy21.clear(Unknown Source)
	at org.openqa.selenium.support.events.EventFiringWebDriver$EventFiringWebElement.clear(EventFiringWebDriver.java:436)
	at com.kms.katalon.core.webui.keyword.builtin.SetTextKeyword$_setText_closure1.doCall(SetTextKeyword.groovy:55)
	at com.kms.katalon.core.webui.keyword.builtin.SetTextKeyword$_setText_closure1.call(SetTextKeyword.groovy)
	at com.kms.katalon.core.webui.keyword.internal.WebUIKeywordMain.runKeyword(WebUIKeywordMain.groovy:35)
	... 20 more]]></system-err>
      </testcase>
      <testcase name="Test Cases/Specific Cases/LS/General/Calendar/Events_Creation/Future Events Creation/Future_Calendar_Event" time="24.548" classname="Test Cases/Specific Cases/LS/General/Calendar/Events_Creation/Future Events Creation/Future_Calendar_Event" status="FAILED">
         <failure type="FAILED" message="Test Cases/Specific Cases/LS/General/Calendar/Events_Creation/Future Events Creation/Future_Calendar_Event FAILED.&#xa;Reason:&#xa;com.kms.katalon.core.exception.StepFailedException: Unable to set text '15' of object 'Object Repository/Specific Cases Repository/LS/Home/Calendar/Calendar_Events/Calendar_Events_Creation/Event/Page_Calendar/input_Reminder_select2-search__field'&#xa;	at com.kms.katalon.core.webui.keyword.internal.WebUIKeywordMain.stepFailed(WebUIKeywordMain.groovy:117)&#xa;	at com.kms.katalon.core.webui.keyword.internal.WebUIKeywordMain.runKeyword(WebUIKeywordMain.groovy:43)&#xa;	at com.kms.katalon.core.webui.keyword.builtin.SetTextKeyword.setText(SetTextKeyword.groovy:85)&#xa;	at com.kms.katalon.core.webui.keyword.builtin.SetTextKeyword.execute(SetTextKeyword.groovy:39)&#xa;	at com.kms.katalon.core.keyword.internal.KeywordExecutor.executeKeywordForPlatform(KeywordExecutor.groovy:74)&#xa;	at com.kms.katalon.core.webui.keyword.WebUiBuiltInKeywords.setText(WebUiBuiltInKeywords.groovy:1019)&#xa;	at Future_Calendar_Event.run(Future_Calendar_Event:47)&#xa;	at com.kms.katalon.core.main.ScriptEngine.run(ScriptEngine.java:194)&#xa;	at com.kms.katalon.core.main.ScriptEngine.runScriptAsRawText(ScriptEngine.java:119)&#xa;	at com.kms.katalon.core.main.TestCaseExecutor.runScript(TestCaseExecutor.java:448)&#xa;	at com.kms.katalon.core.main.TestCaseExecutor.doExecute(TestCaseExecutor.java:439)&#xa;	at com.kms.katalon.core.main.TestCaseExecutor.processExecutionPhase(TestCaseExecutor.java:418)&#xa;	at com.kms.katalon.core.main.TestCaseExecutor.accessMainPhase(TestCaseExecutor.java:410)&#xa;	at com.kms.katalon.core.main.TestCaseExecutor.execute(TestCaseExecutor.java:285)&#xa;	at com.kms.katalon.core.common.CommonExecutor.accessTestCaseMainPhase(CommonExecutor.java:65)&#xa;	at com.kms.katalon.core.main.TestSuiteExecutor.accessTestSuiteMainPhase(TestSuiteExecutor.java:150)&#xa;	at com.kms.katalon.core.main.TestSuiteExecutor.execute(TestSuiteExecutor.java:106)&#xa;	at com.kms.katalon.core.main.TestCaseMain.startTestSuite(TestCaseMain.java:180)&#xa;	at TempTestSuite1730128240063.run(TempTestSuite1730128240063.groovy:35)&#xa;	at java.base/jdk.internal.reflect.NativeMethodAccessorImpl.invoke0(Native Method)&#xa;	at java.base/jdk.internal.reflect.NativeMethodAccessorImpl.invoke(NativeMethodAccessorImpl.java:77)&#xa;	at java.base/jdk.internal.reflect.DelegatingMethodAccessorImpl.invoke(DelegatingMethodAccessorImpl.java:43)&#xa;Caused by: org.openqa.selenium.ElementNotInteractableException: element not interactable&#xa;  (Session info: chrome=130.0.6723.70)&#xa;Build info: version: '3.141.59', revision: 'unknown', time: 'unknown'&#xa;System info: host: 'ENRIQUE', ip: '192.168.100.147', os.name: 'Windows 11', os.arch: 'amd64', os.version: '10.0', java.version: '17.0.7'&#xa;Driver info: com.kms.katalon.selenium.driver.CChromeDriver&#xa;Capabilities {acceptInsecureCerts: false, browserName: chrome, browserVersion: 130.0.6723.70, chrome: {chromedriverVersion: 130.0.6723.69 (3ec172b971b9..., userDataDir: C:\Users\Enrique\AppData\Lo...}, fedcm:accounts: true, goog:chromeOptions: {debuggerAddress: localhost:61333}, javascriptEnabled: true, networkConnectionEnabled: false, pageLoadStrategy: normal, platform: WINDOWS, platformName: WINDOWS, proxy: Proxy(), setWindowRect: true, strictFileInteractability: false, timeouts: {implicit: 0, pageLoad: 300000, script: 30000}, unhandledPromptBehavior: dismiss and notify, webauthn:extension:credBlob: true, webauthn:extension:largeBlob: true, webauthn:extension:minPinLength: true, webauthn:extension:prf: true, webauthn:virtualAuthenticators: true}&#xa;Session ID: c5f41dc2d1b3e252dc0ffbed88a00a68&#xa;	at java.base/jdk.internal.reflect.NativeConstructorAccessorImpl.newInstance0(Native Method)&#xa;	at java.base/jdk.internal.reflect.NativeConstructorAccessorImpl.newInstance(NativeConstructorAccessorImpl.java:77)&#xa;	at java.base/jdk.internal.reflect.DelegatingConstructorAccessorImpl.newInstance(DelegatingConstructorAccessorImpl.java:45)&#xa;	at org.openqa.selenium.remote.http.W3CHttpResponseCodec.createException(W3CHttpResponseCodec.java:187)&#xa;	at org.openqa.selenium.remote.http.W3CHttpResponseCodec.decode(W3CHttpResponseCodec.java:122)&#xa;	at org.openqa.selenium.remote.http.W3CHttpResponseCodec.decode(W3CHttpResponseCodec.java:49)&#xa;	at org.openqa.selenium.remote.HttpCommandExecutor.execute(HttpCommandExecutor.java:158)&#xa;	at org.openqa.selenium.remote.service.DriverCommandExecutor.execute(DriverCommandExecutor.java:83)&#xa;	at org.openqa.selenium.remote.RemoteWebDriver.execute(RemoteWebDriver.java:552)&#xa;	at com.kms.katalon.selenium.driver.CChromeDriver.execute(CChromeDriver.java:19)&#xa;	at org.openqa.selenium.remote.RemoteWebElement.execute(RemoteWebElement.java:285)&#xa;	at org.openqa.selenium.remote.RemoteWebElement.clear(RemoteWebElement.java:124)&#xa;	at java.base/jdk.internal.reflect.NativeMethodAccessorImpl.invoke0(Native Method)&#xa;	at java.base/jdk.internal.reflect.NativeMethodAccessorImpl.invoke(NativeMethodAccessorImpl.java:77)&#xa;	at java.base/jdk.internal.reflect.DelegatingMethodAccessorImpl.invoke(DelegatingMethodAccessorImpl.java:43)&#xa;	at org.openqa.selenium.support.events.EventFiringWebDriver$EventFiringWebElement.lambda$new$0(EventFiringWebDriver.java:404)&#xa;	at jdk.proxy2/jdk.proxy2.$Proxy21.clear(Unknown Source)&#xa;	at org.openqa.selenium.support.events.EventFiringWebDriver$EventFiringWebElement.clear(EventFiringWebDriver.java:436)&#xa;	at com.kms.katalon.core.webui.keyword.builtin.SetTextKeyword$_setText_closure1.doCall(SetTextKeyword.groovy:55)&#xa;	at com.kms.katalon.core.webui.keyword.builtin.SetTextKeyword$_setText_closure1.call(SetTextKeyword.groovy)&#xa;	at com.kms.katalon.core.webui.keyword.internal.WebUIKeywordMain.runKeyword(WebUIKeywordMain.groovy:35)&#xa;	... 20 more&#xa;"/>
         <system-out><![CDATA[28-10-2024T10:11:27 - [TEST_CASE][FAILED] - Test Cases/Specific Cases/LS/General/Calendar/Events_Creation/Future Events Creation/Future_Calendar_Event: Test Cases/Specific Cases/LS/General/Calendar/Events_Creation/Future Events Creation/Future_Calendar_Event FAILED.
Reason:
com.kms.katalon.core.exception.StepFailedException: Unable to set text '15' of object 'Object Repository/Specific Cases Repository/LS/Home/Calendar/Calendar_Events/Calendar_Events_Creation/Event/Page_Calendar/input_Reminder_select2-search__field'
	at com.kms.katalon.core.webui.keyword.internal.WebUIKeywordMain.stepFailed(WebUIKeywordMain.groovy:117)
	at com.kms.katalon.core.webui.keyword.internal.WebUIKeywordMain.runKeyword(WebUIKeywordMain.groovy:43)
	at com.kms.katalon.core.webui.keyword.builtin.SetTextKeyword.setText(SetTextKeyword.groovy:85)
	at com.kms.katalon.core.webui.keyword.builtin.SetTextKeyword.execute(SetTextKeyword.groovy:39)
	at com.kms.katalon.core.keyword.internal.KeywordExecutor.executeKeywordForPlatform(KeywordExecutor.groovy:74)
	at com.kms.katalon.core.webui.keyword.WebUiBuiltInKeywords.setText(WebUiBuiltInKeywords.groovy:1019)
	at Future_Calendar_Event.run(Future_Calendar_Event:47)
	at com.kms.katalon.core.main.ScriptEngine.run(ScriptEngine.java:194)
	at com.kms.katalon.core.main.ScriptEngine.runScriptAsRawText(ScriptEngine.java:119)
	at com.kms.katalon.core.main.TestCaseExecutor.runScript(TestCaseExecutor.java:448)
	at com.kms.katalon.core.main.TestCaseExecutor.doExecute(TestCaseExecutor.java:439)
	at com.kms.katalon.core.main.TestCaseExecutor.processExecutionPhase(TestCaseExecutor.java:418)
	at com.kms.katalon.core.main.TestCaseExecutor.accessMainPhase(TestCaseExecutor.java:410)
	at com.kms.katalon.core.main.TestCaseExecutor.execute(TestCaseExecutor.java:285)
	at com.kms.katalon.core.common.CommonExecutor.accessTestCaseMainPhase(CommonExecutor.java:65)
	at com.kms.katalon.core.main.TestSuiteExecutor.accessTestSuiteMainPhase(TestSuiteExecutor.java:150)
	at com.kms.katalon.core.main.TestSuiteExecutor.execute(TestSuiteExecutor.java:106)
	at com.kms.katalon.core.main.TestCaseMain.startTestSuite(TestCaseMain.java:180)
	at TempTestSuite1730128240063.run(TempTestSuite1730128240063.groovy:35)
	at java.base/jdk.internal.reflect.NativeMethodAccessorImpl.invoke0(Native Method)
	at java.base/jdk.internal.reflect.NativeMethodAccessorImpl.invoke(NativeMethodAccessorImpl.java:77)
	at java.base/jdk.internal.reflect.DelegatingMethodAccessorImpl.invoke(DelegatingMethodAccessorImpl.java:43)
Caused by: org.openqa.selenium.ElementNotInteractableException: element not interactable
  (Session info: chrome=130.0.6723.70)
Build info: version: '3.141.59', revision: 'unknown', time: 'unknown'
System info: host: 'ENRIQUE', ip: '192.168.100.147', os.name: 'Windows 11', os.arch: 'amd64', os.version: '10.0', java.version: '17.0.7'
Driver info: com.kms.katalon.selenium.driver.CChromeDriver
Capabilities {acceptInsecureCerts: false, browserName: chrome, browserVersion: 130.0.6723.70, chrome: {chromedriverVersion: 130.0.6723.69 (3ec172b971b9..., userDataDir: C:\Users\Enrique\AppData\Lo...}, fedcm:accounts: true, goog:chromeOptions: {debuggerAddress: localhost:61333}, javascriptEnabled: true, networkConnectionEnabled: false, pageLoadStrategy: normal, platform: WINDOWS, platformName: WINDOWS, proxy: Proxy(), setWindowRect: true, strictFileInteractability: false, timeouts: {implicit: 0, pageLoad: 300000, script: 30000}, unhandledPromptBehavior: dismiss and notify, webauthn:extension:credBlob: true, webauthn:extension:largeBlob: true, webauthn:extension:minPinLength: true, webauthn:extension:prf: true, webauthn:virtualAuthenticators: true}
Session ID: c5f41dc2d1b3e252dc0ffbed88a00a68
	at java.base/jdk.internal.reflect.NativeConstructorAccessorImpl.newInstance0(Native Method)
	at java.base/jdk.internal.reflect.NativeConstructorAccessorImpl.newInstance(NativeConstructorAccessorImpl.java:77)
	at java.base/jdk.internal.reflect.DelegatingConstructorAccessorImpl.newInstance(DelegatingConstructorAccessorImpl.java:45)
	at org.openqa.selenium.remote.http.W3CHttpResponseCodec.createException(W3CHttpResponseCodec.java:187)
	at org.openqa.selenium.remote.http.W3CHttpResponseCodec.decode(W3CHttpResponseCodec.java:122)
	at org.openqa.selenium.remote.http.W3CHttpResponseCodec.decode(W3CHttpResponseCodec.java:49)
	at org.openqa.selenium.remote.HttpCommandExecutor.execute(HttpCommandExecutor.java:158)
	at org.openqa.selenium.remote.service.DriverCommandExecutor.execute(DriverCommandExecutor.java:83)
	at org.openqa.selenium.remote.RemoteWebDriver.execute(RemoteWebDriver.java:552)
	at com.kms.katalon.selenium.driver.CChromeDriver.execute(CChromeDriver.java:19)
	at org.openqa.selenium.remote.RemoteWebElement.execute(RemoteWebElement.java:285)
	at org.openqa.selenium.remote.RemoteWebElement.clear(RemoteWebElement.java:124)
	at java.base/jdk.internal.reflect.NativeMethodAccessorImpl.invoke0(Native Method)
	at java.base/jdk.internal.reflect.NativeMethodAccessorImpl.invoke(NativeMethodAccessorImpl.java:77)
	at java.base/jdk.internal.reflect.DelegatingMethodAccessorImpl.invoke(DelegatingMethodAccessorImpl.java:43)
	at org.openqa.selenium.support.events.EventFiringWebDriver$EventFiringWebElement.lambda$new$0(EventFiringWebDriver.java:404)
	at jdk.proxy2/jdk.proxy2.$Proxy21.clear(Unknown Source)
	at org.openqa.selenium.support.events.EventFiringWebDriver$EventFiringWebElement.clear(EventFiringWebDriver.java:436)
	at com.kms.katalon.core.webui.keyword.builtin.SetTextKeyword$_setText_closure1.doCall(SetTextKeyword.groovy:55)
	at com.kms.katalon.core.webui.keyword.builtin.SetTextKeyword$_setText_closure1.call(SetTextKeyword.groovy)
	at com.kms.katalon.core.webui.keyword.internal.WebUIKeywordMain.runKeyword(WebUIKeywordMain.groovy:35)
	... 20 more


28-10-2024T10:11:27 - [TEST_STEP][PASSED] - callTestCase(findTestCase("Common Cases/Login"), [:], STOP_ON_FAILURE): Call Test Case 'Test Cases/Common Cases/Login' successfully

28-10-2024T10:11:27 - [TEST_CASE][PASSED] - Test Cases/Common Cases/Login: Test Cases/Common Cases/Login

28-10-2024T10:11:27 - [TEST_STEP][PASSED] - openBrowser(""): Browser is opened with url: ''

28-10-2024T10:11:27 - [MESSAGE][WARNING] - A browser is already opened. Closing browser and opening a new one

28-10-2024T10:11:27 - [MESSAGE][INFO] - Starting 'Chrome' driver

28-10-2024T10:11:27 - [MESSAGE][INFO] - Action delay is set to 0 milliseconds

28-10-2024T10:11:28 - [MESSAGE][PASSED] - Browser is opened with url: ''

28-10-2024T10:11:28 - [TEST_STEP][PASSED] - maximizeWindow(): Current window maximized

28-10-2024T10:11:28 - [MESSAGE][PASSED] - Current window maximized

28-10-2024T10:11:28 - [TEST_STEP][PASSED] - navigateToUrl("https://site17.lsapp.cloud/auth/login"): Navigate to 'https://site17.lsapp.cloud/auth/login' successfully

28-10-2024T10:11:30 - [MESSAGE][PASSED] - Navigate to 'https://site17.lsapp.cloud/auth/login' successfully

28-10-2024T10:11:30 - [TEST_STEP][PASSED] - setText(findTestObject("Object Repository/Common Cases Repository/Login/Page_Lightning Step/input_Email_email"), "automation@lightningstep.com"): Text 'automation@lightningstep.com' is set on object 'Object Repository/Common Cases Repository/Login/Page_Lightning Step/input_Email_email'

28-10-2024T10:11:31 - [MESSAGE][PASSED] - Text 'automation@lightningstep.com' is set on object 'Object Repository/Common Cases Repository/Login/Page_Lightning Step/input_Email_email'

28-10-2024T10:11:31 - [TEST_STEP][PASSED] - setEncryptedText(findTestObject("Object Repository/Common Cases Repository/Login/Page_Lightning Step/input_Password_password"), "e5N8VHmnhJDITtQaQhDQDw=="): Text ****** has been set on object 'Object Repository/Common Cases Repository/Login/Page_Lightning Step/input_Password_password'

28-10-2024T10:11:31 - [MESSAGE][PASSED] - Text ****** has been set on object 'Object Repository/Common Cases Repository/Login/Page_Lightning Step/input_Password_password'

28-10-2024T10:11:31 - [TEST_STEP][PASSED] - click(findTestObject("Object Repository/Common Cases Repository/Login/Page_Lightning Step/button_Sign in")): Object: 'Object Repository/Common Cases Repository/Login/Page_Lightning Step/button_Sign in' is clicked on

28-10-2024T10:11:40 - [MESSAGE][PASSED] - Object: 'Object Repository/Common Cases Repository/Login/Page_Lightning Step/button_Sign in' is clicked on

28-10-2024T10:11:40 - [MESSAGE][PASSED] - Call Test Case 'Test Cases/Common Cases/Login' successfully

28-10-2024T10:11:40 - [TEST_STEP][PASSED] - click(findTestObject("Object Repository/Specific Cases Repository/LS/Home/Calendar/Calendar_Events/Calendar_Events_Creation/Event/Page_Home/a_Calendar")): Object: 'Object Repository/Specific Cases Repository/LS/Home/Calendar/Calendar_Events/Calendar_Events_Creation/Event/Page_Home/a_Calendar' is clicked on

28-10-2024T10:11:44 - [MESSAGE][PASSED] - Object: 'Object Repository/Specific Cases Repository/LS/Home/Calendar/Calendar_Events/Calendar_Events_Creation/Event/Page_Home/a_Calendar' is clicked on

28-10-2024T10:11:44 - [TEST_STEP][PASSED] - click(findTestObject("Object Repository/Specific Cases Repository/LS/Home/Calendar/Calendar_Events/Calendar_Events_Creation/Appointment/Page_Calendar/div_Week")): Object: 'Object Repository/Specific Cases Repository/LS/Home/Calendar/Calendar_Events/Calendar_Events_Creation/Appointment/Page_Calendar/div_Week' is clicked on

28-10-2024T10:11:45 - [MESSAGE][PASSED] - Object: 'Object Repository/Specific Cases Repository/LS/Home/Calendar/Calendar_Events/Calendar_Events_Creation/Appointment/Page_Calendar/div_Week' is clicked on

28-10-2024T10:11:45 - [TEST_STEP][PASSED] - click(findTestObject("Object Repository/Specific Cases Repository/LS/Home/Calendar/Calendar_Events/Calendar_Events_Creation/Event/Page_Calendar/button_Create new")): Object: 'Object Repository/Specific Cases Repository/LS/Home/Calendar/Calendar_Events/Calendar_Events_Creation/Event/Page_Calendar/button_Create new' is clicked on

28-10-2024T10:11:45 - [MESSAGE][PASSED] - Object: 'Object Repository/Specific Cases Repository/LS/Home/Calendar/Calendar_Events/Calendar_Events_Creation/Event/Page_Calendar/button_Create new' is clicked on

28-10-2024T10:11:45 - [TEST_STEP][PASSED] - click(findTestObject("Object Repository/Specific Cases Repository/LS/Home/Calendar/Calendar_Events/Calendar_Events_Creation/Event/Page_Calendar/label_Event")): Object: 'Object Repository/Specific Cases Repository/LS/Home/Calendar/Calendar_Events/Calendar_Events_Creation/Event/Page_Calendar/label_Event' is clicked on

28-10-2024T10:11:47 - [MESSAGE][PASSED] - Object: 'Object Repository/Specific Cases Repository/LS/Home/Calendar/Calendar_Events/Calendar_Events_Creation/Event/Page_Calendar/label_Event' is clicked on

28-10-2024T10:11:47 - [TEST_STEP][PASSED] - setText(findTestObject("Object Repository/Specific Cases Repository/LS/Home/Calendar/Calendar_Events/Calendar_Events_Creation/Event/Page_Calendar/input_Title_title_"), "Future Automation Event"): Text 'Future Automation Event' is set on object 'Object Repository/Specific Cases Repository/LS/Home/Calendar/Calendar_Events/Calendar_Events_Creation/Event/Page_Calendar/input_Title_title_'

28-10-2024T10:11:48 - [MESSAGE][PASSED] - Text 'Future Automation Event' is set on object 'Object Repository/Specific Cases Repository/LS/Home/Calendar/Calendar_Events/Calendar_Events_Creation/Event/Page_Calendar/input_Title_title_'

28-10-2024T10:11:48 - [TEST_STEP][PASSED] - click(findTestObject("Object Repository/Specific Cases Repository/LS/Home/Calendar/Calendar_Events/Calendar_Events_Creation/Appointment/Page_Calendar/Date")): Object: 'Object Repository/Specific Cases Repository/LS/Home/Calendar/Calendar_Events/Calendar_Events_Creation/Appointment/Page_Calendar/Date' is clicked on

28-10-2024T10:11:48 - [MESSAGE][PASSED] - Object: 'Object Repository/Specific Cases Repository/LS/Home/Calendar/Calendar_Events/Calendar_Events_Creation/Appointment/Page_Calendar/Date' is clicked on

28-10-2024T10:11:48 - [TEST_STEP][PASSED] - setText(findTestObject("Object Repository/Specific Cases Repository/LS/Home/Calendar/Calendar_Events/Calendar_Events_Creation/Appointment/Page_Calendar/Date"), Next_Week_Date): Text '11/04/2024' is set on object 'Object Repository/Specific Cases Repository/LS/Home/Calendar/Calendar_Events/Calendar_Events_Creation/Appointment/Page_Calendar/Date'

28-10-2024T10:11:48 - [MESSAGE][PASSED] - Text '11/04/2024' is set on object 'Object Repository/Specific Cases Repository/LS/Home/Calendar/Calendar_Events/Calendar_Events_Creation/Appointment/Page_Calendar/Date'

28-10-2024T10:11:48 - [TEST_STEP][PASSED] - click(findTestObject("Object Repository/Specific Cases Repository/LS/Home/Calendar/Calendar_Events/Calendar_Events_Creation/Appointment/Page_Calendar/Start Time Clock")): Object: 'Object Repository/Specific Cases Repository/LS/Home/Calendar/Calendar_Events/Calendar_Events_Creation/Appointment/Page_Calendar/Start Time Clock' is clicked on

28-10-2024T10:11:50 - [MESSAGE][PASSED] - Object: 'Object Repository/Specific Cases Repository/LS/Home/Calendar/Calendar_Events/Calendar_Events_Creation/Appointment/Page_Calendar/Start Time Clock' is clicked on

28-10-2024T10:11:50 - [TEST_STEP][PASSED] - setText(findTestObject("Object Repository/Specific Cases Repository/LS/Home/Calendar/Calendar_Events/Calendar_Events_Creation/Appointment/Page_Calendar/Start Time Clock"), "1400"): Text '1400' is set on object 'Object Repository/Specific Cases Repository/LS/Home/Calendar/Calendar_Events/Calendar_Events_Creation/Appointment/Page_Calendar/Start Time Clock'

28-10-2024T10:11:50 - [MESSAGE][PASSED] - Text '1400' is set on object 'Object Repository/Specific Cases Repository/LS/Home/Calendar/Calendar_Events/Calendar_Events_Creation/Appointment/Page_Calendar/Start Time Clock'

28-10-2024T10:11:50 - [TEST_STEP][PASSED] - click(findTestObject("Object Repository/Specific Cases Repository/LS/Home/Calendar/Calendar_Events/Calendar_Events_Creation/Event/Page_Calendar/div_Schedule                               _3f20bf")): Object: 'Object Repository/Specific Cases Repository/LS/Home/Calendar/Calendar_Events/Calendar_Events_Creation/Event/Page_Calendar/div_Schedule                               _3f20bf' is clicked on

28-10-2024T10:11:51 - [MESSAGE][PASSED] - Object: 'Object Repository/Specific Cases Repository/LS/Home/Calendar/Calendar_Events/Calendar_Events_Creation/Event/Page_Calendar/div_Schedule                               _3f20bf' is clicked on

28-10-2024T10:11:51 - [TEST_STEP][PASSED] - click(findTestObject("Object Repository/Specific Cases Repository/LS/Home/Calendar/Calendar_Events/Calendar_Events_Creation/Event/Page_Calendar/button_Reminder__simple-switch-track")): Object: 'Object Repository/Specific Cases Repository/LS/Home/Calendar/Calendar_Events/Calendar_Events_Creation/Event/Page_Calendar/button_Reminder__simple-switch-track' is clicked on

28-10-2024T10:11:51 - [MESSAGE][PASSED] - Object: 'Object Repository/Specific Cases Repository/LS/Home/Calendar/Calendar_Events/Calendar_Events_Creation/Event/Page_Calendar/button_Reminder__simple-switch-track' is clicked on

28-10-2024T10:11:51 - [TEST_STEP][FAILED] - setText(findTestObject("Object Repository/Specific Cases Repository/LS/Home/Calendar/Calendar_Events/Calendar_Events_Creation/Event/Page_Calendar/input_Reminder_select2-search__field"), "15"): Unable to set text '15' of object 'Object Repository/Specific Cases Repository/LS/Home/Calendar/Calendar_Events/Calendar_Events_Creation/Event/Page_Calendar/input_Reminder_select2-search__field' (Root cause: com.kms.katalon.core.exception.StepFailedException: Unable to set text '15' of object 'Object Repository/Specific Cases Repository/LS/Home/Calendar/Calendar_Events/Calendar_Events_Creation/Event/Page_Calendar/input_Reminder_select2-search__field'
	at com.kms.katalon.core.webui.keyword.internal.WebUIKeywordMain.stepFailed(WebUIKeywordMain.groovy:117)
	at com.kms.katalon.core.webui.keyword.internal.WebUIKeywordMain.runKeyword(WebUIKeywordMain.groovy:43)
	at com.kms.katalon.core.webui.keyword.builtin.SetTextKeyword.setText(SetTextKeyword.groovy:85)
	at com.kms.katalon.core.webui.keyword.builtin.SetTextKeyword.execute(SetTextKeyword.groovy:39)
	at com.kms.katalon.core.keyword.internal.KeywordExecutor.executeKeywordForPlatform(KeywordExecutor.groovy:74)
	at com.kms.katalon.core.webui.keyword.WebUiBuiltInKeywords.setText(WebUiBuiltInKeywords.groovy:1019)
	at Future_Calendar_Event.run(Future_Calendar_Event:47)
	at com.kms.katalon.core.main.ScriptEngine.run(ScriptEngine.java:194)
	at com.kms.katalon.core.main.ScriptEngine.runScriptAsRawText(ScriptEngine.java:119)
	at com.kms.katalon.core.main.TestCaseExecutor.runScript(TestCaseExecutor.java:448)
	at com.kms.katalon.core.main.TestCaseExecutor.doExecute(TestCaseExecutor.java:439)
	at com.kms.katalon.core.main.TestCaseExecutor.processExecutionPhase(TestCaseExecutor.java:418)
	at com.kms.katalon.core.main.TestCaseExecutor.accessMainPhase(TestCaseExecutor.java:410)
	at com.kms.katalon.core.main.TestCaseExecutor.execute(TestCaseExecutor.java:285)
	at com.kms.katalon.core.common.CommonExecutor.accessTestCaseMainPhase(CommonExecutor.java:65)
	at com.kms.katalon.core.main.TestSuiteExecutor.accessTestSuiteMainPhase(TestSuiteExecutor.java:150)
	at com.kms.katalon.core.main.TestSuiteExecutor.execute(TestSuiteExecutor.java:106)
	at com.kms.katalon.core.main.TestCaseMain.startTestSuite(TestCaseMain.java:180)
	at TempTestSuite1730128240063.run(TempTestSuite1730128240063.groovy:35)
	at java.base/jdk.internal.reflect.NativeMethodAccessorImpl.invoke0(Native Method)
	at java.base/jdk.internal.reflect.NativeMethodAccessorImpl.invoke(NativeMethodAccessorImpl.java:77)
	at java.base/jdk.internal.reflect.DelegatingMethodAccessorImpl.invoke(DelegatingMethodAccessorImpl.java:43)
Caused by: org.openqa.selenium.ElementNotInteractableException: element not interactable
  (Session info: chrome=130.0.6723.70)
Build info: version: '3.141.59', revision: 'unknown', time: 'unknown'
System info: host: 'ENRIQUE', ip: '192.168.100.147', os.name: 'Windows 11', os.arch: 'amd64', os.version: '10.0', java.version: '17.0.7'
Driver info: com.kms.katalon.selenium.driver.CChromeDriver
Capabilities {acceptInsecureCerts: false, browserName: chrome, browserVersion: 130.0.6723.70, chrome: {chromedriverVersion: 130.0.6723.69 (3ec172b971b9..., userDataDir: C:\Users\Enrique\AppData\Lo...}, fedcm:accounts: true, goog:chromeOptions: {debuggerAddress: localhost:61333}, javascriptEnabled: true, networkConnectionEnabled: false, pageLoadStrategy: normal, platform: WINDOWS, platformName: WINDOWS, proxy: Proxy(), setWindowRect: true, strictFileInteractability: false, timeouts: {implicit: 0, pageLoad: 300000, script: 30000}, unhandledPromptBehavior: dismiss and notify, webauthn:extension:credBlob: true, webauthn:extension:largeBlob: true, webauthn:extension:minPinLength: true, webauthn:extension:prf: true, webauthn:virtualAuthenticators: true}
Session ID: c5f41dc2d1b3e252dc0ffbed88a00a68
	at java.base/jdk.internal.reflect.NativeConstructorAccessorImpl.newInstance0(Native Method)
	at java.base/jdk.internal.reflect.NativeConstructorAccessorImpl.newInstance(NativeConstructorAccessorImpl.java:77)
	at java.base/jdk.internal.reflect.DelegatingConstructorAccessorImpl.newInstance(DelegatingConstructorAccessorImpl.java:45)
	at org.openqa.selenium.remote.http.W3CHttpResponseCodec.createException(W3CHttpResponseCodec.java:187)
	at org.openqa.selenium.remote.http.W3CHttpResponseCodec.decode(W3CHttpResponseCodec.java:122)
	at org.openqa.selenium.remote.http.W3CHttpResponseCodec.decode(W3CHttpResponseCodec.java:49)
	at org.openqa.selenium.remote.HttpCommandExecutor.execute(HttpCommandExecutor.java:158)
	at org.openqa.selenium.remote.service.DriverCommandExecutor.execute(DriverCommandExecutor.java:83)
	at org.openqa.selenium.remote.RemoteWebDriver.execute(RemoteWebDriver.java:552)
	at com.kms.katalon.selenium.driver.CChromeDriver.execute(CChromeDriver.java:19)
	at org.openqa.selenium.remote.RemoteWebElement.execute(RemoteWebElement.java:285)
	at org.openqa.selenium.remote.RemoteWebElement.clear(RemoteWebElement.java:124)
	at java.base/jdk.internal.reflect.NativeMethodAccessorImpl.invoke0(Native Method)
	at java.base/jdk.internal.reflect.NativeMethodAccessorImpl.invoke(NativeMethodAccessorImpl.java:77)
	at java.base/jdk.internal.reflect.DelegatingMethodAccessorImpl.invoke(DelegatingMethodAccessorImpl.java:43)
	at org.openqa.selenium.support.events.EventFiringWebDriver$EventFiringWebElement.lambda$new$0(EventFiringWebDriver.java:404)
	at jdk.proxy2/jdk.proxy2.$Proxy21.clear(Unknown Source)
	at org.openqa.selenium.support.events.EventFiringWebDriver$EventFiringWebElement.clear(EventFiringWebDriver.java:436)
	at com.kms.katalon.core.webui.keyword.builtin.SetTextKeyword$_setText_closure1.doCall(SetTextKeyword.groovy:55)
	at com.kms.katalon.core.webui.keyword.builtin.SetTextKeyword$_setText_closure1.call(SetTextKeyword.groovy)
	at com.kms.katalon.core.webui.keyword.internal.WebUIKeywordMain.runKeyword(WebUIKeywordMain.groovy:35)
	at com.kms.katalon.core.webui.keyword.builtin.SetTextKeyword.setText(SetTextKeyword.groovy:85)
	at com.kms.katalon.core.webui.keyword.builtin.SetTextKeyword.execute(SetTextKeyword.groovy:39)
	at com.kms.katalon.core.keyword.internal.KeywordExecutor.executeKeywordForPlatform(KeywordExecutor.groovy:74)
	at com.kms.katalon.core.webui.keyword.WebUiBuiltInKeywords.setText(WebUiBuiltInKeywords.groovy:1019)
	at Script1727458510251.run(Script1727458510251.groovy:47)
	... 15 more
)

28-10-2024T10:11:51 - [MESSAGE][FAILED] - Unable to set text '15' of object 'Object Repository/Specific Cases Repository/LS/Home/Calendar/Calendar_Events/Calendar_Events_Creation/Event/Page_Calendar/input_Reminder_select2-search__field' (Root cause: com.kms.katalon.core.exception.StepFailedException: Unable to set text '15' of object 'Object Repository/Specific Cases Repository/LS/Home/Calendar/Calendar_Events/Calendar_Events_Creation/Event/Page_Calendar/input_Reminder_select2-search__field'
	at com.kms.katalon.core.webui.keyword.internal.WebUIKeywordMain.stepFailed(WebUIKeywordMain.groovy:117)
	at com.kms.katalon.core.webui.keyword.internal.WebUIKeywordMain.runKeyword(WebUIKeywordMain.groovy:43)
	at com.kms.katalon.core.webui.keyword.builtin.SetTextKeyword.setText(SetTextKeyword.groovy:85)
	at com.kms.katalon.core.webui.keyword.builtin.SetTextKeyword.execute(SetTextKeyword.groovy:39)
	at com.kms.katalon.core.keyword.internal.KeywordExecutor.executeKeywordForPlatform(KeywordExecutor.groovy:74)
	at com.kms.katalon.core.webui.keyword.WebUiBuiltInKeywords.setText(WebUiBuiltInKeywords.groovy:1019)
	at Future_Calendar_Event.run(Future_Calendar_Event:47)
	at com.kms.katalon.core.main.ScriptEngine.run(ScriptEngine.java:194)
	at com.kms.katalon.core.main.ScriptEngine.runScriptAsRawText(ScriptEngine.java:119)
	at com.kms.katalon.core.main.TestCaseExecutor.runScript(TestCaseExecutor.java:448)
	at com.kms.katalon.core.main.TestCaseExecutor.doExecute(TestCaseExecutor.java:439)
	at com.kms.katalon.core.main.TestCaseExecutor.processExecutionPhase(TestCaseExecutor.java:418)
	at com.kms.katalon.core.main.TestCaseExecutor.accessMainPhase(TestCaseExecutor.java:410)
	at com.kms.katalon.core.main.TestCaseExecutor.execute(TestCaseExecutor.java:285)
	at com.kms.katalon.core.common.CommonExecutor.accessTestCaseMainPhase(CommonExecutor.java:65)
	at com.kms.katalon.core.main.TestSuiteExecutor.accessTestSuiteMainPhase(TestSuiteExecutor.java:150)
	at com.kms.katalon.core.main.TestSuiteExecutor.execute(TestSuiteExecutor.java:106)
	at com.kms.katalon.core.main.TestCaseMain.startTestSuite(TestCaseMain.java:180)
	at TempTestSuite1730128240063.run(TempTestSuite1730128240063.groovy:35)
	at java.base/jdk.internal.reflect.NativeMethodAccessorImpl.invoke0(Native Method)
	at java.base/jdk.internal.reflect.NativeMethodAccessorImpl.invoke(NativeMethodAccessorImpl.java:77)
	at java.base/jdk.internal.reflect.DelegatingMethodAccessorImpl.invoke(DelegatingMethodAccessorImpl.java:43)
Caused by: org.openqa.selenium.ElementNotInteractableException: element not interactable
  (Session info: chrome=130.0.6723.70)
Build info: version: '3.141.59', revision: 'unknown', time: 'unknown'
System info: host: 'ENRIQUE', ip: '192.168.100.147', os.name: 'Windows 11', os.arch: 'amd64', os.version: '10.0', java.version: '17.0.7'
Driver info: com.kms.katalon.selenium.driver.CChromeDriver
Capabilities {acceptInsecureCerts: false, browserName: chrome, browserVersion: 130.0.6723.70, chrome: {chromedriverVersion: 130.0.6723.69 (3ec172b971b9..., userDataDir: C:\Users\Enrique\AppData\Lo...}, fedcm:accounts: true, goog:chromeOptions: {debuggerAddress: localhost:61333}, javascriptEnabled: true, networkConnectionEnabled: false, pageLoadStrategy: normal, platform: WINDOWS, platformName: WINDOWS, proxy: Proxy(), setWindowRect: true, strictFileInteractability: false, timeouts: {implicit: 0, pageLoad: 300000, script: 30000}, unhandledPromptBehavior: dismiss and notify, webauthn:extension:credBlob: true, webauthn:extension:largeBlob: true, webauthn:extension:minPinLength: true, webauthn:extension:prf: true, webauthn:virtualAuthenticators: true}
Session ID: c5f41dc2d1b3e252dc0ffbed88a00a68
	at java.base/jdk.internal.reflect.NativeConstructorAccessorImpl.newInstance0(Native Method)
	at java.base/jdk.internal.reflect.NativeConstructorAccessorImpl.newInstance(NativeConstructorAccessorImpl.java:77)
	at java.base/jdk.internal.reflect.DelegatingConstructorAccessorImpl.newInstance(DelegatingConstructorAccessorImpl.java:45)
	at org.openqa.selenium.remote.http.W3CHttpResponseCodec.createException(W3CHttpResponseCodec.java:187)
	at org.openqa.selenium.remote.http.W3CHttpResponseCodec.decode(W3CHttpResponseCodec.java:122)
	at org.openqa.selenium.remote.http.W3CHttpResponseCodec.decode(W3CHttpResponseCodec.java:49)
	at org.openqa.selenium.remote.HttpCommandExecutor.execute(HttpCommandExecutor.java:158)
	at org.openqa.selenium.remote.service.DriverCommandExecutor.execute(DriverCommandExecutor.java:83)
	at org.openqa.selenium.remote.RemoteWebDriver.execute(RemoteWebDriver.java:552)
	at com.kms.katalon.selenium.driver.CChromeDriver.execute(CChromeDriver.java:19)
	at org.openqa.selenium.remote.RemoteWebElement.execute(RemoteWebElement.java:285)
	at org.openqa.selenium.remote.RemoteWebElement.clear(RemoteWebElement.java:124)
	at java.base/jdk.internal.reflect.NativeMethodAccessorImpl.invoke0(Native Method)
	at java.base/jdk.internal.reflect.NativeMethodAccessorImpl.invoke(NativeMethodAccessorImpl.java:77)
	at java.base/jdk.internal.reflect.DelegatingMethodAccessorImpl.invoke(DelegatingMethodAccessorImpl.java:43)
	at org.openqa.selenium.support.events.EventFiringWebDriver$EventFiringWebElement.lambda$new$0(EventFiringWebDriver.java:404)
	at jdk.proxy2/jdk.proxy2.$Proxy21.clear(Unknown Source)
	at org.openqa.selenium.support.events.EventFiringWebDriver$EventFiringWebElement.clear(EventFiringWebDriver.java:436)
	at com.kms.katalon.core.webui.keyword.builtin.SetTextKeyword$_setText_closure1.doCall(SetTextKeyword.groovy:55)
	at com.kms.katalon.core.webui.keyword.builtin.SetTextKeyword$_setText_closure1.call(SetTextKeyword.groovy)
	at com.kms.katalon.core.webui.keyword.internal.WebUIKeywordMain.runKeyword(WebUIKeywordMain.groovy:35)
	at com.kms.katalon.core.webui.keyword.builtin.SetTextKeyword.setText(SetTextKeyword.groovy:85)
	at com.kms.katalon.core.webui.keyword.builtin.SetTextKeyword.execute(SetTextKeyword.groovy:39)
	at com.kms.katalon.core.keyword.internal.KeywordExecutor.executeKeywordForPlatform(KeywordExecutor.groovy:74)
	at com.kms.katalon.core.webui.keyword.WebUiBuiltInKeywords.setText(WebUiBuiltInKeywords.groovy:1019)
	at Script1727458510251.run(Script1727458510251.groovy:47)
	... 15 more
)]]></system-out>
         <system-err><![CDATA[28-10-2024T10:11:27 - [TEST_CASE][FAILED] - Test Cases/Specific Cases/LS/General/Calendar/Events_Creation/Future Events Creation/Future_Calendar_Event: Test Cases/Specific Cases/LS/General/Calendar/Events_Creation/Future Events Creation/Future_Calendar_Event FAILED.
Reason:
com.kms.katalon.core.exception.StepFailedException: Unable to set text '15' of object 'Object Repository/Specific Cases Repository/LS/Home/Calendar/Calendar_Events/Calendar_Events_Creation/Event/Page_Calendar/input_Reminder_select2-search__field'
	at com.kms.katalon.core.webui.keyword.internal.WebUIKeywordMain.stepFailed(WebUIKeywordMain.groovy:117)
	at com.kms.katalon.core.webui.keyword.internal.WebUIKeywordMain.runKeyword(WebUIKeywordMain.groovy:43)
	at com.kms.katalon.core.webui.keyword.builtin.SetTextKeyword.setText(SetTextKeyword.groovy:85)
	at com.kms.katalon.core.webui.keyword.builtin.SetTextKeyword.execute(SetTextKeyword.groovy:39)
	at com.kms.katalon.core.keyword.internal.KeywordExecutor.executeKeywordForPlatform(KeywordExecutor.groovy:74)
	at com.kms.katalon.core.webui.keyword.WebUiBuiltInKeywords.setText(WebUiBuiltInKeywords.groovy:1019)
	at Future_Calendar_Event.run(Future_Calendar_Event:47)
	at com.kms.katalon.core.main.ScriptEngine.run(ScriptEngine.java:194)
	at com.kms.katalon.core.main.ScriptEngine.runScriptAsRawText(ScriptEngine.java:119)
	at com.kms.katalon.core.main.TestCaseExecutor.runScript(TestCaseExecutor.java:448)
	at com.kms.katalon.core.main.TestCaseExecutor.doExecute(TestCaseExecutor.java:439)
	at com.kms.katalon.core.main.TestCaseExecutor.processExecutionPhase(TestCaseExecutor.java:418)
	at com.kms.katalon.core.main.TestCaseExecutor.accessMainPhase(TestCaseExecutor.java:410)
	at com.kms.katalon.core.main.TestCaseExecutor.execute(TestCaseExecutor.java:285)
	at com.kms.katalon.core.common.CommonExecutor.accessTestCaseMainPhase(CommonExecutor.java:65)
	at com.kms.katalon.core.main.TestSuiteExecutor.accessTestSuiteMainPhase(TestSuiteExecutor.java:150)
	at com.kms.katalon.core.main.TestSuiteExecutor.execute(TestSuiteExecutor.java:106)
	at com.kms.katalon.core.main.TestCaseMain.startTestSuite(TestCaseMain.java:180)
	at TempTestSuite1730128240063.run(TempTestSuite1730128240063.groovy:35)
	at java.base/jdk.internal.reflect.NativeMethodAccessorImpl.invoke0(Native Method)
	at java.base/jdk.internal.reflect.NativeMethodAccessorImpl.invoke(NativeMethodAccessorImpl.java:77)
	at java.base/jdk.internal.reflect.DelegatingMethodAccessorImpl.invoke(DelegatingMethodAccessorImpl.java:43)
Caused by: org.openqa.selenium.ElementNotInteractableException: element not interactable
  (Session info: chrome=130.0.6723.70)
Build info: version: '3.141.59', revision: 'unknown', time: 'unknown'
System info: host: 'ENRIQUE', ip: '192.168.100.147', os.name: 'Windows 11', os.arch: 'amd64', os.version: '10.0', java.version: '17.0.7'
Driver info: com.kms.katalon.selenium.driver.CChromeDriver
Capabilities {acceptInsecureCerts: false, browserName: chrome, browserVersion: 130.0.6723.70, chrome: {chromedriverVersion: 130.0.6723.69 (3ec172b971b9..., userDataDir: C:\Users\Enrique\AppData\Lo...}, fedcm:accounts: true, goog:chromeOptions: {debuggerAddress: localhost:61333}, javascriptEnabled: true, networkConnectionEnabled: false, pageLoadStrategy: normal, platform: WINDOWS, platformName: WINDOWS, proxy: Proxy(), setWindowRect: true, strictFileInteractability: false, timeouts: {implicit: 0, pageLoad: 300000, script: 30000}, unhandledPromptBehavior: dismiss and notify, webauthn:extension:credBlob: true, webauthn:extension:largeBlob: true, webauthn:extension:minPinLength: true, webauthn:extension:prf: true, webauthn:virtualAuthenticators: true}
Session ID: c5f41dc2d1b3e252dc0ffbed88a00a68
	at java.base/jdk.internal.reflect.NativeConstructorAccessorImpl.newInstance0(Native Method)
	at java.base/jdk.internal.reflect.NativeConstructorAccessorImpl.newInstance(NativeConstructorAccessorImpl.java:77)
	at java.base/jdk.internal.reflect.DelegatingConstructorAccessorImpl.newInstance(DelegatingConstructorAccessorImpl.java:45)
	at org.openqa.selenium.remote.http.W3CHttpResponseCodec.createException(W3CHttpResponseCodec.java:187)
	at org.openqa.selenium.remote.http.W3CHttpResponseCodec.decode(W3CHttpResponseCodec.java:122)
	at org.openqa.selenium.remote.http.W3CHttpResponseCodec.decode(W3CHttpResponseCodec.java:49)
	at org.openqa.selenium.remote.HttpCommandExecutor.execute(HttpCommandExecutor.java:158)
	at org.openqa.selenium.remote.service.DriverCommandExecutor.execute(DriverCommandExecutor.java:83)
	at org.openqa.selenium.remote.RemoteWebDriver.execute(RemoteWebDriver.java:552)
	at com.kms.katalon.selenium.driver.CChromeDriver.execute(CChromeDriver.java:19)
	at org.openqa.selenium.remote.RemoteWebElement.execute(RemoteWebElement.java:285)
	at org.openqa.selenium.remote.RemoteWebElement.clear(RemoteWebElement.java:124)
	at java.base/jdk.internal.reflect.NativeMethodAccessorImpl.invoke0(Native Method)
	at java.base/jdk.internal.reflect.NativeMethodAccessorImpl.invoke(NativeMethodAccessorImpl.java:77)
	at java.base/jdk.internal.reflect.DelegatingMethodAccessorImpl.invoke(DelegatingMethodAccessorImpl.java:43)
	at org.openqa.selenium.support.events.EventFiringWebDriver$EventFiringWebElement.lambda$new$0(EventFiringWebDriver.java:404)
	at jdk.proxy2/jdk.proxy2.$Proxy21.clear(Unknown Source)
	at org.openqa.selenium.support.events.EventFiringWebDriver$EventFiringWebElement.clear(EventFiringWebDriver.java:436)
	at com.kms.katalon.core.webui.keyword.builtin.SetTextKeyword$_setText_closure1.doCall(SetTextKeyword.groovy:55)
	at com.kms.katalon.core.webui.keyword.builtin.SetTextKeyword$_setText_closure1.call(SetTextKeyword.groovy)
	at com.kms.katalon.core.webui.keyword.internal.WebUIKeywordMain.runKeyword(WebUIKeywordMain.groovy:35)
	... 20 more]]></system-err>
      </testcase>
      <testcase name="Test Cases/Specific Cases/LS/General/Calendar/Events_Creation/Future Events Creation/Future_Calendar_Groups" time="17.956" classname="Test Cases/Specific Cases/LS/General/Calendar/Events_Creation/Future Events Creation/Future_Calendar_Groups" status="FAILED">
         <failure type="FAILED" message="Test Cases/Specific Cases/LS/General/Calendar/Events_Creation/Future Events Creation/Future_Calendar_Groups FAILED.&#xa;Reason:&#xa;com.kms.katalon.core.exception.StepFailedException: Unable to set text '1.2' of object 'Object Repository/Specific Cases Repository/LS/Home/Calendar/Calendar_Events/Calendar_Events_Creation/Group/Page_Calendar/input_Loading_select2-search__field'&#xa;	at com.kms.katalon.core.webui.keyword.internal.WebUIKeywordMain.stepFailed(WebUIKeywordMain.groovy:117)&#xa;	at com.kms.katalon.core.webui.keyword.internal.WebUIKeywordMain.runKeyword(WebUIKeywordMain.groovy:43)&#xa;	at com.kms.katalon.core.webui.keyword.builtin.SetTextKeyword.setText(SetTextKeyword.groovy:85)&#xa;	at com.kms.katalon.core.webui.keyword.builtin.SetTextKeyword.execute(SetTextKeyword.groovy:39)&#xa;	at com.kms.katalon.core.keyword.internal.KeywordExecutor.executeKeywordForPlatform(KeywordExecutor.groovy:74)&#xa;	at com.kms.katalon.core.webui.keyword.WebUiBuiltInKeywords.setText(WebUiBuiltInKeywords.groovy:1019)&#xa;	at Future_Calendar_Groups.run(Future_Calendar_Groups:32)&#xa;	at com.kms.katalon.core.main.ScriptEngine.run(ScriptEngine.java:194)&#xa;	at com.kms.katalon.core.main.ScriptEngine.runScriptAsRawText(ScriptEngine.java:119)&#xa;	at com.kms.katalon.core.main.TestCaseExecutor.runScript(TestCaseExecutor.java:448)&#xa;	at com.kms.katalon.core.main.TestCaseExecutor.doExecute(TestCaseExecutor.java:439)&#xa;	at com.kms.katalon.core.main.TestCaseExecutor.processExecutionPhase(TestCaseExecutor.java:418)&#xa;	at com.kms.katalon.core.main.TestCaseExecutor.accessMainPhase(TestCaseExecutor.java:410)&#xa;	at com.kms.katalon.core.main.TestCaseExecutor.execute(TestCaseExecutor.java:285)&#xa;	at com.kms.katalon.core.common.CommonExecutor.accessTestCaseMainPhase(CommonExecutor.java:65)&#xa;	at com.kms.katalon.core.main.TestSuiteExecutor.accessTestSuiteMainPhase(TestSuiteExecutor.java:150)&#xa;	at com.kms.katalon.core.main.TestSuiteExecutor.execute(TestSuiteExecutor.java:106)&#xa;	at com.kms.katalon.core.main.TestCaseMain.startTestSuite(TestCaseMain.java:180)&#xa;	at TempTestSuite1730128240063.run(TempTestSuite1730128240063.groovy:35)&#xa;	at java.base/jdk.internal.reflect.NativeMethodAccessorImpl.invoke0(Native Method)&#xa;	at java.base/jdk.internal.reflect.NativeMethodAccessorImpl.invoke(NativeMethodAccessorImpl.java:77)&#xa;	at java.base/jdk.internal.reflect.DelegatingMethodAccessorImpl.invoke(DelegatingMethodAccessorImpl.java:43)&#xa;Caused by: org.openqa.selenium.ElementNotInteractableException: element not interactable&#xa;  (Session info: chrome=130.0.6723.70)&#xa;Build info: version: '3.141.59', revision: 'unknown', time: 'unknown'&#xa;System info: host: 'ENRIQUE', ip: '192.168.100.147', os.name: 'Windows 11', os.arch: 'amd64', os.version: '10.0', java.version: '17.0.7'&#xa;Driver info: com.kms.katalon.selenium.driver.CChromeDriver&#xa;Capabilities {acceptInsecureCerts: false, browserName: chrome, browserVersion: 130.0.6723.70, chrome: {chromedriverVersion: 130.0.6723.69 (3ec172b971b9..., userDataDir: C:\Users\Enrique\AppData\Lo...}, fedcm:accounts: true, goog:chromeOptions: {debuggerAddress: localhost:61367}, javascriptEnabled: true, networkConnectionEnabled: false, pageLoadStrategy: normal, platform: WINDOWS, platformName: WINDOWS, proxy: Proxy(), setWindowRect: true, strictFileInteractability: false, timeouts: {implicit: 0, pageLoad: 300000, script: 30000}, unhandledPromptBehavior: dismiss and notify, webauthn:extension:credBlob: true, webauthn:extension:largeBlob: true, webauthn:extension:minPinLength: true, webauthn:extension:prf: true, webauthn:virtualAuthenticators: true}&#xa;Session ID: 7cc5e415041f01269f57bfd5cd34b9ee&#xa;	at java.base/jdk.internal.reflect.NativeConstructorAccessorImpl.newInstance0(Native Method)&#xa;	at java.base/jdk.internal.reflect.NativeConstructorAccessorImpl.newInstance(NativeConstructorAccessorImpl.java:77)&#xa;	at java.base/jdk.internal.reflect.DelegatingConstructorAccessorImpl.newInstance(DelegatingConstructorAccessorImpl.java:45)&#xa;	at org.openqa.selenium.remote.http.W3CHttpResponseCodec.createException(W3CHttpResponseCodec.java:187)&#xa;	at org.openqa.selenium.remote.http.W3CHttpResponseCodec.decode(W3CHttpResponseCodec.java:122)&#xa;	at org.openqa.selenium.remote.http.W3CHttpResponseCodec.decode(W3CHttpResponseCodec.java:49)&#xa;	at org.openqa.selenium.remote.HttpCommandExecutor.execute(HttpCommandExecutor.java:158)&#xa;	at org.openqa.selenium.remote.service.DriverCommandExecutor.execute(DriverCommandExecutor.java:83)&#xa;	at org.openqa.selenium.remote.RemoteWebDriver.execute(RemoteWebDriver.java:552)&#xa;	at com.kms.katalon.selenium.driver.CChromeDriver.execute(CChromeDriver.java:19)&#xa;	at org.openqa.selenium.remote.RemoteWebElement.execute(RemoteWebElement.java:285)&#xa;	at org.openqa.selenium.remote.RemoteWebElement.sendKeys(RemoteWebElement.java:106)&#xa;	at java.base/jdk.internal.reflect.NativeMethodAccessorImpl.invoke0(Native Method)&#xa;	at java.base/jdk.internal.reflect.NativeMethodAccessorImpl.invoke(NativeMethodAccessorImpl.java:77)&#xa;	at java.base/jdk.internal.reflect.DelegatingMethodAccessorImpl.invoke(DelegatingMethodAccessorImpl.java:43)&#xa;	at org.openqa.selenium.support.events.EventFiringWebDriver$EventFiringWebElement.lambda$new$0(EventFiringWebDriver.java:404)&#xa;	at jdk.proxy2/jdk.proxy2.$Proxy21.sendKeys(Unknown Source)&#xa;	at org.openqa.selenium.support.events.EventFiringWebDriver$EventFiringWebElement.sendKeys(EventFiringWebDriver.java:429)&#xa;	at com.kms.katalon.core.webui.keyword.builtin.SetTextKeyword$_setText_closure1.doCall(SetTextKeyword.groovy:71)&#xa;	at com.kms.katalon.core.webui.keyword.builtin.SetTextKeyword$_setText_closure1.call(SetTextKeyword.groovy)&#xa;	at com.kms.katalon.core.webui.keyword.internal.WebUIKeywordMain.runKeyword(WebUIKeywordMain.groovy:35)&#xa;	... 20 more&#xa;"/>
         <system-out><![CDATA[28-10-2024T10:11:51 - [TEST_CASE][FAILED] - Test Cases/Specific Cases/LS/General/Calendar/Events_Creation/Future Events Creation/Future_Calendar_Groups: Test Cases/Specific Cases/LS/General/Calendar/Events_Creation/Future Events Creation/Future_Calendar_Groups FAILED.
Reason:
com.kms.katalon.core.exception.StepFailedException: Unable to set text '1.2' of object 'Object Repository/Specific Cases Repository/LS/Home/Calendar/Calendar_Events/Calendar_Events_Creation/Group/Page_Calendar/input_Loading_select2-search__field'
	at com.kms.katalon.core.webui.keyword.internal.WebUIKeywordMain.stepFailed(WebUIKeywordMain.groovy:117)
	at com.kms.katalon.core.webui.keyword.internal.WebUIKeywordMain.runKeyword(WebUIKeywordMain.groovy:43)
	at com.kms.katalon.core.webui.keyword.builtin.SetTextKeyword.setText(SetTextKeyword.groovy:85)
	at com.kms.katalon.core.webui.keyword.builtin.SetTextKeyword.execute(SetTextKeyword.groovy:39)
	at com.kms.katalon.core.keyword.internal.KeywordExecutor.executeKeywordForPlatform(KeywordExecutor.groovy:74)
	at com.kms.katalon.core.webui.keyword.WebUiBuiltInKeywords.setText(WebUiBuiltInKeywords.groovy:1019)
	at Future_Calendar_Groups.run(Future_Calendar_Groups:32)
	at com.kms.katalon.core.main.ScriptEngine.run(ScriptEngine.java:194)
	at com.kms.katalon.core.main.ScriptEngine.runScriptAsRawText(ScriptEngine.java:119)
	at com.kms.katalon.core.main.TestCaseExecutor.runScript(TestCaseExecutor.java:448)
	at com.kms.katalon.core.main.TestCaseExecutor.doExecute(TestCaseExecutor.java:439)
	at com.kms.katalon.core.main.TestCaseExecutor.processExecutionPhase(TestCaseExecutor.java:418)
	at com.kms.katalon.core.main.TestCaseExecutor.accessMainPhase(TestCaseExecutor.java:410)
	at com.kms.katalon.core.main.TestCaseExecutor.execute(TestCaseExecutor.java:285)
	at com.kms.katalon.core.common.CommonExecutor.accessTestCaseMainPhase(CommonExecutor.java:65)
	at com.kms.katalon.core.main.TestSuiteExecutor.accessTestSuiteMainPhase(TestSuiteExecutor.java:150)
	at com.kms.katalon.core.main.TestSuiteExecutor.execute(TestSuiteExecutor.java:106)
	at com.kms.katalon.core.main.TestCaseMain.startTestSuite(TestCaseMain.java:180)
	at TempTestSuite1730128240063.run(TempTestSuite1730128240063.groovy:35)
	at java.base/jdk.internal.reflect.NativeMethodAccessorImpl.invoke0(Native Method)
	at java.base/jdk.internal.reflect.NativeMethodAccessorImpl.invoke(NativeMethodAccessorImpl.java:77)
	at java.base/jdk.internal.reflect.DelegatingMethodAccessorImpl.invoke(DelegatingMethodAccessorImpl.java:43)
Caused by: org.openqa.selenium.ElementNotInteractableException: element not interactable
  (Session info: chrome=130.0.6723.70)
Build info: version: '3.141.59', revision: 'unknown', time: 'unknown'
System info: host: 'ENRIQUE', ip: '192.168.100.147', os.name: 'Windows 11', os.arch: 'amd64', os.version: '10.0', java.version: '17.0.7'
Driver info: com.kms.katalon.selenium.driver.CChromeDriver
Capabilities {acceptInsecureCerts: false, browserName: chrome, browserVersion: 130.0.6723.70, chrome: {chromedriverVersion: 130.0.6723.69 (3ec172b971b9..., userDataDir: C:\Users\Enrique\AppData\Lo...}, fedcm:accounts: true, goog:chromeOptions: {debuggerAddress: localhost:61367}, javascriptEnabled: true, networkConnectionEnabled: false, pageLoadStrategy: normal, platform: WINDOWS, platformName: WINDOWS, proxy: Proxy(), setWindowRect: true, strictFileInteractability: false, timeouts: {implicit: 0, pageLoad: 300000, script: 30000}, unhandledPromptBehavior: dismiss and notify, webauthn:extension:credBlob: true, webauthn:extension:largeBlob: true, webauthn:extension:minPinLength: true, webauthn:extension:prf: true, webauthn:virtualAuthenticators: true}
Session ID: 7cc5e415041f01269f57bfd5cd34b9ee
	at java.base/jdk.internal.reflect.NativeConstructorAccessorImpl.newInstance0(Native Method)
	at java.base/jdk.internal.reflect.NativeConstructorAccessorImpl.newInstance(NativeConstructorAccessorImpl.java:77)
	at java.base/jdk.internal.reflect.DelegatingConstructorAccessorImpl.newInstance(DelegatingConstructorAccessorImpl.java:45)
	at org.openqa.selenium.remote.http.W3CHttpResponseCodec.createException(W3CHttpResponseCodec.java:187)
	at org.openqa.selenium.remote.http.W3CHttpResponseCodec.decode(W3CHttpResponseCodec.java:122)
	at org.openqa.selenium.remote.http.W3CHttpResponseCodec.decode(W3CHttpResponseCodec.java:49)
	at org.openqa.selenium.remote.HttpCommandExecutor.execute(HttpCommandExecutor.java:158)
	at org.openqa.selenium.remote.service.DriverCommandExecutor.execute(DriverCommandExecutor.java:83)
	at org.openqa.selenium.remote.RemoteWebDriver.execute(RemoteWebDriver.java:552)
	at com.kms.katalon.selenium.driver.CChromeDriver.execute(CChromeDriver.java:19)
	at org.openqa.selenium.remote.RemoteWebElement.execute(RemoteWebElement.java:285)
	at org.openqa.selenium.remote.RemoteWebElement.sendKeys(RemoteWebElement.java:106)
	at java.base/jdk.internal.reflect.NativeMethodAccessorImpl.invoke0(Native Method)
	at java.base/jdk.internal.reflect.NativeMethodAccessorImpl.invoke(NativeMethodAccessorImpl.java:77)
	at java.base/jdk.internal.reflect.DelegatingMethodAccessorImpl.invoke(DelegatingMethodAccessorImpl.java:43)
	at org.openqa.selenium.support.events.EventFiringWebDriver$EventFiringWebElement.lambda$new$0(EventFiringWebDriver.java:404)
	at jdk.proxy2/jdk.proxy2.$Proxy21.sendKeys(Unknown Source)
	at org.openqa.selenium.support.events.EventFiringWebDriver$EventFiringWebElement.sendKeys(EventFiringWebDriver.java:429)
	at com.kms.katalon.core.webui.keyword.builtin.SetTextKeyword$_setText_closure1.doCall(SetTextKeyword.groovy:71)
	at com.kms.katalon.core.webui.keyword.builtin.SetTextKeyword$_setText_closure1.call(SetTextKeyword.groovy)
	at com.kms.katalon.core.webui.keyword.internal.WebUIKeywordMain.runKeyword(WebUIKeywordMain.groovy:35)
	... 20 more


28-10-2024T10:11:52 - [TEST_STEP][PASSED] - callTestCase(findTestCase("Common Cases/Login"), [:], STOP_ON_FAILURE): Call Test Case 'Test Cases/Common Cases/Login' successfully

28-10-2024T10:11:52 - [TEST_CASE][PASSED] - Test Cases/Common Cases/Login: Test Cases/Common Cases/Login

28-10-2024T10:11:52 - [TEST_STEP][PASSED] - openBrowser(""): Browser is opened with url: ''

28-10-2024T10:11:52 - [MESSAGE][WARNING] - A browser is already opened. Closing browser and opening a new one

28-10-2024T10:11:52 - [MESSAGE][INFO] - Starting 'Chrome' driver

28-10-2024T10:11:52 - [MESSAGE][INFO] - Action delay is set to 0 milliseconds

28-10-2024T10:11:52 - [MESSAGE][PASSED] - Browser is opened with url: ''

28-10-2024T10:11:52 - [TEST_STEP][PASSED] - maximizeWindow(): Current window maximized

28-10-2024T10:11:52 - [MESSAGE][PASSED] - Current window maximized

28-10-2024T10:11:52 - [TEST_STEP][PASSED] - navigateToUrl("https://site17.lsapp.cloud/auth/login"): Navigate to 'https://site17.lsapp.cloud/auth/login' successfully

28-10-2024T10:11:54 - [MESSAGE][PASSED] - Navigate to 'https://site17.lsapp.cloud/auth/login' successfully

28-10-2024T10:11:54 - [TEST_STEP][PASSED] - setText(findTestObject("Object Repository/Common Cases Repository/Login/Page_Lightning Step/input_Email_email"), "automation@lightningstep.com"): Text 'automation@lightningstep.com' is set on object 'Object Repository/Common Cases Repository/Login/Page_Lightning Step/input_Email_email'

28-10-2024T10:11:55 - [MESSAGE][PASSED] - Text 'automation@lightningstep.com' is set on object 'Object Repository/Common Cases Repository/Login/Page_Lightning Step/input_Email_email'

28-10-2024T10:11:55 - [TEST_STEP][PASSED] - setEncryptedText(findTestObject("Object Repository/Common Cases Repository/Login/Page_Lightning Step/input_Password_password"), "e5N8VHmnhJDITtQaQhDQDw=="): Text ****** has been set on object 'Object Repository/Common Cases Repository/Login/Page_Lightning Step/input_Password_password'

28-10-2024T10:11:55 - [MESSAGE][PASSED] - Text ****** has been set on object 'Object Repository/Common Cases Repository/Login/Page_Lightning Step/input_Password_password'

28-10-2024T10:11:55 - [TEST_STEP][PASSED] - click(findTestObject("Object Repository/Common Cases Repository/Login/Page_Lightning Step/button_Sign in")): Object: 'Object Repository/Common Cases Repository/Login/Page_Lightning Step/button_Sign in' is clicked on

28-10-2024T10:12:02 - [MESSAGE][PASSED] - Object: 'Object Repository/Common Cases Repository/Login/Page_Lightning Step/button_Sign in' is clicked on

28-10-2024T10:12:02 - [MESSAGE][PASSED] - Call Test Case 'Test Cases/Common Cases/Login' successfully

28-10-2024T10:12:02 - [TEST_STEP][PASSED] - click(findTestObject("Object Repository/Specific Cases Repository/LS/Home/Calendar/Calendar_Events/Calendar_Events_Creation/Group/Page_Home/a_Calendar")): Object: 'Object Repository/Specific Cases Repository/LS/Home/Calendar/Calendar_Events/Calendar_Events_Creation/Group/Page_Home/a_Calendar' is clicked on

28-10-2024T10:12:05 - [MESSAGE][PASSED] - Object: 'Object Repository/Specific Cases Repository/LS/Home/Calendar/Calendar_Events/Calendar_Events_Creation/Group/Page_Home/a_Calendar' is clicked on

28-10-2024T10:12:05 - [TEST_STEP][PASSED] - click(findTestObject("Object Repository/Specific Cases Repository/LS/Home/Calendar/Calendar_Events/Calendar_Events_Creation/Appointment/Page_Calendar/div_Week")): Object: 'Object Repository/Specific Cases Repository/LS/Home/Calendar/Calendar_Events/Calendar_Events_Creation/Appointment/Page_Calendar/div_Week' is clicked on

28-10-2024T10:12:06 - [MESSAGE][PASSED] - Object: 'Object Repository/Specific Cases Repository/LS/Home/Calendar/Calendar_Events/Calendar_Events_Creation/Appointment/Page_Calendar/div_Week' is clicked on

28-10-2024T10:12:06 - [TEST_STEP][PASSED] - click(findTestObject("Object Repository/Specific Cases Repository/LS/Home/Calendar/Calendar_Events/Calendar_Events_Creation/Group/Page_Calendar/button_Create new")): Object: 'Object Repository/Specific Cases Repository/LS/Home/Calendar/Calendar_Events/Calendar_Events_Creation/Group/Page_Calendar/button_Create new' is clicked on

28-10-2024T10:12:06 - [MESSAGE][PASSED] - Object: 'Object Repository/Specific Cases Repository/LS/Home/Calendar/Calendar_Events/Calendar_Events_Creation/Group/Page_Calendar/button_Create new' is clicked on

28-10-2024T10:12:06 - [TEST_STEP][PASSED] - click(findTestObject("Object Repository/Specific Cases Repository/LS/Home/Calendar/Calendar_Events/Calendar_Events_Creation/Group/Page_Calendar/label_Group")): Object: 'Object Repository/Specific Cases Repository/LS/Home/Calendar/Calendar_Events/Calendar_Events_Creation/Group/Page_Calendar/label_Group' is clicked on

28-10-2024T10:12:08 - [MESSAGE][PASSED] - Object: 'Object Repository/Specific Cases Repository/LS/Home/Calendar/Calendar_Events/Calendar_Events_Creation/Group/Page_Calendar/label_Group' is clicked on

28-10-2024T10:12:08 - [TEST_STEP][PASSED] - click(findTestObject("Object Repository/Specific Cases Repository/LS/Home/Calendar/Calendar_Events/Calendar_Events_Creation/Group/Page_Calendar/Groups Selector")): Object: 'Object Repository/Specific Cases Repository/LS/Home/Calendar/Calendar_Events/Calendar_Events_Creation/Group/Page_Calendar/Groups Selector' is clicked on

28-10-2024T10:12:09 - [MESSAGE][PASSED] - Object: 'Object Repository/Specific Cases Repository/LS/Home/Calendar/Calendar_Events/Calendar_Events_Creation/Group/Page_Calendar/Groups Selector' is clicked on

28-10-2024T10:12:09 - [TEST_STEP][FAILED] - setText(findTestObject("Object Repository/Specific Cases Repository/LS/Home/Calendar/Calendar_Events/Calendar_Events_Creation/Group/Page_Calendar/input_Loading_select2-search__field"), "1.2"): Unable to set text '1.2' of object 'Object Repository/Specific Cases Repository/LS/Home/Calendar/Calendar_Events/Calendar_Events_Creation/Group/Page_Calendar/input_Loading_select2-search__field' (Root cause: com.kms.katalon.core.exception.StepFailedException: Unable to set text '1.2' of object 'Object Repository/Specific Cases Repository/LS/Home/Calendar/Calendar_Events/Calendar_Events_Creation/Group/Page_Calendar/input_Loading_select2-search__field'
	at com.kms.katalon.core.webui.keyword.internal.WebUIKeywordMain.stepFailed(WebUIKeywordMain.groovy:117)
	at com.kms.katalon.core.webui.keyword.internal.WebUIKeywordMain.runKeyword(WebUIKeywordMain.groovy:43)
	at com.kms.katalon.core.webui.keyword.builtin.SetTextKeyword.setText(SetTextKeyword.groovy:85)
	at com.kms.katalon.core.webui.keyword.builtin.SetTextKeyword.execute(SetTextKeyword.groovy:39)
	at com.kms.katalon.core.keyword.internal.KeywordExecutor.executeKeywordForPlatform(KeywordExecutor.groovy:74)
	at com.kms.katalon.core.webui.keyword.WebUiBuiltInKeywords.setText(WebUiBuiltInKeywords.groovy:1019)
	at Future_Calendar_Groups.run(Future_Calendar_Groups:32)
	at com.kms.katalon.core.main.ScriptEngine.run(ScriptEngine.java:194)
	at com.kms.katalon.core.main.ScriptEngine.runScriptAsRawText(ScriptEngine.java:119)
	at com.kms.katalon.core.main.TestCaseExecutor.runScript(TestCaseExecutor.java:448)
	at com.kms.katalon.core.main.TestCaseExecutor.doExecute(TestCaseExecutor.java:439)
	at com.kms.katalon.core.main.TestCaseExecutor.processExecutionPhase(TestCaseExecutor.java:418)
	at com.kms.katalon.core.main.TestCaseExecutor.accessMainPhase(TestCaseExecutor.java:410)
	at com.kms.katalon.core.main.TestCaseExecutor.execute(TestCaseExecutor.java:285)
	at com.kms.katalon.core.common.CommonExecutor.accessTestCaseMainPhase(CommonExecutor.java:65)
	at com.kms.katalon.core.main.TestSuiteExecutor.accessTestSuiteMainPhase(TestSuiteExecutor.java:150)
	at com.kms.katalon.core.main.TestSuiteExecutor.execute(TestSuiteExecutor.java:106)
	at com.kms.katalon.core.main.TestCaseMain.startTestSuite(TestCaseMain.java:180)
	at TempTestSuite1730128240063.run(TempTestSuite1730128240063.groovy:35)
	at java.base/jdk.internal.reflect.NativeMethodAccessorImpl.invoke0(Native Method)
	at java.base/jdk.internal.reflect.NativeMethodAccessorImpl.invoke(NativeMethodAccessorImpl.java:77)
	at java.base/jdk.internal.reflect.DelegatingMethodAccessorImpl.invoke(DelegatingMethodAccessorImpl.java:43)
Caused by: org.openqa.selenium.ElementNotInteractableException: element not interactable
  (Session info: chrome=130.0.6723.70)
Build info: version: '3.141.59', revision: 'unknown', time: 'unknown'
System info: host: 'ENRIQUE', ip: '192.168.100.147', os.name: 'Windows 11', os.arch: 'amd64', os.version: '10.0', java.version: '17.0.7'
Driver info: com.kms.katalon.selenium.driver.CChromeDriver
Capabilities {acceptInsecureCerts: false, browserName: chrome, browserVersion: 130.0.6723.70, chrome: {chromedriverVersion: 130.0.6723.69 (3ec172b971b9..., userDataDir: C:\Users\Enrique\AppData\Lo...}, fedcm:accounts: true, goog:chromeOptions: {debuggerAddress: localhost:61367}, javascriptEnabled: true, networkConnectionEnabled: false, pageLoadStrategy: normal, platform: WINDOWS, platformName: WINDOWS, proxy: Proxy(), setWindowRect: true, strictFileInteractability: false, timeouts: {implicit: 0, pageLoad: 300000, script: 30000}, unhandledPromptBehavior: dismiss and notify, webauthn:extension:credBlob: true, webauthn:extension:largeBlob: true, webauthn:extension:minPinLength: true, webauthn:extension:prf: true, webauthn:virtualAuthenticators: true}
Session ID: 7cc5e415041f01269f57bfd5cd34b9ee
	at java.base/jdk.internal.reflect.NativeConstructorAccessorImpl.newInstance0(Native Method)
	at java.base/jdk.internal.reflect.NativeConstructorAccessorImpl.newInstance(NativeConstructorAccessorImpl.java:77)
	at java.base/jdk.internal.reflect.DelegatingConstructorAccessorImpl.newInstance(DelegatingConstructorAccessorImpl.java:45)
	at org.openqa.selenium.remote.http.W3CHttpResponseCodec.createException(W3CHttpResponseCodec.java:187)
	at org.openqa.selenium.remote.http.W3CHttpResponseCodec.decode(W3CHttpResponseCodec.java:122)
	at org.openqa.selenium.remote.http.W3CHttpResponseCodec.decode(W3CHttpResponseCodec.java:49)
	at org.openqa.selenium.remote.HttpCommandExecutor.execute(HttpCommandExecutor.java:158)
	at org.openqa.selenium.remote.service.DriverCommandExecutor.execute(DriverCommandExecutor.java:83)
	at org.openqa.selenium.remote.RemoteWebDriver.execute(RemoteWebDriver.java:552)
	at com.kms.katalon.selenium.driver.CChromeDriver.execute(CChromeDriver.java:19)
	at org.openqa.selenium.remote.RemoteWebElement.execute(RemoteWebElement.java:285)
	at org.openqa.selenium.remote.RemoteWebElement.sendKeys(RemoteWebElement.java:106)
	at java.base/jdk.internal.reflect.NativeMethodAccessorImpl.invoke0(Native Method)
	at java.base/jdk.internal.reflect.NativeMethodAccessorImpl.invoke(NativeMethodAccessorImpl.java:77)
	at java.base/jdk.internal.reflect.DelegatingMethodAccessorImpl.invoke(DelegatingMethodAccessorImpl.java:43)
	at org.openqa.selenium.support.events.EventFiringWebDriver$EventFiringWebElement.lambda$new$0(EventFiringWebDriver.java:404)
	at jdk.proxy2/jdk.proxy2.$Proxy21.sendKeys(Unknown Source)
	at org.openqa.selenium.support.events.EventFiringWebDriver$EventFiringWebElement.sendKeys(EventFiringWebDriver.java:429)
	at com.kms.katalon.core.webui.keyword.builtin.SetTextKeyword$_setText_closure1.doCall(SetTextKeyword.groovy:71)
	at com.kms.katalon.core.webui.keyword.builtin.SetTextKeyword$_setText_closure1.call(SetTextKeyword.groovy)
	at com.kms.katalon.core.webui.keyword.internal.WebUIKeywordMain.runKeyword(WebUIKeywordMain.groovy:35)
	at com.kms.katalon.core.webui.keyword.builtin.SetTextKeyword.setText(SetTextKeyword.groovy:85)
	at com.kms.katalon.core.webui.keyword.builtin.SetTextKeyword.execute(SetTextKeyword.groovy:39)
	at com.kms.katalon.core.keyword.internal.KeywordExecutor.executeKeywordForPlatform(KeywordExecutor.groovy:74)
	at com.kms.katalon.core.webui.keyword.WebUiBuiltInKeywords.setText(WebUiBuiltInKeywords.groovy:1019)
	at Script1727458510258.run(Script1727458510258.groovy:32)
	... 15 more
)

28-10-2024T10:12:09 - [MESSAGE][FAILED] - Unable to set text '1.2' of object 'Object Repository/Specific Cases Repository/LS/Home/Calendar/Calendar_Events/Calendar_Events_Creation/Group/Page_Calendar/input_Loading_select2-search__field' (Root cause: com.kms.katalon.core.exception.StepFailedException: Unable to set text '1.2' of object 'Object Repository/Specific Cases Repository/LS/Home/Calendar/Calendar_Events/Calendar_Events_Creation/Group/Page_Calendar/input_Loading_select2-search__field'
	at com.kms.katalon.core.webui.keyword.internal.WebUIKeywordMain.stepFailed(WebUIKeywordMain.groovy:117)
	at com.kms.katalon.core.webui.keyword.internal.WebUIKeywordMain.runKeyword(WebUIKeywordMain.groovy:43)
	at com.kms.katalon.core.webui.keyword.builtin.SetTextKeyword.setText(SetTextKeyword.groovy:85)
	at com.kms.katalon.core.webui.keyword.builtin.SetTextKeyword.execute(SetTextKeyword.groovy:39)
	at com.kms.katalon.core.keyword.internal.KeywordExecutor.executeKeywordForPlatform(KeywordExecutor.groovy:74)
	at com.kms.katalon.core.webui.keyword.WebUiBuiltInKeywords.setText(WebUiBuiltInKeywords.groovy:1019)
	at Future_Calendar_Groups.run(Future_Calendar_Groups:32)
	at com.kms.katalon.core.main.ScriptEngine.run(ScriptEngine.java:194)
	at com.kms.katalon.core.main.ScriptEngine.runScriptAsRawText(ScriptEngine.java:119)
	at com.kms.katalon.core.main.TestCaseExecutor.runScript(TestCaseExecutor.java:448)
	at com.kms.katalon.core.main.TestCaseExecutor.doExecute(TestCaseExecutor.java:439)
	at com.kms.katalon.core.main.TestCaseExecutor.processExecutionPhase(TestCaseExecutor.java:418)
	at com.kms.katalon.core.main.TestCaseExecutor.accessMainPhase(TestCaseExecutor.java:410)
	at com.kms.katalon.core.main.TestCaseExecutor.execute(TestCaseExecutor.java:285)
	at com.kms.katalon.core.common.CommonExecutor.accessTestCaseMainPhase(CommonExecutor.java:65)
	at com.kms.katalon.core.main.TestSuiteExecutor.accessTestSuiteMainPhase(TestSuiteExecutor.java:150)
	at com.kms.katalon.core.main.TestSuiteExecutor.execute(TestSuiteExecutor.java:106)
	at com.kms.katalon.core.main.TestCaseMain.startTestSuite(TestCaseMain.java:180)
	at TempTestSuite1730128240063.run(TempTestSuite1730128240063.groovy:35)
	at java.base/jdk.internal.reflect.NativeMethodAccessorImpl.invoke0(Native Method)
	at java.base/jdk.internal.reflect.NativeMethodAccessorImpl.invoke(NativeMethodAccessorImpl.java:77)
	at java.base/jdk.internal.reflect.DelegatingMethodAccessorImpl.invoke(DelegatingMethodAccessorImpl.java:43)
Caused by: org.openqa.selenium.ElementNotInteractableException: element not interactable
  (Session info: chrome=130.0.6723.70)
Build info: version: '3.141.59', revision: 'unknown', time: 'unknown'
System info: host: 'ENRIQUE', ip: '192.168.100.147', os.name: 'Windows 11', os.arch: 'amd64', os.version: '10.0', java.version: '17.0.7'
Driver info: com.kms.katalon.selenium.driver.CChromeDriver
Capabilities {acceptInsecureCerts: false, browserName: chrome, browserVersion: 130.0.6723.70, chrome: {chromedriverVersion: 130.0.6723.69 (3ec172b971b9..., userDataDir: C:\Users\Enrique\AppData\Lo...}, fedcm:accounts: true, goog:chromeOptions: {debuggerAddress: localhost:61367}, javascriptEnabled: true, networkConnectionEnabled: false, pageLoadStrategy: normal, platform: WINDOWS, platformName: WINDOWS, proxy: Proxy(), setWindowRect: true, strictFileInteractability: false, timeouts: {implicit: 0, pageLoad: 300000, script: 30000}, unhandledPromptBehavior: dismiss and notify, webauthn:extension:credBlob: true, webauthn:extension:largeBlob: true, webauthn:extension:minPinLength: true, webauthn:extension:prf: true, webauthn:virtualAuthenticators: true}
Session ID: 7cc5e415041f01269f57bfd5cd34b9ee
	at java.base/jdk.internal.reflect.NativeConstructorAccessorImpl.newInstance0(Native Method)
	at java.base/jdk.internal.reflect.NativeConstructorAccessorImpl.newInstance(NativeConstructorAccessorImpl.java:77)
	at java.base/jdk.internal.reflect.DelegatingConstructorAccessorImpl.newInstance(DelegatingConstructorAccessorImpl.java:45)
	at org.openqa.selenium.remote.http.W3CHttpResponseCodec.createException(W3CHttpResponseCodec.java:187)
	at org.openqa.selenium.remote.http.W3CHttpResponseCodec.decode(W3CHttpResponseCodec.java:122)
	at org.openqa.selenium.remote.http.W3CHttpResponseCodec.decode(W3CHttpResponseCodec.java:49)
	at org.openqa.selenium.remote.HttpCommandExecutor.execute(HttpCommandExecutor.java:158)
	at org.openqa.selenium.remote.service.DriverCommandExecutor.execute(DriverCommandExecutor.java:83)
	at org.openqa.selenium.remote.RemoteWebDriver.execute(RemoteWebDriver.java:552)
	at com.kms.katalon.selenium.driver.CChromeDriver.execute(CChromeDriver.java:19)
	at org.openqa.selenium.remote.RemoteWebElement.execute(RemoteWebElement.java:285)
	at org.openqa.selenium.remote.RemoteWebElement.sendKeys(RemoteWebElement.java:106)
	at java.base/jdk.internal.reflect.NativeMethodAccessorImpl.invoke0(Native Method)
	at java.base/jdk.internal.reflect.NativeMethodAccessorImpl.invoke(NativeMethodAccessorImpl.java:77)
	at java.base/jdk.internal.reflect.DelegatingMethodAccessorImpl.invoke(DelegatingMethodAccessorImpl.java:43)
	at org.openqa.selenium.support.events.EventFiringWebDriver$EventFiringWebElement.lambda$new$0(EventFiringWebDriver.java:404)
	at jdk.proxy2/jdk.proxy2.$Proxy21.sendKeys(Unknown Source)
	at org.openqa.selenium.support.events.EventFiringWebDriver$EventFiringWebElement.sendKeys(EventFiringWebDriver.java:429)
	at com.kms.katalon.core.webui.keyword.builtin.SetTextKeyword$_setText_closure1.doCall(SetTextKeyword.groovy:71)
	at com.kms.katalon.core.webui.keyword.builtin.SetTextKeyword$_setText_closure1.call(SetTextKeyword.groovy)
	at com.kms.katalon.core.webui.keyword.internal.WebUIKeywordMain.runKeyword(WebUIKeywordMain.groovy:35)
	at com.kms.katalon.core.webui.keyword.builtin.SetTextKeyword.setText(SetTextKeyword.groovy:85)
	at com.kms.katalon.core.webui.keyword.builtin.SetTextKeyword.execute(SetTextKeyword.groovy:39)
	at com.kms.katalon.core.keyword.internal.KeywordExecutor.executeKeywordForPlatform(KeywordExecutor.groovy:74)
	at com.kms.katalon.core.webui.keyword.WebUiBuiltInKeywords.setText(WebUiBuiltInKeywords.groovy:1019)
	at Script1727458510258.run(Script1727458510258.groovy:32)
	... 15 more
)]]></system-out>
         <system-err><![CDATA[28-10-2024T10:11:51 - [TEST_CASE][FAILED] - Test Cases/Specific Cases/LS/General/Calendar/Events_Creation/Future Events Creation/Future_Calendar_Groups: Test Cases/Specific Cases/LS/General/Calendar/Events_Creation/Future Events Creation/Future_Calendar_Groups FAILED.
Reason:
com.kms.katalon.core.exception.StepFailedException: Unable to set text '1.2' of object 'Object Repository/Specific Cases Repository/LS/Home/Calendar/Calendar_Events/Calendar_Events_Creation/Group/Page_Calendar/input_Loading_select2-search__field'
	at com.kms.katalon.core.webui.keyword.internal.WebUIKeywordMain.stepFailed(WebUIKeywordMain.groovy:117)
	at com.kms.katalon.core.webui.keyword.internal.WebUIKeywordMain.runKeyword(WebUIKeywordMain.groovy:43)
	at com.kms.katalon.core.webui.keyword.builtin.SetTextKeyword.setText(SetTextKeyword.groovy:85)
	at com.kms.katalon.core.webui.keyword.builtin.SetTextKeyword.execute(SetTextKeyword.groovy:39)
	at com.kms.katalon.core.keyword.internal.KeywordExecutor.executeKeywordForPlatform(KeywordExecutor.groovy:74)
	at com.kms.katalon.core.webui.keyword.WebUiBuiltInKeywords.setText(WebUiBuiltInKeywords.groovy:1019)
	at Future_Calendar_Groups.run(Future_Calendar_Groups:32)
	at com.kms.katalon.core.main.ScriptEngine.run(ScriptEngine.java:194)
	at com.kms.katalon.core.main.ScriptEngine.runScriptAsRawText(ScriptEngine.java:119)
	at com.kms.katalon.core.main.TestCaseExecutor.runScript(TestCaseExecutor.java:448)
	at com.kms.katalon.core.main.TestCaseExecutor.doExecute(TestCaseExecutor.java:439)
	at com.kms.katalon.core.main.TestCaseExecutor.processExecutionPhase(TestCaseExecutor.java:418)
	at com.kms.katalon.core.main.TestCaseExecutor.accessMainPhase(TestCaseExecutor.java:410)
	at com.kms.katalon.core.main.TestCaseExecutor.execute(TestCaseExecutor.java:285)
	at com.kms.katalon.core.common.CommonExecutor.accessTestCaseMainPhase(CommonExecutor.java:65)
	at com.kms.katalon.core.main.TestSuiteExecutor.accessTestSuiteMainPhase(TestSuiteExecutor.java:150)
	at com.kms.katalon.core.main.TestSuiteExecutor.execute(TestSuiteExecutor.java:106)
	at com.kms.katalon.core.main.TestCaseMain.startTestSuite(TestCaseMain.java:180)
	at TempTestSuite1730128240063.run(TempTestSuite1730128240063.groovy:35)
	at java.base/jdk.internal.reflect.NativeMethodAccessorImpl.invoke0(Native Method)
	at java.base/jdk.internal.reflect.NativeMethodAccessorImpl.invoke(NativeMethodAccessorImpl.java:77)
	at java.base/jdk.internal.reflect.DelegatingMethodAccessorImpl.invoke(DelegatingMethodAccessorImpl.java:43)
Caused by: org.openqa.selenium.ElementNotInteractableException: element not interactable
  (Session info: chrome=130.0.6723.70)
Build info: version: '3.141.59', revision: 'unknown', time: 'unknown'
System info: host: 'ENRIQUE', ip: '192.168.100.147', os.name: 'Windows 11', os.arch: 'amd64', os.version: '10.0', java.version: '17.0.7'
Driver info: com.kms.katalon.selenium.driver.CChromeDriver
Capabilities {acceptInsecureCerts: false, browserName: chrome, browserVersion: 130.0.6723.70, chrome: {chromedriverVersion: 130.0.6723.69 (3ec172b971b9..., userDataDir: C:\Users\Enrique\AppData\Lo...}, fedcm:accounts: true, goog:chromeOptions: {debuggerAddress: localhost:61367}, javascriptEnabled: true, networkConnectionEnabled: false, pageLoadStrategy: normal, platform: WINDOWS, platformName: WINDOWS, proxy: Proxy(), setWindowRect: true, strictFileInteractability: false, timeouts: {implicit: 0, pageLoad: 300000, script: 30000}, unhandledPromptBehavior: dismiss and notify, webauthn:extension:credBlob: true, webauthn:extension:largeBlob: true, webauthn:extension:minPinLength: true, webauthn:extension:prf: true, webauthn:virtualAuthenticators: true}
Session ID: 7cc5e415041f01269f57bfd5cd34b9ee
	at java.base/jdk.internal.reflect.NativeConstructorAccessorImpl.newInstance0(Native Method)
	at java.base/jdk.internal.reflect.NativeConstructorAccessorImpl.newInstance(NativeConstructorAccessorImpl.java:77)
	at java.base/jdk.internal.reflect.DelegatingConstructorAccessorImpl.newInstance(DelegatingConstructorAccessorImpl.java:45)
	at org.openqa.selenium.remote.http.W3CHttpResponseCodec.createException(W3CHttpResponseCodec.java:187)
	at org.openqa.selenium.remote.http.W3CHttpResponseCodec.decode(W3CHttpResponseCodec.java:122)
	at org.openqa.selenium.remote.http.W3CHttpResponseCodec.decode(W3CHttpResponseCodec.java:49)
	at org.openqa.selenium.remote.HttpCommandExecutor.execute(HttpCommandExecutor.java:158)
	at org.openqa.selenium.remote.service.DriverCommandExecutor.execute(DriverCommandExecutor.java:83)
	at org.openqa.selenium.remote.RemoteWebDriver.execute(RemoteWebDriver.java:552)
	at com.kms.katalon.selenium.driver.CChromeDriver.execute(CChromeDriver.java:19)
	at org.openqa.selenium.remote.RemoteWebElement.execute(RemoteWebElement.java:285)
	at org.openqa.selenium.remote.RemoteWebElement.sendKeys(RemoteWebElement.java:106)
	at java.base/jdk.internal.reflect.NativeMethodAccessorImpl.invoke0(Native Method)
	at java.base/jdk.internal.reflect.NativeMethodAccessorImpl.invoke(NativeMethodAccessorImpl.java:77)
	at java.base/jdk.internal.reflect.DelegatingMethodAccessorImpl.invoke(DelegatingMethodAccessorImpl.java:43)
	at org.openqa.selenium.support.events.EventFiringWebDriver$EventFiringWebElement.lambda$new$0(EventFiringWebDriver.java:404)
	at jdk.proxy2/jdk.proxy2.$Proxy21.sendKeys(Unknown Source)
	at org.openqa.selenium.support.events.EventFiringWebDriver$EventFiringWebElement.sendKeys(EventFiringWebDriver.java:429)
	at com.kms.katalon.core.webui.keyword.builtin.SetTextKeyword$_setText_closure1.doCall(SetTextKeyword.groovy:71)
	at com.kms.katalon.core.webui.keyword.builtin.SetTextKeyword$_setText_closure1.call(SetTextKeyword.groovy)
	at com.kms.katalon.core.webui.keyword.internal.WebUIKeywordMain.runKeyword(WebUIKeywordMain.groovy:35)
	... 20 more]]></system-err>
      </testcase>
      <testcase name="Test Cases/Specific Cases/LS/General/Calendar/Events_Creation/Past Events Creation/Past_Calendar_Appointment" time="17.951" classname="Test Cases/Specific Cases/LS/General/Calendar/Events_Creation/Past Events Creation/Past_Calendar_Appointment" status="FAILED">
         <failure type="FAILED" message="Test Cases/Specific Cases/LS/General/Calendar/Events_Creation/Past Events Creation/Past_Calendar_Appointment FAILED.&#xa;Reason:&#xa;com.kms.katalon.core.exception.StepFailedException: Unable to set text 'B Auto' of object 'Object Repository/Specific Cases Repository/LS/Home/Calendar/Calendar_Events/Calendar_Events_Creation/Appointment/Page_Calendar/Patien Name'&#xa;	at com.kms.katalon.core.webui.keyword.internal.WebUIKeywordMain.stepFailed(WebUIKeywordMain.groovy:117)&#xa;	at com.kms.katalon.core.webui.keyword.internal.WebUIKeywordMain.runKeyword(WebUIKeywordMain.groovy:43)&#xa;	at com.kms.katalon.core.webui.keyword.builtin.SetTextKeyword.setText(SetTextKeyword.groovy:85)&#xa;	at com.kms.katalon.core.webui.keyword.builtin.SetTextKeyword.execute(SetTextKeyword.groovy:39)&#xa;	at com.kms.katalon.core.keyword.internal.KeywordExecutor.executeKeywordForPlatform(KeywordExecutor.groovy:74)&#xa;	at com.kms.katalon.core.webui.keyword.WebUiBuiltInKeywords.setText(WebUiBuiltInKeywords.groovy:1019)&#xa;	at Past_Calendar_Appointment.run(Past_Calendar_Appointment:32)&#xa;	at com.kms.katalon.core.main.ScriptEngine.run(ScriptEngine.java:194)&#xa;	at com.kms.katalon.core.main.ScriptEngine.runScriptAsRawText(ScriptEngine.java:119)&#xa;	at com.kms.katalon.core.main.TestCaseExecutor.runScript(TestCaseExecutor.java:448)&#xa;	at com.kms.katalon.core.main.TestCaseExecutor.doExecute(TestCaseExecutor.java:439)&#xa;	at com.kms.katalon.core.main.TestCaseExecutor.processExecutionPhase(TestCaseExecutor.java:418)&#xa;	at com.kms.katalon.core.main.TestCaseExecutor.accessMainPhase(TestCaseExecutor.java:410)&#xa;	at com.kms.katalon.core.main.TestCaseExecutor.execute(TestCaseExecutor.java:285)&#xa;	at com.kms.katalon.core.common.CommonExecutor.accessTestCaseMainPhase(CommonExecutor.java:65)&#xa;	at com.kms.katalon.core.main.TestSuiteExecutor.accessTestSuiteMainPhase(TestSuiteExecutor.java:150)&#xa;	at com.kms.katalon.core.main.TestSuiteExecutor.execute(TestSuiteExecutor.java:106)&#xa;	at com.kms.katalon.core.main.TestCaseMain.startTestSuite(TestCaseMain.java:180)&#xa;	at TempTestSuite1730128240063.run(TempTestSuite1730128240063.groovy:35)&#xa;	at java.base/jdk.internal.reflect.NativeMethodAccessorImpl.invoke0(Native Method)&#xa;	at java.base/jdk.internal.reflect.NativeMethodAccessorImpl.invoke(NativeMethodAccessorImpl.java:77)&#xa;	at java.base/jdk.internal.reflect.DelegatingMethodAccessorImpl.invoke(DelegatingMethodAccessorImpl.java:43)&#xa;Caused by: org.openqa.selenium.ElementNotInteractableException: element not interactable&#xa;  (Session info: chrome=130.0.6723.70)&#xa;Build info: version: '3.141.59', revision: 'unknown', time: 'unknown'&#xa;System info: host: 'ENRIQUE', ip: '192.168.100.147', os.name: 'Windows 11', os.arch: 'amd64', os.version: '10.0', java.version: '17.0.7'&#xa;Driver info: com.kms.katalon.selenium.driver.CChromeDriver&#xa;Capabilities {acceptInsecureCerts: false, browserName: chrome, browserVersion: 130.0.6723.70, chrome: {chromedriverVersion: 130.0.6723.69 (3ec172b971b9..., userDataDir: C:\Users\Enrique\AppData\Lo...}, fedcm:accounts: true, goog:chromeOptions: {debuggerAddress: localhost:61401}, javascriptEnabled: true, networkConnectionEnabled: false, pageLoadStrategy: normal, platform: WINDOWS, platformName: WINDOWS, proxy: Proxy(), setWindowRect: true, strictFileInteractability: false, timeouts: {implicit: 0, pageLoad: 300000, script: 30000}, unhandledPromptBehavior: dismiss and notify, webauthn:extension:credBlob: true, webauthn:extension:largeBlob: true, webauthn:extension:minPinLength: true, webauthn:extension:prf: true, webauthn:virtualAuthenticators: true}&#xa;Session ID: eaba506270baf5a841bf53c260d9e604&#xa;	at java.base/jdk.internal.reflect.NativeConstructorAccessorImpl.newInstance0(Native Method)&#xa;	at java.base/jdk.internal.reflect.NativeConstructorAccessorImpl.newInstance(NativeConstructorAccessorImpl.java:77)&#xa;	at java.base/jdk.internal.reflect.DelegatingConstructorAccessorImpl.newInstance(DelegatingConstructorAccessorImpl.java:45)&#xa;	at org.openqa.selenium.remote.http.W3CHttpResponseCodec.createException(W3CHttpResponseCodec.java:187)&#xa;	at org.openqa.selenium.remote.http.W3CHttpResponseCodec.decode(W3CHttpResponseCodec.java:122)&#xa;	at org.openqa.selenium.remote.http.W3CHttpResponseCodec.decode(W3CHttpResponseCodec.java:49)&#xa;	at org.openqa.selenium.remote.HttpCommandExecutor.execute(HttpCommandExecutor.java:158)&#xa;	at org.openqa.selenium.remote.service.DriverCommandExecutor.execute(DriverCommandExecutor.java:83)&#xa;	at org.openqa.selenium.remote.RemoteWebDriver.execute(RemoteWebDriver.java:552)&#xa;	at com.kms.katalon.selenium.driver.CChromeDriver.execute(CChromeDriver.java:19)&#xa;	at org.openqa.selenium.remote.RemoteWebElement.execute(RemoteWebElement.java:285)&#xa;	at org.openqa.selenium.remote.RemoteWebElement.sendKeys(RemoteWebElement.java:106)&#xa;	at jdk.internal.reflect.GeneratedMethodAccessor19.invoke(Unknown Source)&#xa;	at java.base/jdk.internal.reflect.DelegatingMethodAccessorImpl.invoke(DelegatingMethodAccessorImpl.java:43)&#xa;	at org.openqa.selenium.support.events.EventFiringWebDriver$EventFiringWebElement.lambda$new$0(EventFiringWebDriver.java:404)&#xa;	at jdk.proxy2/jdk.proxy2.$Proxy21.sendKeys(Unknown Source)&#xa;	at org.openqa.selenium.support.events.EventFiringWebDriver$EventFiringWebElement.sendKeys(EventFiringWebDriver.java:429)&#xa;	at com.kms.katalon.core.webui.keyword.builtin.SetTextKeyword$_setText_closure1.doCall(SetTextKeyword.groovy:71)&#xa;	at com.kms.katalon.core.webui.keyword.builtin.SetTextKeyword$_setText_closure1.call(SetTextKeyword.groovy)&#xa;	at com.kms.katalon.core.webui.keyword.internal.WebUIKeywordMain.runKeyword(WebUIKeywordMain.groovy:35)&#xa;	... 20 more&#xa;"/>
         <system-out><![CDATA[28-10-2024T10:12:09 - [TEST_CASE][FAILED] - Test Cases/Specific Cases/LS/General/Calendar/Events_Creation/Past Events Creation/Past_Calendar_Appointment: Test Cases/Specific Cases/LS/General/Calendar/Events_Creation/Past Events Creation/Past_Calendar_Appointment FAILED.
Reason:
com.kms.katalon.core.exception.StepFailedException: Unable to set text 'B Auto' of object 'Object Repository/Specific Cases Repository/LS/Home/Calendar/Calendar_Events/Calendar_Events_Creation/Appointment/Page_Calendar/Patien Name'
	at com.kms.katalon.core.webui.keyword.internal.WebUIKeywordMain.stepFailed(WebUIKeywordMain.groovy:117)
	at com.kms.katalon.core.webui.keyword.internal.WebUIKeywordMain.runKeyword(WebUIKeywordMain.groovy:43)
	at com.kms.katalon.core.webui.keyword.builtin.SetTextKeyword.setText(SetTextKeyword.groovy:85)
	at com.kms.katalon.core.webui.keyword.builtin.SetTextKeyword.execute(SetTextKeyword.groovy:39)
	at com.kms.katalon.core.keyword.internal.KeywordExecutor.executeKeywordForPlatform(KeywordExecutor.groovy:74)
	at com.kms.katalon.core.webui.keyword.WebUiBuiltInKeywords.setText(WebUiBuiltInKeywords.groovy:1019)
	at Past_Calendar_Appointment.run(Past_Calendar_Appointment:32)
	at com.kms.katalon.core.main.ScriptEngine.run(ScriptEngine.java:194)
	at com.kms.katalon.core.main.ScriptEngine.runScriptAsRawText(ScriptEngine.java:119)
	at com.kms.katalon.core.main.TestCaseExecutor.runScript(TestCaseExecutor.java:448)
	at com.kms.katalon.core.main.TestCaseExecutor.doExecute(TestCaseExecutor.java:439)
	at com.kms.katalon.core.main.TestCaseExecutor.processExecutionPhase(TestCaseExecutor.java:418)
	at com.kms.katalon.core.main.TestCaseExecutor.accessMainPhase(TestCaseExecutor.java:410)
	at com.kms.katalon.core.main.TestCaseExecutor.execute(TestCaseExecutor.java:285)
	at com.kms.katalon.core.common.CommonExecutor.accessTestCaseMainPhase(CommonExecutor.java:65)
	at com.kms.katalon.core.main.TestSuiteExecutor.accessTestSuiteMainPhase(TestSuiteExecutor.java:150)
	at com.kms.katalon.core.main.TestSuiteExecutor.execute(TestSuiteExecutor.java:106)
	at com.kms.katalon.core.main.TestCaseMain.startTestSuite(TestCaseMain.java:180)
	at TempTestSuite1730128240063.run(TempTestSuite1730128240063.groovy:35)
	at java.base/jdk.internal.reflect.NativeMethodAccessorImpl.invoke0(Native Method)
	at java.base/jdk.internal.reflect.NativeMethodAccessorImpl.invoke(NativeMethodAccessorImpl.java:77)
	at java.base/jdk.internal.reflect.DelegatingMethodAccessorImpl.invoke(DelegatingMethodAccessorImpl.java:43)
Caused by: org.openqa.selenium.ElementNotInteractableException: element not interactable
  (Session info: chrome=130.0.6723.70)
Build info: version: '3.141.59', revision: 'unknown', time: 'unknown'
System info: host: 'ENRIQUE', ip: '192.168.100.147', os.name: 'Windows 11', os.arch: 'amd64', os.version: '10.0', java.version: '17.0.7'
Driver info: com.kms.katalon.selenium.driver.CChromeDriver
Capabilities {acceptInsecureCerts: false, browserName: chrome, browserVersion: 130.0.6723.70, chrome: {chromedriverVersion: 130.0.6723.69 (3ec172b971b9..., userDataDir: C:\Users\Enrique\AppData\Lo...}, fedcm:accounts: true, goog:chromeOptions: {debuggerAddress: localhost:61401}, javascriptEnabled: true, networkConnectionEnabled: false, pageLoadStrategy: normal, platform: WINDOWS, platformName: WINDOWS, proxy: Proxy(), setWindowRect: true, strictFileInteractability: false, timeouts: {implicit: 0, pageLoad: 300000, script: 30000}, unhandledPromptBehavior: dismiss and notify, webauthn:extension:credBlob: true, webauthn:extension:largeBlob: true, webauthn:extension:minPinLength: true, webauthn:extension:prf: true, webauthn:virtualAuthenticators: true}
Session ID: eaba506270baf5a841bf53c260d9e604
	at java.base/jdk.internal.reflect.NativeConstructorAccessorImpl.newInstance0(Native Method)
	at java.base/jdk.internal.reflect.NativeConstructorAccessorImpl.newInstance(NativeConstructorAccessorImpl.java:77)
	at java.base/jdk.internal.reflect.DelegatingConstructorAccessorImpl.newInstance(DelegatingConstructorAccessorImpl.java:45)
	at org.openqa.selenium.remote.http.W3CHttpResponseCodec.createException(W3CHttpResponseCodec.java:187)
	at org.openqa.selenium.remote.http.W3CHttpResponseCodec.decode(W3CHttpResponseCodec.java:122)
	at org.openqa.selenium.remote.http.W3CHttpResponseCodec.decode(W3CHttpResponseCodec.java:49)
	at org.openqa.selenium.remote.HttpCommandExecutor.execute(HttpCommandExecutor.java:158)
	at org.openqa.selenium.remote.service.DriverCommandExecutor.execute(DriverCommandExecutor.java:83)
	at org.openqa.selenium.remote.RemoteWebDriver.execute(RemoteWebDriver.java:552)
	at com.kms.katalon.selenium.driver.CChromeDriver.execute(CChromeDriver.java:19)
	at org.openqa.selenium.remote.RemoteWebElement.execute(RemoteWebElement.java:285)
	at org.openqa.selenium.remote.RemoteWebElement.sendKeys(RemoteWebElement.java:106)
	at jdk.internal.reflect.GeneratedMethodAccessor19.invoke(Unknown Source)
	at java.base/jdk.internal.reflect.DelegatingMethodAccessorImpl.invoke(DelegatingMethodAccessorImpl.java:43)
	at org.openqa.selenium.support.events.EventFiringWebDriver$EventFiringWebElement.lambda$new$0(EventFiringWebDriver.java:404)
	at jdk.proxy2/jdk.proxy2.$Proxy21.sendKeys(Unknown Source)
	at org.openqa.selenium.support.events.EventFiringWebDriver$EventFiringWebElement.sendKeys(EventFiringWebDriver.java:429)
	at com.kms.katalon.core.webui.keyword.builtin.SetTextKeyword$_setText_closure1.doCall(SetTextKeyword.groovy:71)
	at com.kms.katalon.core.webui.keyword.builtin.SetTextKeyword$_setText_closure1.call(SetTextKeyword.groovy)
	at com.kms.katalon.core.webui.keyword.internal.WebUIKeywordMain.runKeyword(WebUIKeywordMain.groovy:35)
	... 20 more


28-10-2024T10:12:10 - [TEST_STEP][PASSED] - callTestCase(findTestCase("Common Cases/Login"), [:], STOP_ON_FAILURE): Call Test Case 'Test Cases/Common Cases/Login' successfully

28-10-2024T10:12:10 - [TEST_CASE][PASSED] - Test Cases/Common Cases/Login: Test Cases/Common Cases/Login

28-10-2024T10:12:10 - [TEST_STEP][PASSED] - openBrowser(""): Browser is opened with url: ''

28-10-2024T10:12:10 - [MESSAGE][WARNING] - A browser is already opened. Closing browser and opening a new one

28-10-2024T10:12:10 - [MESSAGE][INFO] - Starting 'Chrome' driver

28-10-2024T10:12:10 - [MESSAGE][INFO] - Action delay is set to 0 milliseconds

28-10-2024T10:12:10 - [MESSAGE][PASSED] - Browser is opened with url: ''

28-10-2024T10:12:10 - [TEST_STEP][PASSED] - maximizeWindow(): Current window maximized

28-10-2024T10:12:10 - [MESSAGE][PASSED] - Current window maximized

28-10-2024T10:12:10 - [TEST_STEP][PASSED] - navigateToUrl("https://site17.lsapp.cloud/auth/login"): Navigate to 'https://site17.lsapp.cloud/auth/login' successfully

28-10-2024T10:12:12 - [MESSAGE][PASSED] - Navigate to 'https://site17.lsapp.cloud/auth/login' successfully

28-10-2024T10:12:12 - [TEST_STEP][PASSED] - setText(findTestObject("Object Repository/Common Cases Repository/Login/Page_Lightning Step/input_Email_email"), "automation@lightningstep.com"): Text 'automation@lightningstep.com' is set on object 'Object Repository/Common Cases Repository/Login/Page_Lightning Step/input_Email_email'

28-10-2024T10:12:13 - [MESSAGE][PASSED] - Text 'automation@lightningstep.com' is set on object 'Object Repository/Common Cases Repository/Login/Page_Lightning Step/input_Email_email'

28-10-2024T10:12:13 - [TEST_STEP][PASSED] - setEncryptedText(findTestObject("Object Repository/Common Cases Repository/Login/Page_Lightning Step/input_Password_password"), "e5N8VHmnhJDITtQaQhDQDw=="): Text ****** has been set on object 'Object Repository/Common Cases Repository/Login/Page_Lightning Step/input_Password_password'

28-10-2024T10:12:14 - [MESSAGE][PASSED] - Text ****** has been set on object 'Object Repository/Common Cases Repository/Login/Page_Lightning Step/input_Password_password'

28-10-2024T10:12:14 - [TEST_STEP][PASSED] - click(findTestObject("Object Repository/Common Cases Repository/Login/Page_Lightning Step/button_Sign in")): Object: 'Object Repository/Common Cases Repository/Login/Page_Lightning Step/button_Sign in' is clicked on

28-10-2024T10:12:19 - [MESSAGE][PASSED] - Object: 'Object Repository/Common Cases Repository/Login/Page_Lightning Step/button_Sign in' is clicked on

28-10-2024T10:12:19 - [MESSAGE][PASSED] - Call Test Case 'Test Cases/Common Cases/Login' successfully

28-10-2024T10:12:19 - [TEST_STEP][PASSED] - click(findTestObject("Object Repository/Specific Cases Repository/LS/Home/Calendar/Calendar_Events/Calendar_Events_Creation/Page_Home/a_Calendar")): Object: 'Object Repository/Specific Cases Repository/LS/Home/Calendar/Calendar_Events/Calendar_Events_Creation/Page_Home/a_Calendar' is clicked on

28-10-2024T10:12:24 - [MESSAGE][PASSED] - Object: 'Object Repository/Specific Cases Repository/LS/Home/Calendar/Calendar_Events/Calendar_Events_Creation/Page_Home/a_Calendar' is clicked on

28-10-2024T10:12:24 - [TEST_STEP][PASSED] - click(findTestObject("Object Repository/Specific Cases Repository/LS/Home/Calendar/Calendar_Events/Calendar_Events_Creation/Appointment/Page_Calendar/div_Week")): Object: 'Object Repository/Specific Cases Repository/LS/Home/Calendar/Calendar_Events/Calendar_Events_Creation/Appointment/Page_Calendar/div_Week' is clicked on

28-10-2024T10:12:25 - [MESSAGE][PASSED] - Object: 'Object Repository/Specific Cases Repository/LS/Home/Calendar/Calendar_Events/Calendar_Events_Creation/Appointment/Page_Calendar/div_Week' is clicked on

28-10-2024T10:12:25 - [TEST_STEP][PASSED] - click(findTestObject("Object Repository/Specific Cases Repository/LS/Home/Calendar/Calendar_Events/Calendar_Events_Creation/Appointment/Page_Calendar/button_Create new")): Object: 'Object Repository/Specific Cases Repository/LS/Home/Calendar/Calendar_Events/Calendar_Events_Creation/Appointment/Page_Calendar/button_Create new' is clicked on

28-10-2024T10:12:25 - [MESSAGE][PASSED] - Object: 'Object Repository/Specific Cases Repository/LS/Home/Calendar/Calendar_Events/Calendar_Events_Creation/Appointment/Page_Calendar/button_Create new' is clicked on

28-10-2024T10:12:25 - [TEST_STEP][PASSED] - click(findTestObject("Object Repository/Specific Cases Repository/LS/Home/Calendar/Calendar_Events/Calendar_Events_Creation/Appointment/Page_Calendar/label_Appointment")): Object: 'Object Repository/Specific Cases Repository/LS/Home/Calendar/Calendar_Events/Calendar_Events_Creation/Appointment/Page_Calendar/label_Appointment' is clicked on

28-10-2024T10:12:26 - [MESSAGE][PASSED] - Object: 'Object Repository/Specific Cases Repository/LS/Home/Calendar/Calendar_Events/Calendar_Events_Creation/Appointment/Page_Calendar/label_Appointment' is clicked on

28-10-2024T10:12:26 - [TEST_STEP][PASSED] - click(findTestObject("Object Repository/Specific Cases Repository/LS/Home/Calendar/Calendar_Events/Calendar_Events_Creation/Appointment/Page_Calendar/span_Select Client")): Object: 'Object Repository/Specific Cases Repository/LS/Home/Calendar/Calendar_Events/Calendar_Events_Creation/Appointment/Page_Calendar/span_Select Client' is clicked on

28-10-2024T10:12:27 - [MESSAGE][PASSED] - Object: 'Object Repository/Specific Cases Repository/LS/Home/Calendar/Calendar_Events/Calendar_Events_Creation/Appointment/Page_Calendar/span_Select Client' is clicked on

28-10-2024T10:12:27 - [TEST_STEP][FAILED] - setText(findTestObject("Object Repository/Specific Cases Repository/LS/Home/Calendar/Calendar_Events/Calendar_Events_Creation/Appointment/Page_Calendar/Patien Name"), "B Auto"): Unable to set text 'B Auto' of object 'Object Repository/Specific Cases Repository/LS/Home/Calendar/Calendar_Events/Calendar_Events_Creation/Appointment/Page_Calendar/Patien Name' (Root cause: com.kms.katalon.core.exception.StepFailedException: Unable to set text 'B Auto' of object 'Object Repository/Specific Cases Repository/LS/Home/Calendar/Calendar_Events/Calendar_Events_Creation/Appointment/Page_Calendar/Patien Name'
	at com.kms.katalon.core.webui.keyword.internal.WebUIKeywordMain.stepFailed(WebUIKeywordMain.groovy:117)
	at com.kms.katalon.core.webui.keyword.internal.WebUIKeywordMain.runKeyword(WebUIKeywordMain.groovy:43)
	at com.kms.katalon.core.webui.keyword.builtin.SetTextKeyword.setText(SetTextKeyword.groovy:85)
	at com.kms.katalon.core.webui.keyword.builtin.SetTextKeyword.execute(SetTextKeyword.groovy:39)
	at com.kms.katalon.core.keyword.internal.KeywordExecutor.executeKeywordForPlatform(KeywordExecutor.groovy:74)
	at com.kms.katalon.core.webui.keyword.WebUiBuiltInKeywords.setText(WebUiBuiltInKeywords.groovy:1019)
	at Past_Calendar_Appointment.run(Past_Calendar_Appointment:32)
	at com.kms.katalon.core.main.ScriptEngine.run(ScriptEngine.java:194)
	at com.kms.katalon.core.main.ScriptEngine.runScriptAsRawText(ScriptEngine.java:119)
	at com.kms.katalon.core.main.TestCaseExecutor.runScript(TestCaseExecutor.java:448)
	at com.kms.katalon.core.main.TestCaseExecutor.doExecute(TestCaseExecutor.java:439)
	at com.kms.katalon.core.main.TestCaseExecutor.processExecutionPhase(TestCaseExecutor.java:418)
	at com.kms.katalon.core.main.TestCaseExecutor.accessMainPhase(TestCaseExecutor.java:410)
	at com.kms.katalon.core.main.TestCaseExecutor.execute(TestCaseExecutor.java:285)
	at com.kms.katalon.core.common.CommonExecutor.accessTestCaseMainPhase(CommonExecutor.java:65)
	at com.kms.katalon.core.main.TestSuiteExecutor.accessTestSuiteMainPhase(TestSuiteExecutor.java:150)
	at com.kms.katalon.core.main.TestSuiteExecutor.execute(TestSuiteExecutor.java:106)
	at com.kms.katalon.core.main.TestCaseMain.startTestSuite(TestCaseMain.java:180)
	at TempTestSuite1730128240063.run(TempTestSuite1730128240063.groovy:35)
	at java.base/jdk.internal.reflect.NativeMethodAccessorImpl.invoke0(Native Method)
	at java.base/jdk.internal.reflect.NativeMethodAccessorImpl.invoke(NativeMethodAccessorImpl.java:77)
	at java.base/jdk.internal.reflect.DelegatingMethodAccessorImpl.invoke(DelegatingMethodAccessorImpl.java:43)
Caused by: org.openqa.selenium.ElementNotInteractableException: element not interactable
  (Session info: chrome=130.0.6723.70)
Build info: version: '3.141.59', revision: 'unknown', time: 'unknown'
System info: host: 'ENRIQUE', ip: '192.168.100.147', os.name: 'Windows 11', os.arch: 'amd64', os.version: '10.0', java.version: '17.0.7'
Driver info: com.kms.katalon.selenium.driver.CChromeDriver
Capabilities {acceptInsecureCerts: false, browserName: chrome, browserVersion: 130.0.6723.70, chrome: {chromedriverVersion: 130.0.6723.69 (3ec172b971b9..., userDataDir: C:\Users\Enrique\AppData\Lo...}, fedcm:accounts: true, goog:chromeOptions: {debuggerAddress: localhost:61401}, javascriptEnabled: true, networkConnectionEnabled: false, pageLoadStrategy: normal, platform: WINDOWS, platformName: WINDOWS, proxy: Proxy(), setWindowRect: true, strictFileInteractability: false, timeouts: {implicit: 0, pageLoad: 300000, script: 30000}, unhandledPromptBehavior: dismiss and notify, webauthn:extension:credBlob: true, webauthn:extension:largeBlob: true, webauthn:extension:minPinLength: true, webauthn:extension:prf: true, webauthn:virtualAuthenticators: true}
Session ID: eaba506270baf5a841bf53c260d9e604
	at java.base/jdk.internal.reflect.NativeConstructorAccessorImpl.newInstance0(Native Method)
	at java.base/jdk.internal.reflect.NativeConstructorAccessorImpl.newInstance(NativeConstructorAccessorImpl.java:77)
	at java.base/jdk.internal.reflect.DelegatingConstructorAccessorImpl.newInstance(DelegatingConstructorAccessorImpl.java:45)
	at org.openqa.selenium.remote.http.W3CHttpResponseCodec.createException(W3CHttpResponseCodec.java:187)
	at org.openqa.selenium.remote.http.W3CHttpResponseCodec.decode(W3CHttpResponseCodec.java:122)
	at org.openqa.selenium.remote.http.W3CHttpResponseCodec.decode(W3CHttpResponseCodec.java:49)
	at org.openqa.selenium.remote.HttpCommandExecutor.execute(HttpCommandExecutor.java:158)
	at org.openqa.selenium.remote.service.DriverCommandExecutor.execute(DriverCommandExecutor.java:83)
	at org.openqa.selenium.remote.RemoteWebDriver.execute(RemoteWebDriver.java:552)
	at com.kms.katalon.selenium.driver.CChromeDriver.execute(CChromeDriver.java:19)
	at org.openqa.selenium.remote.RemoteWebElement.execute(RemoteWebElement.java:285)
	at org.openqa.selenium.remote.RemoteWebElement.sendKeys(RemoteWebElement.java:106)
	at jdk.internal.reflect.GeneratedMethodAccessor19.invoke(Unknown Source)
	at java.base/jdk.internal.reflect.DelegatingMethodAccessorImpl.invoke(DelegatingMethodAccessorImpl.java:43)
	at org.openqa.selenium.support.events.EventFiringWebDriver$EventFiringWebElement.lambda$new$0(EventFiringWebDriver.java:404)
	at jdk.proxy2/jdk.proxy2.$Proxy21.sendKeys(Unknown Source)
	at org.openqa.selenium.support.events.EventFiringWebDriver$EventFiringWebElement.sendKeys(EventFiringWebDriver.java:429)
	at com.kms.katalon.core.webui.keyword.builtin.SetTextKeyword$_setText_closure1.doCall(SetTextKeyword.groovy:71)
	at com.kms.katalon.core.webui.keyword.builtin.SetTextKeyword$_setText_closure1.call(SetTextKeyword.groovy)
	at com.kms.katalon.core.webui.keyword.internal.WebUIKeywordMain.runKeyword(WebUIKeywordMain.groovy:35)
	at com.kms.katalon.core.webui.keyword.builtin.SetTextKeyword.setText(SetTextKeyword.groovy:85)
	at com.kms.katalon.core.webui.keyword.builtin.SetTextKeyword.execute(SetTextKeyword.groovy:39)
	at com.kms.katalon.core.keyword.internal.KeywordExecutor.executeKeywordForPlatform(KeywordExecutor.groovy:74)
	at com.kms.katalon.core.webui.keyword.WebUiBuiltInKeywords.setText(WebUiBuiltInKeywords.groovy:1019)
	at Script1727458510267.run(Script1727458510267.groovy:32)
	... 15 more
)

28-10-2024T10:12:27 - [MESSAGE][FAILED] - Unable to set text 'B Auto' of object 'Object Repository/Specific Cases Repository/LS/Home/Calendar/Calendar_Events/Calendar_Events_Creation/Appointment/Page_Calendar/Patien Name' (Root cause: com.kms.katalon.core.exception.StepFailedException: Unable to set text 'B Auto' of object 'Object Repository/Specific Cases Repository/LS/Home/Calendar/Calendar_Events/Calendar_Events_Creation/Appointment/Page_Calendar/Patien Name'
	at com.kms.katalon.core.webui.keyword.internal.WebUIKeywordMain.stepFailed(WebUIKeywordMain.groovy:117)
	at com.kms.katalon.core.webui.keyword.internal.WebUIKeywordMain.runKeyword(WebUIKeywordMain.groovy:43)
	at com.kms.katalon.core.webui.keyword.builtin.SetTextKeyword.setText(SetTextKeyword.groovy:85)
	at com.kms.katalon.core.webui.keyword.builtin.SetTextKeyword.execute(SetTextKeyword.groovy:39)
	at com.kms.katalon.core.keyword.internal.KeywordExecutor.executeKeywordForPlatform(KeywordExecutor.groovy:74)
	at com.kms.katalon.core.webui.keyword.WebUiBuiltInKeywords.setText(WebUiBuiltInKeywords.groovy:1019)
	at Past_Calendar_Appointment.run(Past_Calendar_Appointment:32)
	at com.kms.katalon.core.main.ScriptEngine.run(ScriptEngine.java:194)
	at com.kms.katalon.core.main.ScriptEngine.runScriptAsRawText(ScriptEngine.java:119)
	at com.kms.katalon.core.main.TestCaseExecutor.runScript(TestCaseExecutor.java:448)
	at com.kms.katalon.core.main.TestCaseExecutor.doExecute(TestCaseExecutor.java:439)
	at com.kms.katalon.core.main.TestCaseExecutor.processExecutionPhase(TestCaseExecutor.java:418)
	at com.kms.katalon.core.main.TestCaseExecutor.accessMainPhase(TestCaseExecutor.java:410)
	at com.kms.katalon.core.main.TestCaseExecutor.execute(TestCaseExecutor.java:285)
	at com.kms.katalon.core.common.CommonExecutor.accessTestCaseMainPhase(CommonExecutor.java:65)
	at com.kms.katalon.core.main.TestSuiteExecutor.accessTestSuiteMainPhase(TestSuiteExecutor.java:150)
	at com.kms.katalon.core.main.TestSuiteExecutor.execute(TestSuiteExecutor.java:106)
	at com.kms.katalon.core.main.TestCaseMain.startTestSuite(TestCaseMain.java:180)
	at TempTestSuite1730128240063.run(TempTestSuite1730128240063.groovy:35)
	at java.base/jdk.internal.reflect.NativeMethodAccessorImpl.invoke0(Native Method)
	at java.base/jdk.internal.reflect.NativeMethodAccessorImpl.invoke(NativeMethodAccessorImpl.java:77)
	at java.base/jdk.internal.reflect.DelegatingMethodAccessorImpl.invoke(DelegatingMethodAccessorImpl.java:43)
Caused by: org.openqa.selenium.ElementNotInteractableException: element not interactable
  (Session info: chrome=130.0.6723.70)
Build info: version: '3.141.59', revision: 'unknown', time: 'unknown'
System info: host: 'ENRIQUE', ip: '192.168.100.147', os.name: 'Windows 11', os.arch: 'amd64', os.version: '10.0', java.version: '17.0.7'
Driver info: com.kms.katalon.selenium.driver.CChromeDriver
Capabilities {acceptInsecureCerts: false, browserName: chrome, browserVersion: 130.0.6723.70, chrome: {chromedriverVersion: 130.0.6723.69 (3ec172b971b9..., userDataDir: C:\Users\Enrique\AppData\Lo...}, fedcm:accounts: true, goog:chromeOptions: {debuggerAddress: localhost:61401}, javascriptEnabled: true, networkConnectionEnabled: false, pageLoadStrategy: normal, platform: WINDOWS, platformName: WINDOWS, proxy: Proxy(), setWindowRect: true, strictFileInteractability: false, timeouts: {implicit: 0, pageLoad: 300000, script: 30000}, unhandledPromptBehavior: dismiss and notify, webauthn:extension:credBlob: true, webauthn:extension:largeBlob: true, webauthn:extension:minPinLength: true, webauthn:extension:prf: true, webauthn:virtualAuthenticators: true}
Session ID: eaba506270baf5a841bf53c260d9e604
	at java.base/jdk.internal.reflect.NativeConstructorAccessorImpl.newInstance0(Native Method)
	at java.base/jdk.internal.reflect.NativeConstructorAccessorImpl.newInstance(NativeConstructorAccessorImpl.java:77)
	at java.base/jdk.internal.reflect.DelegatingConstructorAccessorImpl.newInstance(DelegatingConstructorAccessorImpl.java:45)
	at org.openqa.selenium.remote.http.W3CHttpResponseCodec.createException(W3CHttpResponseCodec.java:187)
	at org.openqa.selenium.remote.http.W3CHttpResponseCodec.decode(W3CHttpResponseCodec.java:122)
	at org.openqa.selenium.remote.http.W3CHttpResponseCodec.decode(W3CHttpResponseCodec.java:49)
	at org.openqa.selenium.remote.HttpCommandExecutor.execute(HttpCommandExecutor.java:158)
	at org.openqa.selenium.remote.service.DriverCommandExecutor.execute(DriverCommandExecutor.java:83)
	at org.openqa.selenium.remote.RemoteWebDriver.execute(RemoteWebDriver.java:552)
	at com.kms.katalon.selenium.driver.CChromeDriver.execute(CChromeDriver.java:19)
	at org.openqa.selenium.remote.RemoteWebElement.execute(RemoteWebElement.java:285)
	at org.openqa.selenium.remote.RemoteWebElement.sendKeys(RemoteWebElement.java:106)
	at jdk.internal.reflect.GeneratedMethodAccessor19.invoke(Unknown Source)
	at java.base/jdk.internal.reflect.DelegatingMethodAccessorImpl.invoke(DelegatingMethodAccessorImpl.java:43)
	at org.openqa.selenium.support.events.EventFiringWebDriver$EventFiringWebElement.lambda$new$0(EventFiringWebDriver.java:404)
	at jdk.proxy2/jdk.proxy2.$Proxy21.sendKeys(Unknown Source)
	at org.openqa.selenium.support.events.EventFiringWebDriver$EventFiringWebElement.sendKeys(EventFiringWebDriver.java:429)
	at com.kms.katalon.core.webui.keyword.builtin.SetTextKeyword$_setText_closure1.doCall(SetTextKeyword.groovy:71)
	at com.kms.katalon.core.webui.keyword.builtin.SetTextKeyword$_setText_closure1.call(SetTextKeyword.groovy)
	at com.kms.katalon.core.webui.keyword.internal.WebUIKeywordMain.runKeyword(WebUIKeywordMain.groovy:35)
	at com.kms.katalon.core.webui.keyword.builtin.SetTextKeyword.setText(SetTextKeyword.groovy:85)
	at com.kms.katalon.core.webui.keyword.builtin.SetTextKeyword.execute(SetTextKeyword.groovy:39)
	at com.kms.katalon.core.keyword.internal.KeywordExecutor.executeKeywordForPlatform(KeywordExecutor.groovy:74)
	at com.kms.katalon.core.webui.keyword.WebUiBuiltInKeywords.setText(WebUiBuiltInKeywords.groovy:1019)
	at Script1727458510267.run(Script1727458510267.groovy:32)
	... 15 more
)]]></system-out>
         <system-err><![CDATA[28-10-2024T10:12:09 - [TEST_CASE][FAILED] - Test Cases/Specific Cases/LS/General/Calendar/Events_Creation/Past Events Creation/Past_Calendar_Appointment: Test Cases/Specific Cases/LS/General/Calendar/Events_Creation/Past Events Creation/Past_Calendar_Appointment FAILED.
Reason:
com.kms.katalon.core.exception.StepFailedException: Unable to set text 'B Auto' of object 'Object Repository/Specific Cases Repository/LS/Home/Calendar/Calendar_Events/Calendar_Events_Creation/Appointment/Page_Calendar/Patien Name'
	at com.kms.katalon.core.webui.keyword.internal.WebUIKeywordMain.stepFailed(WebUIKeywordMain.groovy:117)
	at com.kms.katalon.core.webui.keyword.internal.WebUIKeywordMain.runKeyword(WebUIKeywordMain.groovy:43)
	at com.kms.katalon.core.webui.keyword.builtin.SetTextKeyword.setText(SetTextKeyword.groovy:85)
	at com.kms.katalon.core.webui.keyword.builtin.SetTextKeyword.execute(SetTextKeyword.groovy:39)
	at com.kms.katalon.core.keyword.internal.KeywordExecutor.executeKeywordForPlatform(KeywordExecutor.groovy:74)
	at com.kms.katalon.core.webui.keyword.WebUiBuiltInKeywords.setText(WebUiBuiltInKeywords.groovy:1019)
	at Past_Calendar_Appointment.run(Past_Calendar_Appointment:32)
	at com.kms.katalon.core.main.ScriptEngine.run(ScriptEngine.java:194)
	at com.kms.katalon.core.main.ScriptEngine.runScriptAsRawText(ScriptEngine.java:119)
	at com.kms.katalon.core.main.TestCaseExecutor.runScript(TestCaseExecutor.java:448)
	at com.kms.katalon.core.main.TestCaseExecutor.doExecute(TestCaseExecutor.java:439)
	at com.kms.katalon.core.main.TestCaseExecutor.processExecutionPhase(TestCaseExecutor.java:418)
	at com.kms.katalon.core.main.TestCaseExecutor.accessMainPhase(TestCaseExecutor.java:410)
	at com.kms.katalon.core.main.TestCaseExecutor.execute(TestCaseExecutor.java:285)
	at com.kms.katalon.core.common.CommonExecutor.accessTestCaseMainPhase(CommonExecutor.java:65)
	at com.kms.katalon.core.main.TestSuiteExecutor.accessTestSuiteMainPhase(TestSuiteExecutor.java:150)
	at com.kms.katalon.core.main.TestSuiteExecutor.execute(TestSuiteExecutor.java:106)
	at com.kms.katalon.core.main.TestCaseMain.startTestSuite(TestCaseMain.java:180)
	at TempTestSuite1730128240063.run(TempTestSuite1730128240063.groovy:35)
	at java.base/jdk.internal.reflect.NativeMethodAccessorImpl.invoke0(Native Method)
	at java.base/jdk.internal.reflect.NativeMethodAccessorImpl.invoke(NativeMethodAccessorImpl.java:77)
	at java.base/jdk.internal.reflect.DelegatingMethodAccessorImpl.invoke(DelegatingMethodAccessorImpl.java:43)
Caused by: org.openqa.selenium.ElementNotInteractableException: element not interactable
  (Session info: chrome=130.0.6723.70)
Build info: version: '3.141.59', revision: 'unknown', time: 'unknown'
System info: host: 'ENRIQUE', ip: '192.168.100.147', os.name: 'Windows 11', os.arch: 'amd64', os.version: '10.0', java.version: '17.0.7'
Driver info: com.kms.katalon.selenium.driver.CChromeDriver
Capabilities {acceptInsecureCerts: false, browserName: chrome, browserVersion: 130.0.6723.70, chrome: {chromedriverVersion: 130.0.6723.69 (3ec172b971b9..., userDataDir: C:\Users\Enrique\AppData\Lo...}, fedcm:accounts: true, goog:chromeOptions: {debuggerAddress: localhost:61401}, javascriptEnabled: true, networkConnectionEnabled: false, pageLoadStrategy: normal, platform: WINDOWS, platformName: WINDOWS, proxy: Proxy(), setWindowRect: true, strictFileInteractability: false, timeouts: {implicit: 0, pageLoad: 300000, script: 30000}, unhandledPromptBehavior: dismiss and notify, webauthn:extension:credBlob: true, webauthn:extension:largeBlob: true, webauthn:extension:minPinLength: true, webauthn:extension:prf: true, webauthn:virtualAuthenticators: true}
Session ID: eaba506270baf5a841bf53c260d9e604
	at java.base/jdk.internal.reflect.NativeConstructorAccessorImpl.newInstance0(Native Method)
	at java.base/jdk.internal.reflect.NativeConstructorAccessorImpl.newInstance(NativeConstructorAccessorImpl.java:77)
	at java.base/jdk.internal.reflect.DelegatingConstructorAccessorImpl.newInstance(DelegatingConstructorAccessorImpl.java:45)
	at org.openqa.selenium.remote.http.W3CHttpResponseCodec.createException(W3CHttpResponseCodec.java:187)
	at org.openqa.selenium.remote.http.W3CHttpResponseCodec.decode(W3CHttpResponseCodec.java:122)
	at org.openqa.selenium.remote.http.W3CHttpResponseCodec.decode(W3CHttpResponseCodec.java:49)
	at org.openqa.selenium.remote.HttpCommandExecutor.execute(HttpCommandExecutor.java:158)
	at org.openqa.selenium.remote.service.DriverCommandExecutor.execute(DriverCommandExecutor.java:83)
	at org.openqa.selenium.remote.RemoteWebDriver.execute(RemoteWebDriver.java:552)
	at com.kms.katalon.selenium.driver.CChromeDriver.execute(CChromeDriver.java:19)
	at org.openqa.selenium.remote.RemoteWebElement.execute(RemoteWebElement.java:285)
	at org.openqa.selenium.remote.RemoteWebElement.sendKeys(RemoteWebElement.java:106)
	at jdk.internal.reflect.GeneratedMethodAccessor19.invoke(Unknown Source)
	at java.base/jdk.internal.reflect.DelegatingMethodAccessorImpl.invoke(DelegatingMethodAccessorImpl.java:43)
	at org.openqa.selenium.support.events.EventFiringWebDriver$EventFiringWebElement.lambda$new$0(EventFiringWebDriver.java:404)
	at jdk.proxy2/jdk.proxy2.$Proxy21.sendKeys(Unknown Source)
	at org.openqa.selenium.support.events.EventFiringWebDriver$EventFiringWebElement.sendKeys(EventFiringWebDriver.java:429)
	at com.kms.katalon.core.webui.keyword.builtin.SetTextKeyword$_setText_closure1.doCall(SetTextKeyword.groovy:71)
	at com.kms.katalon.core.webui.keyword.builtin.SetTextKeyword$_setText_closure1.call(SetTextKeyword.groovy)
	at com.kms.katalon.core.webui.keyword.internal.WebUIKeywordMain.runKeyword(WebUIKeywordMain.groovy:35)
	... 20 more]]></system-err>
      </testcase>
      <testcase name="Test Cases/Specific Cases/LS/General/Calendar/Events_Creation/Past Events Creation/Past_Calendar_Block" time="21.061" classname="Test Cases/Specific Cases/LS/General/Calendar/Events_Creation/Past Events Creation/Past_Calendar_Block" status="FAILED">
         <failure type="FAILED" message="Test Cases/Specific Cases/LS/General/Calendar/Events_Creation/Past Events Creation/Past_Calendar_Block FAILED.&#xa;Reason:&#xa;com.kms.katalon.core.exception.StepFailedException: Unable to set text '45' of object 'Object Repository/Specific Cases Repository/LS/Home/Calendar/Calendar_Events/Calendar_Events_Creation/Block/Page_Calendar/input_Reminder_select2-search__field'&#xa;	at com.kms.katalon.core.webui.keyword.internal.WebUIKeywordMain.stepFailed(WebUIKeywordMain.groovy:117)&#xa;	at com.kms.katalon.core.webui.keyword.internal.WebUIKeywordMain.runKeyword(WebUIKeywordMain.groovy:43)&#xa;	at com.kms.katalon.core.webui.keyword.builtin.SetTextKeyword.setText(SetTextKeyword.groovy:85)&#xa;	at com.kms.katalon.core.webui.keyword.builtin.SetTextKeyword.execute(SetTextKeyword.groovy:39)&#xa;	at com.kms.katalon.core.keyword.internal.KeywordExecutor.executeKeywordForPlatform(KeywordExecutor.groovy:74)&#xa;	at com.kms.katalon.core.webui.keyword.WebUiBuiltInKeywords.setText(WebUiBuiltInKeywords.groovy:1019)&#xa;	at Past_Calendar_Block.run(Past_Calendar_Block:47)&#xa;	at com.kms.katalon.core.main.ScriptEngine.run(ScriptEngine.java:194)&#xa;	at com.kms.katalon.core.main.ScriptEngine.runScriptAsRawText(ScriptEngine.java:119)&#xa;	at com.kms.katalon.core.main.TestCaseExecutor.runScript(TestCaseExecutor.java:448)&#xa;	at com.kms.katalon.core.main.TestCaseExecutor.doExecute(TestCaseExecutor.java:439)&#xa;	at com.kms.katalon.core.main.TestCaseExecutor.processExecutionPhase(TestCaseExecutor.java:418)&#xa;	at com.kms.katalon.core.main.TestCaseExecutor.accessMainPhase(TestCaseExecutor.java:410)&#xa;	at com.kms.katalon.core.main.TestCaseExecutor.execute(TestCaseExecutor.java:285)&#xa;	at com.kms.katalon.core.common.CommonExecutor.accessTestCaseMainPhase(CommonExecutor.java:65)&#xa;	at com.kms.katalon.core.main.TestSuiteExecutor.accessTestSuiteMainPhase(TestSuiteExecutor.java:150)&#xa;	at com.kms.katalon.core.main.TestSuiteExecutor.execute(TestSuiteExecutor.java:106)&#xa;	at com.kms.katalon.core.main.TestCaseMain.startTestSuite(TestCaseMain.java:180)&#xa;	at TempTestSuite1730128240063.run(TempTestSuite1730128240063.groovy:35)&#xa;	at java.base/jdk.internal.reflect.NativeMethodAccessorImpl.invoke0(Native Method)&#xa;	at java.base/jdk.internal.reflect.NativeMethodAccessorImpl.invoke(NativeMethodAccessorImpl.java:77)&#xa;	at java.base/jdk.internal.reflect.DelegatingMethodAccessorImpl.invoke(DelegatingMethodAccessorImpl.java:43)&#xa;Caused by: org.openqa.selenium.ElementNotInteractableException: element not interactable&#xa;  (Session info: chrome=130.0.6723.70)&#xa;Build info: version: '3.141.59', revision: 'unknown', time: 'unknown'&#xa;System info: host: 'ENRIQUE', ip: '192.168.100.147', os.name: 'Windows 11', os.arch: 'amd64', os.version: '10.0', java.version: '17.0.7'&#xa;Driver info: com.kms.katalon.selenium.driver.CChromeDriver&#xa;Capabilities {acceptInsecureCerts: false, browserName: chrome, browserVersion: 130.0.6723.70, chrome: {chromedriverVersion: 130.0.6723.69 (3ec172b971b9..., userDataDir: C:\Users\Enrique\AppData\Lo...}, fedcm:accounts: true, goog:chromeOptions: {debuggerAddress: localhost:61430}, javascriptEnabled: true, networkConnectionEnabled: false, pageLoadStrategy: normal, platform: WINDOWS, platformName: WINDOWS, proxy: Proxy(), setWindowRect: true, strictFileInteractability: false, timeouts: {implicit: 0, pageLoad: 300000, script: 30000}, unhandledPromptBehavior: dismiss and notify, webauthn:extension:credBlob: true, webauthn:extension:largeBlob: true, webauthn:extension:minPinLength: true, webauthn:extension:prf: true, webauthn:virtualAuthenticators: true}&#xa;Session ID: a9baa9c09826679017b2a9975980f753&#xa;	at java.base/jdk.internal.reflect.NativeConstructorAccessorImpl.newInstance0(Native Method)&#xa;	at java.base/jdk.internal.reflect.NativeConstructorAccessorImpl.newInstance(NativeConstructorAccessorImpl.java:77)&#xa;	at java.base/jdk.internal.reflect.DelegatingConstructorAccessorImpl.newInstance(DelegatingConstructorAccessorImpl.java:45)&#xa;	at org.openqa.selenium.remote.http.W3CHttpResponseCodec.createException(W3CHttpResponseCodec.java:187)&#xa;	at org.openqa.selenium.remote.http.W3CHttpResponseCodec.decode(W3CHttpResponseCodec.java:122)&#xa;	at org.openqa.selenium.remote.http.W3CHttpResponseCodec.decode(W3CHttpResponseCodec.java:49)&#xa;	at org.openqa.selenium.remote.HttpCommandExecutor.execute(HttpCommandExecutor.java:158)&#xa;	at org.openqa.selenium.remote.service.DriverCommandExecutor.execute(DriverCommandExecutor.java:83)&#xa;	at org.openqa.selenium.remote.RemoteWebDriver.execute(RemoteWebDriver.java:552)&#xa;	at com.kms.katalon.selenium.driver.CChromeDriver.execute(CChromeDriver.java:19)&#xa;	at org.openqa.selenium.remote.RemoteWebElement.execute(RemoteWebElement.java:285)&#xa;	at org.openqa.selenium.remote.RemoteWebElement.clear(RemoteWebElement.java:124)&#xa;	at jdk.internal.reflect.GeneratedMethodAccessor18.invoke(Unknown Source)&#xa;	at java.base/jdk.internal.reflect.DelegatingMethodAccessorImpl.invoke(DelegatingMethodAccessorImpl.java:43)&#xa;	at org.openqa.selenium.support.events.EventFiringWebDriver$EventFiringWebElement.lambda$new$0(EventFiringWebDriver.java:404)&#xa;	at jdk.proxy2/jdk.proxy2.$Proxy21.clear(Unknown Source)&#xa;	at org.openqa.selenium.support.events.EventFiringWebDriver$EventFiringWebElement.clear(EventFiringWebDriver.java:436)&#xa;	at com.kms.katalon.core.webui.keyword.builtin.SetTextKeyword$_setText_closure1.doCall(SetTextKeyword.groovy:55)&#xa;	at com.kms.katalon.core.webui.keyword.builtin.SetTextKeyword$_setText_closure1.call(SetTextKeyword.groovy)&#xa;	at com.kms.katalon.core.webui.keyword.internal.WebUIKeywordMain.runKeyword(WebUIKeywordMain.groovy:35)&#xa;	... 20 more&#xa;"/>
         <system-out><![CDATA[28-10-2024T10:12:27 - [TEST_CASE][FAILED] - Test Cases/Specific Cases/LS/General/Calendar/Events_Creation/Past Events Creation/Past_Calendar_Block: Test Cases/Specific Cases/LS/General/Calendar/Events_Creation/Past Events Creation/Past_Calendar_Block FAILED.
Reason:
com.kms.katalon.core.exception.StepFailedException: Unable to set text '45' of object 'Object Repository/Specific Cases Repository/LS/Home/Calendar/Calendar_Events/Calendar_Events_Creation/Block/Page_Calendar/input_Reminder_select2-search__field'
	at com.kms.katalon.core.webui.keyword.internal.WebUIKeywordMain.stepFailed(WebUIKeywordMain.groovy:117)
	at com.kms.katalon.core.webui.keyword.internal.WebUIKeywordMain.runKeyword(WebUIKeywordMain.groovy:43)
	at com.kms.katalon.core.webui.keyword.builtin.SetTextKeyword.setText(SetTextKeyword.groovy:85)
	at com.kms.katalon.core.webui.keyword.builtin.SetTextKeyword.execute(SetTextKeyword.groovy:39)
	at com.kms.katalon.core.keyword.internal.KeywordExecutor.executeKeywordForPlatform(KeywordExecutor.groovy:74)
	at com.kms.katalon.core.webui.keyword.WebUiBuiltInKeywords.setText(WebUiBuiltInKeywords.groovy:1019)
	at Past_Calendar_Block.run(Past_Calendar_Block:47)
	at com.kms.katalon.core.main.ScriptEngine.run(ScriptEngine.java:194)
	at com.kms.katalon.core.main.ScriptEngine.runScriptAsRawText(ScriptEngine.java:119)
	at com.kms.katalon.core.main.TestCaseExecutor.runScript(TestCaseExecutor.java:448)
	at com.kms.katalon.core.main.TestCaseExecutor.doExecute(TestCaseExecutor.java:439)
	at com.kms.katalon.core.main.TestCaseExecutor.processExecutionPhase(TestCaseExecutor.java:418)
	at com.kms.katalon.core.main.TestCaseExecutor.accessMainPhase(TestCaseExecutor.java:410)
	at com.kms.katalon.core.main.TestCaseExecutor.execute(TestCaseExecutor.java:285)
	at com.kms.katalon.core.common.CommonExecutor.accessTestCaseMainPhase(CommonExecutor.java:65)
	at com.kms.katalon.core.main.TestSuiteExecutor.accessTestSuiteMainPhase(TestSuiteExecutor.java:150)
	at com.kms.katalon.core.main.TestSuiteExecutor.execute(TestSuiteExecutor.java:106)
	at com.kms.katalon.core.main.TestCaseMain.startTestSuite(TestCaseMain.java:180)
	at TempTestSuite1730128240063.run(TempTestSuite1730128240063.groovy:35)
	at java.base/jdk.internal.reflect.NativeMethodAccessorImpl.invoke0(Native Method)
	at java.base/jdk.internal.reflect.NativeMethodAccessorImpl.invoke(NativeMethodAccessorImpl.java:77)
	at java.base/jdk.internal.reflect.DelegatingMethodAccessorImpl.invoke(DelegatingMethodAccessorImpl.java:43)
Caused by: org.openqa.selenium.ElementNotInteractableException: element not interactable
  (Session info: chrome=130.0.6723.70)
Build info: version: '3.141.59', revision: 'unknown', time: 'unknown'
System info: host: 'ENRIQUE', ip: '192.168.100.147', os.name: 'Windows 11', os.arch: 'amd64', os.version: '10.0', java.version: '17.0.7'
Driver info: com.kms.katalon.selenium.driver.CChromeDriver
Capabilities {acceptInsecureCerts: false, browserName: chrome, browserVersion: 130.0.6723.70, chrome: {chromedriverVersion: 130.0.6723.69 (3ec172b971b9..., userDataDir: C:\Users\Enrique\AppData\Lo...}, fedcm:accounts: true, goog:chromeOptions: {debuggerAddress: localhost:61430}, javascriptEnabled: true, networkConnectionEnabled: false, pageLoadStrategy: normal, platform: WINDOWS, platformName: WINDOWS, proxy: Proxy(), setWindowRect: true, strictFileInteractability: false, timeouts: {implicit: 0, pageLoad: 300000, script: 30000}, unhandledPromptBehavior: dismiss and notify, webauthn:extension:credBlob: true, webauthn:extension:largeBlob: true, webauthn:extension:minPinLength: true, webauthn:extension:prf: true, webauthn:virtualAuthenticators: true}
Session ID: a9baa9c09826679017b2a9975980f753
	at java.base/jdk.internal.reflect.NativeConstructorAccessorImpl.newInstance0(Native Method)
	at java.base/jdk.internal.reflect.NativeConstructorAccessorImpl.newInstance(NativeConstructorAccessorImpl.java:77)
	at java.base/jdk.internal.reflect.DelegatingConstructorAccessorImpl.newInstance(DelegatingConstructorAccessorImpl.java:45)
	at org.openqa.selenium.remote.http.W3CHttpResponseCodec.createException(W3CHttpResponseCodec.java:187)
	at org.openqa.selenium.remote.http.W3CHttpResponseCodec.decode(W3CHttpResponseCodec.java:122)
	at org.openqa.selenium.remote.http.W3CHttpResponseCodec.decode(W3CHttpResponseCodec.java:49)
	at org.openqa.selenium.remote.HttpCommandExecutor.execute(HttpCommandExecutor.java:158)
	at org.openqa.selenium.remote.service.DriverCommandExecutor.execute(DriverCommandExecutor.java:83)
	at org.openqa.selenium.remote.RemoteWebDriver.execute(RemoteWebDriver.java:552)
	at com.kms.katalon.selenium.driver.CChromeDriver.execute(CChromeDriver.java:19)
	at org.openqa.selenium.remote.RemoteWebElement.execute(RemoteWebElement.java:285)
	at org.openqa.selenium.remote.RemoteWebElement.clear(RemoteWebElement.java:124)
	at jdk.internal.reflect.GeneratedMethodAccessor18.invoke(Unknown Source)
	at java.base/jdk.internal.reflect.DelegatingMethodAccessorImpl.invoke(DelegatingMethodAccessorImpl.java:43)
	at org.openqa.selenium.support.events.EventFiringWebDriver$EventFiringWebElement.lambda$new$0(EventFiringWebDriver.java:404)
	at jdk.proxy2/jdk.proxy2.$Proxy21.clear(Unknown Source)
	at org.openqa.selenium.support.events.EventFiringWebDriver$EventFiringWebElement.clear(EventFiringWebDriver.java:436)
	at com.kms.katalon.core.webui.keyword.builtin.SetTextKeyword$_setText_closure1.doCall(SetTextKeyword.groovy:55)
	at com.kms.katalon.core.webui.keyword.builtin.SetTextKeyword$_setText_closure1.call(SetTextKeyword.groovy)
	at com.kms.katalon.core.webui.keyword.internal.WebUIKeywordMain.runKeyword(WebUIKeywordMain.groovy:35)
	... 20 more


28-10-2024T10:12:27 - [TEST_STEP][PASSED] - callTestCase(findTestCase("Common Cases/Login"), [:], STOP_ON_FAILURE): Call Test Case 'Test Cases/Common Cases/Login' successfully

28-10-2024T10:12:28 - [TEST_CASE][PASSED] - Test Cases/Common Cases/Login: Test Cases/Common Cases/Login

28-10-2024T10:12:28 - [TEST_STEP][PASSED] - openBrowser(""): Browser is opened with url: ''

28-10-2024T10:12:28 - [MESSAGE][WARNING] - A browser is already opened. Closing browser and opening a new one

28-10-2024T10:12:28 - [MESSAGE][INFO] - Starting 'Chrome' driver

28-10-2024T10:12:28 - [MESSAGE][INFO] - Action delay is set to 0 milliseconds

28-10-2024T10:12:28 - [MESSAGE][PASSED] - Browser is opened with url: ''

28-10-2024T10:12:28 - [TEST_STEP][PASSED] - maximizeWindow(): Current window maximized

28-10-2024T10:12:28 - [MESSAGE][PASSED] - Current window maximized

28-10-2024T10:12:28 - [TEST_STEP][PASSED] - navigateToUrl("https://site17.lsapp.cloud/auth/login"): Navigate to 'https://site17.lsapp.cloud/auth/login' successfully

28-10-2024T10:12:30 - [MESSAGE][PASSED] - Navigate to 'https://site17.lsapp.cloud/auth/login' successfully

28-10-2024T10:12:30 - [TEST_STEP][PASSED] - setText(findTestObject("Object Repository/Common Cases Repository/Login/Page_Lightning Step/input_Email_email"), "automation@lightningstep.com"): Text 'automation@lightningstep.com' is set on object 'Object Repository/Common Cases Repository/Login/Page_Lightning Step/input_Email_email'

28-10-2024T10:12:31 - [MESSAGE][PASSED] - Text 'automation@lightningstep.com' is set on object 'Object Repository/Common Cases Repository/Login/Page_Lightning Step/input_Email_email'

28-10-2024T10:12:31 - [TEST_STEP][PASSED] - setEncryptedText(findTestObject("Object Repository/Common Cases Repository/Login/Page_Lightning Step/input_Password_password"), "e5N8VHmnhJDITtQaQhDQDw=="): Text ****** has been set on object 'Object Repository/Common Cases Repository/Login/Page_Lightning Step/input_Password_password'

28-10-2024T10:12:31 - [MESSAGE][PASSED] - Text ****** has been set on object 'Object Repository/Common Cases Repository/Login/Page_Lightning Step/input_Password_password'

28-10-2024T10:12:31 - [TEST_STEP][PASSED] - click(findTestObject("Object Repository/Common Cases Repository/Login/Page_Lightning Step/button_Sign in")): Object: 'Object Repository/Common Cases Repository/Login/Page_Lightning Step/button_Sign in' is clicked on

28-10-2024T10:12:37 - [MESSAGE][PASSED] - Object: 'Object Repository/Common Cases Repository/Login/Page_Lightning Step/button_Sign in' is clicked on

28-10-2024T10:12:37 - [MESSAGE][PASSED] - Call Test Case 'Test Cases/Common Cases/Login' successfully

28-10-2024T10:12:37 - [TEST_STEP][PASSED] - click(findTestObject("Object Repository/Specific Cases Repository/LS/Home/Calendar/Calendar_Events/Calendar_Events_Creation/Block/Page_Home/a_Calendar")): Object: 'Object Repository/Specific Cases Repository/LS/Home/Calendar/Calendar_Events/Calendar_Events_Creation/Block/Page_Home/a_Calendar' is clicked on

28-10-2024T10:12:41 - [MESSAGE][PASSED] - Object: 'Object Repository/Specific Cases Repository/LS/Home/Calendar/Calendar_Events/Calendar_Events_Creation/Block/Page_Home/a_Calendar' is clicked on

28-10-2024T10:12:41 - [TEST_STEP][PASSED] - click(findTestObject("Object Repository/Specific Cases Repository/LS/Home/Calendar/Calendar_Events/Calendar_Events_Creation/Appointment/Page_Calendar/div_Week")): Object: 'Object Repository/Specific Cases Repository/LS/Home/Calendar/Calendar_Events/Calendar_Events_Creation/Appointment/Page_Calendar/div_Week' is clicked on

28-10-2024T10:12:42 - [MESSAGE][PASSED] - Object: 'Object Repository/Specific Cases Repository/LS/Home/Calendar/Calendar_Events/Calendar_Events_Creation/Appointment/Page_Calendar/div_Week' is clicked on

28-10-2024T10:12:42 - [TEST_STEP][PASSED] - click(findTestObject("Object Repository/Specific Cases Repository/LS/Home/Calendar/Calendar_Events/Calendar_Events_Creation/Block/Page_Calendar/button_Create new")): Object: 'Object Repository/Specific Cases Repository/LS/Home/Calendar/Calendar_Events/Calendar_Events_Creation/Block/Page_Calendar/button_Create new' is clicked on

28-10-2024T10:12:43 - [MESSAGE][PASSED] - Object: 'Object Repository/Specific Cases Repository/LS/Home/Calendar/Calendar_Events/Calendar_Events_Creation/Block/Page_Calendar/button_Create new' is clicked on

28-10-2024T10:12:43 - [TEST_STEP][PASSED] - click(findTestObject("Object Repository/Specific Cases Repository/LS/Home/Calendar/Calendar_Events/Calendar_Events_Creation/Block/Page_Calendar/label_Block")): Object: 'Object Repository/Specific Cases Repository/LS/Home/Calendar/Calendar_Events/Calendar_Events_Creation/Block/Page_Calendar/label_Block' is clicked on

28-10-2024T10:12:44 - [MESSAGE][PASSED] - Object: 'Object Repository/Specific Cases Repository/LS/Home/Calendar/Calendar_Events/Calendar_Events_Creation/Block/Page_Calendar/label_Block' is clicked on

28-10-2024T10:12:44 - [TEST_STEP][PASSED] - setText(findTestObject("Object Repository/Specific Cases Repository/LS/Home/Calendar/Calendar_Events/Calendar_Events_Creation/Block/Page_Calendar/input_Title_title_"), "Past Automation Block"): Text 'Past Automation Block' is set on object 'Object Repository/Specific Cases Repository/LS/Home/Calendar/Calendar_Events/Calendar_Events_Creation/Block/Page_Calendar/input_Title_title_'

28-10-2024T10:12:45 - [MESSAGE][PASSED] - Text 'Past Automation Block' is set on object 'Object Repository/Specific Cases Repository/LS/Home/Calendar/Calendar_Events/Calendar_Events_Creation/Block/Page_Calendar/input_Title_title_'

28-10-2024T10:12:45 - [TEST_STEP][PASSED] - click(findTestObject("Object Repository/Specific Cases Repository/LS/Home/Calendar/Calendar_Events/Calendar_Events_Creation/Appointment/Page_Calendar/Date")): Object: 'Object Repository/Specific Cases Repository/LS/Home/Calendar/Calendar_Events/Calendar_Events_Creation/Appointment/Page_Calendar/Date' is clicked on

28-10-2024T10:12:45 - [MESSAGE][PASSED] - Object: 'Object Repository/Specific Cases Repository/LS/Home/Calendar/Calendar_Events/Calendar_Events_Creation/Appointment/Page_Calendar/Date' is clicked on

28-10-2024T10:12:45 - [TEST_STEP][PASSED] - setText(findTestObject("Object Repository/Specific Cases Repository/LS/Home/Calendar/Calendar_Events/Calendar_Events_Creation/Appointment/Page_Calendar/Date"), Last_Week_Date): Text '10/21/2024' is set on object 'Object Repository/Specific Cases Repository/LS/Home/Calendar/Calendar_Events/Calendar_Events_Creation/Appointment/Page_Calendar/Date'

28-10-2024T10:12:45 - [MESSAGE][PASSED] - Text '10/21/2024' is set on object 'Object Repository/Specific Cases Repository/LS/Home/Calendar/Calendar_Events/Calendar_Events_Creation/Appointment/Page_Calendar/Date'

28-10-2024T10:12:45 - [TEST_STEP][PASSED] - click(findTestObject("Object Repository/Specific Cases Repository/LS/Home/Calendar/Calendar_Events/Calendar_Events_Creation/Appointment/Page_Calendar/Start Time Clock")): Object: 'Object Repository/Specific Cases Repository/LS/Home/Calendar/Calendar_Events/Calendar_Events_Creation/Appointment/Page_Calendar/Start Time Clock' is clicked on

28-10-2024T10:12:47 - [MESSAGE][PASSED] - Object: 'Object Repository/Specific Cases Repository/LS/Home/Calendar/Calendar_Events/Calendar_Events_Creation/Appointment/Page_Calendar/Start Time Clock' is clicked on

28-10-2024T10:12:47 - [TEST_STEP][PASSED] - setText(findTestObject("Object Repository/Specific Cases Repository/LS/Home/Calendar/Calendar_Events/Calendar_Events_Creation/Appointment/Page_Calendar/Start Time Clock"), "1600"): Text '1600' is set on object 'Object Repository/Specific Cases Repository/LS/Home/Calendar/Calendar_Events/Calendar_Events_Creation/Appointment/Page_Calendar/Start Time Clock'

28-10-2024T10:12:47 - [MESSAGE][PASSED] - Text '1600' is set on object 'Object Repository/Specific Cases Repository/LS/Home/Calendar/Calendar_Events/Calendar_Events_Creation/Appointment/Page_Calendar/Start Time Clock'

28-10-2024T10:12:47 - [TEST_STEP][PASSED] - click(findTestObject("Object Repository/Specific Cases Repository/LS/Home/Calendar/Calendar_Events/Calendar_Events_Creation/Block/Page_Calendar/div_Schedule                               _3f20bf")): Object: 'Object Repository/Specific Cases Repository/LS/Home/Calendar/Calendar_Events/Calendar_Events_Creation/Block/Page_Calendar/div_Schedule                               _3f20bf' is clicked on

28-10-2024T10:12:48 - [MESSAGE][PASSED] - Object: 'Object Repository/Specific Cases Repository/LS/Home/Calendar/Calendar_Events/Calendar_Events_Creation/Block/Page_Calendar/div_Schedule                               _3f20bf' is clicked on

28-10-2024T10:12:48 - [TEST_STEP][PASSED] - click(findTestObject("Object Repository/Specific Cases Repository/LS/Home/Calendar/Calendar_Events/Calendar_Events_Creation/Block/Page_Calendar/button_Reminder__simple-switch-track")): Object: 'Object Repository/Specific Cases Repository/LS/Home/Calendar/Calendar_Events/Calendar_Events_Creation/Block/Page_Calendar/button_Reminder__simple-switch-track' is clicked on

28-10-2024T10:12:48 - [MESSAGE][PASSED] - Object: 'Object Repository/Specific Cases Repository/LS/Home/Calendar/Calendar_Events/Calendar_Events_Creation/Block/Page_Calendar/button_Reminder__simple-switch-track' is clicked on

28-10-2024T10:12:48 - [TEST_STEP][FAILED] - setText(findTestObject("Object Repository/Specific Cases Repository/LS/Home/Calendar/Calendar_Events/Calendar_Events_Creation/Block/Page_Calendar/input_Reminder_select2-search__field"), "45"): Unable to set text '45' of object 'Object Repository/Specific Cases Repository/LS/Home/Calendar/Calendar_Events/Calendar_Events_Creation/Block/Page_Calendar/input_Reminder_select2-search__field' (Root cause: com.kms.katalon.core.exception.StepFailedException: Unable to set text '45' of object 'Object Repository/Specific Cases Repository/LS/Home/Calendar/Calendar_Events/Calendar_Events_Creation/Block/Page_Calendar/input_Reminder_select2-search__field'
	at com.kms.katalon.core.webui.keyword.internal.WebUIKeywordMain.stepFailed(WebUIKeywordMain.groovy:117)
	at com.kms.katalon.core.webui.keyword.internal.WebUIKeywordMain.runKeyword(WebUIKeywordMain.groovy:43)
	at com.kms.katalon.core.webui.keyword.builtin.SetTextKeyword.setText(SetTextKeyword.groovy:85)
	at com.kms.katalon.core.webui.keyword.builtin.SetTextKeyword.execute(SetTextKeyword.groovy:39)
	at com.kms.katalon.core.keyword.internal.KeywordExecutor.executeKeywordForPlatform(KeywordExecutor.groovy:74)
	at com.kms.katalon.core.webui.keyword.WebUiBuiltInKeywords.setText(WebUiBuiltInKeywords.groovy:1019)
	at Past_Calendar_Block.run(Past_Calendar_Block:47)
	at com.kms.katalon.core.main.ScriptEngine.run(ScriptEngine.java:194)
	at com.kms.katalon.core.main.ScriptEngine.runScriptAsRawText(ScriptEngine.java:119)
	at com.kms.katalon.core.main.TestCaseExecutor.runScript(TestCaseExecutor.java:448)
	at com.kms.katalon.core.main.TestCaseExecutor.doExecute(TestCaseExecutor.java:439)
	at com.kms.katalon.core.main.TestCaseExecutor.processExecutionPhase(TestCaseExecutor.java:418)
	at com.kms.katalon.core.main.TestCaseExecutor.accessMainPhase(TestCaseExecutor.java:410)
	at com.kms.katalon.core.main.TestCaseExecutor.execute(TestCaseExecutor.java:285)
	at com.kms.katalon.core.common.CommonExecutor.accessTestCaseMainPhase(CommonExecutor.java:65)
	at com.kms.katalon.core.main.TestSuiteExecutor.accessTestSuiteMainPhase(TestSuiteExecutor.java:150)
	at com.kms.katalon.core.main.TestSuiteExecutor.execute(TestSuiteExecutor.java:106)
	at com.kms.katalon.core.main.TestCaseMain.startTestSuite(TestCaseMain.java:180)
	at TempTestSuite1730128240063.run(TempTestSuite1730128240063.groovy:35)
	at java.base/jdk.internal.reflect.NativeMethodAccessorImpl.invoke0(Native Method)
	at java.base/jdk.internal.reflect.NativeMethodAccessorImpl.invoke(NativeMethodAccessorImpl.java:77)
	at java.base/jdk.internal.reflect.DelegatingMethodAccessorImpl.invoke(DelegatingMethodAccessorImpl.java:43)
Caused by: org.openqa.selenium.ElementNotInteractableException: element not interactable
  (Session info: chrome=130.0.6723.70)
Build info: version: '3.141.59', revision: 'unknown', time: 'unknown'
System info: host: 'ENRIQUE', ip: '192.168.100.147', os.name: 'Windows 11', os.arch: 'amd64', os.version: '10.0', java.version: '17.0.7'
Driver info: com.kms.katalon.selenium.driver.CChromeDriver
Capabilities {acceptInsecureCerts: false, browserName: chrome, browserVersion: 130.0.6723.70, chrome: {chromedriverVersion: 130.0.6723.69 (3ec172b971b9..., userDataDir: C:\Users\Enrique\AppData\Lo...}, fedcm:accounts: true, goog:chromeOptions: {debuggerAddress: localhost:61430}, javascriptEnabled: true, networkConnectionEnabled: false, pageLoadStrategy: normal, platform: WINDOWS, platformName: WINDOWS, proxy: Proxy(), setWindowRect: true, strictFileInteractability: false, timeouts: {implicit: 0, pageLoad: 300000, script: 30000}, unhandledPromptBehavior: dismiss and notify, webauthn:extension:credBlob: true, webauthn:extension:largeBlob: true, webauthn:extension:minPinLength: true, webauthn:extension:prf: true, webauthn:virtualAuthenticators: true}
Session ID: a9baa9c09826679017b2a9975980f753
	at java.base/jdk.internal.reflect.NativeConstructorAccessorImpl.newInstance0(Native Method)
	at java.base/jdk.internal.reflect.NativeConstructorAccessorImpl.newInstance(NativeConstructorAccessorImpl.java:77)
	at java.base/jdk.internal.reflect.DelegatingConstructorAccessorImpl.newInstance(DelegatingConstructorAccessorImpl.java:45)
	at org.openqa.selenium.remote.http.W3CHttpResponseCodec.createException(W3CHttpResponseCodec.java:187)
	at org.openqa.selenium.remote.http.W3CHttpResponseCodec.decode(W3CHttpResponseCodec.java:122)
	at org.openqa.selenium.remote.http.W3CHttpResponseCodec.decode(W3CHttpResponseCodec.java:49)
	at org.openqa.selenium.remote.HttpCommandExecutor.execute(HttpCommandExecutor.java:158)
	at org.openqa.selenium.remote.service.DriverCommandExecutor.execute(DriverCommandExecutor.java:83)
	at org.openqa.selenium.remote.RemoteWebDriver.execute(RemoteWebDriver.java:552)
	at com.kms.katalon.selenium.driver.CChromeDriver.execute(CChromeDriver.java:19)
	at org.openqa.selenium.remote.RemoteWebElement.execute(RemoteWebElement.java:285)
	at org.openqa.selenium.remote.RemoteWebElement.clear(RemoteWebElement.java:124)
	at jdk.internal.reflect.GeneratedMethodAccessor18.invoke(Unknown Source)
	at java.base/jdk.internal.reflect.DelegatingMethodAccessorImpl.invoke(DelegatingMethodAccessorImpl.java:43)
	at org.openqa.selenium.support.events.EventFiringWebDriver$EventFiringWebElement.lambda$new$0(EventFiringWebDriver.java:404)
	at jdk.proxy2/jdk.proxy2.$Proxy21.clear(Unknown Source)
	at org.openqa.selenium.support.events.EventFiringWebDriver$EventFiringWebElement.clear(EventFiringWebDriver.java:436)
	at com.kms.katalon.core.webui.keyword.builtin.SetTextKeyword$_setText_closure1.doCall(SetTextKeyword.groovy:55)
	at com.kms.katalon.core.webui.keyword.builtin.SetTextKeyword$_setText_closure1.call(SetTextKeyword.groovy)
	at com.kms.katalon.core.webui.keyword.internal.WebUIKeywordMain.runKeyword(WebUIKeywordMain.groovy:35)
	at com.kms.katalon.core.webui.keyword.builtin.SetTextKeyword.setText(SetTextKeyword.groovy:85)
	at com.kms.katalon.core.webui.keyword.builtin.SetTextKeyword.execute(SetTextKeyword.groovy:39)
	at com.kms.katalon.core.keyword.internal.KeywordExecutor.executeKeywordForPlatform(KeywordExecutor.groovy:74)
	at com.kms.katalon.core.webui.keyword.WebUiBuiltInKeywords.setText(WebUiBuiltInKeywords.groovy:1019)
	at Script1727458510274.run(Script1727458510274.groovy:47)
	... 15 more
)

28-10-2024T10:12:48 - [MESSAGE][FAILED] - Unable to set text '45' of object 'Object Repository/Specific Cases Repository/LS/Home/Calendar/Calendar_Events/Calendar_Events_Creation/Block/Page_Calendar/input_Reminder_select2-search__field' (Root cause: com.kms.katalon.core.exception.StepFailedException: Unable to set text '45' of object 'Object Repository/Specific Cases Repository/LS/Home/Calendar/Calendar_Events/Calendar_Events_Creation/Block/Page_Calendar/input_Reminder_select2-search__field'
	at com.kms.katalon.core.webui.keyword.internal.WebUIKeywordMain.stepFailed(WebUIKeywordMain.groovy:117)
	at com.kms.katalon.core.webui.keyword.internal.WebUIKeywordMain.runKeyword(WebUIKeywordMain.groovy:43)
	at com.kms.katalon.core.webui.keyword.builtin.SetTextKeyword.setText(SetTextKeyword.groovy:85)
	at com.kms.katalon.core.webui.keyword.builtin.SetTextKeyword.execute(SetTextKeyword.groovy:39)
	at com.kms.katalon.core.keyword.internal.KeywordExecutor.executeKeywordForPlatform(KeywordExecutor.groovy:74)
	at com.kms.katalon.core.webui.keyword.WebUiBuiltInKeywords.setText(WebUiBuiltInKeywords.groovy:1019)
	at Past_Calendar_Block.run(Past_Calendar_Block:47)
	at com.kms.katalon.core.main.ScriptEngine.run(ScriptEngine.java:194)
	at com.kms.katalon.core.main.ScriptEngine.runScriptAsRawText(ScriptEngine.java:119)
	at com.kms.katalon.core.main.TestCaseExecutor.runScript(TestCaseExecutor.java:448)
	at com.kms.katalon.core.main.TestCaseExecutor.doExecute(TestCaseExecutor.java:439)
	at com.kms.katalon.core.main.TestCaseExecutor.processExecutionPhase(TestCaseExecutor.java:418)
	at com.kms.katalon.core.main.TestCaseExecutor.accessMainPhase(TestCaseExecutor.java:410)
	at com.kms.katalon.core.main.TestCaseExecutor.execute(TestCaseExecutor.java:285)
	at com.kms.katalon.core.common.CommonExecutor.accessTestCaseMainPhase(CommonExecutor.java:65)
	at com.kms.katalon.core.main.TestSuiteExecutor.accessTestSuiteMainPhase(TestSuiteExecutor.java:150)
	at com.kms.katalon.core.main.TestSuiteExecutor.execute(TestSuiteExecutor.java:106)
	at com.kms.katalon.core.main.TestCaseMain.startTestSuite(TestCaseMain.java:180)
	at TempTestSuite1730128240063.run(TempTestSuite1730128240063.groovy:35)
	at java.base/jdk.internal.reflect.NativeMethodAccessorImpl.invoke0(Native Method)
	at java.base/jdk.internal.reflect.NativeMethodAccessorImpl.invoke(NativeMethodAccessorImpl.java:77)
	at java.base/jdk.internal.reflect.DelegatingMethodAccessorImpl.invoke(DelegatingMethodAccessorImpl.java:43)
Caused by: org.openqa.selenium.ElementNotInteractableException: element not interactable
  (Session info: chrome=130.0.6723.70)
Build info: version: '3.141.59', revision: 'unknown', time: 'unknown'
System info: host: 'ENRIQUE', ip: '192.168.100.147', os.name: 'Windows 11', os.arch: 'amd64', os.version: '10.0', java.version: '17.0.7'
Driver info: com.kms.katalon.selenium.driver.CChromeDriver
Capabilities {acceptInsecureCerts: false, browserName: chrome, browserVersion: 130.0.6723.70, chrome: {chromedriverVersion: 130.0.6723.69 (3ec172b971b9..., userDataDir: C:\Users\Enrique\AppData\Lo...}, fedcm:accounts: true, goog:chromeOptions: {debuggerAddress: localhost:61430}, javascriptEnabled: true, networkConnectionEnabled: false, pageLoadStrategy: normal, platform: WINDOWS, platformName: WINDOWS, proxy: Proxy(), setWindowRect: true, strictFileInteractability: false, timeouts: {implicit: 0, pageLoad: 300000, script: 30000}, unhandledPromptBehavior: dismiss and notify, webauthn:extension:credBlob: true, webauthn:extension:largeBlob: true, webauthn:extension:minPinLength: true, webauthn:extension:prf: true, webauthn:virtualAuthenticators: true}
Session ID: a9baa9c09826679017b2a9975980f753
	at java.base/jdk.internal.reflect.NativeConstructorAccessorImpl.newInstance0(Native Method)
	at java.base/jdk.internal.reflect.NativeConstructorAccessorImpl.newInstance(NativeConstructorAccessorImpl.java:77)
	at java.base/jdk.internal.reflect.DelegatingConstructorAccessorImpl.newInstance(DelegatingConstructorAccessorImpl.java:45)
	at org.openqa.selenium.remote.http.W3CHttpResponseCodec.createException(W3CHttpResponseCodec.java:187)
	at org.openqa.selenium.remote.http.W3CHttpResponseCodec.decode(W3CHttpResponseCodec.java:122)
	at org.openqa.selenium.remote.http.W3CHttpResponseCodec.decode(W3CHttpResponseCodec.java:49)
	at org.openqa.selenium.remote.HttpCommandExecutor.execute(HttpCommandExecutor.java:158)
	at org.openqa.selenium.remote.service.DriverCommandExecutor.execute(DriverCommandExecutor.java:83)
	at org.openqa.selenium.remote.RemoteWebDriver.execute(RemoteWebDriver.java:552)
	at com.kms.katalon.selenium.driver.CChromeDriver.execute(CChromeDriver.java:19)
	at org.openqa.selenium.remote.RemoteWebElement.execute(RemoteWebElement.java:285)
	at org.openqa.selenium.remote.RemoteWebElement.clear(RemoteWebElement.java:124)
	at jdk.internal.reflect.GeneratedMethodAccessor18.invoke(Unknown Source)
	at java.base/jdk.internal.reflect.DelegatingMethodAccessorImpl.invoke(DelegatingMethodAccessorImpl.java:43)
	at org.openqa.selenium.support.events.EventFiringWebDriver$EventFiringWebElement.lambda$new$0(EventFiringWebDriver.java:404)
	at jdk.proxy2/jdk.proxy2.$Proxy21.clear(Unknown Source)
	at org.openqa.selenium.support.events.EventFiringWebDriver$EventFiringWebElement.clear(EventFiringWebDriver.java:436)
	at com.kms.katalon.core.webui.keyword.builtin.SetTextKeyword$_setText_closure1.doCall(SetTextKeyword.groovy:55)
	at com.kms.katalon.core.webui.keyword.builtin.SetTextKeyword$_setText_closure1.call(SetTextKeyword.groovy)
	at com.kms.katalon.core.webui.keyword.internal.WebUIKeywordMain.runKeyword(WebUIKeywordMain.groovy:35)
	at com.kms.katalon.core.webui.keyword.builtin.SetTextKeyword.setText(SetTextKeyword.groovy:85)
	at com.kms.katalon.core.webui.keyword.builtin.SetTextKeyword.execute(SetTextKeyword.groovy:39)
	at com.kms.katalon.core.keyword.internal.KeywordExecutor.executeKeywordForPlatform(KeywordExecutor.groovy:74)
	at com.kms.katalon.core.webui.keyword.WebUiBuiltInKeywords.setText(WebUiBuiltInKeywords.groovy:1019)
	at Script1727458510274.run(Script1727458510274.groovy:47)
	... 15 more
)]]></system-out>
         <system-err><![CDATA[28-10-2024T10:12:27 - [TEST_CASE][FAILED] - Test Cases/Specific Cases/LS/General/Calendar/Events_Creation/Past Events Creation/Past_Calendar_Block: Test Cases/Specific Cases/LS/General/Calendar/Events_Creation/Past Events Creation/Past_Calendar_Block FAILED.
Reason:
com.kms.katalon.core.exception.StepFailedException: Unable to set text '45' of object 'Object Repository/Specific Cases Repository/LS/Home/Calendar/Calendar_Events/Calendar_Events_Creation/Block/Page_Calendar/input_Reminder_select2-search__field'
	at com.kms.katalon.core.webui.keyword.internal.WebUIKeywordMain.stepFailed(WebUIKeywordMain.groovy:117)
	at com.kms.katalon.core.webui.keyword.internal.WebUIKeywordMain.runKeyword(WebUIKeywordMain.groovy:43)
	at com.kms.katalon.core.webui.keyword.builtin.SetTextKeyword.setText(SetTextKeyword.groovy:85)
	at com.kms.katalon.core.webui.keyword.builtin.SetTextKeyword.execute(SetTextKeyword.groovy:39)
	at com.kms.katalon.core.keyword.internal.KeywordExecutor.executeKeywordForPlatform(KeywordExecutor.groovy:74)
	at com.kms.katalon.core.webui.keyword.WebUiBuiltInKeywords.setText(WebUiBuiltInKeywords.groovy:1019)
	at Past_Calendar_Block.run(Past_Calendar_Block:47)
	at com.kms.katalon.core.main.ScriptEngine.run(ScriptEngine.java:194)
	at com.kms.katalon.core.main.ScriptEngine.runScriptAsRawText(ScriptEngine.java:119)
	at com.kms.katalon.core.main.TestCaseExecutor.runScript(TestCaseExecutor.java:448)
	at com.kms.katalon.core.main.TestCaseExecutor.doExecute(TestCaseExecutor.java:439)
	at com.kms.katalon.core.main.TestCaseExecutor.processExecutionPhase(TestCaseExecutor.java:418)
	at com.kms.katalon.core.main.TestCaseExecutor.accessMainPhase(TestCaseExecutor.java:410)
	at com.kms.katalon.core.main.TestCaseExecutor.execute(TestCaseExecutor.java:285)
	at com.kms.katalon.core.common.CommonExecutor.accessTestCaseMainPhase(CommonExecutor.java:65)
	at com.kms.katalon.core.main.TestSuiteExecutor.accessTestSuiteMainPhase(TestSuiteExecutor.java:150)
	at com.kms.katalon.core.main.TestSuiteExecutor.execute(TestSuiteExecutor.java:106)
	at com.kms.katalon.core.main.TestCaseMain.startTestSuite(TestCaseMain.java:180)
	at TempTestSuite1730128240063.run(TempTestSuite1730128240063.groovy:35)
	at java.base/jdk.internal.reflect.NativeMethodAccessorImpl.invoke0(Native Method)
	at java.base/jdk.internal.reflect.NativeMethodAccessorImpl.invoke(NativeMethodAccessorImpl.java:77)
	at java.base/jdk.internal.reflect.DelegatingMethodAccessorImpl.invoke(DelegatingMethodAccessorImpl.java:43)
Caused by: org.openqa.selenium.ElementNotInteractableException: element not interactable
  (Session info: chrome=130.0.6723.70)
Build info: version: '3.141.59', revision: 'unknown', time: 'unknown'
System info: host: 'ENRIQUE', ip: '192.168.100.147', os.name: 'Windows 11', os.arch: 'amd64', os.version: '10.0', java.version: '17.0.7'
Driver info: com.kms.katalon.selenium.driver.CChromeDriver
Capabilities {acceptInsecureCerts: false, browserName: chrome, browserVersion: 130.0.6723.70, chrome: {chromedriverVersion: 130.0.6723.69 (3ec172b971b9..., userDataDir: C:\Users\Enrique\AppData\Lo...}, fedcm:accounts: true, goog:chromeOptions: {debuggerAddress: localhost:61430}, javascriptEnabled: true, networkConnectionEnabled: false, pageLoadStrategy: normal, platform: WINDOWS, platformName: WINDOWS, proxy: Proxy(), setWindowRect: true, strictFileInteractability: false, timeouts: {implicit: 0, pageLoad: 300000, script: 30000}, unhandledPromptBehavior: dismiss and notify, webauthn:extension:credBlob: true, webauthn:extension:largeBlob: true, webauthn:extension:minPinLength: true, webauthn:extension:prf: true, webauthn:virtualAuthenticators: true}
Session ID: a9baa9c09826679017b2a9975980f753
	at java.base/jdk.internal.reflect.NativeConstructorAccessorImpl.newInstance0(Native Method)
	at java.base/jdk.internal.reflect.NativeConstructorAccessorImpl.newInstance(NativeConstructorAccessorImpl.java:77)
	at java.base/jdk.internal.reflect.DelegatingConstructorAccessorImpl.newInstance(DelegatingConstructorAccessorImpl.java:45)
	at org.openqa.selenium.remote.http.W3CHttpResponseCodec.createException(W3CHttpResponseCodec.java:187)
	at org.openqa.selenium.remote.http.W3CHttpResponseCodec.decode(W3CHttpResponseCodec.java:122)
	at org.openqa.selenium.remote.http.W3CHttpResponseCodec.decode(W3CHttpResponseCodec.java:49)
	at org.openqa.selenium.remote.HttpCommandExecutor.execute(HttpCommandExecutor.java:158)
	at org.openqa.selenium.remote.service.DriverCommandExecutor.execute(DriverCommandExecutor.java:83)
	at org.openqa.selenium.remote.RemoteWebDriver.execute(RemoteWebDriver.java:552)
	at com.kms.katalon.selenium.driver.CChromeDriver.execute(CChromeDriver.java:19)
	at org.openqa.selenium.remote.RemoteWebElement.execute(RemoteWebElement.java:285)
	at org.openqa.selenium.remote.RemoteWebElement.clear(RemoteWebElement.java:124)
	at jdk.internal.reflect.GeneratedMethodAccessor18.invoke(Unknown Source)
	at java.base/jdk.internal.reflect.DelegatingMethodAccessorImpl.invoke(DelegatingMethodAccessorImpl.java:43)
	at org.openqa.selenium.support.events.EventFiringWebDriver$EventFiringWebElement.lambda$new$0(EventFiringWebDriver.java:404)
	at jdk.proxy2/jdk.proxy2.$Proxy21.clear(Unknown Source)
	at org.openqa.selenium.support.events.EventFiringWebDriver$EventFiringWebElement.clear(EventFiringWebDriver.java:436)
	at com.kms.katalon.core.webui.keyword.builtin.SetTextKeyword$_setText_closure1.doCall(SetTextKeyword.groovy:55)
	at com.kms.katalon.core.webui.keyword.builtin.SetTextKeyword$_setText_closure1.call(SetTextKeyword.groovy)
	at com.kms.katalon.core.webui.keyword.internal.WebUIKeywordMain.runKeyword(WebUIKeywordMain.groovy:35)
	... 20 more]]></system-err>
      </testcase>
      <testcase name="Test Cases/Specific Cases/LS/General/Calendar/Events_Creation/Past Events Creation/Past_Calendar_Event" time="24.118" classname="Test Cases/Specific Cases/LS/General/Calendar/Events_Creation/Past Events Creation/Past_Calendar_Event" status="FAILED">
         <failure type="FAILED" message="Test Cases/Specific Cases/LS/General/Calendar/Events_Creation/Past Events Creation/Past_Calendar_Event FAILED.&#xa;Reason:&#xa;com.kms.katalon.core.exception.StepFailedException: Unable to set text '15' of object 'Object Repository/Specific Cases Repository/LS/Home/Calendar/Calendar_Events/Calendar_Events_Creation/Event/Page_Calendar/input_Reminder_select2-search__field'&#xa;	at com.kms.katalon.core.webui.keyword.internal.WebUIKeywordMain.stepFailed(WebUIKeywordMain.groovy:117)&#xa;	at com.kms.katalon.core.webui.keyword.internal.WebUIKeywordMain.runKeyword(WebUIKeywordMain.groovy:43)&#xa;	at com.kms.katalon.core.webui.keyword.builtin.SetTextKeyword.setText(SetTextKeyword.groovy:85)&#xa;	at com.kms.katalon.core.webui.keyword.builtin.SetTextKeyword.execute(SetTextKeyword.groovy:39)&#xa;	at com.kms.katalon.core.keyword.internal.KeywordExecutor.executeKeywordForPlatform(KeywordExecutor.groovy:74)&#xa;	at com.kms.katalon.core.webui.keyword.WebUiBuiltInKeywords.setText(WebUiBuiltInKeywords.groovy:1019)&#xa;	at Past_Calendar_Event.run(Past_Calendar_Event:47)&#xa;	at com.kms.katalon.core.main.ScriptEngine.run(ScriptEngine.java:194)&#xa;	at com.kms.katalon.core.main.ScriptEngine.runScriptAsRawText(ScriptEngine.java:119)&#xa;	at com.kms.katalon.core.main.TestCaseExecutor.runScript(TestCaseExecutor.java:448)&#xa;	at com.kms.katalon.core.main.TestCaseExecutor.doExecute(TestCaseExecutor.java:439)&#xa;	at com.kms.katalon.core.main.TestCaseExecutor.processExecutionPhase(TestCaseExecutor.java:418)&#xa;	at com.kms.katalon.core.main.TestCaseExecutor.accessMainPhase(TestCaseExecutor.java:410)&#xa;	at com.kms.katalon.core.main.TestCaseExecutor.execute(TestCaseExecutor.java:285)&#xa;	at com.kms.katalon.core.common.CommonExecutor.accessTestCaseMainPhase(CommonExecutor.java:65)&#xa;	at com.kms.katalon.core.main.TestSuiteExecutor.accessTestSuiteMainPhase(TestSuiteExecutor.java:150)&#xa;	at com.kms.katalon.core.main.TestSuiteExecutor.execute(TestSuiteExecutor.java:106)&#xa;	at com.kms.katalon.core.main.TestCaseMain.startTestSuite(TestCaseMain.java:180)&#xa;	at TempTestSuite1730128240063.run(TempTestSuite1730128240063.groovy:35)&#xa;	at java.base/jdk.internal.reflect.NativeMethodAccessorImpl.invoke0(Native Method)&#xa;	at java.base/jdk.internal.reflect.NativeMethodAccessorImpl.invoke(NativeMethodAccessorImpl.java:77)&#xa;	at java.base/jdk.internal.reflect.DelegatingMethodAccessorImpl.invoke(DelegatingMethodAccessorImpl.java:43)&#xa;Caused by: org.openqa.selenium.ElementNotInteractableException: element not interactable&#xa;  (Session info: chrome=130.0.6723.70)&#xa;Build info: version: '3.141.59', revision: 'unknown', time: 'unknown'&#xa;System info: host: 'ENRIQUE', ip: '192.168.100.147', os.name: 'Windows 11', os.arch: 'amd64', os.version: '10.0', java.version: '17.0.7'&#xa;Driver info: com.kms.katalon.selenium.driver.CChromeDriver&#xa;Capabilities {acceptInsecureCerts: false, browserName: chrome, browserVersion: 130.0.6723.70, chrome: {chromedriverVersion: 130.0.6723.69 (3ec172b971b9..., userDataDir: C:\Users\Enrique\AppData\Lo...}, fedcm:accounts: true, goog:chromeOptions: {debuggerAddress: localhost:61459}, javascriptEnabled: true, networkConnectionEnabled: false, pageLoadStrategy: normal, platform: WINDOWS, platformName: WINDOWS, proxy: Proxy(), setWindowRect: true, strictFileInteractability: false, timeouts: {implicit: 0, pageLoad: 300000, script: 30000}, unhandledPromptBehavior: dismiss and notify, webauthn:extension:credBlob: true, webauthn:extension:largeBlob: true, webauthn:extension:minPinLength: true, webauthn:extension:prf: true, webauthn:virtualAuthenticators: true}&#xa;Session ID: ff84d50574e74ce18c71edf9302723cb&#xa;	at java.base/jdk.internal.reflect.NativeConstructorAccessorImpl.newInstance0(Native Method)&#xa;	at java.base/jdk.internal.reflect.NativeConstructorAccessorImpl.newInstance(NativeConstructorAccessorImpl.java:77)&#xa;	at java.base/jdk.internal.reflect.DelegatingConstructorAccessorImpl.newInstance(DelegatingConstructorAccessorImpl.java:45)&#xa;	at org.openqa.selenium.remote.http.W3CHttpResponseCodec.createException(W3CHttpResponseCodec.java:187)&#xa;	at org.openqa.selenium.remote.http.W3CHttpResponseCodec.decode(W3CHttpResponseCodec.java:122)&#xa;	at org.openqa.selenium.remote.http.W3CHttpResponseCodec.decode(W3CHttpResponseCodec.java:49)&#xa;	at org.openqa.selenium.remote.HttpCommandExecutor.execute(HttpCommandExecutor.java:158)&#xa;	at org.openqa.selenium.remote.service.DriverCommandExecutor.execute(DriverCommandExecutor.java:83)&#xa;	at org.openqa.selenium.remote.RemoteWebDriver.execute(RemoteWebDriver.java:552)&#xa;	at com.kms.katalon.selenium.driver.CChromeDriver.execute(CChromeDriver.java:19)&#xa;	at org.openqa.selenium.remote.RemoteWebElement.execute(RemoteWebElement.java:285)&#xa;	at org.openqa.selenium.remote.RemoteWebElement.clear(RemoteWebElement.java:124)&#xa;	at jdk.internal.reflect.GeneratedMethodAccessor18.invoke(Unknown Source)&#xa;	at java.base/jdk.internal.reflect.DelegatingMethodAccessorImpl.invoke(DelegatingMethodAccessorImpl.java:43)&#xa;	at org.openqa.selenium.support.events.EventFiringWebDriver$EventFiringWebElement.lambda$new$0(EventFiringWebDriver.java:404)&#xa;	at jdk.proxy2/jdk.proxy2.$Proxy21.clear(Unknown Source)&#xa;	at org.openqa.selenium.support.events.EventFiringWebDriver$EventFiringWebElement.clear(EventFiringWebDriver.java:436)&#xa;	at com.kms.katalon.core.webui.keyword.builtin.SetTextKeyword$_setText_closure1.doCall(SetTextKeyword.groovy:55)&#xa;	at com.kms.katalon.core.webui.keyword.builtin.SetTextKeyword$_setText_closure1.call(SetTextKeyword.groovy)&#xa;	at com.kms.katalon.core.webui.keyword.internal.WebUIKeywordMain.runKeyword(WebUIKeywordMain.groovy:35)&#xa;	... 20 more&#xa;"/>
         <system-out><![CDATA[28-10-2024T10:12:48 - [TEST_CASE][FAILED] - Test Cases/Specific Cases/LS/General/Calendar/Events_Creation/Past Events Creation/Past_Calendar_Event: Test Cases/Specific Cases/LS/General/Calendar/Events_Creation/Past Events Creation/Past_Calendar_Event FAILED.
Reason:
com.kms.katalon.core.exception.StepFailedException: Unable to set text '15' of object 'Object Repository/Specific Cases Repository/LS/Home/Calendar/Calendar_Events/Calendar_Events_Creation/Event/Page_Calendar/input_Reminder_select2-search__field'
	at com.kms.katalon.core.webui.keyword.internal.WebUIKeywordMain.stepFailed(WebUIKeywordMain.groovy:117)
	at com.kms.katalon.core.webui.keyword.internal.WebUIKeywordMain.runKeyword(WebUIKeywordMain.groovy:43)
	at com.kms.katalon.core.webui.keyword.builtin.SetTextKeyword.setText(SetTextKeyword.groovy:85)
	at com.kms.katalon.core.webui.keyword.builtin.SetTextKeyword.execute(SetTextKeyword.groovy:39)
	at com.kms.katalon.core.keyword.internal.KeywordExecutor.executeKeywordForPlatform(KeywordExecutor.groovy:74)
	at com.kms.katalon.core.webui.keyword.WebUiBuiltInKeywords.setText(WebUiBuiltInKeywords.groovy:1019)
	at Past_Calendar_Event.run(Past_Calendar_Event:47)
	at com.kms.katalon.core.main.ScriptEngine.run(ScriptEngine.java:194)
	at com.kms.katalon.core.main.ScriptEngine.runScriptAsRawText(ScriptEngine.java:119)
	at com.kms.katalon.core.main.TestCaseExecutor.runScript(TestCaseExecutor.java:448)
	at com.kms.katalon.core.main.TestCaseExecutor.doExecute(TestCaseExecutor.java:439)
	at com.kms.katalon.core.main.TestCaseExecutor.processExecutionPhase(TestCaseExecutor.java:418)
	at com.kms.katalon.core.main.TestCaseExecutor.accessMainPhase(TestCaseExecutor.java:410)
	at com.kms.katalon.core.main.TestCaseExecutor.execute(TestCaseExecutor.java:285)
	at com.kms.katalon.core.common.CommonExecutor.accessTestCaseMainPhase(CommonExecutor.java:65)
	at com.kms.katalon.core.main.TestSuiteExecutor.accessTestSuiteMainPhase(TestSuiteExecutor.java:150)
	at com.kms.katalon.core.main.TestSuiteExecutor.execute(TestSuiteExecutor.java:106)
	at com.kms.katalon.core.main.TestCaseMain.startTestSuite(TestCaseMain.java:180)
	at TempTestSuite1730128240063.run(TempTestSuite1730128240063.groovy:35)
	at java.base/jdk.internal.reflect.NativeMethodAccessorImpl.invoke0(Native Method)
	at java.base/jdk.internal.reflect.NativeMethodAccessorImpl.invoke(NativeMethodAccessorImpl.java:77)
	at java.base/jdk.internal.reflect.DelegatingMethodAccessorImpl.invoke(DelegatingMethodAccessorImpl.java:43)
Caused by: org.openqa.selenium.ElementNotInteractableException: element not interactable
  (Session info: chrome=130.0.6723.70)
Build info: version: '3.141.59', revision: 'unknown', time: 'unknown'
System info: host: 'ENRIQUE', ip: '192.168.100.147', os.name: 'Windows 11', os.arch: 'amd64', os.version: '10.0', java.version: '17.0.7'
Driver info: com.kms.katalon.selenium.driver.CChromeDriver
Capabilities {acceptInsecureCerts: false, browserName: chrome, browserVersion: 130.0.6723.70, chrome: {chromedriverVersion: 130.0.6723.69 (3ec172b971b9..., userDataDir: C:\Users\Enrique\AppData\Lo...}, fedcm:accounts: true, goog:chromeOptions: {debuggerAddress: localhost:61459}, javascriptEnabled: true, networkConnectionEnabled: false, pageLoadStrategy: normal, platform: WINDOWS, platformName: WINDOWS, proxy: Proxy(), setWindowRect: true, strictFileInteractability: false, timeouts: {implicit: 0, pageLoad: 300000, script: 30000}, unhandledPromptBehavior: dismiss and notify, webauthn:extension:credBlob: true, webauthn:extension:largeBlob: true, webauthn:extension:minPinLength: true, webauthn:extension:prf: true, webauthn:virtualAuthenticators: true}
Session ID: ff84d50574e74ce18c71edf9302723cb
	at java.base/jdk.internal.reflect.NativeConstructorAccessorImpl.newInstance0(Native Method)
	at java.base/jdk.internal.reflect.NativeConstructorAccessorImpl.newInstance(NativeConstructorAccessorImpl.java:77)
	at java.base/jdk.internal.reflect.DelegatingConstructorAccessorImpl.newInstance(DelegatingConstructorAccessorImpl.java:45)
	at org.openqa.selenium.remote.http.W3CHttpResponseCodec.createException(W3CHttpResponseCodec.java:187)
	at org.openqa.selenium.remote.http.W3CHttpResponseCodec.decode(W3CHttpResponseCodec.java:122)
	at org.openqa.selenium.remote.http.W3CHttpResponseCodec.decode(W3CHttpResponseCodec.java:49)
	at org.openqa.selenium.remote.HttpCommandExecutor.execute(HttpCommandExecutor.java:158)
	at org.openqa.selenium.remote.service.DriverCommandExecutor.execute(DriverCommandExecutor.java:83)
	at org.openqa.selenium.remote.RemoteWebDriver.execute(RemoteWebDriver.java:552)
	at com.kms.katalon.selenium.driver.CChromeDriver.execute(CChromeDriver.java:19)
	at org.openqa.selenium.remote.RemoteWebElement.execute(RemoteWebElement.java:285)
	at org.openqa.selenium.remote.RemoteWebElement.clear(RemoteWebElement.java:124)
	at jdk.internal.reflect.GeneratedMethodAccessor18.invoke(Unknown Source)
	at java.base/jdk.internal.reflect.DelegatingMethodAccessorImpl.invoke(DelegatingMethodAccessorImpl.java:43)
	at org.openqa.selenium.support.events.EventFiringWebDriver$EventFiringWebElement.lambda$new$0(EventFiringWebDriver.java:404)
	at jdk.proxy2/jdk.proxy2.$Proxy21.clear(Unknown Source)
	at org.openqa.selenium.support.events.EventFiringWebDriver$EventFiringWebElement.clear(EventFiringWebDriver.java:436)
	at com.kms.katalon.core.webui.keyword.builtin.SetTextKeyword$_setText_closure1.doCall(SetTextKeyword.groovy:55)
	at com.kms.katalon.core.webui.keyword.builtin.SetTextKeyword$_setText_closure1.call(SetTextKeyword.groovy)
	at com.kms.katalon.core.webui.keyword.internal.WebUIKeywordMain.runKeyword(WebUIKeywordMain.groovy:35)
	... 20 more


28-10-2024T10:12:49 - [TEST_STEP][PASSED] - callTestCase(findTestCase("Common Cases/Login"), [:], STOP_ON_FAILURE): Call Test Case 'Test Cases/Common Cases/Login' successfully

28-10-2024T10:12:49 - [TEST_CASE][PASSED] - Test Cases/Common Cases/Login: Test Cases/Common Cases/Login

28-10-2024T10:12:49 - [TEST_STEP][PASSED] - openBrowser(""): Browser is opened with url: ''

28-10-2024T10:12:49 - [MESSAGE][WARNING] - A browser is already opened. Closing browser and opening a new one

28-10-2024T10:12:49 - [MESSAGE][INFO] - Starting 'Chrome' driver

28-10-2024T10:12:49 - [MESSAGE][INFO] - Action delay is set to 0 milliseconds

28-10-2024T10:12:50 - [MESSAGE][PASSED] - Browser is opened with url: ''

28-10-2024T10:12:50 - [TEST_STEP][PASSED] - maximizeWindow(): Current window maximized

28-10-2024T10:12:50 - [MESSAGE][PASSED] - Current window maximized

28-10-2024T10:12:50 - [TEST_STEP][PASSED] - navigateToUrl("https://site17.lsapp.cloud/auth/login"): Navigate to 'https://site17.lsapp.cloud/auth/login' successfully

28-10-2024T10:12:51 - [MESSAGE][PASSED] - Navigate to 'https://site17.lsapp.cloud/auth/login' successfully

28-10-2024T10:12:51 - [TEST_STEP][PASSED] - setText(findTestObject("Object Repository/Common Cases Repository/Login/Page_Lightning Step/input_Email_email"), "automation@lightningstep.com"): Text 'automation@lightningstep.com' is set on object 'Object Repository/Common Cases Repository/Login/Page_Lightning Step/input_Email_email'

28-10-2024T10:12:52 - [MESSAGE][PASSED] - Text 'automation@lightningstep.com' is set on object 'Object Repository/Common Cases Repository/Login/Page_Lightning Step/input_Email_email'

28-10-2024T10:12:52 - [TEST_STEP][PASSED] - setEncryptedText(findTestObject("Object Repository/Common Cases Repository/Login/Page_Lightning Step/input_Password_password"), "e5N8VHmnhJDITtQaQhDQDw=="): Text ****** has been set on object 'Object Repository/Common Cases Repository/Login/Page_Lightning Step/input_Password_password'

28-10-2024T10:12:53 - [MESSAGE][PASSED] - Text ****** has been set on object 'Object Repository/Common Cases Repository/Login/Page_Lightning Step/input_Password_password'

28-10-2024T10:12:53 - [TEST_STEP][PASSED] - click(findTestObject("Object Repository/Common Cases Repository/Login/Page_Lightning Step/button_Sign in")): Object: 'Object Repository/Common Cases Repository/Login/Page_Lightning Step/button_Sign in' is clicked on

28-10-2024T10:13:01 - [MESSAGE][PASSED] - Object: 'Object Repository/Common Cases Repository/Login/Page_Lightning Step/button_Sign in' is clicked on

28-10-2024T10:13:01 - [MESSAGE][PASSED] - Call Test Case 'Test Cases/Common Cases/Login' successfully

28-10-2024T10:13:01 - [TEST_STEP][PASSED] - click(findTestObject("Object Repository/Specific Cases Repository/LS/Home/Calendar/Calendar_Events/Calendar_Events_Creation/Event/Page_Home/a_Calendar")): Object: 'Object Repository/Specific Cases Repository/LS/Home/Calendar/Calendar_Events/Calendar_Events_Creation/Event/Page_Home/a_Calendar' is clicked on

28-10-2024T10:13:04 - [MESSAGE][PASSED] - Object: 'Object Repository/Specific Cases Repository/LS/Home/Calendar/Calendar_Events/Calendar_Events_Creation/Event/Page_Home/a_Calendar' is clicked on

28-10-2024T10:13:04 - [TEST_STEP][PASSED] - click(findTestObject("Object Repository/Specific Cases Repository/LS/Home/Calendar/Calendar_Events/Calendar_Events_Creation/Appointment/Page_Calendar/div_Week")): Object: 'Object Repository/Specific Cases Repository/LS/Home/Calendar/Calendar_Events/Calendar_Events_Creation/Appointment/Page_Calendar/div_Week' is clicked on

28-10-2024T10:13:05 - [MESSAGE][PASSED] - Object: 'Object Repository/Specific Cases Repository/LS/Home/Calendar/Calendar_Events/Calendar_Events_Creation/Appointment/Page_Calendar/div_Week' is clicked on

28-10-2024T10:13:05 - [TEST_STEP][PASSED] - click(findTestObject("Object Repository/Specific Cases Repository/LS/Home/Calendar/Calendar_Events/Calendar_Events_Creation/Event/Page_Calendar/button_Create new")): Object: 'Object Repository/Specific Cases Repository/LS/Home/Calendar/Calendar_Events/Calendar_Events_Creation/Event/Page_Calendar/button_Create new' is clicked on

28-10-2024T10:13:06 - [MESSAGE][PASSED] - Object: 'Object Repository/Specific Cases Repository/LS/Home/Calendar/Calendar_Events/Calendar_Events_Creation/Event/Page_Calendar/button_Create new' is clicked on

28-10-2024T10:13:06 - [TEST_STEP][PASSED] - click(findTestObject("Object Repository/Specific Cases Repository/LS/Home/Calendar/Calendar_Events/Calendar_Events_Creation/Event/Page_Calendar/label_Event")): Object: 'Object Repository/Specific Cases Repository/LS/Home/Calendar/Calendar_Events/Calendar_Events_Creation/Event/Page_Calendar/label_Event' is clicked on

28-10-2024T10:13:07 - [MESSAGE][PASSED] - Object: 'Object Repository/Specific Cases Repository/LS/Home/Calendar/Calendar_Events/Calendar_Events_Creation/Event/Page_Calendar/label_Event' is clicked on

28-10-2024T10:13:07 - [TEST_STEP][PASSED] - setText(findTestObject("Object Repository/Specific Cases Repository/LS/Home/Calendar/Calendar_Events/Calendar_Events_Creation/Event/Page_Calendar/input_Title_title_"), "Past Automation Event"): Text 'Past Automation Event' is set on object 'Object Repository/Specific Cases Repository/LS/Home/Calendar/Calendar_Events/Calendar_Events_Creation/Event/Page_Calendar/input_Title_title_'

28-10-2024T10:13:08 - [MESSAGE][PASSED] - Text 'Past Automation Event' is set on object 'Object Repository/Specific Cases Repository/LS/Home/Calendar/Calendar_Events/Calendar_Events_Creation/Event/Page_Calendar/input_Title_title_'

28-10-2024T10:13:08 - [TEST_STEP][PASSED] - click(findTestObject("Object Repository/Specific Cases Repository/LS/Home/Calendar/Calendar_Events/Calendar_Events_Creation/Appointment/Page_Calendar/Date")): Object: 'Object Repository/Specific Cases Repository/LS/Home/Calendar/Calendar_Events/Calendar_Events_Creation/Appointment/Page_Calendar/Date' is clicked on

28-10-2024T10:13:08 - [MESSAGE][PASSED] - Object: 'Object Repository/Specific Cases Repository/LS/Home/Calendar/Calendar_Events/Calendar_Events_Creation/Appointment/Page_Calendar/Date' is clicked on

28-10-2024T10:13:08 - [TEST_STEP][PASSED] - setText(findTestObject("Object Repository/Specific Cases Repository/LS/Home/Calendar/Calendar_Events/Calendar_Events_Creation/Appointment/Page_Calendar/Date"), Last_Week_Date): Text '10/21/2024' is set on object 'Object Repository/Specific Cases Repository/LS/Home/Calendar/Calendar_Events/Calendar_Events_Creation/Appointment/Page_Calendar/Date'

28-10-2024T10:13:09 - [MESSAGE][PASSED] - Text '10/21/2024' is set on object 'Object Repository/Specific Cases Repository/LS/Home/Calendar/Calendar_Events/Calendar_Events_Creation/Appointment/Page_Calendar/Date'

28-10-2024T10:13:09 - [TEST_STEP][PASSED] - click(findTestObject("Object Repository/Specific Cases Repository/LS/Home/Calendar/Calendar_Events/Calendar_Events_Creation/Appointment/Page_Calendar/Start Time Clock")): Object: 'Object Repository/Specific Cases Repository/LS/Home/Calendar/Calendar_Events/Calendar_Events_Creation/Appointment/Page_Calendar/Start Time Clock' is clicked on

28-10-2024T10:13:11 - [MESSAGE][PASSED] - Object: 'Object Repository/Specific Cases Repository/LS/Home/Calendar/Calendar_Events/Calendar_Events_Creation/Appointment/Page_Calendar/Start Time Clock' is clicked on

28-10-2024T10:13:11 - [TEST_STEP][PASSED] - setText(findTestObject("Object Repository/Specific Cases Repository/LS/Home/Calendar/Calendar_Events/Calendar_Events_Creation/Appointment/Page_Calendar/Start Time Clock"), "1400"): Text '1400' is set on object 'Object Repository/Specific Cases Repository/LS/Home/Calendar/Calendar_Events/Calendar_Events_Creation/Appointment/Page_Calendar/Start Time Clock'

28-10-2024T10:13:11 - [MESSAGE][PASSED] - Text '1400' is set on object 'Object Repository/Specific Cases Repository/LS/Home/Calendar/Calendar_Events/Calendar_Events_Creation/Appointment/Page_Calendar/Start Time Clock'

28-10-2024T10:13:11 - [TEST_STEP][PASSED] - click(findTestObject("Object Repository/Specific Cases Repository/LS/Home/Calendar/Calendar_Events/Calendar_Events_Creation/Event/Page_Calendar/div_Schedule                               _3f20bf")): Object: 'Object Repository/Specific Cases Repository/LS/Home/Calendar/Calendar_Events/Calendar_Events_Creation/Event/Page_Calendar/div_Schedule                               _3f20bf' is clicked on

28-10-2024T10:13:12 - [MESSAGE][PASSED] - Object: 'Object Repository/Specific Cases Repository/LS/Home/Calendar/Calendar_Events/Calendar_Events_Creation/Event/Page_Calendar/div_Schedule                               _3f20bf' is clicked on

28-10-2024T10:13:12 - [TEST_STEP][PASSED] - click(findTestObject("Object Repository/Specific Cases Repository/LS/Home/Calendar/Calendar_Events/Calendar_Events_Creation/Event/Page_Calendar/button_Reminder__simple-switch-track")): Object: 'Object Repository/Specific Cases Repository/LS/Home/Calendar/Calendar_Events/Calendar_Events_Creation/Event/Page_Calendar/button_Reminder__simple-switch-track' is clicked on

28-10-2024T10:13:12 - [MESSAGE][PASSED] - Object: 'Object Repository/Specific Cases Repository/LS/Home/Calendar/Calendar_Events/Calendar_Events_Creation/Event/Page_Calendar/button_Reminder__simple-switch-track' is clicked on

28-10-2024T10:13:12 - [TEST_STEP][FAILED] - setText(findTestObject("Object Repository/Specific Cases Repository/LS/Home/Calendar/Calendar_Events/Calendar_Events_Creation/Event/Page_Calendar/input_Reminder_select2-search__field"), "15"): Unable to set text '15' of object 'Object Repository/Specific Cases Repository/LS/Home/Calendar/Calendar_Events/Calendar_Events_Creation/Event/Page_Calendar/input_Reminder_select2-search__field' (Root cause: com.kms.katalon.core.exception.StepFailedException: Unable to set text '15' of object 'Object Repository/Specific Cases Repository/LS/Home/Calendar/Calendar_Events/Calendar_Events_Creation/Event/Page_Calendar/input_Reminder_select2-search__field'
	at com.kms.katalon.core.webui.keyword.internal.WebUIKeywordMain.stepFailed(WebUIKeywordMain.groovy:117)
	at com.kms.katalon.core.webui.keyword.internal.WebUIKeywordMain.runKeyword(WebUIKeywordMain.groovy:43)
	at com.kms.katalon.core.webui.keyword.builtin.SetTextKeyword.setText(SetTextKeyword.groovy:85)
	at com.kms.katalon.core.webui.keyword.builtin.SetTextKeyword.execute(SetTextKeyword.groovy:39)
	at com.kms.katalon.core.keyword.internal.KeywordExecutor.executeKeywordForPlatform(KeywordExecutor.groovy:74)
	at com.kms.katalon.core.webui.keyword.WebUiBuiltInKeywords.setText(WebUiBuiltInKeywords.groovy:1019)
	at Past_Calendar_Event.run(Past_Calendar_Event:47)
	at com.kms.katalon.core.main.ScriptEngine.run(ScriptEngine.java:194)
	at com.kms.katalon.core.main.ScriptEngine.runScriptAsRawText(ScriptEngine.java:119)
	at com.kms.katalon.core.main.TestCaseExecutor.runScript(TestCaseExecutor.java:448)
	at com.kms.katalon.core.main.TestCaseExecutor.doExecute(TestCaseExecutor.java:439)
	at com.kms.katalon.core.main.TestCaseExecutor.processExecutionPhase(TestCaseExecutor.java:418)
	at com.kms.katalon.core.main.TestCaseExecutor.accessMainPhase(TestCaseExecutor.java:410)
	at com.kms.katalon.core.main.TestCaseExecutor.execute(TestCaseExecutor.java:285)
	at com.kms.katalon.core.common.CommonExecutor.accessTestCaseMainPhase(CommonExecutor.java:65)
	at com.kms.katalon.core.main.TestSuiteExecutor.accessTestSuiteMainPhase(TestSuiteExecutor.java:150)
	at com.kms.katalon.core.main.TestSuiteExecutor.execute(TestSuiteExecutor.java:106)
	at com.kms.katalon.core.main.TestCaseMain.startTestSuite(TestCaseMain.java:180)
	at TempTestSuite1730128240063.run(TempTestSuite1730128240063.groovy:35)
	at java.base/jdk.internal.reflect.NativeMethodAccessorImpl.invoke0(Native Method)
	at java.base/jdk.internal.reflect.NativeMethodAccessorImpl.invoke(NativeMethodAccessorImpl.java:77)
	at java.base/jdk.internal.reflect.DelegatingMethodAccessorImpl.invoke(DelegatingMethodAccessorImpl.java:43)
Caused by: org.openqa.selenium.ElementNotInteractableException: element not interactable
  (Session info: chrome=130.0.6723.70)
Build info: version: '3.141.59', revision: 'unknown', time: 'unknown'
System info: host: 'ENRIQUE', ip: '192.168.100.147', os.name: 'Windows 11', os.arch: 'amd64', os.version: '10.0', java.version: '17.0.7'
Driver info: com.kms.katalon.selenium.driver.CChromeDriver
Capabilities {acceptInsecureCerts: false, browserName: chrome, browserVersion: 130.0.6723.70, chrome: {chromedriverVersion: 130.0.6723.69 (3ec172b971b9..., userDataDir: C:\Users\Enrique\AppData\Lo...}, fedcm:accounts: true, goog:chromeOptions: {debuggerAddress: localhost:61459}, javascriptEnabled: true, networkConnectionEnabled: false, pageLoadStrategy: normal, platform: WINDOWS, platformName: WINDOWS, proxy: Proxy(), setWindowRect: true, strictFileInteractability: false, timeouts: {implicit: 0, pageLoad: 300000, script: 30000}, unhandledPromptBehavior: dismiss and notify, webauthn:extension:credBlob: true, webauthn:extension:largeBlob: true, webauthn:extension:minPinLength: true, webauthn:extension:prf: true, webauthn:virtualAuthenticators: true}
Session ID: ff84d50574e74ce18c71edf9302723cb
	at java.base/jdk.internal.reflect.NativeConstructorAccessorImpl.newInstance0(Native Method)
	at java.base/jdk.internal.reflect.NativeConstructorAccessorImpl.newInstance(NativeConstructorAccessorImpl.java:77)
	at java.base/jdk.internal.reflect.DelegatingConstructorAccessorImpl.newInstance(DelegatingConstructorAccessorImpl.java:45)
	at org.openqa.selenium.remote.http.W3CHttpResponseCodec.createException(W3CHttpResponseCodec.java:187)
	at org.openqa.selenium.remote.http.W3CHttpResponseCodec.decode(W3CHttpResponseCodec.java:122)
	at org.openqa.selenium.remote.http.W3CHttpResponseCodec.decode(W3CHttpResponseCodec.java:49)
	at org.openqa.selenium.remote.HttpCommandExecutor.execute(HttpCommandExecutor.java:158)
	at org.openqa.selenium.remote.service.DriverCommandExecutor.execute(DriverCommandExecutor.java:83)
	at org.openqa.selenium.remote.RemoteWebDriver.execute(RemoteWebDriver.java:552)
	at com.kms.katalon.selenium.driver.CChromeDriver.execute(CChromeDriver.java:19)
	at org.openqa.selenium.remote.RemoteWebElement.execute(RemoteWebElement.java:285)
	at org.openqa.selenium.remote.RemoteWebElement.clear(RemoteWebElement.java:124)
	at jdk.internal.reflect.GeneratedMethodAccessor18.invoke(Unknown Source)
	at java.base/jdk.internal.reflect.DelegatingMethodAccessorImpl.invoke(DelegatingMethodAccessorImpl.java:43)
	at org.openqa.selenium.support.events.EventFiringWebDriver$EventFiringWebElement.lambda$new$0(EventFiringWebDriver.java:404)
	at jdk.proxy2/jdk.proxy2.$Proxy21.clear(Unknown Source)
	at org.openqa.selenium.support.events.EventFiringWebDriver$EventFiringWebElement.clear(EventFiringWebDriver.java:436)
	at com.kms.katalon.core.webui.keyword.builtin.SetTextKeyword$_setText_closure1.doCall(SetTextKeyword.groovy:55)
	at com.kms.katalon.core.webui.keyword.builtin.SetTextKeyword$_setText_closure1.call(SetTextKeyword.groovy)
	at com.kms.katalon.core.webui.keyword.internal.WebUIKeywordMain.runKeyword(WebUIKeywordMain.groovy:35)
	at com.kms.katalon.core.webui.keyword.builtin.SetTextKeyword.setText(SetTextKeyword.groovy:85)
	at com.kms.katalon.core.webui.keyword.builtin.SetTextKeyword.execute(SetTextKeyword.groovy:39)
	at com.kms.katalon.core.keyword.internal.KeywordExecutor.executeKeywordForPlatform(KeywordExecutor.groovy:74)
	at com.kms.katalon.core.webui.keyword.WebUiBuiltInKeywords.setText(WebUiBuiltInKeywords.groovy:1019)
	at Script1727458510281.run(Script1727458510281.groovy:47)
	... 15 more
)

28-10-2024T10:13:13 - [MESSAGE][FAILED] - Unable to set text '15' of object 'Object Repository/Specific Cases Repository/LS/Home/Calendar/Calendar_Events/Calendar_Events_Creation/Event/Page_Calendar/input_Reminder_select2-search__field' (Root cause: com.kms.katalon.core.exception.StepFailedException: Unable to set text '15' of object 'Object Repository/Specific Cases Repository/LS/Home/Calendar/Calendar_Events/Calendar_Events_Creation/Event/Page_Calendar/input_Reminder_select2-search__field'
	at com.kms.katalon.core.webui.keyword.internal.WebUIKeywordMain.stepFailed(WebUIKeywordMain.groovy:117)
	at com.kms.katalon.core.webui.keyword.internal.WebUIKeywordMain.runKeyword(WebUIKeywordMain.groovy:43)
	at com.kms.katalon.core.webui.keyword.builtin.SetTextKeyword.setText(SetTextKeyword.groovy:85)
	at com.kms.katalon.core.webui.keyword.builtin.SetTextKeyword.execute(SetTextKeyword.groovy:39)
	at com.kms.katalon.core.keyword.internal.KeywordExecutor.executeKeywordForPlatform(KeywordExecutor.groovy:74)
	at com.kms.katalon.core.webui.keyword.WebUiBuiltInKeywords.setText(WebUiBuiltInKeywords.groovy:1019)
	at Past_Calendar_Event.run(Past_Calendar_Event:47)
	at com.kms.katalon.core.main.ScriptEngine.run(ScriptEngine.java:194)
	at com.kms.katalon.core.main.ScriptEngine.runScriptAsRawText(ScriptEngine.java:119)
	at com.kms.katalon.core.main.TestCaseExecutor.runScript(TestCaseExecutor.java:448)
	at com.kms.katalon.core.main.TestCaseExecutor.doExecute(TestCaseExecutor.java:439)
	at com.kms.katalon.core.main.TestCaseExecutor.processExecutionPhase(TestCaseExecutor.java:418)
	at com.kms.katalon.core.main.TestCaseExecutor.accessMainPhase(TestCaseExecutor.java:410)
	at com.kms.katalon.core.main.TestCaseExecutor.execute(TestCaseExecutor.java:285)
	at com.kms.katalon.core.common.CommonExecutor.accessTestCaseMainPhase(CommonExecutor.java:65)
	at com.kms.katalon.core.main.TestSuiteExecutor.accessTestSuiteMainPhase(TestSuiteExecutor.java:150)
	at com.kms.katalon.core.main.TestSuiteExecutor.execute(TestSuiteExecutor.java:106)
	at com.kms.katalon.core.main.TestCaseMain.startTestSuite(TestCaseMain.java:180)
	at TempTestSuite1730128240063.run(TempTestSuite1730128240063.groovy:35)
	at java.base/jdk.internal.reflect.NativeMethodAccessorImpl.invoke0(Native Method)
	at java.base/jdk.internal.reflect.NativeMethodAccessorImpl.invoke(NativeMethodAccessorImpl.java:77)
	at java.base/jdk.internal.reflect.DelegatingMethodAccessorImpl.invoke(DelegatingMethodAccessorImpl.java:43)
Caused by: org.openqa.selenium.ElementNotInteractableException: element not interactable
  (Session info: chrome=130.0.6723.70)
Build info: version: '3.141.59', revision: 'unknown', time: 'unknown'
System info: host: 'ENRIQUE', ip: '192.168.100.147', os.name: 'Windows 11', os.arch: 'amd64', os.version: '10.0', java.version: '17.0.7'
Driver info: com.kms.katalon.selenium.driver.CChromeDriver
Capabilities {acceptInsecureCerts: false, browserName: chrome, browserVersion: 130.0.6723.70, chrome: {chromedriverVersion: 130.0.6723.69 (3ec172b971b9..., userDataDir: C:\Users\Enrique\AppData\Lo...}, fedcm:accounts: true, goog:chromeOptions: {debuggerAddress: localhost:61459}, javascriptEnabled: true, networkConnectionEnabled: false, pageLoadStrategy: normal, platform: WINDOWS, platformName: WINDOWS, proxy: Proxy(), setWindowRect: true, strictFileInteractability: false, timeouts: {implicit: 0, pageLoad: 300000, script: 30000}, unhandledPromptBehavior: dismiss and notify, webauthn:extension:credBlob: true, webauthn:extension:largeBlob: true, webauthn:extension:minPinLength: true, webauthn:extension:prf: true, webauthn:virtualAuthenticators: true}
Session ID: ff84d50574e74ce18c71edf9302723cb
	at java.base/jdk.internal.reflect.NativeConstructorAccessorImpl.newInstance0(Native Method)
	at java.base/jdk.internal.reflect.NativeConstructorAccessorImpl.newInstance(NativeConstructorAccessorImpl.java:77)
	at java.base/jdk.internal.reflect.DelegatingConstructorAccessorImpl.newInstance(DelegatingConstructorAccessorImpl.java:45)
	at org.openqa.selenium.remote.http.W3CHttpResponseCodec.createException(W3CHttpResponseCodec.java:187)
	at org.openqa.selenium.remote.http.W3CHttpResponseCodec.decode(W3CHttpResponseCodec.java:122)
	at org.openqa.selenium.remote.http.W3CHttpResponseCodec.decode(W3CHttpResponseCodec.java:49)
	at org.openqa.selenium.remote.HttpCommandExecutor.execute(HttpCommandExecutor.java:158)
	at org.openqa.selenium.remote.service.DriverCommandExecutor.execute(DriverCommandExecutor.java:83)
	at org.openqa.selenium.remote.RemoteWebDriver.execute(RemoteWebDriver.java:552)
	at com.kms.katalon.selenium.driver.CChromeDriver.execute(CChromeDriver.java:19)
	at org.openqa.selenium.remote.RemoteWebElement.execute(RemoteWebElement.java:285)
	at org.openqa.selenium.remote.RemoteWebElement.clear(RemoteWebElement.java:124)
	at jdk.internal.reflect.GeneratedMethodAccessor18.invoke(Unknown Source)
	at java.base/jdk.internal.reflect.DelegatingMethodAccessorImpl.invoke(DelegatingMethodAccessorImpl.java:43)
	at org.openqa.selenium.support.events.EventFiringWebDriver$EventFiringWebElement.lambda$new$0(EventFiringWebDriver.java:404)
	at jdk.proxy2/jdk.proxy2.$Proxy21.clear(Unknown Source)
	at org.openqa.selenium.support.events.EventFiringWebDriver$EventFiringWebElement.clear(EventFiringWebDriver.java:436)
	at com.kms.katalon.core.webui.keyword.builtin.SetTextKeyword$_setText_closure1.doCall(SetTextKeyword.groovy:55)
	at com.kms.katalon.core.webui.keyword.builtin.SetTextKeyword$_setText_closure1.call(SetTextKeyword.groovy)
	at com.kms.katalon.core.webui.keyword.internal.WebUIKeywordMain.runKeyword(WebUIKeywordMain.groovy:35)
	at com.kms.katalon.core.webui.keyword.builtin.SetTextKeyword.setText(SetTextKeyword.groovy:85)
	at com.kms.katalon.core.webui.keyword.builtin.SetTextKeyword.execute(SetTextKeyword.groovy:39)
	at com.kms.katalon.core.keyword.internal.KeywordExecutor.executeKeywordForPlatform(KeywordExecutor.groovy:74)
	at com.kms.katalon.core.webui.keyword.WebUiBuiltInKeywords.setText(WebUiBuiltInKeywords.groovy:1019)
	at Script1727458510281.run(Script1727458510281.groovy:47)
	... 15 more
)]]></system-out>
         <system-err><![CDATA[28-10-2024T10:12:48 - [TEST_CASE][FAILED] - Test Cases/Specific Cases/LS/General/Calendar/Events_Creation/Past Events Creation/Past_Calendar_Event: Test Cases/Specific Cases/LS/General/Calendar/Events_Creation/Past Events Creation/Past_Calendar_Event FAILED.
Reason:
com.kms.katalon.core.exception.StepFailedException: Unable to set text '15' of object 'Object Repository/Specific Cases Repository/LS/Home/Calendar/Calendar_Events/Calendar_Events_Creation/Event/Page_Calendar/input_Reminder_select2-search__field'
	at com.kms.katalon.core.webui.keyword.internal.WebUIKeywordMain.stepFailed(WebUIKeywordMain.groovy:117)
	at com.kms.katalon.core.webui.keyword.internal.WebUIKeywordMain.runKeyword(WebUIKeywordMain.groovy:43)
	at com.kms.katalon.core.webui.keyword.builtin.SetTextKeyword.setText(SetTextKeyword.groovy:85)
	at com.kms.katalon.core.webui.keyword.builtin.SetTextKeyword.execute(SetTextKeyword.groovy:39)
	at com.kms.katalon.core.keyword.internal.KeywordExecutor.executeKeywordForPlatform(KeywordExecutor.groovy:74)
	at com.kms.katalon.core.webui.keyword.WebUiBuiltInKeywords.setText(WebUiBuiltInKeywords.groovy:1019)
	at Past_Calendar_Event.run(Past_Calendar_Event:47)
	at com.kms.katalon.core.main.ScriptEngine.run(ScriptEngine.java:194)
	at com.kms.katalon.core.main.ScriptEngine.runScriptAsRawText(ScriptEngine.java:119)
	at com.kms.katalon.core.main.TestCaseExecutor.runScript(TestCaseExecutor.java:448)
	at com.kms.katalon.core.main.TestCaseExecutor.doExecute(TestCaseExecutor.java:439)
	at com.kms.katalon.core.main.TestCaseExecutor.processExecutionPhase(TestCaseExecutor.java:418)
	at com.kms.katalon.core.main.TestCaseExecutor.accessMainPhase(TestCaseExecutor.java:410)
	at com.kms.katalon.core.main.TestCaseExecutor.execute(TestCaseExecutor.java:285)
	at com.kms.katalon.core.common.CommonExecutor.accessTestCaseMainPhase(CommonExecutor.java:65)
	at com.kms.katalon.core.main.TestSuiteExecutor.accessTestSuiteMainPhase(TestSuiteExecutor.java:150)
	at com.kms.katalon.core.main.TestSuiteExecutor.execute(TestSuiteExecutor.java:106)
	at com.kms.katalon.core.main.TestCaseMain.startTestSuite(TestCaseMain.java:180)
	at TempTestSuite1730128240063.run(TempTestSuite1730128240063.groovy:35)
	at java.base/jdk.internal.reflect.NativeMethodAccessorImpl.invoke0(Native Method)
	at java.base/jdk.internal.reflect.NativeMethodAccessorImpl.invoke(NativeMethodAccessorImpl.java:77)
	at java.base/jdk.internal.reflect.DelegatingMethodAccessorImpl.invoke(DelegatingMethodAccessorImpl.java:43)
Caused by: org.openqa.selenium.ElementNotInteractableException: element not interactable
  (Session info: chrome=130.0.6723.70)
Build info: version: '3.141.59', revision: 'unknown', time: 'unknown'
System info: host: 'ENRIQUE', ip: '192.168.100.147', os.name: 'Windows 11', os.arch: 'amd64', os.version: '10.0', java.version: '17.0.7'
Driver info: com.kms.katalon.selenium.driver.CChromeDriver
Capabilities {acceptInsecureCerts: false, browserName: chrome, browserVersion: 130.0.6723.70, chrome: {chromedriverVersion: 130.0.6723.69 (3ec172b971b9..., userDataDir: C:\Users\Enrique\AppData\Lo...}, fedcm:accounts: true, goog:chromeOptions: {debuggerAddress: localhost:61459}, javascriptEnabled: true, networkConnectionEnabled: false, pageLoadStrategy: normal, platform: WINDOWS, platformName: WINDOWS, proxy: Proxy(), setWindowRect: true, strictFileInteractability: false, timeouts: {implicit: 0, pageLoad: 300000, script: 30000}, unhandledPromptBehavior: dismiss and notify, webauthn:extension:credBlob: true, webauthn:extension:largeBlob: true, webauthn:extension:minPinLength: true, webauthn:extension:prf: true, webauthn:virtualAuthenticators: true}
Session ID: ff84d50574e74ce18c71edf9302723cb
	at java.base/jdk.internal.reflect.NativeConstructorAccessorImpl.newInstance0(Native Method)
	at java.base/jdk.internal.reflect.NativeConstructorAccessorImpl.newInstance(NativeConstructorAccessorImpl.java:77)
	at java.base/jdk.internal.reflect.DelegatingConstructorAccessorImpl.newInstance(DelegatingConstructorAccessorImpl.java:45)
	at org.openqa.selenium.remote.http.W3CHttpResponseCodec.createException(W3CHttpResponseCodec.java:187)
	at org.openqa.selenium.remote.http.W3CHttpResponseCodec.decode(W3CHttpResponseCodec.java:122)
	at org.openqa.selenium.remote.http.W3CHttpResponseCodec.decode(W3CHttpResponseCodec.java:49)
	at org.openqa.selenium.remote.HttpCommandExecutor.execute(HttpCommandExecutor.java:158)
	at org.openqa.selenium.remote.service.DriverCommandExecutor.execute(DriverCommandExecutor.java:83)
	at org.openqa.selenium.remote.RemoteWebDriver.execute(RemoteWebDriver.java:552)
	at com.kms.katalon.selenium.driver.CChromeDriver.execute(CChromeDriver.java:19)
	at org.openqa.selenium.remote.RemoteWebElement.execute(RemoteWebElement.java:285)
	at org.openqa.selenium.remote.RemoteWebElement.clear(RemoteWebElement.java:124)
	at jdk.internal.reflect.GeneratedMethodAccessor18.invoke(Unknown Source)
	at java.base/jdk.internal.reflect.DelegatingMethodAccessorImpl.invoke(DelegatingMethodAccessorImpl.java:43)
	at org.openqa.selenium.support.events.EventFiringWebDriver$EventFiringWebElement.lambda$new$0(EventFiringWebDriver.java:404)
	at jdk.proxy2/jdk.proxy2.$Proxy21.clear(Unknown Source)
	at org.openqa.selenium.support.events.EventFiringWebDriver$EventFiringWebElement.clear(EventFiringWebDriver.java:436)
	at com.kms.katalon.core.webui.keyword.builtin.SetTextKeyword$_setText_closure1.doCall(SetTextKeyword.groovy:55)
	at com.kms.katalon.core.webui.keyword.builtin.SetTextKeyword$_setText_closure1.call(SetTextKeyword.groovy)
	at com.kms.katalon.core.webui.keyword.internal.WebUIKeywordMain.runKeyword(WebUIKeywordMain.groovy:35)
	... 20 more]]></system-err>
      </testcase>
      <testcase name="Test Cases/Specific Cases/LS/General/Calendar/Events_Creation/Past Events Creation/Past_Calendar_Groups" time="19.03" classname="Test Cases/Specific Cases/LS/General/Calendar/Events_Creation/Past Events Creation/Past_Calendar_Groups" status="FAILED">
         <failure type="FAILED" message="Test Cases/Specific Cases/LS/General/Calendar/Events_Creation/Past Events Creation/Past_Calendar_Groups FAILED.&#xa;Reason:&#xa;com.kms.katalon.core.exception.StepFailedException: Unable to set text '1.2' of object 'Object Repository/Specific Cases Repository/LS/Home/Calendar/Calendar_Events/Calendar_Events_Creation/Group/Page_Calendar/input_Loading_select2-search__field'&#xa;	at com.kms.katalon.core.webui.keyword.internal.WebUIKeywordMain.stepFailed(WebUIKeywordMain.groovy:117)&#xa;	at com.kms.katalon.core.webui.keyword.internal.WebUIKeywordMain.runKeyword(WebUIKeywordMain.groovy:43)&#xa;	at com.kms.katalon.core.webui.keyword.builtin.SetTextKeyword.setText(SetTextKeyword.groovy:85)&#xa;	at com.kms.katalon.core.webui.keyword.builtin.SetTextKeyword.execute(SetTextKeyword.groovy:39)&#xa;	at com.kms.katalon.core.keyword.internal.KeywordExecutor.executeKeywordForPlatform(KeywordExecutor.groovy:74)&#xa;	at com.kms.katalon.core.webui.keyword.WebUiBuiltInKeywords.setText(WebUiBuiltInKeywords.groovy:1019)&#xa;	at Past_Calendar_Groups.run(Past_Calendar_Groups:32)&#xa;	at com.kms.katalon.core.main.ScriptEngine.run(ScriptEngine.java:194)&#xa;	at com.kms.katalon.core.main.ScriptEngine.runScriptAsRawText(ScriptEngine.java:119)&#xa;	at com.kms.katalon.core.main.TestCaseExecutor.runScript(TestCaseExecutor.java:448)&#xa;	at com.kms.katalon.core.main.TestCaseExecutor.doExecute(TestCaseExecutor.java:439)&#xa;	at com.kms.katalon.core.main.TestCaseExecutor.processExecutionPhase(TestCaseExecutor.java:418)&#xa;	at com.kms.katalon.core.main.TestCaseExecutor.accessMainPhase(TestCaseExecutor.java:410)&#xa;	at com.kms.katalon.core.main.TestCaseExecutor.execute(TestCaseExecutor.java:285)&#xa;	at com.kms.katalon.core.common.CommonExecutor.accessTestCaseMainPhase(CommonExecutor.java:65)&#xa;	at com.kms.katalon.core.main.TestSuiteExecutor.accessTestSuiteMainPhase(TestSuiteExecutor.java:150)&#xa;	at com.kms.katalon.core.main.TestSuiteExecutor.execute(TestSuiteExecutor.java:106)&#xa;	at com.kms.katalon.core.main.TestCaseMain.startTestSuite(TestCaseMain.java:180)&#xa;	at TempTestSuite1730128240063.run(TempTestSuite1730128240063.groovy:35)&#xa;	at java.base/jdk.internal.reflect.NativeMethodAccessorImpl.invoke0(Native Method)&#xa;	at java.base/jdk.internal.reflect.NativeMethodAccessorImpl.invoke(NativeMethodAccessorImpl.java:77)&#xa;	at java.base/jdk.internal.reflect.DelegatingMethodAccessorImpl.invoke(DelegatingMethodAccessorImpl.java:43)&#xa;Caused by: org.openqa.selenium.ElementNotInteractableException: element not interactable&#xa;  (Session info: chrome=130.0.6723.70)&#xa;Build info: version: '3.141.59', revision: 'unknown', time: 'unknown'&#xa;System info: host: 'ENRIQUE', ip: '192.168.100.147', os.name: 'Windows 11', os.arch: 'amd64', os.version: '10.0', java.version: '17.0.7'&#xa;Driver info: com.kms.katalon.selenium.driver.CChromeDriver&#xa;Capabilities {acceptInsecureCerts: false, browserName: chrome, browserVersion: 130.0.6723.70, chrome: {chromedriverVersion: 130.0.6723.69 (3ec172b971b9..., userDataDir: C:\Users\Enrique\AppData\Lo...}, fedcm:accounts: true, goog:chromeOptions: {debuggerAddress: localhost:61496}, javascriptEnabled: true, networkConnectionEnabled: false, pageLoadStrategy: normal, platform: WINDOWS, platformName: WINDOWS, proxy: Proxy(), setWindowRect: true, strictFileInteractability: false, timeouts: {implicit: 0, pageLoad: 300000, script: 30000}, unhandledPromptBehavior: dismiss and notify, webauthn:extension:credBlob: true, webauthn:extension:largeBlob: true, webauthn:extension:minPinLength: true, webauthn:extension:prf: true, webauthn:virtualAuthenticators: true}&#xa;Session ID: c738cdfc853f25d55767aeae300f3cc8&#xa;	at java.base/jdk.internal.reflect.NativeConstructorAccessorImpl.newInstance0(Native Method)&#xa;	at java.base/jdk.internal.reflect.NativeConstructorAccessorImpl.newInstance(NativeConstructorAccessorImpl.java:77)&#xa;	at java.base/jdk.internal.reflect.DelegatingConstructorAccessorImpl.newInstance(DelegatingConstructorAccessorImpl.java:45)&#xa;	at org.openqa.selenium.remote.http.W3CHttpResponseCodec.createException(W3CHttpResponseCodec.java:187)&#xa;	at org.openqa.selenium.remote.http.W3CHttpResponseCodec.decode(W3CHttpResponseCodec.java:122)&#xa;	at org.openqa.selenium.remote.http.W3CHttpResponseCodec.decode(W3CHttpResponseCodec.java:49)&#xa;	at org.openqa.selenium.remote.HttpCommandExecutor.execute(HttpCommandExecutor.java:158)&#xa;	at org.openqa.selenium.remote.service.DriverCommandExecutor.execute(DriverCommandExecutor.java:83)&#xa;	at org.openqa.selenium.remote.RemoteWebDriver.execute(RemoteWebDriver.java:552)&#xa;	at com.kms.katalon.selenium.driver.CChromeDriver.execute(CChromeDriver.java:19)&#xa;	at org.openqa.selenium.remote.RemoteWebElement.execute(RemoteWebElement.java:285)&#xa;	at org.openqa.selenium.remote.RemoteWebElement.sendKeys(RemoteWebElement.java:106)&#xa;	at jdk.internal.reflect.GeneratedMethodAccessor19.invoke(Unknown Source)&#xa;	at java.base/jdk.internal.reflect.DelegatingMethodAccessorImpl.invoke(DelegatingMethodAccessorImpl.java:43)&#xa;	at org.openqa.selenium.support.events.EventFiringWebDriver$EventFiringWebElement.lambda$new$0(EventFiringWebDriver.java:404)&#xa;	at jdk.proxy2/jdk.proxy2.$Proxy21.sendKeys(Unknown Source)&#xa;	at org.openqa.selenium.support.events.EventFiringWebDriver$EventFiringWebElement.sendKeys(EventFiringWebDriver.java:429)&#xa;	at com.kms.katalon.core.webui.keyword.builtin.SetTextKeyword$_setText_closure1.doCall(SetTextKeyword.groovy:71)&#xa;	at com.kms.katalon.core.webui.keyword.builtin.SetTextKeyword$_setText_closure1.call(SetTextKeyword.groovy)&#xa;	at com.kms.katalon.core.webui.keyword.internal.WebUIKeywordMain.runKeyword(WebUIKeywordMain.groovy:35)&#xa;	... 20 more&#xa;"/>
         <system-out><![CDATA[28-10-2024T10:13:13 - [TEST_CASE][FAILED] - Test Cases/Specific Cases/LS/General/Calendar/Events_Creation/Past Events Creation/Past_Calendar_Groups: Test Cases/Specific Cases/LS/General/Calendar/Events_Creation/Past Events Creation/Past_Calendar_Groups FAILED.
Reason:
com.kms.katalon.core.exception.StepFailedException: Unable to set text '1.2' of object 'Object Repository/Specific Cases Repository/LS/Home/Calendar/Calendar_Events/Calendar_Events_Creation/Group/Page_Calendar/input_Loading_select2-search__field'
	at com.kms.katalon.core.webui.keyword.internal.WebUIKeywordMain.stepFailed(WebUIKeywordMain.groovy:117)
	at com.kms.katalon.core.webui.keyword.internal.WebUIKeywordMain.runKeyword(WebUIKeywordMain.groovy:43)
	at com.kms.katalon.core.webui.keyword.builtin.SetTextKeyword.setText(SetTextKeyword.groovy:85)
	at com.kms.katalon.core.webui.keyword.builtin.SetTextKeyword.execute(SetTextKeyword.groovy:39)
	at com.kms.katalon.core.keyword.internal.KeywordExecutor.executeKeywordForPlatform(KeywordExecutor.groovy:74)
	at com.kms.katalon.core.webui.keyword.WebUiBuiltInKeywords.setText(WebUiBuiltInKeywords.groovy:1019)
	at Past_Calendar_Groups.run(Past_Calendar_Groups:32)
	at com.kms.katalon.core.main.ScriptEngine.run(ScriptEngine.java:194)
	at com.kms.katalon.core.main.ScriptEngine.runScriptAsRawText(ScriptEngine.java:119)
	at com.kms.katalon.core.main.TestCaseExecutor.runScript(TestCaseExecutor.java:448)
	at com.kms.katalon.core.main.TestCaseExecutor.doExecute(TestCaseExecutor.java:439)
	at com.kms.katalon.core.main.TestCaseExecutor.processExecutionPhase(TestCaseExecutor.java:418)
	at com.kms.katalon.core.main.TestCaseExecutor.accessMainPhase(TestCaseExecutor.java:410)
	at com.kms.katalon.core.main.TestCaseExecutor.execute(TestCaseExecutor.java:285)
	at com.kms.katalon.core.common.CommonExecutor.accessTestCaseMainPhase(CommonExecutor.java:65)
	at com.kms.katalon.core.main.TestSuiteExecutor.accessTestSuiteMainPhase(TestSuiteExecutor.java:150)
	at com.kms.katalon.core.main.TestSuiteExecutor.execute(TestSuiteExecutor.java:106)
	at com.kms.katalon.core.main.TestCaseMain.startTestSuite(TestCaseMain.java:180)
	at TempTestSuite1730128240063.run(TempTestSuite1730128240063.groovy:35)
	at java.base/jdk.internal.reflect.NativeMethodAccessorImpl.invoke0(Native Method)
	at java.base/jdk.internal.reflect.NativeMethodAccessorImpl.invoke(NativeMethodAccessorImpl.java:77)
	at java.base/jdk.internal.reflect.DelegatingMethodAccessorImpl.invoke(DelegatingMethodAccessorImpl.java:43)
Caused by: org.openqa.selenium.ElementNotInteractableException: element not interactable
  (Session info: chrome=130.0.6723.70)
Build info: version: '3.141.59', revision: 'unknown', time: 'unknown'
System info: host: 'ENRIQUE', ip: '192.168.100.147', os.name: 'Windows 11', os.arch: 'amd64', os.version: '10.0', java.version: '17.0.7'
Driver info: com.kms.katalon.selenium.driver.CChromeDriver
Capabilities {acceptInsecureCerts: false, browserName: chrome, browserVersion: 130.0.6723.70, chrome: {chromedriverVersion: 130.0.6723.69 (3ec172b971b9..., userDataDir: C:\Users\Enrique\AppData\Lo...}, fedcm:accounts: true, goog:chromeOptions: {debuggerAddress: localhost:61496}, javascriptEnabled: true, networkConnectionEnabled: false, pageLoadStrategy: normal, platform: WINDOWS, platformName: WINDOWS, proxy: Proxy(), setWindowRect: true, strictFileInteractability: false, timeouts: {implicit: 0, pageLoad: 300000, script: 30000}, unhandledPromptBehavior: dismiss and notify, webauthn:extension:credBlob: true, webauthn:extension:largeBlob: true, webauthn:extension:minPinLength: true, webauthn:extension:prf: true, webauthn:virtualAuthenticators: true}
Session ID: c738cdfc853f25d55767aeae300f3cc8
	at java.base/jdk.internal.reflect.NativeConstructorAccessorImpl.newInstance0(Native Method)
	at java.base/jdk.internal.reflect.NativeConstructorAccessorImpl.newInstance(NativeConstructorAccessorImpl.java:77)
	at java.base/jdk.internal.reflect.DelegatingConstructorAccessorImpl.newInstance(DelegatingConstructorAccessorImpl.java:45)
	at org.openqa.selenium.remote.http.W3CHttpResponseCodec.createException(W3CHttpResponseCodec.java:187)
	at org.openqa.selenium.remote.http.W3CHttpResponseCodec.decode(W3CHttpResponseCodec.java:122)
	at org.openqa.selenium.remote.http.W3CHttpResponseCodec.decode(W3CHttpResponseCodec.java:49)
	at org.openqa.selenium.remote.HttpCommandExecutor.execute(HttpCommandExecutor.java:158)
	at org.openqa.selenium.remote.service.DriverCommandExecutor.execute(DriverCommandExecutor.java:83)
	at org.openqa.selenium.remote.RemoteWebDriver.execute(RemoteWebDriver.java:552)
	at com.kms.katalon.selenium.driver.CChromeDriver.execute(CChromeDriver.java:19)
	at org.openqa.selenium.remote.RemoteWebElement.execute(RemoteWebElement.java:285)
	at org.openqa.selenium.remote.RemoteWebElement.sendKeys(RemoteWebElement.java:106)
	at jdk.internal.reflect.GeneratedMethodAccessor19.invoke(Unknown Source)
	at java.base/jdk.internal.reflect.DelegatingMethodAccessorImpl.invoke(DelegatingMethodAccessorImpl.java:43)
	at org.openqa.selenium.support.events.EventFiringWebDriver$EventFiringWebElement.lambda$new$0(EventFiringWebDriver.java:404)
	at jdk.proxy2/jdk.proxy2.$Proxy21.sendKeys(Unknown Source)
	at org.openqa.selenium.support.events.EventFiringWebDriver$EventFiringWebElement.sendKeys(EventFiringWebDriver.java:429)
	at com.kms.katalon.core.webui.keyword.builtin.SetTextKeyword$_setText_closure1.doCall(SetTextKeyword.groovy:71)
	at com.kms.katalon.core.webui.keyword.builtin.SetTextKeyword$_setText_closure1.call(SetTextKeyword.groovy)
	at com.kms.katalon.core.webui.keyword.internal.WebUIKeywordMain.runKeyword(WebUIKeywordMain.groovy:35)
	... 20 more


28-10-2024T10:13:13 - [TEST_STEP][PASSED] - callTestCase(findTestCase("Common Cases/Login"), [:], STOP_ON_FAILURE): Call Test Case 'Test Cases/Common Cases/Login' successfully

28-10-2024T10:13:13 - [TEST_CASE][PASSED] - Test Cases/Common Cases/Login: Test Cases/Common Cases/Login

28-10-2024T10:13:13 - [TEST_STEP][PASSED] - openBrowser(""): Browser is opened with url: ''

28-10-2024T10:13:13 - [MESSAGE][WARNING] - A browser is already opened. Closing browser and opening a new one

28-10-2024T10:13:13 - [MESSAGE][INFO] - Starting 'Chrome' driver

28-10-2024T10:13:13 - [MESSAGE][INFO] - Action delay is set to 0 milliseconds

28-10-2024T10:13:14 - [MESSAGE][PASSED] - Browser is opened with url: ''

28-10-2024T10:13:14 - [TEST_STEP][PASSED] - maximizeWindow(): Current window maximized

28-10-2024T10:13:14 - [MESSAGE][PASSED] - Current window maximized

28-10-2024T10:13:14 - [TEST_STEP][PASSED] - navigateToUrl("https://site17.lsapp.cloud/auth/login"): Navigate to 'https://site17.lsapp.cloud/auth/login' successfully

28-10-2024T10:13:15 - [MESSAGE][PASSED] - Navigate to 'https://site17.lsapp.cloud/auth/login' successfully

28-10-2024T10:13:15 - [TEST_STEP][PASSED] - setText(findTestObject("Object Repository/Common Cases Repository/Login/Page_Lightning Step/input_Email_email"), "automation@lightningstep.com"): Text 'automation@lightningstep.com' is set on object 'Object Repository/Common Cases Repository/Login/Page_Lightning Step/input_Email_email'

28-10-2024T10:13:16 - [MESSAGE][PASSED] - Text 'automation@lightningstep.com' is set on object 'Object Repository/Common Cases Repository/Login/Page_Lightning Step/input_Email_email'

28-10-2024T10:13:16 - [TEST_STEP][PASSED] - setEncryptedText(findTestObject("Object Repository/Common Cases Repository/Login/Page_Lightning Step/input_Password_password"), "e5N8VHmnhJDITtQaQhDQDw=="): Text ****** has been set on object 'Object Repository/Common Cases Repository/Login/Page_Lightning Step/input_Password_password'

28-10-2024T10:13:17 - [MESSAGE][PASSED] - Text ****** has been set on object 'Object Repository/Common Cases Repository/Login/Page_Lightning Step/input_Password_password'

28-10-2024T10:13:17 - [TEST_STEP][PASSED] - click(findTestObject("Object Repository/Common Cases Repository/Login/Page_Lightning Step/button_Sign in")): Object: 'Object Repository/Common Cases Repository/Login/Page_Lightning Step/button_Sign in' is clicked on

28-10-2024T10:13:23 - [MESSAGE][PASSED] - Object: 'Object Repository/Common Cases Repository/Login/Page_Lightning Step/button_Sign in' is clicked on

28-10-2024T10:13:23 - [MESSAGE][PASSED] - Call Test Case 'Test Cases/Common Cases/Login' successfully

28-10-2024T10:13:23 - [TEST_STEP][PASSED] - click(findTestObject("Object Repository/Specific Cases Repository/LS/Home/Calendar/Calendar_Events/Calendar_Events_Creation/Group/Page_Home/a_Calendar")): Object: 'Object Repository/Specific Cases Repository/LS/Home/Calendar/Calendar_Events/Calendar_Events_Creation/Group/Page_Home/a_Calendar' is clicked on

28-10-2024T10:13:27 - [MESSAGE][PASSED] - Object: 'Object Repository/Specific Cases Repository/LS/Home/Calendar/Calendar_Events/Calendar_Events_Creation/Group/Page_Home/a_Calendar' is clicked on

28-10-2024T10:13:27 - [TEST_STEP][PASSED] - click(findTestObject("Object Repository/Specific Cases Repository/LS/Home/Calendar/Calendar_Events/Calendar_Events_Creation/Appointment/Page_Calendar/div_Week")): Object: 'Object Repository/Specific Cases Repository/LS/Home/Calendar/Calendar_Events/Calendar_Events_Creation/Appointment/Page_Calendar/div_Week' is clicked on

28-10-2024T10:13:28 - [MESSAGE][PASSED] - Object: 'Object Repository/Specific Cases Repository/LS/Home/Calendar/Calendar_Events/Calendar_Events_Creation/Appointment/Page_Calendar/div_Week' is clicked on

28-10-2024T10:13:28 - [TEST_STEP][PASSED] - click(findTestObject("Object Repository/Specific Cases Repository/LS/Home/Calendar/Calendar_Events/Calendar_Events_Creation/Group/Page_Calendar/button_Create new")): Object: 'Object Repository/Specific Cases Repository/LS/Home/Calendar/Calendar_Events/Calendar_Events_Creation/Group/Page_Calendar/button_Create new' is clicked on

28-10-2024T10:13:29 - [MESSAGE][PASSED] - Object: 'Object Repository/Specific Cases Repository/LS/Home/Calendar/Calendar_Events/Calendar_Events_Creation/Group/Page_Calendar/button_Create new' is clicked on

28-10-2024T10:13:29 - [TEST_STEP][PASSED] - click(findTestObject("Object Repository/Specific Cases Repository/LS/Home/Calendar/Calendar_Events/Calendar_Events_Creation/Group/Page_Calendar/label_Group")): Object: 'Object Repository/Specific Cases Repository/LS/Home/Calendar/Calendar_Events/Calendar_Events_Creation/Group/Page_Calendar/label_Group' is clicked on

28-10-2024T10:13:30 - [MESSAGE][PASSED] - Object: 'Object Repository/Specific Cases Repository/LS/Home/Calendar/Calendar_Events/Calendar_Events_Creation/Group/Page_Calendar/label_Group' is clicked on

28-10-2024T10:13:30 - [TEST_STEP][PASSED] - click(findTestObject("Object Repository/Specific Cases Repository/LS/Home/Calendar/Calendar_Events/Calendar_Events_Creation/Group/Page_Calendar/Groups Selector")): Object: 'Object Repository/Specific Cases Repository/LS/Home/Calendar/Calendar_Events/Calendar_Events_Creation/Group/Page_Calendar/Groups Selector' is clicked on

28-10-2024T10:13:31 - [MESSAGE][PASSED] - Object: 'Object Repository/Specific Cases Repository/LS/Home/Calendar/Calendar_Events/Calendar_Events_Creation/Group/Page_Calendar/Groups Selector' is clicked on

28-10-2024T10:13:31 - [TEST_STEP][FAILED] - setText(findTestObject("Object Repository/Specific Cases Repository/LS/Home/Calendar/Calendar_Events/Calendar_Events_Creation/Group/Page_Calendar/input_Loading_select2-search__field"), "1.2"): Unable to set text '1.2' of object 'Object Repository/Specific Cases Repository/LS/Home/Calendar/Calendar_Events/Calendar_Events_Creation/Group/Page_Calendar/input_Loading_select2-search__field' (Root cause: com.kms.katalon.core.exception.StepFailedException: Unable to set text '1.2' of object 'Object Repository/Specific Cases Repository/LS/Home/Calendar/Calendar_Events/Calendar_Events_Creation/Group/Page_Calendar/input_Loading_select2-search__field'
	at com.kms.katalon.core.webui.keyword.internal.WebUIKeywordMain.stepFailed(WebUIKeywordMain.groovy:117)
	at com.kms.katalon.core.webui.keyword.internal.WebUIKeywordMain.runKeyword(WebUIKeywordMain.groovy:43)
	at com.kms.katalon.core.webui.keyword.builtin.SetTextKeyword.setText(SetTextKeyword.groovy:85)
	at com.kms.katalon.core.webui.keyword.builtin.SetTextKeyword.execute(SetTextKeyword.groovy:39)
	at com.kms.katalon.core.keyword.internal.KeywordExecutor.executeKeywordForPlatform(KeywordExecutor.groovy:74)
	at com.kms.katalon.core.webui.keyword.WebUiBuiltInKeywords.setText(WebUiBuiltInKeywords.groovy:1019)
	at Past_Calendar_Groups.run(Past_Calendar_Groups:32)
	at com.kms.katalon.core.main.ScriptEngine.run(ScriptEngine.java:194)
	at com.kms.katalon.core.main.ScriptEngine.runScriptAsRawText(ScriptEngine.java:119)
	at com.kms.katalon.core.main.TestCaseExecutor.runScript(TestCaseExecutor.java:448)
	at com.kms.katalon.core.main.TestCaseExecutor.doExecute(TestCaseExecutor.java:439)
	at com.kms.katalon.core.main.TestCaseExecutor.processExecutionPhase(TestCaseExecutor.java:418)
	at com.kms.katalon.core.main.TestCaseExecutor.accessMainPhase(TestCaseExecutor.java:410)
	at com.kms.katalon.core.main.TestCaseExecutor.execute(TestCaseExecutor.java:285)
	at com.kms.katalon.core.common.CommonExecutor.accessTestCaseMainPhase(CommonExecutor.java:65)
	at com.kms.katalon.core.main.TestSuiteExecutor.accessTestSuiteMainPhase(TestSuiteExecutor.java:150)
	at com.kms.katalon.core.main.TestSuiteExecutor.execute(TestSuiteExecutor.java:106)
	at com.kms.katalon.core.main.TestCaseMain.startTestSuite(TestCaseMain.java:180)
	at TempTestSuite1730128240063.run(TempTestSuite1730128240063.groovy:35)
	at java.base/jdk.internal.reflect.NativeMethodAccessorImpl.invoke0(Native Method)
	at java.base/jdk.internal.reflect.NativeMethodAccessorImpl.invoke(NativeMethodAccessorImpl.java:77)
	at java.base/jdk.internal.reflect.DelegatingMethodAccessorImpl.invoke(DelegatingMethodAccessorImpl.java:43)
Caused by: org.openqa.selenium.ElementNotInteractableException: element not interactable
  (Session info: chrome=130.0.6723.70)
Build info: version: '3.141.59', revision: 'unknown', time: 'unknown'
System info: host: 'ENRIQUE', ip: '192.168.100.147', os.name: 'Windows 11', os.arch: 'amd64', os.version: '10.0', java.version: '17.0.7'
Driver info: com.kms.katalon.selenium.driver.CChromeDriver
Capabilities {acceptInsecureCerts: false, browserName: chrome, browserVersion: 130.0.6723.70, chrome: {chromedriverVersion: 130.0.6723.69 (3ec172b971b9..., userDataDir: C:\Users\Enrique\AppData\Lo...}, fedcm:accounts: true, goog:chromeOptions: {debuggerAddress: localhost:61496}, javascriptEnabled: true, networkConnectionEnabled: false, pageLoadStrategy: normal, platform: WINDOWS, platformName: WINDOWS, proxy: Proxy(), setWindowRect: true, strictFileInteractability: false, timeouts: {implicit: 0, pageLoad: 300000, script: 30000}, unhandledPromptBehavior: dismiss and notify, webauthn:extension:credBlob: true, webauthn:extension:largeBlob: true, webauthn:extension:minPinLength: true, webauthn:extension:prf: true, webauthn:virtualAuthenticators: true}
Session ID: c738cdfc853f25d55767aeae300f3cc8
	at java.base/jdk.internal.reflect.NativeConstructorAccessorImpl.newInstance0(Native Method)
	at java.base/jdk.internal.reflect.NativeConstructorAccessorImpl.newInstance(NativeConstructorAccessorImpl.java:77)
	at java.base/jdk.internal.reflect.DelegatingConstructorAccessorImpl.newInstance(DelegatingConstructorAccessorImpl.java:45)
	at org.openqa.selenium.remote.http.W3CHttpResponseCodec.createException(W3CHttpResponseCodec.java:187)
	at org.openqa.selenium.remote.http.W3CHttpResponseCodec.decode(W3CHttpResponseCodec.java:122)
	at org.openqa.selenium.remote.http.W3CHttpResponseCodec.decode(W3CHttpResponseCodec.java:49)
	at org.openqa.selenium.remote.HttpCommandExecutor.execute(HttpCommandExecutor.java:158)
	at org.openqa.selenium.remote.service.DriverCommandExecutor.execute(DriverCommandExecutor.java:83)
	at org.openqa.selenium.remote.RemoteWebDriver.execute(RemoteWebDriver.java:552)
	at com.kms.katalon.selenium.driver.CChromeDriver.execute(CChromeDriver.java:19)
	at org.openqa.selenium.remote.RemoteWebElement.execute(RemoteWebElement.java:285)
	at org.openqa.selenium.remote.RemoteWebElement.sendKeys(RemoteWebElement.java:106)
	at jdk.internal.reflect.GeneratedMethodAccessor19.invoke(Unknown Source)
	at java.base/jdk.internal.reflect.DelegatingMethodAccessorImpl.invoke(DelegatingMethodAccessorImpl.java:43)
	at org.openqa.selenium.support.events.EventFiringWebDriver$EventFiringWebElement.lambda$new$0(EventFiringWebDriver.java:404)
	at jdk.proxy2/jdk.proxy2.$Proxy21.sendKeys(Unknown Source)
	at org.openqa.selenium.support.events.EventFiringWebDriver$EventFiringWebElement.sendKeys(EventFiringWebDriver.java:429)
	at com.kms.katalon.core.webui.keyword.builtin.SetTextKeyword$_setText_closure1.doCall(SetTextKeyword.groovy:71)
	at com.kms.katalon.core.webui.keyword.builtin.SetTextKeyword$_setText_closure1.call(SetTextKeyword.groovy)
	at com.kms.katalon.core.webui.keyword.internal.WebUIKeywordMain.runKeyword(WebUIKeywordMain.groovy:35)
	at com.kms.katalon.core.webui.keyword.builtin.SetTextKeyword.setText(SetTextKeyword.groovy:85)
	at com.kms.katalon.core.webui.keyword.builtin.SetTextKeyword.execute(SetTextKeyword.groovy:39)
	at com.kms.katalon.core.keyword.internal.KeywordExecutor.executeKeywordForPlatform(KeywordExecutor.groovy:74)
	at com.kms.katalon.core.webui.keyword.WebUiBuiltInKeywords.setText(WebUiBuiltInKeywords.groovy:1019)
	at Script1727458510287.run(Script1727458510287.groovy:32)
	... 15 more
)

28-10-2024T10:13:32 - [MESSAGE][FAILED] - Unable to set text '1.2' of object 'Object Repository/Specific Cases Repository/LS/Home/Calendar/Calendar_Events/Calendar_Events_Creation/Group/Page_Calendar/input_Loading_select2-search__field' (Root cause: com.kms.katalon.core.exception.StepFailedException: Unable to set text '1.2' of object 'Object Repository/Specific Cases Repository/LS/Home/Calendar/Calendar_Events/Calendar_Events_Creation/Group/Page_Calendar/input_Loading_select2-search__field'
	at com.kms.katalon.core.webui.keyword.internal.WebUIKeywordMain.stepFailed(WebUIKeywordMain.groovy:117)
	at com.kms.katalon.core.webui.keyword.internal.WebUIKeywordMain.runKeyword(WebUIKeywordMain.groovy:43)
	at com.kms.katalon.core.webui.keyword.builtin.SetTextKeyword.setText(SetTextKeyword.groovy:85)
	at com.kms.katalon.core.webui.keyword.builtin.SetTextKeyword.execute(SetTextKeyword.groovy:39)
	at com.kms.katalon.core.keyword.internal.KeywordExecutor.executeKeywordForPlatform(KeywordExecutor.groovy:74)
	at com.kms.katalon.core.webui.keyword.WebUiBuiltInKeywords.setText(WebUiBuiltInKeywords.groovy:1019)
	at Past_Calendar_Groups.run(Past_Calendar_Groups:32)
	at com.kms.katalon.core.main.ScriptEngine.run(ScriptEngine.java:194)
	at com.kms.katalon.core.main.ScriptEngine.runScriptAsRawText(ScriptEngine.java:119)
	at com.kms.katalon.core.main.TestCaseExecutor.runScript(TestCaseExecutor.java:448)
	at com.kms.katalon.core.main.TestCaseExecutor.doExecute(TestCaseExecutor.java:439)
	at com.kms.katalon.core.main.TestCaseExecutor.processExecutionPhase(TestCaseExecutor.java:418)
	at com.kms.katalon.core.main.TestCaseExecutor.accessMainPhase(TestCaseExecutor.java:410)
	at com.kms.katalon.core.main.TestCaseExecutor.execute(TestCaseExecutor.java:285)
	at com.kms.katalon.core.common.CommonExecutor.accessTestCaseMainPhase(CommonExecutor.java:65)
	at com.kms.katalon.core.main.TestSuiteExecutor.accessTestSuiteMainPhase(TestSuiteExecutor.java:150)
	at com.kms.katalon.core.main.TestSuiteExecutor.execute(TestSuiteExecutor.java:106)
	at com.kms.katalon.core.main.TestCaseMain.startTestSuite(TestCaseMain.java:180)
	at TempTestSuite1730128240063.run(TempTestSuite1730128240063.groovy:35)
	at java.base/jdk.internal.reflect.NativeMethodAccessorImpl.invoke0(Native Method)
	at java.base/jdk.internal.reflect.NativeMethodAccessorImpl.invoke(NativeMethodAccessorImpl.java:77)
	at java.base/jdk.internal.reflect.DelegatingMethodAccessorImpl.invoke(DelegatingMethodAccessorImpl.java:43)
Caused by: org.openqa.selenium.ElementNotInteractableException: element not interactable
  (Session info: chrome=130.0.6723.70)
Build info: version: '3.141.59', revision: 'unknown', time: 'unknown'
System info: host: 'ENRIQUE', ip: '192.168.100.147', os.name: 'Windows 11', os.arch: 'amd64', os.version: '10.0', java.version: '17.0.7'
Driver info: com.kms.katalon.selenium.driver.CChromeDriver
Capabilities {acceptInsecureCerts: false, browserName: chrome, browserVersion: 130.0.6723.70, chrome: {chromedriverVersion: 130.0.6723.69 (3ec172b971b9..., userDataDir: C:\Users\Enrique\AppData\Lo...}, fedcm:accounts: true, goog:chromeOptions: {debuggerAddress: localhost:61496}, javascriptEnabled: true, networkConnectionEnabled: false, pageLoadStrategy: normal, platform: WINDOWS, platformName: WINDOWS, proxy: Proxy(), setWindowRect: true, strictFileInteractability: false, timeouts: {implicit: 0, pageLoad: 300000, script: 30000}, unhandledPromptBehavior: dismiss and notify, webauthn:extension:credBlob: true, webauthn:extension:largeBlob: true, webauthn:extension:minPinLength: true, webauthn:extension:prf: true, webauthn:virtualAuthenticators: true}
Session ID: c738cdfc853f25d55767aeae300f3cc8
	at java.base/jdk.internal.reflect.NativeConstructorAccessorImpl.newInstance0(Native Method)
	at java.base/jdk.internal.reflect.NativeConstructorAccessorImpl.newInstance(NativeConstructorAccessorImpl.java:77)
	at java.base/jdk.internal.reflect.DelegatingConstructorAccessorImpl.newInstance(DelegatingConstructorAccessorImpl.java:45)
	at org.openqa.selenium.remote.http.W3CHttpResponseCodec.createException(W3CHttpResponseCodec.java:187)
	at org.openqa.selenium.remote.http.W3CHttpResponseCodec.decode(W3CHttpResponseCodec.java:122)
	at org.openqa.selenium.remote.http.W3CHttpResponseCodec.decode(W3CHttpResponseCodec.java:49)
	at org.openqa.selenium.remote.HttpCommandExecutor.execute(HttpCommandExecutor.java:158)
	at org.openqa.selenium.remote.service.DriverCommandExecutor.execute(DriverCommandExecutor.java:83)
	at org.openqa.selenium.remote.RemoteWebDriver.execute(RemoteWebDriver.java:552)
	at com.kms.katalon.selenium.driver.CChromeDriver.execute(CChromeDriver.java:19)
	at org.openqa.selenium.remote.RemoteWebElement.execute(RemoteWebElement.java:285)
	at org.openqa.selenium.remote.RemoteWebElement.sendKeys(RemoteWebElement.java:106)
	at jdk.internal.reflect.GeneratedMethodAccessor19.invoke(Unknown Source)
	at java.base/jdk.internal.reflect.DelegatingMethodAccessorImpl.invoke(DelegatingMethodAccessorImpl.java:43)
	at org.openqa.selenium.support.events.EventFiringWebDriver$EventFiringWebElement.lambda$new$0(EventFiringWebDriver.java:404)
	at jdk.proxy2/jdk.proxy2.$Proxy21.sendKeys(Unknown Source)
	at org.openqa.selenium.support.events.EventFiringWebDriver$EventFiringWebElement.sendKeys(EventFiringWebDriver.java:429)
	at com.kms.katalon.core.webui.keyword.builtin.SetTextKeyword$_setText_closure1.doCall(SetTextKeyword.groovy:71)
	at com.kms.katalon.core.webui.keyword.builtin.SetTextKeyword$_setText_closure1.call(SetTextKeyword.groovy)
	at com.kms.katalon.core.webui.keyword.internal.WebUIKeywordMain.runKeyword(WebUIKeywordMain.groovy:35)
	at com.kms.katalon.core.webui.keyword.builtin.SetTextKeyword.setText(SetTextKeyword.groovy:85)
	at com.kms.katalon.core.webui.keyword.builtin.SetTextKeyword.execute(SetTextKeyword.groovy:39)
	at com.kms.katalon.core.keyword.internal.KeywordExecutor.executeKeywordForPlatform(KeywordExecutor.groovy:74)
	at com.kms.katalon.core.webui.keyword.WebUiBuiltInKeywords.setText(WebUiBuiltInKeywords.groovy:1019)
	at Script1727458510287.run(Script1727458510287.groovy:32)
	... 15 more
)]]></system-out>
         <system-err><![CDATA[28-10-2024T10:13:13 - [TEST_CASE][FAILED] - Test Cases/Specific Cases/LS/General/Calendar/Events_Creation/Past Events Creation/Past_Calendar_Groups: Test Cases/Specific Cases/LS/General/Calendar/Events_Creation/Past Events Creation/Past_Calendar_Groups FAILED.
Reason:
com.kms.katalon.core.exception.StepFailedException: Unable to set text '1.2' of object 'Object Repository/Specific Cases Repository/LS/Home/Calendar/Calendar_Events/Calendar_Events_Creation/Group/Page_Calendar/input_Loading_select2-search__field'
	at com.kms.katalon.core.webui.keyword.internal.WebUIKeywordMain.stepFailed(WebUIKeywordMain.groovy:117)
	at com.kms.katalon.core.webui.keyword.internal.WebUIKeywordMain.runKeyword(WebUIKeywordMain.groovy:43)
	at com.kms.katalon.core.webui.keyword.builtin.SetTextKeyword.setText(SetTextKeyword.groovy:85)
	at com.kms.katalon.core.webui.keyword.builtin.SetTextKeyword.execute(SetTextKeyword.groovy:39)
	at com.kms.katalon.core.keyword.internal.KeywordExecutor.executeKeywordForPlatform(KeywordExecutor.groovy:74)
	at com.kms.katalon.core.webui.keyword.WebUiBuiltInKeywords.setText(WebUiBuiltInKeywords.groovy:1019)
	at Past_Calendar_Groups.run(Past_Calendar_Groups:32)
	at com.kms.katalon.core.main.ScriptEngine.run(ScriptEngine.java:194)
	at com.kms.katalon.core.main.ScriptEngine.runScriptAsRawText(ScriptEngine.java:119)
	at com.kms.katalon.core.main.TestCaseExecutor.runScript(TestCaseExecutor.java:448)
	at com.kms.katalon.core.main.TestCaseExecutor.doExecute(TestCaseExecutor.java:439)
	at com.kms.katalon.core.main.TestCaseExecutor.processExecutionPhase(TestCaseExecutor.java:418)
	at com.kms.katalon.core.main.TestCaseExecutor.accessMainPhase(TestCaseExecutor.java:410)
	at com.kms.katalon.core.main.TestCaseExecutor.execute(TestCaseExecutor.java:285)
	at com.kms.katalon.core.common.CommonExecutor.accessTestCaseMainPhase(CommonExecutor.java:65)
	at com.kms.katalon.core.main.TestSuiteExecutor.accessTestSuiteMainPhase(TestSuiteExecutor.java:150)
	at com.kms.katalon.core.main.TestSuiteExecutor.execute(TestSuiteExecutor.java:106)
	at com.kms.katalon.core.main.TestCaseMain.startTestSuite(TestCaseMain.java:180)
	at TempTestSuite1730128240063.run(TempTestSuite1730128240063.groovy:35)
	at java.base/jdk.internal.reflect.NativeMethodAccessorImpl.invoke0(Native Method)
	at java.base/jdk.internal.reflect.NativeMethodAccessorImpl.invoke(NativeMethodAccessorImpl.java:77)
	at java.base/jdk.internal.reflect.DelegatingMethodAccessorImpl.invoke(DelegatingMethodAccessorImpl.java:43)
Caused by: org.openqa.selenium.ElementNotInteractableException: element not interactable
  (Session info: chrome=130.0.6723.70)
Build info: version: '3.141.59', revision: 'unknown', time: 'unknown'
System info: host: 'ENRIQUE', ip: '192.168.100.147', os.name: 'Windows 11', os.arch: 'amd64', os.version: '10.0', java.version: '17.0.7'
Driver info: com.kms.katalon.selenium.driver.CChromeDriver
Capabilities {acceptInsecureCerts: false, browserName: chrome, browserVersion: 130.0.6723.70, chrome: {chromedriverVersion: 130.0.6723.69 (3ec172b971b9..., userDataDir: C:\Users\Enrique\AppData\Lo...}, fedcm:accounts: true, goog:chromeOptions: {debuggerAddress: localhost:61496}, javascriptEnabled: true, networkConnectionEnabled: false, pageLoadStrategy: normal, platform: WINDOWS, platformName: WINDOWS, proxy: Proxy(), setWindowRect: true, strictFileInteractability: false, timeouts: {implicit: 0, pageLoad: 300000, script: 30000}, unhandledPromptBehavior: dismiss and notify, webauthn:extension:credBlob: true, webauthn:extension:largeBlob: true, webauthn:extension:minPinLength: true, webauthn:extension:prf: true, webauthn:virtualAuthenticators: true}
Session ID: c738cdfc853f25d55767aeae300f3cc8
	at java.base/jdk.internal.reflect.NativeConstructorAccessorImpl.newInstance0(Native Method)
	at java.base/jdk.internal.reflect.NativeConstructorAccessorImpl.newInstance(NativeConstructorAccessorImpl.java:77)
	at java.base/jdk.internal.reflect.DelegatingConstructorAccessorImpl.newInstance(DelegatingConstructorAccessorImpl.java:45)
	at org.openqa.selenium.remote.http.W3CHttpResponseCodec.createException(W3CHttpResponseCodec.java:187)
	at org.openqa.selenium.remote.http.W3CHttpResponseCodec.decode(W3CHttpResponseCodec.java:122)
	at org.openqa.selenium.remote.http.W3CHttpResponseCodec.decode(W3CHttpResponseCodec.java:49)
	at org.openqa.selenium.remote.HttpCommandExecutor.execute(HttpCommandExecutor.java:158)
	at org.openqa.selenium.remote.service.DriverCommandExecutor.execute(DriverCommandExecutor.java:83)
	at org.openqa.selenium.remote.RemoteWebDriver.execute(RemoteWebDriver.java:552)
	at com.kms.katalon.selenium.driver.CChromeDriver.execute(CChromeDriver.java:19)
	at org.openqa.selenium.remote.RemoteWebElement.execute(RemoteWebElement.java:285)
	at org.openqa.selenium.remote.RemoteWebElement.sendKeys(RemoteWebElement.java:106)
	at jdk.internal.reflect.GeneratedMethodAccessor19.invoke(Unknown Source)
	at java.base/jdk.internal.reflect.DelegatingMethodAccessorImpl.invoke(DelegatingMethodAccessorImpl.java:43)
	at org.openqa.selenium.support.events.EventFiringWebDriver$EventFiringWebElement.lambda$new$0(EventFiringWebDriver.java:404)
	at jdk.proxy2/jdk.proxy2.$Proxy21.sendKeys(Unknown Source)
	at org.openqa.selenium.support.events.EventFiringWebDriver$EventFiringWebElement.sendKeys(EventFiringWebDriver.java:429)
	at com.kms.katalon.core.webui.keyword.builtin.SetTextKeyword$_setText_closure1.doCall(SetTextKeyword.groovy:71)
	at com.kms.katalon.core.webui.keyword.builtin.SetTextKeyword$_setText_closure1.call(SetTextKeyword.groovy)
	at com.kms.katalon.core.webui.keyword.internal.WebUIKeywordMain.runKeyword(WebUIKeywordMain.groovy:35)
	... 20 more]]></system-err>
      </testcase>
      <testcase name="Test Cases/Specific Cases/LS/General/Calendar/Events_Creation/Present Events Creation/Calendar_Appointment" time="18.491" classname="Test Cases/Specific Cases/LS/General/Calendar/Events_Creation/Present Events Creation/Calendar_Appointment" status="FAILED">
         <failure type="FAILED" message="Test Cases/Specific Cases/LS/General/Calendar/Events_Creation/Present Events Creation/Calendar_Appointment FAILED.&#xa;Reason:&#xa;com.kms.katalon.core.exception.StepFailedException: Unable to set text 'A Auto' of object 'Object Repository/Specific Cases Repository/LS/Home/Calendar/Calendar_Events/Calendar_Events_Creation/Appointment/Page_Calendar/Patien Name'&#xa;	at com.kms.katalon.core.webui.keyword.internal.WebUIKeywordMain.stepFailed(WebUIKeywordMain.groovy:117)&#xa;	at com.kms.katalon.core.webui.keyword.internal.WebUIKeywordMain.runKeyword(WebUIKeywordMain.groovy:43)&#xa;	at com.kms.katalon.core.webui.keyword.builtin.SetTextKeyword.setText(SetTextKeyword.groovy:85)&#xa;	at com.kms.katalon.core.webui.keyword.builtin.SetTextKeyword.execute(SetTextKeyword.groovy:39)&#xa;	at com.kms.katalon.core.keyword.internal.KeywordExecutor.executeKeywordForPlatform(KeywordExecutor.groovy:74)&#xa;	at com.kms.katalon.core.webui.keyword.WebUiBuiltInKeywords.setText(WebUiBuiltInKeywords.groovy:1019)&#xa;	at Calendar_Appointment.run(Calendar_Appointment:32)&#xa;	at com.kms.katalon.core.main.ScriptEngine.run(ScriptEngine.java:194)&#xa;	at com.kms.katalon.core.main.ScriptEngine.runScriptAsRawText(ScriptEngine.java:119)&#xa;	at com.kms.katalon.core.main.TestCaseExecutor.runScript(TestCaseExecutor.java:448)&#xa;	at com.kms.katalon.core.main.TestCaseExecutor.doExecute(TestCaseExecutor.java:439)&#xa;	at com.kms.katalon.core.main.TestCaseExecutor.processExecutionPhase(TestCaseExecutor.java:418)&#xa;	at com.kms.katalon.core.main.TestCaseExecutor.accessMainPhase(TestCaseExecutor.java:410)&#xa;	at com.kms.katalon.core.main.TestCaseExecutor.execute(TestCaseExecutor.java:285)&#xa;	at com.kms.katalon.core.common.CommonExecutor.accessTestCaseMainPhase(CommonExecutor.java:65)&#xa;	at com.kms.katalon.core.main.TestSuiteExecutor.accessTestSuiteMainPhase(TestSuiteExecutor.java:150)&#xa;	at com.kms.katalon.core.main.TestSuiteExecutor.execute(TestSuiteExecutor.java:106)&#xa;	at com.kms.katalon.core.main.TestCaseMain.startTestSuite(TestCaseMain.java:180)&#xa;	at TempTestSuite1730128240063.run(TempTestSuite1730128240063.groovy:35)&#xa;	at java.base/jdk.internal.reflect.NativeMethodAccessorImpl.invoke0(Native Method)&#xa;	at java.base/jdk.internal.reflect.NativeMethodAccessorImpl.invoke(NativeMethodAccessorImpl.java:77)&#xa;	at java.base/jdk.internal.reflect.DelegatingMethodAccessorImpl.invoke(DelegatingMethodAccessorImpl.java:43)&#xa;Caused by: org.openqa.selenium.ElementNotInteractableException: element not interactable&#xa;  (Session info: chrome=130.0.6723.70)&#xa;Build info: version: '3.141.59', revision: 'unknown', time: 'unknown'&#xa;System info: host: 'ENRIQUE', ip: '192.168.100.147', os.name: 'Windows 11', os.arch: 'amd64', os.version: '10.0', java.version: '17.0.7'&#xa;Driver info: com.kms.katalon.selenium.driver.CChromeDriver&#xa;Capabilities {acceptInsecureCerts: false, browserName: chrome, browserVersion: 130.0.6723.70, chrome: {chromedriverVersion: 130.0.6723.69 (3ec172b971b9..., userDataDir: C:\Users\Enrique\AppData\Lo...}, fedcm:accounts: true, goog:chromeOptions: {debuggerAddress: localhost:61528}, javascriptEnabled: true, networkConnectionEnabled: false, pageLoadStrategy: normal, platform: WINDOWS, platformName: WINDOWS, proxy: Proxy(), setWindowRect: true, strictFileInteractability: false, timeouts: {implicit: 0, pageLoad: 300000, script: 30000}, unhandledPromptBehavior: dismiss and notify, webauthn:extension:credBlob: true, webauthn:extension:largeBlob: true, webauthn:extension:minPinLength: true, webauthn:extension:prf: true, webauthn:virtualAuthenticators: true}&#xa;Session ID: 8c80c793b516f56cf2196e41087f8f8f&#xa;	at java.base/jdk.internal.reflect.NativeConstructorAccessorImpl.newInstance0(Native Method)&#xa;	at java.base/jdk.internal.reflect.NativeConstructorAccessorImpl.newInstance(NativeConstructorAccessorImpl.java:77)&#xa;	at java.base/jdk.internal.reflect.DelegatingConstructorAccessorImpl.newInstance(DelegatingConstructorAccessorImpl.java:45)&#xa;	at org.openqa.selenium.remote.http.W3CHttpResponseCodec.createException(W3CHttpResponseCodec.java:187)&#xa;	at org.openqa.selenium.remote.http.W3CHttpResponseCodec.decode(W3CHttpResponseCodec.java:122)&#xa;	at org.openqa.selenium.remote.http.W3CHttpResponseCodec.decode(W3CHttpResponseCodec.java:49)&#xa;	at org.openqa.selenium.remote.HttpCommandExecutor.execute(HttpCommandExecutor.java:158)&#xa;	at org.openqa.selenium.remote.service.DriverCommandExecutor.execute(DriverCommandExecutor.java:83)&#xa;	at org.openqa.selenium.remote.RemoteWebDriver.execute(RemoteWebDriver.java:552)&#xa;	at com.kms.katalon.selenium.driver.CChromeDriver.execute(CChromeDriver.java:19)&#xa;	at org.openqa.selenium.remote.RemoteWebElement.execute(RemoteWebElement.java:285)&#xa;	at org.openqa.selenium.remote.RemoteWebElement.sendKeys(RemoteWebElement.java:106)&#xa;	at jdk.internal.reflect.GeneratedMethodAccessor19.invoke(Unknown Source)&#xa;	at java.base/jdk.internal.reflect.DelegatingMethodAccessorImpl.invoke(DelegatingMethodAccessorImpl.java:43)&#xa;	at org.openqa.selenium.support.events.EventFiringWebDriver$EventFiringWebElement.lambda$new$0(EventFiringWebDriver.java:404)&#xa;	at jdk.proxy2/jdk.proxy2.$Proxy21.sendKeys(Unknown Source)&#xa;	at org.openqa.selenium.support.events.EventFiringWebDriver$EventFiringWebElement.sendKeys(EventFiringWebDriver.java:429)&#xa;	at com.kms.katalon.core.webui.keyword.builtin.SetTextKeyword$_setText_closure1.doCall(SetTextKeyword.groovy:71)&#xa;	at com.kms.katalon.core.webui.keyword.builtin.SetTextKeyword$_setText_closure1.call(SetTextKeyword.groovy)&#xa;	at com.kms.katalon.core.webui.keyword.internal.WebUIKeywordMain.runKeyword(WebUIKeywordMain.groovy:35)&#xa;	... 20 more&#xa;"/>
         <system-out><![CDATA[28-10-2024T10:13:32 - [TEST_CASE][FAILED] - Test Cases/Specific Cases/LS/General/Calendar/Events_Creation/Present Events Creation/Calendar_Appointment: Test Cases/Specific Cases/LS/General/Calendar/Events_Creation/Present Events Creation/Calendar_Appointment FAILED.
Reason:
com.kms.katalon.core.exception.StepFailedException: Unable to set text 'A Auto' of object 'Object Repository/Specific Cases Repository/LS/Home/Calendar/Calendar_Events/Calendar_Events_Creation/Appointment/Page_Calendar/Patien Name'
	at com.kms.katalon.core.webui.keyword.internal.WebUIKeywordMain.stepFailed(WebUIKeywordMain.groovy:117)
	at com.kms.katalon.core.webui.keyword.internal.WebUIKeywordMain.runKeyword(WebUIKeywordMain.groovy:43)
	at com.kms.katalon.core.webui.keyword.builtin.SetTextKeyword.setText(SetTextKeyword.groovy:85)
	at com.kms.katalon.core.webui.keyword.builtin.SetTextKeyword.execute(SetTextKeyword.groovy:39)
	at com.kms.katalon.core.keyword.internal.KeywordExecutor.executeKeywordForPlatform(KeywordExecutor.groovy:74)
	at com.kms.katalon.core.webui.keyword.WebUiBuiltInKeywords.setText(WebUiBuiltInKeywords.groovy:1019)
	at Calendar_Appointment.run(Calendar_Appointment:32)
	at com.kms.katalon.core.main.ScriptEngine.run(ScriptEngine.java:194)
	at com.kms.katalon.core.main.ScriptEngine.runScriptAsRawText(ScriptEngine.java:119)
	at com.kms.katalon.core.main.TestCaseExecutor.runScript(TestCaseExecutor.java:448)
	at com.kms.katalon.core.main.TestCaseExecutor.doExecute(TestCaseExecutor.java:439)
	at com.kms.katalon.core.main.TestCaseExecutor.processExecutionPhase(TestCaseExecutor.java:418)
	at com.kms.katalon.core.main.TestCaseExecutor.accessMainPhase(TestCaseExecutor.java:410)
	at com.kms.katalon.core.main.TestCaseExecutor.execute(TestCaseExecutor.java:285)
	at com.kms.katalon.core.common.CommonExecutor.accessTestCaseMainPhase(CommonExecutor.java:65)
	at com.kms.katalon.core.main.TestSuiteExecutor.accessTestSuiteMainPhase(TestSuiteExecutor.java:150)
	at com.kms.katalon.core.main.TestSuiteExecutor.execute(TestSuiteExecutor.java:106)
	at com.kms.katalon.core.main.TestCaseMain.startTestSuite(TestCaseMain.java:180)
	at TempTestSuite1730128240063.run(TempTestSuite1730128240063.groovy:35)
	at java.base/jdk.internal.reflect.NativeMethodAccessorImpl.invoke0(Native Method)
	at java.base/jdk.internal.reflect.NativeMethodAccessorImpl.invoke(NativeMethodAccessorImpl.java:77)
	at java.base/jdk.internal.reflect.DelegatingMethodAccessorImpl.invoke(DelegatingMethodAccessorImpl.java:43)
Caused by: org.openqa.selenium.ElementNotInteractableException: element not interactable
  (Session info: chrome=130.0.6723.70)
Build info: version: '3.141.59', revision: 'unknown', time: 'unknown'
System info: host: 'ENRIQUE', ip: '192.168.100.147', os.name: 'Windows 11', os.arch: 'amd64', os.version: '10.0', java.version: '17.0.7'
Driver info: com.kms.katalon.selenium.driver.CChromeDriver
Capabilities {acceptInsecureCerts: false, browserName: chrome, browserVersion: 130.0.6723.70, chrome: {chromedriverVersion: 130.0.6723.69 (3ec172b971b9..., userDataDir: C:\Users\Enrique\AppData\Lo...}, fedcm:accounts: true, goog:chromeOptions: {debuggerAddress: localhost:61528}, javascriptEnabled: true, networkConnectionEnabled: false, pageLoadStrategy: normal, platform: WINDOWS, platformName: WINDOWS, proxy: Proxy(), setWindowRect: true, strictFileInteractability: false, timeouts: {implicit: 0, pageLoad: 300000, script: 30000}, unhandledPromptBehavior: dismiss and notify, webauthn:extension:credBlob: true, webauthn:extension:largeBlob: true, webauthn:extension:minPinLength: true, webauthn:extension:prf: true, webauthn:virtualAuthenticators: true}
Session ID: 8c80c793b516f56cf2196e41087f8f8f
	at java.base/jdk.internal.reflect.NativeConstructorAccessorImpl.newInstance0(Native Method)
	at java.base/jdk.internal.reflect.NativeConstructorAccessorImpl.newInstance(NativeConstructorAccessorImpl.java:77)
	at java.base/jdk.internal.reflect.DelegatingConstructorAccessorImpl.newInstance(DelegatingConstructorAccessorImpl.java:45)
	at org.openqa.selenium.remote.http.W3CHttpResponseCodec.createException(W3CHttpResponseCodec.java:187)
	at org.openqa.selenium.remote.http.W3CHttpResponseCodec.decode(W3CHttpResponseCodec.java:122)
	at org.openqa.selenium.remote.http.W3CHttpResponseCodec.decode(W3CHttpResponseCodec.java:49)
	at org.openqa.selenium.remote.HttpCommandExecutor.execute(HttpCommandExecutor.java:158)
	at org.openqa.selenium.remote.service.DriverCommandExecutor.execute(DriverCommandExecutor.java:83)
	at org.openqa.selenium.remote.RemoteWebDriver.execute(RemoteWebDriver.java:552)
	at com.kms.katalon.selenium.driver.CChromeDriver.execute(CChromeDriver.java:19)
	at org.openqa.selenium.remote.RemoteWebElement.execute(RemoteWebElement.java:285)
	at org.openqa.selenium.remote.RemoteWebElement.sendKeys(RemoteWebElement.java:106)
	at jdk.internal.reflect.GeneratedMethodAccessor19.invoke(Unknown Source)
	at java.base/jdk.internal.reflect.DelegatingMethodAccessorImpl.invoke(DelegatingMethodAccessorImpl.java:43)
	at org.openqa.selenium.support.events.EventFiringWebDriver$EventFiringWebElement.lambda$new$0(EventFiringWebDriver.java:404)
	at jdk.proxy2/jdk.proxy2.$Proxy21.sendKeys(Unknown Source)
	at org.openqa.selenium.support.events.EventFiringWebDriver$EventFiringWebElement.sendKeys(EventFiringWebDriver.java:429)
	at com.kms.katalon.core.webui.keyword.builtin.SetTextKeyword$_setText_closure1.doCall(SetTextKeyword.groovy:71)
	at com.kms.katalon.core.webui.keyword.builtin.SetTextKeyword$_setText_closure1.call(SetTextKeyword.groovy)
	at com.kms.katalon.core.webui.keyword.internal.WebUIKeywordMain.runKeyword(WebUIKeywordMain.groovy:35)
	... 20 more


28-10-2024T10:13:32 - [TEST_STEP][PASSED] - callTestCase(findTestCase("Common Cases/Login"), [:], STOP_ON_FAILURE): Call Test Case 'Test Cases/Common Cases/Login' successfully

28-10-2024T10:13:32 - [TEST_CASE][PASSED] - Test Cases/Common Cases/Login: Test Cases/Common Cases/Login

28-10-2024T10:13:32 - [TEST_STEP][PASSED] - openBrowser(""): Browser is opened with url: ''

28-10-2024T10:13:32 - [MESSAGE][WARNING] - A browser is already opened. Closing browser and opening a new one

28-10-2024T10:13:32 - [MESSAGE][INFO] - Starting 'Chrome' driver

28-10-2024T10:13:32 - [MESSAGE][INFO] - Action delay is set to 0 milliseconds

28-10-2024T10:13:32 - [MESSAGE][PASSED] - Browser is opened with url: ''

28-10-2024T10:13:32 - [TEST_STEP][PASSED] - maximizeWindow(): Current window maximized

28-10-2024T10:13:33 - [MESSAGE][PASSED] - Current window maximized

28-10-2024T10:13:33 - [TEST_STEP][PASSED] - navigateToUrl("https://site17.lsapp.cloud/auth/login"): Navigate to 'https://site17.lsapp.cloud/auth/login' successfully

28-10-2024T10:13:34 - [MESSAGE][PASSED] - Navigate to 'https://site17.lsapp.cloud/auth/login' successfully

28-10-2024T10:13:34 - [TEST_STEP][PASSED] - setText(findTestObject("Object Repository/Common Cases Repository/Login/Page_Lightning Step/input_Email_email"), "automation@lightningstep.com"): Text 'automation@lightningstep.com' is set on object 'Object Repository/Common Cases Repository/Login/Page_Lightning Step/input_Email_email'

28-10-2024T10:13:35 - [MESSAGE][PASSED] - Text 'automation@lightningstep.com' is set on object 'Object Repository/Common Cases Repository/Login/Page_Lightning Step/input_Email_email'

28-10-2024T10:13:35 - [TEST_STEP][PASSED] - setEncryptedText(findTestObject("Object Repository/Common Cases Repository/Login/Page_Lightning Step/input_Password_password"), "e5N8VHmnhJDITtQaQhDQDw=="): Text ****** has been set on object 'Object Repository/Common Cases Repository/Login/Page_Lightning Step/input_Password_password'

28-10-2024T10:13:35 - [MESSAGE][PASSED] - Text ****** has been set on object 'Object Repository/Common Cases Repository/Login/Page_Lightning Step/input_Password_password'

28-10-2024T10:13:35 - [TEST_STEP][PASSED] - click(findTestObject("Object Repository/Common Cases Repository/Login/Page_Lightning Step/button_Sign in")): Object: 'Object Repository/Common Cases Repository/Login/Page_Lightning Step/button_Sign in' is clicked on

28-10-2024T10:13:43 - [MESSAGE][PASSED] - Object: 'Object Repository/Common Cases Repository/Login/Page_Lightning Step/button_Sign in' is clicked on

28-10-2024T10:13:43 - [MESSAGE][PASSED] - Call Test Case 'Test Cases/Common Cases/Login' successfully

28-10-2024T10:13:43 - [TEST_STEP][PASSED] - click(findTestObject("Object Repository/Specific Cases Repository/LS/Home/Calendar/Calendar_Events/Calendar_Events_Creation/Page_Home/a_Calendar")): Object: 'Object Repository/Specific Cases Repository/LS/Home/Calendar/Calendar_Events/Calendar_Events_Creation/Page_Home/a_Calendar' is clicked on

28-10-2024T10:13:47 - [MESSAGE][PASSED] - Object: 'Object Repository/Specific Cases Repository/LS/Home/Calendar/Calendar_Events/Calendar_Events_Creation/Page_Home/a_Calendar' is clicked on

28-10-2024T10:13:47 - [TEST_STEP][PASSED] - click(findTestObject("Object Repository/Specific Cases Repository/LS/Home/Calendar/Calendar_Events/Calendar_Events_Creation/Appointment/Page_Calendar/div_Week")): Object: 'Object Repository/Specific Cases Repository/LS/Home/Calendar/Calendar_Events/Calendar_Events_Creation/Appointment/Page_Calendar/div_Week' is clicked on

28-10-2024T10:13:47 - [MESSAGE][PASSED] - Object: 'Object Repository/Specific Cases Repository/LS/Home/Calendar/Calendar_Events/Calendar_Events_Creation/Appointment/Page_Calendar/div_Week' is clicked on

28-10-2024T10:13:47 - [TEST_STEP][PASSED] - click(findTestObject("Object Repository/Specific Cases Repository/LS/Home/Calendar/Calendar_Events/Calendar_Events_Creation/Appointment/Page_Calendar/button_Create new")): Object: 'Object Repository/Specific Cases Repository/LS/Home/Calendar/Calendar_Events/Calendar_Events_Creation/Appointment/Page_Calendar/button_Create new' is clicked on

28-10-2024T10:13:48 - [MESSAGE][PASSED] - Object: 'Object Repository/Specific Cases Repository/LS/Home/Calendar/Calendar_Events/Calendar_Events_Creation/Appointment/Page_Calendar/button_Create new' is clicked on

28-10-2024T10:13:48 - [TEST_STEP][PASSED] - click(findTestObject("Object Repository/Specific Cases Repository/LS/Home/Calendar/Calendar_Events/Calendar_Events_Creation/Appointment/Page_Calendar/label_Appointment")): Object: 'Object Repository/Specific Cases Repository/LS/Home/Calendar/Calendar_Events/Calendar_Events_Creation/Appointment/Page_Calendar/label_Appointment' is clicked on

28-10-2024T10:13:49 - [MESSAGE][PASSED] - Object: 'Object Repository/Specific Cases Repository/LS/Home/Calendar/Calendar_Events/Calendar_Events_Creation/Appointment/Page_Calendar/label_Appointment' is clicked on

28-10-2024T10:13:49 - [TEST_STEP][PASSED] - click(findTestObject("Object Repository/Specific Cases Repository/LS/Home/Calendar/Calendar_Events/Calendar_Events_Creation/Appointment/Page_Calendar/span_Select Client")): Object: 'Object Repository/Specific Cases Repository/LS/Home/Calendar/Calendar_Events/Calendar_Events_Creation/Appointment/Page_Calendar/span_Select Client' is clicked on

28-10-2024T10:13:49 - [MESSAGE][PASSED] - Object: 'Object Repository/Specific Cases Repository/LS/Home/Calendar/Calendar_Events/Calendar_Events_Creation/Appointment/Page_Calendar/span_Select Client' is clicked on

28-10-2024T10:13:49 - [TEST_STEP][FAILED] - setText(findTestObject("Object Repository/Specific Cases Repository/LS/Home/Calendar/Calendar_Events/Calendar_Events_Creation/Appointment/Page_Calendar/Patien Name"), "A Auto"): Unable to set text 'A Auto' of object 'Object Repository/Specific Cases Repository/LS/Home/Calendar/Calendar_Events/Calendar_Events_Creation/Appointment/Page_Calendar/Patien Name' (Root cause: com.kms.katalon.core.exception.StepFailedException: Unable to set text 'A Auto' of object 'Object Repository/Specific Cases Repository/LS/Home/Calendar/Calendar_Events/Calendar_Events_Creation/Appointment/Page_Calendar/Patien Name'
	at com.kms.katalon.core.webui.keyword.internal.WebUIKeywordMain.stepFailed(WebUIKeywordMain.groovy:117)
	at com.kms.katalon.core.webui.keyword.internal.WebUIKeywordMain.runKeyword(WebUIKeywordMain.groovy:43)
	at com.kms.katalon.core.webui.keyword.builtin.SetTextKeyword.setText(SetTextKeyword.groovy:85)
	at com.kms.katalon.core.webui.keyword.builtin.SetTextKeyword.execute(SetTextKeyword.groovy:39)
	at com.kms.katalon.core.keyword.internal.KeywordExecutor.executeKeywordForPlatform(KeywordExecutor.groovy:74)
	at com.kms.katalon.core.webui.keyword.WebUiBuiltInKeywords.setText(WebUiBuiltInKeywords.groovy:1019)
	at Calendar_Appointment.run(Calendar_Appointment:32)
	at com.kms.katalon.core.main.ScriptEngine.run(ScriptEngine.java:194)
	at com.kms.katalon.core.main.ScriptEngine.runScriptAsRawText(ScriptEngine.java:119)
	at com.kms.katalon.core.main.TestCaseExecutor.runScript(TestCaseExecutor.java:448)
	at com.kms.katalon.core.main.TestCaseExecutor.doExecute(TestCaseExecutor.java:439)
	at com.kms.katalon.core.main.TestCaseExecutor.processExecutionPhase(TestCaseExecutor.java:418)
	at com.kms.katalon.core.main.TestCaseExecutor.accessMainPhase(TestCaseExecutor.java:410)
	at com.kms.katalon.core.main.TestCaseExecutor.execute(TestCaseExecutor.java:285)
	at com.kms.katalon.core.common.CommonExecutor.accessTestCaseMainPhase(CommonExecutor.java:65)
	at com.kms.katalon.core.main.TestSuiteExecutor.accessTestSuiteMainPhase(TestSuiteExecutor.java:150)
	at com.kms.katalon.core.main.TestSuiteExecutor.execute(TestSuiteExecutor.java:106)
	at com.kms.katalon.core.main.TestCaseMain.startTestSuite(TestCaseMain.java:180)
	at TempTestSuite1730128240063.run(TempTestSuite1730128240063.groovy:35)
	at java.base/jdk.internal.reflect.NativeMethodAccessorImpl.invoke0(Native Method)
	at java.base/jdk.internal.reflect.NativeMethodAccessorImpl.invoke(NativeMethodAccessorImpl.java:77)
	at java.base/jdk.internal.reflect.DelegatingMethodAccessorImpl.invoke(DelegatingMethodAccessorImpl.java:43)
Caused by: org.openqa.selenium.ElementNotInteractableException: element not interactable
  (Session info: chrome=130.0.6723.70)
Build info: version: '3.141.59', revision: 'unknown', time: 'unknown'
System info: host: 'ENRIQUE', ip: '192.168.100.147', os.name: 'Windows 11', os.arch: 'amd64', os.version: '10.0', java.version: '17.0.7'
Driver info: com.kms.katalon.selenium.driver.CChromeDriver
Capabilities {acceptInsecureCerts: false, browserName: chrome, browserVersion: 130.0.6723.70, chrome: {chromedriverVersion: 130.0.6723.69 (3ec172b971b9..., userDataDir: C:\Users\Enrique\AppData\Lo...}, fedcm:accounts: true, goog:chromeOptions: {debuggerAddress: localhost:61528}, javascriptEnabled: true, networkConnectionEnabled: false, pageLoadStrategy: normal, platform: WINDOWS, platformName: WINDOWS, proxy: Proxy(), setWindowRect: true, strictFileInteractability: false, timeouts: {implicit: 0, pageLoad: 300000, script: 30000}, unhandledPromptBehavior: dismiss and notify, webauthn:extension:credBlob: true, webauthn:extension:largeBlob: true, webauthn:extension:minPinLength: true, webauthn:extension:prf: true, webauthn:virtualAuthenticators: true}
Session ID: 8c80c793b516f56cf2196e41087f8f8f
	at java.base/jdk.internal.reflect.NativeConstructorAccessorImpl.newInstance0(Native Method)
	at java.base/jdk.internal.reflect.NativeConstructorAccessorImpl.newInstance(NativeConstructorAccessorImpl.java:77)
	at java.base/jdk.internal.reflect.DelegatingConstructorAccessorImpl.newInstance(DelegatingConstructorAccessorImpl.java:45)
	at org.openqa.selenium.remote.http.W3CHttpResponseCodec.createException(W3CHttpResponseCodec.java:187)
	at org.openqa.selenium.remote.http.W3CHttpResponseCodec.decode(W3CHttpResponseCodec.java:122)
	at org.openqa.selenium.remote.http.W3CHttpResponseCodec.decode(W3CHttpResponseCodec.java:49)
	at org.openqa.selenium.remote.HttpCommandExecutor.execute(HttpCommandExecutor.java:158)
	at org.openqa.selenium.remote.service.DriverCommandExecutor.execute(DriverCommandExecutor.java:83)
	at org.openqa.selenium.remote.RemoteWebDriver.execute(RemoteWebDriver.java:552)
	at com.kms.katalon.selenium.driver.CChromeDriver.execute(CChromeDriver.java:19)
	at org.openqa.selenium.remote.RemoteWebElement.execute(RemoteWebElement.java:285)
	at org.openqa.selenium.remote.RemoteWebElement.sendKeys(RemoteWebElement.java:106)
	at jdk.internal.reflect.GeneratedMethodAccessor19.invoke(Unknown Source)
	at java.base/jdk.internal.reflect.DelegatingMethodAccessorImpl.invoke(DelegatingMethodAccessorImpl.java:43)
	at org.openqa.selenium.support.events.EventFiringWebDriver$EventFiringWebElement.lambda$new$0(EventFiringWebDriver.java:404)
	at jdk.proxy2/jdk.proxy2.$Proxy21.sendKeys(Unknown Source)
	at org.openqa.selenium.support.events.EventFiringWebDriver$EventFiringWebElement.sendKeys(EventFiringWebDriver.java:429)
	at com.kms.katalon.core.webui.keyword.builtin.SetTextKeyword$_setText_closure1.doCall(SetTextKeyword.groovy:71)
	at com.kms.katalon.core.webui.keyword.builtin.SetTextKeyword$_setText_closure1.call(SetTextKeyword.groovy)
	at com.kms.katalon.core.webui.keyword.internal.WebUIKeywordMain.runKeyword(WebUIKeywordMain.groovy:35)
	at com.kms.katalon.core.webui.keyword.builtin.SetTextKeyword.setText(SetTextKeyword.groovy:85)
	at com.kms.katalon.core.webui.keyword.builtin.SetTextKeyword.execute(SetTextKeyword.groovy:39)
	at com.kms.katalon.core.keyword.internal.KeywordExecutor.executeKeywordForPlatform(KeywordExecutor.groovy:74)
	at com.kms.katalon.core.webui.keyword.WebUiBuiltInKeywords.setText(WebUiBuiltInKeywords.groovy:1019)
	at Script1727458510296.run(Script1727458510296.groovy:32)
	... 15 more
)

28-10-2024T10:13:50 - [MESSAGE][FAILED] - Unable to set text 'A Auto' of object 'Object Repository/Specific Cases Repository/LS/Home/Calendar/Calendar_Events/Calendar_Events_Creation/Appointment/Page_Calendar/Patien Name' (Root cause: com.kms.katalon.core.exception.StepFailedException: Unable to set text 'A Auto' of object 'Object Repository/Specific Cases Repository/LS/Home/Calendar/Calendar_Events/Calendar_Events_Creation/Appointment/Page_Calendar/Patien Name'
	at com.kms.katalon.core.webui.keyword.internal.WebUIKeywordMain.stepFailed(WebUIKeywordMain.groovy:117)
	at com.kms.katalon.core.webui.keyword.internal.WebUIKeywordMain.runKeyword(WebUIKeywordMain.groovy:43)
	at com.kms.katalon.core.webui.keyword.builtin.SetTextKeyword.setText(SetTextKeyword.groovy:85)
	at com.kms.katalon.core.webui.keyword.builtin.SetTextKeyword.execute(SetTextKeyword.groovy:39)
	at com.kms.katalon.core.keyword.internal.KeywordExecutor.executeKeywordForPlatform(KeywordExecutor.groovy:74)
	at com.kms.katalon.core.webui.keyword.WebUiBuiltInKeywords.setText(WebUiBuiltInKeywords.groovy:1019)
	at Calendar_Appointment.run(Calendar_Appointment:32)
	at com.kms.katalon.core.main.ScriptEngine.run(ScriptEngine.java:194)
	at com.kms.katalon.core.main.ScriptEngine.runScriptAsRawText(ScriptEngine.java:119)
	at com.kms.katalon.core.main.TestCaseExecutor.runScript(TestCaseExecutor.java:448)
	at com.kms.katalon.core.main.TestCaseExecutor.doExecute(TestCaseExecutor.java:439)
	at com.kms.katalon.core.main.TestCaseExecutor.processExecutionPhase(TestCaseExecutor.java:418)
	at com.kms.katalon.core.main.TestCaseExecutor.accessMainPhase(TestCaseExecutor.java:410)
	at com.kms.katalon.core.main.TestCaseExecutor.execute(TestCaseExecutor.java:285)
	at com.kms.katalon.core.common.CommonExecutor.accessTestCaseMainPhase(CommonExecutor.java:65)
	at com.kms.katalon.core.main.TestSuiteExecutor.accessTestSuiteMainPhase(TestSuiteExecutor.java:150)
	at com.kms.katalon.core.main.TestSuiteExecutor.execute(TestSuiteExecutor.java:106)
	at com.kms.katalon.core.main.TestCaseMain.startTestSuite(TestCaseMain.java:180)
	at TempTestSuite1730128240063.run(TempTestSuite1730128240063.groovy:35)
	at java.base/jdk.internal.reflect.NativeMethodAccessorImpl.invoke0(Native Method)
	at java.base/jdk.internal.reflect.NativeMethodAccessorImpl.invoke(NativeMethodAccessorImpl.java:77)
	at java.base/jdk.internal.reflect.DelegatingMethodAccessorImpl.invoke(DelegatingMethodAccessorImpl.java:43)
Caused by: org.openqa.selenium.ElementNotInteractableException: element not interactable
  (Session info: chrome=130.0.6723.70)
Build info: version: '3.141.59', revision: 'unknown', time: 'unknown'
System info: host: 'ENRIQUE', ip: '192.168.100.147', os.name: 'Windows 11', os.arch: 'amd64', os.version: '10.0', java.version: '17.0.7'
Driver info: com.kms.katalon.selenium.driver.CChromeDriver
Capabilities {acceptInsecureCerts: false, browserName: chrome, browserVersion: 130.0.6723.70, chrome: {chromedriverVersion: 130.0.6723.69 (3ec172b971b9..., userDataDir: C:\Users\Enrique\AppData\Lo...}, fedcm:accounts: true, goog:chromeOptions: {debuggerAddress: localhost:61528}, javascriptEnabled: true, networkConnectionEnabled: false, pageLoadStrategy: normal, platform: WINDOWS, platformName: WINDOWS, proxy: Proxy(), setWindowRect: true, strictFileInteractability: false, timeouts: {implicit: 0, pageLoad: 300000, script: 30000}, unhandledPromptBehavior: dismiss and notify, webauthn:extension:credBlob: true, webauthn:extension:largeBlob: true, webauthn:extension:minPinLength: true, webauthn:extension:prf: true, webauthn:virtualAuthenticators: true}
Session ID: 8c80c793b516f56cf2196e41087f8f8f
	at java.base/jdk.internal.reflect.NativeConstructorAccessorImpl.newInstance0(Native Method)
	at java.base/jdk.internal.reflect.NativeConstructorAccessorImpl.newInstance(NativeConstructorAccessorImpl.java:77)
	at java.base/jdk.internal.reflect.DelegatingConstructorAccessorImpl.newInstance(DelegatingConstructorAccessorImpl.java:45)
	at org.openqa.selenium.remote.http.W3CHttpResponseCodec.createException(W3CHttpResponseCodec.java:187)
	at org.openqa.selenium.remote.http.W3CHttpResponseCodec.decode(W3CHttpResponseCodec.java:122)
	at org.openqa.selenium.remote.http.W3CHttpResponseCodec.decode(W3CHttpResponseCodec.java:49)
	at org.openqa.selenium.remote.HttpCommandExecutor.execute(HttpCommandExecutor.java:158)
	at org.openqa.selenium.remote.service.DriverCommandExecutor.execute(DriverCommandExecutor.java:83)
	at org.openqa.selenium.remote.RemoteWebDriver.execute(RemoteWebDriver.java:552)
	at com.kms.katalon.selenium.driver.CChromeDriver.execute(CChromeDriver.java:19)
	at org.openqa.selenium.remote.RemoteWebElement.execute(RemoteWebElement.java:285)
	at org.openqa.selenium.remote.RemoteWebElement.sendKeys(RemoteWebElement.java:106)
	at jdk.internal.reflect.GeneratedMethodAccessor19.invoke(Unknown Source)
	at java.base/jdk.internal.reflect.DelegatingMethodAccessorImpl.invoke(DelegatingMethodAccessorImpl.java:43)
	at org.openqa.selenium.support.events.EventFiringWebDriver$EventFiringWebElement.lambda$new$0(EventFiringWebDriver.java:404)
	at jdk.proxy2/jdk.proxy2.$Proxy21.sendKeys(Unknown Source)
	at org.openqa.selenium.support.events.EventFiringWebDriver$EventFiringWebElement.sendKeys(EventFiringWebDriver.java:429)
	at com.kms.katalon.core.webui.keyword.builtin.SetTextKeyword$_setText_closure1.doCall(SetTextKeyword.groovy:71)
	at com.kms.katalon.core.webui.keyword.builtin.SetTextKeyword$_setText_closure1.call(SetTextKeyword.groovy)
	at com.kms.katalon.core.webui.keyword.internal.WebUIKeywordMain.runKeyword(WebUIKeywordMain.groovy:35)
	at com.kms.katalon.core.webui.keyword.builtin.SetTextKeyword.setText(SetTextKeyword.groovy:85)
	at com.kms.katalon.core.webui.keyword.builtin.SetTextKeyword.execute(SetTextKeyword.groovy:39)
	at com.kms.katalon.core.keyword.internal.KeywordExecutor.executeKeywordForPlatform(KeywordExecutor.groovy:74)
	at com.kms.katalon.core.webui.keyword.WebUiBuiltInKeywords.setText(WebUiBuiltInKeywords.groovy:1019)
	at Script1727458510296.run(Script1727458510296.groovy:32)
	... 15 more
)]]></system-out>
         <system-err><![CDATA[28-10-2024T10:13:32 - [TEST_CASE][FAILED] - Test Cases/Specific Cases/LS/General/Calendar/Events_Creation/Present Events Creation/Calendar_Appointment: Test Cases/Specific Cases/LS/General/Calendar/Events_Creation/Present Events Creation/Calendar_Appointment FAILED.
Reason:
com.kms.katalon.core.exception.StepFailedException: Unable to set text 'A Auto' of object 'Object Repository/Specific Cases Repository/LS/Home/Calendar/Calendar_Events/Calendar_Events_Creation/Appointment/Page_Calendar/Patien Name'
	at com.kms.katalon.core.webui.keyword.internal.WebUIKeywordMain.stepFailed(WebUIKeywordMain.groovy:117)
	at com.kms.katalon.core.webui.keyword.internal.WebUIKeywordMain.runKeyword(WebUIKeywordMain.groovy:43)
	at com.kms.katalon.core.webui.keyword.builtin.SetTextKeyword.setText(SetTextKeyword.groovy:85)
	at com.kms.katalon.core.webui.keyword.builtin.SetTextKeyword.execute(SetTextKeyword.groovy:39)
	at com.kms.katalon.core.keyword.internal.KeywordExecutor.executeKeywordForPlatform(KeywordExecutor.groovy:74)
	at com.kms.katalon.core.webui.keyword.WebUiBuiltInKeywords.setText(WebUiBuiltInKeywords.groovy:1019)
	at Calendar_Appointment.run(Calendar_Appointment:32)
	at com.kms.katalon.core.main.ScriptEngine.run(ScriptEngine.java:194)
	at com.kms.katalon.core.main.ScriptEngine.runScriptAsRawText(ScriptEngine.java:119)
	at com.kms.katalon.core.main.TestCaseExecutor.runScript(TestCaseExecutor.java:448)
	at com.kms.katalon.core.main.TestCaseExecutor.doExecute(TestCaseExecutor.java:439)
	at com.kms.katalon.core.main.TestCaseExecutor.processExecutionPhase(TestCaseExecutor.java:418)
	at com.kms.katalon.core.main.TestCaseExecutor.accessMainPhase(TestCaseExecutor.java:410)
	at com.kms.katalon.core.main.TestCaseExecutor.execute(TestCaseExecutor.java:285)
	at com.kms.katalon.core.common.CommonExecutor.accessTestCaseMainPhase(CommonExecutor.java:65)
	at com.kms.katalon.core.main.TestSuiteExecutor.accessTestSuiteMainPhase(TestSuiteExecutor.java:150)
	at com.kms.katalon.core.main.TestSuiteExecutor.execute(TestSuiteExecutor.java:106)
	at com.kms.katalon.core.main.TestCaseMain.startTestSuite(TestCaseMain.java:180)
	at TempTestSuite1730128240063.run(TempTestSuite1730128240063.groovy:35)
	at java.base/jdk.internal.reflect.NativeMethodAccessorImpl.invoke0(Native Method)
	at java.base/jdk.internal.reflect.NativeMethodAccessorImpl.invoke(NativeMethodAccessorImpl.java:77)
	at java.base/jdk.internal.reflect.DelegatingMethodAccessorImpl.invoke(DelegatingMethodAccessorImpl.java:43)
Caused by: org.openqa.selenium.ElementNotInteractableException: element not interactable
  (Session info: chrome=130.0.6723.70)
Build info: version: '3.141.59', revision: 'unknown', time: 'unknown'
System info: host: 'ENRIQUE', ip: '192.168.100.147', os.name: 'Windows 11', os.arch: 'amd64', os.version: '10.0', java.version: '17.0.7'
Driver info: com.kms.katalon.selenium.driver.CChromeDriver
Capabilities {acceptInsecureCerts: false, browserName: chrome, browserVersion: 130.0.6723.70, chrome: {chromedriverVersion: 130.0.6723.69 (3ec172b971b9..., userDataDir: C:\Users\Enrique\AppData\Lo...}, fedcm:accounts: true, goog:chromeOptions: {debuggerAddress: localhost:61528}, javascriptEnabled: true, networkConnectionEnabled: false, pageLoadStrategy: normal, platform: WINDOWS, platformName: WINDOWS, proxy: Proxy(), setWindowRect: true, strictFileInteractability: false, timeouts: {implicit: 0, pageLoad: 300000, script: 30000}, unhandledPromptBehavior: dismiss and notify, webauthn:extension:credBlob: true, webauthn:extension:largeBlob: true, webauthn:extension:minPinLength: true, webauthn:extension:prf: true, webauthn:virtualAuthenticators: true}
Session ID: 8c80c793b516f56cf2196e41087f8f8f
	at java.base/jdk.internal.reflect.NativeConstructorAccessorImpl.newInstance0(Native Method)
	at java.base/jdk.internal.reflect.NativeConstructorAccessorImpl.newInstance(NativeConstructorAccessorImpl.java:77)
	at java.base/jdk.internal.reflect.DelegatingConstructorAccessorImpl.newInstance(DelegatingConstructorAccessorImpl.java:45)
	at org.openqa.selenium.remote.http.W3CHttpResponseCodec.createException(W3CHttpResponseCodec.java:187)
	at org.openqa.selenium.remote.http.W3CHttpResponseCodec.decode(W3CHttpResponseCodec.java:122)
	at org.openqa.selenium.remote.http.W3CHttpResponseCodec.decode(W3CHttpResponseCodec.java:49)
	at org.openqa.selenium.remote.HttpCommandExecutor.execute(HttpCommandExecutor.java:158)
	at org.openqa.selenium.remote.service.DriverCommandExecutor.execute(DriverCommandExecutor.java:83)
	at org.openqa.selenium.remote.RemoteWebDriver.execute(RemoteWebDriver.java:552)
	at com.kms.katalon.selenium.driver.CChromeDriver.execute(CChromeDriver.java:19)
	at org.openqa.selenium.remote.RemoteWebElement.execute(RemoteWebElement.java:285)
	at org.openqa.selenium.remote.RemoteWebElement.sendKeys(RemoteWebElement.java:106)
	at jdk.internal.reflect.GeneratedMethodAccessor19.invoke(Unknown Source)
	at java.base/jdk.internal.reflect.DelegatingMethodAccessorImpl.invoke(DelegatingMethodAccessorImpl.java:43)
	at org.openqa.selenium.support.events.EventFiringWebDriver$EventFiringWebElement.lambda$new$0(EventFiringWebDriver.java:404)
	at jdk.proxy2/jdk.proxy2.$Proxy21.sendKeys(Unknown Source)
	at org.openqa.selenium.support.events.EventFiringWebDriver$EventFiringWebElement.sendKeys(EventFiringWebDriver.java:429)
	at com.kms.katalon.core.webui.keyword.builtin.SetTextKeyword$_setText_closure1.doCall(SetTextKeyword.groovy:71)
	at com.kms.katalon.core.webui.keyword.builtin.SetTextKeyword$_setText_closure1.call(SetTextKeyword.groovy)
	at com.kms.katalon.core.webui.keyword.internal.WebUIKeywordMain.runKeyword(WebUIKeywordMain.groovy:35)
	... 20 more]]></system-err>
      </testcase>
      <testcase name="Test Cases/Specific Cases/LS/General/Calendar/Events_Creation/Present Events Creation/Calendar_Block" time="22.725" classname="Test Cases/Specific Cases/LS/General/Calendar/Events_Creation/Present Events Creation/Calendar_Block" status="FAILED">
         <failure type="FAILED" message="Test Cases/Specific Cases/LS/General/Calendar/Events_Creation/Present Events Creation/Calendar_Block FAILED.&#xa;Reason:&#xa;com.kms.katalon.core.exception.StepFailedException: Unable to set text '45' of object 'Object Repository/Specific Cases Repository/LS/Home/Calendar/Calendar_Events/Calendar_Events_Creation/Block/Page_Calendar/input_Reminder_select2-search__field'&#xa;	at com.kms.katalon.core.webui.keyword.internal.WebUIKeywordMain.stepFailed(WebUIKeywordMain.groovy:117)&#xa;	at com.kms.katalon.core.webui.keyword.internal.WebUIKeywordMain.runKeyword(WebUIKeywordMain.groovy:43)&#xa;	at com.kms.katalon.core.webui.keyword.builtin.SetTextKeyword.setText(SetTextKeyword.groovy:85)&#xa;	at com.kms.katalon.core.webui.keyword.builtin.SetTextKeyword.execute(SetTextKeyword.groovy:39)&#xa;	at com.kms.katalon.core.keyword.internal.KeywordExecutor.executeKeywordForPlatform(KeywordExecutor.groovy:74)&#xa;	at com.kms.katalon.core.webui.keyword.WebUiBuiltInKeywords.setText(WebUiBuiltInKeywords.groovy:1019)&#xa;	at Calendar_Block.run(Calendar_Block:47)&#xa;	at com.kms.katalon.core.main.ScriptEngine.run(ScriptEngine.java:194)&#xa;	at com.kms.katalon.core.main.ScriptEngine.runScriptAsRawText(ScriptEngine.java:119)&#xa;	at com.kms.katalon.core.main.TestCaseExecutor.runScript(TestCaseExecutor.java:448)&#xa;	at com.kms.katalon.core.main.TestCaseExecutor.doExecute(TestCaseExecutor.java:439)&#xa;	at com.kms.katalon.core.main.TestCaseExecutor.processExecutionPhase(TestCaseExecutor.java:418)&#xa;	at com.kms.katalon.core.main.TestCaseExecutor.accessMainPhase(TestCaseExecutor.java:410)&#xa;	at com.kms.katalon.core.main.TestCaseExecutor.execute(TestCaseExecutor.java:285)&#xa;	at com.kms.katalon.core.common.CommonExecutor.accessTestCaseMainPhase(CommonExecutor.java:65)&#xa;	at com.kms.katalon.core.main.TestSuiteExecutor.accessTestSuiteMainPhase(TestSuiteExecutor.java:150)&#xa;	at com.kms.katalon.core.main.TestSuiteExecutor.execute(TestSuiteExecutor.java:106)&#xa;	at com.kms.katalon.core.main.TestCaseMain.startTestSuite(TestCaseMain.java:180)&#xa;	at TempTestSuite1730128240063.run(TempTestSuite1730128240063.groovy:35)&#xa;	at java.base/jdk.internal.reflect.NativeMethodAccessorImpl.invoke0(Native Method)&#xa;	at java.base/jdk.internal.reflect.NativeMethodAccessorImpl.invoke(NativeMethodAccessorImpl.java:77)&#xa;	at java.base/jdk.internal.reflect.DelegatingMethodAccessorImpl.invoke(DelegatingMethodAccessorImpl.java:43)&#xa;Caused by: org.openqa.selenium.ElementNotInteractableException: element not interactable&#xa;  (Session info: chrome=130.0.6723.70)&#xa;Build info: version: '3.141.59', revision: 'unknown', time: 'unknown'&#xa;System info: host: 'ENRIQUE', ip: '192.168.100.147', os.name: 'Windows 11', os.arch: 'amd64', os.version: '10.0', java.version: '17.0.7'&#xa;Driver info: com.kms.katalon.selenium.driver.CChromeDriver&#xa;Capabilities {acceptInsecureCerts: false, browserName: chrome, browserVersion: 130.0.6723.70, chrome: {chromedriverVersion: 130.0.6723.69 (3ec172b971b9..., userDataDir: C:\Users\Enrique\AppData\Lo...}, fedcm:accounts: true, goog:chromeOptions: {debuggerAddress: localhost:61558}, javascriptEnabled: true, networkConnectionEnabled: false, pageLoadStrategy: normal, platform: WINDOWS, platformName: WINDOWS, proxy: Proxy(), setWindowRect: true, strictFileInteractability: false, timeouts: {implicit: 0, pageLoad: 300000, script: 30000}, unhandledPromptBehavior: dismiss and notify, webauthn:extension:credBlob: true, webauthn:extension:largeBlob: true, webauthn:extension:minPinLength: true, webauthn:extension:prf: true, webauthn:virtualAuthenticators: true}&#xa;Session ID: f8d8bdadb1b3fa76abe08965070ab7ad&#xa;	at java.base/jdk.internal.reflect.NativeConstructorAccessorImpl.newInstance0(Native Method)&#xa;	at java.base/jdk.internal.reflect.NativeConstructorAccessorImpl.newInstance(NativeConstructorAccessorImpl.java:77)&#xa;	at java.base/jdk.internal.reflect.DelegatingConstructorAccessorImpl.newInstance(DelegatingConstructorAccessorImpl.java:45)&#xa;	at org.openqa.selenium.remote.http.W3CHttpResponseCodec.createException(W3CHttpResponseCodec.java:187)&#xa;	at org.openqa.selenium.remote.http.W3CHttpResponseCodec.decode(W3CHttpResponseCodec.java:122)&#xa;	at org.openqa.selenium.remote.http.W3CHttpResponseCodec.decode(W3CHttpResponseCodec.java:49)&#xa;	at org.openqa.selenium.remote.HttpCommandExecutor.execute(HttpCommandExecutor.java:158)&#xa;	at org.openqa.selenium.remote.service.DriverCommandExecutor.execute(DriverCommandExecutor.java:83)&#xa;	at org.openqa.selenium.remote.RemoteWebDriver.execute(RemoteWebDriver.java:552)&#xa;	at com.kms.katalon.selenium.driver.CChromeDriver.execute(CChromeDriver.java:19)&#xa;	at org.openqa.selenium.remote.RemoteWebElement.execute(RemoteWebElement.java:285)&#xa;	at org.openqa.selenium.remote.RemoteWebElement.clear(RemoteWebElement.java:124)&#xa;	at jdk.internal.reflect.GeneratedMethodAccessor18.invoke(Unknown Source)&#xa;	at java.base/jdk.internal.reflect.DelegatingMethodAccessorImpl.invoke(DelegatingMethodAccessorImpl.java:43)&#xa;	at org.openqa.selenium.support.events.EventFiringWebDriver$EventFiringWebElement.lambda$new$0(EventFiringWebDriver.java:404)&#xa;	at jdk.proxy2/jdk.proxy2.$Proxy21.clear(Unknown Source)&#xa;	at org.openqa.selenium.support.events.EventFiringWebDriver$EventFiringWebElement.clear(EventFiringWebDriver.java:436)&#xa;	at com.kms.katalon.core.webui.keyword.builtin.SetTextKeyword$_setText_closure1.doCall(SetTextKeyword.groovy:55)&#xa;	at com.kms.katalon.core.webui.keyword.builtin.SetTextKeyword$_setText_closure1.call(SetTextKeyword.groovy)&#xa;	at com.kms.katalon.core.webui.keyword.internal.WebUIKeywordMain.runKeyword(WebUIKeywordMain.groovy:35)&#xa;	... 20 more&#xa;"/>
         <system-out><![CDATA[28-10-2024T10:13:50 - [TEST_CASE][FAILED] - Test Cases/Specific Cases/LS/General/Calendar/Events_Creation/Present Events Creation/Calendar_Block: Test Cases/Specific Cases/LS/General/Calendar/Events_Creation/Present Events Creation/Calendar_Block FAILED.
Reason:
com.kms.katalon.core.exception.StepFailedException: Unable to set text '45' of object 'Object Repository/Specific Cases Repository/LS/Home/Calendar/Calendar_Events/Calendar_Events_Creation/Block/Page_Calendar/input_Reminder_select2-search__field'
	at com.kms.katalon.core.webui.keyword.internal.WebUIKeywordMain.stepFailed(WebUIKeywordMain.groovy:117)
	at com.kms.katalon.core.webui.keyword.internal.WebUIKeywordMain.runKeyword(WebUIKeywordMain.groovy:43)
	at com.kms.katalon.core.webui.keyword.builtin.SetTextKeyword.setText(SetTextKeyword.groovy:85)
	at com.kms.katalon.core.webui.keyword.builtin.SetTextKeyword.execute(SetTextKeyword.groovy:39)
	at com.kms.katalon.core.keyword.internal.KeywordExecutor.executeKeywordForPlatform(KeywordExecutor.groovy:74)
	at com.kms.katalon.core.webui.keyword.WebUiBuiltInKeywords.setText(WebUiBuiltInKeywords.groovy:1019)
	at Calendar_Block.run(Calendar_Block:47)
	at com.kms.katalon.core.main.ScriptEngine.run(ScriptEngine.java:194)
	at com.kms.katalon.core.main.ScriptEngine.runScriptAsRawText(ScriptEngine.java:119)
	at com.kms.katalon.core.main.TestCaseExecutor.runScript(TestCaseExecutor.java:448)
	at com.kms.katalon.core.main.TestCaseExecutor.doExecute(TestCaseExecutor.java:439)
	at com.kms.katalon.core.main.TestCaseExecutor.processExecutionPhase(TestCaseExecutor.java:418)
	at com.kms.katalon.core.main.TestCaseExecutor.accessMainPhase(TestCaseExecutor.java:410)
	at com.kms.katalon.core.main.TestCaseExecutor.execute(TestCaseExecutor.java:285)
	at com.kms.katalon.core.common.CommonExecutor.accessTestCaseMainPhase(CommonExecutor.java:65)
	at com.kms.katalon.core.main.TestSuiteExecutor.accessTestSuiteMainPhase(TestSuiteExecutor.java:150)
	at com.kms.katalon.core.main.TestSuiteExecutor.execute(TestSuiteExecutor.java:106)
	at com.kms.katalon.core.main.TestCaseMain.startTestSuite(TestCaseMain.java:180)
	at TempTestSuite1730128240063.run(TempTestSuite1730128240063.groovy:35)
	at java.base/jdk.internal.reflect.NativeMethodAccessorImpl.invoke0(Native Method)
	at java.base/jdk.internal.reflect.NativeMethodAccessorImpl.invoke(NativeMethodAccessorImpl.java:77)
	at java.base/jdk.internal.reflect.DelegatingMethodAccessorImpl.invoke(DelegatingMethodAccessorImpl.java:43)
Caused by: org.openqa.selenium.ElementNotInteractableException: element not interactable
  (Session info: chrome=130.0.6723.70)
Build info: version: '3.141.59', revision: 'unknown', time: 'unknown'
System info: host: 'ENRIQUE', ip: '192.168.100.147', os.name: 'Windows 11', os.arch: 'amd64', os.version: '10.0', java.version: '17.0.7'
Driver info: com.kms.katalon.selenium.driver.CChromeDriver
Capabilities {acceptInsecureCerts: false, browserName: chrome, browserVersion: 130.0.6723.70, chrome: {chromedriverVersion: 130.0.6723.69 (3ec172b971b9..., userDataDir: C:\Users\Enrique\AppData\Lo...}, fedcm:accounts: true, goog:chromeOptions: {debuggerAddress: localhost:61558}, javascriptEnabled: true, networkConnectionEnabled: false, pageLoadStrategy: normal, platform: WINDOWS, platformName: WINDOWS, proxy: Proxy(), setWindowRect: true, strictFileInteractability: false, timeouts: {implicit: 0, pageLoad: 300000, script: 30000}, unhandledPromptBehavior: dismiss and notify, webauthn:extension:credBlob: true, webauthn:extension:largeBlob: true, webauthn:extension:minPinLength: true, webauthn:extension:prf: true, webauthn:virtualAuthenticators: true}
Session ID: f8d8bdadb1b3fa76abe08965070ab7ad
	at java.base/jdk.internal.reflect.NativeConstructorAccessorImpl.newInstance0(Native Method)
	at java.base/jdk.internal.reflect.NativeConstructorAccessorImpl.newInstance(NativeConstructorAccessorImpl.java:77)
	at java.base/jdk.internal.reflect.DelegatingConstructorAccessorImpl.newInstance(DelegatingConstructorAccessorImpl.java:45)
	at org.openqa.selenium.remote.http.W3CHttpResponseCodec.createException(W3CHttpResponseCodec.java:187)
	at org.openqa.selenium.remote.http.W3CHttpResponseCodec.decode(W3CHttpResponseCodec.java:122)
	at org.openqa.selenium.remote.http.W3CHttpResponseCodec.decode(W3CHttpResponseCodec.java:49)
	at org.openqa.selenium.remote.HttpCommandExecutor.execute(HttpCommandExecutor.java:158)
	at org.openqa.selenium.remote.service.DriverCommandExecutor.execute(DriverCommandExecutor.java:83)
	at org.openqa.selenium.remote.RemoteWebDriver.execute(RemoteWebDriver.java:552)
	at com.kms.katalon.selenium.driver.CChromeDriver.execute(CChromeDriver.java:19)
	at org.openqa.selenium.remote.RemoteWebElement.execute(RemoteWebElement.java:285)
	at org.openqa.selenium.remote.RemoteWebElement.clear(RemoteWebElement.java:124)
	at jdk.internal.reflect.GeneratedMethodAccessor18.invoke(Unknown Source)
	at java.base/jdk.internal.reflect.DelegatingMethodAccessorImpl.invoke(DelegatingMethodAccessorImpl.java:43)
	at org.openqa.selenium.support.events.EventFiringWebDriver$EventFiringWebElement.lambda$new$0(EventFiringWebDriver.java:404)
	at jdk.proxy2/jdk.proxy2.$Proxy21.clear(Unknown Source)
	at org.openqa.selenium.support.events.EventFiringWebDriver$EventFiringWebElement.clear(EventFiringWebDriver.java:436)
	at com.kms.katalon.core.webui.keyword.builtin.SetTextKeyword$_setText_closure1.doCall(SetTextKeyword.groovy:55)
	at com.kms.katalon.core.webui.keyword.builtin.SetTextKeyword$_setText_closure1.call(SetTextKeyword.groovy)
	at com.kms.katalon.core.webui.keyword.internal.WebUIKeywordMain.runKeyword(WebUIKeywordMain.groovy:35)
	... 20 more


28-10-2024T10:13:50 - [TEST_STEP][PASSED] - callTestCase(findTestCase("Common Cases/Login"), [:], STOP_ON_FAILURE): Call Test Case 'Test Cases/Common Cases/Login' successfully

28-10-2024T10:13:50 - [TEST_CASE][PASSED] - Test Cases/Common Cases/Login: Test Cases/Common Cases/Login

28-10-2024T10:13:50 - [TEST_STEP][PASSED] - openBrowser(""): Browser is opened with url: ''

28-10-2024T10:13:50 - [MESSAGE][WARNING] - A browser is already opened. Closing browser and opening a new one

28-10-2024T10:13:50 - [MESSAGE][INFO] - Starting 'Chrome' driver

28-10-2024T10:13:50 - [MESSAGE][INFO] - Action delay is set to 0 milliseconds

28-10-2024T10:13:51 - [MESSAGE][PASSED] - Browser is opened with url: ''

28-10-2024T10:13:51 - [TEST_STEP][PASSED] - maximizeWindow(): Current window maximized

28-10-2024T10:13:51 - [MESSAGE][PASSED] - Current window maximized

28-10-2024T10:13:51 - [TEST_STEP][PASSED] - navigateToUrl("https://site17.lsapp.cloud/auth/login"): Navigate to 'https://site17.lsapp.cloud/auth/login' successfully

28-10-2024T10:13:53 - [MESSAGE][PASSED] - Navigate to 'https://site17.lsapp.cloud/auth/login' successfully

28-10-2024T10:13:53 - [TEST_STEP][PASSED] - setText(findTestObject("Object Repository/Common Cases Repository/Login/Page_Lightning Step/input_Email_email"), "automation@lightningstep.com"): Text 'automation@lightningstep.com' is set on object 'Object Repository/Common Cases Repository/Login/Page_Lightning Step/input_Email_email'

28-10-2024T10:13:54 - [MESSAGE][PASSED] - Text 'automation@lightningstep.com' is set on object 'Object Repository/Common Cases Repository/Login/Page_Lightning Step/input_Email_email'

28-10-2024T10:13:54 - [TEST_STEP][PASSED] - setEncryptedText(findTestObject("Object Repository/Common Cases Repository/Login/Page_Lightning Step/input_Password_password"), "e5N8VHmnhJDITtQaQhDQDw=="): Text ****** has been set on object 'Object Repository/Common Cases Repository/Login/Page_Lightning Step/input_Password_password'

28-10-2024T10:13:54 - [MESSAGE][PASSED] - Text ****** has been set on object 'Object Repository/Common Cases Repository/Login/Page_Lightning Step/input_Password_password'

28-10-2024T10:13:54 - [TEST_STEP][PASSED] - click(findTestObject("Object Repository/Common Cases Repository/Login/Page_Lightning Step/button_Sign in")): Object: 'Object Repository/Common Cases Repository/Login/Page_Lightning Step/button_Sign in' is clicked on

28-10-2024T10:14:01 - [MESSAGE][PASSED] - Object: 'Object Repository/Common Cases Repository/Login/Page_Lightning Step/button_Sign in' is clicked on

28-10-2024T10:14:01 - [MESSAGE][PASSED] - Call Test Case 'Test Cases/Common Cases/Login' successfully

28-10-2024T10:14:01 - [TEST_STEP][PASSED] - click(findTestObject("Object Repository/Specific Cases Repository/LS/Home/Calendar/Calendar_Events/Calendar_Events_Creation/Block/Page_Home/a_Calendar")): Object: 'Object Repository/Specific Cases Repository/LS/Home/Calendar/Calendar_Events/Calendar_Events_Creation/Block/Page_Home/a_Calendar' is clicked on

28-10-2024T10:14:05 - [MESSAGE][PASSED] - Object: 'Object Repository/Specific Cases Repository/LS/Home/Calendar/Calendar_Events/Calendar_Events_Creation/Block/Page_Home/a_Calendar' is clicked on

28-10-2024T10:14:05 - [TEST_STEP][PASSED] - click(findTestObject("Object Repository/Specific Cases Repository/LS/Home/Calendar/Calendar_Events/Calendar_Events_Creation/Appointment/Page_Calendar/div_Week")): Object: 'Object Repository/Specific Cases Repository/LS/Home/Calendar/Calendar_Events/Calendar_Events_Creation/Appointment/Page_Calendar/div_Week' is clicked on

28-10-2024T10:14:05 - [MESSAGE][PASSED] - Object: 'Object Repository/Specific Cases Repository/LS/Home/Calendar/Calendar_Events/Calendar_Events_Creation/Appointment/Page_Calendar/div_Week' is clicked on

28-10-2024T10:14:05 - [TEST_STEP][PASSED] - click(findTestObject("Object Repository/Specific Cases Repository/LS/Home/Calendar/Calendar_Events/Calendar_Events_Creation/Block/Page_Calendar/button_Create new")): Object: 'Object Repository/Specific Cases Repository/LS/Home/Calendar/Calendar_Events/Calendar_Events_Creation/Block/Page_Calendar/button_Create new' is clicked on

28-10-2024T10:14:06 - [MESSAGE][PASSED] - Object: 'Object Repository/Specific Cases Repository/LS/Home/Calendar/Calendar_Events/Calendar_Events_Creation/Block/Page_Calendar/button_Create new' is clicked on

28-10-2024T10:14:06 - [TEST_STEP][PASSED] - click(findTestObject("Object Repository/Specific Cases Repository/LS/Home/Calendar/Calendar_Events/Calendar_Events_Creation/Block/Page_Calendar/label_Block")): Object: 'Object Repository/Specific Cases Repository/LS/Home/Calendar/Calendar_Events/Calendar_Events_Creation/Block/Page_Calendar/label_Block' is clicked on

28-10-2024T10:14:07 - [MESSAGE][PASSED] - Object: 'Object Repository/Specific Cases Repository/LS/Home/Calendar/Calendar_Events/Calendar_Events_Creation/Block/Page_Calendar/label_Block' is clicked on

28-10-2024T10:14:07 - [TEST_STEP][PASSED] - setText(findTestObject("Object Repository/Specific Cases Repository/LS/Home/Calendar/Calendar_Events/Calendar_Events_Creation/Block/Page_Calendar/input_Title_title_"), "Automation Block"): Text 'Automation Block' is set on object 'Object Repository/Specific Cases Repository/LS/Home/Calendar/Calendar_Events/Calendar_Events_Creation/Block/Page_Calendar/input_Title_title_'

28-10-2024T10:14:08 - [MESSAGE][PASSED] - Text 'Automation Block' is set on object 'Object Repository/Specific Cases Repository/LS/Home/Calendar/Calendar_Events/Calendar_Events_Creation/Block/Page_Calendar/input_Title_title_'

28-10-2024T10:14:08 - [TEST_STEP][PASSED] - click(findTestObject("Object Repository/Specific Cases Repository/LS/Home/Calendar/Calendar_Events/Calendar_Events_Creation/Appointment/Page_Calendar/Date")): Object: 'Object Repository/Specific Cases Repository/LS/Home/Calendar/Calendar_Events/Calendar_Events_Creation/Appointment/Page_Calendar/Date' is clicked on

28-10-2024T10:14:09 - [MESSAGE][PASSED] - Object: 'Object Repository/Specific Cases Repository/LS/Home/Calendar/Calendar_Events/Calendar_Events_Creation/Appointment/Page_Calendar/Date' is clicked on

28-10-2024T10:14:09 - [TEST_STEP][PASSED] - setText(findTestObject("Object Repository/Specific Cases Repository/LS/Home/Calendar/Calendar_Events/Calendar_Events_Creation/Appointment/Page_Calendar/Date"), Todays_Date): Text '10/28/2024' is set on object 'Object Repository/Specific Cases Repository/LS/Home/Calendar/Calendar_Events/Calendar_Events_Creation/Appointment/Page_Calendar/Date'

28-10-2024T10:14:09 - [MESSAGE][PASSED] - Text '10/28/2024' is set on object 'Object Repository/Specific Cases Repository/LS/Home/Calendar/Calendar_Events/Calendar_Events_Creation/Appointment/Page_Calendar/Date'

28-10-2024T10:14:09 - [TEST_STEP][PASSED] - click(findTestObject("Object Repository/Specific Cases Repository/LS/Home/Calendar/Calendar_Events/Calendar_Events_Creation/Appointment/Page_Calendar/Start Time Clock")): Object: 'Object Repository/Specific Cases Repository/LS/Home/Calendar/Calendar_Events/Calendar_Events_Creation/Appointment/Page_Calendar/Start Time Clock' is clicked on

28-10-2024T10:14:11 - [MESSAGE][PASSED] - Object: 'Object Repository/Specific Cases Repository/LS/Home/Calendar/Calendar_Events/Calendar_Events_Creation/Appointment/Page_Calendar/Start Time Clock' is clicked on

28-10-2024T10:14:11 - [TEST_STEP][PASSED] - setText(findTestObject("Object Repository/Specific Cases Repository/LS/Home/Calendar/Calendar_Events/Calendar_Events_Creation/Appointment/Page_Calendar/Start Time Clock"), "1600"): Text '1600' is set on object 'Object Repository/Specific Cases Repository/LS/Home/Calendar/Calendar_Events/Calendar_Events_Creation/Appointment/Page_Calendar/Start Time Clock'

28-10-2024T10:14:11 - [MESSAGE][PASSED] - Text '1600' is set on object 'Object Repository/Specific Cases Repository/LS/Home/Calendar/Calendar_Events/Calendar_Events_Creation/Appointment/Page_Calendar/Start Time Clock'

28-10-2024T10:14:11 - [TEST_STEP][PASSED] - click(findTestObject("Object Repository/Specific Cases Repository/LS/Home/Calendar/Calendar_Events/Calendar_Events_Creation/Block/Page_Calendar/div_Schedule                               _3f20bf")): Object: 'Object Repository/Specific Cases Repository/LS/Home/Calendar/Calendar_Events/Calendar_Events_Creation/Block/Page_Calendar/div_Schedule                               _3f20bf' is clicked on

28-10-2024T10:14:12 - [MESSAGE][PASSED] - Object: 'Object Repository/Specific Cases Repository/LS/Home/Calendar/Calendar_Events/Calendar_Events_Creation/Block/Page_Calendar/div_Schedule                               _3f20bf' is clicked on

28-10-2024T10:14:12 - [TEST_STEP][PASSED] - click(findTestObject("Object Repository/Specific Cases Repository/LS/Home/Calendar/Calendar_Events/Calendar_Events_Creation/Block/Page_Calendar/button_Reminder__simple-switch-track")): Object: 'Object Repository/Specific Cases Repository/LS/Home/Calendar/Calendar_Events/Calendar_Events_Creation/Block/Page_Calendar/button_Reminder__simple-switch-track' is clicked on

28-10-2024T10:14:13 - [MESSAGE][PASSED] - Object: 'Object Repository/Specific Cases Repository/LS/Home/Calendar/Calendar_Events/Calendar_Events_Creation/Block/Page_Calendar/button_Reminder__simple-switch-track' is clicked on

28-10-2024T10:14:13 - [TEST_STEP][FAILED] - setText(findTestObject("Object Repository/Specific Cases Repository/LS/Home/Calendar/Calendar_Events/Calendar_Events_Creation/Block/Page_Calendar/input_Reminder_select2-search__field"), "45"): Unable to set text '45' of object 'Object Repository/Specific Cases Repository/LS/Home/Calendar/Calendar_Events/Calendar_Events_Creation/Block/Page_Calendar/input_Reminder_select2-search__field' (Root cause: com.kms.katalon.core.exception.StepFailedException: Unable to set text '45' of object 'Object Repository/Specific Cases Repository/LS/Home/Calendar/Calendar_Events/Calendar_Events_Creation/Block/Page_Calendar/input_Reminder_select2-search__field'
	at com.kms.katalon.core.webui.keyword.internal.WebUIKeywordMain.stepFailed(WebUIKeywordMain.groovy:117)
	at com.kms.katalon.core.webui.keyword.internal.WebUIKeywordMain.runKeyword(WebUIKeywordMain.groovy:43)
	at com.kms.katalon.core.webui.keyword.builtin.SetTextKeyword.setText(SetTextKeyword.groovy:85)
	at com.kms.katalon.core.webui.keyword.builtin.SetTextKeyword.execute(SetTextKeyword.groovy:39)
	at com.kms.katalon.core.keyword.internal.KeywordExecutor.executeKeywordForPlatform(KeywordExecutor.groovy:74)
	at com.kms.katalon.core.webui.keyword.WebUiBuiltInKeywords.setText(WebUiBuiltInKeywords.groovy:1019)
	at Calendar_Block.run(Calendar_Block:47)
	at com.kms.katalon.core.main.ScriptEngine.run(ScriptEngine.java:194)
	at com.kms.katalon.core.main.ScriptEngine.runScriptAsRawText(ScriptEngine.java:119)
	at com.kms.katalon.core.main.TestCaseExecutor.runScript(TestCaseExecutor.java:448)
	at com.kms.katalon.core.main.TestCaseExecutor.doExecute(TestCaseExecutor.java:439)
	at com.kms.katalon.core.main.TestCaseExecutor.processExecutionPhase(TestCaseExecutor.java:418)
	at com.kms.katalon.core.main.TestCaseExecutor.accessMainPhase(TestCaseExecutor.java:410)
	at com.kms.katalon.core.main.TestCaseExecutor.execute(TestCaseExecutor.java:285)
	at com.kms.katalon.core.common.CommonExecutor.accessTestCaseMainPhase(CommonExecutor.java:65)
	at com.kms.katalon.core.main.TestSuiteExecutor.accessTestSuiteMainPhase(TestSuiteExecutor.java:150)
	at com.kms.katalon.core.main.TestSuiteExecutor.execute(TestSuiteExecutor.java:106)
	at com.kms.katalon.core.main.TestCaseMain.startTestSuite(TestCaseMain.java:180)
	at TempTestSuite1730128240063.run(TempTestSuite1730128240063.groovy:35)
	at java.base/jdk.internal.reflect.NativeMethodAccessorImpl.invoke0(Native Method)
	at java.base/jdk.internal.reflect.NativeMethodAccessorImpl.invoke(NativeMethodAccessorImpl.java:77)
	at java.base/jdk.internal.reflect.DelegatingMethodAccessorImpl.invoke(DelegatingMethodAccessorImpl.java:43)
Caused by: org.openqa.selenium.ElementNotInteractableException: element not interactable
  (Session info: chrome=130.0.6723.70)
Build info: version: '3.141.59', revision: 'unknown', time: 'unknown'
System info: host: 'ENRIQUE', ip: '192.168.100.147', os.name: 'Windows 11', os.arch: 'amd64', os.version: '10.0', java.version: '17.0.7'
Driver info: com.kms.katalon.selenium.driver.CChromeDriver
Capabilities {acceptInsecureCerts: false, browserName: chrome, browserVersion: 130.0.6723.70, chrome: {chromedriverVersion: 130.0.6723.69 (3ec172b971b9..., userDataDir: C:\Users\Enrique\AppData\Lo...}, fedcm:accounts: true, goog:chromeOptions: {debuggerAddress: localhost:61558}, javascriptEnabled: true, networkConnectionEnabled: false, pageLoadStrategy: normal, platform: WINDOWS, platformName: WINDOWS, proxy: Proxy(), setWindowRect: true, strictFileInteractability: false, timeouts: {implicit: 0, pageLoad: 300000, script: 30000}, unhandledPromptBehavior: dismiss and notify, webauthn:extension:credBlob: true, webauthn:extension:largeBlob: true, webauthn:extension:minPinLength: true, webauthn:extension:prf: true, webauthn:virtualAuthenticators: true}
Session ID: f8d8bdadb1b3fa76abe08965070ab7ad
	at java.base/jdk.internal.reflect.NativeConstructorAccessorImpl.newInstance0(Native Method)
	at java.base/jdk.internal.reflect.NativeConstructorAccessorImpl.newInstance(NativeConstructorAccessorImpl.java:77)
	at java.base/jdk.internal.reflect.DelegatingConstructorAccessorImpl.newInstance(DelegatingConstructorAccessorImpl.java:45)
	at org.openqa.selenium.remote.http.W3CHttpResponseCodec.createException(W3CHttpResponseCodec.java:187)
	at org.openqa.selenium.remote.http.W3CHttpResponseCodec.decode(W3CHttpResponseCodec.java:122)
	at org.openqa.selenium.remote.http.W3CHttpResponseCodec.decode(W3CHttpResponseCodec.java:49)
	at org.openqa.selenium.remote.HttpCommandExecutor.execute(HttpCommandExecutor.java:158)
	at org.openqa.selenium.remote.service.DriverCommandExecutor.execute(DriverCommandExecutor.java:83)
	at org.openqa.selenium.remote.RemoteWebDriver.execute(RemoteWebDriver.java:552)
	at com.kms.katalon.selenium.driver.CChromeDriver.execute(CChromeDriver.java:19)
	at org.openqa.selenium.remote.RemoteWebElement.execute(RemoteWebElement.java:285)
	at org.openqa.selenium.remote.RemoteWebElement.clear(RemoteWebElement.java:124)
	at jdk.internal.reflect.GeneratedMethodAccessor18.invoke(Unknown Source)
	at java.base/jdk.internal.reflect.DelegatingMethodAccessorImpl.invoke(DelegatingMethodAccessorImpl.java:43)
	at org.openqa.selenium.support.events.EventFiringWebDriver$EventFiringWebElement.lambda$new$0(EventFiringWebDriver.java:404)
	at jdk.proxy2/jdk.proxy2.$Proxy21.clear(Unknown Source)
	at org.openqa.selenium.support.events.EventFiringWebDriver$EventFiringWebElement.clear(EventFiringWebDriver.java:436)
	at com.kms.katalon.core.webui.keyword.builtin.SetTextKeyword$_setText_closure1.doCall(SetTextKeyword.groovy:55)
	at com.kms.katalon.core.webui.keyword.builtin.SetTextKeyword$_setText_closure1.call(SetTextKeyword.groovy)
	at com.kms.katalon.core.webui.keyword.internal.WebUIKeywordMain.runKeyword(WebUIKeywordMain.groovy:35)
	at com.kms.katalon.core.webui.keyword.builtin.SetTextKeyword.setText(SetTextKeyword.groovy:85)
	at com.kms.katalon.core.webui.keyword.builtin.SetTextKeyword.execute(SetTextKeyword.groovy:39)
	at com.kms.katalon.core.keyword.internal.KeywordExecutor.executeKeywordForPlatform(KeywordExecutor.groovy:74)
	at com.kms.katalon.core.webui.keyword.WebUiBuiltInKeywords.setText(WebUiBuiltInKeywords.groovy:1019)
	at Script1727458510302.run(Script1727458510302.groovy:47)
	... 15 more
)

28-10-2024T10:14:13 - [MESSAGE][FAILED] - Unable to set text '45' of object 'Object Repository/Specific Cases Repository/LS/Home/Calendar/Calendar_Events/Calendar_Events_Creation/Block/Page_Calendar/input_Reminder_select2-search__field' (Root cause: com.kms.katalon.core.exception.StepFailedException: Unable to set text '45' of object 'Object Repository/Specific Cases Repository/LS/Home/Calendar/Calendar_Events/Calendar_Events_Creation/Block/Page_Calendar/input_Reminder_select2-search__field'
	at com.kms.katalon.core.webui.keyword.internal.WebUIKeywordMain.stepFailed(WebUIKeywordMain.groovy:117)
	at com.kms.katalon.core.webui.keyword.internal.WebUIKeywordMain.runKeyword(WebUIKeywordMain.groovy:43)
	at com.kms.katalon.core.webui.keyword.builtin.SetTextKeyword.setText(SetTextKeyword.groovy:85)
	at com.kms.katalon.core.webui.keyword.builtin.SetTextKeyword.execute(SetTextKeyword.groovy:39)
	at com.kms.katalon.core.keyword.internal.KeywordExecutor.executeKeywordForPlatform(KeywordExecutor.groovy:74)
	at com.kms.katalon.core.webui.keyword.WebUiBuiltInKeywords.setText(WebUiBuiltInKeywords.groovy:1019)
	at Calendar_Block.run(Calendar_Block:47)
	at com.kms.katalon.core.main.ScriptEngine.run(ScriptEngine.java:194)
	at com.kms.katalon.core.main.ScriptEngine.runScriptAsRawText(ScriptEngine.java:119)
	at com.kms.katalon.core.main.TestCaseExecutor.runScript(TestCaseExecutor.java:448)
	at com.kms.katalon.core.main.TestCaseExecutor.doExecute(TestCaseExecutor.java:439)
	at com.kms.katalon.core.main.TestCaseExecutor.processExecutionPhase(TestCaseExecutor.java:418)
	at com.kms.katalon.core.main.TestCaseExecutor.accessMainPhase(TestCaseExecutor.java:410)
	at com.kms.katalon.core.main.TestCaseExecutor.execute(TestCaseExecutor.java:285)
	at com.kms.katalon.core.common.CommonExecutor.accessTestCaseMainPhase(CommonExecutor.java:65)
	at com.kms.katalon.core.main.TestSuiteExecutor.accessTestSuiteMainPhase(TestSuiteExecutor.java:150)
	at com.kms.katalon.core.main.TestSuiteExecutor.execute(TestSuiteExecutor.java:106)
	at com.kms.katalon.core.main.TestCaseMain.startTestSuite(TestCaseMain.java:180)
	at TempTestSuite1730128240063.run(TempTestSuite1730128240063.groovy:35)
	at java.base/jdk.internal.reflect.NativeMethodAccessorImpl.invoke0(Native Method)
	at java.base/jdk.internal.reflect.NativeMethodAccessorImpl.invoke(NativeMethodAccessorImpl.java:77)
	at java.base/jdk.internal.reflect.DelegatingMethodAccessorImpl.invoke(DelegatingMethodAccessorImpl.java:43)
Caused by: org.openqa.selenium.ElementNotInteractableException: element not interactable
  (Session info: chrome=130.0.6723.70)
Build info: version: '3.141.59', revision: 'unknown', time: 'unknown'
System info: host: 'ENRIQUE', ip: '192.168.100.147', os.name: 'Windows 11', os.arch: 'amd64', os.version: '10.0', java.version: '17.0.7'
Driver info: com.kms.katalon.selenium.driver.CChromeDriver
Capabilities {acceptInsecureCerts: false, browserName: chrome, browserVersion: 130.0.6723.70, chrome: {chromedriverVersion: 130.0.6723.69 (3ec172b971b9..., userDataDir: C:\Users\Enrique\AppData\Lo...}, fedcm:accounts: true, goog:chromeOptions: {debuggerAddress: localhost:61558}, javascriptEnabled: true, networkConnectionEnabled: false, pageLoadStrategy: normal, platform: WINDOWS, platformName: WINDOWS, proxy: Proxy(), setWindowRect: true, strictFileInteractability: false, timeouts: {implicit: 0, pageLoad: 300000, script: 30000}, unhandledPromptBehavior: dismiss and notify, webauthn:extension:credBlob: true, webauthn:extension:largeBlob: true, webauthn:extension:minPinLength: true, webauthn:extension:prf: true, webauthn:virtualAuthenticators: true}
Session ID: f8d8bdadb1b3fa76abe08965070ab7ad
	at java.base/jdk.internal.reflect.NativeConstructorAccessorImpl.newInstance0(Native Method)
	at java.base/jdk.internal.reflect.NativeConstructorAccessorImpl.newInstance(NativeConstructorAccessorImpl.java:77)
	at java.base/jdk.internal.reflect.DelegatingConstructorAccessorImpl.newInstance(DelegatingConstructorAccessorImpl.java:45)
	at org.openqa.selenium.remote.http.W3CHttpResponseCodec.createException(W3CHttpResponseCodec.java:187)
	at org.openqa.selenium.remote.http.W3CHttpResponseCodec.decode(W3CHttpResponseCodec.java:122)
	at org.openqa.selenium.remote.http.W3CHttpResponseCodec.decode(W3CHttpResponseCodec.java:49)
	at org.openqa.selenium.remote.HttpCommandExecutor.execute(HttpCommandExecutor.java:158)
	at org.openqa.selenium.remote.service.DriverCommandExecutor.execute(DriverCommandExecutor.java:83)
	at org.openqa.selenium.remote.RemoteWebDriver.execute(RemoteWebDriver.java:552)
	at com.kms.katalon.selenium.driver.CChromeDriver.execute(CChromeDriver.java:19)
	at org.openqa.selenium.remote.RemoteWebElement.execute(RemoteWebElement.java:285)
	at org.openqa.selenium.remote.RemoteWebElement.clear(RemoteWebElement.java:124)
	at jdk.internal.reflect.GeneratedMethodAccessor18.invoke(Unknown Source)
	at java.base/jdk.internal.reflect.DelegatingMethodAccessorImpl.invoke(DelegatingMethodAccessorImpl.java:43)
	at org.openqa.selenium.support.events.EventFiringWebDriver$EventFiringWebElement.lambda$new$0(EventFiringWebDriver.java:404)
	at jdk.proxy2/jdk.proxy2.$Proxy21.clear(Unknown Source)
	at org.openqa.selenium.support.events.EventFiringWebDriver$EventFiringWebElement.clear(EventFiringWebDriver.java:436)
	at com.kms.katalon.core.webui.keyword.builtin.SetTextKeyword$_setText_closure1.doCall(SetTextKeyword.groovy:55)
	at com.kms.katalon.core.webui.keyword.builtin.SetTextKeyword$_setText_closure1.call(SetTextKeyword.groovy)
	at com.kms.katalon.core.webui.keyword.internal.WebUIKeywordMain.runKeyword(WebUIKeywordMain.groovy:35)
	at com.kms.katalon.core.webui.keyword.builtin.SetTextKeyword.setText(SetTextKeyword.groovy:85)
	at com.kms.katalon.core.webui.keyword.builtin.SetTextKeyword.execute(SetTextKeyword.groovy:39)
	at com.kms.katalon.core.keyword.internal.KeywordExecutor.executeKeywordForPlatform(KeywordExecutor.groovy:74)
	at com.kms.katalon.core.webui.keyword.WebUiBuiltInKeywords.setText(WebUiBuiltInKeywords.groovy:1019)
	at Script1727458510302.run(Script1727458510302.groovy:47)
	... 15 more
)]]></system-out>
         <system-err><![CDATA[28-10-2024T10:13:50 - [TEST_CASE][FAILED] - Test Cases/Specific Cases/LS/General/Calendar/Events_Creation/Present Events Creation/Calendar_Block: Test Cases/Specific Cases/LS/General/Calendar/Events_Creation/Present Events Creation/Calendar_Block FAILED.
Reason:
com.kms.katalon.core.exception.StepFailedException: Unable to set text '45' of object 'Object Repository/Specific Cases Repository/LS/Home/Calendar/Calendar_Events/Calendar_Events_Creation/Block/Page_Calendar/input_Reminder_select2-search__field'
	at com.kms.katalon.core.webui.keyword.internal.WebUIKeywordMain.stepFailed(WebUIKeywordMain.groovy:117)
	at com.kms.katalon.core.webui.keyword.internal.WebUIKeywordMain.runKeyword(WebUIKeywordMain.groovy:43)
	at com.kms.katalon.core.webui.keyword.builtin.SetTextKeyword.setText(SetTextKeyword.groovy:85)
	at com.kms.katalon.core.webui.keyword.builtin.SetTextKeyword.execute(SetTextKeyword.groovy:39)
	at com.kms.katalon.core.keyword.internal.KeywordExecutor.executeKeywordForPlatform(KeywordExecutor.groovy:74)
	at com.kms.katalon.core.webui.keyword.WebUiBuiltInKeywords.setText(WebUiBuiltInKeywords.groovy:1019)
	at Calendar_Block.run(Calendar_Block:47)
	at com.kms.katalon.core.main.ScriptEngine.run(ScriptEngine.java:194)
	at com.kms.katalon.core.main.ScriptEngine.runScriptAsRawText(ScriptEngine.java:119)
	at com.kms.katalon.core.main.TestCaseExecutor.runScript(TestCaseExecutor.java:448)
	at com.kms.katalon.core.main.TestCaseExecutor.doExecute(TestCaseExecutor.java:439)
	at com.kms.katalon.core.main.TestCaseExecutor.processExecutionPhase(TestCaseExecutor.java:418)
	at com.kms.katalon.core.main.TestCaseExecutor.accessMainPhase(TestCaseExecutor.java:410)
	at com.kms.katalon.core.main.TestCaseExecutor.execute(TestCaseExecutor.java:285)
	at com.kms.katalon.core.common.CommonExecutor.accessTestCaseMainPhase(CommonExecutor.java:65)
	at com.kms.katalon.core.main.TestSuiteExecutor.accessTestSuiteMainPhase(TestSuiteExecutor.java:150)
	at com.kms.katalon.core.main.TestSuiteExecutor.execute(TestSuiteExecutor.java:106)
	at com.kms.katalon.core.main.TestCaseMain.startTestSuite(TestCaseMain.java:180)
	at TempTestSuite1730128240063.run(TempTestSuite1730128240063.groovy:35)
	at java.base/jdk.internal.reflect.NativeMethodAccessorImpl.invoke0(Native Method)
	at java.base/jdk.internal.reflect.NativeMethodAccessorImpl.invoke(NativeMethodAccessorImpl.java:77)
	at java.base/jdk.internal.reflect.DelegatingMethodAccessorImpl.invoke(DelegatingMethodAccessorImpl.java:43)
Caused by: org.openqa.selenium.ElementNotInteractableException: element not interactable
  (Session info: chrome=130.0.6723.70)
Build info: version: '3.141.59', revision: 'unknown', time: 'unknown'
System info: host: 'ENRIQUE', ip: '192.168.100.147', os.name: 'Windows 11', os.arch: 'amd64', os.version: '10.0', java.version: '17.0.7'
Driver info: com.kms.katalon.selenium.driver.CChromeDriver
Capabilities {acceptInsecureCerts: false, browserName: chrome, browserVersion: 130.0.6723.70, chrome: {chromedriverVersion: 130.0.6723.69 (3ec172b971b9..., userDataDir: C:\Users\Enrique\AppData\Lo...}, fedcm:accounts: true, goog:chromeOptions: {debuggerAddress: localhost:61558}, javascriptEnabled: true, networkConnectionEnabled: false, pageLoadStrategy: normal, platform: WINDOWS, platformName: WINDOWS, proxy: Proxy(), setWindowRect: true, strictFileInteractability: false, timeouts: {implicit: 0, pageLoad: 300000, script: 30000}, unhandledPromptBehavior: dismiss and notify, webauthn:extension:credBlob: true, webauthn:extension:largeBlob: true, webauthn:extension:minPinLength: true, webauthn:extension:prf: true, webauthn:virtualAuthenticators: true}
Session ID: f8d8bdadb1b3fa76abe08965070ab7ad
	at java.base/jdk.internal.reflect.NativeConstructorAccessorImpl.newInstance0(Native Method)
	at java.base/jdk.internal.reflect.NativeConstructorAccessorImpl.newInstance(NativeConstructorAccessorImpl.java:77)
	at java.base/jdk.internal.reflect.DelegatingConstructorAccessorImpl.newInstance(DelegatingConstructorAccessorImpl.java:45)
	at org.openqa.selenium.remote.http.W3CHttpResponseCodec.createException(W3CHttpResponseCodec.java:187)
	at org.openqa.selenium.remote.http.W3CHttpResponseCodec.decode(W3CHttpResponseCodec.java:122)
	at org.openqa.selenium.remote.http.W3CHttpResponseCodec.decode(W3CHttpResponseCodec.java:49)
	at org.openqa.selenium.remote.HttpCommandExecutor.execute(HttpCommandExecutor.java:158)
	at org.openqa.selenium.remote.service.DriverCommandExecutor.execute(DriverCommandExecutor.java:83)
	at org.openqa.selenium.remote.RemoteWebDriver.execute(RemoteWebDriver.java:552)
	at com.kms.katalon.selenium.driver.CChromeDriver.execute(CChromeDriver.java:19)
	at org.openqa.selenium.remote.RemoteWebElement.execute(RemoteWebElement.java:285)
	at org.openqa.selenium.remote.RemoteWebElement.clear(RemoteWebElement.java:124)
	at jdk.internal.reflect.GeneratedMethodAccessor18.invoke(Unknown Source)
	at java.base/jdk.internal.reflect.DelegatingMethodAccessorImpl.invoke(DelegatingMethodAccessorImpl.java:43)
	at org.openqa.selenium.support.events.EventFiringWebDriver$EventFiringWebElement.lambda$new$0(EventFiringWebDriver.java:404)
	at jdk.proxy2/jdk.proxy2.$Proxy21.clear(Unknown Source)
	at org.openqa.selenium.support.events.EventFiringWebDriver$EventFiringWebElement.clear(EventFiringWebDriver.java:436)
	at com.kms.katalon.core.webui.keyword.builtin.SetTextKeyword$_setText_closure1.doCall(SetTextKeyword.groovy:55)
	at com.kms.katalon.core.webui.keyword.builtin.SetTextKeyword$_setText_closure1.call(SetTextKeyword.groovy)
	at com.kms.katalon.core.webui.keyword.internal.WebUIKeywordMain.runKeyword(WebUIKeywordMain.groovy:35)
	... 20 more]]></system-err>
      </testcase>
      <testcase name="Test Cases/Specific Cases/LS/General/Calendar/Events_Creation/Present Events Creation/Calendar_Event" time="23.341" classname="Test Cases/Specific Cases/LS/General/Calendar/Events_Creation/Present Events Creation/Calendar_Event" status="FAILED">
         <failure type="FAILED" message="Test Cases/Specific Cases/LS/General/Calendar/Events_Creation/Present Events Creation/Calendar_Event FAILED.&#xa;Reason:&#xa;com.kms.katalon.core.exception.StepFailedException: Unable to set text '15' of object 'Object Repository/Specific Cases Repository/LS/Home/Calendar/Calendar_Events/Calendar_Events_Creation/Event/Page_Calendar/input_Reminder_select2-search__field'&#xa;	at com.kms.katalon.core.webui.keyword.internal.WebUIKeywordMain.stepFailed(WebUIKeywordMain.groovy:117)&#xa;	at com.kms.katalon.core.webui.keyword.internal.WebUIKeywordMain.runKeyword(WebUIKeywordMain.groovy:43)&#xa;	at com.kms.katalon.core.webui.keyword.builtin.SetTextKeyword.setText(SetTextKeyword.groovy:85)&#xa;	at com.kms.katalon.core.webui.keyword.builtin.SetTextKeyword.execute(SetTextKeyword.groovy:39)&#xa;	at com.kms.katalon.core.keyword.internal.KeywordExecutor.executeKeywordForPlatform(KeywordExecutor.groovy:74)&#xa;	at com.kms.katalon.core.webui.keyword.WebUiBuiltInKeywords.setText(WebUiBuiltInKeywords.groovy:1019)&#xa;	at Calendar_Event.run(Calendar_Event:47)&#xa;	at com.kms.katalon.core.main.ScriptEngine.run(ScriptEngine.java:194)&#xa;	at com.kms.katalon.core.main.ScriptEngine.runScriptAsRawText(ScriptEngine.java:119)&#xa;	at com.kms.katalon.core.main.TestCaseExecutor.runScript(TestCaseExecutor.java:448)&#xa;	at com.kms.katalon.core.main.TestCaseExecutor.doExecute(TestCaseExecutor.java:439)&#xa;	at com.kms.katalon.core.main.TestCaseExecutor.processExecutionPhase(TestCaseExecutor.java:418)&#xa;	at com.kms.katalon.core.main.TestCaseExecutor.accessMainPhase(TestCaseExecutor.java:410)&#xa;	at com.kms.katalon.core.main.TestCaseExecutor.execute(TestCaseExecutor.java:285)&#xa;	at com.kms.katalon.core.common.CommonExecutor.accessTestCaseMainPhase(CommonExecutor.java:65)&#xa;	at com.kms.katalon.core.main.TestSuiteExecutor.accessTestSuiteMainPhase(TestSuiteExecutor.java:150)&#xa;	at com.kms.katalon.core.main.TestSuiteExecutor.execute(TestSuiteExecutor.java:106)&#xa;	at com.kms.katalon.core.main.TestCaseMain.startTestSuite(TestCaseMain.java:180)&#xa;	at TempTestSuite1730128240063.run(TempTestSuite1730128240063.groovy:35)&#xa;	at java.base/jdk.internal.reflect.NativeMethodAccessorImpl.invoke0(Native Method)&#xa;	at java.base/jdk.internal.reflect.NativeMethodAccessorImpl.invoke(NativeMethodAccessorImpl.java:77)&#xa;	at java.base/jdk.internal.reflect.DelegatingMethodAccessorImpl.invoke(DelegatingMethodAccessorImpl.java:43)&#xa;Caused by: org.openqa.selenium.ElementNotInteractableException: element not interactable&#xa;  (Session info: chrome=130.0.6723.70)&#xa;Build info: version: '3.141.59', revision: 'unknown', time: 'unknown'&#xa;System info: host: 'ENRIQUE', ip: '192.168.100.147', os.name: 'Windows 11', os.arch: 'amd64', os.version: '10.0', java.version: '17.0.7'&#xa;Driver info: com.kms.katalon.selenium.driver.CChromeDriver&#xa;Capabilities {acceptInsecureCerts: false, browserName: chrome, browserVersion: 130.0.6723.70, chrome: {chromedriverVersion: 130.0.6723.69 (3ec172b971b9..., userDataDir: C:\Users\Enrique\AppData\Lo...}, fedcm:accounts: true, goog:chromeOptions: {debuggerAddress: localhost:61596}, javascriptEnabled: true, networkConnectionEnabled: false, pageLoadStrategy: normal, platform: WINDOWS, platformName: WINDOWS, proxy: Proxy(), setWindowRect: true, strictFileInteractability: false, timeouts: {implicit: 0, pageLoad: 300000, script: 30000}, unhandledPromptBehavior: dismiss and notify, webauthn:extension:credBlob: true, webauthn:extension:largeBlob: true, webauthn:extension:minPinLength: true, webauthn:extension:prf: true, webauthn:virtualAuthenticators: true}&#xa;Session ID: 9405ceaea096c598bf43c39cff1e9a29&#xa;	at java.base/jdk.internal.reflect.NativeConstructorAccessorImpl.newInstance0(Native Method)&#xa;	at java.base/jdk.internal.reflect.NativeConstructorAccessorImpl.newInstance(NativeConstructorAccessorImpl.java:77)&#xa;	at java.base/jdk.internal.reflect.DelegatingConstructorAccessorImpl.newInstance(DelegatingConstructorAccessorImpl.java:45)&#xa;	at org.openqa.selenium.remote.http.W3CHttpResponseCodec.createException(W3CHttpResponseCodec.java:187)&#xa;	at org.openqa.selenium.remote.http.W3CHttpResponseCodec.decode(W3CHttpResponseCodec.java:122)&#xa;	at org.openqa.selenium.remote.http.W3CHttpResponseCodec.decode(W3CHttpResponseCodec.java:49)&#xa;	at org.openqa.selenium.remote.HttpCommandExecutor.execute(HttpCommandExecutor.java:158)&#xa;	at org.openqa.selenium.remote.service.DriverCommandExecutor.execute(DriverCommandExecutor.java:83)&#xa;	at org.openqa.selenium.remote.RemoteWebDriver.execute(RemoteWebDriver.java:552)&#xa;	at com.kms.katalon.selenium.driver.CChromeDriver.execute(CChromeDriver.java:19)&#xa;	at org.openqa.selenium.remote.RemoteWebElement.execute(RemoteWebElement.java:285)&#xa;	at org.openqa.selenium.remote.RemoteWebElement.clear(RemoteWebElement.java:124)&#xa;	at jdk.internal.reflect.GeneratedMethodAccessor18.invoke(Unknown Source)&#xa;	at java.base/jdk.internal.reflect.DelegatingMethodAccessorImpl.invoke(DelegatingMethodAccessorImpl.java:43)&#xa;	at org.openqa.selenium.support.events.EventFiringWebDriver$EventFiringWebElement.lambda$new$0(EventFiringWebDriver.java:404)&#xa;	at jdk.proxy2/jdk.proxy2.$Proxy21.clear(Unknown Source)&#xa;	at org.openqa.selenium.support.events.EventFiringWebDriver$EventFiringWebElement.clear(EventFiringWebDriver.java:436)&#xa;	at com.kms.katalon.core.webui.keyword.builtin.SetTextKeyword$_setText_closure1.doCall(SetTextKeyword.groovy:55)&#xa;	at com.kms.katalon.core.webui.keyword.builtin.SetTextKeyword$_setText_closure1.call(SetTextKeyword.groovy)&#xa;	at com.kms.katalon.core.webui.keyword.internal.WebUIKeywordMain.runKeyword(WebUIKeywordMain.groovy:35)&#xa;	... 20 more&#xa;"/>
         <system-out><![CDATA[28-10-2024T10:14:13 - [TEST_CASE][FAILED] - Test Cases/Specific Cases/LS/General/Calendar/Events_Creation/Present Events Creation/Calendar_Event: Test Cases/Specific Cases/LS/General/Calendar/Events_Creation/Present Events Creation/Calendar_Event FAILED.
Reason:
com.kms.katalon.core.exception.StepFailedException: Unable to set text '15' of object 'Object Repository/Specific Cases Repository/LS/Home/Calendar/Calendar_Events/Calendar_Events_Creation/Event/Page_Calendar/input_Reminder_select2-search__field'
	at com.kms.katalon.core.webui.keyword.internal.WebUIKeywordMain.stepFailed(WebUIKeywordMain.groovy:117)
	at com.kms.katalon.core.webui.keyword.internal.WebUIKeywordMain.runKeyword(WebUIKeywordMain.groovy:43)
	at com.kms.katalon.core.webui.keyword.builtin.SetTextKeyword.setText(SetTextKeyword.groovy:85)
	at com.kms.katalon.core.webui.keyword.builtin.SetTextKeyword.execute(SetTextKeyword.groovy:39)
	at com.kms.katalon.core.keyword.internal.KeywordExecutor.executeKeywordForPlatform(KeywordExecutor.groovy:74)
	at com.kms.katalon.core.webui.keyword.WebUiBuiltInKeywords.setText(WebUiBuiltInKeywords.groovy:1019)
	at Calendar_Event.run(Calendar_Event:47)
	at com.kms.katalon.core.main.ScriptEngine.run(ScriptEngine.java:194)
	at com.kms.katalon.core.main.ScriptEngine.runScriptAsRawText(ScriptEngine.java:119)
	at com.kms.katalon.core.main.TestCaseExecutor.runScript(TestCaseExecutor.java:448)
	at com.kms.katalon.core.main.TestCaseExecutor.doExecute(TestCaseExecutor.java:439)
	at com.kms.katalon.core.main.TestCaseExecutor.processExecutionPhase(TestCaseExecutor.java:418)
	at com.kms.katalon.core.main.TestCaseExecutor.accessMainPhase(TestCaseExecutor.java:410)
	at com.kms.katalon.core.main.TestCaseExecutor.execute(TestCaseExecutor.java:285)
	at com.kms.katalon.core.common.CommonExecutor.accessTestCaseMainPhase(CommonExecutor.java:65)
	at com.kms.katalon.core.main.TestSuiteExecutor.accessTestSuiteMainPhase(TestSuiteExecutor.java:150)
	at com.kms.katalon.core.main.TestSuiteExecutor.execute(TestSuiteExecutor.java:106)
	at com.kms.katalon.core.main.TestCaseMain.startTestSuite(TestCaseMain.java:180)
	at TempTestSuite1730128240063.run(TempTestSuite1730128240063.groovy:35)
	at java.base/jdk.internal.reflect.NativeMethodAccessorImpl.invoke0(Native Method)
	at java.base/jdk.internal.reflect.NativeMethodAccessorImpl.invoke(NativeMethodAccessorImpl.java:77)
	at java.base/jdk.internal.reflect.DelegatingMethodAccessorImpl.invoke(DelegatingMethodAccessorImpl.java:43)
Caused by: org.openqa.selenium.ElementNotInteractableException: element not interactable
  (Session info: chrome=130.0.6723.70)
Build info: version: '3.141.59', revision: 'unknown', time: 'unknown'
System info: host: 'ENRIQUE', ip: '192.168.100.147', os.name: 'Windows 11', os.arch: 'amd64', os.version: '10.0', java.version: '17.0.7'
Driver info: com.kms.katalon.selenium.driver.CChromeDriver
Capabilities {acceptInsecureCerts: false, browserName: chrome, browserVersion: 130.0.6723.70, chrome: {chromedriverVersion: 130.0.6723.69 (3ec172b971b9..., userDataDir: C:\Users\Enrique\AppData\Lo...}, fedcm:accounts: true, goog:chromeOptions: {debuggerAddress: localhost:61596}, javascriptEnabled: true, networkConnectionEnabled: false, pageLoadStrategy: normal, platform: WINDOWS, platformName: WINDOWS, proxy: Proxy(), setWindowRect: true, strictFileInteractability: false, timeouts: {implicit: 0, pageLoad: 300000, script: 30000}, unhandledPromptBehavior: dismiss and notify, webauthn:extension:credBlob: true, webauthn:extension:largeBlob: true, webauthn:extension:minPinLength: true, webauthn:extension:prf: true, webauthn:virtualAuthenticators: true}
Session ID: 9405ceaea096c598bf43c39cff1e9a29
	at java.base/jdk.internal.reflect.NativeConstructorAccessorImpl.newInstance0(Native Method)
	at java.base/jdk.internal.reflect.NativeConstructorAccessorImpl.newInstance(NativeConstructorAccessorImpl.java:77)
	at java.base/jdk.internal.reflect.DelegatingConstructorAccessorImpl.newInstance(DelegatingConstructorAccessorImpl.java:45)
	at org.openqa.selenium.remote.http.W3CHttpResponseCodec.createException(W3CHttpResponseCodec.java:187)
	at org.openqa.selenium.remote.http.W3CHttpResponseCodec.decode(W3CHttpResponseCodec.java:122)
	at org.openqa.selenium.remote.http.W3CHttpResponseCodec.decode(W3CHttpResponseCodec.java:49)
	at org.openqa.selenium.remote.HttpCommandExecutor.execute(HttpCommandExecutor.java:158)
	at org.openqa.selenium.remote.service.DriverCommandExecutor.execute(DriverCommandExecutor.java:83)
	at org.openqa.selenium.remote.RemoteWebDriver.execute(RemoteWebDriver.java:552)
	at com.kms.katalon.selenium.driver.CChromeDriver.execute(CChromeDriver.java:19)
	at org.openqa.selenium.remote.RemoteWebElement.execute(RemoteWebElement.java:285)
	at org.openqa.selenium.remote.RemoteWebElement.clear(RemoteWebElement.java:124)
	at jdk.internal.reflect.GeneratedMethodAccessor18.invoke(Unknown Source)
	at java.base/jdk.internal.reflect.DelegatingMethodAccessorImpl.invoke(DelegatingMethodAccessorImpl.java:43)
	at org.openqa.selenium.support.events.EventFiringWebDriver$EventFiringWebElement.lambda$new$0(EventFiringWebDriver.java:404)
	at jdk.proxy2/jdk.proxy2.$Proxy21.clear(Unknown Source)
	at org.openqa.selenium.support.events.EventFiringWebDriver$EventFiringWebElement.clear(EventFiringWebDriver.java:436)
	at com.kms.katalon.core.webui.keyword.builtin.SetTextKeyword$_setText_closure1.doCall(SetTextKeyword.groovy:55)
	at com.kms.katalon.core.webui.keyword.builtin.SetTextKeyword$_setText_closure1.call(SetTextKeyword.groovy)
	at com.kms.katalon.core.webui.keyword.internal.WebUIKeywordMain.runKeyword(WebUIKeywordMain.groovy:35)
	... 20 more


28-10-2024T10:14:13 - [TEST_STEP][PASSED] - callTestCase(findTestCase("Common Cases/Login"), [:], STOP_ON_FAILURE): Call Test Case 'Test Cases/Common Cases/Login' successfully

28-10-2024T10:14:13 - [TEST_CASE][PASSED] - Test Cases/Common Cases/Login: Test Cases/Common Cases/Login

28-10-2024T10:14:13 - [TEST_STEP][PASSED] - openBrowser(""): Browser is opened with url: ''

28-10-2024T10:14:13 - [MESSAGE][WARNING] - A browser is already opened. Closing browser and opening a new one

28-10-2024T10:14:13 - [MESSAGE][INFO] - Starting 'Chrome' driver

28-10-2024T10:14:13 - [MESSAGE][INFO] - Action delay is set to 0 milliseconds

28-10-2024T10:14:14 - [MESSAGE][PASSED] - Browser is opened with url: ''

28-10-2024T10:14:14 - [TEST_STEP][PASSED] - maximizeWindow(): Current window maximized

28-10-2024T10:14:14 - [MESSAGE][PASSED] - Current window maximized

28-10-2024T10:14:14 - [TEST_STEP][PASSED] - navigateToUrl("https://site17.lsapp.cloud/auth/login"): Navigate to 'https://site17.lsapp.cloud/auth/login' successfully

28-10-2024T10:14:16 - [MESSAGE][PASSED] - Navigate to 'https://site17.lsapp.cloud/auth/login' successfully

28-10-2024T10:14:16 - [TEST_STEP][PASSED] - setText(findTestObject("Object Repository/Common Cases Repository/Login/Page_Lightning Step/input_Email_email"), "automation@lightningstep.com"): Text 'automation@lightningstep.com' is set on object 'Object Repository/Common Cases Repository/Login/Page_Lightning Step/input_Email_email'

28-10-2024T10:14:17 - [MESSAGE][PASSED] - Text 'automation@lightningstep.com' is set on object 'Object Repository/Common Cases Repository/Login/Page_Lightning Step/input_Email_email'

28-10-2024T10:14:17 - [TEST_STEP][PASSED] - setEncryptedText(findTestObject("Object Repository/Common Cases Repository/Login/Page_Lightning Step/input_Password_password"), "e5N8VHmnhJDITtQaQhDQDw=="): Text ****** has been set on object 'Object Repository/Common Cases Repository/Login/Page_Lightning Step/input_Password_password'

28-10-2024T10:14:17 - [MESSAGE][PASSED] - Text ****** has been set on object 'Object Repository/Common Cases Repository/Login/Page_Lightning Step/input_Password_password'

28-10-2024T10:14:17 - [TEST_STEP][PASSED] - click(findTestObject("Object Repository/Common Cases Repository/Login/Page_Lightning Step/button_Sign in")): Object: 'Object Repository/Common Cases Repository/Login/Page_Lightning Step/button_Sign in' is clicked on

28-10-2024T10:14:25 - [MESSAGE][PASSED] - Object: 'Object Repository/Common Cases Repository/Login/Page_Lightning Step/button_Sign in' is clicked on

28-10-2024T10:14:25 - [MESSAGE][PASSED] - Call Test Case 'Test Cases/Common Cases/Login' successfully

28-10-2024T10:14:25 - [TEST_STEP][PASSED] - click(findTestObject("Object Repository/Specific Cases Repository/LS/Home/Calendar/Calendar_Events/Calendar_Events_Creation/Event/Page_Home/a_Calendar")): Object: 'Object Repository/Specific Cases Repository/LS/Home/Calendar/Calendar_Events/Calendar_Events_Creation/Event/Page_Home/a_Calendar' is clicked on

28-10-2024T10:14:29 - [MESSAGE][PASSED] - Object: 'Object Repository/Specific Cases Repository/LS/Home/Calendar/Calendar_Events/Calendar_Events_Creation/Event/Page_Home/a_Calendar' is clicked on

28-10-2024T10:14:29 - [TEST_STEP][PASSED] - click(findTestObject("Object Repository/Specific Cases Repository/LS/Home/Calendar/Calendar_Events/Calendar_Events_Creation/Appointment/Page_Calendar/div_Week")): Object: 'Object Repository/Specific Cases Repository/LS/Home/Calendar/Calendar_Events/Calendar_Events_Creation/Appointment/Page_Calendar/div_Week' is clicked on

28-10-2024T10:14:29 - [MESSAGE][PASSED] - Object: 'Object Repository/Specific Cases Repository/LS/Home/Calendar/Calendar_Events/Calendar_Events_Creation/Appointment/Page_Calendar/div_Week' is clicked on

28-10-2024T10:14:29 - [TEST_STEP][PASSED] - click(findTestObject("Object Repository/Specific Cases Repository/LS/Home/Calendar/Calendar_Events/Calendar_Events_Creation/Event/Page_Calendar/button_Create new")): Object: 'Object Repository/Specific Cases Repository/LS/Home/Calendar/Calendar_Events/Calendar_Events_Creation/Event/Page_Calendar/button_Create new' is clicked on

28-10-2024T10:14:30 - [MESSAGE][PASSED] - Object: 'Object Repository/Specific Cases Repository/LS/Home/Calendar/Calendar_Events/Calendar_Events_Creation/Event/Page_Calendar/button_Create new' is clicked on

28-10-2024T10:14:30 - [TEST_STEP][PASSED] - click(findTestObject("Object Repository/Specific Cases Repository/LS/Home/Calendar/Calendar_Events/Calendar_Events_Creation/Event/Page_Calendar/label_Event")): Object: 'Object Repository/Specific Cases Repository/LS/Home/Calendar/Calendar_Events/Calendar_Events_Creation/Event/Page_Calendar/label_Event' is clicked on

28-10-2024T10:14:31 - [MESSAGE][PASSED] - Object: 'Object Repository/Specific Cases Repository/LS/Home/Calendar/Calendar_Events/Calendar_Events_Creation/Event/Page_Calendar/label_Event' is clicked on

28-10-2024T10:14:31 - [TEST_STEP][PASSED] - setText(findTestObject("Object Repository/Specific Cases Repository/LS/Home/Calendar/Calendar_Events/Calendar_Events_Creation/Event/Page_Calendar/input_Title_title_"), "Automation Event"): Text 'Automation Event' is set on object 'Object Repository/Specific Cases Repository/LS/Home/Calendar/Calendar_Events/Calendar_Events_Creation/Event/Page_Calendar/input_Title_title_'

28-10-2024T10:14:32 - [MESSAGE][PASSED] - Text 'Automation Event' is set on object 'Object Repository/Specific Cases Repository/LS/Home/Calendar/Calendar_Events/Calendar_Events_Creation/Event/Page_Calendar/input_Title_title_'

28-10-2024T10:14:32 - [TEST_STEP][PASSED] - click(findTestObject("Object Repository/Specific Cases Repository/LS/Home/Calendar/Calendar_Events/Calendar_Events_Creation/Appointment/Page_Calendar/Date")): Object: 'Object Repository/Specific Cases Repository/LS/Home/Calendar/Calendar_Events/Calendar_Events_Creation/Appointment/Page_Calendar/Date' is clicked on

28-10-2024T10:14:32 - [MESSAGE][PASSED] - Object: 'Object Repository/Specific Cases Repository/LS/Home/Calendar/Calendar_Events/Calendar_Events_Creation/Appointment/Page_Calendar/Date' is clicked on

28-10-2024T10:14:32 - [TEST_STEP][PASSED] - setText(findTestObject("Object Repository/Specific Cases Repository/LS/Home/Calendar/Calendar_Events/Calendar_Events_Creation/Appointment/Page_Calendar/Date"), Todays_Date): Text '10/28/2024' is set on object 'Object Repository/Specific Cases Repository/LS/Home/Calendar/Calendar_Events/Calendar_Events_Creation/Appointment/Page_Calendar/Date'

28-10-2024T10:14:33 - [MESSAGE][PASSED] - Text '10/28/2024' is set on object 'Object Repository/Specific Cases Repository/LS/Home/Calendar/Calendar_Events/Calendar_Events_Creation/Appointment/Page_Calendar/Date'

28-10-2024T10:14:33 - [TEST_STEP][PASSED] - click(findTestObject("Object Repository/Specific Cases Repository/LS/Home/Calendar/Calendar_Events/Calendar_Events_Creation/Appointment/Page_Calendar/Start Time Clock")): Object: 'Object Repository/Specific Cases Repository/LS/Home/Calendar/Calendar_Events/Calendar_Events_Creation/Appointment/Page_Calendar/Start Time Clock' is clicked on

28-10-2024T10:14:34 - [MESSAGE][PASSED] - Object: 'Object Repository/Specific Cases Repository/LS/Home/Calendar/Calendar_Events/Calendar_Events_Creation/Appointment/Page_Calendar/Start Time Clock' is clicked on

28-10-2024T10:14:34 - [TEST_STEP][PASSED] - setText(findTestObject("Object Repository/Specific Cases Repository/LS/Home/Calendar/Calendar_Events/Calendar_Events_Creation/Appointment/Page_Calendar/Start Time Clock"), "1400"): Text '1400' is set on object 'Object Repository/Specific Cases Repository/LS/Home/Calendar/Calendar_Events/Calendar_Events_Creation/Appointment/Page_Calendar/Start Time Clock'

28-10-2024T10:14:35 - [MESSAGE][PASSED] - Text '1400' is set on object 'Object Repository/Specific Cases Repository/LS/Home/Calendar/Calendar_Events/Calendar_Events_Creation/Appointment/Page_Calendar/Start Time Clock'

28-10-2024T10:14:35 - [TEST_STEP][PASSED] - click(findTestObject("Object Repository/Specific Cases Repository/LS/Home/Calendar/Calendar_Events/Calendar_Events_Creation/Event/Page_Calendar/div_Schedule                               _3f20bf")): Object: 'Object Repository/Specific Cases Repository/LS/Home/Calendar/Calendar_Events/Calendar_Events_Creation/Event/Page_Calendar/div_Schedule                               _3f20bf' is clicked on

28-10-2024T10:14:36 - [MESSAGE][PASSED] - Object: 'Object Repository/Specific Cases Repository/LS/Home/Calendar/Calendar_Events/Calendar_Events_Creation/Event/Page_Calendar/div_Schedule                               _3f20bf' is clicked on

28-10-2024T10:14:36 - [TEST_STEP][PASSED] - click(findTestObject("Object Repository/Specific Cases Repository/LS/Home/Calendar/Calendar_Events/Calendar_Events_Creation/Event/Page_Calendar/button_Reminder__simple-switch-track")): Object: 'Object Repository/Specific Cases Repository/LS/Home/Calendar/Calendar_Events/Calendar_Events_Creation/Event/Page_Calendar/button_Reminder__simple-switch-track' is clicked on

28-10-2024T10:14:36 - [MESSAGE][PASSED] - Object: 'Object Repository/Specific Cases Repository/LS/Home/Calendar/Calendar_Events/Calendar_Events_Creation/Event/Page_Calendar/button_Reminder__simple-switch-track' is clicked on

28-10-2024T10:14:36 - [TEST_STEP][FAILED] - setText(findTestObject("Object Repository/Specific Cases Repository/LS/Home/Calendar/Calendar_Events/Calendar_Events_Creation/Event/Page_Calendar/input_Reminder_select2-search__field"), "15"): Unable to set text '15' of object 'Object Repository/Specific Cases Repository/LS/Home/Calendar/Calendar_Events/Calendar_Events_Creation/Event/Page_Calendar/input_Reminder_select2-search__field' (Root cause: com.kms.katalon.core.exception.StepFailedException: Unable to set text '15' of object 'Object Repository/Specific Cases Repository/LS/Home/Calendar/Calendar_Events/Calendar_Events_Creation/Event/Page_Calendar/input_Reminder_select2-search__field'
	at com.kms.katalon.core.webui.keyword.internal.WebUIKeywordMain.stepFailed(WebUIKeywordMain.groovy:117)
	at com.kms.katalon.core.webui.keyword.internal.WebUIKeywordMain.runKeyword(WebUIKeywordMain.groovy:43)
	at com.kms.katalon.core.webui.keyword.builtin.SetTextKeyword.setText(SetTextKeyword.groovy:85)
	at com.kms.katalon.core.webui.keyword.builtin.SetTextKeyword.execute(SetTextKeyword.groovy:39)
	at com.kms.katalon.core.keyword.internal.KeywordExecutor.executeKeywordForPlatform(KeywordExecutor.groovy:74)
	at com.kms.katalon.core.webui.keyword.WebUiBuiltInKeywords.setText(WebUiBuiltInKeywords.groovy:1019)
	at Calendar_Event.run(Calendar_Event:47)
	at com.kms.katalon.core.main.ScriptEngine.run(ScriptEngine.java:194)
	at com.kms.katalon.core.main.ScriptEngine.runScriptAsRawText(ScriptEngine.java:119)
	at com.kms.katalon.core.main.TestCaseExecutor.runScript(TestCaseExecutor.java:448)
	at com.kms.katalon.core.main.TestCaseExecutor.doExecute(TestCaseExecutor.java:439)
	at com.kms.katalon.core.main.TestCaseExecutor.processExecutionPhase(TestCaseExecutor.java:418)
	at com.kms.katalon.core.main.TestCaseExecutor.accessMainPhase(TestCaseExecutor.java:410)
	at com.kms.katalon.core.main.TestCaseExecutor.execute(TestCaseExecutor.java:285)
	at com.kms.katalon.core.common.CommonExecutor.accessTestCaseMainPhase(CommonExecutor.java:65)
	at com.kms.katalon.core.main.TestSuiteExecutor.accessTestSuiteMainPhase(TestSuiteExecutor.java:150)
	at com.kms.katalon.core.main.TestSuiteExecutor.execute(TestSuiteExecutor.java:106)
	at com.kms.katalon.core.main.TestCaseMain.startTestSuite(TestCaseMain.java:180)
	at TempTestSuite1730128240063.run(TempTestSuite1730128240063.groovy:35)
	at java.base/jdk.internal.reflect.NativeMethodAccessorImpl.invoke0(Native Method)
	at java.base/jdk.internal.reflect.NativeMethodAccessorImpl.invoke(NativeMethodAccessorImpl.java:77)
	at java.base/jdk.internal.reflect.DelegatingMethodAccessorImpl.invoke(DelegatingMethodAccessorImpl.java:43)
Caused by: org.openqa.selenium.ElementNotInteractableException: element not interactable
  (Session info: chrome=130.0.6723.70)
Build info: version: '3.141.59', revision: 'unknown', time: 'unknown'
System info: host: 'ENRIQUE', ip: '192.168.100.147', os.name: 'Windows 11', os.arch: 'amd64', os.version: '10.0', java.version: '17.0.7'
Driver info: com.kms.katalon.selenium.driver.CChromeDriver
Capabilities {acceptInsecureCerts: false, browserName: chrome, browserVersion: 130.0.6723.70, chrome: {chromedriverVersion: 130.0.6723.69 (3ec172b971b9..., userDataDir: C:\Users\Enrique\AppData\Lo...}, fedcm:accounts: true, goog:chromeOptions: {debuggerAddress: localhost:61596}, javascriptEnabled: true, networkConnectionEnabled: false, pageLoadStrategy: normal, platform: WINDOWS, platformName: WINDOWS, proxy: Proxy(), setWindowRect: true, strictFileInteractability: false, timeouts: {implicit: 0, pageLoad: 300000, script: 30000}, unhandledPromptBehavior: dismiss and notify, webauthn:extension:credBlob: true, webauthn:extension:largeBlob: true, webauthn:extension:minPinLength: true, webauthn:extension:prf: true, webauthn:virtualAuthenticators: true}
Session ID: 9405ceaea096c598bf43c39cff1e9a29
	at java.base/jdk.internal.reflect.NativeConstructorAccessorImpl.newInstance0(Native Method)
	at java.base/jdk.internal.reflect.NativeConstructorAccessorImpl.newInstance(NativeConstructorAccessorImpl.java:77)
	at java.base/jdk.internal.reflect.DelegatingConstructorAccessorImpl.newInstance(DelegatingConstructorAccessorImpl.java:45)
	at org.openqa.selenium.remote.http.W3CHttpResponseCodec.createException(W3CHttpResponseCodec.java:187)
	at org.openqa.selenium.remote.http.W3CHttpResponseCodec.decode(W3CHttpResponseCodec.java:122)
	at org.openqa.selenium.remote.http.W3CHttpResponseCodec.decode(W3CHttpResponseCodec.java:49)
	at org.openqa.selenium.remote.HttpCommandExecutor.execute(HttpCommandExecutor.java:158)
	at org.openqa.selenium.remote.service.DriverCommandExecutor.execute(DriverCommandExecutor.java:83)
	at org.openqa.selenium.remote.RemoteWebDriver.execute(RemoteWebDriver.java:552)
	at com.kms.katalon.selenium.driver.CChromeDriver.execute(CChromeDriver.java:19)
	at org.openqa.selenium.remote.RemoteWebElement.execute(RemoteWebElement.java:285)
	at org.openqa.selenium.remote.RemoteWebElement.clear(RemoteWebElement.java:124)
	at jdk.internal.reflect.GeneratedMethodAccessor18.invoke(Unknown Source)
	at java.base/jdk.internal.reflect.DelegatingMethodAccessorImpl.invoke(DelegatingMethodAccessorImpl.java:43)
	at org.openqa.selenium.support.events.EventFiringWebDriver$EventFiringWebElement.lambda$new$0(EventFiringWebDriver.java:404)
	at jdk.proxy2/jdk.proxy2.$Proxy21.clear(Unknown Source)
	at org.openqa.selenium.support.events.EventFiringWebDriver$EventFiringWebElement.clear(EventFiringWebDriver.java:436)
	at com.kms.katalon.core.webui.keyword.builtin.SetTextKeyword$_setText_closure1.doCall(SetTextKeyword.groovy:55)
	at com.kms.katalon.core.webui.keyword.builtin.SetTextKeyword$_setText_closure1.call(SetTextKeyword.groovy)
	at com.kms.katalon.core.webui.keyword.internal.WebUIKeywordMain.runKeyword(WebUIKeywordMain.groovy:35)
	at com.kms.katalon.core.webui.keyword.builtin.SetTextKeyword.setText(SetTextKeyword.groovy:85)
	at com.kms.katalon.core.webui.keyword.builtin.SetTextKeyword.execute(SetTextKeyword.groovy:39)
	at com.kms.katalon.core.keyword.internal.KeywordExecutor.executeKeywordForPlatform(KeywordExecutor.groovy:74)
	at com.kms.katalon.core.webui.keyword.WebUiBuiltInKeywords.setText(WebUiBuiltInKeywords.groovy:1019)
	at Script1727458510310.run(Script1727458510310.groovy:47)
	... 15 more
)

28-10-2024T10:14:36 - [MESSAGE][FAILED] - Unable to set text '15' of object 'Object Repository/Specific Cases Repository/LS/Home/Calendar/Calendar_Events/Calendar_Events_Creation/Event/Page_Calendar/input_Reminder_select2-search__field' (Root cause: com.kms.katalon.core.exception.StepFailedException: Unable to set text '15' of object 'Object Repository/Specific Cases Repository/LS/Home/Calendar/Calendar_Events/Calendar_Events_Creation/Event/Page_Calendar/input_Reminder_select2-search__field'
	at com.kms.katalon.core.webui.keyword.internal.WebUIKeywordMain.stepFailed(WebUIKeywordMain.groovy:117)
	at com.kms.katalon.core.webui.keyword.internal.WebUIKeywordMain.runKeyword(WebUIKeywordMain.groovy:43)
	at com.kms.katalon.core.webui.keyword.builtin.SetTextKeyword.setText(SetTextKeyword.groovy:85)
	at com.kms.katalon.core.webui.keyword.builtin.SetTextKeyword.execute(SetTextKeyword.groovy:39)
	at com.kms.katalon.core.keyword.internal.KeywordExecutor.executeKeywordForPlatform(KeywordExecutor.groovy:74)
	at com.kms.katalon.core.webui.keyword.WebUiBuiltInKeywords.setText(WebUiBuiltInKeywords.groovy:1019)
	at Calendar_Event.run(Calendar_Event:47)
	at com.kms.katalon.core.main.ScriptEngine.run(ScriptEngine.java:194)
	at com.kms.katalon.core.main.ScriptEngine.runScriptAsRawText(ScriptEngine.java:119)
	at com.kms.katalon.core.main.TestCaseExecutor.runScript(TestCaseExecutor.java:448)
	at com.kms.katalon.core.main.TestCaseExecutor.doExecute(TestCaseExecutor.java:439)
	at com.kms.katalon.core.main.TestCaseExecutor.processExecutionPhase(TestCaseExecutor.java:418)
	at com.kms.katalon.core.main.TestCaseExecutor.accessMainPhase(TestCaseExecutor.java:410)
	at com.kms.katalon.core.main.TestCaseExecutor.execute(TestCaseExecutor.java:285)
	at com.kms.katalon.core.common.CommonExecutor.accessTestCaseMainPhase(CommonExecutor.java:65)
	at com.kms.katalon.core.main.TestSuiteExecutor.accessTestSuiteMainPhase(TestSuiteExecutor.java:150)
	at com.kms.katalon.core.main.TestSuiteExecutor.execute(TestSuiteExecutor.java:106)
	at com.kms.katalon.core.main.TestCaseMain.startTestSuite(TestCaseMain.java:180)
	at TempTestSuite1730128240063.run(TempTestSuite1730128240063.groovy:35)
	at java.base/jdk.internal.reflect.NativeMethodAccessorImpl.invoke0(Native Method)
	at java.base/jdk.internal.reflect.NativeMethodAccessorImpl.invoke(NativeMethodAccessorImpl.java:77)
	at java.base/jdk.internal.reflect.DelegatingMethodAccessorImpl.invoke(DelegatingMethodAccessorImpl.java:43)
Caused by: org.openqa.selenium.ElementNotInteractableException: element not interactable
  (Session info: chrome=130.0.6723.70)
Build info: version: '3.141.59', revision: 'unknown', time: 'unknown'
System info: host: 'ENRIQUE', ip: '192.168.100.147', os.name: 'Windows 11', os.arch: 'amd64', os.version: '10.0', java.version: '17.0.7'
Driver info: com.kms.katalon.selenium.driver.CChromeDriver
Capabilities {acceptInsecureCerts: false, browserName: chrome, browserVersion: 130.0.6723.70, chrome: {chromedriverVersion: 130.0.6723.69 (3ec172b971b9..., userDataDir: C:\Users\Enrique\AppData\Lo...}, fedcm:accounts: true, goog:chromeOptions: {debuggerAddress: localhost:61596}, javascriptEnabled: true, networkConnectionEnabled: false, pageLoadStrategy: normal, platform: WINDOWS, platformName: WINDOWS, proxy: Proxy(), setWindowRect: true, strictFileInteractability: false, timeouts: {implicit: 0, pageLoad: 300000, script: 30000}, unhandledPromptBehavior: dismiss and notify, webauthn:extension:credBlob: true, webauthn:extension:largeBlob: true, webauthn:extension:minPinLength: true, webauthn:extension:prf: true, webauthn:virtualAuthenticators: true}
Session ID: 9405ceaea096c598bf43c39cff1e9a29
	at java.base/jdk.internal.reflect.NativeConstructorAccessorImpl.newInstance0(Native Method)
	at java.base/jdk.internal.reflect.NativeConstructorAccessorImpl.newInstance(NativeConstructorAccessorImpl.java:77)
	at java.base/jdk.internal.reflect.DelegatingConstructorAccessorImpl.newInstance(DelegatingConstructorAccessorImpl.java:45)
	at org.openqa.selenium.remote.http.W3CHttpResponseCodec.createException(W3CHttpResponseCodec.java:187)
	at org.openqa.selenium.remote.http.W3CHttpResponseCodec.decode(W3CHttpResponseCodec.java:122)
	at org.openqa.selenium.remote.http.W3CHttpResponseCodec.decode(W3CHttpResponseCodec.java:49)
	at org.openqa.selenium.remote.HttpCommandExecutor.execute(HttpCommandExecutor.java:158)
	at org.openqa.selenium.remote.service.DriverCommandExecutor.execute(DriverCommandExecutor.java:83)
	at org.openqa.selenium.remote.RemoteWebDriver.execute(RemoteWebDriver.java:552)
	at com.kms.katalon.selenium.driver.CChromeDriver.execute(CChromeDriver.java:19)
	at org.openqa.selenium.remote.RemoteWebElement.execute(RemoteWebElement.java:285)
	at org.openqa.selenium.remote.RemoteWebElement.clear(RemoteWebElement.java:124)
	at jdk.internal.reflect.GeneratedMethodAccessor18.invoke(Unknown Source)
	at java.base/jdk.internal.reflect.DelegatingMethodAccessorImpl.invoke(DelegatingMethodAccessorImpl.java:43)
	at org.openqa.selenium.support.events.EventFiringWebDriver$EventFiringWebElement.lambda$new$0(EventFiringWebDriver.java:404)
	at jdk.proxy2/jdk.proxy2.$Proxy21.clear(Unknown Source)
	at org.openqa.selenium.support.events.EventFiringWebDriver$EventFiringWebElement.clear(EventFiringWebDriver.java:436)
	at com.kms.katalon.core.webui.keyword.builtin.SetTextKeyword$_setText_closure1.doCall(SetTextKeyword.groovy:55)
	at com.kms.katalon.core.webui.keyword.builtin.SetTextKeyword$_setText_closure1.call(SetTextKeyword.groovy)
	at com.kms.katalon.core.webui.keyword.internal.WebUIKeywordMain.runKeyword(WebUIKeywordMain.groovy:35)
	at com.kms.katalon.core.webui.keyword.builtin.SetTextKeyword.setText(SetTextKeyword.groovy:85)
	at com.kms.katalon.core.webui.keyword.builtin.SetTextKeyword.execute(SetTextKeyword.groovy:39)
	at com.kms.katalon.core.keyword.internal.KeywordExecutor.executeKeywordForPlatform(KeywordExecutor.groovy:74)
	at com.kms.katalon.core.webui.keyword.WebUiBuiltInKeywords.setText(WebUiBuiltInKeywords.groovy:1019)
	at Script1727458510310.run(Script1727458510310.groovy:47)
	... 15 more
)]]></system-out>
         <system-err><![CDATA[28-10-2024T10:14:13 - [TEST_CASE][FAILED] - Test Cases/Specific Cases/LS/General/Calendar/Events_Creation/Present Events Creation/Calendar_Event: Test Cases/Specific Cases/LS/General/Calendar/Events_Creation/Present Events Creation/Calendar_Event FAILED.
Reason:
com.kms.katalon.core.exception.StepFailedException: Unable to set text '15' of object 'Object Repository/Specific Cases Repository/LS/Home/Calendar/Calendar_Events/Calendar_Events_Creation/Event/Page_Calendar/input_Reminder_select2-search__field'
	at com.kms.katalon.core.webui.keyword.internal.WebUIKeywordMain.stepFailed(WebUIKeywordMain.groovy:117)
	at com.kms.katalon.core.webui.keyword.internal.WebUIKeywordMain.runKeyword(WebUIKeywordMain.groovy:43)
	at com.kms.katalon.core.webui.keyword.builtin.SetTextKeyword.setText(SetTextKeyword.groovy:85)
	at com.kms.katalon.core.webui.keyword.builtin.SetTextKeyword.execute(SetTextKeyword.groovy:39)
	at com.kms.katalon.core.keyword.internal.KeywordExecutor.executeKeywordForPlatform(KeywordExecutor.groovy:74)
	at com.kms.katalon.core.webui.keyword.WebUiBuiltInKeywords.setText(WebUiBuiltInKeywords.groovy:1019)
	at Calendar_Event.run(Calendar_Event:47)
	at com.kms.katalon.core.main.ScriptEngine.run(ScriptEngine.java:194)
	at com.kms.katalon.core.main.ScriptEngine.runScriptAsRawText(ScriptEngine.java:119)
	at com.kms.katalon.core.main.TestCaseExecutor.runScript(TestCaseExecutor.java:448)
	at com.kms.katalon.core.main.TestCaseExecutor.doExecute(TestCaseExecutor.java:439)
	at com.kms.katalon.core.main.TestCaseExecutor.processExecutionPhase(TestCaseExecutor.java:418)
	at com.kms.katalon.core.main.TestCaseExecutor.accessMainPhase(TestCaseExecutor.java:410)
	at com.kms.katalon.core.main.TestCaseExecutor.execute(TestCaseExecutor.java:285)
	at com.kms.katalon.core.common.CommonExecutor.accessTestCaseMainPhase(CommonExecutor.java:65)
	at com.kms.katalon.core.main.TestSuiteExecutor.accessTestSuiteMainPhase(TestSuiteExecutor.java:150)
	at com.kms.katalon.core.main.TestSuiteExecutor.execute(TestSuiteExecutor.java:106)
	at com.kms.katalon.core.main.TestCaseMain.startTestSuite(TestCaseMain.java:180)
	at TempTestSuite1730128240063.run(TempTestSuite1730128240063.groovy:35)
	at java.base/jdk.internal.reflect.NativeMethodAccessorImpl.invoke0(Native Method)
	at java.base/jdk.internal.reflect.NativeMethodAccessorImpl.invoke(NativeMethodAccessorImpl.java:77)
	at java.base/jdk.internal.reflect.DelegatingMethodAccessorImpl.invoke(DelegatingMethodAccessorImpl.java:43)
Caused by: org.openqa.selenium.ElementNotInteractableException: element not interactable
  (Session info: chrome=130.0.6723.70)
Build info: version: '3.141.59', revision: 'unknown', time: 'unknown'
System info: host: 'ENRIQUE', ip: '192.168.100.147', os.name: 'Windows 11', os.arch: 'amd64', os.version: '10.0', java.version: '17.0.7'
Driver info: com.kms.katalon.selenium.driver.CChromeDriver
Capabilities {acceptInsecureCerts: false, browserName: chrome, browserVersion: 130.0.6723.70, chrome: {chromedriverVersion: 130.0.6723.69 (3ec172b971b9..., userDataDir: C:\Users\Enrique\AppData\Lo...}, fedcm:accounts: true, goog:chromeOptions: {debuggerAddress: localhost:61596}, javascriptEnabled: true, networkConnectionEnabled: false, pageLoadStrategy: normal, platform: WINDOWS, platformName: WINDOWS, proxy: Proxy(), setWindowRect: true, strictFileInteractability: false, timeouts: {implicit: 0, pageLoad: 300000, script: 30000}, unhandledPromptBehavior: dismiss and notify, webauthn:extension:credBlob: true, webauthn:extension:largeBlob: true, webauthn:extension:minPinLength: true, webauthn:extension:prf: true, webauthn:virtualAuthenticators: true}
Session ID: 9405ceaea096c598bf43c39cff1e9a29
	at java.base/jdk.internal.reflect.NativeConstructorAccessorImpl.newInstance0(Native Method)
	at java.base/jdk.internal.reflect.NativeConstructorAccessorImpl.newInstance(NativeConstructorAccessorImpl.java:77)
	at java.base/jdk.internal.reflect.DelegatingConstructorAccessorImpl.newInstance(DelegatingConstructorAccessorImpl.java:45)
	at org.openqa.selenium.remote.http.W3CHttpResponseCodec.createException(W3CHttpResponseCodec.java:187)
	at org.openqa.selenium.remote.http.W3CHttpResponseCodec.decode(W3CHttpResponseCodec.java:122)
	at org.openqa.selenium.remote.http.W3CHttpResponseCodec.decode(W3CHttpResponseCodec.java:49)
	at org.openqa.selenium.remote.HttpCommandExecutor.execute(HttpCommandExecutor.java:158)
	at org.openqa.selenium.remote.service.DriverCommandExecutor.execute(DriverCommandExecutor.java:83)
	at org.openqa.selenium.remote.RemoteWebDriver.execute(RemoteWebDriver.java:552)
	at com.kms.katalon.selenium.driver.CChromeDriver.execute(CChromeDriver.java:19)
	at org.openqa.selenium.remote.RemoteWebElement.execute(RemoteWebElement.java:285)
	at org.openqa.selenium.remote.RemoteWebElement.clear(RemoteWebElement.java:124)
	at jdk.internal.reflect.GeneratedMethodAccessor18.invoke(Unknown Source)
	at java.base/jdk.internal.reflect.DelegatingMethodAccessorImpl.invoke(DelegatingMethodAccessorImpl.java:43)
	at org.openqa.selenium.support.events.EventFiringWebDriver$EventFiringWebElement.lambda$new$0(EventFiringWebDriver.java:404)
	at jdk.proxy2/jdk.proxy2.$Proxy21.clear(Unknown Source)
	at org.openqa.selenium.support.events.EventFiringWebDriver$EventFiringWebElement.clear(EventFiringWebDriver.java:436)
	at com.kms.katalon.core.webui.keyword.builtin.SetTextKeyword$_setText_closure1.doCall(SetTextKeyword.groovy:55)
	at com.kms.katalon.core.webui.keyword.builtin.SetTextKeyword$_setText_closure1.call(SetTextKeyword.groovy)
	at com.kms.katalon.core.webui.keyword.internal.WebUIKeywordMain.runKeyword(WebUIKeywordMain.groovy:35)
	... 20 more]]></system-err>
      </testcase>
      <testcase name="Test Cases/Specific Cases/LS/General/Calendar/Events_Creation/Present Events Creation/Calendar_Groups" time="20.367" classname="Test Cases/Specific Cases/LS/General/Calendar/Events_Creation/Present Events Creation/Calendar_Groups" status="FAILED">
         <failure type="FAILED" message="Test Cases/Specific Cases/LS/General/Calendar/Events_Creation/Present Events Creation/Calendar_Groups FAILED.&#xa;Reason:&#xa;com.kms.katalon.core.exception.StepFailedException: Unable to set text '1.2' of object 'Object Repository/Specific Cases Repository/LS/Home/Calendar/Calendar_Events/Calendar_Events_Creation/Group/Page_Calendar/input_Loading_select2-search__field'&#xa;	at com.kms.katalon.core.webui.keyword.internal.WebUIKeywordMain.stepFailed(WebUIKeywordMain.groovy:117)&#xa;	at com.kms.katalon.core.webui.keyword.internal.WebUIKeywordMain.runKeyword(WebUIKeywordMain.groovy:43)&#xa;	at com.kms.katalon.core.webui.keyword.builtin.SetTextKeyword.setText(SetTextKeyword.groovy:85)&#xa;	at com.kms.katalon.core.webui.keyword.builtin.SetTextKeyword.execute(SetTextKeyword.groovy:39)&#xa;	at com.kms.katalon.core.keyword.internal.KeywordExecutor.executeKeywordForPlatform(KeywordExecutor.groovy:74)&#xa;	at com.kms.katalon.core.webui.keyword.WebUiBuiltInKeywords.setText(WebUiBuiltInKeywords.groovy:1019)&#xa;	at Calendar_Groups.run(Calendar_Groups:32)&#xa;	at com.kms.katalon.core.main.ScriptEngine.run(ScriptEngine.java:194)&#xa;	at com.kms.katalon.core.main.ScriptEngine.runScriptAsRawText(ScriptEngine.java:119)&#xa;	at com.kms.katalon.core.main.TestCaseExecutor.runScript(TestCaseExecutor.java:448)&#xa;	at com.kms.katalon.core.main.TestCaseExecutor.doExecute(TestCaseExecutor.java:439)&#xa;	at com.kms.katalon.core.main.TestCaseExecutor.processExecutionPhase(TestCaseExecutor.java:418)&#xa;	at com.kms.katalon.core.main.TestCaseExecutor.accessMainPhase(TestCaseExecutor.java:410)&#xa;	at com.kms.katalon.core.main.TestCaseExecutor.execute(TestCaseExecutor.java:285)&#xa;	at com.kms.katalon.core.common.CommonExecutor.accessTestCaseMainPhase(CommonExecutor.java:65)&#xa;	at com.kms.katalon.core.main.TestSuiteExecutor.accessTestSuiteMainPhase(TestSuiteExecutor.java:150)&#xa;	at com.kms.katalon.core.main.TestSuiteExecutor.execute(TestSuiteExecutor.java:106)&#xa;	at com.kms.katalon.core.main.TestCaseMain.startTestSuite(TestCaseMain.java:180)&#xa;	at TempTestSuite1730128240063.run(TempTestSuite1730128240063.groovy:35)&#xa;	at java.base/jdk.internal.reflect.NativeMethodAccessorImpl.invoke0(Native Method)&#xa;	at java.base/jdk.internal.reflect.NativeMethodAccessorImpl.invoke(NativeMethodAccessorImpl.java:77)&#xa;	at java.base/jdk.internal.reflect.DelegatingMethodAccessorImpl.invoke(DelegatingMethodAccessorImpl.java:43)&#xa;Caused by: org.openqa.selenium.ElementNotInteractableException: element not interactable&#xa;  (Session info: chrome=130.0.6723.70)&#xa;Build info: version: '3.141.59', revision: 'unknown', time: 'unknown'&#xa;System info: host: 'ENRIQUE', ip: '192.168.100.147', os.name: 'Windows 11', os.arch: 'amd64', os.version: '10.0', java.version: '17.0.7'&#xa;Driver info: com.kms.katalon.selenium.driver.CChromeDriver&#xa;Capabilities {acceptInsecureCerts: false, browserName: chrome, browserVersion: 130.0.6723.70, chrome: {chromedriverVersion: 130.0.6723.69 (3ec172b971b9..., userDataDir: C:\Users\Enrique\AppData\Lo...}, fedcm:accounts: true, goog:chromeOptions: {debuggerAddress: localhost:61627}, javascriptEnabled: true, networkConnectionEnabled: false, pageLoadStrategy: normal, platform: WINDOWS, platformName: WINDOWS, proxy: Proxy(), setWindowRect: true, strictFileInteractability: false, timeouts: {implicit: 0, pageLoad: 300000, script: 30000}, unhandledPromptBehavior: dismiss and notify, webauthn:extension:credBlob: true, webauthn:extension:largeBlob: true, webauthn:extension:minPinLength: true, webauthn:extension:prf: true, webauthn:virtualAuthenticators: true}&#xa;Session ID: 7e972f5eee0958a354193caa0567f3e3&#xa;	at java.base/jdk.internal.reflect.NativeConstructorAccessorImpl.newInstance0(Native Method)&#xa;	at java.base/jdk.internal.reflect.NativeConstructorAccessorImpl.newInstance(NativeConstructorAccessorImpl.java:77)&#xa;	at java.base/jdk.internal.reflect.DelegatingConstructorAccessorImpl.newInstance(DelegatingConstructorAccessorImpl.java:45)&#xa;	at org.openqa.selenium.remote.http.W3CHttpResponseCodec.createException(W3CHttpResponseCodec.java:187)&#xa;	at org.openqa.selenium.remote.http.W3CHttpResponseCodec.decode(W3CHttpResponseCodec.java:122)&#xa;	at org.openqa.selenium.remote.http.W3CHttpResponseCodec.decode(W3CHttpResponseCodec.java:49)&#xa;	at org.openqa.selenium.remote.HttpCommandExecutor.execute(HttpCommandExecutor.java:158)&#xa;	at org.openqa.selenium.remote.service.DriverCommandExecutor.execute(DriverCommandExecutor.java:83)&#xa;	at org.openqa.selenium.remote.RemoteWebDriver.execute(RemoteWebDriver.java:552)&#xa;	at com.kms.katalon.selenium.driver.CChromeDriver.execute(CChromeDriver.java:19)&#xa;	at org.openqa.selenium.remote.RemoteWebElement.execute(RemoteWebElement.java:285)&#xa;	at org.openqa.selenium.remote.RemoteWebElement.sendKeys(RemoteWebElement.java:106)&#xa;	at jdk.internal.reflect.GeneratedMethodAccessor19.invoke(Unknown Source)&#xa;	at java.base/jdk.internal.reflect.DelegatingMethodAccessorImpl.invoke(DelegatingMethodAccessorImpl.java:43)&#xa;	at org.openqa.selenium.support.events.EventFiringWebDriver$EventFiringWebElement.lambda$new$0(EventFiringWebDriver.java:404)&#xa;	at jdk.proxy2/jdk.proxy2.$Proxy21.sendKeys(Unknown Source)&#xa;	at org.openqa.selenium.support.events.EventFiringWebDriver$EventFiringWebElement.sendKeys(EventFiringWebDriver.java:429)&#xa;	at com.kms.katalon.core.webui.keyword.builtin.SetTextKeyword$_setText_closure1.doCall(SetTextKeyword.groovy:71)&#xa;	at com.kms.katalon.core.webui.keyword.builtin.SetTextKeyword$_setText_closure1.call(SetTextKeyword.groovy)&#xa;	at com.kms.katalon.core.webui.keyword.internal.WebUIKeywordMain.runKeyword(WebUIKeywordMain.groovy:35)&#xa;	... 20 more&#xa;"/>
         <system-out><![CDATA[28-10-2024T10:14:36 - [TEST_CASE][FAILED] - Test Cases/Specific Cases/LS/General/Calendar/Events_Creation/Present Events Creation/Calendar_Groups: Test Cases/Specific Cases/LS/General/Calendar/Events_Creation/Present Events Creation/Calendar_Groups FAILED.
Reason:
com.kms.katalon.core.exception.StepFailedException: Unable to set text '1.2' of object 'Object Repository/Specific Cases Repository/LS/Home/Calendar/Calendar_Events/Calendar_Events_Creation/Group/Page_Calendar/input_Loading_select2-search__field'
	at com.kms.katalon.core.webui.keyword.internal.WebUIKeywordMain.stepFailed(WebUIKeywordMain.groovy:117)
	at com.kms.katalon.core.webui.keyword.internal.WebUIKeywordMain.runKeyword(WebUIKeywordMain.groovy:43)
	at com.kms.katalon.core.webui.keyword.builtin.SetTextKeyword.setText(SetTextKeyword.groovy:85)
	at com.kms.katalon.core.webui.keyword.builtin.SetTextKeyword.execute(SetTextKeyword.groovy:39)
	at com.kms.katalon.core.keyword.internal.KeywordExecutor.executeKeywordForPlatform(KeywordExecutor.groovy:74)
	at com.kms.katalon.core.webui.keyword.WebUiBuiltInKeywords.setText(WebUiBuiltInKeywords.groovy:1019)
	at Calendar_Groups.run(Calendar_Groups:32)
	at com.kms.katalon.core.main.ScriptEngine.run(ScriptEngine.java:194)
	at com.kms.katalon.core.main.ScriptEngine.runScriptAsRawText(ScriptEngine.java:119)
	at com.kms.katalon.core.main.TestCaseExecutor.runScript(TestCaseExecutor.java:448)
	at com.kms.katalon.core.main.TestCaseExecutor.doExecute(TestCaseExecutor.java:439)
	at com.kms.katalon.core.main.TestCaseExecutor.processExecutionPhase(TestCaseExecutor.java:418)
	at com.kms.katalon.core.main.TestCaseExecutor.accessMainPhase(TestCaseExecutor.java:410)
	at com.kms.katalon.core.main.TestCaseExecutor.execute(TestCaseExecutor.java:285)
	at com.kms.katalon.core.common.CommonExecutor.accessTestCaseMainPhase(CommonExecutor.java:65)
	at com.kms.katalon.core.main.TestSuiteExecutor.accessTestSuiteMainPhase(TestSuiteExecutor.java:150)
	at com.kms.katalon.core.main.TestSuiteExecutor.execute(TestSuiteExecutor.java:106)
	at com.kms.katalon.core.main.TestCaseMain.startTestSuite(TestCaseMain.java:180)
	at TempTestSuite1730128240063.run(TempTestSuite1730128240063.groovy:35)
	at java.base/jdk.internal.reflect.NativeMethodAccessorImpl.invoke0(Native Method)
	at java.base/jdk.internal.reflect.NativeMethodAccessorImpl.invoke(NativeMethodAccessorImpl.java:77)
	at java.base/jdk.internal.reflect.DelegatingMethodAccessorImpl.invoke(DelegatingMethodAccessorImpl.java:43)
Caused by: org.openqa.selenium.ElementNotInteractableException: element not interactable
  (Session info: chrome=130.0.6723.70)
Build info: version: '3.141.59', revision: 'unknown', time: 'unknown'
System info: host: 'ENRIQUE', ip: '192.168.100.147', os.name: 'Windows 11', os.arch: 'amd64', os.version: '10.0', java.version: '17.0.7'
Driver info: com.kms.katalon.selenium.driver.CChromeDriver
Capabilities {acceptInsecureCerts: false, browserName: chrome, browserVersion: 130.0.6723.70, chrome: {chromedriverVersion: 130.0.6723.69 (3ec172b971b9..., userDataDir: C:\Users\Enrique\AppData\Lo...}, fedcm:accounts: true, goog:chromeOptions: {debuggerAddress: localhost:61627}, javascriptEnabled: true, networkConnectionEnabled: false, pageLoadStrategy: normal, platform: WINDOWS, platformName: WINDOWS, proxy: Proxy(), setWindowRect: true, strictFileInteractability: false, timeouts: {implicit: 0, pageLoad: 300000, script: 30000}, unhandledPromptBehavior: dismiss and notify, webauthn:extension:credBlob: true, webauthn:extension:largeBlob: true, webauthn:extension:minPinLength: true, webauthn:extension:prf: true, webauthn:virtualAuthenticators: true}
Session ID: 7e972f5eee0958a354193caa0567f3e3
	at java.base/jdk.internal.reflect.NativeConstructorAccessorImpl.newInstance0(Native Method)
	at java.base/jdk.internal.reflect.NativeConstructorAccessorImpl.newInstance(NativeConstructorAccessorImpl.java:77)
	at java.base/jdk.internal.reflect.DelegatingConstructorAccessorImpl.newInstance(DelegatingConstructorAccessorImpl.java:45)
	at org.openqa.selenium.remote.http.W3CHttpResponseCodec.createException(W3CHttpResponseCodec.java:187)
	at org.openqa.selenium.remote.http.W3CHttpResponseCodec.decode(W3CHttpResponseCodec.java:122)
	at org.openqa.selenium.remote.http.W3CHttpResponseCodec.decode(W3CHttpResponseCodec.java:49)
	at org.openqa.selenium.remote.HttpCommandExecutor.execute(HttpCommandExecutor.java:158)
	at org.openqa.selenium.remote.service.DriverCommandExecutor.execute(DriverCommandExecutor.java:83)
	at org.openqa.selenium.remote.RemoteWebDriver.execute(RemoteWebDriver.java:552)
	at com.kms.katalon.selenium.driver.CChromeDriver.execute(CChromeDriver.java:19)
	at org.openqa.selenium.remote.RemoteWebElement.execute(RemoteWebElement.java:285)
	at org.openqa.selenium.remote.RemoteWebElement.sendKeys(RemoteWebElement.java:106)
	at jdk.internal.reflect.GeneratedMethodAccessor19.invoke(Unknown Source)
	at java.base/jdk.internal.reflect.DelegatingMethodAccessorImpl.invoke(DelegatingMethodAccessorImpl.java:43)
	at org.openqa.selenium.support.events.EventFiringWebDriver$EventFiringWebElement.lambda$new$0(EventFiringWebDriver.java:404)
	at jdk.proxy2/jdk.proxy2.$Proxy21.sendKeys(Unknown Source)
	at org.openqa.selenium.support.events.EventFiringWebDriver$EventFiringWebElement.sendKeys(EventFiringWebDriver.java:429)
	at com.kms.katalon.core.webui.keyword.builtin.SetTextKeyword$_setText_closure1.doCall(SetTextKeyword.groovy:71)
	at com.kms.katalon.core.webui.keyword.builtin.SetTextKeyword$_setText_closure1.call(SetTextKeyword.groovy)
	at com.kms.katalon.core.webui.keyword.internal.WebUIKeywordMain.runKeyword(WebUIKeywordMain.groovy:35)
	... 20 more


28-10-2024T10:14:36 - [TEST_STEP][PASSED] - callTestCase(findTestCase("Common Cases/Login"), [:], STOP_ON_FAILURE): Call Test Case 'Test Cases/Common Cases/Login' successfully

28-10-2024T10:14:36 - [TEST_CASE][PASSED] - Test Cases/Common Cases/Login: Test Cases/Common Cases/Login

28-10-2024T10:14:36 - [TEST_STEP][PASSED] - openBrowser(""): Browser is opened with url: ''

28-10-2024T10:14:36 - [MESSAGE][WARNING] - A browser is already opened. Closing browser and opening a new one

28-10-2024T10:14:36 - [MESSAGE][INFO] - Starting 'Chrome' driver

28-10-2024T10:14:36 - [MESSAGE][INFO] - Action delay is set to 0 milliseconds

28-10-2024T10:14:37 - [MESSAGE][PASSED] - Browser is opened with url: ''

28-10-2024T10:14:37 - [TEST_STEP][PASSED] - maximizeWindow(): Current window maximized

28-10-2024T10:14:37 - [MESSAGE][PASSED] - Current window maximized

28-10-2024T10:14:37 - [TEST_STEP][PASSED] - navigateToUrl("https://site17.lsapp.cloud/auth/login"): Navigate to 'https://site17.lsapp.cloud/auth/login' successfully

28-10-2024T10:14:39 - [MESSAGE][PASSED] - Navigate to 'https://site17.lsapp.cloud/auth/login' successfully

28-10-2024T10:14:39 - [TEST_STEP][PASSED] - setText(findTestObject("Object Repository/Common Cases Repository/Login/Page_Lightning Step/input_Email_email"), "automation@lightningstep.com"): Text 'automation@lightningstep.com' is set on object 'Object Repository/Common Cases Repository/Login/Page_Lightning Step/input_Email_email'

28-10-2024T10:14:40 - [MESSAGE][PASSED] - Text 'automation@lightningstep.com' is set on object 'Object Repository/Common Cases Repository/Login/Page_Lightning Step/input_Email_email'

28-10-2024T10:14:40 - [TEST_STEP][PASSED] - setEncryptedText(findTestObject("Object Repository/Common Cases Repository/Login/Page_Lightning Step/input_Password_password"), "e5N8VHmnhJDITtQaQhDQDw=="): Text ****** has been set on object 'Object Repository/Common Cases Repository/Login/Page_Lightning Step/input_Password_password'

28-10-2024T10:14:40 - [MESSAGE][PASSED] - Text ****** has been set on object 'Object Repository/Common Cases Repository/Login/Page_Lightning Step/input_Password_password'

28-10-2024T10:14:40 - [TEST_STEP][PASSED] - click(findTestObject("Object Repository/Common Cases Repository/Login/Page_Lightning Step/button_Sign in")): Object: 'Object Repository/Common Cases Repository/Login/Page_Lightning Step/button_Sign in' is clicked on

28-10-2024T10:14:49 - [MESSAGE][PASSED] - Object: 'Object Repository/Common Cases Repository/Login/Page_Lightning Step/button_Sign in' is clicked on

28-10-2024T10:14:49 - [MESSAGE][PASSED] - Call Test Case 'Test Cases/Common Cases/Login' successfully

28-10-2024T10:14:49 - [TEST_STEP][PASSED] - click(findTestObject("Object Repository/Specific Cases Repository/LS/Home/Calendar/Calendar_Events/Calendar_Events_Creation/Group/Page_Home/a_Calendar")): Object: 'Object Repository/Specific Cases Repository/LS/Home/Calendar/Calendar_Events/Calendar_Events_Creation/Group/Page_Home/a_Calendar' is clicked on

28-10-2024T10:14:52 - [MESSAGE][PASSED] - Object: 'Object Repository/Specific Cases Repository/LS/Home/Calendar/Calendar_Events/Calendar_Events_Creation/Group/Page_Home/a_Calendar' is clicked on

28-10-2024T10:14:52 - [TEST_STEP][PASSED] - click(findTestObject("Object Repository/Specific Cases Repository/LS/Home/Calendar/Calendar_Events/Calendar_Events_Creation/Appointment/Page_Calendar/div_Week")): Object: 'Object Repository/Specific Cases Repository/LS/Home/Calendar/Calendar_Events/Calendar_Events_Creation/Appointment/Page_Calendar/div_Week' is clicked on

28-10-2024T10:14:53 - [MESSAGE][PASSED] - Object: 'Object Repository/Specific Cases Repository/LS/Home/Calendar/Calendar_Events/Calendar_Events_Creation/Appointment/Page_Calendar/div_Week' is clicked on

28-10-2024T10:14:53 - [TEST_STEP][PASSED] - click(findTestObject("Object Repository/Specific Cases Repository/LS/Home/Calendar/Calendar_Events/Calendar_Events_Creation/Group/Page_Calendar/button_Create new")): Object: 'Object Repository/Specific Cases Repository/LS/Home/Calendar/Calendar_Events/Calendar_Events_Creation/Group/Page_Calendar/button_Create new' is clicked on

28-10-2024T10:14:54 - [MESSAGE][PASSED] - Object: 'Object Repository/Specific Cases Repository/LS/Home/Calendar/Calendar_Events/Calendar_Events_Creation/Group/Page_Calendar/button_Create new' is clicked on

28-10-2024T10:14:54 - [TEST_STEP][PASSED] - click(findTestObject("Object Repository/Specific Cases Repository/LS/Home/Calendar/Calendar_Events/Calendar_Events_Creation/Group/Page_Calendar/label_Group")): Object: 'Object Repository/Specific Cases Repository/LS/Home/Calendar/Calendar_Events/Calendar_Events_Creation/Group/Page_Calendar/label_Group' is clicked on

28-10-2024T10:14:55 - [MESSAGE][PASSED] - Object: 'Object Repository/Specific Cases Repository/LS/Home/Calendar/Calendar_Events/Calendar_Events_Creation/Group/Page_Calendar/label_Group' is clicked on

28-10-2024T10:14:55 - [TEST_STEP][PASSED] - click(findTestObject("Object Repository/Specific Cases Repository/LS/Home/Calendar/Calendar_Events/Calendar_Events_Creation/Group/Page_Calendar/Groups Selector")): Object: 'Object Repository/Specific Cases Repository/LS/Home/Calendar/Calendar_Events/Calendar_Events_Creation/Group/Page_Calendar/Groups Selector' is clicked on

28-10-2024T10:14:56 - [MESSAGE][PASSED] - Object: 'Object Repository/Specific Cases Repository/LS/Home/Calendar/Calendar_Events/Calendar_Events_Creation/Group/Page_Calendar/Groups Selector' is clicked on

28-10-2024T10:14:56 - [TEST_STEP][FAILED] - setText(findTestObject("Object Repository/Specific Cases Repository/LS/Home/Calendar/Calendar_Events/Calendar_Events_Creation/Group/Page_Calendar/input_Loading_select2-search__field"), "1.2"): Unable to set text '1.2' of object 'Object Repository/Specific Cases Repository/LS/Home/Calendar/Calendar_Events/Calendar_Events_Creation/Group/Page_Calendar/input_Loading_select2-search__field' (Root cause: com.kms.katalon.core.exception.StepFailedException: Unable to set text '1.2' of object 'Object Repository/Specific Cases Repository/LS/Home/Calendar/Calendar_Events/Calendar_Events_Creation/Group/Page_Calendar/input_Loading_select2-search__field'
	at com.kms.katalon.core.webui.keyword.internal.WebUIKeywordMain.stepFailed(WebUIKeywordMain.groovy:117)
	at com.kms.katalon.core.webui.keyword.internal.WebUIKeywordMain.runKeyword(WebUIKeywordMain.groovy:43)
	at com.kms.katalon.core.webui.keyword.builtin.SetTextKeyword.setText(SetTextKeyword.groovy:85)
	at com.kms.katalon.core.webui.keyword.builtin.SetTextKeyword.execute(SetTextKeyword.groovy:39)
	at com.kms.katalon.core.keyword.internal.KeywordExecutor.executeKeywordForPlatform(KeywordExecutor.groovy:74)
	at com.kms.katalon.core.webui.keyword.WebUiBuiltInKeywords.setText(WebUiBuiltInKeywords.groovy:1019)
	at Calendar_Groups.run(Calendar_Groups:32)
	at com.kms.katalon.core.main.ScriptEngine.run(ScriptEngine.java:194)
	at com.kms.katalon.core.main.ScriptEngine.runScriptAsRawText(ScriptEngine.java:119)
	at com.kms.katalon.core.main.TestCaseExecutor.runScript(TestCaseExecutor.java:448)
	at com.kms.katalon.core.main.TestCaseExecutor.doExecute(TestCaseExecutor.java:439)
	at com.kms.katalon.core.main.TestCaseExecutor.processExecutionPhase(TestCaseExecutor.java:418)
	at com.kms.katalon.core.main.TestCaseExecutor.accessMainPhase(TestCaseExecutor.java:410)
	at com.kms.katalon.core.main.TestCaseExecutor.execute(TestCaseExecutor.java:285)
	at com.kms.katalon.core.common.CommonExecutor.accessTestCaseMainPhase(CommonExecutor.java:65)
	at com.kms.katalon.core.main.TestSuiteExecutor.accessTestSuiteMainPhase(TestSuiteExecutor.java:150)
	at com.kms.katalon.core.main.TestSuiteExecutor.execute(TestSuiteExecutor.java:106)
	at com.kms.katalon.core.main.TestCaseMain.startTestSuite(TestCaseMain.java:180)
	at TempTestSuite1730128240063.run(TempTestSuite1730128240063.groovy:35)
	at java.base/jdk.internal.reflect.NativeMethodAccessorImpl.invoke0(Native Method)
	at java.base/jdk.internal.reflect.NativeMethodAccessorImpl.invoke(NativeMethodAccessorImpl.java:77)
	at java.base/jdk.internal.reflect.DelegatingMethodAccessorImpl.invoke(DelegatingMethodAccessorImpl.java:43)
Caused by: org.openqa.selenium.ElementNotInteractableException: element not interactable
  (Session info: chrome=130.0.6723.70)
Build info: version: '3.141.59', revision: 'unknown', time: 'unknown'
System info: host: 'ENRIQUE', ip: '192.168.100.147', os.name: 'Windows 11', os.arch: 'amd64', os.version: '10.0', java.version: '17.0.7'
Driver info: com.kms.katalon.selenium.driver.CChromeDriver
Capabilities {acceptInsecureCerts: false, browserName: chrome, browserVersion: 130.0.6723.70, chrome: {chromedriverVersion: 130.0.6723.69 (3ec172b971b9..., userDataDir: C:\Users\Enrique\AppData\Lo...}, fedcm:accounts: true, goog:chromeOptions: {debuggerAddress: localhost:61627}, javascriptEnabled: true, networkConnectionEnabled: false, pageLoadStrategy: normal, platform: WINDOWS, platformName: WINDOWS, proxy: Proxy(), setWindowRect: true, strictFileInteractability: false, timeouts: {implicit: 0, pageLoad: 300000, script: 30000}, unhandledPromptBehavior: dismiss and notify, webauthn:extension:credBlob: true, webauthn:extension:largeBlob: true, webauthn:extension:minPinLength: true, webauthn:extension:prf: true, webauthn:virtualAuthenticators: true}
Session ID: 7e972f5eee0958a354193caa0567f3e3
	at java.base/jdk.internal.reflect.NativeConstructorAccessorImpl.newInstance0(Native Method)
	at java.base/jdk.internal.reflect.NativeConstructorAccessorImpl.newInstance(NativeConstructorAccessorImpl.java:77)
	at java.base/jdk.internal.reflect.DelegatingConstructorAccessorImpl.newInstance(DelegatingConstructorAccessorImpl.java:45)
	at org.openqa.selenium.remote.http.W3CHttpResponseCodec.createException(W3CHttpResponseCodec.java:187)
	at org.openqa.selenium.remote.http.W3CHttpResponseCodec.decode(W3CHttpResponseCodec.java:122)
	at org.openqa.selenium.remote.http.W3CHttpResponseCodec.decode(W3CHttpResponseCodec.java:49)
	at org.openqa.selenium.remote.HttpCommandExecutor.execute(HttpCommandExecutor.java:158)
	at org.openqa.selenium.remote.service.DriverCommandExecutor.execute(DriverCommandExecutor.java:83)
	at org.openqa.selenium.remote.RemoteWebDriver.execute(RemoteWebDriver.java:552)
	at com.kms.katalon.selenium.driver.CChromeDriver.execute(CChromeDriver.java:19)
	at org.openqa.selenium.remote.RemoteWebElement.execute(RemoteWebElement.java:285)
	at org.openqa.selenium.remote.RemoteWebElement.sendKeys(RemoteWebElement.java:106)
	at jdk.internal.reflect.GeneratedMethodAccessor19.invoke(Unknown Source)
	at java.base/jdk.internal.reflect.DelegatingMethodAccessorImpl.invoke(DelegatingMethodAccessorImpl.java:43)
	at org.openqa.selenium.support.events.EventFiringWebDriver$EventFiringWebElement.lambda$new$0(EventFiringWebDriver.java:404)
	at jdk.proxy2/jdk.proxy2.$Proxy21.sendKeys(Unknown Source)
	at org.openqa.selenium.support.events.EventFiringWebDriver$EventFiringWebElement.sendKeys(EventFiringWebDriver.java:429)
	at com.kms.katalon.core.webui.keyword.builtin.SetTextKeyword$_setText_closure1.doCall(SetTextKeyword.groovy:71)
	at com.kms.katalon.core.webui.keyword.builtin.SetTextKeyword$_setText_closure1.call(SetTextKeyword.groovy)
	at com.kms.katalon.core.webui.keyword.internal.WebUIKeywordMain.runKeyword(WebUIKeywordMain.groovy:35)
	at com.kms.katalon.core.webui.keyword.builtin.SetTextKeyword.setText(SetTextKeyword.groovy:85)
	at com.kms.katalon.core.webui.keyword.builtin.SetTextKeyword.execute(SetTextKeyword.groovy:39)
	at com.kms.katalon.core.keyword.internal.KeywordExecutor.executeKeywordForPlatform(KeywordExecutor.groovy:74)
	at com.kms.katalon.core.webui.keyword.WebUiBuiltInKeywords.setText(WebUiBuiltInKeywords.groovy:1019)
	at Script1727458510317.run(Script1727458510317.groovy:32)
	... 15 more
)

28-10-2024T10:14:57 - [MESSAGE][FAILED] - Unable to set text '1.2' of object 'Object Repository/Specific Cases Repository/LS/Home/Calendar/Calendar_Events/Calendar_Events_Creation/Group/Page_Calendar/input_Loading_select2-search__field' (Root cause: com.kms.katalon.core.exception.StepFailedException: Unable to set text '1.2' of object 'Object Repository/Specific Cases Repository/LS/Home/Calendar/Calendar_Events/Calendar_Events_Creation/Group/Page_Calendar/input_Loading_select2-search__field'
	at com.kms.katalon.core.webui.keyword.internal.WebUIKeywordMain.stepFailed(WebUIKeywordMain.groovy:117)
	at com.kms.katalon.core.webui.keyword.internal.WebUIKeywordMain.runKeyword(WebUIKeywordMain.groovy:43)
	at com.kms.katalon.core.webui.keyword.builtin.SetTextKeyword.setText(SetTextKeyword.groovy:85)
	at com.kms.katalon.core.webui.keyword.builtin.SetTextKeyword.execute(SetTextKeyword.groovy:39)
	at com.kms.katalon.core.keyword.internal.KeywordExecutor.executeKeywordForPlatform(KeywordExecutor.groovy:74)
	at com.kms.katalon.core.webui.keyword.WebUiBuiltInKeywords.setText(WebUiBuiltInKeywords.groovy:1019)
	at Calendar_Groups.run(Calendar_Groups:32)
	at com.kms.katalon.core.main.ScriptEngine.run(ScriptEngine.java:194)
	at com.kms.katalon.core.main.ScriptEngine.runScriptAsRawText(ScriptEngine.java:119)
	at com.kms.katalon.core.main.TestCaseExecutor.runScript(TestCaseExecutor.java:448)
	at com.kms.katalon.core.main.TestCaseExecutor.doExecute(TestCaseExecutor.java:439)
	at com.kms.katalon.core.main.TestCaseExecutor.processExecutionPhase(TestCaseExecutor.java:418)
	at com.kms.katalon.core.main.TestCaseExecutor.accessMainPhase(TestCaseExecutor.java:410)
	at com.kms.katalon.core.main.TestCaseExecutor.execute(TestCaseExecutor.java:285)
	at com.kms.katalon.core.common.CommonExecutor.accessTestCaseMainPhase(CommonExecutor.java:65)
	at com.kms.katalon.core.main.TestSuiteExecutor.accessTestSuiteMainPhase(TestSuiteExecutor.java:150)
	at com.kms.katalon.core.main.TestSuiteExecutor.execute(TestSuiteExecutor.java:106)
	at com.kms.katalon.core.main.TestCaseMain.startTestSuite(TestCaseMain.java:180)
	at TempTestSuite1730128240063.run(TempTestSuite1730128240063.groovy:35)
	at java.base/jdk.internal.reflect.NativeMethodAccessorImpl.invoke0(Native Method)
	at java.base/jdk.internal.reflect.NativeMethodAccessorImpl.invoke(NativeMethodAccessorImpl.java:77)
	at java.base/jdk.internal.reflect.DelegatingMethodAccessorImpl.invoke(DelegatingMethodAccessorImpl.java:43)
Caused by: org.openqa.selenium.ElementNotInteractableException: element not interactable
  (Session info: chrome=130.0.6723.70)
Build info: version: '3.141.59', revision: 'unknown', time: 'unknown'
System info: host: 'ENRIQUE', ip: '192.168.100.147', os.name: 'Windows 11', os.arch: 'amd64', os.version: '10.0', java.version: '17.0.7'
Driver info: com.kms.katalon.selenium.driver.CChromeDriver
Capabilities {acceptInsecureCerts: false, browserName: chrome, browserVersion: 130.0.6723.70, chrome: {chromedriverVersion: 130.0.6723.69 (3ec172b971b9..., userDataDir: C:\Users\Enrique\AppData\Lo...}, fedcm:accounts: true, goog:chromeOptions: {debuggerAddress: localhost:61627}, javascriptEnabled: true, networkConnectionEnabled: false, pageLoadStrategy: normal, platform: WINDOWS, platformName: WINDOWS, proxy: Proxy(), setWindowRect: true, strictFileInteractability: false, timeouts: {implicit: 0, pageLoad: 300000, script: 30000}, unhandledPromptBehavior: dismiss and notify, webauthn:extension:credBlob: true, webauthn:extension:largeBlob: true, webauthn:extension:minPinLength: true, webauthn:extension:prf: true, webauthn:virtualAuthenticators: true}
Session ID: 7e972f5eee0958a354193caa0567f3e3
	at java.base/jdk.internal.reflect.NativeConstructorAccessorImpl.newInstance0(Native Method)
	at java.base/jdk.internal.reflect.NativeConstructorAccessorImpl.newInstance(NativeConstructorAccessorImpl.java:77)
	at java.base/jdk.internal.reflect.DelegatingConstructorAccessorImpl.newInstance(DelegatingConstructorAccessorImpl.java:45)
	at org.openqa.selenium.remote.http.W3CHttpResponseCodec.createException(W3CHttpResponseCodec.java:187)
	at org.openqa.selenium.remote.http.W3CHttpResponseCodec.decode(W3CHttpResponseCodec.java:122)
	at org.openqa.selenium.remote.http.W3CHttpResponseCodec.decode(W3CHttpResponseCodec.java:49)
	at org.openqa.selenium.remote.HttpCommandExecutor.execute(HttpCommandExecutor.java:158)
	at org.openqa.selenium.remote.service.DriverCommandExecutor.execute(DriverCommandExecutor.java:83)
	at org.openqa.selenium.remote.RemoteWebDriver.execute(RemoteWebDriver.java:552)
	at com.kms.katalon.selenium.driver.CChromeDriver.execute(CChromeDriver.java:19)
	at org.openqa.selenium.remote.RemoteWebElement.execute(RemoteWebElement.java:285)
	at org.openqa.selenium.remote.RemoteWebElement.sendKeys(RemoteWebElement.java:106)
	at jdk.internal.reflect.GeneratedMethodAccessor19.invoke(Unknown Source)
	at java.base/jdk.internal.reflect.DelegatingMethodAccessorImpl.invoke(DelegatingMethodAccessorImpl.java:43)
	at org.openqa.selenium.support.events.EventFiringWebDriver$EventFiringWebElement.lambda$new$0(EventFiringWebDriver.java:404)
	at jdk.proxy2/jdk.proxy2.$Proxy21.sendKeys(Unknown Source)
	at org.openqa.selenium.support.events.EventFiringWebDriver$EventFiringWebElement.sendKeys(EventFiringWebDriver.java:429)
	at com.kms.katalon.core.webui.keyword.builtin.SetTextKeyword$_setText_closure1.doCall(SetTextKeyword.groovy:71)
	at com.kms.katalon.core.webui.keyword.builtin.SetTextKeyword$_setText_closure1.call(SetTextKeyword.groovy)
	at com.kms.katalon.core.webui.keyword.internal.WebUIKeywordMain.runKeyword(WebUIKeywordMain.groovy:35)
	at com.kms.katalon.core.webui.keyword.builtin.SetTextKeyword.setText(SetTextKeyword.groovy:85)
	at com.kms.katalon.core.webui.keyword.builtin.SetTextKeyword.execute(SetTextKeyword.groovy:39)
	at com.kms.katalon.core.keyword.internal.KeywordExecutor.executeKeywordForPlatform(KeywordExecutor.groovy:74)
	at com.kms.katalon.core.webui.keyword.WebUiBuiltInKeywords.setText(WebUiBuiltInKeywords.groovy:1019)
	at Script1727458510317.run(Script1727458510317.groovy:32)
	... 15 more
)]]></system-out>
         <system-err><![CDATA[28-10-2024T10:14:36 - [TEST_CASE][FAILED] - Test Cases/Specific Cases/LS/General/Calendar/Events_Creation/Present Events Creation/Calendar_Groups: Test Cases/Specific Cases/LS/General/Calendar/Events_Creation/Present Events Creation/Calendar_Groups FAILED.
Reason:
com.kms.katalon.core.exception.StepFailedException: Unable to set text '1.2' of object 'Object Repository/Specific Cases Repository/LS/Home/Calendar/Calendar_Events/Calendar_Events_Creation/Group/Page_Calendar/input_Loading_select2-search__field'
	at com.kms.katalon.core.webui.keyword.internal.WebUIKeywordMain.stepFailed(WebUIKeywordMain.groovy:117)
	at com.kms.katalon.core.webui.keyword.internal.WebUIKeywordMain.runKeyword(WebUIKeywordMain.groovy:43)
	at com.kms.katalon.core.webui.keyword.builtin.SetTextKeyword.setText(SetTextKeyword.groovy:85)
	at com.kms.katalon.core.webui.keyword.builtin.SetTextKeyword.execute(SetTextKeyword.groovy:39)
	at com.kms.katalon.core.keyword.internal.KeywordExecutor.executeKeywordForPlatform(KeywordExecutor.groovy:74)
	at com.kms.katalon.core.webui.keyword.WebUiBuiltInKeywords.setText(WebUiBuiltInKeywords.groovy:1019)
	at Calendar_Groups.run(Calendar_Groups:32)
	at com.kms.katalon.core.main.ScriptEngine.run(ScriptEngine.java:194)
	at com.kms.katalon.core.main.ScriptEngine.runScriptAsRawText(ScriptEngine.java:119)
	at com.kms.katalon.core.main.TestCaseExecutor.runScript(TestCaseExecutor.java:448)
	at com.kms.katalon.core.main.TestCaseExecutor.doExecute(TestCaseExecutor.java:439)
	at com.kms.katalon.core.main.TestCaseExecutor.processExecutionPhase(TestCaseExecutor.java:418)
	at com.kms.katalon.core.main.TestCaseExecutor.accessMainPhase(TestCaseExecutor.java:410)
	at com.kms.katalon.core.main.TestCaseExecutor.execute(TestCaseExecutor.java:285)
	at com.kms.katalon.core.common.CommonExecutor.accessTestCaseMainPhase(CommonExecutor.java:65)
	at com.kms.katalon.core.main.TestSuiteExecutor.accessTestSuiteMainPhase(TestSuiteExecutor.java:150)
	at com.kms.katalon.core.main.TestSuiteExecutor.execute(TestSuiteExecutor.java:106)
	at com.kms.katalon.core.main.TestCaseMain.startTestSuite(TestCaseMain.java:180)
	at TempTestSuite1730128240063.run(TempTestSuite1730128240063.groovy:35)
	at java.base/jdk.internal.reflect.NativeMethodAccessorImpl.invoke0(Native Method)
	at java.base/jdk.internal.reflect.NativeMethodAccessorImpl.invoke(NativeMethodAccessorImpl.java:77)
	at java.base/jdk.internal.reflect.DelegatingMethodAccessorImpl.invoke(DelegatingMethodAccessorImpl.java:43)
Caused by: org.openqa.selenium.ElementNotInteractableException: element not interactable
  (Session info: chrome=130.0.6723.70)
Build info: version: '3.141.59', revision: 'unknown', time: 'unknown'
System info: host: 'ENRIQUE', ip: '192.168.100.147', os.name: 'Windows 11', os.arch: 'amd64', os.version: '10.0', java.version: '17.0.7'
Driver info: com.kms.katalon.selenium.driver.CChromeDriver
Capabilities {acceptInsecureCerts: false, browserName: chrome, browserVersion: 130.0.6723.70, chrome: {chromedriverVersion: 130.0.6723.69 (3ec172b971b9..., userDataDir: C:\Users\Enrique\AppData\Lo...}, fedcm:accounts: true, goog:chromeOptions: {debuggerAddress: localhost:61627}, javascriptEnabled: true, networkConnectionEnabled: false, pageLoadStrategy: normal, platform: WINDOWS, platformName: WINDOWS, proxy: Proxy(), setWindowRect: true, strictFileInteractability: false, timeouts: {implicit: 0, pageLoad: 300000, script: 30000}, unhandledPromptBehavior: dismiss and notify, webauthn:extension:credBlob: true, webauthn:extension:largeBlob: true, webauthn:extension:minPinLength: true, webauthn:extension:prf: true, webauthn:virtualAuthenticators: true}
Session ID: 7e972f5eee0958a354193caa0567f3e3
	at java.base/jdk.internal.reflect.NativeConstructorAccessorImpl.newInstance0(Native Method)
	at java.base/jdk.internal.reflect.NativeConstructorAccessorImpl.newInstance(NativeConstructorAccessorImpl.java:77)
	at java.base/jdk.internal.reflect.DelegatingConstructorAccessorImpl.newInstance(DelegatingConstructorAccessorImpl.java:45)
	at org.openqa.selenium.remote.http.W3CHttpResponseCodec.createException(W3CHttpResponseCodec.java:187)
	at org.openqa.selenium.remote.http.W3CHttpResponseCodec.decode(W3CHttpResponseCodec.java:122)
	at org.openqa.selenium.remote.http.W3CHttpResponseCodec.decode(W3CHttpResponseCodec.java:49)
	at org.openqa.selenium.remote.HttpCommandExecutor.execute(HttpCommandExecutor.java:158)
	at org.openqa.selenium.remote.service.DriverCommandExecutor.execute(DriverCommandExecutor.java:83)
	at org.openqa.selenium.remote.RemoteWebDriver.execute(RemoteWebDriver.java:552)
	at com.kms.katalon.selenium.driver.CChromeDriver.execute(CChromeDriver.java:19)
	at org.openqa.selenium.remote.RemoteWebElement.execute(RemoteWebElement.java:285)
	at org.openqa.selenium.remote.RemoteWebElement.sendKeys(RemoteWebElement.java:106)
	at jdk.internal.reflect.GeneratedMethodAccessor19.invoke(Unknown Source)
	at java.base/jdk.internal.reflect.DelegatingMethodAccessorImpl.invoke(DelegatingMethodAccessorImpl.java:43)
	at org.openqa.selenium.support.events.EventFiringWebDriver$EventFiringWebElement.lambda$new$0(EventFiringWebDriver.java:404)
	at jdk.proxy2/jdk.proxy2.$Proxy21.sendKeys(Unknown Source)
	at org.openqa.selenium.support.events.EventFiringWebDriver$EventFiringWebElement.sendKeys(EventFiringWebDriver.java:429)
	at com.kms.katalon.core.webui.keyword.builtin.SetTextKeyword$_setText_closure1.doCall(SetTextKeyword.groovy:71)
	at com.kms.katalon.core.webui.keyword.builtin.SetTextKeyword$_setText_closure1.call(SetTextKeyword.groovy)
	at com.kms.katalon.core.webui.keyword.internal.WebUIKeywordMain.runKeyword(WebUIKeywordMain.groovy:35)
	... 20 more]]></system-err>
      </testcase>
      <system-out><![CDATA[28-10-2024T10:10:44 - [TEST_SUITE][FAILED] - Calendar: Test Cases/Specific Cases/LS/General/Calendar/Events_Creation/Future Events Creation/Future_Calendar_Appointment FAILED.
Reason:
com.kms.katalon.core.exception.StepFailedException: Unable to set text 'B Auto' of object 'Object Repository/Specific Cases Repository/LS/Home/Calendar/Calendar_Events/Calendar_Events_Creation/Appointment/Page_Calendar/Patien Name'
	at com.kms.katalon.core.webui.keyword.internal.WebUIKeywordMain.stepFailed(WebUIKeywordMain.groovy:117)
	at com.kms.katalon.core.webui.keyword.internal.WebUIKeywordMain.runKeyword(WebUIKeywordMain.groovy:43)
	at com.kms.katalon.core.webui.keyword.builtin.SetTextKeyword.setText(SetTextKeyword.groovy:85)
	at com.kms.katalon.core.webui.keyword.builtin.SetTextKeyword.execute(SetTextKeyword.groovy:39)
	at com.kms.katalon.core.keyword.internal.KeywordExecutor.executeKeywordForPlatform(KeywordExecutor.groovy:74)
	at com.kms.katalon.core.webui.keyword.WebUiBuiltInKeywords.setText(WebUiBuiltInKeywords.groovy:1019)
	at Future_Calendar_Appointment.run(Future_Calendar_Appointment:32)
	at com.kms.katalon.core.main.ScriptEngine.run(ScriptEngine.java:194)
	at com.kms.katalon.core.main.ScriptEngine.runScriptAsRawText(ScriptEngine.java:119)
	at com.kms.katalon.core.main.TestCaseExecutor.runScript(TestCaseExecutor.java:448)
	at com.kms.katalon.core.main.TestCaseExecutor.doExecute(TestCaseExecutor.java:439)
	at com.kms.katalon.core.main.TestCaseExecutor.processExecutionPhase(TestCaseExecutor.java:418)
	at com.kms.katalon.core.main.TestCaseExecutor.accessMainPhase(TestCaseExecutor.java:410)
	at com.kms.katalon.core.main.TestCaseExecutor.execute(TestCaseExecutor.java:285)
	at com.kms.katalon.core.common.CommonExecutor.accessTestCaseMainPhase(CommonExecutor.java:65)
	at com.kms.katalon.core.main.TestSuiteExecutor.accessTestSuiteMainPhase(TestSuiteExecutor.java:150)
	at com.kms.katalon.core.main.TestSuiteExecutor.execute(TestSuiteExecutor.java:106)
	at com.kms.katalon.core.main.TestCaseMain.startTestSuite(TestCaseMain.java:180)
	at TempTestSuite1730128240063.run(TempTestSuite1730128240063.groovy:35)
	at java.base/jdk.internal.reflect.NativeMethodAccessorImpl.invoke0(Native Method)
	at java.base/jdk.internal.reflect.NativeMethodAccessorImpl.invoke(NativeMethodAccessorImpl.java:77)
	at java.base/jdk.internal.reflect.DelegatingMethodAccessorImpl.invoke(DelegatingMethodAccessorImpl.java:43)
Caused by: org.openqa.selenium.ElementNotInteractableException: element not interactable
  (Session info: chrome=130.0.6723.70)
Build info: version: '3.141.59', revision: 'unknown', time: 'unknown'
System info: host: 'ENRIQUE', ip: '192.168.100.147', os.name: 'Windows 11', os.arch: 'amd64', os.version: '10.0', java.version: '17.0.7'
Driver info: com.kms.katalon.selenium.driver.CChromeDriver
Capabilities {acceptInsecureCerts: false, browserName: chrome, browserVersion: 130.0.6723.70, chrome: {chromedriverVersion: 130.0.6723.69 (3ec172b971b9..., userDataDir: C:\Users\Enrique\AppData\Lo...}, fedcm:accounts: true, goog:chromeOptions: {debuggerAddress: localhost:61269}, javascriptEnabled: true, networkConnectionEnabled: false, pageLoadStrategy: normal, platform: WINDOWS, platformName: WINDOWS, proxy: Proxy(), setWindowRect: true, strictFileInteractability: false, timeouts: {implicit: 0, pageLoad: 300000, script: 30000}, unhandledPromptBehavior: dismiss and notify, webauthn:extension:credBlob: true, webauthn:extension:largeBlob: true, webauthn:extension:minPinLength: true, webauthn:extension:prf: true, webauthn:virtualAuthenticators: true}
Session ID: 5bfa124788c52011b596edf38da50966
	at java.base/jdk.internal.reflect.NativeConstructorAccessorImpl.newInstance0(Native Method)
	at java.base/jdk.internal.reflect.NativeConstructorAccessorImpl.newInstance(NativeConstructorAccessorImpl.java:77)
	at java.base/jdk.internal.reflect.DelegatingConstructorAccessorImpl.newInstance(DelegatingConstructorAccessorImpl.java:45)
	at org.openqa.selenium.remote.http.W3CHttpResponseCodec.createException(W3CHttpResponseCodec.java:187)
	at org.openqa.selenium.remote.http.W3CHttpResponseCodec.decode(W3CHttpResponseCodec.java:122)
	at org.openqa.selenium.remote.http.W3CHttpResponseCodec.decode(W3CHttpResponseCodec.java:49)
	at org.openqa.selenium.remote.HttpCommandExecutor.execute(HttpCommandExecutor.java:158)
	at org.openqa.selenium.remote.service.DriverCommandExecutor.execute(DriverCommandExecutor.java:83)
	at org.openqa.selenium.remote.RemoteWebDriver.execute(RemoteWebDriver.java:552)
	at com.kms.katalon.selenium.driver.CChromeDriver.execute(CChromeDriver.java:19)
	at org.openqa.selenium.remote.RemoteWebElement.execute(RemoteWebElement.java:285)
	at org.openqa.selenium.remote.RemoteWebElement.sendKeys(RemoteWebElement.java:106)
	at java.base/jdk.internal.reflect.NativeMethodAccessorImpl.invoke0(Native Method)
	at java.base/jdk.internal.reflect.NativeMethodAccessorImpl.invoke(NativeMethodAccessorImpl.java:77)
	at java.base/jdk.internal.reflect.DelegatingMethodAccessorImpl.invoke(DelegatingMethodAccessorImpl.java:43)
	at org.openqa.selenium.support.events.EventFiringWebDriver$EventFiringWebElement.lambda$new$0(EventFiringWebDriver.java:404)
	at jdk.proxy2/jdk.proxy2.$Proxy21.sendKeys(Unknown Source)
	at org.openqa.selenium.support.events.EventFiringWebDriver$EventFiringWebElement.sendKeys(EventFiringWebDriver.java:429)
	at com.kms.katalon.core.webui.keyword.builtin.SetTextKeyword$_setText_closure1.doCall(SetTextKeyword.groovy:71)
	at com.kms.katalon.core.webui.keyword.builtin.SetTextKeyword$_setText_closure1.call(SetTextKeyword.groovy)
	at com.kms.katalon.core.webui.keyword.internal.WebUIKeywordMain.runKeyword(WebUIKeywordMain.groovy:35)
	... 20 more]]></system-out>
      <system-err><![CDATA[28-10-2024T10:10:44 - [TEST_SUITE][FAILED] - Calendar: Test Cases/Specific Cases/LS/General/Calendar/Events_Creation/Future Events Creation/Future_Calendar_Appointment FAILED.
Reason:
com.kms.katalon.core.exception.StepFailedException: Unable to set text 'B Auto' of object 'Object Repository/Specific Cases Repository/LS/Home/Calendar/Calendar_Events/Calendar_Events_Creation/Appointment/Page_Calendar/Patien Name'
	at com.kms.katalon.core.webui.keyword.internal.WebUIKeywordMain.stepFailed(WebUIKeywordMain.groovy:117)
	at com.kms.katalon.core.webui.keyword.internal.WebUIKeywordMain.runKeyword(WebUIKeywordMain.groovy:43)
	at com.kms.katalon.core.webui.keyword.builtin.SetTextKeyword.setText(SetTextKeyword.groovy:85)
	at com.kms.katalon.core.webui.keyword.builtin.SetTextKeyword.execute(SetTextKeyword.groovy:39)
	at com.kms.katalon.core.keyword.internal.KeywordExecutor.executeKeywordForPlatform(KeywordExecutor.groovy:74)
	at com.kms.katalon.core.webui.keyword.WebUiBuiltInKeywords.setText(WebUiBuiltInKeywords.groovy:1019)
	at Future_Calendar_Appointment.run(Future_Calendar_Appointment:32)
	at com.kms.katalon.core.main.ScriptEngine.run(ScriptEngine.java:194)
	at com.kms.katalon.core.main.ScriptEngine.runScriptAsRawText(ScriptEngine.java:119)
	at com.kms.katalon.core.main.TestCaseExecutor.runScript(TestCaseExecutor.java:448)
	at com.kms.katalon.core.main.TestCaseExecutor.doExecute(TestCaseExecutor.java:439)
	at com.kms.katalon.core.main.TestCaseExecutor.processExecutionPhase(TestCaseExecutor.java:418)
	at com.kms.katalon.core.main.TestCaseExecutor.accessMainPhase(TestCaseExecutor.java:410)
	at com.kms.katalon.core.main.TestCaseExecutor.execute(TestCaseExecutor.java:285)
	at com.kms.katalon.core.common.CommonExecutor.accessTestCaseMainPhase(CommonExecutor.java:65)
	at com.kms.katalon.core.main.TestSuiteExecutor.accessTestSuiteMainPhase(TestSuiteExecutor.java:150)
	at com.kms.katalon.core.main.TestSuiteExecutor.execute(TestSuiteExecutor.java:106)
	at com.kms.katalon.core.main.TestCaseMain.startTestSuite(TestCaseMain.java:180)
	at TempTestSuite1730128240063.run(TempTestSuite1730128240063.groovy:35)
	at java.base/jdk.internal.reflect.NativeMethodAccessorImpl.invoke0(Native Method)
	at java.base/jdk.internal.reflect.NativeMethodAccessorImpl.invoke(NativeMethodAccessorImpl.java:77)
	at java.base/jdk.internal.reflect.DelegatingMethodAccessorImpl.invoke(DelegatingMethodAccessorImpl.java:43)
Caused by: org.openqa.selenium.ElementNotInteractableException: element not interactable
  (Session info: chrome=130.0.6723.70)
Build info: version: '3.141.59', revision: 'unknown', time: 'unknown'
System info: host: 'ENRIQUE', ip: '192.168.100.147', os.name: 'Windows 11', os.arch: 'amd64', os.version: '10.0', java.version: '17.0.7'
Driver info: com.kms.katalon.selenium.driver.CChromeDriver
Capabilities {acceptInsecureCerts: false, browserName: chrome, browserVersion: 130.0.6723.70, chrome: {chromedriverVersion: 130.0.6723.69 (3ec172b971b9..., userDataDir: C:\Users\Enrique\AppData\Lo...}, fedcm:accounts: true, goog:chromeOptions: {debuggerAddress: localhost:61269}, javascriptEnabled: true, networkConnectionEnabled: false, pageLoadStrategy: normal, platform: WINDOWS, platformName: WINDOWS, proxy: Proxy(), setWindowRect: true, strictFileInteractability: false, timeouts: {implicit: 0, pageLoad: 300000, script: 30000}, unhandledPromptBehavior: dismiss and notify, webauthn:extension:credBlob: true, webauthn:extension:largeBlob: true, webauthn:extension:minPinLength: true, webauthn:extension:prf: true, webauthn:virtualAuthenticators: true}
Session ID: 5bfa124788c52011b596edf38da50966
	at java.base/jdk.internal.reflect.NativeConstructorAccessorImpl.newInstance0(Native Method)
	at java.base/jdk.internal.reflect.NativeConstructorAccessorImpl.newInstance(NativeConstructorAccessorImpl.java:77)
	at java.base/jdk.internal.reflect.DelegatingConstructorAccessorImpl.newInstance(DelegatingConstructorAccessorImpl.java:45)
	at org.openqa.selenium.remote.http.W3CHttpResponseCodec.createException(W3CHttpResponseCodec.java:187)
	at org.openqa.selenium.remote.http.W3CHttpResponseCodec.decode(W3CHttpResponseCodec.java:122)
	at org.openqa.selenium.remote.http.W3CHttpResponseCodec.decode(W3CHttpResponseCodec.java:49)
	at org.openqa.selenium.remote.HttpCommandExecutor.execute(HttpCommandExecutor.java:158)
	at org.openqa.selenium.remote.service.DriverCommandExecutor.execute(DriverCommandExecutor.java:83)
	at org.openqa.selenium.remote.RemoteWebDriver.execute(RemoteWebDriver.java:552)
	at com.kms.katalon.selenium.driver.CChromeDriver.execute(CChromeDriver.java:19)
	at org.openqa.selenium.remote.RemoteWebElement.execute(RemoteWebElement.java:285)
	at org.openqa.selenium.remote.RemoteWebElement.sendKeys(RemoteWebElement.java:106)
	at java.base/jdk.internal.reflect.NativeMethodAccessorImpl.invoke0(Native Method)
	at java.base/jdk.internal.reflect.NativeMethodAccessorImpl.invoke(NativeMethodAccessorImpl.java:77)
	at java.base/jdk.internal.reflect.DelegatingMethodAccessorImpl.invoke(DelegatingMethodAccessorImpl.java:43)
	at org.openqa.selenium.support.events.EventFiringWebDriver$EventFiringWebElement.lambda$new$0(EventFiringWebDriver.java:404)
	at jdk.proxy2/jdk.proxy2.$Proxy21.sendKeys(Unknown Source)
	at org.openqa.selenium.support.events.EventFiringWebDriver$EventFiringWebElement.sendKeys(EventFiringWebDriver.java:429)
	at com.kms.katalon.core.webui.keyword.builtin.SetTextKeyword$_setText_closure1.doCall(SetTextKeyword.groovy:71)
	at com.kms.katalon.core.webui.keyword.builtin.SetTextKeyword$_setText_closure1.call(SetTextKeyword.groovy)
	at com.kms.katalon.core.webui.keyword.internal.WebUIKeywordMain.runKeyword(WebUIKeywordMain.groovy:35)
	... 20 more]]></system-err>
   </testsuite>
</testsuites>
