<?xml version="1.0" encoding="UTF-8"?>
<testsuites name="LS - Regression Run" time="2134.333" tests="47" failures="11" errors="0">
   <testsuite name="Calendar" tests="15" failures="0" errors="0" time="577.862" skipped="0" timestamp="09-01-2025T16:21:30" hostname="Enrique - Enrique" id="Test Suites/LS/Home/General/Calendar">
      <properties>
         <property name="deviceName" value=""/>
         <property name="devicePlatform"/>
         <property name="logFolder" value="C:\\Users\\Enrique\\git\\AUTOMATION_LS\\Reports\\20250109_162114\\LS\\Home\\General\\Calendar\\20250109_162115"/>
         <property name="logFiles" value="C:\\Users\\Enrique\\git\\AUTOMATION_LS\\Reports\\20250109_162114\\LS\\Home\\General\\Calendar\\20250109_162115\\execution0.log"/>
         <property name="attachments" value=""/>
         <property name="hostName" value="Enrique - Enrique"/>
         <property name="os" value="Windows 11 64bit"/>
         <property name="katalonVersion" value="9.7.3.223"/>
         <property name="browser" value="Chrome 131.0.0.0"/>
         <property name="hostAddress" value="192.168.100.147"/>
         <property name="sessionId" value="1a08c06938a6b8ce7c1ffe8fcd111a2e"/>
         <property name="seleniumVersion" value="3.141.59"/>
         <property name="proxyInformation" value="ProxyInformation { proxyOption=NO_PROXY, proxyServerType=HTTP, username=, password=********, proxyServerAddress=, proxyServerPort=0, executionList=&quot;&quot;, isApplyToDesiredCapabilities=true }"/>
         <property name="platform" value="Windows 11"/>
      </properties>
      <testcase name="Test Cases/Specific Cases/LS/General/Calendar/Events_Creation/Future Events Creation/Future_Calendar_Appointment" time="72.78" classname="Test Cases/Specific Cases/LS/General/Calendar/Events_Creation/Future Events Creation/Future_Calendar_Appointment" status="PASSED">
         <system-out><![CDATA[09-01-2025T16:21:30 - [TEST_CASE][PASSED] - Test Cases/Specific Cases/LS/General/Calendar/Events_Creation/Future Events Creation/Future_Calendar_Appointment: Test Cases/Specific Cases/LS/General/Calendar/Events_Creation/Future Events Creation/Future_Calendar_Appointment

09-01-2025T16:21:31 - [TEST_STEP][PASSED] - callTestCase(findTestCase("Common Cases/Login"), [:], STOP_ON_FAILURE): Call Test Case 'Test Cases/Common Cases/Login' successfully

09-01-2025T16:21:31 - [TEST_CASE][PASSED] - Test Cases/Common Cases/Login: Test Cases/Common Cases/Login

09-01-2025T16:21:31 - [TEST_STEP][PASSED] - openBrowser(""): Browser is opened with url: ''

09-01-2025T16:21:31 - [MESSAGE][INFO] - Starting 'Chrome' driver

09-01-2025T16:21:31 - [MESSAGE][INFO] - Action delay is set to 0 milliseconds

09-01-2025T16:21:33 - [MESSAGE][PASSED] - Browser is opened with url: ''

09-01-2025T16:21:33 - [TEST_STEP][PASSED] - maximizeWindow(): Current window maximized

09-01-2025T16:21:33 - [MESSAGE][PASSED] - Current window maximized

09-01-2025T16:21:33 - [TEST_STEP][PASSED] - navigateToUrl("https://site17.lsapp.cloud/auth/login"): Navigate to 'https://site17.lsapp.cloud/auth/login' successfully

09-01-2025T16:21:37 - [MESSAGE][PASSED] - Navigate to 'https://site17.lsapp.cloud/auth/login' successfully

09-01-2025T16:21:37 - [TEST_STEP][PASSED] - setText(findTestObject("Object Repository/Common Cases Repository/Login/Page_Lightning Step/input_Email_email"), "automation@lightningstep.com"): Text 'automation@lightningstep.com' is set on object 'Object Repository/Common Cases Repository/Login/Page_Lightning Step/input_Email_email'

09-01-2025T16:21:41 - [MESSAGE][PASSED] - Text 'automation@lightningstep.com' is set on object 'Object Repository/Common Cases Repository/Login/Page_Lightning Step/input_Email_email'

09-01-2025T16:21:41 - [TEST_STEP][PASSED] - setEncryptedText(findTestObject("Object Repository/Common Cases Repository/Login/Page_Lightning Step/input_Password_password"), "e5N8VHmnhJDITtQaQhDQDw=="): Text ****** has been set on object 'Object Repository/Common Cases Repository/Login/Page_Lightning Step/input_Password_password'

09-01-2025T16:21:42 - [MESSAGE][PASSED] - Text ****** has been set on object 'Object Repository/Common Cases Repository/Login/Page_Lightning Step/input_Password_password'

09-01-2025T16:21:42 - [TEST_STEP][PASSED] - click(findTestObject("Object Repository/Common Cases Repository/Login/Page_Lightning Step/button_Sign in")): Object: 'Object Repository/Common Cases Repository/Login/Page_Lightning Step/button_Sign in' is clicked on

09-01-2025T16:21:58 - [MESSAGE][PASSED] - Object: 'Object Repository/Common Cases Repository/Login/Page_Lightning Step/button_Sign in' is clicked on

09-01-2025T16:21:58 - [MESSAGE][PASSED] - Call Test Case 'Test Cases/Common Cases/Login' successfully

09-01-2025T16:21:58 - [TEST_STEP][PASSED] - click(findTestObject("Object Repository/Specific Cases Repository/LS/Home/Calendar/Calendar_Events/Calendar_Events_Creation/Page_Home/a_Calendar")): Object: 'Object Repository/Specific Cases Repository/LS/Home/Calendar/Calendar_Events/Calendar_Events_Creation/Page_Home/a_Calendar' is clicked on

09-01-2025T16:22:04 - [MESSAGE][PASSED] - Object: 'Object Repository/Specific Cases Repository/LS/Home/Calendar/Calendar_Events/Calendar_Events_Creation/Page_Home/a_Calendar' is clicked on

09-01-2025T16:22:04 - [TEST_STEP][PASSED] - click(findTestObject("Object Repository/Specific Cases Repository/LS/Home/Calendar/Calendar_Events/Calendar_Events_Creation/Appointment/Page_Calendar/div_Week")): Object: 'Object Repository/Specific Cases Repository/LS/Home/Calendar/Calendar_Events/Calendar_Events_Creation/Appointment/Page_Calendar/div_Week' is clicked on

09-01-2025T16:22:07 - [MESSAGE][PASSED] - Object: 'Object Repository/Specific Cases Repository/LS/Home/Calendar/Calendar_Events/Calendar_Events_Creation/Appointment/Page_Calendar/div_Week' is clicked on

09-01-2025T16:22:07 - [TEST_STEP][PASSED] - click(findTestObject("Object Repository/Specific Cases Repository/LS/Home/Calendar/Calendar_Events/Calendar_Events_Creation/Appointment/Page_Calendar/button_Create new")): Object: 'Object Repository/Specific Cases Repository/LS/Home/Calendar/Calendar_Events/Calendar_Events_Creation/Appointment/Page_Calendar/button_Create new' is clicked on

09-01-2025T16:22:08 - [MESSAGE][PASSED] - Object: 'Object Repository/Specific Cases Repository/LS/Home/Calendar/Calendar_Events/Calendar_Events_Creation/Appointment/Page_Calendar/button_Create new' is clicked on

09-01-2025T16:22:08 - [TEST_STEP][PASSED] - click(findTestObject("Object Repository/Specific Cases Repository/LS/Home/Calendar/Calendar_Events/Calendar_Events_Creation/Appointment/Page_Calendar/label_Appointment")): Object: 'Object Repository/Specific Cases Repository/LS/Home/Calendar/Calendar_Events/Calendar_Events_Creation/Appointment/Page_Calendar/label_Appointment' is clicked on

09-01-2025T16:22:10 - [MESSAGE][PASSED] - Object: 'Object Repository/Specific Cases Repository/LS/Home/Calendar/Calendar_Events/Calendar_Events_Creation/Appointment/Page_Calendar/label_Appointment' is clicked on

09-01-2025T16:22:10 - [TEST_STEP][PASSED] - click(findTestObject("Specific Cases Repository/LS/Home/Calendar/Calendar_Events/Calendar_Events_Creation/Appointment/Page_Calendar/span_Select Client")): Object: 'Object Repository/Specific Cases Repository/LS/Home/Calendar/Calendar_Events/Calendar_Events_Creation/Appointment/Page_Calendar/span_Select Client' is clicked on

09-01-2025T16:22:11 - [MESSAGE][PASSED] - Object: 'Object Repository/Specific Cases Repository/LS/Home/Calendar/Calendar_Events/Calendar_Events_Creation/Appointment/Page_Calendar/span_Select Client' is clicked on

09-01-2025T16:22:11 - [TEST_STEP][PASSED] - click(findTestObject("Object Repository/Specific Cases Repository/LS/Home/Calendar/Calendar_Events/Calendar_Events_Creation/Page_Calendar/a_Cancel")): Object: 'Object Repository/Specific Cases Repository/LS/Home/Calendar/Calendar_Events/Calendar_Events_Creation/Page_Calendar/a_Cancel' is clicked on

09-01-2025T16:22:13 - [MESSAGE][PASSED] - Object: 'Object Repository/Specific Cases Repository/LS/Home/Calendar/Calendar_Events/Calendar_Events_Creation/Page_Calendar/a_Cancel' is clicked on

09-01-2025T16:22:13 - [TEST_STEP][PASSED] - click(findTestObject("Object Repository/Specific Cases Repository/LS/Home/Calendar/Calendar_Events/Calendar_Events_Creation/Appointment/Page_Calendar/button_Create new")): Object: 'Object Repository/Specific Cases Repository/LS/Home/Calendar/Calendar_Events/Calendar_Events_Creation/Appointment/Page_Calendar/button_Create new' is clicked on

09-01-2025T16:22:15 - [MESSAGE][PASSED] - Object: 'Object Repository/Specific Cases Repository/LS/Home/Calendar/Calendar_Events/Calendar_Events_Creation/Appointment/Page_Calendar/button_Create new' is clicked on

09-01-2025T16:22:15 - [TEST_STEP][PASSED] - click(findTestObject("Object Repository/Specific Cases Repository/LS/Home/Calendar/Calendar_Events/Calendar_Events_Creation/Appointment/Page_Calendar/label_Appointment")): Object: 'Object Repository/Specific Cases Repository/LS/Home/Calendar/Calendar_Events/Calendar_Events_Creation/Appointment/Page_Calendar/label_Appointment' is clicked on

09-01-2025T16:22:17 - [MESSAGE][PASSED] - Object: 'Object Repository/Specific Cases Repository/LS/Home/Calendar/Calendar_Events/Calendar_Events_Creation/Appointment/Page_Calendar/label_Appointment' is clicked on

09-01-2025T16:22:17 - [TEST_STEP][PASSED] - click(findTestObject("Object Repository/Specific Cases Repository/LS/Home/Calendar/Calendar_Events/Calendar_Events_Creation/Appointment/Page_Calendar/label_Appointment")): Object: 'Object Repository/Specific Cases Repository/LS/Home/Calendar/Calendar_Events/Calendar_Events_Creation/Appointment/Page_Calendar/label_Appointment' is clicked on

09-01-2025T16:22:18 - [MESSAGE][PASSED] - Object: 'Object Repository/Specific Cases Repository/LS/Home/Calendar/Calendar_Events/Calendar_Events_Creation/Appointment/Page_Calendar/label_Appointment' is clicked on

09-01-2025T16:22:18 - [TEST_STEP][PASSED] - click(findTestObject("Specific Cases Repository/LS/Home/Calendar/Calendar_Events/Calendar_Events_Creation/Appointment/Page_Calendar/span_Select Client")): Object: 'Object Repository/Specific Cases Repository/LS/Home/Calendar/Calendar_Events/Calendar_Events_Creation/Appointment/Page_Calendar/span_Select Client' is clicked on

09-01-2025T16:22:20 - [MESSAGE][PASSED] - Object: 'Object Repository/Specific Cases Repository/LS/Home/Calendar/Calendar_Events/Calendar_Events_Creation/Appointment/Page_Calendar/span_Select Client' is clicked on

09-01-2025T16:22:20 - [TEST_STEP][PASSED] - setText(findTestObject("Specific Cases Repository/LS/Home/Calendar/Calendar_Events/Calendar_Events_Creation/Appointment/Page_Calendar/Patien Name"), "B"): Text 'B' is set on object 'Object Repository/Specific Cases Repository/LS/Home/Calendar/Calendar_Events/Calendar_Events_Creation/Appointment/Page_Calendar/Patien Name'

09-01-2025T16:22:21 - [MESSAGE][PASSED] - Text 'B' is set on object 'Object Repository/Specific Cases Repository/LS/Home/Calendar/Calendar_Events/Calendar_Events_Creation/Appointment/Page_Calendar/Patien Name'

09-01-2025T16:22:21 - [TEST_STEP][PASSED] - sendKeys(findTestObject("Specific Cases Repository/LS/Home/Calendar/Calendar_Events/Calendar_Events_Creation/Appointment/Page_Calendar/Patien Name"), Keys.chord(ENTER)): Keys 'ENTER + ' sent to object: 'Object Repository/Specific Cases Repository/LS/Home/Calendar/Calendar_Events/Calendar_Events_Creation/Appointment/Page_Calendar/Patien Name'

09-01-2025T16:22:21 - [MESSAGE][PASSED] - Keys 'ENTER + ' sent to object: 'Object Repository/Specific Cases Repository/LS/Home/Calendar/Calendar_Events/Calendar_Events_Creation/Appointment/Page_Calendar/Patien Name'

09-01-2025T16:22:21 - [TEST_STEP][PASSED] - click(findTestObject("Object Repository/Specific Cases Repository/LS/Home/Calendar/Calendar_Events/Calendar_Events_Creation/Appointment/Page_Calendar/span_Select Service")): Object: 'Object Repository/Specific Cases Repository/LS/Home/Calendar/Calendar_Events/Calendar_Events_Creation/Appointment/Page_Calendar/span_Select Service' is clicked on

09-01-2025T16:22:24 - [MESSAGE][PASSED] - Object: 'Object Repository/Specific Cases Repository/LS/Home/Calendar/Calendar_Events/Calendar_Events_Creation/Appointment/Page_Calendar/span_Select Service' is clicked on

09-01-2025T16:22:24 - [TEST_STEP][PASSED] - setText(findTestObject("Object Repository/Specific Cases Repository/LS/Home/Calendar/Calendar_Events/Calendar_Events_Creation/Appointment/Page_Calendar/Patien Name"), "5 "): Text '5 ' is set on object 'Object Repository/Specific Cases Repository/LS/Home/Calendar/Calendar_Events/Calendar_Events_Creation/Appointment/Page_Calendar/Patien Name'

09-01-2025T16:22:25 - [MESSAGE][PASSED] - Text '5 ' is set on object 'Object Repository/Specific Cases Repository/LS/Home/Calendar/Calendar_Events/Calendar_Events_Creation/Appointment/Page_Calendar/Patien Name'

09-01-2025T16:22:25 - [TEST_STEP][PASSED] - sendKeys(findTestObject("Object Repository/Specific Cases Repository/LS/Home/Calendar/Calendar_Events/Calendar_Events_Creation/Appointment/Page_Calendar/Patien Name"), Keys.chord(ENTER)): Keys 'ENTER + ' sent to object: 'Object Repository/Specific Cases Repository/LS/Home/Calendar/Calendar_Events/Calendar_Events_Creation/Appointment/Page_Calendar/Patien Name'

09-01-2025T16:22:25 - [MESSAGE][PASSED] - Keys 'ENTER + ' sent to object: 'Object Repository/Specific Cases Repository/LS/Home/Calendar/Calendar_Events/Calendar_Events_Creation/Appointment/Page_Calendar/Patien Name'

09-01-2025T16:22:25 - [TEST_STEP][PASSED] - sendKeys(findTestObject("Object Repository/Specific Cases Repository/LS/Calendar/Calendar_Events/Calendar_Events_Creation/Appointment/Page_Calendar/input_Reminder_select2-search__field"), Keys.chord(ENTER)): Keys 'ENTER + ' sent to object: 'tempBody'

09-01-2025T16:22:25 - [MESSAGE][WARNING] - Test object with id 'Object Repository/Specific Cases Repository/LS/Calendar/Calendar_Events/Calendar_Events_Creation/Appointment/Page_Calendar/input_Reminder_select2-search__field' does not exist

09-01-2025T16:22:25 - [MESSAGE][WARNING] - Test object with id 'Object Repository/' does not exist

09-01-2025T16:22:27 - [MESSAGE][PASSED] - Keys 'ENTER + ' sent to object: 'tempBody'

09-01-2025T16:22:27 - [TEST_STEP][PASSED] - click(findTestObject("Object Repository/Specific Cases Repository/LS/Home/Calendar/Calendar_Events/Calendar_Events_Creation/Appointment/Page_Calendar/input_Title_title_")): Object: 'Object Repository/Specific Cases Repository/LS/Home/Calendar/Calendar_Events/Calendar_Events_Creation/Appointment/Page_Calendar/input_Title_title_' is clicked on

09-01-2025T16:22:28 - [MESSAGE][PASSED] - Object: 'Object Repository/Specific Cases Repository/LS/Home/Calendar/Calendar_Events/Calendar_Events_Creation/Appointment/Page_Calendar/input_Title_title_' is clicked on

09-01-2025T16:22:28 - [TEST_STEP][PASSED] - setText(findTestObject("Object Repository/Specific Cases Repository/LS/Home/Calendar/Calendar_Events/Calendar_Events_Creation/Appointment/Page_Calendar/input_Title_title_"), "Future Automation Test with B Automation, B Client MR# 24-11007: 5 Panel Drug Screen"): Text 'Future Automation Test with B Automation, B Client MR# 24-11007: 5 Panel Drug Screen' is set on object 'Object Repository/Specific Cases Repository/LS/Home/Calendar/Calendar_Events/Calendar_Events_Creation/Appointment/Page_Calendar/input_Title_title_'

09-01-2025T16:22:29 - [MESSAGE][PASSED] - Text 'Future Automation Test with B Automation, B Client MR# 24-11007: 5 Panel Drug Screen' is set on object 'Object Repository/Specific Cases Repository/LS/Home/Calendar/Calendar_Events/Calendar_Events_Creation/Appointment/Page_Calendar/input_Title_title_'

09-01-2025T16:22:29 - [TEST_STEP][PASSED] - click(findTestObject("Object Repository/Specific Cases Repository/LS/Home/Calendar/Calendar_Events/Calendar_Events_Creation/Appointment/Page_Calendar/Date")): Object: 'Object Repository/Specific Cases Repository/LS/Home/Calendar/Calendar_Events/Calendar_Events_Creation/Appointment/Page_Calendar/Date' is clicked on

09-01-2025T16:22:30 - [MESSAGE][PASSED] - Object: 'Object Repository/Specific Cases Repository/LS/Home/Calendar/Calendar_Events/Calendar_Events_Creation/Appointment/Page_Calendar/Date' is clicked on

09-01-2025T16:22:30 - [TEST_STEP][PASSED] - setText(findTestObject("Object Repository/Specific Cases Repository/LS/Home/Calendar/Calendar_Events/Calendar_Events_Creation/Appointment/Page_Calendar/Date"), Next_Week_Date): Text '01/16/2025' is set on object 'Object Repository/Specific Cases Repository/LS/Home/Calendar/Calendar_Events/Calendar_Events_Creation/Appointment/Page_Calendar/Date'

09-01-2025T16:22:31 - [MESSAGE][PASSED] - Text '01/16/2025' is set on object 'Object Repository/Specific Cases Repository/LS/Home/Calendar/Calendar_Events/Calendar_Events_Creation/Appointment/Page_Calendar/Date'

09-01-2025T16:22:31 - [TEST_STEP][PASSED] - click(findTestObject("Object Repository/Specific Cases Repository/LS/Home/Calendar/Calendar_Events/Calendar_Events_Creation/Appointment/Page_Calendar/Start Time Clock")): Object: 'Object Repository/Specific Cases Repository/LS/Home/Calendar/Calendar_Events/Calendar_Events_Creation/Appointment/Page_Calendar/Start Time Clock' is clicked on

09-01-2025T16:22:33 - [MESSAGE][PASSED] - Object: 'Object Repository/Specific Cases Repository/LS/Home/Calendar/Calendar_Events/Calendar_Events_Creation/Appointment/Page_Calendar/Start Time Clock' is clicked on

09-01-2025T16:22:33 - [TEST_STEP][PASSED] - setText(findTestObject("Object Repository/Specific Cases Repository/LS/Home/Calendar/Calendar_Events/Calendar_Events_Creation/Appointment/Page_Calendar/Start Time Clock"), "1500"): Text '1500' is set on object 'Object Repository/Specific Cases Repository/LS/Home/Calendar/Calendar_Events/Calendar_Events_Creation/Appointment/Page_Calendar/Start Time Clock'

09-01-2025T16:22:34 - [MESSAGE][PASSED] - Text '1500' is set on object 'Object Repository/Specific Cases Repository/LS/Home/Calendar/Calendar_Events/Calendar_Events_Creation/Appointment/Page_Calendar/Start Time Clock'

09-01-2025T16:22:34 - [TEST_STEP][PASSED] - click(findTestObject("Object Repository/Specific Cases Repository/LS/Home/Calendar/Calendar_Events/Calendar_Events_Creation/Appointment/Page_Calendar/End Time Clock")): Object: 'Object Repository/Specific Cases Repository/LS/Home/Calendar/Calendar_Events/Calendar_Events_Creation/Appointment/Page_Calendar/End Time Clock' is clicked on

09-01-2025T16:22:35 - [MESSAGE][PASSED] - Object: 'Object Repository/Specific Cases Repository/LS/Home/Calendar/Calendar_Events/Calendar_Events_Creation/Appointment/Page_Calendar/End Time Clock' is clicked on

09-01-2025T16:22:35 - [TEST_STEP][PASSED] - setText(findTestObject("Object Repository/Specific Cases Repository/LS/Home/Calendar/Calendar_Events/Calendar_Events_Creation/Appointment/Page_Calendar/End Time Clock"), "1600"): Text '1600' is set on object 'Object Repository/Specific Cases Repository/LS/Home/Calendar/Calendar_Events/Calendar_Events_Creation/Appointment/Page_Calendar/End Time Clock'

09-01-2025T16:22:36 - [MESSAGE][PASSED] - Text '1600' is set on object 'Object Repository/Specific Cases Repository/LS/Home/Calendar/Calendar_Events/Calendar_Events_Creation/Appointment/Page_Calendar/End Time Clock'

09-01-2025T16:22:36 - [TEST_STEP][PASSED] - setText(findTestObject("Object Repository/Specific Cases Repository/LS/Home/Calendar/Calendar_Events/Calendar_Events_Creation/Appointment/Page_Calendar/input_Notes_notes"), "Automation Future Test Note"): Text 'Automation Future Test Note' is set on object 'Object Repository/Specific Cases Repository/LS/Home/Calendar/Calendar_Events/Calendar_Events_Creation/Appointment/Page_Calendar/input_Notes_notes'

09-01-2025T16:22:37 - [MESSAGE][PASSED] - Text 'Automation Future Test Note' is set on object 'Object Repository/Specific Cases Repository/LS/Home/Calendar/Calendar_Events/Calendar_Events_Creation/Appointment/Page_Calendar/input_Notes_notes'

09-01-2025T16:22:37 - [TEST_STEP][PASSED] - scrollToElement(findTestObject("Object Repository/Specific Cases Repository/LS/Home/Calendar/Calendar_Events/Calendar_Events_Creation/Appointment/Page_Calendar/a_Save"), 0): Scroll to object 'Object Repository/Specific Cases Repository/LS/Home/Calendar/Calendar_Events/Calendar_Events_Creation/Appointment/Page_Calendar/a_Save' successfully

09-01-2025T16:22:37 - [MESSAGE][WARNING] - Timeout '0' is invalid. Using default page load timeout: '30'

09-01-2025T16:22:37 - [MESSAGE][PASSED] - Scroll to object 'Object Repository/Specific Cases Repository/LS/Home/Calendar/Calendar_Events/Calendar_Events_Creation/Appointment/Page_Calendar/a_Save' successfully

09-01-2025T16:22:37 - [TEST_STEP][PASSED] - click(findTestObject("Object Repository/Specific Cases Repository/LS/Home/Calendar/Calendar_Events/Calendar_Events_Creation/Appointment/Page_Calendar/a_Save")): Object: 'Object Repository/Specific Cases Repository/LS/Home/Calendar/Calendar_Events/Calendar_Events_Creation/Appointment/Page_Calendar/a_Save' is clicked on

09-01-2025T16:22:38 - [MESSAGE][PASSED] - Object: 'Object Repository/Specific Cases Repository/LS/Home/Calendar/Calendar_Events/Calendar_Events_Creation/Appointment/Page_Calendar/a_Save' is clicked on

09-01-2025T16:22:38 - [TEST_STEP][PASSED] - click(findTestObject("Object Repository/Specific Cases Repository/LS/Home/Calendar/Calendar_Events/Calendar_Events_Creation/Appointment/Page_Calendar/Next Week Arrow")): Object: 'Object Repository/Specific Cases Repository/LS/Home/Calendar/Calendar_Events/Calendar_Events_Creation/Appointment/Page_Calendar/Next Week Arrow' is clicked on

09-01-2025T16:22:40 - [MESSAGE][PASSED] - Object: 'Object Repository/Specific Cases Repository/LS/Home/Calendar/Calendar_Events/Calendar_Events_Creation/Appointment/Page_Calendar/Next Week Arrow' is clicked on

09-01-2025T16:22:40 - [TEST_STEP][PASSED] - scrollToElement(findTestObject("Object Repository/Specific Cases Repository/LS/Home/Calendar/Calendar_Events/Calendar_Events_Creation/Appointment/Page_Calendar/a_Automation Test with A Automation, A Clie_8f5a4c - Future"), 0): Scroll to object 'Object Repository/Specific Cases Repository/LS/Home/Calendar/Calendar_Events/Calendar_Events_Creation/Appointment/Page_Calendar/a_Automation Test with A Automation, A Clie_8f5a4c - Future' successfully

09-01-2025T16:22:40 - [MESSAGE][WARNING] - Timeout '0' is invalid. Using default page load timeout: '30'

09-01-2025T16:22:42 - [MESSAGE][PASSED] - Scroll to object 'Object Repository/Specific Cases Repository/LS/Home/Calendar/Calendar_Events/Calendar_Events_Creation/Appointment/Page_Calendar/a_Automation Test with A Automation, A Clie_8f5a4c - Future' successfully

09-01-2025T16:22:42 - [TEST_STEP][PASSED] - mouseOver(findTestObject("Object Repository/Specific Cases Repository/LS/Home/Calendar/Calendar_Events/Calendar_Events_Creation/Appointment/Page_Calendar/a_Automation Test with A Automation, A Clie_8f5a4c - Future")): Object: 'Object Repository/Specific Cases Repository/LS/Home/Calendar/Calendar_Events/Calendar_Events_Creation/Appointment/Page_Calendar/a_Automation Test with A Automation, A Clie_8f5a4c - Future' is hovered

09-01-2025T16:22:42 - [MESSAGE][PASSED] - Object: 'Object Repository/Specific Cases Repository/LS/Home/Calendar/Calendar_Events/Calendar_Events_Creation/Appointment/Page_Calendar/a_Automation Test with A Automation, A Clie_8f5a4c - Future' is hovered

09-01-2025T16:22:42 - [TEST_STEP][PASSED] - click(findTestObject("Object Repository/Specific Cases Repository/LS/Home/Calendar/Calendar_Events/Calendar_Events_Creation/Appointment/Page_Calendar/a_Automation Test with A Automation, A Clie_8f5a4c - Future")): Object: 'Object Repository/Specific Cases Repository/LS/Home/Calendar/Calendar_Events/Calendar_Events_Creation/Appointment/Page_Calendar/a_Automation Test with A Automation, A Clie_8f5a4c - Future' is clicked on

09-01-2025T16:22:43 - [MESSAGE][PASSED] - Object: 'Object Repository/Specific Cases Repository/LS/Home/Calendar/Calendar_Events/Calendar_Events_Creation/Appointment/Page_Calendar/a_Automation Test with A Automation, A Clie_8f5a4c - Future' is clicked on

09-01-2025T16:22:43 - [TEST_STEP][PASSED] - closeBrowser(): Browser is closed

09-01-2025T16:22:43 - [MESSAGE][PASSED] - Browser is closed]]></system-out>
         <system-err><![CDATA[]]></system-err>
      </testcase>
      <testcase name="Test Cases/Specific Cases/LS/General/Calendar/Events_Creation/Future Events Creation/Future_Calendar_Block" time="35.432" classname="Test Cases/Specific Cases/LS/General/Calendar/Events_Creation/Future Events Creation/Future_Calendar_Block" status="PASSED">
         <system-out><![CDATA[09-01-2025T16:22:43 - [TEST_CASE][PASSED] - Test Cases/Specific Cases/LS/General/Calendar/Events_Creation/Future Events Creation/Future_Calendar_Block: Test Cases/Specific Cases/LS/General/Calendar/Events_Creation/Future Events Creation/Future_Calendar_Block

09-01-2025T16:22:43 - [TEST_STEP][PASSED] - callTestCase(findTestCase("Common Cases/Login"), [:], STOP_ON_FAILURE): Call Test Case 'Test Cases/Common Cases/Login' successfully

09-01-2025T16:22:43 - [TEST_CASE][PASSED] - Test Cases/Common Cases/Login: Test Cases/Common Cases/Login

09-01-2025T16:22:43 - [TEST_STEP][PASSED] - openBrowser(""): Browser is opened with url: ''

09-01-2025T16:22:43 - [MESSAGE][INFO] - Starting 'Chrome' driver

09-01-2025T16:22:43 - [MESSAGE][INFO] - Action delay is set to 0 milliseconds

09-01-2025T16:22:45 - [MESSAGE][PASSED] - Browser is opened with url: ''

09-01-2025T16:22:45 - [TEST_STEP][PASSED] - maximizeWindow(): Current window maximized

09-01-2025T16:22:45 - [MESSAGE][PASSED] - Current window maximized

09-01-2025T16:22:45 - [TEST_STEP][PASSED] - navigateToUrl("https://site17.lsapp.cloud/auth/login"): Navigate to 'https://site17.lsapp.cloud/auth/login' successfully

09-01-2025T16:22:49 - [MESSAGE][PASSED] - Navigate to 'https://site17.lsapp.cloud/auth/login' successfully

09-01-2025T16:22:49 - [TEST_STEP][PASSED] - setText(findTestObject("Object Repository/Common Cases Repository/Login/Page_Lightning Step/input_Email_email"), "automation@lightningstep.com"): Text 'automation@lightningstep.com' is set on object 'Object Repository/Common Cases Repository/Login/Page_Lightning Step/input_Email_email'

09-01-2025T16:22:50 - [MESSAGE][PASSED] - Text 'automation@lightningstep.com' is set on object 'Object Repository/Common Cases Repository/Login/Page_Lightning Step/input_Email_email'

09-01-2025T16:22:50 - [TEST_STEP][PASSED] - setEncryptedText(findTestObject("Object Repository/Common Cases Repository/Login/Page_Lightning Step/input_Password_password"), "e5N8VHmnhJDITtQaQhDQDw=="): Text ****** has been set on object 'Object Repository/Common Cases Repository/Login/Page_Lightning Step/input_Password_password'

09-01-2025T16:22:50 - [MESSAGE][PASSED] - Text ****** has been set on object 'Object Repository/Common Cases Repository/Login/Page_Lightning Step/input_Password_password'

09-01-2025T16:22:50 - [TEST_STEP][PASSED] - click(findTestObject("Object Repository/Common Cases Repository/Login/Page_Lightning Step/button_Sign in")): Object: 'Object Repository/Common Cases Repository/Login/Page_Lightning Step/button_Sign in' is clicked on

09-01-2025T16:22:57 - [MESSAGE][PASSED] - Object: 'Object Repository/Common Cases Repository/Login/Page_Lightning Step/button_Sign in' is clicked on

09-01-2025T16:22:57 - [MESSAGE][PASSED] - Call Test Case 'Test Cases/Common Cases/Login' successfully

09-01-2025T16:22:57 - [TEST_STEP][PASSED] - click(findTestObject("Object Repository/Specific Cases Repository/LS/Home/Calendar/Calendar_Events/Calendar_Events_Creation/Block/Page_Home/a_Calendar")): Object: 'Object Repository/Specific Cases Repository/LS/Home/Calendar/Calendar_Events/Calendar_Events_Creation/Block/Page_Home/a_Calendar' is clicked on

09-01-2025T16:23:03 - [MESSAGE][PASSED] - Object: 'Object Repository/Specific Cases Repository/LS/Home/Calendar/Calendar_Events/Calendar_Events_Creation/Block/Page_Home/a_Calendar' is clicked on

09-01-2025T16:23:03 - [TEST_STEP][PASSED] - click(findTestObject("Object Repository/Specific Cases Repository/LS/Home/Calendar/Calendar_Events/Calendar_Events_Creation/Appointment/Page_Calendar/div_Week")): Object: 'Object Repository/Specific Cases Repository/LS/Home/Calendar/Calendar_Events/Calendar_Events_Creation/Appointment/Page_Calendar/div_Week' is clicked on

09-01-2025T16:23:04 - [MESSAGE][PASSED] - Object: 'Object Repository/Specific Cases Repository/LS/Home/Calendar/Calendar_Events/Calendar_Events_Creation/Appointment/Page_Calendar/div_Week' is clicked on

09-01-2025T16:23:04 - [TEST_STEP][PASSED] - click(findTestObject("Object Repository/Specific Cases Repository/LS/Home/Calendar/Calendar_Events/Calendar_Events_Creation/Block/Page_Calendar/button_Create new")): Object: 'Object Repository/Specific Cases Repository/LS/Home/Calendar/Calendar_Events/Calendar_Events_Creation/Block/Page_Calendar/button_Create new' is clicked on

09-01-2025T16:23:05 - [MESSAGE][PASSED] - Object: 'Object Repository/Specific Cases Repository/LS/Home/Calendar/Calendar_Events/Calendar_Events_Creation/Block/Page_Calendar/button_Create new' is clicked on

09-01-2025T16:23:05 - [TEST_STEP][PASSED] - click(findTestObject("Object Repository/Specific Cases Repository/LS/Home/Calendar/Calendar_Events/Calendar_Events_Creation/Block/Page_Calendar/label_Block")): Object: 'Object Repository/Specific Cases Repository/LS/Home/Calendar/Calendar_Events/Calendar_Events_Creation/Block/Page_Calendar/label_Block' is clicked on

09-01-2025T16:23:06 - [MESSAGE][PASSED] - Object: 'Object Repository/Specific Cases Repository/LS/Home/Calendar/Calendar_Events/Calendar_Events_Creation/Block/Page_Calendar/label_Block' is clicked on

09-01-2025T16:23:06 - [TEST_STEP][PASSED] - setText(findTestObject("Object Repository/Specific Cases Repository/LS/Home/Calendar/Calendar_Events/Calendar_Events_Creation/Block/Page_Calendar/input_Title_title_"), "Future Automation Block"): Text 'Future Automation Block' is set on object 'Object Repository/Specific Cases Repository/LS/Home/Calendar/Calendar_Events/Calendar_Events_Creation/Block/Page_Calendar/input_Title_title_'

09-01-2025T16:23:08 - [MESSAGE][PASSED] - Text 'Future Automation Block' is set on object 'Object Repository/Specific Cases Repository/LS/Home/Calendar/Calendar_Events/Calendar_Events_Creation/Block/Page_Calendar/input_Title_title_'

09-01-2025T16:23:08 - [TEST_STEP][PASSED] - click(findTestObject("Object Repository/Specific Cases Repository/LS/Home/Calendar/Calendar_Events/Calendar_Events_Creation/Appointment/Page_Calendar/Date")): Object: 'Object Repository/Specific Cases Repository/LS/Home/Calendar/Calendar_Events/Calendar_Events_Creation/Appointment/Page_Calendar/Date' is clicked on

09-01-2025T16:23:08 - [MESSAGE][PASSED] - Object: 'Object Repository/Specific Cases Repository/LS/Home/Calendar/Calendar_Events/Calendar_Events_Creation/Appointment/Page_Calendar/Date' is clicked on

09-01-2025T16:23:08 - [TEST_STEP][PASSED] - setText(findTestObject("Object Repository/Specific Cases Repository/LS/Home/Calendar/Calendar_Events/Calendar_Events_Creation/Appointment/Page_Calendar/Date"), Next_Week_Date): Text '01/16/2025' is set on object 'Object Repository/Specific Cases Repository/LS/Home/Calendar/Calendar_Events/Calendar_Events_Creation/Appointment/Page_Calendar/Date'

09-01-2025T16:23:09 - [MESSAGE][PASSED] - Text '01/16/2025' is set on object 'Object Repository/Specific Cases Repository/LS/Home/Calendar/Calendar_Events/Calendar_Events_Creation/Appointment/Page_Calendar/Date'

09-01-2025T16:23:09 - [TEST_STEP][PASSED] - click(findTestObject("Object Repository/Specific Cases Repository/LS/Home/Calendar/Calendar_Events/Calendar_Events_Creation/Appointment/Page_Calendar/Start Time Clock")): Object: 'Object Repository/Specific Cases Repository/LS/Home/Calendar/Calendar_Events/Calendar_Events_Creation/Appointment/Page_Calendar/Start Time Clock' is clicked on

09-01-2025T16:23:11 - [MESSAGE][PASSED] - Object: 'Object Repository/Specific Cases Repository/LS/Home/Calendar/Calendar_Events/Calendar_Events_Creation/Appointment/Page_Calendar/Start Time Clock' is clicked on

09-01-2025T16:23:11 - [TEST_STEP][PASSED] - setText(findTestObject("Object Repository/Specific Cases Repository/LS/Home/Calendar/Calendar_Events/Calendar_Events_Creation/Appointment/Page_Calendar/Start Time Clock"), "1600"): Text '1600' is set on object 'Object Repository/Specific Cases Repository/LS/Home/Calendar/Calendar_Events/Calendar_Events_Creation/Appointment/Page_Calendar/Start Time Clock'

09-01-2025T16:23:12 - [MESSAGE][PASSED] - Text '1600' is set on object 'Object Repository/Specific Cases Repository/LS/Home/Calendar/Calendar_Events/Calendar_Events_Creation/Appointment/Page_Calendar/Start Time Clock'

09-01-2025T16:23:12 - [TEST_STEP][PASSED] - click(findTestObject("Object Repository/Specific Cases Repository/LS/Home/Calendar/Calendar_Events/Calendar_Events_Creation/Block/Page_Calendar/div_Schedule                               _3f20bf")): Object: 'Object Repository/Specific Cases Repository/LS/Home/Calendar/Calendar_Events/Calendar_Events_Creation/Block/Page_Calendar/div_Schedule                               _3f20bf' is clicked on

09-01-2025T16:23:13 - [MESSAGE][PASSED] - Object: 'Object Repository/Specific Cases Repository/LS/Home/Calendar/Calendar_Events/Calendar_Events_Creation/Block/Page_Calendar/div_Schedule                               _3f20bf' is clicked on

09-01-2025T16:23:13 - [TEST_STEP][PASSED] - setText(findTestObject("Object Repository/Specific Cases Repository/LS/Home/Calendar/Calendar_Events/Calendar_Events_Creation/Block/Page_Calendar/input_Notes_notes"), "Future Automation Block Note"): Text 'Future Automation Block Note' is set on object 'Object Repository/Specific Cases Repository/LS/Home/Calendar/Calendar_Events/Calendar_Events_Creation/Block/Page_Calendar/input_Notes_notes'

09-01-2025T16:23:14 - [MESSAGE][PASSED] - Text 'Future Automation Block Note' is set on object 'Object Repository/Specific Cases Repository/LS/Home/Calendar/Calendar_Events/Calendar_Events_Creation/Block/Page_Calendar/input_Notes_notes'

09-01-2025T16:23:14 - [TEST_STEP][PASSED] - click(findTestObject("Object Repository/Specific Cases Repository/LS/Home/Calendar/Calendar_Events/Calendar_Events_Creation/Block/Page_Calendar/a_Save")): Object: 'Object Repository/Specific Cases Repository/LS/Home/Calendar/Calendar_Events/Calendar_Events_Creation/Block/Page_Calendar/a_Save' is clicked on

09-01-2025T16:23:14 - [MESSAGE][PASSED] - Object: 'Object Repository/Specific Cases Repository/LS/Home/Calendar/Calendar_Events/Calendar_Events_Creation/Block/Page_Calendar/a_Save' is clicked on

09-01-2025T16:23:14 - [TEST_STEP][PASSED] - click(findTestObject("Specific Cases Repository/LS/Home/Calendar/Calendar_Events/Calendar_Events_Creation/Appointment/Page_Calendar/Next Week Arrow")): Object: 'Object Repository/Specific Cases Repository/LS/Home/Calendar/Calendar_Events/Calendar_Events_Creation/Appointment/Page_Calendar/Next Week Arrow' is clicked on

09-01-2025T16:23:17 - [MESSAGE][PASSED] - Object: 'Object Repository/Specific Cases Repository/LS/Home/Calendar/Calendar_Events/Calendar_Events_Creation/Appointment/Page_Calendar/Next Week Arrow' is clicked on

09-01-2025T16:23:17 - [TEST_STEP][PASSED] - mouseOver(findTestObject("Specific Cases Repository/LS/Home/Calendar/Calendar_Events/Calendar_Events_Creation/Block/Page_Calendar/a_Blocked for Automation Block - Future")): Object: 'Object Repository/Specific Cases Repository/LS/Home/Calendar/Calendar_Events/Calendar_Events_Creation/Block/Page_Calendar/a_Blocked for Automation Block - Future' is hovered

09-01-2025T16:23:17 - [MESSAGE][PASSED] - Object: 'Object Repository/Specific Cases Repository/LS/Home/Calendar/Calendar_Events/Calendar_Events_Creation/Block/Page_Calendar/a_Blocked for Automation Block - Future' is hovered

09-01-2025T16:23:17 - [TEST_STEP][PASSED] - verifyElementText(findTestObject("Specific Cases Repository/LS/Home/Calendar/Calendar_Events/Calendar_Events_Creation/Block/Page_Calendar/span_Blocked for Future Automation Block"), "Blocked for: Future Automation Block"): Actual text and expected text of test object 'Object Repository/Specific Cases Repository/LS/Home/Calendar/Calendar_Events/Calendar_Events_Creation/Block/Page_Calendar/span_Blocked for Future Automation Block' are matched.

09-01-2025T16:23:18 - [MESSAGE][PASSED] - Actual text and expected text of test object 'Object Repository/Specific Cases Repository/LS/Home/Calendar/Calendar_Events/Calendar_Events_Creation/Block/Page_Calendar/span_Blocked for Future Automation Block' are matched.

09-01-2025T16:23:18 - [TEST_STEP][PASSED] - closeBrowser(): Browser is closed

09-01-2025T16:23:18 - [MESSAGE][PASSED] - Browser is closed]]></system-out>
         <system-err><![CDATA[]]></system-err>
      </testcase>
      <testcase name="Test Cases/Specific Cases/LS/General/Calendar/Events_Creation/Future Events Creation/Future_Calendar_Event" time="42.283" classname="Test Cases/Specific Cases/LS/General/Calendar/Events_Creation/Future Events Creation/Future_Calendar_Event" status="PASSED">
         <system-out><![CDATA[09-01-2025T16:23:18 - [TEST_CASE][PASSED] - Test Cases/Specific Cases/LS/General/Calendar/Events_Creation/Future Events Creation/Future_Calendar_Event: Test Cases/Specific Cases/LS/General/Calendar/Events_Creation/Future Events Creation/Future_Calendar_Event

09-01-2025T16:23:19 - [TEST_STEP][PASSED] - callTestCase(findTestCase("Common Cases/Login"), [:], STOP_ON_FAILURE): Call Test Case 'Test Cases/Common Cases/Login' successfully

09-01-2025T16:23:19 - [TEST_CASE][PASSED] - Test Cases/Common Cases/Login: Test Cases/Common Cases/Login

09-01-2025T16:23:19 - [TEST_STEP][PASSED] - openBrowser(""): Browser is opened with url: ''

09-01-2025T16:23:19 - [MESSAGE][INFO] - Starting 'Chrome' driver

09-01-2025T16:23:19 - [MESSAGE][INFO] - Action delay is set to 0 milliseconds

09-01-2025T16:23:20 - [MESSAGE][PASSED] - Browser is opened with url: ''

09-01-2025T16:23:20 - [TEST_STEP][PASSED] - maximizeWindow(): Current window maximized

09-01-2025T16:23:21 - [MESSAGE][PASSED] - Current window maximized

09-01-2025T16:23:21 - [TEST_STEP][PASSED] - navigateToUrl("https://site17.lsapp.cloud/auth/login"): Navigate to 'https://site17.lsapp.cloud/auth/login' successfully

09-01-2025T16:23:30 - [MESSAGE][PASSED] - Navigate to 'https://site17.lsapp.cloud/auth/login' successfully

09-01-2025T16:23:30 - [TEST_STEP][PASSED] - setText(findTestObject("Object Repository/Common Cases Repository/Login/Page_Lightning Step/input_Email_email"), "automation@lightningstep.com"): Text 'automation@lightningstep.com' is set on object 'Object Repository/Common Cases Repository/Login/Page_Lightning Step/input_Email_email'

09-01-2025T16:23:31 - [MESSAGE][PASSED] - Text 'automation@lightningstep.com' is set on object 'Object Repository/Common Cases Repository/Login/Page_Lightning Step/input_Email_email'

09-01-2025T16:23:31 - [TEST_STEP][PASSED] - setEncryptedText(findTestObject("Object Repository/Common Cases Repository/Login/Page_Lightning Step/input_Password_password"), "e5N8VHmnhJDITtQaQhDQDw=="): Text ****** has been set on object 'Object Repository/Common Cases Repository/Login/Page_Lightning Step/input_Password_password'

09-01-2025T16:23:31 - [MESSAGE][PASSED] - Text ****** has been set on object 'Object Repository/Common Cases Repository/Login/Page_Lightning Step/input_Password_password'

09-01-2025T16:23:31 - [TEST_STEP][PASSED] - click(findTestObject("Object Repository/Common Cases Repository/Login/Page_Lightning Step/button_Sign in")): Object: 'Object Repository/Common Cases Repository/Login/Page_Lightning Step/button_Sign in' is clicked on

09-01-2025T16:23:40 - [MESSAGE][PASSED] - Object: 'Object Repository/Common Cases Repository/Login/Page_Lightning Step/button_Sign in' is clicked on

09-01-2025T16:23:40 - [MESSAGE][PASSED] - Call Test Case 'Test Cases/Common Cases/Login' successfully

09-01-2025T16:23:40 - [TEST_STEP][PASSED] - click(findTestObject("Object Repository/Specific Cases Repository/LS/Home/Calendar/Calendar_Events/Calendar_Events_Creation/Event/Page_Home/a_Calendar")): Object: 'Object Repository/Specific Cases Repository/LS/Home/Calendar/Calendar_Events/Calendar_Events_Creation/Event/Page_Home/a_Calendar' is clicked on

09-01-2025T16:23:47 - [MESSAGE][PASSED] - Object: 'Object Repository/Specific Cases Repository/LS/Home/Calendar/Calendar_Events/Calendar_Events_Creation/Event/Page_Home/a_Calendar' is clicked on

09-01-2025T16:23:47 - [TEST_STEP][PASSED] - click(findTestObject("Object Repository/Specific Cases Repository/LS/Home/Calendar/Calendar_Events/Calendar_Events_Creation/Appointment/Page_Calendar/div_Week")): Object: 'Object Repository/Specific Cases Repository/LS/Home/Calendar/Calendar_Events/Calendar_Events_Creation/Appointment/Page_Calendar/div_Week' is clicked on

09-01-2025T16:23:48 - [MESSAGE][PASSED] - Object: 'Object Repository/Specific Cases Repository/LS/Home/Calendar/Calendar_Events/Calendar_Events_Creation/Appointment/Page_Calendar/div_Week' is clicked on

09-01-2025T16:23:48 - [TEST_STEP][PASSED] - click(findTestObject("Object Repository/Specific Cases Repository/LS/Home/Calendar/Calendar_Events/Calendar_Events_Creation/Event/Page_Calendar/button_Create new")): Object: 'Object Repository/Specific Cases Repository/LS/Home/Calendar/Calendar_Events/Calendar_Events_Creation/Event/Page_Calendar/button_Create new' is clicked on

09-01-2025T16:23:49 - [MESSAGE][PASSED] - Object: 'Object Repository/Specific Cases Repository/LS/Home/Calendar/Calendar_Events/Calendar_Events_Creation/Event/Page_Calendar/button_Create new' is clicked on

09-01-2025T16:23:49 - [TEST_STEP][PASSED] - click(findTestObject("Object Repository/Specific Cases Repository/LS/Home/Calendar/Calendar_Events/Calendar_Events_Creation/Event/Page_Calendar/label_Event")): Object: 'Object Repository/Specific Cases Repository/LS/Home/Calendar/Calendar_Events/Calendar_Events_Creation/Event/Page_Calendar/label_Event' is clicked on

09-01-2025T16:23:50 - [MESSAGE][PASSED] - Object: 'Object Repository/Specific Cases Repository/LS/Home/Calendar/Calendar_Events/Calendar_Events_Creation/Event/Page_Calendar/label_Event' is clicked on

09-01-2025T16:23:50 - [TEST_STEP][PASSED] - setText(findTestObject("Object Repository/Specific Cases Repository/LS/Home/Calendar/Calendar_Events/Calendar_Events_Creation/Event/Page_Calendar/input_Title_title_"), "Future Automation Event"): Text 'Future Automation Event' is set on object 'Object Repository/Specific Cases Repository/LS/Home/Calendar/Calendar_Events/Calendar_Events_Creation/Event/Page_Calendar/input_Title_title_'

09-01-2025T16:23:51 - [MESSAGE][PASSED] - Text 'Future Automation Event' is set on object 'Object Repository/Specific Cases Repository/LS/Home/Calendar/Calendar_Events/Calendar_Events_Creation/Event/Page_Calendar/input_Title_title_'

09-01-2025T16:23:51 - [TEST_STEP][PASSED] - click(findTestObject("Object Repository/Specific Cases Repository/LS/Home/Calendar/Calendar_Events/Calendar_Events_Creation/Appointment/Page_Calendar/Date")): Object: 'Object Repository/Specific Cases Repository/LS/Home/Calendar/Calendar_Events/Calendar_Events_Creation/Appointment/Page_Calendar/Date' is clicked on

09-01-2025T16:23:51 - [MESSAGE][PASSED] - Object: 'Object Repository/Specific Cases Repository/LS/Home/Calendar/Calendar_Events/Calendar_Events_Creation/Appointment/Page_Calendar/Date' is clicked on

09-01-2025T16:23:51 - [TEST_STEP][PASSED] - setText(findTestObject("Object Repository/Specific Cases Repository/LS/Home/Calendar/Calendar_Events/Calendar_Events_Creation/Appointment/Page_Calendar/Date"), Next_Week_Date): Text '01/16/2025' is set on object 'Object Repository/Specific Cases Repository/LS/Home/Calendar/Calendar_Events/Calendar_Events_Creation/Appointment/Page_Calendar/Date'

09-01-2025T16:23:52 - [MESSAGE][PASSED] - Text '01/16/2025' is set on object 'Object Repository/Specific Cases Repository/LS/Home/Calendar/Calendar_Events/Calendar_Events_Creation/Appointment/Page_Calendar/Date'

09-01-2025T16:23:52 - [TEST_STEP][PASSED] - click(findTestObject("Object Repository/Specific Cases Repository/LS/Home/Calendar/Calendar_Events/Calendar_Events_Creation/Appointment/Page_Calendar/Start Time Clock")): Object: 'Object Repository/Specific Cases Repository/LS/Home/Calendar/Calendar_Events/Calendar_Events_Creation/Appointment/Page_Calendar/Start Time Clock' is clicked on

09-01-2025T16:23:53 - [MESSAGE][PASSED] - Object: 'Object Repository/Specific Cases Repository/LS/Home/Calendar/Calendar_Events/Calendar_Events_Creation/Appointment/Page_Calendar/Start Time Clock' is clicked on

09-01-2025T16:23:53 - [TEST_STEP][PASSED] - setText(findTestObject("Object Repository/Specific Cases Repository/LS/Home/Calendar/Calendar_Events/Calendar_Events_Creation/Appointment/Page_Calendar/Start Time Clock"), "1400"): Text '1400' is set on object 'Object Repository/Specific Cases Repository/LS/Home/Calendar/Calendar_Events/Calendar_Events_Creation/Appointment/Page_Calendar/Start Time Clock'

09-01-2025T16:23:54 - [MESSAGE][PASSED] - Text '1400' is set on object 'Object Repository/Specific Cases Repository/LS/Home/Calendar/Calendar_Events/Calendar_Events_Creation/Appointment/Page_Calendar/Start Time Clock'

09-01-2025T16:23:54 - [TEST_STEP][PASSED] - click(findTestObject("Object Repository/Specific Cases Repository/LS/Home/Calendar/Calendar_Events/Calendar_Events_Creation/Event/Page_Calendar/div_Schedule                               _3f20bf")): Object: 'Object Repository/Specific Cases Repository/LS/Home/Calendar/Calendar_Events/Calendar_Events_Creation/Event/Page_Calendar/div_Schedule                               _3f20bf' is clicked on

09-01-2025T16:23:55 - [MESSAGE][PASSED] - Object: 'Object Repository/Specific Cases Repository/LS/Home/Calendar/Calendar_Events/Calendar_Events_Creation/Event/Page_Calendar/div_Schedule                               _3f20bf' is clicked on

09-01-2025T16:23:55 - [TEST_STEP][PASSED] - setText(findTestObject("Object Repository/Specific Cases Repository/LS/Home/Calendar/Calendar_Events/Calendar_Events_Creation/Event/Page_Calendar/input_Notes_notes"), "Future Automation Event Note"): Text 'Future Automation Event Note' is set on object 'Object Repository/Specific Cases Repository/LS/Home/Calendar/Calendar_Events/Calendar_Events_Creation/Event/Page_Calendar/input_Notes_notes'

09-01-2025T16:23:56 - [MESSAGE][PASSED] - Text 'Future Automation Event Note' is set on object 'Object Repository/Specific Cases Repository/LS/Home/Calendar/Calendar_Events/Calendar_Events_Creation/Event/Page_Calendar/input_Notes_notes'

09-01-2025T16:23:56 - [TEST_STEP][PASSED] - click(findTestObject("Object Repository/Specific Cases Repository/LS/Home/Calendar/Calendar_Events/Calendar_Events_Creation/Event/Page_Calendar/a_Save")): Object: 'Object Repository/Specific Cases Repository/LS/Home/Calendar/Calendar_Events/Calendar_Events_Creation/Event/Page_Calendar/a_Save' is clicked on

09-01-2025T16:23:56 - [MESSAGE][PASSED] - Object: 'Object Repository/Specific Cases Repository/LS/Home/Calendar/Calendar_Events/Calendar_Events_Creation/Event/Page_Calendar/a_Save' is clicked on

09-01-2025T16:23:56 - [TEST_STEP][PASSED] - click(findTestObject("Specific Cases Repository/LS/Home/Calendar/Calendar_Events/Calendar_Events_Creation/Appointment/Page_Calendar/Next Week Arrow")): Object: 'Object Repository/Specific Cases Repository/LS/Home/Calendar/Calendar_Events/Calendar_Events_Creation/Appointment/Page_Calendar/Next Week Arrow' is clicked on

09-01-2025T16:23:58 - [MESSAGE][PASSED] - Object: 'Object Repository/Specific Cases Repository/LS/Home/Calendar/Calendar_Events/Calendar_Events_Creation/Appointment/Page_Calendar/Next Week Arrow' is clicked on

09-01-2025T16:23:58 - [TEST_STEP][PASSED] - scrollToElement(findTestObject("Specific Cases Repository/LS/Home/Calendar/Calendar_Events/Calendar_Events_Creation/Event/Page_Calendar/a_Automation Event - Future"), 0): Scroll to object 'Object Repository/Specific Cases Repository/LS/Home/Calendar/Calendar_Events/Calendar_Events_Creation/Event/Page_Calendar/a_Automation Event - Future' successfully

09-01-2025T16:23:58 - [MESSAGE][WARNING] - Timeout '0' is invalid. Using default page load timeout: '30'

09-01-2025T16:23:59 - [MESSAGE][PASSED] - Scroll to object 'Object Repository/Specific Cases Repository/LS/Home/Calendar/Calendar_Events/Calendar_Events_Creation/Event/Page_Calendar/a_Automation Event - Future' successfully

09-01-2025T16:23:59 - [TEST_STEP][PASSED] - mouseOver(findTestObject("Specific Cases Repository/LS/Home/Calendar/Calendar_Events/Calendar_Events_Creation/Event/Page_Calendar/a_Automation Event - Future")): Object: 'Object Repository/Specific Cases Repository/LS/Home/Calendar/Calendar_Events/Calendar_Events_Creation/Event/Page_Calendar/a_Automation Event - Future' is hovered

09-01-2025T16:24:00 - [MESSAGE][PASSED] - Object: 'Object Repository/Specific Cases Repository/LS/Home/Calendar/Calendar_Events/Calendar_Events_Creation/Event/Page_Calendar/a_Automation Event - Future' is hovered

09-01-2025T16:24:00 - [TEST_STEP][PASSED] - verifyElementText(findTestObject("Specific Cases Repository/LS/Home/Calendar/Calendar_Events/Calendar_Events_Creation/Event/Page_Calendar/span_Automation Event - Future"), "Future Automation Event"): Actual text and expected text of test object 'Object Repository/Specific Cases Repository/LS/Home/Calendar/Calendar_Events/Calendar_Events_Creation/Event/Page_Calendar/span_Automation Event - Future' are matched.

09-01-2025T16:24:00 - [MESSAGE][PASSED] - Actual text and expected text of test object 'Object Repository/Specific Cases Repository/LS/Home/Calendar/Calendar_Events/Calendar_Events_Creation/Event/Page_Calendar/span_Automation Event - Future' are matched.

09-01-2025T16:24:00 - [TEST_STEP][PASSED] - closeBrowser(): Browser is closed

09-01-2025T16:24:01 - [MESSAGE][PASSED] - Browser is closed]]></system-out>
         <system-err><![CDATA[]]></system-err>
      </testcase>
      <testcase name="Test Cases/Specific Cases/LS/General/Calendar/Events_Creation/Future Events Creation/Future_Calendar_Groups" time="53.564" classname="Test Cases/Specific Cases/LS/General/Calendar/Events_Creation/Future Events Creation/Future_Calendar_Groups" status="PASSED">
         <system-out><![CDATA[09-01-2025T16:24:01 - [TEST_CASE][PASSED] - Test Cases/Specific Cases/LS/General/Calendar/Events_Creation/Future Events Creation/Future_Calendar_Groups: Test Cases/Specific Cases/LS/General/Calendar/Events_Creation/Future Events Creation/Future_Calendar_Groups

09-01-2025T16:24:01 - [TEST_STEP][PASSED] - callTestCase(findTestCase("Common Cases/Login"), [:], STOP_ON_FAILURE): Call Test Case 'Test Cases/Common Cases/Login' successfully

09-01-2025T16:24:01 - [TEST_CASE][PASSED] - Test Cases/Common Cases/Login: Test Cases/Common Cases/Login

09-01-2025T16:24:01 - [TEST_STEP][PASSED] - openBrowser(""): Browser is opened with url: ''

09-01-2025T16:24:01 - [MESSAGE][INFO] - Starting 'Chrome' driver

09-01-2025T16:24:01 - [MESSAGE][INFO] - Action delay is set to 0 milliseconds

09-01-2025T16:24:03 - [MESSAGE][PASSED] - Browser is opened with url: ''

09-01-2025T16:24:03 - [TEST_STEP][PASSED] - maximizeWindow(): Current window maximized

09-01-2025T16:24:03 - [MESSAGE][PASSED] - Current window maximized

09-01-2025T16:24:03 - [TEST_STEP][PASSED] - navigateToUrl("https://site17.lsapp.cloud/auth/login"): Navigate to 'https://site17.lsapp.cloud/auth/login' successfully

09-01-2025T16:24:04 - [MESSAGE][PASSED] - Navigate to 'https://site17.lsapp.cloud/auth/login' successfully

09-01-2025T16:24:04 - [TEST_STEP][PASSED] - setText(findTestObject("Object Repository/Common Cases Repository/Login/Page_Lightning Step/input_Email_email"), "automation@lightningstep.com"): Text 'automation@lightningstep.com' is set on object 'Object Repository/Common Cases Repository/Login/Page_Lightning Step/input_Email_email'

09-01-2025T16:24:07 - [MESSAGE][PASSED] - Text 'automation@lightningstep.com' is set on object 'Object Repository/Common Cases Repository/Login/Page_Lightning Step/input_Email_email'

09-01-2025T16:24:07 - [TEST_STEP][PASSED] - setEncryptedText(findTestObject("Object Repository/Common Cases Repository/Login/Page_Lightning Step/input_Password_password"), "e5N8VHmnhJDITtQaQhDQDw=="): Text ****** has been set on object 'Object Repository/Common Cases Repository/Login/Page_Lightning Step/input_Password_password'

09-01-2025T16:24:08 - [MESSAGE][PASSED] - Text ****** has been set on object 'Object Repository/Common Cases Repository/Login/Page_Lightning Step/input_Password_password'

09-01-2025T16:24:08 - [TEST_STEP][PASSED] - click(findTestObject("Object Repository/Common Cases Repository/Login/Page_Lightning Step/button_Sign in")): Object: 'Object Repository/Common Cases Repository/Login/Page_Lightning Step/button_Sign in' is clicked on

09-01-2025T16:24:15 - [MESSAGE][PASSED] - Object: 'Object Repository/Common Cases Repository/Login/Page_Lightning Step/button_Sign in' is clicked on

09-01-2025T16:24:15 - [MESSAGE][PASSED] - Call Test Case 'Test Cases/Common Cases/Login' successfully

09-01-2025T16:24:15 - [TEST_STEP][PASSED] - click(findTestObject("Object Repository/Specific Cases Repository/LS/Home/Calendar/Calendar_Events/Calendar_Events_Creation/Group/Page_Home/a_Calendar")): Object: 'Object Repository/Specific Cases Repository/LS/Home/Calendar/Calendar_Events/Calendar_Events_Creation/Group/Page_Home/a_Calendar' is clicked on

09-01-2025T16:24:21 - [MESSAGE][PASSED] - Object: 'Object Repository/Specific Cases Repository/LS/Home/Calendar/Calendar_Events/Calendar_Events_Creation/Group/Page_Home/a_Calendar' is clicked on

09-01-2025T16:24:21 - [TEST_STEP][PASSED] - click(findTestObject("Object Repository/Specific Cases Repository/LS/Home/Calendar/Calendar_Events/Calendar_Events_Creation/Appointment/Page_Calendar/div_Week")): Object: 'Object Repository/Specific Cases Repository/LS/Home/Calendar/Calendar_Events/Calendar_Events_Creation/Appointment/Page_Calendar/div_Week' is clicked on

09-01-2025T16:24:22 - [MESSAGE][PASSED] - Object: 'Object Repository/Specific Cases Repository/LS/Home/Calendar/Calendar_Events/Calendar_Events_Creation/Appointment/Page_Calendar/div_Week' is clicked on

09-01-2025T16:24:22 - [TEST_STEP][PASSED] - click(findTestObject("Object Repository/Specific Cases Repository/LS/Home/Calendar/Calendar_Events/Calendar_Events_Creation/Page_Calendar/button_Create new")): Object: 'Object Repository/Specific Cases Repository/LS/Home/Calendar/Calendar_Events/Calendar_Events_Creation/Page_Calendar/button_Create new' is clicked on

09-01-2025T16:24:22 - [MESSAGE][PASSED] - Object: 'Object Repository/Specific Cases Repository/LS/Home/Calendar/Calendar_Events/Calendar_Events_Creation/Page_Calendar/button_Create new' is clicked on

09-01-2025T16:24:22 - [TEST_STEP][PASSED] - click(findTestObject("Object Repository/Specific Cases Repository/LS/Home/Calendar/Calendar_Events/Calendar_Events_Creation/Page_Calendar/label_Group")): Object: 'Object Repository/Specific Cases Repository/LS/Home/Calendar/Calendar_Events/Calendar_Events_Creation/Page_Calendar/label_Group' is clicked on

09-01-2025T16:24:24 - [MESSAGE][PASSED] - Object: 'Object Repository/Specific Cases Repository/LS/Home/Calendar/Calendar_Events/Calendar_Events_Creation/Page_Calendar/label_Group' is clicked on

09-01-2025T16:24:24 - [TEST_STEP][PASSED] - click(findTestObject("Object Repository/Specific Cases Repository/LS/Home/Calendar/Calendar_Events/Calendar_Events_Creation/Page_Calendar/Groups Selector")): Object: 'Object Repository/Specific Cases Repository/LS/Home/Calendar/Calendar_Events/Calendar_Events_Creation/Page_Calendar/Groups Selector' is clicked on

09-01-2025T16:24:25 - [MESSAGE][PASSED] - Object: 'Object Repository/Specific Cases Repository/LS/Home/Calendar/Calendar_Events/Calendar_Events_Creation/Page_Calendar/Groups Selector' is clicked on

09-01-2025T16:24:25 - [TEST_STEP][PASSED] - click(findTestObject("Object Repository/Specific Cases Repository/LS/Home/Calendar/Calendar_Events/Calendar_Events_Creation/Page_Calendar/a_Cancel")): Object: 'Object Repository/Specific Cases Repository/LS/Home/Calendar/Calendar_Events/Calendar_Events_Creation/Page_Calendar/a_Cancel' is clicked on

09-01-2025T16:24:25 - [MESSAGE][PASSED] - Object: 'Object Repository/Specific Cases Repository/LS/Home/Calendar/Calendar_Events/Calendar_Events_Creation/Page_Calendar/a_Cancel' is clicked on

09-01-2025T16:24:25 - [TEST_STEP][PASSED] - click(findTestObject("Object Repository/Specific Cases Repository/LS/Home/Calendar/Calendar_Events/Calendar_Events_Creation/Page_Calendar/button_Create new")): Object: 'Object Repository/Specific Cases Repository/LS/Home/Calendar/Calendar_Events/Calendar_Events_Creation/Page_Calendar/button_Create new' is clicked on

09-01-2025T16:24:26 - [MESSAGE][PASSED] - Object: 'Object Repository/Specific Cases Repository/LS/Home/Calendar/Calendar_Events/Calendar_Events_Creation/Page_Calendar/button_Create new' is clicked on

09-01-2025T16:24:26 - [TEST_STEP][PASSED] - click(findTestObject("Object Repository/Specific Cases Repository/LS/Home/Calendar/Calendar_Events/Calendar_Events_Creation/Page_Calendar/label_Group")): Object: 'Object Repository/Specific Cases Repository/LS/Home/Calendar/Calendar_Events/Calendar_Events_Creation/Page_Calendar/label_Group' is clicked on

09-01-2025T16:24:27 - [MESSAGE][PASSED] - Object: 'Object Repository/Specific Cases Repository/LS/Home/Calendar/Calendar_Events/Calendar_Events_Creation/Page_Calendar/label_Group' is clicked on

09-01-2025T16:24:27 - [TEST_STEP][PASSED] - click(findTestObject("Object Repository/Specific Cases Repository/LS/Home/Calendar/Calendar_Events/Calendar_Events_Creation/Page_Calendar/label_Group")): Object: 'Object Repository/Specific Cases Repository/LS/Home/Calendar/Calendar_Events/Calendar_Events_Creation/Page_Calendar/label_Group' is clicked on

09-01-2025T16:24:27 - [MESSAGE][PASSED] - Object: 'Object Repository/Specific Cases Repository/LS/Home/Calendar/Calendar_Events/Calendar_Events_Creation/Page_Calendar/label_Group' is clicked on

09-01-2025T16:24:27 - [TEST_STEP][PASSED] - click(findTestObject("Object Repository/Specific Cases Repository/LS/Home/Calendar/Calendar_Events/Calendar_Events_Creation/Page_Calendar/Groups Selector")): Object: 'Object Repository/Specific Cases Repository/LS/Home/Calendar/Calendar_Events/Calendar_Events_Creation/Page_Calendar/Groups Selector' is clicked on

09-01-2025T16:24:29 - [MESSAGE][PASSED] - Object: 'Object Repository/Specific Cases Repository/LS/Home/Calendar/Calendar_Events/Calendar_Events_Creation/Page_Calendar/Groups Selector' is clicked on

09-01-2025T16:24:29 - [TEST_STEP][PASSED] - setText(findTestObject("Object Repository/Specific Cases Repository/LS/Home/Calendar/Calendar_Events/Calendar_Events_Creation/Page_Calendar/input_Loading_select2-search__field"), "1.1"): Text '1.1' is set on object 'Object Repository/Specific Cases Repository/LS/Home/Calendar/Calendar_Events/Calendar_Events_Creation/Page_Calendar/input_Loading_select2-search__field'

09-01-2025T16:24:30 - [MESSAGE][PASSED] - Text '1.1' is set on object 'Object Repository/Specific Cases Repository/LS/Home/Calendar/Calendar_Events/Calendar_Events_Creation/Page_Calendar/input_Loading_select2-search__field'

09-01-2025T16:24:30 - [TEST_STEP][PASSED] - sendKeys(findTestObject("Object Repository/Specific Cases Repository/LS/Home/Calendar/Calendar_Events/Calendar_Events_Creation/Page_Calendar/input_Loading_select2-search__field"), Keys.chord(ENTER)): Keys 'ENTER + ' sent to object: 'Object Repository/Specific Cases Repository/LS/Home/Calendar/Calendar_Events/Calendar_Events_Creation/Page_Calendar/input_Loading_select2-search__field'

09-01-2025T16:24:30 - [MESSAGE][PASSED] - Keys 'ENTER + ' sent to object: 'Object Repository/Specific Cases Repository/LS/Home/Calendar/Calendar_Events/Calendar_Events_Creation/Page_Calendar/input_Loading_select2-search__field'

09-01-2025T16:24:30 - [TEST_STEP][PASSED] - click(findTestObject("Specific Cases Repository/LS/Home/Calendar/Calendar_Events/Calendar_Events_Creation/Group/Page_Calendar/Date Warning")): Object: 'Object Repository/Specific Cases Repository/LS/Home/Calendar/Calendar_Events/Calendar_Events_Creation/Group/Page_Calendar/Date Warning' is clicked on

09-01-2025T16:24:31 - [MESSAGE][PASSED] - Object: 'Object Repository/Specific Cases Repository/LS/Home/Calendar/Calendar_Events/Calendar_Events_Creation/Group/Page_Calendar/Date Warning' is clicked on

09-01-2025T16:24:31 - [TEST_STEP][PASSED] - setText(findTestObject("Object Repository/Specific Cases Repository/LS/Home/Calendar/Calendar_Events/Calendar_Events_Creation/Page_Calendar/input_Title_title_"), "1.2 Automatically Enroll Clients in Selected Location/Program(s) : Select Content"): Text '1.2 Automatically Enroll Clients in Selected Location/Program(s) : Select Content' is set on object 'Object Repository/Specific Cases Repository/LS/Home/Calendar/Calendar_Events/Calendar_Events_Creation/Page_Calendar/input_Title_title_'

09-01-2025T16:24:32 - [MESSAGE][PASSED] - Text '1.2 Automatically Enroll Clients in Selected Location/Program(s) : Select Content' is set on object 'Object Repository/Specific Cases Repository/LS/Home/Calendar/Calendar_Events/Calendar_Events_Creation/Page_Calendar/input_Title_title_'

09-01-2025T16:24:32 - [TEST_STEP][PASSED] - click(findTestObject("Object Repository/Specific Cases Repository/LS/Home/Calendar/Calendar_Events/Calendar_Events_Creation/Page_Calendar/Date")): Object: 'Object Repository/Specific Cases Repository/LS/Home/Calendar/Calendar_Events/Calendar_Events_Creation/Page_Calendar/Date' is clicked on

09-01-2025T16:24:32 - [MESSAGE][PASSED] - Object: 'Object Repository/Specific Cases Repository/LS/Home/Calendar/Calendar_Events/Calendar_Events_Creation/Page_Calendar/Date' is clicked on

09-01-2025T16:24:32 - [TEST_STEP][PASSED] - setText(findTestObject("Object Repository/Specific Cases Repository/LS/Home/Calendar/Calendar_Events/Calendar_Events_Creation/Page_Calendar/Date"), Next_Week_Date): Text '01/16/2025' is set on object 'Object Repository/Specific Cases Repository/LS/Home/Calendar/Calendar_Events/Calendar_Events_Creation/Page_Calendar/Date'

09-01-2025T16:24:33 - [MESSAGE][PASSED] - Text '01/16/2025' is set on object 'Object Repository/Specific Cases Repository/LS/Home/Calendar/Calendar_Events/Calendar_Events_Creation/Page_Calendar/Date'

09-01-2025T16:24:33 - [TEST_STEP][PASSED] - click(findTestObject("Object Repository/Specific Cases Repository/LS/Home/Calendar/Calendar_Events/Calendar_Events_Creation/Page_Calendar/Start Time")): Object: 'Object Repository/Specific Cases Repository/LS/Home/Calendar/Calendar_Events/Calendar_Events_Creation/Page_Calendar/Start Time' is clicked on

09-01-2025T16:24:35 - [MESSAGE][PASSED] - Object: 'Object Repository/Specific Cases Repository/LS/Home/Calendar/Calendar_Events/Calendar_Events_Creation/Page_Calendar/Start Time' is clicked on

09-01-2025T16:24:35 - [TEST_STEP][PASSED] - setText(findTestObject("Object Repository/Specific Cases Repository/LS/Home/Calendar/Calendar_Events/Calendar_Events_Creation/Page_Calendar/Start Time"), "1300"): Text '1300' is set on object 'Object Repository/Specific Cases Repository/LS/Home/Calendar/Calendar_Events/Calendar_Events_Creation/Page_Calendar/Start Time'

09-01-2025T16:24:36 - [MESSAGE][PASSED] - Text '1300' is set on object 'Object Repository/Specific Cases Repository/LS/Home/Calendar/Calendar_Events/Calendar_Events_Creation/Page_Calendar/Start Time'

09-01-2025T16:24:36 - [TEST_STEP][PASSED] - click(findTestObject("Object Repository/Specific Cases Repository/LS/Home/Calendar/Calendar_Events/Calendar_Events_Creation/Page_Calendar/End Time")): Object: 'Object Repository/Specific Cases Repository/LS/Home/Calendar/Calendar_Events/Calendar_Events_Creation/Page_Calendar/End Time' is clicked on

09-01-2025T16:24:37 - [MESSAGE][PASSED] - Object: 'Object Repository/Specific Cases Repository/LS/Home/Calendar/Calendar_Events/Calendar_Events_Creation/Page_Calendar/End Time' is clicked on

09-01-2025T16:24:37 - [TEST_STEP][PASSED] - setText(findTestObject("Object Repository/Specific Cases Repository/LS/Home/Calendar/Calendar_Events/Calendar_Events_Creation/Page_Calendar/End Time"), "1400"): Text '1400' is set on object 'Object Repository/Specific Cases Repository/LS/Home/Calendar/Calendar_Events/Calendar_Events_Creation/Page_Calendar/End Time'

09-01-2025T16:24:38 - [MESSAGE][PASSED] - Text '1400' is set on object 'Object Repository/Specific Cases Repository/LS/Home/Calendar/Calendar_Events/Calendar_Events_Creation/Page_Calendar/End Time'

09-01-2025T16:24:38 - [TEST_STEP][PASSED] - click(findTestObject("Object Repository/Specific Cases Repository/LS/Home/Calendar/Calendar_Events/Calendar_Events_Creation/Page_Calendar/Groups Selector")): Object: 'Object Repository/Specific Cases Repository/LS/Home/Calendar/Calendar_Events/Calendar_Events_Creation/Page_Calendar/Groups Selector' is clicked on

09-01-2025T16:24:39 - [MESSAGE][PASSED] - Object: 'Object Repository/Specific Cases Repository/LS/Home/Calendar/Calendar_Events/Calendar_Events_Creation/Page_Calendar/Groups Selector' is clicked on

09-01-2025T16:24:39 - [TEST_STEP][PASSED] - setText(findTestObject("Object Repository/Specific Cases Repository/LS/Home/Calendar/Calendar_Events/Calendar_Events_Creation/Page_Calendar/input_Loading_select2-search__field"), "1.2"): Text '1.2' is set on object 'Object Repository/Specific Cases Repository/LS/Home/Calendar/Calendar_Events/Calendar_Events_Creation/Page_Calendar/input_Loading_select2-search__field'

09-01-2025T16:24:39 - [MESSAGE][PASSED] - Text '1.2' is set on object 'Object Repository/Specific Cases Repository/LS/Home/Calendar/Calendar_Events/Calendar_Events_Creation/Page_Calendar/input_Loading_select2-search__field'

09-01-2025T16:24:39 - [TEST_STEP][PASSED] - sendKeys(findTestObject("Object Repository/Specific Cases Repository/LS/Home/Calendar/Calendar_Events/Calendar_Events_Creation/Page_Calendar/input_Loading_select2-search__field"), Keys.chord(ENTER)): Keys 'ENTER + ' sent to object: 'Object Repository/Specific Cases Repository/LS/Home/Calendar/Calendar_Events/Calendar_Events_Creation/Page_Calendar/input_Loading_select2-search__field'

09-01-2025T16:24:40 - [MESSAGE][PASSED] - Keys 'ENTER + ' sent to object: 'Object Repository/Specific Cases Repository/LS/Home/Calendar/Calendar_Events/Calendar_Events_Creation/Page_Calendar/input_Loading_select2-search__field'

09-01-2025T16:24:40 - [TEST_STEP][PASSED] - click(findTestObject("Object Repository/Specific Cases Repository/LS/Home/Calendar/Calendar_Events/Calendar_Events_Creation/Page_Calendar/span_Select Clients")): Object: 'Object Repository/Specific Cases Repository/LS/Home/Calendar/Calendar_Events/Calendar_Events_Creation/Page_Calendar/span_Select Clients' is clicked on

09-01-2025T16:24:41 - [MESSAGE][PASSED] - Object: 'Object Repository/Specific Cases Repository/LS/Home/Calendar/Calendar_Events/Calendar_Events_Creation/Page_Calendar/span_Select Clients' is clicked on

09-01-2025T16:24:41 - [TEST_STEP][PASSED] - click(findTestObject("Object Repository/Specific Cases Repository/LS/Home/Calendar/Calendar_Events/Calendar_Events_Creation/Page_Calendar/label_C Automation, C Client MR 24-11008")): Object: 'Object Repository/Specific Cases Repository/LS/Home/Calendar/Calendar_Events/Calendar_Events_Creation/Page_Calendar/label_C Automation, C Client MR 24-11008' is clicked on

09-01-2025T16:24:41 - [MESSAGE][PASSED] - Object: 'Object Repository/Specific Cases Repository/LS/Home/Calendar/Calendar_Events/Calendar_Events_Creation/Page_Calendar/label_C Automation, C Client MR 24-11008' is clicked on

09-01-2025T16:24:41 - [TEST_STEP][PASSED] - click(findTestObject("Object Repository/Specific Cases Repository/LS/Home/Calendar/Calendar_Events/Calendar_Events_Creation/Page_Calendar/label_B Automation, B Client MR 24-11007")): Object: 'Object Repository/Specific Cases Repository/LS/Home/Calendar/Calendar_Events/Calendar_Events_Creation/Page_Calendar/label_B Automation, B Client MR 24-11007' is clicked on

09-01-2025T16:24:42 - [MESSAGE][PASSED] - Object: 'Object Repository/Specific Cases Repository/LS/Home/Calendar/Calendar_Events/Calendar_Events_Creation/Page_Calendar/label_B Automation, B Client MR 24-11007' is clicked on

09-01-2025T16:24:42 - [TEST_STEP][PASSED] - click(findTestObject("Object Repository/Specific Cases Repository/LS/Home/Calendar/Calendar_Events/Calendar_Events_Creation/Page_Calendar/View Enrolled Patients")): Object: 'Object Repository/Specific Cases Repository/LS/Home/Calendar/Calendar_Events/Calendar_Events_Creation/Page_Calendar/View Enrolled Patients' is clicked on

09-01-2025T16:24:43 - [MESSAGE][PASSED] - Object: 'Object Repository/Specific Cases Repository/LS/Home/Calendar/Calendar_Events/Calendar_Events_Creation/Page_Calendar/View Enrolled Patients' is clicked on

09-01-2025T16:24:43 - [TEST_STEP][PASSED] - verifyElementText(findTestObject("Object Repository/Specific Cases Repository/LS/Home/Calendar/Calendar_Events/Calendar_Events_Creation/Page_Calendar/td_C Automation, C Client MR 24-11008"), "C Automation, C Client MR# 24-11008"): Actual text and expected text of test object 'Object Repository/Specific Cases Repository/LS/Home/Calendar/Calendar_Events/Calendar_Events_Creation/Page_Calendar/td_C Automation, C Client MR 24-11008' are matched.

09-01-2025T16:24:43 - [MESSAGE][PASSED] - Actual text and expected text of test object 'Object Repository/Specific Cases Repository/LS/Home/Calendar/Calendar_Events/Calendar_Events_Creation/Page_Calendar/td_C Automation, C Client MR 24-11008' are matched.

09-01-2025T16:24:43 - [TEST_STEP][PASSED] - verifyElementText(findTestObject("Object Repository/Specific Cases Repository/LS/Home/Calendar/Calendar_Events/Calendar_Events_Creation/Page_Calendar/td_B Automation, B Client MR 24-11007"), "B Automation, B Client MR# 24-11007"): Actual text and expected text of test object 'Object Repository/Specific Cases Repository/LS/Home/Calendar/Calendar_Events/Calendar_Events_Creation/Page_Calendar/td_B Automation, B Client MR 24-11007' are matched.

09-01-2025T16:24:43 - [MESSAGE][PASSED] - Actual text and expected text of test object 'Object Repository/Specific Cases Repository/LS/Home/Calendar/Calendar_Events/Calendar_Events_Creation/Page_Calendar/td_B Automation, B Client MR 24-11007' are matched.

09-01-2025T16:24:43 - [TEST_STEP][PASSED] - click(findTestObject("Object Repository/Specific Cases Repository/LS/Home/Calendar/Calendar_Events/Calendar_Events_Creation/Page_Calendar/View Enrolled Patients")): Object: 'Object Repository/Specific Cases Repository/LS/Home/Calendar/Calendar_Events/Calendar_Events_Creation/Page_Calendar/View Enrolled Patients' is clicked on

09-01-2025T16:24:44 - [MESSAGE][PASSED] - Object: 'Object Repository/Specific Cases Repository/LS/Home/Calendar/Calendar_Events/Calendar_Events_Creation/Page_Calendar/View Enrolled Patients' is clicked on

09-01-2025T16:24:44 - [TEST_STEP][PASSED] - scrollToElement(findTestObject("Object Repository/Specific Cases Repository/LS/Home/Calendar/Calendar_Events/Calendar_Events_Creation/Page_Calendar/a_Save"), 0): Scroll to object 'Object Repository/Specific Cases Repository/LS/Home/Calendar/Calendar_Events/Calendar_Events_Creation/Page_Calendar/a_Save' successfully

09-01-2025T16:24:44 - [MESSAGE][WARNING] - Timeout '0' is invalid. Using default page load timeout: '30'

09-01-2025T16:24:44 - [MESSAGE][PASSED] - Scroll to object 'Object Repository/Specific Cases Repository/LS/Home/Calendar/Calendar_Events/Calendar_Events_Creation/Page_Calendar/a_Save' successfully

09-01-2025T16:24:44 - [TEST_STEP][PASSED] - click(findTestObject("Object Repository/Specific Cases Repository/LS/Home/Calendar/Calendar_Events/Calendar_Events_Creation/Page_Calendar/a_Save")): Object: 'Object Repository/Specific Cases Repository/LS/Home/Calendar/Calendar_Events/Calendar_Events_Creation/Page_Calendar/a_Save' is clicked on

09-01-2025T16:24:44 - [MESSAGE][PASSED] - Object: 'Object Repository/Specific Cases Repository/LS/Home/Calendar/Calendar_Events/Calendar_Events_Creation/Page_Calendar/a_Save' is clicked on

09-01-2025T16:24:44 - [TEST_STEP][PASSED] - click(findTestObject("Object Repository/Specific Cases Repository/LS/Home/Calendar/Calendar_Events/Calendar_Events_Creation/Appointment/Page_Calendar/Next Week Arrow")): Object: 'Object Repository/Specific Cases Repository/LS/Home/Calendar/Calendar_Events/Calendar_Events_Creation/Appointment/Page_Calendar/Next Week Arrow' is clicked on

09-01-2025T16:24:47 - [MESSAGE][PASSED] - Object: 'Object Repository/Specific Cases Repository/LS/Home/Calendar/Calendar_Events/Calendar_Events_Creation/Appointment/Page_Calendar/Next Week Arrow' is clicked on

09-01-2025T16:24:47 - [TEST_STEP][PASSED] - waitForPageLoad(30): Wait for page load successfully

09-01-2025T16:24:47 - [MESSAGE][PASSED] - Wait for page load successfully

09-01-2025T16:24:47 - [TEST_STEP][PASSED] - click(findTestObject("Object Repository/Specific Cases Repository/LS/Home/Calendar/Calendar_Events/Calendar_Events_Creation/Page_Calendar/Calendar Event - Future")): Object: 'Object Repository/Specific Cases Repository/LS/Home/Calendar/Calendar_Events/Calendar_Events_Creation/Page_Calendar/Calendar Event - Future' is clicked on

09-01-2025T16:24:48 - [MESSAGE][PASSED] - Object: 'Object Repository/Specific Cases Repository/LS/Home/Calendar/Calendar_Events/Calendar_Events_Creation/Page_Calendar/Calendar Event - Future' is clicked on

09-01-2025T16:24:48 - [TEST_STEP][PASSED] - setText(findTestObject("Object Repository/Specific Cases Repository/LS/Home/Calendar/Calendar_Events/Calendar_Events_Creation/Page_Calendar/input_Title_title_edit"), "Future Automation Test 1.2 Automatically Enroll Clients in Selected Location/Program(s)"): Text 'Future Automation Test 1.2 Automatically Enroll Clients in Selected Location/Program(s)' is set on object 'Object Repository/Specific Cases Repository/LS/Home/Calendar/Calendar_Events/Calendar_Events_Creation/Page_Calendar/input_Title_title_edit'

09-01-2025T16:24:50 - [MESSAGE][PASSED] - Text 'Future Automation Test 1.2 Automatically Enroll Clients in Selected Location/Program(s)' is set on object 'Object Repository/Specific Cases Repository/LS/Home/Calendar/Calendar_Events/Calendar_Events_Creation/Page_Calendar/input_Title_title_edit'

09-01-2025T16:24:50 - [TEST_STEP][PASSED] - verifyElementText(findTestObject("Object Repository/Specific Cases Repository/LS/Home/Calendar/Calendar_Events/Calendar_Events_Creation/Page_Calendar/label_Start Group Session"), "Start Group Session"): Actual text and expected text of test object 'Object Repository/Specific Cases Repository/LS/Home/Calendar/Calendar_Events/Calendar_Events_Creation/Page_Calendar/label_Start Group Session' are matched.

09-01-2025T16:24:51 - [MESSAGE][PASSED] - Actual text and expected text of test object 'Object Repository/Specific Cases Repository/LS/Home/Calendar/Calendar_Events/Calendar_Events_Creation/Page_Calendar/label_Start Group Session' are matched.

09-01-2025T16:24:51 - [TEST_STEP][PASSED] - verifyElementPresent(findTestObject("Object Repository/Specific Cases Repository/LS/Home/Calendar/Calendar_Events/Calendar_Events_Creation/Page_Calendar/input_Start Group Session_isdocumentedgroup"), 0): Object 'Object Repository/Specific Cases Repository/LS/Home/Calendar/Calendar_Events/Calendar_Events_Creation/Page_Calendar/input_Start Group Session_isdocumentedgroup' is present

09-01-2025T16:24:51 - [MESSAGE][WARNING] - Timeout '0' is invalid. Using default page load timeout: '30'

09-01-2025T16:24:51 - [MESSAGE][PASSED] - Object 'Object Repository/Specific Cases Repository/LS/Home/Calendar/Calendar_Events/Calendar_Events_Creation/Page_Calendar/input_Start Group Session_isdocumentedgroup' is present

09-01-2025T16:24:51 - [TEST_STEP][PASSED] - click(findTestObject("Object Repository/Specific Cases Repository/LS/Home/Calendar/Calendar_Events/Calendar_Events_Creation/Page_Calendar/a_Save Revision")): Object: 'Object Repository/Specific Cases Repository/LS/Home/Calendar/Calendar_Events/Calendar_Events_Creation/Page_Calendar/a_Save Revision' is clicked on

09-01-2025T16:24:51 - [MESSAGE][PASSED] - Object: 'Object Repository/Specific Cases Repository/LS/Home/Calendar/Calendar_Events/Calendar_Events_Creation/Page_Calendar/a_Save Revision' is clicked on

09-01-2025T16:24:51 - [TEST_STEP][PASSED] - mouseOver(findTestObject("Object Repository/Specific Cases Repository/LS/Home/Calendar/Calendar_Events/Calendar_Events_Creation/Page_Calendar/Calendar Event - Future")): Object: 'Object Repository/Specific Cases Repository/LS/Home/Calendar/Calendar_Events/Calendar_Events_Creation/Page_Calendar/Calendar Event - Future' is hovered

09-01-2025T16:24:54 - [MESSAGE][PASSED] - Object: 'Object Repository/Specific Cases Repository/LS/Home/Calendar/Calendar_Events/Calendar_Events_Creation/Page_Calendar/Calendar Event - Future' is hovered

09-01-2025T16:24:54 - [TEST_STEP][PASSED] - verifyElementText(findTestObject("Object Repository/Specific Cases Repository/LS/Home/Calendar/Calendar_Events/Calendar_Events_Creation/Page_Calendar/span_Automation Test 1.2 Automatically Enro_f39ad6 - Future"), "Future Automation Test 1.2 Automatically Enroll Clients in Selected Location/Program(s)"): Actual text and expected text of test object 'Object Repository/Specific Cases Repository/LS/Home/Calendar/Calendar_Events/Calendar_Events_Creation/Page_Calendar/span_Automation Test 1.2 Automatically Enro_f39ad6 - Future' are matched.

09-01-2025T16:24:54 - [MESSAGE][PASSED] - Actual text and expected text of test object 'Object Repository/Specific Cases Repository/LS/Home/Calendar/Calendar_Events/Calendar_Events_Creation/Page_Calendar/span_Automation Test 1.2 Automatically Enro_f39ad6 - Future' are matched.

09-01-2025T16:24:54 - [TEST_STEP][PASSED] - closeBrowser(): Browser is closed

09-01-2025T16:24:54 - [MESSAGE][PASSED] - Browser is closed]]></system-out>
         <system-err><![CDATA[]]></system-err>
      </testcase>
      <testcase name="Test Cases/Specific Cases/LS/General/Calendar/Events_Creation/Past Events Creation/Past_Calendar_Appointment" time="39.379" classname="Test Cases/Specific Cases/LS/General/Calendar/Events_Creation/Past Events Creation/Past_Calendar_Appointment" status="PASSED">
         <system-out><![CDATA[09-01-2025T16:24:54 - [TEST_CASE][PASSED] - Test Cases/Specific Cases/LS/General/Calendar/Events_Creation/Past Events Creation/Past_Calendar_Appointment: Test Cases/Specific Cases/LS/General/Calendar/Events_Creation/Past Events Creation/Past_Calendar_Appointment

09-01-2025T16:24:54 - [TEST_STEP][PASSED] - callTestCase(findTestCase("Common Cases/Login"), [:], STOP_ON_FAILURE): Call Test Case 'Test Cases/Common Cases/Login' successfully

09-01-2025T16:24:54 - [TEST_CASE][PASSED] - Test Cases/Common Cases/Login: Test Cases/Common Cases/Login

09-01-2025T16:24:54 - [TEST_STEP][PASSED] - openBrowser(""): Browser is opened with url: ''

09-01-2025T16:24:54 - [MESSAGE][INFO] - Starting 'Chrome' driver

09-01-2025T16:24:54 - [MESSAGE][INFO] - Action delay is set to 0 milliseconds

09-01-2025T16:24:55 - [MESSAGE][PASSED] - Browser is opened with url: ''

09-01-2025T16:24:55 - [TEST_STEP][PASSED] - maximizeWindow(): Current window maximized

09-01-2025T16:24:55 - [MESSAGE][PASSED] - Current window maximized

09-01-2025T16:24:55 - [TEST_STEP][PASSED] - navigateToUrl("https://site17.lsapp.cloud/auth/login"): Navigate to 'https://site17.lsapp.cloud/auth/login' successfully

09-01-2025T16:24:59 - [MESSAGE][PASSED] - Navigate to 'https://site17.lsapp.cloud/auth/login' successfully

09-01-2025T16:24:59 - [TEST_STEP][PASSED] - setText(findTestObject("Object Repository/Common Cases Repository/Login/Page_Lightning Step/input_Email_email"), "automation@lightningstep.com"): Text 'automation@lightningstep.com' is set on object 'Object Repository/Common Cases Repository/Login/Page_Lightning Step/input_Email_email'

09-01-2025T16:25:00 - [MESSAGE][PASSED] - Text 'automation@lightningstep.com' is set on object 'Object Repository/Common Cases Repository/Login/Page_Lightning Step/input_Email_email'

09-01-2025T16:25:00 - [TEST_STEP][PASSED] - setEncryptedText(findTestObject("Object Repository/Common Cases Repository/Login/Page_Lightning Step/input_Password_password"), "e5N8VHmnhJDITtQaQhDQDw=="): Text ****** has been set on object 'Object Repository/Common Cases Repository/Login/Page_Lightning Step/input_Password_password'

09-01-2025T16:25:00 - [MESSAGE][PASSED] - Text ****** has been set on object 'Object Repository/Common Cases Repository/Login/Page_Lightning Step/input_Password_password'

09-01-2025T16:25:00 - [TEST_STEP][PASSED] - click(findTestObject("Object Repository/Common Cases Repository/Login/Page_Lightning Step/button_Sign in")): Object: 'Object Repository/Common Cases Repository/Login/Page_Lightning Step/button_Sign in' is clicked on

09-01-2025T16:25:06 - [MESSAGE][PASSED] - Object: 'Object Repository/Common Cases Repository/Login/Page_Lightning Step/button_Sign in' is clicked on

09-01-2025T16:25:06 - [MESSAGE][PASSED] - Call Test Case 'Test Cases/Common Cases/Login' successfully

09-01-2025T16:25:06 - [TEST_STEP][PASSED] - click(findTestObject("Object Repository/Specific Cases Repository/LS/Home/Calendar/Calendar_Events/Calendar_Events_Creation/Page_Home/a_Calendar")): Object: 'Object Repository/Specific Cases Repository/LS/Home/Calendar/Calendar_Events/Calendar_Events_Creation/Page_Home/a_Calendar' is clicked on

09-01-2025T16:25:13 - [MESSAGE][PASSED] - Object: 'Object Repository/Specific Cases Repository/LS/Home/Calendar/Calendar_Events/Calendar_Events_Creation/Page_Home/a_Calendar' is clicked on

09-01-2025T16:25:13 - [TEST_STEP][PASSED] - click(findTestObject("Object Repository/Specific Cases Repository/LS/Home/Calendar/Calendar_Events/Calendar_Events_Creation/Appointment/Page_Calendar/div_Week")): Object: 'Object Repository/Specific Cases Repository/LS/Home/Calendar/Calendar_Events/Calendar_Events_Creation/Appointment/Page_Calendar/div_Week' is clicked on

09-01-2025T16:25:14 - [MESSAGE][PASSED] - Object: 'Object Repository/Specific Cases Repository/LS/Home/Calendar/Calendar_Events/Calendar_Events_Creation/Appointment/Page_Calendar/div_Week' is clicked on

09-01-2025T16:25:14 - [TEST_STEP][PASSED] - click(findTestObject("Object Repository/Specific Cases Repository/LS/Home/Calendar/Calendar_Events/Calendar_Events_Creation/Appointment/Page_Calendar/button_Create new")): Object: 'Object Repository/Specific Cases Repository/LS/Home/Calendar/Calendar_Events/Calendar_Events_Creation/Appointment/Page_Calendar/button_Create new' is clicked on

09-01-2025T16:25:15 - [MESSAGE][PASSED] - Object: 'Object Repository/Specific Cases Repository/LS/Home/Calendar/Calendar_Events/Calendar_Events_Creation/Appointment/Page_Calendar/button_Create new' is clicked on

09-01-2025T16:25:15 - [TEST_STEP][PASSED] - click(findTestObject("Object Repository/Specific Cases Repository/LS/Home/Calendar/Calendar_Events/Calendar_Events_Creation/Appointment/Page_Calendar/label_Appointment")): Object: 'Object Repository/Specific Cases Repository/LS/Home/Calendar/Calendar_Events/Calendar_Events_Creation/Appointment/Page_Calendar/label_Appointment' is clicked on

09-01-2025T16:25:16 - [MESSAGE][PASSED] - Object: 'Object Repository/Specific Cases Repository/LS/Home/Calendar/Calendar_Events/Calendar_Events_Creation/Appointment/Page_Calendar/label_Appointment' is clicked on

09-01-2025T16:25:16 - [TEST_STEP][PASSED] - click(findTestObject("Object Repository/Specific Cases Repository/LS/Home/Calendar/Calendar_Events/Calendar_Events_Creation/Appointment/Page_Calendar/span_Select Client")): Object: 'Object Repository/Specific Cases Repository/LS/Home/Calendar/Calendar_Events/Calendar_Events_Creation/Appointment/Page_Calendar/span_Select Client' is clicked on

09-01-2025T16:25:16 - [MESSAGE][PASSED] - Object: 'Object Repository/Specific Cases Repository/LS/Home/Calendar/Calendar_Events/Calendar_Events_Creation/Appointment/Page_Calendar/span_Select Client' is clicked on

09-01-2025T16:25:16 - [TEST_STEP][PASSED] - click(findTestObject("Object Repository/Specific Cases Repository/LS/Home/Calendar/Calendar_Events/Calendar_Events_Creation/Page_Calendar/a_Cancel")): Object: 'Object Repository/Specific Cases Repository/LS/Home/Calendar/Calendar_Events/Calendar_Events_Creation/Page_Calendar/a_Cancel' is clicked on

09-01-2025T16:25:17 - [MESSAGE][PASSED] - Object: 'Object Repository/Specific Cases Repository/LS/Home/Calendar/Calendar_Events/Calendar_Events_Creation/Page_Calendar/a_Cancel' is clicked on

09-01-2025T16:25:17 - [TEST_STEP][PASSED] - click(findTestObject("Object Repository/Specific Cases Repository/LS/Home/Calendar/Calendar_Events/Calendar_Events_Creation/Appointment/Page_Calendar/button_Create new")): Object: 'Object Repository/Specific Cases Repository/LS/Home/Calendar/Calendar_Events/Calendar_Events_Creation/Appointment/Page_Calendar/button_Create new' is clicked on

09-01-2025T16:25:17 - [MESSAGE][PASSED] - Object: 'Object Repository/Specific Cases Repository/LS/Home/Calendar/Calendar_Events/Calendar_Events_Creation/Appointment/Page_Calendar/button_Create new' is clicked on

09-01-2025T16:25:17 - [TEST_STEP][PASSED] - click(findTestObject("Object Repository/Specific Cases Repository/LS/Home/Calendar/Calendar_Events/Calendar_Events_Creation/Appointment/Page_Calendar/label_Appointment")): Object: 'Object Repository/Specific Cases Repository/LS/Home/Calendar/Calendar_Events/Calendar_Events_Creation/Appointment/Page_Calendar/label_Appointment' is clicked on

09-01-2025T16:25:18 - [MESSAGE][PASSED] - Object: 'Object Repository/Specific Cases Repository/LS/Home/Calendar/Calendar_Events/Calendar_Events_Creation/Appointment/Page_Calendar/label_Appointment' is clicked on

09-01-2025T16:25:18 - [TEST_STEP][PASSED] - click(findTestObject("Object Repository/Specific Cases Repository/LS/Home/Calendar/Calendar_Events/Calendar_Events_Creation/Appointment/Page_Calendar/label_Appointment")): Object: 'Object Repository/Specific Cases Repository/LS/Home/Calendar/Calendar_Events/Calendar_Events_Creation/Appointment/Page_Calendar/label_Appointment' is clicked on

09-01-2025T16:25:19 - [MESSAGE][PASSED] - Object: 'Object Repository/Specific Cases Repository/LS/Home/Calendar/Calendar_Events/Calendar_Events_Creation/Appointment/Page_Calendar/label_Appointment' is clicked on

09-01-2025T16:25:19 - [TEST_STEP][PASSED] - click(findTestObject("Object Repository/Specific Cases Repository/LS/Home/Calendar/Calendar_Events/Calendar_Events_Creation/Appointment/Page_Calendar/span_Select Client")): Object: 'Object Repository/Specific Cases Repository/LS/Home/Calendar/Calendar_Events/Calendar_Events_Creation/Appointment/Page_Calendar/span_Select Client' is clicked on

09-01-2025T16:25:19 - [MESSAGE][PASSED] - Object: 'Object Repository/Specific Cases Repository/LS/Home/Calendar/Calendar_Events/Calendar_Events_Creation/Appointment/Page_Calendar/span_Select Client' is clicked on

09-01-2025T16:25:19 - [TEST_STEP][PASSED] - setText(findTestObject("Specific Cases Repository/LS/Home/Calendar/Calendar_Events/Calendar_Events_Creation/Appointment/Page_Calendar/Patien Name"), "B Auto"): Text 'B Auto' is set on object 'Object Repository/Specific Cases Repository/LS/Home/Calendar/Calendar_Events/Calendar_Events_Creation/Appointment/Page_Calendar/Patien Name'

09-01-2025T16:25:20 - [MESSAGE][PASSED] - Text 'B Auto' is set on object 'Object Repository/Specific Cases Repository/LS/Home/Calendar/Calendar_Events/Calendar_Events_Creation/Appointment/Page_Calendar/Patien Name'

09-01-2025T16:25:20 - [TEST_STEP][PASSED] - sendKeys(findTestObject("Object Repository/Specific Cases Repository/LS/Home/Calendar/Calendar_Events/Calendar_Events_Creation/Appointment/Page_Calendar/Patien Name"), Keys.chord(ENTER)): Keys 'ENTER + ' sent to object: 'Object Repository/Specific Cases Repository/LS/Home/Calendar/Calendar_Events/Calendar_Events_Creation/Appointment/Page_Calendar/Patien Name'

09-01-2025T16:25:21 - [MESSAGE][PASSED] - Keys 'ENTER + ' sent to object: 'Object Repository/Specific Cases Repository/LS/Home/Calendar/Calendar_Events/Calendar_Events_Creation/Appointment/Page_Calendar/Patien Name'

09-01-2025T16:25:21 - [TEST_STEP][PASSED] - click(findTestObject("Object Repository/Specific Cases Repository/LS/Home/Calendar/Calendar_Events/Calendar_Events_Creation/Appointment/Page_Calendar/span_Select Service")): Object: 'Object Repository/Specific Cases Repository/LS/Home/Calendar/Calendar_Events/Calendar_Events_Creation/Appointment/Page_Calendar/span_Select Service' is clicked on

09-01-2025T16:25:22 - [MESSAGE][PASSED] - Object: 'Object Repository/Specific Cases Repository/LS/Home/Calendar/Calendar_Events/Calendar_Events_Creation/Appointment/Page_Calendar/span_Select Service' is clicked on

09-01-2025T16:25:22 - [TEST_STEP][PASSED] - setText(findTestObject("Object Repository/Specific Cases Repository/LS/Home/Calendar/Calendar_Events/Calendar_Events_Creation/Appointment/Page_Calendar/Patien Name"), "5 "): Text '5 ' is set on object 'Object Repository/Specific Cases Repository/LS/Home/Calendar/Calendar_Events/Calendar_Events_Creation/Appointment/Page_Calendar/Patien Name'

09-01-2025T16:25:22 - [MESSAGE][PASSED] - Text '5 ' is set on object 'Object Repository/Specific Cases Repository/LS/Home/Calendar/Calendar_Events/Calendar_Events_Creation/Appointment/Page_Calendar/Patien Name'

09-01-2025T16:25:22 - [TEST_STEP][PASSED] - sendKeys(findTestObject("Object Repository/Specific Cases Repository/LS/Home/Calendar/Calendar_Events/Calendar_Events_Creation/Appointment/Page_Calendar/Patien Name"), Keys.chord(ENTER)): Keys 'ENTER + ' sent to object: 'Object Repository/Specific Cases Repository/LS/Home/Calendar/Calendar_Events/Calendar_Events_Creation/Appointment/Page_Calendar/Patien Name'

09-01-2025T16:25:23 - [MESSAGE][PASSED] - Keys 'ENTER + ' sent to object: 'Object Repository/Specific Cases Repository/LS/Home/Calendar/Calendar_Events/Calendar_Events_Creation/Appointment/Page_Calendar/Patien Name'

09-01-2025T16:25:23 - [TEST_STEP][PASSED] - click(findTestObject("Object Repository/Specific Cases Repository/LS/Home/Calendar/Calendar_Events/Calendar_Events_Creation/Appointment/Page_Calendar/input_Title_title_")): Object: 'Object Repository/Specific Cases Repository/LS/Home/Calendar/Calendar_Events/Calendar_Events_Creation/Appointment/Page_Calendar/input_Title_title_' is clicked on

09-01-2025T16:25:23 - [MESSAGE][PASSED] - Object: 'Object Repository/Specific Cases Repository/LS/Home/Calendar/Calendar_Events/Calendar_Events_Creation/Appointment/Page_Calendar/input_Title_title_' is clicked on

09-01-2025T16:25:23 - [TEST_STEP][PASSED] - setText(findTestObject("Object Repository/Specific Cases Repository/LS/Home/Calendar/Calendar_Events/Calendar_Events_Creation/Appointment/Page_Calendar/input_Title_title_"), "Past Automation Test with B Automation, B Client MR# 24-11007: 5 Panel Drug Screen"): Text 'Past Automation Test with B Automation, B Client MR# 24-11007: 5 Panel Drug Screen' is set on object 'Object Repository/Specific Cases Repository/LS/Home/Calendar/Calendar_Events/Calendar_Events_Creation/Appointment/Page_Calendar/input_Title_title_'

09-01-2025T16:25:24 - [MESSAGE][PASSED] - Text 'Past Automation Test with B Automation, B Client MR# 24-11007: 5 Panel Drug Screen' is set on object 'Object Repository/Specific Cases Repository/LS/Home/Calendar/Calendar_Events/Calendar_Events_Creation/Appointment/Page_Calendar/input_Title_title_'

09-01-2025T16:25:24 - [TEST_STEP][PASSED] - click(findTestObject("Object Repository/Specific Cases Repository/LS/Home/Calendar/Calendar_Events/Calendar_Events_Creation/Appointment/Page_Calendar/Date")): Object: 'Object Repository/Specific Cases Repository/LS/Home/Calendar/Calendar_Events/Calendar_Events_Creation/Appointment/Page_Calendar/Date' is clicked on

09-01-2025T16:25:24 - [MESSAGE][PASSED] - Object: 'Object Repository/Specific Cases Repository/LS/Home/Calendar/Calendar_Events/Calendar_Events_Creation/Appointment/Page_Calendar/Date' is clicked on

09-01-2025T16:25:24 - [TEST_STEP][PASSED] - setText(findTestObject("Object Repository/Specific Cases Repository/LS/Home/Calendar/Calendar_Events/Calendar_Events_Creation/Appointment/Page_Calendar/Date"), Last_Week_Date): Text '01/02/2025' is set on object 'Object Repository/Specific Cases Repository/LS/Home/Calendar/Calendar_Events/Calendar_Events_Creation/Appointment/Page_Calendar/Date'

09-01-2025T16:25:25 - [MESSAGE][PASSED] - Text '01/02/2025' is set on object 'Object Repository/Specific Cases Repository/LS/Home/Calendar/Calendar_Events/Calendar_Events_Creation/Appointment/Page_Calendar/Date'

09-01-2025T16:25:25 - [TEST_STEP][PASSED] - click(findTestObject("Object Repository/Specific Cases Repository/LS/Home/Calendar/Calendar_Events/Calendar_Events_Creation/Appointment/Page_Calendar/Start Time Clock")): Object: 'Object Repository/Specific Cases Repository/LS/Home/Calendar/Calendar_Events/Calendar_Events_Creation/Appointment/Page_Calendar/Start Time Clock' is clicked on

09-01-2025T16:25:26 - [MESSAGE][PASSED] - Object: 'Object Repository/Specific Cases Repository/LS/Home/Calendar/Calendar_Events/Calendar_Events_Creation/Appointment/Page_Calendar/Start Time Clock' is clicked on

09-01-2025T16:25:26 - [TEST_STEP][PASSED] - setText(findTestObject("Object Repository/Specific Cases Repository/LS/Home/Calendar/Calendar_Events/Calendar_Events_Creation/Appointment/Page_Calendar/Start Time Clock"), "1500"): Text '1500' is set on object 'Object Repository/Specific Cases Repository/LS/Home/Calendar/Calendar_Events/Calendar_Events_Creation/Appointment/Page_Calendar/Start Time Clock'

09-01-2025T16:25:27 - [MESSAGE][PASSED] - Text '1500' is set on object 'Object Repository/Specific Cases Repository/LS/Home/Calendar/Calendar_Events/Calendar_Events_Creation/Appointment/Page_Calendar/Start Time Clock'

09-01-2025T16:25:27 - [TEST_STEP][PASSED] - click(findTestObject("Object Repository/Specific Cases Repository/LS/Home/Calendar/Calendar_Events/Calendar_Events_Creation/Appointment/Page_Calendar/End Time Clock")): Object: 'Object Repository/Specific Cases Repository/LS/Home/Calendar/Calendar_Events/Calendar_Events_Creation/Appointment/Page_Calendar/End Time Clock' is clicked on

09-01-2025T16:25:27 - [MESSAGE][PASSED] - Object: 'Object Repository/Specific Cases Repository/LS/Home/Calendar/Calendar_Events/Calendar_Events_Creation/Appointment/Page_Calendar/End Time Clock' is clicked on

09-01-2025T16:25:27 - [TEST_STEP][PASSED] - setText(findTestObject("Object Repository/Specific Cases Repository/LS/Home/Calendar/Calendar_Events/Calendar_Events_Creation/Appointment/Page_Calendar/End Time Clock"), "1600"): Text '1600' is set on object 'Object Repository/Specific Cases Repository/LS/Home/Calendar/Calendar_Events/Calendar_Events_Creation/Appointment/Page_Calendar/End Time Clock'

09-01-2025T16:25:28 - [MESSAGE][PASSED] - Text '1600' is set on object 'Object Repository/Specific Cases Repository/LS/Home/Calendar/Calendar_Events/Calendar_Events_Creation/Appointment/Page_Calendar/End Time Clock'

09-01-2025T16:25:28 - [TEST_STEP][PASSED] - setText(findTestObject("Object Repository/Specific Cases Repository/LS/Home/Calendar/Calendar_Events/Calendar_Events_Creation/Appointment/Page_Calendar/input_Notes_notes"), "Automation Test Note"): Text 'Automation Test Note' is set on object 'Object Repository/Specific Cases Repository/LS/Home/Calendar/Calendar_Events/Calendar_Events_Creation/Appointment/Page_Calendar/input_Notes_notes'

09-01-2025T16:25:29 - [MESSAGE][PASSED] - Text 'Automation Test Note' is set on object 'Object Repository/Specific Cases Repository/LS/Home/Calendar/Calendar_Events/Calendar_Events_Creation/Appointment/Page_Calendar/input_Notes_notes'

09-01-2025T16:25:29 - [TEST_STEP][PASSED] - scrollToElement(findTestObject("Specific Cases Repository/LS/Home/Calendar/Calendar_Events/Calendar_Events_Creation/Appointment/Page_Calendar/a_Save"), 0): Scroll to object 'Object Repository/Specific Cases Repository/LS/Home/Calendar/Calendar_Events/Calendar_Events_Creation/Appointment/Page_Calendar/a_Save' successfully

09-01-2025T16:25:29 - [MESSAGE][WARNING] - Timeout '0' is invalid. Using default page load timeout: '30'

09-01-2025T16:25:29 - [MESSAGE][PASSED] - Scroll to object 'Object Repository/Specific Cases Repository/LS/Home/Calendar/Calendar_Events/Calendar_Events_Creation/Appointment/Page_Calendar/a_Save' successfully

09-01-2025T16:25:29 - [TEST_STEP][PASSED] - click(findTestObject("Specific Cases Repository/LS/Home/Calendar/Calendar_Events/Calendar_Events_Creation/Appointment/Page_Calendar/a_Save")): Object: 'Object Repository/Specific Cases Repository/LS/Home/Calendar/Calendar_Events/Calendar_Events_Creation/Appointment/Page_Calendar/a_Save' is clicked on

09-01-2025T16:25:30 - [MESSAGE][PASSED] - Object: 'Object Repository/Specific Cases Repository/LS/Home/Calendar/Calendar_Events/Calendar_Events_Creation/Appointment/Page_Calendar/a_Save' is clicked on

09-01-2025T16:25:30 - [TEST_STEP][PASSED] - click(findTestObject("Specific Cases Repository/LS/Home/Calendar/Calendar_Events/Calendar_Events_Creation/Appointment/Page_Calendar/Previus Week Arrow")): Object: 'Object Repository/Specific Cases Repository/LS/Home/Calendar/Calendar_Events/Calendar_Events_Creation/Appointment/Page_Calendar/Previus Week Arrow' is clicked on

09-01-2025T16:25:31 - [MESSAGE][PASSED] - Object: 'Object Repository/Specific Cases Repository/LS/Home/Calendar/Calendar_Events/Calendar_Events_Creation/Appointment/Page_Calendar/Previus Week Arrow' is clicked on

09-01-2025T16:25:31 - [TEST_STEP][PASSED] - scrollToElement(findTestObject("Specific Cases Repository/LS/Home/Calendar/Calendar_Events/Calendar_Events_Creation/Appointment/Page_Calendar/a_Automation Test with A Automation, A Clie_8f5a4c - Past"), 0): Scroll to object 'Object Repository/Specific Cases Repository/LS/Home/Calendar/Calendar_Events/Calendar_Events_Creation/Appointment/Page_Calendar/a_Automation Test with A Automation, A Clie_8f5a4c - Past' successfully

09-01-2025T16:25:31 - [MESSAGE][WARNING] - Timeout '0' is invalid. Using default page load timeout: '30'

09-01-2025T16:25:32 - [MESSAGE][PASSED] - Scroll to object 'Object Repository/Specific Cases Repository/LS/Home/Calendar/Calendar_Events/Calendar_Events_Creation/Appointment/Page_Calendar/a_Automation Test with A Automation, A Clie_8f5a4c - Past' successfully

09-01-2025T16:25:32 - [TEST_STEP][PASSED] - mouseOver(findTestObject("Specific Cases Repository/LS/Home/Calendar/Calendar_Events/Calendar_Events_Creation/Appointment/Page_Calendar/a_Automation Test with A Automation, A Clie_8f5a4c - Past")): Object: 'Object Repository/Specific Cases Repository/LS/Home/Calendar/Calendar_Events/Calendar_Events_Creation/Appointment/Page_Calendar/a_Automation Test with A Automation, A Clie_8f5a4c - Past' is hovered

09-01-2025T16:25:33 - [MESSAGE][PASSED] - Object: 'Object Repository/Specific Cases Repository/LS/Home/Calendar/Calendar_Events/Calendar_Events_Creation/Appointment/Page_Calendar/a_Automation Test with A Automation, A Clie_8f5a4c - Past' is hovered

09-01-2025T16:25:33 - [TEST_STEP][PASSED] - click(findTestObject("Specific Cases Repository/LS/Home/Calendar/Calendar_Events/Calendar_Events_Creation/Appointment/Page_Calendar/a_Automation Test with A Automation, A Clie_8f5a4c - Past")): Object: 'Object Repository/Specific Cases Repository/LS/Home/Calendar/Calendar_Events/Calendar_Events_Creation/Appointment/Page_Calendar/a_Automation Test with A Automation, A Clie_8f5a4c - Past' is clicked on

09-01-2025T16:25:33 - [MESSAGE][PASSED] - Object: 'Object Repository/Specific Cases Repository/LS/Home/Calendar/Calendar_Events/Calendar_Events_Creation/Appointment/Page_Calendar/a_Automation Test with A Automation, A Clie_8f5a4c - Past' is clicked on

09-01-2025T16:25:33 - [TEST_STEP][PASSED] - closeBrowser(): Browser is closed

09-01-2025T16:25:34 - [MESSAGE][PASSED] - Browser is closed]]></system-out>
         <system-err><![CDATA[]]></system-err>
      </testcase>
      <testcase name="Test Cases/Specific Cases/LS/General/Calendar/Events_Creation/Past Events Creation/Past_Calendar_Block" time="29.468" classname="Test Cases/Specific Cases/LS/General/Calendar/Events_Creation/Past Events Creation/Past_Calendar_Block" status="PASSED">
         <system-out><![CDATA[09-01-2025T16:25:34 - [TEST_CASE][PASSED] - Test Cases/Specific Cases/LS/General/Calendar/Events_Creation/Past Events Creation/Past_Calendar_Block: Test Cases/Specific Cases/LS/General/Calendar/Events_Creation/Past Events Creation/Past_Calendar_Block

09-01-2025T16:25:34 - [TEST_STEP][PASSED] - callTestCase(findTestCase("Common Cases/Login"), [:], STOP_ON_FAILURE): Call Test Case 'Test Cases/Common Cases/Login' successfully

09-01-2025T16:25:34 - [TEST_CASE][PASSED] - Test Cases/Common Cases/Login: Test Cases/Common Cases/Login

09-01-2025T16:25:34 - [TEST_STEP][PASSED] - openBrowser(""): Browser is opened with url: ''

09-01-2025T16:25:34 - [MESSAGE][INFO] - Starting 'Chrome' driver

09-01-2025T16:25:34 - [MESSAGE][INFO] - Action delay is set to 0 milliseconds

09-01-2025T16:25:35 - [MESSAGE][PASSED] - Browser is opened with url: ''

09-01-2025T16:25:35 - [TEST_STEP][PASSED] - maximizeWindow(): Current window maximized

09-01-2025T16:25:35 - [MESSAGE][PASSED] - Current window maximized

09-01-2025T16:25:35 - [TEST_STEP][PASSED] - navigateToUrl("https://site17.lsapp.cloud/auth/login"): Navigate to 'https://site17.lsapp.cloud/auth/login' successfully

09-01-2025T16:25:39 - [MESSAGE][PASSED] - Navigate to 'https://site17.lsapp.cloud/auth/login' successfully

09-01-2025T16:25:39 - [TEST_STEP][PASSED] - setText(findTestObject("Object Repository/Common Cases Repository/Login/Page_Lightning Step/input_Email_email"), "automation@lightningstep.com"): Text 'automation@lightningstep.com' is set on object 'Object Repository/Common Cases Repository/Login/Page_Lightning Step/input_Email_email'

09-01-2025T16:25:40 - [MESSAGE][PASSED] - Text 'automation@lightningstep.com' is set on object 'Object Repository/Common Cases Repository/Login/Page_Lightning Step/input_Email_email'

09-01-2025T16:25:40 - [TEST_STEP][PASSED] - setEncryptedText(findTestObject("Object Repository/Common Cases Repository/Login/Page_Lightning Step/input_Password_password"), "e5N8VHmnhJDITtQaQhDQDw=="): Text ****** has been set on object 'Object Repository/Common Cases Repository/Login/Page_Lightning Step/input_Password_password'

09-01-2025T16:25:41 - [MESSAGE][PASSED] - Text ****** has been set on object 'Object Repository/Common Cases Repository/Login/Page_Lightning Step/input_Password_password'

09-01-2025T16:25:41 - [TEST_STEP][PASSED] - click(findTestObject("Object Repository/Common Cases Repository/Login/Page_Lightning Step/button_Sign in")): Object: 'Object Repository/Common Cases Repository/Login/Page_Lightning Step/button_Sign in' is clicked on

09-01-2025T16:25:46 - [MESSAGE][PASSED] - Object: 'Object Repository/Common Cases Repository/Login/Page_Lightning Step/button_Sign in' is clicked on

09-01-2025T16:25:46 - [MESSAGE][PASSED] - Call Test Case 'Test Cases/Common Cases/Login' successfully

09-01-2025T16:25:46 - [TEST_STEP][PASSED] - click(findTestObject("Object Repository/Specific Cases Repository/LS/Home/Calendar/Calendar_Events/Calendar_Events_Creation/Block/Page_Home/a_Calendar")): Object: 'Object Repository/Specific Cases Repository/LS/Home/Calendar/Calendar_Events/Calendar_Events_Creation/Block/Page_Home/a_Calendar' is clicked on

09-01-2025T16:25:52 - [MESSAGE][PASSED] - Object: 'Object Repository/Specific Cases Repository/LS/Home/Calendar/Calendar_Events/Calendar_Events_Creation/Block/Page_Home/a_Calendar' is clicked on

09-01-2025T16:25:52 - [TEST_STEP][PASSED] - click(findTestObject("Object Repository/Specific Cases Repository/LS/Home/Calendar/Calendar_Events/Calendar_Events_Creation/Appointment/Page_Calendar/div_Week")): Object: 'Object Repository/Specific Cases Repository/LS/Home/Calendar/Calendar_Events/Calendar_Events_Creation/Appointment/Page_Calendar/div_Week' is clicked on

09-01-2025T16:25:53 - [MESSAGE][PASSED] - Object: 'Object Repository/Specific Cases Repository/LS/Home/Calendar/Calendar_Events/Calendar_Events_Creation/Appointment/Page_Calendar/div_Week' is clicked on

09-01-2025T16:25:53 - [TEST_STEP][PASSED] - click(findTestObject("Object Repository/Specific Cases Repository/LS/Home/Calendar/Calendar_Events/Calendar_Events_Creation/Block/Page_Calendar/button_Create new")): Object: 'Object Repository/Specific Cases Repository/LS/Home/Calendar/Calendar_Events/Calendar_Events_Creation/Block/Page_Calendar/button_Create new' is clicked on

09-01-2025T16:25:53 - [MESSAGE][PASSED] - Object: 'Object Repository/Specific Cases Repository/LS/Home/Calendar/Calendar_Events/Calendar_Events_Creation/Block/Page_Calendar/button_Create new' is clicked on

09-01-2025T16:25:53 - [TEST_STEP][PASSED] - click(findTestObject("Object Repository/Specific Cases Repository/LS/Home/Calendar/Calendar_Events/Calendar_Events_Creation/Block/Page_Calendar/label_Block")): Object: 'Object Repository/Specific Cases Repository/LS/Home/Calendar/Calendar_Events/Calendar_Events_Creation/Block/Page_Calendar/label_Block' is clicked on

09-01-2025T16:25:54 - [MESSAGE][PASSED] - Object: 'Object Repository/Specific Cases Repository/LS/Home/Calendar/Calendar_Events/Calendar_Events_Creation/Block/Page_Calendar/label_Block' is clicked on

09-01-2025T16:25:54 - [TEST_STEP][PASSED] - setText(findTestObject("Object Repository/Specific Cases Repository/LS/Home/Calendar/Calendar_Events/Calendar_Events_Creation/Block/Page_Calendar/input_Title_title_"), "Past Automation Block"): Text 'Past Automation Block' is set on object 'Object Repository/Specific Cases Repository/LS/Home/Calendar/Calendar_Events/Calendar_Events_Creation/Block/Page_Calendar/input_Title_title_'

09-01-2025T16:25:55 - [MESSAGE][PASSED] - Text 'Past Automation Block' is set on object 'Object Repository/Specific Cases Repository/LS/Home/Calendar/Calendar_Events/Calendar_Events_Creation/Block/Page_Calendar/input_Title_title_'

09-01-2025T16:25:55 - [TEST_STEP][PASSED] - click(findTestObject("Object Repository/Specific Cases Repository/LS/Home/Calendar/Calendar_Events/Calendar_Events_Creation/Appointment/Page_Calendar/Date")): Object: 'Object Repository/Specific Cases Repository/LS/Home/Calendar/Calendar_Events/Calendar_Events_Creation/Appointment/Page_Calendar/Date' is clicked on

09-01-2025T16:25:55 - [MESSAGE][PASSED] - Object: 'Object Repository/Specific Cases Repository/LS/Home/Calendar/Calendar_Events/Calendar_Events_Creation/Appointment/Page_Calendar/Date' is clicked on

09-01-2025T16:25:55 - [TEST_STEP][PASSED] - setText(findTestObject("Object Repository/Specific Cases Repository/LS/Home/Calendar/Calendar_Events/Calendar_Events_Creation/Appointment/Page_Calendar/Date"), Last_Week_Date): Text '01/02/2025' is set on object 'Object Repository/Specific Cases Repository/LS/Home/Calendar/Calendar_Events/Calendar_Events_Creation/Appointment/Page_Calendar/Date'

09-01-2025T16:25:56 - [MESSAGE][PASSED] - Text '01/02/2025' is set on object 'Object Repository/Specific Cases Repository/LS/Home/Calendar/Calendar_Events/Calendar_Events_Creation/Appointment/Page_Calendar/Date'

09-01-2025T16:25:56 - [TEST_STEP][PASSED] - click(findTestObject("Object Repository/Specific Cases Repository/LS/Home/Calendar/Calendar_Events/Calendar_Events_Creation/Appointment/Page_Calendar/Start Time Clock")): Object: 'Object Repository/Specific Cases Repository/LS/Home/Calendar/Calendar_Events/Calendar_Events_Creation/Appointment/Page_Calendar/Start Time Clock' is clicked on

09-01-2025T16:25:57 - [MESSAGE][PASSED] - Object: 'Object Repository/Specific Cases Repository/LS/Home/Calendar/Calendar_Events/Calendar_Events_Creation/Appointment/Page_Calendar/Start Time Clock' is clicked on

09-01-2025T16:25:57 - [TEST_STEP][PASSED] - setText(findTestObject("Object Repository/Specific Cases Repository/LS/Home/Calendar/Calendar_Events/Calendar_Events_Creation/Appointment/Page_Calendar/Start Time Clock"), "1600"): Text '1600' is set on object 'Object Repository/Specific Cases Repository/LS/Home/Calendar/Calendar_Events/Calendar_Events_Creation/Appointment/Page_Calendar/Start Time Clock'

09-01-2025T16:25:57 - [MESSAGE][PASSED] - Text '1600' is set on object 'Object Repository/Specific Cases Repository/LS/Home/Calendar/Calendar_Events/Calendar_Events_Creation/Appointment/Page_Calendar/Start Time Clock'

09-01-2025T16:25:57 - [TEST_STEP][PASSED] - click(findTestObject("Object Repository/Specific Cases Repository/LS/Home/Calendar/Calendar_Events/Calendar_Events_Creation/Block/Page_Calendar/div_Schedule                               _3f20bf")): Object: 'Object Repository/Specific Cases Repository/LS/Home/Calendar/Calendar_Events/Calendar_Events_Creation/Block/Page_Calendar/div_Schedule                               _3f20bf' is clicked on

09-01-2025T16:25:58 - [MESSAGE][PASSED] - Object: 'Object Repository/Specific Cases Repository/LS/Home/Calendar/Calendar_Events/Calendar_Events_Creation/Block/Page_Calendar/div_Schedule                               _3f20bf' is clicked on

09-01-2025T16:25:58 - [TEST_STEP][PASSED] - setText(findTestObject("Object Repository/Specific Cases Repository/LS/Home/Calendar/Calendar_Events/Calendar_Events_Creation/Block/Page_Calendar/input_Notes_notes"), "Automation Block Note"): Text 'Automation Block Note' is set on object 'Object Repository/Specific Cases Repository/LS/Home/Calendar/Calendar_Events/Calendar_Events_Creation/Block/Page_Calendar/input_Notes_notes'

09-01-2025T16:25:59 - [MESSAGE][PASSED] - Text 'Automation Block Note' is set on object 'Object Repository/Specific Cases Repository/LS/Home/Calendar/Calendar_Events/Calendar_Events_Creation/Block/Page_Calendar/input_Notes_notes'

09-01-2025T16:25:59 - [TEST_STEP][PASSED] - click(findTestObject("Object Repository/Specific Cases Repository/LS/Home/Calendar/Calendar_Events/Calendar_Events_Creation/Block/Page_Calendar/a_Save")): Object: 'Object Repository/Specific Cases Repository/LS/Home/Calendar/Calendar_Events/Calendar_Events_Creation/Block/Page_Calendar/a_Save' is clicked on

09-01-2025T16:25:59 - [MESSAGE][PASSED] - Object: 'Object Repository/Specific Cases Repository/LS/Home/Calendar/Calendar_Events/Calendar_Events_Creation/Block/Page_Calendar/a_Save' is clicked on

09-01-2025T16:25:59 - [TEST_STEP][PASSED] - click(findTestObject("Specific Cases Repository/LS/Home/Calendar/Calendar_Events/Calendar_Events_Creation/Appointment/Page_Calendar/Previus Week Arrow")): Object: 'Object Repository/Specific Cases Repository/LS/Home/Calendar/Calendar_Events/Calendar_Events_Creation/Appointment/Page_Calendar/Previus Week Arrow' is clicked on

09-01-2025T16:26:01 - [MESSAGE][PASSED] - Object: 'Object Repository/Specific Cases Repository/LS/Home/Calendar/Calendar_Events/Calendar_Events_Creation/Appointment/Page_Calendar/Previus Week Arrow' is clicked on

09-01-2025T16:26:01 - [TEST_STEP][PASSED] - mouseOver(findTestObject("Specific Cases Repository/LS/Home/Calendar/Calendar_Events/Calendar_Events_Creation/Block/Page_Calendar/a_Blocked for Automation Block - Past")): Object: 'Object Repository/Specific Cases Repository/LS/Home/Calendar/Calendar_Events/Calendar_Events_Creation/Block/Page_Calendar/a_Blocked for Automation Block - Past' is hovered

09-01-2025T16:26:02 - [MESSAGE][PASSED] - Object: 'Object Repository/Specific Cases Repository/LS/Home/Calendar/Calendar_Events/Calendar_Events_Creation/Block/Page_Calendar/a_Blocked for Automation Block - Past' is hovered

09-01-2025T16:26:02 - [TEST_STEP][PASSED] - verifyElementText(findTestObject("Specific Cases Repository/LS/Home/Calendar/Calendar_Events/Calendar_Events_Creation/Block/Page_Calendar/span_Blocked for Past Automation Block"), "Blocked for: Past Automation Block"): Actual text and expected text of test object 'Object Repository/Specific Cases Repository/LS/Home/Calendar/Calendar_Events/Calendar_Events_Creation/Block/Page_Calendar/span_Blocked for Past Automation Block' are matched.

09-01-2025T16:26:02 - [MESSAGE][PASSED] - Actual text and expected text of test object 'Object Repository/Specific Cases Repository/LS/Home/Calendar/Calendar_Events/Calendar_Events_Creation/Block/Page_Calendar/span_Blocked for Past Automation Block' are matched.

09-01-2025T16:26:02 - [TEST_STEP][PASSED] - closeBrowser(): Browser is closed

09-01-2025T16:26:03 - [MESSAGE][PASSED] - Browser is closed]]></system-out>
         <system-err><![CDATA[]]></system-err>
      </testcase>
      <testcase name="Test Cases/Specific Cases/LS/General/Calendar/Events_Creation/Past Events Creation/Past_Calendar_Event" time="33.411" classname="Test Cases/Specific Cases/LS/General/Calendar/Events_Creation/Past Events Creation/Past_Calendar_Event" status="PASSED">
         <system-out><![CDATA[09-01-2025T16:26:03 - [TEST_CASE][PASSED] - Test Cases/Specific Cases/LS/General/Calendar/Events_Creation/Past Events Creation/Past_Calendar_Event: Test Cases/Specific Cases/LS/General/Calendar/Events_Creation/Past Events Creation/Past_Calendar_Event

09-01-2025T16:26:03 - [TEST_STEP][PASSED] - callTestCase(findTestCase("Common Cases/Login"), [:], STOP_ON_FAILURE): Call Test Case 'Test Cases/Common Cases/Login' successfully

09-01-2025T16:26:03 - [TEST_CASE][PASSED] - Test Cases/Common Cases/Login: Test Cases/Common Cases/Login

09-01-2025T16:26:03 - [TEST_STEP][PASSED] - openBrowser(""): Browser is opened with url: ''

09-01-2025T16:26:03 - [MESSAGE][INFO] - Starting 'Chrome' driver

09-01-2025T16:26:03 - [MESSAGE][INFO] - Action delay is set to 0 milliseconds

09-01-2025T16:26:05 - [MESSAGE][PASSED] - Browser is opened with url: ''

09-01-2025T16:26:05 - [TEST_STEP][PASSED] - maximizeWindow(): Current window maximized

09-01-2025T16:26:05 - [MESSAGE][PASSED] - Current window maximized

09-01-2025T16:26:05 - [TEST_STEP][PASSED] - navigateToUrl("https://site17.lsapp.cloud/auth/login"): Navigate to 'https://site17.lsapp.cloud/auth/login' successfully

09-01-2025T16:26:09 - [MESSAGE][PASSED] - Navigate to 'https://site17.lsapp.cloud/auth/login' successfully

09-01-2025T16:26:09 - [TEST_STEP][PASSED] - setText(findTestObject("Object Repository/Common Cases Repository/Login/Page_Lightning Step/input_Email_email"), "automation@lightningstep.com"): Text 'automation@lightningstep.com' is set on object 'Object Repository/Common Cases Repository/Login/Page_Lightning Step/input_Email_email'

09-01-2025T16:26:10 - [MESSAGE][PASSED] - Text 'automation@lightningstep.com' is set on object 'Object Repository/Common Cases Repository/Login/Page_Lightning Step/input_Email_email'

09-01-2025T16:26:10 - [TEST_STEP][PASSED] - setEncryptedText(findTestObject("Object Repository/Common Cases Repository/Login/Page_Lightning Step/input_Password_password"), "e5N8VHmnhJDITtQaQhDQDw=="): Text ****** has been set on object 'Object Repository/Common Cases Repository/Login/Page_Lightning Step/input_Password_password'

09-01-2025T16:26:10 - [MESSAGE][PASSED] - Text ****** has been set on object 'Object Repository/Common Cases Repository/Login/Page_Lightning Step/input_Password_password'

09-01-2025T16:26:10 - [TEST_STEP][PASSED] - click(findTestObject("Object Repository/Common Cases Repository/Login/Page_Lightning Step/button_Sign in")): Object: 'Object Repository/Common Cases Repository/Login/Page_Lightning Step/button_Sign in' is clicked on

09-01-2025T16:26:17 - [MESSAGE][PASSED] - Object: 'Object Repository/Common Cases Repository/Login/Page_Lightning Step/button_Sign in' is clicked on

09-01-2025T16:26:17 - [MESSAGE][PASSED] - Call Test Case 'Test Cases/Common Cases/Login' successfully

09-01-2025T16:26:17 - [TEST_STEP][PASSED] - click(findTestObject("Object Repository/Specific Cases Repository/LS/Home/Calendar/Calendar_Events/Calendar_Events_Creation/Event/Page_Home/a_Calendar")): Object: 'Object Repository/Specific Cases Repository/LS/Home/Calendar/Calendar_Events/Calendar_Events_Creation/Event/Page_Home/a_Calendar' is clicked on

09-01-2025T16:26:23 - [MESSAGE][PASSED] - Object: 'Object Repository/Specific Cases Repository/LS/Home/Calendar/Calendar_Events/Calendar_Events_Creation/Event/Page_Home/a_Calendar' is clicked on

09-01-2025T16:26:23 - [TEST_STEP][PASSED] - click(findTestObject("Object Repository/Specific Cases Repository/LS/Home/Calendar/Calendar_Events/Calendar_Events_Creation/Appointment/Page_Calendar/div_Week")): Object: 'Object Repository/Specific Cases Repository/LS/Home/Calendar/Calendar_Events/Calendar_Events_Creation/Appointment/Page_Calendar/div_Week' is clicked on

09-01-2025T16:26:23 - [MESSAGE][PASSED] - Object: 'Object Repository/Specific Cases Repository/LS/Home/Calendar/Calendar_Events/Calendar_Events_Creation/Appointment/Page_Calendar/div_Week' is clicked on

09-01-2025T16:26:23 - [TEST_STEP][PASSED] - click(findTestObject("Object Repository/Specific Cases Repository/LS/Home/Calendar/Calendar_Events/Calendar_Events_Creation/Event/Page_Calendar/button_Create new")): Object: 'Object Repository/Specific Cases Repository/LS/Home/Calendar/Calendar_Events/Calendar_Events_Creation/Event/Page_Calendar/button_Create new' is clicked on

09-01-2025T16:26:24 - [MESSAGE][PASSED] - Object: 'Object Repository/Specific Cases Repository/LS/Home/Calendar/Calendar_Events/Calendar_Events_Creation/Event/Page_Calendar/button_Create new' is clicked on

09-01-2025T16:26:24 - [TEST_STEP][PASSED] - click(findTestObject("Object Repository/Specific Cases Repository/LS/Home/Calendar/Calendar_Events/Calendar_Events_Creation/Event/Page_Calendar/label_Event")): Object: 'Object Repository/Specific Cases Repository/LS/Home/Calendar/Calendar_Events/Calendar_Events_Creation/Event/Page_Calendar/label_Event' is clicked on

09-01-2025T16:26:25 - [MESSAGE][PASSED] - Object: 'Object Repository/Specific Cases Repository/LS/Home/Calendar/Calendar_Events/Calendar_Events_Creation/Event/Page_Calendar/label_Event' is clicked on

09-01-2025T16:26:25 - [TEST_STEP][PASSED] - setText(findTestObject("Object Repository/Specific Cases Repository/LS/Home/Calendar/Calendar_Events/Calendar_Events_Creation/Event/Page_Calendar/input_Title_title_"), "Past Automation Event"): Text 'Past Automation Event' is set on object 'Object Repository/Specific Cases Repository/LS/Home/Calendar/Calendar_Events/Calendar_Events_Creation/Event/Page_Calendar/input_Title_title_'

09-01-2025T16:26:27 - [MESSAGE][PASSED] - Text 'Past Automation Event' is set on object 'Object Repository/Specific Cases Repository/LS/Home/Calendar/Calendar_Events/Calendar_Events_Creation/Event/Page_Calendar/input_Title_title_'

09-01-2025T16:26:27 - [TEST_STEP][PASSED] - click(findTestObject("Object Repository/Specific Cases Repository/LS/Home/Calendar/Calendar_Events/Calendar_Events_Creation/Appointment/Page_Calendar/Date")): Object: 'Object Repository/Specific Cases Repository/LS/Home/Calendar/Calendar_Events/Calendar_Events_Creation/Appointment/Page_Calendar/Date' is clicked on

09-01-2025T16:26:27 - [MESSAGE][PASSED] - Object: 'Object Repository/Specific Cases Repository/LS/Home/Calendar/Calendar_Events/Calendar_Events_Creation/Appointment/Page_Calendar/Date' is clicked on

09-01-2025T16:26:27 - [TEST_STEP][PASSED] - setText(findTestObject("Object Repository/Specific Cases Repository/LS/Home/Calendar/Calendar_Events/Calendar_Events_Creation/Appointment/Page_Calendar/Date"), Last_Week_Date): Text '01/02/2025' is set on object 'Object Repository/Specific Cases Repository/LS/Home/Calendar/Calendar_Events/Calendar_Events_Creation/Appointment/Page_Calendar/Date'

09-01-2025T16:26:28 - [MESSAGE][PASSED] - Text '01/02/2025' is set on object 'Object Repository/Specific Cases Repository/LS/Home/Calendar/Calendar_Events/Calendar_Events_Creation/Appointment/Page_Calendar/Date'

09-01-2025T16:26:28 - [TEST_STEP][PASSED] - click(findTestObject("Object Repository/Specific Cases Repository/LS/Home/Calendar/Calendar_Events/Calendar_Events_Creation/Appointment/Page_Calendar/Start Time Clock")): Object: 'Object Repository/Specific Cases Repository/LS/Home/Calendar/Calendar_Events/Calendar_Events_Creation/Appointment/Page_Calendar/Start Time Clock' is clicked on

09-01-2025T16:26:29 - [MESSAGE][PASSED] - Object: 'Object Repository/Specific Cases Repository/LS/Home/Calendar/Calendar_Events/Calendar_Events_Creation/Appointment/Page_Calendar/Start Time Clock' is clicked on

09-01-2025T16:26:29 - [TEST_STEP][PASSED] - setText(findTestObject("Object Repository/Specific Cases Repository/LS/Home/Calendar/Calendar_Events/Calendar_Events_Creation/Appointment/Page_Calendar/Start Time Clock"), "1400"): Text '1400' is set on object 'Object Repository/Specific Cases Repository/LS/Home/Calendar/Calendar_Events/Calendar_Events_Creation/Appointment/Page_Calendar/Start Time Clock'

09-01-2025T16:26:30 - [MESSAGE][PASSED] - Text '1400' is set on object 'Object Repository/Specific Cases Repository/LS/Home/Calendar/Calendar_Events/Calendar_Events_Creation/Appointment/Page_Calendar/Start Time Clock'

09-01-2025T16:26:30 - [TEST_STEP][PASSED] - click(findTestObject("Object Repository/Specific Cases Repository/LS/Home/Calendar/Calendar_Events/Calendar_Events_Creation/Event/Page_Calendar/div_Schedule                               _3f20bf")): Object: 'Object Repository/Specific Cases Repository/LS/Home/Calendar/Calendar_Events/Calendar_Events_Creation/Event/Page_Calendar/div_Schedule                               _3f20bf' is clicked on

09-01-2025T16:26:30 - [MESSAGE][PASSED] - Object: 'Object Repository/Specific Cases Repository/LS/Home/Calendar/Calendar_Events/Calendar_Events_Creation/Event/Page_Calendar/div_Schedule                               _3f20bf' is clicked on

09-01-2025T16:26:30 - [TEST_STEP][PASSED] - setText(findTestObject("Object Repository/Specific Cases Repository/LS/Home/Calendar/Calendar_Events/Calendar_Events_Creation/Event/Page_Calendar/input_Notes_notes"), "Past Automation Event Note"): Text 'Past Automation Event Note' is set on object 'Object Repository/Specific Cases Repository/LS/Home/Calendar/Calendar_Events/Calendar_Events_Creation/Event/Page_Calendar/input_Notes_notes'

09-01-2025T16:26:31 - [MESSAGE][PASSED] - Text 'Past Automation Event Note' is set on object 'Object Repository/Specific Cases Repository/LS/Home/Calendar/Calendar_Events/Calendar_Events_Creation/Event/Page_Calendar/input_Notes_notes'

09-01-2025T16:26:31 - [TEST_STEP][PASSED] - click(findTestObject("Object Repository/Specific Cases Repository/LS/Home/Calendar/Calendar_Events/Calendar_Events_Creation/Event/Page_Calendar/a_Save")): Object: 'Object Repository/Specific Cases Repository/LS/Home/Calendar/Calendar_Events/Calendar_Events_Creation/Event/Page_Calendar/a_Save' is clicked on

09-01-2025T16:26:32 - [MESSAGE][PASSED] - Object: 'Object Repository/Specific Cases Repository/LS/Home/Calendar/Calendar_Events/Calendar_Events_Creation/Event/Page_Calendar/a_Save' is clicked on

09-01-2025T16:26:32 - [TEST_STEP][PASSED] - click(findTestObject("Specific Cases Repository/LS/Home/Calendar/Calendar_Events/Calendar_Events_Creation/Appointment/Page_Calendar/Previus Week Arrow")): Object: 'Object Repository/Specific Cases Repository/LS/Home/Calendar/Calendar_Events/Calendar_Events_Creation/Appointment/Page_Calendar/Previus Week Arrow' is clicked on

09-01-2025T16:26:34 - [MESSAGE][PASSED] - Object: 'Object Repository/Specific Cases Repository/LS/Home/Calendar/Calendar_Events/Calendar_Events_Creation/Appointment/Page_Calendar/Previus Week Arrow' is clicked on

09-01-2025T16:26:34 - [TEST_STEP][PASSED] - scrollToElement(findTestObject("Specific Cases Repository/LS/Home/Calendar/Calendar_Events/Calendar_Events_Creation/Event/Page_Calendar/a_Automation Event - Past"), 0): Scroll to object 'Object Repository/Specific Cases Repository/LS/Home/Calendar/Calendar_Events/Calendar_Events_Creation/Event/Page_Calendar/a_Automation Event - Past' successfully

09-01-2025T16:26:34 - [MESSAGE][WARNING] - Timeout '0' is invalid. Using default page load timeout: '30'

09-01-2025T16:26:35 - [MESSAGE][PASSED] - Scroll to object 'Object Repository/Specific Cases Repository/LS/Home/Calendar/Calendar_Events/Calendar_Events_Creation/Event/Page_Calendar/a_Automation Event - Past' successfully

09-01-2025T16:26:35 - [TEST_STEP][PASSED] - mouseOver(findTestObject("Specific Cases Repository/LS/Home/Calendar/Calendar_Events/Calendar_Events_Creation/Event/Page_Calendar/a_Automation Event - Past")): Object: 'Object Repository/Specific Cases Repository/LS/Home/Calendar/Calendar_Events/Calendar_Events_Creation/Event/Page_Calendar/a_Automation Event - Past' is hovered

09-01-2025T16:26:36 - [MESSAGE][PASSED] - Object: 'Object Repository/Specific Cases Repository/LS/Home/Calendar/Calendar_Events/Calendar_Events_Creation/Event/Page_Calendar/a_Automation Event - Past' is hovered

09-01-2025T16:26:36 - [TEST_STEP][PASSED] - verifyElementText(findTestObject("Specific Cases Repository/LS/Home/Calendar/Calendar_Events/Calendar_Events_Creation/Event/Page_Calendar/span_Automation Event - Past"), "Past Automation Event"): Actual text and expected text of test object 'Object Repository/Specific Cases Repository/LS/Home/Calendar/Calendar_Events/Calendar_Events_Creation/Event/Page_Calendar/span_Automation Event - Past' are matched.

09-01-2025T16:26:36 - [MESSAGE][PASSED] - Actual text and expected text of test object 'Object Repository/Specific Cases Repository/LS/Home/Calendar/Calendar_Events/Calendar_Events_Creation/Event/Page_Calendar/span_Automation Event - Past' are matched.

09-01-2025T16:26:36 - [TEST_STEP][PASSED] - closeBrowser(): Browser is closed

09-01-2025T16:26:36 - [MESSAGE][PASSED] - Browser is closed]]></system-out>
         <system-err><![CDATA[]]></system-err>
      </testcase>
      <testcase name="Test Cases/Specific Cases/LS/General/Calendar/Events_Creation/Past Events Creation/Past_Calendar_Groups" time="61.093" classname="Test Cases/Specific Cases/LS/General/Calendar/Events_Creation/Past Events Creation/Past_Calendar_Groups" status="PASSED">
         <system-out><![CDATA[09-01-2025T16:26:36 - [TEST_CASE][PASSED] - Test Cases/Specific Cases/LS/General/Calendar/Events_Creation/Past Events Creation/Past_Calendar_Groups: Test Cases/Specific Cases/LS/General/Calendar/Events_Creation/Past Events Creation/Past_Calendar_Groups

09-01-2025T16:26:37 - [TEST_STEP][PASSED] - callTestCase(findTestCase("Common Cases/Login"), [:], STOP_ON_FAILURE): Call Test Case 'Test Cases/Common Cases/Login' successfully

09-01-2025T16:26:37 - [TEST_CASE][PASSED] - Test Cases/Common Cases/Login: Test Cases/Common Cases/Login

09-01-2025T16:26:37 - [TEST_STEP][PASSED] - openBrowser(""): Browser is opened with url: ''

09-01-2025T16:26:37 - [MESSAGE][INFO] - Starting 'Chrome' driver

09-01-2025T16:26:37 - [MESSAGE][INFO] - Action delay is set to 0 milliseconds

09-01-2025T16:26:39 - [MESSAGE][PASSED] - Browser is opened with url: ''

09-01-2025T16:26:39 - [TEST_STEP][PASSED] - maximizeWindow(): Current window maximized

09-01-2025T16:26:39 - [MESSAGE][PASSED] - Current window maximized

09-01-2025T16:26:39 - [TEST_STEP][PASSED] - navigateToUrl("https://site17.lsapp.cloud/auth/login"): Navigate to 'https://site17.lsapp.cloud/auth/login' successfully

09-01-2025T16:26:39 - [MESSAGE][PASSED] - Navigate to 'https://site17.lsapp.cloud/auth/login' successfully

09-01-2025T16:26:39 - [TEST_STEP][PASSED] - setText(findTestObject("Object Repository/Common Cases Repository/Login/Page_Lightning Step/input_Email_email"), "automation@lightningstep.com"): Text 'automation@lightningstep.com' is set on object 'Object Repository/Common Cases Repository/Login/Page_Lightning Step/input_Email_email'

09-01-2025T16:26:43 - [MESSAGE][PASSED] - Text 'automation@lightningstep.com' is set on object 'Object Repository/Common Cases Repository/Login/Page_Lightning Step/input_Email_email'

09-01-2025T16:26:43 - [TEST_STEP][PASSED] - setEncryptedText(findTestObject("Object Repository/Common Cases Repository/Login/Page_Lightning Step/input_Password_password"), "e5N8VHmnhJDITtQaQhDQDw=="): Text ****** has been set on object 'Object Repository/Common Cases Repository/Login/Page_Lightning Step/input_Password_password'

09-01-2025T16:26:44 - [MESSAGE][PASSED] - Text ****** has been set on object 'Object Repository/Common Cases Repository/Login/Page_Lightning Step/input_Password_password'

09-01-2025T16:26:44 - [TEST_STEP][PASSED] - click(findTestObject("Object Repository/Common Cases Repository/Login/Page_Lightning Step/button_Sign in")): Object: 'Object Repository/Common Cases Repository/Login/Page_Lightning Step/button_Sign in' is clicked on

09-01-2025T16:26:54 - [MESSAGE][PASSED] - Object: 'Object Repository/Common Cases Repository/Login/Page_Lightning Step/button_Sign in' is clicked on

09-01-2025T16:26:54 - [MESSAGE][PASSED] - Call Test Case 'Test Cases/Common Cases/Login' successfully

09-01-2025T16:26:54 - [TEST_STEP][PASSED] - click(findTestObject("Object Repository/Specific Cases Repository/LS/Home/Calendar/Calendar_Events/Calendar_Events_Creation/Group/Page_Home/a_Calendar")): Object: 'Object Repository/Specific Cases Repository/LS/Home/Calendar/Calendar_Events/Calendar_Events_Creation/Group/Page_Home/a_Calendar' is clicked on

09-01-2025T16:26:59 - [MESSAGE][PASSED] - Object: 'Object Repository/Specific Cases Repository/LS/Home/Calendar/Calendar_Events/Calendar_Events_Creation/Group/Page_Home/a_Calendar' is clicked on

09-01-2025T16:26:59 - [TEST_STEP][PASSED] - click(findTestObject("Object Repository/Specific Cases Repository/LS/Home/Calendar/Calendar_Events/Calendar_Events_Creation/Appointment/Page_Calendar/div_Week")): Object: 'Object Repository/Specific Cases Repository/LS/Home/Calendar/Calendar_Events/Calendar_Events_Creation/Appointment/Page_Calendar/div_Week' is clicked on

09-01-2025T16:26:59 - [MESSAGE][PASSED] - Object: 'Object Repository/Specific Cases Repository/LS/Home/Calendar/Calendar_Events/Calendar_Events_Creation/Appointment/Page_Calendar/div_Week' is clicked on

09-01-2025T16:26:59 - [TEST_STEP][PASSED] - click(findTestObject("Object Repository/Specific Cases Repository/LS/Home/Calendar/Calendar_Events/Calendar_Events_Creation/Group/Page_Calendar/button_Create new")): Object: 'Object Repository/Specific Cases Repository/LS/Home/Calendar/Calendar_Events/Calendar_Events_Creation/Group/Page_Calendar/button_Create new' is clicked on

09-01-2025T16:27:00 - [MESSAGE][PASSED] - Object: 'Object Repository/Specific Cases Repository/LS/Home/Calendar/Calendar_Events/Calendar_Events_Creation/Group/Page_Calendar/button_Create new' is clicked on

09-01-2025T16:27:00 - [TEST_STEP][PASSED] - click(findTestObject("Object Repository/Specific Cases Repository/LS/Home/Calendar/Calendar_Events/Calendar_Events_Creation/Group/Page_Calendar/label_Group")): Object: 'Object Repository/Specific Cases Repository/LS/Home/Calendar/Calendar_Events/Calendar_Events_Creation/Group/Page_Calendar/label_Group' is clicked on

09-01-2025T16:27:01 - [MESSAGE][PASSED] - Object: 'Object Repository/Specific Cases Repository/LS/Home/Calendar/Calendar_Events/Calendar_Events_Creation/Group/Page_Calendar/label_Group' is clicked on

09-01-2025T16:27:01 - [TEST_STEP][PASSED] - click(findTestObject("Object Repository/Specific Cases Repository/LS/Home/Calendar/Calendar_Events/Calendar_Events_Creation/Group/Page_Calendar/Groups Selector")): Object: 'Object Repository/Specific Cases Repository/LS/Home/Calendar/Calendar_Events/Calendar_Events_Creation/Group/Page_Calendar/Groups Selector' is clicked on

09-01-2025T16:27:02 - [MESSAGE][PASSED] - Object: 'Object Repository/Specific Cases Repository/LS/Home/Calendar/Calendar_Events/Calendar_Events_Creation/Group/Page_Calendar/Groups Selector' is clicked on

09-01-2025T16:27:02 - [TEST_STEP][PASSED] - click(findTestObject("Object Repository/Specific Cases Repository/LS/Home/Calendar/Calendar_Events/Calendar_Events_Creation/Page_Calendar/a_Cancel")): Object: 'Object Repository/Specific Cases Repository/LS/Home/Calendar/Calendar_Events/Calendar_Events_Creation/Page_Calendar/a_Cancel' is clicked on

09-01-2025T16:27:04 - [MESSAGE][PASSED] - Object: 'Object Repository/Specific Cases Repository/LS/Home/Calendar/Calendar_Events/Calendar_Events_Creation/Page_Calendar/a_Cancel' is clicked on

09-01-2025T16:27:04 - [TEST_STEP][PASSED] - click(findTestObject("Object Repository/Specific Cases Repository/LS/Home/Calendar/Calendar_Events/Calendar_Events_Creation/Group/Page_Calendar/button_Create new")): Object: 'Object Repository/Specific Cases Repository/LS/Home/Calendar/Calendar_Events/Calendar_Events_Creation/Group/Page_Calendar/button_Create new' is clicked on

09-01-2025T16:27:04 - [MESSAGE][PASSED] - Object: 'Object Repository/Specific Cases Repository/LS/Home/Calendar/Calendar_Events/Calendar_Events_Creation/Group/Page_Calendar/button_Create new' is clicked on

09-01-2025T16:27:04 - [TEST_STEP][PASSED] - click(findTestObject("Object Repository/Specific Cases Repository/LS/Home/Calendar/Calendar_Events/Calendar_Events_Creation/Group/Page_Calendar/label_Group")): Object: 'Object Repository/Specific Cases Repository/LS/Home/Calendar/Calendar_Events/Calendar_Events_Creation/Group/Page_Calendar/label_Group' is clicked on

09-01-2025T16:27:05 - [MESSAGE][PASSED] - Object: 'Object Repository/Specific Cases Repository/LS/Home/Calendar/Calendar_Events/Calendar_Events_Creation/Group/Page_Calendar/label_Group' is clicked on

09-01-2025T16:27:05 - [TEST_STEP][PASSED] - click(findTestObject("Object Repository/Specific Cases Repository/LS/Home/Calendar/Calendar_Events/Calendar_Events_Creation/Group/Page_Calendar/label_Group")): Object: 'Object Repository/Specific Cases Repository/LS/Home/Calendar/Calendar_Events/Calendar_Events_Creation/Group/Page_Calendar/label_Group' is clicked on

09-01-2025T16:27:06 - [MESSAGE][PASSED] - Object: 'Object Repository/Specific Cases Repository/LS/Home/Calendar/Calendar_Events/Calendar_Events_Creation/Group/Page_Calendar/label_Group' is clicked on

09-01-2025T16:27:06 - [TEST_STEP][PASSED] - click(findTestObject("Object Repository/Specific Cases Repository/LS/Home/Calendar/Calendar_Events/Calendar_Events_Creation/Group/Page_Calendar/Groups Selector")): Object: 'Object Repository/Specific Cases Repository/LS/Home/Calendar/Calendar_Events/Calendar_Events_Creation/Group/Page_Calendar/Groups Selector' is clicked on

09-01-2025T16:27:06 - [MESSAGE][PASSED] - Object: 'Object Repository/Specific Cases Repository/LS/Home/Calendar/Calendar_Events/Calendar_Events_Creation/Group/Page_Calendar/Groups Selector' is clicked on

09-01-2025T16:27:06 - [TEST_STEP][PASSED] - setText(findTestObject("Object Repository/Specific Cases Repository/LS/Home/Calendar/Calendar_Events/Calendar_Events_Creation/Group/Page_Calendar/input_Loading_select2-search__field"), "1.1"): Text '1.1' is set on object 'Object Repository/Specific Cases Repository/LS/Home/Calendar/Calendar_Events/Calendar_Events_Creation/Group/Page_Calendar/input_Loading_select2-search__field'

09-01-2025T16:27:08 - [MESSAGE][PASSED] - Text '1.1' is set on object 'Object Repository/Specific Cases Repository/LS/Home/Calendar/Calendar_Events/Calendar_Events_Creation/Group/Page_Calendar/input_Loading_select2-search__field'

09-01-2025T16:27:08 - [TEST_STEP][PASSED] - sendKeys(findTestObject("Object Repository/Specific Cases Repository/LS/Home/Calendar/Calendar_Events/Calendar_Events_Creation/Group/Page_Calendar/input_Loading_select2-search__field"), Keys.chord(ENTER)): Keys 'ENTER + ' sent to object: 'Object Repository/Specific Cases Repository/LS/Home/Calendar/Calendar_Events/Calendar_Events_Creation/Group/Page_Calendar/input_Loading_select2-search__field'

09-01-2025T16:27:09 - [MESSAGE][PASSED] - Keys 'ENTER + ' sent to object: 'Object Repository/Specific Cases Repository/LS/Home/Calendar/Calendar_Events/Calendar_Events_Creation/Group/Page_Calendar/input_Loading_select2-search__field'

09-01-2025T16:27:09 - [TEST_STEP][PASSED] - click(findTestObject("Specific Cases Repository/LS/Home/Calendar/Calendar_Events/Calendar_Events_Creation/Group/Page_Calendar/Date Warning")): Object: 'Object Repository/Specific Cases Repository/LS/Home/Calendar/Calendar_Events/Calendar_Events_Creation/Group/Page_Calendar/Date Warning' is clicked on

09-01-2025T16:27:11 - [MESSAGE][PASSED] - Object: 'Object Repository/Specific Cases Repository/LS/Home/Calendar/Calendar_Events/Calendar_Events_Creation/Group/Page_Calendar/Date Warning' is clicked on

09-01-2025T16:27:11 - [TEST_STEP][PASSED] - setText(findTestObject("Object Repository/Specific Cases Repository/LS/Home/Calendar/Calendar_Events/Calendar_Events_Creation/Group/Page_Calendar/input_Title_title_"), "1.2 Automatically Enroll Clients in Selected Location/Program(s) : Select Content"): Text '1.2 Automatically Enroll Clients in Selected Location/Program(s) : Select Content' is set on object 'Object Repository/Specific Cases Repository/LS/Home/Calendar/Calendar_Events/Calendar_Events_Creation/Group/Page_Calendar/input_Title_title_'

09-01-2025T16:27:12 - [MESSAGE][PASSED] - Text '1.2 Automatically Enroll Clients in Selected Location/Program(s) : Select Content' is set on object 'Object Repository/Specific Cases Repository/LS/Home/Calendar/Calendar_Events/Calendar_Events_Creation/Group/Page_Calendar/input_Title_title_'

09-01-2025T16:27:12 - [TEST_STEP][PASSED] - click(findTestObject("Object Repository/Specific Cases Repository/LS/Home/Calendar/Calendar_Events/Calendar_Events_Creation/Group/Page_Calendar/Date")): Object: 'Object Repository/Specific Cases Repository/LS/Home/Calendar/Calendar_Events/Calendar_Events_Creation/Group/Page_Calendar/Date' is clicked on

09-01-2025T16:27:13 - [MESSAGE][PASSED] - Object: 'Object Repository/Specific Cases Repository/LS/Home/Calendar/Calendar_Events/Calendar_Events_Creation/Group/Page_Calendar/Date' is clicked on

09-01-2025T16:27:13 - [TEST_STEP][PASSED] - setText(findTestObject("Object Repository/Specific Cases Repository/LS/Home/Calendar/Calendar_Events/Calendar_Events_Creation/Group/Page_Calendar/Date"), Last_Week_Date): Text '01/02/2025' is set on object 'Object Repository/Specific Cases Repository/LS/Home/Calendar/Calendar_Events/Calendar_Events_Creation/Group/Page_Calendar/Date'

09-01-2025T16:27:13 - [MESSAGE][PASSED] - Text '01/02/2025' is set on object 'Object Repository/Specific Cases Repository/LS/Home/Calendar/Calendar_Events/Calendar_Events_Creation/Group/Page_Calendar/Date'

09-01-2025T16:27:13 - [TEST_STEP][PASSED] - click(findTestObject("Object Repository/Specific Cases Repository/LS/Home/Calendar/Calendar_Events/Calendar_Events_Creation/Group/Page_Calendar/Start Time")): Object: 'Object Repository/Specific Cases Repository/LS/Home/Calendar/Calendar_Events/Calendar_Events_Creation/Group/Page_Calendar/Start Time' is clicked on

09-01-2025T16:27:15 - [MESSAGE][PASSED] - Object: 'Object Repository/Specific Cases Repository/LS/Home/Calendar/Calendar_Events/Calendar_Events_Creation/Group/Page_Calendar/Start Time' is clicked on

09-01-2025T16:27:15 - [TEST_STEP][PASSED] - setText(findTestObject("Object Repository/Specific Cases Repository/LS/Home/Calendar/Calendar_Events/Calendar_Events_Creation/Group/Page_Calendar/Start Time"), "1300"): Text '1300' is set on object 'Object Repository/Specific Cases Repository/LS/Home/Calendar/Calendar_Events/Calendar_Events_Creation/Group/Page_Calendar/Start Time'

09-01-2025T16:27:16 - [MESSAGE][PASSED] - Text '1300' is set on object 'Object Repository/Specific Cases Repository/LS/Home/Calendar/Calendar_Events/Calendar_Events_Creation/Group/Page_Calendar/Start Time'

09-01-2025T16:27:16 - [TEST_STEP][PASSED] - click(findTestObject("Object Repository/Specific Cases Repository/LS/Home/Calendar/Calendar_Events/Calendar_Events_Creation/Group/Page_Calendar/End Time")): Object: 'Object Repository/Specific Cases Repository/LS/Home/Calendar/Calendar_Events/Calendar_Events_Creation/Group/Page_Calendar/End Time' is clicked on

09-01-2025T16:27:16 - [MESSAGE][PASSED] - Object: 'Object Repository/Specific Cases Repository/LS/Home/Calendar/Calendar_Events/Calendar_Events_Creation/Group/Page_Calendar/End Time' is clicked on

09-01-2025T16:27:16 - [TEST_STEP][PASSED] - setText(findTestObject("Object Repository/Specific Cases Repository/LS/Home/Calendar/Calendar_Events/Calendar_Events_Creation/Group/Page_Calendar/End Time"), "1400"): Text '1400' is set on object 'Object Repository/Specific Cases Repository/LS/Home/Calendar/Calendar_Events/Calendar_Events_Creation/Group/Page_Calendar/End Time'

09-01-2025T16:27:17 - [MESSAGE][PASSED] - Text '1400' is set on object 'Object Repository/Specific Cases Repository/LS/Home/Calendar/Calendar_Events/Calendar_Events_Creation/Group/Page_Calendar/End Time'

09-01-2025T16:27:17 - [TEST_STEP][PASSED] - click(findTestObject("Object Repository/Specific Cases Repository/LS/Home/Calendar/Calendar_Events/Calendar_Events_Creation/Group/Page_Calendar/Groups Selector")): Object: 'Object Repository/Specific Cases Repository/LS/Home/Calendar/Calendar_Events/Calendar_Events_Creation/Group/Page_Calendar/Groups Selector' is clicked on

09-01-2025T16:27:19 - [MESSAGE][PASSED] - Object: 'Object Repository/Specific Cases Repository/LS/Home/Calendar/Calendar_Events/Calendar_Events_Creation/Group/Page_Calendar/Groups Selector' is clicked on

09-01-2025T16:27:19 - [TEST_STEP][PASSED] - setText(findTestObject("Object Repository/Specific Cases Repository/LS/Home/Calendar/Calendar_Events/Calendar_Events_Creation/Group/Page_Calendar/input_Loading_select2-search__field"), "1.2"): Text '1.2' is set on object 'Object Repository/Specific Cases Repository/LS/Home/Calendar/Calendar_Events/Calendar_Events_Creation/Group/Page_Calendar/input_Loading_select2-search__field'

09-01-2025T16:27:20 - [MESSAGE][PASSED] - Text '1.2' is set on object 'Object Repository/Specific Cases Repository/LS/Home/Calendar/Calendar_Events/Calendar_Events_Creation/Group/Page_Calendar/input_Loading_select2-search__field'

09-01-2025T16:27:20 - [TEST_STEP][PASSED] - sendKeys(findTestObject("Object Repository/Specific Cases Repository/LS/Home/Calendar/Calendar_Events/Calendar_Events_Creation/Group/Page_Calendar/input_Loading_select2-search__field"), Keys.chord(ENTER)): Keys 'ENTER + ' sent to object: 'Object Repository/Specific Cases Repository/LS/Home/Calendar/Calendar_Events/Calendar_Events_Creation/Group/Page_Calendar/input_Loading_select2-search__field'

09-01-2025T16:27:21 - [MESSAGE][PASSED] - Keys 'ENTER + ' sent to object: 'Object Repository/Specific Cases Repository/LS/Home/Calendar/Calendar_Events/Calendar_Events_Creation/Group/Page_Calendar/input_Loading_select2-search__field'

09-01-2025T16:27:21 - [TEST_STEP][PASSED] - click(findTestObject("Object Repository/Specific Cases Repository/LS/Home/Calendar/Calendar_Events/Calendar_Events_Creation/Group/Page_Calendar/span_Select Clients")): Object: 'Object Repository/Specific Cases Repository/LS/Home/Calendar/Calendar_Events/Calendar_Events_Creation/Group/Page_Calendar/span_Select Clients' is clicked on

09-01-2025T16:27:22 - [MESSAGE][PASSED] - Object: 'Object Repository/Specific Cases Repository/LS/Home/Calendar/Calendar_Events/Calendar_Events_Creation/Group/Page_Calendar/span_Select Clients' is clicked on

09-01-2025T16:27:22 - [TEST_STEP][PASSED] - click(findTestObject("Object Repository/Specific Cases Repository/LS/Home/Calendar/Calendar_Events/Calendar_Events_Creation/Group/Page_Calendar/label_C Automation, C Client MR 24-11008")): Object: 'Object Repository/Specific Cases Repository/LS/Home/Calendar/Calendar_Events/Calendar_Events_Creation/Group/Page_Calendar/label_C Automation, C Client MR 24-11008' is clicked on

09-01-2025T16:27:22 - [MESSAGE][PASSED] - Object: 'Object Repository/Specific Cases Repository/LS/Home/Calendar/Calendar_Events/Calendar_Events_Creation/Group/Page_Calendar/label_C Automation, C Client MR 24-11008' is clicked on

09-01-2025T16:27:22 - [TEST_STEP][PASSED] - click(findTestObject("Object Repository/Specific Cases Repository/LS/Home/Calendar/Calendar_Events/Calendar_Events_Creation/Group/Page_Calendar/label_B Automation, B Client MR 24-11007")): Object: 'Object Repository/Specific Cases Repository/LS/Home/Calendar/Calendar_Events/Calendar_Events_Creation/Group/Page_Calendar/label_B Automation, B Client MR 24-11007' is clicked on

09-01-2025T16:27:23 - [MESSAGE][PASSED] - Object: 'Object Repository/Specific Cases Repository/LS/Home/Calendar/Calendar_Events/Calendar_Events_Creation/Group/Page_Calendar/label_B Automation, B Client MR 24-11007' is clicked on

09-01-2025T16:27:23 - [TEST_STEP][PASSED] - click(findTestObject("Object Repository/Specific Cases Repository/LS/Home/Calendar/Calendar_Events/Calendar_Events_Creation/Group/Page_Calendar/View Enrolled Patients")): Object: 'Object Repository/Specific Cases Repository/LS/Home/Calendar/Calendar_Events/Calendar_Events_Creation/Group/Page_Calendar/View Enrolled Patients' is clicked on

09-01-2025T16:27:24 - [MESSAGE][PASSED] - Object: 'Object Repository/Specific Cases Repository/LS/Home/Calendar/Calendar_Events/Calendar_Events_Creation/Group/Page_Calendar/View Enrolled Patients' is clicked on

09-01-2025T16:27:24 - [TEST_STEP][PASSED] - verifyElementText(findTestObject("Object Repository/Specific Cases Repository/LS/Home/Calendar/Calendar_Events/Calendar_Events_Creation/Group/Page_Calendar/td_C Automation, C Client MR 24-11008"), "C Automation, C Client MR# 24-11008"): Actual text and expected text of test object 'Object Repository/Specific Cases Repository/LS/Home/Calendar/Calendar_Events/Calendar_Events_Creation/Group/Page_Calendar/td_C Automation, C Client MR 24-11008' are matched.

09-01-2025T16:27:25 - [MESSAGE][PASSED] - Actual text and expected text of test object 'Object Repository/Specific Cases Repository/LS/Home/Calendar/Calendar_Events/Calendar_Events_Creation/Group/Page_Calendar/td_C Automation, C Client MR 24-11008' are matched.

09-01-2025T16:27:25 - [TEST_STEP][PASSED] - verifyElementText(findTestObject("Object Repository/Specific Cases Repository/LS/Home/Calendar/Calendar_Events/Calendar_Events_Creation/Group/Page_Calendar/td_B Automation, B Client MR 24-11007"), "B Automation, B Client MR# 24-11007"): Actual text and expected text of test object 'Object Repository/Specific Cases Repository/LS/Home/Calendar/Calendar_Events/Calendar_Events_Creation/Group/Page_Calendar/td_B Automation, B Client MR 24-11007' are matched.

09-01-2025T16:27:25 - [MESSAGE][PASSED] - Actual text and expected text of test object 'Object Repository/Specific Cases Repository/LS/Home/Calendar/Calendar_Events/Calendar_Events_Creation/Group/Page_Calendar/td_B Automation, B Client MR 24-11007' are matched.

09-01-2025T16:27:25 - [TEST_STEP][PASSED] - click(findTestObject("Object Repository/Specific Cases Repository/LS/Home/Calendar/Calendar_Events/Calendar_Events_Creation/Group/Page_Calendar/View Enrolled Patients")): Object: 'Object Repository/Specific Cases Repository/LS/Home/Calendar/Calendar_Events/Calendar_Events_Creation/Group/Page_Calendar/View Enrolled Patients' is clicked on

09-01-2025T16:27:26 - [MESSAGE][PASSED] - Object: 'Object Repository/Specific Cases Repository/LS/Home/Calendar/Calendar_Events/Calendar_Events_Creation/Group/Page_Calendar/View Enrolled Patients' is clicked on

09-01-2025T16:27:26 - [TEST_STEP][PASSED] - scrollToElement(findTestObject("Object Repository/Specific Cases Repository/LS/Home/Calendar/Calendar_Events/Calendar_Events_Creation/Group/Page_Calendar/a_Save"), 0): Scroll to object 'Object Repository/Specific Cases Repository/LS/Home/Calendar/Calendar_Events/Calendar_Events_Creation/Group/Page_Calendar/a_Save' successfully

09-01-2025T16:27:26 - [MESSAGE][WARNING] - Timeout '0' is invalid. Using default page load timeout: '30'

09-01-2025T16:27:27 - [MESSAGE][PASSED] - Scroll to object 'Object Repository/Specific Cases Repository/LS/Home/Calendar/Calendar_Events/Calendar_Events_Creation/Group/Page_Calendar/a_Save' successfully

09-01-2025T16:27:27 - [TEST_STEP][PASSED] - click(findTestObject("Object Repository/Specific Cases Repository/LS/Home/Calendar/Calendar_Events/Calendar_Events_Creation/Group/Page_Calendar/a_Save")): Object: 'Object Repository/Specific Cases Repository/LS/Home/Calendar/Calendar_Events/Calendar_Events_Creation/Group/Page_Calendar/a_Save' is clicked on

09-01-2025T16:27:27 - [MESSAGE][PASSED] - Object: 'Object Repository/Specific Cases Repository/LS/Home/Calendar/Calendar_Events/Calendar_Events_Creation/Group/Page_Calendar/a_Save' is clicked on

09-01-2025T16:27:27 - [TEST_STEP][PASSED] - click(findTestObject("Specific Cases Repository/LS/Home/Calendar/Calendar_Events/Calendar_Events_Creation/Appointment/Page_Calendar/Previus Week Arrow")): Object: 'Object Repository/Specific Cases Repository/LS/Home/Calendar/Calendar_Events/Calendar_Events_Creation/Appointment/Page_Calendar/Previus Week Arrow' is clicked on

09-01-2025T16:27:30 - [MESSAGE][PASSED] - Object: 'Object Repository/Specific Cases Repository/LS/Home/Calendar/Calendar_Events/Calendar_Events_Creation/Appointment/Page_Calendar/Previus Week Arrow' is clicked on

09-01-2025T16:27:30 - [TEST_STEP][PASSED] - waitForPageLoad(30): Wait for page load successfully

09-01-2025T16:27:30 - [MESSAGE][PASSED] - Wait for page load successfully

09-01-2025T16:27:30 - [TEST_STEP][PASSED] - click(findTestObject("Specific Cases Repository/LS/Home/Calendar/Calendar_Events/Calendar_Events_Creation/Group/Page_Calendar/Calendar Event - Past")): Object: 'Object Repository/Specific Cases Repository/LS/Home/Calendar/Calendar_Events/Calendar_Events_Creation/Group/Page_Calendar/Calendar Event - Past' is clicked on

09-01-2025T16:27:31 - [MESSAGE][PASSED] - Object: 'Object Repository/Specific Cases Repository/LS/Home/Calendar/Calendar_Events/Calendar_Events_Creation/Group/Page_Calendar/Calendar Event - Past' is clicked on

09-01-2025T16:27:31 - [TEST_STEP][PASSED] - setText(findTestObject("Object Repository/Specific Cases Repository/LS/Home/Calendar/Calendar_Events/Calendar_Events_Creation/Group/Page_Calendar/input_Title_title_edit"), "Past Automation Test 1.2 Automatically Enroll Clients in Selected Location/Program(s)"): Text 'Past Automation Test 1.2 Automatically Enroll Clients in Selected Location/Program(s)' is set on object 'Object Repository/Specific Cases Repository/LS/Home/Calendar/Calendar_Events/Calendar_Events_Creation/Group/Page_Calendar/input_Title_title_edit'

09-01-2025T16:27:34 - [MESSAGE][PASSED] - Text 'Past Automation Test 1.2 Automatically Enroll Clients in Selected Location/Program(s)' is set on object 'Object Repository/Specific Cases Repository/LS/Home/Calendar/Calendar_Events/Calendar_Events_Creation/Group/Page_Calendar/input_Title_title_edit'

09-01-2025T16:27:34 - [TEST_STEP][PASSED] - verifyElementText(findTestObject("Object Repository/Specific Cases Repository/LS/Home/Calendar/Calendar_Events/Calendar_Events_Creation/Group/Page_Calendar/label_Start Group Session"), "Start Group Session"): Actual text and expected text of test object 'Object Repository/Specific Cases Repository/LS/Home/Calendar/Calendar_Events/Calendar_Events_Creation/Group/Page_Calendar/label_Start Group Session' are matched.

09-01-2025T16:27:34 - [MESSAGE][PASSED] - Actual text and expected text of test object 'Object Repository/Specific Cases Repository/LS/Home/Calendar/Calendar_Events/Calendar_Events_Creation/Group/Page_Calendar/label_Start Group Session' are matched.

09-01-2025T16:27:34 - [TEST_STEP][PASSED] - verifyElementPresent(findTestObject("Object Repository/Specific Cases Repository/LS/Home/Calendar/Calendar_Events/Calendar_Events_Creation/Group/Page_Calendar/input_Start Group Session_isdocumentedgroup"), 0): Object 'Object Repository/Specific Cases Repository/LS/Home/Calendar/Calendar_Events/Calendar_Events_Creation/Group/Page_Calendar/input_Start Group Session_isdocumentedgroup' is present

09-01-2025T16:27:34 - [MESSAGE][WARNING] - Timeout '0' is invalid. Using default page load timeout: '30'

09-01-2025T16:27:34 - [MESSAGE][PASSED] - Object 'Object Repository/Specific Cases Repository/LS/Home/Calendar/Calendar_Events/Calendar_Events_Creation/Group/Page_Calendar/input_Start Group Session_isdocumentedgroup' is present

09-01-2025T16:27:34 - [TEST_STEP][PASSED] - click(findTestObject("Object Repository/Specific Cases Repository/LS/Home/Calendar/Calendar_Events/Calendar_Events_Creation/Group/Page_Calendar/a_Save Revision")): Object: 'Object Repository/Specific Cases Repository/LS/Home/Calendar/Calendar_Events/Calendar_Events_Creation/Group/Page_Calendar/a_Save Revision' is clicked on

09-01-2025T16:27:35 - [MESSAGE][PASSED] - Object: 'Object Repository/Specific Cases Repository/LS/Home/Calendar/Calendar_Events/Calendar_Events_Creation/Group/Page_Calendar/a_Save Revision' is clicked on

09-01-2025T16:27:35 - [TEST_STEP][PASSED] - mouseOver(findTestObject("Specific Cases Repository/LS/Home/Calendar/Calendar_Events/Calendar_Events_Creation/Group/Page_Calendar/Calendar Event - Past")): Object: 'Object Repository/Specific Cases Repository/LS/Home/Calendar/Calendar_Events/Calendar_Events_Creation/Group/Page_Calendar/Calendar Event - Past' is hovered

09-01-2025T16:27:37 - [MESSAGE][PASSED] - Object: 'Object Repository/Specific Cases Repository/LS/Home/Calendar/Calendar_Events/Calendar_Events_Creation/Group/Page_Calendar/Calendar Event - Past' is hovered

09-01-2025T16:27:37 - [TEST_STEP][PASSED] - verifyElementText(findTestObject("Specific Cases Repository/LS/Home/Calendar/Calendar_Events/Calendar_Events_Creation/Group/Page_Calendar/span_Automation Test 1.2 Automatically Enro_f39ad6 - Past"), "Past Automation Test 1.2 Automatically Enroll Clients in Selected Location/Program(s)"): Actual text and expected text of test object 'Object Repository/Specific Cases Repository/LS/Home/Calendar/Calendar_Events/Calendar_Events_Creation/Group/Page_Calendar/span_Automation Test 1.2 Automatically Enro_f39ad6 - Past' are matched.

09-01-2025T16:27:37 - [MESSAGE][PASSED] - Actual text and expected text of test object 'Object Repository/Specific Cases Repository/LS/Home/Calendar/Calendar_Events/Calendar_Events_Creation/Group/Page_Calendar/span_Automation Test 1.2 Automatically Enro_f39ad6 - Past' are matched.

09-01-2025T16:27:37 - [TEST_STEP][PASSED] - closeBrowser(): Browser is closed

09-01-2025T16:27:38 - [MESSAGE][PASSED] - Browser is closed]]></system-out>
         <system-err><![CDATA[]]></system-err>
      </testcase>
      <testcase name="Test Cases/Specific Cases/LS/General/Calendar/Events_Creation/Present Events Creation/Calendar_Appointment" time="52.043" classname="Test Cases/Specific Cases/LS/General/Calendar/Events_Creation/Present Events Creation/Calendar_Appointment" status="PASSED">
         <system-out><![CDATA[09-01-2025T16:27:38 - [TEST_CASE][PASSED] - Test Cases/Specific Cases/LS/General/Calendar/Events_Creation/Present Events Creation/Calendar_Appointment: Test Cases/Specific Cases/LS/General/Calendar/Events_Creation/Present Events Creation/Calendar_Appointment

09-01-2025T16:27:38 - [TEST_STEP][PASSED] - callTestCase(findTestCase("Common Cases/Login"), [:], STOP_ON_FAILURE): Call Test Case 'Test Cases/Common Cases/Login' successfully

09-01-2025T16:27:38 - [TEST_CASE][PASSED] - Test Cases/Common Cases/Login: Test Cases/Common Cases/Login

09-01-2025T16:27:38 - [TEST_STEP][PASSED] - openBrowser(""): Browser is opened with url: ''

09-01-2025T16:27:38 - [MESSAGE][INFO] - Starting 'Chrome' driver

09-01-2025T16:27:38 - [MESSAGE][INFO] - Action delay is set to 0 milliseconds

09-01-2025T16:27:41 - [MESSAGE][PASSED] - Browser is opened with url: ''

09-01-2025T16:27:41 - [TEST_STEP][PASSED] - maximizeWindow(): Current window maximized

09-01-2025T16:27:41 - [MESSAGE][PASSED] - Current window maximized

09-01-2025T16:27:41 - [TEST_STEP][PASSED] - navigateToUrl("https://site17.lsapp.cloud/auth/login"): Navigate to 'https://site17.lsapp.cloud/auth/login' successfully

09-01-2025T16:27:46 - [MESSAGE][PASSED] - Navigate to 'https://site17.lsapp.cloud/auth/login' successfully

09-01-2025T16:27:46 - [TEST_STEP][PASSED] - setText(findTestObject("Object Repository/Common Cases Repository/Login/Page_Lightning Step/input_Email_email"), "automation@lightningstep.com"): Text 'automation@lightningstep.com' is set on object 'Object Repository/Common Cases Repository/Login/Page_Lightning Step/input_Email_email'

09-01-2025T16:27:47 - [MESSAGE][PASSED] - Text 'automation@lightningstep.com' is set on object 'Object Repository/Common Cases Repository/Login/Page_Lightning Step/input_Email_email'

09-01-2025T16:27:47 - [TEST_STEP][PASSED] - setEncryptedText(findTestObject("Object Repository/Common Cases Repository/Login/Page_Lightning Step/input_Password_password"), "e5N8VHmnhJDITtQaQhDQDw=="): Text ****** has been set on object 'Object Repository/Common Cases Repository/Login/Page_Lightning Step/input_Password_password'

09-01-2025T16:27:47 - [MESSAGE][PASSED] - Text ****** has been set on object 'Object Repository/Common Cases Repository/Login/Page_Lightning Step/input_Password_password'

09-01-2025T16:27:47 - [TEST_STEP][PASSED] - click(findTestObject("Object Repository/Common Cases Repository/Login/Page_Lightning Step/button_Sign in")): Object: 'Object Repository/Common Cases Repository/Login/Page_Lightning Step/button_Sign in' is clicked on

09-01-2025T16:27:54 - [MESSAGE][PASSED] - Object: 'Object Repository/Common Cases Repository/Login/Page_Lightning Step/button_Sign in' is clicked on

09-01-2025T16:27:54 - [MESSAGE][PASSED] - Call Test Case 'Test Cases/Common Cases/Login' successfully

09-01-2025T16:27:54 - [TEST_STEP][PASSED] - click(findTestObject("Object Repository/Specific Cases Repository/LS/Home/Calendar/Calendar_Events/Calendar_Events_Creation/Page_Home/a_Calendar")): Object: 'Object Repository/Specific Cases Repository/LS/Home/Calendar/Calendar_Events/Calendar_Events_Creation/Page_Home/a_Calendar' is clicked on

09-01-2025T16:27:57 - [MESSAGE][PASSED] - Object: 'Object Repository/Specific Cases Repository/LS/Home/Calendar/Calendar_Events/Calendar_Events_Creation/Page_Home/a_Calendar' is clicked on

09-01-2025T16:27:57 - [TEST_STEP][PASSED] - click(findTestObject("Object Repository/Specific Cases Repository/LS/Home/Calendar/Calendar_Events/Calendar_Events_Creation/Appointment/Page_Calendar/div_Week")): Object: 'Object Repository/Specific Cases Repository/LS/Home/Calendar/Calendar_Events/Calendar_Events_Creation/Appointment/Page_Calendar/div_Week' is clicked on

09-01-2025T16:27:57 - [MESSAGE][PASSED] - Object: 'Object Repository/Specific Cases Repository/LS/Home/Calendar/Calendar_Events/Calendar_Events_Creation/Appointment/Page_Calendar/div_Week' is clicked on

09-01-2025T16:27:57 - [TEST_STEP][PASSED] - click(findTestObject("Object Repository/Specific Cases Repository/LS/Home/Calendar/Calendar_Events/Calendar_Events_Creation/Appointment/Page_Calendar/button_Create new")): Object: 'Object Repository/Specific Cases Repository/LS/Home/Calendar/Calendar_Events/Calendar_Events_Creation/Appointment/Page_Calendar/button_Create new' is clicked on

09-01-2025T16:27:58 - [MESSAGE][PASSED] - Object: 'Object Repository/Specific Cases Repository/LS/Home/Calendar/Calendar_Events/Calendar_Events_Creation/Appointment/Page_Calendar/button_Create new' is clicked on

09-01-2025T16:27:58 - [TEST_STEP][PASSED] - click(findTestObject("Object Repository/Specific Cases Repository/LS/Home/Calendar/Calendar_Events/Calendar_Events_Creation/Appointment/Page_Calendar/label_Appointment")): Object: 'Object Repository/Specific Cases Repository/LS/Home/Calendar/Calendar_Events/Calendar_Events_Creation/Appointment/Page_Calendar/label_Appointment' is clicked on

09-01-2025T16:27:59 - [MESSAGE][PASSED] - Object: 'Object Repository/Specific Cases Repository/LS/Home/Calendar/Calendar_Events/Calendar_Events_Creation/Appointment/Page_Calendar/label_Appointment' is clicked on

09-01-2025T16:27:59 - [TEST_STEP][PASSED] - click(findTestObject("Object Repository/Specific Cases Repository/LS/Home/Calendar/Calendar_Events/Calendar_Events_Creation/Appointment/Page_Calendar/span_Select Client")): Object: 'Object Repository/Specific Cases Repository/LS/Home/Calendar/Calendar_Events/Calendar_Events_Creation/Appointment/Page_Calendar/span_Select Client' is clicked on

09-01-2025T16:28:00 - [MESSAGE][PASSED] - Object: 'Object Repository/Specific Cases Repository/LS/Home/Calendar/Calendar_Events/Calendar_Events_Creation/Appointment/Page_Calendar/span_Select Client' is clicked on

09-01-2025T16:28:00 - [TEST_STEP][PASSED] - click(findTestObject("Object Repository/Specific Cases Repository/LS/Home/Calendar/Calendar_Events/Calendar_Events_Creation/Page_Calendar/a_Cancel")): Object: 'Object Repository/Specific Cases Repository/LS/Home/Calendar/Calendar_Events/Calendar_Events_Creation/Page_Calendar/a_Cancel' is clicked on

09-01-2025T16:28:00 - [MESSAGE][PASSED] - Object: 'Object Repository/Specific Cases Repository/LS/Home/Calendar/Calendar_Events/Calendar_Events_Creation/Page_Calendar/a_Cancel' is clicked on

09-01-2025T16:28:00 - [TEST_STEP][PASSED] - click(findTestObject("Object Repository/Specific Cases Repository/LS/Home/Calendar/Calendar_Events/Calendar_Events_Creation/Appointment/Page_Calendar/button_Create new")): Object: 'Object Repository/Specific Cases Repository/LS/Home/Calendar/Calendar_Events/Calendar_Events_Creation/Appointment/Page_Calendar/button_Create new' is clicked on

09-01-2025T16:28:01 - [MESSAGE][PASSED] - Object: 'Object Repository/Specific Cases Repository/LS/Home/Calendar/Calendar_Events/Calendar_Events_Creation/Appointment/Page_Calendar/button_Create new' is clicked on

09-01-2025T16:28:01 - [TEST_STEP][PASSED] - click(findTestObject("Object Repository/Specific Cases Repository/LS/Home/Calendar/Calendar_Events/Calendar_Events_Creation/Appointment/Page_Calendar/label_Appointment")): Object: 'Object Repository/Specific Cases Repository/LS/Home/Calendar/Calendar_Events/Calendar_Events_Creation/Appointment/Page_Calendar/label_Appointment' is clicked on

09-01-2025T16:28:02 - [MESSAGE][PASSED] - Object: 'Object Repository/Specific Cases Repository/LS/Home/Calendar/Calendar_Events/Calendar_Events_Creation/Appointment/Page_Calendar/label_Appointment' is clicked on

09-01-2025T16:28:02 - [TEST_STEP][PASSED] - click(findTestObject("Object Repository/Specific Cases Repository/LS/Home/Calendar/Calendar_Events/Calendar_Events_Creation/Appointment/Page_Calendar/label_Appointment")): Object: 'Object Repository/Specific Cases Repository/LS/Home/Calendar/Calendar_Events/Calendar_Events_Creation/Appointment/Page_Calendar/label_Appointment' is clicked on

09-01-2025T16:28:02 - [MESSAGE][PASSED] - Object: 'Object Repository/Specific Cases Repository/LS/Home/Calendar/Calendar_Events/Calendar_Events_Creation/Appointment/Page_Calendar/label_Appointment' is clicked on

09-01-2025T16:28:02 - [TEST_STEP][PASSED] - click(findTestObject("Object Repository/Specific Cases Repository/LS/Home/Calendar/Calendar_Events/Calendar_Events_Creation/Appointment/Page_Calendar/span_Select Client")): Object: 'Object Repository/Specific Cases Repository/LS/Home/Calendar/Calendar_Events/Calendar_Events_Creation/Appointment/Page_Calendar/span_Select Client' is clicked on

09-01-2025T16:28:03 - [MESSAGE][PASSED] - Object: 'Object Repository/Specific Cases Repository/LS/Home/Calendar/Calendar_Events/Calendar_Events_Creation/Appointment/Page_Calendar/span_Select Client' is clicked on

09-01-2025T16:28:03 - [TEST_STEP][PASSED] - setText(findTestObject("Object Repository/Specific Cases Repository/LS/Home/Calendar/Calendar_Events/Calendar_Events_Creation/Appointment/Page_Calendar/Patien Name"), "A Auto"): Text 'A Auto' is set on object 'Object Repository/Specific Cases Repository/LS/Home/Calendar/Calendar_Events/Calendar_Events_Creation/Appointment/Page_Calendar/Patien Name'

09-01-2025T16:28:04 - [MESSAGE][PASSED] - Text 'A Auto' is set on object 'Object Repository/Specific Cases Repository/LS/Home/Calendar/Calendar_Events/Calendar_Events_Creation/Appointment/Page_Calendar/Patien Name'

09-01-2025T16:28:04 - [TEST_STEP][PASSED] - sendKeys(findTestObject("Object Repository/Specific Cases Repository/LS/Home/Calendar/Calendar_Events/Calendar_Events_Creation/Appointment/Page_Calendar/Patien Name"), Keys.chord(ENTER)): Keys 'ENTER + ' sent to object: 'Object Repository/Specific Cases Repository/LS/Home/Calendar/Calendar_Events/Calendar_Events_Creation/Appointment/Page_Calendar/Patien Name'

09-01-2025T16:28:04 - [MESSAGE][PASSED] - Keys 'ENTER + ' sent to object: 'Object Repository/Specific Cases Repository/LS/Home/Calendar/Calendar_Events/Calendar_Events_Creation/Appointment/Page_Calendar/Patien Name'

09-01-2025T16:28:04 - [TEST_STEP][PASSED] - click(findTestObject("Object Repository/Specific Cases Repository/LS/Home/Calendar/Calendar_Events/Calendar_Events_Creation/Appointment/Page_Calendar/span_Select Service")): Object: 'Object Repository/Specific Cases Repository/LS/Home/Calendar/Calendar_Events/Calendar_Events_Creation/Appointment/Page_Calendar/span_Select Service' is clicked on

09-01-2025T16:28:05 - [MESSAGE][PASSED] - Object: 'Object Repository/Specific Cases Repository/LS/Home/Calendar/Calendar_Events/Calendar_Events_Creation/Appointment/Page_Calendar/span_Select Service' is clicked on

09-01-2025T16:28:05 - [TEST_STEP][PASSED] - setText(findTestObject("Object Repository/Specific Cases Repository/LS/Home/Calendar/Calendar_Events/Calendar_Events_Creation/Appointment/Page_Calendar/Patien Name"), "5 "): Text '5 ' is set on object 'Object Repository/Specific Cases Repository/LS/Home/Calendar/Calendar_Events/Calendar_Events_Creation/Appointment/Page_Calendar/Patien Name'

09-01-2025T16:28:06 - [MESSAGE][PASSED] - Text '5 ' is set on object 'Object Repository/Specific Cases Repository/LS/Home/Calendar/Calendar_Events/Calendar_Events_Creation/Appointment/Page_Calendar/Patien Name'

09-01-2025T16:28:06 - [TEST_STEP][PASSED] - sendKeys(findTestObject("Object Repository/Specific Cases Repository/LS/Home/Calendar/Calendar_Events/Calendar_Events_Creation/Appointment/Page_Calendar/Patien Name"), Keys.chord(ENTER)): Keys 'ENTER + ' sent to object: 'Object Repository/Specific Cases Repository/LS/Home/Calendar/Calendar_Events/Calendar_Events_Creation/Appointment/Page_Calendar/Patien Name'

09-01-2025T16:28:07 - [MESSAGE][PASSED] - Keys 'ENTER + ' sent to object: 'Object Repository/Specific Cases Repository/LS/Home/Calendar/Calendar_Events/Calendar_Events_Creation/Appointment/Page_Calendar/Patien Name'

09-01-2025T16:28:07 - [TEST_STEP][PASSED] - click(findTestObject("Object Repository/Specific Cases Repository/LS/Home/Calendar/Calendar_Events/Calendar_Events_Creation/Appointment/Page_Calendar/input_Title_title_")): Object: 'Object Repository/Specific Cases Repository/LS/Home/Calendar/Calendar_Events/Calendar_Events_Creation/Appointment/Page_Calendar/input_Title_title_' is clicked on

09-01-2025T16:28:08 - [MESSAGE][PASSED] - Object: 'Object Repository/Specific Cases Repository/LS/Home/Calendar/Calendar_Events/Calendar_Events_Creation/Appointment/Page_Calendar/input_Title_title_' is clicked on

09-01-2025T16:28:08 - [TEST_STEP][PASSED] - setText(findTestObject("Object Repository/Specific Cases Repository/LS/Home/Calendar/Calendar_Events/Calendar_Events_Creation/Appointment/Page_Calendar/input_Title_title_"), "Automation Test with A Automation, A Client MR# 24-11006: 5 Panel Drug Screen"): Text 'Automation Test with A Automation, A Client MR# 24-11006: 5 Panel Drug Screen' is set on object 'Object Repository/Specific Cases Repository/LS/Home/Calendar/Calendar_Events/Calendar_Events_Creation/Appointment/Page_Calendar/input_Title_title_'

09-01-2025T16:28:08 - [MESSAGE][PASSED] - Text 'Automation Test with A Automation, A Client MR# 24-11006: 5 Panel Drug Screen' is set on object 'Object Repository/Specific Cases Repository/LS/Home/Calendar/Calendar_Events/Calendar_Events_Creation/Appointment/Page_Calendar/input_Title_title_'

09-01-2025T16:28:08 - [TEST_STEP][PASSED] - click(findTestObject("Object Repository/Specific Cases Repository/LS/Home/Calendar/Calendar_Events/Calendar_Events_Creation/Appointment/Page_Calendar/Date")): Object: 'Object Repository/Specific Cases Repository/LS/Home/Calendar/Calendar_Events/Calendar_Events_Creation/Appointment/Page_Calendar/Date' is clicked on

09-01-2025T16:28:09 - [MESSAGE][PASSED] - Object: 'Object Repository/Specific Cases Repository/LS/Home/Calendar/Calendar_Events/Calendar_Events_Creation/Appointment/Page_Calendar/Date' is clicked on

09-01-2025T16:28:09 - [TEST_STEP][PASSED] - setText(findTestObject("Object Repository/Specific Cases Repository/LS/Home/Calendar/Calendar_Events/Calendar_Events_Creation/Appointment/Page_Calendar/Date"), Todays_Date): Text '01/09/2025' is set on object 'Object Repository/Specific Cases Repository/LS/Home/Calendar/Calendar_Events/Calendar_Events_Creation/Appointment/Page_Calendar/Date'

09-01-2025T16:28:09 - [MESSAGE][PASSED] - Text '01/09/2025' is set on object 'Object Repository/Specific Cases Repository/LS/Home/Calendar/Calendar_Events/Calendar_Events_Creation/Appointment/Page_Calendar/Date'

09-01-2025T16:28:09 - [TEST_STEP][PASSED] - click(findTestObject("Object Repository/Specific Cases Repository/LS/Home/Calendar/Calendar_Events/Calendar_Events_Creation/Appointment/Page_Calendar/Start Time Clock")): Object: 'Object Repository/Specific Cases Repository/LS/Home/Calendar/Calendar_Events/Calendar_Events_Creation/Appointment/Page_Calendar/Start Time Clock' is clicked on

09-01-2025T16:28:10 - [MESSAGE][PASSED] - Object: 'Object Repository/Specific Cases Repository/LS/Home/Calendar/Calendar_Events/Calendar_Events_Creation/Appointment/Page_Calendar/Start Time Clock' is clicked on

09-01-2025T16:28:10 - [TEST_STEP][PASSED] - setText(findTestObject("Object Repository/Specific Cases Repository/LS/Home/Calendar/Calendar_Events/Calendar_Events_Creation/Appointment/Page_Calendar/Start Time Clock"), "1500"): Text '1500' is set on object 'Object Repository/Specific Cases Repository/LS/Home/Calendar/Calendar_Events/Calendar_Events_Creation/Appointment/Page_Calendar/Start Time Clock'

09-01-2025T16:28:11 - [MESSAGE][PASSED] - Text '1500' is set on object 'Object Repository/Specific Cases Repository/LS/Home/Calendar/Calendar_Events/Calendar_Events_Creation/Appointment/Page_Calendar/Start Time Clock'

09-01-2025T16:28:11 - [TEST_STEP][PASSED] - click(findTestObject("Object Repository/Specific Cases Repository/LS/Home/Calendar/Calendar_Events/Calendar_Events_Creation/Appointment/Page_Calendar/End Time Clock")): Object: 'Object Repository/Specific Cases Repository/LS/Home/Calendar/Calendar_Events/Calendar_Events_Creation/Appointment/Page_Calendar/End Time Clock' is clicked on

09-01-2025T16:28:11 - [MESSAGE][PASSED] - Object: 'Object Repository/Specific Cases Repository/LS/Home/Calendar/Calendar_Events/Calendar_Events_Creation/Appointment/Page_Calendar/End Time Clock' is clicked on

09-01-2025T16:28:11 - [TEST_STEP][PASSED] - setText(findTestObject("Object Repository/Specific Cases Repository/LS/Home/Calendar/Calendar_Events/Calendar_Events_Creation/Appointment/Page_Calendar/End Time Clock"), "1600"): Text '1600' is set on object 'Object Repository/Specific Cases Repository/LS/Home/Calendar/Calendar_Events/Calendar_Events_Creation/Appointment/Page_Calendar/End Time Clock'

09-01-2025T16:28:12 - [MESSAGE][PASSED] - Text '1600' is set on object 'Object Repository/Specific Cases Repository/LS/Home/Calendar/Calendar_Events/Calendar_Events_Creation/Appointment/Page_Calendar/End Time Clock'

09-01-2025T16:28:12 - [TEST_STEP][PASSED] - setText(findTestObject("Object Repository/Specific Cases Repository/LS/Home/Calendar/Calendar_Events/Calendar_Events_Creation/Appointment/Page_Calendar/input_Notes_notes"), "Automation Test Note"): Text 'Automation Test Note' is set on object 'Object Repository/Specific Cases Repository/LS/Home/Calendar/Calendar_Events/Calendar_Events_Creation/Appointment/Page_Calendar/input_Notes_notes'

09-01-2025T16:28:13 - [MESSAGE][PASSED] - Text 'Automation Test Note' is set on object 'Object Repository/Specific Cases Repository/LS/Home/Calendar/Calendar_Events/Calendar_Events_Creation/Appointment/Page_Calendar/input_Notes_notes'

09-01-2025T16:28:13 - [TEST_STEP][PASSED] - waitForPageLoad(0): Wait for page load successfully

09-01-2025T16:28:13 - [MESSAGE][WARNING] - Timeout '0' is invalid. Using default page load timeout: '30'

09-01-2025T16:28:13 - [MESSAGE][PASSED] - Wait for page load successfully

09-01-2025T16:28:13 - [TEST_STEP][PASSED] - scrollToElement(findTestObject("Specific Cases Repository/LS/Home/Calendar/Calendar_Events/Calendar_Events_Creation/Appointment/Page_Calendar/a_Save"), 0): Scroll to object 'Object Repository/Specific Cases Repository/LS/Home/Calendar/Calendar_Events/Calendar_Events_Creation/Appointment/Page_Calendar/a_Save' successfully

09-01-2025T16:28:13 - [MESSAGE][WARNING] - Timeout '0' is invalid. Using default page load timeout: '30'

09-01-2025T16:28:13 - [MESSAGE][PASSED] - Scroll to object 'Object Repository/Specific Cases Repository/LS/Home/Calendar/Calendar_Events/Calendar_Events_Creation/Appointment/Page_Calendar/a_Save' successfully

09-01-2025T16:28:13 - [TEST_STEP][PASSED] - click(findTestObject("Specific Cases Repository/LS/Home/Calendar/Calendar_Events/Calendar_Events_Creation/Appointment/Page_Calendar/a_Save")): Object: 'Object Repository/Specific Cases Repository/LS/Home/Calendar/Calendar_Events/Calendar_Events_Creation/Appointment/Page_Calendar/a_Save' is clicked on

09-01-2025T16:28:14 - [MESSAGE][PASSED] - Object: 'Object Repository/Specific Cases Repository/LS/Home/Calendar/Calendar_Events/Calendar_Events_Creation/Appointment/Page_Calendar/a_Save' is clicked on

09-01-2025T16:28:14 - [TEST_STEP][PASSED] - scrollToElement(findTestObject("Object Repository/Specific Cases Repository/LS/Home/Calendar/Calendar_Events/Calendar_Events_Creation/Appointment/Page_Calendar/a_Automation Test with A Automation, A Clie_8f5a4c"), 0): Scroll to object 'Object Repository/Specific Cases Repository/LS/Home/Calendar/Calendar_Events/Calendar_Events_Creation/Appointment/Page_Calendar/a_Automation Test with A Automation, A Clie_8f5a4c' successfully

09-01-2025T16:28:14 - [MESSAGE][WARNING] - Timeout '0' is invalid. Using default page load timeout: '30'

09-01-2025T16:28:15 - [MESSAGE][PASSED] - Scroll to object 'Object Repository/Specific Cases Repository/LS/Home/Calendar/Calendar_Events/Calendar_Events_Creation/Appointment/Page_Calendar/a_Automation Test with A Automation, A Clie_8f5a4c' successfully

09-01-2025T16:28:15 - [TEST_STEP][PASSED] - mouseOver(findTestObject("Object Repository/Specific Cases Repository/LS/Home/Calendar/Calendar_Events/Calendar_Events_Creation/Appointment/Page_Calendar/a_Automation Test with A Automation, A Clie_8f5a4c")): Object: 'Object Repository/Specific Cases Repository/LS/Home/Calendar/Calendar_Events/Calendar_Events_Creation/Appointment/Page_Calendar/a_Automation Test with A Automation, A Clie_8f5a4c' is hovered

09-01-2025T16:28:15 - [MESSAGE][PASSED] - Object: 'Object Repository/Specific Cases Repository/LS/Home/Calendar/Calendar_Events/Calendar_Events_Creation/Appointment/Page_Calendar/a_Automation Test with A Automation, A Clie_8f5a4c' is hovered

09-01-2025T16:28:15 - [TEST_STEP][PASSED] - verifyElementText(findTestObject("Object Repository/Specific Cases Repository/LS/Home/Calendar/Calendar_Events/Calendar_Events_Creation/Appointment/Page_Calendar/span_Automation Test with A Automation, A C_2ccd87"), "Automation Test with A Automation, A Client MR# 24-11006: 5 Panel Drug Screen"): Actual text and expected text of test object 'Object Repository/Specific Cases Repository/LS/Home/Calendar/Calendar_Events/Calendar_Events_Creation/Appointment/Page_Calendar/span_Automation Test with A Automation, A C_2ccd87' are matched.

09-01-2025T16:28:15 - [MESSAGE][PASSED] - Actual text and expected text of test object 'Object Repository/Specific Cases Repository/LS/Home/Calendar/Calendar_Events/Calendar_Events_Creation/Appointment/Page_Calendar/span_Automation Test with A Automation, A C_2ccd87' are matched.

09-01-2025T16:28:15 - [TEST_STEP][PASSED] - click(findTestObject("Object Repository/Specific Cases Repository/LS/Home/Calendar/Calendar_Events/Calendar_Events_Creation/Appointment/Page_Calendar/button_Create new")): Object: 'Object Repository/Specific Cases Repository/LS/Home/Calendar/Calendar_Events/Calendar_Events_Creation/Appointment/Page_Calendar/button_Create new' is clicked on

09-01-2025T16:28:16 - [MESSAGE][PASSED] - Object: 'Object Repository/Specific Cases Repository/LS/Home/Calendar/Calendar_Events/Calendar_Events_Creation/Appointment/Page_Calendar/button_Create new' is clicked on

09-01-2025T16:28:16 - [TEST_STEP][PASSED] - click(findTestObject("Object Repository/Specific Cases Repository/LS/Home/Calendar/Calendar_Events/Calendar_Events_Creation/Appointment/Page_Calendar/label_Appointment")): Object: 'Object Repository/Specific Cases Repository/LS/Home/Calendar/Calendar_Events/Calendar_Events_Creation/Appointment/Page_Calendar/label_Appointment' is clicked on

09-01-2025T16:28:17 - [MESSAGE][PASSED] - Object: 'Object Repository/Specific Cases Repository/LS/Home/Calendar/Calendar_Events/Calendar_Events_Creation/Appointment/Page_Calendar/label_Appointment' is clicked on

09-01-2025T16:28:17 - [TEST_STEP][PASSED] - click(findTestObject("Object Repository/Specific Cases Repository/LS/Home/Calendar/Calendar_Events/Calendar_Events_Creation/Appointment/Page_Calendar/label_Appointment")): Object: 'Object Repository/Specific Cases Repository/LS/Home/Calendar/Calendar_Events/Calendar_Events_Creation/Appointment/Page_Calendar/label_Appointment' is clicked on

09-01-2025T16:28:17 - [MESSAGE][PASSED] - Object: 'Object Repository/Specific Cases Repository/LS/Home/Calendar/Calendar_Events/Calendar_Events_Creation/Appointment/Page_Calendar/label_Appointment' is clicked on

09-01-2025T16:28:17 - [TEST_STEP][PASSED] - click(findTestObject("Object Repository/Specific Cases Repository/LS/Home/Calendar/Calendar_Events/Calendar_Events_Creation/Appointment/Page_Calendar/span_Select Client")): Object: 'Object Repository/Specific Cases Repository/LS/Home/Calendar/Calendar_Events/Calendar_Events_Creation/Appointment/Page_Calendar/span_Select Client' is clicked on

09-01-2025T16:28:17 - [MESSAGE][PASSED] - Object: 'Object Repository/Specific Cases Repository/LS/Home/Calendar/Calendar_Events/Calendar_Events_Creation/Appointment/Page_Calendar/span_Select Client' is clicked on

09-01-2025T16:28:17 - [TEST_STEP][PASSED] - setText(findTestObject("Object Repository/Specific Cases Repository/LS/Home/Calendar/Calendar_Events/Calendar_Events_Creation/Appointment/Page_Calendar/Patien Name"), "A Auto"): Text 'A Auto' is set on object 'Object Repository/Specific Cases Repository/LS/Home/Calendar/Calendar_Events/Calendar_Events_Creation/Appointment/Page_Calendar/Patien Name'

09-01-2025T16:28:18 - [MESSAGE][PASSED] - Text 'A Auto' is set on object 'Object Repository/Specific Cases Repository/LS/Home/Calendar/Calendar_Events/Calendar_Events_Creation/Appointment/Page_Calendar/Patien Name'

09-01-2025T16:28:18 - [TEST_STEP][PASSED] - sendKeys(findTestObject("Object Repository/Specific Cases Repository/LS/Home/Calendar/Calendar_Events/Calendar_Events_Creation/Appointment/Page_Calendar/Patien Name"), Keys.chord(ENTER)): Keys 'ENTER + ' sent to object: 'Object Repository/Specific Cases Repository/LS/Home/Calendar/Calendar_Events/Calendar_Events_Creation/Appointment/Page_Calendar/Patien Name'

09-01-2025T16:28:19 - [MESSAGE][PASSED] - Keys 'ENTER + ' sent to object: 'Object Repository/Specific Cases Repository/LS/Home/Calendar/Calendar_Events/Calendar_Events_Creation/Appointment/Page_Calendar/Patien Name'

09-01-2025T16:28:19 - [TEST_STEP][PASSED] - click(findTestObject("Object Repository/Specific Cases Repository/LS/Home/Calendar/Calendar_Events/Calendar_Events_Creation/Appointment/Page_Calendar/span_Select Service")): Object: 'Object Repository/Specific Cases Repository/LS/Home/Calendar/Calendar_Events/Calendar_Events_Creation/Appointment/Page_Calendar/span_Select Service' is clicked on

09-01-2025T16:28:20 - [MESSAGE][PASSED] - Object: 'Object Repository/Specific Cases Repository/LS/Home/Calendar/Calendar_Events/Calendar_Events_Creation/Appointment/Page_Calendar/span_Select Service' is clicked on

09-01-2025T16:28:20 - [TEST_STEP][PASSED] - setText(findTestObject("Object Repository/Specific Cases Repository/LS/Home/Calendar/Calendar_Events/Calendar_Events_Creation/Appointment/Page_Calendar/Patien Name"), "5 "): Text '5 ' is set on object 'Object Repository/Specific Cases Repository/LS/Home/Calendar/Calendar_Events/Calendar_Events_Creation/Appointment/Page_Calendar/Patien Name'

09-01-2025T16:28:20 - [MESSAGE][PASSED] - Text '5 ' is set on object 'Object Repository/Specific Cases Repository/LS/Home/Calendar/Calendar_Events/Calendar_Events_Creation/Appointment/Page_Calendar/Patien Name'

09-01-2025T16:28:20 - [TEST_STEP][PASSED] - sendKeys(findTestObject("Object Repository/Specific Cases Repository/LS/Home/Calendar/Calendar_Events/Calendar_Events_Creation/Appointment/Page_Calendar/Patien Name"), Keys.chord(ENTER)): Keys 'ENTER + ' sent to object: 'Object Repository/Specific Cases Repository/LS/Home/Calendar/Calendar_Events/Calendar_Events_Creation/Appointment/Page_Calendar/Patien Name'

09-01-2025T16:28:21 - [MESSAGE][PASSED] - Keys 'ENTER + ' sent to object: 'Object Repository/Specific Cases Repository/LS/Home/Calendar/Calendar_Events/Calendar_Events_Creation/Appointment/Page_Calendar/Patien Name'

09-01-2025T16:28:21 - [TEST_STEP][PASSED] - click(findTestObject("Object Repository/Specific Cases Repository/LS/Home/Calendar/Calendar_Events/Calendar_Events_Creation/Appointment/Page_Calendar/input_Title_title_")): Object: 'Object Repository/Specific Cases Repository/LS/Home/Calendar/Calendar_Events/Calendar_Events_Creation/Appointment/Page_Calendar/input_Title_title_' is clicked on

09-01-2025T16:28:21 - [MESSAGE][PASSED] - Object: 'Object Repository/Specific Cases Repository/LS/Home/Calendar/Calendar_Events/Calendar_Events_Creation/Appointment/Page_Calendar/input_Title_title_' is clicked on

09-01-2025T16:28:21 - [TEST_STEP][PASSED] - setText(findTestObject("Object Repository/Specific Cases Repository/LS/Home/Calendar/Calendar_Events/Calendar_Events_Creation/Appointment/Page_Calendar/input_Title_title_"), "Automation Test with A Automation, A Client MR# 24-11006: 5 Panel Drug Screen"): Text 'Automation Test with A Automation, A Client MR# 24-11006: 5 Panel Drug Screen' is set on object 'Object Repository/Specific Cases Repository/LS/Home/Calendar/Calendar_Events/Calendar_Events_Creation/Appointment/Page_Calendar/input_Title_title_'

09-01-2025T16:28:22 - [MESSAGE][PASSED] - Text 'Automation Test with A Automation, A Client MR# 24-11006: 5 Panel Drug Screen' is set on object 'Object Repository/Specific Cases Repository/LS/Home/Calendar/Calendar_Events/Calendar_Events_Creation/Appointment/Page_Calendar/input_Title_title_'

09-01-2025T16:28:22 - [TEST_STEP][PASSED] - click(findTestObject("Object Repository/Specific Cases Repository/LS/Home/Calendar/Calendar_Events/Calendar_Events_Creation/Appointment/Page_Calendar/Date")): Object: 'Object Repository/Specific Cases Repository/LS/Home/Calendar/Calendar_Events/Calendar_Events_Creation/Appointment/Page_Calendar/Date' is clicked on

09-01-2025T16:28:22 - [MESSAGE][PASSED] - Object: 'Object Repository/Specific Cases Repository/LS/Home/Calendar/Calendar_Events/Calendar_Events_Creation/Appointment/Page_Calendar/Date' is clicked on

09-01-2025T16:28:22 - [TEST_STEP][PASSED] - setText(findTestObject("Object Repository/Specific Cases Repository/LS/Home/Calendar/Calendar_Events/Calendar_Events_Creation/Appointment/Page_Calendar/Date"), Todays_Date): Text '01/09/2025' is set on object 'Object Repository/Specific Cases Repository/LS/Home/Calendar/Calendar_Events/Calendar_Events_Creation/Appointment/Page_Calendar/Date'

09-01-2025T16:28:23 - [MESSAGE][PASSED] - Text '01/09/2025' is set on object 'Object Repository/Specific Cases Repository/LS/Home/Calendar/Calendar_Events/Calendar_Events_Creation/Appointment/Page_Calendar/Date'

09-01-2025T16:28:23 - [TEST_STEP][PASSED] - click(findTestObject("Object Repository/Specific Cases Repository/LS/Home/Calendar/Calendar_Events/Calendar_Events_Creation/Appointment/Page_Calendar/Start Time Clock")): Object: 'Object Repository/Specific Cases Repository/LS/Home/Calendar/Calendar_Events/Calendar_Events_Creation/Appointment/Page_Calendar/Start Time Clock' is clicked on

09-01-2025T16:28:24 - [MESSAGE][PASSED] - Object: 'Object Repository/Specific Cases Repository/LS/Home/Calendar/Calendar_Events/Calendar_Events_Creation/Appointment/Page_Calendar/Start Time Clock' is clicked on

09-01-2025T16:28:24 - [TEST_STEP][PASSED] - setText(findTestObject("Object Repository/Specific Cases Repository/LS/Home/Calendar/Calendar_Events/Calendar_Events_Creation/Appointment/Page_Calendar/Start Time Clock"), "1500"): Text '1500' is set on object 'Object Repository/Specific Cases Repository/LS/Home/Calendar/Calendar_Events/Calendar_Events_Creation/Appointment/Page_Calendar/Start Time Clock'

09-01-2025T16:28:24 - [MESSAGE][PASSED] - Text '1500' is set on object 'Object Repository/Specific Cases Repository/LS/Home/Calendar/Calendar_Events/Calendar_Events_Creation/Appointment/Page_Calendar/Start Time Clock'

09-01-2025T16:28:24 - [TEST_STEP][PASSED] - click(findTestObject("Object Repository/Specific Cases Repository/LS/Home/Calendar/Calendar_Events/Calendar_Events_Creation/Appointment/Page_Calendar/End Time Clock")): Object: 'Object Repository/Specific Cases Repository/LS/Home/Calendar/Calendar_Events/Calendar_Events_Creation/Appointment/Page_Calendar/End Time Clock' is clicked on

09-01-2025T16:28:25 - [MESSAGE][PASSED] - Object: 'Object Repository/Specific Cases Repository/LS/Home/Calendar/Calendar_Events/Calendar_Events_Creation/Appointment/Page_Calendar/End Time Clock' is clicked on

09-01-2025T16:28:25 - [TEST_STEP][PASSED] - setText(findTestObject("Object Repository/Specific Cases Repository/LS/Home/Calendar/Calendar_Events/Calendar_Events_Creation/Appointment/Page_Calendar/End Time Clock"), "1600"): Text '1600' is set on object 'Object Repository/Specific Cases Repository/LS/Home/Calendar/Calendar_Events/Calendar_Events_Creation/Appointment/Page_Calendar/End Time Clock'

09-01-2025T16:28:26 - [MESSAGE][PASSED] - Text '1600' is set on object 'Object Repository/Specific Cases Repository/LS/Home/Calendar/Calendar_Events/Calendar_Events_Creation/Appointment/Page_Calendar/End Time Clock'

09-01-2025T16:28:26 - [TEST_STEP][PASSED] - verifyElementPresent(findTestObject("Object Repository/Specific Cases Repository/LS/Home/Calendar/Calendar_Events/Calendar_Events_Creation/Appointment/Page_Calendar/Duplicated appointment message"), 0): Object 'Object Repository/Specific Cases Repository/LS/Home/Calendar/Calendar_Events/Calendar_Events_Creation/Appointment/Page_Calendar/Duplicated appointment message' is present

09-01-2025T16:28:26 - [MESSAGE][WARNING] - Timeout '0' is invalid. Using default page load timeout: '30'

09-01-2025T16:28:27 - [MESSAGE][PASSED] - Object 'Object Repository/Specific Cases Repository/LS/Home/Calendar/Calendar_Events/Calendar_Events_Creation/Appointment/Page_Calendar/Duplicated appointment message' is present

09-01-2025T16:28:27 - [TEST_STEP][PASSED] - verifyElementText(findTestObject("Object Repository/Specific Cases Repository/LS/Home/Calendar/Calendar_Events/Calendar_Events_Creation/Appointment/Page_Calendar/div_This client has another appointment dur_a294bd"), "This client has another appointment during this time range."): Actual text and expected text of test object 'Object Repository/Specific Cases Repository/LS/Home/Calendar/Calendar_Events/Calendar_Events_Creation/Appointment/Page_Calendar/div_This client has another appointment dur_a294bd' are matched.

09-01-2025T16:28:27 - [MESSAGE][PASSED] - Actual text and expected text of test object 'Object Repository/Specific Cases Repository/LS/Home/Calendar/Calendar_Events/Calendar_Events_Creation/Appointment/Page_Calendar/div_This client has another appointment dur_a294bd' are matched.

09-01-2025T16:28:27 - [TEST_STEP][PASSED] - click(findTestObject("Object Repository/Specific Cases Repository/LS/Home/Calendar/Calendar_Events/Calendar_Events_Creation/Appointment/Page_Calendar/Cancel Appointment")): Object: 'Object Repository/Specific Cases Repository/LS/Home/Calendar/Calendar_Events/Calendar_Events_Creation/Appointment/Page_Calendar/Cancel Appointment' is clicked on

09-01-2025T16:28:27 - [MESSAGE][PASSED] - Object: 'Object Repository/Specific Cases Repository/LS/Home/Calendar/Calendar_Events/Calendar_Events_Creation/Appointment/Page_Calendar/Cancel Appointment' is clicked on

09-01-2025T16:28:27 - [TEST_STEP][PASSED] - click(findTestObject("Specific Cases Repository/LS/Home/Calendar/Calendar_Events/Calendar_Events_Creation/Appointment/Page_Calendar/a_Automation Test with A Automation, A Clie_8f5a4c")): Object: 'Object Repository/Specific Cases Repository/LS/Home/Calendar/Calendar_Events/Calendar_Events_Creation/Appointment/Page_Calendar/a_Automation Test with A Automation, A Clie_8f5a4c' is clicked on

09-01-2025T16:28:28 - [MESSAGE][PASSED] - Object: 'Object Repository/Specific Cases Repository/LS/Home/Calendar/Calendar_Events/Calendar_Events_Creation/Appointment/Page_Calendar/a_Automation Test with A Automation, A Clie_8f5a4c' is clicked on

09-01-2025T16:28:28 - [TEST_STEP][PASSED] - verifyElementText(findTestObject("Object Repository/Specific Cases Repository/LS/Home/Calendar/Calendar_Events/Calendar_Events_Creation/Appointment/Page_Calendar/b_Revise Schedule for"), "Revise Schedule for"): Actual text and expected text of test object 'Object Repository/Specific Cases Repository/LS/Home/Calendar/Calendar_Events/Calendar_Events_Creation/Appointment/Page_Calendar/b_Revise Schedule for' are matched.

09-01-2025T16:28:29 - [MESSAGE][PASSED] - Actual text and expected text of test object 'Object Repository/Specific Cases Repository/LS/Home/Calendar/Calendar_Events/Calendar_Events_Creation/Appointment/Page_Calendar/b_Revise Schedule for' are matched.

09-01-2025T16:28:29 - [TEST_STEP][PASSED] - verifyElementText(findTestObject("Object Repository/Specific Cases Repository/LS/Home/Calendar/Calendar_Events/Calendar_Events_Creation/Appointment/Page_Calendar/a_A Client A Automation"), "A Client A Automation"): Actual text and expected text of test object 'Object Repository/Specific Cases Repository/LS/Home/Calendar/Calendar_Events/Calendar_Events_Creation/Appointment/Page_Calendar/a_A Client A Automation' are matched.

09-01-2025T16:28:29 - [MESSAGE][PASSED] - Actual text and expected text of test object 'Object Repository/Specific Cases Repository/LS/Home/Calendar/Calendar_Events/Calendar_Events_Creation/Appointment/Page_Calendar/a_A Client A Automation' are matched.

09-01-2025T16:28:29 - [TEST_STEP][PASSED] - waitForPageLoad(30): Wait for page load successfully

09-01-2025T16:28:29 - [MESSAGE][PASSED] - Wait for page load successfully

09-01-2025T16:28:29 - [TEST_STEP][PASSED] - closeBrowser(): Browser is closed

09-01-2025T16:28:30 - [MESSAGE][PASSED] - Browser is closed]]></system-out>
         <system-err><![CDATA[]]></system-err>
      </testcase>
      <testcase name="Test Cases/Specific Cases/LS/General/Calendar/Events_Creation/Present Events Creation/Calendar_Block" time="23.437" classname="Test Cases/Specific Cases/LS/General/Calendar/Events_Creation/Present Events Creation/Calendar_Block" status="PASSED">
         <system-out><![CDATA[09-01-2025T16:28:30 - [TEST_CASE][PASSED] - Test Cases/Specific Cases/LS/General/Calendar/Events_Creation/Present Events Creation/Calendar_Block: Test Cases/Specific Cases/LS/General/Calendar/Events_Creation/Present Events Creation/Calendar_Block

09-01-2025T16:28:30 - [TEST_STEP][PASSED] - callTestCase(findTestCase("Common Cases/Login"), [:], STOP_ON_FAILURE): Call Test Case 'Test Cases/Common Cases/Login' successfully

09-01-2025T16:28:30 - [TEST_CASE][PASSED] - Test Cases/Common Cases/Login: Test Cases/Common Cases/Login

09-01-2025T16:28:30 - [TEST_STEP][PASSED] - openBrowser(""): Browser is opened with url: ''

09-01-2025T16:28:30 - [MESSAGE][INFO] - Starting 'Chrome' driver

09-01-2025T16:28:30 - [MESSAGE][INFO] - Action delay is set to 0 milliseconds

09-01-2025T16:28:31 - [MESSAGE][PASSED] - Browser is opened with url: ''

09-01-2025T16:28:31 - [TEST_STEP][PASSED] - maximizeWindow(): Current window maximized

09-01-2025T16:28:31 - [MESSAGE][PASSED] - Current window maximized

09-01-2025T16:28:31 - [TEST_STEP][PASSED] - navigateToUrl("https://site17.lsapp.cloud/auth/login"): Navigate to 'https://site17.lsapp.cloud/auth/login' successfully

09-01-2025T16:28:34 - [MESSAGE][PASSED] - Navigate to 'https://site17.lsapp.cloud/auth/login' successfully

09-01-2025T16:28:34 - [TEST_STEP][PASSED] - setText(findTestObject("Object Repository/Common Cases Repository/Login/Page_Lightning Step/input_Email_email"), "automation@lightningstep.com"): Text 'automation@lightningstep.com' is set on object 'Object Repository/Common Cases Repository/Login/Page_Lightning Step/input_Email_email'

09-01-2025T16:28:34 - [MESSAGE][PASSED] - Text 'automation@lightningstep.com' is set on object 'Object Repository/Common Cases Repository/Login/Page_Lightning Step/input_Email_email'

09-01-2025T16:28:34 - [TEST_STEP][PASSED] - setEncryptedText(findTestObject("Object Repository/Common Cases Repository/Login/Page_Lightning Step/input_Password_password"), "e5N8VHmnhJDITtQaQhDQDw=="): Text ****** has been set on object 'Object Repository/Common Cases Repository/Login/Page_Lightning Step/input_Password_password'

09-01-2025T16:28:35 - [MESSAGE][PASSED] - Text ****** has been set on object 'Object Repository/Common Cases Repository/Login/Page_Lightning Step/input_Password_password'

09-01-2025T16:28:35 - [TEST_STEP][PASSED] - click(findTestObject("Object Repository/Common Cases Repository/Login/Page_Lightning Step/button_Sign in")): Object: 'Object Repository/Common Cases Repository/Login/Page_Lightning Step/button_Sign in' is clicked on

09-01-2025T16:28:41 - [MESSAGE][PASSED] - Object: 'Object Repository/Common Cases Repository/Login/Page_Lightning Step/button_Sign in' is clicked on

09-01-2025T16:28:41 - [MESSAGE][PASSED] - Call Test Case 'Test Cases/Common Cases/Login' successfully

09-01-2025T16:28:41 - [TEST_STEP][PASSED] - click(findTestObject("Object Repository/Specific Cases Repository/LS/Home/Calendar/Calendar_Events/Calendar_Events_Creation/Block/Page_Home/a_Calendar")): Object: 'Object Repository/Specific Cases Repository/LS/Home/Calendar/Calendar_Events/Calendar_Events_Creation/Block/Page_Home/a_Calendar' is clicked on

09-01-2025T16:28:43 - [MESSAGE][PASSED] - Object: 'Object Repository/Specific Cases Repository/LS/Home/Calendar/Calendar_Events/Calendar_Events_Creation/Block/Page_Home/a_Calendar' is clicked on

09-01-2025T16:28:43 - [TEST_STEP][PASSED] - click(findTestObject("Object Repository/Specific Cases Repository/LS/Home/Calendar/Calendar_Events/Calendar_Events_Creation/Appointment/Page_Calendar/div_Week")): Object: 'Object Repository/Specific Cases Repository/LS/Home/Calendar/Calendar_Events/Calendar_Events_Creation/Appointment/Page_Calendar/div_Week' is clicked on

09-01-2025T16:28:44 - [MESSAGE][PASSED] - Object: 'Object Repository/Specific Cases Repository/LS/Home/Calendar/Calendar_Events/Calendar_Events_Creation/Appointment/Page_Calendar/div_Week' is clicked on

09-01-2025T16:28:44 - [TEST_STEP][PASSED] - click(findTestObject("Object Repository/Specific Cases Repository/LS/Home/Calendar/Calendar_Events/Calendar_Events_Creation/Block/Page_Calendar/button_Create new")): Object: 'Object Repository/Specific Cases Repository/LS/Home/Calendar/Calendar_Events/Calendar_Events_Creation/Block/Page_Calendar/button_Create new' is clicked on

09-01-2025T16:28:45 - [MESSAGE][PASSED] - Object: 'Object Repository/Specific Cases Repository/LS/Home/Calendar/Calendar_Events/Calendar_Events_Creation/Block/Page_Calendar/button_Create new' is clicked on

09-01-2025T16:28:45 - [TEST_STEP][PASSED] - click(findTestObject("Object Repository/Specific Cases Repository/LS/Home/Calendar/Calendar_Events/Calendar_Events_Creation/Block/Page_Calendar/label_Block")): Object: 'Object Repository/Specific Cases Repository/LS/Home/Calendar/Calendar_Events/Calendar_Events_Creation/Block/Page_Calendar/label_Block' is clicked on

09-01-2025T16:28:46 - [MESSAGE][PASSED] - Object: 'Object Repository/Specific Cases Repository/LS/Home/Calendar/Calendar_Events/Calendar_Events_Creation/Block/Page_Calendar/label_Block' is clicked on

09-01-2025T16:28:46 - [TEST_STEP][PASSED] - setText(findTestObject("Object Repository/Specific Cases Repository/LS/Home/Calendar/Calendar_Events/Calendar_Events_Creation/Block/Page_Calendar/input_Title_title_"), "Automation Block"): Text 'Automation Block' is set on object 'Object Repository/Specific Cases Repository/LS/Home/Calendar/Calendar_Events/Calendar_Events_Creation/Block/Page_Calendar/input_Title_title_'

09-01-2025T16:28:47 - [MESSAGE][PASSED] - Text 'Automation Block' is set on object 'Object Repository/Specific Cases Repository/LS/Home/Calendar/Calendar_Events/Calendar_Events_Creation/Block/Page_Calendar/input_Title_title_'

09-01-2025T16:28:47 - [TEST_STEP][PASSED] - click(findTestObject("Object Repository/Specific Cases Repository/LS/Home/Calendar/Calendar_Events/Calendar_Events_Creation/Appointment/Page_Calendar/Date")): Object: 'Object Repository/Specific Cases Repository/LS/Home/Calendar/Calendar_Events/Calendar_Events_Creation/Appointment/Page_Calendar/Date' is clicked on

09-01-2025T16:28:47 - [MESSAGE][PASSED] - Object: 'Object Repository/Specific Cases Repository/LS/Home/Calendar/Calendar_Events/Calendar_Events_Creation/Appointment/Page_Calendar/Date' is clicked on

09-01-2025T16:28:47 - [TEST_STEP][PASSED] - setText(findTestObject("Object Repository/Specific Cases Repository/LS/Home/Calendar/Calendar_Events/Calendar_Events_Creation/Appointment/Page_Calendar/Date"), Todays_Date): Text '01/09/2025' is set on object 'Object Repository/Specific Cases Repository/LS/Home/Calendar/Calendar_Events/Calendar_Events_Creation/Appointment/Page_Calendar/Date'

09-01-2025T16:28:47 - [MESSAGE][PASSED] - Text '01/09/2025' is set on object 'Object Repository/Specific Cases Repository/LS/Home/Calendar/Calendar_Events/Calendar_Events_Creation/Appointment/Page_Calendar/Date'

09-01-2025T16:28:47 - [TEST_STEP][PASSED] - click(findTestObject("Object Repository/Specific Cases Repository/LS/Home/Calendar/Calendar_Events/Calendar_Events_Creation/Appointment/Page_Calendar/Start Time Clock")): Object: 'Object Repository/Specific Cases Repository/LS/Home/Calendar/Calendar_Events/Calendar_Events_Creation/Appointment/Page_Calendar/Start Time Clock' is clicked on

09-01-2025T16:28:48 - [MESSAGE][PASSED] - Object: 'Object Repository/Specific Cases Repository/LS/Home/Calendar/Calendar_Events/Calendar_Events_Creation/Appointment/Page_Calendar/Start Time Clock' is clicked on

09-01-2025T16:28:48 - [TEST_STEP][PASSED] - setText(findTestObject("Object Repository/Specific Cases Repository/LS/Home/Calendar/Calendar_Events/Calendar_Events_Creation/Appointment/Page_Calendar/Start Time Clock"), "1600"): Text '1600' is set on object 'Object Repository/Specific Cases Repository/LS/Home/Calendar/Calendar_Events/Calendar_Events_Creation/Appointment/Page_Calendar/Start Time Clock'

09-01-2025T16:28:49 - [MESSAGE][PASSED] - Text '1600' is set on object 'Object Repository/Specific Cases Repository/LS/Home/Calendar/Calendar_Events/Calendar_Events_Creation/Appointment/Page_Calendar/Start Time Clock'

09-01-2025T16:28:49 - [TEST_STEP][PASSED] - click(findTestObject("Object Repository/Specific Cases Repository/LS/Home/Calendar/Calendar_Events/Calendar_Events_Creation/Block/Page_Calendar/div_Schedule                               _3f20bf")): Object: 'Object Repository/Specific Cases Repository/LS/Home/Calendar/Calendar_Events/Calendar_Events_Creation/Block/Page_Calendar/div_Schedule                               _3f20bf' is clicked on

09-01-2025T16:28:49 - [MESSAGE][PASSED] - Object: 'Object Repository/Specific Cases Repository/LS/Home/Calendar/Calendar_Events/Calendar_Events_Creation/Block/Page_Calendar/div_Schedule                               _3f20bf' is clicked on

09-01-2025T16:28:49 - [TEST_STEP][PASSED] - setText(findTestObject("Object Repository/Specific Cases Repository/LS/Home/Calendar/Calendar_Events/Calendar_Events_Creation/Block/Page_Calendar/input_Notes_notes"), "Automation Block Note"): Text 'Automation Block Note' is set on object 'Object Repository/Specific Cases Repository/LS/Home/Calendar/Calendar_Events/Calendar_Events_Creation/Block/Page_Calendar/input_Notes_notes'

09-01-2025T16:28:50 - [MESSAGE][PASSED] - Text 'Automation Block Note' is set on object 'Object Repository/Specific Cases Repository/LS/Home/Calendar/Calendar_Events/Calendar_Events_Creation/Block/Page_Calendar/input_Notes_notes'

09-01-2025T16:28:50 - [TEST_STEP][PASSED] - click(findTestObject("Object Repository/Specific Cases Repository/LS/Home/Calendar/Calendar_Events/Calendar_Events_Creation/Block/Page_Calendar/a_Save")): Object: 'Object Repository/Specific Cases Repository/LS/Home/Calendar/Calendar_Events/Calendar_Events_Creation/Block/Page_Calendar/a_Save' is clicked on

09-01-2025T16:28:51 - [MESSAGE][PASSED] - Object: 'Object Repository/Specific Cases Repository/LS/Home/Calendar/Calendar_Events/Calendar_Events_Creation/Block/Page_Calendar/a_Save' is clicked on

09-01-2025T16:28:51 - [TEST_STEP][PASSED] - mouseOver(findTestObject("Object Repository/Specific Cases Repository/LS/Home/Calendar/Calendar_Events/Calendar_Events_Creation/Block/Page_Calendar/a_Blocked for Automation Block")): Object: 'Object Repository/Specific Cases Repository/LS/Home/Calendar/Calendar_Events/Calendar_Events_Creation/Block/Page_Calendar/a_Blocked for Automation Block' is hovered

09-01-2025T16:28:52 - [MESSAGE][PASSED] - Object: 'Object Repository/Specific Cases Repository/LS/Home/Calendar/Calendar_Events/Calendar_Events_Creation/Block/Page_Calendar/a_Blocked for Automation Block' is hovered

09-01-2025T16:28:52 - [TEST_STEP][PASSED] - verifyElementText(findTestObject("Object Repository/Specific Cases Repository/LS/Home/Calendar/Calendar_Events/Calendar_Events_Creation/Block/Page_Calendar/span_Blocked for Automation Block"), "Blocked for: Automation Block"): Actual text and expected text of test object 'Object Repository/Specific Cases Repository/LS/Home/Calendar/Calendar_Events/Calendar_Events_Creation/Block/Page_Calendar/span_Blocked for Automation Block' are matched.

09-01-2025T16:28:53 - [MESSAGE][PASSED] - Actual text and expected text of test object 'Object Repository/Specific Cases Repository/LS/Home/Calendar/Calendar_Events/Calendar_Events_Creation/Block/Page_Calendar/span_Blocked for Automation Block' are matched.

09-01-2025T16:28:53 - [TEST_STEP][PASSED] - closeBrowser(): Browser is closed

09-01-2025T16:28:53 - [MESSAGE][PASSED] - Browser is closed]]></system-out>
         <system-err><![CDATA[]]></system-err>
      </testcase>
      <testcase name="Test Cases/Specific Cases/LS/General/Calendar/Events_Creation/Present Events Creation/Calendar_Event" time="24.768" classname="Test Cases/Specific Cases/LS/General/Calendar/Events_Creation/Present Events Creation/Calendar_Event" status="PASSED">
         <system-out><![CDATA[09-01-2025T16:28:53 - [TEST_CASE][PASSED] - Test Cases/Specific Cases/LS/General/Calendar/Events_Creation/Present Events Creation/Calendar_Event: Test Cases/Specific Cases/LS/General/Calendar/Events_Creation/Present Events Creation/Calendar_Event

09-01-2025T16:28:53 - [TEST_STEP][PASSED] - callTestCase(findTestCase("Common Cases/Login"), [:], STOP_ON_FAILURE): Call Test Case 'Test Cases/Common Cases/Login' successfully

09-01-2025T16:28:53 - [TEST_CASE][PASSED] - Test Cases/Common Cases/Login: Test Cases/Common Cases/Login

09-01-2025T16:28:53 - [TEST_STEP][PASSED] - openBrowser(""): Browser is opened with url: ''

09-01-2025T16:28:53 - [MESSAGE][INFO] - Starting 'Chrome' driver

09-01-2025T16:28:53 - [MESSAGE][INFO] - Action delay is set to 0 milliseconds

09-01-2025T16:28:54 - [MESSAGE][PASSED] - Browser is opened with url: ''

09-01-2025T16:28:54 - [TEST_STEP][PASSED] - maximizeWindow(): Current window maximized

09-01-2025T16:28:54 - [MESSAGE][PASSED] - Current window maximized

09-01-2025T16:28:54 - [TEST_STEP][PASSED] - navigateToUrl("https://site17.lsapp.cloud/auth/login"): Navigate to 'https://site17.lsapp.cloud/auth/login' successfully

09-01-2025T16:28:58 - [MESSAGE][PASSED] - Navigate to 'https://site17.lsapp.cloud/auth/login' successfully

09-01-2025T16:28:58 - [TEST_STEP][PASSED] - setText(findTestObject("Object Repository/Common Cases Repository/Login/Page_Lightning Step/input_Email_email"), "automation@lightningstep.com"): Text 'automation@lightningstep.com' is set on object 'Object Repository/Common Cases Repository/Login/Page_Lightning Step/input_Email_email'

09-01-2025T16:28:58 - [MESSAGE][PASSED] - Text 'automation@lightningstep.com' is set on object 'Object Repository/Common Cases Repository/Login/Page_Lightning Step/input_Email_email'

09-01-2025T16:28:58 - [TEST_STEP][PASSED] - setEncryptedText(findTestObject("Object Repository/Common Cases Repository/Login/Page_Lightning Step/input_Password_password"), "e5N8VHmnhJDITtQaQhDQDw=="): Text ****** has been set on object 'Object Repository/Common Cases Repository/Login/Page_Lightning Step/input_Password_password'

09-01-2025T16:28:59 - [MESSAGE][PASSED] - Text ****** has been set on object 'Object Repository/Common Cases Repository/Login/Page_Lightning Step/input_Password_password'

09-01-2025T16:28:59 - [TEST_STEP][PASSED] - click(findTestObject("Object Repository/Common Cases Repository/Login/Page_Lightning Step/button_Sign in")): Object: 'Object Repository/Common Cases Repository/Login/Page_Lightning Step/button_Sign in' is clicked on

09-01-2025T16:29:04 - [MESSAGE][PASSED] - Object: 'Object Repository/Common Cases Repository/Login/Page_Lightning Step/button_Sign in' is clicked on

09-01-2025T16:29:04 - [MESSAGE][PASSED] - Call Test Case 'Test Cases/Common Cases/Login' successfully

09-01-2025T16:29:04 - [TEST_STEP][PASSED] - click(findTestObject("Object Repository/Specific Cases Repository/LS/Home/Calendar/Calendar_Events/Calendar_Events_Creation/Event/Page_Home/a_Calendar")): Object: 'Object Repository/Specific Cases Repository/LS/Home/Calendar/Calendar_Events/Calendar_Events_Creation/Event/Page_Home/a_Calendar' is clicked on

09-01-2025T16:29:08 - [MESSAGE][PASSED] - Object: 'Object Repository/Specific Cases Repository/LS/Home/Calendar/Calendar_Events/Calendar_Events_Creation/Event/Page_Home/a_Calendar' is clicked on

09-01-2025T16:29:08 - [TEST_STEP][PASSED] - click(findTestObject("Object Repository/Specific Cases Repository/LS/Home/Calendar/Calendar_Events/Calendar_Events_Creation/Appointment/Page_Calendar/div_Week")): Object: 'Object Repository/Specific Cases Repository/LS/Home/Calendar/Calendar_Events/Calendar_Events_Creation/Appointment/Page_Calendar/div_Week' is clicked on

09-01-2025T16:29:09 - [MESSAGE][PASSED] - Object: 'Object Repository/Specific Cases Repository/LS/Home/Calendar/Calendar_Events/Calendar_Events_Creation/Appointment/Page_Calendar/div_Week' is clicked on

09-01-2025T16:29:09 - [TEST_STEP][PASSED] - click(findTestObject("Object Repository/Specific Cases Repository/LS/Home/Calendar/Calendar_Events/Calendar_Events_Creation/Event/Page_Calendar/button_Create new")): Object: 'Object Repository/Specific Cases Repository/LS/Home/Calendar/Calendar_Events/Calendar_Events_Creation/Event/Page_Calendar/button_Create new' is clicked on

09-01-2025T16:29:10 - [MESSAGE][PASSED] - Object: 'Object Repository/Specific Cases Repository/LS/Home/Calendar/Calendar_Events/Calendar_Events_Creation/Event/Page_Calendar/button_Create new' is clicked on

09-01-2025T16:29:10 - [TEST_STEP][PASSED] - click(findTestObject("Object Repository/Specific Cases Repository/LS/Home/Calendar/Calendar_Events/Calendar_Events_Creation/Event/Page_Calendar/label_Event")): Object: 'Object Repository/Specific Cases Repository/LS/Home/Calendar/Calendar_Events/Calendar_Events_Creation/Event/Page_Calendar/label_Event' is clicked on

09-01-2025T16:29:11 - [MESSAGE][PASSED] - Object: 'Object Repository/Specific Cases Repository/LS/Home/Calendar/Calendar_Events/Calendar_Events_Creation/Event/Page_Calendar/label_Event' is clicked on

09-01-2025T16:29:11 - [TEST_STEP][PASSED] - setText(findTestObject("Object Repository/Specific Cases Repository/LS/Home/Calendar/Calendar_Events/Calendar_Events_Creation/Event/Page_Calendar/input_Title_title_"), "Automation Event"): Text 'Automation Event' is set on object 'Object Repository/Specific Cases Repository/LS/Home/Calendar/Calendar_Events/Calendar_Events_Creation/Event/Page_Calendar/input_Title_title_'

09-01-2025T16:29:12 - [MESSAGE][PASSED] - Text 'Automation Event' is set on object 'Object Repository/Specific Cases Repository/LS/Home/Calendar/Calendar_Events/Calendar_Events_Creation/Event/Page_Calendar/input_Title_title_'

09-01-2025T16:29:12 - [TEST_STEP][PASSED] - click(findTestObject("Object Repository/Specific Cases Repository/LS/Home/Calendar/Calendar_Events/Calendar_Events_Creation/Appointment/Page_Calendar/Date")): Object: 'Object Repository/Specific Cases Repository/LS/Home/Calendar/Calendar_Events/Calendar_Events_Creation/Appointment/Page_Calendar/Date' is clicked on

09-01-2025T16:29:12 - [MESSAGE][PASSED] - Object: 'Object Repository/Specific Cases Repository/LS/Home/Calendar/Calendar_Events/Calendar_Events_Creation/Appointment/Page_Calendar/Date' is clicked on

09-01-2025T16:29:12 - [TEST_STEP][PASSED] - setText(findTestObject("Object Repository/Specific Cases Repository/LS/Home/Calendar/Calendar_Events/Calendar_Events_Creation/Appointment/Page_Calendar/Date"), Todays_Date): Text '01/09/2025' is set on object 'Object Repository/Specific Cases Repository/LS/Home/Calendar/Calendar_Events/Calendar_Events_Creation/Appointment/Page_Calendar/Date'

09-01-2025T16:29:13 - [MESSAGE][PASSED] - Text '01/09/2025' is set on object 'Object Repository/Specific Cases Repository/LS/Home/Calendar/Calendar_Events/Calendar_Events_Creation/Appointment/Page_Calendar/Date'

09-01-2025T16:29:13 - [TEST_STEP][PASSED] - click(findTestObject("Object Repository/Specific Cases Repository/LS/Home/Calendar/Calendar_Events/Calendar_Events_Creation/Appointment/Page_Calendar/Start Time Clock")): Object: 'Object Repository/Specific Cases Repository/LS/Home/Calendar/Calendar_Events/Calendar_Events_Creation/Appointment/Page_Calendar/Start Time Clock' is clicked on

09-01-2025T16:29:14 - [MESSAGE][PASSED] - Object: 'Object Repository/Specific Cases Repository/LS/Home/Calendar/Calendar_Events/Calendar_Events_Creation/Appointment/Page_Calendar/Start Time Clock' is clicked on

09-01-2025T16:29:14 - [TEST_STEP][PASSED] - setText(findTestObject("Object Repository/Specific Cases Repository/LS/Home/Calendar/Calendar_Events/Calendar_Events_Creation/Appointment/Page_Calendar/Start Time Clock"), "1400"): Text '1400' is set on object 'Object Repository/Specific Cases Repository/LS/Home/Calendar/Calendar_Events/Calendar_Events_Creation/Appointment/Page_Calendar/Start Time Clock'

09-01-2025T16:29:14 - [MESSAGE][PASSED] - Text '1400' is set on object 'Object Repository/Specific Cases Repository/LS/Home/Calendar/Calendar_Events/Calendar_Events_Creation/Appointment/Page_Calendar/Start Time Clock'

09-01-2025T16:29:14 - [TEST_STEP][PASSED] - click(findTestObject("Object Repository/Specific Cases Repository/LS/Home/Calendar/Calendar_Events/Calendar_Events_Creation/Event/Page_Calendar/div_Schedule                               _3f20bf")): Object: 'Object Repository/Specific Cases Repository/LS/Home/Calendar/Calendar_Events/Calendar_Events_Creation/Event/Page_Calendar/div_Schedule                               _3f20bf' is clicked on

09-01-2025T16:29:15 - [MESSAGE][PASSED] - Object: 'Object Repository/Specific Cases Repository/LS/Home/Calendar/Calendar_Events/Calendar_Events_Creation/Event/Page_Calendar/div_Schedule                               _3f20bf' is clicked on

09-01-2025T16:29:15 - [TEST_STEP][PASSED] - setText(findTestObject("Object Repository/Specific Cases Repository/LS/Home/Calendar/Calendar_Events/Calendar_Events_Creation/Event/Page_Calendar/input_Notes_notes"), "Automation Event Note"): Text 'Automation Event Note' is set on object 'Object Repository/Specific Cases Repository/LS/Home/Calendar/Calendar_Events/Calendar_Events_Creation/Event/Page_Calendar/input_Notes_notes'

09-01-2025T16:29:15 - [MESSAGE][PASSED] - Text 'Automation Event Note' is set on object 'Object Repository/Specific Cases Repository/LS/Home/Calendar/Calendar_Events/Calendar_Events_Creation/Event/Page_Calendar/input_Notes_notes'

09-01-2025T16:29:15 - [TEST_STEP][PASSED] - click(findTestObject("Object Repository/Specific Cases Repository/LS/Home/Calendar/Calendar_Events/Calendar_Events_Creation/Event/Page_Calendar/a_Save")): Object: 'Object Repository/Specific Cases Repository/LS/Home/Calendar/Calendar_Events/Calendar_Events_Creation/Event/Page_Calendar/a_Save' is clicked on

09-01-2025T16:29:16 - [MESSAGE][PASSED] - Object: 'Object Repository/Specific Cases Repository/LS/Home/Calendar/Calendar_Events/Calendar_Events_Creation/Event/Page_Calendar/a_Save' is clicked on

09-01-2025T16:29:16 - [TEST_STEP][PASSED] - scrollToElement(findTestObject("Object Repository/Specific Cases Repository/LS/Home/Calendar/Calendar_Events/Calendar_Events_Creation/Event/Page_Calendar/a_Automation Event"), 0): Scroll to object 'Object Repository/Specific Cases Repository/LS/Home/Calendar/Calendar_Events/Calendar_Events_Creation/Event/Page_Calendar/a_Automation Event' successfully

09-01-2025T16:29:16 - [MESSAGE][WARNING] - Timeout '0' is invalid. Using default page load timeout: '30'

09-01-2025T16:29:17 - [MESSAGE][PASSED] - Scroll to object 'Object Repository/Specific Cases Repository/LS/Home/Calendar/Calendar_Events/Calendar_Events_Creation/Event/Page_Calendar/a_Automation Event' successfully

09-01-2025T16:29:17 - [TEST_STEP][PASSED] - mouseOver(findTestObject("Object Repository/Specific Cases Repository/LS/Home/Calendar/Calendar_Events/Calendar_Events_Creation/Event/Page_Calendar/a_Automation Event")): Object: 'Object Repository/Specific Cases Repository/LS/Home/Calendar/Calendar_Events/Calendar_Events_Creation/Event/Page_Calendar/a_Automation Event' is hovered

09-01-2025T16:29:17 - [MESSAGE][PASSED] - Object: 'Object Repository/Specific Cases Repository/LS/Home/Calendar/Calendar_Events/Calendar_Events_Creation/Event/Page_Calendar/a_Automation Event' is hovered

09-01-2025T16:29:17 - [TEST_STEP][PASSED] - verifyElementText(findTestObject("Object Repository/Specific Cases Repository/LS/Home/Calendar/Calendar_Events/Calendar_Events_Creation/Event/Page_Calendar/span_Automation Event"), "Automation Event"): Actual text and expected text of test object 'Object Repository/Specific Cases Repository/LS/Home/Calendar/Calendar_Events/Calendar_Events_Creation/Event/Page_Calendar/span_Automation Event' are matched.

09-01-2025T16:29:18 - [MESSAGE][PASSED] - Actual text and expected text of test object 'Object Repository/Specific Cases Repository/LS/Home/Calendar/Calendar_Events/Calendar_Events_Creation/Event/Page_Calendar/span_Automation Event' are matched.

09-01-2025T16:29:18 - [TEST_STEP][PASSED] - closeBrowser(): Browser is closed

09-01-2025T16:29:18 - [MESSAGE][PASSED] - Browser is closed]]></system-out>
         <system-err><![CDATA[]]></system-err>
      </testcase>
      <testcase name="Test Cases/Specific Cases/LS/General/Calendar/Events_Creation/Present Events Creation/Calendar_Groups" time="41.993" classname="Test Cases/Specific Cases/LS/General/Calendar/Events_Creation/Present Events Creation/Calendar_Groups" status="PASSED">
         <system-out><![CDATA[09-01-2025T16:29:18 - [TEST_CASE][PASSED] - Test Cases/Specific Cases/LS/General/Calendar/Events_Creation/Present Events Creation/Calendar_Groups: Test Cases/Specific Cases/LS/General/Calendar/Events_Creation/Present Events Creation/Calendar_Groups

09-01-2025T16:29:18 - [TEST_STEP][PASSED] - callTestCase(findTestCase("Common Cases/Login"), [:], STOP_ON_FAILURE): Call Test Case 'Test Cases/Common Cases/Login' successfully

09-01-2025T16:29:18 - [TEST_CASE][PASSED] - Test Cases/Common Cases/Login: Test Cases/Common Cases/Login

09-01-2025T16:29:18 - [TEST_STEP][PASSED] - openBrowser(""): Browser is opened with url: ''

09-01-2025T16:29:18 - [MESSAGE][INFO] - Starting 'Chrome' driver

09-01-2025T16:29:18 - [MESSAGE][INFO] - Action delay is set to 0 milliseconds

09-01-2025T16:29:19 - [MESSAGE][PASSED] - Browser is opened with url: ''

09-01-2025T16:29:19 - [TEST_STEP][PASSED] - maximizeWindow(): Current window maximized

09-01-2025T16:29:19 - [MESSAGE][PASSED] - Current window maximized

09-01-2025T16:29:19 - [TEST_STEP][PASSED] - navigateToUrl("https://site17.lsapp.cloud/auth/login"): Navigate to 'https://site17.lsapp.cloud/auth/login' successfully

09-01-2025T16:29:23 - [MESSAGE][PASSED] - Navigate to 'https://site17.lsapp.cloud/auth/login' successfully

09-01-2025T16:29:23 - [TEST_STEP][PASSED] - setText(findTestObject("Object Repository/Common Cases Repository/Login/Page_Lightning Step/input_Email_email"), "automation@lightningstep.com"): Text 'automation@lightningstep.com' is set on object 'Object Repository/Common Cases Repository/Login/Page_Lightning Step/input_Email_email'

09-01-2025T16:29:24 - [MESSAGE][PASSED] - Text 'automation@lightningstep.com' is set on object 'Object Repository/Common Cases Repository/Login/Page_Lightning Step/input_Email_email'

09-01-2025T16:29:24 - [TEST_STEP][PASSED] - setEncryptedText(findTestObject("Object Repository/Common Cases Repository/Login/Page_Lightning Step/input_Password_password"), "e5N8VHmnhJDITtQaQhDQDw=="): Text ****** has been set on object 'Object Repository/Common Cases Repository/Login/Page_Lightning Step/input_Password_password'

09-01-2025T16:29:25 - [MESSAGE][PASSED] - Text ****** has been set on object 'Object Repository/Common Cases Repository/Login/Page_Lightning Step/input_Password_password'

09-01-2025T16:29:25 - [TEST_STEP][PASSED] - click(findTestObject("Object Repository/Common Cases Repository/Login/Page_Lightning Step/button_Sign in")): Object: 'Object Repository/Common Cases Repository/Login/Page_Lightning Step/button_Sign in' is clicked on

09-01-2025T16:29:31 - [MESSAGE][PASSED] - Object: 'Object Repository/Common Cases Repository/Login/Page_Lightning Step/button_Sign in' is clicked on

09-01-2025T16:29:31 - [MESSAGE][PASSED] - Call Test Case 'Test Cases/Common Cases/Login' successfully

09-01-2025T16:29:31 - [TEST_STEP][PASSED] - click(findTestObject("Object Repository/Specific Cases Repository/LS/Home/Calendar/Calendar_Events/Calendar_Events_Creation/Group/Page_Home/a_Calendar")): Object: 'Object Repository/Specific Cases Repository/LS/Home/Calendar/Calendar_Events/Calendar_Events_Creation/Group/Page_Home/a_Calendar' is clicked on

09-01-2025T16:29:34 - [MESSAGE][PASSED] - Object: 'Object Repository/Specific Cases Repository/LS/Home/Calendar/Calendar_Events/Calendar_Events_Creation/Group/Page_Home/a_Calendar' is clicked on

09-01-2025T16:29:34 - [TEST_STEP][PASSED] - click(findTestObject("Object Repository/Specific Cases Repository/LS/Home/Calendar/Calendar_Events/Calendar_Events_Creation/Appointment/Page_Calendar/div_Week")): Object: 'Object Repository/Specific Cases Repository/LS/Home/Calendar/Calendar_Events/Calendar_Events_Creation/Appointment/Page_Calendar/div_Week' is clicked on

09-01-2025T16:29:35 - [MESSAGE][PASSED] - Object: 'Object Repository/Specific Cases Repository/LS/Home/Calendar/Calendar_Events/Calendar_Events_Creation/Appointment/Page_Calendar/div_Week' is clicked on

09-01-2025T16:29:35 - [TEST_STEP][PASSED] - click(findTestObject("Object Repository/Specific Cases Repository/LS/Home/Calendar/Calendar_Events/Calendar_Events_Creation/Group/Page_Calendar/button_Create new")): Object: 'Object Repository/Specific Cases Repository/LS/Home/Calendar/Calendar_Events/Calendar_Events_Creation/Group/Page_Calendar/button_Create new' is clicked on

09-01-2025T16:29:36 - [MESSAGE][PASSED] - Object: 'Object Repository/Specific Cases Repository/LS/Home/Calendar/Calendar_Events/Calendar_Events_Creation/Group/Page_Calendar/button_Create new' is clicked on

09-01-2025T16:29:36 - [TEST_STEP][PASSED] - click(findTestObject("Object Repository/Specific Cases Repository/LS/Home/Calendar/Calendar_Events/Calendar_Events_Creation/Group/Page_Calendar/label_Group")): Object: 'Object Repository/Specific Cases Repository/LS/Home/Calendar/Calendar_Events/Calendar_Events_Creation/Group/Page_Calendar/label_Group' is clicked on

09-01-2025T16:29:37 - [MESSAGE][PASSED] - Object: 'Object Repository/Specific Cases Repository/LS/Home/Calendar/Calendar_Events/Calendar_Events_Creation/Group/Page_Calendar/label_Group' is clicked on

09-01-2025T16:29:37 - [TEST_STEP][PASSED] - click(findTestObject("Object Repository/Specific Cases Repository/LS/Home/Calendar/Calendar_Events/Calendar_Events_Creation/Group/Page_Calendar/Groups Selector")): Object: 'Object Repository/Specific Cases Repository/LS/Home/Calendar/Calendar_Events/Calendar_Events_Creation/Group/Page_Calendar/Groups Selector' is clicked on

09-01-2025T16:29:38 - [MESSAGE][PASSED] - Object: 'Object Repository/Specific Cases Repository/LS/Home/Calendar/Calendar_Events/Calendar_Events_Creation/Group/Page_Calendar/Groups Selector' is clicked on

09-01-2025T16:29:38 - [TEST_STEP][PASSED] - click(findTestObject("Object Repository/Specific Cases Repository/LS/Home/Calendar/Calendar_Events/Calendar_Events_Creation/Page_Calendar/a_Cancel")): Object: 'Object Repository/Specific Cases Repository/LS/Home/Calendar/Calendar_Events/Calendar_Events_Creation/Page_Calendar/a_Cancel' is clicked on

09-01-2025T16:29:38 - [MESSAGE][PASSED] - Object: 'Object Repository/Specific Cases Repository/LS/Home/Calendar/Calendar_Events/Calendar_Events_Creation/Page_Calendar/a_Cancel' is clicked on

09-01-2025T16:29:38 - [TEST_STEP][PASSED] - click(findTestObject("Object Repository/Specific Cases Repository/LS/Home/Calendar/Calendar_Events/Calendar_Events_Creation/Group/Page_Calendar/button_Create new")): Object: 'Object Repository/Specific Cases Repository/LS/Home/Calendar/Calendar_Events/Calendar_Events_Creation/Group/Page_Calendar/button_Create new' is clicked on

09-01-2025T16:29:39 - [MESSAGE][PASSED] - Object: 'Object Repository/Specific Cases Repository/LS/Home/Calendar/Calendar_Events/Calendar_Events_Creation/Group/Page_Calendar/button_Create new' is clicked on

09-01-2025T16:29:39 - [TEST_STEP][PASSED] - click(findTestObject("Object Repository/Specific Cases Repository/LS/Home/Calendar/Calendar_Events/Calendar_Events_Creation/Group/Page_Calendar/label_Group")): Object: 'Object Repository/Specific Cases Repository/LS/Home/Calendar/Calendar_Events/Calendar_Events_Creation/Group/Page_Calendar/label_Group' is clicked on

09-01-2025T16:29:39 - [MESSAGE][PASSED] - Object: 'Object Repository/Specific Cases Repository/LS/Home/Calendar/Calendar_Events/Calendar_Events_Creation/Group/Page_Calendar/label_Group' is clicked on

09-01-2025T16:29:39 - [TEST_STEP][PASSED] - click(findTestObject("Object Repository/Specific Cases Repository/LS/Home/Calendar/Calendar_Events/Calendar_Events_Creation/Group/Page_Calendar/label_Group")): Object: 'Object Repository/Specific Cases Repository/LS/Home/Calendar/Calendar_Events/Calendar_Events_Creation/Group/Page_Calendar/label_Group' is clicked on

09-01-2025T16:29:40 - [MESSAGE][PASSED] - Object: 'Object Repository/Specific Cases Repository/LS/Home/Calendar/Calendar_Events/Calendar_Events_Creation/Group/Page_Calendar/label_Group' is clicked on

09-01-2025T16:29:40 - [TEST_STEP][PASSED] - click(findTestObject("Object Repository/Specific Cases Repository/LS/Home/Calendar/Calendar_Events/Calendar_Events_Creation/Group/Page_Calendar/Groups Selector")): Object: 'Object Repository/Specific Cases Repository/LS/Home/Calendar/Calendar_Events/Calendar_Events_Creation/Group/Page_Calendar/Groups Selector' is clicked on

09-01-2025T16:29:40 - [MESSAGE][PASSED] - Object: 'Object Repository/Specific Cases Repository/LS/Home/Calendar/Calendar_Events/Calendar_Events_Creation/Group/Page_Calendar/Groups Selector' is clicked on

09-01-2025T16:29:40 - [TEST_STEP][PASSED] - setText(findTestObject("Object Repository/Specific Cases Repository/LS/Home/Calendar/Calendar_Events/Calendar_Events_Creation/Group/Page_Calendar/input_Loading_select2-search__field"), "1.1"): Text '1.1' is set on object 'Object Repository/Specific Cases Repository/LS/Home/Calendar/Calendar_Events/Calendar_Events_Creation/Group/Page_Calendar/input_Loading_select2-search__field'

09-01-2025T16:29:41 - [MESSAGE][PASSED] - Text '1.1' is set on object 'Object Repository/Specific Cases Repository/LS/Home/Calendar/Calendar_Events/Calendar_Events_Creation/Group/Page_Calendar/input_Loading_select2-search__field'

09-01-2025T16:29:41 - [TEST_STEP][PASSED] - sendKeys(findTestObject("Object Repository/Specific Cases Repository/LS/Home/Calendar/Calendar_Events/Calendar_Events_Creation/Group/Page_Calendar/input_Loading_select2-search__field"), Keys.chord(ENTER)): Keys 'ENTER + ' sent to object: 'Object Repository/Specific Cases Repository/LS/Home/Calendar/Calendar_Events/Calendar_Events_Creation/Group/Page_Calendar/input_Loading_select2-search__field'

09-01-2025T16:29:42 - [MESSAGE][PASSED] - Keys 'ENTER + ' sent to object: 'Object Repository/Specific Cases Repository/LS/Home/Calendar/Calendar_Events/Calendar_Events_Creation/Group/Page_Calendar/input_Loading_select2-search__field'

09-01-2025T16:29:42 - [TEST_STEP][PASSED] - click(findTestObject("Specific Cases Repository/LS/Home/Calendar/Calendar_Events/Calendar_Events_Creation/Group/Page_Calendar/Date Warning")): Object: 'Object Repository/Specific Cases Repository/LS/Home/Calendar/Calendar_Events/Calendar_Events_Creation/Group/Page_Calendar/Date Warning' is clicked on

09-01-2025T16:29:43 - [MESSAGE][PASSED] - Object: 'Object Repository/Specific Cases Repository/LS/Home/Calendar/Calendar_Events/Calendar_Events_Creation/Group/Page_Calendar/Date Warning' is clicked on

09-01-2025T16:29:43 - [TEST_STEP][PASSED] - setText(findTestObject("Object Repository/Specific Cases Repository/LS/Home/Calendar/Calendar_Events/Calendar_Events_Creation/Group/Page_Calendar/input_Title_title_"), "1.2 Automatically Enroll Clients in Selected Location/Program(s)"): Text '1.2 Automatically Enroll Clients in Selected Location/Program(s)' is set on object 'Object Repository/Specific Cases Repository/LS/Home/Calendar/Calendar_Events/Calendar_Events_Creation/Group/Page_Calendar/input_Title_title_'

09-01-2025T16:29:43 - [MESSAGE][PASSED] - Text '1.2 Automatically Enroll Clients in Selected Location/Program(s)' is set on object 'Object Repository/Specific Cases Repository/LS/Home/Calendar/Calendar_Events/Calendar_Events_Creation/Group/Page_Calendar/input_Title_title_'

09-01-2025T16:29:43 - [TEST_STEP][PASSED] - click(findTestObject("Object Repository/Specific Cases Repository/LS/Home/Calendar/Calendar_Events/Calendar_Events_Creation/Group/Page_Calendar/Date")): Object: 'Object Repository/Specific Cases Repository/LS/Home/Calendar/Calendar_Events/Calendar_Events_Creation/Group/Page_Calendar/Date' is clicked on

09-01-2025T16:29:44 - [MESSAGE][PASSED] - Object: 'Object Repository/Specific Cases Repository/LS/Home/Calendar/Calendar_Events/Calendar_Events_Creation/Group/Page_Calendar/Date' is clicked on

09-01-2025T16:29:44 - [TEST_STEP][PASSED] - setText(findTestObject("Object Repository/Specific Cases Repository/LS/Home/Calendar/Calendar_Events/Calendar_Events_Creation/Group/Page_Calendar/Date"), Todays_Date): Text '01/09/2025' is set on object 'Object Repository/Specific Cases Repository/LS/Home/Calendar/Calendar_Events/Calendar_Events_Creation/Group/Page_Calendar/Date'

09-01-2025T16:29:44 - [MESSAGE][PASSED] - Text '01/09/2025' is set on object 'Object Repository/Specific Cases Repository/LS/Home/Calendar/Calendar_Events/Calendar_Events_Creation/Group/Page_Calendar/Date'

09-01-2025T16:29:44 - [TEST_STEP][PASSED] - click(findTestObject("Object Repository/Specific Cases Repository/LS/Home/Calendar/Calendar_Events/Calendar_Events_Creation/Group/Page_Calendar/Start Time")): Object: 'Object Repository/Specific Cases Repository/LS/Home/Calendar/Calendar_Events/Calendar_Events_Creation/Group/Page_Calendar/Start Time' is clicked on

09-01-2025T16:29:46 - [MESSAGE][PASSED] - Object: 'Object Repository/Specific Cases Repository/LS/Home/Calendar/Calendar_Events/Calendar_Events_Creation/Group/Page_Calendar/Start Time' is clicked on

09-01-2025T16:29:46 - [TEST_STEP][PASSED] - setText(findTestObject("Object Repository/Specific Cases Repository/LS/Home/Calendar/Calendar_Events/Calendar_Events_Creation/Group/Page_Calendar/Start Time"), "1300"): Text '1300' is set on object 'Object Repository/Specific Cases Repository/LS/Home/Calendar/Calendar_Events/Calendar_Events_Creation/Group/Page_Calendar/Start Time'

09-01-2025T16:29:46 - [MESSAGE][PASSED] - Text '1300' is set on object 'Object Repository/Specific Cases Repository/LS/Home/Calendar/Calendar_Events/Calendar_Events_Creation/Group/Page_Calendar/Start Time'

09-01-2025T16:29:46 - [TEST_STEP][PASSED] - click(findTestObject("Object Repository/Specific Cases Repository/LS/Home/Calendar/Calendar_Events/Calendar_Events_Creation/Group/Page_Calendar/End Time")): Object: 'Object Repository/Specific Cases Repository/LS/Home/Calendar/Calendar_Events/Calendar_Events_Creation/Group/Page_Calendar/End Time' is clicked on

09-01-2025T16:29:47 - [MESSAGE][PASSED] - Object: 'Object Repository/Specific Cases Repository/LS/Home/Calendar/Calendar_Events/Calendar_Events_Creation/Group/Page_Calendar/End Time' is clicked on

09-01-2025T16:29:47 - [TEST_STEP][PASSED] - setText(findTestObject("Object Repository/Specific Cases Repository/LS/Home/Calendar/Calendar_Events/Calendar_Events_Creation/Group/Page_Calendar/End Time"), "1400"): Text '1400' is set on object 'Object Repository/Specific Cases Repository/LS/Home/Calendar/Calendar_Events/Calendar_Events_Creation/Group/Page_Calendar/End Time'

09-01-2025T16:29:48 - [MESSAGE][PASSED] - Text '1400' is set on object 'Object Repository/Specific Cases Repository/LS/Home/Calendar/Calendar_Events/Calendar_Events_Creation/Group/Page_Calendar/End Time'

09-01-2025T16:29:48 - [TEST_STEP][PASSED] - click(findTestObject("Object Repository/Specific Cases Repository/LS/Home/Calendar/Calendar_Events/Calendar_Events_Creation/Group/Page_Calendar/Groups Selector")): Object: 'Object Repository/Specific Cases Repository/LS/Home/Calendar/Calendar_Events/Calendar_Events_Creation/Group/Page_Calendar/Groups Selector' is clicked on

09-01-2025T16:29:48 - [MESSAGE][PASSED] - Object: 'Object Repository/Specific Cases Repository/LS/Home/Calendar/Calendar_Events/Calendar_Events_Creation/Group/Page_Calendar/Groups Selector' is clicked on

09-01-2025T16:29:48 - [TEST_STEP][PASSED] - setText(findTestObject("Object Repository/Specific Cases Repository/LS/Home/Calendar/Calendar_Events/Calendar_Events_Creation/Group/Page_Calendar/input_Loading_select2-search__field"), "1.2"): Text '1.2' is set on object 'Object Repository/Specific Cases Repository/LS/Home/Calendar/Calendar_Events/Calendar_Events_Creation/Group/Page_Calendar/input_Loading_select2-search__field'

09-01-2025T16:29:49 - [MESSAGE][PASSED] - Text '1.2' is set on object 'Object Repository/Specific Cases Repository/LS/Home/Calendar/Calendar_Events/Calendar_Events_Creation/Group/Page_Calendar/input_Loading_select2-search__field'

09-01-2025T16:29:49 - [TEST_STEP][PASSED] - setText(findTestObject("Object Repository/Specific Cases Repository/LS/Home/Calendar/Calendar_Events/Calendar_Events_Creation/Group/Page_Calendar/input_Title_title_"), "1.2 Automatically Enroll Clients in Selected Location/Program(s)"): Text '1.2 Automatically Enroll Clients in Selected Location/Program(s)' is set on object 'Object Repository/Specific Cases Repository/LS/Home/Calendar/Calendar_Events/Calendar_Events_Creation/Group/Page_Calendar/input_Title_title_'

09-01-2025T16:29:50 - [MESSAGE][PASSED] - Text '1.2 Automatically Enroll Clients in Selected Location/Program(s)' is set on object 'Object Repository/Specific Cases Repository/LS/Home/Calendar/Calendar_Events/Calendar_Events_Creation/Group/Page_Calendar/input_Title_title_'

09-01-2025T16:29:50 - [TEST_STEP][PASSED] - sendKeys(findTestObject("Object Repository/Specific Cases Repository/LS/Home/Calendar/Calendar_Events/Calendar_Events_Creation/Group/Page_Calendar/input_Loading_select2-search__field"), Keys.chord(ENTER)): Keys 'ENTER + ' sent to object: 'Object Repository/Specific Cases Repository/LS/Home/Calendar/Calendar_Events/Calendar_Events_Creation/Group/Page_Calendar/input_Loading_select2-search__field'

09-01-2025T16:29:50 - [MESSAGE][PASSED] - Keys 'ENTER + ' sent to object: 'Object Repository/Specific Cases Repository/LS/Home/Calendar/Calendar_Events/Calendar_Events_Creation/Group/Page_Calendar/input_Loading_select2-search__field'

09-01-2025T16:29:50 - [TEST_STEP][PASSED] - click(findTestObject("Object Repository/Specific Cases Repository/LS/Home/Calendar/Calendar_Events/Calendar_Events_Creation/Group/Page_Calendar/span_Select Clients")): Object: 'Object Repository/Specific Cases Repository/LS/Home/Calendar/Calendar_Events/Calendar_Events_Creation/Group/Page_Calendar/span_Select Clients' is clicked on

09-01-2025T16:29:51 - [MESSAGE][PASSED] - Object: 'Object Repository/Specific Cases Repository/LS/Home/Calendar/Calendar_Events/Calendar_Events_Creation/Group/Page_Calendar/span_Select Clients' is clicked on

09-01-2025T16:29:51 - [TEST_STEP][PASSED] - click(findTestObject("Object Repository/Specific Cases Repository/LS/Home/Calendar/Calendar_Events/Calendar_Events_Creation/Group/Page_Calendar/label_C Automation, C Client MR 24-11008")): Object: 'Object Repository/Specific Cases Repository/LS/Home/Calendar/Calendar_Events/Calendar_Events_Creation/Group/Page_Calendar/label_C Automation, C Client MR 24-11008' is clicked on

09-01-2025T16:29:52 - [MESSAGE][PASSED] - Object: 'Object Repository/Specific Cases Repository/LS/Home/Calendar/Calendar_Events/Calendar_Events_Creation/Group/Page_Calendar/label_C Automation, C Client MR 24-11008' is clicked on

09-01-2025T16:29:52 - [TEST_STEP][PASSED] - click(findTestObject("Object Repository/Specific Cases Repository/LS/Home/Calendar/Calendar_Events/Calendar_Events_Creation/Group/Page_Calendar/label_B Automation, B Client MR 24-11007")): Object: 'Object Repository/Specific Cases Repository/LS/Home/Calendar/Calendar_Events/Calendar_Events_Creation/Group/Page_Calendar/label_B Automation, B Client MR 24-11007' is clicked on

09-01-2025T16:29:52 - [MESSAGE][PASSED] - Object: 'Object Repository/Specific Cases Repository/LS/Home/Calendar/Calendar_Events/Calendar_Events_Creation/Group/Page_Calendar/label_B Automation, B Client MR 24-11007' is clicked on

09-01-2025T16:29:52 - [TEST_STEP][PASSED] - click(findTestObject("Object Repository/Specific Cases Repository/LS/Home/Calendar/Calendar_Events/Calendar_Events_Creation/Group/Page_Calendar/View Enrolled Patients")): Object: 'Object Repository/Specific Cases Repository/LS/Home/Calendar/Calendar_Events/Calendar_Events_Creation/Group/Page_Calendar/View Enrolled Patients' is clicked on

09-01-2025T16:29:53 - [MESSAGE][PASSED] - Object: 'Object Repository/Specific Cases Repository/LS/Home/Calendar/Calendar_Events/Calendar_Events_Creation/Group/Page_Calendar/View Enrolled Patients' is clicked on

09-01-2025T16:29:53 - [TEST_STEP][PASSED] - verifyElementText(findTestObject("Object Repository/Specific Cases Repository/LS/Home/Calendar/Calendar_Events/Calendar_Events_Creation/Group/Page_Calendar/td_C Automation, C Client MR 24-11008"), "C Automation, C Client MR# 24-11008"): Actual text and expected text of test object 'Object Repository/Specific Cases Repository/LS/Home/Calendar/Calendar_Events/Calendar_Events_Creation/Group/Page_Calendar/td_C Automation, C Client MR 24-11008' are matched.

09-01-2025T16:29:53 - [MESSAGE][PASSED] - Actual text and expected text of test object 'Object Repository/Specific Cases Repository/LS/Home/Calendar/Calendar_Events/Calendar_Events_Creation/Group/Page_Calendar/td_C Automation, C Client MR 24-11008' are matched.

09-01-2025T16:29:53 - [TEST_STEP][PASSED] - verifyElementText(findTestObject("Object Repository/Specific Cases Repository/LS/Home/Calendar/Calendar_Events/Calendar_Events_Creation/Group/Page_Calendar/td_B Automation, B Client MR 24-11007"), "B Automation, B Client MR# 24-11007"): Actual text and expected text of test object 'Object Repository/Specific Cases Repository/LS/Home/Calendar/Calendar_Events/Calendar_Events_Creation/Group/Page_Calendar/td_B Automation, B Client MR 24-11007' are matched.

09-01-2025T16:29:54 - [MESSAGE][PASSED] - Actual text and expected text of test object 'Object Repository/Specific Cases Repository/LS/Home/Calendar/Calendar_Events/Calendar_Events_Creation/Group/Page_Calendar/td_B Automation, B Client MR 24-11007' are matched.

09-01-2025T16:29:54 - [TEST_STEP][PASSED] - click(findTestObject("Object Repository/Specific Cases Repository/LS/Home/Calendar/Calendar_Events/Calendar_Events_Creation/Group/Page_Calendar/View Enrolled Patients")): Object: 'Object Repository/Specific Cases Repository/LS/Home/Calendar/Calendar_Events/Calendar_Events_Creation/Group/Page_Calendar/View Enrolled Patients' is clicked on

09-01-2025T16:29:54 - [MESSAGE][PASSED] - Object: 'Object Repository/Specific Cases Repository/LS/Home/Calendar/Calendar_Events/Calendar_Events_Creation/Group/Page_Calendar/View Enrolled Patients' is clicked on

09-01-2025T16:29:54 - [TEST_STEP][PASSED] - scrollToElement(findTestObject("Object Repository/Specific Cases Repository/LS/Home/Calendar/Calendar_Events/Calendar_Events_Creation/Group/Page_Calendar/a_Save"), 0): Scroll to object 'Object Repository/Specific Cases Repository/LS/Home/Calendar/Calendar_Events/Calendar_Events_Creation/Group/Page_Calendar/a_Save' successfully

09-01-2025T16:29:54 - [MESSAGE][WARNING] - Timeout '0' is invalid. Using default page load timeout: '30'

09-01-2025T16:29:54 - [MESSAGE][PASSED] - Scroll to object 'Object Repository/Specific Cases Repository/LS/Home/Calendar/Calendar_Events/Calendar_Events_Creation/Group/Page_Calendar/a_Save' successfully

09-01-2025T16:29:54 - [TEST_STEP][PASSED] - click(findTestObject("Object Repository/Specific Cases Repository/LS/Home/Calendar/Calendar_Events/Calendar_Events_Creation/Group/Page_Calendar/a_Save")): Object: 'Object Repository/Specific Cases Repository/LS/Home/Calendar/Calendar_Events/Calendar_Events_Creation/Group/Page_Calendar/a_Save' is clicked on

09-01-2025T16:29:55 - [MESSAGE][PASSED] - Object: 'Object Repository/Specific Cases Repository/LS/Home/Calendar/Calendar_Events/Calendar_Events_Creation/Group/Page_Calendar/a_Save' is clicked on

09-01-2025T16:29:55 - [TEST_STEP][PASSED] - click(findTestObject("Specific Cases Repository/LS/Home/Calendar/Calendar_Events/Calendar_Events_Creation/Group/Page_Calendar/Calendar Event")): Object: 'Object Repository/Specific Cases Repository/LS/Home/Calendar/Calendar_Events/Calendar_Events_Creation/Group/Page_Calendar/Calendar Event' is clicked on

09-01-2025T16:29:56 - [MESSAGE][PASSED] - Object: 'Object Repository/Specific Cases Repository/LS/Home/Calendar/Calendar_Events/Calendar_Events_Creation/Group/Page_Calendar/Calendar Event' is clicked on

09-01-2025T16:29:56 - [TEST_STEP][PASSED] - verifyElementText(findTestObject("Object Repository/Specific Cases Repository/LS/Home/Calendar/Calendar_Events/Calendar_Events_Creation/Group/Page_Calendar/label_Start Group Session"), "Start Group Session"): Actual text and expected text of test object 'Object Repository/Specific Cases Repository/LS/Home/Calendar/Calendar_Events/Calendar_Events_Creation/Group/Page_Calendar/label_Start Group Session' are matched.

09-01-2025T16:29:57 - [MESSAGE][PASSED] - Actual text and expected text of test object 'Object Repository/Specific Cases Repository/LS/Home/Calendar/Calendar_Events/Calendar_Events_Creation/Group/Page_Calendar/label_Start Group Session' are matched.

09-01-2025T16:29:57 - [TEST_STEP][PASSED] - verifyElementPresent(findTestObject("Object Repository/Specific Cases Repository/LS/Home/Calendar/Calendar_Events/Calendar_Events_Creation/Group/Page_Calendar/input_Start Group Session_isdocumentedgroup"), 0): Object 'Object Repository/Specific Cases Repository/LS/Home/Calendar/Calendar_Events/Calendar_Events_Creation/Group/Page_Calendar/input_Start Group Session_isdocumentedgroup' is present

09-01-2025T16:29:57 - [MESSAGE][WARNING] - Timeout '0' is invalid. Using default page load timeout: '30'

09-01-2025T16:29:58 - [MESSAGE][PASSED] - Object 'Object Repository/Specific Cases Repository/LS/Home/Calendar/Calendar_Events/Calendar_Events_Creation/Group/Page_Calendar/input_Start Group Session_isdocumentedgroup' is present

09-01-2025T16:29:58 - [TEST_STEP][PASSED] - click(findTestObject("Object Repository/Specific Cases Repository/LS/Home/Calendar/Calendar_Events/Calendar_Events_Creation/Group/Page_Calendar/a_Save Revision")): Object: 'Object Repository/Specific Cases Repository/LS/Home/Calendar/Calendar_Events/Calendar_Events_Creation/Group/Page_Calendar/a_Save Revision' is clicked on

09-01-2025T16:29:58 - [MESSAGE][PASSED] - Object: 'Object Repository/Specific Cases Repository/LS/Home/Calendar/Calendar_Events/Calendar_Events_Creation/Group/Page_Calendar/a_Save Revision' is clicked on

09-01-2025T16:29:58 - [TEST_STEP][PASSED] - mouseOver(findTestObject("Specific Cases Repository/LS/Home/Calendar/Calendar_Events/Calendar_Events_Creation/Group/Page_Calendar/Calendar Event")): Object: 'Object Repository/Specific Cases Repository/LS/Home/Calendar/Calendar_Events/Calendar_Events_Creation/Group/Page_Calendar/Calendar Event' is hovered

09-01-2025T16:29:58 - [MESSAGE][PASSED] - Object: 'Object Repository/Specific Cases Repository/LS/Home/Calendar/Calendar_Events/Calendar_Events_Creation/Group/Page_Calendar/Calendar Event' is hovered

09-01-2025T16:29:58 - [TEST_STEP][PASSED] - verifyElementText(findTestObject("Object Repository/Specific Cases Repository/LS/Home/Calendar/Calendar_Events/Calendar_Events_Creation/Group/Page_Calendar/span_Automation Test 1.2 Automatically Enro_f39ad6"), "1.2 Automatically Enroll Clients in Selected Location/Program(s)"): Actual text and expected text of test object 'Object Repository/Specific Cases Repository/LS/Home/Calendar/Calendar_Events/Calendar_Events_Creation/Group/Page_Calendar/span_Automation Test 1.2 Automatically Enro_f39ad6' are matched.

09-01-2025T16:29:59 - [MESSAGE][PASSED] - Actual text and expected text of test object 'Object Repository/Specific Cases Repository/LS/Home/Calendar/Calendar_Events/Calendar_Events_Creation/Group/Page_Calendar/span_Automation Test 1.2 Automatically Enro_f39ad6' are matched.

09-01-2025T16:29:59 - [TEST_STEP][PASSED] - closeBrowser(): Browser is closed

09-01-2025T16:30:00 - [MESSAGE][PASSED] - Browser is closed]]></system-out>
         <system-err><![CDATA[]]></system-err>
      </testcase>
      <testcase name="Test Cases/Specific Cases/LS/General/Calendar/Events_Edit/Edit_Appointment" time="21.744" classname="Test Cases/Specific Cases/LS/General/Calendar/Events_Edit/Edit_Appointment" status="PASSED">
         <system-out><![CDATA[09-01-2025T16:30:00 - [TEST_CASE][PASSED] - Test Cases/Specific Cases/LS/General/Calendar/Events_Edit/Edit_Appointment: Test Cases/Specific Cases/LS/General/Calendar/Events_Edit/Edit_Appointment

09-01-2025T16:30:00 - [TEST_STEP][PASSED] - callTestCase(findTestCase("Common Cases/Login"), [:], STOP_ON_FAILURE): Call Test Case 'Test Cases/Common Cases/Login' successfully

09-01-2025T16:30:00 - [TEST_CASE][PASSED] - Test Cases/Common Cases/Login: Test Cases/Common Cases/Login

09-01-2025T16:30:00 - [TEST_STEP][PASSED] - openBrowser(""): Browser is opened with url: ''

09-01-2025T16:30:00 - [MESSAGE][INFO] - Starting 'Chrome' driver

09-01-2025T16:30:00 - [MESSAGE][INFO] - Action delay is set to 0 milliseconds

09-01-2025T16:30:01 - [MESSAGE][PASSED] - Browser is opened with url: ''

09-01-2025T16:30:01 - [TEST_STEP][PASSED] - maximizeWindow(): Current window maximized

09-01-2025T16:30:01 - [MESSAGE][PASSED] - Current window maximized

09-01-2025T16:30:01 - [TEST_STEP][PASSED] - navigateToUrl("https://site17.lsapp.cloud/auth/login"): Navigate to 'https://site17.lsapp.cloud/auth/login' successfully

09-01-2025T16:30:05 - [MESSAGE][PASSED] - Navigate to 'https://site17.lsapp.cloud/auth/login' successfully

09-01-2025T16:30:05 - [TEST_STEP][PASSED] - setText(findTestObject("Object Repository/Common Cases Repository/Login/Page_Lightning Step/input_Email_email"), "automation@lightningstep.com"): Text 'automation@lightningstep.com' is set on object 'Object Repository/Common Cases Repository/Login/Page_Lightning Step/input_Email_email'

09-01-2025T16:30:05 - [MESSAGE][PASSED] - Text 'automation@lightningstep.com' is set on object 'Object Repository/Common Cases Repository/Login/Page_Lightning Step/input_Email_email'

09-01-2025T16:30:05 - [TEST_STEP][PASSED] - setEncryptedText(findTestObject("Object Repository/Common Cases Repository/Login/Page_Lightning Step/input_Password_password"), "e5N8VHmnhJDITtQaQhDQDw=="): Text ****** has been set on object 'Object Repository/Common Cases Repository/Login/Page_Lightning Step/input_Password_password'

09-01-2025T16:30:06 - [MESSAGE][PASSED] - Text ****** has been set on object 'Object Repository/Common Cases Repository/Login/Page_Lightning Step/input_Password_password'

09-01-2025T16:30:06 - [TEST_STEP][PASSED] - click(findTestObject("Object Repository/Common Cases Repository/Login/Page_Lightning Step/button_Sign in")): Object: 'Object Repository/Common Cases Repository/Login/Page_Lightning Step/button_Sign in' is clicked on

09-01-2025T16:30:12 - [MESSAGE][PASSED] - Object: 'Object Repository/Common Cases Repository/Login/Page_Lightning Step/button_Sign in' is clicked on

09-01-2025T16:30:12 - [MESSAGE][PASSED] - Call Test Case 'Test Cases/Common Cases/Login' successfully

09-01-2025T16:30:12 - [TEST_STEP][PASSED] - click(findTestObject("Object Repository/Specific Cases Repository/LS/Home/Calendar/Calendar_Events/Calendar_Events_Creation/Page_Home/a_Calendar")): Object: 'Object Repository/Specific Cases Repository/LS/Home/Calendar/Calendar_Events/Calendar_Events_Creation/Page_Home/a_Calendar' is clicked on

09-01-2025T16:30:15 - [MESSAGE][PASSED] - Object: 'Object Repository/Specific Cases Repository/LS/Home/Calendar/Calendar_Events/Calendar_Events_Creation/Page_Home/a_Calendar' is clicked on

09-01-2025T16:30:15 - [TEST_STEP][PASSED] - scrollToElement(findTestObject("Object Repository/Specific Cases Repository/LS/Home/Calendar/Calendar_Events/Calendar_Events_Creation/Appointment/Page_Calendar/a_Automation Test with A Automation, A Clie_8f5a4c"), 0): Scroll to object 'Object Repository/Specific Cases Repository/LS/Home/Calendar/Calendar_Events/Calendar_Events_Creation/Appointment/Page_Calendar/a_Automation Test with A Automation, A Clie_8f5a4c' successfully

09-01-2025T16:30:15 - [MESSAGE][WARNING] - Timeout '0' is invalid. Using default page load timeout: '30'

09-01-2025T16:30:15 - [MESSAGE][PASSED] - Scroll to object 'Object Repository/Specific Cases Repository/LS/Home/Calendar/Calendar_Events/Calendar_Events_Creation/Appointment/Page_Calendar/a_Automation Test with A Automation, A Clie_8f5a4c' successfully

09-01-2025T16:30:15 - [TEST_STEP][PASSED] - click(findTestObject("Object Repository/Specific Cases Repository/LS/Home/Calendar/Calendar_Events/Calendar_Events_Creation/Appointment/Page_Calendar/a_Automation Test with A Automation, A Clie_8f5a4c")): Object: 'Object Repository/Specific Cases Repository/LS/Home/Calendar/Calendar_Events/Calendar_Events_Creation/Appointment/Page_Calendar/a_Automation Test with A Automation, A Clie_8f5a4c' is clicked on

09-01-2025T16:30:15 - [MESSAGE][PASSED] - Object: 'Object Repository/Specific Cases Repository/LS/Home/Calendar/Calendar_Events/Calendar_Events_Creation/Appointment/Page_Calendar/a_Automation Test with A Automation, A Clie_8f5a4c' is clicked on

09-01-2025T16:30:15 - [TEST_STEP][PASSED] - click(findTestObject("Specific Cases Repository/LS/Home/Calendar/Calendar_Events/Calendar_Events_Creation/Appointment/Page_Calendar/Start Time Clock - Edit")): Object: 'Object Repository/Specific Cases Repository/LS/Home/Calendar/Calendar_Events/Calendar_Events_Creation/Appointment/Page_Calendar/Start Time Clock - Edit' is clicked on

09-01-2025T16:30:17 - [MESSAGE][PASSED] - Object: 'Object Repository/Specific Cases Repository/LS/Home/Calendar/Calendar_Events/Calendar_Events_Creation/Appointment/Page_Calendar/Start Time Clock - Edit' is clicked on

09-01-2025T16:30:17 - [TEST_STEP][PASSED] - setText(findTestObject("Specific Cases Repository/LS/Home/Calendar/Calendar_Events/Calendar_Events_Creation/Appointment/Page_Calendar/Start Time Clock - Edit"), "10"): Text '10' is set on object 'Object Repository/Specific Cases Repository/LS/Home/Calendar/Calendar_Events/Calendar_Events_Creation/Appointment/Page_Calendar/Start Time Clock - Edit'

09-01-2025T16:30:17 - [MESSAGE][PASSED] - Text '10' is set on object 'Object Repository/Specific Cases Repository/LS/Home/Calendar/Calendar_Events/Calendar_Events_Creation/Appointment/Page_Calendar/Start Time Clock - Edit'

09-01-2025T16:30:17 - [TEST_STEP][PASSED] - setText(findTestObject("Specific Cases Repository/LS/Home/Calendar/Calendar_Events/Calendar_Events_Creation/Appointment/Page_Calendar/Start Time Clock - Edit"), "00"): Text '00' is set on object 'Object Repository/Specific Cases Repository/LS/Home/Calendar/Calendar_Events/Calendar_Events_Creation/Appointment/Page_Calendar/Start Time Clock - Edit'

09-01-2025T16:30:18 - [MESSAGE][PASSED] - Text '00' is set on object 'Object Repository/Specific Cases Repository/LS/Home/Calendar/Calendar_Events/Calendar_Events_Creation/Appointment/Page_Calendar/Start Time Clock - Edit'

09-01-2025T16:30:18 - [TEST_STEP][PASSED] - setText(findTestObject("Specific Cases Repository/LS/Home/Calendar/Calendar_Events/Calendar_Events_Creation/Appointment/Page_Calendar/Start Time Clock - Edit"), "AM"): Text 'AM' is set on object 'Object Repository/Specific Cases Repository/LS/Home/Calendar/Calendar_Events/Calendar_Events_Creation/Appointment/Page_Calendar/Start Time Clock - Edit'

09-01-2025T16:30:18 - [MESSAGE][PASSED] - Text 'AM' is set on object 'Object Repository/Specific Cases Repository/LS/Home/Calendar/Calendar_Events/Calendar_Events_Creation/Appointment/Page_Calendar/Start Time Clock - Edit'

09-01-2025T16:30:18 - [TEST_STEP][PASSED] - waitForPageLoad(30): Wait for page load successfully

09-01-2025T16:30:18 - [MESSAGE][PASSED] - Wait for page load successfully

09-01-2025T16:30:18 - [TEST_STEP][PASSED] - scrollToElement(findTestObject("Specific Cases Repository/LS/Home/Calendar/Calendar_Events/Calendar_Events_Creation/Appointment/Page_Calendar/a_Save Revision"), 0): Scroll to object 'Object Repository/Specific Cases Repository/LS/Home/Calendar/Calendar_Events/Calendar_Events_Creation/Appointment/Page_Calendar/a_Save Revision' successfully

09-01-2025T16:30:19 - [MESSAGE][WARNING] - Timeout '0' is invalid. Using default page load timeout: '30'

09-01-2025T16:30:19 - [MESSAGE][PASSED] - Scroll to object 'Object Repository/Specific Cases Repository/LS/Home/Calendar/Calendar_Events/Calendar_Events_Creation/Appointment/Page_Calendar/a_Save Revision' successfully

09-01-2025T16:30:19 - [TEST_STEP][PASSED] - click(findTestObject("Object Repository/Specific Cases Repository/LS/Home/Calendar/Calendar_Events/Calendar_Events_Creation/Appointment/Page_Calendar/a_Save Revision")): Object: 'Object Repository/Specific Cases Repository/LS/Home/Calendar/Calendar_Events/Calendar_Events_Creation/Appointment/Page_Calendar/a_Save Revision' is clicked on

09-01-2025T16:30:19 - [MESSAGE][PASSED] - Object: 'Object Repository/Specific Cases Repository/LS/Home/Calendar/Calendar_Events/Calendar_Events_Creation/Appointment/Page_Calendar/a_Save Revision' is clicked on

09-01-2025T16:30:19 - [TEST_STEP][PASSED] - mouseOver(findTestObject("Object Repository/Specific Cases Repository/LS/Home/Calendar/Calendar_Events/Calendar_Events_Creation/Appointment/Page_Calendar/a_Automation Test with A Automation, A Clie_8f5a4c_ - Edit")): Object: 'Object Repository/Specific Cases Repository/LS/Home/Calendar/Calendar_Events/Calendar_Events_Creation/Appointment/Page_Calendar/a_Automation Test with A Automation, A Clie_8f5a4c_ - Edit' is hovered

09-01-2025T16:30:21 - [MESSAGE][PASSED] - Object: 'Object Repository/Specific Cases Repository/LS/Home/Calendar/Calendar_Events/Calendar_Events_Creation/Appointment/Page_Calendar/a_Automation Test with A Automation, A Clie_8f5a4c_ - Edit' is hovered

09-01-2025T16:30:21 - [TEST_STEP][PASSED] - verifyElementText(findTestObject("Object Repository/Specific Cases Repository/LS/Home/Calendar/Calendar_Events/Calendar_Events_Creation/Appointment/Page_Calendar/span_10 - 1030 AM_1"), "10 - 10:30 AM"): Actual text and expected text of test object 'Object Repository/Specific Cases Repository/LS/Home/Calendar/Calendar_Events/Calendar_Events_Creation/Appointment/Page_Calendar/span_10 - 1030 AM_1' are matched.

09-01-2025T16:30:21 - [MESSAGE][PASSED] - Actual text and expected text of test object 'Object Repository/Specific Cases Repository/LS/Home/Calendar/Calendar_Events/Calendar_Events_Creation/Appointment/Page_Calendar/span_10 - 1030 AM_1' are matched.

09-01-2025T16:30:21 - [TEST_STEP][PASSED] - closeBrowser(): Browser is closed

09-01-2025T16:30:22 - [MESSAGE][PASSED] - Browser is closed]]></system-out>
         <system-err><![CDATA[]]></system-err>
      </testcase>
      <testcase name="Test Cases/Specific Cases/LS/General/Calendar/Events_Edit/Edit_Block" time="22.776" classname="Test Cases/Specific Cases/LS/General/Calendar/Events_Edit/Edit_Block" status="PASSED">
         <system-out><![CDATA[09-01-2025T16:30:22 - [TEST_CASE][PASSED] - Test Cases/Specific Cases/LS/General/Calendar/Events_Edit/Edit_Block: Test Cases/Specific Cases/LS/General/Calendar/Events_Edit/Edit_Block

09-01-2025T16:30:22 - [TEST_STEP][PASSED] - callTestCase(findTestCase("Common Cases/Login"), [:], STOP_ON_FAILURE): Call Test Case 'Test Cases/Common Cases/Login' successfully

09-01-2025T16:30:22 - [TEST_CASE][PASSED] - Test Cases/Common Cases/Login: Test Cases/Common Cases/Login

09-01-2025T16:30:22 - [TEST_STEP][PASSED] - openBrowser(""): Browser is opened with url: ''

09-01-2025T16:30:22 - [MESSAGE][INFO] - Starting 'Chrome' driver

09-01-2025T16:30:22 - [MESSAGE][INFO] - Action delay is set to 0 milliseconds

09-01-2025T16:30:22 - [MESSAGE][PASSED] - Browser is opened with url: ''

09-01-2025T16:30:22 - [TEST_STEP][PASSED] - maximizeWindow(): Current window maximized

09-01-2025T16:30:22 - [MESSAGE][PASSED] - Current window maximized

09-01-2025T16:30:22 - [TEST_STEP][PASSED] - navigateToUrl("https://site17.lsapp.cloud/auth/login"): Navigate to 'https://site17.lsapp.cloud/auth/login' successfully

09-01-2025T16:30:23 - [MESSAGE][PASSED] - Navigate to 'https://site17.lsapp.cloud/auth/login' successfully

09-01-2025T16:30:23 - [TEST_STEP][PASSED] - setText(findTestObject("Object Repository/Common Cases Repository/Login/Page_Lightning Step/input_Email_email"), "automation@lightningstep.com"): Text 'automation@lightningstep.com' is set on object 'Object Repository/Common Cases Repository/Login/Page_Lightning Step/input_Email_email'

09-01-2025T16:30:27 - [MESSAGE][PASSED] - Text 'automation@lightningstep.com' is set on object 'Object Repository/Common Cases Repository/Login/Page_Lightning Step/input_Email_email'

09-01-2025T16:30:27 - [TEST_STEP][PASSED] - setEncryptedText(findTestObject("Object Repository/Common Cases Repository/Login/Page_Lightning Step/input_Password_password"), "e5N8VHmnhJDITtQaQhDQDw=="): Text ****** has been set on object 'Object Repository/Common Cases Repository/Login/Page_Lightning Step/input_Password_password'

09-01-2025T16:30:28 - [MESSAGE][PASSED] - Text ****** has been set on object 'Object Repository/Common Cases Repository/Login/Page_Lightning Step/input_Password_password'

09-01-2025T16:30:28 - [TEST_STEP][PASSED] - click(findTestObject("Object Repository/Common Cases Repository/Login/Page_Lightning Step/button_Sign in")): Object: 'Object Repository/Common Cases Repository/Login/Page_Lightning Step/button_Sign in' is clicked on

09-01-2025T16:30:35 - [MESSAGE][PASSED] - Object: 'Object Repository/Common Cases Repository/Login/Page_Lightning Step/button_Sign in' is clicked on

09-01-2025T16:30:35 - [MESSAGE][PASSED] - Call Test Case 'Test Cases/Common Cases/Login' successfully

09-01-2025T16:30:35 - [TEST_STEP][PASSED] - click(findTestObject("Object Repository/Specific Cases Repository/LS/Home/Calendar/Calendar_Events/Calendar_Events_Creation/Block/Page_Home/a_Calendar")): Object: 'Object Repository/Specific Cases Repository/LS/Home/Calendar/Calendar_Events/Calendar_Events_Creation/Block/Page_Home/a_Calendar' is clicked on

09-01-2025T16:30:37 - [MESSAGE][PASSED] - Object: 'Object Repository/Specific Cases Repository/LS/Home/Calendar/Calendar_Events/Calendar_Events_Creation/Block/Page_Home/a_Calendar' is clicked on

09-01-2025T16:30:37 - [TEST_STEP][PASSED] - click(findTestObject("Object Repository/Specific Cases Repository/LS/Home/Calendar/Calendar_Events/Calendar_Events_Creation/Block/Page_Calendar/a_Blocked for Automation Block")): Object: 'Object Repository/Specific Cases Repository/LS/Home/Calendar/Calendar_Events/Calendar_Events_Creation/Block/Page_Calendar/a_Blocked for Automation Block' is clicked on

09-01-2025T16:30:38 - [MESSAGE][PASSED] - Object: 'Object Repository/Specific Cases Repository/LS/Home/Calendar/Calendar_Events/Calendar_Events_Creation/Block/Page_Calendar/a_Blocked for Automation Block' is clicked on

09-01-2025T16:30:38 - [TEST_STEP][PASSED] - click(findTestObject("Specific Cases Repository/LS/Home/Calendar/Calendar_Events/Calendar_Events_Creation/Appointment/Page_Calendar/Start Time Clock - Edit")): Object: 'Object Repository/Specific Cases Repository/LS/Home/Calendar/Calendar_Events/Calendar_Events_Creation/Appointment/Page_Calendar/Start Time Clock - Edit' is clicked on

09-01-2025T16:30:39 - [MESSAGE][PASSED] - Object: 'Object Repository/Specific Cases Repository/LS/Home/Calendar/Calendar_Events/Calendar_Events_Creation/Appointment/Page_Calendar/Start Time Clock - Edit' is clicked on

09-01-2025T16:30:39 - [TEST_STEP][PASSED] - setText(findTestObject("Specific Cases Repository/LS/Home/Calendar/Calendar_Events/Calendar_Events_Creation/Appointment/Page_Calendar/Start Time Clock - Edit"), "09"): Text '09' is set on object 'Object Repository/Specific Cases Repository/LS/Home/Calendar/Calendar_Events/Calendar_Events_Creation/Appointment/Page_Calendar/Start Time Clock - Edit'

09-01-2025T16:30:40 - [MESSAGE][PASSED] - Text '09' is set on object 'Object Repository/Specific Cases Repository/LS/Home/Calendar/Calendar_Events/Calendar_Events_Creation/Appointment/Page_Calendar/Start Time Clock - Edit'

09-01-2025T16:30:40 - [TEST_STEP][PASSED] - setText(findTestObject("Specific Cases Repository/LS/Home/Calendar/Calendar_Events/Calendar_Events_Creation/Appointment/Page_Calendar/Start Time Clock - Edit"), "30"): Text '30' is set on object 'Object Repository/Specific Cases Repository/LS/Home/Calendar/Calendar_Events/Calendar_Events_Creation/Appointment/Page_Calendar/Start Time Clock - Edit'

09-01-2025T16:30:41 - [MESSAGE][PASSED] - Text '30' is set on object 'Object Repository/Specific Cases Repository/LS/Home/Calendar/Calendar_Events/Calendar_Events_Creation/Appointment/Page_Calendar/Start Time Clock - Edit'

09-01-2025T16:30:41 - [TEST_STEP][PASSED] - setText(findTestObject("Specific Cases Repository/LS/Home/Calendar/Calendar_Events/Calendar_Events_Creation/Appointment/Page_Calendar/Start Time Clock - Edit"), "AM"): Text 'AM' is set on object 'Object Repository/Specific Cases Repository/LS/Home/Calendar/Calendar_Events/Calendar_Events_Creation/Appointment/Page_Calendar/Start Time Clock - Edit'

09-01-2025T16:30:41 - [MESSAGE][PASSED] - Text 'AM' is set on object 'Object Repository/Specific Cases Repository/LS/Home/Calendar/Calendar_Events/Calendar_Events_Creation/Appointment/Page_Calendar/Start Time Clock - Edit'

09-01-2025T16:30:41 - [TEST_STEP][PASSED] - click(findTestObject("Object Repository/Specific Cases Repository/LS/Home/Calendar/Calendar_Events/Calendar_Events_Creation/Block/Page_Calendar/a_Save Revision")): Object: 'Object Repository/Specific Cases Repository/LS/Home/Calendar/Calendar_Events/Calendar_Events_Creation/Block/Page_Calendar/a_Save Revision' is clicked on

09-01-2025T16:30:41 - [MESSAGE][PASSED] - Object: 'Object Repository/Specific Cases Repository/LS/Home/Calendar/Calendar_Events/Calendar_Events_Creation/Block/Page_Calendar/a_Save Revision' is clicked on

09-01-2025T16:30:41 - [TEST_STEP][PASSED] - delay(2): Delayed 2 second(s)

09-01-2025T16:30:44 - [MESSAGE][PASSED] - Delayed 2 second(s)

09-01-2025T16:30:44 - [TEST_STEP][PASSED] - scrollToElement(findTestObject("Specific Cases Repository/LS/Home/Calendar/Calendar_Events/Calendar_Events_Creation/Block/Page_Calendar/a_Blocked for Automation Block - Edit"), 0): Scroll to object 'Object Repository/Specific Cases Repository/LS/Home/Calendar/Calendar_Events/Calendar_Events_Creation/Block/Page_Calendar/a_Blocked for Automation Block - Edit' successfully

09-01-2025T16:30:44 - [MESSAGE][WARNING] - Timeout '0' is invalid. Using default page load timeout: '30'

09-01-2025T16:30:44 - [MESSAGE][PASSED] - Scroll to object 'Object Repository/Specific Cases Repository/LS/Home/Calendar/Calendar_Events/Calendar_Events_Creation/Block/Page_Calendar/a_Blocked for Automation Block - Edit' successfully

09-01-2025T16:30:44 - [TEST_STEP][PASSED] - mouseOver(findTestObject("Specific Cases Repository/LS/Home/Calendar/Calendar_Events/Calendar_Events_Creation/Block/Page_Calendar/a_Blocked for Automation Block - Edit")): Object: 'Object Repository/Specific Cases Repository/LS/Home/Calendar/Calendar_Events/Calendar_Events_Creation/Block/Page_Calendar/a_Blocked for Automation Block - Edit' is hovered

09-01-2025T16:30:44 - [MESSAGE][PASSED] - Object: 'Object Repository/Specific Cases Repository/LS/Home/Calendar/Calendar_Events/Calendar_Events_Creation/Block/Page_Calendar/a_Blocked for Automation Block - Edit' is hovered

09-01-2025T16:30:44 - [TEST_STEP][PASSED] - closeBrowser(): Browser is closed

09-01-2025T16:30:44 - [MESSAGE][PASSED] - Browser is closed]]></system-out>
         <system-err><![CDATA[]]></system-err>
      </testcase>
      <testcase name="Test Cases/Specific Cases/LS/General/Calendar/Events_Edit/Edit_Event" time="23.475" classname="Test Cases/Specific Cases/LS/General/Calendar/Events_Edit/Edit_Event" status="PASSED">
         <system-out><![CDATA[09-01-2025T16:30:44 - [TEST_CASE][PASSED] - Test Cases/Specific Cases/LS/General/Calendar/Events_Edit/Edit_Event: Test Cases/Specific Cases/LS/General/Calendar/Events_Edit/Edit_Event

09-01-2025T16:30:44 - [TEST_STEP][PASSED] - callTestCase(findTestCase("Common Cases/Login"), [:], STOP_ON_FAILURE): Call Test Case 'Test Cases/Common Cases/Login' successfully

09-01-2025T16:30:44 - [TEST_CASE][PASSED] - Test Cases/Common Cases/Login: Test Cases/Common Cases/Login

09-01-2025T16:30:44 - [TEST_STEP][PASSED] - openBrowser(""): Browser is opened with url: ''

09-01-2025T16:30:44 - [MESSAGE][INFO] - Starting 'Chrome' driver

09-01-2025T16:30:44 - [MESSAGE][INFO] - Action delay is set to 0 milliseconds

09-01-2025T16:30:45 - [MESSAGE][PASSED] - Browser is opened with url: ''

09-01-2025T16:30:45 - [TEST_STEP][PASSED] - maximizeWindow(): Current window maximized

09-01-2025T16:30:45 - [MESSAGE][PASSED] - Current window maximized

09-01-2025T16:30:45 - [TEST_STEP][PASSED] - navigateToUrl("https://site17.lsapp.cloud/auth/login"): Navigate to 'https://site17.lsapp.cloud/auth/login' successfully

09-01-2025T16:30:49 - [MESSAGE][PASSED] - Navigate to 'https://site17.lsapp.cloud/auth/login' successfully

09-01-2025T16:30:49 - [TEST_STEP][PASSED] - setText(findTestObject("Object Repository/Common Cases Repository/Login/Page_Lightning Step/input_Email_email"), "automation@lightningstep.com"): Text 'automation@lightningstep.com' is set on object 'Object Repository/Common Cases Repository/Login/Page_Lightning Step/input_Email_email'

09-01-2025T16:30:50 - [MESSAGE][PASSED] - Text 'automation@lightningstep.com' is set on object 'Object Repository/Common Cases Repository/Login/Page_Lightning Step/input_Email_email'

09-01-2025T16:30:50 - [TEST_STEP][PASSED] - setEncryptedText(findTestObject("Object Repository/Common Cases Repository/Login/Page_Lightning Step/input_Password_password"), "e5N8VHmnhJDITtQaQhDQDw=="): Text ****** has been set on object 'Object Repository/Common Cases Repository/Login/Page_Lightning Step/input_Password_password'

09-01-2025T16:30:50 - [MESSAGE][PASSED] - Text ****** has been set on object 'Object Repository/Common Cases Repository/Login/Page_Lightning Step/input_Password_password'

09-01-2025T16:30:50 - [TEST_STEP][PASSED] - click(findTestObject("Object Repository/Common Cases Repository/Login/Page_Lightning Step/button_Sign in")): Object: 'Object Repository/Common Cases Repository/Login/Page_Lightning Step/button_Sign in' is clicked on

09-01-2025T16:30:57 - [MESSAGE][PASSED] - Object: 'Object Repository/Common Cases Repository/Login/Page_Lightning Step/button_Sign in' is clicked on

09-01-2025T16:30:57 - [MESSAGE][PASSED] - Call Test Case 'Test Cases/Common Cases/Login' successfully

09-01-2025T16:30:57 - [TEST_STEP][PASSED] - click(findTestObject("Object Repository/Specific Cases Repository/LS/Home/Calendar/Calendar_Events/Calendar_Events_Creation/Event/Page_Home/a_Calendar")): Object: 'Object Repository/Specific Cases Repository/LS/Home/Calendar/Calendar_Events/Calendar_Events_Creation/Event/Page_Home/a_Calendar' is clicked on

09-01-2025T16:31:00 - [MESSAGE][PASSED] - Object: 'Object Repository/Specific Cases Repository/LS/Home/Calendar/Calendar_Events/Calendar_Events_Creation/Event/Page_Home/a_Calendar' is clicked on

09-01-2025T16:31:00 - [TEST_STEP][PASSED] - click(findTestObject("Object Repository/Specific Cases Repository/LS/Home/Calendar/Calendar_Events/Calendar_Events_Creation/Event/Page_Calendar/Page_Calendar/div_Week")): Object: 'Object Repository/Specific Cases Repository/LS/Home/Calendar/Calendar_Events/Calendar_Events_Creation/Event/Page_Calendar/Page_Calendar/div_Week' is clicked on

09-01-2025T16:31:01 - [MESSAGE][PASSED] - Object: 'Object Repository/Specific Cases Repository/LS/Home/Calendar/Calendar_Events/Calendar_Events_Creation/Event/Page_Calendar/Page_Calendar/div_Week' is clicked on

09-01-2025T16:31:01 - [TEST_STEP][PASSED] - click(findTestObject("Object Repository/Specific Cases Repository/LS/Home/Calendar/Calendar_Events/Calendar_Events_Creation/Event/Page_Calendar/a_Automation Event")): Object: 'Object Repository/Specific Cases Repository/LS/Home/Calendar/Calendar_Events/Calendar_Events_Creation/Event/Page_Calendar/a_Automation Event' is clicked on

09-01-2025T16:31:01 - [MESSAGE][PASSED] - Object: 'Object Repository/Specific Cases Repository/LS/Home/Calendar/Calendar_Events/Calendar_Events_Creation/Event/Page_Calendar/a_Automation Event' is clicked on

09-01-2025T16:31:01 - [TEST_STEP][PASSED] - click(findTestObject("Object Repository/Specific Cases Repository/LS/Home/Calendar/Calendar_Events/Calendar_Events_Creation/Event/Page_Calendar/Page_Calendar/Start Time Clock - Edit")): Object: 'Object Repository/Specific Cases Repository/LS/Home/Calendar/Calendar_Events/Calendar_Events_Creation/Event/Page_Calendar/Page_Calendar/Start Time Clock - Edit' is clicked on

09-01-2025T16:31:03 - [MESSAGE][PASSED] - Object: 'Object Repository/Specific Cases Repository/LS/Home/Calendar/Calendar_Events/Calendar_Events_Creation/Event/Page_Calendar/Page_Calendar/Start Time Clock - Edit' is clicked on

09-01-2025T16:31:03 - [TEST_STEP][PASSED] - setText(findTestObject("Object Repository/Specific Cases Repository/LS/Home/Calendar/Calendar_Events/Calendar_Events_Creation/Event/Page_Calendar/Page_Calendar/Start Time Clock - Edit"), "08"): Text '08' is set on object 'Object Repository/Specific Cases Repository/LS/Home/Calendar/Calendar_Events/Calendar_Events_Creation/Event/Page_Calendar/Page_Calendar/Start Time Clock - Edit'

09-01-2025T16:31:03 - [MESSAGE][PASSED] - Text '08' is set on object 'Object Repository/Specific Cases Repository/LS/Home/Calendar/Calendar_Events/Calendar_Events_Creation/Event/Page_Calendar/Page_Calendar/Start Time Clock - Edit'

09-01-2025T16:31:03 - [TEST_STEP][PASSED] - setText(findTestObject("Object Repository/Specific Cases Repository/LS/Home/Calendar/Calendar_Events/Calendar_Events_Creation/Event/Page_Calendar/Page_Calendar/Start Time Clock - Edit"), "30"): Text '30' is set on object 'Object Repository/Specific Cases Repository/LS/Home/Calendar/Calendar_Events/Calendar_Events_Creation/Event/Page_Calendar/Page_Calendar/Start Time Clock - Edit'

09-01-2025T16:31:04 - [MESSAGE][PASSED] - Text '30' is set on object 'Object Repository/Specific Cases Repository/LS/Home/Calendar/Calendar_Events/Calendar_Events_Creation/Event/Page_Calendar/Page_Calendar/Start Time Clock - Edit'

09-01-2025T16:31:04 - [TEST_STEP][PASSED] - setText(findTestObject("Object Repository/Specific Cases Repository/LS/Home/Calendar/Calendar_Events/Calendar_Events_Creation/Event/Page_Calendar/Page_Calendar/Start Time Clock - Edit"), "AM"): Text 'AM' is set on object 'Object Repository/Specific Cases Repository/LS/Home/Calendar/Calendar_Events/Calendar_Events_Creation/Event/Page_Calendar/Page_Calendar/Start Time Clock - Edit'

09-01-2025T16:31:04 - [MESSAGE][PASSED] - Text 'AM' is set on object 'Object Repository/Specific Cases Repository/LS/Home/Calendar/Calendar_Events/Calendar_Events_Creation/Event/Page_Calendar/Page_Calendar/Start Time Clock - Edit'

09-01-2025T16:31:04 - [TEST_STEP][PASSED] - scrollToElement(findTestObject("Object Repository/Specific Cases Repository/LS/Home/Calendar/Calendar_Events/Calendar_Events_Creation/Event/Page_Calendar/Page_Calendar/a_Save Revision"), 0): Scroll to object 'Object Repository/Specific Cases Repository/LS/Home/Calendar/Calendar_Events/Calendar_Events_Creation/Event/Page_Calendar/Page_Calendar/a_Save Revision' successfully

09-01-2025T16:31:04 - [MESSAGE][WARNING] - Timeout '0' is invalid. Using default page load timeout: '30'

09-01-2025T16:31:05 - [MESSAGE][PASSED] - Scroll to object 'Object Repository/Specific Cases Repository/LS/Home/Calendar/Calendar_Events/Calendar_Events_Creation/Event/Page_Calendar/Page_Calendar/a_Save Revision' successfully

09-01-2025T16:31:05 - [TEST_STEP][PASSED] - click(findTestObject("Object Repository/Specific Cases Repository/LS/Home/Calendar/Calendar_Events/Calendar_Events_Creation/Event/Page_Calendar/Page_Calendar/a_Save Revision")): Object: 'Object Repository/Specific Cases Repository/LS/Home/Calendar/Calendar_Events/Calendar_Events_Creation/Event/Page_Calendar/Page_Calendar/a_Save Revision' is clicked on

09-01-2025T16:31:05 - [MESSAGE][PASSED] - Object: 'Object Repository/Specific Cases Repository/LS/Home/Calendar/Calendar_Events/Calendar_Events_Creation/Event/Page_Calendar/Page_Calendar/a_Save Revision' is clicked on

09-01-2025T16:31:05 - [TEST_STEP][PASSED] - mouseOver(findTestObject("Object Repository/Specific Cases Repository/LS/Home/Calendar/Calendar_Events/Calendar_Events_Creation/Event/Page_Calendar/a_Automation Event - Edit")): Object: 'Object Repository/Specific Cases Repository/LS/Home/Calendar/Calendar_Events/Calendar_Events_Creation/Event/Page_Calendar/a_Automation Event - Edit' is hovered

09-01-2025T16:31:07 - [MESSAGE][PASSED] - Object: 'Object Repository/Specific Cases Repository/LS/Home/Calendar/Calendar_Events/Calendar_Events_Creation/Event/Page_Calendar/a_Automation Event - Edit' is hovered

09-01-2025T16:31:07 - [TEST_STEP][PASSED] - verifyElementText(findTestObject("Object Repository/Specific Cases Repository/LS/Home/Calendar/Calendar_Events/Calendar_Events_Creation/Event/Page_Calendar/Page_Calendar/span_Automation Event_1"), "Automation Event"): Actual text and expected text of test object 'Object Repository/Specific Cases Repository/LS/Home/Calendar/Calendar_Events/Calendar_Events_Creation/Event/Page_Calendar/Page_Calendar/span_Automation Event_1' are matched.

09-01-2025T16:31:07 - [MESSAGE][PASSED] - Actual text and expected text of test object 'Object Repository/Specific Cases Repository/LS/Home/Calendar/Calendar_Events/Calendar_Events_Creation/Event/Page_Calendar/Page_Calendar/span_Automation Event_1' are matched.

09-01-2025T16:31:07 - [TEST_STEP][PASSED] - verifyElementText(findTestObject("Object Repository/Specific Cases Repository/LS/Home/Calendar/Calendar_Events/Calendar_Events_Creation/Event/Page_Calendar/Page_Calendar/span_830 - 9 AM_1"), "8:30 - 9 AM"): Actual text and expected text of test object 'Object Repository/Specific Cases Repository/LS/Home/Calendar/Calendar_Events/Calendar_Events_Creation/Event/Page_Calendar/Page_Calendar/span_830 - 9 AM_1' are matched.

09-01-2025T16:31:08 - [MESSAGE][PASSED] - Actual text and expected text of test object 'Object Repository/Specific Cases Repository/LS/Home/Calendar/Calendar_Events/Calendar_Events_Creation/Event/Page_Calendar/Page_Calendar/span_830 - 9 AM_1' are matched.

09-01-2025T16:31:08 - [TEST_STEP][PASSED] - closeBrowser(): Browser is closed

09-01-2025T16:31:08 - [MESSAGE][PASSED] - Browser is closed]]></system-out>
         <system-err><![CDATA[]]></system-err>
      </testcase>
      <system-out><![CDATA[09-01-2025T16:21:30 - [TEST_SUITE][PASSED] - Calendar: Test Cases/Specific Cases/LS/General/Calendar/Events_Edit/Edit_Event]]></system-out>
      <system-err><![CDATA[]]></system-err>
   </testsuite>
   <testsuite name="Census" tests="11" failures="4" errors="0" time="683.164" skipped="0" timestamp="09-01-2025T16:21:34" hostname="Enrique - Enrique" id="Test Suites/LS/Home/General/Census">
      <properties>
         <property name="deviceName" value=""/>
         <property name="devicePlatform"/>
         <property name="logFolder" value="C:\\Users\\Enrique\\git\\AUTOMATION_LS\\Reports\\20250109_162114\\LS\\Home\\General\\Census\\20250109_162117"/>
         <property name="logFiles" value="C:\\Users\\Enrique\\git\\AUTOMATION_LS\\Reports\\20250109_162114\\LS\\Home\\General\\Census\\20250109_162117\\execution0.log"/>
         <property name="attachments" value="C:\\Users\\Enrique\\git\\AUTOMATION_LS\\Reports\\20250109_162114\\LS\\Home\\General\\Census\\20250109_162117\\1736457965310.png, C:\\Users\\Enrique\\git\\AUTOMATION_LS\\Reports\\20250109_162114\\LS\\Home\\General\\Census\\20250109_162117\\1736457965790.png, C:\\Users\\Enrique\\git\\AUTOMATION_LS\\Reports\\20250109_162114\\LS\\Home\\General\\Census\\20250109_162117\\1736458129794.png, C:\\Users\\Enrique\\git\\AUTOMATION_LS\\Reports\\20250109_162114\\LS\\Home\\General\\Census\\20250109_162117\\1736458129932.png, C:\\Users\\Enrique\\git\\AUTOMATION_LS\\Reports\\20250109_162114\\LS\\Home\\General\\Census\\20250109_162117\\1736458272339.png, C:\\Users\\Enrique\\git\\AUTOMATION_LS\\Reports\\20250109_162114\\LS\\Home\\General\\Census\\20250109_162117\\1736458272556.png, C:\\Users\\Enrique\\git\\AUTOMATION_LS\\Reports\\20250109_162114\\LS\\Home\\General\\Census\\20250109_162117\\1736458377237.png, C:\\Users\\Enrique\\git\\AUTOMATION_LS\\Reports\\20250109_162114\\LS\\Home\\General\\Census\\20250109_162117\\1736458377362.png"/>
         <property name="hostName" value="Enrique - Enrique"/>
         <property name="os" value="Windows 11 64bit"/>
         <property name="katalonVersion" value="9.7.3.223"/>
         <property name="browser" value="Chrome 131.0.0.0"/>
         <property name="hostAddress" value="192.168.100.147"/>
         <property name="sessionId" value="80c2258e441a9d44305a5b6d8233b90e"/>
         <property name="seleniumVersion" value="3.141.59"/>
         <property name="proxyInformation" value="ProxyInformation { proxyOption=NO_PROXY, proxyServerType=HTTP, username=, password=********, proxyServerAddress=, proxyServerPort=0, executionList=&quot;&quot;, isApplyToDesiredCapabilities=true }"/>
         <property name="platform" value="Windows 11"/>
      </properties>
      <testcase name="Test Cases/Specific Cases/LS/General/Census/Census/Census_Location_Filter" time="78.657" classname="Test Cases/Specific Cases/LS/General/Census/Census/Census_Location_Filter" status="PASSED">
         <system-out><![CDATA[09-01-2025T16:21:34 - [TEST_CASE][PASSED] - Test Cases/Specific Cases/LS/General/Census/Census/Census_Location_Filter: Test Cases/Specific Cases/LS/General/Census/Census/Census_Location_Filter

09-01-2025T16:21:35 - [TEST_STEP][PASSED] - callTestCase(findTestCase("Common Cases/Login"), [:], STOP_ON_FAILURE): Call Test Case 'Test Cases/Common Cases/Login' successfully

09-01-2025T16:21:35 - [TEST_CASE][PASSED] - Test Cases/Common Cases/Login: Test Cases/Common Cases/Login

09-01-2025T16:21:35 - [TEST_STEP][PASSED] - openBrowser(""): Browser is opened with url: ''

09-01-2025T16:21:35 - [MESSAGE][INFO] - Starting 'Chrome' driver

09-01-2025T16:21:36 - [MESSAGE][INFO] - Action delay is set to 0 milliseconds

09-01-2025T16:21:40 - [MESSAGE][PASSED] - Browser is opened with url: ''

09-01-2025T16:21:40 - [TEST_STEP][PASSED] - maximizeWindow(): Current window maximized

09-01-2025T16:21:41 - [MESSAGE][PASSED] - Current window maximized

09-01-2025T16:21:41 - [TEST_STEP][PASSED] - navigateToUrl("https://site17.lsapp.cloud/auth/login"): Navigate to 'https://site17.lsapp.cloud/auth/login' successfully

09-01-2025T16:21:45 - [MESSAGE][PASSED] - Navigate to 'https://site17.lsapp.cloud/auth/login' successfully

09-01-2025T16:21:45 - [TEST_STEP][PASSED] - setText(findTestObject("Object Repository/Common Cases Repository/Login/Page_Lightning Step/input_Email_email"), "automation@lightningstep.com"): Text 'automation@lightningstep.com' is set on object 'Object Repository/Common Cases Repository/Login/Page_Lightning Step/input_Email_email'

09-01-2025T16:21:51 - [MESSAGE][PASSED] - Text 'automation@lightningstep.com' is set on object 'Object Repository/Common Cases Repository/Login/Page_Lightning Step/input_Email_email'

09-01-2025T16:21:51 - [TEST_STEP][PASSED] - setEncryptedText(findTestObject("Object Repository/Common Cases Repository/Login/Page_Lightning Step/input_Password_password"), "e5N8VHmnhJDITtQaQhDQDw=="): Text ****** has been set on object 'Object Repository/Common Cases Repository/Login/Page_Lightning Step/input_Password_password'

09-01-2025T16:21:56 - [MESSAGE][PASSED] - Text ****** has been set on object 'Object Repository/Common Cases Repository/Login/Page_Lightning Step/input_Password_password'

09-01-2025T16:21:56 - [TEST_STEP][PASSED] - click(findTestObject("Object Repository/Common Cases Repository/Login/Page_Lightning Step/button_Sign in")): Object: 'Object Repository/Common Cases Repository/Login/Page_Lightning Step/button_Sign in' is clicked on

09-01-2025T16:22:12 - [MESSAGE][PASSED] - Object: 'Object Repository/Common Cases Repository/Login/Page_Lightning Step/button_Sign in' is clicked on

09-01-2025T16:22:12 - [MESSAGE][PASSED] - Call Test Case 'Test Cases/Common Cases/Login' successfully

09-01-2025T16:22:12 - [TEST_STEP][PASSED] - click(findTestObject("Object Repository/Specific Cases Repository/LS/Home/Census/Census_Filters/Page_Home/Page_Home/a_Census")): Object: 'Object Repository/Specific Cases Repository/LS/Home/Census/Census_Filters/Page_Home/Page_Home/a_Census' is clicked on

09-01-2025T16:22:13 - [MESSAGE][PASSED] - Object: 'Object Repository/Specific Cases Repository/LS/Home/Census/Census_Filters/Page_Home/Page_Home/a_Census' is clicked on

09-01-2025T16:22:13 - [TEST_STEP][PASSED] - click(findTestObject("Object Repository/Specific Cases Repository/LS/Home/Census/Census_Filters/Page_Home/Program_Filter/Page_Home/ul_All")): Object: 'Object Repository/Specific Cases Repository/LS/Home/Census/Census_Filters/Page_Home/Program_Filter/Page_Home/ul_All' is clicked on

09-01-2025T16:22:19 - [MESSAGE][PASSED] - Object: 'Object Repository/Specific Cases Repository/LS/Home/Census/Census_Filters/Page_Home/Program_Filter/Page_Home/ul_All' is clicked on

09-01-2025T16:22:19 - [TEST_STEP][PASSED] - setText(findTestObject("Object Repository/Specific Cases Repository/LS/Home/Census/Census_Filters/Page_Home/Program_Filter/Page_Home/input__select2-search__field"), "all"): Text 'all' is set on object 'Object Repository/Specific Cases Repository/LS/Home/Census/Census_Filters/Page_Home/Program_Filter/Page_Home/input__select2-search__field'

09-01-2025T16:22:20 - [MESSAGE][PASSED] - Text 'all' is set on object 'Object Repository/Specific Cases Repository/LS/Home/Census/Census_Filters/Page_Home/Program_Filter/Page_Home/input__select2-search__field'

09-01-2025T16:22:20 - [TEST_STEP][PASSED] - sendKeys(findTestObject("Object Repository/Specific Cases Repository/LS/Home/Census/Census_Filters/Page_Home/Program_Filter/Page_Home/input__select2-search__field"), Keys.chord(ENTER)): Keys 'ENTER + ' sent to object: 'Object Repository/Specific Cases Repository/LS/Home/Census/Census_Filters/Page_Home/Program_Filter/Page_Home/input__select2-search__field'

09-01-2025T16:22:21 - [MESSAGE][PASSED] - Keys 'ENTER + ' sent to object: 'Object Repository/Specific Cases Repository/LS/Home/Census/Census_Filters/Page_Home/Program_Filter/Page_Home/input__select2-search__field'

09-01-2025T16:22:21 - [TEST_STEP][PASSED] - click(findTestObject("Object Repository/Specific Cases Repository/LS/Home/Census/Census_Filters/Page_Home/Page_Home/ul_All")): Object: 'Object Repository/Specific Cases Repository/LS/Home/Census/Census_Filters/Page_Home/Page_Home/ul_All' is clicked on

09-01-2025T16:22:22 - [MESSAGE][PASSED] - Object: 'Object Repository/Specific Cases Repository/LS/Home/Census/Census_Filters/Page_Home/Page_Home/ul_All' is clicked on

09-01-2025T16:22:22 - [TEST_STEP][PASSED] - setText(findTestObject("Object Repository/Specific Cases Repository/LS/Home/Census/Census_Filters/Page_Home/Page_Home/Location Filter"), "all"): Text 'all' is set on object 'Object Repository/Specific Cases Repository/LS/Home/Census/Census_Filters/Page_Home/Page_Home/Location Filter'

09-01-2025T16:22:24 - [MESSAGE][PASSED] - Text 'all' is set on object 'Object Repository/Specific Cases Repository/LS/Home/Census/Census_Filters/Page_Home/Page_Home/Location Filter'

09-01-2025T16:22:24 - [TEST_STEP][PASSED] - sendKeys(findTestObject("Object Repository/Specific Cases Repository/LS/Home/Census/Census_Filters/Page_Home/Page_Home/Location Filter"), Keys.chord(ENTER)): Keys 'ENTER + ' sent to object: 'Object Repository/Specific Cases Repository/LS/Home/Census/Census_Filters/Page_Home/Page_Home/Location Filter'

09-01-2025T16:22:24 - [MESSAGE][PASSED] - Keys 'ENTER + ' sent to object: 'Object Repository/Specific Cases Repository/LS/Home/Census/Census_Filters/Page_Home/Page_Home/Location Filter'

09-01-2025T16:22:24 - [TEST_STEP][PASSED] - verifyElementText(findTestObject("Object Repository/Specific Cases Repository/LS/Home/Census/Census_Filters/Page_Home/Page_Home/td_Cat Treatment Center"), "Cat Treatment Center"): Actual text and expected text of test object 'Object Repository/Specific Cases Repository/LS/Home/Census/Census_Filters/Page_Home/Page_Home/td_Cat Treatment Center' are matched.

09-01-2025T16:22:25 - [MESSAGE][PASSED] - Actual text and expected text of test object 'Object Repository/Specific Cases Repository/LS/Home/Census/Census_Filters/Page_Home/Page_Home/td_Cat Treatment Center' are matched.

09-01-2025T16:22:25 - [TEST_STEP][PASSED] - verifyElementText(findTestObject("Object Repository/Specific Cases Repository/LS/Home/Census/Census_Filters/Page_Home/Page_Home/td_Dog Treatment Center"), "Dog Treatment Center"): Actual text and expected text of test object 'Object Repository/Specific Cases Repository/LS/Home/Census/Census_Filters/Page_Home/Page_Home/td_Dog Treatment Center' are matched.

09-01-2025T16:22:26 - [MESSAGE][PASSED] - Actual text and expected text of test object 'Object Repository/Specific Cases Repository/LS/Home/Census/Census_Filters/Page_Home/Page_Home/td_Dog Treatment Center' are matched.

09-01-2025T16:22:26 - [TEST_STEP][PASSED] - verifyElementText(findTestObject("Object Repository/Specific Cases Repository/LS/Home/Census/Census_Filters/Page_Home/Page_Home/td_Satellite Office"), "Satellite Office"): Actual text and expected text of test object 'Object Repository/Specific Cases Repository/LS/Home/Census/Census_Filters/Page_Home/Page_Home/td_Satellite Office' are matched.

09-01-2025T16:22:26 - [MESSAGE][PASSED] - Actual text and expected text of test object 'Object Repository/Specific Cases Repository/LS/Home/Census/Census_Filters/Page_Home/Page_Home/td_Satellite Office' are matched.

09-01-2025T16:22:26 - [TEST_STEP][PASSED] - click(findTestObject("Object Repository/Specific Cases Repository/LS/Home/Census/Census_Filters/Page_Home/Page_Home/ul_All")): Object: 'Object Repository/Specific Cases Repository/LS/Home/Census/Census_Filters/Page_Home/Page_Home/ul_All' is clicked on

09-01-2025T16:22:27 - [MESSAGE][PASSED] - Object: 'Object Repository/Specific Cases Repository/LS/Home/Census/Census_Filters/Page_Home/Page_Home/ul_All' is clicked on

09-01-2025T16:22:27 - [TEST_STEP][PASSED] - setText(findTestObject("Object Repository/Specific Cases Repository/LS/Home/Census/Census_Filters/Page_Home/Page_Home/Location Filter"), "cat"): Text 'cat' is set on object 'Object Repository/Specific Cases Repository/LS/Home/Census/Census_Filters/Page_Home/Page_Home/Location Filter'

09-01-2025T16:22:28 - [MESSAGE][PASSED] - Text 'cat' is set on object 'Object Repository/Specific Cases Repository/LS/Home/Census/Census_Filters/Page_Home/Page_Home/Location Filter'

09-01-2025T16:22:28 - [TEST_STEP][PASSED] - sendKeys(findTestObject("Object Repository/Specific Cases Repository/LS/Home/Census/Census_Filters/Page_Home/Page_Home/Location Filter"), Keys.chord(ENTER)): Keys 'ENTER + ' sent to object: 'Object Repository/Specific Cases Repository/LS/Home/Census/Census_Filters/Page_Home/Page_Home/Location Filter'

09-01-2025T16:22:29 - [MESSAGE][PASSED] - Keys 'ENTER + ' sent to object: 'Object Repository/Specific Cases Repository/LS/Home/Census/Census_Filters/Page_Home/Page_Home/Location Filter'

09-01-2025T16:22:29 - [TEST_STEP][PASSED] - verifyElementText(findTestObject("Object Repository/Specific Cases Repository/LS/Home/Census/Census_Filters/Page_Home/Page_Home/td_Cat Treatment Center"), "Cat Treatment Center"): Actual text and expected text of test object 'Object Repository/Specific Cases Repository/LS/Home/Census/Census_Filters/Page_Home/Page_Home/td_Cat Treatment Center' are matched.

09-01-2025T16:22:32 - [MESSAGE][PASSED] - Actual text and expected text of test object 'Object Repository/Specific Cases Repository/LS/Home/Census/Census_Filters/Page_Home/Page_Home/td_Cat Treatment Center' are matched.

09-01-2025T16:22:32 - [TEST_STEP][PASSED] - verifyElementNotPresent(findTestObject("Object Repository/Specific Cases Repository/LS/Home/Census/Census_Filters/Page_Home/Page_Home/td_Dog Treatment Center"), 0): Web element with id: 'Object Repository/Specific Cases Repository/LS/Home/Census/Census_Filters/Page_Home/Page_Home/td_Dog Treatment Center' located by 'By.xpath: //td[normalize-space()='Dog Treatment Center']' is not present after '30' second(s)

09-01-2025T16:22:32 - [MESSAGE][WARNING] - Timeout '0' is invalid. Using default page load timeout: '30'

09-01-2025T16:22:33 - [MESSAGE][PASSED] - Web element with id: 'Object Repository/Specific Cases Repository/LS/Home/Census/Census_Filters/Page_Home/Page_Home/td_Dog Treatment Center' located by 'By.xpath: //td[normalize-space()='Dog Treatment Center']' is not present after '30' second(s)

09-01-2025T16:22:33 - [TEST_STEP][PASSED] - verifyElementNotPresent(findTestObject("Object Repository/Specific Cases Repository/LS/Home/Census/Census_Filters/Page_Home/Page_Home/td_Satellite Office"), 0): Web element with id: 'Object Repository/Specific Cases Repository/LS/Home/Census/Census_Filters/Page_Home/Page_Home/td_Satellite Office' located by 'By.xpath: //td[normalize-space()='Satellite Office']' is not present after '30' second(s)

09-01-2025T16:22:33 - [MESSAGE][WARNING] - Timeout '0' is invalid. Using default page load timeout: '30'

09-01-2025T16:22:33 - [MESSAGE][PASSED] - Web element with id: 'Object Repository/Specific Cases Repository/LS/Home/Census/Census_Filters/Page_Home/Page_Home/td_Satellite Office' located by 'By.xpath: //td[normalize-space()='Satellite Office']' is not present after '30' second(s)

09-01-2025T16:22:33 - [TEST_STEP][PASSED] - click(findTestObject("Object Repository/Specific Cases Repository/LS/Home/Census/Census_Filters/Page_Home/Page_Home/ul_Cat Treatment Center")): Object: 'Object Repository/Specific Cases Repository/LS/Home/Census/Census_Filters/Page_Home/Page_Home/ul_Cat Treatment Center' is clicked on

09-01-2025T16:22:33 - [MESSAGE][PASSED] - Object: 'Object Repository/Specific Cases Repository/LS/Home/Census/Census_Filters/Page_Home/Page_Home/ul_Cat Treatment Center' is clicked on

09-01-2025T16:22:33 - [TEST_STEP][PASSED] - setText(findTestObject("Object Repository/Specific Cases Repository/LS/Home/Census/Census_Filters/Page_Home/Page_Home/Location Filter"), "dog"): Text 'dog' is set on object 'Object Repository/Specific Cases Repository/LS/Home/Census/Census_Filters/Page_Home/Page_Home/Location Filter'

09-01-2025T16:22:34 - [MESSAGE][PASSED] - Text 'dog' is set on object 'Object Repository/Specific Cases Repository/LS/Home/Census/Census_Filters/Page_Home/Page_Home/Location Filter'

09-01-2025T16:22:34 - [TEST_STEP][PASSED] - sendKeys(findTestObject("Object Repository/Specific Cases Repository/LS/Home/Census/Census_Filters/Page_Home/Page_Home/Location Filter"), Keys.chord(ENTER)): Keys 'ENTER + ' sent to object: 'Object Repository/Specific Cases Repository/LS/Home/Census/Census_Filters/Page_Home/Page_Home/Location Filter'

09-01-2025T16:22:35 - [MESSAGE][PASSED] - Keys 'ENTER + ' sent to object: 'Object Repository/Specific Cases Repository/LS/Home/Census/Census_Filters/Page_Home/Page_Home/Location Filter'

09-01-2025T16:22:35 - [TEST_STEP][PASSED] - verifyElementPresent(findTestObject("Object Repository/Specific Cases Repository/LS/Home/Census/Census_Filters/Page_Home/Page_Home/td_Cat Treatment Center"), 0): Object 'Object Repository/Specific Cases Repository/LS/Home/Census/Census_Filters/Page_Home/Page_Home/td_Cat Treatment Center' is present

09-01-2025T16:22:35 - [MESSAGE][WARNING] - Timeout '0' is invalid. Using default page load timeout: '30'

09-01-2025T16:22:37 - [MESSAGE][PASSED] - Object 'Object Repository/Specific Cases Repository/LS/Home/Census/Census_Filters/Page_Home/Page_Home/td_Cat Treatment Center' is present

09-01-2025T16:22:37 - [TEST_STEP][PASSED] - verifyElementNotPresent(findTestObject("Object Repository/Specific Cases Repository/LS/Home/Census/Census_Filters/Page_Home/Page_Home/td_Satellite Office"), 0): Web element with id: 'Object Repository/Specific Cases Repository/LS/Home/Census/Census_Filters/Page_Home/Page_Home/td_Satellite Office' located by 'By.xpath: //td[normalize-space()='Satellite Office']' is not present after '30' second(s)

09-01-2025T16:22:37 - [MESSAGE][WARNING] - Timeout '0' is invalid. Using default page load timeout: '30'

09-01-2025T16:22:38 - [MESSAGE][PASSED] - Web element with id: 'Object Repository/Specific Cases Repository/LS/Home/Census/Census_Filters/Page_Home/Page_Home/td_Satellite Office' located by 'By.xpath: //td[normalize-space()='Satellite Office']' is not present after '30' second(s)

09-01-2025T16:22:38 - [TEST_STEP][PASSED] - click(findTestObject("Object Repository/Specific Cases Repository/LS/Home/Census/Census_Filters/Page_Home/Page_Home/span_")): Object: 'Object Repository/Specific Cases Repository/LS/Home/Census/Census_Filters/Page_Home/Page_Home/span_' is clicked on

09-01-2025T16:22:38 - [MESSAGE][PASSED] - Object: 'Object Repository/Specific Cases Repository/LS/Home/Census/Census_Filters/Page_Home/Page_Home/span_' is clicked on

09-01-2025T16:22:38 - [TEST_STEP][PASSED] - click(findTestObject("Object Repository/Specific Cases Repository/LS/Home/Census/Census_Filters/Page_Home/Page_Home/ul_Dog Treatment Center")): Object: 'Object Repository/Specific Cases Repository/LS/Home/Census/Census_Filters/Page_Home/Page_Home/ul_Dog Treatment Center' is clicked on

09-01-2025T16:22:40 - [MESSAGE][PASSED] - Object: 'Object Repository/Specific Cases Repository/LS/Home/Census/Census_Filters/Page_Home/Page_Home/ul_Dog Treatment Center' is clicked on

09-01-2025T16:22:40 - [TEST_STEP][PASSED] - setText(findTestObject("Object Repository/Specific Cases Repository/LS/Home/Census/Census_Filters/Page_Home/Page_Home/Location Filter"), "satellite"): Text 'satellite' is set on object 'Object Repository/Specific Cases Repository/LS/Home/Census/Census_Filters/Page_Home/Page_Home/Location Filter'

09-01-2025T16:22:41 - [MESSAGE][PASSED] - Text 'satellite' is set on object 'Object Repository/Specific Cases Repository/LS/Home/Census/Census_Filters/Page_Home/Page_Home/Location Filter'

09-01-2025T16:22:41 - [TEST_STEP][PASSED] - sendKeys(findTestObject("Object Repository/Specific Cases Repository/LS/Home/Census/Census_Filters/Page_Home/Page_Home/Location Filter"), Keys.chord(ENTER)): Keys 'ENTER + ' sent to object: 'Object Repository/Specific Cases Repository/LS/Home/Census/Census_Filters/Page_Home/Page_Home/Location Filter'

09-01-2025T16:22:42 - [MESSAGE][PASSED] - Keys 'ENTER + ' sent to object: 'Object Repository/Specific Cases Repository/LS/Home/Census/Census_Filters/Page_Home/Page_Home/Location Filter'

09-01-2025T16:22:42 - [TEST_STEP][PASSED] - verifyElementPresent(findTestObject("Object Repository/Specific Cases Repository/LS/Home/Census/Census_Filters/Page_Home/Page_Home/td_Dog Treatment Center"), 0): Object 'Object Repository/Specific Cases Repository/LS/Home/Census/Census_Filters/Page_Home/Page_Home/td_Dog Treatment Center' is present

09-01-2025T16:22:42 - [MESSAGE][WARNING] - Timeout '0' is invalid. Using default page load timeout: '30'

09-01-2025T16:22:44 - [MESSAGE][PASSED] - Object 'Object Repository/Specific Cases Repository/LS/Home/Census/Census_Filters/Page_Home/Page_Home/td_Dog Treatment Center' is present

09-01-2025T16:22:44 - [TEST_STEP][PASSED] - click(findTestObject("Object Repository/Specific Cases Repository/LS/Home/Census/Census_Filters/Page_Home/Page_Home/span_")): Object: 'Object Repository/Specific Cases Repository/LS/Home/Census/Census_Filters/Page_Home/Page_Home/span_' is clicked on

09-01-2025T16:22:45 - [MESSAGE][PASSED] - Object: 'Object Repository/Specific Cases Repository/LS/Home/Census/Census_Filters/Page_Home/Page_Home/span_' is clicked on

09-01-2025T16:22:45 - [TEST_STEP][PASSED] - click(findTestObject("Object Repository/Specific Cases Repository/LS/Home/Census/Census_Filters/Page_Home/Page_Home/ul_All")): Object: 'Object Repository/Specific Cases Repository/LS/Home/Census/Census_Filters/Page_Home/Page_Home/ul_All' is clicked on

09-01-2025T16:22:47 - [MESSAGE][PASSED] - Object: 'Object Repository/Specific Cases Repository/LS/Home/Census/Census_Filters/Page_Home/Page_Home/ul_All' is clicked on

09-01-2025T16:22:47 - [TEST_STEP][PASSED] - setText(findTestObject("Specific Cases Repository/LS/Home/Census/Census_Filters/Page_Home/Page_Home/Location Filter"), "all"): Text 'all' is set on object 'Object Repository/Specific Cases Repository/LS/Home/Census/Census_Filters/Page_Home/Page_Home/Location Filter'

09-01-2025T16:22:48 - [MESSAGE][PASSED] - Text 'all' is set on object 'Object Repository/Specific Cases Repository/LS/Home/Census/Census_Filters/Page_Home/Page_Home/Location Filter'

09-01-2025T16:22:48 - [TEST_STEP][PASSED] - sendKeys(findTestObject("Object Repository/Specific Cases Repository/LS/Home/Census/Census_Filters/Page_Home/Page_Home/Location Filter"), Keys.chord(ENTER)): Keys 'ENTER + ' sent to object: 'Object Repository/Specific Cases Repository/LS/Home/Census/Census_Filters/Page_Home/Page_Home/Location Filter'

09-01-2025T16:22:48 - [MESSAGE][PASSED] - Keys 'ENTER + ' sent to object: 'Object Repository/Specific Cases Repository/LS/Home/Census/Census_Filters/Page_Home/Page_Home/Location Filter'

09-01-2025T16:22:48 - [TEST_STEP][PASSED] - click(findTestObject("Specific Cases Repository/LS/Home/Census/Census_Filters/Page_Home/Program Filter")): Object: 'Object Repository/Specific Cases Repository/LS/Home/Census/Census_Filters/Page_Home/Program Filter' is clicked on

09-01-2025T16:22:51 - [MESSAGE][PASSED] - Object: 'Object Repository/Specific Cases Repository/LS/Home/Census/Census_Filters/Page_Home/Program Filter' is clicked on

09-01-2025T16:22:51 - [TEST_STEP][PASSED] - setText(findTestObject("Specific Cases Repository/LS/Home/Census/Census_Filters/Page_Home/Program Filter"), "all"): Text 'all' is set on object 'Object Repository/Specific Cases Repository/LS/Home/Census/Census_Filters/Page_Home/Program Filter'

09-01-2025T16:22:52 - [MESSAGE][PASSED] - Text 'all' is set on object 'Object Repository/Specific Cases Repository/LS/Home/Census/Census_Filters/Page_Home/Program Filter'

09-01-2025T16:22:52 - [TEST_STEP][PASSED] - sendKeys(findTestObject("Specific Cases Repository/LS/Home/Census/Census_Filters/Page_Home/Program Filter"), Keys.chord(ENTER)): Keys 'ENTER + ' sent to object: 'Object Repository/Specific Cases Repository/LS/Home/Census/Census_Filters/Page_Home/Program Filter'

09-01-2025T16:22:52 - [MESSAGE][PASSED] - Keys 'ENTER + ' sent to object: 'Object Repository/Specific Cases Repository/LS/Home/Census/Census_Filters/Page_Home/Program Filter'

09-01-2025T16:22:52 - [TEST_STEP][PASSED] - closeBrowser(): Browser is closed

09-01-2025T16:22:53 - [MESSAGE][PASSED] - Browser is closed]]></system-out>
         <system-err><![CDATA[]]></system-err>
      </testcase>
      <testcase name="Test Cases/Specific Cases/LS/General/Census/Census/Census_Program_Filter" time="46.125" classname="Test Cases/Specific Cases/LS/General/Census/Census/Census_Program_Filter" status="PASSED">
         <system-out><![CDATA[09-01-2025T16:22:53 - [TEST_CASE][PASSED] - Test Cases/Specific Cases/LS/General/Census/Census/Census_Program_Filter: Test Cases/Specific Cases/LS/General/Census/Census/Census_Program_Filter

09-01-2025T16:22:53 - [TEST_STEP][PASSED] - callTestCase(findTestCase("Common Cases/Login"), [:], STOP_ON_FAILURE): Call Test Case 'Test Cases/Common Cases/Login' successfully

09-01-2025T16:22:53 - [TEST_CASE][PASSED] - Test Cases/Common Cases/Login: Test Cases/Common Cases/Login

09-01-2025T16:22:53 - [TEST_STEP][PASSED] - openBrowser(""): Browser is opened with url: ''

09-01-2025T16:22:53 - [MESSAGE][INFO] - Starting 'Chrome' driver

09-01-2025T16:22:53 - [MESSAGE][INFO] - Action delay is set to 0 milliseconds

09-01-2025T16:22:54 - [MESSAGE][PASSED] - Browser is opened with url: ''

09-01-2025T16:22:54 - [TEST_STEP][PASSED] - maximizeWindow(): Current window maximized

09-01-2025T16:22:54 - [MESSAGE][PASSED] - Current window maximized

09-01-2025T16:22:54 - [TEST_STEP][PASSED] - navigateToUrl("https://site17.lsapp.cloud/auth/login"): Navigate to 'https://site17.lsapp.cloud/auth/login' successfully

09-01-2025T16:23:02 - [MESSAGE][PASSED] - Navigate to 'https://site17.lsapp.cloud/auth/login' successfully

09-01-2025T16:23:02 - [TEST_STEP][PASSED] - setText(findTestObject("Object Repository/Common Cases Repository/Login/Page_Lightning Step/input_Email_email"), "automation@lightningstep.com"): Text 'automation@lightningstep.com' is set on object 'Object Repository/Common Cases Repository/Login/Page_Lightning Step/input_Email_email'

09-01-2025T16:23:03 - [MESSAGE][PASSED] - Text 'automation@lightningstep.com' is set on object 'Object Repository/Common Cases Repository/Login/Page_Lightning Step/input_Email_email'

09-01-2025T16:23:03 - [TEST_STEP][PASSED] - setEncryptedText(findTestObject("Object Repository/Common Cases Repository/Login/Page_Lightning Step/input_Password_password"), "e5N8VHmnhJDITtQaQhDQDw=="): Text ****** has been set on object 'Object Repository/Common Cases Repository/Login/Page_Lightning Step/input_Password_password'

09-01-2025T16:23:03 - [MESSAGE][PASSED] - Text ****** has been set on object 'Object Repository/Common Cases Repository/Login/Page_Lightning Step/input_Password_password'

09-01-2025T16:23:03 - [TEST_STEP][PASSED] - click(findTestObject("Object Repository/Common Cases Repository/Login/Page_Lightning Step/button_Sign in")): Object: 'Object Repository/Common Cases Repository/Login/Page_Lightning Step/button_Sign in' is clicked on

09-01-2025T16:23:11 - [MESSAGE][PASSED] - Object: 'Object Repository/Common Cases Repository/Login/Page_Lightning Step/button_Sign in' is clicked on

09-01-2025T16:23:11 - [MESSAGE][PASSED] - Call Test Case 'Test Cases/Common Cases/Login' successfully

09-01-2025T16:23:11 - [TEST_STEP][PASSED] - click(findTestObject("Object Repository/Specific Cases Repository/LS/Home/Census/Census_Filters/Page_Home/Page_Home/a_Census")): Object: 'Object Repository/Specific Cases Repository/LS/Home/Census/Census_Filters/Page_Home/Page_Home/a_Census' is clicked on

09-01-2025T16:23:15 - [MESSAGE][PASSED] - Object: 'Object Repository/Specific Cases Repository/LS/Home/Census/Census_Filters/Page_Home/Page_Home/a_Census' is clicked on

09-01-2025T16:23:15 - [TEST_STEP][PASSED] - click(findTestObject("Object Repository/Specific Cases Repository/LS/Home/Census/Census_Filters/Page_Home/Program_Filter/Page_Home/ul_All")): Object: 'Object Repository/Specific Cases Repository/LS/Home/Census/Census_Filters/Page_Home/Program_Filter/Page_Home/ul_All' is clicked on

09-01-2025T16:23:17 - [MESSAGE][PASSED] - Object: 'Object Repository/Specific Cases Repository/LS/Home/Census/Census_Filters/Page_Home/Program_Filter/Page_Home/ul_All' is clicked on

09-01-2025T16:23:17 - [TEST_STEP][PASSED] - setText(findTestObject("Object Repository/Specific Cases Repository/LS/Home/Census/Census_Filters/Page_Home/Program_Filter/Page_Home/input__select2-search__field"), "all"): Text 'all' is set on object 'Object Repository/Specific Cases Repository/LS/Home/Census/Census_Filters/Page_Home/Program_Filter/Page_Home/input__select2-search__field'

09-01-2025T16:23:18 - [MESSAGE][PASSED] - Text 'all' is set on object 'Object Repository/Specific Cases Repository/LS/Home/Census/Census_Filters/Page_Home/Program_Filter/Page_Home/input__select2-search__field'

09-01-2025T16:23:18 - [TEST_STEP][PASSED] - sendKeys(findTestObject("Object Repository/Specific Cases Repository/LS/Home/Census/Census_Filters/Page_Home/Program_Filter/Page_Home/input__select2-search__field"), Keys.chord(ENTER)): Keys 'ENTER + ' sent to object: 'Object Repository/Specific Cases Repository/LS/Home/Census/Census_Filters/Page_Home/Program_Filter/Page_Home/input__select2-search__field'

09-01-2025T16:23:19 - [MESSAGE][PASSED] - Keys 'ENTER + ' sent to object: 'Object Repository/Specific Cases Repository/LS/Home/Census/Census_Filters/Page_Home/Program_Filter/Page_Home/input__select2-search__field'

09-01-2025T16:23:19 - [TEST_STEP][PASSED] - click(findTestObject("Object Repository/Specific Cases Repository/LS/Home/Census/Census_Filters/Page_Home/Page_Home/ul_All")): Object: 'Object Repository/Specific Cases Repository/LS/Home/Census/Census_Filters/Page_Home/Page_Home/ul_All' is clicked on

09-01-2025T16:23:20 - [MESSAGE][PASSED] - Object: 'Object Repository/Specific Cases Repository/LS/Home/Census/Census_Filters/Page_Home/Page_Home/ul_All' is clicked on

09-01-2025T16:23:20 - [TEST_STEP][PASSED] - setText(findTestObject("Object Repository/Specific Cases Repository/LS/Home/Census/Census_Filters/Page_Home/Page_Home/Location Filter"), "all"): Text 'all' is set on object 'Object Repository/Specific Cases Repository/LS/Home/Census/Census_Filters/Page_Home/Page_Home/Location Filter'

09-01-2025T16:23:21 - [MESSAGE][PASSED] - Text 'all' is set on object 'Object Repository/Specific Cases Repository/LS/Home/Census/Census_Filters/Page_Home/Page_Home/Location Filter'

09-01-2025T16:23:21 - [TEST_STEP][PASSED] - sendKeys(findTestObject("Object Repository/Specific Cases Repository/LS/Home/Census/Census_Filters/Page_Home/Page_Home/Location Filter"), Keys.chord(ENTER)): Keys 'ENTER + ' sent to object: 'Object Repository/Specific Cases Repository/LS/Home/Census/Census_Filters/Page_Home/Page_Home/Location Filter'

09-01-2025T16:23:22 - [MESSAGE][PASSED] - Keys 'ENTER + ' sent to object: 'Object Repository/Specific Cases Repository/LS/Home/Census/Census_Filters/Page_Home/Page_Home/Location Filter'

09-01-2025T16:23:22 - [TEST_STEP][PASSED] - verifyElementPresent(findTestObject("Object Repository/Specific Cases Repository/LS/Home/Census/Census_Filters/Page_Home/Program_Filter/Page_Home/td_Detoxification"), 0): Object 'Object Repository/Specific Cases Repository/LS/Home/Census/Census_Filters/Page_Home/Program_Filter/Page_Home/td_Detoxification' is present

09-01-2025T16:23:22 - [MESSAGE][WARNING] - Timeout '0' is invalid. Using default page load timeout: '30'

09-01-2025T16:23:22 - [MESSAGE][PASSED] - Object 'Object Repository/Specific Cases Repository/LS/Home/Census/Census_Filters/Page_Home/Program_Filter/Page_Home/td_Detoxification' is present

09-01-2025T16:23:22 - [TEST_STEP][PASSED] - verifyElementPresent(findTestObject("Object Repository/Specific Cases Repository/LS/Home/Census/Census_Filters/Page_Home/Program_Filter/Page_Home/td_Outpatient"), 0): Object 'Object Repository/Specific Cases Repository/LS/Home/Census/Census_Filters/Page_Home/Program_Filter/Page_Home/td_Outpatient' is present

09-01-2025T16:23:22 - [MESSAGE][WARNING] - Timeout '0' is invalid. Using default page load timeout: '30'

09-01-2025T16:23:22 - [MESSAGE][PASSED] - Object 'Object Repository/Specific Cases Repository/LS/Home/Census/Census_Filters/Page_Home/Program_Filter/Page_Home/td_Outpatient' is present

09-01-2025T16:23:22 - [TEST_STEP][PASSED] - click(findTestObject("Object Repository/Specific Cases Repository/LS/Home/Census/Census_Filters/Page_Home/Program_Filter/Page_Home/ul_All")): Object: 'Object Repository/Specific Cases Repository/LS/Home/Census/Census_Filters/Page_Home/Program_Filter/Page_Home/ul_All' is clicked on

09-01-2025T16:23:23 - [MESSAGE][PASSED] - Object: 'Object Repository/Specific Cases Repository/LS/Home/Census/Census_Filters/Page_Home/Program_Filter/Page_Home/ul_All' is clicked on

09-01-2025T16:23:23 - [TEST_STEP][PASSED] - setText(findTestObject("Object Repository/Specific Cases Repository/LS/Home/Census/Census_Filters/Page_Home/Program_Filter/Page_Home/input__select2-search__field"), "detox"): Text 'detox' is set on object 'Object Repository/Specific Cases Repository/LS/Home/Census/Census_Filters/Page_Home/Program_Filter/Page_Home/input__select2-search__field'

09-01-2025T16:23:24 - [MESSAGE][PASSED] - Text 'detox' is set on object 'Object Repository/Specific Cases Repository/LS/Home/Census/Census_Filters/Page_Home/Program_Filter/Page_Home/input__select2-search__field'

09-01-2025T16:23:24 - [TEST_STEP][PASSED] - sendKeys(findTestObject("Object Repository/Specific Cases Repository/LS/Home/Census/Census_Filters/Page_Home/Program_Filter/Page_Home/input__select2-search__field"), Keys.chord(ENTER)): Keys 'ENTER + ' sent to object: 'Object Repository/Specific Cases Repository/LS/Home/Census/Census_Filters/Page_Home/Program_Filter/Page_Home/input__select2-search__field'

09-01-2025T16:23:25 - [MESSAGE][PASSED] - Keys 'ENTER + ' sent to object: 'Object Repository/Specific Cases Repository/LS/Home/Census/Census_Filters/Page_Home/Program_Filter/Page_Home/input__select2-search__field'

09-01-2025T16:23:25 - [TEST_STEP][PASSED] - verifyElementPresent(findTestObject("Object Repository/Specific Cases Repository/LS/Home/Census/Census_Filters/Page_Home/Program_Filter/Page_Home/td_Detoxification"), 0): Object 'Object Repository/Specific Cases Repository/LS/Home/Census/Census_Filters/Page_Home/Program_Filter/Page_Home/td_Detoxification' is present

09-01-2025T16:23:25 - [MESSAGE][WARNING] - Timeout '0' is invalid. Using default page load timeout: '30'

09-01-2025T16:23:26 - [MESSAGE][PASSED] - Object 'Object Repository/Specific Cases Repository/LS/Home/Census/Census_Filters/Page_Home/Program_Filter/Page_Home/td_Detoxification' is present

09-01-2025T16:23:26 - [TEST_STEP][PASSED] - verifyElementNotPresent(findTestObject("Object Repository/Specific Cases Repository/LS/Home/Census/Census_Filters/Page_Home/Program_Filter/Page_Home/td_Outpatient"), 0): Web element with id: 'Object Repository/Specific Cases Repository/LS/Home/Census/Census_Filters/Page_Home/Program_Filter/Page_Home/td_Outpatient' located by 'By.xpath: //td[normalize-space()='Outpatient']' is not present after '30' second(s)

09-01-2025T16:23:26 - [MESSAGE][WARNING] - Timeout '0' is invalid. Using default page load timeout: '30'

09-01-2025T16:23:27 - [MESSAGE][PASSED] - Web element with id: 'Object Repository/Specific Cases Repository/LS/Home/Census/Census_Filters/Page_Home/Program_Filter/Page_Home/td_Outpatient' located by 'By.xpath: //td[normalize-space()='Outpatient']' is not present after '30' second(s)

09-01-2025T16:23:27 - [TEST_STEP][PASSED] - click(findTestObject("Object Repository/Specific Cases Repository/LS/Home/Census/Census_Filters/Page_Home/Program_Filter/Page_Home/ul_Detoxification")): Object: 'Object Repository/Specific Cases Repository/LS/Home/Census/Census_Filters/Page_Home/Program_Filter/Page_Home/ul_Detoxification' is clicked on

09-01-2025T16:23:27 - [MESSAGE][PASSED] - Object: 'Object Repository/Specific Cases Repository/LS/Home/Census/Census_Filters/Page_Home/Program_Filter/Page_Home/ul_Detoxification' is clicked on

09-01-2025T16:23:27 - [TEST_STEP][PASSED] - setText(findTestObject("Object Repository/Specific Cases Repository/LS/Home/Census/Census_Filters/Page_Home/Program_Filter/Page_Home/input__select2-search__field"), "outpatient"): Text 'outpatient' is set on object 'Object Repository/Specific Cases Repository/LS/Home/Census/Census_Filters/Page_Home/Program_Filter/Page_Home/input__select2-search__field'

09-01-2025T16:23:28 - [MESSAGE][PASSED] - Text 'outpatient' is set on object 'Object Repository/Specific Cases Repository/LS/Home/Census/Census_Filters/Page_Home/Program_Filter/Page_Home/input__select2-search__field'

09-01-2025T16:23:28 - [TEST_STEP][PASSED] - sendKeys(findTestObject("Object Repository/Specific Cases Repository/LS/Home/Census/Census_Filters/Page_Home/Program_Filter/Page_Home/input__select2-search__field"), Keys.chord(ENTER)): Keys 'ENTER + ' sent to object: 'Object Repository/Specific Cases Repository/LS/Home/Census/Census_Filters/Page_Home/Program_Filter/Page_Home/input__select2-search__field'

09-01-2025T16:23:28 - [MESSAGE][PASSED] - Keys 'ENTER + ' sent to object: 'Object Repository/Specific Cases Repository/LS/Home/Census/Census_Filters/Page_Home/Program_Filter/Page_Home/input__select2-search__field'

09-01-2025T16:23:28 - [TEST_STEP][PASSED] - click(findTestObject("Object Repository/Specific Cases Repository/LS/Home/Census/Census_Filters/Page_Home/Program_Filter/Page_Home/span_")): Object: 'Object Repository/Specific Cases Repository/LS/Home/Census/Census_Filters/Page_Home/Program_Filter/Page_Home/span_' is clicked on

09-01-2025T16:23:30 - [MESSAGE][PASSED] - Object: 'Object Repository/Specific Cases Repository/LS/Home/Census/Census_Filters/Page_Home/Program_Filter/Page_Home/span_' is clicked on

09-01-2025T16:23:30 - [TEST_STEP][PASSED] - verifyElementPresent(findTestObject("Object Repository/Specific Cases Repository/LS/Home/Census/Census_Filters/Page_Home/Program_Filter/Page_Home/td_Outpatient"), 0): Object 'Object Repository/Specific Cases Repository/LS/Home/Census/Census_Filters/Page_Home/Program_Filter/Page_Home/td_Outpatient' is present

09-01-2025T16:23:30 - [MESSAGE][WARNING] - Timeout '0' is invalid. Using default page load timeout: '30'

09-01-2025T16:23:32 - [MESSAGE][PASSED] - Object 'Object Repository/Specific Cases Repository/LS/Home/Census/Census_Filters/Page_Home/Program_Filter/Page_Home/td_Outpatient' is present

09-01-2025T16:23:32 - [TEST_STEP][PASSED] - verifyElementNotPresent(findTestObject("Object Repository/Specific Cases Repository/LS/Home/Census/Census_Filters/Page_Home/Program_Filter/Page_Home/td_Detoxification"), 0): Web element with id: 'Object Repository/Specific Cases Repository/LS/Home/Census/Census_Filters/Page_Home/Program_Filter/Page_Home/td_Detoxification' located by 'By.xpath: //tr[@class='odd']//td[contains(text(),'Detoxification')]' is not present after '30' second(s)

09-01-2025T16:23:32 - [MESSAGE][WARNING] - Timeout '0' is invalid. Using default page load timeout: '30'

09-01-2025T16:23:32 - [MESSAGE][PASSED] - Web element with id: 'Object Repository/Specific Cases Repository/LS/Home/Census/Census_Filters/Page_Home/Program_Filter/Page_Home/td_Detoxification' located by 'By.xpath: //tr[@class='odd']//td[contains(text(),'Detoxification')]' is not present after '30' second(s)

09-01-2025T16:23:32 - [TEST_STEP][PASSED] - click(findTestObject("Object Repository/Specific Cases Repository/LS/Home/Census/Census_Filters/Page_Home/Program_Filter/Page_Home/span_")): Object: 'Object Repository/Specific Cases Repository/LS/Home/Census/Census_Filters/Page_Home/Program_Filter/Page_Home/span_' is clicked on

09-01-2025T16:23:33 - [MESSAGE][PASSED] - Object: 'Object Repository/Specific Cases Repository/LS/Home/Census/Census_Filters/Page_Home/Program_Filter/Page_Home/span_' is clicked on

09-01-2025T16:23:33 - [TEST_STEP][PASSED] - click(findTestObject("Object Repository/Specific Cases Repository/LS/Home/Census/Census_Filters/Page_Home/Program_Filter/Page_Home/ul_All")): Object: 'Object Repository/Specific Cases Repository/LS/Home/Census/Census_Filters/Page_Home/Program_Filter/Page_Home/ul_All' is clicked on

09-01-2025T16:23:34 - [MESSAGE][PASSED] - Object: 'Object Repository/Specific Cases Repository/LS/Home/Census/Census_Filters/Page_Home/Program_Filter/Page_Home/ul_All' is clicked on

09-01-2025T16:23:34 - [TEST_STEP][PASSED] - setText(findTestObject("Object Repository/Specific Cases Repository/LS/Home/Census/Census_Filters/Page_Home/Program_Filter/Page_Home/input__select2-search__field"), "all"): Text 'all' is set on object 'Object Repository/Specific Cases Repository/LS/Home/Census/Census_Filters/Page_Home/Program_Filter/Page_Home/input__select2-search__field'

09-01-2025T16:23:35 - [MESSAGE][PASSED] - Text 'all' is set on object 'Object Repository/Specific Cases Repository/LS/Home/Census/Census_Filters/Page_Home/Program_Filter/Page_Home/input__select2-search__field'

09-01-2025T16:23:35 - [TEST_STEP][PASSED] - sendKeys(findTestObject("Object Repository/Specific Cases Repository/LS/Home/Census/Census_Filters/Page_Home/Program_Filter/Page_Home/input__select2-search__field"), Keys.chord(ENTER)): Keys 'ENTER + ' sent to object: 'Object Repository/Specific Cases Repository/LS/Home/Census/Census_Filters/Page_Home/Program_Filter/Page_Home/input__select2-search__field'

09-01-2025T16:23:35 - [MESSAGE][PASSED] - Keys 'ENTER + ' sent to object: 'Object Repository/Specific Cases Repository/LS/Home/Census/Census_Filters/Page_Home/Program_Filter/Page_Home/input__select2-search__field'

09-01-2025T16:23:35 - [TEST_STEP][PASSED] - waitForPageLoad(30): Wait for page load successfully

09-01-2025T16:23:36 - [MESSAGE][PASSED] - Wait for page load successfully

09-01-2025T16:23:36 - [TEST_STEP][PASSED] - click(findTestObject("Object Repository/Specific Cases Repository/LS/Home/Census/Census_Filters/Page_Home/Program_Filter/Page_Home/ul_All")): Object: 'Object Repository/Specific Cases Repository/LS/Home/Census/Census_Filters/Page_Home/Program_Filter/Page_Home/ul_All' is clicked on

09-01-2025T16:23:37 - [MESSAGE][PASSED] - Object: 'Object Repository/Specific Cases Repository/LS/Home/Census/Census_Filters/Page_Home/Program_Filter/Page_Home/ul_All' is clicked on

09-01-2025T16:23:37 - [TEST_STEP][PASSED] - setText(findTestObject("Object Repository/Specific Cases Repository/LS/Home/Census/Census_Filters/Page_Home/Program_Filter/Page_Home/input__select2-search__field"), "all"): Text 'all' is set on object 'Object Repository/Specific Cases Repository/LS/Home/Census/Census_Filters/Page_Home/Program_Filter/Page_Home/input__select2-search__field'

09-01-2025T16:23:38 - [MESSAGE][PASSED] - Text 'all' is set on object 'Object Repository/Specific Cases Repository/LS/Home/Census/Census_Filters/Page_Home/Program_Filter/Page_Home/input__select2-search__field'

09-01-2025T16:23:38 - [TEST_STEP][PASSED] - sendKeys(findTestObject("Object Repository/Specific Cases Repository/LS/Home/Census/Census_Filters/Page_Home/Program_Filter/Page_Home/input__select2-search__field"), Keys.chord(ENTER)): Keys 'ENTER + ' sent to object: 'Object Repository/Specific Cases Repository/LS/Home/Census/Census_Filters/Page_Home/Program_Filter/Page_Home/input__select2-search__field'

09-01-2025T16:23:39 - [MESSAGE][PASSED] - Keys 'ENTER + ' sent to object: 'Object Repository/Specific Cases Repository/LS/Home/Census/Census_Filters/Page_Home/Program_Filter/Page_Home/input__select2-search__field'

09-01-2025T16:23:39 - [TEST_STEP][PASSED] - closeBrowser(): Browser is closed

09-01-2025T16:23:39 - [MESSAGE][PASSED] - Browser is closed]]></system-out>
         <system-err><![CDATA[]]></system-err>
      </testcase>
      <testcase name="Test Cases/Specific Cases/LS/General/Census/Census/Census_Sorting" time="86.549" classname="Test Cases/Specific Cases/LS/General/Census/Census/Census_Sorting" status="PASSED">
         <system-out><![CDATA[09-01-2025T16:23:39 - [TEST_CASE][PASSED] - Test Cases/Specific Cases/LS/General/Census/Census/Census_Sorting: Test Cases/Specific Cases/LS/General/Census/Census/Census_Sorting

09-01-2025T16:23:39 - [TEST_STEP][PASSED] - callTestCase(findTestCase("Common Cases/Login"), [:], STOP_ON_FAILURE): Call Test Case 'Test Cases/Common Cases/Login' successfully

09-01-2025T16:23:39 - [TEST_CASE][PASSED] - Test Cases/Common Cases/Login: Test Cases/Common Cases/Login

09-01-2025T16:23:39 - [TEST_STEP][PASSED] - openBrowser(""): Browser is opened with url: ''

09-01-2025T16:23:39 - [MESSAGE][INFO] - Starting 'Chrome' driver

09-01-2025T16:23:39 - [MESSAGE][INFO] - Action delay is set to 0 milliseconds

09-01-2025T16:23:40 - [MESSAGE][PASSED] - Browser is opened with url: ''

09-01-2025T16:23:40 - [TEST_STEP][PASSED] - maximizeWindow(): Current window maximized

09-01-2025T16:23:40 - [MESSAGE][PASSED] - Current window maximized

09-01-2025T16:23:40 - [TEST_STEP][PASSED] - navigateToUrl("https://site17.lsapp.cloud/auth/login"): Navigate to 'https://site17.lsapp.cloud/auth/login' successfully

09-01-2025T16:23:44 - [MESSAGE][PASSED] - Navigate to 'https://site17.lsapp.cloud/auth/login' successfully

09-01-2025T16:23:44 - [TEST_STEP][PASSED] - setText(findTestObject("Object Repository/Common Cases Repository/Login/Page_Lightning Step/input_Email_email"), "automation@lightningstep.com"): Text 'automation@lightningstep.com' is set on object 'Object Repository/Common Cases Repository/Login/Page_Lightning Step/input_Email_email'

09-01-2025T16:23:45 - [MESSAGE][PASSED] - Text 'automation@lightningstep.com' is set on object 'Object Repository/Common Cases Repository/Login/Page_Lightning Step/input_Email_email'

09-01-2025T16:23:45 - [TEST_STEP][PASSED] - setEncryptedText(findTestObject("Object Repository/Common Cases Repository/Login/Page_Lightning Step/input_Password_password"), "e5N8VHmnhJDITtQaQhDQDw=="): Text ****** has been set on object 'Object Repository/Common Cases Repository/Login/Page_Lightning Step/input_Password_password'

09-01-2025T16:23:46 - [MESSAGE][PASSED] - Text ****** has been set on object 'Object Repository/Common Cases Repository/Login/Page_Lightning Step/input_Password_password'

09-01-2025T16:23:46 - [TEST_STEP][PASSED] - click(findTestObject("Object Repository/Common Cases Repository/Login/Page_Lightning Step/button_Sign in")): Object: 'Object Repository/Common Cases Repository/Login/Page_Lightning Step/button_Sign in' is clicked on

09-01-2025T16:23:51 - [MESSAGE][PASSED] - Object: 'Object Repository/Common Cases Repository/Login/Page_Lightning Step/button_Sign in' is clicked on

09-01-2025T16:23:52 - [MESSAGE][PASSED] - Call Test Case 'Test Cases/Common Cases/Login' successfully

09-01-2025T16:23:52 - [TEST_STEP][PASSED] - click(findTestObject("Object Repository/Specific Cases Repository/LS/Home/Census/Census Sorting/Page_Home/a_Census")): Object: 'Object Repository/Specific Cases Repository/LS/Home/Census/Census Sorting/Page_Home/a_Census' is clicked on

09-01-2025T16:23:55 - [MESSAGE][PASSED] - Object: 'Object Repository/Specific Cases Repository/LS/Home/Census/Census Sorting/Page_Home/a_Census' is clicked on

09-01-2025T16:23:55 - [TEST_STEP][PASSED] - click(findTestObject("Object Repository/Specific Cases Repository/LS/Home/Census/Census Sorting/Page_Home/th_Client")): Object: 'Object Repository/Specific Cases Repository/LS/Home/Census/Census Sorting/Page_Home/th_Client' is clicked on

09-01-2025T16:23:58 - [MESSAGE][PASSED] - Object: 'Object Repository/Specific Cases Repository/LS/Home/Census/Census Sorting/Page_Home/th_Client' is clicked on

09-01-2025T16:23:58 - [TEST_STEP][PASSED] - click(findTestObject("Object Repository/Specific Cases Repository/LS/Home/Census/Census Sorting/Page_Home/th_Client")): Object: 'Object Repository/Specific Cases Repository/LS/Home/Census/Census Sorting/Page_Home/th_Client' is clicked on

09-01-2025T16:23:59 - [MESSAGE][PASSED] - Object: 'Object Repository/Specific Cases Repository/LS/Home/Census/Census Sorting/Page_Home/th_Client' is clicked on

09-01-2025T16:23:59 - [TEST_STEP][PASSED] - click(findTestObject("Object Repository/Specific Cases Repository/LS/Home/Census/Census Sorting/Page_Home/th_Client")): Object: 'Object Repository/Specific Cases Repository/LS/Home/Census/Census Sorting/Page_Home/th_Client' is clicked on

09-01-2025T16:24:01 - [MESSAGE][PASSED] - Object: 'Object Repository/Specific Cases Repository/LS/Home/Census/Census Sorting/Page_Home/th_Client' is clicked on

09-01-2025T16:24:01 - [TEST_STEP][PASSED] - click(findTestObject("Object Repository/Specific Cases Repository/LS/Home/Census/Census Sorting/Page_Home/th_MRN")): Object: 'Object Repository/Specific Cases Repository/LS/Home/Census/Census Sorting/Page_Home/th_MRN' is clicked on

09-01-2025T16:24:03 - [MESSAGE][PASSED] - Object: 'Object Repository/Specific Cases Repository/LS/Home/Census/Census Sorting/Page_Home/th_MRN' is clicked on

09-01-2025T16:24:03 - [TEST_STEP][PASSED] - click(findTestObject("Object Repository/Specific Cases Repository/LS/Home/Census/Census Sorting/Page_Home/th_MRN")): Object: 'Object Repository/Specific Cases Repository/LS/Home/Census/Census Sorting/Page_Home/th_MRN' is clicked on

09-01-2025T16:24:05 - [MESSAGE][PASSED] - Object: 'Object Repository/Specific Cases Repository/LS/Home/Census/Census Sorting/Page_Home/th_MRN' is clicked on

09-01-2025T16:24:05 - [TEST_STEP][PASSED] - click(findTestObject("Object Repository/Specific Cases Repository/LS/Home/Census/Census Sorting/Page_Home/th_MRN")): Object: 'Object Repository/Specific Cases Repository/LS/Home/Census/Census Sorting/Page_Home/th_MRN' is clicked on

09-01-2025T16:24:07 - [MESSAGE][PASSED] - Object: 'Object Repository/Specific Cases Repository/LS/Home/Census/Census Sorting/Page_Home/th_MRN' is clicked on

09-01-2025T16:24:07 - [TEST_STEP][PASSED] - click(findTestObject("Object Repository/Specific Cases Repository/LS/Home/Census/Census Sorting/Page_Home/th_DOB")): Object: 'Object Repository/Specific Cases Repository/LS/Home/Census/Census Sorting/Page_Home/th_DOB' is clicked on

09-01-2025T16:24:09 - [MESSAGE][PASSED] - Object: 'Object Repository/Specific Cases Repository/LS/Home/Census/Census Sorting/Page_Home/th_DOB' is clicked on

09-01-2025T16:24:09 - [TEST_STEP][PASSED] - click(findTestObject("Object Repository/Specific Cases Repository/LS/Home/Census/Census Sorting/Page_Home/th_DOB")): Object: 'Object Repository/Specific Cases Repository/LS/Home/Census/Census Sorting/Page_Home/th_DOB' is clicked on

09-01-2025T16:24:11 - [MESSAGE][PASSED] - Object: 'Object Repository/Specific Cases Repository/LS/Home/Census/Census Sorting/Page_Home/th_DOB' is clicked on

09-01-2025T16:24:11 - [TEST_STEP][PASSED] - click(findTestObject("Object Repository/Specific Cases Repository/LS/Home/Census/Census Sorting/Page_Home/th_DOB")): Object: 'Object Repository/Specific Cases Repository/LS/Home/Census/Census Sorting/Page_Home/th_DOB' is clicked on

09-01-2025T16:24:14 - [MESSAGE][PASSED] - Object: 'Object Repository/Specific Cases Repository/LS/Home/Census/Census Sorting/Page_Home/th_DOB' is clicked on

09-01-2025T16:24:14 - [TEST_STEP][PASSED] - click(findTestObject("Object Repository/Specific Cases Repository/LS/Home/Census/Census Sorting/Page_Home/th_Admission")): Object: 'Object Repository/Specific Cases Repository/LS/Home/Census/Census Sorting/Page_Home/th_Admission' is clicked on

09-01-2025T16:24:16 - [MESSAGE][PASSED] - Object: 'Object Repository/Specific Cases Repository/LS/Home/Census/Census Sorting/Page_Home/th_Admission' is clicked on

09-01-2025T16:24:16 - [TEST_STEP][PASSED] - click(findTestObject("Object Repository/Specific Cases Repository/LS/Home/Census/Census Sorting/Page_Home/th_Admission")): Object: 'Object Repository/Specific Cases Repository/LS/Home/Census/Census Sorting/Page_Home/th_Admission' is clicked on

09-01-2025T16:24:17 - [MESSAGE][PASSED] - Object: 'Object Repository/Specific Cases Repository/LS/Home/Census/Census Sorting/Page_Home/th_Admission' is clicked on

09-01-2025T16:24:17 - [TEST_STEP][PASSED] - click(findTestObject("Object Repository/Specific Cases Repository/LS/Home/Census/Census Sorting/Page_Home/th_Admission")): Object: 'Object Repository/Specific Cases Repository/LS/Home/Census/Census Sorting/Page_Home/th_Admission' is clicked on

09-01-2025T16:24:19 - [MESSAGE][PASSED] - Object: 'Object Repository/Specific Cases Repository/LS/Home/Census/Census Sorting/Page_Home/th_Admission' is clicked on

09-01-2025T16:24:19 - [TEST_STEP][PASSED] - click(findTestObject("Object Repository/Specific Cases Repository/LS/Home/Census/Census Sorting/Page_Home/th_Program Admission")): Object: 'Object Repository/Specific Cases Repository/LS/Home/Census/Census Sorting/Page_Home/th_Program Admission' is clicked on

09-01-2025T16:24:21 - [MESSAGE][PASSED] - Object: 'Object Repository/Specific Cases Repository/LS/Home/Census/Census Sorting/Page_Home/th_Program Admission' is clicked on

09-01-2025T16:24:21 - [TEST_STEP][PASSED] - click(findTestObject("Object Repository/Specific Cases Repository/LS/Home/Census/Census Sorting/Page_Home/th_Program Admission")): Object: 'Object Repository/Specific Cases Repository/LS/Home/Census/Census Sorting/Page_Home/th_Program Admission' is clicked on

09-01-2025T16:24:23 - [MESSAGE][PASSED] - Object: 'Object Repository/Specific Cases Repository/LS/Home/Census/Census Sorting/Page_Home/th_Program Admission' is clicked on

09-01-2025T16:24:23 - [TEST_STEP][PASSED] - click(findTestObject("Object Repository/Specific Cases Repository/LS/Home/Census/Census Sorting/Page_Home/th_Program Admission")): Object: 'Object Repository/Specific Cases Repository/LS/Home/Census/Census Sorting/Page_Home/th_Program Admission' is clicked on

09-01-2025T16:24:24 - [MESSAGE][PASSED] - Object: 'Object Repository/Specific Cases Repository/LS/Home/Census/Census Sorting/Page_Home/th_Program Admission' is clicked on

09-01-2025T16:24:24 - [TEST_STEP][PASSED] - click(findTestObject("Object Repository/Specific Cases Repository/LS/Home/Census/Census Sorting/Page_Home/th_Program")): Object: 'Object Repository/Specific Cases Repository/LS/Home/Census/Census Sorting/Page_Home/th_Program' is clicked on

09-01-2025T16:24:26 - [MESSAGE][PASSED] - Object: 'Object Repository/Specific Cases Repository/LS/Home/Census/Census Sorting/Page_Home/th_Program' is clicked on

09-01-2025T16:24:26 - [TEST_STEP][PASSED] - click(findTestObject("Object Repository/Specific Cases Repository/LS/Home/Census/Census Sorting/Page_Home/th_Program")): Object: 'Object Repository/Specific Cases Repository/LS/Home/Census/Census Sorting/Page_Home/th_Program' is clicked on

09-01-2025T16:24:28 - [MESSAGE][PASSED] - Object: 'Object Repository/Specific Cases Repository/LS/Home/Census/Census Sorting/Page_Home/th_Program' is clicked on

09-01-2025T16:24:28 - [TEST_STEP][PASSED] - click(findTestObject("Object Repository/Specific Cases Repository/LS/Home/Census/Census Sorting/Page_Home/th_Program")): Object: 'Object Repository/Specific Cases Repository/LS/Home/Census/Census Sorting/Page_Home/th_Program' is clicked on

09-01-2025T16:24:30 - [MESSAGE][PASSED] - Object: 'Object Repository/Specific Cases Repository/LS/Home/Census/Census Sorting/Page_Home/th_Program' is clicked on

09-01-2025T16:24:30 - [TEST_STEP][PASSED] - click(findTestObject("Object Repository/Specific Cases Repository/LS/Home/Census/Census Sorting/Page_Home/th_Location")): Object: 'Object Repository/Specific Cases Repository/LS/Home/Census/Census Sorting/Page_Home/th_Location' is clicked on

09-01-2025T16:24:32 - [MESSAGE][PASSED] - Object: 'Object Repository/Specific Cases Repository/LS/Home/Census/Census Sorting/Page_Home/th_Location' is clicked on

09-01-2025T16:24:32 - [TEST_STEP][PASSED] - click(findTestObject("Object Repository/Specific Cases Repository/LS/Home/Census/Census Sorting/Page_Home/th_Location")): Object: 'Object Repository/Specific Cases Repository/LS/Home/Census/Census Sorting/Page_Home/th_Location' is clicked on

09-01-2025T16:24:34 - [MESSAGE][PASSED] - Object: 'Object Repository/Specific Cases Repository/LS/Home/Census/Census Sorting/Page_Home/th_Location' is clicked on

09-01-2025T16:24:34 - [TEST_STEP][PASSED] - click(findTestObject("Object Repository/Specific Cases Repository/LS/Home/Census/Census Sorting/Page_Home/th_Location")): Object: 'Object Repository/Specific Cases Repository/LS/Home/Census/Census Sorting/Page_Home/th_Location' is clicked on

09-01-2025T16:24:36 - [MESSAGE][PASSED] - Object: 'Object Repository/Specific Cases Repository/LS/Home/Census/Census Sorting/Page_Home/th_Location' is clicked on

09-01-2025T16:24:36 - [TEST_STEP][PASSED] - click(findTestObject("Object Repository/Specific Cases Repository/LS/Home/Census/Census Sorting/Page_Home/th_Primary Counselor")): Object: 'Object Repository/Specific Cases Repository/LS/Home/Census/Census Sorting/Page_Home/th_Primary Counselor' is clicked on

09-01-2025T16:24:37 - [MESSAGE][PASSED] - Object: 'Object Repository/Specific Cases Repository/LS/Home/Census/Census Sorting/Page_Home/th_Primary Counselor' is clicked on

09-01-2025T16:24:37 - [TEST_STEP][PASSED] - click(findTestObject("Object Repository/Specific Cases Repository/LS/Home/Census/Census Sorting/Page_Home/th_Primary Counselor")): Object: 'Object Repository/Specific Cases Repository/LS/Home/Census/Census Sorting/Page_Home/th_Primary Counselor' is clicked on

09-01-2025T16:24:39 - [MESSAGE][PASSED] - Object: 'Object Repository/Specific Cases Repository/LS/Home/Census/Census Sorting/Page_Home/th_Primary Counselor' is clicked on

09-01-2025T16:24:39 - [TEST_STEP][PASSED] - click(findTestObject("Object Repository/Specific Cases Repository/LS/Home/Census/Census Sorting/Page_Home/th_Primary Counselor")): Object: 'Object Repository/Specific Cases Repository/LS/Home/Census/Census Sorting/Page_Home/th_Primary Counselor' is clicked on

09-01-2025T16:24:41 - [MESSAGE][PASSED] - Object: 'Object Repository/Specific Cases Repository/LS/Home/Census/Census Sorting/Page_Home/th_Primary Counselor' is clicked on

09-01-2025T16:24:41 - [TEST_STEP][PASSED] - click(findTestObject("Object Repository/Specific Cases Repository/LS/Home/Census/Census Sorting/Page_Home/th_Unit - Room - Bed")): Object: 'Object Repository/Specific Cases Repository/LS/Home/Census/Census Sorting/Page_Home/th_Unit - Room - Bed' is clicked on

09-01-2025T16:24:42 - [MESSAGE][PASSED] - Object: 'Object Repository/Specific Cases Repository/LS/Home/Census/Census Sorting/Page_Home/th_Unit - Room - Bed' is clicked on

09-01-2025T16:24:42 - [TEST_STEP][PASSED] - click(findTestObject("Object Repository/Specific Cases Repository/LS/Home/Census/Census Sorting/Page_Home/th_Unit - Room - Bed")): Object: 'Object Repository/Specific Cases Repository/LS/Home/Census/Census Sorting/Page_Home/th_Unit - Room - Bed' is clicked on

09-01-2025T16:24:44 - [MESSAGE][PASSED] - Object: 'Object Repository/Specific Cases Repository/LS/Home/Census/Census Sorting/Page_Home/th_Unit - Room - Bed' is clicked on

09-01-2025T16:24:44 - [TEST_STEP][PASSED] - click(findTestObject("Object Repository/Specific Cases Repository/LS/Home/Census/Census Sorting/Page_Home/th_Unit - Room - Bed")): Object: 'Object Repository/Specific Cases Repository/LS/Home/Census/Census Sorting/Page_Home/th_Unit - Room - Bed' is clicked on

09-01-2025T16:24:46 - [MESSAGE][PASSED] - Object: 'Object Repository/Specific Cases Repository/LS/Home/Census/Census Sorting/Page_Home/th_Unit - Room - Bed' is clicked on

09-01-2025T16:24:46 - [TEST_STEP][PASSED] - click(findTestObject("Object Repository/Specific Cases Repository/LS/Home/Census/Census Sorting/Page_Home/th_Authorized To")): Object: 'Object Repository/Specific Cases Repository/LS/Home/Census/Census Sorting/Page_Home/th_Authorized To' is clicked on

09-01-2025T16:24:47 - [MESSAGE][PASSED] - Object: 'Object Repository/Specific Cases Repository/LS/Home/Census/Census Sorting/Page_Home/th_Authorized To' is clicked on

09-01-2025T16:24:47 - [TEST_STEP][PASSED] - click(findTestObject("Object Repository/Specific Cases Repository/LS/Home/Census/Census Sorting/Page_Home/th_Authorized To")): Object: 'Object Repository/Specific Cases Repository/LS/Home/Census/Census Sorting/Page_Home/th_Authorized To' is clicked on

09-01-2025T16:24:49 - [MESSAGE][PASSED] - Object: 'Object Repository/Specific Cases Repository/LS/Home/Census/Census Sorting/Page_Home/th_Authorized To' is clicked on

09-01-2025T16:24:49 - [TEST_STEP][PASSED] - click(findTestObject("Object Repository/Specific Cases Repository/LS/Home/Census/Census Sorting/Page_Home/th_Authorized To")): Object: 'Object Repository/Specific Cases Repository/LS/Home/Census/Census Sorting/Page_Home/th_Authorized To' is clicked on

09-01-2025T16:24:50 - [MESSAGE][PASSED] - Object: 'Object Repository/Specific Cases Repository/LS/Home/Census/Census Sorting/Page_Home/th_Authorized To' is clicked on

09-01-2025T16:24:50 - [TEST_STEP][PASSED] - click(findTestObject("Object Repository/Specific Cases Repository/LS/Home/Census/Census Sorting/Page_Home/th_Referral Source")): Object: 'Object Repository/Specific Cases Repository/LS/Home/Census/Census Sorting/Page_Home/th_Referral Source' is clicked on

09-01-2025T16:24:52 - [MESSAGE][PASSED] - Object: 'Object Repository/Specific Cases Repository/LS/Home/Census/Census Sorting/Page_Home/th_Referral Source' is clicked on

09-01-2025T16:24:52 - [TEST_STEP][PASSED] - click(findTestObject("Object Repository/Specific Cases Repository/LS/Home/Census/Census Sorting/Page_Home/th_Referral Source")): Object: 'Object Repository/Specific Cases Repository/LS/Home/Census/Census Sorting/Page_Home/th_Referral Source' is clicked on

09-01-2025T16:24:54 - [MESSAGE][PASSED] - Object: 'Object Repository/Specific Cases Repository/LS/Home/Census/Census Sorting/Page_Home/th_Referral Source' is clicked on

09-01-2025T16:24:54 - [TEST_STEP][PASSED] - click(findTestObject("Object Repository/Specific Cases Repository/LS/Home/Census/Census Sorting/Page_Home/th_Referral Source")): Object: 'Object Repository/Specific Cases Repository/LS/Home/Census/Census Sorting/Page_Home/th_Referral Source' is clicked on

09-01-2025T16:24:55 - [MESSAGE][PASSED] - Object: 'Object Repository/Specific Cases Repository/LS/Home/Census/Census Sorting/Page_Home/th_Referral Source' is clicked on

09-01-2025T16:24:55 - [TEST_STEP][PASSED] - click(findTestObject("Object Repository/Specific Cases Repository/LS/Home/Census/Census Sorting/Page_Home/th_Proj Discharge")): Object: 'Object Repository/Specific Cases Repository/LS/Home/Census/Census Sorting/Page_Home/th_Proj Discharge' is clicked on

09-01-2025T16:24:57 - [MESSAGE][PASSED] - Object: 'Object Repository/Specific Cases Repository/LS/Home/Census/Census Sorting/Page_Home/th_Proj Discharge' is clicked on

09-01-2025T16:24:57 - [TEST_STEP][PASSED] - click(findTestObject("Object Repository/Specific Cases Repository/LS/Home/Census/Census Sorting/Page_Home/th_Proj Discharge")): Object: 'Object Repository/Specific Cases Repository/LS/Home/Census/Census Sorting/Page_Home/th_Proj Discharge' is clicked on

09-01-2025T16:24:58 - [MESSAGE][PASSED] - Object: 'Object Repository/Specific Cases Repository/LS/Home/Census/Census Sorting/Page_Home/th_Proj Discharge' is clicked on

09-01-2025T16:24:58 - [TEST_STEP][PASSED] - click(findTestObject("Object Repository/Specific Cases Repository/LS/Home/Census/Census Sorting/Page_Home/th_Proj Discharge")): Object: 'Object Repository/Specific Cases Repository/LS/Home/Census/Census Sorting/Page_Home/th_Proj Discharge' is clicked on

09-01-2025T16:25:00 - [MESSAGE][PASSED] - Object: 'Object Repository/Specific Cases Repository/LS/Home/Census/Census Sorting/Page_Home/th_Proj Discharge' is clicked on

09-01-2025T16:25:00 - [TEST_STEP][PASSED] - click(findTestObject("Object Repository/Specific Cases Repository/LS/Home/Census/Census Sorting/Page_Home/th_Payor")): Object: 'Object Repository/Specific Cases Repository/LS/Home/Census/Census Sorting/Page_Home/th_Payor' is clicked on

09-01-2025T16:25:01 - [MESSAGE][PASSED] - Object: 'Object Repository/Specific Cases Repository/LS/Home/Census/Census Sorting/Page_Home/th_Payor' is clicked on

09-01-2025T16:25:01 - [TEST_STEP][PASSED] - click(findTestObject("Object Repository/Specific Cases Repository/LS/Home/Census/Census Sorting/Page_Home/th_Payor")): Object: 'Object Repository/Specific Cases Repository/LS/Home/Census/Census Sorting/Page_Home/th_Payor' is clicked on

09-01-2025T16:25:03 - [MESSAGE][PASSED] - Object: 'Object Repository/Specific Cases Repository/LS/Home/Census/Census Sorting/Page_Home/th_Payor' is clicked on

09-01-2025T16:25:03 - [TEST_STEP][PASSED] - click(findTestObject("Object Repository/Specific Cases Repository/LS/Home/Census/Census Sorting/Page_Home/th_Payor")): Object: 'Object Repository/Specific Cases Repository/LS/Home/Census/Census Sorting/Page_Home/th_Payor' is clicked on

09-01-2025T16:25:05 - [MESSAGE][PASSED] - Object: 'Object Repository/Specific Cases Repository/LS/Home/Census/Census Sorting/Page_Home/th_Payor' is clicked on

09-01-2025T16:25:05 - [TEST_STEP][PASSED] - closeBrowser(): Browser is closed

09-01-2025T16:25:05 - [MESSAGE][PASSED] - Browser is closed]]></system-out>
         <system-err><![CDATA[]]></system-err>
      </testcase>
      <testcase name="Test Cases/Specific Cases/LS/General/Census/Census/Census_Searching_and_Toggle_Columns" time="60.226" classname="Test Cases/Specific Cases/LS/General/Census/Census/Census_Searching_and_Toggle_Columns" status="FAILED">
         <failure type="FAILED" message="Test Cases/Specific Cases/LS/General/Census/Census/Census_Searching_and_Toggle_Columns FAILED.&#xa;Reason:&#xa;com.kms.katalon.core.exception.StepFailedException: Verify element text of test object 'Object Repository/Specific Cases Repository/LS/Home/Census/Census_Searchin_and_Toggle_Columns/Page_Home/a_B Automation, B Client' FAILED.&#xa;	at com.kms.katalon.core.webui.keyword.internal.WebUIKeywordMain.stepFailed(WebUIKeywordMain.groovy:117)&#xa;	at com.kms.katalon.core.webui.keyword.internal.WebUIKeywordMain.runKeyword(WebUIKeywordMain.groovy:43)&#xa;	at com.kms.katalon.core.webui.keyword.builtin.VerifyElementTextKeyword.verifyElementText(VerifyElementTextKeyword.groovy:72)&#xa;	at com.kms.katalon.core.webui.keyword.builtin.VerifyElementTextKeyword.execute(VerifyElementTextKeyword.groovy:40)&#xa;	at com.kms.katalon.core.keyword.internal.KeywordExecutor.executeKeywordForPlatform(KeywordExecutor.groovy:74)&#xa;	at com.kms.katalon.core.webui.keyword.WebUiBuiltInKeywords.verifyElementText(WebUiBuiltInKeywords.groovy:4835)&#xa;	at Census_Searching_and_Toggle_Columns.run(Census_Searching_and_Toggle_Columns:47)&#xa;	at com.kms.katalon.core.main.ScriptEngine.run(ScriptEngine.java:194)&#xa;	at com.kms.katalon.core.main.ScriptEngine.runScriptAsRawText(ScriptEngine.java:119)&#xa;	at com.kms.katalon.core.main.TestCaseExecutor.runScript(TestCaseExecutor.java:448)&#xa;	at com.kms.katalon.core.main.TestCaseExecutor.doExecute(TestCaseExecutor.java:439)&#xa;	at com.kms.katalon.core.main.TestCaseExecutor.processExecutionPhase(TestCaseExecutor.java:418)&#xa;	at com.kms.katalon.core.main.TestCaseExecutor.accessMainPhase(TestCaseExecutor.java:410)&#xa;	at com.kms.katalon.core.main.TestCaseExecutor.execute(TestCaseExecutor.java:285)&#xa;	at com.kms.katalon.core.common.CommonExecutor.accessTestCaseMainPhase(CommonExecutor.java:65)&#xa;	at com.kms.katalon.core.main.TestSuiteExecutor.accessTestSuiteMainPhase(TestSuiteExecutor.java:150)&#xa;	at com.kms.katalon.core.main.TestSuiteExecutor.execute(TestSuiteExecutor.java:106)&#xa;	at com.kms.katalon.core.main.TestCaseMain.startTestSuite(TestCaseMain.java:180)&#xa;	at TempTestSuite1736457677469.run(TempTestSuite1736457677469.groovy:35)&#xa;	at java.base/jdk.internal.reflect.NativeMethodAccessorImpl.invoke0(Native Method)&#xa;	at java.base/jdk.internal.reflect.NativeMethodAccessorImpl.invoke(NativeMethodAccessorImpl.java:77)&#xa;	at java.base/jdk.internal.reflect.DelegatingMethodAccessorImpl.invoke(DelegatingMethodAccessorImpl.java:43)&#xa;Caused by: com.kms.katalon.core.exception.StepFailedException: com.kms.katalon.core.webui.exception.WebElementNotFoundException: Web element with id: 'Object Repository/Specific Cases Repository/LS/Home/Census/Census_Searchin_and_Toggle_Columns/Page_Home/a_B Automation, B Client' located by '//a[normalize-space()='B Automation, B Client']' not found&#xa;	at com.kms.katalon.core.webui.keyword.internal.WebUIKeywordMain.stepFailed(WebUIKeywordMain.groovy:117)&#xa;	at com.kms.katalon.core.webui.keyword.builtin.VerifyElementTextKeyword$_verifyElementText_closure1.doCall(VerifyElementTextKeyword.groovy:64)&#xa;	at com.kms.katalon.core.webui.keyword.builtin.VerifyElementTextKeyword$_verifyElementText_closure1.call(VerifyElementTextKeyword.groovy)&#xa;	at com.kms.katalon.core.webui.keyword.internal.WebUIKeywordMain.runKeyword(WebUIKeywordMain.groovy:35)&#xa;	... 20 more&#xa;"/>
         <system-out><![CDATA[09-01-2025T16:25:05 - [TEST_CASE][FAILED] - Test Cases/Specific Cases/LS/General/Census/Census/Census_Searching_and_Toggle_Columns: Test Cases/Specific Cases/LS/General/Census/Census/Census_Searching_and_Toggle_Columns FAILED.
Reason:
com.kms.katalon.core.exception.StepFailedException: Verify element text of test object 'Object Repository/Specific Cases Repository/LS/Home/Census/Census_Searchin_and_Toggle_Columns/Page_Home/a_B Automation, B Client' FAILED.
	at com.kms.katalon.core.webui.keyword.internal.WebUIKeywordMain.stepFailed(WebUIKeywordMain.groovy:117)
	at com.kms.katalon.core.webui.keyword.internal.WebUIKeywordMain.runKeyword(WebUIKeywordMain.groovy:43)
	at com.kms.katalon.core.webui.keyword.builtin.VerifyElementTextKeyword.verifyElementText(VerifyElementTextKeyword.groovy:72)
	at com.kms.katalon.core.webui.keyword.builtin.VerifyElementTextKeyword.execute(VerifyElementTextKeyword.groovy:40)
	at com.kms.katalon.core.keyword.internal.KeywordExecutor.executeKeywordForPlatform(KeywordExecutor.groovy:74)
	at com.kms.katalon.core.webui.keyword.WebUiBuiltInKeywords.verifyElementText(WebUiBuiltInKeywords.groovy:4835)
	at Census_Searching_and_Toggle_Columns.run(Census_Searching_and_Toggle_Columns:47)
	at com.kms.katalon.core.main.ScriptEngine.run(ScriptEngine.java:194)
	at com.kms.katalon.core.main.ScriptEngine.runScriptAsRawText(ScriptEngine.java:119)
	at com.kms.katalon.core.main.TestCaseExecutor.runScript(TestCaseExecutor.java:448)
	at com.kms.katalon.core.main.TestCaseExecutor.doExecute(TestCaseExecutor.java:439)
	at com.kms.katalon.core.main.TestCaseExecutor.processExecutionPhase(TestCaseExecutor.java:418)
	at com.kms.katalon.core.main.TestCaseExecutor.accessMainPhase(TestCaseExecutor.java:410)
	at com.kms.katalon.core.main.TestCaseExecutor.execute(TestCaseExecutor.java:285)
	at com.kms.katalon.core.common.CommonExecutor.accessTestCaseMainPhase(CommonExecutor.java:65)
	at com.kms.katalon.core.main.TestSuiteExecutor.accessTestSuiteMainPhase(TestSuiteExecutor.java:150)
	at com.kms.katalon.core.main.TestSuiteExecutor.execute(TestSuiteExecutor.java:106)
	at com.kms.katalon.core.main.TestCaseMain.startTestSuite(TestCaseMain.java:180)
	at TempTestSuite1736457677469.run(TempTestSuite1736457677469.groovy:35)
	at java.base/jdk.internal.reflect.NativeMethodAccessorImpl.invoke0(Native Method)
	at java.base/jdk.internal.reflect.NativeMethodAccessorImpl.invoke(NativeMethodAccessorImpl.java:77)
	at java.base/jdk.internal.reflect.DelegatingMethodAccessorImpl.invoke(DelegatingMethodAccessorImpl.java:43)
Caused by: com.kms.katalon.core.exception.StepFailedException: com.kms.katalon.core.webui.exception.WebElementNotFoundException: Web element with id: 'Object Repository/Specific Cases Repository/LS/Home/Census/Census_Searchin_and_Toggle_Columns/Page_Home/a_B Automation, B Client' located by '//a[normalize-space()='B Automation, B Client']' not found
	at com.kms.katalon.core.webui.keyword.internal.WebUIKeywordMain.stepFailed(WebUIKeywordMain.groovy:117)
	at com.kms.katalon.core.webui.keyword.builtin.VerifyElementTextKeyword$_verifyElementText_closure1.doCall(VerifyElementTextKeyword.groovy:64)
	at com.kms.katalon.core.webui.keyword.builtin.VerifyElementTextKeyword$_verifyElementText_closure1.call(VerifyElementTextKeyword.groovy)
	at com.kms.katalon.core.webui.keyword.internal.WebUIKeywordMain.runKeyword(WebUIKeywordMain.groovy:35)
	... 20 more


09-01-2025T16:25:06 - [TEST_STEP][PASSED] - callTestCase(findTestCase("Common Cases/Login"), [:], STOP_ON_FAILURE): Call Test Case 'Test Cases/Common Cases/Login' successfully

09-01-2025T16:25:06 - [TEST_CASE][PASSED] - Test Cases/Common Cases/Login: Test Cases/Common Cases/Login

09-01-2025T16:25:06 - [TEST_STEP][PASSED] - openBrowser(""): Browser is opened with url: ''

09-01-2025T16:25:06 - [MESSAGE][INFO] - Starting 'Chrome' driver

09-01-2025T16:25:06 - [MESSAGE][INFO] - Action delay is set to 0 milliseconds

09-01-2025T16:25:07 - [MESSAGE][PASSED] - Browser is opened with url: ''

09-01-2025T16:25:07 - [TEST_STEP][PASSED] - maximizeWindow(): Current window maximized

09-01-2025T16:25:07 - [MESSAGE][PASSED] - Current window maximized

09-01-2025T16:25:07 - [TEST_STEP][PASSED] - navigateToUrl("https://site17.lsapp.cloud/auth/login"): Navigate to 'https://site17.lsapp.cloud/auth/login' successfully

09-01-2025T16:25:11 - [MESSAGE][PASSED] - Navigate to 'https://site17.lsapp.cloud/auth/login' successfully

09-01-2025T16:25:11 - [TEST_STEP][PASSED] - setText(findTestObject("Object Repository/Common Cases Repository/Login/Page_Lightning Step/input_Email_email"), "automation@lightningstep.com"): Text 'automation@lightningstep.com' is set on object 'Object Repository/Common Cases Repository/Login/Page_Lightning Step/input_Email_email'

09-01-2025T16:25:12 - [MESSAGE][PASSED] - Text 'automation@lightningstep.com' is set on object 'Object Repository/Common Cases Repository/Login/Page_Lightning Step/input_Email_email'

09-01-2025T16:25:12 - [TEST_STEP][PASSED] - setEncryptedText(findTestObject("Object Repository/Common Cases Repository/Login/Page_Lightning Step/input_Password_password"), "e5N8VHmnhJDITtQaQhDQDw=="): Text ****** has been set on object 'Object Repository/Common Cases Repository/Login/Page_Lightning Step/input_Password_password'

09-01-2025T16:25:12 - [MESSAGE][PASSED] - Text ****** has been set on object 'Object Repository/Common Cases Repository/Login/Page_Lightning Step/input_Password_password'

09-01-2025T16:25:12 - [TEST_STEP][PASSED] - click(findTestObject("Object Repository/Common Cases Repository/Login/Page_Lightning Step/button_Sign in")): Object: 'Object Repository/Common Cases Repository/Login/Page_Lightning Step/button_Sign in' is clicked on

09-01-2025T16:25:19 - [MESSAGE][PASSED] - Object: 'Object Repository/Common Cases Repository/Login/Page_Lightning Step/button_Sign in' is clicked on

09-01-2025T16:25:19 - [MESSAGE][PASSED] - Call Test Case 'Test Cases/Common Cases/Login' successfully

09-01-2025T16:25:19 - [TEST_STEP][PASSED] - click(findTestObject("Object Repository/Specific Cases Repository/LS/Home/Census/Census_Filters/Page_Home/Page_Home/a_Census")): Object: 'Object Repository/Specific Cases Repository/LS/Home/Census/Census_Filters/Page_Home/Page_Home/a_Census' is clicked on

09-01-2025T16:25:21 - [MESSAGE][PASSED] - Object: 'Object Repository/Specific Cases Repository/LS/Home/Census/Census_Filters/Page_Home/Page_Home/a_Census' is clicked on

09-01-2025T16:25:21 - [TEST_STEP][PASSED] - click(findTestObject("Object Repository/Specific Cases Repository/LS/Home/Census/Census_Filters/Page_Home/Program_Filter/Page_Home/ul_All")): Object: 'Object Repository/Specific Cases Repository/LS/Home/Census/Census_Filters/Page_Home/Program_Filter/Page_Home/ul_All' is clicked on

09-01-2025T16:25:22 - [MESSAGE][PASSED] - Object: 'Object Repository/Specific Cases Repository/LS/Home/Census/Census_Filters/Page_Home/Program_Filter/Page_Home/ul_All' is clicked on

09-01-2025T16:25:22 - [TEST_STEP][PASSED] - setText(findTestObject("Object Repository/Specific Cases Repository/LS/Home/Census/Census_Filters/Page_Home/Program_Filter/Page_Home/input__select2-search__field"), "all"): Text 'all' is set on object 'Object Repository/Specific Cases Repository/LS/Home/Census/Census_Filters/Page_Home/Program_Filter/Page_Home/input__select2-search__field'

09-01-2025T16:25:23 - [MESSAGE][PASSED] - Text 'all' is set on object 'Object Repository/Specific Cases Repository/LS/Home/Census/Census_Filters/Page_Home/Program_Filter/Page_Home/input__select2-search__field'

09-01-2025T16:25:23 - [TEST_STEP][PASSED] - sendKeys(findTestObject("Object Repository/Specific Cases Repository/LS/Home/Census/Census_Filters/Page_Home/Program_Filter/Page_Home/input__select2-search__field"), Keys.chord(ENTER)): Keys 'ENTER + ' sent to object: 'Object Repository/Specific Cases Repository/LS/Home/Census/Census_Filters/Page_Home/Program_Filter/Page_Home/input__select2-search__field'

09-01-2025T16:25:24 - [MESSAGE][PASSED] - Keys 'ENTER + ' sent to object: 'Object Repository/Specific Cases Repository/LS/Home/Census/Census_Filters/Page_Home/Program_Filter/Page_Home/input__select2-search__field'

09-01-2025T16:25:24 - [TEST_STEP][PASSED] - click(findTestObject("Object Repository/Specific Cases Repository/LS/Home/Census/Census_Filters/Page_Home/Page_Home/ul_All")): Object: 'Object Repository/Specific Cases Repository/LS/Home/Census/Census_Filters/Page_Home/Page_Home/ul_All' is clicked on

09-01-2025T16:25:25 - [MESSAGE][PASSED] - Object: 'Object Repository/Specific Cases Repository/LS/Home/Census/Census_Filters/Page_Home/Page_Home/ul_All' is clicked on

09-01-2025T16:25:25 - [TEST_STEP][PASSED] - setText(findTestObject("Object Repository/Specific Cases Repository/LS/Home/Census/Census_Filters/Page_Home/Page_Home/Location Filter"), "all"): Text 'all' is set on object 'Object Repository/Specific Cases Repository/LS/Home/Census/Census_Filters/Page_Home/Page_Home/Location Filter'

09-01-2025T16:25:26 - [MESSAGE][PASSED] - Text 'all' is set on object 'Object Repository/Specific Cases Repository/LS/Home/Census/Census_Filters/Page_Home/Page_Home/Location Filter'

09-01-2025T16:25:26 - [TEST_STEP][PASSED] - sendKeys(findTestObject("Object Repository/Specific Cases Repository/LS/Home/Census/Census_Filters/Page_Home/Page_Home/Location Filter"), Keys.chord(ENTER)): Keys 'ENTER + ' sent to object: 'Object Repository/Specific Cases Repository/LS/Home/Census/Census_Filters/Page_Home/Page_Home/Location Filter'

09-01-2025T16:25:26 - [MESSAGE][PASSED] - Keys 'ENTER + ' sent to object: 'Object Repository/Specific Cases Repository/LS/Home/Census/Census_Filters/Page_Home/Page_Home/Location Filter'

09-01-2025T16:25:26 - [TEST_STEP][PASSED] - click(findTestObject("Object Repository/Specific Cases Repository/LS/Home/Census/Census_Searchin_and_Toggle_Columns/Page_Home/a_Census")): Object: 'Object Repository/Specific Cases Repository/LS/Home/Census/Census_Searchin_and_Toggle_Columns/Page_Home/a_Census' is clicked on

09-01-2025T16:25:26 - [MESSAGE][PASSED] - Object: 'Object Repository/Specific Cases Repository/LS/Home/Census/Census_Searchin_and_Toggle_Columns/Page_Home/a_Census' is clicked on

09-01-2025T16:25:26 - [TEST_STEP][PASSED] - click(findTestObject("Object Repository/Specific Cases Repository/LS/Home/Census/Census_Searchin_and_Toggle_Columns/Page_Home/label_Search")): Object: 'Object Repository/Specific Cases Repository/LS/Home/Census/Census_Searchin_and_Toggle_Columns/Page_Home/label_Search' is clicked on

09-01-2025T16:25:28 - [MESSAGE][PASSED] - Object: 'Object Repository/Specific Cases Repository/LS/Home/Census/Census_Searchin_and_Toggle_Columns/Page_Home/label_Search' is clicked on

09-01-2025T16:25:28 - [TEST_STEP][PASSED] - setText(findTestObject("Object Repository/Specific Cases Repository/LS/Home/Census/Census_Searchin_and_Toggle_Columns/Page_Home/input_Search_form-control input-sm"), "b a"): Text 'b a' is set on object 'Object Repository/Specific Cases Repository/LS/Home/Census/Census_Searchin_and_Toggle_Columns/Page_Home/input_Search_form-control input-sm'

09-01-2025T16:25:29 - [MESSAGE][PASSED] - Text 'b a' is set on object 'Object Repository/Specific Cases Repository/LS/Home/Census/Census_Searchin_and_Toggle_Columns/Page_Home/input_Search_form-control input-sm'

09-01-2025T16:25:29 - [TEST_STEP][FAILED] - verifyElementText(findTestObject("Object Repository/Specific Cases Repository/LS/Home/Census/Census_Searchin_and_Toggle_Columns/Page_Home/a_B Automation, B Client"), "B Automation, B Client"): Verify element text of test object 'Object Repository/Specific Cases Repository/LS/Home/Census/Census_Searchin_and_Toggle_Columns/Page_Home/a_B Automation, B Client' FAILED. (Root cause: com.kms.katalon.core.exception.StepFailedException: Verify element text of test object 'Object Repository/Specific Cases Repository/LS/Home/Census/Census_Searchin_and_Toggle_Columns/Page_Home/a_B Automation, B Client' FAILED.
	at com.kms.katalon.core.webui.keyword.internal.WebUIKeywordMain.stepFailed(WebUIKeywordMain.groovy:117)
	at com.kms.katalon.core.webui.keyword.internal.WebUIKeywordMain.runKeyword(WebUIKeywordMain.groovy:43)
	at com.kms.katalon.core.webui.keyword.builtin.VerifyElementTextKeyword.verifyElementText(VerifyElementTextKeyword.groovy:72)
	at com.kms.katalon.core.webui.keyword.builtin.VerifyElementTextKeyword.execute(VerifyElementTextKeyword.groovy:40)
	at com.kms.katalon.core.keyword.internal.KeywordExecutor.executeKeywordForPlatform(KeywordExecutor.groovy:74)
	at com.kms.katalon.core.webui.keyword.WebUiBuiltInKeywords.verifyElementText(WebUiBuiltInKeywords.groovy:4835)
	at Census_Searching_and_Toggle_Columns.run(Census_Searching_and_Toggle_Columns:47)
	at com.kms.katalon.core.main.ScriptEngine.run(ScriptEngine.java:194)
	at com.kms.katalon.core.main.ScriptEngine.runScriptAsRawText(ScriptEngine.java:119)
	at com.kms.katalon.core.main.TestCaseExecutor.runScript(TestCaseExecutor.java:448)
	at com.kms.katalon.core.main.TestCaseExecutor.doExecute(TestCaseExecutor.java:439)
	at com.kms.katalon.core.main.TestCaseExecutor.processExecutionPhase(TestCaseExecutor.java:418)
	at com.kms.katalon.core.main.TestCaseExecutor.accessMainPhase(TestCaseExecutor.java:410)
	at com.kms.katalon.core.main.TestCaseExecutor.execute(TestCaseExecutor.java:285)
	at com.kms.katalon.core.common.CommonExecutor.accessTestCaseMainPhase(CommonExecutor.java:65)
	at com.kms.katalon.core.main.TestSuiteExecutor.accessTestSuiteMainPhase(TestSuiteExecutor.java:150)
	at com.kms.katalon.core.main.TestSuiteExecutor.execute(TestSuiteExecutor.java:106)
	at com.kms.katalon.core.main.TestCaseMain.startTestSuite(TestCaseMain.java:180)
	at TempTestSuite1736457677469.run(TempTestSuite1736457677469.groovy:35)
	at java.base/jdk.internal.reflect.NativeMethodAccessorImpl.invoke0(Native Method)
	at java.base/jdk.internal.reflect.NativeMethodAccessorImpl.invoke(NativeMethodAccessorImpl.java:77)
	at java.base/jdk.internal.reflect.DelegatingMethodAccessorImpl.invoke(DelegatingMethodAccessorImpl.java:43)
Caused by: com.kms.katalon.core.exception.StepFailedException: com.kms.katalon.core.webui.exception.WebElementNotFoundException: Web element with id: 'Object Repository/Specific Cases Repository/LS/Home/Census/Census_Searchin_and_Toggle_Columns/Page_Home/a_B Automation, B Client' located by '//a[normalize-space()='B Automation, B Client']' not found
	at com.kms.katalon.core.webui.keyword.internal.WebUIKeywordMain.stepFailed(WebUIKeywordMain.groovy:117)
	at com.kms.katalon.core.webui.keyword.builtin.VerifyElementTextKeyword$_verifyElementText_closure1.doCall(VerifyElementTextKeyword.groovy:64)
	at com.kms.katalon.core.webui.keyword.builtin.VerifyElementTextKeyword$_verifyElementText_closure1.call(VerifyElementTextKeyword.groovy)
	at com.kms.katalon.core.webui.keyword.internal.WebUIKeywordMain.runKeyword(WebUIKeywordMain.groovy:35)
	... 20 more
)

09-01-2025T16:26:00 - [MESSAGE][INFO] - Unable to find the element located by 'By.xpath: //a[normalize-space()='B Automation, B Client']'. Please recheck the objects properties to make sure the desired element is located. 

09-01-2025T16:26:00 - [MESSAGE][WARNING] - [SELF-HEALING] Failed to find element with id 'Object Repository/Specific Cases Repository/LS/Home/Census/Census_Searchin_and_Toggle_Columns/Page_Home/a_B Automation, B Client'. Try using Self-healing.

09-01-2025T16:26:01 - [MESSAGE][INFO] - [SELF-HEALING] Failed Locator: '//a[normalize-space()='B Automation, B Client']'.

09-01-2025T16:26:01 - [MESSAGE][INFO] - [SELF-HEALING] Failed Locator: '//a[normalize-space()='B Automation, B Client']'.

09-01-2025T16:26:01 - [MESSAGE][INFO] - [SELF-HEALING] Failed Locator: '//a[normalize-space()='B Automation, B Client']'.

09-01-2025T16:26:01 - [MESSAGE][INFO] - [SELF-HEALING] Failed Locator: '//a[normalize-space()='B Automation, B Client']'.

09-01-2025T16:26:04 - [MESSAGE][INFO] - Unable to find the element located by 'By.xpath: //*[@href = '/client/index/1557' and (text() = 'B Automation, B Client ' or . = 'B Automation, B Client ')]'. Please recheck the objects properties to make sure the desired element is located. 

09-01-2025T16:26:05 - [MESSAGE][INFO] - Unable to find the element located by 'By.cssSelector: td > a'. Please recheck the objects properties to make sure the desired element is located. 

09-01-2025T16:26:05 - [MESSAGE][FAILED] - com.kms.katalon.core.webui.exception.WebElementNotFoundException: Web element with id: 'Object Repository/Specific Cases Repository/LS/Home/Census/Census_Searchin_and_Toggle_Columns/Page_Home/a_B Automation, B Client' located by '//a[normalize-space()='B Automation, B Client']' not found (Root cause: com.kms.katalon.core.exception.StepFailedException: com.kms.katalon.core.webui.exception.WebElementNotFoundException: Web element with id: 'Object Repository/Specific Cases Repository/LS/Home/Census/Census_Searchin_and_Toggle_Columns/Page_Home/a_B Automation, B Client' located by '//a[normalize-space()='B Automation, B Client']' not found
	at com.kms.katalon.core.webui.keyword.internal.WebUIKeywordMain.stepFailed(WebUIKeywordMain.groovy:117)
	at com.kms.katalon.core.webui.keyword.builtin.VerifyElementTextKeyword$_verifyElementText_closure1.doCall(VerifyElementTextKeyword.groovy:64)
	at com.kms.katalon.core.webui.keyword.builtin.VerifyElementTextKeyword$_verifyElementText_closure1.call(VerifyElementTextKeyword.groovy)
	at com.kms.katalon.core.webui.keyword.internal.WebUIKeywordMain.runKeyword(WebUIKeywordMain.groovy:35)
	at com.kms.katalon.core.webui.keyword.builtin.VerifyElementTextKeyword.verifyElementText(VerifyElementTextKeyword.groovy:72)
	at com.kms.katalon.core.webui.keyword.builtin.VerifyElementTextKeyword.execute(VerifyElementTextKeyword.groovy:40)
	at com.kms.katalon.core.keyword.internal.KeywordExecutor.executeKeywordForPlatform(KeywordExecutor.groovy:74)
	at com.kms.katalon.core.webui.keyword.WebUiBuiltInKeywords.verifyElementText(WebUiBuiltInKeywords.groovy:4835)
	at Census_Searching_and_Toggle_Columns.run(Census_Searching_and_Toggle_Columns:47)
	at com.kms.katalon.core.main.ScriptEngine.run(ScriptEngine.java:194)
	at com.kms.katalon.core.main.ScriptEngine.runScriptAsRawText(ScriptEngine.java:119)
	at com.kms.katalon.core.main.TestCaseExecutor.runScript(TestCaseExecutor.java:448)
	at com.kms.katalon.core.main.TestCaseExecutor.doExecute(TestCaseExecutor.java:439)
	at com.kms.katalon.core.main.TestCaseExecutor.processExecutionPhase(TestCaseExecutor.java:418)
	at com.kms.katalon.core.main.TestCaseExecutor.accessMainPhase(TestCaseExecutor.java:410)
	at com.kms.katalon.core.main.TestCaseExecutor.execute(TestCaseExecutor.java:285)
	at com.kms.katalon.core.common.CommonExecutor.accessTestCaseMainPhase(CommonExecutor.java:65)
	at com.kms.katalon.core.main.TestSuiteExecutor.accessTestSuiteMainPhase(TestSuiteExecutor.java:150)
	at com.kms.katalon.core.main.TestSuiteExecutor.execute(TestSuiteExecutor.java:106)
	at com.kms.katalon.core.main.TestCaseMain.startTestSuite(TestCaseMain.java:180)
	at TempTestSuite1736457677469.run(TempTestSuite1736457677469.groovy:35)
	at java.base/jdk.internal.reflect.NativeMethodAccessorImpl.invoke0(Native Method)
	at java.base/jdk.internal.reflect.NativeMethodAccessorImpl.invoke(NativeMethodAccessorImpl.java:77)
	at java.base/jdk.internal.reflect.DelegatingMethodAccessorImpl.invoke(DelegatingMethodAccessorImpl.java:43)
)
[[ATTACHMENT|C:\\Users\\Enrique\\git\\AUTOMATION_LS\\Reports\\20250109_162114\\LS\\Home\\General\\Census\\20250109_162117\\1736457965310.png]]

09-01-2025T16:26:06 - [MESSAGE][FAILED] - Verify element text of test object 'Object Repository/Specific Cases Repository/LS/Home/Census/Census_Searchin_and_Toggle_Columns/Page_Home/a_B Automation, B Client' FAILED. (Root cause: com.kms.katalon.core.exception.StepFailedException: Verify element text of test object 'Object Repository/Specific Cases Repository/LS/Home/Census/Census_Searchin_and_Toggle_Columns/Page_Home/a_B Automation, B Client' FAILED.
	at com.kms.katalon.core.webui.keyword.internal.WebUIKeywordMain.stepFailed(WebUIKeywordMain.groovy:117)
	at com.kms.katalon.core.webui.keyword.internal.WebUIKeywordMain.runKeyword(WebUIKeywordMain.groovy:43)
	at com.kms.katalon.core.webui.keyword.builtin.VerifyElementTextKeyword.verifyElementText(VerifyElementTextKeyword.groovy:72)
	at com.kms.katalon.core.webui.keyword.builtin.VerifyElementTextKeyword.execute(VerifyElementTextKeyword.groovy:40)
	at com.kms.katalon.core.keyword.internal.KeywordExecutor.executeKeywordForPlatform(KeywordExecutor.groovy:74)
	at com.kms.katalon.core.webui.keyword.WebUiBuiltInKeywords.verifyElementText(WebUiBuiltInKeywords.groovy:4835)
	at Census_Searching_and_Toggle_Columns.run(Census_Searching_and_Toggle_Columns:47)
	at com.kms.katalon.core.main.ScriptEngine.run(ScriptEngine.java:194)
	at com.kms.katalon.core.main.ScriptEngine.runScriptAsRawText(ScriptEngine.java:119)
	at com.kms.katalon.core.main.TestCaseExecutor.runScript(TestCaseExecutor.java:448)
	at com.kms.katalon.core.main.TestCaseExecutor.doExecute(TestCaseExecutor.java:439)
	at com.kms.katalon.core.main.TestCaseExecutor.processExecutionPhase(TestCaseExecutor.java:418)
	at com.kms.katalon.core.main.TestCaseExecutor.accessMainPhase(TestCaseExecutor.java:410)
	at com.kms.katalon.core.main.TestCaseExecutor.execute(TestCaseExecutor.java:285)
	at com.kms.katalon.core.common.CommonExecutor.accessTestCaseMainPhase(CommonExecutor.java:65)
	at com.kms.katalon.core.main.TestSuiteExecutor.accessTestSuiteMainPhase(TestSuiteExecutor.java:150)
	at com.kms.katalon.core.main.TestSuiteExecutor.execute(TestSuiteExecutor.java:106)
	at com.kms.katalon.core.main.TestCaseMain.startTestSuite(TestCaseMain.java:180)
	at TempTestSuite1736457677469.run(TempTestSuite1736457677469.groovy:35)
	at java.base/jdk.internal.reflect.NativeMethodAccessorImpl.invoke0(Native Method)
	at java.base/jdk.internal.reflect.NativeMethodAccessorImpl.invoke(NativeMethodAccessorImpl.java:77)
	at java.base/jdk.internal.reflect.DelegatingMethodAccessorImpl.invoke(DelegatingMethodAccessorImpl.java:43)
Caused by: com.kms.katalon.core.exception.StepFailedException: com.kms.katalon.core.webui.exception.WebElementNotFoundException: Web element with id: 'Object Repository/Specific Cases Repository/LS/Home/Census/Census_Searchin_and_Toggle_Columns/Page_Home/a_B Automation, B Client' located by '//a[normalize-space()='B Automation, B Client']' not found
	at com.kms.katalon.core.webui.keyword.internal.WebUIKeywordMain.stepFailed(WebUIKeywordMain.groovy:117)
	at com.kms.katalon.core.webui.keyword.builtin.VerifyElementTextKeyword$_verifyElementText_closure1.doCall(VerifyElementTextKeyword.groovy:64)
	at com.kms.katalon.core.webui.keyword.builtin.VerifyElementTextKeyword$_verifyElementText_closure1.call(VerifyElementTextKeyword.groovy)
	at com.kms.katalon.core.webui.keyword.internal.WebUIKeywordMain.runKeyword(WebUIKeywordMain.groovy:35)
	... 20 more
)
[[ATTACHMENT|C:\\Users\\Enrique\\git\\AUTOMATION_LS\\Reports\\20250109_162114\\LS\\Home\\General\\Census\\20250109_162117\\1736457965790.png]]]]></system-out>
         <system-err><![CDATA[09-01-2025T16:25:05 - [TEST_CASE][FAILED] - Test Cases/Specific Cases/LS/General/Census/Census/Census_Searching_and_Toggle_Columns: Test Cases/Specific Cases/LS/General/Census/Census/Census_Searching_and_Toggle_Columns FAILED.
Reason:
com.kms.katalon.core.exception.StepFailedException: Verify element text of test object 'Object Repository/Specific Cases Repository/LS/Home/Census/Census_Searchin_and_Toggle_Columns/Page_Home/a_B Automation, B Client' FAILED.
	at com.kms.katalon.core.webui.keyword.internal.WebUIKeywordMain.stepFailed(WebUIKeywordMain.groovy:117)
	at com.kms.katalon.core.webui.keyword.internal.WebUIKeywordMain.runKeyword(WebUIKeywordMain.groovy:43)
	at com.kms.katalon.core.webui.keyword.builtin.VerifyElementTextKeyword.verifyElementText(VerifyElementTextKeyword.groovy:72)
	at com.kms.katalon.core.webui.keyword.builtin.VerifyElementTextKeyword.execute(VerifyElementTextKeyword.groovy:40)
	at com.kms.katalon.core.keyword.internal.KeywordExecutor.executeKeywordForPlatform(KeywordExecutor.groovy:74)
	at com.kms.katalon.core.webui.keyword.WebUiBuiltInKeywords.verifyElementText(WebUiBuiltInKeywords.groovy:4835)
	at Census_Searching_and_Toggle_Columns.run(Census_Searching_and_Toggle_Columns:47)
	at com.kms.katalon.core.main.ScriptEngine.run(ScriptEngine.java:194)
	at com.kms.katalon.core.main.ScriptEngine.runScriptAsRawText(ScriptEngine.java:119)
	at com.kms.katalon.core.main.TestCaseExecutor.runScript(TestCaseExecutor.java:448)
	at com.kms.katalon.core.main.TestCaseExecutor.doExecute(TestCaseExecutor.java:439)
	at com.kms.katalon.core.main.TestCaseExecutor.processExecutionPhase(TestCaseExecutor.java:418)
	at com.kms.katalon.core.main.TestCaseExecutor.accessMainPhase(TestCaseExecutor.java:410)
	at com.kms.katalon.core.main.TestCaseExecutor.execute(TestCaseExecutor.java:285)
	at com.kms.katalon.core.common.CommonExecutor.accessTestCaseMainPhase(CommonExecutor.java:65)
	at com.kms.katalon.core.main.TestSuiteExecutor.accessTestSuiteMainPhase(TestSuiteExecutor.java:150)
	at com.kms.katalon.core.main.TestSuiteExecutor.execute(TestSuiteExecutor.java:106)
	at com.kms.katalon.core.main.TestCaseMain.startTestSuite(TestCaseMain.java:180)
	at TempTestSuite1736457677469.run(TempTestSuite1736457677469.groovy:35)
	at java.base/jdk.internal.reflect.NativeMethodAccessorImpl.invoke0(Native Method)
	at java.base/jdk.internal.reflect.NativeMethodAccessorImpl.invoke(NativeMethodAccessorImpl.java:77)
	at java.base/jdk.internal.reflect.DelegatingMethodAccessorImpl.invoke(DelegatingMethodAccessorImpl.java:43)
Caused by: com.kms.katalon.core.exception.StepFailedException: com.kms.katalon.core.webui.exception.WebElementNotFoundException: Web element with id: 'Object Repository/Specific Cases Repository/LS/Home/Census/Census_Searchin_and_Toggle_Columns/Page_Home/a_B Automation, B Client' located by '//a[normalize-space()='B Automation, B Client']' not found
	at com.kms.katalon.core.webui.keyword.internal.WebUIKeywordMain.stepFailed(WebUIKeywordMain.groovy:117)
	at com.kms.katalon.core.webui.keyword.builtin.VerifyElementTextKeyword$_verifyElementText_closure1.doCall(VerifyElementTextKeyword.groovy:64)
	at com.kms.katalon.core.webui.keyword.builtin.VerifyElementTextKeyword$_verifyElementText_closure1.call(VerifyElementTextKeyword.groovy)
	at com.kms.katalon.core.webui.keyword.internal.WebUIKeywordMain.runKeyword(WebUIKeywordMain.groovy:35)
	... 20 more]]></system-err>
      </testcase>
      <testcase name="Test Cases/Specific Cases/LS/General/Census/Census/Census_forward_back_functions" time="71.08" classname="Test Cases/Specific Cases/LS/General/Census/Census/Census_forward_back_functions" status="PASSED">
         <system-out><![CDATA[09-01-2025T16:26:06 - [TEST_CASE][PASSED] - Test Cases/Specific Cases/LS/General/Census/Census/Census_forward_back_functions: Test Cases/Specific Cases/LS/General/Census/Census/Census_forward_back_functions

09-01-2025T16:26:06 - [TEST_STEP][PASSED] - callTestCase(findTestCase("Common Cases/Login"), [:], STOP_ON_FAILURE): Call Test Case 'Test Cases/Common Cases/Login' successfully

09-01-2025T16:26:06 - [TEST_CASE][PASSED] - Test Cases/Common Cases/Login: Test Cases/Common Cases/Login

09-01-2025T16:26:06 - [TEST_STEP][PASSED] - openBrowser(""): Browser is opened with url: ''

09-01-2025T16:26:06 - [MESSAGE][WARNING] - A browser is already opened. Closing browser and opening a new one

09-01-2025T16:26:07 - [MESSAGE][INFO] - Starting 'Chrome' driver

09-01-2025T16:26:07 - [MESSAGE][INFO] - Action delay is set to 0 milliseconds

09-01-2025T16:26:09 - [MESSAGE][PASSED] - Browser is opened with url: ''

09-01-2025T16:26:09 - [TEST_STEP][PASSED] - maximizeWindow(): Current window maximized

09-01-2025T16:26:09 - [MESSAGE][PASSED] - Current window maximized

09-01-2025T16:26:09 - [TEST_STEP][PASSED] - navigateToUrl("https://site17.lsapp.cloud/auth/login"): Navigate to 'https://site17.lsapp.cloud/auth/login' successfully

09-01-2025T16:26:12 - [MESSAGE][PASSED] - Navigate to 'https://site17.lsapp.cloud/auth/login' successfully

09-01-2025T16:26:12 - [TEST_STEP][PASSED] - setText(findTestObject("Object Repository/Common Cases Repository/Login/Page_Lightning Step/input_Email_email"), "automation@lightningstep.com"): Text 'automation@lightningstep.com' is set on object 'Object Repository/Common Cases Repository/Login/Page_Lightning Step/input_Email_email'

09-01-2025T16:26:13 - [MESSAGE][PASSED] - Text 'automation@lightningstep.com' is set on object 'Object Repository/Common Cases Repository/Login/Page_Lightning Step/input_Email_email'

09-01-2025T16:26:13 - [TEST_STEP][PASSED] - setEncryptedText(findTestObject("Object Repository/Common Cases Repository/Login/Page_Lightning Step/input_Password_password"), "e5N8VHmnhJDITtQaQhDQDw=="): Text ****** has been set on object 'Object Repository/Common Cases Repository/Login/Page_Lightning Step/input_Password_password'

09-01-2025T16:26:14 - [MESSAGE][PASSED] - Text ****** has been set on object 'Object Repository/Common Cases Repository/Login/Page_Lightning Step/input_Password_password'

09-01-2025T16:26:14 - [TEST_STEP][PASSED] - click(findTestObject("Object Repository/Common Cases Repository/Login/Page_Lightning Step/button_Sign in")): Object: 'Object Repository/Common Cases Repository/Login/Page_Lightning Step/button_Sign in' is clicked on

09-01-2025T16:26:22 - [MESSAGE][PASSED] - Object: 'Object Repository/Common Cases Repository/Login/Page_Lightning Step/button_Sign in' is clicked on

09-01-2025T16:26:22 - [MESSAGE][PASSED] - Call Test Case 'Test Cases/Common Cases/Login' successfully

09-01-2025T16:26:22 - [TEST_STEP][PASSED] - click(findTestObject("Object Repository/Specific Cases Repository/LS/Home/Census/Census_Forward_Back_Functions/Page_Home/a_Census")): Object: 'Object Repository/Specific Cases Repository/LS/Home/Census/Census_Forward_Back_Functions/Page_Home/a_Census' is clicked on

09-01-2025T16:26:23 - [MESSAGE][PASSED] - Object: 'Object Repository/Specific Cases Repository/LS/Home/Census/Census_Forward_Back_Functions/Page_Home/a_Census' is clicked on

09-01-2025T16:26:23 - [TEST_STEP][PASSED] - click(findTestObject("Object Repository/Specific Cases Repository/LS/Home/Census/Census_Forward_Back_Functions/Page_Home/a_bed                     Bed Board")): Object: 'Object Repository/Specific Cases Repository/LS/Home/Census/Census_Forward_Back_Functions/Page_Home/a_bed                     Bed Board' is clicked on

09-01-2025T16:26:30 - [MESSAGE][PASSED] - Object: 'Object Repository/Specific Cases Repository/LS/Home/Census/Census_Forward_Back_Functions/Page_Home/a_bed                     Bed Board' is clicked on

09-01-2025T16:26:30 - [TEST_STEP][PASSED] - navigateToUrl("https://site17.lsapp.cloud/dbkeymetrics/bedboard"): Navigate to 'https://site17.lsapp.cloud/dbkeymetrics/bedboard' successfully

09-01-2025T16:26:37 - [MESSAGE][PASSED] - Navigate to 'https://site17.lsapp.cloud/dbkeymetrics/bedboard' successfully

09-01-2025T16:26:37 - [TEST_STEP][PASSED] - click(findTestObject("Object Repository/Specific Cases Repository/LS/Home/Census/Census_Forward_Back_Functions/Page_Bed Board/span_homepage")): Object: 'Object Repository/Specific Cases Repository/LS/Home/Census/Census_Forward_Back_Functions/Page_Bed Board/span_homepage' is clicked on

09-01-2025T16:26:44 - [MESSAGE][PASSED] - Object: 'Object Repository/Specific Cases Repository/LS/Home/Census/Census_Forward_Back_Functions/Page_Bed Board/span_homepage' is clicked on

09-01-2025T16:26:44 - [TEST_STEP][PASSED] - click(findTestObject("Object Repository/Specific Cases Repository/LS/Home/Census/Census_Forward_Back_Functions/Page_Home/span_Advanced Census")): Object: 'Object Repository/Specific Cases Repository/LS/Home/Census/Census_Forward_Back_Functions/Page_Home/span_Advanced Census' is clicked on

09-01-2025T16:26:54 - [MESSAGE][PASSED] - Object: 'Object Repository/Specific Cases Repository/LS/Home/Census/Census_Forward_Back_Functions/Page_Home/span_Advanced Census' is clicked on

09-01-2025T16:26:54 - [TEST_STEP][PASSED] - click(findTestObject("Object Repository/Specific Cases Repository/LS/Home/Census/Census_Forward_Back_Functions/Page_Census Advanced/span_homepage")): Object: 'Object Repository/Specific Cases Repository/LS/Home/Census/Census_Forward_Back_Functions/Page_Census Advanced/span_homepage' is clicked on

09-01-2025T16:27:02 - [MESSAGE][PASSED] - Object: 'Object Repository/Specific Cases Repository/LS/Home/Census/Census_Forward_Back_Functions/Page_Census Advanced/span_homepage' is clicked on

09-01-2025T16:27:02 - [TEST_STEP][PASSED] - click(findTestObject("Object Repository/Specific Cases Repository/LS/Home/Census/Census_Forward_Back_Functions/Page_Home/a_co_present                 Client Face sheets")): Object: 'Object Repository/Specific Cases Repository/LS/Home/Census/Census_Forward_Back_Functions/Page_Home/a_co_present                 Client Face sheets' is clicked on

09-01-2025T16:27:12 - [MESSAGE][PASSED] - Object: 'Object Repository/Specific Cases Repository/LS/Home/Census/Census_Forward_Back_Functions/Page_Home/a_co_present                 Client Face sheets' is clicked on

09-01-2025T16:27:12 - [TEST_STEP][PASSED] - click(findTestObject("Object Repository/Specific Cases Repository/LS/Home/Census/Census_Forward_Back_Functions/Page_Client Face Sheets/span_homepage")): Object: 'Object Repository/Specific Cases Repository/LS/Home/Census/Census_Forward_Back_Functions/Page_Client Face Sheets/span_homepage' is clicked on

09-01-2025T16:27:16 - [MESSAGE][PASSED] - Object: 'Object Repository/Specific Cases Repository/LS/Home/Census/Census_Forward_Back_Functions/Page_Client Face Sheets/span_homepage' is clicked on

09-01-2025T16:27:16 - [TEST_STEP][PASSED] - closeBrowser(): Browser is closed

09-01-2025T16:27:17 - [MESSAGE][PASSED] - Browser is closed]]></system-out>
         <system-err><![CDATA[]]></system-err>
      </testcase>
      <testcase name="Test Cases/Specific Cases/LS/General/Census/Bed Board/Bed_Board_Filters" time="92.768" classname="Test Cases/Specific Cases/LS/General/Census/Bed Board/Bed_Board_Filters" status="FAILED">
         <failure type="FAILED" message="Test Cases/Specific Cases/LS/General/Census/Bed Board/Bed_Board_Filters FAILED.&#xa;Reason:&#xa;com.kms.katalon.core.exception.StepFailedException: Unable to verify object 'Object Repository/Specific Cases Repository/LS/Home/Census/Bed_Board/Page_Bed Board/span_B Automation, B Client 1673' is not present&#xa;	at com.kms.katalon.core.webui.keyword.internal.WebUIKeywordMain.stepFailed(WebUIKeywordMain.groovy:117)&#xa;	at com.kms.katalon.core.webui.keyword.internal.WebUIKeywordMain.runKeyword(WebUIKeywordMain.groovy:43)&#xa;	at com.kms.katalon.core.webui.keyword.internal.WebUIKeywordMain$runKeyword.call(Unknown Source)&#xa;	at com.kms.katalon.core.webui.keyword.builtin.VerifyElementNotPresentKeyword.verifyElementNotPresent(VerifyElementNotPresentKeyword.groovy:131)&#xa;	at com.kms.katalon.core.webui.keyword.builtin.VerifyElementNotPresentKeyword.execute(VerifyElementNotPresentKeyword.groovy:69)&#xa;	at com.kms.katalon.core.keyword.internal.KeywordExecutor.executeKeywordForPlatform(KeywordExecutor.groovy:74)&#xa;	at com.kms.katalon.core.webui.keyword.WebUiBuiltInKeywords.verifyElementNotPresent(WebUiBuiltInKeywords.groovy:1536)&#xa;	at Bed_Board_Filters.run(Bed_Board_Filters:73)&#xa;	at com.kms.katalon.core.main.ScriptEngine.run(ScriptEngine.java:194)&#xa;	at com.kms.katalon.core.main.ScriptEngine.runScriptAsRawText(ScriptEngine.java:119)&#xa;	at com.kms.katalon.core.main.TestCaseExecutor.runScript(TestCaseExecutor.java:448)&#xa;	at com.kms.katalon.core.main.TestCaseExecutor.doExecute(TestCaseExecutor.java:439)&#xa;	at com.kms.katalon.core.main.TestCaseExecutor.processExecutionPhase(TestCaseExecutor.java:418)&#xa;	at com.kms.katalon.core.main.TestCaseExecutor.accessMainPhase(TestCaseExecutor.java:410)&#xa;	at com.kms.katalon.core.main.TestCaseExecutor.execute(TestCaseExecutor.java:285)&#xa;	at com.kms.katalon.core.common.CommonExecutor.accessTestCaseMainPhase(CommonExecutor.java:65)&#xa;	at com.kms.katalon.core.main.TestSuiteExecutor.accessTestSuiteMainPhase(TestSuiteExecutor.java:150)&#xa;	at com.kms.katalon.core.main.TestSuiteExecutor.execute(TestSuiteExecutor.java:106)&#xa;	at com.kms.katalon.core.main.TestCaseMain.startTestSuite(TestCaseMain.java:180)&#xa;	at TempTestSuite1736457677469.run(TempTestSuite1736457677469.groovy:35)&#xa;	at java.base/jdk.internal.reflect.NativeMethodAccessorImpl.invoke0(Native Method)&#xa;	at java.base/jdk.internal.reflect.NativeMethodAccessorImpl.invoke(NativeMethodAccessorImpl.java:77)&#xa;	at java.base/jdk.internal.reflect.DelegatingMethodAccessorImpl.invoke(DelegatingMethodAccessorImpl.java:43)&#xa;Caused by: com.kms.katalon.core.exception.StepFailedException: Web element with id: 'Object Repository/Specific Cases Repository/LS/Home/Census/Bed_Board/Page_Bed Board/span_B Automation, B Client 1673' located by 'By.xpath: //span[normalize-space()='B Automation, B Client 1673']' is present after '30' second(s)&#xa;	at com.kms.katalon.core.webui.keyword.internal.WebUIKeywordMain.stepFailed(WebUIKeywordMain.groovy:117)&#xa;	at com.kms.katalon.core.webui.keyword.internal.WebUIKeywordMain$stepFailed$0.call(Unknown Source)&#xa;	at com.kms.katalon.core.webui.keyword.builtin.VerifyElementNotPresentKeyword$_verifyElementNotPresent_closure1.doCall(VerifyElementNotPresentKeyword.groovy:122)&#xa;	at com.kms.katalon.core.webui.keyword.builtin.VerifyElementNotPresentKeyword$_verifyElementNotPresent_closure1.doCall(VerifyElementNotPresentKeyword.groovy)&#xa;	at java.base/jdk.internal.reflect.NativeMethodAccessorImpl.invoke0(Native Method)&#xa;	at java.base/jdk.internal.reflect.NativeMethodAccessorImpl.invoke(NativeMethodAccessorImpl.java:77)&#xa;	at java.base/jdk.internal.reflect.DelegatingMethodAccessorImpl.invoke(DelegatingMethodAccessorImpl.java:43)&#xa;	at com.kms.katalon.core.webui.keyword.internal.WebUIKeywordMain.runKeyword(WebUIKeywordMain.groovy:35)&#xa;	... 21 more&#xa;"/>
         <system-out><![CDATA[09-01-2025T16:27:17 - [TEST_CASE][FAILED] - Test Cases/Specific Cases/LS/General/Census/Bed Board/Bed_Board_Filters: Test Cases/Specific Cases/LS/General/Census/Bed Board/Bed_Board_Filters FAILED.
Reason:
com.kms.katalon.core.exception.StepFailedException: Unable to verify object 'Object Repository/Specific Cases Repository/LS/Home/Census/Bed_Board/Page_Bed Board/span_B Automation, B Client 1673' is not present
	at com.kms.katalon.core.webui.keyword.internal.WebUIKeywordMain.stepFailed(WebUIKeywordMain.groovy:117)
	at com.kms.katalon.core.webui.keyword.internal.WebUIKeywordMain.runKeyword(WebUIKeywordMain.groovy:43)
	at com.kms.katalon.core.webui.keyword.internal.WebUIKeywordMain$runKeyword.call(Unknown Source)
	at com.kms.katalon.core.webui.keyword.builtin.VerifyElementNotPresentKeyword.verifyElementNotPresent(VerifyElementNotPresentKeyword.groovy:131)
	at com.kms.katalon.core.webui.keyword.builtin.VerifyElementNotPresentKeyword.execute(VerifyElementNotPresentKeyword.groovy:69)
	at com.kms.katalon.core.keyword.internal.KeywordExecutor.executeKeywordForPlatform(KeywordExecutor.groovy:74)
	at com.kms.katalon.core.webui.keyword.WebUiBuiltInKeywords.verifyElementNotPresent(WebUiBuiltInKeywords.groovy:1536)
	at Bed_Board_Filters.run(Bed_Board_Filters:73)
	at com.kms.katalon.core.main.ScriptEngine.run(ScriptEngine.java:194)
	at com.kms.katalon.core.main.ScriptEngine.runScriptAsRawText(ScriptEngine.java:119)
	at com.kms.katalon.core.main.TestCaseExecutor.runScript(TestCaseExecutor.java:448)
	at com.kms.katalon.core.main.TestCaseExecutor.doExecute(TestCaseExecutor.java:439)
	at com.kms.katalon.core.main.TestCaseExecutor.processExecutionPhase(TestCaseExecutor.java:418)
	at com.kms.katalon.core.main.TestCaseExecutor.accessMainPhase(TestCaseExecutor.java:410)
	at com.kms.katalon.core.main.TestCaseExecutor.execute(TestCaseExecutor.java:285)
	at com.kms.katalon.core.common.CommonExecutor.accessTestCaseMainPhase(CommonExecutor.java:65)
	at com.kms.katalon.core.main.TestSuiteExecutor.accessTestSuiteMainPhase(TestSuiteExecutor.java:150)
	at com.kms.katalon.core.main.TestSuiteExecutor.execute(TestSuiteExecutor.java:106)
	at com.kms.katalon.core.main.TestCaseMain.startTestSuite(TestCaseMain.java:180)
	at TempTestSuite1736457677469.run(TempTestSuite1736457677469.groovy:35)
	at java.base/jdk.internal.reflect.NativeMethodAccessorImpl.invoke0(Native Method)
	at java.base/jdk.internal.reflect.NativeMethodAccessorImpl.invoke(NativeMethodAccessorImpl.java:77)
	at java.base/jdk.internal.reflect.DelegatingMethodAccessorImpl.invoke(DelegatingMethodAccessorImpl.java:43)
Caused by: com.kms.katalon.core.exception.StepFailedException: Web element with id: 'Object Repository/Specific Cases Repository/LS/Home/Census/Bed_Board/Page_Bed Board/span_B Automation, B Client 1673' located by 'By.xpath: //span[normalize-space()='B Automation, B Client 1673']' is present after '30' second(s)
	at com.kms.katalon.core.webui.keyword.internal.WebUIKeywordMain.stepFailed(WebUIKeywordMain.groovy:117)
	at com.kms.katalon.core.webui.keyword.internal.WebUIKeywordMain$stepFailed$0.call(Unknown Source)
	at com.kms.katalon.core.webui.keyword.builtin.VerifyElementNotPresentKeyword$_verifyElementNotPresent_closure1.doCall(VerifyElementNotPresentKeyword.groovy:122)
	at com.kms.katalon.core.webui.keyword.builtin.VerifyElementNotPresentKeyword$_verifyElementNotPresent_closure1.doCall(VerifyElementNotPresentKeyword.groovy)
	at java.base/jdk.internal.reflect.NativeMethodAccessorImpl.invoke0(Native Method)
	at java.base/jdk.internal.reflect.NativeMethodAccessorImpl.invoke(NativeMethodAccessorImpl.java:77)
	at java.base/jdk.internal.reflect.DelegatingMethodAccessorImpl.invoke(DelegatingMethodAccessorImpl.java:43)
	at com.kms.katalon.core.webui.keyword.internal.WebUIKeywordMain.runKeyword(WebUIKeywordMain.groovy:35)
	... 21 more


09-01-2025T16:27:17 - [TEST_STEP][PASSED] - callTestCase(findTestCase("Common Cases/Login"), [:], STOP_ON_FAILURE): Call Test Case 'Test Cases/Common Cases/Login' successfully

09-01-2025T16:27:17 - [TEST_CASE][PASSED] - Test Cases/Common Cases/Login: Test Cases/Common Cases/Login

09-01-2025T16:27:17 - [TEST_STEP][PASSED] - openBrowser(""): Browser is opened with url: ''

09-01-2025T16:27:17 - [MESSAGE][INFO] - Starting 'Chrome' driver

09-01-2025T16:27:17 - [MESSAGE][INFO] - Action delay is set to 0 milliseconds

09-01-2025T16:27:19 - [MESSAGE][PASSED] - Browser is opened with url: ''

09-01-2025T16:27:19 - [TEST_STEP][PASSED] - maximizeWindow(): Current window maximized

09-01-2025T16:27:19 - [MESSAGE][PASSED] - Current window maximized

09-01-2025T16:27:19 - [TEST_STEP][PASSED] - navigateToUrl("https://site17.lsapp.cloud/auth/login"): Navigate to 'https://site17.lsapp.cloud/auth/login' successfully

09-01-2025T16:27:22 - [MESSAGE][PASSED] - Navigate to 'https://site17.lsapp.cloud/auth/login' successfully

09-01-2025T16:27:22 - [TEST_STEP][PASSED] - setText(findTestObject("Object Repository/Common Cases Repository/Login/Page_Lightning Step/input_Email_email"), "automation@lightningstep.com"): Text 'automation@lightningstep.com' is set on object 'Object Repository/Common Cases Repository/Login/Page_Lightning Step/input_Email_email'

09-01-2025T16:27:23 - [MESSAGE][PASSED] - Text 'automation@lightningstep.com' is set on object 'Object Repository/Common Cases Repository/Login/Page_Lightning Step/input_Email_email'

09-01-2025T16:27:23 - [TEST_STEP][PASSED] - setEncryptedText(findTestObject("Object Repository/Common Cases Repository/Login/Page_Lightning Step/input_Password_password"), "e5N8VHmnhJDITtQaQhDQDw=="): Text ****** has been set on object 'Object Repository/Common Cases Repository/Login/Page_Lightning Step/input_Password_password'

09-01-2025T16:27:25 - [MESSAGE][PASSED] - Text ****** has been set on object 'Object Repository/Common Cases Repository/Login/Page_Lightning Step/input_Password_password'

09-01-2025T16:27:25 - [TEST_STEP][PASSED] - click(findTestObject("Object Repository/Common Cases Repository/Login/Page_Lightning Step/button_Sign in")): Object: 'Object Repository/Common Cases Repository/Login/Page_Lightning Step/button_Sign in' is clicked on

09-01-2025T16:27:33 - [MESSAGE][PASSED] - Object: 'Object Repository/Common Cases Repository/Login/Page_Lightning Step/button_Sign in' is clicked on

09-01-2025T16:27:33 - [MESSAGE][PASSED] - Call Test Case 'Test Cases/Common Cases/Login' successfully

09-01-2025T16:27:33 - [TEST_STEP][PASSED] - click(findTestObject("Object Repository/Specific Cases Repository/LS/Home/Census/Bed_Board/Page_Home/a_Census")): Object: 'Object Repository/Specific Cases Repository/LS/Home/Census/Bed_Board/Page_Home/a_Census' is clicked on

09-01-2025T16:27:34 - [MESSAGE][PASSED] - Object: 'Object Repository/Specific Cases Repository/LS/Home/Census/Bed_Board/Page_Home/a_Census' is clicked on

09-01-2025T16:27:34 - [TEST_STEP][PASSED] - click(findTestObject("Object Repository/Specific Cases Repository/LS/Home/Census/Bed_Board/Page_Home/a_bed                     Bed Board")): Object: 'Object Repository/Specific Cases Repository/LS/Home/Census/Bed_Board/Page_Home/a_bed                     Bed Board' is clicked on

09-01-2025T16:27:44 - [MESSAGE][PASSED] - Object: 'Object Repository/Specific Cases Repository/LS/Home/Census/Bed_Board/Page_Home/a_bed                     Bed Board' is clicked on

09-01-2025T16:27:44 - [TEST_STEP][PASSED] - navigateToUrl("https://site17.lsapp.cloud/dbkeymetrics/bedboard"): Navigate to 'https://site17.lsapp.cloud/dbkeymetrics/bedboard' successfully

09-01-2025T16:27:50 - [MESSAGE][PASSED] - Navigate to 'https://site17.lsapp.cloud/dbkeymetrics/bedboard' successfully

09-01-2025T16:27:50 - [TEST_STEP][PASSED] - selectOptionByValue(findTestObject("Object Repository/Specific Cases Repository/LS/Home/Census/Bed_Board/Page_Bed Board/select_All Gender Identities"), "0", true): All options with value '0' are selected in object 'Object Repository/Specific Cases Repository/LS/Home/Census/Bed_Board/Page_Bed Board/select_All Gender Identities'  using regular expression

09-01-2025T16:27:51 - [MESSAGE][PASSED] - All options with value '0' are selected in object 'Object Repository/Specific Cases Repository/LS/Home/Census/Bed_Board/Page_Bed Board/select_All Gender Identities'  using regular expression

09-01-2025T16:27:51 - [TEST_STEP][PASSED] - verifyElementText(findTestObject("Object Repository/Specific Cases Repository/LS/Home/Census/Bed_Board/Page_Bed Board/span_Female"), "Female"): Actual text and expected text of test object 'Object Repository/Specific Cases Repository/LS/Home/Census/Bed_Board/Page_Bed Board/span_Female' are matched.

09-01-2025T16:27:52 - [MESSAGE][PASSED] - Actual text and expected text of test object 'Object Repository/Specific Cases Repository/LS/Home/Census/Bed_Board/Page_Bed Board/span_Female' are matched.

09-01-2025T16:27:52 - [TEST_STEP][PASSED] - verifyElementText(findTestObject("Object Repository/Specific Cases Repository/LS/Home/Census/Bed_Board/Page_Bed Board/span_Male"), "Male"): Actual text and expected text of test object 'Object Repository/Specific Cases Repository/LS/Home/Census/Bed_Board/Page_Bed Board/span_Male' are matched.

09-01-2025T16:27:52 - [MESSAGE][PASSED] - Actual text and expected text of test object 'Object Repository/Specific Cases Repository/LS/Home/Census/Bed_Board/Page_Bed Board/span_Male' are matched.

09-01-2025T16:27:52 - [TEST_STEP][PASSED] - selectOptionByIndex(findTestObject("Object Repository/Specific Cases Repository/LS/Home/Census/Bed_Board/Page_Bed Board/select_All Gender Identities"), 1, STOP_ON_FAILURE): All options with index in [1] are selected on object 'Object Repository/Specific Cases Repository/LS/Home/Census/Bed_Board/Page_Bed Board/select_All Gender Identities'

09-01-2025T16:27:57 - [MESSAGE][PASSED] - All options with index in [1] are selected on object 'Object Repository/Specific Cases Repository/LS/Home/Census/Bed_Board/Page_Bed Board/select_All Gender Identities'

09-01-2025T16:27:57 - [TEST_STEP][PASSED] - verifyElementText(findTestObject("Object Repository/Specific Cases Repository/LS/Home/Census/Bed_Board/Page_Bed Board/span_Female"), "Female"): Actual text and expected text of test object 'Object Repository/Specific Cases Repository/LS/Home/Census/Bed_Board/Page_Bed Board/span_Female' are matched.

09-01-2025T16:27:57 - [MESSAGE][PASSED] - Actual text and expected text of test object 'Object Repository/Specific Cases Repository/LS/Home/Census/Bed_Board/Page_Bed Board/span_Female' are matched.

09-01-2025T16:27:57 - [TEST_STEP][PASSED] - verifyElementNotPresent(findTestObject("Object Repository/Specific Cases Repository/LS/Home/Census/Bed_Board/Page_Bed Board/span_Male"), 0): Web element with id: 'Object Repository/Specific Cases Repository/LS/Home/Census/Bed_Board/Page_Bed Board/span_Male' located by 'By.xpath: //span[normalize-space()='Male']' is not present after '30' second(s)

09-01-2025T16:27:57 - [MESSAGE][WARNING] - Timeout '0' is invalid. Using default page load timeout: '30'

09-01-2025T16:27:57 - [MESSAGE][PASSED] - Web element with id: 'Object Repository/Specific Cases Repository/LS/Home/Census/Bed_Board/Page_Bed Board/span_Male' located by 'By.xpath: //span[normalize-space()='Male']' is not present after '30' second(s)

09-01-2025T16:27:57 - [TEST_STEP][PASSED] - selectOptionByIndex(findTestObject("Object Repository/Specific Cases Repository/LS/Home/Census/Bed_Board/Page_Bed Board/select_All Gender Identities"), 2, STOP_ON_FAILURE): All options with index in [2] are selected on object 'Object Repository/Specific Cases Repository/LS/Home/Census/Bed_Board/Page_Bed Board/select_All Gender Identities'

09-01-2025T16:28:03 - [MESSAGE][PASSED] - All options with index in [2] are selected on object 'Object Repository/Specific Cases Repository/LS/Home/Census/Bed_Board/Page_Bed Board/select_All Gender Identities'

09-01-2025T16:28:03 - [TEST_STEP][PASSED] - verifyElementText(findTestObject("Object Repository/Specific Cases Repository/LS/Home/Census/Bed_Board/Page_Bed Board/span_Male"), "Male"): Actual text and expected text of test object 'Object Repository/Specific Cases Repository/LS/Home/Census/Bed_Board/Page_Bed Board/span_Male' are matched.

09-01-2025T16:28:04 - [MESSAGE][PASSED] - Actual text and expected text of test object 'Object Repository/Specific Cases Repository/LS/Home/Census/Bed_Board/Page_Bed Board/span_Male' are matched.

09-01-2025T16:28:04 - [TEST_STEP][PASSED] - verifyElementNotPresent(findTestObject("Object Repository/Specific Cases Repository/LS/Home/Census/Bed_Board/Page_Bed Board/span_Female"), 0): Web element with id: 'Object Repository/Specific Cases Repository/LS/Home/Census/Bed_Board/Page_Bed Board/span_Female' located by 'By.xpath: //span[normalize-space()='Female']' is not present after '30' second(s)

09-01-2025T16:28:04 - [MESSAGE][WARNING] - Timeout '0' is invalid. Using default page load timeout: '30'

09-01-2025T16:28:04 - [MESSAGE][PASSED] - Web element with id: 'Object Repository/Specific Cases Repository/LS/Home/Census/Bed_Board/Page_Bed Board/span_Female' located by 'By.xpath: //span[normalize-space()='Female']' is not present after '30' second(s)

09-01-2025T16:28:04 - [TEST_STEP][PASSED] - selectOptionByIndex(findTestObject("Object Repository/Specific Cases Repository/LS/Home/Census/Bed_Board/Page_Bed Board/select_All Gender Identities"), 7, STOP_ON_FAILURE): All options with index in [7] are selected on object 'Object Repository/Specific Cases Repository/LS/Home/Census/Bed_Board/Page_Bed Board/select_All Gender Identities'

09-01-2025T16:28:09 - [MESSAGE][PASSED] - All options with index in [7] are selected on object 'Object Repository/Specific Cases Repository/LS/Home/Census/Bed_Board/Page_Bed Board/select_All Gender Identities'

09-01-2025T16:28:09 - [TEST_STEP][PASSED] - verifyElementText(findTestObject("Object Repository/Specific Cases Repository/LS/Home/Census/Bed_Board/Page_Bed Board/span_C Automation, C Client 1674"), "C Automation, C Client 1674"): Actual text and expected text of test object 'Object Repository/Specific Cases Repository/LS/Home/Census/Bed_Board/Page_Bed Board/span_C Automation, C Client 1674' are matched.

09-01-2025T16:28:10 - [MESSAGE][PASSED] - Actual text and expected text of test object 'Object Repository/Specific Cases Repository/LS/Home/Census/Bed_Board/Page_Bed Board/span_C Automation, C Client 1674' are matched.

09-01-2025T16:28:10 - [TEST_STEP][PASSED] - selectOptionByIndex(findTestObject("Object Repository/Specific Cases Repository/LS/Home/Census/Bed_Board/Page_Bed Board/select_All Locations                       _fac816"), "0", STOP_ON_FAILURE): All options with index in [0] are selected on object 'Object Repository/Specific Cases Repository/LS/Home/Census/Bed_Board/Page_Bed Board/select_All Locations                       _fac816'

09-01-2025T16:28:10 - [MESSAGE][PASSED] - All options with index in [0] are selected on object 'Object Repository/Specific Cases Repository/LS/Home/Census/Bed_Board/Page_Bed Board/select_All Locations                       _fac816'

09-01-2025T16:28:10 - [TEST_STEP][PASSED] - selectOptionByIndex(findTestObject("Object Repository/Specific Cases Repository/LS/Home/Census/Bed_Board/Page_Bed Board/select_All Gender Identities"), "0", STOP_ON_FAILURE): All options with index in [0] are selected on object 'Object Repository/Specific Cases Repository/LS/Home/Census/Bed_Board/Page_Bed Board/select_All Gender Identities'

09-01-2025T16:28:15 - [MESSAGE][PASSED] - All options with index in [0] are selected on object 'Object Repository/Specific Cases Repository/LS/Home/Census/Bed_Board/Page_Bed Board/select_All Gender Identities'

09-01-2025T16:28:15 - [TEST_STEP][PASSED] - selectOptionByIndex(findTestObject("Object Repository/Specific Cases Repository/LS/Home/Census/Bed_Board/Page_Bed Board/select_All Locations                       _fac816"), "1", STOP_ON_FAILURE): All options with index in [1] are selected on object 'Object Repository/Specific Cases Repository/LS/Home/Census/Bed_Board/Page_Bed Board/select_All Locations                       _fac816'

09-01-2025T16:28:18 - [MESSAGE][PASSED] - All options with index in [1] are selected on object 'Object Repository/Specific Cases Repository/LS/Home/Census/Bed_Board/Page_Bed Board/select_All Locations                       _fac816'

09-01-2025T16:28:18 - [TEST_STEP][PASSED] - verifyElementText(findTestObject("Object Repository/Specific Cases Repository/LS/Home/Census/Bed_Board/Page_Bed Board/span_A Automation, A Client 1672"), "A Automation, A Client 1672"): Actual text and expected text of test object 'Object Repository/Specific Cases Repository/LS/Home/Census/Bed_Board/Page_Bed Board/span_A Automation, A Client 1672' are matched.

09-01-2025T16:28:19 - [MESSAGE][PASSED] - Actual text and expected text of test object 'Object Repository/Specific Cases Repository/LS/Home/Census/Bed_Board/Page_Bed Board/span_A Automation, A Client 1672' are matched.

09-01-2025T16:28:19 - [TEST_STEP][FAILED] - verifyElementNotPresent(findTestObject("Specific Cases Repository/LS/Home/Census/Bed_Board/Page_Bed Board/span_B Automation, B Client 1673"), 0): Unable to verify object 'Object Repository/Specific Cases Repository/LS/Home/Census/Bed_Board/Page_Bed Board/span_B Automation, B Client 1673' is not present (Root cause: com.kms.katalon.core.exception.StepFailedException: Unable to verify object 'Object Repository/Specific Cases Repository/LS/Home/Census/Bed_Board/Page_Bed Board/span_B Automation, B Client 1673' is not present
	at com.kms.katalon.core.webui.keyword.internal.WebUIKeywordMain.stepFailed(WebUIKeywordMain.groovy:117)
	at com.kms.katalon.core.webui.keyword.internal.WebUIKeywordMain.runKeyword(WebUIKeywordMain.groovy:43)
	at com.kms.katalon.core.webui.keyword.internal.WebUIKeywordMain$runKeyword.call(Unknown Source)
	at com.kms.katalon.core.webui.keyword.builtin.VerifyElementNotPresentKeyword.verifyElementNotPresent(VerifyElementNotPresentKeyword.groovy:131)
	at com.kms.katalon.core.webui.keyword.builtin.VerifyElementNotPresentKeyword.execute(VerifyElementNotPresentKeyword.groovy:69)
	at com.kms.katalon.core.keyword.internal.KeywordExecutor.executeKeywordForPlatform(KeywordExecutor.groovy:74)
	at com.kms.katalon.core.webui.keyword.WebUiBuiltInKeywords.verifyElementNotPresent(WebUiBuiltInKeywords.groovy:1536)
	at Bed_Board_Filters.run(Bed_Board_Filters:73)
	at com.kms.katalon.core.main.ScriptEngine.run(ScriptEngine.java:194)
	at com.kms.katalon.core.main.ScriptEngine.runScriptAsRawText(ScriptEngine.java:119)
	at com.kms.katalon.core.main.TestCaseExecutor.runScript(TestCaseExecutor.java:448)
	at com.kms.katalon.core.main.TestCaseExecutor.doExecute(TestCaseExecutor.java:439)
	at com.kms.katalon.core.main.TestCaseExecutor.processExecutionPhase(TestCaseExecutor.java:418)
	at com.kms.katalon.core.main.TestCaseExecutor.accessMainPhase(TestCaseExecutor.java:410)
	at com.kms.katalon.core.main.TestCaseExecutor.execute(TestCaseExecutor.java:285)
	at com.kms.katalon.core.common.CommonExecutor.accessTestCaseMainPhase(CommonExecutor.java:65)
	at com.kms.katalon.core.main.TestSuiteExecutor.accessTestSuiteMainPhase(TestSuiteExecutor.java:150)
	at com.kms.katalon.core.main.TestSuiteExecutor.execute(TestSuiteExecutor.java:106)
	at com.kms.katalon.core.main.TestCaseMain.startTestSuite(TestCaseMain.java:180)
	at TempTestSuite1736457677469.run(TempTestSuite1736457677469.groovy:35)
	at java.base/jdk.internal.reflect.NativeMethodAccessorImpl.invoke0(Native Method)
	at java.base/jdk.internal.reflect.NativeMethodAccessorImpl.invoke(NativeMethodAccessorImpl.java:77)
	at java.base/jdk.internal.reflect.DelegatingMethodAccessorImpl.invoke(DelegatingMethodAccessorImpl.java:43)
Caused by: com.kms.katalon.core.exception.StepFailedException: Web element with id: 'Object Repository/Specific Cases Repository/LS/Home/Census/Bed_Board/Page_Bed Board/span_B Automation, B Client 1673' located by 'By.xpath: //span[normalize-space()='B Automation, B Client 1673']' is present after '30' second(s)
	at com.kms.katalon.core.webui.keyword.internal.WebUIKeywordMain.stepFailed(WebUIKeywordMain.groovy:117)
	at com.kms.katalon.core.webui.keyword.internal.WebUIKeywordMain$stepFailed$0.call(Unknown Source)
	at com.kms.katalon.core.webui.keyword.builtin.VerifyElementNotPresentKeyword$_verifyElementNotPresent_closure1.doCall(VerifyElementNotPresentKeyword.groovy:122)
	at com.kms.katalon.core.webui.keyword.builtin.VerifyElementNotPresentKeyword$_verifyElementNotPresent_closure1.doCall(VerifyElementNotPresentKeyword.groovy)
	at java.base/jdk.internal.reflect.NativeMethodAccessorImpl.invoke0(Native Method)
	at java.base/jdk.internal.reflect.NativeMethodAccessorImpl.invoke(NativeMethodAccessorImpl.java:77)
	at java.base/jdk.internal.reflect.DelegatingMethodAccessorImpl.invoke(DelegatingMethodAccessorImpl.java:43)
	at com.kms.katalon.core.webui.keyword.internal.WebUIKeywordMain.runKeyword(WebUIKeywordMain.groovy:35)
	... 21 more
)

09-01-2025T16:28:19 - [MESSAGE][WARNING] - Timeout '0' is invalid. Using default page load timeout: '30'

09-01-2025T16:28:49 - [MESSAGE][FAILED] - Web element with id: 'Object Repository/Specific Cases Repository/LS/Home/Census/Bed_Board/Page_Bed Board/span_B Automation, B Client 1673' located by 'By.xpath: //span[normalize-space()='B Automation, B Client 1673']' is present after '30' second(s) (Root cause: com.kms.katalon.core.exception.StepFailedException: Web element with id: 'Object Repository/Specific Cases Repository/LS/Home/Census/Bed_Board/Page_Bed Board/span_B Automation, B Client 1673' located by 'By.xpath: //span[normalize-space()='B Automation, B Client 1673']' is present after '30' second(s)
	at com.kms.katalon.core.webui.keyword.internal.WebUIKeywordMain.stepFailed(WebUIKeywordMain.groovy:117)
	at com.kms.katalon.core.webui.keyword.internal.WebUIKeywordMain$stepFailed$0.call(Unknown Source)
	at com.kms.katalon.core.webui.keyword.builtin.VerifyElementNotPresentKeyword$_verifyElementNotPresent_closure1.doCall(VerifyElementNotPresentKeyword.groovy:122)
	at com.kms.katalon.core.webui.keyword.builtin.VerifyElementNotPresentKeyword$_verifyElementNotPresent_closure1.doCall(VerifyElementNotPresentKeyword.groovy)
	at java.base/jdk.internal.reflect.NativeMethodAccessorImpl.invoke0(Native Method)
	at java.base/jdk.internal.reflect.NativeMethodAccessorImpl.invoke(NativeMethodAccessorImpl.java:77)
	at java.base/jdk.internal.reflect.DelegatingMethodAccessorImpl.invoke(DelegatingMethodAccessorImpl.java:43)
	at com.kms.katalon.core.webui.keyword.internal.WebUIKeywordMain.runKeyword(WebUIKeywordMain.groovy:35)
	at com.kms.katalon.core.webui.keyword.internal.WebUIKeywordMain$runKeyword.call(Unknown Source)
	at com.kms.katalon.core.webui.keyword.builtin.VerifyElementNotPresentKeyword.verifyElementNotPresent(VerifyElementNotPresentKeyword.groovy:131)
	at com.kms.katalon.core.webui.keyword.builtin.VerifyElementNotPresentKeyword.execute(VerifyElementNotPresentKeyword.groovy:69)
	at com.kms.katalon.core.keyword.internal.KeywordExecutor.executeKeywordForPlatform(KeywordExecutor.groovy:74)
	at com.kms.katalon.core.webui.keyword.WebUiBuiltInKeywords.verifyElementNotPresent(WebUiBuiltInKeywords.groovy:1536)
	at Bed_Board_Filters.run(Bed_Board_Filters:73)
	at com.kms.katalon.core.main.ScriptEngine.run(ScriptEngine.java:194)
	at com.kms.katalon.core.main.ScriptEngine.runScriptAsRawText(ScriptEngine.java:119)
	at com.kms.katalon.core.main.TestCaseExecutor.runScript(TestCaseExecutor.java:448)
	at com.kms.katalon.core.main.TestCaseExecutor.doExecute(TestCaseExecutor.java:439)
	at com.kms.katalon.core.main.TestCaseExecutor.processExecutionPhase(TestCaseExecutor.java:418)
	at com.kms.katalon.core.main.TestCaseExecutor.accessMainPhase(TestCaseExecutor.java:410)
	at com.kms.katalon.core.main.TestCaseExecutor.execute(TestCaseExecutor.java:285)
	at com.kms.katalon.core.common.CommonExecutor.accessTestCaseMainPhase(CommonExecutor.java:65)
	at com.kms.katalon.core.main.TestSuiteExecutor.accessTestSuiteMainPhase(TestSuiteExecutor.java:150)
	at com.kms.katalon.core.main.TestSuiteExecutor.execute(TestSuiteExecutor.java:106)
	at com.kms.katalon.core.main.TestCaseMain.startTestSuite(TestCaseMain.java:180)
	at TempTestSuite1736457677469.run(TempTestSuite1736457677469.groovy:35)
	at java.base/jdk.internal.reflect.NativeMethodAccessorImpl.invoke0(Native Method)
	at java.base/jdk.internal.reflect.NativeMethodAccessorImpl.invoke(NativeMethodAccessorImpl.java:77)
	at java.base/jdk.internal.reflect.DelegatingMethodAccessorImpl.invoke(DelegatingMethodAccessorImpl.java:43)
)
[[ATTACHMENT|C:\\Users\\Enrique\\git\\AUTOMATION_LS\\Reports\\20250109_162114\\LS\\Home\\General\\Census\\20250109_162117\\1736458129794.png]]

09-01-2025T16:28:50 - [MESSAGE][FAILED] - Unable to verify object 'Object Repository/Specific Cases Repository/LS/Home/Census/Bed_Board/Page_Bed Board/span_B Automation, B Client 1673' is not present (Root cause: com.kms.katalon.core.exception.StepFailedException: Unable to verify object 'Object Repository/Specific Cases Repository/LS/Home/Census/Bed_Board/Page_Bed Board/span_B Automation, B Client 1673' is not present
	at com.kms.katalon.core.webui.keyword.internal.WebUIKeywordMain.stepFailed(WebUIKeywordMain.groovy:117)
	at com.kms.katalon.core.webui.keyword.internal.WebUIKeywordMain.runKeyword(WebUIKeywordMain.groovy:43)
	at com.kms.katalon.core.webui.keyword.internal.WebUIKeywordMain$runKeyword.call(Unknown Source)
	at com.kms.katalon.core.webui.keyword.builtin.VerifyElementNotPresentKeyword.verifyElementNotPresent(VerifyElementNotPresentKeyword.groovy:131)
	at com.kms.katalon.core.webui.keyword.builtin.VerifyElementNotPresentKeyword.execute(VerifyElementNotPresentKeyword.groovy:69)
	at com.kms.katalon.core.keyword.internal.KeywordExecutor.executeKeywordForPlatform(KeywordExecutor.groovy:74)
	at com.kms.katalon.core.webui.keyword.WebUiBuiltInKeywords.verifyElementNotPresent(WebUiBuiltInKeywords.groovy:1536)
	at Bed_Board_Filters.run(Bed_Board_Filters:73)
	at com.kms.katalon.core.main.ScriptEngine.run(ScriptEngine.java:194)
	at com.kms.katalon.core.main.ScriptEngine.runScriptAsRawText(ScriptEngine.java:119)
	at com.kms.katalon.core.main.TestCaseExecutor.runScript(TestCaseExecutor.java:448)
	at com.kms.katalon.core.main.TestCaseExecutor.doExecute(TestCaseExecutor.java:439)
	at com.kms.katalon.core.main.TestCaseExecutor.processExecutionPhase(TestCaseExecutor.java:418)
	at com.kms.katalon.core.main.TestCaseExecutor.accessMainPhase(TestCaseExecutor.java:410)
	at com.kms.katalon.core.main.TestCaseExecutor.execute(TestCaseExecutor.java:285)
	at com.kms.katalon.core.common.CommonExecutor.accessTestCaseMainPhase(CommonExecutor.java:65)
	at com.kms.katalon.core.main.TestSuiteExecutor.accessTestSuiteMainPhase(TestSuiteExecutor.java:150)
	at com.kms.katalon.core.main.TestSuiteExecutor.execute(TestSuiteExecutor.java:106)
	at com.kms.katalon.core.main.TestCaseMain.startTestSuite(TestCaseMain.java:180)
	at TempTestSuite1736457677469.run(TempTestSuite1736457677469.groovy:35)
	at java.base/jdk.internal.reflect.NativeMethodAccessorImpl.invoke0(Native Method)
	at java.base/jdk.internal.reflect.NativeMethodAccessorImpl.invoke(NativeMethodAccessorImpl.java:77)
	at java.base/jdk.internal.reflect.DelegatingMethodAccessorImpl.invoke(DelegatingMethodAccessorImpl.java:43)
Caused by: com.kms.katalon.core.exception.StepFailedException: Web element with id: 'Object Repository/Specific Cases Repository/LS/Home/Census/Bed_Board/Page_Bed Board/span_B Automation, B Client 1673' located by 'By.xpath: //span[normalize-space()='B Automation, B Client 1673']' is present after '30' second(s)
	at com.kms.katalon.core.webui.keyword.internal.WebUIKeywordMain.stepFailed(WebUIKeywordMain.groovy:117)
	at com.kms.katalon.core.webui.keyword.internal.WebUIKeywordMain$stepFailed$0.call(Unknown Source)
	at com.kms.katalon.core.webui.keyword.builtin.VerifyElementNotPresentKeyword$_verifyElementNotPresent_closure1.doCall(VerifyElementNotPresentKeyword.groovy:122)
	at com.kms.katalon.core.webui.keyword.builtin.VerifyElementNotPresentKeyword$_verifyElementNotPresent_closure1.doCall(VerifyElementNotPresentKeyword.groovy)
	at java.base/jdk.internal.reflect.NativeMethodAccessorImpl.invoke0(Native Method)
	at java.base/jdk.internal.reflect.NativeMethodAccessorImpl.invoke(NativeMethodAccessorImpl.java:77)
	at java.base/jdk.internal.reflect.DelegatingMethodAccessorImpl.invoke(DelegatingMethodAccessorImpl.java:43)
	at com.kms.katalon.core.webui.keyword.internal.WebUIKeywordMain.runKeyword(WebUIKeywordMain.groovy:35)
	... 21 more
)
[[ATTACHMENT|C:\\Users\\Enrique\\git\\AUTOMATION_LS\\Reports\\20250109_162114\\LS\\Home\\General\\Census\\20250109_162117\\1736458129932.png]]]]></system-out>
         <system-err><![CDATA[09-01-2025T16:27:17 - [TEST_CASE][FAILED] - Test Cases/Specific Cases/LS/General/Census/Bed Board/Bed_Board_Filters: Test Cases/Specific Cases/LS/General/Census/Bed Board/Bed_Board_Filters FAILED.
Reason:
com.kms.katalon.core.exception.StepFailedException: Unable to verify object 'Object Repository/Specific Cases Repository/LS/Home/Census/Bed_Board/Page_Bed Board/span_B Automation, B Client 1673' is not present
	at com.kms.katalon.core.webui.keyword.internal.WebUIKeywordMain.stepFailed(WebUIKeywordMain.groovy:117)
	at com.kms.katalon.core.webui.keyword.internal.WebUIKeywordMain.runKeyword(WebUIKeywordMain.groovy:43)
	at com.kms.katalon.core.webui.keyword.internal.WebUIKeywordMain$runKeyword.call(Unknown Source)
	at com.kms.katalon.core.webui.keyword.builtin.VerifyElementNotPresentKeyword.verifyElementNotPresent(VerifyElementNotPresentKeyword.groovy:131)
	at com.kms.katalon.core.webui.keyword.builtin.VerifyElementNotPresentKeyword.execute(VerifyElementNotPresentKeyword.groovy:69)
	at com.kms.katalon.core.keyword.internal.KeywordExecutor.executeKeywordForPlatform(KeywordExecutor.groovy:74)
	at com.kms.katalon.core.webui.keyword.WebUiBuiltInKeywords.verifyElementNotPresent(WebUiBuiltInKeywords.groovy:1536)
	at Bed_Board_Filters.run(Bed_Board_Filters:73)
	at com.kms.katalon.core.main.ScriptEngine.run(ScriptEngine.java:194)
	at com.kms.katalon.core.main.ScriptEngine.runScriptAsRawText(ScriptEngine.java:119)
	at com.kms.katalon.core.main.TestCaseExecutor.runScript(TestCaseExecutor.java:448)
	at com.kms.katalon.core.main.TestCaseExecutor.doExecute(TestCaseExecutor.java:439)
	at com.kms.katalon.core.main.TestCaseExecutor.processExecutionPhase(TestCaseExecutor.java:418)
	at com.kms.katalon.core.main.TestCaseExecutor.accessMainPhase(TestCaseExecutor.java:410)
	at com.kms.katalon.core.main.TestCaseExecutor.execute(TestCaseExecutor.java:285)
	at com.kms.katalon.core.common.CommonExecutor.accessTestCaseMainPhase(CommonExecutor.java:65)
	at com.kms.katalon.core.main.TestSuiteExecutor.accessTestSuiteMainPhase(TestSuiteExecutor.java:150)
	at com.kms.katalon.core.main.TestSuiteExecutor.execute(TestSuiteExecutor.java:106)
	at com.kms.katalon.core.main.TestCaseMain.startTestSuite(TestCaseMain.java:180)
	at TempTestSuite1736457677469.run(TempTestSuite1736457677469.groovy:35)
	at java.base/jdk.internal.reflect.NativeMethodAccessorImpl.invoke0(Native Method)
	at java.base/jdk.internal.reflect.NativeMethodAccessorImpl.invoke(NativeMethodAccessorImpl.java:77)
	at java.base/jdk.internal.reflect.DelegatingMethodAccessorImpl.invoke(DelegatingMethodAccessorImpl.java:43)
Caused by: com.kms.katalon.core.exception.StepFailedException: Web element with id: 'Object Repository/Specific Cases Repository/LS/Home/Census/Bed_Board/Page_Bed Board/span_B Automation, B Client 1673' located by 'By.xpath: //span[normalize-space()='B Automation, B Client 1673']' is present after '30' second(s)
	at com.kms.katalon.core.webui.keyword.internal.WebUIKeywordMain.stepFailed(WebUIKeywordMain.groovy:117)
	at com.kms.katalon.core.webui.keyword.internal.WebUIKeywordMain$stepFailed$0.call(Unknown Source)
	at com.kms.katalon.core.webui.keyword.builtin.VerifyElementNotPresentKeyword$_verifyElementNotPresent_closure1.doCall(VerifyElementNotPresentKeyword.groovy:122)
	at com.kms.katalon.core.webui.keyword.builtin.VerifyElementNotPresentKeyword$_verifyElementNotPresent_closure1.doCall(VerifyElementNotPresentKeyword.groovy)
	at java.base/jdk.internal.reflect.NativeMethodAccessorImpl.invoke0(Native Method)
	at java.base/jdk.internal.reflect.NativeMethodAccessorImpl.invoke(NativeMethodAccessorImpl.java:77)
	at java.base/jdk.internal.reflect.DelegatingMethodAccessorImpl.invoke(DelegatingMethodAccessorImpl.java:43)
	at com.kms.katalon.core.webui.keyword.internal.WebUIKeywordMain.runKeyword(WebUIKeywordMain.groovy:35)
	... 21 more]]></system-err>
      </testcase>
      <testcase name="Test Cases/Specific Cases/LS/General/Census/Bed Board/Bed_Board_Notes" time="42.475" classname="Test Cases/Specific Cases/LS/General/Census/Bed Board/Bed_Board_Notes" status="PASSED">
         <system-out><![CDATA[09-01-2025T16:28:50 - [TEST_CASE][PASSED] - Test Cases/Specific Cases/LS/General/Census/Bed Board/Bed_Board_Notes: Test Cases/Specific Cases/LS/General/Census/Bed Board/Bed_Board_Notes

09-01-2025T16:28:50 - [TEST_STEP][PASSED] - callTestCase(findTestCase("Common Cases/Login"), [:], STOP_ON_FAILURE): Call Test Case 'Test Cases/Common Cases/Login' successfully

09-01-2025T16:28:50 - [TEST_CASE][PASSED] - Test Cases/Common Cases/Login: Test Cases/Common Cases/Login

09-01-2025T16:28:50 - [TEST_STEP][PASSED] - openBrowser(""): Browser is opened with url: ''

09-01-2025T16:28:50 - [MESSAGE][WARNING] - A browser is already opened. Closing browser and opening a new one

09-01-2025T16:28:50 - [MESSAGE][INFO] - Starting 'Chrome' driver

09-01-2025T16:28:50 - [MESSAGE][INFO] - Action delay is set to 0 milliseconds

09-01-2025T16:28:51 - [MESSAGE][PASSED] - Browser is opened with url: ''

09-01-2025T16:28:51 - [TEST_STEP][PASSED] - maximizeWindow(): Current window maximized

09-01-2025T16:28:51 - [MESSAGE][PASSED] - Current window maximized

09-01-2025T16:28:51 - [TEST_STEP][PASSED] - navigateToUrl("https://site17.lsapp.cloud/auth/login"): Navigate to 'https://site17.lsapp.cloud/auth/login' successfully

09-01-2025T16:28:54 - [MESSAGE][PASSED] - Navigate to 'https://site17.lsapp.cloud/auth/login' successfully

09-01-2025T16:28:54 - [TEST_STEP][PASSED] - setText(findTestObject("Object Repository/Common Cases Repository/Login/Page_Lightning Step/input_Email_email"), "automation@lightningstep.com"): Text 'automation@lightningstep.com' is set on object 'Object Repository/Common Cases Repository/Login/Page_Lightning Step/input_Email_email'

09-01-2025T16:28:55 - [MESSAGE][PASSED] - Text 'automation@lightningstep.com' is set on object 'Object Repository/Common Cases Repository/Login/Page_Lightning Step/input_Email_email'

09-01-2025T16:28:55 - [TEST_STEP][PASSED] - setEncryptedText(findTestObject("Object Repository/Common Cases Repository/Login/Page_Lightning Step/input_Password_password"), "e5N8VHmnhJDITtQaQhDQDw=="): Text ****** has been set on object 'Object Repository/Common Cases Repository/Login/Page_Lightning Step/input_Password_password'

09-01-2025T16:28:55 - [MESSAGE][PASSED] - Text ****** has been set on object 'Object Repository/Common Cases Repository/Login/Page_Lightning Step/input_Password_password'

09-01-2025T16:28:55 - [TEST_STEP][PASSED] - click(findTestObject("Object Repository/Common Cases Repository/Login/Page_Lightning Step/button_Sign in")): Object: 'Object Repository/Common Cases Repository/Login/Page_Lightning Step/button_Sign in' is clicked on

09-01-2025T16:29:01 - [MESSAGE][PASSED] - Object: 'Object Repository/Common Cases Repository/Login/Page_Lightning Step/button_Sign in' is clicked on

09-01-2025T16:29:01 - [MESSAGE][PASSED] - Call Test Case 'Test Cases/Common Cases/Login' successfully

09-01-2025T16:29:01 - [TEST_STEP][PASSED] - click(findTestObject("Object Repository/Specific Cases Repository/LS/Home/Census/Bed_Board/Bead_Board_Notes/Page_Home/a_Census")): Object: 'Object Repository/Specific Cases Repository/LS/Home/Census/Bed_Board/Bead_Board_Notes/Page_Home/a_Census' is clicked on

09-01-2025T16:29:02 - [MESSAGE][PASSED] - Object: 'Object Repository/Specific Cases Repository/LS/Home/Census/Bed_Board/Bead_Board_Notes/Page_Home/a_Census' is clicked on

09-01-2025T16:29:02 - [TEST_STEP][PASSED] - click(findTestObject("Object Repository/Specific Cases Repository/LS/Home/Census/Bed_Board/Bead_Board_Notes/Page_Home/a_bed                     Bed Board")): Object: 'Object Repository/Specific Cases Repository/LS/Home/Census/Bed_Board/Bead_Board_Notes/Page_Home/a_bed                     Bed Board' is clicked on

09-01-2025T16:29:06 - [MESSAGE][PASSED] - Object: 'Object Repository/Specific Cases Repository/LS/Home/Census/Bed_Board/Bead_Board_Notes/Page_Home/a_bed                     Bed Board' is clicked on

09-01-2025T16:29:06 - [TEST_STEP][PASSED] - navigateToUrl("https://site17.lsapp.cloud/dbkeymetrics/bedboard"): Navigate to 'https://site17.lsapp.cloud/dbkeymetrics/bedboard' successfully

09-01-2025T16:29:10 - [MESSAGE][PASSED] - Navigate to 'https://site17.lsapp.cloud/dbkeymetrics/bedboard' successfully

09-01-2025T16:29:10 - [TEST_STEP][PASSED] - click(findTestObject("Object Repository/Specific Cases Repository/LS/Home/Census/Bed_Board/Bead_Board_Notes/Page_Bed Board/a_Bed Management")): Object: 'Object Repository/Specific Cases Repository/LS/Home/Census/Bed_Board/Bead_Board_Notes/Page_Bed Board/a_Bed Management' is clicked on

09-01-2025T16:29:13 - [MESSAGE][PASSED] - Object: 'Object Repository/Specific Cases Repository/LS/Home/Census/Bed_Board/Bead_Board_Notes/Page_Bed Board/a_Bed Management' is clicked on

09-01-2025T16:29:13 - [TEST_STEP][PASSED] - click(findTestObject("Object Repository/Specific Cases Repository/LS/Home/Census/Bed_Board/Bead_Board_Notes/Page_Bed Management Dashboard/i_Room  1  (Male)_roomnote1")): Object: 'Object Repository/Specific Cases Repository/LS/Home/Census/Bed_Board/Bead_Board_Notes/Page_Bed Management Dashboard/i_Room  1  (Male)_roomnote1' is clicked on

09-01-2025T16:29:16 - [MESSAGE][PASSED] - Object: 'Object Repository/Specific Cases Repository/LS/Home/Census/Bed_Board/Bead_Board_Notes/Page_Bed Management Dashboard/i_Room  1  (Male)_roomnote1' is clicked on

09-01-2025T16:29:16 - [TEST_STEP][PASSED] - setText(findTestObject("Object Repository/Specific Cases Repository/LS/Home/Census/Bed_Board/Bead_Board_Notes/Page_Bed Management Dashboard/textarea_Room Note_mdl_roombednote_note"), "Room Test Note Automation"): Text 'Room Test Note Automation' is set on object 'Object Repository/Specific Cases Repository/LS/Home/Census/Bed_Board/Bead_Board_Notes/Page_Bed Management Dashboard/textarea_Room Note_mdl_roombednote_note'

09-01-2025T16:29:18 - [MESSAGE][PASSED] - Text 'Room Test Note Automation' is set on object 'Object Repository/Specific Cases Repository/LS/Home/Census/Bed_Board/Bead_Board_Notes/Page_Bed Management Dashboard/textarea_Room Note_mdl_roombednote_note'

09-01-2025T16:29:18 - [TEST_STEP][PASSED] - click(findTestObject("Specific Cases Repository/LS/Home/Census/Bed_Board/Bead_Board_Notes/Page_Bed Management Dashboard/div_Bed Note                               _7b91a6")): Object: 'Object Repository/Specific Cases Repository/LS/Home/Census/Bed_Board/Bead_Board_Notes/Page_Bed Management Dashboard/div_Bed Note                               _7b91a6' is clicked on

09-01-2025T16:29:18 - [MESSAGE][PASSED] - Object: 'Object Repository/Specific Cases Repository/LS/Home/Census/Bed_Board/Bead_Board_Notes/Page_Bed Management Dashboard/div_Bed Note                               _7b91a6' is clicked on

09-01-2025T16:29:18 - [TEST_STEP][PASSED] - click(findTestObject("Object Repository/Specific Cases Repository/LS/Home/Census/Bed_Board/Bead_Board_Notes/Page_Bed Management Dashboard/i_Room  1  (Male)_bednote1")): Object: 'Object Repository/Specific Cases Repository/LS/Home/Census/Bed_Board/Bead_Board_Notes/Page_Bed Management Dashboard/i_Room  1  (Male)_bednote1' is clicked on

09-01-2025T16:29:19 - [MESSAGE][PASSED] - Object: 'Object Repository/Specific Cases Repository/LS/Home/Census/Bed_Board/Bead_Board_Notes/Page_Bed Management Dashboard/i_Room  1  (Male)_bednote1' is clicked on

09-01-2025T16:29:19 - [TEST_STEP][PASSED] - setText(findTestObject("Object Repository/Specific Cases Repository/LS/Home/Census/Bed_Board/Bead_Board_Notes/Page_Bed Management Dashboard/textarea_Room Note_mdl_roombednote_note"), "Bed Note Test Automation"): Text 'Bed Note Test Automation' is set on object 'Object Repository/Specific Cases Repository/LS/Home/Census/Bed_Board/Bead_Board_Notes/Page_Bed Management Dashboard/textarea_Room Note_mdl_roombednote_note'

09-01-2025T16:29:21 - [MESSAGE][PASSED] - Text 'Bed Note Test Automation' is set on object 'Object Repository/Specific Cases Repository/LS/Home/Census/Bed_Board/Bead_Board_Notes/Page_Bed Management Dashboard/textarea_Room Note_mdl_roombednote_note'

09-01-2025T16:29:21 - [TEST_STEP][PASSED] - click(findTestObject("Specific Cases Repository/LS/Home/Census/Bed_Board/Bead_Board_Notes/Page_Bed Management Dashboard/div_Bed Note                               _7b91a6")): Object: 'Object Repository/Specific Cases Repository/LS/Home/Census/Bed_Board/Bead_Board_Notes/Page_Bed Management Dashboard/div_Bed Note                               _7b91a6' is clicked on

09-01-2025T16:29:21 - [MESSAGE][PASSED] - Object: 'Object Repository/Specific Cases Repository/LS/Home/Census/Bed_Board/Bead_Board_Notes/Page_Bed Management Dashboard/div_Bed Note                               _7b91a6' is clicked on

09-01-2025T16:29:21 - [TEST_STEP][PASSED] - click(findTestObject("Object Repository/Specific Cases Repository/LS/Home/Census/Bed_Board/Bead_Board_Notes/Page_Bed Management Dashboard/a_Home")): Object: 'Object Repository/Specific Cases Repository/LS/Home/Census/Bed_Board/Bead_Board_Notes/Page_Bed Management Dashboard/a_Home' is clicked on

09-01-2025T16:29:26 - [MESSAGE][PASSED] - Object: 'Object Repository/Specific Cases Repository/LS/Home/Census/Bed_Board/Bead_Board_Notes/Page_Bed Management Dashboard/a_Home' is clicked on

09-01-2025T16:29:26 - [TEST_STEP][PASSED] - click(findTestObject("Object Repository/Specific Cases Repository/LS/Home/Census/Bed_Board/Bead_Board_Notes/Page_Home/a_bed                     Bed Board")): Object: 'Object Repository/Specific Cases Repository/LS/Home/Census/Bed_Board/Bead_Board_Notes/Page_Home/a_bed                     Bed Board' is clicked on

09-01-2025T16:29:30 - [MESSAGE][PASSED] - Object: 'Object Repository/Specific Cases Repository/LS/Home/Census/Bed_Board/Bead_Board_Notes/Page_Home/a_bed                     Bed Board' is clicked on

09-01-2025T16:29:30 - [TEST_STEP][PASSED] - verifyElementPresent(findTestObject("Object Repository/Specific Cases Repository/LS/Home/Census/Bed_Board/Bead_Board_Notes/Page_Bed Board/i_Mens Residential_fa fa-info-circle text-info"), 0): Object 'Object Repository/Specific Cases Repository/LS/Home/Census/Bed_Board/Bead_Board_Notes/Page_Bed Board/i_Mens Residential_fa fa-info-circle text-info' is present

09-01-2025T16:29:30 - [MESSAGE][WARNING] - Timeout '0' is invalid. Using default page load timeout: '30'

09-01-2025T16:29:31 - [MESSAGE][PASSED] - Object 'Object Repository/Specific Cases Repository/LS/Home/Census/Bed_Board/Bead_Board_Notes/Page_Bed Board/i_Mens Residential_fa fa-info-circle text-info' is present

09-01-2025T16:29:31 - [TEST_STEP][PASSED] - click(findTestObject("Object Repository/Specific Cases Repository/LS/Home/Census/Bed_Board/Bead_Board_Notes/Page_Bed Board/i_Mens Residential_fa fa-info-circle text-info")): Object: 'Object Repository/Specific Cases Repository/LS/Home/Census/Bed_Board/Bead_Board_Notes/Page_Bed Board/i_Mens Residential_fa fa-info-circle text-info' is clicked on

09-01-2025T16:29:31 - [MESSAGE][PASSED] - Object: 'Object Repository/Specific Cases Repository/LS/Home/Census/Bed_Board/Bead_Board_Notes/Page_Bed Board/i_Mens Residential_fa fa-info-circle text-info' is clicked on

09-01-2025T16:29:31 - [TEST_STEP][PASSED] - verifyElementText(findTestObject("Object Repository/Specific Cases Repository/LS/Home/Census/Bed_Board/Bead_Board_Notes/Page_Bed Board/b_Bed note"), "Bed note:"): Actual text and expected text of test object 'Object Repository/Specific Cases Repository/LS/Home/Census/Bed_Board/Bead_Board_Notes/Page_Bed Board/b_Bed note' are matched.

09-01-2025T16:29:31 - [MESSAGE][PASSED] - Actual text and expected text of test object 'Object Repository/Specific Cases Repository/LS/Home/Census/Bed_Board/Bead_Board_Notes/Page_Bed Board/b_Bed note' are matched.

09-01-2025T16:29:31 - [TEST_STEP][PASSED] - verifyElementText(findTestObject("Object Repository/Specific Cases Repository/LS/Home/Census/Bed_Board/Bead_Board_Notes/Page_Bed Board/b_Room note"), "Room note:"): Actual text and expected text of test object 'Object Repository/Specific Cases Repository/LS/Home/Census/Bed_Board/Bead_Board_Notes/Page_Bed Board/b_Room note' are matched.

09-01-2025T16:29:32 - [MESSAGE][PASSED] - Actual text and expected text of test object 'Object Repository/Specific Cases Repository/LS/Home/Census/Bed_Board/Bead_Board_Notes/Page_Bed Board/b_Room note' are matched.

09-01-2025T16:29:32 - [TEST_STEP][PASSED] - closeBrowser(): Browser is closed

09-01-2025T16:29:32 - [MESSAGE][PASSED] - Browser is closed]]></system-out>
         <system-err><![CDATA[]]></system-err>
      </testcase>
      <testcase name="Test Cases/Specific Cases/LS/General/Census/Bed Board/Bed_Board_forward_back_fucntions" time="34.971" classname="Test Cases/Specific Cases/LS/General/Census/Bed Board/Bed_Board_forward_back_fucntions" status="PASSED">
         <system-out><![CDATA[09-01-2025T16:29:32 - [TEST_CASE][PASSED] - Test Cases/Specific Cases/LS/General/Census/Bed Board/Bed_Board_forward_back_fucntions: Test Cases/Specific Cases/LS/General/Census/Bed Board/Bed_Board_forward_back_fucntions

09-01-2025T16:29:32 - [TEST_STEP][PASSED] - callTestCase(findTestCase("Common Cases/Login"), [:], STOP_ON_FAILURE): Call Test Case 'Test Cases/Common Cases/Login' successfully

09-01-2025T16:29:32 - [TEST_CASE][PASSED] - Test Cases/Common Cases/Login: Test Cases/Common Cases/Login

09-01-2025T16:29:32 - [TEST_STEP][PASSED] - openBrowser(""): Browser is opened with url: ''

09-01-2025T16:29:32 - [MESSAGE][INFO] - Starting 'Chrome' driver

09-01-2025T16:29:32 - [MESSAGE][INFO] - Action delay is set to 0 milliseconds

09-01-2025T16:29:33 - [MESSAGE][PASSED] - Browser is opened with url: ''

09-01-2025T16:29:33 - [TEST_STEP][PASSED] - maximizeWindow(): Current window maximized

09-01-2025T16:29:33 - [MESSAGE][PASSED] - Current window maximized

09-01-2025T16:29:33 - [TEST_STEP][PASSED] - navigateToUrl("https://site17.lsapp.cloud/auth/login"): Navigate to 'https://site17.lsapp.cloud/auth/login' successfully

09-01-2025T16:29:37 - [MESSAGE][PASSED] - Navigate to 'https://site17.lsapp.cloud/auth/login' successfully

09-01-2025T16:29:37 - [TEST_STEP][PASSED] - setText(findTestObject("Object Repository/Common Cases Repository/Login/Page_Lightning Step/input_Email_email"), "automation@lightningstep.com"): Text 'automation@lightningstep.com' is set on object 'Object Repository/Common Cases Repository/Login/Page_Lightning Step/input_Email_email'

09-01-2025T16:29:38 - [MESSAGE][PASSED] - Text 'automation@lightningstep.com' is set on object 'Object Repository/Common Cases Repository/Login/Page_Lightning Step/input_Email_email'

09-01-2025T16:29:38 - [TEST_STEP][PASSED] - setEncryptedText(findTestObject("Object Repository/Common Cases Repository/Login/Page_Lightning Step/input_Password_password"), "e5N8VHmnhJDITtQaQhDQDw=="): Text ****** has been set on object 'Object Repository/Common Cases Repository/Login/Page_Lightning Step/input_Password_password'

09-01-2025T16:29:39 - [MESSAGE][PASSED] - Text ****** has been set on object 'Object Repository/Common Cases Repository/Login/Page_Lightning Step/input_Password_password'

09-01-2025T16:29:39 - [TEST_STEP][PASSED] - click(findTestObject("Object Repository/Common Cases Repository/Login/Page_Lightning Step/button_Sign in")): Object: 'Object Repository/Common Cases Repository/Login/Page_Lightning Step/button_Sign in' is clicked on

09-01-2025T16:29:46 - [MESSAGE][PASSED] - Object: 'Object Repository/Common Cases Repository/Login/Page_Lightning Step/button_Sign in' is clicked on

09-01-2025T16:29:46 - [MESSAGE][PASSED] - Call Test Case 'Test Cases/Common Cases/Login' successfully

09-01-2025T16:29:46 - [TEST_STEP][PASSED] - click(findTestObject("Object Repository/Specific Cases Repository/LS/Home/Census/Bed_Board/Bed_Board_Forward_Back_Functions/Page_Home/a_Census")): Object: 'Object Repository/Specific Cases Repository/LS/Home/Census/Bed_Board/Bed_Board_Forward_Back_Functions/Page_Home/a_Census' is clicked on

09-01-2025T16:29:48 - [MESSAGE][PASSED] - Object: 'Object Repository/Specific Cases Repository/LS/Home/Census/Bed_Board/Bed_Board_Forward_Back_Functions/Page_Home/a_Census' is clicked on

09-01-2025T16:29:48 - [TEST_STEP][PASSED] - click(findTestObject("Object Repository/Specific Cases Repository/LS/Home/Census/Bed_Board/Bed_Board_Forward_Back_Functions/Page_Home/a_bed                     Bed Board")): Object: 'Object Repository/Specific Cases Repository/LS/Home/Census/Bed_Board/Bed_Board_Forward_Back_Functions/Page_Home/a_bed                     Bed Board' is clicked on

09-01-2025T16:29:55 - [MESSAGE][PASSED] - Object: 'Object Repository/Specific Cases Repository/LS/Home/Census/Bed_Board/Bed_Board_Forward_Back_Functions/Page_Home/a_bed                     Bed Board' is clicked on

09-01-2025T16:29:55 - [TEST_STEP][PASSED] - click(findTestObject("Object Repository/Specific Cases Repository/LS/Home/Census/Bed_Board/Bed_Board_Forward_Back_Functions/Page_Bed Board/a_edit")): Object: 'Object Repository/Specific Cases Repository/LS/Home/Census/Bed_Board/Bed_Board_Forward_Back_Functions/Page_Bed Board/a_edit' is clicked on

09-01-2025T16:29:56 - [MESSAGE][PASSED] - Object: 'Object Repository/Specific Cases Repository/LS/Home/Census/Bed_Board/Bed_Board_Forward_Back_Functions/Page_Bed Board/a_edit' is clicked on

09-01-2025T16:29:56 - [TEST_STEP][PASSED] - switchToWindowTitle("Bed Board"): Switched to window with title: 'Bed Board'

09-01-2025T16:29:56 - [MESSAGE][PASSED] - Switched to window with title: 'Bed Board'

09-01-2025T16:29:56 - [TEST_STEP][PASSED] - click(findTestObject("Object Repository/Specific Cases Repository/LS/Home/Census/Bed_Board/Bed_Board_Forward_Back_Functions/Page_Bed Board/a_Bed Management")): Object: 'Object Repository/Specific Cases Repository/LS/Home/Census/Bed_Board/Bed_Board_Forward_Back_Functions/Page_Bed Board/a_Bed Management' is clicked on

09-01-2025T16:29:59 - [MESSAGE][PASSED] - Object: 'Object Repository/Specific Cases Repository/LS/Home/Census/Bed_Board/Bed_Board_Forward_Back_Functions/Page_Bed Board/a_Bed Management' is clicked on

09-01-2025T16:29:59 - [TEST_STEP][PASSED] - verifyElementPresent(findTestObject("Object Repository/Specific Cases Repository/LS/Home/Census/Bed_Board/Bed_Board_Forward_Back_Functions/Page_Bed Management Dashboard/a_B Client B Automation"), 0): Object 'Object Repository/Specific Cases Repository/LS/Home/Census/Bed_Board/Bed_Board_Forward_Back_Functions/Page_Bed Management Dashboard/a_B Client B Automation' is present

09-01-2025T16:29:59 - [MESSAGE][WARNING] - Timeout '0' is invalid. Using default page load timeout: '30'

09-01-2025T16:30:03 - [MESSAGE][PASSED] - Object 'Object Repository/Specific Cases Repository/LS/Home/Census/Bed_Board/Bed_Board_Forward_Back_Functions/Page_Bed Management Dashboard/a_B Client B Automation' is present

09-01-2025T16:30:03 - [TEST_STEP][PASSED] - verifyElementPresent(findTestObject("Object Repository/Specific Cases Repository/LS/Home/Census/Bed_Board/Bed_Board_Forward_Back_Functions/Page_Bed Management Dashboard/a_C Client C Automation"), 0): Object 'Object Repository/Specific Cases Repository/LS/Home/Census/Bed_Board/Bed_Board_Forward_Back_Functions/Page_Bed Management Dashboard/a_C Client C Automation' is present

09-01-2025T16:30:03 - [MESSAGE][WARNING] - Timeout '0' is invalid. Using default page load timeout: '30'

09-01-2025T16:30:03 - [MESSAGE][PASSED] - Object 'Object Repository/Specific Cases Repository/LS/Home/Census/Bed_Board/Bed_Board_Forward_Back_Functions/Page_Bed Management Dashboard/a_C Client C Automation' is present

09-01-2025T16:30:03 - [TEST_STEP][PASSED] - verifyElementPresent(findTestObject("Object Repository/Specific Cases Repository/LS/Home/Census/Bed_Board/Bed_Board_Forward_Back_Functions/Page_Bed Management Dashboard/a_A Client A Automation"), 0): Object 'Object Repository/Specific Cases Repository/LS/Home/Census/Bed_Board/Bed_Board_Forward_Back_Functions/Page_Bed Management Dashboard/a_A Client A Automation' is present

09-01-2025T16:30:03 - [MESSAGE][WARNING] - Timeout '0' is invalid. Using default page load timeout: '30'

09-01-2025T16:30:03 - [MESSAGE][PASSED] - Object 'Object Repository/Specific Cases Repository/LS/Home/Census/Bed_Board/Bed_Board_Forward_Back_Functions/Page_Bed Management Dashboard/a_A Client A Automation' is present

09-01-2025T16:30:03 - [TEST_STEP][PASSED] - click(findTestObject("Object Repository/Specific Cases Repository/LS/Home/Census/Bed_Board/Bed_Board_Forward_Back_Functions/Page_Bed Management Dashboard/span_homepage")): Object: 'Object Repository/Specific Cases Repository/LS/Home/Census/Bed_Board/Bed_Board_Forward_Back_Functions/Page_Bed Management Dashboard/span_homepage' is clicked on

09-01-2025T16:30:07 - [MESSAGE][PASSED] - Object: 'Object Repository/Specific Cases Repository/LS/Home/Census/Bed_Board/Bed_Board_Forward_Back_Functions/Page_Bed Management Dashboard/span_homepage' is clicked on

09-01-2025T16:30:07 - [TEST_STEP][PASSED] - closeBrowser(): Browser is closed

09-01-2025T16:30:07 - [MESSAGE][PASSED] - Browser is closed]]></system-out>
         <system-err><![CDATA[]]></system-err>
      </testcase>
      <testcase name="Test Cases/Specific Cases/LS/General/Census/Advance Census/Advance_Census_ Filter" time="65.249" classname="Test Cases/Specific Cases/LS/General/Census/Advance Census/Advance_Census_ Filter" status="FAILED">
         <failure type="FAILED" message="Test Cases/Specific Cases/LS/General/Census/Advance Census/Advance_Census_ Filter FAILED.&#xa;Reason:&#xa;com.kms.katalon.core.exception.StepFailedException: Unable to verify object 'Object Repository/Specific Cases Repository/LS/Home/Census/Advance_Census/Filter/Page_Census Advanced/div_Dog Treatment Center' is not present&#xa;	at com.kms.katalon.core.webui.keyword.internal.WebUIKeywordMain.stepFailed(WebUIKeywordMain.groovy:117)&#xa;	at com.kms.katalon.core.webui.keyword.internal.WebUIKeywordMain.runKeyword(WebUIKeywordMain.groovy:43)&#xa;	at com.kms.katalon.core.webui.keyword.internal.WebUIKeywordMain$runKeyword.call(Unknown Source)&#xa;	at com.kms.katalon.core.webui.keyword.builtin.VerifyElementNotPresentKeyword.verifyElementNotPresent(VerifyElementNotPresentKeyword.groovy:131)&#xa;	at com.kms.katalon.core.webui.keyword.builtin.VerifyElementNotPresentKeyword.execute(VerifyElementNotPresentKeyword.groovy:69)&#xa;	at com.kms.katalon.core.keyword.internal.KeywordExecutor.executeKeywordForPlatform(KeywordExecutor.groovy:74)&#xa;	at com.kms.katalon.core.webui.keyword.WebUiBuiltInKeywords.verifyElementNotPresent(WebUiBuiltInKeywords.groovy:1536)&#xa;	at Advance_Census_ Filter.run(Advance_Census_ Filter:95)&#xa;	at com.kms.katalon.core.main.ScriptEngine.run(ScriptEngine.java:194)&#xa;	at com.kms.katalon.core.main.ScriptEngine.runScriptAsRawText(ScriptEngine.java:119)&#xa;	at com.kms.katalon.core.main.TestCaseExecutor.runScript(TestCaseExecutor.java:448)&#xa;	at com.kms.katalon.core.main.TestCaseExecutor.doExecute(TestCaseExecutor.java:439)&#xa;	at com.kms.katalon.core.main.TestCaseExecutor.processExecutionPhase(TestCaseExecutor.java:418)&#xa;	at com.kms.katalon.core.main.TestCaseExecutor.accessMainPhase(TestCaseExecutor.java:410)&#xa;	at com.kms.katalon.core.main.TestCaseExecutor.execute(TestCaseExecutor.java:285)&#xa;	at com.kms.katalon.core.common.CommonExecutor.accessTestCaseMainPhase(CommonExecutor.java:65)&#xa;	at com.kms.katalon.core.main.TestSuiteExecutor.accessTestSuiteMainPhase(TestSuiteExecutor.java:150)&#xa;	at com.kms.katalon.core.main.TestSuiteExecutor.execute(TestSuiteExecutor.java:106)&#xa;	at com.kms.katalon.core.main.TestCaseMain.startTestSuite(TestCaseMain.java:180)&#xa;	at TempTestSuite1736457677469.run(TempTestSuite1736457677469.groovy:35)&#xa;	at java.base/jdk.internal.reflect.NativeMethodAccessorImpl.invoke0(Native Method)&#xa;	at java.base/jdk.internal.reflect.NativeMethodAccessorImpl.invoke(NativeMethodAccessorImpl.java:77)&#xa;	at java.base/jdk.internal.reflect.DelegatingMethodAccessorImpl.invoke(DelegatingMethodAccessorImpl.java:43)&#xa;Caused by: com.kms.katalon.core.exception.StepFailedException: Web element with id: 'Object Repository/Specific Cases Repository/LS/Home/Census/Advance_Census/Filter/Page_Census Advanced/div_Dog Treatment Center' located by 'By.xpath: //div[normalize-space()='Dog Treatment Center']' is present after '30' second(s)&#xa;	at com.kms.katalon.core.webui.keyword.internal.WebUIKeywordMain.stepFailed(WebUIKeywordMain.groovy:117)&#xa;	at com.kms.katalon.core.webui.keyword.internal.WebUIKeywordMain$stepFailed$0.call(Unknown Source)&#xa;	at com.kms.katalon.core.webui.keyword.builtin.VerifyElementNotPresentKeyword$_verifyElementNotPresent_closure1.doCall(VerifyElementNotPresentKeyword.groovy:122)&#xa;	at com.kms.katalon.core.webui.keyword.builtin.VerifyElementNotPresentKeyword$_verifyElementNotPresent_closure1.doCall(VerifyElementNotPresentKeyword.groovy)&#xa;	at java.base/jdk.internal.reflect.NativeMethodAccessorImpl.invoke0(Native Method)&#xa;	at java.base/jdk.internal.reflect.NativeMethodAccessorImpl.invoke(NativeMethodAccessorImpl.java:77)&#xa;	at java.base/jdk.internal.reflect.DelegatingMethodAccessorImpl.invoke(DelegatingMethodAccessorImpl.java:43)&#xa;	at com.kms.katalon.core.webui.keyword.internal.WebUIKeywordMain.runKeyword(WebUIKeywordMain.groovy:35)&#xa;	... 21 more&#xa;"/>
         <system-out><![CDATA[09-01-2025T16:30:07 - [TEST_CASE][FAILED] - Test Cases/Specific Cases/LS/General/Census/Advance Census/Advance_Census_ Filter: Test Cases/Specific Cases/LS/General/Census/Advance Census/Advance_Census_ Filter FAILED.
Reason:
com.kms.katalon.core.exception.StepFailedException: Unable to verify object 'Object Repository/Specific Cases Repository/LS/Home/Census/Advance_Census/Filter/Page_Census Advanced/div_Dog Treatment Center' is not present
	at com.kms.katalon.core.webui.keyword.internal.WebUIKeywordMain.stepFailed(WebUIKeywordMain.groovy:117)
	at com.kms.katalon.core.webui.keyword.internal.WebUIKeywordMain.runKeyword(WebUIKeywordMain.groovy:43)
	at com.kms.katalon.core.webui.keyword.internal.WebUIKeywordMain$runKeyword.call(Unknown Source)
	at com.kms.katalon.core.webui.keyword.builtin.VerifyElementNotPresentKeyword.verifyElementNotPresent(VerifyElementNotPresentKeyword.groovy:131)
	at com.kms.katalon.core.webui.keyword.builtin.VerifyElementNotPresentKeyword.execute(VerifyElementNotPresentKeyword.groovy:69)
	at com.kms.katalon.core.keyword.internal.KeywordExecutor.executeKeywordForPlatform(KeywordExecutor.groovy:74)
	at com.kms.katalon.core.webui.keyword.WebUiBuiltInKeywords.verifyElementNotPresent(WebUiBuiltInKeywords.groovy:1536)
	at Advance_Census_ Filter.run(Advance_Census_ Filter:95)
	at com.kms.katalon.core.main.ScriptEngine.run(ScriptEngine.java:194)
	at com.kms.katalon.core.main.ScriptEngine.runScriptAsRawText(ScriptEngine.java:119)
	at com.kms.katalon.core.main.TestCaseExecutor.runScript(TestCaseExecutor.java:448)
	at com.kms.katalon.core.main.TestCaseExecutor.doExecute(TestCaseExecutor.java:439)
	at com.kms.katalon.core.main.TestCaseExecutor.processExecutionPhase(TestCaseExecutor.java:418)
	at com.kms.katalon.core.main.TestCaseExecutor.accessMainPhase(TestCaseExecutor.java:410)
	at com.kms.katalon.core.main.TestCaseExecutor.execute(TestCaseExecutor.java:285)
	at com.kms.katalon.core.common.CommonExecutor.accessTestCaseMainPhase(CommonExecutor.java:65)
	at com.kms.katalon.core.main.TestSuiteExecutor.accessTestSuiteMainPhase(TestSuiteExecutor.java:150)
	at com.kms.katalon.core.main.TestSuiteExecutor.execute(TestSuiteExecutor.java:106)
	at com.kms.katalon.core.main.TestCaseMain.startTestSuite(TestCaseMain.java:180)
	at TempTestSuite1736457677469.run(TempTestSuite1736457677469.groovy:35)
	at java.base/jdk.internal.reflect.NativeMethodAccessorImpl.invoke0(Native Method)
	at java.base/jdk.internal.reflect.NativeMethodAccessorImpl.invoke(NativeMethodAccessorImpl.java:77)
	at java.base/jdk.internal.reflect.DelegatingMethodAccessorImpl.invoke(DelegatingMethodAccessorImpl.java:43)
Caused by: com.kms.katalon.core.exception.StepFailedException: Web element with id: 'Object Repository/Specific Cases Repository/LS/Home/Census/Advance_Census/Filter/Page_Census Advanced/div_Dog Treatment Center' located by 'By.xpath: //div[normalize-space()='Dog Treatment Center']' is present after '30' second(s)
	at com.kms.katalon.core.webui.keyword.internal.WebUIKeywordMain.stepFailed(WebUIKeywordMain.groovy:117)
	at com.kms.katalon.core.webui.keyword.internal.WebUIKeywordMain$stepFailed$0.call(Unknown Source)
	at com.kms.katalon.core.webui.keyword.builtin.VerifyElementNotPresentKeyword$_verifyElementNotPresent_closure1.doCall(VerifyElementNotPresentKeyword.groovy:122)
	at com.kms.katalon.core.webui.keyword.builtin.VerifyElementNotPresentKeyword$_verifyElementNotPresent_closure1.doCall(VerifyElementNotPresentKeyword.groovy)
	at java.base/jdk.internal.reflect.NativeMethodAccessorImpl.invoke0(Native Method)
	at java.base/jdk.internal.reflect.NativeMethodAccessorImpl.invoke(NativeMethodAccessorImpl.java:77)
	at java.base/jdk.internal.reflect.DelegatingMethodAccessorImpl.invoke(DelegatingMethodAccessorImpl.java:43)
	at com.kms.katalon.core.webui.keyword.internal.WebUIKeywordMain.runKeyword(WebUIKeywordMain.groovy:35)
	... 21 more


09-01-2025T16:30:07 - [TEST_STEP][PASSED] - callTestCase(findTestCase("Common Cases/Login"), [:], STOP_ON_FAILURE): Call Test Case 'Test Cases/Common Cases/Login' successfully

09-01-2025T16:30:07 - [TEST_CASE][PASSED] - Test Cases/Common Cases/Login: Test Cases/Common Cases/Login

09-01-2025T16:30:07 - [TEST_STEP][PASSED] - openBrowser(""): Browser is opened with url: ''

09-01-2025T16:30:07 - [MESSAGE][INFO] - Starting 'Chrome' driver

09-01-2025T16:30:07 - [MESSAGE][INFO] - Action delay is set to 0 milliseconds

09-01-2025T16:30:08 - [MESSAGE][PASSED] - Browser is opened with url: ''

09-01-2025T16:30:08 - [TEST_STEP][PASSED] - maximizeWindow(): Current window maximized

09-01-2025T16:30:08 - [MESSAGE][PASSED] - Current window maximized

09-01-2025T16:30:08 - [TEST_STEP][PASSED] - navigateToUrl("https://site17.lsapp.cloud/auth/login"): Navigate to 'https://site17.lsapp.cloud/auth/login' successfully

09-01-2025T16:30:12 - [MESSAGE][PASSED] - Navigate to 'https://site17.lsapp.cloud/auth/login' successfully

09-01-2025T16:30:12 - [TEST_STEP][PASSED] - setText(findTestObject("Object Repository/Common Cases Repository/Login/Page_Lightning Step/input_Email_email"), "automation@lightningstep.com"): Text 'automation@lightningstep.com' is set on object 'Object Repository/Common Cases Repository/Login/Page_Lightning Step/input_Email_email'

09-01-2025T16:30:13 - [MESSAGE][PASSED] - Text 'automation@lightningstep.com' is set on object 'Object Repository/Common Cases Repository/Login/Page_Lightning Step/input_Email_email'

09-01-2025T16:30:13 - [TEST_STEP][PASSED] - setEncryptedText(findTestObject("Object Repository/Common Cases Repository/Login/Page_Lightning Step/input_Password_password"), "e5N8VHmnhJDITtQaQhDQDw=="): Text ****** has been set on object 'Object Repository/Common Cases Repository/Login/Page_Lightning Step/input_Password_password'

09-01-2025T16:30:13 - [MESSAGE][PASSED] - Text ****** has been set on object 'Object Repository/Common Cases Repository/Login/Page_Lightning Step/input_Password_password'

09-01-2025T16:30:13 - [TEST_STEP][PASSED] - click(findTestObject("Object Repository/Common Cases Repository/Login/Page_Lightning Step/button_Sign in")): Object: 'Object Repository/Common Cases Repository/Login/Page_Lightning Step/button_Sign in' is clicked on

09-01-2025T16:30:20 - [MESSAGE][PASSED] - Object: 'Object Repository/Common Cases Repository/Login/Page_Lightning Step/button_Sign in' is clicked on

09-01-2025T16:30:20 - [MESSAGE][PASSED] - Call Test Case 'Test Cases/Common Cases/Login' successfully

09-01-2025T16:30:20 - [TEST_STEP][PASSED] - click(findTestObject("Object Repository/Specific Cases Repository/LS/Home/Census/Advance_Census/Filter/Page_Home/a_Census")): Object: 'Object Repository/Specific Cases Repository/LS/Home/Census/Advance_Census/Filter/Page_Home/a_Census' is clicked on

09-01-2025T16:30:21 - [MESSAGE][PASSED] - Object: 'Object Repository/Specific Cases Repository/LS/Home/Census/Advance_Census/Filter/Page_Home/a_Census' is clicked on

09-01-2025T16:30:21 - [TEST_STEP][PASSED] - click(findTestObject("Object Repository/Specific Cases Repository/LS/Home/Census/Advance_Census/Filter/Page_Home/a_groups                                   _f7379d")): Object: 'Object Repository/Specific Cases Repository/LS/Home/Census/Advance_Census/Filter/Page_Home/a_groups                                   _f7379d' is clicked on

09-01-2025T16:30:27 - [MESSAGE][PASSED] - Object: 'Object Repository/Specific Cases Repository/LS/Home/Census/Advance_Census/Filter/Page_Home/a_groups                                   _f7379d' is clicked on

09-01-2025T16:30:27 - [TEST_STEP][PASSED] - selectOptionByValue(findTestObject("Object Repository/Specific Cases Repository/LS/Home/Census/Advance_Census/Filter/Page_Census Advanced/select_Field                        Client _7d7547"), "client", true): All options with value 'client' are selected in object 'Object Repository/Specific Cases Repository/LS/Home/Census/Advance_Census/Filter/Page_Census Advanced/select_Field                        Client _7d7547'  using regular expression

09-01-2025T16:30:28 - [MESSAGE][PASSED] - All options with value 'client' are selected in object 'Object Repository/Specific Cases Repository/LS/Home/Census/Advance_Census/Filter/Page_Census Advanced/select_Field                        Client _7d7547'  using regular expression

09-01-2025T16:30:28 - [TEST_STEP][PASSED] - selectOptionByValue(findTestObject("Object Repository/Specific Cases Repository/LS/Home/Census/Advance_Census/Filter/Page_Census Advanced/select_Type                                _34fc29"), "like", true): All options with value 'like' are selected in object 'Object Repository/Specific Cases Repository/LS/Home/Census/Advance_Census/Filter/Page_Census Advanced/select_Type                                _34fc29'  using regular expression

09-01-2025T16:30:29 - [MESSAGE][PASSED] - All options with value 'like' are selected in object 'Object Repository/Specific Cases Repository/LS/Home/Census/Advance_Census/Filter/Page_Census Advanced/select_Type                                _34fc29'  using regular expression

09-01-2025T16:30:29 - [TEST_STEP][PASSED] - setText(findTestObject("Object Repository/Specific Cases Repository/LS/Home/Census/Advance_Census/Filter/Page_Census Advanced/input_Field_filter-value"), "B"): Text 'B' is set on object 'Object Repository/Specific Cases Repository/LS/Home/Census/Advance_Census/Filter/Page_Census Advanced/input_Field_filter-value'

09-01-2025T16:30:30 - [MESSAGE][PASSED] - Text 'B' is set on object 'Object Repository/Specific Cases Repository/LS/Home/Census/Advance_Census/Filter/Page_Census Advanced/input_Field_filter-value'

09-01-2025T16:30:30 - [TEST_STEP][PASSED] - verifyElementText(findTestObject("Object Repository/Specific Cases Repository/LS/Home/Census/Advance_Census/Filter/Page_Census Advanced/div_Dog Treatment Center"), "Dog Treatment Center"): Actual text and expected text of test object 'Object Repository/Specific Cases Repository/LS/Home/Census/Advance_Census/Filter/Page_Census Advanced/div_Dog Treatment Center' are matched.

09-01-2025T16:30:31 - [MESSAGE][PASSED] - Actual text and expected text of test object 'Object Repository/Specific Cases Repository/LS/Home/Census/Advance_Census/Filter/Page_Census Advanced/div_Dog Treatment Center' are matched.

09-01-2025T16:30:31 - [TEST_STEP][PASSED] - verifyElementNotPresent(findTestObject("Specific Cases Repository/LS/Home/Census/Advance_Census/Filter/Page_Census Advanced/div_Satellite Office"), 0): Web element with id: 'Object Repository/Specific Cases Repository/LS/Home/Census/Advance_Census/Filter/Page_Census Advanced/div_Satellite Office' located by 'By.xpath: //div[normalize-space()='Satellite Office']' is not present after '30' second(s)

09-01-2025T16:30:31 - [MESSAGE][WARNING] - Timeout '0' is invalid. Using default page load timeout: '30'

09-01-2025T16:30:31 - [MESSAGE][PASSED] - Web element with id: 'Object Repository/Specific Cases Repository/LS/Home/Census/Advance_Census/Filter/Page_Census Advanced/div_Satellite Office' located by 'By.xpath: //div[normalize-space()='Satellite Office']' is not present after '30' second(s)

09-01-2025T16:30:31 - [TEST_STEP][PASSED] - verifyElementNotPresent(findTestObject("Specific Cases Repository/LS/Home/Census/Advance_Census/Filter/Page_Census Advanced/div_Cat Treatment Center"), 0): Web element with id: 'Object Repository/Specific Cases Repository/LS/Home/Census/Advance_Census/Filter/Page_Census Advanced/div_Cat Treatment Center' located by 'By.xpath: //div[normalize-space()='Cat Treatment Center']' is not present after '30' second(s)

09-01-2025T16:30:31 - [MESSAGE][WARNING] - Timeout '0' is invalid. Using default page load timeout: '30'

09-01-2025T16:30:31 - [MESSAGE][PASSED] - Web element with id: 'Object Repository/Specific Cases Repository/LS/Home/Census/Advance_Census/Filter/Page_Census Advanced/div_Cat Treatment Center' located by 'By.xpath: //div[normalize-space()='Cat Treatment Center']' is not present after '30' second(s)

09-01-2025T16:30:31 - [TEST_STEP][PASSED] - setText(findTestObject("Object Repository/Specific Cases Repository/LS/Home/Census/Advance_Census/Filter/Page_Census Advanced/input_Field_filter-value"), ""): Text '' is set on object 'Object Repository/Specific Cases Repository/LS/Home/Census/Advance_Census/Filter/Page_Census Advanced/input_Field_filter-value'

09-01-2025T16:30:32 - [MESSAGE][PASSED] - Text '' is set on object 'Object Repository/Specific Cases Repository/LS/Home/Census/Advance_Census/Filter/Page_Census Advanced/input_Field_filter-value'

09-01-2025T16:30:32 - [TEST_STEP][PASSED] - selectOptionByValue(findTestObject("Object Repository/Specific Cases Repository/LS/Home/Census/Advance_Census/Filter/Page_Census Advanced/select_Field                        Client _7d7547"), "dob", true): All options with value 'dob' are selected in object 'Object Repository/Specific Cases Repository/LS/Home/Census/Advance_Census/Filter/Page_Census Advanced/select_Field                        Client _7d7547'  using regular expression

09-01-2025T16:30:33 - [MESSAGE][PASSED] - All options with value 'dob' are selected in object 'Object Repository/Specific Cases Repository/LS/Home/Census/Advance_Census/Filter/Page_Census Advanced/select_Field                        Client _7d7547'  using regular expression

09-01-2025T16:30:33 - [TEST_STEP][PASSED] - selectOptionByValue(findTestObject("Object Repository/Specific Cases Repository/LS/Home/Census/Advance_Census/Filter/Page_Census Advanced/select_Type                                _34fc29"), "=", true): All options with value '=' are selected in object 'Object Repository/Specific Cases Repository/LS/Home/Census/Advance_Census/Filter/Page_Census Advanced/select_Type                                _34fc29'  using regular expression

09-01-2025T16:30:34 - [MESSAGE][PASSED] - All options with value '=' are selected in object 'Object Repository/Specific Cases Repository/LS/Home/Census/Advance_Census/Filter/Page_Census Advanced/select_Type                                _34fc29'  using regular expression

09-01-2025T16:30:34 - [TEST_STEP][PASSED] - setText(findTestObject("Object Repository/Specific Cases Repository/LS/Home/Census/Advance_Census/Filter/Page_Census Advanced/input_Field_filter-value"), "01/02/2001"): Text '01/02/2001' is set on object 'Object Repository/Specific Cases Repository/LS/Home/Census/Advance_Census/Filter/Page_Census Advanced/input_Field_filter-value'

09-01-2025T16:30:35 - [MESSAGE][PASSED] - Text '01/02/2001' is set on object 'Object Repository/Specific Cases Repository/LS/Home/Census/Advance_Census/Filter/Page_Census Advanced/input_Field_filter-value'

09-01-2025T16:30:35 - [TEST_STEP][PASSED] - verifyElementText(findTestObject("Object Repository/Specific Cases Repository/LS/Home/Census/Advance_Census/Filter/Page_Census Advanced/div_Dog Treatment Center"), "Dog Treatment Center"): Actual text and expected text of test object 'Object Repository/Specific Cases Repository/LS/Home/Census/Advance_Census/Filter/Page_Census Advanced/div_Dog Treatment Center' are matched.

09-01-2025T16:30:35 - [MESSAGE][PASSED] - Actual text and expected text of test object 'Object Repository/Specific Cases Repository/LS/Home/Census/Advance_Census/Filter/Page_Census Advanced/div_Dog Treatment Center' are matched.

09-01-2025T16:30:35 - [TEST_STEP][PASSED] - verifyElementNotPresent(findTestObject("Specific Cases Repository/LS/Home/Census/Advance_Census/Filter/Page_Census Advanced/div_Satellite Office"), 0): Web element with id: 'Object Repository/Specific Cases Repository/LS/Home/Census/Advance_Census/Filter/Page_Census Advanced/div_Satellite Office' located by 'By.xpath: //div[normalize-space()='Satellite Office']' is not present after '30' second(s)

09-01-2025T16:30:35 - [MESSAGE][WARNING] - Timeout '0' is invalid. Using default page load timeout: '30'

09-01-2025T16:30:36 - [MESSAGE][PASSED] - Web element with id: 'Object Repository/Specific Cases Repository/LS/Home/Census/Advance_Census/Filter/Page_Census Advanced/div_Satellite Office' located by 'By.xpath: //div[normalize-space()='Satellite Office']' is not present after '30' second(s)

09-01-2025T16:30:36 - [TEST_STEP][PASSED] - verifyElementNotPresent(findTestObject("Specific Cases Repository/LS/Home/Census/Advance_Census/Filter/Page_Census Advanced/div_Cat Treatment Center"), 0): Web element with id: 'Object Repository/Specific Cases Repository/LS/Home/Census/Advance_Census/Filter/Page_Census Advanced/div_Cat Treatment Center' located by 'By.xpath: //div[normalize-space()='Cat Treatment Center']' is not present after '30' second(s)

09-01-2025T16:30:36 - [MESSAGE][WARNING] - Timeout '0' is invalid. Using default page load timeout: '30'

09-01-2025T16:30:36 - [MESSAGE][PASSED] - Web element with id: 'Object Repository/Specific Cases Repository/LS/Home/Census/Advance_Census/Filter/Page_Census Advanced/div_Cat Treatment Center' located by 'By.xpath: //div[normalize-space()='Cat Treatment Center']' is not present after '30' second(s)

09-01-2025T16:30:36 - [TEST_STEP][PASSED] - selectOptionByValue(findTestObject("Object Repository/Specific Cases Repository/LS/Home/Census/Advance_Census/Filter/Page_Census Advanced/select_Type                                _34fc29"), "<", true): All options with value '<' are selected in object 'Object Repository/Specific Cases Repository/LS/Home/Census/Advance_Census/Filter/Page_Census Advanced/select_Type                                _34fc29'  using regular expression

09-01-2025T16:30:37 - [MESSAGE][PASSED] - All options with value '<' are selected in object 'Object Repository/Specific Cases Repository/LS/Home/Census/Advance_Census/Filter/Page_Census Advanced/select_Type                                _34fc29'  using regular expression

09-01-2025T16:30:37 - [TEST_STEP][PASSED] - verifyElementText(findTestObject("Object Repository/Specific Cases Repository/LS/Home/Census/Advance_Census/Filter/Page_Census Advanced/div_Cat Treatment Center"), "Cat Treatment Center"): Actual text and expected text of test object 'Object Repository/Specific Cases Repository/LS/Home/Census/Advance_Census/Filter/Page_Census Advanced/div_Cat Treatment Center' are matched.

09-01-2025T16:30:37 - [MESSAGE][PASSED] - Actual text and expected text of test object 'Object Repository/Specific Cases Repository/LS/Home/Census/Advance_Census/Filter/Page_Census Advanced/div_Cat Treatment Center' are matched.

09-01-2025T16:30:37 - [TEST_STEP][PASSED] - verifyElementNotPresent(findTestObject("Specific Cases Repository/LS/Home/Census/Advance_Census/Filter/Page_Census Advanced/div_Satellite Office"), 0): Web element with id: 'Object Repository/Specific Cases Repository/LS/Home/Census/Advance_Census/Filter/Page_Census Advanced/div_Satellite Office' located by 'By.xpath: //div[normalize-space()='Satellite Office']' is not present after '30' second(s)

09-01-2025T16:30:37 - [MESSAGE][WARNING] - Timeout '0' is invalid. Using default page load timeout: '30'

09-01-2025T16:30:37 - [MESSAGE][PASSED] - Web element with id: 'Object Repository/Specific Cases Repository/LS/Home/Census/Advance_Census/Filter/Page_Census Advanced/div_Satellite Office' located by 'By.xpath: //div[normalize-space()='Satellite Office']' is not present after '30' second(s)

09-01-2025T16:30:37 - [TEST_STEP][PASSED] - verifyElementNotPresent(findTestObject("Specific Cases Repository/LS/Home/Census/Advance_Census/Filter/Page_Census Advanced/div_Dog Treatment Center"), 0): Web element with id: 'Object Repository/Specific Cases Repository/LS/Home/Census/Advance_Census/Filter/Page_Census Advanced/div_Dog Treatment Center' located by 'By.xpath: //div[normalize-space()='Dog Treatment Center']' is not present after '30' second(s)

09-01-2025T16:30:37 - [MESSAGE][WARNING] - Timeout '0' is invalid. Using default page load timeout: '30'

09-01-2025T16:30:38 - [MESSAGE][PASSED] - Web element with id: 'Object Repository/Specific Cases Repository/LS/Home/Census/Advance_Census/Filter/Page_Census Advanced/div_Dog Treatment Center' located by 'By.xpath: //div[normalize-space()='Dog Treatment Center']' is not present after '30' second(s)

09-01-2025T16:30:38 - [TEST_STEP][PASSED] - selectOptionByValue(findTestObject("Object Repository/Specific Cases Repository/LS/Home/Census/Advance_Census/Filter/Page_Census Advanced/select_Type                                _34fc29"), "<=", true): All options with value '<=' are selected in object 'Object Repository/Specific Cases Repository/LS/Home/Census/Advance_Census/Filter/Page_Census Advanced/select_Type                                _34fc29'  using regular expression

09-01-2025T16:30:39 - [MESSAGE][PASSED] - All options with value '<=' are selected in object 'Object Repository/Specific Cases Repository/LS/Home/Census/Advance_Census/Filter/Page_Census Advanced/select_Type                                _34fc29'  using regular expression

09-01-2025T16:30:39 - [TEST_STEP][PASSED] - verifyElementText(findTestObject("Object Repository/Specific Cases Repository/LS/Home/Census/Advance_Census/Filter/Page_Census Advanced/div_Cat Treatment Center"), "Cat Treatment Center"): Actual text and expected text of test object 'Object Repository/Specific Cases Repository/LS/Home/Census/Advance_Census/Filter/Page_Census Advanced/div_Cat Treatment Center' are matched.

09-01-2025T16:30:39 - [MESSAGE][PASSED] - Actual text and expected text of test object 'Object Repository/Specific Cases Repository/LS/Home/Census/Advance_Census/Filter/Page_Census Advanced/div_Cat Treatment Center' are matched.

09-01-2025T16:30:39 - [TEST_STEP][PASSED] - verifyElementText(findTestObject("Object Repository/Specific Cases Repository/LS/Home/Census/Advance_Census/Filter/Page_Census Advanced/div_Dog Treatment Center"), "Dog Treatment Center"): Actual text and expected text of test object 'Object Repository/Specific Cases Repository/LS/Home/Census/Advance_Census/Filter/Page_Census Advanced/div_Dog Treatment Center' are matched.

09-01-2025T16:30:39 - [MESSAGE][PASSED] - Actual text and expected text of test object 'Object Repository/Specific Cases Repository/LS/Home/Census/Advance_Census/Filter/Page_Census Advanced/div_Dog Treatment Center' are matched.

09-01-2025T16:30:39 - [TEST_STEP][PASSED] - verifyElementNotPresent(findTestObject("Specific Cases Repository/LS/Home/Census/Advance_Census/Filter/Page_Census Advanced/div_Satellite Office"), 0): Web element with id: 'Object Repository/Specific Cases Repository/LS/Home/Census/Advance_Census/Filter/Page_Census Advanced/div_Satellite Office' located by 'By.xpath: //div[normalize-space()='Satellite Office']' is not present after '30' second(s)

09-01-2025T16:30:39 - [MESSAGE][WARNING] - Timeout '0' is invalid. Using default page load timeout: '30'

09-01-2025T16:30:40 - [MESSAGE][PASSED] - Web element with id: 'Object Repository/Specific Cases Repository/LS/Home/Census/Advance_Census/Filter/Page_Census Advanced/div_Satellite Office' located by 'By.xpath: //div[normalize-space()='Satellite Office']' is not present after '30' second(s)

09-01-2025T16:30:40 - [TEST_STEP][PASSED] - selectOptionByValue(findTestObject("Object Repository/Specific Cases Repository/LS/Home/Census/Advance_Census/Filter/Page_Census Advanced/select_Type                                _34fc29"), ">", true): All options with value '>' are selected in object 'Object Repository/Specific Cases Repository/LS/Home/Census/Advance_Census/Filter/Page_Census Advanced/select_Type                                _34fc29'  using regular expression

09-01-2025T16:30:41 - [MESSAGE][PASSED] - All options with value '>' are selected in object 'Object Repository/Specific Cases Repository/LS/Home/Census/Advance_Census/Filter/Page_Census Advanced/select_Type                                _34fc29'  using regular expression

09-01-2025T16:30:41 - [TEST_STEP][PASSED] - verifyElementText(findTestObject("Object Repository/Specific Cases Repository/LS/Home/Census/Advance_Census/Filter/Page_Census Advanced/div_Satellite Office"), "Satellite Office"): Actual text and expected text of test object 'Object Repository/Specific Cases Repository/LS/Home/Census/Advance_Census/Filter/Page_Census Advanced/div_Satellite Office' are matched.

09-01-2025T16:30:41 - [MESSAGE][PASSED] - Actual text and expected text of test object 'Object Repository/Specific Cases Repository/LS/Home/Census/Advance_Census/Filter/Page_Census Advanced/div_Satellite Office' are matched.

09-01-2025T16:30:41 - [TEST_STEP][FAILED] - verifyElementNotPresent(findTestObject("Specific Cases Repository/LS/Home/Census/Advance_Census/Filter/Page_Census Advanced/div_Dog Treatment Center"), 0): Unable to verify object 'Object Repository/Specific Cases Repository/LS/Home/Census/Advance_Census/Filter/Page_Census Advanced/div_Dog Treatment Center' is not present (Root cause: com.kms.katalon.core.exception.StepFailedException: Unable to verify object 'Object Repository/Specific Cases Repository/LS/Home/Census/Advance_Census/Filter/Page_Census Advanced/div_Dog Treatment Center' is not present
	at com.kms.katalon.core.webui.keyword.internal.WebUIKeywordMain.stepFailed(WebUIKeywordMain.groovy:117)
	at com.kms.katalon.core.webui.keyword.internal.WebUIKeywordMain.runKeyword(WebUIKeywordMain.groovy:43)
	at com.kms.katalon.core.webui.keyword.internal.WebUIKeywordMain$runKeyword.call(Unknown Source)
	at com.kms.katalon.core.webui.keyword.builtin.VerifyElementNotPresentKeyword.verifyElementNotPresent(VerifyElementNotPresentKeyword.groovy:131)
	at com.kms.katalon.core.webui.keyword.builtin.VerifyElementNotPresentKeyword.execute(VerifyElementNotPresentKeyword.groovy:69)
	at com.kms.katalon.core.keyword.internal.KeywordExecutor.executeKeywordForPlatform(KeywordExecutor.groovy:74)
	at com.kms.katalon.core.webui.keyword.WebUiBuiltInKeywords.verifyElementNotPresent(WebUiBuiltInKeywords.groovy:1536)
	at Advance_Census_ Filter.run(Advance_Census_ Filter:95)
	at com.kms.katalon.core.main.ScriptEngine.run(ScriptEngine.java:194)
	at com.kms.katalon.core.main.ScriptEngine.runScriptAsRawText(ScriptEngine.java:119)
	at com.kms.katalon.core.main.TestCaseExecutor.runScript(TestCaseExecutor.java:448)
	at com.kms.katalon.core.main.TestCaseExecutor.doExecute(TestCaseExecutor.java:439)
	at com.kms.katalon.core.main.TestCaseExecutor.processExecutionPhase(TestCaseExecutor.java:418)
	at com.kms.katalon.core.main.TestCaseExecutor.accessMainPhase(TestCaseExecutor.java:410)
	at com.kms.katalon.core.main.TestCaseExecutor.execute(TestCaseExecutor.java:285)
	at com.kms.katalon.core.common.CommonExecutor.accessTestCaseMainPhase(CommonExecutor.java:65)
	at com.kms.katalon.core.main.TestSuiteExecutor.accessTestSuiteMainPhase(TestSuiteExecutor.java:150)
	at com.kms.katalon.core.main.TestSuiteExecutor.execute(TestSuiteExecutor.java:106)
	at com.kms.katalon.core.main.TestCaseMain.startTestSuite(TestCaseMain.java:180)
	at TempTestSuite1736457677469.run(TempTestSuite1736457677469.groovy:35)
	at java.base/jdk.internal.reflect.NativeMethodAccessorImpl.invoke0(Native Method)
	at java.base/jdk.internal.reflect.NativeMethodAccessorImpl.invoke(NativeMethodAccessorImpl.java:77)
	at java.base/jdk.internal.reflect.DelegatingMethodAccessorImpl.invoke(DelegatingMethodAccessorImpl.java:43)
Caused by: com.kms.katalon.core.exception.StepFailedException: Web element with id: 'Object Repository/Specific Cases Repository/LS/Home/Census/Advance_Census/Filter/Page_Census Advanced/div_Dog Treatment Center' located by 'By.xpath: //div[normalize-space()='Dog Treatment Center']' is present after '30' second(s)
	at com.kms.katalon.core.webui.keyword.internal.WebUIKeywordMain.stepFailed(WebUIKeywordMain.groovy:117)
	at com.kms.katalon.core.webui.keyword.internal.WebUIKeywordMain$stepFailed$0.call(Unknown Source)
	at com.kms.katalon.core.webui.keyword.builtin.VerifyElementNotPresentKeyword$_verifyElementNotPresent_closure1.doCall(VerifyElementNotPresentKeyword.groovy:122)
	at com.kms.katalon.core.webui.keyword.builtin.VerifyElementNotPresentKeyword$_verifyElementNotPresent_closure1.doCall(VerifyElementNotPresentKeyword.groovy)
	at java.base/jdk.internal.reflect.NativeMethodAccessorImpl.invoke0(Native Method)
	at java.base/jdk.internal.reflect.NativeMethodAccessorImpl.invoke(NativeMethodAccessorImpl.java:77)
	at java.base/jdk.internal.reflect.DelegatingMethodAccessorImpl.invoke(DelegatingMethodAccessorImpl.java:43)
	at com.kms.katalon.core.webui.keyword.internal.WebUIKeywordMain.runKeyword(WebUIKeywordMain.groovy:35)
	... 21 more
)

09-01-2025T16:30:41 - [MESSAGE][WARNING] - Timeout '0' is invalid. Using default page load timeout: '30'

09-01-2025T16:31:12 - [MESSAGE][FAILED] - Web element with id: 'Object Repository/Specific Cases Repository/LS/Home/Census/Advance_Census/Filter/Page_Census Advanced/div_Dog Treatment Center' located by 'By.xpath: //div[normalize-space()='Dog Treatment Center']' is present after '30' second(s) (Root cause: com.kms.katalon.core.exception.StepFailedException: Web element with id: 'Object Repository/Specific Cases Repository/LS/Home/Census/Advance_Census/Filter/Page_Census Advanced/div_Dog Treatment Center' located by 'By.xpath: //div[normalize-space()='Dog Treatment Center']' is present after '30' second(s)
	at com.kms.katalon.core.webui.keyword.internal.WebUIKeywordMain.stepFailed(WebUIKeywordMain.groovy:117)
	at com.kms.katalon.core.webui.keyword.internal.WebUIKeywordMain$stepFailed$0.call(Unknown Source)
	at com.kms.katalon.core.webui.keyword.builtin.VerifyElementNotPresentKeyword$_verifyElementNotPresent_closure1.doCall(VerifyElementNotPresentKeyword.groovy:122)
	at com.kms.katalon.core.webui.keyword.builtin.VerifyElementNotPresentKeyword$_verifyElementNotPresent_closure1.doCall(VerifyElementNotPresentKeyword.groovy)
	at java.base/jdk.internal.reflect.NativeMethodAccessorImpl.invoke0(Native Method)
	at java.base/jdk.internal.reflect.NativeMethodAccessorImpl.invoke(NativeMethodAccessorImpl.java:77)
	at java.base/jdk.internal.reflect.DelegatingMethodAccessorImpl.invoke(DelegatingMethodAccessorImpl.java:43)
	at com.kms.katalon.core.webui.keyword.internal.WebUIKeywordMain.runKeyword(WebUIKeywordMain.groovy:35)
	at com.kms.katalon.core.webui.keyword.internal.WebUIKeywordMain$runKeyword.call(Unknown Source)
	at com.kms.katalon.core.webui.keyword.builtin.VerifyElementNotPresentKeyword.verifyElementNotPresent(VerifyElementNotPresentKeyword.groovy:131)
	at com.kms.katalon.core.webui.keyword.builtin.VerifyElementNotPresentKeyword.execute(VerifyElementNotPresentKeyword.groovy:69)
	at com.kms.katalon.core.keyword.internal.KeywordExecutor.executeKeywordForPlatform(KeywordExecutor.groovy:74)
	at com.kms.katalon.core.webui.keyword.WebUiBuiltInKeywords.verifyElementNotPresent(WebUiBuiltInKeywords.groovy:1536)
	at Advance_Census_ Filter.run(Advance_Census_ Filter:95)
	at com.kms.katalon.core.main.ScriptEngine.run(ScriptEngine.java:194)
	at com.kms.katalon.core.main.ScriptEngine.runScriptAsRawText(ScriptEngine.java:119)
	at com.kms.katalon.core.main.TestCaseExecutor.runScript(TestCaseExecutor.java:448)
	at com.kms.katalon.core.main.TestCaseExecutor.doExecute(TestCaseExecutor.java:439)
	at com.kms.katalon.core.main.TestCaseExecutor.processExecutionPhase(TestCaseExecutor.java:418)
	at com.kms.katalon.core.main.TestCaseExecutor.accessMainPhase(TestCaseExecutor.java:410)
	at com.kms.katalon.core.main.TestCaseExecutor.execute(TestCaseExecutor.java:285)
	at com.kms.katalon.core.common.CommonExecutor.accessTestCaseMainPhase(CommonExecutor.java:65)
	at com.kms.katalon.core.main.TestSuiteExecutor.accessTestSuiteMainPhase(TestSuiteExecutor.java:150)
	at com.kms.katalon.core.main.TestSuiteExecutor.execute(TestSuiteExecutor.java:106)
	at com.kms.katalon.core.main.TestCaseMain.startTestSuite(TestCaseMain.java:180)
	at TempTestSuite1736457677469.run(TempTestSuite1736457677469.groovy:35)
	at java.base/jdk.internal.reflect.NativeMethodAccessorImpl.invoke0(Native Method)
	at java.base/jdk.internal.reflect.NativeMethodAccessorImpl.invoke(NativeMethodAccessorImpl.java:77)
	at java.base/jdk.internal.reflect.DelegatingMethodAccessorImpl.invoke(DelegatingMethodAccessorImpl.java:43)
)
[[ATTACHMENT|C:\\Users\\Enrique\\git\\AUTOMATION_LS\\Reports\\20250109_162114\\LS\\Home\\General\\Census\\20250109_162117\\1736458272339.png]]

09-01-2025T16:31:12 - [MESSAGE][FAILED] - Unable to verify object 'Object Repository/Specific Cases Repository/LS/Home/Census/Advance_Census/Filter/Page_Census Advanced/div_Dog Treatment Center' is not present (Root cause: com.kms.katalon.core.exception.StepFailedException: Unable to verify object 'Object Repository/Specific Cases Repository/LS/Home/Census/Advance_Census/Filter/Page_Census Advanced/div_Dog Treatment Center' is not present
	at com.kms.katalon.core.webui.keyword.internal.WebUIKeywordMain.stepFailed(WebUIKeywordMain.groovy:117)
	at com.kms.katalon.core.webui.keyword.internal.WebUIKeywordMain.runKeyword(WebUIKeywordMain.groovy:43)
	at com.kms.katalon.core.webui.keyword.internal.WebUIKeywordMain$runKeyword.call(Unknown Source)
	at com.kms.katalon.core.webui.keyword.builtin.VerifyElementNotPresentKeyword.verifyElementNotPresent(VerifyElementNotPresentKeyword.groovy:131)
	at com.kms.katalon.core.webui.keyword.builtin.VerifyElementNotPresentKeyword.execute(VerifyElementNotPresentKeyword.groovy:69)
	at com.kms.katalon.core.keyword.internal.KeywordExecutor.executeKeywordForPlatform(KeywordExecutor.groovy:74)
	at com.kms.katalon.core.webui.keyword.WebUiBuiltInKeywords.verifyElementNotPresent(WebUiBuiltInKeywords.groovy:1536)
	at Advance_Census_ Filter.run(Advance_Census_ Filter:95)
	at com.kms.katalon.core.main.ScriptEngine.run(ScriptEngine.java:194)
	at com.kms.katalon.core.main.ScriptEngine.runScriptAsRawText(ScriptEngine.java:119)
	at com.kms.katalon.core.main.TestCaseExecutor.runScript(TestCaseExecutor.java:448)
	at com.kms.katalon.core.main.TestCaseExecutor.doExecute(TestCaseExecutor.java:439)
	at com.kms.katalon.core.main.TestCaseExecutor.processExecutionPhase(TestCaseExecutor.java:418)
	at com.kms.katalon.core.main.TestCaseExecutor.accessMainPhase(TestCaseExecutor.java:410)
	at com.kms.katalon.core.main.TestCaseExecutor.execute(TestCaseExecutor.java:285)
	at com.kms.katalon.core.common.CommonExecutor.accessTestCaseMainPhase(CommonExecutor.java:65)
	at com.kms.katalon.core.main.TestSuiteExecutor.accessTestSuiteMainPhase(TestSuiteExecutor.java:150)
	at com.kms.katalon.core.main.TestSuiteExecutor.execute(TestSuiteExecutor.java:106)
	at com.kms.katalon.core.main.TestCaseMain.startTestSuite(TestCaseMain.java:180)
	at TempTestSuite1736457677469.run(TempTestSuite1736457677469.groovy:35)
	at java.base/jdk.internal.reflect.NativeMethodAccessorImpl.invoke0(Native Method)
	at java.base/jdk.internal.reflect.NativeMethodAccessorImpl.invoke(NativeMethodAccessorImpl.java:77)
	at java.base/jdk.internal.reflect.DelegatingMethodAccessorImpl.invoke(DelegatingMethodAccessorImpl.java:43)
Caused by: com.kms.katalon.core.exception.StepFailedException: Web element with id: 'Object Repository/Specific Cases Repository/LS/Home/Census/Advance_Census/Filter/Page_Census Advanced/div_Dog Treatment Center' located by 'By.xpath: //div[normalize-space()='Dog Treatment Center']' is present after '30' second(s)
	at com.kms.katalon.core.webui.keyword.internal.WebUIKeywordMain.stepFailed(WebUIKeywordMain.groovy:117)
	at com.kms.katalon.core.webui.keyword.internal.WebUIKeywordMain$stepFailed$0.call(Unknown Source)
	at com.kms.katalon.core.webui.keyword.builtin.VerifyElementNotPresentKeyword$_verifyElementNotPresent_closure1.doCall(VerifyElementNotPresentKeyword.groovy:122)
	at com.kms.katalon.core.webui.keyword.builtin.VerifyElementNotPresentKeyword$_verifyElementNotPresent_closure1.doCall(VerifyElementNotPresentKeyword.groovy)
	at java.base/jdk.internal.reflect.NativeMethodAccessorImpl.invoke0(Native Method)
	at java.base/jdk.internal.reflect.NativeMethodAccessorImpl.invoke(NativeMethodAccessorImpl.java:77)
	at java.base/jdk.internal.reflect.DelegatingMethodAccessorImpl.invoke(DelegatingMethodAccessorImpl.java:43)
	at com.kms.katalon.core.webui.keyword.internal.WebUIKeywordMain.runKeyword(WebUIKeywordMain.groovy:35)
	... 21 more
)
[[ATTACHMENT|C:\\Users\\Enrique\\git\\AUTOMATION_LS\\Reports\\20250109_162114\\LS\\Home\\General\\Census\\20250109_162117\\1736458272556.png]]]]></system-out>
         <system-err><![CDATA[09-01-2025T16:30:07 - [TEST_CASE][FAILED] - Test Cases/Specific Cases/LS/General/Census/Advance Census/Advance_Census_ Filter: Test Cases/Specific Cases/LS/General/Census/Advance Census/Advance_Census_ Filter FAILED.
Reason:
com.kms.katalon.core.exception.StepFailedException: Unable to verify object 'Object Repository/Specific Cases Repository/LS/Home/Census/Advance_Census/Filter/Page_Census Advanced/div_Dog Treatment Center' is not present
	at com.kms.katalon.core.webui.keyword.internal.WebUIKeywordMain.stepFailed(WebUIKeywordMain.groovy:117)
	at com.kms.katalon.core.webui.keyword.internal.WebUIKeywordMain.runKeyword(WebUIKeywordMain.groovy:43)
	at com.kms.katalon.core.webui.keyword.internal.WebUIKeywordMain$runKeyword.call(Unknown Source)
	at com.kms.katalon.core.webui.keyword.builtin.VerifyElementNotPresentKeyword.verifyElementNotPresent(VerifyElementNotPresentKeyword.groovy:131)
	at com.kms.katalon.core.webui.keyword.builtin.VerifyElementNotPresentKeyword.execute(VerifyElementNotPresentKeyword.groovy:69)
	at com.kms.katalon.core.keyword.internal.KeywordExecutor.executeKeywordForPlatform(KeywordExecutor.groovy:74)
	at com.kms.katalon.core.webui.keyword.WebUiBuiltInKeywords.verifyElementNotPresent(WebUiBuiltInKeywords.groovy:1536)
	at Advance_Census_ Filter.run(Advance_Census_ Filter:95)
	at com.kms.katalon.core.main.ScriptEngine.run(ScriptEngine.java:194)
	at com.kms.katalon.core.main.ScriptEngine.runScriptAsRawText(ScriptEngine.java:119)
	at com.kms.katalon.core.main.TestCaseExecutor.runScript(TestCaseExecutor.java:448)
	at com.kms.katalon.core.main.TestCaseExecutor.doExecute(TestCaseExecutor.java:439)
	at com.kms.katalon.core.main.TestCaseExecutor.processExecutionPhase(TestCaseExecutor.java:418)
	at com.kms.katalon.core.main.TestCaseExecutor.accessMainPhase(TestCaseExecutor.java:410)
	at com.kms.katalon.core.main.TestCaseExecutor.execute(TestCaseExecutor.java:285)
	at com.kms.katalon.core.common.CommonExecutor.accessTestCaseMainPhase(CommonExecutor.java:65)
	at com.kms.katalon.core.main.TestSuiteExecutor.accessTestSuiteMainPhase(TestSuiteExecutor.java:150)
	at com.kms.katalon.core.main.TestSuiteExecutor.execute(TestSuiteExecutor.java:106)
	at com.kms.katalon.core.main.TestCaseMain.startTestSuite(TestCaseMain.java:180)
	at TempTestSuite1736457677469.run(TempTestSuite1736457677469.groovy:35)
	at java.base/jdk.internal.reflect.NativeMethodAccessorImpl.invoke0(Native Method)
	at java.base/jdk.internal.reflect.NativeMethodAccessorImpl.invoke(NativeMethodAccessorImpl.java:77)
	at java.base/jdk.internal.reflect.DelegatingMethodAccessorImpl.invoke(DelegatingMethodAccessorImpl.java:43)
Caused by: com.kms.katalon.core.exception.StepFailedException: Web element with id: 'Object Repository/Specific Cases Repository/LS/Home/Census/Advance_Census/Filter/Page_Census Advanced/div_Dog Treatment Center' located by 'By.xpath: //div[normalize-space()='Dog Treatment Center']' is present after '30' second(s)
	at com.kms.katalon.core.webui.keyword.internal.WebUIKeywordMain.stepFailed(WebUIKeywordMain.groovy:117)
	at com.kms.katalon.core.webui.keyword.internal.WebUIKeywordMain$stepFailed$0.call(Unknown Source)
	at com.kms.katalon.core.webui.keyword.builtin.VerifyElementNotPresentKeyword$_verifyElementNotPresent_closure1.doCall(VerifyElementNotPresentKeyword.groovy:122)
	at com.kms.katalon.core.webui.keyword.builtin.VerifyElementNotPresentKeyword$_verifyElementNotPresent_closure1.doCall(VerifyElementNotPresentKeyword.groovy)
	at java.base/jdk.internal.reflect.NativeMethodAccessorImpl.invoke0(Native Method)
	at java.base/jdk.internal.reflect.NativeMethodAccessorImpl.invoke(NativeMethodAccessorImpl.java:77)
	at java.base/jdk.internal.reflect.DelegatingMethodAccessorImpl.invoke(DelegatingMethodAccessorImpl.java:43)
	at com.kms.katalon.core.webui.keyword.internal.WebUIKeywordMain.runKeyword(WebUIKeywordMain.groovy:35)
	... 21 more]]></system-err>
      </testcase>
      <testcase name="Test Cases/Specific Cases/LS/General/Census/Client Face Sheets/Client_Face_Sheets_Filters" time="45.604" classname="Test Cases/Specific Cases/LS/General/Census/Client Face Sheets/Client_Face_Sheets_Filters" status="PASSED">
         <system-out><![CDATA[09-01-2025T16:31:12 - [TEST_CASE][PASSED] - Test Cases/Specific Cases/LS/General/Census/Client Face Sheets/Client_Face_Sheets_Filters: Test Cases/Specific Cases/LS/General/Census/Client Face Sheets/Client_Face_Sheets_Filters

09-01-2025T16:31:12 - [TEST_STEP][PASSED] - callTestCase(findTestCase("Common Cases/Login"), [:], STOP_ON_FAILURE): Call Test Case 'Test Cases/Common Cases/Login' successfully

09-01-2025T16:31:12 - [TEST_CASE][PASSED] - Test Cases/Common Cases/Login: Test Cases/Common Cases/Login

09-01-2025T16:31:12 - [TEST_STEP][PASSED] - openBrowser(""): Browser is opened with url: ''

09-01-2025T16:31:12 - [MESSAGE][WARNING] - A browser is already opened. Closing browser and opening a new one

09-01-2025T16:31:13 - [MESSAGE][INFO] - Starting 'Chrome' driver

09-01-2025T16:31:13 - [MESSAGE][INFO] - Action delay is set to 0 milliseconds

09-01-2025T16:31:14 - [MESSAGE][PASSED] - Browser is opened with url: ''

09-01-2025T16:31:14 - [TEST_STEP][PASSED] - maximizeWindow(): Current window maximized

09-01-2025T16:31:14 - [MESSAGE][PASSED] - Current window maximized

09-01-2025T16:31:14 - [TEST_STEP][PASSED] - navigateToUrl("https://site17.lsapp.cloud/auth/login"): Navigate to 'https://site17.lsapp.cloud/auth/login' successfully

09-01-2025T16:31:17 - [MESSAGE][PASSED] - Navigate to 'https://site17.lsapp.cloud/auth/login' successfully

09-01-2025T16:31:17 - [TEST_STEP][PASSED] - setText(findTestObject("Object Repository/Common Cases Repository/Login/Page_Lightning Step/input_Email_email"), "automation@lightningstep.com"): Text 'automation@lightningstep.com' is set on object 'Object Repository/Common Cases Repository/Login/Page_Lightning Step/input_Email_email'

09-01-2025T16:31:18 - [MESSAGE][PASSED] - Text 'automation@lightningstep.com' is set on object 'Object Repository/Common Cases Repository/Login/Page_Lightning Step/input_Email_email'

09-01-2025T16:31:18 - [TEST_STEP][PASSED] - setEncryptedText(findTestObject("Object Repository/Common Cases Repository/Login/Page_Lightning Step/input_Password_password"), "e5N8VHmnhJDITtQaQhDQDw=="): Text ****** has been set on object 'Object Repository/Common Cases Repository/Login/Page_Lightning Step/input_Password_password'

09-01-2025T16:31:18 - [MESSAGE][PASSED] - Text ****** has been set on object 'Object Repository/Common Cases Repository/Login/Page_Lightning Step/input_Password_password'

09-01-2025T16:31:18 - [TEST_STEP][PASSED] - click(findTestObject("Object Repository/Common Cases Repository/Login/Page_Lightning Step/button_Sign in")): Object: 'Object Repository/Common Cases Repository/Login/Page_Lightning Step/button_Sign in' is clicked on

09-01-2025T16:31:23 - [MESSAGE][PASSED] - Object: 'Object Repository/Common Cases Repository/Login/Page_Lightning Step/button_Sign in' is clicked on

09-01-2025T16:31:23 - [MESSAGE][PASSED] - Call Test Case 'Test Cases/Common Cases/Login' successfully

09-01-2025T16:31:23 - [TEST_STEP][PASSED] - click(findTestObject("Object Repository/Specific Cases Repository/LS/Home/Census/Clients Face Sheets/CLients Face Sheets Filters/Page_Home/div_groups                                 _eea1bb")): Object: 'Object Repository/Specific Cases Repository/LS/Home/Census/Clients Face Sheets/CLients Face Sheets Filters/Page_Home/div_groups                                 _eea1bb' is clicked on

09-01-2025T16:31:26 - [MESSAGE][PASSED] - Object: 'Object Repository/Specific Cases Repository/LS/Home/Census/Clients Face Sheets/CLients Face Sheets Filters/Page_Home/div_groups                                 _eea1bb' is clicked on

09-01-2025T16:31:26 - [TEST_STEP][PASSED] - click(findTestObject("Object Repository/Specific Cases Repository/LS/Home/Census/Clients Face Sheets/CLients Face Sheets Filters/Page_Home/a_co_present                 Client Face sheets")): Object: 'Object Repository/Specific Cases Repository/LS/Home/Census/Clients Face Sheets/CLients Face Sheets Filters/Page_Home/a_co_present                 Client Face sheets' is clicked on

09-01-2025T16:31:30 - [MESSAGE][PASSED] - Object: 'Object Repository/Specific Cases Repository/LS/Home/Census/Clients Face Sheets/CLients Face Sheets Filters/Page_Home/a_co_present                 Client Face sheets' is clicked on

09-01-2025T16:31:30 - [TEST_STEP][PASSED] - navigateToUrl("https://site17.lsapp.cloud/report/clientfacesheets"): Navigate to 'https://site17.lsapp.cloud/report/clientfacesheets' successfully

09-01-2025T16:31:32 - [MESSAGE][PASSED] - Navigate to 'https://site17.lsapp.cloud/report/clientfacesheets' successfully

09-01-2025T16:31:32 - [TEST_STEP][PASSED] - click(findTestObject("Object Repository/Specific Cases Repository/LS/Home/Census/Clients Face Sheets/CLients Face Sheets Filters/Page_Client Face Sheets/button_Show Data")): Object: 'Object Repository/Specific Cases Repository/LS/Home/Census/Clients Face Sheets/CLients Face Sheets Filters/Page_Client Face Sheets/button_Show Data' is clicked on

09-01-2025T16:31:32 - [MESSAGE][PASSED] - Object: 'Object Repository/Specific Cases Repository/LS/Home/Census/Clients Face Sheets/CLients Face Sheets Filters/Page_Client Face Sheets/button_Show Data' is clicked on

09-01-2025T16:31:32 - [TEST_STEP][PASSED] - verifyElementText(findTestObject("Object Repository/Specific Cases Repository/LS/Home/Census/Clients Face Sheets/CLients Face Sheets Filters/Page_Client Face Sheets/td_24-11006"), "24-11006"): Actual text and expected text of test object 'Object Repository/Specific Cases Repository/LS/Home/Census/Clients Face Sheets/CLients Face Sheets Filters/Page_Client Face Sheets/td_24-11006' are matched.

09-01-2025T16:31:34 - [MESSAGE][PASSED] - Actual text and expected text of test object 'Object Repository/Specific Cases Repository/LS/Home/Census/Clients Face Sheets/CLients Face Sheets Filters/Page_Client Face Sheets/td_24-11006' are matched.

09-01-2025T16:31:34 - [TEST_STEP][PASSED] - verifyElementText(findTestObject("Object Repository/Specific Cases Repository/LS/Home/Census/Clients Face Sheets/CLients Face Sheets Filters/Page_Client Face Sheets/td_24-11007"), "24-11007"): Actual text and expected text of test object 'Object Repository/Specific Cases Repository/LS/Home/Census/Clients Face Sheets/CLients Face Sheets Filters/Page_Client Face Sheets/td_24-11007' are matched.

09-01-2025T16:31:34 - [MESSAGE][PASSED] - Actual text and expected text of test object 'Object Repository/Specific Cases Repository/LS/Home/Census/Clients Face Sheets/CLients Face Sheets Filters/Page_Client Face Sheets/td_24-11007' are matched.

09-01-2025T16:31:34 - [TEST_STEP][PASSED] - verifyElementText(findTestObject("Object Repository/Specific Cases Repository/LS/Home/Census/Clients Face Sheets/CLients Face Sheets Filters/Page_Client Face Sheets/td_24-11008"), "24-11008"): Actual text and expected text of test object 'Object Repository/Specific Cases Repository/LS/Home/Census/Clients Face Sheets/CLients Face Sheets Filters/Page_Client Face Sheets/td_24-11008' are matched.

09-01-2025T16:31:34 - [MESSAGE][PASSED] - Actual text and expected text of test object 'Object Repository/Specific Cases Repository/LS/Home/Census/Clients Face Sheets/CLients Face Sheets Filters/Page_Client Face Sheets/td_24-11008' are matched.

09-01-2025T16:31:34 - [TEST_STEP][PASSED] - selectOptionByValue(findTestObject("Object Repository/Specific Cases Repository/LS/Home/Census/Clients Face Sheets/CLients Face Sheets Filters/Page_Client Face Sheets/select_All Locations                       _863db7"), "22", true): All options with value '22' are selected in object 'Object Repository/Specific Cases Repository/LS/Home/Census/Clients Face Sheets/CLients Face Sheets Filters/Page_Client Face Sheets/select_All Locations                       _863db7'  using regular expression

09-01-2025T16:31:35 - [MESSAGE][PASSED] - All options with value '22' are selected in object 'Object Repository/Specific Cases Repository/LS/Home/Census/Clients Face Sheets/CLients Face Sheets Filters/Page_Client Face Sheets/select_All Locations                       _863db7'  using regular expression

09-01-2025T16:31:35 - [TEST_STEP][PASSED] - click(findTestObject("Object Repository/Specific Cases Repository/LS/Home/Census/Clients Face Sheets/CLients Face Sheets Filters/Page_Client Face Sheets/button_Show Data")): Object: 'Object Repository/Specific Cases Repository/LS/Home/Census/Clients Face Sheets/CLients Face Sheets Filters/Page_Client Face Sheets/button_Show Data' is clicked on

09-01-2025T16:31:35 - [MESSAGE][PASSED] - Object: 'Object Repository/Specific Cases Repository/LS/Home/Census/Clients Face Sheets/CLients Face Sheets Filters/Page_Client Face Sheets/button_Show Data' is clicked on

09-01-2025T16:31:35 - [TEST_STEP][PASSED] - verifyElementText(findTestObject("Object Repository/Specific Cases Repository/LS/Home/Census/Clients Face Sheets/CLients Face Sheets Filters/Page_Client Face Sheets/td_24-11006"), "24-11006"): Actual text and expected text of test object 'Object Repository/Specific Cases Repository/LS/Home/Census/Clients Face Sheets/CLients Face Sheets Filters/Page_Client Face Sheets/td_24-11006' are matched.

09-01-2025T16:31:37 - [MESSAGE][PASSED] - Actual text and expected text of test object 'Object Repository/Specific Cases Repository/LS/Home/Census/Clients Face Sheets/CLients Face Sheets Filters/Page_Client Face Sheets/td_24-11006' are matched.

09-01-2025T16:31:37 - [TEST_STEP][PASSED] - verifyElementNotPresent(findTestObject("Specific Cases Repository/LS/Home/Census/Clients Face Sheets/CLients Face Sheets Filters/Page_Client Face Sheets/td_24-11007"), 0): Web element with id: 'Object Repository/Specific Cases Repository/LS/Home/Census/Clients Face Sheets/CLients Face Sheets Filters/Page_Client Face Sheets/td_24-11007' located by 'By.xpath: //td[normalize-space()='24-11007']' is not present after '30' second(s)

09-01-2025T16:31:37 - [MESSAGE][WARNING] - Timeout '0' is invalid. Using default page load timeout: '30'

09-01-2025T16:31:37 - [MESSAGE][PASSED] - Web element with id: 'Object Repository/Specific Cases Repository/LS/Home/Census/Clients Face Sheets/CLients Face Sheets Filters/Page_Client Face Sheets/td_24-11007' located by 'By.xpath: //td[normalize-space()='24-11007']' is not present after '30' second(s)

09-01-2025T16:31:37 - [TEST_STEP][PASSED] - verifyElementNotPresent(findTestObject("Specific Cases Repository/LS/Home/Census/Clients Face Sheets/CLients Face Sheets Filters/Page_Client Face Sheets/td_24-11008"), 0): Web element with id: 'Object Repository/Specific Cases Repository/LS/Home/Census/Clients Face Sheets/CLients Face Sheets Filters/Page_Client Face Sheets/td_24-11008' located by 'By.xpath: //td[normalize-space()='24-11008']' is not present after '30' second(s)

09-01-2025T16:31:37 - [MESSAGE][WARNING] - Timeout '0' is invalid. Using default page load timeout: '30'

09-01-2025T16:31:37 - [MESSAGE][PASSED] - Web element with id: 'Object Repository/Specific Cases Repository/LS/Home/Census/Clients Face Sheets/CLients Face Sheets Filters/Page_Client Face Sheets/td_24-11008' located by 'By.xpath: //td[normalize-space()='24-11008']' is not present after '30' second(s)

09-01-2025T16:31:37 - [TEST_STEP][PASSED] - selectOptionByValue(findTestObject("Object Repository/Specific Cases Repository/LS/Home/Census/Clients Face Sheets/CLients Face Sheets Filters/Page_Client Face Sheets/select_All Locations                       _863db7"), "17", true): All options with value '17' are selected in object 'Object Repository/Specific Cases Repository/LS/Home/Census/Clients Face Sheets/CLients Face Sheets Filters/Page_Client Face Sheets/select_All Locations                       _863db7'  using regular expression

09-01-2025T16:31:38 - [MESSAGE][PASSED] - All options with value '17' are selected in object 'Object Repository/Specific Cases Repository/LS/Home/Census/Clients Face Sheets/CLients Face Sheets Filters/Page_Client Face Sheets/select_All Locations                       _863db7'  using regular expression

09-01-2025T16:31:38 - [TEST_STEP][PASSED] - click(findTestObject("Object Repository/Specific Cases Repository/LS/Home/Census/Clients Face Sheets/CLients Face Sheets Filters/Page_Client Face Sheets/button_Show Data")): Object: 'Object Repository/Specific Cases Repository/LS/Home/Census/Clients Face Sheets/CLients Face Sheets Filters/Page_Client Face Sheets/button_Show Data' is clicked on

09-01-2025T16:31:39 - [MESSAGE][PASSED] - Object: 'Object Repository/Specific Cases Repository/LS/Home/Census/Clients Face Sheets/CLients Face Sheets Filters/Page_Client Face Sheets/button_Show Data' is clicked on

09-01-2025T16:31:39 - [TEST_STEP][PASSED] - verifyElementText(findTestObject("Object Repository/Specific Cases Repository/LS/Home/Census/Clients Face Sheets/CLients Face Sheets Filters/Page_Client Face Sheets/td_24-11007"), "24-11007"): Actual text and expected text of test object 'Object Repository/Specific Cases Repository/LS/Home/Census/Clients Face Sheets/CLients Face Sheets Filters/Page_Client Face Sheets/td_24-11007' are matched.

09-01-2025T16:31:40 - [MESSAGE][PASSED] - Actual text and expected text of test object 'Object Repository/Specific Cases Repository/LS/Home/Census/Clients Face Sheets/CLients Face Sheets Filters/Page_Client Face Sheets/td_24-11007' are matched.

09-01-2025T16:31:40 - [TEST_STEP][PASSED] - verifyElementNotPresent(findTestObject("Specific Cases Repository/LS/Home/Census/Clients Face Sheets/CLients Face Sheets Filters/Page_Client Face Sheets/td_24-11006"), 0): Web element with id: 'Object Repository/Specific Cases Repository/LS/Home/Census/Clients Face Sheets/CLients Face Sheets Filters/Page_Client Face Sheets/td_24-11006' located by 'By.xpath: //td[normalize-space()='24-11006']' is not present after '30' second(s)

09-01-2025T16:31:40 - [MESSAGE][WARNING] - Timeout '0' is invalid. Using default page load timeout: '30'

09-01-2025T16:31:40 - [MESSAGE][PASSED] - Web element with id: 'Object Repository/Specific Cases Repository/LS/Home/Census/Clients Face Sheets/CLients Face Sheets Filters/Page_Client Face Sheets/td_24-11006' located by 'By.xpath: //td[normalize-space()='24-11006']' is not present after '30' second(s)

09-01-2025T16:31:40 - [TEST_STEP][PASSED] - verifyElementNotPresent(findTestObject("Specific Cases Repository/LS/Home/Census/Clients Face Sheets/CLients Face Sheets Filters/Page_Client Face Sheets/td_24-11008"), 0): Web element with id: 'Object Repository/Specific Cases Repository/LS/Home/Census/Clients Face Sheets/CLients Face Sheets Filters/Page_Client Face Sheets/td_24-11008' located by 'By.xpath: //td[normalize-space()='24-11008']' is not present after '30' second(s)

09-01-2025T16:31:40 - [MESSAGE][WARNING] - Timeout '0' is invalid. Using default page load timeout: '30'

09-01-2025T16:31:40 - [MESSAGE][PASSED] - Web element with id: 'Object Repository/Specific Cases Repository/LS/Home/Census/Clients Face Sheets/CLients Face Sheets Filters/Page_Client Face Sheets/td_24-11008' located by 'By.xpath: //td[normalize-space()='24-11008']' is not present after '30' second(s)

09-01-2025T16:31:40 - [TEST_STEP][PASSED] - selectOptionByValue(findTestObject("Object Repository/Specific Cases Repository/LS/Home/Census/Clients Face Sheets/CLients Face Sheets Filters/Page_Client Face Sheets/select_All Locations                       _863db7"), "18", true): All options with value '18' are selected in object 'Object Repository/Specific Cases Repository/LS/Home/Census/Clients Face Sheets/CLients Face Sheets Filters/Page_Client Face Sheets/select_All Locations                       _863db7'  using regular expression

09-01-2025T16:31:41 - [MESSAGE][PASSED] - All options with value '18' are selected in object 'Object Repository/Specific Cases Repository/LS/Home/Census/Clients Face Sheets/CLients Face Sheets Filters/Page_Client Face Sheets/select_All Locations                       _863db7'  using regular expression

09-01-2025T16:31:41 - [TEST_STEP][PASSED] - click(findTestObject("Object Repository/Specific Cases Repository/LS/Home/Census/Clients Face Sheets/CLients Face Sheets Filters/Page_Client Face Sheets/button_Show Data")): Object: 'Object Repository/Specific Cases Repository/LS/Home/Census/Clients Face Sheets/CLients Face Sheets Filters/Page_Client Face Sheets/button_Show Data' is clicked on

09-01-2025T16:31:42 - [MESSAGE][PASSED] - Object: 'Object Repository/Specific Cases Repository/LS/Home/Census/Clients Face Sheets/CLients Face Sheets Filters/Page_Client Face Sheets/button_Show Data' is clicked on

09-01-2025T16:31:42 - [TEST_STEP][PASSED] - verifyElementText(findTestObject("Object Repository/Specific Cases Repository/LS/Home/Census/Clients Face Sheets/CLients Face Sheets Filters/Page_Client Face Sheets/td_24-11008"), "24-11008"): Actual text and expected text of test object 'Object Repository/Specific Cases Repository/LS/Home/Census/Clients Face Sheets/CLients Face Sheets Filters/Page_Client Face Sheets/td_24-11008' are matched.

09-01-2025T16:31:42 - [MESSAGE][PASSED] - Actual text and expected text of test object 'Object Repository/Specific Cases Repository/LS/Home/Census/Clients Face Sheets/CLients Face Sheets Filters/Page_Client Face Sheets/td_24-11008' are matched.

09-01-2025T16:31:42 - [TEST_STEP][PASSED] - verifyElementNotPresent(findTestObject("Specific Cases Repository/LS/Home/Census/Clients Face Sheets/CLients Face Sheets Filters/Page_Client Face Sheets/td_24-11007"), 0): Web element with id: 'Object Repository/Specific Cases Repository/LS/Home/Census/Clients Face Sheets/CLients Face Sheets Filters/Page_Client Face Sheets/td_24-11007' located by 'By.xpath: //td[normalize-space()='24-11007']' is not present after '30' second(s)

09-01-2025T16:31:42 - [MESSAGE][WARNING] - Timeout '0' is invalid. Using default page load timeout: '30'

09-01-2025T16:31:43 - [MESSAGE][PASSED] - Web element with id: 'Object Repository/Specific Cases Repository/LS/Home/Census/Clients Face Sheets/CLients Face Sheets Filters/Page_Client Face Sheets/td_24-11007' located by 'By.xpath: //td[normalize-space()='24-11007']' is not present after '30' second(s)

09-01-2025T16:31:43 - [TEST_STEP][PASSED] - verifyElementNotPresent(findTestObject("Specific Cases Repository/LS/Home/Census/Clients Face Sheets/CLients Face Sheets Filters/Page_Client Face Sheets/td_24-11006"), 0): Web element with id: 'Object Repository/Specific Cases Repository/LS/Home/Census/Clients Face Sheets/CLients Face Sheets Filters/Page_Client Face Sheets/td_24-11006' located by 'By.xpath: //td[normalize-space()='24-11006']' is not present after '30' second(s)

09-01-2025T16:31:43 - [MESSAGE][WARNING] - Timeout '0' is invalid. Using default page load timeout: '30'

09-01-2025T16:31:43 - [MESSAGE][PASSED] - Web element with id: 'Object Repository/Specific Cases Repository/LS/Home/Census/Clients Face Sheets/CLients Face Sheets Filters/Page_Client Face Sheets/td_24-11006' located by 'By.xpath: //td[normalize-space()='24-11006']' is not present after '30' second(s)

09-01-2025T16:31:43 - [TEST_STEP][PASSED] - selectOptionByValue(findTestObject("Object Repository/Specific Cases Repository/LS/Home/Census/Clients Face Sheets/CLients Face Sheets Filters/Page_Client Face Sheets/select_All Locations                       _863db7"), "0", true): All options with value '0' are selected in object 'Object Repository/Specific Cases Repository/LS/Home/Census/Clients Face Sheets/CLients Face Sheets Filters/Page_Client Face Sheets/select_All Locations                       _863db7'  using regular expression

09-01-2025T16:31:44 - [MESSAGE][PASSED] - All options with value '0' are selected in object 'Object Repository/Specific Cases Repository/LS/Home/Census/Clients Face Sheets/CLients Face Sheets Filters/Page_Client Face Sheets/select_All Locations                       _863db7'  using regular expression

09-01-2025T16:31:44 - [TEST_STEP][PASSED] - selectOptionByValue(findTestObject("Object Repository/Specific Cases Repository/LS/Home/Census/Clients Face Sheets/CLients Face Sheets Filters/Page_Client Face Sheets/select_All Programs                        _aea83e"), "3", true): All options with value '3' are selected in object 'Object Repository/Specific Cases Repository/LS/Home/Census/Clients Face Sheets/CLients Face Sheets Filters/Page_Client Face Sheets/select_All Programs                        _aea83e'  using regular expression

09-01-2025T16:31:45 - [MESSAGE][PASSED] - All options with value '3' are selected in object 'Object Repository/Specific Cases Repository/LS/Home/Census/Clients Face Sheets/CLients Face Sheets Filters/Page_Client Face Sheets/select_All Programs                        _aea83e'  using regular expression

09-01-2025T16:31:45 - [TEST_STEP][PASSED] - click(findTestObject("Object Repository/Specific Cases Repository/LS/Home/Census/Clients Face Sheets/CLients Face Sheets Filters/Page_Client Face Sheets/button_Show Data")): Object: 'Object Repository/Specific Cases Repository/LS/Home/Census/Clients Face Sheets/CLients Face Sheets Filters/Page_Client Face Sheets/button_Show Data' is clicked on

09-01-2025T16:31:45 - [MESSAGE][PASSED] - Object: 'Object Repository/Specific Cases Repository/LS/Home/Census/Clients Face Sheets/CLients Face Sheets Filters/Page_Client Face Sheets/button_Show Data' is clicked on

09-01-2025T16:31:45 - [TEST_STEP][PASSED] - verifyElementText(findTestObject("Object Repository/Specific Cases Repository/LS/Home/Census/Clients Face Sheets/CLients Face Sheets Filters/Page_Client Face Sheets/td_24-11006"), "24-11006"): Actual text and expected text of test object 'Object Repository/Specific Cases Repository/LS/Home/Census/Clients Face Sheets/CLients Face Sheets Filters/Page_Client Face Sheets/td_24-11006' are matched.

09-01-2025T16:31:46 - [MESSAGE][PASSED] - Actual text and expected text of test object 'Object Repository/Specific Cases Repository/LS/Home/Census/Clients Face Sheets/CLients Face Sheets Filters/Page_Client Face Sheets/td_24-11006' are matched.

09-01-2025T16:31:46 - [TEST_STEP][PASSED] - verifyElementText(findTestObject("Object Repository/Specific Cases Repository/LS/Home/Census/Clients Face Sheets/CLients Face Sheets Filters/Page_Client Face Sheets/td_24-11007"), "24-11007"): Actual text and expected text of test object 'Object Repository/Specific Cases Repository/LS/Home/Census/Clients Face Sheets/CLients Face Sheets Filters/Page_Client Face Sheets/td_24-11007' are matched.

09-01-2025T16:31:46 - [MESSAGE][PASSED] - Actual text and expected text of test object 'Object Repository/Specific Cases Repository/LS/Home/Census/Clients Face Sheets/CLients Face Sheets Filters/Page_Client Face Sheets/td_24-11007' are matched.

09-01-2025T16:31:46 - [TEST_STEP][PASSED] - verifyElementNotPresent(findTestObject("Specific Cases Repository/LS/Home/Census/Clients Face Sheets/CLients Face Sheets Filters/Page_Client Face Sheets/td_24-11008"), 0): Web element with id: 'Object Repository/Specific Cases Repository/LS/Home/Census/Clients Face Sheets/CLients Face Sheets Filters/Page_Client Face Sheets/td_24-11008' located by 'By.xpath: //td[normalize-space()='24-11008']' is not present after '30' second(s)

09-01-2025T16:31:46 - [MESSAGE][WARNING] - Timeout '0' is invalid. Using default page load timeout: '30'

09-01-2025T16:31:47 - [MESSAGE][PASSED] - Web element with id: 'Object Repository/Specific Cases Repository/LS/Home/Census/Clients Face Sheets/CLients Face Sheets Filters/Page_Client Face Sheets/td_24-11008' located by 'By.xpath: //td[normalize-space()='24-11008']' is not present after '30' second(s)

09-01-2025T16:31:47 - [TEST_STEP][PASSED] - selectOptionByValue(findTestObject("Object Repository/Specific Cases Repository/LS/Home/Census/Clients Face Sheets/CLients Face Sheets Filters/Page_Client Face Sheets/select_All Programs                        _aea83e"), "13", true): All options with value '13' are selected in object 'Object Repository/Specific Cases Repository/LS/Home/Census/Clients Face Sheets/CLients Face Sheets Filters/Page_Client Face Sheets/select_All Programs                        _aea83e'  using regular expression

09-01-2025T16:31:48 - [MESSAGE][PASSED] - All options with value '13' are selected in object 'Object Repository/Specific Cases Repository/LS/Home/Census/Clients Face Sheets/CLients Face Sheets Filters/Page_Client Face Sheets/select_All Programs                        _aea83e'  using regular expression

09-01-2025T16:31:48 - [TEST_STEP][PASSED] - click(findTestObject("Object Repository/Specific Cases Repository/LS/Home/Census/Clients Face Sheets/CLients Face Sheets Filters/Page_Client Face Sheets/button_Show Data")): Object: 'Object Repository/Specific Cases Repository/LS/Home/Census/Clients Face Sheets/CLients Face Sheets Filters/Page_Client Face Sheets/button_Show Data' is clicked on

09-01-2025T16:31:48 - [MESSAGE][PASSED] - Object: 'Object Repository/Specific Cases Repository/LS/Home/Census/Clients Face Sheets/CLients Face Sheets Filters/Page_Client Face Sheets/button_Show Data' is clicked on

09-01-2025T16:31:48 - [TEST_STEP][PASSED] - verifyElementText(findTestObject("Object Repository/Specific Cases Repository/LS/Home/Census/Clients Face Sheets/CLients Face Sheets Filters/Page_Client Face Sheets/td_24-11008"), "24-11008"): Actual text and expected text of test object 'Object Repository/Specific Cases Repository/LS/Home/Census/Clients Face Sheets/CLients Face Sheets Filters/Page_Client Face Sheets/td_24-11008' are matched.

09-01-2025T16:31:49 - [MESSAGE][PASSED] - Actual text and expected text of test object 'Object Repository/Specific Cases Repository/LS/Home/Census/Clients Face Sheets/CLients Face Sheets Filters/Page_Client Face Sheets/td_24-11008' are matched.

09-01-2025T16:31:49 - [TEST_STEP][PASSED] - verifyElementNotPresent(findTestObject("Specific Cases Repository/LS/Home/Census/Clients Face Sheets/CLients Face Sheets Filters/Page_Client Face Sheets/td_24-11007"), 0): Web element with id: 'Object Repository/Specific Cases Repository/LS/Home/Census/Clients Face Sheets/CLients Face Sheets Filters/Page_Client Face Sheets/td_24-11007' located by 'By.xpath: //td[normalize-space()='24-11007']' is not present after '30' second(s)

09-01-2025T16:31:49 - [MESSAGE][WARNING] - Timeout '0' is invalid. Using default page load timeout: '30'

09-01-2025T16:31:49 - [MESSAGE][PASSED] - Web element with id: 'Object Repository/Specific Cases Repository/LS/Home/Census/Clients Face Sheets/CLients Face Sheets Filters/Page_Client Face Sheets/td_24-11007' located by 'By.xpath: //td[normalize-space()='24-11007']' is not present after '30' second(s)

09-01-2025T16:31:49 - [TEST_STEP][PASSED] - verifyElementNotPresent(findTestObject("Specific Cases Repository/LS/Home/Census/Clients Face Sheets/CLients Face Sheets Filters/Page_Client Face Sheets/td_24-11006"), 0): Web element with id: 'Object Repository/Specific Cases Repository/LS/Home/Census/Clients Face Sheets/CLients Face Sheets Filters/Page_Client Face Sheets/td_24-11006' located by 'By.xpath: //td[normalize-space()='24-11006']' is not present after '30' second(s)

09-01-2025T16:31:49 - [MESSAGE][WARNING] - Timeout '0' is invalid. Using default page load timeout: '30'

09-01-2025T16:31:49 - [MESSAGE][PASSED] - Web element with id: 'Object Repository/Specific Cases Repository/LS/Home/Census/Clients Face Sheets/CLients Face Sheets Filters/Page_Client Face Sheets/td_24-11006' located by 'By.xpath: //td[normalize-space()='24-11006']' is not present after '30' second(s)

09-01-2025T16:31:49 - [TEST_STEP][PASSED] - selectOptionByValue(findTestObject("Object Repository/Specific Cases Repository/LS/Home/Census/Clients Face Sheets/CLients Face Sheets Filters/Page_Client Face Sheets/select_All Programs                        _aea83e"), "0", true): All options with value '0' are selected in object 'Object Repository/Specific Cases Repository/LS/Home/Census/Clients Face Sheets/CLients Face Sheets Filters/Page_Client Face Sheets/select_All Programs                        _aea83e'  using regular expression

09-01-2025T16:31:50 - [MESSAGE][PASSED] - All options with value '0' are selected in object 'Object Repository/Specific Cases Repository/LS/Home/Census/Clients Face Sheets/CLients Face Sheets Filters/Page_Client Face Sheets/select_All Programs                        _aea83e'  using regular expression

09-01-2025T16:31:50 - [TEST_STEP][PASSED] - selectOptionByValue(findTestObject("Object Repository/Specific Cases Repository/LS/Home/Census/Clients Face Sheets/CLients Face Sheets Filters/Page_Client Face Sheets/select_All Units                           _3d629c"), "1", true): All options with value '1' are selected in object 'Object Repository/Specific Cases Repository/LS/Home/Census/Clients Face Sheets/CLients Face Sheets Filters/Page_Client Face Sheets/select_All Units                           _3d629c'  using regular expression

09-01-2025T16:31:51 - [MESSAGE][PASSED] - All options with value '1' are selected in object 'Object Repository/Specific Cases Repository/LS/Home/Census/Clients Face Sheets/CLients Face Sheets Filters/Page_Client Face Sheets/select_All Units                           _3d629c'  using regular expression

09-01-2025T16:31:51 - [TEST_STEP][PASSED] - click(findTestObject("Object Repository/Specific Cases Repository/LS/Home/Census/Clients Face Sheets/CLients Face Sheets Filters/Page_Client Face Sheets/button_Show Data")): Object: 'Object Repository/Specific Cases Repository/LS/Home/Census/Clients Face Sheets/CLients Face Sheets Filters/Page_Client Face Sheets/button_Show Data' is clicked on

09-01-2025T16:31:52 - [MESSAGE][PASSED] - Object: 'Object Repository/Specific Cases Repository/LS/Home/Census/Clients Face Sheets/CLients Face Sheets Filters/Page_Client Face Sheets/button_Show Data' is clicked on

09-01-2025T16:31:52 - [TEST_STEP][PASSED] - verifyElementText(findTestObject("Object Repository/Specific Cases Repository/LS/Home/Census/Clients Face Sheets/CLients Face Sheets Filters/Page_Client Face Sheets/td_24-11006"), "24-11006"): Actual text and expected text of test object 'Object Repository/Specific Cases Repository/LS/Home/Census/Clients Face Sheets/CLients Face Sheets Filters/Page_Client Face Sheets/td_24-11006' are matched.

09-01-2025T16:31:53 - [MESSAGE][PASSED] - Actual text and expected text of test object 'Object Repository/Specific Cases Repository/LS/Home/Census/Clients Face Sheets/CLients Face Sheets Filters/Page_Client Face Sheets/td_24-11006' are matched.

09-01-2025T16:31:53 - [TEST_STEP][PASSED] - verifyElementText(findTestObject("Object Repository/Specific Cases Repository/LS/Home/Census/Clients Face Sheets/CLients Face Sheets Filters/Page_Client Face Sheets/td_24-11007"), "24-11007"): Actual text and expected text of test object 'Object Repository/Specific Cases Repository/LS/Home/Census/Clients Face Sheets/CLients Face Sheets Filters/Page_Client Face Sheets/td_24-11007' are matched.

09-01-2025T16:31:54 - [MESSAGE][PASSED] - Actual text and expected text of test object 'Object Repository/Specific Cases Repository/LS/Home/Census/Clients Face Sheets/CLients Face Sheets Filters/Page_Client Face Sheets/td_24-11007' are matched.

09-01-2025T16:31:54 - [TEST_STEP][PASSED] - verifyElementNotPresent(findTestObject("Specific Cases Repository/LS/Home/Census/Clients Face Sheets/CLients Face Sheets Filters/Page_Client Face Sheets/td_24-11008"), 0): Web element with id: 'Object Repository/Specific Cases Repository/LS/Home/Census/Clients Face Sheets/CLients Face Sheets Filters/Page_Client Face Sheets/td_24-11008' located by 'By.xpath: //td[normalize-space()='24-11008']' is not present after '30' second(s)

09-01-2025T16:31:54 - [MESSAGE][WARNING] - Timeout '0' is invalid. Using default page load timeout: '30'

09-01-2025T16:31:54 - [MESSAGE][PASSED] - Web element with id: 'Object Repository/Specific Cases Repository/LS/Home/Census/Clients Face Sheets/CLients Face Sheets Filters/Page_Client Face Sheets/td_24-11008' located by 'By.xpath: //td[normalize-space()='24-11008']' is not present after '30' second(s)

09-01-2025T16:31:54 - [TEST_STEP][PASSED] - selectOptionByValue(findTestObject("Object Repository/Specific Cases Repository/LS/Home/Census/Clients Face Sheets/CLients Face Sheets Filters/Page_Client Face Sheets/select_All Units                           _3d629c"), "2", true): All options with value '2' are selected in object 'Object Repository/Specific Cases Repository/LS/Home/Census/Clients Face Sheets/CLients Face Sheets Filters/Page_Client Face Sheets/select_All Units                           _3d629c'  using regular expression

09-01-2025T16:31:55 - [MESSAGE][PASSED] - All options with value '2' are selected in object 'Object Repository/Specific Cases Repository/LS/Home/Census/Clients Face Sheets/CLients Face Sheets Filters/Page_Client Face Sheets/select_All Units                           _3d629c'  using regular expression

09-01-2025T16:31:55 - [TEST_STEP][PASSED] - click(findTestObject("Object Repository/Specific Cases Repository/LS/Home/Census/Clients Face Sheets/CLients Face Sheets Filters/Page_Client Face Sheets/button_Show Data")): Object: 'Object Repository/Specific Cases Repository/LS/Home/Census/Clients Face Sheets/CLients Face Sheets Filters/Page_Client Face Sheets/button_Show Data' is clicked on

09-01-2025T16:31:56 - [MESSAGE][PASSED] - Object: 'Object Repository/Specific Cases Repository/LS/Home/Census/Clients Face Sheets/CLients Face Sheets Filters/Page_Client Face Sheets/button_Show Data' is clicked on

09-01-2025T16:31:56 - [TEST_STEP][PASSED] - verifyElementText(findTestObject("Object Repository/Specific Cases Repository/LS/Home/Census/Clients Face Sheets/CLients Face Sheets Filters/Page_Client Face Sheets/td_24-11008"), "24-11008"): Actual text and expected text of test object 'Object Repository/Specific Cases Repository/LS/Home/Census/Clients Face Sheets/CLients Face Sheets Filters/Page_Client Face Sheets/td_24-11008' are matched.

09-01-2025T16:31:57 - [MESSAGE][PASSED] - Actual text and expected text of test object 'Object Repository/Specific Cases Repository/LS/Home/Census/Clients Face Sheets/CLients Face Sheets Filters/Page_Client Face Sheets/td_24-11008' are matched.

09-01-2025T16:31:57 - [TEST_STEP][PASSED] - verifyElementNotPresent(findTestObject("Specific Cases Repository/LS/Home/Census/Clients Face Sheets/CLients Face Sheets Filters/Page_Client Face Sheets/td_24-11007"), 0): Web element with id: 'Object Repository/Specific Cases Repository/LS/Home/Census/Clients Face Sheets/CLients Face Sheets Filters/Page_Client Face Sheets/td_24-11007' located by 'By.xpath: //td[normalize-space()='24-11007']' is not present after '30' second(s)

09-01-2025T16:31:57 - [MESSAGE][WARNING] - Timeout '0' is invalid. Using default page load timeout: '30'

09-01-2025T16:31:57 - [MESSAGE][PASSED] - Web element with id: 'Object Repository/Specific Cases Repository/LS/Home/Census/Clients Face Sheets/CLients Face Sheets Filters/Page_Client Face Sheets/td_24-11007' located by 'By.xpath: //td[normalize-space()='24-11007']' is not present after '30' second(s)

09-01-2025T16:31:57 - [TEST_STEP][PASSED] - verifyElementNotPresent(findTestObject("Specific Cases Repository/LS/Home/Census/Clients Face Sheets/CLients Face Sheets Filters/Page_Client Face Sheets/td_24-11006"), 0): Web element with id: 'Object Repository/Specific Cases Repository/LS/Home/Census/Clients Face Sheets/CLients Face Sheets Filters/Page_Client Face Sheets/td_24-11006' located by 'By.xpath: //td[normalize-space()='24-11006']' is not present after '30' second(s)

09-01-2025T16:31:57 - [MESSAGE][WARNING] - Timeout '0' is invalid. Using default page load timeout: '30'

09-01-2025T16:31:58 - [MESSAGE][PASSED] - Web element with id: 'Object Repository/Specific Cases Repository/LS/Home/Census/Clients Face Sheets/CLients Face Sheets Filters/Page_Client Face Sheets/td_24-11006' located by 'By.xpath: //td[normalize-space()='24-11006']' is not present after '30' second(s)

09-01-2025T16:31:58 - [TEST_STEP][PASSED] - closeBrowser(): Browser is closed

09-01-2025T16:31:58 - [MESSAGE][PASSED] - Browser is closed]]></system-out>
         <system-err><![CDATA[]]></system-err>
      </testcase>
      <testcase name="Test Cases/Specific Cases/LS/General/Census/Client Face Sheets/Client_Face_Sheets_Search" time="59.11" classname="Test Cases/Specific Cases/LS/General/Census/Client Face Sheets/Client_Face_Sheets_Search" status="FAILED">
         <failure type="FAILED" message="Test Cases/Specific Cases/LS/General/Census/Client Face Sheets/Client_Face_Sheets_Search FAILED.&#xa;Reason:&#xa;com.kms.katalon.core.exception.StepFailedException: Unable to verify object 'Object Repository/Specific Cases Repository/LS/Home/Census/Clients Face Sheets/Clients Face Sheet Search/Page_Client Face Sheets/td_24-11008' is not present&#xa;	at com.kms.katalon.core.webui.keyword.internal.WebUIKeywordMain.stepFailed(WebUIKeywordMain.groovy:117)&#xa;	at com.kms.katalon.core.webui.keyword.internal.WebUIKeywordMain.runKeyword(WebUIKeywordMain.groovy:43)&#xa;	at com.kms.katalon.core.webui.keyword.internal.WebUIKeywordMain$runKeyword.call(Unknown Source)&#xa;	at com.kms.katalon.core.webui.keyword.builtin.VerifyElementNotPresentKeyword.verifyElementNotPresent(VerifyElementNotPresentKeyword.groovy:131)&#xa;	at com.kms.katalon.core.webui.keyword.builtin.VerifyElementNotPresentKeyword.execute(VerifyElementNotPresentKeyword.groovy:69)&#xa;	at com.kms.katalon.core.keyword.internal.KeywordExecutor.executeKeywordForPlatform(KeywordExecutor.groovy:74)&#xa;	at com.kms.katalon.core.webui.keyword.WebUiBuiltInKeywords.verifyElementNotPresent(WebUiBuiltInKeywords.groovy:1536)&#xa;	at Client_Face_Sheets_Search.run(Client_Face_Sheets_Search:85)&#xa;	at com.kms.katalon.core.main.ScriptEngine.run(ScriptEngine.java:194)&#xa;	at com.kms.katalon.core.main.ScriptEngine.runScriptAsRawText(ScriptEngine.java:119)&#xa;	at com.kms.katalon.core.main.TestCaseExecutor.runScript(TestCaseExecutor.java:448)&#xa;	at com.kms.katalon.core.main.TestCaseExecutor.doExecute(TestCaseExecutor.java:439)&#xa;	at com.kms.katalon.core.main.TestCaseExecutor.processExecutionPhase(TestCaseExecutor.java:418)&#xa;	at com.kms.katalon.core.main.TestCaseExecutor.accessMainPhase(TestCaseExecutor.java:410)&#xa;	at com.kms.katalon.core.main.TestCaseExecutor.execute(TestCaseExecutor.java:285)&#xa;	at com.kms.katalon.core.common.CommonExecutor.accessTestCaseMainPhase(CommonExecutor.java:65)&#xa;	at com.kms.katalon.core.main.TestSuiteExecutor.accessTestSuiteMainPhase(TestSuiteExecutor.java:150)&#xa;	at com.kms.katalon.core.main.TestSuiteExecutor.execute(TestSuiteExecutor.java:106)&#xa;	at com.kms.katalon.core.main.TestCaseMain.startTestSuite(TestCaseMain.java:180)&#xa;	at TempTestSuite1736457677469.run(TempTestSuite1736457677469.groovy:35)&#xa;	at java.base/jdk.internal.reflect.NativeMethodAccessorImpl.invoke0(Native Method)&#xa;	at java.base/jdk.internal.reflect.NativeMethodAccessorImpl.invoke(NativeMethodAccessorImpl.java:77)&#xa;	at java.base/jdk.internal.reflect.DelegatingMethodAccessorImpl.invoke(DelegatingMethodAccessorImpl.java:43)&#xa;Caused by: com.kms.katalon.core.exception.StepFailedException: Web element with id: 'Object Repository/Specific Cases Repository/LS/Home/Census/Clients Face Sheets/Clients Face Sheet Search/Page_Client Face Sheets/td_24-11008' located by 'By.xpath: //td[normalize-space()='24-11008']' is present after '30' second(s)&#xa;	at com.kms.katalon.core.webui.keyword.internal.WebUIKeywordMain.stepFailed(WebUIKeywordMain.groovy:117)&#xa;	at com.kms.katalon.core.webui.keyword.internal.WebUIKeywordMain$stepFailed$0.call(Unknown Source)&#xa;	at com.kms.katalon.core.webui.keyword.builtin.VerifyElementNotPresentKeyword$_verifyElementNotPresent_closure1.doCall(VerifyElementNotPresentKeyword.groovy:122)&#xa;	at com.kms.katalon.core.webui.keyword.builtin.VerifyElementNotPresentKeyword$_verifyElementNotPresent_closure1.doCall(VerifyElementNotPresentKeyword.groovy)&#xa;	at jdk.internal.reflect.GeneratedMethodAccessor34.invoke(Unknown Source)&#xa;	at java.base/jdk.internal.reflect.DelegatingMethodAccessorImpl.invoke(DelegatingMethodAccessorImpl.java:43)&#xa;	at com.kms.katalon.core.webui.keyword.internal.WebUIKeywordMain.runKeyword(WebUIKeywordMain.groovy:35)&#xa;	... 21 more&#xa;"/>
         <system-out><![CDATA[09-01-2025T16:31:58 - [TEST_CASE][FAILED] - Test Cases/Specific Cases/LS/General/Census/Client Face Sheets/Client_Face_Sheets_Search: Test Cases/Specific Cases/LS/General/Census/Client Face Sheets/Client_Face_Sheets_Search FAILED.
Reason:
com.kms.katalon.core.exception.StepFailedException: Unable to verify object 'Object Repository/Specific Cases Repository/LS/Home/Census/Clients Face Sheets/Clients Face Sheet Search/Page_Client Face Sheets/td_24-11008' is not present
	at com.kms.katalon.core.webui.keyword.internal.WebUIKeywordMain.stepFailed(WebUIKeywordMain.groovy:117)
	at com.kms.katalon.core.webui.keyword.internal.WebUIKeywordMain.runKeyword(WebUIKeywordMain.groovy:43)
	at com.kms.katalon.core.webui.keyword.internal.WebUIKeywordMain$runKeyword.call(Unknown Source)
	at com.kms.katalon.core.webui.keyword.builtin.VerifyElementNotPresentKeyword.verifyElementNotPresent(VerifyElementNotPresentKeyword.groovy:131)
	at com.kms.katalon.core.webui.keyword.builtin.VerifyElementNotPresentKeyword.execute(VerifyElementNotPresentKeyword.groovy:69)
	at com.kms.katalon.core.keyword.internal.KeywordExecutor.executeKeywordForPlatform(KeywordExecutor.groovy:74)
	at com.kms.katalon.core.webui.keyword.WebUiBuiltInKeywords.verifyElementNotPresent(WebUiBuiltInKeywords.groovy:1536)
	at Client_Face_Sheets_Search.run(Client_Face_Sheets_Search:85)
	at com.kms.katalon.core.main.ScriptEngine.run(ScriptEngine.java:194)
	at com.kms.katalon.core.main.ScriptEngine.runScriptAsRawText(ScriptEngine.java:119)
	at com.kms.katalon.core.main.TestCaseExecutor.runScript(TestCaseExecutor.java:448)
	at com.kms.katalon.core.main.TestCaseExecutor.doExecute(TestCaseExecutor.java:439)
	at com.kms.katalon.core.main.TestCaseExecutor.processExecutionPhase(TestCaseExecutor.java:418)
	at com.kms.katalon.core.main.TestCaseExecutor.accessMainPhase(TestCaseExecutor.java:410)
	at com.kms.katalon.core.main.TestCaseExecutor.execute(TestCaseExecutor.java:285)
	at com.kms.katalon.core.common.CommonExecutor.accessTestCaseMainPhase(CommonExecutor.java:65)
	at com.kms.katalon.core.main.TestSuiteExecutor.accessTestSuiteMainPhase(TestSuiteExecutor.java:150)
	at com.kms.katalon.core.main.TestSuiteExecutor.execute(TestSuiteExecutor.java:106)
	at com.kms.katalon.core.main.TestCaseMain.startTestSuite(TestCaseMain.java:180)
	at TempTestSuite1736457677469.run(TempTestSuite1736457677469.groovy:35)
	at java.base/jdk.internal.reflect.NativeMethodAccessorImpl.invoke0(Native Method)
	at java.base/jdk.internal.reflect.NativeMethodAccessorImpl.invoke(NativeMethodAccessorImpl.java:77)
	at java.base/jdk.internal.reflect.DelegatingMethodAccessorImpl.invoke(DelegatingMethodAccessorImpl.java:43)
Caused by: com.kms.katalon.core.exception.StepFailedException: Web element with id: 'Object Repository/Specific Cases Repository/LS/Home/Census/Clients Face Sheets/Clients Face Sheet Search/Page_Client Face Sheets/td_24-11008' located by 'By.xpath: //td[normalize-space()='24-11008']' is present after '30' second(s)
	at com.kms.katalon.core.webui.keyword.internal.WebUIKeywordMain.stepFailed(WebUIKeywordMain.groovy:117)
	at com.kms.katalon.core.webui.keyword.internal.WebUIKeywordMain$stepFailed$0.call(Unknown Source)
	at com.kms.katalon.core.webui.keyword.builtin.VerifyElementNotPresentKeyword$_verifyElementNotPresent_closure1.doCall(VerifyElementNotPresentKeyword.groovy:122)
	at com.kms.katalon.core.webui.keyword.builtin.VerifyElementNotPresentKeyword$_verifyElementNotPresent_closure1.doCall(VerifyElementNotPresentKeyword.groovy)
	at jdk.internal.reflect.GeneratedMethodAccessor34.invoke(Unknown Source)
	at java.base/jdk.internal.reflect.DelegatingMethodAccessorImpl.invoke(DelegatingMethodAccessorImpl.java:43)
	at com.kms.katalon.core.webui.keyword.internal.WebUIKeywordMain.runKeyword(WebUIKeywordMain.groovy:35)
	... 21 more


09-01-2025T16:31:58 - [TEST_STEP][PASSED] - callTestCase(findTestCase("Common Cases/Login"), [:], STOP_ON_FAILURE): Call Test Case 'Test Cases/Common Cases/Login' successfully

09-01-2025T16:31:58 - [TEST_CASE][PASSED] - Test Cases/Common Cases/Login: Test Cases/Common Cases/Login

09-01-2025T16:31:58 - [TEST_STEP][PASSED] - openBrowser(""): Browser is opened with url: ''

09-01-2025T16:31:58 - [MESSAGE][INFO] - Starting 'Chrome' driver

09-01-2025T16:31:58 - [MESSAGE][INFO] - Action delay is set to 0 milliseconds

09-01-2025T16:32:00 - [MESSAGE][PASSED] - Browser is opened with url: ''

09-01-2025T16:32:00 - [TEST_STEP][PASSED] - maximizeWindow(): Current window maximized

09-01-2025T16:32:00 - [MESSAGE][PASSED] - Current window maximized

09-01-2025T16:32:00 - [TEST_STEP][PASSED] - navigateToUrl("https://site17.lsapp.cloud/auth/login"): Navigate to 'https://site17.lsapp.cloud/auth/login' successfully

09-01-2025T16:32:03 - [MESSAGE][PASSED] - Navigate to 'https://site17.lsapp.cloud/auth/login' successfully

09-01-2025T16:32:03 - [TEST_STEP][PASSED] - setText(findTestObject("Object Repository/Common Cases Repository/Login/Page_Lightning Step/input_Email_email"), "automation@lightningstep.com"): Text 'automation@lightningstep.com' is set on object 'Object Repository/Common Cases Repository/Login/Page_Lightning Step/input_Email_email'

09-01-2025T16:32:04 - [MESSAGE][PASSED] - Text 'automation@lightningstep.com' is set on object 'Object Repository/Common Cases Repository/Login/Page_Lightning Step/input_Email_email'

09-01-2025T16:32:04 - [TEST_STEP][PASSED] - setEncryptedText(findTestObject("Object Repository/Common Cases Repository/Login/Page_Lightning Step/input_Password_password"), "e5N8VHmnhJDITtQaQhDQDw=="): Text ****** has been set on object 'Object Repository/Common Cases Repository/Login/Page_Lightning Step/input_Password_password'

09-01-2025T16:32:04 - [MESSAGE][PASSED] - Text ****** has been set on object 'Object Repository/Common Cases Repository/Login/Page_Lightning Step/input_Password_password'

09-01-2025T16:32:04 - [TEST_STEP][PASSED] - click(findTestObject("Object Repository/Common Cases Repository/Login/Page_Lightning Step/button_Sign in")): Object: 'Object Repository/Common Cases Repository/Login/Page_Lightning Step/button_Sign in' is clicked on

09-01-2025T16:32:10 - [MESSAGE][PASSED] - Object: 'Object Repository/Common Cases Repository/Login/Page_Lightning Step/button_Sign in' is clicked on

09-01-2025T16:32:10 - [MESSAGE][PASSED] - Call Test Case 'Test Cases/Common Cases/Login' successfully

09-01-2025T16:32:10 - [TEST_STEP][PASSED] - click(findTestObject("Object Repository/Specific Cases Repository/LS/Home/Census/Clients Face Sheets/Clients Face Sheet Search/Page_Home/a_Census")): Object: 'Object Repository/Specific Cases Repository/LS/Home/Census/Clients Face Sheets/Clients Face Sheet Search/Page_Home/a_Census' is clicked on

09-01-2025T16:32:11 - [MESSAGE][PASSED] - Object: 'Object Repository/Specific Cases Repository/LS/Home/Census/Clients Face Sheets/Clients Face Sheet Search/Page_Home/a_Census' is clicked on

09-01-2025T16:32:11 - [TEST_STEP][PASSED] - click(findTestObject("Object Repository/Specific Cases Repository/LS/Home/Census/Clients Face Sheets/Clients Face Sheet Search/Page_Home/span_Client Face sheets")): Object: 'Object Repository/Specific Cases Repository/LS/Home/Census/Clients Face Sheets/Clients Face Sheet Search/Page_Home/span_Client Face sheets' is clicked on

09-01-2025T16:32:15 - [MESSAGE][PASSED] - Object: 'Object Repository/Specific Cases Repository/LS/Home/Census/Clients Face Sheets/Clients Face Sheet Search/Page_Home/span_Client Face sheets' is clicked on

09-01-2025T16:32:15 - [TEST_STEP][PASSED] - navigateToUrl("https://site17.lsapp.cloud/report/clientfacesheets"): Navigate to 'https://site17.lsapp.cloud/report/clientfacesheets' successfully

09-01-2025T16:32:17 - [MESSAGE][PASSED] - Navigate to 'https://site17.lsapp.cloud/report/clientfacesheets' successfully

09-01-2025T16:32:17 - [TEST_STEP][PASSED] - click(findTestObject("Object Repository/Specific Cases Repository/LS/Home/Census/Clients Face Sheets/Clients Face Sheet Search/Page_Client Face Sheets/button_Show Data")): Object: 'Object Repository/Specific Cases Repository/LS/Home/Census/Clients Face Sheets/Clients Face Sheet Search/Page_Client Face Sheets/button_Show Data' is clicked on

09-01-2025T16:32:18 - [MESSAGE][PASSED] - Object: 'Object Repository/Specific Cases Repository/LS/Home/Census/Clients Face Sheets/Clients Face Sheet Search/Page_Client Face Sheets/button_Show Data' is clicked on

09-01-2025T16:32:18 - [TEST_STEP][PASSED] - click(findTestObject("Specific Cases Repository/LS/Home/Census/Clients Face Sheets/Clients Face Sheet Search/Page_Client Face Sheets/Patient")): Object: 'Object Repository/Specific Cases Repository/LS/Home/Census/Clients Face Sheets/Clients Face Sheet Search/Page_Client Face Sheets/Patient' is clicked on

09-01-2025T16:32:19 - [MESSAGE][PASSED] - Object: 'Object Repository/Specific Cases Repository/LS/Home/Census/Clients Face Sheets/Clients Face Sheet Search/Page_Client Face Sheets/Patient' is clicked on

09-01-2025T16:32:19 - [TEST_STEP][PASSED] - click(findTestObject("Specific Cases Repository/LS/Home/Census/Clients Face Sheets/Clients Face Sheet Search/Page_Client Face Sheets/li_A Automation, A Client")): Object: 'Object Repository/Specific Cases Repository/LS/Home/Census/Clients Face Sheets/Clients Face Sheet Search/Page_Client Face Sheets/li_A Automation, A Client' is clicked on

09-01-2025T16:32:19 - [MESSAGE][PASSED] - Object: 'Object Repository/Specific Cases Repository/LS/Home/Census/Clients Face Sheets/Clients Face Sheet Search/Page_Client Face Sheets/li_A Automation, A Client' is clicked on

09-01-2025T16:32:19 - [TEST_STEP][PASSED] - verifyElementText(findTestObject("Object Repository/Specific Cases Repository/LS/Home/Census/Clients Face Sheets/Clients Face Sheet Search/Page_Client Face Sheets/td_24-11006"), "24-11006"): Actual text and expected text of test object 'Object Repository/Specific Cases Repository/LS/Home/Census/Clients Face Sheets/Clients Face Sheet Search/Page_Client Face Sheets/td_24-11006' are matched.

09-01-2025T16:32:20 - [MESSAGE][PASSED] - Actual text and expected text of test object 'Object Repository/Specific Cases Repository/LS/Home/Census/Clients Face Sheets/Clients Face Sheet Search/Page_Client Face Sheets/td_24-11006' are matched.

09-01-2025T16:32:20 - [TEST_STEP][PASSED] - verifyElementNotPresent(findTestObject("Specific Cases Repository/LS/Home/Census/Clients Face Sheets/Clients Face Sheet Search/Page_Client Face Sheets/td_24-11007"), 0): Web element with id: 'Object Repository/Specific Cases Repository/LS/Home/Census/Clients Face Sheets/Clients Face Sheet Search/Page_Client Face Sheets/td_24-11007' located by 'By.xpath: //td[normalize-space()='24-11007']' is not present after '30' second(s)

09-01-2025T16:32:20 - [MESSAGE][WARNING] - Timeout '0' is invalid. Using default page load timeout: '30'

09-01-2025T16:32:20 - [MESSAGE][PASSED] - Web element with id: 'Object Repository/Specific Cases Repository/LS/Home/Census/Clients Face Sheets/Clients Face Sheet Search/Page_Client Face Sheets/td_24-11007' located by 'By.xpath: //td[normalize-space()='24-11007']' is not present after '30' second(s)

09-01-2025T16:32:20 - [TEST_STEP][PASSED] - verifyElementNotPresent(findTestObject("Specific Cases Repository/LS/Home/Census/Clients Face Sheets/Clients Face Sheet Search/Page_Client Face Sheets/td_24-11008"), 0): Web element with id: 'Object Repository/Specific Cases Repository/LS/Home/Census/Clients Face Sheets/Clients Face Sheet Search/Page_Client Face Sheets/td_24-11008' located by 'By.xpath: //td[normalize-space()='24-11008']' is not present after '30' second(s)

09-01-2025T16:32:20 - [MESSAGE][WARNING] - Timeout '0' is invalid. Using default page load timeout: '30'

09-01-2025T16:32:20 - [MESSAGE][PASSED] - Web element with id: 'Object Repository/Specific Cases Repository/LS/Home/Census/Clients Face Sheets/Clients Face Sheet Search/Page_Client Face Sheets/td_24-11008' located by 'By.xpath: //td[normalize-space()='24-11008']' is not present after '30' second(s)

09-01-2025T16:32:20 - [TEST_STEP][PASSED] - click(findTestObject("Object Repository/Specific Cases Repository/LS/Home/Census/Clients Face Sheets/Clients Face Sheet Search/Page_Client Face Sheets/ul_A Automation, A Client")): Object: 'Object Repository/Specific Cases Repository/LS/Home/Census/Clients Face Sheets/Clients Face Sheet Search/Page_Client Face Sheets/ul_A Automation, A Client' is clicked on

09-01-2025T16:32:21 - [MESSAGE][PASSED] - Object: 'Object Repository/Specific Cases Repository/LS/Home/Census/Clients Face Sheets/Clients Face Sheet Search/Page_Client Face Sheets/ul_A Automation, A Client' is clicked on

09-01-2025T16:32:21 - [TEST_STEP][PASSED] - click(findTestObject("Specific Cases Repository/LS/Home/Census/Clients Face Sheets/Clients Face Sheet Search/Page_Client Face Sheets/Patient")): Object: 'Object Repository/Specific Cases Repository/LS/Home/Census/Clients Face Sheets/Clients Face Sheet Search/Page_Client Face Sheets/Patient' is clicked on

09-01-2025T16:32:21 - [MESSAGE][PASSED] - Object: 'Object Repository/Specific Cases Repository/LS/Home/Census/Clients Face Sheets/Clients Face Sheet Search/Page_Client Face Sheets/Patient' is clicked on

09-01-2025T16:32:21 - [TEST_STEP][PASSED] - click(findTestObject("Object Repository/Specific Cases Repository/LS/Home/Census/Clients Face Sheets/Clients Face Sheet Search/Page_Client Face Sheets/li_B Automation, B Client")): Object: 'Object Repository/Specific Cases Repository/LS/Home/Census/Clients Face Sheets/Clients Face Sheet Search/Page_Client Face Sheets/li_B Automation, B Client' is clicked on

09-01-2025T16:32:21 - [MESSAGE][PASSED] - Object: 'Object Repository/Specific Cases Repository/LS/Home/Census/Clients Face Sheets/Clients Face Sheet Search/Page_Client Face Sheets/li_B Automation, B Client' is clicked on

09-01-2025T16:32:21 - [TEST_STEP][PASSED] - verifyElementText(findTestObject("Object Repository/Specific Cases Repository/LS/Home/Census/Clients Face Sheets/Clients Face Sheet Search/Page_Client Face Sheets/td_24-11006"), "24-11006"): Actual text and expected text of test object 'Object Repository/Specific Cases Repository/LS/Home/Census/Clients Face Sheets/Clients Face Sheet Search/Page_Client Face Sheets/td_24-11006' are matched.

09-01-2025T16:32:22 - [MESSAGE][PASSED] - Actual text and expected text of test object 'Object Repository/Specific Cases Repository/LS/Home/Census/Clients Face Sheets/Clients Face Sheet Search/Page_Client Face Sheets/td_24-11006' are matched.

09-01-2025T16:32:22 - [TEST_STEP][PASSED] - verifyElementText(findTestObject("Object Repository/Specific Cases Repository/LS/Home/Census/Clients Face Sheets/Clients Face Sheet Search/Page_Client Face Sheets/td_24-11007"), "24-11007"): Actual text and expected text of test object 'Object Repository/Specific Cases Repository/LS/Home/Census/Clients Face Sheets/Clients Face Sheet Search/Page_Client Face Sheets/td_24-11007' are matched.

09-01-2025T16:32:22 - [MESSAGE][PASSED] - Actual text and expected text of test object 'Object Repository/Specific Cases Repository/LS/Home/Census/Clients Face Sheets/Clients Face Sheet Search/Page_Client Face Sheets/td_24-11007' are matched.

09-01-2025T16:32:22 - [TEST_STEP][PASSED] - verifyElementNotPresent(findTestObject("Specific Cases Repository/LS/Home/Census/Clients Face Sheets/Clients Face Sheet Search/Page_Client Face Sheets/td_24-11008"), 0): Web element with id: 'Object Repository/Specific Cases Repository/LS/Home/Census/Clients Face Sheets/Clients Face Sheet Search/Page_Client Face Sheets/td_24-11008' located by 'By.xpath: //td[normalize-space()='24-11008']' is not present after '30' second(s)

09-01-2025T16:32:22 - [MESSAGE][WARNING] - Timeout '0' is invalid. Using default page load timeout: '30'

09-01-2025T16:32:22 - [MESSAGE][PASSED] - Web element with id: 'Object Repository/Specific Cases Repository/LS/Home/Census/Clients Face Sheets/Clients Face Sheet Search/Page_Client Face Sheets/td_24-11008' located by 'By.xpath: //td[normalize-space()='24-11008']' is not present after '30' second(s)

09-01-2025T16:32:22 - [TEST_STEP][PASSED] - click(findTestObject("Object Repository/Specific Cases Repository/LS/Home/Census/Clients Face Sheets/Clients Face Sheet Search/Page_Client Face Sheets/li_C Automation, C Client")): Object: 'Object Repository/Specific Cases Repository/LS/Home/Census/Clients Face Sheets/Clients Face Sheet Search/Page_Client Face Sheets/li_C Automation, C Client' is clicked on

09-01-2025T16:32:22 - [MESSAGE][PASSED] - Object: 'Object Repository/Specific Cases Repository/LS/Home/Census/Clients Face Sheets/Clients Face Sheet Search/Page_Client Face Sheets/li_C Automation, C Client' is clicked on

09-01-2025T16:32:22 - [TEST_STEP][PASSED] - verifyElementText(findTestObject("Object Repository/Specific Cases Repository/LS/Home/Census/Clients Face Sheets/Clients Face Sheet Search/Page_Client Face Sheets/td_24-11006"), "24-11006"): Actual text and expected text of test object 'Object Repository/Specific Cases Repository/LS/Home/Census/Clients Face Sheets/Clients Face Sheet Search/Page_Client Face Sheets/td_24-11006' are matched.

09-01-2025T16:32:23 - [MESSAGE][PASSED] - Actual text and expected text of test object 'Object Repository/Specific Cases Repository/LS/Home/Census/Clients Face Sheets/Clients Face Sheet Search/Page_Client Face Sheets/td_24-11006' are matched.

09-01-2025T16:32:23 - [TEST_STEP][PASSED] - verifyElementText(findTestObject("Object Repository/Specific Cases Repository/LS/Home/Census/Clients Face Sheets/Clients Face Sheet Search/Page_Client Face Sheets/td_24-11007"), "24-11007"): Actual text and expected text of test object 'Object Repository/Specific Cases Repository/LS/Home/Census/Clients Face Sheets/Clients Face Sheet Search/Page_Client Face Sheets/td_24-11007' are matched.

09-01-2025T16:32:23 - [MESSAGE][PASSED] - Actual text and expected text of test object 'Object Repository/Specific Cases Repository/LS/Home/Census/Clients Face Sheets/Clients Face Sheet Search/Page_Client Face Sheets/td_24-11007' are matched.

09-01-2025T16:32:23 - [TEST_STEP][PASSED] - verifyElementText(findTestObject("Object Repository/Specific Cases Repository/LS/Home/Census/Clients Face Sheets/Clients Face Sheet Search/Page_Client Face Sheets/td_24-11008"), "24-11008"): Actual text and expected text of test object 'Object Repository/Specific Cases Repository/LS/Home/Census/Clients Face Sheets/Clients Face Sheet Search/Page_Client Face Sheets/td_24-11008' are matched.

09-01-2025T16:32:23 - [MESSAGE][PASSED] - Actual text and expected text of test object 'Object Repository/Specific Cases Repository/LS/Home/Census/Clients Face Sheets/Clients Face Sheet Search/Page_Client Face Sheets/td_24-11008' are matched.

09-01-2025T16:32:23 - [TEST_STEP][PASSED] - click(findTestObject("Specific Cases Repository/LS/Home/Census/Clients Face Sheets/Clients Face Sheet Search/Page_Client Face Sheets/span_ A")): Object: 'Object Repository/Specific Cases Repository/LS/Home/Census/Clients Face Sheets/Clients Face Sheet Search/Page_Client Face Sheets/span_ A' is clicked on

09-01-2025T16:32:24 - [MESSAGE][PASSED] - Object: 'Object Repository/Specific Cases Repository/LS/Home/Census/Clients Face Sheets/Clients Face Sheet Search/Page_Client Face Sheets/span_ A' is clicked on

09-01-2025T16:32:24 - [TEST_STEP][PASSED] - click(findTestObject("Specific Cases Repository/LS/Home/Census/Clients Face Sheets/Clients Face Sheet Search/Page_Client Face Sheets/span_B")): Object: 'Object Repository/Specific Cases Repository/LS/Home/Census/Clients Face Sheets/Clients Face Sheet Search/Page_Client Face Sheets/span_B' is clicked on

09-01-2025T16:32:24 - [MESSAGE][PASSED] - Object: 'Object Repository/Specific Cases Repository/LS/Home/Census/Clients Face Sheets/Clients Face Sheet Search/Page_Client Face Sheets/span_B' is clicked on

09-01-2025T16:32:24 - [TEST_STEP][PASSED] - click(findTestObject("Specific Cases Repository/LS/Home/Census/Clients Face Sheets/Clients Face Sheet Search/Page_Client Face Sheets/span_C")): Object: 'Object Repository/Specific Cases Repository/LS/Home/Census/Clients Face Sheets/Clients Face Sheet Search/Page_Client Face Sheets/span_C' is clicked on

09-01-2025T16:32:25 - [MESSAGE][PASSED] - Object: 'Object Repository/Specific Cases Repository/LS/Home/Census/Clients Face Sheets/Clients Face Sheet Search/Page_Client Face Sheets/span_C' is clicked on

09-01-2025T16:32:25 - [TEST_STEP][PASSED] - click(findTestObject("Specific Cases Repository/LS/Home/Census/Clients Face Sheets/Clients Face Sheet Search/Page_Client Face Sheets/Unit")): Object: 'Object Repository/Specific Cases Repository/LS/Home/Census/Clients Face Sheets/Clients Face Sheet Search/Page_Client Face Sheets/Unit' is clicked on

09-01-2025T16:32:25 - [MESSAGE][PASSED] - Object: 'Object Repository/Specific Cases Repository/LS/Home/Census/Clients Face Sheets/Clients Face Sheet Search/Page_Client Face Sheets/Unit' is clicked on

09-01-2025T16:32:25 - [TEST_STEP][PASSED] - click(findTestObject("Object Repository/Specific Cases Repository/LS/Home/Census/Clients Face Sheets/Clients Face Sheet Search/Page_Client Face Sheets/li_Mens Residential")): Object: 'Object Repository/Specific Cases Repository/LS/Home/Census/Clients Face Sheets/Clients Face Sheet Search/Page_Client Face Sheets/li_Mens Residential' is clicked on

09-01-2025T16:32:25 - [MESSAGE][PASSED] - Object: 'Object Repository/Specific Cases Repository/LS/Home/Census/Clients Face Sheets/Clients Face Sheet Search/Page_Client Face Sheets/li_Mens Residential' is clicked on

09-01-2025T16:32:25 - [TEST_STEP][PASSED] - verifyElementText(findTestObject("Object Repository/Specific Cases Repository/LS/Home/Census/Clients Face Sheets/Clients Face Sheet Search/Page_Client Face Sheets/td_24-11006"), "24-11006"): Actual text and expected text of test object 'Object Repository/Specific Cases Repository/LS/Home/Census/Clients Face Sheets/Clients Face Sheet Search/Page_Client Face Sheets/td_24-11006' are matched.

09-01-2025T16:32:26 - [MESSAGE][PASSED] - Actual text and expected text of test object 'Object Repository/Specific Cases Repository/LS/Home/Census/Clients Face Sheets/Clients Face Sheet Search/Page_Client Face Sheets/td_24-11006' are matched.

09-01-2025T16:32:26 - [TEST_STEP][PASSED] - verifyElementText(findTestObject("Object Repository/Specific Cases Repository/LS/Home/Census/Clients Face Sheets/Clients Face Sheet Search/Page_Client Face Sheets/td_24-11007"), "24-11007"): Actual text and expected text of test object 'Object Repository/Specific Cases Repository/LS/Home/Census/Clients Face Sheets/Clients Face Sheet Search/Page_Client Face Sheets/td_24-11007' are matched.

09-01-2025T16:32:26 - [MESSAGE][PASSED] - Actual text and expected text of test object 'Object Repository/Specific Cases Repository/LS/Home/Census/Clients Face Sheets/Clients Face Sheet Search/Page_Client Face Sheets/td_24-11007' are matched.

09-01-2025T16:32:26 - [TEST_STEP][FAILED] - verifyElementNotPresent(findTestObject("Specific Cases Repository/LS/Home/Census/Clients Face Sheets/Clients Face Sheet Search/Page_Client Face Sheets/td_24-11008"), 0): Unable to verify object 'Object Repository/Specific Cases Repository/LS/Home/Census/Clients Face Sheets/Clients Face Sheet Search/Page_Client Face Sheets/td_24-11008' is not present (Root cause: com.kms.katalon.core.exception.StepFailedException: Unable to verify object 'Object Repository/Specific Cases Repository/LS/Home/Census/Clients Face Sheets/Clients Face Sheet Search/Page_Client Face Sheets/td_24-11008' is not present
	at com.kms.katalon.core.webui.keyword.internal.WebUIKeywordMain.stepFailed(WebUIKeywordMain.groovy:117)
	at com.kms.katalon.core.webui.keyword.internal.WebUIKeywordMain.runKeyword(WebUIKeywordMain.groovy:43)
	at com.kms.katalon.core.webui.keyword.internal.WebUIKeywordMain$runKeyword.call(Unknown Source)
	at com.kms.katalon.core.webui.keyword.builtin.VerifyElementNotPresentKeyword.verifyElementNotPresent(VerifyElementNotPresentKeyword.groovy:131)
	at com.kms.katalon.core.webui.keyword.builtin.VerifyElementNotPresentKeyword.execute(VerifyElementNotPresentKeyword.groovy:69)
	at com.kms.katalon.core.keyword.internal.KeywordExecutor.executeKeywordForPlatform(KeywordExecutor.groovy:74)
	at com.kms.katalon.core.webui.keyword.WebUiBuiltInKeywords.verifyElementNotPresent(WebUiBuiltInKeywords.groovy:1536)
	at Client_Face_Sheets_Search.run(Client_Face_Sheets_Search:85)
	at com.kms.katalon.core.main.ScriptEngine.run(ScriptEngine.java:194)
	at com.kms.katalon.core.main.ScriptEngine.runScriptAsRawText(ScriptEngine.java:119)
	at com.kms.katalon.core.main.TestCaseExecutor.runScript(TestCaseExecutor.java:448)
	at com.kms.katalon.core.main.TestCaseExecutor.doExecute(TestCaseExecutor.java:439)
	at com.kms.katalon.core.main.TestCaseExecutor.processExecutionPhase(TestCaseExecutor.java:418)
	at com.kms.katalon.core.main.TestCaseExecutor.accessMainPhase(TestCaseExecutor.java:410)
	at com.kms.katalon.core.main.TestCaseExecutor.execute(TestCaseExecutor.java:285)
	at com.kms.katalon.core.common.CommonExecutor.accessTestCaseMainPhase(CommonExecutor.java:65)
	at com.kms.katalon.core.main.TestSuiteExecutor.accessTestSuiteMainPhase(TestSuiteExecutor.java:150)
	at com.kms.katalon.core.main.TestSuiteExecutor.execute(TestSuiteExecutor.java:106)
	at com.kms.katalon.core.main.TestCaseMain.startTestSuite(TestCaseMain.java:180)
	at TempTestSuite1736457677469.run(TempTestSuite1736457677469.groovy:35)
	at java.base/jdk.internal.reflect.NativeMethodAccessorImpl.invoke0(Native Method)
	at java.base/jdk.internal.reflect.NativeMethodAccessorImpl.invoke(NativeMethodAccessorImpl.java:77)
	at java.base/jdk.internal.reflect.DelegatingMethodAccessorImpl.invoke(DelegatingMethodAccessorImpl.java:43)
Caused by: com.kms.katalon.core.exception.StepFailedException: Web element with id: 'Object Repository/Specific Cases Repository/LS/Home/Census/Clients Face Sheets/Clients Face Sheet Search/Page_Client Face Sheets/td_24-11008' located by 'By.xpath: //td[normalize-space()='24-11008']' is present after '30' second(s)
	at com.kms.katalon.core.webui.keyword.internal.WebUIKeywordMain.stepFailed(WebUIKeywordMain.groovy:117)
	at com.kms.katalon.core.webui.keyword.internal.WebUIKeywordMain$stepFailed$0.call(Unknown Source)
	at com.kms.katalon.core.webui.keyword.builtin.VerifyElementNotPresentKeyword$_verifyElementNotPresent_closure1.doCall(VerifyElementNotPresentKeyword.groovy:122)
	at com.kms.katalon.core.webui.keyword.builtin.VerifyElementNotPresentKeyword$_verifyElementNotPresent_closure1.doCall(VerifyElementNotPresentKeyword.groovy)
	at jdk.internal.reflect.GeneratedMethodAccessor34.invoke(Unknown Source)
	at java.base/jdk.internal.reflect.DelegatingMethodAccessorImpl.invoke(DelegatingMethodAccessorImpl.java:43)
	at com.kms.katalon.core.webui.keyword.internal.WebUIKeywordMain.runKeyword(WebUIKeywordMain.groovy:35)
	... 21 more
)

09-01-2025T16:32:26 - [MESSAGE][WARNING] - Timeout '0' is invalid. Using default page load timeout: '30'

09-01-2025T16:32:57 - [MESSAGE][FAILED] - Web element with id: 'Object Repository/Specific Cases Repository/LS/Home/Census/Clients Face Sheets/Clients Face Sheet Search/Page_Client Face Sheets/td_24-11008' located by 'By.xpath: //td[normalize-space()='24-11008']' is present after '30' second(s) (Root cause: com.kms.katalon.core.exception.StepFailedException: Web element with id: 'Object Repository/Specific Cases Repository/LS/Home/Census/Clients Face Sheets/Clients Face Sheet Search/Page_Client Face Sheets/td_24-11008' located by 'By.xpath: //td[normalize-space()='24-11008']' is present after '30' second(s)
	at com.kms.katalon.core.webui.keyword.internal.WebUIKeywordMain.stepFailed(WebUIKeywordMain.groovy:117)
	at com.kms.katalon.core.webui.keyword.internal.WebUIKeywordMain$stepFailed$0.call(Unknown Source)
	at com.kms.katalon.core.webui.keyword.builtin.VerifyElementNotPresentKeyword$_verifyElementNotPresent_closure1.doCall(VerifyElementNotPresentKeyword.groovy:122)
	at com.kms.katalon.core.webui.keyword.builtin.VerifyElementNotPresentKeyword$_verifyElementNotPresent_closure1.doCall(VerifyElementNotPresentKeyword.groovy)
	at jdk.internal.reflect.GeneratedMethodAccessor34.invoke(Unknown Source)
	at java.base/jdk.internal.reflect.DelegatingMethodAccessorImpl.invoke(DelegatingMethodAccessorImpl.java:43)
	at com.kms.katalon.core.webui.keyword.internal.WebUIKeywordMain.runKeyword(WebUIKeywordMain.groovy:35)
	at com.kms.katalon.core.webui.keyword.internal.WebUIKeywordMain$runKeyword.call(Unknown Source)
	at com.kms.katalon.core.webui.keyword.builtin.VerifyElementNotPresentKeyword.verifyElementNotPresent(VerifyElementNotPresentKeyword.groovy:131)
	at com.kms.katalon.core.webui.keyword.builtin.VerifyElementNotPresentKeyword.execute(VerifyElementNotPresentKeyword.groovy:69)
	at com.kms.katalon.core.keyword.internal.KeywordExecutor.executeKeywordForPlatform(KeywordExecutor.groovy:74)
	at com.kms.katalon.core.webui.keyword.WebUiBuiltInKeywords.verifyElementNotPresent(WebUiBuiltInKeywords.groovy:1536)
	at Client_Face_Sheets_Search.run(Client_Face_Sheets_Search:85)
	at com.kms.katalon.core.main.ScriptEngine.run(ScriptEngine.java:194)
	at com.kms.katalon.core.main.ScriptEngine.runScriptAsRawText(ScriptEngine.java:119)
	at com.kms.katalon.core.main.TestCaseExecutor.runScript(TestCaseExecutor.java:448)
	at com.kms.katalon.core.main.TestCaseExecutor.doExecute(TestCaseExecutor.java:439)
	at com.kms.katalon.core.main.TestCaseExecutor.processExecutionPhase(TestCaseExecutor.java:418)
	at com.kms.katalon.core.main.TestCaseExecutor.accessMainPhase(TestCaseExecutor.java:410)
	at com.kms.katalon.core.main.TestCaseExecutor.execute(TestCaseExecutor.java:285)
	at com.kms.katalon.core.common.CommonExecutor.accessTestCaseMainPhase(CommonExecutor.java:65)
	at com.kms.katalon.core.main.TestSuiteExecutor.accessTestSuiteMainPhase(TestSuiteExecutor.java:150)
	at com.kms.katalon.core.main.TestSuiteExecutor.execute(TestSuiteExecutor.java:106)
	at com.kms.katalon.core.main.TestCaseMain.startTestSuite(TestCaseMain.java:180)
	at TempTestSuite1736457677469.run(TempTestSuite1736457677469.groovy:35)
	at java.base/jdk.internal.reflect.NativeMethodAccessorImpl.invoke0(Native Method)
	at java.base/jdk.internal.reflect.NativeMethodAccessorImpl.invoke(NativeMethodAccessorImpl.java:77)
	at java.base/jdk.internal.reflect.DelegatingMethodAccessorImpl.invoke(DelegatingMethodAccessorImpl.java:43)
)
[[ATTACHMENT|C:\\Users\\Enrique\\git\\AUTOMATION_LS\\Reports\\20250109_162114\\LS\\Home\\General\\Census\\20250109_162117\\1736458377237.png]]

09-01-2025T16:32:57 - [MESSAGE][FAILED] - Unable to verify object 'Object Repository/Specific Cases Repository/LS/Home/Census/Clients Face Sheets/Clients Face Sheet Search/Page_Client Face Sheets/td_24-11008' is not present (Root cause: com.kms.katalon.core.exception.StepFailedException: Unable to verify object 'Object Repository/Specific Cases Repository/LS/Home/Census/Clients Face Sheets/Clients Face Sheet Search/Page_Client Face Sheets/td_24-11008' is not present
	at com.kms.katalon.core.webui.keyword.internal.WebUIKeywordMain.stepFailed(WebUIKeywordMain.groovy:117)
	at com.kms.katalon.core.webui.keyword.internal.WebUIKeywordMain.runKeyword(WebUIKeywordMain.groovy:43)
	at com.kms.katalon.core.webui.keyword.internal.WebUIKeywordMain$runKeyword.call(Unknown Source)
	at com.kms.katalon.core.webui.keyword.builtin.VerifyElementNotPresentKeyword.verifyElementNotPresent(VerifyElementNotPresentKeyword.groovy:131)
	at com.kms.katalon.core.webui.keyword.builtin.VerifyElementNotPresentKeyword.execute(VerifyElementNotPresentKeyword.groovy:69)
	at com.kms.katalon.core.keyword.internal.KeywordExecutor.executeKeywordForPlatform(KeywordExecutor.groovy:74)
	at com.kms.katalon.core.webui.keyword.WebUiBuiltInKeywords.verifyElementNotPresent(WebUiBuiltInKeywords.groovy:1536)
	at Client_Face_Sheets_Search.run(Client_Face_Sheets_Search:85)
	at com.kms.katalon.core.main.ScriptEngine.run(ScriptEngine.java:194)
	at com.kms.katalon.core.main.ScriptEngine.runScriptAsRawText(ScriptEngine.java:119)
	at com.kms.katalon.core.main.TestCaseExecutor.runScript(TestCaseExecutor.java:448)
	at com.kms.katalon.core.main.TestCaseExecutor.doExecute(TestCaseExecutor.java:439)
	at com.kms.katalon.core.main.TestCaseExecutor.processExecutionPhase(TestCaseExecutor.java:418)
	at com.kms.katalon.core.main.TestCaseExecutor.accessMainPhase(TestCaseExecutor.java:410)
	at com.kms.katalon.core.main.TestCaseExecutor.execute(TestCaseExecutor.java:285)
	at com.kms.katalon.core.common.CommonExecutor.accessTestCaseMainPhase(CommonExecutor.java:65)
	at com.kms.katalon.core.main.TestSuiteExecutor.accessTestSuiteMainPhase(TestSuiteExecutor.java:150)
	at com.kms.katalon.core.main.TestSuiteExecutor.execute(TestSuiteExecutor.java:106)
	at com.kms.katalon.core.main.TestCaseMain.startTestSuite(TestCaseMain.java:180)
	at TempTestSuite1736457677469.run(TempTestSuite1736457677469.groovy:35)
	at java.base/jdk.internal.reflect.NativeMethodAccessorImpl.invoke0(Native Method)
	at java.base/jdk.internal.reflect.NativeMethodAccessorImpl.invoke(NativeMethodAccessorImpl.java:77)
	at java.base/jdk.internal.reflect.DelegatingMethodAccessorImpl.invoke(DelegatingMethodAccessorImpl.java:43)
Caused by: com.kms.katalon.core.exception.StepFailedException: Web element with id: 'Object Repository/Specific Cases Repository/LS/Home/Census/Clients Face Sheets/Clients Face Sheet Search/Page_Client Face Sheets/td_24-11008' located by 'By.xpath: //td[normalize-space()='24-11008']' is present after '30' second(s)
	at com.kms.katalon.core.webui.keyword.internal.WebUIKeywordMain.stepFailed(WebUIKeywordMain.groovy:117)
	at com.kms.katalon.core.webui.keyword.internal.WebUIKeywordMain$stepFailed$0.call(Unknown Source)
	at com.kms.katalon.core.webui.keyword.builtin.VerifyElementNotPresentKeyword$_verifyElementNotPresent_closure1.doCall(VerifyElementNotPresentKeyword.groovy:122)
	at com.kms.katalon.core.webui.keyword.builtin.VerifyElementNotPresentKeyword$_verifyElementNotPresent_closure1.doCall(VerifyElementNotPresentKeyword.groovy)
	at jdk.internal.reflect.GeneratedMethodAccessor34.invoke(Unknown Source)
	at java.base/jdk.internal.reflect.DelegatingMethodAccessorImpl.invoke(DelegatingMethodAccessorImpl.java:43)
	at com.kms.katalon.core.webui.keyword.internal.WebUIKeywordMain.runKeyword(WebUIKeywordMain.groovy:35)
	... 21 more
)
[[ATTACHMENT|C:\\Users\\Enrique\\git\\AUTOMATION_LS\\Reports\\20250109_162114\\LS\\Home\\General\\Census\\20250109_162117\\1736458377362.png]]]]></system-out>
         <system-err><![CDATA[09-01-2025T16:31:58 - [TEST_CASE][FAILED] - Test Cases/Specific Cases/LS/General/Census/Client Face Sheets/Client_Face_Sheets_Search: Test Cases/Specific Cases/LS/General/Census/Client Face Sheets/Client_Face_Sheets_Search FAILED.
Reason:
com.kms.katalon.core.exception.StepFailedException: Unable to verify object 'Object Repository/Specific Cases Repository/LS/Home/Census/Clients Face Sheets/Clients Face Sheet Search/Page_Client Face Sheets/td_24-11008' is not present
	at com.kms.katalon.core.webui.keyword.internal.WebUIKeywordMain.stepFailed(WebUIKeywordMain.groovy:117)
	at com.kms.katalon.core.webui.keyword.internal.WebUIKeywordMain.runKeyword(WebUIKeywordMain.groovy:43)
	at com.kms.katalon.core.webui.keyword.internal.WebUIKeywordMain$runKeyword.call(Unknown Source)
	at com.kms.katalon.core.webui.keyword.builtin.VerifyElementNotPresentKeyword.verifyElementNotPresent(VerifyElementNotPresentKeyword.groovy:131)
	at com.kms.katalon.core.webui.keyword.builtin.VerifyElementNotPresentKeyword.execute(VerifyElementNotPresentKeyword.groovy:69)
	at com.kms.katalon.core.keyword.internal.KeywordExecutor.executeKeywordForPlatform(KeywordExecutor.groovy:74)
	at com.kms.katalon.core.webui.keyword.WebUiBuiltInKeywords.verifyElementNotPresent(WebUiBuiltInKeywords.groovy:1536)
	at Client_Face_Sheets_Search.run(Client_Face_Sheets_Search:85)
	at com.kms.katalon.core.main.ScriptEngine.run(ScriptEngine.java:194)
	at com.kms.katalon.core.main.ScriptEngine.runScriptAsRawText(ScriptEngine.java:119)
	at com.kms.katalon.core.main.TestCaseExecutor.runScript(TestCaseExecutor.java:448)
	at com.kms.katalon.core.main.TestCaseExecutor.doExecute(TestCaseExecutor.java:439)
	at com.kms.katalon.core.main.TestCaseExecutor.processExecutionPhase(TestCaseExecutor.java:418)
	at com.kms.katalon.core.main.TestCaseExecutor.accessMainPhase(TestCaseExecutor.java:410)
	at com.kms.katalon.core.main.TestCaseExecutor.execute(TestCaseExecutor.java:285)
	at com.kms.katalon.core.common.CommonExecutor.accessTestCaseMainPhase(CommonExecutor.java:65)
	at com.kms.katalon.core.main.TestSuiteExecutor.accessTestSuiteMainPhase(TestSuiteExecutor.java:150)
	at com.kms.katalon.core.main.TestSuiteExecutor.execute(TestSuiteExecutor.java:106)
	at com.kms.katalon.core.main.TestCaseMain.startTestSuite(TestCaseMain.java:180)
	at TempTestSuite1736457677469.run(TempTestSuite1736457677469.groovy:35)
	at java.base/jdk.internal.reflect.NativeMethodAccessorImpl.invoke0(Native Method)
	at java.base/jdk.internal.reflect.NativeMethodAccessorImpl.invoke(NativeMethodAccessorImpl.java:77)
	at java.base/jdk.internal.reflect.DelegatingMethodAccessorImpl.invoke(DelegatingMethodAccessorImpl.java:43)
Caused by: com.kms.katalon.core.exception.StepFailedException: Web element with id: 'Object Repository/Specific Cases Repository/LS/Home/Census/Clients Face Sheets/Clients Face Sheet Search/Page_Client Face Sheets/td_24-11008' located by 'By.xpath: //td[normalize-space()='24-11008']' is present after '30' second(s)
	at com.kms.katalon.core.webui.keyword.internal.WebUIKeywordMain.stepFailed(WebUIKeywordMain.groovy:117)
	at com.kms.katalon.core.webui.keyword.internal.WebUIKeywordMain$stepFailed$0.call(Unknown Source)
	at com.kms.katalon.core.webui.keyword.builtin.VerifyElementNotPresentKeyword$_verifyElementNotPresent_closure1.doCall(VerifyElementNotPresentKeyword.groovy:122)
	at com.kms.katalon.core.webui.keyword.builtin.VerifyElementNotPresentKeyword$_verifyElementNotPresent_closure1.doCall(VerifyElementNotPresentKeyword.groovy)
	at jdk.internal.reflect.GeneratedMethodAccessor34.invoke(Unknown Source)
	at java.base/jdk.internal.reflect.DelegatingMethodAccessorImpl.invoke(DelegatingMethodAccessorImpl.java:43)
	at com.kms.katalon.core.webui.keyword.internal.WebUIKeywordMain.runKeyword(WebUIKeywordMain.groovy:35)
	... 21 more]]></system-err>
      </testcase>
      <system-out><![CDATA[09-01-2025T16:21:34 - [TEST_SUITE][FAILED] - Census: Test Cases/Specific Cases/LS/General/Census/Census/Census_Searching_and_Toggle_Columns FAILED.
Reason:
com.kms.katalon.core.exception.StepFailedException: Verify element text of test object 'Object Repository/Specific Cases Repository/LS/Home/Census/Census_Searchin_and_Toggle_Columns/Page_Home/a_B Automation, B Client' FAILED.
	at com.kms.katalon.core.webui.keyword.internal.WebUIKeywordMain.stepFailed(WebUIKeywordMain.groovy:117)
	at com.kms.katalon.core.webui.keyword.internal.WebUIKeywordMain.runKeyword(WebUIKeywordMain.groovy:43)
	at com.kms.katalon.core.webui.keyword.builtin.VerifyElementTextKeyword.verifyElementText(VerifyElementTextKeyword.groovy:72)
	at com.kms.katalon.core.webui.keyword.builtin.VerifyElementTextKeyword.execute(VerifyElementTextKeyword.groovy:40)
	at com.kms.katalon.core.keyword.internal.KeywordExecutor.executeKeywordForPlatform(KeywordExecutor.groovy:74)
	at com.kms.katalon.core.webui.keyword.WebUiBuiltInKeywords.verifyElementText(WebUiBuiltInKeywords.groovy:4835)
	at Census_Searching_and_Toggle_Columns.run(Census_Searching_and_Toggle_Columns:47)
	at com.kms.katalon.core.main.ScriptEngine.run(ScriptEngine.java:194)
	at com.kms.katalon.core.main.ScriptEngine.runScriptAsRawText(ScriptEngine.java:119)
	at com.kms.katalon.core.main.TestCaseExecutor.runScript(TestCaseExecutor.java:448)
	at com.kms.katalon.core.main.TestCaseExecutor.doExecute(TestCaseExecutor.java:439)
	at com.kms.katalon.core.main.TestCaseExecutor.processExecutionPhase(TestCaseExecutor.java:418)
	at com.kms.katalon.core.main.TestCaseExecutor.accessMainPhase(TestCaseExecutor.java:410)
	at com.kms.katalon.core.main.TestCaseExecutor.execute(TestCaseExecutor.java:285)
	at com.kms.katalon.core.common.CommonExecutor.accessTestCaseMainPhase(CommonExecutor.java:65)
	at com.kms.katalon.core.main.TestSuiteExecutor.accessTestSuiteMainPhase(TestSuiteExecutor.java:150)
	at com.kms.katalon.core.main.TestSuiteExecutor.execute(TestSuiteExecutor.java:106)
	at com.kms.katalon.core.main.TestCaseMain.startTestSuite(TestCaseMain.java:180)
	at TempTestSuite1736457677469.run(TempTestSuite1736457677469.groovy:35)
	at java.base/jdk.internal.reflect.NativeMethodAccessorImpl.invoke0(Native Method)
	at java.base/jdk.internal.reflect.NativeMethodAccessorImpl.invoke(NativeMethodAccessorImpl.java:77)
	at java.base/jdk.internal.reflect.DelegatingMethodAccessorImpl.invoke(DelegatingMethodAccessorImpl.java:43)
Caused by: com.kms.katalon.core.exception.StepFailedException: com.kms.katalon.core.webui.exception.WebElementNotFoundException: Web element with id: 'Object Repository/Specific Cases Repository/LS/Home/Census/Census_Searchin_and_Toggle_Columns/Page_Home/a_B Automation, B Client' located by '//a[normalize-space()='B Automation, B Client']' not found
	at com.kms.katalon.core.webui.keyword.internal.WebUIKeywordMain.stepFailed(WebUIKeywordMain.groovy:117)
	at com.kms.katalon.core.webui.keyword.builtin.VerifyElementTextKeyword$_verifyElementText_closure1.doCall(VerifyElementTextKeyword.groovy:64)
	at com.kms.katalon.core.webui.keyword.builtin.VerifyElementTextKeyword$_verifyElementText_closure1.call(VerifyElementTextKeyword.groovy)
	at com.kms.katalon.core.webui.keyword.internal.WebUIKeywordMain.runKeyword(WebUIKeywordMain.groovy:35)
	... 20 more]]></system-out>
      <system-err><![CDATA[09-01-2025T16:21:34 - [TEST_SUITE][FAILED] - Census: Test Cases/Specific Cases/LS/General/Census/Census/Census_Searching_and_Toggle_Columns FAILED.
Reason:
com.kms.katalon.core.exception.StepFailedException: Verify element text of test object 'Object Repository/Specific Cases Repository/LS/Home/Census/Census_Searchin_and_Toggle_Columns/Page_Home/a_B Automation, B Client' FAILED.
	at com.kms.katalon.core.webui.keyword.internal.WebUIKeywordMain.stepFailed(WebUIKeywordMain.groovy:117)
	at com.kms.katalon.core.webui.keyword.internal.WebUIKeywordMain.runKeyword(WebUIKeywordMain.groovy:43)
	at com.kms.katalon.core.webui.keyword.builtin.VerifyElementTextKeyword.verifyElementText(VerifyElementTextKeyword.groovy:72)
	at com.kms.katalon.core.webui.keyword.builtin.VerifyElementTextKeyword.execute(VerifyElementTextKeyword.groovy:40)
	at com.kms.katalon.core.keyword.internal.KeywordExecutor.executeKeywordForPlatform(KeywordExecutor.groovy:74)
	at com.kms.katalon.core.webui.keyword.WebUiBuiltInKeywords.verifyElementText(WebUiBuiltInKeywords.groovy:4835)
	at Census_Searching_and_Toggle_Columns.run(Census_Searching_and_Toggle_Columns:47)
	at com.kms.katalon.core.main.ScriptEngine.run(ScriptEngine.java:194)
	at com.kms.katalon.core.main.ScriptEngine.runScriptAsRawText(ScriptEngine.java:119)
	at com.kms.katalon.core.main.TestCaseExecutor.runScript(TestCaseExecutor.java:448)
	at com.kms.katalon.core.main.TestCaseExecutor.doExecute(TestCaseExecutor.java:439)
	at com.kms.katalon.core.main.TestCaseExecutor.processExecutionPhase(TestCaseExecutor.java:418)
	at com.kms.katalon.core.main.TestCaseExecutor.accessMainPhase(TestCaseExecutor.java:410)
	at com.kms.katalon.core.main.TestCaseExecutor.execute(TestCaseExecutor.java:285)
	at com.kms.katalon.core.common.CommonExecutor.accessTestCaseMainPhase(CommonExecutor.java:65)
	at com.kms.katalon.core.main.TestSuiteExecutor.accessTestSuiteMainPhase(TestSuiteExecutor.java:150)
	at com.kms.katalon.core.main.TestSuiteExecutor.execute(TestSuiteExecutor.java:106)
	at com.kms.katalon.core.main.TestCaseMain.startTestSuite(TestCaseMain.java:180)
	at TempTestSuite1736457677469.run(TempTestSuite1736457677469.groovy:35)
	at java.base/jdk.internal.reflect.NativeMethodAccessorImpl.invoke0(Native Method)
	at java.base/jdk.internal.reflect.NativeMethodAccessorImpl.invoke(NativeMethodAccessorImpl.java:77)
	at java.base/jdk.internal.reflect.DelegatingMethodAccessorImpl.invoke(DelegatingMethodAccessorImpl.java:43)
Caused by: com.kms.katalon.core.exception.StepFailedException: com.kms.katalon.core.webui.exception.WebElementNotFoundException: Web element with id: 'Object Repository/Specific Cases Repository/LS/Home/Census/Census_Searchin_and_Toggle_Columns/Page_Home/a_B Automation, B Client' located by '//a[normalize-space()='B Automation, B Client']' not found
	at com.kms.katalon.core.webui.keyword.internal.WebUIKeywordMain.stepFailed(WebUIKeywordMain.groovy:117)
	at com.kms.katalon.core.webui.keyword.builtin.VerifyElementTextKeyword$_verifyElementText_closure1.doCall(VerifyElementTextKeyword.groovy:64)
	at com.kms.katalon.core.webui.keyword.builtin.VerifyElementTextKeyword$_verifyElementText_closure1.call(VerifyElementTextKeyword.groovy)
	at com.kms.katalon.core.webui.keyword.internal.WebUIKeywordMain.runKeyword(WebUIKeywordMain.groovy:35)
	... 20 more]]></system-err>
   </testsuite>
   <testsuite name="Homepage" tests="1" failures="0" errors="0" time="48.391" skipped="0" timestamp="09-01-2025T16:21:39" hostname="Enrique - Enrique" id="Test Suites/LS/Home/General/Homepage">
      <properties>
         <property name="deviceName" value=""/>
         <property name="devicePlatform"/>
         <property name="logFolder" value="C:\\Users\\Enrique\\git\\AUTOMATION_LS\\Reports\\20250109_162114\\LS\\Home\\General\\Homepage\\20250109_162119"/>
         <property name="logFiles" value="C:\\Users\\Enrique\\git\\AUTOMATION_LS\\Reports\\20250109_162114\\LS\\Home\\General\\Homepage\\20250109_162119\\execution0.log"/>
         <property name="attachments" value=""/>
         <property name="hostName" value="Enrique - Enrique"/>
         <property name="os" value="Windows 11 64bit"/>
         <property name="katalonVersion" value="9.7.3.223"/>
         <property name="browser" value="Chrome 131.0.0.0"/>
         <property name="hostAddress" value="192.168.100.147"/>
         <property name="sessionId" value="6422e107280dc5ea659f45e0447a5a74"/>
         <property name="seleniumVersion" value="3.141.59"/>
         <property name="proxyInformation" value="ProxyInformation { proxyOption=NO_PROXY, proxyServerType=HTTP, username=, password=********, proxyServerAddress=, proxyServerPort=0, executionList=&quot;&quot;, isApplyToDesiredCapabilities=true }"/>
         <property name="platform" value="Windows 11"/>
      </properties>
      <testcase name="Test Cases/Specific Cases/LS/General/Homepage/My Agenda" time="47.875" classname="Test Cases/Specific Cases/LS/General/Homepage/My Agenda" status="PASSED">
         <system-out><![CDATA[09-01-2025T16:21:40 - [TEST_CASE][PASSED] - Test Cases/Specific Cases/LS/General/Homepage/My Agenda: Test Cases/Specific Cases/LS/General/Homepage/My Agenda

09-01-2025T16:21:42 - [TEST_STEP][PASSED] - callTestCase(findTestCase("Common Cases/Login"), [:], STOP_ON_FAILURE): Call Test Case 'Test Cases/Common Cases/Login' successfully

09-01-2025T16:21:42 - [TEST_CASE][PASSED] - Test Cases/Common Cases/Login: Test Cases/Common Cases/Login

09-01-2025T16:21:42 - [TEST_STEP][PASSED] - openBrowser(""): Browser is opened with url: ''

09-01-2025T16:21:43 - [MESSAGE][INFO] - Starting 'Chrome' driver

09-01-2025T16:21:43 - [MESSAGE][INFO] - Action delay is set to 0 milliseconds

09-01-2025T16:21:51 - [MESSAGE][PASSED] - Browser is opened with url: ''

09-01-2025T16:21:51 - [TEST_STEP][PASSED] - maximizeWindow(): Current window maximized

09-01-2025T16:21:53 - [MESSAGE][PASSED] - Current window maximized

09-01-2025T16:21:53 - [TEST_STEP][PASSED] - navigateToUrl("https://site17.lsapp.cloud/auth/login"): Navigate to 'https://site17.lsapp.cloud/auth/login' successfully

09-01-2025T16:21:58 - [MESSAGE][PASSED] - Navigate to 'https://site17.lsapp.cloud/auth/login' successfully

09-01-2025T16:21:58 - [TEST_STEP][PASSED] - setText(findTestObject("Object Repository/Common Cases Repository/Login/Page_Lightning Step/input_Email_email"), "automation@lightningstep.com"): Text 'automation@lightningstep.com' is set on object 'Object Repository/Common Cases Repository/Login/Page_Lightning Step/input_Email_email'

09-01-2025T16:22:01 - [MESSAGE][PASSED] - Text 'automation@lightningstep.com' is set on object 'Object Repository/Common Cases Repository/Login/Page_Lightning Step/input_Email_email'

09-01-2025T16:22:01 - [TEST_STEP][PASSED] - setEncryptedText(findTestObject("Object Repository/Common Cases Repository/Login/Page_Lightning Step/input_Password_password"), "e5N8VHmnhJDITtQaQhDQDw=="): Text ****** has been set on object 'Object Repository/Common Cases Repository/Login/Page_Lightning Step/input_Password_password'

09-01-2025T16:22:07 - [MESSAGE][PASSED] - Text ****** has been set on object 'Object Repository/Common Cases Repository/Login/Page_Lightning Step/input_Password_password'

09-01-2025T16:22:07 - [TEST_STEP][PASSED] - click(findTestObject("Object Repository/Common Cases Repository/Login/Page_Lightning Step/button_Sign in")): Object: 'Object Repository/Common Cases Repository/Login/Page_Lightning Step/button_Sign in' is clicked on

09-01-2025T16:22:16 - [MESSAGE][PASSED] - Object: 'Object Repository/Common Cases Repository/Login/Page_Lightning Step/button_Sign in' is clicked on

09-01-2025T16:22:16 - [MESSAGE][PASSED] - Call Test Case 'Test Cases/Common Cases/Login' successfully

09-01-2025T16:22:16 - [TEST_STEP][PASSED] - click(findTestObject("Object Repository/Specific Cases Repository/LS/Home/Homepage/Page_Home/a_Homepage")): Object: 'Object Repository/Specific Cases Repository/LS/Home/Homepage/Page_Home/a_Homepage' is clicked on

09-01-2025T16:22:21 - [MESSAGE][PASSED] - Object: 'Object Repository/Specific Cases Repository/LS/Home/Homepage/Page_Home/a_Homepage' is clicked on

09-01-2025T16:22:21 - [TEST_STEP][PASSED] - verifyElementText(findTestObject("Object Repository/Specific Cases Repository/LS/Home/Homepage/Page_Home/span_Admission Agreement"), "Admission Agreement"): Actual text and expected text of test object 'Object Repository/Specific Cases Repository/LS/Home/Homepage/Page_Home/span_Admission Agreement' are matched.

09-01-2025T16:22:25 - [MESSAGE][PASSED] - Actual text and expected text of test object 'Object Repository/Specific Cases Repository/LS/Home/Homepage/Page_Home/span_Admission Agreement' are matched.

09-01-2025T16:22:25 - [TEST_STEP][PASSED] - verifyElementText(findTestObject("Object Repository/Specific Cases Repository/LS/Home/Homepage/Page_Home/span_C Automation, C Client"), "C Automation, C Client"): Actual text and expected text of test object 'Object Repository/Specific Cases Repository/LS/Home/Homepage/Page_Home/span_C Automation, C Client' are matched.

09-01-2025T16:22:25 - [MESSAGE][PASSED] - Actual text and expected text of test object 'Object Repository/Specific Cases Repository/LS/Home/Homepage/Page_Home/span_C Automation, C Client' are matched.

09-01-2025T16:22:25 - [TEST_STEP][PASSED] - verifyElementText(findTestObject("Object Repository/Specific Cases Repository/LS/Home/Homepage/Page_Home/span_B Automation, B Client"), "B Automation, B Client"): Actual text and expected text of test object 'Object Repository/Specific Cases Repository/LS/Home/Homepage/Page_Home/span_B Automation, B Client' are matched.

09-01-2025T16:22:25 - [MESSAGE][PASSED] - Actual text and expected text of test object 'Object Repository/Specific Cases Repository/LS/Home/Homepage/Page_Home/span_B Automation, B Client' are matched.

09-01-2025T16:22:26 - [TEST_STEP][PASSED] - verifyElementText(findTestObject("Object Repository/Specific Cases Repository/LS/Home/Homepage/Page_Home/span_C Automation, C Client_1"), "C Automation, C Client"): Actual text and expected text of test object 'Object Repository/Specific Cases Repository/LS/Home/Homepage/Page_Home/span_C Automation, C Client_1' are matched.

09-01-2025T16:22:26 - [MESSAGE][PASSED] - Actual text and expected text of test object 'Object Repository/Specific Cases Repository/LS/Home/Homepage/Page_Home/span_C Automation, C Client_1' are matched.

09-01-2025T16:22:26 - [TEST_STEP][PASSED] - verifyElementText(findTestObject("Object Repository/Specific Cases Repository/LS/Home/Homepage/Page_Home/span_A Automation, A Client"), "A Automation, A Client"): Actual text and expected text of test object 'Object Repository/Specific Cases Repository/LS/Home/Homepage/Page_Home/span_A Automation, A Client' are matched.

09-01-2025T16:22:26 - [MESSAGE][PASSED] - Actual text and expected text of test object 'Object Repository/Specific Cases Repository/LS/Home/Homepage/Page_Home/span_A Automation, A Client' are matched.

09-01-2025T16:22:26 - [TEST_STEP][PASSED] - closeBrowser(): Browser is closed

09-01-2025T16:22:27 - [MESSAGE][PASSED] - Browser is closed]]></system-out>
         <system-err><![CDATA[]]></system-err>
      </testcase>
      <system-out><![CDATA[09-01-2025T16:21:39 - [TEST_SUITE][PASSED] - Homepage: Test Cases/Specific Cases/LS/General/Homepage/My Agenda]]></system-out>
      <system-err><![CDATA[]]></system-err>
   </testsuite>
   <testsuite name="Inquiry Profile" tests="5" failures="2" errors="0" time="590.178" skipped="0" timestamp="09-01-2025T16:21:46" hostname="Enrique - Enrique" id="Test Suites/LS/Inquiry Profile/Inquiry Profile">
      <properties>
         <property name="deviceName" value=""/>
         <property name="devicePlatform"/>
         <property name="logFolder" value="C:\\Users\\Enrique\\git\\AUTOMATION_LS\\Reports\\20250109_162114\\LS\\Inquiry Profile\\Inquiry Profile\\20250109_162121"/>
         <property name="logFiles" value="C:\\Users\\Enrique\\git\\AUTOMATION_LS\\Reports\\20250109_162114\\LS\\Inquiry Profile\\Inquiry Profile\\20250109_162121\\execution0.log"/>
         <property name="attachments" value="C:\\Users\\Enrique\\git\\AUTOMATION_LS\\Reports\\20250109_162114\\LS\\Inquiry Profile\\Inquiry Profile\\20250109_162121\\1736457947419.png, C:\\Users\\Enrique\\git\\AUTOMATION_LS\\Reports\\20250109_162114\\LS\\Inquiry Profile\\Inquiry Profile\\20250109_162121\\1736457947730.png, C:\\Users\\Enrique\\git\\AUTOMATION_LS\\Reports\\20250109_162114\\LS\\Inquiry Profile\\Inquiry Profile\\20250109_162121\\1736458296457.png"/>
         <property name="hostName" value="Enrique - Enrique"/>
         <property name="os" value="Windows 11 64bit"/>
         <property name="katalonVersion" value="9.7.3.223"/>
         <property name="browser" value="Chrome 131.0.0.0"/>
         <property name="hostAddress" value="192.168.100.147"/>
         <property name="sessionId" value="a4a4d3232816fa9cbb6a37d95c1b7bb6"/>
         <property name="seleniumVersion" value="3.141.59"/>
         <property name="proxyInformation" value="ProxyInformation { proxyOption=NO_PROXY, proxyServerType=HTTP, username=, password=********, proxyServerAddress=, proxyServerPort=0, executionList=&quot;&quot;, isApplyToDesiredCapabilities=true }"/>
         <property name="platform" value="Windows 11"/>
      </properties>
      <testcase name="Test Cases/Specific Cases/LS/Inquiry Profile/Demographics" time="160.873" classname="Test Cases/Specific Cases/LS/Inquiry Profile/Demographics" status="PASSED">
         <system-out><![CDATA[09-01-2025T16:21:46 - [TEST_CASE][PASSED] - Test Cases/Specific Cases/LS/Inquiry Profile/Demographics: Test Cases/Specific Cases/LS/Inquiry Profile/Demographics

09-01-2025T16:21:48 - [TEST_STEP][PASSED] - callTestCase(findTestCase("Common Cases/Login"), [:], STOP_ON_FAILURE): Call Test Case 'Test Cases/Common Cases/Login' successfully

09-01-2025T16:21:51 - [TEST_CASE][PASSED] - Test Cases/Common Cases/Login: Test Cases/Common Cases/Login

09-01-2025T16:21:54 - [TEST_STEP][PASSED] - openBrowser(""): Browser is opened with url: ''

09-01-2025T16:21:57 - [MESSAGE][INFO] - Starting 'Chrome' driver

09-01-2025T16:21:58 - [MESSAGE][INFO] - Action delay is set to 0 milliseconds

09-01-2025T16:22:07 - [MESSAGE][PASSED] - Browser is opened with url: ''

09-01-2025T16:22:07 - [TEST_STEP][PASSED] - maximizeWindow(): Current window maximized

09-01-2025T16:22:07 - [MESSAGE][PASSED] - Current window maximized

09-01-2025T16:22:07 - [TEST_STEP][PASSED] - navigateToUrl("https://site17.lsapp.cloud/auth/login"): Navigate to 'https://site17.lsapp.cloud/auth/login' successfully

09-01-2025T16:22:09 - [MESSAGE][PASSED] - Navigate to 'https://site17.lsapp.cloud/auth/login' successfully

09-01-2025T16:22:09 - [TEST_STEP][PASSED] - setText(findTestObject("Object Repository/Common Cases Repository/Login/Page_Lightning Step/input_Email_email"), "automation@lightningstep.com"): Text 'automation@lightningstep.com' is set on object 'Object Repository/Common Cases Repository/Login/Page_Lightning Step/input_Email_email'

09-01-2025T16:22:17 - [MESSAGE][PASSED] - Text 'automation@lightningstep.com' is set on object 'Object Repository/Common Cases Repository/Login/Page_Lightning Step/input_Email_email'

09-01-2025T16:22:17 - [TEST_STEP][PASSED] - setEncryptedText(findTestObject("Object Repository/Common Cases Repository/Login/Page_Lightning Step/input_Password_password"), "e5N8VHmnhJDITtQaQhDQDw=="): Text ****** has been set on object 'Object Repository/Common Cases Repository/Login/Page_Lightning Step/input_Password_password'

09-01-2025T16:22:18 - [MESSAGE][PASSED] - Text ****** has been set on object 'Object Repository/Common Cases Repository/Login/Page_Lightning Step/input_Password_password'

09-01-2025T16:22:18 - [TEST_STEP][PASSED] - click(findTestObject("Object Repository/Common Cases Repository/Login/Page_Lightning Step/button_Sign in")): Object: 'Object Repository/Common Cases Repository/Login/Page_Lightning Step/button_Sign in' is clicked on

09-01-2025T16:22:26 - [MESSAGE][PASSED] - Object: 'Object Repository/Common Cases Repository/Login/Page_Lightning Step/button_Sign in' is clicked on

09-01-2025T16:22:26 - [MESSAGE][PASSED] - Call Test Case 'Test Cases/Common Cases/Login' successfully

09-01-2025T16:22:26 - [TEST_STEP][PASSED] - click(findTestObject("Object Repository/Specific Cases Repository/LS/Inquiry Profile/Demographics/Page_Home/a_Census")): Object: 'Object Repository/Specific Cases Repository/LS/Inquiry Profile/Demographics/Page_Home/a_Census' is clicked on

09-01-2025T16:22:30 - [MESSAGE][PASSED] - Object: 'Object Repository/Specific Cases Repository/LS/Inquiry Profile/Demographics/Page_Home/a_Census' is clicked on

09-01-2025T16:22:30 - [TEST_STEP][PASSED] - click(findTestObject("Object Repository/Specific Cases Repository/LS/Inquiry Profile/Demographics/Page_Home/a_D Automation, D Client")): Object: 'Object Repository/Specific Cases Repository/LS/Inquiry Profile/Demographics/Page_Home/a_D Automation, D Client' is clicked on

09-01-2025T16:22:51 - [MESSAGE][PASSED] - Object: 'Object Repository/Specific Cases Repository/LS/Inquiry Profile/Demographics/Page_Home/a_D Automation, D Client' is clicked on

09-01-2025T16:22:51 - [TEST_STEP][PASSED] - navigateToUrl("https://site17.lsapp.cloud/client/index/1559?section=clientprofile"): Navigate to 'https://site17.lsapp.cloud/client/index/1559?section=clientprofile' successfully

09-01-2025T16:23:06 - [MESSAGE][PASSED] - Navigate to 'https://site17.lsapp.cloud/client/index/1559?section=clientprofile' successfully

09-01-2025T16:23:06 - [TEST_STEP][PASSED] - click(findTestObject("Object Repository/Specific Cases Repository/LS/Inquiry Profile/Demographics/Page_Client Profile/div_Inquiry Profile")): Object: 'Object Repository/Specific Cases Repository/LS/Inquiry Profile/Demographics/Page_Client Profile/div_Inquiry Profile' is clicked on

09-01-2025T16:23:25 - [MESSAGE][PASSED] - Object: 'Object Repository/Specific Cases Repository/LS/Inquiry Profile/Demographics/Page_Client Profile/div_Inquiry Profile' is clicked on

09-01-2025T16:23:25 - [TEST_STEP][PASSED] - click(findTestObject("Object Repository/Specific Cases Repository/LS/Inquiry Profile/Demographics/Page_Inquiry Profile/a_Demographics")): Object: 'Object Repository/Specific Cases Repository/LS/Inquiry Profile/Demographics/Page_Inquiry Profile/a_Demographics' is clicked on

09-01-2025T16:23:26 - [MESSAGE][PASSED] - Object: 'Object Repository/Specific Cases Repository/LS/Inquiry Profile/Demographics/Page_Inquiry Profile/a_Demographics' is clicked on

09-01-2025T16:23:26 - [TEST_STEP][PASSED] - verifyElementText(findTestObject("Object Repository/Specific Cases Repository/LS/Inquiry Profile/Demographics/Page_Inquiry Profile/h4_Demographic Information for D Client D A_35ae77"), "Demographic Information for D Client D Automation"): Actual text and expected text of test object 'Object Repository/Specific Cases Repository/LS/Inquiry Profile/Demographics/Page_Inquiry Profile/h4_Demographic Information for D Client D A_35ae77' are matched.

09-01-2025T16:23:26 - [MESSAGE][PASSED] - Actual text and expected text of test object 'Object Repository/Specific Cases Repository/LS/Inquiry Profile/Demographics/Page_Inquiry Profile/h4_Demographic Information for D Client D A_35ae77' are matched.

09-01-2025T16:23:26 - [TEST_STEP][PASSED] - verifyElementText(findTestObject("Object Repository/Specific Cases Repository/LS/Inquiry Profile/Demographics/Page_Inquiry Profile/h4_Profile Picture for D Client D Automation"), "Profile Picture for D Client D Automation"): Actual text and expected text of test object 'Object Repository/Specific Cases Repository/LS/Inquiry Profile/Demographics/Page_Inquiry Profile/h4_Profile Picture for D Client D Automation' are matched.

09-01-2025T16:23:27 - [MESSAGE][PASSED] - Actual text and expected text of test object 'Object Repository/Specific Cases Repository/LS/Inquiry Profile/Demographics/Page_Inquiry Profile/h4_Profile Picture for D Client D Automation' are matched.

09-01-2025T16:23:27 - [TEST_STEP][PASSED] - verifyElementText(findTestObject("Object Repository/Specific Cases Repository/LS/Inquiry Profile/Demographics/Page_Inquiry Profile/th_Date"), "Date"): Actual text and expected text of test object 'Object Repository/Specific Cases Repository/LS/Inquiry Profile/Demographics/Page_Inquiry Profile/th_Date' are matched.

09-01-2025T16:23:27 - [MESSAGE][PASSED] - Actual text and expected text of test object 'Object Repository/Specific Cases Repository/LS/Inquiry Profile/Demographics/Page_Inquiry Profile/th_Date' are matched.

09-01-2025T16:23:27 - [TEST_STEP][PASSED] - verifyElementText(findTestObject("Object Repository/Specific Cases Repository/LS/Inquiry Profile/Demographics/Page_Inquiry Profile/th_DOBAge"), "DOB/Age"): Actual text and expected text of test object 'Object Repository/Specific Cases Repository/LS/Inquiry Profile/Demographics/Page_Inquiry Profile/th_DOBAge' are matched.

09-01-2025T16:23:27 - [MESSAGE][PASSED] - Actual text and expected text of test object 'Object Repository/Specific Cases Repository/LS/Inquiry Profile/Demographics/Page_Inquiry Profile/th_DOBAge' are matched.

09-01-2025T16:23:27 - [TEST_STEP][PASSED] - verifyElementText(findTestObject("Object Repository/Specific Cases Repository/LS/Inquiry Profile/Demographics/Page_Inquiry Profile/th_Home Phone"), "Home Phone"): Actual text and expected text of test object 'Object Repository/Specific Cases Repository/LS/Inquiry Profile/Demographics/Page_Inquiry Profile/th_Home Phone' are matched.

09-01-2025T16:23:28 - [MESSAGE][PASSED] - Actual text and expected text of test object 'Object Repository/Specific Cases Repository/LS/Inquiry Profile/Demographics/Page_Inquiry Profile/th_Home Phone' are matched.

09-01-2025T16:23:28 - [TEST_STEP][PASSED] - verifyElementText(findTestObject("Object Repository/Specific Cases Repository/LS/Inquiry Profile/Demographics/Page_Inquiry Profile/th_Mobile Phone"), "Mobile Phone"): Actual text and expected text of test object 'Object Repository/Specific Cases Repository/LS/Inquiry Profile/Demographics/Page_Inquiry Profile/th_Mobile Phone' are matched.

09-01-2025T16:23:28 - [MESSAGE][PASSED] - Actual text and expected text of test object 'Object Repository/Specific Cases Repository/LS/Inquiry Profile/Demographics/Page_Inquiry Profile/th_Mobile Phone' are matched.

09-01-2025T16:23:28 - [TEST_STEP][PASSED] - verifyElementText(findTestObject("Object Repository/Specific Cases Repository/LS/Inquiry Profile/Demographics/Page_Inquiry Profile/th_Active"), "Active"): Actual text and expected text of test object 'Object Repository/Specific Cases Repository/LS/Inquiry Profile/Demographics/Page_Inquiry Profile/th_Active' are matched.

09-01-2025T16:23:28 - [MESSAGE][PASSED] - Actual text and expected text of test object 'Object Repository/Specific Cases Repository/LS/Inquiry Profile/Demographics/Page_Inquiry Profile/th_Active' are matched.

09-01-2025T16:23:28 - [TEST_STEP][PASSED] - verifyElementText(findTestObject("Object Repository/Specific Cases Repository/LS/Inquiry Profile/Demographics/Page_Inquiry Profile/em_Invalid phone number"), "* Invalid phone number."): Actual text and expected text of test object 'Object Repository/Specific Cases Repository/LS/Inquiry Profile/Demographics/Page_Inquiry Profile/em_Invalid phone number' are matched.

09-01-2025T16:23:29 - [MESSAGE][PASSED] - Actual text and expected text of test object 'Object Repository/Specific Cases Repository/LS/Inquiry Profile/Demographics/Page_Inquiry Profile/em_Invalid phone number' are matched.

09-01-2025T16:23:29 - [TEST_STEP][PASSED] - click(findTestObject("Object Repository/Specific Cases Repository/LS/Inquiry Profile/Demographics/Page_Inquiry Profile/i_add")): Object: 'Object Repository/Specific Cases Repository/LS/Inquiry Profile/Demographics/Page_Inquiry Profile/i_add' is clicked on

09-01-2025T16:23:48 - [MESSAGE][PASSED] - Object: 'Object Repository/Specific Cases Repository/LS/Inquiry Profile/Demographics/Page_Inquiry Profile/i_add' is clicked on

09-01-2025T16:23:48 - [TEST_STEP][PASSED] - click(findTestObject("Object Repository/Specific Cases Repository/LS/Inquiry Profile/Demographics/Page_Demographic Information/i_Back to Profile_fa fa-eye")): Object: 'Object Repository/Specific Cases Repository/LS/Inquiry Profile/Demographics/Page_Demographic Information/i_Back to Profile_fa fa-eye' is clicked on

09-01-2025T16:23:49 - [MESSAGE][PASSED] - Object: 'Object Repository/Specific Cases Repository/LS/Inquiry Profile/Demographics/Page_Demographic Information/i_Back to Profile_fa fa-eye' is clicked on

09-01-2025T16:23:49 - [TEST_STEP][PASSED] - click(findTestObject("Object Repository/Specific Cases Repository/LS/Inquiry Profile/Demographics/Page_Demographic Information/button_Save")): Object: 'Object Repository/Specific Cases Repository/LS/Inquiry Profile/Demographics/Page_Demographic Information/button_Save' is clicked on

09-01-2025T16:24:06 - [MESSAGE][PASSED] - Object: 'Object Repository/Specific Cases Repository/LS/Inquiry Profile/Demographics/Page_Demographic Information/button_Save' is clicked on

09-01-2025T16:24:06 - [TEST_STEP][PASSED] - verifyElementPresent(findTestObject("Object Repository/Specific Cases Repository/LS/Inquiry Profile/Demographics/Page_Inquiry Profile/td_10222024"), 0): Object 'Object Repository/Specific Cases Repository/LS/Inquiry Profile/Demographics/Page_Inquiry Profile/td_10222024' is present

09-01-2025T16:24:06 - [MESSAGE][WARNING] - Timeout '0' is invalid. Using default page load timeout: '30'

09-01-2025T16:24:07 - [MESSAGE][PASSED] - Object 'Object Repository/Specific Cases Repository/LS/Inquiry Profile/Demographics/Page_Inquiry Profile/td_10222024' is present

09-01-2025T16:24:07 - [TEST_STEP][PASSED] - verifyElementPresent(findTestObject("Object Repository/Specific Cases Repository/LS/Inquiry Profile/Demographics/Page_Inquiry Profile/td_Yes"), 0): Object 'Object Repository/Specific Cases Repository/LS/Inquiry Profile/Demographics/Page_Inquiry Profile/td_Yes' is present

09-01-2025T16:24:07 - [MESSAGE][WARNING] - Timeout '0' is invalid. Using default page load timeout: '30'

09-01-2025T16:24:07 - [MESSAGE][PASSED] - Object 'Object Repository/Specific Cases Repository/LS/Inquiry Profile/Demographics/Page_Inquiry Profile/td_Yes' is present

09-01-2025T16:24:07 - [TEST_STEP][PASSED] - verifyElementPresent(findTestObject("Object Repository/Specific Cases Repository/LS/Inquiry Profile/Demographics/Page_Inquiry Profile/td_No"), 0): Object 'Object Repository/Specific Cases Repository/LS/Inquiry Profile/Demographics/Page_Inquiry Profile/td_No' is present

09-01-2025T16:24:07 - [MESSAGE][WARNING] - Timeout '0' is invalid. Using default page load timeout: '30'

09-01-2025T16:24:07 - [MESSAGE][PASSED] - Object 'Object Repository/Specific Cases Repository/LS/Inquiry Profile/Demographics/Page_Inquiry Profile/td_No' is present

09-01-2025T16:24:07 - [TEST_STEP][PASSED] - click(findTestObject("Object Repository/Specific Cases Repository/LS/Inquiry Profile/Demographics/Page_Inquiry Profile/i_No_fa fa-pencil")): Object: 'Object Repository/Specific Cases Repository/LS/Inquiry Profile/Demographics/Page_Inquiry Profile/i_No_fa fa-pencil' is clicked on

09-01-2025T16:24:14 - [MESSAGE][PASSED] - Object: 'Object Repository/Specific Cases Repository/LS/Inquiry Profile/Demographics/Page_Inquiry Profile/i_No_fa fa-pencil' is clicked on

09-01-2025T16:24:14 - [TEST_STEP][PASSED] - click(findTestObject("Object Repository/Specific Cases Repository/LS/Inquiry Profile/Demographics/Page_Demographic Information/span_Enter in Error_check")): Object: 'Object Repository/Specific Cases Repository/LS/Inquiry Profile/Demographics/Page_Demographic Information/span_Enter in Error_check' is clicked on

09-01-2025T16:24:14 - [MESSAGE][PASSED] - Object: 'Object Repository/Specific Cases Repository/LS/Inquiry Profile/Demographics/Page_Demographic Information/span_Enter in Error_check' is clicked on

09-01-2025T16:24:14 - [TEST_STEP][PASSED] - click(findTestObject("Object Repository/Specific Cases Repository/LS/Inquiry Profile/Demographics/Page_Demographic Information/button_Save")): Object: 'Object Repository/Specific Cases Repository/LS/Inquiry Profile/Demographics/Page_Demographic Information/button_Save' is clicked on

09-01-2025T16:24:27 - [MESSAGE][PASSED] - Object: 'Object Repository/Specific Cases Repository/LS/Inquiry Profile/Demographics/Page_Demographic Information/button_Save' is clicked on

09-01-2025T16:24:27 - [TEST_STEP][PASSED] - closeBrowser(): Browser is closed

09-01-2025T16:24:27 - [MESSAGE][PASSED] - Browser is closed]]></system-out>
         <system-err><![CDATA[]]></system-err>
      </testcase>
      <testcase name="Test Cases/Specific Cases/LS/Inquiry Profile/Inquiry Profile" time="80.309" classname="Test Cases/Specific Cases/LS/Inquiry Profile/Inquiry Profile" status="FAILED">
         <failure type="FAILED" message="Test Cases/Specific Cases/LS/Inquiry Profile/Inquiry Profile FAILED.&#xa;Reason:&#xa;com.kms.katalon.core.exception.StepFailedException: Verify element text of test object 'Object Repository/Specific Cases Repository/LS/Inquiry Profile/Inquiry Profile/Page_Inquiry Profile/div_A Client A Automation' FAILED.&#xa;	at com.kms.katalon.core.webui.keyword.internal.WebUIKeywordMain.stepFailed(WebUIKeywordMain.groovy:117)&#xa;	at com.kms.katalon.core.webui.keyword.internal.WebUIKeywordMain.runKeyword(WebUIKeywordMain.groovy:43)&#xa;	at com.kms.katalon.core.webui.keyword.builtin.VerifyElementTextKeyword.verifyElementText(VerifyElementTextKeyword.groovy:72)&#xa;	at com.kms.katalon.core.webui.keyword.builtin.VerifyElementTextKeyword.execute(VerifyElementTextKeyword.groovy:40)&#xa;	at com.kms.katalon.core.keyword.internal.KeywordExecutor.executeKeywordForPlatform(KeywordExecutor.groovy:74)&#xa;	at com.kms.katalon.core.webui.keyword.WebUiBuiltInKeywords.verifyElementText(WebUiBuiltInKeywords.groovy:4835)&#xa;	at Inquiry Profile.run(Inquiry Profile:28)&#xa;	at com.kms.katalon.core.main.ScriptEngine.run(ScriptEngine.java:194)&#xa;	at com.kms.katalon.core.main.ScriptEngine.runScriptAsRawText(ScriptEngine.java:119)&#xa;	at com.kms.katalon.core.main.TestCaseExecutor.runScript(TestCaseExecutor.java:448)&#xa;	at com.kms.katalon.core.main.TestCaseExecutor.doExecute(TestCaseExecutor.java:439)&#xa;	at com.kms.katalon.core.main.TestCaseExecutor.processExecutionPhase(TestCaseExecutor.java:418)&#xa;	at com.kms.katalon.core.main.TestCaseExecutor.accessMainPhase(TestCaseExecutor.java:410)&#xa;	at com.kms.katalon.core.main.TestCaseExecutor.execute(TestCaseExecutor.java:285)&#xa;	at com.kms.katalon.core.common.CommonExecutor.accessTestCaseMainPhase(CommonExecutor.java:65)&#xa;	at com.kms.katalon.core.main.TestSuiteExecutor.accessTestSuiteMainPhase(TestSuiteExecutor.java:150)&#xa;	at com.kms.katalon.core.main.TestSuiteExecutor.execute(TestSuiteExecutor.java:106)&#xa;	at com.kms.katalon.core.main.TestCaseMain.startTestSuite(TestCaseMain.java:180)&#xa;	at TempTestSuite1736457681392.run(TempTestSuite1736457681392.groovy:35)&#xa;	at java.base/jdk.internal.reflect.NativeMethodAccessorImpl.invoke0(Native Method)&#xa;	at java.base/jdk.internal.reflect.NativeMethodAccessorImpl.invoke(NativeMethodAccessorImpl.java:77)&#xa;	at java.base/jdk.internal.reflect.DelegatingMethodAccessorImpl.invoke(DelegatingMethodAccessorImpl.java:43)&#xa;Caused by: com.kms.katalon.core.exception.StepFailedException: Actual text 'C Client C Automation' and expected text 'A Client A Automation' of test object 'Object Repository/Specific Cases Repository/LS/Inquiry Profile/Inquiry Profile/Page_Inquiry Profile/div_A Client A Automation' are NOT matched.&#xa;	at com.kms.katalon.core.webui.keyword.internal.WebUIKeywordMain.stepFailed(WebUIKeywordMain.groovy:117)&#xa;	at com.kms.katalon.core.webui.keyword.builtin.VerifyElementTextKeyword$_verifyElementText_closure1.doCall(VerifyElementTextKeyword.groovy:57)&#xa;	at com.kms.katalon.core.webui.keyword.builtin.VerifyElementTextKeyword$_verifyElementText_closure1.call(VerifyElementTextKeyword.groovy)&#xa;	at com.kms.katalon.core.webui.keyword.internal.WebUIKeywordMain.runKeyword(WebUIKeywordMain.groovy:35)&#xa;	... 20 more&#xa;"/>
         <system-out><![CDATA[09-01-2025T16:24:27 - [TEST_CASE][FAILED] - Test Cases/Specific Cases/LS/Inquiry Profile/Inquiry Profile: Test Cases/Specific Cases/LS/Inquiry Profile/Inquiry Profile FAILED.
Reason:
com.kms.katalon.core.exception.StepFailedException: Verify element text of test object 'Object Repository/Specific Cases Repository/LS/Inquiry Profile/Inquiry Profile/Page_Inquiry Profile/div_A Client A Automation' FAILED.
	at com.kms.katalon.core.webui.keyword.internal.WebUIKeywordMain.stepFailed(WebUIKeywordMain.groovy:117)
	at com.kms.katalon.core.webui.keyword.internal.WebUIKeywordMain.runKeyword(WebUIKeywordMain.groovy:43)
	at com.kms.katalon.core.webui.keyword.builtin.VerifyElementTextKeyword.verifyElementText(VerifyElementTextKeyword.groovy:72)
	at com.kms.katalon.core.webui.keyword.builtin.VerifyElementTextKeyword.execute(VerifyElementTextKeyword.groovy:40)
	at com.kms.katalon.core.keyword.internal.KeywordExecutor.executeKeywordForPlatform(KeywordExecutor.groovy:74)
	at com.kms.katalon.core.webui.keyword.WebUiBuiltInKeywords.verifyElementText(WebUiBuiltInKeywords.groovy:4835)
	at Inquiry Profile.run(Inquiry Profile:28)
	at com.kms.katalon.core.main.ScriptEngine.run(ScriptEngine.java:194)
	at com.kms.katalon.core.main.ScriptEngine.runScriptAsRawText(ScriptEngine.java:119)
	at com.kms.katalon.core.main.TestCaseExecutor.runScript(TestCaseExecutor.java:448)
	at com.kms.katalon.core.main.TestCaseExecutor.doExecute(TestCaseExecutor.java:439)
	at com.kms.katalon.core.main.TestCaseExecutor.processExecutionPhase(TestCaseExecutor.java:418)
	at com.kms.katalon.core.main.TestCaseExecutor.accessMainPhase(TestCaseExecutor.java:410)
	at com.kms.katalon.core.main.TestCaseExecutor.execute(TestCaseExecutor.java:285)
	at com.kms.katalon.core.common.CommonExecutor.accessTestCaseMainPhase(CommonExecutor.java:65)
	at com.kms.katalon.core.main.TestSuiteExecutor.accessTestSuiteMainPhase(TestSuiteExecutor.java:150)
	at com.kms.katalon.core.main.TestSuiteExecutor.execute(TestSuiteExecutor.java:106)
	at com.kms.katalon.core.main.TestCaseMain.startTestSuite(TestCaseMain.java:180)
	at TempTestSuite1736457681392.run(TempTestSuite1736457681392.groovy:35)
	at java.base/jdk.internal.reflect.NativeMethodAccessorImpl.invoke0(Native Method)
	at java.base/jdk.internal.reflect.NativeMethodAccessorImpl.invoke(NativeMethodAccessorImpl.java:77)
	at java.base/jdk.internal.reflect.DelegatingMethodAccessorImpl.invoke(DelegatingMethodAccessorImpl.java:43)
Caused by: com.kms.katalon.core.exception.StepFailedException: Actual text 'C Client C Automation' and expected text 'A Client A Automation' of test object 'Object Repository/Specific Cases Repository/LS/Inquiry Profile/Inquiry Profile/Page_Inquiry Profile/div_A Client A Automation' are NOT matched.
	at com.kms.katalon.core.webui.keyword.internal.WebUIKeywordMain.stepFailed(WebUIKeywordMain.groovy:117)
	at com.kms.katalon.core.webui.keyword.builtin.VerifyElementTextKeyword$_verifyElementText_closure1.doCall(VerifyElementTextKeyword.groovy:57)
	at com.kms.katalon.core.webui.keyword.builtin.VerifyElementTextKeyword$_verifyElementText_closure1.call(VerifyElementTextKeyword.groovy)
	at com.kms.katalon.core.webui.keyword.internal.WebUIKeywordMain.runKeyword(WebUIKeywordMain.groovy:35)
	... 20 more


09-01-2025T16:24:28 - [TEST_STEP][PASSED] - callTestCase(findTestCase("Common Cases/Login"), [:], STOP_ON_FAILURE): Call Test Case 'Test Cases/Common Cases/Login' successfully

09-01-2025T16:24:28 - [TEST_CASE][PASSED] - Test Cases/Common Cases/Login: Test Cases/Common Cases/Login

09-01-2025T16:24:28 - [TEST_STEP][PASSED] - openBrowser(""): Browser is opened with url: ''

09-01-2025T16:24:28 - [MESSAGE][INFO] - Starting 'Chrome' driver

09-01-2025T16:24:28 - [MESSAGE][INFO] - Action delay is set to 0 milliseconds

09-01-2025T16:24:29 - [MESSAGE][PASSED] - Browser is opened with url: ''

09-01-2025T16:24:29 - [TEST_STEP][PASSED] - maximizeWindow(): Current window maximized

09-01-2025T16:24:29 - [MESSAGE][PASSED] - Current window maximized

09-01-2025T16:24:29 - [TEST_STEP][PASSED] - navigateToUrl("https://site17.lsapp.cloud/auth/login"): Navigate to 'https://site17.lsapp.cloud/auth/login' successfully

09-01-2025T16:24:34 - [MESSAGE][PASSED] - Navigate to 'https://site17.lsapp.cloud/auth/login' successfully

09-01-2025T16:24:34 - [TEST_STEP][PASSED] - setText(findTestObject("Object Repository/Common Cases Repository/Login/Page_Lightning Step/input_Email_email"), "automation@lightningstep.com"): Text 'automation@lightningstep.com' is set on object 'Object Repository/Common Cases Repository/Login/Page_Lightning Step/input_Email_email'

09-01-2025T16:24:35 - [MESSAGE][PASSED] - Text 'automation@lightningstep.com' is set on object 'Object Repository/Common Cases Repository/Login/Page_Lightning Step/input_Email_email'

09-01-2025T16:24:35 - [TEST_STEP][PASSED] - setEncryptedText(findTestObject("Object Repository/Common Cases Repository/Login/Page_Lightning Step/input_Password_password"), "e5N8VHmnhJDITtQaQhDQDw=="): Text ****** has been set on object 'Object Repository/Common Cases Repository/Login/Page_Lightning Step/input_Password_password'

09-01-2025T16:24:35 - [MESSAGE][PASSED] - Text ****** has been set on object 'Object Repository/Common Cases Repository/Login/Page_Lightning Step/input_Password_password'

09-01-2025T16:24:35 - [TEST_STEP][PASSED] - click(findTestObject("Object Repository/Common Cases Repository/Login/Page_Lightning Step/button_Sign in")): Object: 'Object Repository/Common Cases Repository/Login/Page_Lightning Step/button_Sign in' is clicked on

09-01-2025T16:24:43 - [MESSAGE][PASSED] - Object: 'Object Repository/Common Cases Repository/Login/Page_Lightning Step/button_Sign in' is clicked on

09-01-2025T16:24:43 - [MESSAGE][PASSED] - Call Test Case 'Test Cases/Common Cases/Login' successfully

09-01-2025T16:24:43 - [TEST_STEP][PASSED] - click(findTestObject("Object Repository/Specific Cases Repository/LS/Inquiry Profile/Inquiry Profile/Page_Home/a_Census")): Object: 'Object Repository/Specific Cases Repository/LS/Inquiry Profile/Inquiry Profile/Page_Home/a_Census' is clicked on

09-01-2025T16:24:46 - [MESSAGE][PASSED] - Object: 'Object Repository/Specific Cases Repository/LS/Inquiry Profile/Inquiry Profile/Page_Home/a_Census' is clicked on

09-01-2025T16:24:46 - [TEST_STEP][PASSED] - click(findTestObject("Object Repository/Specific Cases Repository/LS/Inquiry Profile/Inquiry Profile/Page_Home/a_A Automation, A Client")): Object: 'Object Repository/Specific Cases Repository/LS/Inquiry Profile/Inquiry Profile/Page_Home/a_A Automation, A Client' is clicked on

09-01-2025T16:25:17 - [MESSAGE][INFO] - Unable to find the element located by 'By.xpath: //a[normalize-space()='A Automation, A Client']'. Please recheck the objects properties to make sure the desired element is located. 

09-01-2025T16:25:17 - [MESSAGE][WARNING] - [SELF-HEALING] Failed to find element with id 'Object Repository/Specific Cases Repository/LS/Inquiry Profile/Inquiry Profile/Page_Home/a_A Automation, A Client'. Try using Self-healing.

09-01-2025T16:25:17 - [MESSAGE][WARNING] - [SELF-HEALING] The current locator of test object 'Object Repository/Specific Cases Repository/LS/Inquiry Profile/Inquiry Profile/Page_Home/a_A Automation, A Client' was broken. Propose an alternative one: '//table[@id='tblclients']/tbody/tr/td/a'.

09-01-2025T16:25:33 - [MESSAGE][PASSED] - Object: 'Object Repository/Specific Cases Repository/LS/Inquiry Profile/Inquiry Profile/Page_Home/a_A Automation, A Client' is clicked on

09-01-2025T16:25:33 - [TEST_STEP][PASSED] - click(findTestObject("Object Repository/Specific Cases Repository/LS/Inquiry Profile/Inquiry Profile/Page_Client Profile/div_Inquiry Profile")): Object: 'Object Repository/Specific Cases Repository/LS/Inquiry Profile/Inquiry Profile/Page_Client Profile/div_Inquiry Profile' is clicked on

09-01-2025T16:25:46 - [MESSAGE][PASSED] - Object: 'Object Repository/Specific Cases Repository/LS/Inquiry Profile/Inquiry Profile/Page_Client Profile/div_Inquiry Profile' is clicked on

09-01-2025T16:25:46 - [TEST_STEP][FAILED] - verifyElementText(findTestObject("Object Repository/Specific Cases Repository/LS/Inquiry Profile/Inquiry Profile/Page_Inquiry Profile/div_A Client A Automation"), "A Client A Automation"): Verify element text of test object 'Object Repository/Specific Cases Repository/LS/Inquiry Profile/Inquiry Profile/Page_Inquiry Profile/div_A Client A Automation' FAILED. (Root cause: com.kms.katalon.core.exception.StepFailedException: Verify element text of test object 'Object Repository/Specific Cases Repository/LS/Inquiry Profile/Inquiry Profile/Page_Inquiry Profile/div_A Client A Automation' FAILED.
	at com.kms.katalon.core.webui.keyword.internal.WebUIKeywordMain.stepFailed(WebUIKeywordMain.groovy:117)
	at com.kms.katalon.core.webui.keyword.internal.WebUIKeywordMain.runKeyword(WebUIKeywordMain.groovy:43)
	at com.kms.katalon.core.webui.keyword.builtin.VerifyElementTextKeyword.verifyElementText(VerifyElementTextKeyword.groovy:72)
	at com.kms.katalon.core.webui.keyword.builtin.VerifyElementTextKeyword.execute(VerifyElementTextKeyword.groovy:40)
	at com.kms.katalon.core.keyword.internal.KeywordExecutor.executeKeywordForPlatform(KeywordExecutor.groovy:74)
	at com.kms.katalon.core.webui.keyword.WebUiBuiltInKeywords.verifyElementText(WebUiBuiltInKeywords.groovy:4835)
	at Inquiry Profile.run(Inquiry Profile:28)
	at com.kms.katalon.core.main.ScriptEngine.run(ScriptEngine.java:194)
	at com.kms.katalon.core.main.ScriptEngine.runScriptAsRawText(ScriptEngine.java:119)
	at com.kms.katalon.core.main.TestCaseExecutor.runScript(TestCaseExecutor.java:448)
	at com.kms.katalon.core.main.TestCaseExecutor.doExecute(TestCaseExecutor.java:439)
	at com.kms.katalon.core.main.TestCaseExecutor.processExecutionPhase(TestCaseExecutor.java:418)
	at com.kms.katalon.core.main.TestCaseExecutor.accessMainPhase(TestCaseExecutor.java:410)
	at com.kms.katalon.core.main.TestCaseExecutor.execute(TestCaseExecutor.java:285)
	at com.kms.katalon.core.common.CommonExecutor.accessTestCaseMainPhase(CommonExecutor.java:65)
	at com.kms.katalon.core.main.TestSuiteExecutor.accessTestSuiteMainPhase(TestSuiteExecutor.java:150)
	at com.kms.katalon.core.main.TestSuiteExecutor.execute(TestSuiteExecutor.java:106)
	at com.kms.katalon.core.main.TestCaseMain.startTestSuite(TestCaseMain.java:180)
	at TempTestSuite1736457681392.run(TempTestSuite1736457681392.groovy:35)
	at java.base/jdk.internal.reflect.NativeMethodAccessorImpl.invoke0(Native Method)
	at java.base/jdk.internal.reflect.NativeMethodAccessorImpl.invoke(NativeMethodAccessorImpl.java:77)
	at java.base/jdk.internal.reflect.DelegatingMethodAccessorImpl.invoke(DelegatingMethodAccessorImpl.java:43)
Caused by: com.kms.katalon.core.exception.StepFailedException: Actual text 'C Client C Automation' and expected text 'A Client A Automation' of test object 'Object Repository/Specific Cases Repository/LS/Inquiry Profile/Inquiry Profile/Page_Inquiry Profile/div_A Client A Automation' are NOT matched.
	at com.kms.katalon.core.webui.keyword.internal.WebUIKeywordMain.stepFailed(WebUIKeywordMain.groovy:117)
	at com.kms.katalon.core.webui.keyword.builtin.VerifyElementTextKeyword$_verifyElementText_closure1.doCall(VerifyElementTextKeyword.groovy:57)
	at com.kms.katalon.core.webui.keyword.builtin.VerifyElementTextKeyword$_verifyElementText_closure1.call(VerifyElementTextKeyword.groovy)
	at com.kms.katalon.core.webui.keyword.internal.WebUIKeywordMain.runKeyword(WebUIKeywordMain.groovy:35)
	... 20 more
)

09-01-2025T16:25:47 - [MESSAGE][FAILED] - Actual text 'C Client C Automation' and expected text 'A Client A Automation' of test object 'Object Repository/Specific Cases Repository/LS/Inquiry Profile/Inquiry Profile/Page_Inquiry Profile/div_A Client A Automation' are NOT matched. (Root cause: com.kms.katalon.core.exception.StepFailedException: Actual text 'C Client C Automation' and expected text 'A Client A Automation' of test object 'Object Repository/Specific Cases Repository/LS/Inquiry Profile/Inquiry Profile/Page_Inquiry Profile/div_A Client A Automation' are NOT matched.
	at com.kms.katalon.core.webui.keyword.internal.WebUIKeywordMain.stepFailed(WebUIKeywordMain.groovy:117)
	at com.kms.katalon.core.webui.keyword.builtin.VerifyElementTextKeyword$_verifyElementText_closure1.doCall(VerifyElementTextKeyword.groovy:57)
	at com.kms.katalon.core.webui.keyword.builtin.VerifyElementTextKeyword$_verifyElementText_closure1.call(VerifyElementTextKeyword.groovy)
	at com.kms.katalon.core.webui.keyword.internal.WebUIKeywordMain.runKeyword(WebUIKeywordMain.groovy:35)
	at com.kms.katalon.core.webui.keyword.builtin.VerifyElementTextKeyword.verifyElementText(VerifyElementTextKeyword.groovy:72)
	at com.kms.katalon.core.webui.keyword.builtin.VerifyElementTextKeyword.execute(VerifyElementTextKeyword.groovy:40)
	at com.kms.katalon.core.keyword.internal.KeywordExecutor.executeKeywordForPlatform(KeywordExecutor.groovy:74)
	at com.kms.katalon.core.webui.keyword.WebUiBuiltInKeywords.verifyElementText(WebUiBuiltInKeywords.groovy:4835)
	at Inquiry Profile.run(Inquiry Profile:28)
	at com.kms.katalon.core.main.ScriptEngine.run(ScriptEngine.java:194)
	at com.kms.katalon.core.main.ScriptEngine.runScriptAsRawText(ScriptEngine.java:119)
	at com.kms.katalon.core.main.TestCaseExecutor.runScript(TestCaseExecutor.java:448)
	at com.kms.katalon.core.main.TestCaseExecutor.doExecute(TestCaseExecutor.java:439)
	at com.kms.katalon.core.main.TestCaseExecutor.processExecutionPhase(TestCaseExecutor.java:418)
	at com.kms.katalon.core.main.TestCaseExecutor.accessMainPhase(TestCaseExecutor.java:410)
	at com.kms.katalon.core.main.TestCaseExecutor.execute(TestCaseExecutor.java:285)
	at com.kms.katalon.core.common.CommonExecutor.accessTestCaseMainPhase(CommonExecutor.java:65)
	at com.kms.katalon.core.main.TestSuiteExecutor.accessTestSuiteMainPhase(TestSuiteExecutor.java:150)
	at com.kms.katalon.core.main.TestSuiteExecutor.execute(TestSuiteExecutor.java:106)
	at com.kms.katalon.core.main.TestCaseMain.startTestSuite(TestCaseMain.java:180)
	at TempTestSuite1736457681392.run(TempTestSuite1736457681392.groovy:35)
	at java.base/jdk.internal.reflect.NativeMethodAccessorImpl.invoke0(Native Method)
	at java.base/jdk.internal.reflect.NativeMethodAccessorImpl.invoke(NativeMethodAccessorImpl.java:77)
	at java.base/jdk.internal.reflect.DelegatingMethodAccessorImpl.invoke(DelegatingMethodAccessorImpl.java:43)
)
[[ATTACHMENT|C:\\Users\\Enrique\\git\\AUTOMATION_LS\\Reports\\20250109_162114\\LS\\Inquiry Profile\\Inquiry Profile\\20250109_162121\\1736457947419.png]]

09-01-2025T16:25:48 - [MESSAGE][FAILED] - Verify element text of test object 'Object Repository/Specific Cases Repository/LS/Inquiry Profile/Inquiry Profile/Page_Inquiry Profile/div_A Client A Automation' FAILED. (Root cause: com.kms.katalon.core.exception.StepFailedException: Verify element text of test object 'Object Repository/Specific Cases Repository/LS/Inquiry Profile/Inquiry Profile/Page_Inquiry Profile/div_A Client A Automation' FAILED.
	at com.kms.katalon.core.webui.keyword.internal.WebUIKeywordMain.stepFailed(WebUIKeywordMain.groovy:117)
	at com.kms.katalon.core.webui.keyword.internal.WebUIKeywordMain.runKeyword(WebUIKeywordMain.groovy:43)
	at com.kms.katalon.core.webui.keyword.builtin.VerifyElementTextKeyword.verifyElementText(VerifyElementTextKeyword.groovy:72)
	at com.kms.katalon.core.webui.keyword.builtin.VerifyElementTextKeyword.execute(VerifyElementTextKeyword.groovy:40)
	at com.kms.katalon.core.keyword.internal.KeywordExecutor.executeKeywordForPlatform(KeywordExecutor.groovy:74)
	at com.kms.katalon.core.webui.keyword.WebUiBuiltInKeywords.verifyElementText(WebUiBuiltInKeywords.groovy:4835)
	at Inquiry Profile.run(Inquiry Profile:28)
	at com.kms.katalon.core.main.ScriptEngine.run(ScriptEngine.java:194)
	at com.kms.katalon.core.main.ScriptEngine.runScriptAsRawText(ScriptEngine.java:119)
	at com.kms.katalon.core.main.TestCaseExecutor.runScript(TestCaseExecutor.java:448)
	at com.kms.katalon.core.main.TestCaseExecutor.doExecute(TestCaseExecutor.java:439)
	at com.kms.katalon.core.main.TestCaseExecutor.processExecutionPhase(TestCaseExecutor.java:418)
	at com.kms.katalon.core.main.TestCaseExecutor.accessMainPhase(TestCaseExecutor.java:410)
	at com.kms.katalon.core.main.TestCaseExecutor.execute(TestCaseExecutor.java:285)
	at com.kms.katalon.core.common.CommonExecutor.accessTestCaseMainPhase(CommonExecutor.java:65)
	at com.kms.katalon.core.main.TestSuiteExecutor.accessTestSuiteMainPhase(TestSuiteExecutor.java:150)
	at com.kms.katalon.core.main.TestSuiteExecutor.execute(TestSuiteExecutor.java:106)
	at com.kms.katalon.core.main.TestCaseMain.startTestSuite(TestCaseMain.java:180)
	at TempTestSuite1736457681392.run(TempTestSuite1736457681392.groovy:35)
	at java.base/jdk.internal.reflect.NativeMethodAccessorImpl.invoke0(Native Method)
	at java.base/jdk.internal.reflect.NativeMethodAccessorImpl.invoke(NativeMethodAccessorImpl.java:77)
	at java.base/jdk.internal.reflect.DelegatingMethodAccessorImpl.invoke(DelegatingMethodAccessorImpl.java:43)
Caused by: com.kms.katalon.core.exception.StepFailedException: Actual text 'C Client C Automation' and expected text 'A Client A Automation' of test object 'Object Repository/Specific Cases Repository/LS/Inquiry Profile/Inquiry Profile/Page_Inquiry Profile/div_A Client A Automation' are NOT matched.
	at com.kms.katalon.core.webui.keyword.internal.WebUIKeywordMain.stepFailed(WebUIKeywordMain.groovy:117)
	at com.kms.katalon.core.webui.keyword.builtin.VerifyElementTextKeyword$_verifyElementText_closure1.doCall(VerifyElementTextKeyword.groovy:57)
	at com.kms.katalon.core.webui.keyword.builtin.VerifyElementTextKeyword$_verifyElementText_closure1.call(VerifyElementTextKeyword.groovy)
	at com.kms.katalon.core.webui.keyword.internal.WebUIKeywordMain.runKeyword(WebUIKeywordMain.groovy:35)
	... 20 more
)
[[ATTACHMENT|C:\\Users\\Enrique\\git\\AUTOMATION_LS\\Reports\\20250109_162114\\LS\\Inquiry Profile\\Inquiry Profile\\20250109_162121\\1736457947730.png]]]]></system-out>
         <system-err><![CDATA[09-01-2025T16:24:27 - [TEST_CASE][FAILED] - Test Cases/Specific Cases/LS/Inquiry Profile/Inquiry Profile: Test Cases/Specific Cases/LS/Inquiry Profile/Inquiry Profile FAILED.
Reason:
com.kms.katalon.core.exception.StepFailedException: Verify element text of test object 'Object Repository/Specific Cases Repository/LS/Inquiry Profile/Inquiry Profile/Page_Inquiry Profile/div_A Client A Automation' FAILED.
	at com.kms.katalon.core.webui.keyword.internal.WebUIKeywordMain.stepFailed(WebUIKeywordMain.groovy:117)
	at com.kms.katalon.core.webui.keyword.internal.WebUIKeywordMain.runKeyword(WebUIKeywordMain.groovy:43)
	at com.kms.katalon.core.webui.keyword.builtin.VerifyElementTextKeyword.verifyElementText(VerifyElementTextKeyword.groovy:72)
	at com.kms.katalon.core.webui.keyword.builtin.VerifyElementTextKeyword.execute(VerifyElementTextKeyword.groovy:40)
	at com.kms.katalon.core.keyword.internal.KeywordExecutor.executeKeywordForPlatform(KeywordExecutor.groovy:74)
	at com.kms.katalon.core.webui.keyword.WebUiBuiltInKeywords.verifyElementText(WebUiBuiltInKeywords.groovy:4835)
	at Inquiry Profile.run(Inquiry Profile:28)
	at com.kms.katalon.core.main.ScriptEngine.run(ScriptEngine.java:194)
	at com.kms.katalon.core.main.ScriptEngine.runScriptAsRawText(ScriptEngine.java:119)
	at com.kms.katalon.core.main.TestCaseExecutor.runScript(TestCaseExecutor.java:448)
	at com.kms.katalon.core.main.TestCaseExecutor.doExecute(TestCaseExecutor.java:439)
	at com.kms.katalon.core.main.TestCaseExecutor.processExecutionPhase(TestCaseExecutor.java:418)
	at com.kms.katalon.core.main.TestCaseExecutor.accessMainPhase(TestCaseExecutor.java:410)
	at com.kms.katalon.core.main.TestCaseExecutor.execute(TestCaseExecutor.java:285)
	at com.kms.katalon.core.common.CommonExecutor.accessTestCaseMainPhase(CommonExecutor.java:65)
	at com.kms.katalon.core.main.TestSuiteExecutor.accessTestSuiteMainPhase(TestSuiteExecutor.java:150)
	at com.kms.katalon.core.main.TestSuiteExecutor.execute(TestSuiteExecutor.java:106)
	at com.kms.katalon.core.main.TestCaseMain.startTestSuite(TestCaseMain.java:180)
	at TempTestSuite1736457681392.run(TempTestSuite1736457681392.groovy:35)
	at java.base/jdk.internal.reflect.NativeMethodAccessorImpl.invoke0(Native Method)
	at java.base/jdk.internal.reflect.NativeMethodAccessorImpl.invoke(NativeMethodAccessorImpl.java:77)
	at java.base/jdk.internal.reflect.DelegatingMethodAccessorImpl.invoke(DelegatingMethodAccessorImpl.java:43)
Caused by: com.kms.katalon.core.exception.StepFailedException: Actual text 'C Client C Automation' and expected text 'A Client A Automation' of test object 'Object Repository/Specific Cases Repository/LS/Inquiry Profile/Inquiry Profile/Page_Inquiry Profile/div_A Client A Automation' are NOT matched.
	at com.kms.katalon.core.webui.keyword.internal.WebUIKeywordMain.stepFailed(WebUIKeywordMain.groovy:117)
	at com.kms.katalon.core.webui.keyword.builtin.VerifyElementTextKeyword$_verifyElementText_closure1.doCall(VerifyElementTextKeyword.groovy:57)
	at com.kms.katalon.core.webui.keyword.builtin.VerifyElementTextKeyword$_verifyElementText_closure1.call(VerifyElementTextKeyword.groovy)
	at com.kms.katalon.core.webui.keyword.internal.WebUIKeywordMain.runKeyword(WebUIKeywordMain.groovy:35)
	... 20 more]]></system-err>
      </testcase>
      <testcase name="Test Cases/Specific Cases/LS/Inquiry Profile/Referral Source" time="100.092" classname="Test Cases/Specific Cases/LS/Inquiry Profile/Referral Source" status="PASSED">
         <system-out><![CDATA[09-01-2025T16:25:48 - [TEST_CASE][PASSED] - Test Cases/Specific Cases/LS/Inquiry Profile/Referral Source: Test Cases/Specific Cases/LS/Inquiry Profile/Referral Source

09-01-2025T16:25:48 - [TEST_STEP][PASSED] - callTestCase(findTestCase("Common Cases/Login"), [:], STOP_ON_FAILURE): Call Test Case 'Test Cases/Common Cases/Login' successfully

09-01-2025T16:25:48 - [TEST_CASE][PASSED] - Test Cases/Common Cases/Login: Test Cases/Common Cases/Login

09-01-2025T16:25:48 - [TEST_STEP][PASSED] - openBrowser(""): Browser is opened with url: ''

09-01-2025T16:25:48 - [MESSAGE][WARNING] - A browser is already opened. Closing browser and opening a new one

09-01-2025T16:25:49 - [MESSAGE][INFO] - Starting 'Chrome' driver

09-01-2025T16:25:49 - [MESSAGE][INFO] - Action delay is set to 0 milliseconds

09-01-2025T16:25:51 - [MESSAGE][PASSED] - Browser is opened with url: ''

09-01-2025T16:25:51 - [TEST_STEP][PASSED] - maximizeWindow(): Current window maximized

09-01-2025T16:25:51 - [MESSAGE][PASSED] - Current window maximized

09-01-2025T16:25:51 - [TEST_STEP][PASSED] - navigateToUrl("https://site17.lsapp.cloud/auth/login"): Navigate to 'https://site17.lsapp.cloud/auth/login' successfully

09-01-2025T16:25:54 - [MESSAGE][PASSED] - Navigate to 'https://site17.lsapp.cloud/auth/login' successfully

09-01-2025T16:25:54 - [TEST_STEP][PASSED] - setText(findTestObject("Object Repository/Common Cases Repository/Login/Page_Lightning Step/input_Email_email"), "automation@lightningstep.com"): Text 'automation@lightningstep.com' is set on object 'Object Repository/Common Cases Repository/Login/Page_Lightning Step/input_Email_email'

09-01-2025T16:25:55 - [MESSAGE][PASSED] - Text 'automation@lightningstep.com' is set on object 'Object Repository/Common Cases Repository/Login/Page_Lightning Step/input_Email_email'

09-01-2025T16:25:55 - [TEST_STEP][PASSED] - setEncryptedText(findTestObject("Object Repository/Common Cases Repository/Login/Page_Lightning Step/input_Password_password"), "e5N8VHmnhJDITtQaQhDQDw=="): Text ****** has been set on object 'Object Repository/Common Cases Repository/Login/Page_Lightning Step/input_Password_password'

09-01-2025T16:25:56 - [MESSAGE][PASSED] - Text ****** has been set on object 'Object Repository/Common Cases Repository/Login/Page_Lightning Step/input_Password_password'

09-01-2025T16:25:56 - [TEST_STEP][PASSED] - click(findTestObject("Object Repository/Common Cases Repository/Login/Page_Lightning Step/button_Sign in")): Object: 'Object Repository/Common Cases Repository/Login/Page_Lightning Step/button_Sign in' is clicked on

09-01-2025T16:26:02 - [MESSAGE][PASSED] - Object: 'Object Repository/Common Cases Repository/Login/Page_Lightning Step/button_Sign in' is clicked on

09-01-2025T16:26:02 - [MESSAGE][PASSED] - Call Test Case 'Test Cases/Common Cases/Login' successfully

09-01-2025T16:26:02 - [TEST_STEP][PASSED] - navigateToUrl("https://site17.lsapp.cloud/inquiry/show/1672"): Navigate to 'https://site17.lsapp.cloud/inquiry/show/1672' successfully

09-01-2025T16:26:15 - [MESSAGE][PASSED] - Navigate to 'https://site17.lsapp.cloud/inquiry/show/1672' successfully

09-01-2025T16:26:16 - [TEST_STEP][PASSED] - click(findTestObject("Object Repository/Specific Cases Repository/LS/Inquiry Profile/Referral Source/Page_Inquiry Profile/a_Referral Source")): Object: 'Object Repository/Specific Cases Repository/LS/Inquiry Profile/Referral Source/Page_Inquiry Profile/a_Referral Source' is clicked on

09-01-2025T16:26:16 - [MESSAGE][PASSED] - Object: 'Object Repository/Specific Cases Repository/LS/Inquiry Profile/Referral Source/Page_Inquiry Profile/a_Referral Source' is clicked on

09-01-2025T16:26:16 - [TEST_STEP][PASSED] - click(findTestObject("Object Repository/Specific Cases Repository/LS/Inquiry Profile/Referral Source/Page_Inquiry Profile/i_add")): Object: 'Object Repository/Specific Cases Repository/LS/Inquiry Profile/Referral Source/Page_Inquiry Profile/i_add' is clicked on

09-01-2025T16:26:24 - [MESSAGE][PASSED] - Object: 'Object Repository/Specific Cases Repository/LS/Inquiry Profile/Referral Source/Page_Inquiry Profile/i_add' is clicked on

09-01-2025T16:26:24 - [TEST_STEP][PASSED] - navigateToUrl("https://site17.lsapp.cloud/refsrc/create/1672"): Navigate to 'https://site17.lsapp.cloud/refsrc/create/1672' successfully

09-01-2025T16:26:30 - [MESSAGE][PASSED] - Navigate to 'https://site17.lsapp.cloud/refsrc/create/1672' successfully

09-01-2025T16:26:30 - [TEST_STEP][PASSED] - setText(findTestObject("Object Repository/Specific Cases Repository/LS/Inquiry Profile/Referral Source/Page_Referral Source/input_Search for Referral Source_search"), "a"): Text 'a' is set on object 'Object Repository/Specific Cases Repository/LS/Inquiry Profile/Referral Source/Page_Referral Source/input_Search for Referral Source_search'

09-01-2025T16:26:31 - [MESSAGE][PASSED] - Text 'a' is set on object 'Object Repository/Specific Cases Repository/LS/Inquiry Profile/Referral Source/Page_Referral Source/input_Search for Referral Source_search'

09-01-2025T16:26:31 - [TEST_STEP][PASSED] - click(findTestObject("Object Repository/Specific Cases Repository/LS/Inquiry Profile/Referral Source/Page_Referral Source/i_Search")): Object: 'Object Repository/Specific Cases Repository/LS/Inquiry Profile/Referral Source/Page_Referral Source/i_Search' is clicked on

09-01-2025T16:26:32 - [MESSAGE][PASSED] - Object: 'Object Repository/Specific Cases Repository/LS/Inquiry Profile/Referral Source/Page_Referral Source/i_Search' is clicked on

09-01-2025T16:26:32 - [TEST_STEP][PASSED] - click(findTestObject("Object Repository/Specific Cases Repository/LS/Inquiry Profile/Referral Source/Page_Referral Source/i_Georgetown Behavioral Health_fa fa-arrow-down")): Object: 'Object Repository/Specific Cases Repository/LS/Inquiry Profile/Referral Source/Page_Referral Source/i_Georgetown Behavioral Health_fa fa-arrow-down' is clicked on

09-01-2025T16:26:34 - [MESSAGE][PASSED] - Object: 'Object Repository/Specific Cases Repository/LS/Inquiry Profile/Referral Source/Page_Referral Source/i_Georgetown Behavioral Health_fa fa-arrow-down' is clicked on

09-01-2025T16:26:34 - [TEST_STEP][PASSED] - verifyElementText(findTestObject("Object Repository/Specific Cases Repository/LS/Inquiry Profile/Referral Source/Page_Referral Source/label_First Name"), "First Name"): Actual text and expected text of test object 'Object Repository/Specific Cases Repository/LS/Inquiry Profile/Referral Source/Page_Referral Source/label_First Name' are matched.

09-01-2025T16:26:35 - [MESSAGE][PASSED] - Actual text and expected text of test object 'Object Repository/Specific Cases Repository/LS/Inquiry Profile/Referral Source/Page_Referral Source/label_First Name' are matched.

09-01-2025T16:26:35 - [TEST_STEP][PASSED] - verifyElementText(findTestObject("Object Repository/Specific Cases Repository/LS/Inquiry Profile/Referral Source/Page_Referral Source/label_Last Name"), "Last Name"): Actual text and expected text of test object 'Object Repository/Specific Cases Repository/LS/Inquiry Profile/Referral Source/Page_Referral Source/label_Last Name' are matched.

09-01-2025T16:26:35 - [MESSAGE][PASSED] - Actual text and expected text of test object 'Object Repository/Specific Cases Repository/LS/Inquiry Profile/Referral Source/Page_Referral Source/label_Last Name' are matched.

09-01-2025T16:26:35 - [TEST_STEP][PASSED] - verifyElementPresent(findTestObject("Object Repository/Specific Cases Repository/LS/Inquiry Profile/Referral Source/Page_Referral Source/label_Relation to Client"), 0): Object 'Object Repository/Specific Cases Repository/LS/Inquiry Profile/Referral Source/Page_Referral Source/label_Relation to Client' is present

09-01-2025T16:26:35 - [MESSAGE][WARNING] - Timeout '0' is invalid. Using default page load timeout: '30'

09-01-2025T16:26:36 - [MESSAGE][PASSED] - Object 'Object Repository/Specific Cases Repository/LS/Inquiry Profile/Referral Source/Page_Referral Source/label_Relation to Client' is present

09-01-2025T16:26:36 - [TEST_STEP][PASSED] - verifyElementText(findTestObject("Object Repository/Specific Cases Repository/LS/Inquiry Profile/Referral Source/Page_Referral Source/label_Use as Emergency Contact"), "Use as Emergency Contact"): Actual text and expected text of test object 'Object Repository/Specific Cases Repository/LS/Inquiry Profile/Referral Source/Page_Referral Source/label_Use as Emergency Contact' are matched.

09-01-2025T16:26:36 - [MESSAGE][PASSED] - Actual text and expected text of test object 'Object Repository/Specific Cases Repository/LS/Inquiry Profile/Referral Source/Page_Referral Source/label_Use as Emergency Contact' are matched.

09-01-2025T16:26:36 - [TEST_STEP][PASSED] - verifyElementText(findTestObject("Object Repository/Specific Cases Repository/LS/Inquiry Profile/Referral Source/Page_Referral Source/label_Organization"), "Organization"): Actual text and expected text of test object 'Object Repository/Specific Cases Repository/LS/Inquiry Profile/Referral Source/Page_Referral Source/label_Organization' are matched.

09-01-2025T16:26:36 - [MESSAGE][PASSED] - Actual text and expected text of test object 'Object Repository/Specific Cases Repository/LS/Inquiry Profile/Referral Source/Page_Referral Source/label_Organization' are matched.

09-01-2025T16:26:36 - [TEST_STEP][PASSED] - verifyElementText(findTestObject("Object Repository/Specific Cases Repository/LS/Inquiry Profile/Referral Source/Page_Referral Source/label_WorkDirect Phone"), "Work/Direct Phone:"): Actual text and expected text of test object 'Object Repository/Specific Cases Repository/LS/Inquiry Profile/Referral Source/Page_Referral Source/label_WorkDirect Phone' are matched.

09-01-2025T16:26:37 - [MESSAGE][PASSED] - Actual text and expected text of test object 'Object Repository/Specific Cases Repository/LS/Inquiry Profile/Referral Source/Page_Referral Source/label_WorkDirect Phone' are matched.

09-01-2025T16:26:37 - [TEST_STEP][PASSED] - verifyElementText(findTestObject("Object Repository/Specific Cases Repository/LS/Inquiry Profile/Referral Source/Page_Referral Source/label_Office Phone"), "Office Phone:"): Actual text and expected text of test object 'Object Repository/Specific Cases Repository/LS/Inquiry Profile/Referral Source/Page_Referral Source/label_Office Phone' are matched.

09-01-2025T16:26:37 - [MESSAGE][PASSED] - Actual text and expected text of test object 'Object Repository/Specific Cases Repository/LS/Inquiry Profile/Referral Source/Page_Referral Source/label_Office Phone' are matched.

09-01-2025T16:26:37 - [TEST_STEP][PASSED] - verifyElementText(findTestObject("Object Repository/Specific Cases Repository/LS/Inquiry Profile/Referral Source/Page_Referral Source/label_Mobile Phone"), "Mobile Phone:"): Actual text and expected text of test object 'Object Repository/Specific Cases Repository/LS/Inquiry Profile/Referral Source/Page_Referral Source/label_Mobile Phone' are matched.

09-01-2025T16:26:38 - [MESSAGE][PASSED] - Actual text and expected text of test object 'Object Repository/Specific Cases Repository/LS/Inquiry Profile/Referral Source/Page_Referral Source/label_Mobile Phone' are matched.

09-01-2025T16:26:38 - [TEST_STEP][PASSED] - verifyElementText(findTestObject("Object Repository/Specific Cases Repository/LS/Inquiry Profile/Referral Source/Page_Referral Source/label_E-Mail"), "E-Mail:"): Actual text and expected text of test object 'Object Repository/Specific Cases Repository/LS/Inquiry Profile/Referral Source/Page_Referral Source/label_E-Mail' are matched.

09-01-2025T16:26:39 - [MESSAGE][PASSED] - Actual text and expected text of test object 'Object Repository/Specific Cases Repository/LS/Inquiry Profile/Referral Source/Page_Referral Source/label_E-Mail' are matched.

09-01-2025T16:26:39 - [TEST_STEP][PASSED] - verifyElementText(findTestObject("Object Repository/Specific Cases Repository/LS/Inquiry Profile/Referral Source/Page_Referral Source/label_Address"), "Address:"): Actual text and expected text of test object 'Object Repository/Specific Cases Repository/LS/Inquiry Profile/Referral Source/Page_Referral Source/label_Address' are matched.

09-01-2025T16:26:39 - [MESSAGE][PASSED] - Actual text and expected text of test object 'Object Repository/Specific Cases Repository/LS/Inquiry Profile/Referral Source/Page_Referral Source/label_Address' are matched.

09-01-2025T16:26:39 - [TEST_STEP][PASSED] - verifyElementText(findTestObject("Object Repository/Specific Cases Repository/LS/Inquiry Profile/Referral Source/Page_Referral Source/label_City"), "City:"): Actual text and expected text of test object 'Object Repository/Specific Cases Repository/LS/Inquiry Profile/Referral Source/Page_Referral Source/label_City' are matched.

09-01-2025T16:26:40 - [MESSAGE][PASSED] - Actual text and expected text of test object 'Object Repository/Specific Cases Repository/LS/Inquiry Profile/Referral Source/Page_Referral Source/label_City' are matched.

09-01-2025T16:26:40 - [TEST_STEP][PASSED] - verifyElementText(findTestObject("Object Repository/Specific Cases Repository/LS/Inquiry Profile/Referral Source/Page_Referral Source/label_State"), "State:"): Actual text and expected text of test object 'Object Repository/Specific Cases Repository/LS/Inquiry Profile/Referral Source/Page_Referral Source/label_State' are matched.

09-01-2025T16:26:40 - [MESSAGE][PASSED] - Actual text and expected text of test object 'Object Repository/Specific Cases Repository/LS/Inquiry Profile/Referral Source/Page_Referral Source/label_State' are matched.

09-01-2025T16:26:40 - [TEST_STEP][PASSED] - verifyElementText(findTestObject("Object Repository/Specific Cases Repository/LS/Inquiry Profile/Referral Source/Page_Referral Source/label_Zip"), "Zip:"): Actual text and expected text of test object 'Object Repository/Specific Cases Repository/LS/Inquiry Profile/Referral Source/Page_Referral Source/label_Zip' are matched.

09-01-2025T16:26:41 - [MESSAGE][PASSED] - Actual text and expected text of test object 'Object Repository/Specific Cases Repository/LS/Inquiry Profile/Referral Source/Page_Referral Source/label_Zip' are matched.

09-01-2025T16:26:41 - [TEST_STEP][PASSED] - verifyElementText(findTestObject("Object Repository/Specific Cases Repository/LS/Inquiry Profile/Referral Source/Page_Referral Source/label_Current Referral Source"), "Current Referral Source"): Actual text and expected text of test object 'Object Repository/Specific Cases Repository/LS/Inquiry Profile/Referral Source/Page_Referral Source/label_Current Referral Source' are matched.

09-01-2025T16:26:41 - [MESSAGE][PASSED] - Actual text and expected text of test object 'Object Repository/Specific Cases Repository/LS/Inquiry Profile/Referral Source/Page_Referral Source/label_Current Referral Source' are matched.

09-01-2025T16:26:41 - [TEST_STEP][PASSED] - verifyElementText(findTestObject("Object Repository/Specific Cases Repository/LS/Inquiry Profile/Referral Source/Page_Referral Source/label_Contact is Primary Referral Source fo_381c1e"), "Contact is Primary Referral Source for this person."): Actual text and expected text of test object 'Object Repository/Specific Cases Repository/LS/Inquiry Profile/Referral Source/Page_Referral Source/label_Contact is Primary Referral Source fo_381c1e' are matched.

09-01-2025T16:26:42 - [MESSAGE][PASSED] - Actual text and expected text of test object 'Object Repository/Specific Cases Repository/LS/Inquiry Profile/Referral Source/Page_Referral Source/label_Contact is Primary Referral Source fo_381c1e' are matched.

09-01-2025T16:26:42 - [TEST_STEP][PASSED] - click(findTestObject("Object Repository/Specific Cases Repository/LS/Inquiry Profile/Referral Source/Page_Referral Source/button_Save")): Object: 'Object Repository/Specific Cases Repository/LS/Inquiry Profile/Referral Source/Page_Referral Source/button_Save' is clicked on

09-01-2025T16:26:57 - [MESSAGE][PASSED] - Object: 'Object Repository/Specific Cases Repository/LS/Inquiry Profile/Referral Source/Page_Referral Source/button_Save' is clicked on

09-01-2025T16:26:57 - [TEST_STEP][PASSED] - verifyElementText(findTestObject("Object Repository/Specific Cases Repository/LS/Inquiry Profile/Referral Source/Page_Inquiry Profile/td_Kay Bailey"), "Kay Bailey"): Actual text and expected text of test object 'Object Repository/Specific Cases Repository/LS/Inquiry Profile/Referral Source/Page_Inquiry Profile/td_Kay Bailey' are matched.

09-01-2025T16:26:57 - [MESSAGE][PASSED] - Actual text and expected text of test object 'Object Repository/Specific Cases Repository/LS/Inquiry Profile/Referral Source/Page_Inquiry Profile/td_Kay Bailey' are matched.

09-01-2025T16:26:57 - [TEST_STEP][PASSED] - verifyElementText(findTestObject("Object Repository/Specific Cases Repository/LS/Inquiry Profile/Referral Source/Page_Inquiry Profile/td_Georgetown Behavioral Health"), "Georgetown Behavioral Health"): Actual text and expected text of test object 'Object Repository/Specific Cases Repository/LS/Inquiry Profile/Referral Source/Page_Inquiry Profile/td_Georgetown Behavioral Health' are matched.

09-01-2025T16:26:58 - [MESSAGE][PASSED] - Actual text and expected text of test object 'Object Repository/Specific Cases Repository/LS/Inquiry Profile/Referral Source/Page_Inquiry Profile/td_Georgetown Behavioral Health' are matched.

09-01-2025T16:26:58 - [TEST_STEP][PASSED] - click(findTestObject("Object Repository/Specific Cases Repository/LS/Inquiry Profile/Referral Source/Page_Inquiry Profile/i_No_fa fa-pencil")): Object: 'Object Repository/Specific Cases Repository/LS/Inquiry Profile/Referral Source/Page_Inquiry Profile/i_No_fa fa-pencil' is clicked on

09-01-2025T16:27:06 - [MESSAGE][PASSED] - Object: 'Object Repository/Specific Cases Repository/LS/Inquiry Profile/Referral Source/Page_Inquiry Profile/i_No_fa fa-pencil' is clicked on

09-01-2025T16:27:06 - [TEST_STEP][PASSED] - click(findTestObject("Object Repository/Specific Cases Repository/LS/Inquiry Profile/Referral Source/Page_Referral Source/input_Entered in Error_iseie")): Object: 'Object Repository/Specific Cases Repository/LS/Inquiry Profile/Referral Source/Page_Referral Source/input_Entered in Error_iseie' is clicked on

09-01-2025T16:27:07 - [MESSAGE][PASSED] - Object: 'Object Repository/Specific Cases Repository/LS/Inquiry Profile/Referral Source/Page_Referral Source/input_Entered in Error_iseie' is clicked on

09-01-2025T16:27:07 - [TEST_STEP][PASSED] - setText(findTestObject("Object Repository/Specific Cases Repository/LS/Inquiry Profile/Referral Source/Page_Referral Source/input_Reason_eiereason"), "automationtest"): Text 'automationtest' is set on object 'Object Repository/Specific Cases Repository/LS/Inquiry Profile/Referral Source/Page_Referral Source/input_Reason_eiereason'

09-01-2025T16:27:09 - [MESSAGE][PASSED] - Text 'automationtest' is set on object 'Object Repository/Specific Cases Repository/LS/Inquiry Profile/Referral Source/Page_Referral Source/input_Reason_eiereason'

09-01-2025T16:27:09 - [TEST_STEP][PASSED] - click(findTestObject("Object Repository/Specific Cases Repository/LS/Inquiry Profile/Referral Source/Page_Referral Source/button_Mark as Error")): Object: 'Object Repository/Specific Cases Repository/LS/Inquiry Profile/Referral Source/Page_Referral Source/button_Mark as Error' is clicked on

09-01-2025T16:27:10 - [MESSAGE][PASSED] - Object: 'Object Repository/Specific Cases Repository/LS/Inquiry Profile/Referral Source/Page_Referral Source/button_Mark as Error' is clicked on

09-01-2025T16:27:10 - [TEST_STEP][PASSED] - verifyElementNotPresent(findTestObject("Specific Cases Repository/LS/Inquiry Profile/Referral Source/Page_Inquiry Profile/td_Kay Bailey"), 0): Web element with id: 'Object Repository/Specific Cases Repository/LS/Inquiry Profile/Referral Source/Page_Inquiry Profile/td_Kay Bailey' located by 'By.xpath: //table[@id='tblrefsrcs']/tbody/tr/td[2]' is not present after '30' second(s)

09-01-2025T16:27:11 - [MESSAGE][WARNING] - Timeout '0' is invalid. Using default page load timeout: '30'

09-01-2025T16:27:26 - [MESSAGE][PASSED] - Web element with id: 'Object Repository/Specific Cases Repository/LS/Inquiry Profile/Referral Source/Page_Inquiry Profile/td_Kay Bailey' located by 'By.xpath: //table[@id='tblrefsrcs']/tbody/tr/td[2]' is not present after '30' second(s)

09-01-2025T16:27:26 - [TEST_STEP][PASSED] - closeBrowser(): Browser is closed

09-01-2025T16:27:28 - [MESSAGE][PASSED] - Browser is closed]]></system-out>
         <system-err><![CDATA[]]></system-err>
      </testcase>
      <testcase name="Test Cases/Specific Cases/LS/Inquiry Profile/Consents" time="127.091" classname="Test Cases/Specific Cases/LS/Inquiry Profile/Consents" status="PASSED">
         <system-out><![CDATA[09-01-2025T16:27:28 - [TEST_CASE][PASSED] - Test Cases/Specific Cases/LS/Inquiry Profile/Consents: Test Cases/Specific Cases/LS/Inquiry Profile/Consents

09-01-2025T16:27:28 - [TEST_STEP][PASSED] - callTestCase(findTestCase("Common Cases/Login"), [:], STOP_ON_FAILURE): Call Test Case 'Test Cases/Common Cases/Login' successfully

09-01-2025T16:27:28 - [TEST_CASE][PASSED] - Test Cases/Common Cases/Login: Test Cases/Common Cases/Login

09-01-2025T16:27:28 - [TEST_STEP][PASSED] - openBrowser(""): Browser is opened with url: ''

09-01-2025T16:27:28 - [MESSAGE][INFO] - Starting 'Chrome' driver

09-01-2025T16:27:28 - [MESSAGE][INFO] - Action delay is set to 0 milliseconds

09-01-2025T16:27:30 - [MESSAGE][PASSED] - Browser is opened with url: ''

09-01-2025T16:27:30 - [TEST_STEP][PASSED] - maximizeWindow(): Current window maximized

09-01-2025T16:27:30 - [MESSAGE][PASSED] - Current window maximized

09-01-2025T16:27:30 - [TEST_STEP][PASSED] - navigateToUrl("https://site17.lsapp.cloud/auth/login"): Navigate to 'https://site17.lsapp.cloud/auth/login' successfully

09-01-2025T16:27:34 - [MESSAGE][PASSED] - Navigate to 'https://site17.lsapp.cloud/auth/login' successfully

09-01-2025T16:27:34 - [TEST_STEP][PASSED] - setText(findTestObject("Object Repository/Common Cases Repository/Login/Page_Lightning Step/input_Email_email"), "automation@lightningstep.com"): Text 'automation@lightningstep.com' is set on object 'Object Repository/Common Cases Repository/Login/Page_Lightning Step/input_Email_email'

09-01-2025T16:27:35 - [MESSAGE][PASSED] - Text 'automation@lightningstep.com' is set on object 'Object Repository/Common Cases Repository/Login/Page_Lightning Step/input_Email_email'

09-01-2025T16:27:35 - [TEST_STEP][PASSED] - setEncryptedText(findTestObject("Object Repository/Common Cases Repository/Login/Page_Lightning Step/input_Password_password"), "e5N8VHmnhJDITtQaQhDQDw=="): Text ****** has been set on object 'Object Repository/Common Cases Repository/Login/Page_Lightning Step/input_Password_password'

09-01-2025T16:27:36 - [MESSAGE][PASSED] - Text ****** has been set on object 'Object Repository/Common Cases Repository/Login/Page_Lightning Step/input_Password_password'

09-01-2025T16:27:36 - [TEST_STEP][PASSED] - click(findTestObject("Object Repository/Common Cases Repository/Login/Page_Lightning Step/button_Sign in")): Object: 'Object Repository/Common Cases Repository/Login/Page_Lightning Step/button_Sign in' is clicked on

09-01-2025T16:27:44 - [MESSAGE][PASSED] - Object: 'Object Repository/Common Cases Repository/Login/Page_Lightning Step/button_Sign in' is clicked on

09-01-2025T16:27:44 - [MESSAGE][PASSED] - Call Test Case 'Test Cases/Common Cases/Login' successfully

09-01-2025T16:27:44 - [TEST_STEP][PASSED] - click(findTestObject("Object Repository/Specific Cases Repository/LS/Inquiry Profile/Consents/Page_Home/a_Census")): Object: 'Object Repository/Specific Cases Repository/LS/Inquiry Profile/Consents/Page_Home/a_Census' is clicked on

09-01-2025T16:27:45 - [MESSAGE][PASSED] - Object: 'Object Repository/Specific Cases Repository/LS/Inquiry Profile/Consents/Page_Home/a_Census' is clicked on

09-01-2025T16:27:45 - [TEST_STEP][PASSED] - click(findTestObject("Object Repository/Specific Cases Repository/LS/Inquiry Profile/Consents/Page_Home/a_C Automation, C Client")): Object: 'Object Repository/Specific Cases Repository/LS/Inquiry Profile/Consents/Page_Home/a_C Automation, C Client' is clicked on

09-01-2025T16:28:17 - [MESSAGE][INFO] - Unable to find the element located by 'By.xpath: //table[@id='tblclients']/tbody/tr[3]/td/a'. Please recheck the objects properties to make sure the desired element is located. 

09-01-2025T16:28:17 - [MESSAGE][WARNING] - [SELF-HEALING] Failed to find element with id 'Object Repository/Specific Cases Repository/LS/Inquiry Profile/Consents/Page_Home/a_C Automation, C Client'. Try using Self-healing.

09-01-2025T16:28:17 - [MESSAGE][INFO] - [SELF-HEALING] Failed Locator: '//table[@id='tblclients']/tbody/tr[3]/td/a'.

09-01-2025T16:28:17 - [MESSAGE][INFO] - [SELF-HEALING] Working Locator: '//a[contains(text(),'C Automation, C Client')]'.

09-01-2025T16:28:17 - [MESSAGE][INFO] - [SELF-HEALING] Screenshot: C:/Users/Enrique/git/AUTOMATION_LS/Reports/Self-healing/Object Repository/Specific Cases Repository/LS/Inquiry Profile/Consents/Page_Home/a_C Automation, C Client_link.png

09-01-2025T16:28:17 - [MESSAGE][WARNING] - [SELF-HEALING] The current locator of test object 'Object Repository/Specific Cases Repository/LS/Inquiry Profile/Consents/Page_Home/a_C Automation, C Client' was broken. Propose an alternative one: '//a[contains(text(),'C Automation, C Client')]'.

09-01-2025T16:28:31 - [MESSAGE][PASSED] - Object: 'Object Repository/Specific Cases Repository/LS/Inquiry Profile/Consents/Page_Home/a_C Automation, C Client' is clicked on

09-01-2025T16:28:31 - [TEST_STEP][PASSED] - navigateToUrl("https://site17.lsapp.cloud/client/index/1558?section=clientprofile"): Navigate to 'https://site17.lsapp.cloud/client/index/1558?section=clientprofile' successfully

09-01-2025T16:28:43 - [MESSAGE][PASSED] - Navigate to 'https://site17.lsapp.cloud/client/index/1558?section=clientprofile' successfully

09-01-2025T16:28:43 - [TEST_STEP][PASSED] - click(findTestObject("Object Repository/Specific Cases Repository/LS/Inquiry Profile/Consents/Page_Client Profile/div_Inquiry Profile")): Object: 'Object Repository/Specific Cases Repository/LS/Inquiry Profile/Consents/Page_Client Profile/div_Inquiry Profile' is clicked on

09-01-2025T16:28:55 - [MESSAGE][PASSED] - Object: 'Object Repository/Specific Cases Repository/LS/Inquiry Profile/Consents/Page_Client Profile/div_Inquiry Profile' is clicked on

09-01-2025T16:28:55 - [TEST_STEP][PASSED] - click(findTestObject("Object Repository/Specific Cases Repository/LS/Inquiry Profile/Consents/Page_Inquiry Profile/a_Consents")): Object: 'Object Repository/Specific Cases Repository/LS/Inquiry Profile/Consents/Page_Inquiry Profile/a_Consents' is clicked on

09-01-2025T16:28:56 - [MESSAGE][PASSED] - Object: 'Object Repository/Specific Cases Repository/LS/Inquiry Profile/Consents/Page_Inquiry Profile/a_Consents' is clicked on

09-01-2025T16:28:56 - [TEST_STEP][PASSED] - click(findTestObject("Object Repository/Specific Cases Repository/LS/Inquiry Profile/Consents/Page_Inquiry Profile/span_Show State Specific Consents_caret")): Object: 'Object Repository/Specific Cases Repository/LS/Inquiry Profile/Consents/Page_Inquiry Profile/span_Show State Specific Consents_caret' is clicked on

09-01-2025T16:28:56 - [MESSAGE][PASSED] - Object: 'Object Repository/Specific Cases Repository/LS/Inquiry Profile/Consents/Page_Inquiry Profile/span_Show State Specific Consents_caret' is clicked on

09-01-2025T16:28:56 - [TEST_STEP][PASSED] - verifyElementText(findTestObject("Object Repository/Specific Cases Repository/LS/Inquiry Profile/Consents/Page_Inquiry Profile/a_Bill of Rights"), "Bill of Rights"): Actual text and expected text of test object 'Object Repository/Specific Cases Repository/LS/Inquiry Profile/Consents/Page_Inquiry Profile/a_Bill of Rights' are matched.

09-01-2025T16:28:57 - [MESSAGE][PASSED] - Actual text and expected text of test object 'Object Repository/Specific Cases Repository/LS/Inquiry Profile/Consents/Page_Inquiry Profile/a_Bill of Rights' are matched.

09-01-2025T16:28:57 - [TEST_STEP][PASSED] - selectOptionByValue(findTestObject("Object Repository/Specific Cases Repository/LS/Inquiry Profile/Consents/Page_Inquiry Profile/select_--Select-State--                    _508ebd"), "CA", true): All options with value 'CA' are selected in object 'Object Repository/Specific Cases Repository/LS/Inquiry Profile/Consents/Page_Inquiry Profile/select_--Select-State--                    _508ebd'  using regular expression

09-01-2025T16:28:58 - [MESSAGE][PASSED] - All options with value 'CA' are selected in object 'Object Repository/Specific Cases Repository/LS/Inquiry Profile/Consents/Page_Inquiry Profile/select_--Select-State--                    _508ebd'  using regular expression

09-01-2025T16:28:58 - [TEST_STEP][PASSED] - click(findTestObject("Object Repository/Specific Cases Repository/LS/Inquiry Profile/Consents/Page_Inquiry Profile/span_Show State Specific Consents_caret")): Object: 'Object Repository/Specific Cases Repository/LS/Inquiry Profile/Consents/Page_Inquiry Profile/span_Show State Specific Consents_caret' is clicked on

09-01-2025T16:28:59 - [MESSAGE][PASSED] - Object: 'Object Repository/Specific Cases Repository/LS/Inquiry Profile/Consents/Page_Inquiry Profile/span_Show State Specific Consents_caret' is clicked on

09-01-2025T16:28:59 - [TEST_STEP][PASSED] - verifyElementNotPresent(findTestObject("Object Repository/Specific Cases Repository/LS/Inquiry Profile/Consents/Page_Inquiry Profile/a_Bill of Rights"), 0): Web element with id: 'Object Repository/Specific Cases Repository/LS/Inquiry Profile/Consents/Page_Inquiry Profile/a_Bill of Rights' located by 'By.xpath: //ul[@id='consentselect']/li[7]/a' is not present after '30' second(s)

09-01-2025T16:28:59 - [MESSAGE][WARNING] - Timeout '0' is invalid. Using default page load timeout: '30'

09-01-2025T16:28:59 - [MESSAGE][PASSED] - Web element with id: 'Object Repository/Specific Cases Repository/LS/Inquiry Profile/Consents/Page_Inquiry Profile/a_Bill of Rights' located by 'By.xpath: //ul[@id='consentselect']/li[7]/a' is not present after '30' second(s)

09-01-2025T16:28:59 - [TEST_STEP][PASSED] - verifyElementText(findTestObject("Object Repository/Specific Cases Repository/LS/Inquiry Profile/Consents/Page_Inquiry Profile/a_Grievance Procedure (CFF)"), "Grievance Procedure (CFF)"): Actual text and expected text of test object 'Object Repository/Specific Cases Repository/LS/Inquiry Profile/Consents/Page_Inquiry Profile/a_Grievance Procedure (CFF)' are matched.

09-01-2025T16:28:59 - [MESSAGE][PASSED] - Actual text and expected text of test object 'Object Repository/Specific Cases Repository/LS/Inquiry Profile/Consents/Page_Inquiry Profile/a_Grievance Procedure (CFF)' are matched.

09-01-2025T16:28:59 - [TEST_STEP][PASSED] - click(findTestObject("Object Repository/Specific Cases Repository/LS/Inquiry Profile/Consents/Page_Inquiry Profile/i_add")): Object: 'Object Repository/Specific Cases Repository/LS/Inquiry Profile/Consents/Page_Inquiry Profile/i_add' is clicked on

09-01-2025T16:29:00 - [MESSAGE][PASSED] - Object: 'Object Repository/Specific Cases Repository/LS/Inquiry Profile/Consents/Page_Inquiry Profile/i_add' is clicked on

09-01-2025T16:29:00 - [TEST_STEP][PASSED] - click(findTestObject("Object Repository/Specific Cases Repository/LS/Inquiry Profile/Consents/Page_Inquiry Profile/input_Select All_checkall")): Object: 'Object Repository/Specific Cases Repository/LS/Inquiry Profile/Consents/Page_Inquiry Profile/input_Select All_checkall' is clicked on

09-01-2025T16:29:01 - [MESSAGE][PASSED] - Object: 'Object Repository/Specific Cases Repository/LS/Inquiry Profile/Consents/Page_Inquiry Profile/input_Select All_checkall' is clicked on

09-01-2025T16:29:01 - [TEST_STEP][PASSED] - verifyElementText(findTestObject("Object Repository/Specific Cases Repository/LS/Inquiry Profile/Consents/Page_Inquiry Profile/td_Admission Agreement"), "Admission Agreement"): Actual text and expected text of test object 'Object Repository/Specific Cases Repository/LS/Inquiry Profile/Consents/Page_Inquiry Profile/td_Admission Agreement' are matched.

09-01-2025T16:29:01 - [MESSAGE][PASSED] - Actual text and expected text of test object 'Object Repository/Specific Cases Repository/LS/Inquiry Profile/Consents/Page_Inquiry Profile/td_Admission Agreement' are matched.

09-01-2025T16:29:01 - [TEST_STEP][PASSED] - verifyElementText(findTestObject("Object Repository/Specific Cases Repository/LS/Inquiry Profile/Consents/Page_Inquiry Profile/td_Consent for Telemedicine"), "Consent for Telemedicine"): Actual text and expected text of test object 'Object Repository/Specific Cases Repository/LS/Inquiry Profile/Consents/Page_Inquiry Profile/td_Consent for Telemedicine' are matched.

09-01-2025T16:29:01 - [MESSAGE][PASSED] - Actual text and expected text of test object 'Object Repository/Specific Cases Repository/LS/Inquiry Profile/Consents/Page_Inquiry Profile/td_Consent for Telemedicine' are matched.

09-01-2025T16:29:01 - [TEST_STEP][PASSED] - verifyElementText(findTestObject("Object Repository/Specific Cases Repository/LS/Inquiry Profile/Consents/Page_Inquiry Profile/td_Telemedicine Consent"), "Telemedicine Consent"): Actual text and expected text of test object 'Object Repository/Specific Cases Repository/LS/Inquiry Profile/Consents/Page_Inquiry Profile/td_Telemedicine Consent' are matched.

09-01-2025T16:29:01 - [MESSAGE][PASSED] - Actual text and expected text of test object 'Object Repository/Specific Cases Repository/LS/Inquiry Profile/Consents/Page_Inquiry Profile/td_Telemedicine Consent' are matched.

09-01-2025T16:29:01 - [TEST_STEP][PASSED] - verifyElementText(findTestObject("Object Repository/Specific Cases Repository/LS/Inquiry Profile/Consents/Page_Inquiry Profile/td_Authorization to Charge"), "Authorization to Charge"): Actual text and expected text of test object 'Object Repository/Specific Cases Repository/LS/Inquiry Profile/Consents/Page_Inquiry Profile/td_Authorization to Charge' are matched.

09-01-2025T16:29:02 - [MESSAGE][PASSED] - Actual text and expected text of test object 'Object Repository/Specific Cases Repository/LS/Inquiry Profile/Consents/Page_Inquiry Profile/td_Authorization to Charge' are matched.

09-01-2025T16:29:02 - [TEST_STEP][PASSED] - click(findTestObject("Object Repository/Specific Cases Repository/LS/Inquiry Profile/Consents/Page_Inquiry Profile/input_Select All_checkall")): Object: 'Object Repository/Specific Cases Repository/LS/Inquiry Profile/Consents/Page_Inquiry Profile/input_Select All_checkall' is clicked on

09-01-2025T16:29:02 - [MESSAGE][PASSED] - Object: 'Object Repository/Specific Cases Repository/LS/Inquiry Profile/Consents/Page_Inquiry Profile/input_Select All_checkall' is clicked on

09-01-2025T16:29:02 - [TEST_STEP][PASSED] - click(findTestObject("Object Repository/Specific Cases Repository/LS/Inquiry Profile/Consents/Page_Inquiry Profile/input_Consent for Telemedicine_admission_consents")): Object: 'Object Repository/Specific Cases Repository/LS/Inquiry Profile/Consents/Page_Inquiry Profile/input_Consent for Telemedicine_admission_consents' is clicked on

09-01-2025T16:29:02 - [MESSAGE][PASSED] - Object: 'Object Repository/Specific Cases Repository/LS/Inquiry Profile/Consents/Page_Inquiry Profile/input_Consent for Telemedicine_admission_consents' is clicked on

09-01-2025T16:29:02 - [TEST_STEP][PASSED] - click(findTestObject("Object Repository/Specific Cases Repository/LS/Inquiry Profile/Consents/Page_Inquiry Profile/button_Generate")): Object: 'Object Repository/Specific Cases Repository/LS/Inquiry Profile/Consents/Page_Inquiry Profile/button_Generate' is clicked on

09-01-2025T16:29:03 - [MESSAGE][PASSED] - Object: 'Object Repository/Specific Cases Repository/LS/Inquiry Profile/Consents/Page_Inquiry Profile/button_Generate' is clicked on

09-01-2025T16:29:03 - [TEST_STEP][PASSED] - setText(findTestObject("Object Repository/Specific Cases Repository/LS/Inquiry Profile/Consents/Page_Informed Consent for Treatment/input_Condition Treated_primarydx"), "Automation addiction"): Text 'Automation addiction' is set on object 'Object Repository/Specific Cases Repository/LS/Inquiry Profile/Consents/Page_Informed Consent for Treatment/input_Condition Treated_primarydx'

09-01-2025T16:29:10 - [MESSAGE][PASSED] - Text 'Automation addiction' is set on object 'Object Repository/Specific Cases Repository/LS/Inquiry Profile/Consents/Page_Informed Consent for Treatment/input_Condition Treated_primarydx'

09-01-2025T16:29:10 - [TEST_STEP][PASSED] - selectOptionByValue(findTestObject("Object Repository/Specific Cases Repository/LS/Inquiry Profile/Consents/Page_Informed Consent for Treatment/select_Outpatient                          _0508f1"), "Detoxification", true): All options with value 'Detoxification' are selected in object 'Object Repository/Specific Cases Repository/LS/Inquiry Profile/Consents/Page_Informed Consent for Treatment/select_Outpatient                          _0508f1'  using regular expression

09-01-2025T16:29:11 - [MESSAGE][PASSED] - All options with value 'Detoxification' are selected in object 'Object Repository/Specific Cases Repository/LS/Inquiry Profile/Consents/Page_Informed Consent for Treatment/select_Outpatient                          _0508f1'  using regular expression

09-01-2025T16:29:11 - [TEST_STEP][PASSED] - click(findTestObject("Object Repository/Specific Cases Repository/LS/Inquiry Profile/Consents/Page_Informed Consent for Treatment/canvas_Sign with TopazReset_jSignature")): Object: 'Object Repository/Specific Cases Repository/LS/Inquiry Profile/Consents/Page_Informed Consent for Treatment/canvas_Sign with TopazReset_jSignature' is clicked on

09-01-2025T16:29:13 - [MESSAGE][PASSED] - Object: 'Object Repository/Specific Cases Repository/LS/Inquiry Profile/Consents/Page_Informed Consent for Treatment/canvas_Sign with TopazReset_jSignature' is clicked on

09-01-2025T16:29:13 - [TEST_STEP][PASSED] - click(findTestObject("Object Repository/Specific Cases Repository/LS/Inquiry Profile/Consents/Page_Informed Consent for Treatment/canvas_Sign with TopazReset_jSignature")): Object: 'Object Repository/Specific Cases Repository/LS/Inquiry Profile/Consents/Page_Informed Consent for Treatment/canvas_Sign with TopazReset_jSignature' is clicked on

09-01-2025T16:29:13 - [MESSAGE][PASSED] - Object: 'Object Repository/Specific Cases Repository/LS/Inquiry Profile/Consents/Page_Informed Consent for Treatment/canvas_Sign with TopazReset_jSignature' is clicked on

09-01-2025T16:29:13 - [TEST_STEP][PASSED] - click(findTestObject("Object Repository/Specific Cases Repository/LS/Inquiry Profile/Consents/Page_Informed Consent for Treatment/canvas_Sign with TopazReset_jSignature")): Object: 'Object Repository/Specific Cases Repository/LS/Inquiry Profile/Consents/Page_Informed Consent for Treatment/canvas_Sign with TopazReset_jSignature' is clicked on

09-01-2025T16:29:13 - [MESSAGE][PASSED] - Object: 'Object Repository/Specific Cases Repository/LS/Inquiry Profile/Consents/Page_Informed Consent for Treatment/canvas_Sign with TopazReset_jSignature' is clicked on

09-01-2025T16:29:13 - [TEST_STEP][PASSED] - click(findTestObject("Object Repository/Specific Cases Repository/LS/Inquiry Profile/Consents/Page_Informed Consent for Treatment/span_Sign and Lock_check")): Object: 'Object Repository/Specific Cases Repository/LS/Inquiry Profile/Consents/Page_Informed Consent for Treatment/span_Sign and Lock_check' is clicked on

09-01-2025T16:29:14 - [MESSAGE][PASSED] - Object: 'Object Repository/Specific Cases Repository/LS/Inquiry Profile/Consents/Page_Informed Consent for Treatment/span_Sign and Lock_check' is clicked on

09-01-2025T16:29:14 - [TEST_STEP][PASSED] - click(findTestObject("Object Repository/Specific Cases Repository/LS/Inquiry Profile/Consents/Page_Informed Consent for Treatment/button_Save")): Object: 'Object Repository/Specific Cases Repository/LS/Inquiry Profile/Consents/Page_Informed Consent for Treatment/button_Save' is clicked on

09-01-2025T16:29:27 - [MESSAGE][PASSED] - Object: 'Object Repository/Specific Cases Repository/LS/Inquiry Profile/Consents/Page_Informed Consent for Treatment/button_Save' is clicked on

09-01-2025T16:29:27 - [TEST_STEP][PASSED] - click(findTestObject("Object Repository/Specific Cases Repository/LS/Inquiry Profile/Consents/Page_Inquiry Profile/a_Consents")): Object: 'Object Repository/Specific Cases Repository/LS/Inquiry Profile/Consents/Page_Inquiry Profile/a_Consents' is clicked on

09-01-2025T16:29:28 - [MESSAGE][PASSED] - Object: 'Object Repository/Specific Cases Repository/LS/Inquiry Profile/Consents/Page_Inquiry Profile/a_Consents' is clicked on

09-01-2025T16:29:28 - [TEST_STEP][PASSED] - verifyElementText(findTestObject("Object Repository/Specific Cases Repository/LS/Inquiry Profile/Consents/Page_Inquiry Profile/td_Consent for Treatment"), "Consent for Treatment"): Actual text and expected text of test object 'Object Repository/Specific Cases Repository/LS/Inquiry Profile/Consents/Page_Inquiry Profile/td_Consent for Treatment' are matched.

09-01-2025T16:29:28 - [MESSAGE][PASSED] - Actual text and expected text of test object 'Object Repository/Specific Cases Repository/LS/Inquiry Profile/Consents/Page_Inquiry Profile/td_Consent for Treatment' are matched.

09-01-2025T16:29:28 - [TEST_STEP][PASSED] - verifyElementText(findTestObject("Object Repository/Specific Cases Repository/LS/Inquiry Profile/Consents/Page_Inquiry Profile/td_Signed"), "Signed"): Actual text and expected text of test object 'Object Repository/Specific Cases Repository/LS/Inquiry Profile/Consents/Page_Inquiry Profile/td_Signed' are matched.

09-01-2025T16:29:28 - [MESSAGE][PASSED] - Actual text and expected text of test object 'Object Repository/Specific Cases Repository/LS/Inquiry Profile/Consents/Page_Inquiry Profile/td_Signed' are matched.

09-01-2025T16:29:28 - [TEST_STEP][PASSED] - click(findTestObject("Object Repository/Specific Cases Repository/LS/Inquiry Profile/Consents/Page_Inquiry Profile/a_Signed_btn btn-primary btn-raised btn-sm")): Object: 'Object Repository/Specific Cases Repository/LS/Inquiry Profile/Consents/Page_Inquiry Profile/a_Signed_btn btn-primary btn-raised btn-sm' is clicked on

09-01-2025T16:29:32 - [MESSAGE][PASSED] - Object: 'Object Repository/Specific Cases Repository/LS/Inquiry Profile/Consents/Page_Inquiry Profile/a_Signed_btn btn-primary btn-raised btn-sm' is clicked on

09-01-2025T16:29:32 - [TEST_STEP][PASSED] - click(findTestObject("Object Repository/Specific Cases Repository/LS/Inquiry Profile/Consents/Page_Informed Consent for Treatment/input_Entered in Error_iseie")): Object: 'Object Repository/Specific Cases Repository/LS/Inquiry Profile/Consents/Page_Informed Consent for Treatment/input_Entered in Error_iseie' is clicked on

09-01-2025T16:29:34 - [MESSAGE][PASSED] - Object: 'Object Repository/Specific Cases Repository/LS/Inquiry Profile/Consents/Page_Informed Consent for Treatment/input_Entered in Error_iseie' is clicked on

09-01-2025T16:29:34 - [TEST_STEP][PASSED] - setText(findTestObject("Object Repository/Specific Cases Repository/LS/Inquiry Profile/Consents/Page_Informed Consent for Treatment/input_Reason_eiereason"), "automation"): Text 'automation' is set on object 'Object Repository/Specific Cases Repository/LS/Inquiry Profile/Consents/Page_Informed Consent for Treatment/input_Reason_eiereason'

09-01-2025T16:29:34 - [MESSAGE][PASSED] - Text 'automation' is set on object 'Object Repository/Specific Cases Repository/LS/Inquiry Profile/Consents/Page_Informed Consent for Treatment/input_Reason_eiereason'

09-01-2025T16:29:34 - [TEST_STEP][PASSED] - click(findTestObject("Object Repository/Specific Cases Repository/LS/Inquiry Profile/Consents/Page_Informed Consent for Treatment/button_Mark as Error")): Object: 'Object Repository/Specific Cases Repository/LS/Inquiry Profile/Consents/Page_Informed Consent for Treatment/button_Mark as Error' is clicked on

09-01-2025T16:29:35 - [MESSAGE][PASSED] - Object: 'Object Repository/Specific Cases Repository/LS/Inquiry Profile/Consents/Page_Informed Consent for Treatment/button_Mark as Error' is clicked on

09-01-2025T16:29:35 - [TEST_STEP][PASSED] - closeBrowser(): Browser is closed

09-01-2025T16:29:35 - [MESSAGE][PASSED] - Browser is closed]]></system-out>
         <system-err><![CDATA[]]></system-err>
      </testcase>
      <testcase name="Test Cases/Specific Cases/LS/Inquiry Profile/Contacts" time="121.236" classname="Test Cases/Specific Cases/LS/Inquiry Profile/Contacts" status="FAILED">
         <failure type="FAILED" message="Test Cases/Specific Cases/LS/Inquiry Profile/Contacts FAILED.&#xa;Reason:&#xa;com.kms.katalon.core.exception.StepFailedException: Unable to click on object 'Object Repository/Specific Cases Repository/LS/Inquiry Profile/Contacts/Page_Inquiry Profile/a_Contacts'&#xa;	at com.kms.katalon.core.webui.keyword.internal.WebUIKeywordMain.stepFailed(WebUIKeywordMain.groovy:117)&#xa;	at com.kms.katalon.core.webui.keyword.internal.WebUIKeywordMain.runKeyword(WebUIKeywordMain.groovy:43)&#xa;	at com.kms.katalon.core.webui.keyword.builtin.ClickKeyword.click(ClickKeyword.groovy:74)&#xa;	at com.kms.katalon.core.webui.keyword.builtin.ClickKeyword.execute(ClickKeyword.groovy:40)&#xa;	at com.kms.katalon.core.keyword.internal.KeywordExecutor.executeKeywordForPlatform(KeywordExecutor.groovy:74)&#xa;	at com.kms.katalon.core.webui.keyword.WebUiBuiltInKeywords.click(WebUiBuiltInKeywords.groovy:659)&#xa;	at Contacts.run(Contacts:28)&#xa;	at com.kms.katalon.core.main.ScriptEngine.run(ScriptEngine.java:194)&#xa;	at com.kms.katalon.core.main.ScriptEngine.runScriptAsRawText(ScriptEngine.java:119)&#xa;	at com.kms.katalon.core.main.TestCaseExecutor.runScript(TestCaseExecutor.java:448)&#xa;	at com.kms.katalon.core.main.TestCaseExecutor.doExecute(TestCaseExecutor.java:439)&#xa;	at com.kms.katalon.core.main.TestCaseExecutor.processExecutionPhase(TestCaseExecutor.java:418)&#xa;	at com.kms.katalon.core.main.TestCaseExecutor.accessMainPhase(TestCaseExecutor.java:410)&#xa;	at com.kms.katalon.core.main.TestCaseExecutor.execute(TestCaseExecutor.java:285)&#xa;	at com.kms.katalon.core.common.CommonExecutor.accessTestCaseMainPhase(CommonExecutor.java:65)&#xa;	at com.kms.katalon.core.main.TestSuiteExecutor.accessTestSuiteMainPhase(TestSuiteExecutor.java:150)&#xa;	at com.kms.katalon.core.main.TestSuiteExecutor.execute(TestSuiteExecutor.java:106)&#xa;	at com.kms.katalon.core.main.TestCaseMain.startTestSuite(TestCaseMain.java:180)&#xa;	at TempTestSuite1736457681392.run(TempTestSuite1736457681392.groovy:35)&#xa;	at java.base/jdk.internal.reflect.NativeMethodAccessorImpl.invoke0(Native Method)&#xa;	at java.base/jdk.internal.reflect.NativeMethodAccessorImpl.invoke(NativeMethodAccessorImpl.java:77)&#xa;	at java.base/jdk.internal.reflect.DelegatingMethodAccessorImpl.invoke(DelegatingMethodAccessorImpl.java:43)&#xa;Caused by: com.kms.katalon.core.webui.exception.WebElementNotFoundException: Web element with id: 'Object Repository/Specific Cases Repository/LS/Inquiry Profile/Contacts/Page_Inquiry Profile/a_Contacts' located by '//div[@id='contacts']/div/a' not found&#xa;	at com.kms.katalon.core.webui.common.WebUiCommonHelper.findWebElement(WebUiCommonHelper.java:1423)&#xa;	at com.kms.katalon.core.webui.keyword.internal.WebUIAbstractKeyword.findWebElement(WebUIAbstractKeyword.groovy:27)&#xa;	at com.kms.katalon.core.webui.keyword.builtin.ClickKeyword$_click_closure1.doCall(ClickKeyword.groovy:65)&#xa;	at com.kms.katalon.core.webui.keyword.builtin.ClickKeyword$_click_closure1.call(ClickKeyword.groovy)&#xa;	at com.kms.katalon.core.webui.keyword.internal.WebUIKeywordMain.runKeyword(WebUIKeywordMain.groovy:35)&#xa;	... 20 more&#xa;"/>
         <system-out><![CDATA[09-01-2025T16:29:35 - [TEST_CASE][FAILED] - Test Cases/Specific Cases/LS/Inquiry Profile/Contacts: Test Cases/Specific Cases/LS/Inquiry Profile/Contacts FAILED.
Reason:
com.kms.katalon.core.exception.StepFailedException: Unable to click on object 'Object Repository/Specific Cases Repository/LS/Inquiry Profile/Contacts/Page_Inquiry Profile/a_Contacts'
	at com.kms.katalon.core.webui.keyword.internal.WebUIKeywordMain.stepFailed(WebUIKeywordMain.groovy:117)
	at com.kms.katalon.core.webui.keyword.internal.WebUIKeywordMain.runKeyword(WebUIKeywordMain.groovy:43)
	at com.kms.katalon.core.webui.keyword.builtin.ClickKeyword.click(ClickKeyword.groovy:74)
	at com.kms.katalon.core.webui.keyword.builtin.ClickKeyword.execute(ClickKeyword.groovy:40)
	at com.kms.katalon.core.keyword.internal.KeywordExecutor.executeKeywordForPlatform(KeywordExecutor.groovy:74)
	at com.kms.katalon.core.webui.keyword.WebUiBuiltInKeywords.click(WebUiBuiltInKeywords.groovy:659)
	at Contacts.run(Contacts:28)
	at com.kms.katalon.core.main.ScriptEngine.run(ScriptEngine.java:194)
	at com.kms.katalon.core.main.ScriptEngine.runScriptAsRawText(ScriptEngine.java:119)
	at com.kms.katalon.core.main.TestCaseExecutor.runScript(TestCaseExecutor.java:448)
	at com.kms.katalon.core.main.TestCaseExecutor.doExecute(TestCaseExecutor.java:439)
	at com.kms.katalon.core.main.TestCaseExecutor.processExecutionPhase(TestCaseExecutor.java:418)
	at com.kms.katalon.core.main.TestCaseExecutor.accessMainPhase(TestCaseExecutor.java:410)
	at com.kms.katalon.core.main.TestCaseExecutor.execute(TestCaseExecutor.java:285)
	at com.kms.katalon.core.common.CommonExecutor.accessTestCaseMainPhase(CommonExecutor.java:65)
	at com.kms.katalon.core.main.TestSuiteExecutor.accessTestSuiteMainPhase(TestSuiteExecutor.java:150)
	at com.kms.katalon.core.main.TestSuiteExecutor.execute(TestSuiteExecutor.java:106)
	at com.kms.katalon.core.main.TestCaseMain.startTestSuite(TestCaseMain.java:180)
	at TempTestSuite1736457681392.run(TempTestSuite1736457681392.groovy:35)
	at java.base/jdk.internal.reflect.NativeMethodAccessorImpl.invoke0(Native Method)
	at java.base/jdk.internal.reflect.NativeMethodAccessorImpl.invoke(NativeMethodAccessorImpl.java:77)
	at java.base/jdk.internal.reflect.DelegatingMethodAccessorImpl.invoke(DelegatingMethodAccessorImpl.java:43)
Caused by: com.kms.katalon.core.webui.exception.WebElementNotFoundException: Web element with id: 'Object Repository/Specific Cases Repository/LS/Inquiry Profile/Contacts/Page_Inquiry Profile/a_Contacts' located by '//div[@id='contacts']/div/a' not found
	at com.kms.katalon.core.webui.common.WebUiCommonHelper.findWebElement(WebUiCommonHelper.java:1423)
	at com.kms.katalon.core.webui.keyword.internal.WebUIAbstractKeyword.findWebElement(WebUIAbstractKeyword.groovy:27)
	at com.kms.katalon.core.webui.keyword.builtin.ClickKeyword$_click_closure1.doCall(ClickKeyword.groovy:65)
	at com.kms.katalon.core.webui.keyword.builtin.ClickKeyword$_click_closure1.call(ClickKeyword.groovy)
	at com.kms.katalon.core.webui.keyword.internal.WebUIKeywordMain.runKeyword(WebUIKeywordMain.groovy:35)
	... 20 more


09-01-2025T16:29:35 - [TEST_STEP][PASSED] - callTestCase(findTestCase("Common Cases/Login"), [:], STOP_ON_FAILURE): Call Test Case 'Test Cases/Common Cases/Login' successfully

09-01-2025T16:29:35 - [TEST_CASE][PASSED] - Test Cases/Common Cases/Login: Test Cases/Common Cases/Login

09-01-2025T16:29:35 - [TEST_STEP][PASSED] - openBrowser(""): Browser is opened with url: ''

09-01-2025T16:29:35 - [MESSAGE][INFO] - Starting 'Chrome' driver

09-01-2025T16:29:35 - [MESSAGE][INFO] - Action delay is set to 0 milliseconds

09-01-2025T16:29:36 - [MESSAGE][PASSED] - Browser is opened with url: ''

09-01-2025T16:29:36 - [TEST_STEP][PASSED] - maximizeWindow(): Current window maximized

09-01-2025T16:29:36 - [MESSAGE][PASSED] - Current window maximized

09-01-2025T16:29:36 - [TEST_STEP][PASSED] - navigateToUrl("https://site17.lsapp.cloud/auth/login"): Navigate to 'https://site17.lsapp.cloud/auth/login' successfully

09-01-2025T16:29:41 - [MESSAGE][PASSED] - Navigate to 'https://site17.lsapp.cloud/auth/login' successfully

09-01-2025T16:29:41 - [TEST_STEP][PASSED] - setText(findTestObject("Object Repository/Common Cases Repository/Login/Page_Lightning Step/input_Email_email"), "automation@lightningstep.com"): Text 'automation@lightningstep.com' is set on object 'Object Repository/Common Cases Repository/Login/Page_Lightning Step/input_Email_email'

09-01-2025T16:29:42 - [MESSAGE][PASSED] - Text 'automation@lightningstep.com' is set on object 'Object Repository/Common Cases Repository/Login/Page_Lightning Step/input_Email_email'

09-01-2025T16:29:42 - [TEST_STEP][PASSED] - setEncryptedText(findTestObject("Object Repository/Common Cases Repository/Login/Page_Lightning Step/input_Password_password"), "e5N8VHmnhJDITtQaQhDQDw=="): Text ****** has been set on object 'Object Repository/Common Cases Repository/Login/Page_Lightning Step/input_Password_password'

09-01-2025T16:29:42 - [MESSAGE][PASSED] - Text ****** has been set on object 'Object Repository/Common Cases Repository/Login/Page_Lightning Step/input_Password_password'

09-01-2025T16:29:42 - [TEST_STEP][PASSED] - click(findTestObject("Object Repository/Common Cases Repository/Login/Page_Lightning Step/button_Sign in")): Object: 'Object Repository/Common Cases Repository/Login/Page_Lightning Step/button_Sign in' is clicked on

09-01-2025T16:29:48 - [MESSAGE][PASSED] - Object: 'Object Repository/Common Cases Repository/Login/Page_Lightning Step/button_Sign in' is clicked on

09-01-2025T16:29:48 - [MESSAGE][PASSED] - Call Test Case 'Test Cases/Common Cases/Login' successfully

09-01-2025T16:29:48 - [TEST_STEP][PASSED] - click(findTestObject("Object Repository/Specific Cases Repository/LS/Inquiry Profile/Contacts/Page_Home/a_Census")): Object: 'Object Repository/Specific Cases Repository/LS/Inquiry Profile/Contacts/Page_Home/a_Census' is clicked on

09-01-2025T16:29:51 - [MESSAGE][PASSED] - Object: 'Object Repository/Specific Cases Repository/LS/Inquiry Profile/Contacts/Page_Home/a_Census' is clicked on

09-01-2025T16:29:51 - [TEST_STEP][PASSED] - click(findTestObject("Object Repository/Specific Cases Repository/LS/Inquiry Profile/Contacts/Page_Home/a_B Automation, B Client")): Object: 'Object Repository/Specific Cases Repository/LS/Inquiry Profile/Contacts/Page_Home/a_B Automation, B Client' is clicked on

09-01-2025T16:30:23 - [MESSAGE][INFO] - Unable to find the element located by 'By.xpath: //a[normalize-space()='B Automation, B Client']'. Please recheck the objects properties to make sure the desired element is located. 

09-01-2025T16:30:23 - [MESSAGE][WARNING] - [SELF-HEALING] Failed to find element with id 'Object Repository/Specific Cases Repository/LS/Inquiry Profile/Contacts/Page_Home/a_B Automation, B Client'. Try using Self-healing.

09-01-2025T16:30:23 - [MESSAGE][INFO] - [SELF-HEALING] Failed Locator: '//table[@id='tblclients']/tbody/tr[3]/td/a'.

09-01-2025T16:30:23 - [MESSAGE][INFO] - [SELF-HEALING] Failed Locator: '//a[contains(text(),'B Automation, B Client')]'.

09-01-2025T16:30:23 - [MESSAGE][INFO] - [SELF-HEALING] Working Locator: '(.//*[normalize-space(text()) and normalize-space(.)='Magellan'])[1]/following::a[2]'.

09-01-2025T16:30:24 - [MESSAGE][INFO] - [SELF-HEALING] Screenshot: C:/Users/Enrique/git/AUTOMATION_LS/Reports/Self-healing/Object Repository/Specific Cases Repository/LS/Inquiry Profile/Contacts/Page_Home/a_B Automation, B Client_neighbor.png

09-01-2025T16:30:24 - [MESSAGE][WARNING] - [SELF-HEALING] The current locator of test object 'Object Repository/Specific Cases Repository/LS/Inquiry Profile/Contacts/Page_Home/a_B Automation, B Client' was broken. Propose an alternative one: '(.//*[normalize-space(text()) and normalize-space(.)='Magellan'])[1]/following::a[2]'.

09-01-2025T16:30:24 - [MESSAGE][PASSED] - Object: 'Object Repository/Specific Cases Repository/LS/Inquiry Profile/Contacts/Page_Home/a_B Automation, B Client' is clicked on

09-01-2025T16:30:24 - [TEST_STEP][PASSED] - click(findTestObject("Object Repository/Specific Cases Repository/LS/Inquiry Profile/Contacts/Page_Client Profile/a_person                    Inquiry Profile")): Object: 'Object Repository/Specific Cases Repository/LS/Inquiry Profile/Contacts/Page_Client Profile/a_person                    Inquiry Profile' is clicked on

09-01-2025T16:30:55 - [MESSAGE][INFO] - Unable to find the element located by 'By.xpath: //div[@id='clientProfileMenu']/div[3]/a'. Please recheck the objects properties to make sure the desired element is located. 

09-01-2025T16:30:55 - [MESSAGE][WARNING] - [SELF-HEALING] Failed to find element with id 'Object Repository/Specific Cases Repository/LS/Inquiry Profile/Contacts/Page_Client Profile/a_person                    Inquiry Profile'. Try using Self-healing.

09-01-2025T16:30:55 - [MESSAGE][INFO] - [SELF-HEALING] Failed Locator: '//div[@id='clientProfileMenu']/div[3]/a'.

09-01-2025T16:30:55 - [MESSAGE][INFO] - [SELF-HEALING] Failed Locator: '(.//*[normalize-space(text()) and normalize-space(.)='Account Profile'])[2]/following::a[1]'.

09-01-2025T16:30:56 - [MESSAGE][INFO] - [SELF-HEALING] Failed Locator: '(.//*[normalize-space(text()) and normalize-space(.)='attach_money'])[1]/following::a[1]'.

09-01-2025T16:30:56 - [MESSAGE][INFO] - [SELF-HEALING] Failed Locator: '//a[contains(@href, 'https://site17.lsapp.cloud/inquiry/show/1673')]'.

09-01-2025T16:30:56 - [MESSAGE][INFO] - [SELF-HEALING] Working Locator: '//div[3]/a'.

09-01-2025T16:30:56 - [MESSAGE][INFO] - [SELF-HEALING] Screenshot: C:/Users/Enrique/git/AUTOMATION_LS/Reports/Self-healing/Object Repository/Specific Cases Repository/LS/Inquiry Profile/Contacts/Page_Client Profile/a_person                    Inquiry Profile_position.png

09-01-2025T16:30:56 - [MESSAGE][WARNING] - [SELF-HEALING] The current locator of test object 'Object Repository/Specific Cases Repository/LS/Inquiry Profile/Contacts/Page_Client Profile/a_person                    Inquiry Profile' was broken. Propose an alternative one: '//div[3]/a'.

09-01-2025T16:30:59 - [MESSAGE][PASSED] - Object: 'Object Repository/Specific Cases Repository/LS/Inquiry Profile/Contacts/Page_Client Profile/a_person                    Inquiry Profile' is clicked on

09-01-2025T16:30:59 - [TEST_STEP][FAILED] - click(findTestObject("Object Repository/Specific Cases Repository/LS/Inquiry Profile/Contacts/Page_Inquiry Profile/a_Contacts")): Unable to click on object 'Object Repository/Specific Cases Repository/LS/Inquiry Profile/Contacts/Page_Inquiry Profile/a_Contacts' (Root cause: com.kms.katalon.core.exception.StepFailedException: Unable to click on object 'Object Repository/Specific Cases Repository/LS/Inquiry Profile/Contacts/Page_Inquiry Profile/a_Contacts'
	at com.kms.katalon.core.webui.keyword.internal.WebUIKeywordMain.stepFailed(WebUIKeywordMain.groovy:117)
	at com.kms.katalon.core.webui.keyword.internal.WebUIKeywordMain.runKeyword(WebUIKeywordMain.groovy:43)
	at com.kms.katalon.core.webui.keyword.builtin.ClickKeyword.click(ClickKeyword.groovy:74)
	at com.kms.katalon.core.webui.keyword.builtin.ClickKeyword.execute(ClickKeyword.groovy:40)
	at com.kms.katalon.core.keyword.internal.KeywordExecutor.executeKeywordForPlatform(KeywordExecutor.groovy:74)
	at com.kms.katalon.core.webui.keyword.WebUiBuiltInKeywords.click(WebUiBuiltInKeywords.groovy:659)
	at Contacts.run(Contacts:28)
	at com.kms.katalon.core.main.ScriptEngine.run(ScriptEngine.java:194)
	at com.kms.katalon.core.main.ScriptEngine.runScriptAsRawText(ScriptEngine.java:119)
	at com.kms.katalon.core.main.TestCaseExecutor.runScript(TestCaseExecutor.java:448)
	at com.kms.katalon.core.main.TestCaseExecutor.doExecute(TestCaseExecutor.java:439)
	at com.kms.katalon.core.main.TestCaseExecutor.processExecutionPhase(TestCaseExecutor.java:418)
	at com.kms.katalon.core.main.TestCaseExecutor.accessMainPhase(TestCaseExecutor.java:410)
	at com.kms.katalon.core.main.TestCaseExecutor.execute(TestCaseExecutor.java:285)
	at com.kms.katalon.core.common.CommonExecutor.accessTestCaseMainPhase(CommonExecutor.java:65)
	at com.kms.katalon.core.main.TestSuiteExecutor.accessTestSuiteMainPhase(TestSuiteExecutor.java:150)
	at com.kms.katalon.core.main.TestSuiteExecutor.execute(TestSuiteExecutor.java:106)
	at com.kms.katalon.core.main.TestCaseMain.startTestSuite(TestCaseMain.java:180)
	at TempTestSuite1736457681392.run(TempTestSuite1736457681392.groovy:35)
	at java.base/jdk.internal.reflect.NativeMethodAccessorImpl.invoke0(Native Method)
	at java.base/jdk.internal.reflect.NativeMethodAccessorImpl.invoke(NativeMethodAccessorImpl.java:77)
	at java.base/jdk.internal.reflect.DelegatingMethodAccessorImpl.invoke(DelegatingMethodAccessorImpl.java:43)
Caused by: com.kms.katalon.core.webui.exception.WebElementNotFoundException: Web element with id: 'Object Repository/Specific Cases Repository/LS/Inquiry Profile/Contacts/Page_Inquiry Profile/a_Contacts' located by '//div[@id='contacts']/div/a' not found
	at com.kms.katalon.core.webui.common.WebUiCommonHelper.findWebElement(WebUiCommonHelper.java:1423)
	at com.kms.katalon.core.webui.keyword.internal.WebUIAbstractKeyword.findWebElement(WebUIAbstractKeyword.groovy:27)
	at com.kms.katalon.core.webui.keyword.builtin.ClickKeyword$_click_closure1.doCall(ClickKeyword.groovy:65)
	at com.kms.katalon.core.webui.keyword.builtin.ClickKeyword$_click_closure1.call(ClickKeyword.groovy)
	at com.kms.katalon.core.webui.keyword.internal.WebUIKeywordMain.runKeyword(WebUIKeywordMain.groovy:35)
	at com.kms.katalon.core.webui.keyword.builtin.ClickKeyword.click(ClickKeyword.groovy:74)
	at com.kms.katalon.core.webui.keyword.builtin.ClickKeyword.execute(ClickKeyword.groovy:40)
	at com.kms.katalon.core.keyword.internal.KeywordExecutor.executeKeywordForPlatform(KeywordExecutor.groovy:74)
	at com.kms.katalon.core.webui.keyword.WebUiBuiltInKeywords.click(WebUiBuiltInKeywords.groovy:659)
	at Script1731356426510.run(Script1731356426510.groovy:28)
	... 15 more
)

09-01-2025T16:31:30 - [MESSAGE][INFO] - Unable to find the element located by 'By.xpath: //div[@id='contacts']/div/a'. Please recheck the objects properties to make sure the desired element is located. 

09-01-2025T16:31:30 - [MESSAGE][WARNING] - [SELF-HEALING] Failed to find element with id 'Object Repository/Specific Cases Repository/LS/Inquiry Profile/Contacts/Page_Inquiry Profile/a_Contacts'. Try using Self-healing.

09-01-2025T16:31:30 - [MESSAGE][INFO] - [SELF-HEALING] Failed Locator: '//div[@id='contacts']/div/a'.

09-01-2025T16:31:31 - [MESSAGE][INFO] - [SELF-HEALING] Failed Locator: '//a[contains(text(),'Contacts')]'.

09-01-2025T16:31:31 - [MESSAGE][INFO] - [SELF-HEALING] Failed Locator: '(.//*[normalize-space(text()) and normalize-space(.)='Scheduling'])[1]/following::a[1]'.

09-01-2025T16:31:31 - [MESSAGE][INFO] - [SELF-HEALING] Failed Locator: '(.//*[normalize-space(text()) and normalize-space(.)='Financial'])[2]/following::a[2]'.

09-01-2025T16:31:31 - [MESSAGE][INFO] - [SELF-HEALING] Failed Locator: '(.//*[normalize-space(text()) and normalize-space(.)='Consents'])[1]/preceding::a[1]'.

09-01-2025T16:31:31 - [MESSAGE][INFO] - [SELF-HEALING] Failed Locator: '(.//*[normalize-space(text()) and normalize-space(.)='Scanned Documents'])[1]/preceding::a[2]'.

09-01-2025T16:31:32 - [MESSAGE][INFO] - [SELF-HEALING] Failed Locator: '//*/text()[normalize-space(.)='Contacts']/parent::*'.

09-01-2025T16:31:32 - [MESSAGE][INFO] - [SELF-HEALING] Failed Locator: '(//a[contains(@href, 'javascript:void(0);')])[6]'.

09-01-2025T16:31:32 - [MESSAGE][INFO] - [SELF-HEALING] Failed Locator: '//div[2]/div[6]/div/a'.

09-01-2025T16:31:32 - [MESSAGE][INFO] - [SELF-HEALING] Failed Locator: '//a[@href = 'javascript:void(0);' and (text() = 'Contacts' or . = 'Contacts')]'.

09-01-2025T16:31:35 - [MESSAGE][INFO] - Unable to find the element located by 'By.xpath: //*[@href = 'javascript:void(0);' and (text() = 'Contacts' or . = 'Contacts')]'. Please recheck the objects properties to make sure the desired element is located. 

09-01-2025T16:31:36 - [MESSAGE][INFO] - Unable to find the element located by 'By.cssSelector: #contacts > div.item-label > a'. Please recheck the objects properties to make sure the desired element is located. 

09-01-2025T16:31:36 - [MESSAGE][FAILED] - Unable to click on object 'Object Repository/Specific Cases Repository/LS/Inquiry Profile/Contacts/Page_Inquiry Profile/a_Contacts' (Root cause: com.kms.katalon.core.exception.StepFailedException: Unable to click on object 'Object Repository/Specific Cases Repository/LS/Inquiry Profile/Contacts/Page_Inquiry Profile/a_Contacts'
	at com.kms.katalon.core.webui.keyword.internal.WebUIKeywordMain.stepFailed(WebUIKeywordMain.groovy:117)
	at com.kms.katalon.core.webui.keyword.internal.WebUIKeywordMain.runKeyword(WebUIKeywordMain.groovy:43)
	at com.kms.katalon.core.webui.keyword.builtin.ClickKeyword.click(ClickKeyword.groovy:74)
	at com.kms.katalon.core.webui.keyword.builtin.ClickKeyword.execute(ClickKeyword.groovy:40)
	at com.kms.katalon.core.keyword.internal.KeywordExecutor.executeKeywordForPlatform(KeywordExecutor.groovy:74)
	at com.kms.katalon.core.webui.keyword.WebUiBuiltInKeywords.click(WebUiBuiltInKeywords.groovy:659)
	at Contacts.run(Contacts:28)
	at com.kms.katalon.core.main.ScriptEngine.run(ScriptEngine.java:194)
	at com.kms.katalon.core.main.ScriptEngine.runScriptAsRawText(ScriptEngine.java:119)
	at com.kms.katalon.core.main.TestCaseExecutor.runScript(TestCaseExecutor.java:448)
	at com.kms.katalon.core.main.TestCaseExecutor.doExecute(TestCaseExecutor.java:439)
	at com.kms.katalon.core.main.TestCaseExecutor.processExecutionPhase(TestCaseExecutor.java:418)
	at com.kms.katalon.core.main.TestCaseExecutor.accessMainPhase(TestCaseExecutor.java:410)
	at com.kms.katalon.core.main.TestCaseExecutor.execute(TestCaseExecutor.java:285)
	at com.kms.katalon.core.common.CommonExecutor.accessTestCaseMainPhase(CommonExecutor.java:65)
	at com.kms.katalon.core.main.TestSuiteExecutor.accessTestSuiteMainPhase(TestSuiteExecutor.java:150)
	at com.kms.katalon.core.main.TestSuiteExecutor.execute(TestSuiteExecutor.java:106)
	at com.kms.katalon.core.main.TestCaseMain.startTestSuite(TestCaseMain.java:180)
	at TempTestSuite1736457681392.run(TempTestSuite1736457681392.groovy:35)
	at java.base/jdk.internal.reflect.NativeMethodAccessorImpl.invoke0(Native Method)
	at java.base/jdk.internal.reflect.NativeMethodAccessorImpl.invoke(NativeMethodAccessorImpl.java:77)
	at java.base/jdk.internal.reflect.DelegatingMethodAccessorImpl.invoke(DelegatingMethodAccessorImpl.java:43)
Caused by: com.kms.katalon.core.webui.exception.WebElementNotFoundException: Web element with id: 'Object Repository/Specific Cases Repository/LS/Inquiry Profile/Contacts/Page_Inquiry Profile/a_Contacts' located by '//div[@id='contacts']/div/a' not found
	at com.kms.katalon.core.webui.common.WebUiCommonHelper.findWebElement(WebUiCommonHelper.java:1423)
	at com.kms.katalon.core.webui.keyword.internal.WebUIAbstractKeyword.findWebElement(WebUIAbstractKeyword.groovy:27)
	at com.kms.katalon.core.webui.keyword.builtin.ClickKeyword$_click_closure1.doCall(ClickKeyword.groovy:65)
	at com.kms.katalon.core.webui.keyword.builtin.ClickKeyword$_click_closure1.call(ClickKeyword.groovy)
	at com.kms.katalon.core.webui.keyword.internal.WebUIKeywordMain.runKeyword(WebUIKeywordMain.groovy:35)
	at com.kms.katalon.core.webui.keyword.builtin.ClickKeyword.click(ClickKeyword.groovy:74)
	at com.kms.katalon.core.webui.keyword.builtin.ClickKeyword.execute(ClickKeyword.groovy:40)
	at com.kms.katalon.core.keyword.internal.KeywordExecutor.executeKeywordForPlatform(KeywordExecutor.groovy:74)
	at com.kms.katalon.core.webui.keyword.WebUiBuiltInKeywords.click(WebUiBuiltInKeywords.groovy:659)
	at Script1731356426510.run(Script1731356426510.groovy:28)
	... 15 more
)
[[ATTACHMENT|C:\\Users\\Enrique\\git\\AUTOMATION_LS\\Reports\\20250109_162114\\LS\\Inquiry Profile\\Inquiry Profile\\20250109_162121\\1736458296457.png]]]]></system-out>
         <system-err><![CDATA[09-01-2025T16:29:35 - [TEST_CASE][FAILED] - Test Cases/Specific Cases/LS/Inquiry Profile/Contacts: Test Cases/Specific Cases/LS/Inquiry Profile/Contacts FAILED.
Reason:
com.kms.katalon.core.exception.StepFailedException: Unable to click on object 'Object Repository/Specific Cases Repository/LS/Inquiry Profile/Contacts/Page_Inquiry Profile/a_Contacts'
	at com.kms.katalon.core.webui.keyword.internal.WebUIKeywordMain.stepFailed(WebUIKeywordMain.groovy:117)
	at com.kms.katalon.core.webui.keyword.internal.WebUIKeywordMain.runKeyword(WebUIKeywordMain.groovy:43)
	at com.kms.katalon.core.webui.keyword.builtin.ClickKeyword.click(ClickKeyword.groovy:74)
	at com.kms.katalon.core.webui.keyword.builtin.ClickKeyword.execute(ClickKeyword.groovy:40)
	at com.kms.katalon.core.keyword.internal.KeywordExecutor.executeKeywordForPlatform(KeywordExecutor.groovy:74)
	at com.kms.katalon.core.webui.keyword.WebUiBuiltInKeywords.click(WebUiBuiltInKeywords.groovy:659)
	at Contacts.run(Contacts:28)
	at com.kms.katalon.core.main.ScriptEngine.run(ScriptEngine.java:194)
	at com.kms.katalon.core.main.ScriptEngine.runScriptAsRawText(ScriptEngine.java:119)
	at com.kms.katalon.core.main.TestCaseExecutor.runScript(TestCaseExecutor.java:448)
	at com.kms.katalon.core.main.TestCaseExecutor.doExecute(TestCaseExecutor.java:439)
	at com.kms.katalon.core.main.TestCaseExecutor.processExecutionPhase(TestCaseExecutor.java:418)
	at com.kms.katalon.core.main.TestCaseExecutor.accessMainPhase(TestCaseExecutor.java:410)
	at com.kms.katalon.core.main.TestCaseExecutor.execute(TestCaseExecutor.java:285)
	at com.kms.katalon.core.common.CommonExecutor.accessTestCaseMainPhase(CommonExecutor.java:65)
	at com.kms.katalon.core.main.TestSuiteExecutor.accessTestSuiteMainPhase(TestSuiteExecutor.java:150)
	at com.kms.katalon.core.main.TestSuiteExecutor.execute(TestSuiteExecutor.java:106)
	at com.kms.katalon.core.main.TestCaseMain.startTestSuite(TestCaseMain.java:180)
	at TempTestSuite1736457681392.run(TempTestSuite1736457681392.groovy:35)
	at java.base/jdk.internal.reflect.NativeMethodAccessorImpl.invoke0(Native Method)
	at java.base/jdk.internal.reflect.NativeMethodAccessorImpl.invoke(NativeMethodAccessorImpl.java:77)
	at java.base/jdk.internal.reflect.DelegatingMethodAccessorImpl.invoke(DelegatingMethodAccessorImpl.java:43)
Caused by: com.kms.katalon.core.webui.exception.WebElementNotFoundException: Web element with id: 'Object Repository/Specific Cases Repository/LS/Inquiry Profile/Contacts/Page_Inquiry Profile/a_Contacts' located by '//div[@id='contacts']/div/a' not found
	at com.kms.katalon.core.webui.common.WebUiCommonHelper.findWebElement(WebUiCommonHelper.java:1423)
	at com.kms.katalon.core.webui.keyword.internal.WebUIAbstractKeyword.findWebElement(WebUIAbstractKeyword.groovy:27)
	at com.kms.katalon.core.webui.keyword.builtin.ClickKeyword$_click_closure1.doCall(ClickKeyword.groovy:65)
	at com.kms.katalon.core.webui.keyword.builtin.ClickKeyword$_click_closure1.call(ClickKeyword.groovy)
	at com.kms.katalon.core.webui.keyword.internal.WebUIKeywordMain.runKeyword(WebUIKeywordMain.groovy:35)
	... 20 more]]></system-err>
      </testcase>
      <system-out><![CDATA[09-01-2025T16:21:46 - [TEST_SUITE][FAILED] - Inquiry Profile: Test Cases/Specific Cases/LS/Inquiry Profile/Inquiry Profile FAILED.
Reason:
com.kms.katalon.core.exception.StepFailedException: Verify element text of test object 'Object Repository/Specific Cases Repository/LS/Inquiry Profile/Inquiry Profile/Page_Inquiry Profile/div_A Client A Automation' FAILED.
	at com.kms.katalon.core.webui.keyword.internal.WebUIKeywordMain.stepFailed(WebUIKeywordMain.groovy:117)
	at com.kms.katalon.core.webui.keyword.internal.WebUIKeywordMain.runKeyword(WebUIKeywordMain.groovy:43)
	at com.kms.katalon.core.webui.keyword.builtin.VerifyElementTextKeyword.verifyElementText(VerifyElementTextKeyword.groovy:72)
	at com.kms.katalon.core.webui.keyword.builtin.VerifyElementTextKeyword.execute(VerifyElementTextKeyword.groovy:40)
	at com.kms.katalon.core.keyword.internal.KeywordExecutor.executeKeywordForPlatform(KeywordExecutor.groovy:74)
	at com.kms.katalon.core.webui.keyword.WebUiBuiltInKeywords.verifyElementText(WebUiBuiltInKeywords.groovy:4835)
	at Inquiry Profile.run(Inquiry Profile:28)
	at com.kms.katalon.core.main.ScriptEngine.run(ScriptEngine.java:194)
	at com.kms.katalon.core.main.ScriptEngine.runScriptAsRawText(ScriptEngine.java:119)
	at com.kms.katalon.core.main.TestCaseExecutor.runScript(TestCaseExecutor.java:448)
	at com.kms.katalon.core.main.TestCaseExecutor.doExecute(TestCaseExecutor.java:439)
	at com.kms.katalon.core.main.TestCaseExecutor.processExecutionPhase(TestCaseExecutor.java:418)
	at com.kms.katalon.core.main.TestCaseExecutor.accessMainPhase(TestCaseExecutor.java:410)
	at com.kms.katalon.core.main.TestCaseExecutor.execute(TestCaseExecutor.java:285)
	at com.kms.katalon.core.common.CommonExecutor.accessTestCaseMainPhase(CommonExecutor.java:65)
	at com.kms.katalon.core.main.TestSuiteExecutor.accessTestSuiteMainPhase(TestSuiteExecutor.java:150)
	at com.kms.katalon.core.main.TestSuiteExecutor.execute(TestSuiteExecutor.java:106)
	at com.kms.katalon.core.main.TestCaseMain.startTestSuite(TestCaseMain.java:180)
	at TempTestSuite1736457681392.run(TempTestSuite1736457681392.groovy:35)
	at java.base/jdk.internal.reflect.NativeMethodAccessorImpl.invoke0(Native Method)
	at java.base/jdk.internal.reflect.NativeMethodAccessorImpl.invoke(NativeMethodAccessorImpl.java:77)
	at java.base/jdk.internal.reflect.DelegatingMethodAccessorImpl.invoke(DelegatingMethodAccessorImpl.java:43)
Caused by: com.kms.katalon.core.exception.StepFailedException: Actual text 'C Client C Automation' and expected text 'A Client A Automation' of test object 'Object Repository/Specific Cases Repository/LS/Inquiry Profile/Inquiry Profile/Page_Inquiry Profile/div_A Client A Automation' are NOT matched.
	at com.kms.katalon.core.webui.keyword.internal.WebUIKeywordMain.stepFailed(WebUIKeywordMain.groovy:117)
	at com.kms.katalon.core.webui.keyword.builtin.VerifyElementTextKeyword$_verifyElementText_closure1.doCall(VerifyElementTextKeyword.groovy:57)
	at com.kms.katalon.core.webui.keyword.builtin.VerifyElementTextKeyword$_verifyElementText_closure1.call(VerifyElementTextKeyword.groovy)
	at com.kms.katalon.core.webui.keyword.internal.WebUIKeywordMain.runKeyword(WebUIKeywordMain.groovy:35)
	... 20 more]]></system-out>
      <system-err><![CDATA[09-01-2025T16:21:46 - [TEST_SUITE][FAILED] - Inquiry Profile: Test Cases/Specific Cases/LS/Inquiry Profile/Inquiry Profile FAILED.
Reason:
com.kms.katalon.core.exception.StepFailedException: Verify element text of test object 'Object Repository/Specific Cases Repository/LS/Inquiry Profile/Inquiry Profile/Page_Inquiry Profile/div_A Client A Automation' FAILED.
	at com.kms.katalon.core.webui.keyword.internal.WebUIKeywordMain.stepFailed(WebUIKeywordMain.groovy:117)
	at com.kms.katalon.core.webui.keyword.internal.WebUIKeywordMain.runKeyword(WebUIKeywordMain.groovy:43)
	at com.kms.katalon.core.webui.keyword.builtin.VerifyElementTextKeyword.verifyElementText(VerifyElementTextKeyword.groovy:72)
	at com.kms.katalon.core.webui.keyword.builtin.VerifyElementTextKeyword.execute(VerifyElementTextKeyword.groovy:40)
	at com.kms.katalon.core.keyword.internal.KeywordExecutor.executeKeywordForPlatform(KeywordExecutor.groovy:74)
	at com.kms.katalon.core.webui.keyword.WebUiBuiltInKeywords.verifyElementText(WebUiBuiltInKeywords.groovy:4835)
	at Inquiry Profile.run(Inquiry Profile:28)
	at com.kms.katalon.core.main.ScriptEngine.run(ScriptEngine.java:194)
	at com.kms.katalon.core.main.ScriptEngine.runScriptAsRawText(ScriptEngine.java:119)
	at com.kms.katalon.core.main.TestCaseExecutor.runScript(TestCaseExecutor.java:448)
	at com.kms.katalon.core.main.TestCaseExecutor.doExecute(TestCaseExecutor.java:439)
	at com.kms.katalon.core.main.TestCaseExecutor.processExecutionPhase(TestCaseExecutor.java:418)
	at com.kms.katalon.core.main.TestCaseExecutor.accessMainPhase(TestCaseExecutor.java:410)
	at com.kms.katalon.core.main.TestCaseExecutor.execute(TestCaseExecutor.java:285)
	at com.kms.katalon.core.common.CommonExecutor.accessTestCaseMainPhase(CommonExecutor.java:65)
	at com.kms.katalon.core.main.TestSuiteExecutor.accessTestSuiteMainPhase(TestSuiteExecutor.java:150)
	at com.kms.katalon.core.main.TestSuiteExecutor.execute(TestSuiteExecutor.java:106)
	at com.kms.katalon.core.main.TestCaseMain.startTestSuite(TestCaseMain.java:180)
	at TempTestSuite1736457681392.run(TempTestSuite1736457681392.groovy:35)
	at java.base/jdk.internal.reflect.NativeMethodAccessorImpl.invoke0(Native Method)
	at java.base/jdk.internal.reflect.NativeMethodAccessorImpl.invoke(NativeMethodAccessorImpl.java:77)
	at java.base/jdk.internal.reflect.DelegatingMethodAccessorImpl.invoke(DelegatingMethodAccessorImpl.java:43)
Caused by: com.kms.katalon.core.exception.StepFailedException: Actual text 'C Client C Automation' and expected text 'A Client A Automation' of test object 'Object Repository/Specific Cases Repository/LS/Inquiry Profile/Inquiry Profile/Page_Inquiry Profile/div_A Client A Automation' are NOT matched.
	at com.kms.katalon.core.webui.keyword.internal.WebUIKeywordMain.stepFailed(WebUIKeywordMain.groovy:117)
	at com.kms.katalon.core.webui.keyword.builtin.VerifyElementTextKeyword$_verifyElementText_closure1.doCall(VerifyElementTextKeyword.groovy:57)
	at com.kms.katalon.core.webui.keyword.builtin.VerifyElementTextKeyword$_verifyElementText_closure1.call(VerifyElementTextKeyword.groovy)
	at com.kms.katalon.core.webui.keyword.internal.WebUIKeywordMain.runKeyword(WebUIKeywordMain.groovy:35)
	... 20 more]]></system-err>
   </testsuite>
   <testsuite name="Client Profile" tests="15" failures="5" errors="0" time="2117.467" skipped="0" timestamp="09-01-2025T16:21:50" hostname="Enrique - Enrique" id="Test Suites/LS/Client Profile/Client Profile">
      <properties>
         <property name="deviceName" value=""/>
         <property name="devicePlatform"/>
         <property name="logFolder" value="C:\\Users\\Enrique\\git\\AUTOMATION_LS\\Reports\\20250109_162114\\LS\\Client Profile\\Client Profile\\20250109_162123"/>
         <property name="logFiles" value="C:\\Users\\Enrique\\git\\AUTOMATION_LS\\Reports\\20250109_162114\\LS\\Client Profile\\Client Profile\\20250109_162123\\execution0.log"/>
         <property name="attachments" value="C:\\Users\\Enrique\\git\\AUTOMATION_LS\\Reports\\20250109_162114\\LS\\Client Profile\\Client Profile\\20250109_162123\\1736458223478.png, C:\\Users\\Enrique\\git\\AUTOMATION_LS\\Reports\\20250109_162114\\LS\\Client Profile\\Client Profile\\20250109_162123\\1736458223747.png, C:\\Users\\Enrique\\git\\AUTOMATION_LS\\Reports\\20250109_162114\\LS\\Client Profile\\Client Profile\\20250109_162123\\1736458252122.png, C:\\Users\\Enrique\\git\\AUTOMATION_LS\\Reports\\20250109_162114\\LS\\Client Profile\\Client Profile\\20250109_162123\\1736458252244.png, C:\\Users\\Enrique\\git\\AUTOMATION_LS\\Reports\\20250109_162114\\LS\\Client Profile\\Client Profile\\20250109_162123\\1736458279171.png, C:\\Users\\Enrique\\git\\AUTOMATION_LS\\Reports\\20250109_162114\\LS\\Client Profile\\Client Profile\\20250109_162123\\1736458279304.png, C:\\Users\\Enrique\\git\\AUTOMATION_LS\\Reports\\20250109_162114\\LS\\Client Profile\\Client Profile\\20250109_162123\\1736458311603.png, C:\\Users\\Enrique\\git\\AUTOMATION_LS\\Reports\\20250109_162114\\LS\\Client Profile\\Client Profile\\20250109_162123\\1736458311825.png, C:\\Users\\Enrique\\git\\AUTOMATION_LS\\Reports\\20250109_162114\\LS\\Client Profile\\Client Profile\\20250109_162123\\1736458383707.png, C:\\Users\\Enrique\\git\\AUTOMATION_LS\\Reports\\20250109_162114\\LS\\Client Profile\\Client Profile\\20250109_162123\\1736458449753.png, C:\\Users\\Enrique\\git\\AUTOMATION_LS\\Reports\\20250109_162114\\LS\\Client Profile\\Client Profile\\20250109_162123\\1736458513068.png, C:\\Users\\Enrique\\git\\AUTOMATION_LS\\Reports\\20250109_162114\\LS\\Client Profile\\Client Profile\\20250109_162123\\1736458578258.png, C:\\Users\\Enrique\\git\\AUTOMATION_LS\\Reports\\20250109_162114\\LS\\Client Profile\\Client Profile\\20250109_162123\\1736458738110.png, C:\\Users\\Enrique\\git\\AUTOMATION_LS\\Reports\\20250109_162114\\LS\\Client Profile\\Client Profile\\20250109_162123\\1736458794293.png, C:\\Users\\Enrique\\git\\AUTOMATION_LS\\Reports\\20250109_162114\\LS\\Client Profile\\Client Profile\\20250109_162123\\1736458850466.png, C:\\Users\\Enrique\\git\\AUTOMATION_LS\\Reports\\20250109_162114\\LS\\Client Profile\\Client Profile\\20250109_162123\\1736458905973.png, C:\\Users\\Enrique\\git\\AUTOMATION_LS\\Reports\\20250109_162114\\LS\\Client Profile\\Client Profile\\20250109_162123\\1736458992459.png, C:\\Users\\Enrique\\git\\AUTOMATION_LS\\Reports\\20250109_162114\\LS\\Client Profile\\Client Profile\\20250109_162123\\1736458992711.png, C:\\Users\\Enrique\\git\\AUTOMATION_LS\\Reports\\20250109_162114\\LS\\Client Profile\\Client Profile\\20250109_162123\\1736459074180.png, C:\\Users\\Enrique\\git\\AUTOMATION_LS\\Reports\\20250109_162114\\LS\\Client Profile\\Client Profile\\20250109_162123\\1736459074333.png, C:\\Users\\Enrique\\git\\AUTOMATION_LS\\Reports\\20250109_162114\\LS\\Client Profile\\Client Profile\\20250109_162123\\1736459161301.png, C:\\Users\\Enrique\\git\\AUTOMATION_LS\\Reports\\20250109_162114\\LS\\Client Profile\\Client Profile\\20250109_162123\\1736459161468.png, C:\\Users\\Enrique\\git\\AUTOMATION_LS\\Reports\\20250109_162114\\LS\\Client Profile\\Client Profile\\20250109_162123\\1736459247577.png, C:\\Users\\Enrique\\git\\AUTOMATION_LS\\Reports\\20250109_162114\\LS\\Client Profile\\Client Profile\\20250109_162123\\1736459247742.png, C:\\Users\\Enrique\\git\\AUTOMATION_LS\\Reports\\20250109_162114\\LS\\Client Profile\\Client Profile\\20250109_162123\\1736459619646.png, C:\\Users\\Enrique\\git\\AUTOMATION_LS\\Reports\\20250109_162114\\LS\\Client Profile\\Client Profile\\20250109_162123\\1736459690783.png, C:\\Users\\Enrique\\git\\AUTOMATION_LS\\Reports\\20250109_162114\\LS\\Client Profile\\Client Profile\\20250109_162123\\1736459760123.png, C:\\Users\\Enrique\\git\\AUTOMATION_LS\\Reports\\20250109_162114\\LS\\Client Profile\\Client Profile\\20250109_162123\\1736459828003.png"/>
         <property name="hostName" value="Enrique - Enrique"/>
         <property name="os" value="Windows 11 64bit"/>
         <property name="katalonVersion" value="9.7.3.223"/>
         <property name="browser" value="Chrome 131.0.0.0"/>
         <property name="hostAddress" value="192.168.100.147"/>
         <property name="sessionId" value="bdcdd21c1f9e1c2c83f8946a7af7035e"/>
         <property name="seleniumVersion" value="3.141.59"/>
         <property name="proxyInformation" value="ProxyInformation { proxyOption=NO_PROXY, proxyServerType=HTTP, username=, password=********, proxyServerAddress=, proxyServerPort=0, executionList=&quot;&quot;, isApplyToDesiredCapabilities=true }"/>
         <property name="platform" value="Windows 11"/>
      </properties>
      <testcase name="Test Cases/Specific Cases/LS/Client Profile/Assessments" time="279.001" classname="Test Cases/Specific Cases/LS/Client Profile/Assessments" status="PASSED">
         <system-out><![CDATA[09-01-2025T16:21:52 - [TEST_CASE][PASSED] - Test Cases/Specific Cases/LS/Client Profile/Assessments: Test Cases/Specific Cases/LS/Client Profile/Assessments

09-01-2025T16:21:54 - [TEST_STEP][PASSED] - callTestCase(findTestCase("Common Cases/Login"), [:], STOP_ON_FAILURE): Call Test Case 'Test Cases/Common Cases/Login' successfully

09-01-2025T16:21:55 - [TEST_CASE][PASSED] - Test Cases/Common Cases/Login: Test Cases/Common Cases/Login

09-01-2025T16:21:55 - [TEST_STEP][PASSED] - openBrowser(""): Browser is opened with url: ''

09-01-2025T16:21:56 - [MESSAGE][INFO] - Starting 'Chrome' driver

09-01-2025T16:21:56 - [MESSAGE][INFO] - Action delay is set to 0 milliseconds

09-01-2025T16:22:04 - [MESSAGE][PASSED] - Browser is opened with url: ''

09-01-2025T16:22:04 - [TEST_STEP][PASSED] - maximizeWindow(): Current window maximized

09-01-2025T16:22:05 - [MESSAGE][PASSED] - Current window maximized

09-01-2025T16:22:05 - [TEST_STEP][PASSED] - navigateToUrl("https://site17.lsapp.cloud/auth/login"): Navigate to 'https://site17.lsapp.cloud/auth/login' successfully

09-01-2025T16:22:09 - [MESSAGE][PASSED] - Navigate to 'https://site17.lsapp.cloud/auth/login' successfully

09-01-2025T16:22:09 - [TEST_STEP][PASSED] - setText(findTestObject("Object Repository/Common Cases Repository/Login/Page_Lightning Step/input_Email_email"), "automation@lightningstep.com"): Text 'automation@lightningstep.com' is set on object 'Object Repository/Common Cases Repository/Login/Page_Lightning Step/input_Email_email'

09-01-2025T16:22:14 - [MESSAGE][PASSED] - Text 'automation@lightningstep.com' is set on object 'Object Repository/Common Cases Repository/Login/Page_Lightning Step/input_Email_email'

09-01-2025T16:22:14 - [TEST_STEP][PASSED] - setEncryptedText(findTestObject("Object Repository/Common Cases Repository/Login/Page_Lightning Step/input_Password_password"), "e5N8VHmnhJDITtQaQhDQDw=="): Text ****** has been set on object 'Object Repository/Common Cases Repository/Login/Page_Lightning Step/input_Password_password'

09-01-2025T16:22:16 - [MESSAGE][PASSED] - Text ****** has been set on object 'Object Repository/Common Cases Repository/Login/Page_Lightning Step/input_Password_password'

09-01-2025T16:22:16 - [TEST_STEP][PASSED] - click(findTestObject("Object Repository/Common Cases Repository/Login/Page_Lightning Step/button_Sign in")): Object: 'Object Repository/Common Cases Repository/Login/Page_Lightning Step/button_Sign in' is clicked on

09-01-2025T16:22:25 - [MESSAGE][PASSED] - Object: 'Object Repository/Common Cases Repository/Login/Page_Lightning Step/button_Sign in' is clicked on

09-01-2025T16:22:25 - [MESSAGE][PASSED] - Call Test Case 'Test Cases/Common Cases/Login' successfully

09-01-2025T16:22:25 - [TEST_STEP][PASSED] - navigateToUrl("https://site17.lsapp.cloud/client/index/1557?section=assessments"): Navigate to 'https://site17.lsapp.cloud/client/index/1557?section=assessments' successfully

09-01-2025T16:22:49 - [MESSAGE][PASSED] - Navigate to 'https://site17.lsapp.cloud/client/index/1557?section=assessments' successfully

09-01-2025T16:22:49 - [TEST_STEP][PASSED] - click(findTestObject("Object Repository/Specific Cases Repository/LS/Client Profile/Assessments/Page_Client Profile/li_Scored Assessments")): Object: 'Object Repository/Specific Cases Repository/LS/Client Profile/Assessments/Page_Client Profile/li_Scored Assessments' is clicked on

09-01-2025T16:22:50 - [MESSAGE][PASSED] - Object: 'Object Repository/Specific Cases Repository/LS/Client Profile/Assessments/Page_Client Profile/li_Scored Assessments' is clicked on

09-01-2025T16:22:50 - [TEST_STEP][PASSED] - click(findTestObject("Object Repository/Specific Cases Repository/LS/Client Profile/Assessments/Page_Client Profile/button_New assessment")): Object: 'Object Repository/Specific Cases Repository/LS/Client Profile/Assessments/Page_Client Profile/button_New assessment' is clicked on

09-01-2025T16:22:51 - [MESSAGE][PASSED] - Object: 'Object Repository/Specific Cases Repository/LS/Client Profile/Assessments/Page_Client Profile/button_New assessment' is clicked on

09-01-2025T16:22:51 - [TEST_STEP][PASSED] - click(findTestObject("Object Repository/Specific Cases Repository/LS/Client Profile/Assessments/Page_Client Profile/li_COWS Assessment")): Object: 'Object Repository/Specific Cases Repository/LS/Client Profile/Assessments/Page_Client Profile/li_COWS Assessment' is clicked on

09-01-2025T16:22:51 - [MESSAGE][PASSED] - Object: 'Object Repository/Specific Cases Repository/LS/Client Profile/Assessments/Page_Client Profile/li_COWS Assessment' is clicked on

09-01-2025T16:22:51 - [TEST_STEP][PASSED] - click(findTestObject("Object Repository/Specific Cases Repository/LS/Client Profile/Assessments/Page_Client Profile/a_Create                arrow_right_alt")): Object: 'Object Repository/Specific Cases Repository/LS/Client Profile/Assessments/Page_Client Profile/a_Create                arrow_right_alt' is clicked on

09-01-2025T16:23:00 - [MESSAGE][PASSED] - Object: 'Object Repository/Specific Cases Repository/LS/Client Profile/Assessments/Page_Client Profile/a_Create                arrow_right_alt' is clicked on

09-01-2025T16:23:00 - [TEST_STEP][PASSED] - verifyElementText(findTestObject("Object Repository/Specific Cases Repository/LS/Client Profile/Assessments/Page_COWS Assessment/h3_COWS Assessment"), "COWS Assessment"): Actual text and expected text of test object 'Object Repository/Specific Cases Repository/LS/Client Profile/Assessments/Page_COWS Assessment/h3_COWS Assessment' are matched.

09-01-2025T16:23:02 - [MESSAGE][PASSED] - Actual text and expected text of test object 'Object Repository/Specific Cases Repository/LS/Client Profile/Assessments/Page_COWS Assessment/h3_COWS Assessment' are matched.

09-01-2025T16:23:02 - [TEST_STEP][PASSED] - click(findTestObject("Object Repository/Specific Cases Repository/LS/Client Profile/Assessments/Page_COWS Assessment/input__radio-group-1639583873364_117")): Object: 'Object Repository/Specific Cases Repository/LS/Client Profile/Assessments/Page_COWS Assessment/input__radio-group-1639583873364_117' is clicked on

09-01-2025T16:23:02 - [MESSAGE][PASSED] - Object: 'Object Repository/Specific Cases Repository/LS/Client Profile/Assessments/Page_COWS Assessment/input__radio-group-1639583873364_117' is clicked on

09-01-2025T16:23:02 - [TEST_STEP][PASSED] - click(findTestObject("Object Repository/Specific Cases Repository/LS/Client Profile/Assessments/Page_COWS Assessment/input__radio-group-1639584030473_117")): Object: 'Object Repository/Specific Cases Repository/LS/Client Profile/Assessments/Page_COWS Assessment/input__radio-group-1639584030473_117' is clicked on

09-01-2025T16:23:04 - [MESSAGE][PASSED] - Object: 'Object Repository/Specific Cases Repository/LS/Client Profile/Assessments/Page_COWS Assessment/input__radio-group-1639584030473_117' is clicked on

09-01-2025T16:23:04 - [TEST_STEP][PASSED] - click(findTestObject("Object Repository/Specific Cases Repository/LS/Client Profile/Assessments/Page_COWS Assessment/input__radio-group-1639584415541_117")): Object: 'Object Repository/Specific Cases Repository/LS/Client Profile/Assessments/Page_COWS Assessment/input__radio-group-1639584415541_117' is clicked on

09-01-2025T16:23:05 - [MESSAGE][PASSED] - Object: 'Object Repository/Specific Cases Repository/LS/Client Profile/Assessments/Page_COWS Assessment/input__radio-group-1639584415541_117' is clicked on

09-01-2025T16:23:05 - [TEST_STEP][PASSED] - click(findTestObject("Object Repository/Specific Cases Repository/LS/Client Profile/Assessments/Page_COWS Assessment/input__radio-group-1639584533406_117")): Object: 'Object Repository/Specific Cases Repository/LS/Client Profile/Assessments/Page_COWS Assessment/input__radio-group-1639584533406_117' is clicked on

09-01-2025T16:23:06 - [MESSAGE][PASSED] - Object: 'Object Repository/Specific Cases Repository/LS/Client Profile/Assessments/Page_COWS Assessment/input__radio-group-1639584533406_117' is clicked on

09-01-2025T16:23:06 - [TEST_STEP][PASSED] - click(findTestObject("Object Repository/Specific Cases Repository/LS/Client Profile/Assessments/Page_COWS Assessment/input__radio-group-1639584833260_117")): Object: 'Object Repository/Specific Cases Repository/LS/Client Profile/Assessments/Page_COWS Assessment/input__radio-group-1639584833260_117' is clicked on

09-01-2025T16:23:08 - [MESSAGE][PASSED] - Object: 'Object Repository/Specific Cases Repository/LS/Client Profile/Assessments/Page_COWS Assessment/input__radio-group-1639584833260_117' is clicked on

09-01-2025T16:23:08 - [TEST_STEP][PASSED] - click(findTestObject("Object Repository/Specific Cases Repository/LS/Client Profile/Assessments/Page_COWS Assessment/input__radio-group-1639584964855_117")): Object: 'Object Repository/Specific Cases Repository/LS/Client Profile/Assessments/Page_COWS Assessment/input__radio-group-1639584964855_117' is clicked on

09-01-2025T16:23:10 - [MESSAGE][PASSED] - Object: 'Object Repository/Specific Cases Repository/LS/Client Profile/Assessments/Page_COWS Assessment/input__radio-group-1639584964855_117' is clicked on

09-01-2025T16:23:10 - [TEST_STEP][PASSED] - click(findTestObject("Object Repository/Specific Cases Repository/LS/Client Profile/Assessments/Page_COWS Assessment/input__radio-group-1639585133881_117")): Object: 'Object Repository/Specific Cases Repository/LS/Client Profile/Assessments/Page_COWS Assessment/input__radio-group-1639585133881_117' is clicked on

09-01-2025T16:23:12 - [MESSAGE][PASSED] - Object: 'Object Repository/Specific Cases Repository/LS/Client Profile/Assessments/Page_COWS Assessment/input__radio-group-1639585133881_117' is clicked on

09-01-2025T16:23:12 - [TEST_STEP][PASSED] - click(findTestObject("Object Repository/Specific Cases Repository/LS/Client Profile/Assessments/Page_COWS Assessment/input__radio-group-1639586467169_117")): Object: 'Object Repository/Specific Cases Repository/LS/Client Profile/Assessments/Page_COWS Assessment/input__radio-group-1639586467169_117' is clicked on

09-01-2025T16:23:13 - [MESSAGE][PASSED] - Object: 'Object Repository/Specific Cases Repository/LS/Client Profile/Assessments/Page_COWS Assessment/input__radio-group-1639586467169_117' is clicked on

09-01-2025T16:23:13 - [TEST_STEP][PASSED] - click(findTestObject("Object Repository/Specific Cases Repository/LS/Client Profile/Assessments/Page_COWS Assessment/input__radio-group-1639586565854_117")): Object: 'Object Repository/Specific Cases Repository/LS/Client Profile/Assessments/Page_COWS Assessment/input__radio-group-1639586565854_117' is clicked on

09-01-2025T16:23:15 - [MESSAGE][PASSED] - Object: 'Object Repository/Specific Cases Repository/LS/Client Profile/Assessments/Page_COWS Assessment/input__radio-group-1639586565854_117' is clicked on

09-01-2025T16:23:15 - [TEST_STEP][PASSED] - click(findTestObject("Object Repository/Specific Cases Repository/LS/Client Profile/Assessments/Page_COWS Assessment/input__radio-group-1639586621062_117")): Object: 'Object Repository/Specific Cases Repository/LS/Client Profile/Assessments/Page_COWS Assessment/input__radio-group-1639586621062_117' is clicked on

09-01-2025T16:23:16 - [MESSAGE][PASSED] - Object: 'Object Repository/Specific Cases Repository/LS/Client Profile/Assessments/Page_COWS Assessment/input__radio-group-1639586621062_117' is clicked on

09-01-2025T16:23:16 - [TEST_STEP][PASSED] - click(findTestObject("Object Repository/Specific Cases Repository/LS/Client Profile/Assessments/Page_COWS Assessment/input__radio-group-1639586686870_117")): Object: 'Object Repository/Specific Cases Repository/LS/Client Profile/Assessments/Page_COWS Assessment/input__radio-group-1639586686870_117' is clicked on

09-01-2025T16:23:18 - [MESSAGE][PASSED] - Object: 'Object Repository/Specific Cases Repository/LS/Client Profile/Assessments/Page_COWS Assessment/input__radio-group-1639586686870_117' is clicked on

09-01-2025T16:23:18 - [TEST_STEP][PASSED] - setText(findTestObject("Object Repository/Specific Cases Repository/LS/Client Profile/Assessments/Page_COWS Assessment/textarea_Additional Information_textarea-16_3128df"), "autmation test"): Text 'autmation test' is set on object 'Object Repository/Specific Cases Repository/LS/Client Profile/Assessments/Page_COWS Assessment/textarea_Additional Information_textarea-16_3128df'

09-01-2025T16:23:21 - [MESSAGE][PASSED] - Text 'autmation test' is set on object 'Object Repository/Specific Cases Repository/LS/Client Profile/Assessments/Page_COWS Assessment/textarea_Additional Information_textarea-16_3128df'

09-01-2025T16:23:21 - [TEST_STEP][PASSED] - verifyElementText(findTestObject("Object Repository/Specific Cases Repository/LS/Client Profile/Assessments/Page_COWS Assessment/td_27 Moderately Severe"), "27 Moderately Severe"): Actual text and expected text of test object 'Object Repository/Specific Cases Repository/LS/Client Profile/Assessments/Page_COWS Assessment/td_27 Moderately Severe' are matched.

09-01-2025T16:23:21 - [MESSAGE][PASSED] - Actual text and expected text of test object 'Object Repository/Specific Cases Repository/LS/Client Profile/Assessments/Page_COWS Assessment/td_27 Moderately Severe' are matched.

09-01-2025T16:23:21 - [TEST_STEP][PASSED] - click(findTestObject("Object Repository/Specific Cases Repository/LS/Client Profile/Assessments/Page_COWS Assessment/i_add")): Object: 'Object Repository/Specific Cases Repository/LS/Client Profile/Assessments/Page_COWS Assessment/i_add' is clicked on

09-01-2025T16:23:22 - [MESSAGE][PASSED] - Object: 'Object Repository/Specific Cases Repository/LS/Client Profile/Assessments/Page_COWS Assessment/i_add' is clicked on

09-01-2025T16:23:22 - [TEST_STEP][PASSED] - setText(findTestObject("Object Repository/Specific Cases Repository/LS/Client Profile/Assessments/Page_COWS Assessment/input_Temp_vstemp"), "13"): Text '13' is set on object 'Object Repository/Specific Cases Repository/LS/Client Profile/Assessments/Page_COWS Assessment/input_Temp_vstemp'

09-01-2025T16:23:23 - [MESSAGE][PASSED] - Text '13' is set on object 'Object Repository/Specific Cases Repository/LS/Client Profile/Assessments/Page_COWS Assessment/input_Temp_vstemp'

09-01-2025T16:23:23 - [TEST_STEP][PASSED] - setText(findTestObject("Object Repository/Specific Cases Repository/LS/Client Profile/Assessments/Page_COWS Assessment/input_Pulse_vspulse"), "13"): Text '13' is set on object 'Object Repository/Specific Cases Repository/LS/Client Profile/Assessments/Page_COWS Assessment/input_Pulse_vspulse'

09-01-2025T16:23:25 - [MESSAGE][PASSED] - Text '13' is set on object 'Object Repository/Specific Cases Repository/LS/Client Profile/Assessments/Page_COWS Assessment/input_Pulse_vspulse'

09-01-2025T16:23:25 - [TEST_STEP][PASSED] - setText(findTestObject("Object Repository/Specific Cases Repository/LS/Client Profile/Assessments/Page_COWS Assessment/input_BP_vsbp"), ""): Text '' is set on object 'Object Repository/Specific Cases Repository/LS/Client Profile/Assessments/Page_COWS Assessment/input_BP_vsbp'

09-01-2025T16:23:25 - [MESSAGE][PASSED] - Text '' is set on object 'Object Repository/Specific Cases Repository/LS/Client Profile/Assessments/Page_COWS Assessment/input_BP_vsbp'

09-01-2025T16:23:25 - [TEST_STEP][PASSED] - click(findTestObject("Object Repository/Specific Cases Repository/LS/Client Profile/Assessments/Page_COWS Assessment/input_BP_vsbp")): Object: 'Object Repository/Specific Cases Repository/LS/Client Profile/Assessments/Page_COWS Assessment/input_BP_vsbp' is clicked on

09-01-2025T16:23:26 - [MESSAGE][PASSED] - Object: 'Object Repository/Specific Cases Repository/LS/Client Profile/Assessments/Page_COWS Assessment/input_BP_vsbp' is clicked on

09-01-2025T16:23:26 - [TEST_STEP][PASSED] - setText(findTestObject("Object Repository/Specific Cases Repository/LS/Client Profile/Assessments/Page_COWS Assessment/input_Respiration_vsresp"), "13"): Text '13' is set on object 'Object Repository/Specific Cases Repository/LS/Client Profile/Assessments/Page_COWS Assessment/input_Respiration_vsresp'

09-01-2025T16:23:27 - [MESSAGE][PASSED] - Text '13' is set on object 'Object Repository/Specific Cases Repository/LS/Client Profile/Assessments/Page_COWS Assessment/input_Respiration_vsresp'

09-01-2025T16:23:27 - [TEST_STEP][PASSED] - setText(findTestObject("Object Repository/Specific Cases Repository/LS/Client Profile/Assessments/Page_COWS Assessment/input_BP_vsbp"), ""): Text '' is set on object 'Object Repository/Specific Cases Repository/LS/Client Profile/Assessments/Page_COWS Assessment/input_BP_vsbp'

09-01-2025T16:23:27 - [MESSAGE][PASSED] - Text '' is set on object 'Object Repository/Specific Cases Repository/LS/Client Profile/Assessments/Page_COWS Assessment/input_BP_vsbp'

09-01-2025T16:23:27 - [TEST_STEP][PASSED] - click(findTestObject("Object Repository/Specific Cases Repository/LS/Client Profile/Assessments/Page_COWS Assessment/input_BP_vsbp")): Object: 'Object Repository/Specific Cases Repository/LS/Client Profile/Assessments/Page_COWS Assessment/input_BP_vsbp' is clicked on

09-01-2025T16:23:28 - [MESSAGE][PASSED] - Object: 'Object Repository/Specific Cases Repository/LS/Client Profile/Assessments/Page_COWS Assessment/input_BP_vsbp' is clicked on

09-01-2025T16:23:28 - [TEST_STEP][PASSED] - click(findTestObject("Object Repository/Specific Cases Repository/LS/Client Profile/Assessments/Page_COWS Assessment/input_O2 Saturation_vso2")): Object: 'Object Repository/Specific Cases Repository/LS/Client Profile/Assessments/Page_COWS Assessment/input_O2 Saturation_vso2' is clicked on

09-01-2025T16:23:28 - [MESSAGE][PASSED] - Object: 'Object Repository/Specific Cases Repository/LS/Client Profile/Assessments/Page_COWS Assessment/input_O2 Saturation_vso2' is clicked on

09-01-2025T16:23:28 - [TEST_STEP][PASSED] - setText(findTestObject("Object Repository/Specific Cases Repository/LS/Client Profile/Assessments/Page_COWS Assessment/input_O2 Saturation_vso2"), "14"): Text '14' is set on object 'Object Repository/Specific Cases Repository/LS/Client Profile/Assessments/Page_COWS Assessment/input_O2 Saturation_vso2'

09-01-2025T16:23:29 - [MESSAGE][PASSED] - Text '14' is set on object 'Object Repository/Specific Cases Repository/LS/Client Profile/Assessments/Page_COWS Assessment/input_O2 Saturation_vso2'

09-01-2025T16:23:29 - [TEST_STEP][PASSED] - setText(findTestObject("Object Repository/Specific Cases Repository/LS/Client Profile/Assessments/Page_COWS Assessment/input_Inhaled Oxygen Concentration_inhaled__06efa9"), "15"): Text '15' is set on object 'Object Repository/Specific Cases Repository/LS/Client Profile/Assessments/Page_COWS Assessment/input_Inhaled Oxygen Concentration_inhaled__06efa9'

09-01-2025T16:23:29 - [MESSAGE][PASSED] - Text '15' is set on object 'Object Repository/Specific Cases Repository/LS/Client Profile/Assessments/Page_COWS Assessment/input_Inhaled Oxygen Concentration_inhaled__06efa9'

09-01-2025T16:23:29 - [TEST_STEP][PASSED] - setText(findTestObject("Object Repository/Specific Cases Repository/LS/Client Profile/Assessments/Page_COWS Assessment/input_Additional Information_vsadditional"), "automation vital signs"): Text 'automation vital signs' is set on object 'Object Repository/Specific Cases Repository/LS/Client Profile/Assessments/Page_COWS Assessment/input_Additional Information_vsadditional'

09-01-2025T16:23:30 - [MESSAGE][PASSED] - Text 'automation vital signs' is set on object 'Object Repository/Specific Cases Repository/LS/Client Profile/Assessments/Page_COWS Assessment/input_Additional Information_vsadditional'

09-01-2025T16:23:30 - [TEST_STEP][PASSED] - click(findTestObject("Object Repository/Specific Cases Repository/LS/Client Profile/Assessments/Page_COWS Assessment/button_Save")): Object: 'Object Repository/Specific Cases Repository/LS/Client Profile/Assessments/Page_COWS Assessment/button_Save' is clicked on

09-01-2025T16:23:30 - [MESSAGE][PASSED] - Object: 'Object Repository/Specific Cases Repository/LS/Client Profile/Assessments/Page_COWS Assessment/button_Save' is clicked on

09-01-2025T16:23:30 - [TEST_STEP][PASSED] - verifyElementText(findTestObject("Object Repository/Specific Cases Repository/LS/Client Profile/Assessments/Page_COWS Assessment/b_Client Vitals"), "Client Vitals"): Actual text and expected text of test object 'Object Repository/Specific Cases Repository/LS/Client Profile/Assessments/Page_COWS Assessment/b_Client Vitals' are matched.

09-01-2025T16:23:32 - [MESSAGE][PASSED] - Actual text and expected text of test object 'Object Repository/Specific Cases Repository/LS/Client Profile/Assessments/Page_COWS Assessment/b_Client Vitals' are matched.

09-01-2025T16:23:32 - [TEST_STEP][PASSED] - verifyElementText(findTestObject("Object Repository/Specific Cases Repository/LS/Client Profile/Assessments/Page_COWS Assessment/td_14"), "14"): Actual text and expected text of test object 'Object Repository/Specific Cases Repository/LS/Client Profile/Assessments/Page_COWS Assessment/td_14' are matched.

09-01-2025T16:23:32 - [MESSAGE][PASSED] - Actual text and expected text of test object 'Object Repository/Specific Cases Repository/LS/Client Profile/Assessments/Page_COWS Assessment/td_14' are matched.

09-01-2025T16:23:32 - [TEST_STEP][PASSED] - verifyElementText(findTestObject("Object Repository/Specific Cases Repository/LS/Client Profile/Assessments/Page_COWS Assessment/td_13"), "13"): Actual text and expected text of test object 'Object Repository/Specific Cases Repository/LS/Client Profile/Assessments/Page_COWS Assessment/td_13' are matched.

09-01-2025T16:23:33 - [MESSAGE][PASSED] - Actual text and expected text of test object 'Object Repository/Specific Cases Repository/LS/Client Profile/Assessments/Page_COWS Assessment/td_13' are matched.

09-01-2025T16:23:33 - [TEST_STEP][PASSED] - click(findTestObject("Object Repository/Specific Cases Repository/LS/Client Profile/Assessments/Page_COWS Assessment/input_Sign and Lock_dss")): Object: 'Object Repository/Specific Cases Repository/LS/Client Profile/Assessments/Page_COWS Assessment/input_Sign and Lock_dss' is clicked on

09-01-2025T16:23:33 - [MESSAGE][PASSED] - Object: 'Object Repository/Specific Cases Repository/LS/Client Profile/Assessments/Page_COWS Assessment/input_Sign and Lock_dss' is clicked on

09-01-2025T16:23:33 - [TEST_STEP][PASSED] - click(findTestObject("Object Repository/Specific Cases Repository/LS/Client Profile/Assessments/Page_COWS Assessment/button_Save_1")): Object: 'Object Repository/Specific Cases Repository/LS/Client Profile/Assessments/Page_COWS Assessment/button_Save_1' is clicked on

09-01-2025T16:23:54 - [MESSAGE][PASSED] - Object: 'Object Repository/Specific Cases Repository/LS/Client Profile/Assessments/Page_COWS Assessment/button_Save_1' is clicked on

09-01-2025T16:23:54 - [TEST_STEP][PASSED] - navigateToUrl("https://site17.lsapp.cloud/client/index/1557?section=assessments"): Navigate to 'https://site17.lsapp.cloud/client/index/1557?section=assessments' successfully

09-01-2025T16:24:12 - [MESSAGE][PASSED] - Navigate to 'https://site17.lsapp.cloud/client/index/1557?section=assessments' successfully

09-01-2025T16:24:12 - [TEST_STEP][PASSED] - verifyElementText(findTestObject("Object Repository/Specific Cases Repository/LS/Client Profile/Assessments/Page_Client Profile/div_COWS Assessment"), "COWS Assessment"): Actual text and expected text of test object 'Object Repository/Specific Cases Repository/LS/Client Profile/Assessments/Page_Client Profile/div_COWS Assessment' are matched.

09-01-2025T16:24:14 - [MESSAGE][PASSED] - Actual text and expected text of test object 'Object Repository/Specific Cases Repository/LS/Client Profile/Assessments/Page_Client Profile/div_COWS Assessment' are matched.

09-01-2025T16:24:14 - [TEST_STEP][PASSED] - click(findTestObject("Object Repository/Specific Cases Repository/LS/Client Profile/Assessments/Page_Client Profile/button_New assessment_1")): Object: 'Object Repository/Specific Cases Repository/LS/Client Profile/Assessments/Page_Client Profile/button_New assessment_1' is clicked on

09-01-2025T16:24:14 - [MESSAGE][PASSED] - Object: 'Object Repository/Specific Cases Repository/LS/Client Profile/Assessments/Page_Client Profile/button_New assessment_1' is clicked on

09-01-2025T16:24:14 - [TEST_STEP][PASSED] - click(findTestObject("Object Repository/Specific Cases Repository/LS/Client Profile/Assessments/Page_Client Profile/li_CIWA B Assessment")): Object: 'Object Repository/Specific Cases Repository/LS/Client Profile/Assessments/Page_Client Profile/li_CIWA B Assessment' is clicked on

09-01-2025T16:24:14 - [MESSAGE][PASSED] - Object: 'Object Repository/Specific Cases Repository/LS/Client Profile/Assessments/Page_Client Profile/li_CIWA B Assessment' is clicked on

09-01-2025T16:24:14 - [TEST_STEP][PASSED] - click(findTestObject("Object Repository/Specific Cases Repository/LS/Client Profile/Assessments/Page_Client Profile/a_Create                arrow_right_alt_1")): Object: 'Object Repository/Specific Cases Repository/LS/Client Profile/Assessments/Page_Client Profile/a_Create                arrow_right_alt_1' is clicked on

09-01-2025T16:24:23 - [MESSAGE][PASSED] - Object: 'Object Repository/Specific Cases Repository/LS/Client Profile/Assessments/Page_Client Profile/a_Create                arrow_right_alt_1' is clicked on

09-01-2025T16:24:23 - [TEST_STEP][PASSED] - setText(findTestObject("Object Repository/Specific Cases Repository/LS/Client Profile/Assessments/Page_CIWA B Assessment/input_Heart Rate_text-1639631610170"), "13"): Text '13' is set on object 'Object Repository/Specific Cases Repository/LS/Client Profile/Assessments/Page_CIWA B Assessment/input_Heart Rate_text-1639631610170'

09-01-2025T16:24:24 - [MESSAGE][PASSED] - Text '13' is set on object 'Object Repository/Specific Cases Repository/LS/Client Profile/Assessments/Page_CIWA B Assessment/input_Heart Rate_text-1639631610170'

09-01-2025T16:24:24 - [TEST_STEP][PASSED] - setText(findTestObject("Object Repository/Specific Cases Repository/LS/Client Profile/Assessments/Page_CIWA B Assessment/input_Blood Pressure_text-1639631614126"), "14"): Text '14' is set on object 'Object Repository/Specific Cases Repository/LS/Client Profile/Assessments/Page_CIWA B Assessment/input_Blood Pressure_text-1639631614126'

09-01-2025T16:24:25 - [MESSAGE][PASSED] - Text '14' is set on object 'Object Repository/Specific Cases Repository/LS/Client Profile/Assessments/Page_CIWA B Assessment/input_Blood Pressure_text-1639631614126'

09-01-2025T16:24:25 - [TEST_STEP][PASSED] - click(findTestObject("Object Repository/Specific Cases Repository/LS/Client Profile/Assessments/Page_CIWA B Assessment/input__radio-group-1639631583021_119")): Object: 'Object Repository/Specific Cases Repository/LS/Client Profile/Assessments/Page_CIWA B Assessment/input__radio-group-1639631583021_119' is clicked on

09-01-2025T16:24:26 - [MESSAGE][PASSED] - Object: 'Object Repository/Specific Cases Repository/LS/Client Profile/Assessments/Page_CIWA B Assessment/input__radio-group-1639631583021_119' is clicked on

09-01-2025T16:24:26 - [TEST_STEP][PASSED] - click(findTestObject("Object Repository/Specific Cases Repository/LS/Client Profile/Assessments/Page_CIWA B Assessment/input__radio-group-1639631617772_119")): Object: 'Object Repository/Specific Cases Repository/LS/Client Profile/Assessments/Page_CIWA B Assessment/input__radio-group-1639631617772_119' is clicked on

09-01-2025T16:24:27 - [MESSAGE][PASSED] - Object: 'Object Repository/Specific Cases Repository/LS/Client Profile/Assessments/Page_CIWA B Assessment/input__radio-group-1639631617772_119' is clicked on

09-01-2025T16:24:27 - [TEST_STEP][PASSED] - click(findTestObject("Object Repository/Specific Cases Repository/LS/Client Profile/Assessments/Page_CIWA B Assessment/input__radio-group-1639631811028_119")): Object: 'Object Repository/Specific Cases Repository/LS/Client Profile/Assessments/Page_CIWA B Assessment/input__radio-group-1639631811028_119' is clicked on

09-01-2025T16:24:29 - [MESSAGE][PASSED] - Object: 'Object Repository/Specific Cases Repository/LS/Client Profile/Assessments/Page_CIWA B Assessment/input__radio-group-1639631811028_119' is clicked on

09-01-2025T16:24:29 - [TEST_STEP][PASSED] - click(findTestObject("Object Repository/Specific Cases Repository/LS/Client Profile/Assessments/Page_CIWA B Assessment/input__radio-group-1639631808123_119")): Object: 'Object Repository/Specific Cases Repository/LS/Client Profile/Assessments/Page_CIWA B Assessment/input__radio-group-1639631808123_119' is clicked on

09-01-2025T16:24:30 - [MESSAGE][PASSED] - Object: 'Object Repository/Specific Cases Repository/LS/Client Profile/Assessments/Page_CIWA B Assessment/input__radio-group-1639631808123_119' is clicked on

09-01-2025T16:24:30 - [TEST_STEP][PASSED] - click(findTestObject("Object Repository/Specific Cases Repository/LS/Client Profile/Assessments/Page_CIWA B Assessment/input__radio-group-1639631706819_119")): Object: 'Object Repository/Specific Cases Repository/LS/Client Profile/Assessments/Page_CIWA B Assessment/input__radio-group-1639631706819_119' is clicked on

09-01-2025T16:24:31 - [MESSAGE][PASSED] - Object: 'Object Repository/Specific Cases Repository/LS/Client Profile/Assessments/Page_CIWA B Assessment/input__radio-group-1639631706819_119' is clicked on

09-01-2025T16:24:31 - [TEST_STEP][PASSED] - click(findTestObject("Object Repository/Specific Cases Repository/LS/Client Profile/Assessments/Page_CIWA B Assessment/input__radio-group-1639631711045_119")): Object: 'Object Repository/Specific Cases Repository/LS/Client Profile/Assessments/Page_CIWA B Assessment/input__radio-group-1639631711045_119' is clicked on

09-01-2025T16:24:32 - [MESSAGE][PASSED] - Object: 'Object Repository/Specific Cases Repository/LS/Client Profile/Assessments/Page_CIWA B Assessment/input__radio-group-1639631711045_119' is clicked on

09-01-2025T16:24:32 - [TEST_STEP][PASSED] - click(findTestObject("Object Repository/Specific Cases Repository/LS/Client Profile/Assessments/Page_CIWA B Assessment/input__radio-group-1639631686224_119")): Object: 'Object Repository/Specific Cases Repository/LS/Client Profile/Assessments/Page_CIWA B Assessment/input__radio-group-1639631686224_119' is clicked on

09-01-2025T16:24:33 - [MESSAGE][PASSED] - Object: 'Object Repository/Specific Cases Repository/LS/Client Profile/Assessments/Page_CIWA B Assessment/input__radio-group-1639631686224_119' is clicked on

09-01-2025T16:24:33 - [TEST_STEP][PASSED] - click(findTestObject("Object Repository/Specific Cases Repository/LS/Client Profile/Assessments/Page_CIWA B Assessment/input_Do you think you did not get enough s_69b9b6")): Object: 'Object Repository/Specific Cases Repository/LS/Client Profile/Assessments/Page_CIWA B Assessment/input_Do you think you did not get enough s_69b9b6' is clicked on

09-01-2025T16:24:35 - [MESSAGE][PASSED] - Object: 'Object Repository/Specific Cases Repository/LS/Client Profile/Assessments/Page_CIWA B Assessment/input_Do you think you did not get enough s_69b9b6' is clicked on

09-01-2025T16:24:35 - [TEST_STEP][PASSED] - click(findTestObject("Object Repository/Specific Cases Repository/LS/Client Profile/Assessments/Page_CIWA B Assessment/input__radio-group-1639631722497_119")): Object: 'Object Repository/Specific Cases Repository/LS/Client Profile/Assessments/Page_CIWA B Assessment/input__radio-group-1639631722497_119' is clicked on

09-01-2025T16:24:36 - [MESSAGE][PASSED] - Object: 'Object Repository/Specific Cases Repository/LS/Client Profile/Assessments/Page_CIWA B Assessment/input__radio-group-1639631722497_119' is clicked on

09-01-2025T16:24:36 - [TEST_STEP][PASSED] - click(findTestObject("Object Repository/Specific Cases Repository/LS/Client Profile/Assessments/Page_CIWA B Assessment/input__radio-group-1639631732923_119")): Object: 'Object Repository/Specific Cases Repository/LS/Client Profile/Assessments/Page_CIWA B Assessment/input__radio-group-1639631732923_119' is clicked on

09-01-2025T16:24:37 - [MESSAGE][PASSED] - Object: 'Object Repository/Specific Cases Repository/LS/Client Profile/Assessments/Page_CIWA B Assessment/input__radio-group-1639631732923_119' is clicked on

09-01-2025T16:24:37 - [TEST_STEP][PASSED] - click(findTestObject("Object Repository/Specific Cases Repository/LS/Client Profile/Assessments/Page_CIWA B Assessment/input__radio-group-1639631750283_119")): Object: 'Object Repository/Specific Cases Repository/LS/Client Profile/Assessments/Page_CIWA B Assessment/input__radio-group-1639631750283_119' is clicked on

09-01-2025T16:24:38 - [MESSAGE][PASSED] - Object: 'Object Repository/Specific Cases Repository/LS/Client Profile/Assessments/Page_CIWA B Assessment/input__radio-group-1639631750283_119' is clicked on

09-01-2025T16:24:38 - [TEST_STEP][PASSED] - click(findTestObject("Object Repository/Specific Cases Repository/LS/Client Profile/Assessments/Page_CIWA B Assessment/input__radio-group-1639631744615_119")): Object: 'Object Repository/Specific Cases Repository/LS/Client Profile/Assessments/Page_CIWA B Assessment/input__radio-group-1639631744615_119' is clicked on

09-01-2025T16:24:39 - [MESSAGE][PASSED] - Object: 'Object Repository/Specific Cases Repository/LS/Client Profile/Assessments/Page_CIWA B Assessment/input__radio-group-1639631744615_119' is clicked on

09-01-2025T16:24:39 - [TEST_STEP][PASSED] - click(findTestObject("Object Repository/Specific Cases Repository/LS/Client Profile/Assessments/Page_CIWA B Assessment/input__radio-group-1639631648138_119")): Object: 'Object Repository/Specific Cases Repository/LS/Client Profile/Assessments/Page_CIWA B Assessment/input__radio-group-1639631648138_119' is clicked on

09-01-2025T16:24:41 - [MESSAGE][PASSED] - Object: 'Object Repository/Specific Cases Repository/LS/Client Profile/Assessments/Page_CIWA B Assessment/input__radio-group-1639631648138_119' is clicked on

09-01-2025T16:24:41 - [TEST_STEP][PASSED] - click(findTestObject("Object Repository/Specific Cases Repository/LS/Client Profile/Assessments/Page_CIWA B Assessment/input__radio-group-1639631651299_119")): Object: 'Object Repository/Specific Cases Repository/LS/Client Profile/Assessments/Page_CIWA B Assessment/input__radio-group-1639631651299_119' is clicked on

09-01-2025T16:24:42 - [MESSAGE][PASSED] - Object: 'Object Repository/Specific Cases Repository/LS/Client Profile/Assessments/Page_CIWA B Assessment/input__radio-group-1639631651299_119' is clicked on

09-01-2025T16:24:42 - [TEST_STEP][PASSED] - click(findTestObject("Object Repository/Specific Cases Repository/LS/Client Profile/Assessments/Page_CIWA B Assessment/input__radio-group-1639631778137_119")): Object: 'Object Repository/Specific Cases Repository/LS/Client Profile/Assessments/Page_CIWA B Assessment/input__radio-group-1639631778137_119' is clicked on

09-01-2025T16:24:43 - [MESSAGE][PASSED] - Object: 'Object Repository/Specific Cases Repository/LS/Client Profile/Assessments/Page_CIWA B Assessment/input__radio-group-1639631778137_119' is clicked on

09-01-2025T16:24:43 - [TEST_STEP][PASSED] - click(findTestObject("Object Repository/Specific Cases Repository/LS/Client Profile/Assessments/Page_CIWA B Assessment/input__radio-group-1639631758534_119")): Object: 'Object Repository/Specific Cases Repository/LS/Client Profile/Assessments/Page_CIWA B Assessment/input__radio-group-1639631758534_119' is clicked on

09-01-2025T16:24:44 - [MESSAGE][PASSED] - Object: 'Object Repository/Specific Cases Repository/LS/Client Profile/Assessments/Page_CIWA B Assessment/input__radio-group-1639631758534_119' is clicked on

09-01-2025T16:24:44 - [TEST_STEP][PASSED] - click(findTestObject("Object Repository/Specific Cases Repository/LS/Client Profile/Assessments/Page_CIWA B Assessment/input__radio-group-1639631762390_119")): Object: 'Object Repository/Specific Cases Repository/LS/Client Profile/Assessments/Page_CIWA B Assessment/input__radio-group-1639631762390_119' is clicked on

09-01-2025T16:24:45 - [MESSAGE][PASSED] - Object: 'Object Repository/Specific Cases Repository/LS/Client Profile/Assessments/Page_CIWA B Assessment/input__radio-group-1639631762390_119' is clicked on

09-01-2025T16:24:45 - [TEST_STEP][PASSED] - click(findTestObject("Object Repository/Specific Cases Repository/LS/Client Profile/Assessments/Page_CIWA B Assessment/input__radio-group-1639631660024_119")): Object: 'Object Repository/Specific Cases Repository/LS/Client Profile/Assessments/Page_CIWA B Assessment/input__radio-group-1639631660024_119' is clicked on

09-01-2025T16:24:47 - [MESSAGE][PASSED] - Object: 'Object Repository/Specific Cases Repository/LS/Client Profile/Assessments/Page_CIWA B Assessment/input__radio-group-1639631660024_119' is clicked on

09-01-2025T16:24:47 - [TEST_STEP][PASSED] - click(findTestObject("Object Repository/Specific Cases Repository/LS/Client Profile/Assessments/Page_CIWA B Assessment/input__radio-group-1639631669718_119")): Object: 'Object Repository/Specific Cases Repository/LS/Client Profile/Assessments/Page_CIWA B Assessment/input__radio-group-1639631669718_119' is clicked on

09-01-2025T16:24:48 - [MESSAGE][PASSED] - Object: 'Object Repository/Specific Cases Repository/LS/Client Profile/Assessments/Page_CIWA B Assessment/input__radio-group-1639631669718_119' is clicked on

09-01-2025T16:24:48 - [TEST_STEP][PASSED] - setText(findTestObject("Object Repository/Specific Cases Repository/LS/Client Profile/Assessments/Page_CIWA B Assessment/textarea_Additional Information_textarea-16_acaf1e"), "automation formdata test"): Text 'automation formdata test' is set on object 'Object Repository/Specific Cases Repository/LS/Client Profile/Assessments/Page_CIWA B Assessment/textarea_Additional Information_textarea-16_acaf1e'

09-01-2025T16:24:49 - [MESSAGE][PASSED] - Text 'automation formdata test' is set on object 'Object Repository/Specific Cases Repository/LS/Client Profile/Assessments/Page_CIWA B Assessment/textarea_Additional Information_textarea-16_acaf1e'

09-01-2025T16:24:49 - [TEST_STEP][PASSED] - verifyElementText(findTestObject("Object Repository/Specific Cases Repository/LS/Client Profile/Assessments/Page_CIWA B Assessment/td_36 Moderate Withdrawal"), "36 Moderate Withdrawal"): Actual text and expected text of test object 'Object Repository/Specific Cases Repository/LS/Client Profile/Assessments/Page_CIWA B Assessment/td_36 Moderate Withdrawal' are matched.

09-01-2025T16:24:50 - [MESSAGE][PASSED] - Actual text and expected text of test object 'Object Repository/Specific Cases Repository/LS/Client Profile/Assessments/Page_CIWA B Assessment/td_36 Moderate Withdrawal' are matched.

09-01-2025T16:24:50 - [TEST_STEP][PASSED] - verifyElementText(findTestObject("Object Repository/Specific Cases Repository/LS/Client Profile/Assessments/Page_CIWA B Assessment/div_The following required fields do not ha_73f9ba"), "The following required fields do not have responses"): Actual text and expected text of test object 'Object Repository/Specific Cases Repository/LS/Client Profile/Assessments/Page_CIWA B Assessment/div_The following required fields do not ha_73f9ba' are matched.

09-01-2025T16:24:51 - [MESSAGE][PASSED] - Actual text and expected text of test object 'Object Repository/Specific Cases Repository/LS/Client Profile/Assessments/Page_CIWA B Assessment/div_The following required fields do not ha_73f9ba' are matched.

09-01-2025T16:24:51 - [TEST_STEP][PASSED] - verifyElementText(findTestObject("Object Repository/Specific Cases Repository/LS/Client Profile/Assessments/Page_CIWA B Assessment/span_Clinician Observations RestlessnessObs_1dce3a"), "Clinician Observations: RestlessnessObserve behavior for restlessness and agitation *"): Actual text and expected text of test object 'Object Repository/Specific Cases Repository/LS/Client Profile/Assessments/Page_CIWA B Assessment/span_Clinician Observations RestlessnessObs_1dce3a' are matched.

09-01-2025T16:24:51 - [MESSAGE][PASSED] - Actual text and expected text of test object 'Object Repository/Specific Cases Repository/LS/Client Profile/Assessments/Page_CIWA B Assessment/span_Clinician Observations RestlessnessObs_1dce3a' are matched.

09-01-2025T16:24:51 - [TEST_STEP][PASSED] - click(findTestObject("Object Repository/Specific Cases Repository/LS/Client Profile/Assessments/Page_CIWA B Assessment/input__radio-group-1639631774054_119")): Object: 'Object Repository/Specific Cases Repository/LS/Client Profile/Assessments/Page_CIWA B Assessment/input__radio-group-1639631774054_119' is clicked on

09-01-2025T16:24:51 - [MESSAGE][PASSED] - Object: 'Object Repository/Specific Cases Repository/LS/Client Profile/Assessments/Page_CIWA B Assessment/input__radio-group-1639631774054_119' is clicked on

09-01-2025T16:24:51 - [TEST_STEP][PASSED] - verifyElementText(findTestObject("Object Repository/Specific Cases Repository/LS/Client Profile/Assessments/Page_CIWA B Assessment/td_40 Severe Withdrawal"), "40 Severe Withdrawal"): Actual text and expected text of test object 'Object Repository/Specific Cases Repository/LS/Client Profile/Assessments/Page_CIWA B Assessment/td_40 Severe Withdrawal' are matched.

09-01-2025T16:24:52 - [MESSAGE][PASSED] - Actual text and expected text of test object 'Object Repository/Specific Cases Repository/LS/Client Profile/Assessments/Page_CIWA B Assessment/td_40 Severe Withdrawal' are matched.

09-01-2025T16:24:52 - [TEST_STEP][PASSED] - click(findTestObject("Object Repository/Specific Cases Repository/LS/Client Profile/Assessments/Page_CIWA B Assessment/input_Sign and Lock_dss")): Object: 'Object Repository/Specific Cases Repository/LS/Client Profile/Assessments/Page_CIWA B Assessment/input_Sign and Lock_dss' is clicked on

09-01-2025T16:24:53 - [MESSAGE][PASSED] - Object: 'Object Repository/Specific Cases Repository/LS/Client Profile/Assessments/Page_CIWA B Assessment/input_Sign and Lock_dss' is clicked on

09-01-2025T16:24:53 - [TEST_STEP][PASSED] - click(findTestObject("Object Repository/Specific Cases Repository/LS/Client Profile/Assessments/Page_CIWA B Assessment/button_Save")): Object: 'Object Repository/Specific Cases Repository/LS/Client Profile/Assessments/Page_CIWA B Assessment/button_Save' is clicked on

09-01-2025T16:25:14 - [MESSAGE][PASSED] - Object: 'Object Repository/Specific Cases Repository/LS/Client Profile/Assessments/Page_CIWA B Assessment/button_Save' is clicked on

09-01-2025T16:25:14 - [TEST_STEP][PASSED] - navigateToUrl("https://site17.lsapp.cloud/client/index/1557?section=assessments"): Navigate to 'https://site17.lsapp.cloud/client/index/1557?section=assessments' successfully

09-01-2025T16:25:28 - [MESSAGE][PASSED] - Navigate to 'https://site17.lsapp.cloud/client/index/1557?section=assessments' successfully

09-01-2025T16:25:28 - [TEST_STEP][PASSED] - verifyElementText(findTestObject("Object Repository/Specific Cases Repository/LS/Client Profile/Assessments/Page_Client Profile/div_CIWA B Assessment"), "CIWA B Assessment"): Actual text and expected text of test object 'Object Repository/Specific Cases Repository/LS/Client Profile/Assessments/Page_Client Profile/div_CIWA B Assessment' are matched.

09-01-2025T16:25:29 - [MESSAGE][PASSED] - Actual text and expected text of test object 'Object Repository/Specific Cases Repository/LS/Client Profile/Assessments/Page_Client Profile/div_CIWA B Assessment' are matched.

09-01-2025T16:25:29 - [TEST_STEP][PASSED] - click(findTestObject("Object Repository/Specific Cases Repository/LS/Client Profile/Assessments/Page_Client Profile/button_New assessment_1")): Object: 'Object Repository/Specific Cases Repository/LS/Client Profile/Assessments/Page_Client Profile/button_New assessment_1' is clicked on

09-01-2025T16:25:29 - [MESSAGE][PASSED] - Object: 'Object Repository/Specific Cases Repository/LS/Client Profile/Assessments/Page_Client Profile/button_New assessment_1' is clicked on

09-01-2025T16:25:29 - [TEST_STEP][PASSED] - click(findTestObject("Object Repository/Specific Cases Repository/LS/Client Profile/Assessments/Page_Client Profile/li_AM Assessment")): Object: 'Object Repository/Specific Cases Repository/LS/Client Profile/Assessments/Page_Client Profile/li_AM Assessment' is clicked on

09-01-2025T16:25:29 - [MESSAGE][PASSED] - Object: 'Object Repository/Specific Cases Repository/LS/Client Profile/Assessments/Page_Client Profile/li_AM Assessment' is clicked on

09-01-2025T16:25:29 - [TEST_STEP][PASSED] - click(findTestObject("Object Repository/Specific Cases Repository/LS/Client Profile/Assessments/Page_Client Profile/a_Create                arrow_right_alt_1")): Object: 'Object Repository/Specific Cases Repository/LS/Client Profile/Assessments/Page_Client Profile/a_Create                arrow_right_alt_1' is clicked on

09-01-2025T16:25:40 - [MESSAGE][PASSED] - Object: 'Object Repository/Specific Cases Repository/LS/Client Profile/Assessments/Page_Client Profile/a_Create                arrow_right_alt_1' is clicked on

09-01-2025T16:25:40 - [TEST_STEP][PASSED] - setText(findTestObject("Object Repository/Specific Cases Repository/LS/Client Profile/Assessments/Page_AM Assessment/input_How many hours of restful sleep did y_a36804"), "Automation test"): Text 'Automation test' is set on object 'Object Repository/Specific Cases Repository/LS/Client Profile/Assessments/Page_AM Assessment/input_How many hours of restful sleep did y_a36804'

09-01-2025T16:25:41 - [MESSAGE][PASSED] - Text 'Automation test' is set on object 'Object Repository/Specific Cases Repository/LS/Client Profile/Assessments/Page_AM Assessment/input_How many hours of restful sleep did y_a36804'

09-01-2025T16:25:41 - [TEST_STEP][PASSED] - selectOptionByValue(findTestObject("Object Repository/Specific Cases Repository/LS/Client Profile/Assessments/Page_AM Assessment/select_YesNo"), "No", true): All options with value 'No' are selected in object 'Object Repository/Specific Cases Repository/LS/Client Profile/Assessments/Page_AM Assessment/select_YesNo'  using regular expression

09-01-2025T16:25:42 - [MESSAGE][PASSED] - All options with value 'No' are selected in object 'Object Repository/Specific Cases Repository/LS/Client Profile/Assessments/Page_AM Assessment/select_YesNo'  using regular expression

09-01-2025T16:25:42 - [TEST_STEP][PASSED] - selectOptionByValue(findTestObject("Object Repository/Specific Cases Repository/LS/Client Profile/Assessments/Page_AM Assessment/select_YesNo_1"), "Yes", true): All options with value 'Yes' are selected in object 'Object Repository/Specific Cases Repository/LS/Client Profile/Assessments/Page_AM Assessment/select_YesNo_1'  using regular expression

09-01-2025T16:25:43 - [MESSAGE][PASSED] - All options with value 'Yes' are selected in object 'Object Repository/Specific Cases Repository/LS/Client Profile/Assessments/Page_AM Assessment/select_YesNo_1'  using regular expression

09-01-2025T16:25:43 - [TEST_STEP][PASSED] - setText(findTestObject("Object Repository/Specific Cases Repository/LS/Client Profile/Assessments/Page_AM Assessment/textarea_If yes, please describe_txtnightmares"), "automation test description"): Text 'automation test description' is set on object 'Object Repository/Specific Cases Repository/LS/Client Profile/Assessments/Page_AM Assessment/textarea_If yes, please describe_txtnightmares'

09-01-2025T16:25:44 - [MESSAGE][PASSED] - Text 'automation test description' is set on object 'Object Repository/Specific Cases Repository/LS/Client Profile/Assessments/Page_AM Assessment/textarea_If yes, please describe_txtnightmares'

09-01-2025T16:25:44 - [TEST_STEP][PASSED] - selectOptionByValue(findTestObject("Object Repository/Specific Cases Repository/LS/Client Profile/Assessments/Page_AM Assessment/select_YesNo_1_2"), "No", true): All options with value 'No' are selected in object 'Object Repository/Specific Cases Repository/LS/Client Profile/Assessments/Page_AM Assessment/select_YesNo_1_2'  using regular expression

09-01-2025T16:25:45 - [MESSAGE][PASSED] - All options with value 'No' are selected in object 'Object Repository/Specific Cases Repository/LS/Client Profile/Assessments/Page_AM Assessment/select_YesNo_1_2'  using regular expression

09-01-2025T16:25:45 - [TEST_STEP][PASSED] - setText(findTestObject("Object Repository/Specific Cases Repository/LS/Client Profile/Assessments/Page_AM Assessment/textarea_Please describe your appetite. Is _ec8639"), "automation desciption 2"): Text 'automation desciption 2' is set on object 'Object Repository/Specific Cases Repository/LS/Client Profile/Assessments/Page_AM Assessment/textarea_Please describe your appetite. Is _ec8639'

09-01-2025T16:25:46 - [MESSAGE][PASSED] - Text 'automation desciption 2' is set on object 'Object Repository/Specific Cases Repository/LS/Client Profile/Assessments/Page_AM Assessment/textarea_Please describe your appetite. Is _ec8639'

09-01-2025T16:25:46 - [TEST_STEP][PASSED] - click(findTestObject("Object Repository/Specific Cases Repository/LS/Client Profile/Assessments/Page_AM Assessment/input_Severity of Depression_depressionrating")): Object: 'Object Repository/Specific Cases Repository/LS/Client Profile/Assessments/Page_AM Assessment/input_Severity of Depression_depressionrating' is clicked on

09-01-2025T16:25:47 - [MESSAGE][PASSED] - Object: 'Object Repository/Specific Cases Repository/LS/Client Profile/Assessments/Page_AM Assessment/input_Severity of Depression_depressionrating' is clicked on

09-01-2025T16:25:47 - [TEST_STEP][PASSED] - click(findTestObject("Object Repository/Specific Cases Repository/LS/Client Profile/Assessments/Page_AM Assessment/input_Severity of Anxiety_anxietyrating")): Object: 'Object Repository/Specific Cases Repository/LS/Client Profile/Assessments/Page_AM Assessment/input_Severity of Anxiety_anxietyrating' is clicked on

09-01-2025T16:25:47 - [MESSAGE][PASSED] - Object: 'Object Repository/Specific Cases Repository/LS/Client Profile/Assessments/Page_AM Assessment/input_Severity of Anxiety_anxietyrating' is clicked on

09-01-2025T16:25:48 - [TEST_STEP][PASSED] - selectOptionByValue(findTestObject("Object Repository/Specific Cases Repository/LS/Client Profile/Assessments/Page_AM Assessment/select_YesNo_1_2_3"), "No", true): All options with value 'No' are selected in object 'Object Repository/Specific Cases Repository/LS/Client Profile/Assessments/Page_AM Assessment/select_YesNo_1_2_3'  using regular expression

09-01-2025T16:25:49 - [MESSAGE][PASSED] - All options with value 'No' are selected in object 'Object Repository/Specific Cases Repository/LS/Client Profile/Assessments/Page_AM Assessment/select_YesNo_1_2_3'  using regular expression

09-01-2025T16:25:49 - [TEST_STEP][PASSED] - setText(findTestObject("Object Repository/Specific Cases Repository/LS/Client Profile/Assessments/Page_AM Assessment/input_When was your last bowel movement_lastbm"), "automation response"): Text 'automation response' is set on object 'Object Repository/Specific Cases Repository/LS/Client Profile/Assessments/Page_AM Assessment/input_When was your last bowel movement_lastbm'

09-01-2025T16:25:51 - [MESSAGE][PASSED] - Text 'automation response' is set on object 'Object Repository/Specific Cases Repository/LS/Client Profile/Assessments/Page_AM Assessment/input_When was your last bowel movement_lastbm'

09-01-2025T16:25:51 - [TEST_STEP][PASSED] - setText(findTestObject("Object Repository/Specific Cases Repository/LS/Client Profile/Assessments/Page_AM Assessment/textarea_Additional Information_note"), "autoamtion rsponse 2"): Text 'autoamtion rsponse 2' is set on object 'Object Repository/Specific Cases Repository/LS/Client Profile/Assessments/Page_AM Assessment/textarea_Additional Information_note'

09-01-2025T16:25:52 - [MESSAGE][PASSED] - Text 'autoamtion rsponse 2' is set on object 'Object Repository/Specific Cases Repository/LS/Client Profile/Assessments/Page_AM Assessment/textarea_Additional Information_note'

09-01-2025T16:25:52 - [TEST_STEP][PASSED] - verifyElementText(findTestObject("Object Repository/Specific Cases Repository/LS/Client Profile/Assessments/Page_AM Assessment/b_Vital Signs"), "Vital Signs"): Actual text and expected text of test object 'Object Repository/Specific Cases Repository/LS/Client Profile/Assessments/Page_AM Assessment/b_Vital Signs' are matched.

09-01-2025T16:25:52 - [MESSAGE][PASSED] - Actual text and expected text of test object 'Object Repository/Specific Cases Repository/LS/Client Profile/Assessments/Page_AM Assessment/b_Vital Signs' are matched.

09-01-2025T16:25:52 - [TEST_STEP][PASSED] - click(findTestObject("Object Repository/Specific Cases Repository/LS/Client Profile/Assessments/Page_AM Assessment/button_Save")): Object: 'Object Repository/Specific Cases Repository/LS/Client Profile/Assessments/Page_AM Assessment/button_Save' is clicked on

09-01-2025T16:26:11 - [MESSAGE][PASSED] - Object: 'Object Repository/Specific Cases Repository/LS/Client Profile/Assessments/Page_AM Assessment/button_Save' is clicked on

09-01-2025T16:26:11 - [TEST_STEP][PASSED] - navigateToUrl("https://site17.lsapp.cloud/client/index/1557?section=assessments"): Navigate to 'https://site17.lsapp.cloud/client/index/1557?section=assessments' successfully

09-01-2025T16:26:29 - [MESSAGE][PASSED] - Navigate to 'https://site17.lsapp.cloud/client/index/1557?section=assessments' successfully

09-01-2025T16:26:29 - [TEST_STEP][PASSED] - verifyElementText(findTestObject("Object Repository/Specific Cases Repository/LS/Client Profile/Assessments/Page_Client Profile/div_AM Assessment"), "AM Assessment"): Actual text and expected text of test object 'Object Repository/Specific Cases Repository/LS/Client Profile/Assessments/Page_Client Profile/div_AM Assessment' are matched.

09-01-2025T16:26:30 - [MESSAGE][PASSED] - Actual text and expected text of test object 'Object Repository/Specific Cases Repository/LS/Client Profile/Assessments/Page_Client Profile/div_AM Assessment' are matched.

09-01-2025T16:26:30 - [TEST_STEP][PASSED] - verifyElementText(findTestObject("Object Repository/Specific Cases Repository/LS/Client Profile/Assessments/Page_Client Profile/div_Not signed"), "Not signed"): Actual text and expected text of test object 'Object Repository/Specific Cases Repository/LS/Client Profile/Assessments/Page_Client Profile/div_Not signed' are matched.

09-01-2025T16:26:30 - [MESSAGE][PASSED] - Actual text and expected text of test object 'Object Repository/Specific Cases Repository/LS/Client Profile/Assessments/Page_Client Profile/div_Not signed' are matched.

09-01-2025T16:26:30 - [TEST_STEP][PASSED] - closeBrowser(): Browser is closed

09-01-2025T16:26:31 - [MESSAGE][PASSED] - Browser is closed]]></system-out>
         <system-err><![CDATA[]]></system-err>
      </testcase>
      <testcase name="Test Cases/Specific Cases/LS/Client Profile/Progress Notes" time="201.873" classname="Test Cases/Specific Cases/LS/Client Profile/Progress Notes" status="PASSED">
         <system-out><![CDATA[09-01-2025T16:26:31 - [TEST_CASE][PASSED] - Test Cases/Specific Cases/LS/Client Profile/Progress Notes: Test Cases/Specific Cases/LS/Client Profile/Progress Notes

09-01-2025T16:26:31 - [TEST_STEP][PASSED] - callTestCase(findTestCase("Common Cases/Login"), [:], STOP_ON_FAILURE): Call Test Case 'Test Cases/Common Cases/Login' successfully

09-01-2025T16:26:31 - [TEST_CASE][PASSED] - Test Cases/Common Cases/Login: Test Cases/Common Cases/Login

09-01-2025T16:26:31 - [TEST_STEP][PASSED] - openBrowser(""): Browser is opened with url: ''

09-01-2025T16:26:31 - [MESSAGE][INFO] - Starting 'Chrome' driver

09-01-2025T16:26:31 - [MESSAGE][INFO] - Action delay is set to 0 milliseconds

09-01-2025T16:26:33 - [MESSAGE][PASSED] - Browser is opened with url: ''

09-01-2025T16:26:33 - [TEST_STEP][PASSED] - maximizeWindow(): Current window maximized

09-01-2025T16:26:33 - [MESSAGE][PASSED] - Current window maximized

09-01-2025T16:26:33 - [TEST_STEP][PASSED] - navigateToUrl("https://site17.lsapp.cloud/auth/login"): Navigate to 'https://site17.lsapp.cloud/auth/login' successfully

09-01-2025T16:26:34 - [MESSAGE][PASSED] - Navigate to 'https://site17.lsapp.cloud/auth/login' successfully

09-01-2025T16:26:34 - [TEST_STEP][PASSED] - setText(findTestObject("Object Repository/Common Cases Repository/Login/Page_Lightning Step/input_Email_email"), "automation@lightningstep.com"): Text 'automation@lightningstep.com' is set on object 'Object Repository/Common Cases Repository/Login/Page_Lightning Step/input_Email_email'

09-01-2025T16:26:40 - [MESSAGE][PASSED] - Text 'automation@lightningstep.com' is set on object 'Object Repository/Common Cases Repository/Login/Page_Lightning Step/input_Email_email'

09-01-2025T16:26:40 - [TEST_STEP][PASSED] - setEncryptedText(findTestObject("Object Repository/Common Cases Repository/Login/Page_Lightning Step/input_Password_password"), "e5N8VHmnhJDITtQaQhDQDw=="): Text ****** has been set on object 'Object Repository/Common Cases Repository/Login/Page_Lightning Step/input_Password_password'

09-01-2025T16:26:41 - [MESSAGE][PASSED] - Text ****** has been set on object 'Object Repository/Common Cases Repository/Login/Page_Lightning Step/input_Password_password'

09-01-2025T16:26:41 - [TEST_STEP][PASSED] - click(findTestObject("Object Repository/Common Cases Repository/Login/Page_Lightning Step/button_Sign in")): Object: 'Object Repository/Common Cases Repository/Login/Page_Lightning Step/button_Sign in' is clicked on

09-01-2025T16:26:50 - [MESSAGE][PASSED] - Object: 'Object Repository/Common Cases Repository/Login/Page_Lightning Step/button_Sign in' is clicked on

09-01-2025T16:26:50 - [MESSAGE][PASSED] - Call Test Case 'Test Cases/Common Cases/Login' successfully

09-01-2025T16:26:50 - [TEST_STEP][PASSED] - navigateToUrl("https://site17.lsapp.cloud/client/index/1557?section=notes"): Navigate to 'https://site17.lsapp.cloud/client/index/1557?section=notes' successfully

09-01-2025T16:27:10 - [MESSAGE][PASSED] - Navigate to 'https://site17.lsapp.cloud/client/index/1557?section=notes' successfully

09-01-2025T16:27:10 - [TEST_STEP][PASSED] - click(findTestObject("Object Repository/Specific Cases Repository/LS/Client Profile/Progress Notes/Page_Client Profile/button_New note")): Object: 'Object Repository/Specific Cases Repository/LS/Client Profile/Progress Notes/Page_Client Profile/button_New note' is clicked on

09-01-2025T16:27:11 - [MESSAGE][PASSED] - Object: 'Object Repository/Specific Cases Repository/LS/Client Profile/Progress Notes/Page_Client Profile/button_New note' is clicked on

09-01-2025T16:27:11 - [TEST_STEP][PASSED] - click(findTestObject("Object Repository/Specific Cases Repository/LS/Client Profile/Progress Notes/Page_Client Profile/span_south_west")): Object: 'Object Repository/Specific Cases Repository/LS/Client Profile/Progress Notes/Page_Client Profile/span_south_west' is clicked on

09-01-2025T16:27:12 - [MESSAGE][PASSED] - Object: 'Object Repository/Specific Cases Repository/LS/Client Profile/Progress Notes/Page_Client Profile/span_south_west' is clicked on

09-01-2025T16:27:12 - [TEST_STEP][PASSED] - verifyElementText(findTestObject("Object Repository/Specific Cases Repository/LS/Client Profile/Progress Notes/Page_Client Profile/a_Expand viewarrow_outward"), "Expand viewarrow_outward"): Actual text and expected text of test object 'Object Repository/Specific Cases Repository/LS/Client Profile/Progress Notes/Page_Client Profile/a_Expand viewarrow_outward' are matched.

09-01-2025T16:27:12 - [MESSAGE][PASSED] - Actual text and expected text of test object 'Object Repository/Specific Cases Repository/LS/Client Profile/Progress Notes/Page_Client Profile/a_Expand viewarrow_outward' are matched.

09-01-2025T16:27:12 - [TEST_STEP][PASSED] - click(findTestObject("Object Repository/Specific Cases Repository/LS/Client Profile/Progress Notes/Page_Client Profile/span_arrow_outward")): Object: 'Object Repository/Specific Cases Repository/LS/Client Profile/Progress Notes/Page_Client Profile/span_arrow_outward' is clicked on

09-01-2025T16:27:13 - [MESSAGE][PASSED] - Object: 'Object Repository/Specific Cases Repository/LS/Client Profile/Progress Notes/Page_Client Profile/span_arrow_outward' is clicked on

09-01-2025T16:27:13 - [TEST_STEP][PASSED] - verifyElementText(findTestObject("Object Repository/Specific Cases Repository/LS/Client Profile/Progress Notes/Page_Client Profile/a_Collapse viewsouth_west"), "Collapse viewsouth_west"): Actual text and expected text of test object 'Object Repository/Specific Cases Repository/LS/Client Profile/Progress Notes/Page_Client Profile/a_Collapse viewsouth_west' are matched.

09-01-2025T16:27:13 - [MESSAGE][PASSED] - Actual text and expected text of test object 'Object Repository/Specific Cases Repository/LS/Client Profile/Progress Notes/Page_Client Profile/a_Collapse viewsouth_west' are matched.

09-01-2025T16:27:13 - [TEST_STEP][PASSED] - click(findTestObject("Object Repository/Specific Cases Repository/LS/Client Profile/Progress Notes/Page_Client Profile/a_Cancel")): Object: 'Object Repository/Specific Cases Repository/LS/Client Profile/Progress Notes/Page_Client Profile/a_Cancel' is clicked on

09-01-2025T16:27:14 - [MESSAGE][PASSED] - Object: 'Object Repository/Specific Cases Repository/LS/Client Profile/Progress Notes/Page_Client Profile/a_Cancel' is clicked on

09-01-2025T16:27:14 - [TEST_STEP][PASSED] - click(findTestObject("Object Repository/Specific Cases Repository/LS/Client Profile/Progress Notes/Page_Client Profile/button_New note")): Object: 'Object Repository/Specific Cases Repository/LS/Client Profile/Progress Notes/Page_Client Profile/button_New note' is clicked on

09-01-2025T16:27:14 - [MESSAGE][PASSED] - Object: 'Object Repository/Specific Cases Repository/LS/Client Profile/Progress Notes/Page_Client Profile/button_New note' is clicked on

09-01-2025T16:27:14 - [TEST_STEP][PASSED] - click(findTestObject("Object Repository/Specific Cases Repository/LS/Client Profile/Progress Notes/Page_Client Profile/li_Clinical Note")): Object: 'Object Repository/Specific Cases Repository/LS/Client Profile/Progress Notes/Page_Client Profile/li_Clinical Note' is clicked on

09-01-2025T16:27:15 - [MESSAGE][PASSED] - Object: 'Object Repository/Specific Cases Repository/LS/Client Profile/Progress Notes/Page_Client Profile/li_Clinical Note' is clicked on

09-01-2025T16:27:15 - [TEST_STEP][PASSED] - click(findTestObject("Object Repository/Specific Cases Repository/LS/Client Profile/Progress Notes/Page_Client Profile/li_Individual Progress Note")): Object: 'Object Repository/Specific Cases Repository/LS/Client Profile/Progress Notes/Page_Client Profile/li_Individual Progress Note' is clicked on

09-01-2025T16:27:15 - [MESSAGE][PASSED] - Object: 'Object Repository/Specific Cases Repository/LS/Client Profile/Progress Notes/Page_Client Profile/li_Individual Progress Note' is clicked on

09-01-2025T16:27:15 - [TEST_STEP][PASSED] - click(findTestObject("Object Repository/Specific Cases Repository/LS/Client Profile/Progress Notes/Page_Client Profile/li_Clinical Note")): Object: 'Object Repository/Specific Cases Repository/LS/Client Profile/Progress Notes/Page_Client Profile/li_Clinical Note' is clicked on

09-01-2025T16:27:15 - [MESSAGE][PASSED] - Object: 'Object Repository/Specific Cases Repository/LS/Client Profile/Progress Notes/Page_Client Profile/li_Clinical Note' is clicked on

09-01-2025T16:27:15 - [TEST_STEP][PASSED] - click(findTestObject("Object Repository/Specific Cases Repository/LS/Client Profile/Progress Notes/Page_Client Profile/a_Create            arrow_right_alt")): Object: 'Object Repository/Specific Cases Repository/LS/Client Profile/Progress Notes/Page_Client Profile/a_Create            arrow_right_alt' is clicked on

09-01-2025T16:27:27 - [MESSAGE][PASSED] - Object: 'Object Repository/Specific Cases Repository/LS/Client Profile/Progress Notes/Page_Client Profile/a_Create            arrow_right_alt' is clicked on

09-01-2025T16:27:27 - [TEST_STEP][PASSED] - setText(findTestObject("Object Repository/Specific Cases Repository/LS/Client Profile/Progress Notes/Page_Clinical Note/input__subject"), "Automation Clinical Note B Client"): Text 'Automation Clinical Note B Client' is set on object 'Object Repository/Specific Cases Repository/LS/Client Profile/Progress Notes/Page_Clinical Note/input__subject'

09-01-2025T16:27:29 - [MESSAGE][PASSED] - Text 'Automation Clinical Note B Client' is set on object 'Object Repository/Specific Cases Repository/LS/Client Profile/Progress Notes/Page_Clinical Note/input__subject'

09-01-2025T16:27:29 - [TEST_STEP][PASSED] - setText(findTestObject("Object Repository/Specific Cases Repository/LS/Client Profile/Progress Notes/Page_Clinical Note/textarea_Note_textarea-1687188811798"), "Automation Clinical Note test"): Text 'Automation Clinical Note test' is set on object 'Object Repository/Specific Cases Repository/LS/Client Profile/Progress Notes/Page_Clinical Note/textarea_Note_textarea-1687188811798'

09-01-2025T16:27:31 - [MESSAGE][PASSED] - Text 'Automation Clinical Note test' is set on object 'Object Repository/Specific Cases Repository/LS/Client Profile/Progress Notes/Page_Clinical Note/textarea_Note_textarea-1687188811798'

09-01-2025T16:27:31 - [TEST_STEP][PASSED] - click(findTestObject("Object Repository/Specific Cases Repository/LS/Client Profile/Progress Notes/Page_Clinical Note/input_Sign and Lock_dss")): Object: 'Object Repository/Specific Cases Repository/LS/Client Profile/Progress Notes/Page_Clinical Note/input_Sign and Lock_dss' is clicked on

09-01-2025T16:27:32 - [MESSAGE][PASSED] - Object: 'Object Repository/Specific Cases Repository/LS/Client Profile/Progress Notes/Page_Clinical Note/input_Sign and Lock_dss' is clicked on

09-01-2025T16:27:32 - [TEST_STEP][PASSED] - click(findTestObject("Object Repository/Specific Cases Repository/LS/Client Profile/Progress Notes/Page_Clinical Note/button_Save")): Object: 'Object Repository/Specific Cases Repository/LS/Client Profile/Progress Notes/Page_Clinical Note/button_Save' is clicked on

09-01-2025T16:27:52 - [MESSAGE][PASSED] - Object: 'Object Repository/Specific Cases Repository/LS/Client Profile/Progress Notes/Page_Clinical Note/button_Save' is clicked on

09-01-2025T16:27:52 - [TEST_STEP][PASSED] - navigateToUrl("https://site17.lsapp.cloud/client/index/1557?section=notes"): Navigate to 'https://site17.lsapp.cloud/client/index/1557?section=notes' successfully

09-01-2025T16:28:07 - [MESSAGE][PASSED] - Navigate to 'https://site17.lsapp.cloud/client/index/1557?section=notes' successfully

09-01-2025T16:28:07 - [TEST_STEP][PASSED] - verifyElementText(findTestObject("Object Repository/Specific Cases Repository/LS/Client Profile/Progress Notes/Page_Client Profile/div_Clinical Note"), "Clinical Note"): Actual text and expected text of test object 'Object Repository/Specific Cases Repository/LS/Client Profile/Progress Notes/Page_Client Profile/div_Clinical Note' are matched.

09-01-2025T16:28:08 - [MESSAGE][PASSED] - Actual text and expected text of test object 'Object Repository/Specific Cases Repository/LS/Client Profile/Progress Notes/Page_Client Profile/div_Clinical Note' are matched.

09-01-2025T16:28:08 - [TEST_STEP][PASSED] - verifyElementText(findTestObject("Object Repository/Specific Cases Repository/LS/Client Profile/Progress Notes/Page_Client Profile/div_Automation Clinical Note B Client"), "Automation Clinical Note B Client"): Actual text and expected text of test object 'Object Repository/Specific Cases Repository/LS/Client Profile/Progress Notes/Page_Client Profile/div_Automation Clinical Note B Client' are matched.

09-01-2025T16:28:08 - [MESSAGE][PASSED] - Actual text and expected text of test object 'Object Repository/Specific Cases Repository/LS/Client Profile/Progress Notes/Page_Client Profile/div_Automation Clinical Note B Client' are matched.

09-01-2025T16:28:08 - [TEST_STEP][PASSED] - verifyElementText(findTestObject("Object Repository/Specific Cases Repository/LS/Client Profile/Progress Notes/Page_Client Profile/div_Automation Test"), "Automation Test"): Actual text and expected text of test object 'Object Repository/Specific Cases Repository/LS/Client Profile/Progress Notes/Page_Client Profile/div_Automation Test' are matched.

09-01-2025T16:28:09 - [MESSAGE][PASSED] - Actual text and expected text of test object 'Object Repository/Specific Cases Repository/LS/Client Profile/Progress Notes/Page_Client Profile/div_Automation Test' are matched.

09-01-2025T16:28:09 - [TEST_STEP][PASSED] - verifyElementText(findTestObject("Object Repository/Specific Cases Repository/LS/Client Profile/Progress Notes/Page_Client Profile/div_Signed"), "Signed"): Actual text and expected text of test object 'Object Repository/Specific Cases Repository/LS/Client Profile/Progress Notes/Page_Client Profile/div_Signed' are matched.

09-01-2025T16:28:09 - [MESSAGE][PASSED] - Actual text and expected text of test object 'Object Repository/Specific Cases Repository/LS/Client Profile/Progress Notes/Page_Client Profile/div_Signed' are matched.

09-01-2025T16:28:09 - [TEST_STEP][PASSED] - click(findTestObject("Object Repository/Specific Cases Repository/LS/Client Profile/Progress Notes/Page_Client Profile/i_Signed_fa fa-pencil")): Object: 'Object Repository/Specific Cases Repository/LS/Client Profile/Progress Notes/Page_Client Profile/i_Signed_fa fa-pencil' is clicked on

09-01-2025T16:28:14 - [MESSAGE][PASSED] - Object: 'Object Repository/Specific Cases Repository/LS/Client Profile/Progress Notes/Page_Client Profile/i_Signed_fa fa-pencil' is clicked on

09-01-2025T16:28:14 - [TEST_STEP][PASSED] - verifyElementText(findTestObject("Object Repository/Specific Cases Repository/LS/Client Profile/Progress Notes/Page_Clinical Note/span_Document is signed and may not be changed"), "Document is signed and may not be changed."): Actual text and expected text of test object 'Object Repository/Specific Cases Repository/LS/Client Profile/Progress Notes/Page_Clinical Note/span_Document is signed and may not be changed' are matched.

09-01-2025T16:28:15 - [MESSAGE][PASSED] - Actual text and expected text of test object 'Object Repository/Specific Cases Repository/LS/Client Profile/Progress Notes/Page_Clinical Note/span_Document is signed and may not be changed' are matched.

09-01-2025T16:28:15 - [TEST_STEP][PASSED] - verifyElementText(findTestObject("Object Repository/Specific Cases Repository/LS/Client Profile/Progress Notes/Page_Clinical Note/b_This record has been signed and locked an_a12aad"), "This record has been signed and locked and may no longer be edited."): Actual text and expected text of test object 'Object Repository/Specific Cases Repository/LS/Client Profile/Progress Notes/Page_Clinical Note/b_This record has been signed and locked an_a12aad' are matched.

09-01-2025T16:28:15 - [MESSAGE][PASSED] - Actual text and expected text of test object 'Object Repository/Specific Cases Repository/LS/Client Profile/Progress Notes/Page_Clinical Note/b_This record has been signed and locked an_a12aad' are matched.

09-01-2025T16:28:15 - [TEST_STEP][PASSED] - click(findTestObject("Object Repository/Specific Cases Repository/LS/Client Profile/Progress Notes/Page_Clinical Note/a_Unlock and Remove Signature")): Object: 'Object Repository/Specific Cases Repository/LS/Client Profile/Progress Notes/Page_Clinical Note/a_Unlock and Remove Signature' is clicked on

09-01-2025T16:28:15 - [MESSAGE][PASSED] - Object: 'Object Repository/Specific Cases Repository/LS/Client Profile/Progress Notes/Page_Clinical Note/a_Unlock and Remove Signature' is clicked on

09-01-2025T16:28:15 - [TEST_STEP][PASSED] - verifyElementText(findTestObject("Object Repository/Specific Cases Repository/LS/Client Profile/Progress Notes/Page_Client Profile/div_Not signed"), "Not signed"): Actual text and expected text of test object 'Object Repository/Specific Cases Repository/LS/Client Profile/Progress Notes/Page_Client Profile/div_Not signed' are matched.

09-01-2025T16:28:30 - [MESSAGE][PASSED] - Actual text and expected text of test object 'Object Repository/Specific Cases Repository/LS/Client Profile/Progress Notes/Page_Client Profile/div_Not signed' are matched.

09-01-2025T16:28:30 - [TEST_STEP][PASSED] - click(findTestObject("Object Repository/Specific Cases Repository/LS/Client Profile/Progress Notes/Page_Client Profile/i_Signed_fa fa-pencil")): Object: 'Object Repository/Specific Cases Repository/LS/Client Profile/Progress Notes/Page_Client Profile/i_Signed_fa fa-pencil' is clicked on

09-01-2025T16:28:34 - [MESSAGE][PASSED] - Object: 'Object Repository/Specific Cases Repository/LS/Client Profile/Progress Notes/Page_Client Profile/i_Signed_fa fa-pencil' is clicked on

09-01-2025T16:28:34 - [TEST_STEP][PASSED] - setText(findTestObject("Object Repository/Specific Cases Repository/LS/Client Profile/Progress Notes/Page_Clinical Note/textarea_Automation Clinical Note test"), "Unlock and Remove Signatures automation test"): Text 'Unlock and Remove Signatures automation test' is set on object 'Object Repository/Specific Cases Repository/LS/Client Profile/Progress Notes/Page_Clinical Note/textarea_Automation Clinical Note test'

09-01-2025T16:28:36 - [MESSAGE][PASSED] - Text 'Unlock and Remove Signatures automation test' is set on object 'Object Repository/Specific Cases Repository/LS/Client Profile/Progress Notes/Page_Clinical Note/textarea_Automation Clinical Note test'

09-01-2025T16:28:36 - [TEST_STEP][PASSED] - click(findTestObject("Object Repository/Specific Cases Repository/LS/Client Profile/Progress Notes/Page_Clinical Note/input_Sign and Lock_dss")): Object: 'Object Repository/Specific Cases Repository/LS/Client Profile/Progress Notes/Page_Clinical Note/input_Sign and Lock_dss' is clicked on

09-01-2025T16:28:36 - [MESSAGE][PASSED] - Object: 'Object Repository/Specific Cases Repository/LS/Client Profile/Progress Notes/Page_Clinical Note/input_Sign and Lock_dss' is clicked on

09-01-2025T16:28:36 - [TEST_STEP][PASSED] - click(findTestObject("Object Repository/Specific Cases Repository/LS/Client Profile/Progress Notes/Page_Clinical Note/button_Save")): Object: 'Object Repository/Specific Cases Repository/LS/Client Profile/Progress Notes/Page_Clinical Note/button_Save' is clicked on

09-01-2025T16:28:53 - [MESSAGE][PASSED] - Object: 'Object Repository/Specific Cases Repository/LS/Client Profile/Progress Notes/Page_Clinical Note/button_Save' is clicked on

09-01-2025T16:28:53 - [TEST_STEP][PASSED] - navigateToUrl("https://site17.lsapp.cloud/client/index/1557?section=notes"): Navigate to 'https://site17.lsapp.cloud/client/index/1557?section=notes' successfully

09-01-2025T16:29:08 - [MESSAGE][PASSED] - Navigate to 'https://site17.lsapp.cloud/client/index/1557?section=notes' successfully

09-01-2025T16:29:08 - [TEST_STEP][PASSED] - verifyElementText(findTestObject("Object Repository/Specific Cases Repository/LS/Client Profile/Progress Notes/Page_Client Profile/div_Signed"), "Signed"): Actual text and expected text of test object 'Object Repository/Specific Cases Repository/LS/Client Profile/Progress Notes/Page_Client Profile/div_Signed' are matched.

09-01-2025T16:29:09 - [MESSAGE][PASSED] - Actual text and expected text of test object 'Object Repository/Specific Cases Repository/LS/Client Profile/Progress Notes/Page_Client Profile/div_Signed' are matched.

09-01-2025T16:29:09 - [TEST_STEP][PASSED] - click(findTestObject("Object Repository/Specific Cases Repository/LS/Client Profile/Progress Notes/Page_Client Profile/button_New note")): Object: 'Object Repository/Specific Cases Repository/LS/Client Profile/Progress Notes/Page_Client Profile/button_New note' is clicked on

09-01-2025T16:29:09 - [MESSAGE][PASSED] - Object: 'Object Repository/Specific Cases Repository/LS/Client Profile/Progress Notes/Page_Client Profile/button_New note' is clicked on

09-01-2025T16:29:09 - [TEST_STEP][PASSED] - click(findTestObject("Object Repository/Specific Cases Repository/LS/Client Profile/Progress Notes/Page_Client Profile/li_Case Note")): Object: 'Object Repository/Specific Cases Repository/LS/Client Profile/Progress Notes/Page_Client Profile/li_Case Note' is clicked on

09-01-2025T16:29:09 - [MESSAGE][PASSED] - Object: 'Object Repository/Specific Cases Repository/LS/Client Profile/Progress Notes/Page_Client Profile/li_Case Note' is clicked on

09-01-2025T16:29:09 - [TEST_STEP][PASSED] - click(findTestObject("Object Repository/Specific Cases Repository/LS/Client Profile/Progress Notes/Page_Client Profile/span_arrow_right_alt")): Object: 'Object Repository/Specific Cases Repository/LS/Client Profile/Progress Notes/Page_Client Profile/span_arrow_right_alt' is clicked on

09-01-2025T16:29:19 - [MESSAGE][PASSED] - Object: 'Object Repository/Specific Cases Repository/LS/Client Profile/Progress Notes/Page_Client Profile/span_arrow_right_alt' is clicked on

09-01-2025T16:29:19 - [TEST_STEP][PASSED] - setText(findTestObject("Object Repository/Specific Cases Repository/LS/Client Profile/Progress Notes/Page_Case Note/textarea_Note_note"), "Autoamtion case note"): Text 'Autoamtion case note' is set on object 'Object Repository/Specific Cases Repository/LS/Client Profile/Progress Notes/Page_Case Note/textarea_Note_note'

09-01-2025T16:29:20 - [MESSAGE][PASSED] - Text 'Autoamtion case note' is set on object 'Object Repository/Specific Cases Repository/LS/Client Profile/Progress Notes/Page_Case Note/textarea_Note_note'

09-01-2025T16:29:20 - [TEST_STEP][PASSED] - selectOptionByValue(findTestObject("Object Repository/Specific Cases Repository/LS/Client Profile/Progress Notes/Page_Case Note/select_Program Attendance                  _a823b5"), "Program Attendance", true): All options with value 'Program Attendance' are selected in object 'Object Repository/Specific Cases Repository/LS/Client Profile/Progress Notes/Page_Case Note/select_Program Attendance                  _a823b5'  using regular expression

09-01-2025T16:29:21 - [MESSAGE][PASSED] - All options with value 'Program Attendance' are selected in object 'Object Repository/Specific Cases Repository/LS/Client Profile/Progress Notes/Page_Case Note/select_Program Attendance                  _a823b5'  using regular expression

09-01-2025T16:29:21 - [TEST_STEP][PASSED] - click(findTestObject("Object Repository/Specific Cases Repository/LS/Client Profile/Progress Notes/Page_Case Note/input_Sign and Lock_dss")): Object: 'Object Repository/Specific Cases Repository/LS/Client Profile/Progress Notes/Page_Case Note/input_Sign and Lock_dss' is clicked on

09-01-2025T16:29:22 - [MESSAGE][PASSED] - Object: 'Object Repository/Specific Cases Repository/LS/Client Profile/Progress Notes/Page_Case Note/input_Sign and Lock_dss' is clicked on

09-01-2025T16:29:22 - [TEST_STEP][PASSED] - click(findTestObject("Object Repository/Specific Cases Repository/LS/Client Profile/Progress Notes/Page_Case Note/button_Save")): Object: 'Object Repository/Specific Cases Repository/LS/Client Profile/Progress Notes/Page_Case Note/button_Save' is clicked on

09-01-2025T16:29:38 - [MESSAGE][PASSED] - Object: 'Object Repository/Specific Cases Repository/LS/Client Profile/Progress Notes/Page_Case Note/button_Save' is clicked on

09-01-2025T16:29:38 - [TEST_STEP][PASSED] - navigateToUrl("https://site17.lsapp.cloud/client/index/1557?section=notes"): Navigate to 'https://site17.lsapp.cloud/client/index/1557?section=notes' successfully

09-01-2025T16:29:51 - [MESSAGE][PASSED] - Navigate to 'https://site17.lsapp.cloud/client/index/1557?section=notes' successfully

09-01-2025T16:29:51 - [TEST_STEP][PASSED] - verifyElementText(findTestObject("Object Repository/Specific Cases Repository/LS/Client Profile/Progress Notes/Page_Client Profile/div_Case Note"), "Case Note"): Actual text and expected text of test object 'Object Repository/Specific Cases Repository/LS/Client Profile/Progress Notes/Page_Client Profile/div_Case Note' are matched.

09-01-2025T16:29:52 - [MESSAGE][PASSED] - Actual text and expected text of test object 'Object Repository/Specific Cases Repository/LS/Client Profile/Progress Notes/Page_Client Profile/div_Case Note' are matched.

09-01-2025T16:29:52 - [TEST_STEP][PASSED] - verifyElementText(findTestObject("Object Repository/Specific Cases Repository/LS/Client Profile/Progress Notes/Page_Client Profile/div_Program Attendance"), "Program Attendance"): Actual text and expected text of test object 'Object Repository/Specific Cases Repository/LS/Client Profile/Progress Notes/Page_Client Profile/div_Program Attendance' are matched.

09-01-2025T16:29:52 - [MESSAGE][PASSED] - Actual text and expected text of test object 'Object Repository/Specific Cases Repository/LS/Client Profile/Progress Notes/Page_Client Profile/div_Program Attendance' are matched.

09-01-2025T16:29:52 - [TEST_STEP][PASSED] - closeBrowser(): Browser is closed

09-01-2025T16:29:53 - [MESSAGE][PASSED] - Browser is closed]]></system-out>
         <system-err><![CDATA[]]></system-err>
      </testcase>
      <testcase name="Test Cases/Specific Cases/LS/Client Profile/Client Profile" time="32.657" classname="Test Cases/Specific Cases/LS/Client Profile/Client Profile" status="FAILED">
         <failure type="FAILED" message="Test Cases/Specific Cases/LS/Client Profile/Client Profile FAILED.&#xa;Reason:&#xa;com.kms.katalon.core.exception.StepFailedException: Verify element text of test object 'Object Repository/Specific Cases Repository/LS/Client Profile/Client Profile/Page_Client Profile/div_23' FAILED.&#xa;	at com.kms.katalon.core.webui.keyword.internal.WebUIKeywordMain.stepFailed(WebUIKeywordMain.groovy:117)&#xa;	at com.kms.katalon.core.webui.keyword.internal.WebUIKeywordMain.runKeyword(WebUIKeywordMain.groovy:43)&#xa;	at com.kms.katalon.core.webui.keyword.builtin.VerifyElementTextKeyword.verifyElementText(VerifyElementTextKeyword.groovy:72)&#xa;	at com.kms.katalon.core.webui.keyword.builtin.VerifyElementTextKeyword.execute(VerifyElementTextKeyword.groovy:40)&#xa;	at com.kms.katalon.core.keyword.internal.KeywordExecutor.executeKeywordForPlatform(KeywordExecutor.groovy:74)&#xa;	at com.kms.katalon.core.webui.keyword.WebUiBuiltInKeywords.verifyElementText(WebUiBuiltInKeywords.groovy:4835)&#xa;	at Client Profile.run(Client Profile:39)&#xa;	at com.kms.katalon.core.main.ScriptEngine.run(ScriptEngine.java:194)&#xa;	at com.kms.katalon.core.main.ScriptEngine.runScriptAsRawText(ScriptEngine.java:119)&#xa;	at com.kms.katalon.core.main.TestCaseExecutor.runScript(TestCaseExecutor.java:448)&#xa;	at com.kms.katalon.core.main.TestCaseExecutor.doExecute(TestCaseExecutor.java:439)&#xa;	at com.kms.katalon.core.main.TestCaseExecutor.processExecutionPhase(TestCaseExecutor.java:418)&#xa;	at com.kms.katalon.core.main.TestCaseExecutor.accessMainPhase(TestCaseExecutor.java:410)&#xa;	at com.kms.katalon.core.main.TestCaseExecutor.execute(TestCaseExecutor.java:285)&#xa;	at com.kms.katalon.core.main.TestCaseExecutor.execute(TestCaseExecutor.java:369)&#xa;	at com.kms.katalon.core.main.TestCaseExecutor.execute(TestCaseExecutor.java:369)&#xa;	at com.kms.katalon.core.main.TestCaseExecutor.execute(TestCaseExecutor.java:369)&#xa;	at com.kms.katalon.core.common.CommonExecutor.accessTestCaseMainPhase(CommonExecutor.java:65)&#xa;	at com.kms.katalon.core.main.TestSuiteExecutor.accessTestSuiteMainPhase(TestSuiteExecutor.java:150)&#xa;	at com.kms.katalon.core.main.TestSuiteExecutor.execute(TestSuiteExecutor.java:106)&#xa;	at com.kms.katalon.core.main.TestCaseMain.startTestSuite(TestCaseMain.java:180)&#xa;	at TempTestSuite1736457683839.run(TempTestSuite1736457683839.groovy:35)&#xa;	at java.base/jdk.internal.reflect.NativeMethodAccessorImpl.invoke0(Native Method)&#xa;	at java.base/jdk.internal.reflect.NativeMethodAccessorImpl.invoke(NativeMethodAccessorImpl.java:77)&#xa;	at java.base/jdk.internal.reflect.DelegatingMethodAccessorImpl.invoke(DelegatingMethodAccessorImpl.java:43)&#xa;Caused by: com.kms.katalon.core.exception.StepFailedException: Actual text '24' and expected text '23' of test object 'Object Repository/Specific Cases Repository/LS/Client Profile/Client Profile/Page_Client Profile/div_23' are NOT matched.&#xa;	at com.kms.katalon.core.webui.keyword.internal.WebUIKeywordMain.stepFailed(WebUIKeywordMain.groovy:117)&#xa;	at com.kms.katalon.core.webui.keyword.builtin.VerifyElementTextKeyword$_verifyElementText_closure1.doCall(VerifyElementTextKeyword.groovy:57)&#xa;	at com.kms.katalon.core.webui.keyword.builtin.VerifyElementTextKeyword$_verifyElementText_closure1.call(VerifyElementTextKeyword.groovy)&#xa;	at com.kms.katalon.core.webui.keyword.internal.WebUIKeywordMain.runKeyword(WebUIKeywordMain.groovy:35)&#xa;	... 23 more&#xa;"/>
         <system-out><![CDATA[09-01-2025T16:31:19 - [TEST_CASE][FAILED] - Test Cases/Specific Cases/LS/Client Profile/Client Profile: Test Cases/Specific Cases/LS/Client Profile/Client Profile FAILED.
Reason:
com.kms.katalon.core.exception.StepFailedException: Verify element text of test object 'Object Repository/Specific Cases Repository/LS/Client Profile/Client Profile/Page_Client Profile/div_23' FAILED.
	at com.kms.katalon.core.webui.keyword.internal.WebUIKeywordMain.stepFailed(WebUIKeywordMain.groovy:117)
	at com.kms.katalon.core.webui.keyword.internal.WebUIKeywordMain.runKeyword(WebUIKeywordMain.groovy:43)
	at com.kms.katalon.core.webui.keyword.builtin.VerifyElementTextKeyword.verifyElementText(VerifyElementTextKeyword.groovy:72)
	at com.kms.katalon.core.webui.keyword.builtin.VerifyElementTextKeyword.execute(VerifyElementTextKeyword.groovy:40)
	at com.kms.katalon.core.keyword.internal.KeywordExecutor.executeKeywordForPlatform(KeywordExecutor.groovy:74)
	at com.kms.katalon.core.webui.keyword.WebUiBuiltInKeywords.verifyElementText(WebUiBuiltInKeywords.groovy:4835)
	at Client Profile.run(Client Profile:39)
	at com.kms.katalon.core.main.ScriptEngine.run(ScriptEngine.java:194)
	at com.kms.katalon.core.main.ScriptEngine.runScriptAsRawText(ScriptEngine.java:119)
	at com.kms.katalon.core.main.TestCaseExecutor.runScript(TestCaseExecutor.java:448)
	at com.kms.katalon.core.main.TestCaseExecutor.doExecute(TestCaseExecutor.java:439)
	at com.kms.katalon.core.main.TestCaseExecutor.processExecutionPhase(TestCaseExecutor.java:418)
	at com.kms.katalon.core.main.TestCaseExecutor.accessMainPhase(TestCaseExecutor.java:410)
	at com.kms.katalon.core.main.TestCaseExecutor.execute(TestCaseExecutor.java:285)
	at com.kms.katalon.core.main.TestCaseExecutor.execute(TestCaseExecutor.java:369)
	at com.kms.katalon.core.main.TestCaseExecutor.execute(TestCaseExecutor.java:369)
	at com.kms.katalon.core.main.TestCaseExecutor.execute(TestCaseExecutor.java:369)
	at com.kms.katalon.core.common.CommonExecutor.accessTestCaseMainPhase(CommonExecutor.java:65)
	at com.kms.katalon.core.main.TestSuiteExecutor.accessTestSuiteMainPhase(TestSuiteExecutor.java:150)
	at com.kms.katalon.core.main.TestSuiteExecutor.execute(TestSuiteExecutor.java:106)
	at com.kms.katalon.core.main.TestCaseMain.startTestSuite(TestCaseMain.java:180)
	at TempTestSuite1736457683839.run(TempTestSuite1736457683839.groovy:35)
	at java.base/jdk.internal.reflect.NativeMethodAccessorImpl.invoke0(Native Method)
	at java.base/jdk.internal.reflect.NativeMethodAccessorImpl.invoke(NativeMethodAccessorImpl.java:77)
	at java.base/jdk.internal.reflect.DelegatingMethodAccessorImpl.invoke(DelegatingMethodAccessorImpl.java:43)
Caused by: com.kms.katalon.core.exception.StepFailedException: Actual text '24' and expected text '23' of test object 'Object Repository/Specific Cases Repository/LS/Client Profile/Client Profile/Page_Client Profile/div_23' are NOT matched.
	at com.kms.katalon.core.webui.keyword.internal.WebUIKeywordMain.stepFailed(WebUIKeywordMain.groovy:117)
	at com.kms.katalon.core.webui.keyword.builtin.VerifyElementTextKeyword$_verifyElementText_closure1.doCall(VerifyElementTextKeyword.groovy:57)
	at com.kms.katalon.core.webui.keyword.builtin.VerifyElementTextKeyword$_verifyElementText_closure1.call(VerifyElementTextKeyword.groovy)
	at com.kms.katalon.core.webui.keyword.internal.WebUIKeywordMain.runKeyword(WebUIKeywordMain.groovy:35)
	... 23 more


09-01-2025T16:31:19 - [TEST_STEP][PASSED] - callTestCase(findTestCase("Common Cases/Login"), [:], STOP_ON_FAILURE): Call Test Case 'Test Cases/Common Cases/Login' successfully

09-01-2025T16:31:19 - [TEST_CASE][PASSED] - Test Cases/Common Cases/Login: Test Cases/Common Cases/Login

09-01-2025T16:31:19 - [TEST_STEP][PASSED] - openBrowser(""): Browser is opened with url: ''

09-01-2025T16:31:19 - [MESSAGE][WARNING] - A browser is already opened. Closing browser and opening a new one

09-01-2025T16:31:19 - [MESSAGE][INFO] - Starting 'Chrome' driver

09-01-2025T16:31:19 - [MESSAGE][INFO] - Action delay is set to 0 milliseconds

09-01-2025T16:31:20 - [MESSAGE][PASSED] - Browser is opened with url: ''

09-01-2025T16:31:20 - [TEST_STEP][PASSED] - maximizeWindow(): Current window maximized

09-01-2025T16:31:20 - [MESSAGE][PASSED] - Current window maximized

09-01-2025T16:31:20 - [TEST_STEP][PASSED] - navigateToUrl("https://site17.lsapp.cloud/auth/login"): Navigate to 'https://site17.lsapp.cloud/auth/login' successfully

09-01-2025T16:31:25 - [MESSAGE][PASSED] - Navigate to 'https://site17.lsapp.cloud/auth/login' successfully

09-01-2025T16:31:25 - [TEST_STEP][PASSED] - setText(findTestObject("Object Repository/Common Cases Repository/Login/Page_Lightning Step/input_Email_email"), "automation@lightningstep.com"): Text 'automation@lightningstep.com' is set on object 'Object Repository/Common Cases Repository/Login/Page_Lightning Step/input_Email_email'

09-01-2025T16:31:26 - [MESSAGE][PASSED] - Text 'automation@lightningstep.com' is set on object 'Object Repository/Common Cases Repository/Login/Page_Lightning Step/input_Email_email'

09-01-2025T16:31:26 - [TEST_STEP][PASSED] - setEncryptedText(findTestObject("Object Repository/Common Cases Repository/Login/Page_Lightning Step/input_Password_password"), "e5N8VHmnhJDITtQaQhDQDw=="): Text ****** has been set on object 'Object Repository/Common Cases Repository/Login/Page_Lightning Step/input_Password_password'

09-01-2025T16:31:26 - [MESSAGE][PASSED] - Text ****** has been set on object 'Object Repository/Common Cases Repository/Login/Page_Lightning Step/input_Password_password'

09-01-2025T16:31:26 - [TEST_STEP][PASSED] - click(findTestObject("Object Repository/Common Cases Repository/Login/Page_Lightning Step/button_Sign in")): Object: 'Object Repository/Common Cases Repository/Login/Page_Lightning Step/button_Sign in' is clicked on

09-01-2025T16:31:33 - [MESSAGE][PASSED] - Object: 'Object Repository/Common Cases Repository/Login/Page_Lightning Step/button_Sign in' is clicked on

09-01-2025T16:31:33 - [MESSAGE][PASSED] - Call Test Case 'Test Cases/Common Cases/Login' successfully

09-01-2025T16:31:33 - [TEST_STEP][PASSED] - navigateToUrl("https://site17.lsapp.cloud/client/index/1557?section=clientprofile"): Navigate to 'https://site17.lsapp.cloud/client/index/1557?section=clientprofile' successfully

09-01-2025T16:31:49 - [MESSAGE][PASSED] - Navigate to 'https://site17.lsapp.cloud/client/index/1557?section=clientprofile' successfully

09-01-2025T16:31:49 - [TEST_STEP][PASSED] - verifyElementText(findTestObject("Object Repository/Specific Cases Repository/LS/Client Profile/Client Profile/Page_Client Profile/div_01022001"), "01/02/2001"): Actual text and expected text of test object 'Object Repository/Specific Cases Repository/LS/Client Profile/Client Profile/Page_Client Profile/div_01022001' are matched.

09-01-2025T16:31:50 - [MESSAGE][PASSED] - Actual text and expected text of test object 'Object Repository/Specific Cases Repository/LS/Client Profile/Client Profile/Page_Client Profile/div_01022001' are matched.

09-01-2025T16:31:50 - [TEST_STEP][PASSED] - verifyElementText(findTestObject("Object Repository/Specific Cases Repository/LS/Client Profile/Client Profile/Page_Client Profile/div_24-11007"), "24-11007"): Actual text and expected text of test object 'Object Repository/Specific Cases Repository/LS/Client Profile/Client Profile/Page_Client Profile/div_24-11007' are matched.

09-01-2025T16:31:50 - [MESSAGE][PASSED] - Actual text and expected text of test object 'Object Repository/Specific Cases Repository/LS/Client Profile/Client Profile/Page_Client Profile/div_24-11007' are matched.

09-01-2025T16:31:50 - [TEST_STEP][PASSED] - verifyElementText(findTestObject("Object Repository/Specific Cases Repository/LS/Client Profile/Client Profile/Page_Client Profile/div_Dog Treatment Center"), "Dog Treatment Center"): Actual text and expected text of test object 'Object Repository/Specific Cases Repository/LS/Client Profile/Client Profile/Page_Client Profile/div_Dog Treatment Center' are matched.

09-01-2025T16:31:50 - [MESSAGE][PASSED] - Actual text and expected text of test object 'Object Repository/Specific Cases Repository/LS/Client Profile/Client Profile/Page_Client Profile/div_Dog Treatment Center' are matched.

09-01-2025T16:31:50 - [TEST_STEP][PASSED] - verifyElementText(findTestObject("Object Repository/Specific Cases Repository/LS/Client Profile/Client Profile/Page_Client Profile/div_Detoxification"), "Detoxification"): Actual text and expected text of test object 'Object Repository/Specific Cases Repository/LS/Client Profile/Client Profile/Page_Client Profile/div_Detoxification' are matched.

09-01-2025T16:31:51 - [MESSAGE][PASSED] - Actual text and expected text of test object 'Object Repository/Specific Cases Repository/LS/Client Profile/Client Profile/Page_Client Profile/div_Detoxification' are matched.

09-01-2025T16:31:51 - [TEST_STEP][PASSED] - verifyElementText(findTestObject("Object Repository/Specific Cases Repository/LS/Client Profile/Client Profile/Page_Client Profile/div_08282024"), "08/28/2024"): Actual text and expected text of test object 'Object Repository/Specific Cases Repository/LS/Client Profile/Client Profile/Page_Client Profile/div_08282024' are matched.

09-01-2025T16:31:51 - [MESSAGE][PASSED] - Actual text and expected text of test object 'Object Repository/Specific Cases Repository/LS/Client Profile/Client Profile/Page_Client Profile/div_08282024' are matched.

09-01-2025T16:31:51 - [TEST_STEP][FAILED] - verifyElementText(findTestObject("Object Repository/Specific Cases Repository/LS/Client Profile/Client Profile/Page_Client Profile/div_23"), "23"): Verify element text of test object 'Object Repository/Specific Cases Repository/LS/Client Profile/Client Profile/Page_Client Profile/div_23' FAILED. (Root cause: com.kms.katalon.core.exception.StepFailedException: Verify element text of test object 'Object Repository/Specific Cases Repository/LS/Client Profile/Client Profile/Page_Client Profile/div_23' FAILED.
	at com.kms.katalon.core.webui.keyword.internal.WebUIKeywordMain.stepFailed(WebUIKeywordMain.groovy:117)
	at com.kms.katalon.core.webui.keyword.internal.WebUIKeywordMain.runKeyword(WebUIKeywordMain.groovy:43)
	at com.kms.katalon.core.webui.keyword.builtin.VerifyElementTextKeyword.verifyElementText(VerifyElementTextKeyword.groovy:72)
	at com.kms.katalon.core.webui.keyword.builtin.VerifyElementTextKeyword.execute(VerifyElementTextKeyword.groovy:40)
	at com.kms.katalon.core.keyword.internal.KeywordExecutor.executeKeywordForPlatform(KeywordExecutor.groovy:74)
	at com.kms.katalon.core.webui.keyword.WebUiBuiltInKeywords.verifyElementText(WebUiBuiltInKeywords.groovy:4835)
	at Client Profile.run(Client Profile:39)
	at com.kms.katalon.core.main.ScriptEngine.run(ScriptEngine.java:194)
	at com.kms.katalon.core.main.ScriptEngine.runScriptAsRawText(ScriptEngine.java:119)
	at com.kms.katalon.core.main.TestCaseExecutor.runScript(TestCaseExecutor.java:448)
	at com.kms.katalon.core.main.TestCaseExecutor.doExecute(TestCaseExecutor.java:439)
	at com.kms.katalon.core.main.TestCaseExecutor.processExecutionPhase(TestCaseExecutor.java:418)
	at com.kms.katalon.core.main.TestCaseExecutor.accessMainPhase(TestCaseExecutor.java:410)
	at com.kms.katalon.core.main.TestCaseExecutor.execute(TestCaseExecutor.java:285)
	at com.kms.katalon.core.main.TestCaseExecutor.execute(TestCaseExecutor.java:369)
	at com.kms.katalon.core.main.TestCaseExecutor.execute(TestCaseExecutor.java:369)
	at com.kms.katalon.core.main.TestCaseExecutor.execute(TestCaseExecutor.java:369)
	at com.kms.katalon.core.common.CommonExecutor.accessTestCaseMainPhase(CommonExecutor.java:65)
	at com.kms.katalon.core.main.TestSuiteExecutor.accessTestSuiteMainPhase(TestSuiteExecutor.java:150)
	at com.kms.katalon.core.main.TestSuiteExecutor.execute(TestSuiteExecutor.java:106)
	at com.kms.katalon.core.main.TestCaseMain.startTestSuite(TestCaseMain.java:180)
	at TempTestSuite1736457683839.run(TempTestSuite1736457683839.groovy:35)
	at java.base/jdk.internal.reflect.NativeMethodAccessorImpl.invoke0(Native Method)
	at java.base/jdk.internal.reflect.NativeMethodAccessorImpl.invoke(NativeMethodAccessorImpl.java:77)
	at java.base/jdk.internal.reflect.DelegatingMethodAccessorImpl.invoke(DelegatingMethodAccessorImpl.java:43)
Caused by: com.kms.katalon.core.exception.StepFailedException: Actual text '24' and expected text '23' of test object 'Object Repository/Specific Cases Repository/LS/Client Profile/Client Profile/Page_Client Profile/div_23' are NOT matched.
	at com.kms.katalon.core.webui.keyword.internal.WebUIKeywordMain.stepFailed(WebUIKeywordMain.groovy:117)
	at com.kms.katalon.core.webui.keyword.builtin.VerifyElementTextKeyword$_verifyElementText_closure1.doCall(VerifyElementTextKeyword.groovy:57)
	at com.kms.katalon.core.webui.keyword.builtin.VerifyElementTextKeyword$_verifyElementText_closure1.call(VerifyElementTextKeyword.groovy)
	at com.kms.katalon.core.webui.keyword.internal.WebUIKeywordMain.runKeyword(WebUIKeywordMain.groovy:35)
	... 23 more
)

09-01-2025T16:31:51 - [MESSAGE][FAILED] - Actual text '24' and expected text '23' of test object 'Object Repository/Specific Cases Repository/LS/Client Profile/Client Profile/Page_Client Profile/div_23' are NOT matched. (Root cause: com.kms.katalon.core.exception.StepFailedException: Actual text '24' and expected text '23' of test object 'Object Repository/Specific Cases Repository/LS/Client Profile/Client Profile/Page_Client Profile/div_23' are NOT matched.
	at com.kms.katalon.core.webui.keyword.internal.WebUIKeywordMain.stepFailed(WebUIKeywordMain.groovy:117)
	at com.kms.katalon.core.webui.keyword.builtin.VerifyElementTextKeyword$_verifyElementText_closure1.doCall(VerifyElementTextKeyword.groovy:57)
	at com.kms.katalon.core.webui.keyword.builtin.VerifyElementTextKeyword$_verifyElementText_closure1.call(VerifyElementTextKeyword.groovy)
	at com.kms.katalon.core.webui.keyword.internal.WebUIKeywordMain.runKeyword(WebUIKeywordMain.groovy:35)
	at com.kms.katalon.core.webui.keyword.builtin.VerifyElementTextKeyword.verifyElementText(VerifyElementTextKeyword.groovy:72)
	at com.kms.katalon.core.webui.keyword.builtin.VerifyElementTextKeyword.execute(VerifyElementTextKeyword.groovy:40)
	at com.kms.katalon.core.keyword.internal.KeywordExecutor.executeKeywordForPlatform(KeywordExecutor.groovy:74)
	at com.kms.katalon.core.webui.keyword.WebUiBuiltInKeywords.verifyElementText(WebUiBuiltInKeywords.groovy:4835)
	at Client Profile.run(Client Profile:39)
	at com.kms.katalon.core.main.ScriptEngine.run(ScriptEngine.java:194)
	at com.kms.katalon.core.main.ScriptEngine.runScriptAsRawText(ScriptEngine.java:119)
	at com.kms.katalon.core.main.TestCaseExecutor.runScript(TestCaseExecutor.java:448)
	at com.kms.katalon.core.main.TestCaseExecutor.doExecute(TestCaseExecutor.java:439)
	at com.kms.katalon.core.main.TestCaseExecutor.processExecutionPhase(TestCaseExecutor.java:418)
	at com.kms.katalon.core.main.TestCaseExecutor.accessMainPhase(TestCaseExecutor.java:410)
	at com.kms.katalon.core.main.TestCaseExecutor.execute(TestCaseExecutor.java:285)
	at com.kms.katalon.core.main.TestCaseExecutor.execute(TestCaseExecutor.java:369)
	at com.kms.katalon.core.main.TestCaseExecutor.execute(TestCaseExecutor.java:369)
	at com.kms.katalon.core.main.TestCaseExecutor.execute(TestCaseExecutor.java:369)
	at com.kms.katalon.core.common.CommonExecutor.accessTestCaseMainPhase(CommonExecutor.java:65)
	at com.kms.katalon.core.main.TestSuiteExecutor.accessTestSuiteMainPhase(TestSuiteExecutor.java:150)
	at com.kms.katalon.core.main.TestSuiteExecutor.execute(TestSuiteExecutor.java:106)
	at com.kms.katalon.core.main.TestCaseMain.startTestSuite(TestCaseMain.java:180)
	at TempTestSuite1736457683839.run(TempTestSuite1736457683839.groovy:35)
	at java.base/jdk.internal.reflect.NativeMethodAccessorImpl.invoke0(Native Method)
	at java.base/jdk.internal.reflect.NativeMethodAccessorImpl.invoke(NativeMethodAccessorImpl.java:77)
	at java.base/jdk.internal.reflect.DelegatingMethodAccessorImpl.invoke(DelegatingMethodAccessorImpl.java:43)
)
[[ATTACHMENT|C:\\Users\\Enrique\\git\\AUTOMATION_LS\\Reports\\20250109_162114\\LS\\Client Profile\\Client Profile\\20250109_162123\\1736458311603.png]]

09-01-2025T16:31:52 - [MESSAGE][FAILED] - Verify element text of test object 'Object Repository/Specific Cases Repository/LS/Client Profile/Client Profile/Page_Client Profile/div_23' FAILED. (Root cause: com.kms.katalon.core.exception.StepFailedException: Verify element text of test object 'Object Repository/Specific Cases Repository/LS/Client Profile/Client Profile/Page_Client Profile/div_23' FAILED.
	at com.kms.katalon.core.webui.keyword.internal.WebUIKeywordMain.stepFailed(WebUIKeywordMain.groovy:117)
	at com.kms.katalon.core.webui.keyword.internal.WebUIKeywordMain.runKeyword(WebUIKeywordMain.groovy:43)
	at com.kms.katalon.core.webui.keyword.builtin.VerifyElementTextKeyword.verifyElementText(VerifyElementTextKeyword.groovy:72)
	at com.kms.katalon.core.webui.keyword.builtin.VerifyElementTextKeyword.execute(VerifyElementTextKeyword.groovy:40)
	at com.kms.katalon.core.keyword.internal.KeywordExecutor.executeKeywordForPlatform(KeywordExecutor.groovy:74)
	at com.kms.katalon.core.webui.keyword.WebUiBuiltInKeywords.verifyElementText(WebUiBuiltInKeywords.groovy:4835)
	at Client Profile.run(Client Profile:39)
	at com.kms.katalon.core.main.ScriptEngine.run(ScriptEngine.java:194)
	at com.kms.katalon.core.main.ScriptEngine.runScriptAsRawText(ScriptEngine.java:119)
	at com.kms.katalon.core.main.TestCaseExecutor.runScript(TestCaseExecutor.java:448)
	at com.kms.katalon.core.main.TestCaseExecutor.doExecute(TestCaseExecutor.java:439)
	at com.kms.katalon.core.main.TestCaseExecutor.processExecutionPhase(TestCaseExecutor.java:418)
	at com.kms.katalon.core.main.TestCaseExecutor.accessMainPhase(TestCaseExecutor.java:410)
	at com.kms.katalon.core.main.TestCaseExecutor.execute(TestCaseExecutor.java:285)
	at com.kms.katalon.core.main.TestCaseExecutor.execute(TestCaseExecutor.java:369)
	at com.kms.katalon.core.main.TestCaseExecutor.execute(TestCaseExecutor.java:369)
	at com.kms.katalon.core.main.TestCaseExecutor.execute(TestCaseExecutor.java:369)
	at com.kms.katalon.core.common.CommonExecutor.accessTestCaseMainPhase(CommonExecutor.java:65)
	at com.kms.katalon.core.main.TestSuiteExecutor.accessTestSuiteMainPhase(TestSuiteExecutor.java:150)
	at com.kms.katalon.core.main.TestSuiteExecutor.execute(TestSuiteExecutor.java:106)
	at com.kms.katalon.core.main.TestCaseMain.startTestSuite(TestCaseMain.java:180)
	at TempTestSuite1736457683839.run(TempTestSuite1736457683839.groovy:35)
	at java.base/jdk.internal.reflect.NativeMethodAccessorImpl.invoke0(Native Method)
	at java.base/jdk.internal.reflect.NativeMethodAccessorImpl.invoke(NativeMethodAccessorImpl.java:77)
	at java.base/jdk.internal.reflect.DelegatingMethodAccessorImpl.invoke(DelegatingMethodAccessorImpl.java:43)
Caused by: com.kms.katalon.core.exception.StepFailedException: Actual text '24' and expected text '23' of test object 'Object Repository/Specific Cases Repository/LS/Client Profile/Client Profile/Page_Client Profile/div_23' are NOT matched.
	at com.kms.katalon.core.webui.keyword.internal.WebUIKeywordMain.stepFailed(WebUIKeywordMain.groovy:117)
	at com.kms.katalon.core.webui.keyword.builtin.VerifyElementTextKeyword$_verifyElementText_closure1.doCall(VerifyElementTextKeyword.groovy:57)
	at com.kms.katalon.core.webui.keyword.builtin.VerifyElementTextKeyword$_verifyElementText_closure1.call(VerifyElementTextKeyword.groovy)
	at com.kms.katalon.core.webui.keyword.internal.WebUIKeywordMain.runKeyword(WebUIKeywordMain.groovy:35)
	... 23 more
)
[[ATTACHMENT|C:\\Users\\Enrique\\git\\AUTOMATION_LS\\Reports\\20250109_162114\\LS\\Client Profile\\Client Profile\\20250109_162123\\1736458311825.png]]]]></system-out>
         <system-err><![CDATA[09-01-2025T16:31:19 - [TEST_CASE][FAILED] - Test Cases/Specific Cases/LS/Client Profile/Client Profile: Test Cases/Specific Cases/LS/Client Profile/Client Profile FAILED.
Reason:
com.kms.katalon.core.exception.StepFailedException: Verify element text of test object 'Object Repository/Specific Cases Repository/LS/Client Profile/Client Profile/Page_Client Profile/div_23' FAILED.
	at com.kms.katalon.core.webui.keyword.internal.WebUIKeywordMain.stepFailed(WebUIKeywordMain.groovy:117)
	at com.kms.katalon.core.webui.keyword.internal.WebUIKeywordMain.runKeyword(WebUIKeywordMain.groovy:43)
	at com.kms.katalon.core.webui.keyword.builtin.VerifyElementTextKeyword.verifyElementText(VerifyElementTextKeyword.groovy:72)
	at com.kms.katalon.core.webui.keyword.builtin.VerifyElementTextKeyword.execute(VerifyElementTextKeyword.groovy:40)
	at com.kms.katalon.core.keyword.internal.KeywordExecutor.executeKeywordForPlatform(KeywordExecutor.groovy:74)
	at com.kms.katalon.core.webui.keyword.WebUiBuiltInKeywords.verifyElementText(WebUiBuiltInKeywords.groovy:4835)
	at Client Profile.run(Client Profile:39)
	at com.kms.katalon.core.main.ScriptEngine.run(ScriptEngine.java:194)
	at com.kms.katalon.core.main.ScriptEngine.runScriptAsRawText(ScriptEngine.java:119)
	at com.kms.katalon.core.main.TestCaseExecutor.runScript(TestCaseExecutor.java:448)
	at com.kms.katalon.core.main.TestCaseExecutor.doExecute(TestCaseExecutor.java:439)
	at com.kms.katalon.core.main.TestCaseExecutor.processExecutionPhase(TestCaseExecutor.java:418)
	at com.kms.katalon.core.main.TestCaseExecutor.accessMainPhase(TestCaseExecutor.java:410)
	at com.kms.katalon.core.main.TestCaseExecutor.execute(TestCaseExecutor.java:285)
	at com.kms.katalon.core.main.TestCaseExecutor.execute(TestCaseExecutor.java:369)
	at com.kms.katalon.core.main.TestCaseExecutor.execute(TestCaseExecutor.java:369)
	at com.kms.katalon.core.main.TestCaseExecutor.execute(TestCaseExecutor.java:369)
	at com.kms.katalon.core.common.CommonExecutor.accessTestCaseMainPhase(CommonExecutor.java:65)
	at com.kms.katalon.core.main.TestSuiteExecutor.accessTestSuiteMainPhase(TestSuiteExecutor.java:150)
	at com.kms.katalon.core.main.TestSuiteExecutor.execute(TestSuiteExecutor.java:106)
	at com.kms.katalon.core.main.TestCaseMain.startTestSuite(TestCaseMain.java:180)
	at TempTestSuite1736457683839.run(TempTestSuite1736457683839.groovy:35)
	at java.base/jdk.internal.reflect.NativeMethodAccessorImpl.invoke0(Native Method)
	at java.base/jdk.internal.reflect.NativeMethodAccessorImpl.invoke(NativeMethodAccessorImpl.java:77)
	at java.base/jdk.internal.reflect.DelegatingMethodAccessorImpl.invoke(DelegatingMethodAccessorImpl.java:43)
Caused by: com.kms.katalon.core.exception.StepFailedException: Actual text '24' and expected text '23' of test object 'Object Repository/Specific Cases Repository/LS/Client Profile/Client Profile/Page_Client Profile/div_23' are NOT matched.
	at com.kms.katalon.core.webui.keyword.internal.WebUIKeywordMain.stepFailed(WebUIKeywordMain.groovy:117)
	at com.kms.katalon.core.webui.keyword.builtin.VerifyElementTextKeyword$_verifyElementText_closure1.doCall(VerifyElementTextKeyword.groovy:57)
	at com.kms.katalon.core.webui.keyword.builtin.VerifyElementTextKeyword$_verifyElementText_closure1.call(VerifyElementTextKeyword.groovy)
	at com.kms.katalon.core.webui.keyword.internal.WebUIKeywordMain.runKeyword(WebUIKeywordMain.groovy:35)
	... 23 more]]></system-err>
      </testcase>
      <testcase name="Test Cases/Specific Cases/LS/Client Profile/Allergies-Vitals-Labs/Allergies" time="65.152" classname="Test Cases/Specific Cases/LS/Client Profile/Allergies-Vitals-Labs/Allergies" status="FAILED">
         <failure type="FAILED" message="Test Cases/Specific Cases/LS/Client Profile/Allergies-Vitals-Labs/Allergies FAILED.&#xa;Reason:&#xa;com.kms.katalon.core.exception.StepFailedException: Unable to click on object 'Object Repository/Specific Cases Repository/LS/Client Profile/Allergies-Vitals-Labs/Allergies/Page_Client Profile/b'&#xa;	at com.kms.katalon.core.webui.keyword.internal.WebUIKeywordMain.stepFailed(WebUIKeywordMain.groovy:117)&#xa;	at com.kms.katalon.core.webui.keyword.internal.WebUIKeywordMain.runKeyword(WebUIKeywordMain.groovy:43)&#xa;	at com.kms.katalon.core.webui.keyword.builtin.ClickKeyword.click(ClickKeyword.groovy:74)&#xa;	at com.kms.katalon.core.webui.keyword.builtin.ClickKeyword.execute(ClickKeyword.groovy:40)&#xa;	at com.kms.katalon.core.keyword.internal.KeywordExecutor.executeKeywordForPlatform(KeywordExecutor.groovy:74)&#xa;	at com.kms.katalon.core.webui.keyword.WebUiBuiltInKeywords.click(WebUiBuiltInKeywords.groovy:659)&#xa;	at Allergies.run(Allergies:35)&#xa;	at com.kms.katalon.core.main.ScriptEngine.run(ScriptEngine.java:194)&#xa;	at com.kms.katalon.core.main.ScriptEngine.runScriptAsRawText(ScriptEngine.java:119)&#xa;	at com.kms.katalon.core.main.TestCaseExecutor.runScript(TestCaseExecutor.java:448)&#xa;	at com.kms.katalon.core.main.TestCaseExecutor.doExecute(TestCaseExecutor.java:439)&#xa;	at com.kms.katalon.core.main.TestCaseExecutor.processExecutionPhase(TestCaseExecutor.java:418)&#xa;	at com.kms.katalon.core.main.TestCaseExecutor.accessMainPhase(TestCaseExecutor.java:410)&#xa;	at com.kms.katalon.core.main.TestCaseExecutor.execute(TestCaseExecutor.java:285)&#xa;	at com.kms.katalon.core.main.TestCaseExecutor.execute(TestCaseExecutor.java:369)&#xa;	at com.kms.katalon.core.main.TestCaseExecutor.execute(TestCaseExecutor.java:369)&#xa;	at com.kms.katalon.core.main.TestCaseExecutor.execute(TestCaseExecutor.java:369)&#xa;	at com.kms.katalon.core.common.CommonExecutor.accessTestCaseMainPhase(CommonExecutor.java:65)&#xa;	at com.kms.katalon.core.main.TestSuiteExecutor.accessTestSuiteMainPhase(TestSuiteExecutor.java:150)&#xa;	at com.kms.katalon.core.main.TestSuiteExecutor.execute(TestSuiteExecutor.java:106)&#xa;	at com.kms.katalon.core.main.TestCaseMain.startTestSuite(TestCaseMain.java:180)&#xa;	at TempTestSuite1736457683839.run(TempTestSuite1736457683839.groovy:35)&#xa;	at java.base/jdk.internal.reflect.NativeMethodAccessorImpl.invoke0(Native Method)&#xa;	at java.base/jdk.internal.reflect.NativeMethodAccessorImpl.invoke(NativeMethodAccessorImpl.java:77)&#xa;	at java.base/jdk.internal.reflect.DelegatingMethodAccessorImpl.invoke(DelegatingMethodAccessorImpl.java:43)&#xa;Caused by: com.kms.katalon.core.webui.exception.WebElementNotFoundException: Web element with id: 'Object Repository/Specific Cases Repository/LS/Client Profile/Allergies-Vitals-Labs/Allergies/Page_Client Profile/b' located by '//div[@id='mdl_allergy_add']/div/div/div[2]/div/div[2]/div/span/span/span/span[2]/b' not found&#xa;	at com.kms.katalon.core.webui.common.WebUiCommonHelper.findWebElement(WebUiCommonHelper.java:1423)&#xa;	at com.kms.katalon.core.webui.keyword.internal.WebUIAbstractKeyword.findWebElement(WebUIAbstractKeyword.groovy:27)&#xa;	at com.kms.katalon.core.webui.keyword.builtin.ClickKeyword$_click_closure1.doCall(ClickKeyword.groovy:65)&#xa;	at com.kms.katalon.core.webui.keyword.builtin.ClickKeyword$_click_closure1.call(ClickKeyword.groovy)&#xa;	at com.kms.katalon.core.webui.keyword.internal.WebUIKeywordMain.runKeyword(WebUIKeywordMain.groovy:35)&#xa;	... 23 more&#xa;"/>
         <system-out><![CDATA[09-01-2025T16:35:13 - [TEST_CASE][FAILED] - Test Cases/Specific Cases/LS/Client Profile/Allergies-Vitals-Labs/Allergies: Test Cases/Specific Cases/LS/Client Profile/Allergies-Vitals-Labs/Allergies FAILED.
Reason:
com.kms.katalon.core.exception.StepFailedException: Unable to click on object 'Object Repository/Specific Cases Repository/LS/Client Profile/Allergies-Vitals-Labs/Allergies/Page_Client Profile/b'
	at com.kms.katalon.core.webui.keyword.internal.WebUIKeywordMain.stepFailed(WebUIKeywordMain.groovy:117)
	at com.kms.katalon.core.webui.keyword.internal.WebUIKeywordMain.runKeyword(WebUIKeywordMain.groovy:43)
	at com.kms.katalon.core.webui.keyword.builtin.ClickKeyword.click(ClickKeyword.groovy:74)
	at com.kms.katalon.core.webui.keyword.builtin.ClickKeyword.execute(ClickKeyword.groovy:40)
	at com.kms.katalon.core.keyword.internal.KeywordExecutor.executeKeywordForPlatform(KeywordExecutor.groovy:74)
	at com.kms.katalon.core.webui.keyword.WebUiBuiltInKeywords.click(WebUiBuiltInKeywords.groovy:659)
	at Allergies.run(Allergies:35)
	at com.kms.katalon.core.main.ScriptEngine.run(ScriptEngine.java:194)
	at com.kms.katalon.core.main.ScriptEngine.runScriptAsRawText(ScriptEngine.java:119)
	at com.kms.katalon.core.main.TestCaseExecutor.runScript(TestCaseExecutor.java:448)
	at com.kms.katalon.core.main.TestCaseExecutor.doExecute(TestCaseExecutor.java:439)
	at com.kms.katalon.core.main.TestCaseExecutor.processExecutionPhase(TestCaseExecutor.java:418)
	at com.kms.katalon.core.main.TestCaseExecutor.accessMainPhase(TestCaseExecutor.java:410)
	at com.kms.katalon.core.main.TestCaseExecutor.execute(TestCaseExecutor.java:285)
	at com.kms.katalon.core.main.TestCaseExecutor.execute(TestCaseExecutor.java:369)
	at com.kms.katalon.core.main.TestCaseExecutor.execute(TestCaseExecutor.java:369)
	at com.kms.katalon.core.main.TestCaseExecutor.execute(TestCaseExecutor.java:369)
	at com.kms.katalon.core.common.CommonExecutor.accessTestCaseMainPhase(CommonExecutor.java:65)
	at com.kms.katalon.core.main.TestSuiteExecutor.accessTestSuiteMainPhase(TestSuiteExecutor.java:150)
	at com.kms.katalon.core.main.TestSuiteExecutor.execute(TestSuiteExecutor.java:106)
	at com.kms.katalon.core.main.TestCaseMain.startTestSuite(TestCaseMain.java:180)
	at TempTestSuite1736457683839.run(TempTestSuite1736457683839.groovy:35)
	at java.base/jdk.internal.reflect.NativeMethodAccessorImpl.invoke0(Native Method)
	at java.base/jdk.internal.reflect.NativeMethodAccessorImpl.invoke(NativeMethodAccessorImpl.java:77)
	at java.base/jdk.internal.reflect.DelegatingMethodAccessorImpl.invoke(DelegatingMethodAccessorImpl.java:43)
Caused by: com.kms.katalon.core.webui.exception.WebElementNotFoundException: Web element with id: 'Object Repository/Specific Cases Repository/LS/Client Profile/Allergies-Vitals-Labs/Allergies/Page_Client Profile/b' located by '//div[@id='mdl_allergy_add']/div/div/div[2]/div/div[2]/div/span/span/span/span[2]/b' not found
	at com.kms.katalon.core.webui.common.WebUiCommonHelper.findWebElement(WebUiCommonHelper.java:1423)
	at com.kms.katalon.core.webui.keyword.internal.WebUIAbstractKeyword.findWebElement(WebUIAbstractKeyword.groovy:27)
	at com.kms.katalon.core.webui.keyword.builtin.ClickKeyword$_click_closure1.doCall(ClickKeyword.groovy:65)
	at com.kms.katalon.core.webui.keyword.builtin.ClickKeyword$_click_closure1.call(ClickKeyword.groovy)
	at com.kms.katalon.core.webui.keyword.internal.WebUIKeywordMain.runKeyword(WebUIKeywordMain.groovy:35)
	... 23 more


09-01-2025T16:35:13 - [TEST_STEP][PASSED] - callTestCase(findTestCase("Common Cases/Login"), [:], STOP_ON_FAILURE): Call Test Case 'Test Cases/Common Cases/Login' successfully

09-01-2025T16:35:13 - [TEST_CASE][PASSED] - Test Cases/Common Cases/Login: Test Cases/Common Cases/Login

09-01-2025T16:35:13 - [TEST_STEP][PASSED] - openBrowser(""): Browser is opened with url: ''

09-01-2025T16:35:13 - [MESSAGE][WARNING] - A browser is already opened. Closing browser and opening a new one

09-01-2025T16:35:13 - [MESSAGE][INFO] - Starting 'Chrome' driver

09-01-2025T16:35:13 - [MESSAGE][INFO] - Action delay is set to 0 milliseconds

09-01-2025T16:35:14 - [MESSAGE][PASSED] - Browser is opened with url: ''

09-01-2025T16:35:14 - [TEST_STEP][PASSED] - maximizeWindow(): Current window maximized

09-01-2025T16:35:14 - [MESSAGE][PASSED] - Current window maximized

09-01-2025T16:35:14 - [TEST_STEP][PASSED] - navigateToUrl("https://site17.lsapp.cloud/auth/login"): Navigate to 'https://site17.lsapp.cloud/auth/login' successfully

09-01-2025T16:35:17 - [MESSAGE][PASSED] - Navigate to 'https://site17.lsapp.cloud/auth/login' successfully

09-01-2025T16:35:17 - [TEST_STEP][PASSED] - setText(findTestObject("Object Repository/Common Cases Repository/Login/Page_Lightning Step/input_Email_email"), "automation@lightningstep.com"): Text 'automation@lightningstep.com' is set on object 'Object Repository/Common Cases Repository/Login/Page_Lightning Step/input_Email_email'

09-01-2025T16:35:18 - [MESSAGE][PASSED] - Text 'automation@lightningstep.com' is set on object 'Object Repository/Common Cases Repository/Login/Page_Lightning Step/input_Email_email'

09-01-2025T16:35:18 - [TEST_STEP][PASSED] - setEncryptedText(findTestObject("Object Repository/Common Cases Repository/Login/Page_Lightning Step/input_Password_password"), "e5N8VHmnhJDITtQaQhDQDw=="): Text ****** has been set on object 'Object Repository/Common Cases Repository/Login/Page_Lightning Step/input_Password_password'

09-01-2025T16:35:18 - [MESSAGE][PASSED] - Text ****** has been set on object 'Object Repository/Common Cases Repository/Login/Page_Lightning Step/input_Password_password'

09-01-2025T16:35:18 - [TEST_STEP][PASSED] - click(findTestObject("Object Repository/Common Cases Repository/Login/Page_Lightning Step/button_Sign in")): Object: 'Object Repository/Common Cases Repository/Login/Page_Lightning Step/button_Sign in' is clicked on

09-01-2025T16:35:24 - [MESSAGE][PASSED] - Object: 'Object Repository/Common Cases Repository/Login/Page_Lightning Step/button_Sign in' is clicked on

09-01-2025T16:35:24 - [MESSAGE][PASSED] - Call Test Case 'Test Cases/Common Cases/Login' successfully

09-01-2025T16:35:24 - [TEST_STEP][PASSED] - click(findTestObject("Object Repository/Specific Cases Repository/LS/Client Profile/Allergies-Vitals-Labs/Allergies/Page_Home/a_Census")): Object: 'Object Repository/Specific Cases Repository/LS/Client Profile/Allergies-Vitals-Labs/Allergies/Page_Home/a_Census' is clicked on

09-01-2025T16:35:25 - [MESSAGE][PASSED] - Object: 'Object Repository/Specific Cases Repository/LS/Client Profile/Allergies-Vitals-Labs/Allergies/Page_Home/a_Census' is clicked on

09-01-2025T16:35:25 - [TEST_STEP][PASSED] - click(findTestObject("Object Repository/Specific Cases Repository/LS/Client Profile/Allergies-Vitals-Labs/Allergies/Page_Home/a_A Automation, A Client")): Object: 'Object Repository/Specific Cases Repository/LS/Client Profile/Allergies-Vitals-Labs/Allergies/Page_Home/a_A Automation, A Client' is clicked on

09-01-2025T16:35:39 - [MESSAGE][PASSED] - Object: 'Object Repository/Specific Cases Repository/LS/Client Profile/Allergies-Vitals-Labs/Allergies/Page_Home/a_A Automation, A Client' is clicked on

09-01-2025T16:35:39 - [TEST_STEP][PASSED] - click(findTestObject("Object Repository/Specific Cases Repository/LS/Client Profile/Allergies-Vitals-Labs/Allergies/Page_Client Profile/a_Allergies  Vitals  Labs")): Object: 'Object Repository/Specific Cases Repository/LS/Client Profile/Allergies-Vitals-Labs/Allergies/Page_Client Profile/a_Allergies  Vitals  Labs' is clicked on

09-01-2025T16:35:40 - [MESSAGE][PASSED] - Object: 'Object Repository/Specific Cases Repository/LS/Client Profile/Allergies-Vitals-Labs/Allergies/Page_Client Profile/a_Allergies  Vitals  Labs' is clicked on

09-01-2025T16:35:40 - [TEST_STEP][PASSED] - click(findTestObject("Object Repository/Specific Cases Repository/LS/Client Profile/Allergies-Vitals-Labs/Allergies/Page_Client Profile/h4_Allergies")): Object: 'Object Repository/Specific Cases Repository/LS/Client Profile/Allergies-Vitals-Labs/Allergies/Page_Client Profile/h4_Allergies' is clicked on

09-01-2025T16:35:41 - [MESSAGE][PASSED] - Object: 'Object Repository/Specific Cases Repository/LS/Client Profile/Allergies-Vitals-Labs/Allergies/Page_Client Profile/h4_Allergies' is clicked on

09-01-2025T16:35:41 - [TEST_STEP][PASSED] - click(findTestObject("Object Repository/Specific Cases Repository/LS/Client Profile/Allergies-Vitals-Labs/Allergies/Page_Client Profile/i_add")): Object: 'Object Repository/Specific Cases Repository/LS/Client Profile/Allergies-Vitals-Labs/Allergies/Page_Client Profile/i_add' is clicked on

09-01-2025T16:35:41 - [MESSAGE][PASSED] - Object: 'Object Repository/Specific Cases Repository/LS/Client Profile/Allergies-Vitals-Labs/Allergies/Page_Client Profile/i_add' is clicked on

09-01-2025T16:35:41 - [TEST_STEP][PASSED] - selectOptionByValue(findTestObject("Object Repository/Specific Cases Repository/LS/Client Profile/Allergies-Vitals-Labs/Allergies/Page_Client Profile/select_-- Please Select --                 _809191"), "Food", true): All options with value 'Food' are selected in object 'Object Repository/Specific Cases Repository/LS/Client Profile/Allergies-Vitals-Labs/Allergies/Page_Client Profile/select_-- Please Select --                 _809191'  using regular expression

09-01-2025T16:35:42 - [MESSAGE][PASSED] - All options with value 'Food' are selected in object 'Object Repository/Specific Cases Repository/LS/Client Profile/Allergies-Vitals-Labs/Allergies/Page_Client Profile/select_-- Please Select --                 _809191'  using regular expression

09-01-2025T16:35:42 - [TEST_STEP][FAILED] - click(findTestObject("Object Repository/Specific Cases Repository/LS/Client Profile/Allergies-Vitals-Labs/Allergies/Page_Client Profile/b")): Unable to click on object 'Object Repository/Specific Cases Repository/LS/Client Profile/Allergies-Vitals-Labs/Allergies/Page_Client Profile/b' (Root cause: com.kms.katalon.core.exception.StepFailedException: Unable to click on object 'Object Repository/Specific Cases Repository/LS/Client Profile/Allergies-Vitals-Labs/Allergies/Page_Client Profile/b'
	at com.kms.katalon.core.webui.keyword.internal.WebUIKeywordMain.stepFailed(WebUIKeywordMain.groovy:117)
	at com.kms.katalon.core.webui.keyword.internal.WebUIKeywordMain.runKeyword(WebUIKeywordMain.groovy:43)
	at com.kms.katalon.core.webui.keyword.builtin.ClickKeyword.click(ClickKeyword.groovy:74)
	at com.kms.katalon.core.webui.keyword.builtin.ClickKeyword.execute(ClickKeyword.groovy:40)
	at com.kms.katalon.core.keyword.internal.KeywordExecutor.executeKeywordForPlatform(KeywordExecutor.groovy:74)
	at com.kms.katalon.core.webui.keyword.WebUiBuiltInKeywords.click(WebUiBuiltInKeywords.groovy:659)
	at Allergies.run(Allergies:35)
	at com.kms.katalon.core.main.ScriptEngine.run(ScriptEngine.java:194)
	at com.kms.katalon.core.main.ScriptEngine.runScriptAsRawText(ScriptEngine.java:119)
	at com.kms.katalon.core.main.TestCaseExecutor.runScript(TestCaseExecutor.java:448)
	at com.kms.katalon.core.main.TestCaseExecutor.doExecute(TestCaseExecutor.java:439)
	at com.kms.katalon.core.main.TestCaseExecutor.processExecutionPhase(TestCaseExecutor.java:418)
	at com.kms.katalon.core.main.TestCaseExecutor.accessMainPhase(TestCaseExecutor.java:410)
	at com.kms.katalon.core.main.TestCaseExecutor.execute(TestCaseExecutor.java:285)
	at com.kms.katalon.core.main.TestCaseExecutor.execute(TestCaseExecutor.java:369)
	at com.kms.katalon.core.main.TestCaseExecutor.execute(TestCaseExecutor.java:369)
	at com.kms.katalon.core.main.TestCaseExecutor.execute(TestCaseExecutor.java:369)
	at com.kms.katalon.core.common.CommonExecutor.accessTestCaseMainPhase(CommonExecutor.java:65)
	at com.kms.katalon.core.main.TestSuiteExecutor.accessTestSuiteMainPhase(TestSuiteExecutor.java:150)
	at com.kms.katalon.core.main.TestSuiteExecutor.execute(TestSuiteExecutor.java:106)
	at com.kms.katalon.core.main.TestCaseMain.startTestSuite(TestCaseMain.java:180)
	at TempTestSuite1736457683839.run(TempTestSuite1736457683839.groovy:35)
	at java.base/jdk.internal.reflect.NativeMethodAccessorImpl.invoke0(Native Method)
	at java.base/jdk.internal.reflect.NativeMethodAccessorImpl.invoke(NativeMethodAccessorImpl.java:77)
	at java.base/jdk.internal.reflect.DelegatingMethodAccessorImpl.invoke(DelegatingMethodAccessorImpl.java:43)
Caused by: com.kms.katalon.core.webui.exception.WebElementNotFoundException: Web element with id: 'Object Repository/Specific Cases Repository/LS/Client Profile/Allergies-Vitals-Labs/Allergies/Page_Client Profile/b' located by '//div[@id='mdl_allergy_add']/div/div/div[2]/div/div[2]/div/span/span/span/span[2]/b' not found
	at com.kms.katalon.core.webui.common.WebUiCommonHelper.findWebElement(WebUiCommonHelper.java:1423)
	at com.kms.katalon.core.webui.keyword.internal.WebUIAbstractKeyword.findWebElement(WebUIAbstractKeyword.groovy:27)
	at com.kms.katalon.core.webui.keyword.builtin.ClickKeyword$_click_closure1.doCall(ClickKeyword.groovy:65)
	at com.kms.katalon.core.webui.keyword.builtin.ClickKeyword$_click_closure1.call(ClickKeyword.groovy)
	at com.kms.katalon.core.webui.keyword.internal.WebUIKeywordMain.runKeyword(WebUIKeywordMain.groovy:35)
	at com.kms.katalon.core.webui.keyword.builtin.ClickKeyword.click(ClickKeyword.groovy:74)
	at com.kms.katalon.core.webui.keyword.builtin.ClickKeyword.execute(ClickKeyword.groovy:40)
	at com.kms.katalon.core.keyword.internal.KeywordExecutor.executeKeywordForPlatform(KeywordExecutor.groovy:74)
	at com.kms.katalon.core.webui.keyword.WebUiBuiltInKeywords.click(WebUiBuiltInKeywords.groovy:659)
	at Script1732050705775.run(Script1732050705775.groovy:35)
	... 18 more
)

09-01-2025T16:36:13 - [MESSAGE][INFO] - Unable to find the element located by 'By.xpath: //div[@id='mdl_allergy_add']/div/div/div[2]/div/div[2]/div/span/span/span/span[2]/b'. Please recheck the objects properties to make sure the desired element is located. 

09-01-2025T16:36:13 - [MESSAGE][WARNING] - [SELF-HEALING] Failed to find element with id 'Object Repository/Specific Cases Repository/LS/Client Profile/Allergies-Vitals-Labs/Allergies/Page_Client Profile/b'. Try using Self-healing.

09-01-2025T16:36:14 - [MESSAGE][INFO] - [SELF-HEALING] Failed Locator: '//div[@id='mdl_allergy_add']/div/div/div[2]/div/div[2]/div/span/span/span/span[2]/b'.

09-01-2025T16:36:14 - [MESSAGE][INFO] - [SELF-HEALING] Failed Locator: '//div[2]/div/div[2]/div/span/span/span/span[2]/b'.

09-01-2025T16:36:14 - [MESSAGE][INFO] - [SELF-HEALING] Failed Locator: '//div[@id='mdl_allergy_add']/div/div/div[2]/div/div[2]/div/span/span/span/span[2]/b'.

09-01-2025T16:36:14 - [MESSAGE][INFO] - [SELF-HEALING] Failed Locator: '//div[2]/div/div[2]/div/span/span/span/span[2]/b'.

09-01-2025T16:36:17 - [MESSAGE][INFO] - Unable to find the element located by 'By.xpath: id("mdl_allergy_add")/div[@class="modal-dialog"]/div[@class="modal-content"]/div[@class="modal-body"]/div[@class="row"]/div[@class="col-md-6"]/div[@class="form-group is-empty"]/span[@class="select2 select2-container select2-container--default select2-container--below select2-container--open"]/span[@class="selection"]/span[@class="select2-selection select2-selection--single"]/span[@class="select2-selection__arrow"]/b[1]'. Please recheck the objects properties to make sure the desired element is located. 

09-01-2025T16:36:18 - [MESSAGE][INFO] - Unable to find the element located by 'By.cssSelector: span.select2.select2-container.select2-container--default.select2-container--below.select2-container--open > span.selection > span.select2-selection.select2-selection--single > span.select2-selection__arrow > b'. Please recheck the objects properties to make sure the desired element is located. 

09-01-2025T16:36:18 - [MESSAGE][FAILED] - Unable to click on object 'Object Repository/Specific Cases Repository/LS/Client Profile/Allergies-Vitals-Labs/Allergies/Page_Client Profile/b' (Root cause: com.kms.katalon.core.exception.StepFailedException: Unable to click on object 'Object Repository/Specific Cases Repository/LS/Client Profile/Allergies-Vitals-Labs/Allergies/Page_Client Profile/b'
	at com.kms.katalon.core.webui.keyword.internal.WebUIKeywordMain.stepFailed(WebUIKeywordMain.groovy:117)
	at com.kms.katalon.core.webui.keyword.internal.WebUIKeywordMain.runKeyword(WebUIKeywordMain.groovy:43)
	at com.kms.katalon.core.webui.keyword.builtin.ClickKeyword.click(ClickKeyword.groovy:74)
	at com.kms.katalon.core.webui.keyword.builtin.ClickKeyword.execute(ClickKeyword.groovy:40)
	at com.kms.katalon.core.keyword.internal.KeywordExecutor.executeKeywordForPlatform(KeywordExecutor.groovy:74)
	at com.kms.katalon.core.webui.keyword.WebUiBuiltInKeywords.click(WebUiBuiltInKeywords.groovy:659)
	at Allergies.run(Allergies:35)
	at com.kms.katalon.core.main.ScriptEngine.run(ScriptEngine.java:194)
	at com.kms.katalon.core.main.ScriptEngine.runScriptAsRawText(ScriptEngine.java:119)
	at com.kms.katalon.core.main.TestCaseExecutor.runScript(TestCaseExecutor.java:448)
	at com.kms.katalon.core.main.TestCaseExecutor.doExecute(TestCaseExecutor.java:439)
	at com.kms.katalon.core.main.TestCaseExecutor.processExecutionPhase(TestCaseExecutor.java:418)
	at com.kms.katalon.core.main.TestCaseExecutor.accessMainPhase(TestCaseExecutor.java:410)
	at com.kms.katalon.core.main.TestCaseExecutor.execute(TestCaseExecutor.java:285)
	at com.kms.katalon.core.main.TestCaseExecutor.execute(TestCaseExecutor.java:369)
	at com.kms.katalon.core.main.TestCaseExecutor.execute(TestCaseExecutor.java:369)
	at com.kms.katalon.core.main.TestCaseExecutor.execute(TestCaseExecutor.java:369)
	at com.kms.katalon.core.common.CommonExecutor.accessTestCaseMainPhase(CommonExecutor.java:65)
	at com.kms.katalon.core.main.TestSuiteExecutor.accessTestSuiteMainPhase(TestSuiteExecutor.java:150)
	at com.kms.katalon.core.main.TestSuiteExecutor.execute(TestSuiteExecutor.java:106)
	at com.kms.katalon.core.main.TestCaseMain.startTestSuite(TestCaseMain.java:180)
	at TempTestSuite1736457683839.run(TempTestSuite1736457683839.groovy:35)
	at java.base/jdk.internal.reflect.NativeMethodAccessorImpl.invoke0(Native Method)
	at java.base/jdk.internal.reflect.NativeMethodAccessorImpl.invoke(NativeMethodAccessorImpl.java:77)
	at java.base/jdk.internal.reflect.DelegatingMethodAccessorImpl.invoke(DelegatingMethodAccessorImpl.java:43)
Caused by: com.kms.katalon.core.webui.exception.WebElementNotFoundException: Web element with id: 'Object Repository/Specific Cases Repository/LS/Client Profile/Allergies-Vitals-Labs/Allergies/Page_Client Profile/b' located by '//div[@id='mdl_allergy_add']/div/div/div[2]/div/div[2]/div/span/span/span/span[2]/b' not found
	at com.kms.katalon.core.webui.common.WebUiCommonHelper.findWebElement(WebUiCommonHelper.java:1423)
	at com.kms.katalon.core.webui.keyword.internal.WebUIAbstractKeyword.findWebElement(WebUIAbstractKeyword.groovy:27)
	at com.kms.katalon.core.webui.keyword.builtin.ClickKeyword$_click_closure1.doCall(ClickKeyword.groovy:65)
	at com.kms.katalon.core.webui.keyword.builtin.ClickKeyword$_click_closure1.call(ClickKeyword.groovy)
	at com.kms.katalon.core.webui.keyword.internal.WebUIKeywordMain.runKeyword(WebUIKeywordMain.groovy:35)
	at com.kms.katalon.core.webui.keyword.builtin.ClickKeyword.click(ClickKeyword.groovy:74)
	at com.kms.katalon.core.webui.keyword.builtin.ClickKeyword.execute(ClickKeyword.groovy:40)
	at com.kms.katalon.core.keyword.internal.KeywordExecutor.executeKeywordForPlatform(KeywordExecutor.groovy:74)
	at com.kms.katalon.core.webui.keyword.WebUiBuiltInKeywords.click(WebUiBuiltInKeywords.groovy:659)
	at Script1732050705775.run(Script1732050705775.groovy:35)
	... 18 more
)
[[ATTACHMENT|C:\\Users\\Enrique\\git\\AUTOMATION_LS\\Reports\\20250109_162114\\LS\\Client Profile\\Client Profile\\20250109_162123\\1736458578258.png]]]]></system-out>
         <system-err><![CDATA[09-01-2025T16:35:13 - [TEST_CASE][FAILED] - Test Cases/Specific Cases/LS/Client Profile/Allergies-Vitals-Labs/Allergies: Test Cases/Specific Cases/LS/Client Profile/Allergies-Vitals-Labs/Allergies FAILED.
Reason:
com.kms.katalon.core.exception.StepFailedException: Unable to click on object 'Object Repository/Specific Cases Repository/LS/Client Profile/Allergies-Vitals-Labs/Allergies/Page_Client Profile/b'
	at com.kms.katalon.core.webui.keyword.internal.WebUIKeywordMain.stepFailed(WebUIKeywordMain.groovy:117)
	at com.kms.katalon.core.webui.keyword.internal.WebUIKeywordMain.runKeyword(WebUIKeywordMain.groovy:43)
	at com.kms.katalon.core.webui.keyword.builtin.ClickKeyword.click(ClickKeyword.groovy:74)
	at com.kms.katalon.core.webui.keyword.builtin.ClickKeyword.execute(ClickKeyword.groovy:40)
	at com.kms.katalon.core.keyword.internal.KeywordExecutor.executeKeywordForPlatform(KeywordExecutor.groovy:74)
	at com.kms.katalon.core.webui.keyword.WebUiBuiltInKeywords.click(WebUiBuiltInKeywords.groovy:659)
	at Allergies.run(Allergies:35)
	at com.kms.katalon.core.main.ScriptEngine.run(ScriptEngine.java:194)
	at com.kms.katalon.core.main.ScriptEngine.runScriptAsRawText(ScriptEngine.java:119)
	at com.kms.katalon.core.main.TestCaseExecutor.runScript(TestCaseExecutor.java:448)
	at com.kms.katalon.core.main.TestCaseExecutor.doExecute(TestCaseExecutor.java:439)
	at com.kms.katalon.core.main.TestCaseExecutor.processExecutionPhase(TestCaseExecutor.java:418)
	at com.kms.katalon.core.main.TestCaseExecutor.accessMainPhase(TestCaseExecutor.java:410)
	at com.kms.katalon.core.main.TestCaseExecutor.execute(TestCaseExecutor.java:285)
	at com.kms.katalon.core.main.TestCaseExecutor.execute(TestCaseExecutor.java:369)
	at com.kms.katalon.core.main.TestCaseExecutor.execute(TestCaseExecutor.java:369)
	at com.kms.katalon.core.main.TestCaseExecutor.execute(TestCaseExecutor.java:369)
	at com.kms.katalon.core.common.CommonExecutor.accessTestCaseMainPhase(CommonExecutor.java:65)
	at com.kms.katalon.core.main.TestSuiteExecutor.accessTestSuiteMainPhase(TestSuiteExecutor.java:150)
	at com.kms.katalon.core.main.TestSuiteExecutor.execute(TestSuiteExecutor.java:106)
	at com.kms.katalon.core.main.TestCaseMain.startTestSuite(TestCaseMain.java:180)
	at TempTestSuite1736457683839.run(TempTestSuite1736457683839.groovy:35)
	at java.base/jdk.internal.reflect.NativeMethodAccessorImpl.invoke0(Native Method)
	at java.base/jdk.internal.reflect.NativeMethodAccessorImpl.invoke(NativeMethodAccessorImpl.java:77)
	at java.base/jdk.internal.reflect.DelegatingMethodAccessorImpl.invoke(DelegatingMethodAccessorImpl.java:43)
Caused by: com.kms.katalon.core.webui.exception.WebElementNotFoundException: Web element with id: 'Object Repository/Specific Cases Repository/LS/Client Profile/Allergies-Vitals-Labs/Allergies/Page_Client Profile/b' located by '//div[@id='mdl_allergy_add']/div/div/div[2]/div/div[2]/div/span/span/span/span[2]/b' not found
	at com.kms.katalon.core.webui.common.WebUiCommonHelper.findWebElement(WebUiCommonHelper.java:1423)
	at com.kms.katalon.core.webui.keyword.internal.WebUIAbstractKeyword.findWebElement(WebUIAbstractKeyword.groovy:27)
	at com.kms.katalon.core.webui.keyword.builtin.ClickKeyword$_click_closure1.doCall(ClickKeyword.groovy:65)
	at com.kms.katalon.core.webui.keyword.builtin.ClickKeyword$_click_closure1.call(ClickKeyword.groovy)
	at com.kms.katalon.core.webui.keyword.internal.WebUIKeywordMain.runKeyword(WebUIKeywordMain.groovy:35)
	... 23 more]]></system-err>
      </testcase>
      <testcase name="Test Cases/Specific Cases/LS/Client Profile/Allergies-Vitals-Labs/BAL" time="57.086" classname="Test Cases/Specific Cases/LS/Client Profile/Allergies-Vitals-Labs/BAL" status="PASSED">
         <system-out><![CDATA[09-01-2025T16:36:18 - [TEST_CASE][PASSED] - Test Cases/Specific Cases/LS/Client Profile/Allergies-Vitals-Labs/BAL: Test Cases/Specific Cases/LS/Client Profile/Allergies-Vitals-Labs/BAL

09-01-2025T16:36:18 - [TEST_STEP][PASSED] - callTestCase(findTestCase("Common Cases/Login"), [:], STOP_ON_FAILURE): Call Test Case 'Test Cases/Common Cases/Login' successfully

09-01-2025T16:36:18 - [TEST_CASE][PASSED] - Test Cases/Common Cases/Login: Test Cases/Common Cases/Login

09-01-2025T16:36:18 - [TEST_STEP][PASSED] - openBrowser(""): Browser is opened with url: ''

09-01-2025T16:36:18 - [MESSAGE][WARNING] - A browser is already opened. Closing browser and opening a new one

09-01-2025T16:36:18 - [MESSAGE][INFO] - Starting 'Chrome' driver

09-01-2025T16:36:18 - [MESSAGE][INFO] - Action delay is set to 0 milliseconds

09-01-2025T16:36:19 - [MESSAGE][PASSED] - Browser is opened with url: ''

09-01-2025T16:36:19 - [TEST_STEP][PASSED] - maximizeWindow(): Current window maximized

09-01-2025T16:36:19 - [MESSAGE][PASSED] - Current window maximized

09-01-2025T16:36:19 - [TEST_STEP][PASSED] - navigateToUrl("https://site17.lsapp.cloud/auth/login"): Navigate to 'https://site17.lsapp.cloud/auth/login' successfully

09-01-2025T16:36:23 - [MESSAGE][PASSED] - Navigate to 'https://site17.lsapp.cloud/auth/login' successfully

09-01-2025T16:36:23 - [TEST_STEP][PASSED] - setText(findTestObject("Object Repository/Common Cases Repository/Login/Page_Lightning Step/input_Email_email"), "automation@lightningstep.com"): Text 'automation@lightningstep.com' is set on object 'Object Repository/Common Cases Repository/Login/Page_Lightning Step/input_Email_email'

09-01-2025T16:36:24 - [MESSAGE][PASSED] - Text 'automation@lightningstep.com' is set on object 'Object Repository/Common Cases Repository/Login/Page_Lightning Step/input_Email_email'

09-01-2025T16:36:24 - [TEST_STEP][PASSED] - setEncryptedText(findTestObject("Object Repository/Common Cases Repository/Login/Page_Lightning Step/input_Password_password"), "e5N8VHmnhJDITtQaQhDQDw=="): Text ****** has been set on object 'Object Repository/Common Cases Repository/Login/Page_Lightning Step/input_Password_password'

09-01-2025T16:36:24 - [MESSAGE][PASSED] - Text ****** has been set on object 'Object Repository/Common Cases Repository/Login/Page_Lightning Step/input_Password_password'

09-01-2025T16:36:24 - [TEST_STEP][PASSED] - click(findTestObject("Object Repository/Common Cases Repository/Login/Page_Lightning Step/button_Sign in")): Object: 'Object Repository/Common Cases Repository/Login/Page_Lightning Step/button_Sign in' is clicked on

09-01-2025T16:36:28 - [MESSAGE][PASSED] - Object: 'Object Repository/Common Cases Repository/Login/Page_Lightning Step/button_Sign in' is clicked on

09-01-2025T16:36:28 - [MESSAGE][PASSED] - Call Test Case 'Test Cases/Common Cases/Login' successfully

09-01-2025T16:36:28 - [TEST_STEP][PASSED] - click(findTestObject("Object Repository/Specific Cases Repository/LS/Client Profile/Allergies-Vitals-Labs/BAL/Page_Home/a_Census")): Object: 'Object Repository/Specific Cases Repository/LS/Client Profile/Allergies-Vitals-Labs/BAL/Page_Home/a_Census' is clicked on

09-01-2025T16:36:30 - [MESSAGE][PASSED] - Object: 'Object Repository/Specific Cases Repository/LS/Client Profile/Allergies-Vitals-Labs/BAL/Page_Home/a_Census' is clicked on

09-01-2025T16:36:30 - [TEST_STEP][PASSED] - click(findTestObject("Object Repository/Specific Cases Repository/LS/Client Profile/Allergies-Vitals-Labs/BAL/Page_Home/a_A Automation, A Client")): Object: 'Object Repository/Specific Cases Repository/LS/Client Profile/Allergies-Vitals-Labs/BAL/Page_Home/a_A Automation, A Client' is clicked on

09-01-2025T16:36:46 - [MESSAGE][PASSED] - Object: 'Object Repository/Specific Cases Repository/LS/Client Profile/Allergies-Vitals-Labs/BAL/Page_Home/a_A Automation, A Client' is clicked on

09-01-2025T16:36:46 - [TEST_STEP][PASSED] - click(findTestObject("Object Repository/Specific Cases Repository/LS/Client Profile/Allergies-Vitals-Labs/BAL/Page_Client Profile/a_Allergies  Vitals  Labs")): Object: 'Object Repository/Specific Cases Repository/LS/Client Profile/Allergies-Vitals-Labs/BAL/Page_Client Profile/a_Allergies  Vitals  Labs' is clicked on

09-01-2025T16:36:47 - [MESSAGE][PASSED] - Object: 'Object Repository/Specific Cases Repository/LS/Client Profile/Allergies-Vitals-Labs/BAL/Page_Client Profile/a_Allergies  Vitals  Labs' is clicked on

09-01-2025T16:36:47 - [TEST_STEP][PASSED] - click(findTestObject("Object Repository/Specific Cases Repository/LS/Client Profile/Allergies-Vitals-Labs/BAL/Page_Client Profile/h4_BAL")): Object: 'Object Repository/Specific Cases Repository/LS/Client Profile/Allergies-Vitals-Labs/BAL/Page_Client Profile/h4_BAL' is clicked on

09-01-2025T16:36:48 - [MESSAGE][PASSED] - Object: 'Object Repository/Specific Cases Repository/LS/Client Profile/Allergies-Vitals-Labs/BAL/Page_Client Profile/h4_BAL' is clicked on

09-01-2025T16:36:48 - [TEST_STEP][PASSED] - click(findTestObject("Object Repository/Specific Cases Repository/LS/Client Profile/Allergies-Vitals-Labs/BAL/Page_Client Profile/i_add")): Object: 'Object Repository/Specific Cases Repository/LS/Client Profile/Allergies-Vitals-Labs/BAL/Page_Client Profile/i_add' is clicked on

09-01-2025T16:36:52 - [MESSAGE][PASSED] - Object: 'Object Repository/Specific Cases Repository/LS/Client Profile/Allergies-Vitals-Labs/BAL/Page_Client Profile/i_add' is clicked on

09-01-2025T16:36:52 - [TEST_STEP][PASSED] - setText(findTestObject("Object Repository/Specific Cases Repository/LS/Client Profile/Allergies-Vitals-Labs/BAL/Page_Blood Alcohol Level/input_BAL Reading_balreading"), "Automation Reading"): Text 'Automation Reading' is set on object 'Object Repository/Specific Cases Repository/LS/Client Profile/Allergies-Vitals-Labs/BAL/Page_Blood Alcohol Level/input_BAL Reading_balreading'

09-01-2025T16:36:52 - [MESSAGE][PASSED] - Text 'Automation Reading' is set on object 'Object Repository/Specific Cases Repository/LS/Client Profile/Allergies-Vitals-Labs/BAL/Page_Blood Alcohol Level/input_BAL Reading_balreading'

09-01-2025T16:36:52 - [TEST_STEP][PASSED] - selectOptionByValue(findTestObject("Object Repository/Specific Cases Repository/LS/Client Profile/Allergies-Vitals-Labs/BAL/Page_Blood Alcohol Level/select_UndeterminedNegativePositive"), "Positive", true): All options with value 'Positive' are selected in object 'Object Repository/Specific Cases Repository/LS/Client Profile/Allergies-Vitals-Labs/BAL/Page_Blood Alcohol Level/select_UndeterminedNegativePositive'  using regular expression

09-01-2025T16:36:53 - [MESSAGE][PASSED] - All options with value 'Positive' are selected in object 'Object Repository/Specific Cases Repository/LS/Client Profile/Allergies-Vitals-Labs/BAL/Page_Blood Alcohol Level/select_UndeterminedNegativePositive'  using regular expression

09-01-2025T16:36:53 - [TEST_STEP][PASSED] - setText(findTestObject("Object Repository/Specific Cases Repository/LS/Client Profile/Allergies-Vitals-Labs/BAL/Page_Blood Alcohol Level/textarea_Additional Information_note"), "automation additional information"): Text 'automation additional information' is set on object 'Object Repository/Specific Cases Repository/LS/Client Profile/Allergies-Vitals-Labs/BAL/Page_Blood Alcohol Level/textarea_Additional Information_note'

09-01-2025T16:36:54 - [MESSAGE][PASSED] - Text 'automation additional information' is set on object 'Object Repository/Specific Cases Repository/LS/Client Profile/Allergies-Vitals-Labs/BAL/Page_Blood Alcohol Level/textarea_Additional Information_note'

09-01-2025T16:36:54 - [TEST_STEP][PASSED] - click(findTestObject("Object Repository/Specific Cases Repository/LS/Client Profile/Allergies-Vitals-Labs/BAL/Page_Blood Alcohol Level/button_Staff Signatures")): Object: 'Object Repository/Specific Cases Repository/LS/Client Profile/Allergies-Vitals-Labs/BAL/Page_Blood Alcohol Level/button_Staff Signatures' is clicked on

09-01-2025T16:36:54 - [MESSAGE][PASSED] - Object: 'Object Repository/Specific Cases Repository/LS/Client Profile/Allergies-Vitals-Labs/BAL/Page_Blood Alcohol Level/button_Staff Signatures' is clicked on

09-01-2025T16:36:54 - [TEST_STEP][PASSED] - click(findTestObject("Object Repository/Specific Cases Repository/LS/Client Profile/Allergies-Vitals-Labs/BAL/Page_Blood Alcohol Level/b")): Object: 'Object Repository/Specific Cases Repository/LS/Client Profile/Allergies-Vitals-Labs/BAL/Page_Blood Alcohol Level/b' is clicked on

09-01-2025T16:36:55 - [MESSAGE][PASSED] - Object: 'Object Repository/Specific Cases Repository/LS/Client Profile/Allergies-Vitals-Labs/BAL/Page_Blood Alcohol Level/b' is clicked on

09-01-2025T16:36:55 - [TEST_STEP][PASSED] - setText(findTestObject("Object Repository/Specific Cases Repository/LS/Client Profile/Allergies-Vitals-Labs/BAL/Page_Blood Alcohol Level/input_-- Select Staff --_select2-search__field"), "enrique"): Text 'enrique' is set on object 'Object Repository/Specific Cases Repository/LS/Client Profile/Allergies-Vitals-Labs/BAL/Page_Blood Alcohol Level/input_-- Select Staff --_select2-search__field'

09-01-2025T16:36:56 - [MESSAGE][PASSED] - Text 'enrique' is set on object 'Object Repository/Specific Cases Repository/LS/Client Profile/Allergies-Vitals-Labs/BAL/Page_Blood Alcohol Level/input_-- Select Staff --_select2-search__field'

09-01-2025T16:36:56 - [TEST_STEP][PASSED] - waitForPageLoad(0): Wait for page load successfully

09-01-2025T16:36:56 - [MESSAGE][WARNING] - Timeout '0' is invalid. Using default page load timeout: '30'

09-01-2025T16:36:56 - [MESSAGE][PASSED] - Wait for page load successfully

09-01-2025T16:36:56 - [TEST_STEP][PASSED] - sendKeys(findTestObject("Object Repository/Specific Cases Repository/LS/Client Profile/Allergies-Vitals-Labs/BAL/Page_Blood Alcohol Level/input_-- Select Staff --_select2-search__field"), Keys.chord(ENTER)): Keys 'ENTER + ' sent to object: 'Object Repository/Specific Cases Repository/LS/Client Profile/Allergies-Vitals-Labs/BAL/Page_Blood Alcohol Level/input_-- Select Staff --_select2-search__field'

09-01-2025T16:36:57 - [MESSAGE][PASSED] - Keys 'ENTER + ' sent to object: 'Object Repository/Specific Cases Repository/LS/Client Profile/Allergies-Vitals-Labs/BAL/Page_Blood Alcohol Level/input_-- Select Staff --_select2-search__field'

09-01-2025T16:36:57 - [TEST_STEP][PASSED] - click(findTestObject("Object Repository/Specific Cases Repository/LS/Client Profile/Allergies-Vitals-Labs/BAL/Page_Blood Alcohol Level/input_Sign and Lock_dss")): Object: 'Object Repository/Specific Cases Repository/LS/Client Profile/Allergies-Vitals-Labs/BAL/Page_Blood Alcohol Level/input_Sign and Lock_dss' is clicked on

09-01-2025T16:36:57 - [MESSAGE][PASSED] - Object: 'Object Repository/Specific Cases Repository/LS/Client Profile/Allergies-Vitals-Labs/BAL/Page_Blood Alcohol Level/input_Sign and Lock_dss' is clicked on

09-01-2025T16:36:57 - [TEST_STEP][PASSED] - click(findTestObject("Object Repository/Specific Cases Repository/LS/Client Profile/Allergies-Vitals-Labs/BAL/Page_Blood Alcohol Level/button_Save")): Object: 'Object Repository/Specific Cases Repository/LS/Client Profile/Allergies-Vitals-Labs/BAL/Page_Blood Alcohol Level/button_Save' is clicked on

09-01-2025T16:37:09 - [MESSAGE][PASSED] - Object: 'Object Repository/Specific Cases Repository/LS/Client Profile/Allergies-Vitals-Labs/BAL/Page_Blood Alcohol Level/button_Save' is clicked on

09-01-2025T16:37:09 - [TEST_STEP][PASSED] - verifyElementText(findTestObject("Object Repository/Specific Cases Repository/LS/Client Profile/Allergies-Vitals-Labs/BAL/Page_Client Profile/span_Automation Reading"), "Automation Reading"): Actual text and expected text of test object 'Object Repository/Specific Cases Repository/LS/Client Profile/Allergies-Vitals-Labs/BAL/Page_Client Profile/span_Automation Reading' are matched.

09-01-2025T16:37:11 - [MESSAGE][PASSED] - Actual text and expected text of test object 'Object Repository/Specific Cases Repository/LS/Client Profile/Allergies-Vitals-Labs/BAL/Page_Client Profile/span_Automation Reading' are matched.

09-01-2025T16:37:11 - [TEST_STEP][PASSED] - verifyElementText(findTestObject("Object Repository/Specific Cases Repository/LS/Client Profile/Allergies-Vitals-Labs/BAL/Page_Client Profile/span_Positive"), "Positive"): Actual text and expected text of test object 'Object Repository/Specific Cases Repository/LS/Client Profile/Allergies-Vitals-Labs/BAL/Page_Client Profile/span_Positive' are matched.

09-01-2025T16:37:11 - [MESSAGE][PASSED] - Actual text and expected text of test object 'Object Repository/Specific Cases Repository/LS/Client Profile/Allergies-Vitals-Labs/BAL/Page_Client Profile/span_Positive' are matched.

09-01-2025T16:37:11 - [TEST_STEP][PASSED] - click(findTestObject("Object Repository/Specific Cases Repository/LS/Client Profile/Allergies-Vitals-Labs/BAL/Page_Client Profile/a_Started_btn btn-primary btn-raised btn-sm_564fc3")): Object: 'Object Repository/Specific Cases Repository/LS/Client Profile/Allergies-Vitals-Labs/BAL/Page_Client Profile/a_Started_btn btn-primary btn-raised btn-sm_564fc3' is clicked on

09-01-2025T16:37:14 - [MESSAGE][PASSED] - Object: 'Object Repository/Specific Cases Repository/LS/Client Profile/Allergies-Vitals-Labs/BAL/Page_Client Profile/a_Started_btn btn-primary btn-raised btn-sm_564fc3' is clicked on

09-01-2025T16:37:14 - [TEST_STEP][PASSED] - verifyElementText(findTestObject("Object Repository/Specific Cases Repository/LS/Client Profile/Allergies-Vitals-Labs/BAL/Page_Blood Alcohol Level/span_Document is signed and may not be changed"), "Document is signed and may not be changed."): Actual text and expected text of test object 'Object Repository/Specific Cases Repository/LS/Client Profile/Allergies-Vitals-Labs/BAL/Page_Blood Alcohol Level/span_Document is signed and may not be changed' are matched.

09-01-2025T16:37:15 - [MESSAGE][PASSED] - Actual text and expected text of test object 'Object Repository/Specific Cases Repository/LS/Client Profile/Allergies-Vitals-Labs/BAL/Page_Blood Alcohol Level/span_Document is signed and may not be changed' are matched.

09-01-2025T16:37:15 - [TEST_STEP][PASSED] - closeBrowser(): Browser is closed

09-01-2025T16:37:15 - [MESSAGE][PASSED] - Browser is closed]]></system-out>
         <system-err><![CDATA[]]></system-err>
      </testcase>
      <testcase name="Test Cases/Specific Cases/LS/Client Profile/Allergies-Vitals-Labs/CBG Level" time="45.806" classname="Test Cases/Specific Cases/LS/Client Profile/Allergies-Vitals-Labs/CBG Level" status="PASSED">
         <system-out><![CDATA[09-01-2025T16:37:15 - [TEST_CASE][PASSED] - Test Cases/Specific Cases/LS/Client Profile/Allergies-Vitals-Labs/CBG Level: Test Cases/Specific Cases/LS/Client Profile/Allergies-Vitals-Labs/CBG Level

09-01-2025T16:37:15 - [TEST_STEP][PASSED] - callTestCase(findTestCase("Common Cases/Login"), [:], STOP_ON_FAILURE): Call Test Case 'Test Cases/Common Cases/Login' successfully

09-01-2025T16:37:15 - [TEST_CASE][PASSED] - Test Cases/Common Cases/Login: Test Cases/Common Cases/Login

09-01-2025T16:37:15 - [TEST_STEP][PASSED] - openBrowser(""): Browser is opened with url: ''

09-01-2025T16:37:15 - [MESSAGE][INFO] - Starting 'Chrome' driver

09-01-2025T16:37:15 - [MESSAGE][INFO] - Action delay is set to 0 milliseconds

09-01-2025T16:37:16 - [MESSAGE][PASSED] - Browser is opened with url: ''

09-01-2025T16:37:16 - [TEST_STEP][PASSED] - maximizeWindow(): Current window maximized

09-01-2025T16:37:17 - [MESSAGE][PASSED] - Current window maximized

09-01-2025T16:37:17 - [TEST_STEP][PASSED] - navigateToUrl("https://site17.lsapp.cloud/auth/login"): Navigate to 'https://site17.lsapp.cloud/auth/login' successfully

09-01-2025T16:37:19 - [MESSAGE][PASSED] - Navigate to 'https://site17.lsapp.cloud/auth/login' successfully

09-01-2025T16:37:19 - [TEST_STEP][PASSED] - setText(findTestObject("Object Repository/Common Cases Repository/Login/Page_Lightning Step/input_Email_email"), "automation@lightningstep.com"): Text 'automation@lightningstep.com' is set on object 'Object Repository/Common Cases Repository/Login/Page_Lightning Step/input_Email_email'

09-01-2025T16:37:20 - [MESSAGE][PASSED] - Text 'automation@lightningstep.com' is set on object 'Object Repository/Common Cases Repository/Login/Page_Lightning Step/input_Email_email'

09-01-2025T16:37:20 - [TEST_STEP][PASSED] - setEncryptedText(findTestObject("Object Repository/Common Cases Repository/Login/Page_Lightning Step/input_Password_password"), "e5N8VHmnhJDITtQaQhDQDw=="): Text ****** has been set on object 'Object Repository/Common Cases Repository/Login/Page_Lightning Step/input_Password_password'

09-01-2025T16:37:20 - [MESSAGE][PASSED] - Text ****** has been set on object 'Object Repository/Common Cases Repository/Login/Page_Lightning Step/input_Password_password'

09-01-2025T16:37:20 - [TEST_STEP][PASSED] - click(findTestObject("Object Repository/Common Cases Repository/Login/Page_Lightning Step/button_Sign in")): Object: 'Object Repository/Common Cases Repository/Login/Page_Lightning Step/button_Sign in' is clicked on

09-01-2025T16:37:26 - [MESSAGE][PASSED] - Object: 'Object Repository/Common Cases Repository/Login/Page_Lightning Step/button_Sign in' is clicked on

09-01-2025T16:37:26 - [MESSAGE][PASSED] - Call Test Case 'Test Cases/Common Cases/Login' successfully

09-01-2025T16:37:26 - [TEST_STEP][PASSED] - navigateToUrl("https://site17.lsapp.cloud/client/index/1556?section=medicalassess"): Navigate to 'https://site17.lsapp.cloud/client/index/1556?section=medicalassess' successfully

09-01-2025T16:37:39 - [MESSAGE][PASSED] - Navigate to 'https://site17.lsapp.cloud/client/index/1556?section=medicalassess' successfully

09-01-2025T16:37:39 - [TEST_STEP][PASSED] - click(findTestObject("Object Repository/Specific Cases Repository/LS/Client Profile/Allergies-Vitals-Labs/CBG Level/Page_Client Profile/h4_CBG                                     _f9629b")): Object: 'Object Repository/Specific Cases Repository/LS/Client Profile/Allergies-Vitals-Labs/CBG Level/Page_Client Profile/h4_CBG                                     _f9629b' is clicked on

09-01-2025T16:37:40 - [MESSAGE][PASSED] - Object: 'Object Repository/Specific Cases Repository/LS/Client Profile/Allergies-Vitals-Labs/CBG Level/Page_Client Profile/h4_CBG                                     _f9629b' is clicked on

09-01-2025T16:37:40 - [TEST_STEP][PASSED] - click(findTestObject("Object Repository/Specific Cases Repository/LS/Client Profile/Allergies-Vitals-Labs/CBG Level/Page_Client Profile/i_add")): Object: 'Object Repository/Specific Cases Repository/LS/Client Profile/Allergies-Vitals-Labs/CBG Level/Page_Client Profile/i_add' is clicked on

09-01-2025T16:37:45 - [MESSAGE][PASSED] - Object: 'Object Repository/Specific Cases Repository/LS/Client Profile/Allergies-Vitals-Labs/CBG Level/Page_Client Profile/i_add' is clicked on

09-01-2025T16:37:45 - [TEST_STEP][PASSED] - setText(findTestObject("Object Repository/Specific Cases Repository/LS/Client Profile/Allergies-Vitals-Labs/CBG Level/Page_Glucose Reading/input_Glucose Reading_reading"), "11"): Text '11' is set on object 'Object Repository/Specific Cases Repository/LS/Client Profile/Allergies-Vitals-Labs/CBG Level/Page_Glucose Reading/input_Glucose Reading_reading'

09-01-2025T16:37:46 - [MESSAGE][PASSED] - Text '11' is set on object 'Object Repository/Specific Cases Repository/LS/Client Profile/Allergies-Vitals-Labs/CBG Level/Page_Glucose Reading/input_Glucose Reading_reading'

09-01-2025T16:37:46 - [TEST_STEP][PASSED] - setText(findTestObject("Object Repository/Specific Cases Repository/LS/Client Profile/Allergies-Vitals-Labs/CBG Level/Page_Glucose Reading/input_Units_units"), "12"): Text '12' is set on object 'Object Repository/Specific Cases Repository/LS/Client Profile/Allergies-Vitals-Labs/CBG Level/Page_Glucose Reading/input_Units_units'

09-01-2025T16:37:46 - [MESSAGE][PASSED] - Text '12' is set on object 'Object Repository/Specific Cases Repository/LS/Client Profile/Allergies-Vitals-Labs/CBG Level/Page_Glucose Reading/input_Units_units'

09-01-2025T16:37:46 - [TEST_STEP][PASSED] - setText(findTestObject("Object Repository/Specific Cases Repository/LS/Client Profile/Allergies-Vitals-Labs/CBG Level/Page_Glucose Reading/textarea_Additional Information_note"), "Automation Additional Information"): Text 'Automation Additional Information' is set on object 'Object Repository/Specific Cases Repository/LS/Client Profile/Allergies-Vitals-Labs/CBG Level/Page_Glucose Reading/textarea_Additional Information_note'

09-01-2025T16:37:47 - [MESSAGE][PASSED] - Text 'Automation Additional Information' is set on object 'Object Repository/Specific Cases Repository/LS/Client Profile/Allergies-Vitals-Labs/CBG Level/Page_Glucose Reading/textarea_Additional Information_note'

09-01-2025T16:37:47 - [TEST_STEP][PASSED] - click(findTestObject("Object Repository/Specific Cases Repository/LS/Client Profile/Allergies-Vitals-Labs/CBG Level/Page_Glucose Reading/button_Save")): Object: 'Object Repository/Specific Cases Repository/LS/Client Profile/Allergies-Vitals-Labs/CBG Level/Page_Glucose Reading/button_Save' is clicked on

09-01-2025T16:37:59 - [MESSAGE][PASSED] - Object: 'Object Repository/Specific Cases Repository/LS/Client Profile/Allergies-Vitals-Labs/CBG Level/Page_Glucose Reading/button_Save' is clicked on

09-01-2025T16:37:59 - [TEST_STEP][PASSED] - click(findTestObject("Object Repository/Specific Cases Repository/LS/Client Profile/Allergies-Vitals-Labs/CBG Level/Page_Client Profile/a_Allergies  Vitals  Labs")): Object: 'Object Repository/Specific Cases Repository/LS/Client Profile/Allergies-Vitals-Labs/CBG Level/Page_Client Profile/a_Allergies  Vitals  Labs' is clicked on

09-01-2025T16:38:00 - [MESSAGE][PASSED] - Object: 'Object Repository/Specific Cases Repository/LS/Client Profile/Allergies-Vitals-Labs/CBG Level/Page_Client Profile/a_Allergies  Vitals  Labs' is clicked on

09-01-2025T16:38:00 - [TEST_STEP][PASSED] - verifyElementText(findTestObject("Object Repository/Specific Cases Repository/LS/Client Profile/Allergies-Vitals-Labs/CBG Level/Page_Client Profile/td_11"), "11"): Actual text and expected text of test object 'Object Repository/Specific Cases Repository/LS/Client Profile/Allergies-Vitals-Labs/CBG Level/Page_Client Profile/td_11' are matched.

09-01-2025T16:38:00 - [MESSAGE][PASSED] - Actual text and expected text of test object 'Object Repository/Specific Cases Repository/LS/Client Profile/Allergies-Vitals-Labs/CBG Level/Page_Client Profile/td_11' are matched.

09-01-2025T16:38:00 - [TEST_STEP][PASSED] - closeBrowser(): Browser is closed

09-01-2025T16:38:01 - [MESSAGE][PASSED] - Browser is closed]]></system-out>
         <system-err><![CDATA[]]></system-err>
      </testcase>
      <testcase name="Test Cases/Specific Cases/LS/Client Profile/Allergies-Vitals-Labs/Imaging Order" time="55.519" classname="Test Cases/Specific Cases/LS/Client Profile/Allergies-Vitals-Labs/Imaging Order" status="FAILED">
         <failure type="FAILED" message="Test Cases/Specific Cases/LS/Client Profile/Allergies-Vitals-Labs/Imaging Order FAILED.&#xa;Reason:&#xa;com.kms.katalon.core.exception.StepFailedException: Unable to click on object 'Object Repository/Specific Cases Repository/LS/Client Profile/Allergies-Vitals-Labs/Imaging Order/Page_Client Profile/h4_Imaging Order'&#xa;	at com.kms.katalon.core.webui.keyword.internal.WebUIKeywordMain.stepFailed(WebUIKeywordMain.groovy:117)&#xa;	at com.kms.katalon.core.webui.keyword.internal.WebUIKeywordMain.runKeyword(WebUIKeywordMain.groovy:43)&#xa;	at com.kms.katalon.core.webui.keyword.builtin.ClickKeyword.click(ClickKeyword.groovy:74)&#xa;	at com.kms.katalon.core.webui.keyword.builtin.ClickKeyword.execute(ClickKeyword.groovy:40)&#xa;	at com.kms.katalon.core.keyword.internal.KeywordExecutor.executeKeywordForPlatform(KeywordExecutor.groovy:74)&#xa;	at com.kms.katalon.core.webui.keyword.WebUiBuiltInKeywords.click(WebUiBuiltInKeywords.groovy:659)&#xa;	at Imaging Order.run(Imaging Order:24)&#xa;	at com.kms.katalon.core.main.ScriptEngine.run(ScriptEngine.java:194)&#xa;	at com.kms.katalon.core.main.ScriptEngine.runScriptAsRawText(ScriptEngine.java:119)&#xa;	at com.kms.katalon.core.main.TestCaseExecutor.runScript(TestCaseExecutor.java:448)&#xa;	at com.kms.katalon.core.main.TestCaseExecutor.doExecute(TestCaseExecutor.java:439)&#xa;	at com.kms.katalon.core.main.TestCaseExecutor.processExecutionPhase(TestCaseExecutor.java:418)&#xa;	at com.kms.katalon.core.main.TestCaseExecutor.accessMainPhase(TestCaseExecutor.java:410)&#xa;	at com.kms.katalon.core.main.TestCaseExecutor.execute(TestCaseExecutor.java:285)&#xa;	at com.kms.katalon.core.main.TestCaseExecutor.execute(TestCaseExecutor.java:369)&#xa;	at com.kms.katalon.core.main.TestCaseExecutor.execute(TestCaseExecutor.java:369)&#xa;	at com.kms.katalon.core.main.TestCaseExecutor.execute(TestCaseExecutor.java:369)&#xa;	at com.kms.katalon.core.common.CommonExecutor.accessTestCaseMainPhase(CommonExecutor.java:65)&#xa;	at com.kms.katalon.core.main.TestSuiteExecutor.accessTestSuiteMainPhase(TestSuiteExecutor.java:150)&#xa;	at com.kms.katalon.core.main.TestSuiteExecutor.execute(TestSuiteExecutor.java:106)&#xa;	at com.kms.katalon.core.main.TestCaseMain.startTestSuite(TestCaseMain.java:180)&#xa;	at TempTestSuite1736457683839.run(TempTestSuite1736457683839.groovy:35)&#xa;	at java.base/jdk.internal.reflect.NativeMethodAccessorImpl.invoke0(Native Method)&#xa;	at java.base/jdk.internal.reflect.NativeMethodAccessorImpl.invoke(NativeMethodAccessorImpl.java:77)&#xa;	at java.base/jdk.internal.reflect.DelegatingMethodAccessorImpl.invoke(DelegatingMethodAccessorImpl.java:43)&#xa;Caused by: org.openqa.selenium.ElementNotInteractableException: element not interactable&#xa;  (Session info: chrome=131.0.6778.205)&#xa;Build info: version: '3.141.59', revision: 'unknown', time: 'unknown'&#xa;System info: host: 'ENRIQUE', ip: '192.168.100.147', os.name: 'Windows 11', os.arch: 'amd64', os.version: '10.0', java.version: '17.0.7'&#xa;Driver info: com.kms.katalon.selenium.driver.CChromeDriver&#xa;Capabilities {acceptInsecureCerts: false, browserName: chrome, browserVersion: 131.0.6778.205, chrome: {chromedriverVersion: 130.0.6723.58 (3a50e012e4c9..., userDataDir: C:\Users\Enrique\AppData\Lo...}, fedcm:accounts: true, goog:chromeOptions: {debuggerAddress: localhost:58467}, javascriptEnabled: true, networkConnectionEnabled: false, pageLoadStrategy: normal, platform: WINDOWS, platformName: WINDOWS, proxy: Proxy(), setWindowRect: true, strictFileInteractability: false, timeouts: {implicit: 0, pageLoad: 300000, script: 30000}, unhandledPromptBehavior: dismiss and notify, webauthn:extension:credBlob: true, webauthn:extension:largeBlob: true, webauthn:extension:minPinLength: true, webauthn:extension:prf: true, webauthn:virtualAuthenticators: true}&#xa;Session ID: 20840083d958021192278330cc61c340&#xa;	at java.base/jdk.internal.reflect.NativeConstructorAccessorImpl.newInstance0(Native Method)&#xa;	at java.base/jdk.internal.reflect.NativeConstructorAccessorImpl.newInstance(NativeConstructorAccessorImpl.java:77)&#xa;	at java.base/jdk.internal.reflect.DelegatingConstructorAccessorImpl.newInstance(DelegatingConstructorAccessorImpl.java:45)&#xa;	at org.openqa.selenium.remote.http.W3CHttpResponseCodec.createException(W3CHttpResponseCodec.java:187)&#xa;	at org.openqa.selenium.remote.http.W3CHttpResponseCodec.decode(W3CHttpResponseCodec.java:122)&#xa;	at org.openqa.selenium.remote.http.W3CHttpResponseCodec.decode(W3CHttpResponseCodec.java:49)&#xa;	at org.openqa.selenium.remote.HttpCommandExecutor.execute(HttpCommandExecutor.java:158)&#xa;	at org.openqa.selenium.remote.service.DriverCommandExecutor.execute(DriverCommandExecutor.java:83)&#xa;	at org.openqa.selenium.remote.RemoteWebDriver.execute(RemoteWebDriver.java:552)&#xa;	at com.kms.katalon.selenium.driver.CChromeDriver.execute(CChromeDriver.java:19)&#xa;	at org.openqa.selenium.remote.RemoteWebElement.execute(RemoteWebElement.java:285)&#xa;	at org.openqa.selenium.remote.RemoteWebElement.click(RemoteWebElement.java:84)&#xa;	at jdk.internal.reflect.GeneratedMethodAccessor13.invoke(Unknown Source)&#xa;	at java.base/jdk.internal.reflect.DelegatingMethodAccessorImpl.invoke(DelegatingMethodAccessorImpl.java:43)&#xa;	at org.openqa.selenium.support.events.EventFiringWebDriver$EventFiringWebElement.lambda$new$0(EventFiringWebDriver.java:404)&#xa;	at jdk.proxy2/jdk.proxy2.$Proxy24.click(Unknown Source)&#xa;	at org.openqa.selenium.support.events.EventFiringWebDriver$EventFiringWebElement.click(EventFiringWebDriver.java:417)&#xa;	at org.openqa.selenium.WebElement$click.call(Unknown Source)&#xa;	at com.kms.katalon.core.webui.keyword.builtin.ClickKeyword.clickUntilSuccessWithTimeout(ClickKeyword.groovy:81)&#xa;	at com.kms.katalon.core.webui.keyword.builtin.ClickKeyword.clickUntilSuccessWithTimeout(ClickKeyword.groovy)&#xa;	at jdk.internal.reflect.GeneratedMethodAccessor11.invoke(Unknown Source)&#xa;	at java.base/jdk.internal.reflect.DelegatingMethodAccessorImpl.invoke(DelegatingMethodAccessorImpl.java:43)&#xa;	at com.kms.katalon.core.webui.keyword.builtin.ClickKeyword$_click_closure1.doCall(ClickKeyword.groovy:67)&#xa;	at com.kms.katalon.core.webui.keyword.builtin.ClickKeyword$_click_closure1.call(ClickKeyword.groovy)&#xa;	at com.kms.katalon.core.webui.keyword.internal.WebUIKeywordMain.runKeyword(WebUIKeywordMain.groovy:35)&#xa;	... 23 more&#xa;"/>
         <system-out><![CDATA[09-01-2025T16:40:50 - [TEST_CASE][FAILED] - Test Cases/Specific Cases/LS/Client Profile/Allergies-Vitals-Labs/Imaging Order: Test Cases/Specific Cases/LS/Client Profile/Allergies-Vitals-Labs/Imaging Order FAILED.
Reason:
com.kms.katalon.core.exception.StepFailedException: Unable to click on object 'Object Repository/Specific Cases Repository/LS/Client Profile/Allergies-Vitals-Labs/Imaging Order/Page_Client Profile/h4_Imaging Order'
	at com.kms.katalon.core.webui.keyword.internal.WebUIKeywordMain.stepFailed(WebUIKeywordMain.groovy:117)
	at com.kms.katalon.core.webui.keyword.internal.WebUIKeywordMain.runKeyword(WebUIKeywordMain.groovy:43)
	at com.kms.katalon.core.webui.keyword.builtin.ClickKeyword.click(ClickKeyword.groovy:74)
	at com.kms.katalon.core.webui.keyword.builtin.ClickKeyword.execute(ClickKeyword.groovy:40)
	at com.kms.katalon.core.keyword.internal.KeywordExecutor.executeKeywordForPlatform(KeywordExecutor.groovy:74)
	at com.kms.katalon.core.webui.keyword.WebUiBuiltInKeywords.click(WebUiBuiltInKeywords.groovy:659)
	at Imaging Order.run(Imaging Order:24)
	at com.kms.katalon.core.main.ScriptEngine.run(ScriptEngine.java:194)
	at com.kms.katalon.core.main.ScriptEngine.runScriptAsRawText(ScriptEngine.java:119)
	at com.kms.katalon.core.main.TestCaseExecutor.runScript(TestCaseExecutor.java:448)
	at com.kms.katalon.core.main.TestCaseExecutor.doExecute(TestCaseExecutor.java:439)
	at com.kms.katalon.core.main.TestCaseExecutor.processExecutionPhase(TestCaseExecutor.java:418)
	at com.kms.katalon.core.main.TestCaseExecutor.accessMainPhase(TestCaseExecutor.java:410)
	at com.kms.katalon.core.main.TestCaseExecutor.execute(TestCaseExecutor.java:285)
	at com.kms.katalon.core.main.TestCaseExecutor.execute(TestCaseExecutor.java:369)
	at com.kms.katalon.core.main.TestCaseExecutor.execute(TestCaseExecutor.java:369)
	at com.kms.katalon.core.main.TestCaseExecutor.execute(TestCaseExecutor.java:369)
	at com.kms.katalon.core.common.CommonExecutor.accessTestCaseMainPhase(CommonExecutor.java:65)
	at com.kms.katalon.core.main.TestSuiteExecutor.accessTestSuiteMainPhase(TestSuiteExecutor.java:150)
	at com.kms.katalon.core.main.TestSuiteExecutor.execute(TestSuiteExecutor.java:106)
	at com.kms.katalon.core.main.TestCaseMain.startTestSuite(TestCaseMain.java:180)
	at TempTestSuite1736457683839.run(TempTestSuite1736457683839.groovy:35)
	at java.base/jdk.internal.reflect.NativeMethodAccessorImpl.invoke0(Native Method)
	at java.base/jdk.internal.reflect.NativeMethodAccessorImpl.invoke(NativeMethodAccessorImpl.java:77)
	at java.base/jdk.internal.reflect.DelegatingMethodAccessorImpl.invoke(DelegatingMethodAccessorImpl.java:43)
Caused by: org.openqa.selenium.ElementNotInteractableException: element not interactable
  (Session info: chrome=131.0.6778.205)
Build info: version: '3.141.59', revision: 'unknown', time: 'unknown'
System info: host: 'ENRIQUE', ip: '192.168.100.147', os.name: 'Windows 11', os.arch: 'amd64', os.version: '10.0', java.version: '17.0.7'
Driver info: com.kms.katalon.selenium.driver.CChromeDriver
Capabilities {acceptInsecureCerts: false, browserName: chrome, browserVersion: 131.0.6778.205, chrome: {chromedriverVersion: 130.0.6723.58 (3a50e012e4c9..., userDataDir: C:\Users\Enrique\AppData\Lo...}, fedcm:accounts: true, goog:chromeOptions: {debuggerAddress: localhost:58467}, javascriptEnabled: true, networkConnectionEnabled: false, pageLoadStrategy: normal, platform: WINDOWS, platformName: WINDOWS, proxy: Proxy(), setWindowRect: true, strictFileInteractability: false, timeouts: {implicit: 0, pageLoad: 300000, script: 30000}, unhandledPromptBehavior: dismiss and notify, webauthn:extension:credBlob: true, webauthn:extension:largeBlob: true, webauthn:extension:minPinLength: true, webauthn:extension:prf: true, webauthn:virtualAuthenticators: true}
Session ID: 20840083d958021192278330cc61c340
	at java.base/jdk.internal.reflect.NativeConstructorAccessorImpl.newInstance0(Native Method)
	at java.base/jdk.internal.reflect.NativeConstructorAccessorImpl.newInstance(NativeConstructorAccessorImpl.java:77)
	at java.base/jdk.internal.reflect.DelegatingConstructorAccessorImpl.newInstance(DelegatingConstructorAccessorImpl.java:45)
	at org.openqa.selenium.remote.http.W3CHttpResponseCodec.createException(W3CHttpResponseCodec.java:187)
	at org.openqa.selenium.remote.http.W3CHttpResponseCodec.decode(W3CHttpResponseCodec.java:122)
	at org.openqa.selenium.remote.http.W3CHttpResponseCodec.decode(W3CHttpResponseCodec.java:49)
	at org.openqa.selenium.remote.HttpCommandExecutor.execute(HttpCommandExecutor.java:158)
	at org.openqa.selenium.remote.service.DriverCommandExecutor.execute(DriverCommandExecutor.java:83)
	at org.openqa.selenium.remote.RemoteWebDriver.execute(RemoteWebDriver.java:552)
	at com.kms.katalon.selenium.driver.CChromeDriver.execute(CChromeDriver.java:19)
	at org.openqa.selenium.remote.RemoteWebElement.execute(RemoteWebElement.java:285)
	at org.openqa.selenium.remote.RemoteWebElement.click(RemoteWebElement.java:84)
	at jdk.internal.reflect.GeneratedMethodAccessor13.invoke(Unknown Source)
	at java.base/jdk.internal.reflect.DelegatingMethodAccessorImpl.invoke(DelegatingMethodAccessorImpl.java:43)
	at org.openqa.selenium.support.events.EventFiringWebDriver$EventFiringWebElement.lambda$new$0(EventFiringWebDriver.java:404)
	at jdk.proxy2/jdk.proxy2.$Proxy24.click(Unknown Source)
	at org.openqa.selenium.support.events.EventFiringWebDriver$EventFiringWebElement.click(EventFiringWebDriver.java:417)
	at org.openqa.selenium.WebElement$click.call(Unknown Source)
	at com.kms.katalon.core.webui.keyword.builtin.ClickKeyword.clickUntilSuccessWithTimeout(ClickKeyword.groovy:81)
	at com.kms.katalon.core.webui.keyword.builtin.ClickKeyword.clickUntilSuccessWithTimeout(ClickKeyword.groovy)
	at jdk.internal.reflect.GeneratedMethodAccessor11.invoke(Unknown Source)
	at java.base/jdk.internal.reflect.DelegatingMethodAccessorImpl.invoke(DelegatingMethodAccessorImpl.java:43)
	at com.kms.katalon.core.webui.keyword.builtin.ClickKeyword$_click_closure1.doCall(ClickKeyword.groovy:67)
	at com.kms.katalon.core.webui.keyword.builtin.ClickKeyword$_click_closure1.call(ClickKeyword.groovy)
	at com.kms.katalon.core.webui.keyword.internal.WebUIKeywordMain.runKeyword(WebUIKeywordMain.groovy:35)
	... 23 more


09-01-2025T16:40:50 - [TEST_STEP][PASSED] - callTestCase(findTestCase("Common Cases/Login"), [:], STOP_ON_FAILURE): Call Test Case 'Test Cases/Common Cases/Login' successfully

09-01-2025T16:40:50 - [TEST_CASE][PASSED] - Test Cases/Common Cases/Login: Test Cases/Common Cases/Login

09-01-2025T16:40:50 - [TEST_STEP][PASSED] - openBrowser(""): Browser is opened with url: ''

09-01-2025T16:40:50 - [MESSAGE][WARNING] - A browser is already opened. Closing browser and opening a new one

09-01-2025T16:40:50 - [MESSAGE][INFO] - Starting 'Chrome' driver

09-01-2025T16:40:50 - [MESSAGE][INFO] - Action delay is set to 0 milliseconds

09-01-2025T16:40:51 - [MESSAGE][PASSED] - Browser is opened with url: ''

09-01-2025T16:40:51 - [TEST_STEP][PASSED] - maximizeWindow(): Current window maximized

09-01-2025T16:40:51 - [MESSAGE][PASSED] - Current window maximized

09-01-2025T16:40:51 - [TEST_STEP][PASSED] - navigateToUrl("https://site17.lsapp.cloud/auth/login"): Navigate to 'https://site17.lsapp.cloud/auth/login' successfully

09-01-2025T16:40:54 - [MESSAGE][PASSED] - Navigate to 'https://site17.lsapp.cloud/auth/login' successfully

09-01-2025T16:40:54 - [TEST_STEP][PASSED] - setText(findTestObject("Object Repository/Common Cases Repository/Login/Page_Lightning Step/input_Email_email"), "automation@lightningstep.com"): Text 'automation@lightningstep.com' is set on object 'Object Repository/Common Cases Repository/Login/Page_Lightning Step/input_Email_email'

09-01-2025T16:40:55 - [MESSAGE][PASSED] - Text 'automation@lightningstep.com' is set on object 'Object Repository/Common Cases Repository/Login/Page_Lightning Step/input_Email_email'

09-01-2025T16:40:55 - [TEST_STEP][PASSED] - setEncryptedText(findTestObject("Object Repository/Common Cases Repository/Login/Page_Lightning Step/input_Password_password"), "e5N8VHmnhJDITtQaQhDQDw=="): Text ****** has been set on object 'Object Repository/Common Cases Repository/Login/Page_Lightning Step/input_Password_password'

09-01-2025T16:40:55 - [MESSAGE][PASSED] - Text ****** has been set on object 'Object Repository/Common Cases Repository/Login/Page_Lightning Step/input_Password_password'

09-01-2025T16:40:55 - [TEST_STEP][PASSED] - click(findTestObject("Object Repository/Common Cases Repository/Login/Page_Lightning Step/button_Sign in")): Object: 'Object Repository/Common Cases Repository/Login/Page_Lightning Step/button_Sign in' is clicked on

09-01-2025T16:41:01 - [MESSAGE][PASSED] - Object: 'Object Repository/Common Cases Repository/Login/Page_Lightning Step/button_Sign in' is clicked on

09-01-2025T16:41:01 - [MESSAGE][PASSED] - Call Test Case 'Test Cases/Common Cases/Login' successfully

09-01-2025T16:41:01 - [TEST_STEP][PASSED] - navigateToUrl("https://site17.lsapp.cloud/client/index/1556?section=medicalassess"): Navigate to 'https://site17.lsapp.cloud/client/index/1556?section=medicalassess' successfully

09-01-2025T16:41:14 - [MESSAGE][PASSED] - Navigate to 'https://site17.lsapp.cloud/client/index/1556?section=medicalassess' successfully

09-01-2025T16:41:14 - [TEST_STEP][FAILED] - click(findTestObject("Object Repository/Specific Cases Repository/LS/Client Profile/Allergies-Vitals-Labs/Imaging Order/Page_Client Profile/h4_Imaging Order")): Unable to click on object 'Object Repository/Specific Cases Repository/LS/Client Profile/Allergies-Vitals-Labs/Imaging Order/Page_Client Profile/h4_Imaging Order' (Root cause: com.kms.katalon.core.exception.StepFailedException: Unable to click on object 'Object Repository/Specific Cases Repository/LS/Client Profile/Allergies-Vitals-Labs/Imaging Order/Page_Client Profile/h4_Imaging Order'
	at com.kms.katalon.core.webui.keyword.internal.WebUIKeywordMain.stepFailed(WebUIKeywordMain.groovy:117)
	at com.kms.katalon.core.webui.keyword.internal.WebUIKeywordMain.runKeyword(WebUIKeywordMain.groovy:43)
	at com.kms.katalon.core.webui.keyword.builtin.ClickKeyword.click(ClickKeyword.groovy:74)
	at com.kms.katalon.core.webui.keyword.builtin.ClickKeyword.execute(ClickKeyword.groovy:40)
	at com.kms.katalon.core.keyword.internal.KeywordExecutor.executeKeywordForPlatform(KeywordExecutor.groovy:74)
	at com.kms.katalon.core.webui.keyword.WebUiBuiltInKeywords.click(WebUiBuiltInKeywords.groovy:659)
	at Imaging Order.run(Imaging Order:24)
	at com.kms.katalon.core.main.ScriptEngine.run(ScriptEngine.java:194)
	at com.kms.katalon.core.main.ScriptEngine.runScriptAsRawText(ScriptEngine.java:119)
	at com.kms.katalon.core.main.TestCaseExecutor.runScript(TestCaseExecutor.java:448)
	at com.kms.katalon.core.main.TestCaseExecutor.doExecute(TestCaseExecutor.java:439)
	at com.kms.katalon.core.main.TestCaseExecutor.processExecutionPhase(TestCaseExecutor.java:418)
	at com.kms.katalon.core.main.TestCaseExecutor.accessMainPhase(TestCaseExecutor.java:410)
	at com.kms.katalon.core.main.TestCaseExecutor.execute(TestCaseExecutor.java:285)
	at com.kms.katalon.core.main.TestCaseExecutor.execute(TestCaseExecutor.java:369)
	at com.kms.katalon.core.main.TestCaseExecutor.execute(TestCaseExecutor.java:369)
	at com.kms.katalon.core.main.TestCaseExecutor.execute(TestCaseExecutor.java:369)
	at com.kms.katalon.core.common.CommonExecutor.accessTestCaseMainPhase(CommonExecutor.java:65)
	at com.kms.katalon.core.main.TestSuiteExecutor.accessTestSuiteMainPhase(TestSuiteExecutor.java:150)
	at com.kms.katalon.core.main.TestSuiteExecutor.execute(TestSuiteExecutor.java:106)
	at com.kms.katalon.core.main.TestCaseMain.startTestSuite(TestCaseMain.java:180)
	at TempTestSuite1736457683839.run(TempTestSuite1736457683839.groovy:35)
	at java.base/jdk.internal.reflect.NativeMethodAccessorImpl.invoke0(Native Method)
	at java.base/jdk.internal.reflect.NativeMethodAccessorImpl.invoke(NativeMethodAccessorImpl.java:77)
	at java.base/jdk.internal.reflect.DelegatingMethodAccessorImpl.invoke(DelegatingMethodAccessorImpl.java:43)
Caused by: org.openqa.selenium.ElementNotInteractableException: element not interactable
  (Session info: chrome=131.0.6778.205)
Build info: version: '3.141.59', revision: 'unknown', time: 'unknown'
System info: host: 'ENRIQUE', ip: '192.168.100.147', os.name: 'Windows 11', os.arch: 'amd64', os.version: '10.0', java.version: '17.0.7'
Driver info: com.kms.katalon.selenium.driver.CChromeDriver
Capabilities {acceptInsecureCerts: false, browserName: chrome, browserVersion: 131.0.6778.205, chrome: {chromedriverVersion: 130.0.6723.58 (3a50e012e4c9..., userDataDir: C:\Users\Enrique\AppData\Lo...}, fedcm:accounts: true, goog:chromeOptions: {debuggerAddress: localhost:58467}, javascriptEnabled: true, networkConnectionEnabled: false, pageLoadStrategy: normal, platform: WINDOWS, platformName: WINDOWS, proxy: Proxy(), setWindowRect: true, strictFileInteractability: false, timeouts: {implicit: 0, pageLoad: 300000, script: 30000}, unhandledPromptBehavior: dismiss and notify, webauthn:extension:credBlob: true, webauthn:extension:largeBlob: true, webauthn:extension:minPinLength: true, webauthn:extension:prf: true, webauthn:virtualAuthenticators: true}
Session ID: 20840083d958021192278330cc61c340
	at java.base/jdk.internal.reflect.NativeConstructorAccessorImpl.newInstance0(Native Method)
	at java.base/jdk.internal.reflect.NativeConstructorAccessorImpl.newInstance(NativeConstructorAccessorImpl.java:77)
	at java.base/jdk.internal.reflect.DelegatingConstructorAccessorImpl.newInstance(DelegatingConstructorAccessorImpl.java:45)
	at org.openqa.selenium.remote.http.W3CHttpResponseCodec.createException(W3CHttpResponseCodec.java:187)
	at org.openqa.selenium.remote.http.W3CHttpResponseCodec.decode(W3CHttpResponseCodec.java:122)
	at org.openqa.selenium.remote.http.W3CHttpResponseCodec.decode(W3CHttpResponseCodec.java:49)
	at org.openqa.selenium.remote.HttpCommandExecutor.execute(HttpCommandExecutor.java:158)
	at org.openqa.selenium.remote.service.DriverCommandExecutor.execute(DriverCommandExecutor.java:83)
	at org.openqa.selenium.remote.RemoteWebDriver.execute(RemoteWebDriver.java:552)
	at com.kms.katalon.selenium.driver.CChromeDriver.execute(CChromeDriver.java:19)
	at org.openqa.selenium.remote.RemoteWebElement.execute(RemoteWebElement.java:285)
	at org.openqa.selenium.remote.RemoteWebElement.click(RemoteWebElement.java:84)
	at jdk.internal.reflect.GeneratedMethodAccessor13.invoke(Unknown Source)
	at java.base/jdk.internal.reflect.DelegatingMethodAccessorImpl.invoke(DelegatingMethodAccessorImpl.java:43)
	at org.openqa.selenium.support.events.EventFiringWebDriver$EventFiringWebElement.lambda$new$0(EventFiringWebDriver.java:404)
	at jdk.proxy2/jdk.proxy2.$Proxy24.click(Unknown Source)
	at org.openqa.selenium.support.events.EventFiringWebDriver$EventFiringWebElement.click(EventFiringWebDriver.java:417)
	at org.openqa.selenium.WebElement$click.call(Unknown Source)
	at com.kms.katalon.core.webui.keyword.builtin.ClickKeyword.clickUntilSuccessWithTimeout(ClickKeyword.groovy:81)
	at com.kms.katalon.core.webui.keyword.builtin.ClickKeyword.clickUntilSuccessWithTimeout(ClickKeyword.groovy)
	at jdk.internal.reflect.GeneratedMethodAccessor11.invoke(Unknown Source)
	at java.base/jdk.internal.reflect.DelegatingMethodAccessorImpl.invoke(DelegatingMethodAccessorImpl.java:43)
	at com.kms.katalon.core.webui.keyword.builtin.ClickKeyword$_click_closure1.doCall(ClickKeyword.groovy:67)
	at com.kms.katalon.core.webui.keyword.builtin.ClickKeyword$_click_closure1.call(ClickKeyword.groovy)
	at com.kms.katalon.core.webui.keyword.internal.WebUIKeywordMain.runKeyword(WebUIKeywordMain.groovy:35)
	at com.kms.katalon.core.webui.keyword.builtin.ClickKeyword.click(ClickKeyword.groovy:74)
	at com.kms.katalon.core.webui.keyword.builtin.ClickKeyword.execute(ClickKeyword.groovy:40)
	at com.kms.katalon.core.keyword.internal.KeywordExecutor.executeKeywordForPlatform(KeywordExecutor.groovy:74)
	at com.kms.katalon.core.webui.keyword.WebUiBuiltInKeywords.click(WebUiBuiltInKeywords.groovy:659)
	at Script1732206487451.run(Script1732206487451.groovy:24)
	... 18 more
)

09-01-2025T16:41:45 - [MESSAGE][INFO] - Unable to find the element located by 'By.xpath: //td[@id='medevalimaging_order']/h4'. Please recheck the objects properties to make sure the desired element is located. 

09-01-2025T16:41:45 - [MESSAGE][WARNING] - [SELF-HEALING] Failed to find element with id 'Object Repository/Specific Cases Repository/LS/Client Profile/Allergies-Vitals-Labs/Imaging Order/Page_Client Profile/h4_Imaging Order'. Try using Self-healing.

09-01-2025T16:41:45 - [MESSAGE][WARNING] - [SELF-HEALING] The current locator of test object 'Object Repository/Specific Cases Repository/LS/Client Profile/Allergies-Vitals-Labs/Imaging Order/Page_Client Profile/h4_Imaging Order' was broken. Propose an alternative one: '(.//*[normalize-space(text()) and normalize-space(.)='Pregnancy Test'])[1]/following::h4[2]'.

09-01-2025T16:41:46 - [MESSAGE][FAILED] - Unable to click on object 'Object Repository/Specific Cases Repository/LS/Client Profile/Allergies-Vitals-Labs/Imaging Order/Page_Client Profile/h4_Imaging Order' (Root cause: com.kms.katalon.core.exception.StepFailedException: Unable to click on object 'Object Repository/Specific Cases Repository/LS/Client Profile/Allergies-Vitals-Labs/Imaging Order/Page_Client Profile/h4_Imaging Order'
	at com.kms.katalon.core.webui.keyword.internal.WebUIKeywordMain.stepFailed(WebUIKeywordMain.groovy:117)
	at com.kms.katalon.core.webui.keyword.internal.WebUIKeywordMain.runKeyword(WebUIKeywordMain.groovy:43)
	at com.kms.katalon.core.webui.keyword.builtin.ClickKeyword.click(ClickKeyword.groovy:74)
	at com.kms.katalon.core.webui.keyword.builtin.ClickKeyword.execute(ClickKeyword.groovy:40)
	at com.kms.katalon.core.keyword.internal.KeywordExecutor.executeKeywordForPlatform(KeywordExecutor.groovy:74)
	at com.kms.katalon.core.webui.keyword.WebUiBuiltInKeywords.click(WebUiBuiltInKeywords.groovy:659)
	at Imaging Order.run(Imaging Order:24)
	at com.kms.katalon.core.main.ScriptEngine.run(ScriptEngine.java:194)
	at com.kms.katalon.core.main.ScriptEngine.runScriptAsRawText(ScriptEngine.java:119)
	at com.kms.katalon.core.main.TestCaseExecutor.runScript(TestCaseExecutor.java:448)
	at com.kms.katalon.core.main.TestCaseExecutor.doExecute(TestCaseExecutor.java:439)
	at com.kms.katalon.core.main.TestCaseExecutor.processExecutionPhase(TestCaseExecutor.java:418)
	at com.kms.katalon.core.main.TestCaseExecutor.accessMainPhase(TestCaseExecutor.java:410)
	at com.kms.katalon.core.main.TestCaseExecutor.execute(TestCaseExecutor.java:285)
	at com.kms.katalon.core.main.TestCaseExecutor.execute(TestCaseExecutor.java:369)
	at com.kms.katalon.core.main.TestCaseExecutor.execute(TestCaseExecutor.java:369)
	at com.kms.katalon.core.main.TestCaseExecutor.execute(TestCaseExecutor.java:369)
	at com.kms.katalon.core.common.CommonExecutor.accessTestCaseMainPhase(CommonExecutor.java:65)
	at com.kms.katalon.core.main.TestSuiteExecutor.accessTestSuiteMainPhase(TestSuiteExecutor.java:150)
	at com.kms.katalon.core.main.TestSuiteExecutor.execute(TestSuiteExecutor.java:106)
	at com.kms.katalon.core.main.TestCaseMain.startTestSuite(TestCaseMain.java:180)
	at TempTestSuite1736457683839.run(TempTestSuite1736457683839.groovy:35)
	at java.base/jdk.internal.reflect.NativeMethodAccessorImpl.invoke0(Native Method)
	at java.base/jdk.internal.reflect.NativeMethodAccessorImpl.invoke(NativeMethodAccessorImpl.java:77)
	at java.base/jdk.internal.reflect.DelegatingMethodAccessorImpl.invoke(DelegatingMethodAccessorImpl.java:43)
Caused by: org.openqa.selenium.ElementNotInteractableException: element not interactable
  (Session info: chrome=131.0.6778.205)
Build info: version: '3.141.59', revision: 'unknown', time: 'unknown'
System info: host: 'ENRIQUE', ip: '192.168.100.147', os.name: 'Windows 11', os.arch: 'amd64', os.version: '10.0', java.version: '17.0.7'
Driver info: com.kms.katalon.selenium.driver.CChromeDriver
Capabilities {acceptInsecureCerts: false, browserName: chrome, browserVersion: 131.0.6778.205, chrome: {chromedriverVersion: 130.0.6723.58 (3a50e012e4c9..., userDataDir: C:\Users\Enrique\AppData\Lo...}, fedcm:accounts: true, goog:chromeOptions: {debuggerAddress: localhost:58467}, javascriptEnabled: true, networkConnectionEnabled: false, pageLoadStrategy: normal, platform: WINDOWS, platformName: WINDOWS, proxy: Proxy(), setWindowRect: true, strictFileInteractability: false, timeouts: {implicit: 0, pageLoad: 300000, script: 30000}, unhandledPromptBehavior: dismiss and notify, webauthn:extension:credBlob: true, webauthn:extension:largeBlob: true, webauthn:extension:minPinLength: true, webauthn:extension:prf: true, webauthn:virtualAuthenticators: true}
Session ID: 20840083d958021192278330cc61c340
	at java.base/jdk.internal.reflect.NativeConstructorAccessorImpl.newInstance0(Native Method)
	at java.base/jdk.internal.reflect.NativeConstructorAccessorImpl.newInstance(NativeConstructorAccessorImpl.java:77)
	at java.base/jdk.internal.reflect.DelegatingConstructorAccessorImpl.newInstance(DelegatingConstructorAccessorImpl.java:45)
	at org.openqa.selenium.remote.http.W3CHttpResponseCodec.createException(W3CHttpResponseCodec.java:187)
	at org.openqa.selenium.remote.http.W3CHttpResponseCodec.decode(W3CHttpResponseCodec.java:122)
	at org.openqa.selenium.remote.http.W3CHttpResponseCodec.decode(W3CHttpResponseCodec.java:49)
	at org.openqa.selenium.remote.HttpCommandExecutor.execute(HttpCommandExecutor.java:158)
	at org.openqa.selenium.remote.service.DriverCommandExecutor.execute(DriverCommandExecutor.java:83)
	at org.openqa.selenium.remote.RemoteWebDriver.execute(RemoteWebDriver.java:552)
	at com.kms.katalon.selenium.driver.CChromeDriver.execute(CChromeDriver.java:19)
	at org.openqa.selenium.remote.RemoteWebElement.execute(RemoteWebElement.java:285)
	at org.openqa.selenium.remote.RemoteWebElement.click(RemoteWebElement.java:84)
	at jdk.internal.reflect.GeneratedMethodAccessor13.invoke(Unknown Source)
	at java.base/jdk.internal.reflect.DelegatingMethodAccessorImpl.invoke(DelegatingMethodAccessorImpl.java:43)
	at org.openqa.selenium.support.events.EventFiringWebDriver$EventFiringWebElement.lambda$new$0(EventFiringWebDriver.java:404)
	at jdk.proxy2/jdk.proxy2.$Proxy24.click(Unknown Source)
	at org.openqa.selenium.support.events.EventFiringWebDriver$EventFiringWebElement.click(EventFiringWebDriver.java:417)
	at org.openqa.selenium.WebElement$click.call(Unknown Source)
	at com.kms.katalon.core.webui.keyword.builtin.ClickKeyword.clickUntilSuccessWithTimeout(ClickKeyword.groovy:81)
	at com.kms.katalon.core.webui.keyword.builtin.ClickKeyword.clickUntilSuccessWithTimeout(ClickKeyword.groovy)
	at jdk.internal.reflect.GeneratedMethodAccessor11.invoke(Unknown Source)
	at java.base/jdk.internal.reflect.DelegatingMethodAccessorImpl.invoke(DelegatingMethodAccessorImpl.java:43)
	at com.kms.katalon.core.webui.keyword.builtin.ClickKeyword$_click_closure1.doCall(ClickKeyword.groovy:67)
	at com.kms.katalon.core.webui.keyword.builtin.ClickKeyword$_click_closure1.call(ClickKeyword.groovy)
	at com.kms.katalon.core.webui.keyword.internal.WebUIKeywordMain.runKeyword(WebUIKeywordMain.groovy:35)
	at com.kms.katalon.core.webui.keyword.builtin.ClickKeyword.click(ClickKeyword.groovy:74)
	at com.kms.katalon.core.webui.keyword.builtin.ClickKeyword.execute(ClickKeyword.groovy:40)
	at com.kms.katalon.core.keyword.internal.KeywordExecutor.executeKeywordForPlatform(KeywordExecutor.groovy:74)
	at com.kms.katalon.core.webui.keyword.WebUiBuiltInKeywords.click(WebUiBuiltInKeywords.groovy:659)
	at Script1732206487451.run(Script1732206487451.groovy:24)
	... 18 more
)
[[ATTACHMENT|C:\\Users\\Enrique\\git\\AUTOMATION_LS\\Reports\\20250109_162114\\LS\\Client Profile\\Client Profile\\20250109_162123\\1736458905973.png]]]]></system-out>
         <system-err><![CDATA[09-01-2025T16:40:50 - [TEST_CASE][FAILED] - Test Cases/Specific Cases/LS/Client Profile/Allergies-Vitals-Labs/Imaging Order: Test Cases/Specific Cases/LS/Client Profile/Allergies-Vitals-Labs/Imaging Order FAILED.
Reason:
com.kms.katalon.core.exception.StepFailedException: Unable to click on object 'Object Repository/Specific Cases Repository/LS/Client Profile/Allergies-Vitals-Labs/Imaging Order/Page_Client Profile/h4_Imaging Order'
	at com.kms.katalon.core.webui.keyword.internal.WebUIKeywordMain.stepFailed(WebUIKeywordMain.groovy:117)
	at com.kms.katalon.core.webui.keyword.internal.WebUIKeywordMain.runKeyword(WebUIKeywordMain.groovy:43)
	at com.kms.katalon.core.webui.keyword.builtin.ClickKeyword.click(ClickKeyword.groovy:74)
	at com.kms.katalon.core.webui.keyword.builtin.ClickKeyword.execute(ClickKeyword.groovy:40)
	at com.kms.katalon.core.keyword.internal.KeywordExecutor.executeKeywordForPlatform(KeywordExecutor.groovy:74)
	at com.kms.katalon.core.webui.keyword.WebUiBuiltInKeywords.click(WebUiBuiltInKeywords.groovy:659)
	at Imaging Order.run(Imaging Order:24)
	at com.kms.katalon.core.main.ScriptEngine.run(ScriptEngine.java:194)
	at com.kms.katalon.core.main.ScriptEngine.runScriptAsRawText(ScriptEngine.java:119)
	at com.kms.katalon.core.main.TestCaseExecutor.runScript(TestCaseExecutor.java:448)
	at com.kms.katalon.core.main.TestCaseExecutor.doExecute(TestCaseExecutor.java:439)
	at com.kms.katalon.core.main.TestCaseExecutor.processExecutionPhase(TestCaseExecutor.java:418)
	at com.kms.katalon.core.main.TestCaseExecutor.accessMainPhase(TestCaseExecutor.java:410)
	at com.kms.katalon.core.main.TestCaseExecutor.execute(TestCaseExecutor.java:285)
	at com.kms.katalon.core.main.TestCaseExecutor.execute(TestCaseExecutor.java:369)
	at com.kms.katalon.core.main.TestCaseExecutor.execute(TestCaseExecutor.java:369)
	at com.kms.katalon.core.main.TestCaseExecutor.execute(TestCaseExecutor.java:369)
	at com.kms.katalon.core.common.CommonExecutor.accessTestCaseMainPhase(CommonExecutor.java:65)
	at com.kms.katalon.core.main.TestSuiteExecutor.accessTestSuiteMainPhase(TestSuiteExecutor.java:150)
	at com.kms.katalon.core.main.TestSuiteExecutor.execute(TestSuiteExecutor.java:106)
	at com.kms.katalon.core.main.TestCaseMain.startTestSuite(TestCaseMain.java:180)
	at TempTestSuite1736457683839.run(TempTestSuite1736457683839.groovy:35)
	at java.base/jdk.internal.reflect.NativeMethodAccessorImpl.invoke0(Native Method)
	at java.base/jdk.internal.reflect.NativeMethodAccessorImpl.invoke(NativeMethodAccessorImpl.java:77)
	at java.base/jdk.internal.reflect.DelegatingMethodAccessorImpl.invoke(DelegatingMethodAccessorImpl.java:43)
Caused by: org.openqa.selenium.ElementNotInteractableException: element not interactable
  (Session info: chrome=131.0.6778.205)
Build info: version: '3.141.59', revision: 'unknown', time: 'unknown'
System info: host: 'ENRIQUE', ip: '192.168.100.147', os.name: 'Windows 11', os.arch: 'amd64', os.version: '10.0', java.version: '17.0.7'
Driver info: com.kms.katalon.selenium.driver.CChromeDriver
Capabilities {acceptInsecureCerts: false, browserName: chrome, browserVersion: 131.0.6778.205, chrome: {chromedriverVersion: 130.0.6723.58 (3a50e012e4c9..., userDataDir: C:\Users\Enrique\AppData\Lo...}, fedcm:accounts: true, goog:chromeOptions: {debuggerAddress: localhost:58467}, javascriptEnabled: true, networkConnectionEnabled: false, pageLoadStrategy: normal, platform: WINDOWS, platformName: WINDOWS, proxy: Proxy(), setWindowRect: true, strictFileInteractability: false, timeouts: {implicit: 0, pageLoad: 300000, script: 30000}, unhandledPromptBehavior: dismiss and notify, webauthn:extension:credBlob: true, webauthn:extension:largeBlob: true, webauthn:extension:minPinLength: true, webauthn:extension:prf: true, webauthn:virtualAuthenticators: true}
Session ID: 20840083d958021192278330cc61c340
	at java.base/jdk.internal.reflect.NativeConstructorAccessorImpl.newInstance0(Native Method)
	at java.base/jdk.internal.reflect.NativeConstructorAccessorImpl.newInstance(NativeConstructorAccessorImpl.java:77)
	at java.base/jdk.internal.reflect.DelegatingConstructorAccessorImpl.newInstance(DelegatingConstructorAccessorImpl.java:45)
	at org.openqa.selenium.remote.http.W3CHttpResponseCodec.createException(W3CHttpResponseCodec.java:187)
	at org.openqa.selenium.remote.http.W3CHttpResponseCodec.decode(W3CHttpResponseCodec.java:122)
	at org.openqa.selenium.remote.http.W3CHttpResponseCodec.decode(W3CHttpResponseCodec.java:49)
	at org.openqa.selenium.remote.HttpCommandExecutor.execute(HttpCommandExecutor.java:158)
	at org.openqa.selenium.remote.service.DriverCommandExecutor.execute(DriverCommandExecutor.java:83)
	at org.openqa.selenium.remote.RemoteWebDriver.execute(RemoteWebDriver.java:552)
	at com.kms.katalon.selenium.driver.CChromeDriver.execute(CChromeDriver.java:19)
	at org.openqa.selenium.remote.RemoteWebElement.execute(RemoteWebElement.java:285)
	at org.openqa.selenium.remote.RemoteWebElement.click(RemoteWebElement.java:84)
	at jdk.internal.reflect.GeneratedMethodAccessor13.invoke(Unknown Source)
	at java.base/jdk.internal.reflect.DelegatingMethodAccessorImpl.invoke(DelegatingMethodAccessorImpl.java:43)
	at org.openqa.selenium.support.events.EventFiringWebDriver$EventFiringWebElement.lambda$new$0(EventFiringWebDriver.java:404)
	at jdk.proxy2/jdk.proxy2.$Proxy24.click(Unknown Source)
	at org.openqa.selenium.support.events.EventFiringWebDriver$EventFiringWebElement.click(EventFiringWebDriver.java:417)
	at org.openqa.selenium.WebElement$click.call(Unknown Source)
	at com.kms.katalon.core.webui.keyword.builtin.ClickKeyword.clickUntilSuccessWithTimeout(ClickKeyword.groovy:81)
	at com.kms.katalon.core.webui.keyword.builtin.ClickKeyword.clickUntilSuccessWithTimeout(ClickKeyword.groovy)
	at jdk.internal.reflect.GeneratedMethodAccessor11.invoke(Unknown Source)
	at java.base/jdk.internal.reflect.DelegatingMethodAccessorImpl.invoke(DelegatingMethodAccessorImpl.java:43)
	at com.kms.katalon.core.webui.keyword.builtin.ClickKeyword$_click_closure1.doCall(ClickKeyword.groovy:67)
	at com.kms.katalon.core.webui.keyword.builtin.ClickKeyword$_click_closure1.call(ClickKeyword.groovy)
	at com.kms.katalon.core.webui.keyword.internal.WebUIKeywordMain.runKeyword(WebUIKeywordMain.groovy:35)
	... 23 more]]></system-err>
      </testcase>
      <testcase name="Test Cases/Specific Cases/LS/Client Profile/Allergies-Vitals-Labs/Immunization" time="86.274" classname="Test Cases/Specific Cases/LS/Client Profile/Allergies-Vitals-Labs/Immunization" status="FAILED">
         <failure type="FAILED" message="Test Cases/Specific Cases/LS/Client Profile/Allergies-Vitals-Labs/Immunization FAILED.&#xa;Reason:&#xa;com.kms.katalon.core.exception.StepFailedException: Verify element text of test object 'Object Repository/Specific Cases Repository/LS/Client Profile/Allergies-Vitals-Labs/Immunization/Page_Client Profile/td_Anthrax-adenovirus vaccine, type 4, live, oral' FAILED.&#xa;	at com.kms.katalon.core.webui.keyword.internal.WebUIKeywordMain.stepFailed(WebUIKeywordMain.groovy:117)&#xa;	at com.kms.katalon.core.webui.keyword.internal.WebUIKeywordMain.runKeyword(WebUIKeywordMain.groovy:43)&#xa;	at com.kms.katalon.core.webui.keyword.builtin.VerifyElementTextKeyword.verifyElementText(VerifyElementTextKeyword.groovy:72)&#xa;	at com.kms.katalon.core.webui.keyword.builtin.VerifyElementTextKeyword.execute(VerifyElementTextKeyword.groovy:40)&#xa;	at com.kms.katalon.core.keyword.internal.KeywordExecutor.executeKeywordForPlatform(KeywordExecutor.groovy:74)&#xa;	at com.kms.katalon.core.webui.keyword.WebUiBuiltInKeywords.verifyElementText(WebUiBuiltInKeywords.groovy:4835)&#xa;	at Immunization.run(Immunization:82)&#xa;	at com.kms.katalon.core.main.ScriptEngine.run(ScriptEngine.java:194)&#xa;	at com.kms.katalon.core.main.ScriptEngine.runScriptAsRawText(ScriptEngine.java:119)&#xa;	at com.kms.katalon.core.main.TestCaseExecutor.runScript(TestCaseExecutor.java:448)&#xa;	at com.kms.katalon.core.main.TestCaseExecutor.doExecute(TestCaseExecutor.java:439)&#xa;	at com.kms.katalon.core.main.TestCaseExecutor.processExecutionPhase(TestCaseExecutor.java:418)&#xa;	at com.kms.katalon.core.main.TestCaseExecutor.accessMainPhase(TestCaseExecutor.java:410)&#xa;	at com.kms.katalon.core.main.TestCaseExecutor.execute(TestCaseExecutor.java:285)&#xa;	at com.kms.katalon.core.main.TestCaseExecutor.execute(TestCaseExecutor.java:369)&#xa;	at com.kms.katalon.core.main.TestCaseExecutor.execute(TestCaseExecutor.java:369)&#xa;	at com.kms.katalon.core.main.TestCaseExecutor.execute(TestCaseExecutor.java:369)&#xa;	at com.kms.katalon.core.common.CommonExecutor.accessTestCaseMainPhase(CommonExecutor.java:65)&#xa;	at com.kms.katalon.core.main.TestSuiteExecutor.accessTestSuiteMainPhase(TestSuiteExecutor.java:150)&#xa;	at com.kms.katalon.core.main.TestSuiteExecutor.execute(TestSuiteExecutor.java:106)&#xa;	at com.kms.katalon.core.main.TestCaseMain.startTestSuite(TestCaseMain.java:180)&#xa;	at TempTestSuite1736457683839.run(TempTestSuite1736457683839.groovy:35)&#xa;	at java.base/jdk.internal.reflect.NativeMethodAccessorImpl.invoke0(Native Method)&#xa;	at java.base/jdk.internal.reflect.NativeMethodAccessorImpl.invoke(NativeMethodAccessorImpl.java:77)&#xa;	at java.base/jdk.internal.reflect.DelegatingMethodAccessorImpl.invoke(DelegatingMethodAccessorImpl.java:43)&#xa;Caused by: com.kms.katalon.core.exception.StepFailedException: Actual text 'Anthrax-anthrax vaccine' and expected text 'Anthrax-adenovirus vaccine, type 4, live, oral' of test object 'Object Repository/Specific Cases Repository/LS/Client Profile/Allergies-Vitals-Labs/Immunization/Page_Client Profile/td_Anthrax-adenovirus vaccine, type 4, live, oral' are NOT matched.&#xa;	at com.kms.katalon.core.webui.keyword.internal.WebUIKeywordMain.stepFailed(WebUIKeywordMain.groovy:117)&#xa;	at com.kms.katalon.core.webui.keyword.builtin.VerifyElementTextKeyword$_verifyElementText_closure1.doCall(VerifyElementTextKeyword.groovy:57)&#xa;	at com.kms.katalon.core.webui.keyword.builtin.VerifyElementTextKeyword$_verifyElementText_closure1.call(VerifyElementTextKeyword.groovy)&#xa;	at com.kms.katalon.core.webui.keyword.internal.WebUIKeywordMain.runKeyword(WebUIKeywordMain.groovy:35)&#xa;	... 23 more&#xa;"/>
         <system-out><![CDATA[09-01-2025T16:46:01 - [TEST_CASE][FAILED] - Test Cases/Specific Cases/LS/Client Profile/Allergies-Vitals-Labs/Immunization: Test Cases/Specific Cases/LS/Client Profile/Allergies-Vitals-Labs/Immunization FAILED.
Reason:
com.kms.katalon.core.exception.StepFailedException: Verify element text of test object 'Object Repository/Specific Cases Repository/LS/Client Profile/Allergies-Vitals-Labs/Immunization/Page_Client Profile/td_Anthrax-adenovirus vaccine, type 4, live, oral' FAILED.
	at com.kms.katalon.core.webui.keyword.internal.WebUIKeywordMain.stepFailed(WebUIKeywordMain.groovy:117)
	at com.kms.katalon.core.webui.keyword.internal.WebUIKeywordMain.runKeyword(WebUIKeywordMain.groovy:43)
	at com.kms.katalon.core.webui.keyword.builtin.VerifyElementTextKeyword.verifyElementText(VerifyElementTextKeyword.groovy:72)
	at com.kms.katalon.core.webui.keyword.builtin.VerifyElementTextKeyword.execute(VerifyElementTextKeyword.groovy:40)
	at com.kms.katalon.core.keyword.internal.KeywordExecutor.executeKeywordForPlatform(KeywordExecutor.groovy:74)
	at com.kms.katalon.core.webui.keyword.WebUiBuiltInKeywords.verifyElementText(WebUiBuiltInKeywords.groovy:4835)
	at Immunization.run(Immunization:82)
	at com.kms.katalon.core.main.ScriptEngine.run(ScriptEngine.java:194)
	at com.kms.katalon.core.main.ScriptEngine.runScriptAsRawText(ScriptEngine.java:119)
	at com.kms.katalon.core.main.TestCaseExecutor.runScript(TestCaseExecutor.java:448)
	at com.kms.katalon.core.main.TestCaseExecutor.doExecute(TestCaseExecutor.java:439)
	at com.kms.katalon.core.main.TestCaseExecutor.processExecutionPhase(TestCaseExecutor.java:418)
	at com.kms.katalon.core.main.TestCaseExecutor.accessMainPhase(TestCaseExecutor.java:410)
	at com.kms.katalon.core.main.TestCaseExecutor.execute(TestCaseExecutor.java:285)
	at com.kms.katalon.core.main.TestCaseExecutor.execute(TestCaseExecutor.java:369)
	at com.kms.katalon.core.main.TestCaseExecutor.execute(TestCaseExecutor.java:369)
	at com.kms.katalon.core.main.TestCaseExecutor.execute(TestCaseExecutor.java:369)
	at com.kms.katalon.core.common.CommonExecutor.accessTestCaseMainPhase(CommonExecutor.java:65)
	at com.kms.katalon.core.main.TestSuiteExecutor.accessTestSuiteMainPhase(TestSuiteExecutor.java:150)
	at com.kms.katalon.core.main.TestSuiteExecutor.execute(TestSuiteExecutor.java:106)
	at com.kms.katalon.core.main.TestCaseMain.startTestSuite(TestCaseMain.java:180)
	at TempTestSuite1736457683839.run(TempTestSuite1736457683839.groovy:35)
	at java.base/jdk.internal.reflect.NativeMethodAccessorImpl.invoke0(Native Method)
	at java.base/jdk.internal.reflect.NativeMethodAccessorImpl.invoke(NativeMethodAccessorImpl.java:77)
	at java.base/jdk.internal.reflect.DelegatingMethodAccessorImpl.invoke(DelegatingMethodAccessorImpl.java:43)
Caused by: com.kms.katalon.core.exception.StepFailedException: Actual text 'Anthrax-anthrax vaccine' and expected text 'Anthrax-adenovirus vaccine, type 4, live, oral' of test object 'Object Repository/Specific Cases Repository/LS/Client Profile/Allergies-Vitals-Labs/Immunization/Page_Client Profile/td_Anthrax-adenovirus vaccine, type 4, live, oral' are NOT matched.
	at com.kms.katalon.core.webui.keyword.internal.WebUIKeywordMain.stepFailed(WebUIKeywordMain.groovy:117)
	at com.kms.katalon.core.webui.keyword.builtin.VerifyElementTextKeyword$_verifyElementText_closure1.doCall(VerifyElementTextKeyword.groovy:57)
	at com.kms.katalon.core.webui.keyword.builtin.VerifyElementTextKeyword$_verifyElementText_closure1.call(VerifyElementTextKeyword.groovy)
	at com.kms.katalon.core.webui.keyword.internal.WebUIKeywordMain.runKeyword(WebUIKeywordMain.groovy:35)
	... 23 more


09-01-2025T16:46:01 - [TEST_STEP][PASSED] - callTestCase(findTestCase("Common Cases/Login"), [:], STOP_ON_FAILURE): Call Test Case 'Test Cases/Common Cases/Login' successfully

09-01-2025T16:46:01 - [TEST_CASE][PASSED] - Test Cases/Common Cases/Login: Test Cases/Common Cases/Login

09-01-2025T16:46:01 - [TEST_STEP][PASSED] - openBrowser(""): Browser is opened with url: ''

09-01-2025T16:46:01 - [MESSAGE][WARNING] - A browser is already opened. Closing browser and opening a new one

09-01-2025T16:46:02 - [MESSAGE][INFO] - Starting 'Chrome' driver

09-01-2025T16:46:02 - [MESSAGE][INFO] - Action delay is set to 0 milliseconds

09-01-2025T16:46:03 - [MESSAGE][PASSED] - Browser is opened with url: ''

09-01-2025T16:46:03 - [TEST_STEP][PASSED] - maximizeWindow(): Current window maximized

09-01-2025T16:46:03 - [MESSAGE][PASSED] - Current window maximized

09-01-2025T16:46:03 - [TEST_STEP][PASSED] - navigateToUrl("https://site17.lsapp.cloud/auth/login"): Navigate to 'https://site17.lsapp.cloud/auth/login' successfully

09-01-2025T16:46:06 - [MESSAGE][PASSED] - Navigate to 'https://site17.lsapp.cloud/auth/login' successfully

09-01-2025T16:46:06 - [TEST_STEP][PASSED] - setText(findTestObject("Object Repository/Common Cases Repository/Login/Page_Lightning Step/input_Email_email"), "automation@lightningstep.com"): Text 'automation@lightningstep.com' is set on object 'Object Repository/Common Cases Repository/Login/Page_Lightning Step/input_Email_email'

09-01-2025T16:46:07 - [MESSAGE][PASSED] - Text 'automation@lightningstep.com' is set on object 'Object Repository/Common Cases Repository/Login/Page_Lightning Step/input_Email_email'

09-01-2025T16:46:07 - [TEST_STEP][PASSED] - setEncryptedText(findTestObject("Object Repository/Common Cases Repository/Login/Page_Lightning Step/input_Password_password"), "e5N8VHmnhJDITtQaQhDQDw=="): Text ****** has been set on object 'Object Repository/Common Cases Repository/Login/Page_Lightning Step/input_Password_password'

09-01-2025T16:46:07 - [MESSAGE][PASSED] - Text ****** has been set on object 'Object Repository/Common Cases Repository/Login/Page_Lightning Step/input_Password_password'

09-01-2025T16:46:07 - [TEST_STEP][PASSED] - click(findTestObject("Object Repository/Common Cases Repository/Login/Page_Lightning Step/button_Sign in")): Object: 'Object Repository/Common Cases Repository/Login/Page_Lightning Step/button_Sign in' is clicked on

09-01-2025T16:46:12 - [MESSAGE][PASSED] - Object: 'Object Repository/Common Cases Repository/Login/Page_Lightning Step/button_Sign in' is clicked on

09-01-2025T16:46:12 - [MESSAGE][PASSED] - Call Test Case 'Test Cases/Common Cases/Login' successfully

09-01-2025T16:46:12 - [TEST_STEP][PASSED] - navigateToUrl("https://site17.lsapp.cloud/client/index/1556?section=medicalassess"): Navigate to 'https://site17.lsapp.cloud/client/index/1556?section=medicalassess' successfully

09-01-2025T16:46:26 - [MESSAGE][PASSED] - Navigate to 'https://site17.lsapp.cloud/client/index/1556?section=medicalassess' successfully

09-01-2025T16:46:26 - [TEST_STEP][PASSED] - click(findTestObject("Object Repository/Specific Cases Repository/LS/Client Profile/Allergies-Vitals-Labs/Immunization/Page_Client Profile/h4_Immunization")): Object: 'Object Repository/Specific Cases Repository/LS/Client Profile/Allergies-Vitals-Labs/Immunization/Page_Client Profile/h4_Immunization' is clicked on

09-01-2025T16:46:26 - [MESSAGE][PASSED] - Object: 'Object Repository/Specific Cases Repository/LS/Client Profile/Allergies-Vitals-Labs/Immunization/Page_Client Profile/h4_Immunization' is clicked on

09-01-2025T16:46:26 - [TEST_STEP][PASSED] - click(findTestObject("Object Repository/Specific Cases Repository/LS/Client Profile/Allergies-Vitals-Labs/Immunization/Page_Client Profile/i_add")): Object: 'Object Repository/Specific Cases Repository/LS/Client Profile/Allergies-Vitals-Labs/Immunization/Page_Client Profile/i_add' is clicked on

09-01-2025T16:46:31 - [MESSAGE][PASSED] - Object: 'Object Repository/Specific Cases Repository/LS/Client Profile/Allergies-Vitals-Labs/Immunization/Page_Client Profile/i_add' is clicked on

09-01-2025T16:46:31 - [TEST_STEP][PASSED] - click(findTestObject("Object Repository/Specific Cases Repository/LS/Client Profile/Allergies-Vitals-Labs/Immunization/Page_Immunization/span_-Select-")): Object: 'Object Repository/Specific Cases Repository/LS/Client Profile/Allergies-Vitals-Labs/Immunization/Page_Immunization/span_-Select-' is clicked on

09-01-2025T16:46:32 - [MESSAGE][PASSED] - Object: 'Object Repository/Specific Cases Repository/LS/Client Profile/Allergies-Vitals-Labs/Immunization/Page_Immunization/span_-Select-' is clicked on

09-01-2025T16:46:32 - [TEST_STEP][PASSED] - setText(findTestObject("Specific Cases Repository/LS/Client Profile/Allergies-Vitals-Labs/Immunization/Page_Immunization/span_-Select- TextArea"), "Anthrax"): Text 'Anthrax' is set on object 'Object Repository/Specific Cases Repository/LS/Client Profile/Allergies-Vitals-Labs/Immunization/Page_Immunization/span_-Select- TextArea'

09-01-2025T16:46:33 - [MESSAGE][PASSED] - Text 'Anthrax' is set on object 'Object Repository/Specific Cases Repository/LS/Client Profile/Allergies-Vitals-Labs/Immunization/Page_Immunization/span_-Select- TextArea'

09-01-2025T16:46:33 - [TEST_STEP][PASSED] - sendKeys(findTestObject("Specific Cases Repository/LS/Client Profile/Allergies-Vitals-Labs/Immunization/Page_Immunization/span_-Select- TextArea"), Keys.chord(ENTER)): Keys 'ENTER + ' sent to object: 'Object Repository/Specific Cases Repository/LS/Client Profile/Allergies-Vitals-Labs/Immunization/Page_Immunization/span_-Select- TextArea'

09-01-2025T16:46:33 - [MESSAGE][PASSED] - Keys 'ENTER + ' sent to object: 'Object Repository/Specific Cases Repository/LS/Client Profile/Allergies-Vitals-Labs/Immunization/Page_Immunization/span_-Select- TextArea'

09-01-2025T16:46:33 - [TEST_STEP][PASSED] - click(findTestObject("Object Repository/Specific Cases Repository/LS/Client Profile/Allergies-Vitals-Labs/Immunization/Page_Immunization/span_-Select-_1")): Object: 'Object Repository/Specific Cases Repository/LS/Client Profile/Allergies-Vitals-Labs/Immunization/Page_Immunization/span_-Select-_1' is clicked on

09-01-2025T16:46:34 - [MESSAGE][PASSED] - Object: 'Object Repository/Specific Cases Repository/LS/Client Profile/Allergies-Vitals-Labs/Immunization/Page_Immunization/span_-Select-_1' is clicked on

09-01-2025T16:46:34 - [TEST_STEP][PASSED] - setText(findTestObject("Specific Cases Repository/LS/Client Profile/Allergies-Vitals-Labs/Immunization/Page_Immunization/span_-Select-_1 - TextArea"), "Dynavax"): Text 'Dynavax' is set on object 'Object Repository/Specific Cases Repository/LS/Client Profile/Allergies-Vitals-Labs/Immunization/Page_Immunization/span_-Select-_1 - TextArea'

09-01-2025T16:46:34 - [MESSAGE][PASSED] - Text 'Dynavax' is set on object 'Object Repository/Specific Cases Repository/LS/Client Profile/Allergies-Vitals-Labs/Immunization/Page_Immunization/span_-Select-_1 - TextArea'

09-01-2025T16:46:34 - [TEST_STEP][PASSED] - sendKeys(findTestObject("Specific Cases Repository/LS/Client Profile/Allergies-Vitals-Labs/Immunization/Page_Immunization/span_-Select-_1 - TextArea"), Keys.chord(ENTER)): Keys 'ENTER + ' sent to object: 'Object Repository/Specific Cases Repository/LS/Client Profile/Allergies-Vitals-Labs/Immunization/Page_Immunization/span_-Select-_1 - TextArea'

09-01-2025T16:46:35 - [MESSAGE][PASSED] - Keys 'ENTER + ' sent to object: 'Object Repository/Specific Cases Repository/LS/Client Profile/Allergies-Vitals-Labs/Immunization/Page_Immunization/span_-Select-_1 - TextArea'

09-01-2025T16:46:35 - [TEST_STEP][PASSED] - setText(findTestObject("Object Repository/Specific Cases Repository/LS/Client Profile/Allergies-Vitals-Labs/Immunization/Page_Immunization/input_Dose_dosenumber"), "10"): Text '10' is set on object 'Object Repository/Specific Cases Repository/LS/Client Profile/Allergies-Vitals-Labs/Immunization/Page_Immunization/input_Dose_dosenumber'

09-01-2025T16:46:36 - [MESSAGE][PASSED] - Text '10' is set on object 'Object Repository/Specific Cases Repository/LS/Client Profile/Allergies-Vitals-Labs/Immunization/Page_Immunization/input_Dose_dosenumber'

09-01-2025T16:46:36 - [TEST_STEP][PASSED] - click(findTestObject("Object Repository/Specific Cases Repository/LS/Client Profile/Allergies-Vitals-Labs/Immunization/Page_Immunization/span_Vaccine_select2-selection select2-sele_9bf1b9")): Object: 'Object Repository/Specific Cases Repository/LS/Client Profile/Allergies-Vitals-Labs/Immunization/Page_Immunization/span_Vaccine_select2-selection select2-sele_9bf1b9' is clicked on

09-01-2025T16:47:07 - [MESSAGE][INFO] - Unable to find the element located by 'By.xpath: //div[@id='_vaccine_select_div_holder_']/div/span/span/span'. Please recheck the objects properties to make sure the desired element is located. 

09-01-2025T16:47:07 - [MESSAGE][WARNING] - [SELF-HEALING] Failed to find element with id 'Object Repository/Specific Cases Repository/LS/Client Profile/Allergies-Vitals-Labs/Immunization/Page_Immunization/span_Vaccine_select2-selection select2-sele_9bf1b9'. Try using Self-healing.

09-01-2025T16:47:07 - [MESSAGE][WARNING] - [SELF-HEALING] The current locator of test object 'Object Repository/Specific Cases Repository/LS/Client Profile/Allergies-Vitals-Labs/Immunization/Page_Immunization/span_Vaccine_select2-selection select2-sele_9bf1b9' was broken. Propose an alternative one: '(.//*[normalize-space(text()) and normalize-space(.)='Dose #'])[1]/following::span[6]'.

09-01-2025T16:47:07 - [MESSAGE][PASSED] - Object: 'Object Repository/Specific Cases Repository/LS/Client Profile/Allergies-Vitals-Labs/Immunization/Page_Immunization/span_Vaccine_select2-selection select2-sele_9bf1b9' is clicked on

09-01-2025T16:47:07 - [TEST_STEP][PASSED] - setText(findTestObject("Object Repository/Specific Cases Repository/LS/Client Profile/Allergies-Vitals-Labs/Immunization/Page_Immunization/input_Leave Document_select2-search__field"), "va"): Text 'va' is set on object 'Object Repository/Specific Cases Repository/LS/Client Profile/Allergies-Vitals-Labs/Immunization/Page_Immunization/input_Leave Document_select2-search__field'

09-01-2025T16:47:08 - [MESSAGE][PASSED] - Text 'va' is set on object 'Object Repository/Specific Cases Repository/LS/Client Profile/Allergies-Vitals-Labs/Immunization/Page_Immunization/input_Leave Document_select2-search__field'

09-01-2025T16:47:08 - [TEST_STEP][PASSED] - waitForPageLoad(30): Wait for page load successfully

09-01-2025T16:47:08 - [MESSAGE][PASSED] - Wait for page load successfully

09-01-2025T16:47:08 - [TEST_STEP][PASSED] - sendKeys(findTestObject("Object Repository/Specific Cases Repository/LS/Client Profile/Allergies-Vitals-Labs/Immunization/Page_Immunization/input_Leave Document_select2-search__field"), Keys.chord(ENTER)): Keys 'ENTER + ' sent to object: 'Object Repository/Specific Cases Repository/LS/Client Profile/Allergies-Vitals-Labs/Immunization/Page_Immunization/input_Leave Document_select2-search__field'

09-01-2025T16:47:09 - [MESSAGE][PASSED] - Keys 'ENTER + ' sent to object: 'Object Repository/Specific Cases Repository/LS/Client Profile/Allergies-Vitals-Labs/Immunization/Page_Immunization/input_Leave Document_select2-search__field'

09-01-2025T16:47:09 - [TEST_STEP][PASSED] - setText(findTestObject("Object Repository/Specific Cases Repository/LS/Client Profile/Allergies-Vitals-Labs/Immunization/Page_Immunization/input_Date of Administration_dateadministration"), Todays_Date): Text '01/09/2025' is set on object 'Object Repository/Specific Cases Repository/LS/Client Profile/Allergies-Vitals-Labs/Immunization/Page_Immunization/input_Date of Administration_dateadministration'

09-01-2025T16:47:09 - [MESSAGE][PASSED] - Text '01/09/2025' is set on object 'Object Repository/Specific Cases Repository/LS/Client Profile/Allergies-Vitals-Labs/Immunization/Page_Immunization/input_Date of Administration_dateadministration'

09-01-2025T16:47:09 - [TEST_STEP][PASSED] - setText(findTestObject("Specific Cases Repository/LS/Client Profile/Allergies-Vitals-Labs/Immunization/Page_Immunization/input_Date of Batch_dateofbatch"), Next_Week_Date): Text '01/16/2025' is set on object 'Object Repository/Specific Cases Repository/LS/Client Profile/Allergies-Vitals-Labs/Immunization/Page_Immunization/input_Date of Batch_dateofbatch'

09-01-2025T16:47:10 - [MESSAGE][PASSED] - Text '01/16/2025' is set on object 'Object Repository/Specific Cases Repository/LS/Client Profile/Allergies-Vitals-Labs/Immunization/Page_Immunization/input_Date of Batch_dateofbatch'

09-01-2025T16:47:10 - [TEST_STEP][PASSED] - setText(findTestObject("Object Repository/Specific Cases Repository/LS/Client Profile/Allergies-Vitals-Labs/Immunization/Page_Immunization/input_Batch_batchnumber"), "11"): Text '11' is set on object 'Object Repository/Specific Cases Repository/LS/Client Profile/Allergies-Vitals-Labs/Immunization/Page_Immunization/input_Batch_batchnumber'

09-01-2025T16:47:11 - [MESSAGE][PASSED] - Text '11' is set on object 'Object Repository/Specific Cases Repository/LS/Client Profile/Allergies-Vitals-Labs/Immunization/Page_Immunization/input_Batch_batchnumber'

09-01-2025T16:47:11 - [TEST_STEP][PASSED] - setText(findTestObject("Object Repository/Specific Cases Repository/LS/Client Profile/Allergies-Vitals-Labs/Immunization/Page_Immunization/textarea_Vaccination-emergent adverse react_de4e53"), "Automation ESAVIS"): Text 'Automation ESAVIS' is set on object 'Object Repository/Specific Cases Repository/LS/Client Profile/Allergies-Vitals-Labs/Immunization/Page_Immunization/textarea_Vaccination-emergent adverse react_de4e53'

09-01-2025T16:47:11 - [MESSAGE][PASSED] - Text 'Automation ESAVIS' is set on object 'Object Repository/Specific Cases Repository/LS/Client Profile/Allergies-Vitals-Labs/Immunization/Page_Immunization/textarea_Vaccination-emergent adverse react_de4e53'

09-01-2025T16:47:11 - [TEST_STEP][PASSED] - setText(findTestObject("Object Repository/Specific Cases Repository/LS/Client Profile/Allergies-Vitals-Labs/Immunization/Page_Immunization/textarea_Reason for not vaccinating (includ_79de9a"), "Automation Reason"): Text 'Automation Reason' is set on object 'Object Repository/Specific Cases Repository/LS/Client Profile/Allergies-Vitals-Labs/Immunization/Page_Immunization/textarea_Reason for not vaccinating (includ_79de9a'

09-01-2025T16:47:12 - [MESSAGE][PASSED] - Text 'Automation Reason' is set on object 'Object Repository/Specific Cases Repository/LS/Client Profile/Allergies-Vitals-Labs/Immunization/Page_Immunization/textarea_Reason for not vaccinating (includ_79de9a'

09-01-2025T16:47:12 - [TEST_STEP][PASSED] - setText(findTestObject("Object Repository/Specific Cases Repository/LS/Client Profile/Allergies-Vitals-Labs/Immunization/Page_Immunization/textarea_Note_note"), "Automation Note"): Text 'Automation Note' is set on object 'Object Repository/Specific Cases Repository/LS/Client Profile/Allergies-Vitals-Labs/Immunization/Page_Immunization/textarea_Note_note'

09-01-2025T16:47:12 - [MESSAGE][PASSED] - Text 'Automation Note' is set on object 'Object Repository/Specific Cases Repository/LS/Client Profile/Allergies-Vitals-Labs/Immunization/Page_Immunization/textarea_Note_note'

09-01-2025T16:47:12 - [TEST_STEP][PASSED] - click(findTestObject("Object Repository/Specific Cases Repository/LS/Client Profile/Allergies-Vitals-Labs/Immunization/Page_Immunization/input_Sign and Lock_dss")): Object: 'Object Repository/Specific Cases Repository/LS/Client Profile/Allergies-Vitals-Labs/Immunization/Page_Immunization/input_Sign and Lock_dss' is clicked on

09-01-2025T16:47:12 - [MESSAGE][PASSED] - Object: 'Object Repository/Specific Cases Repository/LS/Client Profile/Allergies-Vitals-Labs/Immunization/Page_Immunization/input_Sign and Lock_dss' is clicked on

09-01-2025T16:47:12 - [TEST_STEP][PASSED] - click(findTestObject("Object Repository/Specific Cases Repository/LS/Client Profile/Allergies-Vitals-Labs/Immunization/Page_Immunization/button_Save")): Object: 'Object Repository/Specific Cases Repository/LS/Client Profile/Allergies-Vitals-Labs/Immunization/Page_Immunization/button_Save' is clicked on

09-01-2025T16:47:26 - [MESSAGE][PASSED] - Object: 'Object Repository/Specific Cases Repository/LS/Client Profile/Allergies-Vitals-Labs/Immunization/Page_Immunization/button_Save' is clicked on

09-01-2025T16:47:26 - [TEST_STEP][PASSED] - verifyElementText(findTestObject("Object Repository/Specific Cases Repository/LS/Client Profile/Allergies-Vitals-Labs/Immunization/Page_Client Profile/p_Immunization Added"), "Immunization Added"): Actual text and expected text of test object 'Object Repository/Specific Cases Repository/LS/Client Profile/Allergies-Vitals-Labs/Immunization/Page_Client Profile/p_Immunization Added' are matched.

09-01-2025T16:47:27 - [MESSAGE][PASSED] - Actual text and expected text of test object 'Object Repository/Specific Cases Repository/LS/Client Profile/Allergies-Vitals-Labs/Immunization/Page_Client Profile/p_Immunization Added' are matched.

09-01-2025T16:47:27 - [TEST_STEP][FAILED] - verifyElementText(findTestObject("Object Repository/Specific Cases Repository/LS/Client Profile/Allergies-Vitals-Labs/Immunization/Page_Client Profile/td_Anthrax-adenovirus vaccine, type 4, live, oral"), "Anthrax-adenovirus vaccine, type 4, live, oral"): Verify element text of test object 'Object Repository/Specific Cases Repository/LS/Client Profile/Allergies-Vitals-Labs/Immunization/Page_Client Profile/td_Anthrax-adenovirus vaccine, type 4, live, oral' FAILED. (Root cause: com.kms.katalon.core.exception.StepFailedException: Verify element text of test object 'Object Repository/Specific Cases Repository/LS/Client Profile/Allergies-Vitals-Labs/Immunization/Page_Client Profile/td_Anthrax-adenovirus vaccine, type 4, live, oral' FAILED.
	at com.kms.katalon.core.webui.keyword.internal.WebUIKeywordMain.stepFailed(WebUIKeywordMain.groovy:117)
	at com.kms.katalon.core.webui.keyword.internal.WebUIKeywordMain.runKeyword(WebUIKeywordMain.groovy:43)
	at com.kms.katalon.core.webui.keyword.builtin.VerifyElementTextKeyword.verifyElementText(VerifyElementTextKeyword.groovy:72)
	at com.kms.katalon.core.webui.keyword.builtin.VerifyElementTextKeyword.execute(VerifyElementTextKeyword.groovy:40)
	at com.kms.katalon.core.keyword.internal.KeywordExecutor.executeKeywordForPlatform(KeywordExecutor.groovy:74)
	at com.kms.katalon.core.webui.keyword.WebUiBuiltInKeywords.verifyElementText(WebUiBuiltInKeywords.groovy:4835)
	at Immunization.run(Immunization:82)
	at com.kms.katalon.core.main.ScriptEngine.run(ScriptEngine.java:194)
	at com.kms.katalon.core.main.ScriptEngine.runScriptAsRawText(ScriptEngine.java:119)
	at com.kms.katalon.core.main.TestCaseExecutor.runScript(TestCaseExecutor.java:448)
	at com.kms.katalon.core.main.TestCaseExecutor.doExecute(TestCaseExecutor.java:439)
	at com.kms.katalon.core.main.TestCaseExecutor.processExecutionPhase(TestCaseExecutor.java:418)
	at com.kms.katalon.core.main.TestCaseExecutor.accessMainPhase(TestCaseExecutor.java:410)
	at com.kms.katalon.core.main.TestCaseExecutor.execute(TestCaseExecutor.java:285)
	at com.kms.katalon.core.main.TestCaseExecutor.execute(TestCaseExecutor.java:369)
	at com.kms.katalon.core.main.TestCaseExecutor.execute(TestCaseExecutor.java:369)
	at com.kms.katalon.core.main.TestCaseExecutor.execute(TestCaseExecutor.java:369)
	at com.kms.katalon.core.common.CommonExecutor.accessTestCaseMainPhase(CommonExecutor.java:65)
	at com.kms.katalon.core.main.TestSuiteExecutor.accessTestSuiteMainPhase(TestSuiteExecutor.java:150)
	at com.kms.katalon.core.main.TestSuiteExecutor.execute(TestSuiteExecutor.java:106)
	at com.kms.katalon.core.main.TestCaseMain.startTestSuite(TestCaseMain.java:180)
	at TempTestSuite1736457683839.run(TempTestSuite1736457683839.groovy:35)
	at java.base/jdk.internal.reflect.NativeMethodAccessorImpl.invoke0(Native Method)
	at java.base/jdk.internal.reflect.NativeMethodAccessorImpl.invoke(NativeMethodAccessorImpl.java:77)
	at java.base/jdk.internal.reflect.DelegatingMethodAccessorImpl.invoke(DelegatingMethodAccessorImpl.java:43)
Caused by: com.kms.katalon.core.exception.StepFailedException: Actual text 'Anthrax-anthrax vaccine' and expected text 'Anthrax-adenovirus vaccine, type 4, live, oral' of test object 'Object Repository/Specific Cases Repository/LS/Client Profile/Allergies-Vitals-Labs/Immunization/Page_Client Profile/td_Anthrax-adenovirus vaccine, type 4, live, oral' are NOT matched.
	at com.kms.katalon.core.webui.keyword.internal.WebUIKeywordMain.stepFailed(WebUIKeywordMain.groovy:117)
	at com.kms.katalon.core.webui.keyword.builtin.VerifyElementTextKeyword$_verifyElementText_closure1.doCall(VerifyElementTextKeyword.groovy:57)
	at com.kms.katalon.core.webui.keyword.builtin.VerifyElementTextKeyword$_verifyElementText_closure1.call(VerifyElementTextKeyword.groovy)
	at com.kms.katalon.core.webui.keyword.internal.WebUIKeywordMain.runKeyword(WebUIKeywordMain.groovy:35)
	... 23 more
)

09-01-2025T16:47:27 - [MESSAGE][FAILED] - Actual text 'Anthrax-anthrax vaccine' and expected text 'Anthrax-adenovirus vaccine, type 4, live, oral' of test object 'Object Repository/Specific Cases Repository/LS/Client Profile/Allergies-Vitals-Labs/Immunization/Page_Client Profile/td_Anthrax-adenovirus vaccine, type 4, live, oral' are NOT matched. (Root cause: com.kms.katalon.core.exception.StepFailedException: Actual text 'Anthrax-anthrax vaccine' and expected text 'Anthrax-adenovirus vaccine, type 4, live, oral' of test object 'Object Repository/Specific Cases Repository/LS/Client Profile/Allergies-Vitals-Labs/Immunization/Page_Client Profile/td_Anthrax-adenovirus vaccine, type 4, live, oral' are NOT matched.
	at com.kms.katalon.core.webui.keyword.internal.WebUIKeywordMain.stepFailed(WebUIKeywordMain.groovy:117)
	at com.kms.katalon.core.webui.keyword.builtin.VerifyElementTextKeyword$_verifyElementText_closure1.doCall(VerifyElementTextKeyword.groovy:57)
	at com.kms.katalon.core.webui.keyword.builtin.VerifyElementTextKeyword$_verifyElementText_closure1.call(VerifyElementTextKeyword.groovy)
	at com.kms.katalon.core.webui.keyword.internal.WebUIKeywordMain.runKeyword(WebUIKeywordMain.groovy:35)
	at com.kms.katalon.core.webui.keyword.builtin.VerifyElementTextKeyword.verifyElementText(VerifyElementTextKeyword.groovy:72)
	at com.kms.katalon.core.webui.keyword.builtin.VerifyElementTextKeyword.execute(VerifyElementTextKeyword.groovy:40)
	at com.kms.katalon.core.keyword.internal.KeywordExecutor.executeKeywordForPlatform(KeywordExecutor.groovy:74)
	at com.kms.katalon.core.webui.keyword.WebUiBuiltInKeywords.verifyElementText(WebUiBuiltInKeywords.groovy:4835)
	at Immunization.run(Immunization:82)
	at com.kms.katalon.core.main.ScriptEngine.run(ScriptEngine.java:194)
	at com.kms.katalon.core.main.ScriptEngine.runScriptAsRawText(ScriptEngine.java:119)
	at com.kms.katalon.core.main.TestCaseExecutor.runScript(TestCaseExecutor.java:448)
	at com.kms.katalon.core.main.TestCaseExecutor.doExecute(TestCaseExecutor.java:439)
	at com.kms.katalon.core.main.TestCaseExecutor.processExecutionPhase(TestCaseExecutor.java:418)
	at com.kms.katalon.core.main.TestCaseExecutor.accessMainPhase(TestCaseExecutor.java:410)
	at com.kms.katalon.core.main.TestCaseExecutor.execute(TestCaseExecutor.java:285)
	at com.kms.katalon.core.main.TestCaseExecutor.execute(TestCaseExecutor.java:369)
	at com.kms.katalon.core.main.TestCaseExecutor.execute(TestCaseExecutor.java:369)
	at com.kms.katalon.core.main.TestCaseExecutor.execute(TestCaseExecutor.java:369)
	at com.kms.katalon.core.common.CommonExecutor.accessTestCaseMainPhase(CommonExecutor.java:65)
	at com.kms.katalon.core.main.TestSuiteExecutor.accessTestSuiteMainPhase(TestSuiteExecutor.java:150)
	at com.kms.katalon.core.main.TestSuiteExecutor.execute(TestSuiteExecutor.java:106)
	at com.kms.katalon.core.main.TestCaseMain.startTestSuite(TestCaseMain.java:180)
	at TempTestSuite1736457683839.run(TempTestSuite1736457683839.groovy:35)
	at java.base/jdk.internal.reflect.NativeMethodAccessorImpl.invoke0(Native Method)
	at java.base/jdk.internal.reflect.NativeMethodAccessorImpl.invoke(NativeMethodAccessorImpl.java:77)
	at java.base/jdk.internal.reflect.DelegatingMethodAccessorImpl.invoke(DelegatingMethodAccessorImpl.java:43)
)
[[ATTACHMENT|C:\\Users\\Enrique\\git\\AUTOMATION_LS\\Reports\\20250109_162114\\LS\\Client Profile\\Client Profile\\20250109_162123\\1736459247577.png]]

09-01-2025T16:47:27 - [MESSAGE][FAILED] - Verify element text of test object 'Object Repository/Specific Cases Repository/LS/Client Profile/Allergies-Vitals-Labs/Immunization/Page_Client Profile/td_Anthrax-adenovirus vaccine, type 4, live, oral' FAILED. (Root cause: com.kms.katalon.core.exception.StepFailedException: Verify element text of test object 'Object Repository/Specific Cases Repository/LS/Client Profile/Allergies-Vitals-Labs/Immunization/Page_Client Profile/td_Anthrax-adenovirus vaccine, type 4, live, oral' FAILED.
	at com.kms.katalon.core.webui.keyword.internal.WebUIKeywordMain.stepFailed(WebUIKeywordMain.groovy:117)
	at com.kms.katalon.core.webui.keyword.internal.WebUIKeywordMain.runKeyword(WebUIKeywordMain.groovy:43)
	at com.kms.katalon.core.webui.keyword.builtin.VerifyElementTextKeyword.verifyElementText(VerifyElementTextKeyword.groovy:72)
	at com.kms.katalon.core.webui.keyword.builtin.VerifyElementTextKeyword.execute(VerifyElementTextKeyword.groovy:40)
	at com.kms.katalon.core.keyword.internal.KeywordExecutor.executeKeywordForPlatform(KeywordExecutor.groovy:74)
	at com.kms.katalon.core.webui.keyword.WebUiBuiltInKeywords.verifyElementText(WebUiBuiltInKeywords.groovy:4835)
	at Immunization.run(Immunization:82)
	at com.kms.katalon.core.main.ScriptEngine.run(ScriptEngine.java:194)
	at com.kms.katalon.core.main.ScriptEngine.runScriptAsRawText(ScriptEngine.java:119)
	at com.kms.katalon.core.main.TestCaseExecutor.runScript(TestCaseExecutor.java:448)
	at com.kms.katalon.core.main.TestCaseExecutor.doExecute(TestCaseExecutor.java:439)
	at com.kms.katalon.core.main.TestCaseExecutor.processExecutionPhase(TestCaseExecutor.java:418)
	at com.kms.katalon.core.main.TestCaseExecutor.accessMainPhase(TestCaseExecutor.java:410)
	at com.kms.katalon.core.main.TestCaseExecutor.execute(TestCaseExecutor.java:285)
	at com.kms.katalon.core.main.TestCaseExecutor.execute(TestCaseExecutor.java:369)
	at com.kms.katalon.core.main.TestCaseExecutor.execute(TestCaseExecutor.java:369)
	at com.kms.katalon.core.main.TestCaseExecutor.execute(TestCaseExecutor.java:369)
	at com.kms.katalon.core.common.CommonExecutor.accessTestCaseMainPhase(CommonExecutor.java:65)
	at com.kms.katalon.core.main.TestSuiteExecutor.accessTestSuiteMainPhase(TestSuiteExecutor.java:150)
	at com.kms.katalon.core.main.TestSuiteExecutor.execute(TestSuiteExecutor.java:106)
	at com.kms.katalon.core.main.TestCaseMain.startTestSuite(TestCaseMain.java:180)
	at TempTestSuite1736457683839.run(TempTestSuite1736457683839.groovy:35)
	at java.base/jdk.internal.reflect.NativeMethodAccessorImpl.invoke0(Native Method)
	at java.base/jdk.internal.reflect.NativeMethodAccessorImpl.invoke(NativeMethodAccessorImpl.java:77)
	at java.base/jdk.internal.reflect.DelegatingMethodAccessorImpl.invoke(DelegatingMethodAccessorImpl.java:43)
Caused by: com.kms.katalon.core.exception.StepFailedException: Actual text 'Anthrax-anthrax vaccine' and expected text 'Anthrax-adenovirus vaccine, type 4, live, oral' of test object 'Object Repository/Specific Cases Repository/LS/Client Profile/Allergies-Vitals-Labs/Immunization/Page_Client Profile/td_Anthrax-adenovirus vaccine, type 4, live, oral' are NOT matched.
	at com.kms.katalon.core.webui.keyword.internal.WebUIKeywordMain.stepFailed(WebUIKeywordMain.groovy:117)
	at com.kms.katalon.core.webui.keyword.builtin.VerifyElementTextKeyword$_verifyElementText_closure1.doCall(VerifyElementTextKeyword.groovy:57)
	at com.kms.katalon.core.webui.keyword.builtin.VerifyElementTextKeyword$_verifyElementText_closure1.call(VerifyElementTextKeyword.groovy)
	at com.kms.katalon.core.webui.keyword.internal.WebUIKeywordMain.runKeyword(WebUIKeywordMain.groovy:35)
	... 23 more
)
[[ATTACHMENT|C:\\Users\\Enrique\\git\\AUTOMATION_LS\\Reports\\20250109_162114\\LS\\Client Profile\\Client Profile\\20250109_162123\\1736459247742.png]]]]></system-out>
         <system-err><![CDATA[09-01-2025T16:46:01 - [TEST_CASE][FAILED] - Test Cases/Specific Cases/LS/Client Profile/Allergies-Vitals-Labs/Immunization: Test Cases/Specific Cases/LS/Client Profile/Allergies-Vitals-Labs/Immunization FAILED.
Reason:
com.kms.katalon.core.exception.StepFailedException: Verify element text of test object 'Object Repository/Specific Cases Repository/LS/Client Profile/Allergies-Vitals-Labs/Immunization/Page_Client Profile/td_Anthrax-adenovirus vaccine, type 4, live, oral' FAILED.
	at com.kms.katalon.core.webui.keyword.internal.WebUIKeywordMain.stepFailed(WebUIKeywordMain.groovy:117)
	at com.kms.katalon.core.webui.keyword.internal.WebUIKeywordMain.runKeyword(WebUIKeywordMain.groovy:43)
	at com.kms.katalon.core.webui.keyword.builtin.VerifyElementTextKeyword.verifyElementText(VerifyElementTextKeyword.groovy:72)
	at com.kms.katalon.core.webui.keyword.builtin.VerifyElementTextKeyword.execute(VerifyElementTextKeyword.groovy:40)
	at com.kms.katalon.core.keyword.internal.KeywordExecutor.executeKeywordForPlatform(KeywordExecutor.groovy:74)
	at com.kms.katalon.core.webui.keyword.WebUiBuiltInKeywords.verifyElementText(WebUiBuiltInKeywords.groovy:4835)
	at Immunization.run(Immunization:82)
	at com.kms.katalon.core.main.ScriptEngine.run(ScriptEngine.java:194)
	at com.kms.katalon.core.main.ScriptEngine.runScriptAsRawText(ScriptEngine.java:119)
	at com.kms.katalon.core.main.TestCaseExecutor.runScript(TestCaseExecutor.java:448)
	at com.kms.katalon.core.main.TestCaseExecutor.doExecute(TestCaseExecutor.java:439)
	at com.kms.katalon.core.main.TestCaseExecutor.processExecutionPhase(TestCaseExecutor.java:418)
	at com.kms.katalon.core.main.TestCaseExecutor.accessMainPhase(TestCaseExecutor.java:410)
	at com.kms.katalon.core.main.TestCaseExecutor.execute(TestCaseExecutor.java:285)
	at com.kms.katalon.core.main.TestCaseExecutor.execute(TestCaseExecutor.java:369)
	at com.kms.katalon.core.main.TestCaseExecutor.execute(TestCaseExecutor.java:369)
	at com.kms.katalon.core.main.TestCaseExecutor.execute(TestCaseExecutor.java:369)
	at com.kms.katalon.core.common.CommonExecutor.accessTestCaseMainPhase(CommonExecutor.java:65)
	at com.kms.katalon.core.main.TestSuiteExecutor.accessTestSuiteMainPhase(TestSuiteExecutor.java:150)
	at com.kms.katalon.core.main.TestSuiteExecutor.execute(TestSuiteExecutor.java:106)
	at com.kms.katalon.core.main.TestCaseMain.startTestSuite(TestCaseMain.java:180)
	at TempTestSuite1736457683839.run(TempTestSuite1736457683839.groovy:35)
	at java.base/jdk.internal.reflect.NativeMethodAccessorImpl.invoke0(Native Method)
	at java.base/jdk.internal.reflect.NativeMethodAccessorImpl.invoke(NativeMethodAccessorImpl.java:77)
	at java.base/jdk.internal.reflect.DelegatingMethodAccessorImpl.invoke(DelegatingMethodAccessorImpl.java:43)
Caused by: com.kms.katalon.core.exception.StepFailedException: Actual text 'Anthrax-anthrax vaccine' and expected text 'Anthrax-adenovirus vaccine, type 4, live, oral' of test object 'Object Repository/Specific Cases Repository/LS/Client Profile/Allergies-Vitals-Labs/Immunization/Page_Client Profile/td_Anthrax-adenovirus vaccine, type 4, live, oral' are NOT matched.
	at com.kms.katalon.core.webui.keyword.internal.WebUIKeywordMain.stepFailed(WebUIKeywordMain.groovy:117)
	at com.kms.katalon.core.webui.keyword.builtin.VerifyElementTextKeyword$_verifyElementText_closure1.doCall(VerifyElementTextKeyword.groovy:57)
	at com.kms.katalon.core.webui.keyword.builtin.VerifyElementTextKeyword$_verifyElementText_closure1.call(VerifyElementTextKeyword.groovy)
	at com.kms.katalon.core.webui.keyword.internal.WebUIKeywordMain.runKeyword(WebUIKeywordMain.groovy:35)
	... 23 more]]></system-err>
      </testcase>
      <testcase name="Test Cases/Specific Cases/LS/Client Profile/Allergies-Vitals-Labs/Lab Results" time="46.709" classname="Test Cases/Specific Cases/LS/Client Profile/Allergies-Vitals-Labs/Lab Results" status="PASSED">
         <system-out><![CDATA[09-01-2025T16:47:27 - [TEST_CASE][PASSED] - Test Cases/Specific Cases/LS/Client Profile/Allergies-Vitals-Labs/Lab Results: Test Cases/Specific Cases/LS/Client Profile/Allergies-Vitals-Labs/Lab Results

09-01-2025T16:47:28 - [TEST_STEP][PASSED] - callTestCase(findTestCase("Common Cases/Login"), [:], STOP_ON_FAILURE): Call Test Case 'Test Cases/Common Cases/Login' successfully

09-01-2025T16:47:28 - [TEST_CASE][PASSED] - Test Cases/Common Cases/Login: Test Cases/Common Cases/Login

09-01-2025T16:47:28 - [TEST_STEP][PASSED] - openBrowser(""): Browser is opened with url: ''

09-01-2025T16:47:28 - [MESSAGE][WARNING] - A browser is already opened. Closing browser and opening a new one

09-01-2025T16:47:28 - [MESSAGE][INFO] - Starting 'Chrome' driver

09-01-2025T16:47:28 - [MESSAGE][INFO] - Action delay is set to 0 milliseconds

09-01-2025T16:47:29 - [MESSAGE][PASSED] - Browser is opened with url: ''

09-01-2025T16:47:29 - [TEST_STEP][PASSED] - maximizeWindow(): Current window maximized

09-01-2025T16:47:29 - [MESSAGE][PASSED] - Current window maximized

09-01-2025T16:47:29 - [TEST_STEP][PASSED] - navigateToUrl("https://site17.lsapp.cloud/auth/login"): Navigate to 'https://site17.lsapp.cloud/auth/login' successfully

09-01-2025T16:47:32 - [MESSAGE][PASSED] - Navigate to 'https://site17.lsapp.cloud/auth/login' successfully

09-01-2025T16:47:32 - [TEST_STEP][PASSED] - setText(findTestObject("Object Repository/Common Cases Repository/Login/Page_Lightning Step/input_Email_email"), "automation@lightningstep.com"): Text 'automation@lightningstep.com' is set on object 'Object Repository/Common Cases Repository/Login/Page_Lightning Step/input_Email_email'

09-01-2025T16:47:33 - [MESSAGE][PASSED] - Text 'automation@lightningstep.com' is set on object 'Object Repository/Common Cases Repository/Login/Page_Lightning Step/input_Email_email'

09-01-2025T16:47:33 - [TEST_STEP][PASSED] - setEncryptedText(findTestObject("Object Repository/Common Cases Repository/Login/Page_Lightning Step/input_Password_password"), "e5N8VHmnhJDITtQaQhDQDw=="): Text ****** has been set on object 'Object Repository/Common Cases Repository/Login/Page_Lightning Step/input_Password_password'

09-01-2025T16:47:33 - [MESSAGE][PASSED] - Text ****** has been set on object 'Object Repository/Common Cases Repository/Login/Page_Lightning Step/input_Password_password'

09-01-2025T16:47:33 - [TEST_STEP][PASSED] - click(findTestObject("Object Repository/Common Cases Repository/Login/Page_Lightning Step/button_Sign in")): Object: 'Object Repository/Common Cases Repository/Login/Page_Lightning Step/button_Sign in' is clicked on

09-01-2025T16:47:39 - [MESSAGE][PASSED] - Object: 'Object Repository/Common Cases Repository/Login/Page_Lightning Step/button_Sign in' is clicked on

09-01-2025T16:47:39 - [MESSAGE][PASSED] - Call Test Case 'Test Cases/Common Cases/Login' successfully

09-01-2025T16:47:39 - [TEST_STEP][PASSED] - navigateToUrl("https://site17.lsapp.cloud/client/index/1556?section=medicalassess"): Navigate to 'https://site17.lsapp.cloud/client/index/1556?section=medicalassess' successfully

09-01-2025T16:47:53 - [MESSAGE][PASSED] - Navigate to 'https://site17.lsapp.cloud/client/index/1556?section=medicalassess' successfully

09-01-2025T16:47:53 - [TEST_STEP][PASSED] - click(findTestObject("Object Repository/Specific Cases Repository/LS/Client Profile/Allergies-Vitals-Labs/Lab Results/Page_Client Profile/h4_Lab Results")): Object: 'Object Repository/Specific Cases Repository/LS/Client Profile/Allergies-Vitals-Labs/Lab Results/Page_Client Profile/h4_Lab Results' is clicked on

09-01-2025T16:47:54 - [MESSAGE][PASSED] - Object: 'Object Repository/Specific Cases Repository/LS/Client Profile/Allergies-Vitals-Labs/Lab Results/Page_Client Profile/h4_Lab Results' is clicked on

09-01-2025T16:47:54 - [TEST_STEP][PASSED] - selectOptionByValue(findTestObject("Object Repository/Specific Cases Repository/LS/Client Profile/Allergies-Vitals-Labs/Lab Results/Page_Client Profile/select_Upload Lab ResultNew Lab Result"), "upload_no", true): All options with value 'upload_no' are selected in object 'Object Repository/Specific Cases Repository/LS/Client Profile/Allergies-Vitals-Labs/Lab Results/Page_Client Profile/select_Upload Lab ResultNew Lab Result'  using regular expression

09-01-2025T16:47:55 - [MESSAGE][PASSED] - All options with value 'upload_no' are selected in object 'Object Repository/Specific Cases Repository/LS/Client Profile/Allergies-Vitals-Labs/Lab Results/Page_Client Profile/select_Upload Lab ResultNew Lab Result'  using regular expression

09-01-2025T16:47:55 - [TEST_STEP][PASSED] - selectOptionByValue(findTestObject("Object Repository/Specific Cases Repository/LS/Client Profile/Allergies-Vitals-Labs/Lab Results/Page_Client Profile/select_-- Please Select --COVID-19 RapidCOV_75c690"), "COVID-19 PCR", true): All options with value 'COVID-19 PCR' are selected in object 'Object Repository/Specific Cases Repository/LS/Client Profile/Allergies-Vitals-Labs/Lab Results/Page_Client Profile/select_-- Please Select --COVID-19 RapidCOV_75c690'  using regular expression

09-01-2025T16:47:56 - [MESSAGE][PASSED] - All options with value 'COVID-19 PCR' are selected in object 'Object Repository/Specific Cases Repository/LS/Client Profile/Allergies-Vitals-Labs/Lab Results/Page_Client Profile/select_-- Please Select --COVID-19 RapidCOV_75c690'  using regular expression

09-01-2025T16:47:56 - [TEST_STEP][PASSED] - selectOptionByValue(findTestObject("Object Repository/Specific Cases Repository/LS/Client Profile/Allergies-Vitals-Labs/Lab Results/Page_Client Profile/select_-- Please Select --NegativePositiveU_b19f9e"), "Positive", true): All options with value 'Positive' are selected in object 'Object Repository/Specific Cases Repository/LS/Client Profile/Allergies-Vitals-Labs/Lab Results/Page_Client Profile/select_-- Please Select --NegativePositiveU_b19f9e'  using regular expression

09-01-2025T16:47:56 - [MESSAGE][PASSED] - All options with value 'Positive' are selected in object 'Object Repository/Specific Cases Repository/LS/Client Profile/Allergies-Vitals-Labs/Lab Results/Page_Client Profile/select_-- Please Select --NegativePositiveU_b19f9e'  using regular expression

09-01-2025T16:47:56 - [TEST_STEP][PASSED] - setText(findTestObject("Object Repository/Specific Cases Repository/LS/Client Profile/Allergies-Vitals-Labs/Lab Results/Page_Client Profile/textarea_Note_labresult_notes"), "Automation Note"): Text 'Automation Note' is set on object 'Object Repository/Specific Cases Repository/LS/Client Profile/Allergies-Vitals-Labs/Lab Results/Page_Client Profile/textarea_Note_labresult_notes'

09-01-2025T16:47:57 - [MESSAGE][PASSED] - Text 'Automation Note' is set on object 'Object Repository/Specific Cases Repository/LS/Client Profile/Allergies-Vitals-Labs/Lab Results/Page_Client Profile/textarea_Note_labresult_notes'

09-01-2025T16:47:57 - [TEST_STEP][PASSED] - click(findTestObject("Object Repository/Specific Cases Repository/LS/Client Profile/Allergies-Vitals-Labs/Lab Results/Page_Client Profile/span_Sign and Lock_check")): Object: 'Object Repository/Specific Cases Repository/LS/Client Profile/Allergies-Vitals-Labs/Lab Results/Page_Client Profile/span_Sign and Lock_check' is clicked on

09-01-2025T16:47:58 - [MESSAGE][PASSED] - Object: 'Object Repository/Specific Cases Repository/LS/Client Profile/Allergies-Vitals-Labs/Lab Results/Page_Client Profile/span_Sign and Lock_check' is clicked on

09-01-2025T16:47:58 - [TEST_STEP][PASSED] - click(findTestObject("Object Repository/Specific Cases Repository/LS/Client Profile/Allergies-Vitals-Labs/Lab Results/Page_Client Profile/button_Save")): Object: 'Object Repository/Specific Cases Repository/LS/Client Profile/Allergies-Vitals-Labs/Lab Results/Page_Client Profile/button_Save' is clicked on

09-01-2025T16:48:12 - [MESSAGE][PASSED] - Object: 'Object Repository/Specific Cases Repository/LS/Client Profile/Allergies-Vitals-Labs/Lab Results/Page_Client Profile/button_Save' is clicked on

09-01-2025T16:48:12 - [TEST_STEP][PASSED] - verifyElementText(findTestObject("Object Repository/Specific Cases Repository/LS/Client Profile/Allergies-Vitals-Labs/Lab Results/Page_Client Profile/p_Lab Result Successfully Saved"), "Lab Result Successfully Saved!"): Actual text and expected text of test object 'Object Repository/Specific Cases Repository/LS/Client Profile/Allergies-Vitals-Labs/Lab Results/Page_Client Profile/p_Lab Result Successfully Saved' are matched.

09-01-2025T16:48:13 - [MESSAGE][PASSED] - Actual text and expected text of test object 'Object Repository/Specific Cases Repository/LS/Client Profile/Allergies-Vitals-Labs/Lab Results/Page_Client Profile/p_Lab Result Successfully Saved' are matched.

09-01-2025T16:48:13 - [TEST_STEP][PASSED] - verifyElementText(findTestObject("Object Repository/Specific Cases Repository/LS/Client Profile/Allergies-Vitals-Labs/Lab Results/Page_Client Profile/td_COVID-19 PCR"), "COVID-19 PCR"): Actual text and expected text of test object 'Object Repository/Specific Cases Repository/LS/Client Profile/Allergies-Vitals-Labs/Lab Results/Page_Client Profile/td_COVID-19 PCR' are matched.

09-01-2025T16:48:13 - [MESSAGE][PASSED] - Actual text and expected text of test object 'Object Repository/Specific Cases Repository/LS/Client Profile/Allergies-Vitals-Labs/Lab Results/Page_Client Profile/td_COVID-19 PCR' are matched.

09-01-2025T16:48:13 - [TEST_STEP][PASSED] - verifyElementText(findTestObject("Object Repository/Specific Cases Repository/LS/Client Profile/Allergies-Vitals-Labs/Lab Results/Page_Client Profile/td_Positive"), "Positive"): Actual text and expected text of test object 'Object Repository/Specific Cases Repository/LS/Client Profile/Allergies-Vitals-Labs/Lab Results/Page_Client Profile/td_Positive' are matched.

09-01-2025T16:48:14 - [MESSAGE][PASSED] - Actual text and expected text of test object 'Object Repository/Specific Cases Repository/LS/Client Profile/Allergies-Vitals-Labs/Lab Results/Page_Client Profile/td_Positive' are matched.

09-01-2025T16:48:14 - [TEST_STEP][PASSED] - verifyElementText(findTestObject("Object Repository/Specific Cases Repository/LS/Client Profile/Allergies-Vitals-Labs/Lab Results/Page_Client Profile/td_Staff Signed"), "Staff Signed"): Actual text and expected text of test object 'Object Repository/Specific Cases Repository/LS/Client Profile/Allergies-Vitals-Labs/Lab Results/Page_Client Profile/td_Staff Signed' are matched.

09-01-2025T16:48:14 - [MESSAGE][PASSED] - Actual text and expected text of test object 'Object Repository/Specific Cases Repository/LS/Client Profile/Allergies-Vitals-Labs/Lab Results/Page_Client Profile/td_Staff Signed' are matched.

09-01-2025T16:48:14 - [TEST_STEP][PASSED] - closeBrowser(): Browser is closed

09-01-2025T16:48:14 - [MESSAGE][PASSED] - Browser is closed]]></system-out>
         <system-err><![CDATA[]]></system-err>
      </testcase>
      <testcase name="Test Cases/Specific Cases/LS/Client Profile/Allergies-Vitals-Labs/Pain Rating" time="50.007" classname="Test Cases/Specific Cases/LS/Client Profile/Allergies-Vitals-Labs/Pain Rating" status="PASSED">
         <system-out><![CDATA[09-01-2025T16:48:14 - [TEST_CASE][PASSED] - Test Cases/Specific Cases/LS/Client Profile/Allergies-Vitals-Labs/Pain Rating: Test Cases/Specific Cases/LS/Client Profile/Allergies-Vitals-Labs/Pain Rating

09-01-2025T16:48:14 - [TEST_STEP][PASSED] - callTestCase(findTestCase("Common Cases/Login"), [:], STOP_ON_FAILURE): Call Test Case 'Test Cases/Common Cases/Login' successfully

09-01-2025T16:48:14 - [TEST_CASE][PASSED] - Test Cases/Common Cases/Login: Test Cases/Common Cases/Login

09-01-2025T16:48:14 - [TEST_STEP][PASSED] - openBrowser(""): Browser is opened with url: ''

09-01-2025T16:48:14 - [MESSAGE][INFO] - Starting 'Chrome' driver

09-01-2025T16:48:14 - [MESSAGE][INFO] - Action delay is set to 0 milliseconds

09-01-2025T16:48:16 - [MESSAGE][PASSED] - Browser is opened with url: ''

09-01-2025T16:48:16 - [TEST_STEP][PASSED] - maximizeWindow(): Current window maximized

09-01-2025T16:48:16 - [MESSAGE][PASSED] - Current window maximized

09-01-2025T16:48:16 - [TEST_STEP][PASSED] - navigateToUrl("https://site17.lsapp.cloud/auth/login"): Navigate to 'https://site17.lsapp.cloud/auth/login' successfully

09-01-2025T16:48:18 - [MESSAGE][PASSED] - Navigate to 'https://site17.lsapp.cloud/auth/login' successfully

09-01-2025T16:48:18 - [TEST_STEP][PASSED] - setText(findTestObject("Object Repository/Common Cases Repository/Login/Page_Lightning Step/input_Email_email"), "automation@lightningstep.com"): Text 'automation@lightningstep.com' is set on object 'Object Repository/Common Cases Repository/Login/Page_Lightning Step/input_Email_email'

09-01-2025T16:48:19 - [MESSAGE][PASSED] - Text 'automation@lightningstep.com' is set on object 'Object Repository/Common Cases Repository/Login/Page_Lightning Step/input_Email_email'

09-01-2025T16:48:19 - [TEST_STEP][PASSED] - setEncryptedText(findTestObject("Object Repository/Common Cases Repository/Login/Page_Lightning Step/input_Password_password"), "e5N8VHmnhJDITtQaQhDQDw=="): Text ****** has been set on object 'Object Repository/Common Cases Repository/Login/Page_Lightning Step/input_Password_password'

09-01-2025T16:48:19 - [MESSAGE][PASSED] - Text ****** has been set on object 'Object Repository/Common Cases Repository/Login/Page_Lightning Step/input_Password_password'

09-01-2025T16:48:19 - [TEST_STEP][PASSED] - click(findTestObject("Object Repository/Common Cases Repository/Login/Page_Lightning Step/button_Sign in")): Object: 'Object Repository/Common Cases Repository/Login/Page_Lightning Step/button_Sign in' is clicked on

09-01-2025T16:48:25 - [MESSAGE][PASSED] - Object: 'Object Repository/Common Cases Repository/Login/Page_Lightning Step/button_Sign in' is clicked on

09-01-2025T16:48:25 - [MESSAGE][PASSED] - Call Test Case 'Test Cases/Common Cases/Login' successfully

09-01-2025T16:48:25 - [TEST_STEP][PASSED] - navigateToUrl("https://site17.lsapp.cloud/client/index/1556?section=medicalassess"): Navigate to 'https://site17.lsapp.cloud/client/index/1556?section=medicalassess' successfully

09-01-2025T16:48:39 - [MESSAGE][PASSED] - Navigate to 'https://site17.lsapp.cloud/client/index/1556?section=medicalassess' successfully

09-01-2025T16:48:39 - [TEST_STEP][PASSED] - click(findTestObject("Object Repository/Specific Cases Repository/LS/Client Profile/Allergies-Vitals-Labs/Pain Rating/Page_Client Profile/h4_Pain Rating")): Object: 'Object Repository/Specific Cases Repository/LS/Client Profile/Allergies-Vitals-Labs/Pain Rating/Page_Client Profile/h4_Pain Rating' is clicked on

09-01-2025T16:48:40 - [MESSAGE][PASSED] - Object: 'Object Repository/Specific Cases Repository/LS/Client Profile/Allergies-Vitals-Labs/Pain Rating/Page_Client Profile/h4_Pain Rating' is clicked on

09-01-2025T16:48:40 - [TEST_STEP][PASSED] - click(findTestObject("Object Repository/Specific Cases Repository/LS/Client Profile/Allergies-Vitals-Labs/Pain Rating/Page_Client Profile/i_add")): Object: 'Object Repository/Specific Cases Repository/LS/Client Profile/Allergies-Vitals-Labs/Pain Rating/Page_Client Profile/i_add' is clicked on

09-01-2025T16:48:43 - [MESSAGE][PASSED] - Object: 'Object Repository/Specific Cases Repository/LS/Client Profile/Allergies-Vitals-Labs/Pain Rating/Page_Client Profile/i_add' is clicked on

09-01-2025T16:48:43 - [TEST_STEP][PASSED] - selectOptionByValue(findTestObject("Object Repository/Specific Cases Repository/LS/Client Profile/Allergies-Vitals-Labs/Pain Rating/Page_Pain Rating/select_--not-selected--YesNo"), "Yes", true): All options with value 'Yes' are selected in object 'Object Repository/Specific Cases Repository/LS/Client Profile/Allergies-Vitals-Labs/Pain Rating/Page_Pain Rating/select_--not-selected--YesNo'  using regular expression

09-01-2025T16:48:45 - [MESSAGE][PASSED] - All options with value 'Yes' are selected in object 'Object Repository/Specific Cases Repository/LS/Client Profile/Allergies-Vitals-Labs/Pain Rating/Page_Pain Rating/select_--not-selected--YesNo'  using regular expression

09-01-2025T16:48:45 - [TEST_STEP][PASSED] - setText(findTestObject("Object Repository/Specific Cases Repository/LS/Client Profile/Allergies-Vitals-Labs/Pain Rating/Page_Pain Rating/textarea_Character Please describe your pai_b961e8"), "Automation Character"): Text 'Automation Character' is set on object 'Object Repository/Specific Cases Repository/LS/Client Profile/Allergies-Vitals-Labs/Pain Rating/Page_Pain Rating/textarea_Character Please describe your pai_b961e8'

09-01-2025T16:48:45 - [MESSAGE][PASSED] - Text 'Automation Character' is set on object 'Object Repository/Specific Cases Repository/LS/Client Profile/Allergies-Vitals-Labs/Pain Rating/Page_Pain Rating/textarea_Character Please describe your pai_b961e8'

09-01-2025T16:48:45 - [TEST_STEP][PASSED] - setText(findTestObject("Object Repository/Specific Cases Repository/LS/Client Profile/Allergies-Vitals-Labs/Pain Rating/Page_Pain Rating/textarea_Onset When did your pain begin How_1fcb8f"), "Automation Onset"): Text 'Automation Onset' is set on object 'Object Repository/Specific Cases Repository/LS/Client Profile/Allergies-Vitals-Labs/Pain Rating/Page_Pain Rating/textarea_Onset When did your pain begin How_1fcb8f'

09-01-2025T16:48:46 - [MESSAGE][PASSED] - Text 'Automation Onset' is set on object 'Object Repository/Specific Cases Repository/LS/Client Profile/Allergies-Vitals-Labs/Pain Rating/Page_Pain Rating/textarea_Onset When did your pain begin How_1fcb8f'

09-01-2025T16:48:46 - [TEST_STEP][PASSED] - setText(findTestObject("Object Repository/Specific Cases Repository/LS/Client Profile/Allergies-Vitals-Labs/Pain Rating/Page_Pain Rating/textarea_Location Where is it Does it radia_4aae7b"), "Autoamtion Location"): Text 'Autoamtion Location' is set on object 'Object Repository/Specific Cases Repository/LS/Client Profile/Allergies-Vitals-Labs/Pain Rating/Page_Pain Rating/textarea_Location Where is it Does it radia_4aae7b'

09-01-2025T16:48:47 - [MESSAGE][PASSED] - Text 'Autoamtion Location' is set on object 'Object Repository/Specific Cases Repository/LS/Client Profile/Allergies-Vitals-Labs/Pain Rating/Page_Pain Rating/textarea_Location Where is it Does it radia_4aae7b'

09-01-2025T16:48:47 - [TEST_STEP][PASSED] - setText(findTestObject("Object Repository/Specific Cases Repository/LS/Client Profile/Allergies-Vitals-Labs/Pain Rating/Page_Pain Rating/textarea_Duration How long does it last Doe_a24179"), "Automation Duration"): Text 'Automation Duration' is set on object 'Object Repository/Specific Cases Repository/LS/Client Profile/Allergies-Vitals-Labs/Pain Rating/Page_Pain Rating/textarea_Duration How long does it last Doe_a24179'

09-01-2025T16:48:47 - [MESSAGE][PASSED] - Text 'Automation Duration' is set on object 'Object Repository/Specific Cases Repository/LS/Client Profile/Allergies-Vitals-Labs/Pain Rating/Page_Pain Rating/textarea_Duration How long does it last Doe_a24179'

09-01-2025T16:48:47 - [TEST_STEP][PASSED] - setText(findTestObject("Object Repository/Specific Cases Repository/LS/Client Profile/Allergies-Vitals-Labs/Pain Rating/Page_Pain Rating/textarea_Severity How bad is it_txtseverity"), "Automation Severity"): Text 'Automation Severity' is set on object 'Object Repository/Specific Cases Repository/LS/Client Profile/Allergies-Vitals-Labs/Pain Rating/Page_Pain Rating/textarea_Severity How bad is it_txtseverity'

09-01-2025T16:48:48 - [MESSAGE][PASSED] - Text 'Automation Severity' is set on object 'Object Repository/Specific Cases Repository/LS/Client Profile/Allergies-Vitals-Labs/Pain Rating/Page_Pain Rating/textarea_Severity How bad is it_txtseverity'

09-01-2025T16:48:48 - [TEST_STEP][PASSED] - setText(findTestObject("Object Repository/Specific Cases Repository/LS/Client Profile/Allergies-Vitals-Labs/Pain Rating/Page_Pain Rating/textarea_Pattern What makes it better_txtpattern"), "Automation Pattern"): Text 'Automation Pattern' is set on object 'Object Repository/Specific Cases Repository/LS/Client Profile/Allergies-Vitals-Labs/Pain Rating/Page_Pain Rating/textarea_Pattern What makes it better_txtpattern'

09-01-2025T16:48:48 - [MESSAGE][PASSED] - Text 'Automation Pattern' is set on object 'Object Repository/Specific Cases Repository/LS/Client Profile/Allergies-Vitals-Labs/Pain Rating/Page_Pain Rating/textarea_Pattern What makes it better_txtpattern'

09-01-2025T16:48:48 - [TEST_STEP][PASSED] - setText(findTestObject("Object Repository/Specific Cases Repository/LS/Client Profile/Allergies-Vitals-Labs/Pain Rating/Page_Pain Rating/textarea_Associated Factors What other symp_d4f16d"), "Automation Associated"): Text 'Automation Associated' is set on object 'Object Repository/Specific Cases Repository/LS/Client Profile/Allergies-Vitals-Labs/Pain Rating/Page_Pain Rating/textarea_Associated Factors What other symp_d4f16d'

09-01-2025T16:48:49 - [MESSAGE][PASSED] - Text 'Automation Associated' is set on object 'Object Repository/Specific Cases Repository/LS/Client Profile/Allergies-Vitals-Labs/Pain Rating/Page_Pain Rating/textarea_Associated Factors What other symp_d4f16d'

09-01-2025T16:48:49 - [TEST_STEP][PASSED] - click(findTestObject("Object Repository/Specific Cases Repository/LS/Client Profile/Allergies-Vitals-Labs/Pain Rating/Page_Pain Rating/input_Associated Factors What other symptom_d4156a")): Object: 'Object Repository/Specific Cases Repository/LS/Client Profile/Allergies-Vitals-Labs/Pain Rating/Page_Pain Rating/input_Associated Factors What other symptom_d4156a' is clicked on

09-01-2025T16:48:49 - [MESSAGE][PASSED] - Object: 'Object Repository/Specific Cases Repository/LS/Client Profile/Allergies-Vitals-Labs/Pain Rating/Page_Pain Rating/input_Associated Factors What other symptom_d4156a' is clicked on

09-01-2025T16:48:49 - [TEST_STEP][PASSED] - click(findTestObject("Object Repository/Specific Cases Repository/LS/Client Profile/Allergies-Vitals-Labs/Pain Rating/Page_Pain Rating/span_Sign and Lock_check")): Object: 'Object Repository/Specific Cases Repository/LS/Client Profile/Allergies-Vitals-Labs/Pain Rating/Page_Pain Rating/span_Sign and Lock_check' is clicked on

09-01-2025T16:48:50 - [MESSAGE][PASSED] - Object: 'Object Repository/Specific Cases Repository/LS/Client Profile/Allergies-Vitals-Labs/Pain Rating/Page_Pain Rating/span_Sign and Lock_check' is clicked on

09-01-2025T16:48:50 - [TEST_STEP][PASSED] - click(findTestObject("Object Repository/Specific Cases Repository/LS/Client Profile/Allergies-Vitals-Labs/Pain Rating/Page_Pain Rating/button_Save")): Object: 'Object Repository/Specific Cases Repository/LS/Client Profile/Allergies-Vitals-Labs/Pain Rating/Page_Pain Rating/button_Save' is clicked on

09-01-2025T16:49:03 - [MESSAGE][PASSED] - Object: 'Object Repository/Specific Cases Repository/LS/Client Profile/Allergies-Vitals-Labs/Pain Rating/Page_Pain Rating/button_Save' is clicked on

09-01-2025T16:49:03 - [TEST_STEP][PASSED] - verifyElementText(findTestObject("Object Repository/Specific Cases Repository/LS/Client Profile/Allergies-Vitals-Labs/Pain Rating/Page_Client Profile/td_5"), "5"): Actual text and expected text of test object 'Object Repository/Specific Cases Repository/LS/Client Profile/Allergies-Vitals-Labs/Pain Rating/Page_Client Profile/td_5' are matched.

09-01-2025T16:49:03 - [MESSAGE][PASSED] - Actual text and expected text of test object 'Object Repository/Specific Cases Repository/LS/Client Profile/Allergies-Vitals-Labs/Pain Rating/Page_Client Profile/td_5' are matched.

09-01-2025T16:49:03 - [TEST_STEP][PASSED] - verifyElementText(findTestObject("Object Repository/Specific Cases Repository/LS/Client Profile/Allergies-Vitals-Labs/Pain Rating/Page_Client Profile/td_Automation Character"), "Automation Character"): Actual text and expected text of test object 'Object Repository/Specific Cases Repository/LS/Client Profile/Allergies-Vitals-Labs/Pain Rating/Page_Client Profile/td_Automation Character' are matched.

09-01-2025T16:49:04 - [MESSAGE][PASSED] - Actual text and expected text of test object 'Object Repository/Specific Cases Repository/LS/Client Profile/Allergies-Vitals-Labs/Pain Rating/Page_Client Profile/td_Automation Character' are matched.

09-01-2025T16:49:04 - [TEST_STEP][PASSED] - verifyElementText(findTestObject("Object Repository/Specific Cases Repository/LS/Client Profile/Allergies-Vitals-Labs/Pain Rating/Page_Client Profile/td_Automation Test"), "Automation Test"): Actual text and expected text of test object 'Object Repository/Specific Cases Repository/LS/Client Profile/Allergies-Vitals-Labs/Pain Rating/Page_Client Profile/td_Automation Test' are matched.

09-01-2025T16:49:04 - [MESSAGE][PASSED] - Actual text and expected text of test object 'Object Repository/Specific Cases Repository/LS/Client Profile/Allergies-Vitals-Labs/Pain Rating/Page_Client Profile/td_Automation Test' are matched.

09-01-2025T16:49:04 - [TEST_STEP][PASSED] - closeBrowser(): Browser is closed

09-01-2025T16:49:04 - [MESSAGE][PASSED] - Browser is closed]]></system-out>
         <system-err><![CDATA[]]></system-err>
      </testcase>
      <testcase name="Test Cases/Specific Cases/LS/Client Profile/Allergies-Vitals-Labs/PENDING TB Testing" time="19.571" classname="Test Cases/Specific Cases/LS/Client Profile/Allergies-Vitals-Labs/PENDING TB Testing" status="PASSED">
         <system-out><![CDATA[09-01-2025T16:49:04 - [TEST_CASE][PASSED] - Test Cases/Specific Cases/LS/Client Profile/Allergies-Vitals-Labs/PENDING TB Testing: Test Cases/Specific Cases/LS/Client Profile/Allergies-Vitals-Labs/PENDING TB Testing

09-01-2025T16:49:04 - [TEST_STEP][PASSED] - callTestCase(findTestCase("Common Cases/Login"), [:], STOP_ON_FAILURE): Call Test Case 'Test Cases/Common Cases/Login' successfully

09-01-2025T16:49:04 - [TEST_CASE][PASSED] - Test Cases/Common Cases/Login: Test Cases/Common Cases/Login

09-01-2025T16:49:04 - [TEST_STEP][PASSED] - openBrowser(""): Browser is opened with url: ''

09-01-2025T16:49:04 - [MESSAGE][INFO] - Starting 'Chrome' driver

09-01-2025T16:49:04 - [MESSAGE][INFO] - Action delay is set to 0 milliseconds

09-01-2025T16:49:05 - [MESSAGE][PASSED] - Browser is opened with url: ''

09-01-2025T16:49:05 - [TEST_STEP][PASSED] - maximizeWindow(): Current window maximized

09-01-2025T16:49:05 - [MESSAGE][PASSED] - Current window maximized

09-01-2025T16:49:05 - [TEST_STEP][PASSED] - navigateToUrl("https://site17.lsapp.cloud/auth/login"): Navigate to 'https://site17.lsapp.cloud/auth/login' successfully

09-01-2025T16:49:16 - [MESSAGE][PASSED] - Navigate to 'https://site17.lsapp.cloud/auth/login' successfully

09-01-2025T16:49:16 - [TEST_STEP][PASSED] - setText(findTestObject("Object Repository/Common Cases Repository/Login/Page_Lightning Step/input_Email_email"), "automation@lightningstep.com"): Text 'automation@lightningstep.com' is set on object 'Object Repository/Common Cases Repository/Login/Page_Lightning Step/input_Email_email'

09-01-2025T16:49:17 - [MESSAGE][PASSED] - Text 'automation@lightningstep.com' is set on object 'Object Repository/Common Cases Repository/Login/Page_Lightning Step/input_Email_email'

09-01-2025T16:49:17 - [TEST_STEP][PASSED] - setEncryptedText(findTestObject("Object Repository/Common Cases Repository/Login/Page_Lightning Step/input_Password_password"), "e5N8VHmnhJDITtQaQhDQDw=="): Text ****** has been set on object 'Object Repository/Common Cases Repository/Login/Page_Lightning Step/input_Password_password'

09-01-2025T16:49:17 - [MESSAGE][PASSED] - Text ****** has been set on object 'Object Repository/Common Cases Repository/Login/Page_Lightning Step/input_Password_password'

09-01-2025T16:49:17 - [TEST_STEP][PASSED] - click(findTestObject("Object Repository/Common Cases Repository/Login/Page_Lightning Step/button_Sign in")): Object: 'Object Repository/Common Cases Repository/Login/Page_Lightning Step/button_Sign in' is clicked on

09-01-2025T16:49:24 - [MESSAGE][PASSED] - Object: 'Object Repository/Common Cases Repository/Login/Page_Lightning Step/button_Sign in' is clicked on

09-01-2025T16:49:24 - [MESSAGE][PASSED] - Call Test Case 'Test Cases/Common Cases/Login' successfully]]></system-out>
         <system-err><![CDATA[]]></system-err>
      </testcase>
      <testcase name="Test Cases/Specific Cases/LS/Client Profile/Allergies-Vitals-Labs/Pregnancy Test" time="58.423" classname="Test Cases/Specific Cases/LS/Client Profile/Allergies-Vitals-Labs/Pregnancy Test" status="PASSED">
         <system-out><![CDATA[09-01-2025T16:49:24 - [TEST_CASE][PASSED] - Test Cases/Specific Cases/LS/Client Profile/Allergies-Vitals-Labs/Pregnancy Test: Test Cases/Specific Cases/LS/Client Profile/Allergies-Vitals-Labs/Pregnancy Test

09-01-2025T16:49:24 - [TEST_STEP][PASSED] - callTestCase(findTestCase("Common Cases/Login"), [:], STOP_ON_FAILURE): Call Test Case 'Test Cases/Common Cases/Login' successfully

09-01-2025T16:49:24 - [TEST_CASE][PASSED] - Test Cases/Common Cases/Login: Test Cases/Common Cases/Login

09-01-2025T16:49:24 - [TEST_STEP][PASSED] - openBrowser(""): Browser is opened with url: ''

09-01-2025T16:49:24 - [MESSAGE][WARNING] - A browser is already opened. Closing browser and opening a new one

09-01-2025T16:49:24 - [MESSAGE][INFO] - Starting 'Chrome' driver

09-01-2025T16:49:24 - [MESSAGE][INFO] - Action delay is set to 0 milliseconds

09-01-2025T16:49:25 - [MESSAGE][PASSED] - Browser is opened with url: ''

09-01-2025T16:49:25 - [TEST_STEP][PASSED] - maximizeWindow(): Current window maximized

09-01-2025T16:49:25 - [MESSAGE][PASSED] - Current window maximized

09-01-2025T16:49:25 - [TEST_STEP][PASSED] - navigateToUrl("https://site17.lsapp.cloud/auth/login"): Navigate to 'https://site17.lsapp.cloud/auth/login' successfully

09-01-2025T16:49:28 - [MESSAGE][PASSED] - Navigate to 'https://site17.lsapp.cloud/auth/login' successfully

09-01-2025T16:49:28 - [TEST_STEP][PASSED] - setText(findTestObject("Object Repository/Common Cases Repository/Login/Page_Lightning Step/input_Email_email"), "automation@lightningstep.com"): Text 'automation@lightningstep.com' is set on object 'Object Repository/Common Cases Repository/Login/Page_Lightning Step/input_Email_email'

09-01-2025T16:49:29 - [MESSAGE][PASSED] - Text 'automation@lightningstep.com' is set on object 'Object Repository/Common Cases Repository/Login/Page_Lightning Step/input_Email_email'

09-01-2025T16:49:29 - [TEST_STEP][PASSED] - setEncryptedText(findTestObject("Object Repository/Common Cases Repository/Login/Page_Lightning Step/input_Password_password"), "e5N8VHmnhJDITtQaQhDQDw=="): Text ****** has been set on object 'Object Repository/Common Cases Repository/Login/Page_Lightning Step/input_Password_password'

09-01-2025T16:49:29 - [MESSAGE][PASSED] - Text ****** has been set on object 'Object Repository/Common Cases Repository/Login/Page_Lightning Step/input_Password_password'

09-01-2025T16:49:29 - [TEST_STEP][PASSED] - click(findTestObject("Object Repository/Common Cases Repository/Login/Page_Lightning Step/button_Sign in")): Object: 'Object Repository/Common Cases Repository/Login/Page_Lightning Step/button_Sign in' is clicked on

09-01-2025T16:49:34 - [MESSAGE][PASSED] - Object: 'Object Repository/Common Cases Repository/Login/Page_Lightning Step/button_Sign in' is clicked on

09-01-2025T16:49:34 - [MESSAGE][PASSED] - Call Test Case 'Test Cases/Common Cases/Login' successfully

09-01-2025T16:49:34 - [TEST_STEP][PASSED] - navigateToUrl("https://site17.lsapp.cloud/client/index/1556?section=medicalassess"): Navigate to 'https://site17.lsapp.cloud/client/index/1556?section=medicalassess' successfully

09-01-2025T16:49:48 - [MESSAGE][PASSED] - Navigate to 'https://site17.lsapp.cloud/client/index/1556?section=medicalassess' successfully

09-01-2025T16:49:48 - [TEST_STEP][PASSED] - click(findTestObject("Object Repository/Specific Cases Repository/LS/Client Profile/Allergies-Vitals-Labs/Pregnancy Test/Page_Client Profile/h4_Pregnancy Test")): Object: 'Object Repository/Specific Cases Repository/LS/Client Profile/Allergies-Vitals-Labs/Pregnancy Test/Page_Client Profile/h4_Pregnancy Test' is clicked on

09-01-2025T16:49:49 - [MESSAGE][PASSED] - Object: 'Object Repository/Specific Cases Repository/LS/Client Profile/Allergies-Vitals-Labs/Pregnancy Test/Page_Client Profile/h4_Pregnancy Test' is clicked on

09-01-2025T16:49:49 - [TEST_STEP][PASSED] - click(findTestObject("Object Repository/Specific Cases Repository/LS/Client Profile/Allergies-Vitals-Labs/Pregnancy Test/Page_Client Profile/i_add")): Object: 'Object Repository/Specific Cases Repository/LS/Client Profile/Allergies-Vitals-Labs/Pregnancy Test/Page_Client Profile/i_add' is clicked on

09-01-2025T16:49:53 - [MESSAGE][PASSED] - Object: 'Object Repository/Specific Cases Repository/LS/Client Profile/Allergies-Vitals-Labs/Pregnancy Test/Page_Client Profile/i_add' is clicked on

09-01-2025T16:49:53 - [TEST_STEP][PASSED] - setText(findTestObject("Object Repository/Specific Cases Repository/LS/Client Profile/Allergies-Vitals-Labs/Pregnancy Test/Page_Pregnancy Test/textarea_Additional Information_note"), "Automation Additional Information"): Text 'Automation Additional Information' is set on object 'Object Repository/Specific Cases Repository/LS/Client Profile/Allergies-Vitals-Labs/Pregnancy Test/Page_Pregnancy Test/textarea_Additional Information_note'

09-01-2025T16:49:54 - [MESSAGE][PASSED] - Text 'Automation Additional Information' is set on object 'Object Repository/Specific Cases Repository/LS/Client Profile/Allergies-Vitals-Labs/Pregnancy Test/Page_Pregnancy Test/textarea_Additional Information_note'

09-01-2025T16:49:54 - [TEST_STEP][PASSED] - selectOptionByValue(findTestObject("Object Repository/Specific Cases Repository/LS/Client Profile/Allergies-Vitals-Labs/Pregnancy Test/Page_Pregnancy Test/select_PositiveNegative"), "Positive", true): All options with value 'Positive' are selected in object 'Object Repository/Specific Cases Repository/LS/Client Profile/Allergies-Vitals-Labs/Pregnancy Test/Page_Pregnancy Test/select_PositiveNegative'  using regular expression

09-01-2025T16:49:55 - [MESSAGE][PASSED] - All options with value 'Positive' are selected in object 'Object Repository/Specific Cases Repository/LS/Client Profile/Allergies-Vitals-Labs/Pregnancy Test/Page_Pregnancy Test/select_PositiveNegative'  using regular expression

09-01-2025T16:49:55 - [TEST_STEP][PASSED] - click(findTestObject("Object Repository/Specific Cases Repository/LS/Client Profile/Allergies-Vitals-Labs/Pregnancy Test/Page_Pregnancy Test/input_Sign and Lock_dss")): Object: 'Object Repository/Specific Cases Repository/LS/Client Profile/Allergies-Vitals-Labs/Pregnancy Test/Page_Pregnancy Test/input_Sign and Lock_dss' is clicked on

09-01-2025T16:49:55 - [MESSAGE][PASSED] - Object: 'Object Repository/Specific Cases Repository/LS/Client Profile/Allergies-Vitals-Labs/Pregnancy Test/Page_Pregnancy Test/input_Sign and Lock_dss' is clicked on

09-01-2025T16:49:55 - [TEST_STEP][PASSED] - click(findTestObject("Object Repository/Specific Cases Repository/LS/Client Profile/Allergies-Vitals-Labs/Pregnancy Test/Page_Pregnancy Test/button_Save")): Object: 'Object Repository/Specific Cases Repository/LS/Client Profile/Allergies-Vitals-Labs/Pregnancy Test/Page_Pregnancy Test/button_Save' is clicked on

09-01-2025T16:50:09 - [MESSAGE][PASSED] - Object: 'Object Repository/Specific Cases Repository/LS/Client Profile/Allergies-Vitals-Labs/Pregnancy Test/Page_Pregnancy Test/button_Save' is clicked on

09-01-2025T16:50:09 - [TEST_STEP][PASSED] - navigateToUrl("https://site17.lsapp.cloud/client/index/1556?section=medicalassess"): Navigate to 'https://site17.lsapp.cloud/client/index/1556?section=medicalassess' successfully

09-01-2025T16:50:20 - [MESSAGE][PASSED] - Navigate to 'https://site17.lsapp.cloud/client/index/1556?section=medicalassess' successfully

09-01-2025T16:50:20 - [TEST_STEP][PASSED] - click(findTestObject("Object Repository/Specific Cases Repository/LS/Client Profile/Allergies-Vitals-Labs/Pregnancy Test/Page_Client Profile/h4_Pregnancy Test")): Object: 'Object Repository/Specific Cases Repository/LS/Client Profile/Allergies-Vitals-Labs/Pregnancy Test/Page_Client Profile/h4_Pregnancy Test' is clicked on

09-01-2025T16:50:21 - [MESSAGE][PASSED] - Object: 'Object Repository/Specific Cases Repository/LS/Client Profile/Allergies-Vitals-Labs/Pregnancy Test/Page_Client Profile/h4_Pregnancy Test' is clicked on

09-01-2025T16:50:21 - [TEST_STEP][PASSED] - verifyElementText(findTestObject("Object Repository/Specific Cases Repository/LS/Client Profile/Allergies-Vitals-Labs/Pregnancy Test/Page_Client Profile/td_Positive"), "Positive"): Actual text and expected text of test object 'Object Repository/Specific Cases Repository/LS/Client Profile/Allergies-Vitals-Labs/Pregnancy Test/Page_Client Profile/td_Positive' are matched.

09-01-2025T16:50:22 - [MESSAGE][PASSED] - Actual text and expected text of test object 'Object Repository/Specific Cases Repository/LS/Client Profile/Allergies-Vitals-Labs/Pregnancy Test/Page_Client Profile/td_Positive' are matched.

09-01-2025T16:50:22 - [TEST_STEP][PASSED] - verifyElementPresent(findTestObject("Object Repository/Specific Cases Repository/LS/Client Profile/Allergies-Vitals-Labs/Pregnancy Test/Page_Client Profile/i_Positive_fa fa-exclamation-triangle text-danger"), 0): Object 'Object Repository/Specific Cases Repository/LS/Client Profile/Allergies-Vitals-Labs/Pregnancy Test/Page_Client Profile/i_Positive_fa fa-exclamation-triangle text-danger' is present

09-01-2025T16:50:22 - [MESSAGE][WARNING] - Timeout '0' is invalid. Using default page load timeout: '30'

09-01-2025T16:50:22 - [MESSAGE][PASSED] - Object 'Object Repository/Specific Cases Repository/LS/Client Profile/Allergies-Vitals-Labs/Pregnancy Test/Page_Client Profile/i_Positive_fa fa-exclamation-triangle text-danger' is present

09-01-2025T16:50:22 - [TEST_STEP][PASSED] - closeBrowser(): Browser is closed

09-01-2025T16:50:22 - [MESSAGE][PASSED] - Browser is closed]]></system-out>
         <system-err><![CDATA[]]></system-err>
      </testcase>
      <testcase name="Test Cases/Specific Cases/LS/Client Profile/Allergies-Vitals-Labs/UDS" time="74.476" classname="Test Cases/Specific Cases/LS/Client Profile/Allergies-Vitals-Labs/UDS" status="PASSED">
         <system-out><![CDATA[09-01-2025T16:50:22 - [TEST_CASE][PASSED] - Test Cases/Specific Cases/LS/Client Profile/Allergies-Vitals-Labs/UDS: Test Cases/Specific Cases/LS/Client Profile/Allergies-Vitals-Labs/UDS

09-01-2025T16:50:22 - [TEST_STEP][PASSED] - callTestCase(findTestCase("Common Cases/Login"), [:], STOP_ON_FAILURE): Call Test Case 'Test Cases/Common Cases/Login' successfully

09-01-2025T16:50:22 - [TEST_CASE][PASSED] - Test Cases/Common Cases/Login: Test Cases/Common Cases/Login

09-01-2025T16:50:22 - [TEST_STEP][PASSED] - openBrowser(""): Browser is opened with url: ''

09-01-2025T16:50:22 - [MESSAGE][INFO] - Starting 'Chrome' driver

09-01-2025T16:50:22 - [MESSAGE][INFO] - Action delay is set to 0 milliseconds

09-01-2025T16:50:24 - [MESSAGE][PASSED] - Browser is opened with url: ''

09-01-2025T16:50:24 - [TEST_STEP][PASSED] - maximizeWindow(): Current window maximized

09-01-2025T16:50:24 - [MESSAGE][PASSED] - Current window maximized

09-01-2025T16:50:24 - [TEST_STEP][PASSED] - navigateToUrl("https://site17.lsapp.cloud/auth/login"): Navigate to 'https://site17.lsapp.cloud/auth/login' successfully

09-01-2025T16:50:24 - [MESSAGE][PASSED] - Navigate to 'https://site17.lsapp.cloud/auth/login' successfully

09-01-2025T16:50:24 - [TEST_STEP][PASSED] - setText(findTestObject("Object Repository/Common Cases Repository/Login/Page_Lightning Step/input_Email_email"), "automation@lightningstep.com"): Text 'automation@lightningstep.com' is set on object 'Object Repository/Common Cases Repository/Login/Page_Lightning Step/input_Email_email'

09-01-2025T16:50:27 - [MESSAGE][PASSED] - Text 'automation@lightningstep.com' is set on object 'Object Repository/Common Cases Repository/Login/Page_Lightning Step/input_Email_email'

09-01-2025T16:50:27 - [TEST_STEP][PASSED] - setEncryptedText(findTestObject("Object Repository/Common Cases Repository/Login/Page_Lightning Step/input_Password_password"), "e5N8VHmnhJDITtQaQhDQDw=="): Text ****** has been set on object 'Object Repository/Common Cases Repository/Login/Page_Lightning Step/input_Password_password'

09-01-2025T16:50:27 - [MESSAGE][PASSED] - Text ****** has been set on object 'Object Repository/Common Cases Repository/Login/Page_Lightning Step/input_Password_password'

09-01-2025T16:50:27 - [TEST_STEP][PASSED] - click(findTestObject("Object Repository/Common Cases Repository/Login/Page_Lightning Step/button_Sign in")): Object: 'Object Repository/Common Cases Repository/Login/Page_Lightning Step/button_Sign in' is clicked on

09-01-2025T16:50:33 - [MESSAGE][PASSED] - Object: 'Object Repository/Common Cases Repository/Login/Page_Lightning Step/button_Sign in' is clicked on

09-01-2025T16:50:33 - [MESSAGE][PASSED] - Call Test Case 'Test Cases/Common Cases/Login' successfully

09-01-2025T16:50:33 - [TEST_STEP][PASSED] - click(findTestObject("Object Repository/Specific Cases Repository/LS/Client Profile/Allergies-Vitals-Labs/UDS/Page_Home/a_Census")): Object: 'Object Repository/Specific Cases Repository/LS/Client Profile/Allergies-Vitals-Labs/UDS/Page_Home/a_Census' is clicked on

09-01-2025T16:50:33 - [MESSAGE][PASSED] - Object: 'Object Repository/Specific Cases Repository/LS/Client Profile/Allergies-Vitals-Labs/UDS/Page_Home/a_Census' is clicked on

09-01-2025T16:50:33 - [TEST_STEP][PASSED] - click(findTestObject("Object Repository/Specific Cases Repository/LS/Client Profile/Allergies-Vitals-Labs/UDS/Page_Home/a_A Automation, A Client")): Object: 'Object Repository/Specific Cases Repository/LS/Client Profile/Allergies-Vitals-Labs/UDS/Page_Home/a_A Automation, A Client' is clicked on

09-01-2025T16:50:49 - [MESSAGE][PASSED] - Object: 'Object Repository/Specific Cases Repository/LS/Client Profile/Allergies-Vitals-Labs/UDS/Page_Home/a_A Automation, A Client' is clicked on

09-01-2025T16:50:49 - [TEST_STEP][PASSED] - click(findTestObject("Object Repository/Specific Cases Repository/LS/Client Profile/Allergies-Vitals-Labs/UDS/Page_Client Profile/a_Allergies  Vitals  Labs")): Object: 'Object Repository/Specific Cases Repository/LS/Client Profile/Allergies-Vitals-Labs/UDS/Page_Client Profile/a_Allergies  Vitals  Labs' is clicked on

09-01-2025T16:50:50 - [MESSAGE][PASSED] - Object: 'Object Repository/Specific Cases Repository/LS/Client Profile/Allergies-Vitals-Labs/UDS/Page_Client Profile/a_Allergies  Vitals  Labs' is clicked on

09-01-2025T16:50:50 - [TEST_STEP][PASSED] - click(findTestObject("Object Repository/Specific Cases Repository/LS/Client Profile/Allergies-Vitals-Labs/UDS/Page_Client Profile/h4_UDS")): Object: 'Object Repository/Specific Cases Repository/LS/Client Profile/Allergies-Vitals-Labs/UDS/Page_Client Profile/h4_UDS' is clicked on

09-01-2025T16:50:51 - [MESSAGE][PASSED] - Object: 'Object Repository/Specific Cases Repository/LS/Client Profile/Allergies-Vitals-Labs/UDS/Page_Client Profile/h4_UDS' is clicked on

09-01-2025T16:50:51 - [TEST_STEP][PASSED] - click(findTestObject("Object Repository/Specific Cases Repository/LS/Client Profile/Allergies-Vitals-Labs/UDS/Page_Client Profile/i_add")): Object: 'Object Repository/Specific Cases Repository/LS/Client Profile/Allergies-Vitals-Labs/UDS/Page_Client Profile/i_add' is clicked on

09-01-2025T16:50:55 - [MESSAGE][PASSED] - Object: 'Object Repository/Specific Cases Repository/LS/Client Profile/Allergies-Vitals-Labs/UDS/Page_Client Profile/i_add' is clicked on

09-01-2025T16:50:55 - [TEST_STEP][PASSED] - setText(findTestObject("Object Repository/Specific Cases Repository/LS/Client Profile/Allergies-Vitals-Labs/UDS/Page_Urine Drug Screen/input_Sample ID_idnumber"), "Automation sample"): Text 'Automation sample' is set on object 'Object Repository/Specific Cases Repository/LS/Client Profile/Allergies-Vitals-Labs/UDS/Page_Urine Drug Screen/input_Sample ID_idnumber'

09-01-2025T16:50:56 - [MESSAGE][PASSED] - Text 'Automation sample' is set on object 'Object Repository/Specific Cases Repository/LS/Client Profile/Allergies-Vitals-Labs/UDS/Page_Urine Drug Screen/input_Sample ID_idnumber'

09-01-2025T16:50:56 - [TEST_STEP][PASSED] - setText(findTestObject("Object Repository/Specific Cases Repository/LS/Client Profile/Allergies-Vitals-Labs/UDS/Page_Urine Drug Screen/textarea_Note_note"), "automation note"): Text 'automation note' is set on object 'Object Repository/Specific Cases Repository/LS/Client Profile/Allergies-Vitals-Labs/UDS/Page_Urine Drug Screen/textarea_Note_note'

09-01-2025T16:50:56 - [MESSAGE][PASSED] - Text 'automation note' is set on object 'Object Repository/Specific Cases Repository/LS/Client Profile/Allergies-Vitals-Labs/UDS/Page_Urine Drug Screen/textarea_Note_note'

09-01-2025T16:50:56 - [TEST_STEP][PASSED] - click(findTestObject("Object Repository/Specific Cases Repository/LS/Client Profile/Allergies-Vitals-Labs/UDS/Page_Urine Drug Screen/button_Save")): Object: 'Object Repository/Specific Cases Repository/LS/Client Profile/Allergies-Vitals-Labs/UDS/Page_Urine Drug Screen/button_Save' is clicked on

09-01-2025T16:51:10 - [MESSAGE][PASSED] - Object: 'Object Repository/Specific Cases Repository/LS/Client Profile/Allergies-Vitals-Labs/UDS/Page_Urine Drug Screen/button_Save' is clicked on

09-01-2025T16:51:10 - [TEST_STEP][PASSED] - verifyElementText(findTestObject("Object Repository/Specific Cases Repository/LS/Client Profile/Allergies-Vitals-Labs/UDS/Page_Client Profile/td_Undetermined"), "Undetermined"): Actual text and expected text of test object 'Object Repository/Specific Cases Repository/LS/Client Profile/Allergies-Vitals-Labs/UDS/Page_Client Profile/td_Undetermined' are matched.

09-01-2025T16:51:11 - [MESSAGE][PASSED] - Actual text and expected text of test object 'Object Repository/Specific Cases Repository/LS/Client Profile/Allergies-Vitals-Labs/UDS/Page_Client Profile/td_Undetermined' are matched.

09-01-2025T16:51:11 - [TEST_STEP][PASSED] - click(findTestObject("Object Repository/Specific Cases Repository/LS/Client Profile/Allergies-Vitals-Labs/UDS/Page_Client Profile/a_Undetermined_btn btn-primary btn-raised b_a6024d")): Object: 'Object Repository/Specific Cases Repository/LS/Client Profile/Allergies-Vitals-Labs/UDS/Page_Client Profile/a_Undetermined_btn btn-primary btn-raised b_a6024d' is clicked on

09-01-2025T16:51:15 - [MESSAGE][PASSED] - Object: 'Object Repository/Specific Cases Repository/LS/Client Profile/Allergies-Vitals-Labs/UDS/Page_Client Profile/a_Undetermined_btn btn-primary btn-raised b_a6024d' is clicked on

09-01-2025T16:51:15 - [TEST_STEP][PASSED] - setText(findTestObject("Object Repository/Specific Cases Repository/LS/Client Profile/Allergies-Vitals-Labs/UDS/Page_Urine Drug Screen/textarea_Result Information_udsreading"), "Automation result information"): Text 'Automation result information' is set on object 'Object Repository/Specific Cases Repository/LS/Client Profile/Allergies-Vitals-Labs/UDS/Page_Urine Drug Screen/textarea_Result Information_udsreading'

09-01-2025T16:51:16 - [MESSAGE][PASSED] - Text 'Automation result information' is set on object 'Object Repository/Specific Cases Repository/LS/Client Profile/Allergies-Vitals-Labs/UDS/Page_Urine Drug Screen/textarea_Result Information_udsreading'

09-01-2025T16:51:16 - [TEST_STEP][PASSED] - click(findTestObject("Object Repository/Specific Cases Repository/LS/Client Profile/Allergies-Vitals-Labs/UDS/Page_Urine Drug Screen/input_Positive_result_code65")): Object: 'Object Repository/Specific Cases Repository/LS/Client Profile/Allergies-Vitals-Labs/UDS/Page_Urine Drug Screen/input_Positive_result_code65' is clicked on

09-01-2025T16:51:16 - [MESSAGE][PASSED] - Object: 'Object Repository/Specific Cases Repository/LS/Client Profile/Allergies-Vitals-Labs/UDS/Page_Urine Drug Screen/input_Positive_result_code65' is clicked on

09-01-2025T16:51:16 - [TEST_STEP][PASSED] - click(findTestObject("Object Repository/Specific Cases Repository/LS/Client Profile/Allergies-Vitals-Labs/UDS/Page_Urine Drug Screen/input_Positive_result_code67")): Object: 'Object Repository/Specific Cases Repository/LS/Client Profile/Allergies-Vitals-Labs/UDS/Page_Urine Drug Screen/input_Positive_result_code67' is clicked on

09-01-2025T16:51:17 - [MESSAGE][PASSED] - Object: 'Object Repository/Specific Cases Repository/LS/Client Profile/Allergies-Vitals-Labs/UDS/Page_Urine Drug Screen/input_Positive_result_code67' is clicked on

09-01-2025T16:51:17 - [TEST_STEP][PASSED] - click(findTestObject("Object Repository/Specific Cases Repository/LS/Client Profile/Allergies-Vitals-Labs/UDS/Page_Urine Drug Screen/input_Not Tested_result_code68")): Object: 'Object Repository/Specific Cases Repository/LS/Client Profile/Allergies-Vitals-Labs/UDS/Page_Urine Drug Screen/input_Not Tested_result_code68' is clicked on

09-01-2025T16:51:18 - [MESSAGE][PASSED] - Object: 'Object Repository/Specific Cases Repository/LS/Client Profile/Allergies-Vitals-Labs/UDS/Page_Urine Drug Screen/input_Not Tested_result_code68' is clicked on

09-01-2025T16:51:18 - [TEST_STEP][PASSED] - click(findTestObject("Object Repository/Specific Cases Repository/LS/Client Profile/Allergies-Vitals-Labs/UDS/Page_Urine Drug Screen/span_Sign and Lock_check")): Object: 'Object Repository/Specific Cases Repository/LS/Client Profile/Allergies-Vitals-Labs/UDS/Page_Urine Drug Screen/span_Sign and Lock_check' is clicked on

09-01-2025T16:51:19 - [MESSAGE][PASSED] - Object: 'Object Repository/Specific Cases Repository/LS/Client Profile/Allergies-Vitals-Labs/UDS/Page_Urine Drug Screen/span_Sign and Lock_check' is clicked on

09-01-2025T16:51:19 - [TEST_STEP][PASSED] - click(findTestObject("Object Repository/Specific Cases Repository/LS/Client Profile/Allergies-Vitals-Labs/UDS/Page_Urine Drug Screen/button_Save_1")): Object: 'Object Repository/Specific Cases Repository/LS/Client Profile/Allergies-Vitals-Labs/UDS/Page_Urine Drug Screen/button_Save_1' is clicked on

09-01-2025T16:51:32 - [MESSAGE][PASSED] - Object: 'Object Repository/Specific Cases Repository/LS/Client Profile/Allergies-Vitals-Labs/UDS/Page_Urine Drug Screen/button_Save_1' is clicked on

09-01-2025T16:51:32 - [TEST_STEP][PASSED] - click(findTestObject("Object Repository/Specific Cases Repository/LS/Client Profile/Allergies-Vitals-Labs/UDS/Page_Client Profile/a_Undetermined_btn btn-primary btn-raised b_a6024d")): Object: 'Object Repository/Specific Cases Repository/LS/Client Profile/Allergies-Vitals-Labs/UDS/Page_Client Profile/a_Undetermined_btn btn-primary btn-raised b_a6024d' is clicked on

09-01-2025T16:51:36 - [MESSAGE][PASSED] - Object: 'Object Repository/Specific Cases Repository/LS/Client Profile/Allergies-Vitals-Labs/UDS/Page_Client Profile/a_Undetermined_btn btn-primary btn-raised b_a6024d' is clicked on

09-01-2025T16:51:36 - [TEST_STEP][PASSED] - closeBrowser(): Browser is closed

09-01-2025T16:51:37 - [MESSAGE][PASSED] - Browser is closed]]></system-out>
         <system-err><![CDATA[]]></system-err>
      </testcase>
      <testcase name="Test Cases/Specific Cases/LS/Client Profile/Allergies-Vitals-Labs/Vital Signs" time="51.817" classname="Test Cases/Specific Cases/LS/Client Profile/Allergies-Vitals-Labs/Vital Signs" status="PASSED">
         <system-out><![CDATA[09-01-2025T16:51:37 - [TEST_CASE][PASSED] - Test Cases/Specific Cases/LS/Client Profile/Allergies-Vitals-Labs/Vital Signs: Test Cases/Specific Cases/LS/Client Profile/Allergies-Vitals-Labs/Vital Signs

09-01-2025T16:51:37 - [TEST_STEP][PASSED] - callTestCase(findTestCase("Common Cases/Login"), [:], STOP_ON_FAILURE): Call Test Case 'Test Cases/Common Cases/Login' successfully

09-01-2025T16:51:37 - [TEST_CASE][PASSED] - Test Cases/Common Cases/Login: Test Cases/Common Cases/Login

09-01-2025T16:51:37 - [TEST_STEP][PASSED] - openBrowser(""): Browser is opened with url: ''

09-01-2025T16:51:37 - [MESSAGE][INFO] - Starting 'Chrome' driver

09-01-2025T16:51:37 - [MESSAGE][INFO] - Action delay is set to 0 milliseconds

09-01-2025T16:51:38 - [MESSAGE][PASSED] - Browser is opened with url: ''

09-01-2025T16:51:38 - [TEST_STEP][PASSED] - maximizeWindow(): Current window maximized

09-01-2025T16:51:38 - [MESSAGE][PASSED] - Current window maximized

09-01-2025T16:51:38 - [TEST_STEP][PASSED] - navigateToUrl("https://site17.lsapp.cloud/auth/login"): Navigate to 'https://site17.lsapp.cloud/auth/login' successfully

09-01-2025T16:51:41 - [MESSAGE][PASSED] - Navigate to 'https://site17.lsapp.cloud/auth/login' successfully

09-01-2025T16:51:41 - [TEST_STEP][PASSED] - setText(findTestObject("Object Repository/Common Cases Repository/Login/Page_Lightning Step/input_Email_email"), "automation@lightningstep.com"): Text 'automation@lightningstep.com' is set on object 'Object Repository/Common Cases Repository/Login/Page_Lightning Step/input_Email_email'

09-01-2025T16:51:42 - [MESSAGE][PASSED] - Text 'automation@lightningstep.com' is set on object 'Object Repository/Common Cases Repository/Login/Page_Lightning Step/input_Email_email'

09-01-2025T16:51:42 - [TEST_STEP][PASSED] - setEncryptedText(findTestObject("Object Repository/Common Cases Repository/Login/Page_Lightning Step/input_Password_password"), "e5N8VHmnhJDITtQaQhDQDw=="): Text ****** has been set on object 'Object Repository/Common Cases Repository/Login/Page_Lightning Step/input_Password_password'

09-01-2025T16:51:42 - [MESSAGE][PASSED] - Text ****** has been set on object 'Object Repository/Common Cases Repository/Login/Page_Lightning Step/input_Password_password'

09-01-2025T16:51:42 - [TEST_STEP][PASSED] - click(findTestObject("Object Repository/Common Cases Repository/Login/Page_Lightning Step/button_Sign in")): Object: 'Object Repository/Common Cases Repository/Login/Page_Lightning Step/button_Sign in' is clicked on

09-01-2025T16:51:47 - [MESSAGE][PASSED] - Object: 'Object Repository/Common Cases Repository/Login/Page_Lightning Step/button_Sign in' is clicked on

09-01-2025T16:51:47 - [MESSAGE][PASSED] - Call Test Case 'Test Cases/Common Cases/Login' successfully

09-01-2025T16:51:47 - [TEST_STEP][PASSED] - navigateToUrl("https://site17.lsapp.cloud/client/index/1556?section=medicalassess"): Navigate to 'https://site17.lsapp.cloud/client/index/1556?section=medicalassess' successfully

09-01-2025T16:52:01 - [MESSAGE][PASSED] - Navigate to 'https://site17.lsapp.cloud/client/index/1556?section=medicalassess' successfully

09-01-2025T16:52:01 - [TEST_STEP][PASSED] - click(findTestObject("Object Repository/Specific Cases Repository/LS/Client Profile/Allergies-Vitals-Labs/Vital Signs/Page_Client Profile/h4_Vital Signs")): Object: 'Object Repository/Specific Cases Repository/LS/Client Profile/Allergies-Vitals-Labs/Vital Signs/Page_Client Profile/h4_Vital Signs' is clicked on

09-01-2025T16:52:02 - [MESSAGE][PASSED] - Object: 'Object Repository/Specific Cases Repository/LS/Client Profile/Allergies-Vitals-Labs/Vital Signs/Page_Client Profile/h4_Vital Signs' is clicked on

09-01-2025T16:52:02 - [TEST_STEP][PASSED] - click(findTestObject("Object Repository/Specific Cases Repository/LS/Client Profile/Allergies-Vitals-Labs/Vital Signs/Page_Client Profile/i_add")): Object: 'Object Repository/Specific Cases Repository/LS/Client Profile/Allergies-Vitals-Labs/Vital Signs/Page_Client Profile/i_add' is clicked on

09-01-2025T16:52:07 - [MESSAGE][PASSED] - Object: 'Object Repository/Specific Cases Repository/LS/Client Profile/Allergies-Vitals-Labs/Vital Signs/Page_Client Profile/i_add' is clicked on

09-01-2025T16:52:07 - [TEST_STEP][PASSED] - setText(findTestObject("Object Repository/Specific Cases Repository/LS/Client Profile/Allergies-Vitals-Labs/Vital Signs/Page_Vital Signs/input_Temperature_temp"), "10"): Text '10' is set on object 'Object Repository/Specific Cases Repository/LS/Client Profile/Allergies-Vitals-Labs/Vital Signs/Page_Vital Signs/input_Temperature_temp'

09-01-2025T16:52:08 - [MESSAGE][PASSED] - Text '10' is set on object 'Object Repository/Specific Cases Repository/LS/Client Profile/Allergies-Vitals-Labs/Vital Signs/Page_Vital Signs/input_Temperature_temp'

09-01-2025T16:52:08 - [TEST_STEP][PASSED] - setText(findTestObject("Object Repository/Specific Cases Repository/LS/Client Profile/Allergies-Vitals-Labs/Vital Signs/Page_Vital Signs/input_Pulse_pulse"), "11"): Text '11' is set on object 'Object Repository/Specific Cases Repository/LS/Client Profile/Allergies-Vitals-Labs/Vital Signs/Page_Vital Signs/input_Pulse_pulse'

09-01-2025T16:52:09 - [MESSAGE][PASSED] - Text '11' is set on object 'Object Repository/Specific Cases Repository/LS/Client Profile/Allergies-Vitals-Labs/Vital Signs/Page_Vital Signs/input_Pulse_pulse'

09-01-2025T16:52:09 - [TEST_STEP][PASSED] - setText(findTestObject("Object Repository/Specific Cases Repository/LS/Client Profile/Allergies-Vitals-Labs/Vital Signs/Page_Vital Signs/input_Blood Pressure_bp"), "12 13"): Text '12 13' is set on object 'Object Repository/Specific Cases Repository/LS/Client Profile/Allergies-Vitals-Labs/Vital Signs/Page_Vital Signs/input_Blood Pressure_bp'

09-01-2025T16:52:09 - [MESSAGE][PASSED] - Text '12 13' is set on object 'Object Repository/Specific Cases Repository/LS/Client Profile/Allergies-Vitals-Labs/Vital Signs/Page_Vital Signs/input_Blood Pressure_bp'

09-01-2025T16:52:09 - [TEST_STEP][PASSED] - setText(findTestObject("Object Repository/Specific Cases Repository/LS/Client Profile/Allergies-Vitals-Labs/Vital Signs/Page_Vital Signs/input_Respiration_resp"), "14"): Text '14' is set on object 'Object Repository/Specific Cases Repository/LS/Client Profile/Allergies-Vitals-Labs/Vital Signs/Page_Vital Signs/input_Respiration_resp'

09-01-2025T16:52:10 - [MESSAGE][PASSED] - Text '14' is set on object 'Object Repository/Specific Cases Repository/LS/Client Profile/Allergies-Vitals-Labs/Vital Signs/Page_Vital Signs/input_Respiration_resp'

09-01-2025T16:52:10 - [TEST_STEP][PASSED] - setText(findTestObject("Object Repository/Specific Cases Repository/LS/Client Profile/Allergies-Vitals-Labs/Vital Signs/Page_Vital Signs/input_O 2 Saturation_o2"), "15"): Text '15' is set on object 'Object Repository/Specific Cases Repository/LS/Client Profile/Allergies-Vitals-Labs/Vital Signs/Page_Vital Signs/input_O 2 Saturation_o2'

09-01-2025T16:52:10 - [MESSAGE][PASSED] - Text '15' is set on object 'Object Repository/Specific Cases Repository/LS/Client Profile/Allergies-Vitals-Labs/Vital Signs/Page_Vital Signs/input_O 2 Saturation_o2'

09-01-2025T16:52:10 - [TEST_STEP][PASSED] - setText(findTestObject("Object Repository/Specific Cases Repository/LS/Client Profile/Allergies-Vitals-Labs/Vital Signs/Page_Vital Signs/input_Inhaled Oxygen Concentration_inhaled__06efa9"), "16"): Text '16' is set on object 'Object Repository/Specific Cases Repository/LS/Client Profile/Allergies-Vitals-Labs/Vital Signs/Page_Vital Signs/input_Inhaled Oxygen Concentration_inhaled__06efa9'

09-01-2025T16:52:11 - [MESSAGE][PASSED] - Text '16' is set on object 'Object Repository/Specific Cases Repository/LS/Client Profile/Allergies-Vitals-Labs/Vital Signs/Page_Vital Signs/input_Inhaled Oxygen Concentration_inhaled__06efa9'

09-01-2025T16:52:11 - [TEST_STEP][PASSED] - setText(findTestObject("Object Repository/Specific Cases Repository/LS/Client Profile/Allergies-Vitals-Labs/Vital Signs/Page_Vital Signs/input_Additional Information_additional"), "Automation Additional Information"): Text 'Automation Additional Information' is set on object 'Object Repository/Specific Cases Repository/LS/Client Profile/Allergies-Vitals-Labs/Vital Signs/Page_Vital Signs/input_Additional Information_additional'

09-01-2025T16:52:12 - [MESSAGE][PASSED] - Text 'Automation Additional Information' is set on object 'Object Repository/Specific Cases Repository/LS/Client Profile/Allergies-Vitals-Labs/Vital Signs/Page_Vital Signs/input_Additional Information_additional'

09-01-2025T16:52:12 - [TEST_STEP][PASSED] - click(findTestObject("Object Repository/Specific Cases Repository/LS/Client Profile/Allergies-Vitals-Labs/Vital Signs/Page_Vital Signs/button_Save")): Object: 'Object Repository/Specific Cases Repository/LS/Client Profile/Allergies-Vitals-Labs/Vital Signs/Page_Vital Signs/button_Save' is clicked on

09-01-2025T16:52:25 - [MESSAGE][PASSED] - Object: 'Object Repository/Specific Cases Repository/LS/Client Profile/Allergies-Vitals-Labs/Vital Signs/Page_Vital Signs/button_Save' is clicked on

09-01-2025T16:52:25 - [TEST_STEP][PASSED] - verifyElementText(findTestObject("Object Repository/Specific Cases Repository/LS/Client Profile/Allergies-Vitals-Labs/Vital Signs/Page_Client Profile/td_Automation Test"), "Automation Test"): Actual text and expected text of test object 'Object Repository/Specific Cases Repository/LS/Client Profile/Allergies-Vitals-Labs/Vital Signs/Page_Client Profile/td_Automation Test' are matched.

09-01-2025T16:52:27 - [MESSAGE][PASSED] - Actual text and expected text of test object 'Object Repository/Specific Cases Repository/LS/Client Profile/Allergies-Vitals-Labs/Vital Signs/Page_Client Profile/td_Automation Test' are matched.

09-01-2025T16:52:27 - [TEST_STEP][PASSED] - verifyElementText(findTestObject("Object Repository/Specific Cases Repository/LS/Client Profile/Allergies-Vitals-Labs/Vital Signs/Page_Client Profile/td_10"), "10"): Actual text and expected text of test object 'Object Repository/Specific Cases Repository/LS/Client Profile/Allergies-Vitals-Labs/Vital Signs/Page_Client Profile/td_10' are matched.

09-01-2025T16:52:27 - [MESSAGE][PASSED] - Actual text and expected text of test object 'Object Repository/Specific Cases Repository/LS/Client Profile/Allergies-Vitals-Labs/Vital Signs/Page_Client Profile/td_10' are matched.

09-01-2025T16:52:27 - [TEST_STEP][PASSED] - verifyElementText(findTestObject("Object Repository/Specific Cases Repository/LS/Client Profile/Allergies-Vitals-Labs/Vital Signs/Page_Client Profile/td_11"), "11"): Actual text and expected text of test object 'Object Repository/Specific Cases Repository/LS/Client Profile/Allergies-Vitals-Labs/Vital Signs/Page_Client Profile/td_11' are matched.

09-01-2025T16:52:27 - [MESSAGE][PASSED] - Actual text and expected text of test object 'Object Repository/Specific Cases Repository/LS/Client Profile/Allergies-Vitals-Labs/Vital Signs/Page_Client Profile/td_11' are matched.

09-01-2025T16:52:27 - [TEST_STEP][PASSED] - verifyElementText(findTestObject("Object Repository/Specific Cases Repository/LS/Client Profile/Allergies-Vitals-Labs/Vital Signs/Page_Client Profile/td_14"), "14"): Actual text and expected text of test object 'Object Repository/Specific Cases Repository/LS/Client Profile/Allergies-Vitals-Labs/Vital Signs/Page_Client Profile/td_14' are matched.

09-01-2025T16:52:28 - [MESSAGE][PASSED] - Actual text and expected text of test object 'Object Repository/Specific Cases Repository/LS/Client Profile/Allergies-Vitals-Labs/Vital Signs/Page_Client Profile/td_14' are matched.

09-01-2025T16:52:28 - [TEST_STEP][PASSED] - verifyElementText(findTestObject("Object Repository/Specific Cases Repository/LS/Client Profile/Allergies-Vitals-Labs/Vital Signs/Page_Client Profile/td_15"), "15"): Actual text and expected text of test object 'Object Repository/Specific Cases Repository/LS/Client Profile/Allergies-Vitals-Labs/Vital Signs/Page_Client Profile/td_15' are matched.

09-01-2025T16:52:28 - [MESSAGE][PASSED] - Actual text and expected text of test object 'Object Repository/Specific Cases Repository/LS/Client Profile/Allergies-Vitals-Labs/Vital Signs/Page_Client Profile/td_15' are matched.

09-01-2025T16:52:28 - [TEST_STEP][PASSED] - verifyElementText(findTestObject("Object Repository/Specific Cases Repository/LS/Client Profile/Allergies-Vitals-Labs/Vital Signs/Page_Client Profile/td_Automation Additional Information"), "Automation Additional Information"): Actual text and expected text of test object 'Object Repository/Specific Cases Repository/LS/Client Profile/Allergies-Vitals-Labs/Vital Signs/Page_Client Profile/td_Automation Additional Information' are matched.

09-01-2025T16:52:28 - [MESSAGE][PASSED] - Actual text and expected text of test object 'Object Repository/Specific Cases Repository/LS/Client Profile/Allergies-Vitals-Labs/Vital Signs/Page_Client Profile/td_Automation Additional Information' are matched.

09-01-2025T16:52:28 - [TEST_STEP][PASSED] - closeBrowser(): Browser is closed

09-01-2025T16:52:28 - [MESSAGE][PASSED] - Browser is closed]]></system-out>
         <system-err><![CDATA[]]></system-err>
      </testcase>
      <testcase name="Test Cases/Specific Cases/LS/Client Profile/Allergies-Vitals-Labs/Weight and Height" time="67.87" classname="Test Cases/Specific Cases/LS/Client Profile/Allergies-Vitals-Labs/Weight and Height" status="FAILED">
         <failure type="FAILED" message="Test Cases/Specific Cases/LS/Client Profile/Allergies-Vitals-Labs/Weight and Height FAILED.&#xa;Reason:&#xa;com.kms.katalon.core.exception.StepFailedException: Unable to set text '13' of object 'Object Repository/Specific Cases Repository/LS/Client Profile/Allergies-Vitals-Labs/Weight and Height/Page_Weight and Height/input_Weight for Length Percentile_weight_f_b1f33b'&#xa;	at com.kms.katalon.core.webui.keyword.internal.WebUIKeywordMain.stepFailed(WebUIKeywordMain.groovy:117)&#xa;	at com.kms.katalon.core.webui.keyword.internal.WebUIKeywordMain.runKeyword(WebUIKeywordMain.groovy:43)&#xa;	at com.kms.katalon.core.webui.keyword.builtin.SetTextKeyword.setText(SetTextKeyword.groovy:85)&#xa;	at com.kms.katalon.core.webui.keyword.builtin.SetTextKeyword.execute(SetTextKeyword.groovy:39)&#xa;	at com.kms.katalon.core.keyword.internal.KeywordExecutor.executeKeywordForPlatform(KeywordExecutor.groovy:74)&#xa;	at com.kms.katalon.core.webui.keyword.WebUiBuiltInKeywords.setText(WebUiBuiltInKeywords.groovy:1019)&#xa;	at Weight and Height.run(Weight and Height:37)&#xa;	at com.kms.katalon.core.main.ScriptEngine.run(ScriptEngine.java:194)&#xa;	at com.kms.katalon.core.main.ScriptEngine.runScriptAsRawText(ScriptEngine.java:119)&#xa;	at com.kms.katalon.core.main.TestCaseExecutor.runScript(TestCaseExecutor.java:448)&#xa;	at com.kms.katalon.core.main.TestCaseExecutor.doExecute(TestCaseExecutor.java:439)&#xa;	at com.kms.katalon.core.main.TestCaseExecutor.processExecutionPhase(TestCaseExecutor.java:418)&#xa;	at com.kms.katalon.core.main.TestCaseExecutor.accessMainPhase(TestCaseExecutor.java:410)&#xa;	at com.kms.katalon.core.main.TestCaseExecutor.execute(TestCaseExecutor.java:285)&#xa;	at com.kms.katalon.core.main.TestCaseExecutor.execute(TestCaseExecutor.java:369)&#xa;	at com.kms.katalon.core.main.TestCaseExecutor.execute(TestCaseExecutor.java:369)&#xa;	at com.kms.katalon.core.main.TestCaseExecutor.execute(TestCaseExecutor.java:369)&#xa;	at com.kms.katalon.core.common.CommonExecutor.accessTestCaseMainPhase(CommonExecutor.java:65)&#xa;	at com.kms.katalon.core.main.TestSuiteExecutor.accessTestSuiteMainPhase(TestSuiteExecutor.java:150)&#xa;	at com.kms.katalon.core.main.TestSuiteExecutor.execute(TestSuiteExecutor.java:106)&#xa;	at com.kms.katalon.core.main.TestCaseMain.startTestSuite(TestCaseMain.java:180)&#xa;	at TempTestSuite1736457683839.run(TempTestSuite1736457683839.groovy:35)&#xa;	at java.base/jdk.internal.reflect.NativeMethodAccessorImpl.invoke0(Native Method)&#xa;	at java.base/jdk.internal.reflect.NativeMethodAccessorImpl.invoke(NativeMethodAccessorImpl.java:77)&#xa;	at java.base/jdk.internal.reflect.DelegatingMethodAccessorImpl.invoke(DelegatingMethodAccessorImpl.java:43)&#xa;Caused by: com.kms.katalon.core.webui.exception.WebElementNotFoundException: Web element with id: 'Object Repository/Specific Cases Repository/LS/Client Profile/Allergies-Vitals-Labs/Weight and Height/Page_Weight and Height/input_Weight for Length Percentile_weight_f_b1f33b' located by '//input[@id='weight_for_length_percentile']' not found&#xa;	at com.kms.katalon.core.webui.common.WebUiCommonHelper.findWebElement(WebUiCommonHelper.java:1423)&#xa;	at com.kms.katalon.core.webui.keyword.internal.WebUIAbstractKeyword.findWebElement(WebUIAbstractKeyword.groovy:27)&#xa;	at com.kms.katalon.core.webui.keyword.internal.WebUIAbstractKeyword.findWebElement(WebUIAbstractKeyword.groovy:26)&#xa;	at com.kms.katalon.core.webui.keyword.builtin.SetTextKeyword$_setText_closure1.doCall(SetTextKeyword.groovy:53)&#xa;	at com.kms.katalon.core.webui.keyword.builtin.SetTextKeyword$_setText_closure1.call(SetTextKeyword.groovy)&#xa;	at com.kms.katalon.core.webui.keyword.internal.WebUIKeywordMain.runKeyword(WebUIKeywordMain.groovy:35)&#xa;	... 23 more&#xa;"/>
         <system-out><![CDATA[09-01-2025T16:56:00 - [TEST_CASE][FAILED] - Test Cases/Specific Cases/LS/Client Profile/Allergies-Vitals-Labs/Weight and Height: Test Cases/Specific Cases/LS/Client Profile/Allergies-Vitals-Labs/Weight and Height FAILED.
Reason:
com.kms.katalon.core.exception.StepFailedException: Unable to set text '13' of object 'Object Repository/Specific Cases Repository/LS/Client Profile/Allergies-Vitals-Labs/Weight and Height/Page_Weight and Height/input_Weight for Length Percentile_weight_f_b1f33b'
	at com.kms.katalon.core.webui.keyword.internal.WebUIKeywordMain.stepFailed(WebUIKeywordMain.groovy:117)
	at com.kms.katalon.core.webui.keyword.internal.WebUIKeywordMain.runKeyword(WebUIKeywordMain.groovy:43)
	at com.kms.katalon.core.webui.keyword.builtin.SetTextKeyword.setText(SetTextKeyword.groovy:85)
	at com.kms.katalon.core.webui.keyword.builtin.SetTextKeyword.execute(SetTextKeyword.groovy:39)
	at com.kms.katalon.core.keyword.internal.KeywordExecutor.executeKeywordForPlatform(KeywordExecutor.groovy:74)
	at com.kms.katalon.core.webui.keyword.WebUiBuiltInKeywords.setText(WebUiBuiltInKeywords.groovy:1019)
	at Weight and Height.run(Weight and Height:37)
	at com.kms.katalon.core.main.ScriptEngine.run(ScriptEngine.java:194)
	at com.kms.katalon.core.main.ScriptEngine.runScriptAsRawText(ScriptEngine.java:119)
	at com.kms.katalon.core.main.TestCaseExecutor.runScript(TestCaseExecutor.java:448)
	at com.kms.katalon.core.main.TestCaseExecutor.doExecute(TestCaseExecutor.java:439)
	at com.kms.katalon.core.main.TestCaseExecutor.processExecutionPhase(TestCaseExecutor.java:418)
	at com.kms.katalon.core.main.TestCaseExecutor.accessMainPhase(TestCaseExecutor.java:410)
	at com.kms.katalon.core.main.TestCaseExecutor.execute(TestCaseExecutor.java:285)
	at com.kms.katalon.core.main.TestCaseExecutor.execute(TestCaseExecutor.java:369)
	at com.kms.katalon.core.main.TestCaseExecutor.execute(TestCaseExecutor.java:369)
	at com.kms.katalon.core.main.TestCaseExecutor.execute(TestCaseExecutor.java:369)
	at com.kms.katalon.core.common.CommonExecutor.accessTestCaseMainPhase(CommonExecutor.java:65)
	at com.kms.katalon.core.main.TestSuiteExecutor.accessTestSuiteMainPhase(TestSuiteExecutor.java:150)
	at com.kms.katalon.core.main.TestSuiteExecutor.execute(TestSuiteExecutor.java:106)
	at com.kms.katalon.core.main.TestCaseMain.startTestSuite(TestCaseMain.java:180)
	at TempTestSuite1736457683839.run(TempTestSuite1736457683839.groovy:35)
	at java.base/jdk.internal.reflect.NativeMethodAccessorImpl.invoke0(Native Method)
	at java.base/jdk.internal.reflect.NativeMethodAccessorImpl.invoke(NativeMethodAccessorImpl.java:77)
	at java.base/jdk.internal.reflect.DelegatingMethodAccessorImpl.invoke(DelegatingMethodAccessorImpl.java:43)
Caused by: com.kms.katalon.core.webui.exception.WebElementNotFoundException: Web element with id: 'Object Repository/Specific Cases Repository/LS/Client Profile/Allergies-Vitals-Labs/Weight and Height/Page_Weight and Height/input_Weight for Length Percentile_weight_f_b1f33b' located by '//input[@id='weight_for_length_percentile']' not found
	at com.kms.katalon.core.webui.common.WebUiCommonHelper.findWebElement(WebUiCommonHelper.java:1423)
	at com.kms.katalon.core.webui.keyword.internal.WebUIAbstractKeyword.findWebElement(WebUIAbstractKeyword.groovy:27)
	at com.kms.katalon.core.webui.keyword.internal.WebUIAbstractKeyword.findWebElement(WebUIAbstractKeyword.groovy:26)
	at com.kms.katalon.core.webui.keyword.builtin.SetTextKeyword$_setText_closure1.doCall(SetTextKeyword.groovy:53)
	at com.kms.katalon.core.webui.keyword.builtin.SetTextKeyword$_setText_closure1.call(SetTextKeyword.groovy)
	at com.kms.katalon.core.webui.keyword.internal.WebUIKeywordMain.runKeyword(WebUIKeywordMain.groovy:35)
	... 23 more


09-01-2025T16:56:00 - [TEST_STEP][PASSED] - callTestCase(findTestCase("Common Cases/Login"), [:], STOP_ON_FAILURE): Call Test Case 'Test Cases/Common Cases/Login' successfully

09-01-2025T16:56:00 - [TEST_CASE][PASSED] - Test Cases/Common Cases/Login: Test Cases/Common Cases/Login

09-01-2025T16:56:00 - [TEST_STEP][PASSED] - openBrowser(""): Browser is opened with url: ''

09-01-2025T16:56:00 - [MESSAGE][WARNING] - A browser is already opened. Closing browser and opening a new one

09-01-2025T16:56:00 - [MESSAGE][INFO] - Starting 'Chrome' driver

09-01-2025T16:56:00 - [MESSAGE][INFO] - Action delay is set to 0 milliseconds

09-01-2025T16:56:01 - [MESSAGE][PASSED] - Browser is opened with url: ''

09-01-2025T16:56:01 - [TEST_STEP][PASSED] - maximizeWindow(): Current window maximized

09-01-2025T16:56:01 - [MESSAGE][PASSED] - Current window maximized

09-01-2025T16:56:01 - [TEST_STEP][PASSED] - navigateToUrl("https://site17.lsapp.cloud/auth/login"): Navigate to 'https://site17.lsapp.cloud/auth/login' successfully

09-01-2025T16:56:04 - [MESSAGE][PASSED] - Navigate to 'https://site17.lsapp.cloud/auth/login' successfully

09-01-2025T16:56:04 - [TEST_STEP][PASSED] - setText(findTestObject("Object Repository/Common Cases Repository/Login/Page_Lightning Step/input_Email_email"), "automation@lightningstep.com"): Text 'automation@lightningstep.com' is set on object 'Object Repository/Common Cases Repository/Login/Page_Lightning Step/input_Email_email'

09-01-2025T16:56:04 - [MESSAGE][PASSED] - Text 'automation@lightningstep.com' is set on object 'Object Repository/Common Cases Repository/Login/Page_Lightning Step/input_Email_email'

09-01-2025T16:56:04 - [TEST_STEP][PASSED] - setEncryptedText(findTestObject("Object Repository/Common Cases Repository/Login/Page_Lightning Step/input_Password_password"), "e5N8VHmnhJDITtQaQhDQDw=="): Text ****** has been set on object 'Object Repository/Common Cases Repository/Login/Page_Lightning Step/input_Password_password'

09-01-2025T16:56:05 - [MESSAGE][PASSED] - Text ****** has been set on object 'Object Repository/Common Cases Repository/Login/Page_Lightning Step/input_Password_password'

09-01-2025T16:56:05 - [TEST_STEP][PASSED] - click(findTestObject("Object Repository/Common Cases Repository/Login/Page_Lightning Step/button_Sign in")): Object: 'Object Repository/Common Cases Repository/Login/Page_Lightning Step/button_Sign in' is clicked on

09-01-2025T16:56:09 - [MESSAGE][PASSED] - Object: 'Object Repository/Common Cases Repository/Login/Page_Lightning Step/button_Sign in' is clicked on

09-01-2025T16:56:09 - [MESSAGE][PASSED] - Call Test Case 'Test Cases/Common Cases/Login' successfully

09-01-2025T16:56:09 - [TEST_STEP][PASSED] - navigateToUrl("https://site17.lsapp.cloud/client/index/1556?section=medicalassess"): Navigate to 'https://site17.lsapp.cloud/client/index/1556?section=medicalassess' successfully

09-01-2025T16:56:23 - [MESSAGE][PASSED] - Navigate to 'https://site17.lsapp.cloud/client/index/1556?section=medicalassess' successfully

09-01-2025T16:56:23 - [TEST_STEP][PASSED] - click(findTestObject("Object Repository/Specific Cases Repository/LS/Client Profile/Allergies-Vitals-Labs/Weight and Height/Page_Client Profile/h4_Weight and Height")): Object: 'Object Repository/Specific Cases Repository/LS/Client Profile/Allergies-Vitals-Labs/Weight and Height/Page_Client Profile/h4_Weight and Height' is clicked on

09-01-2025T16:56:24 - [MESSAGE][PASSED] - Object: 'Object Repository/Specific Cases Repository/LS/Client Profile/Allergies-Vitals-Labs/Weight and Height/Page_Client Profile/h4_Weight and Height' is clicked on

09-01-2025T16:56:24 - [TEST_STEP][PASSED] - click(findTestObject("Object Repository/Specific Cases Repository/LS/Client Profile/Allergies-Vitals-Labs/Weight and Height/Page_Client Profile/i_add")): Object: 'Object Repository/Specific Cases Repository/LS/Client Profile/Allergies-Vitals-Labs/Weight and Height/Page_Client Profile/i_add' is clicked on

09-01-2025T16:56:28 - [MESSAGE][PASSED] - Object: 'Object Repository/Specific Cases Repository/LS/Client Profile/Allergies-Vitals-Labs/Weight and Height/Page_Client Profile/i_add' is clicked on

09-01-2025T16:56:28 - [TEST_STEP][PASSED] - setText(findTestObject("Object Repository/Specific Cases Repository/LS/Client Profile/Allergies-Vitals-Labs/Weight and Height/Page_Weight and Height/input_Weight_reading"), "11"): Text '11' is set on object 'Object Repository/Specific Cases Repository/LS/Client Profile/Allergies-Vitals-Labs/Weight and Height/Page_Weight and Height/input_Weight_reading'

09-01-2025T16:56:29 - [MESSAGE][PASSED] - Text '11' is set on object 'Object Repository/Specific Cases Repository/LS/Client Profile/Allergies-Vitals-Labs/Weight and Height/Page_Weight and Height/input_Weight_reading'

09-01-2025T16:56:29 - [TEST_STEP][PASSED] - selectOptionByValue(findTestObject("Object Repository/Specific Cases Repository/LS/Client Profile/Allergies-Vitals-Labs/Weight and Height/Page_Weight and Height/select_909192939495969798991001011021031041_746e22"), "186", true): All options with value '186' are selected in object 'Object Repository/Specific Cases Repository/LS/Client Profile/Allergies-Vitals-Labs/Weight and Height/Page_Weight and Height/select_909192939495969798991001011021031041_746e22'  using regular expression

09-01-2025T16:56:32 - [MESSAGE][PASSED] - All options with value '186' are selected in object 'Object Repository/Specific Cases Repository/LS/Client Profile/Allergies-Vitals-Labs/Weight and Height/Page_Weight and Height/select_909192939495969798991001011021031041_746e22'  using regular expression

09-01-2025T16:56:32 - [TEST_STEP][PASSED] - setText(findTestObject("Object Repository/Specific Cases Repository/LS/Client Profile/Allergies-Vitals-Labs/Weight and Height/Page_Weight and Height/input_Estimated Weight_goal_weight"), "12"): Text '12' is set on object 'Object Repository/Specific Cases Repository/LS/Client Profile/Allergies-Vitals-Labs/Weight and Height/Page_Weight and Height/input_Estimated Weight_goal_weight'

09-01-2025T16:56:32 - [MESSAGE][PASSED] - Text '12' is set on object 'Object Repository/Specific Cases Repository/LS/Client Profile/Allergies-Vitals-Labs/Weight and Height/Page_Weight and Height/input_Estimated Weight_goal_weight'

09-01-2025T16:56:32 - [TEST_STEP][FAILED] - setText(findTestObject("Object Repository/Specific Cases Repository/LS/Client Profile/Allergies-Vitals-Labs/Weight and Height/Page_Weight and Height/input_Weight for Length Percentile_weight_f_b1f33b"), "13"): Unable to set text '13' of object 'Object Repository/Specific Cases Repository/LS/Client Profile/Allergies-Vitals-Labs/Weight and Height/Page_Weight and Height/input_Weight for Length Percentile_weight_f_b1f33b' (Root cause: com.kms.katalon.core.exception.StepFailedException: Unable to set text '13' of object 'Object Repository/Specific Cases Repository/LS/Client Profile/Allergies-Vitals-Labs/Weight and Height/Page_Weight and Height/input_Weight for Length Percentile_weight_f_b1f33b'
	at com.kms.katalon.core.webui.keyword.internal.WebUIKeywordMain.stepFailed(WebUIKeywordMain.groovy:117)
	at com.kms.katalon.core.webui.keyword.internal.WebUIKeywordMain.runKeyword(WebUIKeywordMain.groovy:43)
	at com.kms.katalon.core.webui.keyword.builtin.SetTextKeyword.setText(SetTextKeyword.groovy:85)
	at com.kms.katalon.core.webui.keyword.builtin.SetTextKeyword.execute(SetTextKeyword.groovy:39)
	at com.kms.katalon.core.keyword.internal.KeywordExecutor.executeKeywordForPlatform(KeywordExecutor.groovy:74)
	at com.kms.katalon.core.webui.keyword.WebUiBuiltInKeywords.setText(WebUiBuiltInKeywords.groovy:1019)
	at Weight and Height.run(Weight and Height:37)
	at com.kms.katalon.core.main.ScriptEngine.run(ScriptEngine.java:194)
	at com.kms.katalon.core.main.ScriptEngine.runScriptAsRawText(ScriptEngine.java:119)
	at com.kms.katalon.core.main.TestCaseExecutor.runScript(TestCaseExecutor.java:448)
	at com.kms.katalon.core.main.TestCaseExecutor.doExecute(TestCaseExecutor.java:439)
	at com.kms.katalon.core.main.TestCaseExecutor.processExecutionPhase(TestCaseExecutor.java:418)
	at com.kms.katalon.core.main.TestCaseExecutor.accessMainPhase(TestCaseExecutor.java:410)
	at com.kms.katalon.core.main.TestCaseExecutor.execute(TestCaseExecutor.java:285)
	at com.kms.katalon.core.main.TestCaseExecutor.execute(TestCaseExecutor.java:369)
	at com.kms.katalon.core.main.TestCaseExecutor.execute(TestCaseExecutor.java:369)
	at com.kms.katalon.core.main.TestCaseExecutor.execute(TestCaseExecutor.java:369)
	at com.kms.katalon.core.common.CommonExecutor.accessTestCaseMainPhase(CommonExecutor.java:65)
	at com.kms.katalon.core.main.TestSuiteExecutor.accessTestSuiteMainPhase(TestSuiteExecutor.java:150)
	at com.kms.katalon.core.main.TestSuiteExecutor.execute(TestSuiteExecutor.java:106)
	at com.kms.katalon.core.main.TestCaseMain.startTestSuite(TestCaseMain.java:180)
	at TempTestSuite1736457683839.run(TempTestSuite1736457683839.groovy:35)
	at java.base/jdk.internal.reflect.NativeMethodAccessorImpl.invoke0(Native Method)
	at java.base/jdk.internal.reflect.NativeMethodAccessorImpl.invoke(NativeMethodAccessorImpl.java:77)
	at java.base/jdk.internal.reflect.DelegatingMethodAccessorImpl.invoke(DelegatingMethodAccessorImpl.java:43)
Caused by: com.kms.katalon.core.webui.exception.WebElementNotFoundException: Web element with id: 'Object Repository/Specific Cases Repository/LS/Client Profile/Allergies-Vitals-Labs/Weight and Height/Page_Weight and Height/input_Weight for Length Percentile_weight_f_b1f33b' located by '//input[@id='weight_for_length_percentile']' not found
	at com.kms.katalon.core.webui.common.WebUiCommonHelper.findWebElement(WebUiCommonHelper.java:1423)
	at com.kms.katalon.core.webui.keyword.internal.WebUIAbstractKeyword.findWebElement(WebUIAbstractKeyword.groovy:27)
	at com.kms.katalon.core.webui.keyword.internal.WebUIAbstractKeyword.findWebElement(WebUIAbstractKeyword.groovy:26)
	at com.kms.katalon.core.webui.keyword.builtin.SetTextKeyword$_setText_closure1.doCall(SetTextKeyword.groovy:53)
	at com.kms.katalon.core.webui.keyword.builtin.SetTextKeyword$_setText_closure1.call(SetTextKeyword.groovy)
	at com.kms.katalon.core.webui.keyword.internal.WebUIKeywordMain.runKeyword(WebUIKeywordMain.groovy:35)
	at com.kms.katalon.core.webui.keyword.builtin.SetTextKeyword.setText(SetTextKeyword.groovy:85)
	at com.kms.katalon.core.webui.keyword.builtin.SetTextKeyword.execute(SetTextKeyword.groovy:39)
	at com.kms.katalon.core.keyword.internal.KeywordExecutor.executeKeywordForPlatform(KeywordExecutor.groovy:74)
	at com.kms.katalon.core.webui.keyword.WebUiBuiltInKeywords.setText(WebUiBuiltInKeywords.groovy:1019)
	at Script1732132867302.run(Script1732132867302.groovy:37)
	... 18 more
)

09-01-2025T16:57:03 - [MESSAGE][INFO] - Unable to find the element located by 'By.xpath: //input[@id='weight_for_length_percentile']'. Please recheck the objects properties to make sure the desired element is located. 

09-01-2025T16:57:03 - [MESSAGE][WARNING] - [SELF-HEALING] Failed to find element with id 'Object Repository/Specific Cases Repository/LS/Client Profile/Allergies-Vitals-Labs/Weight and Height/Page_Weight and Height/input_Weight for Length Percentile_weight_f_b1f33b'. Try using Self-healing.

09-01-2025T16:57:03 - [MESSAGE][INFO] - [SELF-HEALING] Failed Locator: '//input[@id='weight_for_length_percentile']'.

09-01-2025T16:57:04 - [MESSAGE][INFO] - [SELF-HEALING] Failed Locator: '//div[@id='generated::OPVdlrfllrlC5u4i']/div[2]/div/form/div/div/div[4]/div/div/input'.

09-01-2025T16:57:04 - [MESSAGE][INFO] - [SELF-HEALING] Failed Locator: '//div[4]/div/div/input'.

09-01-2025T16:57:04 - [MESSAGE][INFO] - [SELF-HEALING] Failed Locator: '//input[@type = 'number' and @name = 'weight_for_length_percentile' and @id = 'weight_for_length_percentile']'.

09-01-2025T16:57:06 - [MESSAGE][INFO] - Unable to find the element located by 'By.xpath: //*[@type = 'number' and @name = 'weight_for_length_percentile' and @id = 'weight_for_length_percentile']'. Please recheck the objects properties to make sure the desired element is located. 

09-01-2025T16:57:08 - [MESSAGE][INFO] - Unable to find the element located by 'By.cssSelector: #weight_for_length_percentile'. Please recheck the objects properties to make sure the desired element is located. 

09-01-2025T16:57:08 - [MESSAGE][FAILED] - Unable to set text '13' of object 'Object Repository/Specific Cases Repository/LS/Client Profile/Allergies-Vitals-Labs/Weight and Height/Page_Weight and Height/input_Weight for Length Percentile_weight_f_b1f33b' (Root cause: com.kms.katalon.core.exception.StepFailedException: Unable to set text '13' of object 'Object Repository/Specific Cases Repository/LS/Client Profile/Allergies-Vitals-Labs/Weight and Height/Page_Weight and Height/input_Weight for Length Percentile_weight_f_b1f33b'
	at com.kms.katalon.core.webui.keyword.internal.WebUIKeywordMain.stepFailed(WebUIKeywordMain.groovy:117)
	at com.kms.katalon.core.webui.keyword.internal.WebUIKeywordMain.runKeyword(WebUIKeywordMain.groovy:43)
	at com.kms.katalon.core.webui.keyword.builtin.SetTextKeyword.setText(SetTextKeyword.groovy:85)
	at com.kms.katalon.core.webui.keyword.builtin.SetTextKeyword.execute(SetTextKeyword.groovy:39)
	at com.kms.katalon.core.keyword.internal.KeywordExecutor.executeKeywordForPlatform(KeywordExecutor.groovy:74)
	at com.kms.katalon.core.webui.keyword.WebUiBuiltInKeywords.setText(WebUiBuiltInKeywords.groovy:1019)
	at Weight and Height.run(Weight and Height:37)
	at com.kms.katalon.core.main.ScriptEngine.run(ScriptEngine.java:194)
	at com.kms.katalon.core.main.ScriptEngine.runScriptAsRawText(ScriptEngine.java:119)
	at com.kms.katalon.core.main.TestCaseExecutor.runScript(TestCaseExecutor.java:448)
	at com.kms.katalon.core.main.TestCaseExecutor.doExecute(TestCaseExecutor.java:439)
	at com.kms.katalon.core.main.TestCaseExecutor.processExecutionPhase(TestCaseExecutor.java:418)
	at com.kms.katalon.core.main.TestCaseExecutor.accessMainPhase(TestCaseExecutor.java:410)
	at com.kms.katalon.core.main.TestCaseExecutor.execute(TestCaseExecutor.java:285)
	at com.kms.katalon.core.main.TestCaseExecutor.execute(TestCaseExecutor.java:369)
	at com.kms.katalon.core.main.TestCaseExecutor.execute(TestCaseExecutor.java:369)
	at com.kms.katalon.core.main.TestCaseExecutor.execute(TestCaseExecutor.java:369)
	at com.kms.katalon.core.common.CommonExecutor.accessTestCaseMainPhase(CommonExecutor.java:65)
	at com.kms.katalon.core.main.TestSuiteExecutor.accessTestSuiteMainPhase(TestSuiteExecutor.java:150)
	at com.kms.katalon.core.main.TestSuiteExecutor.execute(TestSuiteExecutor.java:106)
	at com.kms.katalon.core.main.TestCaseMain.startTestSuite(TestCaseMain.java:180)
	at TempTestSuite1736457683839.run(TempTestSuite1736457683839.groovy:35)
	at java.base/jdk.internal.reflect.NativeMethodAccessorImpl.invoke0(Native Method)
	at java.base/jdk.internal.reflect.NativeMethodAccessorImpl.invoke(NativeMethodAccessorImpl.java:77)
	at java.base/jdk.internal.reflect.DelegatingMethodAccessorImpl.invoke(DelegatingMethodAccessorImpl.java:43)
Caused by: com.kms.katalon.core.webui.exception.WebElementNotFoundException: Web element with id: 'Object Repository/Specific Cases Repository/LS/Client Profile/Allergies-Vitals-Labs/Weight and Height/Page_Weight and Height/input_Weight for Length Percentile_weight_f_b1f33b' located by '//input[@id='weight_for_length_percentile']' not found
	at com.kms.katalon.core.webui.common.WebUiCommonHelper.findWebElement(WebUiCommonHelper.java:1423)
	at com.kms.katalon.core.webui.keyword.internal.WebUIAbstractKeyword.findWebElement(WebUIAbstractKeyword.groovy:27)
	at com.kms.katalon.core.webui.keyword.internal.WebUIAbstractKeyword.findWebElement(WebUIAbstractKeyword.groovy:26)
	at com.kms.katalon.core.webui.keyword.builtin.SetTextKeyword$_setText_closure1.doCall(SetTextKeyword.groovy:53)
	at com.kms.katalon.core.webui.keyword.builtin.SetTextKeyword$_setText_closure1.call(SetTextKeyword.groovy)
	at com.kms.katalon.core.webui.keyword.internal.WebUIKeywordMain.runKeyword(WebUIKeywordMain.groovy:35)
	at com.kms.katalon.core.webui.keyword.builtin.SetTextKeyword.setText(SetTextKeyword.groovy:85)
	at com.kms.katalon.core.webui.keyword.builtin.SetTextKeyword.execute(SetTextKeyword.groovy:39)
	at com.kms.katalon.core.keyword.internal.KeywordExecutor.executeKeywordForPlatform(KeywordExecutor.groovy:74)
	at com.kms.katalon.core.webui.keyword.WebUiBuiltInKeywords.setText(WebUiBuiltInKeywords.groovy:1019)
	at Script1732132867302.run(Script1732132867302.groovy:37)
	... 18 more
)
[[ATTACHMENT|C:\\Users\\Enrique\\git\\AUTOMATION_LS\\Reports\\20250109_162114\\LS\\Client Profile\\Client Profile\\20250109_162123\\1736459828003.png]]]]></system-out>
         <system-err><![CDATA[09-01-2025T16:56:00 - [TEST_CASE][FAILED] - Test Cases/Specific Cases/LS/Client Profile/Allergies-Vitals-Labs/Weight and Height: Test Cases/Specific Cases/LS/Client Profile/Allergies-Vitals-Labs/Weight and Height FAILED.
Reason:
com.kms.katalon.core.exception.StepFailedException: Unable to set text '13' of object 'Object Repository/Specific Cases Repository/LS/Client Profile/Allergies-Vitals-Labs/Weight and Height/Page_Weight and Height/input_Weight for Length Percentile_weight_f_b1f33b'
	at com.kms.katalon.core.webui.keyword.internal.WebUIKeywordMain.stepFailed(WebUIKeywordMain.groovy:117)
	at com.kms.katalon.core.webui.keyword.internal.WebUIKeywordMain.runKeyword(WebUIKeywordMain.groovy:43)
	at com.kms.katalon.core.webui.keyword.builtin.SetTextKeyword.setText(SetTextKeyword.groovy:85)
	at com.kms.katalon.core.webui.keyword.builtin.SetTextKeyword.execute(SetTextKeyword.groovy:39)
	at com.kms.katalon.core.keyword.internal.KeywordExecutor.executeKeywordForPlatform(KeywordExecutor.groovy:74)
	at com.kms.katalon.core.webui.keyword.WebUiBuiltInKeywords.setText(WebUiBuiltInKeywords.groovy:1019)
	at Weight and Height.run(Weight and Height:37)
	at com.kms.katalon.core.main.ScriptEngine.run(ScriptEngine.java:194)
	at com.kms.katalon.core.main.ScriptEngine.runScriptAsRawText(ScriptEngine.java:119)
	at com.kms.katalon.core.main.TestCaseExecutor.runScript(TestCaseExecutor.java:448)
	at com.kms.katalon.core.main.TestCaseExecutor.doExecute(TestCaseExecutor.java:439)
	at com.kms.katalon.core.main.TestCaseExecutor.processExecutionPhase(TestCaseExecutor.java:418)
	at com.kms.katalon.core.main.TestCaseExecutor.accessMainPhase(TestCaseExecutor.java:410)
	at com.kms.katalon.core.main.TestCaseExecutor.execute(TestCaseExecutor.java:285)
	at com.kms.katalon.core.main.TestCaseExecutor.execute(TestCaseExecutor.java:369)
	at com.kms.katalon.core.main.TestCaseExecutor.execute(TestCaseExecutor.java:369)
	at com.kms.katalon.core.main.TestCaseExecutor.execute(TestCaseExecutor.java:369)
	at com.kms.katalon.core.common.CommonExecutor.accessTestCaseMainPhase(CommonExecutor.java:65)
	at com.kms.katalon.core.main.TestSuiteExecutor.accessTestSuiteMainPhase(TestSuiteExecutor.java:150)
	at com.kms.katalon.core.main.TestSuiteExecutor.execute(TestSuiteExecutor.java:106)
	at com.kms.katalon.core.main.TestCaseMain.startTestSuite(TestCaseMain.java:180)
	at TempTestSuite1736457683839.run(TempTestSuite1736457683839.groovy:35)
	at java.base/jdk.internal.reflect.NativeMethodAccessorImpl.invoke0(Native Method)
	at java.base/jdk.internal.reflect.NativeMethodAccessorImpl.invoke(NativeMethodAccessorImpl.java:77)
	at java.base/jdk.internal.reflect.DelegatingMethodAccessorImpl.invoke(DelegatingMethodAccessorImpl.java:43)
Caused by: com.kms.katalon.core.webui.exception.WebElementNotFoundException: Web element with id: 'Object Repository/Specific Cases Repository/LS/Client Profile/Allergies-Vitals-Labs/Weight and Height/Page_Weight and Height/input_Weight for Length Percentile_weight_f_b1f33b' located by '//input[@id='weight_for_length_percentile']' not found
	at com.kms.katalon.core.webui.common.WebUiCommonHelper.findWebElement(WebUiCommonHelper.java:1423)
	at com.kms.katalon.core.webui.keyword.internal.WebUIAbstractKeyword.findWebElement(WebUIAbstractKeyword.groovy:27)
	at com.kms.katalon.core.webui.keyword.internal.WebUIAbstractKeyword.findWebElement(WebUIAbstractKeyword.groovy:26)
	at com.kms.katalon.core.webui.keyword.builtin.SetTextKeyword$_setText_closure1.doCall(SetTextKeyword.groovy:53)
	at com.kms.katalon.core.webui.keyword.builtin.SetTextKeyword$_setText_closure1.call(SetTextKeyword.groovy)
	at com.kms.katalon.core.webui.keyword.internal.WebUIKeywordMain.runKeyword(WebUIKeywordMain.groovy:35)
	... 23 more]]></system-err>
      </testcase>
      <system-out><![CDATA[09-01-2025T16:21:50 - [TEST_SUITE][FAILED] - Client Profile: Test Cases/Specific Cases/LS/Client Profile/Client Profile FAILED.
Reason:
com.kms.katalon.core.exception.StepFailedException: Verify element text of test object 'Object Repository/Specific Cases Repository/LS/Client Profile/Client Profile/Page_Client Profile/div_23' FAILED.
	at com.kms.katalon.core.webui.keyword.internal.WebUIKeywordMain.stepFailed(WebUIKeywordMain.groovy:117)
	at com.kms.katalon.core.webui.keyword.internal.WebUIKeywordMain.runKeyword(WebUIKeywordMain.groovy:43)
	at com.kms.katalon.core.webui.keyword.builtin.VerifyElementTextKeyword.verifyElementText(VerifyElementTextKeyword.groovy:72)
	at com.kms.katalon.core.webui.keyword.builtin.VerifyElementTextKeyword.execute(VerifyElementTextKeyword.groovy:40)
	at com.kms.katalon.core.keyword.internal.KeywordExecutor.executeKeywordForPlatform(KeywordExecutor.groovy:74)
	at com.kms.katalon.core.webui.keyword.WebUiBuiltInKeywords.verifyElementText(WebUiBuiltInKeywords.groovy:4835)
	at Client Profile.run(Client Profile:39)
	at com.kms.katalon.core.main.ScriptEngine.run(ScriptEngine.java:194)
	at com.kms.katalon.core.main.ScriptEngine.runScriptAsRawText(ScriptEngine.java:119)
	at com.kms.katalon.core.main.TestCaseExecutor.runScript(TestCaseExecutor.java:448)
	at com.kms.katalon.core.main.TestCaseExecutor.doExecute(TestCaseExecutor.java:439)
	at com.kms.katalon.core.main.TestCaseExecutor.processExecutionPhase(TestCaseExecutor.java:418)
	at com.kms.katalon.core.main.TestCaseExecutor.accessMainPhase(TestCaseExecutor.java:410)
	at com.kms.katalon.core.main.TestCaseExecutor.execute(TestCaseExecutor.java:285)
	at com.kms.katalon.core.common.CommonExecutor.accessTestCaseMainPhase(CommonExecutor.java:65)
	at com.kms.katalon.core.main.TestSuiteExecutor.accessTestSuiteMainPhase(TestSuiteExecutor.java:150)
	at com.kms.katalon.core.main.TestSuiteExecutor.execute(TestSuiteExecutor.java:106)
	at com.kms.katalon.core.main.TestCaseMain.startTestSuite(TestCaseMain.java:180)
	at TempTestSuite1736457683839.run(TempTestSuite1736457683839.groovy:35)
	at java.base/jdk.internal.reflect.NativeMethodAccessorImpl.invoke0(Native Method)
	at java.base/jdk.internal.reflect.NativeMethodAccessorImpl.invoke(NativeMethodAccessorImpl.java:77)
	at java.base/jdk.internal.reflect.DelegatingMethodAccessorImpl.invoke(DelegatingMethodAccessorImpl.java:43)
Caused by: com.kms.katalon.core.exception.StepFailedException: Actual text '24' and expected text '23' of test object 'Object Repository/Specific Cases Repository/LS/Client Profile/Client Profile/Page_Client Profile/div_23' are NOT matched.
	at com.kms.katalon.core.webui.keyword.internal.WebUIKeywordMain.stepFailed(WebUIKeywordMain.groovy:117)
	at com.kms.katalon.core.webui.keyword.builtin.VerifyElementTextKeyword$_verifyElementText_closure1.doCall(VerifyElementTextKeyword.groovy:57)
	at com.kms.katalon.core.webui.keyword.builtin.VerifyElementTextKeyword$_verifyElementText_closure1.call(VerifyElementTextKeyword.groovy)
	at com.kms.katalon.core.webui.keyword.internal.WebUIKeywordMain.runKeyword(WebUIKeywordMain.groovy:35)
	... 20 more]]></system-out>
      <system-err><![CDATA[09-01-2025T16:21:50 - [TEST_SUITE][FAILED] - Client Profile: Test Cases/Specific Cases/LS/Client Profile/Client Profile FAILED.
Reason:
com.kms.katalon.core.exception.StepFailedException: Verify element text of test object 'Object Repository/Specific Cases Repository/LS/Client Profile/Client Profile/Page_Client Profile/div_23' FAILED.
	at com.kms.katalon.core.webui.keyword.internal.WebUIKeywordMain.stepFailed(WebUIKeywordMain.groovy:117)
	at com.kms.katalon.core.webui.keyword.internal.WebUIKeywordMain.runKeyword(WebUIKeywordMain.groovy:43)
	at com.kms.katalon.core.webui.keyword.builtin.VerifyElementTextKeyword.verifyElementText(VerifyElementTextKeyword.groovy:72)
	at com.kms.katalon.core.webui.keyword.builtin.VerifyElementTextKeyword.execute(VerifyElementTextKeyword.groovy:40)
	at com.kms.katalon.core.keyword.internal.KeywordExecutor.executeKeywordForPlatform(KeywordExecutor.groovy:74)
	at com.kms.katalon.core.webui.keyword.WebUiBuiltInKeywords.verifyElementText(WebUiBuiltInKeywords.groovy:4835)
	at Client Profile.run(Client Profile:39)
	at com.kms.katalon.core.main.ScriptEngine.run(ScriptEngine.java:194)
	at com.kms.katalon.core.main.ScriptEngine.runScriptAsRawText(ScriptEngine.java:119)
	at com.kms.katalon.core.main.TestCaseExecutor.runScript(TestCaseExecutor.java:448)
	at com.kms.katalon.core.main.TestCaseExecutor.doExecute(TestCaseExecutor.java:439)
	at com.kms.katalon.core.main.TestCaseExecutor.processExecutionPhase(TestCaseExecutor.java:418)
	at com.kms.katalon.core.main.TestCaseExecutor.accessMainPhase(TestCaseExecutor.java:410)
	at com.kms.katalon.core.main.TestCaseExecutor.execute(TestCaseExecutor.java:285)
	at com.kms.katalon.core.common.CommonExecutor.accessTestCaseMainPhase(CommonExecutor.java:65)
	at com.kms.katalon.core.main.TestSuiteExecutor.accessTestSuiteMainPhase(TestSuiteExecutor.java:150)
	at com.kms.katalon.core.main.TestSuiteExecutor.execute(TestSuiteExecutor.java:106)
	at com.kms.katalon.core.main.TestCaseMain.startTestSuite(TestCaseMain.java:180)
	at TempTestSuite1736457683839.run(TempTestSuite1736457683839.groovy:35)
	at java.base/jdk.internal.reflect.NativeMethodAccessorImpl.invoke0(Native Method)
	at java.base/jdk.internal.reflect.NativeMethodAccessorImpl.invoke(NativeMethodAccessorImpl.java:77)
	at java.base/jdk.internal.reflect.DelegatingMethodAccessorImpl.invoke(DelegatingMethodAccessorImpl.java:43)
Caused by: com.kms.katalon.core.exception.StepFailedException: Actual text '24' and expected text '23' of test object 'Object Repository/Specific Cases Repository/LS/Client Profile/Client Profile/Page_Client Profile/div_23' are NOT matched.
	at com.kms.katalon.core.webui.keyword.internal.WebUIKeywordMain.stepFailed(WebUIKeywordMain.groovy:117)
	at com.kms.katalon.core.webui.keyword.builtin.VerifyElementTextKeyword$_verifyElementText_closure1.doCall(VerifyElementTextKeyword.groovy:57)
	at com.kms.katalon.core.webui.keyword.builtin.VerifyElementTextKeyword$_verifyElementText_closure1.call(VerifyElementTextKeyword.groovy)
	at com.kms.katalon.core.webui.keyword.internal.WebUIKeywordMain.runKeyword(WebUIKeywordMain.groovy:35)
	... 20 more]]></system-err>
   </testsuite>
</testsuites>
