<?xml version="1.0" encoding="UTF-8"?>
<testsuites name="Client Profile" time="1291.258" tests="18" failures="4" errors="0">
   <testsuite name="Client Profile" tests="18" failures="4" errors="0" time="1291.258" skipped="0" timestamp="27-11-2024T11:57:55" hostname="Enrique - Enrique" id="Test Suites/LS/Client Profile/Client Profile">
      <properties>
         <property name="deviceName" value=""/>
         <property name="devicePlatform"/>
         <property name="logFolder" value="C:\\Users\\Enrique\\git\\AUTOMATION_LS\\Reports\\20241127_115725\\LS\\Client Profile\\Client Profile\\20241127_115733"/>
         <property name="logFiles" value="C:\\Users\\Enrique\\git\\AUTOMATION_LS\\Reports\\20241127_115725\\LS\\Client Profile\\Client Profile\\20241127_115733\\execution0.log"/>
         <property name="attachments" value="C:\\Users\\Enrique\\git\\AUTOMATION_LS\\Reports\\20241127_115725\\LS\\Client Profile\\Client Profile\\20241127_115733\\1732727067465.png, C:\\Users\\Enrique\\git\\AUTOMATION_LS\\Reports\\20241127_115725\\LS\\Client Profile\\Client Profile\\20241127_115733\\1732727067668.png, C:\\Users\\Enrique\\git\\AUTOMATION_LS\\Reports\\20241127_115725\\LS\\Client Profile\\Client Profile\\20241127_115733\\1732727484848.png, C:\\Users\\Enrique\\git\\AUTOMATION_LS\\Reports\\20241127_115725\\LS\\Client Profile\\Client Profile\\20241127_115733\\1732727485026.png, C:\\Users\\Enrique\\git\\AUTOMATION_LS\\Reports\\20241127_115725\\LS\\Client Profile\\Client Profile\\20241127_115733\\1732727942327.png, C:\\Users\\Enrique\\git\\AUTOMATION_LS\\Reports\\20241127_115725\\LS\\Client Profile\\Client Profile\\20241127_115733\\1732727942450.png, C:\\Users\\Enrique\\git\\AUTOMATION_LS\\Reports\\20241127_115725\\LS\\Client Profile\\Client Profile\\20241127_115733\\1732727966933.png, C:\\Users\\Enrique\\git\\AUTOMATION_LS\\Reports\\20241127_115725\\LS\\Client Profile\\Client Profile\\20241127_115733\\1732727967069.png"/>
         <property name="hostName" value="Enrique - Enrique"/>
         <property name="os" value="Windows 11 64bit"/>
         <property name="katalonVersion" value="9.7.3.223"/>
         <property name="browser" value="Chrome 131.0.0.0"/>
         <property name="hostAddress" value="192.168.100.147"/>
         <property name="sessionId" value="9ac2e0f4a58b3ec19985024c9fa93599"/>
         <property name="seleniumVersion" value="3.141.59"/>
         <property name="proxyInformation" value="ProxyInformation { proxyOption=NO_PROXY, proxyServerType=HTTP, username=, password=********, proxyServerAddress=, proxyServerPort=0, executionList=&quot;&quot;, isApplyToDesiredCapabilities=true }"/>
         <property name="platform" value="Windows 11"/>
      </properties>
      <testcase name="Test Cases/Specific Cases/LS/Client Profile/Assessments" time="181.959" classname="Test Cases/Specific Cases/LS/Client Profile/Assessments" status="PASSED">
         <system-out><![CDATA[27-11-2024T11:57:56 - [TEST_CASE][PASSED] - Test Cases/Specific Cases/LS/Client Profile/Assessments: Test Cases/Specific Cases/LS/Client Profile/Assessments

27-11-2024T11:57:57 - [TEST_STEP][PASSED] - callTestCase(findTestCase("Common Cases/Login"), [:], STOP_ON_FAILURE): Call Test Case 'Test Cases/Common Cases/Login' successfully

27-11-2024T11:57:58 - [TEST_CASE][PASSED] - Test Cases/Common Cases/Login: Test Cases/Common Cases/Login

27-11-2024T11:57:58 - [TEST_STEP][PASSED] - openBrowser(""): Browser is opened with url: ''

27-11-2024T11:57:59 - [MESSAGE][INFO] - Starting 'Chrome' driver

27-11-2024T11:57:59 - [MESSAGE][INFO] - Action delay is set to 0 milliseconds

27-11-2024T11:58:03 - [MESSAGE][PASSED] - Browser is opened with url: ''

27-11-2024T11:58:03 - [TEST_STEP][PASSED] - maximizeWindow(): Current window maximized

27-11-2024T11:58:04 - [MESSAGE][PASSED] - Current window maximized

27-11-2024T11:58:04 - [TEST_STEP][PASSED] - navigateToUrl("https://site17.lsapp.cloud/auth/login"): Navigate to 'https://site17.lsapp.cloud/auth/login' successfully

27-11-2024T11:58:05 - [MESSAGE][PASSED] - Navigate to 'https://site17.lsapp.cloud/auth/login' successfully

27-11-2024T11:58:05 - [TEST_STEP][PASSED] - setText(findTestObject("Object Repository/Common Cases Repository/Login/Page_Lightning Step/input_Email_email"), "automation@lightningstep.com"): Text 'automation@lightningstep.com' is set on object 'Object Repository/Common Cases Repository/Login/Page_Lightning Step/input_Email_email'

27-11-2024T11:58:08 - [MESSAGE][PASSED] - Text 'automation@lightningstep.com' is set on object 'Object Repository/Common Cases Repository/Login/Page_Lightning Step/input_Email_email'

27-11-2024T11:58:08 - [TEST_STEP][PASSED] - setEncryptedText(findTestObject("Object Repository/Common Cases Repository/Login/Page_Lightning Step/input_Password_password"), "e5N8VHmnhJDITtQaQhDQDw=="): Text ****** has been set on object 'Object Repository/Common Cases Repository/Login/Page_Lightning Step/input_Password_password'

27-11-2024T11:58:08 - [MESSAGE][PASSED] - Text ****** has been set on object 'Object Repository/Common Cases Repository/Login/Page_Lightning Step/input_Password_password'

27-11-2024T11:58:08 - [TEST_STEP][PASSED] - click(findTestObject("Object Repository/Common Cases Repository/Login/Page_Lightning Step/button_Sign in")): Object: 'Object Repository/Common Cases Repository/Login/Page_Lightning Step/button_Sign in' is clicked on

27-11-2024T11:58:27 - [MESSAGE][PASSED] - Object: 'Object Repository/Common Cases Repository/Login/Page_Lightning Step/button_Sign in' is clicked on

27-11-2024T11:58:27 - [MESSAGE][PASSED] - Call Test Case 'Test Cases/Common Cases/Login' successfully

27-11-2024T11:58:27 - [TEST_STEP][PASSED] - navigateToUrl("https://site17.lsapp.cloud/client/index/1557?section=assessments"): Navigate to 'https://site17.lsapp.cloud/client/index/1557?section=assessments' successfully

27-11-2024T11:58:38 - [MESSAGE][PASSED] - Navigate to 'https://site17.lsapp.cloud/client/index/1557?section=assessments' successfully

27-11-2024T11:58:38 - [TEST_STEP][PASSED] - click(findTestObject("Object Repository/Specific Cases Repository/LS/Client Profile/Assessments/Page_Client Profile/li_Scored Assessments")): Object: 'Object Repository/Specific Cases Repository/LS/Client Profile/Assessments/Page_Client Profile/li_Scored Assessments' is clicked on

27-11-2024T11:58:39 - [MESSAGE][PASSED] - Object: 'Object Repository/Specific Cases Repository/LS/Client Profile/Assessments/Page_Client Profile/li_Scored Assessments' is clicked on

27-11-2024T11:58:39 - [TEST_STEP][PASSED] - click(findTestObject("Object Repository/Specific Cases Repository/LS/Client Profile/Assessments/Page_Client Profile/button_New assessment")): Object: 'Object Repository/Specific Cases Repository/LS/Client Profile/Assessments/Page_Client Profile/button_New assessment' is clicked on

27-11-2024T11:58:39 - [MESSAGE][PASSED] - Object: 'Object Repository/Specific Cases Repository/LS/Client Profile/Assessments/Page_Client Profile/button_New assessment' is clicked on

27-11-2024T11:58:39 - [TEST_STEP][PASSED] - click(findTestObject("Object Repository/Specific Cases Repository/LS/Client Profile/Assessments/Page_Client Profile/li_COWS Assessment")): Object: 'Object Repository/Specific Cases Repository/LS/Client Profile/Assessments/Page_Client Profile/li_COWS Assessment' is clicked on

27-11-2024T11:58:40 - [MESSAGE][PASSED] - Object: 'Object Repository/Specific Cases Repository/LS/Client Profile/Assessments/Page_Client Profile/li_COWS Assessment' is clicked on

27-11-2024T11:58:40 - [TEST_STEP][PASSED] - click(findTestObject("Object Repository/Specific Cases Repository/LS/Client Profile/Assessments/Page_Client Profile/a_Create                arrow_right_alt")): Object: 'Object Repository/Specific Cases Repository/LS/Client Profile/Assessments/Page_Client Profile/a_Create                arrow_right_alt' is clicked on

27-11-2024T11:58:46 - [MESSAGE][PASSED] - Object: 'Object Repository/Specific Cases Repository/LS/Client Profile/Assessments/Page_Client Profile/a_Create                arrow_right_alt' is clicked on

27-11-2024T11:58:46 - [TEST_STEP][PASSED] - verifyElementText(findTestObject("Object Repository/Specific Cases Repository/LS/Client Profile/Assessments/Page_COWS Assessment/h3_COWS Assessment"), "COWS Assessment"): Actual text and expected text of test object 'Object Repository/Specific Cases Repository/LS/Client Profile/Assessments/Page_COWS Assessment/h3_COWS Assessment' are matched.

27-11-2024T11:58:47 - [MESSAGE][PASSED] - Actual text and expected text of test object 'Object Repository/Specific Cases Repository/LS/Client Profile/Assessments/Page_COWS Assessment/h3_COWS Assessment' are matched.

27-11-2024T11:58:47 - [TEST_STEP][PASSED] - click(findTestObject("Object Repository/Specific Cases Repository/LS/Client Profile/Assessments/Page_COWS Assessment/input__radio-group-1639583873364_117")): Object: 'Object Repository/Specific Cases Repository/LS/Client Profile/Assessments/Page_COWS Assessment/input__radio-group-1639583873364_117' is clicked on

27-11-2024T11:58:47 - [MESSAGE][PASSED] - Object: 'Object Repository/Specific Cases Repository/LS/Client Profile/Assessments/Page_COWS Assessment/input__radio-group-1639583873364_117' is clicked on

27-11-2024T11:58:47 - [TEST_STEP][PASSED] - click(findTestObject("Object Repository/Specific Cases Repository/LS/Client Profile/Assessments/Page_COWS Assessment/input__radio-group-1639584030473_117")): Object: 'Object Repository/Specific Cases Repository/LS/Client Profile/Assessments/Page_COWS Assessment/input__radio-group-1639584030473_117' is clicked on

27-11-2024T11:58:48 - [MESSAGE][PASSED] - Object: 'Object Repository/Specific Cases Repository/LS/Client Profile/Assessments/Page_COWS Assessment/input__radio-group-1639584030473_117' is clicked on

27-11-2024T11:58:48 - [TEST_STEP][PASSED] - click(findTestObject("Object Repository/Specific Cases Repository/LS/Client Profile/Assessments/Page_COWS Assessment/input__radio-group-1639584415541_117")): Object: 'Object Repository/Specific Cases Repository/LS/Client Profile/Assessments/Page_COWS Assessment/input__radio-group-1639584415541_117' is clicked on

27-11-2024T11:58:49 - [MESSAGE][PASSED] - Object: 'Object Repository/Specific Cases Repository/LS/Client Profile/Assessments/Page_COWS Assessment/input__radio-group-1639584415541_117' is clicked on

27-11-2024T11:58:49 - [TEST_STEP][PASSED] - click(findTestObject("Object Repository/Specific Cases Repository/LS/Client Profile/Assessments/Page_COWS Assessment/input__radio-group-1639584533406_117")): Object: 'Object Repository/Specific Cases Repository/LS/Client Profile/Assessments/Page_COWS Assessment/input__radio-group-1639584533406_117' is clicked on

27-11-2024T11:58:50 - [MESSAGE][PASSED] - Object: 'Object Repository/Specific Cases Repository/LS/Client Profile/Assessments/Page_COWS Assessment/input__radio-group-1639584533406_117' is clicked on

27-11-2024T11:58:50 - [TEST_STEP][PASSED] - click(findTestObject("Object Repository/Specific Cases Repository/LS/Client Profile/Assessments/Page_COWS Assessment/input__radio-group-1639584833260_117")): Object: 'Object Repository/Specific Cases Repository/LS/Client Profile/Assessments/Page_COWS Assessment/input__radio-group-1639584833260_117' is clicked on

27-11-2024T11:58:50 - [MESSAGE][PASSED] - Object: 'Object Repository/Specific Cases Repository/LS/Client Profile/Assessments/Page_COWS Assessment/input__radio-group-1639584833260_117' is clicked on

27-11-2024T11:58:50 - [TEST_STEP][PASSED] - click(findTestObject("Object Repository/Specific Cases Repository/LS/Client Profile/Assessments/Page_COWS Assessment/input__radio-group-1639584964855_117")): Object: 'Object Repository/Specific Cases Repository/LS/Client Profile/Assessments/Page_COWS Assessment/input__radio-group-1639584964855_117' is clicked on

27-11-2024T11:58:51 - [MESSAGE][PASSED] - Object: 'Object Repository/Specific Cases Repository/LS/Client Profile/Assessments/Page_COWS Assessment/input__radio-group-1639584964855_117' is clicked on

27-11-2024T11:58:51 - [TEST_STEP][PASSED] - click(findTestObject("Object Repository/Specific Cases Repository/LS/Client Profile/Assessments/Page_COWS Assessment/input__radio-group-1639585133881_117")): Object: 'Object Repository/Specific Cases Repository/LS/Client Profile/Assessments/Page_COWS Assessment/input__radio-group-1639585133881_117' is clicked on

27-11-2024T11:58:52 - [MESSAGE][PASSED] - Object: 'Object Repository/Specific Cases Repository/LS/Client Profile/Assessments/Page_COWS Assessment/input__radio-group-1639585133881_117' is clicked on

27-11-2024T11:58:52 - [TEST_STEP][PASSED] - click(findTestObject("Object Repository/Specific Cases Repository/LS/Client Profile/Assessments/Page_COWS Assessment/input__radio-group-1639586467169_117")): Object: 'Object Repository/Specific Cases Repository/LS/Client Profile/Assessments/Page_COWS Assessment/input__radio-group-1639586467169_117' is clicked on

27-11-2024T11:58:53 - [MESSAGE][PASSED] - Object: 'Object Repository/Specific Cases Repository/LS/Client Profile/Assessments/Page_COWS Assessment/input__radio-group-1639586467169_117' is clicked on

27-11-2024T11:58:53 - [TEST_STEP][PASSED] - click(findTestObject("Object Repository/Specific Cases Repository/LS/Client Profile/Assessments/Page_COWS Assessment/input__radio-group-1639586565854_117")): Object: 'Object Repository/Specific Cases Repository/LS/Client Profile/Assessments/Page_COWS Assessment/input__radio-group-1639586565854_117' is clicked on

27-11-2024T11:58:54 - [MESSAGE][PASSED] - Object: 'Object Repository/Specific Cases Repository/LS/Client Profile/Assessments/Page_COWS Assessment/input__radio-group-1639586565854_117' is clicked on

27-11-2024T11:58:54 - [TEST_STEP][PASSED] - click(findTestObject("Object Repository/Specific Cases Repository/LS/Client Profile/Assessments/Page_COWS Assessment/input__radio-group-1639586621062_117")): Object: 'Object Repository/Specific Cases Repository/LS/Client Profile/Assessments/Page_COWS Assessment/input__radio-group-1639586621062_117' is clicked on

27-11-2024T11:58:55 - [MESSAGE][PASSED] - Object: 'Object Repository/Specific Cases Repository/LS/Client Profile/Assessments/Page_COWS Assessment/input__radio-group-1639586621062_117' is clicked on

27-11-2024T11:58:55 - [TEST_STEP][PASSED] - click(findTestObject("Object Repository/Specific Cases Repository/LS/Client Profile/Assessments/Page_COWS Assessment/input__radio-group-1639586686870_117")): Object: 'Object Repository/Specific Cases Repository/LS/Client Profile/Assessments/Page_COWS Assessment/input__radio-group-1639586686870_117' is clicked on

27-11-2024T11:58:56 - [MESSAGE][PASSED] - Object: 'Object Repository/Specific Cases Repository/LS/Client Profile/Assessments/Page_COWS Assessment/input__radio-group-1639586686870_117' is clicked on

27-11-2024T11:58:56 - [TEST_STEP][PASSED] - setText(findTestObject("Object Repository/Specific Cases Repository/LS/Client Profile/Assessments/Page_COWS Assessment/textarea_Additional Information_textarea-16_3128df"), "autmation test"): Text 'autmation test' is set on object 'Object Repository/Specific Cases Repository/LS/Client Profile/Assessments/Page_COWS Assessment/textarea_Additional Information_textarea-16_3128df'

27-11-2024T11:58:58 - [MESSAGE][PASSED] - Text 'autmation test' is set on object 'Object Repository/Specific Cases Repository/LS/Client Profile/Assessments/Page_COWS Assessment/textarea_Additional Information_textarea-16_3128df'

27-11-2024T11:58:58 - [TEST_STEP][PASSED] - verifyElementText(findTestObject("Object Repository/Specific Cases Repository/LS/Client Profile/Assessments/Page_COWS Assessment/td_27 Moderately Severe"), "27 Moderately Severe"): Actual text and expected text of test object 'Object Repository/Specific Cases Repository/LS/Client Profile/Assessments/Page_COWS Assessment/td_27 Moderately Severe' are matched.

27-11-2024T11:58:58 - [MESSAGE][PASSED] - Actual text and expected text of test object 'Object Repository/Specific Cases Repository/LS/Client Profile/Assessments/Page_COWS Assessment/td_27 Moderately Severe' are matched.

27-11-2024T11:58:58 - [TEST_STEP][PASSED] - click(findTestObject("Object Repository/Specific Cases Repository/LS/Client Profile/Assessments/Page_COWS Assessment/i_add")): Object: 'Object Repository/Specific Cases Repository/LS/Client Profile/Assessments/Page_COWS Assessment/i_add' is clicked on

27-11-2024T11:58:58 - [MESSAGE][PASSED] - Object: 'Object Repository/Specific Cases Repository/LS/Client Profile/Assessments/Page_COWS Assessment/i_add' is clicked on

27-11-2024T11:58:58 - [TEST_STEP][PASSED] - setText(findTestObject("Object Repository/Specific Cases Repository/LS/Client Profile/Assessments/Page_COWS Assessment/input_Temp_vstemp"), "13"): Text '13' is set on object 'Object Repository/Specific Cases Repository/LS/Client Profile/Assessments/Page_COWS Assessment/input_Temp_vstemp'

27-11-2024T11:58:59 - [MESSAGE][PASSED] - Text '13' is set on object 'Object Repository/Specific Cases Repository/LS/Client Profile/Assessments/Page_COWS Assessment/input_Temp_vstemp'

27-11-2024T11:58:59 - [TEST_STEP][PASSED] - setText(findTestObject("Object Repository/Specific Cases Repository/LS/Client Profile/Assessments/Page_COWS Assessment/input_Pulse_vspulse"), "13"): Text '13' is set on object 'Object Repository/Specific Cases Repository/LS/Client Profile/Assessments/Page_COWS Assessment/input_Pulse_vspulse'

27-11-2024T11:59:00 - [MESSAGE][PASSED] - Text '13' is set on object 'Object Repository/Specific Cases Repository/LS/Client Profile/Assessments/Page_COWS Assessment/input_Pulse_vspulse'

27-11-2024T11:59:00 - [TEST_STEP][PASSED] - setText(findTestObject("Object Repository/Specific Cases Repository/LS/Client Profile/Assessments/Page_COWS Assessment/input_BP_vsbp"), ""): Text '' is set on object 'Object Repository/Specific Cases Repository/LS/Client Profile/Assessments/Page_COWS Assessment/input_BP_vsbp'

27-11-2024T11:59:01 - [MESSAGE][PASSED] - Text '' is set on object 'Object Repository/Specific Cases Repository/LS/Client Profile/Assessments/Page_COWS Assessment/input_BP_vsbp'

27-11-2024T11:59:01 - [TEST_STEP][PASSED] - click(findTestObject("Object Repository/Specific Cases Repository/LS/Client Profile/Assessments/Page_COWS Assessment/input_BP_vsbp")): Object: 'Object Repository/Specific Cases Repository/LS/Client Profile/Assessments/Page_COWS Assessment/input_BP_vsbp' is clicked on

27-11-2024T11:59:01 - [MESSAGE][PASSED] - Object: 'Object Repository/Specific Cases Repository/LS/Client Profile/Assessments/Page_COWS Assessment/input_BP_vsbp' is clicked on

27-11-2024T11:59:01 - [TEST_STEP][PASSED] - setText(findTestObject("Object Repository/Specific Cases Repository/LS/Client Profile/Assessments/Page_COWS Assessment/input_Respiration_vsresp"), "13"): Text '13' is set on object 'Object Repository/Specific Cases Repository/LS/Client Profile/Assessments/Page_COWS Assessment/input_Respiration_vsresp'

27-11-2024T11:59:02 - [MESSAGE][PASSED] - Text '13' is set on object 'Object Repository/Specific Cases Repository/LS/Client Profile/Assessments/Page_COWS Assessment/input_Respiration_vsresp'

27-11-2024T11:59:02 - [TEST_STEP][PASSED] - setText(findTestObject("Object Repository/Specific Cases Repository/LS/Client Profile/Assessments/Page_COWS Assessment/input_BP_vsbp"), ""): Text '' is set on object 'Object Repository/Specific Cases Repository/LS/Client Profile/Assessments/Page_COWS Assessment/input_BP_vsbp'

27-11-2024T11:59:02 - [MESSAGE][PASSED] - Text '' is set on object 'Object Repository/Specific Cases Repository/LS/Client Profile/Assessments/Page_COWS Assessment/input_BP_vsbp'

27-11-2024T11:59:02 - [TEST_STEP][PASSED] - click(findTestObject("Object Repository/Specific Cases Repository/LS/Client Profile/Assessments/Page_COWS Assessment/input_BP_vsbp")): Object: 'Object Repository/Specific Cases Repository/LS/Client Profile/Assessments/Page_COWS Assessment/input_BP_vsbp' is clicked on

27-11-2024T11:59:03 - [MESSAGE][PASSED] - Object: 'Object Repository/Specific Cases Repository/LS/Client Profile/Assessments/Page_COWS Assessment/input_BP_vsbp' is clicked on

27-11-2024T11:59:03 - [TEST_STEP][PASSED] - click(findTestObject("Object Repository/Specific Cases Repository/LS/Client Profile/Assessments/Page_COWS Assessment/input_O2 Saturation_vso2")): Object: 'Object Repository/Specific Cases Repository/LS/Client Profile/Assessments/Page_COWS Assessment/input_O2 Saturation_vso2' is clicked on

27-11-2024T11:59:03 - [MESSAGE][PASSED] - Object: 'Object Repository/Specific Cases Repository/LS/Client Profile/Assessments/Page_COWS Assessment/input_O2 Saturation_vso2' is clicked on

27-11-2024T11:59:03 - [TEST_STEP][PASSED] - setText(findTestObject("Object Repository/Specific Cases Repository/LS/Client Profile/Assessments/Page_COWS Assessment/input_O2 Saturation_vso2"), "14"): Text '14' is set on object 'Object Repository/Specific Cases Repository/LS/Client Profile/Assessments/Page_COWS Assessment/input_O2 Saturation_vso2'

27-11-2024T11:59:04 - [MESSAGE][PASSED] - Text '14' is set on object 'Object Repository/Specific Cases Repository/LS/Client Profile/Assessments/Page_COWS Assessment/input_O2 Saturation_vso2'

27-11-2024T11:59:04 - [TEST_STEP][PASSED] - setText(findTestObject("Object Repository/Specific Cases Repository/LS/Client Profile/Assessments/Page_COWS Assessment/input_Inhaled Oxygen Concentration_inhaled__06efa9"), "15"): Text '15' is set on object 'Object Repository/Specific Cases Repository/LS/Client Profile/Assessments/Page_COWS Assessment/input_Inhaled Oxygen Concentration_inhaled__06efa9'

27-11-2024T11:59:04 - [MESSAGE][PASSED] - Text '15' is set on object 'Object Repository/Specific Cases Repository/LS/Client Profile/Assessments/Page_COWS Assessment/input_Inhaled Oxygen Concentration_inhaled__06efa9'

27-11-2024T11:59:04 - [TEST_STEP][PASSED] - setText(findTestObject("Object Repository/Specific Cases Repository/LS/Client Profile/Assessments/Page_COWS Assessment/input_Additional Information_vsadditional"), "automation vital signs"): Text 'automation vital signs' is set on object 'Object Repository/Specific Cases Repository/LS/Client Profile/Assessments/Page_COWS Assessment/input_Additional Information_vsadditional'

27-11-2024T11:59:05 - [MESSAGE][PASSED] - Text 'automation vital signs' is set on object 'Object Repository/Specific Cases Repository/LS/Client Profile/Assessments/Page_COWS Assessment/input_Additional Information_vsadditional'

27-11-2024T11:59:05 - [TEST_STEP][PASSED] - click(findTestObject("Object Repository/Specific Cases Repository/LS/Client Profile/Assessments/Page_COWS Assessment/button_Save")): Object: 'Object Repository/Specific Cases Repository/LS/Client Profile/Assessments/Page_COWS Assessment/button_Save' is clicked on

27-11-2024T11:59:05 - [MESSAGE][PASSED] - Object: 'Object Repository/Specific Cases Repository/LS/Client Profile/Assessments/Page_COWS Assessment/button_Save' is clicked on

27-11-2024T11:59:05 - [TEST_STEP][PASSED] - verifyElementText(findTestObject("Object Repository/Specific Cases Repository/LS/Client Profile/Assessments/Page_COWS Assessment/b_Client Vitals"), "Client Vitals"): Actual text and expected text of test object 'Object Repository/Specific Cases Repository/LS/Client Profile/Assessments/Page_COWS Assessment/b_Client Vitals' are matched.

27-11-2024T11:59:07 - [MESSAGE][PASSED] - Actual text and expected text of test object 'Object Repository/Specific Cases Repository/LS/Client Profile/Assessments/Page_COWS Assessment/b_Client Vitals' are matched.

27-11-2024T11:59:07 - [TEST_STEP][PASSED] - verifyElementText(findTestObject("Object Repository/Specific Cases Repository/LS/Client Profile/Assessments/Page_COWS Assessment/td_14"), "14"): Actual text and expected text of test object 'Object Repository/Specific Cases Repository/LS/Client Profile/Assessments/Page_COWS Assessment/td_14' are matched.

27-11-2024T11:59:07 - [MESSAGE][PASSED] - Actual text and expected text of test object 'Object Repository/Specific Cases Repository/LS/Client Profile/Assessments/Page_COWS Assessment/td_14' are matched.

27-11-2024T11:59:07 - [TEST_STEP][PASSED] - verifyElementText(findTestObject("Object Repository/Specific Cases Repository/LS/Client Profile/Assessments/Page_COWS Assessment/td_13"), "13"): Actual text and expected text of test object 'Object Repository/Specific Cases Repository/LS/Client Profile/Assessments/Page_COWS Assessment/td_13' are matched.

27-11-2024T11:59:07 - [MESSAGE][PASSED] - Actual text and expected text of test object 'Object Repository/Specific Cases Repository/LS/Client Profile/Assessments/Page_COWS Assessment/td_13' are matched.

27-11-2024T11:59:07 - [TEST_STEP][PASSED] - click(findTestObject("Object Repository/Specific Cases Repository/LS/Client Profile/Assessments/Page_COWS Assessment/input_Sign and Lock_dss")): Object: 'Object Repository/Specific Cases Repository/LS/Client Profile/Assessments/Page_COWS Assessment/input_Sign and Lock_dss' is clicked on

27-11-2024T11:59:07 - [MESSAGE][PASSED] - Object: 'Object Repository/Specific Cases Repository/LS/Client Profile/Assessments/Page_COWS Assessment/input_Sign and Lock_dss' is clicked on

27-11-2024T11:59:07 - [TEST_STEP][PASSED] - click(findTestObject("Object Repository/Specific Cases Repository/LS/Client Profile/Assessments/Page_COWS Assessment/button_Save_1")): Object: 'Object Repository/Specific Cases Repository/LS/Client Profile/Assessments/Page_COWS Assessment/button_Save_1' is clicked on

27-11-2024T11:59:17 - [MESSAGE][PASSED] - Object: 'Object Repository/Specific Cases Repository/LS/Client Profile/Assessments/Page_COWS Assessment/button_Save_1' is clicked on

27-11-2024T11:59:17 - [TEST_STEP][PASSED] - navigateToUrl("https://site17.lsapp.cloud/client/index/1557?section=assessments"): Navigate to 'https://site17.lsapp.cloud/client/index/1557?section=assessments' successfully

27-11-2024T11:59:23 - [MESSAGE][PASSED] - Navigate to 'https://site17.lsapp.cloud/client/index/1557?section=assessments' successfully

27-11-2024T11:59:23 - [TEST_STEP][PASSED] - verifyElementText(findTestObject("Object Repository/Specific Cases Repository/LS/Client Profile/Assessments/Page_Client Profile/div_COWS Assessment"), "COWS Assessment"): Actual text and expected text of test object 'Object Repository/Specific Cases Repository/LS/Client Profile/Assessments/Page_Client Profile/div_COWS Assessment' are matched.

27-11-2024T11:59:24 - [MESSAGE][PASSED] - Actual text and expected text of test object 'Object Repository/Specific Cases Repository/LS/Client Profile/Assessments/Page_Client Profile/div_COWS Assessment' are matched.

27-11-2024T11:59:24 - [TEST_STEP][PASSED] - click(findTestObject("Object Repository/Specific Cases Repository/LS/Client Profile/Assessments/Page_Client Profile/button_New assessment_1")): Object: 'Object Repository/Specific Cases Repository/LS/Client Profile/Assessments/Page_Client Profile/button_New assessment_1' is clicked on

27-11-2024T11:59:25 - [MESSAGE][PASSED] - Object: 'Object Repository/Specific Cases Repository/LS/Client Profile/Assessments/Page_Client Profile/button_New assessment_1' is clicked on

27-11-2024T11:59:25 - [TEST_STEP][PASSED] - click(findTestObject("Object Repository/Specific Cases Repository/LS/Client Profile/Assessments/Page_Client Profile/li_CIWA B Assessment")): Object: 'Object Repository/Specific Cases Repository/LS/Client Profile/Assessments/Page_Client Profile/li_CIWA B Assessment' is clicked on

27-11-2024T11:59:25 - [MESSAGE][PASSED] - Object: 'Object Repository/Specific Cases Repository/LS/Client Profile/Assessments/Page_Client Profile/li_CIWA B Assessment' is clicked on

27-11-2024T11:59:25 - [TEST_STEP][PASSED] - click(findTestObject("Object Repository/Specific Cases Repository/LS/Client Profile/Assessments/Page_Client Profile/a_Create                arrow_right_alt_1")): Object: 'Object Repository/Specific Cases Repository/LS/Client Profile/Assessments/Page_Client Profile/a_Create                arrow_right_alt_1' is clicked on

27-11-2024T11:59:31 - [MESSAGE][PASSED] - Object: 'Object Repository/Specific Cases Repository/LS/Client Profile/Assessments/Page_Client Profile/a_Create                arrow_right_alt_1' is clicked on

27-11-2024T11:59:31 - [TEST_STEP][PASSED] - setText(findTestObject("Object Repository/Specific Cases Repository/LS/Client Profile/Assessments/Page_CIWA B Assessment/input_Heart Rate_text-1639631610170"), "13"): Text '13' is set on object 'Object Repository/Specific Cases Repository/LS/Client Profile/Assessments/Page_CIWA B Assessment/input_Heart Rate_text-1639631610170'

27-11-2024T11:59:32 - [MESSAGE][PASSED] - Text '13' is set on object 'Object Repository/Specific Cases Repository/LS/Client Profile/Assessments/Page_CIWA B Assessment/input_Heart Rate_text-1639631610170'

27-11-2024T11:59:32 - [TEST_STEP][PASSED] - setText(findTestObject("Object Repository/Specific Cases Repository/LS/Client Profile/Assessments/Page_CIWA B Assessment/input_Blood Pressure_text-1639631614126"), "14"): Text '14' is set on object 'Object Repository/Specific Cases Repository/LS/Client Profile/Assessments/Page_CIWA B Assessment/input_Blood Pressure_text-1639631614126'

27-11-2024T11:59:33 - [MESSAGE][PASSED] - Text '14' is set on object 'Object Repository/Specific Cases Repository/LS/Client Profile/Assessments/Page_CIWA B Assessment/input_Blood Pressure_text-1639631614126'

27-11-2024T11:59:33 - [TEST_STEP][PASSED] - click(findTestObject("Object Repository/Specific Cases Repository/LS/Client Profile/Assessments/Page_CIWA B Assessment/input__radio-group-1639631583021_119")): Object: 'Object Repository/Specific Cases Repository/LS/Client Profile/Assessments/Page_CIWA B Assessment/input__radio-group-1639631583021_119' is clicked on

27-11-2024T11:59:34 - [MESSAGE][PASSED] - Object: 'Object Repository/Specific Cases Repository/LS/Client Profile/Assessments/Page_CIWA B Assessment/input__radio-group-1639631583021_119' is clicked on

27-11-2024T11:59:34 - [TEST_STEP][PASSED] - click(findTestObject("Object Repository/Specific Cases Repository/LS/Client Profile/Assessments/Page_CIWA B Assessment/input__radio-group-1639631617772_119")): Object: 'Object Repository/Specific Cases Repository/LS/Client Profile/Assessments/Page_CIWA B Assessment/input__radio-group-1639631617772_119' is clicked on

27-11-2024T11:59:35 - [MESSAGE][PASSED] - Object: 'Object Repository/Specific Cases Repository/LS/Client Profile/Assessments/Page_CIWA B Assessment/input__radio-group-1639631617772_119' is clicked on

27-11-2024T11:59:35 - [TEST_STEP][PASSED] - click(findTestObject("Object Repository/Specific Cases Repository/LS/Client Profile/Assessments/Page_CIWA B Assessment/input__radio-group-1639631811028_119")): Object: 'Object Repository/Specific Cases Repository/LS/Client Profile/Assessments/Page_CIWA B Assessment/input__radio-group-1639631811028_119' is clicked on

27-11-2024T11:59:36 - [MESSAGE][PASSED] - Object: 'Object Repository/Specific Cases Repository/LS/Client Profile/Assessments/Page_CIWA B Assessment/input__radio-group-1639631811028_119' is clicked on

27-11-2024T11:59:36 - [TEST_STEP][PASSED] - click(findTestObject("Object Repository/Specific Cases Repository/LS/Client Profile/Assessments/Page_CIWA B Assessment/input__radio-group-1639631808123_119")): Object: 'Object Repository/Specific Cases Repository/LS/Client Profile/Assessments/Page_CIWA B Assessment/input__radio-group-1639631808123_119' is clicked on

27-11-2024T11:59:37 - [MESSAGE][PASSED] - Object: 'Object Repository/Specific Cases Repository/LS/Client Profile/Assessments/Page_CIWA B Assessment/input__radio-group-1639631808123_119' is clicked on

27-11-2024T11:59:37 - [TEST_STEP][PASSED] - click(findTestObject("Object Repository/Specific Cases Repository/LS/Client Profile/Assessments/Page_CIWA B Assessment/input__radio-group-1639631706819_119")): Object: 'Object Repository/Specific Cases Repository/LS/Client Profile/Assessments/Page_CIWA B Assessment/input__radio-group-1639631706819_119' is clicked on

27-11-2024T11:59:38 - [MESSAGE][PASSED] - Object: 'Object Repository/Specific Cases Repository/LS/Client Profile/Assessments/Page_CIWA B Assessment/input__radio-group-1639631706819_119' is clicked on

27-11-2024T11:59:38 - [TEST_STEP][PASSED] - click(findTestObject("Object Repository/Specific Cases Repository/LS/Client Profile/Assessments/Page_CIWA B Assessment/input__radio-group-1639631711045_119")): Object: 'Object Repository/Specific Cases Repository/LS/Client Profile/Assessments/Page_CIWA B Assessment/input__radio-group-1639631711045_119' is clicked on

27-11-2024T11:59:39 - [MESSAGE][PASSED] - Object: 'Object Repository/Specific Cases Repository/LS/Client Profile/Assessments/Page_CIWA B Assessment/input__radio-group-1639631711045_119' is clicked on

27-11-2024T11:59:39 - [TEST_STEP][PASSED] - click(findTestObject("Object Repository/Specific Cases Repository/LS/Client Profile/Assessments/Page_CIWA B Assessment/input__radio-group-1639631686224_119")): Object: 'Object Repository/Specific Cases Repository/LS/Client Profile/Assessments/Page_CIWA B Assessment/input__radio-group-1639631686224_119' is clicked on

27-11-2024T11:59:40 - [MESSAGE][PASSED] - Object: 'Object Repository/Specific Cases Repository/LS/Client Profile/Assessments/Page_CIWA B Assessment/input__radio-group-1639631686224_119' is clicked on

27-11-2024T11:59:40 - [TEST_STEP][PASSED] - click(findTestObject("Object Repository/Specific Cases Repository/LS/Client Profile/Assessments/Page_CIWA B Assessment/input_Do you think you did not get enough s_69b9b6")): Object: 'Object Repository/Specific Cases Repository/LS/Client Profile/Assessments/Page_CIWA B Assessment/input_Do you think you did not get enough s_69b9b6' is clicked on

27-11-2024T11:59:41 - [MESSAGE][PASSED] - Object: 'Object Repository/Specific Cases Repository/LS/Client Profile/Assessments/Page_CIWA B Assessment/input_Do you think you did not get enough s_69b9b6' is clicked on

27-11-2024T11:59:41 - [TEST_STEP][PASSED] - click(findTestObject("Object Repository/Specific Cases Repository/LS/Client Profile/Assessments/Page_CIWA B Assessment/input__radio-group-1639631722497_119")): Object: 'Object Repository/Specific Cases Repository/LS/Client Profile/Assessments/Page_CIWA B Assessment/input__radio-group-1639631722497_119' is clicked on

27-11-2024T11:59:42 - [MESSAGE][PASSED] - Object: 'Object Repository/Specific Cases Repository/LS/Client Profile/Assessments/Page_CIWA B Assessment/input__radio-group-1639631722497_119' is clicked on

27-11-2024T11:59:42 - [TEST_STEP][PASSED] - click(findTestObject("Object Repository/Specific Cases Repository/LS/Client Profile/Assessments/Page_CIWA B Assessment/input__radio-group-1639631732923_119")): Object: 'Object Repository/Specific Cases Repository/LS/Client Profile/Assessments/Page_CIWA B Assessment/input__radio-group-1639631732923_119' is clicked on

27-11-2024T11:59:43 - [MESSAGE][PASSED] - Object: 'Object Repository/Specific Cases Repository/LS/Client Profile/Assessments/Page_CIWA B Assessment/input__radio-group-1639631732923_119' is clicked on

27-11-2024T11:59:43 - [TEST_STEP][PASSED] - click(findTestObject("Object Repository/Specific Cases Repository/LS/Client Profile/Assessments/Page_CIWA B Assessment/input__radio-group-1639631750283_119")): Object: 'Object Repository/Specific Cases Repository/LS/Client Profile/Assessments/Page_CIWA B Assessment/input__radio-group-1639631750283_119' is clicked on

27-11-2024T11:59:43 - [MESSAGE][PASSED] - Object: 'Object Repository/Specific Cases Repository/LS/Client Profile/Assessments/Page_CIWA B Assessment/input__radio-group-1639631750283_119' is clicked on

27-11-2024T11:59:43 - [TEST_STEP][PASSED] - click(findTestObject("Object Repository/Specific Cases Repository/LS/Client Profile/Assessments/Page_CIWA B Assessment/input__radio-group-1639631744615_119")): Object: 'Object Repository/Specific Cases Repository/LS/Client Profile/Assessments/Page_CIWA B Assessment/input__radio-group-1639631744615_119' is clicked on

27-11-2024T11:59:44 - [MESSAGE][PASSED] - Object: 'Object Repository/Specific Cases Repository/LS/Client Profile/Assessments/Page_CIWA B Assessment/input__radio-group-1639631744615_119' is clicked on

27-11-2024T11:59:44 - [TEST_STEP][PASSED] - click(findTestObject("Object Repository/Specific Cases Repository/LS/Client Profile/Assessments/Page_CIWA B Assessment/input__radio-group-1639631648138_119")): Object: 'Object Repository/Specific Cases Repository/LS/Client Profile/Assessments/Page_CIWA B Assessment/input__radio-group-1639631648138_119' is clicked on

27-11-2024T11:59:45 - [MESSAGE][PASSED] - Object: 'Object Repository/Specific Cases Repository/LS/Client Profile/Assessments/Page_CIWA B Assessment/input__radio-group-1639631648138_119' is clicked on

27-11-2024T11:59:45 - [TEST_STEP][PASSED] - click(findTestObject("Object Repository/Specific Cases Repository/LS/Client Profile/Assessments/Page_CIWA B Assessment/input__radio-group-1639631651299_119")): Object: 'Object Repository/Specific Cases Repository/LS/Client Profile/Assessments/Page_CIWA B Assessment/input__radio-group-1639631651299_119' is clicked on

27-11-2024T11:59:46 - [MESSAGE][PASSED] - Object: 'Object Repository/Specific Cases Repository/LS/Client Profile/Assessments/Page_CIWA B Assessment/input__radio-group-1639631651299_119' is clicked on

27-11-2024T11:59:46 - [TEST_STEP][PASSED] - click(findTestObject("Object Repository/Specific Cases Repository/LS/Client Profile/Assessments/Page_CIWA B Assessment/input__radio-group-1639631778137_119")): Object: 'Object Repository/Specific Cases Repository/LS/Client Profile/Assessments/Page_CIWA B Assessment/input__radio-group-1639631778137_119' is clicked on

27-11-2024T11:59:47 - [MESSAGE][PASSED] - Object: 'Object Repository/Specific Cases Repository/LS/Client Profile/Assessments/Page_CIWA B Assessment/input__radio-group-1639631778137_119' is clicked on

27-11-2024T11:59:47 - [TEST_STEP][PASSED] - click(findTestObject("Object Repository/Specific Cases Repository/LS/Client Profile/Assessments/Page_CIWA B Assessment/input__radio-group-1639631758534_119")): Object: 'Object Repository/Specific Cases Repository/LS/Client Profile/Assessments/Page_CIWA B Assessment/input__radio-group-1639631758534_119' is clicked on

27-11-2024T11:59:48 - [MESSAGE][PASSED] - Object: 'Object Repository/Specific Cases Repository/LS/Client Profile/Assessments/Page_CIWA B Assessment/input__radio-group-1639631758534_119' is clicked on

27-11-2024T11:59:48 - [TEST_STEP][PASSED] - click(findTestObject("Object Repository/Specific Cases Repository/LS/Client Profile/Assessments/Page_CIWA B Assessment/input__radio-group-1639631762390_119")): Object: 'Object Repository/Specific Cases Repository/LS/Client Profile/Assessments/Page_CIWA B Assessment/input__radio-group-1639631762390_119' is clicked on

27-11-2024T11:59:49 - [MESSAGE][PASSED] - Object: 'Object Repository/Specific Cases Repository/LS/Client Profile/Assessments/Page_CIWA B Assessment/input__radio-group-1639631762390_119' is clicked on

27-11-2024T11:59:49 - [TEST_STEP][PASSED] - click(findTestObject("Object Repository/Specific Cases Repository/LS/Client Profile/Assessments/Page_CIWA B Assessment/input__radio-group-1639631660024_119")): Object: 'Object Repository/Specific Cases Repository/LS/Client Profile/Assessments/Page_CIWA B Assessment/input__radio-group-1639631660024_119' is clicked on

27-11-2024T11:59:50 - [MESSAGE][PASSED] - Object: 'Object Repository/Specific Cases Repository/LS/Client Profile/Assessments/Page_CIWA B Assessment/input__radio-group-1639631660024_119' is clicked on

27-11-2024T11:59:50 - [TEST_STEP][PASSED] - click(findTestObject("Object Repository/Specific Cases Repository/LS/Client Profile/Assessments/Page_CIWA B Assessment/input__radio-group-1639631669718_119")): Object: 'Object Repository/Specific Cases Repository/LS/Client Profile/Assessments/Page_CIWA B Assessment/input__radio-group-1639631669718_119' is clicked on

27-11-2024T11:59:51 - [MESSAGE][PASSED] - Object: 'Object Repository/Specific Cases Repository/LS/Client Profile/Assessments/Page_CIWA B Assessment/input__radio-group-1639631669718_119' is clicked on

27-11-2024T11:59:51 - [TEST_STEP][PASSED] - setText(findTestObject("Object Repository/Specific Cases Repository/LS/Client Profile/Assessments/Page_CIWA B Assessment/textarea_Additional Information_textarea-16_acaf1e"), "automation formdata test"): Text 'automation formdata test' is set on object 'Object Repository/Specific Cases Repository/LS/Client Profile/Assessments/Page_CIWA B Assessment/textarea_Additional Information_textarea-16_acaf1e'

27-11-2024T11:59:52 - [MESSAGE][PASSED] - Text 'automation formdata test' is set on object 'Object Repository/Specific Cases Repository/LS/Client Profile/Assessments/Page_CIWA B Assessment/textarea_Additional Information_textarea-16_acaf1e'

27-11-2024T11:59:52 - [TEST_STEP][PASSED] - verifyElementText(findTestObject("Object Repository/Specific Cases Repository/LS/Client Profile/Assessments/Page_CIWA B Assessment/td_36 Moderate Withdrawal"), "36 Moderate Withdrawal"): Actual text and expected text of test object 'Object Repository/Specific Cases Repository/LS/Client Profile/Assessments/Page_CIWA B Assessment/td_36 Moderate Withdrawal' are matched.

27-11-2024T11:59:52 - [MESSAGE][PASSED] - Actual text and expected text of test object 'Object Repository/Specific Cases Repository/LS/Client Profile/Assessments/Page_CIWA B Assessment/td_36 Moderate Withdrawal' are matched.

27-11-2024T11:59:52 - [TEST_STEP][PASSED] - verifyElementText(findTestObject("Object Repository/Specific Cases Repository/LS/Client Profile/Assessments/Page_CIWA B Assessment/div_The following required fields do not ha_73f9ba"), "The following required fields do not have responses"): Actual text and expected text of test object 'Object Repository/Specific Cases Repository/LS/Client Profile/Assessments/Page_CIWA B Assessment/div_The following required fields do not ha_73f9ba' are matched.

27-11-2024T11:59:52 - [MESSAGE][PASSED] - Actual text and expected text of test object 'Object Repository/Specific Cases Repository/LS/Client Profile/Assessments/Page_CIWA B Assessment/div_The following required fields do not ha_73f9ba' are matched.

27-11-2024T11:59:52 - [TEST_STEP][PASSED] - verifyElementText(findTestObject("Object Repository/Specific Cases Repository/LS/Client Profile/Assessments/Page_CIWA B Assessment/span_Clinician Observations RestlessnessObs_1dce3a"), "Clinician Observations: RestlessnessObserve behavior for restlessness and agitation *"): Actual text and expected text of test object 'Object Repository/Specific Cases Repository/LS/Client Profile/Assessments/Page_CIWA B Assessment/span_Clinician Observations RestlessnessObs_1dce3a' are matched.

27-11-2024T11:59:53 - [MESSAGE][PASSED] - Actual text and expected text of test object 'Object Repository/Specific Cases Repository/LS/Client Profile/Assessments/Page_CIWA B Assessment/span_Clinician Observations RestlessnessObs_1dce3a' are matched.

27-11-2024T11:59:53 - [TEST_STEP][PASSED] - click(findTestObject("Object Repository/Specific Cases Repository/LS/Client Profile/Assessments/Page_CIWA B Assessment/input__radio-group-1639631774054_119")): Object: 'Object Repository/Specific Cases Repository/LS/Client Profile/Assessments/Page_CIWA B Assessment/input__radio-group-1639631774054_119' is clicked on

27-11-2024T11:59:53 - [MESSAGE][PASSED] - Object: 'Object Repository/Specific Cases Repository/LS/Client Profile/Assessments/Page_CIWA B Assessment/input__radio-group-1639631774054_119' is clicked on

27-11-2024T11:59:53 - [TEST_STEP][PASSED] - verifyElementText(findTestObject("Object Repository/Specific Cases Repository/LS/Client Profile/Assessments/Page_CIWA B Assessment/td_40 Severe Withdrawal"), "40 Severe Withdrawal"): Actual text and expected text of test object 'Object Repository/Specific Cases Repository/LS/Client Profile/Assessments/Page_CIWA B Assessment/td_40 Severe Withdrawal' are matched.

27-11-2024T11:59:54 - [MESSAGE][PASSED] - Actual text and expected text of test object 'Object Repository/Specific Cases Repository/LS/Client Profile/Assessments/Page_CIWA B Assessment/td_40 Severe Withdrawal' are matched.

27-11-2024T11:59:54 - [TEST_STEP][PASSED] - click(findTestObject("Object Repository/Specific Cases Repository/LS/Client Profile/Assessments/Page_CIWA B Assessment/input_Sign and Lock_dss")): Object: 'Object Repository/Specific Cases Repository/LS/Client Profile/Assessments/Page_CIWA B Assessment/input_Sign and Lock_dss' is clicked on

27-11-2024T11:59:54 - [MESSAGE][PASSED] - Object: 'Object Repository/Specific Cases Repository/LS/Client Profile/Assessments/Page_CIWA B Assessment/input_Sign and Lock_dss' is clicked on

27-11-2024T11:59:54 - [TEST_STEP][PASSED] - click(findTestObject("Object Repository/Specific Cases Repository/LS/Client Profile/Assessments/Page_CIWA B Assessment/button_Save")): Object: 'Object Repository/Specific Cases Repository/LS/Client Profile/Assessments/Page_CIWA B Assessment/button_Save' is clicked on

27-11-2024T12:00:05 - [MESSAGE][PASSED] - Object: 'Object Repository/Specific Cases Repository/LS/Client Profile/Assessments/Page_CIWA B Assessment/button_Save' is clicked on

27-11-2024T12:00:05 - [TEST_STEP][PASSED] - navigateToUrl("https://site17.lsapp.cloud/client/index/1557?section=assessments"): Navigate to 'https://site17.lsapp.cloud/client/index/1557?section=assessments' successfully

27-11-2024T12:00:16 - [MESSAGE][PASSED] - Navigate to 'https://site17.lsapp.cloud/client/index/1557?section=assessments' successfully

27-11-2024T12:00:16 - [TEST_STEP][PASSED] - verifyElementText(findTestObject("Object Repository/Specific Cases Repository/LS/Client Profile/Assessments/Page_Client Profile/div_CIWA B Assessment"), "CIWA B Assessment"): Actual text and expected text of test object 'Object Repository/Specific Cases Repository/LS/Client Profile/Assessments/Page_Client Profile/div_CIWA B Assessment' are matched.

27-11-2024T12:00:17 - [MESSAGE][PASSED] - Actual text and expected text of test object 'Object Repository/Specific Cases Repository/LS/Client Profile/Assessments/Page_Client Profile/div_CIWA B Assessment' are matched.

27-11-2024T12:00:17 - [TEST_STEP][PASSED] - click(findTestObject("Object Repository/Specific Cases Repository/LS/Client Profile/Assessments/Page_Client Profile/button_New assessment_1")): Object: 'Object Repository/Specific Cases Repository/LS/Client Profile/Assessments/Page_Client Profile/button_New assessment_1' is clicked on

27-11-2024T12:00:18 - [MESSAGE][PASSED] - Object: 'Object Repository/Specific Cases Repository/LS/Client Profile/Assessments/Page_Client Profile/button_New assessment_1' is clicked on

27-11-2024T12:00:18 - [TEST_STEP][PASSED] - click(findTestObject("Object Repository/Specific Cases Repository/LS/Client Profile/Assessments/Page_Client Profile/li_AM Assessment")): Object: 'Object Repository/Specific Cases Repository/LS/Client Profile/Assessments/Page_Client Profile/li_AM Assessment' is clicked on

27-11-2024T12:00:18 - [MESSAGE][PASSED] - Object: 'Object Repository/Specific Cases Repository/LS/Client Profile/Assessments/Page_Client Profile/li_AM Assessment' is clicked on

27-11-2024T12:00:18 - [TEST_STEP][PASSED] - click(findTestObject("Object Repository/Specific Cases Repository/LS/Client Profile/Assessments/Page_Client Profile/a_Create                arrow_right_alt_1")): Object: 'Object Repository/Specific Cases Repository/LS/Client Profile/Assessments/Page_Client Profile/a_Create                arrow_right_alt_1' is clicked on

27-11-2024T12:00:23 - [MESSAGE][PASSED] - Object: 'Object Repository/Specific Cases Repository/LS/Client Profile/Assessments/Page_Client Profile/a_Create                arrow_right_alt_1' is clicked on

27-11-2024T12:00:23 - [TEST_STEP][PASSED] - setText(findTestObject("Object Repository/Specific Cases Repository/LS/Client Profile/Assessments/Page_AM Assessment/input_How many hours of restful sleep did y_a36804"), "Automation test"): Text 'Automation test' is set on object 'Object Repository/Specific Cases Repository/LS/Client Profile/Assessments/Page_AM Assessment/input_How many hours of restful sleep did y_a36804'

27-11-2024T12:00:23 - [MESSAGE][PASSED] - Text 'Automation test' is set on object 'Object Repository/Specific Cases Repository/LS/Client Profile/Assessments/Page_AM Assessment/input_How many hours of restful sleep did y_a36804'

27-11-2024T12:00:23 - [TEST_STEP][PASSED] - selectOptionByValue(findTestObject("Object Repository/Specific Cases Repository/LS/Client Profile/Assessments/Page_AM Assessment/select_YesNo"), "No", true): All options with value 'No' are selected in object 'Object Repository/Specific Cases Repository/LS/Client Profile/Assessments/Page_AM Assessment/select_YesNo'  using regular expression

27-11-2024T12:00:24 - [MESSAGE][PASSED] - All options with value 'No' are selected in object 'Object Repository/Specific Cases Repository/LS/Client Profile/Assessments/Page_AM Assessment/select_YesNo'  using regular expression

27-11-2024T12:00:24 - [TEST_STEP][PASSED] - selectOptionByValue(findTestObject("Object Repository/Specific Cases Repository/LS/Client Profile/Assessments/Page_AM Assessment/select_YesNo_1"), "Yes", true): All options with value 'Yes' are selected in object 'Object Repository/Specific Cases Repository/LS/Client Profile/Assessments/Page_AM Assessment/select_YesNo_1'  using regular expression

27-11-2024T12:00:26 - [MESSAGE][PASSED] - All options with value 'Yes' are selected in object 'Object Repository/Specific Cases Repository/LS/Client Profile/Assessments/Page_AM Assessment/select_YesNo_1'  using regular expression

27-11-2024T12:00:26 - [TEST_STEP][PASSED] - setText(findTestObject("Object Repository/Specific Cases Repository/LS/Client Profile/Assessments/Page_AM Assessment/textarea_If yes, please describe_txtnightmares"), "automation test description"): Text 'automation test description' is set on object 'Object Repository/Specific Cases Repository/LS/Client Profile/Assessments/Page_AM Assessment/textarea_If yes, please describe_txtnightmares'

27-11-2024T12:00:27 - [MESSAGE][PASSED] - Text 'automation test description' is set on object 'Object Repository/Specific Cases Repository/LS/Client Profile/Assessments/Page_AM Assessment/textarea_If yes, please describe_txtnightmares'

27-11-2024T12:00:27 - [TEST_STEP][PASSED] - selectOptionByValue(findTestObject("Object Repository/Specific Cases Repository/LS/Client Profile/Assessments/Page_AM Assessment/select_YesNo_1_2"), "No", true): All options with value 'No' are selected in object 'Object Repository/Specific Cases Repository/LS/Client Profile/Assessments/Page_AM Assessment/select_YesNo_1_2'  using regular expression

27-11-2024T12:00:28 - [MESSAGE][PASSED] - All options with value 'No' are selected in object 'Object Repository/Specific Cases Repository/LS/Client Profile/Assessments/Page_AM Assessment/select_YesNo_1_2'  using regular expression

27-11-2024T12:00:28 - [TEST_STEP][PASSED] - setText(findTestObject("Object Repository/Specific Cases Repository/LS/Client Profile/Assessments/Page_AM Assessment/textarea_Please describe your appetite. Is _ec8639"), "automation desciption 2"): Text 'automation desciption 2' is set on object 'Object Repository/Specific Cases Repository/LS/Client Profile/Assessments/Page_AM Assessment/textarea_Please describe your appetite. Is _ec8639'

27-11-2024T12:00:29 - [MESSAGE][PASSED] - Text 'automation desciption 2' is set on object 'Object Repository/Specific Cases Repository/LS/Client Profile/Assessments/Page_AM Assessment/textarea_Please describe your appetite. Is _ec8639'

27-11-2024T12:00:29 - [TEST_STEP][PASSED] - click(findTestObject("Object Repository/Specific Cases Repository/LS/Client Profile/Assessments/Page_AM Assessment/input_Severity of Depression_depressionrating")): Object: 'Object Repository/Specific Cases Repository/LS/Client Profile/Assessments/Page_AM Assessment/input_Severity of Depression_depressionrating' is clicked on

27-11-2024T12:00:29 - [MESSAGE][PASSED] - Object: 'Object Repository/Specific Cases Repository/LS/Client Profile/Assessments/Page_AM Assessment/input_Severity of Depression_depressionrating' is clicked on

27-11-2024T12:00:29 - [TEST_STEP][PASSED] - click(findTestObject("Object Repository/Specific Cases Repository/LS/Client Profile/Assessments/Page_AM Assessment/input_Severity of Anxiety_anxietyrating")): Object: 'Object Repository/Specific Cases Repository/LS/Client Profile/Assessments/Page_AM Assessment/input_Severity of Anxiety_anxietyrating' is clicked on

27-11-2024T12:00:30 - [MESSAGE][PASSED] - Object: 'Object Repository/Specific Cases Repository/LS/Client Profile/Assessments/Page_AM Assessment/input_Severity of Anxiety_anxietyrating' is clicked on

27-11-2024T12:00:31 - [TEST_STEP][PASSED] - selectOptionByValue(findTestObject("Object Repository/Specific Cases Repository/LS/Client Profile/Assessments/Page_AM Assessment/select_YesNo_1_2_3"), "No", true): All options with value 'No' are selected in object 'Object Repository/Specific Cases Repository/LS/Client Profile/Assessments/Page_AM Assessment/select_YesNo_1_2_3'  using regular expression

27-11-2024T12:00:32 - [MESSAGE][PASSED] - All options with value 'No' are selected in object 'Object Repository/Specific Cases Repository/LS/Client Profile/Assessments/Page_AM Assessment/select_YesNo_1_2_3'  using regular expression

27-11-2024T12:00:32 - [TEST_STEP][PASSED] - setText(findTestObject("Object Repository/Specific Cases Repository/LS/Client Profile/Assessments/Page_AM Assessment/input_When was your last bowel movement_lastbm"), "automation response"): Text 'automation response' is set on object 'Object Repository/Specific Cases Repository/LS/Client Profile/Assessments/Page_AM Assessment/input_When was your last bowel movement_lastbm'

27-11-2024T12:00:33 - [MESSAGE][PASSED] - Text 'automation response' is set on object 'Object Repository/Specific Cases Repository/LS/Client Profile/Assessments/Page_AM Assessment/input_When was your last bowel movement_lastbm'

27-11-2024T12:00:33 - [TEST_STEP][PASSED] - setText(findTestObject("Object Repository/Specific Cases Repository/LS/Client Profile/Assessments/Page_AM Assessment/textarea_Additional Information_note"), "autoamtion rsponse 2"): Text 'autoamtion rsponse 2' is set on object 'Object Repository/Specific Cases Repository/LS/Client Profile/Assessments/Page_AM Assessment/textarea_Additional Information_note'

27-11-2024T12:00:34 - [MESSAGE][PASSED] - Text 'autoamtion rsponse 2' is set on object 'Object Repository/Specific Cases Repository/LS/Client Profile/Assessments/Page_AM Assessment/textarea_Additional Information_note'

27-11-2024T12:00:34 - [TEST_STEP][PASSED] - verifyElementText(findTestObject("Object Repository/Specific Cases Repository/LS/Client Profile/Assessments/Page_AM Assessment/b_Vital Signs"), "Vital Signs"): Actual text and expected text of test object 'Object Repository/Specific Cases Repository/LS/Client Profile/Assessments/Page_AM Assessment/b_Vital Signs' are matched.

27-11-2024T12:00:34 - [MESSAGE][PASSED] - Actual text and expected text of test object 'Object Repository/Specific Cases Repository/LS/Client Profile/Assessments/Page_AM Assessment/b_Vital Signs' are matched.

27-11-2024T12:00:34 - [TEST_STEP][PASSED] - click(findTestObject("Object Repository/Specific Cases Repository/LS/Client Profile/Assessments/Page_AM Assessment/button_Save")): Object: 'Object Repository/Specific Cases Repository/LS/Client Profile/Assessments/Page_AM Assessment/button_Save' is clicked on

27-11-2024T12:00:47 - [MESSAGE][PASSED] - Object: 'Object Repository/Specific Cases Repository/LS/Client Profile/Assessments/Page_AM Assessment/button_Save' is clicked on

27-11-2024T12:00:47 - [TEST_STEP][PASSED] - navigateToUrl("https://site17.lsapp.cloud/client/index/1557?section=assessments"): Navigate to 'https://site17.lsapp.cloud/client/index/1557?section=assessments' successfully

27-11-2024T12:00:56 - [MESSAGE][PASSED] - Navigate to 'https://site17.lsapp.cloud/client/index/1557?section=assessments' successfully

27-11-2024T12:00:56 - [TEST_STEP][PASSED] - verifyElementText(findTestObject("Object Repository/Specific Cases Repository/LS/Client Profile/Assessments/Page_Client Profile/div_AM Assessment"), "AM Assessment"): Actual text and expected text of test object 'Object Repository/Specific Cases Repository/LS/Client Profile/Assessments/Page_Client Profile/div_AM Assessment' are matched.

27-11-2024T12:00:57 - [MESSAGE][PASSED] - Actual text and expected text of test object 'Object Repository/Specific Cases Repository/LS/Client Profile/Assessments/Page_Client Profile/div_AM Assessment' are matched.

27-11-2024T12:00:57 - [TEST_STEP][PASSED] - verifyElementText(findTestObject("Object Repository/Specific Cases Repository/LS/Client Profile/Assessments/Page_Client Profile/div_Not signed"), "Not signed"): Actual text and expected text of test object 'Object Repository/Specific Cases Repository/LS/Client Profile/Assessments/Page_Client Profile/div_Not signed' are matched.

27-11-2024T12:00:58 - [MESSAGE][PASSED] - Actual text and expected text of test object 'Object Repository/Specific Cases Repository/LS/Client Profile/Assessments/Page_Client Profile/div_Not signed' are matched.

27-11-2024T12:00:58 - [TEST_STEP][PASSED] - closeBrowser(): Browser is closed

27-11-2024T12:00:58 - [MESSAGE][PASSED] - Browser is closed]]></system-out>
         <system-err><![CDATA[]]></system-err>
      </testcase>
      <testcase name="Test Cases/Specific Cases/LS/Client Profile/Progress Notes" time="138.108" classname="Test Cases/Specific Cases/LS/Client Profile/Progress Notes" status="PASSED">
         <system-out><![CDATA[27-11-2024T12:00:58 - [TEST_CASE][PASSED] - Test Cases/Specific Cases/LS/Client Profile/Progress Notes: Test Cases/Specific Cases/LS/Client Profile/Progress Notes

27-11-2024T12:00:58 - [TEST_STEP][PASSED] - callTestCase(findTestCase("Common Cases/Login"), [:], STOP_ON_FAILURE): Call Test Case 'Test Cases/Common Cases/Login' successfully

27-11-2024T12:00:58 - [TEST_CASE][PASSED] - Test Cases/Common Cases/Login: Test Cases/Common Cases/Login

27-11-2024T12:00:58 - [TEST_STEP][PASSED] - openBrowser(""): Browser is opened with url: ''

27-11-2024T12:00:58 - [MESSAGE][INFO] - Starting 'Chrome' driver

27-11-2024T12:00:58 - [MESSAGE][INFO] - Action delay is set to 0 milliseconds

27-11-2024T12:00:59 - [MESSAGE][PASSED] - Browser is opened with url: ''

27-11-2024T12:00:59 - [TEST_STEP][PASSED] - maximizeWindow(): Current window maximized

27-11-2024T12:00:59 - [MESSAGE][PASSED] - Current window maximized

27-11-2024T12:00:59 - [TEST_STEP][PASSED] - navigateToUrl("https://site17.lsapp.cloud/auth/login"): Navigate to 'https://site17.lsapp.cloud/auth/login' successfully

27-11-2024T12:01:02 - [MESSAGE][PASSED] - Navigate to 'https://site17.lsapp.cloud/auth/login' successfully

27-11-2024T12:01:02 - [TEST_STEP][PASSED] - setText(findTestObject("Object Repository/Common Cases Repository/Login/Page_Lightning Step/input_Email_email"), "automation@lightningstep.com"): Text 'automation@lightningstep.com' is set on object 'Object Repository/Common Cases Repository/Login/Page_Lightning Step/input_Email_email'

27-11-2024T12:01:03 - [MESSAGE][PASSED] - Text 'automation@lightningstep.com' is set on object 'Object Repository/Common Cases Repository/Login/Page_Lightning Step/input_Email_email'

27-11-2024T12:01:03 - [TEST_STEP][PASSED] - setEncryptedText(findTestObject("Object Repository/Common Cases Repository/Login/Page_Lightning Step/input_Password_password"), "e5N8VHmnhJDITtQaQhDQDw=="): Text ****** has been set on object 'Object Repository/Common Cases Repository/Login/Page_Lightning Step/input_Password_password'

27-11-2024T12:01:04 - [MESSAGE][PASSED] - Text ****** has been set on object 'Object Repository/Common Cases Repository/Login/Page_Lightning Step/input_Password_password'

27-11-2024T12:01:04 - [TEST_STEP][PASSED] - click(findTestObject("Object Repository/Common Cases Repository/Login/Page_Lightning Step/button_Sign in")): Object: 'Object Repository/Common Cases Repository/Login/Page_Lightning Step/button_Sign in' is clicked on

27-11-2024T12:01:24 - [MESSAGE][PASSED] - Object: 'Object Repository/Common Cases Repository/Login/Page_Lightning Step/button_Sign in' is clicked on

27-11-2024T12:01:24 - [MESSAGE][PASSED] - Call Test Case 'Test Cases/Common Cases/Login' successfully

27-11-2024T12:01:24 - [TEST_STEP][PASSED] - navigateToUrl("https://site17.lsapp.cloud/client/index/1557?section=notes"): Navigate to 'https://site17.lsapp.cloud/client/index/1557?section=notes' successfully

27-11-2024T12:01:35 - [MESSAGE][PASSED] - Navigate to 'https://site17.lsapp.cloud/client/index/1557?section=notes' successfully

27-11-2024T12:01:35 - [TEST_STEP][PASSED] - click(findTestObject("Object Repository/Specific Cases Repository/LS/Client Profile/Progress Notes/Page_Client Profile/button_New note")): Object: 'Object Repository/Specific Cases Repository/LS/Client Profile/Progress Notes/Page_Client Profile/button_New note' is clicked on

27-11-2024T12:01:36 - [MESSAGE][PASSED] - Object: 'Object Repository/Specific Cases Repository/LS/Client Profile/Progress Notes/Page_Client Profile/button_New note' is clicked on

27-11-2024T12:01:36 - [TEST_STEP][PASSED] - click(findTestObject("Object Repository/Specific Cases Repository/LS/Client Profile/Progress Notes/Page_Client Profile/span_south_west")): Object: 'Object Repository/Specific Cases Repository/LS/Client Profile/Progress Notes/Page_Client Profile/span_south_west' is clicked on

27-11-2024T12:01:36 - [MESSAGE][PASSED] - Object: 'Object Repository/Specific Cases Repository/LS/Client Profile/Progress Notes/Page_Client Profile/span_south_west' is clicked on

27-11-2024T12:01:36 - [TEST_STEP][PASSED] - verifyElementText(findTestObject("Object Repository/Specific Cases Repository/LS/Client Profile/Progress Notes/Page_Client Profile/a_Expand viewarrow_outward"), "Expand viewarrow_outward"): Actual text and expected text of test object 'Object Repository/Specific Cases Repository/LS/Client Profile/Progress Notes/Page_Client Profile/a_Expand viewarrow_outward' are matched.

27-11-2024T12:01:37 - [MESSAGE][PASSED] - Actual text and expected text of test object 'Object Repository/Specific Cases Repository/LS/Client Profile/Progress Notes/Page_Client Profile/a_Expand viewarrow_outward' are matched.

27-11-2024T12:01:37 - [TEST_STEP][PASSED] - click(findTestObject("Object Repository/Specific Cases Repository/LS/Client Profile/Progress Notes/Page_Client Profile/span_arrow_outward")): Object: 'Object Repository/Specific Cases Repository/LS/Client Profile/Progress Notes/Page_Client Profile/span_arrow_outward' is clicked on

27-11-2024T12:01:37 - [MESSAGE][PASSED] - Object: 'Object Repository/Specific Cases Repository/LS/Client Profile/Progress Notes/Page_Client Profile/span_arrow_outward' is clicked on

27-11-2024T12:01:37 - [TEST_STEP][PASSED] - verifyElementText(findTestObject("Object Repository/Specific Cases Repository/LS/Client Profile/Progress Notes/Page_Client Profile/a_Collapse viewsouth_west"), "Collapse viewsouth_west"): Actual text and expected text of test object 'Object Repository/Specific Cases Repository/LS/Client Profile/Progress Notes/Page_Client Profile/a_Collapse viewsouth_west' are matched.

27-11-2024T12:01:38 - [MESSAGE][PASSED] - Actual text and expected text of test object 'Object Repository/Specific Cases Repository/LS/Client Profile/Progress Notes/Page_Client Profile/a_Collapse viewsouth_west' are matched.

27-11-2024T12:01:38 - [TEST_STEP][PASSED] - click(findTestObject("Object Repository/Specific Cases Repository/LS/Client Profile/Progress Notes/Page_Client Profile/a_Cancel")): Object: 'Object Repository/Specific Cases Repository/LS/Client Profile/Progress Notes/Page_Client Profile/a_Cancel' is clicked on

27-11-2024T12:01:38 - [MESSAGE][PASSED] - Object: 'Object Repository/Specific Cases Repository/LS/Client Profile/Progress Notes/Page_Client Profile/a_Cancel' is clicked on

27-11-2024T12:01:38 - [TEST_STEP][PASSED] - click(findTestObject("Object Repository/Specific Cases Repository/LS/Client Profile/Progress Notes/Page_Client Profile/button_New note")): Object: 'Object Repository/Specific Cases Repository/LS/Client Profile/Progress Notes/Page_Client Profile/button_New note' is clicked on

27-11-2024T12:01:38 - [MESSAGE][PASSED] - Object: 'Object Repository/Specific Cases Repository/LS/Client Profile/Progress Notes/Page_Client Profile/button_New note' is clicked on

27-11-2024T12:01:38 - [TEST_STEP][PASSED] - click(findTestObject("Object Repository/Specific Cases Repository/LS/Client Profile/Progress Notes/Page_Client Profile/li_Clinical Note")): Object: 'Object Repository/Specific Cases Repository/LS/Client Profile/Progress Notes/Page_Client Profile/li_Clinical Note' is clicked on

27-11-2024T12:01:39 - [MESSAGE][PASSED] - Object: 'Object Repository/Specific Cases Repository/LS/Client Profile/Progress Notes/Page_Client Profile/li_Clinical Note' is clicked on

27-11-2024T12:01:39 - [TEST_STEP][PASSED] - click(findTestObject("Object Repository/Specific Cases Repository/LS/Client Profile/Progress Notes/Page_Client Profile/li_Individual Progress Note")): Object: 'Object Repository/Specific Cases Repository/LS/Client Profile/Progress Notes/Page_Client Profile/li_Individual Progress Note' is clicked on

27-11-2024T12:01:39 - [MESSAGE][PASSED] - Object: 'Object Repository/Specific Cases Repository/LS/Client Profile/Progress Notes/Page_Client Profile/li_Individual Progress Note' is clicked on

27-11-2024T12:01:39 - [TEST_STEP][PASSED] - click(findTestObject("Object Repository/Specific Cases Repository/LS/Client Profile/Progress Notes/Page_Client Profile/li_Clinical Note")): Object: 'Object Repository/Specific Cases Repository/LS/Client Profile/Progress Notes/Page_Client Profile/li_Clinical Note' is clicked on

27-11-2024T12:01:39 - [MESSAGE][PASSED] - Object: 'Object Repository/Specific Cases Repository/LS/Client Profile/Progress Notes/Page_Client Profile/li_Clinical Note' is clicked on

27-11-2024T12:01:39 - [TEST_STEP][PASSED] - click(findTestObject("Object Repository/Specific Cases Repository/LS/Client Profile/Progress Notes/Page_Client Profile/a_Create            arrow_right_alt")): Object: 'Object Repository/Specific Cases Repository/LS/Client Profile/Progress Notes/Page_Client Profile/a_Create            arrow_right_alt' is clicked on

27-11-2024T12:01:43 - [MESSAGE][PASSED] - Object: 'Object Repository/Specific Cases Repository/LS/Client Profile/Progress Notes/Page_Client Profile/a_Create            arrow_right_alt' is clicked on

27-11-2024T12:01:43 - [TEST_STEP][PASSED] - setText(findTestObject("Object Repository/Specific Cases Repository/LS/Client Profile/Progress Notes/Page_Clinical Note/input__subject"), "Automation Clinical Note B Client"): Text 'Automation Clinical Note B Client' is set on object 'Object Repository/Specific Cases Repository/LS/Client Profile/Progress Notes/Page_Clinical Note/input__subject'

27-11-2024T12:01:45 - [MESSAGE][PASSED] - Text 'Automation Clinical Note B Client' is set on object 'Object Repository/Specific Cases Repository/LS/Client Profile/Progress Notes/Page_Clinical Note/input__subject'

27-11-2024T12:01:45 - [TEST_STEP][PASSED] - setText(findTestObject("Object Repository/Specific Cases Repository/LS/Client Profile/Progress Notes/Page_Clinical Note/textarea_Note_textarea-1687188811798"), "Automation Clinical Note test"): Text 'Automation Clinical Note test' is set on object 'Object Repository/Specific Cases Repository/LS/Client Profile/Progress Notes/Page_Clinical Note/textarea_Note_textarea-1687188811798'

27-11-2024T12:01:45 - [MESSAGE][PASSED] - Text 'Automation Clinical Note test' is set on object 'Object Repository/Specific Cases Repository/LS/Client Profile/Progress Notes/Page_Clinical Note/textarea_Note_textarea-1687188811798'

27-11-2024T12:01:45 - [TEST_STEP][PASSED] - click(findTestObject("Object Repository/Specific Cases Repository/LS/Client Profile/Progress Notes/Page_Clinical Note/input_Sign and Lock_dss")): Object: 'Object Repository/Specific Cases Repository/LS/Client Profile/Progress Notes/Page_Clinical Note/input_Sign and Lock_dss' is clicked on

27-11-2024T12:01:46 - [MESSAGE][PASSED] - Object: 'Object Repository/Specific Cases Repository/LS/Client Profile/Progress Notes/Page_Clinical Note/input_Sign and Lock_dss' is clicked on

27-11-2024T12:01:46 - [TEST_STEP][PASSED] - click(findTestObject("Object Repository/Specific Cases Repository/LS/Client Profile/Progress Notes/Page_Clinical Note/button_Save")): Object: 'Object Repository/Specific Cases Repository/LS/Client Profile/Progress Notes/Page_Clinical Note/button_Save' is clicked on

27-11-2024T12:01:55 - [MESSAGE][PASSED] - Object: 'Object Repository/Specific Cases Repository/LS/Client Profile/Progress Notes/Page_Clinical Note/button_Save' is clicked on

27-11-2024T12:01:55 - [TEST_STEP][PASSED] - navigateToUrl("https://site17.lsapp.cloud/client/index/1557?section=notes"): Navigate to 'https://site17.lsapp.cloud/client/index/1557?section=notes' successfully

27-11-2024T12:02:02 - [MESSAGE][PASSED] - Navigate to 'https://site17.lsapp.cloud/client/index/1557?section=notes' successfully

27-11-2024T12:02:02 - [TEST_STEP][PASSED] - verifyElementText(findTestObject("Object Repository/Specific Cases Repository/LS/Client Profile/Progress Notes/Page_Client Profile/div_Clinical Note"), "Clinical Note"): Actual text and expected text of test object 'Object Repository/Specific Cases Repository/LS/Client Profile/Progress Notes/Page_Client Profile/div_Clinical Note' are matched.

27-11-2024T12:02:04 - [MESSAGE][PASSED] - Actual text and expected text of test object 'Object Repository/Specific Cases Repository/LS/Client Profile/Progress Notes/Page_Client Profile/div_Clinical Note' are matched.

27-11-2024T12:02:04 - [TEST_STEP][PASSED] - verifyElementText(findTestObject("Object Repository/Specific Cases Repository/LS/Client Profile/Progress Notes/Page_Client Profile/div_Automation Clinical Note B Client"), "Automation Clinical Note B Client"): Actual text and expected text of test object 'Object Repository/Specific Cases Repository/LS/Client Profile/Progress Notes/Page_Client Profile/div_Automation Clinical Note B Client' are matched.

27-11-2024T12:02:04 - [MESSAGE][PASSED] - Actual text and expected text of test object 'Object Repository/Specific Cases Repository/LS/Client Profile/Progress Notes/Page_Client Profile/div_Automation Clinical Note B Client' are matched.

27-11-2024T12:02:04 - [TEST_STEP][PASSED] - verifyElementText(findTestObject("Object Repository/Specific Cases Repository/LS/Client Profile/Progress Notes/Page_Client Profile/div_Automation Test"), "Automation Test"): Actual text and expected text of test object 'Object Repository/Specific Cases Repository/LS/Client Profile/Progress Notes/Page_Client Profile/div_Automation Test' are matched.

27-11-2024T12:02:04 - [MESSAGE][PASSED] - Actual text and expected text of test object 'Object Repository/Specific Cases Repository/LS/Client Profile/Progress Notes/Page_Client Profile/div_Automation Test' are matched.

27-11-2024T12:02:04 - [TEST_STEP][PASSED] - verifyElementText(findTestObject("Object Repository/Specific Cases Repository/LS/Client Profile/Progress Notes/Page_Client Profile/div_Signed"), "Signed"): Actual text and expected text of test object 'Object Repository/Specific Cases Repository/LS/Client Profile/Progress Notes/Page_Client Profile/div_Signed' are matched.

27-11-2024T12:02:05 - [MESSAGE][PASSED] - Actual text and expected text of test object 'Object Repository/Specific Cases Repository/LS/Client Profile/Progress Notes/Page_Client Profile/div_Signed' are matched.

27-11-2024T12:02:05 - [TEST_STEP][PASSED] - click(findTestObject("Object Repository/Specific Cases Repository/LS/Client Profile/Progress Notes/Page_Client Profile/i_Signed_fa fa-pencil")): Object: 'Object Repository/Specific Cases Repository/LS/Client Profile/Progress Notes/Page_Client Profile/i_Signed_fa fa-pencil' is clicked on

27-11-2024T12:02:11 - [MESSAGE][PASSED] - Object: 'Object Repository/Specific Cases Repository/LS/Client Profile/Progress Notes/Page_Client Profile/i_Signed_fa fa-pencil' is clicked on

27-11-2024T12:02:11 - [TEST_STEP][PASSED] - verifyElementText(findTestObject("Object Repository/Specific Cases Repository/LS/Client Profile/Progress Notes/Page_Clinical Note/span_Document is signed and may not be changed"), "Document is signed and may not be changed."): Actual text and expected text of test object 'Object Repository/Specific Cases Repository/LS/Client Profile/Progress Notes/Page_Clinical Note/span_Document is signed and may not be changed' are matched.

27-11-2024T12:02:12 - [MESSAGE][PASSED] - Actual text and expected text of test object 'Object Repository/Specific Cases Repository/LS/Client Profile/Progress Notes/Page_Clinical Note/span_Document is signed and may not be changed' are matched.

27-11-2024T12:02:12 - [TEST_STEP][PASSED] - verifyElementText(findTestObject("Object Repository/Specific Cases Repository/LS/Client Profile/Progress Notes/Page_Clinical Note/b_This record has been signed and locked an_a12aad"), "This record has been signed and locked and may no longer be edited."): Actual text and expected text of test object 'Object Repository/Specific Cases Repository/LS/Client Profile/Progress Notes/Page_Clinical Note/b_This record has been signed and locked an_a12aad' are matched.

27-11-2024T12:02:12 - [MESSAGE][PASSED] - Actual text and expected text of test object 'Object Repository/Specific Cases Repository/LS/Client Profile/Progress Notes/Page_Clinical Note/b_This record has been signed and locked an_a12aad' are matched.

27-11-2024T12:02:12 - [TEST_STEP][PASSED] - click(findTestObject("Object Repository/Specific Cases Repository/LS/Client Profile/Progress Notes/Page_Clinical Note/a_Unlock and Remove Signature")): Object: 'Object Repository/Specific Cases Repository/LS/Client Profile/Progress Notes/Page_Clinical Note/a_Unlock and Remove Signature' is clicked on

27-11-2024T12:02:13 - [MESSAGE][PASSED] - Object: 'Object Repository/Specific Cases Repository/LS/Client Profile/Progress Notes/Page_Clinical Note/a_Unlock and Remove Signature' is clicked on

27-11-2024T12:02:13 - [TEST_STEP][PASSED] - verifyElementText(findTestObject("Object Repository/Specific Cases Repository/LS/Client Profile/Progress Notes/Page_Client Profile/div_Not signed"), "Not signed"): Actual text and expected text of test object 'Object Repository/Specific Cases Repository/LS/Client Profile/Progress Notes/Page_Client Profile/div_Not signed' are matched.

27-11-2024T12:02:22 - [MESSAGE][PASSED] - Actual text and expected text of test object 'Object Repository/Specific Cases Repository/LS/Client Profile/Progress Notes/Page_Client Profile/div_Not signed' are matched.

27-11-2024T12:02:22 - [TEST_STEP][PASSED] - click(findTestObject("Object Repository/Specific Cases Repository/LS/Client Profile/Progress Notes/Page_Client Profile/i_Signed_fa fa-pencil")): Object: 'Object Repository/Specific Cases Repository/LS/Client Profile/Progress Notes/Page_Client Profile/i_Signed_fa fa-pencil' is clicked on

27-11-2024T12:02:27 - [MESSAGE][PASSED] - Object: 'Object Repository/Specific Cases Repository/LS/Client Profile/Progress Notes/Page_Client Profile/i_Signed_fa fa-pencil' is clicked on

27-11-2024T12:02:27 - [TEST_STEP][PASSED] - setText(findTestObject("Object Repository/Specific Cases Repository/LS/Client Profile/Progress Notes/Page_Clinical Note/textarea_Automation Clinical Note test"), "Unlock and Remove Signatures automation test"): Text 'Unlock and Remove Signatures automation test' is set on object 'Object Repository/Specific Cases Repository/LS/Client Profile/Progress Notes/Page_Clinical Note/textarea_Automation Clinical Note test'

27-11-2024T12:02:29 - [MESSAGE][PASSED] - Text 'Unlock and Remove Signatures automation test' is set on object 'Object Repository/Specific Cases Repository/LS/Client Profile/Progress Notes/Page_Clinical Note/textarea_Automation Clinical Note test'

27-11-2024T12:02:29 - [TEST_STEP][PASSED] - click(findTestObject("Object Repository/Specific Cases Repository/LS/Client Profile/Progress Notes/Page_Clinical Note/input_Sign and Lock_dss")): Object: 'Object Repository/Specific Cases Repository/LS/Client Profile/Progress Notes/Page_Clinical Note/input_Sign and Lock_dss' is clicked on

27-11-2024T12:02:29 - [MESSAGE][PASSED] - Object: 'Object Repository/Specific Cases Repository/LS/Client Profile/Progress Notes/Page_Clinical Note/input_Sign and Lock_dss' is clicked on

27-11-2024T12:02:29 - [TEST_STEP][PASSED] - click(findTestObject("Object Repository/Specific Cases Repository/LS/Client Profile/Progress Notes/Page_Clinical Note/button_Save")): Object: 'Object Repository/Specific Cases Repository/LS/Client Profile/Progress Notes/Page_Clinical Note/button_Save' is clicked on

27-11-2024T12:02:39 - [MESSAGE][PASSED] - Object: 'Object Repository/Specific Cases Repository/LS/Client Profile/Progress Notes/Page_Clinical Note/button_Save' is clicked on

27-11-2024T12:02:39 - [TEST_STEP][PASSED] - navigateToUrl("https://site17.lsapp.cloud/client/index/1557?section=notes"): Navigate to 'https://site17.lsapp.cloud/client/index/1557?section=notes' successfully

27-11-2024T12:02:45 - [MESSAGE][PASSED] - Navigate to 'https://site17.lsapp.cloud/client/index/1557?section=notes' successfully

27-11-2024T12:02:45 - [TEST_STEP][PASSED] - verifyElementText(findTestObject("Object Repository/Specific Cases Repository/LS/Client Profile/Progress Notes/Page_Client Profile/div_Signed"), "Signed"): Actual text and expected text of test object 'Object Repository/Specific Cases Repository/LS/Client Profile/Progress Notes/Page_Client Profile/div_Signed' are matched.

27-11-2024T12:02:46 - [MESSAGE][PASSED] - Actual text and expected text of test object 'Object Repository/Specific Cases Repository/LS/Client Profile/Progress Notes/Page_Client Profile/div_Signed' are matched.

27-11-2024T12:02:46 - [TEST_STEP][PASSED] - click(findTestObject("Object Repository/Specific Cases Repository/LS/Client Profile/Progress Notes/Page_Client Profile/button_New note")): Object: 'Object Repository/Specific Cases Repository/LS/Client Profile/Progress Notes/Page_Client Profile/button_New note' is clicked on

27-11-2024T12:02:47 - [MESSAGE][PASSED] - Object: 'Object Repository/Specific Cases Repository/LS/Client Profile/Progress Notes/Page_Client Profile/button_New note' is clicked on

27-11-2024T12:02:47 - [TEST_STEP][PASSED] - click(findTestObject("Object Repository/Specific Cases Repository/LS/Client Profile/Progress Notes/Page_Client Profile/li_Case Note")): Object: 'Object Repository/Specific Cases Repository/LS/Client Profile/Progress Notes/Page_Client Profile/li_Case Note' is clicked on

27-11-2024T12:02:47 - [MESSAGE][PASSED] - Object: 'Object Repository/Specific Cases Repository/LS/Client Profile/Progress Notes/Page_Client Profile/li_Case Note' is clicked on

27-11-2024T12:02:47 - [TEST_STEP][PASSED] - click(findTestObject("Object Repository/Specific Cases Repository/LS/Client Profile/Progress Notes/Page_Client Profile/span_arrow_right_alt")): Object: 'Object Repository/Specific Cases Repository/LS/Client Profile/Progress Notes/Page_Client Profile/span_arrow_right_alt' is clicked on

27-11-2024T12:02:52 - [MESSAGE][PASSED] - Object: 'Object Repository/Specific Cases Repository/LS/Client Profile/Progress Notes/Page_Client Profile/span_arrow_right_alt' is clicked on

27-11-2024T12:02:52 - [TEST_STEP][PASSED] - setText(findTestObject("Object Repository/Specific Cases Repository/LS/Client Profile/Progress Notes/Page_Case Note/textarea_Note_note"), "Autoamtion case note"): Text 'Autoamtion case note' is set on object 'Object Repository/Specific Cases Repository/LS/Client Profile/Progress Notes/Page_Case Note/textarea_Note_note'

27-11-2024T12:02:53 - [MESSAGE][PASSED] - Text 'Autoamtion case note' is set on object 'Object Repository/Specific Cases Repository/LS/Client Profile/Progress Notes/Page_Case Note/textarea_Note_note'

27-11-2024T12:02:53 - [TEST_STEP][PASSED] - selectOptionByValue(findTestObject("Object Repository/Specific Cases Repository/LS/Client Profile/Progress Notes/Page_Case Note/select_Program Attendance                  _a823b5"), "Program Attendance", true): All options with value 'Program Attendance' are selected in object 'Object Repository/Specific Cases Repository/LS/Client Profile/Progress Notes/Page_Case Note/select_Program Attendance                  _a823b5'  using regular expression

27-11-2024T12:02:54 - [MESSAGE][PASSED] - All options with value 'Program Attendance' are selected in object 'Object Repository/Specific Cases Repository/LS/Client Profile/Progress Notes/Page_Case Note/select_Program Attendance                  _a823b5'  using regular expression

27-11-2024T12:02:54 - [TEST_STEP][PASSED] - click(findTestObject("Object Repository/Specific Cases Repository/LS/Client Profile/Progress Notes/Page_Case Note/input_Sign and Lock_dss")): Object: 'Object Repository/Specific Cases Repository/LS/Client Profile/Progress Notes/Page_Case Note/input_Sign and Lock_dss' is clicked on

27-11-2024T12:02:55 - [MESSAGE][PASSED] - Object: 'Object Repository/Specific Cases Repository/LS/Client Profile/Progress Notes/Page_Case Note/input_Sign and Lock_dss' is clicked on

27-11-2024T12:02:55 - [TEST_STEP][PASSED] - click(findTestObject("Object Repository/Specific Cases Repository/LS/Client Profile/Progress Notes/Page_Case Note/button_Save")): Object: 'Object Repository/Specific Cases Repository/LS/Client Profile/Progress Notes/Page_Case Note/button_Save' is clicked on

27-11-2024T12:03:04 - [MESSAGE][PASSED] - Object: 'Object Repository/Specific Cases Repository/LS/Client Profile/Progress Notes/Page_Case Note/button_Save' is clicked on

27-11-2024T12:03:04 - [TEST_STEP][PASSED] - navigateToUrl("https://site17.lsapp.cloud/client/index/1557?section=notes"): Navigate to 'https://site17.lsapp.cloud/client/index/1557?section=notes' successfully

27-11-2024T12:03:14 - [MESSAGE][PASSED] - Navigate to 'https://site17.lsapp.cloud/client/index/1557?section=notes' successfully

27-11-2024T12:03:14 - [TEST_STEP][PASSED] - verifyElementText(findTestObject("Object Repository/Specific Cases Repository/LS/Client Profile/Progress Notes/Page_Client Profile/div_Case Note"), "Case Note"): Actual text and expected text of test object 'Object Repository/Specific Cases Repository/LS/Client Profile/Progress Notes/Page_Client Profile/div_Case Note' are matched.

27-11-2024T12:03:15 - [MESSAGE][PASSED] - Actual text and expected text of test object 'Object Repository/Specific Cases Repository/LS/Client Profile/Progress Notes/Page_Client Profile/div_Case Note' are matched.

27-11-2024T12:03:15 - [TEST_STEP][PASSED] - verifyElementText(findTestObject("Object Repository/Specific Cases Repository/LS/Client Profile/Progress Notes/Page_Client Profile/div_Program Attendance"), "Program Attendance"): Actual text and expected text of test object 'Object Repository/Specific Cases Repository/LS/Client Profile/Progress Notes/Page_Client Profile/div_Program Attendance' are matched.

27-11-2024T12:03:16 - [MESSAGE][PASSED] - Actual text and expected text of test object 'Object Repository/Specific Cases Repository/LS/Client Profile/Progress Notes/Page_Client Profile/div_Program Attendance' are matched.

27-11-2024T12:03:16 - [TEST_STEP][PASSED] - closeBrowser(): Browser is closed

27-11-2024T12:03:16 - [MESSAGE][PASSED] - Browser is closed]]></system-out>
         <system-err><![CDATA[]]></system-err>
      </testcase>
      <testcase name="Test Cases/Specific Cases/LS/Client Profile/Lab Orders" time="71.231" classname="Test Cases/Specific Cases/LS/Client Profile/Lab Orders" status="FAILED">
         <failure type="FAILED" message="Test Cases/Specific Cases/LS/Client Profile/Lab Orders FAILED.&#xa;Reason:&#xa;com.kms.katalon.core.exception.StepFailedException: Verify element text of test object 'Object Repository/Specific Cases Repository/LS/Client Profile/Lab Orders/Page_Lab Order/p_Successfully submitted Lab Order' FAILED.&#xa;	at com.kms.katalon.core.webui.keyword.internal.WebUIKeywordMain.stepFailed(WebUIKeywordMain.groovy:117)&#xa;	at com.kms.katalon.core.webui.keyword.internal.WebUIKeywordMain.runKeyword(WebUIKeywordMain.groovy:43)&#xa;	at com.kms.katalon.core.webui.keyword.builtin.VerifyElementTextKeyword.verifyElementText(VerifyElementTextKeyword.groovy:72)&#xa;	at com.kms.katalon.core.webui.keyword.builtin.VerifyElementTextKeyword.execute(VerifyElementTextKeyword.groovy:40)&#xa;	at com.kms.katalon.core.keyword.internal.KeywordExecutor.executeKeywordForPlatform(KeywordExecutor.groovy:74)&#xa;	at com.kms.katalon.core.webui.keyword.WebUiBuiltInKeywords.verifyElementText(WebUiBuiltInKeywords.groovy:4835)&#xa;	at Lab Orders.run(Lab Orders:70)&#xa;	at com.kms.katalon.core.main.ScriptEngine.run(ScriptEngine.java:194)&#xa;	at com.kms.katalon.core.main.ScriptEngine.runScriptAsRawText(ScriptEngine.java:119)&#xa;	at com.kms.katalon.core.main.TestCaseExecutor.runScript(TestCaseExecutor.java:448)&#xa;	at com.kms.katalon.core.main.TestCaseExecutor.doExecute(TestCaseExecutor.java:439)&#xa;	at com.kms.katalon.core.main.TestCaseExecutor.processExecutionPhase(TestCaseExecutor.java:418)&#xa;	at com.kms.katalon.core.main.TestCaseExecutor.accessMainPhase(TestCaseExecutor.java:410)&#xa;	at com.kms.katalon.core.main.TestCaseExecutor.execute(TestCaseExecutor.java:285)&#xa;	at com.kms.katalon.core.common.CommonExecutor.accessTestCaseMainPhase(CommonExecutor.java:65)&#xa;	at com.kms.katalon.core.main.TestSuiteExecutor.accessTestSuiteMainPhase(TestSuiteExecutor.java:150)&#xa;	at com.kms.katalon.core.main.TestSuiteExecutor.execute(TestSuiteExecutor.java:106)&#xa;	at com.kms.katalon.core.main.TestCaseMain.startTestSuite(TestCaseMain.java:180)&#xa;	at TempTestSuite1732726653928.run(TempTestSuite1732726653928.groovy:35)&#xa;	at java.base/jdk.internal.reflect.NativeMethodAccessorImpl.invoke0(Native Method)&#xa;	at java.base/jdk.internal.reflect.NativeMethodAccessorImpl.invoke(NativeMethodAccessorImpl.java:77)&#xa;	at java.base/jdk.internal.reflect.DelegatingMethodAccessorImpl.invoke(DelegatingMethodAccessorImpl.java:43)&#xa;Caused by: com.kms.katalon.core.exception.StepFailedException: Actual text '' and expected text 'Successfully submitted Lab Order.' of test object 'Object Repository/Specific Cases Repository/LS/Client Profile/Lab Orders/Page_Lab Order/p_Successfully submitted Lab Order' are NOT matched.&#xa;	at com.kms.katalon.core.webui.keyword.internal.WebUIKeywordMain.stepFailed(WebUIKeywordMain.groovy:117)&#xa;	at com.kms.katalon.core.webui.keyword.builtin.VerifyElementTextKeyword$_verifyElementText_closure1.doCall(VerifyElementTextKeyword.groovy:57)&#xa;	at com.kms.katalon.core.webui.keyword.builtin.VerifyElementTextKeyword$_verifyElementText_closure1.call(VerifyElementTextKeyword.groovy)&#xa;	at com.kms.katalon.core.webui.keyword.internal.WebUIKeywordMain.runKeyword(WebUIKeywordMain.groovy:35)&#xa;	... 20 more&#xa;"/>
         <system-out><![CDATA[27-11-2024T12:03:16 - [TEST_CASE][FAILED] - Test Cases/Specific Cases/LS/Client Profile/Lab Orders: Test Cases/Specific Cases/LS/Client Profile/Lab Orders FAILED.
Reason:
com.kms.katalon.core.exception.StepFailedException: Verify element text of test object 'Object Repository/Specific Cases Repository/LS/Client Profile/Lab Orders/Page_Lab Order/p_Successfully submitted Lab Order' FAILED.
	at com.kms.katalon.core.webui.keyword.internal.WebUIKeywordMain.stepFailed(WebUIKeywordMain.groovy:117)
	at com.kms.katalon.core.webui.keyword.internal.WebUIKeywordMain.runKeyword(WebUIKeywordMain.groovy:43)
	at com.kms.katalon.core.webui.keyword.builtin.VerifyElementTextKeyword.verifyElementText(VerifyElementTextKeyword.groovy:72)
	at com.kms.katalon.core.webui.keyword.builtin.VerifyElementTextKeyword.execute(VerifyElementTextKeyword.groovy:40)
	at com.kms.katalon.core.keyword.internal.KeywordExecutor.executeKeywordForPlatform(KeywordExecutor.groovy:74)
	at com.kms.katalon.core.webui.keyword.WebUiBuiltInKeywords.verifyElementText(WebUiBuiltInKeywords.groovy:4835)
	at Lab Orders.run(Lab Orders:70)
	at com.kms.katalon.core.main.ScriptEngine.run(ScriptEngine.java:194)
	at com.kms.katalon.core.main.ScriptEngine.runScriptAsRawText(ScriptEngine.java:119)
	at com.kms.katalon.core.main.TestCaseExecutor.runScript(TestCaseExecutor.java:448)
	at com.kms.katalon.core.main.TestCaseExecutor.doExecute(TestCaseExecutor.java:439)
	at com.kms.katalon.core.main.TestCaseExecutor.processExecutionPhase(TestCaseExecutor.java:418)
	at com.kms.katalon.core.main.TestCaseExecutor.accessMainPhase(TestCaseExecutor.java:410)
	at com.kms.katalon.core.main.TestCaseExecutor.execute(TestCaseExecutor.java:285)
	at com.kms.katalon.core.common.CommonExecutor.accessTestCaseMainPhase(CommonExecutor.java:65)
	at com.kms.katalon.core.main.TestSuiteExecutor.accessTestSuiteMainPhase(TestSuiteExecutor.java:150)
	at com.kms.katalon.core.main.TestSuiteExecutor.execute(TestSuiteExecutor.java:106)
	at com.kms.katalon.core.main.TestCaseMain.startTestSuite(TestCaseMain.java:180)
	at TempTestSuite1732726653928.run(TempTestSuite1732726653928.groovy:35)
	at java.base/jdk.internal.reflect.NativeMethodAccessorImpl.invoke0(Native Method)
	at java.base/jdk.internal.reflect.NativeMethodAccessorImpl.invoke(NativeMethodAccessorImpl.java:77)
	at java.base/jdk.internal.reflect.DelegatingMethodAccessorImpl.invoke(DelegatingMethodAccessorImpl.java:43)
Caused by: com.kms.katalon.core.exception.StepFailedException: Actual text '' and expected text 'Successfully submitted Lab Order.' of test object 'Object Repository/Specific Cases Repository/LS/Client Profile/Lab Orders/Page_Lab Order/p_Successfully submitted Lab Order' are NOT matched.
	at com.kms.katalon.core.webui.keyword.internal.WebUIKeywordMain.stepFailed(WebUIKeywordMain.groovy:117)
	at com.kms.katalon.core.webui.keyword.builtin.VerifyElementTextKeyword$_verifyElementText_closure1.doCall(VerifyElementTextKeyword.groovy:57)
	at com.kms.katalon.core.webui.keyword.builtin.VerifyElementTextKeyword$_verifyElementText_closure1.call(VerifyElementTextKeyword.groovy)
	at com.kms.katalon.core.webui.keyword.internal.WebUIKeywordMain.runKeyword(WebUIKeywordMain.groovy:35)
	... 20 more


27-11-2024T12:03:16 - [TEST_STEP][PASSED] - callTestCase(findTestCase("Common Cases/Login"), [:], STOP_ON_FAILURE): Call Test Case 'Test Cases/Common Cases/Login' successfully

27-11-2024T12:03:16 - [TEST_CASE][PASSED] - Test Cases/Common Cases/Login: Test Cases/Common Cases/Login

27-11-2024T12:03:16 - [TEST_STEP][PASSED] - openBrowser(""): Browser is opened with url: ''

27-11-2024T12:03:16 - [MESSAGE][INFO] - Starting 'Chrome' driver

27-11-2024T12:03:16 - [MESSAGE][INFO] - Action delay is set to 0 milliseconds

27-11-2024T12:03:17 - [MESSAGE][PASSED] - Browser is opened with url: ''

27-11-2024T12:03:17 - [TEST_STEP][PASSED] - maximizeWindow(): Current window maximized

27-11-2024T12:03:17 - [MESSAGE][PASSED] - Current window maximized

27-11-2024T12:03:17 - [TEST_STEP][PASSED] - navigateToUrl("https://site17.lsapp.cloud/auth/login"): Navigate to 'https://site17.lsapp.cloud/auth/login' successfully

27-11-2024T12:03:19 - [MESSAGE][PASSED] - Navigate to 'https://site17.lsapp.cloud/auth/login' successfully

27-11-2024T12:03:19 - [TEST_STEP][PASSED] - setText(findTestObject("Object Repository/Common Cases Repository/Login/Page_Lightning Step/input_Email_email"), "automation@lightningstep.com"): Text 'automation@lightningstep.com' is set on object 'Object Repository/Common Cases Repository/Login/Page_Lightning Step/input_Email_email'

27-11-2024T12:03:20 - [MESSAGE][PASSED] - Text 'automation@lightningstep.com' is set on object 'Object Repository/Common Cases Repository/Login/Page_Lightning Step/input_Email_email'

27-11-2024T12:03:20 - [TEST_STEP][PASSED] - setEncryptedText(findTestObject("Object Repository/Common Cases Repository/Login/Page_Lightning Step/input_Password_password"), "e5N8VHmnhJDITtQaQhDQDw=="): Text ****** has been set on object 'Object Repository/Common Cases Repository/Login/Page_Lightning Step/input_Password_password'

27-11-2024T12:03:20 - [MESSAGE][PASSED] - Text ****** has been set on object 'Object Repository/Common Cases Repository/Login/Page_Lightning Step/input_Password_password'

27-11-2024T12:03:20 - [TEST_STEP][PASSED] - click(findTestObject("Object Repository/Common Cases Repository/Login/Page_Lightning Step/button_Sign in")): Object: 'Object Repository/Common Cases Repository/Login/Page_Lightning Step/button_Sign in' is clicked on

27-11-2024T12:03:29 - [MESSAGE][PASSED] - Object: 'Object Repository/Common Cases Repository/Login/Page_Lightning Step/button_Sign in' is clicked on

27-11-2024T12:03:29 - [MESSAGE][PASSED] - Call Test Case 'Test Cases/Common Cases/Login' successfully

27-11-2024T12:03:29 - [TEST_STEP][PASSED] - navigateToUrl("https://site17.lsapp.cloud/client/index/1557?section=laborders"): Navigate to 'https://site17.lsapp.cloud/client/index/1557?section=laborders' successfully

27-11-2024T12:03:38 - [MESSAGE][PASSED] - Navigate to 'https://site17.lsapp.cloud/client/index/1557?section=laborders' successfully

27-11-2024T12:03:38 - [TEST_STEP][PASSED] - click(findTestObject("Object Repository/Specific Cases Repository/LS/Client Profile/Lab Orders/Page_Client Profile/i_add")): Object: 'Object Repository/Specific Cases Repository/LS/Client Profile/Lab Orders/Page_Client Profile/i_add' is clicked on

27-11-2024T12:03:44 - [MESSAGE][PASSED] - Object: 'Object Repository/Specific Cases Repository/LS/Client Profile/Lab Orders/Page_Client Profile/i_add' is clicked on

27-11-2024T12:03:44 - [TEST_STEP][PASSED] - selectOptionByValue(findTestObject("Object Repository/Specific Cases Repository/LS/Client Profile/Lab Orders/Page_Lab Order/select_-- Please select --Carreno, Enrique NPI"), "1302", true): All options with value '1302' are selected in object 'Object Repository/Specific Cases Repository/LS/Client Profile/Lab Orders/Page_Lab Order/select_-- Please select --Carreno, Enrique NPI'  using regular expression

27-11-2024T12:03:46 - [MESSAGE][PASSED] - All options with value '1302' are selected in object 'Object Repository/Specific Cases Repository/LS/Client Profile/Lab Orders/Page_Lab Order/select_-- Please select --Carreno, Enrique NPI'  using regular expression

27-11-2024T12:03:46 - [TEST_STEP][PASSED] - selectOptionByValue(findTestObject("Object Repository/Specific Cases Repository/LS/Client Profile/Lab Orders/Page_Lab Order/select_Urine Specimen Container            _9d61b4"), "OFC", true): All options with value 'OFC' are selected in object 'Object Repository/Specific Cases Repository/LS/Client Profile/Lab Orders/Page_Lab Order/select_Urine Specimen Container            _9d61b4'  using regular expression

27-11-2024T12:03:47 - [MESSAGE][PASSED] - All options with value 'OFC' are selected in object 'Object Repository/Specific Cases Repository/LS/Client Profile/Lab Orders/Page_Lab Order/select_Urine Specimen Container            _9d61b4'  using regular expression

27-11-2024T12:03:47 - [TEST_STEP][PASSED] - selectOptionByValue(findTestObject("Object Repository/Specific Cases Repository/LS/Client Profile/Lab Orders/Page_Lab Order/select_Frozen                              _7e1fe1"), "F", true): All options with value 'F' are selected in object 'Object Repository/Specific Cases Repository/LS/Client Profile/Lab Orders/Page_Lab Order/select_Frozen                              _7e1fe1'  using regular expression

27-11-2024T12:03:48 - [MESSAGE][PASSED] - All options with value 'F' are selected in object 'Object Repository/Specific Cases Repository/LS/Client Profile/Lab Orders/Page_Lab Order/select_Frozen                              _7e1fe1'  using regular expression

27-11-2024T12:03:48 - [TEST_STEP][PASSED] - selectOptionByValue(findTestObject("Object Repository/Specific Cases Repository/LS/Client Profile/Lab Orders/Page_Lab Order/select_Urine                               _a20f86"), "OF", true): All options with value 'OF' are selected in object 'Object Repository/Specific Cases Repository/LS/Client Profile/Lab Orders/Page_Lab Order/select_Urine                               _a20f86'  using regular expression

27-11-2024T12:03:49 - [MESSAGE][PASSED] - All options with value 'OF' are selected in object 'Object Repository/Specific Cases Repository/LS/Client Profile/Lab Orders/Page_Lab Order/select_Urine                               _a20f86'  using regular expression

27-11-2024T12:03:49 - [TEST_STEP][PASSED] - setText(findTestObject("Object Repository/Specific Cases Repository/LS/Client Profile/Lab Orders/Page_Lab Order/textarea_Rationale_rationale_text1"), "10"): Text '10' is set on object 'Object Repository/Specific Cases Repository/LS/Client Profile/Lab Orders/Page_Lab Order/textarea_Rationale_rationale_text1'

27-11-2024T12:03:49 - [MESSAGE][PASSED] - Text '10' is set on object 'Object Repository/Specific Cases Repository/LS/Client Profile/Lab Orders/Page_Lab Order/textarea_Rationale_rationale_text1'

27-11-2024T12:03:49 - [TEST_STEP][PASSED] - click(findTestObject("Object Repository/Specific Cases Repository/LS/Client Profile/Lab Orders/Page_Lab Order/a_Lab Tests")): Object: 'Object Repository/Specific Cases Repository/LS/Client Profile/Lab Orders/Page_Lab Order/a_Lab Tests' is clicked on

27-11-2024T12:03:50 - [MESSAGE][PASSED] - Object: 'Object Repository/Specific Cases Repository/LS/Client Profile/Lab Orders/Page_Lab Order/a_Lab Tests' is clicked on

27-11-2024T12:03:50 - [TEST_STEP][PASSED] - click(findTestObject("Object Repository/Specific Cases Repository/LS/Client Profile/Lab Orders/Page_Lab Order/span_Select Test(s)")): Object: 'Object Repository/Specific Cases Repository/LS/Client Profile/Lab Orders/Page_Lab Order/span_Select Test(s)' is clicked on

27-11-2024T12:03:50 - [MESSAGE][PASSED] - Object: 'Object Repository/Specific Cases Repository/LS/Client Profile/Lab Orders/Page_Lab Order/span_Select Test(s)' is clicked on

27-11-2024T12:03:50 - [TEST_STEP][PASSED] - click(findTestObject("Object Repository/Specific Cases Repository/LS/Client Profile/Lab Orders/Page_Lab Order/input_checkbox")): Object: 'Object Repository/Specific Cases Repository/LS/Client Profile/Lab Orders/Page_Lab Order/input_checkbox' is clicked on

27-11-2024T12:03:51 - [MESSAGE][PASSED] - Object: 'Object Repository/Specific Cases Repository/LS/Client Profile/Lab Orders/Page_Lab Order/input_checkbox' is clicked on

27-11-2024T12:03:51 - [TEST_STEP][PASSED] - click(findTestObject("Object Repository/Specific Cases Repository/LS/Client Profile/Lab Orders/Page_Lab Order/input_checkbox_1")): Object: 'Object Repository/Specific Cases Repository/LS/Client Profile/Lab Orders/Page_Lab Order/input_checkbox_1' is clicked on

27-11-2024T12:03:52 - [MESSAGE][PASSED] - Object: 'Object Repository/Specific Cases Repository/LS/Client Profile/Lab Orders/Page_Lab Order/input_checkbox_1' is clicked on

27-11-2024T12:03:52 - [TEST_STEP][PASSED] - click(findTestObject("Object Repository/Specific Cases Repository/LS/Client Profile/Lab Orders/Page_Lab Order/a_Requisition")): Object: 'Object Repository/Specific Cases Repository/LS/Client Profile/Lab Orders/Page_Lab Order/a_Requisition' is clicked on

27-11-2024T12:03:53 - [MESSAGE][PASSED] - Object: 'Object Repository/Specific Cases Repository/LS/Client Profile/Lab Orders/Page_Lab Order/a_Requisition' is clicked on

27-11-2024T12:03:53 - [TEST_STEP][PASSED] - verifyElementText(findTestObject("Object Repository/Specific Cases Repository/LS/Client Profile/Lab Orders/Page_Lab Order/h5_Patient Name B Client B Automation"), "Patient Name: B Client B Automation"): Actual text and expected text of test object 'Object Repository/Specific Cases Repository/LS/Client Profile/Lab Orders/Page_Lab Order/h5_Patient Name B Client B Automation' are matched.

27-11-2024T12:03:54 - [MESSAGE][PASSED] - Actual text and expected text of test object 'Object Repository/Specific Cases Repository/LS/Client Profile/Lab Orders/Page_Lab Order/h5_Patient Name B Client B Automation' are matched.

27-11-2024T12:03:54 - [TEST_STEP][PASSED] - verifyElementText(findTestObject("Object Repository/Specific Cases Repository/LS/Client Profile/Lab Orders/Page_Lab Order/h5_MRN 24-11007"), "MRN: 24-11007"): Actual text and expected text of test object 'Object Repository/Specific Cases Repository/LS/Client Profile/Lab Orders/Page_Lab Order/h5_MRN 24-11007' are matched.

27-11-2024T12:03:54 - [MESSAGE][PASSED] - Actual text and expected text of test object 'Object Repository/Specific Cases Repository/LS/Client Profile/Lab Orders/Page_Lab Order/h5_MRN 24-11007' are matched.

27-11-2024T12:03:54 - [TEST_STEP][PASSED] - verifyElementText(findTestObject("Object Repository/Specific Cases Repository/LS/Client Profile/Lab Orders/Page_Lab Order/h5_Date of Birth 01022001"), "Date of Birth: 01/02/2001"): Actual text and expected text of test object 'Object Repository/Specific Cases Repository/LS/Client Profile/Lab Orders/Page_Lab Order/h5_Date of Birth 01022001' are matched.

27-11-2024T12:03:54 - [MESSAGE][PASSED] - Actual text and expected text of test object 'Object Repository/Specific Cases Repository/LS/Client Profile/Lab Orders/Page_Lab Order/h5_Date of Birth 01022001' are matched.

27-11-2024T12:03:54 - [TEST_STEP][PASSED] - verifyElementText(findTestObject("Object Repository/Specific Cases Repository/LS/Client Profile/Lab Orders/Page_Lab Order/h5_Facility Name Dog Treatment Center"), "Facility Name: Dog Treatment Center"): Actual text and expected text of test object 'Object Repository/Specific Cases Repository/LS/Client Profile/Lab Orders/Page_Lab Order/h5_Facility Name Dog Treatment Center' are matched.

27-11-2024T12:03:55 - [MESSAGE][PASSED] - Actual text and expected text of test object 'Object Repository/Specific Cases Repository/LS/Client Profile/Lab Orders/Page_Lab Order/h5_Facility Name Dog Treatment Center' are matched.

27-11-2024T12:03:55 - [TEST_STEP][PASSED] - verifyElementText(findTestObject("Object Repository/Specific Cases Repository/LS/Client Profile/Lab Orders/Page_Lab Order/h5_Performing Lab Dominion"), "Performing Lab: Dominion"): Actual text and expected text of test object 'Object Repository/Specific Cases Repository/LS/Client Profile/Lab Orders/Page_Lab Order/h5_Performing Lab Dominion' are matched.

27-11-2024T12:03:55 - [MESSAGE][PASSED] - Actual text and expected text of test object 'Object Repository/Specific Cases Repository/LS/Client Profile/Lab Orders/Page_Lab Order/h5_Performing Lab Dominion' are matched.

27-11-2024T12:03:55 - [TEST_STEP][PASSED] - click(findTestObject("Object Repository/Specific Cases Repository/LS/Client Profile/Lab Orders/Page_Lab Order/b_Results")): Object: 'Object Repository/Specific Cases Repository/LS/Client Profile/Lab Orders/Page_Lab Order/b_Results' is clicked on

27-11-2024T12:03:55 - [MESSAGE][PASSED] - Object: 'Object Repository/Specific Cases Repository/LS/Client Profile/Lab Orders/Page_Lab Order/b_Results' is clicked on

27-11-2024T12:03:55 - [TEST_STEP][PASSED] - click(findTestObject("Object Repository/Specific Cases Repository/LS/Client Profile/Lab Orders/Page_Lab Order/button_Submit Ordersend")): Object: 'Object Repository/Specific Cases Repository/LS/Client Profile/Lab Orders/Page_Lab Order/button_Submit Ordersend' is clicked on

27-11-2024T12:03:55 - [MESSAGE][PASSED] - Object: 'Object Repository/Specific Cases Repository/LS/Client Profile/Lab Orders/Page_Lab Order/button_Submit Ordersend' is clicked on

27-11-2024T12:03:55 - [TEST_STEP][FAILED] - verifyElementText(findTestObject("Object Repository/Specific Cases Repository/LS/Client Profile/Lab Orders/Page_Lab Order/p_Successfully submitted Lab Order"), "Successfully submitted Lab Order."): Verify element text of test object 'Object Repository/Specific Cases Repository/LS/Client Profile/Lab Orders/Page_Lab Order/p_Successfully submitted Lab Order' FAILED. (Root cause: com.kms.katalon.core.exception.StepFailedException: Verify element text of test object 'Object Repository/Specific Cases Repository/LS/Client Profile/Lab Orders/Page_Lab Order/p_Successfully submitted Lab Order' FAILED.
	at com.kms.katalon.core.webui.keyword.internal.WebUIKeywordMain.stepFailed(WebUIKeywordMain.groovy:117)
	at com.kms.katalon.core.webui.keyword.internal.WebUIKeywordMain.runKeyword(WebUIKeywordMain.groovy:43)
	at com.kms.katalon.core.webui.keyword.builtin.VerifyElementTextKeyword.verifyElementText(VerifyElementTextKeyword.groovy:72)
	at com.kms.katalon.core.webui.keyword.builtin.VerifyElementTextKeyword.execute(VerifyElementTextKeyword.groovy:40)
	at com.kms.katalon.core.keyword.internal.KeywordExecutor.executeKeywordForPlatform(KeywordExecutor.groovy:74)
	at com.kms.katalon.core.webui.keyword.WebUiBuiltInKeywords.verifyElementText(WebUiBuiltInKeywords.groovy:4835)
	at Lab Orders.run(Lab Orders:70)
	at com.kms.katalon.core.main.ScriptEngine.run(ScriptEngine.java:194)
	at com.kms.katalon.core.main.ScriptEngine.runScriptAsRawText(ScriptEngine.java:119)
	at com.kms.katalon.core.main.TestCaseExecutor.runScript(TestCaseExecutor.java:448)
	at com.kms.katalon.core.main.TestCaseExecutor.doExecute(TestCaseExecutor.java:439)
	at com.kms.katalon.core.main.TestCaseExecutor.processExecutionPhase(TestCaseExecutor.java:418)
	at com.kms.katalon.core.main.TestCaseExecutor.accessMainPhase(TestCaseExecutor.java:410)
	at com.kms.katalon.core.main.TestCaseExecutor.execute(TestCaseExecutor.java:285)
	at com.kms.katalon.core.common.CommonExecutor.accessTestCaseMainPhase(CommonExecutor.java:65)
	at com.kms.katalon.core.main.TestSuiteExecutor.accessTestSuiteMainPhase(TestSuiteExecutor.java:150)
	at com.kms.katalon.core.main.TestSuiteExecutor.execute(TestSuiteExecutor.java:106)
	at com.kms.katalon.core.main.TestCaseMain.startTestSuite(TestCaseMain.java:180)
	at TempTestSuite1732726653928.run(TempTestSuite1732726653928.groovy:35)
	at java.base/jdk.internal.reflect.NativeMethodAccessorImpl.invoke0(Native Method)
	at java.base/jdk.internal.reflect.NativeMethodAccessorImpl.invoke(NativeMethodAccessorImpl.java:77)
	at java.base/jdk.internal.reflect.DelegatingMethodAccessorImpl.invoke(DelegatingMethodAccessorImpl.java:43)
Caused by: com.kms.katalon.core.exception.StepFailedException: Actual text '' and expected text 'Successfully submitted Lab Order.' of test object 'Object Repository/Specific Cases Repository/LS/Client Profile/Lab Orders/Page_Lab Order/p_Successfully submitted Lab Order' are NOT matched.
	at com.kms.katalon.core.webui.keyword.internal.WebUIKeywordMain.stepFailed(WebUIKeywordMain.groovy:117)
	at com.kms.katalon.core.webui.keyword.builtin.VerifyElementTextKeyword$_verifyElementText_closure1.doCall(VerifyElementTextKeyword.groovy:57)
	at com.kms.katalon.core.webui.keyword.builtin.VerifyElementTextKeyword$_verifyElementText_closure1.call(VerifyElementTextKeyword.groovy)
	at com.kms.katalon.core.webui.keyword.internal.WebUIKeywordMain.runKeyword(WebUIKeywordMain.groovy:35)
	... 20 more
)

27-11-2024T12:04:27 - [MESSAGE][INFO] - Unable to find the element located by 'By.xpath: (.//*[normalize-space(text()) and normalize-space(.)='Success:'])[1]/following::p[1]'. Please recheck the objects properties to make sure the desired element is located. 

27-11-2024T12:04:27 - [MESSAGE][WARNING] - [SELF-HEALING] Failed to find element with id 'Object Repository/Specific Cases Repository/LS/Client Profile/Lab Orders/Page_Lab Order/p_Successfully submitted Lab Order'. Try using Self-healing.

27-11-2024T12:04:27 - [MESSAGE][WARNING] - [SELF-HEALING] The current locator of test object 'Object Repository/Specific Cases Repository/LS/Client Profile/Lab Orders/Page_Lab Order/p_Successfully submitted Lab Order' was broken. Propose an alternative one: '(.//*[normalize-space(text()) and normalize-space(.)='×'])[6]/following::p[1]'.

27-11-2024T12:04:27 - [MESSAGE][FAILED] - Actual text '' and expected text 'Successfully submitted Lab Order.' of test object 'Object Repository/Specific Cases Repository/LS/Client Profile/Lab Orders/Page_Lab Order/p_Successfully submitted Lab Order' are NOT matched. (Root cause: com.kms.katalon.core.exception.StepFailedException: Actual text '' and expected text 'Successfully submitted Lab Order.' of test object 'Object Repository/Specific Cases Repository/LS/Client Profile/Lab Orders/Page_Lab Order/p_Successfully submitted Lab Order' are NOT matched.
	at com.kms.katalon.core.webui.keyword.internal.WebUIKeywordMain.stepFailed(WebUIKeywordMain.groovy:117)
	at com.kms.katalon.core.webui.keyword.builtin.VerifyElementTextKeyword$_verifyElementText_closure1.doCall(VerifyElementTextKeyword.groovy:57)
	at com.kms.katalon.core.webui.keyword.builtin.VerifyElementTextKeyword$_verifyElementText_closure1.call(VerifyElementTextKeyword.groovy)
	at com.kms.katalon.core.webui.keyword.internal.WebUIKeywordMain.runKeyword(WebUIKeywordMain.groovy:35)
	at com.kms.katalon.core.webui.keyword.builtin.VerifyElementTextKeyword.verifyElementText(VerifyElementTextKeyword.groovy:72)
	at com.kms.katalon.core.webui.keyword.builtin.VerifyElementTextKeyword.execute(VerifyElementTextKeyword.groovy:40)
	at com.kms.katalon.core.keyword.internal.KeywordExecutor.executeKeywordForPlatform(KeywordExecutor.groovy:74)
	at com.kms.katalon.core.webui.keyword.WebUiBuiltInKeywords.verifyElementText(WebUiBuiltInKeywords.groovy:4835)
	at Lab Orders.run(Lab Orders:70)
	at com.kms.katalon.core.main.ScriptEngine.run(ScriptEngine.java:194)
	at com.kms.katalon.core.main.ScriptEngine.runScriptAsRawText(ScriptEngine.java:119)
	at com.kms.katalon.core.main.TestCaseExecutor.runScript(TestCaseExecutor.java:448)
	at com.kms.katalon.core.main.TestCaseExecutor.doExecute(TestCaseExecutor.java:439)
	at com.kms.katalon.core.main.TestCaseExecutor.processExecutionPhase(TestCaseExecutor.java:418)
	at com.kms.katalon.core.main.TestCaseExecutor.accessMainPhase(TestCaseExecutor.java:410)
	at com.kms.katalon.core.main.TestCaseExecutor.execute(TestCaseExecutor.java:285)
	at com.kms.katalon.core.common.CommonExecutor.accessTestCaseMainPhase(CommonExecutor.java:65)
	at com.kms.katalon.core.main.TestSuiteExecutor.accessTestSuiteMainPhase(TestSuiteExecutor.java:150)
	at com.kms.katalon.core.main.TestSuiteExecutor.execute(TestSuiteExecutor.java:106)
	at com.kms.katalon.core.main.TestCaseMain.startTestSuite(TestCaseMain.java:180)
	at TempTestSuite1732726653928.run(TempTestSuite1732726653928.groovy:35)
	at java.base/jdk.internal.reflect.NativeMethodAccessorImpl.invoke0(Native Method)
	at java.base/jdk.internal.reflect.NativeMethodAccessorImpl.invoke(NativeMethodAccessorImpl.java:77)
	at java.base/jdk.internal.reflect.DelegatingMethodAccessorImpl.invoke(DelegatingMethodAccessorImpl.java:43)
)
[[ATTACHMENT|C:\\Users\\Enrique\\git\\AUTOMATION_LS\\Reports\\20241127_115725\\LS\\Client Profile\\Client Profile\\20241127_115733\\1732727067465.png]]

27-11-2024T12:04:27 - [MESSAGE][FAILED] - Verify element text of test object 'Object Repository/Specific Cases Repository/LS/Client Profile/Lab Orders/Page_Lab Order/p_Successfully submitted Lab Order' FAILED. (Root cause: com.kms.katalon.core.exception.StepFailedException: Verify element text of test object 'Object Repository/Specific Cases Repository/LS/Client Profile/Lab Orders/Page_Lab Order/p_Successfully submitted Lab Order' FAILED.
	at com.kms.katalon.core.webui.keyword.internal.WebUIKeywordMain.stepFailed(WebUIKeywordMain.groovy:117)
	at com.kms.katalon.core.webui.keyword.internal.WebUIKeywordMain.runKeyword(WebUIKeywordMain.groovy:43)
	at com.kms.katalon.core.webui.keyword.builtin.VerifyElementTextKeyword.verifyElementText(VerifyElementTextKeyword.groovy:72)
	at com.kms.katalon.core.webui.keyword.builtin.VerifyElementTextKeyword.execute(VerifyElementTextKeyword.groovy:40)
	at com.kms.katalon.core.keyword.internal.KeywordExecutor.executeKeywordForPlatform(KeywordExecutor.groovy:74)
	at com.kms.katalon.core.webui.keyword.WebUiBuiltInKeywords.verifyElementText(WebUiBuiltInKeywords.groovy:4835)
	at Lab Orders.run(Lab Orders:70)
	at com.kms.katalon.core.main.ScriptEngine.run(ScriptEngine.java:194)
	at com.kms.katalon.core.main.ScriptEngine.runScriptAsRawText(ScriptEngine.java:119)
	at com.kms.katalon.core.main.TestCaseExecutor.runScript(TestCaseExecutor.java:448)
	at com.kms.katalon.core.main.TestCaseExecutor.doExecute(TestCaseExecutor.java:439)
	at com.kms.katalon.core.main.TestCaseExecutor.processExecutionPhase(TestCaseExecutor.java:418)
	at com.kms.katalon.core.main.TestCaseExecutor.accessMainPhase(TestCaseExecutor.java:410)
	at com.kms.katalon.core.main.TestCaseExecutor.execute(TestCaseExecutor.java:285)
	at com.kms.katalon.core.common.CommonExecutor.accessTestCaseMainPhase(CommonExecutor.java:65)
	at com.kms.katalon.core.main.TestSuiteExecutor.accessTestSuiteMainPhase(TestSuiteExecutor.java:150)
	at com.kms.katalon.core.main.TestSuiteExecutor.execute(TestSuiteExecutor.java:106)
	at com.kms.katalon.core.main.TestCaseMain.startTestSuite(TestCaseMain.java:180)
	at TempTestSuite1732726653928.run(TempTestSuite1732726653928.groovy:35)
	at java.base/jdk.internal.reflect.NativeMethodAccessorImpl.invoke0(Native Method)
	at java.base/jdk.internal.reflect.NativeMethodAccessorImpl.invoke(NativeMethodAccessorImpl.java:77)
	at java.base/jdk.internal.reflect.DelegatingMethodAccessorImpl.invoke(DelegatingMethodAccessorImpl.java:43)
Caused by: com.kms.katalon.core.exception.StepFailedException: Actual text '' and expected text 'Successfully submitted Lab Order.' of test object 'Object Repository/Specific Cases Repository/LS/Client Profile/Lab Orders/Page_Lab Order/p_Successfully submitted Lab Order' are NOT matched.
	at com.kms.katalon.core.webui.keyword.internal.WebUIKeywordMain.stepFailed(WebUIKeywordMain.groovy:117)
	at com.kms.katalon.core.webui.keyword.builtin.VerifyElementTextKeyword$_verifyElementText_closure1.doCall(VerifyElementTextKeyword.groovy:57)
	at com.kms.katalon.core.webui.keyword.builtin.VerifyElementTextKeyword$_verifyElementText_closure1.call(VerifyElementTextKeyword.groovy)
	at com.kms.katalon.core.webui.keyword.internal.WebUIKeywordMain.runKeyword(WebUIKeywordMain.groovy:35)
	... 20 more
)
[[ATTACHMENT|C:\\Users\\Enrique\\git\\AUTOMATION_LS\\Reports\\20241127_115725\\LS\\Client Profile\\Client Profile\\20241127_115733\\1732727067668.png]]]]></system-out>
         <system-err><![CDATA[27-11-2024T12:03:16 - [TEST_CASE][FAILED] - Test Cases/Specific Cases/LS/Client Profile/Lab Orders: Test Cases/Specific Cases/LS/Client Profile/Lab Orders FAILED.
Reason:
com.kms.katalon.core.exception.StepFailedException: Verify element text of test object 'Object Repository/Specific Cases Repository/LS/Client Profile/Lab Orders/Page_Lab Order/p_Successfully submitted Lab Order' FAILED.
	at com.kms.katalon.core.webui.keyword.internal.WebUIKeywordMain.stepFailed(WebUIKeywordMain.groovy:117)
	at com.kms.katalon.core.webui.keyword.internal.WebUIKeywordMain.runKeyword(WebUIKeywordMain.groovy:43)
	at com.kms.katalon.core.webui.keyword.builtin.VerifyElementTextKeyword.verifyElementText(VerifyElementTextKeyword.groovy:72)
	at com.kms.katalon.core.webui.keyword.builtin.VerifyElementTextKeyword.execute(VerifyElementTextKeyword.groovy:40)
	at com.kms.katalon.core.keyword.internal.KeywordExecutor.executeKeywordForPlatform(KeywordExecutor.groovy:74)
	at com.kms.katalon.core.webui.keyword.WebUiBuiltInKeywords.verifyElementText(WebUiBuiltInKeywords.groovy:4835)
	at Lab Orders.run(Lab Orders:70)
	at com.kms.katalon.core.main.ScriptEngine.run(ScriptEngine.java:194)
	at com.kms.katalon.core.main.ScriptEngine.runScriptAsRawText(ScriptEngine.java:119)
	at com.kms.katalon.core.main.TestCaseExecutor.runScript(TestCaseExecutor.java:448)
	at com.kms.katalon.core.main.TestCaseExecutor.doExecute(TestCaseExecutor.java:439)
	at com.kms.katalon.core.main.TestCaseExecutor.processExecutionPhase(TestCaseExecutor.java:418)
	at com.kms.katalon.core.main.TestCaseExecutor.accessMainPhase(TestCaseExecutor.java:410)
	at com.kms.katalon.core.main.TestCaseExecutor.execute(TestCaseExecutor.java:285)
	at com.kms.katalon.core.common.CommonExecutor.accessTestCaseMainPhase(CommonExecutor.java:65)
	at com.kms.katalon.core.main.TestSuiteExecutor.accessTestSuiteMainPhase(TestSuiteExecutor.java:150)
	at com.kms.katalon.core.main.TestSuiteExecutor.execute(TestSuiteExecutor.java:106)
	at com.kms.katalon.core.main.TestCaseMain.startTestSuite(TestCaseMain.java:180)
	at TempTestSuite1732726653928.run(TempTestSuite1732726653928.groovy:35)
	at java.base/jdk.internal.reflect.NativeMethodAccessorImpl.invoke0(Native Method)
	at java.base/jdk.internal.reflect.NativeMethodAccessorImpl.invoke(NativeMethodAccessorImpl.java:77)
	at java.base/jdk.internal.reflect.DelegatingMethodAccessorImpl.invoke(DelegatingMethodAccessorImpl.java:43)
Caused by: com.kms.katalon.core.exception.StepFailedException: Actual text '' and expected text 'Successfully submitted Lab Order.' of test object 'Object Repository/Specific Cases Repository/LS/Client Profile/Lab Orders/Page_Lab Order/p_Successfully submitted Lab Order' are NOT matched.
	at com.kms.katalon.core.webui.keyword.internal.WebUIKeywordMain.stepFailed(WebUIKeywordMain.groovy:117)
	at com.kms.katalon.core.webui.keyword.builtin.VerifyElementTextKeyword$_verifyElementText_closure1.doCall(VerifyElementTextKeyword.groovy:57)
	at com.kms.katalon.core.webui.keyword.builtin.VerifyElementTextKeyword$_verifyElementText_closure1.call(VerifyElementTextKeyword.groovy)
	at com.kms.katalon.core.webui.keyword.internal.WebUIKeywordMain.runKeyword(WebUIKeywordMain.groovy:35)
	... 20 more]]></system-err>
      </testcase>
      <testcase name="Test Cases/Specific Cases/LS/Client Profile/Allergies-Vitals-Labs/Allergies" time="255.169" classname="Test Cases/Specific Cases/LS/Client Profile/Allergies-Vitals-Labs/Allergies" status="PASSED">
         <system-out><![CDATA[27-11-2024T12:04:27 - [TEST_CASE][PASSED] - Test Cases/Specific Cases/LS/Client Profile/Allergies-Vitals-Labs/Allergies: Test Cases/Specific Cases/LS/Client Profile/Allergies-Vitals-Labs/Allergies

27-11-2024T12:04:27 - [TEST_STEP][PASSED] - callTestCase(findTestCase("Common Cases/Login"), [:], STOP_ON_FAILURE): Call Test Case 'Test Cases/Common Cases/Login' successfully

27-11-2024T12:04:27 - [TEST_CASE][PASSED] - Test Cases/Common Cases/Login: Test Cases/Common Cases/Login

27-11-2024T12:04:27 - [TEST_STEP][PASSED] - openBrowser(""): Browser is opened with url: ''

27-11-2024T12:04:27 - [MESSAGE][WARNING] - A browser is already opened. Closing browser and opening a new one

27-11-2024T12:04:28 - [MESSAGE][INFO] - Starting 'Chrome' driver

27-11-2024T12:04:28 - [MESSAGE][INFO] - Action delay is set to 0 milliseconds

27-11-2024T12:04:28 - [MESSAGE][PASSED] - Browser is opened with url: ''

27-11-2024T12:04:28 - [TEST_STEP][PASSED] - maximizeWindow(): Current window maximized

27-11-2024T12:04:28 - [MESSAGE][PASSED] - Current window maximized

27-11-2024T12:04:28 - [TEST_STEP][PASSED] - navigateToUrl("https://site17.lsapp.cloud/auth/login"): Navigate to 'https://site17.lsapp.cloud/auth/login' successfully

27-11-2024T12:04:29 - [MESSAGE][PASSED] - Navigate to 'https://site17.lsapp.cloud/auth/login' successfully

27-11-2024T12:04:29 - [TEST_STEP][PASSED] - setText(findTestObject("Object Repository/Common Cases Repository/Login/Page_Lightning Step/input_Email_email"), "automation@lightningstep.com"): Text 'automation@lightningstep.com' is set on object 'Object Repository/Common Cases Repository/Login/Page_Lightning Step/input_Email_email'

27-11-2024T12:04:31 - [MESSAGE][PASSED] - Text 'automation@lightningstep.com' is set on object 'Object Repository/Common Cases Repository/Login/Page_Lightning Step/input_Email_email'

27-11-2024T12:04:31 - [TEST_STEP][PASSED] - setEncryptedText(findTestObject("Object Repository/Common Cases Repository/Login/Page_Lightning Step/input_Password_password"), "e5N8VHmnhJDITtQaQhDQDw=="): Text ****** has been set on object 'Object Repository/Common Cases Repository/Login/Page_Lightning Step/input_Password_password'

27-11-2024T12:04:32 - [MESSAGE][PASSED] - Text ****** has been set on object 'Object Repository/Common Cases Repository/Login/Page_Lightning Step/input_Password_password'

27-11-2024T12:04:32 - [TEST_STEP][PASSED] - click(findTestObject("Object Repository/Common Cases Repository/Login/Page_Lightning Step/button_Sign in")): Object: 'Object Repository/Common Cases Repository/Login/Page_Lightning Step/button_Sign in' is clicked on

27-11-2024T12:04:40 - [MESSAGE][PASSED] - Object: 'Object Repository/Common Cases Repository/Login/Page_Lightning Step/button_Sign in' is clicked on

27-11-2024T12:04:40 - [MESSAGE][PASSED] - Call Test Case 'Test Cases/Common Cases/Login' successfully

27-11-2024T12:04:40 - [TEST_STEP][PASSED] - click(findTestObject("Object Repository/Specific Cases Repository/LS/Client Profile/Allergies-Vitals-Labs/Allergies/Page_Home/a_Census")): Object: 'Object Repository/Specific Cases Repository/LS/Client Profile/Allergies-Vitals-Labs/Allergies/Page_Home/a_Census' is clicked on

27-11-2024T12:04:41 - [MESSAGE][PASSED] - Object: 'Object Repository/Specific Cases Repository/LS/Client Profile/Allergies-Vitals-Labs/Allergies/Page_Home/a_Census' is clicked on

27-11-2024T12:04:41 - [TEST_STEP][PASSED] - click(findTestObject("Object Repository/Specific Cases Repository/LS/Client Profile/Allergies-Vitals-Labs/Allergies/Page_Home/a_A Automation, A Client")): Object: 'Object Repository/Specific Cases Repository/LS/Client Profile/Allergies-Vitals-Labs/Allergies/Page_Home/a_A Automation, A Client' is clicked on

27-11-2024T12:04:52 - [MESSAGE][PASSED] - Object: 'Object Repository/Specific Cases Repository/LS/Client Profile/Allergies-Vitals-Labs/Allergies/Page_Home/a_A Automation, A Client' is clicked on

27-11-2024T12:04:52 - [TEST_STEP][PASSED] - click(findTestObject("Object Repository/Specific Cases Repository/LS/Client Profile/Allergies-Vitals-Labs/Allergies/Page_Client Profile/a_Allergies  Vitals  Labs")): Object: 'Object Repository/Specific Cases Repository/LS/Client Profile/Allergies-Vitals-Labs/Allergies/Page_Client Profile/a_Allergies  Vitals  Labs' is clicked on

27-11-2024T12:04:53 - [MESSAGE][PASSED] - Object: 'Object Repository/Specific Cases Repository/LS/Client Profile/Allergies-Vitals-Labs/Allergies/Page_Client Profile/a_Allergies  Vitals  Labs' is clicked on

27-11-2024T12:04:53 - [TEST_STEP][PASSED] - click(findTestObject("Object Repository/Specific Cases Repository/LS/Client Profile/Allergies-Vitals-Labs/Allergies/Page_Client Profile/h4_Allergies")): Object: 'Object Repository/Specific Cases Repository/LS/Client Profile/Allergies-Vitals-Labs/Allergies/Page_Client Profile/h4_Allergies' is clicked on

27-11-2024T12:04:54 - [MESSAGE][PASSED] - Object: 'Object Repository/Specific Cases Repository/LS/Client Profile/Allergies-Vitals-Labs/Allergies/Page_Client Profile/h4_Allergies' is clicked on

27-11-2024T12:04:54 - [TEST_STEP][PASSED] - click(findTestObject("Object Repository/Specific Cases Repository/LS/Client Profile/Allergies-Vitals-Labs/Allergies/Page_Client Profile/i_add")): Object: 'Object Repository/Specific Cases Repository/LS/Client Profile/Allergies-Vitals-Labs/Allergies/Page_Client Profile/i_add' is clicked on

27-11-2024T12:04:54 - [MESSAGE][PASSED] - Object: 'Object Repository/Specific Cases Repository/LS/Client Profile/Allergies-Vitals-Labs/Allergies/Page_Client Profile/i_add' is clicked on

27-11-2024T12:04:54 - [TEST_STEP][PASSED] - selectOptionByValue(findTestObject("Object Repository/Specific Cases Repository/LS/Client Profile/Allergies-Vitals-Labs/Allergies/Page_Client Profile/select_-- Please Select --                 _809191"), "Food", true): All options with value 'Food' are selected in object 'Object Repository/Specific Cases Repository/LS/Client Profile/Allergies-Vitals-Labs/Allergies/Page_Client Profile/select_-- Please Select --                 _809191'  using regular expression

27-11-2024T12:04:56 - [MESSAGE][PASSED] - All options with value 'Food' are selected in object 'Object Repository/Specific Cases Repository/LS/Client Profile/Allergies-Vitals-Labs/Allergies/Page_Client Profile/select_-- Please Select --                 _809191'  using regular expression

27-11-2024T12:04:56 - [TEST_STEP][PASSED] - click(findTestObject("Object Repository/Specific Cases Repository/LS/Client Profile/Allergies-Vitals-Labs/Allergies/Page_Client Profile/b")): Object: 'Object Repository/Specific Cases Repository/LS/Client Profile/Allergies-Vitals-Labs/Allergies/Page_Client Profile/b' is clicked on

27-11-2024T12:04:56 - [MESSAGE][PASSED] - Object: 'Object Repository/Specific Cases Repository/LS/Client Profile/Allergies-Vitals-Labs/Allergies/Page_Client Profile/b' is clicked on

27-11-2024T12:04:56 - [TEST_STEP][PASSED] - setText(findTestObject("Object Repository/Specific Cases Repository/LS/Client Profile/Allergies-Vitals-Labs/Allergies/Page_Client Profile/input_Cancel_select2-search__field"), "po"): Text 'po' is set on object 'Object Repository/Specific Cases Repository/LS/Client Profile/Allergies-Vitals-Labs/Allergies/Page_Client Profile/input_Cancel_select2-search__field'

27-11-2024T12:05:27 - [MESSAGE][INFO] - Unable to find the element located by 'By.xpath: (//input[@type='search'])[21]'. Please recheck the objects properties to make sure the desired element is located. 

27-11-2024T12:05:27 - [MESSAGE][WARNING] - [SELF-HEALING] Failed to find element with id 'Object Repository/Specific Cases Repository/LS/Client Profile/Allergies-Vitals-Labs/Allergies/Page_Client Profile/input_Cancel_select2-search__field'. Try using Self-healing.

27-11-2024T12:05:27 - [MESSAGE][INFO] - [SELF-HEALING] Failed Locator: '(//input[@type='search'])[21]'.

27-11-2024T12:05:28 - [MESSAGE][INFO] - [SELF-HEALING] Working Locator: '//div[@id='mdl_allergy_add']/span/span/span/input'.

27-11-2024T12:05:28 - [MESSAGE][INFO] - [SELF-HEALING] Screenshot: C:/Users/Enrique/git/AUTOMATION_LS/Reports/Self-healing/Object Repository/Specific Cases Repository/LS/Client Profile/Allergies-Vitals-Labs/Allergies/Page_Client Profile/input_Cancel_select2-search__field_idRelative.png

27-11-2024T12:05:28 - [MESSAGE][WARNING] - [SELF-HEALING] The current locator of test object 'Object Repository/Specific Cases Repository/LS/Client Profile/Allergies-Vitals-Labs/Allergies/Page_Client Profile/input_Cancel_select2-search__field' was broken. Propose an alternative one: '//div[@id='mdl_allergy_add']/span/span/span/input'.

27-11-2024T12:05:59 - [MESSAGE][INFO] - Unable to find the element located by 'By.xpath: (//input[@type='search'])[21]'. Please recheck the objects properties to make sure the desired element is located. 

27-11-2024T12:05:59 - [MESSAGE][WARNING] - [SELF-HEALING] Failed to find element with id 'Object Repository/Specific Cases Repository/LS/Client Profile/Allergies-Vitals-Labs/Allergies/Page_Client Profile/input_Cancel_select2-search__field'. Try using Self-healing.

27-11-2024T12:06:00 - [MESSAGE][WARNING] - [SELF-HEALING] The current locator of test object 'Object Repository/Specific Cases Repository/LS/Client Profile/Allergies-Vitals-Labs/Allergies/Page_Client Profile/input_Cancel_select2-search__field' was broken. Propose an alternative one: '//div[@id='mdl_allergy_add']/span/span/span/input'.

27-11-2024T12:06:00 - [MESSAGE][PASSED] - Text 'po' is set on object 'Object Repository/Specific Cases Repository/LS/Client Profile/Allergies-Vitals-Labs/Allergies/Page_Client Profile/input_Cancel_select2-search__field'

27-11-2024T12:06:00 - [TEST_STEP][PASSED] - waitForPageLoad(30): Wait for page load successfully

27-11-2024T12:06:00 - [MESSAGE][PASSED] - Wait for page load successfully

27-11-2024T12:06:00 - [TEST_STEP][PASSED] - sendKeys(findTestObject("Object Repository/Specific Cases Repository/LS/Client Profile/Allergies-Vitals-Labs/Allergies/Page_Client Profile/input_Cancel_select2-search__field"), Keys.chord(ENTER)): Keys 'ENTER + ' sent to object: 'Object Repository/Specific Cases Repository/LS/Client Profile/Allergies-Vitals-Labs/Allergies/Page_Client Profile/input_Cancel_select2-search__field'

27-11-2024T12:06:31 - [MESSAGE][INFO] - Unable to find the element located by 'By.xpath: (//input[@type='search'])[21]'. Please recheck the objects properties to make sure the desired element is located. 

27-11-2024T12:06:31 - [MESSAGE][WARNING] - [SELF-HEALING] Failed to find element with id 'Object Repository/Specific Cases Repository/LS/Client Profile/Allergies-Vitals-Labs/Allergies/Page_Client Profile/input_Cancel_select2-search__field'. Try using Self-healing.

27-11-2024T12:06:31 - [MESSAGE][WARNING] - [SELF-HEALING] The current locator of test object 'Object Repository/Specific Cases Repository/LS/Client Profile/Allergies-Vitals-Labs/Allergies/Page_Client Profile/input_Cancel_select2-search__field' was broken. Propose an alternative one: '//div[@id='mdl_allergy_add']/span/span/span/input'.

27-11-2024T12:06:31 - [MESSAGE][PASSED] - Keys 'ENTER + ' sent to object: 'Object Repository/Specific Cases Repository/LS/Client Profile/Allergies-Vitals-Labs/Allergies/Page_Client Profile/input_Cancel_select2-search__field'

27-11-2024T12:06:31 - [TEST_STEP][PASSED] - click(findTestObject("Object Repository/Specific Cases Repository/LS/Client Profile/Allergies-Vitals-Labs/Allergies/Page_Client Profile/span_Substance_select2-selection__arrow")): Object: 'Object Repository/Specific Cases Repository/LS/Client Profile/Allergies-Vitals-Labs/Allergies/Page_Client Profile/span_Substance_select2-selection__arrow' is clicked on

27-11-2024T12:06:32 - [MESSAGE][PASSED] - Object: 'Object Repository/Specific Cases Repository/LS/Client Profile/Allergies-Vitals-Labs/Allergies/Page_Client Profile/span_Substance_select2-selection__arrow' is clicked on

27-11-2024T12:06:32 - [TEST_STEP][PASSED] - setText(findTestObject("Object Repository/Specific Cases Repository/LS/Client Profile/Allergies-Vitals-Labs/Allergies/Page_Client Profile/input_Cancel_select2-search__field"), "ca"): Text 'ca' is set on object 'Object Repository/Specific Cases Repository/LS/Client Profile/Allergies-Vitals-Labs/Allergies/Page_Client Profile/input_Cancel_select2-search__field'

27-11-2024T12:07:03 - [MESSAGE][INFO] - Unable to find the element located by 'By.xpath: (//input[@type='search'])[21]'. Please recheck the objects properties to make sure the desired element is located. 

27-11-2024T12:07:03 - [MESSAGE][WARNING] - [SELF-HEALING] Failed to find element with id 'Object Repository/Specific Cases Repository/LS/Client Profile/Allergies-Vitals-Labs/Allergies/Page_Client Profile/input_Cancel_select2-search__field'. Try using Self-healing.

27-11-2024T12:07:03 - [MESSAGE][WARNING] - [SELF-HEALING] The current locator of test object 'Object Repository/Specific Cases Repository/LS/Client Profile/Allergies-Vitals-Labs/Allergies/Page_Client Profile/input_Cancel_select2-search__field' was broken. Propose an alternative one: '//div[@id='mdl_allergy_add']/span/span/span/input'.

27-11-2024T12:07:34 - [MESSAGE][INFO] - Unable to find the element located by 'By.xpath: (//input[@type='search'])[21]'. Please recheck the objects properties to make sure the desired element is located. 

27-11-2024T12:07:34 - [MESSAGE][WARNING] - [SELF-HEALING] Failed to find element with id 'Object Repository/Specific Cases Repository/LS/Client Profile/Allergies-Vitals-Labs/Allergies/Page_Client Profile/input_Cancel_select2-search__field'. Try using Self-healing.

27-11-2024T12:07:35 - [MESSAGE][WARNING] - [SELF-HEALING] The current locator of test object 'Object Repository/Specific Cases Repository/LS/Client Profile/Allergies-Vitals-Labs/Allergies/Page_Client Profile/input_Cancel_select2-search__field' was broken. Propose an alternative one: '//div[@id='mdl_allergy_add']/span/span/span/input'.

27-11-2024T12:07:35 - [MESSAGE][PASSED] - Text 'ca' is set on object 'Object Repository/Specific Cases Repository/LS/Client Profile/Allergies-Vitals-Labs/Allergies/Page_Client Profile/input_Cancel_select2-search__field'

27-11-2024T12:07:35 - [TEST_STEP][PASSED] - waitForPageLoad(30): Wait for page load successfully

27-11-2024T12:07:35 - [MESSAGE][PASSED] - Wait for page load successfully

27-11-2024T12:07:35 - [TEST_STEP][PASSED] - mouseOverOffset(findTestObject("Object Repository/Specific Cases Repository/LS/Client Profile/Allergies-Vitals-Labs/Allergies/Page_Client Profile/input_Cancel_select2-search__field"), 0, 80): Object: 'Object Repository/Specific Cases Repository/LS/Client Profile/Allergies-Vitals-Labs/Allergies/Page_Client Profile/input_Cancel_select2-search__field' is hovered using offset x = 0 and y = 80

27-11-2024T12:08:06 - [MESSAGE][INFO] - Unable to find the element located by 'By.xpath: (//input[@type='search'])[21]'. Please recheck the objects properties to make sure the desired element is located. 

27-11-2024T12:08:06 - [MESSAGE][WARNING] - [SELF-HEALING] Failed to find element with id 'Object Repository/Specific Cases Repository/LS/Client Profile/Allergies-Vitals-Labs/Allergies/Page_Client Profile/input_Cancel_select2-search__field'. Try using Self-healing.

27-11-2024T12:08:06 - [MESSAGE][WARNING] - [SELF-HEALING] The current locator of test object 'Object Repository/Specific Cases Repository/LS/Client Profile/Allergies-Vitals-Labs/Allergies/Page_Client Profile/input_Cancel_select2-search__field' was broken. Propose an alternative one: '//div[@id='mdl_allergy_add']/span/span/span/input'.

27-11-2024T12:08:06 - [MESSAGE][PASSED] - Object: 'Object Repository/Specific Cases Repository/LS/Client Profile/Allergies-Vitals-Labs/Allergies/Page_Client Profile/input_Cancel_select2-search__field' is hovered using offset x = 0 and y = 80

27-11-2024T12:08:06 - [TEST_STEP][PASSED] - clickOffset(findTestObject("Object Repository/Specific Cases Repository/LS/Client Profile/Allergies-Vitals-Labs/Allergies/Page_Client Profile/input_Cancel_select2-search__field"), 0, 80): Object: 'Object Repository/Specific Cases Repository/LS/Client Profile/Allergies-Vitals-Labs/Allergies/Page_Client Profile/input_Cancel_select2-search__field' is clicked on using offset x=0 and y=80

27-11-2024T12:08:37 - [MESSAGE][INFO] - Unable to find the element located by 'By.xpath: (//input[@type='search'])[21]'. Please recheck the objects properties to make sure the desired element is located. 

27-11-2024T12:08:37 - [MESSAGE][WARNING] - [SELF-HEALING] Failed to find element with id 'Object Repository/Specific Cases Repository/LS/Client Profile/Allergies-Vitals-Labs/Allergies/Page_Client Profile/input_Cancel_select2-search__field'. Try using Self-healing.

27-11-2024T12:08:37 - [MESSAGE][WARNING] - [SELF-HEALING] The current locator of test object 'Object Repository/Specific Cases Repository/LS/Client Profile/Allergies-Vitals-Labs/Allergies/Page_Client Profile/input_Cancel_select2-search__field' was broken. Propose an alternative one: '//div[@id='mdl_allergy_add']/span/span/span/input'.

27-11-2024T12:08:38 - [MESSAGE][PASSED] - Object: 'Object Repository/Specific Cases Repository/LS/Client Profile/Allergies-Vitals-Labs/Allergies/Page_Client Profile/input_Cancel_select2-search__field' is clicked on using offset x=0 and y=80

27-11-2024T12:08:38 - [TEST_STEP][PASSED] - setText(findTestObject("Object Repository/Specific Cases Repository/LS/Client Profile/Allergies-Vitals-Labs/Allergies/Page_Client Profile/input_How Addressed_mdl_allergy_add_howaddress"), "Eating"): Text 'Eating' is set on object 'Object Repository/Specific Cases Repository/LS/Client Profile/Allergies-Vitals-Labs/Allergies/Page_Client Profile/input_How Addressed_mdl_allergy_add_howaddress'

27-11-2024T12:08:38 - [MESSAGE][PASSED] - Text 'Eating' is set on object 'Object Repository/Specific Cases Repository/LS/Client Profile/Allergies-Vitals-Labs/Allergies/Page_Client Profile/input_How Addressed_mdl_allergy_add_howaddress'

27-11-2024T12:08:38 - [TEST_STEP][PASSED] - click(findTestObject("Object Repository/Specific Cases Repository/LS/Client Profile/Allergies-Vitals-Labs/Allergies/Page_Client Profile/span_Potentially Life-threatening_check")): Object: 'Object Repository/Specific Cases Repository/LS/Client Profile/Allergies-Vitals-Labs/Allergies/Page_Client Profile/span_Potentially Life-threatening_check' is clicked on

27-11-2024T12:08:39 - [MESSAGE][PASSED] - Object: 'Object Repository/Specific Cases Repository/LS/Client Profile/Allergies-Vitals-Labs/Allergies/Page_Client Profile/span_Potentially Life-threatening_check' is clicked on

27-11-2024T12:08:39 - [TEST_STEP][PASSED] - click(findTestObject("Object Repository/Specific Cases Repository/LS/Client Profile/Allergies-Vitals-Labs/Allergies/Page_Client Profile/button_Save")): Object: 'Object Repository/Specific Cases Repository/LS/Client Profile/Allergies-Vitals-Labs/Allergies/Page_Client Profile/button_Save' is clicked on

27-11-2024T12:08:39 - [MESSAGE][PASSED] - Object: 'Object Repository/Specific Cases Repository/LS/Client Profile/Allergies-Vitals-Labs/Allergies/Page_Client Profile/button_Save' is clicked on

27-11-2024T12:08:39 - [TEST_STEP][PASSED] - verifyElementText(findTestObject("Object Repository/Specific Cases Repository/LS/Client Profile/Allergies-Vitals-Labs/Allergies/Page_Client Profile/td_Food"), "Food"): Actual text and expected text of test object 'Object Repository/Specific Cases Repository/LS/Client Profile/Allergies-Vitals-Labs/Allergies/Page_Client Profile/td_Food' are matched.

27-11-2024T12:08:41 - [MESSAGE][PASSED] - Actual text and expected text of test object 'Object Repository/Specific Cases Repository/LS/Client Profile/Allergies-Vitals-Labs/Allergies/Page_Client Profile/td_Food' are matched.

27-11-2024T12:08:41 - [TEST_STEP][PASSED] - verifyElementText(findTestObject("Object Repository/Specific Cases Repository/LS/Client Profile/Allergies-Vitals-Labs/Allergies/Page_Client Profile/td_Allergy to acarbose (finding)"), "Allergy to acarbose (finding)"): Actual text and expected text of test object 'Object Repository/Specific Cases Repository/LS/Client Profile/Allergies-Vitals-Labs/Allergies/Page_Client Profile/td_Allergy to acarbose (finding)' are matched.

27-11-2024T12:08:41 - [MESSAGE][PASSED] - Actual text and expected text of test object 'Object Repository/Specific Cases Repository/LS/Client Profile/Allergies-Vitals-Labs/Allergies/Page_Client Profile/td_Allergy to acarbose (finding)' are matched.

27-11-2024T12:08:41 - [TEST_STEP][PASSED] - verifyElementText(findTestObject("Object Repository/Specific Cases Repository/LS/Client Profile/Allergies-Vitals-Labs/Allergies/Page_Client Profile/td_Yes"), "Yes"): Actual text and expected text of test object 'Object Repository/Specific Cases Repository/LS/Client Profile/Allergies-Vitals-Labs/Allergies/Page_Client Profile/td_Yes' are matched.

27-11-2024T12:08:42 - [MESSAGE][PASSED] - Actual text and expected text of test object 'Object Repository/Specific Cases Repository/LS/Client Profile/Allergies-Vitals-Labs/Allergies/Page_Client Profile/td_Yes' are matched.

27-11-2024T12:08:42 - [TEST_STEP][PASSED] - verifyElementText(findTestObject("Object Repository/Specific Cases Repository/LS/Client Profile/Allergies-Vitals-Labs/Allergies/Page_Client Profile/td_Adrenal cortical hypofunction (disorder)"), "Adrenal cortical hypofunction (disorder)"): Actual text and expected text of test object 'Object Repository/Specific Cases Repository/LS/Client Profile/Allergies-Vitals-Labs/Allergies/Page_Client Profile/td_Adrenal cortical hypofunction (disorder)' are matched.

27-11-2024T12:08:42 - [MESSAGE][PASSED] - Actual text and expected text of test object 'Object Repository/Specific Cases Repository/LS/Client Profile/Allergies-Vitals-Labs/Allergies/Page_Client Profile/td_Adrenal cortical hypofunction (disorder)' are matched.

27-11-2024T12:08:42 - [TEST_STEP][PASSED] - verifyElementText(findTestObject("Object Repository/Specific Cases Repository/LS/Client Profile/Allergies-Vitals-Labs/Allergies/Page_Client Profile/td_Eating"), "Eating"): Actual text and expected text of test object 'Object Repository/Specific Cases Repository/LS/Client Profile/Allergies-Vitals-Labs/Allergies/Page_Client Profile/td_Eating' are matched.

27-11-2024T12:08:42 - [MESSAGE][PASSED] - Actual text and expected text of test object 'Object Repository/Specific Cases Repository/LS/Client Profile/Allergies-Vitals-Labs/Allergies/Page_Client Profile/td_Eating' are matched.

27-11-2024T12:08:42 - [TEST_STEP][PASSED] - closeBrowser(): Browser is closed

27-11-2024T12:08:42 - [MESSAGE][PASSED] - Browser is closed]]></system-out>
         <system-err><![CDATA[]]></system-err>
      </testcase>
      <testcase name="Test Cases/Specific Cases/LS/Client Profile/Allergies-Vitals-Labs/BAL" time="45.24" classname="Test Cases/Specific Cases/LS/Client Profile/Allergies-Vitals-Labs/BAL" status="PASSED">
         <system-out><![CDATA[27-11-2024T12:08:42 - [TEST_CASE][PASSED] - Test Cases/Specific Cases/LS/Client Profile/Allergies-Vitals-Labs/BAL: Test Cases/Specific Cases/LS/Client Profile/Allergies-Vitals-Labs/BAL

27-11-2024T12:08:43 - [TEST_STEP][PASSED] - callTestCase(findTestCase("Common Cases/Login"), [:], STOP_ON_FAILURE): Call Test Case 'Test Cases/Common Cases/Login' successfully

27-11-2024T12:08:43 - [TEST_CASE][PASSED] - Test Cases/Common Cases/Login: Test Cases/Common Cases/Login

27-11-2024T12:08:43 - [TEST_STEP][PASSED] - openBrowser(""): Browser is opened with url: ''

27-11-2024T12:08:43 - [MESSAGE][INFO] - Starting 'Chrome' driver

27-11-2024T12:08:43 - [MESSAGE][INFO] - Action delay is set to 0 milliseconds

27-11-2024T12:08:43 - [MESSAGE][PASSED] - Browser is opened with url: ''

27-11-2024T12:08:43 - [TEST_STEP][PASSED] - maximizeWindow(): Current window maximized

27-11-2024T12:08:43 - [MESSAGE][PASSED] - Current window maximized

27-11-2024T12:08:43 - [TEST_STEP][PASSED] - navigateToUrl("https://site17.lsapp.cloud/auth/login"): Navigate to 'https://site17.lsapp.cloud/auth/login' successfully

27-11-2024T12:08:45 - [MESSAGE][PASSED] - Navigate to 'https://site17.lsapp.cloud/auth/login' successfully

27-11-2024T12:08:45 - [TEST_STEP][PASSED] - setText(findTestObject("Object Repository/Common Cases Repository/Login/Page_Lightning Step/input_Email_email"), "automation@lightningstep.com"): Text 'automation@lightningstep.com' is set on object 'Object Repository/Common Cases Repository/Login/Page_Lightning Step/input_Email_email'

27-11-2024T12:08:46 - [MESSAGE][PASSED] - Text 'automation@lightningstep.com' is set on object 'Object Repository/Common Cases Repository/Login/Page_Lightning Step/input_Email_email'

27-11-2024T12:08:46 - [TEST_STEP][PASSED] - setEncryptedText(findTestObject("Object Repository/Common Cases Repository/Login/Page_Lightning Step/input_Password_password"), "e5N8VHmnhJDITtQaQhDQDw=="): Text ****** has been set on object 'Object Repository/Common Cases Repository/Login/Page_Lightning Step/input_Password_password'

27-11-2024T12:08:46 - [MESSAGE][PASSED] - Text ****** has been set on object 'Object Repository/Common Cases Repository/Login/Page_Lightning Step/input_Password_password'

27-11-2024T12:08:46 - [TEST_STEP][PASSED] - click(findTestObject("Object Repository/Common Cases Repository/Login/Page_Lightning Step/button_Sign in")): Object: 'Object Repository/Common Cases Repository/Login/Page_Lightning Step/button_Sign in' is clicked on

27-11-2024T12:08:52 - [MESSAGE][PASSED] - Object: 'Object Repository/Common Cases Repository/Login/Page_Lightning Step/button_Sign in' is clicked on

27-11-2024T12:08:52 - [MESSAGE][PASSED] - Call Test Case 'Test Cases/Common Cases/Login' successfully

27-11-2024T12:08:52 - [TEST_STEP][PASSED] - click(findTestObject("Object Repository/Specific Cases Repository/LS/Client Profile/Allergies-Vitals-Labs/BAL/Page_Home/a_Census")): Object: 'Object Repository/Specific Cases Repository/LS/Client Profile/Allergies-Vitals-Labs/BAL/Page_Home/a_Census' is clicked on

27-11-2024T12:08:54 - [MESSAGE][PASSED] - Object: 'Object Repository/Specific Cases Repository/LS/Client Profile/Allergies-Vitals-Labs/BAL/Page_Home/a_Census' is clicked on

27-11-2024T12:08:54 - [TEST_STEP][PASSED] - click(findTestObject("Object Repository/Specific Cases Repository/LS/Client Profile/Allergies-Vitals-Labs/BAL/Page_Home/a_A Automation, A Client")): Object: 'Object Repository/Specific Cases Repository/LS/Client Profile/Allergies-Vitals-Labs/BAL/Page_Home/a_A Automation, A Client' is clicked on

27-11-2024T12:09:04 - [MESSAGE][PASSED] - Object: 'Object Repository/Specific Cases Repository/LS/Client Profile/Allergies-Vitals-Labs/BAL/Page_Home/a_A Automation, A Client' is clicked on

27-11-2024T12:09:04 - [TEST_STEP][PASSED] - click(findTestObject("Object Repository/Specific Cases Repository/LS/Client Profile/Allergies-Vitals-Labs/BAL/Page_Client Profile/a_Allergies  Vitals  Labs")): Object: 'Object Repository/Specific Cases Repository/LS/Client Profile/Allergies-Vitals-Labs/BAL/Page_Client Profile/a_Allergies  Vitals  Labs' is clicked on

27-11-2024T12:09:06 - [MESSAGE][PASSED] - Object: 'Object Repository/Specific Cases Repository/LS/Client Profile/Allergies-Vitals-Labs/BAL/Page_Client Profile/a_Allergies  Vitals  Labs' is clicked on

27-11-2024T12:09:06 - [TEST_STEP][PASSED] - click(findTestObject("Object Repository/Specific Cases Repository/LS/Client Profile/Allergies-Vitals-Labs/BAL/Page_Client Profile/h4_BAL")): Object: 'Object Repository/Specific Cases Repository/LS/Client Profile/Allergies-Vitals-Labs/BAL/Page_Client Profile/h4_BAL' is clicked on

27-11-2024T12:09:07 - [MESSAGE][PASSED] - Object: 'Object Repository/Specific Cases Repository/LS/Client Profile/Allergies-Vitals-Labs/BAL/Page_Client Profile/h4_BAL' is clicked on

27-11-2024T12:09:07 - [TEST_STEP][PASSED] - click(findTestObject("Object Repository/Specific Cases Repository/LS/Client Profile/Allergies-Vitals-Labs/BAL/Page_Client Profile/i_add")): Object: 'Object Repository/Specific Cases Repository/LS/Client Profile/Allergies-Vitals-Labs/BAL/Page_Client Profile/i_add' is clicked on

27-11-2024T12:09:11 - [MESSAGE][PASSED] - Object: 'Object Repository/Specific Cases Repository/LS/Client Profile/Allergies-Vitals-Labs/BAL/Page_Client Profile/i_add' is clicked on

27-11-2024T12:09:11 - [TEST_STEP][PASSED] - setText(findTestObject("Object Repository/Specific Cases Repository/LS/Client Profile/Allergies-Vitals-Labs/BAL/Page_Blood Alcohol Level/input_BAL Reading_balreading"), "Automation Reading"): Text 'Automation Reading' is set on object 'Object Repository/Specific Cases Repository/LS/Client Profile/Allergies-Vitals-Labs/BAL/Page_Blood Alcohol Level/input_BAL Reading_balreading'

27-11-2024T12:09:12 - [MESSAGE][PASSED] - Text 'Automation Reading' is set on object 'Object Repository/Specific Cases Repository/LS/Client Profile/Allergies-Vitals-Labs/BAL/Page_Blood Alcohol Level/input_BAL Reading_balreading'

27-11-2024T12:09:12 - [TEST_STEP][PASSED] - selectOptionByValue(findTestObject("Object Repository/Specific Cases Repository/LS/Client Profile/Allergies-Vitals-Labs/BAL/Page_Blood Alcohol Level/select_UndeterminedNegativePositive"), "Positive", true): All options with value 'Positive' are selected in object 'Object Repository/Specific Cases Repository/LS/Client Profile/Allergies-Vitals-Labs/BAL/Page_Blood Alcohol Level/select_UndeterminedNegativePositive'  using regular expression

27-11-2024T12:09:13 - [MESSAGE][PASSED] - All options with value 'Positive' are selected in object 'Object Repository/Specific Cases Repository/LS/Client Profile/Allergies-Vitals-Labs/BAL/Page_Blood Alcohol Level/select_UndeterminedNegativePositive'  using regular expression

27-11-2024T12:09:13 - [TEST_STEP][PASSED] - setText(findTestObject("Object Repository/Specific Cases Repository/LS/Client Profile/Allergies-Vitals-Labs/BAL/Page_Blood Alcohol Level/textarea_Additional Information_note"), "automation additional information"): Text 'automation additional information' is set on object 'Object Repository/Specific Cases Repository/LS/Client Profile/Allergies-Vitals-Labs/BAL/Page_Blood Alcohol Level/textarea_Additional Information_note'

27-11-2024T12:09:13 - [MESSAGE][PASSED] - Text 'automation additional information' is set on object 'Object Repository/Specific Cases Repository/LS/Client Profile/Allergies-Vitals-Labs/BAL/Page_Blood Alcohol Level/textarea_Additional Information_note'

27-11-2024T12:09:13 - [TEST_STEP][PASSED] - click(findTestObject("Object Repository/Specific Cases Repository/LS/Client Profile/Allergies-Vitals-Labs/BAL/Page_Blood Alcohol Level/button_Staff Signatures")): Object: 'Object Repository/Specific Cases Repository/LS/Client Profile/Allergies-Vitals-Labs/BAL/Page_Blood Alcohol Level/button_Staff Signatures' is clicked on

27-11-2024T12:09:14 - [MESSAGE][PASSED] - Object: 'Object Repository/Specific Cases Repository/LS/Client Profile/Allergies-Vitals-Labs/BAL/Page_Blood Alcohol Level/button_Staff Signatures' is clicked on

27-11-2024T12:09:14 - [TEST_STEP][PASSED] - click(findTestObject("Object Repository/Specific Cases Repository/LS/Client Profile/Allergies-Vitals-Labs/BAL/Page_Blood Alcohol Level/b")): Object: 'Object Repository/Specific Cases Repository/LS/Client Profile/Allergies-Vitals-Labs/BAL/Page_Blood Alcohol Level/b' is clicked on

27-11-2024T12:09:14 - [MESSAGE][PASSED] - Object: 'Object Repository/Specific Cases Repository/LS/Client Profile/Allergies-Vitals-Labs/BAL/Page_Blood Alcohol Level/b' is clicked on

27-11-2024T12:09:14 - [TEST_STEP][PASSED] - setText(findTestObject("Object Repository/Specific Cases Repository/LS/Client Profile/Allergies-Vitals-Labs/BAL/Page_Blood Alcohol Level/input_-- Select Staff --_select2-search__field"), "enrique"): Text 'enrique' is set on object 'Object Repository/Specific Cases Repository/LS/Client Profile/Allergies-Vitals-Labs/BAL/Page_Blood Alcohol Level/input_-- Select Staff --_select2-search__field'

27-11-2024T12:09:15 - [MESSAGE][PASSED] - Text 'enrique' is set on object 'Object Repository/Specific Cases Repository/LS/Client Profile/Allergies-Vitals-Labs/BAL/Page_Blood Alcohol Level/input_-- Select Staff --_select2-search__field'

27-11-2024T12:09:15 - [TEST_STEP][PASSED] - waitForPageLoad(0): Wait for page load successfully

27-11-2024T12:09:15 - [MESSAGE][WARNING] - Timeout '0' is invalid. Using default page load timeout: '30'

27-11-2024T12:09:15 - [MESSAGE][PASSED] - Wait for page load successfully

27-11-2024T12:09:15 - [TEST_STEP][PASSED] - sendKeys(findTestObject("Object Repository/Specific Cases Repository/LS/Client Profile/Allergies-Vitals-Labs/BAL/Page_Blood Alcohol Level/input_-- Select Staff --_select2-search__field"), Keys.chord(ENTER)): Keys 'ENTER + ' sent to object: 'Object Repository/Specific Cases Repository/LS/Client Profile/Allergies-Vitals-Labs/BAL/Page_Blood Alcohol Level/input_-- Select Staff --_select2-search__field'

27-11-2024T12:09:15 - [MESSAGE][PASSED] - Keys 'ENTER + ' sent to object: 'Object Repository/Specific Cases Repository/LS/Client Profile/Allergies-Vitals-Labs/BAL/Page_Blood Alcohol Level/input_-- Select Staff --_select2-search__field'

27-11-2024T12:09:15 - [TEST_STEP][PASSED] - click(findTestObject("Object Repository/Specific Cases Repository/LS/Client Profile/Allergies-Vitals-Labs/BAL/Page_Blood Alcohol Level/input_Sign and Lock_dss")): Object: 'Object Repository/Specific Cases Repository/LS/Client Profile/Allergies-Vitals-Labs/BAL/Page_Blood Alcohol Level/input_Sign and Lock_dss' is clicked on

27-11-2024T12:09:16 - [MESSAGE][PASSED] - Object: 'Object Repository/Specific Cases Repository/LS/Client Profile/Allergies-Vitals-Labs/BAL/Page_Blood Alcohol Level/input_Sign and Lock_dss' is clicked on

27-11-2024T12:09:16 - [TEST_STEP][PASSED] - click(findTestObject("Object Repository/Specific Cases Repository/LS/Client Profile/Allergies-Vitals-Labs/BAL/Page_Blood Alcohol Level/button_Save")): Object: 'Object Repository/Specific Cases Repository/LS/Client Profile/Allergies-Vitals-Labs/BAL/Page_Blood Alcohol Level/button_Save' is clicked on

27-11-2024T12:09:23 - [MESSAGE][PASSED] - Object: 'Object Repository/Specific Cases Repository/LS/Client Profile/Allergies-Vitals-Labs/BAL/Page_Blood Alcohol Level/button_Save' is clicked on

27-11-2024T12:09:23 - [TEST_STEP][PASSED] - verifyElementText(findTestObject("Object Repository/Specific Cases Repository/LS/Client Profile/Allergies-Vitals-Labs/BAL/Page_Client Profile/span_Automation Reading"), "Automation Reading"): Actual text and expected text of test object 'Object Repository/Specific Cases Repository/LS/Client Profile/Allergies-Vitals-Labs/BAL/Page_Client Profile/span_Automation Reading' are matched.

27-11-2024T12:09:24 - [MESSAGE][PASSED] - Actual text and expected text of test object 'Object Repository/Specific Cases Repository/LS/Client Profile/Allergies-Vitals-Labs/BAL/Page_Client Profile/span_Automation Reading' are matched.

27-11-2024T12:09:24 - [TEST_STEP][PASSED] - verifyElementText(findTestObject("Object Repository/Specific Cases Repository/LS/Client Profile/Allergies-Vitals-Labs/BAL/Page_Client Profile/span_Positive"), "Positive"): Actual text and expected text of test object 'Object Repository/Specific Cases Repository/LS/Client Profile/Allergies-Vitals-Labs/BAL/Page_Client Profile/span_Positive' are matched.

27-11-2024T12:09:24 - [MESSAGE][PASSED] - Actual text and expected text of test object 'Object Repository/Specific Cases Repository/LS/Client Profile/Allergies-Vitals-Labs/BAL/Page_Client Profile/span_Positive' are matched.

27-11-2024T12:09:24 - [TEST_STEP][PASSED] - click(findTestObject("Object Repository/Specific Cases Repository/LS/Client Profile/Allergies-Vitals-Labs/BAL/Page_Client Profile/a_Started_btn btn-primary btn-raised btn-sm_564fc3")): Object: 'Object Repository/Specific Cases Repository/LS/Client Profile/Allergies-Vitals-Labs/BAL/Page_Client Profile/a_Started_btn btn-primary btn-raised btn-sm_564fc3' is clicked on

27-11-2024T12:09:27 - [MESSAGE][PASSED] - Object: 'Object Repository/Specific Cases Repository/LS/Client Profile/Allergies-Vitals-Labs/BAL/Page_Client Profile/a_Started_btn btn-primary btn-raised btn-sm_564fc3' is clicked on

27-11-2024T12:09:27 - [TEST_STEP][PASSED] - verifyElementText(findTestObject("Object Repository/Specific Cases Repository/LS/Client Profile/Allergies-Vitals-Labs/BAL/Page_Blood Alcohol Level/span_Document is signed and may not be changed"), "Document is signed and may not be changed."): Actual text and expected text of test object 'Object Repository/Specific Cases Repository/LS/Client Profile/Allergies-Vitals-Labs/BAL/Page_Blood Alcohol Level/span_Document is signed and may not be changed' are matched.

27-11-2024T12:09:28 - [MESSAGE][PASSED] - Actual text and expected text of test object 'Object Repository/Specific Cases Repository/LS/Client Profile/Allergies-Vitals-Labs/BAL/Page_Blood Alcohol Level/span_Document is signed and may not be changed' are matched.

27-11-2024T12:09:28 - [TEST_STEP][PASSED] - closeBrowser(): Browser is closed

27-11-2024T12:09:28 - [MESSAGE][PASSED] - Browser is closed]]></system-out>
         <system-err><![CDATA[]]></system-err>
      </testcase>
      <testcase name="Test Cases/Specific Cases/LS/Client Profile/Allergies-Vitals-Labs/CBG Level" time="33.45" classname="Test Cases/Specific Cases/LS/Client Profile/Allergies-Vitals-Labs/CBG Level" status="PASSED">
         <system-out><![CDATA[27-11-2024T12:09:28 - [TEST_CASE][PASSED] - Test Cases/Specific Cases/LS/Client Profile/Allergies-Vitals-Labs/CBG Level: Test Cases/Specific Cases/LS/Client Profile/Allergies-Vitals-Labs/CBG Level

27-11-2024T12:09:28 - [TEST_STEP][PASSED] - callTestCase(findTestCase("Common Cases/Login"), [:], STOP_ON_FAILURE): Call Test Case 'Test Cases/Common Cases/Login' successfully

27-11-2024T12:09:28 - [TEST_CASE][PASSED] - Test Cases/Common Cases/Login: Test Cases/Common Cases/Login

27-11-2024T12:09:28 - [TEST_STEP][PASSED] - openBrowser(""): Browser is opened with url: ''

27-11-2024T12:09:28 - [MESSAGE][INFO] - Starting 'Chrome' driver

27-11-2024T12:09:28 - [MESSAGE][INFO] - Action delay is set to 0 milliseconds

27-11-2024T12:09:28 - [MESSAGE][PASSED] - Browser is opened with url: ''

27-11-2024T12:09:28 - [TEST_STEP][PASSED] - maximizeWindow(): Current window maximized

27-11-2024T12:09:29 - [MESSAGE][PASSED] - Current window maximized

27-11-2024T12:09:29 - [TEST_STEP][PASSED] - navigateToUrl("https://site17.lsapp.cloud/auth/login"): Navigate to 'https://site17.lsapp.cloud/auth/login' successfully

27-11-2024T12:09:30 - [MESSAGE][PASSED] - Navigate to 'https://site17.lsapp.cloud/auth/login' successfully

27-11-2024T12:09:30 - [TEST_STEP][PASSED] - setText(findTestObject("Object Repository/Common Cases Repository/Login/Page_Lightning Step/input_Email_email"), "automation@lightningstep.com"): Text 'automation@lightningstep.com' is set on object 'Object Repository/Common Cases Repository/Login/Page_Lightning Step/input_Email_email'

27-11-2024T12:09:31 - [MESSAGE][PASSED] - Text 'automation@lightningstep.com' is set on object 'Object Repository/Common Cases Repository/Login/Page_Lightning Step/input_Email_email'

27-11-2024T12:09:31 - [TEST_STEP][PASSED] - setEncryptedText(findTestObject("Object Repository/Common Cases Repository/Login/Page_Lightning Step/input_Password_password"), "e5N8VHmnhJDITtQaQhDQDw=="): Text ****** has been set on object 'Object Repository/Common Cases Repository/Login/Page_Lightning Step/input_Password_password'

27-11-2024T12:09:31 - [MESSAGE][PASSED] - Text ****** has been set on object 'Object Repository/Common Cases Repository/Login/Page_Lightning Step/input_Password_password'

27-11-2024T12:09:31 - [TEST_STEP][PASSED] - click(findTestObject("Object Repository/Common Cases Repository/Login/Page_Lightning Step/button_Sign in")): Object: 'Object Repository/Common Cases Repository/Login/Page_Lightning Step/button_Sign in' is clicked on

27-11-2024T12:09:40 - [MESSAGE][PASSED] - Object: 'Object Repository/Common Cases Repository/Login/Page_Lightning Step/button_Sign in' is clicked on

27-11-2024T12:09:40 - [MESSAGE][PASSED] - Call Test Case 'Test Cases/Common Cases/Login' successfully

27-11-2024T12:09:40 - [TEST_STEP][PASSED] - navigateToUrl("https://site17.lsapp.cloud/client/index/1556?section=medicalassess"): Navigate to 'https://site17.lsapp.cloud/client/index/1556?section=medicalassess' successfully

27-11-2024T12:09:48 - [MESSAGE][PASSED] - Navigate to 'https://site17.lsapp.cloud/client/index/1556?section=medicalassess' successfully

27-11-2024T12:09:48 - [TEST_STEP][PASSED] - click(findTestObject("Object Repository/Specific Cases Repository/LS/Client Profile/Allergies-Vitals-Labs/CBG Level/Page_Client Profile/h4_CBG                                     _f9629b")): Object: 'Object Repository/Specific Cases Repository/LS/Client Profile/Allergies-Vitals-Labs/CBG Level/Page_Client Profile/h4_CBG                                     _f9629b' is clicked on

27-11-2024T12:09:48 - [MESSAGE][PASSED] - Object: 'Object Repository/Specific Cases Repository/LS/Client Profile/Allergies-Vitals-Labs/CBG Level/Page_Client Profile/h4_CBG                                     _f9629b' is clicked on

27-11-2024T12:09:48 - [TEST_STEP][PASSED] - click(findTestObject("Object Repository/Specific Cases Repository/LS/Client Profile/Allergies-Vitals-Labs/CBG Level/Page_Client Profile/i_add")): Object: 'Object Repository/Specific Cases Repository/LS/Client Profile/Allergies-Vitals-Labs/CBG Level/Page_Client Profile/i_add' is clicked on

27-11-2024T12:09:51 - [MESSAGE][PASSED] - Object: 'Object Repository/Specific Cases Repository/LS/Client Profile/Allergies-Vitals-Labs/CBG Level/Page_Client Profile/i_add' is clicked on

27-11-2024T12:09:51 - [TEST_STEP][PASSED] - setText(findTestObject("Object Repository/Specific Cases Repository/LS/Client Profile/Allergies-Vitals-Labs/CBG Level/Page_Glucose Reading/input_Glucose Reading_reading"), "11"): Text '11' is set on object 'Object Repository/Specific Cases Repository/LS/Client Profile/Allergies-Vitals-Labs/CBG Level/Page_Glucose Reading/input_Glucose Reading_reading'

27-11-2024T12:09:52 - [MESSAGE][PASSED] - Text '11' is set on object 'Object Repository/Specific Cases Repository/LS/Client Profile/Allergies-Vitals-Labs/CBG Level/Page_Glucose Reading/input_Glucose Reading_reading'

27-11-2024T12:09:52 - [TEST_STEP][PASSED] - setText(findTestObject("Object Repository/Specific Cases Repository/LS/Client Profile/Allergies-Vitals-Labs/CBG Level/Page_Glucose Reading/input_Units_units"), "12"): Text '12' is set on object 'Object Repository/Specific Cases Repository/LS/Client Profile/Allergies-Vitals-Labs/CBG Level/Page_Glucose Reading/input_Units_units'

27-11-2024T12:09:53 - [MESSAGE][PASSED] - Text '12' is set on object 'Object Repository/Specific Cases Repository/LS/Client Profile/Allergies-Vitals-Labs/CBG Level/Page_Glucose Reading/input_Units_units'

27-11-2024T12:09:53 - [TEST_STEP][PASSED] - setText(findTestObject("Object Repository/Specific Cases Repository/LS/Client Profile/Allergies-Vitals-Labs/CBG Level/Page_Glucose Reading/textarea_Additional Information_note"), "Automation Additional Information"): Text 'Automation Additional Information' is set on object 'Object Repository/Specific Cases Repository/LS/Client Profile/Allergies-Vitals-Labs/CBG Level/Page_Glucose Reading/textarea_Additional Information_note'

27-11-2024T12:09:53 - [MESSAGE][PASSED] - Text 'Automation Additional Information' is set on object 'Object Repository/Specific Cases Repository/LS/Client Profile/Allergies-Vitals-Labs/CBG Level/Page_Glucose Reading/textarea_Additional Information_note'

27-11-2024T12:09:53 - [TEST_STEP][PASSED] - click(findTestObject("Object Repository/Specific Cases Repository/LS/Client Profile/Allergies-Vitals-Labs/CBG Level/Page_Glucose Reading/button_Save")): Object: 'Object Repository/Specific Cases Repository/LS/Client Profile/Allergies-Vitals-Labs/CBG Level/Page_Glucose Reading/button_Save' is clicked on

27-11-2024T12:09:59 - [MESSAGE][PASSED] - Object: 'Object Repository/Specific Cases Repository/LS/Client Profile/Allergies-Vitals-Labs/CBG Level/Page_Glucose Reading/button_Save' is clicked on

27-11-2024T12:09:59 - [TEST_STEP][PASSED] - click(findTestObject("Object Repository/Specific Cases Repository/LS/Client Profile/Allergies-Vitals-Labs/CBG Level/Page_Client Profile/a_Allergies  Vitals  Labs")): Object: 'Object Repository/Specific Cases Repository/LS/Client Profile/Allergies-Vitals-Labs/CBG Level/Page_Client Profile/a_Allergies  Vitals  Labs' is clicked on

27-11-2024T12:10:01 - [MESSAGE][PASSED] - Object: 'Object Repository/Specific Cases Repository/LS/Client Profile/Allergies-Vitals-Labs/CBG Level/Page_Client Profile/a_Allergies  Vitals  Labs' is clicked on

27-11-2024T12:10:01 - [TEST_STEP][PASSED] - verifyElementText(findTestObject("Object Repository/Specific Cases Repository/LS/Client Profile/Allergies-Vitals-Labs/CBG Level/Page_Client Profile/td_11"), "11"): Actual text and expected text of test object 'Object Repository/Specific Cases Repository/LS/Client Profile/Allergies-Vitals-Labs/CBG Level/Page_Client Profile/td_11' are matched.

27-11-2024T12:10:01 - [MESSAGE][PASSED] - Actual text and expected text of test object 'Object Repository/Specific Cases Repository/LS/Client Profile/Allergies-Vitals-Labs/CBG Level/Page_Client Profile/td_11' are matched.

27-11-2024T12:10:01 - [TEST_STEP][PASSED] - closeBrowser(): Browser is closed

27-11-2024T12:10:01 - [MESSAGE][PASSED] - Browser is closed]]></system-out>
         <system-err><![CDATA[]]></system-err>
      </testcase>
      <testcase name="Test Cases/Specific Cases/LS/Client Profile/Allergies-Vitals-Labs/Imaging Order" time="45.589" classname="Test Cases/Specific Cases/LS/Client Profile/Allergies-Vitals-Labs/Imaging Order" status="PASSED">
         <system-out><![CDATA[27-11-2024T12:10:01 - [TEST_CASE][PASSED] - Test Cases/Specific Cases/LS/Client Profile/Allergies-Vitals-Labs/Imaging Order: Test Cases/Specific Cases/LS/Client Profile/Allergies-Vitals-Labs/Imaging Order

27-11-2024T12:10:01 - [TEST_STEP][PASSED] - callTestCase(findTestCase("Common Cases/Login"), [:], STOP_ON_FAILURE): Call Test Case 'Test Cases/Common Cases/Login' successfully

27-11-2024T12:10:01 - [TEST_CASE][PASSED] - Test Cases/Common Cases/Login: Test Cases/Common Cases/Login

27-11-2024T12:10:01 - [TEST_STEP][PASSED] - openBrowser(""): Browser is opened with url: ''

27-11-2024T12:10:01 - [MESSAGE][INFO] - Starting 'Chrome' driver

27-11-2024T12:10:01 - [MESSAGE][INFO] - Action delay is set to 0 milliseconds

27-11-2024T12:10:02 - [MESSAGE][PASSED] - Browser is opened with url: ''

27-11-2024T12:10:02 - [TEST_STEP][PASSED] - maximizeWindow(): Current window maximized

27-11-2024T12:10:02 - [MESSAGE][PASSED] - Current window maximized

27-11-2024T12:10:02 - [TEST_STEP][PASSED] - navigateToUrl("https://site17.lsapp.cloud/auth/login"): Navigate to 'https://site17.lsapp.cloud/auth/login' successfully

27-11-2024T12:10:04 - [MESSAGE][PASSED] - Navigate to 'https://site17.lsapp.cloud/auth/login' successfully

27-11-2024T12:10:04 - [TEST_STEP][PASSED] - setText(findTestObject("Object Repository/Common Cases Repository/Login/Page_Lightning Step/input_Email_email"), "automation@lightningstep.com"): Text 'automation@lightningstep.com' is set on object 'Object Repository/Common Cases Repository/Login/Page_Lightning Step/input_Email_email'

27-11-2024T12:10:04 - [MESSAGE][PASSED] - Text 'automation@lightningstep.com' is set on object 'Object Repository/Common Cases Repository/Login/Page_Lightning Step/input_Email_email'

27-11-2024T12:10:04 - [TEST_STEP][PASSED] - setEncryptedText(findTestObject("Object Repository/Common Cases Repository/Login/Page_Lightning Step/input_Password_password"), "e5N8VHmnhJDITtQaQhDQDw=="): Text ****** has been set on object 'Object Repository/Common Cases Repository/Login/Page_Lightning Step/input_Password_password'

27-11-2024T12:10:05 - [MESSAGE][PASSED] - Text ****** has been set on object 'Object Repository/Common Cases Repository/Login/Page_Lightning Step/input_Password_password'

27-11-2024T12:10:05 - [TEST_STEP][PASSED] - click(findTestObject("Object Repository/Common Cases Repository/Login/Page_Lightning Step/button_Sign in")): Object: 'Object Repository/Common Cases Repository/Login/Page_Lightning Step/button_Sign in' is clicked on

27-11-2024T12:10:15 - [MESSAGE][PASSED] - Object: 'Object Repository/Common Cases Repository/Login/Page_Lightning Step/button_Sign in' is clicked on

27-11-2024T12:10:15 - [MESSAGE][PASSED] - Call Test Case 'Test Cases/Common Cases/Login' successfully

27-11-2024T12:10:15 - [TEST_STEP][PASSED] - navigateToUrl("https://site17.lsapp.cloud/client/index/1556?section=medicalassess"): Navigate to 'https://site17.lsapp.cloud/client/index/1556?section=medicalassess' successfully

27-11-2024T12:10:23 - [MESSAGE][PASSED] - Navigate to 'https://site17.lsapp.cloud/client/index/1556?section=medicalassess' successfully

27-11-2024T12:10:23 - [TEST_STEP][PASSED] - click(findTestObject("Object Repository/Specific Cases Repository/LS/Client Profile/Allergies-Vitals-Labs/Imaging Order/Page_Client Profile/h4_Imaging Order")): Object: 'Object Repository/Specific Cases Repository/LS/Client Profile/Allergies-Vitals-Labs/Imaging Order/Page_Client Profile/h4_Imaging Order' is clicked on

27-11-2024T12:10:24 - [MESSAGE][PASSED] - Object: 'Object Repository/Specific Cases Repository/LS/Client Profile/Allergies-Vitals-Labs/Imaging Order/Page_Client Profile/h4_Imaging Order' is clicked on

27-11-2024T12:10:24 - [TEST_STEP][PASSED] - click(findTestObject("Object Repository/Specific Cases Repository/LS/Client Profile/Allergies-Vitals-Labs/Imaging Order/Page_Client Profile/i_add")): Object: 'Object Repository/Specific Cases Repository/LS/Client Profile/Allergies-Vitals-Labs/Imaging Order/Page_Client Profile/i_add' is clicked on

27-11-2024T12:10:28 - [MESSAGE][PASSED] - Object: 'Object Repository/Specific Cases Repository/LS/Client Profile/Allergies-Vitals-Labs/Imaging Order/Page_Client Profile/i_add' is clicked on

27-11-2024T12:10:28 - [TEST_STEP][PASSED] - selectOptionByValue(findTestObject("Object Repository/Specific Cases Repository/LS/Client Profile/Allergies-Vitals-Labs/Imaging Order/Page_Imaging Order/select_-- Please Select --Enrique CarrenoAl_920ee6"), "1302", true): All options with value '1302' are selected in object 'Object Repository/Specific Cases Repository/LS/Client Profile/Allergies-Vitals-Labs/Imaging Order/Page_Imaging Order/select_-- Please Select --Enrique CarrenoAl_920ee6'  using regular expression

27-11-2024T12:10:29 - [MESSAGE][PASSED] - All options with value '1302' are selected in object 'Object Repository/Specific Cases Repository/LS/Client Profile/Allergies-Vitals-Labs/Imaging Order/Page_Imaging Order/select_-- Please Select --Enrique CarrenoAl_920ee6'  using regular expression

27-11-2024T12:10:29 - [TEST_STEP][PASSED] - click(findTestObject("Specific Cases Repository/LS/Client Profile/Allergies-Vitals-Labs/Imaging Order/Page_Imaging Order/Order DropDown")): Object: 'Object Repository/Specific Cases Repository/LS/Client Profile/Allergies-Vitals-Labs/Imaging Order/Page_Imaging Order/Order DropDown' is clicked on

27-11-2024T12:10:29 - [MESSAGE][PASSED] - Object: 'Object Repository/Specific Cases Repository/LS/Client Profile/Allergies-Vitals-Labs/Imaging Order/Page_Imaging Order/Order DropDown' is clicked on

27-11-2024T12:10:29 - [TEST_STEP][PASSED] - click(findTestObject("Object Repository/Specific Cases Repository/LS/Client Profile/Allergies-Vitals-Labs/Imaging Order/Page_Imaging Order/li_CT Chest")): Object: 'Object Repository/Specific Cases Repository/LS/Client Profile/Allergies-Vitals-Labs/Imaging Order/Page_Imaging Order/li_CT Chest' is clicked on

27-11-2024T12:10:30 - [MESSAGE][PASSED] - Object: 'Object Repository/Specific Cases Repository/LS/Client Profile/Allergies-Vitals-Labs/Imaging Order/Page_Imaging Order/li_CT Chest' is clicked on

27-11-2024T12:10:30 - [TEST_STEP][PASSED] - click(findTestObject("Object Repository/Specific Cases Repository/LS/Client Profile/Allergies-Vitals-Labs/Imaging Order/Page_Imaging Order/li_CT Head")): Object: 'Object Repository/Specific Cases Repository/LS/Client Profile/Allergies-Vitals-Labs/Imaging Order/Page_Imaging Order/li_CT Head' is clicked on

27-11-2024T12:10:30 - [MESSAGE][PASSED] - Object: 'Object Repository/Specific Cases Repository/LS/Client Profile/Allergies-Vitals-Labs/Imaging Order/Page_Imaging Order/li_CT Head' is clicked on

27-11-2024T12:10:30 - [TEST_STEP][PASSED] - setText(findTestObject("Object Repository/Specific Cases Repository/LS/Client Profile/Allergies-Vitals-Labs/Imaging Order/Page_Imaging Order/textarea_Reason for Order_reason"), "Automation Reason for Order"): Text 'Automation Reason for Order' is set on object 'Object Repository/Specific Cases Repository/LS/Client Profile/Allergies-Vitals-Labs/Imaging Order/Page_Imaging Order/textarea_Reason for Order_reason'

27-11-2024T12:10:31 - [MESSAGE][PASSED] - Text 'Automation Reason for Order' is set on object 'Object Repository/Specific Cases Repository/LS/Client Profile/Allergies-Vitals-Labs/Imaging Order/Page_Imaging Order/textarea_Reason for Order_reason'

27-11-2024T12:10:31 - [TEST_STEP][PASSED] - setText(findTestObject("Object Repository/Specific Cases Repository/LS/Client Profile/Allergies-Vitals-Labs/Imaging Order/Page_Imaging Order/textarea_Interpretation_interpretation"), "Automation Interpretation"): Text 'Automation Interpretation' is set on object 'Object Repository/Specific Cases Repository/LS/Client Profile/Allergies-Vitals-Labs/Imaging Order/Page_Imaging Order/textarea_Interpretation_interpretation'

27-11-2024T12:10:32 - [MESSAGE][PASSED] - Text 'Automation Interpretation' is set on object 'Object Repository/Specific Cases Repository/LS/Client Profile/Allergies-Vitals-Labs/Imaging Order/Page_Imaging Order/textarea_Interpretation_interpretation'

27-11-2024T12:10:32 - [TEST_STEP][PASSED] - click(findTestObject("Object Repository/Specific Cases Repository/LS/Client Profile/Allergies-Vitals-Labs/Imaging Order/Page_Imaging Order/input_Sign and Lock_dss")): Object: 'Object Repository/Specific Cases Repository/LS/Client Profile/Allergies-Vitals-Labs/Imaging Order/Page_Imaging Order/input_Sign and Lock_dss' is clicked on

27-11-2024T12:10:32 - [MESSAGE][PASSED] - Object: 'Object Repository/Specific Cases Repository/LS/Client Profile/Allergies-Vitals-Labs/Imaging Order/Page_Imaging Order/input_Sign and Lock_dss' is clicked on

27-11-2024T12:10:32 - [TEST_STEP][PASSED] - click(findTestObject("Object Repository/Specific Cases Repository/LS/Client Profile/Allergies-Vitals-Labs/Imaging Order/Page_Imaging Order/button_Save")): Object: 'Object Repository/Specific Cases Repository/LS/Client Profile/Allergies-Vitals-Labs/Imaging Order/Page_Imaging Order/button_Save' is clicked on

27-11-2024T12:10:39 - [MESSAGE][PASSED] - Object: 'Object Repository/Specific Cases Repository/LS/Client Profile/Allergies-Vitals-Labs/Imaging Order/Page_Imaging Order/button_Save' is clicked on

27-11-2024T12:10:39 - [TEST_STEP][PASSED] - navigateToUrl("https://site17.lsapp.cloud/client/index/1556?section=medicalassess"): Navigate to 'https://site17.lsapp.cloud/client/index/1556?section=medicalassess' successfully

27-11-2024T12:10:44 - [MESSAGE][PASSED] - Navigate to 'https://site17.lsapp.cloud/client/index/1556?section=medicalassess' successfully

27-11-2024T12:10:44 - [TEST_STEP][PASSED] - verifyElementText(findTestObject("Object Repository/Specific Cases Repository/LS/Client Profile/Allergies-Vitals-Labs/Imaging Order/Page_Client Profile/h4_Imaging Order for A Client A Automation"), "Imaging Order for A Client A Automation"): Actual text and expected text of test object 'Object Repository/Specific Cases Repository/LS/Client Profile/Allergies-Vitals-Labs/Imaging Order/Page_Client Profile/h4_Imaging Order for A Client A Automation' are matched.

27-11-2024T12:10:46 - [MESSAGE][PASSED] - Actual text and expected text of test object 'Object Repository/Specific Cases Repository/LS/Client Profile/Allergies-Vitals-Labs/Imaging Order/Page_Client Profile/h4_Imaging Order for A Client A Automation' are matched.

27-11-2024T12:10:46 - [TEST_STEP][PASSED] - verifyElementText(findTestObject("Object Repository/Specific Cases Repository/LS/Client Profile/Allergies-Vitals-Labs/Imaging Order/Page_Client Profile/td_Automation Test"), "Automation Test"): Actual text and expected text of test object 'Object Repository/Specific Cases Repository/LS/Client Profile/Allergies-Vitals-Labs/Imaging Order/Page_Client Profile/td_Automation Test' are matched.

27-11-2024T12:10:46 - [MESSAGE][PASSED] - Actual text and expected text of test object 'Object Repository/Specific Cases Repository/LS/Client Profile/Allergies-Vitals-Labs/Imaging Order/Page_Client Profile/td_Automation Test' are matched.

27-11-2024T12:10:46 - [TEST_STEP][PASSED] - verifyElementText(findTestObject("Object Repository/Specific Cases Repository/LS/Client Profile/Allergies-Vitals-Labs/Imaging Order/Page_Client Profile/td_Enrique Carreno"), "Enrique Carreno"): Actual text and expected text of test object 'Object Repository/Specific Cases Repository/LS/Client Profile/Allergies-Vitals-Labs/Imaging Order/Page_Client Profile/td_Enrique Carreno' are matched.

27-11-2024T12:10:47 - [MESSAGE][PASSED] - Actual text and expected text of test object 'Object Repository/Specific Cases Repository/LS/Client Profile/Allergies-Vitals-Labs/Imaging Order/Page_Client Profile/td_Enrique Carreno' are matched.

27-11-2024T12:10:47 - [TEST_STEP][PASSED] - closeBrowser(): Browser is closed

27-11-2024T12:10:47 - [MESSAGE][PASSED] - Browser is closed]]></system-out>
         <system-err><![CDATA[]]></system-err>
      </testcase>
      <testcase name="Test Cases/Specific Cases/LS/Client Profile/Allergies-Vitals-Labs/Immunization" time="37.844" classname="Test Cases/Specific Cases/LS/Client Profile/Allergies-Vitals-Labs/Immunization" status="FAILED">
         <failure type="FAILED" message="Test Cases/Specific Cases/LS/Client Profile/Allergies-Vitals-Labs/Immunization FAILED.&#xa;Reason:&#xa;com.kms.katalon.core.exception.StepFailedException: Verify element text of test object 'Object Repository/Specific Cases Repository/LS/Client Profile/Allergies-Vitals-Labs/Immunization/Page_Client Profile/p_Immunization Added' FAILED.&#xa;	at com.kms.katalon.core.webui.keyword.internal.WebUIKeywordMain.stepFailed(WebUIKeywordMain.groovy:117)&#xa;	at com.kms.katalon.core.webui.keyword.internal.WebUIKeywordMain.runKeyword(WebUIKeywordMain.groovy:43)&#xa;	at com.kms.katalon.core.webui.keyword.builtin.VerifyElementTextKeyword.verifyElementText(VerifyElementTextKeyword.groovy:72)&#xa;	at com.kms.katalon.core.webui.keyword.builtin.VerifyElementTextKeyword.execute(VerifyElementTextKeyword.groovy:40)&#xa;	at com.kms.katalon.core.keyword.internal.KeywordExecutor.executeKeywordForPlatform(KeywordExecutor.groovy:74)&#xa;	at com.kms.katalon.core.webui.keyword.WebUiBuiltInKeywords.verifyElementText(WebUiBuiltInKeywords.groovy:4835)&#xa;	at Immunization.run(Immunization:79)&#xa;	at com.kms.katalon.core.main.ScriptEngine.run(ScriptEngine.java:194)&#xa;	at com.kms.katalon.core.main.ScriptEngine.runScriptAsRawText(ScriptEngine.java:119)&#xa;	at com.kms.katalon.core.main.TestCaseExecutor.runScript(TestCaseExecutor.java:448)&#xa;	at com.kms.katalon.core.main.TestCaseExecutor.doExecute(TestCaseExecutor.java:439)&#xa;	at com.kms.katalon.core.main.TestCaseExecutor.processExecutionPhase(TestCaseExecutor.java:418)&#xa;	at com.kms.katalon.core.main.TestCaseExecutor.accessMainPhase(TestCaseExecutor.java:410)&#xa;	at com.kms.katalon.core.main.TestCaseExecutor.execute(TestCaseExecutor.java:285)&#xa;	at com.kms.katalon.core.common.CommonExecutor.accessTestCaseMainPhase(CommonExecutor.java:65)&#xa;	at com.kms.katalon.core.main.TestSuiteExecutor.accessTestSuiteMainPhase(TestSuiteExecutor.java:150)&#xa;	at com.kms.katalon.core.main.TestSuiteExecutor.execute(TestSuiteExecutor.java:106)&#xa;	at com.kms.katalon.core.main.TestCaseMain.startTestSuite(TestCaseMain.java:180)&#xa;	at TempTestSuite1732726653928.run(TempTestSuite1732726653928.groovy:35)&#xa;	at java.base/jdk.internal.reflect.NativeMethodAccessorImpl.invoke0(Native Method)&#xa;	at java.base/jdk.internal.reflect.NativeMethodAccessorImpl.invoke(NativeMethodAccessorImpl.java:77)&#xa;	at java.base/jdk.internal.reflect.DelegatingMethodAccessorImpl.invoke(DelegatingMethodAccessorImpl.java:43)&#xa;Caused by: com.kms.katalon.core.exception.StepFailedException: Actual text '' and expected text 'Immunization Added' of test object 'Object Repository/Specific Cases Repository/LS/Client Profile/Allergies-Vitals-Labs/Immunization/Page_Client Profile/p_Immunization Added' are NOT matched.&#xa;	at com.kms.katalon.core.webui.keyword.internal.WebUIKeywordMain.stepFailed(WebUIKeywordMain.groovy:117)&#xa;	at com.kms.katalon.core.webui.keyword.builtin.VerifyElementTextKeyword$_verifyElementText_closure1.doCall(VerifyElementTextKeyword.groovy:57)&#xa;	at com.kms.katalon.core.webui.keyword.builtin.VerifyElementTextKeyword$_verifyElementText_closure1.call(VerifyElementTextKeyword.groovy)&#xa;	at com.kms.katalon.core.webui.keyword.internal.WebUIKeywordMain.runKeyword(WebUIKeywordMain.groovy:35)&#xa;	... 20 more&#xa;"/>
         <system-out><![CDATA[27-11-2024T12:10:47 - [TEST_CASE][FAILED] - Test Cases/Specific Cases/LS/Client Profile/Allergies-Vitals-Labs/Immunization: Test Cases/Specific Cases/LS/Client Profile/Allergies-Vitals-Labs/Immunization FAILED.
Reason:
com.kms.katalon.core.exception.StepFailedException: Verify element text of test object 'Object Repository/Specific Cases Repository/LS/Client Profile/Allergies-Vitals-Labs/Immunization/Page_Client Profile/p_Immunization Added' FAILED.
	at com.kms.katalon.core.webui.keyword.internal.WebUIKeywordMain.stepFailed(WebUIKeywordMain.groovy:117)
	at com.kms.katalon.core.webui.keyword.internal.WebUIKeywordMain.runKeyword(WebUIKeywordMain.groovy:43)
	at com.kms.katalon.core.webui.keyword.builtin.VerifyElementTextKeyword.verifyElementText(VerifyElementTextKeyword.groovy:72)
	at com.kms.katalon.core.webui.keyword.builtin.VerifyElementTextKeyword.execute(VerifyElementTextKeyword.groovy:40)
	at com.kms.katalon.core.keyword.internal.KeywordExecutor.executeKeywordForPlatform(KeywordExecutor.groovy:74)
	at com.kms.katalon.core.webui.keyword.WebUiBuiltInKeywords.verifyElementText(WebUiBuiltInKeywords.groovy:4835)
	at Immunization.run(Immunization:79)
	at com.kms.katalon.core.main.ScriptEngine.run(ScriptEngine.java:194)
	at com.kms.katalon.core.main.ScriptEngine.runScriptAsRawText(ScriptEngine.java:119)
	at com.kms.katalon.core.main.TestCaseExecutor.runScript(TestCaseExecutor.java:448)
	at com.kms.katalon.core.main.TestCaseExecutor.doExecute(TestCaseExecutor.java:439)
	at com.kms.katalon.core.main.TestCaseExecutor.processExecutionPhase(TestCaseExecutor.java:418)
	at com.kms.katalon.core.main.TestCaseExecutor.accessMainPhase(TestCaseExecutor.java:410)
	at com.kms.katalon.core.main.TestCaseExecutor.execute(TestCaseExecutor.java:285)
	at com.kms.katalon.core.common.CommonExecutor.accessTestCaseMainPhase(CommonExecutor.java:65)
	at com.kms.katalon.core.main.TestSuiteExecutor.accessTestSuiteMainPhase(TestSuiteExecutor.java:150)
	at com.kms.katalon.core.main.TestSuiteExecutor.execute(TestSuiteExecutor.java:106)
	at com.kms.katalon.core.main.TestCaseMain.startTestSuite(TestCaseMain.java:180)
	at TempTestSuite1732726653928.run(TempTestSuite1732726653928.groovy:35)
	at java.base/jdk.internal.reflect.NativeMethodAccessorImpl.invoke0(Native Method)
	at java.base/jdk.internal.reflect.NativeMethodAccessorImpl.invoke(NativeMethodAccessorImpl.java:77)
	at java.base/jdk.internal.reflect.DelegatingMethodAccessorImpl.invoke(DelegatingMethodAccessorImpl.java:43)
Caused by: com.kms.katalon.core.exception.StepFailedException: Actual text '' and expected text 'Immunization Added' of test object 'Object Repository/Specific Cases Repository/LS/Client Profile/Allergies-Vitals-Labs/Immunization/Page_Client Profile/p_Immunization Added' are NOT matched.
	at com.kms.katalon.core.webui.keyword.internal.WebUIKeywordMain.stepFailed(WebUIKeywordMain.groovy:117)
	at com.kms.katalon.core.webui.keyword.builtin.VerifyElementTextKeyword$_verifyElementText_closure1.doCall(VerifyElementTextKeyword.groovy:57)
	at com.kms.katalon.core.webui.keyword.builtin.VerifyElementTextKeyword$_verifyElementText_closure1.call(VerifyElementTextKeyword.groovy)
	at com.kms.katalon.core.webui.keyword.internal.WebUIKeywordMain.runKeyword(WebUIKeywordMain.groovy:35)
	... 20 more


27-11-2024T12:10:47 - [TEST_STEP][PASSED] - callTestCase(findTestCase("Common Cases/Login"), [:], STOP_ON_FAILURE): Call Test Case 'Test Cases/Common Cases/Login' successfully

27-11-2024T12:10:47 - [TEST_CASE][PASSED] - Test Cases/Common Cases/Login: Test Cases/Common Cases/Login

27-11-2024T12:10:47 - [TEST_STEP][PASSED] - openBrowser(""): Browser is opened with url: ''

27-11-2024T12:10:47 - [MESSAGE][INFO] - Starting 'Chrome' driver

27-11-2024T12:10:47 - [MESSAGE][INFO] - Action delay is set to 0 milliseconds

27-11-2024T12:10:48 - [MESSAGE][PASSED] - Browser is opened with url: ''

27-11-2024T12:10:48 - [TEST_STEP][PASSED] - maximizeWindow(): Current window maximized

27-11-2024T12:10:48 - [MESSAGE][PASSED] - Current window maximized

27-11-2024T12:10:48 - [TEST_STEP][PASSED] - navigateToUrl("https://site17.lsapp.cloud/auth/login"): Navigate to 'https://site17.lsapp.cloud/auth/login' successfully

27-11-2024T12:10:49 - [MESSAGE][PASSED] - Navigate to 'https://site17.lsapp.cloud/auth/login' successfully

27-11-2024T12:10:49 - [TEST_STEP][PASSED] - setText(findTestObject("Object Repository/Common Cases Repository/Login/Page_Lightning Step/input_Email_email"), "automation@lightningstep.com"): Text 'automation@lightningstep.com' is set on object 'Object Repository/Common Cases Repository/Login/Page_Lightning Step/input_Email_email'

27-11-2024T12:10:50 - [MESSAGE][PASSED] - Text 'automation@lightningstep.com' is set on object 'Object Repository/Common Cases Repository/Login/Page_Lightning Step/input_Email_email'

27-11-2024T12:10:50 - [TEST_STEP][PASSED] - setEncryptedText(findTestObject("Object Repository/Common Cases Repository/Login/Page_Lightning Step/input_Password_password"), "e5N8VHmnhJDITtQaQhDQDw=="): Text ****** has been set on object 'Object Repository/Common Cases Repository/Login/Page_Lightning Step/input_Password_password'

27-11-2024T12:10:51 - [MESSAGE][PASSED] - Text ****** has been set on object 'Object Repository/Common Cases Repository/Login/Page_Lightning Step/input_Password_password'

27-11-2024T12:10:51 - [TEST_STEP][PASSED] - click(findTestObject("Object Repository/Common Cases Repository/Login/Page_Lightning Step/button_Sign in")): Object: 'Object Repository/Common Cases Repository/Login/Page_Lightning Step/button_Sign in' is clicked on

27-11-2024T12:10:58 - [MESSAGE][PASSED] - Object: 'Object Repository/Common Cases Repository/Login/Page_Lightning Step/button_Sign in' is clicked on

27-11-2024T12:10:58 - [MESSAGE][PASSED] - Call Test Case 'Test Cases/Common Cases/Login' successfully

27-11-2024T12:10:58 - [TEST_STEP][PASSED] - navigateToUrl("https://site17.lsapp.cloud/client/index/1556?section=medicalassess"): Navigate to 'https://site17.lsapp.cloud/client/index/1556?section=medicalassess' successfully

27-11-2024T12:11:05 - [MESSAGE][PASSED] - Navigate to 'https://site17.lsapp.cloud/client/index/1556?section=medicalassess' successfully

27-11-2024T12:11:05 - [TEST_STEP][PASSED] - click(findTestObject("Object Repository/Specific Cases Repository/LS/Client Profile/Allergies-Vitals-Labs/Immunization/Page_Client Profile/h4_Immunization")): Object: 'Object Repository/Specific Cases Repository/LS/Client Profile/Allergies-Vitals-Labs/Immunization/Page_Client Profile/h4_Immunization' is clicked on

27-11-2024T12:11:06 - [MESSAGE][PASSED] - Object: 'Object Repository/Specific Cases Repository/LS/Client Profile/Allergies-Vitals-Labs/Immunization/Page_Client Profile/h4_Immunization' is clicked on

27-11-2024T12:11:06 - [TEST_STEP][PASSED] - click(findTestObject("Object Repository/Specific Cases Repository/LS/Client Profile/Allergies-Vitals-Labs/Immunization/Page_Client Profile/i_add")): Object: 'Object Repository/Specific Cases Repository/LS/Client Profile/Allergies-Vitals-Labs/Immunization/Page_Client Profile/i_add' is clicked on

27-11-2024T12:11:09 - [MESSAGE][PASSED] - Object: 'Object Repository/Specific Cases Repository/LS/Client Profile/Allergies-Vitals-Labs/Immunization/Page_Client Profile/i_add' is clicked on

27-11-2024T12:11:09 - [TEST_STEP][PASSED] - click(findTestObject("Object Repository/Specific Cases Repository/LS/Client Profile/Allergies-Vitals-Labs/Immunization/Page_Immunization/span_-Select-")): Object: 'Object Repository/Specific Cases Repository/LS/Client Profile/Allergies-Vitals-Labs/Immunization/Page_Immunization/span_-Select-' is clicked on

27-11-2024T12:11:10 - [MESSAGE][PASSED] - Object: 'Object Repository/Specific Cases Repository/LS/Client Profile/Allergies-Vitals-Labs/Immunization/Page_Immunization/span_-Select-' is clicked on

27-11-2024T12:11:10 - [TEST_STEP][PASSED] - setText(findTestObject("Specific Cases Repository/LS/Client Profile/Allergies-Vitals-Labs/Immunization/Page_Immunization/span_-Select- TextArea"), "Anthrax"): Text 'Anthrax' is set on object 'Object Repository/Specific Cases Repository/LS/Client Profile/Allergies-Vitals-Labs/Immunization/Page_Immunization/span_-Select- TextArea'

27-11-2024T12:11:11 - [MESSAGE][PASSED] - Text 'Anthrax' is set on object 'Object Repository/Specific Cases Repository/LS/Client Profile/Allergies-Vitals-Labs/Immunization/Page_Immunization/span_-Select- TextArea'

27-11-2024T12:11:11 - [TEST_STEP][PASSED] - sendKeys(findTestObject("Specific Cases Repository/LS/Client Profile/Allergies-Vitals-Labs/Immunization/Page_Immunization/span_-Select- TextArea"), Keys.chord(ENTER)): Keys 'ENTER + ' sent to object: 'Object Repository/Specific Cases Repository/LS/Client Profile/Allergies-Vitals-Labs/Immunization/Page_Immunization/span_-Select- TextArea'

27-11-2024T12:11:11 - [MESSAGE][PASSED] - Keys 'ENTER + ' sent to object: 'Object Repository/Specific Cases Repository/LS/Client Profile/Allergies-Vitals-Labs/Immunization/Page_Immunization/span_-Select- TextArea'

27-11-2024T12:11:11 - [TEST_STEP][PASSED] - click(findTestObject("Object Repository/Specific Cases Repository/LS/Client Profile/Allergies-Vitals-Labs/Immunization/Page_Immunization/span_-Select-_1")): Object: 'Object Repository/Specific Cases Repository/LS/Client Profile/Allergies-Vitals-Labs/Immunization/Page_Immunization/span_-Select-_1' is clicked on

27-11-2024T12:11:12 - [MESSAGE][PASSED] - Object: 'Object Repository/Specific Cases Repository/LS/Client Profile/Allergies-Vitals-Labs/Immunization/Page_Immunization/span_-Select-_1' is clicked on

27-11-2024T12:11:12 - [TEST_STEP][PASSED] - setText(findTestObject("Specific Cases Repository/LS/Client Profile/Allergies-Vitals-Labs/Immunization/Page_Immunization/span_-Select-_1 - TextArea"), "Dynavax"): Text 'Dynavax' is set on object 'Object Repository/Specific Cases Repository/LS/Client Profile/Allergies-Vitals-Labs/Immunization/Page_Immunization/span_-Select-_1 - TextArea'

27-11-2024T12:11:12 - [MESSAGE][PASSED] - Text 'Dynavax' is set on object 'Object Repository/Specific Cases Repository/LS/Client Profile/Allergies-Vitals-Labs/Immunization/Page_Immunization/span_-Select-_1 - TextArea'

27-11-2024T12:11:12 - [TEST_STEP][PASSED] - sendKeys(findTestObject("Specific Cases Repository/LS/Client Profile/Allergies-Vitals-Labs/Immunization/Page_Immunization/span_-Select-_1 - TextArea"), Keys.chord(ENTER)): Keys 'ENTER + ' sent to object: 'Object Repository/Specific Cases Repository/LS/Client Profile/Allergies-Vitals-Labs/Immunization/Page_Immunization/span_-Select-_1 - TextArea'

27-11-2024T12:11:13 - [MESSAGE][PASSED] - Keys 'ENTER + ' sent to object: 'Object Repository/Specific Cases Repository/LS/Client Profile/Allergies-Vitals-Labs/Immunization/Page_Immunization/span_-Select-_1 - TextArea'

27-11-2024T12:11:13 - [TEST_STEP][PASSED] - setText(findTestObject("Object Repository/Specific Cases Repository/LS/Client Profile/Allergies-Vitals-Labs/Immunization/Page_Immunization/input_Dose_dosenumber"), "10"): Text '10' is set on object 'Object Repository/Specific Cases Repository/LS/Client Profile/Allergies-Vitals-Labs/Immunization/Page_Immunization/input_Dose_dosenumber'

27-11-2024T12:11:14 - [MESSAGE][PASSED] - Text '10' is set on object 'Object Repository/Specific Cases Repository/LS/Client Profile/Allergies-Vitals-Labs/Immunization/Page_Immunization/input_Dose_dosenumber'

27-11-2024T12:11:14 - [TEST_STEP][PASSED] - click(findTestObject("Object Repository/Specific Cases Repository/LS/Client Profile/Allergies-Vitals-Labs/Immunization/Page_Immunization/span_Vaccine_select2-selection select2-sele_9bf1b9")): Object: 'Object Repository/Specific Cases Repository/LS/Client Profile/Allergies-Vitals-Labs/Immunization/Page_Immunization/span_Vaccine_select2-selection select2-sele_9bf1b9' is clicked on

27-11-2024T12:11:14 - [MESSAGE][PASSED] - Object: 'Object Repository/Specific Cases Repository/LS/Client Profile/Allergies-Vitals-Labs/Immunization/Page_Immunization/span_Vaccine_select2-selection select2-sele_9bf1b9' is clicked on

27-11-2024T12:11:14 - [TEST_STEP][PASSED] - setText(findTestObject("Object Repository/Specific Cases Repository/LS/Client Profile/Allergies-Vitals-Labs/Immunization/Page_Immunization/input_Leave Document_select2-search__field"), "va"): Text 'va' is set on object 'Object Repository/Specific Cases Repository/LS/Client Profile/Allergies-Vitals-Labs/Immunization/Page_Immunization/input_Leave Document_select2-search__field'

27-11-2024T12:11:15 - [MESSAGE][PASSED] - Text 'va' is set on object 'Object Repository/Specific Cases Repository/LS/Client Profile/Allergies-Vitals-Labs/Immunization/Page_Immunization/input_Leave Document_select2-search__field'

27-11-2024T12:11:15 - [TEST_STEP][PASSED] - waitForPageLoad(30): Wait for page load successfully

27-11-2024T12:11:15 - [MESSAGE][PASSED] - Wait for page load successfully

27-11-2024T12:11:15 - [TEST_STEP][PASSED] - sendKeys(findTestObject("Object Repository/Specific Cases Repository/LS/Client Profile/Allergies-Vitals-Labs/Immunization/Page_Immunization/input_Leave Document_select2-search__field"), Keys.chord(ENTER)): Keys 'ENTER + ' sent to object: 'Object Repository/Specific Cases Repository/LS/Client Profile/Allergies-Vitals-Labs/Immunization/Page_Immunization/input_Leave Document_select2-search__field'

27-11-2024T12:11:15 - [MESSAGE][PASSED] - Keys 'ENTER + ' sent to object: 'Object Repository/Specific Cases Repository/LS/Client Profile/Allergies-Vitals-Labs/Immunization/Page_Immunization/input_Leave Document_select2-search__field'

27-11-2024T12:11:15 - [TEST_STEP][PASSED] - setText(findTestObject("Object Repository/Specific Cases Repository/LS/Client Profile/Allergies-Vitals-Labs/Immunization/Page_Immunization/input_Date of Administration_dateadministration"), Todays_Date): Text '11/27/2024' is set on object 'Object Repository/Specific Cases Repository/LS/Client Profile/Allergies-Vitals-Labs/Immunization/Page_Immunization/input_Date of Administration_dateadministration'

27-11-2024T12:11:16 - [MESSAGE][PASSED] - Text '11/27/2024' is set on object 'Object Repository/Specific Cases Repository/LS/Client Profile/Allergies-Vitals-Labs/Immunization/Page_Immunization/input_Date of Administration_dateadministration'

27-11-2024T12:11:16 - [TEST_STEP][PASSED] - setText(findTestObject("Specific Cases Repository/LS/Client Profile/Allergies-Vitals-Labs/Immunization/Page_Immunization/input_Date of Batch_dateofbatch"), Next_Week_Date): Text '12/04/2024' is set on object 'Object Repository/Specific Cases Repository/LS/Client Profile/Allergies-Vitals-Labs/Immunization/Page_Immunization/input_Date of Batch_dateofbatch'

27-11-2024T12:11:17 - [MESSAGE][PASSED] - Text '12/04/2024' is set on object 'Object Repository/Specific Cases Repository/LS/Client Profile/Allergies-Vitals-Labs/Immunization/Page_Immunization/input_Date of Batch_dateofbatch'

27-11-2024T12:11:17 - [TEST_STEP][PASSED] - setText(findTestObject("Object Repository/Specific Cases Repository/LS/Client Profile/Allergies-Vitals-Labs/Immunization/Page_Immunization/input_Batch_batchnumber"), "11"): Text '11' is set on object 'Object Repository/Specific Cases Repository/LS/Client Profile/Allergies-Vitals-Labs/Immunization/Page_Immunization/input_Batch_batchnumber'

27-11-2024T12:11:18 - [MESSAGE][PASSED] - Text '11' is set on object 'Object Repository/Specific Cases Repository/LS/Client Profile/Allergies-Vitals-Labs/Immunization/Page_Immunization/input_Batch_batchnumber'

27-11-2024T12:11:18 - [TEST_STEP][PASSED] - setText(findTestObject("Object Repository/Specific Cases Repository/LS/Client Profile/Allergies-Vitals-Labs/Immunization/Page_Immunization/textarea_Vaccination-emergent adverse react_de4e53"), "Automation ESAVIS"): Text 'Automation ESAVIS' is set on object 'Object Repository/Specific Cases Repository/LS/Client Profile/Allergies-Vitals-Labs/Immunization/Page_Immunization/textarea_Vaccination-emergent adverse react_de4e53'

27-11-2024T12:11:18 - [MESSAGE][PASSED] - Text 'Automation ESAVIS' is set on object 'Object Repository/Specific Cases Repository/LS/Client Profile/Allergies-Vitals-Labs/Immunization/Page_Immunization/textarea_Vaccination-emergent adverse react_de4e53'

27-11-2024T12:11:18 - [TEST_STEP][PASSED] - setText(findTestObject("Object Repository/Specific Cases Repository/LS/Client Profile/Allergies-Vitals-Labs/Immunization/Page_Immunization/textarea_Reason for not vaccinating (includ_79de9a"), "Automation Reason"): Text 'Automation Reason' is set on object 'Object Repository/Specific Cases Repository/LS/Client Profile/Allergies-Vitals-Labs/Immunization/Page_Immunization/textarea_Reason for not vaccinating (includ_79de9a'

27-11-2024T12:11:19 - [MESSAGE][PASSED] - Text 'Automation Reason' is set on object 'Object Repository/Specific Cases Repository/LS/Client Profile/Allergies-Vitals-Labs/Immunization/Page_Immunization/textarea_Reason for not vaccinating (includ_79de9a'

27-11-2024T12:11:19 - [TEST_STEP][PASSED] - setText(findTestObject("Object Repository/Specific Cases Repository/LS/Client Profile/Allergies-Vitals-Labs/Immunization/Page_Immunization/textarea_Note_note"), "Automation Note"): Text 'Automation Note' is set on object 'Object Repository/Specific Cases Repository/LS/Client Profile/Allergies-Vitals-Labs/Immunization/Page_Immunization/textarea_Note_note'

27-11-2024T12:11:20 - [MESSAGE][PASSED] - Text 'Automation Note' is set on object 'Object Repository/Specific Cases Repository/LS/Client Profile/Allergies-Vitals-Labs/Immunization/Page_Immunization/textarea_Note_note'

27-11-2024T12:11:20 - [TEST_STEP][PASSED] - click(findTestObject("Object Repository/Specific Cases Repository/LS/Client Profile/Allergies-Vitals-Labs/Immunization/Page_Immunization/input_Sign and Lock_dss")): Object: 'Object Repository/Specific Cases Repository/LS/Client Profile/Allergies-Vitals-Labs/Immunization/Page_Immunization/input_Sign and Lock_dss' is clicked on

27-11-2024T12:11:20 - [MESSAGE][PASSED] - Object: 'Object Repository/Specific Cases Repository/LS/Client Profile/Allergies-Vitals-Labs/Immunization/Page_Immunization/input_Sign and Lock_dss' is clicked on

27-11-2024T12:11:20 - [TEST_STEP][PASSED] - click(findTestObject("Object Repository/Specific Cases Repository/LS/Client Profile/Allergies-Vitals-Labs/Immunization/Page_Immunization/button_Save")): Object: 'Object Repository/Specific Cases Repository/LS/Client Profile/Allergies-Vitals-Labs/Immunization/Page_Immunization/button_Save' is clicked on

27-11-2024T12:11:24 - [MESSAGE][PASSED] - Object: 'Object Repository/Specific Cases Repository/LS/Client Profile/Allergies-Vitals-Labs/Immunization/Page_Immunization/button_Save' is clicked on

27-11-2024T12:11:24 - [TEST_STEP][FAILED] - verifyElementText(findTestObject("Object Repository/Specific Cases Repository/LS/Client Profile/Allergies-Vitals-Labs/Immunization/Page_Client Profile/p_Immunization Added"), "Immunization Added"): Verify element text of test object 'Object Repository/Specific Cases Repository/LS/Client Profile/Allergies-Vitals-Labs/Immunization/Page_Client Profile/p_Immunization Added' FAILED. (Root cause: com.kms.katalon.core.exception.StepFailedException: Verify element text of test object 'Object Repository/Specific Cases Repository/LS/Client Profile/Allergies-Vitals-Labs/Immunization/Page_Client Profile/p_Immunization Added' FAILED.
	at com.kms.katalon.core.webui.keyword.internal.WebUIKeywordMain.stepFailed(WebUIKeywordMain.groovy:117)
	at com.kms.katalon.core.webui.keyword.internal.WebUIKeywordMain.runKeyword(WebUIKeywordMain.groovy:43)
	at com.kms.katalon.core.webui.keyword.builtin.VerifyElementTextKeyword.verifyElementText(VerifyElementTextKeyword.groovy:72)
	at com.kms.katalon.core.webui.keyword.builtin.VerifyElementTextKeyword.execute(VerifyElementTextKeyword.groovy:40)
	at com.kms.katalon.core.keyword.internal.KeywordExecutor.executeKeywordForPlatform(KeywordExecutor.groovy:74)
	at com.kms.katalon.core.webui.keyword.WebUiBuiltInKeywords.verifyElementText(WebUiBuiltInKeywords.groovy:4835)
	at Immunization.run(Immunization:79)
	at com.kms.katalon.core.main.ScriptEngine.run(ScriptEngine.java:194)
	at com.kms.katalon.core.main.ScriptEngine.runScriptAsRawText(ScriptEngine.java:119)
	at com.kms.katalon.core.main.TestCaseExecutor.runScript(TestCaseExecutor.java:448)
	at com.kms.katalon.core.main.TestCaseExecutor.doExecute(TestCaseExecutor.java:439)
	at com.kms.katalon.core.main.TestCaseExecutor.processExecutionPhase(TestCaseExecutor.java:418)
	at com.kms.katalon.core.main.TestCaseExecutor.accessMainPhase(TestCaseExecutor.java:410)
	at com.kms.katalon.core.main.TestCaseExecutor.execute(TestCaseExecutor.java:285)
	at com.kms.katalon.core.common.CommonExecutor.accessTestCaseMainPhase(CommonExecutor.java:65)
	at com.kms.katalon.core.main.TestSuiteExecutor.accessTestSuiteMainPhase(TestSuiteExecutor.java:150)
	at com.kms.katalon.core.main.TestSuiteExecutor.execute(TestSuiteExecutor.java:106)
	at com.kms.katalon.core.main.TestCaseMain.startTestSuite(TestCaseMain.java:180)
	at TempTestSuite1732726653928.run(TempTestSuite1732726653928.groovy:35)
	at java.base/jdk.internal.reflect.NativeMethodAccessorImpl.invoke0(Native Method)
	at java.base/jdk.internal.reflect.NativeMethodAccessorImpl.invoke(NativeMethodAccessorImpl.java:77)
	at java.base/jdk.internal.reflect.DelegatingMethodAccessorImpl.invoke(DelegatingMethodAccessorImpl.java:43)
Caused by: com.kms.katalon.core.exception.StepFailedException: Actual text '' and expected text 'Immunization Added' of test object 'Object Repository/Specific Cases Repository/LS/Client Profile/Allergies-Vitals-Labs/Immunization/Page_Client Profile/p_Immunization Added' are NOT matched.
	at com.kms.katalon.core.webui.keyword.internal.WebUIKeywordMain.stepFailed(WebUIKeywordMain.groovy:117)
	at com.kms.katalon.core.webui.keyword.builtin.VerifyElementTextKeyword$_verifyElementText_closure1.doCall(VerifyElementTextKeyword.groovy:57)
	at com.kms.katalon.core.webui.keyword.builtin.VerifyElementTextKeyword$_verifyElementText_closure1.call(VerifyElementTextKeyword.groovy)
	at com.kms.katalon.core.webui.keyword.internal.WebUIKeywordMain.runKeyword(WebUIKeywordMain.groovy:35)
	... 20 more
)

27-11-2024T12:11:25 - [MESSAGE][FAILED] - Actual text '' and expected text 'Immunization Added' of test object 'Object Repository/Specific Cases Repository/LS/Client Profile/Allergies-Vitals-Labs/Immunization/Page_Client Profile/p_Immunization Added' are NOT matched. (Root cause: com.kms.katalon.core.exception.StepFailedException: Actual text '' and expected text 'Immunization Added' of test object 'Object Repository/Specific Cases Repository/LS/Client Profile/Allergies-Vitals-Labs/Immunization/Page_Client Profile/p_Immunization Added' are NOT matched.
	at com.kms.katalon.core.webui.keyword.internal.WebUIKeywordMain.stepFailed(WebUIKeywordMain.groovy:117)
	at com.kms.katalon.core.webui.keyword.builtin.VerifyElementTextKeyword$_verifyElementText_closure1.doCall(VerifyElementTextKeyword.groovy:57)
	at com.kms.katalon.core.webui.keyword.builtin.VerifyElementTextKeyword$_verifyElementText_closure1.call(VerifyElementTextKeyword.groovy)
	at com.kms.katalon.core.webui.keyword.internal.WebUIKeywordMain.runKeyword(WebUIKeywordMain.groovy:35)
	at com.kms.katalon.core.webui.keyword.builtin.VerifyElementTextKeyword.verifyElementText(VerifyElementTextKeyword.groovy:72)
	at com.kms.katalon.core.webui.keyword.builtin.VerifyElementTextKeyword.execute(VerifyElementTextKeyword.groovy:40)
	at com.kms.katalon.core.keyword.internal.KeywordExecutor.executeKeywordForPlatform(KeywordExecutor.groovy:74)
	at com.kms.katalon.core.webui.keyword.WebUiBuiltInKeywords.verifyElementText(WebUiBuiltInKeywords.groovy:4835)
	at Immunization.run(Immunization:79)
	at com.kms.katalon.core.main.ScriptEngine.run(ScriptEngine.java:194)
	at com.kms.katalon.core.main.ScriptEngine.runScriptAsRawText(ScriptEngine.java:119)
	at com.kms.katalon.core.main.TestCaseExecutor.runScript(TestCaseExecutor.java:448)
	at com.kms.katalon.core.main.TestCaseExecutor.doExecute(TestCaseExecutor.java:439)
	at com.kms.katalon.core.main.TestCaseExecutor.processExecutionPhase(TestCaseExecutor.java:418)
	at com.kms.katalon.core.main.TestCaseExecutor.accessMainPhase(TestCaseExecutor.java:410)
	at com.kms.katalon.core.main.TestCaseExecutor.execute(TestCaseExecutor.java:285)
	at com.kms.katalon.core.common.CommonExecutor.accessTestCaseMainPhase(CommonExecutor.java:65)
	at com.kms.katalon.core.main.TestSuiteExecutor.accessTestSuiteMainPhase(TestSuiteExecutor.java:150)
	at com.kms.katalon.core.main.TestSuiteExecutor.execute(TestSuiteExecutor.java:106)
	at com.kms.katalon.core.main.TestCaseMain.startTestSuite(TestCaseMain.java:180)
	at TempTestSuite1732726653928.run(TempTestSuite1732726653928.groovy:35)
	at java.base/jdk.internal.reflect.NativeMethodAccessorImpl.invoke0(Native Method)
	at java.base/jdk.internal.reflect.NativeMethodAccessorImpl.invoke(NativeMethodAccessorImpl.java:77)
	at java.base/jdk.internal.reflect.DelegatingMethodAccessorImpl.invoke(DelegatingMethodAccessorImpl.java:43)
)
[[ATTACHMENT|C:\\Users\\Enrique\\git\\AUTOMATION_LS\\Reports\\20241127_115725\\LS\\Client Profile\\Client Profile\\20241127_115733\\1732727484848.png]]

27-11-2024T12:11:25 - [MESSAGE][FAILED] - Verify element text of test object 'Object Repository/Specific Cases Repository/LS/Client Profile/Allergies-Vitals-Labs/Immunization/Page_Client Profile/p_Immunization Added' FAILED. (Root cause: com.kms.katalon.core.exception.StepFailedException: Verify element text of test object 'Object Repository/Specific Cases Repository/LS/Client Profile/Allergies-Vitals-Labs/Immunization/Page_Client Profile/p_Immunization Added' FAILED.
	at com.kms.katalon.core.webui.keyword.internal.WebUIKeywordMain.stepFailed(WebUIKeywordMain.groovy:117)
	at com.kms.katalon.core.webui.keyword.internal.WebUIKeywordMain.runKeyword(WebUIKeywordMain.groovy:43)
	at com.kms.katalon.core.webui.keyword.builtin.VerifyElementTextKeyword.verifyElementText(VerifyElementTextKeyword.groovy:72)
	at com.kms.katalon.core.webui.keyword.builtin.VerifyElementTextKeyword.execute(VerifyElementTextKeyword.groovy:40)
	at com.kms.katalon.core.keyword.internal.KeywordExecutor.executeKeywordForPlatform(KeywordExecutor.groovy:74)
	at com.kms.katalon.core.webui.keyword.WebUiBuiltInKeywords.verifyElementText(WebUiBuiltInKeywords.groovy:4835)
	at Immunization.run(Immunization:79)
	at com.kms.katalon.core.main.ScriptEngine.run(ScriptEngine.java:194)
	at com.kms.katalon.core.main.ScriptEngine.runScriptAsRawText(ScriptEngine.java:119)
	at com.kms.katalon.core.main.TestCaseExecutor.runScript(TestCaseExecutor.java:448)
	at com.kms.katalon.core.main.TestCaseExecutor.doExecute(TestCaseExecutor.java:439)
	at com.kms.katalon.core.main.TestCaseExecutor.processExecutionPhase(TestCaseExecutor.java:418)
	at com.kms.katalon.core.main.TestCaseExecutor.accessMainPhase(TestCaseExecutor.java:410)
	at com.kms.katalon.core.main.TestCaseExecutor.execute(TestCaseExecutor.java:285)
	at com.kms.katalon.core.common.CommonExecutor.accessTestCaseMainPhase(CommonExecutor.java:65)
	at com.kms.katalon.core.main.TestSuiteExecutor.accessTestSuiteMainPhase(TestSuiteExecutor.java:150)
	at com.kms.katalon.core.main.TestSuiteExecutor.execute(TestSuiteExecutor.java:106)
	at com.kms.katalon.core.main.TestCaseMain.startTestSuite(TestCaseMain.java:180)
	at TempTestSuite1732726653928.run(TempTestSuite1732726653928.groovy:35)
	at java.base/jdk.internal.reflect.NativeMethodAccessorImpl.invoke0(Native Method)
	at java.base/jdk.internal.reflect.NativeMethodAccessorImpl.invoke(NativeMethodAccessorImpl.java:77)
	at java.base/jdk.internal.reflect.DelegatingMethodAccessorImpl.invoke(DelegatingMethodAccessorImpl.java:43)
Caused by: com.kms.katalon.core.exception.StepFailedException: Actual text '' and expected text 'Immunization Added' of test object 'Object Repository/Specific Cases Repository/LS/Client Profile/Allergies-Vitals-Labs/Immunization/Page_Client Profile/p_Immunization Added' are NOT matched.
	at com.kms.katalon.core.webui.keyword.internal.WebUIKeywordMain.stepFailed(WebUIKeywordMain.groovy:117)
	at com.kms.katalon.core.webui.keyword.builtin.VerifyElementTextKeyword$_verifyElementText_closure1.doCall(VerifyElementTextKeyword.groovy:57)
	at com.kms.katalon.core.webui.keyword.builtin.VerifyElementTextKeyword$_verifyElementText_closure1.call(VerifyElementTextKeyword.groovy)
	at com.kms.katalon.core.webui.keyword.internal.WebUIKeywordMain.runKeyword(WebUIKeywordMain.groovy:35)
	... 20 more
)
[[ATTACHMENT|C:\\Users\\Enrique\\git\\AUTOMATION_LS\\Reports\\20241127_115725\\LS\\Client Profile\\Client Profile\\20241127_115733\\1732727485026.png]]]]></system-out>
         <system-err><![CDATA[27-11-2024T12:10:47 - [TEST_CASE][FAILED] - Test Cases/Specific Cases/LS/Client Profile/Allergies-Vitals-Labs/Immunization: Test Cases/Specific Cases/LS/Client Profile/Allergies-Vitals-Labs/Immunization FAILED.
Reason:
com.kms.katalon.core.exception.StepFailedException: Verify element text of test object 'Object Repository/Specific Cases Repository/LS/Client Profile/Allergies-Vitals-Labs/Immunization/Page_Client Profile/p_Immunization Added' FAILED.
	at com.kms.katalon.core.webui.keyword.internal.WebUIKeywordMain.stepFailed(WebUIKeywordMain.groovy:117)
	at com.kms.katalon.core.webui.keyword.internal.WebUIKeywordMain.runKeyword(WebUIKeywordMain.groovy:43)
	at com.kms.katalon.core.webui.keyword.builtin.VerifyElementTextKeyword.verifyElementText(VerifyElementTextKeyword.groovy:72)
	at com.kms.katalon.core.webui.keyword.builtin.VerifyElementTextKeyword.execute(VerifyElementTextKeyword.groovy:40)
	at com.kms.katalon.core.keyword.internal.KeywordExecutor.executeKeywordForPlatform(KeywordExecutor.groovy:74)
	at com.kms.katalon.core.webui.keyword.WebUiBuiltInKeywords.verifyElementText(WebUiBuiltInKeywords.groovy:4835)
	at Immunization.run(Immunization:79)
	at com.kms.katalon.core.main.ScriptEngine.run(ScriptEngine.java:194)
	at com.kms.katalon.core.main.ScriptEngine.runScriptAsRawText(ScriptEngine.java:119)
	at com.kms.katalon.core.main.TestCaseExecutor.runScript(TestCaseExecutor.java:448)
	at com.kms.katalon.core.main.TestCaseExecutor.doExecute(TestCaseExecutor.java:439)
	at com.kms.katalon.core.main.TestCaseExecutor.processExecutionPhase(TestCaseExecutor.java:418)
	at com.kms.katalon.core.main.TestCaseExecutor.accessMainPhase(TestCaseExecutor.java:410)
	at com.kms.katalon.core.main.TestCaseExecutor.execute(TestCaseExecutor.java:285)
	at com.kms.katalon.core.common.CommonExecutor.accessTestCaseMainPhase(CommonExecutor.java:65)
	at com.kms.katalon.core.main.TestSuiteExecutor.accessTestSuiteMainPhase(TestSuiteExecutor.java:150)
	at com.kms.katalon.core.main.TestSuiteExecutor.execute(TestSuiteExecutor.java:106)
	at com.kms.katalon.core.main.TestCaseMain.startTestSuite(TestCaseMain.java:180)
	at TempTestSuite1732726653928.run(TempTestSuite1732726653928.groovy:35)
	at java.base/jdk.internal.reflect.NativeMethodAccessorImpl.invoke0(Native Method)
	at java.base/jdk.internal.reflect.NativeMethodAccessorImpl.invoke(NativeMethodAccessorImpl.java:77)
	at java.base/jdk.internal.reflect.DelegatingMethodAccessorImpl.invoke(DelegatingMethodAccessorImpl.java:43)
Caused by: com.kms.katalon.core.exception.StepFailedException: Actual text '' and expected text 'Immunization Added' of test object 'Object Repository/Specific Cases Repository/LS/Client Profile/Allergies-Vitals-Labs/Immunization/Page_Client Profile/p_Immunization Added' are NOT matched.
	at com.kms.katalon.core.webui.keyword.internal.WebUIKeywordMain.stepFailed(WebUIKeywordMain.groovy:117)
	at com.kms.katalon.core.webui.keyword.builtin.VerifyElementTextKeyword$_verifyElementText_closure1.doCall(VerifyElementTextKeyword.groovy:57)
	at com.kms.katalon.core.webui.keyword.builtin.VerifyElementTextKeyword$_verifyElementText_closure1.call(VerifyElementTextKeyword.groovy)
	at com.kms.katalon.core.webui.keyword.internal.WebUIKeywordMain.runKeyword(WebUIKeywordMain.groovy:35)
	... 20 more]]></system-err>
      </testcase>
      <testcase name="Test Cases/Specific Cases/LS/Client Profile/Allergies-Vitals-Labs/Lab Results" time="31.347" classname="Test Cases/Specific Cases/LS/Client Profile/Allergies-Vitals-Labs/Lab Results" status="PASSED">
         <system-out><![CDATA[27-11-2024T12:11:25 - [TEST_CASE][PASSED] - Test Cases/Specific Cases/LS/Client Profile/Allergies-Vitals-Labs/Lab Results: Test Cases/Specific Cases/LS/Client Profile/Allergies-Vitals-Labs/Lab Results

27-11-2024T12:11:25 - [TEST_STEP][PASSED] - callTestCase(findTestCase("Common Cases/Login"), [:], STOP_ON_FAILURE): Call Test Case 'Test Cases/Common Cases/Login' successfully

27-11-2024T12:11:25 - [TEST_CASE][PASSED] - Test Cases/Common Cases/Login: Test Cases/Common Cases/Login

27-11-2024T12:11:25 - [TEST_STEP][PASSED] - openBrowser(""): Browser is opened with url: ''

27-11-2024T12:11:25 - [MESSAGE][WARNING] - A browser is already opened. Closing browser and opening a new one

27-11-2024T12:11:25 - [MESSAGE][INFO] - Starting 'Chrome' driver

27-11-2024T12:11:25 - [MESSAGE][INFO] - Action delay is set to 0 milliseconds

27-11-2024T12:11:26 - [MESSAGE][PASSED] - Browser is opened with url: ''

27-11-2024T12:11:26 - [TEST_STEP][PASSED] - maximizeWindow(): Current window maximized

27-11-2024T12:11:26 - [MESSAGE][PASSED] - Current window maximized

27-11-2024T12:11:26 - [TEST_STEP][PASSED] - navigateToUrl("https://site17.lsapp.cloud/auth/login"): Navigate to 'https://site17.lsapp.cloud/auth/login' successfully

27-11-2024T12:11:27 - [MESSAGE][PASSED] - Navigate to 'https://site17.lsapp.cloud/auth/login' successfully

27-11-2024T12:11:27 - [TEST_STEP][PASSED] - setText(findTestObject("Object Repository/Common Cases Repository/Login/Page_Lightning Step/input_Email_email"), "automation@lightningstep.com"): Text 'automation@lightningstep.com' is set on object 'Object Repository/Common Cases Repository/Login/Page_Lightning Step/input_Email_email'

27-11-2024T12:11:28 - [MESSAGE][PASSED] - Text 'automation@lightningstep.com' is set on object 'Object Repository/Common Cases Repository/Login/Page_Lightning Step/input_Email_email'

27-11-2024T12:11:28 - [TEST_STEP][PASSED] - setEncryptedText(findTestObject("Object Repository/Common Cases Repository/Login/Page_Lightning Step/input_Password_password"), "e5N8VHmnhJDITtQaQhDQDw=="): Text ****** has been set on object 'Object Repository/Common Cases Repository/Login/Page_Lightning Step/input_Password_password'

27-11-2024T12:11:29 - [MESSAGE][PASSED] - Text ****** has been set on object 'Object Repository/Common Cases Repository/Login/Page_Lightning Step/input_Password_password'

27-11-2024T12:11:29 - [TEST_STEP][PASSED] - click(findTestObject("Object Repository/Common Cases Repository/Login/Page_Lightning Step/button_Sign in")): Object: 'Object Repository/Common Cases Repository/Login/Page_Lightning Step/button_Sign in' is clicked on

27-11-2024T12:11:36 - [MESSAGE][PASSED] - Object: 'Object Repository/Common Cases Repository/Login/Page_Lightning Step/button_Sign in' is clicked on

27-11-2024T12:11:36 - [MESSAGE][PASSED] - Call Test Case 'Test Cases/Common Cases/Login' successfully

27-11-2024T12:11:36 - [TEST_STEP][PASSED] - navigateToUrl("https://site17.lsapp.cloud/client/index/1556?section=medicalassess"): Navigate to 'https://site17.lsapp.cloud/client/index/1556?section=medicalassess' successfully

27-11-2024T12:11:43 - [MESSAGE][PASSED] - Navigate to 'https://site17.lsapp.cloud/client/index/1556?section=medicalassess' successfully

27-11-2024T12:11:43 - [TEST_STEP][PASSED] - click(findTestObject("Object Repository/Specific Cases Repository/LS/Client Profile/Allergies-Vitals-Labs/Lab Results/Page_Client Profile/h4_Lab Results")): Object: 'Object Repository/Specific Cases Repository/LS/Client Profile/Allergies-Vitals-Labs/Lab Results/Page_Client Profile/h4_Lab Results' is clicked on

27-11-2024T12:11:44 - [MESSAGE][PASSED] - Object: 'Object Repository/Specific Cases Repository/LS/Client Profile/Allergies-Vitals-Labs/Lab Results/Page_Client Profile/h4_Lab Results' is clicked on

27-11-2024T12:11:44 - [TEST_STEP][PASSED] - selectOptionByValue(findTestObject("Object Repository/Specific Cases Repository/LS/Client Profile/Allergies-Vitals-Labs/Lab Results/Page_Client Profile/select_Upload Lab ResultNew Lab Result"), "upload_no", true): All options with value 'upload_no' are selected in object 'Object Repository/Specific Cases Repository/LS/Client Profile/Allergies-Vitals-Labs/Lab Results/Page_Client Profile/select_Upload Lab ResultNew Lab Result'  using regular expression

27-11-2024T12:11:45 - [MESSAGE][PASSED] - All options with value 'upload_no' are selected in object 'Object Repository/Specific Cases Repository/LS/Client Profile/Allergies-Vitals-Labs/Lab Results/Page_Client Profile/select_Upload Lab ResultNew Lab Result'  using regular expression

27-11-2024T12:11:45 - [TEST_STEP][PASSED] - selectOptionByValue(findTestObject("Object Repository/Specific Cases Repository/LS/Client Profile/Allergies-Vitals-Labs/Lab Results/Page_Client Profile/select_-- Please Select --COVID-19 RapidCOV_75c690"), "COVID-19 PCR", true): All options with value 'COVID-19 PCR' are selected in object 'Object Repository/Specific Cases Repository/LS/Client Profile/Allergies-Vitals-Labs/Lab Results/Page_Client Profile/select_-- Please Select --COVID-19 RapidCOV_75c690'  using regular expression

27-11-2024T12:11:46 - [MESSAGE][PASSED] - All options with value 'COVID-19 PCR' are selected in object 'Object Repository/Specific Cases Repository/LS/Client Profile/Allergies-Vitals-Labs/Lab Results/Page_Client Profile/select_-- Please Select --COVID-19 RapidCOV_75c690'  using regular expression

27-11-2024T12:11:46 - [TEST_STEP][PASSED] - selectOptionByValue(findTestObject("Object Repository/Specific Cases Repository/LS/Client Profile/Allergies-Vitals-Labs/Lab Results/Page_Client Profile/select_-- Please Select --NegativePositiveU_b19f9e"), "Positive", true): All options with value 'Positive' are selected in object 'Object Repository/Specific Cases Repository/LS/Client Profile/Allergies-Vitals-Labs/Lab Results/Page_Client Profile/select_-- Please Select --NegativePositiveU_b19f9e'  using regular expression

27-11-2024T12:11:47 - [MESSAGE][PASSED] - All options with value 'Positive' are selected in object 'Object Repository/Specific Cases Repository/LS/Client Profile/Allergies-Vitals-Labs/Lab Results/Page_Client Profile/select_-- Please Select --NegativePositiveU_b19f9e'  using regular expression

27-11-2024T12:11:47 - [TEST_STEP][PASSED] - setText(findTestObject("Object Repository/Specific Cases Repository/LS/Client Profile/Allergies-Vitals-Labs/Lab Results/Page_Client Profile/textarea_Note_labresult_notes"), "Automation Note"): Text 'Automation Note' is set on object 'Object Repository/Specific Cases Repository/LS/Client Profile/Allergies-Vitals-Labs/Lab Results/Page_Client Profile/textarea_Note_labresult_notes'

27-11-2024T12:11:47 - [MESSAGE][PASSED] - Text 'Automation Note' is set on object 'Object Repository/Specific Cases Repository/LS/Client Profile/Allergies-Vitals-Labs/Lab Results/Page_Client Profile/textarea_Note_labresult_notes'

27-11-2024T12:11:47 - [TEST_STEP][PASSED] - click(findTestObject("Object Repository/Specific Cases Repository/LS/Client Profile/Allergies-Vitals-Labs/Lab Results/Page_Client Profile/span_Sign and Lock_check")): Object: 'Object Repository/Specific Cases Repository/LS/Client Profile/Allergies-Vitals-Labs/Lab Results/Page_Client Profile/span_Sign and Lock_check' is clicked on

27-11-2024T12:11:48 - [MESSAGE][PASSED] - Object: 'Object Repository/Specific Cases Repository/LS/Client Profile/Allergies-Vitals-Labs/Lab Results/Page_Client Profile/span_Sign and Lock_check' is clicked on

27-11-2024T12:11:48 - [TEST_STEP][PASSED] - click(findTestObject("Object Repository/Specific Cases Repository/LS/Client Profile/Allergies-Vitals-Labs/Lab Results/Page_Client Profile/button_Save")): Object: 'Object Repository/Specific Cases Repository/LS/Client Profile/Allergies-Vitals-Labs/Lab Results/Page_Client Profile/button_Save' is clicked on

27-11-2024T12:11:54 - [MESSAGE][PASSED] - Object: 'Object Repository/Specific Cases Repository/LS/Client Profile/Allergies-Vitals-Labs/Lab Results/Page_Client Profile/button_Save' is clicked on

27-11-2024T12:11:54 - [TEST_STEP][PASSED] - verifyElementText(findTestObject("Object Repository/Specific Cases Repository/LS/Client Profile/Allergies-Vitals-Labs/Lab Results/Page_Client Profile/p_Lab Result Successfully Saved"), "Lab Result Successfully Saved!"): Actual text and expected text of test object 'Object Repository/Specific Cases Repository/LS/Client Profile/Allergies-Vitals-Labs/Lab Results/Page_Client Profile/p_Lab Result Successfully Saved' are matched.

27-11-2024T12:11:55 - [MESSAGE][PASSED] - Actual text and expected text of test object 'Object Repository/Specific Cases Repository/LS/Client Profile/Allergies-Vitals-Labs/Lab Results/Page_Client Profile/p_Lab Result Successfully Saved' are matched.

27-11-2024T12:11:55 - [TEST_STEP][PASSED] - verifyElementText(findTestObject("Object Repository/Specific Cases Repository/LS/Client Profile/Allergies-Vitals-Labs/Lab Results/Page_Client Profile/td_COVID-19 PCR"), "COVID-19 PCR"): Actual text and expected text of test object 'Object Repository/Specific Cases Repository/LS/Client Profile/Allergies-Vitals-Labs/Lab Results/Page_Client Profile/td_COVID-19 PCR' are matched.

27-11-2024T12:11:55 - [MESSAGE][PASSED] - Actual text and expected text of test object 'Object Repository/Specific Cases Repository/LS/Client Profile/Allergies-Vitals-Labs/Lab Results/Page_Client Profile/td_COVID-19 PCR' are matched.

27-11-2024T12:11:55 - [TEST_STEP][PASSED] - verifyElementText(findTestObject("Object Repository/Specific Cases Repository/LS/Client Profile/Allergies-Vitals-Labs/Lab Results/Page_Client Profile/td_Positive"), "Positive"): Actual text and expected text of test object 'Object Repository/Specific Cases Repository/LS/Client Profile/Allergies-Vitals-Labs/Lab Results/Page_Client Profile/td_Positive' are matched.

27-11-2024T12:11:56 - [MESSAGE][PASSED] - Actual text and expected text of test object 'Object Repository/Specific Cases Repository/LS/Client Profile/Allergies-Vitals-Labs/Lab Results/Page_Client Profile/td_Positive' are matched.

27-11-2024T12:11:56 - [TEST_STEP][PASSED] - verifyElementText(findTestObject("Object Repository/Specific Cases Repository/LS/Client Profile/Allergies-Vitals-Labs/Lab Results/Page_Client Profile/td_Staff Signed"), "Staff Signed"): Actual text and expected text of test object 'Object Repository/Specific Cases Repository/LS/Client Profile/Allergies-Vitals-Labs/Lab Results/Page_Client Profile/td_Staff Signed' are matched.

27-11-2024T12:11:56 - [MESSAGE][PASSED] - Actual text and expected text of test object 'Object Repository/Specific Cases Repository/LS/Client Profile/Allergies-Vitals-Labs/Lab Results/Page_Client Profile/td_Staff Signed' are matched.

27-11-2024T12:11:56 - [TEST_STEP][PASSED] - closeBrowser(): Browser is closed

27-11-2024T12:11:56 - [MESSAGE][PASSED] - Browser is closed]]></system-out>
         <system-err><![CDATA[]]></system-err>
      </testcase>
      <testcase name="Test Cases/Specific Cases/LS/Client Profile/Allergies-Vitals-Labs/Pain Rating" time="46.95" classname="Test Cases/Specific Cases/LS/Client Profile/Allergies-Vitals-Labs/Pain Rating" status="PASSED">
         <system-out><![CDATA[27-11-2024T12:11:56 - [TEST_CASE][PASSED] - Test Cases/Specific Cases/LS/Client Profile/Allergies-Vitals-Labs/Pain Rating: Test Cases/Specific Cases/LS/Client Profile/Allergies-Vitals-Labs/Pain Rating

27-11-2024T12:11:56 - [TEST_STEP][PASSED] - callTestCase(findTestCase("Common Cases/Login"), [:], STOP_ON_FAILURE): Call Test Case 'Test Cases/Common Cases/Login' successfully

27-11-2024T12:11:56 - [TEST_CASE][PASSED] - Test Cases/Common Cases/Login: Test Cases/Common Cases/Login

27-11-2024T12:11:56 - [TEST_STEP][PASSED] - openBrowser(""): Browser is opened with url: ''

27-11-2024T12:11:56 - [MESSAGE][INFO] - Starting 'Chrome' driver

27-11-2024T12:11:56 - [MESSAGE][INFO] - Action delay is set to 0 milliseconds

27-11-2024T12:11:57 - [MESSAGE][PASSED] - Browser is opened with url: ''

27-11-2024T12:11:57 - [TEST_STEP][PASSED] - maximizeWindow(): Current window maximized

27-11-2024T12:11:57 - [MESSAGE][PASSED] - Current window maximized

27-11-2024T12:11:57 - [TEST_STEP][PASSED] - navigateToUrl("https://site17.lsapp.cloud/auth/login"): Navigate to 'https://site17.lsapp.cloud/auth/login' successfully

27-11-2024T12:12:00 - [MESSAGE][PASSED] - Navigate to 'https://site17.lsapp.cloud/auth/login' successfully

27-11-2024T12:12:00 - [TEST_STEP][PASSED] - setText(findTestObject("Object Repository/Common Cases Repository/Login/Page_Lightning Step/input_Email_email"), "automation@lightningstep.com"): Text 'automation@lightningstep.com' is set on object 'Object Repository/Common Cases Repository/Login/Page_Lightning Step/input_Email_email'

27-11-2024T12:12:01 - [MESSAGE][PASSED] - Text 'automation@lightningstep.com' is set on object 'Object Repository/Common Cases Repository/Login/Page_Lightning Step/input_Email_email'

27-11-2024T12:12:01 - [TEST_STEP][PASSED] - setEncryptedText(findTestObject("Object Repository/Common Cases Repository/Login/Page_Lightning Step/input_Password_password"), "e5N8VHmnhJDITtQaQhDQDw=="): Text ****** has been set on object 'Object Repository/Common Cases Repository/Login/Page_Lightning Step/input_Password_password'

27-11-2024T12:12:01 - [MESSAGE][PASSED] - Text ****** has been set on object 'Object Repository/Common Cases Repository/Login/Page_Lightning Step/input_Password_password'

27-11-2024T12:12:01 - [TEST_STEP][PASSED] - click(findTestObject("Object Repository/Common Cases Repository/Login/Page_Lightning Step/button_Sign in")): Object: 'Object Repository/Common Cases Repository/Login/Page_Lightning Step/button_Sign in' is clicked on

27-11-2024T12:12:16 - [MESSAGE][PASSED] - Object: 'Object Repository/Common Cases Repository/Login/Page_Lightning Step/button_Sign in' is clicked on

27-11-2024T12:12:16 - [MESSAGE][PASSED] - Call Test Case 'Test Cases/Common Cases/Login' successfully

27-11-2024T12:12:16 - [TEST_STEP][PASSED] - navigateToUrl("https://site17.lsapp.cloud/client/index/1556?section=medicalassess"): Navigate to 'https://site17.lsapp.cloud/client/index/1556?section=medicalassess' successfully

27-11-2024T12:12:25 - [MESSAGE][PASSED] - Navigate to 'https://site17.lsapp.cloud/client/index/1556?section=medicalassess' successfully

27-11-2024T12:12:25 - [TEST_STEP][PASSED] - click(findTestObject("Object Repository/Specific Cases Repository/LS/Client Profile/Allergies-Vitals-Labs/Pain Rating/Page_Client Profile/h4_Pain Rating")): Object: 'Object Repository/Specific Cases Repository/LS/Client Profile/Allergies-Vitals-Labs/Pain Rating/Page_Client Profile/h4_Pain Rating' is clicked on

27-11-2024T12:12:26 - [MESSAGE][PASSED] - Object: 'Object Repository/Specific Cases Repository/LS/Client Profile/Allergies-Vitals-Labs/Pain Rating/Page_Client Profile/h4_Pain Rating' is clicked on

27-11-2024T12:12:26 - [TEST_STEP][PASSED] - click(findTestObject("Object Repository/Specific Cases Repository/LS/Client Profile/Allergies-Vitals-Labs/Pain Rating/Page_Client Profile/i_add")): Object: 'Object Repository/Specific Cases Repository/LS/Client Profile/Allergies-Vitals-Labs/Pain Rating/Page_Client Profile/i_add' is clicked on

27-11-2024T12:12:28 - [MESSAGE][PASSED] - Object: 'Object Repository/Specific Cases Repository/LS/Client Profile/Allergies-Vitals-Labs/Pain Rating/Page_Client Profile/i_add' is clicked on

27-11-2024T12:12:28 - [TEST_STEP][PASSED] - selectOptionByValue(findTestObject("Object Repository/Specific Cases Repository/LS/Client Profile/Allergies-Vitals-Labs/Pain Rating/Page_Pain Rating/select_--not-selected--YesNo"), "Yes", true): All options with value 'Yes' are selected in object 'Object Repository/Specific Cases Repository/LS/Client Profile/Allergies-Vitals-Labs/Pain Rating/Page_Pain Rating/select_--not-selected--YesNo'  using regular expression

27-11-2024T12:12:30 - [MESSAGE][PASSED] - All options with value 'Yes' are selected in object 'Object Repository/Specific Cases Repository/LS/Client Profile/Allergies-Vitals-Labs/Pain Rating/Page_Pain Rating/select_--not-selected--YesNo'  using regular expression

27-11-2024T12:12:30 - [TEST_STEP][PASSED] - setText(findTestObject("Object Repository/Specific Cases Repository/LS/Client Profile/Allergies-Vitals-Labs/Pain Rating/Page_Pain Rating/textarea_Character Please describe your pai_b961e8"), "Automation Character"): Text 'Automation Character' is set on object 'Object Repository/Specific Cases Repository/LS/Client Profile/Allergies-Vitals-Labs/Pain Rating/Page_Pain Rating/textarea_Character Please describe your pai_b961e8'

27-11-2024T12:12:30 - [MESSAGE][PASSED] - Text 'Automation Character' is set on object 'Object Repository/Specific Cases Repository/LS/Client Profile/Allergies-Vitals-Labs/Pain Rating/Page_Pain Rating/textarea_Character Please describe your pai_b961e8'

27-11-2024T12:12:30 - [TEST_STEP][PASSED] - setText(findTestObject("Object Repository/Specific Cases Repository/LS/Client Profile/Allergies-Vitals-Labs/Pain Rating/Page_Pain Rating/textarea_Onset When did your pain begin How_1fcb8f"), "Automation Onset"): Text 'Automation Onset' is set on object 'Object Repository/Specific Cases Repository/LS/Client Profile/Allergies-Vitals-Labs/Pain Rating/Page_Pain Rating/textarea_Onset When did your pain begin How_1fcb8f'

27-11-2024T12:12:31 - [MESSAGE][PASSED] - Text 'Automation Onset' is set on object 'Object Repository/Specific Cases Repository/LS/Client Profile/Allergies-Vitals-Labs/Pain Rating/Page_Pain Rating/textarea_Onset When did your pain begin How_1fcb8f'

27-11-2024T12:12:31 - [TEST_STEP][PASSED] - setText(findTestObject("Object Repository/Specific Cases Repository/LS/Client Profile/Allergies-Vitals-Labs/Pain Rating/Page_Pain Rating/textarea_Location Where is it Does it radia_4aae7b"), "Autoamtion Location"): Text 'Autoamtion Location' is set on object 'Object Repository/Specific Cases Repository/LS/Client Profile/Allergies-Vitals-Labs/Pain Rating/Page_Pain Rating/textarea_Location Where is it Does it radia_4aae7b'

27-11-2024T12:12:32 - [MESSAGE][PASSED] - Text 'Autoamtion Location' is set on object 'Object Repository/Specific Cases Repository/LS/Client Profile/Allergies-Vitals-Labs/Pain Rating/Page_Pain Rating/textarea_Location Where is it Does it radia_4aae7b'

27-11-2024T12:12:32 - [TEST_STEP][PASSED] - setText(findTestObject("Object Repository/Specific Cases Repository/LS/Client Profile/Allergies-Vitals-Labs/Pain Rating/Page_Pain Rating/textarea_Duration How long does it last Doe_a24179"), "Automation Duration"): Text 'Automation Duration' is set on object 'Object Repository/Specific Cases Repository/LS/Client Profile/Allergies-Vitals-Labs/Pain Rating/Page_Pain Rating/textarea_Duration How long does it last Doe_a24179'

27-11-2024T12:12:32 - [MESSAGE][PASSED] - Text 'Automation Duration' is set on object 'Object Repository/Specific Cases Repository/LS/Client Profile/Allergies-Vitals-Labs/Pain Rating/Page_Pain Rating/textarea_Duration How long does it last Doe_a24179'

27-11-2024T12:12:32 - [TEST_STEP][PASSED] - setText(findTestObject("Object Repository/Specific Cases Repository/LS/Client Profile/Allergies-Vitals-Labs/Pain Rating/Page_Pain Rating/textarea_Severity How bad is it_txtseverity"), "Automation Severity"): Text 'Automation Severity' is set on object 'Object Repository/Specific Cases Repository/LS/Client Profile/Allergies-Vitals-Labs/Pain Rating/Page_Pain Rating/textarea_Severity How bad is it_txtseverity'

27-11-2024T12:12:33 - [MESSAGE][PASSED] - Text 'Automation Severity' is set on object 'Object Repository/Specific Cases Repository/LS/Client Profile/Allergies-Vitals-Labs/Pain Rating/Page_Pain Rating/textarea_Severity How bad is it_txtseverity'

27-11-2024T12:12:33 - [TEST_STEP][PASSED] - setText(findTestObject("Object Repository/Specific Cases Repository/LS/Client Profile/Allergies-Vitals-Labs/Pain Rating/Page_Pain Rating/textarea_Pattern What makes it better_txtpattern"), "Automation Pattern"): Text 'Automation Pattern' is set on object 'Object Repository/Specific Cases Repository/LS/Client Profile/Allergies-Vitals-Labs/Pain Rating/Page_Pain Rating/textarea_Pattern What makes it better_txtpattern'

27-11-2024T12:12:34 - [MESSAGE][PASSED] - Text 'Automation Pattern' is set on object 'Object Repository/Specific Cases Repository/LS/Client Profile/Allergies-Vitals-Labs/Pain Rating/Page_Pain Rating/textarea_Pattern What makes it better_txtpattern'

27-11-2024T12:12:34 - [TEST_STEP][PASSED] - setText(findTestObject("Object Repository/Specific Cases Repository/LS/Client Profile/Allergies-Vitals-Labs/Pain Rating/Page_Pain Rating/textarea_Associated Factors What other symp_d4f16d"), "Automation Associated"): Text 'Automation Associated' is set on object 'Object Repository/Specific Cases Repository/LS/Client Profile/Allergies-Vitals-Labs/Pain Rating/Page_Pain Rating/textarea_Associated Factors What other symp_d4f16d'

27-11-2024T12:12:34 - [MESSAGE][PASSED] - Text 'Automation Associated' is set on object 'Object Repository/Specific Cases Repository/LS/Client Profile/Allergies-Vitals-Labs/Pain Rating/Page_Pain Rating/textarea_Associated Factors What other symp_d4f16d'

27-11-2024T12:12:34 - [TEST_STEP][PASSED] - click(findTestObject("Object Repository/Specific Cases Repository/LS/Client Profile/Allergies-Vitals-Labs/Pain Rating/Page_Pain Rating/input_Associated Factors What other symptom_d4156a")): Object: 'Object Repository/Specific Cases Repository/LS/Client Profile/Allergies-Vitals-Labs/Pain Rating/Page_Pain Rating/input_Associated Factors What other symptom_d4156a' is clicked on

27-11-2024T12:12:34 - [MESSAGE][PASSED] - Object: 'Object Repository/Specific Cases Repository/LS/Client Profile/Allergies-Vitals-Labs/Pain Rating/Page_Pain Rating/input_Associated Factors What other symptom_d4156a' is clicked on

27-11-2024T12:12:34 - [TEST_STEP][PASSED] - click(findTestObject("Object Repository/Specific Cases Repository/LS/Client Profile/Allergies-Vitals-Labs/Pain Rating/Page_Pain Rating/span_Sign and Lock_check")): Object: 'Object Repository/Specific Cases Repository/LS/Client Profile/Allergies-Vitals-Labs/Pain Rating/Page_Pain Rating/span_Sign and Lock_check' is clicked on

27-11-2024T12:12:35 - [MESSAGE][PASSED] - Object: 'Object Repository/Specific Cases Repository/LS/Client Profile/Allergies-Vitals-Labs/Pain Rating/Page_Pain Rating/span_Sign and Lock_check' is clicked on

27-11-2024T12:12:35 - [TEST_STEP][PASSED] - click(findTestObject("Object Repository/Specific Cases Repository/LS/Client Profile/Allergies-Vitals-Labs/Pain Rating/Page_Pain Rating/button_Save")): Object: 'Object Repository/Specific Cases Repository/LS/Client Profile/Allergies-Vitals-Labs/Pain Rating/Page_Pain Rating/button_Save' is clicked on

27-11-2024T12:12:41 - [MESSAGE][PASSED] - Object: 'Object Repository/Specific Cases Repository/LS/Client Profile/Allergies-Vitals-Labs/Pain Rating/Page_Pain Rating/button_Save' is clicked on

27-11-2024T12:12:41 - [TEST_STEP][PASSED] - verifyElementText(findTestObject("Object Repository/Specific Cases Repository/LS/Client Profile/Allergies-Vitals-Labs/Pain Rating/Page_Client Profile/td_5"), "5"): Actual text and expected text of test object 'Object Repository/Specific Cases Repository/LS/Client Profile/Allergies-Vitals-Labs/Pain Rating/Page_Client Profile/td_5' are matched.

27-11-2024T12:12:42 - [MESSAGE][PASSED] - Actual text and expected text of test object 'Object Repository/Specific Cases Repository/LS/Client Profile/Allergies-Vitals-Labs/Pain Rating/Page_Client Profile/td_5' are matched.

27-11-2024T12:12:42 - [TEST_STEP][PASSED] - verifyElementText(findTestObject("Object Repository/Specific Cases Repository/LS/Client Profile/Allergies-Vitals-Labs/Pain Rating/Page_Client Profile/td_Automation Character"), "Automation Character"): Actual text and expected text of test object 'Object Repository/Specific Cases Repository/LS/Client Profile/Allergies-Vitals-Labs/Pain Rating/Page_Client Profile/td_Automation Character' are matched.

27-11-2024T12:12:43 - [MESSAGE][PASSED] - Actual text and expected text of test object 'Object Repository/Specific Cases Repository/LS/Client Profile/Allergies-Vitals-Labs/Pain Rating/Page_Client Profile/td_Automation Character' are matched.

27-11-2024T12:12:43 - [TEST_STEP][PASSED] - verifyElementText(findTestObject("Object Repository/Specific Cases Repository/LS/Client Profile/Allergies-Vitals-Labs/Pain Rating/Page_Client Profile/td_Automation Test"), "Automation Test"): Actual text and expected text of test object 'Object Repository/Specific Cases Repository/LS/Client Profile/Allergies-Vitals-Labs/Pain Rating/Page_Client Profile/td_Automation Test' are matched.

27-11-2024T12:12:43 - [MESSAGE][PASSED] - Actual text and expected text of test object 'Object Repository/Specific Cases Repository/LS/Client Profile/Allergies-Vitals-Labs/Pain Rating/Page_Client Profile/td_Automation Test' are matched.

27-11-2024T12:12:43 - [TEST_STEP][PASSED] - closeBrowser(): Browser is closed

27-11-2024T12:12:43 - [MESSAGE][PASSED] - Browser is closed]]></system-out>
         <system-err><![CDATA[]]></system-err>
      </testcase>
      <testcase name="Test Cases/Specific Cases/LS/Client Profile/Allergies-Vitals-Labs/PENDING TB Testing" time="10.268" classname="Test Cases/Specific Cases/LS/Client Profile/Allergies-Vitals-Labs/PENDING TB Testing" status="PASSED">
         <system-out><![CDATA[27-11-2024T12:12:43 - [TEST_CASE][PASSED] - Test Cases/Specific Cases/LS/Client Profile/Allergies-Vitals-Labs/PENDING TB Testing: Test Cases/Specific Cases/LS/Client Profile/Allergies-Vitals-Labs/PENDING TB Testing

27-11-2024T12:12:43 - [TEST_STEP][PASSED] - callTestCase(findTestCase("Common Cases/Login"), [:], STOP_ON_FAILURE): Call Test Case 'Test Cases/Common Cases/Login' successfully

27-11-2024T12:12:43 - [TEST_CASE][PASSED] - Test Cases/Common Cases/Login: Test Cases/Common Cases/Login

27-11-2024T12:12:43 - [TEST_STEP][PASSED] - openBrowser(""): Browser is opened with url: ''

27-11-2024T12:12:43 - [MESSAGE][INFO] - Starting 'Chrome' driver

27-11-2024T12:12:43 - [MESSAGE][INFO] - Action delay is set to 0 milliseconds

27-11-2024T12:12:44 - [MESSAGE][PASSED] - Browser is opened with url: ''

27-11-2024T12:12:44 - [TEST_STEP][PASSED] - maximizeWindow(): Current window maximized

27-11-2024T12:12:44 - [MESSAGE][PASSED] - Current window maximized

27-11-2024T12:12:44 - [TEST_STEP][PASSED] - navigateToUrl("https://site17.lsapp.cloud/auth/login"): Navigate to 'https://site17.lsapp.cloud/auth/login' successfully

27-11-2024T12:12:45 - [MESSAGE][PASSED] - Navigate to 'https://site17.lsapp.cloud/auth/login' successfully

27-11-2024T12:12:45 - [TEST_STEP][PASSED] - setText(findTestObject("Object Repository/Common Cases Repository/Login/Page_Lightning Step/input_Email_email"), "automation@lightningstep.com"): Text 'automation@lightningstep.com' is set on object 'Object Repository/Common Cases Repository/Login/Page_Lightning Step/input_Email_email'

27-11-2024T12:12:46 - [MESSAGE][PASSED] - Text 'automation@lightningstep.com' is set on object 'Object Repository/Common Cases Repository/Login/Page_Lightning Step/input_Email_email'

27-11-2024T12:12:46 - [TEST_STEP][PASSED] - setEncryptedText(findTestObject("Object Repository/Common Cases Repository/Login/Page_Lightning Step/input_Password_password"), "e5N8VHmnhJDITtQaQhDQDw=="): Text ****** has been set on object 'Object Repository/Common Cases Repository/Login/Page_Lightning Step/input_Password_password'

27-11-2024T12:12:47 - [MESSAGE][PASSED] - Text ****** has been set on object 'Object Repository/Common Cases Repository/Login/Page_Lightning Step/input_Password_password'

27-11-2024T12:12:47 - [TEST_STEP][PASSED] - click(findTestObject("Object Repository/Common Cases Repository/Login/Page_Lightning Step/button_Sign in")): Object: 'Object Repository/Common Cases Repository/Login/Page_Lightning Step/button_Sign in' is clicked on

27-11-2024T12:12:53 - [MESSAGE][PASSED] - Object: 'Object Repository/Common Cases Repository/Login/Page_Lightning Step/button_Sign in' is clicked on

27-11-2024T12:12:53 - [MESSAGE][PASSED] - Call Test Case 'Test Cases/Common Cases/Login' successfully]]></system-out>
         <system-err><![CDATA[]]></system-err>
      </testcase>
      <testcase name="Test Cases/Specific Cases/LS/Client Profile/Allergies-Vitals-Labs/Pregnancy Test" time="37.377" classname="Test Cases/Specific Cases/LS/Client Profile/Allergies-Vitals-Labs/Pregnancy Test" status="PASSED">
         <system-out><![CDATA[27-11-2024T12:12:53 - [TEST_CASE][PASSED] - Test Cases/Specific Cases/LS/Client Profile/Allergies-Vitals-Labs/Pregnancy Test: Test Cases/Specific Cases/LS/Client Profile/Allergies-Vitals-Labs/Pregnancy Test

27-11-2024T12:12:53 - [TEST_STEP][PASSED] - callTestCase(findTestCase("Common Cases/Login"), [:], STOP_ON_FAILURE): Call Test Case 'Test Cases/Common Cases/Login' successfully

27-11-2024T12:12:53 - [TEST_CASE][PASSED] - Test Cases/Common Cases/Login: Test Cases/Common Cases/Login

27-11-2024T12:12:53 - [TEST_STEP][PASSED] - openBrowser(""): Browser is opened with url: ''

27-11-2024T12:12:53 - [MESSAGE][WARNING] - A browser is already opened. Closing browser and opening a new one

27-11-2024T12:12:54 - [MESSAGE][INFO] - Starting 'Chrome' driver

27-11-2024T12:12:54 - [MESSAGE][INFO] - Action delay is set to 0 milliseconds

27-11-2024T12:12:54 - [MESSAGE][PASSED] - Browser is opened with url: ''

27-11-2024T12:12:54 - [TEST_STEP][PASSED] - maximizeWindow(): Current window maximized

27-11-2024T12:12:54 - [MESSAGE][PASSED] - Current window maximized

27-11-2024T12:12:54 - [TEST_STEP][PASSED] - navigateToUrl("https://site17.lsapp.cloud/auth/login"): Navigate to 'https://site17.lsapp.cloud/auth/login' successfully

27-11-2024T12:12:56 - [MESSAGE][PASSED] - Navigate to 'https://site17.lsapp.cloud/auth/login' successfully

27-11-2024T12:12:56 - [TEST_STEP][PASSED] - setText(findTestObject("Object Repository/Common Cases Repository/Login/Page_Lightning Step/input_Email_email"), "automation@lightningstep.com"): Text 'automation@lightningstep.com' is set on object 'Object Repository/Common Cases Repository/Login/Page_Lightning Step/input_Email_email'

27-11-2024T12:12:57 - [MESSAGE][PASSED] - Text 'automation@lightningstep.com' is set on object 'Object Repository/Common Cases Repository/Login/Page_Lightning Step/input_Email_email'

27-11-2024T12:12:57 - [TEST_STEP][PASSED] - setEncryptedText(findTestObject("Object Repository/Common Cases Repository/Login/Page_Lightning Step/input_Password_password"), "e5N8VHmnhJDITtQaQhDQDw=="): Text ****** has been set on object 'Object Repository/Common Cases Repository/Login/Page_Lightning Step/input_Password_password'

27-11-2024T12:12:57 - [MESSAGE][PASSED] - Text ****** has been set on object 'Object Repository/Common Cases Repository/Login/Page_Lightning Step/input_Password_password'

27-11-2024T12:12:57 - [TEST_STEP][PASSED] - click(findTestObject("Object Repository/Common Cases Repository/Login/Page_Lightning Step/button_Sign in")): Object: 'Object Repository/Common Cases Repository/Login/Page_Lightning Step/button_Sign in' is clicked on

27-11-2024T12:13:04 - [MESSAGE][PASSED] - Object: 'Object Repository/Common Cases Repository/Login/Page_Lightning Step/button_Sign in' is clicked on

27-11-2024T12:13:04 - [MESSAGE][PASSED] - Call Test Case 'Test Cases/Common Cases/Login' successfully

27-11-2024T12:13:04 - [TEST_STEP][PASSED] - navigateToUrl("https://site17.lsapp.cloud/client/index/1556?section=medicalassess"): Navigate to 'https://site17.lsapp.cloud/client/index/1556?section=medicalassess' successfully

27-11-2024T12:13:11 - [MESSAGE][PASSED] - Navigate to 'https://site17.lsapp.cloud/client/index/1556?section=medicalassess' successfully

27-11-2024T12:13:11 - [TEST_STEP][PASSED] - click(findTestObject("Object Repository/Specific Cases Repository/LS/Client Profile/Allergies-Vitals-Labs/Pregnancy Test/Page_Client Profile/h4_Pregnancy Test")): Object: 'Object Repository/Specific Cases Repository/LS/Client Profile/Allergies-Vitals-Labs/Pregnancy Test/Page_Client Profile/h4_Pregnancy Test' is clicked on

27-11-2024T12:13:12 - [MESSAGE][PASSED] - Object: 'Object Repository/Specific Cases Repository/LS/Client Profile/Allergies-Vitals-Labs/Pregnancy Test/Page_Client Profile/h4_Pregnancy Test' is clicked on

27-11-2024T12:13:12 - [TEST_STEP][PASSED] - click(findTestObject("Object Repository/Specific Cases Repository/LS/Client Profile/Allergies-Vitals-Labs/Pregnancy Test/Page_Client Profile/i_add")): Object: 'Object Repository/Specific Cases Repository/LS/Client Profile/Allergies-Vitals-Labs/Pregnancy Test/Page_Client Profile/i_add' is clicked on

27-11-2024T12:13:15 - [MESSAGE][PASSED] - Object: 'Object Repository/Specific Cases Repository/LS/Client Profile/Allergies-Vitals-Labs/Pregnancy Test/Page_Client Profile/i_add' is clicked on

27-11-2024T12:13:15 - [TEST_STEP][PASSED] - setText(findTestObject("Object Repository/Specific Cases Repository/LS/Client Profile/Allergies-Vitals-Labs/Pregnancy Test/Page_Pregnancy Test/textarea_Additional Information_note"), "Automation Additional Information"): Text 'Automation Additional Information' is set on object 'Object Repository/Specific Cases Repository/LS/Client Profile/Allergies-Vitals-Labs/Pregnancy Test/Page_Pregnancy Test/textarea_Additional Information_note'

27-11-2024T12:13:16 - [MESSAGE][PASSED] - Text 'Automation Additional Information' is set on object 'Object Repository/Specific Cases Repository/LS/Client Profile/Allergies-Vitals-Labs/Pregnancy Test/Page_Pregnancy Test/textarea_Additional Information_note'

27-11-2024T12:13:16 - [TEST_STEP][PASSED] - selectOptionByValue(findTestObject("Object Repository/Specific Cases Repository/LS/Client Profile/Allergies-Vitals-Labs/Pregnancy Test/Page_Pregnancy Test/select_PositiveNegative"), "Positive", true): All options with value 'Positive' are selected in object 'Object Repository/Specific Cases Repository/LS/Client Profile/Allergies-Vitals-Labs/Pregnancy Test/Page_Pregnancy Test/select_PositiveNegative'  using regular expression

27-11-2024T12:13:17 - [MESSAGE][PASSED] - All options with value 'Positive' are selected in object 'Object Repository/Specific Cases Repository/LS/Client Profile/Allergies-Vitals-Labs/Pregnancy Test/Page_Pregnancy Test/select_PositiveNegative'  using regular expression

27-11-2024T12:13:17 - [TEST_STEP][PASSED] - click(findTestObject("Object Repository/Specific Cases Repository/LS/Client Profile/Allergies-Vitals-Labs/Pregnancy Test/Page_Pregnancy Test/input_Sign and Lock_dss")): Object: 'Object Repository/Specific Cases Repository/LS/Client Profile/Allergies-Vitals-Labs/Pregnancy Test/Page_Pregnancy Test/input_Sign and Lock_dss' is clicked on

27-11-2024T12:13:17 - [MESSAGE][PASSED] - Object: 'Object Repository/Specific Cases Repository/LS/Client Profile/Allergies-Vitals-Labs/Pregnancy Test/Page_Pregnancy Test/input_Sign and Lock_dss' is clicked on

27-11-2024T12:13:17 - [TEST_STEP][PASSED] - click(findTestObject("Object Repository/Specific Cases Repository/LS/Client Profile/Allergies-Vitals-Labs/Pregnancy Test/Page_Pregnancy Test/button_Save")): Object: 'Object Repository/Specific Cases Repository/LS/Client Profile/Allergies-Vitals-Labs/Pregnancy Test/Page_Pregnancy Test/button_Save' is clicked on

27-11-2024T12:13:24 - [MESSAGE][PASSED] - Object: 'Object Repository/Specific Cases Repository/LS/Client Profile/Allergies-Vitals-Labs/Pregnancy Test/Page_Pregnancy Test/button_Save' is clicked on

27-11-2024T12:13:24 - [TEST_STEP][PASSED] - navigateToUrl("https://site17.lsapp.cloud/client/index/1556?section=medicalassess"): Navigate to 'https://site17.lsapp.cloud/client/index/1556?section=medicalassess' successfully

27-11-2024T12:13:29 - [MESSAGE][PASSED] - Navigate to 'https://site17.lsapp.cloud/client/index/1556?section=medicalassess' successfully

27-11-2024T12:13:29 - [TEST_STEP][PASSED] - click(findTestObject("Object Repository/Specific Cases Repository/LS/Client Profile/Allergies-Vitals-Labs/Pregnancy Test/Page_Client Profile/h4_Pregnancy Test")): Object: 'Object Repository/Specific Cases Repository/LS/Client Profile/Allergies-Vitals-Labs/Pregnancy Test/Page_Client Profile/h4_Pregnancy Test' is clicked on

27-11-2024T12:13:30 - [MESSAGE][PASSED] - Object: 'Object Repository/Specific Cases Repository/LS/Client Profile/Allergies-Vitals-Labs/Pregnancy Test/Page_Client Profile/h4_Pregnancy Test' is clicked on

27-11-2024T12:13:30 - [TEST_STEP][PASSED] - verifyElementText(findTestObject("Object Repository/Specific Cases Repository/LS/Client Profile/Allergies-Vitals-Labs/Pregnancy Test/Page_Client Profile/td_Positive"), "Positive"): Actual text and expected text of test object 'Object Repository/Specific Cases Repository/LS/Client Profile/Allergies-Vitals-Labs/Pregnancy Test/Page_Client Profile/td_Positive' are matched.

27-11-2024T12:13:30 - [MESSAGE][PASSED] - Actual text and expected text of test object 'Object Repository/Specific Cases Repository/LS/Client Profile/Allergies-Vitals-Labs/Pregnancy Test/Page_Client Profile/td_Positive' are matched.

27-11-2024T12:13:30 - [TEST_STEP][PASSED] - verifyElementPresent(findTestObject("Object Repository/Specific Cases Repository/LS/Client Profile/Allergies-Vitals-Labs/Pregnancy Test/Page_Client Profile/i_Positive_fa fa-exclamation-triangle text-danger"), 0): Object 'Object Repository/Specific Cases Repository/LS/Client Profile/Allergies-Vitals-Labs/Pregnancy Test/Page_Client Profile/i_Positive_fa fa-exclamation-triangle text-danger' is present

27-11-2024T12:13:30 - [MESSAGE][WARNING] - Timeout '0' is invalid. Using default page load timeout: '30'

27-11-2024T12:13:30 - [MESSAGE][PASSED] - Object 'Object Repository/Specific Cases Repository/LS/Client Profile/Allergies-Vitals-Labs/Pregnancy Test/Page_Client Profile/i_Positive_fa fa-exclamation-triangle text-danger' is present

27-11-2024T12:13:30 - [TEST_STEP][PASSED] - closeBrowser(): Browser is closed

27-11-2024T12:13:31 - [MESSAGE][PASSED] - Browser is closed]]></system-out>
         <system-err><![CDATA[]]></system-err>
      </testcase>
      <testcase name="Test Cases/Specific Cases/LS/Client Profile/Allergies-Vitals-Labs/UDS" time="53.295" classname="Test Cases/Specific Cases/LS/Client Profile/Allergies-Vitals-Labs/UDS" status="PASSED">
         <system-out><![CDATA[27-11-2024T12:13:31 - [TEST_CASE][PASSED] - Test Cases/Specific Cases/LS/Client Profile/Allergies-Vitals-Labs/UDS: Test Cases/Specific Cases/LS/Client Profile/Allergies-Vitals-Labs/UDS

27-11-2024T12:13:31 - [TEST_STEP][PASSED] - callTestCase(findTestCase("Common Cases/Login"), [:], STOP_ON_FAILURE): Call Test Case 'Test Cases/Common Cases/Login' successfully

27-11-2024T12:13:31 - [TEST_CASE][PASSED] - Test Cases/Common Cases/Login: Test Cases/Common Cases/Login

27-11-2024T12:13:31 - [TEST_STEP][PASSED] - openBrowser(""): Browser is opened with url: ''

27-11-2024T12:13:31 - [MESSAGE][INFO] - Starting 'Chrome' driver

27-11-2024T12:13:31 - [MESSAGE][INFO] - Action delay is set to 0 milliseconds

27-11-2024T12:13:31 - [MESSAGE][PASSED] - Browser is opened with url: ''

27-11-2024T12:13:31 - [TEST_STEP][PASSED] - maximizeWindow(): Current window maximized

27-11-2024T12:13:31 - [MESSAGE][PASSED] - Current window maximized

27-11-2024T12:13:31 - [TEST_STEP][PASSED] - navigateToUrl("https://site17.lsapp.cloud/auth/login"): Navigate to 'https://site17.lsapp.cloud/auth/login' successfully

27-11-2024T12:13:33 - [MESSAGE][PASSED] - Navigate to 'https://site17.lsapp.cloud/auth/login' successfully

27-11-2024T12:13:33 - [TEST_STEP][PASSED] - setText(findTestObject("Object Repository/Common Cases Repository/Login/Page_Lightning Step/input_Email_email"), "automation@lightningstep.com"): Text 'automation@lightningstep.com' is set on object 'Object Repository/Common Cases Repository/Login/Page_Lightning Step/input_Email_email'

27-11-2024T12:13:34 - [MESSAGE][PASSED] - Text 'automation@lightningstep.com' is set on object 'Object Repository/Common Cases Repository/Login/Page_Lightning Step/input_Email_email'

27-11-2024T12:13:34 - [TEST_STEP][PASSED] - setEncryptedText(findTestObject("Object Repository/Common Cases Repository/Login/Page_Lightning Step/input_Password_password"), "e5N8VHmnhJDITtQaQhDQDw=="): Text ****** has been set on object 'Object Repository/Common Cases Repository/Login/Page_Lightning Step/input_Password_password'

27-11-2024T12:13:34 - [MESSAGE][PASSED] - Text ****** has been set on object 'Object Repository/Common Cases Repository/Login/Page_Lightning Step/input_Password_password'

27-11-2024T12:13:34 - [TEST_STEP][PASSED] - click(findTestObject("Object Repository/Common Cases Repository/Login/Page_Lightning Step/button_Sign in")): Object: 'Object Repository/Common Cases Repository/Login/Page_Lightning Step/button_Sign in' is clicked on

27-11-2024T12:13:41 - [MESSAGE][PASSED] - Object: 'Object Repository/Common Cases Repository/Login/Page_Lightning Step/button_Sign in' is clicked on

27-11-2024T12:13:41 - [MESSAGE][PASSED] - Call Test Case 'Test Cases/Common Cases/Login' successfully

27-11-2024T12:13:41 - [TEST_STEP][PASSED] - click(findTestObject("Object Repository/Specific Cases Repository/LS/Client Profile/Allergies-Vitals-Labs/UDS/Page_Home/a_Census")): Object: 'Object Repository/Specific Cases Repository/LS/Client Profile/Allergies-Vitals-Labs/UDS/Page_Home/a_Census' is clicked on

27-11-2024T12:13:42 - [MESSAGE][PASSED] - Object: 'Object Repository/Specific Cases Repository/LS/Client Profile/Allergies-Vitals-Labs/UDS/Page_Home/a_Census' is clicked on

27-11-2024T12:13:42 - [TEST_STEP][PASSED] - click(findTestObject("Object Repository/Specific Cases Repository/LS/Client Profile/Allergies-Vitals-Labs/UDS/Page_Home/a_A Automation, A Client")): Object: 'Object Repository/Specific Cases Repository/LS/Client Profile/Allergies-Vitals-Labs/UDS/Page_Home/a_A Automation, A Client' is clicked on

27-11-2024T12:13:50 - [MESSAGE][PASSED] - Object: 'Object Repository/Specific Cases Repository/LS/Client Profile/Allergies-Vitals-Labs/UDS/Page_Home/a_A Automation, A Client' is clicked on

27-11-2024T12:13:50 - [TEST_STEP][PASSED] - click(findTestObject("Object Repository/Specific Cases Repository/LS/Client Profile/Allergies-Vitals-Labs/UDS/Page_Client Profile/a_Allergies  Vitals  Labs")): Object: 'Object Repository/Specific Cases Repository/LS/Client Profile/Allergies-Vitals-Labs/UDS/Page_Client Profile/a_Allergies  Vitals  Labs' is clicked on

27-11-2024T12:13:51 - [MESSAGE][PASSED] - Object: 'Object Repository/Specific Cases Repository/LS/Client Profile/Allergies-Vitals-Labs/UDS/Page_Client Profile/a_Allergies  Vitals  Labs' is clicked on

27-11-2024T12:13:51 - [TEST_STEP][PASSED] - click(findTestObject("Object Repository/Specific Cases Repository/LS/Client Profile/Allergies-Vitals-Labs/UDS/Page_Client Profile/h4_UDS")): Object: 'Object Repository/Specific Cases Repository/LS/Client Profile/Allergies-Vitals-Labs/UDS/Page_Client Profile/h4_UDS' is clicked on

27-11-2024T12:13:52 - [MESSAGE][PASSED] - Object: 'Object Repository/Specific Cases Repository/LS/Client Profile/Allergies-Vitals-Labs/UDS/Page_Client Profile/h4_UDS' is clicked on

27-11-2024T12:13:52 - [TEST_STEP][PASSED] - click(findTestObject("Object Repository/Specific Cases Repository/LS/Client Profile/Allergies-Vitals-Labs/UDS/Page_Client Profile/i_add")): Object: 'Object Repository/Specific Cases Repository/LS/Client Profile/Allergies-Vitals-Labs/UDS/Page_Client Profile/i_add' is clicked on

27-11-2024T12:13:55 - [MESSAGE][PASSED] - Object: 'Object Repository/Specific Cases Repository/LS/Client Profile/Allergies-Vitals-Labs/UDS/Page_Client Profile/i_add' is clicked on

27-11-2024T12:13:55 - [TEST_STEP][PASSED] - setText(findTestObject("Object Repository/Specific Cases Repository/LS/Client Profile/Allergies-Vitals-Labs/UDS/Page_Urine Drug Screen/input_Sample ID_idnumber"), "Automation sample"): Text 'Automation sample' is set on object 'Object Repository/Specific Cases Repository/LS/Client Profile/Allergies-Vitals-Labs/UDS/Page_Urine Drug Screen/input_Sample ID_idnumber'

27-11-2024T12:13:55 - [MESSAGE][PASSED] - Text 'Automation sample' is set on object 'Object Repository/Specific Cases Repository/LS/Client Profile/Allergies-Vitals-Labs/UDS/Page_Urine Drug Screen/input_Sample ID_idnumber'

27-11-2024T12:13:55 - [TEST_STEP][PASSED] - setText(findTestObject("Object Repository/Specific Cases Repository/LS/Client Profile/Allergies-Vitals-Labs/UDS/Page_Urine Drug Screen/textarea_Note_note"), "automation note"): Text 'automation note' is set on object 'Object Repository/Specific Cases Repository/LS/Client Profile/Allergies-Vitals-Labs/UDS/Page_Urine Drug Screen/textarea_Note_note'

27-11-2024T12:13:56 - [MESSAGE][PASSED] - Text 'automation note' is set on object 'Object Repository/Specific Cases Repository/LS/Client Profile/Allergies-Vitals-Labs/UDS/Page_Urine Drug Screen/textarea_Note_note'

27-11-2024T12:13:56 - [TEST_STEP][PASSED] - click(findTestObject("Object Repository/Specific Cases Repository/LS/Client Profile/Allergies-Vitals-Labs/UDS/Page_Urine Drug Screen/button_Save")): Object: 'Object Repository/Specific Cases Repository/LS/Client Profile/Allergies-Vitals-Labs/UDS/Page_Urine Drug Screen/button_Save' is clicked on

27-11-2024T12:14:03 - [MESSAGE][PASSED] - Object: 'Object Repository/Specific Cases Repository/LS/Client Profile/Allergies-Vitals-Labs/UDS/Page_Urine Drug Screen/button_Save' is clicked on

27-11-2024T12:14:03 - [TEST_STEP][PASSED] - verifyElementText(findTestObject("Object Repository/Specific Cases Repository/LS/Client Profile/Allergies-Vitals-Labs/UDS/Page_Client Profile/td_Undetermined"), "Undetermined"): Actual text and expected text of test object 'Object Repository/Specific Cases Repository/LS/Client Profile/Allergies-Vitals-Labs/UDS/Page_Client Profile/td_Undetermined' are matched.

27-11-2024T12:14:05 - [MESSAGE][PASSED] - Actual text and expected text of test object 'Object Repository/Specific Cases Repository/LS/Client Profile/Allergies-Vitals-Labs/UDS/Page_Client Profile/td_Undetermined' are matched.

27-11-2024T12:14:05 - [TEST_STEP][PASSED] - click(findTestObject("Object Repository/Specific Cases Repository/LS/Client Profile/Allergies-Vitals-Labs/UDS/Page_Client Profile/a_Undetermined_btn btn-primary btn-raised b_a6024d")): Object: 'Object Repository/Specific Cases Repository/LS/Client Profile/Allergies-Vitals-Labs/UDS/Page_Client Profile/a_Undetermined_btn btn-primary btn-raised b_a6024d' is clicked on

27-11-2024T12:14:07 - [MESSAGE][PASSED] - Object: 'Object Repository/Specific Cases Repository/LS/Client Profile/Allergies-Vitals-Labs/UDS/Page_Client Profile/a_Undetermined_btn btn-primary btn-raised b_a6024d' is clicked on

27-11-2024T12:14:07 - [TEST_STEP][PASSED] - setText(findTestObject("Object Repository/Specific Cases Repository/LS/Client Profile/Allergies-Vitals-Labs/UDS/Page_Urine Drug Screen/textarea_Result Information_udsreading"), "Automation result information"): Text 'Automation result information' is set on object 'Object Repository/Specific Cases Repository/LS/Client Profile/Allergies-Vitals-Labs/UDS/Page_Urine Drug Screen/textarea_Result Information_udsreading'

27-11-2024T12:14:09 - [MESSAGE][PASSED] - Text 'Automation result information' is set on object 'Object Repository/Specific Cases Repository/LS/Client Profile/Allergies-Vitals-Labs/UDS/Page_Urine Drug Screen/textarea_Result Information_udsreading'

27-11-2024T12:14:09 - [TEST_STEP][PASSED] - click(findTestObject("Object Repository/Specific Cases Repository/LS/Client Profile/Allergies-Vitals-Labs/UDS/Page_Urine Drug Screen/input_Positive_result_code65")): Object: 'Object Repository/Specific Cases Repository/LS/Client Profile/Allergies-Vitals-Labs/UDS/Page_Urine Drug Screen/input_Positive_result_code65' is clicked on

27-11-2024T12:14:09 - [MESSAGE][PASSED] - Object: 'Object Repository/Specific Cases Repository/LS/Client Profile/Allergies-Vitals-Labs/UDS/Page_Urine Drug Screen/input_Positive_result_code65' is clicked on

27-11-2024T12:14:09 - [TEST_STEP][PASSED] - click(findTestObject("Object Repository/Specific Cases Repository/LS/Client Profile/Allergies-Vitals-Labs/UDS/Page_Urine Drug Screen/input_Positive_result_code67")): Object: 'Object Repository/Specific Cases Repository/LS/Client Profile/Allergies-Vitals-Labs/UDS/Page_Urine Drug Screen/input_Positive_result_code67' is clicked on

27-11-2024T12:14:10 - [MESSAGE][PASSED] - Object: 'Object Repository/Specific Cases Repository/LS/Client Profile/Allergies-Vitals-Labs/UDS/Page_Urine Drug Screen/input_Positive_result_code67' is clicked on

27-11-2024T12:14:10 - [TEST_STEP][PASSED] - click(findTestObject("Object Repository/Specific Cases Repository/LS/Client Profile/Allergies-Vitals-Labs/UDS/Page_Urine Drug Screen/input_Not Tested_result_code68")): Object: 'Object Repository/Specific Cases Repository/LS/Client Profile/Allergies-Vitals-Labs/UDS/Page_Urine Drug Screen/input_Not Tested_result_code68' is clicked on

27-11-2024T12:14:11 - [MESSAGE][PASSED] - Object: 'Object Repository/Specific Cases Repository/LS/Client Profile/Allergies-Vitals-Labs/UDS/Page_Urine Drug Screen/input_Not Tested_result_code68' is clicked on

27-11-2024T12:14:11 - [TEST_STEP][PASSED] - click(findTestObject("Object Repository/Specific Cases Repository/LS/Client Profile/Allergies-Vitals-Labs/UDS/Page_Urine Drug Screen/span_Sign and Lock_check")): Object: 'Object Repository/Specific Cases Repository/LS/Client Profile/Allergies-Vitals-Labs/UDS/Page_Urine Drug Screen/span_Sign and Lock_check' is clicked on

27-11-2024T12:14:12 - [MESSAGE][PASSED] - Object: 'Object Repository/Specific Cases Repository/LS/Client Profile/Allergies-Vitals-Labs/UDS/Page_Urine Drug Screen/span_Sign and Lock_check' is clicked on

27-11-2024T12:14:12 - [TEST_STEP][PASSED] - click(findTestObject("Object Repository/Specific Cases Repository/LS/Client Profile/Allergies-Vitals-Labs/UDS/Page_Urine Drug Screen/button_Save_1")): Object: 'Object Repository/Specific Cases Repository/LS/Client Profile/Allergies-Vitals-Labs/UDS/Page_Urine Drug Screen/button_Save_1' is clicked on

27-11-2024T12:14:20 - [MESSAGE][PASSED] - Object: 'Object Repository/Specific Cases Repository/LS/Client Profile/Allergies-Vitals-Labs/UDS/Page_Urine Drug Screen/button_Save_1' is clicked on

27-11-2024T12:14:20 - [TEST_STEP][PASSED] - click(findTestObject("Object Repository/Specific Cases Repository/LS/Client Profile/Allergies-Vitals-Labs/UDS/Page_Client Profile/a_Undetermined_btn btn-primary btn-raised b_a6024d")): Object: 'Object Repository/Specific Cases Repository/LS/Client Profile/Allergies-Vitals-Labs/UDS/Page_Client Profile/a_Undetermined_btn btn-primary btn-raised b_a6024d' is clicked on

27-11-2024T12:14:24 - [MESSAGE][PASSED] - Object: 'Object Repository/Specific Cases Repository/LS/Client Profile/Allergies-Vitals-Labs/UDS/Page_Client Profile/a_Undetermined_btn btn-primary btn-raised b_a6024d' is clicked on

27-11-2024T12:14:24 - [TEST_STEP][PASSED] - closeBrowser(): Browser is closed

27-11-2024T12:14:24 - [MESSAGE][PASSED] - Browser is closed]]></system-out>
         <system-err><![CDATA[]]></system-err>
      </testcase>
      <testcase name="Test Cases/Specific Cases/LS/Client Profile/Allergies-Vitals-Labs/Vital Signs" time="37.761" classname="Test Cases/Specific Cases/LS/Client Profile/Allergies-Vitals-Labs/Vital Signs" status="PASSED">
         <system-out><![CDATA[27-11-2024T12:14:24 - [TEST_CASE][PASSED] - Test Cases/Specific Cases/LS/Client Profile/Allergies-Vitals-Labs/Vital Signs: Test Cases/Specific Cases/LS/Client Profile/Allergies-Vitals-Labs/Vital Signs

27-11-2024T12:14:24 - [TEST_STEP][PASSED] - callTestCase(findTestCase("Common Cases/Login"), [:], STOP_ON_FAILURE): Call Test Case 'Test Cases/Common Cases/Login' successfully

27-11-2024T12:14:24 - [TEST_CASE][PASSED] - Test Cases/Common Cases/Login: Test Cases/Common Cases/Login

27-11-2024T12:14:24 - [TEST_STEP][PASSED] - openBrowser(""): Browser is opened with url: ''

27-11-2024T12:14:24 - [MESSAGE][INFO] - Starting 'Chrome' driver

27-11-2024T12:14:24 - [MESSAGE][INFO] - Action delay is set to 0 milliseconds

27-11-2024T12:14:25 - [MESSAGE][PASSED] - Browser is opened with url: ''

27-11-2024T12:14:25 - [TEST_STEP][PASSED] - maximizeWindow(): Current window maximized

27-11-2024T12:14:25 - [MESSAGE][PASSED] - Current window maximized

27-11-2024T12:14:25 - [TEST_STEP][PASSED] - navigateToUrl("https://site17.lsapp.cloud/auth/login"): Navigate to 'https://site17.lsapp.cloud/auth/login' successfully

27-11-2024T12:14:27 - [MESSAGE][PASSED] - Navigate to 'https://site17.lsapp.cloud/auth/login' successfully

27-11-2024T12:14:27 - [TEST_STEP][PASSED] - setText(findTestObject("Object Repository/Common Cases Repository/Login/Page_Lightning Step/input_Email_email"), "automation@lightningstep.com"): Text 'automation@lightningstep.com' is set on object 'Object Repository/Common Cases Repository/Login/Page_Lightning Step/input_Email_email'

27-11-2024T12:14:27 - [MESSAGE][PASSED] - Text 'automation@lightningstep.com' is set on object 'Object Repository/Common Cases Repository/Login/Page_Lightning Step/input_Email_email'

27-11-2024T12:14:27 - [TEST_STEP][PASSED] - setEncryptedText(findTestObject("Object Repository/Common Cases Repository/Login/Page_Lightning Step/input_Password_password"), "e5N8VHmnhJDITtQaQhDQDw=="): Text ****** has been set on object 'Object Repository/Common Cases Repository/Login/Page_Lightning Step/input_Password_password'

27-11-2024T12:14:28 - [MESSAGE][PASSED] - Text ****** has been set on object 'Object Repository/Common Cases Repository/Login/Page_Lightning Step/input_Password_password'

27-11-2024T12:14:28 - [TEST_STEP][PASSED] - click(findTestObject("Object Repository/Common Cases Repository/Login/Page_Lightning Step/button_Sign in")): Object: 'Object Repository/Common Cases Repository/Login/Page_Lightning Step/button_Sign in' is clicked on

27-11-2024T12:14:34 - [MESSAGE][PASSED] - Object: 'Object Repository/Common Cases Repository/Login/Page_Lightning Step/button_Sign in' is clicked on

27-11-2024T12:14:34 - [MESSAGE][PASSED] - Call Test Case 'Test Cases/Common Cases/Login' successfully

27-11-2024T12:14:34 - [TEST_STEP][PASSED] - navigateToUrl("https://site17.lsapp.cloud/client/index/1556?section=medicalassess"): Navigate to 'https://site17.lsapp.cloud/client/index/1556?section=medicalassess' successfully

27-11-2024T12:14:41 - [MESSAGE][PASSED] - Navigate to 'https://site17.lsapp.cloud/client/index/1556?section=medicalassess' successfully

27-11-2024T12:14:41 - [TEST_STEP][PASSED] - click(findTestObject("Object Repository/Specific Cases Repository/LS/Client Profile/Allergies-Vitals-Labs/Vital Signs/Page_Client Profile/h4_Vital Signs")): Object: 'Object Repository/Specific Cases Repository/LS/Client Profile/Allergies-Vitals-Labs/Vital Signs/Page_Client Profile/h4_Vital Signs' is clicked on

27-11-2024T12:14:42 - [MESSAGE][PASSED] - Object: 'Object Repository/Specific Cases Repository/LS/Client Profile/Allergies-Vitals-Labs/Vital Signs/Page_Client Profile/h4_Vital Signs' is clicked on

27-11-2024T12:14:42 - [TEST_STEP][PASSED] - click(findTestObject("Object Repository/Specific Cases Repository/LS/Client Profile/Allergies-Vitals-Labs/Vital Signs/Page_Client Profile/i_add")): Object: 'Object Repository/Specific Cases Repository/LS/Client Profile/Allergies-Vitals-Labs/Vital Signs/Page_Client Profile/i_add' is clicked on

27-11-2024T12:14:46 - [MESSAGE][PASSED] - Object: 'Object Repository/Specific Cases Repository/LS/Client Profile/Allergies-Vitals-Labs/Vital Signs/Page_Client Profile/i_add' is clicked on

27-11-2024T12:14:46 - [TEST_STEP][PASSED] - setText(findTestObject("Object Repository/Specific Cases Repository/LS/Client Profile/Allergies-Vitals-Labs/Vital Signs/Page_Vital Signs/input_Temperature_temp"), "10"): Text '10' is set on object 'Object Repository/Specific Cases Repository/LS/Client Profile/Allergies-Vitals-Labs/Vital Signs/Page_Vital Signs/input_Temperature_temp'

27-11-2024T12:14:47 - [MESSAGE][PASSED] - Text '10' is set on object 'Object Repository/Specific Cases Repository/LS/Client Profile/Allergies-Vitals-Labs/Vital Signs/Page_Vital Signs/input_Temperature_temp'

27-11-2024T12:14:47 - [TEST_STEP][PASSED] - setText(findTestObject("Object Repository/Specific Cases Repository/LS/Client Profile/Allergies-Vitals-Labs/Vital Signs/Page_Vital Signs/input_Pulse_pulse"), "11"): Text '11' is set on object 'Object Repository/Specific Cases Repository/LS/Client Profile/Allergies-Vitals-Labs/Vital Signs/Page_Vital Signs/input_Pulse_pulse'

27-11-2024T12:14:47 - [MESSAGE][PASSED] - Text '11' is set on object 'Object Repository/Specific Cases Repository/LS/Client Profile/Allergies-Vitals-Labs/Vital Signs/Page_Vital Signs/input_Pulse_pulse'

27-11-2024T12:14:47 - [TEST_STEP][PASSED] - setText(findTestObject("Object Repository/Specific Cases Repository/LS/Client Profile/Allergies-Vitals-Labs/Vital Signs/Page_Vital Signs/input_Blood Pressure_bp"), "12 13"): Text '12 13' is set on object 'Object Repository/Specific Cases Repository/LS/Client Profile/Allergies-Vitals-Labs/Vital Signs/Page_Vital Signs/input_Blood Pressure_bp'

27-11-2024T12:14:48 - [MESSAGE][PASSED] - Text '12 13' is set on object 'Object Repository/Specific Cases Repository/LS/Client Profile/Allergies-Vitals-Labs/Vital Signs/Page_Vital Signs/input_Blood Pressure_bp'

27-11-2024T12:14:48 - [TEST_STEP][PASSED] - setText(findTestObject("Object Repository/Specific Cases Repository/LS/Client Profile/Allergies-Vitals-Labs/Vital Signs/Page_Vital Signs/input_Respiration_resp"), "14"): Text '14' is set on object 'Object Repository/Specific Cases Repository/LS/Client Profile/Allergies-Vitals-Labs/Vital Signs/Page_Vital Signs/input_Respiration_resp'

27-11-2024T12:14:49 - [MESSAGE][PASSED] - Text '14' is set on object 'Object Repository/Specific Cases Repository/LS/Client Profile/Allergies-Vitals-Labs/Vital Signs/Page_Vital Signs/input_Respiration_resp'

27-11-2024T12:14:49 - [TEST_STEP][PASSED] - setText(findTestObject("Object Repository/Specific Cases Repository/LS/Client Profile/Allergies-Vitals-Labs/Vital Signs/Page_Vital Signs/input_O 2 Saturation_o2"), "15"): Text '15' is set on object 'Object Repository/Specific Cases Repository/LS/Client Profile/Allergies-Vitals-Labs/Vital Signs/Page_Vital Signs/input_O 2 Saturation_o2'

27-11-2024T12:14:49 - [MESSAGE][PASSED] - Text '15' is set on object 'Object Repository/Specific Cases Repository/LS/Client Profile/Allergies-Vitals-Labs/Vital Signs/Page_Vital Signs/input_O 2 Saturation_o2'

27-11-2024T12:14:49 - [TEST_STEP][PASSED] - setText(findTestObject("Object Repository/Specific Cases Repository/LS/Client Profile/Allergies-Vitals-Labs/Vital Signs/Page_Vital Signs/input_Inhaled Oxygen Concentration_inhaled__06efa9"), "16"): Text '16' is set on object 'Object Repository/Specific Cases Repository/LS/Client Profile/Allergies-Vitals-Labs/Vital Signs/Page_Vital Signs/input_Inhaled Oxygen Concentration_inhaled__06efa9'

27-11-2024T12:14:50 - [MESSAGE][PASSED] - Text '16' is set on object 'Object Repository/Specific Cases Repository/LS/Client Profile/Allergies-Vitals-Labs/Vital Signs/Page_Vital Signs/input_Inhaled Oxygen Concentration_inhaled__06efa9'

27-11-2024T12:14:50 - [TEST_STEP][PASSED] - setText(findTestObject("Object Repository/Specific Cases Repository/LS/Client Profile/Allergies-Vitals-Labs/Vital Signs/Page_Vital Signs/input_Additional Information_additional"), "Automation Additional Information"): Text 'Automation Additional Information' is set on object 'Object Repository/Specific Cases Repository/LS/Client Profile/Allergies-Vitals-Labs/Vital Signs/Page_Vital Signs/input_Additional Information_additional'

27-11-2024T12:14:50 - [MESSAGE][PASSED] - Text 'Automation Additional Information' is set on object 'Object Repository/Specific Cases Repository/LS/Client Profile/Allergies-Vitals-Labs/Vital Signs/Page_Vital Signs/input_Additional Information_additional'

27-11-2024T12:14:50 - [TEST_STEP][PASSED] - click(findTestObject("Object Repository/Specific Cases Repository/LS/Client Profile/Allergies-Vitals-Labs/Vital Signs/Page_Vital Signs/button_Save")): Object: 'Object Repository/Specific Cases Repository/LS/Client Profile/Allergies-Vitals-Labs/Vital Signs/Page_Vital Signs/button_Save' is clicked on

27-11-2024T12:14:58 - [MESSAGE][PASSED] - Object: 'Object Repository/Specific Cases Repository/LS/Client Profile/Allergies-Vitals-Labs/Vital Signs/Page_Vital Signs/button_Save' is clicked on

27-11-2024T12:14:58 - [TEST_STEP][PASSED] - verifyElementText(findTestObject("Object Repository/Specific Cases Repository/LS/Client Profile/Allergies-Vitals-Labs/Vital Signs/Page_Client Profile/td_Automation Test"), "Automation Test"): Actual text and expected text of test object 'Object Repository/Specific Cases Repository/LS/Client Profile/Allergies-Vitals-Labs/Vital Signs/Page_Client Profile/td_Automation Test' are matched.

27-11-2024T12:15:00 - [MESSAGE][PASSED] - Actual text and expected text of test object 'Object Repository/Specific Cases Repository/LS/Client Profile/Allergies-Vitals-Labs/Vital Signs/Page_Client Profile/td_Automation Test' are matched.

27-11-2024T12:15:00 - [TEST_STEP][PASSED] - verifyElementText(findTestObject("Object Repository/Specific Cases Repository/LS/Client Profile/Allergies-Vitals-Labs/Vital Signs/Page_Client Profile/td_10"), "10"): Actual text and expected text of test object 'Object Repository/Specific Cases Repository/LS/Client Profile/Allergies-Vitals-Labs/Vital Signs/Page_Client Profile/td_10' are matched.

27-11-2024T12:15:00 - [MESSAGE][PASSED] - Actual text and expected text of test object 'Object Repository/Specific Cases Repository/LS/Client Profile/Allergies-Vitals-Labs/Vital Signs/Page_Client Profile/td_10' are matched.

27-11-2024T12:15:00 - [TEST_STEP][PASSED] - verifyElementText(findTestObject("Object Repository/Specific Cases Repository/LS/Client Profile/Allergies-Vitals-Labs/Vital Signs/Page_Client Profile/td_11"), "11"): Actual text and expected text of test object 'Object Repository/Specific Cases Repository/LS/Client Profile/Allergies-Vitals-Labs/Vital Signs/Page_Client Profile/td_11' are matched.

27-11-2024T12:15:01 - [MESSAGE][PASSED] - Actual text and expected text of test object 'Object Repository/Specific Cases Repository/LS/Client Profile/Allergies-Vitals-Labs/Vital Signs/Page_Client Profile/td_11' are matched.

27-11-2024T12:15:01 - [TEST_STEP][PASSED] - verifyElementText(findTestObject("Object Repository/Specific Cases Repository/LS/Client Profile/Allergies-Vitals-Labs/Vital Signs/Page_Client Profile/td_14"), "14"): Actual text and expected text of test object 'Object Repository/Specific Cases Repository/LS/Client Profile/Allergies-Vitals-Labs/Vital Signs/Page_Client Profile/td_14' are matched.

27-11-2024T12:15:01 - [MESSAGE][PASSED] - Actual text and expected text of test object 'Object Repository/Specific Cases Repository/LS/Client Profile/Allergies-Vitals-Labs/Vital Signs/Page_Client Profile/td_14' are matched.

27-11-2024T12:15:01 - [TEST_STEP][PASSED] - verifyElementText(findTestObject("Object Repository/Specific Cases Repository/LS/Client Profile/Allergies-Vitals-Labs/Vital Signs/Page_Client Profile/td_15"), "15"): Actual text and expected text of test object 'Object Repository/Specific Cases Repository/LS/Client Profile/Allergies-Vitals-Labs/Vital Signs/Page_Client Profile/td_15' are matched.

27-11-2024T12:15:01 - [MESSAGE][PASSED] - Actual text and expected text of test object 'Object Repository/Specific Cases Repository/LS/Client Profile/Allergies-Vitals-Labs/Vital Signs/Page_Client Profile/td_15' are matched.

27-11-2024T12:15:01 - [TEST_STEP][PASSED] - verifyElementText(findTestObject("Object Repository/Specific Cases Repository/LS/Client Profile/Allergies-Vitals-Labs/Vital Signs/Page_Client Profile/td_Automation Additional Information"), "Automation Additional Information"): Actual text and expected text of test object 'Object Repository/Specific Cases Repository/LS/Client Profile/Allergies-Vitals-Labs/Vital Signs/Page_Client Profile/td_Automation Additional Information' are matched.

27-11-2024T12:15:02 - [MESSAGE][PASSED] - Actual text and expected text of test object 'Object Repository/Specific Cases Repository/LS/Client Profile/Allergies-Vitals-Labs/Vital Signs/Page_Client Profile/td_Automation Additional Information' are matched.

27-11-2024T12:15:02 - [TEST_STEP][PASSED] - closeBrowser(): Browser is closed

27-11-2024T12:15:02 - [MESSAGE][PASSED] - Browser is closed]]></system-out>
         <system-err><![CDATA[]]></system-err>
      </testcase>
      <testcase name="Test Cases/Specific Cases/LS/Client Profile/Allergies-Vitals-Labs/Weight and Height" time="104.821" classname="Test Cases/Specific Cases/LS/Client Profile/Allergies-Vitals-Labs/Weight and Height" status="PASSED">
         <system-out><![CDATA[27-11-2024T12:15:02 - [TEST_CASE][PASSED] - Test Cases/Specific Cases/LS/Client Profile/Allergies-Vitals-Labs/Weight and Height: Test Cases/Specific Cases/LS/Client Profile/Allergies-Vitals-Labs/Weight and Height

27-11-2024T12:15:02 - [TEST_STEP][PASSED] - callTestCase(findTestCase("Common Cases/Login"), [:], STOP_ON_FAILURE): Call Test Case 'Test Cases/Common Cases/Login' successfully

27-11-2024T12:15:02 - [TEST_CASE][PASSED] - Test Cases/Common Cases/Login: Test Cases/Common Cases/Login

27-11-2024T12:15:02 - [TEST_STEP][PASSED] - openBrowser(""): Browser is opened with url: ''

27-11-2024T12:15:02 - [MESSAGE][INFO] - Starting 'Chrome' driver

27-11-2024T12:15:02 - [MESSAGE][INFO] - Action delay is set to 0 milliseconds

27-11-2024T12:15:02 - [MESSAGE][PASSED] - Browser is opened with url: ''

27-11-2024T12:15:02 - [TEST_STEP][PASSED] - maximizeWindow(): Current window maximized

27-11-2024T12:15:02 - [MESSAGE][PASSED] - Current window maximized

27-11-2024T12:15:02 - [TEST_STEP][PASSED] - navigateToUrl("https://site17.lsapp.cloud/auth/login"): Navigate to 'https://site17.lsapp.cloud/auth/login' successfully

27-11-2024T12:15:04 - [MESSAGE][PASSED] - Navigate to 'https://site17.lsapp.cloud/auth/login' successfully

27-11-2024T12:15:04 - [TEST_STEP][PASSED] - setText(findTestObject("Object Repository/Common Cases Repository/Login/Page_Lightning Step/input_Email_email"), "automation@lightningstep.com"): Text 'automation@lightningstep.com' is set on object 'Object Repository/Common Cases Repository/Login/Page_Lightning Step/input_Email_email'

27-11-2024T12:15:05 - [MESSAGE][PASSED] - Text 'automation@lightningstep.com' is set on object 'Object Repository/Common Cases Repository/Login/Page_Lightning Step/input_Email_email'

27-11-2024T12:15:05 - [TEST_STEP][PASSED] - setEncryptedText(findTestObject("Object Repository/Common Cases Repository/Login/Page_Lightning Step/input_Password_password"), "e5N8VHmnhJDITtQaQhDQDw=="): Text ****** has been set on object 'Object Repository/Common Cases Repository/Login/Page_Lightning Step/input_Password_password'

27-11-2024T12:15:05 - [MESSAGE][PASSED] - Text ****** has been set on object 'Object Repository/Common Cases Repository/Login/Page_Lightning Step/input_Password_password'

27-11-2024T12:15:05 - [TEST_STEP][PASSED] - click(findTestObject("Object Repository/Common Cases Repository/Login/Page_Lightning Step/button_Sign in")): Object: 'Object Repository/Common Cases Repository/Login/Page_Lightning Step/button_Sign in' is clicked on

27-11-2024T12:15:12 - [MESSAGE][PASSED] - Object: 'Object Repository/Common Cases Repository/Login/Page_Lightning Step/button_Sign in' is clicked on

27-11-2024T12:15:12 - [MESSAGE][PASSED] - Call Test Case 'Test Cases/Common Cases/Login' successfully

27-11-2024T12:15:12 - [TEST_STEP][PASSED] - navigateToUrl("https://site17.lsapp.cloud/client/index/1556?section=medicalassess"): Navigate to 'https://site17.lsapp.cloud/client/index/1556?section=medicalassess' successfully

27-11-2024T12:15:20 - [MESSAGE][PASSED] - Navigate to 'https://site17.lsapp.cloud/client/index/1556?section=medicalassess' successfully

27-11-2024T12:15:20 - [TEST_STEP][PASSED] - click(findTestObject("Object Repository/Specific Cases Repository/LS/Client Profile/Allergies-Vitals-Labs/Weight and Height/Page_Client Profile/h4_Weight and Height")): Object: 'Object Repository/Specific Cases Repository/LS/Client Profile/Allergies-Vitals-Labs/Weight and Height/Page_Client Profile/h4_Weight and Height' is clicked on

27-11-2024T12:15:21 - [MESSAGE][PASSED] - Object: 'Object Repository/Specific Cases Repository/LS/Client Profile/Allergies-Vitals-Labs/Weight and Height/Page_Client Profile/h4_Weight and Height' is clicked on

27-11-2024T12:15:21 - [TEST_STEP][PASSED] - click(findTestObject("Object Repository/Specific Cases Repository/LS/Client Profile/Allergies-Vitals-Labs/Weight and Height/Page_Client Profile/i_add")): Object: 'Object Repository/Specific Cases Repository/LS/Client Profile/Allergies-Vitals-Labs/Weight and Height/Page_Client Profile/i_add' is clicked on

27-11-2024T12:15:24 - [MESSAGE][PASSED] - Object: 'Object Repository/Specific Cases Repository/LS/Client Profile/Allergies-Vitals-Labs/Weight and Height/Page_Client Profile/i_add' is clicked on

27-11-2024T12:15:24 - [TEST_STEP][PASSED] - setText(findTestObject("Object Repository/Specific Cases Repository/LS/Client Profile/Allergies-Vitals-Labs/Weight and Height/Page_Weight and Height/input_Weight_reading"), "11"): Text '11' is set on object 'Object Repository/Specific Cases Repository/LS/Client Profile/Allergies-Vitals-Labs/Weight and Height/Page_Weight and Height/input_Weight_reading'

27-11-2024T12:15:25 - [MESSAGE][PASSED] - Text '11' is set on object 'Object Repository/Specific Cases Repository/LS/Client Profile/Allergies-Vitals-Labs/Weight and Height/Page_Weight and Height/input_Weight_reading'

27-11-2024T12:15:25 - [TEST_STEP][PASSED] - selectOptionByValue(findTestObject("Object Repository/Specific Cases Repository/LS/Client Profile/Allergies-Vitals-Labs/Weight and Height/Page_Weight and Height/select_909192939495969798991001011021031041_746e22"), "186", true): All options with value '186' are selected in object 'Object Repository/Specific Cases Repository/LS/Client Profile/Allergies-Vitals-Labs/Weight and Height/Page_Weight and Height/select_909192939495969798991001011021031041_746e22'  using regular expression

27-11-2024T12:15:27 - [MESSAGE][PASSED] - All options with value '186' are selected in object 'Object Repository/Specific Cases Repository/LS/Client Profile/Allergies-Vitals-Labs/Weight and Height/Page_Weight and Height/select_909192939495969798991001011021031041_746e22'  using regular expression

27-11-2024T12:15:27 - [TEST_STEP][PASSED] - setText(findTestObject("Object Repository/Specific Cases Repository/LS/Client Profile/Allergies-Vitals-Labs/Weight and Height/Page_Weight and Height/input_Estimated Weight_goal_weight"), "12"): Text '12' is set on object 'Object Repository/Specific Cases Repository/LS/Client Profile/Allergies-Vitals-Labs/Weight and Height/Page_Weight and Height/input_Estimated Weight_goal_weight'

27-11-2024T12:15:27 - [MESSAGE][PASSED] - Text '12' is set on object 'Object Repository/Specific Cases Repository/LS/Client Profile/Allergies-Vitals-Labs/Weight and Height/Page_Weight and Height/input_Estimated Weight_goal_weight'

27-11-2024T12:15:27 - [TEST_STEP][PASSED] - setText(findTestObject("Object Repository/Specific Cases Repository/LS/Client Profile/Allergies-Vitals-Labs/Weight and Height/Page_Weight and Height/input_Weight for Length Percentile_weight_f_b1f33b"), "13"): Text '13' is set on object 'Object Repository/Specific Cases Repository/LS/Client Profile/Allergies-Vitals-Labs/Weight and Height/Page_Weight and Height/input_Weight for Length Percentile_weight_f_b1f33b'

27-11-2024T12:15:28 - [MESSAGE][PASSED] - Text '13' is set on object 'Object Repository/Specific Cases Repository/LS/Client Profile/Allergies-Vitals-Labs/Weight and Height/Page_Weight and Height/input_Weight for Length Percentile_weight_f_b1f33b'

27-11-2024T12:15:28 - [TEST_STEP][PASSED] - setText(findTestObject("Object Repository/Specific Cases Repository/LS/Client Profile/Allergies-Vitals-Labs/Weight and Height/Page_Weight and Height/input_Head Occipital Frontal Circumference _bbe453"), ""): Text '' is set on object 'Object Repository/Specific Cases Repository/LS/Client Profile/Allergies-Vitals-Labs/Weight and Height/Page_Weight and Height/input_Head Occipital Frontal Circumference _bbe453'

27-11-2024T12:15:29 - [MESSAGE][PASSED] - Text '' is set on object 'Object Repository/Specific Cases Repository/LS/Client Profile/Allergies-Vitals-Labs/Weight and Height/Page_Weight and Height/input_Head Occipital Frontal Circumference _bbe453'

27-11-2024T12:15:29 - [TEST_STEP][PASSED] - click(findTestObject("Object Repository/Specific Cases Repository/LS/Client Profile/Allergies-Vitals-Labs/Weight and Height/Page_Weight and Height/div_Weight for Length Percentile")): Object: 'Object Repository/Specific Cases Repository/LS/Client Profile/Allergies-Vitals-Labs/Weight and Height/Page_Weight and Height/div_Weight for Length Percentile' is clicked on

27-11-2024T12:16:00 - [MESSAGE][INFO] - Unable to find the element located by 'By.xpath: //div[@id='generated::OPVdlrfllrlC5u4i']/div[2]/div/form/div/div/div[4]/div'. Please recheck the objects properties to make sure the desired element is located. 

27-11-2024T12:16:00 - [MESSAGE][WARNING] - [SELF-HEALING] Failed to find element with id 'Object Repository/Specific Cases Repository/LS/Client Profile/Allergies-Vitals-Labs/Weight and Height/Page_Weight and Height/div_Weight for Length Percentile'. Try using Self-healing.

27-11-2024T12:16:00 - [MESSAGE][WARNING] - [SELF-HEALING] The current locator of test object 'Object Repository/Specific Cases Repository/LS/Client Profile/Allergies-Vitals-Labs/Weight and Height/Page_Weight and Height/div_Weight for Length Percentile' was broken. Propose an alternative one: '(.//*[normalize-space(text()) and normalize-space(.)='Percentage Difference'])[1]/following::div[2]'.

27-11-2024T12:16:00 - [MESSAGE][PASSED] - Object: 'Object Repository/Specific Cases Repository/LS/Client Profile/Allergies-Vitals-Labs/Weight and Height/Page_Weight and Height/div_Weight for Length Percentile' is clicked on

27-11-2024T12:16:00 - [TEST_STEP][PASSED] - setText(findTestObject("Object Repository/Specific Cases Repository/LS/Client Profile/Allergies-Vitals-Labs/Weight and Height/Page_Weight and Height/input_Head Occipital Frontal Circumference _bbe453"), "E"): Text 'E' is set on object 'Object Repository/Specific Cases Repository/LS/Client Profile/Allergies-Vitals-Labs/Weight and Height/Page_Weight and Height/input_Head Occipital Frontal Circumference _bbe453'

27-11-2024T12:16:01 - [MESSAGE][PASSED] - Text 'E' is set on object 'Object Repository/Specific Cases Repository/LS/Client Profile/Allergies-Vitals-Labs/Weight and Height/Page_Weight and Height/input_Head Occipital Frontal Circumference _bbe453'

27-11-2024T12:16:01 - [TEST_STEP][PASSED] - setText(findTestObject("Object Repository/Specific Cases Repository/LS/Client Profile/Allergies-Vitals-Labs/Weight and Height/Page_Weight and Height/textarea_Additional Information_note"), "Automation Additional Information"): Text 'Automation Additional Information' is set on object 'Object Repository/Specific Cases Repository/LS/Client Profile/Allergies-Vitals-Labs/Weight and Height/Page_Weight and Height/textarea_Additional Information_note'

27-11-2024T12:16:01 - [MESSAGE][PASSED] - Text 'Automation Additional Information' is set on object 'Object Repository/Specific Cases Repository/LS/Client Profile/Allergies-Vitals-Labs/Weight and Height/Page_Weight and Height/textarea_Additional Information_note'

27-11-2024T12:16:01 - [TEST_STEP][PASSED] - click(findTestObject("Object Repository/Specific Cases Repository/LS/Client Profile/Allergies-Vitals-Labs/Weight and Height/Page_Weight and Height/span_Sign and Lock_check")): Object: 'Object Repository/Specific Cases Repository/LS/Client Profile/Allergies-Vitals-Labs/Weight and Height/Page_Weight and Height/span_Sign and Lock_check' is clicked on

27-11-2024T12:16:32 - [MESSAGE][INFO] - Unable to find the element located by 'By.xpath: //div[@id='generated::OPVdlrfllrlC5u4i']/div[2]/div/form/div/div/div[7]/div/div/label/span/span'. Please recheck the objects properties to make sure the desired element is located. 

27-11-2024T12:16:32 - [MESSAGE][WARNING] - [SELF-HEALING] Failed to find element with id 'Object Repository/Specific Cases Repository/LS/Client Profile/Allergies-Vitals-Labs/Weight and Height/Page_Weight and Height/span_Sign and Lock_check'. Try using Self-healing.

27-11-2024T12:16:33 - [MESSAGE][WARNING] - [SELF-HEALING] The current locator of test object 'Object Repository/Specific Cases Repository/LS/Client Profile/Allergies-Vitals-Labs/Weight and Height/Page_Weight and Height/span_Sign and Lock_check' was broken. Propose an alternative one: '//div[7]/div/div/label/span/span'.

27-11-2024T12:16:33 - [MESSAGE][PASSED] - Object: 'Object Repository/Specific Cases Repository/LS/Client Profile/Allergies-Vitals-Labs/Weight and Height/Page_Weight and Height/span_Sign and Lock_check' is clicked on

27-11-2024T12:16:33 - [TEST_STEP][PASSED] - click(findTestObject("Object Repository/Specific Cases Repository/LS/Client Profile/Allergies-Vitals-Labs/Weight and Height/Page_Weight and Height/button_Save")): Object: 'Object Repository/Specific Cases Repository/LS/Client Profile/Allergies-Vitals-Labs/Weight and Height/Page_Weight and Height/button_Save' is clicked on

27-11-2024T12:16:44 - [MESSAGE][PASSED] - Object: 'Object Repository/Specific Cases Repository/LS/Client Profile/Allergies-Vitals-Labs/Weight and Height/Page_Weight and Height/button_Save' is clicked on

27-11-2024T12:16:44 - [TEST_STEP][PASSED] - verifyElementText(findTestObject("Object Repository/Specific Cases Repository/LS/Client Profile/Allergies-Vitals-Labs/Weight and Height/Page_Client Profile/td_11"), "11"): Actual text and expected text of test object 'Object Repository/Specific Cases Repository/LS/Client Profile/Allergies-Vitals-Labs/Weight and Height/Page_Client Profile/td_11' are matched.

27-11-2024T12:16:45 - [MESSAGE][PASSED] - Actual text and expected text of test object 'Object Repository/Specific Cases Repository/LS/Client Profile/Allergies-Vitals-Labs/Weight and Height/Page_Client Profile/td_11' are matched.

27-11-2024T12:16:45 - [TEST_STEP][PASSED] - verifyElementText(findTestObject("Object Repository/Specific Cases Repository/LS/Client Profile/Allergies-Vitals-Labs/Weight and Height/Page_Client Profile/td_186"), "186"): Actual text and expected text of test object 'Object Repository/Specific Cases Repository/LS/Client Profile/Allergies-Vitals-Labs/Weight and Height/Page_Client Profile/td_186' are matched.

27-11-2024T12:16:45 - [MESSAGE][PASSED] - Actual text and expected text of test object 'Object Repository/Specific Cases Repository/LS/Client Profile/Allergies-Vitals-Labs/Weight and Height/Page_Client Profile/td_186' are matched.

27-11-2024T12:16:45 - [TEST_STEP][PASSED] - verifyElementText(findTestObject("Object Repository/Specific Cases Repository/LS/Client Profile/Allergies-Vitals-Labs/Weight and Height/Page_Client Profile/td_3.2"), "3.2"): Actual text and expected text of test object 'Object Repository/Specific Cases Repository/LS/Client Profile/Allergies-Vitals-Labs/Weight and Height/Page_Client Profile/td_3.2' are matched.

27-11-2024T12:16:46 - [MESSAGE][PASSED] - Actual text and expected text of test object 'Object Repository/Specific Cases Repository/LS/Client Profile/Allergies-Vitals-Labs/Weight and Height/Page_Client Profile/td_3.2' are matched.

27-11-2024T12:16:46 - [TEST_STEP][PASSED] - verifyElementText(findTestObject("Object Repository/Specific Cases Repository/LS/Client Profile/Allergies-Vitals-Labs/Weight and Height/Page_Client Profile/td_92"), "92%"): Actual text and expected text of test object 'Object Repository/Specific Cases Repository/LS/Client Profile/Allergies-Vitals-Labs/Weight and Height/Page_Client Profile/td_92' are matched.

27-11-2024T12:16:46 - [MESSAGE][PASSED] - Actual text and expected text of test object 'Object Repository/Specific Cases Repository/LS/Client Profile/Allergies-Vitals-Labs/Weight and Height/Page_Client Profile/td_92' are matched.

27-11-2024T12:16:46 - [TEST_STEP][PASSED] - verifyElementText(findTestObject("Object Repository/Specific Cases Repository/LS/Client Profile/Allergies-Vitals-Labs/Weight and Height/Page_Client Profile/td_Automation Additional Information"), "Automation Additional Information"): Actual text and expected text of test object 'Object Repository/Specific Cases Repository/LS/Client Profile/Allergies-Vitals-Labs/Weight and Height/Page_Client Profile/td_Automation Additional Information' are matched.

27-11-2024T12:16:46 - [MESSAGE][PASSED] - Actual text and expected text of test object 'Object Repository/Specific Cases Repository/LS/Client Profile/Allergies-Vitals-Labs/Weight and Height/Page_Client Profile/td_Automation Additional Information' are matched.

27-11-2024T12:16:46 - [TEST_STEP][PASSED] - closeBrowser(): Browser is closed

27-11-2024T12:16:47 - [MESSAGE][PASSED] - Browser is closed]]></system-out>
         <system-err><![CDATA[]]></system-err>
      </testcase>
      <testcase name="Test Cases/Specific Cases/LS/Client Profile/Diagnosis" time="81.884" classname="Test Cases/Specific Cases/LS/Client Profile/Diagnosis" status="PASSED">
         <system-out><![CDATA[27-11-2024T12:16:47 - [TEST_CASE][PASSED] - Test Cases/Specific Cases/LS/Client Profile/Diagnosis: Test Cases/Specific Cases/LS/Client Profile/Diagnosis

27-11-2024T12:16:47 - [TEST_STEP][PASSED] - callTestCase(findTestCase("Common Cases/Login"), [:], STOP_ON_FAILURE): Call Test Case 'Test Cases/Common Cases/Login' successfully

27-11-2024T12:16:47 - [TEST_CASE][PASSED] - Test Cases/Common Cases/Login: Test Cases/Common Cases/Login

27-11-2024T12:16:47 - [TEST_STEP][PASSED] - openBrowser(""): Browser is opened with url: ''

27-11-2024T12:16:47 - [MESSAGE][INFO] - Starting 'Chrome' driver

27-11-2024T12:16:47 - [MESSAGE][INFO] - Action delay is set to 0 milliseconds

27-11-2024T12:16:47 - [MESSAGE][PASSED] - Browser is opened with url: ''

27-11-2024T12:16:47 - [TEST_STEP][PASSED] - maximizeWindow(): Current window maximized

27-11-2024T12:16:47 - [MESSAGE][PASSED] - Current window maximized

27-11-2024T12:16:47 - [TEST_STEP][PASSED] - navigateToUrl("https://site17.lsapp.cloud/auth/login"): Navigate to 'https://site17.lsapp.cloud/auth/login' successfully

27-11-2024T12:16:49 - [MESSAGE][PASSED] - Navigate to 'https://site17.lsapp.cloud/auth/login' successfully

27-11-2024T12:16:49 - [TEST_STEP][PASSED] - setText(findTestObject("Object Repository/Common Cases Repository/Login/Page_Lightning Step/input_Email_email"), "automation@lightningstep.com"): Text 'automation@lightningstep.com' is set on object 'Object Repository/Common Cases Repository/Login/Page_Lightning Step/input_Email_email'

27-11-2024T12:16:50 - [MESSAGE][PASSED] - Text 'automation@lightningstep.com' is set on object 'Object Repository/Common Cases Repository/Login/Page_Lightning Step/input_Email_email'

27-11-2024T12:16:50 - [TEST_STEP][PASSED] - setEncryptedText(findTestObject("Object Repository/Common Cases Repository/Login/Page_Lightning Step/input_Password_password"), "e5N8VHmnhJDITtQaQhDQDw=="): Text ****** has been set on object 'Object Repository/Common Cases Repository/Login/Page_Lightning Step/input_Password_password'

27-11-2024T12:16:50 - [MESSAGE][PASSED] - Text ****** has been set on object 'Object Repository/Common Cases Repository/Login/Page_Lightning Step/input_Password_password'

27-11-2024T12:16:50 - [TEST_STEP][PASSED] - click(findTestObject("Object Repository/Common Cases Repository/Login/Page_Lightning Step/button_Sign in")): Object: 'Object Repository/Common Cases Repository/Login/Page_Lightning Step/button_Sign in' is clicked on

27-11-2024T12:16:58 - [MESSAGE][PASSED] - Object: 'Object Repository/Common Cases Repository/Login/Page_Lightning Step/button_Sign in' is clicked on

27-11-2024T12:16:58 - [MESSAGE][PASSED] - Call Test Case 'Test Cases/Common Cases/Login' successfully

27-11-2024T12:16:58 - [TEST_STEP][PASSED] - navigateToUrl("https://site17.lsapp.cloud/client/index/1557"): Navigate to 'https://site17.lsapp.cloud/client/index/1557' successfully

27-11-2024T12:17:07 - [MESSAGE][PASSED] - Navigate to 'https://site17.lsapp.cloud/client/index/1557' successfully

27-11-2024T12:17:07 - [TEST_STEP][PASSED] - click(findTestObject("Object Repository/Specific Cases Repository/LS/Client Profile/Diagnosis/Page_Client Profile/a_Diagnosis")): Object: 'Object Repository/Specific Cases Repository/LS/Client Profile/Diagnosis/Page_Client Profile/a_Diagnosis' is clicked on

27-11-2024T12:17:09 - [MESSAGE][PASSED] - Object: 'Object Repository/Specific Cases Repository/LS/Client Profile/Diagnosis/Page_Client Profile/a_Diagnosis' is clicked on

27-11-2024T12:17:09 - [TEST_STEP][PASSED] - click(findTestObject("Object Repository/Specific Cases Repository/LS/Client Profile/Diagnosis/Page_Client Profile/i_add")): Object: 'Object Repository/Specific Cases Repository/LS/Client Profile/Diagnosis/Page_Client Profile/i_add' is clicked on

27-11-2024T12:17:13 - [MESSAGE][PASSED] - Object: 'Object Repository/Specific Cases Repository/LS/Client Profile/Diagnosis/Page_Client Profile/i_add' is clicked on

27-11-2024T12:17:13 - [TEST_STEP][PASSED] - selectOptionByValue(findTestObject("Object Repository/Specific Cases Repository/LS/Client Profile/Diagnosis/Page_Client Diagnosis/select_--not-selected--PrimarySecondaryThir_30d0a6"), "1", true): All options with value '1' are selected in object 'Object Repository/Specific Cases Repository/LS/Client Profile/Diagnosis/Page_Client Diagnosis/select_--not-selected--PrimarySecondaryThir_30d0a6'  using regular expression

27-11-2024T12:17:14 - [MESSAGE][PASSED] - All options with value '1' are selected in object 'Object Repository/Specific Cases Repository/LS/Client Profile/Diagnosis/Page_Client Diagnosis/select_--not-selected--PrimarySecondaryThir_30d0a6'  using regular expression

27-11-2024T12:17:14 - [TEST_STEP][PASSED] - selectOptionByValue(findTestObject("Object Repository/Specific Cases Repository/LS/Client Profile/Diagnosis/Page_Client Diagnosis/select_-- Please Select --Chemical Dependen_f373e3"), "Chemical Dependency", true): All options with value 'Chemical Dependency' are selected in object 'Object Repository/Specific Cases Repository/LS/Client Profile/Diagnosis/Page_Client Diagnosis/select_-- Please Select --Chemical Dependen_f373e3'  using regular expression

27-11-2024T12:17:15 - [MESSAGE][PASSED] - All options with value 'Chemical Dependency' are selected in object 'Object Repository/Specific Cases Repository/LS/Client Profile/Diagnosis/Page_Client Diagnosis/select_-- Please Select --Chemical Dependen_f373e3'  using regular expression

27-11-2024T12:17:15 - [TEST_STEP][PASSED] - selectOptionByValue(findTestObject("Object Repository/Specific Cases Repository/LS/Client Profile/Diagnosis/Page_Client Diagnosis/select_--Select-Diagnosis--Alcohol Abuse (F_cf7803"), "670", true): All options with value '670' are selected in object 'Object Repository/Specific Cases Repository/LS/Client Profile/Diagnosis/Page_Client Diagnosis/select_--Select-Diagnosis--Alcohol Abuse (F_cf7803'  using regular expression

27-11-2024T12:17:18 - [MESSAGE][PASSED] - All options with value '670' are selected in object 'Object Repository/Specific Cases Repository/LS/Client Profile/Diagnosis/Page_Client Diagnosis/select_--Select-Diagnosis--Alcohol Abuse (F_cf7803'  using regular expression

27-11-2024T12:17:18 - [TEST_STEP][PASSED] - click(findTestObject("Object Repository/Specific Cases Repository/LS/Client Profile/Diagnosis/Page_Client Diagnosis/button_Save")): Object: 'Object Repository/Specific Cases Repository/LS/Client Profile/Diagnosis/Page_Client Diagnosis/button_Save' is clicked on

27-11-2024T12:17:18 - [MESSAGE][PASSED] - Object: 'Object Repository/Specific Cases Repository/LS/Client Profile/Diagnosis/Page_Client Diagnosis/button_Save' is clicked on

27-11-2024T12:17:18 - [TEST_STEP][PASSED] - verifyElementText(findTestObject("Object Repository/Specific Cases Repository/LS/Client Profile/Diagnosis/Page_Client Profile/p_First diagnosis start date changed to the_f6720d"), "First diagnosis start date changed to the date of first admission."): Actual text and expected text of test object 'Object Repository/Specific Cases Repository/LS/Client Profile/Diagnosis/Page_Client Profile/p_First diagnosis start date changed to the_f6720d' are matched.

27-11-2024T12:17:27 - [MESSAGE][PASSED] - Actual text and expected text of test object 'Object Repository/Specific Cases Repository/LS/Client Profile/Diagnosis/Page_Client Profile/p_First diagnosis start date changed to the_f6720d' are matched.

27-11-2024T12:17:27 - [TEST_STEP][PASSED] - verifyElementText(findTestObject("Object Repository/Specific Cases Repository/LS/Client Profile/Diagnosis/Page_Client Profile/td_Alcohol use disorder, severe (F10.20)"), "Alcohol use disorder, severe (F10.20)"): Actual text and expected text of test object 'Object Repository/Specific Cases Repository/LS/Client Profile/Diagnosis/Page_Client Profile/td_Alcohol use disorder, severe (F10.20)' are matched.

27-11-2024T12:17:28 - [MESSAGE][PASSED] - Actual text and expected text of test object 'Object Repository/Specific Cases Repository/LS/Client Profile/Diagnosis/Page_Client Profile/td_Alcohol use disorder, severe (F10.20)' are matched.

27-11-2024T12:17:28 - [TEST_STEP][PASSED] - verifyElementText(findTestObject("Object Repository/Specific Cases Repository/LS/Client Profile/Diagnosis/Page_Client Profile/td_Primary"), "Primary"): Actual text and expected text of test object 'Object Repository/Specific Cases Repository/LS/Client Profile/Diagnosis/Page_Client Profile/td_Primary' are matched.

27-11-2024T12:17:28 - [MESSAGE][PASSED] - Actual text and expected text of test object 'Object Repository/Specific Cases Repository/LS/Client Profile/Diagnosis/Page_Client Profile/td_Primary' are matched.

27-11-2024T12:17:28 - [TEST_STEP][PASSED] - verifyElementText(findTestObject("Object Repository/Specific Cases Repository/LS/Client Profile/Diagnosis/Page_Client Profile/td_Chemical Dependency"), "Chemical Dependency"): Actual text and expected text of test object 'Object Repository/Specific Cases Repository/LS/Client Profile/Diagnosis/Page_Client Profile/td_Chemical Dependency' are matched.

27-11-2024T12:17:28 - [MESSAGE][PASSED] - Actual text and expected text of test object 'Object Repository/Specific Cases Repository/LS/Client Profile/Diagnosis/Page_Client Profile/td_Chemical Dependency' are matched.

27-11-2024T12:17:28 - [TEST_STEP][PASSED] - click(findTestObject("Object Repository/Specific Cases Repository/LS/Client Profile/Diagnosis/Page_Client Profile/i_add")): Object: 'Object Repository/Specific Cases Repository/LS/Client Profile/Diagnosis/Page_Client Profile/i_add' is clicked on

27-11-2024T12:17:31 - [MESSAGE][PASSED] - Object: 'Object Repository/Specific Cases Repository/LS/Client Profile/Diagnosis/Page_Client Profile/i_add' is clicked on

27-11-2024T12:17:31 - [TEST_STEP][PASSED] - selectOptionByValue(findTestObject("Object Repository/Specific Cases Repository/LS/Client Profile/Diagnosis/Page_Client Diagnosis/select_--not-selected--PrimarySecondaryThir_30d0a6"), "1", true): All options with value '1' are selected in object 'Object Repository/Specific Cases Repository/LS/Client Profile/Diagnosis/Page_Client Diagnosis/select_--not-selected--PrimarySecondaryThir_30d0a6'  using regular expression

27-11-2024T12:17:32 - [MESSAGE][PASSED] - All options with value '1' are selected in object 'Object Repository/Specific Cases Repository/LS/Client Profile/Diagnosis/Page_Client Diagnosis/select_--not-selected--PrimarySecondaryThir_30d0a6'  using regular expression

27-11-2024T12:17:32 - [TEST_STEP][PASSED] - selectOptionByValue(findTestObject("Object Repository/Specific Cases Repository/LS/Client Profile/Diagnosis/Page_Client Diagnosis/select_-- Please Select --Chemical Dependen_f373e3"), "Chemical Dependency", true): All options with value 'Chemical Dependency' are selected in object 'Object Repository/Specific Cases Repository/LS/Client Profile/Diagnosis/Page_Client Diagnosis/select_-- Please Select --Chemical Dependen_f373e3'  using regular expression

27-11-2024T12:17:33 - [MESSAGE][PASSED] - All options with value 'Chemical Dependency' are selected in object 'Object Repository/Specific Cases Repository/LS/Client Profile/Diagnosis/Page_Client Diagnosis/select_-- Please Select --Chemical Dependen_f373e3'  using regular expression

27-11-2024T12:17:33 - [TEST_STEP][PASSED] - selectOptionByValue(findTestObject("Object Repository/Specific Cases Repository/LS/Client Profile/Diagnosis/Page_Client Diagnosis/select_--Select-Diagnosis--Alcohol Abuse (F_cf7803"), "336", true): All options with value '336' are selected in object 'Object Repository/Specific Cases Repository/LS/Client Profile/Diagnosis/Page_Client Diagnosis/select_--Select-Diagnosis--Alcohol Abuse (F_cf7803'  using regular expression

27-11-2024T12:17:37 - [MESSAGE][PASSED] - All options with value '336' are selected in object 'Object Repository/Specific Cases Repository/LS/Client Profile/Diagnosis/Page_Client Diagnosis/select_--Select-Diagnosis--Alcohol Abuse (F_cf7803'  using regular expression

27-11-2024T12:17:37 - [TEST_STEP][PASSED] - click(findTestObject("Object Repository/Specific Cases Repository/LS/Client Profile/Diagnosis/Page_Client Diagnosis/button_Save")): Object: 'Object Repository/Specific Cases Repository/LS/Client Profile/Diagnosis/Page_Client Diagnosis/button_Save' is clicked on

27-11-2024T12:17:38 - [MESSAGE][PASSED] - Object: 'Object Repository/Specific Cases Repository/LS/Client Profile/Diagnosis/Page_Client Diagnosis/button_Save' is clicked on

27-11-2024T12:17:38 - [TEST_STEP][PASSED] - verifyElementText(findTestObject("Object Repository/Specific Cases Repository/LS/Client Profile/Diagnosis/Page_Client Diagnosis/p_Conflict of priorities. There are already_911d33"), "Conflict of priorities. There are already diagnoses with the same priority."): Actual text and expected text of test object 'Object Repository/Specific Cases Repository/LS/Client Profile/Diagnosis/Page_Client Diagnosis/p_Conflict of priorities. There are already_911d33' are matched.

27-11-2024T12:17:39 - [MESSAGE][PASSED] - Actual text and expected text of test object 'Object Repository/Specific Cases Repository/LS/Client Profile/Diagnosis/Page_Client Diagnosis/p_Conflict of priorities. There are already_911d33' are matched.

27-11-2024T12:17:39 - [TEST_STEP][PASSED] - click(findTestObject("Object Repository/Specific Cases Repository/LS/Client Profile/Diagnosis/Page_Client Diagnosis/button_Save Anyway")): Object: 'Object Repository/Specific Cases Repository/LS/Client Profile/Diagnosis/Page_Client Diagnosis/button_Save Anyway' is clicked on

27-11-2024T12:17:48 - [MESSAGE][PASSED] - Object: 'Object Repository/Specific Cases Repository/LS/Client Profile/Diagnosis/Page_Client Diagnosis/button_Save Anyway' is clicked on

27-11-2024T12:17:48 - [TEST_STEP][PASSED] - verifyElementText(findTestObject("Object Repository/Specific Cases Repository/LS/Client Profile/Diagnosis/Page_Client Profile/td_11212024"), Todays_Date): Actual text and expected text of test object 'Object Repository/Specific Cases Repository/LS/Client Profile/Diagnosis/Page_Client Profile/td_11212024' are matched.

27-11-2024T12:17:49 - [MESSAGE][PASSED] - Actual text and expected text of test object 'Object Repository/Specific Cases Repository/LS/Client Profile/Diagnosis/Page_Client Profile/td_11212024' are matched.

27-11-2024T12:17:49 - [TEST_STEP][PASSED] - click(findTestObject("Object Repository/Specific Cases Repository/LS/Client Profile/Diagnosis/Page_Client Profile/a_Automation Test_btn btn-primary btn-raise_969243")): Object: 'Object Repository/Specific Cases Repository/LS/Client Profile/Diagnosis/Page_Client Profile/a_Automation Test_btn btn-primary btn-raise_969243' is clicked on

27-11-2024T12:17:53 - [MESSAGE][PASSED] - Object: 'Object Repository/Specific Cases Repository/LS/Client Profile/Diagnosis/Page_Client Profile/a_Automation Test_btn btn-primary btn-raise_969243' is clicked on

27-11-2024T12:17:53 - [TEST_STEP][PASSED] - click(findTestObject("Object Repository/Specific Cases Repository/LS/Client Profile/Diagnosis/Page_Client Diagnosis/input_Entered in Error_iseie")): Object: 'Object Repository/Specific Cases Repository/LS/Client Profile/Diagnosis/Page_Client Diagnosis/input_Entered in Error_iseie' is clicked on

27-11-2024T12:17:54 - [MESSAGE][PASSED] - Object: 'Object Repository/Specific Cases Repository/LS/Client Profile/Diagnosis/Page_Client Diagnosis/input_Entered in Error_iseie' is clicked on

27-11-2024T12:17:54 - [TEST_STEP][PASSED] - setText(findTestObject("Object Repository/Specific Cases Repository/LS/Client Profile/Diagnosis/Page_Client Diagnosis/input_Reason_eiereason"), "automation test"): Text 'automation test' is set on object 'Object Repository/Specific Cases Repository/LS/Client Profile/Diagnosis/Page_Client Diagnosis/input_Reason_eiereason'

27-11-2024T12:17:54 - [MESSAGE][PASSED] - Text 'automation test' is set on object 'Object Repository/Specific Cases Repository/LS/Client Profile/Diagnosis/Page_Client Diagnosis/input_Reason_eiereason'

27-11-2024T12:17:54 - [TEST_STEP][PASSED] - click(findTestObject("Object Repository/Specific Cases Repository/LS/Client Profile/Diagnosis/Page_Client Diagnosis/button_Mark as Error")): Object: 'Object Repository/Specific Cases Repository/LS/Client Profile/Diagnosis/Page_Client Diagnosis/button_Mark as Error' is clicked on

27-11-2024T12:17:55 - [MESSAGE][PASSED] - Object: 'Object Repository/Specific Cases Repository/LS/Client Profile/Diagnosis/Page_Client Diagnosis/button_Mark as Error' is clicked on

27-11-2024T12:17:55 - [TEST_STEP][PASSED] - click(findTestObject("Object Repository/Specific Cases Repository/LS/Client Profile/Diagnosis/Page_Client Profile/a_Automation Test_btn btn-primary btn-raise_969243_1")): Object: 'Object Repository/Specific Cases Repository/LS/Client Profile/Diagnosis/Page_Client Profile/a_Automation Test_btn btn-primary btn-raise_969243_1' is clicked on

27-11-2024T12:18:07 - [MESSAGE][PASSED] - Object: 'Object Repository/Specific Cases Repository/LS/Client Profile/Diagnosis/Page_Client Profile/a_Automation Test_btn btn-primary btn-raise_969243_1' is clicked on

27-11-2024T12:18:07 - [TEST_STEP][PASSED] - click(findTestObject("Object Repository/Specific Cases Repository/LS/Client Profile/Diagnosis/Page_Client Diagnosis/input_Entered in Error_iseie")): Object: 'Object Repository/Specific Cases Repository/LS/Client Profile/Diagnosis/Page_Client Diagnosis/input_Entered in Error_iseie' is clicked on

27-11-2024T12:18:07 - [MESSAGE][PASSED] - Object: 'Object Repository/Specific Cases Repository/LS/Client Profile/Diagnosis/Page_Client Diagnosis/input_Entered in Error_iseie' is clicked on

27-11-2024T12:18:07 - [TEST_STEP][PASSED] - setText(findTestObject("Object Repository/Specific Cases Repository/LS/Client Profile/Diagnosis/Page_Client Diagnosis/input_Reason_eiereason"), "automation test"): Text 'automation test' is set on object 'Object Repository/Specific Cases Repository/LS/Client Profile/Diagnosis/Page_Client Diagnosis/input_Reason_eiereason'

27-11-2024T12:18:08 - [MESSAGE][PASSED] - Text 'automation test' is set on object 'Object Repository/Specific Cases Repository/LS/Client Profile/Diagnosis/Page_Client Diagnosis/input_Reason_eiereason'

27-11-2024T12:18:08 - [TEST_STEP][PASSED] - click(findTestObject("Object Repository/Specific Cases Repository/LS/Client Profile/Diagnosis/Page_Client Diagnosis/button_Mark as Error")): Object: 'Object Repository/Specific Cases Repository/LS/Client Profile/Diagnosis/Page_Client Diagnosis/button_Mark as Error' is clicked on

27-11-2024T12:18:08 - [MESSAGE][PASSED] - Object: 'Object Repository/Specific Cases Repository/LS/Client Profile/Diagnosis/Page_Client Diagnosis/button_Mark as Error' is clicked on

27-11-2024T12:18:08 - [TEST_STEP][PASSED] - closeBrowser(): Browser is closed

27-11-2024T12:18:08 - [MESSAGE][PASSED] - Browser is closed]]></system-out>
         <system-err><![CDATA[]]></system-err>
      </testcase>
      <testcase name="Test Cases/Specific Cases/LS/Client Profile/Client Medications" time="53.64" classname="Test Cases/Specific Cases/LS/Client Profile/Client Medications" status="FAILED">
         <failure type="FAILED" message="Test Cases/Specific Cases/LS/Client Profile/Client Medications FAILED.&#xa;Reason:&#xa;com.kms.katalon.core.exception.StepFailedException: Verify element text of test object 'Object Repository/Specific Cases Repository/LS/Client Profile/Client Medications/Page_Client Profile/td_100 (acetaminophen 250 MG  aspirin 250 M_65eba3' FAILED.&#xa;	at com.kms.katalon.core.webui.keyword.internal.WebUIKeywordMain.stepFailed(WebUIKeywordMain.groovy:117)&#xa;	at com.kms.katalon.core.webui.keyword.internal.WebUIKeywordMain.runKeyword(WebUIKeywordMain.groovy:43)&#xa;	at com.kms.katalon.core.webui.keyword.builtin.VerifyElementTextKeyword.verifyElementText(VerifyElementTextKeyword.groovy:72)&#xa;	at com.kms.katalon.core.webui.keyword.builtin.VerifyElementTextKeyword.execute(VerifyElementTextKeyword.groovy:40)&#xa;	at com.kms.katalon.core.keyword.internal.KeywordExecutor.executeKeywordForPlatform(KeywordExecutor.groovy:74)&#xa;	at com.kms.katalon.core.webui.keyword.WebUiBuiltInKeywords.verifyElementText(WebUiBuiltInKeywords.groovy:4835)&#xa;	at Client Medications.run(Client Medications:80)&#xa;	at com.kms.katalon.core.main.ScriptEngine.run(ScriptEngine.java:194)&#xa;	at com.kms.katalon.core.main.ScriptEngine.runScriptAsRawText(ScriptEngine.java:119)&#xa;	at com.kms.katalon.core.main.TestCaseExecutor.runScript(TestCaseExecutor.java:448)&#xa;	at com.kms.katalon.core.main.TestCaseExecutor.doExecute(TestCaseExecutor.java:439)&#xa;	at com.kms.katalon.core.main.TestCaseExecutor.processExecutionPhase(TestCaseExecutor.java:418)&#xa;	at com.kms.katalon.core.main.TestCaseExecutor.accessMainPhase(TestCaseExecutor.java:410)&#xa;	at com.kms.katalon.core.main.TestCaseExecutor.execute(TestCaseExecutor.java:285)&#xa;	at com.kms.katalon.core.common.CommonExecutor.accessTestCaseMainPhase(CommonExecutor.java:65)&#xa;	at com.kms.katalon.core.main.TestSuiteExecutor.accessTestSuiteMainPhase(TestSuiteExecutor.java:150)&#xa;	at com.kms.katalon.core.main.TestSuiteExecutor.execute(TestSuiteExecutor.java:106)&#xa;	at com.kms.katalon.core.main.TestCaseMain.startTestSuite(TestCaseMain.java:180)&#xa;	at TempTestSuite1732726653928.run(TempTestSuite1732726653928.groovy:35)&#xa;	at java.base/jdk.internal.reflect.NativeMethodAccessorImpl.invoke0(Native Method)&#xa;	at java.base/jdk.internal.reflect.NativeMethodAccessorImpl.invoke(NativeMethodAccessorImpl.java:77)&#xa;	at java.base/jdk.internal.reflect.DelegatingMethodAccessorImpl.invoke(DelegatingMethodAccessorImpl.java:43)&#xa;Caused by: com.kms.katalon.core.exception.StepFailedException: Actual text '' and expected text '{100 (acetaminophen 250 MG / aspirin 250 MG / caffeine 65 MG Oral Tablet [Excedrin]) / 24 (acetamino Dose: 10 Frequency: 11' of test object 'Object Repository/Specific Cases Repository/LS/Client Profile/Client Medications/Page_Client Profile/td_100 (acetaminophen 250 MG  aspirin 250 M_65eba3' are NOT matched.&#xa;	at com.kms.katalon.core.webui.keyword.internal.WebUIKeywordMain.stepFailed(WebUIKeywordMain.groovy:117)&#xa;	at com.kms.katalon.core.webui.keyword.builtin.VerifyElementTextKeyword$_verifyElementText_closure1.doCall(VerifyElementTextKeyword.groovy:57)&#xa;	at com.kms.katalon.core.webui.keyword.builtin.VerifyElementTextKeyword$_verifyElementText_closure1.call(VerifyElementTextKeyword.groovy)&#xa;	at com.kms.katalon.core.webui.keyword.internal.WebUIKeywordMain.runKeyword(WebUIKeywordMain.groovy:35)&#xa;	... 20 more&#xa;"/>
         <system-out><![CDATA[27-11-2024T12:18:08 - [TEST_CASE][FAILED] - Test Cases/Specific Cases/LS/Client Profile/Client Medications: Test Cases/Specific Cases/LS/Client Profile/Client Medications FAILED.
Reason:
com.kms.katalon.core.exception.StepFailedException: Verify element text of test object 'Object Repository/Specific Cases Repository/LS/Client Profile/Client Medications/Page_Client Profile/td_100 (acetaminophen 250 MG  aspirin 250 M_65eba3' FAILED.
	at com.kms.katalon.core.webui.keyword.internal.WebUIKeywordMain.stepFailed(WebUIKeywordMain.groovy:117)
	at com.kms.katalon.core.webui.keyword.internal.WebUIKeywordMain.runKeyword(WebUIKeywordMain.groovy:43)
	at com.kms.katalon.core.webui.keyword.builtin.VerifyElementTextKeyword.verifyElementText(VerifyElementTextKeyword.groovy:72)
	at com.kms.katalon.core.webui.keyword.builtin.VerifyElementTextKeyword.execute(VerifyElementTextKeyword.groovy:40)
	at com.kms.katalon.core.keyword.internal.KeywordExecutor.executeKeywordForPlatform(KeywordExecutor.groovy:74)
	at com.kms.katalon.core.webui.keyword.WebUiBuiltInKeywords.verifyElementText(WebUiBuiltInKeywords.groovy:4835)
	at Client Medications.run(Client Medications:80)
	at com.kms.katalon.core.main.ScriptEngine.run(ScriptEngine.java:194)
	at com.kms.katalon.core.main.ScriptEngine.runScriptAsRawText(ScriptEngine.java:119)
	at com.kms.katalon.core.main.TestCaseExecutor.runScript(TestCaseExecutor.java:448)
	at com.kms.katalon.core.main.TestCaseExecutor.doExecute(TestCaseExecutor.java:439)
	at com.kms.katalon.core.main.TestCaseExecutor.processExecutionPhase(TestCaseExecutor.java:418)
	at com.kms.katalon.core.main.TestCaseExecutor.accessMainPhase(TestCaseExecutor.java:410)
	at com.kms.katalon.core.main.TestCaseExecutor.execute(TestCaseExecutor.java:285)
	at com.kms.katalon.core.common.CommonExecutor.accessTestCaseMainPhase(CommonExecutor.java:65)
	at com.kms.katalon.core.main.TestSuiteExecutor.accessTestSuiteMainPhase(TestSuiteExecutor.java:150)
	at com.kms.katalon.core.main.TestSuiteExecutor.execute(TestSuiteExecutor.java:106)
	at com.kms.katalon.core.main.TestCaseMain.startTestSuite(TestCaseMain.java:180)
	at TempTestSuite1732726653928.run(TempTestSuite1732726653928.groovy:35)
	at java.base/jdk.internal.reflect.NativeMethodAccessorImpl.invoke0(Native Method)
	at java.base/jdk.internal.reflect.NativeMethodAccessorImpl.invoke(NativeMethodAccessorImpl.java:77)
	at java.base/jdk.internal.reflect.DelegatingMethodAccessorImpl.invoke(DelegatingMethodAccessorImpl.java:43)
Caused by: com.kms.katalon.core.exception.StepFailedException: Actual text '' and expected text '{100 (acetaminophen 250 MG / aspirin 250 MG / caffeine 65 MG Oral Tablet [Excedrin]) / 24 (acetamino Dose: 10 Frequency: 11' of test object 'Object Repository/Specific Cases Repository/LS/Client Profile/Client Medications/Page_Client Profile/td_100 (acetaminophen 250 MG  aspirin 250 M_65eba3' are NOT matched.
	at com.kms.katalon.core.webui.keyword.internal.WebUIKeywordMain.stepFailed(WebUIKeywordMain.groovy:117)
	at com.kms.katalon.core.webui.keyword.builtin.VerifyElementTextKeyword$_verifyElementText_closure1.doCall(VerifyElementTextKeyword.groovy:57)
	at com.kms.katalon.core.webui.keyword.builtin.VerifyElementTextKeyword$_verifyElementText_closure1.call(VerifyElementTextKeyword.groovy)
	at com.kms.katalon.core.webui.keyword.internal.WebUIKeywordMain.runKeyword(WebUIKeywordMain.groovy:35)
	... 20 more


27-11-2024T12:18:09 - [TEST_STEP][PASSED] - callTestCase(findTestCase("Common Cases/Login"), [:], STOP_ON_FAILURE): Call Test Case 'Test Cases/Common Cases/Login' successfully

27-11-2024T12:18:09 - [TEST_CASE][PASSED] - Test Cases/Common Cases/Login: Test Cases/Common Cases/Login

27-11-2024T12:18:09 - [TEST_STEP][PASSED] - openBrowser(""): Browser is opened with url: ''

27-11-2024T12:18:09 - [MESSAGE][INFO] - Starting 'Chrome' driver

27-11-2024T12:18:09 - [MESSAGE][INFO] - Action delay is set to 0 milliseconds

27-11-2024T12:18:09 - [MESSAGE][PASSED] - Browser is opened with url: ''

27-11-2024T12:18:09 - [TEST_STEP][PASSED] - maximizeWindow(): Current window maximized

27-11-2024T12:18:09 - [MESSAGE][PASSED] - Current window maximized

27-11-2024T12:18:09 - [TEST_STEP][PASSED] - navigateToUrl("https://site17.lsapp.cloud/auth/login"): Navigate to 'https://site17.lsapp.cloud/auth/login' successfully

27-11-2024T12:18:11 - [MESSAGE][PASSED] - Navigate to 'https://site17.lsapp.cloud/auth/login' successfully

27-11-2024T12:18:11 - [TEST_STEP][PASSED] - setText(findTestObject("Object Repository/Common Cases Repository/Login/Page_Lightning Step/input_Email_email"), "automation@lightningstep.com"): Text 'automation@lightningstep.com' is set on object 'Object Repository/Common Cases Repository/Login/Page_Lightning Step/input_Email_email'

27-11-2024T12:18:12 - [MESSAGE][PASSED] - Text 'automation@lightningstep.com' is set on object 'Object Repository/Common Cases Repository/Login/Page_Lightning Step/input_Email_email'

27-11-2024T12:18:12 - [TEST_STEP][PASSED] - setEncryptedText(findTestObject("Object Repository/Common Cases Repository/Login/Page_Lightning Step/input_Password_password"), "e5N8VHmnhJDITtQaQhDQDw=="): Text ****** has been set on object 'Object Repository/Common Cases Repository/Login/Page_Lightning Step/input_Password_password'

27-11-2024T12:18:13 - [MESSAGE][PASSED] - Text ****** has been set on object 'Object Repository/Common Cases Repository/Login/Page_Lightning Step/input_Password_password'

27-11-2024T12:18:13 - [TEST_STEP][PASSED] - click(findTestObject("Object Repository/Common Cases Repository/Login/Page_Lightning Step/button_Sign in")): Object: 'Object Repository/Common Cases Repository/Login/Page_Lightning Step/button_Sign in' is clicked on

27-11-2024T12:18:20 - [MESSAGE][PASSED] - Object: 'Object Repository/Common Cases Repository/Login/Page_Lightning Step/button_Sign in' is clicked on

27-11-2024T12:18:20 - [MESSAGE][PASSED] - Call Test Case 'Test Cases/Common Cases/Login' successfully

27-11-2024T12:18:20 - [TEST_STEP][PASSED] - navigateToUrl("https://site17.lsapp.cloud/client/index/1558?section=clientmeds"): Navigate to 'https://site17.lsapp.cloud/client/index/1558?section=clientmeds' successfully

27-11-2024T12:18:29 - [MESSAGE][PASSED] - Navigate to 'https://site17.lsapp.cloud/client/index/1558?section=clientmeds' successfully

27-11-2024T12:18:29 - [TEST_STEP][PASSED] - click(findTestObject("Object Repository/Specific Cases Repository/LS/Client Profile/Client Medications/Page_Client Profile/i_add")): Object: 'Object Repository/Specific Cases Repository/LS/Client Profile/Client Medications/Page_Client Profile/i_add' is clicked on

27-11-2024T12:18:33 - [MESSAGE][PASSED] - Object: 'Object Repository/Specific Cases Repository/LS/Client Profile/Client Medications/Page_Client Profile/i_add' is clicked on

27-11-2024T12:18:33 - [TEST_STEP][PASSED] - click(findTestObject("Object Repository/Specific Cases Repository/LS/Client Profile/Client Medications/Page_Client Reported Medication/span_Medication_select2-selection select2-s_4864e1")): Object: 'Object Repository/Specific Cases Repository/LS/Client Profile/Client Medications/Page_Client Reported Medication/span_Medication_select2-selection select2-s_4864e1' is clicked on

27-11-2024T12:18:33 - [MESSAGE][PASSED] - Object: 'Object Repository/Specific Cases Repository/LS/Client Profile/Client Medications/Page_Client Reported Medication/span_Medication_select2-selection select2-s_4864e1' is clicked on

27-11-2024T12:18:33 - [TEST_STEP][PASSED] - setText(findTestObject("Object Repository/Specific Cases Repository/LS/Client Profile/Client Medications/Page_Client Reported Medication/input_Cancel_select2-search__field"), "aspi"): Text 'aspi' is set on object 'Object Repository/Specific Cases Repository/LS/Client Profile/Client Medications/Page_Client Reported Medication/input_Cancel_select2-search__field'

27-11-2024T12:18:34 - [MESSAGE][PASSED] - Text 'aspi' is set on object 'Object Repository/Specific Cases Repository/LS/Client Profile/Client Medications/Page_Client Reported Medication/input_Cancel_select2-search__field'

27-11-2024T12:18:34 - [TEST_STEP][PASSED] - waitForPageLoad(30): Wait for page load successfully

27-11-2024T12:18:34 - [MESSAGE][PASSED] - Wait for page load successfully

27-11-2024T12:18:34 - [TEST_STEP][PASSED] - sendKeys(findTestObject("Object Repository/Specific Cases Repository/LS/Client Profile/Client Medications/Page_Client Reported Medication/input_Cancel_select2-search__field"), Keys.chord(ENTER)): Keys 'ENTER + ' sent to object: 'Object Repository/Specific Cases Repository/LS/Client Profile/Client Medications/Page_Client Reported Medication/input_Cancel_select2-search__field'

27-11-2024T12:18:34 - [MESSAGE][PASSED] - Keys 'ENTER + ' sent to object: 'Object Repository/Specific Cases Repository/LS/Client Profile/Client Medications/Page_Client Reported Medication/input_Cancel_select2-search__field'

27-11-2024T12:18:34 - [TEST_STEP][PASSED] - setText(findTestObject("Object Repository/Specific Cases Repository/LS/Client Profile/Client Medications/Page_Client Reported Medication/input_Strength_dose"), "10"): Text '10' is set on object 'Object Repository/Specific Cases Repository/LS/Client Profile/Client Medications/Page_Client Reported Medication/input_Strength_dose'

27-11-2024T12:18:45 - [MESSAGE][PASSED] - Text '10' is set on object 'Object Repository/Specific Cases Repository/LS/Client Profile/Client Medications/Page_Client Reported Medication/input_Strength_dose'

27-11-2024T12:18:45 - [TEST_STEP][PASSED] - click(findTestObject("Object Repository/Specific Cases Repository/LS/Client Profile/Client Medications/Page_Client Reported Medication/span_Route_select2-selection select2-select_4412bc")): Object: 'Object Repository/Specific Cases Repository/LS/Client Profile/Client Medications/Page_Client Reported Medication/span_Route_select2-selection select2-select_4412bc' is clicked on

27-11-2024T12:18:45 - [MESSAGE][PASSED] - Object: 'Object Repository/Specific Cases Repository/LS/Client Profile/Client Medications/Page_Client Reported Medication/span_Route_select2-selection select2-select_4412bc' is clicked on

27-11-2024T12:18:45 - [TEST_STEP][PASSED] - setText(findTestObject("Object Repository/Specific Cases Repository/LS/Client Profile/Client Medications/Page_Client Reported Medication/input_Cancel_select2-search__field"), "oral"): Text 'oral' is set on object 'Object Repository/Specific Cases Repository/LS/Client Profile/Client Medications/Page_Client Reported Medication/input_Cancel_select2-search__field'

27-11-2024T12:18:46 - [MESSAGE][PASSED] - Text 'oral' is set on object 'Object Repository/Specific Cases Repository/LS/Client Profile/Client Medications/Page_Client Reported Medication/input_Cancel_select2-search__field'

27-11-2024T12:18:46 - [TEST_STEP][PASSED] - waitForPageLoad(30): Wait for page load successfully

27-11-2024T12:18:46 - [MESSAGE][PASSED] - Wait for page load successfully

27-11-2024T12:18:46 - [TEST_STEP][PASSED] - sendKeys(findTestObject("Object Repository/Specific Cases Repository/LS/Client Profile/Client Medications/Page_Client Reported Medication/input_Cancel_select2-search__field"), Keys.chord(ENTER)): Keys 'ENTER + ' sent to object: 'Object Repository/Specific Cases Repository/LS/Client Profile/Client Medications/Page_Client Reported Medication/input_Cancel_select2-search__field'

27-11-2024T12:18:46 - [MESSAGE][PASSED] - Keys 'ENTER + ' sent to object: 'Object Repository/Specific Cases Repository/LS/Client Profile/Client Medications/Page_Client Reported Medication/input_Cancel_select2-search__field'

27-11-2024T12:18:46 - [TEST_STEP][PASSED] - setText(findTestObject("Object Repository/Specific Cases Repository/LS/Client Profile/Client Medications/Page_Client Reported Medication/input_Frequency_frequency"), "11"): Text '11' is set on object 'Object Repository/Specific Cases Repository/LS/Client Profile/Client Medications/Page_Client Reported Medication/input_Frequency_frequency'

27-11-2024T12:18:47 - [MESSAGE][PASSED] - Text '11' is set on object 'Object Repository/Specific Cases Repository/LS/Client Profile/Client Medications/Page_Client Reported Medication/input_Frequency_frequency'

27-11-2024T12:18:47 - [TEST_STEP][PASSED] - setText(findTestObject("Object Repository/Specific Cases Repository/LS/Client Profile/Client Medications/Page_Client Reported Medication/textarea_Instructions_instructions"), "Automation Instructions"): Text 'Automation Instructions' is set on object 'Object Repository/Specific Cases Repository/LS/Client Profile/Client Medications/Page_Client Reported Medication/textarea_Instructions_instructions'

27-11-2024T12:18:48 - [MESSAGE][PASSED] - Text 'Automation Instructions' is set on object 'Object Repository/Specific Cases Repository/LS/Client Profile/Client Medications/Page_Client Reported Medication/textarea_Instructions_instructions'

27-11-2024T12:18:48 - [TEST_STEP][PASSED] - setText(findTestObject("Object Repository/Specific Cases Repository/LS/Client Profile/Client Medications/Page_Client Reported Medication/input_PurposeRationale_purpose"), "Automation Purpose"): Text 'Automation Purpose' is set on object 'Object Repository/Specific Cases Repository/LS/Client Profile/Client Medications/Page_Client Reported Medication/input_PurposeRationale_purpose'

27-11-2024T12:18:49 - [MESSAGE][PASSED] - Text 'Automation Purpose' is set on object 'Object Repository/Specific Cases Repository/LS/Client Profile/Client Medications/Page_Client Reported Medication/input_PurposeRationale_purpose'

27-11-2024T12:18:49 - [TEST_STEP][PASSED] - setText(findTestObject("Object Repository/Specific Cases Repository/LS/Client Profile/Client Medications/Page_Client Reported Medication/input_Prescriber_prescriber"), "Automation Prescriber"): Text 'Automation Prescriber' is set on object 'Object Repository/Specific Cases Repository/LS/Client Profile/Client Medications/Page_Client Reported Medication/input_Prescriber_prescriber'

27-11-2024T12:18:49 - [MESSAGE][PASSED] - Text 'Automation Prescriber' is set on object 'Object Repository/Specific Cases Repository/LS/Client Profile/Client Medications/Page_Client Reported Medication/input_Prescriber_prescriber'

27-11-2024T12:18:49 - [TEST_STEP][PASSED] - setText(findTestObject("Object Repository/Specific Cases Repository/LS/Client Profile/Client Medications/Page_Client Reported Medication/input_Pharmacy_pharmacy"), "Automation Pharmacy"): Text 'Automation Pharmacy' is set on object 'Object Repository/Specific Cases Repository/LS/Client Profile/Client Medications/Page_Client Reported Medication/input_Pharmacy_pharmacy'

27-11-2024T12:18:50 - [MESSAGE][PASSED] - Text 'Automation Pharmacy' is set on object 'Object Repository/Specific Cases Repository/LS/Client Profile/Client Medications/Page_Client Reported Medication/input_Pharmacy_pharmacy'

27-11-2024T12:18:50 - [TEST_STEP][PASSED] - setText(findTestObject("Object Repository/Specific Cases Repository/LS/Client Profile/Client Medications/Page_Client Reported Medication/input_When Started_whenstart"), Last_Week_Date): Text '11/20/2024' is set on object 'Object Repository/Specific Cases Repository/LS/Client Profile/Client Medications/Page_Client Reported Medication/input_When Started_whenstart'

27-11-2024T12:18:50 - [MESSAGE][PASSED] - Text '11/20/2024' is set on object 'Object Repository/Specific Cases Repository/LS/Client Profile/Client Medications/Page_Client Reported Medication/input_When Started_whenstart'

27-11-2024T12:18:50 - [TEST_STEP][PASSED] - setText(findTestObject("Object Repository/Specific Cases Repository/LS/Client Profile/Client Medications/Page_Client Reported Medication/input_Last Taken_lasttaken"), Todays_Date): Text '11/27/2024' is set on object 'Object Repository/Specific Cases Repository/LS/Client Profile/Client Medications/Page_Client Reported Medication/input_Last Taken_lasttaken'

27-11-2024T12:18:51 - [MESSAGE][PASSED] - Text '11/27/2024' is set on object 'Object Repository/Specific Cases Repository/LS/Client Profile/Client Medications/Page_Client Reported Medication/input_Last Taken_lasttaken'

27-11-2024T12:18:51 - [TEST_STEP][PASSED] - selectOptionByValue(findTestObject("Object Repository/Specific Cases Repository/LS/Client Profile/Client Medications/Page_Client Reported Medication/select_-- Please Select --                 _09aff5"), "Yes", true): All options with value 'Yes' are selected in object 'Object Repository/Specific Cases Repository/LS/Client Profile/Client Medications/Page_Client Reported Medication/select_-- Please Select --                 _09aff5'  using regular expression

27-11-2024T12:18:52 - [MESSAGE][PASSED] - All options with value 'Yes' are selected in object 'Object Repository/Specific Cases Repository/LS/Client Profile/Client Medications/Page_Client Reported Medication/select_-- Please Select --                 _09aff5'  using regular expression

27-11-2024T12:18:52 - [TEST_STEP][PASSED] - selectOptionByValue(findTestObject("Object Repository/Specific Cases Repository/LS/Client Profile/Client Medications/Page_Client Reported Medication/select_-- Please Select --                 _8e469b"), "Yes", true): All options with value 'Yes' are selected in object 'Object Repository/Specific Cases Repository/LS/Client Profile/Client Medications/Page_Client Reported Medication/select_-- Please Select --                 _8e469b'  using regular expression

27-11-2024T12:18:53 - [MESSAGE][PASSED] - All options with value 'Yes' are selected in object 'Object Repository/Specific Cases Repository/LS/Client Profile/Client Medications/Page_Client Reported Medication/select_-- Please Select --                 _8e469b'  using regular expression

27-11-2024T12:18:53 - [TEST_STEP][PASSED] - click(findTestObject("Object Repository/Specific Cases Repository/LS/Client Profile/Client Medications/Page_Client Reported Medication/input_Verified_isverified")): Object: 'Object Repository/Specific Cases Repository/LS/Client Profile/Client Medications/Page_Client Reported Medication/input_Verified_isverified' is clicked on

27-11-2024T12:18:53 - [MESSAGE][PASSED] - Object: 'Object Repository/Specific Cases Repository/LS/Client Profile/Client Medications/Page_Client Reported Medication/input_Verified_isverified' is clicked on

27-11-2024T12:18:53 - [TEST_STEP][PASSED] - click(findTestObject("Object Repository/Specific Cases Repository/LS/Client Profile/Client Medications/Page_Client Reported Medication/button_Save")): Object: 'Object Repository/Specific Cases Repository/LS/Client Profile/Client Medications/Page_Client Reported Medication/button_Save' is clicked on

27-11-2024T12:19:00 - [MESSAGE][PASSED] - Object: 'Object Repository/Specific Cases Repository/LS/Client Profile/Client Medications/Page_Client Reported Medication/button_Save' is clicked on

27-11-2024T12:19:00 - [TEST_STEP][FAILED] - verifyElementText(findTestObject("Object Repository/Specific Cases Repository/LS/Client Profile/Client Medications/Page_Client Profile/td_100 (acetaminophen 250 MG  aspirin 250 M_65eba3"), "{100 (acetaminophen 250 MG / aspirin 250 MG / caffeine 65 MG Oral Tablet [Excedrin]) / 24 (acetamino Dose: 10 Frequency: 11"): Verify element text of test object 'Object Repository/Specific Cases Repository/LS/Client Profile/Client Medications/Page_Client Profile/td_100 (acetaminophen 250 MG  aspirin 250 M_65eba3' FAILED. (Root cause: com.kms.katalon.core.exception.StepFailedException: Verify element text of test object 'Object Repository/Specific Cases Repository/LS/Client Profile/Client Medications/Page_Client Profile/td_100 (acetaminophen 250 MG  aspirin 250 M_65eba3' FAILED.
	at com.kms.katalon.core.webui.keyword.internal.WebUIKeywordMain.stepFailed(WebUIKeywordMain.groovy:117)
	at com.kms.katalon.core.webui.keyword.internal.WebUIKeywordMain.runKeyword(WebUIKeywordMain.groovy:43)
	at com.kms.katalon.core.webui.keyword.builtin.VerifyElementTextKeyword.verifyElementText(VerifyElementTextKeyword.groovy:72)
	at com.kms.katalon.core.webui.keyword.builtin.VerifyElementTextKeyword.execute(VerifyElementTextKeyword.groovy:40)
	at com.kms.katalon.core.keyword.internal.KeywordExecutor.executeKeywordForPlatform(KeywordExecutor.groovy:74)
	at com.kms.katalon.core.webui.keyword.WebUiBuiltInKeywords.verifyElementText(WebUiBuiltInKeywords.groovy:4835)
	at Client Medications.run(Client Medications:80)
	at com.kms.katalon.core.main.ScriptEngine.run(ScriptEngine.java:194)
	at com.kms.katalon.core.main.ScriptEngine.runScriptAsRawText(ScriptEngine.java:119)
	at com.kms.katalon.core.main.TestCaseExecutor.runScript(TestCaseExecutor.java:448)
	at com.kms.katalon.core.main.TestCaseExecutor.doExecute(TestCaseExecutor.java:439)
	at com.kms.katalon.core.main.TestCaseExecutor.processExecutionPhase(TestCaseExecutor.java:418)
	at com.kms.katalon.core.main.TestCaseExecutor.accessMainPhase(TestCaseExecutor.java:410)
	at com.kms.katalon.core.main.TestCaseExecutor.execute(TestCaseExecutor.java:285)
	at com.kms.katalon.core.common.CommonExecutor.accessTestCaseMainPhase(CommonExecutor.java:65)
	at com.kms.katalon.core.main.TestSuiteExecutor.accessTestSuiteMainPhase(TestSuiteExecutor.java:150)
	at com.kms.katalon.core.main.TestSuiteExecutor.execute(TestSuiteExecutor.java:106)
	at com.kms.katalon.core.main.TestCaseMain.startTestSuite(TestCaseMain.java:180)
	at TempTestSuite1732726653928.run(TempTestSuite1732726653928.groovy:35)
	at java.base/jdk.internal.reflect.NativeMethodAccessorImpl.invoke0(Native Method)
	at java.base/jdk.internal.reflect.NativeMethodAccessorImpl.invoke(NativeMethodAccessorImpl.java:77)
	at java.base/jdk.internal.reflect.DelegatingMethodAccessorImpl.invoke(DelegatingMethodAccessorImpl.java:43)
Caused by: com.kms.katalon.core.exception.StepFailedException: Actual text '' and expected text '{100 (acetaminophen 250 MG / aspirin 250 MG / caffeine 65 MG Oral Tablet [Excedrin]) / 24 (acetamino Dose: 10 Frequency: 11' of test object 'Object Repository/Specific Cases Repository/LS/Client Profile/Client Medications/Page_Client Profile/td_100 (acetaminophen 250 MG  aspirin 250 M_65eba3' are NOT matched.
	at com.kms.katalon.core.webui.keyword.internal.WebUIKeywordMain.stepFailed(WebUIKeywordMain.groovy:117)
	at com.kms.katalon.core.webui.keyword.builtin.VerifyElementTextKeyword$_verifyElementText_closure1.doCall(VerifyElementTextKeyword.groovy:57)
	at com.kms.katalon.core.webui.keyword.builtin.VerifyElementTextKeyword$_verifyElementText_closure1.call(VerifyElementTextKeyword.groovy)
	at com.kms.katalon.core.webui.keyword.internal.WebUIKeywordMain.runKeyword(WebUIKeywordMain.groovy:35)
	... 20 more
)

27-11-2024T12:19:02 - [MESSAGE][FAILED] - Actual text '' and expected text '{100 (acetaminophen 250 MG / aspirin 250 MG / caffeine 65 MG Oral Tablet [Excedrin]) / 24 (acetamino Dose: 10 Frequency: 11' of test object 'Object Repository/Specific Cases Repository/LS/Client Profile/Client Medications/Page_Client Profile/td_100 (acetaminophen 250 MG  aspirin 250 M_65eba3' are NOT matched. (Root cause: com.kms.katalon.core.exception.StepFailedException: Actual text '' and expected text '{100 (acetaminophen 250 MG / aspirin 250 MG / caffeine 65 MG Oral Tablet [Excedrin]) / 24 (acetamino Dose: 10 Frequency: 11' of test object 'Object Repository/Specific Cases Repository/LS/Client Profile/Client Medications/Page_Client Profile/td_100 (acetaminophen 250 MG  aspirin 250 M_65eba3' are NOT matched.
	at com.kms.katalon.core.webui.keyword.internal.WebUIKeywordMain.stepFailed(WebUIKeywordMain.groovy:117)
	at com.kms.katalon.core.webui.keyword.builtin.VerifyElementTextKeyword$_verifyElementText_closure1.doCall(VerifyElementTextKeyword.groovy:57)
	at com.kms.katalon.core.webui.keyword.builtin.VerifyElementTextKeyword$_verifyElementText_closure1.call(VerifyElementTextKeyword.groovy)
	at com.kms.katalon.core.webui.keyword.internal.WebUIKeywordMain.runKeyword(WebUIKeywordMain.groovy:35)
	at com.kms.katalon.core.webui.keyword.builtin.VerifyElementTextKeyword.verifyElementText(VerifyElementTextKeyword.groovy:72)
	at com.kms.katalon.core.webui.keyword.builtin.VerifyElementTextKeyword.execute(VerifyElementTextKeyword.groovy:40)
	at com.kms.katalon.core.keyword.internal.KeywordExecutor.executeKeywordForPlatform(KeywordExecutor.groovy:74)
	at com.kms.katalon.core.webui.keyword.WebUiBuiltInKeywords.verifyElementText(WebUiBuiltInKeywords.groovy:4835)
	at Client Medications.run(Client Medications:80)
	at com.kms.katalon.core.main.ScriptEngine.run(ScriptEngine.java:194)
	at com.kms.katalon.core.main.ScriptEngine.runScriptAsRawText(ScriptEngine.java:119)
	at com.kms.katalon.core.main.TestCaseExecutor.runScript(TestCaseExecutor.java:448)
	at com.kms.katalon.core.main.TestCaseExecutor.doExecute(TestCaseExecutor.java:439)
	at com.kms.katalon.core.main.TestCaseExecutor.processExecutionPhase(TestCaseExecutor.java:418)
	at com.kms.katalon.core.main.TestCaseExecutor.accessMainPhase(TestCaseExecutor.java:410)
	at com.kms.katalon.core.main.TestCaseExecutor.execute(TestCaseExecutor.java:285)
	at com.kms.katalon.core.common.CommonExecutor.accessTestCaseMainPhase(CommonExecutor.java:65)
	at com.kms.katalon.core.main.TestSuiteExecutor.accessTestSuiteMainPhase(TestSuiteExecutor.java:150)
	at com.kms.katalon.core.main.TestSuiteExecutor.execute(TestSuiteExecutor.java:106)
	at com.kms.katalon.core.main.TestCaseMain.startTestSuite(TestCaseMain.java:180)
	at TempTestSuite1732726653928.run(TempTestSuite1732726653928.groovy:35)
	at java.base/jdk.internal.reflect.NativeMethodAccessorImpl.invoke0(Native Method)
	at java.base/jdk.internal.reflect.NativeMethodAccessorImpl.invoke(NativeMethodAccessorImpl.java:77)
	at java.base/jdk.internal.reflect.DelegatingMethodAccessorImpl.invoke(DelegatingMethodAccessorImpl.java:43)
)
[[ATTACHMENT|C:\\Users\\Enrique\\git\\AUTOMATION_LS\\Reports\\20241127_115725\\LS\\Client Profile\\Client Profile\\20241127_115733\\1732727942327.png]]

27-11-2024T12:19:02 - [MESSAGE][FAILED] - Verify element text of test object 'Object Repository/Specific Cases Repository/LS/Client Profile/Client Medications/Page_Client Profile/td_100 (acetaminophen 250 MG  aspirin 250 M_65eba3' FAILED. (Root cause: com.kms.katalon.core.exception.StepFailedException: Verify element text of test object 'Object Repository/Specific Cases Repository/LS/Client Profile/Client Medications/Page_Client Profile/td_100 (acetaminophen 250 MG  aspirin 250 M_65eba3' FAILED.
	at com.kms.katalon.core.webui.keyword.internal.WebUIKeywordMain.stepFailed(WebUIKeywordMain.groovy:117)
	at com.kms.katalon.core.webui.keyword.internal.WebUIKeywordMain.runKeyword(WebUIKeywordMain.groovy:43)
	at com.kms.katalon.core.webui.keyword.builtin.VerifyElementTextKeyword.verifyElementText(VerifyElementTextKeyword.groovy:72)
	at com.kms.katalon.core.webui.keyword.builtin.VerifyElementTextKeyword.execute(VerifyElementTextKeyword.groovy:40)
	at com.kms.katalon.core.keyword.internal.KeywordExecutor.executeKeywordForPlatform(KeywordExecutor.groovy:74)
	at com.kms.katalon.core.webui.keyword.WebUiBuiltInKeywords.verifyElementText(WebUiBuiltInKeywords.groovy:4835)
	at Client Medications.run(Client Medications:80)
	at com.kms.katalon.core.main.ScriptEngine.run(ScriptEngine.java:194)
	at com.kms.katalon.core.main.ScriptEngine.runScriptAsRawText(ScriptEngine.java:119)
	at com.kms.katalon.core.main.TestCaseExecutor.runScript(TestCaseExecutor.java:448)
	at com.kms.katalon.core.main.TestCaseExecutor.doExecute(TestCaseExecutor.java:439)
	at com.kms.katalon.core.main.TestCaseExecutor.processExecutionPhase(TestCaseExecutor.java:418)
	at com.kms.katalon.core.main.TestCaseExecutor.accessMainPhase(TestCaseExecutor.java:410)
	at com.kms.katalon.core.main.TestCaseExecutor.execute(TestCaseExecutor.java:285)
	at com.kms.katalon.core.common.CommonExecutor.accessTestCaseMainPhase(CommonExecutor.java:65)
	at com.kms.katalon.core.main.TestSuiteExecutor.accessTestSuiteMainPhase(TestSuiteExecutor.java:150)
	at com.kms.katalon.core.main.TestSuiteExecutor.execute(TestSuiteExecutor.java:106)
	at com.kms.katalon.core.main.TestCaseMain.startTestSuite(TestCaseMain.java:180)
	at TempTestSuite1732726653928.run(TempTestSuite1732726653928.groovy:35)
	at java.base/jdk.internal.reflect.NativeMethodAccessorImpl.invoke0(Native Method)
	at java.base/jdk.internal.reflect.NativeMethodAccessorImpl.invoke(NativeMethodAccessorImpl.java:77)
	at java.base/jdk.internal.reflect.DelegatingMethodAccessorImpl.invoke(DelegatingMethodAccessorImpl.java:43)
Caused by: com.kms.katalon.core.exception.StepFailedException: Actual text '' and expected text '{100 (acetaminophen 250 MG / aspirin 250 MG / caffeine 65 MG Oral Tablet [Excedrin]) / 24 (acetamino Dose: 10 Frequency: 11' of test object 'Object Repository/Specific Cases Repository/LS/Client Profile/Client Medications/Page_Client Profile/td_100 (acetaminophen 250 MG  aspirin 250 M_65eba3' are NOT matched.
	at com.kms.katalon.core.webui.keyword.internal.WebUIKeywordMain.stepFailed(WebUIKeywordMain.groovy:117)
	at com.kms.katalon.core.webui.keyword.builtin.VerifyElementTextKeyword$_verifyElementText_closure1.doCall(VerifyElementTextKeyword.groovy:57)
	at com.kms.katalon.core.webui.keyword.builtin.VerifyElementTextKeyword$_verifyElementText_closure1.call(VerifyElementTextKeyword.groovy)
	at com.kms.katalon.core.webui.keyword.internal.WebUIKeywordMain.runKeyword(WebUIKeywordMain.groovy:35)
	... 20 more
)
[[ATTACHMENT|C:\\Users\\Enrique\\git\\AUTOMATION_LS\\Reports\\20241127_115725\\LS\\Client Profile\\Client Profile\\20241127_115733\\1732727942450.png]]]]></system-out>
         <system-err><![CDATA[27-11-2024T12:18:08 - [TEST_CASE][FAILED] - Test Cases/Specific Cases/LS/Client Profile/Client Medications: Test Cases/Specific Cases/LS/Client Profile/Client Medications FAILED.
Reason:
com.kms.katalon.core.exception.StepFailedException: Verify element text of test object 'Object Repository/Specific Cases Repository/LS/Client Profile/Client Medications/Page_Client Profile/td_100 (acetaminophen 250 MG  aspirin 250 M_65eba3' FAILED.
	at com.kms.katalon.core.webui.keyword.internal.WebUIKeywordMain.stepFailed(WebUIKeywordMain.groovy:117)
	at com.kms.katalon.core.webui.keyword.internal.WebUIKeywordMain.runKeyword(WebUIKeywordMain.groovy:43)
	at com.kms.katalon.core.webui.keyword.builtin.VerifyElementTextKeyword.verifyElementText(VerifyElementTextKeyword.groovy:72)
	at com.kms.katalon.core.webui.keyword.builtin.VerifyElementTextKeyword.execute(VerifyElementTextKeyword.groovy:40)
	at com.kms.katalon.core.keyword.internal.KeywordExecutor.executeKeywordForPlatform(KeywordExecutor.groovy:74)
	at com.kms.katalon.core.webui.keyword.WebUiBuiltInKeywords.verifyElementText(WebUiBuiltInKeywords.groovy:4835)
	at Client Medications.run(Client Medications:80)
	at com.kms.katalon.core.main.ScriptEngine.run(ScriptEngine.java:194)
	at com.kms.katalon.core.main.ScriptEngine.runScriptAsRawText(ScriptEngine.java:119)
	at com.kms.katalon.core.main.TestCaseExecutor.runScript(TestCaseExecutor.java:448)
	at com.kms.katalon.core.main.TestCaseExecutor.doExecute(TestCaseExecutor.java:439)
	at com.kms.katalon.core.main.TestCaseExecutor.processExecutionPhase(TestCaseExecutor.java:418)
	at com.kms.katalon.core.main.TestCaseExecutor.accessMainPhase(TestCaseExecutor.java:410)
	at com.kms.katalon.core.main.TestCaseExecutor.execute(TestCaseExecutor.java:285)
	at com.kms.katalon.core.common.CommonExecutor.accessTestCaseMainPhase(CommonExecutor.java:65)
	at com.kms.katalon.core.main.TestSuiteExecutor.accessTestSuiteMainPhase(TestSuiteExecutor.java:150)
	at com.kms.katalon.core.main.TestSuiteExecutor.execute(TestSuiteExecutor.java:106)
	at com.kms.katalon.core.main.TestCaseMain.startTestSuite(TestCaseMain.java:180)
	at TempTestSuite1732726653928.run(TempTestSuite1732726653928.groovy:35)
	at java.base/jdk.internal.reflect.NativeMethodAccessorImpl.invoke0(Native Method)
	at java.base/jdk.internal.reflect.NativeMethodAccessorImpl.invoke(NativeMethodAccessorImpl.java:77)
	at java.base/jdk.internal.reflect.DelegatingMethodAccessorImpl.invoke(DelegatingMethodAccessorImpl.java:43)
Caused by: com.kms.katalon.core.exception.StepFailedException: Actual text '' and expected text '{100 (acetaminophen 250 MG / aspirin 250 MG / caffeine 65 MG Oral Tablet [Excedrin]) / 24 (acetamino Dose: 10 Frequency: 11' of test object 'Object Repository/Specific Cases Repository/LS/Client Profile/Client Medications/Page_Client Profile/td_100 (acetaminophen 250 MG  aspirin 250 M_65eba3' are NOT matched.
	at com.kms.katalon.core.webui.keyword.internal.WebUIKeywordMain.stepFailed(WebUIKeywordMain.groovy:117)
	at com.kms.katalon.core.webui.keyword.builtin.VerifyElementTextKeyword$_verifyElementText_closure1.doCall(VerifyElementTextKeyword.groovy:57)
	at com.kms.katalon.core.webui.keyword.builtin.VerifyElementTextKeyword$_verifyElementText_closure1.call(VerifyElementTextKeyword.groovy)
	at com.kms.katalon.core.webui.keyword.internal.WebUIKeywordMain.runKeyword(WebUIKeywordMain.groovy:35)
	... 20 more]]></system-err>
      </testcase>
      <testcase name="Test Cases/Specific Cases/LS/Client Profile/Client Profile" time="24.606" classname="Test Cases/Specific Cases/LS/Client Profile/Client Profile" status="FAILED">
         <failure type="FAILED" message="Test Cases/Specific Cases/LS/Client Profile/Client Profile FAILED.&#xa;Reason:&#xa;com.kms.katalon.core.exception.StepFailedException: Verify element text of test object 'Object Repository/Specific Cases Repository/LS/Client Profile/Client Profile/Page_Client Profile/div_Future Automation Test 1.2 Automaticall_19fd63' FAILED.&#xa;	at com.kms.katalon.core.webui.keyword.internal.WebUIKeywordMain.stepFailed(WebUIKeywordMain.groovy:117)&#xa;	at com.kms.katalon.core.webui.keyword.internal.WebUIKeywordMain.runKeyword(WebUIKeywordMain.groovy:43)&#xa;	at com.kms.katalon.core.webui.keyword.builtin.VerifyElementTextKeyword.verifyElementText(VerifyElementTextKeyword.groovy:72)&#xa;	at com.kms.katalon.core.webui.keyword.builtin.VerifyElementTextKeyword.execute(VerifyElementTextKeyword.groovy:40)&#xa;	at com.kms.katalon.core.keyword.internal.KeywordExecutor.executeKeywordForPlatform(KeywordExecutor.groovy:74)&#xa;	at com.kms.katalon.core.webui.keyword.WebUiBuiltInKeywords.verifyElementText(WebUiBuiltInKeywords.groovy:4835)&#xa;	at Client Profile.run(Client Profile:63)&#xa;	at com.kms.katalon.core.main.ScriptEngine.run(ScriptEngine.java:194)&#xa;	at com.kms.katalon.core.main.ScriptEngine.runScriptAsRawText(ScriptEngine.java:119)&#xa;	at com.kms.katalon.core.main.TestCaseExecutor.runScript(TestCaseExecutor.java:448)&#xa;	at com.kms.katalon.core.main.TestCaseExecutor.doExecute(TestCaseExecutor.java:439)&#xa;	at com.kms.katalon.core.main.TestCaseExecutor.processExecutionPhase(TestCaseExecutor.java:418)&#xa;	at com.kms.katalon.core.main.TestCaseExecutor.accessMainPhase(TestCaseExecutor.java:410)&#xa;	at com.kms.katalon.core.main.TestCaseExecutor.execute(TestCaseExecutor.java:285)&#xa;	at com.kms.katalon.core.common.CommonExecutor.accessTestCaseMainPhase(CommonExecutor.java:65)&#xa;	at com.kms.katalon.core.main.TestSuiteExecutor.accessTestSuiteMainPhase(TestSuiteExecutor.java:150)&#xa;	at com.kms.katalon.core.main.TestSuiteExecutor.execute(TestSuiteExecutor.java:106)&#xa;	at com.kms.katalon.core.main.TestCaseMain.startTestSuite(TestCaseMain.java:180)&#xa;	at TempTestSuite1732726653928.run(TempTestSuite1732726653928.groovy:35)&#xa;	at java.base/jdk.internal.reflect.NativeMethodAccessorImpl.invoke0(Native Method)&#xa;	at java.base/jdk.internal.reflect.NativeMethodAccessorImpl.invoke(NativeMethodAccessorImpl.java:77)&#xa;	at java.base/jdk.internal.reflect.DelegatingMethodAccessorImpl.invoke(DelegatingMethodAccessorImpl.java:43)&#xa;Caused by: com.kms.katalon.core.exception.StepFailedException: Actual text 'Case Note' and expected text 'Future Automation Test 1.2 Automatically Enroll Clients in Selected Location/Program(s)' of test object 'Object Repository/Specific Cases Repository/LS/Client Profile/Client Profile/Page_Client Profile/div_Future Automation Test 1.2 Automaticall_19fd63' are NOT matched.&#xa;	at com.kms.katalon.core.webui.keyword.internal.WebUIKeywordMain.stepFailed(WebUIKeywordMain.groovy:117)&#xa;	at com.kms.katalon.core.webui.keyword.builtin.VerifyElementTextKeyword$_verifyElementText_closure1.doCall(VerifyElementTextKeyword.groovy:57)&#xa;	at com.kms.katalon.core.webui.keyword.builtin.VerifyElementTextKeyword$_verifyElementText_closure1.call(VerifyElementTextKeyword.groovy)&#xa;	at com.kms.katalon.core.webui.keyword.internal.WebUIKeywordMain.runKeyword(WebUIKeywordMain.groovy:35)&#xa;	... 20 more&#xa;"/>
         <system-out><![CDATA[27-11-2024T12:19:02 - [TEST_CASE][FAILED] - Test Cases/Specific Cases/LS/Client Profile/Client Profile: Test Cases/Specific Cases/LS/Client Profile/Client Profile FAILED.
Reason:
com.kms.katalon.core.exception.StepFailedException: Verify element text of test object 'Object Repository/Specific Cases Repository/LS/Client Profile/Client Profile/Page_Client Profile/div_Future Automation Test 1.2 Automaticall_19fd63' FAILED.
	at com.kms.katalon.core.webui.keyword.internal.WebUIKeywordMain.stepFailed(WebUIKeywordMain.groovy:117)
	at com.kms.katalon.core.webui.keyword.internal.WebUIKeywordMain.runKeyword(WebUIKeywordMain.groovy:43)
	at com.kms.katalon.core.webui.keyword.builtin.VerifyElementTextKeyword.verifyElementText(VerifyElementTextKeyword.groovy:72)
	at com.kms.katalon.core.webui.keyword.builtin.VerifyElementTextKeyword.execute(VerifyElementTextKeyword.groovy:40)
	at com.kms.katalon.core.keyword.internal.KeywordExecutor.executeKeywordForPlatform(KeywordExecutor.groovy:74)
	at com.kms.katalon.core.webui.keyword.WebUiBuiltInKeywords.verifyElementText(WebUiBuiltInKeywords.groovy:4835)
	at Client Profile.run(Client Profile:63)
	at com.kms.katalon.core.main.ScriptEngine.run(ScriptEngine.java:194)
	at com.kms.katalon.core.main.ScriptEngine.runScriptAsRawText(ScriptEngine.java:119)
	at com.kms.katalon.core.main.TestCaseExecutor.runScript(TestCaseExecutor.java:448)
	at com.kms.katalon.core.main.TestCaseExecutor.doExecute(TestCaseExecutor.java:439)
	at com.kms.katalon.core.main.TestCaseExecutor.processExecutionPhase(TestCaseExecutor.java:418)
	at com.kms.katalon.core.main.TestCaseExecutor.accessMainPhase(TestCaseExecutor.java:410)
	at com.kms.katalon.core.main.TestCaseExecutor.execute(TestCaseExecutor.java:285)
	at com.kms.katalon.core.common.CommonExecutor.accessTestCaseMainPhase(CommonExecutor.java:65)
	at com.kms.katalon.core.main.TestSuiteExecutor.accessTestSuiteMainPhase(TestSuiteExecutor.java:150)
	at com.kms.katalon.core.main.TestSuiteExecutor.execute(TestSuiteExecutor.java:106)
	at com.kms.katalon.core.main.TestCaseMain.startTestSuite(TestCaseMain.java:180)
	at TempTestSuite1732726653928.run(TempTestSuite1732726653928.groovy:35)
	at java.base/jdk.internal.reflect.NativeMethodAccessorImpl.invoke0(Native Method)
	at java.base/jdk.internal.reflect.NativeMethodAccessorImpl.invoke(NativeMethodAccessorImpl.java:77)
	at java.base/jdk.internal.reflect.DelegatingMethodAccessorImpl.invoke(DelegatingMethodAccessorImpl.java:43)
Caused by: com.kms.katalon.core.exception.StepFailedException: Actual text 'Case Note' and expected text 'Future Automation Test 1.2 Automatically Enroll Clients in Selected Location/Program(s)' of test object 'Object Repository/Specific Cases Repository/LS/Client Profile/Client Profile/Page_Client Profile/div_Future Automation Test 1.2 Automaticall_19fd63' are NOT matched.
	at com.kms.katalon.core.webui.keyword.internal.WebUIKeywordMain.stepFailed(WebUIKeywordMain.groovy:117)
	at com.kms.katalon.core.webui.keyword.builtin.VerifyElementTextKeyword$_verifyElementText_closure1.doCall(VerifyElementTextKeyword.groovy:57)
	at com.kms.katalon.core.webui.keyword.builtin.VerifyElementTextKeyword$_verifyElementText_closure1.call(VerifyElementTextKeyword.groovy)
	at com.kms.katalon.core.webui.keyword.internal.WebUIKeywordMain.runKeyword(WebUIKeywordMain.groovy:35)
	... 20 more


27-11-2024T12:19:02 - [TEST_STEP][PASSED] - callTestCase(findTestCase("Common Cases/Login"), [:], STOP_ON_FAILURE): Call Test Case 'Test Cases/Common Cases/Login' successfully

27-11-2024T12:19:02 - [TEST_CASE][PASSED] - Test Cases/Common Cases/Login: Test Cases/Common Cases/Login

27-11-2024T12:19:02 - [TEST_STEP][PASSED] - openBrowser(""): Browser is opened with url: ''

27-11-2024T12:19:02 - [MESSAGE][WARNING] - A browser is already opened. Closing browser and opening a new one

27-11-2024T12:19:02 - [MESSAGE][INFO] - Starting 'Chrome' driver

27-11-2024T12:19:02 - [MESSAGE][INFO] - Action delay is set to 0 milliseconds

27-11-2024T12:19:03 - [MESSAGE][PASSED] - Browser is opened with url: ''

27-11-2024T12:19:03 - [TEST_STEP][PASSED] - maximizeWindow(): Current window maximized

27-11-2024T12:19:03 - [MESSAGE][PASSED] - Current window maximized

27-11-2024T12:19:03 - [TEST_STEP][PASSED] - navigateToUrl("https://site17.lsapp.cloud/auth/login"): Navigate to 'https://site17.lsapp.cloud/auth/login' successfully

27-11-2024T12:19:06 - [MESSAGE][PASSED] - Navigate to 'https://site17.lsapp.cloud/auth/login' successfully

27-11-2024T12:19:06 - [TEST_STEP][PASSED] - setText(findTestObject("Object Repository/Common Cases Repository/Login/Page_Lightning Step/input_Email_email"), "automation@lightningstep.com"): Text 'automation@lightningstep.com' is set on object 'Object Repository/Common Cases Repository/Login/Page_Lightning Step/input_Email_email'

27-11-2024T12:19:06 - [MESSAGE][PASSED] - Text 'automation@lightningstep.com' is set on object 'Object Repository/Common Cases Repository/Login/Page_Lightning Step/input_Email_email'

27-11-2024T12:19:06 - [TEST_STEP][PASSED] - setEncryptedText(findTestObject("Object Repository/Common Cases Repository/Login/Page_Lightning Step/input_Password_password"), "e5N8VHmnhJDITtQaQhDQDw=="): Text ****** has been set on object 'Object Repository/Common Cases Repository/Login/Page_Lightning Step/input_Password_password'

27-11-2024T12:19:07 - [MESSAGE][PASSED] - Text ****** has been set on object 'Object Repository/Common Cases Repository/Login/Page_Lightning Step/input_Password_password'

27-11-2024T12:19:07 - [TEST_STEP][PASSED] - click(findTestObject("Object Repository/Common Cases Repository/Login/Page_Lightning Step/button_Sign in")): Object: 'Object Repository/Common Cases Repository/Login/Page_Lightning Step/button_Sign in' is clicked on

27-11-2024T12:19:15 - [MESSAGE][PASSED] - Object: 'Object Repository/Common Cases Repository/Login/Page_Lightning Step/button_Sign in' is clicked on

27-11-2024T12:19:15 - [MESSAGE][PASSED] - Call Test Case 'Test Cases/Common Cases/Login' successfully

27-11-2024T12:19:15 - [TEST_STEP][PASSED] - navigateToUrl("https://site17.lsapp.cloud/client/index/1557?section=clientprofile"): Navigate to 'https://site17.lsapp.cloud/client/index/1557?section=clientprofile' successfully

27-11-2024T12:19:22 - [MESSAGE][PASSED] - Navigate to 'https://site17.lsapp.cloud/client/index/1557?section=clientprofile' successfully

27-11-2024T12:19:22 - [TEST_STEP][PASSED] - verifyElementText(findTestObject("Object Repository/Specific Cases Repository/LS/Client Profile/Client Profile/Page_Client Profile/div_01022001"), "01/02/2001"): Actual text and expected text of test object 'Object Repository/Specific Cases Repository/LS/Client Profile/Client Profile/Page_Client Profile/div_01022001' are matched.

27-11-2024T12:19:23 - [MESSAGE][PASSED] - Actual text and expected text of test object 'Object Repository/Specific Cases Repository/LS/Client Profile/Client Profile/Page_Client Profile/div_01022001' are matched.

27-11-2024T12:19:23 - [TEST_STEP][PASSED] - verifyElementText(findTestObject("Object Repository/Specific Cases Repository/LS/Client Profile/Client Profile/Page_Client Profile/div_24-11007"), "24-11007"): Actual text and expected text of test object 'Object Repository/Specific Cases Repository/LS/Client Profile/Client Profile/Page_Client Profile/div_24-11007' are matched.

27-11-2024T12:19:23 - [MESSAGE][PASSED] - Actual text and expected text of test object 'Object Repository/Specific Cases Repository/LS/Client Profile/Client Profile/Page_Client Profile/div_24-11007' are matched.

27-11-2024T12:19:23 - [TEST_STEP][PASSED] - verifyElementText(findTestObject("Object Repository/Specific Cases Repository/LS/Client Profile/Client Profile/Page_Client Profile/div_Dog Treatment Center"), "Dog Treatment Center"): Actual text and expected text of test object 'Object Repository/Specific Cases Repository/LS/Client Profile/Client Profile/Page_Client Profile/div_Dog Treatment Center' are matched.

27-11-2024T12:19:23 - [MESSAGE][PASSED] - Actual text and expected text of test object 'Object Repository/Specific Cases Repository/LS/Client Profile/Client Profile/Page_Client Profile/div_Dog Treatment Center' are matched.

27-11-2024T12:19:23 - [TEST_STEP][PASSED] - verifyElementText(findTestObject("Object Repository/Specific Cases Repository/LS/Client Profile/Client Profile/Page_Client Profile/div_Detoxification"), "Detoxification"): Actual text and expected text of test object 'Object Repository/Specific Cases Repository/LS/Client Profile/Client Profile/Page_Client Profile/div_Detoxification' are matched.

27-11-2024T12:19:24 - [MESSAGE][PASSED] - Actual text and expected text of test object 'Object Repository/Specific Cases Repository/LS/Client Profile/Client Profile/Page_Client Profile/div_Detoxification' are matched.

27-11-2024T12:19:24 - [TEST_STEP][PASSED] - verifyElementText(findTestObject("Object Repository/Specific Cases Repository/LS/Client Profile/Client Profile/Page_Client Profile/div_08282024"), "08/28/2024"): Actual text and expected text of test object 'Object Repository/Specific Cases Repository/LS/Client Profile/Client Profile/Page_Client Profile/div_08282024' are matched.

27-11-2024T12:19:24 - [MESSAGE][PASSED] - Actual text and expected text of test object 'Object Repository/Specific Cases Repository/LS/Client Profile/Client Profile/Page_Client Profile/div_08282024' are matched.

27-11-2024T12:19:24 - [TEST_STEP][PASSED] - verifyElementText(findTestObject("Object Repository/Specific Cases Repository/LS/Client Profile/Client Profile/Page_Client Profile/div_23"), "23"): Actual text and expected text of test object 'Object Repository/Specific Cases Repository/LS/Client Profile/Client Profile/Page_Client Profile/div_23' are matched.

27-11-2024T12:19:24 - [MESSAGE][PASSED] - Actual text and expected text of test object 'Object Repository/Specific Cases Repository/LS/Client Profile/Client Profile/Page_Client Profile/div_23' are matched.

27-11-2024T12:19:24 - [TEST_STEP][PASSED] - verifyElementText(findTestObject("Object Repository/Specific Cases Repository/LS/Client Profile/Client Profile/Page_Client Profile/div_Female"), "Female"): Actual text and expected text of test object 'Object Repository/Specific Cases Repository/LS/Client Profile/Client Profile/Page_Client Profile/div_Female' are matched.

27-11-2024T12:19:24 - [MESSAGE][PASSED] - Actual text and expected text of test object 'Object Repository/Specific Cases Repository/LS/Client Profile/Client Profile/Page_Client Profile/div_Female' are matched.

27-11-2024T12:19:24 - [TEST_STEP][PASSED] - verifyElementText(findTestObject("Object Repository/Specific Cases Repository/LS/Client Profile/Client Profile/Page_Client Profile/div_Automation Test"), "Automation Test"): Actual text and expected text of test object 'Object Repository/Specific Cases Repository/LS/Client Profile/Client Profile/Page_Client Profile/div_Automation Test' are matched.

27-11-2024T12:19:25 - [MESSAGE][PASSED] - Actual text and expected text of test object 'Object Repository/Specific Cases Repository/LS/Client Profile/Client Profile/Page_Client Profile/div_Automation Test' are matched.

27-11-2024T12:19:25 - [TEST_STEP][PASSED] - verifyElementText(findTestObject("Object Repository/Specific Cases Repository/LS/Client Profile/Client Profile/Page_Client Profile/div_(833) 957-2888"), "(833) 957-2888"): Actual text and expected text of test object 'Object Repository/Specific Cases Repository/LS/Client Profile/Client Profile/Page_Client Profile/div_(833) 957-2888' are matched.

27-11-2024T12:19:25 - [MESSAGE][PASSED] - Actual text and expected text of test object 'Object Repository/Specific Cases Repository/LS/Client Profile/Client Profile/Page_Client Profile/div_(833) 957-2888' are matched.

27-11-2024T12:19:25 - [TEST_STEP][PASSED] - verifyElementText(findTestObject("Object Repository/Specific Cases Repository/LS/Client Profile/Client Profile/Page_Client Profile/div_B2automation.com"), "B2@automation.com"): Actual text and expected text of test object 'Object Repository/Specific Cases Repository/LS/Client Profile/Client Profile/Page_Client Profile/div_B2automation.com' are matched.

27-11-2024T12:19:25 - [MESSAGE][PASSED] - Actual text and expected text of test object 'Object Repository/Specific Cases Repository/LS/Client Profile/Client Profile/Page_Client Profile/div_B2automation.com' are matched.

27-11-2024T12:19:25 - [TEST_STEP][PASSED] - verifyElementText(findTestObject("Object Repository/Specific Cases Repository/LS/Client Profile/Client Profile/Page_Client Profile/div_B Parent B Client"), "B Parent B Client"): Actual text and expected text of test object 'Object Repository/Specific Cases Repository/LS/Client Profile/Client Profile/Page_Client Profile/div_B Parent B Client' are matched.

27-11-2024T12:19:26 - [MESSAGE][PASSED] - Actual text and expected text of test object 'Object Repository/Specific Cases Repository/LS/Client Profile/Client Profile/Page_Client Profile/div_B Parent B Client' are matched.

27-11-2024T12:19:26 - [TEST_STEP][PASSED] - verifyElementText(findTestObject("Object Repository/Specific Cases Repository/LS/Client Profile/Client Profile/Page_Client Profile/div_Parent or Guardian"), "Parent or Guardian"): Actual text and expected text of test object 'Object Repository/Specific Cases Repository/LS/Client Profile/Client Profile/Page_Client Profile/div_Parent or Guardian' are matched.

27-11-2024T12:19:26 - [MESSAGE][PASSED] - Actual text and expected text of test object 'Object Repository/Specific Cases Repository/LS/Client Profile/Client Profile/Page_Client Profile/div_Parent or Guardian' are matched.

27-11-2024T12:19:26 - [TEST_STEP][PASSED] - verifyElementText(findTestObject("Object Repository/Specific Cases Repository/LS/Client Profile/Client Profile/Page_Client Profile/div_Future Automation Test with B Automatio_ed8b34"), "Future Automation Test with B Automation, B Client MR# 24-11007: 5 Panel Drug Screen"): Actual text and expected text of test object 'Object Repository/Specific Cases Repository/LS/Client Profile/Client Profile/Page_Client Profile/div_Future Automation Test with B Automatio_ed8b34' are matched.

27-11-2024T12:19:26 - [MESSAGE][PASSED] - Actual text and expected text of test object 'Object Repository/Specific Cases Repository/LS/Client Profile/Client Profile/Page_Client Profile/div_Future Automation Test with B Automatio_ed8b34' are matched.

27-11-2024T12:19:26 - [TEST_STEP][FAILED] - verifyElementText(findTestObject("Object Repository/Specific Cases Repository/LS/Client Profile/Client Profile/Page_Client Profile/div_Future Automation Test 1.2 Automaticall_19fd63"), "Future Automation Test 1.2 Automatically Enroll Clients in Selected Location/Program(s)"): Verify element text of test object 'Object Repository/Specific Cases Repository/LS/Client Profile/Client Profile/Page_Client Profile/div_Future Automation Test 1.2 Automaticall_19fd63' FAILED. (Root cause: com.kms.katalon.core.exception.StepFailedException: Verify element text of test object 'Object Repository/Specific Cases Repository/LS/Client Profile/Client Profile/Page_Client Profile/div_Future Automation Test 1.2 Automaticall_19fd63' FAILED.
	at com.kms.katalon.core.webui.keyword.internal.WebUIKeywordMain.stepFailed(WebUIKeywordMain.groovy:117)
	at com.kms.katalon.core.webui.keyword.internal.WebUIKeywordMain.runKeyword(WebUIKeywordMain.groovy:43)
	at com.kms.katalon.core.webui.keyword.builtin.VerifyElementTextKeyword.verifyElementText(VerifyElementTextKeyword.groovy:72)
	at com.kms.katalon.core.webui.keyword.builtin.VerifyElementTextKeyword.execute(VerifyElementTextKeyword.groovy:40)
	at com.kms.katalon.core.keyword.internal.KeywordExecutor.executeKeywordForPlatform(KeywordExecutor.groovy:74)
	at com.kms.katalon.core.webui.keyword.WebUiBuiltInKeywords.verifyElementText(WebUiBuiltInKeywords.groovy:4835)
	at Client Profile.run(Client Profile:63)
	at com.kms.katalon.core.main.ScriptEngine.run(ScriptEngine.java:194)
	at com.kms.katalon.core.main.ScriptEngine.runScriptAsRawText(ScriptEngine.java:119)
	at com.kms.katalon.core.main.TestCaseExecutor.runScript(TestCaseExecutor.java:448)
	at com.kms.katalon.core.main.TestCaseExecutor.doExecute(TestCaseExecutor.java:439)
	at com.kms.katalon.core.main.TestCaseExecutor.processExecutionPhase(TestCaseExecutor.java:418)
	at com.kms.katalon.core.main.TestCaseExecutor.accessMainPhase(TestCaseExecutor.java:410)
	at com.kms.katalon.core.main.TestCaseExecutor.execute(TestCaseExecutor.java:285)
	at com.kms.katalon.core.common.CommonExecutor.accessTestCaseMainPhase(CommonExecutor.java:65)
	at com.kms.katalon.core.main.TestSuiteExecutor.accessTestSuiteMainPhase(TestSuiteExecutor.java:150)
	at com.kms.katalon.core.main.TestSuiteExecutor.execute(TestSuiteExecutor.java:106)
	at com.kms.katalon.core.main.TestCaseMain.startTestSuite(TestCaseMain.java:180)
	at TempTestSuite1732726653928.run(TempTestSuite1732726653928.groovy:35)
	at java.base/jdk.internal.reflect.NativeMethodAccessorImpl.invoke0(Native Method)
	at java.base/jdk.internal.reflect.NativeMethodAccessorImpl.invoke(NativeMethodAccessorImpl.java:77)
	at java.base/jdk.internal.reflect.DelegatingMethodAccessorImpl.invoke(DelegatingMethodAccessorImpl.java:43)
Caused by: com.kms.katalon.core.exception.StepFailedException: Actual text 'Case Note' and expected text 'Future Automation Test 1.2 Automatically Enroll Clients in Selected Location/Program(s)' of test object 'Object Repository/Specific Cases Repository/LS/Client Profile/Client Profile/Page_Client Profile/div_Future Automation Test 1.2 Automaticall_19fd63' are NOT matched.
	at com.kms.katalon.core.webui.keyword.internal.WebUIKeywordMain.stepFailed(WebUIKeywordMain.groovy:117)
	at com.kms.katalon.core.webui.keyword.builtin.VerifyElementTextKeyword$_verifyElementText_closure1.doCall(VerifyElementTextKeyword.groovy:57)
	at com.kms.katalon.core.webui.keyword.builtin.VerifyElementTextKeyword$_verifyElementText_closure1.call(VerifyElementTextKeyword.groovy)
	at com.kms.katalon.core.webui.keyword.internal.WebUIKeywordMain.runKeyword(WebUIKeywordMain.groovy:35)
	... 20 more
)

27-11-2024T12:19:27 - [MESSAGE][FAILED] - Actual text 'Case Note' and expected text 'Future Automation Test 1.2 Automatically Enroll Clients in Selected Location/Program(s)' of test object 'Object Repository/Specific Cases Repository/LS/Client Profile/Client Profile/Page_Client Profile/div_Future Automation Test 1.2 Automaticall_19fd63' are NOT matched. (Root cause: com.kms.katalon.core.exception.StepFailedException: Actual text 'Case Note' and expected text 'Future Automation Test 1.2 Automatically Enroll Clients in Selected Location/Program(s)' of test object 'Object Repository/Specific Cases Repository/LS/Client Profile/Client Profile/Page_Client Profile/div_Future Automation Test 1.2 Automaticall_19fd63' are NOT matched.
	at com.kms.katalon.core.webui.keyword.internal.WebUIKeywordMain.stepFailed(WebUIKeywordMain.groovy:117)
	at com.kms.katalon.core.webui.keyword.builtin.VerifyElementTextKeyword$_verifyElementText_closure1.doCall(VerifyElementTextKeyword.groovy:57)
	at com.kms.katalon.core.webui.keyword.builtin.VerifyElementTextKeyword$_verifyElementText_closure1.call(VerifyElementTextKeyword.groovy)
	at com.kms.katalon.core.webui.keyword.internal.WebUIKeywordMain.runKeyword(WebUIKeywordMain.groovy:35)
	at com.kms.katalon.core.webui.keyword.builtin.VerifyElementTextKeyword.verifyElementText(VerifyElementTextKeyword.groovy:72)
	at com.kms.katalon.core.webui.keyword.builtin.VerifyElementTextKeyword.execute(VerifyElementTextKeyword.groovy:40)
	at com.kms.katalon.core.keyword.internal.KeywordExecutor.executeKeywordForPlatform(KeywordExecutor.groovy:74)
	at com.kms.katalon.core.webui.keyword.WebUiBuiltInKeywords.verifyElementText(WebUiBuiltInKeywords.groovy:4835)
	at Client Profile.run(Client Profile:63)
	at com.kms.katalon.core.main.ScriptEngine.run(ScriptEngine.java:194)
	at com.kms.katalon.core.main.ScriptEngine.runScriptAsRawText(ScriptEngine.java:119)
	at com.kms.katalon.core.main.TestCaseExecutor.runScript(TestCaseExecutor.java:448)
	at com.kms.katalon.core.main.TestCaseExecutor.doExecute(TestCaseExecutor.java:439)
	at com.kms.katalon.core.main.TestCaseExecutor.processExecutionPhase(TestCaseExecutor.java:418)
	at com.kms.katalon.core.main.TestCaseExecutor.accessMainPhase(TestCaseExecutor.java:410)
	at com.kms.katalon.core.main.TestCaseExecutor.execute(TestCaseExecutor.java:285)
	at com.kms.katalon.core.common.CommonExecutor.accessTestCaseMainPhase(CommonExecutor.java:65)
	at com.kms.katalon.core.main.TestSuiteExecutor.accessTestSuiteMainPhase(TestSuiteExecutor.java:150)
	at com.kms.katalon.core.main.TestSuiteExecutor.execute(TestSuiteExecutor.java:106)
	at com.kms.katalon.core.main.TestCaseMain.startTestSuite(TestCaseMain.java:180)
	at TempTestSuite1732726653928.run(TempTestSuite1732726653928.groovy:35)
	at java.base/jdk.internal.reflect.NativeMethodAccessorImpl.invoke0(Native Method)
	at java.base/jdk.internal.reflect.NativeMethodAccessorImpl.invoke(NativeMethodAccessorImpl.java:77)
	at java.base/jdk.internal.reflect.DelegatingMethodAccessorImpl.invoke(DelegatingMethodAccessorImpl.java:43)
)
[[ATTACHMENT|C:\\Users\\Enrique\\git\\AUTOMATION_LS\\Reports\\20241127_115725\\LS\\Client Profile\\Client Profile\\20241127_115733\\1732727966933.png]]

27-11-2024T12:19:27 - [MESSAGE][FAILED] - Verify element text of test object 'Object Repository/Specific Cases Repository/LS/Client Profile/Client Profile/Page_Client Profile/div_Future Automation Test 1.2 Automaticall_19fd63' FAILED. (Root cause: com.kms.katalon.core.exception.StepFailedException: Verify element text of test object 'Object Repository/Specific Cases Repository/LS/Client Profile/Client Profile/Page_Client Profile/div_Future Automation Test 1.2 Automaticall_19fd63' FAILED.
	at com.kms.katalon.core.webui.keyword.internal.WebUIKeywordMain.stepFailed(WebUIKeywordMain.groovy:117)
	at com.kms.katalon.core.webui.keyword.internal.WebUIKeywordMain.runKeyword(WebUIKeywordMain.groovy:43)
	at com.kms.katalon.core.webui.keyword.builtin.VerifyElementTextKeyword.verifyElementText(VerifyElementTextKeyword.groovy:72)
	at com.kms.katalon.core.webui.keyword.builtin.VerifyElementTextKeyword.execute(VerifyElementTextKeyword.groovy:40)
	at com.kms.katalon.core.keyword.internal.KeywordExecutor.executeKeywordForPlatform(KeywordExecutor.groovy:74)
	at com.kms.katalon.core.webui.keyword.WebUiBuiltInKeywords.verifyElementText(WebUiBuiltInKeywords.groovy:4835)
	at Client Profile.run(Client Profile:63)
	at com.kms.katalon.core.main.ScriptEngine.run(ScriptEngine.java:194)
	at com.kms.katalon.core.main.ScriptEngine.runScriptAsRawText(ScriptEngine.java:119)
	at com.kms.katalon.core.main.TestCaseExecutor.runScript(TestCaseExecutor.java:448)
	at com.kms.katalon.core.main.TestCaseExecutor.doExecute(TestCaseExecutor.java:439)
	at com.kms.katalon.core.main.TestCaseExecutor.processExecutionPhase(TestCaseExecutor.java:418)
	at com.kms.katalon.core.main.TestCaseExecutor.accessMainPhase(TestCaseExecutor.java:410)
	at com.kms.katalon.core.main.TestCaseExecutor.execute(TestCaseExecutor.java:285)
	at com.kms.katalon.core.common.CommonExecutor.accessTestCaseMainPhase(CommonExecutor.java:65)
	at com.kms.katalon.core.main.TestSuiteExecutor.accessTestSuiteMainPhase(TestSuiteExecutor.java:150)
	at com.kms.katalon.core.main.TestSuiteExecutor.execute(TestSuiteExecutor.java:106)
	at com.kms.katalon.core.main.TestCaseMain.startTestSuite(TestCaseMain.java:180)
	at TempTestSuite1732726653928.run(TempTestSuite1732726653928.groovy:35)
	at java.base/jdk.internal.reflect.NativeMethodAccessorImpl.invoke0(Native Method)
	at java.base/jdk.internal.reflect.NativeMethodAccessorImpl.invoke(NativeMethodAccessorImpl.java:77)
	at java.base/jdk.internal.reflect.DelegatingMethodAccessorImpl.invoke(DelegatingMethodAccessorImpl.java:43)
Caused by: com.kms.katalon.core.exception.StepFailedException: Actual text 'Case Note' and expected text 'Future Automation Test 1.2 Automatically Enroll Clients in Selected Location/Program(s)' of test object 'Object Repository/Specific Cases Repository/LS/Client Profile/Client Profile/Page_Client Profile/div_Future Automation Test 1.2 Automaticall_19fd63' are NOT matched.
	at com.kms.katalon.core.webui.keyword.internal.WebUIKeywordMain.stepFailed(WebUIKeywordMain.groovy:117)
	at com.kms.katalon.core.webui.keyword.builtin.VerifyElementTextKeyword$_verifyElementText_closure1.doCall(VerifyElementTextKeyword.groovy:57)
	at com.kms.katalon.core.webui.keyword.builtin.VerifyElementTextKeyword$_verifyElementText_closure1.call(VerifyElementTextKeyword.groovy)
	at com.kms.katalon.core.webui.keyword.internal.WebUIKeywordMain.runKeyword(WebUIKeywordMain.groovy:35)
	... 20 more
)
[[ATTACHMENT|C:\\Users\\Enrique\\git\\AUTOMATION_LS\\Reports\\20241127_115725\\LS\\Client Profile\\Client Profile\\20241127_115733\\1732727967069.png]]]]></system-out>
         <system-err><![CDATA[27-11-2024T12:19:02 - [TEST_CASE][FAILED] - Test Cases/Specific Cases/LS/Client Profile/Client Profile: Test Cases/Specific Cases/LS/Client Profile/Client Profile FAILED.
Reason:
com.kms.katalon.core.exception.StepFailedException: Verify element text of test object 'Object Repository/Specific Cases Repository/LS/Client Profile/Client Profile/Page_Client Profile/div_Future Automation Test 1.2 Automaticall_19fd63' FAILED.
	at com.kms.katalon.core.webui.keyword.internal.WebUIKeywordMain.stepFailed(WebUIKeywordMain.groovy:117)
	at com.kms.katalon.core.webui.keyword.internal.WebUIKeywordMain.runKeyword(WebUIKeywordMain.groovy:43)
	at com.kms.katalon.core.webui.keyword.builtin.VerifyElementTextKeyword.verifyElementText(VerifyElementTextKeyword.groovy:72)
	at com.kms.katalon.core.webui.keyword.builtin.VerifyElementTextKeyword.execute(VerifyElementTextKeyword.groovy:40)
	at com.kms.katalon.core.keyword.internal.KeywordExecutor.executeKeywordForPlatform(KeywordExecutor.groovy:74)
	at com.kms.katalon.core.webui.keyword.WebUiBuiltInKeywords.verifyElementText(WebUiBuiltInKeywords.groovy:4835)
	at Client Profile.run(Client Profile:63)
	at com.kms.katalon.core.main.ScriptEngine.run(ScriptEngine.java:194)
	at com.kms.katalon.core.main.ScriptEngine.runScriptAsRawText(ScriptEngine.java:119)
	at com.kms.katalon.core.main.TestCaseExecutor.runScript(TestCaseExecutor.java:448)
	at com.kms.katalon.core.main.TestCaseExecutor.doExecute(TestCaseExecutor.java:439)
	at com.kms.katalon.core.main.TestCaseExecutor.processExecutionPhase(TestCaseExecutor.java:418)
	at com.kms.katalon.core.main.TestCaseExecutor.accessMainPhase(TestCaseExecutor.java:410)
	at com.kms.katalon.core.main.TestCaseExecutor.execute(TestCaseExecutor.java:285)
	at com.kms.katalon.core.common.CommonExecutor.accessTestCaseMainPhase(CommonExecutor.java:65)
	at com.kms.katalon.core.main.TestSuiteExecutor.accessTestSuiteMainPhase(TestSuiteExecutor.java:150)
	at com.kms.katalon.core.main.TestSuiteExecutor.execute(TestSuiteExecutor.java:106)
	at com.kms.katalon.core.main.TestCaseMain.startTestSuite(TestCaseMain.java:180)
	at TempTestSuite1732726653928.run(TempTestSuite1732726653928.groovy:35)
	at java.base/jdk.internal.reflect.NativeMethodAccessorImpl.invoke0(Native Method)
	at java.base/jdk.internal.reflect.NativeMethodAccessorImpl.invoke(NativeMethodAccessorImpl.java:77)
	at java.base/jdk.internal.reflect.DelegatingMethodAccessorImpl.invoke(DelegatingMethodAccessorImpl.java:43)
Caused by: com.kms.katalon.core.exception.StepFailedException: Actual text 'Case Note' and expected text 'Future Automation Test 1.2 Automatically Enroll Clients in Selected Location/Program(s)' of test object 'Object Repository/Specific Cases Repository/LS/Client Profile/Client Profile/Page_Client Profile/div_Future Automation Test 1.2 Automaticall_19fd63' are NOT matched.
	at com.kms.katalon.core.webui.keyword.internal.WebUIKeywordMain.stepFailed(WebUIKeywordMain.groovy:117)
	at com.kms.katalon.core.webui.keyword.builtin.VerifyElementTextKeyword$_verifyElementText_closure1.doCall(VerifyElementTextKeyword.groovy:57)
	at com.kms.katalon.core.webui.keyword.builtin.VerifyElementTextKeyword$_verifyElementText_closure1.call(VerifyElementTextKeyword.groovy)
	at com.kms.katalon.core.webui.keyword.internal.WebUIKeywordMain.runKeyword(WebUIKeywordMain.groovy:35)
	... 20 more]]></system-err>
      </testcase>
      <system-out><![CDATA[27-11-2024T11:57:55 - [TEST_SUITE][FAILED] - Client Profile: Test Cases/Specific Cases/LS/Client Profile/Lab Orders FAILED.
Reason:
com.kms.katalon.core.exception.StepFailedException: Verify element text of test object 'Object Repository/Specific Cases Repository/LS/Client Profile/Lab Orders/Page_Lab Order/p_Successfully submitted Lab Order' FAILED.
	at com.kms.katalon.core.webui.keyword.internal.WebUIKeywordMain.stepFailed(WebUIKeywordMain.groovy:117)
	at com.kms.katalon.core.webui.keyword.internal.WebUIKeywordMain.runKeyword(WebUIKeywordMain.groovy:43)
	at com.kms.katalon.core.webui.keyword.builtin.VerifyElementTextKeyword.verifyElementText(VerifyElementTextKeyword.groovy:72)
	at com.kms.katalon.core.webui.keyword.builtin.VerifyElementTextKeyword.execute(VerifyElementTextKeyword.groovy:40)
	at com.kms.katalon.core.keyword.internal.KeywordExecutor.executeKeywordForPlatform(KeywordExecutor.groovy:74)
	at com.kms.katalon.core.webui.keyword.WebUiBuiltInKeywords.verifyElementText(WebUiBuiltInKeywords.groovy:4835)
	at Lab Orders.run(Lab Orders:70)
	at com.kms.katalon.core.main.ScriptEngine.run(ScriptEngine.java:194)
	at com.kms.katalon.core.main.ScriptEngine.runScriptAsRawText(ScriptEngine.java:119)
	at com.kms.katalon.core.main.TestCaseExecutor.runScript(TestCaseExecutor.java:448)
	at com.kms.katalon.core.main.TestCaseExecutor.doExecute(TestCaseExecutor.java:439)
	at com.kms.katalon.core.main.TestCaseExecutor.processExecutionPhase(TestCaseExecutor.java:418)
	at com.kms.katalon.core.main.TestCaseExecutor.accessMainPhase(TestCaseExecutor.java:410)
	at com.kms.katalon.core.main.TestCaseExecutor.execute(TestCaseExecutor.java:285)
	at com.kms.katalon.core.common.CommonExecutor.accessTestCaseMainPhase(CommonExecutor.java:65)
	at com.kms.katalon.core.main.TestSuiteExecutor.accessTestSuiteMainPhase(TestSuiteExecutor.java:150)
	at com.kms.katalon.core.main.TestSuiteExecutor.execute(TestSuiteExecutor.java:106)
	at com.kms.katalon.core.main.TestCaseMain.startTestSuite(TestCaseMain.java:180)
	at TempTestSuite1732726653928.run(TempTestSuite1732726653928.groovy:35)
	at java.base/jdk.internal.reflect.NativeMethodAccessorImpl.invoke0(Native Method)
	at java.base/jdk.internal.reflect.NativeMethodAccessorImpl.invoke(NativeMethodAccessorImpl.java:77)
	at java.base/jdk.internal.reflect.DelegatingMethodAccessorImpl.invoke(DelegatingMethodAccessorImpl.java:43)
Caused by: com.kms.katalon.core.exception.StepFailedException: Actual text '' and expected text 'Successfully submitted Lab Order.' of test object 'Object Repository/Specific Cases Repository/LS/Client Profile/Lab Orders/Page_Lab Order/p_Successfully submitted Lab Order' are NOT matched.
	at com.kms.katalon.core.webui.keyword.internal.WebUIKeywordMain.stepFailed(WebUIKeywordMain.groovy:117)
	at com.kms.katalon.core.webui.keyword.builtin.VerifyElementTextKeyword$_verifyElementText_closure1.doCall(VerifyElementTextKeyword.groovy:57)
	at com.kms.katalon.core.webui.keyword.builtin.VerifyElementTextKeyword$_verifyElementText_closure1.call(VerifyElementTextKeyword.groovy)
	at com.kms.katalon.core.webui.keyword.internal.WebUIKeywordMain.runKeyword(WebUIKeywordMain.groovy:35)
	... 20 more]]></system-out>
      <system-err><![CDATA[27-11-2024T11:57:55 - [TEST_SUITE][FAILED] - Client Profile: Test Cases/Specific Cases/LS/Client Profile/Lab Orders FAILED.
Reason:
com.kms.katalon.core.exception.StepFailedException: Verify element text of test object 'Object Repository/Specific Cases Repository/LS/Client Profile/Lab Orders/Page_Lab Order/p_Successfully submitted Lab Order' FAILED.
	at com.kms.katalon.core.webui.keyword.internal.WebUIKeywordMain.stepFailed(WebUIKeywordMain.groovy:117)
	at com.kms.katalon.core.webui.keyword.internal.WebUIKeywordMain.runKeyword(WebUIKeywordMain.groovy:43)
	at com.kms.katalon.core.webui.keyword.builtin.VerifyElementTextKeyword.verifyElementText(VerifyElementTextKeyword.groovy:72)
	at com.kms.katalon.core.webui.keyword.builtin.VerifyElementTextKeyword.execute(VerifyElementTextKeyword.groovy:40)
	at com.kms.katalon.core.keyword.internal.KeywordExecutor.executeKeywordForPlatform(KeywordExecutor.groovy:74)
	at com.kms.katalon.core.webui.keyword.WebUiBuiltInKeywords.verifyElementText(WebUiBuiltInKeywords.groovy:4835)
	at Lab Orders.run(Lab Orders:70)
	at com.kms.katalon.core.main.ScriptEngine.run(ScriptEngine.java:194)
	at com.kms.katalon.core.main.ScriptEngine.runScriptAsRawText(ScriptEngine.java:119)
	at com.kms.katalon.core.main.TestCaseExecutor.runScript(TestCaseExecutor.java:448)
	at com.kms.katalon.core.main.TestCaseExecutor.doExecute(TestCaseExecutor.java:439)
	at com.kms.katalon.core.main.TestCaseExecutor.processExecutionPhase(TestCaseExecutor.java:418)
	at com.kms.katalon.core.main.TestCaseExecutor.accessMainPhase(TestCaseExecutor.java:410)
	at com.kms.katalon.core.main.TestCaseExecutor.execute(TestCaseExecutor.java:285)
	at com.kms.katalon.core.common.CommonExecutor.accessTestCaseMainPhase(CommonExecutor.java:65)
	at com.kms.katalon.core.main.TestSuiteExecutor.accessTestSuiteMainPhase(TestSuiteExecutor.java:150)
	at com.kms.katalon.core.main.TestSuiteExecutor.execute(TestSuiteExecutor.java:106)
	at com.kms.katalon.core.main.TestCaseMain.startTestSuite(TestCaseMain.java:180)
	at TempTestSuite1732726653928.run(TempTestSuite1732726653928.groovy:35)
	at java.base/jdk.internal.reflect.NativeMethodAccessorImpl.invoke0(Native Method)
	at java.base/jdk.internal.reflect.NativeMethodAccessorImpl.invoke(NativeMethodAccessorImpl.java:77)
	at java.base/jdk.internal.reflect.DelegatingMethodAccessorImpl.invoke(DelegatingMethodAccessorImpl.java:43)
Caused by: com.kms.katalon.core.exception.StepFailedException: Actual text '' and expected text 'Successfully submitted Lab Order.' of test object 'Object Repository/Specific Cases Repository/LS/Client Profile/Lab Orders/Page_Lab Order/p_Successfully submitted Lab Order' are NOT matched.
	at com.kms.katalon.core.webui.keyword.internal.WebUIKeywordMain.stepFailed(WebUIKeywordMain.groovy:117)
	at com.kms.katalon.core.webui.keyword.builtin.VerifyElementTextKeyword$_verifyElementText_closure1.doCall(VerifyElementTextKeyword.groovy:57)
	at com.kms.katalon.core.webui.keyword.builtin.VerifyElementTextKeyword$_verifyElementText_closure1.call(VerifyElementTextKeyword.groovy)
	at com.kms.katalon.core.webui.keyword.internal.WebUIKeywordMain.runKeyword(WebUIKeywordMain.groovy:35)
	... 20 more]]></system-err>
   </testsuite>
</testsuites>
