<?xml version="1.0" encoding="UTF-8"?>
<testsuites name="notes" time="33.251" tests="1" failures="0" errors="0">
   <testsuite name="notes" tests="1" failures="0" errors="0" time="33.251" skipped="0" timestamp="23-01-2025T11:19:34" hostname="marco - marco-SATELLITE-PRO-C50-K" id="Test Suites/FD/Account profile/notes">
      <properties>
         <property name="deviceName" value=""/>
         <property name="devicePlatform"/>
         <property name="logFolder" value="/home/marco/git/AUTOMATION_LS/Reports/20250123_111929/FD/Account profile/notes/20250123_111929"/>
         <property name="logFiles" value="/home/marco/git/AUTOMATION_LS/Reports/20250123_111929/FD/Account profile/notes/20250123_111929/execution0.log"/>
         <property name="attachments" value=""/>
         <property name="hostName" value="marco - marco-SATELLITE-PRO-C50-K"/>
         <property name="os" value="Linux 64bit"/>
         <property name="katalonVersion" value="10.0.0.223"/>
         <property name="browser" value="Chrome 132.0.0.0"/>
         <property name="hostAddress" value="127.0.1.1"/>
         <property name="sessionId" value="2b073c201673a88c1101530662ebb747"/>
         <property name="seleniumVersion" value="4.22.0"/>
         <property name="proxyInformation" value="ProxyInformation { proxyOption=NO_PROXY, proxyServerType=HTTP, username=, password=********, proxyServerAddress=, proxyServerPort=0, executionList=&quot;&quot;, isApplyToDesiredCapabilities=true }"/>
         <property name="platform" value="Linux"/>
      </properties>
      <testcase name="Test Cases/Specific Cases/FD/ACCOUNT PROFILE/Notes" time="33.073" classname="Test Cases/Specific Cases/FD/ACCOUNT PROFILE/Notes" status="PASSED">
         <system-out><![CDATA[23-01-2025T11:19:34 - [TEST_CASE][PASSED] - Test Cases/Specific Cases/FD/ACCOUNT PROFILE/Notes: Test Cases/Specific Cases/FD/ACCOUNT PROFILE/Notes

23-01-2025T11:19:34 - [TEST_STEP][PASSED] - callTestCase(findTestCase("Common Cases/Login"), [:], STOP_ON_FAILURE): Call Test Case 'Test Cases/Common Cases/Login' successfully

23-01-2025T11:19:35 - [TEST_CASE][PASSED] - Test Cases/Common Cases/Login: Test Cases/Common Cases/Login

23-01-2025T11:19:35 - [TEST_STEP][PASSED] - openBrowser(""): Browser is opened with url: ''

23-01-2025T11:19:35 - [MESSAGE][INFO] - Starting 'Chrome' driver

23-01-2025T11:19:35 - [MESSAGE][INFO] - Action delay is set to 0 milliseconds

23-01-2025T11:19:37 - [MESSAGE][PASSED] - Browser is opened with url: ''

23-01-2025T11:19:37 - [TEST_STEP][PASSED] - maximizeWindow(): Current window maximized

23-01-2025T11:19:37 - [MESSAGE][PASSED] - Current window maximized

23-01-2025T11:19:37 - [TEST_STEP][PASSED] - navigateToUrl("https://site17.lsapp.cloud/auth/login"): Navigate to 'https://site17.lsapp.cloud/auth/login' successfully

23-01-2025T11:19:41 - [MESSAGE][PASSED] - Navigate to 'https://site17.lsapp.cloud/auth/login' successfully

23-01-2025T11:19:41 - [TEST_STEP][PASSED] - setText(findTestObject("Object Repository/Common Cases Repository/Login/Page_Lightning Step/input_Email_email"), "automation@lightningstep.com"): Text 'automation@lightningstep.com' is set on object 'Object Repository/Common Cases Repository/Login/Page_Lightning Step/input_Email_email'

23-01-2025T11:19:42 - [MESSAGE][PASSED] - Text 'automation@lightningstep.com' is set on object 'Object Repository/Common Cases Repository/Login/Page_Lightning Step/input_Email_email'

23-01-2025T11:19:42 - [TEST_STEP][PASSED] - setEncryptedText(findTestObject("Object Repository/Common Cases Repository/Login/Page_Lightning Step/input_Password_password"), "e5N8VHmnhJDITtQaQhDQDw=="): Text ****** has been set on object 'Object Repository/Common Cases Repository/Login/Page_Lightning Step/input_Password_password'

23-01-2025T11:19:42 - [MESSAGE][PASSED] - Text ****** has been set on object 'Object Repository/Common Cases Repository/Login/Page_Lightning Step/input_Password_password'

23-01-2025T11:19:42 - [TEST_STEP][PASSED] - click(findTestObject("Object Repository/Common Cases Repository/Login/Page_Lightning Step/button_Sign in")): Object: 'Object Repository/Common Cases Repository/Login/Page_Lightning Step/button_Sign in' is clicked on

23-01-2025T11:19:47 - [MESSAGE][PASSED] - Object: 'Object Repository/Common Cases Repository/Login/Page_Lightning Step/button_Sign in' is clicked on

23-01-2025T11:19:47 - [MESSAGE][PASSED] - Call Test Case 'Test Cases/Common Cases/Login' successfully

23-01-2025T11:19:47 - [TEST_STEP][PASSED] - click(findTestObject("Object Repository/Specific Cases Repository/FD/ACCOUNT PROFILE/NOTES/Page_Home/a_Census")): Object: 'Object Repository/Specific Cases Repository/FD/ACCOUNT PROFILE/NOTES/Page_Home/a_Census' is clicked on

23-01-2025T11:19:48 - [MESSAGE][PASSED] - Object: 'Object Repository/Specific Cases Repository/FD/ACCOUNT PROFILE/NOTES/Page_Home/a_Census' is clicked on

23-01-2025T11:19:48 - [TEST_STEP][PASSED] - click(findTestObject("Object Repository/Specific Cases Repository/FD/ACCOUNT PROFILE/NOTES/Page_Home/a_D Automation, D Client_1")): Object: 'Object Repository/Specific Cases Repository/FD/ACCOUNT PROFILE/NOTES/Page_Home/a_D Automation, D Client_1' is clicked on

23-01-2025T11:19:55 - [MESSAGE][PASSED] - Object: 'Object Repository/Specific Cases Repository/FD/ACCOUNT PROFILE/NOTES/Page_Home/a_D Automation, D Client_1' is clicked on

23-01-2025T11:19:55 - [TEST_STEP][PASSED] - click(findTestObject("Object Repository/Specific Cases Repository/FD/ACCOUNT PROFILE/NOTES/Page_Client Profile/div_Account Profile")): Object: 'Object Repository/Specific Cases Repository/FD/ACCOUNT PROFILE/NOTES/Page_Client Profile/div_Account Profile' is clicked on

23-01-2025T11:19:59 - [MESSAGE][PASSED] - Object: 'Object Repository/Specific Cases Repository/FD/ACCOUNT PROFILE/NOTES/Page_Client Profile/div_Account Profile' is clicked on

23-01-2025T11:19:59 - [TEST_STEP][PASSED] - click(findTestObject("Object Repository/Specific Cases Repository/FD/ACCOUNT PROFILE/NOTES/Page_Account Profile/a_Note")): Object: 'Object Repository/Specific Cases Repository/FD/ACCOUNT PROFILE/NOTES/Page_Account Profile/a_Note' is clicked on

23-01-2025T11:20:00 - [MESSAGE][PASSED] - Object: 'Object Repository/Specific Cases Repository/FD/ACCOUNT PROFILE/NOTES/Page_Account Profile/a_Note' is clicked on

23-01-2025T11:20:00 - [TEST_STEP][PASSED] - selectOptionByValue(findTestObject("Object Repository/Specific Cases Repository/FD/ACCOUNT PROFILE/NOTES/Page_Account Profile/select_--Select Status--                   _bd1f8d"), "5", true): All options with value '5' are selected in object 'Object Repository/Specific Cases Repository/FD/ACCOUNT PROFILE/NOTES/Page_Account Profile/select_--Select Status--                   _bd1f8d'  using regular expression

23-01-2025T11:20:01 - [MESSAGE][PASSED] - All options with value '5' are selected in object 'Object Repository/Specific Cases Repository/FD/ACCOUNT PROFILE/NOTES/Page_Account Profile/select_--Select Status--                   _bd1f8d'  using regular expression

23-01-2025T11:20:01 - [TEST_STEP][PASSED] - setText(findTestObject("Object Repository/Specific Cases Repository/FD/ACCOUNT PROFILE/NOTES/Page_Account Profile/textarea_Note_note"), "test 2"): Text 'test 2' is set on object 'Object Repository/Specific Cases Repository/FD/ACCOUNT PROFILE/NOTES/Page_Account Profile/textarea_Note_note'

23-01-2025T11:20:02 - [MESSAGE][PASSED] - Text 'test 2' is set on object 'Object Repository/Specific Cases Repository/FD/ACCOUNT PROFILE/NOTES/Page_Account Profile/textarea_Note_note'

23-01-2025T11:20:02 - [TEST_STEP][PASSED] - click(findTestObject("Object Repository/Specific Cases Repository/FD/ACCOUNT PROFILE/NOTES/Page_Account Profile/button_Save")): Object: 'Object Repository/Specific Cases Repository/FD/ACCOUNT PROFILE/NOTES/Page_Account Profile/button_Save' is clicked on

23-01-2025T11:20:06 - [MESSAGE][PASSED] - Object: 'Object Repository/Specific Cases Repository/FD/ACCOUNT PROFILE/NOTES/Page_Account Profile/button_Save' is clicked on

23-01-2025T11:20:06 - [TEST_STEP][PASSED] - verifyElementText(findTestObject("Specific Cases Repository/FD/ACCOUNT PROFILE/NOTES/Page_Account Profile/p_Accounting note has been added"), "Accounting note has been added."): Actual text and expected text of test object 'Object Repository/Specific Cases Repository/FD/ACCOUNT PROFILE/NOTES/Page_Account Profile/p_Accounting note has been added' are matched.

23-01-2025T11:20:07 - [MESSAGE][PASSED] - Actual text and expected text of test object 'Object Repository/Specific Cases Repository/FD/ACCOUNT PROFILE/NOTES/Page_Account Profile/p_Accounting note has been added' are matched.

23-01-2025T11:20:07 - [TEST_STEP][PASSED] - click(findTestObject("Specific Cases Repository/FD/ACCOUNT PROFILE/NOTES/Page_Account Profile/a_Notes")): Object: 'Object Repository/Specific Cases Repository/FD/ACCOUNT PROFILE/NOTES/Page_Account Profile/a_Notes' is clicked on

23-01-2025T11:20:07 - [MESSAGE][PASSED] - Object: 'Object Repository/Specific Cases Repository/FD/ACCOUNT PROFILE/NOTES/Page_Account Profile/a_Notes' is clicked on]]></system-out>
         <system-err><![CDATA[]]></system-err>
      </testcase>
      <system-out><![CDATA[23-01-2025T11:19:34 - [TEST_SUITE][PASSED] - notes: Test Cases/Specific Cases/FD/ACCOUNT PROFILE/Notes]]></system-out>
      <system-err><![CDATA[]]></system-err>
   </testsuite>
</testsuites>
