<?xml version="1.0" encoding="UTF-8"?>
<testsuites name="Census" time="468.435" tests="11" failures="3" errors="0">
   <testsuite name="Census" tests="11" failures="3" errors="0" time="468.435" skipped="0" timestamp="13-11-2024T12:37:15" hostname="Enrique - Enrique" id="Test Suites/LS/Home/General/Census">
      <properties>
         <property name="deviceName" value=""/>
         <property name="devicePlatform"/>
         <property name="logFolder" value="C:\\Users\\Enrique\\git\\AUTOMATION_LS\\Reports\\20241113_122912\\LS\\Home\\General\\Census\\20241113_122915"/>
         <property name="logFiles" value="C:\\Users\\Enrique\\git\\AUTOMATION_LS\\Reports\\20241113_122912\\LS\\Home\\General\\Census\\20241113_122915\\execution0.log"/>
         <property name="attachments" value="C:\\Users\\Enrique\\git\\AUTOMATION_LS\\Reports\\20241113_122912\\LS\\Home\\General\\Census\\20241113_122915\\1731519695573.png, C:\\Users\\Enrique\\git\\AUTOMATION_LS\\Reports\\20241113_122912\\LS\\Home\\General\\Census\\20241113_122915\\1731519695727.png, C:\\Users\\Enrique\\git\\AUTOMATION_LS\\Reports\\20241113_122912\\LS\\Home\\General\\Census\\20241113_122915\\1731519776757.png, C:\\Users\\Enrique\\git\\AUTOMATION_LS\\Reports\\20241113_122912\\LS\\Home\\General\\Census\\20241113_122915\\1731519776858.png, C:\\Users\\Enrique\\git\\AUTOMATION_LS\\Reports\\20241113_122912\\LS\\Home\\General\\Census\\20241113_122915\\1731519903930.png, C:\\Users\\Enrique\\git\\AUTOMATION_LS\\Reports\\20241113_122912\\LS\\Home\\General\\Census\\20241113_122915\\1731519904056.png"/>
         <property name="hostName" value="Enrique - Enrique"/>
         <property name="os" value="Windows 11 64bit"/>
         <property name="katalonVersion" value="9.7.3.223"/>
         <property name="browser" value="Chrome 130.0.0.0"/>
         <property name="hostAddress" value="192.168.100.147"/>
         <property name="sessionId" value="68e912417737b733101d8b0821e33821"/>
         <property name="seleniumVersion" value="3.141.59"/>
         <property name="proxyInformation" value="ProxyInformation { proxyOption=NO_PROXY, proxyServerType=HTTP, username=, password=********, proxyServerAddress=, proxyServerPort=0, executionList=&quot;&quot;, isApplyToDesiredCapabilities=true }"/>
         <property name="platform" value="Windows 11"/>
      </properties>
      <testcase name="Test Cases/Specific Cases/LS/General/Census/Census/Census_Location_Filter" time="36.339" classname="Test Cases/Specific Cases/LS/General/Census/Census/Census_Location_Filter" status="PASSED">
         <system-out><![CDATA[13-11-2024T12:37:15 - [TEST_CASE][PASSED] - Test Cases/Specific Cases/LS/General/Census/Census/Census_Location_Filter: Test Cases/Specific Cases/LS/General/Census/Census/Census_Location_Filter

13-11-2024T12:37:16 - [TEST_STEP][PASSED] - callTestCase(findTestCase("Common Cases/Login"), [:], STOP_ON_FAILURE): Call Test Case 'Test Cases/Common Cases/Login' successfully

13-11-2024T12:37:16 - [TEST_CASE][PASSED] - Test Cases/Common Cases/Login: Test Cases/Common Cases/Login

13-11-2024T12:37:16 - [TEST_STEP][PASSED] - openBrowser(""): Browser is opened with url: ''

13-11-2024T12:37:16 - [MESSAGE][INFO] - Starting 'Chrome' driver

13-11-2024T12:37:16 - [MESSAGE][INFO] - Action delay is set to 0 milliseconds

13-11-2024T12:37:17 - [MESSAGE][PASSED] - Browser is opened with url: ''

13-11-2024T12:37:17 - [TEST_STEP][PASSED] - maximizeWindow(): Current window maximized

13-11-2024T12:37:17 - [MESSAGE][PASSED] - Current window maximized

13-11-2024T12:37:17 - [TEST_STEP][PASSED] - navigateToUrl("https://site17.lsapp.cloud/auth/login"): Navigate to 'https://site17.lsapp.cloud/auth/login' successfully

13-11-2024T12:37:19 - [MESSAGE][PASSED] - Navigate to 'https://site17.lsapp.cloud/auth/login' successfully

13-11-2024T12:37:19 - [TEST_STEP][PASSED] - setText(findTestObject("Object Repository/Common Cases Repository/Login/Page_Lightning Step/input_Email_email"), "automation@lightningstep.com"): Text 'automation@lightningstep.com' is set on object 'Object Repository/Common Cases Repository/Login/Page_Lightning Step/input_Email_email'

13-11-2024T12:37:20 - [MESSAGE][PASSED] - Text 'automation@lightningstep.com' is set on object 'Object Repository/Common Cases Repository/Login/Page_Lightning Step/input_Email_email'

13-11-2024T12:37:20 - [TEST_STEP][PASSED] - setEncryptedText(findTestObject("Object Repository/Common Cases Repository/Login/Page_Lightning Step/input_Password_password"), "e5N8VHmnhJDITtQaQhDQDw=="): Text ****** has been set on object 'Object Repository/Common Cases Repository/Login/Page_Lightning Step/input_Password_password'

13-11-2024T12:37:20 - [MESSAGE][PASSED] - Text ****** has been set on object 'Object Repository/Common Cases Repository/Login/Page_Lightning Step/input_Password_password'

13-11-2024T12:37:20 - [TEST_STEP][PASSED] - click(findTestObject("Object Repository/Common Cases Repository/Login/Page_Lightning Step/button_Sign in")): Object: 'Object Repository/Common Cases Repository/Login/Page_Lightning Step/button_Sign in' is clicked on

13-11-2024T12:37:25 - [MESSAGE][PASSED] - Object: 'Object Repository/Common Cases Repository/Login/Page_Lightning Step/button_Sign in' is clicked on

13-11-2024T12:37:25 - [MESSAGE][PASSED] - Call Test Case 'Test Cases/Common Cases/Login' successfully

13-11-2024T12:37:25 - [TEST_STEP][PASSED] - click(findTestObject("Object Repository/Specific Cases Repository/LS/Home/Census/Census_Filters/Page_Home/Page_Home/a_Census")): Object: 'Object Repository/Specific Cases Repository/LS/Home/Census/Census_Filters/Page_Home/Page_Home/a_Census' is clicked on

13-11-2024T12:37:27 - [MESSAGE][PASSED] - Object: 'Object Repository/Specific Cases Repository/LS/Home/Census/Census_Filters/Page_Home/Page_Home/a_Census' is clicked on

13-11-2024T12:37:27 - [TEST_STEP][PASSED] - click(findTestObject("Object Repository/Specific Cases Repository/LS/Home/Census/Census_Filters/Page_Home/Program_Filter/Page_Home/ul_All")): Object: 'Object Repository/Specific Cases Repository/LS/Home/Census/Census_Filters/Page_Home/Program_Filter/Page_Home/ul_All' is clicked on

13-11-2024T12:37:29 - [MESSAGE][PASSED] - Object: 'Object Repository/Specific Cases Repository/LS/Home/Census/Census_Filters/Page_Home/Program_Filter/Page_Home/ul_All' is clicked on

13-11-2024T12:37:29 - [TEST_STEP][PASSED] - setText(findTestObject("Object Repository/Specific Cases Repository/LS/Home/Census/Census_Filters/Page_Home/Program_Filter/Page_Home/input__select2-search__field"), "all"): Text 'all' is set on object 'Object Repository/Specific Cases Repository/LS/Home/Census/Census_Filters/Page_Home/Program_Filter/Page_Home/input__select2-search__field'

13-11-2024T12:37:29 - [MESSAGE][PASSED] - Text 'all' is set on object 'Object Repository/Specific Cases Repository/LS/Home/Census/Census_Filters/Page_Home/Program_Filter/Page_Home/input__select2-search__field'

13-11-2024T12:37:29 - [TEST_STEP][PASSED] - sendKeys(findTestObject("Object Repository/Specific Cases Repository/LS/Home/Census/Census_Filters/Page_Home/Program_Filter/Page_Home/input__select2-search__field"), Keys.chord(ENTER)): Keys 'ENTER + ' sent to object: 'Object Repository/Specific Cases Repository/LS/Home/Census/Census_Filters/Page_Home/Program_Filter/Page_Home/input__select2-search__field'

13-11-2024T12:37:30 - [MESSAGE][PASSED] - Keys 'ENTER + ' sent to object: 'Object Repository/Specific Cases Repository/LS/Home/Census/Census_Filters/Page_Home/Program_Filter/Page_Home/input__select2-search__field'

13-11-2024T12:37:30 - [TEST_STEP][PASSED] - click(findTestObject("Object Repository/Specific Cases Repository/LS/Home/Census/Census_Filters/Page_Home/Page_Home/ul_All")): Object: 'Object Repository/Specific Cases Repository/LS/Home/Census/Census_Filters/Page_Home/Page_Home/ul_All' is clicked on

13-11-2024T12:37:30 - [MESSAGE][PASSED] - Object: 'Object Repository/Specific Cases Repository/LS/Home/Census/Census_Filters/Page_Home/Page_Home/ul_All' is clicked on

13-11-2024T12:37:30 - [TEST_STEP][PASSED] - setText(findTestObject("Object Repository/Specific Cases Repository/LS/Home/Census/Census_Filters/Page_Home/Page_Home/Location Filter"), "all"): Text 'all' is set on object 'Object Repository/Specific Cases Repository/LS/Home/Census/Census_Filters/Page_Home/Page_Home/Location Filter'

13-11-2024T12:37:31 - [MESSAGE][PASSED] - Text 'all' is set on object 'Object Repository/Specific Cases Repository/LS/Home/Census/Census_Filters/Page_Home/Page_Home/Location Filter'

13-11-2024T12:37:31 - [TEST_STEP][PASSED] - sendKeys(findTestObject("Object Repository/Specific Cases Repository/LS/Home/Census/Census_Filters/Page_Home/Page_Home/Location Filter"), Keys.chord(ENTER)): Keys 'ENTER + ' sent to object: 'Object Repository/Specific Cases Repository/LS/Home/Census/Census_Filters/Page_Home/Page_Home/Location Filter'

13-11-2024T12:37:32 - [MESSAGE][PASSED] - Keys 'ENTER + ' sent to object: 'Object Repository/Specific Cases Repository/LS/Home/Census/Census_Filters/Page_Home/Page_Home/Location Filter'

13-11-2024T12:37:32 - [TEST_STEP][PASSED] - verifyElementText(findTestObject("Object Repository/Specific Cases Repository/LS/Home/Census/Census_Filters/Page_Home/Page_Home/td_Cat Treatment Center"), "Cat Treatment Center"): Actual text and expected text of test object 'Object Repository/Specific Cases Repository/LS/Home/Census/Census_Filters/Page_Home/Page_Home/td_Cat Treatment Center' are matched.

13-11-2024T12:37:32 - [MESSAGE][PASSED] - Actual text and expected text of test object 'Object Repository/Specific Cases Repository/LS/Home/Census/Census_Filters/Page_Home/Page_Home/td_Cat Treatment Center' are matched.

13-11-2024T12:37:32 - [TEST_STEP][PASSED] - verifyElementText(findTestObject("Object Repository/Specific Cases Repository/LS/Home/Census/Census_Filters/Page_Home/Page_Home/td_Dog Treatment Center"), "Dog Treatment Center"): Actual text and expected text of test object 'Object Repository/Specific Cases Repository/LS/Home/Census/Census_Filters/Page_Home/Page_Home/td_Dog Treatment Center' are matched.

13-11-2024T12:37:32 - [MESSAGE][PASSED] - Actual text and expected text of test object 'Object Repository/Specific Cases Repository/LS/Home/Census/Census_Filters/Page_Home/Page_Home/td_Dog Treatment Center' are matched.

13-11-2024T12:37:32 - [TEST_STEP][PASSED] - verifyElementText(findTestObject("Object Repository/Specific Cases Repository/LS/Home/Census/Census_Filters/Page_Home/Page_Home/td_Satellite Office"), "Satellite Office"): Actual text and expected text of test object 'Object Repository/Specific Cases Repository/LS/Home/Census/Census_Filters/Page_Home/Page_Home/td_Satellite Office' are matched.

13-11-2024T12:37:33 - [MESSAGE][PASSED] - Actual text and expected text of test object 'Object Repository/Specific Cases Repository/LS/Home/Census/Census_Filters/Page_Home/Page_Home/td_Satellite Office' are matched.

13-11-2024T12:37:33 - [TEST_STEP][PASSED] - click(findTestObject("Object Repository/Specific Cases Repository/LS/Home/Census/Census_Filters/Page_Home/Page_Home/ul_All")): Object: 'Object Repository/Specific Cases Repository/LS/Home/Census/Census_Filters/Page_Home/Page_Home/ul_All' is clicked on

13-11-2024T12:37:33 - [MESSAGE][PASSED] - Object: 'Object Repository/Specific Cases Repository/LS/Home/Census/Census_Filters/Page_Home/Page_Home/ul_All' is clicked on

13-11-2024T12:37:33 - [TEST_STEP][PASSED] - setText(findTestObject("Object Repository/Specific Cases Repository/LS/Home/Census/Census_Filters/Page_Home/Page_Home/Location Filter"), "cat"): Text 'cat' is set on object 'Object Repository/Specific Cases Repository/LS/Home/Census/Census_Filters/Page_Home/Page_Home/Location Filter'

13-11-2024T12:37:34 - [MESSAGE][PASSED] - Text 'cat' is set on object 'Object Repository/Specific Cases Repository/LS/Home/Census/Census_Filters/Page_Home/Page_Home/Location Filter'

13-11-2024T12:37:34 - [TEST_STEP][PASSED] - sendKeys(findTestObject("Object Repository/Specific Cases Repository/LS/Home/Census/Census_Filters/Page_Home/Page_Home/Location Filter"), Keys.chord(ENTER)): Keys 'ENTER + ' sent to object: 'Object Repository/Specific Cases Repository/LS/Home/Census/Census_Filters/Page_Home/Page_Home/Location Filter'

13-11-2024T12:37:34 - [MESSAGE][PASSED] - Keys 'ENTER + ' sent to object: 'Object Repository/Specific Cases Repository/LS/Home/Census/Census_Filters/Page_Home/Page_Home/Location Filter'

13-11-2024T12:37:34 - [TEST_STEP][PASSED] - verifyElementText(findTestObject("Object Repository/Specific Cases Repository/LS/Home/Census/Census_Filters/Page_Home/Page_Home/td_Cat Treatment Center"), "Cat Treatment Center"): Actual text and expected text of test object 'Object Repository/Specific Cases Repository/LS/Home/Census/Census_Filters/Page_Home/Page_Home/td_Cat Treatment Center' are matched.

13-11-2024T12:37:36 - [MESSAGE][PASSED] - Actual text and expected text of test object 'Object Repository/Specific Cases Repository/LS/Home/Census/Census_Filters/Page_Home/Page_Home/td_Cat Treatment Center' are matched.

13-11-2024T12:37:36 - [TEST_STEP][PASSED] - verifyElementNotPresent(findTestObject("Object Repository/Specific Cases Repository/LS/Home/Census/Census_Filters/Page_Home/Page_Home/td_Dog Treatment Center"), 0): Web element with id: 'Object Repository/Specific Cases Repository/LS/Home/Census/Census_Filters/Page_Home/Page_Home/td_Dog Treatment Center' located by 'By.xpath: //td[normalize-space()='Dog Treatment Center']' is not present after '30' second(s)

13-11-2024T12:37:36 - [MESSAGE][WARNING] - Timeout '0' is invalid. Using default page load timeout: '30'

13-11-2024T12:37:36 - [MESSAGE][PASSED] - Web element with id: 'Object Repository/Specific Cases Repository/LS/Home/Census/Census_Filters/Page_Home/Page_Home/td_Dog Treatment Center' located by 'By.xpath: //td[normalize-space()='Dog Treatment Center']' is not present after '30' second(s)

13-11-2024T12:37:36 - [TEST_STEP][PASSED] - verifyElementNotPresent(findTestObject("Object Repository/Specific Cases Repository/LS/Home/Census/Census_Filters/Page_Home/Page_Home/td_Satellite Office"), 0): Web element with id: 'Object Repository/Specific Cases Repository/LS/Home/Census/Census_Filters/Page_Home/Page_Home/td_Satellite Office' located by 'By.xpath: //td[normalize-space()='Satellite Office']' is not present after '30' second(s)

13-11-2024T12:37:36 - [MESSAGE][WARNING] - Timeout '0' is invalid. Using default page load timeout: '30'

13-11-2024T12:37:36 - [MESSAGE][PASSED] - Web element with id: 'Object Repository/Specific Cases Repository/LS/Home/Census/Census_Filters/Page_Home/Page_Home/td_Satellite Office' located by 'By.xpath: //td[normalize-space()='Satellite Office']' is not present after '30' second(s)

13-11-2024T12:37:36 - [TEST_STEP][PASSED] - click(findTestObject("Object Repository/Specific Cases Repository/LS/Home/Census/Census_Filters/Page_Home/Page_Home/ul_Cat Treatment Center")): Object: 'Object Repository/Specific Cases Repository/LS/Home/Census/Census_Filters/Page_Home/Page_Home/ul_Cat Treatment Center' is clicked on

13-11-2024T12:37:37 - [MESSAGE][PASSED] - Object: 'Object Repository/Specific Cases Repository/LS/Home/Census/Census_Filters/Page_Home/Page_Home/ul_Cat Treatment Center' is clicked on

13-11-2024T12:37:37 - [TEST_STEP][PASSED] - setText(findTestObject("Object Repository/Specific Cases Repository/LS/Home/Census/Census_Filters/Page_Home/Page_Home/Location Filter"), "dog"): Text 'dog' is set on object 'Object Repository/Specific Cases Repository/LS/Home/Census/Census_Filters/Page_Home/Page_Home/Location Filter'

13-11-2024T12:37:37 - [MESSAGE][PASSED] - Text 'dog' is set on object 'Object Repository/Specific Cases Repository/LS/Home/Census/Census_Filters/Page_Home/Page_Home/Location Filter'

13-11-2024T12:37:37 - [TEST_STEP][PASSED] - sendKeys(findTestObject("Object Repository/Specific Cases Repository/LS/Home/Census/Census_Filters/Page_Home/Page_Home/Location Filter"), Keys.chord(ENTER)): Keys 'ENTER + ' sent to object: 'Object Repository/Specific Cases Repository/LS/Home/Census/Census_Filters/Page_Home/Page_Home/Location Filter'

13-11-2024T12:37:38 - [MESSAGE][PASSED] - Keys 'ENTER + ' sent to object: 'Object Repository/Specific Cases Repository/LS/Home/Census/Census_Filters/Page_Home/Page_Home/Location Filter'

13-11-2024T12:37:38 - [TEST_STEP][PASSED] - verifyElementPresent(findTestObject("Object Repository/Specific Cases Repository/LS/Home/Census/Census_Filters/Page_Home/Page_Home/td_Cat Treatment Center"), 0): Object 'Object Repository/Specific Cases Repository/LS/Home/Census/Census_Filters/Page_Home/Page_Home/td_Cat Treatment Center' is present

13-11-2024T12:37:38 - [MESSAGE][WARNING] - Timeout '0' is invalid. Using default page load timeout: '30'

13-11-2024T12:37:40 - [MESSAGE][PASSED] - Object 'Object Repository/Specific Cases Repository/LS/Home/Census/Census_Filters/Page_Home/Page_Home/td_Cat Treatment Center' is present

13-11-2024T12:37:40 - [TEST_STEP][PASSED] - verifyElementNotPresent(findTestObject("Object Repository/Specific Cases Repository/LS/Home/Census/Census_Filters/Page_Home/Page_Home/td_Satellite Office"), 0): Web element with id: 'Object Repository/Specific Cases Repository/LS/Home/Census/Census_Filters/Page_Home/Page_Home/td_Satellite Office' located by 'By.xpath: //td[normalize-space()='Satellite Office']' is not present after '30' second(s)

13-11-2024T12:37:40 - [MESSAGE][WARNING] - Timeout '0' is invalid. Using default page load timeout: '30'

13-11-2024T12:37:40 - [MESSAGE][PASSED] - Web element with id: 'Object Repository/Specific Cases Repository/LS/Home/Census/Census_Filters/Page_Home/Page_Home/td_Satellite Office' located by 'By.xpath: //td[normalize-space()='Satellite Office']' is not present after '30' second(s)

13-11-2024T12:37:40 - [TEST_STEP][PASSED] - click(findTestObject("Object Repository/Specific Cases Repository/LS/Home/Census/Census_Filters/Page_Home/Page_Home/span_")): Object: 'Object Repository/Specific Cases Repository/LS/Home/Census/Census_Filters/Page_Home/Page_Home/span_' is clicked on

13-11-2024T12:37:40 - [MESSAGE][PASSED] - Object: 'Object Repository/Specific Cases Repository/LS/Home/Census/Census_Filters/Page_Home/Page_Home/span_' is clicked on

13-11-2024T12:37:40 - [TEST_STEP][PASSED] - click(findTestObject("Object Repository/Specific Cases Repository/LS/Home/Census/Census_Filters/Page_Home/Page_Home/ul_Dog Treatment Center")): Object: 'Object Repository/Specific Cases Repository/LS/Home/Census/Census_Filters/Page_Home/Page_Home/ul_Dog Treatment Center' is clicked on

13-11-2024T12:37:42 - [MESSAGE][PASSED] - Object: 'Object Repository/Specific Cases Repository/LS/Home/Census/Census_Filters/Page_Home/Page_Home/ul_Dog Treatment Center' is clicked on

13-11-2024T12:37:42 - [TEST_STEP][PASSED] - setText(findTestObject("Object Repository/Specific Cases Repository/LS/Home/Census/Census_Filters/Page_Home/Page_Home/Location Filter"), "satellite"): Text 'satellite' is set on object 'Object Repository/Specific Cases Repository/LS/Home/Census/Census_Filters/Page_Home/Page_Home/Location Filter'

13-11-2024T12:37:43 - [MESSAGE][PASSED] - Text 'satellite' is set on object 'Object Repository/Specific Cases Repository/LS/Home/Census/Census_Filters/Page_Home/Page_Home/Location Filter'

13-11-2024T12:37:43 - [TEST_STEP][PASSED] - sendKeys(findTestObject("Object Repository/Specific Cases Repository/LS/Home/Census/Census_Filters/Page_Home/Page_Home/Location Filter"), Keys.chord(ENTER)): Keys 'ENTER + ' sent to object: 'Object Repository/Specific Cases Repository/LS/Home/Census/Census_Filters/Page_Home/Page_Home/Location Filter'

13-11-2024T12:37:44 - [MESSAGE][PASSED] - Keys 'ENTER + ' sent to object: 'Object Repository/Specific Cases Repository/LS/Home/Census/Census_Filters/Page_Home/Page_Home/Location Filter'

13-11-2024T12:37:44 - [TEST_STEP][PASSED] - verifyElementPresent(findTestObject("Object Repository/Specific Cases Repository/LS/Home/Census/Census_Filters/Page_Home/Page_Home/td_Dog Treatment Center"), 0): Object 'Object Repository/Specific Cases Repository/LS/Home/Census/Census_Filters/Page_Home/Page_Home/td_Dog Treatment Center' is present

13-11-2024T12:37:44 - [MESSAGE][WARNING] - Timeout '0' is invalid. Using default page load timeout: '30'

13-11-2024T12:37:45 - [MESSAGE][PASSED] - Object 'Object Repository/Specific Cases Repository/LS/Home/Census/Census_Filters/Page_Home/Page_Home/td_Dog Treatment Center' is present

13-11-2024T12:37:45 - [TEST_STEP][PASSED] - click(findTestObject("Object Repository/Specific Cases Repository/LS/Home/Census/Census_Filters/Page_Home/Page_Home/span_")): Object: 'Object Repository/Specific Cases Repository/LS/Home/Census/Census_Filters/Page_Home/Page_Home/span_' is clicked on

13-11-2024T12:37:46 - [MESSAGE][PASSED] - Object: 'Object Repository/Specific Cases Repository/LS/Home/Census/Census_Filters/Page_Home/Page_Home/span_' is clicked on

13-11-2024T12:37:46 - [TEST_STEP][PASSED] - click(findTestObject("Object Repository/Specific Cases Repository/LS/Home/Census/Census_Filters/Page_Home/Page_Home/ul_All")): Object: 'Object Repository/Specific Cases Repository/LS/Home/Census/Census_Filters/Page_Home/Page_Home/ul_All' is clicked on

13-11-2024T12:37:47 - [MESSAGE][PASSED] - Object: 'Object Repository/Specific Cases Repository/LS/Home/Census/Census_Filters/Page_Home/Page_Home/ul_All' is clicked on

13-11-2024T12:37:47 - [TEST_STEP][PASSED] - setText(findTestObject("Specific Cases Repository/LS/Home/Census/Census_Filters/Page_Home/Page_Home/Location Filter"), "all"): Text 'all' is set on object 'Object Repository/Specific Cases Repository/LS/Home/Census/Census_Filters/Page_Home/Page_Home/Location Filter'

13-11-2024T12:37:48 - [MESSAGE][PASSED] - Text 'all' is set on object 'Object Repository/Specific Cases Repository/LS/Home/Census/Census_Filters/Page_Home/Page_Home/Location Filter'

13-11-2024T12:37:48 - [TEST_STEP][PASSED] - sendKeys(findTestObject("Object Repository/Specific Cases Repository/LS/Home/Census/Census_Filters/Page_Home/Page_Home/Location Filter"), Keys.chord(ENTER)): Keys 'ENTER + ' sent to object: 'Object Repository/Specific Cases Repository/LS/Home/Census/Census_Filters/Page_Home/Page_Home/Location Filter'

13-11-2024T12:37:49 - [MESSAGE][PASSED] - Keys 'ENTER + ' sent to object: 'Object Repository/Specific Cases Repository/LS/Home/Census/Census_Filters/Page_Home/Page_Home/Location Filter'

13-11-2024T12:37:49 - [TEST_STEP][PASSED] - click(findTestObject("Specific Cases Repository/LS/Home/Census/Census_Filters/Page_Home/Program Filter")): Object: 'Object Repository/Specific Cases Repository/LS/Home/Census/Census_Filters/Page_Home/Program Filter' is clicked on

13-11-2024T12:37:50 - [MESSAGE][PASSED] - Object: 'Object Repository/Specific Cases Repository/LS/Home/Census/Census_Filters/Page_Home/Program Filter' is clicked on

13-11-2024T12:37:50 - [TEST_STEP][PASSED] - setText(findTestObject("Specific Cases Repository/LS/Home/Census/Census_Filters/Page_Home/Program Filter"), "all"): Text 'all' is set on object 'Object Repository/Specific Cases Repository/LS/Home/Census/Census_Filters/Page_Home/Program Filter'

13-11-2024T12:37:51 - [MESSAGE][PASSED] - Text 'all' is set on object 'Object Repository/Specific Cases Repository/LS/Home/Census/Census_Filters/Page_Home/Program Filter'

13-11-2024T12:37:51 - [TEST_STEP][PASSED] - sendKeys(findTestObject("Specific Cases Repository/LS/Home/Census/Census_Filters/Page_Home/Program Filter"), Keys.chord(ENTER)): Keys 'ENTER + ' sent to object: 'Object Repository/Specific Cases Repository/LS/Home/Census/Census_Filters/Page_Home/Program Filter'

13-11-2024T12:37:52 - [MESSAGE][PASSED] - Keys 'ENTER + ' sent to object: 'Object Repository/Specific Cases Repository/LS/Home/Census/Census_Filters/Page_Home/Program Filter'

13-11-2024T12:37:52 - [TEST_STEP][PASSED] - closeBrowser(): Browser is closed

13-11-2024T12:37:52 - [MESSAGE][PASSED] - Browser is closed]]></system-out>
         <system-err><![CDATA[]]></system-err>
      </testcase>
      <testcase name="Test Cases/Specific Cases/LS/General/Census/Census/Census_Program_Filter" time="29.997" classname="Test Cases/Specific Cases/LS/General/Census/Census/Census_Program_Filter" status="PASSED">
         <system-out><![CDATA[13-11-2024T12:37:52 - [TEST_CASE][PASSED] - Test Cases/Specific Cases/LS/General/Census/Census/Census_Program_Filter: Test Cases/Specific Cases/LS/General/Census/Census/Census_Program_Filter

13-11-2024T12:37:52 - [TEST_STEP][PASSED] - callTestCase(findTestCase("Common Cases/Login"), [:], STOP_ON_FAILURE): Call Test Case 'Test Cases/Common Cases/Login' successfully

13-11-2024T12:37:52 - [TEST_CASE][PASSED] - Test Cases/Common Cases/Login: Test Cases/Common Cases/Login

13-11-2024T12:37:52 - [TEST_STEP][PASSED] - openBrowser(""): Browser is opened with url: ''

13-11-2024T12:37:52 - [MESSAGE][INFO] - Starting 'Chrome' driver

13-11-2024T12:37:52 - [MESSAGE][INFO] - Action delay is set to 0 milliseconds

13-11-2024T12:37:53 - [MESSAGE][PASSED] - Browser is opened with url: ''

13-11-2024T12:37:53 - [TEST_STEP][PASSED] - maximizeWindow(): Current window maximized

13-11-2024T12:37:53 - [MESSAGE][PASSED] - Current window maximized

13-11-2024T12:37:53 - [TEST_STEP][PASSED] - navigateToUrl("https://site17.lsapp.cloud/auth/login"): Navigate to 'https://site17.lsapp.cloud/auth/login' successfully

13-11-2024T12:37:54 - [MESSAGE][PASSED] - Navigate to 'https://site17.lsapp.cloud/auth/login' successfully

13-11-2024T12:37:54 - [TEST_STEP][PASSED] - setText(findTestObject("Object Repository/Common Cases Repository/Login/Page_Lightning Step/input_Email_email"), "automation@lightningstep.com"): Text 'automation@lightningstep.com' is set on object 'Object Repository/Common Cases Repository/Login/Page_Lightning Step/input_Email_email'

13-11-2024T12:37:55 - [MESSAGE][PASSED] - Text 'automation@lightningstep.com' is set on object 'Object Repository/Common Cases Repository/Login/Page_Lightning Step/input_Email_email'

13-11-2024T12:37:55 - [TEST_STEP][PASSED] - setEncryptedText(findTestObject("Object Repository/Common Cases Repository/Login/Page_Lightning Step/input_Password_password"), "e5N8VHmnhJDITtQaQhDQDw=="): Text ****** has been set on object 'Object Repository/Common Cases Repository/Login/Page_Lightning Step/input_Password_password'

13-11-2024T12:37:55 - [MESSAGE][PASSED] - Text ****** has been set on object 'Object Repository/Common Cases Repository/Login/Page_Lightning Step/input_Password_password'

13-11-2024T12:37:55 - [TEST_STEP][PASSED] - click(findTestObject("Object Repository/Common Cases Repository/Login/Page_Lightning Step/button_Sign in")): Object: 'Object Repository/Common Cases Repository/Login/Page_Lightning Step/button_Sign in' is clicked on

13-11-2024T12:38:00 - [MESSAGE][PASSED] - Object: 'Object Repository/Common Cases Repository/Login/Page_Lightning Step/button_Sign in' is clicked on

13-11-2024T12:38:00 - [MESSAGE][PASSED] - Call Test Case 'Test Cases/Common Cases/Login' successfully

13-11-2024T12:38:00 - [TEST_STEP][PASSED] - click(findTestObject("Object Repository/Specific Cases Repository/LS/Home/Census/Census_Filters/Page_Home/Page_Home/a_Census")): Object: 'Object Repository/Specific Cases Repository/LS/Home/Census/Census_Filters/Page_Home/Page_Home/a_Census' is clicked on

13-11-2024T12:38:02 - [MESSAGE][PASSED] - Object: 'Object Repository/Specific Cases Repository/LS/Home/Census/Census_Filters/Page_Home/Page_Home/a_Census' is clicked on

13-11-2024T12:38:02 - [TEST_STEP][PASSED] - click(findTestObject("Object Repository/Specific Cases Repository/LS/Home/Census/Census_Filters/Page_Home/Program_Filter/Page_Home/ul_All")): Object: 'Object Repository/Specific Cases Repository/LS/Home/Census/Census_Filters/Page_Home/Program_Filter/Page_Home/ul_All' is clicked on

13-11-2024T12:38:04 - [MESSAGE][PASSED] - Object: 'Object Repository/Specific Cases Repository/LS/Home/Census/Census_Filters/Page_Home/Program_Filter/Page_Home/ul_All' is clicked on

13-11-2024T12:38:04 - [TEST_STEP][PASSED] - setText(findTestObject("Object Repository/Specific Cases Repository/LS/Home/Census/Census_Filters/Page_Home/Program_Filter/Page_Home/input__select2-search__field"), "all"): Text 'all' is set on object 'Object Repository/Specific Cases Repository/LS/Home/Census/Census_Filters/Page_Home/Program_Filter/Page_Home/input__select2-search__field'

13-11-2024T12:38:05 - [MESSAGE][PASSED] - Text 'all' is set on object 'Object Repository/Specific Cases Repository/LS/Home/Census/Census_Filters/Page_Home/Program_Filter/Page_Home/input__select2-search__field'

13-11-2024T12:38:05 - [TEST_STEP][PASSED] - sendKeys(findTestObject("Object Repository/Specific Cases Repository/LS/Home/Census/Census_Filters/Page_Home/Program_Filter/Page_Home/input__select2-search__field"), Keys.chord(ENTER)): Keys 'ENTER + ' sent to object: 'Object Repository/Specific Cases Repository/LS/Home/Census/Census_Filters/Page_Home/Program_Filter/Page_Home/input__select2-search__field'

13-11-2024T12:38:06 - [MESSAGE][PASSED] - Keys 'ENTER + ' sent to object: 'Object Repository/Specific Cases Repository/LS/Home/Census/Census_Filters/Page_Home/Program_Filter/Page_Home/input__select2-search__field'

13-11-2024T12:38:06 - [TEST_STEP][PASSED] - click(findTestObject("Object Repository/Specific Cases Repository/LS/Home/Census/Census_Filters/Page_Home/Page_Home/ul_All")): Object: 'Object Repository/Specific Cases Repository/LS/Home/Census/Census_Filters/Page_Home/Page_Home/ul_All' is clicked on

13-11-2024T12:38:06 - [MESSAGE][PASSED] - Object: 'Object Repository/Specific Cases Repository/LS/Home/Census/Census_Filters/Page_Home/Page_Home/ul_All' is clicked on

13-11-2024T12:38:06 - [TEST_STEP][PASSED] - setText(findTestObject("Object Repository/Specific Cases Repository/LS/Home/Census/Census_Filters/Page_Home/Page_Home/Location Filter"), "all"): Text 'all' is set on object 'Object Repository/Specific Cases Repository/LS/Home/Census/Census_Filters/Page_Home/Page_Home/Location Filter'

13-11-2024T12:38:07 - [MESSAGE][PASSED] - Text 'all' is set on object 'Object Repository/Specific Cases Repository/LS/Home/Census/Census_Filters/Page_Home/Page_Home/Location Filter'

13-11-2024T12:38:07 - [TEST_STEP][PASSED] - sendKeys(findTestObject("Object Repository/Specific Cases Repository/LS/Home/Census/Census_Filters/Page_Home/Page_Home/Location Filter"), Keys.chord(ENTER)): Keys 'ENTER + ' sent to object: 'Object Repository/Specific Cases Repository/LS/Home/Census/Census_Filters/Page_Home/Page_Home/Location Filter'

13-11-2024T12:38:07 - [MESSAGE][PASSED] - Keys 'ENTER + ' sent to object: 'Object Repository/Specific Cases Repository/LS/Home/Census/Census_Filters/Page_Home/Page_Home/Location Filter'

13-11-2024T12:38:07 - [TEST_STEP][PASSED] - verifyElementPresent(findTestObject("Object Repository/Specific Cases Repository/LS/Home/Census/Census_Filters/Page_Home/Program_Filter/Page_Home/td_Detoxification"), 0): Object 'Object Repository/Specific Cases Repository/LS/Home/Census/Census_Filters/Page_Home/Program_Filter/Page_Home/td_Detoxification' is present

13-11-2024T12:38:07 - [MESSAGE][WARNING] - Timeout '0' is invalid. Using default page load timeout: '30'

13-11-2024T12:38:08 - [MESSAGE][PASSED] - Object 'Object Repository/Specific Cases Repository/LS/Home/Census/Census_Filters/Page_Home/Program_Filter/Page_Home/td_Detoxification' is present

13-11-2024T12:38:08 - [TEST_STEP][PASSED] - verifyElementPresent(findTestObject("Object Repository/Specific Cases Repository/LS/Home/Census/Census_Filters/Page_Home/Program_Filter/Page_Home/td_Outpatient"), 0): Object 'Object Repository/Specific Cases Repository/LS/Home/Census/Census_Filters/Page_Home/Program_Filter/Page_Home/td_Outpatient' is present

13-11-2024T12:38:08 - [MESSAGE][WARNING] - Timeout '0' is invalid. Using default page load timeout: '30'

13-11-2024T12:38:08 - [MESSAGE][PASSED] - Object 'Object Repository/Specific Cases Repository/LS/Home/Census/Census_Filters/Page_Home/Program_Filter/Page_Home/td_Outpatient' is present

13-11-2024T12:38:08 - [TEST_STEP][PASSED] - click(findTestObject("Object Repository/Specific Cases Repository/LS/Home/Census/Census_Filters/Page_Home/Program_Filter/Page_Home/ul_All")): Object: 'Object Repository/Specific Cases Repository/LS/Home/Census/Census_Filters/Page_Home/Program_Filter/Page_Home/ul_All' is clicked on

13-11-2024T12:38:08 - [MESSAGE][PASSED] - Object: 'Object Repository/Specific Cases Repository/LS/Home/Census/Census_Filters/Page_Home/Program_Filter/Page_Home/ul_All' is clicked on

13-11-2024T12:38:08 - [TEST_STEP][PASSED] - setText(findTestObject("Object Repository/Specific Cases Repository/LS/Home/Census/Census_Filters/Page_Home/Program_Filter/Page_Home/input__select2-search__field"), "detox"): Text 'detox' is set on object 'Object Repository/Specific Cases Repository/LS/Home/Census/Census_Filters/Page_Home/Program_Filter/Page_Home/input__select2-search__field'

13-11-2024T12:38:09 - [MESSAGE][PASSED] - Text 'detox' is set on object 'Object Repository/Specific Cases Repository/LS/Home/Census/Census_Filters/Page_Home/Program_Filter/Page_Home/input__select2-search__field'

13-11-2024T12:38:09 - [TEST_STEP][PASSED] - sendKeys(findTestObject("Object Repository/Specific Cases Repository/LS/Home/Census/Census_Filters/Page_Home/Program_Filter/Page_Home/input__select2-search__field"), Keys.chord(ENTER)): Keys 'ENTER + ' sent to object: 'Object Repository/Specific Cases Repository/LS/Home/Census/Census_Filters/Page_Home/Program_Filter/Page_Home/input__select2-search__field'

13-11-2024T12:38:10 - [MESSAGE][PASSED] - Keys 'ENTER + ' sent to object: 'Object Repository/Specific Cases Repository/LS/Home/Census/Census_Filters/Page_Home/Program_Filter/Page_Home/input__select2-search__field'

13-11-2024T12:38:10 - [TEST_STEP][PASSED] - verifyElementPresent(findTestObject("Object Repository/Specific Cases Repository/LS/Home/Census/Census_Filters/Page_Home/Program_Filter/Page_Home/td_Detoxification"), 0): Object 'Object Repository/Specific Cases Repository/LS/Home/Census/Census_Filters/Page_Home/Program_Filter/Page_Home/td_Detoxification' is present

13-11-2024T12:38:10 - [MESSAGE][WARNING] - Timeout '0' is invalid. Using default page load timeout: '30'

13-11-2024T12:38:11 - [MESSAGE][PASSED] - Object 'Object Repository/Specific Cases Repository/LS/Home/Census/Census_Filters/Page_Home/Program_Filter/Page_Home/td_Detoxification' is present

13-11-2024T12:38:11 - [TEST_STEP][PASSED] - verifyElementNotPresent(findTestObject("Object Repository/Specific Cases Repository/LS/Home/Census/Census_Filters/Page_Home/Program_Filter/Page_Home/td_Outpatient"), 0): Web element with id: 'Object Repository/Specific Cases Repository/LS/Home/Census/Census_Filters/Page_Home/Program_Filter/Page_Home/td_Outpatient' located by 'By.xpath: //td[normalize-space()='Outpatient']' is not present after '30' second(s)

13-11-2024T12:38:11 - [MESSAGE][WARNING] - Timeout '0' is invalid. Using default page load timeout: '30'

13-11-2024T12:38:11 - [MESSAGE][PASSED] - Web element with id: 'Object Repository/Specific Cases Repository/LS/Home/Census/Census_Filters/Page_Home/Program_Filter/Page_Home/td_Outpatient' located by 'By.xpath: //td[normalize-space()='Outpatient']' is not present after '30' second(s)

13-11-2024T12:38:11 - [TEST_STEP][PASSED] - click(findTestObject("Object Repository/Specific Cases Repository/LS/Home/Census/Census_Filters/Page_Home/Program_Filter/Page_Home/ul_Detoxification")): Object: 'Object Repository/Specific Cases Repository/LS/Home/Census/Census_Filters/Page_Home/Program_Filter/Page_Home/ul_Detoxification' is clicked on

13-11-2024T12:38:11 - [MESSAGE][PASSED] - Object: 'Object Repository/Specific Cases Repository/LS/Home/Census/Census_Filters/Page_Home/Program_Filter/Page_Home/ul_Detoxification' is clicked on

13-11-2024T12:38:11 - [TEST_STEP][PASSED] - setText(findTestObject("Object Repository/Specific Cases Repository/LS/Home/Census/Census_Filters/Page_Home/Program_Filter/Page_Home/input__select2-search__field"), "outpatient"): Text 'outpatient' is set on object 'Object Repository/Specific Cases Repository/LS/Home/Census/Census_Filters/Page_Home/Program_Filter/Page_Home/input__select2-search__field'

13-11-2024T12:38:12 - [MESSAGE][PASSED] - Text 'outpatient' is set on object 'Object Repository/Specific Cases Repository/LS/Home/Census/Census_Filters/Page_Home/Program_Filter/Page_Home/input__select2-search__field'

13-11-2024T12:38:12 - [TEST_STEP][PASSED] - sendKeys(findTestObject("Object Repository/Specific Cases Repository/LS/Home/Census/Census_Filters/Page_Home/Program_Filter/Page_Home/input__select2-search__field"), Keys.chord(ENTER)): Keys 'ENTER + ' sent to object: 'Object Repository/Specific Cases Repository/LS/Home/Census/Census_Filters/Page_Home/Program_Filter/Page_Home/input__select2-search__field'

13-11-2024T12:38:13 - [MESSAGE][PASSED] - Keys 'ENTER + ' sent to object: 'Object Repository/Specific Cases Repository/LS/Home/Census/Census_Filters/Page_Home/Program_Filter/Page_Home/input__select2-search__field'

13-11-2024T12:38:13 - [TEST_STEP][PASSED] - click(findTestObject("Object Repository/Specific Cases Repository/LS/Home/Census/Census_Filters/Page_Home/Program_Filter/Page_Home/span_")): Object: 'Object Repository/Specific Cases Repository/LS/Home/Census/Census_Filters/Page_Home/Program_Filter/Page_Home/span_' is clicked on

13-11-2024T12:38:14 - [MESSAGE][PASSED] - Object: 'Object Repository/Specific Cases Repository/LS/Home/Census/Census_Filters/Page_Home/Program_Filter/Page_Home/span_' is clicked on

13-11-2024T12:38:14 - [TEST_STEP][PASSED] - verifyElementPresent(findTestObject("Object Repository/Specific Cases Repository/LS/Home/Census/Census_Filters/Page_Home/Program_Filter/Page_Home/td_Outpatient"), 0): Object 'Object Repository/Specific Cases Repository/LS/Home/Census/Census_Filters/Page_Home/Program_Filter/Page_Home/td_Outpatient' is present

13-11-2024T12:38:14 - [MESSAGE][WARNING] - Timeout '0' is invalid. Using default page load timeout: '30'

13-11-2024T12:38:16 - [MESSAGE][PASSED] - Object 'Object Repository/Specific Cases Repository/LS/Home/Census/Census_Filters/Page_Home/Program_Filter/Page_Home/td_Outpatient' is present

13-11-2024T12:38:16 - [TEST_STEP][PASSED] - verifyElementNotPresent(findTestObject("Object Repository/Specific Cases Repository/LS/Home/Census/Census_Filters/Page_Home/Program_Filter/Page_Home/td_Detoxification"), 0): Web element with id: 'Object Repository/Specific Cases Repository/LS/Home/Census/Census_Filters/Page_Home/Program_Filter/Page_Home/td_Detoxification' located by 'By.xpath: //tr[@class='odd']//td[contains(text(),'Detoxification')]' is not present after '30' second(s)

13-11-2024T12:38:16 - [MESSAGE][WARNING] - Timeout '0' is invalid. Using default page load timeout: '30'

13-11-2024T12:38:16 - [MESSAGE][PASSED] - Web element with id: 'Object Repository/Specific Cases Repository/LS/Home/Census/Census_Filters/Page_Home/Program_Filter/Page_Home/td_Detoxification' located by 'By.xpath: //tr[@class='odd']//td[contains(text(),'Detoxification')]' is not present after '30' second(s)

13-11-2024T12:38:16 - [TEST_STEP][PASSED] - click(findTestObject("Object Repository/Specific Cases Repository/LS/Home/Census/Census_Filters/Page_Home/Program_Filter/Page_Home/span_")): Object: 'Object Repository/Specific Cases Repository/LS/Home/Census/Census_Filters/Page_Home/Program_Filter/Page_Home/span_' is clicked on

13-11-2024T12:38:16 - [MESSAGE][PASSED] - Object: 'Object Repository/Specific Cases Repository/LS/Home/Census/Census_Filters/Page_Home/Program_Filter/Page_Home/span_' is clicked on

13-11-2024T12:38:16 - [TEST_STEP][PASSED] - click(findTestObject("Object Repository/Specific Cases Repository/LS/Home/Census/Census_Filters/Page_Home/Program_Filter/Page_Home/ul_All")): Object: 'Object Repository/Specific Cases Repository/LS/Home/Census/Census_Filters/Page_Home/Program_Filter/Page_Home/ul_All' is clicked on

13-11-2024T12:38:18 - [MESSAGE][PASSED] - Object: 'Object Repository/Specific Cases Repository/LS/Home/Census/Census_Filters/Page_Home/Program_Filter/Page_Home/ul_All' is clicked on

13-11-2024T12:38:18 - [TEST_STEP][PASSED] - setText(findTestObject("Object Repository/Specific Cases Repository/LS/Home/Census/Census_Filters/Page_Home/Program_Filter/Page_Home/input__select2-search__field"), "all"): Text 'all' is set on object 'Object Repository/Specific Cases Repository/LS/Home/Census/Census_Filters/Page_Home/Program_Filter/Page_Home/input__select2-search__field'

13-11-2024T12:38:18 - [MESSAGE][PASSED] - Text 'all' is set on object 'Object Repository/Specific Cases Repository/LS/Home/Census/Census_Filters/Page_Home/Program_Filter/Page_Home/input__select2-search__field'

13-11-2024T12:38:18 - [TEST_STEP][PASSED] - sendKeys(findTestObject("Object Repository/Specific Cases Repository/LS/Home/Census/Census_Filters/Page_Home/Program_Filter/Page_Home/input__select2-search__field"), Keys.chord(ENTER)): Keys 'ENTER + ' sent to object: 'Object Repository/Specific Cases Repository/LS/Home/Census/Census_Filters/Page_Home/Program_Filter/Page_Home/input__select2-search__field'

13-11-2024T12:38:19 - [MESSAGE][PASSED] - Keys 'ENTER + ' sent to object: 'Object Repository/Specific Cases Repository/LS/Home/Census/Census_Filters/Page_Home/Program_Filter/Page_Home/input__select2-search__field'

13-11-2024T12:38:19 - [TEST_STEP][PASSED] - waitForPageLoad(30): Wait for page load successfully

13-11-2024T12:38:19 - [MESSAGE][PASSED] - Wait for page load successfully

13-11-2024T12:38:19 - [TEST_STEP][PASSED] - click(findTestObject("Object Repository/Specific Cases Repository/LS/Home/Census/Census_Filters/Page_Home/Program_Filter/Page_Home/ul_All")): Object: 'Object Repository/Specific Cases Repository/LS/Home/Census/Census_Filters/Page_Home/Program_Filter/Page_Home/ul_All' is clicked on

13-11-2024T12:38:20 - [MESSAGE][PASSED] - Object: 'Object Repository/Specific Cases Repository/LS/Home/Census/Census_Filters/Page_Home/Program_Filter/Page_Home/ul_All' is clicked on

13-11-2024T12:38:20 - [TEST_STEP][PASSED] - setText(findTestObject("Object Repository/Specific Cases Repository/LS/Home/Census/Census_Filters/Page_Home/Program_Filter/Page_Home/input__select2-search__field"), "all"): Text 'all' is set on object 'Object Repository/Specific Cases Repository/LS/Home/Census/Census_Filters/Page_Home/Program_Filter/Page_Home/input__select2-search__field'

13-11-2024T12:38:21 - [MESSAGE][PASSED] - Text 'all' is set on object 'Object Repository/Specific Cases Repository/LS/Home/Census/Census_Filters/Page_Home/Program_Filter/Page_Home/input__select2-search__field'

13-11-2024T12:38:21 - [TEST_STEP][PASSED] - sendKeys(findTestObject("Object Repository/Specific Cases Repository/LS/Home/Census/Census_Filters/Page_Home/Program_Filter/Page_Home/input__select2-search__field"), Keys.chord(ENTER)): Keys 'ENTER + ' sent to object: 'Object Repository/Specific Cases Repository/LS/Home/Census/Census_Filters/Page_Home/Program_Filter/Page_Home/input__select2-search__field'

13-11-2024T12:38:22 - [MESSAGE][PASSED] - Keys 'ENTER + ' sent to object: 'Object Repository/Specific Cases Repository/LS/Home/Census/Census_Filters/Page_Home/Program_Filter/Page_Home/input__select2-search__field'

13-11-2024T12:38:22 - [TEST_STEP][PASSED] - closeBrowser(): Browser is closed

13-11-2024T12:38:22 - [MESSAGE][PASSED] - Browser is closed]]></system-out>
         <system-err><![CDATA[]]></system-err>
      </testcase>
      <testcase name="Test Cases/Specific Cases/LS/General/Census/Census/Census_Sorting" time="66.111" classname="Test Cases/Specific Cases/LS/General/Census/Census/Census_Sorting" status="PASSED">
         <system-out><![CDATA[13-11-2024T12:38:22 - [TEST_CASE][PASSED] - Test Cases/Specific Cases/LS/General/Census/Census/Census_Sorting: Test Cases/Specific Cases/LS/General/Census/Census/Census_Sorting

13-11-2024T12:38:22 - [TEST_STEP][PASSED] - callTestCase(findTestCase("Common Cases/Login"), [:], STOP_ON_FAILURE): Call Test Case 'Test Cases/Common Cases/Login' successfully

13-11-2024T12:38:22 - [TEST_CASE][PASSED] - Test Cases/Common Cases/Login: Test Cases/Common Cases/Login

13-11-2024T12:38:22 - [TEST_STEP][PASSED] - openBrowser(""): Browser is opened with url: ''

13-11-2024T12:38:22 - [MESSAGE][INFO] - Starting 'Chrome' driver

13-11-2024T12:38:22 - [MESSAGE][INFO] - Action delay is set to 0 milliseconds

13-11-2024T12:38:23 - [MESSAGE][PASSED] - Browser is opened with url: ''

13-11-2024T12:38:23 - [TEST_STEP][PASSED] - maximizeWindow(): Current window maximized

13-11-2024T12:38:23 - [MESSAGE][PASSED] - Current window maximized

13-11-2024T12:38:23 - [TEST_STEP][PASSED] - navigateToUrl("https://site17.lsapp.cloud/auth/login"): Navigate to 'https://site17.lsapp.cloud/auth/login' successfully

13-11-2024T12:38:24 - [MESSAGE][PASSED] - Navigate to 'https://site17.lsapp.cloud/auth/login' successfully

13-11-2024T12:38:24 - [TEST_STEP][PASSED] - setText(findTestObject("Object Repository/Common Cases Repository/Login/Page_Lightning Step/input_Email_email"), "automation@lightningstep.com"): Text 'automation@lightningstep.com' is set on object 'Object Repository/Common Cases Repository/Login/Page_Lightning Step/input_Email_email'

13-11-2024T12:38:25 - [MESSAGE][PASSED] - Text 'automation@lightningstep.com' is set on object 'Object Repository/Common Cases Repository/Login/Page_Lightning Step/input_Email_email'

13-11-2024T12:38:25 - [TEST_STEP][PASSED] - setEncryptedText(findTestObject("Object Repository/Common Cases Repository/Login/Page_Lightning Step/input_Password_password"), "e5N8VHmnhJDITtQaQhDQDw=="): Text ****** has been set on object 'Object Repository/Common Cases Repository/Login/Page_Lightning Step/input_Password_password'

13-11-2024T12:38:25 - [MESSAGE][PASSED] - Text ****** has been set on object 'Object Repository/Common Cases Repository/Login/Page_Lightning Step/input_Password_password'

13-11-2024T12:38:25 - [TEST_STEP][PASSED] - click(findTestObject("Object Repository/Common Cases Repository/Login/Page_Lightning Step/button_Sign in")): Object: 'Object Repository/Common Cases Repository/Login/Page_Lightning Step/button_Sign in' is clicked on

13-11-2024T12:38:32 - [MESSAGE][PASSED] - Object: 'Object Repository/Common Cases Repository/Login/Page_Lightning Step/button_Sign in' is clicked on

13-11-2024T12:38:32 - [MESSAGE][PASSED] - Call Test Case 'Test Cases/Common Cases/Login' successfully

13-11-2024T12:38:32 - [TEST_STEP][PASSED] - click(findTestObject("Object Repository/Specific Cases Repository/LS/Home/Census/Census Sorting/Page_Home/a_Census")): Object: 'Object Repository/Specific Cases Repository/LS/Home/Census/Census Sorting/Page_Home/a_Census' is clicked on

13-11-2024T12:38:33 - [MESSAGE][PASSED] - Object: 'Object Repository/Specific Cases Repository/LS/Home/Census/Census Sorting/Page_Home/a_Census' is clicked on

13-11-2024T12:38:33 - [TEST_STEP][PASSED] - click(findTestObject("Object Repository/Specific Cases Repository/LS/Home/Census/Census Sorting/Page_Home/th_Client")): Object: 'Object Repository/Specific Cases Repository/LS/Home/Census/Census Sorting/Page_Home/th_Client' is clicked on

13-11-2024T12:38:35 - [MESSAGE][PASSED] - Object: 'Object Repository/Specific Cases Repository/LS/Home/Census/Census Sorting/Page_Home/th_Client' is clicked on

13-11-2024T12:38:35 - [TEST_STEP][PASSED] - click(findTestObject("Object Repository/Specific Cases Repository/LS/Home/Census/Census Sorting/Page_Home/th_Client")): Object: 'Object Repository/Specific Cases Repository/LS/Home/Census/Census Sorting/Page_Home/th_Client' is clicked on

13-11-2024T12:38:36 - [MESSAGE][PASSED] - Object: 'Object Repository/Specific Cases Repository/LS/Home/Census/Census Sorting/Page_Home/th_Client' is clicked on

13-11-2024T12:38:36 - [TEST_STEP][PASSED] - click(findTestObject("Object Repository/Specific Cases Repository/LS/Home/Census/Census Sorting/Page_Home/th_Client")): Object: 'Object Repository/Specific Cases Repository/LS/Home/Census/Census Sorting/Page_Home/th_Client' is clicked on

13-11-2024T12:38:38 - [MESSAGE][PASSED] - Object: 'Object Repository/Specific Cases Repository/LS/Home/Census/Census Sorting/Page_Home/th_Client' is clicked on

13-11-2024T12:38:38 - [TEST_STEP][PASSED] - click(findTestObject("Object Repository/Specific Cases Repository/LS/Home/Census/Census Sorting/Page_Home/th_MRN")): Object: 'Object Repository/Specific Cases Repository/LS/Home/Census/Census Sorting/Page_Home/th_MRN' is clicked on

13-11-2024T12:38:39 - [MESSAGE][PASSED] - Object: 'Object Repository/Specific Cases Repository/LS/Home/Census/Census Sorting/Page_Home/th_MRN' is clicked on

13-11-2024T12:38:39 - [TEST_STEP][PASSED] - click(findTestObject("Object Repository/Specific Cases Repository/LS/Home/Census/Census Sorting/Page_Home/th_MRN")): Object: 'Object Repository/Specific Cases Repository/LS/Home/Census/Census Sorting/Page_Home/th_MRN' is clicked on

13-11-2024T12:38:40 - [MESSAGE][PASSED] - Object: 'Object Repository/Specific Cases Repository/LS/Home/Census/Census Sorting/Page_Home/th_MRN' is clicked on

13-11-2024T12:38:40 - [TEST_STEP][PASSED] - click(findTestObject("Object Repository/Specific Cases Repository/LS/Home/Census/Census Sorting/Page_Home/th_MRN")): Object: 'Object Repository/Specific Cases Repository/LS/Home/Census/Census Sorting/Page_Home/th_MRN' is clicked on

13-11-2024T12:38:42 - [MESSAGE][PASSED] - Object: 'Object Repository/Specific Cases Repository/LS/Home/Census/Census Sorting/Page_Home/th_MRN' is clicked on

13-11-2024T12:38:42 - [TEST_STEP][PASSED] - click(findTestObject("Object Repository/Specific Cases Repository/LS/Home/Census/Census Sorting/Page_Home/th_DOB")): Object: 'Object Repository/Specific Cases Repository/LS/Home/Census/Census Sorting/Page_Home/th_DOB' is clicked on

13-11-2024T12:38:43 - [MESSAGE][PASSED] - Object: 'Object Repository/Specific Cases Repository/LS/Home/Census/Census Sorting/Page_Home/th_DOB' is clicked on

13-11-2024T12:38:43 - [TEST_STEP][PASSED] - click(findTestObject("Object Repository/Specific Cases Repository/LS/Home/Census/Census Sorting/Page_Home/th_DOB")): Object: 'Object Repository/Specific Cases Repository/LS/Home/Census/Census Sorting/Page_Home/th_DOB' is clicked on

13-11-2024T12:38:44 - [MESSAGE][PASSED] - Object: 'Object Repository/Specific Cases Repository/LS/Home/Census/Census Sorting/Page_Home/th_DOB' is clicked on

13-11-2024T12:38:44 - [TEST_STEP][PASSED] - click(findTestObject("Object Repository/Specific Cases Repository/LS/Home/Census/Census Sorting/Page_Home/th_DOB")): Object: 'Object Repository/Specific Cases Repository/LS/Home/Census/Census Sorting/Page_Home/th_DOB' is clicked on

13-11-2024T12:38:45 - [MESSAGE][PASSED] - Object: 'Object Repository/Specific Cases Repository/LS/Home/Census/Census Sorting/Page_Home/th_DOB' is clicked on

13-11-2024T12:38:45 - [TEST_STEP][PASSED] - click(findTestObject("Object Repository/Specific Cases Repository/LS/Home/Census/Census Sorting/Page_Home/th_Admission")): Object: 'Object Repository/Specific Cases Repository/LS/Home/Census/Census Sorting/Page_Home/th_Admission' is clicked on

13-11-2024T12:38:46 - [MESSAGE][PASSED] - Object: 'Object Repository/Specific Cases Repository/LS/Home/Census/Census Sorting/Page_Home/th_Admission' is clicked on

13-11-2024T12:38:46 - [TEST_STEP][PASSED] - click(findTestObject("Object Repository/Specific Cases Repository/LS/Home/Census/Census Sorting/Page_Home/th_Admission")): Object: 'Object Repository/Specific Cases Repository/LS/Home/Census/Census Sorting/Page_Home/th_Admission' is clicked on

13-11-2024T12:38:48 - [MESSAGE][PASSED] - Object: 'Object Repository/Specific Cases Repository/LS/Home/Census/Census Sorting/Page_Home/th_Admission' is clicked on

13-11-2024T12:38:48 - [TEST_STEP][PASSED] - click(findTestObject("Object Repository/Specific Cases Repository/LS/Home/Census/Census Sorting/Page_Home/th_Admission")): Object: 'Object Repository/Specific Cases Repository/LS/Home/Census/Census Sorting/Page_Home/th_Admission' is clicked on

13-11-2024T12:38:50 - [MESSAGE][PASSED] - Object: 'Object Repository/Specific Cases Repository/LS/Home/Census/Census Sorting/Page_Home/th_Admission' is clicked on

13-11-2024T12:38:50 - [TEST_STEP][PASSED] - click(findTestObject("Object Repository/Specific Cases Repository/LS/Home/Census/Census Sorting/Page_Home/th_Program Admission")): Object: 'Object Repository/Specific Cases Repository/LS/Home/Census/Census Sorting/Page_Home/th_Program Admission' is clicked on

13-11-2024T12:38:51 - [MESSAGE][PASSED] - Object: 'Object Repository/Specific Cases Repository/LS/Home/Census/Census Sorting/Page_Home/th_Program Admission' is clicked on

13-11-2024T12:38:51 - [TEST_STEP][PASSED] - click(findTestObject("Object Repository/Specific Cases Repository/LS/Home/Census/Census Sorting/Page_Home/th_Program Admission")): Object: 'Object Repository/Specific Cases Repository/LS/Home/Census/Census Sorting/Page_Home/th_Program Admission' is clicked on

13-11-2024T12:38:53 - [MESSAGE][PASSED] - Object: 'Object Repository/Specific Cases Repository/LS/Home/Census/Census Sorting/Page_Home/th_Program Admission' is clicked on

13-11-2024T12:38:53 - [TEST_STEP][PASSED] - click(findTestObject("Object Repository/Specific Cases Repository/LS/Home/Census/Census Sorting/Page_Home/th_Program Admission")): Object: 'Object Repository/Specific Cases Repository/LS/Home/Census/Census Sorting/Page_Home/th_Program Admission' is clicked on

13-11-2024T12:38:54 - [MESSAGE][PASSED] - Object: 'Object Repository/Specific Cases Repository/LS/Home/Census/Census Sorting/Page_Home/th_Program Admission' is clicked on

13-11-2024T12:38:54 - [TEST_STEP][PASSED] - click(findTestObject("Object Repository/Specific Cases Repository/LS/Home/Census/Census Sorting/Page_Home/th_Program")): Object: 'Object Repository/Specific Cases Repository/LS/Home/Census/Census Sorting/Page_Home/th_Program' is clicked on

13-11-2024T12:38:55 - [MESSAGE][PASSED] - Object: 'Object Repository/Specific Cases Repository/LS/Home/Census/Census Sorting/Page_Home/th_Program' is clicked on

13-11-2024T12:38:55 - [TEST_STEP][PASSED] - click(findTestObject("Object Repository/Specific Cases Repository/LS/Home/Census/Census Sorting/Page_Home/th_Program")): Object: 'Object Repository/Specific Cases Repository/LS/Home/Census/Census Sorting/Page_Home/th_Program' is clicked on

13-11-2024T12:38:56 - [MESSAGE][PASSED] - Object: 'Object Repository/Specific Cases Repository/LS/Home/Census/Census Sorting/Page_Home/th_Program' is clicked on

13-11-2024T12:38:56 - [TEST_STEP][PASSED] - click(findTestObject("Object Repository/Specific Cases Repository/LS/Home/Census/Census Sorting/Page_Home/th_Program")): Object: 'Object Repository/Specific Cases Repository/LS/Home/Census/Census Sorting/Page_Home/th_Program' is clicked on

13-11-2024T12:38:57 - [MESSAGE][PASSED] - Object: 'Object Repository/Specific Cases Repository/LS/Home/Census/Census Sorting/Page_Home/th_Program' is clicked on

13-11-2024T12:38:57 - [TEST_STEP][PASSED] - click(findTestObject("Object Repository/Specific Cases Repository/LS/Home/Census/Census Sorting/Page_Home/th_Location")): Object: 'Object Repository/Specific Cases Repository/LS/Home/Census/Census Sorting/Page_Home/th_Location' is clicked on

13-11-2024T12:38:59 - [MESSAGE][PASSED] - Object: 'Object Repository/Specific Cases Repository/LS/Home/Census/Census Sorting/Page_Home/th_Location' is clicked on

13-11-2024T12:38:59 - [TEST_STEP][PASSED] - click(findTestObject("Object Repository/Specific Cases Repository/LS/Home/Census/Census Sorting/Page_Home/th_Location")): Object: 'Object Repository/Specific Cases Repository/LS/Home/Census/Census Sorting/Page_Home/th_Location' is clicked on

13-11-2024T12:39:02 - [MESSAGE][PASSED] - Object: 'Object Repository/Specific Cases Repository/LS/Home/Census/Census Sorting/Page_Home/th_Location' is clicked on

13-11-2024T12:39:02 - [TEST_STEP][PASSED] - click(findTestObject("Object Repository/Specific Cases Repository/LS/Home/Census/Census Sorting/Page_Home/th_Location")): Object: 'Object Repository/Specific Cases Repository/LS/Home/Census/Census Sorting/Page_Home/th_Location' is clicked on

13-11-2024T12:39:03 - [MESSAGE][PASSED] - Object: 'Object Repository/Specific Cases Repository/LS/Home/Census/Census Sorting/Page_Home/th_Location' is clicked on

13-11-2024T12:39:03 - [TEST_STEP][PASSED] - click(findTestObject("Object Repository/Specific Cases Repository/LS/Home/Census/Census Sorting/Page_Home/th_Primary Counselor")): Object: 'Object Repository/Specific Cases Repository/LS/Home/Census/Census Sorting/Page_Home/th_Primary Counselor' is clicked on

13-11-2024T12:39:04 - [MESSAGE][PASSED] - Object: 'Object Repository/Specific Cases Repository/LS/Home/Census/Census Sorting/Page_Home/th_Primary Counselor' is clicked on

13-11-2024T12:39:04 - [TEST_STEP][PASSED] - click(findTestObject("Object Repository/Specific Cases Repository/LS/Home/Census/Census Sorting/Page_Home/th_Primary Counselor")): Object: 'Object Repository/Specific Cases Repository/LS/Home/Census/Census Sorting/Page_Home/th_Primary Counselor' is clicked on

13-11-2024T12:39:06 - [MESSAGE][PASSED] - Object: 'Object Repository/Specific Cases Repository/LS/Home/Census/Census Sorting/Page_Home/th_Primary Counselor' is clicked on

13-11-2024T12:39:06 - [TEST_STEP][PASSED] - click(findTestObject("Object Repository/Specific Cases Repository/LS/Home/Census/Census Sorting/Page_Home/th_Primary Counselor")): Object: 'Object Repository/Specific Cases Repository/LS/Home/Census/Census Sorting/Page_Home/th_Primary Counselor' is clicked on

13-11-2024T12:39:07 - [MESSAGE][PASSED] - Object: 'Object Repository/Specific Cases Repository/LS/Home/Census/Census Sorting/Page_Home/th_Primary Counselor' is clicked on

13-11-2024T12:39:07 - [TEST_STEP][PASSED] - click(findTestObject("Object Repository/Specific Cases Repository/LS/Home/Census/Census Sorting/Page_Home/th_Unit - Room - Bed")): Object: 'Object Repository/Specific Cases Repository/LS/Home/Census/Census Sorting/Page_Home/th_Unit - Room - Bed' is clicked on

13-11-2024T12:39:08 - [MESSAGE][PASSED] - Object: 'Object Repository/Specific Cases Repository/LS/Home/Census/Census Sorting/Page_Home/th_Unit - Room - Bed' is clicked on

13-11-2024T12:39:08 - [TEST_STEP][PASSED] - click(findTestObject("Object Repository/Specific Cases Repository/LS/Home/Census/Census Sorting/Page_Home/th_Unit - Room - Bed")): Object: 'Object Repository/Specific Cases Repository/LS/Home/Census/Census Sorting/Page_Home/th_Unit - Room - Bed' is clicked on

13-11-2024T12:39:10 - [MESSAGE][PASSED] - Object: 'Object Repository/Specific Cases Repository/LS/Home/Census/Census Sorting/Page_Home/th_Unit - Room - Bed' is clicked on

13-11-2024T12:39:10 - [TEST_STEP][PASSED] - click(findTestObject("Object Repository/Specific Cases Repository/LS/Home/Census/Census Sorting/Page_Home/th_Unit - Room - Bed")): Object: 'Object Repository/Specific Cases Repository/LS/Home/Census/Census Sorting/Page_Home/th_Unit - Room - Bed' is clicked on

13-11-2024T12:39:11 - [MESSAGE][PASSED] - Object: 'Object Repository/Specific Cases Repository/LS/Home/Census/Census Sorting/Page_Home/th_Unit - Room - Bed' is clicked on

13-11-2024T12:39:11 - [TEST_STEP][PASSED] - click(findTestObject("Object Repository/Specific Cases Repository/LS/Home/Census/Census Sorting/Page_Home/th_Authorized To")): Object: 'Object Repository/Specific Cases Repository/LS/Home/Census/Census Sorting/Page_Home/th_Authorized To' is clicked on

13-11-2024T12:39:12 - [MESSAGE][PASSED] - Object: 'Object Repository/Specific Cases Repository/LS/Home/Census/Census Sorting/Page_Home/th_Authorized To' is clicked on

13-11-2024T12:39:12 - [TEST_STEP][PASSED] - click(findTestObject("Object Repository/Specific Cases Repository/LS/Home/Census/Census Sorting/Page_Home/th_Authorized To")): Object: 'Object Repository/Specific Cases Repository/LS/Home/Census/Census Sorting/Page_Home/th_Authorized To' is clicked on

13-11-2024T12:39:14 - [MESSAGE][PASSED] - Object: 'Object Repository/Specific Cases Repository/LS/Home/Census/Census Sorting/Page_Home/th_Authorized To' is clicked on

13-11-2024T12:39:14 - [TEST_STEP][PASSED] - click(findTestObject("Object Repository/Specific Cases Repository/LS/Home/Census/Census Sorting/Page_Home/th_Authorized To")): Object: 'Object Repository/Specific Cases Repository/LS/Home/Census/Census Sorting/Page_Home/th_Authorized To' is clicked on

13-11-2024T12:39:15 - [MESSAGE][PASSED] - Object: 'Object Repository/Specific Cases Repository/LS/Home/Census/Census Sorting/Page_Home/th_Authorized To' is clicked on

13-11-2024T12:39:15 - [TEST_STEP][PASSED] - click(findTestObject("Object Repository/Specific Cases Repository/LS/Home/Census/Census Sorting/Page_Home/th_Referral Source")): Object: 'Object Repository/Specific Cases Repository/LS/Home/Census/Census Sorting/Page_Home/th_Referral Source' is clicked on

13-11-2024T12:39:17 - [MESSAGE][PASSED] - Object: 'Object Repository/Specific Cases Repository/LS/Home/Census/Census Sorting/Page_Home/th_Referral Source' is clicked on

13-11-2024T12:39:17 - [TEST_STEP][PASSED] - click(findTestObject("Object Repository/Specific Cases Repository/LS/Home/Census/Census Sorting/Page_Home/th_Referral Source")): Object: 'Object Repository/Specific Cases Repository/LS/Home/Census/Census Sorting/Page_Home/th_Referral Source' is clicked on

13-11-2024T12:39:18 - [MESSAGE][PASSED] - Object: 'Object Repository/Specific Cases Repository/LS/Home/Census/Census Sorting/Page_Home/th_Referral Source' is clicked on

13-11-2024T12:39:18 - [TEST_STEP][PASSED] - click(findTestObject("Object Repository/Specific Cases Repository/LS/Home/Census/Census Sorting/Page_Home/th_Referral Source")): Object: 'Object Repository/Specific Cases Repository/LS/Home/Census/Census Sorting/Page_Home/th_Referral Source' is clicked on

13-11-2024T12:39:19 - [MESSAGE][PASSED] - Object: 'Object Repository/Specific Cases Repository/LS/Home/Census/Census Sorting/Page_Home/th_Referral Source' is clicked on

13-11-2024T12:39:19 - [TEST_STEP][PASSED] - click(findTestObject("Object Repository/Specific Cases Repository/LS/Home/Census/Census Sorting/Page_Home/th_Proj Discharge")): Object: 'Object Repository/Specific Cases Repository/LS/Home/Census/Census Sorting/Page_Home/th_Proj Discharge' is clicked on

13-11-2024T12:39:21 - [MESSAGE][PASSED] - Object: 'Object Repository/Specific Cases Repository/LS/Home/Census/Census Sorting/Page_Home/th_Proj Discharge' is clicked on

13-11-2024T12:39:21 - [TEST_STEP][PASSED] - click(findTestObject("Object Repository/Specific Cases Repository/LS/Home/Census/Census Sorting/Page_Home/th_Proj Discharge")): Object: 'Object Repository/Specific Cases Repository/LS/Home/Census/Census Sorting/Page_Home/th_Proj Discharge' is clicked on

13-11-2024T12:39:22 - [MESSAGE][PASSED] - Object: 'Object Repository/Specific Cases Repository/LS/Home/Census/Census Sorting/Page_Home/th_Proj Discharge' is clicked on

13-11-2024T12:39:22 - [TEST_STEP][PASSED] - click(findTestObject("Object Repository/Specific Cases Repository/LS/Home/Census/Census Sorting/Page_Home/th_Proj Discharge")): Object: 'Object Repository/Specific Cases Repository/LS/Home/Census/Census Sorting/Page_Home/th_Proj Discharge' is clicked on

13-11-2024T12:39:24 - [MESSAGE][PASSED] - Object: 'Object Repository/Specific Cases Repository/LS/Home/Census/Census Sorting/Page_Home/th_Proj Discharge' is clicked on

13-11-2024T12:39:24 - [TEST_STEP][PASSED] - click(findTestObject("Object Repository/Specific Cases Repository/LS/Home/Census/Census Sorting/Page_Home/th_Payor")): Object: 'Object Repository/Specific Cases Repository/LS/Home/Census/Census Sorting/Page_Home/th_Payor' is clicked on

13-11-2024T12:39:25 - [MESSAGE][PASSED] - Object: 'Object Repository/Specific Cases Repository/LS/Home/Census/Census Sorting/Page_Home/th_Payor' is clicked on

13-11-2024T12:39:25 - [TEST_STEP][PASSED] - click(findTestObject("Object Repository/Specific Cases Repository/LS/Home/Census/Census Sorting/Page_Home/th_Payor")): Object: 'Object Repository/Specific Cases Repository/LS/Home/Census/Census Sorting/Page_Home/th_Payor' is clicked on

13-11-2024T12:39:26 - [MESSAGE][PASSED] - Object: 'Object Repository/Specific Cases Repository/LS/Home/Census/Census Sorting/Page_Home/th_Payor' is clicked on

13-11-2024T12:39:26 - [TEST_STEP][PASSED] - click(findTestObject("Object Repository/Specific Cases Repository/LS/Home/Census/Census Sorting/Page_Home/th_Payor")): Object: 'Object Repository/Specific Cases Repository/LS/Home/Census/Census Sorting/Page_Home/th_Payor' is clicked on

13-11-2024T12:39:28 - [MESSAGE][PASSED] - Object: 'Object Repository/Specific Cases Repository/LS/Home/Census/Census Sorting/Page_Home/th_Payor' is clicked on

13-11-2024T12:39:28 - [TEST_STEP][PASSED] - closeBrowser(): Browser is closed

13-11-2024T12:39:28 - [MESSAGE][PASSED] - Browser is closed]]></system-out>
         <system-err><![CDATA[]]></system-err>
      </testcase>
      <testcase name="Test Cases/Specific Cases/LS/General/Census/Census/Census_Searching_and_Toggle_Columns" time="51.455" classname="Test Cases/Specific Cases/LS/General/Census/Census/Census_Searching_and_Toggle_Columns" status="PASSED">
         <system-out><![CDATA[13-11-2024T12:39:28 - [TEST_CASE][PASSED] - Test Cases/Specific Cases/LS/General/Census/Census/Census_Searching_and_Toggle_Columns: Test Cases/Specific Cases/LS/General/Census/Census/Census_Searching_and_Toggle_Columns

13-11-2024T12:39:28 - [TEST_STEP][PASSED] - callTestCase(findTestCase("Common Cases/Login"), [:], STOP_ON_FAILURE): Call Test Case 'Test Cases/Common Cases/Login' successfully

13-11-2024T12:39:28 - [TEST_CASE][PASSED] - Test Cases/Common Cases/Login: Test Cases/Common Cases/Login

13-11-2024T12:39:28 - [TEST_STEP][PASSED] - openBrowser(""): Browser is opened with url: ''

13-11-2024T12:39:28 - [MESSAGE][INFO] - Starting 'Chrome' driver

13-11-2024T12:39:28 - [MESSAGE][INFO] - Action delay is set to 0 milliseconds

13-11-2024T12:39:29 - [MESSAGE][PASSED] - Browser is opened with url: ''

13-11-2024T12:39:29 - [TEST_STEP][PASSED] - maximizeWindow(): Current window maximized

13-11-2024T12:39:29 - [MESSAGE][PASSED] - Current window maximized

13-11-2024T12:39:29 - [TEST_STEP][PASSED] - navigateToUrl("https://site17.lsapp.cloud/auth/login"): Navigate to 'https://site17.lsapp.cloud/auth/login' successfully

13-11-2024T12:39:30 - [MESSAGE][PASSED] - Navigate to 'https://site17.lsapp.cloud/auth/login' successfully

13-11-2024T12:39:30 - [TEST_STEP][PASSED] - setText(findTestObject("Object Repository/Common Cases Repository/Login/Page_Lightning Step/input_Email_email"), "automation@lightningstep.com"): Text 'automation@lightningstep.com' is set on object 'Object Repository/Common Cases Repository/Login/Page_Lightning Step/input_Email_email'

13-11-2024T12:39:31 - [MESSAGE][PASSED] - Text 'automation@lightningstep.com' is set on object 'Object Repository/Common Cases Repository/Login/Page_Lightning Step/input_Email_email'

13-11-2024T12:39:31 - [TEST_STEP][PASSED] - setEncryptedText(findTestObject("Object Repository/Common Cases Repository/Login/Page_Lightning Step/input_Password_password"), "e5N8VHmnhJDITtQaQhDQDw=="): Text ****** has been set on object 'Object Repository/Common Cases Repository/Login/Page_Lightning Step/input_Password_password'

13-11-2024T12:39:31 - [MESSAGE][PASSED] - Text ****** has been set on object 'Object Repository/Common Cases Repository/Login/Page_Lightning Step/input_Password_password'

13-11-2024T12:39:31 - [TEST_STEP][PASSED] - click(findTestObject("Object Repository/Common Cases Repository/Login/Page_Lightning Step/button_Sign in")): Object: 'Object Repository/Common Cases Repository/Login/Page_Lightning Step/button_Sign in' is clicked on

13-11-2024T12:39:37 - [MESSAGE][PASSED] - Object: 'Object Repository/Common Cases Repository/Login/Page_Lightning Step/button_Sign in' is clicked on

13-11-2024T12:39:37 - [MESSAGE][PASSED] - Call Test Case 'Test Cases/Common Cases/Login' successfully

13-11-2024T12:39:37 - [TEST_STEP][PASSED] - click(findTestObject("Object Repository/Specific Cases Repository/LS/Home/Census/Census_Filters/Page_Home/Page_Home/a_Census")): Object: 'Object Repository/Specific Cases Repository/LS/Home/Census/Census_Filters/Page_Home/Page_Home/a_Census' is clicked on

13-11-2024T12:39:39 - [MESSAGE][PASSED] - Object: 'Object Repository/Specific Cases Repository/LS/Home/Census/Census_Filters/Page_Home/Page_Home/a_Census' is clicked on

13-11-2024T12:39:39 - [TEST_STEP][PASSED] - click(findTestObject("Object Repository/Specific Cases Repository/LS/Home/Census/Census_Filters/Page_Home/Program_Filter/Page_Home/ul_All")): Object: 'Object Repository/Specific Cases Repository/LS/Home/Census/Census_Filters/Page_Home/Program_Filter/Page_Home/ul_All' is clicked on

13-11-2024T12:39:41 - [MESSAGE][PASSED] - Object: 'Object Repository/Specific Cases Repository/LS/Home/Census/Census_Filters/Page_Home/Program_Filter/Page_Home/ul_All' is clicked on

13-11-2024T12:39:41 - [TEST_STEP][PASSED] - setText(findTestObject("Object Repository/Specific Cases Repository/LS/Home/Census/Census_Filters/Page_Home/Program_Filter/Page_Home/input__select2-search__field"), "all"): Text 'all' is set on object 'Object Repository/Specific Cases Repository/LS/Home/Census/Census_Filters/Page_Home/Program_Filter/Page_Home/input__select2-search__field'

13-11-2024T12:39:42 - [MESSAGE][PASSED] - Text 'all' is set on object 'Object Repository/Specific Cases Repository/LS/Home/Census/Census_Filters/Page_Home/Program_Filter/Page_Home/input__select2-search__field'

13-11-2024T12:39:42 - [TEST_STEP][PASSED] - sendKeys(findTestObject("Object Repository/Specific Cases Repository/LS/Home/Census/Census_Filters/Page_Home/Program_Filter/Page_Home/input__select2-search__field"), Keys.chord(ENTER)): Keys 'ENTER + ' sent to object: 'Object Repository/Specific Cases Repository/LS/Home/Census/Census_Filters/Page_Home/Program_Filter/Page_Home/input__select2-search__field'

13-11-2024T12:39:42 - [MESSAGE][PASSED] - Keys 'ENTER + ' sent to object: 'Object Repository/Specific Cases Repository/LS/Home/Census/Census_Filters/Page_Home/Program_Filter/Page_Home/input__select2-search__field'

13-11-2024T12:39:42 - [TEST_STEP][PASSED] - click(findTestObject("Object Repository/Specific Cases Repository/LS/Home/Census/Census_Filters/Page_Home/Page_Home/ul_All")): Object: 'Object Repository/Specific Cases Repository/LS/Home/Census/Census_Filters/Page_Home/Page_Home/ul_All' is clicked on

13-11-2024T12:39:42 - [MESSAGE][PASSED] - Object: 'Object Repository/Specific Cases Repository/LS/Home/Census/Census_Filters/Page_Home/Page_Home/ul_All' is clicked on

13-11-2024T12:39:42 - [TEST_STEP][PASSED] - setText(findTestObject("Object Repository/Specific Cases Repository/LS/Home/Census/Census_Filters/Page_Home/Page_Home/Location Filter"), "all"): Text 'all' is set on object 'Object Repository/Specific Cases Repository/LS/Home/Census/Census_Filters/Page_Home/Page_Home/Location Filter'

13-11-2024T12:39:43 - [MESSAGE][PASSED] - Text 'all' is set on object 'Object Repository/Specific Cases Repository/LS/Home/Census/Census_Filters/Page_Home/Page_Home/Location Filter'

13-11-2024T12:39:43 - [TEST_STEP][PASSED] - sendKeys(findTestObject("Object Repository/Specific Cases Repository/LS/Home/Census/Census_Filters/Page_Home/Page_Home/Location Filter"), Keys.chord(ENTER)): Keys 'ENTER + ' sent to object: 'Object Repository/Specific Cases Repository/LS/Home/Census/Census_Filters/Page_Home/Page_Home/Location Filter'

13-11-2024T12:39:44 - [MESSAGE][PASSED] - Keys 'ENTER + ' sent to object: 'Object Repository/Specific Cases Repository/LS/Home/Census/Census_Filters/Page_Home/Page_Home/Location Filter'

13-11-2024T12:39:44 - [TEST_STEP][PASSED] - click(findTestObject("Object Repository/Specific Cases Repository/LS/Home/Census/Census_Searchin_and_Toggle_Columns/Page_Home/a_Census")): Object: 'Object Repository/Specific Cases Repository/LS/Home/Census/Census_Searchin_and_Toggle_Columns/Page_Home/a_Census' is clicked on

13-11-2024T12:39:44 - [MESSAGE][PASSED] - Object: 'Object Repository/Specific Cases Repository/LS/Home/Census/Census_Searchin_and_Toggle_Columns/Page_Home/a_Census' is clicked on

13-11-2024T12:39:44 - [TEST_STEP][PASSED] - click(findTestObject("Object Repository/Specific Cases Repository/LS/Home/Census/Census_Searchin_and_Toggle_Columns/Page_Home/label_Search")): Object: 'Object Repository/Specific Cases Repository/LS/Home/Census/Census_Searchin_and_Toggle_Columns/Page_Home/label_Search' is clicked on

13-11-2024T12:39:46 - [MESSAGE][PASSED] - Object: 'Object Repository/Specific Cases Repository/LS/Home/Census/Census_Searchin_and_Toggle_Columns/Page_Home/label_Search' is clicked on

13-11-2024T12:39:46 - [TEST_STEP][PASSED] - setText(findTestObject("Object Repository/Specific Cases Repository/LS/Home/Census/Census_Searchin_and_Toggle_Columns/Page_Home/input_Search_form-control input-sm"), "b a"): Text 'b a' is set on object 'Object Repository/Specific Cases Repository/LS/Home/Census/Census_Searchin_and_Toggle_Columns/Page_Home/input_Search_form-control input-sm'

13-11-2024T12:39:47 - [MESSAGE][PASSED] - Text 'b a' is set on object 'Object Repository/Specific Cases Repository/LS/Home/Census/Census_Searchin_and_Toggle_Columns/Page_Home/input_Search_form-control input-sm'

13-11-2024T12:39:47 - [TEST_STEP][PASSED] - verifyElementText(findTestObject("Object Repository/Specific Cases Repository/LS/Home/Census/Census_Searchin_and_Toggle_Columns/Page_Home/a_B Automation, B Client"), "B Automation, B Client"): Actual text and expected text of test object 'Object Repository/Specific Cases Repository/LS/Home/Census/Census_Searchin_and_Toggle_Columns/Page_Home/a_B Automation, B Client' are matched.

13-11-2024T12:39:47 - [MESSAGE][PASSED] - Actual text and expected text of test object 'Object Repository/Specific Cases Repository/LS/Home/Census/Census_Searchin_and_Toggle_Columns/Page_Home/a_B Automation, B Client' are matched.

13-11-2024T12:39:47 - [TEST_STEP][PASSED] - verifyElementNotPresent(findTestObject("Specific Cases Repository/LS/Home/Census/Census_Searchin_and_Toggle_Columns/Page_Home/A Client"), 0): Web element with id: 'Object Repository/Specific Cases Repository/LS/Home/Census/Census_Searchin_and_Toggle_Columns/Page_Home/A Client' located by 'By.xpath: //a[normalize-space()='A Automation, A Client']' is not present after '30' second(s)

13-11-2024T12:39:47 - [MESSAGE][WARNING] - Timeout '0' is invalid. Using default page load timeout: '30'

13-11-2024T12:39:49 - [MESSAGE][PASSED] - Web element with id: 'Object Repository/Specific Cases Repository/LS/Home/Census/Census_Searchin_and_Toggle_Columns/Page_Home/A Client' located by 'By.xpath: //a[normalize-space()='A Automation, A Client']' is not present after '30' second(s)

13-11-2024T12:39:49 - [TEST_STEP][PASSED] - setText(findTestObject("Object Repository/Specific Cases Repository/LS/Home/Census/Census_Searchin_and_Toggle_Columns/Page_Home/input_Search_form-control input-sm"), ""): Text '' is set on object 'Object Repository/Specific Cases Repository/LS/Home/Census/Census_Searchin_and_Toggle_Columns/Page_Home/input_Search_form-control input-sm'

13-11-2024T12:39:49 - [MESSAGE][PASSED] - Text '' is set on object 'Object Repository/Specific Cases Repository/LS/Home/Census/Census_Searchin_and_Toggle_Columns/Page_Home/input_Search_form-control input-sm'

13-11-2024T12:39:49 - [TEST_STEP][PASSED] - sendKeys(findTestObject("Specific Cases Repository/LS/Home/Census/Census_Searchin_and_Toggle_Columns/Page_Home/input_Search_form-control input-sm"), Keys.chord(ENTER)): Keys 'ENTER + ' sent to object: 'Object Repository/Specific Cases Repository/LS/Home/Census/Census_Searchin_and_Toggle_Columns/Page_Home/input_Search_form-control input-sm'

13-11-2024T12:39:49 - [MESSAGE][PASSED] - Keys 'ENTER + ' sent to object: 'Object Repository/Specific Cases Repository/LS/Home/Census/Census_Searchin_and_Toggle_Columns/Page_Home/input_Search_form-control input-sm'

13-11-2024T12:39:49 - [TEST_STEP][PASSED] - click(findTestObject("Object Repository/Specific Cases Repository/LS/Home/Census/Census_Searchin_and_Toggle_Columns/Page_Home/button_Toggle Column(s)")): Object: 'Object Repository/Specific Cases Repository/LS/Home/Census/Census_Searchin_and_Toggle_Columns/Page_Home/button_Toggle Column(s)' is clicked on

13-11-2024T12:39:50 - [MESSAGE][PASSED] - Object: 'Object Repository/Specific Cases Repository/LS/Home/Census/Census_Searchin_and_Toggle_Columns/Page_Home/button_Toggle Column(s)' is clicked on

13-11-2024T12:39:50 - [TEST_STEP][PASSED] - click(findTestObject("Object Repository/Specific Cases Repository/LS/Home/Census/Census_Searchin_and_Toggle_Columns/Page_Home/a_MRN")): Object: 'Object Repository/Specific Cases Repository/LS/Home/Census/Census_Searchin_and_Toggle_Columns/Page_Home/a_MRN' is clicked on

13-11-2024T12:39:50 - [MESSAGE][PASSED] - Object: 'Object Repository/Specific Cases Repository/LS/Home/Census/Census_Searchin_and_Toggle_Columns/Page_Home/a_MRN' is clicked on

13-11-2024T12:39:50 - [TEST_STEP][PASSED] - click(findTestObject("Object Repository/Specific Cases Repository/LS/Home/Census/Census_Searchin_and_Toggle_Columns/Page_Home/a_DOB")): Object: 'Object Repository/Specific Cases Repository/LS/Home/Census/Census_Searchin_and_Toggle_Columns/Page_Home/a_DOB' is clicked on

13-11-2024T12:39:51 - [MESSAGE][PASSED] - Object: 'Object Repository/Specific Cases Repository/LS/Home/Census/Census_Searchin_and_Toggle_Columns/Page_Home/a_DOB' is clicked on

13-11-2024T12:39:51 - [TEST_STEP][PASSED] - click(findTestObject("Object Repository/Specific Cases Repository/LS/Home/Census/Census_Searchin_and_Toggle_Columns/Page_Home/a_Admission")): Object: 'Object Repository/Specific Cases Repository/LS/Home/Census/Census_Searchin_and_Toggle_Columns/Page_Home/a_Admission' is clicked on

13-11-2024T12:39:52 - [MESSAGE][PASSED] - Object: 'Object Repository/Specific Cases Repository/LS/Home/Census/Census_Searchin_and_Toggle_Columns/Page_Home/a_Admission' is clicked on

13-11-2024T12:39:52 - [TEST_STEP][PASSED] - click(findTestObject("Object Repository/Specific Cases Repository/LS/Home/Census/Census_Searchin_and_Toggle_Columns/Page_Home/a_Program Admission")): Object: 'Object Repository/Specific Cases Repository/LS/Home/Census/Census_Searchin_and_Toggle_Columns/Page_Home/a_Program Admission' is clicked on

13-11-2024T12:39:53 - [MESSAGE][PASSED] - Object: 'Object Repository/Specific Cases Repository/LS/Home/Census/Census_Searchin_and_Toggle_Columns/Page_Home/a_Program Admission' is clicked on

13-11-2024T12:39:53 - [TEST_STEP][PASSED] - click(findTestObject("Object Repository/Specific Cases Repository/LS/Home/Census/Census_Searchin_and_Toggle_Columns/Page_Home/a_Program")): Object: 'Object Repository/Specific Cases Repository/LS/Home/Census/Census_Searchin_and_Toggle_Columns/Page_Home/a_Program' is clicked on

13-11-2024T12:39:53 - [MESSAGE][PASSED] - Object: 'Object Repository/Specific Cases Repository/LS/Home/Census/Census_Searchin_and_Toggle_Columns/Page_Home/a_Program' is clicked on

13-11-2024T12:39:53 - [TEST_STEP][PASSED] - click(findTestObject("Object Repository/Specific Cases Repository/LS/Home/Census/Census_Searchin_and_Toggle_Columns/Page_Home/a_Location")): Object: 'Object Repository/Specific Cases Repository/LS/Home/Census/Census_Searchin_and_Toggle_Columns/Page_Home/a_Location' is clicked on

13-11-2024T12:39:54 - [MESSAGE][PASSED] - Object: 'Object Repository/Specific Cases Repository/LS/Home/Census/Census_Searchin_and_Toggle_Columns/Page_Home/a_Location' is clicked on

13-11-2024T12:39:54 - [TEST_STEP][PASSED] - click(findTestObject("Object Repository/Specific Cases Repository/LS/Home/Census/Census_Searchin_and_Toggle_Columns/Page_Home/a_Primary Counselor")): Object: 'Object Repository/Specific Cases Repository/LS/Home/Census/Census_Searchin_and_Toggle_Columns/Page_Home/a_Primary Counselor' is clicked on

13-11-2024T12:39:55 - [MESSAGE][PASSED] - Object: 'Object Repository/Specific Cases Repository/LS/Home/Census/Census_Searchin_and_Toggle_Columns/Page_Home/a_Primary Counselor' is clicked on

13-11-2024T12:39:55 - [TEST_STEP][PASSED] - click(findTestObject("Object Repository/Specific Cases Repository/LS/Home/Census/Census_Searchin_and_Toggle_Columns/Page_Home/a_Unit - Room - Bed")): Object: 'Object Repository/Specific Cases Repository/LS/Home/Census/Census_Searchin_and_Toggle_Columns/Page_Home/a_Unit - Room - Bed' is clicked on

13-11-2024T12:39:55 - [MESSAGE][PASSED] - Object: 'Object Repository/Specific Cases Repository/LS/Home/Census/Census_Searchin_and_Toggle_Columns/Page_Home/a_Unit - Room - Bed' is clicked on

13-11-2024T12:39:55 - [TEST_STEP][PASSED] - click(findTestObject("Object Repository/Specific Cases Repository/LS/Home/Census/Census_Searchin_and_Toggle_Columns/Page_Home/a_Authorized To")): Object: 'Object Repository/Specific Cases Repository/LS/Home/Census/Census_Searchin_and_Toggle_Columns/Page_Home/a_Authorized To' is clicked on

13-11-2024T12:39:56 - [MESSAGE][PASSED] - Object: 'Object Repository/Specific Cases Repository/LS/Home/Census/Census_Searchin_and_Toggle_Columns/Page_Home/a_Authorized To' is clicked on

13-11-2024T12:39:56 - [TEST_STEP][PASSED] - click(findTestObject("Object Repository/Specific Cases Repository/LS/Home/Census/Census_Searchin_and_Toggle_Columns/Page_Home/a_Referral Source")): Object: 'Object Repository/Specific Cases Repository/LS/Home/Census/Census_Searchin_and_Toggle_Columns/Page_Home/a_Referral Source' is clicked on

13-11-2024T12:39:57 - [MESSAGE][PASSED] - Object: 'Object Repository/Specific Cases Repository/LS/Home/Census/Census_Searchin_and_Toggle_Columns/Page_Home/a_Referral Source' is clicked on

13-11-2024T12:39:57 - [TEST_STEP][PASSED] - click(findTestObject("Object Repository/Specific Cases Repository/LS/Home/Census/Census_Searchin_and_Toggle_Columns/Page_Home/a_Proj Discharge")): Object: 'Object Repository/Specific Cases Repository/LS/Home/Census/Census_Searchin_and_Toggle_Columns/Page_Home/a_Proj Discharge' is clicked on

13-11-2024T12:39:58 - [MESSAGE][PASSED] - Object: 'Object Repository/Specific Cases Repository/LS/Home/Census/Census_Searchin_and_Toggle_Columns/Page_Home/a_Proj Discharge' is clicked on

13-11-2024T12:39:58 - [TEST_STEP][PASSED] - click(findTestObject("Object Repository/Specific Cases Repository/LS/Home/Census/Census_Searchin_and_Toggle_Columns/Page_Home/a_Payor")): Object: 'Object Repository/Specific Cases Repository/LS/Home/Census/Census_Searchin_and_Toggle_Columns/Page_Home/a_Payor' is clicked on

13-11-2024T12:39:58 - [MESSAGE][PASSED] - Object: 'Object Repository/Specific Cases Repository/LS/Home/Census/Census_Searchin_and_Toggle_Columns/Page_Home/a_Payor' is clicked on

13-11-2024T12:39:58 - [TEST_STEP][PASSED] - verifyElementNotPresent(findTestObject("Object Repository/Specific Cases Repository/LS/Home/Census/Census_Searchin_and_Toggle_Columns/Page_Home/th_MRN"), 0): Web element with id: 'Object Repository/Specific Cases Repository/LS/Home/Census/Census_Searchin_and_Toggle_Columns/Page_Home/th_MRN' located by 'By.xpath: //th[@aria-label='MRN: activate to sort column ascending']' is not present after '30' second(s)

13-11-2024T12:39:58 - [MESSAGE][WARNING] - Timeout '0' is invalid. Using default page load timeout: '30'

13-11-2024T12:39:59 - [MESSAGE][PASSED] - Web element with id: 'Object Repository/Specific Cases Repository/LS/Home/Census/Census_Searchin_and_Toggle_Columns/Page_Home/th_MRN' located by 'By.xpath: //th[@aria-label='MRN: activate to sort column ascending']' is not present after '30' second(s)

13-11-2024T12:39:59 - [TEST_STEP][PASSED] - verifyElementNotPresent(findTestObject("Object Repository/Specific Cases Repository/LS/Home/Census/Census_Searchin_and_Toggle_Columns/Page_Home/th_DOB"), 0): Web element with id: 'Object Repository/Specific Cases Repository/LS/Home/Census/Census_Searchin_and_Toggle_Columns/Page_Home/th_DOB' located by 'By.xpath: //th[@aria-label='DOB: activate to sort column ascending']' is not present after '30' second(s)

13-11-2024T12:39:59 - [MESSAGE][WARNING] - Timeout '0' is invalid. Using default page load timeout: '30'

13-11-2024T12:39:59 - [MESSAGE][PASSED] - Web element with id: 'Object Repository/Specific Cases Repository/LS/Home/Census/Census_Searchin_and_Toggle_Columns/Page_Home/th_DOB' located by 'By.xpath: //th[@aria-label='DOB: activate to sort column ascending']' is not present after '30' second(s)

13-11-2024T12:39:59 - [TEST_STEP][PASSED] - verifyElementNotPresent(findTestObject("Object Repository/Specific Cases Repository/LS/Home/Census/Census_Searchin_and_Toggle_Columns/Page_Home/th_Admission"), 0): Web element with id: 'Object Repository/Specific Cases Repository/LS/Home/Census/Census_Searchin_and_Toggle_Columns/Page_Home/th_Admission' located by 'By.xpath: //th[@aria-label='Admission: activate to sort column ascending']' is not present after '30' second(s)

13-11-2024T12:39:59 - [MESSAGE][WARNING] - Timeout '0' is invalid. Using default page load timeout: '30'

13-11-2024T12:39:59 - [MESSAGE][PASSED] - Web element with id: 'Object Repository/Specific Cases Repository/LS/Home/Census/Census_Searchin_and_Toggle_Columns/Page_Home/th_Admission' located by 'By.xpath: //th[@aria-label='Admission: activate to sort column ascending']' is not present after '30' second(s)

13-11-2024T12:39:59 - [TEST_STEP][PASSED] - verifyElementNotPresent(findTestObject("Object Repository/Specific Cases Repository/LS/Home/Census/Census_Searchin_and_Toggle_Columns/Page_Home/th_Program Admission"), 0): Web element with id: 'Object Repository/Specific Cases Repository/LS/Home/Census/Census_Searchin_and_Toggle_Columns/Page_Home/th_Program Admission' located by 'By.xpath: //th[@aria-label='Program Admission: activate to sort column ascending']' is not present after '30' second(s)

13-11-2024T12:39:59 - [MESSAGE][WARNING] - Timeout '0' is invalid. Using default page load timeout: '30'

13-11-2024T12:40:00 - [MESSAGE][PASSED] - Web element with id: 'Object Repository/Specific Cases Repository/LS/Home/Census/Census_Searchin_and_Toggle_Columns/Page_Home/th_Program Admission' located by 'By.xpath: //th[@aria-label='Program Admission: activate to sort column ascending']' is not present after '30' second(s)

13-11-2024T12:40:00 - [TEST_STEP][PASSED] - verifyElementNotPresent(findTestObject("Object Repository/Specific Cases Repository/LS/Home/Census/Census_Searchin_and_Toggle_Columns/Page_Home/th_Program"), 0): Web element with id: 'Object Repository/Specific Cases Repository/LS/Home/Census/Census_Searchin_and_Toggle_Columns/Page_Home/th_Program' located by 'By.xpath: //th[@aria-label='Program: activate to sort column ascending']' is not present after '30' second(s)

13-11-2024T12:40:00 - [MESSAGE][WARNING] - Timeout '0' is invalid. Using default page load timeout: '30'

13-11-2024T12:40:00 - [MESSAGE][PASSED] - Web element with id: 'Object Repository/Specific Cases Repository/LS/Home/Census/Census_Searchin_and_Toggle_Columns/Page_Home/th_Program' located by 'By.xpath: //th[@aria-label='Program: activate to sort column ascending']' is not present after '30' second(s)

13-11-2024T12:40:00 - [TEST_STEP][PASSED] - verifyElementNotPresent(findTestObject("Object Repository/Specific Cases Repository/LS/Home/Census/Census_Searchin_and_Toggle_Columns/Page_Home/th_Location"), 0): Web element with id: 'Object Repository/Specific Cases Repository/LS/Home/Census/Census_Searchin_and_Toggle_Columns/Page_Home/th_Location' located by 'By.xpath: //th[@aria-label='Location: activate to sort column ascending']' is not present after '30' second(s)

13-11-2024T12:40:00 - [MESSAGE][WARNING] - Timeout '0' is invalid. Using default page load timeout: '30'

13-11-2024T12:40:00 - [MESSAGE][PASSED] - Web element with id: 'Object Repository/Specific Cases Repository/LS/Home/Census/Census_Searchin_and_Toggle_Columns/Page_Home/th_Location' located by 'By.xpath: //th[@aria-label='Location: activate to sort column ascending']' is not present after '30' second(s)

13-11-2024T12:40:00 - [TEST_STEP][PASSED] - verifyElementNotPresent(findTestObject("Object Repository/Specific Cases Repository/LS/Home/Census/Census_Searchin_and_Toggle_Columns/Page_Home/th_Primary Counselor"), 0): Web element with id: 'Object Repository/Specific Cases Repository/LS/Home/Census/Census_Searchin_and_Toggle_Columns/Page_Home/th_Primary Counselor' located by 'By.xpath: //th[@aria-label='Primary Counselor: activate to sort column ascending']' is not present after '30' second(s)

13-11-2024T12:40:00 - [MESSAGE][WARNING] - Timeout '0' is invalid. Using default page load timeout: '30'

13-11-2024T12:40:01 - [MESSAGE][PASSED] - Web element with id: 'Object Repository/Specific Cases Repository/LS/Home/Census/Census_Searchin_and_Toggle_Columns/Page_Home/th_Primary Counselor' located by 'By.xpath: //th[@aria-label='Primary Counselor: activate to sort column ascending']' is not present after '30' second(s)

13-11-2024T12:40:01 - [TEST_STEP][PASSED] - verifyElementNotPresent(findTestObject("Object Repository/Specific Cases Repository/LS/Home/Census/Census_Searchin_and_Toggle_Columns/Page_Home/th_Unit - Room - Bed"), 0): Web element with id: 'Object Repository/Specific Cases Repository/LS/Home/Census/Census_Searchin_and_Toggle_Columns/Page_Home/th_Unit - Room - Bed' located by 'By.xpath: //th[@aria-label='Unit - Room - Bed: activate to sort column ascending']' is not present after '30' second(s)

13-11-2024T12:40:01 - [MESSAGE][WARNING] - Timeout '0' is invalid. Using default page load timeout: '30'

13-11-2024T12:40:01 - [MESSAGE][PASSED] - Web element with id: 'Object Repository/Specific Cases Repository/LS/Home/Census/Census_Searchin_and_Toggle_Columns/Page_Home/th_Unit - Room - Bed' located by 'By.xpath: //th[@aria-label='Unit - Room - Bed: activate to sort column ascending']' is not present after '30' second(s)

13-11-2024T12:40:01 - [TEST_STEP][PASSED] - verifyElementNotPresent(findTestObject("Object Repository/Specific Cases Repository/LS/Home/Census/Census_Searchin_and_Toggle_Columns/Page_Home/th_Authorized To"), 0): Web element with id: 'Object Repository/Specific Cases Repository/LS/Home/Census/Census_Searchin_and_Toggle_Columns/Page_Home/th_Authorized To' located by 'By.xpath: //th[@aria-label='Authorized To: activate to sort column ascending']' is not present after '30' second(s)

13-11-2024T12:40:01 - [MESSAGE][WARNING] - Timeout '0' is invalid. Using default page load timeout: '30'

13-11-2024T12:40:01 - [MESSAGE][PASSED] - Web element with id: 'Object Repository/Specific Cases Repository/LS/Home/Census/Census_Searchin_and_Toggle_Columns/Page_Home/th_Authorized To' located by 'By.xpath: //th[@aria-label='Authorized To: activate to sort column ascending']' is not present after '30' second(s)

13-11-2024T12:40:01 - [TEST_STEP][PASSED] - verifyElementNotPresent(findTestObject("Object Repository/Specific Cases Repository/LS/Home/Census/Census_Searchin_and_Toggle_Columns/Page_Home/th_Referral Source"), 0): Web element with id: 'Object Repository/Specific Cases Repository/LS/Home/Census/Census_Searchin_and_Toggle_Columns/Page_Home/th_Referral Source' located by 'By.xpath: //th[@aria-label='Referral Source: activate to sort column ascending']' is not present after '30' second(s)

13-11-2024T12:40:01 - [MESSAGE][WARNING] - Timeout '0' is invalid. Using default page load timeout: '30'

13-11-2024T12:40:01 - [MESSAGE][PASSED] - Web element with id: 'Object Repository/Specific Cases Repository/LS/Home/Census/Census_Searchin_and_Toggle_Columns/Page_Home/th_Referral Source' located by 'By.xpath: //th[@aria-label='Referral Source: activate to sort column ascending']' is not present after '30' second(s)

13-11-2024T12:40:01 - [TEST_STEP][PASSED] - verifyElementNotPresent(findTestObject("Object Repository/Specific Cases Repository/LS/Home/Census/Census_Searchin_and_Toggle_Columns/Page_Home/th_Proj Discharge"), 0): Web element with id: 'Object Repository/Specific Cases Repository/LS/Home/Census/Census_Searchin_and_Toggle_Columns/Page_Home/th_Proj Discharge' located by 'By.xpath: //th[@aria-label='Proj Discharge: activate to sort column ascending']' is not present after '30' second(s)

13-11-2024T12:40:01 - [MESSAGE][WARNING] - Timeout '0' is invalid. Using default page load timeout: '30'

13-11-2024T12:40:02 - [MESSAGE][PASSED] - Web element with id: 'Object Repository/Specific Cases Repository/LS/Home/Census/Census_Searchin_and_Toggle_Columns/Page_Home/th_Proj Discharge' located by 'By.xpath: //th[@aria-label='Proj Discharge: activate to sort column ascending']' is not present after '30' second(s)

13-11-2024T12:40:02 - [TEST_STEP][PASSED] - verifyElementNotPresent(findTestObject("Object Repository/Specific Cases Repository/LS/Home/Census/Census_Searchin_and_Toggle_Columns/Page_Home/th_Payor"), 0): Web element with id: 'Object Repository/Specific Cases Repository/LS/Home/Census/Census_Searchin_and_Toggle_Columns/Page_Home/th_Payor' located by 'By.xpath: //th[@aria-label='Payor: activate to sort column ascending']' is not present after '30' second(s)

13-11-2024T12:40:02 - [MESSAGE][WARNING] - Timeout '0' is invalid. Using default page load timeout: '30'

13-11-2024T12:40:02 - [MESSAGE][PASSED] - Web element with id: 'Object Repository/Specific Cases Repository/LS/Home/Census/Census_Searchin_and_Toggle_Columns/Page_Home/th_Payor' located by 'By.xpath: //th[@aria-label='Payor: activate to sort column ascending']' is not present after '30' second(s)

13-11-2024T12:40:02 - [TEST_STEP][PASSED] - click(findTestObject("Object Repository/Specific Cases Repository/LS/Home/Census/Census_Searchin_and_Toggle_Columns/Page_Home/label_Search")): Object: 'Object Repository/Specific Cases Repository/LS/Home/Census/Census_Searchin_and_Toggle_Columns/Page_Home/label_Search' is clicked on

13-11-2024T12:40:02 - [MESSAGE][PASSED] - Object: 'Object Repository/Specific Cases Repository/LS/Home/Census/Census_Searchin_and_Toggle_Columns/Page_Home/label_Search' is clicked on

13-11-2024T12:40:02 - [TEST_STEP][PASSED] - setText(findTestObject("Object Repository/Specific Cases Repository/LS/Home/Census/Census_Searchin_and_Toggle_Columns/Page_Home/input_Search_form-control input-sm"), "b"): Text 'b' is set on object 'Object Repository/Specific Cases Repository/LS/Home/Census/Census_Searchin_and_Toggle_Columns/Page_Home/input_Search_form-control input-sm'

13-11-2024T12:40:03 - [MESSAGE][PASSED] - Text 'b' is set on object 'Object Repository/Specific Cases Repository/LS/Home/Census/Census_Searchin_and_Toggle_Columns/Page_Home/input_Search_form-control input-sm'

13-11-2024T12:40:03 - [TEST_STEP][PASSED] - verifyElementText(findTestObject("Object Repository/Specific Cases Repository/LS/Home/Census/Census_Searchin_and_Toggle_Columns/Page_Home/a_B Automation, B Client"), "B Automation, B Client"): Actual text and expected text of test object 'Object Repository/Specific Cases Repository/LS/Home/Census/Census_Searchin_and_Toggle_Columns/Page_Home/a_B Automation, B Client' are matched.

13-11-2024T12:40:03 - [MESSAGE][PASSED] - Actual text and expected text of test object 'Object Repository/Specific Cases Repository/LS/Home/Census/Census_Searchin_and_Toggle_Columns/Page_Home/a_B Automation, B Client' are matched.

13-11-2024T12:40:03 - [TEST_STEP][PASSED] - verifyElementNotPresent(findTestObject("Specific Cases Repository/LS/Home/Census/Census_Searchin_and_Toggle_Columns/Page_Home/A Client"), 0): Web element with id: 'Object Repository/Specific Cases Repository/LS/Home/Census/Census_Searchin_and_Toggle_Columns/Page_Home/A Client' located by 'By.xpath: //a[normalize-space()='A Automation, A Client']' is not present after '30' second(s)

13-11-2024T12:40:03 - [MESSAGE][WARNING] - Timeout '0' is invalid. Using default page load timeout: '30'

13-11-2024T12:40:05 - [MESSAGE][PASSED] - Web element with id: 'Object Repository/Specific Cases Repository/LS/Home/Census/Census_Searchin_and_Toggle_Columns/Page_Home/A Client' located by 'By.xpath: //a[normalize-space()='A Automation, A Client']' is not present after '30' second(s)

13-11-2024T12:40:05 - [TEST_STEP][PASSED] - setText(findTestObject("Object Repository/Specific Cases Repository/LS/Home/Census/Census_Searchin_and_Toggle_Columns/Page_Home/input_Search_form-control input-sm"), ""): Text '' is set on object 'Object Repository/Specific Cases Repository/LS/Home/Census/Census_Searchin_and_Toggle_Columns/Page_Home/input_Search_form-control input-sm'

13-11-2024T12:40:05 - [MESSAGE][PASSED] - Text '' is set on object 'Object Repository/Specific Cases Repository/LS/Home/Census/Census_Searchin_and_Toggle_Columns/Page_Home/input_Search_form-control input-sm'

13-11-2024T12:40:05 - [TEST_STEP][PASSED] - click(findTestObject("Object Repository/Specific Cases Repository/LS/Home/Census/Census_Searchin_and_Toggle_Columns/Page_Home/button_Toggle Column(s)")): Object: 'Object Repository/Specific Cases Repository/LS/Home/Census/Census_Searchin_and_Toggle_Columns/Page_Home/button_Toggle Column(s)' is clicked on

13-11-2024T12:40:06 - [MESSAGE][PASSED] - Object: 'Object Repository/Specific Cases Repository/LS/Home/Census/Census_Searchin_and_Toggle_Columns/Page_Home/button_Toggle Column(s)' is clicked on

13-11-2024T12:40:06 - [TEST_STEP][PASSED] - click(findTestObject("Object Repository/Specific Cases Repository/LS/Home/Census/Census_Searchin_and_Toggle_Columns/Page_Home/a_MRN")): Object: 'Object Repository/Specific Cases Repository/LS/Home/Census/Census_Searchin_and_Toggle_Columns/Page_Home/a_MRN' is clicked on

13-11-2024T12:40:06 - [MESSAGE][PASSED] - Object: 'Object Repository/Specific Cases Repository/LS/Home/Census/Census_Searchin_and_Toggle_Columns/Page_Home/a_MRN' is clicked on

13-11-2024T12:40:06 - [TEST_STEP][PASSED] - click(findTestObject("Object Repository/Specific Cases Repository/LS/Home/Census/Census_Searchin_and_Toggle_Columns/Page_Home/a_DOB")): Object: 'Object Repository/Specific Cases Repository/LS/Home/Census/Census_Searchin_and_Toggle_Columns/Page_Home/a_DOB' is clicked on

13-11-2024T12:40:07 - [MESSAGE][PASSED] - Object: 'Object Repository/Specific Cases Repository/LS/Home/Census/Census_Searchin_and_Toggle_Columns/Page_Home/a_DOB' is clicked on

13-11-2024T12:40:07 - [TEST_STEP][PASSED] - click(findTestObject("Object Repository/Specific Cases Repository/LS/Home/Census/Census_Searchin_and_Toggle_Columns/Page_Home/a_Admission")): Object: 'Object Repository/Specific Cases Repository/LS/Home/Census/Census_Searchin_and_Toggle_Columns/Page_Home/a_Admission' is clicked on

13-11-2024T12:40:08 - [MESSAGE][PASSED] - Object: 'Object Repository/Specific Cases Repository/LS/Home/Census/Census_Searchin_and_Toggle_Columns/Page_Home/a_Admission' is clicked on

13-11-2024T12:40:08 - [TEST_STEP][PASSED] - click(findTestObject("Object Repository/Specific Cases Repository/LS/Home/Census/Census_Searchin_and_Toggle_Columns/Page_Home/a_Program Admission")): Object: 'Object Repository/Specific Cases Repository/LS/Home/Census/Census_Searchin_and_Toggle_Columns/Page_Home/a_Program Admission' is clicked on

13-11-2024T12:40:09 - [MESSAGE][PASSED] - Object: 'Object Repository/Specific Cases Repository/LS/Home/Census/Census_Searchin_and_Toggle_Columns/Page_Home/a_Program Admission' is clicked on

13-11-2024T12:40:09 - [TEST_STEP][PASSED] - click(findTestObject("Object Repository/Specific Cases Repository/LS/Home/Census/Census_Searchin_and_Toggle_Columns/Page_Home/a_Program")): Object: 'Object Repository/Specific Cases Repository/LS/Home/Census/Census_Searchin_and_Toggle_Columns/Page_Home/a_Program' is clicked on

13-11-2024T12:40:09 - [MESSAGE][PASSED] - Object: 'Object Repository/Specific Cases Repository/LS/Home/Census/Census_Searchin_and_Toggle_Columns/Page_Home/a_Program' is clicked on

13-11-2024T12:40:09 - [TEST_STEP][PASSED] - click(findTestObject("Object Repository/Specific Cases Repository/LS/Home/Census/Census_Searchin_and_Toggle_Columns/Page_Home/a_Location")): Object: 'Object Repository/Specific Cases Repository/LS/Home/Census/Census_Searchin_and_Toggle_Columns/Page_Home/a_Location' is clicked on

13-11-2024T12:40:10 - [MESSAGE][PASSED] - Object: 'Object Repository/Specific Cases Repository/LS/Home/Census/Census_Searchin_and_Toggle_Columns/Page_Home/a_Location' is clicked on

13-11-2024T12:40:10 - [TEST_STEP][PASSED] - click(findTestObject("Object Repository/Specific Cases Repository/LS/Home/Census/Census_Searchin_and_Toggle_Columns/Page_Home/a_Primary Counselor")): Object: 'Object Repository/Specific Cases Repository/LS/Home/Census/Census_Searchin_and_Toggle_Columns/Page_Home/a_Primary Counselor' is clicked on

13-11-2024T12:40:11 - [MESSAGE][PASSED] - Object: 'Object Repository/Specific Cases Repository/LS/Home/Census/Census_Searchin_and_Toggle_Columns/Page_Home/a_Primary Counselor' is clicked on

13-11-2024T12:40:11 - [TEST_STEP][PASSED] - click(findTestObject("Object Repository/Specific Cases Repository/LS/Home/Census/Census_Searchin_and_Toggle_Columns/Page_Home/a_Unit - Room - Bed")): Object: 'Object Repository/Specific Cases Repository/LS/Home/Census/Census_Searchin_and_Toggle_Columns/Page_Home/a_Unit - Room - Bed' is clicked on

13-11-2024T12:40:11 - [MESSAGE][PASSED] - Object: 'Object Repository/Specific Cases Repository/LS/Home/Census/Census_Searchin_and_Toggle_Columns/Page_Home/a_Unit - Room - Bed' is clicked on

13-11-2024T12:40:12 - [TEST_STEP][PASSED] - click(findTestObject("Object Repository/Specific Cases Repository/LS/Home/Census/Census_Searchin_and_Toggle_Columns/Page_Home/a_Authorized To")): Object: 'Object Repository/Specific Cases Repository/LS/Home/Census/Census_Searchin_and_Toggle_Columns/Page_Home/a_Authorized To' is clicked on

13-11-2024T12:40:12 - [MESSAGE][PASSED] - Object: 'Object Repository/Specific Cases Repository/LS/Home/Census/Census_Searchin_and_Toggle_Columns/Page_Home/a_Authorized To' is clicked on

13-11-2024T12:40:12 - [TEST_STEP][PASSED] - click(findTestObject("Object Repository/Specific Cases Repository/LS/Home/Census/Census_Searchin_and_Toggle_Columns/Page_Home/a_Referral Source")): Object: 'Object Repository/Specific Cases Repository/LS/Home/Census/Census_Searchin_and_Toggle_Columns/Page_Home/a_Referral Source' is clicked on

13-11-2024T12:40:13 - [MESSAGE][PASSED] - Object: 'Object Repository/Specific Cases Repository/LS/Home/Census/Census_Searchin_and_Toggle_Columns/Page_Home/a_Referral Source' is clicked on

13-11-2024T12:40:13 - [TEST_STEP][PASSED] - click(findTestObject("Object Repository/Specific Cases Repository/LS/Home/Census/Census_Searchin_and_Toggle_Columns/Page_Home/a_Proj Discharge")): Object: 'Object Repository/Specific Cases Repository/LS/Home/Census/Census_Searchin_and_Toggle_Columns/Page_Home/a_Proj Discharge' is clicked on

13-11-2024T12:40:14 - [MESSAGE][PASSED] - Object: 'Object Repository/Specific Cases Repository/LS/Home/Census/Census_Searchin_and_Toggle_Columns/Page_Home/a_Proj Discharge' is clicked on

13-11-2024T12:40:14 - [TEST_STEP][PASSED] - click(findTestObject("Object Repository/Specific Cases Repository/LS/Home/Census/Census_Searchin_and_Toggle_Columns/Page_Home/a_Payor")): Object: 'Object Repository/Specific Cases Repository/LS/Home/Census/Census_Searchin_and_Toggle_Columns/Page_Home/a_Payor' is clicked on

13-11-2024T12:40:15 - [MESSAGE][PASSED] - Object: 'Object Repository/Specific Cases Repository/LS/Home/Census/Census_Searchin_and_Toggle_Columns/Page_Home/a_Payor' is clicked on

13-11-2024T12:40:15 - [TEST_STEP][PASSED] - verifyElementPresent(findTestObject("Object Repository/Specific Cases Repository/LS/Home/Census/Census_Searchin_and_Toggle_Columns/Page_Home/th_MRN"), 0): Object 'Object Repository/Specific Cases Repository/LS/Home/Census/Census_Searchin_and_Toggle_Columns/Page_Home/th_MRN' is present

13-11-2024T12:40:15 - [MESSAGE][WARNING] - Timeout '0' is invalid. Using default page load timeout: '30'

13-11-2024T12:40:15 - [MESSAGE][PASSED] - Object 'Object Repository/Specific Cases Repository/LS/Home/Census/Census_Searchin_and_Toggle_Columns/Page_Home/th_MRN' is present

13-11-2024T12:40:15 - [TEST_STEP][PASSED] - verifyElementPresent(findTestObject("Object Repository/Specific Cases Repository/LS/Home/Census/Census_Searchin_and_Toggle_Columns/Page_Home/th_DOB"), 0): Object 'Object Repository/Specific Cases Repository/LS/Home/Census/Census_Searchin_and_Toggle_Columns/Page_Home/th_DOB' is present

13-11-2024T12:40:15 - [MESSAGE][WARNING] - Timeout '0' is invalid. Using default page load timeout: '30'

13-11-2024T12:40:15 - [MESSAGE][PASSED] - Object 'Object Repository/Specific Cases Repository/LS/Home/Census/Census_Searchin_and_Toggle_Columns/Page_Home/th_DOB' is present

13-11-2024T12:40:15 - [TEST_STEP][PASSED] - verifyElementPresent(findTestObject("Object Repository/Specific Cases Repository/LS/Home/Census/Census_Searchin_and_Toggle_Columns/Page_Home/th_Admission"), 0): Object 'Object Repository/Specific Cases Repository/LS/Home/Census/Census_Searchin_and_Toggle_Columns/Page_Home/th_Admission' is present

13-11-2024T12:40:15 - [MESSAGE][WARNING] - Timeout '0' is invalid. Using default page load timeout: '30'

13-11-2024T12:40:16 - [MESSAGE][PASSED] - Object 'Object Repository/Specific Cases Repository/LS/Home/Census/Census_Searchin_and_Toggle_Columns/Page_Home/th_Admission' is present

13-11-2024T12:40:16 - [TEST_STEP][PASSED] - verifyElementPresent(findTestObject("Object Repository/Specific Cases Repository/LS/Home/Census/Census_Searchin_and_Toggle_Columns/Page_Home/th_Program Admission"), 0): Object 'Object Repository/Specific Cases Repository/LS/Home/Census/Census_Searchin_and_Toggle_Columns/Page_Home/th_Program Admission' is present

13-11-2024T12:40:16 - [MESSAGE][WARNING] - Timeout '0' is invalid. Using default page load timeout: '30'

13-11-2024T12:40:16 - [MESSAGE][PASSED] - Object 'Object Repository/Specific Cases Repository/LS/Home/Census/Census_Searchin_and_Toggle_Columns/Page_Home/th_Program Admission' is present

13-11-2024T12:40:16 - [TEST_STEP][PASSED] - verifyElementPresent(findTestObject("Object Repository/Specific Cases Repository/LS/Home/Census/Census_Searchin_and_Toggle_Columns/Page_Home/th_Program"), 0): Object 'Object Repository/Specific Cases Repository/LS/Home/Census/Census_Searchin_and_Toggle_Columns/Page_Home/th_Program' is present

13-11-2024T12:40:16 - [MESSAGE][WARNING] - Timeout '0' is invalid. Using default page load timeout: '30'

13-11-2024T12:40:16 - [MESSAGE][PASSED] - Object 'Object Repository/Specific Cases Repository/LS/Home/Census/Census_Searchin_and_Toggle_Columns/Page_Home/th_Program' is present

13-11-2024T12:40:16 - [TEST_STEP][PASSED] - verifyElementPresent(findTestObject("Object Repository/Specific Cases Repository/LS/Home/Census/Census_Searchin_and_Toggle_Columns/Page_Home/th_Location"), 0): Object 'Object Repository/Specific Cases Repository/LS/Home/Census/Census_Searchin_and_Toggle_Columns/Page_Home/th_Location' is present

13-11-2024T12:40:16 - [MESSAGE][WARNING] - Timeout '0' is invalid. Using default page load timeout: '30'

13-11-2024T12:40:17 - [MESSAGE][PASSED] - Object 'Object Repository/Specific Cases Repository/LS/Home/Census/Census_Searchin_and_Toggle_Columns/Page_Home/th_Location' is present

13-11-2024T12:40:17 - [TEST_STEP][PASSED] - verifyElementPresent(findTestObject("Object Repository/Specific Cases Repository/LS/Home/Census/Census_Searchin_and_Toggle_Columns/Page_Home/th_Primary Counselor"), 0): Object 'Object Repository/Specific Cases Repository/LS/Home/Census/Census_Searchin_and_Toggle_Columns/Page_Home/th_Primary Counselor' is present

13-11-2024T12:40:17 - [MESSAGE][WARNING] - Timeout '0' is invalid. Using default page load timeout: '30'

13-11-2024T12:40:17 - [MESSAGE][PASSED] - Object 'Object Repository/Specific Cases Repository/LS/Home/Census/Census_Searchin_and_Toggle_Columns/Page_Home/th_Primary Counselor' is present

13-11-2024T12:40:17 - [TEST_STEP][PASSED] - verifyElementPresent(findTestObject("Object Repository/Specific Cases Repository/LS/Home/Census/Census_Searchin_and_Toggle_Columns/Page_Home/th_Unit - Room - Bed"), 0): Object 'Object Repository/Specific Cases Repository/LS/Home/Census/Census_Searchin_and_Toggle_Columns/Page_Home/th_Unit - Room - Bed' is present

13-11-2024T12:40:17 - [MESSAGE][WARNING] - Timeout '0' is invalid. Using default page load timeout: '30'

13-11-2024T12:40:17 - [MESSAGE][PASSED] - Object 'Object Repository/Specific Cases Repository/LS/Home/Census/Census_Searchin_and_Toggle_Columns/Page_Home/th_Unit - Room - Bed' is present

13-11-2024T12:40:17 - [TEST_STEP][PASSED] - verifyElementPresent(findTestObject("Object Repository/Specific Cases Repository/LS/Home/Census/Census_Searchin_and_Toggle_Columns/Page_Home/th_Authorized To"), 0): Object 'Object Repository/Specific Cases Repository/LS/Home/Census/Census_Searchin_and_Toggle_Columns/Page_Home/th_Authorized To' is present

13-11-2024T12:40:17 - [MESSAGE][WARNING] - Timeout '0' is invalid. Using default page load timeout: '30'

13-11-2024T12:40:17 - [MESSAGE][PASSED] - Object 'Object Repository/Specific Cases Repository/LS/Home/Census/Census_Searchin_and_Toggle_Columns/Page_Home/th_Authorized To' is present

13-11-2024T12:40:17 - [TEST_STEP][PASSED] - verifyElementPresent(findTestObject("Object Repository/Specific Cases Repository/LS/Home/Census/Census_Searchin_and_Toggle_Columns/Page_Home/th_Referral Source"), 0): Object 'Object Repository/Specific Cases Repository/LS/Home/Census/Census_Searchin_and_Toggle_Columns/Page_Home/th_Referral Source' is present

13-11-2024T12:40:17 - [MESSAGE][WARNING] - Timeout '0' is invalid. Using default page load timeout: '30'

13-11-2024T12:40:18 - [MESSAGE][PASSED] - Object 'Object Repository/Specific Cases Repository/LS/Home/Census/Census_Searchin_and_Toggle_Columns/Page_Home/th_Referral Source' is present

13-11-2024T12:40:18 - [TEST_STEP][PASSED] - verifyElementPresent(findTestObject("Object Repository/Specific Cases Repository/LS/Home/Census/Census_Searchin_and_Toggle_Columns/Page_Home/th_Proj Discharge"), 0): Object 'Object Repository/Specific Cases Repository/LS/Home/Census/Census_Searchin_and_Toggle_Columns/Page_Home/th_Proj Discharge' is present

13-11-2024T12:40:18 - [MESSAGE][WARNING] - Timeout '0' is invalid. Using default page load timeout: '30'

13-11-2024T12:40:18 - [MESSAGE][PASSED] - Object 'Object Repository/Specific Cases Repository/LS/Home/Census/Census_Searchin_and_Toggle_Columns/Page_Home/th_Proj Discharge' is present

13-11-2024T12:40:18 - [TEST_STEP][PASSED] - click(findTestObject("Object Repository/Specific Cases Repository/LS/Home/Census/Census_Searchin_and_Toggle_Columns/Page_Home/label_Search")): Object: 'Object Repository/Specific Cases Repository/LS/Home/Census/Census_Searchin_and_Toggle_Columns/Page_Home/label_Search' is clicked on

13-11-2024T12:40:18 - [MESSAGE][PASSED] - Object: 'Object Repository/Specific Cases Repository/LS/Home/Census/Census_Searchin_and_Toggle_Columns/Page_Home/label_Search' is clicked on

13-11-2024T12:40:18 - [TEST_STEP][PASSED] - setText(findTestObject("Object Repository/Specific Cases Repository/LS/Home/Census/Census_Searchin_and_Toggle_Columns/Page_Home/input_Search_form-control input-sm"), "b"): Text 'b' is set on object 'Object Repository/Specific Cases Repository/LS/Home/Census/Census_Searchin_and_Toggle_Columns/Page_Home/input_Search_form-control input-sm'

13-11-2024T12:40:19 - [MESSAGE][PASSED] - Text 'b' is set on object 'Object Repository/Specific Cases Repository/LS/Home/Census/Census_Searchin_and_Toggle_Columns/Page_Home/input_Search_form-control input-sm'

13-11-2024T12:40:19 - [TEST_STEP][PASSED] - verifyElementText(findTestObject("Object Repository/Specific Cases Repository/LS/Home/Census/Census_Searchin_and_Toggle_Columns/Page_Home/a_B Automation, B Client"), "B Automation, B Client"): Actual text and expected text of test object 'Object Repository/Specific Cases Repository/LS/Home/Census/Census_Searchin_and_Toggle_Columns/Page_Home/a_B Automation, B Client' are matched.

13-11-2024T12:40:19 - [MESSAGE][PASSED] - Actual text and expected text of test object 'Object Repository/Specific Cases Repository/LS/Home/Census/Census_Searchin_and_Toggle_Columns/Page_Home/a_B Automation, B Client' are matched.

13-11-2024T12:40:19 - [TEST_STEP][PASSED] - closeBrowser(): Browser is closed

13-11-2024T12:40:19 - [MESSAGE][PASSED] - Browser is closed]]></system-out>
         <system-err><![CDATA[]]></system-err>
      </testcase>
      <testcase name="Test Cases/Specific Cases/LS/General/Census/Census/Census_forward_back_functions" time="27.111" classname="Test Cases/Specific Cases/LS/General/Census/Census/Census_forward_back_functions" status="PASSED">
         <system-out><![CDATA[13-11-2024T12:40:19 - [TEST_CASE][PASSED] - Test Cases/Specific Cases/LS/General/Census/Census/Census_forward_back_functions: Test Cases/Specific Cases/LS/General/Census/Census/Census_forward_back_functions

13-11-2024T12:40:19 - [TEST_STEP][PASSED] - callTestCase(findTestCase("Common Cases/Login"), [:], STOP_ON_FAILURE): Call Test Case 'Test Cases/Common Cases/Login' successfully

13-11-2024T12:40:19 - [TEST_CASE][PASSED] - Test Cases/Common Cases/Login: Test Cases/Common Cases/Login

13-11-2024T12:40:19 - [TEST_STEP][PASSED] - openBrowser(""): Browser is opened with url: ''

13-11-2024T12:40:19 - [MESSAGE][INFO] - Starting 'Chrome' driver

13-11-2024T12:40:19 - [MESSAGE][INFO] - Action delay is set to 0 milliseconds

13-11-2024T12:40:20 - [MESSAGE][PASSED] - Browser is opened with url: ''

13-11-2024T12:40:20 - [TEST_STEP][PASSED] - maximizeWindow(): Current window maximized

13-11-2024T12:40:20 - [MESSAGE][PASSED] - Current window maximized

13-11-2024T12:40:20 - [TEST_STEP][PASSED] - navigateToUrl("https://site17.lsapp.cloud/auth/login"): Navigate to 'https://site17.lsapp.cloud/auth/login' successfully

13-11-2024T12:40:22 - [MESSAGE][PASSED] - Navigate to 'https://site17.lsapp.cloud/auth/login' successfully

13-11-2024T12:40:22 - [TEST_STEP][PASSED] - setText(findTestObject("Object Repository/Common Cases Repository/Login/Page_Lightning Step/input_Email_email"), "automation@lightningstep.com"): Text 'automation@lightningstep.com' is set on object 'Object Repository/Common Cases Repository/Login/Page_Lightning Step/input_Email_email'

13-11-2024T12:40:23 - [MESSAGE][PASSED] - Text 'automation@lightningstep.com' is set on object 'Object Repository/Common Cases Repository/Login/Page_Lightning Step/input_Email_email'

13-11-2024T12:40:23 - [TEST_STEP][PASSED] - setEncryptedText(findTestObject("Object Repository/Common Cases Repository/Login/Page_Lightning Step/input_Password_password"), "e5N8VHmnhJDITtQaQhDQDw=="): Text ****** has been set on object 'Object Repository/Common Cases Repository/Login/Page_Lightning Step/input_Password_password'

13-11-2024T12:40:23 - [MESSAGE][PASSED] - Text ****** has been set on object 'Object Repository/Common Cases Repository/Login/Page_Lightning Step/input_Password_password'

13-11-2024T12:40:23 - [TEST_STEP][PASSED] - click(findTestObject("Object Repository/Common Cases Repository/Login/Page_Lightning Step/button_Sign in")): Object: 'Object Repository/Common Cases Repository/Login/Page_Lightning Step/button_Sign in' is clicked on

13-11-2024T12:40:30 - [MESSAGE][PASSED] - Object: 'Object Repository/Common Cases Repository/Login/Page_Lightning Step/button_Sign in' is clicked on

13-11-2024T12:40:30 - [MESSAGE][PASSED] - Call Test Case 'Test Cases/Common Cases/Login' successfully

13-11-2024T12:40:30 - [TEST_STEP][PASSED] - click(findTestObject("Object Repository/Specific Cases Repository/LS/Home/Census/Census_Forward_Back_Functions/Page_Home/a_Census")): Object: 'Object Repository/Specific Cases Repository/LS/Home/Census/Census_Forward_Back_Functions/Page_Home/a_Census' is clicked on

13-11-2024T12:40:31 - [MESSAGE][PASSED] - Object: 'Object Repository/Specific Cases Repository/LS/Home/Census/Census_Forward_Back_Functions/Page_Home/a_Census' is clicked on

13-11-2024T12:40:31 - [TEST_STEP][PASSED] - click(findTestObject("Object Repository/Specific Cases Repository/LS/Home/Census/Census_Forward_Back_Functions/Page_Home/a_bed                     Bed Board")): Object: 'Object Repository/Specific Cases Repository/LS/Home/Census/Census_Forward_Back_Functions/Page_Home/a_bed                     Bed Board' is clicked on

13-11-2024T12:40:34 - [MESSAGE][PASSED] - Object: 'Object Repository/Specific Cases Repository/LS/Home/Census/Census_Forward_Back_Functions/Page_Home/a_bed                     Bed Board' is clicked on

13-11-2024T12:40:34 - [TEST_STEP][PASSED] - navigateToUrl("https://site17.lsapp.cloud/dbkeymetrics/bedboard"): Navigate to 'https://site17.lsapp.cloud/dbkeymetrics/bedboard' successfully

13-11-2024T12:40:35 - [MESSAGE][PASSED] - Navigate to 'https://site17.lsapp.cloud/dbkeymetrics/bedboard' successfully

13-11-2024T12:40:35 - [TEST_STEP][PASSED] - click(findTestObject("Object Repository/Specific Cases Repository/LS/Home/Census/Census_Forward_Back_Functions/Page_Bed Board/span_homepage")): Object: 'Object Repository/Specific Cases Repository/LS/Home/Census/Census_Forward_Back_Functions/Page_Bed Board/span_homepage' is clicked on

13-11-2024T12:40:37 - [MESSAGE][PASSED] - Object: 'Object Repository/Specific Cases Repository/LS/Home/Census/Census_Forward_Back_Functions/Page_Bed Board/span_homepage' is clicked on

13-11-2024T12:40:37 - [TEST_STEP][PASSED] - click(findTestObject("Object Repository/Specific Cases Repository/LS/Home/Census/Census_Forward_Back_Functions/Page_Home/span_Advanced Census")): Object: 'Object Repository/Specific Cases Repository/LS/Home/Census/Census_Forward_Back_Functions/Page_Home/span_Advanced Census' is clicked on

13-11-2024T12:40:40 - [MESSAGE][PASSED] - Object: 'Object Repository/Specific Cases Repository/LS/Home/Census/Census_Forward_Back_Functions/Page_Home/span_Advanced Census' is clicked on

13-11-2024T12:40:40 - [TEST_STEP][PASSED] - click(findTestObject("Object Repository/Specific Cases Repository/LS/Home/Census/Census_Forward_Back_Functions/Page_Census Advanced/span_homepage")): Object: 'Object Repository/Specific Cases Repository/LS/Home/Census/Census_Forward_Back_Functions/Page_Census Advanced/span_homepage' is clicked on

13-11-2024T12:40:42 - [MESSAGE][PASSED] - Object: 'Object Repository/Specific Cases Repository/LS/Home/Census/Census_Forward_Back_Functions/Page_Census Advanced/span_homepage' is clicked on

13-11-2024T12:40:42 - [TEST_STEP][PASSED] - click(findTestObject("Object Repository/Specific Cases Repository/LS/Home/Census/Census_Forward_Back_Functions/Page_Home/a_co_present                 Client Face sheets")): Object: 'Object Repository/Specific Cases Repository/LS/Home/Census/Census_Forward_Back_Functions/Page_Home/a_co_present                 Client Face sheets' is clicked on

13-11-2024T12:40:45 - [MESSAGE][PASSED] - Object: 'Object Repository/Specific Cases Repository/LS/Home/Census/Census_Forward_Back_Functions/Page_Home/a_co_present                 Client Face sheets' is clicked on

13-11-2024T12:40:45 - [TEST_STEP][PASSED] - click(findTestObject("Object Repository/Specific Cases Repository/LS/Home/Census/Census_Forward_Back_Functions/Page_Client Face Sheets/span_homepage")): Object: 'Object Repository/Specific Cases Repository/LS/Home/Census/Census_Forward_Back_Functions/Page_Client Face Sheets/span_homepage' is clicked on

13-11-2024T12:40:46 - [MESSAGE][PASSED] - Object: 'Object Repository/Specific Cases Repository/LS/Home/Census/Census_Forward_Back_Functions/Page_Client Face Sheets/span_homepage' is clicked on

13-11-2024T12:40:46 - [TEST_STEP][PASSED] - closeBrowser(): Browser is closed

13-11-2024T12:40:46 - [MESSAGE][PASSED] - Browser is closed]]></system-out>
         <system-err><![CDATA[]]></system-err>
      </testcase>
      <testcase name="Test Cases/Specific Cases/LS/General/Census/Bed Board/Bed_Board_Filters" time="48.9" classname="Test Cases/Specific Cases/LS/General/Census/Bed Board/Bed_Board_Filters" status="FAILED">
         <failure type="FAILED" message="Test Cases/Specific Cases/LS/General/Census/Bed Board/Bed_Board_Filters FAILED.&#xa;Reason:&#xa;com.kms.katalon.core.exception.StepFailedException: Verify element text of test object 'Object Repository/Specific Cases Repository/LS/Home/Census/Bed_Board/Page_Bed Board/span_Female' FAILED.&#xa;	at com.kms.katalon.core.webui.keyword.internal.WebUIKeywordMain.stepFailed(WebUIKeywordMain.groovy:117)&#xa;	at com.kms.katalon.core.webui.keyword.internal.WebUIKeywordMain.runKeyword(WebUIKeywordMain.groovy:43)&#xa;	at com.kms.katalon.core.webui.keyword.builtin.VerifyElementTextKeyword.verifyElementText(VerifyElementTextKeyword.groovy:72)&#xa;	at com.kms.katalon.core.webui.keyword.builtin.VerifyElementTextKeyword.execute(VerifyElementTextKeyword.groovy:40)&#xa;	at com.kms.katalon.core.keyword.internal.KeywordExecutor.executeKeywordForPlatform(KeywordExecutor.groovy:74)&#xa;	at com.kms.katalon.core.webui.keyword.WebUiBuiltInKeywords.verifyElementText(WebUiBuiltInKeywords.groovy:4835)&#xa;	at Bed_Board_Filters.run(Bed_Board_Filters:31)&#xa;	at com.kms.katalon.core.main.ScriptEngine.run(ScriptEngine.java:194)&#xa;	at com.kms.katalon.core.main.ScriptEngine.runScriptAsRawText(ScriptEngine.java:119)&#xa;	at com.kms.katalon.core.main.TestCaseExecutor.runScript(TestCaseExecutor.java:448)&#xa;	at com.kms.katalon.core.main.TestCaseExecutor.doExecute(TestCaseExecutor.java:439)&#xa;	at com.kms.katalon.core.main.TestCaseExecutor.processExecutionPhase(TestCaseExecutor.java:418)&#xa;	at com.kms.katalon.core.main.TestCaseExecutor.accessMainPhase(TestCaseExecutor.java:410)&#xa;	at com.kms.katalon.core.main.TestCaseExecutor.execute(TestCaseExecutor.java:285)&#xa;	at com.kms.katalon.core.common.CommonExecutor.accessTestCaseMainPhase(CommonExecutor.java:65)&#xa;	at com.kms.katalon.core.main.TestSuiteExecutor.accessTestSuiteMainPhase(TestSuiteExecutor.java:150)&#xa;	at com.kms.katalon.core.main.TestSuiteExecutor.execute(TestSuiteExecutor.java:106)&#xa;	at com.kms.katalon.core.main.TestCaseMain.startTestSuite(TestCaseMain.java:180)&#xa;	at TempTestSuite1731518955887.run(TempTestSuite1731518955887.groovy:35)&#xa;	at java.base/jdk.internal.reflect.NativeMethodAccessorImpl.invoke0(Native Method)&#xa;	at java.base/jdk.internal.reflect.NativeMethodAccessorImpl.invoke(NativeMethodAccessorImpl.java:77)&#xa;	at java.base/jdk.internal.reflect.DelegatingMethodAccessorImpl.invoke(DelegatingMethodAccessorImpl.java:43)&#xa;Caused by: com.kms.katalon.core.exception.StepFailedException: Actual text 'Male' and expected text 'Female' of test object 'Object Repository/Specific Cases Repository/LS/Home/Census/Bed_Board/Page_Bed Board/span_Female' are NOT matched.&#xa;	at com.kms.katalon.core.webui.keyword.internal.WebUIKeywordMain.stepFailed(WebUIKeywordMain.groovy:117)&#xa;	at com.kms.katalon.core.webui.keyword.builtin.VerifyElementTextKeyword$_verifyElementText_closure1.doCall(VerifyElementTextKeyword.groovy:57)&#xa;	at com.kms.katalon.core.webui.keyword.builtin.VerifyElementTextKeyword$_verifyElementText_closure1.call(VerifyElementTextKeyword.groovy)&#xa;	at com.kms.katalon.core.webui.keyword.internal.WebUIKeywordMain.runKeyword(WebUIKeywordMain.groovy:35)&#xa;	... 20 more&#xa;"/>
         <system-out><![CDATA[13-11-2024T12:40:46 - [TEST_CASE][FAILED] - Test Cases/Specific Cases/LS/General/Census/Bed Board/Bed_Board_Filters: Test Cases/Specific Cases/LS/General/Census/Bed Board/Bed_Board_Filters FAILED.
Reason:
com.kms.katalon.core.exception.StepFailedException: Verify element text of test object 'Object Repository/Specific Cases Repository/LS/Home/Census/Bed_Board/Page_Bed Board/span_Female' FAILED.
	at com.kms.katalon.core.webui.keyword.internal.WebUIKeywordMain.stepFailed(WebUIKeywordMain.groovy:117)
	at com.kms.katalon.core.webui.keyword.internal.WebUIKeywordMain.runKeyword(WebUIKeywordMain.groovy:43)
	at com.kms.katalon.core.webui.keyword.builtin.VerifyElementTextKeyword.verifyElementText(VerifyElementTextKeyword.groovy:72)
	at com.kms.katalon.core.webui.keyword.builtin.VerifyElementTextKeyword.execute(VerifyElementTextKeyword.groovy:40)
	at com.kms.katalon.core.keyword.internal.KeywordExecutor.executeKeywordForPlatform(KeywordExecutor.groovy:74)
	at com.kms.katalon.core.webui.keyword.WebUiBuiltInKeywords.verifyElementText(WebUiBuiltInKeywords.groovy:4835)
	at Bed_Board_Filters.run(Bed_Board_Filters:31)
	at com.kms.katalon.core.main.ScriptEngine.run(ScriptEngine.java:194)
	at com.kms.katalon.core.main.ScriptEngine.runScriptAsRawText(ScriptEngine.java:119)
	at com.kms.katalon.core.main.TestCaseExecutor.runScript(TestCaseExecutor.java:448)
	at com.kms.katalon.core.main.TestCaseExecutor.doExecute(TestCaseExecutor.java:439)
	at com.kms.katalon.core.main.TestCaseExecutor.processExecutionPhase(TestCaseExecutor.java:418)
	at com.kms.katalon.core.main.TestCaseExecutor.accessMainPhase(TestCaseExecutor.java:410)
	at com.kms.katalon.core.main.TestCaseExecutor.execute(TestCaseExecutor.java:285)
	at com.kms.katalon.core.common.CommonExecutor.accessTestCaseMainPhase(CommonExecutor.java:65)
	at com.kms.katalon.core.main.TestSuiteExecutor.accessTestSuiteMainPhase(TestSuiteExecutor.java:150)
	at com.kms.katalon.core.main.TestSuiteExecutor.execute(TestSuiteExecutor.java:106)
	at com.kms.katalon.core.main.TestCaseMain.startTestSuite(TestCaseMain.java:180)
	at TempTestSuite1731518955887.run(TempTestSuite1731518955887.groovy:35)
	at java.base/jdk.internal.reflect.NativeMethodAccessorImpl.invoke0(Native Method)
	at java.base/jdk.internal.reflect.NativeMethodAccessorImpl.invoke(NativeMethodAccessorImpl.java:77)
	at java.base/jdk.internal.reflect.DelegatingMethodAccessorImpl.invoke(DelegatingMethodAccessorImpl.java:43)
Caused by: com.kms.katalon.core.exception.StepFailedException: Actual text 'Male' and expected text 'Female' of test object 'Object Repository/Specific Cases Repository/LS/Home/Census/Bed_Board/Page_Bed Board/span_Female' are NOT matched.
	at com.kms.katalon.core.webui.keyword.internal.WebUIKeywordMain.stepFailed(WebUIKeywordMain.groovy:117)
	at com.kms.katalon.core.webui.keyword.builtin.VerifyElementTextKeyword$_verifyElementText_closure1.doCall(VerifyElementTextKeyword.groovy:57)
	at com.kms.katalon.core.webui.keyword.builtin.VerifyElementTextKeyword$_verifyElementText_closure1.call(VerifyElementTextKeyword.groovy)
	at com.kms.katalon.core.webui.keyword.internal.WebUIKeywordMain.runKeyword(WebUIKeywordMain.groovy:35)
	... 20 more


13-11-2024T12:40:47 - [TEST_STEP][PASSED] - callTestCase(findTestCase("Common Cases/Login"), [:], STOP_ON_FAILURE): Call Test Case 'Test Cases/Common Cases/Login' successfully

13-11-2024T12:40:47 - [TEST_CASE][PASSED] - Test Cases/Common Cases/Login: Test Cases/Common Cases/Login

13-11-2024T12:40:47 - [TEST_STEP][PASSED] - openBrowser(""): Browser is opened with url: ''

13-11-2024T12:40:47 - [MESSAGE][INFO] - Starting 'Chrome' driver

13-11-2024T12:40:47 - [MESSAGE][INFO] - Action delay is set to 0 milliseconds

13-11-2024T12:40:47 - [MESSAGE][PASSED] - Browser is opened with url: ''

13-11-2024T12:40:47 - [TEST_STEP][PASSED] - maximizeWindow(): Current window maximized

13-11-2024T12:40:47 - [MESSAGE][PASSED] - Current window maximized

13-11-2024T12:40:47 - [TEST_STEP][PASSED] - navigateToUrl("https://site17.lsapp.cloud/auth/login"): Navigate to 'https://site17.lsapp.cloud/auth/login' successfully

13-11-2024T12:40:49 - [MESSAGE][PASSED] - Navigate to 'https://site17.lsapp.cloud/auth/login' successfully

13-11-2024T12:40:49 - [TEST_STEP][PASSED] - setText(findTestObject("Object Repository/Common Cases Repository/Login/Page_Lightning Step/input_Email_email"), "automation@lightningstep.com"): Text 'automation@lightningstep.com' is set on object 'Object Repository/Common Cases Repository/Login/Page_Lightning Step/input_Email_email'

13-11-2024T12:40:50 - [MESSAGE][PASSED] - Text 'automation@lightningstep.com' is set on object 'Object Repository/Common Cases Repository/Login/Page_Lightning Step/input_Email_email'

13-11-2024T12:40:50 - [TEST_STEP][PASSED] - setEncryptedText(findTestObject("Object Repository/Common Cases Repository/Login/Page_Lightning Step/input_Password_password"), "e5N8VHmnhJDITtQaQhDQDw=="): Text ****** has been set on object 'Object Repository/Common Cases Repository/Login/Page_Lightning Step/input_Password_password'

13-11-2024T12:40:50 - [MESSAGE][PASSED] - Text ****** has been set on object 'Object Repository/Common Cases Repository/Login/Page_Lightning Step/input_Password_password'

13-11-2024T12:40:50 - [TEST_STEP][PASSED] - click(findTestObject("Object Repository/Common Cases Repository/Login/Page_Lightning Step/button_Sign in")): Object: 'Object Repository/Common Cases Repository/Login/Page_Lightning Step/button_Sign in' is clicked on

13-11-2024T12:40:56 - [MESSAGE][PASSED] - Object: 'Object Repository/Common Cases Repository/Login/Page_Lightning Step/button_Sign in' is clicked on

13-11-2024T12:40:56 - [MESSAGE][PASSED] - Call Test Case 'Test Cases/Common Cases/Login' successfully

13-11-2024T12:40:56 - [TEST_STEP][PASSED] - click(findTestObject("Object Repository/Specific Cases Repository/LS/Home/Census/Bed_Board/Page_Home/a_Census")): Object: 'Object Repository/Specific Cases Repository/LS/Home/Census/Bed_Board/Page_Home/a_Census' is clicked on

13-11-2024T12:40:58 - [MESSAGE][PASSED] - Object: 'Object Repository/Specific Cases Repository/LS/Home/Census/Bed_Board/Page_Home/a_Census' is clicked on

13-11-2024T12:40:58 - [TEST_STEP][PASSED] - click(findTestObject("Object Repository/Specific Cases Repository/LS/Home/Census/Bed_Board/Page_Home/a_bed                     Bed Board")): Object: 'Object Repository/Specific Cases Repository/LS/Home/Census/Bed_Board/Page_Home/a_bed                     Bed Board' is clicked on

13-11-2024T12:41:01 - [MESSAGE][PASSED] - Object: 'Object Repository/Specific Cases Repository/LS/Home/Census/Bed_Board/Page_Home/a_bed                     Bed Board' is clicked on

13-11-2024T12:41:01 - [TEST_STEP][PASSED] - navigateToUrl("https://site17.lsapp.cloud/dbkeymetrics/bedboard"): Navigate to 'https://site17.lsapp.cloud/dbkeymetrics/bedboard' successfully

13-11-2024T12:41:02 - [MESSAGE][PASSED] - Navigate to 'https://site17.lsapp.cloud/dbkeymetrics/bedboard' successfully

13-11-2024T12:41:02 - [TEST_STEP][PASSED] - selectOptionByValue(findTestObject("Object Repository/Specific Cases Repository/LS/Home/Census/Bed_Board/Page_Bed Board/select_All Gender Identities"), "0", true): All options with value '0' are selected in object 'Object Repository/Specific Cases Repository/LS/Home/Census/Bed_Board/Page_Bed Board/select_All Gender Identities'  using regular expression

13-11-2024T12:41:03 - [MESSAGE][PASSED] - All options with value '0' are selected in object 'Object Repository/Specific Cases Repository/LS/Home/Census/Bed_Board/Page_Bed Board/select_All Gender Identities'  using regular expression

13-11-2024T12:41:03 - [TEST_STEP][FAILED] - verifyElementText(findTestObject("Object Repository/Specific Cases Repository/LS/Home/Census/Bed_Board/Page_Bed Board/span_Female"), "Female"): Verify element text of test object 'Object Repository/Specific Cases Repository/LS/Home/Census/Bed_Board/Page_Bed Board/span_Female' FAILED. (Root cause: com.kms.katalon.core.exception.StepFailedException: Verify element text of test object 'Object Repository/Specific Cases Repository/LS/Home/Census/Bed_Board/Page_Bed Board/span_Female' FAILED.
	at com.kms.katalon.core.webui.keyword.internal.WebUIKeywordMain.stepFailed(WebUIKeywordMain.groovy:117)
	at com.kms.katalon.core.webui.keyword.internal.WebUIKeywordMain.runKeyword(WebUIKeywordMain.groovy:43)
	at com.kms.katalon.core.webui.keyword.builtin.VerifyElementTextKeyword.verifyElementText(VerifyElementTextKeyword.groovy:72)
	at com.kms.katalon.core.webui.keyword.builtin.VerifyElementTextKeyword.execute(VerifyElementTextKeyword.groovy:40)
	at com.kms.katalon.core.keyword.internal.KeywordExecutor.executeKeywordForPlatform(KeywordExecutor.groovy:74)
	at com.kms.katalon.core.webui.keyword.WebUiBuiltInKeywords.verifyElementText(WebUiBuiltInKeywords.groovy:4835)
	at Bed_Board_Filters.run(Bed_Board_Filters:31)
	at com.kms.katalon.core.main.ScriptEngine.run(ScriptEngine.java:194)
	at com.kms.katalon.core.main.ScriptEngine.runScriptAsRawText(ScriptEngine.java:119)
	at com.kms.katalon.core.main.TestCaseExecutor.runScript(TestCaseExecutor.java:448)
	at com.kms.katalon.core.main.TestCaseExecutor.doExecute(TestCaseExecutor.java:439)
	at com.kms.katalon.core.main.TestCaseExecutor.processExecutionPhase(TestCaseExecutor.java:418)
	at com.kms.katalon.core.main.TestCaseExecutor.accessMainPhase(TestCaseExecutor.java:410)
	at com.kms.katalon.core.main.TestCaseExecutor.execute(TestCaseExecutor.java:285)
	at com.kms.katalon.core.common.CommonExecutor.accessTestCaseMainPhase(CommonExecutor.java:65)
	at com.kms.katalon.core.main.TestSuiteExecutor.accessTestSuiteMainPhase(TestSuiteExecutor.java:150)
	at com.kms.katalon.core.main.TestSuiteExecutor.execute(TestSuiteExecutor.java:106)
	at com.kms.katalon.core.main.TestCaseMain.startTestSuite(TestCaseMain.java:180)
	at TempTestSuite1731518955887.run(TempTestSuite1731518955887.groovy:35)
	at java.base/jdk.internal.reflect.NativeMethodAccessorImpl.invoke0(Native Method)
	at java.base/jdk.internal.reflect.NativeMethodAccessorImpl.invoke(NativeMethodAccessorImpl.java:77)
	at java.base/jdk.internal.reflect.DelegatingMethodAccessorImpl.invoke(DelegatingMethodAccessorImpl.java:43)
Caused by: com.kms.katalon.core.exception.StepFailedException: Actual text 'Male' and expected text 'Female' of test object 'Object Repository/Specific Cases Repository/LS/Home/Census/Bed_Board/Page_Bed Board/span_Female' are NOT matched.
	at com.kms.katalon.core.webui.keyword.internal.WebUIKeywordMain.stepFailed(WebUIKeywordMain.groovy:117)
	at com.kms.katalon.core.webui.keyword.builtin.VerifyElementTextKeyword$_verifyElementText_closure1.doCall(VerifyElementTextKeyword.groovy:57)
	at com.kms.katalon.core.webui.keyword.builtin.VerifyElementTextKeyword$_verifyElementText_closure1.call(VerifyElementTextKeyword.groovy)
	at com.kms.katalon.core.webui.keyword.internal.WebUIKeywordMain.runKeyword(WebUIKeywordMain.groovy:35)
	... 20 more
)

13-11-2024T12:41:34 - [MESSAGE][INFO] - Unable to find the element located by 'By.xpath: //span[normalize-space()='Female']'. Please recheck the objects properties to make sure the desired element is located. 

13-11-2024T12:41:34 - [MESSAGE][WARNING] - [SELF-HEALING] Failed to find element with id 'Object Repository/Specific Cases Repository/LS/Home/Census/Bed_Board/Page_Bed Board/span_Female'. Try using Self-healing.

13-11-2024T12:41:35 - [MESSAGE][INFO] - [SELF-HEALING] Failed Locator: '//table[@id='tablesaw-1988']/tbody/tr/td[4]/span'.

13-11-2024T12:41:35 - [MESSAGE][INFO] - [SELF-HEALING] Working Locator: '(.//*[normalize-space(text()) and normalize-space(.)='Mens Residential'])[6]/following::span[1]'.

13-11-2024T12:41:35 - [MESSAGE][INFO] - [SELF-HEALING] Screenshot: C:/Users/Enrique/git/AUTOMATION_LS/Reports/Self-healing/Object Repository/Specific Cases Repository/LS/Home/Census/Bed_Board/Page_Bed Board/span_Female_neighbor.png

13-11-2024T12:41:35 - [MESSAGE][WARNING] - [SELF-HEALING] The current locator of test object 'Object Repository/Specific Cases Repository/LS/Home/Census/Bed_Board/Page_Bed Board/span_Female' was broken. Propose an alternative one: '(.//*[normalize-space(text()) and normalize-space(.)='Mens Residential'])[6]/following::span[1]'.

13-11-2024T12:41:35 - [MESSAGE][FAILED] - Actual text 'Male' and expected text 'Female' of test object 'Object Repository/Specific Cases Repository/LS/Home/Census/Bed_Board/Page_Bed Board/span_Female' are NOT matched. (Root cause: com.kms.katalon.core.exception.StepFailedException: Actual text 'Male' and expected text 'Female' of test object 'Object Repository/Specific Cases Repository/LS/Home/Census/Bed_Board/Page_Bed Board/span_Female' are NOT matched.
	at com.kms.katalon.core.webui.keyword.internal.WebUIKeywordMain.stepFailed(WebUIKeywordMain.groovy:117)
	at com.kms.katalon.core.webui.keyword.builtin.VerifyElementTextKeyword$_verifyElementText_closure1.doCall(VerifyElementTextKeyword.groovy:57)
	at com.kms.katalon.core.webui.keyword.builtin.VerifyElementTextKeyword$_verifyElementText_closure1.call(VerifyElementTextKeyword.groovy)
	at com.kms.katalon.core.webui.keyword.internal.WebUIKeywordMain.runKeyword(WebUIKeywordMain.groovy:35)
	at com.kms.katalon.core.webui.keyword.builtin.VerifyElementTextKeyword.verifyElementText(VerifyElementTextKeyword.groovy:72)
	at com.kms.katalon.core.webui.keyword.builtin.VerifyElementTextKeyword.execute(VerifyElementTextKeyword.groovy:40)
	at com.kms.katalon.core.keyword.internal.KeywordExecutor.executeKeywordForPlatform(KeywordExecutor.groovy:74)
	at com.kms.katalon.core.webui.keyword.WebUiBuiltInKeywords.verifyElementText(WebUiBuiltInKeywords.groovy:4835)
	at Bed_Board_Filters.run(Bed_Board_Filters:31)
	at com.kms.katalon.core.main.ScriptEngine.run(ScriptEngine.java:194)
	at com.kms.katalon.core.main.ScriptEngine.runScriptAsRawText(ScriptEngine.java:119)
	at com.kms.katalon.core.main.TestCaseExecutor.runScript(TestCaseExecutor.java:448)
	at com.kms.katalon.core.main.TestCaseExecutor.doExecute(TestCaseExecutor.java:439)
	at com.kms.katalon.core.main.TestCaseExecutor.processExecutionPhase(TestCaseExecutor.java:418)
	at com.kms.katalon.core.main.TestCaseExecutor.accessMainPhase(TestCaseExecutor.java:410)
	at com.kms.katalon.core.main.TestCaseExecutor.execute(TestCaseExecutor.java:285)
	at com.kms.katalon.core.common.CommonExecutor.accessTestCaseMainPhase(CommonExecutor.java:65)
	at com.kms.katalon.core.main.TestSuiteExecutor.accessTestSuiteMainPhase(TestSuiteExecutor.java:150)
	at com.kms.katalon.core.main.TestSuiteExecutor.execute(TestSuiteExecutor.java:106)
	at com.kms.katalon.core.main.TestCaseMain.startTestSuite(TestCaseMain.java:180)
	at TempTestSuite1731518955887.run(TempTestSuite1731518955887.groovy:35)
	at java.base/jdk.internal.reflect.NativeMethodAccessorImpl.invoke0(Native Method)
	at java.base/jdk.internal.reflect.NativeMethodAccessorImpl.invoke(NativeMethodAccessorImpl.java:77)
	at java.base/jdk.internal.reflect.DelegatingMethodAccessorImpl.invoke(DelegatingMethodAccessorImpl.java:43)
)
[[ATTACHMENT|C:\\Users\\Enrique\\git\\AUTOMATION_LS\\Reports\\20241113_122912\\LS\\Home\\General\\Census\\20241113_122915\\1731519695573.png]]

13-11-2024T12:41:35 - [MESSAGE][FAILED] - Verify element text of test object 'Object Repository/Specific Cases Repository/LS/Home/Census/Bed_Board/Page_Bed Board/span_Female' FAILED. (Root cause: com.kms.katalon.core.exception.StepFailedException: Verify element text of test object 'Object Repository/Specific Cases Repository/LS/Home/Census/Bed_Board/Page_Bed Board/span_Female' FAILED.
	at com.kms.katalon.core.webui.keyword.internal.WebUIKeywordMain.stepFailed(WebUIKeywordMain.groovy:117)
	at com.kms.katalon.core.webui.keyword.internal.WebUIKeywordMain.runKeyword(WebUIKeywordMain.groovy:43)
	at com.kms.katalon.core.webui.keyword.builtin.VerifyElementTextKeyword.verifyElementText(VerifyElementTextKeyword.groovy:72)
	at com.kms.katalon.core.webui.keyword.builtin.VerifyElementTextKeyword.execute(VerifyElementTextKeyword.groovy:40)
	at com.kms.katalon.core.keyword.internal.KeywordExecutor.executeKeywordForPlatform(KeywordExecutor.groovy:74)
	at com.kms.katalon.core.webui.keyword.WebUiBuiltInKeywords.verifyElementText(WebUiBuiltInKeywords.groovy:4835)
	at Bed_Board_Filters.run(Bed_Board_Filters:31)
	at com.kms.katalon.core.main.ScriptEngine.run(ScriptEngine.java:194)
	at com.kms.katalon.core.main.ScriptEngine.runScriptAsRawText(ScriptEngine.java:119)
	at com.kms.katalon.core.main.TestCaseExecutor.runScript(TestCaseExecutor.java:448)
	at com.kms.katalon.core.main.TestCaseExecutor.doExecute(TestCaseExecutor.java:439)
	at com.kms.katalon.core.main.TestCaseExecutor.processExecutionPhase(TestCaseExecutor.java:418)
	at com.kms.katalon.core.main.TestCaseExecutor.accessMainPhase(TestCaseExecutor.java:410)
	at com.kms.katalon.core.main.TestCaseExecutor.execute(TestCaseExecutor.java:285)
	at com.kms.katalon.core.common.CommonExecutor.accessTestCaseMainPhase(CommonExecutor.java:65)
	at com.kms.katalon.core.main.TestSuiteExecutor.accessTestSuiteMainPhase(TestSuiteExecutor.java:150)
	at com.kms.katalon.core.main.TestSuiteExecutor.execute(TestSuiteExecutor.java:106)
	at com.kms.katalon.core.main.TestCaseMain.startTestSuite(TestCaseMain.java:180)
	at TempTestSuite1731518955887.run(TempTestSuite1731518955887.groovy:35)
	at java.base/jdk.internal.reflect.NativeMethodAccessorImpl.invoke0(Native Method)
	at java.base/jdk.internal.reflect.NativeMethodAccessorImpl.invoke(NativeMethodAccessorImpl.java:77)
	at java.base/jdk.internal.reflect.DelegatingMethodAccessorImpl.invoke(DelegatingMethodAccessorImpl.java:43)
Caused by: com.kms.katalon.core.exception.StepFailedException: Actual text 'Male' and expected text 'Female' of test object 'Object Repository/Specific Cases Repository/LS/Home/Census/Bed_Board/Page_Bed Board/span_Female' are NOT matched.
	at com.kms.katalon.core.webui.keyword.internal.WebUIKeywordMain.stepFailed(WebUIKeywordMain.groovy:117)
	at com.kms.katalon.core.webui.keyword.builtin.VerifyElementTextKeyword$_verifyElementText_closure1.doCall(VerifyElementTextKeyword.groovy:57)
	at com.kms.katalon.core.webui.keyword.builtin.VerifyElementTextKeyword$_verifyElementText_closure1.call(VerifyElementTextKeyword.groovy)
	at com.kms.katalon.core.webui.keyword.internal.WebUIKeywordMain.runKeyword(WebUIKeywordMain.groovy:35)
	... 20 more
)
[[ATTACHMENT|C:\\Users\\Enrique\\git\\AUTOMATION_LS\\Reports\\20241113_122912\\LS\\Home\\General\\Census\\20241113_122915\\1731519695727.png]]]]></system-out>
         <system-err><![CDATA[13-11-2024T12:40:46 - [TEST_CASE][FAILED] - Test Cases/Specific Cases/LS/General/Census/Bed Board/Bed_Board_Filters: Test Cases/Specific Cases/LS/General/Census/Bed Board/Bed_Board_Filters FAILED.
Reason:
com.kms.katalon.core.exception.StepFailedException: Verify element text of test object 'Object Repository/Specific Cases Repository/LS/Home/Census/Bed_Board/Page_Bed Board/span_Female' FAILED.
	at com.kms.katalon.core.webui.keyword.internal.WebUIKeywordMain.stepFailed(WebUIKeywordMain.groovy:117)
	at com.kms.katalon.core.webui.keyword.internal.WebUIKeywordMain.runKeyword(WebUIKeywordMain.groovy:43)
	at com.kms.katalon.core.webui.keyword.builtin.VerifyElementTextKeyword.verifyElementText(VerifyElementTextKeyword.groovy:72)
	at com.kms.katalon.core.webui.keyword.builtin.VerifyElementTextKeyword.execute(VerifyElementTextKeyword.groovy:40)
	at com.kms.katalon.core.keyword.internal.KeywordExecutor.executeKeywordForPlatform(KeywordExecutor.groovy:74)
	at com.kms.katalon.core.webui.keyword.WebUiBuiltInKeywords.verifyElementText(WebUiBuiltInKeywords.groovy:4835)
	at Bed_Board_Filters.run(Bed_Board_Filters:31)
	at com.kms.katalon.core.main.ScriptEngine.run(ScriptEngine.java:194)
	at com.kms.katalon.core.main.ScriptEngine.runScriptAsRawText(ScriptEngine.java:119)
	at com.kms.katalon.core.main.TestCaseExecutor.runScript(TestCaseExecutor.java:448)
	at com.kms.katalon.core.main.TestCaseExecutor.doExecute(TestCaseExecutor.java:439)
	at com.kms.katalon.core.main.TestCaseExecutor.processExecutionPhase(TestCaseExecutor.java:418)
	at com.kms.katalon.core.main.TestCaseExecutor.accessMainPhase(TestCaseExecutor.java:410)
	at com.kms.katalon.core.main.TestCaseExecutor.execute(TestCaseExecutor.java:285)
	at com.kms.katalon.core.common.CommonExecutor.accessTestCaseMainPhase(CommonExecutor.java:65)
	at com.kms.katalon.core.main.TestSuiteExecutor.accessTestSuiteMainPhase(TestSuiteExecutor.java:150)
	at com.kms.katalon.core.main.TestSuiteExecutor.execute(TestSuiteExecutor.java:106)
	at com.kms.katalon.core.main.TestCaseMain.startTestSuite(TestCaseMain.java:180)
	at TempTestSuite1731518955887.run(TempTestSuite1731518955887.groovy:35)
	at java.base/jdk.internal.reflect.NativeMethodAccessorImpl.invoke0(Native Method)
	at java.base/jdk.internal.reflect.NativeMethodAccessorImpl.invoke(NativeMethodAccessorImpl.java:77)
	at java.base/jdk.internal.reflect.DelegatingMethodAccessorImpl.invoke(DelegatingMethodAccessorImpl.java:43)
Caused by: com.kms.katalon.core.exception.StepFailedException: Actual text 'Male' and expected text 'Female' of test object 'Object Repository/Specific Cases Repository/LS/Home/Census/Bed_Board/Page_Bed Board/span_Female' are NOT matched.
	at com.kms.katalon.core.webui.keyword.internal.WebUIKeywordMain.stepFailed(WebUIKeywordMain.groovy:117)
	at com.kms.katalon.core.webui.keyword.builtin.VerifyElementTextKeyword$_verifyElementText_closure1.doCall(VerifyElementTextKeyword.groovy:57)
	at com.kms.katalon.core.webui.keyword.builtin.VerifyElementTextKeyword$_verifyElementText_closure1.call(VerifyElementTextKeyword.groovy)
	at com.kms.katalon.core.webui.keyword.internal.WebUIKeywordMain.runKeyword(WebUIKeywordMain.groovy:35)
	... 20 more]]></system-err>
      </testcase>
      <testcase name="Test Cases/Specific Cases/LS/General/Census/Bed Board/Bed_Board_Notes" time="30.725" classname="Test Cases/Specific Cases/LS/General/Census/Bed Board/Bed_Board_Notes" status="PASSED">
         <system-out><![CDATA[13-11-2024T12:41:35 - [TEST_CASE][PASSED] - Test Cases/Specific Cases/LS/General/Census/Bed Board/Bed_Board_Notes: Test Cases/Specific Cases/LS/General/Census/Bed Board/Bed_Board_Notes

13-11-2024T12:41:35 - [TEST_STEP][PASSED] - callTestCase(findTestCase("Common Cases/Login"), [:], STOP_ON_FAILURE): Call Test Case 'Test Cases/Common Cases/Login' successfully

13-11-2024T12:41:35 - [TEST_CASE][PASSED] - Test Cases/Common Cases/Login: Test Cases/Common Cases/Login

13-11-2024T12:41:36 - [TEST_STEP][PASSED] - openBrowser(""): Browser is opened with url: ''

13-11-2024T12:41:36 - [MESSAGE][WARNING] - A browser is already opened. Closing browser and opening a new one

13-11-2024T12:41:36 - [MESSAGE][INFO] - Starting 'Chrome' driver

13-11-2024T12:41:36 - [MESSAGE][INFO] - Action delay is set to 0 milliseconds

13-11-2024T12:41:36 - [MESSAGE][PASSED] - Browser is opened with url: ''

13-11-2024T12:41:36 - [TEST_STEP][PASSED] - maximizeWindow(): Current window maximized

13-11-2024T12:41:36 - [MESSAGE][PASSED] - Current window maximized

13-11-2024T12:41:36 - [TEST_STEP][PASSED] - navigateToUrl("https://site17.lsapp.cloud/auth/login"): Navigate to 'https://site17.lsapp.cloud/auth/login' successfully

13-11-2024T12:41:38 - [MESSAGE][PASSED] - Navigate to 'https://site17.lsapp.cloud/auth/login' successfully

13-11-2024T12:41:38 - [TEST_STEP][PASSED] - setText(findTestObject("Object Repository/Common Cases Repository/Login/Page_Lightning Step/input_Email_email"), "automation@lightningstep.com"): Text 'automation@lightningstep.com' is set on object 'Object Repository/Common Cases Repository/Login/Page_Lightning Step/input_Email_email'

13-11-2024T12:41:39 - [MESSAGE][PASSED] - Text 'automation@lightningstep.com' is set on object 'Object Repository/Common Cases Repository/Login/Page_Lightning Step/input_Email_email'

13-11-2024T12:41:39 - [TEST_STEP][PASSED] - setEncryptedText(findTestObject("Object Repository/Common Cases Repository/Login/Page_Lightning Step/input_Password_password"), "e5N8VHmnhJDITtQaQhDQDw=="): Text ****** has been set on object 'Object Repository/Common Cases Repository/Login/Page_Lightning Step/input_Password_password'

13-11-2024T12:41:39 - [MESSAGE][PASSED] - Text ****** has been set on object 'Object Repository/Common Cases Repository/Login/Page_Lightning Step/input_Password_password'

13-11-2024T12:41:39 - [TEST_STEP][PASSED] - click(findTestObject("Object Repository/Common Cases Repository/Login/Page_Lightning Step/button_Sign in")): Object: 'Object Repository/Common Cases Repository/Login/Page_Lightning Step/button_Sign in' is clicked on

13-11-2024T12:41:46 - [MESSAGE][PASSED] - Object: 'Object Repository/Common Cases Repository/Login/Page_Lightning Step/button_Sign in' is clicked on

13-11-2024T12:41:46 - [MESSAGE][PASSED] - Call Test Case 'Test Cases/Common Cases/Login' successfully

13-11-2024T12:41:46 - [TEST_STEP][PASSED] - click(findTestObject("Object Repository/Specific Cases Repository/LS/Home/Census/Bed_Board/Bead_Board_Notes/Page_Home/a_Census")): Object: 'Object Repository/Specific Cases Repository/LS/Home/Census/Bed_Board/Bead_Board_Notes/Page_Home/a_Census' is clicked on

13-11-2024T12:41:47 - [MESSAGE][PASSED] - Object: 'Object Repository/Specific Cases Repository/LS/Home/Census/Bed_Board/Bead_Board_Notes/Page_Home/a_Census' is clicked on

13-11-2024T12:41:47 - [TEST_STEP][PASSED] - click(findTestObject("Object Repository/Specific Cases Repository/LS/Home/Census/Bed_Board/Bead_Board_Notes/Page_Home/a_bed                     Bed Board")): Object: 'Object Repository/Specific Cases Repository/LS/Home/Census/Bed_Board/Bead_Board_Notes/Page_Home/a_bed                     Bed Board' is clicked on

13-11-2024T12:41:50 - [MESSAGE][PASSED] - Object: 'Object Repository/Specific Cases Repository/LS/Home/Census/Bed_Board/Bead_Board_Notes/Page_Home/a_bed                     Bed Board' is clicked on

13-11-2024T12:41:50 - [TEST_STEP][PASSED] - navigateToUrl("https://site17.lsapp.cloud/dbkeymetrics/bedboard"): Navigate to 'https://site17.lsapp.cloud/dbkeymetrics/bedboard' successfully

13-11-2024T12:41:50 - [MESSAGE][PASSED] - Navigate to 'https://site17.lsapp.cloud/dbkeymetrics/bedboard' successfully

13-11-2024T12:41:50 - [TEST_STEP][PASSED] - click(findTestObject("Object Repository/Specific Cases Repository/LS/Home/Census/Bed_Board/Bead_Board_Notes/Page_Bed Board/a_Bed Management")): Object: 'Object Repository/Specific Cases Repository/LS/Home/Census/Bed_Board/Bead_Board_Notes/Page_Bed Board/a_Bed Management' is clicked on

13-11-2024T12:41:52 - [MESSAGE][PASSED] - Object: 'Object Repository/Specific Cases Repository/LS/Home/Census/Bed_Board/Bead_Board_Notes/Page_Bed Board/a_Bed Management' is clicked on

13-11-2024T12:41:52 - [TEST_STEP][PASSED] - click(findTestObject("Object Repository/Specific Cases Repository/LS/Home/Census/Bed_Board/Bead_Board_Notes/Page_Bed Management Dashboard/i_Room  1  (Male)_roomnote1")): Object: 'Object Repository/Specific Cases Repository/LS/Home/Census/Bed_Board/Bead_Board_Notes/Page_Bed Management Dashboard/i_Room  1  (Male)_roomnote1' is clicked on

13-11-2024T12:41:55 - [MESSAGE][PASSED] - Object: 'Object Repository/Specific Cases Repository/LS/Home/Census/Bed_Board/Bead_Board_Notes/Page_Bed Management Dashboard/i_Room  1  (Male)_roomnote1' is clicked on

13-11-2024T12:41:55 - [TEST_STEP][PASSED] - setText(findTestObject("Object Repository/Specific Cases Repository/LS/Home/Census/Bed_Board/Bead_Board_Notes/Page_Bed Management Dashboard/textarea_Room Note_mdl_roombednote_note"), "Room Test Note Automation"): Text 'Room Test Note Automation' is set on object 'Object Repository/Specific Cases Repository/LS/Home/Census/Bed_Board/Bead_Board_Notes/Page_Bed Management Dashboard/textarea_Room Note_mdl_roombednote_note'

13-11-2024T12:41:57 - [MESSAGE][PASSED] - Text 'Room Test Note Automation' is set on object 'Object Repository/Specific Cases Repository/LS/Home/Census/Bed_Board/Bead_Board_Notes/Page_Bed Management Dashboard/textarea_Room Note_mdl_roombednote_note'

13-11-2024T12:41:57 - [TEST_STEP][PASSED] - click(findTestObject("Specific Cases Repository/LS/Home/Census/Bed_Board/Bead_Board_Notes/Page_Bed Management Dashboard/div_Bed Note                               _7b91a6")): Object: 'Object Repository/Specific Cases Repository/LS/Home/Census/Bed_Board/Bead_Board_Notes/Page_Bed Management Dashboard/div_Bed Note                               _7b91a6' is clicked on

13-11-2024T12:41:57 - [MESSAGE][PASSED] - Object: 'Object Repository/Specific Cases Repository/LS/Home/Census/Bed_Board/Bead_Board_Notes/Page_Bed Management Dashboard/div_Bed Note                               _7b91a6' is clicked on

13-11-2024T12:41:57 - [TEST_STEP][PASSED] - click(findTestObject("Object Repository/Specific Cases Repository/LS/Home/Census/Bed_Board/Bead_Board_Notes/Page_Bed Management Dashboard/i_Room  1  (Male)_bednote1")): Object: 'Object Repository/Specific Cases Repository/LS/Home/Census/Bed_Board/Bead_Board_Notes/Page_Bed Management Dashboard/i_Room  1  (Male)_bednote1' is clicked on

13-11-2024T12:41:58 - [MESSAGE][PASSED] - Object: 'Object Repository/Specific Cases Repository/LS/Home/Census/Bed_Board/Bead_Board_Notes/Page_Bed Management Dashboard/i_Room  1  (Male)_bednote1' is clicked on

13-11-2024T12:41:58 - [TEST_STEP][PASSED] - setText(findTestObject("Object Repository/Specific Cases Repository/LS/Home/Census/Bed_Board/Bead_Board_Notes/Page_Bed Management Dashboard/textarea_Room Note_mdl_roombednote_note"), "Bed Note Test Automation"): Text 'Bed Note Test Automation' is set on object 'Object Repository/Specific Cases Repository/LS/Home/Census/Bed_Board/Bead_Board_Notes/Page_Bed Management Dashboard/textarea_Room Note_mdl_roombednote_note'

13-11-2024T12:41:59 - [MESSAGE][PASSED] - Text 'Bed Note Test Automation' is set on object 'Object Repository/Specific Cases Repository/LS/Home/Census/Bed_Board/Bead_Board_Notes/Page_Bed Management Dashboard/textarea_Room Note_mdl_roombednote_note'

13-11-2024T12:41:59 - [TEST_STEP][PASSED] - click(findTestObject("Specific Cases Repository/LS/Home/Census/Bed_Board/Bead_Board_Notes/Page_Bed Management Dashboard/div_Bed Note                               _7b91a6")): Object: 'Object Repository/Specific Cases Repository/LS/Home/Census/Bed_Board/Bead_Board_Notes/Page_Bed Management Dashboard/div_Bed Note                               _7b91a6' is clicked on

13-11-2024T12:41:59 - [MESSAGE][PASSED] - Object: 'Object Repository/Specific Cases Repository/LS/Home/Census/Bed_Board/Bead_Board_Notes/Page_Bed Management Dashboard/div_Bed Note                               _7b91a6' is clicked on

13-11-2024T12:41:59 - [TEST_STEP][PASSED] - click(findTestObject("Object Repository/Specific Cases Repository/LS/Home/Census/Bed_Board/Bead_Board_Notes/Page_Bed Management Dashboard/a_Home")): Object: 'Object Repository/Specific Cases Repository/LS/Home/Census/Bed_Board/Bead_Board_Notes/Page_Bed Management Dashboard/a_Home' is clicked on

13-11-2024T12:42:01 - [MESSAGE][PASSED] - Object: 'Object Repository/Specific Cases Repository/LS/Home/Census/Bed_Board/Bead_Board_Notes/Page_Bed Management Dashboard/a_Home' is clicked on

13-11-2024T12:42:01 - [TEST_STEP][PASSED] - click(findTestObject("Object Repository/Specific Cases Repository/LS/Home/Census/Bed_Board/Bead_Board_Notes/Page_Home/a_bed                     Bed Board")): Object: 'Object Repository/Specific Cases Repository/LS/Home/Census/Bed_Board/Bead_Board_Notes/Page_Home/a_bed                     Bed Board' is clicked on

13-11-2024T12:42:05 - [MESSAGE][PASSED] - Object: 'Object Repository/Specific Cases Repository/LS/Home/Census/Bed_Board/Bead_Board_Notes/Page_Home/a_bed                     Bed Board' is clicked on

13-11-2024T12:42:05 - [TEST_STEP][PASSED] - verifyElementPresent(findTestObject("Object Repository/Specific Cases Repository/LS/Home/Census/Bed_Board/Bead_Board_Notes/Page_Bed Board/i_Mens Residential_fa fa-info-circle text-info"), 0): Object 'Object Repository/Specific Cases Repository/LS/Home/Census/Bed_Board/Bead_Board_Notes/Page_Bed Board/i_Mens Residential_fa fa-info-circle text-info' is present

13-11-2024T12:42:05 - [MESSAGE][WARNING] - Timeout '0' is invalid. Using default page load timeout: '30'

13-11-2024T12:42:05 - [MESSAGE][PASSED] - Object 'Object Repository/Specific Cases Repository/LS/Home/Census/Bed_Board/Bead_Board_Notes/Page_Bed Board/i_Mens Residential_fa fa-info-circle text-info' is present

13-11-2024T12:42:05 - [TEST_STEP][PASSED] - click(findTestObject("Object Repository/Specific Cases Repository/LS/Home/Census/Bed_Board/Bead_Board_Notes/Page_Bed Board/i_Mens Residential_fa fa-info-circle text-info")): Object: 'Object Repository/Specific Cases Repository/LS/Home/Census/Bed_Board/Bead_Board_Notes/Page_Bed Board/i_Mens Residential_fa fa-info-circle text-info' is clicked on

13-11-2024T12:42:05 - [MESSAGE][PASSED] - Object: 'Object Repository/Specific Cases Repository/LS/Home/Census/Bed_Board/Bead_Board_Notes/Page_Bed Board/i_Mens Residential_fa fa-info-circle text-info' is clicked on

13-11-2024T12:42:05 - [TEST_STEP][PASSED] - verifyElementText(findTestObject("Object Repository/Specific Cases Repository/LS/Home/Census/Bed_Board/Bead_Board_Notes/Page_Bed Board/b_Bed note"), "Bed note:"): Actual text and expected text of test object 'Object Repository/Specific Cases Repository/LS/Home/Census/Bed_Board/Bead_Board_Notes/Page_Bed Board/b_Bed note' are matched.

13-11-2024T12:42:06 - [MESSAGE][PASSED] - Actual text and expected text of test object 'Object Repository/Specific Cases Repository/LS/Home/Census/Bed_Board/Bead_Board_Notes/Page_Bed Board/b_Bed note' are matched.

13-11-2024T12:42:06 - [TEST_STEP][PASSED] - verifyElementText(findTestObject("Object Repository/Specific Cases Repository/LS/Home/Census/Bed_Board/Bead_Board_Notes/Page_Bed Board/b_Room note"), "Room note:"): Actual text and expected text of test object 'Object Repository/Specific Cases Repository/LS/Home/Census/Bed_Board/Bead_Board_Notes/Page_Bed Board/b_Room note' are matched.

13-11-2024T12:42:06 - [MESSAGE][PASSED] - Actual text and expected text of test object 'Object Repository/Specific Cases Repository/LS/Home/Census/Bed_Board/Bead_Board_Notes/Page_Bed Board/b_Room note' are matched.

13-11-2024T12:42:06 - [TEST_STEP][PASSED] - closeBrowser(): Browser is closed

13-11-2024T12:42:06 - [MESSAGE][PASSED] - Browser is closed]]></system-out>
         <system-err><![CDATA[]]></system-err>
      </testcase>
      <testcase name="Test Cases/Specific Cases/LS/General/Census/Bed Board/Bed_Board_forward_back_fucntions" time="50.39" classname="Test Cases/Specific Cases/LS/General/Census/Bed Board/Bed_Board_forward_back_fucntions" status="FAILED">
         <failure type="FAILED" message="Test Cases/Specific Cases/LS/General/Census/Bed Board/Bed_Board_forward_back_fucntions FAILED.&#xa;Reason:&#xa;com.kms.katalon.core.exception.StepFailedException: Unable to verify object 'Object Repository/Specific Cases Repository/LS/Home/Census/Bed_Board/Bed_Board_Forward_Back_Functions/Page_Bed Management Dashboard/a_B Client B Automation' is present&#xa;	at com.kms.katalon.core.webui.keyword.internal.WebUIKeywordMain.stepFailed(WebUIKeywordMain.groovy:117)&#xa;	at com.kms.katalon.core.webui.keyword.internal.WebUIKeywordMain.runKeyword(WebUIKeywordMain.groovy:43)&#xa;	at com.kms.katalon.core.webui.keyword.builtin.VerifyElementPresentKeyword.verifyElementPresent(VerifyElementPresentKeyword.groovy:92)&#xa;	at com.kms.katalon.core.webui.keyword.builtin.VerifyElementPresentKeyword.execute(VerifyElementPresentKeyword.groovy:68)&#xa;	at com.kms.katalon.core.keyword.internal.KeywordExecutor.executeKeywordForPlatform(KeywordExecutor.groovy:74)&#xa;	at com.kms.katalon.core.webui.keyword.WebUiBuiltInKeywords.verifyElementPresent(WebUiBuiltInKeywords.groovy:1503)&#xa;	at Bed_Board_forward_back_fucntions.run(Bed_Board_forward_back_fucntions:34)&#xa;	at com.kms.katalon.core.main.ScriptEngine.run(ScriptEngine.java:194)&#xa;	at com.kms.katalon.core.main.ScriptEngine.runScriptAsRawText(ScriptEngine.java:119)&#xa;	at com.kms.katalon.core.main.TestCaseExecutor.runScript(TestCaseExecutor.java:448)&#xa;	at com.kms.katalon.core.main.TestCaseExecutor.doExecute(TestCaseExecutor.java:439)&#xa;	at com.kms.katalon.core.main.TestCaseExecutor.processExecutionPhase(TestCaseExecutor.java:418)&#xa;	at com.kms.katalon.core.main.TestCaseExecutor.accessMainPhase(TestCaseExecutor.java:410)&#xa;	at com.kms.katalon.core.main.TestCaseExecutor.execute(TestCaseExecutor.java:285)&#xa;	at com.kms.katalon.core.common.CommonExecutor.accessTestCaseMainPhase(CommonExecutor.java:65)&#xa;	at com.kms.katalon.core.main.TestSuiteExecutor.accessTestSuiteMainPhase(TestSuiteExecutor.java:150)&#xa;	at com.kms.katalon.core.main.TestSuiteExecutor.execute(TestSuiteExecutor.java:106)&#xa;	at com.kms.katalon.core.main.TestCaseMain.startTestSuite(TestCaseMain.java:180)&#xa;	at TempTestSuite1731518955887.run(TempTestSuite1731518955887.groovy:35)&#xa;	at java.base/jdk.internal.reflect.NativeMethodAccessorImpl.invoke0(Native Method)&#xa;	at java.base/jdk.internal.reflect.NativeMethodAccessorImpl.invoke(NativeMethodAccessorImpl.java:77)&#xa;	at java.base/jdk.internal.reflect.DelegatingMethodAccessorImpl.invoke(DelegatingMethodAccessorImpl.java:43)&#xa;Caused by: com.kms.katalon.core.exception.StepFailedException: com.kms.katalon.core.webui.exception.WebElementNotFoundException: Web element with id: 'Object Repository/Specific Cases Repository/LS/Home/Census/Bed_Board/Bed_Board_Forward_Back_Functions/Page_Bed Management Dashboard/a_B Client B Automation' located by '//a[@target='_blank'][normalize-space()='B Client B Automation']' not found&#xa;	at com.kms.katalon.core.webui.keyword.internal.WebUIKeywordMain.stepFailed(WebUIKeywordMain.groovy:117)&#xa;	at com.kms.katalon.core.webui.keyword.builtin.VerifyElementPresentKeyword$_verifyElementPresent_closure1.doCall(VerifyElementPresentKeyword.groovy:85)&#xa;	at com.kms.katalon.core.webui.keyword.builtin.VerifyElementPresentKeyword$_verifyElementPresent_closure1.call(VerifyElementPresentKeyword.groovy)&#xa;	at com.kms.katalon.core.webui.keyword.internal.WebUIKeywordMain.runKeyword(WebUIKeywordMain.groovy:35)&#xa;	... 20 more&#xa;"/>
         <system-out><![CDATA[13-11-2024T12:42:06 - [TEST_CASE][FAILED] - Test Cases/Specific Cases/LS/General/Census/Bed Board/Bed_Board_forward_back_fucntions: Test Cases/Specific Cases/LS/General/Census/Bed Board/Bed_Board_forward_back_fucntions FAILED.
Reason:
com.kms.katalon.core.exception.StepFailedException: Unable to verify object 'Object Repository/Specific Cases Repository/LS/Home/Census/Bed_Board/Bed_Board_Forward_Back_Functions/Page_Bed Management Dashboard/a_B Client B Automation' is present
	at com.kms.katalon.core.webui.keyword.internal.WebUIKeywordMain.stepFailed(WebUIKeywordMain.groovy:117)
	at com.kms.katalon.core.webui.keyword.internal.WebUIKeywordMain.runKeyword(WebUIKeywordMain.groovy:43)
	at com.kms.katalon.core.webui.keyword.builtin.VerifyElementPresentKeyword.verifyElementPresent(VerifyElementPresentKeyword.groovy:92)
	at com.kms.katalon.core.webui.keyword.builtin.VerifyElementPresentKeyword.execute(VerifyElementPresentKeyword.groovy:68)
	at com.kms.katalon.core.keyword.internal.KeywordExecutor.executeKeywordForPlatform(KeywordExecutor.groovy:74)
	at com.kms.katalon.core.webui.keyword.WebUiBuiltInKeywords.verifyElementPresent(WebUiBuiltInKeywords.groovy:1503)
	at Bed_Board_forward_back_fucntions.run(Bed_Board_forward_back_fucntions:34)
	at com.kms.katalon.core.main.ScriptEngine.run(ScriptEngine.java:194)
	at com.kms.katalon.core.main.ScriptEngine.runScriptAsRawText(ScriptEngine.java:119)
	at com.kms.katalon.core.main.TestCaseExecutor.runScript(TestCaseExecutor.java:448)
	at com.kms.katalon.core.main.TestCaseExecutor.doExecute(TestCaseExecutor.java:439)
	at com.kms.katalon.core.main.TestCaseExecutor.processExecutionPhase(TestCaseExecutor.java:418)
	at com.kms.katalon.core.main.TestCaseExecutor.accessMainPhase(TestCaseExecutor.java:410)
	at com.kms.katalon.core.main.TestCaseExecutor.execute(TestCaseExecutor.java:285)
	at com.kms.katalon.core.common.CommonExecutor.accessTestCaseMainPhase(CommonExecutor.java:65)
	at com.kms.katalon.core.main.TestSuiteExecutor.accessTestSuiteMainPhase(TestSuiteExecutor.java:150)
	at com.kms.katalon.core.main.TestSuiteExecutor.execute(TestSuiteExecutor.java:106)
	at com.kms.katalon.core.main.TestCaseMain.startTestSuite(TestCaseMain.java:180)
	at TempTestSuite1731518955887.run(TempTestSuite1731518955887.groovy:35)
	at java.base/jdk.internal.reflect.NativeMethodAccessorImpl.invoke0(Native Method)
	at java.base/jdk.internal.reflect.NativeMethodAccessorImpl.invoke(NativeMethodAccessorImpl.java:77)
	at java.base/jdk.internal.reflect.DelegatingMethodAccessorImpl.invoke(DelegatingMethodAccessorImpl.java:43)
Caused by: com.kms.katalon.core.exception.StepFailedException: com.kms.katalon.core.webui.exception.WebElementNotFoundException: Web element with id: 'Object Repository/Specific Cases Repository/LS/Home/Census/Bed_Board/Bed_Board_Forward_Back_Functions/Page_Bed Management Dashboard/a_B Client B Automation' located by '//a[@target='_blank'][normalize-space()='B Client B Automation']' not found
	at com.kms.katalon.core.webui.keyword.internal.WebUIKeywordMain.stepFailed(WebUIKeywordMain.groovy:117)
	at com.kms.katalon.core.webui.keyword.builtin.VerifyElementPresentKeyword$_verifyElementPresent_closure1.doCall(VerifyElementPresentKeyword.groovy:85)
	at com.kms.katalon.core.webui.keyword.builtin.VerifyElementPresentKeyword$_verifyElementPresent_closure1.call(VerifyElementPresentKeyword.groovy)
	at com.kms.katalon.core.webui.keyword.internal.WebUIKeywordMain.runKeyword(WebUIKeywordMain.groovy:35)
	... 20 more


13-11-2024T12:42:06 - [TEST_STEP][PASSED] - callTestCase(findTestCase("Common Cases/Login"), [:], STOP_ON_FAILURE): Call Test Case 'Test Cases/Common Cases/Login' successfully

13-11-2024T12:42:06 - [TEST_CASE][PASSED] - Test Cases/Common Cases/Login: Test Cases/Common Cases/Login

13-11-2024T12:42:06 - [TEST_STEP][PASSED] - openBrowser(""): Browser is opened with url: ''

13-11-2024T12:42:06 - [MESSAGE][INFO] - Starting 'Chrome' driver

13-11-2024T12:42:06 - [MESSAGE][INFO] - Action delay is set to 0 milliseconds

13-11-2024T12:42:07 - [MESSAGE][PASSED] - Browser is opened with url: ''

13-11-2024T12:42:07 - [TEST_STEP][PASSED] - maximizeWindow(): Current window maximized

13-11-2024T12:42:07 - [MESSAGE][PASSED] - Current window maximized

13-11-2024T12:42:07 - [TEST_STEP][PASSED] - navigateToUrl("https://site17.lsapp.cloud/auth/login"): Navigate to 'https://site17.lsapp.cloud/auth/login' successfully

13-11-2024T12:42:09 - [MESSAGE][PASSED] - Navigate to 'https://site17.lsapp.cloud/auth/login' successfully

13-11-2024T12:42:09 - [TEST_STEP][PASSED] - setText(findTestObject("Object Repository/Common Cases Repository/Login/Page_Lightning Step/input_Email_email"), "automation@lightningstep.com"): Text 'automation@lightningstep.com' is set on object 'Object Repository/Common Cases Repository/Login/Page_Lightning Step/input_Email_email'

13-11-2024T12:42:10 - [MESSAGE][PASSED] - Text 'automation@lightningstep.com' is set on object 'Object Repository/Common Cases Repository/Login/Page_Lightning Step/input_Email_email'

13-11-2024T12:42:10 - [TEST_STEP][PASSED] - setEncryptedText(findTestObject("Object Repository/Common Cases Repository/Login/Page_Lightning Step/input_Password_password"), "e5N8VHmnhJDITtQaQhDQDw=="): Text ****** has been set on object 'Object Repository/Common Cases Repository/Login/Page_Lightning Step/input_Password_password'

13-11-2024T12:42:10 - [MESSAGE][PASSED] - Text ****** has been set on object 'Object Repository/Common Cases Repository/Login/Page_Lightning Step/input_Password_password'

13-11-2024T12:42:10 - [TEST_STEP][PASSED] - click(findTestObject("Object Repository/Common Cases Repository/Login/Page_Lightning Step/button_Sign in")): Object: 'Object Repository/Common Cases Repository/Login/Page_Lightning Step/button_Sign in' is clicked on

13-11-2024T12:42:18 - [MESSAGE][PASSED] - Object: 'Object Repository/Common Cases Repository/Login/Page_Lightning Step/button_Sign in' is clicked on

13-11-2024T12:42:18 - [MESSAGE][PASSED] - Call Test Case 'Test Cases/Common Cases/Login' successfully

13-11-2024T12:42:18 - [TEST_STEP][PASSED] - click(findTestObject("Object Repository/Specific Cases Repository/LS/Home/Census/Bed_Board/Bed_Board_Forward_Back_Functions/Page_Home/a_Census")): Object: 'Object Repository/Specific Cases Repository/LS/Home/Census/Bed_Board/Bed_Board_Forward_Back_Functions/Page_Home/a_Census' is clicked on

13-11-2024T12:42:19 - [MESSAGE][PASSED] - Object: 'Object Repository/Specific Cases Repository/LS/Home/Census/Bed_Board/Bed_Board_Forward_Back_Functions/Page_Home/a_Census' is clicked on

13-11-2024T12:42:19 - [TEST_STEP][PASSED] - click(findTestObject("Object Repository/Specific Cases Repository/LS/Home/Census/Bed_Board/Bed_Board_Forward_Back_Functions/Page_Home/a_bed                     Bed Board")): Object: 'Object Repository/Specific Cases Repository/LS/Home/Census/Bed_Board/Bed_Board_Forward_Back_Functions/Page_Home/a_bed                     Bed Board' is clicked on

13-11-2024T12:42:22 - [MESSAGE][PASSED] - Object: 'Object Repository/Specific Cases Repository/LS/Home/Census/Bed_Board/Bed_Board_Forward_Back_Functions/Page_Home/a_bed                     Bed Board' is clicked on

13-11-2024T12:42:22 - [TEST_STEP][PASSED] - navigateToUrl("https://site17.lsapp.cloud/dbkeymetrics/bedboard"): Navigate to 'https://site17.lsapp.cloud/dbkeymetrics/bedboard' successfully

13-11-2024T12:42:23 - [MESSAGE][PASSED] - Navigate to 'https://site17.lsapp.cloud/dbkeymetrics/bedboard' successfully

13-11-2024T12:42:23 - [TEST_STEP][PASSED] - click(findTestObject("Object Repository/Specific Cases Repository/LS/Home/Census/Bed_Board/Bed_Board_Forward_Back_Functions/Page_Bed Board/a_edit")): Object: 'Object Repository/Specific Cases Repository/LS/Home/Census/Bed_Board/Bed_Board_Forward_Back_Functions/Page_Bed Board/a_edit' is clicked on

13-11-2024T12:42:24 - [MESSAGE][PASSED] - Object: 'Object Repository/Specific Cases Repository/LS/Home/Census/Bed_Board/Bed_Board_Forward_Back_Functions/Page_Bed Board/a_edit' is clicked on

13-11-2024T12:42:24 - [TEST_STEP][PASSED] - switchToWindowTitle("Bed Board"): Switched to window with title: 'Bed Board'

13-11-2024T12:42:24 - [MESSAGE][PASSED] - Switched to window with title: 'Bed Board'

13-11-2024T12:42:24 - [TEST_STEP][PASSED] - click(findTestObject("Object Repository/Specific Cases Repository/LS/Home/Census/Bed_Board/Bed_Board_Forward_Back_Functions/Page_Bed Board/a_Bed Management")): Object: 'Object Repository/Specific Cases Repository/LS/Home/Census/Bed_Board/Bed_Board_Forward_Back_Functions/Page_Bed Board/a_Bed Management' is clicked on

13-11-2024T12:42:25 - [MESSAGE][PASSED] - Object: 'Object Repository/Specific Cases Repository/LS/Home/Census/Bed_Board/Bed_Board_Forward_Back_Functions/Page_Bed Board/a_Bed Management' is clicked on

13-11-2024T12:42:25 - [TEST_STEP][FAILED] - verifyElementPresent(findTestObject("Object Repository/Specific Cases Repository/LS/Home/Census/Bed_Board/Bed_Board_Forward_Back_Functions/Page_Bed Management Dashboard/a_B Client B Automation"), 0): Unable to verify object 'Object Repository/Specific Cases Repository/LS/Home/Census/Bed_Board/Bed_Board_Forward_Back_Functions/Page_Bed Management Dashboard/a_B Client B Automation' is present (Root cause: com.kms.katalon.core.exception.StepFailedException: Unable to verify object 'Object Repository/Specific Cases Repository/LS/Home/Census/Bed_Board/Bed_Board_Forward_Back_Functions/Page_Bed Management Dashboard/a_B Client B Automation' is present
	at com.kms.katalon.core.webui.keyword.internal.WebUIKeywordMain.stepFailed(WebUIKeywordMain.groovy:117)
	at com.kms.katalon.core.webui.keyword.internal.WebUIKeywordMain.runKeyword(WebUIKeywordMain.groovy:43)
	at com.kms.katalon.core.webui.keyword.builtin.VerifyElementPresentKeyword.verifyElementPresent(VerifyElementPresentKeyword.groovy:92)
	at com.kms.katalon.core.webui.keyword.builtin.VerifyElementPresentKeyword.execute(VerifyElementPresentKeyword.groovy:68)
	at com.kms.katalon.core.keyword.internal.KeywordExecutor.executeKeywordForPlatform(KeywordExecutor.groovy:74)
	at com.kms.katalon.core.webui.keyword.WebUiBuiltInKeywords.verifyElementPresent(WebUiBuiltInKeywords.groovy:1503)
	at Bed_Board_forward_back_fucntions.run(Bed_Board_forward_back_fucntions:34)
	at com.kms.katalon.core.main.ScriptEngine.run(ScriptEngine.java:194)
	at com.kms.katalon.core.main.ScriptEngine.runScriptAsRawText(ScriptEngine.java:119)
	at com.kms.katalon.core.main.TestCaseExecutor.runScript(TestCaseExecutor.java:448)
	at com.kms.katalon.core.main.TestCaseExecutor.doExecute(TestCaseExecutor.java:439)
	at com.kms.katalon.core.main.TestCaseExecutor.processExecutionPhase(TestCaseExecutor.java:418)
	at com.kms.katalon.core.main.TestCaseExecutor.accessMainPhase(TestCaseExecutor.java:410)
	at com.kms.katalon.core.main.TestCaseExecutor.execute(TestCaseExecutor.java:285)
	at com.kms.katalon.core.common.CommonExecutor.accessTestCaseMainPhase(CommonExecutor.java:65)
	at com.kms.katalon.core.main.TestSuiteExecutor.accessTestSuiteMainPhase(TestSuiteExecutor.java:150)
	at com.kms.katalon.core.main.TestSuiteExecutor.execute(TestSuiteExecutor.java:106)
	at com.kms.katalon.core.main.TestCaseMain.startTestSuite(TestCaseMain.java:180)
	at TempTestSuite1731518955887.run(TempTestSuite1731518955887.groovy:35)
	at java.base/jdk.internal.reflect.NativeMethodAccessorImpl.invoke0(Native Method)
	at java.base/jdk.internal.reflect.NativeMethodAccessorImpl.invoke(NativeMethodAccessorImpl.java:77)
	at java.base/jdk.internal.reflect.DelegatingMethodAccessorImpl.invoke(DelegatingMethodAccessorImpl.java:43)
Caused by: com.kms.katalon.core.exception.StepFailedException: com.kms.katalon.core.webui.exception.WebElementNotFoundException: Web element with id: 'Object Repository/Specific Cases Repository/LS/Home/Census/Bed_Board/Bed_Board_Forward_Back_Functions/Page_Bed Management Dashboard/a_B Client B Automation' located by '//a[@target='_blank'][normalize-space()='B Client B Automation']' not found
	at com.kms.katalon.core.webui.keyword.internal.WebUIKeywordMain.stepFailed(WebUIKeywordMain.groovy:117)
	at com.kms.katalon.core.webui.keyword.builtin.VerifyElementPresentKeyword$_verifyElementPresent_closure1.doCall(VerifyElementPresentKeyword.groovy:85)
	at com.kms.katalon.core.webui.keyword.builtin.VerifyElementPresentKeyword$_verifyElementPresent_closure1.call(VerifyElementPresentKeyword.groovy)
	at com.kms.katalon.core.webui.keyword.internal.WebUIKeywordMain.runKeyword(WebUIKeywordMain.groovy:35)
	... 20 more
)

13-11-2024T12:42:25 - [MESSAGE][WARNING] - Timeout '0' is invalid. Using default page load timeout: '30'

13-11-2024T12:42:56 - [MESSAGE][INFO] - Unable to find the element located by 'By.xpath: //a[@target='_blank'][normalize-space()='B Client B Automation']'. Please recheck the objects properties to make sure the desired element is located. 

13-11-2024T12:42:56 - [MESSAGE][FAILED] - com.kms.katalon.core.webui.exception.WebElementNotFoundException: Web element with id: 'Object Repository/Specific Cases Repository/LS/Home/Census/Bed_Board/Bed_Board_Forward_Back_Functions/Page_Bed Management Dashboard/a_B Client B Automation' located by '//a[@target='_blank'][normalize-space()='B Client B Automation']' not found (Root cause: com.kms.katalon.core.exception.StepFailedException: com.kms.katalon.core.webui.exception.WebElementNotFoundException: Web element with id: 'Object Repository/Specific Cases Repository/LS/Home/Census/Bed_Board/Bed_Board_Forward_Back_Functions/Page_Bed Management Dashboard/a_B Client B Automation' located by '//a[@target='_blank'][normalize-space()='B Client B Automation']' not found
	at com.kms.katalon.core.webui.keyword.internal.WebUIKeywordMain.stepFailed(WebUIKeywordMain.groovy:117)
	at com.kms.katalon.core.webui.keyword.builtin.VerifyElementPresentKeyword$_verifyElementPresent_closure1.doCall(VerifyElementPresentKeyword.groovy:85)
	at com.kms.katalon.core.webui.keyword.builtin.VerifyElementPresentKeyword$_verifyElementPresent_closure1.call(VerifyElementPresentKeyword.groovy)
	at com.kms.katalon.core.webui.keyword.internal.WebUIKeywordMain.runKeyword(WebUIKeywordMain.groovy:35)
	at com.kms.katalon.core.webui.keyword.builtin.VerifyElementPresentKeyword.verifyElementPresent(VerifyElementPresentKeyword.groovy:92)
	at com.kms.katalon.core.webui.keyword.builtin.VerifyElementPresentKeyword.execute(VerifyElementPresentKeyword.groovy:68)
	at com.kms.katalon.core.keyword.internal.KeywordExecutor.executeKeywordForPlatform(KeywordExecutor.groovy:74)
	at com.kms.katalon.core.webui.keyword.WebUiBuiltInKeywords.verifyElementPresent(WebUiBuiltInKeywords.groovy:1503)
	at Bed_Board_forward_back_fucntions.run(Bed_Board_forward_back_fucntions:34)
	at com.kms.katalon.core.main.ScriptEngine.run(ScriptEngine.java:194)
	at com.kms.katalon.core.main.ScriptEngine.runScriptAsRawText(ScriptEngine.java:119)
	at com.kms.katalon.core.main.TestCaseExecutor.runScript(TestCaseExecutor.java:448)
	at com.kms.katalon.core.main.TestCaseExecutor.doExecute(TestCaseExecutor.java:439)
	at com.kms.katalon.core.main.TestCaseExecutor.processExecutionPhase(TestCaseExecutor.java:418)
	at com.kms.katalon.core.main.TestCaseExecutor.accessMainPhase(TestCaseExecutor.java:410)
	at com.kms.katalon.core.main.TestCaseExecutor.execute(TestCaseExecutor.java:285)
	at com.kms.katalon.core.common.CommonExecutor.accessTestCaseMainPhase(CommonExecutor.java:65)
	at com.kms.katalon.core.main.TestSuiteExecutor.accessTestSuiteMainPhase(TestSuiteExecutor.java:150)
	at com.kms.katalon.core.main.TestSuiteExecutor.execute(TestSuiteExecutor.java:106)
	at com.kms.katalon.core.main.TestCaseMain.startTestSuite(TestCaseMain.java:180)
	at TempTestSuite1731518955887.run(TempTestSuite1731518955887.groovy:35)
	at java.base/jdk.internal.reflect.NativeMethodAccessorImpl.invoke0(Native Method)
	at java.base/jdk.internal.reflect.NativeMethodAccessorImpl.invoke(NativeMethodAccessorImpl.java:77)
	at java.base/jdk.internal.reflect.DelegatingMethodAccessorImpl.invoke(DelegatingMethodAccessorImpl.java:43)
)
[[ATTACHMENT|C:\\Users\\Enrique\\git\\AUTOMATION_LS\\Reports\\20241113_122912\\LS\\Home\\General\\Census\\20241113_122915\\1731519776757.png]]

13-11-2024T12:42:56 - [MESSAGE][FAILED] - Unable to verify object 'Object Repository/Specific Cases Repository/LS/Home/Census/Bed_Board/Bed_Board_Forward_Back_Functions/Page_Bed Management Dashboard/a_B Client B Automation' is present (Root cause: com.kms.katalon.core.exception.StepFailedException: Unable to verify object 'Object Repository/Specific Cases Repository/LS/Home/Census/Bed_Board/Bed_Board_Forward_Back_Functions/Page_Bed Management Dashboard/a_B Client B Automation' is present
	at com.kms.katalon.core.webui.keyword.internal.WebUIKeywordMain.stepFailed(WebUIKeywordMain.groovy:117)
	at com.kms.katalon.core.webui.keyword.internal.WebUIKeywordMain.runKeyword(WebUIKeywordMain.groovy:43)
	at com.kms.katalon.core.webui.keyword.builtin.VerifyElementPresentKeyword.verifyElementPresent(VerifyElementPresentKeyword.groovy:92)
	at com.kms.katalon.core.webui.keyword.builtin.VerifyElementPresentKeyword.execute(VerifyElementPresentKeyword.groovy:68)
	at com.kms.katalon.core.keyword.internal.KeywordExecutor.executeKeywordForPlatform(KeywordExecutor.groovy:74)
	at com.kms.katalon.core.webui.keyword.WebUiBuiltInKeywords.verifyElementPresent(WebUiBuiltInKeywords.groovy:1503)
	at Bed_Board_forward_back_fucntions.run(Bed_Board_forward_back_fucntions:34)
	at com.kms.katalon.core.main.ScriptEngine.run(ScriptEngine.java:194)
	at com.kms.katalon.core.main.ScriptEngine.runScriptAsRawText(ScriptEngine.java:119)
	at com.kms.katalon.core.main.TestCaseExecutor.runScript(TestCaseExecutor.java:448)
	at com.kms.katalon.core.main.TestCaseExecutor.doExecute(TestCaseExecutor.java:439)
	at com.kms.katalon.core.main.TestCaseExecutor.processExecutionPhase(TestCaseExecutor.java:418)
	at com.kms.katalon.core.main.TestCaseExecutor.accessMainPhase(TestCaseExecutor.java:410)
	at com.kms.katalon.core.main.TestCaseExecutor.execute(TestCaseExecutor.java:285)
	at com.kms.katalon.core.common.CommonExecutor.accessTestCaseMainPhase(CommonExecutor.java:65)
	at com.kms.katalon.core.main.TestSuiteExecutor.accessTestSuiteMainPhase(TestSuiteExecutor.java:150)
	at com.kms.katalon.core.main.TestSuiteExecutor.execute(TestSuiteExecutor.java:106)
	at com.kms.katalon.core.main.TestCaseMain.startTestSuite(TestCaseMain.java:180)
	at TempTestSuite1731518955887.run(TempTestSuite1731518955887.groovy:35)
	at java.base/jdk.internal.reflect.NativeMethodAccessorImpl.invoke0(Native Method)
	at java.base/jdk.internal.reflect.NativeMethodAccessorImpl.invoke(NativeMethodAccessorImpl.java:77)
	at java.base/jdk.internal.reflect.DelegatingMethodAccessorImpl.invoke(DelegatingMethodAccessorImpl.java:43)
Caused by: com.kms.katalon.core.exception.StepFailedException: com.kms.katalon.core.webui.exception.WebElementNotFoundException: Web element with id: 'Object Repository/Specific Cases Repository/LS/Home/Census/Bed_Board/Bed_Board_Forward_Back_Functions/Page_Bed Management Dashboard/a_B Client B Automation' located by '//a[@target='_blank'][normalize-space()='B Client B Automation']' not found
	at com.kms.katalon.core.webui.keyword.internal.WebUIKeywordMain.stepFailed(WebUIKeywordMain.groovy:117)
	at com.kms.katalon.core.webui.keyword.builtin.VerifyElementPresentKeyword$_verifyElementPresent_closure1.doCall(VerifyElementPresentKeyword.groovy:85)
	at com.kms.katalon.core.webui.keyword.builtin.VerifyElementPresentKeyword$_verifyElementPresent_closure1.call(VerifyElementPresentKeyword.groovy)
	at com.kms.katalon.core.webui.keyword.internal.WebUIKeywordMain.runKeyword(WebUIKeywordMain.groovy:35)
	... 20 more
)
[[ATTACHMENT|C:\\Users\\Enrique\\git\\AUTOMATION_LS\\Reports\\20241113_122912\\LS\\Home\\General\\Census\\20241113_122915\\1731519776858.png]]]]></system-out>
         <system-err><![CDATA[13-11-2024T12:42:06 - [TEST_CASE][FAILED] - Test Cases/Specific Cases/LS/General/Census/Bed Board/Bed_Board_forward_back_fucntions: Test Cases/Specific Cases/LS/General/Census/Bed Board/Bed_Board_forward_back_fucntions FAILED.
Reason:
com.kms.katalon.core.exception.StepFailedException: Unable to verify object 'Object Repository/Specific Cases Repository/LS/Home/Census/Bed_Board/Bed_Board_Forward_Back_Functions/Page_Bed Management Dashboard/a_B Client B Automation' is present
	at com.kms.katalon.core.webui.keyword.internal.WebUIKeywordMain.stepFailed(WebUIKeywordMain.groovy:117)
	at com.kms.katalon.core.webui.keyword.internal.WebUIKeywordMain.runKeyword(WebUIKeywordMain.groovy:43)
	at com.kms.katalon.core.webui.keyword.builtin.VerifyElementPresentKeyword.verifyElementPresent(VerifyElementPresentKeyword.groovy:92)
	at com.kms.katalon.core.webui.keyword.builtin.VerifyElementPresentKeyword.execute(VerifyElementPresentKeyword.groovy:68)
	at com.kms.katalon.core.keyword.internal.KeywordExecutor.executeKeywordForPlatform(KeywordExecutor.groovy:74)
	at com.kms.katalon.core.webui.keyword.WebUiBuiltInKeywords.verifyElementPresent(WebUiBuiltInKeywords.groovy:1503)
	at Bed_Board_forward_back_fucntions.run(Bed_Board_forward_back_fucntions:34)
	at com.kms.katalon.core.main.ScriptEngine.run(ScriptEngine.java:194)
	at com.kms.katalon.core.main.ScriptEngine.runScriptAsRawText(ScriptEngine.java:119)
	at com.kms.katalon.core.main.TestCaseExecutor.runScript(TestCaseExecutor.java:448)
	at com.kms.katalon.core.main.TestCaseExecutor.doExecute(TestCaseExecutor.java:439)
	at com.kms.katalon.core.main.TestCaseExecutor.processExecutionPhase(TestCaseExecutor.java:418)
	at com.kms.katalon.core.main.TestCaseExecutor.accessMainPhase(TestCaseExecutor.java:410)
	at com.kms.katalon.core.main.TestCaseExecutor.execute(TestCaseExecutor.java:285)
	at com.kms.katalon.core.common.CommonExecutor.accessTestCaseMainPhase(CommonExecutor.java:65)
	at com.kms.katalon.core.main.TestSuiteExecutor.accessTestSuiteMainPhase(TestSuiteExecutor.java:150)
	at com.kms.katalon.core.main.TestSuiteExecutor.execute(TestSuiteExecutor.java:106)
	at com.kms.katalon.core.main.TestCaseMain.startTestSuite(TestCaseMain.java:180)
	at TempTestSuite1731518955887.run(TempTestSuite1731518955887.groovy:35)
	at java.base/jdk.internal.reflect.NativeMethodAccessorImpl.invoke0(Native Method)
	at java.base/jdk.internal.reflect.NativeMethodAccessorImpl.invoke(NativeMethodAccessorImpl.java:77)
	at java.base/jdk.internal.reflect.DelegatingMethodAccessorImpl.invoke(DelegatingMethodAccessorImpl.java:43)
Caused by: com.kms.katalon.core.exception.StepFailedException: com.kms.katalon.core.webui.exception.WebElementNotFoundException: Web element with id: 'Object Repository/Specific Cases Repository/LS/Home/Census/Bed_Board/Bed_Board_Forward_Back_Functions/Page_Bed Management Dashboard/a_B Client B Automation' located by '//a[@target='_blank'][normalize-space()='B Client B Automation']' not found
	at com.kms.katalon.core.webui.keyword.internal.WebUIKeywordMain.stepFailed(WebUIKeywordMain.groovy:117)
	at com.kms.katalon.core.webui.keyword.builtin.VerifyElementPresentKeyword$_verifyElementPresent_closure1.doCall(VerifyElementPresentKeyword.groovy:85)
	at com.kms.katalon.core.webui.keyword.builtin.VerifyElementPresentKeyword$_verifyElementPresent_closure1.call(VerifyElementPresentKeyword.groovy)
	at com.kms.katalon.core.webui.keyword.internal.WebUIKeywordMain.runKeyword(WebUIKeywordMain.groovy:35)
	... 20 more]]></system-err>
      </testcase>
      <testcase name="Test Cases/Specific Cases/LS/General/Census/Advance Census/Advance_Census_ Filter" time="33.721" classname="Test Cases/Specific Cases/LS/General/Census/Advance Census/Advance_Census_ Filter" status="PASSED">
         <system-out><![CDATA[13-11-2024T12:42:57 - [TEST_CASE][PASSED] - Test Cases/Specific Cases/LS/General/Census/Advance Census/Advance_Census_ Filter: Test Cases/Specific Cases/LS/General/Census/Advance Census/Advance_Census_ Filter

13-11-2024T12:42:57 - [TEST_STEP][PASSED] - callTestCase(findTestCase("Common Cases/Login"), [:], STOP_ON_FAILURE): Call Test Case 'Test Cases/Common Cases/Login' successfully

13-11-2024T12:42:57 - [TEST_CASE][PASSED] - Test Cases/Common Cases/Login: Test Cases/Common Cases/Login

13-11-2024T12:42:57 - [TEST_STEP][PASSED] - openBrowser(""): Browser is opened with url: ''

13-11-2024T12:42:57 - [MESSAGE][WARNING] - A browser is already opened. Closing browser and opening a new one

13-11-2024T12:42:57 - [MESSAGE][INFO] - Starting 'Chrome' driver

13-11-2024T12:42:57 - [MESSAGE][INFO] - Action delay is set to 0 milliseconds

13-11-2024T12:42:57 - [MESSAGE][PASSED] - Browser is opened with url: ''

13-11-2024T12:42:57 - [TEST_STEP][PASSED] - maximizeWindow(): Current window maximized

13-11-2024T12:42:57 - [MESSAGE][PASSED] - Current window maximized

13-11-2024T12:42:57 - [TEST_STEP][PASSED] - navigateToUrl("https://site17.lsapp.cloud/auth/login"): Navigate to 'https://site17.lsapp.cloud/auth/login' successfully

13-11-2024T12:42:59 - [MESSAGE][PASSED] - Navigate to 'https://site17.lsapp.cloud/auth/login' successfully

13-11-2024T12:42:59 - [TEST_STEP][PASSED] - setText(findTestObject("Object Repository/Common Cases Repository/Login/Page_Lightning Step/input_Email_email"), "automation@lightningstep.com"): Text 'automation@lightningstep.com' is set on object 'Object Repository/Common Cases Repository/Login/Page_Lightning Step/input_Email_email'

13-11-2024T12:43:00 - [MESSAGE][PASSED] - Text 'automation@lightningstep.com' is set on object 'Object Repository/Common Cases Repository/Login/Page_Lightning Step/input_Email_email'

13-11-2024T12:43:00 - [TEST_STEP][PASSED] - setEncryptedText(findTestObject("Object Repository/Common Cases Repository/Login/Page_Lightning Step/input_Password_password"), "e5N8VHmnhJDITtQaQhDQDw=="): Text ****** has been set on object 'Object Repository/Common Cases Repository/Login/Page_Lightning Step/input_Password_password'

13-11-2024T12:43:00 - [MESSAGE][PASSED] - Text ****** has been set on object 'Object Repository/Common Cases Repository/Login/Page_Lightning Step/input_Password_password'

13-11-2024T12:43:00 - [TEST_STEP][PASSED] - click(findTestObject("Object Repository/Common Cases Repository/Login/Page_Lightning Step/button_Sign in")): Object: 'Object Repository/Common Cases Repository/Login/Page_Lightning Step/button_Sign in' is clicked on

13-11-2024T12:43:06 - [MESSAGE][PASSED] - Object: 'Object Repository/Common Cases Repository/Login/Page_Lightning Step/button_Sign in' is clicked on

13-11-2024T12:43:06 - [MESSAGE][PASSED] - Call Test Case 'Test Cases/Common Cases/Login' successfully

13-11-2024T12:43:06 - [TEST_STEP][PASSED] - click(findTestObject("Object Repository/Specific Cases Repository/LS/Home/Census/Advance_Census/Filter/Page_Home/a_Census")): Object: 'Object Repository/Specific Cases Repository/LS/Home/Census/Advance_Census/Filter/Page_Home/a_Census' is clicked on

13-11-2024T12:43:08 - [MESSAGE][PASSED] - Object: 'Object Repository/Specific Cases Repository/LS/Home/Census/Advance_Census/Filter/Page_Home/a_Census' is clicked on

13-11-2024T12:43:08 - [TEST_STEP][PASSED] - click(findTestObject("Object Repository/Specific Cases Repository/LS/Home/Census/Advance_Census/Filter/Page_Home/a_groups                                   _f7379d")): Object: 'Object Repository/Specific Cases Repository/LS/Home/Census/Advance_Census/Filter/Page_Home/a_groups                                   _f7379d' is clicked on

13-11-2024T12:43:11 - [MESSAGE][PASSED] - Object: 'Object Repository/Specific Cases Repository/LS/Home/Census/Advance_Census/Filter/Page_Home/a_groups                                   _f7379d' is clicked on

13-11-2024T12:43:11 - [TEST_STEP][PASSED] - selectOptionByValue(findTestObject("Object Repository/Specific Cases Repository/LS/Home/Census/Advance_Census/Filter/Page_Census Advanced/select_Field                        Client _7d7547"), "client", true): All options with value 'client' are selected in object 'Object Repository/Specific Cases Repository/LS/Home/Census/Advance_Census/Filter/Page_Census Advanced/select_Field                        Client _7d7547'  using regular expression

13-11-2024T12:43:13 - [MESSAGE][PASSED] - All options with value 'client' are selected in object 'Object Repository/Specific Cases Repository/LS/Home/Census/Advance_Census/Filter/Page_Census Advanced/select_Field                        Client _7d7547'  using regular expression

13-11-2024T12:43:13 - [TEST_STEP][PASSED] - selectOptionByValue(findTestObject("Object Repository/Specific Cases Repository/LS/Home/Census/Advance_Census/Filter/Page_Census Advanced/select_Type                                _34fc29"), "like", true): All options with value 'like' are selected in object 'Object Repository/Specific Cases Repository/LS/Home/Census/Advance_Census/Filter/Page_Census Advanced/select_Type                                _34fc29'  using regular expression

13-11-2024T12:43:14 - [MESSAGE][PASSED] - All options with value 'like' are selected in object 'Object Repository/Specific Cases Repository/LS/Home/Census/Advance_Census/Filter/Page_Census Advanced/select_Type                                _34fc29'  using regular expression

13-11-2024T12:43:14 - [TEST_STEP][PASSED] - setText(findTestObject("Object Repository/Specific Cases Repository/LS/Home/Census/Advance_Census/Filter/Page_Census Advanced/input_Field_filter-value"), "B"): Text 'B' is set on object 'Object Repository/Specific Cases Repository/LS/Home/Census/Advance_Census/Filter/Page_Census Advanced/input_Field_filter-value'

13-11-2024T12:43:14 - [MESSAGE][PASSED] - Text 'B' is set on object 'Object Repository/Specific Cases Repository/LS/Home/Census/Advance_Census/Filter/Page_Census Advanced/input_Field_filter-value'

13-11-2024T12:43:14 - [TEST_STEP][PASSED] - verifyElementText(findTestObject("Object Repository/Specific Cases Repository/LS/Home/Census/Advance_Census/Filter/Page_Census Advanced/div_Dog Treatment Center"), "Dog Treatment Center"): Actual text and expected text of test object 'Object Repository/Specific Cases Repository/LS/Home/Census/Advance_Census/Filter/Page_Census Advanced/div_Dog Treatment Center' are matched.

13-11-2024T12:43:15 - [MESSAGE][PASSED] - Actual text and expected text of test object 'Object Repository/Specific Cases Repository/LS/Home/Census/Advance_Census/Filter/Page_Census Advanced/div_Dog Treatment Center' are matched.

13-11-2024T12:43:15 - [TEST_STEP][PASSED] - verifyElementNotPresent(findTestObject("Specific Cases Repository/LS/Home/Census/Advance_Census/Filter/Page_Census Advanced/div_Satellite Office"), 0): Web element with id: 'Object Repository/Specific Cases Repository/LS/Home/Census/Advance_Census/Filter/Page_Census Advanced/div_Satellite Office' located by 'By.xpath: //div[normalize-space()='Satellite Office']' is not present after '30' second(s)

13-11-2024T12:43:15 - [MESSAGE][WARNING] - Timeout '0' is invalid. Using default page load timeout: '30'

13-11-2024T12:43:15 - [MESSAGE][PASSED] - Web element with id: 'Object Repository/Specific Cases Repository/LS/Home/Census/Advance_Census/Filter/Page_Census Advanced/div_Satellite Office' located by 'By.xpath: //div[normalize-space()='Satellite Office']' is not present after '30' second(s)

13-11-2024T12:43:15 - [TEST_STEP][PASSED] - verifyElementNotPresent(findTestObject("Specific Cases Repository/LS/Home/Census/Advance_Census/Filter/Page_Census Advanced/div_Cat Treatment Center"), 0): Web element with id: 'Object Repository/Specific Cases Repository/LS/Home/Census/Advance_Census/Filter/Page_Census Advanced/div_Cat Treatment Center' located by 'By.xpath: //div[normalize-space()='Cat Treatment Center']' is not present after '30' second(s)

13-11-2024T12:43:15 - [MESSAGE][WARNING] - Timeout '0' is invalid. Using default page load timeout: '30'

13-11-2024T12:43:15 - [MESSAGE][PASSED] - Web element with id: 'Object Repository/Specific Cases Repository/LS/Home/Census/Advance_Census/Filter/Page_Census Advanced/div_Cat Treatment Center' located by 'By.xpath: //div[normalize-space()='Cat Treatment Center']' is not present after '30' second(s)

13-11-2024T12:43:15 - [TEST_STEP][PASSED] - setText(findTestObject("Object Repository/Specific Cases Repository/LS/Home/Census/Advance_Census/Filter/Page_Census Advanced/input_Field_filter-value"), ""): Text '' is set on object 'Object Repository/Specific Cases Repository/LS/Home/Census/Advance_Census/Filter/Page_Census Advanced/input_Field_filter-value'

13-11-2024T12:43:16 - [MESSAGE][PASSED] - Text '' is set on object 'Object Repository/Specific Cases Repository/LS/Home/Census/Advance_Census/Filter/Page_Census Advanced/input_Field_filter-value'

13-11-2024T12:43:16 - [TEST_STEP][PASSED] - selectOptionByValue(findTestObject("Object Repository/Specific Cases Repository/LS/Home/Census/Advance_Census/Filter/Page_Census Advanced/select_Field                        Client _7d7547"), "dob", true): All options with value 'dob' are selected in object 'Object Repository/Specific Cases Repository/LS/Home/Census/Advance_Census/Filter/Page_Census Advanced/select_Field                        Client _7d7547'  using regular expression

13-11-2024T12:43:17 - [MESSAGE][PASSED] - All options with value 'dob' are selected in object 'Object Repository/Specific Cases Repository/LS/Home/Census/Advance_Census/Filter/Page_Census Advanced/select_Field                        Client _7d7547'  using regular expression

13-11-2024T12:43:17 - [TEST_STEP][PASSED] - selectOptionByValue(findTestObject("Object Repository/Specific Cases Repository/LS/Home/Census/Advance_Census/Filter/Page_Census Advanced/select_Type                                _34fc29"), "=", true): All options with value '=' are selected in object 'Object Repository/Specific Cases Repository/LS/Home/Census/Advance_Census/Filter/Page_Census Advanced/select_Type                                _34fc29'  using regular expression

13-11-2024T12:43:18 - [MESSAGE][PASSED] - All options with value '=' are selected in object 'Object Repository/Specific Cases Repository/LS/Home/Census/Advance_Census/Filter/Page_Census Advanced/select_Type                                _34fc29'  using regular expression

13-11-2024T12:43:18 - [TEST_STEP][PASSED] - setText(findTestObject("Object Repository/Specific Cases Repository/LS/Home/Census/Advance_Census/Filter/Page_Census Advanced/input_Field_filter-value"), "01/02/2001"): Text '01/02/2001' is set on object 'Object Repository/Specific Cases Repository/LS/Home/Census/Advance_Census/Filter/Page_Census Advanced/input_Field_filter-value'

13-11-2024T12:43:19 - [MESSAGE][PASSED] - Text '01/02/2001' is set on object 'Object Repository/Specific Cases Repository/LS/Home/Census/Advance_Census/Filter/Page_Census Advanced/input_Field_filter-value'

13-11-2024T12:43:19 - [TEST_STEP][PASSED] - verifyElementText(findTestObject("Object Repository/Specific Cases Repository/LS/Home/Census/Advance_Census/Filter/Page_Census Advanced/div_Dog Treatment Center"), "Dog Treatment Center"): Actual text and expected text of test object 'Object Repository/Specific Cases Repository/LS/Home/Census/Advance_Census/Filter/Page_Census Advanced/div_Dog Treatment Center' are matched.

13-11-2024T12:43:19 - [MESSAGE][PASSED] - Actual text and expected text of test object 'Object Repository/Specific Cases Repository/LS/Home/Census/Advance_Census/Filter/Page_Census Advanced/div_Dog Treatment Center' are matched.

13-11-2024T12:43:19 - [TEST_STEP][PASSED] - verifyElementNotPresent(findTestObject("Specific Cases Repository/LS/Home/Census/Advance_Census/Filter/Page_Census Advanced/div_Satellite Office"), 0): Web element with id: 'Object Repository/Specific Cases Repository/LS/Home/Census/Advance_Census/Filter/Page_Census Advanced/div_Satellite Office' located by 'By.xpath: //div[normalize-space()='Satellite Office']' is not present after '30' second(s)

13-11-2024T12:43:19 - [MESSAGE][WARNING] - Timeout '0' is invalid. Using default page load timeout: '30'

13-11-2024T12:43:20 - [MESSAGE][PASSED] - Web element with id: 'Object Repository/Specific Cases Repository/LS/Home/Census/Advance_Census/Filter/Page_Census Advanced/div_Satellite Office' located by 'By.xpath: //div[normalize-space()='Satellite Office']' is not present after '30' second(s)

13-11-2024T12:43:20 - [TEST_STEP][PASSED] - verifyElementNotPresent(findTestObject("Specific Cases Repository/LS/Home/Census/Advance_Census/Filter/Page_Census Advanced/div_Cat Treatment Center"), 0): Web element with id: 'Object Repository/Specific Cases Repository/LS/Home/Census/Advance_Census/Filter/Page_Census Advanced/div_Cat Treatment Center' located by 'By.xpath: //div[normalize-space()='Cat Treatment Center']' is not present after '30' second(s)

13-11-2024T12:43:20 - [MESSAGE][WARNING] - Timeout '0' is invalid. Using default page load timeout: '30'

13-11-2024T12:43:20 - [MESSAGE][PASSED] - Web element with id: 'Object Repository/Specific Cases Repository/LS/Home/Census/Advance_Census/Filter/Page_Census Advanced/div_Cat Treatment Center' located by 'By.xpath: //div[normalize-space()='Cat Treatment Center']' is not present after '30' second(s)

13-11-2024T12:43:20 - [TEST_STEP][PASSED] - selectOptionByValue(findTestObject("Object Repository/Specific Cases Repository/LS/Home/Census/Advance_Census/Filter/Page_Census Advanced/select_Type                                _34fc29"), "<", true): All options with value '<' are selected in object 'Object Repository/Specific Cases Repository/LS/Home/Census/Advance_Census/Filter/Page_Census Advanced/select_Type                                _34fc29'  using regular expression

13-11-2024T12:43:21 - [MESSAGE][PASSED] - All options with value '<' are selected in object 'Object Repository/Specific Cases Repository/LS/Home/Census/Advance_Census/Filter/Page_Census Advanced/select_Type                                _34fc29'  using regular expression

13-11-2024T12:43:21 - [TEST_STEP][PASSED] - verifyElementText(findTestObject("Object Repository/Specific Cases Repository/LS/Home/Census/Advance_Census/Filter/Page_Census Advanced/div_Cat Treatment Center"), "Cat Treatment Center"): Actual text and expected text of test object 'Object Repository/Specific Cases Repository/LS/Home/Census/Advance_Census/Filter/Page_Census Advanced/div_Cat Treatment Center' are matched.

13-11-2024T12:43:21 - [MESSAGE][PASSED] - Actual text and expected text of test object 'Object Repository/Specific Cases Repository/LS/Home/Census/Advance_Census/Filter/Page_Census Advanced/div_Cat Treatment Center' are matched.

13-11-2024T12:43:21 - [TEST_STEP][PASSED] - verifyElementNotPresent(findTestObject("Specific Cases Repository/LS/Home/Census/Advance_Census/Filter/Page_Census Advanced/div_Satellite Office"), 0): Web element with id: 'Object Repository/Specific Cases Repository/LS/Home/Census/Advance_Census/Filter/Page_Census Advanced/div_Satellite Office' located by 'By.xpath: //div[normalize-space()='Satellite Office']' is not present after '30' second(s)

13-11-2024T12:43:21 - [MESSAGE][WARNING] - Timeout '0' is invalid. Using default page load timeout: '30'

13-11-2024T12:43:22 - [MESSAGE][PASSED] - Web element with id: 'Object Repository/Specific Cases Repository/LS/Home/Census/Advance_Census/Filter/Page_Census Advanced/div_Satellite Office' located by 'By.xpath: //div[normalize-space()='Satellite Office']' is not present after '30' second(s)

13-11-2024T12:43:22 - [TEST_STEP][PASSED] - verifyElementNotPresent(findTestObject("Specific Cases Repository/LS/Home/Census/Advance_Census/Filter/Page_Census Advanced/div_Dog Treatment Center"), 0): Web element with id: 'Object Repository/Specific Cases Repository/LS/Home/Census/Advance_Census/Filter/Page_Census Advanced/div_Dog Treatment Center' located by 'By.xpath: //div[normalize-space()='Dog Treatment Center']' is not present after '30' second(s)

13-11-2024T12:43:22 - [MESSAGE][WARNING] - Timeout '0' is invalid. Using default page load timeout: '30'

13-11-2024T12:43:22 - [MESSAGE][PASSED] - Web element with id: 'Object Repository/Specific Cases Repository/LS/Home/Census/Advance_Census/Filter/Page_Census Advanced/div_Dog Treatment Center' located by 'By.xpath: //div[normalize-space()='Dog Treatment Center']' is not present after '30' second(s)

13-11-2024T12:43:22 - [TEST_STEP][PASSED] - selectOptionByValue(findTestObject("Object Repository/Specific Cases Repository/LS/Home/Census/Advance_Census/Filter/Page_Census Advanced/select_Type                                _34fc29"), "<=", true): All options with value '<=' are selected in object 'Object Repository/Specific Cases Repository/LS/Home/Census/Advance_Census/Filter/Page_Census Advanced/select_Type                                _34fc29'  using regular expression

13-11-2024T12:43:23 - [MESSAGE][PASSED] - All options with value '<=' are selected in object 'Object Repository/Specific Cases Repository/LS/Home/Census/Advance_Census/Filter/Page_Census Advanced/select_Type                                _34fc29'  using regular expression

13-11-2024T12:43:23 - [TEST_STEP][PASSED] - verifyElementText(findTestObject("Object Repository/Specific Cases Repository/LS/Home/Census/Advance_Census/Filter/Page_Census Advanced/div_Cat Treatment Center"), "Cat Treatment Center"): Actual text and expected text of test object 'Object Repository/Specific Cases Repository/LS/Home/Census/Advance_Census/Filter/Page_Census Advanced/div_Cat Treatment Center' are matched.

13-11-2024T12:43:23 - [MESSAGE][PASSED] - Actual text and expected text of test object 'Object Repository/Specific Cases Repository/LS/Home/Census/Advance_Census/Filter/Page_Census Advanced/div_Cat Treatment Center' are matched.

13-11-2024T12:43:23 - [TEST_STEP][PASSED] - verifyElementText(findTestObject("Object Repository/Specific Cases Repository/LS/Home/Census/Advance_Census/Filter/Page_Census Advanced/div_Dog Treatment Center"), "Dog Treatment Center"): Actual text and expected text of test object 'Object Repository/Specific Cases Repository/LS/Home/Census/Advance_Census/Filter/Page_Census Advanced/div_Dog Treatment Center' are matched.

13-11-2024T12:43:24 - [MESSAGE][PASSED] - Actual text and expected text of test object 'Object Repository/Specific Cases Repository/LS/Home/Census/Advance_Census/Filter/Page_Census Advanced/div_Dog Treatment Center' are matched.

13-11-2024T12:43:24 - [TEST_STEP][PASSED] - verifyElementNotPresent(findTestObject("Specific Cases Repository/LS/Home/Census/Advance_Census/Filter/Page_Census Advanced/div_Satellite Office"), 0): Web element with id: 'Object Repository/Specific Cases Repository/LS/Home/Census/Advance_Census/Filter/Page_Census Advanced/div_Satellite Office' located by 'By.xpath: //div[normalize-space()='Satellite Office']' is not present after '30' second(s)

13-11-2024T12:43:24 - [MESSAGE][WARNING] - Timeout '0' is invalid. Using default page load timeout: '30'

13-11-2024T12:43:24 - [MESSAGE][PASSED] - Web element with id: 'Object Repository/Specific Cases Repository/LS/Home/Census/Advance_Census/Filter/Page_Census Advanced/div_Satellite Office' located by 'By.xpath: //div[normalize-space()='Satellite Office']' is not present after '30' second(s)

13-11-2024T12:43:24 - [TEST_STEP][PASSED] - selectOptionByValue(findTestObject("Object Repository/Specific Cases Repository/LS/Home/Census/Advance_Census/Filter/Page_Census Advanced/select_Type                                _34fc29"), ">", true): All options with value '>' are selected in object 'Object Repository/Specific Cases Repository/LS/Home/Census/Advance_Census/Filter/Page_Census Advanced/select_Type                                _34fc29'  using regular expression

13-11-2024T12:43:25 - [MESSAGE][PASSED] - All options with value '>' are selected in object 'Object Repository/Specific Cases Repository/LS/Home/Census/Advance_Census/Filter/Page_Census Advanced/select_Type                                _34fc29'  using regular expression

13-11-2024T12:43:25 - [TEST_STEP][PASSED] - verifyElementText(findTestObject("Object Repository/Specific Cases Repository/LS/Home/Census/Advance_Census/Filter/Page_Census Advanced/div_Satellite Office"), "Satellite Office"): Actual text and expected text of test object 'Object Repository/Specific Cases Repository/LS/Home/Census/Advance_Census/Filter/Page_Census Advanced/div_Satellite Office' are matched.

13-11-2024T12:43:25 - [MESSAGE][PASSED] - Actual text and expected text of test object 'Object Repository/Specific Cases Repository/LS/Home/Census/Advance_Census/Filter/Page_Census Advanced/div_Satellite Office' are matched.

13-11-2024T12:43:25 - [TEST_STEP][PASSED] - verifyElementNotPresent(findTestObject("Specific Cases Repository/LS/Home/Census/Advance_Census/Filter/Page_Census Advanced/div_Dog Treatment Center"), 0): Web element with id: 'Object Repository/Specific Cases Repository/LS/Home/Census/Advance_Census/Filter/Page_Census Advanced/div_Dog Treatment Center' located by 'By.xpath: //div[normalize-space()='Dog Treatment Center']' is not present after '30' second(s)

13-11-2024T12:43:25 - [MESSAGE][WARNING] - Timeout '0' is invalid. Using default page load timeout: '30'

13-11-2024T12:43:26 - [MESSAGE][PASSED] - Web element with id: 'Object Repository/Specific Cases Repository/LS/Home/Census/Advance_Census/Filter/Page_Census Advanced/div_Dog Treatment Center' located by 'By.xpath: //div[normalize-space()='Dog Treatment Center']' is not present after '30' second(s)

13-11-2024T12:43:26 - [TEST_STEP][PASSED] - verifyElementNotPresent(findTestObject("Specific Cases Repository/LS/Home/Census/Advance_Census/Filter/Page_Census Advanced/div_Cat Treatment Center"), 0): Web element with id: 'Object Repository/Specific Cases Repository/LS/Home/Census/Advance_Census/Filter/Page_Census Advanced/div_Cat Treatment Center' located by 'By.xpath: //div[normalize-space()='Cat Treatment Center']' is not present after '30' second(s)

13-11-2024T12:43:26 - [MESSAGE][WARNING] - Timeout '0' is invalid. Using default page load timeout: '30'

13-11-2024T12:43:26 - [MESSAGE][PASSED] - Web element with id: 'Object Repository/Specific Cases Repository/LS/Home/Census/Advance_Census/Filter/Page_Census Advanced/div_Cat Treatment Center' located by 'By.xpath: //div[normalize-space()='Cat Treatment Center']' is not present after '30' second(s)

13-11-2024T12:43:26 - [TEST_STEP][PASSED] - selectOptionByValue(findTestObject("Object Repository/Specific Cases Repository/LS/Home/Census/Advance_Census/Filter/Page_Census Advanced/select_Type                                _34fc29"), ">=", true): All options with value '>=' are selected in object 'Object Repository/Specific Cases Repository/LS/Home/Census/Advance_Census/Filter/Page_Census Advanced/select_Type                                _34fc29'  using regular expression

13-11-2024T12:43:27 - [MESSAGE][PASSED] - All options with value '>=' are selected in object 'Object Repository/Specific Cases Repository/LS/Home/Census/Advance_Census/Filter/Page_Census Advanced/select_Type                                _34fc29'  using regular expression

13-11-2024T12:43:27 - [TEST_STEP][PASSED] - verifyElementText(findTestObject("Object Repository/Specific Cases Repository/LS/Home/Census/Advance_Census/Filter/Page_Census Advanced/div_Dog Treatment Center"), "Dog Treatment Center"): Actual text and expected text of test object 'Object Repository/Specific Cases Repository/LS/Home/Census/Advance_Census/Filter/Page_Census Advanced/div_Dog Treatment Center' are matched.

13-11-2024T12:43:27 - [MESSAGE][PASSED] - Actual text and expected text of test object 'Object Repository/Specific Cases Repository/LS/Home/Census/Advance_Census/Filter/Page_Census Advanced/div_Dog Treatment Center' are matched.

13-11-2024T12:43:27 - [TEST_STEP][PASSED] - verifyElementText(findTestObject("Object Repository/Specific Cases Repository/LS/Home/Census/Advance_Census/Filter/Page_Census Advanced/div_Satellite Office"), "Satellite Office"): Actual text and expected text of test object 'Object Repository/Specific Cases Repository/LS/Home/Census/Advance_Census/Filter/Page_Census Advanced/div_Satellite Office' are matched.

13-11-2024T12:43:28 - [MESSAGE][PASSED] - Actual text and expected text of test object 'Object Repository/Specific Cases Repository/LS/Home/Census/Advance_Census/Filter/Page_Census Advanced/div_Satellite Office' are matched.

13-11-2024T12:43:28 - [TEST_STEP][PASSED] - verifyElementNotPresent(findTestObject("Specific Cases Repository/LS/Home/Census/Advance_Census/Filter/Page_Census Advanced/div_Cat Treatment Center"), 0): Web element with id: 'Object Repository/Specific Cases Repository/LS/Home/Census/Advance_Census/Filter/Page_Census Advanced/div_Cat Treatment Center' located by 'By.xpath: //div[normalize-space()='Cat Treatment Center']' is not present after '30' second(s)

13-11-2024T12:43:28 - [MESSAGE][WARNING] - Timeout '0' is invalid. Using default page load timeout: '30'

13-11-2024T12:43:28 - [MESSAGE][PASSED] - Web element with id: 'Object Repository/Specific Cases Repository/LS/Home/Census/Advance_Census/Filter/Page_Census Advanced/div_Cat Treatment Center' located by 'By.xpath: //div[normalize-space()='Cat Treatment Center']' is not present after '30' second(s)

13-11-2024T12:43:28 - [TEST_STEP][PASSED] - selectOptionByValue(findTestObject("Object Repository/Specific Cases Repository/LS/Home/Census/Advance_Census/Filter/Page_Census Advanced/select_Type                                _34fc29"), "like", true): All options with value 'like' are selected in object 'Object Repository/Specific Cases Repository/LS/Home/Census/Advance_Census/Filter/Page_Census Advanced/select_Type                                _34fc29'  using regular expression

13-11-2024T12:43:29 - [MESSAGE][PASSED] - All options with value 'like' are selected in object 'Object Repository/Specific Cases Repository/LS/Home/Census/Advance_Census/Filter/Page_Census Advanced/select_Type                                _34fc29'  using regular expression

13-11-2024T12:43:29 - [TEST_STEP][PASSED] - verifyElementText(findTestObject("Object Repository/Specific Cases Repository/LS/Home/Census/Advance_Census/Filter/Page_Census Advanced/div_Dog Treatment Center"), "Dog Treatment Center"): Actual text and expected text of test object 'Object Repository/Specific Cases Repository/LS/Home/Census/Advance_Census/Filter/Page_Census Advanced/div_Dog Treatment Center' are matched.

13-11-2024T12:43:30 - [MESSAGE][PASSED] - Actual text and expected text of test object 'Object Repository/Specific Cases Repository/LS/Home/Census/Advance_Census/Filter/Page_Census Advanced/div_Dog Treatment Center' are matched.

13-11-2024T12:43:30 - [TEST_STEP][PASSED] - verifyElementNotPresent(findTestObject("Specific Cases Repository/LS/Home/Census/Advance_Census/Filter/Page_Census Advanced/div_Satellite Office"), 0): Web element with id: 'Object Repository/Specific Cases Repository/LS/Home/Census/Advance_Census/Filter/Page_Census Advanced/div_Satellite Office' located by 'By.xpath: //div[normalize-space()='Satellite Office']' is not present after '30' second(s)

13-11-2024T12:43:30 - [MESSAGE][WARNING] - Timeout '0' is invalid. Using default page load timeout: '30'

13-11-2024T12:43:30 - [MESSAGE][PASSED] - Web element with id: 'Object Repository/Specific Cases Repository/LS/Home/Census/Advance_Census/Filter/Page_Census Advanced/div_Satellite Office' located by 'By.xpath: //div[normalize-space()='Satellite Office']' is not present after '30' second(s)

13-11-2024T12:43:30 - [TEST_STEP][PASSED] - verifyElementNotPresent(findTestObject("Specific Cases Repository/LS/Home/Census/Advance_Census/Filter/Page_Census Advanced/div_Cat Treatment Center"), 0): Web element with id: 'Object Repository/Specific Cases Repository/LS/Home/Census/Advance_Census/Filter/Page_Census Advanced/div_Cat Treatment Center' located by 'By.xpath: //div[normalize-space()='Cat Treatment Center']' is not present after '30' second(s)

13-11-2024T12:43:30 - [MESSAGE][WARNING] - Timeout '0' is invalid. Using default page load timeout: '30'

13-11-2024T12:43:30 - [MESSAGE][PASSED] - Web element with id: 'Object Repository/Specific Cases Repository/LS/Home/Census/Advance_Census/Filter/Page_Census Advanced/div_Cat Treatment Center' located by 'By.xpath: //div[normalize-space()='Cat Treatment Center']' is not present after '30' second(s)

13-11-2024T12:43:30 - [TEST_STEP][PASSED] - closeBrowser(): Browser is closed

13-11-2024T12:43:30 - [MESSAGE][PASSED] - Browser is closed]]></system-out>
         <system-err><![CDATA[]]></system-err>
      </testcase>
      <testcase name="Test Cases/Specific Cases/LS/General/Census/Client Face Sheets/Client_Face_Sheets_Filters" time="38.454" classname="Test Cases/Specific Cases/LS/General/Census/Client Face Sheets/Client_Face_Sheets_Filters" status="PASSED">
         <system-out><![CDATA[13-11-2024T12:43:30 - [TEST_CASE][PASSED] - Test Cases/Specific Cases/LS/General/Census/Client Face Sheets/Client_Face_Sheets_Filters: Test Cases/Specific Cases/LS/General/Census/Client Face Sheets/Client_Face_Sheets_Filters

13-11-2024T12:43:30 - [TEST_STEP][PASSED] - callTestCase(findTestCase("Common Cases/Login"), [:], STOP_ON_FAILURE): Call Test Case 'Test Cases/Common Cases/Login' successfully

13-11-2024T12:43:30 - [TEST_CASE][PASSED] - Test Cases/Common Cases/Login: Test Cases/Common Cases/Login

13-11-2024T12:43:30 - [TEST_STEP][PASSED] - openBrowser(""): Browser is opened with url: ''

13-11-2024T12:43:30 - [MESSAGE][INFO] - Starting 'Chrome' driver

13-11-2024T12:43:30 - [MESSAGE][INFO] - Action delay is set to 0 milliseconds

13-11-2024T12:43:31 - [MESSAGE][PASSED] - Browser is opened with url: ''

13-11-2024T12:43:31 - [TEST_STEP][PASSED] - maximizeWindow(): Current window maximized

13-11-2024T12:43:31 - [MESSAGE][PASSED] - Current window maximized

13-11-2024T12:43:31 - [TEST_STEP][PASSED] - navigateToUrl("https://site17.lsapp.cloud/auth/login"): Navigate to 'https://site17.lsapp.cloud/auth/login' successfully

13-11-2024T12:43:33 - [MESSAGE][PASSED] - Navigate to 'https://site17.lsapp.cloud/auth/login' successfully

13-11-2024T12:43:33 - [TEST_STEP][PASSED] - setText(findTestObject("Object Repository/Common Cases Repository/Login/Page_Lightning Step/input_Email_email"), "automation@lightningstep.com"): Text 'automation@lightningstep.com' is set on object 'Object Repository/Common Cases Repository/Login/Page_Lightning Step/input_Email_email'

13-11-2024T12:43:34 - [MESSAGE][PASSED] - Text 'automation@lightningstep.com' is set on object 'Object Repository/Common Cases Repository/Login/Page_Lightning Step/input_Email_email'

13-11-2024T12:43:34 - [TEST_STEP][PASSED] - setEncryptedText(findTestObject("Object Repository/Common Cases Repository/Login/Page_Lightning Step/input_Password_password"), "e5N8VHmnhJDITtQaQhDQDw=="): Text ****** has been set on object 'Object Repository/Common Cases Repository/Login/Page_Lightning Step/input_Password_password'

13-11-2024T12:43:34 - [MESSAGE][PASSED] - Text ****** has been set on object 'Object Repository/Common Cases Repository/Login/Page_Lightning Step/input_Password_password'

13-11-2024T12:43:34 - [TEST_STEP][PASSED] - click(findTestObject("Object Repository/Common Cases Repository/Login/Page_Lightning Step/button_Sign in")): Object: 'Object Repository/Common Cases Repository/Login/Page_Lightning Step/button_Sign in' is clicked on

13-11-2024T12:43:40 - [MESSAGE][PASSED] - Object: 'Object Repository/Common Cases Repository/Login/Page_Lightning Step/button_Sign in' is clicked on

13-11-2024T12:43:40 - [MESSAGE][PASSED] - Call Test Case 'Test Cases/Common Cases/Login' successfully

13-11-2024T12:43:40 - [TEST_STEP][PASSED] - click(findTestObject("Object Repository/Specific Cases Repository/LS/Home/Census/Clients Face Sheets/CLients Face Sheets Filters/Page_Home/div_groups                                 _eea1bb")): Object: 'Object Repository/Specific Cases Repository/LS/Home/Census/Clients Face Sheets/CLients Face Sheets Filters/Page_Home/div_groups                                 _eea1bb' is clicked on

13-11-2024T12:43:41 - [MESSAGE][PASSED] - Object: 'Object Repository/Specific Cases Repository/LS/Home/Census/Clients Face Sheets/CLients Face Sheets Filters/Page_Home/div_groups                                 _eea1bb' is clicked on

13-11-2024T12:43:41 - [TEST_STEP][PASSED] - click(findTestObject("Object Repository/Specific Cases Repository/LS/Home/Census/Clients Face Sheets/CLients Face Sheets Filters/Page_Home/a_co_present                 Client Face sheets")): Object: 'Object Repository/Specific Cases Repository/LS/Home/Census/Clients Face Sheets/CLients Face Sheets Filters/Page_Home/a_co_present                 Client Face sheets' is clicked on

13-11-2024T12:43:44 - [MESSAGE][PASSED] - Object: 'Object Repository/Specific Cases Repository/LS/Home/Census/Clients Face Sheets/CLients Face Sheets Filters/Page_Home/a_co_present                 Client Face sheets' is clicked on

13-11-2024T12:43:44 - [TEST_STEP][PASSED] - navigateToUrl("https://site17.lsapp.cloud/report/clientfacesheets"): Navigate to 'https://site17.lsapp.cloud/report/clientfacesheets' successfully

13-11-2024T12:43:45 - [MESSAGE][PASSED] - Navigate to 'https://site17.lsapp.cloud/report/clientfacesheets' successfully

13-11-2024T12:43:45 - [TEST_STEP][PASSED] - click(findTestObject("Object Repository/Specific Cases Repository/LS/Home/Census/Clients Face Sheets/CLients Face Sheets Filters/Page_Client Face Sheets/button_Show Data")): Object: 'Object Repository/Specific Cases Repository/LS/Home/Census/Clients Face Sheets/CLients Face Sheets Filters/Page_Client Face Sheets/button_Show Data' is clicked on

13-11-2024T12:43:45 - [MESSAGE][PASSED] - Object: 'Object Repository/Specific Cases Repository/LS/Home/Census/Clients Face Sheets/CLients Face Sheets Filters/Page_Client Face Sheets/button_Show Data' is clicked on

13-11-2024T12:43:45 - [TEST_STEP][PASSED] - verifyElementText(findTestObject("Object Repository/Specific Cases Repository/LS/Home/Census/Clients Face Sheets/CLients Face Sheets Filters/Page_Client Face Sheets/td_24-11006"), "24-11006"): Actual text and expected text of test object 'Object Repository/Specific Cases Repository/LS/Home/Census/Clients Face Sheets/CLients Face Sheets Filters/Page_Client Face Sheets/td_24-11006' are matched.

13-11-2024T12:43:46 - [MESSAGE][PASSED] - Actual text and expected text of test object 'Object Repository/Specific Cases Repository/LS/Home/Census/Clients Face Sheets/CLients Face Sheets Filters/Page_Client Face Sheets/td_24-11006' are matched.

13-11-2024T12:43:46 - [TEST_STEP][PASSED] - verifyElementText(findTestObject("Object Repository/Specific Cases Repository/LS/Home/Census/Clients Face Sheets/CLients Face Sheets Filters/Page_Client Face Sheets/td_24-11007"), "24-11007"): Actual text and expected text of test object 'Object Repository/Specific Cases Repository/LS/Home/Census/Clients Face Sheets/CLients Face Sheets Filters/Page_Client Face Sheets/td_24-11007' are matched.

13-11-2024T12:43:47 - [MESSAGE][PASSED] - Actual text and expected text of test object 'Object Repository/Specific Cases Repository/LS/Home/Census/Clients Face Sheets/CLients Face Sheets Filters/Page_Client Face Sheets/td_24-11007' are matched.

13-11-2024T12:43:47 - [TEST_STEP][PASSED] - verifyElementText(findTestObject("Object Repository/Specific Cases Repository/LS/Home/Census/Clients Face Sheets/CLients Face Sheets Filters/Page_Client Face Sheets/td_24-11008"), "24-11008"): Actual text and expected text of test object 'Object Repository/Specific Cases Repository/LS/Home/Census/Clients Face Sheets/CLients Face Sheets Filters/Page_Client Face Sheets/td_24-11008' are matched.

13-11-2024T12:43:47 - [MESSAGE][PASSED] - Actual text and expected text of test object 'Object Repository/Specific Cases Repository/LS/Home/Census/Clients Face Sheets/CLients Face Sheets Filters/Page_Client Face Sheets/td_24-11008' are matched.

13-11-2024T12:43:47 - [TEST_STEP][PASSED] - selectOptionByValue(findTestObject("Object Repository/Specific Cases Repository/LS/Home/Census/Clients Face Sheets/CLients Face Sheets Filters/Page_Client Face Sheets/select_All Locations                       _863db7"), "22", true): All options with value '22' are selected in object 'Object Repository/Specific Cases Repository/LS/Home/Census/Clients Face Sheets/CLients Face Sheets Filters/Page_Client Face Sheets/select_All Locations                       _863db7'  using regular expression

13-11-2024T12:43:48 - [MESSAGE][PASSED] - All options with value '22' are selected in object 'Object Repository/Specific Cases Repository/LS/Home/Census/Clients Face Sheets/CLients Face Sheets Filters/Page_Client Face Sheets/select_All Locations                       _863db7'  using regular expression

13-11-2024T12:43:48 - [TEST_STEP][PASSED] - click(findTestObject("Object Repository/Specific Cases Repository/LS/Home/Census/Clients Face Sheets/CLients Face Sheets Filters/Page_Client Face Sheets/button_Show Data")): Object: 'Object Repository/Specific Cases Repository/LS/Home/Census/Clients Face Sheets/CLients Face Sheets Filters/Page_Client Face Sheets/button_Show Data' is clicked on

13-11-2024T12:43:48 - [MESSAGE][PASSED] - Object: 'Object Repository/Specific Cases Repository/LS/Home/Census/Clients Face Sheets/CLients Face Sheets Filters/Page_Client Face Sheets/button_Show Data' is clicked on

13-11-2024T12:43:48 - [TEST_STEP][PASSED] - verifyElementText(findTestObject("Object Repository/Specific Cases Repository/LS/Home/Census/Clients Face Sheets/CLients Face Sheets Filters/Page_Client Face Sheets/td_24-11006"), "24-11006"): Actual text and expected text of test object 'Object Repository/Specific Cases Repository/LS/Home/Census/Clients Face Sheets/CLients Face Sheets Filters/Page_Client Face Sheets/td_24-11006' are matched.

13-11-2024T12:43:49 - [MESSAGE][PASSED] - Actual text and expected text of test object 'Object Repository/Specific Cases Repository/LS/Home/Census/Clients Face Sheets/CLients Face Sheets Filters/Page_Client Face Sheets/td_24-11006' are matched.

13-11-2024T12:43:49 - [TEST_STEP][PASSED] - verifyElementNotPresent(findTestObject("Specific Cases Repository/LS/Home/Census/Clients Face Sheets/CLients Face Sheets Filters/Page_Client Face Sheets/td_24-11007"), 0): Web element with id: 'Object Repository/Specific Cases Repository/LS/Home/Census/Clients Face Sheets/CLients Face Sheets Filters/Page_Client Face Sheets/td_24-11007' located by 'By.xpath: //td[normalize-space()='24-11007']' is not present after '30' second(s)

13-11-2024T12:43:49 - [MESSAGE][WARNING] - Timeout '0' is invalid. Using default page load timeout: '30'

13-11-2024T12:43:49 - [MESSAGE][PASSED] - Web element with id: 'Object Repository/Specific Cases Repository/LS/Home/Census/Clients Face Sheets/CLients Face Sheets Filters/Page_Client Face Sheets/td_24-11007' located by 'By.xpath: //td[normalize-space()='24-11007']' is not present after '30' second(s)

13-11-2024T12:43:49 - [TEST_STEP][PASSED] - verifyElementNotPresent(findTestObject("Specific Cases Repository/LS/Home/Census/Clients Face Sheets/CLients Face Sheets Filters/Page_Client Face Sheets/td_24-11008"), 0): Web element with id: 'Object Repository/Specific Cases Repository/LS/Home/Census/Clients Face Sheets/CLients Face Sheets Filters/Page_Client Face Sheets/td_24-11008' located by 'By.xpath: //td[normalize-space()='24-11008']' is not present after '30' second(s)

13-11-2024T12:43:49 - [MESSAGE][WARNING] - Timeout '0' is invalid. Using default page load timeout: '30'

13-11-2024T12:43:50 - [MESSAGE][PASSED] - Web element with id: 'Object Repository/Specific Cases Repository/LS/Home/Census/Clients Face Sheets/CLients Face Sheets Filters/Page_Client Face Sheets/td_24-11008' located by 'By.xpath: //td[normalize-space()='24-11008']' is not present after '30' second(s)

13-11-2024T12:43:50 - [TEST_STEP][PASSED] - selectOptionByValue(findTestObject("Object Repository/Specific Cases Repository/LS/Home/Census/Clients Face Sheets/CLients Face Sheets Filters/Page_Client Face Sheets/select_All Locations                       _863db7"), "17", true): All options with value '17' are selected in object 'Object Repository/Specific Cases Repository/LS/Home/Census/Clients Face Sheets/CLients Face Sheets Filters/Page_Client Face Sheets/select_All Locations                       _863db7'  using regular expression

13-11-2024T12:43:51 - [MESSAGE][PASSED] - All options with value '17' are selected in object 'Object Repository/Specific Cases Repository/LS/Home/Census/Clients Face Sheets/CLients Face Sheets Filters/Page_Client Face Sheets/select_All Locations                       _863db7'  using regular expression

13-11-2024T12:43:51 - [TEST_STEP][PASSED] - click(findTestObject("Object Repository/Specific Cases Repository/LS/Home/Census/Clients Face Sheets/CLients Face Sheets Filters/Page_Client Face Sheets/button_Show Data")): Object: 'Object Repository/Specific Cases Repository/LS/Home/Census/Clients Face Sheets/CLients Face Sheets Filters/Page_Client Face Sheets/button_Show Data' is clicked on

13-11-2024T12:43:51 - [MESSAGE][PASSED] - Object: 'Object Repository/Specific Cases Repository/LS/Home/Census/Clients Face Sheets/CLients Face Sheets Filters/Page_Client Face Sheets/button_Show Data' is clicked on

13-11-2024T12:43:51 - [TEST_STEP][PASSED] - verifyElementText(findTestObject("Object Repository/Specific Cases Repository/LS/Home/Census/Clients Face Sheets/CLients Face Sheets Filters/Page_Client Face Sheets/td_24-11007"), "24-11007"): Actual text and expected text of test object 'Object Repository/Specific Cases Repository/LS/Home/Census/Clients Face Sheets/CLients Face Sheets Filters/Page_Client Face Sheets/td_24-11007' are matched.

13-11-2024T12:43:52 - [MESSAGE][PASSED] - Actual text and expected text of test object 'Object Repository/Specific Cases Repository/LS/Home/Census/Clients Face Sheets/CLients Face Sheets Filters/Page_Client Face Sheets/td_24-11007' are matched.

13-11-2024T12:43:52 - [TEST_STEP][PASSED] - verifyElementNotPresent(findTestObject("Specific Cases Repository/LS/Home/Census/Clients Face Sheets/CLients Face Sheets Filters/Page_Client Face Sheets/td_24-11006"), 0): Web element with id: 'Object Repository/Specific Cases Repository/LS/Home/Census/Clients Face Sheets/CLients Face Sheets Filters/Page_Client Face Sheets/td_24-11006' located by 'By.xpath: //td[normalize-space()='24-11006']' is not present after '30' second(s)

13-11-2024T12:43:52 - [MESSAGE][WARNING] - Timeout '0' is invalid. Using default page load timeout: '30'

13-11-2024T12:43:52 - [MESSAGE][PASSED] - Web element with id: 'Object Repository/Specific Cases Repository/LS/Home/Census/Clients Face Sheets/CLients Face Sheets Filters/Page_Client Face Sheets/td_24-11006' located by 'By.xpath: //td[normalize-space()='24-11006']' is not present after '30' second(s)

13-11-2024T12:43:52 - [TEST_STEP][PASSED] - verifyElementNotPresent(findTestObject("Specific Cases Repository/LS/Home/Census/Clients Face Sheets/CLients Face Sheets Filters/Page_Client Face Sheets/td_24-11008"), 0): Web element with id: 'Object Repository/Specific Cases Repository/LS/Home/Census/Clients Face Sheets/CLients Face Sheets Filters/Page_Client Face Sheets/td_24-11008' located by 'By.xpath: //td[normalize-space()='24-11008']' is not present after '30' second(s)

13-11-2024T12:43:52 - [MESSAGE][WARNING] - Timeout '0' is invalid. Using default page load timeout: '30'

13-11-2024T12:43:52 - [MESSAGE][PASSED] - Web element with id: 'Object Repository/Specific Cases Repository/LS/Home/Census/Clients Face Sheets/CLients Face Sheets Filters/Page_Client Face Sheets/td_24-11008' located by 'By.xpath: //td[normalize-space()='24-11008']' is not present after '30' second(s)

13-11-2024T12:43:52 - [TEST_STEP][PASSED] - selectOptionByValue(findTestObject("Object Repository/Specific Cases Repository/LS/Home/Census/Clients Face Sheets/CLients Face Sheets Filters/Page_Client Face Sheets/select_All Locations                       _863db7"), "18", true): All options with value '18' are selected in object 'Object Repository/Specific Cases Repository/LS/Home/Census/Clients Face Sheets/CLients Face Sheets Filters/Page_Client Face Sheets/select_All Locations                       _863db7'  using regular expression

13-11-2024T12:43:53 - [MESSAGE][PASSED] - All options with value '18' are selected in object 'Object Repository/Specific Cases Repository/LS/Home/Census/Clients Face Sheets/CLients Face Sheets Filters/Page_Client Face Sheets/select_All Locations                       _863db7'  using regular expression

13-11-2024T12:43:53 - [TEST_STEP][PASSED] - click(findTestObject("Object Repository/Specific Cases Repository/LS/Home/Census/Clients Face Sheets/CLients Face Sheets Filters/Page_Client Face Sheets/button_Show Data")): Object: 'Object Repository/Specific Cases Repository/LS/Home/Census/Clients Face Sheets/CLients Face Sheets Filters/Page_Client Face Sheets/button_Show Data' is clicked on

13-11-2024T12:43:54 - [MESSAGE][PASSED] - Object: 'Object Repository/Specific Cases Repository/LS/Home/Census/Clients Face Sheets/CLients Face Sheets Filters/Page_Client Face Sheets/button_Show Data' is clicked on

13-11-2024T12:43:54 - [TEST_STEP][PASSED] - verifyElementText(findTestObject("Object Repository/Specific Cases Repository/LS/Home/Census/Clients Face Sheets/CLients Face Sheets Filters/Page_Client Face Sheets/td_24-11008"), "24-11008"): Actual text and expected text of test object 'Object Repository/Specific Cases Repository/LS/Home/Census/Clients Face Sheets/CLients Face Sheets Filters/Page_Client Face Sheets/td_24-11008' are matched.

13-11-2024T12:43:55 - [MESSAGE][PASSED] - Actual text and expected text of test object 'Object Repository/Specific Cases Repository/LS/Home/Census/Clients Face Sheets/CLients Face Sheets Filters/Page_Client Face Sheets/td_24-11008' are matched.

13-11-2024T12:43:55 - [TEST_STEP][PASSED] - verifyElementNotPresent(findTestObject("Specific Cases Repository/LS/Home/Census/Clients Face Sheets/CLients Face Sheets Filters/Page_Client Face Sheets/td_24-11007"), 0): Web element with id: 'Object Repository/Specific Cases Repository/LS/Home/Census/Clients Face Sheets/CLients Face Sheets Filters/Page_Client Face Sheets/td_24-11007' located by 'By.xpath: //td[normalize-space()='24-11007']' is not present after '30' second(s)

13-11-2024T12:43:55 - [MESSAGE][WARNING] - Timeout '0' is invalid. Using default page load timeout: '30'

13-11-2024T12:43:55 - [MESSAGE][PASSED] - Web element with id: 'Object Repository/Specific Cases Repository/LS/Home/Census/Clients Face Sheets/CLients Face Sheets Filters/Page_Client Face Sheets/td_24-11007' located by 'By.xpath: //td[normalize-space()='24-11007']' is not present after '30' second(s)

13-11-2024T12:43:55 - [TEST_STEP][PASSED] - verifyElementNotPresent(findTestObject("Specific Cases Repository/LS/Home/Census/Clients Face Sheets/CLients Face Sheets Filters/Page_Client Face Sheets/td_24-11006"), 0): Web element with id: 'Object Repository/Specific Cases Repository/LS/Home/Census/Clients Face Sheets/CLients Face Sheets Filters/Page_Client Face Sheets/td_24-11006' located by 'By.xpath: //td[normalize-space()='24-11006']' is not present after '30' second(s)

13-11-2024T12:43:55 - [MESSAGE][WARNING] - Timeout '0' is invalid. Using default page load timeout: '30'

13-11-2024T12:43:55 - [MESSAGE][PASSED] - Web element with id: 'Object Repository/Specific Cases Repository/LS/Home/Census/Clients Face Sheets/CLients Face Sheets Filters/Page_Client Face Sheets/td_24-11006' located by 'By.xpath: //td[normalize-space()='24-11006']' is not present after '30' second(s)

13-11-2024T12:43:55 - [TEST_STEP][PASSED] - selectOptionByValue(findTestObject("Object Repository/Specific Cases Repository/LS/Home/Census/Clients Face Sheets/CLients Face Sheets Filters/Page_Client Face Sheets/select_All Locations                       _863db7"), "0", true): All options with value '0' are selected in object 'Object Repository/Specific Cases Repository/LS/Home/Census/Clients Face Sheets/CLients Face Sheets Filters/Page_Client Face Sheets/select_All Locations                       _863db7'  using regular expression

13-11-2024T12:43:56 - [MESSAGE][PASSED] - All options with value '0' are selected in object 'Object Repository/Specific Cases Repository/LS/Home/Census/Clients Face Sheets/CLients Face Sheets Filters/Page_Client Face Sheets/select_All Locations                       _863db7'  using regular expression

13-11-2024T12:43:56 - [TEST_STEP][PASSED] - selectOptionByValue(findTestObject("Object Repository/Specific Cases Repository/LS/Home/Census/Clients Face Sheets/CLients Face Sheets Filters/Page_Client Face Sheets/select_All Programs                        _aea83e"), "3", true): All options with value '3' are selected in object 'Object Repository/Specific Cases Repository/LS/Home/Census/Clients Face Sheets/CLients Face Sheets Filters/Page_Client Face Sheets/select_All Programs                        _aea83e'  using regular expression

13-11-2024T12:43:57 - [MESSAGE][PASSED] - All options with value '3' are selected in object 'Object Repository/Specific Cases Repository/LS/Home/Census/Clients Face Sheets/CLients Face Sheets Filters/Page_Client Face Sheets/select_All Programs                        _aea83e'  using regular expression

13-11-2024T12:43:57 - [TEST_STEP][PASSED] - click(findTestObject("Object Repository/Specific Cases Repository/LS/Home/Census/Clients Face Sheets/CLients Face Sheets Filters/Page_Client Face Sheets/button_Show Data")): Object: 'Object Repository/Specific Cases Repository/LS/Home/Census/Clients Face Sheets/CLients Face Sheets Filters/Page_Client Face Sheets/button_Show Data' is clicked on

13-11-2024T12:43:57 - [MESSAGE][PASSED] - Object: 'Object Repository/Specific Cases Repository/LS/Home/Census/Clients Face Sheets/CLients Face Sheets Filters/Page_Client Face Sheets/button_Show Data' is clicked on

13-11-2024T12:43:57 - [TEST_STEP][PASSED] - verifyElementText(findTestObject("Object Repository/Specific Cases Repository/LS/Home/Census/Clients Face Sheets/CLients Face Sheets Filters/Page_Client Face Sheets/td_24-11006"), "24-11006"): Actual text and expected text of test object 'Object Repository/Specific Cases Repository/LS/Home/Census/Clients Face Sheets/CLients Face Sheets Filters/Page_Client Face Sheets/td_24-11006' are matched.

13-11-2024T12:43:58 - [MESSAGE][PASSED] - Actual text and expected text of test object 'Object Repository/Specific Cases Repository/LS/Home/Census/Clients Face Sheets/CLients Face Sheets Filters/Page_Client Face Sheets/td_24-11006' are matched.

13-11-2024T12:43:58 - [TEST_STEP][PASSED] - verifyElementText(findTestObject("Object Repository/Specific Cases Repository/LS/Home/Census/Clients Face Sheets/CLients Face Sheets Filters/Page_Client Face Sheets/td_24-11007"), "24-11007"): Actual text and expected text of test object 'Object Repository/Specific Cases Repository/LS/Home/Census/Clients Face Sheets/CLients Face Sheets Filters/Page_Client Face Sheets/td_24-11007' are matched.

13-11-2024T12:43:59 - [MESSAGE][PASSED] - Actual text and expected text of test object 'Object Repository/Specific Cases Repository/LS/Home/Census/Clients Face Sheets/CLients Face Sheets Filters/Page_Client Face Sheets/td_24-11007' are matched.

13-11-2024T12:43:59 - [TEST_STEP][PASSED] - verifyElementNotPresent(findTestObject("Specific Cases Repository/LS/Home/Census/Clients Face Sheets/CLients Face Sheets Filters/Page_Client Face Sheets/td_24-11008"), 0): Web element with id: 'Object Repository/Specific Cases Repository/LS/Home/Census/Clients Face Sheets/CLients Face Sheets Filters/Page_Client Face Sheets/td_24-11008' located by 'By.xpath: //td[normalize-space()='24-11008']' is not present after '30' second(s)

13-11-2024T12:43:59 - [MESSAGE][WARNING] - Timeout '0' is invalid. Using default page load timeout: '30'

13-11-2024T12:43:59 - [MESSAGE][PASSED] - Web element with id: 'Object Repository/Specific Cases Repository/LS/Home/Census/Clients Face Sheets/CLients Face Sheets Filters/Page_Client Face Sheets/td_24-11008' located by 'By.xpath: //td[normalize-space()='24-11008']' is not present after '30' second(s)

13-11-2024T12:43:59 - [TEST_STEP][PASSED] - selectOptionByValue(findTestObject("Object Repository/Specific Cases Repository/LS/Home/Census/Clients Face Sheets/CLients Face Sheets Filters/Page_Client Face Sheets/select_All Programs                        _aea83e"), "13", true): All options with value '13' are selected in object 'Object Repository/Specific Cases Repository/LS/Home/Census/Clients Face Sheets/CLients Face Sheets Filters/Page_Client Face Sheets/select_All Programs                        _aea83e'  using regular expression

13-11-2024T12:44:00 - [MESSAGE][PASSED] - All options with value '13' are selected in object 'Object Repository/Specific Cases Repository/LS/Home/Census/Clients Face Sheets/CLients Face Sheets Filters/Page_Client Face Sheets/select_All Programs                        _aea83e'  using regular expression

13-11-2024T12:44:00 - [TEST_STEP][PASSED] - click(findTestObject("Object Repository/Specific Cases Repository/LS/Home/Census/Clients Face Sheets/CLients Face Sheets Filters/Page_Client Face Sheets/button_Show Data")): Object: 'Object Repository/Specific Cases Repository/LS/Home/Census/Clients Face Sheets/CLients Face Sheets Filters/Page_Client Face Sheets/button_Show Data' is clicked on

13-11-2024T12:44:00 - [MESSAGE][PASSED] - Object: 'Object Repository/Specific Cases Repository/LS/Home/Census/Clients Face Sheets/CLients Face Sheets Filters/Page_Client Face Sheets/button_Show Data' is clicked on

13-11-2024T12:44:00 - [TEST_STEP][PASSED] - verifyElementText(findTestObject("Object Repository/Specific Cases Repository/LS/Home/Census/Clients Face Sheets/CLients Face Sheets Filters/Page_Client Face Sheets/td_24-11008"), "24-11008"): Actual text and expected text of test object 'Object Repository/Specific Cases Repository/LS/Home/Census/Clients Face Sheets/CLients Face Sheets Filters/Page_Client Face Sheets/td_24-11008' are matched.

13-11-2024T12:44:01 - [MESSAGE][PASSED] - Actual text and expected text of test object 'Object Repository/Specific Cases Repository/LS/Home/Census/Clients Face Sheets/CLients Face Sheets Filters/Page_Client Face Sheets/td_24-11008' are matched.

13-11-2024T12:44:01 - [TEST_STEP][PASSED] - verifyElementNotPresent(findTestObject("Specific Cases Repository/LS/Home/Census/Clients Face Sheets/CLients Face Sheets Filters/Page_Client Face Sheets/td_24-11007"), 0): Web element with id: 'Object Repository/Specific Cases Repository/LS/Home/Census/Clients Face Sheets/CLients Face Sheets Filters/Page_Client Face Sheets/td_24-11007' located by 'By.xpath: //td[normalize-space()='24-11007']' is not present after '30' second(s)

13-11-2024T12:44:01 - [MESSAGE][WARNING] - Timeout '0' is invalid. Using default page load timeout: '30'

13-11-2024T12:44:01 - [MESSAGE][PASSED] - Web element with id: 'Object Repository/Specific Cases Repository/LS/Home/Census/Clients Face Sheets/CLients Face Sheets Filters/Page_Client Face Sheets/td_24-11007' located by 'By.xpath: //td[normalize-space()='24-11007']' is not present after '30' second(s)

13-11-2024T12:44:01 - [TEST_STEP][PASSED] - verifyElementNotPresent(findTestObject("Specific Cases Repository/LS/Home/Census/Clients Face Sheets/CLients Face Sheets Filters/Page_Client Face Sheets/td_24-11006"), 0): Web element with id: 'Object Repository/Specific Cases Repository/LS/Home/Census/Clients Face Sheets/CLients Face Sheets Filters/Page_Client Face Sheets/td_24-11006' located by 'By.xpath: //td[normalize-space()='24-11006']' is not present after '30' second(s)

13-11-2024T12:44:01 - [MESSAGE][WARNING] - Timeout '0' is invalid. Using default page load timeout: '30'

13-11-2024T12:44:02 - [MESSAGE][PASSED] - Web element with id: 'Object Repository/Specific Cases Repository/LS/Home/Census/Clients Face Sheets/CLients Face Sheets Filters/Page_Client Face Sheets/td_24-11006' located by 'By.xpath: //td[normalize-space()='24-11006']' is not present after '30' second(s)

13-11-2024T12:44:02 - [TEST_STEP][PASSED] - selectOptionByValue(findTestObject("Object Repository/Specific Cases Repository/LS/Home/Census/Clients Face Sheets/CLients Face Sheets Filters/Page_Client Face Sheets/select_All Programs                        _aea83e"), "0", true): All options with value '0' are selected in object 'Object Repository/Specific Cases Repository/LS/Home/Census/Clients Face Sheets/CLients Face Sheets Filters/Page_Client Face Sheets/select_All Programs                        _aea83e'  using regular expression

13-11-2024T12:44:03 - [MESSAGE][PASSED] - All options with value '0' are selected in object 'Object Repository/Specific Cases Repository/LS/Home/Census/Clients Face Sheets/CLients Face Sheets Filters/Page_Client Face Sheets/select_All Programs                        _aea83e'  using regular expression

13-11-2024T12:44:03 - [TEST_STEP][PASSED] - selectOptionByValue(findTestObject("Object Repository/Specific Cases Repository/LS/Home/Census/Clients Face Sheets/CLients Face Sheets Filters/Page_Client Face Sheets/select_All Units                           _3d629c"), "1", true): All options with value '1' are selected in object 'Object Repository/Specific Cases Repository/LS/Home/Census/Clients Face Sheets/CLients Face Sheets Filters/Page_Client Face Sheets/select_All Units                           _3d629c'  using regular expression

13-11-2024T12:44:04 - [MESSAGE][PASSED] - All options with value '1' are selected in object 'Object Repository/Specific Cases Repository/LS/Home/Census/Clients Face Sheets/CLients Face Sheets Filters/Page_Client Face Sheets/select_All Units                           _3d629c'  using regular expression

13-11-2024T12:44:04 - [TEST_STEP][PASSED] - click(findTestObject("Object Repository/Specific Cases Repository/LS/Home/Census/Clients Face Sheets/CLients Face Sheets Filters/Page_Client Face Sheets/button_Show Data")): Object: 'Object Repository/Specific Cases Repository/LS/Home/Census/Clients Face Sheets/CLients Face Sheets Filters/Page_Client Face Sheets/button_Show Data' is clicked on

13-11-2024T12:44:04 - [MESSAGE][PASSED] - Object: 'Object Repository/Specific Cases Repository/LS/Home/Census/Clients Face Sheets/CLients Face Sheets Filters/Page_Client Face Sheets/button_Show Data' is clicked on

13-11-2024T12:44:04 - [TEST_STEP][PASSED] - verifyElementText(findTestObject("Object Repository/Specific Cases Repository/LS/Home/Census/Clients Face Sheets/CLients Face Sheets Filters/Page_Client Face Sheets/td_24-11006"), "24-11006"): Actual text and expected text of test object 'Object Repository/Specific Cases Repository/LS/Home/Census/Clients Face Sheets/CLients Face Sheets Filters/Page_Client Face Sheets/td_24-11006' are matched.

13-11-2024T12:44:05 - [MESSAGE][PASSED] - Actual text and expected text of test object 'Object Repository/Specific Cases Repository/LS/Home/Census/Clients Face Sheets/CLients Face Sheets Filters/Page_Client Face Sheets/td_24-11006' are matched.

13-11-2024T12:44:05 - [TEST_STEP][PASSED] - verifyElementText(findTestObject("Object Repository/Specific Cases Repository/LS/Home/Census/Clients Face Sheets/CLients Face Sheets Filters/Page_Client Face Sheets/td_24-11007"), "24-11007"): Actual text and expected text of test object 'Object Repository/Specific Cases Repository/LS/Home/Census/Clients Face Sheets/CLients Face Sheets Filters/Page_Client Face Sheets/td_24-11007' are matched.

13-11-2024T12:44:05 - [MESSAGE][PASSED] - Actual text and expected text of test object 'Object Repository/Specific Cases Repository/LS/Home/Census/Clients Face Sheets/CLients Face Sheets Filters/Page_Client Face Sheets/td_24-11007' are matched.

13-11-2024T12:44:05 - [TEST_STEP][PASSED] - verifyElementNotPresent(findTestObject("Specific Cases Repository/LS/Home/Census/Clients Face Sheets/CLients Face Sheets Filters/Page_Client Face Sheets/td_24-11008"), 0): Web element with id: 'Object Repository/Specific Cases Repository/LS/Home/Census/Clients Face Sheets/CLients Face Sheets Filters/Page_Client Face Sheets/td_24-11008' located by 'By.xpath: //td[normalize-space()='24-11008']' is not present after '30' second(s)

13-11-2024T12:44:05 - [MESSAGE][WARNING] - Timeout '0' is invalid. Using default page load timeout: '30'

13-11-2024T12:44:06 - [MESSAGE][PASSED] - Web element with id: 'Object Repository/Specific Cases Repository/LS/Home/Census/Clients Face Sheets/CLients Face Sheets Filters/Page_Client Face Sheets/td_24-11008' located by 'By.xpath: //td[normalize-space()='24-11008']' is not present after '30' second(s)

13-11-2024T12:44:06 - [TEST_STEP][PASSED] - selectOptionByValue(findTestObject("Object Repository/Specific Cases Repository/LS/Home/Census/Clients Face Sheets/CLients Face Sheets Filters/Page_Client Face Sheets/select_All Units                           _3d629c"), "2", true): All options with value '2' are selected in object 'Object Repository/Specific Cases Repository/LS/Home/Census/Clients Face Sheets/CLients Face Sheets Filters/Page_Client Face Sheets/select_All Units                           _3d629c'  using regular expression

13-11-2024T12:44:07 - [MESSAGE][PASSED] - All options with value '2' are selected in object 'Object Repository/Specific Cases Repository/LS/Home/Census/Clients Face Sheets/CLients Face Sheets Filters/Page_Client Face Sheets/select_All Units                           _3d629c'  using regular expression

13-11-2024T12:44:07 - [TEST_STEP][PASSED] - click(findTestObject("Object Repository/Specific Cases Repository/LS/Home/Census/Clients Face Sheets/CLients Face Sheets Filters/Page_Client Face Sheets/button_Show Data")): Object: 'Object Repository/Specific Cases Repository/LS/Home/Census/Clients Face Sheets/CLients Face Sheets Filters/Page_Client Face Sheets/button_Show Data' is clicked on

13-11-2024T12:44:07 - [MESSAGE][PASSED] - Object: 'Object Repository/Specific Cases Repository/LS/Home/Census/Clients Face Sheets/CLients Face Sheets Filters/Page_Client Face Sheets/button_Show Data' is clicked on

13-11-2024T12:44:07 - [TEST_STEP][PASSED] - verifyElementText(findTestObject("Object Repository/Specific Cases Repository/LS/Home/Census/Clients Face Sheets/CLients Face Sheets Filters/Page_Client Face Sheets/td_24-11008"), "24-11008"): Actual text and expected text of test object 'Object Repository/Specific Cases Repository/LS/Home/Census/Clients Face Sheets/CLients Face Sheets Filters/Page_Client Face Sheets/td_24-11008' are matched.

13-11-2024T12:44:08 - [MESSAGE][PASSED] - Actual text and expected text of test object 'Object Repository/Specific Cases Repository/LS/Home/Census/Clients Face Sheets/CLients Face Sheets Filters/Page_Client Face Sheets/td_24-11008' are matched.

13-11-2024T12:44:08 - [TEST_STEP][PASSED] - verifyElementNotPresent(findTestObject("Specific Cases Repository/LS/Home/Census/Clients Face Sheets/CLients Face Sheets Filters/Page_Client Face Sheets/td_24-11007"), 0): Web element with id: 'Object Repository/Specific Cases Repository/LS/Home/Census/Clients Face Sheets/CLients Face Sheets Filters/Page_Client Face Sheets/td_24-11007' located by 'By.xpath: //td[normalize-space()='24-11007']' is not present after '30' second(s)

13-11-2024T12:44:08 - [MESSAGE][WARNING] - Timeout '0' is invalid. Using default page load timeout: '30'

13-11-2024T12:44:08 - [MESSAGE][PASSED] - Web element with id: 'Object Repository/Specific Cases Repository/LS/Home/Census/Clients Face Sheets/CLients Face Sheets Filters/Page_Client Face Sheets/td_24-11007' located by 'By.xpath: //td[normalize-space()='24-11007']' is not present after '30' second(s)

13-11-2024T12:44:08 - [TEST_STEP][PASSED] - verifyElementNotPresent(findTestObject("Specific Cases Repository/LS/Home/Census/Clients Face Sheets/CLients Face Sheets Filters/Page_Client Face Sheets/td_24-11006"), 0): Web element with id: 'Object Repository/Specific Cases Repository/LS/Home/Census/Clients Face Sheets/CLients Face Sheets Filters/Page_Client Face Sheets/td_24-11006' located by 'By.xpath: //td[normalize-space()='24-11006']' is not present after '30' second(s)

13-11-2024T12:44:08 - [MESSAGE][WARNING] - Timeout '0' is invalid. Using default page load timeout: '30'

13-11-2024T12:44:09 - [MESSAGE][PASSED] - Web element with id: 'Object Repository/Specific Cases Repository/LS/Home/Census/Clients Face Sheets/CLients Face Sheets Filters/Page_Client Face Sheets/td_24-11006' located by 'By.xpath: //td[normalize-space()='24-11006']' is not present after '30' second(s)

13-11-2024T12:44:09 - [TEST_STEP][PASSED] - closeBrowser(): Browser is closed

13-11-2024T12:44:09 - [MESSAGE][PASSED] - Browser is closed]]></system-out>
         <system-err><![CDATA[]]></system-err>
      </testcase>
      <testcase name="Test Cases/Specific Cases/LS/General/Census/Client Face Sheets/Client_Face_Sheets_Search" time="54.98" classname="Test Cases/Specific Cases/LS/General/Census/Client Face Sheets/Client_Face_Sheets_Search" status="FAILED">
         <failure type="FAILED" message="Test Cases/Specific Cases/LS/General/Census/Client Face Sheets/Client_Face_Sheets_Search FAILED.&#xa;Reason:&#xa;com.kms.katalon.core.exception.StepFailedException: Unable to verify object 'Object Repository/Specific Cases Repository/LS/Home/Census/Clients Face Sheets/Clients Face Sheet Search/Page_Client Face Sheets/td_24-11008' is not present&#xa;	at com.kms.katalon.core.webui.keyword.internal.WebUIKeywordMain.stepFailed(WebUIKeywordMain.groovy:117)&#xa;	at com.kms.katalon.core.webui.keyword.internal.WebUIKeywordMain.runKeyword(WebUIKeywordMain.groovy:43)&#xa;	at com.kms.katalon.core.webui.keyword.internal.WebUIKeywordMain$runKeyword.call(Unknown Source)&#xa;	at com.kms.katalon.core.webui.keyword.builtin.VerifyElementNotPresentKeyword.verifyElementNotPresent(VerifyElementNotPresentKeyword.groovy:131)&#xa;	at com.kms.katalon.core.webui.keyword.builtin.VerifyElementNotPresentKeyword.execute(VerifyElementNotPresentKeyword.groovy:69)&#xa;	at com.kms.katalon.core.keyword.internal.KeywordExecutor.executeKeywordForPlatform(KeywordExecutor.groovy:74)&#xa;	at com.kms.katalon.core.webui.keyword.WebUiBuiltInKeywords.verifyElementNotPresent(WebUiBuiltInKeywords.groovy:1536)&#xa;	at Client_Face_Sheets_Search.run(Client_Face_Sheets_Search:85)&#xa;	at com.kms.katalon.core.main.ScriptEngine.run(ScriptEngine.java:194)&#xa;	at com.kms.katalon.core.main.ScriptEngine.runScriptAsRawText(ScriptEngine.java:119)&#xa;	at com.kms.katalon.core.main.TestCaseExecutor.runScript(TestCaseExecutor.java:448)&#xa;	at com.kms.katalon.core.main.TestCaseExecutor.doExecute(TestCaseExecutor.java:439)&#xa;	at com.kms.katalon.core.main.TestCaseExecutor.processExecutionPhase(TestCaseExecutor.java:418)&#xa;	at com.kms.katalon.core.main.TestCaseExecutor.accessMainPhase(TestCaseExecutor.java:410)&#xa;	at com.kms.katalon.core.main.TestCaseExecutor.execute(TestCaseExecutor.java:285)&#xa;	at com.kms.katalon.core.common.CommonExecutor.accessTestCaseMainPhase(CommonExecutor.java:65)&#xa;	at com.kms.katalon.core.main.TestSuiteExecutor.accessTestSuiteMainPhase(TestSuiteExecutor.java:150)&#xa;	at com.kms.katalon.core.main.TestSuiteExecutor.execute(TestSuiteExecutor.java:106)&#xa;	at com.kms.katalon.core.main.TestCaseMain.startTestSuite(TestCaseMain.java:180)&#xa;	at TempTestSuite1731518955887.run(TempTestSuite1731518955887.groovy:35)&#xa;	at java.base/jdk.internal.reflect.NativeMethodAccessorImpl.invoke0(Native Method)&#xa;	at java.base/jdk.internal.reflect.NativeMethodAccessorImpl.invoke(NativeMethodAccessorImpl.java:77)&#xa;	at java.base/jdk.internal.reflect.DelegatingMethodAccessorImpl.invoke(DelegatingMethodAccessorImpl.java:43)&#xa;Caused by: com.kms.katalon.core.exception.StepFailedException: Web element with id: 'Object Repository/Specific Cases Repository/LS/Home/Census/Clients Face Sheets/Clients Face Sheet Search/Page_Client Face Sheets/td_24-11008' located by 'By.xpath: //td[normalize-space()='24-11008']' is present after '30' second(s)&#xa;	at com.kms.katalon.core.webui.keyword.internal.WebUIKeywordMain.stepFailed(WebUIKeywordMain.groovy:117)&#xa;	at com.kms.katalon.core.webui.keyword.internal.WebUIKeywordMain$stepFailed$0.call(Unknown Source)&#xa;	at com.kms.katalon.core.webui.keyword.builtin.VerifyElementNotPresentKeyword$_verifyElementNotPresent_closure1.doCall(VerifyElementNotPresentKeyword.groovy:122)&#xa;	at com.kms.katalon.core.webui.keyword.builtin.VerifyElementNotPresentKeyword$_verifyElementNotPresent_closure1.doCall(VerifyElementNotPresentKeyword.groovy)&#xa;	at jdk.internal.reflect.GeneratedMethodAccessor25.invoke(Unknown Source)&#xa;	at java.base/jdk.internal.reflect.DelegatingMethodAccessorImpl.invoke(DelegatingMethodAccessorImpl.java:43)&#xa;	at com.kms.katalon.core.webui.keyword.internal.WebUIKeywordMain.runKeyword(WebUIKeywordMain.groovy:35)&#xa;	... 21 more&#xa;"/>
         <system-out><![CDATA[13-11-2024T12:44:09 - [TEST_CASE][FAILED] - Test Cases/Specific Cases/LS/General/Census/Client Face Sheets/Client_Face_Sheets_Search: Test Cases/Specific Cases/LS/General/Census/Client Face Sheets/Client_Face_Sheets_Search FAILED.
Reason:
com.kms.katalon.core.exception.StepFailedException: Unable to verify object 'Object Repository/Specific Cases Repository/LS/Home/Census/Clients Face Sheets/Clients Face Sheet Search/Page_Client Face Sheets/td_24-11008' is not present
	at com.kms.katalon.core.webui.keyword.internal.WebUIKeywordMain.stepFailed(WebUIKeywordMain.groovy:117)
	at com.kms.katalon.core.webui.keyword.internal.WebUIKeywordMain.runKeyword(WebUIKeywordMain.groovy:43)
	at com.kms.katalon.core.webui.keyword.internal.WebUIKeywordMain$runKeyword.call(Unknown Source)
	at com.kms.katalon.core.webui.keyword.builtin.VerifyElementNotPresentKeyword.verifyElementNotPresent(VerifyElementNotPresentKeyword.groovy:131)
	at com.kms.katalon.core.webui.keyword.builtin.VerifyElementNotPresentKeyword.execute(VerifyElementNotPresentKeyword.groovy:69)
	at com.kms.katalon.core.keyword.internal.KeywordExecutor.executeKeywordForPlatform(KeywordExecutor.groovy:74)
	at com.kms.katalon.core.webui.keyword.WebUiBuiltInKeywords.verifyElementNotPresent(WebUiBuiltInKeywords.groovy:1536)
	at Client_Face_Sheets_Search.run(Client_Face_Sheets_Search:85)
	at com.kms.katalon.core.main.ScriptEngine.run(ScriptEngine.java:194)
	at com.kms.katalon.core.main.ScriptEngine.runScriptAsRawText(ScriptEngine.java:119)
	at com.kms.katalon.core.main.TestCaseExecutor.runScript(TestCaseExecutor.java:448)
	at com.kms.katalon.core.main.TestCaseExecutor.doExecute(TestCaseExecutor.java:439)
	at com.kms.katalon.core.main.TestCaseExecutor.processExecutionPhase(TestCaseExecutor.java:418)
	at com.kms.katalon.core.main.TestCaseExecutor.accessMainPhase(TestCaseExecutor.java:410)
	at com.kms.katalon.core.main.TestCaseExecutor.execute(TestCaseExecutor.java:285)
	at com.kms.katalon.core.common.CommonExecutor.accessTestCaseMainPhase(CommonExecutor.java:65)
	at com.kms.katalon.core.main.TestSuiteExecutor.accessTestSuiteMainPhase(TestSuiteExecutor.java:150)
	at com.kms.katalon.core.main.TestSuiteExecutor.execute(TestSuiteExecutor.java:106)
	at com.kms.katalon.core.main.TestCaseMain.startTestSuite(TestCaseMain.java:180)
	at TempTestSuite1731518955887.run(TempTestSuite1731518955887.groovy:35)
	at java.base/jdk.internal.reflect.NativeMethodAccessorImpl.invoke0(Native Method)
	at java.base/jdk.internal.reflect.NativeMethodAccessorImpl.invoke(NativeMethodAccessorImpl.java:77)
	at java.base/jdk.internal.reflect.DelegatingMethodAccessorImpl.invoke(DelegatingMethodAccessorImpl.java:43)
Caused by: com.kms.katalon.core.exception.StepFailedException: Web element with id: 'Object Repository/Specific Cases Repository/LS/Home/Census/Clients Face Sheets/Clients Face Sheet Search/Page_Client Face Sheets/td_24-11008' located by 'By.xpath: //td[normalize-space()='24-11008']' is present after '30' second(s)
	at com.kms.katalon.core.webui.keyword.internal.WebUIKeywordMain.stepFailed(WebUIKeywordMain.groovy:117)
	at com.kms.katalon.core.webui.keyword.internal.WebUIKeywordMain$stepFailed$0.call(Unknown Source)
	at com.kms.katalon.core.webui.keyword.builtin.VerifyElementNotPresentKeyword$_verifyElementNotPresent_closure1.doCall(VerifyElementNotPresentKeyword.groovy:122)
	at com.kms.katalon.core.webui.keyword.builtin.VerifyElementNotPresentKeyword$_verifyElementNotPresent_closure1.doCall(VerifyElementNotPresentKeyword.groovy)
	at jdk.internal.reflect.GeneratedMethodAccessor25.invoke(Unknown Source)
	at java.base/jdk.internal.reflect.DelegatingMethodAccessorImpl.invoke(DelegatingMethodAccessorImpl.java:43)
	at com.kms.katalon.core.webui.keyword.internal.WebUIKeywordMain.runKeyword(WebUIKeywordMain.groovy:35)
	... 21 more


13-11-2024T12:44:09 - [TEST_STEP][PASSED] - callTestCase(findTestCase("Common Cases/Login"), [:], STOP_ON_FAILURE): Call Test Case 'Test Cases/Common Cases/Login' successfully

13-11-2024T12:44:09 - [TEST_CASE][PASSED] - Test Cases/Common Cases/Login: Test Cases/Common Cases/Login

13-11-2024T12:44:09 - [TEST_STEP][PASSED] - openBrowser(""): Browser is opened with url: ''

13-11-2024T12:44:09 - [MESSAGE][INFO] - Starting 'Chrome' driver

13-11-2024T12:44:09 - [MESSAGE][INFO] - Action delay is set to 0 milliseconds

13-11-2024T12:44:10 - [MESSAGE][PASSED] - Browser is opened with url: ''

13-11-2024T12:44:10 - [TEST_STEP][PASSED] - maximizeWindow(): Current window maximized

13-11-2024T12:44:10 - [MESSAGE][PASSED] - Current window maximized

13-11-2024T12:44:10 - [TEST_STEP][PASSED] - navigateToUrl("https://site17.lsapp.cloud/auth/login"): Navigate to 'https://site17.lsapp.cloud/auth/login' successfully

13-11-2024T12:44:11 - [MESSAGE][PASSED] - Navigate to 'https://site17.lsapp.cloud/auth/login' successfully

13-11-2024T12:44:11 - [TEST_STEP][PASSED] - setText(findTestObject("Object Repository/Common Cases Repository/Login/Page_Lightning Step/input_Email_email"), "automation@lightningstep.com"): Text 'automation@lightningstep.com' is set on object 'Object Repository/Common Cases Repository/Login/Page_Lightning Step/input_Email_email'

13-11-2024T12:44:12 - [MESSAGE][PASSED] - Text 'automation@lightningstep.com' is set on object 'Object Repository/Common Cases Repository/Login/Page_Lightning Step/input_Email_email'

13-11-2024T12:44:12 - [TEST_STEP][PASSED] - setEncryptedText(findTestObject("Object Repository/Common Cases Repository/Login/Page_Lightning Step/input_Password_password"), "e5N8VHmnhJDITtQaQhDQDw=="): Text ****** has been set on object 'Object Repository/Common Cases Repository/Login/Page_Lightning Step/input_Password_password'

13-11-2024T12:44:12 - [MESSAGE][PASSED] - Text ****** has been set on object 'Object Repository/Common Cases Repository/Login/Page_Lightning Step/input_Password_password'

13-11-2024T12:44:12 - [TEST_STEP][PASSED] - click(findTestObject("Object Repository/Common Cases Repository/Login/Page_Lightning Step/button_Sign in")): Object: 'Object Repository/Common Cases Repository/Login/Page_Lightning Step/button_Sign in' is clicked on

13-11-2024T12:44:19 - [MESSAGE][PASSED] - Object: 'Object Repository/Common Cases Repository/Login/Page_Lightning Step/button_Sign in' is clicked on

13-11-2024T12:44:19 - [MESSAGE][PASSED] - Call Test Case 'Test Cases/Common Cases/Login' successfully

13-11-2024T12:44:19 - [TEST_STEP][PASSED] - click(findTestObject("Object Repository/Specific Cases Repository/LS/Home/Census/Clients Face Sheets/Clients Face Sheet Search/Page_Home/a_Census")): Object: 'Object Repository/Specific Cases Repository/LS/Home/Census/Clients Face Sheets/Clients Face Sheet Search/Page_Home/a_Census' is clicked on

13-11-2024T12:44:20 - [MESSAGE][PASSED] - Object: 'Object Repository/Specific Cases Repository/LS/Home/Census/Clients Face Sheets/Clients Face Sheet Search/Page_Home/a_Census' is clicked on

13-11-2024T12:44:20 - [TEST_STEP][PASSED] - click(findTestObject("Object Repository/Specific Cases Repository/LS/Home/Census/Clients Face Sheets/Clients Face Sheet Search/Page_Home/span_Client Face sheets")): Object: 'Object Repository/Specific Cases Repository/LS/Home/Census/Clients Face Sheets/Clients Face Sheet Search/Page_Home/span_Client Face sheets' is clicked on

13-11-2024T12:44:24 - [MESSAGE][PASSED] - Object: 'Object Repository/Specific Cases Repository/LS/Home/Census/Clients Face Sheets/Clients Face Sheet Search/Page_Home/span_Client Face sheets' is clicked on

13-11-2024T12:44:24 - [TEST_STEP][PASSED] - navigateToUrl("https://site17.lsapp.cloud/report/clientfacesheets"): Navigate to 'https://site17.lsapp.cloud/report/clientfacesheets' successfully

13-11-2024T12:44:25 - [MESSAGE][PASSED] - Navigate to 'https://site17.lsapp.cloud/report/clientfacesheets' successfully

13-11-2024T12:44:25 - [TEST_STEP][PASSED] - click(findTestObject("Object Repository/Specific Cases Repository/LS/Home/Census/Clients Face Sheets/Clients Face Sheet Search/Page_Client Face Sheets/button_Show Data")): Object: 'Object Repository/Specific Cases Repository/LS/Home/Census/Clients Face Sheets/Clients Face Sheet Search/Page_Client Face Sheets/button_Show Data' is clicked on

13-11-2024T12:44:25 - [MESSAGE][PASSED] - Object: 'Object Repository/Specific Cases Repository/LS/Home/Census/Clients Face Sheets/Clients Face Sheet Search/Page_Client Face Sheets/button_Show Data' is clicked on

13-11-2024T12:44:25 - [TEST_STEP][PASSED] - click(findTestObject("Specific Cases Repository/LS/Home/Census/Clients Face Sheets/Clients Face Sheet Search/Page_Client Face Sheets/Patient")): Object: 'Object Repository/Specific Cases Repository/LS/Home/Census/Clients Face Sheets/Clients Face Sheet Search/Page_Client Face Sheets/Patient' is clicked on

13-11-2024T12:44:27 - [MESSAGE][PASSED] - Object: 'Object Repository/Specific Cases Repository/LS/Home/Census/Clients Face Sheets/Clients Face Sheet Search/Page_Client Face Sheets/Patient' is clicked on

13-11-2024T12:44:27 - [TEST_STEP][PASSED] - click(findTestObject("Specific Cases Repository/LS/Home/Census/Clients Face Sheets/Clients Face Sheet Search/Page_Client Face Sheets/li_A Automation, A Client")): Object: 'Object Repository/Specific Cases Repository/LS/Home/Census/Clients Face Sheets/Clients Face Sheet Search/Page_Client Face Sheets/li_A Automation, A Client' is clicked on

13-11-2024T12:44:27 - [MESSAGE][PASSED] - Object: 'Object Repository/Specific Cases Repository/LS/Home/Census/Clients Face Sheets/Clients Face Sheet Search/Page_Client Face Sheets/li_A Automation, A Client' is clicked on

13-11-2024T12:44:27 - [TEST_STEP][PASSED] - verifyElementText(findTestObject("Object Repository/Specific Cases Repository/LS/Home/Census/Clients Face Sheets/Clients Face Sheet Search/Page_Client Face Sheets/td_24-11006"), "24-11006"): Actual text and expected text of test object 'Object Repository/Specific Cases Repository/LS/Home/Census/Clients Face Sheets/Clients Face Sheet Search/Page_Client Face Sheets/td_24-11006' are matched.

13-11-2024T12:44:27 - [MESSAGE][PASSED] - Actual text and expected text of test object 'Object Repository/Specific Cases Repository/LS/Home/Census/Clients Face Sheets/Clients Face Sheet Search/Page_Client Face Sheets/td_24-11006' are matched.

13-11-2024T12:44:27 - [TEST_STEP][PASSED] - verifyElementNotPresent(findTestObject("Specific Cases Repository/LS/Home/Census/Clients Face Sheets/Clients Face Sheet Search/Page_Client Face Sheets/td_24-11007"), 0): Web element with id: 'Object Repository/Specific Cases Repository/LS/Home/Census/Clients Face Sheets/Clients Face Sheet Search/Page_Client Face Sheets/td_24-11007' located by 'By.xpath: //td[normalize-space()='24-11007']' is not present after '30' second(s)

13-11-2024T12:44:27 - [MESSAGE][WARNING] - Timeout '0' is invalid. Using default page load timeout: '30'

13-11-2024T12:44:28 - [MESSAGE][PASSED] - Web element with id: 'Object Repository/Specific Cases Repository/LS/Home/Census/Clients Face Sheets/Clients Face Sheet Search/Page_Client Face Sheets/td_24-11007' located by 'By.xpath: //td[normalize-space()='24-11007']' is not present after '30' second(s)

13-11-2024T12:44:28 - [TEST_STEP][PASSED] - verifyElementNotPresent(findTestObject("Specific Cases Repository/LS/Home/Census/Clients Face Sheets/Clients Face Sheet Search/Page_Client Face Sheets/td_24-11008"), 0): Web element with id: 'Object Repository/Specific Cases Repository/LS/Home/Census/Clients Face Sheets/Clients Face Sheet Search/Page_Client Face Sheets/td_24-11008' located by 'By.xpath: //td[normalize-space()='24-11008']' is not present after '30' second(s)

13-11-2024T12:44:28 - [MESSAGE][WARNING] - Timeout '0' is invalid. Using default page load timeout: '30'

13-11-2024T12:44:28 - [MESSAGE][PASSED] - Web element with id: 'Object Repository/Specific Cases Repository/LS/Home/Census/Clients Face Sheets/Clients Face Sheet Search/Page_Client Face Sheets/td_24-11008' located by 'By.xpath: //td[normalize-space()='24-11008']' is not present after '30' second(s)

13-11-2024T12:44:28 - [TEST_STEP][PASSED] - click(findTestObject("Object Repository/Specific Cases Repository/LS/Home/Census/Clients Face Sheets/Clients Face Sheet Search/Page_Client Face Sheets/ul_A Automation, A Client")): Object: 'Object Repository/Specific Cases Repository/LS/Home/Census/Clients Face Sheets/Clients Face Sheet Search/Page_Client Face Sheets/ul_A Automation, A Client' is clicked on

13-11-2024T12:44:28 - [MESSAGE][PASSED] - Object: 'Object Repository/Specific Cases Repository/LS/Home/Census/Clients Face Sheets/Clients Face Sheet Search/Page_Client Face Sheets/ul_A Automation, A Client' is clicked on

13-11-2024T12:44:28 - [TEST_STEP][PASSED] - click(findTestObject("Specific Cases Repository/LS/Home/Census/Clients Face Sheets/Clients Face Sheet Search/Page_Client Face Sheets/Patient")): Object: 'Object Repository/Specific Cases Repository/LS/Home/Census/Clients Face Sheets/Clients Face Sheet Search/Page_Client Face Sheets/Patient' is clicked on

13-11-2024T12:44:28 - [MESSAGE][PASSED] - Object: 'Object Repository/Specific Cases Repository/LS/Home/Census/Clients Face Sheets/Clients Face Sheet Search/Page_Client Face Sheets/Patient' is clicked on

13-11-2024T12:44:28 - [TEST_STEP][PASSED] - click(findTestObject("Object Repository/Specific Cases Repository/LS/Home/Census/Clients Face Sheets/Clients Face Sheet Search/Page_Client Face Sheets/li_B Automation, B Client")): Object: 'Object Repository/Specific Cases Repository/LS/Home/Census/Clients Face Sheets/Clients Face Sheet Search/Page_Client Face Sheets/li_B Automation, B Client' is clicked on

13-11-2024T12:44:29 - [MESSAGE][PASSED] - Object: 'Object Repository/Specific Cases Repository/LS/Home/Census/Clients Face Sheets/Clients Face Sheet Search/Page_Client Face Sheets/li_B Automation, B Client' is clicked on

13-11-2024T12:44:29 - [TEST_STEP][PASSED] - verifyElementText(findTestObject("Object Repository/Specific Cases Repository/LS/Home/Census/Clients Face Sheets/Clients Face Sheet Search/Page_Client Face Sheets/td_24-11006"), "24-11006"): Actual text and expected text of test object 'Object Repository/Specific Cases Repository/LS/Home/Census/Clients Face Sheets/Clients Face Sheet Search/Page_Client Face Sheets/td_24-11006' are matched.

13-11-2024T12:44:29 - [MESSAGE][PASSED] - Actual text and expected text of test object 'Object Repository/Specific Cases Repository/LS/Home/Census/Clients Face Sheets/Clients Face Sheet Search/Page_Client Face Sheets/td_24-11006' are matched.

13-11-2024T12:44:29 - [TEST_STEP][PASSED] - verifyElementText(findTestObject("Object Repository/Specific Cases Repository/LS/Home/Census/Clients Face Sheets/Clients Face Sheet Search/Page_Client Face Sheets/td_24-11007"), "24-11007"): Actual text and expected text of test object 'Object Repository/Specific Cases Repository/LS/Home/Census/Clients Face Sheets/Clients Face Sheet Search/Page_Client Face Sheets/td_24-11007' are matched.

13-11-2024T12:44:29 - [MESSAGE][PASSED] - Actual text and expected text of test object 'Object Repository/Specific Cases Repository/LS/Home/Census/Clients Face Sheets/Clients Face Sheet Search/Page_Client Face Sheets/td_24-11007' are matched.

13-11-2024T12:44:29 - [TEST_STEP][PASSED] - verifyElementNotPresent(findTestObject("Specific Cases Repository/LS/Home/Census/Clients Face Sheets/Clients Face Sheet Search/Page_Client Face Sheets/td_24-11008"), 0): Web element with id: 'Object Repository/Specific Cases Repository/LS/Home/Census/Clients Face Sheets/Clients Face Sheet Search/Page_Client Face Sheets/td_24-11008' located by 'By.xpath: //td[normalize-space()='24-11008']' is not present after '30' second(s)

13-11-2024T12:44:29 - [MESSAGE][WARNING] - Timeout '0' is invalid. Using default page load timeout: '30'

13-11-2024T12:44:30 - [MESSAGE][PASSED] - Web element with id: 'Object Repository/Specific Cases Repository/LS/Home/Census/Clients Face Sheets/Clients Face Sheet Search/Page_Client Face Sheets/td_24-11008' located by 'By.xpath: //td[normalize-space()='24-11008']' is not present after '30' second(s)

13-11-2024T12:44:30 - [TEST_STEP][PASSED] - click(findTestObject("Object Repository/Specific Cases Repository/LS/Home/Census/Clients Face Sheets/Clients Face Sheet Search/Page_Client Face Sheets/li_C Automation, C Client")): Object: 'Object Repository/Specific Cases Repository/LS/Home/Census/Clients Face Sheets/Clients Face Sheet Search/Page_Client Face Sheets/li_C Automation, C Client' is clicked on

13-11-2024T12:44:30 - [MESSAGE][PASSED] - Object: 'Object Repository/Specific Cases Repository/LS/Home/Census/Clients Face Sheets/Clients Face Sheet Search/Page_Client Face Sheets/li_C Automation, C Client' is clicked on

13-11-2024T12:44:30 - [TEST_STEP][PASSED] - verifyElementText(findTestObject("Object Repository/Specific Cases Repository/LS/Home/Census/Clients Face Sheets/Clients Face Sheet Search/Page_Client Face Sheets/td_24-11006"), "24-11006"): Actual text and expected text of test object 'Object Repository/Specific Cases Repository/LS/Home/Census/Clients Face Sheets/Clients Face Sheet Search/Page_Client Face Sheets/td_24-11006' are matched.

13-11-2024T12:44:30 - [MESSAGE][PASSED] - Actual text and expected text of test object 'Object Repository/Specific Cases Repository/LS/Home/Census/Clients Face Sheets/Clients Face Sheet Search/Page_Client Face Sheets/td_24-11006' are matched.

13-11-2024T12:44:30 - [TEST_STEP][PASSED] - verifyElementText(findTestObject("Object Repository/Specific Cases Repository/LS/Home/Census/Clients Face Sheets/Clients Face Sheet Search/Page_Client Face Sheets/td_24-11007"), "24-11007"): Actual text and expected text of test object 'Object Repository/Specific Cases Repository/LS/Home/Census/Clients Face Sheets/Clients Face Sheet Search/Page_Client Face Sheets/td_24-11007' are matched.

13-11-2024T12:44:30 - [MESSAGE][PASSED] - Actual text and expected text of test object 'Object Repository/Specific Cases Repository/LS/Home/Census/Clients Face Sheets/Clients Face Sheet Search/Page_Client Face Sheets/td_24-11007' are matched.

13-11-2024T12:44:30 - [TEST_STEP][PASSED] - verifyElementText(findTestObject("Object Repository/Specific Cases Repository/LS/Home/Census/Clients Face Sheets/Clients Face Sheet Search/Page_Client Face Sheets/td_24-11008"), "24-11008"): Actual text and expected text of test object 'Object Repository/Specific Cases Repository/LS/Home/Census/Clients Face Sheets/Clients Face Sheet Search/Page_Client Face Sheets/td_24-11008' are matched.

13-11-2024T12:44:31 - [MESSAGE][PASSED] - Actual text and expected text of test object 'Object Repository/Specific Cases Repository/LS/Home/Census/Clients Face Sheets/Clients Face Sheet Search/Page_Client Face Sheets/td_24-11008' are matched.

13-11-2024T12:44:31 - [TEST_STEP][PASSED] - click(findTestObject("Specific Cases Repository/LS/Home/Census/Clients Face Sheets/Clients Face Sheet Search/Page_Client Face Sheets/span_ A")): Object: 'Object Repository/Specific Cases Repository/LS/Home/Census/Clients Face Sheets/Clients Face Sheet Search/Page_Client Face Sheets/span_ A' is clicked on

13-11-2024T12:44:31 - [MESSAGE][PASSED] - Object: 'Object Repository/Specific Cases Repository/LS/Home/Census/Clients Face Sheets/Clients Face Sheet Search/Page_Client Face Sheets/span_ A' is clicked on

13-11-2024T12:44:31 - [TEST_STEP][PASSED] - click(findTestObject("Specific Cases Repository/LS/Home/Census/Clients Face Sheets/Clients Face Sheet Search/Page_Client Face Sheets/span_B")): Object: 'Object Repository/Specific Cases Repository/LS/Home/Census/Clients Face Sheets/Clients Face Sheet Search/Page_Client Face Sheets/span_B' is clicked on

13-11-2024T12:44:31 - [MESSAGE][PASSED] - Object: 'Object Repository/Specific Cases Repository/LS/Home/Census/Clients Face Sheets/Clients Face Sheet Search/Page_Client Face Sheets/span_B' is clicked on

13-11-2024T12:44:31 - [TEST_STEP][PASSED] - click(findTestObject("Specific Cases Repository/LS/Home/Census/Clients Face Sheets/Clients Face Sheet Search/Page_Client Face Sheets/span_C")): Object: 'Object Repository/Specific Cases Repository/LS/Home/Census/Clients Face Sheets/Clients Face Sheet Search/Page_Client Face Sheets/span_C' is clicked on

13-11-2024T12:44:32 - [MESSAGE][PASSED] - Object: 'Object Repository/Specific Cases Repository/LS/Home/Census/Clients Face Sheets/Clients Face Sheet Search/Page_Client Face Sheets/span_C' is clicked on

13-11-2024T12:44:32 - [TEST_STEP][PASSED] - click(findTestObject("Specific Cases Repository/LS/Home/Census/Clients Face Sheets/Clients Face Sheet Search/Page_Client Face Sheets/Unit")): Object: 'Object Repository/Specific Cases Repository/LS/Home/Census/Clients Face Sheets/Clients Face Sheet Search/Page_Client Face Sheets/Unit' is clicked on

13-11-2024T12:44:32 - [MESSAGE][PASSED] - Object: 'Object Repository/Specific Cases Repository/LS/Home/Census/Clients Face Sheets/Clients Face Sheet Search/Page_Client Face Sheets/Unit' is clicked on

13-11-2024T12:44:32 - [TEST_STEP][PASSED] - click(findTestObject("Object Repository/Specific Cases Repository/LS/Home/Census/Clients Face Sheets/Clients Face Sheet Search/Page_Client Face Sheets/li_Mens Residential")): Object: 'Object Repository/Specific Cases Repository/LS/Home/Census/Clients Face Sheets/Clients Face Sheet Search/Page_Client Face Sheets/li_Mens Residential' is clicked on

13-11-2024T12:44:33 - [MESSAGE][PASSED] - Object: 'Object Repository/Specific Cases Repository/LS/Home/Census/Clients Face Sheets/Clients Face Sheet Search/Page_Client Face Sheets/li_Mens Residential' is clicked on

13-11-2024T12:44:33 - [TEST_STEP][PASSED] - verifyElementText(findTestObject("Object Repository/Specific Cases Repository/LS/Home/Census/Clients Face Sheets/Clients Face Sheet Search/Page_Client Face Sheets/td_24-11006"), "24-11006"): Actual text and expected text of test object 'Object Repository/Specific Cases Repository/LS/Home/Census/Clients Face Sheets/Clients Face Sheet Search/Page_Client Face Sheets/td_24-11006' are matched.

13-11-2024T12:44:33 - [MESSAGE][PASSED] - Actual text and expected text of test object 'Object Repository/Specific Cases Repository/LS/Home/Census/Clients Face Sheets/Clients Face Sheet Search/Page_Client Face Sheets/td_24-11006' are matched.

13-11-2024T12:44:33 - [TEST_STEP][PASSED] - verifyElementText(findTestObject("Object Repository/Specific Cases Repository/LS/Home/Census/Clients Face Sheets/Clients Face Sheet Search/Page_Client Face Sheets/td_24-11007"), "24-11007"): Actual text and expected text of test object 'Object Repository/Specific Cases Repository/LS/Home/Census/Clients Face Sheets/Clients Face Sheet Search/Page_Client Face Sheets/td_24-11007' are matched.

13-11-2024T12:44:33 - [MESSAGE][PASSED] - Actual text and expected text of test object 'Object Repository/Specific Cases Repository/LS/Home/Census/Clients Face Sheets/Clients Face Sheet Search/Page_Client Face Sheets/td_24-11007' are matched.

13-11-2024T12:44:33 - [TEST_STEP][FAILED] - verifyElementNotPresent(findTestObject("Specific Cases Repository/LS/Home/Census/Clients Face Sheets/Clients Face Sheet Search/Page_Client Face Sheets/td_24-11008"), 0): Unable to verify object 'Object Repository/Specific Cases Repository/LS/Home/Census/Clients Face Sheets/Clients Face Sheet Search/Page_Client Face Sheets/td_24-11008' is not present (Root cause: com.kms.katalon.core.exception.StepFailedException: Unable to verify object 'Object Repository/Specific Cases Repository/LS/Home/Census/Clients Face Sheets/Clients Face Sheet Search/Page_Client Face Sheets/td_24-11008' is not present
	at com.kms.katalon.core.webui.keyword.internal.WebUIKeywordMain.stepFailed(WebUIKeywordMain.groovy:117)
	at com.kms.katalon.core.webui.keyword.internal.WebUIKeywordMain.runKeyword(WebUIKeywordMain.groovy:43)
	at com.kms.katalon.core.webui.keyword.internal.WebUIKeywordMain$runKeyword.call(Unknown Source)
	at com.kms.katalon.core.webui.keyword.builtin.VerifyElementNotPresentKeyword.verifyElementNotPresent(VerifyElementNotPresentKeyword.groovy:131)
	at com.kms.katalon.core.webui.keyword.builtin.VerifyElementNotPresentKeyword.execute(VerifyElementNotPresentKeyword.groovy:69)
	at com.kms.katalon.core.keyword.internal.KeywordExecutor.executeKeywordForPlatform(KeywordExecutor.groovy:74)
	at com.kms.katalon.core.webui.keyword.WebUiBuiltInKeywords.verifyElementNotPresent(WebUiBuiltInKeywords.groovy:1536)
	at Client_Face_Sheets_Search.run(Client_Face_Sheets_Search:85)
	at com.kms.katalon.core.main.ScriptEngine.run(ScriptEngine.java:194)
	at com.kms.katalon.core.main.ScriptEngine.runScriptAsRawText(ScriptEngine.java:119)
	at com.kms.katalon.core.main.TestCaseExecutor.runScript(TestCaseExecutor.java:448)
	at com.kms.katalon.core.main.TestCaseExecutor.doExecute(TestCaseExecutor.java:439)
	at com.kms.katalon.core.main.TestCaseExecutor.processExecutionPhase(TestCaseExecutor.java:418)
	at com.kms.katalon.core.main.TestCaseExecutor.accessMainPhase(TestCaseExecutor.java:410)
	at com.kms.katalon.core.main.TestCaseExecutor.execute(TestCaseExecutor.java:285)
	at com.kms.katalon.core.common.CommonExecutor.accessTestCaseMainPhase(CommonExecutor.java:65)
	at com.kms.katalon.core.main.TestSuiteExecutor.accessTestSuiteMainPhase(TestSuiteExecutor.java:150)
	at com.kms.katalon.core.main.TestSuiteExecutor.execute(TestSuiteExecutor.java:106)
	at com.kms.katalon.core.main.TestCaseMain.startTestSuite(TestCaseMain.java:180)
	at TempTestSuite1731518955887.run(TempTestSuite1731518955887.groovy:35)
	at java.base/jdk.internal.reflect.NativeMethodAccessorImpl.invoke0(Native Method)
	at java.base/jdk.internal.reflect.NativeMethodAccessorImpl.invoke(NativeMethodAccessorImpl.java:77)
	at java.base/jdk.internal.reflect.DelegatingMethodAccessorImpl.invoke(DelegatingMethodAccessorImpl.java:43)
Caused by: com.kms.katalon.core.exception.StepFailedException: Web element with id: 'Object Repository/Specific Cases Repository/LS/Home/Census/Clients Face Sheets/Clients Face Sheet Search/Page_Client Face Sheets/td_24-11008' located by 'By.xpath: //td[normalize-space()='24-11008']' is present after '30' second(s)
	at com.kms.katalon.core.webui.keyword.internal.WebUIKeywordMain.stepFailed(WebUIKeywordMain.groovy:117)
	at com.kms.katalon.core.webui.keyword.internal.WebUIKeywordMain$stepFailed$0.call(Unknown Source)
	at com.kms.katalon.core.webui.keyword.builtin.VerifyElementNotPresentKeyword$_verifyElementNotPresent_closure1.doCall(VerifyElementNotPresentKeyword.groovy:122)
	at com.kms.katalon.core.webui.keyword.builtin.VerifyElementNotPresentKeyword$_verifyElementNotPresent_closure1.doCall(VerifyElementNotPresentKeyword.groovy)
	at jdk.internal.reflect.GeneratedMethodAccessor25.invoke(Unknown Source)
	at java.base/jdk.internal.reflect.DelegatingMethodAccessorImpl.invoke(DelegatingMethodAccessorImpl.java:43)
	at com.kms.katalon.core.webui.keyword.internal.WebUIKeywordMain.runKeyword(WebUIKeywordMain.groovy:35)
	... 21 more
)

13-11-2024T12:44:33 - [MESSAGE][WARNING] - Timeout '0' is invalid. Using default page load timeout: '30'

13-11-2024T12:45:04 - [MESSAGE][FAILED] - Web element with id: 'Object Repository/Specific Cases Repository/LS/Home/Census/Clients Face Sheets/Clients Face Sheet Search/Page_Client Face Sheets/td_24-11008' located by 'By.xpath: //td[normalize-space()='24-11008']' is present after '30' second(s) (Root cause: com.kms.katalon.core.exception.StepFailedException: Web element with id: 'Object Repository/Specific Cases Repository/LS/Home/Census/Clients Face Sheets/Clients Face Sheet Search/Page_Client Face Sheets/td_24-11008' located by 'By.xpath: //td[normalize-space()='24-11008']' is present after '30' second(s)
	at com.kms.katalon.core.webui.keyword.internal.WebUIKeywordMain.stepFailed(WebUIKeywordMain.groovy:117)
	at com.kms.katalon.core.webui.keyword.internal.WebUIKeywordMain$stepFailed$0.call(Unknown Source)
	at com.kms.katalon.core.webui.keyword.builtin.VerifyElementNotPresentKeyword$_verifyElementNotPresent_closure1.doCall(VerifyElementNotPresentKeyword.groovy:122)
	at com.kms.katalon.core.webui.keyword.builtin.VerifyElementNotPresentKeyword$_verifyElementNotPresent_closure1.doCall(VerifyElementNotPresentKeyword.groovy)
	at jdk.internal.reflect.GeneratedMethodAccessor25.invoke(Unknown Source)
	at java.base/jdk.internal.reflect.DelegatingMethodAccessorImpl.invoke(DelegatingMethodAccessorImpl.java:43)
	at com.kms.katalon.core.webui.keyword.internal.WebUIKeywordMain.runKeyword(WebUIKeywordMain.groovy:35)
	at com.kms.katalon.core.webui.keyword.internal.WebUIKeywordMain$runKeyword.call(Unknown Source)
	at com.kms.katalon.core.webui.keyword.builtin.VerifyElementNotPresentKeyword.verifyElementNotPresent(VerifyElementNotPresentKeyword.groovy:131)
	at com.kms.katalon.core.webui.keyword.builtin.VerifyElementNotPresentKeyword.execute(VerifyElementNotPresentKeyword.groovy:69)
	at com.kms.katalon.core.keyword.internal.KeywordExecutor.executeKeywordForPlatform(KeywordExecutor.groovy:74)
	at com.kms.katalon.core.webui.keyword.WebUiBuiltInKeywords.verifyElementNotPresent(WebUiBuiltInKeywords.groovy:1536)
	at Client_Face_Sheets_Search.run(Client_Face_Sheets_Search:85)
	at com.kms.katalon.core.main.ScriptEngine.run(ScriptEngine.java:194)
	at com.kms.katalon.core.main.ScriptEngine.runScriptAsRawText(ScriptEngine.java:119)
	at com.kms.katalon.core.main.TestCaseExecutor.runScript(TestCaseExecutor.java:448)
	at com.kms.katalon.core.main.TestCaseExecutor.doExecute(TestCaseExecutor.java:439)
	at com.kms.katalon.core.main.TestCaseExecutor.processExecutionPhase(TestCaseExecutor.java:418)
	at com.kms.katalon.core.main.TestCaseExecutor.accessMainPhase(TestCaseExecutor.java:410)
	at com.kms.katalon.core.main.TestCaseExecutor.execute(TestCaseExecutor.java:285)
	at com.kms.katalon.core.common.CommonExecutor.accessTestCaseMainPhase(CommonExecutor.java:65)
	at com.kms.katalon.core.main.TestSuiteExecutor.accessTestSuiteMainPhase(TestSuiteExecutor.java:150)
	at com.kms.katalon.core.main.TestSuiteExecutor.execute(TestSuiteExecutor.java:106)
	at com.kms.katalon.core.main.TestCaseMain.startTestSuite(TestCaseMain.java:180)
	at TempTestSuite1731518955887.run(TempTestSuite1731518955887.groovy:35)
	at java.base/jdk.internal.reflect.NativeMethodAccessorImpl.invoke0(Native Method)
	at java.base/jdk.internal.reflect.NativeMethodAccessorImpl.invoke(NativeMethodAccessorImpl.java:77)
	at java.base/jdk.internal.reflect.DelegatingMethodAccessorImpl.invoke(DelegatingMethodAccessorImpl.java:43)
)
[[ATTACHMENT|C:\\Users\\Enrique\\git\\AUTOMATION_LS\\Reports\\20241113_122912\\LS\\Home\\General\\Census\\20241113_122915\\1731519903930.png]]

13-11-2024T12:45:04 - [MESSAGE][FAILED] - Unable to verify object 'Object Repository/Specific Cases Repository/LS/Home/Census/Clients Face Sheets/Clients Face Sheet Search/Page_Client Face Sheets/td_24-11008' is not present (Root cause: com.kms.katalon.core.exception.StepFailedException: Unable to verify object 'Object Repository/Specific Cases Repository/LS/Home/Census/Clients Face Sheets/Clients Face Sheet Search/Page_Client Face Sheets/td_24-11008' is not present
	at com.kms.katalon.core.webui.keyword.internal.WebUIKeywordMain.stepFailed(WebUIKeywordMain.groovy:117)
	at com.kms.katalon.core.webui.keyword.internal.WebUIKeywordMain.runKeyword(WebUIKeywordMain.groovy:43)
	at com.kms.katalon.core.webui.keyword.internal.WebUIKeywordMain$runKeyword.call(Unknown Source)
	at com.kms.katalon.core.webui.keyword.builtin.VerifyElementNotPresentKeyword.verifyElementNotPresent(VerifyElementNotPresentKeyword.groovy:131)
	at com.kms.katalon.core.webui.keyword.builtin.VerifyElementNotPresentKeyword.execute(VerifyElementNotPresentKeyword.groovy:69)
	at com.kms.katalon.core.keyword.internal.KeywordExecutor.executeKeywordForPlatform(KeywordExecutor.groovy:74)
	at com.kms.katalon.core.webui.keyword.WebUiBuiltInKeywords.verifyElementNotPresent(WebUiBuiltInKeywords.groovy:1536)
	at Client_Face_Sheets_Search.run(Client_Face_Sheets_Search:85)
	at com.kms.katalon.core.main.ScriptEngine.run(ScriptEngine.java:194)
	at com.kms.katalon.core.main.ScriptEngine.runScriptAsRawText(ScriptEngine.java:119)
	at com.kms.katalon.core.main.TestCaseExecutor.runScript(TestCaseExecutor.java:448)
	at com.kms.katalon.core.main.TestCaseExecutor.doExecute(TestCaseExecutor.java:439)
	at com.kms.katalon.core.main.TestCaseExecutor.processExecutionPhase(TestCaseExecutor.java:418)
	at com.kms.katalon.core.main.TestCaseExecutor.accessMainPhase(TestCaseExecutor.java:410)
	at com.kms.katalon.core.main.TestCaseExecutor.execute(TestCaseExecutor.java:285)
	at com.kms.katalon.core.common.CommonExecutor.accessTestCaseMainPhase(CommonExecutor.java:65)
	at com.kms.katalon.core.main.TestSuiteExecutor.accessTestSuiteMainPhase(TestSuiteExecutor.java:150)
	at com.kms.katalon.core.main.TestSuiteExecutor.execute(TestSuiteExecutor.java:106)
	at com.kms.katalon.core.main.TestCaseMain.startTestSuite(TestCaseMain.java:180)
	at TempTestSuite1731518955887.run(TempTestSuite1731518955887.groovy:35)
	at java.base/jdk.internal.reflect.NativeMethodAccessorImpl.invoke0(Native Method)
	at java.base/jdk.internal.reflect.NativeMethodAccessorImpl.invoke(NativeMethodAccessorImpl.java:77)
	at java.base/jdk.internal.reflect.DelegatingMethodAccessorImpl.invoke(DelegatingMethodAccessorImpl.java:43)
Caused by: com.kms.katalon.core.exception.StepFailedException: Web element with id: 'Object Repository/Specific Cases Repository/LS/Home/Census/Clients Face Sheets/Clients Face Sheet Search/Page_Client Face Sheets/td_24-11008' located by 'By.xpath: //td[normalize-space()='24-11008']' is present after '30' second(s)
	at com.kms.katalon.core.webui.keyword.internal.WebUIKeywordMain.stepFailed(WebUIKeywordMain.groovy:117)
	at com.kms.katalon.core.webui.keyword.internal.WebUIKeywordMain$stepFailed$0.call(Unknown Source)
	at com.kms.katalon.core.webui.keyword.builtin.VerifyElementNotPresentKeyword$_verifyElementNotPresent_closure1.doCall(VerifyElementNotPresentKeyword.groovy:122)
	at com.kms.katalon.core.webui.keyword.builtin.VerifyElementNotPresentKeyword$_verifyElementNotPresent_closure1.doCall(VerifyElementNotPresentKeyword.groovy)
	at jdk.internal.reflect.GeneratedMethodAccessor25.invoke(Unknown Source)
	at java.base/jdk.internal.reflect.DelegatingMethodAccessorImpl.invoke(DelegatingMethodAccessorImpl.java:43)
	at com.kms.katalon.core.webui.keyword.internal.WebUIKeywordMain.runKeyword(WebUIKeywordMain.groovy:35)
	... 21 more
)
[[ATTACHMENT|C:\\Users\\Enrique\\git\\AUTOMATION_LS\\Reports\\20241113_122912\\LS\\Home\\General\\Census\\20241113_122915\\1731519904056.png]]]]></system-out>
         <system-err><![CDATA[13-11-2024T12:44:09 - [TEST_CASE][FAILED] - Test Cases/Specific Cases/LS/General/Census/Client Face Sheets/Client_Face_Sheets_Search: Test Cases/Specific Cases/LS/General/Census/Client Face Sheets/Client_Face_Sheets_Search FAILED.
Reason:
com.kms.katalon.core.exception.StepFailedException: Unable to verify object 'Object Repository/Specific Cases Repository/LS/Home/Census/Clients Face Sheets/Clients Face Sheet Search/Page_Client Face Sheets/td_24-11008' is not present
	at com.kms.katalon.core.webui.keyword.internal.WebUIKeywordMain.stepFailed(WebUIKeywordMain.groovy:117)
	at com.kms.katalon.core.webui.keyword.internal.WebUIKeywordMain.runKeyword(WebUIKeywordMain.groovy:43)
	at com.kms.katalon.core.webui.keyword.internal.WebUIKeywordMain$runKeyword.call(Unknown Source)
	at com.kms.katalon.core.webui.keyword.builtin.VerifyElementNotPresentKeyword.verifyElementNotPresent(VerifyElementNotPresentKeyword.groovy:131)
	at com.kms.katalon.core.webui.keyword.builtin.VerifyElementNotPresentKeyword.execute(VerifyElementNotPresentKeyword.groovy:69)
	at com.kms.katalon.core.keyword.internal.KeywordExecutor.executeKeywordForPlatform(KeywordExecutor.groovy:74)
	at com.kms.katalon.core.webui.keyword.WebUiBuiltInKeywords.verifyElementNotPresent(WebUiBuiltInKeywords.groovy:1536)
	at Client_Face_Sheets_Search.run(Client_Face_Sheets_Search:85)
	at com.kms.katalon.core.main.ScriptEngine.run(ScriptEngine.java:194)
	at com.kms.katalon.core.main.ScriptEngine.runScriptAsRawText(ScriptEngine.java:119)
	at com.kms.katalon.core.main.TestCaseExecutor.runScript(TestCaseExecutor.java:448)
	at com.kms.katalon.core.main.TestCaseExecutor.doExecute(TestCaseExecutor.java:439)
	at com.kms.katalon.core.main.TestCaseExecutor.processExecutionPhase(TestCaseExecutor.java:418)
	at com.kms.katalon.core.main.TestCaseExecutor.accessMainPhase(TestCaseExecutor.java:410)
	at com.kms.katalon.core.main.TestCaseExecutor.execute(TestCaseExecutor.java:285)
	at com.kms.katalon.core.common.CommonExecutor.accessTestCaseMainPhase(CommonExecutor.java:65)
	at com.kms.katalon.core.main.TestSuiteExecutor.accessTestSuiteMainPhase(TestSuiteExecutor.java:150)
	at com.kms.katalon.core.main.TestSuiteExecutor.execute(TestSuiteExecutor.java:106)
	at com.kms.katalon.core.main.TestCaseMain.startTestSuite(TestCaseMain.java:180)
	at TempTestSuite1731518955887.run(TempTestSuite1731518955887.groovy:35)
	at java.base/jdk.internal.reflect.NativeMethodAccessorImpl.invoke0(Native Method)
	at java.base/jdk.internal.reflect.NativeMethodAccessorImpl.invoke(NativeMethodAccessorImpl.java:77)
	at java.base/jdk.internal.reflect.DelegatingMethodAccessorImpl.invoke(DelegatingMethodAccessorImpl.java:43)
Caused by: com.kms.katalon.core.exception.StepFailedException: Web element with id: 'Object Repository/Specific Cases Repository/LS/Home/Census/Clients Face Sheets/Clients Face Sheet Search/Page_Client Face Sheets/td_24-11008' located by 'By.xpath: //td[normalize-space()='24-11008']' is present after '30' second(s)
	at com.kms.katalon.core.webui.keyword.internal.WebUIKeywordMain.stepFailed(WebUIKeywordMain.groovy:117)
	at com.kms.katalon.core.webui.keyword.internal.WebUIKeywordMain$stepFailed$0.call(Unknown Source)
	at com.kms.katalon.core.webui.keyword.builtin.VerifyElementNotPresentKeyword$_verifyElementNotPresent_closure1.doCall(VerifyElementNotPresentKeyword.groovy:122)
	at com.kms.katalon.core.webui.keyword.builtin.VerifyElementNotPresentKeyword$_verifyElementNotPresent_closure1.doCall(VerifyElementNotPresentKeyword.groovy)
	at jdk.internal.reflect.GeneratedMethodAccessor25.invoke(Unknown Source)
	at java.base/jdk.internal.reflect.DelegatingMethodAccessorImpl.invoke(DelegatingMethodAccessorImpl.java:43)
	at com.kms.katalon.core.webui.keyword.internal.WebUIKeywordMain.runKeyword(WebUIKeywordMain.groovy:35)
	... 21 more]]></system-err>
      </testcase>
      <system-out><![CDATA[13-11-2024T12:37:15 - [TEST_SUITE][FAILED] - Census: Test Cases/Specific Cases/LS/General/Census/Bed Board/Bed_Board_Filters FAILED.
Reason:
com.kms.katalon.core.exception.StepFailedException: Verify element text of test object 'Object Repository/Specific Cases Repository/LS/Home/Census/Bed_Board/Page_Bed Board/span_Female' FAILED.
	at com.kms.katalon.core.webui.keyword.internal.WebUIKeywordMain.stepFailed(WebUIKeywordMain.groovy:117)
	at com.kms.katalon.core.webui.keyword.internal.WebUIKeywordMain.runKeyword(WebUIKeywordMain.groovy:43)
	at com.kms.katalon.core.webui.keyword.builtin.VerifyElementTextKeyword.verifyElementText(VerifyElementTextKeyword.groovy:72)
	at com.kms.katalon.core.webui.keyword.builtin.VerifyElementTextKeyword.execute(VerifyElementTextKeyword.groovy:40)
	at com.kms.katalon.core.keyword.internal.KeywordExecutor.executeKeywordForPlatform(KeywordExecutor.groovy:74)
	at com.kms.katalon.core.webui.keyword.WebUiBuiltInKeywords.verifyElementText(WebUiBuiltInKeywords.groovy:4835)
	at Bed_Board_Filters.run(Bed_Board_Filters:31)
	at com.kms.katalon.core.main.ScriptEngine.run(ScriptEngine.java:194)
	at com.kms.katalon.core.main.ScriptEngine.runScriptAsRawText(ScriptEngine.java:119)
	at com.kms.katalon.core.main.TestCaseExecutor.runScript(TestCaseExecutor.java:448)
	at com.kms.katalon.core.main.TestCaseExecutor.doExecute(TestCaseExecutor.java:439)
	at com.kms.katalon.core.main.TestCaseExecutor.processExecutionPhase(TestCaseExecutor.java:418)
	at com.kms.katalon.core.main.TestCaseExecutor.accessMainPhase(TestCaseExecutor.java:410)
	at com.kms.katalon.core.main.TestCaseExecutor.execute(TestCaseExecutor.java:285)
	at com.kms.katalon.core.common.CommonExecutor.accessTestCaseMainPhase(CommonExecutor.java:65)
	at com.kms.katalon.core.main.TestSuiteExecutor.accessTestSuiteMainPhase(TestSuiteExecutor.java:150)
	at com.kms.katalon.core.main.TestSuiteExecutor.execute(TestSuiteExecutor.java:106)
	at com.kms.katalon.core.main.TestCaseMain.startTestSuite(TestCaseMain.java:180)
	at TempTestSuite1731518955887.run(TempTestSuite1731518955887.groovy:35)
	at java.base/jdk.internal.reflect.NativeMethodAccessorImpl.invoke0(Native Method)
	at java.base/jdk.internal.reflect.NativeMethodAccessorImpl.invoke(NativeMethodAccessorImpl.java:77)
	at java.base/jdk.internal.reflect.DelegatingMethodAccessorImpl.invoke(DelegatingMethodAccessorImpl.java:43)
Caused by: com.kms.katalon.core.exception.StepFailedException: Actual text 'Male' and expected text 'Female' of test object 'Object Repository/Specific Cases Repository/LS/Home/Census/Bed_Board/Page_Bed Board/span_Female' are NOT matched.
	at com.kms.katalon.core.webui.keyword.internal.WebUIKeywordMain.stepFailed(WebUIKeywordMain.groovy:117)
	at com.kms.katalon.core.webui.keyword.builtin.VerifyElementTextKeyword$_verifyElementText_closure1.doCall(VerifyElementTextKeyword.groovy:57)
	at com.kms.katalon.core.webui.keyword.builtin.VerifyElementTextKeyword$_verifyElementText_closure1.call(VerifyElementTextKeyword.groovy)
	at com.kms.katalon.core.webui.keyword.internal.WebUIKeywordMain.runKeyword(WebUIKeywordMain.groovy:35)
	... 20 more]]></system-out>
      <system-err><![CDATA[13-11-2024T12:37:15 - [TEST_SUITE][FAILED] - Census: Test Cases/Specific Cases/LS/General/Census/Bed Board/Bed_Board_Filters FAILED.
Reason:
com.kms.katalon.core.exception.StepFailedException: Verify element text of test object 'Object Repository/Specific Cases Repository/LS/Home/Census/Bed_Board/Page_Bed Board/span_Female' FAILED.
	at com.kms.katalon.core.webui.keyword.internal.WebUIKeywordMain.stepFailed(WebUIKeywordMain.groovy:117)
	at com.kms.katalon.core.webui.keyword.internal.WebUIKeywordMain.runKeyword(WebUIKeywordMain.groovy:43)
	at com.kms.katalon.core.webui.keyword.builtin.VerifyElementTextKeyword.verifyElementText(VerifyElementTextKeyword.groovy:72)
	at com.kms.katalon.core.webui.keyword.builtin.VerifyElementTextKeyword.execute(VerifyElementTextKeyword.groovy:40)
	at com.kms.katalon.core.keyword.internal.KeywordExecutor.executeKeywordForPlatform(KeywordExecutor.groovy:74)
	at com.kms.katalon.core.webui.keyword.WebUiBuiltInKeywords.verifyElementText(WebUiBuiltInKeywords.groovy:4835)
	at Bed_Board_Filters.run(Bed_Board_Filters:31)
	at com.kms.katalon.core.main.ScriptEngine.run(ScriptEngine.java:194)
	at com.kms.katalon.core.main.ScriptEngine.runScriptAsRawText(ScriptEngine.java:119)
	at com.kms.katalon.core.main.TestCaseExecutor.runScript(TestCaseExecutor.java:448)
	at com.kms.katalon.core.main.TestCaseExecutor.doExecute(TestCaseExecutor.java:439)
	at com.kms.katalon.core.main.TestCaseExecutor.processExecutionPhase(TestCaseExecutor.java:418)
	at com.kms.katalon.core.main.TestCaseExecutor.accessMainPhase(TestCaseExecutor.java:410)
	at com.kms.katalon.core.main.TestCaseExecutor.execute(TestCaseExecutor.java:285)
	at com.kms.katalon.core.common.CommonExecutor.accessTestCaseMainPhase(CommonExecutor.java:65)
	at com.kms.katalon.core.main.TestSuiteExecutor.accessTestSuiteMainPhase(TestSuiteExecutor.java:150)
	at com.kms.katalon.core.main.TestSuiteExecutor.execute(TestSuiteExecutor.java:106)
	at com.kms.katalon.core.main.TestCaseMain.startTestSuite(TestCaseMain.java:180)
	at TempTestSuite1731518955887.run(TempTestSuite1731518955887.groovy:35)
	at java.base/jdk.internal.reflect.NativeMethodAccessorImpl.invoke0(Native Method)
	at java.base/jdk.internal.reflect.NativeMethodAccessorImpl.invoke(NativeMethodAccessorImpl.java:77)
	at java.base/jdk.internal.reflect.DelegatingMethodAccessorImpl.invoke(DelegatingMethodAccessorImpl.java:43)
Caused by: com.kms.katalon.core.exception.StepFailedException: Actual text 'Male' and expected text 'Female' of test object 'Object Repository/Specific Cases Repository/LS/Home/Census/Bed_Board/Page_Bed Board/span_Female' are NOT matched.
	at com.kms.katalon.core.webui.keyword.internal.WebUIKeywordMain.stepFailed(WebUIKeywordMain.groovy:117)
	at com.kms.katalon.core.webui.keyword.builtin.VerifyElementTextKeyword$_verifyElementText_closure1.doCall(VerifyElementTextKeyword.groovy:57)
	at com.kms.katalon.core.webui.keyword.builtin.VerifyElementTextKeyword$_verifyElementText_closure1.call(VerifyElementTextKeyword.groovy)
	at com.kms.katalon.core.webui.keyword.internal.WebUIKeywordMain.runKeyword(WebUIKeywordMain.groovy:35)
	... 20 more]]></system-err>
   </testsuite>
</testsuites>
